<?xml version="1.0" encoding="UTF-8"?>
<testsuites tests="58" failures="4" errors="4" skipped="0">
  <testsuite timestamp="2025-05-01T17:07:58" time="898.065" tests="11" failures="0" errors="0" skipped="0">
    <properties>
      <property name="specId" value="0" />
      <property name="suiteName" value="Billing confirm US117289" />
      <property name="capabilities" value="chrome.135_0_7049_96.windows" />
      <property name="file" value="file:///D:/a/1/s/test/specs/BTS/billing-confirm.spec.js" />
    </properties>
    <testcase classname="chrome.135_0_7049_96.windows.Billing_confirm_US117289" name="Should create a new yard" time="102.658">
      <system-out><![CDATA[
COMMAND: POST /session/59389012155df3fc64e839119ed77469/window/fullscreen - {}
RESULT: {}
COMMAND: POST /session/59389012155df3fc64e839119ed77469/execute/async - {"script":"<script> [1562 bytes]","args":[{"selector":{"controlType":"sap.m.GenericTile","properties":{"header":"Manage Yards"}},"wdio_ui5_key":"sapm.GenericTile{\"header\":\"Manage Yards\"}"}]}
RESULT: {"script":"<script> [1562 bytes]","args":[{"selector":{"controlType":"sap.m.GenericTile","properties":{"header":"Manage Yards"}},"wdio_ui5_key":"sapm.GenericTile{\"header\":\"Manage Yards\"}"}]}
RESULT: undefined
COMMAND: POST /session/59389012155df3fc64e839119ed77469/element - {"using":"xpath","value":"//*[@id=\"__tile41\"]"}
RESULT: {"using":"xpath","value":"//*[@id=\"__tile41\"]"}
COMMAND: POST /session/59389012155df3fc64e839119ed77469/element/f.8420AFDB22D113F0275E61267E529F05.d.FB797AC71E549F319B90F95A87691FA5.e.146/click - {}
RESULT: {}
COMMAND: POST /session/59389012155df3fc64e839119ed77469/element - {"using":"xpath","value":"//button[@data-kt=\"addNewYardOverflowToolbarButton\"]"}
COMMAND: GET /session/59389012155df3fc64e839119ed77469/screenshot - {}
RESULT: {"using":"xpath","value":"//button[@data-kt=\"addNewYardOverflowToolbarButton\"]"}
COMMAND: POST /session/59389012155df3fc64e839119ed77469/elements - {"using":"xpath","value":"//button[@data-kt=\"addNewYardOverflowToolbarButton\"]"}
RESULT: {}
RESULT: {"using":"xpath","value":"//button[@data-kt=\"addNewYardOverflowToolbarButton\"]"}
COMMAND: POST /session/59389012155df3fc64e839119ed77469/elements - {"using":"xpath","value":"//button[@data-kt=\"addNewYardOverflowToolbarButton\"]"}
RESULT: {"using":"xpath","value":"//button[@data-kt=\"addNewYardOverflowToolbarButton\"]"}
COMMAND: POST /session/59389012155df3fc64e839119ed77469/elements - {"using":"xpath","value":"//button[@data-kt=\"addNewYardOverflowToolbarButton\"]"}
RESULT: {"using":"xpath","value":"//button[@data-kt=\"addNewYardOverflowToolbarButton\"]"}
COMMAND: POST /session/59389012155df3fc64e839119ed77469/elements - {"using":"xpath","value":"//button[@data-kt=\"addNewYardOverflowToolbarButton\"]"}
RESULT: {"using":"xpath","value":"//button[@data-kt=\"addNewYardOverflowToolbarButton\"]"}
COMMAND: POST /session/59389012155df3fc64e839119ed77469/elements - {"using":"xpath","value":"//button[@data-kt=\"addNewYardOverflowToolbarButton\"]"}
RESULT: {"using":"xpath","value":"//button[@data-kt=\"addNewYardOverflowToolbarButton\"]"}
COMMAND: POST /session/59389012155df3fc64e839119ed77469/elements - {"using":"xpath","value":"//button[@data-kt=\"addNewYardOverflowToolbarButton\"]"}
RESULT: {"using":"xpath","value":"//button[@data-kt=\"addNewYardOverflowToolbarButton\"]"}
COMMAND: POST /session/59389012155df3fc64e839119ed77469/elements - {"using":"xpath","value":"//button[@data-kt=\"addNewYardOverflowToolbarButton\"]"}
RESULT: {"using":"xpath","value":"//button[@data-kt=\"addNewYardOverflowToolbarButton\"]"}
COMMAND: POST /session/59389012155df3fc64e839119ed77469/elements - {"using":"xpath","value":"//button[@data-kt=\"addNewYardOverflowToolbarButton\"]"}
RESULT: {"using":"xpath","value":"//button[@data-kt=\"addNewYardOverflowToolbarButton\"]"}
COMMAND: POST /session/59389012155df3fc64e839119ed77469/elements - {"using":"xpath","value":"//button[@data-kt=\"addNewYardOverflowToolbarButton\"]"}
RESULT: {"using":"xpath","value":"//button[@data-kt=\"addNewYardOverflowToolbarButton\"]"}
COMMAND: POST /session/59389012155df3fc64e839119ed77469/elements - {"using":"xpath","value":"//button[@data-kt=\"addNewYardOverflowToolbarButton\"]"}
RESULT: {"using":"xpath","value":"//button[@data-kt=\"addNewYardOverflowToolbarButton\"]"}
COMMAND: POST /session/59389012155df3fc64e839119ed77469/elements - {"using":"xpath","value":"//button[@data-kt=\"addNewYardOverflowToolbarButton\"]"}
RESULT: {"using":"xpath","value":"//button[@data-kt=\"addNewYardOverflowToolbarButton\"]"}
COMMAND: POST /session/59389012155df3fc64e839119ed77469/elements - {"using":"xpath","value":"//button[@data-kt=\"addNewYardOverflowToolbarButton\"]"}
RESULT: {"using":"xpath","value":"//button[@data-kt=\"addNewYardOverflowToolbarButton\"]"}
COMMAND: POST /session/59389012155df3fc64e839119ed77469/elements - {"using":"xpath","value":"//button[@data-kt=\"addNewYardOverflowToolbarButton\"]"}
RESULT: {"using":"xpath","value":"//button[@data-kt=\"addNewYardOverflowToolbarButton\"]"}
COMMAND: POST /session/59389012155df3fc64e839119ed77469/elements - {"using":"xpath","value":"//button[@data-kt=\"addNewYardOverflowToolbarButton\"]"}
RESULT: {"using":"xpath","value":"//button[@data-kt=\"addNewYardOverflowToolbarButton\"]"}
COMMAND: POST /session/59389012155df3fc64e839119ed77469/elements - {"using":"xpath","value":"//button[@data-kt=\"addNewYardOverflowToolbarButton\"]"}
RESULT: {"using":"xpath","value":"//button[@data-kt=\"addNewYardOverflowToolbarButton\"]"}
COMMAND: POST /session/59389012155df3fc64e839119ed77469/elements - {"using":"xpath","value":"//button[@data-kt=\"addNewYardOverflowToolbarButton\"]"}
RESULT: {"using":"xpath","value":"//button[@data-kt=\"addNewYardOverflowToolbarButton\"]"}
COMMAND: POST /session/59389012155df3fc64e839119ed77469/elements - {"using":"xpath","value":"//button[@data-kt=\"addNewYardOverflowToolbarButton\"]"}
RESULT: {"using":"xpath","value":"//button[@data-kt=\"addNewYardOverflowToolbarButton\"]"}
COMMAND: POST /session/59389012155df3fc64e839119ed77469/elements - {"using":"xpath","value":"//button[@data-kt=\"addNewYardOverflowToolbarButton\"]"}
RESULT: {"using":"xpath","value":"//button[@data-kt=\"addNewYardOverflowToolbarButton\"]"}
COMMAND: POST /session/59389012155df3fc64e839119ed77469/elements - {"using":"xpath","value":"//button[@data-kt=\"addNewYardOverflowToolbarButton\"]"}
RESULT: {"using":"xpath","value":"//button[@data-kt=\"addNewYardOverflowToolbarButton\"]"}
COMMAND: POST /session/59389012155df3fc64e839119ed77469/elements - {"using":"xpath","value":"//button[@data-kt=\"addNewYardOverflowToolbarButton\"]"}
RESULT: {"using":"xpath","value":"//button[@data-kt=\"addNewYardOverflowToolbarButton\"]"}
COMMAND: POST /session/59389012155df3fc64e839119ed77469/elements - {"using":"xpath","value":"//button[@data-kt=\"addNewYardOverflowToolbarButton\"]"}
RESULT: {"using":"xpath","value":"//button[@data-kt=\"addNewYardOverflowToolbarButton\"]"}
COMMAND: POST /session/59389012155df3fc64e839119ed77469/elements - {"using":"xpath","value":"//button[@data-kt=\"addNewYardOverflowToolbarButton\"]"}
RESULT: {"using":"xpath","value":"//button[@data-kt=\"addNewYardOverflowToolbarButton\"]"}
COMMAND: POST /session/59389012155df3fc64e839119ed77469/elements - {"using":"xpath","value":"//button[@data-kt=\"addNewYardOverflowToolbarButton\"]"}
RESULT: {"using":"xpath","value":"//button[@data-kt=\"addNewYardOverflowToolbarButton\"]"}
COMMAND: POST /session/59389012155df3fc64e839119ed77469/elements - {"using":"xpath","value":"//button[@data-kt=\"addNewYardOverflowToolbarButton\"]"}
RESULT: {"using":"xpath","value":"//button[@data-kt=\"addNewYardOverflowToolbarButton\"]"}
COMMAND: POST /session/59389012155df3fc64e839119ed77469/elements - {"using":"xpath","value":"//button[@data-kt=\"addNewYardOverflowToolbarButton\"]"}
RESULT: {"using":"xpath","value":"//button[@data-kt=\"addNewYardOverflowToolbarButton\"]"}
COMMAND: POST /session/59389012155df3fc64e839119ed77469/elements - {"using":"xpath","value":"//button[@data-kt=\"addNewYardOverflowToolbarButton\"]"}
RESULT: {"using":"xpath","value":"//button[@data-kt=\"addNewYardOverflowToolbarButton\"]"}
COMMAND: POST /session/59389012155df3fc64e839119ed77469/elements - {"using":"xpath","value":"//button[@data-kt=\"addNewYardOverflowToolbarButton\"]"}
RESULT: {"using":"xpath","value":"//button[@data-kt=\"addNewYardOverflowToolbarButton\"]"}
COMMAND: POST /session/59389012155df3fc64e839119ed77469/elements - {"using":"xpath","value":"//button[@data-kt=\"addNewYardOverflowToolbarButton\"]"}
RESULT: {"using":"xpath","value":"//button[@data-kt=\"addNewYardOverflowToolbarButton\"]"}
COMMAND: POST /session/59389012155df3fc64e839119ed77469/elements - {"using":"xpath","value":"//button[@data-kt=\"addNewYardOverflowToolbarButton\"]"}
RESULT: {"using":"xpath","value":"//button[@data-kt=\"addNewYardOverflowToolbarButton\"]"}
COMMAND: POST /session/59389012155df3fc64e839119ed77469/elements - {"using":"xpath","value":"//button[@data-kt=\"addNewYardOverflowToolbarButton\"]"}
RESULT: {"using":"xpath","value":"//button[@data-kt=\"addNewYardOverflowToolbarButton\"]"}
COMMAND: POST /session/59389012155df3fc64e839119ed77469/elements - {"using":"xpath","value":"//button[@data-kt=\"addNewYardOverflowToolbarButton\"]"}
RESULT: {"using":"xpath","value":"//button[@data-kt=\"addNewYardOverflowToolbarButton\"]"}
COMMAND: POST /session/59389012155df3fc64e839119ed77469/element - {"using":"xpath","value":"//button[@data-kt=\"addNewYardOverflowToolbarButton\"]"}
RESULT: {"using":"xpath","value":"//button[@data-kt=\"addNewYardOverflowToolbarButton\"]"}
COMMAND: POST /session/59389012155df3fc64e839119ed77469/execute/sync - {"script":"<script> [8489 bytes]","args":[{"element-6066-11e4-a52e-4f735466cecf":"f.8420AFDB22D113F0275E61267E529F05.d.FB797AC71E549F319B90F95A87691FA5.e.283","ELEMENT":"f.8420AFDB22D113F0275E61267E529F05.d.FB797AC71E549F319B90F95A87691FA5.e.283"}]}
RESULT: {"script":"<script> [8489 bytes]","args":[{"element-6066-11e4-a52e-4f735466cecf":"f.8420AFDB22D113F0275E61267E529F05.d.FB797AC71E549F319B90F95A87691FA5.e.283","ELEMENT":"f.8420AFDB22D113F0275E61267E529F05.d.FB797AC71E549F319B90F95A87691FA5.e.283"}]}
COMMAND: GET /session/59389012155df3fc64e839119ed77469/element/f.8420AFDB22D113F0275E61267E529F05.d.FB797AC71E549F319B90F95A87691FA5.e.283/enabled - {}
COMMAND: GET /session/59389012155df3fc64e839119ed77469/screenshot - {}
RESULT: {}
COMMAND: POST /session/59389012155df3fc64e839119ed77469/execute/sync - {"script":"<script> [8489 bytes]","args":[{"element-6066-11e4-a52e-4f735466cecf":"f.8420AFDB22D113F0275E61267E529F05.d.FB797AC71E549F319B90F95A87691FA5.e.283","ELEMENT":"f.8420AFDB22D113F0275E61267E529F05.d.FB797AC71E549F319B90F95A87691FA5.e.283"}]}
COMMAND: GET /session/59389012155df3fc64e839119ed77469/screenshot - {}
RESULT: {}
RESULT: {"script":"<script> [8489 bytes]","args":[{"element-6066-11e4-a52e-4f735466cecf":"f.8420AFDB22D113F0275E61267E529F05.d.FB797AC71E549F319B90F95A87691FA5.e.283","ELEMENT":"f.8420AFDB22D113F0275E61267E529F05.d.FB797AC71E549F319B90F95A87691FA5.e.283"}]}
COMMAND: POST /session/59389012155df3fc64e839119ed77469/execute/sync - {"script":"<script> [5351 bytes]","args":[{"element-6066-11e4-a52e-4f735466cecf":"f.8420AFDB22D113F0275E61267E529F05.d.FB797AC71E549F319B90F95A87691FA5.e.283","ELEMENT":"f.8420AFDB22D113F0275E61267E529F05.d.FB797AC71E549F319B90F95A87691FA5.e.283"}]}
COMMAND: GET /session/59389012155df3fc64e839119ed77469/screenshot - {}
RESULT: {}
RESULT: {"script":"<script> [5351 bytes]","args":[{"element-6066-11e4-a52e-4f735466cecf":"f.8420AFDB22D113F0275E61267E529F05.d.FB797AC71E549F319B90F95A87691FA5.e.283","ELEMENT":"f.8420AFDB22D113F0275E61267E529F05.d.FB797AC71E549F319B90F95A87691FA5.e.283"}]}
COMMAND: POST /session/59389012155df3fc64e839119ed77469/element/f.8420AFDB22D113F0275E61267E529F05.d.FB797AC71E549F319B90F95A87691FA5.e.283/click - {}
COMMAND: GET /session/59389012155df3fc64e839119ed77469/screenshot - {}
RESULT: {}
RESULT: {}
COMMAND: GET /session/59389012155df3fc64e839119ed77469/screenshot - {}
RESULT: {}
COMMAND: POST /session/59389012155df3fc64e839119ed77469/element - {"using":"xpath","value":"//input[@id=\"application-manageyards-display-component---NewYard--yardId-inner\"]"}
RESULT: {}
RESULT: {"using":"xpath","value":"//input[@id=\"application-manageyards-display-component---NewYard--yardId-inner\"]"}
COMMAND: POST /session/59389012155df3fc64e839119ed77469/element - {"using":"xpath","value":"//input[@id=\"application-manageyards-display-component---NewYard--yardId-inner\"]"}
RESULT: {"using":"xpath","value":"//input[@id=\"application-manageyards-display-component---NewYard--yardId-inner\"]"}
COMMAND: POST /session/59389012155df3fc64e839119ed77469/execute/async - {"script":"<script> [1562 bytes]","args":[{"selector":{"id":"application-manageyards-display-component---NewYard--addressDetailDetailsName1","interaction":{"idSuffix":"inner"}},"wdio_ui5_key":"applicationmanageyards-display-component---NewYard--addressDetailDetailsName1"}]}
RESULT: {"script":"<script> [1562 bytes]","args":[{"selector":{"id":"application-manageyards-display-component---NewYard--addressDetailDetailsName1","interaction":{"idSuffix":"inner"}},"wdio_ui5_key":"applicationmanageyards-display-component---NewYard--addressDetailDetailsName1"}]}
RESULT: undefined
COMMAND: POST /session/59389012155df3fc64e839119ed77469/execute/async - {"script":"<script> [776 bytes]","args":[{"enterText":"Intracompany Yard wdIO","selector":{"id":"application-manageyards-display-component---NewYard--addressDetailDetailsName1","interaction":{"idSuffix":"inner"}},"clearTextFirst":true,"interactionType":"ENTER_TEXT"}]}
RESULT: {"script":"<script> [776 bytes]","args":[{"enterText":"Intracompany Yard wdIO","selector":{"id":"application-manageyards-display-component---NewYard--addressDetailDetailsName1","interaction":{"idSuffix":"inner"}},"clearTextFirst":true,"interactionType":"ENTER_TEXT"}]}
COMMAND: POST /session/59389012155df3fc64e839119ed77469/execute/async - {"script":"<script> [1562 bytes]","args":[{"selector":{"id":"application-manageyards-display-component---NewYard--addressDetailDetailsLanguage-arrow"},"wdio_ui5_key":"applicationmanageyards-display-component---NewYard--addressDetailDetailsLanguage-arrow"}]}
RESULT: {"script":"<script> [1562 bytes]","args":[{"selector":{"id":"application-manageyards-display-component---NewYard--addressDetailDetailsLanguage-arrow"},"wdio_ui5_key":"applicationmanageyards-display-component---NewYard--addressDetailDetailsLanguage-arrow"}]}
RESULT: undefined
COMMAND: POST /session/59389012155df3fc64e839119ed77469/element - {"using":"xpath","value":"//*[@id=\"application-manageyards-display-component---NewYard--addressDetailDetailsLanguage-arrow\"]"}
RESULT: {"using":"xpath","value":"//*[@id=\"application-manageyards-display-component---NewYard--addressDetailDetailsLanguage-arrow\"]"}
COMMAND: POST /session/59389012155df3fc64e839119ed77469/element/f.8420AFDB22D113F0275E61267E529F05.d.FB797AC71E549F319B90F95A87691FA5.e.715/click - {}
RESULT: {}
COMMAND: POST /session/59389012155df3fc64e839119ed77469/element - {"using":"xpath","value":"//span[contains(text(), \"English\")]"}
COMMAND: GET /session/59389012155df3fc64e839119ed77469/screenshot - {}
RESULT: {}
RESULT: {"using":"xpath","value":"//span[contains(text(), \"English\")]"}
COMMAND: POST /session/59389012155df3fc64e839119ed77469/element/f.8420AFDB22D113F0275E61267E529F05.d.FB797AC71E549F319B90F95A87691FA5.e.716/click - {}
RESULT: {}
COMMAND: POST /session/59389012155df3fc64e839119ed77469/execute/async - {"script":"<script> [1562 bytes]","args":[{"selector":{"id":"application-manageyards-display-component---NewYard--addressDetailDetailsCity1","interaction":{"idSuffix":"inner"}},"wdio_ui5_key":"applicationmanageyards-display-component---NewYard--addressDetailDetailsCity1"}]}
COMMAND: GET /session/59389012155df3fc64e839119ed77469/screenshot - {}
RESULT: {"script":"<script> [1562 bytes]","args":[{"selector":{"id":"application-manageyards-display-component---NewYard--addressDetailDetailsCity1","interaction":{"idSuffix":"inner"}},"wdio_ui5_key":"applicationmanageyards-display-component---NewYard--addressDetailDetailsCity1"}]}
RESULT: undefined
COMMAND: POST /session/59389012155df3fc64e839119ed77469/execute/async - {"script":"<script> [776 bytes]","args":[{"enterText":"Rosario","selector":{"id":"application-manageyards-display-component---NewYard--addressDetailDetailsCity1","interaction":{"idSuffix":"inner"}},"clearTextFirst":true,"interactionType":"ENTER_TEXT"}]}
RESULT: {}
RESULT: {"script":"<script> [776 bytes]","args":[{"enterText":"Rosario","selector":{"id":"application-manageyards-display-component---NewYard--addressDetailDetailsCity1","interaction":{"idSuffix":"inner"}},"clearTextFirst":true,"interactionType":"ENTER_TEXT"}]}
COMMAND: POST /session/59389012155df3fc64e839119ed77469/execute/async - {"script":"<script> [1562 bytes]","args":[{"selector":{"id":"application-manageyards-display-component---NewYard--addressDetailDetailsCountry-arrow"},"wdio_ui5_key":"applicationmanageyards-display-component---NewYard--addressDetailDetailsCountry-arrow"}]}
RESULT: {"script":"<script> [1562 bytes]","args":[{"selector":{"id":"application-manageyards-display-component---NewYard--addressDetailDetailsCountry-arrow"},"wdio_ui5_key":"applicationmanageyards-display-component---NewYard--addressDetailDetailsCountry-arrow"}]}
RESULT: undefined
COMMAND: POST /session/59389012155df3fc64e839119ed77469/element - {"using":"xpath","value":"//*[@id=\"application-manageyards-display-component---NewYard--addressDetailDetailsCountry-arrow\"]"}
RESULT: {"using":"xpath","value":"//*[@id=\"application-manageyards-display-component---NewYard--addressDetailDetailsCountry-arrow\"]"}
COMMAND: POST /session/59389012155df3fc64e839119ed77469/element/f.8420AFDB22D113F0275E61267E529F05.d.FB797AC71E549F319B90F95A87691FA5.e.718/click - {}
RESULT: {}
COMMAND: POST /session/59389012155df3fc64e839119ed77469/element - {"using":"xpath","value":"//span[contains(text(), \"Argentina\")]"}
COMMAND: GET /session/59389012155df3fc64e839119ed77469/screenshot - {}
RESULT: {"using":"xpath","value":"//span[contains(text(), \"Argentina\")]"}
COMMAND: POST /session/59389012155df3fc64e839119ed77469/element/f.8420AFDB22D113F0275E61267E529F05.d.FB797AC71E549F319B90F95A87691FA5.e.720/click - {}
RESULT: {}
RESULT: {}
COMMAND: POST /session/59389012155df3fc64e839119ed77469/execute/async - {"script":"<script> [1562 bytes]","args":[{"selector":{"id":"application-manageyards-display-component---NewYard--addressEditDetailsCostObjectCstType-arrow"},"wdio_ui5_key":"applicationmanageyards-display-component---NewYard--addressEditDetailsCostObjectCstType-arrow"}]}
COMMAND: GET /session/59389012155df3fc64e839119ed77469/screenshot - {}
RESULT: {"script":"<script> [1562 bytes]","args":[{"selector":{"id":"application-manageyards-display-component---NewYard--addressEditDetailsCostObjectCstType-arrow"},"wdio_ui5_key":"applicationmanageyards-display-component---NewYard--addressEditDetailsCostObjectCstType-arrow"}]}
RESULT: undefined
COMMAND: POST /session/59389012155df3fc64e839119ed77469/element - {"using":"xpath","value":"//*[@id=\"application-manageyards-display-component---NewYard--addressEditDetailsCostObjectCstType-arrow\"]"}
RESULT: {}
RESULT: {"using":"xpath","value":"//*[@id=\"application-manageyards-display-component---NewYard--addressEditDetailsCostObjectCstType-arrow\"]"}
COMMAND: POST /session/59389012155df3fc64e839119ed77469/element/f.8420AFDB22D113F0275E61267E529F05.d.FB797AC71E549F319B90F95A87691FA5.e.721/click - {}
RESULT: {}
COMMAND: POST /session/59389012155df3fc64e839119ed77469/element - {"using":"xpath","value":"//span[contains(text(), \"Cost Center\")]"}
COMMAND: GET /session/59389012155df3fc64e839119ed77469/screenshot - {}
RESULT: {"using":"xpath","value":"//span[contains(text(), \"Cost Center\")]"}
COMMAND: POST /session/59389012155df3fc64e839119ed77469/element/f.8420AFDB22D113F0275E61267E529F05.d.FB797AC71E549F319B90F95A87691FA5.e.722/click - {}
RESULT: {}
RESULT: {}
COMMAND: GET /session/59389012155df3fc64e839119ed77469/screenshot - {}
RESULT: {}
COMMAND: POST /session/59389012155df3fc64e839119ed77469/element - {"using":"xpath","value":"//span[@id=\"application-manageyards-display-component---NewYard--addressNewCostObjectCstID-vhi\"]"}
RESULT: {"using":"xpath","value":"//span[@id=\"application-manageyards-display-component---NewYard--addressNewCostObjectCstID-vhi\"]"}
COMMAND: POST /session/59389012155df3fc64e839119ed77469/execute/sync - {"script":"<script> [8489 bytes]","args":[{"element-6066-11e4-a52e-4f735466cecf":"f.8420AFDB22D113F0275E61267E529F05.d.FB797AC71E549F319B90F95A87691FA5.e.726","ELEMENT":"f.8420AFDB22D113F0275E61267E529F05.d.FB797AC71E549F319B90F95A87691FA5.e.726"}]}
RESULT: {"script":"<script> [8489 bytes]","args":[{"element-6066-11e4-a52e-4f735466cecf":"f.8420AFDB22D113F0275E61267E529F05.d.FB797AC71E549F319B90F95A87691FA5.e.726","ELEMENT":"f.8420AFDB22D113F0275E61267E529F05.d.FB797AC71E549F319B90F95A87691FA5.e.726"}]}
COMMAND: POST /session/59389012155df3fc64e839119ed77469/execute/async - {"script":"<script> [1562 bytes]","args":[{"selector":{"id":"application-manageyards-display-component---NewYard--addressNewCostObjectCstID-vhi"},"wdio_ui5_key":"applicationmanageyards-display-component---NewYard--addressNewCostObjectCstID-vhi"}]}
COMMAND: GET /session/59389012155df3fc64e839119ed77469/screenshot - {}
RESULT: {"script":"<script> [1562 bytes]","args":[{"selector":{"id":"application-manageyards-display-component---NewYard--addressNewCostObjectCstID-vhi"},"wdio_ui5_key":"applicationmanageyards-display-component---NewYard--addressNewCostObjectCstID-vhi"}]}
RESULT: undefined
COMMAND: POST /session/59389012155df3fc64e839119ed77469/element - {"using":"xpath","value":"//*[@id=\"application-manageyards-display-component---NewYard--addressNewCostObjectCstID-vhi\"]"}
RESULT: {}
RESULT: {"using":"xpath","value":"//*[@id=\"application-manageyards-display-component---NewYard--addressNewCostObjectCstID-vhi\"]"}
COMMAND: POST /session/59389012155df3fc64e839119ed77469/element/f.8420AFDB22D113F0275E61267E529F05.d.FB797AC71E549F319B90F95A87691FA5.e.726/click - {}
RESULT: {}
COMMAND: GET /session/59389012155df3fc64e839119ed77469/screenshot - {}
RESULT: {}
COMMAND: POST /session/59389012155df3fc64e839119ed77469/execute/async - {"script":"<script> [1562 bytes]","args":[{"selector":{"controlType":"sap.m.SearchField","properties":{"placeholder":"Search"},"searchOpenDialogs":true,"interaction":{"idSuffix":"I"}},"wdio_ui5_key":"sapm.SearchField{\"placeholder\":\"Search\"}"}]}
RESULT: {"script":"<script> [1562 bytes]","args":[{"selector":{"controlType":"sap.m.SearchField","properties":{"placeholder":"Search"},"searchOpenDialogs":true,"interaction":{"idSuffix":"I"}},"wdio_ui5_key":"sapm.SearchField{\"placeholder\":\"Search\"}"}]}
RESULT: undefined
COMMAND: POST /session/59389012155df3fc64e839119ed77469/execute/async - {"script":"<script> [776 bytes]","args":[{"enterText":"10001013","selector":{"controlType":"sap.m.SearchField","properties":{"placeholder":"Search"},"searchOpenDialogs":true,"interaction":{"idSuffix":"I"}},"clearTextFirst":true,"interactionType":"ENTER_TEXT"}]}
RESULT: {"script":"<script> [776 bytes]","args":[{"enterText":"10001013","selector":{"controlType":"sap.m.SearchField","properties":{"placeholder":"Search"},"searchOpenDialogs":true,"interaction":{"idSuffix":"I"}},"clearTextFirst":true,"interactionType":"ENTER_TEXT"}]}
COMMAND: POST /session/59389012155df3fc64e839119ed77469/actions - {"actions":[{"id":"action1","type":"key","parameters":{},"actions":[{"type":"keyDown","value":"î€‡"},{"type":"pause","duration":10},{"type":"keyUp","value":"î€‡"}]}]}
RESULT: {"actions":[{"id":"action1","type":"key","parameters":{},"actions":[{"type":"keyDown","value":"î€‡"},{"type":"pause","duration":10},{"type":"keyUp","value":"î€‡"}]}]}
COMMAND: GET /session/59389012155df3fc64e839119ed77469/screenshot - {}
RESULT: {}
COMMAND: POST /session/59389012155df3fc64e839119ed77469/element - {"using":"xpath","value":"//span[contains(text(), \"General Management\")]"}
RESULT: {"using":"xpath","value":"//span[contains(text(), \"General Management\")]"}
COMMAND: POST /session/59389012155df3fc64e839119ed77469/element/f.8420AFDB22D113F0275E61267E529F05.d.FB797AC71E549F319B90F95A87691FA5.e.766/click - {}
RESULT: {}
COMMAND: GET /session/59389012155df3fc64e839119ed77469/screenshot - {}
RESULT: {}
COMMAND: POST /session/59389012155df3fc64e839119ed77469/element - {"using":"xpath","value":"//bdi[contains(text(), \"OK\")]"}
RESULT: {"using":"xpath","value":"//bdi[contains(text(), \"OK\")]"}
COMMAND: POST /session/59389012155df3fc64e839119ed77469/element/f.8420AFDB22D113F0275E61267E529F05.d.FB797AC71E549F319B90F95A87691FA5.e.767/click - {}
RESULT: {}
COMMAND: GET /session/59389012155df3fc64e839119ed77469/screenshot - {}
RESULT: {}
COMMAND: POST /session/59389012155df3fc64e839119ed77469/execute/async - {"script":"<script> [1562 bytes]","args":[{"selector":{"id":"application-manageyards-display-component---NewYard--addressEditDetailsCurrency-arrow"},"wdio_ui5_key":"applicationmanageyards-display-component---NewYard--addressEditDetailsCurrency-arrow"}]}
RESULT: {"script":"<script> [1562 bytes]","args":[{"selector":{"id":"application-manageyards-display-component---NewYard--addressEditDetailsCurrency-arrow"},"wdio_ui5_key":"applicationmanageyards-display-component---NewYard--addressEditDetailsCurrency-arrow"}]}
RESULT: undefined
COMMAND: POST /session/59389012155df3fc64e839119ed77469/element - {"using":"xpath","value":"//*[@id=\"application-manageyards-display-component---NewYard--addressEditDetailsCurrency-arrow\"]"}
RESULT: {"using":"xpath","value":"//*[@id=\"application-manageyards-display-component---NewYard--addressEditDetailsCurrency-arrow\"]"}
COMMAND: POST /session/59389012155df3fc64e839119ed77469/element/f.8420AFDB22D113F0275E61267E529F05.d.FB797AC71E549F319B90F95A87691FA5.e.770/click - {}
RESULT: {}
COMMAND: POST /session/59389012155df3fc64e839119ed77469/element - {"using":"xpath","value":"//span[contains(text(), \"Euro\")]"}
COMMAND: GET /session/59389012155df3fc64e839119ed77469/screenshot - {}
RESULT: {"using":"xpath","value":"//span[contains(text(), \"Euro\")]"}
COMMAND: POST /session/59389012155df3fc64e839119ed77469/element/f.8420AFDB22D113F0275E61267E529F05.d.FB797AC71E549F319B90F95A87691FA5.e.771/click - {}
RESULT: {}
RESULT: {}
COMMAND: POST /session/59389012155df3fc64e839119ed77469/execute/async - {"script":"<script> [1562 bytes]","args":[{"selector":{"controlType":"sap.m.Input","viewName":"etm.portal.ui.manageyards.view.New","viewId":"application-manageyards-display-component---NewYard","bindingPath":{"path":"","propertyPath":"/CONTROLLING_AREA","modelName":"NewYardModel"},"interaction":{"idSuffix":"inner"}},"wdio_ui5_key":"etmportal.ui.manageyards.view.Newsap.m.Input{\"path\":\"\",\"propertyPath\":\"/CONTROLLING_AREA\",\"modelName\":\"NewYardModel\"}"}]}
COMMAND: GET /session/59389012155df3fc64e839119ed77469/screenshot - {}
RESULT: {"script":"<script> [1562 bytes]","args":[{"selector":{"controlType":"sap.m.Input","viewName":"etm.portal.ui.manageyards.view.New","viewId":"application-manageyards-display-component---NewYard","bindingPath":{"path":"","propertyPath":"/CONTROLLING_AREA","modelName":"NewYardModel"},"interaction":{"idSuffix":"inner"}},"wdio_ui5_key":"etmportal.ui.manageyards.view.Newsap.m.Input{\"path\":\"\",\"propertyPath\":\"/CONTROLLING_AREA\",\"modelName\":\"NewYardModel\"}"}]}
RESULT: undefined
COMMAND: POST /session/59389012155df3fc64e839119ed77469/execute/async - {"script":"<script> [776 bytes]","args":[{"enterText":"Z001","selector":{"controlType":"sap.m.Input","viewName":"etm.portal.ui.manageyards.view.New","viewId":"application-manageyards-display-component---NewYard","bindingPath":{"path":"","propertyPath":"/CONTROLLING_AREA","modelName":"NewYardModel"},"interaction":{"idSuffix":"inner"}},"clearTextFirst":true,"interactionType":"ENTER_TEXT"}]}
RESULT: {}
RESULT: {"script":"<script> [776 bytes]","args":[{"enterText":"Z001","selector":{"controlType":"sap.m.Input","viewName":"etm.portal.ui.manageyards.view.New","viewId":"application-manageyards-display-component---NewYard","bindingPath":{"path":"","propertyPath":"/CONTROLLING_AREA","modelName":"NewYardModel"},"interaction":{"idSuffix":"inner"}},"clearTextFirst":true,"interactionType":"ENTER_TEXT"}]}
COMMAND: POST /session/59389012155df3fc64e839119ed77469/execute/async - {"script":"<script> [1562 bytes]","args":[{"selector":{"id":"application-manageyards-display-component---NewYard--companyCodeComboBox","interaction":{"idSuffix":"inner"}},"wdio_ui5_key":"applicationmanageyards-display-component---NewYard--companyCodeComboBox"}]}
RESULT: {"script":"<script> [1562 bytes]","args":[{"selector":{"id":"application-manageyards-display-component---NewYard--companyCodeComboBox","interaction":{"idSuffix":"inner"}},"wdio_ui5_key":"applicationmanageyards-display-component---NewYard--companyCodeComboBox"}]}
RESULT: undefined
COMMAND: POST /session/59389012155df3fc64e839119ed77469/execute/async - {"script":"<script> [776 bytes]","args":[{"enterText":"1000","selector":{"id":"application-manageyards-display-component---NewYard--companyCodeComboBox","interaction":{"idSuffix":"inner"}},"clearTextFirst":true,"interactionType":"ENTER_TEXT"}]}
RESULT: {"script":"<script> [776 bytes]","args":[{"enterText":"1000","selector":{"id":"application-manageyards-display-component---NewYard--companyCodeComboBox","interaction":{"idSuffix":"inner"}},"clearTextFirst":true,"interactionType":"ENTER_TEXT"}]}
COMMAND: POST /session/59389012155df3fc64e839119ed77469/execute/async - {"script":"<script> [1562 bytes]","args":[{"selector":{"controlType":"sap.m.Input","viewName":"etm.portal.ui.manageyards.view.New","viewId":"application-manageyards-display-component---NewYard","bindingPath":{"path":"","propertyPath":"/PLANT","modelName":"NewYardModel"},"interaction":{"idSuffix":"inner"}},"wdio_ui5_key":"etmportal.ui.manageyards.view.Newsap.m.Input{\"path\":\"\",\"propertyPath\":\"/PLANT\",\"modelName\":\"NewYardModel\"}"}]}
RESULT: {"script":"<script> [1562 bytes]","args":[{"selector":{"controlType":"sap.m.Input","viewName":"etm.portal.ui.manageyards.view.New","viewId":"application-manageyards-display-component---NewYard","bindingPath":{"path":"","propertyPath":"/PLANT","modelName":"NewYardModel"},"interaction":{"idSuffix":"inner"}},"wdio_ui5_key":"etmportal.ui.manageyards.view.Newsap.m.Input{\"path\":\"\",\"propertyPath\":\"/PLANT\",\"modelName\":\"NewYardModel\"}"}]}
RESULT: undefined
COMMAND: POST /session/59389012155df3fc64e839119ed77469/execute/async - {"script":"<script> [776 bytes]","args":[{"enterText":"1001","selector":{"controlType":"sap.m.Input","viewName":"etm.portal.ui.manageyards.view.New","viewId":"application-manageyards-display-component---NewYard","bindingPath":{"path":"","propertyPath":"/PLANT","modelName":"NewYardModel"},"interaction":{"idSuffix":"inner"}},"clearTextFirst":true,"interactionType":"ENTER_TEXT"}]}
RESULT: {"script":"<script> [776 bytes]","args":[{"enterText":"1001","selector":{"controlType":"sap.m.Input","viewName":"etm.portal.ui.manageyards.view.New","viewId":"application-manageyards-display-component---NewYard","bindingPath":{"path":"","propertyPath":"/PLANT","modelName":"NewYardModel"},"interaction":{"idSuffix":"inner"}},"clearTextFirst":true,"interactionType":"ENTER_TEXT"}]}
COMMAND: POST /session/59389012155df3fc64e839119ed77469/execute/async - {"script":"<script> [1562 bytes]","args":[{"selector":{"controlType":"sap.m.Input","viewName":"etm.portal.ui.manageyards.view.New","viewId":"application-manageyards-display-component---NewYard","bindingPath":{"path":"","propertyPath":"/SALES_AREA_VKORG","modelName":"NewYardModel"},"interaction":{"idSuffix":"inner"}},"wdio_ui5_key":"etmportal.ui.manageyards.view.Newsap.m.Input{\"path\":\"\",\"propertyPath\":\"/SALES_AREA_VKORG\",\"modelName\":\"NewYardModel\"}"}]}
RESULT: {"script":"<script> [1562 bytes]","args":[{"selector":{"controlType":"sap.m.Input","viewName":"etm.portal.ui.manageyards.view.New","viewId":"application-manageyards-display-component---NewYard","bindingPath":{"path":"","propertyPath":"/SALES_AREA_VKORG","modelName":"NewYardModel"},"interaction":{"idSuffix":"inner"}},"wdio_ui5_key":"etmportal.ui.manageyards.view.Newsap.m.Input{\"path\":\"\",\"propertyPath\":\"/SALES_AREA_VKORG\",\"modelName\":\"NewYardModel\"}"}]}
RESULT: undefined
COMMAND: POST /session/59389012155df3fc64e839119ed77469/execute/async - {"script":"<script> [776 bytes]","args":[{"enterText":"C002","selector":{"controlType":"sap.m.Input","viewName":"etm.portal.ui.manageyards.view.New","viewId":"application-manageyards-display-component---NewYard","bindingPath":{"path":"","propertyPath":"/SALES_AREA_VKORG","modelName":"NewYardModel"},"interaction":{"idSuffix":"inner"}},"clearTextFirst":true,"interactionType":"ENTER_TEXT"}]}
RESULT: {"script":"<script> [776 bytes]","args":[{"enterText":"C002","selector":{"controlType":"sap.m.Input","viewName":"etm.portal.ui.manageyards.view.New","viewId":"application-manageyards-display-component---NewYard","bindingPath":{"path":"","propertyPath":"/SALES_AREA_VKORG","modelName":"NewYardModel"},"interaction":{"idSuffix":"inner"}},"clearTextFirst":true,"interactionType":"ENTER_TEXT"}]}
COMMAND: POST /session/59389012155df3fc64e839119ed77469/execute/async - {"script":"<script> [1562 bytes]","args":[{"selector":{"controlType":"sap.m.Input","viewName":"etm.portal.ui.manageyards.view.New","viewId":"application-manageyards-display-component---NewYard","bindingPath":{"path":"","propertyPath":"/SALES_AREA_VTWEG","modelName":"NewYardModel"},"interaction":{"idSuffix":"inner"}},"wdio_ui5_key":"etmportal.ui.manageyards.view.Newsap.m.Input{\"path\":\"\",\"propertyPath\":\"/SALES_AREA_VTWEG\",\"modelName\":\"NewYardModel\"}"}]}
RESULT: {"script":"<script> [1562 bytes]","args":[{"selector":{"controlType":"sap.m.Input","viewName":"etm.portal.ui.manageyards.view.New","viewId":"application-manageyards-display-component---NewYard","bindingPath":{"path":"","propertyPath":"/SALES_AREA_VTWEG","modelName":"NewYardModel"},"interaction":{"idSuffix":"inner"}},"wdio_ui5_key":"etmportal.ui.manageyards.view.Newsap.m.Input{\"path\":\"\",\"propertyPath\":\"/SALES_AREA_VTWEG\",\"modelName\":\"NewYardModel\"}"}]}
RESULT: undefined
COMMAND: POST /session/59389012155df3fc64e839119ed77469/execute/async - {"script":"<script> [776 bytes]","args":[{"enterText":"C2","selector":{"controlType":"sap.m.Input","viewName":"etm.portal.ui.manageyards.view.New","viewId":"application-manageyards-display-component---NewYard","bindingPath":{"path":"","propertyPath":"/SALES_AREA_VTWEG","modelName":"NewYardModel"},"interaction":{"idSuffix":"inner"}},"clearTextFirst":true,"interactionType":"ENTER_TEXT"}]}
RESULT: {"script":"<script> [776 bytes]","args":[{"enterText":"C2","selector":{"controlType":"sap.m.Input","viewName":"etm.portal.ui.manageyards.view.New","viewId":"application-manageyards-display-component---NewYard","bindingPath":{"path":"","propertyPath":"/SALES_AREA_VTWEG","modelName":"NewYardModel"},"interaction":{"idSuffix":"inner"}},"clearTextFirst":true,"interactionType":"ENTER_TEXT"}]}
COMMAND: POST /session/59389012155df3fc64e839119ed77469/execute/async - {"script":"<script> [1562 bytes]","args":[{"selector":{"controlType":"sap.m.Input","viewName":"etm.portal.ui.manageyards.view.New","viewId":"application-manageyards-display-component---NewYard","bindingPath":{"path":"","propertyPath":"/SALES_AREA_SPART","modelName":"NewYardModel"},"interaction":{"idSuffix":"inner"}},"wdio_ui5_key":"etmportal.ui.manageyards.view.Newsap.m.Input{\"path\":\"\",\"propertyPath\":\"/SALES_AREA_SPART\",\"modelName\":\"NewYardModel\"}"}]}
RESULT: {"script":"<script> [1562 bytes]","args":[{"selector":{"controlType":"sap.m.Input","viewName":"etm.portal.ui.manageyards.view.New","viewId":"application-manageyards-display-component---NewYard","bindingPath":{"path":"","propertyPath":"/SALES_AREA_SPART","modelName":"NewYardModel"},"interaction":{"idSuffix":"inner"}},"wdio_ui5_key":"etmportal.ui.manageyards.view.Newsap.m.Input{\"path\":\"\",\"propertyPath\":\"/SALES_AREA_SPART\",\"modelName\":\"NewYardModel\"}"}]}
RESULT: undefined
COMMAND: POST /session/59389012155df3fc64e839119ed77469/execute/async - {"script":"<script> [776 bytes]","args":[{"enterText":"C2","selector":{"controlType":"sap.m.Input","viewName":"etm.portal.ui.manageyards.view.New","viewId":"application-manageyards-display-component---NewYard","bindingPath":{"path":"","propertyPath":"/SALES_AREA_SPART","modelName":"NewYardModel"},"interaction":{"idSuffix":"inner"}},"clearTextFirst":true,"interactionType":"ENTER_TEXT"}]}
RESULT: {"script":"<script> [776 bytes]","args":[{"enterText":"C2","selector":{"controlType":"sap.m.Input","viewName":"etm.portal.ui.manageyards.view.New","viewId":"application-manageyards-display-component---NewYard","bindingPath":{"path":"","propertyPath":"/SALES_AREA_SPART","modelName":"NewYardModel"},"interaction":{"idSuffix":"inner"}},"clearTextFirst":true,"interactionType":"ENTER_TEXT"}]}
COMMAND: POST /session/59389012155df3fc64e839119ed77469/execute/async - {"script":"<script> [1562 bytes]","args":[{"selector":{"controlType":"sap.m.Input","viewName":"etm.portal.ui.manageyards.view.New","viewId":"application-manageyards-display-component---NewYard","bindingPath":{"path":"","propertyPath":"/SHIP_POINT","modelName":"NewYardModel"},"interaction":{"idSuffix":"inner"}},"wdio_ui5_key":"etmportal.ui.manageyards.view.Newsap.m.Input{\"path\":\"\",\"propertyPath\":\"/SHIP_POINT\",\"modelName\":\"NewYardModel\"}"}]}
RESULT: {"script":"<script> [1562 bytes]","args":[{"selector":{"controlType":"sap.m.Input","viewName":"etm.portal.ui.manageyards.view.New","viewId":"application-manageyards-display-component---NewYard","bindingPath":{"path":"","propertyPath":"/SHIP_POINT","modelName":"NewYardModel"},"interaction":{"idSuffix":"inner"}},"wdio_ui5_key":"etmportal.ui.manageyards.view.Newsap.m.Input{\"path\":\"\",\"propertyPath\":\"/SHIP_POINT\",\"modelName\":\"NewYardModel\"}"}]}
RESULT: undefined
COMMAND: POST /session/59389012155df3fc64e839119ed77469/execute/async - {"script":"<script> [776 bytes]","args":[{"enterText":"1710","selector":{"controlType":"sap.m.Input","viewName":"etm.portal.ui.manageyards.view.New","viewId":"application-manageyards-display-component---NewYard","bindingPath":{"path":"","propertyPath":"/SHIP_POINT","modelName":"NewYardModel"},"interaction":{"idSuffix":"inner"}},"clearTextFirst":true,"interactionType":"ENTER_TEXT"}]}
RESULT: {"script":"<script> [776 bytes]","args":[{"enterText":"1710","selector":{"controlType":"sap.m.Input","viewName":"etm.portal.ui.manageyards.view.New","viewId":"application-manageyards-display-component---NewYard","bindingPath":{"path":"","propertyPath":"/SHIP_POINT","modelName":"NewYardModel"},"interaction":{"idSuffix":"inner"}},"clearTextFirst":true,"interactionType":"ENTER_TEXT"}]}
COMMAND: POST /session/59389012155df3fc64e839119ed77469/execute/async - {"script":"<script> [1562 bytes]","args":[{"selector":{"controlType":"sap.m.Input","viewName":"etm.portal.ui.manageyards.view.New","viewId":"application-manageyards-display-component---NewYard","bindingPath":{"path":"","propertyPath":"/DELIVERY_TYPE","modelName":"NewYardModel"},"interaction":{"idSuffix":"inner"}},"wdio_ui5_key":"etmportal.ui.manageyards.view.Newsap.m.Input{\"path\":\"\",\"propertyPath\":\"/DELIVERY_TYPE\",\"modelName\":\"NewYardModel\"}"}]}
RESULT: {"script":"<script> [1562 bytes]","args":[{"selector":{"controlType":"sap.m.Input","viewName":"etm.portal.ui.manageyards.view.New","viewId":"application-manageyards-display-component---NewYard","bindingPath":{"path":"","propertyPath":"/DELIVERY_TYPE","modelName":"NewYardModel"},"interaction":{"idSuffix":"inner"}},"wdio_ui5_key":"etmportal.ui.manageyards.view.Newsap.m.Input{\"path\":\"\",\"propertyPath\":\"/DELIVERY_TYPE\",\"modelName\":\"NewYardModel\"}"}]}
RESULT: undefined
COMMAND: POST /session/59389012155df3fc64e839119ed77469/execute/async - {"script":"<script> [776 bytes]","args":[{"enterText":"ZL01","selector":{"controlType":"sap.m.Input","viewName":"etm.portal.ui.manageyards.view.New","viewId":"application-manageyards-display-component---NewYard","bindingPath":{"path":"","propertyPath":"/DELIVERY_TYPE","modelName":"NewYardModel"},"interaction":{"idSuffix":"inner"}},"clearTextFirst":true,"interactionType":"ENTER_TEXT"}]}
RESULT: {"script":"<script> [776 bytes]","args":[{"enterText":"ZL01","selector":{"controlType":"sap.m.Input","viewName":"etm.portal.ui.manageyards.view.New","viewId":"application-manageyards-display-component---NewYard","bindingPath":{"path":"","propertyPath":"/DELIVERY_TYPE","modelName":"NewYardModel"},"interaction":{"idSuffix":"inner"}},"clearTextFirst":true,"interactionType":"ENTER_TEXT"}]}
COMMAND: POST /session/59389012155df3fc64e839119ed77469/execute/async - {"script":"<script> [1562 bytes]","args":[{"selector":{"controlType":"sap.m.Input","viewName":"etm.portal.ui.manageyards.view.New","viewId":"application-manageyards-display-component---NewYard","bindingPath":{"path":"","propertyPath":"/AUART","modelName":"NewYardModel"},"interaction":{"idSuffix":"inner"}},"wdio_ui5_key":"etmportal.ui.manageyards.view.Newsap.m.Input{\"path\":\"\",\"propertyPath\":\"/AUART\",\"modelName\":\"NewYardModel\"}"}]}
RESULT: {"script":"<script> [1562 bytes]","args":[{"selector":{"controlType":"sap.m.Input","viewName":"etm.portal.ui.manageyards.view.New","viewId":"application-manageyards-display-component---NewYard","bindingPath":{"path":"","propertyPath":"/AUART","modelName":"NewYardModel"},"interaction":{"idSuffix":"inner"}},"wdio_ui5_key":"etmportal.ui.manageyards.view.Newsap.m.Input{\"path\":\"\",\"propertyPath\":\"/AUART\",\"modelName\":\"NewYardModel\"}"}]}
RESULT: undefined
COMMAND: POST /session/59389012155df3fc64e839119ed77469/execute/async - {"script":"<script> [776 bytes]","args":[{"enterText":"TA","selector":{"controlType":"sap.m.Input","viewName":"etm.portal.ui.manageyards.view.New","viewId":"application-manageyards-display-component---NewYard","bindingPath":{"path":"","propertyPath":"/AUART","modelName":"NewYardModel"},"interaction":{"idSuffix":"inner"}},"clearTextFirst":true,"interactionType":"ENTER_TEXT"}]}
RESULT: {"script":"<script> [776 bytes]","args":[{"enterText":"TA","selector":{"controlType":"sap.m.Input","viewName":"etm.portal.ui.manageyards.view.New","viewId":"application-manageyards-display-component---NewYard","bindingPath":{"path":"","propertyPath":"/AUART","modelName":"NewYardModel"},"interaction":{"idSuffix":"inner"}},"clearTextFirst":true,"interactionType":"ENTER_TEXT"}]}
COMMAND: POST /session/59389012155df3fc64e839119ed77469/element - {"using":"xpath","value":"//button[@data-kt=\"newYardSaveButton\"]"}
RESULT: {"using":"xpath","value":"//button[@data-kt=\"newYardSaveButton\"]"}
COMMAND: POST /session/59389012155df3fc64e839119ed77469/element/f.8420AFDB22D113F0275E61267E529F05.d.FB797AC71E549F319B90F95A87691FA5.e.680/click - {}
RESULT: {}
COMMAND: GET /session/59389012155df3fc64e839119ed77469/screenshot - {}
RESULT: {}
COMMAND: POST /session/59389012155df3fc64e839119ed77469/element - {"using":"xpath","value":"//header[contains(@id, 'ObjectPageLayout-headerTitle')]/div[1]/div[2]/div[1]/span[1]"}
RESULT: {"using":"xpath","value":"//header[contains(@id, 'ObjectPageLayout-headerTitle')]/div[1]/div[2]/div[1]/span[1]"}
COMMAND: POST /session/59389012155df3fc64e839119ed77469/elements - {"using":"xpath","value":"//header[contains(@id, 'ObjectPageLayout-headerTitle')]/div[1]/div[2]/div[1]/span[1]"}
RESULT: {"using":"xpath","value":"//header[contains(@id, 'ObjectPageLayout-headerTitle')]/div[1]/div[2]/div[1]/span[1]"}
COMMAND: POST /session/59389012155df3fc64e839119ed77469/execute/sync - {"script":"<script> [56 bytes]","args":[{"element-6066-11e4-a52e-4f735466cecf":"f.8420AFDB22D113F0275E61267E529F05.d.FB797AC71E549F319B90F95A87691FA5.e.998","ELEMENT":"f.8420AFDB22D113F0275E61267E529F05.d.FB797AC71E549F319B90F95A87691FA5.e.998"}]}
RESULT: {"script":"<script> [56 bytes]","args":[{"element-6066-11e4-a52e-4f735466cecf":"f.8420AFDB22D113F0275E61267E529F05.d.FB797AC71E549F319B90F95A87691FA5.e.998","ELEMENT":"f.8420AFDB22D113F0275E61267E529F05.d.FB797AC71E549F319B90F95A87691FA5.e.998"}]}
COMMAND: GET /session/59389012155df3fc64e839119ed77469/screenshot - {}
RESULT: {}
COMMAND: POST /session/59389012155df3fc64e839119ed77469/element - {"using":"css selector","value":"#shell-header-logo"}
RESULT: {"using":"css selector","value":"#shell-header-logo"}
COMMAND: POST /session/59389012155df3fc64e839119ed77469/element/f.8420AFDB22D113F0275E61267E529F05.d.FB797AC71E549F319B90F95A87691FA5.e.250/click - {}
RESULT: {}
COMMAND: GET /session/59389012155df3fc64e839119ed77469/screenshot - {}
RESULT: {}
COMMAND: POST /session/59389012155df3fc64e839119ed77469/execute/sync - {"script":"<script> [299 bytes]","args":[["getModel","getResource"]]}
RESULT: {"script":"<script> [299 bytes]","args":[["getModel","getResource"]]}
]]></system-out>
    </testcase>
    <testcase classname="chrome.135_0_7049_96.windows.Billing_confirm_US117289" name="Should create a new partner" time="117.121">
      <system-out><![CDATA[
COMMAND: POST /session/59389012155df3fc64e839119ed77469/window/fullscreen - {}
COMMAND: GET /session/59389012155df3fc64e839119ed77469/screenshot - {}
RESULT: {}
COMMAND: POST /session/59389012155df3fc64e839119ed77469/execute/async - {"script":"<script> [1562 bytes]","args":[{"selector":{"controlType":"sap.m.GenericTile","properties":{"header":"Manage Partners"}},"wdio_ui5_key":"sapm.GenericTile{\"header\":\"Manage Partners\"}"}]}
RESULT: {}
RESULT: {"script":"<script> [1562 bytes]","args":[{"selector":{"controlType":"sap.m.GenericTile","properties":{"header":"Manage Partners"}},"wdio_ui5_key":"sapm.GenericTile{\"header\":\"Manage Partners\"}"}]}
RESULT: undefined
COMMAND: POST /session/59389012155df3fc64e839119ed77469/element - {"using":"xpath","value":"//*[@id=\"__tile38\"]"}
RESULT: {"using":"xpath","value":"//*[@id=\"__tile38\"]"}
COMMAND: POST /session/59389012155df3fc64e839119ed77469/element/f.8420AFDB22D113F0275E61267E529F05.d.FB797AC71E549F319B90F95A87691FA5.e.137/click - {}
RESULT: {}
COMMAND: POST /session/59389012155df3fc64e839119ed77469/element - {"using":"xpath","value":"//button[@data-kt=\"addButton\"]"}
COMMAND: GET /session/59389012155df3fc64e839119ed77469/screenshot - {}
RESULT: {"using":"xpath","value":"//button[@data-kt=\"addButton\"]"}
COMMAND: POST /session/59389012155df3fc64e839119ed77469/elements - {"using":"xpath","value":"//button[@data-kt=\"addButton\"]"}
RESULT: {}
RESULT: {"using":"xpath","value":"//button[@data-kt=\"addButton\"]"}
COMMAND: POST /session/59389012155df3fc64e839119ed77469/elements - {"using":"xpath","value":"//button[@data-kt=\"addButton\"]"}
RESULT: {"using":"xpath","value":"//button[@data-kt=\"addButton\"]"}
COMMAND: POST /session/59389012155df3fc64e839119ed77469/elements - {"using":"xpath","value":"//button[@data-kt=\"addButton\"]"}
RESULT: {"using":"xpath","value":"//button[@data-kt=\"addButton\"]"}
COMMAND: POST /session/59389012155df3fc64e839119ed77469/elements - {"using":"xpath","value":"//button[@data-kt=\"addButton\"]"}
RESULT: {"using":"xpath","value":"//button[@data-kt=\"addButton\"]"}
COMMAND: POST /session/59389012155df3fc64e839119ed77469/elements - {"using":"xpath","value":"//button[@data-kt=\"addButton\"]"}
RESULT: {"using":"xpath","value":"//button[@data-kt=\"addButton\"]"}
COMMAND: POST /session/59389012155df3fc64e839119ed77469/elements - {"using":"xpath","value":"//button[@data-kt=\"addButton\"]"}
RESULT: {"using":"xpath","value":"//button[@data-kt=\"addButton\"]"}
COMMAND: POST /session/59389012155df3fc64e839119ed77469/elements - {"using":"xpath","value":"//button[@data-kt=\"addButton\"]"}
RESULT: {"using":"xpath","value":"//button[@data-kt=\"addButton\"]"}
COMMAND: POST /session/59389012155df3fc64e839119ed77469/elements - {"using":"xpath","value":"//button[@data-kt=\"addButton\"]"}
RESULT: {"using":"xpath","value":"//button[@data-kt=\"addButton\"]"}
COMMAND: POST /session/59389012155df3fc64e839119ed77469/elements - {"using":"xpath","value":"//button[@data-kt=\"addButton\"]"}
RESULT: {"using":"xpath","value":"//button[@data-kt=\"addButton\"]"}
COMMAND: POST /session/59389012155df3fc64e839119ed77469/elements - {"using":"xpath","value":"//button[@data-kt=\"addButton\"]"}
RESULT: {"using":"xpath","value":"//button[@data-kt=\"addButton\"]"}
COMMAND: POST /session/59389012155df3fc64e839119ed77469/elements - {"using":"xpath","value":"//button[@data-kt=\"addButton\"]"}
RESULT: {"using":"xpath","value":"//button[@data-kt=\"addButton\"]"}
COMMAND: POST /session/59389012155df3fc64e839119ed77469/elements - {"using":"xpath","value":"//button[@data-kt=\"addButton\"]"}
RESULT: {"using":"xpath","value":"//button[@data-kt=\"addButton\"]"}
COMMAND: POST /session/59389012155df3fc64e839119ed77469/elements - {"using":"xpath","value":"//button[@data-kt=\"addButton\"]"}
RESULT: {"using":"xpath","value":"//button[@data-kt=\"addButton\"]"}
COMMAND: POST /session/59389012155df3fc64e839119ed77469/elements - {"using":"xpath","value":"//button[@data-kt=\"addButton\"]"}
RESULT: {"using":"xpath","value":"//button[@data-kt=\"addButton\"]"}
COMMAND: POST /session/59389012155df3fc64e839119ed77469/elements - {"using":"xpath","value":"//button[@data-kt=\"addButton\"]"}
RESULT: {"using":"xpath","value":"//button[@data-kt=\"addButton\"]"}
COMMAND: POST /session/59389012155df3fc64e839119ed77469/elements - {"using":"xpath","value":"//button[@data-kt=\"addButton\"]"}
RESULT: {"using":"xpath","value":"//button[@data-kt=\"addButton\"]"}
COMMAND: POST /session/59389012155df3fc64e839119ed77469/elements - {"using":"xpath","value":"//button[@data-kt=\"addButton\"]"}
RESULT: {"using":"xpath","value":"//button[@data-kt=\"addButton\"]"}
COMMAND: POST /session/59389012155df3fc64e839119ed77469/element - {"using":"xpath","value":"//button[@data-kt=\"addButton\"]"}
RESULT: {"using":"xpath","value":"//button[@data-kt=\"addButton\"]"}
COMMAND: POST /session/59389012155df3fc64e839119ed77469/execute/sync - {"script":"<script> [8489 bytes]","args":[{"element-6066-11e4-a52e-4f735466cecf":"f.8420AFDB22D113F0275E61267E529F05.d.FB797AC71E549F319B90F95A87691FA5.e.1040","ELEMENT":"f.8420AFDB22D113F0275E61267E529F05.d.FB797AC71E549F319B90F95A87691FA5.e.1040"}]}
RESULT: {"script":"<script> [8489 bytes]","args":[{"element-6066-11e4-a52e-4f735466cecf":"f.8420AFDB22D113F0275E61267E529F05.d.FB797AC71E549F319B90F95A87691FA5.e.1040","ELEMENT":"f.8420AFDB22D113F0275E61267E529F05.d.FB797AC71E549F319B90F95A87691FA5.e.1040"}]}
COMMAND: GET /session/59389012155df3fc64e839119ed77469/element/f.8420AFDB22D113F0275E61267E529F05.d.FB797AC71E549F319B90F95A87691FA5.e.1040/enabled - {}
COMMAND: GET /session/59389012155df3fc64e839119ed77469/screenshot - {}
RESULT: {}
COMMAND: POST /session/59389012155df3fc64e839119ed77469/execute/sync - {"script":"<script> [8489 bytes]","args":[{"element-6066-11e4-a52e-4f735466cecf":"f.8420AFDB22D113F0275E61267E529F05.d.FB797AC71E549F319B90F95A87691FA5.e.1040","ELEMENT":"f.8420AFDB22D113F0275E61267E529F05.d.FB797AC71E549F319B90F95A87691FA5.e.1040"}]}
COMMAND: GET /session/59389012155df3fc64e839119ed77469/screenshot - {}
RESULT: {}
RESULT: {"script":"<script> [8489 bytes]","args":[{"element-6066-11e4-a52e-4f735466cecf":"f.8420AFDB22D113F0275E61267E529F05.d.FB797AC71E549F319B90F95A87691FA5.e.1040","ELEMENT":"f.8420AFDB22D113F0275E61267E529F05.d.FB797AC71E549F319B90F95A87691FA5.e.1040"}]}
COMMAND: POST /session/59389012155df3fc64e839119ed77469/execute/sync - {"script":"<script> [5351 bytes]","args":[{"element-6066-11e4-a52e-4f735466cecf":"f.8420AFDB22D113F0275E61267E529F05.d.FB797AC71E549F319B90F95A87691FA5.e.1040","ELEMENT":"f.8420AFDB22D113F0275E61267E529F05.d.FB797AC71E549F319B90F95A87691FA5.e.1040"}]}
COMMAND: GET /session/59389012155df3fc64e839119ed77469/screenshot - {}
RESULT: {}
RESULT: {"script":"<script> [5351 bytes]","args":[{"element-6066-11e4-a52e-4f735466cecf":"f.8420AFDB22D113F0275E61267E529F05.d.FB797AC71E549F319B90F95A87691FA5.e.1040","ELEMENT":"f.8420AFDB22D113F0275E61267E529F05.d.FB797AC71E549F319B90F95A87691FA5.e.1040"}]}
COMMAND: POST /session/59389012155df3fc64e839119ed77469/element/f.8420AFDB22D113F0275E61267E529F05.d.FB797AC71E549F319B90F95A87691FA5.e.1040/click - {}
COMMAND: GET /session/59389012155df3fc64e839119ed77469/screenshot - {}
RESULT: {}
RESULT: {}
COMMAND: GET /session/59389012155df3fc64e839119ed77469/screenshot - {}
COMMAND: POST /session/59389012155df3fc64e839119ed77469/execute/async - {"script":"<script> [1562 bytes]","args":[{"selector":{"id":"application-managepartners-display-component---NewPartner--addressDetailDetailsName1","interaction":{"idSuffix":"inner"}},"wdio_ui5_key":"applicationmanagepartners-display-component---NewPartner--addressDetailDetailsName1"}]}
RESULT: {}
RESULT: {}
RESULT: {"script":"<script> [1562 bytes]","args":[{"selector":{"id":"application-managepartners-display-component---NewPartner--addressDetailDetailsName1","interaction":{"idSuffix":"inner"}},"wdio_ui5_key":"applicationmanagepartners-display-component---NewPartner--addressDetailDetailsName1"}]}
RESULT: undefined
COMMAND: POST /session/59389012155df3fc64e839119ed77469/execute/async - {"script":"<script> [776 bytes]","args":[{"enterText":"Intracompany Partner WDIO","selector":{"id":"application-managepartners-display-component---NewPartner--addressDetailDetailsName1","interaction":{"idSuffix":"inner"}},"clearTextFirst":true,"interactionType":"ENTER_TEXT"}]}
RESULT: {"script":"<script> [776 bytes]","args":[{"enterText":"Intracompany Partner WDIO","selector":{"id":"application-managepartners-display-component---NewPartner--addressDetailDetailsName1","interaction":{"idSuffix":"inner"}},"clearTextFirst":true,"interactionType":"ENTER_TEXT"}]}
COMMAND: POST /session/59389012155df3fc64e839119ed77469/execute/async - {"script":"<script> [1562 bytes]","args":[{"selector":{"id":"application-managepartners-display-component---NewPartner--addressDetailDetailsLanguage-arrow"},"wdio_ui5_key":"applicationmanagepartners-display-component---NewPartner--addressDetailDetailsLanguage-arrow"}]}
RESULT: {"script":"<script> [1562 bytes]","args":[{"selector":{"id":"application-managepartners-display-component---NewPartner--addressDetailDetailsLanguage-arrow"},"wdio_ui5_key":"applicationmanagepartners-display-component---NewPartner--addressDetailDetailsLanguage-arrow"}]}
RESULT: undefined
COMMAND: POST /session/59389012155df3fc64e839119ed77469/element - {"using":"xpath","value":"//*[@id=\"application-managepartners-display-component---NewPartner--addressDetailDetailsLanguage-arrow\"]"}
RESULT: {"using":"xpath","value":"//*[@id=\"application-managepartners-display-component---NewPartner--addressDetailDetailsLanguage-arrow\"]"}
COMMAND: POST /session/59389012155df3fc64e839119ed77469/element/f.8420AFDB22D113F0275E61267E529F05.d.FB797AC71E549F319B90F95A87691FA5.e.1494/click - {}
RESULT: {}
COMMAND: POST /session/59389012155df3fc64e839119ed77469/element - {"using":"xpath","value":"//span[contains(text(), \"English\")]"}
COMMAND: GET /session/59389012155df3fc64e839119ed77469/screenshot - {}
RESULT: {"using":"xpath","value":"//span[contains(text(), \"English\")]"}
COMMAND: POST /session/59389012155df3fc64e839119ed77469/element/f.8420AFDB22D113F0275E61267E529F05.d.FB797AC71E549F319B90F95A87691FA5.e.1495/click - {}
RESULT: {}
RESULT: {}
COMMAND: GET /session/59389012155df3fc64e839119ed77469/screenshot - {}
RESULT: {}
COMMAND: POST /session/59389012155df3fc64e839119ed77469/execute/async - {"script":"<script> [1562 bytes]","args":[{"selector":{"id":"application-managepartners-display-component---NewPartner--addressDetailDetailsCity1","interaction":{"idSuffix":"inner"}},"wdio_ui5_key":"applicationmanagepartners-display-component---NewPartner--addressDetailDetailsCity1"}]}
RESULT: {"script":"<script> [1562 bytes]","args":[{"selector":{"id":"application-managepartners-display-component---NewPartner--addressDetailDetailsCity1","interaction":{"idSuffix":"inner"}},"wdio_ui5_key":"applicationmanagepartners-display-component---NewPartner--addressDetailDetailsCity1"}]}
RESULT: undefined
COMMAND: POST /session/59389012155df3fc64e839119ed77469/execute/async - {"script":"<script> [776 bytes]","args":[{"enterText":"Rosario","selector":{"id":"application-managepartners-display-component---NewPartner--addressDetailDetailsCity1","interaction":{"idSuffix":"inner"}},"clearTextFirst":true,"interactionType":"ENTER_TEXT"}]}
RESULT: {"script":"<script> [776 bytes]","args":[{"enterText":"Rosario","selector":{"id":"application-managepartners-display-component---NewPartner--addressDetailDetailsCity1","interaction":{"idSuffix":"inner"}},"clearTextFirst":true,"interactionType":"ENTER_TEXT"}]}
COMMAND: POST /session/59389012155df3fc64e839119ed77469/execute/async - {"script":"<script> [1562 bytes]","args":[{"selector":{"id":"application-managepartners-display-component---NewPartner--addressDetailDetailsCountry-arrow"},"wdio_ui5_key":"applicationmanagepartners-display-component---NewPartner--addressDetailDetailsCountry-arrow"}]}
RESULT: {"script":"<script> [1562 bytes]","args":[{"selector":{"id":"application-managepartners-display-component---NewPartner--addressDetailDetailsCountry-arrow"},"wdio_ui5_key":"applicationmanagepartners-display-component---NewPartner--addressDetailDetailsCountry-arrow"}]}
RESULT: undefined
COMMAND: POST /session/59389012155df3fc64e839119ed77469/element - {"using":"xpath","value":"//*[@id=\"application-managepartners-display-component---NewPartner--addressDetailDetailsCountry-arrow\"]"}
RESULT: {"using":"xpath","value":"//*[@id=\"application-managepartners-display-component---NewPartner--addressDetailDetailsCountry-arrow\"]"}
COMMAND: POST /session/59389012155df3fc64e839119ed77469/element/f.8420AFDB22D113F0275E61267E529F05.d.FB797AC71E549F319B90F95A87691FA5.e.1458/click - {}
RESULT: {}
COMMAND: POST /session/59389012155df3fc64e839119ed77469/element - {"using":"xpath","value":"//span[contains(text(), \"Argentina\")]"}
COMMAND: GET /session/59389012155df3fc64e839119ed77469/screenshot - {}
RESULT: {"using":"xpath","value":"//span[contains(text(), \"Argentina\")]"}
COMMAND: POST /session/59389012155df3fc64e839119ed77469/element/f.8420AFDB22D113F0275E61267E529F05.d.FB797AC71E549F319B90F95A87691FA5.e.1497/click - {}
RESULT: {}
RESULT: {}
COMMAND: GET /session/59389012155df3fc64e839119ed77469/screenshot - {}
RESULT: {}
COMMAND: POST /session/59389012155df3fc64e839119ed77469/element - {"using":"xpath","value":"//bdi[contains(text(), \"Commercial\")]"}
RESULT: {"using":"xpath","value":"//bdi[contains(text(), \"Commercial\")]"}
COMMAND: POST /session/59389012155df3fc64e839119ed77469/element/f.8420AFDB22D113F0275E61267E529F05.d.FB797AC71E549F319B90F95A87691FA5.e.1498/click - {}
RESULT: {}
COMMAND: GET /session/59389012155df3fc64e839119ed77469/screenshot - {}
RESULT: {}
COMMAND: POST /session/59389012155df3fc64e839119ed77469/execute/async - {"script":"<script> [1562 bytes]","args":[{"selector":{"id":"application-managepartners-display-component---NewPartner--partnerDetailInternal-arrow"},"wdio_ui5_key":"applicationmanagepartners-display-component---NewPartner--partnerDetailInternal-arrow"}]}
RESULT: {"script":"<script> [1562 bytes]","args":[{"selector":{"id":"application-managepartners-display-component---NewPartner--partnerDetailInternal-arrow"},"wdio_ui5_key":"applicationmanagepartners-display-component---NewPartner--partnerDetailInternal-arrow"}]}
RESULT: undefined
COMMAND: POST /session/59389012155df3fc64e839119ed77469/element - {"using":"xpath","value":"//*[@id=\"application-managepartners-display-component---NewPartner--partnerDetailInternal-arrow\"]"}
RESULT: {"using":"xpath","value":"//*[@id=\"application-managepartners-display-component---NewPartner--partnerDetailInternal-arrow\"]"}
COMMAND: POST /session/59389012155df3fc64e839119ed77469/element/f.8420AFDB22D113F0275E61267E529F05.d.FB797AC71E549F319B90F95A87691FA5.e.1504/click - {}
RESULT: {}
COMMAND: POST /session/59389012155df3fc64e839119ed77469/element - {"using":"xpath","value":"//span[contains(text(), \"Affiliated company\")]"}
COMMAND: GET /session/59389012155df3fc64e839119ed77469/screenshot - {}
RESULT: {"using":"xpath","value":"//span[contains(text(), \"Affiliated company\")]"}
COMMAND: POST /session/59389012155df3fc64e839119ed77469/element/f.8420AFDB22D113F0275E61267E529F05.d.FB797AC71E549F319B90F95A87691FA5.e.1507/click - {}
RESULT: {}
RESULT: {}
COMMAND: POST /session/59389012155df3fc64e839119ed77469/execute/async - {"script":"<script> [1562 bytes]","args":[{"selector":{"id":"application-managepartners-display-component---NewPartner--partnerDetailsCurrency-arrow"},"wdio_ui5_key":"applicationmanagepartners-display-component---NewPartner--partnerDetailsCurrency-arrow"}]}
COMMAND: GET /session/59389012155df3fc64e839119ed77469/screenshot - {}
RESULT: {"script":"<script> [1562 bytes]","args":[{"selector":{"id":"application-managepartners-display-component---NewPartner--partnerDetailsCurrency-arrow"},"wdio_ui5_key":"applicationmanagepartners-display-component---NewPartner--partnerDetailsCurrency-arrow"}]}
RESULT: undefined
COMMAND: POST /session/59389012155df3fc64e839119ed77469/element - {"using":"xpath","value":"//*[@id=\"application-managepartners-display-component---NewPartner--partnerDetailsCurrency-arrow\"]"}
RESULT: {}
RESULT: {"using":"xpath","value":"//*[@id=\"application-managepartners-display-component---NewPartner--partnerDetailsCurrency-arrow\"]"}
COMMAND: POST /session/59389012155df3fc64e839119ed77469/element/f.8420AFDB22D113F0275E61267E529F05.d.FB797AC71E549F319B90F95A87691FA5.e.1514/click - {}
RESULT: {}
COMMAND: POST /session/59389012155df3fc64e839119ed77469/element - {"using":"xpath","value":"//span[contains(text(), \"Euro\")]"}
COMMAND: GET /session/59389012155df3fc64e839119ed77469/screenshot - {}
RESULT: {"using":"xpath","value":"//span[contains(text(), \"Euro\")]"}
COMMAND: POST /session/59389012155df3fc64e839119ed77469/element/f.8420AFDB22D113F0275E61267E529F05.d.FB797AC71E549F319B90F95A87691FA5.e.1515/click - {}
RESULT: {}
RESULT: {}
COMMAND: POST /session/59389012155df3fc64e839119ed77469/execute/async - {"script":"<script> [1562 bytes]","args":[{"selector":{"id":"application-managepartners-display-component---NewPartner--addressEditDetailsCostObjectCstType-arrow"},"wdio_ui5_key":"applicationmanagepartners-display-component---NewPartner--addressEditDetailsCostObjectCstType-arrow"}]}
COMMAND: GET /session/59389012155df3fc64e839119ed77469/screenshot - {}
RESULT: {"script":"<script> [1562 bytes]","args":[{"selector":{"id":"application-managepartners-display-component---NewPartner--addressEditDetailsCostObjectCstType-arrow"},"wdio_ui5_key":"applicationmanagepartners-display-component---NewPartner--addressEditDetailsCostObjectCstType-arrow"}]}
RESULT: undefined
COMMAND: POST /session/59389012155df3fc64e839119ed77469/element - {"using":"xpath","value":"//*[@id=\"application-managepartners-display-component---NewPartner--addressEditDetailsCostObjectCstType-arrow\"]"}
RESULT: {}
RESULT: {"using":"xpath","value":"//*[@id=\"application-managepartners-display-component---NewPartner--addressEditDetailsCostObjectCstType-arrow\"]"}
COMMAND: POST /session/59389012155df3fc64e839119ed77469/element/f.8420AFDB22D113F0275E61267E529F05.d.FB797AC71E549F319B90F95A87691FA5.e.1516/click - {}
RESULT: {}
COMMAND: POST /session/59389012155df3fc64e839119ed77469/element - {"using":"xpath","value":"//span[contains(text(), \"Cost Center\")]"}
COMMAND: GET /session/59389012155df3fc64e839119ed77469/screenshot - {}
RESULT: {"using":"xpath","value":"//span[contains(text(), \"Cost Center\")]"}
COMMAND: POST /session/59389012155df3fc64e839119ed77469/element/f.8420AFDB22D113F0275E61267E529F05.d.FB797AC71E549F319B90F95A87691FA5.e.1517/click - {}
RESULT: {}
RESULT: {}
COMMAND: GET /session/59389012155df3fc64e839119ed77469/screenshot - {}
RESULT: {}
COMMAND: POST /session/59389012155df3fc64e839119ed77469/element - {"using":"xpath","value":"//span[@id=\"application-managepartners-display-component---NewPartner--addressNewCostObjectCstID-vhi\"]"}
RESULT: {"using":"xpath","value":"//span[@id=\"application-managepartners-display-component---NewPartner--addressNewCostObjectCstID-vhi\"]"}
COMMAND: POST /session/59389012155df3fc64e839119ed77469/execute/sync - {"script":"<script> [8489 bytes]","args":[{"element-6066-11e4-a52e-4f735466cecf":"f.8420AFDB22D113F0275E61267E529F05.d.FB797AC71E549F319B90F95A87691FA5.e.1521","ELEMENT":"f.8420AFDB22D113F0275E61267E529F05.d.FB797AC71E549F319B90F95A87691FA5.e.1521"}]}
RESULT: {"script":"<script> [8489 bytes]","args":[{"element-6066-11e4-a52e-4f735466cecf":"f.8420AFDB22D113F0275E61267E529F05.d.FB797AC71E549F319B90F95A87691FA5.e.1521","ELEMENT":"f.8420AFDB22D113F0275E61267E529F05.d.FB797AC71E549F319B90F95A87691FA5.e.1521"}]}
COMMAND: POST /session/59389012155df3fc64e839119ed77469/execute/async - {"script":"<script> [1562 bytes]","args":[{"selector":{"id":"application-managepartners-display-component---NewPartner--addressNewCostObjectCstID-vhi"},"wdio_ui5_key":"applicationmanagepartners-display-component---NewPartner--addressNewCostObjectCstID-vhi"}]}
COMMAND: GET /session/59389012155df3fc64e839119ed77469/screenshot - {}
RESULT: {"script":"<script> [1562 bytes]","args":[{"selector":{"id":"application-managepartners-display-component---NewPartner--addressNewCostObjectCstID-vhi"},"wdio_ui5_key":"applicationmanagepartners-display-component---NewPartner--addressNewCostObjectCstID-vhi"}]}
RESULT: undefined
COMMAND: POST /session/59389012155df3fc64e839119ed77469/element - {"using":"xpath","value":"//*[@id=\"application-managepartners-display-component---NewPartner--addressNewCostObjectCstID-vhi\"]"}
RESULT: {}
RESULT: {"using":"xpath","value":"//*[@id=\"application-managepartners-display-component---NewPartner--addressNewCostObjectCstID-vhi\"]"}
COMMAND: POST /session/59389012155df3fc64e839119ed77469/element/f.8420AFDB22D113F0275E61267E529F05.d.FB797AC71E549F319B90F95A87691FA5.e.1521/click - {}
RESULT: {}
COMMAND: GET /session/59389012155df3fc64e839119ed77469/screenshot - {}
RESULT: {}
RESULT: undefined
COMMAND: POST /session/59389012155df3fc64e839119ed77469/execute/async - {"script":"<script> [776 bytes]","args":[{"enterText":"10001013","selector":{"controlType":"sap.m.SearchField","properties":{"placeholder":"Search"},"searchOpenDialogs":true,"interaction":{"idSuffix":"I"}},"clearTextFirst":true,"interactionType":"ENTER_TEXT"}]}
RESULT: {"script":"<script> [776 bytes]","args":[{"enterText":"10001013","selector":{"controlType":"sap.m.SearchField","properties":{"placeholder":"Search"},"searchOpenDialogs":true,"interaction":{"idSuffix":"I"}},"clearTextFirst":true,"interactionType":"ENTER_TEXT"}]}
COMMAND: POST /session/59389012155df3fc64e839119ed77469/actions - {"actions":[{"id":"action2","type":"key","parameters":{},"actions":[{"type":"keyDown","value":"î€‡"},{"type":"pause","duration":10},{"type":"keyUp","value":"î€‡"}]}]}
RESULT: {"actions":[{"id":"action2","type":"key","parameters":{},"actions":[{"type":"keyDown","value":"î€‡"},{"type":"pause","duration":10},{"type":"keyUp","value":"î€‡"}]}]}
COMMAND: GET /session/59389012155df3fc64e839119ed77469/screenshot - {}
RESULT: {}
COMMAND: POST /session/59389012155df3fc64e839119ed77469/element - {"using":"xpath","value":"//span[contains(text(), \"General Management\")]"}
RESULT: {"using":"xpath","value":"//span[contains(text(), \"General Management\")]"}
COMMAND: POST /session/59389012155df3fc64e839119ed77469/element/f.8420AFDB22D113F0275E61267E529F05.d.FB797AC71E549F319B90F95A87691FA5.e.1560/click - {}
RESULT: {}
COMMAND: GET /session/59389012155df3fc64e839119ed77469/screenshot - {}
RESULT: {}
COMMAND: POST /session/59389012155df3fc64e839119ed77469/element - {"using":"xpath","value":"//bdi[contains(text(), \"OK\")]"}
RESULT: {"using":"xpath","value":"//bdi[contains(text(), \"OK\")]"}
COMMAND: POST /session/59389012155df3fc64e839119ed77469/element/f.8420AFDB22D113F0275E61267E529F05.d.FB797AC71E549F319B90F95A87691FA5.e.1561/click - {}
RESULT: {}
COMMAND: GET /session/59389012155df3fc64e839119ed77469/screenshot - {}
RESULT: {}
COMMAND: POST /session/59389012155df3fc64e839119ed77469/element - {"using":"xpath","value":"//input[@id=\"application-managepartners-display-component---NewPartner--companyCodeComboBox-inner\"]"}
RESULT: {"using":"xpath","value":"//input[@id=\"application-managepartners-display-component---NewPartner--companyCodeComboBox-inner\"]"}
COMMAND: POST /session/59389012155df3fc64e839119ed77469/element/f.8420AFDB22D113F0275E61267E529F05.d.FB797AC71E549F319B90F95A87691FA5.e.1349/clear - {}
RESULT: {}
COMMAND: POST /session/59389012155df3fc64e839119ed77469/element/f.8420AFDB22D113F0275E61267E529F05.d.FB797AC71E549F319B90F95A87691FA5.e.1349/value - {"text":"1000"}
COMMAND: GET /session/59389012155df3fc64e839119ed77469/screenshot - {}
RESULT: {"text":"1000"}
COMMAND: GET /session/59389012155df3fc64e839119ed77469/screenshot - {}
RESULT: {}
RESULT: {}
COMMAND: POST /session/59389012155df3fc64e839119ed77469/element - {"using":"xpath","value":"//span[contains(text(), \"1000\")]"}
RESULT: {"using":"xpath","value":"//span[contains(text(), \"1000\")]"}
COMMAND: POST /session/59389012155df3fc64e839119ed77469/element/f.8420AFDB22D113F0275E61267E529F05.d.FB797AC71E549F319B90F95A87691FA5.e.1567/click - {}
RESULT: {}
COMMAND: GET /session/59389012155df3fc64e839119ed77469/screenshot - {}
RESULT: {}
COMMAND: POST /session/59389012155df3fc64e839119ed77469/execute/async - {"script":"<script> [1562 bytes]","args":[{"selector":{"id":"application-managepartners-display-component---NewPartner--btnAddTableRow-img"},"wdio_ui5_key":"applicationmanagepartners-display-component---NewPartner--btnAddTableRow-img"}]}
RESULT: {"script":"<script> [1562 bytes]","args":[{"selector":{"id":"application-managepartners-display-component---NewPartner--btnAddTableRow-img"},"wdio_ui5_key":"applicationmanagepartners-display-component---NewPartner--btnAddTableRow-img"}]}
RESULT: undefined
COMMAND: POST /session/59389012155df3fc64e839119ed77469/element - {"using":"xpath","value":"//*[@id=\"application-managepartners-display-component---NewPartner--btnAddTableRow-img\"]"}
RESULT: {"using":"xpath","value":"//*[@id=\"application-managepartners-display-component---NewPartner--btnAddTableRow-img\"]"}
COMMAND: POST /session/59389012155df3fc64e839119ed77469/element/f.8420AFDB22D113F0275E61267E529F05.d.FB797AC71E549F319B90F95A87691FA5.e.1568/click - {}
RESULT: {}
COMMAND: GET /session/59389012155df3fc64e839119ed77469/screenshot - {}
RESULT: {}
COMMAND: POST /session/59389012155df3fc64e839119ed77469/element - {"using":"xpath","value":"//input[@id=\"application-managepartners-display-component---NewPartner--assignmentYard-application-managepartners-display-component---NewPartner--assignmentsTable-0-inner\"]"}
RESULT: {"using":"xpath","value":"//input[@id=\"application-managepartners-display-component---NewPartner--assignmentYard-application-managepartners-display-component---NewPartner--assignmentsTable-0-inner\"]"}
COMMAND: POST /session/59389012155df3fc64e839119ed77469/element/f.8420AFDB22D113F0275E61267E529F05.d.FB797AC71E549F319B90F95A87691FA5.e.1571/clear - {}
RESULT: {}
COMMAND: POST /session/59389012155df3fc64e839119ed77469/element/f.8420AFDB22D113F0275E61267E529F05.d.FB797AC71E549F319B90F95A87691FA5.e.1571/value - {"text":"485"}
COMMAND: GET /session/59389012155df3fc64e839119ed77469/screenshot - {}
RESULT: {"text":"485"}
COMMAND: GET /session/59389012155df3fc64e839119ed77469/screenshot - {}
RESULT: {}
RESULT: {}
COMMAND: POST /session/59389012155df3fc64e839119ed77469/element - {"using":"xpath","value":"//li[.//span[text()='485']]"}
RESULT: {"using":"xpath","value":"//li[.//span[text()='485']]"}
COMMAND: POST /session/59389012155df3fc64e839119ed77469/element/f.8420AFDB22D113F0275E61267E529F05.d.FB797AC71E549F319B90F95A87691FA5.e.1580/click - {}
RESULT: {}
COMMAND: GET /session/59389012155df3fc64e839119ed77469/screenshot - {}
RESULT: {}
COMMAND: POST /session/59389012155df3fc64e839119ed77469/actions - {"actions":[{"id":"action3","type":"key","parameters":{},"actions":[{"type":"keyDown","value":"î€‡"},{"type":"pause","duration":10},{"type":"keyUp","value":"î€‡"}]}]}
RESULT: {"actions":[{"id":"action3","type":"key","parameters":{},"actions":[{"type":"keyDown","value":"î€‡"},{"type":"pause","duration":10},{"type":"keyUp","value":"î€‡"}]}]}
COMMAND: POST /session/59389012155df3fc64e839119ed77469/execute/async - {"script":"<script> [1562 bytes]","args":[{"selector":{"id":"application-managepartners-display-component---NewPartner--externalCustomerComboBox-application-managepartners-display-component---NewPartner--assignmentsTable-0-vhi"},"wdio_ui5_key":"applicationmanagepartners-display-component---NewPartner--externalCustomerComboBox-application-managepartners-display-component---NewPartner--assignmentsTable-0-vhi"}]}
COMMAND: GET /session/59389012155df3fc64e839119ed77469/screenshot - {}
RESULT: {"script":"<script> [1562 bytes]","args":[{"selector":{"id":"application-managepartners-display-component---NewPartner--externalCustomerComboBox-application-managepartners-display-component---NewPartner--assignmentsTable-0-vhi"},"wdio_ui5_key":"applicationmanagepartners-display-component---NewPartner--externalCustomerComboBox-application-managepartners-display-component---NewPartner--assignmentsTable-0-vhi"}]}
RESULT: undefined
COMMAND: POST /session/59389012155df3fc64e839119ed77469/element - {"using":"xpath","value":"//*[@id=\"application-managepartners-display-component---NewPartner--externalCustomerComboBox-application-managepartners-display-component---NewPartner--assignmentsTable-0-vhi\"]"}
RESULT: {}
RESULT: {"using":"xpath","value":"//*[@id=\"application-managepartners-display-component---NewPartner--externalCustomerComboBox-application-managepartners-display-component---NewPartner--assignmentsTable-0-vhi\"]"}
COMMAND: POST /session/59389012155df3fc64e839119ed77469/element/f.8420AFDB22D113F0275E61267E529F05.d.FB797AC71E549F319B90F95A87691FA5.e.1584/click - {}
RESULT: {}
RESULT: undefined
COMMAND: POST /session/59389012155df3fc64e839119ed77469/execute/async - {"script":"<script> [776 bytes]","args":[{"enterText":"300003","selector":{"controlType":"sap.m.SearchField","properties":{"placeholder":"Search"},"searchOpenDialogs":true,"interaction":{"idSuffix":"I"}},"clearTextFirst":true,"interactionType":"ENTER_TEXT"}]}
COMMAND: GET /session/59389012155df3fc64e839119ed77469/screenshot - {}
RESULT: {"script":"<script> [776 bytes]","args":[{"enterText":"300003","selector":{"controlType":"sap.m.SearchField","properties":{"placeholder":"Search"},"searchOpenDialogs":true,"interaction":{"idSuffix":"I"}},"clearTextFirst":true,"interactionType":"ENTER_TEXT"}]}
COMMAND: POST /session/59389012155df3fc64e839119ed77469/actions - {"actions":[{"id":"action4","type":"key","parameters":{},"actions":[{"type":"keyDown","value":"î€‡"},{"type":"pause","duration":10},{"type":"keyUp","value":"î€‡"}]}]}
RESULT: {}
RESULT: {"actions":[{"id":"action4","type":"key","parameters":{},"actions":[{"type":"keyDown","value":"î€‡"},{"type":"pause","duration":10},{"type":"keyUp","value":"î€‡"}]}]}
COMMAND: GET /session/59389012155df3fc64e839119ed77469/screenshot - {}
RESULT: {}
COMMAND: POST /session/59389012155df3fc64e839119ed77469/element - {"using":"xpath","value":"//span[contains(text(), \"300003\")]"}
RESULT: {"using":"xpath","value":"//span[contains(text(), \"300003\")]"}
COMMAND: POST /session/59389012155df3fc64e839119ed77469/element/f.8420AFDB22D113F0275E61267E529F05.d.FB797AC71E549F319B90F95A87691FA5.e.1602/click - {}
RESULT: {}
COMMAND: GET /session/59389012155df3fc64e839119ed77469/screenshot - {}
RESULT: {}
COMMAND: POST /session/59389012155df3fc64e839119ed77469/element - {"using":"xpath","value":"//bdi[contains(text(), \"OK\")]"}
RESULT: {"using":"xpath","value":"//bdi[contains(text(), \"OK\")]"}
COMMAND: POST /session/59389012155df3fc64e839119ed77469/element/f.8420AFDB22D113F0275E61267E529F05.d.FB797AC71E549F319B90F95A87691FA5.e.1604/click - {}
RESULT: {}
COMMAND: GET /session/59389012155df3fc64e839119ed77469/screenshot - {}
RESULT: {}
COMMAND: POST /session/59389012155df3fc64e839119ed77469/execute/async - {"script":"<script> [1562 bytes]","args":[{"selector":{"id":"application-managepartners-display-component---NewPartner--intercompVendorComboBox-application-managepartners-display-component---NewPartner--assignmentsTable-0-vhi"},"wdio_ui5_key":"applicationmanagepartners-display-component---NewPartner--intercompVendorComboBox-application-managepartners-display-component---NewPartner--assignmentsTable-0-vhi"}]}
RESULT: {"script":"<script> [1562 bytes]","args":[{"selector":{"id":"application-managepartners-display-component---NewPartner--intercompVendorComboBox-application-managepartners-display-component---NewPartner--assignmentsTable-0-vhi"},"wdio_ui5_key":"applicationmanagepartners-display-component---NewPartner--intercompVendorComboBox-application-managepartners-display-component---NewPartner--assignmentsTable-0-vhi"}]}
RESULT: undefined
COMMAND: POST /session/59389012155df3fc64e839119ed77469/element - {"using":"xpath","value":"//*[@id=\"application-managepartners-display-component---NewPartner--intercompVendorComboBox-application-managepartners-display-component---NewPartner--assignmentsTable-0-vhi\"]"}
RESULT: {"using":"xpath","value":"//*[@id=\"application-managepartners-display-component---NewPartner--intercompVendorComboBox-application-managepartners-display-component---NewPartner--assignmentsTable-0-vhi\"]"}
COMMAND: POST /session/59389012155df3fc64e839119ed77469/element/f.8420AFDB22D113F0275E61267E529F05.d.FB797AC71E549F319B90F95A87691FA5.e.1608/click - {}
RESULT: {}
RESULT: undefined
COMMAND: POST /session/59389012155df3fc64e839119ed77469/execute/async - {"script":"<script> [776 bytes]","args":[{"enterText":"100005","selector":{"controlType":"sap.m.SearchField","properties":{"placeholder":"Search"},"searchOpenDialogs":true,"interaction":{"idSuffix":"I"}},"clearTextFirst":true,"interactionType":"ENTER_TEXT"}]}
COMMAND: GET /session/59389012155df3fc64e839119ed77469/screenshot - {}
RESULT: {"script":"<script> [776 bytes]","args":[{"enterText":"100005","selector":{"controlType":"sap.m.SearchField","properties":{"placeholder":"Search"},"searchOpenDialogs":true,"interaction":{"idSuffix":"I"}},"clearTextFirst":true,"interactionType":"ENTER_TEXT"}]}
COMMAND: POST /session/59389012155df3fc64e839119ed77469/actions - {"actions":[{"id":"action5","type":"key","parameters":{},"actions":[{"type":"keyDown","value":"î€‡"},{"type":"pause","duration":10},{"type":"keyUp","value":"î€‡"}]}]}
RESULT: {}
RESULT: {"actions":[{"id":"action5","type":"key","parameters":{},"actions":[{"type":"keyDown","value":"î€‡"},{"type":"pause","duration":10},{"type":"keyUp","value":"î€‡"}]}]}
COMMAND: GET /session/59389012155df3fc64e839119ed77469/screenshot - {}
RESULT: {}
COMMAND: POST /session/59389012155df3fc64e839119ed77469/element - {"using":"xpath","value":"//span[contains(text(), \"Penguins - Field/12345 Berlin\")]"}
RESULT: {"using":"xpath","value":"//span[contains(text(), \"Penguins - Field/12345 Berlin\")]"}
COMMAND: POST /session/59389012155df3fc64e839119ed77469/element/f.8420AFDB22D113F0275E61267E529F05.d.FB797AC71E549F319B90F95A87691FA5.e.1625/click - {}
RESULT: {}
COMMAND: GET /session/59389012155df3fc64e839119ed77469/screenshot - {}
RESULT: {}
COMMAND: POST /session/59389012155df3fc64e839119ed77469/element - {"using":"xpath","value":"//bdi[contains(text(), \"OK\")]"}
RESULT: {"using":"xpath","value":"//bdi[contains(text(), \"OK\")]"}
COMMAND: POST /session/59389012155df3fc64e839119ed77469/element/f.8420AFDB22D113F0275E61267E529F05.d.FB797AC71E549F319B90F95A87691FA5.e.1626/click - {}
RESULT: {}
COMMAND: GET /session/59389012155df3fc64e839119ed77469/screenshot - {}
RESULT: {}
COMMAND: POST /session/59389012155df3fc64e839119ed77469/element - {"using":"xpath","value":"//button[@data-kt=\"saveButton\"]"}
RESULT: {"using":"xpath","value":"//button[@data-kt=\"saveButton\"]"}
COMMAND: POST /session/59389012155df3fc64e839119ed77469/element/f.8420AFDB22D113F0275E61267E529F05.d.FB797AC71E549F319B90F95A87691FA5.e.1460/click - {}
RESULT: {}
COMMAND: GET /session/59389012155df3fc64e839119ed77469/screenshot - {}
RESULT: {}
COMMAND: POST /session/59389012155df3fc64e839119ed77469/element - {"using":"xpath","value":"//header[contains(@id, 'ObjectPageLayout-headerTitle')]/div[1]/div[2]/div[2]/span[1]"}
RESULT: {"using":"xpath","value":"//header[contains(@id, 'ObjectPageLayout-headerTitle')]/div[1]/div[2]/div[2]/span[1]"}
COMMAND: POST /session/59389012155df3fc64e839119ed77469/elements - {"using":"xpath","value":"//header[contains(@id, 'ObjectPageLayout-headerTitle')]/div[1]/div[2]/div[2]/span[1]"}
RESULT: {"using":"xpath","value":"//header[contains(@id, 'ObjectPageLayout-headerTitle')]/div[1]/div[2]/div[2]/span[1]"}
COMMAND: POST /session/59389012155df3fc64e839119ed77469/execute/sync - {"script":"<script> [56 bytes]","args":[{"element-6066-11e4-a52e-4f735466cecf":"f.8420AFDB22D113F0275E61267E529F05.d.FB797AC71E549F319B90F95A87691FA5.e.1792","ELEMENT":"f.8420AFDB22D113F0275E61267E529F05.d.FB797AC71E549F319B90F95A87691FA5.e.1792"}]}
RESULT: {"script":"<script> [56 bytes]","args":[{"element-6066-11e4-a52e-4f735466cecf":"f.8420AFDB22D113F0275E61267E529F05.d.FB797AC71E549F319B90F95A87691FA5.e.1792","ELEMENT":"f.8420AFDB22D113F0275E61267E529F05.d.FB797AC71E549F319B90F95A87691FA5.e.1792"}]}
COMMAND: POST /session/59389012155df3fc64e839119ed77469/element - {"using":"css selector","value":"#shell-header-logo"}
COMMAND: GET /session/59389012155df3fc64e839119ed77469/screenshot - {}
RESULT: {"using":"css selector","value":"#shell-header-logo"}
COMMAND: POST /session/59389012155df3fc64e839119ed77469/element/f.8420AFDB22D113F0275E61267E529F05.d.FB797AC71E549F319B90F95A87691FA5.e.1006/click - {}
RESULT: {}
RESULT: {}
COMMAND: GET /session/59389012155df3fc64e839119ed77469/screenshot - {}
RESULT: {}
COMMAND: POST /session/59389012155df3fc64e839119ed77469/execute/sync - {"script":"<script> [299 bytes]","args":[["getModel","getResource"]]}
RESULT: {"script":"<script> [299 bytes]","args":[["getModel","getResource"]]}
COMMAND: GET /session/59389012155df3fc64e839119ed77469/screenshot - {}
]]></system-out>
    </testcase>
    <testcase classname="chrome.135_0_7049_96.windows.Billing_confirm_US117289" name="Should create a new site" time="94.664">
      <system-out><![CDATA[
COMMAND: POST /session/59389012155df3fc64e839119ed77469/execute/async - {"script":"<script> [1562 bytes]","args":[{"selector":{"controlType":"sap.m.TileContent","bindingPath":{"path":"","propertyPath":"/properties/info"},"ancestor":{"controlType":"sap.m.GenericTile","properties":{"header":"Manage Sites"}}},"wdio_ui5_key":"sapm.TileContent{\"path\":\"\",\"propertyPath\":\"/properties/info\"}{\"controlType\":\"sap.m.GenericTile\",\"properties\":{\"header\":\"Manage Sites\"}}"}]}
RESULT: {}
RESULT: {"script":"<script> [1562 bytes]","args":[{"selector":{"controlType":"sap.m.TileContent","bindingPath":{"path":"","propertyPath":"/properties/info"},"ancestor":{"controlType":"sap.m.GenericTile","properties":{"header":"Manage Sites"}}},"wdio_ui5_key":"sapm.TileContent{\"path\":\"\",\"propertyPath\":\"/properties/info\"}{\"controlType\":\"sap.m.GenericTile\",\"properties\":{\"header\":\"Manage Sites\"}}"}]}
RESULT: undefined
COMMAND: POST /session/59389012155df3fc64e839119ed77469/element - {"using":"xpath","value":"//*[@id=\"__xmlview7--numericTileContent\"]"}
RESULT: {"using":"xpath","value":"//*[@id=\"__xmlview7--numericTileContent\"]"}
COMMAND: POST /session/59389012155df3fc64e839119ed77469/element/f.8420AFDB22D113F0275E61267E529F05.d.FB797AC71E549F319B90F95A87691FA5.e.1794/click - {}
RESULT: {}
COMMAND: POST /session/59389012155df3fc64e839119ed77469/element - {"using":"xpath","value":"//button[@data-kt=\"addOverflowToolbarButton\"]"}
COMMAND: GET /session/59389012155df3fc64e839119ed77469/screenshot - {}
RESULT: {"using":"xpath","value":"//button[@data-kt=\"addOverflowToolbarButton\"]"}
COMMAND: POST /session/59389012155df3fc64e839119ed77469/elements - {"using":"xpath","value":"//button[@data-kt=\"addOverflowToolbarButton\"]"}
RESULT: {}
RESULT: {"using":"xpath","value":"//button[@data-kt=\"addOverflowToolbarButton\"]"}
COMMAND: POST /session/59389012155df3fc64e839119ed77469/elements - {"using":"xpath","value":"//button[@data-kt=\"addOverflowToolbarButton\"]"}
RESULT: {"using":"xpath","value":"//button[@data-kt=\"addOverflowToolbarButton\"]"}
COMMAND: POST /session/59389012155df3fc64e839119ed77469/elements - {"using":"xpath","value":"//button[@data-kt=\"addOverflowToolbarButton\"]"}
RESULT: {"using":"xpath","value":"//button[@data-kt=\"addOverflowToolbarButton\"]"}
COMMAND: POST /session/59389012155df3fc64e839119ed77469/element - {"using":"xpath","value":"//button[@data-kt=\"addOverflowToolbarButton\"]"}
RESULT: {"using":"xpath","value":"//button[@data-kt=\"addOverflowToolbarButton\"]"}
COMMAND: POST /session/59389012155df3fc64e839119ed77469/execute/sync - {"script":"<script> [8489 bytes]","args":[{"element-6066-11e4-a52e-4f735466cecf":"f.8420AFDB22D113F0275E61267E529F05.d.FB797AC71E549F319B90F95A87691FA5.e.1839","ELEMENT":"f.8420AFDB22D113F0275E61267E529F05.d.FB797AC71E549F319B90F95A87691FA5.e.1839"}]}
RESULT: {"script":"<script> [8489 bytes]","args":[{"element-6066-11e4-a52e-4f735466cecf":"f.8420AFDB22D113F0275E61267E529F05.d.FB797AC71E549F319B90F95A87691FA5.e.1839","ELEMENT":"f.8420AFDB22D113F0275E61267E529F05.d.FB797AC71E549F319B90F95A87691FA5.e.1839"}]}
COMMAND: GET /session/59389012155df3fc64e839119ed77469/element/f.8420AFDB22D113F0275E61267E529F05.d.FB797AC71E549F319B90F95A87691FA5.e.1839/enabled - {}
COMMAND: GET /session/59389012155df3fc64e839119ed77469/screenshot - {}
RESULT: {}
COMMAND: POST /session/59389012155df3fc64e839119ed77469/execute/sync - {"script":"<script> [8489 bytes]","args":[{"element-6066-11e4-a52e-4f735466cecf":"f.8420AFDB22D113F0275E61267E529F05.d.FB797AC71E549F319B90F95A87691FA5.e.1839","ELEMENT":"f.8420AFDB22D113F0275E61267E529F05.d.FB797AC71E549F319B90F95A87691FA5.e.1839"}]}
COMMAND: GET /session/59389012155df3fc64e839119ed77469/screenshot - {}
RESULT: {}
RESULT: {"script":"<script> [8489 bytes]","args":[{"element-6066-11e4-a52e-4f735466cecf":"f.8420AFDB22D113F0275E61267E529F05.d.FB797AC71E549F319B90F95A87691FA5.e.1839","ELEMENT":"f.8420AFDB22D113F0275E61267E529F05.d.FB797AC71E549F319B90F95A87691FA5.e.1839"}]}
COMMAND: POST /session/59389012155df3fc64e839119ed77469/execute/sync - {"script":"<script> [5351 bytes]","args":[{"element-6066-11e4-a52e-4f735466cecf":"f.8420AFDB22D113F0275E61267E529F05.d.FB797AC71E549F319B90F95A87691FA5.e.1839","ELEMENT":"f.8420AFDB22D113F0275E61267E529F05.d.FB797AC71E549F319B90F95A87691FA5.e.1839"}]}
COMMAND: GET /session/59389012155df3fc64e839119ed77469/screenshot - {}
RESULT: {}
RESULT: {"script":"<script> [5351 bytes]","args":[{"element-6066-11e4-a52e-4f735466cecf":"f.8420AFDB22D113F0275E61267E529F05.d.FB797AC71E549F319B90F95A87691FA5.e.1839","ELEMENT":"f.8420AFDB22D113F0275E61267E529F05.d.FB797AC71E549F319B90F95A87691FA5.e.1839"}]}
COMMAND: POST /session/59389012155df3fc64e839119ed77469/element/f.8420AFDB22D113F0275E61267E529F05.d.FB797AC71E549F319B90F95A87691FA5.e.1839/click - {}
COMMAND: GET /session/59389012155df3fc64e839119ed77469/screenshot - {}
RESULT: {}
RESULT: {}
COMMAND: GET /session/59389012155df3fc64e839119ed77469/screenshot - {}
COMMAND: POST /session/59389012155df3fc64e839119ed77469/execute/async - {"script":"<script> [1562 bytes]","args":[{"selector":{"id":"application-managesites-display-component---NewSite--addressDetailDetailsName1","interaction":{"idSuffix":"inner"}},"wdio_ui5_key":"applicationmanagesites-display-component---NewSite--addressDetailDetailsName1"}]}
RESULT: {}
RESULT: {}
RESULT: {"script":"<script> [1562 bytes]","args":[{"selector":{"id":"application-managesites-display-component---NewSite--addressDetailDetailsName1","interaction":{"idSuffix":"inner"}},"wdio_ui5_key":"applicationmanagesites-display-component---NewSite--addressDetailDetailsName1"}]}
RESULT: undefined
COMMAND: POST /session/59389012155df3fc64e839119ed77469/execute/async - {"script":"<script> [776 bytes]","args":[{"enterText":"Intracompany Site wdIO","selector":{"id":"application-managesites-display-component---NewSite--addressDetailDetailsName1","interaction":{"idSuffix":"inner"}},"clearTextFirst":true,"interactionType":"ENTER_TEXT"}]}
RESULT: {"script":"<script> [776 bytes]","args":[{"enterText":"Intracompany Site wdIO","selector":{"id":"application-managesites-display-component---NewSite--addressDetailDetailsName1","interaction":{"idSuffix":"inner"}},"clearTextFirst":true,"interactionType":"ENTER_TEXT"}]}
COMMAND: POST /session/59389012155df3fc64e839119ed77469/execute/async - {"script":"<script> [1562 bytes]","args":[{"selector":{"id":"application-managesites-display-component---NewSite--addressDetailDetailsLanguage-arrow"},"wdio_ui5_key":"applicationmanagesites-display-component---NewSite--addressDetailDetailsLanguage-arrow"}]}
RESULT: {"script":"<script> [1562 bytes]","args":[{"selector":{"id":"application-managesites-display-component---NewSite--addressDetailDetailsLanguage-arrow"},"wdio_ui5_key":"applicationmanagesites-display-component---NewSite--addressDetailDetailsLanguage-arrow"}]}
RESULT: undefined
COMMAND: POST /session/59389012155df3fc64e839119ed77469/element - {"using":"xpath","value":"//*[@id=\"application-managesites-display-component---NewSite--addressDetailDetailsLanguage-arrow\"]"}
RESULT: {"using":"xpath","value":"//*[@id=\"application-managesites-display-component---NewSite--addressDetailDetailsLanguage-arrow\"]"}
COMMAND: POST /session/59389012155df3fc64e839119ed77469/element/f.8420AFDB22D113F0275E61267E529F05.d.FB797AC71E549F319B90F95A87691FA5.e.2452/click - {}
RESULT: {}
COMMAND: POST /session/59389012155df3fc64e839119ed77469/element - {"using":"xpath","value":"//span[contains(text(), \"English\")]"}
COMMAND: GET /session/59389012155df3fc64e839119ed77469/screenshot - {}
RESULT: {"using":"xpath","value":"//span[contains(text(), \"English\")]"}
COMMAND: POST /session/59389012155df3fc64e839119ed77469/element/f.8420AFDB22D113F0275E61267E529F05.d.FB797AC71E549F319B90F95A87691FA5.e.2453/click - {}
RESULT: {}
RESULT: {}
COMMAND: POST /session/59389012155df3fc64e839119ed77469/execute/async - {"script":"<script> [1562 bytes]","args":[{"selector":{"id":"application-managesites-display-component---NewSite--addressDetailDetailsCity1","interaction":{"idSuffix":"inner"}},"wdio_ui5_key":"applicationmanagesites-display-component---NewSite--addressDetailDetailsCity1"}]}
COMMAND: GET /session/59389012155df3fc64e839119ed77469/screenshot - {}
RESULT: {"script":"<script> [1562 bytes]","args":[{"selector":{"id":"application-managesites-display-component---NewSite--addressDetailDetailsCity1","interaction":{"idSuffix":"inner"}},"wdio_ui5_key":"applicationmanagesites-display-component---NewSite--addressDetailDetailsCity1"}]}
RESULT: undefined
COMMAND: POST /session/59389012155df3fc64e839119ed77469/execute/async - {"script":"<script> [776 bytes]","args":[{"enterText":"Rosario","selector":{"id":"application-managesites-display-component---NewSite--addressDetailDetailsCity1","interaction":{"idSuffix":"inner"}},"clearTextFirst":true,"interactionType":"ENTER_TEXT"}]}
RESULT: {}
RESULT: {"script":"<script> [776 bytes]","args":[{"enterText":"Rosario","selector":{"id":"application-managesites-display-component---NewSite--addressDetailDetailsCity1","interaction":{"idSuffix":"inner"}},"clearTextFirst":true,"interactionType":"ENTER_TEXT"}]}
COMMAND: POST /session/59389012155df3fc64e839119ed77469/execute/async - {"script":"<script> [1562 bytes]","args":[{"selector":{"id":"application-managesites-display-component---NewSite--addressDetailDetailsCountry-arrow"},"wdio_ui5_key":"applicationmanagesites-display-component---NewSite--addressDetailDetailsCountry-arrow"}]}
RESULT: {"script":"<script> [1562 bytes]","args":[{"selector":{"id":"application-managesites-display-component---NewSite--addressDetailDetailsCountry-arrow"},"wdio_ui5_key":"applicationmanagesites-display-component---NewSite--addressDetailDetailsCountry-arrow"}]}
RESULT: undefined
COMMAND: POST /session/59389012155df3fc64e839119ed77469/element - {"using":"xpath","value":"//*[@id=\"application-managesites-display-component---NewSite--addressDetailDetailsCountry-arrow\"]"}
RESULT: {"using":"xpath","value":"//*[@id=\"application-managesites-display-component---NewSite--addressDetailDetailsCountry-arrow\"]"}
COMMAND: POST /session/59389012155df3fc64e839119ed77469/element/f.8420AFDB22D113F0275E61267E529F05.d.FB797AC71E549F319B90F95A87691FA5.e.2455/click - {}
RESULT: {}
COMMAND: POST /session/59389012155df3fc64e839119ed77469/element - {"using":"xpath","value":"//span[contains(text(), \"Argentina\")]"}
COMMAND: GET /session/59389012155df3fc64e839119ed77469/screenshot - {}
RESULT: {"using":"xpath","value":"//span[contains(text(), \"Argentina\")]"}
COMMAND: POST /session/59389012155df3fc64e839119ed77469/element/f.8420AFDB22D113F0275E61267E529F05.d.FB797AC71E549F319B90F95A87691FA5.e.2457/click - {}
RESULT: {}
RESULT: {}
COMMAND: GET /session/59389012155df3fc64e839119ed77469/screenshot - {}
RESULT: {}
COMMAND: POST /session/59389012155df3fc64e839119ed77469/execute/async - {"script":"<script> [1562 bytes]","args":[{"selector":{"id":"application-managesites-display-component---NewSite--addressEditDetailsCostObjectCstType-arrow"},"wdio_ui5_key":"applicationmanagesites-display-component---NewSite--addressEditDetailsCostObjectCstType-arrow"}]}
RESULT: {"script":"<script> [1562 bytes]","args":[{"selector":{"id":"application-managesites-display-component---NewSite--addressEditDetailsCostObjectCstType-arrow"},"wdio_ui5_key":"applicationmanagesites-display-component---NewSite--addressEditDetailsCostObjectCstType-arrow"}]}
RESULT: undefined
COMMAND: POST /session/59389012155df3fc64e839119ed77469/element - {"using":"xpath","value":"//*[@id=\"application-managesites-display-component---NewSite--addressEditDetailsCostObjectCstType-arrow\"]"}
RESULT: {"using":"xpath","value":"//*[@id=\"application-managesites-display-component---NewSite--addressEditDetailsCostObjectCstType-arrow\"]"}
COMMAND: POST /session/59389012155df3fc64e839119ed77469/element/f.8420AFDB22D113F0275E61267E529F05.d.FB797AC71E549F319B90F95A87691FA5.e.2458/click - {}
RESULT: {}
COMMAND: POST /session/59389012155df3fc64e839119ed77469/element - {"using":"xpath","value":"//span[contains(text(), \"Cost Center\")]"}
COMMAND: GET /session/59389012155df3fc64e839119ed77469/screenshot - {}
RESULT: {"using":"xpath","value":"//span[contains(text(), \"Cost Center\")]"}
COMMAND: POST /session/59389012155df3fc64e839119ed77469/element/f.8420AFDB22D113F0275E61267E529F05.d.FB797AC71E549F319B90F95A87691FA5.e.2459/click - {}
RESULT: {}
RESULT: {}
COMMAND: GET /session/59389012155df3fc64e839119ed77469/screenshot - {}
RESULT: {}
COMMAND: POST /session/59389012155df3fc64e839119ed77469/element - {"using":"xpath","value":"//span[@id=\"application-managesites-display-component---NewSite--addressNewCostObjectCstID-vhi\"]"}
RESULT: {"using":"xpath","value":"//span[@id=\"application-managesites-display-component---NewSite--addressNewCostObjectCstID-vhi\"]"}
COMMAND: POST /session/59389012155df3fc64e839119ed77469/execute/sync - {"script":"<script> [8489 bytes]","args":[{"element-6066-11e4-a52e-4f735466cecf":"f.8420AFDB22D113F0275E61267E529F05.d.FB797AC71E549F319B90F95A87691FA5.e.2463","ELEMENT":"f.8420AFDB22D113F0275E61267E529F05.d.FB797AC71E549F319B90F95A87691FA5.e.2463"}]}
RESULT: {"script":"<script> [8489 bytes]","args":[{"element-6066-11e4-a52e-4f735466cecf":"f.8420AFDB22D113F0275E61267E529F05.d.FB797AC71E549F319B90F95A87691FA5.e.2463","ELEMENT":"f.8420AFDB22D113F0275E61267E529F05.d.FB797AC71E549F319B90F95A87691FA5.e.2463"}]}
COMMAND: POST /session/59389012155df3fc64e839119ed77469/execute/async - {"script":"<script> [1562 bytes]","args":[{"selector":{"id":"application-managesites-display-component---NewSite--addressNewCostObjectCstID-vhi"},"wdio_ui5_key":"applicationmanagesites-display-component---NewSite--addressNewCostObjectCstID-vhi"}]}
COMMAND: GET /session/59389012155df3fc64e839119ed77469/screenshot - {}
RESULT: {"script":"<script> [1562 bytes]","args":[{"selector":{"id":"application-managesites-display-component---NewSite--addressNewCostObjectCstID-vhi"},"wdio_ui5_key":"applicationmanagesites-display-component---NewSite--addressNewCostObjectCstID-vhi"}]}
RESULT: undefined
COMMAND: POST /session/59389012155df3fc64e839119ed77469/element - {"using":"xpath","value":"//*[@id=\"application-managesites-display-component---NewSite--addressNewCostObjectCstID-vhi\"]"}
RESULT: {}
RESULT: {"using":"xpath","value":"//*[@id=\"application-managesites-display-component---NewSite--addressNewCostObjectCstID-vhi\"]"}
COMMAND: POST /session/59389012155df3fc64e839119ed77469/element/f.8420AFDB22D113F0275E61267E529F05.d.FB797AC71E549F319B90F95A87691FA5.e.2463/click - {}
RESULT: {}
COMMAND: GET /session/59389012155df3fc64e839119ed77469/screenshot - {}
RESULT: {}
RESULT: undefined
COMMAND: POST /session/59389012155df3fc64e839119ed77469/execute/async - {"script":"<script> [776 bytes]","args":[{"enterText":"10001013","selector":{"controlType":"sap.m.SearchField","properties":{"placeholder":"Search"},"searchOpenDialogs":true,"interaction":{"idSuffix":"I"}},"clearTextFirst":true,"interactionType":"ENTER_TEXT"}]}
RESULT: {"script":"<script> [776 bytes]","args":[{"enterText":"10001013","selector":{"controlType":"sap.m.SearchField","properties":{"placeholder":"Search"},"searchOpenDialogs":true,"interaction":{"idSuffix":"I"}},"clearTextFirst":true,"interactionType":"ENTER_TEXT"}]}
COMMAND: POST /session/59389012155df3fc64e839119ed77469/actions - {"actions":[{"id":"action6","type":"key","parameters":{},"actions":[{"type":"keyDown","value":"î€‡"},{"type":"pause","duration":10},{"type":"keyUp","value":"î€‡"}]}]}
RESULT: {"actions":[{"id":"action6","type":"key","parameters":{},"actions":[{"type":"keyDown","value":"î€‡"},{"type":"pause","duration":10},{"type":"keyUp","value":"î€‡"}]}]}
COMMAND: GET /session/59389012155df3fc64e839119ed77469/screenshot - {}
RESULT: {}
COMMAND: POST /session/59389012155df3fc64e839119ed77469/element - {"using":"xpath","value":"//span[contains(text(), \"General Management\")]"}
RESULT: {"using":"xpath","value":"//span[contains(text(), \"General Management\")]"}
COMMAND: POST /session/59389012155df3fc64e839119ed77469/element/f.8420AFDB22D113F0275E61267E529F05.d.FB797AC71E549F319B90F95A87691FA5.e.2502/click - {}
RESULT: {}
COMMAND: GET /session/59389012155df3fc64e839119ed77469/screenshot - {}
RESULT: {}
COMMAND: POST /session/59389012155df3fc64e839119ed77469/element - {"using":"xpath","value":"//bdi[contains(text(), \"OK\")]"}
RESULT: {"using":"xpath","value":"//bdi[contains(text(), \"OK\")]"}
COMMAND: POST /session/59389012155df3fc64e839119ed77469/element/f.8420AFDB22D113F0275E61267E529F05.d.FB797AC71E549F319B90F95A87691FA5.e.2503/click - {}
RESULT: {}
COMMAND: GET /session/59389012155df3fc64e839119ed77469/screenshot - {}
RESULT: {}
COMMAND: POST /session/59389012155df3fc64e839119ed77469/element - {"using":"xpath","value":"//input[@id=\"application-managesites-display-component---NewSite--addressDetailDetailsCalendar-inner\"]"}
RESULT: {"using":"xpath","value":"//input[@id=\"application-managesites-display-component---NewSite--addressDetailDetailsCalendar-inner\"]"}
COMMAND: POST /session/59389012155df3fc64e839119ed77469/element/f.8420AFDB22D113F0275E61267E529F05.d.FB797AC71E549F319B90F95A87691FA5.e.2252/clear - {}
RESULT: {}
COMMAND: POST /session/59389012155df3fc64e839119ed77469/element/f.8420AFDB22D113F0275E61267E529F05.d.FB797AC71E549F319B90F95A87691FA5.e.2252/value - {"text":"Unit"}
COMMAND: GET /session/59389012155df3fc64e839119ed77469/screenshot - {}
RESULT: {"text":"Unit"}
COMMAND: GET /session/59389012155df3fc64e839119ed77469/screenshot - {}
RESULT: {}
RESULT: {}
COMMAND: POST /session/59389012155df3fc64e839119ed77469/actions - {"actions":[{"id":"action7","type":"key","parameters":{},"actions":[{"type":"keyDown","value":"î€‡"},{"type":"pause","duration":10},{"type":"keyUp","value":"î€‡"}]}]}
RESULT: {"actions":[{"id":"action7","type":"key","parameters":{},"actions":[{"type":"keyDown","value":"î€‡"},{"type":"pause","duration":10},{"type":"keyUp","value":"î€‡"}]}]}
COMMAND: POST /session/59389012155df3fc64e839119ed77469/element - {"using":"xpath","value":"//input[@id=\"application-managesites-display-component---NewSite--addressDetailDetailsYard-inner\"]"}
COMMAND: GET /session/59389012155df3fc64e839119ed77469/screenshot - {}
RESULT: {"using":"xpath","value":"//input[@id=\"application-managesites-display-component---NewSite--addressDetailDetailsYard-inner\"]"}
COMMAND: POST /session/59389012155df3fc64e839119ed77469/element/f.8420AFDB22D113F0275E61267E529F05.d.FB797AC71E549F319B90F95A87691FA5.e.2253/clear - {}
RESULT: {}
RESULT: {}
COMMAND: POST /session/59389012155df3fc64e839119ed77469/element/f.8420AFDB22D113F0275E61267E529F05.d.FB797AC71E549F319B90F95A87691FA5.e.2253/value - {"text":"485"}
COMMAND: GET /session/59389012155df3fc64e839119ed77469/screenshot - {}
RESULT: {"text":"485"}
COMMAND: GET /session/59389012155df3fc64e839119ed77469/screenshot - {}
RESULT: {}
RESULT: {}
COMMAND: POST /session/59389012155df3fc64e839119ed77469/element - {"using":"xpath","value":"//li[.//span[text()='485']]"}
RESULT: {"using":"xpath","value":"//li[.//span[text()='485']]"}
COMMAND: POST /session/59389012155df3fc64e839119ed77469/element/f.8420AFDB22D113F0275E61267E529F05.d.FB797AC71E549F319B90F95A87691FA5.e.2511/click - {}
RESULT: {}
COMMAND: GET /session/59389012155df3fc64e839119ed77469/screenshot - {}
RESULT: {}
COMMAND: POST /session/59389012155df3fc64e839119ed77469/element - {"using":"xpath","value":"//input[@id=\"application-managesites-display-component---NewSite--addressDetailDetailsPartner-inner\"]"}
RESULT: {"using":"xpath","value":"//input[@id=\"application-managesites-display-component---NewSite--addressDetailDetailsPartner-inner\"]"}
COMMAND: POST /session/59389012155df3fc64e839119ed77469/element - {"using":"xpath","value":"//input[@id=\"application-managesites-display-component---NewSite--addressDetailDetailsPartner-inner\"]"}
RESULT: {"using":"xpath","value":"//input[@id=\"application-managesites-display-component---NewSite--addressDetailDetailsPartner-inner\"]"}
COMMAND: POST /session/59389012155df3fc64e839119ed77469/element - {"using":"xpath","value":"//button[@data-kt=\"saveButton\"]"}
RESULT: {"using":"xpath","value":"//button[@data-kt=\"saveButton\"]"}
COMMAND: POST /session/59389012155df3fc64e839119ed77469/element/f.8420AFDB22D113F0275E61267E529F05.d.FB797AC71E549F319B90F95A87691FA5.e.2437/click - {}
RESULT: {}
COMMAND: GET /session/59389012155df3fc64e839119ed77469/screenshot - {}
RESULT: {}
COMMAND: POST /session/59389012155df3fc64e839119ed77469/element - {"using":"xpath","value":"//header[contains(@id, 'ObjectPageLayout-headerTitle')]/div[1]/div[2]/div[2]/span[1]"}
RESULT: {"using":"xpath","value":"//header[contains(@id, 'ObjectPageLayout-headerTitle')]/div[1]/div[2]/div[2]/span[1]"}
COMMAND: POST /session/59389012155df3fc64e839119ed77469/elements - {"using":"xpath","value":"//header[contains(@id, 'ObjectPageLayout-headerTitle')]/div[1]/div[2]/div[2]/span[1]"}
RESULT: {"using":"xpath","value":"//header[contains(@id, 'ObjectPageLayout-headerTitle')]/div[1]/div[2]/div[2]/span[1]"}
COMMAND: POST /session/59389012155df3fc64e839119ed77469/execute/sync - {"script":"<script> [56 bytes]","args":[{"element-6066-11e4-a52e-4f735466cecf":"f.8420AFDB22D113F0275E61267E529F05.d.FB797AC71E549F319B90F95A87691FA5.e.2714","ELEMENT":"f.8420AFDB22D113F0275E61267E529F05.d.FB797AC71E549F319B90F95A87691FA5.e.2714"}]}
RESULT: {"script":"<script> [56 bytes]","args":[{"element-6066-11e4-a52e-4f735466cecf":"f.8420AFDB22D113F0275E61267E529F05.d.FB797AC71E549F319B90F95A87691FA5.e.2714","ELEMENT":"f.8420AFDB22D113F0275E61267E529F05.d.FB797AC71E549F319B90F95A87691FA5.e.2714"}]}
COMMAND: POST /session/59389012155df3fc64e839119ed77469/element - {"using":"css selector","value":"#shell-header-logo"}
COMMAND: GET /session/59389012155df3fc64e839119ed77469/screenshot - {}
RESULT: {"using":"css selector","value":"#shell-header-logo"}
COMMAND: POST /session/59389012155df3fc64e839119ed77469/element/f.8420AFDB22D113F0275E61267E529F05.d.FB797AC71E549F319B90F95A87691FA5.e.1797/click - {}
RESULT: {}
RESULT: {}
COMMAND: GET /session/59389012155df3fc64e839119ed77469/screenshot - {}
RESULT: {}
COMMAND: POST /session/59389012155df3fc64e839119ed77469/execute/sync - {"script":"<script> [299 bytes]","args":[["getModel","getResource"]]}
RESULT: {"script":"<script> [299 bytes]","args":[["getModel","getResource"]]}
]]></system-out>
    </testcase>
    <testcase classname="chrome.135_0_7049_96.windows.Billing_confirm_US117289" name="Should create a new equipment" time="116.505">
      <system-out><![CDATA[
COMMAND: GET /session/59389012155df3fc64e839119ed77469/screenshot - {}
COMMAND: POST /session/59389012155df3fc64e839119ed77469/execute/async - {"script":"<script> [1562 bytes]","args":[{"selector":{"controlType":"sap.m.GenericTile","properties":{"header":"Manage Resources"}},"wdio_ui5_key":"sapm.GenericTile{\"header\":\"Manage Resources\"}"}]}
RESULT: {}
RESULT: {"script":"<script> [1562 bytes]","args":[{"selector":{"controlType":"sap.m.GenericTile","properties":{"header":"Manage Resources"}},"wdio_ui5_key":"sapm.GenericTile{\"header\":\"Manage Resources\"}"}]}
RESULT: undefined
COMMAND: POST /session/59389012155df3fc64e839119ed77469/element - {"using":"xpath","value":"//*[@id=\"__tile39\"]"}
RESULT: {"using":"xpath","value":"//*[@id=\"__tile39\"]"}
COMMAND: POST /session/59389012155df3fc64e839119ed77469/element/f.8420AFDB22D113F0275E61267E529F05.d.FB797AC71E549F319B90F95A87691FA5.e.140/click - {}
RESULT: {}
COMMAND: POST /session/59389012155df3fc64e839119ed77469/element - {"using":"xpath","value":"//button[@data-kt=\"addNewRUOverflowToolbarButton\"]"}
COMMAND: GET /session/59389012155df3fc64e839119ed77469/screenshot - {}
RESULT: {"using":"xpath","value":"//button[@data-kt=\"addNewRUOverflowToolbarButton\"]"}
COMMAND: POST /session/59389012155df3fc64e839119ed77469/elements - {"using":"xpath","value":"//button[@data-kt=\"addNewRUOverflowToolbarButton\"]"}
RESULT: {}
RESULT: {"using":"xpath","value":"//button[@data-kt=\"addNewRUOverflowToolbarButton\"]"}
COMMAND: POST /session/59389012155df3fc64e839119ed77469/elements - {"using":"xpath","value":"//button[@data-kt=\"addNewRUOverflowToolbarButton\"]"}
RESULT: {"using":"xpath","value":"//button[@data-kt=\"addNewRUOverflowToolbarButton\"]"}
COMMAND: POST /session/59389012155df3fc64e839119ed77469/elements - {"using":"xpath","value":"//button[@data-kt=\"addNewRUOverflowToolbarButton\"]"}
RESULT: {"using":"xpath","value":"//button[@data-kt=\"addNewRUOverflowToolbarButton\"]"}
COMMAND: POST /session/59389012155df3fc64e839119ed77469/elements - {"using":"xpath","value":"//button[@data-kt=\"addNewRUOverflowToolbarButton\"]"}
RESULT: {"using":"xpath","value":"//button[@data-kt=\"addNewRUOverflowToolbarButton\"]"}
COMMAND: POST /session/59389012155df3fc64e839119ed77469/elements - {"using":"xpath","value":"//button[@data-kt=\"addNewRUOverflowToolbarButton\"]"}
RESULT: {"using":"xpath","value":"//button[@data-kt=\"addNewRUOverflowToolbarButton\"]"}
COMMAND: POST /session/59389012155df3fc64e839119ed77469/elements - {"using":"xpath","value":"//button[@data-kt=\"addNewRUOverflowToolbarButton\"]"}
RESULT: {"using":"xpath","value":"//button[@data-kt=\"addNewRUOverflowToolbarButton\"]"}
COMMAND: POST /session/59389012155df3fc64e839119ed77469/elements - {"using":"xpath","value":"//button[@data-kt=\"addNewRUOverflowToolbarButton\"]"}
RESULT: {"using":"xpath","value":"//button[@data-kt=\"addNewRUOverflowToolbarButton\"]"}
COMMAND: POST /session/59389012155df3fc64e839119ed77469/elements - {"using":"xpath","value":"//button[@data-kt=\"addNewRUOverflowToolbarButton\"]"}
RESULT: {"using":"xpath","value":"//button[@data-kt=\"addNewRUOverflowToolbarButton\"]"}
COMMAND: POST /session/59389012155df3fc64e839119ed77469/elements - {"using":"xpath","value":"//button[@data-kt=\"addNewRUOverflowToolbarButton\"]"}
RESULT: {"using":"xpath","value":"//button[@data-kt=\"addNewRUOverflowToolbarButton\"]"}
COMMAND: POST /session/59389012155df3fc64e839119ed77469/elements - {"using":"xpath","value":"//button[@data-kt=\"addNewRUOverflowToolbarButton\"]"}
RESULT: {"using":"xpath","value":"//button[@data-kt=\"addNewRUOverflowToolbarButton\"]"}
COMMAND: POST /session/59389012155df3fc64e839119ed77469/elements - {"using":"xpath","value":"//button[@data-kt=\"addNewRUOverflowToolbarButton\"]"}
RESULT: {"using":"xpath","value":"//button[@data-kt=\"addNewRUOverflowToolbarButton\"]"}
COMMAND: POST /session/59389012155df3fc64e839119ed77469/elements - {"using":"xpath","value":"//button[@data-kt=\"addNewRUOverflowToolbarButton\"]"}
RESULT: {"using":"xpath","value":"//button[@data-kt=\"addNewRUOverflowToolbarButton\"]"}
COMMAND: POST /session/59389012155df3fc64e839119ed77469/elements - {"using":"xpath","value":"//button[@data-kt=\"addNewRUOverflowToolbarButton\"]"}
RESULT: {"using":"xpath","value":"//button[@data-kt=\"addNewRUOverflowToolbarButton\"]"}
COMMAND: POST /session/59389012155df3fc64e839119ed77469/elements - {"using":"xpath","value":"//button[@data-kt=\"addNewRUOverflowToolbarButton\"]"}
RESULT: {"using":"xpath","value":"//button[@data-kt=\"addNewRUOverflowToolbarButton\"]"}
COMMAND: POST /session/59389012155df3fc64e839119ed77469/element - {"using":"xpath","value":"//button[@data-kt=\"addNewRUOverflowToolbarButton\"]"}
RESULT: {"using":"xpath","value":"//button[@data-kt=\"addNewRUOverflowToolbarButton\"]"}
COMMAND: POST /session/59389012155df3fc64e839119ed77469/execute/sync - {"script":"<script> [8489 bytes]","args":[{"element-6066-11e4-a52e-4f735466cecf":"f.8420AFDB22D113F0275E61267E529F05.d.FB797AC71E549F319B90F95A87691FA5.e.2757","ELEMENT":"f.8420AFDB22D113F0275E61267E529F05.d.FB797AC71E549F319B90F95A87691FA5.e.2757"}]}
RESULT: {"script":"<script> [8489 bytes]","args":[{"element-6066-11e4-a52e-4f735466cecf":"f.8420AFDB22D113F0275E61267E529F05.d.FB797AC71E549F319B90F95A87691FA5.e.2757","ELEMENT":"f.8420AFDB22D113F0275E61267E529F05.d.FB797AC71E549F319B90F95A87691FA5.e.2757"}]}
COMMAND: GET /session/59389012155df3fc64e839119ed77469/element/f.8420AFDB22D113F0275E61267E529F05.d.FB797AC71E549F319B90F95A87691FA5.e.2757/enabled - {}
COMMAND: GET /session/59389012155df3fc64e839119ed77469/screenshot - {}
RESULT: {}
COMMAND: POST /session/59389012155df3fc64e839119ed77469/execute/sync - {"script":"<script> [8489 bytes]","args":[{"element-6066-11e4-a52e-4f735466cecf":"f.8420AFDB22D113F0275E61267E529F05.d.FB797AC71E549F319B90F95A87691FA5.e.2757","ELEMENT":"f.8420AFDB22D113F0275E61267E529F05.d.FB797AC71E549F319B90F95A87691FA5.e.2757"}]}
COMMAND: GET /session/59389012155df3fc64e839119ed77469/screenshot - {}
RESULT: {}
RESULT: {"script":"<script> [8489 bytes]","args":[{"element-6066-11e4-a52e-4f735466cecf":"f.8420AFDB22D113F0275E61267E529F05.d.FB797AC71E549F319B90F95A87691FA5.e.2757","ELEMENT":"f.8420AFDB22D113F0275E61267E529F05.d.FB797AC71E549F319B90F95A87691FA5.e.2757"}]}
COMMAND: POST /session/59389012155df3fc64e839119ed77469/execute/sync - {"script":"<script> [5351 bytes]","args":[{"element-6066-11e4-a52e-4f735466cecf":"f.8420AFDB22D113F0275E61267E529F05.d.FB797AC71E549F319B90F95A87691FA5.e.2757","ELEMENT":"f.8420AFDB22D113F0275E61267E529F05.d.FB797AC71E549F319B90F95A87691FA5.e.2757"}]}
COMMAND: GET /session/59389012155df3fc64e839119ed77469/screenshot - {}
RESULT: {}
RESULT: {"script":"<script> [5351 bytes]","args":[{"element-6066-11e4-a52e-4f735466cecf":"f.8420AFDB22D113F0275E61267E529F05.d.FB797AC71E549F319B90F95A87691FA5.e.2757","ELEMENT":"f.8420AFDB22D113F0275E61267E529F05.d.FB797AC71E549F319B90F95A87691FA5.e.2757"}]}
COMMAND: POST /session/59389012155df3fc64e839119ed77469/element/f.8420AFDB22D113F0275E61267E529F05.d.FB797AC71E549F319B90F95A87691FA5.e.2757/click - {}
COMMAND: GET /session/59389012155df3fc64e839119ed77469/screenshot - {}
RESULT: {}
RESULT: {}
COMMAND: GET /session/59389012155df3fc64e839119ed77469/screenshot - {}
RESULT: {}
COMMAND: POST /session/59389012155df3fc64e839119ed77469/execute/async - {"script":"<script> [1562 bytes]","args":[{"selector":{"id":"application-manageresources-display-component---newResourceUnit--TYPE-arrow"},"wdio_ui5_key":"applicationmanageresources-display-component---newResourceUnit--TYPE-arrow"}]}
RESULT: {}
RESULT: {"script":"<script> [1562 bytes]","args":[{"selector":{"id":"application-manageresources-display-component---newResourceUnit--TYPE-arrow"},"wdio_ui5_key":"applicationmanageresources-display-component---newResourceUnit--TYPE-arrow"}]}
RESULT: undefined
COMMAND: POST /session/59389012155df3fc64e839119ed77469/element - {"using":"xpath","value":"//*[@id=\"application-manageresources-display-component---newResourceUnit--TYPE-arrow\"]"}
RESULT: {"using":"xpath","value":"//*[@id=\"application-manageresources-display-component---newResourceUnit--TYPE-arrow\"]"}
COMMAND: POST /session/59389012155df3fc64e839119ed77469/element/f.8420AFDB22D113F0275E61267E529F05.d.FB797AC71E549F319B90F95A87691FA5.e.3117/click - {}
RESULT: {}
COMMAND: POST /session/59389012155df3fc64e839119ed77469/element - {"using":"xpath","value":"//input[@id=\"application-manageresources-display-component---newResourceUnit--TYPE-inner\"]"}
COMMAND: GET /session/59389012155df3fc64e839119ed77469/screenshot - {}
RESULT: {"using":"xpath","value":"//input[@id=\"application-manageresources-display-component---newResourceUnit--TYPE-inner\"]"}
COMMAND: POST /session/59389012155df3fc64e839119ed77469/element/f.8420AFDB22D113F0275E61267E529F05.d.FB797AC71E549F319B90F95A87691FA5.e.3096/clear - {}
RESULT: {}
RESULT: {}
COMMAND: POST /session/59389012155df3fc64e839119ed77469/element/f.8420AFDB22D113F0275E61267E529F05.d.FB797AC71E549F319B90F95A87691FA5.e.3096/value - {"text":"Equipment"}
COMMAND: GET /session/59389012155df3fc64e839119ed77469/screenshot - {}
RESULT: {"text":"Equipment"}
COMMAND: GET /session/59389012155df3fc64e839119ed77469/screenshot - {}
RESULT: {}
RESULT: {}
COMMAND: POST /session/59389012155df3fc64e839119ed77469/actions - {"actions":[{"id":"action8","type":"key","parameters":{},"actions":[{"type":"keyDown","value":"î€‡"},{"type":"pause","duration":10},{"type":"keyUp","value":"î€‡"}]}]}
RESULT: {"actions":[{"id":"action8","type":"key","parameters":{},"actions":[{"type":"keyDown","value":"î€‡"},{"type":"pause","duration":10},{"type":"keyUp","value":"î€‡"}]}]}
COMMAND: POST /session/59389012155df3fc64e839119ed77469/execute/async - {"script":"<script> [1562 bytes]","args":[{"selector":{"id":"application-manageresources-display-component---newResourceUnit--resourceId","interaction":{"idSuffix":"inner"}},"wdio_ui5_key":"applicationmanageresources-display-component---newResourceUnit--resourceId"}]}
COMMAND: GET /session/59389012155df3fc64e839119ed77469/screenshot - {}
RESULT: {"script":"<script> [1562 bytes]","args":[{"selector":{"id":"application-manageresources-display-component---newResourceUnit--resourceId","interaction":{"idSuffix":"inner"}},"wdio_ui5_key":"applicationmanageresources-display-component---newResourceUnit--resourceId"}]}
RESULT: undefined
COMMAND: POST /session/59389012155df3fc64e839119ed77469/execute/async - {"script":"<script> [776 bytes]","args":[{"enterText":"K94fW5NlMT","selector":{"id":"application-manageresources-display-component---newResourceUnit--resourceId","interaction":{"idSuffix":"inner"}},"clearTextFirst":true,"interactionType":"ENTER_TEXT"}]}
RESULT: {}
RESULT: {"script":"<script> [776 bytes]","args":[{"enterText":"K94fW5NlMT","selector":{"id":"application-manageresources-display-component---newResourceUnit--resourceId","interaction":{"idSuffix":"inner"}},"clearTextFirst":true,"interactionType":"ENTER_TEXT"}]}
COMMAND: POST /session/59389012155df3fc64e839119ed77469/execute/async - {"script":"<script> [1562 bytes]","args":[{"selector":{"id":"application-manageresources-display-component---newResourceUnit--SHORT_TEXT","interaction":{"idSuffix":"inner"}},"wdio_ui5_key":"applicationmanageresources-display-component---newResourceUnit--SHORT_TEXT"}]}
RESULT: {"script":"<script> [1562 bytes]","args":[{"selector":{"id":"application-manageresources-display-component---newResourceUnit--SHORT_TEXT","interaction":{"idSuffix":"inner"}},"wdio_ui5_key":"applicationmanageresources-display-component---newResourceUnit--SHORT_TEXT"}]}
RESULT: undefined
COMMAND: POST /session/59389012155df3fc64e839119ed77469/execute/async - {"script":"<script> [776 bytes]","args":[{"enterText":"Intercompany Equipment WDIO","selector":{"id":"application-manageresources-display-component---newResourceUnit--SHORT_TEXT","interaction":{"idSuffix":"inner"}},"clearTextFirst":true,"interactionType":"ENTER_TEXT"}]}
RESULT: {"script":"<script> [776 bytes]","args":[{"enterText":"Intercompany Equipment WDIO","selector":{"id":"application-manageresources-display-component---newResourceUnit--SHORT_TEXT","interaction":{"idSuffix":"inner"}},"clearTextFirst":true,"interactionType":"ENTER_TEXT"}]}
COMMAND: POST /session/59389012155df3fc64e839119ed77469/execute/async - {"script":"<script> [1562 bytes]","args":[{"selector":{"id":"application-manageresources-display-component---newResourceUnit--BASE_UNIT_OF_MEASURE","interaction":{"idSuffix":"inner"}},"wdio_ui5_key":"applicationmanageresources-display-component---newResourceUnit--BASE_UNIT_OF_MEASURE"}]}
RESULT: {"script":"<script> [1562 bytes]","args":[{"selector":{"id":"application-manageresources-display-component---newResourceUnit--BASE_UNIT_OF_MEASURE","interaction":{"idSuffix":"inner"}},"wdio_ui5_key":"applicationmanageresources-display-component---newResourceUnit--BASE_UNIT_OF_MEASURE"}]}
RESULT: undefined
COMMAND: POST /session/59389012155df3fc64e839119ed77469/execute/async - {"script":"<script> [776 bytes]","args":[{"enterText":"Piece","selector":{"id":"application-manageresources-display-component---newResourceUnit--BASE_UNIT_OF_MEASURE","interaction":{"idSuffix":"inner"}},"clearTextFirst":true,"interactionType":"ENTER_TEXT"}]}
RESULT: {"script":"<script> [776 bytes]","args":[{"enterText":"Piece","selector":{"id":"application-manageresources-display-component---newResourceUnit--BASE_UNIT_OF_MEASURE","interaction":{"idSuffix":"inner"}},"clearTextFirst":true,"interactionType":"ENTER_TEXT"}]}
COMMAND: POST /session/59389012155df3fc64e839119ed77469/execute/async - {"script":"<script> [1562 bytes]","args":[{"selector":{"id":"application-manageresources-display-component---newResourceUnit--WEIGHT_UNIT","interaction":{"idSuffix":"inner"}},"wdio_ui5_key":"applicationmanageresources-display-component---newResourceUnit--WEIGHT_UNIT"}]}
RESULT: {"script":"<script> [1562 bytes]","args":[{"selector":{"id":"application-manageresources-display-component---newResourceUnit--WEIGHT_UNIT","interaction":{"idSuffix":"inner"}},"wdio_ui5_key":"applicationmanageresources-display-component---newResourceUnit--WEIGHT_UNIT"}]}
RESULT: undefined
COMMAND: POST /session/59389012155df3fc64e839119ed77469/execute/async - {"script":"<script> [776 bytes]","args":[{"enterText":"Gram","selector":{"id":"application-manageresources-display-component---newResourceUnit--WEIGHT_UNIT","interaction":{"idSuffix":"inner"}},"clearTextFirst":true,"interactionType":"ENTER_TEXT"}]}
RESULT: {"script":"<script> [776 bytes]","args":[{"enterText":"Gram","selector":{"id":"application-manageresources-display-component---newResourceUnit--WEIGHT_UNIT","interaction":{"idSuffix":"inner"}},"clearTextFirst":true,"interactionType":"ENTER_TEXT"}]}
COMMAND: POST /session/59389012155df3fc64e839119ed77469/execute/async - {"script":"<script> [1562 bytes]","args":[{"selector":{"id":"application-manageresources-display-component---newResourceUnit--DIMENSION_UNIT","interaction":{"idSuffix":"inner"}},"wdio_ui5_key":"applicationmanageresources-display-component---newResourceUnit--DIMENSION_UNIT"}]}
RESULT: {"script":"<script> [1562 bytes]","args":[{"selector":{"id":"application-manageresources-display-component---newResourceUnit--DIMENSION_UNIT","interaction":{"idSuffix":"inner"}},"wdio_ui5_key":"applicationmanageresources-display-component---newResourceUnit--DIMENSION_UNIT"}]}
RESULT: undefined
COMMAND: POST /session/59389012155df3fc64e839119ed77469/execute/async - {"script":"<script> [776 bytes]","args":[{"enterText":"Meter","selector":{"id":"application-manageresources-display-component---newResourceUnit--DIMENSION_UNIT","interaction":{"idSuffix":"inner"}},"clearTextFirst":true,"interactionType":"ENTER_TEXT"}]}
RESULT: {"script":"<script> [776 bytes]","args":[{"enterText":"Meter","selector":{"id":"application-manageresources-display-component---newResourceUnit--DIMENSION_UNIT","interaction":{"idSuffix":"inner"}},"clearTextFirst":true,"interactionType":"ENTER_TEXT"}]}
COMMAND: POST /session/59389012155df3fc64e839119ed77469/execute/async - {"script":"<script> [1562 bytes]","args":[{"selector":{"id":"application-manageresources-display-component---newResourceUnit--newRRUPage-anchBar-application-manageresources-display-component---newResourceUnit--control-anchor","interaction":{"idSuffix":"BDI-content"}},"wdio_ui5_key":"applicationmanageresources-display-component---newResourceUnit--newRRUPage-anchBar-application-manageresources-display-component---newResourceUnit--control-anchor"}]}
RESULT: {"script":"<script> [1562 bytes]","args":[{"selector":{"id":"application-manageresources-display-component---newResourceUnit--newRRUPage-anchBar-application-manageresources-display-component---newResourceUnit--control-anchor","interaction":{"idSuffix":"BDI-content"}},"wdio_ui5_key":"applicationmanageresources-display-component---newResourceUnit--newRRUPage-anchBar-application-manageresources-display-component---newResourceUnit--control-anchor"}]}
RESULT: undefined
COMMAND: POST /session/59389012155df3fc64e839119ed77469/element - {"using":"xpath","value":"//*[@id=\"application-manageresources-display-component---newResourceUnit--newRRUPage-anchBar-application-manageresources-display-component---newResourceUnit--control-anchor\"]"}
RESULT: {"using":"xpath","value":"//*[@id=\"application-manageresources-display-component---newResourceUnit--newRRUPage-anchBar-application-manageresources-display-component---newResourceUnit--control-anchor\"]"}
COMMAND: POST /session/59389012155df3fc64e839119ed77469/element/f.8420AFDB22D113F0275E61267E529F05.d.FB797AC71E549F319B90F95A87691FA5.e.3250/click - {}
RESULT: {}
COMMAND: POST /session/59389012155df3fc64e839119ed77469/execute/async - {"script":"<script> [1562 bytes]","args":[{"selector":{"id":"application-manageresources-display-component---newResourceUnit--PLANNING_GROUP","interaction":{"idSuffix":"inner"}},"wdio_ui5_key":"applicationmanageresources-display-component---newResourceUnit--PLANNING_GROUP"}]}
COMMAND: GET /session/59389012155df3fc64e839119ed77469/screenshot - {}
RESULT: {"script":"<script> [1562 bytes]","args":[{"selector":{"id":"application-manageresources-display-component---newResourceUnit--PLANNING_GROUP","interaction":{"idSuffix":"inner"}},"wdio_ui5_key":"applicationmanageresources-display-component---newResourceUnit--PLANNING_GROUP"}]}
RESULT: undefined
COMMAND: POST /session/59389012155df3fc64e839119ed77469/execute/async - {"script":"<script> [776 bytes]","args":[{"enterText":"Heavy Equi","selector":{"id":"application-manageresources-display-component---newResourceUnit--PLANNING_GROUP","interaction":{"idSuffix":"inner"}},"clearTextFirst":true,"interactionType":"ENTER_TEXT"}]}
RESULT: {}
RESULT: {"script":"<script> [776 bytes]","args":[{"enterText":"Heavy Equi","selector":{"id":"application-manageresources-display-component---newResourceUnit--PLANNING_GROUP","interaction":{"idSuffix":"inner"}},"clearTextFirst":true,"interactionType":"ENTER_TEXT"}]}
COMMAND: POST /session/59389012155df3fc64e839119ed77469/execute/async - {"script":"<script> [1562 bytes]","args":[{"selector":{"id":"application-manageresources-display-component---newResourceUnit--ITEM_TYPE-arrow"},"wdio_ui5_key":"applicationmanageresources-display-component---newResourceUnit--ITEM_TYPE-arrow"}]}
RESULT: {"script":"<script> [1562 bytes]","args":[{"selector":{"id":"application-manageresources-display-component---newResourceUnit--ITEM_TYPE-arrow"},"wdio_ui5_key":"applicationmanageresources-display-component---newResourceUnit--ITEM_TYPE-arrow"}]}
RESULT: undefined
COMMAND: POST /session/59389012155df3fc64e839119ed77469/element - {"using":"xpath","value":"//*[@id=\"application-manageresources-display-component---newResourceUnit--ITEM_TYPE-arrow\"]"}
RESULT: {"using":"xpath","value":"//*[@id=\"application-manageresources-display-component---newResourceUnit--ITEM_TYPE-arrow\"]"}
COMMAND: POST /session/59389012155df3fc64e839119ed77469/element/f.8420AFDB22D113F0275E61267E529F05.d.FB797AC71E549F319B90F95A87691FA5.e.3257/click - {}
RESULT: {}
COMMAND: POST /session/59389012155df3fc64e839119ed77469/element - {"using":"xpath","value":"(//span[contains(text(), \"Resource Unit\")])[2]"}
COMMAND: GET /session/59389012155df3fc64e839119ed77469/screenshot - {}
RESULT: {"using":"xpath","value":"(//span[contains(text(), \"Resource Unit\")])[2]"}
COMMAND: POST /session/59389012155df3fc64e839119ed77469/element/f.8420AFDB22D113F0275E61267E529F05.d.FB797AC71E549F319B90F95A87691FA5.e.3258/click - {}
RESULT: {}
RESULT: {}
COMMAND: GET /session/59389012155df3fc64e839119ed77469/screenshot - {}
RESULT: {}
COMMAND: POST /session/59389012155df3fc64e839119ed77469/element - {"using":"css selector","value":"#application-manageresources-display-component---newResourceUnit--btnAddTimeSegment"}
RESULT: {"using":"css selector","value":"#application-manageresources-display-component---newResourceUnit--btnAddTimeSegment"}
COMMAND: GET /session/59389012155df3fc64e839119ed77469/element/f.8420AFDB22D113F0275E61267E529F05.d.FB797AC71E549F319B90F95A87691FA5.e.3259/rect - {}
RESULT: {}
COMMAND: GET /session/59389012155df3fc64e839119ed77469/window/rect - {}
RESULT: {}
COMMAND: POST /session/59389012155df3fc64e839119ed77469/execute/sync - {"script":"<script> [92 bytes]","args":[]}
RESULT: {"script":"<script> [92 bytes]","args":[]}
COMMAND: POST /session/59389012155df3fc64e839119ed77469/actions - {"actions":[{"id":"action9","type":"wheel","parameters":{},"actions":[{"type":"scroll","x":-1888,"y":-32,"deltaX":0,"deltaY":0,"duration":0,"origin":{"element-6066-11e4-a52e-4f735466cecf":"f.8420AFDB22D113F0275E61267E529F05.d.FB797AC71E549F319B90F95A87691FA5.e.3259"}}]}]}
COMMAND: GET /session/59389012155df3fc64e839119ed77469/screenshot - {}
RESULT: {}
COMMAND: POST /session/59389012155df3fc64e839119ed77469/execute/sync - {"script":"<script> [79 bytes]","args":[{"element-6066-11e4-a52e-4f735466cecf":"f.8420AFDB22D113F0275E61267E529F05.d.FB797AC71E549F319B90F95A87691FA5.e.3259","ELEMENT":"f.8420AFDB22D113F0275E61267E529F05.d.FB797AC71E549F319B90F95A87691FA5.e.3259"},{"block":"start","inline":"nearest"}]}
RESULT: {"script":"<script> [79 bytes]","args":[{"element-6066-11e4-a52e-4f735466cecf":"f.8420AFDB22D113F0275E61267E529F05.d.FB797AC71E549F319B90F95A87691FA5.e.3259","ELEMENT":"f.8420AFDB22D113F0275E61267E529F05.d.FB797AC71E549F319B90F95A87691FA5.e.3259"},{"block":"start","inline":"nearest"}]}
COMMAND: POST /session/59389012155df3fc64e839119ed77469/execute/async - {"script":"<script> [1562 bytes]","args":[{"selector":{"id":"application-manageresources-display-component---newResourceUnit--btnAddTimeSegment","interaction":{"idSuffix":"inner"}},"wdio_ui5_key":"applicationmanageresources-display-component---newResourceUnit--btnAddTimeSegment"}]}
COMMAND: GET /session/59389012155df3fc64e839119ed77469/screenshot - {}
RESULT: {"script":"<script> [1562 bytes]","args":[{"selector":{"id":"application-manageresources-display-component---newResourceUnit--btnAddTimeSegment","interaction":{"idSuffix":"inner"}},"wdio_ui5_key":"applicationmanageresources-display-component---newResourceUnit--btnAddTimeSegment"}]}
RESULT: undefined
COMMAND: POST /session/59389012155df3fc64e839119ed77469/element - {"using":"xpath","value":"//*[@id=\"application-manageresources-display-component---newResourceUnit--btnAddTimeSegment\"]"}
RESULT: {}
RESULT: {"using":"xpath","value":"//*[@id=\"application-manageresources-display-component---newResourceUnit--btnAddTimeSegment\"]"}
COMMAND: POST /session/59389012155df3fc64e839119ed77469/element/f.8420AFDB22D113F0275E61267E529F05.d.FB797AC71E549F319B90F95A87691FA5.e.3259/click - {}
RESULT: {}
COMMAND: GET /session/59389012155df3fc64e839119ed77469/screenshot - {}
RESULT: {}
COMMAND: POST /session/59389012155df3fc64e839119ed77469/element - {"using":"xpath","value":"//input[@id=\"application-manageresources-display-component---newResourceUnit--idRuTSAdmin-application-manageresources-display-component---newResourceUnit--RUTimeSegment-0-inner\"]"}
RESULT: {"using":"xpath","value":"//input[@id=\"application-manageresources-display-component---newResourceUnit--idRuTSAdmin-application-manageresources-display-component---newResourceUnit--RUTimeSegment-0-inner\"]"}
COMMAND: POST /session/59389012155df3fc64e839119ed77469/element/f.8420AFDB22D113F0275E61267E529F05.d.FB797AC71E549F319B90F95A87691FA5.e.3265/clear - {}
RESULT: {}
COMMAND: POST /session/59389012155df3fc64e839119ed77469/element/f.8420AFDB22D113F0275E61267E529F05.d.FB797AC71E549F319B90F95A87691FA5.e.3265/value - {"text":"485"}
COMMAND: GET /session/59389012155df3fc64e839119ed77469/screenshot - {}
RESULT: {"text":"485"}
COMMAND: GET /session/59389012155df3fc64e839119ed77469/screenshot - {}
RESULT: {}
RESULT: {}
COMMAND: POST /session/59389012155df3fc64e839119ed77469/element - {"using":"xpath","value":"//li[.//span[text()='485']]"}
RESULT: {"using":"xpath","value":"//li[.//span[text()='485']]"}
COMMAND: POST /session/59389012155df3fc64e839119ed77469/element/f.8420AFDB22D113F0275E61267E529F05.d.FB797AC71E549F319B90F95A87691FA5.e.3277/click - {}
RESULT: {}
COMMAND: GET /session/59389012155df3fc64e839119ed77469/screenshot - {}
RESULT: {}
COMMAND: POST /session/59389012155df3fc64e839119ed77469/element - {"using":"xpath","value":"(//span[contains(@id, \"-application-manageresources-display-component---newResourceUnit--RUTimeSegment-0-arrow\")])[6]"}
RESULT: {"using":"xpath","value":"(//span[contains(@id, \"-application-manageresources-display-component---newResourceUnit--RUTimeSegment-0-arrow\")])[6]"}
COMMAND: POST /session/59389012155df3fc64e839119ed77469/element/f.8420AFDB22D113F0275E61267E529F05.d.FB797AC71E549F319B90F95A87691FA5.e.3278/click - {}
RESULT: {}
COMMAND: GET /session/59389012155df3fc64e839119ed77469/screenshot - {}
RESULT: {}
COMMAND: POST /session/59389012155df3fc64e839119ed77469/element - {"using":"xpath","value":"//span[contains(text(), \"PM Order\")]"}
RESULT: {"using":"xpath","value":"//span[contains(text(), \"PM Order\")]"}
COMMAND: POST /session/59389012155df3fc64e839119ed77469/element/f.8420AFDB22D113F0275E61267E529F05.d.FB797AC71E549F319B90F95A87691FA5.e.3281/click - {}
RESULT: {}
COMMAND: GET /session/59389012155df3fc64e839119ed77469/screenshot - {}
RESULT: {}
COMMAND: POST /session/59389012155df3fc64e839119ed77469/element - {"using":"xpath","value":"(//span[contains(@id ,\"manageresources-display-component---newResourceUnit--RUTimeSegment-0-vhi\")])[1]"}
RESULT: {"using":"xpath","value":"(//span[contains(@id ,\"manageresources-display-component---newResourceUnit--RUTimeSegment-0-vhi\")])[1]"}
COMMAND: GET /session/59389012155df3fc64e839119ed77469/element/f.8420AFDB22D113F0275E61267E529F05.d.FB797AC71E549F319B90F95A87691FA5.e.3285/rect - {}
RESULT: {}
COMMAND: GET /session/59389012155df3fc64e839119ed77469/window/rect - {}
RESULT: {}
COMMAND: POST /session/59389012155df3fc64e839119ed77469/execute/sync - {"script":"<script> [92 bytes]","args":[]}
RESULT: {"script":"<script> [92 bytes]","args":[]}
COMMAND: POST /session/59389012155df3fc64e839119ed77469/actions - {"actions":[{"id":"action10","type":"wheel","parameters":{},"actions":[{"type":"scroll","x":-869,"y":-24,"deltaX":0,"deltaY":0,"duration":0,"origin":{"element-6066-11e4-a52e-4f735466cecf":"f.8420AFDB22D113F0275E61267E529F05.d.FB797AC71E549F319B90F95A87691FA5.e.3285"}}]}]}
COMMAND: GET /session/59389012155df3fc64e839119ed77469/screenshot - {}
RESULT: {"actions":[{"id":"action10","type":"wheel","parameters":{},"actions":[{"type":"scroll","x":-869,"y":-24,"deltaX":0,"deltaY":0,"duration":0,"origin":{"element-6066-11e4-a52e-4f735466cecf":"f.8420AFDB22D113F0275E61267E529F05.d.FB797AC71E549F319B90F95A87691FA5.e.3285"}}]}]}
COMMAND: DELETE /session/59389012155df3fc64e839119ed77469/actions - {}
COMMAND: GET /session/59389012155df3fc64e839119ed77469/screenshot - {}
RESULT: {}
RESULT: {}
COMMAND: GET /session/59389012155df3fc64e839119ed77469/screenshot - {}
RESULT: {}
RESULT: {}
COMMAND: POST /session/59389012155df3fc64e839119ed77469/element/f.8420AFDB22D113F0275E61267E529F05.d.FB797AC71E549F319B90F95A87691FA5.e.3285/click - {}
RESULT: {}
COMMAND: GET /session/59389012155df3fc64e839119ed77469/screenshot - {}
RESULT: {}
RESULT: undefined
COMMAND: POST /session/59389012155df3fc64e839119ed77469/execute/async - {"script":"<script> [776 bytes]","args":[{"enterText":"4000360","selector":{"controlType":"sap.m.SearchField","properties":{"placeholder":"Search"},"searchOpenDialogs":true,"interaction":{"idSuffix":"I"}},"clearTextFirst":true,"interactionType":"ENTER_TEXT"}]}
RESULT: {"script":"<script> [776 bytes]","args":[{"enterText":"4000360","selector":{"controlType":"sap.m.SearchField","properties":{"placeholder":"Search"},"searchOpenDialogs":true,"interaction":{"idSuffix":"I"}},"clearTextFirst":true,"interactionType":"ENTER_TEXT"}]}
COMMAND: POST /session/59389012155df3fc64e839119ed77469/actions - {"actions":[{"id":"action11","type":"key","parameters":{},"actions":[{"type":"keyDown","value":"î€‡"},{"type":"pause","duration":10},{"type":"keyUp","value":"î€‡"}]}]}
RESULT: {"actions":[{"id":"action11","type":"key","parameters":{},"actions":[{"type":"keyDown","value":"î€‡"},{"type":"pause","duration":10},{"type":"keyUp","value":"î€‡"}]}]}
COMMAND: GET /session/59389012155df3fc64e839119ed77469/screenshot - {}
RESULT: {}
COMMAND: POST /session/59389012155df3fc64e839119ed77469/element - {"using":"xpath","value":"//td/div/span[contains(text(), \"BGL Vehicles\")]"}
RESULT: {"using":"xpath","value":"//td/div/span[contains(text(), \"BGL Vehicles\")]"}
COMMAND: POST /session/59389012155df3fc64e839119ed77469/element/f.8420AFDB22D113F0275E61267E529F05.d.FB797AC71E549F319B90F95A87691FA5.e.3305/click - {}
RESULT: {}
COMMAND: GET /session/59389012155df3fc64e839119ed77469/screenshot - {}
RESULT: {}
COMMAND: POST /session/59389012155df3fc64e839119ed77469/element - {"using":"xpath","value":"//bdi[contains(text(), \"OK\")]"}
RESULT: {"using":"xpath","value":"//bdi[contains(text(), \"OK\")]"}
COMMAND: POST /session/59389012155df3fc64e839119ed77469/element/f.8420AFDB22D113F0275E61267E529F05.d.FB797AC71E549F319B90F95A87691FA5.e.3306/click - {}
RESULT: {}
COMMAND: GET /session/59389012155df3fc64e839119ed77469/screenshot - {}
RESULT: {}
COMMAND: POST /session/59389012155df3fc64e839119ed77469/execute/async - {"script":"<script> [1562 bytes]","args":[{"selector":{"id":"application-manageresources-display-component---newResourceUnit--newRRUPage-anchBar-application-manageresources-display-component---newResourceUnit--resource-anchor","interaction":{"idSuffix":"BDI-content"}},"wdio_ui5_key":"applicationmanageresources-display-component---newResourceUnit--newRRUPage-anchBar-application-manageresources-display-component---newResourceUnit--resource-anchor"}]}
RESULT: {"script":"<script> [1562 bytes]","args":[{"selector":{"id":"application-manageresources-display-component---newResourceUnit--newRRUPage-anchBar-application-manageresources-display-component---newResourceUnit--resource-anchor","interaction":{"idSuffix":"BDI-content"}},"wdio_ui5_key":"applicationmanageresources-display-component---newResourceUnit--newRRUPage-anchBar-application-manageresources-display-component---newResourceUnit--resource-anchor"}]}
RESULT: undefined
COMMAND: POST /session/59389012155df3fc64e839119ed77469/element - {"using":"xpath","value":"//*[@id=\"application-manageresources-display-component---newResourceUnit--newRRUPage-anchBar-application-manageresources-display-component---newResourceUnit--resource-anchor\"]"}
RESULT: {"using":"xpath","value":"//*[@id=\"application-manageresources-display-component---newResourceUnit--newRRUPage-anchBar-application-manageresources-display-component---newResourceUnit--resource-anchor\"]"}
COMMAND: POST /session/59389012155df3fc64e839119ed77469/element/f.8420AFDB22D113F0275E61267E529F05.d.FB797AC71E549F319B90F95A87691FA5.e.3310/click - {}
RESULT: {}
COMMAND: POST /session/59389012155df3fc64e839119ed77469/execute/async - {"script":"<script> [1562 bytes]","args":[{"selector":{"id":"application-manageresources-display-component---newResourceUnit--PLANNED_DELIVERY_DATE","interaction":{"idSuffix":"inner"}},"wdio_ui5_key":"applicationmanageresources-display-component---newResourceUnit--PLANNED_DELIVERY_DATE"}]}
COMMAND: GET /session/59389012155df3fc64e839119ed77469/screenshot - {}
RESULT: {"script":"<script> [1562 bytes]","args":[{"selector":{"id":"application-manageresources-display-component---newResourceUnit--PLANNED_DELIVERY_DATE","interaction":{"idSuffix":"inner"}},"wdio_ui5_key":"applicationmanageresources-display-component---newResourceUnit--PLANNED_DELIVERY_DATE"}]}
RESULT: undefined
COMMAND: POST /session/59389012155df3fc64e839119ed77469/execute/async - {"script":"<script> [6424 bytes]","args":[{"element-6066-11e4-a52e-4f735466cecf":"f.8420AFDB22D113F0275E61267E529F05.d.FB797AC71E549F319B90F95A87691FA5.e.3173"},"setValue",["5/1/25"]]}
RESULT: {}
RESULT: {"script":"<script> [6424 bytes]","args":[{"element-6066-11e4-a52e-4f735466cecf":"f.8420AFDB22D113F0275E61267E529F05.d.FB797AC71E549F319B90F95A87691FA5.e.3173"},"setValue",["5/1/25"]]}
COMMAND: POST /session/59389012155df3fc64e839119ed77469/element - {"using":"xpath","value":"//button[@data-kt=\"resourceUnitSaveButton\"]"}
RESULT: {"using":"xpath","value":"//button[@data-kt=\"resourceUnitSaveButton\"]"}
COMMAND: POST /session/59389012155df3fc64e839119ed77469/element/f.8420AFDB22D113F0275E61267E529F05.d.FB797AC71E549F319B90F95A87691FA5.e.3134/click - {}
RESULT: {}
COMMAND: GET /session/59389012155df3fc64e839119ed77469/screenshot - {}
RESULT: {}
COMMAND: POST /session/59389012155df3fc64e839119ed77469/element - {"using":"xpath","value":"//bdi[contains(text(), \"Close\")]"}
RESULT: {"using":"xpath","value":"//bdi[contains(text(), \"Close\")]"}
COMMAND: POST /session/59389012155df3fc64e839119ed77469/element/f.8420AFDB22D113F0275E61267E529F05.d.FB797AC71E549F319B90F95A87691FA5.e.3318/click - {}
RESULT: {}
COMMAND: GET /session/59389012155df3fc64e839119ed77469/screenshot - {}
RESULT: {}
COMMAND: POST /session/59389012155df3fc64e839119ed77469/element - {"using":"xpath","value":"(//button[contains(@id ,\"actionsToolbar-overflowButton\")])[1]"}
RESULT: {"using":"xpath","value":"(//button[contains(@id ,\"actionsToolbar-overflowButton\")])[1]"}
COMMAND: POST /session/59389012155df3fc64e839119ed77469/element/f.8420AFDB22D113F0275E61267E529F05.d.FB797AC71E549F319B90F95A87691FA5.e.3372/click - {}
RESULT: {}
COMMAND: GET /session/59389012155df3fc64e839119ed77469/screenshot - {}
RESULT: {}
COMMAND: POST /session/59389012155df3fc64e839119ed77469/element - {"using":"xpath","value":"//button[@data-kt=\"priceInfoButton\"]"}
RESULT: {"using":"xpath","value":"//button[@data-kt=\"priceInfoButton\"]"}
COMMAND: POST /session/59389012155df3fc64e839119ed77469/element/f.8420AFDB22D113F0275E61267E529F05.d.FB797AC71E549F319B90F95A87691FA5.e.3374/click - {}
RESULT: {}
COMMAND: GET /session/59389012155df3fc64e839119ed77469/screenshot - {}
RESULT: {}
]]></system-out>
    </testcase>
    <testcase classname="chrome.135_0_7049_96.windows.Billing_confirm_US117289" name="Should create new pricing rule" time="49.171">
      <system-out><![CDATA[
COMMAND: POST /session/59389012155df3fc64e839119ed77469/element - {"using":"xpath","value":"//button[@data-kt=\"addButton\"]"}
RESULT: {"using":"xpath","value":"//button[@data-kt=\"addButton\"]"}
COMMAND: POST /session/59389012155df3fc64e839119ed77469/elements - {"using":"xpath","value":"//button[@data-kt=\"addButton\"]"}
RESULT: {"using":"xpath","value":"//button[@data-kt=\"addButton\"]"}
COMMAND: POST /session/59389012155df3fc64e839119ed77469/elements - {"using":"xpath","value":"//button[@data-kt=\"addButton\"]"}
RESULT: {"using":"xpath","value":"//button[@data-kt=\"addButton\"]"}
COMMAND: POST /session/59389012155df3fc64e839119ed77469/element - {"using":"xpath","value":"//button[@data-kt=\"addButton\"]"}
RESULT: {"using":"xpath","value":"//button[@data-kt=\"addButton\"]"}
COMMAND: POST /session/59389012155df3fc64e839119ed77469/execute/sync - {"script":"<script> [8489 bytes]","args":[{"element-6066-11e4-a52e-4f735466cecf":"f.8420AFDB22D113F0275E61267E529F05.d.FB797AC71E549F319B90F95A87691FA5.e.3410","ELEMENT":"f.8420AFDB22D113F0275E61267E529F05.d.FB797AC71E549F319B90F95A87691FA5.e.3410"}]}
RESULT: {"script":"<script> [8489 bytes]","args":[{"element-6066-11e4-a52e-4f735466cecf":"f.8420AFDB22D113F0275E61267E529F05.d.FB797AC71E549F319B90F95A87691FA5.e.3410","ELEMENT":"f.8420AFDB22D113F0275E61267E529F05.d.FB797AC71E549F319B90F95A87691FA5.e.3410"}]}
COMMAND: GET /session/59389012155df3fc64e839119ed77469/element/f.8420AFDB22D113F0275E61267E529F05.d.FB797AC71E549F319B90F95A87691FA5.e.3410/enabled - {}
COMMAND: GET /session/59389012155df3fc64e839119ed77469/screenshot - {}
RESULT: {}
COMMAND: POST /session/59389012155df3fc64e839119ed77469/execute/sync - {"script":"<script> [8489 bytes]","args":[{"element-6066-11e4-a52e-4f735466cecf":"f.8420AFDB22D113F0275E61267E529F05.d.FB797AC71E549F319B90F95A87691FA5.e.3410","ELEMENT":"f.8420AFDB22D113F0275E61267E529F05.d.FB797AC71E549F319B90F95A87691FA5.e.3410"}]}
COMMAND: GET /session/59389012155df3fc64e839119ed77469/screenshot - {}
RESULT: {}
RESULT: {"script":"<script> [8489 bytes]","args":[{"element-6066-11e4-a52e-4f735466cecf":"f.8420AFDB22D113F0275E61267E529F05.d.FB797AC71E549F319B90F95A87691FA5.e.3410","ELEMENT":"f.8420AFDB22D113F0275E61267E529F05.d.FB797AC71E549F319B90F95A87691FA5.e.3410"}]}
COMMAND: POST /session/59389012155df3fc64e839119ed77469/execute/sync - {"script":"<script> [5351 bytes]","args":[{"element-6066-11e4-a52e-4f735466cecf":"f.8420AFDB22D113F0275E61267E529F05.d.FB797AC71E549F319B90F95A87691FA5.e.3410","ELEMENT":"f.8420AFDB22D113F0275E61267E529F05.d.FB797AC71E549F319B90F95A87691FA5.e.3410"}]}
COMMAND: GET /session/59389012155df3fc64e839119ed77469/screenshot - {}
RESULT: {}
RESULT: {"script":"<script> [5351 bytes]","args":[{"element-6066-11e4-a52e-4f735466cecf":"f.8420AFDB22D113F0275E61267E529F05.d.FB797AC71E549F319B90F95A87691FA5.e.3410","ELEMENT":"f.8420AFDB22D113F0275E61267E529F05.d.FB797AC71E549F319B90F95A87691FA5.e.3410"}]}
COMMAND: POST /session/59389012155df3fc64e839119ed77469/element/f.8420AFDB22D113F0275E61267E529F05.d.FB797AC71E549F319B90F95A87691FA5.e.3410/click - {}
COMMAND: GET /session/59389012155df3fc64e839119ed77469/screenshot - {}
RESULT: {}
RESULT: {}
COMMAND: GET /session/59389012155df3fc64e839119ed77469/screenshot - {}
RESULT: {}
RESULT: {}
COMMAND: POST /session/59389012155df3fc64e839119ed77469/execute/async - {"script":"<script> [1562 bytes]","args":[{"selector":{"controlType":"sap.m.Title","viewName":"etm.portal.ui.managepricingrules.view.NewItem","viewId":"application-managepricingrules-display-component---newInfoPriceItem","properties":{"text":"New Pricing Rules - Item Level"}},"wdio_ui5_key":"etmportal.ui.managepricingrules.view.NewItemsap.m.Title{\"text\":\"New Pricing Rules - Item Level\"}"}]}
RESULT: {"script":"<script> [1562 bytes]","args":[{"selector":{"controlType":"sap.m.Title","viewName":"etm.portal.ui.managepricingrules.view.NewItem","viewId":"application-managepricingrules-display-component---newInfoPriceItem","properties":{"text":"New Pricing Rules - Item Level"}},"wdio_ui5_key":"etmportal.ui.managepricingrules.view.NewItemsap.m.Title{\"text\":\"New Pricing Rules - Item Level\"}"}]}
RESULT: undefined
COMMAND: POST /session/59389012155df3fc64e839119ed77469/execute/async - {"script":"<script> [6424 bytes]","args":[{"element-6066-11e4-a52e-4f735466cecf":"f.8420AFDB22D113F0275E61267E529F05.d.FB797AC71E549F319B90F95A87691FA5.e.3570"},"getText",[]]}
RESULT: {"script":"<script> [6424 bytes]","args":[{"element-6066-11e4-a52e-4f735466cecf":"f.8420AFDB22D113F0275E61267E529F05.d.FB797AC71E549F319B90F95A87691FA5.e.3570"},"getText",[]]}
COMMAND: POST /session/59389012155df3fc64e839119ed77469/execute/async - {"script":"<script> [1562 bytes]","args":[{"selector":{"id":"application-managepricingrules-display-component---newInfoPriceItem--condValidTo","interaction":{"idSuffix":"inner"}},"wdio_ui5_key":"applicationmanagepricingrules-display-component---newInfoPriceItem--condValidTo"}]}
RESULT: {"script":"<script> [1562 bytes]","args":[{"selector":{"id":"application-managepricingrules-display-component---newInfoPriceItem--condValidTo","interaction":{"idSuffix":"inner"}},"wdio_ui5_key":"applicationmanagepricingrules-display-component---newInfoPriceItem--condValidTo"}]}
RESULT: undefined
COMMAND: POST /session/59389012155df3fc64e839119ed77469/execute/async - {"script":"<script> [776 bytes]","args":[{"enterText":"01/01/26","selector":{"id":"application-managepricingrules-display-component---newInfoPriceItem--condValidTo","interaction":{"idSuffix":"inner"}},"clearTextFirst":true,"interactionType":"ENTER_TEXT"}]}
RESULT: {"script":"<script> [776 bytes]","args":[{"enterText":"01/01/26","selector":{"id":"application-managepricingrules-display-component---newInfoPriceItem--condValidTo","interaction":{"idSuffix":"inner"}},"clearTextFirst":true,"interactionType":"ENTER_TEXT"}]}
COMMAND: POST /session/59389012155df3fc64e839119ed77469/execute/async - {"script":"<script> [1562 bytes]","args":[{"selector":{"id":"application-managepricingrules-display-component---newInfoPriceItem--billType-arrow"},"wdio_ui5_key":"applicationmanagepricingrules-display-component---newInfoPriceItem--billType-arrow"}]}
RESULT: {"script":"<script> [1562 bytes]","args":[{"selector":{"id":"application-managepricingrules-display-component---newInfoPriceItem--billType-arrow"},"wdio_ui5_key":"applicationmanagepricingrules-display-component---newInfoPriceItem--billType-arrow"}]}
RESULT: undefined
COMMAND: POST /session/59389012155df3fc64e839119ed77469/element - {"using":"xpath","value":"//*[@id=\"application-managepricingrules-display-component---newInfoPriceItem--billType-arrow\"]"}
RESULT: {"using":"xpath","value":"//*[@id=\"application-managepricingrules-display-component---newInfoPriceItem--billType-arrow\"]"}
COMMAND: POST /session/59389012155df3fc64e839119ed77469/element/f.8420AFDB22D113F0275E61267E529F05.d.FB797AC71E549F319B90F95A87691FA5.e.3572/click - {}
RESULT: {}
COMMAND: POST /session/59389012155df3fc64e839119ed77469/element - {"using":"xpath","value":"//span[contains(text(), \"TB - Time based\")]"}
COMMAND: GET /session/59389012155df3fc64e839119ed77469/screenshot - {}
RESULT: {"using":"xpath","value":"//span[contains(text(), \"TB - Time based\")]"}
COMMAND: POST /session/59389012155df3fc64e839119ed77469/element/f.8420AFDB22D113F0275E61267E529F05.d.FB797AC71E549F319B90F95A87691FA5.e.3573/click - {}
RESULT: {}
RESULT: {}
COMMAND: POST /session/59389012155df3fc64e839119ed77469/execute/async - {"script":"<script> [1562 bytes]","args":[{"selector":{"id":"application-managepricingrules-display-component---newInfoPriceItem--priceProc-arrow"},"wdio_ui5_key":"applicationmanagepricingrules-display-component---newInfoPriceItem--priceProc-arrow"}]}
COMMAND: GET /session/59389012155df3fc64e839119ed77469/screenshot - {}
RESULT: {"script":"<script> [1562 bytes]","args":[{"selector":{"id":"application-managepricingrules-display-component---newInfoPriceItem--priceProc-arrow"},"wdio_ui5_key":"applicationmanagepricingrules-display-component---newInfoPriceItem--priceProc-arrow"}]}
RESULT: undefined
COMMAND: POST /session/59389012155df3fc64e839119ed77469/element - {"using":"xpath","value":"//*[@id=\"application-managepricingrules-display-component---newInfoPriceItem--priceProc-arrow\"]"}
RESULT: {}
RESULT: {"using":"xpath","value":"//*[@id=\"application-managepricingrules-display-component---newInfoPriceItem--priceProc-arrow\"]"}
COMMAND: POST /session/59389012155df3fc64e839119ed77469/element/f.8420AFDB22D113F0275E61267E529F05.d.FB797AC71E549F319B90F95A87691FA5.e.3536/click - {}
RESULT: {}
COMMAND: POST /session/59389012155df3fc64e839119ed77469/element - {"using":"xpath","value":"//span[contains(text(), \"TBS - Time based standard\")]"}
COMMAND: GET /session/59389012155df3fc64e839119ed77469/screenshot - {}
RESULT: {"using":"xpath","value":"//span[contains(text(), \"TBS - Time based standard\")]"}
COMMAND: POST /session/59389012155df3fc64e839119ed77469/element/f.8420AFDB22D113F0275E61267E529F05.d.FB797AC71E549F319B90F95A87691FA5.e.3574/click - {}
RESULT: {}
RESULT: {}
COMMAND: POST /session/59389012155df3fc64e839119ed77469/execute/async - {"script":"<script> [1562 bytes]","args":[{"selector":{"id":"application-managepricingrules-display-component---newInfoPriceItem--calcBase-arrow"},"wdio_ui5_key":"applicationmanagepricingrules-display-component---newInfoPriceItem--calcBase-arrow"}]}
COMMAND: GET /session/59389012155df3fc64e839119ed77469/screenshot - {}
RESULT: {"script":"<script> [1562 bytes]","args":[{"selector":{"id":"application-managepricingrules-display-component---newInfoPriceItem--calcBase-arrow"},"wdio_ui5_key":"applicationmanagepricingrules-display-component---newInfoPriceItem--calcBase-arrow"}]}
RESULT: undefined
COMMAND: POST /session/59389012155df3fc64e839119ed77469/element - {"using":"xpath","value":"//*[@id=\"application-managepricingrules-display-component---newInfoPriceItem--calcBase-arrow\"]"}
RESULT: {}
RESULT: {"using":"xpath","value":"//*[@id=\"application-managepricingrules-display-component---newInfoPriceItem--calcBase-arrow\"]"}
COMMAND: POST /session/59389012155df3fc64e839119ed77469/element/f.8420AFDB22D113F0275E61267E529F05.d.FB797AC71E549F319B90F95A87691FA5.e.3543/click - {}
RESULT: {}
COMMAND: GET /session/59389012155df3fc64e839119ed77469/screenshot - {}
RESULT: {}
COMMAND: POST /session/59389012155df3fc64e839119ed77469/element - {"using":"xpath","value":"//span[contains(text(), \"0006 - TB(calendar days)\")]"}
RESULT: {"using":"xpath","value":"//span[contains(text(), \"0006 - TB(calendar days)\")]"}
COMMAND: POST /session/59389012155df3fc64e839119ed77469/element/f.8420AFDB22D113F0275E61267E529F05.d.FB797AC71E549F319B90F95A87691FA5.e.3575/click - {}
RESULT: {}
COMMAND: GET /session/59389012155df3fc64e839119ed77469/screenshot - {}
RESULT: {}
COMMAND: POST /session/59389012155df3fc64e839119ed77469/execute/async - {"script":"<script> [1562 bytes]","args":[{"selector":{"id":"application-managepricingrules-display-component---newInfoPriceItem--daysMonth","interaction":{"idSuffix":"inner"}},"wdio_ui5_key":"applicationmanagepricingrules-display-component---newInfoPriceItem--daysMonth"}]}
RESULT: {"script":"<script> [1562 bytes]","args":[{"selector":{"id":"application-managepricingrules-display-component---newInfoPriceItem--daysMonth","interaction":{"idSuffix":"inner"}},"wdio_ui5_key":"applicationmanagepricingrules-display-component---newInfoPriceItem--daysMonth"}]}
RESULT: undefined
COMMAND: POST /session/59389012155df3fc64e839119ed77469/execute/async - {"script":"<script> [776 bytes]","args":[{"enterText":"30","selector":{"id":"application-managepricingrules-display-component---newInfoPriceItem--daysMonth","interaction":{"idSuffix":"inner"}},"clearTextFirst":true,"interactionType":"ENTER_TEXT"}]}
RESULT: {"script":"<script> [776 bytes]","args":[{"enterText":"30","selector":{"id":"application-managepricingrules-display-component---newInfoPriceItem--daysMonth","interaction":{"idSuffix":"inner"}},"clearTextFirst":true,"interactionType":"ENTER_TEXT"}]}
COMMAND: POST /session/59389012155df3fc64e839119ed77469/element - {"using":"xpath","value":"//button[@data-kt=\"saveNewRuleButton\"]"}
RESULT: {"using":"xpath","value":"//button[@data-kt=\"saveNewRuleButton\"]"}
COMMAND: POST /session/59389012155df3fc64e839119ed77469/element/f.8420AFDB22D113F0275E61267E529F05.d.FB797AC71E549F319B90F95A87691FA5.e.3560/click - {}
RESULT: {}
COMMAND: GET /session/59389012155df3fc64e839119ed77469/screenshot - {}
RESULT: {}
COMMAND: POST /session/59389012155df3fc64e839119ed77469/execute/async - {"script":"<script> [1562 bytes]","args":[{"selector":{"id":"application-managepricingrules-display-component---priceInfoItem--smartFilterBar-btnBasicSearch","interaction":{"idSuffix":"I"}},"wdio_ui5_key":"applicationmanagepricingrules-display-component---priceInfoItem--smartFilterBar-btnBasicSearch"}]}
RESULT: {"script":"<script> [1562 bytes]","args":[{"selector":{"id":"application-managepricingrules-display-component---priceInfoItem--smartFilterBar-btnBasicSearch","interaction":{"idSuffix":"I"}},"wdio_ui5_key":"applicationmanagepricingrules-display-component---priceInfoItem--smartFilterBar-btnBasicSearch"}]}
RESULT: undefined
COMMAND: POST /session/59389012155df3fc64e839119ed77469/execute/async - {"script":"<script> [776 bytes]","args":[{"enterText":"K94fW5NlMT","selector":{"id":"application-managepricingrules-display-component---priceInfoItem--smartFilterBar-btnBasicSearch","interaction":{"idSuffix":"I"}},"clearTextFirst":true,"interactionType":"ENTER_TEXT"}]}
RESULT: {"script":"<script> [776 bytes]","args":[{"enterText":"K94fW5NlMT","selector":{"id":"application-managepricingrules-display-component---priceInfoItem--smartFilterBar-btnBasicSearch","interaction":{"idSuffix":"I"}},"clearTextFirst":true,"interactionType":"ENTER_TEXT"}]}
COMMAND: POST /session/59389012155df3fc64e839119ed77469/actions - {"actions":[{"id":"action12","type":"key","parameters":{},"actions":[{"type":"keyDown","value":"î€‡"},{"type":"pause","duration":10},{"type":"keyUp","value":"î€‡"}]}]}
RESULT: {"actions":[{"id":"action12","type":"key","parameters":{},"actions":[{"type":"keyDown","value":"î€‡"},{"type":"pause","duration":10},{"type":"keyUp","value":"î€‡"}]}]}
COMMAND: GET /session/59389012155df3fc64e839119ed77469/screenshot - {}
RESULT: {}
COMMAND: POST /session/59389012155df3fc64e839119ed77469/element - {"using":"xpath","value":"//span[@id=\"application-managepricingrules-display-component---priceInfoItem--smartTable-header-inner\"]"}
RESULT: {"using":"xpath","value":"//span[@id=\"application-managepricingrules-display-component---priceInfoItem--smartTable-header-inner\"]"}
COMMAND: POST /session/59389012155df3fc64e839119ed77469/elements - {"using":"xpath","value":"//span[@id=\"application-managepricingrules-display-component---priceInfoItem--smartTable-header-inner\"]"}
RESULT: {"using":"xpath","value":"//span[@id=\"application-managepricingrules-display-component---priceInfoItem--smartTable-header-inner\"]"}
COMMAND: POST /session/59389012155df3fc64e839119ed77469/execute/sync - {"script":"<script> [56 bytes]","args":[{"element-6066-11e4-a52e-4f735466cecf":"f.8420AFDB22D113F0275E61267E529F05.d.FB797AC71E549F319B90F95A87691FA5.e.3589","ELEMENT":"f.8420AFDB22D113F0275E61267E529F05.d.FB797AC71E549F319B90F95A87691FA5.e.3589"}]}
RESULT: {"script":"<script> [56 bytes]","args":[{"element-6066-11e4-a52e-4f735466cecf":"f.8420AFDB22D113F0275E61267E529F05.d.FB797AC71E549F319B90F95A87691FA5.e.3589","ELEMENT":"f.8420AFDB22D113F0275E61267E529F05.d.FB797AC71E549F319B90F95A87691FA5.e.3589"}]}
COMMAND: POST /session/59389012155df3fc64e839119ed77469/element - {"using":"css selector","value":"#shell-header-logo"}
COMMAND: GET /session/59389012155df3fc64e839119ed77469/screenshot - {}
RESULT: {"using":"css selector","value":"#shell-header-logo"}
COMMAND: POST /session/59389012155df3fc64e839119ed77469/element/f.8420AFDB22D113F0275E61267E529F05.d.FB797AC71E549F319B90F95A87691FA5.e.2718/click - {}
RESULT: {}
RESULT: {}
COMMAND: GET /session/59389012155df3fc64e839119ed77469/screenshot - {}
RESULT: {}
]]></system-out>
    </testcase>
    <testcase classname="chrome.135_0_7049_96.windows.Billing_confirm_US117289" name="Should create new condition for equipment" time="63.955">
      <system-out><![CDATA[
COMMAND: POST /session/59389012155df3fc64e839119ed77469/execute/async - {"script":"<script> [1562 bytes]","args":[{"selector":{"controlType":"sap.m.Text","properties":{"text":"Manage Conditions & Prices"},"interaction":{"idSuffix":"inner"}},"wdio_ui5_key":"sapm.Text{\"text\":\"Manage Conditions & Prices\"}"}]}
RESULT: {"script":"<script> [1562 bytes]","args":[{"selector":{"controlType":"sap.m.Text","properties":{"text":"Manage Conditions & Prices"},"interaction":{"idSuffix":"inner"}},"wdio_ui5_key":"sapm.Text{\"text\":\"Manage Conditions & Prices\"}"}]}
RESULT: undefined
COMMAND: POST /session/59389012155df3fc64e839119ed77469/element - {"using":"xpath","value":"//*[@id=\"__tile53-title\"]"}
RESULT: {"using":"xpath","value":"//*[@id=\"__tile53-title\"]"}
COMMAND: POST /session/59389012155df3fc64e839119ed77469/element/f.8420AFDB22D113F0275E61267E529F05.d.FB797AC71E549F319B90F95A87691FA5.e.3592/click - {}
RESULT: {}
COMMAND: POST /session/59389012155df3fc64e839119ed77469/element - {"using":"xpath","value":"//button[@aria-label=\"Create\"]"}
COMMAND: GET /session/59389012155df3fc64e839119ed77469/screenshot - {}
RESULT: {}
RESULT: {"using":"xpath","value":"//button[@aria-label=\"Create\"]"}
COMMAND: POST /session/59389012155df3fc64e839119ed77469/elements - {"using":"xpath","value":"//button[@aria-label=\"Create\"]"}
RESULT: {"using":"xpath","value":"//button[@aria-label=\"Create\"]"}
COMMAND: POST /session/59389012155df3fc64e839119ed77469/elements - {"using":"xpath","value":"//button[@aria-label=\"Create\"]"}
RESULT: {"using":"xpath","value":"//button[@aria-label=\"Create\"]"}
COMMAND: POST /session/59389012155df3fc64e839119ed77469/elements - {"using":"xpath","value":"//button[@aria-label=\"Create\"]"}
RESULT: {"using":"xpath","value":"//button[@aria-label=\"Create\"]"}
COMMAND: POST /session/59389012155df3fc64e839119ed77469/elements - {"using":"xpath","value":"//button[@aria-label=\"Create\"]"}
RESULT: {"using":"xpath","value":"//button[@aria-label=\"Create\"]"}
COMMAND: POST /session/59389012155df3fc64e839119ed77469/element - {"using":"xpath","value":"//button[@aria-label=\"Create\"]"}
RESULT: {"using":"xpath","value":"//button[@aria-label=\"Create\"]"}
COMMAND: POST /session/59389012155df3fc64e839119ed77469/execute/sync - {"script":"<script> [8489 bytes]","args":[{"element-6066-11e4-a52e-4f735466cecf":"f.8420AFDB22D113F0275E61267E529F05.d.FB797AC71E549F319B90F95A87691FA5.e.3627","ELEMENT":"f.8420AFDB22D113F0275E61267E529F05.d.FB797AC71E549F319B90F95A87691FA5.e.3627"}]}
RESULT: {"script":"<script> [8489 bytes]","args":[{"element-6066-11e4-a52e-4f735466cecf":"f.8420AFDB22D113F0275E61267E529F05.d.FB797AC71E549F319B90F95A87691FA5.e.3627","ELEMENT":"f.8420AFDB22D113F0275E61267E529F05.d.FB797AC71E549F319B90F95A87691FA5.e.3627"}]}
COMMAND: GET /session/59389012155df3fc64e839119ed77469/element/f.8420AFDB22D113F0275E61267E529F05.d.FB797AC71E549F319B90F95A87691FA5.e.3627/enabled - {}
COMMAND: GET /session/59389012155df3fc64e839119ed77469/screenshot - {}
RESULT: {}
COMMAND: POST /session/59389012155df3fc64e839119ed77469/execute/sync - {"script":"<script> [8489 bytes]","args":[{"element-6066-11e4-a52e-4f735466cecf":"f.8420AFDB22D113F0275E61267E529F05.d.FB797AC71E549F319B90F95A87691FA5.e.3627","ELEMENT":"f.8420AFDB22D113F0275E61267E529F05.d.FB797AC71E549F319B90F95A87691FA5.e.3627"}]}
COMMAND: GET /session/59389012155df3fc64e839119ed77469/screenshot - {}
RESULT: {}
RESULT: {"script":"<script> [8489 bytes]","args":[{"element-6066-11e4-a52e-4f735466cecf":"f.8420AFDB22D113F0275E61267E529F05.d.FB797AC71E549F319B90F95A87691FA5.e.3627","ELEMENT":"f.8420AFDB22D113F0275E61267E529F05.d.FB797AC71E549F319B90F95A87691FA5.e.3627"}]}
COMMAND: POST /session/59389012155df3fc64e839119ed77469/execute/sync - {"script":"<script> [5351 bytes]","args":[{"element-6066-11e4-a52e-4f735466cecf":"f.8420AFDB22D113F0275E61267E529F05.d.FB797AC71E549F319B90F95A87691FA5.e.3627","ELEMENT":"f.8420AFDB22D113F0275E61267E529F05.d.FB797AC71E549F319B90F95A87691FA5.e.3627"}]}
COMMAND: GET /session/59389012155df3fc64e839119ed77469/screenshot - {}
RESULT: {}
RESULT: {"script":"<script> [5351 bytes]","args":[{"element-6066-11e4-a52e-4f735466cecf":"f.8420AFDB22D113F0275E61267E529F05.d.FB797AC71E549F319B90F95A87691FA5.e.3627","ELEMENT":"f.8420AFDB22D113F0275E61267E529F05.d.FB797AC71E549F319B90F95A87691FA5.e.3627"}]}
COMMAND: POST /session/59389012155df3fc64e839119ed77469/element/f.8420AFDB22D113F0275E61267E529F05.d.FB797AC71E549F319B90F95A87691FA5.e.3627/click - {}
COMMAND: GET /session/59389012155df3fc64e839119ed77469/screenshot - {}
RESULT: {}
RESULT: {}
RESULT: {}
COMMAND: GET /session/59389012155df3fc64e839119ed77469/screenshot - {}
RESULT: {}
COMMAND: POST /session/59389012155df3fc64e839119ed77469/actions - {"actions":[{"id":"action13","type":"key","parameters":{},"actions":[{"type":"keyDown","value":"î€‡"},{"type":"pause","duration":10},{"type":"keyUp","value":"î€‡"}]}]}
RESULT: {"actions":[{"id":"action13","type":"key","parameters":{},"actions":[{"type":"keyDown","value":"î€‡"},{"type":"pause","duration":10},{"type":"keyUp","value":"î€‡"}]}]}
COMMAND: GET /session/59389012155df3fc64e839119ed77469/screenshot - {}
RESULT: {}
COMMAND: POST /session/59389012155df3fc64e839119ed77469/execute/async - {"script":"<script> [1562 bytes]","args":[{"selector":{"id":"application-manageconditionprice-display-component---newCondition--condBillCond-arrow"},"wdio_ui5_key":"applicationmanageconditionprice-display-component---newCondition--condBillCond-arrow"}]}
RESULT: {"script":"<script> [1562 bytes]","args":[{"selector":{"id":"application-manageconditionprice-display-component---newCondition--condBillCond-arrow"},"wdio_ui5_key":"applicationmanageconditionprice-display-component---newCondition--condBillCond-arrow"}]}
RESULT: undefined
COMMAND: POST /session/59389012155df3fc64e839119ed77469/element - {"using":"xpath","value":"//*[@id=\"application-manageconditionprice-display-component---newCondition--condBillCond-arrow\"]"}
RESULT: {"using":"xpath","value":"//*[@id=\"application-manageconditionprice-display-component---newCondition--condBillCond-arrow\"]"}
COMMAND: POST /session/59389012155df3fc64e839119ed77469/element/f.8420AFDB22D113F0275E61267E529F05.d.FB797AC71E549F319B90F95A87691FA5.e.3803/click - {}
RESULT: {}
COMMAND: GET /session/59389012155df3fc64e839119ed77469/screenshot - {}
RESULT: {}
COMMAND: POST /session/59389012155df3fc64e839119ed77469/element - {"using":"xpath","value":"//li[.//span[contains(text(), \"DISP - D&I special price\")]]"}
RESULT: {"using":"xpath","value":"//li[.//span[contains(text(), \"DISP - D&I special price\")]]"}
COMMAND: POST /session/59389012155df3fc64e839119ed77469/element/f.8420AFDB22D113F0275E61267E529F05.d.FB797AC71E549F319B90F95A87691FA5.e.3806/click - {}
RESULT: {}
COMMAND: GET /session/59389012155df3fc64e839119ed77469/screenshot - {}
RESULT: {}
COMMAND: POST /session/59389012155df3fc64e839119ed77469/execute/async - {"script":"<script> [1562 bytes]","args":[{"selector":{"id":"application-manageconditionprice-display-component---newCondition--condValidTo","interaction":{"idSuffix":"inner"}},"wdio_ui5_key":"applicationmanageconditionprice-display-component---newCondition--condValidTo"}]}
RESULT: {"script":"<script> [1562 bytes]","args":[{"selector":{"id":"application-manageconditionprice-display-component---newCondition--condValidTo","interaction":{"idSuffix":"inner"}},"wdio_ui5_key":"applicationmanageconditionprice-display-component---newCondition--condValidTo"}]}
RESULT: undefined
COMMAND: POST /session/59389012155df3fc64e839119ed77469/execute/async - {"script":"<script> [776 bytes]","args":[{"enterText":"01/01/26","selector":{"id":"application-manageconditionprice-display-component---newCondition--condValidTo","interaction":{"idSuffix":"inner"}},"clearTextFirst":true,"interactionType":"ENTER_TEXT"}]}
RESULT: {"script":"<script> [776 bytes]","args":[{"enterText":"01/01/26","selector":{"id":"application-manageconditionprice-display-component---newCondition--condValidTo","interaction":{"idSuffix":"inner"}},"clearTextFirst":true,"interactionType":"ENTER_TEXT"}]}
COMMAND: POST /session/59389012155df3fc64e839119ed77469/element - {"using":"xpath","value":"//input[@id=\"application-manageconditionprice-display-component---newCondition--condRU-inner\"]"}
RESULT: {"using":"xpath","value":"//input[@id=\"application-manageconditionprice-display-component---newCondition--condRU-inner\"]"}
COMMAND: POST /session/59389012155df3fc64e839119ed77469/element/f.8420AFDB22D113F0275E61267E529F05.d.FB797AC71E549F319B90F95A87691FA5.e.3668/clear - {}
RESULT: {}
COMMAND: POST /session/59389012155df3fc64e839119ed77469/element/f.8420AFDB22D113F0275E61267E529F05.d.FB797AC71E549F319B90F95A87691FA5.e.3668/value - {"text":"K94fW5NlMT"}
COMMAND: GET /session/59389012155df3fc64e839119ed77469/screenshot - {}
RESULT: {"text":"K94fW5NlMT"}
COMMAND: GET /session/59389012155df3fc64e839119ed77469/screenshot - {}
RESULT: {}
RESULT: {}
COMMAND: POST /session/59389012155df3fc64e839119ed77469/actions - {"actions":[{"id":"action14","type":"key","parameters":{},"actions":[{"type":"keyDown","value":"î€‡"},{"type":"pause","duration":10},{"type":"keyUp","value":"î€‡"}]}]}
RESULT: {"actions":[{"id":"action14","type":"key","parameters":{},"actions":[{"type":"keyDown","value":"î€‡"},{"type":"pause","duration":10},{"type":"keyUp","value":"î€‡"}]}]}
COMMAND: POST /session/59389012155df3fc64e839119ed77469/execute/async - {"script":"<script> [1562 bytes]","args":[{"selector":{"id":"application-manageconditionprice-display-component---newCondition--condBaseQty","interaction":{"idSuffix":"inner"}},"wdio_ui5_key":"applicationmanageconditionprice-display-component---newCondition--condBaseQty"}]}
COMMAND: GET /session/59389012155df3fc64e839119ed77469/screenshot - {}
RESULT: {"script":"<script> [1562 bytes]","args":[{"selector":{"id":"application-manageconditionprice-display-component---newCondition--condBaseQty","interaction":{"idSuffix":"inner"}},"wdio_ui5_key":"applicationmanageconditionprice-display-component---newCondition--condBaseQty"}]}
RESULT: undefined
COMMAND: POST /session/59389012155df3fc64e839119ed77469/execute/async - {"script":"<script> [776 bytes]","args":[{"enterText":"1","selector":{"id":"application-manageconditionprice-display-component---newCondition--condBaseQty","interaction":{"idSuffix":"inner"}},"clearTextFirst":true,"interactionType":"ENTER_TEXT"}]}
RESULT: {}
RESULT: {"script":"<script> [776 bytes]","args":[{"enterText":"1","selector":{"id":"application-manageconditionprice-display-component---newCondition--condBaseQty","interaction":{"idSuffix":"inner"}},"clearTextFirst":true,"interactionType":"ENTER_TEXT"}]}
COMMAND: POST /session/59389012155df3fc64e839119ed77469/execute/async - {"script":"<script> [1562 bytes]","args":[{"selector":{"id":"application-manageconditionprice-display-component---newCondition--condValue","interaction":{"idSuffix":"inner"}},"wdio_ui5_key":"applicationmanageconditionprice-display-component---newCondition--condValue"}]}
RESULT: {"script":"<script> [1562 bytes]","args":[{"selector":{"id":"application-manageconditionprice-display-component---newCondition--condValue","interaction":{"idSuffix":"inner"}},"wdio_ui5_key":"applicationmanageconditionprice-display-component---newCondition--condValue"}]}
RESULT: undefined
COMMAND: POST /session/59389012155df3fc64e839119ed77469/execute/async - {"script":"<script> [776 bytes]","args":[{"enterText":"100","selector":{"id":"application-manageconditionprice-display-component---newCondition--condValue","interaction":{"idSuffix":"inner"}},"clearTextFirst":true,"interactionType":"ENTER_TEXT"}]}
RESULT: {"script":"<script> [776 bytes]","args":[{"enterText":"100","selector":{"id":"application-manageconditionprice-display-component---newCondition--condValue","interaction":{"idSuffix":"inner"}},"clearTextFirst":true,"interactionType":"ENTER_TEXT"}]}
COMMAND: POST /session/59389012155df3fc64e839119ed77469/execute/async - {"script":"<script> [1562 bytes]","args":[{"selector":{"id":"application-manageconditionprice-display-component---newCondition--condCurr-arrow"},"wdio_ui5_key":"applicationmanageconditionprice-display-component---newCondition--condCurr-arrow"}]}
RESULT: {"script":"<script> [1562 bytes]","args":[{"selector":{"id":"application-manageconditionprice-display-component---newCondition--condCurr-arrow"},"wdio_ui5_key":"applicationmanageconditionprice-display-component---newCondition--condCurr-arrow"}]}
RESULT: undefined
COMMAND: POST /session/59389012155df3fc64e839119ed77469/element - {"using":"xpath","value":"//*[@id=\"application-manageconditionprice-display-component---newCondition--condCurr-arrow\"]"}
RESULT: {"using":"xpath","value":"//*[@id=\"application-manageconditionprice-display-component---newCondition--condCurr-arrow\"]"}
COMMAND: POST /session/59389012155df3fc64e839119ed77469/element/f.8420AFDB22D113F0275E61267E529F05.d.FB797AC71E549F319B90F95A87691FA5.e.3785/click - {}
RESULT: {}
COMMAND: POST /session/59389012155df3fc64e839119ed77469/element - {"using":"xpath","value":"//span[contains(text(), \"Euro\")]"}
COMMAND: GET /session/59389012155df3fc64e839119ed77469/screenshot - {}
RESULT: {"using":"xpath","value":"//span[contains(text(), \"Euro\")]"}
COMMAND: POST /session/59389012155df3fc64e839119ed77469/element/f.8420AFDB22D113F0275E61267E529F05.d.FB797AC71E549F319B90F95A87691FA5.e.3841/click - {}
RESULT: {}
RESULT: {}
COMMAND: POST /session/59389012155df3fc64e839119ed77469/element - {"using":"xpath","value":"//button[@data-kt=\"saveButton\"]"}
COMMAND: GET /session/59389012155df3fc64e839119ed77469/screenshot - {}
RESULT: {"using":"xpath","value":"//button[@data-kt=\"saveButton\"]"}
COMMAND: POST /session/59389012155df3fc64e839119ed77469/element/f.8420AFDB22D113F0275E61267E529F05.d.FB797AC71E549F319B90F95A87691FA5.e.3786/click - {}
RESULT: {}
RESULT: {}
COMMAND: GET /session/59389012155df3fc64e839119ed77469/screenshot - {}
RESULT: {}
COMMAND: POST /session/59389012155df3fc64e839119ed77469/execute/async - {"script":"<script> [1562 bytes]","args":[{"selector":{"id":"application-manageconditionprice-display-component---conditions--smartFilterBar-btnBasicSearch","interaction":{"idSuffix":"I"}},"wdio_ui5_key":"applicationmanageconditionprice-display-component---conditions--smartFilterBar-btnBasicSearch"}]}
RESULT: {"script":"<script> [1562 bytes]","args":[{"selector":{"id":"application-manageconditionprice-display-component---conditions--smartFilterBar-btnBasicSearch","interaction":{"idSuffix":"I"}},"wdio_ui5_key":"applicationmanageconditionprice-display-component---conditions--smartFilterBar-btnBasicSearch"}]}
RESULT: undefined
COMMAND: POST /session/59389012155df3fc64e839119ed77469/execute/async - {"script":"<script> [776 bytes]","args":[{"enterText":"K94fW5NlMT","selector":{"id":"application-manageconditionprice-display-component---conditions--smartFilterBar-btnBasicSearch","interaction":{"idSuffix":"I"}},"clearTextFirst":true,"interactionType":"ENTER_TEXT"}]}
RESULT: {"script":"<script> [776 bytes]","args":[{"enterText":"K94fW5NlMT","selector":{"id":"application-manageconditionprice-display-component---conditions--smartFilterBar-btnBasicSearch","interaction":{"idSuffix":"I"}},"clearTextFirst":true,"interactionType":"ENTER_TEXT"}]}
COMMAND: POST /session/59389012155df3fc64e839119ed77469/actions - {"actions":[{"id":"action15","type":"key","parameters":{},"actions":[{"type":"keyDown","value":"î€‡"},{"type":"pause","duration":10},{"type":"keyUp","value":"î€‡"}]}]}
RESULT: {"actions":[{"id":"action15","type":"key","parameters":{},"actions":[{"type":"keyDown","value":"î€‡"},{"type":"pause","duration":10},{"type":"keyUp","value":"î€‡"}]}]}
COMMAND: GET /session/59389012155df3fc64e839119ed77469/screenshot - {}
RESULT: {}
COMMAND: POST /session/59389012155df3fc64e839119ed77469/execute/async - {"script":"<script> [1562 bytes]","args":[{"selector":{"id":"application-manageconditionprice-display-component---conditions--smartFilterBar-filterItemControl_BASIC-BILL_TYPES-vhi"},"wdio_ui5_key":"applicationmanageconditionprice-display-component---conditions--smartFilterBar-filterItemControl_BASIC-BILL_TYPES-vhi"}]}
RESULT: {"script":"<script> [1562 bytes]","args":[{"selector":{"id":"application-manageconditionprice-display-component---conditions--smartFilterBar-filterItemControl_BASIC-BILL_TYPES-vhi"},"wdio_ui5_key":"applicationmanageconditionprice-display-component---conditions--smartFilterBar-filterItemControl_BASIC-BILL_TYPES-vhi"}]}
RESULT: undefined
COMMAND: POST /session/59389012155df3fc64e839119ed77469/element - {"using":"xpath","value":"//*[@id=\"application-manageconditionprice-display-component---conditions--smartFilterBar-filterItemControl_BASIC-BILL_TYPES-vhi\"]"}
RESULT: {"using":"xpath","value":"//*[@id=\"application-manageconditionprice-display-component---conditions--smartFilterBar-filterItemControl_BASIC-BILL_TYPES-vhi\"]"}
COMMAND: POST /session/59389012155df3fc64e839119ed77469/element/f.8420AFDB22D113F0275E61267E529F05.d.FB797AC71E549F319B90F95A87691FA5.e.3948/click - {}
RESULT: {}
COMMAND: POST /session/59389012155df3fc64e839119ed77469/execute/async - {"script":"<script> [1562 bytes]","args":[{"selector":{"id":"application-manageconditionprice-display-component---conditions--smartFilterBar-filterItemControl_BASIC-BILL_TYPES-valueHelpDialog-smartFilterBar-btnBasicSearch","searchOpenDialogs":true,"interaction":{"idSuffix":"I"}},"wdio_ui5_key":"applicationmanageconditionprice-display-component---conditions--smartFilterBar-filterItemControl_BASIC-BILL_TYPES-valueHelpDialog-smartFilterBar-btnBasicSearch"}]}
COMMAND: GET /session/59389012155df3fc64e839119ed77469/screenshot - {}
RESULT: {"script":"<script> [1562 bytes]","args":[{"selector":{"id":"application-manageconditionprice-display-component---conditions--smartFilterBar-filterItemControl_BASIC-BILL_TYPES-valueHelpDialog-smartFilterBar-btnBasicSearch","searchOpenDialogs":true,"interaction":{"idSuffix":"I"}},"wdio_ui5_key":"applicationmanageconditionprice-display-component---conditions--smartFilterBar-filterItemControl_BASIC-BILL_TYPES-valueHelpDialog-smartFilterBar-btnBasicSearch"}]}
RESULT: undefined
COMMAND: POST /session/59389012155df3fc64e839119ed77469/execute/async - {"script":"<script> [776 bytes]","args":[{"enterText":"TB","selector":{"id":"application-manageconditionprice-display-component---conditions--smartFilterBar-filterItemControl_BASIC-BILL_TYPES-valueHelpDialog-smartFilterBar-btnBasicSearch","searchOpenDialogs":true,"interaction":{"idSuffix":"I"}},"clearTextFirst":true,"interactionType":"ENTER_TEXT"}]}
RESULT: {}
RESULT: {"script":"<script> [776 bytes]","args":[{"enterText":"TB","selector":{"id":"application-manageconditionprice-display-component---conditions--smartFilterBar-filterItemControl_BASIC-BILL_TYPES-valueHelpDialog-smartFilterBar-btnBasicSearch","searchOpenDialogs":true,"interaction":{"idSuffix":"I"}},"clearTextFirst":true,"interactionType":"ENTER_TEXT"}]}
COMMAND: POST /session/59389012155df3fc64e839119ed77469/actions - {"actions":[{"id":"action16","type":"key","parameters":{},"actions":[{"type":"keyDown","value":"î€‡"},{"type":"pause","duration":10},{"type":"keyUp","value":"î€‡"}]}]}
RESULT: {"actions":[{"id":"action16","type":"key","parameters":{},"actions":[{"type":"keyDown","value":"î€‡"},{"type":"pause","duration":10},{"type":"keyUp","value":"î€‡"}]}]}
COMMAND: GET /session/59389012155df3fc64e839119ed77469/screenshot - {}
RESULT: {}
COMMAND: POST /session/59389012155df3fc64e839119ed77469/element - {"using":"xpath","value":"//div[contains(@id, 'application-manageconditionprice-display-component---conditions--smartFilterBar-filterItemControl_BASIC-BILL_TYPES-valueHelpDialog-table-rowsel0')]"}
RESULT: {"using":"xpath","value":"//div[contains(@id, 'application-manageconditionprice-display-component---conditions--smartFilterBar-filterItemControl_BASIC-BILL_TYPES-valueHelpDialog-table-rowsel0')]"}
COMMAND: POST /session/59389012155df3fc64e839119ed77469/element/f.8420AFDB22D113F0275E61267E529F05.d.FB797AC71E549F319B90F95A87691FA5.e.3957/click - {}
RESULT: {}
COMMAND: GET /session/59389012155df3fc64e839119ed77469/screenshot - {}
RESULT: {}
COMMAND: POST /session/59389012155df3fc64e839119ed77469/element - {"using":"xpath","value":"//bdi[contains(text(), \"OK\")]"}
RESULT: {"using":"xpath","value":"//bdi[contains(text(), \"OK\")]"}
COMMAND: POST /session/59389012155df3fc64e839119ed77469/element/f.8420AFDB22D113F0275E61267E529F05.d.FB797AC71E549F319B90F95A87691FA5.e.3959/click - {}
RESULT: {}
COMMAND: GET /session/59389012155df3fc64e839119ed77469/screenshot - {}
RESULT: {}
COMMAND: POST /session/59389012155df3fc64e839119ed77469/element - {"using":"xpath","value":"//span[@id=\"application-manageconditionprice-display-component---conditions--smartTable-header-inner\"]"}
RESULT: {"using":"xpath","value":"//span[@id=\"application-manageconditionprice-display-component---conditions--smartTable-header-inner\"]"}
COMMAND: POST /session/59389012155df3fc64e839119ed77469/elements - {"using":"xpath","value":"//span[@id=\"application-manageconditionprice-display-component---conditions--smartTable-header-inner\"]"}
RESULT: {"using":"xpath","value":"//span[@id=\"application-manageconditionprice-display-component---conditions--smartTable-header-inner\"]"}
COMMAND: POST /session/59389012155df3fc64e839119ed77469/execute/sync - {"script":"<script> [56 bytes]","args":[{"element-6066-11e4-a52e-4f735466cecf":"f.8420AFDB22D113F0275E61267E529F05.d.FB797AC71E549F319B90F95A87691FA5.e.3962","ELEMENT":"f.8420AFDB22D113F0275E61267E529F05.d.FB797AC71E549F319B90F95A87691FA5.e.3962"}]}
RESULT: {"script":"<script> [56 bytes]","args":[{"element-6066-11e4-a52e-4f735466cecf":"f.8420AFDB22D113F0275E61267E529F05.d.FB797AC71E549F319B90F95A87691FA5.e.3962","ELEMENT":"f.8420AFDB22D113F0275E61267E529F05.d.FB797AC71E549F319B90F95A87691FA5.e.3962"}]}
COMMAND: POST /session/59389012155df3fc64e839119ed77469/element - {"using":"css selector","value":"#shell-header-logo"}
COMMAND: GET /session/59389012155df3fc64e839119ed77469/screenshot - {}
RESULT: {"using":"css selector","value":"#shell-header-logo"}
COMMAND: POST /session/59389012155df3fc64e839119ed77469/element/f.8420AFDB22D113F0275E61267E529F05.d.FB797AC71E549F319B90F95A87691FA5.e.3595/click - {}
RESULT: {}
RESULT: {}
COMMAND: GET /session/59389012155df3fc64e839119ed77469/screenshot - {}
RESULT: {}
]]></system-out>
    </testcase>
    <testcase classname="chrome.135_0_7049_96.windows.Billing_confirm_US117289" name="Should do a stock increase" time="83.204">
      <system-out><![CDATA[
COMMAND: POST /session/59389012155df3fc64e839119ed77469/execute/async - {"script":"<script> [1562 bytes]","args":[{"selector":{"controlType":"sap.m.Text","viewName":"etm.portal.ui.managehandoverstile.view.Master","properties":{"text":"Manage Handovers"},"interaction":{"idSuffix":"inner"}},"wdio_ui5_key":"etmportal.ui.managehandoverstile.view.Mastersap.m.Text{\"text\":\"Manage Handovers\"}"}]}
RESULT: {"script":"<script> [1562 bytes]","args":[{"selector":{"controlType":"sap.m.Text","viewName":"etm.portal.ui.managehandoverstile.view.Master","properties":{"text":"Manage Handovers"},"interaction":{"idSuffix":"inner"}},"wdio_ui5_key":"etmportal.ui.managehandoverstile.view.Mastersap.m.Text{\"text\":\"Manage Handovers\"}"}]}
RESULT: undefined
COMMAND: POST /session/59389012155df3fc64e839119ed77469/element - {"using":"xpath","value":"//*[@id=\"__tile132-title\"]"}
RESULT: {"using":"xpath","value":"//*[@id=\"__tile132-title\"]"}
COMMAND: POST /session/59389012155df3fc64e839119ed77469/element/f.8420AFDB22D113F0275E61267E529F05.d.FB797AC71E549F319B90F95A87691FA5.e.3967/click - {}
RESULT: {}
COMMAND: POST /session/59389012155df3fc64e839119ed77469/element - {"using":"xpath","value":"//button[@data-kt=\"masterHOAddButton\"]"}
COMMAND: GET /session/59389012155df3fc64e839119ed77469/screenshot - {}
RESULT: {"using":"xpath","value":"//button[@data-kt=\"masterHOAddButton\"]"}
COMMAND: POST /session/59389012155df3fc64e839119ed77469/elements - {"using":"xpath","value":"//button[@data-kt=\"masterHOAddButton\"]"}
RESULT: {}
RESULT: {"using":"xpath","value":"//button[@data-kt=\"masterHOAddButton\"]"}
COMMAND: POST /session/59389012155df3fc64e839119ed77469/elements - {"using":"xpath","value":"//button[@data-kt=\"masterHOAddButton\"]"}
RESULT: {"using":"xpath","value":"//button[@data-kt=\"masterHOAddButton\"]"}
COMMAND: POST /session/59389012155df3fc64e839119ed77469/elements - {"using":"xpath","value":"//button[@data-kt=\"masterHOAddButton\"]"}
RESULT: {"using":"xpath","value":"//button[@data-kt=\"masterHOAddButton\"]"}
COMMAND: POST /session/59389012155df3fc64e839119ed77469/elements - {"using":"xpath","value":"//button[@data-kt=\"masterHOAddButton\"]"}
RESULT: {"using":"xpath","value":"//button[@data-kt=\"masterHOAddButton\"]"}
COMMAND: POST /session/59389012155df3fc64e839119ed77469/elements - {"using":"xpath","value":"//button[@data-kt=\"masterHOAddButton\"]"}
RESULT: {"using":"xpath","value":"//button[@data-kt=\"masterHOAddButton\"]"}
COMMAND: POST /session/59389012155df3fc64e839119ed77469/elements - {"using":"xpath","value":"//button[@data-kt=\"masterHOAddButton\"]"}
RESULT: {"using":"xpath","value":"//button[@data-kt=\"masterHOAddButton\"]"}
COMMAND: POST /session/59389012155df3fc64e839119ed77469/elements - {"using":"xpath","value":"//button[@data-kt=\"masterHOAddButton\"]"}
RESULT: {"using":"xpath","value":"//button[@data-kt=\"masterHOAddButton\"]"}
COMMAND: POST /session/59389012155df3fc64e839119ed77469/elements - {"using":"xpath","value":"//button[@data-kt=\"masterHOAddButton\"]"}
RESULT: {"using":"xpath","value":"//button[@data-kt=\"masterHOAddButton\"]"}
COMMAND: POST /session/59389012155df3fc64e839119ed77469/elements - {"using":"xpath","value":"//button[@data-kt=\"masterHOAddButton\"]"}
RESULT: {"using":"xpath","value":"//button[@data-kt=\"masterHOAddButton\"]"}
COMMAND: POST /session/59389012155df3fc64e839119ed77469/elements - {"using":"xpath","value":"//button[@data-kt=\"masterHOAddButton\"]"}
RESULT: {"using":"xpath","value":"//button[@data-kt=\"masterHOAddButton\"]"}
COMMAND: POST /session/59389012155df3fc64e839119ed77469/elements - {"using":"xpath","value":"//button[@data-kt=\"masterHOAddButton\"]"}
RESULT: {"using":"xpath","value":"//button[@data-kt=\"masterHOAddButton\"]"}
COMMAND: POST /session/59389012155df3fc64e839119ed77469/elements - {"using":"xpath","value":"//button[@data-kt=\"masterHOAddButton\"]"}
RESULT: {"using":"xpath","value":"//button[@data-kt=\"masterHOAddButton\"]"}
COMMAND: POST /session/59389012155df3fc64e839119ed77469/elements - {"using":"xpath","value":"//button[@data-kt=\"masterHOAddButton\"]"}
RESULT: {"using":"xpath","value":"//button[@data-kt=\"masterHOAddButton\"]"}
COMMAND: POST /session/59389012155df3fc64e839119ed77469/elements - {"using":"xpath","value":"//button[@data-kt=\"masterHOAddButton\"]"}
RESULT: {"using":"xpath","value":"//button[@data-kt=\"masterHOAddButton\"]"}
COMMAND: POST /session/59389012155df3fc64e839119ed77469/elements - {"using":"xpath","value":"//button[@data-kt=\"masterHOAddButton\"]"}
RESULT: {"using":"xpath","value":"//button[@data-kt=\"masterHOAddButton\"]"}
COMMAND: POST /session/59389012155df3fc64e839119ed77469/elements - {"using":"xpath","value":"//button[@data-kt=\"masterHOAddButton\"]"}
RESULT: {"using":"xpath","value":"//button[@data-kt=\"masterHOAddButton\"]"}
COMMAND: POST /session/59389012155df3fc64e839119ed77469/element - {"using":"xpath","value":"//button[@data-kt=\"masterHOAddButton\"]"}
RESULT: {"using":"xpath","value":"//button[@data-kt=\"masterHOAddButton\"]"}
COMMAND: POST /session/59389012155df3fc64e839119ed77469/execute/sync - {"script":"<script> [8489 bytes]","args":[{"element-6066-11e4-a52e-4f735466cecf":"f.8420AFDB22D113F0275E61267E529F05.d.FB797AC71E549F319B90F95A87691FA5.e.3998","ELEMENT":"f.8420AFDB22D113F0275E61267E529F05.d.FB797AC71E549F319B90F95A87691FA5.e.3998"}]}
RESULT: {"script":"<script> [8489 bytes]","args":[{"element-6066-11e4-a52e-4f735466cecf":"f.8420AFDB22D113F0275E61267E529F05.d.FB797AC71E549F319B90F95A87691FA5.e.3998","ELEMENT":"f.8420AFDB22D113F0275E61267E529F05.d.FB797AC71E549F319B90F95A87691FA5.e.3998"}]}
COMMAND: GET /session/59389012155df3fc64e839119ed77469/element/f.8420AFDB22D113F0275E61267E529F05.d.FB797AC71E549F319B90F95A87691FA5.e.3998/enabled - {}
COMMAND: GET /session/59389012155df3fc64e839119ed77469/screenshot - {}
RESULT: {}
COMMAND: POST /session/59389012155df3fc64e839119ed77469/execute/sync - {"script":"<script> [8489 bytes]","args":[{"element-6066-11e4-a52e-4f735466cecf":"f.8420AFDB22D113F0275E61267E529F05.d.FB797AC71E549F319B90F95A87691FA5.e.3998","ELEMENT":"f.8420AFDB22D113F0275E61267E529F05.d.FB797AC71E549F319B90F95A87691FA5.e.3998"}]}
COMMAND: GET /session/59389012155df3fc64e839119ed77469/screenshot - {}
RESULT: {}
RESULT: {"script":"<script> [8489 bytes]","args":[{"element-6066-11e4-a52e-4f735466cecf":"f.8420AFDB22D113F0275E61267E529F05.d.FB797AC71E549F319B90F95A87691FA5.e.3998","ELEMENT":"f.8420AFDB22D113F0275E61267E529F05.d.FB797AC71E549F319B90F95A87691FA5.e.3998"}]}
COMMAND: POST /session/59389012155df3fc64e839119ed77469/execute/sync - {"script":"<script> [5351 bytes]","args":[{"element-6066-11e4-a52e-4f735466cecf":"f.8420AFDB22D113F0275E61267E529F05.d.FB797AC71E549F319B90F95A87691FA5.e.3998","ELEMENT":"f.8420AFDB22D113F0275E61267E529F05.d.FB797AC71E549F319B90F95A87691FA5.e.3998"}]}
COMMAND: GET /session/59389012155df3fc64e839119ed77469/screenshot - {}
RESULT: {}
RESULT: {"script":"<script> [5351 bytes]","args":[{"element-6066-11e4-a52e-4f735466cecf":"f.8420AFDB22D113F0275E61267E529F05.d.FB797AC71E549F319B90F95A87691FA5.e.3998","ELEMENT":"f.8420AFDB22D113F0275E61267E529F05.d.FB797AC71E549F319B90F95A87691FA5.e.3998"}]}
COMMAND: POST /session/59389012155df3fc64e839119ed77469/element/f.8420AFDB22D113F0275E61267E529F05.d.FB797AC71E549F319B90F95A87691FA5.e.3998/click - {}
COMMAND: GET /session/59389012155df3fc64e839119ed77469/screenshot - {}
RESULT: {}
RESULT: {}
COMMAND: GET /session/59389012155df3fc64e839119ed77469/screenshot - {}
RESULT: {}
RESULT: {}
COMMAND: POST /session/59389012155df3fc64e839119ed77469/element - {"using":"xpath","value":"//span[contains(@id ,\"AddNewHO--typeSelect-arrow\")]"}
RESULT: {"using":"xpath","value":"//span[contains(@id ,\"AddNewHO--typeSelect-arrow\")]"}
COMMAND: POST /session/59389012155df3fc64e839119ed77469/element/f.8420AFDB22D113F0275E61267E529F05.d.FB797AC71E549F319B90F95A87691FA5.e.4361/click - {}
RESULT: {}
COMMAND: GET /session/59389012155df3fc64e839119ed77469/screenshot - {}
RESULT: {}
COMMAND: POST /session/59389012155df3fc64e839119ed77469/element - {"using":"xpath","value":"(//li[contains(text(), \"stock increase yard\")])[1]"}
RESULT: {"using":"xpath","value":"(//li[contains(text(), \"stock increase yard\")])[1]"}
COMMAND: POST /session/59389012155df3fc64e839119ed77469/element/f.8420AFDB22D113F0275E61267E529F05.d.FB797AC71E549F319B90F95A87691FA5.e.4362/click - {}
RESULT: {}
COMMAND: GET /session/59389012155df3fc64e839119ed77469/screenshot - {}
RESULT: {}
COMMAND: POST /session/59389012155df3fc64e839119ed77469/execute/async - {"script":"<script> [1562 bytes]","args":[{"selector":{"id":"application-managehandovers-display-component---AddNewHO--dueDate","interaction":{"idSuffix":"inner"}},"wdio_ui5_key":"applicationmanagehandovers-display-component---AddNewHO--dueDate"}]}
RESULT: {"script":"<script> [1562 bytes]","args":[{"selector":{"id":"application-managehandovers-display-component---AddNewHO--dueDate","interaction":{"idSuffix":"inner"}},"wdio_ui5_key":"applicationmanagehandovers-display-component---AddNewHO--dueDate"}]}
RESULT: undefined
COMMAND: POST /session/59389012155df3fc64e839119ed77469/execute/async - {"script":"<script> [6424 bytes]","args":[{"element-6066-11e4-a52e-4f735466cecf":"f.8420AFDB22D113F0275E61267E529F05.d.FB797AC71E549F319B90F95A87691FA5.e.4364"},"setValue",["05/01/2025"]]}
RESULT: {"script":"<script> [6424 bytes]","args":[{"element-6066-11e4-a52e-4f735466cecf":"f.8420AFDB22D113F0275E61267E529F05.d.FB797AC71E549F319B90F95A87691FA5.e.4364"},"setValue",["05/01/2025"]]}
COMMAND: POST /session/59389012155df3fc64e839119ed77469/element - {"using":"xpath","value":"//input[@id=\"generalSectionFrg--receiveYard-inner\"]"}
RESULT: {"using":"xpath","value":"//input[@id=\"generalSectionFrg--receiveYard-inner\"]"}
COMMAND: POST /session/59389012155df3fc64e839119ed77469/element/f.8420AFDB22D113F0275E61267E529F05.d.FB797AC71E549F319B90F95A87691FA5.e.4370/clear - {}
RESULT: {}
COMMAND: POST /session/59389012155df3fc64e839119ed77469/element/f.8420AFDB22D113F0275E61267E529F05.d.FB797AC71E549F319B90F95A87691FA5.e.4370/value - {"text":"485"}
COMMAND: GET /session/59389012155df3fc64e839119ed77469/screenshot - {}
RESULT: {"text":"485"}
COMMAND: GET /session/59389012155df3fc64e839119ed77469/screenshot - {}
RESULT: {}
RESULT: {}
COMMAND: POST /session/59389012155df3fc64e839119ed77469/element - {"using":"xpath","value":"//li[.//span[text()='485']]"}
RESULT: {"using":"xpath","value":"//li[.//span[text()='485']]"}
COMMAND: POST /session/59389012155df3fc64e839119ed77469/element/f.8420AFDB22D113F0275E61267E529F05.d.FB797AC71E549F319B90F95A87691FA5.e.4386/click - {}
RESULT: {}
COMMAND: GET /session/59389012155df3fc64e839119ed77469/screenshot - {}
RESULT: {}
COMMAND: POST /session/59389012155df3fc64e839119ed77469/execute/async - {"script":"<script> [1562 bytes]","args":[{"selector":{"id":"application-managehandovers-display-component---AddNewHO--ObjectPageLayout-anchBar-application-managehandovers-display-component---AddNewHO--section4-anchor","interaction":{"idSuffix":"BDI-content"}},"wdio_ui5_key":"applicationmanagehandovers-display-component---AddNewHO--ObjectPageLayout-anchBar-application-managehandovers-display-component---AddNewHO--section4-anchor"}]}
RESULT: {"script":"<script> [1562 bytes]","args":[{"selector":{"id":"application-managehandovers-display-component---AddNewHO--ObjectPageLayout-anchBar-application-managehandovers-display-component---AddNewHO--section4-anchor","interaction":{"idSuffix":"BDI-content"}},"wdio_ui5_key":"applicationmanagehandovers-display-component---AddNewHO--ObjectPageLayout-anchBar-application-managehandovers-display-component---AddNewHO--section4-anchor"}]}
RESULT: undefined
COMMAND: POST /session/59389012155df3fc64e839119ed77469/element - {"using":"xpath","value":"//*[@id=\"application-managehandovers-display-component---AddNewHO--ObjectPageLayout-anchBar-application-managehandovers-display-component---AddNewHO--section4-anchor\"]"}
RESULT: {"using":"xpath","value":"//*[@id=\"application-managehandovers-display-component---AddNewHO--ObjectPageLayout-anchBar-application-managehandovers-display-component---AddNewHO--section4-anchor\"]"}
COMMAND: POST /session/59389012155df3fc64e839119ed77469/element/f.8420AFDB22D113F0275E61267E529F05.d.FB797AC71E549F319B90F95A87691FA5.e.4388/click - {}
RESULT: {}
COMMAND: POST /session/59389012155df3fc64e839119ed77469/element - {"using":"xpath","value":"//button[@aria-label=\"Add\"]"}
COMMAND: GET /session/59389012155df3fc64e839119ed77469/screenshot - {}
RESULT: {"using":"xpath","value":"//button[@aria-label=\"Add\"]"}
COMMAND: POST /session/59389012155df3fc64e839119ed77469/element/f.8420AFDB22D113F0275E61267E529F05.d.FB797AC71E549F319B90F95A87691FA5.e.4390/click - {}
RESULT: {}
RESULT: {}
COMMAND: GET /session/59389012155df3fc64e839119ed77469/screenshot - {}
RESULT: {}
COMMAND: POST /session/59389012155df3fc64e839119ed77469/execute/async - {"script":"<script> [1562 bytes]","args":[{"selector":{"id":"application-managehandovers-display-component---AddNewHO--smartFilterBar-btnBasicSearch","searchOpenDialogs":true,"interaction":{"idSuffix":"I"}},"wdio_ui5_key":"applicationmanagehandovers-display-component---AddNewHO--smartFilterBar-btnBasicSearch"}]}
RESULT: {"script":"<script> [1562 bytes]","args":[{"selector":{"id":"application-managehandovers-display-component---AddNewHO--smartFilterBar-btnBasicSearch","searchOpenDialogs":true,"interaction":{"idSuffix":"I"}},"wdio_ui5_key":"applicationmanagehandovers-display-component---AddNewHO--smartFilterBar-btnBasicSearch"}]}
RESULT: undefined
COMMAND: POST /session/59389012155df3fc64e839119ed77469/execute/async - {"script":"<script> [776 bytes]","args":[{"enterText":"K94fW5NlMT","selector":{"id":"application-managehandovers-display-component---AddNewHO--smartFilterBar-btnBasicSearch","searchOpenDialogs":true,"interaction":{"idSuffix":"I"}},"clearTextFirst":true,"interactionType":"ENTER_TEXT"}]}
RESULT: {"script":"<script> [776 bytes]","args":[{"enterText":"K94fW5NlMT","selector":{"id":"application-managehandovers-display-component---AddNewHO--smartFilterBar-btnBasicSearch","searchOpenDialogs":true,"interaction":{"idSuffix":"I"}},"clearTextFirst":true,"interactionType":"ENTER_TEXT"}]}
COMMAND: POST /session/59389012155df3fc64e839119ed77469/actions - {"actions":[{"id":"action17","type":"key","parameters":{},"actions":[{"type":"keyDown","value":"î€‡"},{"type":"pause","duration":10},{"type":"keyUp","value":"î€‡"}]}]}
RESULT: {"actions":[{"id":"action17","type":"key","parameters":{},"actions":[{"type":"keyDown","value":"î€‡"},{"type":"pause","duration":10},{"type":"keyUp","value":"î€‡"}]}]}
COMMAND: GET /session/59389012155df3fc64e839119ed77469/screenshot - {}
RESULT: {}
COMMAND: POST /session/59389012155df3fc64e839119ed77469/execute/async - {"script":"<script> [1562 bytes]","args":[{"selector":{"id":"application-managehandovers-display-component---AddNewHO--popup-sa","searchOpenDialogs":true,"interaction":{"idSuffix":"CbBg"}},"wdio_ui5_key":"applicationmanagehandovers-display-component---AddNewHO--popup-sa"}]}
RESULT: {"script":"<script> [1562 bytes]","args":[{"selector":{"id":"application-managehandovers-display-component---AddNewHO--popup-sa","searchOpenDialogs":true,"interaction":{"idSuffix":"CbBg"}},"wdio_ui5_key":"applicationmanagehandovers-display-component---AddNewHO--popup-sa"}]}
RESULT: undefined
COMMAND: POST /session/59389012155df3fc64e839119ed77469/element - {"using":"xpath","value":"//*[@id=\"application-managehandovers-display-component---AddNewHO--popup-sa\"]"}
RESULT: {"using":"xpath","value":"//*[@id=\"application-managehandovers-display-component---AddNewHO--popup-sa\"]"}
COMMAND: POST /session/59389012155df3fc64e839119ed77469/element/f.8420AFDB22D113F0275E61267E529F05.d.FB797AC71E549F319B90F95A87691FA5.e.4545/click - {}
RESULT: {}
COMMAND: GET /session/59389012155df3fc64e839119ed77469/screenshot - {}
RESULT: {}
COMMAND: POST /session/59389012155df3fc64e839119ed77469/element - {"using":"xpath","value":"//bdi[contains(text(), \"Select\")]"}
RESULT: {"using":"xpath","value":"//bdi[contains(text(), \"Select\")]"}
COMMAND: POST /session/59389012155df3fc64e839119ed77469/element/f.8420AFDB22D113F0275E61267E529F05.d.FB797AC71E549F319B90F95A87691FA5.e.4546/click - {}
RESULT: {}
COMMAND: GET /session/59389012155df3fc64e839119ed77469/screenshot - {}
RESULT: {}
COMMAND: POST /session/59389012155df3fc64e839119ed77469/element - {"using":"xpath","value":"//button[@data-kt=\"AddNewHOSaveButton\"]"}
RESULT: {"using":"xpath","value":"//button[@data-kt=\"AddNewHOSaveButton\"]"}
COMMAND: POST /session/59389012155df3fc64e839119ed77469/element/f.8420AFDB22D113F0275E61267E529F05.d.FB797AC71E549F319B90F95A87691FA5.e.4550/click - {}
RESULT: {}
COMMAND: GET /session/59389012155df3fc64e839119ed77469/screenshot - {}
RESULT: {}
COMMAND: POST /session/59389012155df3fc64e839119ed77469/execute/async - {"script":"<script> [1562 bytes]","args":[{"selector":{"id":"receiptDatePicker","viewName":"etm.portal.ui.managehandovers.view.DetailExecuteHO","interaction":{"idSuffix":"inner"}},"wdio_ui5_key":"receiptDatePickeretmportal.ui.managehandovers.view.DetailExecuteHO"}]}
RESULT: {"script":"<script> [1562 bytes]","args":[{"selector":{"id":"receiptDatePicker","viewName":"etm.portal.ui.managehandovers.view.DetailExecuteHO","interaction":{"idSuffix":"inner"}},"wdio_ui5_key":"receiptDatePickeretmportal.ui.managehandovers.view.DetailExecuteHO"}]}
RESULT: undefined
COMMAND: POST /session/59389012155df3fc64e839119ed77469/execute/async - {"script":"<script> [6424 bytes]","args":[{"element-6066-11e4-a52e-4f735466cecf":"f.8420AFDB22D113F0275E61267E529F05.d.FB797AC71E549F319B90F95A87691FA5.e.4579"},"setValue",["05/01/2025"]]}
RESULT: {"script":"<script> [6424 bytes]","args":[{"element-6066-11e4-a52e-4f735466cecf":"f.8420AFDB22D113F0275E61267E529F05.d.FB797AC71E549F319B90F95A87691FA5.e.4579"},"setValue",["05/01/2025"]]}
COMMAND: POST /session/59389012155df3fc64e839119ed77469/element - {"using":"xpath","value":"//button[@data-kt=\"PickingTableConfirmAllButton\"]"}
RESULT: {"using":"xpath","value":"//button[@data-kt=\"PickingTableConfirmAllButton\"]"}
COMMAND: POST /session/59389012155df3fc64e839119ed77469/element/f.8420AFDB22D113F0275E61267E529F05.d.FB797AC71E549F319B90F95A87691FA5.e.4594/click - {}
RESULT: {}
COMMAND: GET /session/59389012155df3fc64e839119ed77469/screenshot - {}
RESULT: {}
COMMAND: POST /session/59389012155df3fc64e839119ed77469/element - {"using":"xpath","value":"//bdi[contains(text(), \"OK\")]"}
RESULT: {"using":"xpath","value":"//bdi[contains(text(), \"OK\")]"}
COMMAND: POST /session/59389012155df3fc64e839119ed77469/element/f.8420AFDB22D113F0275E61267E529F05.d.FB797AC71E549F319B90F95A87691FA5.e.4597/click - {}
RESULT: {}
COMMAND: GET /session/59389012155df3fc64e839119ed77469/screenshot - {}
RESULT: {}
COMMAND: POST /session/59389012155df3fc64e839119ed77469/element - {"using":"xpath","value":"(//bdi[contains(text(), \"Receive\")])[2]"}
RESULT: {"using":"xpath","value":"(//bdi[contains(text(), \"Receive\")])[2]"}
COMMAND: POST /session/59389012155df3fc64e839119ed77469/element/f.8420AFDB22D113F0275E61267E529F05.d.FB797AC71E549F319B90F95A87691FA5.e.4598/click - {}
RESULT: {}
COMMAND: GET /session/59389012155df3fc64e839119ed77469/screenshot - {}
RESULT: {}
COMMAND: POST /session/59389012155df3fc64e839119ed77469/element - {"using":"css selector","value":"#shell-header-logo"}
RESULT: {"using":"css selector","value":"#shell-header-logo"}
COMMAND: POST /session/59389012155df3fc64e839119ed77469/element/f.8420AFDB22D113F0275E61267E529F05.d.FB797AC71E549F319B90F95A87691FA5.e.3970/click - {}
RESULT: {}
COMMAND: GET /session/59389012155df3fc64e839119ed77469/screenshot - {}
RESULT: {}
]]></system-out>
    </testcase>
    <testcase classname="chrome.135_0_7049_96.windows.Billing_confirm_US117289" name="Should create a new contract" time="55.025">
      <system-out><![CDATA[
COMMAND: POST /session/59389012155df3fc64e839119ed77469/execute/async - {"script":"<script> [1562 bytes]","args":[{"selector":{"controlType":"sap.m.Text","viewName":"etm.portal.ui.managecontractstile.view.Master","properties":{"text":"Manage Contracts"},"interaction":{"idSuffix":"inner"}},"wdio_ui5_key":"etmportal.ui.managecontractstile.view.Mastersap.m.Text{\"text\":\"Manage Contracts\"}"}]}
RESULT: {"script":"<script> [1562 bytes]","args":[{"selector":{"controlType":"sap.m.Text","viewName":"etm.portal.ui.managecontractstile.view.Master","properties":{"text":"Manage Contracts"},"interaction":{"idSuffix":"inner"}},"wdio_ui5_key":"etmportal.ui.managecontractstile.view.Mastersap.m.Text{\"text\":\"Manage Contracts\"}"}]}
RESULT: undefined
COMMAND: POST /session/59389012155df3fc64e839119ed77469/element - {"using":"xpath","value":"//*[@id=\"__tile130-title\"]"}
RESULT: {"using":"xpath","value":"//*[@id=\"__tile130-title\"]"}
COMMAND: POST /session/59389012155df3fc64e839119ed77469/element/f.8420AFDB22D113F0275E61267E529F05.d.FB797AC71E549F319B90F95A87691FA5.e.4770/click - {}
RESULT: {}
COMMAND: GET /session/59389012155df3fc64e839119ed77469/screenshot - {}
RESULT: {}
COMMAND: POST /session/59389012155df3fc64e839119ed77469/element - {"using":"xpath","value":"//button[@data-kt=\"addButton\"]"}
RESULT: {"using":"xpath","value":"//button[@data-kt=\"addButton\"]"}
COMMAND: POST /session/59389012155df3fc64e839119ed77469/elements - {"using":"xpath","value":"//button[@data-kt=\"addButton\"]"}
RESULT: {"using":"xpath","value":"//button[@data-kt=\"addButton\"]"}
COMMAND: POST /session/59389012155df3fc64e839119ed77469/execute/sync - {"script":"<script> [8489 bytes]","args":[{"element-6066-11e4-a52e-4f735466cecf":"f.8420AFDB22D113F0275E61267E529F05.d.FB797AC71E549F319B90F95A87691FA5.e.4841","ELEMENT":"f.8420AFDB22D113F0275E61267E529F05.d.FB797AC71E549F319B90F95A87691FA5.e.4841"}]}
RESULT: {"script":"<script> [8489 bytes]","args":[{"element-6066-11e4-a52e-4f735466cecf":"f.8420AFDB22D113F0275E61267E529F05.d.FB797AC71E549F319B90F95A87691FA5.e.4841","ELEMENT":"f.8420AFDB22D113F0275E61267E529F05.d.FB797AC71E549F319B90F95A87691FA5.e.4841"}]}
COMMAND: GET /session/59389012155df3fc64e839119ed77469/element/f.8420AFDB22D113F0275E61267E529F05.d.FB797AC71E549F319B90F95A87691FA5.e.4841/enabled - {}
COMMAND: GET /session/59389012155df3fc64e839119ed77469/screenshot - {}
RESULT: {}
COMMAND: POST /session/59389012155df3fc64e839119ed77469/execute/sync - {"script":"<script> [8489 bytes]","args":[{"element-6066-11e4-a52e-4f735466cecf":"f.8420AFDB22D113F0275E61267E529F05.d.FB797AC71E549F319B90F95A87691FA5.e.4841","ELEMENT":"f.8420AFDB22D113F0275E61267E529F05.d.FB797AC71E549F319B90F95A87691FA5.e.4841"}]}
COMMAND: GET /session/59389012155df3fc64e839119ed77469/screenshot - {}
RESULT: {}
RESULT: {"script":"<script> [8489 bytes]","args":[{"element-6066-11e4-a52e-4f735466cecf":"f.8420AFDB22D113F0275E61267E529F05.d.FB797AC71E549F319B90F95A87691FA5.e.4841","ELEMENT":"f.8420AFDB22D113F0275E61267E529F05.d.FB797AC71E549F319B90F95A87691FA5.e.4841"}]}
COMMAND: POST /session/59389012155df3fc64e839119ed77469/execute/sync - {"script":"<script> [5351 bytes]","args":[{"element-6066-11e4-a52e-4f735466cecf":"f.8420AFDB22D113F0275E61267E529F05.d.FB797AC71E549F319B90F95A87691FA5.e.4841","ELEMENT":"f.8420AFDB22D113F0275E61267E529F05.d.FB797AC71E549F319B90F95A87691FA5.e.4841"}]}
COMMAND: GET /session/59389012155df3fc64e839119ed77469/screenshot - {}
RESULT: {}
RESULT: {}
RESULT: {"script":"<script> [5351 bytes]","args":[{"element-6066-11e4-a52e-4f735466cecf":"f.8420AFDB22D113F0275E61267E529F05.d.FB797AC71E549F319B90F95A87691FA5.e.4841","ELEMENT":"f.8420AFDB22D113F0275E61267E529F05.d.FB797AC71E549F319B90F95A87691FA5.e.4841"}]}
COMMAND: GET /session/59389012155df3fc64e839119ed77469/screenshot - {}
RESULT: {}
COMMAND: POST /session/59389012155df3fc64e839119ed77469/element/f.8420AFDB22D113F0275E61267E529F05.d.FB797AC71E549F319B90F95A87691FA5.e.4841/click - {}
RESULT: {}
COMMAND: GET /session/59389012155df3fc64e839119ed77469/screenshot - {}
COMMAND: POST /session/59389012155df3fc64e839119ed77469/execute/async - {"script":"<script> [1562 bytes]","args":[{"selector":{"id":"application-managecontracts-display-component---AddNewContract--projectDescription","interaction":{"idSuffix":"inner"}},"wdio_ui5_key":"applicationmanagecontracts-display-component---AddNewContract--projectDescription"}]}
RESULT: {}
RESULT: {"script":"<script> [1562 bytes]","args":[{"selector":{"id":"application-managecontracts-display-component---AddNewContract--projectDescription","interaction":{"idSuffix":"inner"}},"wdio_ui5_key":"applicationmanagecontracts-display-component---AddNewContract--projectDescription"}]}
RESULT: undefined
COMMAND: POST /session/59389012155df3fc64e839119ed77469/execute/async - {"script":"<script> [776 bytes]","args":[{"enterText":"Contract WDIO","selector":{"id":"application-managecontracts-display-component---AddNewContract--projectDescription","interaction":{"idSuffix":"inner"}},"clearTextFirst":true,"interactionType":"ENTER_TEXT"}]}
RESULT: {"script":"<script> [776 bytes]","args":[{"enterText":"Contract WDIO","selector":{"id":"application-managecontracts-display-component---AddNewContract--projectDescription","interaction":{"idSuffix":"inner"}},"clearTextFirst":true,"interactionType":"ENTER_TEXT"}]}
COMMAND: POST /session/59389012155df3fc64e839119ed77469/element - {"using":"xpath","value":"//input[@id=\"application-managecontracts-display-component---AddNewContract--site-inner\"]"}
RESULT: {"using":"xpath","value":"//input[@id=\"application-managecontracts-display-component---AddNewContract--site-inner\"]"}
COMMAND: POST /session/59389012155df3fc64e839119ed77469/element/f.8420AFDB22D113F0275E61267E529F05.d.FB797AC71E549F319B90F95A87691FA5.e.5140/clear - {}
RESULT: {}
COMMAND: POST /session/59389012155df3fc64e839119ed77469/element/f.8420AFDB22D113F0275E61267E529F05.d.FB797AC71E549F319B90F95A87691FA5.e.5140/value - {"text":"2321"}
COMMAND: GET /session/59389012155df3fc64e839119ed77469/screenshot - {}
RESULT: {"text":"2321"}
COMMAND: GET /session/59389012155df3fc64e839119ed77469/screenshot - {}
RESULT: {}
RESULT: {}
COMMAND: POST /session/59389012155df3fc64e839119ed77469/element - {"using":"xpath","value":"//li[.//span[text()='2321']]"}
RESULT: {"using":"xpath","value":"//li[.//span[text()='2321']]"}
COMMAND: POST /session/59389012155df3fc64e839119ed77469/element/f.8420AFDB22D113F0275E61267E529F05.d.FB797AC71E549F319B90F95A87691FA5.e.5164/click - {}
RESULT: {}
COMMAND: GET /session/59389012155df3fc64e839119ed77469/screenshot - {}
RESULT: {}
COMMAND: POST /session/59389012155df3fc64e839119ed77469/element - {"using":"xpath","value":"//input[@id=\"application-managecontracts-display-component---AddNewContract--yardId-inner\"]"}
RESULT: {"using":"xpath","value":"//input[@id=\"application-managecontracts-display-component---AddNewContract--yardId-inner\"]"}
COMMAND: GET /session/59389012155df3fc64e839119ed77469/element/f.8420AFDB22D113F0275E61267E529F05.d.FB797AC71E549F319B90F95A87691FA5.e.5141/property/value - {}
RESULT: {}
COMMAND: POST /session/59389012155df3fc64e839119ed77469/element - {"using":"xpath","value":"//input[@id=\"application-managecontracts-display-component---AddNewContract--customerSelect-inner\"]"}
COMMAND: GET /session/59389012155df3fc64e839119ed77469/screenshot - {}
RESULT: {"using":"xpath","value":"//input[@id=\"application-managecontracts-display-component---AddNewContract--customerSelect-inner\"]"}
COMMAND: POST /session/59389012155df3fc64e839119ed77469/element/f.8420AFDB22D113F0275E61267E529F05.d.FB797AC71E549F319B90F95A87691FA5.e.5139/clear - {}
RESULT: {}
RESULT: {}
COMMAND: POST /session/59389012155df3fc64e839119ed77469/element/f.8420AFDB22D113F0275E61267E529F05.d.FB797AC71E549F319B90F95A87691FA5.e.5139/value - {"text":"1356"}
COMMAND: GET /session/59389012155df3fc64e839119ed77469/screenshot - {}
RESULT: {"text":"1356"}
COMMAND: GET /session/59389012155df3fc64e839119ed77469/screenshot - {}
RESULT: {}
RESULT: {}
COMMAND: POST /session/59389012155df3fc64e839119ed77469/element - {"using":"xpath","value":"//li[.//span[text()='1356']]"}
RESULT: {"using":"xpath","value":"//li[.//span[text()='1356']]"}
COMMAND: POST /session/59389012155df3fc64e839119ed77469/element/f.8420AFDB22D113F0275E61267E529F05.d.FB797AC71E549F319B90F95A87691FA5.e.5167/click - {}
RESULT: {}
COMMAND: GET /session/59389012155df3fc64e839119ed77469/screenshot - {}
RESULT: {}
COMMAND: POST /session/59389012155df3fc64e839119ed77469/element - {"using":"xpath","value":"//button[@data-kt=\"saveButton\"]"}
RESULT: {"using":"xpath","value":"//button[@data-kt=\"saveButton\"]"}
COMMAND: POST /session/59389012155df3fc64e839119ed77469/element/f.8420AFDB22D113F0275E61267E529F05.d.FB797AC71E549F319B90F95A87691FA5.e.5157/click - {}
RESULT: {}
COMMAND: GET /session/59389012155df3fc64e839119ed77469/screenshot - {}
RESULT: {}
COMMAND: POST /session/59389012155df3fc64e839119ed77469/element - {"using":"xpath","value":"//span[contains(@id ,\"contractDetailTitleNoExpanded\")]"}
RESULT: {"using":"xpath","value":"//span[contains(@id ,\"contractDetailTitleNoExpanded\")]"}
COMMAND: POST /session/59389012155df3fc64e839119ed77469/elements - {"using":"xpath","value":"//span[contains(@id ,\"contractDetailTitleNoExpanded\")]"}
RESULT: {"using":"xpath","value":"//span[contains(@id ,\"contractDetailTitleNoExpanded\")]"}
COMMAND: POST /session/59389012155df3fc64e839119ed77469/execute/sync - {"script":"<script> [56 bytes]","args":[{"element-6066-11e4-a52e-4f735466cecf":"f.8420AFDB22D113F0275E61267E529F05.d.FB797AC71E549F319B90F95A87691FA5.e.5175","ELEMENT":"f.8420AFDB22D113F0275E61267E529F05.d.FB797AC71E549F319B90F95A87691FA5.e.5175"}]}
RESULT: {"script":"<script> [56 bytes]","args":[{"element-6066-11e4-a52e-4f735466cecf":"f.8420AFDB22D113F0275E61267E529F05.d.FB797AC71E549F319B90F95A87691FA5.e.5175","ELEMENT":"f.8420AFDB22D113F0275E61267E529F05.d.FB797AC71E549F319B90F95A87691FA5.e.5175"}]}
COMMAND: GET /session/59389012155df3fc64e839119ed77469/screenshot - {}
RESULT: {}
]]></system-out>
    </testcase>
    <testcase classname="chrome.135_0_7049_96.windows.Billing_confirm_US117289" name="Should add created equipment to contract" time="47.103">
      <system-out><![CDATA[
COMMAND: POST /session/59389012155df3fc64e839119ed77469/element - {"using":"xpath","value":"//button[@data-kt=\"contractDetailEditBtnButton\"]"}
RESULT: {"using":"xpath","value":"//button[@data-kt=\"contractDetailEditBtnButton\"]"}
COMMAND: POST /session/59389012155df3fc64e839119ed77469/element/f.8420AFDB22D113F0275E61267E529F05.d.FB797AC71E549F319B90F95A87691FA5.e.5178/click - {}
RESULT: {}
COMMAND: GET /session/59389012155df3fc64e839119ed77469/screenshot - {}
RESULT: {}
COMMAND: POST /session/59389012155df3fc64e839119ed77469/element - {"using":"xpath","value":"(//span[contains(text(), \"Additional Addresses\")])[2]"}
RESULT: {"using":"xpath","value":"(//span[contains(text(), \"Additional Addresses\")])[2]"}
COMMAND: POST /session/59389012155df3fc64e839119ed77469/element/f.8420AFDB22D113F0275E61267E529F05.d.FB797AC71E549F319B90F95A87691FA5.e.5240/click - {}
RESULT: {}
COMMAND: GET /session/59389012155df3fc64e839119ed77469/screenshot - {}
RESULT: {}
COMMAND: POST /session/59389012155df3fc64e839119ed77469/element - {"using":"xpath","value":"//button[@data-kt=\"btnAddTableRowOverflowToolbarButton\"]"}
RESULT: {"using":"xpath","value":"//button[@data-kt=\"btnAddTableRowOverflowToolbarButton\"]"}
COMMAND: POST /session/59389012155df3fc64e839119ed77469/element/f.8420AFDB22D113F0275E61267E529F05.d.FB797AC71E549F319B90F95A87691FA5.e.5242/click - {}
RESULT: {}
COMMAND: GET /session/59389012155df3fc64e839119ed77469/screenshot - {}
RESULT: {}
COMMAND: POST /session/59389012155df3fc64e839119ed77469/element - {"using":"xpath","value":"//div[(text() = 'Standard Entry' or . = 'Standard Entry')]"}
RESULT: {"using":"xpath","value":"//div[(text() = 'Standard Entry' or . = 'Standard Entry')]"}
COMMAND: POST /session/59389012155df3fc64e839119ed77469/element/f.8420AFDB22D113F0275E61267E529F05.d.FB797AC71E549F319B90F95A87691FA5.e.5244/click - {}
RESULT: {}
COMMAND: GET /session/59389012155df3fc64e839119ed77469/screenshot - {}
RESULT: {}
COMMAND: POST /session/59389012155df3fc64e839119ed77469/element - {"using":"xpath","value":"//td[7]/div/div/input"}
RESULT: {"using":"xpath","value":"//td[7]/div/div/input"}
COMMAND: POST /session/59389012155df3fc64e839119ed77469/element/f.8420AFDB22D113F0275E61267E529F05.d.FB797AC71E549F319B90F95A87691FA5.e.5253/clear - {}
RESULT: {}
COMMAND: POST /session/59389012155df3fc64e839119ed77469/element/f.8420AFDB22D113F0275E61267E529F05.d.FB797AC71E549F319B90F95A87691FA5.e.5253/value - {"text":"K94fW5NlMT"}
COMMAND: GET /session/59389012155df3fc64e839119ed77469/screenshot - {}
RESULT: {"text":"K94fW5NlMT"}
COMMAND: GET /session/59389012155df3fc64e839119ed77469/screenshot - {}
RESULT: {}
RESULT: {}
COMMAND: POST /session/59389012155df3fc64e839119ed77469/actions - {"actions":[{"id":"action18","type":"key","parameters":{},"actions":[{"type":"keyDown","value":"î€‡"},{"type":"pause","duration":10},{"type":"keyUp","value":"î€‡"}]}]}
RESULT: {"actions":[{"id":"action18","type":"key","parameters":{},"actions":[{"type":"keyDown","value":"î€‡"},{"type":"pause","duration":10},{"type":"keyUp","value":"î€‡"}]}]}
COMMAND: GET /session/59389012155df3fc64e839119ed77469/screenshot - {}
RESULT: {}
COMMAND: POST /session/59389012155df3fc64e839119ed77469/execute/sync - {"script":"<script> [276 bytes]","args":["No pricing information was found"]}
RESULT: {"script":"<script> [276 bytes]","args":["No pricing information was found"]}
COMMAND: POST /session/59389012155df3fc64e839119ed77469/element - {"using":"xpath","value":"(//button[@data-kt=\"saveButton\"])[2]"}
COMMAND: GET /session/59389012155df3fc64e839119ed77469/screenshot - {}
RESULT: {"using":"xpath","value":"(//button[@data-kt=\"saveButton\"])[2]"}
COMMAND: POST /session/59389012155df3fc64e839119ed77469/element/f.8420AFDB22D113F0275E61267E529F05.d.FB797AC71E549F319B90F95A87691FA5.e.5268/click - {}
RESULT: {}
RESULT: {}
COMMAND: GET /session/59389012155df3fc64e839119ed77469/screenshot - {}
RESULT: {}
COMMAND: POST /session/59389012155df3fc64e839119ed77469/execute/sync - {"script":"<script> [276 bytes]","args":["Some contract items are having rental validity exceeding header rental validity"]}
RESULT: {"script":"<script> [276 bytes]","args":["Some contract items are having rental validity exceeding header rental validity"]}
COMMAND: GET /session/59389012155df3fc64e839119ed77469/screenshot - {}
RESULT: {}
COMMAND: POST /session/59389012155df3fc64e839119ed77469/element - {"using":"xpath","value":"//span[contains(@id ,\"contractItemsSmartTable-header-inner\")]"}
RESULT: {"using":"xpath","value":"//span[contains(@id ,\"contractItemsSmartTable-header-inner\")]"}
COMMAND: POST /session/59389012155df3fc64e839119ed77469/elements - {"using":"xpath","value":"//span[contains(@id ,\"contractItemsSmartTable-header-inner\")]"}
RESULT: {"using":"xpath","value":"//span[contains(@id ,\"contractItemsSmartTable-header-inner\")]"}
COMMAND: POST /session/59389012155df3fc64e839119ed77469/execute/sync - {"script":"<script> [56 bytes]","args":[{"element-6066-11e4-a52e-4f735466cecf":"f.8420AFDB22D113F0275E61267E529F05.d.FB797AC71E549F319B90F95A87691FA5.e.5274","ELEMENT":"f.8420AFDB22D113F0275E61267E529F05.d.FB797AC71E549F319B90F95A87691FA5.e.5274"}]}
RESULT: {"script":"<script> [56 bytes]","args":[{"element-6066-11e4-a52e-4f735466cecf":"f.8420AFDB22D113F0275E61267E529F05.d.FB797AC71E549F319B90F95A87691FA5.e.5274","ELEMENT":"f.8420AFDB22D113F0275E61267E529F05.d.FB797AC71E549F319B90F95A87691FA5.e.5274"}]}
]]></system-out>
    </testcase>
    <testcase classname="chrome.135_0_7049_96.windows.Billing_confirm_US117289" name="Should do a provide to site handover" time="50.228">
      <system-out><![CDATA[
COMMAND: POST /session/59389012155df3fc64e839119ed77469/element - {"using":"xpath","value":"//button[@data-kt=\"provideButton\"]"}
COMMAND: GET /session/59389012155df3fc64e839119ed77469/screenshot - {}
RESULT: {"using":"xpath","value":"//button[@data-kt=\"provideButton\"]"}
COMMAND: POST /session/59389012155df3fc64e839119ed77469/element/f.8420AFDB22D113F0275E61267E529F05.d.FB797AC71E549F319B90F95A87691FA5.e.5275/click - {}
RESULT: {}
RESULT: {}
COMMAND: GET /session/59389012155df3fc64e839119ed77469/screenshot - {}
RESULT: undefined
COMMAND: POST /session/59389012155df3fc64e839119ed77469/execute/async - {"script":"<script> [6424 bytes]","args":[{"element-6066-11e4-a52e-4f735466cecf":"f.8420AFDB22D113F0275E61267E529F05.d.FB797AC71E549F319B90F95A87691FA5.e.4364"},"setValue",["05/01/2025"]]}
RESULT: {}
COMMAND: POST /session/59389012155df3fc64e839119ed77469/execute/async - {"script":"<script> [1562 bytes]","args":[{"selector":{"id":"application-managehandovers-display-component---AddNewHO--dueDate","interaction":{"idSuffix":"inner"}},"wdio_ui5_key":"applicationmanagehandovers-display-component---AddNewHO--dueDate"}]}
RESULT: {"script":"<script> [1562 bytes]","args":[{"selector":{"id":"application-managehandovers-display-component---AddNewHO--dueDate","interaction":{"idSuffix":"inner"}},"wdio_ui5_key":"applicationmanagehandovers-display-component---AddNewHO--dueDate"}]}
COMMAND: POST /session/59389012155df3fc64e839119ed77469/execute/async - {"script":"<script> [6424 bytes]","args":[{"element-6066-11e4-a52e-4f735466cecf":"f.8420AFDB22D113F0275E61267E529F05.d.FB797AC71E549F319B90F95A87691FA5.e.5365"},"setValue",["05/01/2025"]]}
RESULT: {"script":"<script> [6424 bytes]","args":[{"element-6066-11e4-a52e-4f735466cecf":"f.8420AFDB22D113F0275E61267E529F05.d.FB797AC71E549F319B90F95A87691FA5.e.5365"},"setValue",["05/01/2025"]]}
COMMAND: POST /session/59389012155df3fc64e839119ed77469/element - {"using":"xpath","value":"//bdi[contains(text(), \"Instructions\")]"}
RESULT: {"using":"xpath","value":"//bdi[contains(text(), \"Instructions\")]"}
COMMAND: POST /session/59389012155df3fc64e839119ed77469/element/f.8420AFDB22D113F0275E61267E529F05.d.FB797AC71E549F319B90F95A87691FA5.e.5585/click - {}
RESULT: {}
COMMAND: GET /session/59389012155df3fc64e839119ed77469/screenshot - {}
RESULT: {}
COMMAND: POST /session/59389012155df3fc64e839119ed77469/element - {"using":"xpath","value":"//button[@data-kt=\"AddNewHOProvideAddItemsButton\"]"}
RESULT: {"using":"xpath","value":"//button[@data-kt=\"AddNewHOProvideAddItemsButton\"]"}
COMMAND: POST /session/59389012155df3fc64e839119ed77469/element/f.8420AFDB22D113F0275E61267E529F05.d.FB797AC71E549F319B90F95A87691FA5.e.5589/click - {}
RESULT: {}
COMMAND: GET /session/59389012155df3fc64e839119ed77469/screenshot - {}
RESULT: {}
RESULT: undefined
COMMAND: POST /session/59389012155df3fc64e839119ed77469/element - {"using":"xpath","value":"//*[@id=\"application-managehandovers-display-component---AddNewHO--popup-sa\"]"}
RESULT: {"using":"xpath","value":"//*[@id=\"application-managehandovers-display-component---AddNewHO--popup-sa\"]"}
COMMAND: POST /session/59389012155df3fc64e839119ed77469/element/f.8420AFDB22D113F0275E61267E529F05.d.FB797AC71E549F319B90F95A87691FA5.e.5604/click - {}
RESULT: {}
COMMAND: GET /session/59389012155df3fc64e839119ed77469/screenshot - {}
RESULT: {}
COMMAND: POST /session/59389012155df3fc64e839119ed77469/element - {"using":"xpath","value":"//*[contains(@id ,\"BDI-content\")][contains(text(), \"Select\")]"}
RESULT: {"using":"xpath","value":"//*[contains(@id ,\"BDI-content\")][contains(text(), \"Select\")]"}
COMMAND: POST /session/59389012155df3fc64e839119ed77469/element/f.8420AFDB22D113F0275E61267E529F05.d.FB797AC71E549F319B90F95A87691FA5.e.5606/click - {}
RESULT: {}
COMMAND: GET /session/59389012155df3fc64e839119ed77469/screenshot - {}
RESULT: {}
COMMAND: POST /session/59389012155df3fc64e839119ed77469/execute/async - {"script":"<script> [1562 bytes]","args":[{"selector":{"id":"application-managehandovers-display-component---AddNewHO--confirmCreationButton","interaction":{"idSuffix":"BDI-content"}},"wdio_ui5_key":"applicationmanagehandovers-display-component---AddNewHO--confirmCreationButton"}]}
RESULT: {"script":"<script> [1562 bytes]","args":[{"selector":{"id":"application-managehandovers-display-component---AddNewHO--confirmCreationButton","interaction":{"idSuffix":"BDI-content"}},"wdio_ui5_key":"applicationmanagehandovers-display-component---AddNewHO--confirmCreationButton"}]}
RESULT: undefined
COMMAND: POST /session/59389012155df3fc64e839119ed77469/element - {"using":"xpath","value":"//*[@id=\"application-managehandovers-display-component---AddNewHO--confirmCreationButton\"]"}
RESULT: {"using":"xpath","value":"//*[@id=\"application-managehandovers-display-component---AddNewHO--confirmCreationButton\"]"}
COMMAND: POST /session/59389012155df3fc64e839119ed77469/element/f.8420AFDB22D113F0275E61267E529F05.d.FB797AC71E549F319B90F95A87691FA5.e.5411/click - {}
RESULT: {}
COMMAND: GET /session/59389012155df3fc64e839119ed77469/screenshot - {}
RESULT: {}
COMMAND: POST /session/59389012155df3fc64e839119ed77469/element - {"using":"xpath","value":"//button[@data-kt=\"PickingTableConfirmAllButton\"]"}
RESULT: {"using":"xpath","value":"//button[@data-kt=\"PickingTableConfirmAllButton\"]"}
COMMAND: POST /session/59389012155df3fc64e839119ed77469/element/f.8420AFDB22D113F0275E61267E529F05.d.FB797AC71E549F319B90F95A87691FA5.e.5649/click - {}
COMMAND: POST /session/59389012155df3fc64e839119ed77469/element - {"using":"xpath","value":"//button[@data-kt=\"PickingTableConfirmAllButton\"]"}
RESULT: {"using":"xpath","value":"//button[@data-kt=\"PickingTableConfirmAllButton\"]"}
COMMAND: POST /session/59389012155df3fc64e839119ed77469/element/f.8420AFDB22D113F0275E61267E529F05.d.FB797AC71E549F319B90F95A87691FA5.e.5649/click - {}
COMMAND: POST /session/59389012155df3fc64e839119ed77469/element - {"using":"xpath","value":"//button[@data-kt=\"PickingTableConfirmAllButton\"]"}
RESULT: {"using":"xpath","value":"//button[@data-kt=\"PickingTableConfirmAllButton\"]"}
COMMAND: POST /session/59389012155df3fc64e839119ed77469/element/f.8420AFDB22D113F0275E61267E529F05.d.FB797AC71E549F319B90F95A87691FA5.e.5651/click - {}
RESULT: {}
COMMAND: GET /session/59389012155df3fc64e839119ed77469/screenshot - {}
RESULT: {}
COMMAND: POST /session/59389012155df3fc64e839119ed77469/element - {"using":"xpath","value":"//bdi[contains(text(), \"OK\")]"}
RESULT: {"using":"xpath","value":"//bdi[contains(text(), \"OK\")]"}
COMMAND: POST /session/59389012155df3fc64e839119ed77469/element/f.8420AFDB22D113F0275E61267E529F05.d.FB797AC71E549F319B90F95A87691FA5.e.5663/click - {}
RESULT: {}
COMMAND: GET /session/59389012155df3fc64e839119ed77469/screenshot - {}
RESULT: {}
COMMAND: POST /session/59389012155df3fc64e839119ed77469/element - {"using":"xpath","value":"//bdi[contains(text(), \"Issue\")]"}
RESULT: {"using":"xpath","value":"//bdi[contains(text(), \"Issue\")]"}
COMMAND: POST /session/59389012155df3fc64e839119ed77469/element/f.8420AFDB22D113F0275E61267E529F05.d.FB797AC71E549F319B90F95A87691FA5.e.5664/click - {}
RESULT: {}
COMMAND: GET /session/59389012155df3fc64e839119ed77469/screenshot - {}
RESULT: {}
COMMAND: POST /session/59389012155df3fc64e839119ed77469/element - {"using":"css selector","value":"#shell-header-logo"}
RESULT: {"using":"css selector","value":"#shell-header-logo"}
COMMAND: POST /session/59389012155df3fc64e839119ed77469/element/f.8420AFDB22D113F0275E61267E529F05.d.FB797AC71E549F319B90F95A87691FA5.e.4774/click - {}
RESULT: {}
COMMAND: GET /session/59389012155df3fc64e839119ed77469/screenshot - {}
RESULT: {}
]]></system-out>
    </testcase>
    <testcase classname="chrome.135_0_7049_96.windows.Billing_confirm_US117289" name="Should trigger calculation" time="68.647">
      <system-out><![CDATA[
COMMAND: POST /session/59389012155df3fc64e839119ed77469/execute/async - {"script":"<script> [1562 bytes]","args":[{"selector":{"controlType":"sap.m.GenericTile","properties":{"header":"Manage Billings"}},"wdio_ui5_key":"sapm.GenericTile{\"header\":\"Manage Billings\"}"}]}
RESULT: {"script":"<script> [1562 bytes]","args":[{"selector":{"controlType":"sap.m.GenericTile","properties":{"header":"Manage Billings"}},"wdio_ui5_key":"sapm.GenericTile{\"header\":\"Manage Billings\"}"}]}
RESULT: undefined
COMMAND: POST /session/59389012155df3fc64e839119ed77469/element - {"using":"xpath","value":"//*[@id=\"__tile51\"]"}
RESULT: {"using":"xpath","value":"//*[@id=\"__tile51\"]"}
COMMAND: POST /session/59389012155df3fc64e839119ed77469/element/f.8420AFDB22D113F0275E61267E529F05.d.FB797AC71E549F319B90F95A87691FA5.e.183/click - {}
RESULT: {}
COMMAND: GET /session/59389012155df3fc64e839119ed77469/screenshot - {}
RESULT: {}
COMMAND: POST /session/59389012155df3fc64e839119ed77469/execute/async - {"script":"<script> [1562 bytes]","args":[{"selector":{"id":"application-managebillings-display-component---billRunCalcResult--smartFilterBar-btnBasicSearch","interaction":{"idSuffix":"I"}},"wdio_ui5_key":"applicationmanagebillings-display-component---billRunCalcResult--smartFilterBar-btnBasicSearch"}]}
RESULT: {"script":"<script> [1562 bytes]","args":[{"selector":{"id":"application-managebillings-display-component---billRunCalcResult--smartFilterBar-btnBasicSearch","interaction":{"idSuffix":"I"}},"wdio_ui5_key":"applicationmanagebillings-display-component---billRunCalcResult--smartFilterBar-btnBasicSearch"}]}
RESULT: undefined
COMMAND: POST /session/59389012155df3fc64e839119ed77469/execute/async - {"script":"<script> [776 bytes]","args":[{"enterText":"10436","selector":{"id":"application-managebillings-display-component---billRunCalcResult--smartFilterBar-btnBasicSearch","interaction":{"idSuffix":"I"}},"clearTextFirst":true,"interactionType":"ENTER_TEXT"}]}
RESULT: {"script":"<script> [776 bytes]","args":[{"enterText":"10436","selector":{"id":"application-managebillings-display-component---billRunCalcResult--smartFilterBar-btnBasicSearch","interaction":{"idSuffix":"I"}},"clearTextFirst":true,"interactionType":"ENTER_TEXT"}]}
COMMAND: POST /session/59389012155df3fc64e839119ed77469/actions - {"actions":[{"id":"action19","type":"key","parameters":{},"actions":[{"type":"keyDown","value":"î€‡"},{"type":"pause","duration":10},{"type":"keyUp","value":"î€‡"}]}]}
RESULT: {"actions":[{"id":"action19","type":"key","parameters":{},"actions":[{"type":"keyDown","value":"î€‡"},{"type":"pause","duration":10},{"type":"keyUp","value":"î€‡"}]}]}
COMMAND: GET /session/59389012155df3fc64e839119ed77469/screenshot - {}
RESULT: {}
COMMAND: POST /session/59389012155df3fc64e839119ed77469/element - {"using":"xpath","value":"//td[@aria-colindex=\"1\"]/div/div[contains(@class, \"sapMCbBg\")]"}
RESULT: {"using":"xpath","value":"//td[@aria-colindex=\"1\"]/div/div[contains(@class, \"sapMCbBg\")]"}
COMMAND: POST /session/59389012155df3fc64e839119ed77469/element/f.8420AFDB22D113F0275E61267E529F05.d.FB797AC71E549F319B90F95A87691FA5.e.6072/click - {}
RESULT: {}
COMMAND: GET /session/59389012155df3fc64e839119ed77469/screenshot - {}
RESULT: {}
COMMAND: POST /session/59389012155df3fc64e839119ed77469/execute/async - {"script":"<script> [1562 bytes]","args":[{"selector":{"id":"application-managebillings-display-component---billRunCalcResult--contractBillRunDate","interaction":{"idSuffix":"inner"}},"wdio_ui5_key":"applicationmanagebillings-display-component---billRunCalcResult--contractBillRunDate"}]}
RESULT: {"script":"<script> [1562 bytes]","args":[{"selector":{"id":"application-managebillings-display-component---billRunCalcResult--contractBillRunDate","interaction":{"idSuffix":"inner"}},"wdio_ui5_key":"applicationmanagebillings-display-component---billRunCalcResult--contractBillRunDate"}]}
RESULT: undefined
COMMAND: POST /session/59389012155df3fc64e839119ed77469/execute/async - {"script":"<script> [776 bytes]","args":[{"enterText":"06/01/25","selector":{"id":"application-managebillings-display-component---billRunCalcResult--contractBillRunDate","interaction":{"idSuffix":"inner"}},"clearTextFirst":true,"interactionType":"ENTER_TEXT"}]}
RESULT: {"script":"<script> [776 bytes]","args":[{"enterText":"06/01/25","selector":{"id":"application-managebillings-display-component---billRunCalcResult--contractBillRunDate","interaction":{"idSuffix":"inner"}},"clearTextFirst":true,"interactionType":"ENTER_TEXT"}]}
COMMAND: POST /session/59389012155df3fc64e839119ed77469/element - {"using":"xpath","value":"//bdi[contains(text(), \"Trigger Calculation\")]"}
RESULT: {"using":"xpath","value":"//bdi[contains(text(), \"Trigger Calculation\")]"}
COMMAND: POST /session/59389012155df3fc64e839119ed77469/element/f.8420AFDB22D113F0275E61267E529F05.d.FB797AC71E549F319B90F95A87691FA5.e.6086/click - {}
RESULT: {}
COMMAND: GET /session/59389012155df3fc64e839119ed77469/screenshot - {}
RESULT: {}
COMMAND: POST /session/59389012155df3fc64e839119ed77469/element - {"using":"xpath","value":"(//span[contains(@id, \"imgNav\")])[1]"}
RESULT: {"using":"xpath","value":"(//span[contains(@id, \"imgNav\")])[1]"}
COMMAND: POST /session/59389012155df3fc64e839119ed77469/element/f.8420AFDB22D113F0275E61267E529F05.d.FB797AC71E549F319B90F95A87691FA5.e.6070/click - {}
RESULT: {}
COMMAND: GET /session/59389012155df3fc64e839119ed77469/screenshot - {}
RESULT: {}
COMMAND: POST /session/59389012155df3fc64e839119ed77469/element - {"using":"xpath","value":"//tr/td[6]/div[1]/span[1]/span[1]"}
RESULT: {"using":"xpath","value":"//tr/td[6]/div[1]/span[1]/span[1]"}
COMMAND: GET /session/59389012155df3fc64e839119ed77469/element/f.8420AFDB22D113F0275E61267E529F05.d.FB797AC71E549F319B90F95A87691FA5.e.6090/text - {}
RESULT: {}
COMMAND: POST /session/59389012155df3fc64e839119ed77469/element - {"using":"xpath","value":"(//span[contains(@id, \"imgNav\")])[2]"}
RESULT: {"using":"xpath","value":"(//span[contains(@id, \"imgNav\")])[2]"}
COMMAND: POST /session/59389012155df3fc64e839119ed77469/element/f.8420AFDB22D113F0275E61267E529F05.d.FB797AC71E549F319B90F95A87691FA5.e.6091/click - {}
RESULT: {}
COMMAND: GET /session/59389012155df3fc64e839119ed77469/screenshot - {}
RESULT: {}
COMMAND: POST /session/59389012155df3fc64e839119ed77469/element - {"using":"xpath","value":"//bdi[contains(text(), \"Business Confirm\")]"}
RESULT: {"using":"xpath","value":"//bdi[contains(text(), \"Business Confirm\")]"}
COMMAND: POST /session/59389012155df3fc64e839119ed77469/element/f.8420AFDB22D113F0275E61267E529F05.d.FB797AC71E549F319B90F95A87691FA5.e.6144/click - {}
RESULT: {}
COMMAND: GET /session/59389012155df3fc64e839119ed77469/screenshot - {}
RESULT: {}
COMMAND: POST /session/59389012155df3fc64e839119ed77469/element - {"using":"xpath","value":"//bdi[contains(text(), \"Business Confirmed\")]"}
RESULT: {"using":"xpath","value":"//bdi[contains(text(), \"Business Confirmed\")]"}
COMMAND: POST /session/59389012155df3fc64e839119ed77469/execute/sync - {"script":"<script> [56 bytes]","args":[{"element-6066-11e4-a52e-4f735466cecf":"f.8420AFDB22D113F0275E61267E529F05.d.FB797AC71E549F319B90F95A87691FA5.e.6144","ELEMENT":"f.8420AFDB22D113F0275E61267E529F05.d.FB797AC71E549F319B90F95A87691FA5.e.6144"}]}
RESULT: {"script":"<script> [56 bytes]","args":[{"element-6066-11e4-a52e-4f735466cecf":"f.8420AFDB22D113F0275E61267E529F05.d.FB797AC71E549F319B90F95A87691FA5.e.6144","ELEMENT":"f.8420AFDB22D113F0275E61267E529F05.d.FB797AC71E549F319B90F95A87691FA5.e.6144"}]}
COMMAND: POST /session/59389012155df3fc64e839119ed77469/element - {"using":"css selector","value":"#shell-header-logo"}
COMMAND: GET /session/59389012155df3fc64e839119ed77469/screenshot - {}
RESULT: {"using":"css selector","value":"#shell-header-logo"}
COMMAND: POST /session/59389012155df3fc64e839119ed77469/element/f.8420AFDB22D113F0275E61267E529F05.d.FB797AC71E549F319B90F95A87691FA5.e.5849/click - {}
RESULT: {}
RESULT: {}
COMMAND: GET /session/59389012155df3fc64e839119ed77469/screenshot - {}
RESULT: {}
COMMAND: POST /session/59389012155df3fc64e839119ed77469/element - {"using":"css selector","value":"#j_username"}
COMMAND: POST /session/59389012155df3fc64e839119ed77469/url - {"url":"https://qa-testing-00-live-etm-ui.cfapps.eu10-004.hana.ondemand.com/"}
RESULT: {"using":"css selector","value":"#j_username"}
COMMAND: POST /session/59389012155df3fc64e839119ed77469/element - {"using":"css selector","value":"#j_username"}
RESULT: {"url":"https://qa-testing-00-live-etm-ui.cfapps.eu10-004.hana.ondemand.com/"}
RESULT: undefined
COMMAND: GET /session/59389012155df3fc64e839119ed77469/screenshot - {}
RESULT: {"using":"css selector","value":"#j_username"}
COMMAND: POST /session/59389012155df3fc64e839119ed77469/element - {"using":"css selector","value":"#shell-header-logo"}
RESULT: {}
RESULT: {"using":"css selector","value":"#shell-header-logo"}
COMMAND: POST /session/59389012155df3fc64e839119ed77469/execute/sync - {"script":"<script> [8489 bytes]","args":[{"element-6066-11e4-a52e-4f735466cecf":"f.8420AFDB22D113F0275E61267E529F05.d.6A3C090ABA9ADB4C001EA375222FC00E.e.6161","ELEMENT":"f.8420AFDB22D113F0275E61267E529F05.d.6A3C090ABA9ADB4C001EA375222FC00E.e.6161"}]}
RESULT: {"script":"<script> [8489 bytes]","args":[{"element-6066-11e4-a52e-4f735466cecf":"f.8420AFDB22D113F0275E61267E529F05.d.6A3C090ABA9ADB4C001EA375222FC00E.e.6161","ELEMENT":"f.8420AFDB22D113F0275E61267E529F05.d.6A3C090ABA9ADB4C001EA375222FC00E.e.6161"}]}
COMMAND: POST /session/59389012155df3fc64e839119ed77469/element - {"using":"css selector","value":"#shell-header-logo"}
COMMAND: GET /session/59389012155df3fc64e839119ed77469/screenshot - {}
RESULT: {"using":"css selector","value":"#shell-header-logo"}
COMMAND: POST /session/59389012155df3fc64e839119ed77469/execute/sync - {"script":"<script> [8489 bytes]","args":[{"element-6066-11e4-a52e-4f735466cecf":"f.8420AFDB22D113F0275E61267E529F05.d.6A3C090ABA9ADB4C001EA375222FC00E.e.6161","ELEMENT":"f.8420AFDB22D113F0275E61267E529F05.d.6A3C090ABA9ADB4C001EA375222FC00E.e.6161"}]}
RESULT: {}
RESULT: {"script":"<script> [8489 bytes]","args":[{"element-6066-11e4-a52e-4f735466cecf":"f.8420AFDB22D113F0275E61267E529F05.d.6A3C090ABA9ADB4C001EA375222FC00E.e.6161","ELEMENT":"f.8420AFDB22D113F0275E61267E529F05.d.6A3C090ABA9ADB4C001EA375222FC00E.e.6161"}]}
COMMAND: POST /session/59389012155df3fc64e839119ed77469/execute/sync - {"script":"<script> [5351 bytes]","args":[{"element-6066-11e4-a52e-4f735466cecf":"f.8420AFDB22D113F0275E61267E529F05.d.6A3C090ABA9ADB4C001EA375222FC00E.e.6161","ELEMENT":"f.8420AFDB22D113F0275E61267E529F05.d.6A3C090ABA9ADB4C001EA375222FC00E.e.6161"}]}
COMMAND: GET /session/59389012155df3fc64e839119ed77469/screenshot - {}
RESULT: {"script":"<script> [5351 bytes]","args":[{"element-6066-11e4-a52e-4f735466cecf":"f.8420AFDB22D113F0275E61267E529F05.d.6A3C090ABA9ADB4C001EA375222FC00E.e.6161","ELEMENT":"f.8420AFDB22D113F0275E61267E529F05.d.6A3C090ABA9ADB4C001EA375222FC00E.e.6161"}]}
COMMAND: POST /session/59389012155df3fc64e839119ed77469/element - {"using":"css selector","value":"#shell-header-logo"}
COMMAND: GET /session/59389012155df3fc64e839119ed77469/screenshot - {}
RESULT: {}
RESULT: {"using":"css selector","value":"#shell-header-logo"}
COMMAND: POST /session/59389012155df3fc64e839119ed77469/element/f.8420AFDB22D113F0275E61267E529F05.d.6A3C090ABA9ADB4C001EA375222FC00E.e.6161/click - {}
RESULT: {}
RESULT: {}
COMMAND: GET /session/59389012155df3fc64e839119ed77469/screenshot - {}
RESULT: {}
COMMAND: POST /session/59389012155df3fc64e839119ed77469/execute/async - {"script":"<script> [189 bytes]","args":[]}
RESULT: {"script":"<script> [189 bytes]","args":[]}
COMMAND: POST /session/59389012155df3fc64e839119ed77469/execute/async - {"script":"<script> [123 bytes]","args":[]}
RESULT: {"script":"<script> [123 bytes]","args":[]}
COMMAND: POST /session/59389012155df3fc64e839119ed77469/timeouts - {"script":"<number>"}
RESULT: {"script":"<number>"}
COMMAND: GET /session/59389012155df3fc64e839119ed77469/timeouts - {}
RESULT: {}
RESULT: undefined
COMMAND: POST /session/59389012155df3fc64e839119ed77469/execute/async - {"script":"<script> [2676 bytes]","args":[]}
RESULT: {"script":"<script> [2676 bytes]","args":[]}
COMMAND: POST /session/59389012155df3fc64e839119ed77469/execute/async - {"script":"<script> [2342 bytes]","args":[{"protocol":"http","hostname":"0.0.0.0","path":"/","capabilities":{"browserName":"chrome","goog:chromeOptions":{"binary":"C:\\Program Files\\Google\\Chrome\\Application\\chrome.exe","args":["--start-maximized"]}},"logLevel":"warn","connectionRetryTimeout":120000,"connectionRetryCount":3,"logLevels":{},"enableDirectConnect":true,"strictSSL":true,"_":"65 more keys: [\"cacheDir\",\"port\",\"requestedCapabilities\",\"automationProtocol\",\"baseUrl\",\"waitforInterval\",\"waitforTimeout\",\"onReload\",\"beforeCommand\",\"afterCommand\",\"rootDir\",\"specs\",\"suites\",\"exclude\",\"groupLogsByTestSpec\",\"excludeDriverLogs\",\"bail\",\"framework\",\"reporters\",\"services\",\"maxInstances\",\"maxInstancesPerCapability\",\"injectGlobals\",\"filesToWatch\",\"execArgv\",\"runnerEnv\",\"runner\",\"shard\",\"specFileRetries\",\"specFileRetriesDelay\",\"specFileRetriesDeferred\",\"reporterSyncInterval\",\"reporterSyncTimeout\",\"cucumberFeaturesWithLineNumbers\",\"autoCompileOpts\",\"mochaOpts\",\"jasmineOpts\",\"cucumberOpts\",\"onPrepare\",\"onWorkerStart\",\"onWorkerEnd\",\"before\",\"beforeSession\",\"beforeSuite\",\"beforeHook\",\"beforeTest\",\"afterTest\",\"afterHook\",\"afterSuite\",\"afterSession\",\"after\",\"onComplete\",\"beforeAssertion\",\"afterAssertion\",\"beforeFeature\",\"beforeScenario\",\"beforeStep\",\"afterStep\",\"afterScenario\",\"afterFeature\",\"_\",\"suite\",\"$0\",\"ignoredWorkerServices\",\"wdi5\"]"}]}
RESULT: {"script":"<script> [2342 bytes]","args":[{"protocol":"http","hostname":"0.0.0.0","path":"/","capabilities":{"browserName":"chrome","goog:chromeOptions":{"binary":"C:\\Program Files\\Google\\Chrome\\Application\\chrome.exe","args":["--start-maximized"]}},"logLevel":"warn","connectionRetryTimeout":120000,"connectionRetryCount":3,"logLevels":{},"enableDirectConnect":true,"strictSSL":true,"_":"65 more keys: [\"cacheDir\",\"port\",\"requestedCapabilities\",\"automationProtocol\",\"baseUrl\",\"waitforInterval\",\"waitforTimeout\",\"onReload\",\"beforeCommand\",\"afterCommand\",\"rootDir\",\"specs\",\"suites\",\"exclude\",\"groupLogsByTestSpec\",\"excludeDriverLogs\",\"bail\",\"framework\",\"reporters\",\"services\",\"maxInstances\",\"maxInstancesPerCapability\",\"injectGlobals\",\"filesToWatch\",\"execArgv\",\"runnerEnv\",\"runner\",\"shard\",\"specFileRetries\",\"specFileRetriesDelay\",\"specFileRetriesDeferred\",\"reporterSyncInterval\",\"reporterSyncTimeout\",\"cucumberFeaturesWithLineNumbers\",\"autoCompileOpts\",\"mochaOpts\",\"jasmineOpts\",\"cucumberOpts\",\"onPrepare\",\"onWorkerStart\",\"onWorkerEnd\",\"before\",\"beforeSession\",\"beforeSuite\",\"beforeHook\",\"beforeTest\",\"afterTest\",\"afterHook\",\"afterSuite\",\"afterSession\",\"after\",\"onComplete\",\"beforeAssertion\",\"afterAssertion\",\"beforeFeature\",\"beforeScenario\",\"beforeStep\",\"afterStep\",\"afterScenario\",\"afterFeature\",\"_\",\"suite\",\"$0\",\"ignoredWorkerServices\",\"wdi5\"]"}]}
COMMAND: POST /session/59389012155df3fc64e839119ed77469/execute/async - {"script":"<script> [21126 bytes]","args":[35000]}
RESULT: {"script":"<script> [21126 bytes]","args":[35000]}
COMMAND: POST /session/59389012155df3fc64e839119ed77469/window/maximize - {}
RESULT: {}
COMMAND: POST /session/59389012155df3fc64e839119ed77469/execute/async - {"script":"<script> [1562 bytes]","args":[{"selector":{"id":"shell-header","interaction":{"idSuffix":"icon"}},"wdio_ui5_key":"shellheader"}]}
COMMAND: GET /session/59389012155df3fc64e839119ed77469/screenshot - {}
RESULT: {"script":"<script> [1562 bytes]","args":[{"selector":{"id":"shell-header","interaction":{"idSuffix":"icon"}},"wdio_ui5_key":"shellheader"}]}
RESULT: undefined
COMMAND: POST /session/59389012155df3fc64e839119ed77469/refresh - {}
RESULT: {}
RESULT: {}
COMMAND: GET /session/59389012155df3fc64e839119ed77469/screenshot - {}
RESULT: {}
COMMAND: POST /session/59389012155df3fc64e839119ed77469/refresh - {}
RESULT: {}
COMMAND: GET /session/59389012155df3fc64e839119ed77469/screenshot - {}
RESULT: {}
COMMAND: POST /session/59389012155df3fc64e839119ed77469/window/fullscreen - {}
RESULT: {}
COMMAND: POST /session/59389012155df3fc64e839119ed77469/execute/async - {"script":"<script> [189 bytes]","args":[]}
RESULT: {"script":"<script> [189 bytes]","args":[]}
COMMAND: POST /session/59389012155df3fc64e839119ed77469/execute/async - {"script":"<script> [123 bytes]","args":[]}
RESULT: {"script":"<script> [123 bytes]","args":[]}
COMMAND: POST /session/59389012155df3fc64e839119ed77469/timeouts - {"script":"<number>"}
RESULT: {"script":"<number>"}
COMMAND: GET /session/59389012155df3fc64e839119ed77469/timeouts - {}
RESULT: {}
RESULT: undefined
COMMAND: POST /session/59389012155df3fc64e839119ed77469/execute/async - {"script":"<script> [2676 bytes]","args":[]}
RESULT: {"script":"<script> [2676 bytes]","args":[]}
COMMAND: POST /session/59389012155df3fc64e839119ed77469/execute/async - {"script":"<script> [2342 bytes]","args":[{"protocol":"http","hostname":"0.0.0.0","path":"/","capabilities":{"browserName":"chrome","goog:chromeOptions":{"binary":"C:\\Program Files\\Google\\Chrome\\Application\\chrome.exe","args":["--start-maximized"]}},"logLevel":"warn","connectionRetryTimeout":120000,"connectionRetryCount":3,"logLevels":{},"enableDirectConnect":true,"strictSSL":true,"_":"65 more keys: [\"cacheDir\",\"port\",\"requestedCapabilities\",\"automationProtocol\",\"baseUrl\",\"waitforInterval\",\"waitforTimeout\",\"onReload\",\"beforeCommand\",\"afterCommand\",\"rootDir\",\"specs\",\"suites\",\"exclude\",\"groupLogsByTestSpec\",\"excludeDriverLogs\",\"bail\",\"framework\",\"reporters\",\"services\",\"maxInstances\",\"maxInstancesPerCapability\",\"injectGlobals\",\"filesToWatch\",\"execArgv\",\"runnerEnv\",\"runner\",\"shard\",\"specFileRetries\",\"specFileRetriesDelay\",\"specFileRetriesDeferred\",\"reporterSyncInterval\",\"reporterSyncTimeout\",\"cucumberFeaturesWithLineNumbers\",\"autoCompileOpts\",\"mochaOpts\",\"jasmineOpts\",\"cucumberOpts\",\"onPrepare\",\"onWorkerStart\",\"onWorkerEnd\",\"before\",\"beforeSession\",\"beforeSuite\",\"beforeHook\",\"beforeTest\",\"afterTest\",\"afterHook\",\"afterSuite\",\"afterSession\",\"after\",\"onComplete\",\"beforeAssertion\",\"afterAssertion\",\"beforeFeature\",\"beforeScenario\",\"beforeStep\",\"afterStep\",\"afterScenario\",\"afterFeature\",\"_\",\"suite\",\"$0\",\"ignoredWorkerServices\",\"wdi5\"]"}]}
RESULT: {"script":"<script> [2342 bytes]","args":[{"protocol":"http","hostname":"0.0.0.0","path":"/","capabilities":{"browserName":"chrome","goog:chromeOptions":{"binary":"C:\\Program Files\\Google\\Chrome\\Application\\chrome.exe","args":["--start-maximized"]}},"logLevel":"warn","connectionRetryTimeout":120000,"connectionRetryCount":3,"logLevels":{},"enableDirectConnect":true,"strictSSL":true,"_":"65 more keys: [\"cacheDir\",\"port\",\"requestedCapabilities\",\"automationProtocol\",\"baseUrl\",\"waitforInterval\",\"waitforTimeout\",\"onReload\",\"beforeCommand\",\"afterCommand\",\"rootDir\",\"specs\",\"suites\",\"exclude\",\"groupLogsByTestSpec\",\"excludeDriverLogs\",\"bail\",\"framework\",\"reporters\",\"services\",\"maxInstances\",\"maxInstancesPerCapability\",\"injectGlobals\",\"filesToWatch\",\"execArgv\",\"runnerEnv\",\"runner\",\"shard\",\"specFileRetries\",\"specFileRetriesDelay\",\"specFileRetriesDeferred\",\"reporterSyncInterval\",\"reporterSyncTimeout\",\"cucumberFeaturesWithLineNumbers\",\"autoCompileOpts\",\"mochaOpts\",\"jasmineOpts\",\"cucumberOpts\",\"onPrepare\",\"onWorkerStart\",\"onWorkerEnd\",\"before\",\"beforeSession\",\"beforeSuite\",\"beforeHook\",\"beforeTest\",\"afterTest\",\"afterHook\",\"afterSuite\",\"afterSession\",\"after\",\"onComplete\",\"beforeAssertion\",\"afterAssertion\",\"beforeFeature\",\"beforeScenario\",\"beforeStep\",\"afterStep\",\"afterScenario\",\"afterFeature\",\"_\",\"suite\",\"$0\",\"ignoredWorkerServices\",\"wdi5\"]"}]}
COMMAND: POST /session/59389012155df3fc64e839119ed77469/execute/async - {"script":"<script> [21126 bytes]","args":[35000]}
RESULT: {"script":"<script> [21126 bytes]","args":[35000]}
]]></system-out>
    </testcase>
  </testsuite>
  <testsuite timestamp="2025-05-01T17:22:56" time="1204.112" tests="14" failures="0" errors="0" skipped="0">
    <properties>
      <property name="specId" value="0" />
      <property name="suiteName" value="Create master data for mixed billing &amp; do billing calculation US151661" />
      <property name="capabilities" value="chrome.135_0_7049_96.windows" />
      <property name="file" value="file:///D:/a/1/s/test/specs/BTS/billing-calculation-mixed.spec.js" />
    </properties>
    <testcase classname="chrome.135_0_7049_96.windows.Create_master_data_for_mixed_billing_&amp;_do_billing_calculation_US151661" name="Should create a new yard" time="102.894">
      <system-out><![CDATA[
COMMAND: POST /session/59389012155df3fc64e839119ed77469/window/fullscreen - {}
RESULT: {}
COMMAND: POST /session/59389012155df3fc64e839119ed77469/execute/async - {"script":"<script> [1562 bytes]","args":[{"selector":{"controlType":"sap.m.GenericTile","properties":{"header":"Manage Yards"}},"wdio_ui5_key":"sapm.GenericTile{\"header\":\"Manage Yards\"}"}]}
RESULT: {"script":"<script> [1562 bytes]","args":[{"selector":{"controlType":"sap.m.GenericTile","properties":{"header":"Manage Yards"}},"wdio_ui5_key":"sapm.GenericTile{\"header\":\"Manage Yards\"}"}]}
RESULT: undefined
COMMAND: POST /session/59389012155df3fc64e839119ed77469/element - {"using":"xpath","value":"//*[@id=\"__tile41\"]"}
RESULT: {"using":"xpath","value":"//*[@id=\"__tile41\"]"}
COMMAND: POST /session/59389012155df3fc64e839119ed77469/element/f.8420AFDB22D113F0275E61267E529F05.d.8E28698D66B0B8CEA498A81879380B2F.e.6323/click - {}
RESULT: {}
COMMAND: POST /session/59389012155df3fc64e839119ed77469/element - {"using":"xpath","value":"//button[@data-kt=\"addNewYardOverflowToolbarButton\"]"}
COMMAND: GET /session/59389012155df3fc64e839119ed77469/screenshot - {}
RESULT: {"using":"xpath","value":"//button[@data-kt=\"addNewYardOverflowToolbarButton\"]"}
COMMAND: POST /session/59389012155df3fc64e839119ed77469/elements - {"using":"xpath","value":"//button[@data-kt=\"addNewYardOverflowToolbarButton\"]"}
RESULT: {}
RESULT: {"using":"xpath","value":"//button[@data-kt=\"addNewYardOverflowToolbarButton\"]"}
COMMAND: POST /session/59389012155df3fc64e839119ed77469/elements - {"using":"xpath","value":"//button[@data-kt=\"addNewYardOverflowToolbarButton\"]"}
RESULT: {"using":"xpath","value":"//button[@data-kt=\"addNewYardOverflowToolbarButton\"]"}
COMMAND: POST /session/59389012155df3fc64e839119ed77469/elements - {"using":"xpath","value":"//button[@data-kt=\"addNewYardOverflowToolbarButton\"]"}
RESULT: {"using":"xpath","value":"//button[@data-kt=\"addNewYardOverflowToolbarButton\"]"}
COMMAND: POST /session/59389012155df3fc64e839119ed77469/elements - {"using":"xpath","value":"//button[@data-kt=\"addNewYardOverflowToolbarButton\"]"}
RESULT: {"using":"xpath","value":"//button[@data-kt=\"addNewYardOverflowToolbarButton\"]"}
COMMAND: POST /session/59389012155df3fc64e839119ed77469/elements - {"using":"xpath","value":"//button[@data-kt=\"addNewYardOverflowToolbarButton\"]"}
RESULT: {"using":"xpath","value":"//button[@data-kt=\"addNewYardOverflowToolbarButton\"]"}
COMMAND: POST /session/59389012155df3fc64e839119ed77469/elements - {"using":"xpath","value":"//button[@data-kt=\"addNewYardOverflowToolbarButton\"]"}
RESULT: {"using":"xpath","value":"//button[@data-kt=\"addNewYardOverflowToolbarButton\"]"}
COMMAND: POST /session/59389012155df3fc64e839119ed77469/elements - {"using":"xpath","value":"//button[@data-kt=\"addNewYardOverflowToolbarButton\"]"}
RESULT: {"using":"xpath","value":"//button[@data-kt=\"addNewYardOverflowToolbarButton\"]"}
COMMAND: POST /session/59389012155df3fc64e839119ed77469/elements - {"using":"xpath","value":"//button[@data-kt=\"addNewYardOverflowToolbarButton\"]"}
RESULT: {"using":"xpath","value":"//button[@data-kt=\"addNewYardOverflowToolbarButton\"]"}
COMMAND: POST /session/59389012155df3fc64e839119ed77469/elements - {"using":"xpath","value":"//button[@data-kt=\"addNewYardOverflowToolbarButton\"]"}
RESULT: {"using":"xpath","value":"//button[@data-kt=\"addNewYardOverflowToolbarButton\"]"}
COMMAND: POST /session/59389012155df3fc64e839119ed77469/elements - {"using":"xpath","value":"//button[@data-kt=\"addNewYardOverflowToolbarButton\"]"}
RESULT: {"using":"xpath","value":"//button[@data-kt=\"addNewYardOverflowToolbarButton\"]"}
COMMAND: POST /session/59389012155df3fc64e839119ed77469/elements - {"using":"xpath","value":"//button[@data-kt=\"addNewYardOverflowToolbarButton\"]"}
RESULT: {"using":"xpath","value":"//button[@data-kt=\"addNewYardOverflowToolbarButton\"]"}
COMMAND: POST /session/59389012155df3fc64e839119ed77469/elements - {"using":"xpath","value":"//button[@data-kt=\"addNewYardOverflowToolbarButton\"]"}
RESULT: {"using":"xpath","value":"//button[@data-kt=\"addNewYardOverflowToolbarButton\"]"}
COMMAND: POST /session/59389012155df3fc64e839119ed77469/elements - {"using":"xpath","value":"//button[@data-kt=\"addNewYardOverflowToolbarButton\"]"}
RESULT: {"using":"xpath","value":"//button[@data-kt=\"addNewYardOverflowToolbarButton\"]"}
COMMAND: POST /session/59389012155df3fc64e839119ed77469/elements - {"using":"xpath","value":"//button[@data-kt=\"addNewYardOverflowToolbarButton\"]"}
RESULT: {"using":"xpath","value":"//button[@data-kt=\"addNewYardOverflowToolbarButton\"]"}
COMMAND: POST /session/59389012155df3fc64e839119ed77469/elements - {"using":"xpath","value":"//button[@data-kt=\"addNewYardOverflowToolbarButton\"]"}
RESULT: {"using":"xpath","value":"//button[@data-kt=\"addNewYardOverflowToolbarButton\"]"}
COMMAND: POST /session/59389012155df3fc64e839119ed77469/elements - {"using":"xpath","value":"//button[@data-kt=\"addNewYardOverflowToolbarButton\"]"}
RESULT: {"using":"xpath","value":"//button[@data-kt=\"addNewYardOverflowToolbarButton\"]"}
COMMAND: POST /session/59389012155df3fc64e839119ed77469/elements - {"using":"xpath","value":"//button[@data-kt=\"addNewYardOverflowToolbarButton\"]"}
RESULT: {"using":"xpath","value":"//button[@data-kt=\"addNewYardOverflowToolbarButton\"]"}
COMMAND: POST /session/59389012155df3fc64e839119ed77469/element - {"using":"xpath","value":"//button[@data-kt=\"addNewYardOverflowToolbarButton\"]"}
RESULT: {"using":"xpath","value":"//button[@data-kt=\"addNewYardOverflowToolbarButton\"]"}
COMMAND: POST /session/59389012155df3fc64e839119ed77469/execute/sync - {"script":"<script> [8489 bytes]","args":[{"element-6066-11e4-a52e-4f735466cecf":"f.8420AFDB22D113F0275E61267E529F05.d.8E28698D66B0B8CEA498A81879380B2F.e.6457","ELEMENT":"f.8420AFDB22D113F0275E61267E529F05.d.8E28698D66B0B8CEA498A81879380B2F.e.6457"}]}
RESULT: {"script":"<script> [8489 bytes]","args":[{"element-6066-11e4-a52e-4f735466cecf":"f.8420AFDB22D113F0275E61267E529F05.d.8E28698D66B0B8CEA498A81879380B2F.e.6457","ELEMENT":"f.8420AFDB22D113F0275E61267E529F05.d.8E28698D66B0B8CEA498A81879380B2F.e.6457"}]}
COMMAND: GET /session/59389012155df3fc64e839119ed77469/element/f.8420AFDB22D113F0275E61267E529F05.d.8E28698D66B0B8CEA498A81879380B2F.e.6457/enabled - {}
COMMAND: GET /session/59389012155df3fc64e839119ed77469/screenshot - {}
RESULT: {}
COMMAND: POST /session/59389012155df3fc64e839119ed77469/execute/sync - {"script":"<script> [8489 bytes]","args":[{"element-6066-11e4-a52e-4f735466cecf":"f.8420AFDB22D113F0275E61267E529F05.d.8E28698D66B0B8CEA498A81879380B2F.e.6457","ELEMENT":"f.8420AFDB22D113F0275E61267E529F05.d.8E28698D66B0B8CEA498A81879380B2F.e.6457"}]}
COMMAND: GET /session/59389012155df3fc64e839119ed77469/screenshot - {}
RESULT: {}
RESULT: {"script":"<script> [8489 bytes]","args":[{"element-6066-11e4-a52e-4f735466cecf":"f.8420AFDB22D113F0275E61267E529F05.d.8E28698D66B0B8CEA498A81879380B2F.e.6457","ELEMENT":"f.8420AFDB22D113F0275E61267E529F05.d.8E28698D66B0B8CEA498A81879380B2F.e.6457"}]}
COMMAND: POST /session/59389012155df3fc64e839119ed77469/execute/sync - {"script":"<script> [5351 bytes]","args":[{"element-6066-11e4-a52e-4f735466cecf":"f.8420AFDB22D113F0275E61267E529F05.d.8E28698D66B0B8CEA498A81879380B2F.e.6457","ELEMENT":"f.8420AFDB22D113F0275E61267E529F05.d.8E28698D66B0B8CEA498A81879380B2F.e.6457"}]}
COMMAND: GET /session/59389012155df3fc64e839119ed77469/screenshot - {}
RESULT: {}
RESULT: {"script":"<script> [5351 bytes]","args":[{"element-6066-11e4-a52e-4f735466cecf":"f.8420AFDB22D113F0275E61267E529F05.d.8E28698D66B0B8CEA498A81879380B2F.e.6457","ELEMENT":"f.8420AFDB22D113F0275E61267E529F05.d.8E28698D66B0B8CEA498A81879380B2F.e.6457"}]}
COMMAND: POST /session/59389012155df3fc64e839119ed77469/element/f.8420AFDB22D113F0275E61267E529F05.d.8E28698D66B0B8CEA498A81879380B2F.e.6457/click - {}
COMMAND: GET /session/59389012155df3fc64e839119ed77469/screenshot - {}
RESULT: {}
RESULT: {}
COMMAND: GET /session/59389012155df3fc64e839119ed77469/screenshot - {}
RESULT: {}
COMMAND: POST /session/59389012155df3fc64e839119ed77469/element - {"using":"xpath","value":"//input[@id=\"application-manageyards-display-component---NewYard--yardId-inner\"]"}
RESULT: {}
RESULT: {"using":"xpath","value":"//input[@id=\"application-manageyards-display-component---NewYard--yardId-inner\"]"}
COMMAND: POST /session/59389012155df3fc64e839119ed77469/element - {"using":"xpath","value":"//input[@id=\"application-manageyards-display-component---NewYard--yardId-inner\"]"}
RESULT: {"using":"xpath","value":"//input[@id=\"application-manageyards-display-component---NewYard--yardId-inner\"]"}
COMMAND: POST /session/59389012155df3fc64e839119ed77469/execute/async - {"script":"<script> [1562 bytes]","args":[{"selector":{"id":"application-manageyards-display-component---NewYard--addressDetailDetailsName1","interaction":{"idSuffix":"inner"}},"wdio_ui5_key":"applicationmanageyards-display-component---NewYard--addressDetailDetailsName1"}]}
RESULT: {"script":"<script> [1562 bytes]","args":[{"selector":{"id":"application-manageyards-display-component---NewYard--addressDetailDetailsName1","interaction":{"idSuffix":"inner"}},"wdio_ui5_key":"applicationmanageyards-display-component---NewYard--addressDetailDetailsName1"}]}
RESULT: undefined
COMMAND: POST /session/59389012155df3fc64e839119ed77469/execute/async - {"script":"<script> [776 bytes]","args":[{"enterText":"Intercompany Yard wdIO","selector":{"id":"application-manageyards-display-component---NewYard--addressDetailDetailsName1","interaction":{"idSuffix":"inner"}},"clearTextFirst":true,"interactionType":"ENTER_TEXT"}]}
RESULT: {"script":"<script> [776 bytes]","args":[{"enterText":"Intercompany Yard wdIO","selector":{"id":"application-manageyards-display-component---NewYard--addressDetailDetailsName1","interaction":{"idSuffix":"inner"}},"clearTextFirst":true,"interactionType":"ENTER_TEXT"}]}
COMMAND: POST /session/59389012155df3fc64e839119ed77469/execute/async - {"script":"<script> [1562 bytes]","args":[{"selector":{"id":"application-manageyards-display-component---NewYard--addressDetailDetailsLanguage-arrow"},"wdio_ui5_key":"applicationmanageyards-display-component---NewYard--addressDetailDetailsLanguage-arrow"}]}
RESULT: {"script":"<script> [1562 bytes]","args":[{"selector":{"id":"application-manageyards-display-component---NewYard--addressDetailDetailsLanguage-arrow"},"wdio_ui5_key":"applicationmanageyards-display-component---NewYard--addressDetailDetailsLanguage-arrow"}]}
RESULT: undefined
COMMAND: POST /session/59389012155df3fc64e839119ed77469/element - {"using":"xpath","value":"//*[@id=\"application-manageyards-display-component---NewYard--addressDetailDetailsLanguage-arrow\"]"}
RESULT: {"using":"xpath","value":"//*[@id=\"application-manageyards-display-component---NewYard--addressDetailDetailsLanguage-arrow\"]"}
COMMAND: POST /session/59389012155df3fc64e839119ed77469/element/f.8420AFDB22D113F0275E61267E529F05.d.8E28698D66B0B8CEA498A81879380B2F.e.6889/click - {}
RESULT: {}
COMMAND: POST /session/59389012155df3fc64e839119ed77469/element - {"using":"xpath","value":"//span[contains(text(), \"English\")]"}
COMMAND: GET /session/59389012155df3fc64e839119ed77469/screenshot - {}
RESULT: {"using":"xpath","value":"//span[contains(text(), \"English\")]"}
COMMAND: POST /session/59389012155df3fc64e839119ed77469/element/f.8420AFDB22D113F0275E61267E529F05.d.8E28698D66B0B8CEA498A81879380B2F.e.6890/click - {}
RESULT: {}
RESULT: {}
COMMAND: POST /session/59389012155df3fc64e839119ed77469/execute/async - {"script":"<script> [1562 bytes]","args":[{"selector":{"id":"application-manageyards-display-component---NewYard--addressDetailDetailsCity1","interaction":{"idSuffix":"inner"}},"wdio_ui5_key":"applicationmanageyards-display-component---NewYard--addressDetailDetailsCity1"}]}
COMMAND: GET /session/59389012155df3fc64e839119ed77469/screenshot - {}
RESULT: {"script":"<script> [1562 bytes]","args":[{"selector":{"id":"application-manageyards-display-component---NewYard--addressDetailDetailsCity1","interaction":{"idSuffix":"inner"}},"wdio_ui5_key":"applicationmanageyards-display-component---NewYard--addressDetailDetailsCity1"}]}
RESULT: undefined
COMMAND: POST /session/59389012155df3fc64e839119ed77469/execute/async - {"script":"<script> [776 bytes]","args":[{"enterText":"Rosario","selector":{"id":"application-manageyards-display-component---NewYard--addressDetailDetailsCity1","interaction":{"idSuffix":"inner"}},"clearTextFirst":true,"interactionType":"ENTER_TEXT"}]}
RESULT: {}
RESULT: {"script":"<script> [776 bytes]","args":[{"enterText":"Rosario","selector":{"id":"application-manageyards-display-component---NewYard--addressDetailDetailsCity1","interaction":{"idSuffix":"inner"}},"clearTextFirst":true,"interactionType":"ENTER_TEXT"}]}
COMMAND: POST /session/59389012155df3fc64e839119ed77469/execute/async - {"script":"<script> [1562 bytes]","args":[{"selector":{"id":"application-manageyards-display-component---NewYard--addressDetailDetailsCountry-arrow"},"wdio_ui5_key":"applicationmanageyards-display-component---NewYard--addressDetailDetailsCountry-arrow"}]}
RESULT: {"script":"<script> [1562 bytes]","args":[{"selector":{"id":"application-manageyards-display-component---NewYard--addressDetailDetailsCountry-arrow"},"wdio_ui5_key":"applicationmanageyards-display-component---NewYard--addressDetailDetailsCountry-arrow"}]}
RESULT: undefined
COMMAND: POST /session/59389012155df3fc64e839119ed77469/element - {"using":"xpath","value":"//*[@id=\"application-manageyards-display-component---NewYard--addressDetailDetailsCountry-arrow\"]"}
RESULT: {"using":"xpath","value":"//*[@id=\"application-manageyards-display-component---NewYard--addressDetailDetailsCountry-arrow\"]"}
COMMAND: POST /session/59389012155df3fc64e839119ed77469/element/f.8420AFDB22D113F0275E61267E529F05.d.8E28698D66B0B8CEA498A81879380B2F.e.6892/click - {}
RESULT: {}
COMMAND: POST /session/59389012155df3fc64e839119ed77469/element - {"using":"xpath","value":"//span[contains(text(), \"Argentina\")]"}
COMMAND: GET /session/59389012155df3fc64e839119ed77469/screenshot - {}
RESULT: {"using":"xpath","value":"//span[contains(text(), \"Argentina\")]"}
COMMAND: POST /session/59389012155df3fc64e839119ed77469/element/f.8420AFDB22D113F0275E61267E529F05.d.8E28698D66B0B8CEA498A81879380B2F.e.6893/click - {}
RESULT: {}
RESULT: {}
COMMAND: POST /session/59389012155df3fc64e839119ed77469/execute/async - {"script":"<script> [1562 bytes]","args":[{"selector":{"id":"application-manageyards-display-component---NewYard--addressEditDetailsCostObjectCstType-arrow"},"wdio_ui5_key":"applicationmanageyards-display-component---NewYard--addressEditDetailsCostObjectCstType-arrow"}]}
COMMAND: GET /session/59389012155df3fc64e839119ed77469/screenshot - {}
RESULT: {"script":"<script> [1562 bytes]","args":[{"selector":{"id":"application-manageyards-display-component---NewYard--addressEditDetailsCostObjectCstType-arrow"},"wdio_ui5_key":"applicationmanageyards-display-component---NewYard--addressEditDetailsCostObjectCstType-arrow"}]}
RESULT: undefined
COMMAND: POST /session/59389012155df3fc64e839119ed77469/element - {"using":"xpath","value":"//*[@id=\"application-manageyards-display-component---NewYard--addressEditDetailsCostObjectCstType-arrow\"]"}
RESULT: {}
RESULT: {"using":"xpath","value":"//*[@id=\"application-manageyards-display-component---NewYard--addressEditDetailsCostObjectCstType-arrow\"]"}
COMMAND: POST /session/59389012155df3fc64e839119ed77469/element/f.8420AFDB22D113F0275E61267E529F05.d.8E28698D66B0B8CEA498A81879380B2F.e.6895/click - {}
RESULT: {}
COMMAND: POST /session/59389012155df3fc64e839119ed77469/element - {"using":"xpath","value":"//span[contains(text(), \"Cost Center\")]"}
COMMAND: GET /session/59389012155df3fc64e839119ed77469/screenshot - {}
RESULT: {"using":"xpath","value":"//span[contains(text(), \"Cost Center\")]"}
COMMAND: POST /session/59389012155df3fc64e839119ed77469/element/f.8420AFDB22D113F0275E61267E529F05.d.8E28698D66B0B8CEA498A81879380B2F.e.6896/click - {}
RESULT: {}
RESULT: {}
COMMAND: GET /session/59389012155df3fc64e839119ed77469/screenshot - {}
RESULT: {}
COMMAND: POST /session/59389012155df3fc64e839119ed77469/element - {"using":"xpath","value":"//span[@id=\"application-manageyards-display-component---NewYard--addressNewCostObjectCstID-vhi\"]"}
RESULT: {"using":"xpath","value":"//span[@id=\"application-manageyards-display-component---NewYard--addressNewCostObjectCstID-vhi\"]"}
COMMAND: POST /session/59389012155df3fc64e839119ed77469/execute/sync - {"script":"<script> [8489 bytes]","args":[{"element-6066-11e4-a52e-4f735466cecf":"f.8420AFDB22D113F0275E61267E529F05.d.8E28698D66B0B8CEA498A81879380B2F.e.6900","ELEMENT":"f.8420AFDB22D113F0275E61267E529F05.d.8E28698D66B0B8CEA498A81879380B2F.e.6900"}]}
RESULT: {"script":"<script> [8489 bytes]","args":[{"element-6066-11e4-a52e-4f735466cecf":"f.8420AFDB22D113F0275E61267E529F05.d.8E28698D66B0B8CEA498A81879380B2F.e.6900","ELEMENT":"f.8420AFDB22D113F0275E61267E529F05.d.8E28698D66B0B8CEA498A81879380B2F.e.6900"}]}
COMMAND: POST /session/59389012155df3fc64e839119ed77469/execute/async - {"script":"<script> [1562 bytes]","args":[{"selector":{"id":"application-manageyards-display-component---NewYard--addressNewCostObjectCstID-vhi"},"wdio_ui5_key":"applicationmanageyards-display-component---NewYard--addressNewCostObjectCstID-vhi"}]}
COMMAND: GET /session/59389012155df3fc64e839119ed77469/screenshot - {}
RESULT: {"script":"<script> [1562 bytes]","args":[{"selector":{"id":"application-manageyards-display-component---NewYard--addressNewCostObjectCstID-vhi"},"wdio_ui5_key":"applicationmanageyards-display-component---NewYard--addressNewCostObjectCstID-vhi"}]}
RESULT: undefined
COMMAND: POST /session/59389012155df3fc64e839119ed77469/element - {"using":"xpath","value":"//*[@id=\"application-manageyards-display-component---NewYard--addressNewCostObjectCstID-vhi\"]"}
RESULT: {}
RESULT: {"using":"xpath","value":"//*[@id=\"application-manageyards-display-component---NewYard--addressNewCostObjectCstID-vhi\"]"}
COMMAND: POST /session/59389012155df3fc64e839119ed77469/element/f.8420AFDB22D113F0275E61267E529F05.d.8E28698D66B0B8CEA498A81879380B2F.e.6900/click - {}
RESULT: {}
COMMAND: GET /session/59389012155df3fc64e839119ed77469/screenshot - {}
RESULT: {}
COMMAND: POST /session/59389012155df3fc64e839119ed77469/execute/async - {"script":"<script> [1562 bytes]","args":[{"selector":{"controlType":"sap.m.SearchField","properties":{"placeholder":"Search"},"searchOpenDialogs":true,"interaction":{"idSuffix":"I"}},"wdio_ui5_key":"sapm.SearchField{\"placeholder\":\"Search\"}"}]}
RESULT: {"script":"<script> [1562 bytes]","args":[{"selector":{"controlType":"sap.m.SearchField","properties":{"placeholder":"Search"},"searchOpenDialogs":true,"interaction":{"idSuffix":"I"}},"wdio_ui5_key":"sapm.SearchField{\"placeholder\":\"Search\"}"}]}
RESULT: undefined
COMMAND: POST /session/59389012155df3fc64e839119ed77469/execute/async - {"script":"<script> [776 bytes]","args":[{"enterText":"10001013","selector":{"controlType":"sap.m.SearchField","properties":{"placeholder":"Search"},"searchOpenDialogs":true,"interaction":{"idSuffix":"I"}},"clearTextFirst":true,"interactionType":"ENTER_TEXT"}]}
RESULT: {"script":"<script> [776 bytes]","args":[{"enterText":"10001013","selector":{"controlType":"sap.m.SearchField","properties":{"placeholder":"Search"},"searchOpenDialogs":true,"interaction":{"idSuffix":"I"}},"clearTextFirst":true,"interactionType":"ENTER_TEXT"}]}
COMMAND: POST /session/59389012155df3fc64e839119ed77469/actions - {"actions":[{"id":"action20","type":"key","parameters":{},"actions":[{"type":"keyDown","value":"î€‡"},{"type":"pause","duration":10},{"type":"keyUp","value":"î€‡"}]}]}
RESULT: {"actions":[{"id":"action20","type":"key","parameters":{},"actions":[{"type":"keyDown","value":"î€‡"},{"type":"pause","duration":10},{"type":"keyUp","value":"î€‡"}]}]}
COMMAND: GET /session/59389012155df3fc64e839119ed77469/screenshot - {}
RESULT: {}
COMMAND: POST /session/59389012155df3fc64e839119ed77469/element - {"using":"xpath","value":"//span[contains(text(), \"General Management\")]"}
RESULT: {"using":"xpath","value":"//span[contains(text(), \"General Management\")]"}
COMMAND: POST /session/59389012155df3fc64e839119ed77469/element/f.8420AFDB22D113F0275E61267E529F05.d.8E28698D66B0B8CEA498A81879380B2F.e.6908/click - {}
RESULT: {}
COMMAND: GET /session/59389012155df3fc64e839119ed77469/screenshot - {}
RESULT: {}
COMMAND: POST /session/59389012155df3fc64e839119ed77469/element - {"using":"xpath","value":"//bdi[contains(text(), \"OK\")]"}
RESULT: {"using":"xpath","value":"//bdi[contains(text(), \"OK\")]"}
COMMAND: POST /session/59389012155df3fc64e839119ed77469/element/f.8420AFDB22D113F0275E61267E529F05.d.8E28698D66B0B8CEA498A81879380B2F.e.6910/click - {}
RESULT: {}
COMMAND: GET /session/59389012155df3fc64e839119ed77469/screenshot - {}
RESULT: {}
COMMAND: POST /session/59389012155df3fc64e839119ed77469/execute/async - {"script":"<script> [1562 bytes]","args":[{"selector":{"id":"application-manageyards-display-component---NewYard--addressEditDetailsCurrency-arrow"},"wdio_ui5_key":"applicationmanageyards-display-component---NewYard--addressEditDetailsCurrency-arrow"}]}
RESULT: {"script":"<script> [1562 bytes]","args":[{"selector":{"id":"application-manageyards-display-component---NewYard--addressEditDetailsCurrency-arrow"},"wdio_ui5_key":"applicationmanageyards-display-component---NewYard--addressEditDetailsCurrency-arrow"}]}
RESULT: undefined
COMMAND: POST /session/59389012155df3fc64e839119ed77469/element - {"using":"xpath","value":"//*[@id=\"application-manageyards-display-component---NewYard--addressEditDetailsCurrency-arrow\"]"}
RESULT: {"using":"xpath","value":"//*[@id=\"application-manageyards-display-component---NewYard--addressEditDetailsCurrency-arrow\"]"}
COMMAND: POST /session/59389012155df3fc64e839119ed77469/element/f.8420AFDB22D113F0275E61267E529F05.d.8E28698D66B0B8CEA498A81879380B2F.e.6913/click - {}
RESULT: {}
COMMAND: POST /session/59389012155df3fc64e839119ed77469/element - {"using":"xpath","value":"//span[contains(text(), \"Euro\")]"}
COMMAND: GET /session/59389012155df3fc64e839119ed77469/screenshot - {}
RESULT: {"using":"xpath","value":"//span[contains(text(), \"Euro\")]"}
COMMAND: POST /session/59389012155df3fc64e839119ed77469/element/f.8420AFDB22D113F0275E61267E529F05.d.8E28698D66B0B8CEA498A81879380B2F.e.6914/click - {}
RESULT: {}
RESULT: {}
COMMAND: POST /session/59389012155df3fc64e839119ed77469/execute/async - {"script":"<script> [1562 bytes]","args":[{"selector":{"controlType":"sap.m.Input","viewName":"etm.portal.ui.manageyards.view.New","viewId":"application-manageyards-display-component---NewYard","bindingPath":{"path":"","propertyPath":"/CONTROLLING_AREA","modelName":"NewYardModel"},"interaction":{"idSuffix":"inner"}},"wdio_ui5_key":"etmportal.ui.manageyards.view.Newsap.m.Input{\"path\":\"\",\"propertyPath\":\"/CONTROLLING_AREA\",\"modelName\":\"NewYardModel\"}"}]}
COMMAND: GET /session/59389012155df3fc64e839119ed77469/screenshot - {}
RESULT: {"script":"<script> [1562 bytes]","args":[{"selector":{"controlType":"sap.m.Input","viewName":"etm.portal.ui.manageyards.view.New","viewId":"application-manageyards-display-component---NewYard","bindingPath":{"path":"","propertyPath":"/CONTROLLING_AREA","modelName":"NewYardModel"},"interaction":{"idSuffix":"inner"}},"wdio_ui5_key":"etmportal.ui.manageyards.view.Newsap.m.Input{\"path\":\"\",\"propertyPath\":\"/CONTROLLING_AREA\",\"modelName\":\"NewYardModel\"}"}]}
RESULT: undefined
COMMAND: POST /session/59389012155df3fc64e839119ed77469/execute/async - {"script":"<script> [776 bytes]","args":[{"enterText":"Z001","selector":{"controlType":"sap.m.Input","viewName":"etm.portal.ui.manageyards.view.New","viewId":"application-manageyards-display-component---NewYard","bindingPath":{"path":"","propertyPath":"/CONTROLLING_AREA","modelName":"NewYardModel"},"interaction":{"idSuffix":"inner"}},"clearTextFirst":true,"interactionType":"ENTER_TEXT"}]}
RESULT: {}
RESULT: {"script":"<script> [776 bytes]","args":[{"enterText":"Z001","selector":{"controlType":"sap.m.Input","viewName":"etm.portal.ui.manageyards.view.New","viewId":"application-manageyards-display-component---NewYard","bindingPath":{"path":"","propertyPath":"/CONTROLLING_AREA","modelName":"NewYardModel"},"interaction":{"idSuffix":"inner"}},"clearTextFirst":true,"interactionType":"ENTER_TEXT"}]}
COMMAND: POST /session/59389012155df3fc64e839119ed77469/execute/async - {"script":"<script> [1562 bytes]","args":[{"selector":{"id":"application-manageyards-display-component---NewYard--companyCodeComboBox","interaction":{"idSuffix":"inner"}},"wdio_ui5_key":"applicationmanageyards-display-component---NewYard--companyCodeComboBox"}]}
RESULT: {"script":"<script> [1562 bytes]","args":[{"selector":{"id":"application-manageyards-display-component---NewYard--companyCodeComboBox","interaction":{"idSuffix":"inner"}},"wdio_ui5_key":"applicationmanageyards-display-component---NewYard--companyCodeComboBox"}]}
RESULT: undefined
COMMAND: POST /session/59389012155df3fc64e839119ed77469/execute/async - {"script":"<script> [776 bytes]","args":[{"enterText":"1000","selector":{"id":"application-manageyards-display-component---NewYard--companyCodeComboBox","interaction":{"idSuffix":"inner"}},"clearTextFirst":true,"interactionType":"ENTER_TEXT"}]}
RESULT: {"script":"<script> [776 bytes]","args":[{"enterText":"1000","selector":{"id":"application-manageyards-display-component---NewYard--companyCodeComboBox","interaction":{"idSuffix":"inner"}},"clearTextFirst":true,"interactionType":"ENTER_TEXT"}]}
COMMAND: POST /session/59389012155df3fc64e839119ed77469/execute/async - {"script":"<script> [1562 bytes]","args":[{"selector":{"controlType":"sap.m.Input","viewName":"etm.portal.ui.manageyards.view.New","viewId":"application-manageyards-display-component---NewYard","bindingPath":{"path":"","propertyPath":"/PLANT","modelName":"NewYardModel"},"interaction":{"idSuffix":"inner"}},"wdio_ui5_key":"etmportal.ui.manageyards.view.Newsap.m.Input{\"path\":\"\",\"propertyPath\":\"/PLANT\",\"modelName\":\"NewYardModel\"}"}]}
RESULT: {"script":"<script> [1562 bytes]","args":[{"selector":{"controlType":"sap.m.Input","viewName":"etm.portal.ui.manageyards.view.New","viewId":"application-manageyards-display-component---NewYard","bindingPath":{"path":"","propertyPath":"/PLANT","modelName":"NewYardModel"},"interaction":{"idSuffix":"inner"}},"wdio_ui5_key":"etmportal.ui.manageyards.view.Newsap.m.Input{\"path\":\"\",\"propertyPath\":\"/PLANT\",\"modelName\":\"NewYardModel\"}"}]}
RESULT: undefined
COMMAND: POST /session/59389012155df3fc64e839119ed77469/execute/async - {"script":"<script> [776 bytes]","args":[{"enterText":"1001","selector":{"controlType":"sap.m.Input","viewName":"etm.portal.ui.manageyards.view.New","viewId":"application-manageyards-display-component---NewYard","bindingPath":{"path":"","propertyPath":"/PLANT","modelName":"NewYardModel"},"interaction":{"idSuffix":"inner"}},"clearTextFirst":true,"interactionType":"ENTER_TEXT"}]}
RESULT: {"script":"<script> [776 bytes]","args":[{"enterText":"1001","selector":{"controlType":"sap.m.Input","viewName":"etm.portal.ui.manageyards.view.New","viewId":"application-manageyards-display-component---NewYard","bindingPath":{"path":"","propertyPath":"/PLANT","modelName":"NewYardModel"},"interaction":{"idSuffix":"inner"}},"clearTextFirst":true,"interactionType":"ENTER_TEXT"}]}
COMMAND: POST /session/59389012155df3fc64e839119ed77469/execute/async - {"script":"<script> [1562 bytes]","args":[{"selector":{"controlType":"sap.m.Input","viewName":"etm.portal.ui.manageyards.view.New","viewId":"application-manageyards-display-component---NewYard","bindingPath":{"path":"","propertyPath":"/SALES_AREA_VKORG","modelName":"NewYardModel"},"interaction":{"idSuffix":"inner"}},"wdio_ui5_key":"etmportal.ui.manageyards.view.Newsap.m.Input{\"path\":\"\",\"propertyPath\":\"/SALES_AREA_VKORG\",\"modelName\":\"NewYardModel\"}"}]}
RESULT: {"script":"<script> [1562 bytes]","args":[{"selector":{"controlType":"sap.m.Input","viewName":"etm.portal.ui.manageyards.view.New","viewId":"application-manageyards-display-component---NewYard","bindingPath":{"path":"","propertyPath":"/SALES_AREA_VKORG","modelName":"NewYardModel"},"interaction":{"idSuffix":"inner"}},"wdio_ui5_key":"etmportal.ui.manageyards.view.Newsap.m.Input{\"path\":\"\",\"propertyPath\":\"/SALES_AREA_VKORG\",\"modelName\":\"NewYardModel\"}"}]}
RESULT: undefined
COMMAND: POST /session/59389012155df3fc64e839119ed77469/execute/async - {"script":"<script> [776 bytes]","args":[{"enterText":"C002","selector":{"controlType":"sap.m.Input","viewName":"etm.portal.ui.manageyards.view.New","viewId":"application-manageyards-display-component---NewYard","bindingPath":{"path":"","propertyPath":"/SALES_AREA_VKORG","modelName":"NewYardModel"},"interaction":{"idSuffix":"inner"}},"clearTextFirst":true,"interactionType":"ENTER_TEXT"}]}
RESULT: {"script":"<script> [776 bytes]","args":[{"enterText":"C002","selector":{"controlType":"sap.m.Input","viewName":"etm.portal.ui.manageyards.view.New","viewId":"application-manageyards-display-component---NewYard","bindingPath":{"path":"","propertyPath":"/SALES_AREA_VKORG","modelName":"NewYardModel"},"interaction":{"idSuffix":"inner"}},"clearTextFirst":true,"interactionType":"ENTER_TEXT"}]}
COMMAND: POST /session/59389012155df3fc64e839119ed77469/execute/async - {"script":"<script> [1562 bytes]","args":[{"selector":{"controlType":"sap.m.Input","viewName":"etm.portal.ui.manageyards.view.New","viewId":"application-manageyards-display-component---NewYard","bindingPath":{"path":"","propertyPath":"/SALES_AREA_VTWEG","modelName":"NewYardModel"},"interaction":{"idSuffix":"inner"}},"wdio_ui5_key":"etmportal.ui.manageyards.view.Newsap.m.Input{\"path\":\"\",\"propertyPath\":\"/SALES_AREA_VTWEG\",\"modelName\":\"NewYardModel\"}"}]}
RESULT: {"script":"<script> [1562 bytes]","args":[{"selector":{"controlType":"sap.m.Input","viewName":"etm.portal.ui.manageyards.view.New","viewId":"application-manageyards-display-component---NewYard","bindingPath":{"path":"","propertyPath":"/SALES_AREA_VTWEG","modelName":"NewYardModel"},"interaction":{"idSuffix":"inner"}},"wdio_ui5_key":"etmportal.ui.manageyards.view.Newsap.m.Input{\"path\":\"\",\"propertyPath\":\"/SALES_AREA_VTWEG\",\"modelName\":\"NewYardModel\"}"}]}
RESULT: undefined
COMMAND: POST /session/59389012155df3fc64e839119ed77469/execute/async - {"script":"<script> [776 bytes]","args":[{"enterText":"C2","selector":{"controlType":"sap.m.Input","viewName":"etm.portal.ui.manageyards.view.New","viewId":"application-manageyards-display-component---NewYard","bindingPath":{"path":"","propertyPath":"/SALES_AREA_VTWEG","modelName":"NewYardModel"},"interaction":{"idSuffix":"inner"}},"clearTextFirst":true,"interactionType":"ENTER_TEXT"}]}
RESULT: {"script":"<script> [776 bytes]","args":[{"enterText":"C2","selector":{"controlType":"sap.m.Input","viewName":"etm.portal.ui.manageyards.view.New","viewId":"application-manageyards-display-component---NewYard","bindingPath":{"path":"","propertyPath":"/SALES_AREA_VTWEG","modelName":"NewYardModel"},"interaction":{"idSuffix":"inner"}},"clearTextFirst":true,"interactionType":"ENTER_TEXT"}]}
COMMAND: POST /session/59389012155df3fc64e839119ed77469/execute/async - {"script":"<script> [1562 bytes]","args":[{"selector":{"controlType":"sap.m.Input","viewName":"etm.portal.ui.manageyards.view.New","viewId":"application-manageyards-display-component---NewYard","bindingPath":{"path":"","propertyPath":"/SALES_AREA_SPART","modelName":"NewYardModel"},"interaction":{"idSuffix":"inner"}},"wdio_ui5_key":"etmportal.ui.manageyards.view.Newsap.m.Input{\"path\":\"\",\"propertyPath\":\"/SALES_AREA_SPART\",\"modelName\":\"NewYardModel\"}"}]}
RESULT: {"script":"<script> [1562 bytes]","args":[{"selector":{"controlType":"sap.m.Input","viewName":"etm.portal.ui.manageyards.view.New","viewId":"application-manageyards-display-component---NewYard","bindingPath":{"path":"","propertyPath":"/SALES_AREA_SPART","modelName":"NewYardModel"},"interaction":{"idSuffix":"inner"}},"wdio_ui5_key":"etmportal.ui.manageyards.view.Newsap.m.Input{\"path\":\"\",\"propertyPath\":\"/SALES_AREA_SPART\",\"modelName\":\"NewYardModel\"}"}]}
RESULT: undefined
COMMAND: POST /session/59389012155df3fc64e839119ed77469/execute/async - {"script":"<script> [776 bytes]","args":[{"enterText":"C2","selector":{"controlType":"sap.m.Input","viewName":"etm.portal.ui.manageyards.view.New","viewId":"application-manageyards-display-component---NewYard","bindingPath":{"path":"","propertyPath":"/SALES_AREA_SPART","modelName":"NewYardModel"},"interaction":{"idSuffix":"inner"}},"clearTextFirst":true,"interactionType":"ENTER_TEXT"}]}
RESULT: {"script":"<script> [776 bytes]","args":[{"enterText":"C2","selector":{"controlType":"sap.m.Input","viewName":"etm.portal.ui.manageyards.view.New","viewId":"application-manageyards-display-component---NewYard","bindingPath":{"path":"","propertyPath":"/SALES_AREA_SPART","modelName":"NewYardModel"},"interaction":{"idSuffix":"inner"}},"clearTextFirst":true,"interactionType":"ENTER_TEXT"}]}
COMMAND: POST /session/59389012155df3fc64e839119ed77469/execute/async - {"script":"<script> [1562 bytes]","args":[{"selector":{"controlType":"sap.m.Input","viewName":"etm.portal.ui.manageyards.view.New","viewId":"application-manageyards-display-component---NewYard","bindingPath":{"path":"","propertyPath":"/SHIP_POINT","modelName":"NewYardModel"},"interaction":{"idSuffix":"inner"}},"wdio_ui5_key":"etmportal.ui.manageyards.view.Newsap.m.Input{\"path\":\"\",\"propertyPath\":\"/SHIP_POINT\",\"modelName\":\"NewYardModel\"}"}]}
RESULT: {"script":"<script> [1562 bytes]","args":[{"selector":{"controlType":"sap.m.Input","viewName":"etm.portal.ui.manageyards.view.New","viewId":"application-manageyards-display-component---NewYard","bindingPath":{"path":"","propertyPath":"/SHIP_POINT","modelName":"NewYardModel"},"interaction":{"idSuffix":"inner"}},"wdio_ui5_key":"etmportal.ui.manageyards.view.Newsap.m.Input{\"path\":\"\",\"propertyPath\":\"/SHIP_POINT\",\"modelName\":\"NewYardModel\"}"}]}
RESULT: undefined
COMMAND: POST /session/59389012155df3fc64e839119ed77469/execute/async - {"script":"<script> [776 bytes]","args":[{"enterText":"1710","selector":{"controlType":"sap.m.Input","viewName":"etm.portal.ui.manageyards.view.New","viewId":"application-manageyards-display-component---NewYard","bindingPath":{"path":"","propertyPath":"/SHIP_POINT","modelName":"NewYardModel"},"interaction":{"idSuffix":"inner"}},"clearTextFirst":true,"interactionType":"ENTER_TEXT"}]}
RESULT: {"script":"<script> [776 bytes]","args":[{"enterText":"1710","selector":{"controlType":"sap.m.Input","viewName":"etm.portal.ui.manageyards.view.New","viewId":"application-manageyards-display-component---NewYard","bindingPath":{"path":"","propertyPath":"/SHIP_POINT","modelName":"NewYardModel"},"interaction":{"idSuffix":"inner"}},"clearTextFirst":true,"interactionType":"ENTER_TEXT"}]}
COMMAND: POST /session/59389012155df3fc64e839119ed77469/execute/async - {"script":"<script> [1562 bytes]","args":[{"selector":{"controlType":"sap.m.Input","viewName":"etm.portal.ui.manageyards.view.New","viewId":"application-manageyards-display-component---NewYard","bindingPath":{"path":"","propertyPath":"/DELIVERY_TYPE","modelName":"NewYardModel"},"interaction":{"idSuffix":"inner"}},"wdio_ui5_key":"etmportal.ui.manageyards.view.Newsap.m.Input{\"path\":\"\",\"propertyPath\":\"/DELIVERY_TYPE\",\"modelName\":\"NewYardModel\"}"}]}
RESULT: {"script":"<script> [1562 bytes]","args":[{"selector":{"controlType":"sap.m.Input","viewName":"etm.portal.ui.manageyards.view.New","viewId":"application-manageyards-display-component---NewYard","bindingPath":{"path":"","propertyPath":"/DELIVERY_TYPE","modelName":"NewYardModel"},"interaction":{"idSuffix":"inner"}},"wdio_ui5_key":"etmportal.ui.manageyards.view.Newsap.m.Input{\"path\":\"\",\"propertyPath\":\"/DELIVERY_TYPE\",\"modelName\":\"NewYardModel\"}"}]}
RESULT: undefined
COMMAND: POST /session/59389012155df3fc64e839119ed77469/execute/async - {"script":"<script> [776 bytes]","args":[{"enterText":"ZL01","selector":{"controlType":"sap.m.Input","viewName":"etm.portal.ui.manageyards.view.New","viewId":"application-manageyards-display-component---NewYard","bindingPath":{"path":"","propertyPath":"/DELIVERY_TYPE","modelName":"NewYardModel"},"interaction":{"idSuffix":"inner"}},"clearTextFirst":true,"interactionType":"ENTER_TEXT"}]}
RESULT: {"script":"<script> [776 bytes]","args":[{"enterText":"ZL01","selector":{"controlType":"sap.m.Input","viewName":"etm.portal.ui.manageyards.view.New","viewId":"application-manageyards-display-component---NewYard","bindingPath":{"path":"","propertyPath":"/DELIVERY_TYPE","modelName":"NewYardModel"},"interaction":{"idSuffix":"inner"}},"clearTextFirst":true,"interactionType":"ENTER_TEXT"}]}
COMMAND: POST /session/59389012155df3fc64e839119ed77469/execute/async - {"script":"<script> [1562 bytes]","args":[{"selector":{"controlType":"sap.m.Input","viewName":"etm.portal.ui.manageyards.view.New","viewId":"application-manageyards-display-component---NewYard","bindingPath":{"path":"","propertyPath":"/AUART","modelName":"NewYardModel"},"interaction":{"idSuffix":"inner"}},"wdio_ui5_key":"etmportal.ui.manageyards.view.Newsap.m.Input{\"path\":\"\",\"propertyPath\":\"/AUART\",\"modelName\":\"NewYardModel\"}"}]}
RESULT: {"script":"<script> [1562 bytes]","args":[{"selector":{"controlType":"sap.m.Input","viewName":"etm.portal.ui.manageyards.view.New","viewId":"application-manageyards-display-component---NewYard","bindingPath":{"path":"","propertyPath":"/AUART","modelName":"NewYardModel"},"interaction":{"idSuffix":"inner"}},"wdio_ui5_key":"etmportal.ui.manageyards.view.Newsap.m.Input{\"path\":\"\",\"propertyPath\":\"/AUART\",\"modelName\":\"NewYardModel\"}"}]}
RESULT: undefined
COMMAND: POST /session/59389012155df3fc64e839119ed77469/execute/async - {"script":"<script> [776 bytes]","args":[{"enterText":"TA","selector":{"controlType":"sap.m.Input","viewName":"etm.portal.ui.manageyards.view.New","viewId":"application-manageyards-display-component---NewYard","bindingPath":{"path":"","propertyPath":"/AUART","modelName":"NewYardModel"},"interaction":{"idSuffix":"inner"}},"clearTextFirst":true,"interactionType":"ENTER_TEXT"}]}
RESULT: {"script":"<script> [776 bytes]","args":[{"enterText":"TA","selector":{"controlType":"sap.m.Input","viewName":"etm.portal.ui.manageyards.view.New","viewId":"application-manageyards-display-component---NewYard","bindingPath":{"path":"","propertyPath":"/AUART","modelName":"NewYardModel"},"interaction":{"idSuffix":"inner"}},"clearTextFirst":true,"interactionType":"ENTER_TEXT"}]}
COMMAND: POST /session/59389012155df3fc64e839119ed77469/element - {"using":"xpath","value":"//button[@data-kt=\"newYardSaveButton\"]"}
RESULT: {"using":"xpath","value":"//button[@data-kt=\"newYardSaveButton\"]"}
COMMAND: POST /session/59389012155df3fc64e839119ed77469/element/f.8420AFDB22D113F0275E61267E529F05.d.8E28698D66B0B8CEA498A81879380B2F.e.6854/click - {}
RESULT: {}
COMMAND: GET /session/59389012155df3fc64e839119ed77469/screenshot - {}
RESULT: {}
COMMAND: POST /session/59389012155df3fc64e839119ed77469/element - {"using":"xpath","value":"//header[contains(@id, 'ObjectPageLayout-headerTitle')]/div[1]/div[2]/div[1]/span[1]"}
RESULT: {"using":"xpath","value":"//header[contains(@id, 'ObjectPageLayout-headerTitle')]/div[1]/div[2]/div[1]/span[1]"}
COMMAND: POST /session/59389012155df3fc64e839119ed77469/elements - {"using":"xpath","value":"//header[contains(@id, 'ObjectPageLayout-headerTitle')]/div[1]/div[2]/div[1]/span[1]"}
RESULT: {"using":"xpath","value":"//header[contains(@id, 'ObjectPageLayout-headerTitle')]/div[1]/div[2]/div[1]/span[1]"}
COMMAND: POST /session/59389012155df3fc64e839119ed77469/execute/sync - {"script":"<script> [56 bytes]","args":[{"element-6066-11e4-a52e-4f735466cecf":"f.8420AFDB22D113F0275E61267E529F05.d.8E28698D66B0B8CEA498A81879380B2F.e.7136","ELEMENT":"f.8420AFDB22D113F0275E61267E529F05.d.8E28698D66B0B8CEA498A81879380B2F.e.7136"}]}
RESULT: {"script":"<script> [56 bytes]","args":[{"element-6066-11e4-a52e-4f735466cecf":"f.8420AFDB22D113F0275E61267E529F05.d.8E28698D66B0B8CEA498A81879380B2F.e.7136","ELEMENT":"f.8420AFDB22D113F0275E61267E529F05.d.8E28698D66B0B8CEA498A81879380B2F.e.7136"}]}
COMMAND: GET /session/59389012155df3fc64e839119ed77469/screenshot - {}
RESULT: {}
COMMAND: POST /session/59389012155df3fc64e839119ed77469/element - {"using":"css selector","value":"#shell-header-logo"}
RESULT: {"using":"css selector","value":"#shell-header-logo"}
COMMAND: POST /session/59389012155df3fc64e839119ed77469/element/f.8420AFDB22D113F0275E61267E529F05.d.8E28698D66B0B8CEA498A81879380B2F.e.6426/click - {}
RESULT: {}
COMMAND: GET /session/59389012155df3fc64e839119ed77469/screenshot - {}
RESULT: {}
COMMAND: POST /session/59389012155df3fc64e839119ed77469/execute/sync - {"script":"<script> [299 bytes]","args":[["getModel","getResource"]]}
RESULT: {"script":"<script> [299 bytes]","args":[["getModel","getResource"]]}
]]></system-out>
    </testcase>
    <testcase classname="chrome.135_0_7049_96.windows.Create_master_data_for_mixed_billing_&amp;_do_billing_calculation_US151661" name="Should create a new partner" time="118.758">
      <system-out><![CDATA[
COMMAND: POST /session/59389012155df3fc64e839119ed77469/window/fullscreen - {}
COMMAND: GET /session/59389012155df3fc64e839119ed77469/screenshot - {}
RESULT: {}
COMMAND: POST /session/59389012155df3fc64e839119ed77469/execute/async - {"script":"<script> [1562 bytes]","args":[{"selector":{"controlType":"sap.m.GenericTile","properties":{"header":"Manage Partners"}},"wdio_ui5_key":"sapm.GenericTile{\"header\":\"Manage Partners\"}"}]}
RESULT: {}
RESULT: {"script":"<script> [1562 bytes]","args":[{"selector":{"controlType":"sap.m.GenericTile","properties":{"header":"Manage Partners"}},"wdio_ui5_key":"sapm.GenericTile{\"header\":\"Manage Partners\"}"}]}
RESULT: undefined
COMMAND: POST /session/59389012155df3fc64e839119ed77469/element - {"using":"xpath","value":"//*[@id=\"__tile38\"]"}
RESULT: {"using":"xpath","value":"//*[@id=\"__tile38\"]"}
COMMAND: POST /session/59389012155df3fc64e839119ed77469/element/f.8420AFDB22D113F0275E61267E529F05.d.8E28698D66B0B8CEA498A81879380B2F.e.6315/click - {}
RESULT: {}
COMMAND: POST /session/59389012155df3fc64e839119ed77469/element - {"using":"xpath","value":"//button[@data-kt=\"addButton\"]"}
COMMAND: GET /session/59389012155df3fc64e839119ed77469/screenshot - {}
RESULT: {"using":"xpath","value":"//button[@data-kt=\"addButton\"]"}
COMMAND: POST /session/59389012155df3fc64e839119ed77469/elements - {"using":"xpath","value":"//button[@data-kt=\"addButton\"]"}
RESULT: {}
RESULT: {"using":"xpath","value":"//button[@data-kt=\"addButton\"]"}
COMMAND: POST /session/59389012155df3fc64e839119ed77469/elements - {"using":"xpath","value":"//button[@data-kt=\"addButton\"]"}
RESULT: {"using":"xpath","value":"//button[@data-kt=\"addButton\"]"}
COMMAND: POST /session/59389012155df3fc64e839119ed77469/elements - {"using":"xpath","value":"//button[@data-kt=\"addButton\"]"}
RESULT: {"using":"xpath","value":"//button[@data-kt=\"addButton\"]"}
COMMAND: POST /session/59389012155df3fc64e839119ed77469/elements - {"using":"xpath","value":"//button[@data-kt=\"addButton\"]"}
RESULT: {"using":"xpath","value":"//button[@data-kt=\"addButton\"]"}
COMMAND: POST /session/59389012155df3fc64e839119ed77469/elements - {"using":"xpath","value":"//button[@data-kt=\"addButton\"]"}
RESULT: {"using":"xpath","value":"//button[@data-kt=\"addButton\"]"}
COMMAND: POST /session/59389012155df3fc64e839119ed77469/elements - {"using":"xpath","value":"//button[@data-kt=\"addButton\"]"}
RESULT: {"using":"xpath","value":"//button[@data-kt=\"addButton\"]"}
COMMAND: POST /session/59389012155df3fc64e839119ed77469/elements - {"using":"xpath","value":"//button[@data-kt=\"addButton\"]"}
RESULT: {"using":"xpath","value":"//button[@data-kt=\"addButton\"]"}
COMMAND: POST /session/59389012155df3fc64e839119ed77469/elements - {"using":"xpath","value":"//button[@data-kt=\"addButton\"]"}
RESULT: {"using":"xpath","value":"//button[@data-kt=\"addButton\"]"}
COMMAND: POST /session/59389012155df3fc64e839119ed77469/element - {"using":"xpath","value":"//button[@data-kt=\"addButton\"]"}
RESULT: {"using":"xpath","value":"//button[@data-kt=\"addButton\"]"}
COMMAND: POST /session/59389012155df3fc64e839119ed77469/execute/sync - {"script":"<script> [8489 bytes]","args":[{"element-6066-11e4-a52e-4f735466cecf":"f.8420AFDB22D113F0275E61267E529F05.d.8E28698D66B0B8CEA498A81879380B2F.e.7184","ELEMENT":"f.8420AFDB22D113F0275E61267E529F05.d.8E28698D66B0B8CEA498A81879380B2F.e.7184"}]}
RESULT: {"script":"<script> [8489 bytes]","args":[{"element-6066-11e4-a52e-4f735466cecf":"f.8420AFDB22D113F0275E61267E529F05.d.8E28698D66B0B8CEA498A81879380B2F.e.7184","ELEMENT":"f.8420AFDB22D113F0275E61267E529F05.d.8E28698D66B0B8CEA498A81879380B2F.e.7184"}]}
COMMAND: GET /session/59389012155df3fc64e839119ed77469/element/f.8420AFDB22D113F0275E61267E529F05.d.8E28698D66B0B8CEA498A81879380B2F.e.7184/enabled - {}
COMMAND: GET /session/59389012155df3fc64e839119ed77469/screenshot - {}
RESULT: {}
COMMAND: POST /session/59389012155df3fc64e839119ed77469/execute/sync - {"script":"<script> [8489 bytes]","args":[{"element-6066-11e4-a52e-4f735466cecf":"f.8420AFDB22D113F0275E61267E529F05.d.8E28698D66B0B8CEA498A81879380B2F.e.7184","ELEMENT":"f.8420AFDB22D113F0275E61267E529F05.d.8E28698D66B0B8CEA498A81879380B2F.e.7184"}]}
COMMAND: GET /session/59389012155df3fc64e839119ed77469/screenshot - {}
RESULT: {}
RESULT: {"script":"<script> [8489 bytes]","args":[{"element-6066-11e4-a52e-4f735466cecf":"f.8420AFDB22D113F0275E61267E529F05.d.8E28698D66B0B8CEA498A81879380B2F.e.7184","ELEMENT":"f.8420AFDB22D113F0275E61267E529F05.d.8E28698D66B0B8CEA498A81879380B2F.e.7184"}]}
COMMAND: POST /session/59389012155df3fc64e839119ed77469/execute/sync - {"script":"<script> [5351 bytes]","args":[{"element-6066-11e4-a52e-4f735466cecf":"f.8420AFDB22D113F0275E61267E529F05.d.8E28698D66B0B8CEA498A81879380B2F.e.7184","ELEMENT":"f.8420AFDB22D113F0275E61267E529F05.d.8E28698D66B0B8CEA498A81879380B2F.e.7184"}]}
COMMAND: GET /session/59389012155df3fc64e839119ed77469/screenshot - {}
RESULT: {}
RESULT: {"script":"<script> [5351 bytes]","args":[{"element-6066-11e4-a52e-4f735466cecf":"f.8420AFDB22D113F0275E61267E529F05.d.8E28698D66B0B8CEA498A81879380B2F.e.7184","ELEMENT":"f.8420AFDB22D113F0275E61267E529F05.d.8E28698D66B0B8CEA498A81879380B2F.e.7184"}]}
COMMAND: POST /session/59389012155df3fc64e839119ed77469/element/f.8420AFDB22D113F0275E61267E529F05.d.8E28698D66B0B8CEA498A81879380B2F.e.7184/click - {}
COMMAND: GET /session/59389012155df3fc64e839119ed77469/screenshot - {}
RESULT: {}
RESULT: {}
COMMAND: GET /session/59389012155df3fc64e839119ed77469/screenshot - {}
COMMAND: POST /session/59389012155df3fc64e839119ed77469/execute/async - {"script":"<script> [1562 bytes]","args":[{"selector":{"id":"application-managepartners-display-component---NewPartner--addressDetailDetailsName1","interaction":{"idSuffix":"inner"}},"wdio_ui5_key":"applicationmanagepartners-display-component---NewPartner--addressDetailDetailsName1"}]}
RESULT: {}
RESULT: {}
RESULT: {"script":"<script> [1562 bytes]","args":[{"selector":{"id":"application-managepartners-display-component---NewPartner--addressDetailDetailsName1","interaction":{"idSuffix":"inner"}},"wdio_ui5_key":"applicationmanagepartners-display-component---NewPartner--addressDetailDetailsName1"}]}
RESULT: undefined
COMMAND: POST /session/59389012155df3fc64e839119ed77469/execute/async - {"script":"<script> [776 bytes]","args":[{"enterText":"Intercompany Partner WDIO","selector":{"id":"application-managepartners-display-component---NewPartner--addressDetailDetailsName1","interaction":{"idSuffix":"inner"}},"clearTextFirst":true,"interactionType":"ENTER_TEXT"}]}
RESULT: {"script":"<script> [776 bytes]","args":[{"enterText":"Intercompany Partner WDIO","selector":{"id":"application-managepartners-display-component---NewPartner--addressDetailDetailsName1","interaction":{"idSuffix":"inner"}},"clearTextFirst":true,"interactionType":"ENTER_TEXT"}]}
COMMAND: POST /session/59389012155df3fc64e839119ed77469/execute/async - {"script":"<script> [1562 bytes]","args":[{"selector":{"id":"application-managepartners-display-component---NewPartner--addressDetailDetailsLanguage-arrow"},"wdio_ui5_key":"applicationmanagepartners-display-component---NewPartner--addressDetailDetailsLanguage-arrow"}]}
RESULT: {"script":"<script> [1562 bytes]","args":[{"selector":{"id":"application-managepartners-display-component---NewPartner--addressDetailDetailsLanguage-arrow"},"wdio_ui5_key":"applicationmanagepartners-display-component---NewPartner--addressDetailDetailsLanguage-arrow"}]}
RESULT: undefined
COMMAND: POST /session/59389012155df3fc64e839119ed77469/element - {"using":"xpath","value":"//*[@id=\"application-managepartners-display-component---NewPartner--addressDetailDetailsLanguage-arrow\"]"}
RESULT: {"using":"xpath","value":"//*[@id=\"application-managepartners-display-component---NewPartner--addressDetailDetailsLanguage-arrow\"]"}
COMMAND: POST /session/59389012155df3fc64e839119ed77469/element/f.8420AFDB22D113F0275E61267E529F05.d.8E28698D66B0B8CEA498A81879380B2F.e.7631/click - {}
RESULT: {}
COMMAND: POST /session/59389012155df3fc64e839119ed77469/element - {"using":"xpath","value":"//span[contains(text(), \"English\")]"}
COMMAND: GET /session/59389012155df3fc64e839119ed77469/screenshot - {}
RESULT: {"using":"xpath","value":"//span[contains(text(), \"English\")]"}
COMMAND: POST /session/59389012155df3fc64e839119ed77469/element/f.8420AFDB22D113F0275E61267E529F05.d.8E28698D66B0B8CEA498A81879380B2F.e.7632/click - {}
RESULT: {}
RESULT: {}
COMMAND: GET /session/59389012155df3fc64e839119ed77469/screenshot - {}
RESULT: {}
COMMAND: POST /session/59389012155df3fc64e839119ed77469/execute/async - {"script":"<script> [1562 bytes]","args":[{"selector":{"id":"application-managepartners-display-component---NewPartner--addressDetailDetailsCity1","interaction":{"idSuffix":"inner"}},"wdio_ui5_key":"applicationmanagepartners-display-component---NewPartner--addressDetailDetailsCity1"}]}
RESULT: {"script":"<script> [1562 bytes]","args":[{"selector":{"id":"application-managepartners-display-component---NewPartner--addressDetailDetailsCity1","interaction":{"idSuffix":"inner"}},"wdio_ui5_key":"applicationmanagepartners-display-component---NewPartner--addressDetailDetailsCity1"}]}
RESULT: undefined
COMMAND: POST /session/59389012155df3fc64e839119ed77469/execute/async - {"script":"<script> [776 bytes]","args":[{"enterText":"Rosario","selector":{"id":"application-managepartners-display-component---NewPartner--addressDetailDetailsCity1","interaction":{"idSuffix":"inner"}},"clearTextFirst":true,"interactionType":"ENTER_TEXT"}]}
RESULT: {"script":"<script> [776 bytes]","args":[{"enterText":"Rosario","selector":{"id":"application-managepartners-display-component---NewPartner--addressDetailDetailsCity1","interaction":{"idSuffix":"inner"}},"clearTextFirst":true,"interactionType":"ENTER_TEXT"}]}
COMMAND: POST /session/59389012155df3fc64e839119ed77469/execute/async - {"script":"<script> [1562 bytes]","args":[{"selector":{"id":"application-managepartners-display-component---NewPartner--addressDetailDetailsCountry-arrow"},"wdio_ui5_key":"applicationmanagepartners-display-component---NewPartner--addressDetailDetailsCountry-arrow"}]}
RESULT: {"script":"<script> [1562 bytes]","args":[{"selector":{"id":"application-managepartners-display-component---NewPartner--addressDetailDetailsCountry-arrow"},"wdio_ui5_key":"applicationmanagepartners-display-component---NewPartner--addressDetailDetailsCountry-arrow"}]}
RESULT: undefined
COMMAND: POST /session/59389012155df3fc64e839119ed77469/element - {"using":"xpath","value":"//*[@id=\"application-managepartners-display-component---NewPartner--addressDetailDetailsCountry-arrow\"]"}
RESULT: {"using":"xpath","value":"//*[@id=\"application-managepartners-display-component---NewPartner--addressDetailDetailsCountry-arrow\"]"}
COMMAND: POST /session/59389012155df3fc64e839119ed77469/element/f.8420AFDB22D113F0275E61267E529F05.d.8E28698D66B0B8CEA498A81879380B2F.e.7617/click - {}
RESULT: {}
COMMAND: POST /session/59389012155df3fc64e839119ed77469/element - {"using":"xpath","value":"//span[contains(text(), \"Argentina\")]"}
COMMAND: GET /session/59389012155df3fc64e839119ed77469/screenshot - {}
RESULT: {"using":"xpath","value":"//span[contains(text(), \"Argentina\")]"}
COMMAND: POST /session/59389012155df3fc64e839119ed77469/element/f.8420AFDB22D113F0275E61267E529F05.d.8E28698D66B0B8CEA498A81879380B2F.e.7634/click - {}
RESULT: {}
RESULT: {}
COMMAND: GET /session/59389012155df3fc64e839119ed77469/screenshot - {}
RESULT: {}
COMMAND: POST /session/59389012155df3fc64e839119ed77469/element - {"using":"xpath","value":"//bdi[contains(text(), \"Commercial\")]"}
RESULT: {"using":"xpath","value":"//bdi[contains(text(), \"Commercial\")]"}
COMMAND: POST /session/59389012155df3fc64e839119ed77469/element/f.8420AFDB22D113F0275E61267E529F05.d.8E28698D66B0B8CEA498A81879380B2F.e.7635/click - {}
RESULT: {}
COMMAND: GET /session/59389012155df3fc64e839119ed77469/screenshot - {}
RESULT: {}
COMMAND: POST /session/59389012155df3fc64e839119ed77469/execute/async - {"script":"<script> [1562 bytes]","args":[{"selector":{"id":"application-managepartners-display-component---NewPartner--partnerDetailInternal-arrow"},"wdio_ui5_key":"applicationmanagepartners-display-component---NewPartner--partnerDetailInternal-arrow"}]}
RESULT: {"script":"<script> [1562 bytes]","args":[{"selector":{"id":"application-managepartners-display-component---NewPartner--partnerDetailInternal-arrow"},"wdio_ui5_key":"applicationmanagepartners-display-component---NewPartner--partnerDetailInternal-arrow"}]}
RESULT: undefined
COMMAND: POST /session/59389012155df3fc64e839119ed77469/element - {"using":"xpath","value":"//*[@id=\"application-managepartners-display-component---NewPartner--partnerDetailInternal-arrow\"]"}
RESULT: {"using":"xpath","value":"//*[@id=\"application-managepartners-display-component---NewPartner--partnerDetailInternal-arrow\"]"}
COMMAND: POST /session/59389012155df3fc64e839119ed77469/element/f.8420AFDB22D113F0275E61267E529F05.d.8E28698D66B0B8CEA498A81879380B2F.e.7641/click - {}
RESULT: {}
COMMAND: POST /session/59389012155df3fc64e839119ed77469/element - {"using":"xpath","value":"//span[contains(text(), \"Affiliated company\")]"}
COMMAND: GET /session/59389012155df3fc64e839119ed77469/screenshot - {}
RESULT: {"using":"xpath","value":"//span[contains(text(), \"Affiliated company\")]"}
COMMAND: POST /session/59389012155df3fc64e839119ed77469/element/f.8420AFDB22D113F0275E61267E529F05.d.8E28698D66B0B8CEA498A81879380B2F.e.7642/click - {}
RESULT: {}
RESULT: {}
COMMAND: POST /session/59389012155df3fc64e839119ed77469/execute/async - {"script":"<script> [1562 bytes]","args":[{"selector":{"id":"application-managepartners-display-component---NewPartner--partnerDetailsCurrency-arrow"},"wdio_ui5_key":"applicationmanagepartners-display-component---NewPartner--partnerDetailsCurrency-arrow"}]}
COMMAND: GET /session/59389012155df3fc64e839119ed77469/screenshot - {}
RESULT: {"script":"<script> [1562 bytes]","args":[{"selector":{"id":"application-managepartners-display-component---NewPartner--partnerDetailsCurrency-arrow"},"wdio_ui5_key":"applicationmanagepartners-display-component---NewPartner--partnerDetailsCurrency-arrow"}]}
RESULT: undefined
COMMAND: POST /session/59389012155df3fc64e839119ed77469/element - {"using":"xpath","value":"//*[@id=\"application-managepartners-display-component---NewPartner--partnerDetailsCurrency-arrow\"]"}
RESULT: {}
RESULT: {"using":"xpath","value":"//*[@id=\"application-managepartners-display-component---NewPartner--partnerDetailsCurrency-arrow\"]"}
COMMAND: POST /session/59389012155df3fc64e839119ed77469/element/f.8420AFDB22D113F0275E61267E529F05.d.8E28698D66B0B8CEA498A81879380B2F.e.7649/click - {}
RESULT: {}
COMMAND: POST /session/59389012155df3fc64e839119ed77469/element - {"using":"xpath","value":"//span[contains(text(), \"Euro\")]"}
COMMAND: GET /session/59389012155df3fc64e839119ed77469/screenshot - {}
RESULT: {"using":"xpath","value":"//span[contains(text(), \"Euro\")]"}
COMMAND: POST /session/59389012155df3fc64e839119ed77469/element/f.8420AFDB22D113F0275E61267E529F05.d.8E28698D66B0B8CEA498A81879380B2F.e.7650/click - {}
RESULT: {}
RESULT: {}
COMMAND: POST /session/59389012155df3fc64e839119ed77469/execute/async - {"script":"<script> [1562 bytes]","args":[{"selector":{"id":"application-managepartners-display-component---NewPartner--addressEditDetailsCostObjectCstType-arrow"},"wdio_ui5_key":"applicationmanagepartners-display-component---NewPartner--addressEditDetailsCostObjectCstType-arrow"}]}
COMMAND: GET /session/59389012155df3fc64e839119ed77469/screenshot - {}
RESULT: {"script":"<script> [1562 bytes]","args":[{"selector":{"id":"application-managepartners-display-component---NewPartner--addressEditDetailsCostObjectCstType-arrow"},"wdio_ui5_key":"applicationmanagepartners-display-component---NewPartner--addressEditDetailsCostObjectCstType-arrow"}]}
RESULT: undefined
COMMAND: POST /session/59389012155df3fc64e839119ed77469/element - {"using":"xpath","value":"//*[@id=\"application-managepartners-display-component---NewPartner--addressEditDetailsCostObjectCstType-arrow\"]"}
RESULT: {}
RESULT: {"using":"xpath","value":"//*[@id=\"application-managepartners-display-component---NewPartner--addressEditDetailsCostObjectCstType-arrow\"]"}
COMMAND: POST /session/59389012155df3fc64e839119ed77469/element/f.8420AFDB22D113F0275E61267E529F05.d.8E28698D66B0B8CEA498A81879380B2F.e.7651/click - {}
RESULT: {}
COMMAND: POST /session/59389012155df3fc64e839119ed77469/element - {"using":"xpath","value":"//span[contains(text(), \"Cost Center\")]"}
COMMAND: GET /session/59389012155df3fc64e839119ed77469/screenshot - {}
RESULT: {"using":"xpath","value":"//span[contains(text(), \"Cost Center\")]"}
COMMAND: POST /session/59389012155df3fc64e839119ed77469/element/f.8420AFDB22D113F0275E61267E529F05.d.8E28698D66B0B8CEA498A81879380B2F.e.7652/click - {}
RESULT: {}
RESULT: {}
COMMAND: GET /session/59389012155df3fc64e839119ed77469/screenshot - {}
RESULT: {}
COMMAND: POST /session/59389012155df3fc64e839119ed77469/element - {"using":"xpath","value":"//span[@id=\"application-managepartners-display-component---NewPartner--addressNewCostObjectCstID-vhi\"]"}
RESULT: {"using":"xpath","value":"//span[@id=\"application-managepartners-display-component---NewPartner--addressNewCostObjectCstID-vhi\"]"}
COMMAND: POST /session/59389012155df3fc64e839119ed77469/execute/sync - {"script":"<script> [8489 bytes]","args":[{"element-6066-11e4-a52e-4f735466cecf":"f.8420AFDB22D113F0275E61267E529F05.d.8E28698D66B0B8CEA498A81879380B2F.e.7656","ELEMENT":"f.8420AFDB22D113F0275E61267E529F05.d.8E28698D66B0B8CEA498A81879380B2F.e.7656"}]}
RESULT: {"script":"<script> [8489 bytes]","args":[{"element-6066-11e4-a52e-4f735466cecf":"f.8420AFDB22D113F0275E61267E529F05.d.8E28698D66B0B8CEA498A81879380B2F.e.7656","ELEMENT":"f.8420AFDB22D113F0275E61267E529F05.d.8E28698D66B0B8CEA498A81879380B2F.e.7656"}]}
COMMAND: POST /session/59389012155df3fc64e839119ed77469/execute/async - {"script":"<script> [1562 bytes]","args":[{"selector":{"id":"application-managepartners-display-component---NewPartner--addressNewCostObjectCstID-vhi"},"wdio_ui5_key":"applicationmanagepartners-display-component---NewPartner--addressNewCostObjectCstID-vhi"}]}
COMMAND: GET /session/59389012155df3fc64e839119ed77469/screenshot - {}
RESULT: {"script":"<script> [1562 bytes]","args":[{"selector":{"id":"application-managepartners-display-component---NewPartner--addressNewCostObjectCstID-vhi"},"wdio_ui5_key":"applicationmanagepartners-display-component---NewPartner--addressNewCostObjectCstID-vhi"}]}
RESULT: undefined
COMMAND: POST /session/59389012155df3fc64e839119ed77469/element - {"using":"xpath","value":"//*[@id=\"application-managepartners-display-component---NewPartner--addressNewCostObjectCstID-vhi\"]"}
RESULT: {}
RESULT: {"using":"xpath","value":"//*[@id=\"application-managepartners-display-component---NewPartner--addressNewCostObjectCstID-vhi\"]"}
COMMAND: POST /session/59389012155df3fc64e839119ed77469/element/f.8420AFDB22D113F0275E61267E529F05.d.8E28698D66B0B8CEA498A81879380B2F.e.7656/click - {}
RESULT: {}
COMMAND: GET /session/59389012155df3fc64e839119ed77469/screenshot - {}
RESULT: {}
RESULT: undefined
COMMAND: POST /session/59389012155df3fc64e839119ed77469/execute/async - {"script":"<script> [776 bytes]","args":[{"enterText":"10001013","selector":{"controlType":"sap.m.SearchField","properties":{"placeholder":"Search"},"searchOpenDialogs":true,"interaction":{"idSuffix":"I"}},"clearTextFirst":true,"interactionType":"ENTER_TEXT"}]}
RESULT: {"script":"<script> [776 bytes]","args":[{"enterText":"10001013","selector":{"controlType":"sap.m.SearchField","properties":{"placeholder":"Search"},"searchOpenDialogs":true,"interaction":{"idSuffix":"I"}},"clearTextFirst":true,"interactionType":"ENTER_TEXT"}]}
COMMAND: POST /session/59389012155df3fc64e839119ed77469/actions - {"actions":[{"id":"action21","type":"key","parameters":{},"actions":[{"type":"keyDown","value":"î€‡"},{"type":"pause","duration":10},{"type":"keyUp","value":"î€‡"}]}]}
RESULT: {"actions":[{"id":"action21","type":"key","parameters":{},"actions":[{"type":"keyDown","value":"î€‡"},{"type":"pause","duration":10},{"type":"keyUp","value":"î€‡"}]}]}
COMMAND: GET /session/59389012155df3fc64e839119ed77469/screenshot - {}
RESULT: {}
COMMAND: POST /session/59389012155df3fc64e839119ed77469/element - {"using":"xpath","value":"//span[contains(text(), \"General Management\")]"}
RESULT: {"using":"xpath","value":"//span[contains(text(), \"General Management\")]"}
COMMAND: POST /session/59389012155df3fc64e839119ed77469/element/f.8420AFDB22D113F0275E61267E529F05.d.8E28698D66B0B8CEA498A81879380B2F.e.7694/click - {}
RESULT: {}
COMMAND: GET /session/59389012155df3fc64e839119ed77469/screenshot - {}
RESULT: {}
COMMAND: POST /session/59389012155df3fc64e839119ed77469/element - {"using":"xpath","value":"//bdi[contains(text(), \"OK\")]"}
RESULT: {"using":"xpath","value":"//bdi[contains(text(), \"OK\")]"}
COMMAND: POST /session/59389012155df3fc64e839119ed77469/element/f.8420AFDB22D113F0275E61267E529F05.d.8E28698D66B0B8CEA498A81879380B2F.e.7695/click - {}
RESULT: {}
COMMAND: GET /session/59389012155df3fc64e839119ed77469/screenshot - {}
RESULT: {}
COMMAND: POST /session/59389012155df3fc64e839119ed77469/element - {"using":"xpath","value":"//input[@id=\"application-managepartners-display-component---NewPartner--companyCodeComboBox-inner\"]"}
RESULT: {"using":"xpath","value":"//input[@id=\"application-managepartners-display-component---NewPartner--companyCodeComboBox-inner\"]"}
COMMAND: POST /session/59389012155df3fc64e839119ed77469/element/f.8420AFDB22D113F0275E61267E529F05.d.8E28698D66B0B8CEA498A81879380B2F.e.7487/clear - {}
RESULT: {}
COMMAND: POST /session/59389012155df3fc64e839119ed77469/element/f.8420AFDB22D113F0275E61267E529F05.d.8E28698D66B0B8CEA498A81879380B2F.e.7487/value - {"text":"C002"}
COMMAND: GET /session/59389012155df3fc64e839119ed77469/screenshot - {}
RESULT: {"text":"C002"}
COMMAND: GET /session/59389012155df3fc64e839119ed77469/screenshot - {}
RESULT: {}
RESULT: {}
COMMAND: POST /session/59389012155df3fc64e839119ed77469/element - {"using":"xpath","value":"//span[contains(text(), \"C002\")]"}
RESULT: {"using":"xpath","value":"//span[contains(text(), \"C002\")]"}
COMMAND: POST /session/59389012155df3fc64e839119ed77469/element/f.8420AFDB22D113F0275E61267E529F05.d.8E28698D66B0B8CEA498A81879380B2F.e.7701/click - {}
RESULT: {}
COMMAND: GET /session/59389012155df3fc64e839119ed77469/screenshot - {}
RESULT: {}
COMMAND: POST /session/59389012155df3fc64e839119ed77469/execute/async - {"script":"<script> [1562 bytes]","args":[{"selector":{"id":"application-managepartners-display-component---NewPartner--btnAddTableRow-img"},"wdio_ui5_key":"applicationmanagepartners-display-component---NewPartner--btnAddTableRow-img"}]}
RESULT: {"script":"<script> [1562 bytes]","args":[{"selector":{"id":"application-managepartners-display-component---NewPartner--btnAddTableRow-img"},"wdio_ui5_key":"applicationmanagepartners-display-component---NewPartner--btnAddTableRow-img"}]}
RESULT: undefined
COMMAND: POST /session/59389012155df3fc64e839119ed77469/element - {"using":"xpath","value":"//*[@id=\"application-managepartners-display-component---NewPartner--btnAddTableRow-img\"]"}
RESULT: {"using":"xpath","value":"//*[@id=\"application-managepartners-display-component---NewPartner--btnAddTableRow-img\"]"}
COMMAND: POST /session/59389012155df3fc64e839119ed77469/element/f.8420AFDB22D113F0275E61267E529F05.d.8E28698D66B0B8CEA498A81879380B2F.e.7702/click - {}
RESULT: {}
COMMAND: GET /session/59389012155df3fc64e839119ed77469/screenshot - {}
RESULT: {}
COMMAND: POST /session/59389012155df3fc64e839119ed77469/element - {"using":"xpath","value":"//input[@id=\"application-managepartners-display-component---NewPartner--assignmentYard-application-managepartners-display-component---NewPartner--assignmentsTable-0-inner\"]"}
RESULT: {"using":"xpath","value":"//input[@id=\"application-managepartners-display-component---NewPartner--assignmentYard-application-managepartners-display-component---NewPartner--assignmentsTable-0-inner\"]"}
COMMAND: POST /session/59389012155df3fc64e839119ed77469/element/f.8420AFDB22D113F0275E61267E529F05.d.8E28698D66B0B8CEA498A81879380B2F.e.7705/clear - {}
RESULT: {}
COMMAND: POST /session/59389012155df3fc64e839119ed77469/element/f.8420AFDB22D113F0275E61267E529F05.d.8E28698D66B0B8CEA498A81879380B2F.e.7705/value - {"text":"487"}
COMMAND: GET /session/59389012155df3fc64e839119ed77469/screenshot - {}
RESULT: {"text":"487"}
COMMAND: GET /session/59389012155df3fc64e839119ed77469/screenshot - {}
RESULT: {}
RESULT: {}
COMMAND: POST /session/59389012155df3fc64e839119ed77469/element - {"using":"xpath","value":"//li[.//span[text()='487']]"}
RESULT: {"using":"xpath","value":"//li[.//span[text()='487']]"}
COMMAND: POST /session/59389012155df3fc64e839119ed77469/element/f.8420AFDB22D113F0275E61267E529F05.d.8E28698D66B0B8CEA498A81879380B2F.e.7714/click - {}
RESULT: {}
COMMAND: GET /session/59389012155df3fc64e839119ed77469/screenshot - {}
RESULT: {}
COMMAND: POST /session/59389012155df3fc64e839119ed77469/actions - {"actions":[{"id":"action22","type":"key","parameters":{},"actions":[{"type":"keyDown","value":"î€‡"},{"type":"pause","duration":10},{"type":"keyUp","value":"î€‡"}]}]}
RESULT: {"actions":[{"id":"action22","type":"key","parameters":{},"actions":[{"type":"keyDown","value":"î€‡"},{"type":"pause","duration":10},{"type":"keyUp","value":"î€‡"}]}]}
COMMAND: POST /session/59389012155df3fc64e839119ed77469/execute/async - {"script":"<script> [1562 bytes]","args":[{"selector":{"id":"application-managepartners-display-component---NewPartner--externalCustomerComboBox-application-managepartners-display-component---NewPartner--assignmentsTable-0-vhi"},"wdio_ui5_key":"applicationmanagepartners-display-component---NewPartner--externalCustomerComboBox-application-managepartners-display-component---NewPartner--assignmentsTable-0-vhi"}]}
COMMAND: GET /session/59389012155df3fc64e839119ed77469/screenshot - {}
RESULT: {"script":"<script> [1562 bytes]","args":[{"selector":{"id":"application-managepartners-display-component---NewPartner--externalCustomerComboBox-application-managepartners-display-component---NewPartner--assignmentsTable-0-vhi"},"wdio_ui5_key":"applicationmanagepartners-display-component---NewPartner--externalCustomerComboBox-application-managepartners-display-component---NewPartner--assignmentsTable-0-vhi"}]}
RESULT: undefined
COMMAND: POST /session/59389012155df3fc64e839119ed77469/element - {"using":"xpath","value":"//*[@id=\"application-managepartners-display-component---NewPartner--externalCustomerComboBox-application-managepartners-display-component---NewPartner--assignmentsTable-0-vhi\"]"}
RESULT: {}
RESULT: {"using":"xpath","value":"//*[@id=\"application-managepartners-display-component---NewPartner--externalCustomerComboBox-application-managepartners-display-component---NewPartner--assignmentsTable-0-vhi\"]"}
COMMAND: POST /session/59389012155df3fc64e839119ed77469/element/f.8420AFDB22D113F0275E61267E529F05.d.8E28698D66B0B8CEA498A81879380B2F.e.7718/click - {}
RESULT: {}
RESULT: undefined
COMMAND: POST /session/59389012155df3fc64e839119ed77469/execute/async - {"script":"<script> [776 bytes]","args":[{"enterText":"300003","selector":{"controlType":"sap.m.SearchField","properties":{"placeholder":"Search"},"searchOpenDialogs":true,"interaction":{"idSuffix":"I"}},"clearTextFirst":true,"interactionType":"ENTER_TEXT"}]}
COMMAND: GET /session/59389012155df3fc64e839119ed77469/screenshot - {}
RESULT: {"script":"<script> [776 bytes]","args":[{"enterText":"300003","selector":{"controlType":"sap.m.SearchField","properties":{"placeholder":"Search"},"searchOpenDialogs":true,"interaction":{"idSuffix":"I"}},"clearTextFirst":true,"interactionType":"ENTER_TEXT"}]}
COMMAND: POST /session/59389012155df3fc64e839119ed77469/actions - {"actions":[{"id":"action23","type":"key","parameters":{},"actions":[{"type":"keyDown","value":"î€‡"},{"type":"pause","duration":10},{"type":"keyUp","value":"î€‡"}]}]}
RESULT: {}
RESULT: {"actions":[{"id":"action23","type":"key","parameters":{},"actions":[{"type":"keyDown","value":"î€‡"},{"type":"pause","duration":10},{"type":"keyUp","value":"î€‡"}]}]}
COMMAND: GET /session/59389012155df3fc64e839119ed77469/screenshot - {}
RESULT: {}
COMMAND: POST /session/59389012155df3fc64e839119ed77469/element - {"using":"xpath","value":"//span[contains(text(), \"300003\")]"}
RESULT: {"using":"xpath","value":"//span[contains(text(), \"300003\")]"}
COMMAND: POST /session/59389012155df3fc64e839119ed77469/element/f.8420AFDB22D113F0275E61267E529F05.d.8E28698D66B0B8CEA498A81879380B2F.e.7735/click - {}
RESULT: {}
COMMAND: GET /session/59389012155df3fc64e839119ed77469/screenshot - {}
RESULT: {}
COMMAND: POST /session/59389012155df3fc64e839119ed77469/element - {"using":"xpath","value":"//bdi[contains(text(), \"OK\")]"}
RESULT: {"using":"xpath","value":"//bdi[contains(text(), \"OK\")]"}
COMMAND: POST /session/59389012155df3fc64e839119ed77469/element/f.8420AFDB22D113F0275E61267E529F05.d.8E28698D66B0B8CEA498A81879380B2F.e.7737/click - {}
RESULT: {}
COMMAND: GET /session/59389012155df3fc64e839119ed77469/screenshot - {}
RESULT: {}
COMMAND: POST /session/59389012155df3fc64e839119ed77469/execute/async - {"script":"<script> [1562 bytes]","args":[{"selector":{"id":"application-managepartners-display-component---NewPartner--intercompVendorComboBox-application-managepartners-display-component---NewPartner--assignmentsTable-0-vhi"},"wdio_ui5_key":"applicationmanagepartners-display-component---NewPartner--intercompVendorComboBox-application-managepartners-display-component---NewPartner--assignmentsTable-0-vhi"}]}
RESULT: {"script":"<script> [1562 bytes]","args":[{"selector":{"id":"application-managepartners-display-component---NewPartner--intercompVendorComboBox-application-managepartners-display-component---NewPartner--assignmentsTable-0-vhi"},"wdio_ui5_key":"applicationmanagepartners-display-component---NewPartner--intercompVendorComboBox-application-managepartners-display-component---NewPartner--assignmentsTable-0-vhi"}]}
RESULT: undefined
COMMAND: POST /session/59389012155df3fc64e839119ed77469/element - {"using":"xpath","value":"//*[@id=\"application-managepartners-display-component---NewPartner--intercompVendorComboBox-application-managepartners-display-component---NewPartner--assignmentsTable-0-vhi\"]"}
RESULT: {"using":"xpath","value":"//*[@id=\"application-managepartners-display-component---NewPartner--intercompVendorComboBox-application-managepartners-display-component---NewPartner--assignmentsTable-0-vhi\"]"}
COMMAND: POST /session/59389012155df3fc64e839119ed77469/element/f.8420AFDB22D113F0275E61267E529F05.d.8E28698D66B0B8CEA498A81879380B2F.e.7740/click - {}
RESULT: {}
RESULT: undefined
COMMAND: POST /session/59389012155df3fc64e839119ed77469/execute/async - {"script":"<script> [776 bytes]","args":[{"enterText":"100005","selector":{"controlType":"sap.m.SearchField","properties":{"placeholder":"Search"},"searchOpenDialogs":true,"interaction":{"idSuffix":"I"}},"clearTextFirst":true,"interactionType":"ENTER_TEXT"}]}
COMMAND: GET /session/59389012155df3fc64e839119ed77469/screenshot - {}
RESULT: {"script":"<script> [776 bytes]","args":[{"enterText":"100005","selector":{"controlType":"sap.m.SearchField","properties":{"placeholder":"Search"},"searchOpenDialogs":true,"interaction":{"idSuffix":"I"}},"clearTextFirst":true,"interactionType":"ENTER_TEXT"}]}
COMMAND: POST /session/59389012155df3fc64e839119ed77469/actions - {"actions":[{"id":"action24","type":"key","parameters":{},"actions":[{"type":"keyDown","value":"î€‡"},{"type":"pause","duration":10},{"type":"keyUp","value":"î€‡"}]}]}
RESULT: {}
RESULT: {"actions":[{"id":"action24","type":"key","parameters":{},"actions":[{"type":"keyDown","value":"î€‡"},{"type":"pause","duration":10},{"type":"keyUp","value":"î€‡"}]}]}
COMMAND: GET /session/59389012155df3fc64e839119ed77469/screenshot - {}
RESULT: {}
COMMAND: POST /session/59389012155df3fc64e839119ed77469/element - {"using":"xpath","value":"//span[contains(text(), \"Penguins - Field/12345 Berlin\")]"}
RESULT: {"using":"xpath","value":"//span[contains(text(), \"Penguins - Field/12345 Berlin\")]"}
COMMAND: POST /session/59389012155df3fc64e839119ed77469/element/f.8420AFDB22D113F0275E61267E529F05.d.8E28698D66B0B8CEA498A81879380B2F.e.7758/click - {}
RESULT: {}
COMMAND: GET /session/59389012155df3fc64e839119ed77469/screenshot - {}
RESULT: {}
COMMAND: POST /session/59389012155df3fc64e839119ed77469/element - {"using":"xpath","value":"//bdi[contains(text(), \"OK\")]"}
RESULT: {"using":"xpath","value":"//bdi[contains(text(), \"OK\")]"}
COMMAND: POST /session/59389012155df3fc64e839119ed77469/element/f.8420AFDB22D113F0275E61267E529F05.d.8E28698D66B0B8CEA498A81879380B2F.e.7759/click - {}
RESULT: {}
COMMAND: GET /session/59389012155df3fc64e839119ed77469/screenshot - {}
RESULT: {}
COMMAND: POST /session/59389012155df3fc64e839119ed77469/element - {"using":"xpath","value":"//button[@data-kt=\"saveButton\"]"}
RESULT: {"using":"xpath","value":"//button[@data-kt=\"saveButton\"]"}
COMMAND: POST /session/59389012155df3fc64e839119ed77469/element/f.8420AFDB22D113F0275E61267E529F05.d.8E28698D66B0B8CEA498A81879380B2F.e.7568/click - {}
RESULT: {}
COMMAND: GET /session/59389012155df3fc64e839119ed77469/screenshot - {}
RESULT: {}
COMMAND: POST /session/59389012155df3fc64e839119ed77469/element - {"using":"xpath","value":"//header[contains(@id, 'ObjectPageLayout-headerTitle')]/div[1]/div[2]/div[2]/span[1]"}
RESULT: {"using":"xpath","value":"//header[contains(@id, 'ObjectPageLayout-headerTitle')]/div[1]/div[2]/div[2]/span[1]"}
COMMAND: POST /session/59389012155df3fc64e839119ed77469/elements - {"using":"xpath","value":"//header[contains(@id, 'ObjectPageLayout-headerTitle')]/div[1]/div[2]/div[2]/span[1]"}
RESULT: {"using":"xpath","value":"//header[contains(@id, 'ObjectPageLayout-headerTitle')]/div[1]/div[2]/div[2]/span[1]"}
COMMAND: POST /session/59389012155df3fc64e839119ed77469/execute/sync - {"script":"<script> [56 bytes]","args":[{"element-6066-11e4-a52e-4f735466cecf":"f.8420AFDB22D113F0275E61267E529F05.d.8E28698D66B0B8CEA498A81879380B2F.e.7923","ELEMENT":"f.8420AFDB22D113F0275E61267E529F05.d.8E28698D66B0B8CEA498A81879380B2F.e.7923"}]}
RESULT: {"script":"<script> [56 bytes]","args":[{"element-6066-11e4-a52e-4f735466cecf":"f.8420AFDB22D113F0275E61267E529F05.d.8E28698D66B0B8CEA498A81879380B2F.e.7923","ELEMENT":"f.8420AFDB22D113F0275E61267E529F05.d.8E28698D66B0B8CEA498A81879380B2F.e.7923"}]}
COMMAND: POST /session/59389012155df3fc64e839119ed77469/element - {"using":"css selector","value":"#shell-header-logo"}
COMMAND: GET /session/59389012155df3fc64e839119ed77469/screenshot - {}
RESULT: {"using":"css selector","value":"#shell-header-logo"}
COMMAND: POST /session/59389012155df3fc64e839119ed77469/element/f.8420AFDB22D113F0275E61267E529F05.d.8E28698D66B0B8CEA498A81879380B2F.e.7140/click - {}
RESULT: {}
RESULT: {}
COMMAND: GET /session/59389012155df3fc64e839119ed77469/screenshot - {}
RESULT: {}
COMMAND: POST /session/59389012155df3fc64e839119ed77469/execute/sync - {"script":"<script> [299 bytes]","args":[["getModel","getResource"]]}
RESULT: {"script":"<script> [299 bytes]","args":[["getModel","getResource"]]}
]]></system-out>
    </testcase>
    <testcase classname="chrome.135_0_7049_96.windows.Create_master_data_for_mixed_billing_&amp;_do_billing_calculation_US151661" name="Should create a new site" time="141.183">
      <system-out><![CDATA[
COMMAND: GET /session/59389012155df3fc64e839119ed77469/screenshot - {}
COMMAND: POST /session/59389012155df3fc64e839119ed77469/execute/async - {"script":"<script> [1562 bytes]","args":[{"selector":{"controlType":"sap.m.TileContent","bindingPath":{"path":"","propertyPath":"/properties/info"},"ancestor":{"controlType":"sap.m.GenericTile","properties":{"header":"Manage Sites"}}},"wdio_ui5_key":"sapm.TileContent{\"path\":\"\",\"propertyPath\":\"/properties/info\"}{\"controlType\":\"sap.m.GenericTile\",\"properties\":{\"header\":\"Manage Sites\"}}"}]}
RESULT: {"script":"<script> [1562 bytes]","args":[{"selector":{"controlType":"sap.m.TileContent","bindingPath":{"path":"","propertyPath":"/properties/info"},"ancestor":{"controlType":"sap.m.GenericTile","properties":{"header":"Manage Sites"}}},"wdio_ui5_key":"sapm.TileContent{\"path\":\"\",\"propertyPath\":\"/properties/info\"}{\"controlType\":\"sap.m.GenericTile\",\"properties\":{\"header\":\"Manage Sites\"}}"}]}
RESULT: undefined
COMMAND: POST /session/59389012155df3fc64e839119ed77469/element - {"using":"xpath","value":"//*[@id=\"__xmlview7--numericTileContent\"]"}
RESULT: {}
RESULT: {"using":"xpath","value":"//*[@id=\"__xmlview7--numericTileContent\"]"}
COMMAND: POST /session/59389012155df3fc64e839119ed77469/element/f.8420AFDB22D113F0275E61267E529F05.d.8E28698D66B0B8CEA498A81879380B2F.e.7925/click - {}
RESULT: {}
COMMAND: POST /session/59389012155df3fc64e839119ed77469/element - {"using":"xpath","value":"//button[@data-kt=\"addOverflowToolbarButton\"]"}
COMMAND: GET /session/59389012155df3fc64e839119ed77469/screenshot - {}
RESULT: {}
RESULT: {"using":"xpath","value":"//button[@data-kt=\"addOverflowToolbarButton\"]"}
COMMAND: POST /session/59389012155df3fc64e839119ed77469/elements - {"using":"xpath","value":"//button[@data-kt=\"addOverflowToolbarButton\"]"}
RESULT: {"using":"xpath","value":"//button[@data-kt=\"addOverflowToolbarButton\"]"}
COMMAND: POST /session/59389012155df3fc64e839119ed77469/elements - {"using":"xpath","value":"//button[@data-kt=\"addOverflowToolbarButton\"]"}
RESULT: {"using":"xpath","value":"//button[@data-kt=\"addOverflowToolbarButton\"]"}
COMMAND: POST /session/59389012155df3fc64e839119ed77469/element - {"using":"xpath","value":"//button[@data-kt=\"addOverflowToolbarButton\"]"}
RESULT: {"using":"xpath","value":"//button[@data-kt=\"addOverflowToolbarButton\"]"}
COMMAND: POST /session/59389012155df3fc64e839119ed77469/execute/sync - {"script":"<script> [8489 bytes]","args":[{"element-6066-11e4-a52e-4f735466cecf":"f.8420AFDB22D113F0275E61267E529F05.d.8E28698D66B0B8CEA498A81879380B2F.e.7972","ELEMENT":"f.8420AFDB22D113F0275E61267E529F05.d.8E28698D66B0B8CEA498A81879380B2F.e.7972"}]}
RESULT: {"script":"<script> [8489 bytes]","args":[{"element-6066-11e4-a52e-4f735466cecf":"f.8420AFDB22D113F0275E61267E529F05.d.8E28698D66B0B8CEA498A81879380B2F.e.7972","ELEMENT":"f.8420AFDB22D113F0275E61267E529F05.d.8E28698D66B0B8CEA498A81879380B2F.e.7972"}]}
COMMAND: GET /session/59389012155df3fc64e839119ed77469/element/f.8420AFDB22D113F0275E61267E529F05.d.8E28698D66B0B8CEA498A81879380B2F.e.7972/enabled - {}
COMMAND: GET /session/59389012155df3fc64e839119ed77469/screenshot - {}
RESULT: {}
COMMAND: POST /session/59389012155df3fc64e839119ed77469/execute/sync - {"script":"<script> [8489 bytes]","args":[{"element-6066-11e4-a52e-4f735466cecf":"f.8420AFDB22D113F0275E61267E529F05.d.8E28698D66B0B8CEA498A81879380B2F.e.7972","ELEMENT":"f.8420AFDB22D113F0275E61267E529F05.d.8E28698D66B0B8CEA498A81879380B2F.e.7972"}]}
COMMAND: GET /session/59389012155df3fc64e839119ed77469/screenshot - {}
RESULT: {}
RESULT: {"script":"<script> [8489 bytes]","args":[{"element-6066-11e4-a52e-4f735466cecf":"f.8420AFDB22D113F0275E61267E529F05.d.8E28698D66B0B8CEA498A81879380B2F.e.7972","ELEMENT":"f.8420AFDB22D113F0275E61267E529F05.d.8E28698D66B0B8CEA498A81879380B2F.e.7972"}]}
COMMAND: POST /session/59389012155df3fc64e839119ed77469/execute/sync - {"script":"<script> [5351 bytes]","args":[{"element-6066-11e4-a52e-4f735466cecf":"f.8420AFDB22D113F0275E61267E529F05.d.8E28698D66B0B8CEA498A81879380B2F.e.7972","ELEMENT":"f.8420AFDB22D113F0275E61267E529F05.d.8E28698D66B0B8CEA498A81879380B2F.e.7972"}]}
COMMAND: GET /session/59389012155df3fc64e839119ed77469/screenshot - {}
RESULT: {}
RESULT: {"script":"<script> [5351 bytes]","args":[{"element-6066-11e4-a52e-4f735466cecf":"f.8420AFDB22D113F0275E61267E529F05.d.8E28698D66B0B8CEA498A81879380B2F.e.7972","ELEMENT":"f.8420AFDB22D113F0275E61267E529F05.d.8E28698D66B0B8CEA498A81879380B2F.e.7972"}]}
COMMAND: POST /session/59389012155df3fc64e839119ed77469/element/f.8420AFDB22D113F0275E61267E529F05.d.8E28698D66B0B8CEA498A81879380B2F.e.7972/click - {}
COMMAND: GET /session/59389012155df3fc64e839119ed77469/screenshot - {}
RESULT: {}
RESULT: {}
COMMAND: GET /session/59389012155df3fc64e839119ed77469/screenshot - {}
RESULT: {}
COMMAND: POST /session/59389012155df3fc64e839119ed77469/execute/async - {"script":"<script> [1562 bytes]","args":[{"selector":{"id":"application-managesites-display-component---NewSite--addressDetailDetailsName1","interaction":{"idSuffix":"inner"}},"wdio_ui5_key":"applicationmanagesites-display-component---NewSite--addressDetailDetailsName1"}]}
RESULT: {}
RESULT: {"script":"<script> [1562 bytes]","args":[{"selector":{"id":"application-managesites-display-component---NewSite--addressDetailDetailsName1","interaction":{"idSuffix":"inner"}},"wdio_ui5_key":"applicationmanagesites-display-component---NewSite--addressDetailDetailsName1"}]}
RESULT: undefined
COMMAND: POST /session/59389012155df3fc64e839119ed77469/execute/async - {"script":"<script> [776 bytes]","args":[{"enterText":"Intercompany Site wdIO","selector":{"id":"application-managesites-display-component---NewSite--addressDetailDetailsName1","interaction":{"idSuffix":"inner"}},"clearTextFirst":true,"interactionType":"ENTER_TEXT"}]}
RESULT: {"script":"<script> [776 bytes]","args":[{"enterText":"Intercompany Site wdIO","selector":{"id":"application-managesites-display-component---NewSite--addressDetailDetailsName1","interaction":{"idSuffix":"inner"}},"clearTextFirst":true,"interactionType":"ENTER_TEXT"}]}
COMMAND: POST /session/59389012155df3fc64e839119ed77469/execute/async - {"script":"<script> [1562 bytes]","args":[{"selector":{"id":"application-managesites-display-component---NewSite--addressDetailDetailsLanguage-arrow"},"wdio_ui5_key":"applicationmanagesites-display-component---NewSite--addressDetailDetailsLanguage-arrow"}]}
RESULT: {"script":"<script> [1562 bytes]","args":[{"selector":{"id":"application-managesites-display-component---NewSite--addressDetailDetailsLanguage-arrow"},"wdio_ui5_key":"applicationmanagesites-display-component---NewSite--addressDetailDetailsLanguage-arrow"}]}
RESULT: undefined
COMMAND: POST /session/59389012155df3fc64e839119ed77469/element - {"using":"xpath","value":"//*[@id=\"application-managesites-display-component---NewSite--addressDetailDetailsLanguage-arrow\"]"}
RESULT: {"using":"xpath","value":"//*[@id=\"application-managesites-display-component---NewSite--addressDetailDetailsLanguage-arrow\"]"}
COMMAND: POST /session/59389012155df3fc64e839119ed77469/element/f.8420AFDB22D113F0275E61267E529F05.d.8E28698D66B0B8CEA498A81879380B2F.e.8367/click - {}
RESULT: {}
COMMAND: POST /session/59389012155df3fc64e839119ed77469/element - {"using":"xpath","value":"//span[contains(text(), \"English\")]"}
COMMAND: GET /session/59389012155df3fc64e839119ed77469/screenshot - {}
RESULT: {"using":"xpath","value":"//span[contains(text(), \"English\")]"}
COMMAND: POST /session/59389012155df3fc64e839119ed77469/element/f.8420AFDB22D113F0275E61267E529F05.d.8E28698D66B0B8CEA498A81879380B2F.e.8368/click - {}
RESULT: {}
RESULT: {}
COMMAND: POST /session/59389012155df3fc64e839119ed77469/execute/async - {"script":"<script> [1562 bytes]","args":[{"selector":{"id":"application-managesites-display-component---NewSite--addressDetailDetailsCity1","interaction":{"idSuffix":"inner"}},"wdio_ui5_key":"applicationmanagesites-display-component---NewSite--addressDetailDetailsCity1"}]}
COMMAND: GET /session/59389012155df3fc64e839119ed77469/screenshot - {}
RESULT: {"script":"<script> [1562 bytes]","args":[{"selector":{"id":"application-managesites-display-component---NewSite--addressDetailDetailsCity1","interaction":{"idSuffix":"inner"}},"wdio_ui5_key":"applicationmanagesites-display-component---NewSite--addressDetailDetailsCity1"}]}
RESULT: undefined
COMMAND: POST /session/59389012155df3fc64e839119ed77469/execute/async - {"script":"<script> [776 bytes]","args":[{"enterText":"Rosario","selector":{"id":"application-managesites-display-component---NewSite--addressDetailDetailsCity1","interaction":{"idSuffix":"inner"}},"clearTextFirst":true,"interactionType":"ENTER_TEXT"}]}
RESULT: {}
RESULT: {"script":"<script> [776 bytes]","args":[{"enterText":"Rosario","selector":{"id":"application-managesites-display-component---NewSite--addressDetailDetailsCity1","interaction":{"idSuffix":"inner"}},"clearTextFirst":true,"interactionType":"ENTER_TEXT"}]}
COMMAND: POST /session/59389012155df3fc64e839119ed77469/execute/async - {"script":"<script> [1562 bytes]","args":[{"selector":{"id":"application-managesites-display-component---NewSite--addressDetailDetailsCountry-arrow"},"wdio_ui5_key":"applicationmanagesites-display-component---NewSite--addressDetailDetailsCountry-arrow"}]}
RESULT: {"script":"<script> [1562 bytes]","args":[{"selector":{"id":"application-managesites-display-component---NewSite--addressDetailDetailsCountry-arrow"},"wdio_ui5_key":"applicationmanagesites-display-component---NewSite--addressDetailDetailsCountry-arrow"}]}
RESULT: undefined
COMMAND: POST /session/59389012155df3fc64e839119ed77469/element - {"using":"xpath","value":"//*[@id=\"application-managesites-display-component---NewSite--addressDetailDetailsCountry-arrow\"]"}
RESULT: {"using":"xpath","value":"//*[@id=\"application-managesites-display-component---NewSite--addressDetailDetailsCountry-arrow\"]"}
COMMAND: POST /session/59389012155df3fc64e839119ed77469/element/f.8420AFDB22D113F0275E61267E529F05.d.8E28698D66B0B8CEA498A81879380B2F.e.8370/click - {}
RESULT: {}
COMMAND: POST /session/59389012155df3fc64e839119ed77469/element - {"using":"xpath","value":"//span[contains(text(), \"Argentina\")]"}
COMMAND: GET /session/59389012155df3fc64e839119ed77469/screenshot - {}
RESULT: {"using":"xpath","value":"//span[contains(text(), \"Argentina\")]"}
COMMAND: POST /session/59389012155df3fc64e839119ed77469/element/f.8420AFDB22D113F0275E61267E529F05.d.8E28698D66B0B8CEA498A81879380B2F.e.8371/click - {}
RESULT: {}
RESULT: {}
COMMAND: GET /session/59389012155df3fc64e839119ed77469/screenshot - {}
RESULT: {}
COMMAND: POST /session/59389012155df3fc64e839119ed77469/execute/async - {"script":"<script> [1562 bytes]","args":[{"selector":{"id":"application-managesites-display-component---NewSite--addressEditDetailsCostObjectCstType-arrow"},"wdio_ui5_key":"applicationmanagesites-display-component---NewSite--addressEditDetailsCostObjectCstType-arrow"}]}
RESULT: {"script":"<script> [1562 bytes]","args":[{"selector":{"id":"application-managesites-display-component---NewSite--addressEditDetailsCostObjectCstType-arrow"},"wdio_ui5_key":"applicationmanagesites-display-component---NewSite--addressEditDetailsCostObjectCstType-arrow"}]}
RESULT: undefined
COMMAND: POST /session/59389012155df3fc64e839119ed77469/element - {"using":"xpath","value":"//*[@id=\"application-managesites-display-component---NewSite--addressEditDetailsCostObjectCstType-arrow\"]"}
RESULT: {"using":"xpath","value":"//*[@id=\"application-managesites-display-component---NewSite--addressEditDetailsCostObjectCstType-arrow\"]"}
COMMAND: POST /session/59389012155df3fc64e839119ed77469/element/f.8420AFDB22D113F0275E61267E529F05.d.8E28698D66B0B8CEA498A81879380B2F.e.8373/click - {}
RESULT: {}
COMMAND: POST /session/59389012155df3fc64e839119ed77469/element - {"using":"xpath","value":"//span[contains(text(), \"Cost Center\")]"}
COMMAND: GET /session/59389012155df3fc64e839119ed77469/screenshot - {}
RESULT: {"using":"xpath","value":"//span[contains(text(), \"Cost Center\")]"}
COMMAND: POST /session/59389012155df3fc64e839119ed77469/element/f.8420AFDB22D113F0275E61267E529F05.d.8E28698D66B0B8CEA498A81879380B2F.e.8374/click - {}
RESULT: {}
RESULT: {}
COMMAND: GET /session/59389012155df3fc64e839119ed77469/screenshot - {}
RESULT: {}
COMMAND: POST /session/59389012155df3fc64e839119ed77469/element - {"using":"xpath","value":"//span[@id=\"application-managesites-display-component---NewSite--addressNewCostObjectCstID-vhi\"]"}
RESULT: {"using":"xpath","value":"//span[@id=\"application-managesites-display-component---NewSite--addressNewCostObjectCstID-vhi\"]"}
COMMAND: POST /session/59389012155df3fc64e839119ed77469/execute/sync - {"script":"<script> [8489 bytes]","args":[{"element-6066-11e4-a52e-4f735466cecf":"f.8420AFDB22D113F0275E61267E529F05.d.8E28698D66B0B8CEA498A81879380B2F.e.8379","ELEMENT":"f.8420AFDB22D113F0275E61267E529F05.d.8E28698D66B0B8CEA498A81879380B2F.e.8379"}]}
RESULT: {"script":"<script> [8489 bytes]","args":[{"element-6066-11e4-a52e-4f735466cecf":"f.8420AFDB22D113F0275E61267E529F05.d.8E28698D66B0B8CEA498A81879380B2F.e.8379","ELEMENT":"f.8420AFDB22D113F0275E61267E529F05.d.8E28698D66B0B8CEA498A81879380B2F.e.8379"}]}
COMMAND: POST /session/59389012155df3fc64e839119ed77469/execute/async - {"script":"<script> [1562 bytes]","args":[{"selector":{"id":"application-managesites-display-component---NewSite--addressNewCostObjectCstID-vhi"},"wdio_ui5_key":"applicationmanagesites-display-component---NewSite--addressNewCostObjectCstID-vhi"}]}
COMMAND: GET /session/59389012155df3fc64e839119ed77469/screenshot - {}
RESULT: {"script":"<script> [1562 bytes]","args":[{"selector":{"id":"application-managesites-display-component---NewSite--addressNewCostObjectCstID-vhi"},"wdio_ui5_key":"applicationmanagesites-display-component---NewSite--addressNewCostObjectCstID-vhi"}]}
RESULT: undefined
COMMAND: POST /session/59389012155df3fc64e839119ed77469/element - {"using":"xpath","value":"//*[@id=\"application-managesites-display-component---NewSite--addressNewCostObjectCstID-vhi\"]"}
RESULT: {}
RESULT: {"using":"xpath","value":"//*[@id=\"application-managesites-display-component---NewSite--addressNewCostObjectCstID-vhi\"]"}
COMMAND: POST /session/59389012155df3fc64e839119ed77469/element/f.8420AFDB22D113F0275E61267E529F05.d.8E28698D66B0B8CEA498A81879380B2F.e.8379/click - {}
RESULT: {}
COMMAND: GET /session/59389012155df3fc64e839119ed77469/screenshot - {}
RESULT: {}
RESULT: undefined
COMMAND: POST /session/59389012155df3fc64e839119ed77469/execute/async - {"script":"<script> [776 bytes]","args":[{"enterText":"10001013","selector":{"controlType":"sap.m.SearchField","properties":{"placeholder":"Search"},"searchOpenDialogs":true,"interaction":{"idSuffix":"I"}},"clearTextFirst":true,"interactionType":"ENTER_TEXT"}]}
RESULT: {"script":"<script> [776 bytes]","args":[{"enterText":"10001013","selector":{"controlType":"sap.m.SearchField","properties":{"placeholder":"Search"},"searchOpenDialogs":true,"interaction":{"idSuffix":"I"}},"clearTextFirst":true,"interactionType":"ENTER_TEXT"}]}
COMMAND: POST /session/59389012155df3fc64e839119ed77469/actions - {"actions":[{"id":"action25","type":"key","parameters":{},"actions":[{"type":"keyDown","value":"î€‡"},{"type":"pause","duration":10},{"type":"keyUp","value":"î€‡"}]}]}
RESULT: {"actions":[{"id":"action25","type":"key","parameters":{},"actions":[{"type":"keyDown","value":"î€‡"},{"type":"pause","duration":10},{"type":"keyUp","value":"î€‡"}]}]}
COMMAND: GET /session/59389012155df3fc64e839119ed77469/screenshot - {}
RESULT: {}
COMMAND: POST /session/59389012155df3fc64e839119ed77469/element - {"using":"xpath","value":"//span[contains(text(), \"General Management\")]"}
RESULT: {"using":"xpath","value":"//span[contains(text(), \"General Management\")]"}
COMMAND: POST /session/59389012155df3fc64e839119ed77469/element/f.8420AFDB22D113F0275E61267E529F05.d.8E28698D66B0B8CEA498A81879380B2F.e.8418/click - {}
RESULT: {}
COMMAND: GET /session/59389012155df3fc64e839119ed77469/screenshot - {}
RESULT: {}
COMMAND: POST /session/59389012155df3fc64e839119ed77469/element - {"using":"xpath","value":"//bdi[contains(text(), \"OK\")]"}
RESULT: {"using":"xpath","value":"//bdi[contains(text(), \"OK\")]"}
COMMAND: POST /session/59389012155df3fc64e839119ed77469/element/f.8420AFDB22D113F0275E61267E529F05.d.8E28698D66B0B8CEA498A81879380B2F.e.8419/click - {}
RESULT: {}
COMMAND: GET /session/59389012155df3fc64e839119ed77469/screenshot - {}
RESULT: {}
COMMAND: POST /session/59389012155df3fc64e839119ed77469/element - {"using":"xpath","value":"//input[@id=\"application-managesites-display-component---NewSite--addressDetailDetailsCalendar-inner\"]"}
RESULT: {"using":"xpath","value":"//input[@id=\"application-managesites-display-component---NewSite--addressDetailDetailsCalendar-inner\"]"}
COMMAND: POST /session/59389012155df3fc64e839119ed77469/element/f.8420AFDB22D113F0275E61267E529F05.d.8E28698D66B0B8CEA498A81879380B2F.e.8166/clear - {}
RESULT: {}
COMMAND: POST /session/59389012155df3fc64e839119ed77469/element/f.8420AFDB22D113F0275E61267E529F05.d.8E28698D66B0B8CEA498A81879380B2F.e.8166/value - {"text":"Unit"}
COMMAND: GET /session/59389012155df3fc64e839119ed77469/screenshot - {}
RESULT: {"text":"Unit"}
COMMAND: GET /session/59389012155df3fc64e839119ed77469/screenshot - {}
RESULT: {}
RESULT: {}
COMMAND: POST /session/59389012155df3fc64e839119ed77469/actions - {"actions":[{"id":"action26","type":"key","parameters":{},"actions":[{"type":"keyDown","value":"î€‡"},{"type":"pause","duration":10},{"type":"keyUp","value":"î€‡"}]}]}
RESULT: {"actions":[{"id":"action26","type":"key","parameters":{},"actions":[{"type":"keyDown","value":"î€‡"},{"type":"pause","duration":10},{"type":"keyUp","value":"î€‡"}]}]}
COMMAND: POST /session/59389012155df3fc64e839119ed77469/element - {"using":"xpath","value":"//input[@id=\"application-managesites-display-component---NewSite--addressDetailDetailsYard-inner\"]"}
COMMAND: GET /session/59389012155df3fc64e839119ed77469/screenshot - {}
RESULT: {"using":"xpath","value":"//input[@id=\"application-managesites-display-component---NewSite--addressDetailDetailsYard-inner\"]"}
COMMAND: POST /session/59389012155df3fc64e839119ed77469/element/f.8420AFDB22D113F0275E61267E529F05.d.8E28698D66B0B8CEA498A81879380B2F.e.8167/clear - {}
RESULT: {}
RESULT: {}
COMMAND: POST /session/59389012155df3fc64e839119ed77469/element/f.8420AFDB22D113F0275E61267E529F05.d.8E28698D66B0B8CEA498A81879380B2F.e.8167/value - {"text":"487"}
COMMAND: GET /session/59389012155df3fc64e839119ed77469/screenshot - {}
RESULT: {"text":"487"}
COMMAND: GET /session/59389012155df3fc64e839119ed77469/screenshot - {}
RESULT: {}
RESULT: {}
COMMAND: POST /session/59389012155df3fc64e839119ed77469/element - {"using":"xpath","value":"//li[.//span[text()='487']]"}
RESULT: {"using":"xpath","value":"//li[.//span[text()='487']]"}
COMMAND: POST /session/59389012155df3fc64e839119ed77469/element/f.8420AFDB22D113F0275E61267E529F05.d.8E28698D66B0B8CEA498A81879380B2F.e.8427/click - {}
RESULT: {}
COMMAND: GET /session/59389012155df3fc64e839119ed77469/screenshot - {}
RESULT: {}
COMMAND: POST /session/59389012155df3fc64e839119ed77469/element - {"using":"xpath","value":"//input[@id=\"application-managesites-display-component---NewSite--addressDetailDetailsPartner-inner\"]"}
RESULT: {"using":"xpath","value":"//input[@id=\"application-managesites-display-component---NewSite--addressDetailDetailsPartner-inner\"]"}
COMMAND: POST /session/59389012155df3fc64e839119ed77469/element - {"using":"xpath","value":"//input[@id=\"application-managesites-display-component---NewSite--addressDetailDetailsPartner-inner\"]"}
RESULT: {"using":"xpath","value":"//input[@id=\"application-managesites-display-component---NewSite--addressDetailDetailsPartner-inner\"]"}
COMMAND: POST /session/59389012155df3fc64e839119ed77469/element - {"using":"xpath","value":"//button[@data-kt=\"saveButton\"]"}
RESULT: {"using":"xpath","value":"//button[@data-kt=\"saveButton\"]"}
COMMAND: POST /session/59389012155df3fc64e839119ed77469/element/f.8420AFDB22D113F0275E61267E529F05.d.8E28698D66B0B8CEA498A81879380B2F.e.8317/click - {}
RESULT: {}
COMMAND: GET /session/59389012155df3fc64e839119ed77469/screenshot - {}
RESULT: {}
COMMAND: POST /session/59389012155df3fc64e839119ed77469/element - {"using":"xpath","value":"//header[contains(@id, 'ObjectPageLayout-headerTitle')]/div[1]/div[2]/div[2]/span[1]"}
RESULT: {"using":"xpath","value":"//header[contains(@id, 'ObjectPageLayout-headerTitle')]/div[1]/div[2]/div[2]/span[1]"}
COMMAND: POST /session/59389012155df3fc64e839119ed77469/elements - {"using":"xpath","value":"//header[contains(@id, 'ObjectPageLayout-headerTitle')]/div[1]/div[2]/div[2]/span[1]"}
RESULT: {"using":"xpath","value":"//header[contains(@id, 'ObjectPageLayout-headerTitle')]/div[1]/div[2]/div[2]/span[1]"}
COMMAND: POST /session/59389012155df3fc64e839119ed77469/execute/sync - {"script":"<script> [56 bytes]","args":[{"element-6066-11e4-a52e-4f735466cecf":"f.8420AFDB22D113F0275E61267E529F05.d.8E28698D66B0B8CEA498A81879380B2F.e.8631","ELEMENT":"f.8420AFDB22D113F0275E61267E529F05.d.8E28698D66B0B8CEA498A81879380B2F.e.8631"}]}
RESULT: {"script":"<script> [56 bytes]","args":[{"element-6066-11e4-a52e-4f735466cecf":"f.8420AFDB22D113F0275E61267E529F05.d.8E28698D66B0B8CEA498A81879380B2F.e.8631","ELEMENT":"f.8420AFDB22D113F0275E61267E529F05.d.8E28698D66B0B8CEA498A81879380B2F.e.8631"}]}
COMMAND: POST /session/59389012155df3fc64e839119ed77469/element - {"using":"css selector","value":"#shell-header-logo"}
COMMAND: GET /session/59389012155df3fc64e839119ed77469/screenshot - {}
RESULT: {"using":"css selector","value":"#shell-header-logo"}
COMMAND: POST /session/59389012155df3fc64e839119ed77469/element/f.8420AFDB22D113F0275E61267E529F05.d.8E28698D66B0B8CEA498A81879380B2F.e.7928/click - {}
RESULT: {}
RESULT: {}
COMMAND: GET /session/59389012155df3fc64e839119ed77469/screenshot - {}
RESULT: {}
COMMAND: POST /session/59389012155df3fc64e839119ed77469/execute/sync - {"script":"<script> [299 bytes]","args":[["getModel","getResource"]]}
RESULT: {"script":"<script> [299 bytes]","args":[["getModel","getResource"]]}
COMMAND: POST /session/59389012155df3fc64e839119ed77469/element - {"using":"xpath","value":"//button[.//bdi[contains(text(), \"Close\")]]"}
COMMAND: GET /session/59389012155df3fc64e839119ed77469/screenshot - {}
RESULT: {"using":"xpath","value":"//button[.//bdi[contains(text(), \"Close\")]]"}
COMMAND: POST /session/59389012155df3fc64e839119ed77469/element/f.8420AFDB22D113F0275E61267E529F05.d.8E28698D66B0B8CEA498A81879380B2F.e.8632/click - {}
RESULT: {}
RESULT: {}
COMMAND: GET /session/59389012155df3fc64e839119ed77469/screenshot - {}
RESULT: {}
COMMAND: POST /session/59389012155df3fc64e839119ed77469/refresh - {}
RESULT: {}
COMMAND: GET /session/59389012155df3fc64e839119ed77469/screenshot - {}
RESULT: {}
COMMAND: POST /session/59389012155df3fc64e839119ed77469/refresh - {}
RESULT: {}
COMMAND: GET /session/59389012155df3fc64e839119ed77469/screenshot - {}
RESULT: {}
COMMAND: POST /session/59389012155df3fc64e839119ed77469/window/fullscreen - {}
RESULT: {}
COMMAND: POST /session/59389012155df3fc64e839119ed77469/execute/async - {"script":"<script> [189 bytes]","args":[]}
RESULT: {"script":"<script> [189 bytes]","args":[]}
COMMAND: POST /session/59389012155df3fc64e839119ed77469/execute/async - {"script":"<script> [123 bytes]","args":[]}
RESULT: {"script":"<script> [123 bytes]","args":[]}
COMMAND: POST /session/59389012155df3fc64e839119ed77469/timeouts - {"script":"<number>"}
RESULT: {"script":"<number>"}
COMMAND: GET /session/59389012155df3fc64e839119ed77469/timeouts - {}
RESULT: {}
RESULT: undefined
COMMAND: POST /session/59389012155df3fc64e839119ed77469/execute/async - {"script":"<script> [2676 bytes]","args":[]}
RESULT: {"script":"<script> [2676 bytes]","args":[]}
COMMAND: POST /session/59389012155df3fc64e839119ed77469/execute/async - {"script":"<script> [2342 bytes]","args":[{"protocol":"http","hostname":"0.0.0.0","path":"/","capabilities":{"browserName":"chrome","goog:chromeOptions":{"binary":"C:\\Program Files\\Google\\Chrome\\Application\\chrome.exe","args":["--start-maximized"]}},"logLevel":"warn","connectionRetryTimeout":120000,"connectionRetryCount":3,"logLevels":{},"enableDirectConnect":true,"strictSSL":true,"_":"65 more keys: [\"cacheDir\",\"port\",\"requestedCapabilities\",\"automationProtocol\",\"baseUrl\",\"waitforInterval\",\"waitforTimeout\",\"onReload\",\"beforeCommand\",\"afterCommand\",\"rootDir\",\"specs\",\"suites\",\"exclude\",\"groupLogsByTestSpec\",\"excludeDriverLogs\",\"bail\",\"framework\",\"reporters\",\"services\",\"maxInstances\",\"maxInstancesPerCapability\",\"injectGlobals\",\"filesToWatch\",\"execArgv\",\"runnerEnv\",\"runner\",\"shard\",\"specFileRetries\",\"specFileRetriesDelay\",\"specFileRetriesDeferred\",\"reporterSyncInterval\",\"reporterSyncTimeout\",\"cucumberFeaturesWithLineNumbers\",\"autoCompileOpts\",\"mochaOpts\",\"jasmineOpts\",\"cucumberOpts\",\"onPrepare\",\"onWorkerStart\",\"onWorkerEnd\",\"before\",\"beforeSession\",\"beforeSuite\",\"beforeHook\",\"beforeTest\",\"afterTest\",\"afterHook\",\"afterSuite\",\"afterSession\",\"after\",\"onComplete\",\"beforeAssertion\",\"afterAssertion\",\"beforeFeature\",\"beforeScenario\",\"beforeStep\",\"afterStep\",\"afterScenario\",\"afterFeature\",\"_\",\"suite\",\"$0\",\"ignoredWorkerServices\",\"wdi5\"]"}]}
RESULT: {"script":"<script> [2342 bytes]","args":[{"protocol":"http","hostname":"0.0.0.0","path":"/","capabilities":{"browserName":"chrome","goog:chromeOptions":{"binary":"C:\\Program Files\\Google\\Chrome\\Application\\chrome.exe","args":["--start-maximized"]}},"logLevel":"warn","connectionRetryTimeout":120000,"connectionRetryCount":3,"logLevels":{},"enableDirectConnect":true,"strictSSL":true,"_":"65 more keys: [\"cacheDir\",\"port\",\"requestedCapabilities\",\"automationProtocol\",\"baseUrl\",\"waitforInterval\",\"waitforTimeout\",\"onReload\",\"beforeCommand\",\"afterCommand\",\"rootDir\",\"specs\",\"suites\",\"exclude\",\"groupLogsByTestSpec\",\"excludeDriverLogs\",\"bail\",\"framework\",\"reporters\",\"services\",\"maxInstances\",\"maxInstancesPerCapability\",\"injectGlobals\",\"filesToWatch\",\"execArgv\",\"runnerEnv\",\"runner\",\"shard\",\"specFileRetries\",\"specFileRetriesDelay\",\"specFileRetriesDeferred\",\"reporterSyncInterval\",\"reporterSyncTimeout\",\"cucumberFeaturesWithLineNumbers\",\"autoCompileOpts\",\"mochaOpts\",\"jasmineOpts\",\"cucumberOpts\",\"onPrepare\",\"onWorkerStart\",\"onWorkerEnd\",\"before\",\"beforeSession\",\"beforeSuite\",\"beforeHook\",\"beforeTest\",\"afterTest\",\"afterHook\",\"afterSuite\",\"afterSession\",\"after\",\"onComplete\",\"beforeAssertion\",\"afterAssertion\",\"beforeFeature\",\"beforeScenario\",\"beforeStep\",\"afterStep\",\"afterScenario\",\"afterFeature\",\"_\",\"suite\",\"$0\",\"ignoredWorkerServices\",\"wdi5\"]"}]}
COMMAND: POST /session/59389012155df3fc64e839119ed77469/execute/async - {"script":"<script> [21126 bytes]","args":[35000]}
RESULT: {"script":"<script> [21126 bytes]","args":[35000]}
COMMAND: POST /session/59389012155df3fc64e839119ed77469/window/fullscreen - {}
RESULT: {}
]]></system-out>
    </testcase>
    <testcase classname="chrome.135_0_7049_96.windows.Create_master_data_for_mixed_billing_&amp;_do_billing_calculation_US151661" name="Should create a new equipment and add a counter to it" time="146.002">
      <system-out><![CDATA[
COMMAND: POST /session/59389012155df3fc64e839119ed77469/execute/async - {"script":"<script> [1562 bytes]","args":[{"selector":{"controlType":"sap.m.GenericTile","properties":{"header":"Manage Resources"}},"wdio_ui5_key":"sapm.GenericTile{\"header\":\"Manage Resources\"}"}]}
RESULT: {"script":"<script> [1562 bytes]","args":[{"selector":{"controlType":"sap.m.GenericTile","properties":{"header":"Manage Resources"}},"wdio_ui5_key":"sapm.GenericTile{\"header\":\"Manage Resources\"}"}]}
RESULT: undefined
COMMAND: POST /session/59389012155df3fc64e839119ed77469/element - {"using":"xpath","value":"//*[@id=\"__tile31\"]"}
RESULT: {"using":"xpath","value":"//*[@id=\"__tile31\"]"}
COMMAND: POST /session/59389012155df3fc64e839119ed77469/element/f.8420AFDB22D113F0275E61267E529F05.d.3E9925F29468F8146425BA2509C9BBDC.e.8702/click - {}
RESULT: {}
COMMAND: POST /session/59389012155df3fc64e839119ed77469/element - {"using":"xpath","value":"//button[@data-kt=\"addNewRUOverflowToolbarButton\"]"}
COMMAND: GET /session/59389012155df3fc64e839119ed77469/screenshot - {}
RESULT: {"using":"xpath","value":"//button[@data-kt=\"addNewRUOverflowToolbarButton\"]"}
COMMAND: POST /session/59389012155df3fc64e839119ed77469/elements - {"using":"xpath","value":"//button[@data-kt=\"addNewRUOverflowToolbarButton\"]"}
RESULT: {}
RESULT: {"using":"xpath","value":"//button[@data-kt=\"addNewRUOverflowToolbarButton\"]"}
COMMAND: POST /session/59389012155df3fc64e839119ed77469/elements - {"using":"xpath","value":"//button[@data-kt=\"addNewRUOverflowToolbarButton\"]"}
RESULT: {"using":"xpath","value":"//button[@data-kt=\"addNewRUOverflowToolbarButton\"]"}
COMMAND: POST /session/59389012155df3fc64e839119ed77469/elements - {"using":"xpath","value":"//button[@data-kt=\"addNewRUOverflowToolbarButton\"]"}
RESULT: {"using":"xpath","value":"//button[@data-kt=\"addNewRUOverflowToolbarButton\"]"}
COMMAND: POST /session/59389012155df3fc64e839119ed77469/elements - {"using":"xpath","value":"//button[@data-kt=\"addNewRUOverflowToolbarButton\"]"}
RESULT: {"using":"xpath","value":"//button[@data-kt=\"addNewRUOverflowToolbarButton\"]"}
COMMAND: POST /session/59389012155df3fc64e839119ed77469/elements - {"using":"xpath","value":"//button[@data-kt=\"addNewRUOverflowToolbarButton\"]"}
RESULT: {"using":"xpath","value":"//button[@data-kt=\"addNewRUOverflowToolbarButton\"]"}
COMMAND: POST /session/59389012155df3fc64e839119ed77469/elements - {"using":"xpath","value":"//button[@data-kt=\"addNewRUOverflowToolbarButton\"]"}
RESULT: {"using":"xpath","value":"//button[@data-kt=\"addNewRUOverflowToolbarButton\"]"}
COMMAND: POST /session/59389012155df3fc64e839119ed77469/elements - {"using":"xpath","value":"//button[@data-kt=\"addNewRUOverflowToolbarButton\"]"}
RESULT: {"using":"xpath","value":"//button[@data-kt=\"addNewRUOverflowToolbarButton\"]"}
COMMAND: POST /session/59389012155df3fc64e839119ed77469/elements - {"using":"xpath","value":"//button[@data-kt=\"addNewRUOverflowToolbarButton\"]"}
RESULT: {"using":"xpath","value":"//button[@data-kt=\"addNewRUOverflowToolbarButton\"]"}
COMMAND: POST /session/59389012155df3fc64e839119ed77469/elements - {"using":"xpath","value":"//button[@data-kt=\"addNewRUOverflowToolbarButton\"]"}
RESULT: {"using":"xpath","value":"//button[@data-kt=\"addNewRUOverflowToolbarButton\"]"}
COMMAND: POST /session/59389012155df3fc64e839119ed77469/elements - {"using":"xpath","value":"//button[@data-kt=\"addNewRUOverflowToolbarButton\"]"}
RESULT: {"using":"xpath","value":"//button[@data-kt=\"addNewRUOverflowToolbarButton\"]"}
COMMAND: POST /session/59389012155df3fc64e839119ed77469/elements - {"using":"xpath","value":"//button[@data-kt=\"addNewRUOverflowToolbarButton\"]"}
RESULT: {"using":"xpath","value":"//button[@data-kt=\"addNewRUOverflowToolbarButton\"]"}
COMMAND: POST /session/59389012155df3fc64e839119ed77469/elements - {"using":"xpath","value":"//button[@data-kt=\"addNewRUOverflowToolbarButton\"]"}
RESULT: {"using":"xpath","value":"//button[@data-kt=\"addNewRUOverflowToolbarButton\"]"}
COMMAND: POST /session/59389012155df3fc64e839119ed77469/elements - {"using":"xpath","value":"//button[@data-kt=\"addNewRUOverflowToolbarButton\"]"}
RESULT: {"using":"xpath","value":"//button[@data-kt=\"addNewRUOverflowToolbarButton\"]"}
COMMAND: POST /session/59389012155df3fc64e839119ed77469/elements - {"using":"xpath","value":"//button[@data-kt=\"addNewRUOverflowToolbarButton\"]"}
RESULT: {"using":"xpath","value":"//button[@data-kt=\"addNewRUOverflowToolbarButton\"]"}
COMMAND: POST /session/59389012155df3fc64e839119ed77469/elements - {"using":"xpath","value":"//button[@data-kt=\"addNewRUOverflowToolbarButton\"]"}
RESULT: {"using":"xpath","value":"//button[@data-kt=\"addNewRUOverflowToolbarButton\"]"}
COMMAND: POST /session/59389012155df3fc64e839119ed77469/elements - {"using":"xpath","value":"//button[@data-kt=\"addNewRUOverflowToolbarButton\"]"}
RESULT: {"using":"xpath","value":"//button[@data-kt=\"addNewRUOverflowToolbarButton\"]"}
COMMAND: POST /session/59389012155df3fc64e839119ed77469/elements - {"using":"xpath","value":"//button[@data-kt=\"addNewRUOverflowToolbarButton\"]"}
RESULT: {"using":"xpath","value":"//button[@data-kt=\"addNewRUOverflowToolbarButton\"]"}
COMMAND: POST /session/59389012155df3fc64e839119ed77469/element - {"using":"xpath","value":"//button[@data-kt=\"addNewRUOverflowToolbarButton\"]"}
RESULT: {"using":"xpath","value":"//button[@data-kt=\"addNewRUOverflowToolbarButton\"]"}
COMMAND: POST /session/59389012155df3fc64e839119ed77469/execute/sync - {"script":"<script> [8489 bytes]","args":[{"element-6066-11e4-a52e-4f735466cecf":"f.8420AFDB22D113F0275E61267E529F05.d.3E9925F29468F8146425BA2509C9BBDC.e.8809","ELEMENT":"f.8420AFDB22D113F0275E61267E529F05.d.3E9925F29468F8146425BA2509C9BBDC.e.8809"}]}
RESULT: {"script":"<script> [8489 bytes]","args":[{"element-6066-11e4-a52e-4f735466cecf":"f.8420AFDB22D113F0275E61267E529F05.d.3E9925F29468F8146425BA2509C9BBDC.e.8809","ELEMENT":"f.8420AFDB22D113F0275E61267E529F05.d.3E9925F29468F8146425BA2509C9BBDC.e.8809"}]}
COMMAND: GET /session/59389012155df3fc64e839119ed77469/element/f.8420AFDB22D113F0275E61267E529F05.d.3E9925F29468F8146425BA2509C9BBDC.e.8809/enabled - {}
COMMAND: GET /session/59389012155df3fc64e839119ed77469/screenshot - {}
RESULT: {}
COMMAND: POST /session/59389012155df3fc64e839119ed77469/execute/sync - {"script":"<script> [8489 bytes]","args":[{"element-6066-11e4-a52e-4f735466cecf":"f.8420AFDB22D113F0275E61267E529F05.d.3E9925F29468F8146425BA2509C9BBDC.e.8809","ELEMENT":"f.8420AFDB22D113F0275E61267E529F05.d.3E9925F29468F8146425BA2509C9BBDC.e.8809"}]}
COMMAND: GET /session/59389012155df3fc64e839119ed77469/screenshot - {}
RESULT: {}
RESULT: {"script":"<script> [8489 bytes]","args":[{"element-6066-11e4-a52e-4f735466cecf":"f.8420AFDB22D113F0275E61267E529F05.d.3E9925F29468F8146425BA2509C9BBDC.e.8809","ELEMENT":"f.8420AFDB22D113F0275E61267E529F05.d.3E9925F29468F8146425BA2509C9BBDC.e.8809"}]}
COMMAND: POST /session/59389012155df3fc64e839119ed77469/execute/sync - {"script":"<script> [5351 bytes]","args":[{"element-6066-11e4-a52e-4f735466cecf":"f.8420AFDB22D113F0275E61267E529F05.d.3E9925F29468F8146425BA2509C9BBDC.e.8809","ELEMENT":"f.8420AFDB22D113F0275E61267E529F05.d.3E9925F29468F8146425BA2509C9BBDC.e.8809"}]}
COMMAND: GET /session/59389012155df3fc64e839119ed77469/screenshot - {}
RESULT: {}
RESULT: {"script":"<script> [5351 bytes]","args":[{"element-6066-11e4-a52e-4f735466cecf":"f.8420AFDB22D113F0275E61267E529F05.d.3E9925F29468F8146425BA2509C9BBDC.e.8809","ELEMENT":"f.8420AFDB22D113F0275E61267E529F05.d.3E9925F29468F8146425BA2509C9BBDC.e.8809"}]}
COMMAND: POST /session/59389012155df3fc64e839119ed77469/element/f.8420AFDB22D113F0275E61267E529F05.d.3E9925F29468F8146425BA2509C9BBDC.e.8809/click - {}
COMMAND: GET /session/59389012155df3fc64e839119ed77469/screenshot - {}
RESULT: {}
RESULT: {}
RESULT: {}
COMMAND: GET /session/59389012155df3fc64e839119ed77469/screenshot - {}
RESULT: {}
COMMAND: POST /session/59389012155df3fc64e839119ed77469/execute/async - {"script":"<script> [1562 bytes]","args":[{"selector":{"id":"application-manageresources-display-component---newResourceUnit--TYPE-arrow"},"wdio_ui5_key":"applicationmanageresources-display-component---newResourceUnit--TYPE-arrow"}]}
RESULT: {"script":"<script> [1562 bytes]","args":[{"selector":{"id":"application-manageresources-display-component---newResourceUnit--TYPE-arrow"},"wdio_ui5_key":"applicationmanageresources-display-component---newResourceUnit--TYPE-arrow"}]}
RESULT: undefined
COMMAND: POST /session/59389012155df3fc64e839119ed77469/element - {"using":"xpath","value":"//*[@id=\"application-manageresources-display-component---newResourceUnit--TYPE-arrow\"]"}
RESULT: {"using":"xpath","value":"//*[@id=\"application-manageresources-display-component---newResourceUnit--TYPE-arrow\"]"}
COMMAND: POST /session/59389012155df3fc64e839119ed77469/element/f.8420AFDB22D113F0275E61267E529F05.d.3E9925F29468F8146425BA2509C9BBDC.e.9170/click - {}
RESULT: {}
COMMAND: POST /session/59389012155df3fc64e839119ed77469/element - {"using":"xpath","value":"//input[@id=\"application-manageresources-display-component---newResourceUnit--TYPE-inner\"]"}
COMMAND: GET /session/59389012155df3fc64e839119ed77469/screenshot - {}
RESULT: {"using":"xpath","value":"//input[@id=\"application-manageresources-display-component---newResourceUnit--TYPE-inner\"]"}
COMMAND: POST /session/59389012155df3fc64e839119ed77469/element/f.8420AFDB22D113F0275E61267E529F05.d.3E9925F29468F8146425BA2509C9BBDC.e.9114/clear - {}
RESULT: {}
RESULT: {}
COMMAND: POST /session/59389012155df3fc64e839119ed77469/element/f.8420AFDB22D113F0275E61267E529F05.d.3E9925F29468F8146425BA2509C9BBDC.e.9114/value - {"text":"Equipment"}
COMMAND: GET /session/59389012155df3fc64e839119ed77469/screenshot - {}
RESULT: {"text":"Equipment"}
COMMAND: GET /session/59389012155df3fc64e839119ed77469/screenshot - {}
RESULT: {}
RESULT: {}
COMMAND: POST /session/59389012155df3fc64e839119ed77469/actions - {"actions":[{"id":"action27","type":"key","parameters":{},"actions":[{"type":"keyDown","value":"î€‡"},{"type":"pause","duration":10},{"type":"keyUp","value":"î€‡"}]}]}
RESULT: {"actions":[{"id":"action27","type":"key","parameters":{},"actions":[{"type":"keyDown","value":"î€‡"},{"type":"pause","duration":10},{"type":"keyUp","value":"î€‡"}]}]}
COMMAND: POST /session/59389012155df3fc64e839119ed77469/execute/async - {"script":"<script> [1562 bytes]","args":[{"selector":{"id":"application-manageresources-display-component---newResourceUnit--resourceId","interaction":{"idSuffix":"inner"}},"wdio_ui5_key":"applicationmanageresources-display-component---newResourceUnit--resourceId"}]}
COMMAND: GET /session/59389012155df3fc64e839119ed77469/screenshot - {}
RESULT: {"script":"<script> [1562 bytes]","args":[{"selector":{"id":"application-manageresources-display-component---newResourceUnit--resourceId","interaction":{"idSuffix":"inner"}},"wdio_ui5_key":"applicationmanageresources-display-component---newResourceUnit--resourceId"}]}
RESULT: undefined
COMMAND: POST /session/59389012155df3fc64e839119ed77469/execute/async - {"script":"<script> [776 bytes]","args":[{"enterText":"LoyqiVs9Uj","selector":{"id":"application-manageresources-display-component---newResourceUnit--resourceId","interaction":{"idSuffix":"inner"}},"clearTextFirst":true,"interactionType":"ENTER_TEXT"}]}
RESULT: {}
RESULT: {"script":"<script> [776 bytes]","args":[{"enterText":"LoyqiVs9Uj","selector":{"id":"application-manageresources-display-component---newResourceUnit--resourceId","interaction":{"idSuffix":"inner"}},"clearTextFirst":true,"interactionType":"ENTER_TEXT"}]}
COMMAND: POST /session/59389012155df3fc64e839119ed77469/execute/async - {"script":"<script> [1562 bytes]","args":[{"selector":{"id":"application-manageresources-display-component---newResourceUnit--SHORT_TEXT","interaction":{"idSuffix":"inner"}},"wdio_ui5_key":"applicationmanageresources-display-component---newResourceUnit--SHORT_TEXT"}]}
RESULT: {"script":"<script> [1562 bytes]","args":[{"selector":{"id":"application-manageresources-display-component---newResourceUnit--SHORT_TEXT","interaction":{"idSuffix":"inner"}},"wdio_ui5_key":"applicationmanageresources-display-component---newResourceUnit--SHORT_TEXT"}]}
RESULT: undefined
COMMAND: POST /session/59389012155df3fc64e839119ed77469/execute/async - {"script":"<script> [776 bytes]","args":[{"enterText":"Intercompany Equipment WDIO","selector":{"id":"application-manageresources-display-component---newResourceUnit--SHORT_TEXT","interaction":{"idSuffix":"inner"}},"clearTextFirst":true,"interactionType":"ENTER_TEXT"}]}
RESULT: {"script":"<script> [776 bytes]","args":[{"enterText":"Intercompany Equipment WDIO","selector":{"id":"application-manageresources-display-component---newResourceUnit--SHORT_TEXT","interaction":{"idSuffix":"inner"}},"clearTextFirst":true,"interactionType":"ENTER_TEXT"}]}
COMMAND: POST /session/59389012155df3fc64e839119ed77469/execute/async - {"script":"<script> [1562 bytes]","args":[{"selector":{"id":"application-manageresources-display-component---newResourceUnit--BASE_UNIT_OF_MEASURE","interaction":{"idSuffix":"inner"}},"wdio_ui5_key":"applicationmanageresources-display-component---newResourceUnit--BASE_UNIT_OF_MEASURE"}]}
RESULT: {"script":"<script> [1562 bytes]","args":[{"selector":{"id":"application-manageresources-display-component---newResourceUnit--BASE_UNIT_OF_MEASURE","interaction":{"idSuffix":"inner"}},"wdio_ui5_key":"applicationmanageresources-display-component---newResourceUnit--BASE_UNIT_OF_MEASURE"}]}
RESULT: undefined
COMMAND: POST /session/59389012155df3fc64e839119ed77469/execute/async - {"script":"<script> [776 bytes]","args":[{"enterText":"Piece","selector":{"id":"application-manageresources-display-component---newResourceUnit--BASE_UNIT_OF_MEASURE","interaction":{"idSuffix":"inner"}},"clearTextFirst":true,"interactionType":"ENTER_TEXT"}]}
RESULT: {"script":"<script> [776 bytes]","args":[{"enterText":"Piece","selector":{"id":"application-manageresources-display-component---newResourceUnit--BASE_UNIT_OF_MEASURE","interaction":{"idSuffix":"inner"}},"clearTextFirst":true,"interactionType":"ENTER_TEXT"}]}
COMMAND: POST /session/59389012155df3fc64e839119ed77469/execute/async - {"script":"<script> [1562 bytes]","args":[{"selector":{"id":"application-manageresources-display-component---newResourceUnit--WEIGHT_UNIT","interaction":{"idSuffix":"inner"}},"wdio_ui5_key":"applicationmanageresources-display-component---newResourceUnit--WEIGHT_UNIT"}]}
RESULT: {"script":"<script> [1562 bytes]","args":[{"selector":{"id":"application-manageresources-display-component---newResourceUnit--WEIGHT_UNIT","interaction":{"idSuffix":"inner"}},"wdio_ui5_key":"applicationmanageresources-display-component---newResourceUnit--WEIGHT_UNIT"}]}
RESULT: undefined
COMMAND: POST /session/59389012155df3fc64e839119ed77469/execute/async - {"script":"<script> [776 bytes]","args":[{"enterText":"Gram","selector":{"id":"application-manageresources-display-component---newResourceUnit--WEIGHT_UNIT","interaction":{"idSuffix":"inner"}},"clearTextFirst":true,"interactionType":"ENTER_TEXT"}]}
RESULT: {"script":"<script> [776 bytes]","args":[{"enterText":"Gram","selector":{"id":"application-manageresources-display-component---newResourceUnit--WEIGHT_UNIT","interaction":{"idSuffix":"inner"}},"clearTextFirst":true,"interactionType":"ENTER_TEXT"}]}
COMMAND: POST /session/59389012155df3fc64e839119ed77469/execute/async - {"script":"<script> [1562 bytes]","args":[{"selector":{"id":"application-manageresources-display-component---newResourceUnit--DIMENSION_UNIT","interaction":{"idSuffix":"inner"}},"wdio_ui5_key":"applicationmanageresources-display-component---newResourceUnit--DIMENSION_UNIT"}]}
RESULT: {"script":"<script> [1562 bytes]","args":[{"selector":{"id":"application-manageresources-display-component---newResourceUnit--DIMENSION_UNIT","interaction":{"idSuffix":"inner"}},"wdio_ui5_key":"applicationmanageresources-display-component---newResourceUnit--DIMENSION_UNIT"}]}
RESULT: undefined
COMMAND: POST /session/59389012155df3fc64e839119ed77469/execute/async - {"script":"<script> [776 bytes]","args":[{"enterText":"Meter","selector":{"id":"application-manageresources-display-component---newResourceUnit--DIMENSION_UNIT","interaction":{"idSuffix":"inner"}},"clearTextFirst":true,"interactionType":"ENTER_TEXT"}]}
RESULT: {"script":"<script> [776 bytes]","args":[{"enterText":"Meter","selector":{"id":"application-manageresources-display-component---newResourceUnit--DIMENSION_UNIT","interaction":{"idSuffix":"inner"}},"clearTextFirst":true,"interactionType":"ENTER_TEXT"}]}
COMMAND: POST /session/59389012155df3fc64e839119ed77469/execute/async - {"script":"<script> [1562 bytes]","args":[{"selector":{"id":"application-manageresources-display-component---newResourceUnit--newRRUPage-anchBar-application-manageresources-display-component---newResourceUnit--control-anchor","interaction":{"idSuffix":"BDI-content"}},"wdio_ui5_key":"applicationmanageresources-display-component---newResourceUnit--newRRUPage-anchBar-application-manageresources-display-component---newResourceUnit--control-anchor"}]}
RESULT: {"script":"<script> [1562 bytes]","args":[{"selector":{"id":"application-manageresources-display-component---newResourceUnit--newRRUPage-anchBar-application-manageresources-display-component---newResourceUnit--control-anchor","interaction":{"idSuffix":"BDI-content"}},"wdio_ui5_key":"applicationmanageresources-display-component---newResourceUnit--newRRUPage-anchBar-application-manageresources-display-component---newResourceUnit--control-anchor"}]}
RESULT: undefined
COMMAND: POST /session/59389012155df3fc64e839119ed77469/element - {"using":"xpath","value":"//*[@id=\"application-manageresources-display-component---newResourceUnit--newRRUPage-anchBar-application-manageresources-display-component---newResourceUnit--control-anchor\"]"}
RESULT: {"using":"xpath","value":"//*[@id=\"application-manageresources-display-component---newResourceUnit--newRRUPage-anchBar-application-manageresources-display-component---newResourceUnit--control-anchor\"]"}
COMMAND: POST /session/59389012155df3fc64e839119ed77469/element/f.8420AFDB22D113F0275E61267E529F05.d.3E9925F29468F8146425BA2509C9BBDC.e.9303/click - {}
RESULT: {}
COMMAND: POST /session/59389012155df3fc64e839119ed77469/execute/async - {"script":"<script> [1562 bytes]","args":[{"selector":{"id":"application-manageresources-display-component---newResourceUnit--PLANNING_GROUP","interaction":{"idSuffix":"inner"}},"wdio_ui5_key":"applicationmanageresources-display-component---newResourceUnit--PLANNING_GROUP"}]}
COMMAND: GET /session/59389012155df3fc64e839119ed77469/screenshot - {}
RESULT: {"script":"<script> [1562 bytes]","args":[{"selector":{"id":"application-manageresources-display-component---newResourceUnit--PLANNING_GROUP","interaction":{"idSuffix":"inner"}},"wdio_ui5_key":"applicationmanageresources-display-component---newResourceUnit--PLANNING_GROUP"}]}
RESULT: undefined
COMMAND: POST /session/59389012155df3fc64e839119ed77469/execute/async - {"script":"<script> [776 bytes]","args":[{"enterText":"Heavy Equi","selector":{"id":"application-manageresources-display-component---newResourceUnit--PLANNING_GROUP","interaction":{"idSuffix":"inner"}},"clearTextFirst":true,"interactionType":"ENTER_TEXT"}]}
RESULT: {}
RESULT: {"script":"<script> [776 bytes]","args":[{"enterText":"Heavy Equi","selector":{"id":"application-manageresources-display-component---newResourceUnit--PLANNING_GROUP","interaction":{"idSuffix":"inner"}},"clearTextFirst":true,"interactionType":"ENTER_TEXT"}]}
COMMAND: POST /session/59389012155df3fc64e839119ed77469/execute/async - {"script":"<script> [1562 bytes]","args":[{"selector":{"id":"application-manageresources-display-component---newResourceUnit--ITEM_TYPE-arrow"},"wdio_ui5_key":"applicationmanageresources-display-component---newResourceUnit--ITEM_TYPE-arrow"}]}
RESULT: {"script":"<script> [1562 bytes]","args":[{"selector":{"id":"application-manageresources-display-component---newResourceUnit--ITEM_TYPE-arrow"},"wdio_ui5_key":"applicationmanageresources-display-component---newResourceUnit--ITEM_TYPE-arrow"}]}
RESULT: undefined
COMMAND: POST /session/59389012155df3fc64e839119ed77469/element - {"using":"xpath","value":"//*[@id=\"application-manageresources-display-component---newResourceUnit--ITEM_TYPE-arrow\"]"}
RESULT: {"using":"xpath","value":"//*[@id=\"application-manageresources-display-component---newResourceUnit--ITEM_TYPE-arrow\"]"}
COMMAND: POST /session/59389012155df3fc64e839119ed77469/element/f.8420AFDB22D113F0275E61267E529F05.d.3E9925F29468F8146425BA2509C9BBDC.e.9310/click - {}
RESULT: {}
COMMAND: POST /session/59389012155df3fc64e839119ed77469/element - {"using":"xpath","value":"(//span[contains(text(), \"Resource Unit\")])[2]"}
COMMAND: GET /session/59389012155df3fc64e839119ed77469/screenshot - {}
RESULT: {"using":"xpath","value":"(//span[contains(text(), \"Resource Unit\")])[2]"}
COMMAND: POST /session/59389012155df3fc64e839119ed77469/element/f.8420AFDB22D113F0275E61267E529F05.d.3E9925F29468F8146425BA2509C9BBDC.e.9311/click - {}
RESULT: {}
RESULT: {}
COMMAND: GET /session/59389012155df3fc64e839119ed77469/screenshot - {}
RESULT: {}
COMMAND: POST /session/59389012155df3fc64e839119ed77469/element - {"using":"css selector","value":"#application-manageresources-display-component---newResourceUnit--btnAddTimeSegment"}
RESULT: {"using":"css selector","value":"#application-manageresources-display-component---newResourceUnit--btnAddTimeSegment"}
COMMAND: GET /session/59389012155df3fc64e839119ed77469/element/f.8420AFDB22D113F0275E61267E529F05.d.3E9925F29468F8146425BA2509C9BBDC.e.9312/rect - {}
RESULT: {}
COMMAND: GET /session/59389012155df3fc64e839119ed77469/window/rect - {}
RESULT: {}
COMMAND: POST /session/59389012155df3fc64e839119ed77469/execute/sync - {"script":"<script> [92 bytes]","args":[]}
RESULT: {"script":"<script> [92 bytes]","args":[]}
COMMAND: POST /session/59389012155df3fc64e839119ed77469/actions - {"actions":[{"id":"action28","type":"wheel","parameters":{},"actions":[{"type":"scroll","x":-1888,"y":-32,"deltaX":0,"deltaY":0,"duration":0,"origin":{"element-6066-11e4-a52e-4f735466cecf":"f.8420AFDB22D113F0275E61267E529F05.d.3E9925F29468F8146425BA2509C9BBDC.e.9312"}}]}]}
COMMAND: GET /session/59389012155df3fc64e839119ed77469/screenshot - {}
RESULT: {}
COMMAND: POST /session/59389012155df3fc64e839119ed77469/execute/sync - {"script":"<script> [79 bytes]","args":[{"element-6066-11e4-a52e-4f735466cecf":"f.8420AFDB22D113F0275E61267E529F05.d.3E9925F29468F8146425BA2509C9BBDC.e.9312","ELEMENT":"f.8420AFDB22D113F0275E61267E529F05.d.3E9925F29468F8146425BA2509C9BBDC.e.9312"},{"block":"start","inline":"nearest"}]}
RESULT: {"script":"<script> [79 bytes]","args":[{"element-6066-11e4-a52e-4f735466cecf":"f.8420AFDB22D113F0275E61267E529F05.d.3E9925F29468F8146425BA2509C9BBDC.e.9312","ELEMENT":"f.8420AFDB22D113F0275E61267E529F05.d.3E9925F29468F8146425BA2509C9BBDC.e.9312"},{"block":"start","inline":"nearest"}]}
COMMAND: POST /session/59389012155df3fc64e839119ed77469/execute/async - {"script":"<script> [1562 bytes]","args":[{"selector":{"id":"application-manageresources-display-component---newResourceUnit--btnAddTimeSegment","interaction":{"idSuffix":"inner"}},"wdio_ui5_key":"applicationmanageresources-display-component---newResourceUnit--btnAddTimeSegment"}]}
COMMAND: GET /session/59389012155df3fc64e839119ed77469/screenshot - {}
RESULT: {"script":"<script> [1562 bytes]","args":[{"selector":{"id":"application-manageresources-display-component---newResourceUnit--btnAddTimeSegment","interaction":{"idSuffix":"inner"}},"wdio_ui5_key":"applicationmanageresources-display-component---newResourceUnit--btnAddTimeSegment"}]}
RESULT: undefined
COMMAND: POST /session/59389012155df3fc64e839119ed77469/element - {"using":"xpath","value":"//*[@id=\"application-manageresources-display-component---newResourceUnit--btnAddTimeSegment\"]"}
RESULT: {}
RESULT: {"using":"xpath","value":"//*[@id=\"application-manageresources-display-component---newResourceUnit--btnAddTimeSegment\"]"}
COMMAND: POST /session/59389012155df3fc64e839119ed77469/element/f.8420AFDB22D113F0275E61267E529F05.d.3E9925F29468F8146425BA2509C9BBDC.e.9312/click - {}
RESULT: {}
COMMAND: GET /session/59389012155df3fc64e839119ed77469/screenshot - {}
RESULT: {}
COMMAND: POST /session/59389012155df3fc64e839119ed77469/element - {"using":"xpath","value":"//input[@id=\"application-manageresources-display-component---newResourceUnit--idRuTSAdmin-application-manageresources-display-component---newResourceUnit--RUTimeSegment-0-inner\"]"}
RESULT: {"using":"xpath","value":"//input[@id=\"application-manageresources-display-component---newResourceUnit--idRuTSAdmin-application-manageresources-display-component---newResourceUnit--RUTimeSegment-0-inner\"]"}
COMMAND: POST /session/59389012155df3fc64e839119ed77469/element/f.8420AFDB22D113F0275E61267E529F05.d.3E9925F29468F8146425BA2509C9BBDC.e.9318/clear - {}
RESULT: {}
COMMAND: POST /session/59389012155df3fc64e839119ed77469/element/f.8420AFDB22D113F0275E61267E529F05.d.3E9925F29468F8146425BA2509C9BBDC.e.9318/value - {"text":"487"}
COMMAND: GET /session/59389012155df3fc64e839119ed77469/screenshot - {}
RESULT: {"text":"487"}
COMMAND: GET /session/59389012155df3fc64e839119ed77469/screenshot - {}
RESULT: {}
RESULT: {}
COMMAND: POST /session/59389012155df3fc64e839119ed77469/element - {"using":"xpath","value":"//li[.//span[text()='487']]"}
RESULT: {"using":"xpath","value":"//li[.//span[text()='487']]"}
COMMAND: POST /session/59389012155df3fc64e839119ed77469/element/f.8420AFDB22D113F0275E61267E529F05.d.3E9925F29468F8146425BA2509C9BBDC.e.9330/click - {}
RESULT: {}
COMMAND: GET /session/59389012155df3fc64e839119ed77469/screenshot - {}
RESULT: {}
COMMAND: POST /session/59389012155df3fc64e839119ed77469/element - {"using":"xpath","value":"(//span[contains(@id, \"-application-manageresources-display-component---newResourceUnit--RUTimeSegment-0-arrow\")])[6]"}
RESULT: {"using":"xpath","value":"(//span[contains(@id, \"-application-manageresources-display-component---newResourceUnit--RUTimeSegment-0-arrow\")])[6]"}
COMMAND: POST /session/59389012155df3fc64e839119ed77469/element/f.8420AFDB22D113F0275E61267E529F05.d.3E9925F29468F8146425BA2509C9BBDC.e.9331/click - {}
RESULT: {}
COMMAND: GET /session/59389012155df3fc64e839119ed77469/screenshot - {}
RESULT: {}
COMMAND: POST /session/59389012155df3fc64e839119ed77469/element - {"using":"xpath","value":"//span[contains(text(), \"PM Order\")]"}
RESULT: {"using":"xpath","value":"//span[contains(text(), \"PM Order\")]"}
COMMAND: POST /session/59389012155df3fc64e839119ed77469/element/f.8420AFDB22D113F0275E61267E529F05.d.3E9925F29468F8146425BA2509C9BBDC.e.9334/click - {}
RESULT: {}
COMMAND: GET /session/59389012155df3fc64e839119ed77469/screenshot - {}
RESULT: {}
COMMAND: POST /session/59389012155df3fc64e839119ed77469/element - {"using":"xpath","value":"(//span[contains(@id ,\"manageresources-display-component---newResourceUnit--RUTimeSegment-0-vhi\")])[1]"}
RESULT: {"using":"xpath","value":"(//span[contains(@id ,\"manageresources-display-component---newResourceUnit--RUTimeSegment-0-vhi\")])[1]"}
COMMAND: GET /session/59389012155df3fc64e839119ed77469/element/f.8420AFDB22D113F0275E61267E529F05.d.3E9925F29468F8146425BA2509C9BBDC.e.9338/rect - {}
RESULT: {}
COMMAND: GET /session/59389012155df3fc64e839119ed77469/window/rect - {}
RESULT: {}
COMMAND: POST /session/59389012155df3fc64e839119ed77469/execute/sync - {"script":"<script> [92 bytes]","args":[]}
RESULT: {"script":"<script> [92 bytes]","args":[]}
COMMAND: POST /session/59389012155df3fc64e839119ed77469/actions - {"actions":[{"id":"action29","type":"wheel","parameters":{},"actions":[{"type":"scroll","x":-869,"y":-24,"deltaX":0,"deltaY":0,"duration":0,"origin":{"element-6066-11e4-a52e-4f735466cecf":"f.8420AFDB22D113F0275E61267E529F05.d.3E9925F29468F8146425BA2509C9BBDC.e.9338"}}]}]}
COMMAND: GET /session/59389012155df3fc64e839119ed77469/screenshot - {}
RESULT: {"actions":[{"id":"action29","type":"wheel","parameters":{},"actions":[{"type":"scroll","x":-869,"y":-24,"deltaX":0,"deltaY":0,"duration":0,"origin":{"element-6066-11e4-a52e-4f735466cecf":"f.8420AFDB22D113F0275E61267E529F05.d.3E9925F29468F8146425BA2509C9BBDC.e.9338"}}]}]}
COMMAND: DELETE /session/59389012155df3fc64e839119ed77469/actions - {}
COMMAND: GET /session/59389012155df3fc64e839119ed77469/screenshot - {}
RESULT: {}
RESULT: {}
COMMAND: GET /session/59389012155df3fc64e839119ed77469/screenshot - {}
RESULT: {}
RESULT: {}
COMMAND: POST /session/59389012155df3fc64e839119ed77469/element/f.8420AFDB22D113F0275E61267E529F05.d.3E9925F29468F8146425BA2509C9BBDC.e.9338/click - {}
RESULT: {}
COMMAND: GET /session/59389012155df3fc64e839119ed77469/screenshot - {}
RESULT: {}
COMMAND: POST /session/59389012155df3fc64e839119ed77469/execute/async - {"script":"<script> [1562 bytes]","args":[{"selector":{"controlType":"sap.m.SearchField","properties":{"placeholder":"Search"},"searchOpenDialogs":true,"interaction":{"idSuffix":"I"}},"wdio_ui5_key":"sapm.SearchField{\"placeholder\":\"Search\"}"}]}
RESULT: {"script":"<script> [1562 bytes]","args":[{"selector":{"controlType":"sap.m.SearchField","properties":{"placeholder":"Search"},"searchOpenDialogs":true,"interaction":{"idSuffix":"I"}},"wdio_ui5_key":"sapm.SearchField{\"placeholder\":\"Search\"}"}]}
RESULT: undefined
COMMAND: POST /session/59389012155df3fc64e839119ed77469/execute/async - {"script":"<script> [776 bytes]","args":[{"enterText":"4000360","selector":{"controlType":"sap.m.SearchField","properties":{"placeholder":"Search"},"searchOpenDialogs":true,"interaction":{"idSuffix":"I"}},"clearTextFirst":true,"interactionType":"ENTER_TEXT"}]}
RESULT: {"script":"<script> [776 bytes]","args":[{"enterText":"4000360","selector":{"controlType":"sap.m.SearchField","properties":{"placeholder":"Search"},"searchOpenDialogs":true,"interaction":{"idSuffix":"I"}},"clearTextFirst":true,"interactionType":"ENTER_TEXT"}]}
COMMAND: POST /session/59389012155df3fc64e839119ed77469/actions - {"actions":[{"id":"action30","type":"key","parameters":{},"actions":[{"type":"keyDown","value":"î€‡"},{"type":"pause","duration":10},{"type":"keyUp","value":"î€‡"}]}]}
RESULT: {"actions":[{"id":"action30","type":"key","parameters":{},"actions":[{"type":"keyDown","value":"î€‡"},{"type":"pause","duration":10},{"type":"keyUp","value":"î€‡"}]}]}
COMMAND: GET /session/59389012155df3fc64e839119ed77469/screenshot - {}
RESULT: {}
COMMAND: POST /session/59389012155df3fc64e839119ed77469/element - {"using":"xpath","value":"//td/div/span[contains(text(), \"BGL Vehicles\")]"}
RESULT: {"using":"xpath","value":"//td/div/span[contains(text(), \"BGL Vehicles\")]"}
COMMAND: POST /session/59389012155df3fc64e839119ed77469/element/f.8420AFDB22D113F0275E61267E529F05.d.3E9925F29468F8146425BA2509C9BBDC.e.9360/click - {}
RESULT: {}
COMMAND: GET /session/59389012155df3fc64e839119ed77469/screenshot - {}
RESULT: {}
COMMAND: POST /session/59389012155df3fc64e839119ed77469/element - {"using":"xpath","value":"//bdi[contains(text(), \"OK\")]"}
RESULT: {"using":"xpath","value":"//bdi[contains(text(), \"OK\")]"}
COMMAND: POST /session/59389012155df3fc64e839119ed77469/element/f.8420AFDB22D113F0275E61267E529F05.d.3E9925F29468F8146425BA2509C9BBDC.e.9361/click - {}
RESULT: {}
COMMAND: GET /session/59389012155df3fc64e839119ed77469/screenshot - {}
RESULT: {}
COMMAND: POST /session/59389012155df3fc64e839119ed77469/execute/async - {"script":"<script> [1562 bytes]","args":[{"selector":{"id":"application-manageresources-display-component---newResourceUnit--newRRUPage-anchBar-application-manageresources-display-component---newResourceUnit--resource-anchor","interaction":{"idSuffix":"BDI-content"}},"wdio_ui5_key":"applicationmanageresources-display-component---newResourceUnit--newRRUPage-anchBar-application-manageresources-display-component---newResourceUnit--resource-anchor"}]}
RESULT: {"script":"<script> [1562 bytes]","args":[{"selector":{"id":"application-manageresources-display-component---newResourceUnit--newRRUPage-anchBar-application-manageresources-display-component---newResourceUnit--resource-anchor","interaction":{"idSuffix":"BDI-content"}},"wdio_ui5_key":"applicationmanageresources-display-component---newResourceUnit--newRRUPage-anchBar-application-manageresources-display-component---newResourceUnit--resource-anchor"}]}
RESULT: undefined
COMMAND: POST /session/59389012155df3fc64e839119ed77469/element - {"using":"xpath","value":"//*[@id=\"application-manageresources-display-component---newResourceUnit--newRRUPage-anchBar-application-manageresources-display-component---newResourceUnit--resource-anchor\"]"}
RESULT: {"using":"xpath","value":"//*[@id=\"application-manageresources-display-component---newResourceUnit--newRRUPage-anchBar-application-manageresources-display-component---newResourceUnit--resource-anchor\"]"}
COMMAND: POST /session/59389012155df3fc64e839119ed77469/element/f.8420AFDB22D113F0275E61267E529F05.d.3E9925F29468F8146425BA2509C9BBDC.e.9365/click - {}
RESULT: {}
COMMAND: POST /session/59389012155df3fc64e839119ed77469/execute/async - {"script":"<script> [1562 bytes]","args":[{"selector":{"id":"application-manageresources-display-component---newResourceUnit--PLANNED_DELIVERY_DATE","interaction":{"idSuffix":"inner"}},"wdio_ui5_key":"applicationmanageresources-display-component---newResourceUnit--PLANNED_DELIVERY_DATE"}]}
COMMAND: GET /session/59389012155df3fc64e839119ed77469/screenshot - {}
RESULT: {"script":"<script> [1562 bytes]","args":[{"selector":{"id":"application-manageresources-display-component---newResourceUnit--PLANNED_DELIVERY_DATE","interaction":{"idSuffix":"inner"}},"wdio_ui5_key":"applicationmanageresources-display-component---newResourceUnit--PLANNED_DELIVERY_DATE"}]}
RESULT: undefined
COMMAND: POST /session/59389012155df3fc64e839119ed77469/execute/async - {"script":"<script> [6424 bytes]","args":[{"element-6066-11e4-a52e-4f735466cecf":"f.8420AFDB22D113F0275E61267E529F05.d.3E9925F29468F8146425BA2509C9BBDC.e.9226"},"setValue",["5/1/25"]]}
RESULT: {}
RESULT: {"script":"<script> [6424 bytes]","args":[{"element-6066-11e4-a52e-4f735466cecf":"f.8420AFDB22D113F0275E61267E529F05.d.3E9925F29468F8146425BA2509C9BBDC.e.9226"},"setValue",["5/1/25"]]}
COMMAND: POST /session/59389012155df3fc64e839119ed77469/element - {"using":"xpath","value":"//button[@data-kt=\"resourceUnitSaveButton\"]"}
RESULT: {"using":"xpath","value":"//button[@data-kt=\"resourceUnitSaveButton\"]"}
COMMAND: POST /session/59389012155df3fc64e839119ed77469/element/f.8420AFDB22D113F0275E61267E529F05.d.3E9925F29468F8146425BA2509C9BBDC.e.9186/click - {}
RESULT: {}
COMMAND: GET /session/59389012155df3fc64e839119ed77469/screenshot - {}
RESULT: {}
COMMAND: POST /session/59389012155df3fc64e839119ed77469/element - {"using":"xpath","value":"//bdi[contains(text(), \"Close\")]"}
RESULT: {"using":"xpath","value":"//bdi[contains(text(), \"Close\")]"}
COMMAND: POST /session/59389012155df3fc64e839119ed77469/element/f.8420AFDB22D113F0275E61267E529F05.d.3E9925F29468F8146425BA2509C9BBDC.e.9375/click - {}
RESULT: {}
COMMAND: GET /session/59389012155df3fc64e839119ed77469/screenshot - {}
RESULT: {}
COMMAND: POST /session/59389012155df3fc64e839119ed77469/element - {"using":"xpath","value":"//bdi[contains(text(), \"Edit\")]"}
RESULT: {"using":"xpath","value":"//bdi[contains(text(), \"Edit\")]"}
COMMAND: POST /session/59389012155df3fc64e839119ed77469/execute/sync - {"script":"<script> [8489 bytes]","args":[{"element-6066-11e4-a52e-4f735466cecf":"f.8420AFDB22D113F0275E61267E529F05.d.3E9925F29468F8146425BA2509C9BBDC.e.9406","ELEMENT":"f.8420AFDB22D113F0275E61267E529F05.d.3E9925F29468F8146425BA2509C9BBDC.e.9406"}]}
RESULT: {"script":"<script> [8489 bytes]","args":[{"element-6066-11e4-a52e-4f735466cecf":"f.8420AFDB22D113F0275E61267E529F05.d.3E9925F29468F8146425BA2509C9BBDC.e.9406","ELEMENT":"f.8420AFDB22D113F0275E61267E529F05.d.3E9925F29468F8146425BA2509C9BBDC.e.9406"}]}
COMMAND: POST /session/59389012155df3fc64e839119ed77469/element/f.8420AFDB22D113F0275E61267E529F05.d.3E9925F29468F8146425BA2509C9BBDC.e.9406/click - {}
COMMAND: GET /session/59389012155df3fc64e839119ed77469/screenshot - {}
RESULT: {}
COMMAND: GET /session/59389012155df3fc64e839119ed77469/screenshot - {}
COMMAND: POST /session/59389012155df3fc64e839119ed77469/execute/async - {"script":"<script> [1562 bytes]","args":[{"selector":{"id":"application-manageresources-display-component---editResource--editRruPage-anchBar-application-manageresources-display-component---editResource--counters-anchor","interaction":{"idSuffix":"BDI-content"}},"wdio_ui5_key":"applicationmanageresources-display-component---editResource--editRruPage-anchBar-application-manageresources-display-component---editResource--counters-anchor"}]}
RESULT: {}
RESULT: {}
RESULT: {"script":"<script> [1562 bytes]","args":[{"selector":{"id":"application-manageresources-display-component---editResource--editRruPage-anchBar-application-manageresources-display-component---editResource--counters-anchor","interaction":{"idSuffix":"BDI-content"}},"wdio_ui5_key":"applicationmanageresources-display-component---editResource--editRruPage-anchBar-application-manageresources-display-component---editResource--counters-anchor"}]}
RESULT: undefined
COMMAND: POST /session/59389012155df3fc64e839119ed77469/element - {"using":"xpath","value":"//*[@id=\"application-manageresources-display-component---editResource--editRruPage-anchBar-application-manageresources-display-component---editResource--counters-anchor\"]"}
RESULT: {"using":"xpath","value":"//*[@id=\"application-manageresources-display-component---editResource--editRruPage-anchBar-application-manageresources-display-component---editResource--counters-anchor\"]"}
COMMAND: POST /session/59389012155df3fc64e839119ed77469/element/f.8420AFDB22D113F0275E61267E529F05.d.3E9925F29468F8146425BA2509C9BBDC.e.9511/click - {}
RESULT: {}
COMMAND: GET /session/59389012155df3fc64e839119ed77469/screenshot - {}
RESULT: {}
COMMAND: POST /session/59389012155df3fc64e839119ed77469/execute/async - {"script":"<script> [1562 bytes]","args":[{"selector":{"id":"application-manageresources-display-component---editResource--btnAddCounter-img"},"wdio_ui5_key":"applicationmanageresources-display-component---editResource--btnAddCounter-img"}]}
RESULT: {"script":"<script> [1562 bytes]","args":[{"selector":{"id":"application-manageresources-display-component---editResource--btnAddCounter-img"},"wdio_ui5_key":"applicationmanageresources-display-component---editResource--btnAddCounter-img"}]}
RESULT: undefined
COMMAND: POST /session/59389012155df3fc64e839119ed77469/element - {"using":"xpath","value":"//*[@id=\"application-manageresources-display-component---editResource--btnAddCounter-img\"]"}
RESULT: {"using":"xpath","value":"//*[@id=\"application-manageresources-display-component---editResource--btnAddCounter-img\"]"}
COMMAND: POST /session/59389012155df3fc64e839119ed77469/element/f.8420AFDB22D113F0275E61267E529F05.d.3E9925F29468F8146425BA2509C9BBDC.e.9545/click - {}
RESULT: {}
COMMAND: POST /session/59389012155df3fc64e839119ed77469/execute/async - {"script":"<script> [1562 bytes]","args":[{"selector":{"id":"application-manageresources-display-component---editResource--COUNTER_ID-application-manageresources-display-component---editResource--RUCounters-0-arrow"},"wdio_ui5_key":"applicationmanageresources-display-component---editResource--COUNTER_ID-application-manageresources-display-component---editResource--RUCounters-0-arrow"}]}
COMMAND: GET /session/59389012155df3fc64e839119ed77469/screenshot - {}
RESULT: {"script":"<script> [1562 bytes]","args":[{"selector":{"id":"application-manageresources-display-component---editResource--COUNTER_ID-application-manageresources-display-component---editResource--RUCounters-0-arrow"},"wdio_ui5_key":"applicationmanageresources-display-component---editResource--COUNTER_ID-application-manageresources-display-component---editResource--RUCounters-0-arrow"}]}
RESULT: undefined
COMMAND: POST /session/59389012155df3fc64e839119ed77469/element - {"using":"xpath","value":"//*[@id=\"application-manageresources-display-component---editResource--COUNTER_ID-application-manageresources-display-component---editResource--RUCounters-0-arrow\"]"}
RESULT: {}
RESULT: {"using":"xpath","value":"//*[@id=\"application-manageresources-display-component---editResource--COUNTER_ID-application-manageresources-display-component---editResource--RUCounters-0-arrow\"]"}
COMMAND: POST /session/59389012155df3fc64e839119ed77469/element/f.8420AFDB22D113F0275E61267E529F05.d.3E9925F29468F8146425BA2509C9BBDC.e.9550/click - {}
RESULT: {}
COMMAND: POST /session/59389012155df3fc64e839119ed77469/execute/async - {"script":"<script> [1562 bytes]","args":[{"selector":{"controlType":"sap.m.StandardListItem","viewName":"etm.portal.ui.manageresources.view.EditResource","viewId":"application-manageresources-display-component---editResource","properties":{"title":"fuel"},"searchOpenDialogs":true,"interaction":{"idSuffix":"content"}},"wdio_ui5_key":"etmportal.ui.manageresources.view.EditResourcesap.m.StandardListItem{\"title\":\"fuel\"}"}]}
COMMAND: GET /session/59389012155df3fc64e839119ed77469/screenshot - {}
RESULT: {"script":"<script> [1562 bytes]","args":[{"selector":{"controlType":"sap.m.StandardListItem","viewName":"etm.portal.ui.manageresources.view.EditResource","viewId":"application-manageresources-display-component---editResource","properties":{"title":"fuel"},"searchOpenDialogs":true,"interaction":{"idSuffix":"content"}},"wdio_ui5_key":"etmportal.ui.manageresources.view.EditResourcesap.m.StandardListItem{\"title\":\"fuel\"}"}]}
RESULT: undefined
COMMAND: POST /session/59389012155df3fc64e839119ed77469/element - {"using":"xpath","value":"//*[@id=\"__item943\"]"}
RESULT: {}
RESULT: {"using":"xpath","value":"//*[@id=\"__item943\"]"}
COMMAND: POST /session/59389012155df3fc64e839119ed77469/element/f.8420AFDB22D113F0275E61267E529F05.d.3E9925F29468F8146425BA2509C9BBDC.e.9552/click - {}
RESULT: {}
COMMAND: GET /session/59389012155df3fc64e839119ed77469/screenshot - {}
RESULT: {}
COMMAND: POST /session/59389012155df3fc64e839119ed77469/element - {"using":"xpath","value":"//button[@data-kt=\"saveButton\"]"}
RESULT: {"using":"xpath","value":"//button[@data-kt=\"saveButton\"]"}
COMMAND: POST /session/59389012155df3fc64e839119ed77469/element/f.8420AFDB22D113F0275E61267E529F05.d.3E9925F29468F8146425BA2509C9BBDC.e.9486/click - {}
RESULT: {}
COMMAND: GET /session/59389012155df3fc64e839119ed77469/screenshot - {}
RESULT: {}
COMMAND: POST /session/59389012155df3fc64e839119ed77469/element - {"using":"xpath","value":"(//button[contains(@id ,\"actionsToolbar-overflowButton\")])[1]"}
RESULT: {"using":"xpath","value":"(//button[contains(@id ,\"actionsToolbar-overflowButton\")])[1]"}
COMMAND: POST /session/59389012155df3fc64e839119ed77469/element/f.8420AFDB22D113F0275E61267E529F05.d.3E9925F29468F8146425BA2509C9BBDC.e.9564/click - {}
RESULT: {}
COMMAND: GET /session/59389012155df3fc64e839119ed77469/screenshot - {}
RESULT: {}
COMMAND: POST /session/59389012155df3fc64e839119ed77469/element - {"using":"xpath","value":"//button[@data-kt=\"priceInfoButton\"]"}
RESULT: {"using":"xpath","value":"//button[@data-kt=\"priceInfoButton\"]"}
COMMAND: POST /session/59389012155df3fc64e839119ed77469/element/f.8420AFDB22D113F0275E61267E529F05.d.3E9925F29468F8146425BA2509C9BBDC.e.9566/click - {}
RESULT: {}
COMMAND: GET /session/59389012155df3fc64e839119ed77469/screenshot - {}
]]></system-out>
    </testcase>
    <testcase classname="chrome.135_0_7049_96.windows.Create_master_data_for_mixed_billing_&amp;_do_billing_calculation_US151661" name="Should create a TB pricing procedure" time="52.044">
      <system-out><![CDATA[
COMMAND: POST /session/59389012155df3fc64e839119ed77469/element - {"using":"xpath","value":"//button[@data-kt=\"addButton\"]"}
RESULT: {}
RESULT: {"using":"xpath","value":"//button[@data-kt=\"addButton\"]"}
COMMAND: POST /session/59389012155df3fc64e839119ed77469/elements - {"using":"xpath","value":"//button[@data-kt=\"addButton\"]"}
RESULT: {"using":"xpath","value":"//button[@data-kt=\"addButton\"]"}
COMMAND: POST /session/59389012155df3fc64e839119ed77469/elements - {"using":"xpath","value":"//button[@data-kt=\"addButton\"]"}
RESULT: {"using":"xpath","value":"//button[@data-kt=\"addButton\"]"}
COMMAND: POST /session/59389012155df3fc64e839119ed77469/element - {"using":"xpath","value":"//button[@data-kt=\"addButton\"]"}
RESULT: {"using":"xpath","value":"//button[@data-kt=\"addButton\"]"}
COMMAND: POST /session/59389012155df3fc64e839119ed77469/execute/sync - {"script":"<script> [8489 bytes]","args":[{"element-6066-11e4-a52e-4f735466cecf":"f.8420AFDB22D113F0275E61267E529F05.d.3E9925F29468F8146425BA2509C9BBDC.e.9602","ELEMENT":"f.8420AFDB22D113F0275E61267E529F05.d.3E9925F29468F8146425BA2509C9BBDC.e.9602"}]}
RESULT: {"script":"<script> [8489 bytes]","args":[{"element-6066-11e4-a52e-4f735466cecf":"f.8420AFDB22D113F0275E61267E529F05.d.3E9925F29468F8146425BA2509C9BBDC.e.9602","ELEMENT":"f.8420AFDB22D113F0275E61267E529F05.d.3E9925F29468F8146425BA2509C9BBDC.e.9602"}]}
COMMAND: GET /session/59389012155df3fc64e839119ed77469/element/f.8420AFDB22D113F0275E61267E529F05.d.3E9925F29468F8146425BA2509C9BBDC.e.9602/enabled - {}
COMMAND: GET /session/59389012155df3fc64e839119ed77469/screenshot - {}
RESULT: {}
COMMAND: POST /session/59389012155df3fc64e839119ed77469/execute/sync - {"script":"<script> [8489 bytes]","args":[{"element-6066-11e4-a52e-4f735466cecf":"f.8420AFDB22D113F0275E61267E529F05.d.3E9925F29468F8146425BA2509C9BBDC.e.9602","ELEMENT":"f.8420AFDB22D113F0275E61267E529F05.d.3E9925F29468F8146425BA2509C9BBDC.e.9602"}]}
COMMAND: GET /session/59389012155df3fc64e839119ed77469/screenshot - {}
RESULT: {}
RESULT: {"script":"<script> [8489 bytes]","args":[{"element-6066-11e4-a52e-4f735466cecf":"f.8420AFDB22D113F0275E61267E529F05.d.3E9925F29468F8146425BA2509C9BBDC.e.9602","ELEMENT":"f.8420AFDB22D113F0275E61267E529F05.d.3E9925F29468F8146425BA2509C9BBDC.e.9602"}]}
COMMAND: POST /session/59389012155df3fc64e839119ed77469/execute/sync - {"script":"<script> [5351 bytes]","args":[{"element-6066-11e4-a52e-4f735466cecf":"f.8420AFDB22D113F0275E61267E529F05.d.3E9925F29468F8146425BA2509C9BBDC.e.9602","ELEMENT":"f.8420AFDB22D113F0275E61267E529F05.d.3E9925F29468F8146425BA2509C9BBDC.e.9602"}]}
COMMAND: GET /session/59389012155df3fc64e839119ed77469/screenshot - {}
RESULT: {}
RESULT: {"script":"<script> [5351 bytes]","args":[{"element-6066-11e4-a52e-4f735466cecf":"f.8420AFDB22D113F0275E61267E529F05.d.3E9925F29468F8146425BA2509C9BBDC.e.9602","ELEMENT":"f.8420AFDB22D113F0275E61267E529F05.d.3E9925F29468F8146425BA2509C9BBDC.e.9602"}]}
COMMAND: POST /session/59389012155df3fc64e839119ed77469/element/f.8420AFDB22D113F0275E61267E529F05.d.3E9925F29468F8146425BA2509C9BBDC.e.9602/click - {}
COMMAND: GET /session/59389012155df3fc64e839119ed77469/screenshot - {}
RESULT: {}
RESULT: {}
COMMAND: GET /session/59389012155df3fc64e839119ed77469/screenshot - {}
RESULT: {}
RESULT: {}
COMMAND: POST /session/59389012155df3fc64e839119ed77469/execute/async - {"script":"<script> [1562 bytes]","args":[{"selector":{"controlType":"sap.m.Title","viewName":"etm.portal.ui.managepricingrules.view.NewItem","viewId":"application-managepricingrules-display-component---newInfoPriceItem","properties":{"text":"New Pricing Rules - Item Level"}},"wdio_ui5_key":"etmportal.ui.managepricingrules.view.NewItemsap.m.Title{\"text\":\"New Pricing Rules - Item Level\"}"}]}
RESULT: {"script":"<script> [1562 bytes]","args":[{"selector":{"controlType":"sap.m.Title","viewName":"etm.portal.ui.managepricingrules.view.NewItem","viewId":"application-managepricingrules-display-component---newInfoPriceItem","properties":{"text":"New Pricing Rules - Item Level"}},"wdio_ui5_key":"etmportal.ui.managepricingrules.view.NewItemsap.m.Title{\"text\":\"New Pricing Rules - Item Level\"}"}]}
RESULT: undefined
COMMAND: POST /session/59389012155df3fc64e839119ed77469/execute/async - {"script":"<script> [6424 bytes]","args":[{"element-6066-11e4-a52e-4f735466cecf":"f.8420AFDB22D113F0275E61267E529F05.d.3E9925F29468F8146425BA2509C9BBDC.e.9772"},"getText",[]]}
RESULT: {"script":"<script> [6424 bytes]","args":[{"element-6066-11e4-a52e-4f735466cecf":"f.8420AFDB22D113F0275E61267E529F05.d.3E9925F29468F8146425BA2509C9BBDC.e.9772"},"getText",[]]}
COMMAND: POST /session/59389012155df3fc64e839119ed77469/execute/async - {"script":"<script> [1562 bytes]","args":[{"selector":{"id":"application-managepricingrules-display-component---newInfoPriceItem--condValidTo","interaction":{"idSuffix":"inner"}},"wdio_ui5_key":"applicationmanagepricingrules-display-component---newInfoPriceItem--condValidTo"}]}
RESULT: {"script":"<script> [1562 bytes]","args":[{"selector":{"id":"application-managepricingrules-display-component---newInfoPriceItem--condValidTo","interaction":{"idSuffix":"inner"}},"wdio_ui5_key":"applicationmanagepricingrules-display-component---newInfoPriceItem--condValidTo"}]}
RESULT: undefined
COMMAND: POST /session/59389012155df3fc64e839119ed77469/execute/async - {"script":"<script> [776 bytes]","args":[{"enterText":"01/01/26","selector":{"id":"application-managepricingrules-display-component---newInfoPriceItem--condValidTo","interaction":{"idSuffix":"inner"}},"clearTextFirst":true,"interactionType":"ENTER_TEXT"}]}
RESULT: {"script":"<script> [776 bytes]","args":[{"enterText":"01/01/26","selector":{"id":"application-managepricingrules-display-component---newInfoPriceItem--condValidTo","interaction":{"idSuffix":"inner"}},"clearTextFirst":true,"interactionType":"ENTER_TEXT"}]}
COMMAND: POST /session/59389012155df3fc64e839119ed77469/execute/async - {"script":"<script> [1562 bytes]","args":[{"selector":{"id":"application-managepricingrules-display-component---newInfoPriceItem--billType-arrow"},"wdio_ui5_key":"applicationmanagepricingrules-display-component---newInfoPriceItem--billType-arrow"}]}
RESULT: {"script":"<script> [1562 bytes]","args":[{"selector":{"id":"application-managepricingrules-display-component---newInfoPriceItem--billType-arrow"},"wdio_ui5_key":"applicationmanagepricingrules-display-component---newInfoPriceItem--billType-arrow"}]}
RESULT: undefined
COMMAND: POST /session/59389012155df3fc64e839119ed77469/element - {"using":"xpath","value":"//*[@id=\"application-managepricingrules-display-component---newInfoPriceItem--billType-arrow\"]"}
RESULT: {"using":"xpath","value":"//*[@id=\"application-managepricingrules-display-component---newInfoPriceItem--billType-arrow\"]"}
COMMAND: POST /session/59389012155df3fc64e839119ed77469/element/f.8420AFDB22D113F0275E61267E529F05.d.3E9925F29468F8146425BA2509C9BBDC.e.9732/click - {}
RESULT: {}
COMMAND: POST /session/59389012155df3fc64e839119ed77469/element - {"using":"xpath","value":"//span[contains(text(), \"TB - Time based\")]"}
COMMAND: GET /session/59389012155df3fc64e839119ed77469/screenshot - {}
RESULT: {"using":"xpath","value":"//span[contains(text(), \"TB - Time based\")]"}
COMMAND: POST /session/59389012155df3fc64e839119ed77469/element/f.8420AFDB22D113F0275E61267E529F05.d.3E9925F29468F8146425BA2509C9BBDC.e.9774/click - {}
RESULT: {}
RESULT: {}
COMMAND: POST /session/59389012155df3fc64e839119ed77469/execute/async - {"script":"<script> [1562 bytes]","args":[{"selector":{"id":"application-managepricingrules-display-component---newInfoPriceItem--priceProc-arrow"},"wdio_ui5_key":"applicationmanagepricingrules-display-component---newInfoPriceItem--priceProc-arrow"}]}
COMMAND: GET /session/59389012155df3fc64e839119ed77469/screenshot - {}
RESULT: {"script":"<script> [1562 bytes]","args":[{"selector":{"id":"application-managepricingrules-display-component---newInfoPriceItem--priceProc-arrow"},"wdio_ui5_key":"applicationmanagepricingrules-display-component---newInfoPriceItem--priceProc-arrow"}]}
RESULT: undefined
COMMAND: POST /session/59389012155df3fc64e839119ed77469/element - {"using":"xpath","value":"//*[@id=\"application-managepricingrules-display-component---newInfoPriceItem--priceProc-arrow\"]"}
RESULT: {}
RESULT: {"using":"xpath","value":"//*[@id=\"application-managepricingrules-display-component---newInfoPriceItem--priceProc-arrow\"]"}
COMMAND: POST /session/59389012155df3fc64e839119ed77469/element/f.8420AFDB22D113F0275E61267E529F05.d.3E9925F29468F8146425BA2509C9BBDC.e.9739/click - {}
RESULT: {}
COMMAND: POST /session/59389012155df3fc64e839119ed77469/element - {"using":"xpath","value":"//span[contains(text(), \"TB - Time based BGL\")]"}
COMMAND: GET /session/59389012155df3fc64e839119ed77469/screenshot - {}
RESULT: {"using":"xpath","value":"//span[contains(text(), \"TB - Time based BGL\")]"}
COMMAND: POST /session/59389012155df3fc64e839119ed77469/element/f.8420AFDB22D113F0275E61267E529F05.d.3E9925F29468F8146425BA2509C9BBDC.e.9775/click - {}
RESULT: {}
RESULT: {}
COMMAND: POST /session/59389012155df3fc64e839119ed77469/execute/async - {"script":"<script> [1562 bytes]","args":[{"selector":{"id":"application-managepricingrules-display-component---newInfoPriceItem--calcBase-arrow"},"wdio_ui5_key":"applicationmanagepricingrules-display-component---newInfoPriceItem--calcBase-arrow"}]}
COMMAND: GET /session/59389012155df3fc64e839119ed77469/screenshot - {}
RESULT: {"script":"<script> [1562 bytes]","args":[{"selector":{"id":"application-managepricingrules-display-component---newInfoPriceItem--calcBase-arrow"},"wdio_ui5_key":"applicationmanagepricingrules-display-component---newInfoPriceItem--calcBase-arrow"}]}
RESULT: undefined
COMMAND: POST /session/59389012155df3fc64e839119ed77469/element - {"using":"xpath","value":"//*[@id=\"application-managepricingrules-display-component---newInfoPriceItem--calcBase-arrow\"]"}
RESULT: {}
RESULT: {"using":"xpath","value":"//*[@id=\"application-managepricingrules-display-component---newInfoPriceItem--calcBase-arrow\"]"}
COMMAND: POST /session/59389012155df3fc64e839119ed77469/element/f.8420AFDB22D113F0275E61267E529F05.d.3E9925F29468F8146425BA2509C9BBDC.e.9746/click - {}
RESULT: {}
COMMAND: GET /session/59389012155df3fc64e839119ed77469/screenshot - {}
RESULT: {}
COMMAND: POST /session/59389012155df3fc64e839119ed77469/element - {"using":"xpath","value":"//span[contains(text(), \"0006 - TB(calendar days)\")]"}
RESULT: {"using":"xpath","value":"//span[contains(text(), \"0006 - TB(calendar days)\")]"}
COMMAND: POST /session/59389012155df3fc64e839119ed77469/element/f.8420AFDB22D113F0275E61267E529F05.d.3E9925F29468F8146425BA2509C9BBDC.e.9776/click - {}
RESULT: {}
COMMAND: GET /session/59389012155df3fc64e839119ed77469/screenshot - {}
RESULT: {}
COMMAND: POST /session/59389012155df3fc64e839119ed77469/execute/async - {"script":"<script> [1562 bytes]","args":[{"selector":{"id":"application-managepricingrules-display-component---newInfoPriceItem--hoursMonth","interaction":{"idSuffix":"inner"}},"wdio_ui5_key":"applicationmanagepricingrules-display-component---newInfoPriceItem--hoursMonth"}]}
RESULT: {"script":"<script> [1562 bytes]","args":[{"selector":{"id":"application-managepricingrules-display-component---newInfoPriceItem--hoursMonth","interaction":{"idSuffix":"inner"}},"wdio_ui5_key":"applicationmanagepricingrules-display-component---newInfoPriceItem--hoursMonth"}]}
RESULT: undefined
COMMAND: POST /session/59389012155df3fc64e839119ed77469/execute/async - {"script":"<script> [776 bytes]","args":[{"enterText":"160","selector":{"id":"application-managepricingrules-display-component---newInfoPriceItem--hoursMonth","interaction":{"idSuffix":"inner"}},"clearTextFirst":true,"interactionType":"ENTER_TEXT"}]}
RESULT: {"script":"<script> [776 bytes]","args":[{"enterText":"160","selector":{"id":"application-managepricingrules-display-component---newInfoPriceItem--hoursMonth","interaction":{"idSuffix":"inner"}},"clearTextFirst":true,"interactionType":"ENTER_TEXT"}]}
COMMAND: POST /session/59389012155df3fc64e839119ed77469/execute/async - {"script":"<script> [1562 bytes]","args":[{"selector":{"id":"application-managepricingrules-display-component---newInfoPriceItem--daysMonth","interaction":{"idSuffix":"inner"}},"wdio_ui5_key":"applicationmanagepricingrules-display-component---newInfoPriceItem--daysMonth"}]}
RESULT: {"script":"<script> [1562 bytes]","args":[{"selector":{"id":"application-managepricingrules-display-component---newInfoPriceItem--daysMonth","interaction":{"idSuffix":"inner"}},"wdio_ui5_key":"applicationmanagepricingrules-display-component---newInfoPriceItem--daysMonth"}]}
RESULT: undefined
COMMAND: POST /session/59389012155df3fc64e839119ed77469/execute/async - {"script":"<script> [776 bytes]","args":[{"enterText":"30","selector":{"id":"application-managepricingrules-display-component---newInfoPriceItem--daysMonth","interaction":{"idSuffix":"inner"}},"clearTextFirst":true,"interactionType":"ENTER_TEXT"}]}
RESULT: {"script":"<script> [776 bytes]","args":[{"enterText":"30","selector":{"id":"application-managepricingrules-display-component---newInfoPriceItem--daysMonth","interaction":{"idSuffix":"inner"}},"clearTextFirst":true,"interactionType":"ENTER_TEXT"}]}
COMMAND: POST /session/59389012155df3fc64e839119ed77469/element - {"using":"xpath","value":"//button[@data-kt=\"saveNewRuleButton\"]"}
RESULT: {"using":"xpath","value":"//button[@data-kt=\"saveNewRuleButton\"]"}
COMMAND: POST /session/59389012155df3fc64e839119ed77469/element/f.8420AFDB22D113F0275E61267E529F05.d.3E9925F29468F8146425BA2509C9BBDC.e.9766/click - {}
RESULT: {}
COMMAND: GET /session/59389012155df3fc64e839119ed77469/screenshot - {}
RESULT: {}
COMMAND: POST /session/59389012155df3fc64e839119ed77469/execute/async - {"script":"<script> [1562 bytes]","args":[{"selector":{"id":"application-managepricingrules-display-component---priceInfoItem--smartFilterBar-btnBasicSearch","interaction":{"idSuffix":"I"}},"wdio_ui5_key":"applicationmanagepricingrules-display-component---priceInfoItem--smartFilterBar-btnBasicSearch"}]}
RESULT: {"script":"<script> [1562 bytes]","args":[{"selector":{"id":"application-managepricingrules-display-component---priceInfoItem--smartFilterBar-btnBasicSearch","interaction":{"idSuffix":"I"}},"wdio_ui5_key":"applicationmanagepricingrules-display-component---priceInfoItem--smartFilterBar-btnBasicSearch"}]}
RESULT: undefined
COMMAND: POST /session/59389012155df3fc64e839119ed77469/execute/async - {"script":"<script> [776 bytes]","args":[{"enterText":"LoyqiVs9Uj","selector":{"id":"application-managepricingrules-display-component---priceInfoItem--smartFilterBar-btnBasicSearch","interaction":{"idSuffix":"I"}},"clearTextFirst":true,"interactionType":"ENTER_TEXT"}]}
RESULT: {"script":"<script> [776 bytes]","args":[{"enterText":"LoyqiVs9Uj","selector":{"id":"application-managepricingrules-display-component---priceInfoItem--smartFilterBar-btnBasicSearch","interaction":{"idSuffix":"I"}},"clearTextFirst":true,"interactionType":"ENTER_TEXT"}]}
COMMAND: POST /session/59389012155df3fc64e839119ed77469/actions - {"actions":[{"id":"action31","type":"key","parameters":{},"actions":[{"type":"keyDown","value":"î€‡"},{"type":"pause","duration":10},{"type":"keyUp","value":"î€‡"}]}]}
RESULT: {"actions":[{"id":"action31","type":"key","parameters":{},"actions":[{"type":"keyDown","value":"î€‡"},{"type":"pause","duration":10},{"type":"keyUp","value":"î€‡"}]}]}
COMMAND: GET /session/59389012155df3fc64e839119ed77469/screenshot - {}
RESULT: {}
COMMAND: POST /session/59389012155df3fc64e839119ed77469/element - {"using":"xpath","value":"//span[@id=\"application-managepricingrules-display-component---priceInfoItem--smartTable-header-inner\"]"}
RESULT: {"using":"xpath","value":"//span[@id=\"application-managepricingrules-display-component---priceInfoItem--smartTable-header-inner\"]"}
COMMAND: POST /session/59389012155df3fc64e839119ed77469/elements - {"using":"xpath","value":"//span[@id=\"application-managepricingrules-display-component---priceInfoItem--smartTable-header-inner\"]"}
RESULT: {"using":"xpath","value":"//span[@id=\"application-managepricingrules-display-component---priceInfoItem--smartTable-header-inner\"]"}
COMMAND: POST /session/59389012155df3fc64e839119ed77469/execute/sync - {"script":"<script> [56 bytes]","args":[{"element-6066-11e4-a52e-4f735466cecf":"f.8420AFDB22D113F0275E61267E529F05.d.3E9925F29468F8146425BA2509C9BBDC.e.9802","ELEMENT":"f.8420AFDB22D113F0275E61267E529F05.d.3E9925F29468F8146425BA2509C9BBDC.e.9802"}]}
RESULT: {"script":"<script> [56 bytes]","args":[{"element-6066-11e4-a52e-4f735466cecf":"f.8420AFDB22D113F0275E61267E529F05.d.3E9925F29468F8146425BA2509C9BBDC.e.9802","ELEMENT":"f.8420AFDB22D113F0275E61267E529F05.d.3E9925F29468F8146425BA2509C9BBDC.e.9802"}]}
COMMAND: POST /session/59389012155df3fc64e839119ed77469/element - {"using":"css selector","value":"#shell-header-logo"}
COMMAND: GET /session/59389012155df3fc64e839119ed77469/screenshot - {}
RESULT: {"using":"css selector","value":"#shell-header-logo"}
COMMAND: POST /session/59389012155df3fc64e839119ed77469/element/f.8420AFDB22D113F0275E61267E529F05.d.3E9925F29468F8146425BA2509C9BBDC.e.8779/click - {}
RESULT: {}
RESULT: {}
COMMAND: GET /session/59389012155df3fc64e839119ed77469/screenshot - {}
RESULT: {}
]]></system-out>
    </testcase>
    <testcase classname="chrome.135_0_7049_96.windows.Create_master_data_for_mixed_billing_&amp;_do_billing_calculation_US151661" name="Should add one time condition" time="69.112">
      <system-out><![CDATA[
COMMAND: POST /session/59389012155df3fc64e839119ed77469/execute/async - {"script":"<script> [1562 bytes]","args":[{"selector":{"controlType":"sap.m.Text","properties":{"text":"Manage Conditions & Prices"},"interaction":{"idSuffix":"inner"}},"wdio_ui5_key":"sapm.Text{\"text\":\"Manage Conditions & Prices\"}"}]}
RESULT: {"script":"<script> [1562 bytes]","args":[{"selector":{"controlType":"sap.m.Text","properties":{"text":"Manage Conditions & Prices"},"interaction":{"idSuffix":"inner"}},"wdio_ui5_key":"sapm.Text{\"text\":\"Manage Conditions & Prices\"}"}]}
RESULT: undefined
COMMAND: POST /session/59389012155df3fc64e839119ed77469/element - {"using":"xpath","value":"//*[@id=\"__tile93-title\"]"}
RESULT: {"using":"xpath","value":"//*[@id=\"__tile93-title\"]"}
COMMAND: POST /session/59389012155df3fc64e839119ed77469/element/f.8420AFDB22D113F0275E61267E529F05.d.3E9925F29468F8146425BA2509C9BBDC.e.9805/click - {}
RESULT: {}
COMMAND: POST /session/59389012155df3fc64e839119ed77469/element - {"using":"xpath","value":"//button[@aria-label=\"Create\"]"}
COMMAND: GET /session/59389012155df3fc64e839119ed77469/screenshot - {}
RESULT: {"using":"xpath","value":"//button[@aria-label=\"Create\"]"}
COMMAND: POST /session/59389012155df3fc64e839119ed77469/elements - {"using":"xpath","value":"//button[@aria-label=\"Create\"]"}
RESULT: {}
RESULT: {"using":"xpath","value":"//button[@aria-label=\"Create\"]"}
COMMAND: POST /session/59389012155df3fc64e839119ed77469/element - {"using":"xpath","value":"//button[@aria-label=\"Create\"]"}
RESULT: {"using":"xpath","value":"//button[@aria-label=\"Create\"]"}
COMMAND: POST /session/59389012155df3fc64e839119ed77469/execute/sync - {"script":"<script> [8489 bytes]","args":[{"element-6066-11e4-a52e-4f735466cecf":"f.8420AFDB22D113F0275E61267E529F05.d.3E9925F29468F8146425BA2509C9BBDC.e.9840","ELEMENT":"f.8420AFDB22D113F0275E61267E529F05.d.3E9925F29468F8146425BA2509C9BBDC.e.9840"}]}
RESULT: {"script":"<script> [8489 bytes]","args":[{"element-6066-11e4-a52e-4f735466cecf":"f.8420AFDB22D113F0275E61267E529F05.d.3E9925F29468F8146425BA2509C9BBDC.e.9840","ELEMENT":"f.8420AFDB22D113F0275E61267E529F05.d.3E9925F29468F8146425BA2509C9BBDC.e.9840"}]}
COMMAND: GET /session/59389012155df3fc64e839119ed77469/element/f.8420AFDB22D113F0275E61267E529F05.d.3E9925F29468F8146425BA2509C9BBDC.e.9840/enabled - {}
COMMAND: GET /session/59389012155df3fc64e839119ed77469/screenshot - {}
RESULT: {}
COMMAND: POST /session/59389012155df3fc64e839119ed77469/execute/sync - {"script":"<script> [8489 bytes]","args":[{"element-6066-11e4-a52e-4f735466cecf":"f.8420AFDB22D113F0275E61267E529F05.d.3E9925F29468F8146425BA2509C9BBDC.e.9840","ELEMENT":"f.8420AFDB22D113F0275E61267E529F05.d.3E9925F29468F8146425BA2509C9BBDC.e.9840"}]}
COMMAND: GET /session/59389012155df3fc64e839119ed77469/screenshot - {}
RESULT: {}
RESULT: {"script":"<script> [8489 bytes]","args":[{"element-6066-11e4-a52e-4f735466cecf":"f.8420AFDB22D113F0275E61267E529F05.d.3E9925F29468F8146425BA2509C9BBDC.e.9840","ELEMENT":"f.8420AFDB22D113F0275E61267E529F05.d.3E9925F29468F8146425BA2509C9BBDC.e.9840"}]}
COMMAND: POST /session/59389012155df3fc64e839119ed77469/execute/sync - {"script":"<script> [5351 bytes]","args":[{"element-6066-11e4-a52e-4f735466cecf":"f.8420AFDB22D113F0275E61267E529F05.d.3E9925F29468F8146425BA2509C9BBDC.e.9840","ELEMENT":"f.8420AFDB22D113F0275E61267E529F05.d.3E9925F29468F8146425BA2509C9BBDC.e.9840"}]}
COMMAND: GET /session/59389012155df3fc64e839119ed77469/screenshot - {}
RESULT: {}
RESULT: {"script":"<script> [5351 bytes]","args":[{"element-6066-11e4-a52e-4f735466cecf":"f.8420AFDB22D113F0275E61267E529F05.d.3E9925F29468F8146425BA2509C9BBDC.e.9840","ELEMENT":"f.8420AFDB22D113F0275E61267E529F05.d.3E9925F29468F8146425BA2509C9BBDC.e.9840"}]}
COMMAND: POST /session/59389012155df3fc64e839119ed77469/element/f.8420AFDB22D113F0275E61267E529F05.d.3E9925F29468F8146425BA2509C9BBDC.e.9840/click - {}
COMMAND: GET /session/59389012155df3fc64e839119ed77469/screenshot - {}
RESULT: {}
RESULT: {}
COMMAND: GET /session/59389012155df3fc64e839119ed77469/screenshot - {}
RESULT: {}
RESULT: {}
COMMAND: POST /session/59389012155df3fc64e839119ed77469/actions - {"actions":[{"id":"action32","type":"key","parameters":{},"actions":[{"type":"keyDown","value":"î€‡"},{"type":"pause","duration":10},{"type":"keyUp","value":"î€‡"}]}]}
RESULT: {"actions":[{"id":"action32","type":"key","parameters":{},"actions":[{"type":"keyDown","value":"î€‡"},{"type":"pause","duration":10},{"type":"keyUp","value":"î€‡"}]}]}
COMMAND: GET /session/59389012155df3fc64e839119ed77469/screenshot - {}
RESULT: {}
COMMAND: POST /session/59389012155df3fc64e839119ed77469/execute/async - {"script":"<script> [1562 bytes]","args":[{"selector":{"id":"application-manageconditionprice-display-component---newCondition--condBillCond-arrow"},"wdio_ui5_key":"applicationmanageconditionprice-display-component---newCondition--condBillCond-arrow"}]}
RESULT: {"script":"<script> [1562 bytes]","args":[{"selector":{"id":"application-manageconditionprice-display-component---newCondition--condBillCond-arrow"},"wdio_ui5_key":"applicationmanageconditionprice-display-component---newCondition--condBillCond-arrow"}]}
RESULT: undefined
COMMAND: POST /session/59389012155df3fc64e839119ed77469/element - {"using":"xpath","value":"//*[@id=\"application-manageconditionprice-display-component---newCondition--condBillCond-arrow\"]"}
RESULT: {"using":"xpath","value":"//*[@id=\"application-manageconditionprice-display-component---newCondition--condBillCond-arrow\"]"}
COMMAND: POST /session/59389012155df3fc64e839119ed77469/element/f.8420AFDB22D113F0275E61267E529F05.d.3E9925F29468F8146425BA2509C9BBDC.e.10017/click - {}
RESULT: {}
COMMAND: GET /session/59389012155df3fc64e839119ed77469/screenshot - {}
RESULT: {}
COMMAND: POST /session/59389012155df3fc64e839119ed77469/element - {"using":"xpath","value":"//li[.//span[contains(text(), \"SAPR - Sales price\")]]"}
RESULT: {"using":"xpath","value":"//li[.//span[contains(text(), \"SAPR - Sales price\")]]"}
COMMAND: POST /session/59389012155df3fc64e839119ed77469/element/f.8420AFDB22D113F0275E61267E529F05.d.3E9925F29468F8146425BA2509C9BBDC.e.10020/click - {}
RESULT: {}
COMMAND: GET /session/59389012155df3fc64e839119ed77469/screenshot - {}
RESULT: {}
COMMAND: POST /session/59389012155df3fc64e839119ed77469/execute/async - {"script":"<script> [1562 bytes]","args":[{"selector":{"id":"application-manageconditionprice-display-component---newCondition--condValidTo","interaction":{"idSuffix":"inner"}},"wdio_ui5_key":"applicationmanageconditionprice-display-component---newCondition--condValidTo"}]}
RESULT: {"script":"<script> [1562 bytes]","args":[{"selector":{"id":"application-manageconditionprice-display-component---newCondition--condValidTo","interaction":{"idSuffix":"inner"}},"wdio_ui5_key":"applicationmanageconditionprice-display-component---newCondition--condValidTo"}]}
RESULT: undefined
COMMAND: POST /session/59389012155df3fc64e839119ed77469/execute/async - {"script":"<script> [776 bytes]","args":[{"enterText":"01/01/26","selector":{"id":"application-manageconditionprice-display-component---newCondition--condValidTo","interaction":{"idSuffix":"inner"}},"clearTextFirst":true,"interactionType":"ENTER_TEXT"}]}
RESULT: {"script":"<script> [776 bytes]","args":[{"enterText":"01/01/26","selector":{"id":"application-manageconditionprice-display-component---newCondition--condValidTo","interaction":{"idSuffix":"inner"}},"clearTextFirst":true,"interactionType":"ENTER_TEXT"}]}
COMMAND: POST /session/59389012155df3fc64e839119ed77469/element - {"using":"xpath","value":"//input[@id=\"application-manageconditionprice-display-component---newCondition--condRU-inner\"]"}
RESULT: {"using":"xpath","value":"//input[@id=\"application-manageconditionprice-display-component---newCondition--condRU-inner\"]"}
COMMAND: POST /session/59389012155df3fc64e839119ed77469/element/f.8420AFDB22D113F0275E61267E529F05.d.3E9925F29468F8146425BA2509C9BBDC.e.9882/clear - {}
RESULT: {}
COMMAND: POST /session/59389012155df3fc64e839119ed77469/element/f.8420AFDB22D113F0275E61267E529F05.d.3E9925F29468F8146425BA2509C9BBDC.e.9882/value - {"text":"LoyqiVs9Uj"}
COMMAND: GET /session/59389012155df3fc64e839119ed77469/screenshot - {}
RESULT: {"text":"LoyqiVs9Uj"}
COMMAND: GET /session/59389012155df3fc64e839119ed77469/screenshot - {}
RESULT: {}
RESULT: {}
COMMAND: POST /session/59389012155df3fc64e839119ed77469/actions - {"actions":[{"id":"action33","type":"key","parameters":{},"actions":[{"type":"keyDown","value":"î€‡"},{"type":"pause","duration":10},{"type":"keyUp","value":"î€‡"}]}]}
RESULT: {"actions":[{"id":"action33","type":"key","parameters":{},"actions":[{"type":"keyDown","value":"î€‡"},{"type":"pause","duration":10},{"type":"keyUp","value":"î€‡"}]}]}
COMMAND: POST /session/59389012155df3fc64e839119ed77469/execute/async - {"script":"<script> [1562 bytes]","args":[{"selector":{"id":"application-manageconditionprice-display-component---newCondition--condBaseQty","interaction":{"idSuffix":"inner"}},"wdio_ui5_key":"applicationmanageconditionprice-display-component---newCondition--condBaseQty"}]}
COMMAND: GET /session/59389012155df3fc64e839119ed77469/screenshot - {}
RESULT: {"script":"<script> [1562 bytes]","args":[{"selector":{"id":"application-manageconditionprice-display-component---newCondition--condBaseQty","interaction":{"idSuffix":"inner"}},"wdio_ui5_key":"applicationmanageconditionprice-display-component---newCondition--condBaseQty"}]}
RESULT: undefined
COMMAND: POST /session/59389012155df3fc64e839119ed77469/execute/async - {"script":"<script> [776 bytes]","args":[{"enterText":"1","selector":{"id":"application-manageconditionprice-display-component---newCondition--condBaseQty","interaction":{"idSuffix":"inner"}},"clearTextFirst":true,"interactionType":"ENTER_TEXT"}]}
RESULT: {}
RESULT: {"script":"<script> [776 bytes]","args":[{"enterText":"1","selector":{"id":"application-manageconditionprice-display-component---newCondition--condBaseQty","interaction":{"idSuffix":"inner"}},"clearTextFirst":true,"interactionType":"ENTER_TEXT"}]}
COMMAND: POST /session/59389012155df3fc64e839119ed77469/execute/async - {"script":"<script> [1562 bytes]","args":[{"selector":{"id":"application-manageconditionprice-display-component---newCondition--condValue","interaction":{"idSuffix":"inner"}},"wdio_ui5_key":"applicationmanageconditionprice-display-component---newCondition--condValue"}]}
RESULT: {"script":"<script> [1562 bytes]","args":[{"selector":{"id":"application-manageconditionprice-display-component---newCondition--condValue","interaction":{"idSuffix":"inner"}},"wdio_ui5_key":"applicationmanageconditionprice-display-component---newCondition--condValue"}]}
RESULT: undefined
COMMAND: POST /session/59389012155df3fc64e839119ed77469/execute/async - {"script":"<script> [776 bytes]","args":[{"enterText":"200","selector":{"id":"application-manageconditionprice-display-component---newCondition--condValue","interaction":{"idSuffix":"inner"}},"clearTextFirst":true,"interactionType":"ENTER_TEXT"}]}
RESULT: {"script":"<script> [776 bytes]","args":[{"enterText":"200","selector":{"id":"application-manageconditionprice-display-component---newCondition--condValue","interaction":{"idSuffix":"inner"}},"clearTextFirst":true,"interactionType":"ENTER_TEXT"}]}
COMMAND: POST /session/59389012155df3fc64e839119ed77469/execute/async - {"script":"<script> [1562 bytes]","args":[{"selector":{"id":"application-manageconditionprice-display-component---newCondition--condCurr-arrow"},"wdio_ui5_key":"applicationmanageconditionprice-display-component---newCondition--condCurr-arrow"}]}
RESULT: {"script":"<script> [1562 bytes]","args":[{"selector":{"id":"application-manageconditionprice-display-component---newCondition--condCurr-arrow"},"wdio_ui5_key":"applicationmanageconditionprice-display-component---newCondition--condCurr-arrow"}]}
RESULT: undefined
COMMAND: POST /session/59389012155df3fc64e839119ed77469/element - {"using":"xpath","value":"//*[@id=\"application-manageconditionprice-display-component---newCondition--condCurr-arrow\"]"}
RESULT: {"using":"xpath","value":"//*[@id=\"application-manageconditionprice-display-component---newCondition--condCurr-arrow\"]"}
COMMAND: POST /session/59389012155df3fc64e839119ed77469/element/f.8420AFDB22D113F0275E61267E529F05.d.3E9925F29468F8146425BA2509C9BBDC.e.9998/click - {}
RESULT: {}
COMMAND: POST /session/59389012155df3fc64e839119ed77469/element - {"using":"xpath","value":"//span[contains(text(), \"Euro\")]"}
COMMAND: GET /session/59389012155df3fc64e839119ed77469/screenshot - {}
RESULT: {}
RESULT: {"using":"xpath","value":"//span[contains(text(), \"Euro\")]"}
COMMAND: POST /session/59389012155df3fc64e839119ed77469/element/f.8420AFDB22D113F0275E61267E529F05.d.3E9925F29468F8146425BA2509C9BBDC.e.10058/click - {}
RESULT: {}
COMMAND: POST /session/59389012155df3fc64e839119ed77469/element - {"using":"xpath","value":"//button[@data-kt=\"saveButton\"]"}
COMMAND: GET /session/59389012155df3fc64e839119ed77469/screenshot - {}
RESULT: {"using":"xpath","value":"//button[@data-kt=\"saveButton\"]"}
COMMAND: POST /session/59389012155df3fc64e839119ed77469/element/f.8420AFDB22D113F0275E61267E529F05.d.3E9925F29468F8146425BA2509C9BBDC.e.9999/click - {}
RESULT: {}
RESULT: {}
COMMAND: GET /session/59389012155df3fc64e839119ed77469/screenshot - {}
RESULT: {}
COMMAND: POST /session/59389012155df3fc64e839119ed77469/execute/async - {"script":"<script> [1562 bytes]","args":[{"selector":{"id":"application-manageconditionprice-display-component---conditions--smartFilterBar-btnBasicSearch","interaction":{"idSuffix":"I"}},"wdio_ui5_key":"applicationmanageconditionprice-display-component---conditions--smartFilterBar-btnBasicSearch"}]}
RESULT: {"script":"<script> [1562 bytes]","args":[{"selector":{"id":"application-manageconditionprice-display-component---conditions--smartFilterBar-btnBasicSearch","interaction":{"idSuffix":"I"}},"wdio_ui5_key":"applicationmanageconditionprice-display-component---conditions--smartFilterBar-btnBasicSearch"}]}
RESULT: undefined
COMMAND: POST /session/59389012155df3fc64e839119ed77469/execute/async - {"script":"<script> [776 bytes]","args":[{"enterText":"LoyqiVs9Uj","selector":{"id":"application-manageconditionprice-display-component---conditions--smartFilterBar-btnBasicSearch","interaction":{"idSuffix":"I"}},"clearTextFirst":true,"interactionType":"ENTER_TEXT"}]}
RESULT: {"script":"<script> [776 bytes]","args":[{"enterText":"LoyqiVs9Uj","selector":{"id":"application-manageconditionprice-display-component---conditions--smartFilterBar-btnBasicSearch","interaction":{"idSuffix":"I"}},"clearTextFirst":true,"interactionType":"ENTER_TEXT"}]}
COMMAND: POST /session/59389012155df3fc64e839119ed77469/actions - {"actions":[{"id":"action34","type":"key","parameters":{},"actions":[{"type":"keyDown","value":"î€‡"},{"type":"pause","duration":10},{"type":"keyUp","value":"î€‡"}]}]}
RESULT: {"actions":[{"id":"action34","type":"key","parameters":{},"actions":[{"type":"keyDown","value":"î€‡"},{"type":"pause","duration":10},{"type":"keyUp","value":"î€‡"}]}]}
COMMAND: GET /session/59389012155df3fc64e839119ed77469/screenshot - {}
RESULT: {}
COMMAND: POST /session/59389012155df3fc64e839119ed77469/execute/async - {"script":"<script> [1562 bytes]","args":[{"selector":{"id":"application-manageconditionprice-display-component---conditions--smartFilterBar-filterItemControl_BASIC-BILL_TYPES-vhi"},"wdio_ui5_key":"applicationmanageconditionprice-display-component---conditions--smartFilterBar-filterItemControl_BASIC-BILL_TYPES-vhi"}]}
RESULT: {"script":"<script> [1562 bytes]","args":[{"selector":{"id":"application-manageconditionprice-display-component---conditions--smartFilterBar-filterItemControl_BASIC-BILL_TYPES-vhi"},"wdio_ui5_key":"applicationmanageconditionprice-display-component---conditions--smartFilterBar-filterItemControl_BASIC-BILL_TYPES-vhi"}]}
RESULT: undefined
COMMAND: POST /session/59389012155df3fc64e839119ed77469/element - {"using":"xpath","value":"//*[@id=\"application-manageconditionprice-display-component---conditions--smartFilterBar-filterItemControl_BASIC-BILL_TYPES-vhi\"]"}
RESULT: {"using":"xpath","value":"//*[@id=\"application-manageconditionprice-display-component---conditions--smartFilterBar-filterItemControl_BASIC-BILL_TYPES-vhi\"]"}
COMMAND: POST /session/59389012155df3fc64e839119ed77469/element/f.8420AFDB22D113F0275E61267E529F05.d.3E9925F29468F8146425BA2509C9BBDC.e.10074/click - {}
RESULT: {}
COMMAND: POST /session/59389012155df3fc64e839119ed77469/execute/async - {"script":"<script> [1562 bytes]","args":[{"selector":{"id":"application-manageconditionprice-display-component---conditions--smartFilterBar-filterItemControl_BASIC-BILL_TYPES-valueHelpDialog-smartFilterBar-btnBasicSearch","searchOpenDialogs":true,"interaction":{"idSuffix":"I"}},"wdio_ui5_key":"applicationmanageconditionprice-display-component---conditions--smartFilterBar-filterItemControl_BASIC-BILL_TYPES-valueHelpDialog-smartFilterBar-btnBasicSearch"}]}
COMMAND: GET /session/59389012155df3fc64e839119ed77469/screenshot - {}
RESULT: {"script":"<script> [1562 bytes]","args":[{"selector":{"id":"application-manageconditionprice-display-component---conditions--smartFilterBar-filterItemControl_BASIC-BILL_TYPES-valueHelpDialog-smartFilterBar-btnBasicSearch","searchOpenDialogs":true,"interaction":{"idSuffix":"I"}},"wdio_ui5_key":"applicationmanageconditionprice-display-component---conditions--smartFilterBar-filterItemControl_BASIC-BILL_TYPES-valueHelpDialog-smartFilterBar-btnBasicSearch"}]}
RESULT: undefined
COMMAND: POST /session/59389012155df3fc64e839119ed77469/execute/async - {"script":"<script> [776 bytes]","args":[{"enterText":"one","selector":{"id":"application-manageconditionprice-display-component---conditions--smartFilterBar-filterItemControl_BASIC-BILL_TYPES-valueHelpDialog-smartFilterBar-btnBasicSearch","searchOpenDialogs":true,"interaction":{"idSuffix":"I"}},"clearTextFirst":true,"interactionType":"ENTER_TEXT"}]}
RESULT: {}
RESULT: {"script":"<script> [776 bytes]","args":[{"enterText":"one","selector":{"id":"application-manageconditionprice-display-component---conditions--smartFilterBar-filterItemControl_BASIC-BILL_TYPES-valueHelpDialog-smartFilterBar-btnBasicSearch","searchOpenDialogs":true,"interaction":{"idSuffix":"I"}},"clearTextFirst":true,"interactionType":"ENTER_TEXT"}]}
COMMAND: POST /session/59389012155df3fc64e839119ed77469/actions - {"actions":[{"id":"action35","type":"key","parameters":{},"actions":[{"type":"keyDown","value":"î€‡"},{"type":"pause","duration":10},{"type":"keyUp","value":"î€‡"}]}]}
RESULT: {"actions":[{"id":"action35","type":"key","parameters":{},"actions":[{"type":"keyDown","value":"î€‡"},{"type":"pause","duration":10},{"type":"keyUp","value":"î€‡"}]}]}
COMMAND: GET /session/59389012155df3fc64e839119ed77469/screenshot - {}
RESULT: {}
COMMAND: POST /session/59389012155df3fc64e839119ed77469/element - {"using":"xpath","value":"//div[contains(@id, 'application-manageconditionprice-display-component---conditions--smartFilterBar-filterItemControl_BASIC-BILL_TYPES-valueHelpDialog-table-rowsel0')]"}
RESULT: {"using":"xpath","value":"//div[contains(@id, 'application-manageconditionprice-display-component---conditions--smartFilterBar-filterItemControl_BASIC-BILL_TYPES-valueHelpDialog-table-rowsel0')]"}
COMMAND: POST /session/59389012155df3fc64e839119ed77469/element/f.8420AFDB22D113F0275E61267E529F05.d.3E9925F29468F8146425BA2509C9BBDC.e.10084/click - {}
RESULT: {}
COMMAND: GET /session/59389012155df3fc64e839119ed77469/screenshot - {}
RESULT: {}
COMMAND: POST /session/59389012155df3fc64e839119ed77469/element - {"using":"xpath","value":"//bdi[contains(text(), \"OK\")]"}
RESULT: {"using":"xpath","value":"//bdi[contains(text(), \"OK\")]"}
COMMAND: POST /session/59389012155df3fc64e839119ed77469/element/f.8420AFDB22D113F0275E61267E529F05.d.3E9925F29468F8146425BA2509C9BBDC.e.10086/click - {}
RESULT: {}
COMMAND: GET /session/59389012155df3fc64e839119ed77469/screenshot - {}
RESULT: {}
COMMAND: POST /session/59389012155df3fc64e839119ed77469/element - {"using":"xpath","value":"//span[@id=\"application-manageconditionprice-display-component---conditions--smartTable-header-inner\"]"}
RESULT: {"using":"xpath","value":"//span[@id=\"application-manageconditionprice-display-component---conditions--smartTable-header-inner\"]"}
COMMAND: POST /session/59389012155df3fc64e839119ed77469/elements - {"using":"xpath","value":"//span[@id=\"application-manageconditionprice-display-component---conditions--smartTable-header-inner\"]"}
RESULT: {"using":"xpath","value":"//span[@id=\"application-manageconditionprice-display-component---conditions--smartTable-header-inner\"]"}
COMMAND: POST /session/59389012155df3fc64e839119ed77469/execute/sync - {"script":"<script> [56 bytes]","args":[{"element-6066-11e4-a52e-4f735466cecf":"f.8420AFDB22D113F0275E61267E529F05.d.3E9925F29468F8146425BA2509C9BBDC.e.10089","ELEMENT":"f.8420AFDB22D113F0275E61267E529F05.d.3E9925F29468F8146425BA2509C9BBDC.e.10089"}]}
RESULT: {"script":"<script> [56 bytes]","args":[{"element-6066-11e4-a52e-4f735466cecf":"f.8420AFDB22D113F0275E61267E529F05.d.3E9925F29468F8146425BA2509C9BBDC.e.10089","ELEMENT":"f.8420AFDB22D113F0275E61267E529F05.d.3E9925F29468F8146425BA2509C9BBDC.e.10089"}]}
COMMAND: POST /session/59389012155df3fc64e839119ed77469/element - {"using":"css selector","value":"#shell-header-logo"}
COMMAND: GET /session/59389012155df3fc64e839119ed77469/screenshot - {}
RESULT: {"using":"css selector","value":"#shell-header-logo"}
COMMAND: POST /session/59389012155df3fc64e839119ed77469/element/f.8420AFDB22D113F0275E61267E529F05.d.3E9925F29468F8146425BA2509C9BBDC.e.9807/click - {}
RESULT: {}
RESULT: {}
COMMAND: GET /session/59389012155df3fc64e839119ed77469/screenshot - {}
RESULT: {}
]]></system-out>
    </testcase>
    <testcase classname="chrome.135_0_7049_96.windows.Create_master_data_for_mixed_billing_&amp;_do_billing_calculation_US151661" name="Should add performance based condition" time="63.972">
      <system-out><![CDATA[
RESULT: undefined
COMMAND: POST /session/59389012155df3fc64e839119ed77469/element - {"using":"xpath","value":"//*[@id=\"__tile93-title\"]"}
RESULT: {"using":"xpath","value":"//*[@id=\"__tile93-title\"]"}
COMMAND: POST /session/59389012155df3fc64e839119ed77469/element/f.8420AFDB22D113F0275E61267E529F05.d.3E9925F29468F8146425BA2509C9BBDC.e.9805/click - {}
RESULT: {}
COMMAND: POST /session/59389012155df3fc64e839119ed77469/element - {"using":"xpath","value":"//button[@aria-label=\"Create\"]"}
COMMAND: GET /session/59389012155df3fc64e839119ed77469/screenshot - {}
RESULT: {"using":"xpath","value":"//button[@aria-label=\"Create\"]"}
COMMAND: POST /session/59389012155df3fc64e839119ed77469/elements - {"using":"xpath","value":"//button[@aria-label=\"Create\"]"}
RESULT: {}
RESULT: {"using":"xpath","value":"//button[@aria-label=\"Create\"]"}
COMMAND: POST /session/59389012155df3fc64e839119ed77469/execute/sync - {"script":"<script> [8489 bytes]","args":[{"element-6066-11e4-a52e-4f735466cecf":"f.8420AFDB22D113F0275E61267E529F05.d.3E9925F29468F8146425BA2509C9BBDC.e.10138","ELEMENT":"f.8420AFDB22D113F0275E61267E529F05.d.3E9925F29468F8146425BA2509C9BBDC.e.10138"}]}
RESULT: {"script":"<script> [8489 bytes]","args":[{"element-6066-11e4-a52e-4f735466cecf":"f.8420AFDB22D113F0275E61267E529F05.d.3E9925F29468F8146425BA2509C9BBDC.e.10138","ELEMENT":"f.8420AFDB22D113F0275E61267E529F05.d.3E9925F29468F8146425BA2509C9BBDC.e.10138"}]}
COMMAND: GET /session/59389012155df3fc64e839119ed77469/element/f.8420AFDB22D113F0275E61267E529F05.d.3E9925F29468F8146425BA2509C9BBDC.e.10138/enabled - {}
COMMAND: GET /session/59389012155df3fc64e839119ed77469/screenshot - {}
RESULT: {}
COMMAND: POST /session/59389012155df3fc64e839119ed77469/execute/sync - {"script":"<script> [8489 bytes]","args":[{"element-6066-11e4-a52e-4f735466cecf":"f.8420AFDB22D113F0275E61267E529F05.d.3E9925F29468F8146425BA2509C9BBDC.e.10138","ELEMENT":"f.8420AFDB22D113F0275E61267E529F05.d.3E9925F29468F8146425BA2509C9BBDC.e.10138"}]}
COMMAND: GET /session/59389012155df3fc64e839119ed77469/screenshot - {}
RESULT: {}
RESULT: {"script":"<script> [8489 bytes]","args":[{"element-6066-11e4-a52e-4f735466cecf":"f.8420AFDB22D113F0275E61267E529F05.d.3E9925F29468F8146425BA2509C9BBDC.e.10138","ELEMENT":"f.8420AFDB22D113F0275E61267E529F05.d.3E9925F29468F8146425BA2509C9BBDC.e.10138"}]}
COMMAND: POST /session/59389012155df3fc64e839119ed77469/execute/sync - {"script":"<script> [5351 bytes]","args":[{"element-6066-11e4-a52e-4f735466cecf":"f.8420AFDB22D113F0275E61267E529F05.d.3E9925F29468F8146425BA2509C9BBDC.e.10138","ELEMENT":"f.8420AFDB22D113F0275E61267E529F05.d.3E9925F29468F8146425BA2509C9BBDC.e.10138"}]}
COMMAND: GET /session/59389012155df3fc64e839119ed77469/screenshot - {}
RESULT: {}
RESULT: {"script":"<script> [5351 bytes]","args":[{"element-6066-11e4-a52e-4f735466cecf":"f.8420AFDB22D113F0275E61267E529F05.d.3E9925F29468F8146425BA2509C9BBDC.e.10138","ELEMENT":"f.8420AFDB22D113F0275E61267E529F05.d.3E9925F29468F8146425BA2509C9BBDC.e.10138"}]}
COMMAND: POST /session/59389012155df3fc64e839119ed77469/element/f.8420AFDB22D113F0275E61267E529F05.d.3E9925F29468F8146425BA2509C9BBDC.e.10138/click - {}
COMMAND: GET /session/59389012155df3fc64e839119ed77469/screenshot - {}
RESULT: {}
RESULT: {}
COMMAND: GET /session/59389012155df3fc64e839119ed77469/screenshot - {}
RESULT: {}
RESULT: {}
COMMAND: POST /session/59389012155df3fc64e839119ed77469/actions - {"actions":[{"id":"action36","type":"key","parameters":{},"actions":[{"type":"keyDown","value":"î€‡"},{"type":"pause","duration":10},{"type":"keyUp","value":"î€‡"}]}]}
RESULT: {"actions":[{"id":"action36","type":"key","parameters":{},"actions":[{"type":"keyDown","value":"î€‡"},{"type":"pause","duration":10},{"type":"keyUp","value":"î€‡"}]}]}
COMMAND: GET /session/59389012155df3fc64e839119ed77469/screenshot - {}
RESULT: undefined
COMMAND: POST /session/59389012155df3fc64e839119ed77469/element - {"using":"xpath","value":"//*[@id=\"application-manageconditionprice-display-component---newCondition--condBillCond-arrow\"]"}
RESULT: {}
RESULT: {"using":"xpath","value":"//*[@id=\"application-manageconditionprice-display-component---newCondition--condBillCond-arrow\"]"}
COMMAND: POST /session/59389012155df3fc64e839119ed77469/element/f.8420AFDB22D113F0275E61267E529F05.d.3E9925F29468F8146425BA2509C9BBDC.e.10966/click - {}
RESULT: {}
COMMAND: GET /session/59389012155df3fc64e839119ed77469/screenshot - {}
RESULT: {}
COMMAND: POST /session/59389012155df3fc64e839119ed77469/element - {"using":"xpath","value":"//li[.//span[contains(text(), \"PC06 - Performance Price - fuel\")]]"}
RESULT: {"using":"xpath","value":"//li[.//span[contains(text(), \"PC06 - Performance Price - fuel\")]]"}
COMMAND: POST /session/59389012155df3fc64e839119ed77469/element/f.8420AFDB22D113F0275E61267E529F05.d.3E9925F29468F8146425BA2509C9BBDC.e.10969/click - {}
RESULT: {}
COMMAND: GET /session/59389012155df3fc64e839119ed77469/screenshot - {}
RESULT: {}
RESULT: undefined
COMMAND: POST /session/59389012155df3fc64e839119ed77469/execute/async - {"script":"<script> [776 bytes]","args":[{"enterText":"01/01/26","selector":{"id":"application-manageconditionprice-display-component---newCondition--condValidTo","interaction":{"idSuffix":"inner"}},"clearTextFirst":true,"interactionType":"ENTER_TEXT"}]}
RESULT: {"script":"<script> [776 bytes]","args":[{"enterText":"01/01/26","selector":{"id":"application-manageconditionprice-display-component---newCondition--condValidTo","interaction":{"idSuffix":"inner"}},"clearTextFirst":true,"interactionType":"ENTER_TEXT"}]}
COMMAND: POST /session/59389012155df3fc64e839119ed77469/element - {"using":"xpath","value":"//input[@id=\"application-manageconditionprice-display-component---newCondition--condRU-inner\"]"}
RESULT: {"using":"xpath","value":"//input[@id=\"application-manageconditionprice-display-component---newCondition--condRU-inner\"]"}
COMMAND: POST /session/59389012155df3fc64e839119ed77469/element/f.8420AFDB22D113F0275E61267E529F05.d.3E9925F29468F8146425BA2509C9BBDC.e.10693/clear - {}
RESULT: {}
COMMAND: POST /session/59389012155df3fc64e839119ed77469/element/f.8420AFDB22D113F0275E61267E529F05.d.3E9925F29468F8146425BA2509C9BBDC.e.10693/value - {"text":"LoyqiVs9Uj"}
COMMAND: GET /session/59389012155df3fc64e839119ed77469/screenshot - {}
RESULT: {"text":"LoyqiVs9Uj"}
COMMAND: GET /session/59389012155df3fc64e839119ed77469/screenshot - {}
RESULT: {}
RESULT: {}
COMMAND: POST /session/59389012155df3fc64e839119ed77469/actions - {"actions":[{"id":"action37","type":"key","parameters":{},"actions":[{"type":"keyDown","value":"î€‡"},{"type":"pause","duration":10},{"type":"keyUp","value":"î€‡"}]}]}
RESULT: {"actions":[{"id":"action37","type":"key","parameters":{},"actions":[{"type":"keyDown","value":"î€‡"},{"type":"pause","duration":10},{"type":"keyUp","value":"î€‡"}]}]}
RESULT: undefined
COMMAND: POST /session/59389012155df3fc64e839119ed77469/execute/async - {"script":"<script> [776 bytes]","args":[{"enterText":"1","selector":{"id":"application-manageconditionprice-display-component---newCondition--condBaseQty","interaction":{"idSuffix":"inner"}},"clearTextFirst":true,"interactionType":"ENTER_TEXT"}]}
COMMAND: GET /session/59389012155df3fc64e839119ed77469/screenshot - {}
RESULT: {"script":"<script> [776 bytes]","args":[{"enterText":"1","selector":{"id":"application-manageconditionprice-display-component---newCondition--condBaseQty","interaction":{"idSuffix":"inner"}},"clearTextFirst":true,"interactionType":"ENTER_TEXT"}]}
RESULT: undefined
COMMAND: POST /session/59389012155df3fc64e839119ed77469/execute/async - {"script":"<script> [776 bytes]","args":[{"enterText":"10","selector":{"id":"application-manageconditionprice-display-component---newCondition--condValue","interaction":{"idSuffix":"inner"}},"clearTextFirst":true,"interactionType":"ENTER_TEXT"}]}
RESULT: {}
RESULT: {"script":"<script> [776 bytes]","args":[{"enterText":"10","selector":{"id":"application-manageconditionprice-display-component---newCondition--condValue","interaction":{"idSuffix":"inner"}},"clearTextFirst":true,"interactionType":"ENTER_TEXT"}]}
RESULT: undefined
COMMAND: POST /session/59389012155df3fc64e839119ed77469/element - {"using":"xpath","value":"//*[@id=\"application-manageconditionprice-display-component---newCondition--condCurr-arrow\"]"}
RESULT: {"using":"xpath","value":"//*[@id=\"application-manageconditionprice-display-component---newCondition--condCurr-arrow\"]"}
COMMAND: POST /session/59389012155df3fc64e839119ed77469/element/f.8420AFDB22D113F0275E61267E529F05.d.3E9925F29468F8146425BA2509C9BBDC.e.10935/click - {}
RESULT: {}
COMMAND: POST /session/59389012155df3fc64e839119ed77469/element - {"using":"xpath","value":"//span[contains(text(), \"Euro\")]"}
COMMAND: GET /session/59389012155df3fc64e839119ed77469/screenshot - {}
RESULT: {"using":"xpath","value":"//span[contains(text(), \"Euro\")]"}
COMMAND: POST /session/59389012155df3fc64e839119ed77469/element/f.8420AFDB22D113F0275E61267E529F05.d.3E9925F29468F8146425BA2509C9BBDC.e.11002/click - {}
RESULT: {}
RESULT: {}
COMMAND: POST /session/59389012155df3fc64e839119ed77469/element - {"using":"xpath","value":"//button[@data-kt=\"saveButton\"]"}
COMMAND: GET /session/59389012155df3fc64e839119ed77469/screenshot - {}
RESULT: {"using":"xpath","value":"//button[@data-kt=\"saveButton\"]"}
COMMAND: POST /session/59389012155df3fc64e839119ed77469/element/f.8420AFDB22D113F0275E61267E529F05.d.3E9925F29468F8146425BA2509C9BBDC.e.10936/click - {}
RESULT: {}
RESULT: {}
COMMAND: GET /session/59389012155df3fc64e839119ed77469/screenshot - {}
RESULT: {}
RESULT: undefined
COMMAND: POST /session/59389012155df3fc64e839119ed77469/execute/async - {"script":"<script> [776 bytes]","args":[{"enterText":"LoyqiVs9Uj","selector":{"id":"application-manageconditionprice-display-component---conditions--smartFilterBar-btnBasicSearch","interaction":{"idSuffix":"I"}},"clearTextFirst":true,"interactionType":"ENTER_TEXT"}]}
RESULT: {"script":"<script> [776 bytes]","args":[{"enterText":"LoyqiVs9Uj","selector":{"id":"application-manageconditionprice-display-component---conditions--smartFilterBar-btnBasicSearch","interaction":{"idSuffix":"I"}},"clearTextFirst":true,"interactionType":"ENTER_TEXT"}]}
COMMAND: POST /session/59389012155df3fc64e839119ed77469/actions - {"actions":[{"id":"action38","type":"key","parameters":{},"actions":[{"type":"keyDown","value":"î€‡"},{"type":"pause","duration":10},{"type":"keyUp","value":"î€‡"}]}]}
RESULT: {"actions":[{"id":"action38","type":"key","parameters":{},"actions":[{"type":"keyDown","value":"î€‡"},{"type":"pause","duration":10},{"type":"keyUp","value":"î€‡"}]}]}
COMMAND: GET /session/59389012155df3fc64e839119ed77469/screenshot - {}
RESULT: {}
RESULT: undefined
COMMAND: POST /session/59389012155df3fc64e839119ed77469/element - {"using":"xpath","value":"//*[@id=\"application-manageconditionprice-display-component---conditions--smartFilterBar-filterItemControl_BASIC-BILL_TYPES-vhi\"]"}
RESULT: {"using":"xpath","value":"//*[@id=\"application-manageconditionprice-display-component---conditions--smartFilterBar-filterItemControl_BASIC-BILL_TYPES-vhi\"]"}
COMMAND: POST /session/59389012155df3fc64e839119ed77469/element/f.8420AFDB22D113F0275E61267E529F05.d.3E9925F29468F8146425BA2509C9BBDC.e.11257/click - {}
RESULT: {}
RESULT: undefined
COMMAND: POST /session/59389012155df3fc64e839119ed77469/execute/async - {"script":"<script> [776 bytes]","args":[{"enterText":"PB","selector":{"id":"application-manageconditionprice-display-component---conditions--smartFilterBar-filterItemControl_BASIC-BILL_TYPES-valueHelpDialog-smartFilterBar-btnBasicSearch","searchOpenDialogs":true,"interaction":{"idSuffix":"I"}},"clearTextFirst":true,"interactionType":"ENTER_TEXT"}]}
COMMAND: GET /session/59389012155df3fc64e839119ed77469/screenshot - {}
RESULT: {"script":"<script> [776 bytes]","args":[{"enterText":"PB","selector":{"id":"application-manageconditionprice-display-component---conditions--smartFilterBar-filterItemControl_BASIC-BILL_TYPES-valueHelpDialog-smartFilterBar-btnBasicSearch","searchOpenDialogs":true,"interaction":{"idSuffix":"I"}},"clearTextFirst":true,"interactionType":"ENTER_TEXT"}]}
COMMAND: POST /session/59389012155df3fc64e839119ed77469/actions - {"actions":[{"id":"action39","type":"key","parameters":{},"actions":[{"type":"keyDown","value":"î€‡"},{"type":"pause","duration":10},{"type":"keyUp","value":"î€‡"}]}]}
RESULT: {}
RESULT: {"actions":[{"id":"action39","type":"key","parameters":{},"actions":[{"type":"keyDown","value":"î€‡"},{"type":"pause","duration":10},{"type":"keyUp","value":"î€‡"}]}]}
COMMAND: GET /session/59389012155df3fc64e839119ed77469/screenshot - {}
RESULT: {}
COMMAND: POST /session/59389012155df3fc64e839119ed77469/element - {"using":"xpath","value":"//div[contains(@id, 'application-manageconditionprice-display-component---conditions--smartFilterBar-filterItemControl_BASIC-BILL_TYPES-valueHelpDialog-table-rowsel0')]"}
RESULT: {"using":"xpath","value":"//div[contains(@id, 'application-manageconditionprice-display-component---conditions--smartFilterBar-filterItemControl_BASIC-BILL_TYPES-valueHelpDialog-table-rowsel0')]"}
COMMAND: POST /session/59389012155df3fc64e839119ed77469/element/f.8420AFDB22D113F0275E61267E529F05.d.3E9925F29468F8146425BA2509C9BBDC.e.11264/click - {}
RESULT: {}
COMMAND: GET /session/59389012155df3fc64e839119ed77469/screenshot - {}
RESULT: {}
COMMAND: POST /session/59389012155df3fc64e839119ed77469/element - {"using":"xpath","value":"//bdi[contains(text(), \"OK\")]"}
RESULT: {"using":"xpath","value":"//bdi[contains(text(), \"OK\")]"}
COMMAND: POST /session/59389012155df3fc64e839119ed77469/element/f.8420AFDB22D113F0275E61267E529F05.d.3E9925F29468F8146425BA2509C9BBDC.e.11266/click - {}
RESULT: {}
COMMAND: GET /session/59389012155df3fc64e839119ed77469/screenshot - {}
RESULT: {}
COMMAND: POST /session/59389012155df3fc64e839119ed77469/element - {"using":"xpath","value":"//span[@id=\"application-manageconditionprice-display-component---conditions--smartTable-header-inner\"]"}
RESULT: {"using":"xpath","value":"//span[@id=\"application-manageconditionprice-display-component---conditions--smartTable-header-inner\"]"}
COMMAND: POST /session/59389012155df3fc64e839119ed77469/elements - {"using":"xpath","value":"//span[@id=\"application-manageconditionprice-display-component---conditions--smartTable-header-inner\"]"}
RESULT: {"using":"xpath","value":"//span[@id=\"application-manageconditionprice-display-component---conditions--smartTable-header-inner\"]"}
COMMAND: POST /session/59389012155df3fc64e839119ed77469/execute/sync - {"script":"<script> [56 bytes]","args":[{"element-6066-11e4-a52e-4f735466cecf":"f.8420AFDB22D113F0275E61267E529F05.d.3E9925F29468F8146425BA2509C9BBDC.e.11269","ELEMENT":"f.8420AFDB22D113F0275E61267E529F05.d.3E9925F29468F8146425BA2509C9BBDC.e.11269"}]}
RESULT: {"script":"<script> [56 bytes]","args":[{"element-6066-11e4-a52e-4f735466cecf":"f.8420AFDB22D113F0275E61267E529F05.d.3E9925F29468F8146425BA2509C9BBDC.e.11269","ELEMENT":"f.8420AFDB22D113F0275E61267E529F05.d.3E9925F29468F8146425BA2509C9BBDC.e.11269"}]}
COMMAND: POST /session/59389012155df3fc64e839119ed77469/element - {"using":"css selector","value":"#shell-header-logo"}
COMMAND: GET /session/59389012155df3fc64e839119ed77469/screenshot - {}
RESULT: {"using":"css selector","value":"#shell-header-logo"}
COMMAND: POST /session/59389012155df3fc64e839119ed77469/element/f.8420AFDB22D113F0275E61267E529F05.d.3E9925F29468F8146425BA2509C9BBDC.e.10096/click - {}
RESULT: {}
RESULT: {}
COMMAND: GET /session/59389012155df3fc64e839119ed77469/screenshot - {}
RESULT: {}
]]></system-out>
    </testcase>
    <testcase classname="chrome.135_0_7049_96.windows.Create_master_data_for_mixed_billing_&amp;_do_billing_calculation_US151661" name="Should add time based condition" time="62.67">
      <system-out><![CDATA[
RESULT: undefined
COMMAND: POST /session/59389012155df3fc64e839119ed77469/element - {"using":"xpath","value":"//*[@id=\"__tile93-title\"]"}
RESULT: {"using":"xpath","value":"//*[@id=\"__tile93-title\"]"}
COMMAND: POST /session/59389012155df3fc64e839119ed77469/element/f.8420AFDB22D113F0275E61267E529F05.d.3E9925F29468F8146425BA2509C9BBDC.e.9805/click - {}
RESULT: {}
COMMAND: POST /session/59389012155df3fc64e839119ed77469/element - {"using":"xpath","value":"//button[@aria-label=\"Create\"]"}
COMMAND: GET /session/59389012155df3fc64e839119ed77469/screenshot - {}
RESULT: {"using":"xpath","value":"//button[@aria-label=\"Create\"]"}
COMMAND: POST /session/59389012155df3fc64e839119ed77469/elements - {"using":"xpath","value":"//button[@aria-label=\"Create\"]"}
RESULT: {}
RESULT: {"using":"xpath","value":"//button[@aria-label=\"Create\"]"}
COMMAND: POST /session/59389012155df3fc64e839119ed77469/execute/sync - {"script":"<script> [8489 bytes]","args":[{"element-6066-11e4-a52e-4f735466cecf":"f.8420AFDB22D113F0275E61267E529F05.d.3E9925F29468F8146425BA2509C9BBDC.e.11324","ELEMENT":"f.8420AFDB22D113F0275E61267E529F05.d.3E9925F29468F8146425BA2509C9BBDC.e.11324"}]}
RESULT: {"script":"<script> [8489 bytes]","args":[{"element-6066-11e4-a52e-4f735466cecf":"f.8420AFDB22D113F0275E61267E529F05.d.3E9925F29468F8146425BA2509C9BBDC.e.11324","ELEMENT":"f.8420AFDB22D113F0275E61267E529F05.d.3E9925F29468F8146425BA2509C9BBDC.e.11324"}]}
COMMAND: GET /session/59389012155df3fc64e839119ed77469/element/f.8420AFDB22D113F0275E61267E529F05.d.3E9925F29468F8146425BA2509C9BBDC.e.11324/enabled - {}
COMMAND: GET /session/59389012155df3fc64e839119ed77469/screenshot - {}
RESULT: {}
COMMAND: POST /session/59389012155df3fc64e839119ed77469/execute/sync - {"script":"<script> [8489 bytes]","args":[{"element-6066-11e4-a52e-4f735466cecf":"f.8420AFDB22D113F0275E61267E529F05.d.3E9925F29468F8146425BA2509C9BBDC.e.11324","ELEMENT":"f.8420AFDB22D113F0275E61267E529F05.d.3E9925F29468F8146425BA2509C9BBDC.e.11324"}]}
COMMAND: GET /session/59389012155df3fc64e839119ed77469/screenshot - {}
RESULT: {}
RESULT: {"script":"<script> [8489 bytes]","args":[{"element-6066-11e4-a52e-4f735466cecf":"f.8420AFDB22D113F0275E61267E529F05.d.3E9925F29468F8146425BA2509C9BBDC.e.11324","ELEMENT":"f.8420AFDB22D113F0275E61267E529F05.d.3E9925F29468F8146425BA2509C9BBDC.e.11324"}]}
COMMAND: POST /session/59389012155df3fc64e839119ed77469/execute/sync - {"script":"<script> [5351 bytes]","args":[{"element-6066-11e4-a52e-4f735466cecf":"f.8420AFDB22D113F0275E61267E529F05.d.3E9925F29468F8146425BA2509C9BBDC.e.11324","ELEMENT":"f.8420AFDB22D113F0275E61267E529F05.d.3E9925F29468F8146425BA2509C9BBDC.e.11324"}]}
COMMAND: GET /session/59389012155df3fc64e839119ed77469/screenshot - {}
RESULT: {}
RESULT: {"script":"<script> [5351 bytes]","args":[{"element-6066-11e4-a52e-4f735466cecf":"f.8420AFDB22D113F0275E61267E529F05.d.3E9925F29468F8146425BA2509C9BBDC.e.11324","ELEMENT":"f.8420AFDB22D113F0275E61267E529F05.d.3E9925F29468F8146425BA2509C9BBDC.e.11324"}]}
COMMAND: POST /session/59389012155df3fc64e839119ed77469/element/f.8420AFDB22D113F0275E61267E529F05.d.3E9925F29468F8146425BA2509C9BBDC.e.11324/click - {}
COMMAND: GET /session/59389012155df3fc64e839119ed77469/screenshot - {}
RESULT: {}
RESULT: {}
COMMAND: GET /session/59389012155df3fc64e839119ed77469/screenshot - {}
RESULT: {}
RESULT: {}
COMMAND: POST /session/59389012155df3fc64e839119ed77469/actions - {"actions":[{"id":"action40","type":"key","parameters":{},"actions":[{"type":"keyDown","value":"î€‡"},{"type":"pause","duration":10},{"type":"keyUp","value":"î€‡"}]}]}
RESULT: {"actions":[{"id":"action40","type":"key","parameters":{},"actions":[{"type":"keyDown","value":"î€‡"},{"type":"pause","duration":10},{"type":"keyUp","value":"î€‡"}]}]}
COMMAND: GET /session/59389012155df3fc64e839119ed77469/screenshot - {}
RESULT: undefined
COMMAND: POST /session/59389012155df3fc64e839119ed77469/element - {"using":"xpath","value":"//*[@id=\"application-manageconditionprice-display-component---newCondition--condBillCond-arrow\"]"}
RESULT: {}
RESULT: {"using":"xpath","value":"//*[@id=\"application-manageconditionprice-display-component---newCondition--condBillCond-arrow\"]"}
COMMAND: POST /session/59389012155df3fc64e839119ed77469/element/f.8420AFDB22D113F0275E61267E529F05.d.3E9925F29468F8146425BA2509C9BBDC.e.11772/click - {}
RESULT: {}
COMMAND: GET /session/59389012155df3fc64e839119ed77469/screenshot - {}
RESULT: {}
COMMAND: POST /session/59389012155df3fc64e839119ed77469/element - {"using":"xpath","value":"//li[.//span[contains(text(), \"DISP - D&I special price\")]]"}
RESULT: {"using":"xpath","value":"//li[.//span[contains(text(), \"DISP - D&I special price\")]]"}
COMMAND: POST /session/59389012155df3fc64e839119ed77469/element/f.8420AFDB22D113F0275E61267E529F05.d.3E9925F29468F8146425BA2509C9BBDC.e.11775/click - {}
RESULT: {}
COMMAND: GET /session/59389012155df3fc64e839119ed77469/screenshot - {}
RESULT: {}
RESULT: undefined
COMMAND: POST /session/59389012155df3fc64e839119ed77469/execute/async - {"script":"<script> [776 bytes]","args":[{"enterText":"01/01/26","selector":{"id":"application-manageconditionprice-display-component---newCondition--condValidTo","interaction":{"idSuffix":"inner"}},"clearTextFirst":true,"interactionType":"ENTER_TEXT"}]}
RESULT: {"script":"<script> [776 bytes]","args":[{"enterText":"01/01/26","selector":{"id":"application-manageconditionprice-display-component---newCondition--condValidTo","interaction":{"idSuffix":"inner"}},"clearTextFirst":true,"interactionType":"ENTER_TEXT"}]}
COMMAND: POST /session/59389012155df3fc64e839119ed77469/element - {"using":"xpath","value":"//input[@id=\"application-manageconditionprice-display-component---newCondition--condRU-inner\"]"}
RESULT: {"using":"xpath","value":"//input[@id=\"application-manageconditionprice-display-component---newCondition--condRU-inner\"]"}
COMMAND: POST /session/59389012155df3fc64e839119ed77469/element/f.8420AFDB22D113F0275E61267E529F05.d.3E9925F29468F8146425BA2509C9BBDC.e.11496/clear - {}
RESULT: {}
COMMAND: POST /session/59389012155df3fc64e839119ed77469/element/f.8420AFDB22D113F0275E61267E529F05.d.3E9925F29468F8146425BA2509C9BBDC.e.11496/value - {"text":"LoyqiVs9Uj"}
COMMAND: GET /session/59389012155df3fc64e839119ed77469/screenshot - {}
RESULT: {"text":"LoyqiVs9Uj"}
COMMAND: GET /session/59389012155df3fc64e839119ed77469/screenshot - {}
RESULT: {}
RESULT: {}
COMMAND: POST /session/59389012155df3fc64e839119ed77469/actions - {"actions":[{"id":"action41","type":"key","parameters":{},"actions":[{"type":"keyDown","value":"î€‡"},{"type":"pause","duration":10},{"type":"keyUp","value":"î€‡"}]}]}
RESULT: {"actions":[{"id":"action41","type":"key","parameters":{},"actions":[{"type":"keyDown","value":"î€‡"},{"type":"pause","duration":10},{"type":"keyUp","value":"î€‡"}]}]}
RESULT: undefined
COMMAND: POST /session/59389012155df3fc64e839119ed77469/execute/async - {"script":"<script> [776 bytes]","args":[{"enterText":"1","selector":{"id":"application-manageconditionprice-display-component---newCondition--condBaseQty","interaction":{"idSuffix":"inner"}},"clearTextFirst":true,"interactionType":"ENTER_TEXT"}]}
COMMAND: GET /session/59389012155df3fc64e839119ed77469/screenshot - {}
RESULT: {"script":"<script> [776 bytes]","args":[{"enterText":"1","selector":{"id":"application-manageconditionprice-display-component---newCondition--condBaseQty","interaction":{"idSuffix":"inner"}},"clearTextFirst":true,"interactionType":"ENTER_TEXT"}]}
RESULT: undefined
COMMAND: POST /session/59389012155df3fc64e839119ed77469/execute/async - {"script":"<script> [776 bytes]","args":[{"enterText":"100","selector":{"id":"application-manageconditionprice-display-component---newCondition--condValue","interaction":{"idSuffix":"inner"}},"clearTextFirst":true,"interactionType":"ENTER_TEXT"}]}
RESULT: {}
RESULT: {"script":"<script> [776 bytes]","args":[{"enterText":"100","selector":{"id":"application-manageconditionprice-display-component---newCondition--condValue","interaction":{"idSuffix":"inner"}},"clearTextFirst":true,"interactionType":"ENTER_TEXT"}]}
RESULT: undefined
COMMAND: POST /session/59389012155df3fc64e839119ed77469/element - {"using":"xpath","value":"//*[@id=\"application-manageconditionprice-display-component---newCondition--condCurr-arrow\"]"}
RESULT: {"using":"xpath","value":"//*[@id=\"application-manageconditionprice-display-component---newCondition--condCurr-arrow\"]"}
COMMAND: POST /session/59389012155df3fc64e839119ed77469/element/f.8420AFDB22D113F0275E61267E529F05.d.3E9925F29468F8146425BA2509C9BBDC.e.11720/click - {}
RESULT: {}
COMMAND: POST /session/59389012155df3fc64e839119ed77469/element - {"using":"xpath","value":"//span[contains(text(), \"Euro\")]"}
COMMAND: GET /session/59389012155df3fc64e839119ed77469/screenshot - {}
RESULT: {"using":"xpath","value":"//span[contains(text(), \"Euro\")]"}
COMMAND: POST /session/59389012155df3fc64e839119ed77469/element/f.8420AFDB22D113F0275E61267E529F05.d.3E9925F29468F8146425BA2509C9BBDC.e.11810/click - {}
RESULT: {}
RESULT: {}
COMMAND: POST /session/59389012155df3fc64e839119ed77469/element - {"using":"xpath","value":"//button[@data-kt=\"saveButton\"]"}
COMMAND: GET /session/59389012155df3fc64e839119ed77469/screenshot - {}
RESULT: {"using":"xpath","value":"//button[@data-kt=\"saveButton\"]"}
COMMAND: POST /session/59389012155df3fc64e839119ed77469/element/f.8420AFDB22D113F0275E61267E529F05.d.3E9925F29468F8146425BA2509C9BBDC.e.11721/click - {}
RESULT: {}
RESULT: {}
COMMAND: GET /session/59389012155df3fc64e839119ed77469/screenshot - {}
RESULT: {}
RESULT: undefined
COMMAND: POST /session/59389012155df3fc64e839119ed77469/execute/async - {"script":"<script> [776 bytes]","args":[{"enterText":"LoyqiVs9Uj","selector":{"id":"application-manageconditionprice-display-component---conditions--smartFilterBar-btnBasicSearch","interaction":{"idSuffix":"I"}},"clearTextFirst":true,"interactionType":"ENTER_TEXT"}]}
RESULT: {"script":"<script> [776 bytes]","args":[{"enterText":"LoyqiVs9Uj","selector":{"id":"application-manageconditionprice-display-component---conditions--smartFilterBar-btnBasicSearch","interaction":{"idSuffix":"I"}},"clearTextFirst":true,"interactionType":"ENTER_TEXT"}]}
COMMAND: POST /session/59389012155df3fc64e839119ed77469/actions - {"actions":[{"id":"action42","type":"key","parameters":{},"actions":[{"type":"keyDown","value":"î€‡"},{"type":"pause","duration":10},{"type":"keyUp","value":"î€‡"}]}]}
RESULT: {"actions":[{"id":"action42","type":"key","parameters":{},"actions":[{"type":"keyDown","value":"î€‡"},{"type":"pause","duration":10},{"type":"keyUp","value":"î€‡"}]}]}
COMMAND: GET /session/59389012155df3fc64e839119ed77469/screenshot - {}
RESULT: {}
RESULT: undefined
COMMAND: POST /session/59389012155df3fc64e839119ed77469/element - {"using":"xpath","value":"//*[@id=\"application-manageconditionprice-display-component---conditions--smartFilterBar-filterItemControl_BASIC-BILL_TYPES-vhi\"]"}
RESULT: {"using":"xpath","value":"//*[@id=\"application-manageconditionprice-display-component---conditions--smartFilterBar-filterItemControl_BASIC-BILL_TYPES-vhi\"]"}
COMMAND: POST /session/59389012155df3fc64e839119ed77469/element/f.8420AFDB22D113F0275E61267E529F05.d.3E9925F29468F8146425BA2509C9BBDC.e.12039/click - {}
RESULT: {}
RESULT: undefined
COMMAND: POST /session/59389012155df3fc64e839119ed77469/execute/async - {"script":"<script> [776 bytes]","args":[{"enterText":"TB","selector":{"id":"application-manageconditionprice-display-component---conditions--smartFilterBar-filterItemControl_BASIC-BILL_TYPES-valueHelpDialog-smartFilterBar-btnBasicSearch","searchOpenDialogs":true,"interaction":{"idSuffix":"I"}},"clearTextFirst":true,"interactionType":"ENTER_TEXT"}]}
COMMAND: GET /session/59389012155df3fc64e839119ed77469/screenshot - {}
RESULT: {"script":"<script> [776 bytes]","args":[{"enterText":"TB","selector":{"id":"application-manageconditionprice-display-component---conditions--smartFilterBar-filterItemControl_BASIC-BILL_TYPES-valueHelpDialog-smartFilterBar-btnBasicSearch","searchOpenDialogs":true,"interaction":{"idSuffix":"I"}},"clearTextFirst":true,"interactionType":"ENTER_TEXT"}]}
COMMAND: POST /session/59389012155df3fc64e839119ed77469/actions - {"actions":[{"id":"action43","type":"key","parameters":{},"actions":[{"type":"keyDown","value":"î€‡"},{"type":"pause","duration":10},{"type":"keyUp","value":"î€‡"}]}]}
RESULT: {}
RESULT: {"actions":[{"id":"action43","type":"key","parameters":{},"actions":[{"type":"keyDown","value":"î€‡"},{"type":"pause","duration":10},{"type":"keyUp","value":"î€‡"}]}]}
COMMAND: GET /session/59389012155df3fc64e839119ed77469/screenshot - {}
RESULT: {}
COMMAND: POST /session/59389012155df3fc64e839119ed77469/element - {"using":"xpath","value":"//div[contains(@id, 'application-manageconditionprice-display-component---conditions--smartFilterBar-filterItemControl_BASIC-BILL_TYPES-valueHelpDialog-table-rowsel0')]"}
RESULT: {"using":"xpath","value":"//div[contains(@id, 'application-manageconditionprice-display-component---conditions--smartFilterBar-filterItemControl_BASIC-BILL_TYPES-valueHelpDialog-table-rowsel0')]"}
COMMAND: POST /session/59389012155df3fc64e839119ed77469/element/f.8420AFDB22D113F0275E61267E529F05.d.3E9925F29468F8146425BA2509C9BBDC.e.12046/click - {}
RESULT: {}
COMMAND: GET /session/59389012155df3fc64e839119ed77469/screenshot - {}
RESULT: {}
COMMAND: POST /session/59389012155df3fc64e839119ed77469/element - {"using":"xpath","value":"//bdi[contains(text(), \"OK\")]"}
RESULT: {"using":"xpath","value":"//bdi[contains(text(), \"OK\")]"}
COMMAND: POST /session/59389012155df3fc64e839119ed77469/element/f.8420AFDB22D113F0275E61267E529F05.d.3E9925F29468F8146425BA2509C9BBDC.e.12048/click - {}
RESULT: {}
COMMAND: GET /session/59389012155df3fc64e839119ed77469/screenshot - {}
RESULT: {}
COMMAND: POST /session/59389012155df3fc64e839119ed77469/element - {"using":"xpath","value":"//span[@id=\"application-manageconditionprice-display-component---conditions--smartTable-header-inner\"]"}
RESULT: {"using":"xpath","value":"//span[@id=\"application-manageconditionprice-display-component---conditions--smartTable-header-inner\"]"}
COMMAND: POST /session/59389012155df3fc64e839119ed77469/elements - {"using":"xpath","value":"//span[@id=\"application-manageconditionprice-display-component---conditions--smartTable-header-inner\"]"}
RESULT: {"using":"xpath","value":"//span[@id=\"application-manageconditionprice-display-component---conditions--smartTable-header-inner\"]"}
COMMAND: POST /session/59389012155df3fc64e839119ed77469/execute/sync - {"script":"<script> [56 bytes]","args":[{"element-6066-11e4-a52e-4f735466cecf":"f.8420AFDB22D113F0275E61267E529F05.d.3E9925F29468F8146425BA2509C9BBDC.e.12086","ELEMENT":"f.8420AFDB22D113F0275E61267E529F05.d.3E9925F29468F8146425BA2509C9BBDC.e.12086"}]}
RESULT: {"script":"<script> [56 bytes]","args":[{"element-6066-11e4-a52e-4f735466cecf":"f.8420AFDB22D113F0275E61267E529F05.d.3E9925F29468F8146425BA2509C9BBDC.e.12086","ELEMENT":"f.8420AFDB22D113F0275E61267E529F05.d.3E9925F29468F8146425BA2509C9BBDC.e.12086"}]}
COMMAND: POST /session/59389012155df3fc64e839119ed77469/element - {"using":"css selector","value":"#shell-header-logo"}
COMMAND: GET /session/59389012155df3fc64e839119ed77469/screenshot - {}
RESULT: {"using":"css selector","value":"#shell-header-logo"}
COMMAND: POST /session/59389012155df3fc64e839119ed77469/element/f.8420AFDB22D113F0275E61267E529F05.d.3E9925F29468F8146425BA2509C9BBDC.e.11274/click - {}
RESULT: {}
RESULT: {}
COMMAND: GET /session/59389012155df3fc64e839119ed77469/screenshot - {}
RESULT: {}
]]></system-out>
    </testcase>
    <testcase classname="chrome.135_0_7049_96.windows.Create_master_data_for_mixed_billing_&amp;_do_billing_calculation_US151661" name="Should do a stock increase handover" time="85.366">
      <system-out><![CDATA[
COMMAND: POST /session/59389012155df3fc64e839119ed77469/execute/async - {"script":"<script> [1562 bytes]","args":[{"selector":{"controlType":"sap.m.Text","viewName":"etm.portal.ui.managehandoverstile.view.Master","properties":{"text":"Manage Handovers"},"interaction":{"idSuffix":"inner"}},"wdio_ui5_key":"etmportal.ui.managehandoverstile.view.Mastersap.m.Text{\"text\":\"Manage Handovers\"}"}]}
RESULT: {"script":"<script> [1562 bytes]","args":[{"selector":{"controlType":"sap.m.Text","viewName":"etm.portal.ui.managehandoverstile.view.Master","properties":{"text":"Manage Handovers"},"interaction":{"idSuffix":"inner"}},"wdio_ui5_key":"etmportal.ui.managehandoverstile.view.Mastersap.m.Text{\"text\":\"Manage Handovers\"}"}]}
RESULT: undefined
COMMAND: POST /session/59389012155df3fc64e839119ed77469/element - {"using":"xpath","value":"//*[@id=\"__tile132-title\"]"}
RESULT: {"using":"xpath","value":"//*[@id=\"__tile132-title\"]"}
COMMAND: POST /session/59389012155df3fc64e839119ed77469/element/f.8420AFDB22D113F0275E61267E529F05.d.3E9925F29468F8146425BA2509C9BBDC.e.12089/click - {}
RESULT: {}
COMMAND: POST /session/59389012155df3fc64e839119ed77469/element - {"using":"xpath","value":"//button[@data-kt=\"masterHOAddButton\"]"}
COMMAND: GET /session/59389012155df3fc64e839119ed77469/screenshot - {}
RESULT: {"using":"xpath","value":"//button[@data-kt=\"masterHOAddButton\"]"}
COMMAND: POST /session/59389012155df3fc64e839119ed77469/elements - {"using":"xpath","value":"//button[@data-kt=\"masterHOAddButton\"]"}
RESULT: {}
RESULT: {"using":"xpath","value":"//button[@data-kt=\"masterHOAddButton\"]"}
COMMAND: POST /session/59389012155df3fc64e839119ed77469/elements - {"using":"xpath","value":"//button[@data-kt=\"masterHOAddButton\"]"}
RESULT: {"using":"xpath","value":"//button[@data-kt=\"masterHOAddButton\"]"}
COMMAND: POST /session/59389012155df3fc64e839119ed77469/elements - {"using":"xpath","value":"//button[@data-kt=\"masterHOAddButton\"]"}
RESULT: {"using":"xpath","value":"//button[@data-kt=\"masterHOAddButton\"]"}
COMMAND: POST /session/59389012155df3fc64e839119ed77469/elements - {"using":"xpath","value":"//button[@data-kt=\"masterHOAddButton\"]"}
RESULT: {"using":"xpath","value":"//button[@data-kt=\"masterHOAddButton\"]"}
COMMAND: POST /session/59389012155df3fc64e839119ed77469/elements - {"using":"xpath","value":"//button[@data-kt=\"masterHOAddButton\"]"}
RESULT: {"using":"xpath","value":"//button[@data-kt=\"masterHOAddButton\"]"}
COMMAND: POST /session/59389012155df3fc64e839119ed77469/elements - {"using":"xpath","value":"//button[@data-kt=\"masterHOAddButton\"]"}
RESULT: {"using":"xpath","value":"//button[@data-kt=\"masterHOAddButton\"]"}
COMMAND: POST /session/59389012155df3fc64e839119ed77469/elements - {"using":"xpath","value":"//button[@data-kt=\"masterHOAddButton\"]"}
RESULT: {"using":"xpath","value":"//button[@data-kt=\"masterHOAddButton\"]"}
COMMAND: POST /session/59389012155df3fc64e839119ed77469/elements - {"using":"xpath","value":"//button[@data-kt=\"masterHOAddButton\"]"}
RESULT: {"using":"xpath","value":"//button[@data-kt=\"masterHOAddButton\"]"}
COMMAND: POST /session/59389012155df3fc64e839119ed77469/elements - {"using":"xpath","value":"//button[@data-kt=\"masterHOAddButton\"]"}
RESULT: {"using":"xpath","value":"//button[@data-kt=\"masterHOAddButton\"]"}
COMMAND: POST /session/59389012155df3fc64e839119ed77469/elements - {"using":"xpath","value":"//button[@data-kt=\"masterHOAddButton\"]"}
RESULT: {"using":"xpath","value":"//button[@data-kt=\"masterHOAddButton\"]"}
COMMAND: POST /session/59389012155df3fc64e839119ed77469/elements - {"using":"xpath","value":"//button[@data-kt=\"masterHOAddButton\"]"}
RESULT: {"using":"xpath","value":"//button[@data-kt=\"masterHOAddButton\"]"}
COMMAND: POST /session/59389012155df3fc64e839119ed77469/elements - {"using":"xpath","value":"//button[@data-kt=\"masterHOAddButton\"]"}
RESULT: {"using":"xpath","value":"//button[@data-kt=\"masterHOAddButton\"]"}
COMMAND: POST /session/59389012155df3fc64e839119ed77469/element - {"using":"xpath","value":"//button[@data-kt=\"masterHOAddButton\"]"}
RESULT: {"using":"xpath","value":"//button[@data-kt=\"masterHOAddButton\"]"}
COMMAND: POST /session/59389012155df3fc64e839119ed77469/execute/sync - {"script":"<script> [8489 bytes]","args":[{"element-6066-11e4-a52e-4f735466cecf":"f.8420AFDB22D113F0275E61267E529F05.d.3E9925F29468F8146425BA2509C9BBDC.e.12128","ELEMENT":"f.8420AFDB22D113F0275E61267E529F05.d.3E9925F29468F8146425BA2509C9BBDC.e.12128"}]}
RESULT: {"script":"<script> [8489 bytes]","args":[{"element-6066-11e4-a52e-4f735466cecf":"f.8420AFDB22D113F0275E61267E529F05.d.3E9925F29468F8146425BA2509C9BBDC.e.12128","ELEMENT":"f.8420AFDB22D113F0275E61267E529F05.d.3E9925F29468F8146425BA2509C9BBDC.e.12128"}]}
COMMAND: GET /session/59389012155df3fc64e839119ed77469/element/f.8420AFDB22D113F0275E61267E529F05.d.3E9925F29468F8146425BA2509C9BBDC.e.12128/enabled - {}
COMMAND: GET /session/59389012155df3fc64e839119ed77469/screenshot - {}
RESULT: {}
COMMAND: POST /session/59389012155df3fc64e839119ed77469/execute/sync - {"script":"<script> [8489 bytes]","args":[{"element-6066-11e4-a52e-4f735466cecf":"f.8420AFDB22D113F0275E61267E529F05.d.3E9925F29468F8146425BA2509C9BBDC.e.12128","ELEMENT":"f.8420AFDB22D113F0275E61267E529F05.d.3E9925F29468F8146425BA2509C9BBDC.e.12128"}]}
COMMAND: GET /session/59389012155df3fc64e839119ed77469/screenshot - {}
RESULT: {}
RESULT: {"script":"<script> [8489 bytes]","args":[{"element-6066-11e4-a52e-4f735466cecf":"f.8420AFDB22D113F0275E61267E529F05.d.3E9925F29468F8146425BA2509C9BBDC.e.12128","ELEMENT":"f.8420AFDB22D113F0275E61267E529F05.d.3E9925F29468F8146425BA2509C9BBDC.e.12128"}]}
COMMAND: POST /session/59389012155df3fc64e839119ed77469/execute/sync - {"script":"<script> [5351 bytes]","args":[{"element-6066-11e4-a52e-4f735466cecf":"f.8420AFDB22D113F0275E61267E529F05.d.3E9925F29468F8146425BA2509C9BBDC.e.12128","ELEMENT":"f.8420AFDB22D113F0275E61267E529F05.d.3E9925F29468F8146425BA2509C9BBDC.e.12128"}]}
COMMAND: GET /session/59389012155df3fc64e839119ed77469/screenshot - {}
RESULT: {}
RESULT: {"script":"<script> [5351 bytes]","args":[{"element-6066-11e4-a52e-4f735466cecf":"f.8420AFDB22D113F0275E61267E529F05.d.3E9925F29468F8146425BA2509C9BBDC.e.12128","ELEMENT":"f.8420AFDB22D113F0275E61267E529F05.d.3E9925F29468F8146425BA2509C9BBDC.e.12128"}]}
COMMAND: POST /session/59389012155df3fc64e839119ed77469/element/f.8420AFDB22D113F0275E61267E529F05.d.3E9925F29468F8146425BA2509C9BBDC.e.12128/click - {}
COMMAND: GET /session/59389012155df3fc64e839119ed77469/screenshot - {}
RESULT: {}
RESULT: {}
COMMAND: GET /session/59389012155df3fc64e839119ed77469/screenshot - {}
RESULT: {}
RESULT: {}
COMMAND: POST /session/59389012155df3fc64e839119ed77469/element - {"using":"xpath","value":"//span[contains(@id ,\"AddNewHO--typeSelect-arrow\")]"}
RESULT: {"using":"xpath","value":"//span[contains(@id ,\"AddNewHO--typeSelect-arrow\")]"}
COMMAND: POST /session/59389012155df3fc64e839119ed77469/element/f.8420AFDB22D113F0275E61267E529F05.d.3E9925F29468F8146425BA2509C9BBDC.e.12481/click - {}
RESULT: {}
COMMAND: GET /session/59389012155df3fc64e839119ed77469/screenshot - {}
RESULT: {}
COMMAND: POST /session/59389012155df3fc64e839119ed77469/element - {"using":"xpath","value":"(//li[contains(text(), \"stock increase yard\")])[1]"}
RESULT: {"using":"xpath","value":"(//li[contains(text(), \"stock increase yard\")])[1]"}
COMMAND: POST /session/59389012155df3fc64e839119ed77469/element/f.8420AFDB22D113F0275E61267E529F05.d.3E9925F29468F8146425BA2509C9BBDC.e.12482/click - {}
RESULT: {}
COMMAND: GET /session/59389012155df3fc64e839119ed77469/screenshot - {}
RESULT: {}
COMMAND: POST /session/59389012155df3fc64e839119ed77469/execute/async - {"script":"<script> [1562 bytes]","args":[{"selector":{"id":"application-managehandovers-display-component---AddNewHO--dueDate","interaction":{"idSuffix":"inner"}},"wdio_ui5_key":"applicationmanagehandovers-display-component---AddNewHO--dueDate"}]}
RESULT: {"script":"<script> [1562 bytes]","args":[{"selector":{"id":"application-managehandovers-display-component---AddNewHO--dueDate","interaction":{"idSuffix":"inner"}},"wdio_ui5_key":"applicationmanagehandovers-display-component---AddNewHO--dueDate"}]}
RESULT: undefined
COMMAND: POST /session/59389012155df3fc64e839119ed77469/execute/async - {"script":"<script> [6424 bytes]","args":[{"element-6066-11e4-a52e-4f735466cecf":"f.8420AFDB22D113F0275E61267E529F05.d.3E9925F29468F8146425BA2509C9BBDC.e.12484"},"setValue",["05/01/2025"]]}
RESULT: {"script":"<script> [6424 bytes]","args":[{"element-6066-11e4-a52e-4f735466cecf":"f.8420AFDB22D113F0275E61267E529F05.d.3E9925F29468F8146425BA2509C9BBDC.e.12484"},"setValue",["05/01/2025"]]}
COMMAND: POST /session/59389012155df3fc64e839119ed77469/element - {"using":"xpath","value":"//input[@id=\"generalSectionFrg--receiveYard-inner\"]"}
RESULT: {"using":"xpath","value":"//input[@id=\"generalSectionFrg--receiveYard-inner\"]"}
COMMAND: POST /session/59389012155df3fc64e839119ed77469/element/f.8420AFDB22D113F0275E61267E529F05.d.3E9925F29468F8146425BA2509C9BBDC.e.12490/clear - {}
RESULT: {}
COMMAND: POST /session/59389012155df3fc64e839119ed77469/element/f.8420AFDB22D113F0275E61267E529F05.d.3E9925F29468F8146425BA2509C9BBDC.e.12490/value - {"text":"487"}
COMMAND: GET /session/59389012155df3fc64e839119ed77469/screenshot - {}
RESULT: {"text":"487"}
COMMAND: GET /session/59389012155df3fc64e839119ed77469/screenshot - {}
RESULT: {}
RESULT: {}
COMMAND: POST /session/59389012155df3fc64e839119ed77469/element - {"using":"xpath","value":"//li[.//span[text()='487']]"}
RESULT: {"using":"xpath","value":"//li[.//span[text()='487']]"}
COMMAND: POST /session/59389012155df3fc64e839119ed77469/element/f.8420AFDB22D113F0275E61267E529F05.d.3E9925F29468F8146425BA2509C9BBDC.e.12508/click - {}
RESULT: {}
COMMAND: GET /session/59389012155df3fc64e839119ed77469/screenshot - {}
RESULT: {}
COMMAND: POST /session/59389012155df3fc64e839119ed77469/execute/async - {"script":"<script> [1562 bytes]","args":[{"selector":{"id":"application-managehandovers-display-component---AddNewHO--ObjectPageLayout-anchBar-application-managehandovers-display-component---AddNewHO--section4-anchor","interaction":{"idSuffix":"BDI-content"}},"wdio_ui5_key":"applicationmanagehandovers-display-component---AddNewHO--ObjectPageLayout-anchBar-application-managehandovers-display-component---AddNewHO--section4-anchor"}]}
RESULT: {"script":"<script> [1562 bytes]","args":[{"selector":{"id":"application-managehandovers-display-component---AddNewHO--ObjectPageLayout-anchBar-application-managehandovers-display-component---AddNewHO--section4-anchor","interaction":{"idSuffix":"BDI-content"}},"wdio_ui5_key":"applicationmanagehandovers-display-component---AddNewHO--ObjectPageLayout-anchBar-application-managehandovers-display-component---AddNewHO--section4-anchor"}]}
RESULT: undefined
COMMAND: POST /session/59389012155df3fc64e839119ed77469/element - {"using":"xpath","value":"//*[@id=\"application-managehandovers-display-component---AddNewHO--ObjectPageLayout-anchBar-application-managehandovers-display-component---AddNewHO--section4-anchor\"]"}
RESULT: {"using":"xpath","value":"//*[@id=\"application-managehandovers-display-component---AddNewHO--ObjectPageLayout-anchBar-application-managehandovers-display-component---AddNewHO--section4-anchor\"]"}
COMMAND: POST /session/59389012155df3fc64e839119ed77469/element/f.8420AFDB22D113F0275E61267E529F05.d.3E9925F29468F8146425BA2509C9BBDC.e.12510/click - {}
RESULT: {}
COMMAND: POST /session/59389012155df3fc64e839119ed77469/element - {"using":"xpath","value":"//button[@aria-label=\"Add\"]"}
COMMAND: GET /session/59389012155df3fc64e839119ed77469/screenshot - {}
RESULT: {"using":"xpath","value":"//button[@aria-label=\"Add\"]"}
COMMAND: POST /session/59389012155df3fc64e839119ed77469/element/f.8420AFDB22D113F0275E61267E529F05.d.3E9925F29468F8146425BA2509C9BBDC.e.12512/click - {}
RESULT: {}
RESULT: {}
COMMAND: GET /session/59389012155df3fc64e839119ed77469/screenshot - {}
RESULT: {}
COMMAND: POST /session/59389012155df3fc64e839119ed77469/execute/async - {"script":"<script> [1562 bytes]","args":[{"selector":{"id":"application-managehandovers-display-component---AddNewHO--smartFilterBar-btnBasicSearch","searchOpenDialogs":true,"interaction":{"idSuffix":"I"}},"wdio_ui5_key":"applicationmanagehandovers-display-component---AddNewHO--smartFilterBar-btnBasicSearch"}]}
RESULT: {"script":"<script> [1562 bytes]","args":[{"selector":{"id":"application-managehandovers-display-component---AddNewHO--smartFilterBar-btnBasicSearch","searchOpenDialogs":true,"interaction":{"idSuffix":"I"}},"wdio_ui5_key":"applicationmanagehandovers-display-component---AddNewHO--smartFilterBar-btnBasicSearch"}]}
RESULT: undefined
COMMAND: POST /session/59389012155df3fc64e839119ed77469/execute/async - {"script":"<script> [776 bytes]","args":[{"enterText":"LoyqiVs9Uj","selector":{"id":"application-managehandovers-display-component---AddNewHO--smartFilterBar-btnBasicSearch","searchOpenDialogs":true,"interaction":{"idSuffix":"I"}},"clearTextFirst":true,"interactionType":"ENTER_TEXT"}]}
RESULT: {"script":"<script> [776 bytes]","args":[{"enterText":"LoyqiVs9Uj","selector":{"id":"application-managehandovers-display-component---AddNewHO--smartFilterBar-btnBasicSearch","searchOpenDialogs":true,"interaction":{"idSuffix":"I"}},"clearTextFirst":true,"interactionType":"ENTER_TEXT"}]}
COMMAND: POST /session/59389012155df3fc64e839119ed77469/actions - {"actions":[{"id":"action44","type":"key","parameters":{},"actions":[{"type":"keyDown","value":"î€‡"},{"type":"pause","duration":10},{"type":"keyUp","value":"î€‡"}]}]}
RESULT: {"actions":[{"id":"action44","type":"key","parameters":{},"actions":[{"type":"keyDown","value":"î€‡"},{"type":"pause","duration":10},{"type":"keyUp","value":"î€‡"}]}]}
COMMAND: GET /session/59389012155df3fc64e839119ed77469/screenshot - {}
RESULT: {}
COMMAND: POST /session/59389012155df3fc64e839119ed77469/execute/async - {"script":"<script> [1562 bytes]","args":[{"selector":{"id":"application-managehandovers-display-component---AddNewHO--popup-sa","searchOpenDialogs":true,"interaction":{"idSuffix":"CbBg"}},"wdio_ui5_key":"applicationmanagehandovers-display-component---AddNewHO--popup-sa"}]}
RESULT: {"script":"<script> [1562 bytes]","args":[{"selector":{"id":"application-managehandovers-display-component---AddNewHO--popup-sa","searchOpenDialogs":true,"interaction":{"idSuffix":"CbBg"}},"wdio_ui5_key":"applicationmanagehandovers-display-component---AddNewHO--popup-sa"}]}
RESULT: undefined
COMMAND: POST /session/59389012155df3fc64e839119ed77469/element - {"using":"xpath","value":"//*[@id=\"application-managehandovers-display-component---AddNewHO--popup-sa\"]"}
RESULT: {"using":"xpath","value":"//*[@id=\"application-managehandovers-display-component---AddNewHO--popup-sa\"]"}
COMMAND: POST /session/59389012155df3fc64e839119ed77469/element/f.8420AFDB22D113F0275E61267E529F05.d.3E9925F29468F8146425BA2509C9BBDC.e.12666/click - {}
RESULT: {}
COMMAND: GET /session/59389012155df3fc64e839119ed77469/screenshot - {}
RESULT: {}
COMMAND: POST /session/59389012155df3fc64e839119ed77469/element - {"using":"xpath","value":"//bdi[contains(text(), \"Select\")]"}
RESULT: {"using":"xpath","value":"//bdi[contains(text(), \"Select\")]"}
COMMAND: POST /session/59389012155df3fc64e839119ed77469/element/f.8420AFDB22D113F0275E61267E529F05.d.3E9925F29468F8146425BA2509C9BBDC.e.12667/click - {}
RESULT: {}
COMMAND: GET /session/59389012155df3fc64e839119ed77469/screenshot - {}
RESULT: {}
COMMAND: POST /session/59389012155df3fc64e839119ed77469/element - {"using":"xpath","value":"//button[@data-kt=\"AddNewHOSaveButton\"]"}
RESULT: {"using":"xpath","value":"//button[@data-kt=\"AddNewHOSaveButton\"]"}
COMMAND: POST /session/59389012155df3fc64e839119ed77469/element/f.8420AFDB22D113F0275E61267E529F05.d.3E9925F29468F8146425BA2509C9BBDC.e.12671/click - {}
RESULT: {}
COMMAND: GET /session/59389012155df3fc64e839119ed77469/screenshot - {}
RESULT: {}
COMMAND: POST /session/59389012155df3fc64e839119ed77469/execute/async - {"script":"<script> [1562 bytes]","args":[{"selector":{"id":"receiptDatePicker","viewName":"etm.portal.ui.managehandovers.view.DetailExecuteHO","interaction":{"idSuffix":"inner"}},"wdio_ui5_key":"receiptDatePickeretmportal.ui.managehandovers.view.DetailExecuteHO"}]}
RESULT: {"script":"<script> [1562 bytes]","args":[{"selector":{"id":"receiptDatePicker","viewName":"etm.portal.ui.managehandovers.view.DetailExecuteHO","interaction":{"idSuffix":"inner"}},"wdio_ui5_key":"receiptDatePickeretmportal.ui.managehandovers.view.DetailExecuteHO"}]}
RESULT: undefined
COMMAND: POST /session/59389012155df3fc64e839119ed77469/execute/async - {"script":"<script> [6424 bytes]","args":[{"element-6066-11e4-a52e-4f735466cecf":"f.8420AFDB22D113F0275E61267E529F05.d.3E9925F29468F8146425BA2509C9BBDC.e.12700"},"setValue",["05/01/2025"]]}
RESULT: {"script":"<script> [6424 bytes]","args":[{"element-6066-11e4-a52e-4f735466cecf":"f.8420AFDB22D113F0275E61267E529F05.d.3E9925F29468F8146425BA2509C9BBDC.e.12700"},"setValue",["05/01/2025"]]}
COMMAND: POST /session/59389012155df3fc64e839119ed77469/element - {"using":"xpath","value":"//button[@data-kt=\"PickingTableConfirmAllButton\"]"}
RESULT: {"using":"xpath","value":"//button[@data-kt=\"PickingTableConfirmAllButton\"]"}
COMMAND: POST /session/59389012155df3fc64e839119ed77469/element/f.8420AFDB22D113F0275E61267E529F05.d.3E9925F29468F8146425BA2509C9BBDC.e.12715/click - {}
RESULT: {}
COMMAND: GET /session/59389012155df3fc64e839119ed77469/screenshot - {}
RESULT: {}
COMMAND: POST /session/59389012155df3fc64e839119ed77469/element - {"using":"xpath","value":"//bdi[contains(text(), \"OK\")]"}
RESULT: {"using":"xpath","value":"//bdi[contains(text(), \"OK\")]"}
COMMAND: POST /session/59389012155df3fc64e839119ed77469/element/f.8420AFDB22D113F0275E61267E529F05.d.3E9925F29468F8146425BA2509C9BBDC.e.12717/click - {}
RESULT: {}
COMMAND: GET /session/59389012155df3fc64e839119ed77469/screenshot - {}
RESULT: {}
COMMAND: POST /session/59389012155df3fc64e839119ed77469/element - {"using":"xpath","value":"(//bdi[contains(text(), \"Receive\")])[2]"}
RESULT: {"using":"xpath","value":"(//bdi[contains(text(), \"Receive\")])[2]"}
COMMAND: POST /session/59389012155df3fc64e839119ed77469/element/f.8420AFDB22D113F0275E61267E529F05.d.3E9925F29468F8146425BA2509C9BBDC.e.12719/click - {}
RESULT: {}
COMMAND: GET /session/59389012155df3fc64e839119ed77469/screenshot - {}
RESULT: {}
COMMAND: POST /session/59389012155df3fc64e839119ed77469/element - {"using":"css selector","value":"#shell-header-logo"}
RESULT: {"using":"css selector","value":"#shell-header-logo"}
COMMAND: POST /session/59389012155df3fc64e839119ed77469/element/f.8420AFDB22D113F0275E61267E529F05.d.3E9925F29468F8146425BA2509C9BBDC.e.12091/click - {}
RESULT: {}
COMMAND: GET /session/59389012155df3fc64e839119ed77469/screenshot - {}
RESULT: {}
]]></system-out>
    </testcase>
    <testcase classname="chrome.135_0_7049_96.windows.Create_master_data_for_mixed_billing_&amp;_do_billing_calculation_US151661" name="Should create a new contract" time="55.954">
      <system-out><![CDATA[
COMMAND: POST /session/59389012155df3fc64e839119ed77469/execute/async - {"script":"<script> [1562 bytes]","args":[{"selector":{"controlType":"sap.m.Text","viewName":"etm.portal.ui.managecontractstile.view.Master","properties":{"text":"Manage Contracts"},"interaction":{"idSuffix":"inner"}},"wdio_ui5_key":"etmportal.ui.managecontractstile.view.Mastersap.m.Text{\"text\":\"Manage Contracts\"}"}]}
RESULT: {"script":"<script> [1562 bytes]","args":[{"selector":{"controlType":"sap.m.Text","viewName":"etm.portal.ui.managecontractstile.view.Master","properties":{"text":"Manage Contracts"},"interaction":{"idSuffix":"inner"}},"wdio_ui5_key":"etmportal.ui.managecontractstile.view.Mastersap.m.Text{\"text\":\"Manage Contracts\"}"}]}
RESULT: undefined
COMMAND: POST /session/59389012155df3fc64e839119ed77469/element - {"using":"xpath","value":"//*[@id=\"__tile130-title\"]"}
RESULT: {"using":"xpath","value":"//*[@id=\"__tile130-title\"]"}
COMMAND: POST /session/59389012155df3fc64e839119ed77469/element/f.8420AFDB22D113F0275E61267E529F05.d.3E9925F29468F8146425BA2509C9BBDC.e.12891/click - {}
RESULT: {}
COMMAND: GET /session/59389012155df3fc64e839119ed77469/screenshot - {}
COMMAND: POST /session/59389012155df3fc64e839119ed77469/element - {"using":"xpath","value":"//button[@data-kt=\"addButton\"]"}
RESULT: {}
RESULT: {"using":"xpath","value":"//button[@data-kt=\"addButton\"]"}
COMMAND: POST /session/59389012155df3fc64e839119ed77469/elements - {"using":"xpath","value":"//button[@data-kt=\"addButton\"]"}
RESULT: {"using":"xpath","value":"//button[@data-kt=\"addButton\"]"}
COMMAND: POST /session/59389012155df3fc64e839119ed77469/element - {"using":"xpath","value":"//button[@data-kt=\"addButton\"]"}
RESULT: {"using":"xpath","value":"//button[@data-kt=\"addButton\"]"}
COMMAND: POST /session/59389012155df3fc64e839119ed77469/execute/sync - {"script":"<script> [8489 bytes]","args":[{"element-6066-11e4-a52e-4f735466cecf":"f.8420AFDB22D113F0275E61267E529F05.d.3E9925F29468F8146425BA2509C9BBDC.e.12950","ELEMENT":"f.8420AFDB22D113F0275E61267E529F05.d.3E9925F29468F8146425BA2509C9BBDC.e.12950"}]}
RESULT: {"script":"<script> [8489 bytes]","args":[{"element-6066-11e4-a52e-4f735466cecf":"f.8420AFDB22D113F0275E61267E529F05.d.3E9925F29468F8146425BA2509C9BBDC.e.12950","ELEMENT":"f.8420AFDB22D113F0275E61267E529F05.d.3E9925F29468F8146425BA2509C9BBDC.e.12950"}]}
COMMAND: GET /session/59389012155df3fc64e839119ed77469/element/f.8420AFDB22D113F0275E61267E529F05.d.3E9925F29468F8146425BA2509C9BBDC.e.12950/enabled - {}
COMMAND: GET /session/59389012155df3fc64e839119ed77469/screenshot - {}
RESULT: {}
COMMAND: POST /session/59389012155df3fc64e839119ed77469/execute/sync - {"script":"<script> [8489 bytes]","args":[{"element-6066-11e4-a52e-4f735466cecf":"f.8420AFDB22D113F0275E61267E529F05.d.3E9925F29468F8146425BA2509C9BBDC.e.12950","ELEMENT":"f.8420AFDB22D113F0275E61267E529F05.d.3E9925F29468F8146425BA2509C9BBDC.e.12950"}]}
COMMAND: GET /session/59389012155df3fc64e839119ed77469/screenshot - {}
RESULT: {}
RESULT: {"script":"<script> [8489 bytes]","args":[{"element-6066-11e4-a52e-4f735466cecf":"f.8420AFDB22D113F0275E61267E529F05.d.3E9925F29468F8146425BA2509C9BBDC.e.12950","ELEMENT":"f.8420AFDB22D113F0275E61267E529F05.d.3E9925F29468F8146425BA2509C9BBDC.e.12950"}]}
COMMAND: POST /session/59389012155df3fc64e839119ed77469/execute/sync - {"script":"<script> [5351 bytes]","args":[{"element-6066-11e4-a52e-4f735466cecf":"f.8420AFDB22D113F0275E61267E529F05.d.3E9925F29468F8146425BA2509C9BBDC.e.12950","ELEMENT":"f.8420AFDB22D113F0275E61267E529F05.d.3E9925F29468F8146425BA2509C9BBDC.e.12950"}]}
COMMAND: GET /session/59389012155df3fc64e839119ed77469/screenshot - {}
RESULT: {}
RESULT: {"script":"<script> [5351 bytes]","args":[{"element-6066-11e4-a52e-4f735466cecf":"f.8420AFDB22D113F0275E61267E529F05.d.3E9925F29468F8146425BA2509C9BBDC.e.12950","ELEMENT":"f.8420AFDB22D113F0275E61267E529F05.d.3E9925F29468F8146425BA2509C9BBDC.e.12950"}]}
COMMAND: GET /session/59389012155df3fc64e839119ed77469/screenshot - {}
RESULT: {}
RESULT: {}
COMMAND: POST /session/59389012155df3fc64e839119ed77469/element/f.8420AFDB22D113F0275E61267E529F05.d.3E9925F29468F8146425BA2509C9BBDC.e.12950/click - {}
RESULT: {}
COMMAND: GET /session/59389012155df3fc64e839119ed77469/screenshot - {}
COMMAND: POST /session/59389012155df3fc64e839119ed77469/execute/async - {"script":"<script> [1562 bytes]","args":[{"selector":{"id":"application-managecontracts-display-component---AddNewContract--projectDescription","interaction":{"idSuffix":"inner"}},"wdio_ui5_key":"applicationmanagecontracts-display-component---AddNewContract--projectDescription"}]}
RESULT: {}
RESULT: {"script":"<script> [1562 bytes]","args":[{"selector":{"id":"application-managecontracts-display-component---AddNewContract--projectDescription","interaction":{"idSuffix":"inner"}},"wdio_ui5_key":"applicationmanagecontracts-display-component---AddNewContract--projectDescription"}]}
RESULT: undefined
COMMAND: POST /session/59389012155df3fc64e839119ed77469/execute/async - {"script":"<script> [776 bytes]","args":[{"enterText":"Mixed Contract WDIO","selector":{"id":"application-managecontracts-display-component---AddNewContract--projectDescription","interaction":{"idSuffix":"inner"}},"clearTextFirst":true,"interactionType":"ENTER_TEXT"}]}
RESULT: {"script":"<script> [776 bytes]","args":[{"enterText":"Mixed Contract WDIO","selector":{"id":"application-managecontracts-display-component---AddNewContract--projectDescription","interaction":{"idSuffix":"inner"}},"clearTextFirst":true,"interactionType":"ENTER_TEXT"}]}
COMMAND: POST /session/59389012155df3fc64e839119ed77469/element - {"using":"xpath","value":"//input[@id=\"application-managecontracts-display-component---AddNewContract--site-inner\"]"}
RESULT: {"using":"xpath","value":"//input[@id=\"application-managecontracts-display-component---AddNewContract--site-inner\"]"}
COMMAND: POST /session/59389012155df3fc64e839119ed77469/element/f.8420AFDB22D113F0275E61267E529F05.d.3E9925F29468F8146425BA2509C9BBDC.e.13253/clear - {}
RESULT: {}
COMMAND: POST /session/59389012155df3fc64e839119ed77469/element/f.8420AFDB22D113F0275E61267E529F05.d.3E9925F29468F8146425BA2509C9BBDC.e.13253/value - {"text":"2323"}
COMMAND: GET /session/59389012155df3fc64e839119ed77469/screenshot - {}
RESULT: {"text":"2323"}
COMMAND: GET /session/59389012155df3fc64e839119ed77469/screenshot - {}
RESULT: {}
RESULT: {}
COMMAND: POST /session/59389012155df3fc64e839119ed77469/element - {"using":"xpath","value":"//li[.//span[text()='2323']]"}
RESULT: {"using":"xpath","value":"//li[.//span[text()='2323']]"}
COMMAND: POST /session/59389012155df3fc64e839119ed77469/element/f.8420AFDB22D113F0275E61267E529F05.d.3E9925F29468F8146425BA2509C9BBDC.e.13277/click - {}
RESULT: {}
COMMAND: GET /session/59389012155df3fc64e839119ed77469/screenshot - {}
RESULT: {}
COMMAND: POST /session/59389012155df3fc64e839119ed77469/element - {"using":"xpath","value":"//input[@id=\"application-managecontracts-display-component---AddNewContract--yardId-inner\"]"}
RESULT: {"using":"xpath","value":"//input[@id=\"application-managecontracts-display-component---AddNewContract--yardId-inner\"]"}
COMMAND: GET /session/59389012155df3fc64e839119ed77469/element/f.8420AFDB22D113F0275E61267E529F05.d.3E9925F29468F8146425BA2509C9BBDC.e.13254/property/value - {}
RESULT: {}
COMMAND: POST /session/59389012155df3fc64e839119ed77469/element - {"using":"xpath","value":"//input[@id=\"application-managecontracts-display-component---AddNewContract--customerSelect-inner\"]"}
COMMAND: GET /session/59389012155df3fc64e839119ed77469/screenshot - {}
RESULT: {"using":"xpath","value":"//input[@id=\"application-managecontracts-display-component---AddNewContract--customerSelect-inner\"]"}
COMMAND: POST /session/59389012155df3fc64e839119ed77469/element/f.8420AFDB22D113F0275E61267E529F05.d.3E9925F29468F8146425BA2509C9BBDC.e.13252/clear - {}
RESULT: {}
RESULT: {}
COMMAND: POST /session/59389012155df3fc64e839119ed77469/element/f.8420AFDB22D113F0275E61267E529F05.d.3E9925F29468F8146425BA2509C9BBDC.e.13252/value - {"text":"1358"}
COMMAND: GET /session/59389012155df3fc64e839119ed77469/screenshot - {}
RESULT: {"text":"1358"}
COMMAND: GET /session/59389012155df3fc64e839119ed77469/screenshot - {}
RESULT: {}
RESULT: {}
COMMAND: POST /session/59389012155df3fc64e839119ed77469/element - {"using":"xpath","value":"//li[.//span[text()='1358']]"}
RESULT: {"using":"xpath","value":"//li[.//span[text()='1358']]"}
COMMAND: POST /session/59389012155df3fc64e839119ed77469/element/f.8420AFDB22D113F0275E61267E529F05.d.3E9925F29468F8146425BA2509C9BBDC.e.13280/click - {}
RESULT: {}
COMMAND: GET /session/59389012155df3fc64e839119ed77469/screenshot - {}
RESULT: {}
COMMAND: POST /session/59389012155df3fc64e839119ed77469/element - {"using":"xpath","value":"//button[@data-kt=\"saveButton\"]"}
RESULT: {"using":"xpath","value":"//button[@data-kt=\"saveButton\"]"}
COMMAND: POST /session/59389012155df3fc64e839119ed77469/element/f.8420AFDB22D113F0275E61267E529F05.d.3E9925F29468F8146425BA2509C9BBDC.e.13270/click - {}
RESULT: {}
COMMAND: GET /session/59389012155df3fc64e839119ed77469/screenshot - {}
RESULT: {}
COMMAND: POST /session/59389012155df3fc64e839119ed77469/element - {"using":"xpath","value":"//span[contains(@id ,\"contractDetailTitleNoExpanded\")]"}
RESULT: {"using":"xpath","value":"//span[contains(@id ,\"contractDetailTitleNoExpanded\")]"}
COMMAND: POST /session/59389012155df3fc64e839119ed77469/elements - {"using":"xpath","value":"//span[contains(@id ,\"contractDetailTitleNoExpanded\")]"}
RESULT: {"using":"xpath","value":"//span[contains(@id ,\"contractDetailTitleNoExpanded\")]"}
COMMAND: POST /session/59389012155df3fc64e839119ed77469/execute/sync - {"script":"<script> [56 bytes]","args":[{"element-6066-11e4-a52e-4f735466cecf":"f.8420AFDB22D113F0275E61267E529F05.d.3E9925F29468F8146425BA2509C9BBDC.e.13350","ELEMENT":"f.8420AFDB22D113F0275E61267E529F05.d.3E9925F29468F8146425BA2509C9BBDC.e.13350"}]}
RESULT: {"script":"<script> [56 bytes]","args":[{"element-6066-11e4-a52e-4f735466cecf":"f.8420AFDB22D113F0275E61267E529F05.d.3E9925F29468F8146425BA2509C9BBDC.e.13350","ELEMENT":"f.8420AFDB22D113F0275E61267E529F05.d.3E9925F29468F8146425BA2509C9BBDC.e.13350"}]}
COMMAND: GET /session/59389012155df3fc64e839119ed77469/screenshot - {}
RESULT: {}
]]></system-out>
    </testcase>
    <testcase classname="chrome.135_0_7049_96.windows.Create_master_data_for_mixed_billing_&amp;_do_billing_calculation_US151661" name="Should add equipment to the contract" time="45.849">
      <system-out><![CDATA[
COMMAND: POST /session/59389012155df3fc64e839119ed77469/element - {"using":"xpath","value":"//button[@data-kt=\"contractDetailEditBtnButton\"]"}
RESULT: {"using":"xpath","value":"//button[@data-kt=\"contractDetailEditBtnButton\"]"}
COMMAND: POST /session/59389012155df3fc64e839119ed77469/element/f.8420AFDB22D113F0275E61267E529F05.d.3E9925F29468F8146425BA2509C9BBDC.e.13353/click - {}
RESULT: {}
COMMAND: GET /session/59389012155df3fc64e839119ed77469/screenshot - {}
RESULT: {}
COMMAND: POST /session/59389012155df3fc64e839119ed77469/element - {"using":"xpath","value":"(//span[contains(text(), \"Additional Addresses\")])[2]"}
RESULT: {"using":"xpath","value":"(//span[contains(text(), \"Additional Addresses\")])[2]"}
COMMAND: POST /session/59389012155df3fc64e839119ed77469/element/f.8420AFDB22D113F0275E61267E529F05.d.3E9925F29468F8146425BA2509C9BBDC.e.13407/click - {}
RESULT: {}
COMMAND: GET /session/59389012155df3fc64e839119ed77469/screenshot - {}
RESULT: {}
COMMAND: POST /session/59389012155df3fc64e839119ed77469/element - {"using":"xpath","value":"//button[@data-kt=\"btnAddTableRowOverflowToolbarButton\"]"}
RESULT: {"using":"xpath","value":"//button[@data-kt=\"btnAddTableRowOverflowToolbarButton\"]"}
COMMAND: POST /session/59389012155df3fc64e839119ed77469/element/f.8420AFDB22D113F0275E61267E529F05.d.3E9925F29468F8146425BA2509C9BBDC.e.13409/click - {}
RESULT: {}
COMMAND: GET /session/59389012155df3fc64e839119ed77469/screenshot - {}
RESULT: {}
COMMAND: POST /session/59389012155df3fc64e839119ed77469/element - {"using":"xpath","value":"//div[(text() = 'Standard Entry' or . = 'Standard Entry')]"}
RESULT: {"using":"xpath","value":"//div[(text() = 'Standard Entry' or . = 'Standard Entry')]"}
COMMAND: POST /session/59389012155df3fc64e839119ed77469/element/f.8420AFDB22D113F0275E61267E529F05.d.3E9925F29468F8146425BA2509C9BBDC.e.13411/click - {}
RESULT: {}
COMMAND: GET /session/59389012155df3fc64e839119ed77469/screenshot - {}
RESULT: {}
COMMAND: POST /session/59389012155df3fc64e839119ed77469/element - {"using":"xpath","value":"//td[7]/div/div/input"}
RESULT: {"using":"xpath","value":"//td[7]/div/div/input"}
COMMAND: POST /session/59389012155df3fc64e839119ed77469/element/f.8420AFDB22D113F0275E61267E529F05.d.3E9925F29468F8146425BA2509C9BBDC.e.13420/clear - {}
RESULT: {}
COMMAND: POST /session/59389012155df3fc64e839119ed77469/element/f.8420AFDB22D113F0275E61267E529F05.d.3E9925F29468F8146425BA2509C9BBDC.e.13420/value - {"text":"LoyqiVs9Uj"}
COMMAND: GET /session/59389012155df3fc64e839119ed77469/screenshot - {}
RESULT: {}
RESULT: {"text":"LoyqiVs9Uj"}
COMMAND: GET /session/59389012155df3fc64e839119ed77469/screenshot - {}
RESULT: {}
COMMAND: POST /session/59389012155df3fc64e839119ed77469/actions - {"actions":[{"id":"action45","type":"key","parameters":{},"actions":[{"type":"keyDown","value":"î€‡"},{"type":"pause","duration":10},{"type":"keyUp","value":"î€‡"}]}]}
RESULT: {"actions":[{"id":"action45","type":"key","parameters":{},"actions":[{"type":"keyDown","value":"î€‡"},{"type":"pause","duration":10},{"type":"keyUp","value":"î€‡"}]}]}
COMMAND: GET /session/59389012155df3fc64e839119ed77469/screenshot - {}
RESULT: {}
COMMAND: POST /session/59389012155df3fc64e839119ed77469/execute/sync - {"script":"<script> [276 bytes]","args":["No pricing information was found"]}
RESULT: {"script":"<script> [276 bytes]","args":["No pricing information was found"]}
COMMAND: POST /session/59389012155df3fc64e839119ed77469/element - {"using":"xpath","value":"(//button[@data-kt=\"saveButton\"])[2]"}
COMMAND: GET /session/59389012155df3fc64e839119ed77469/screenshot - {}
RESULT: {"using":"xpath","value":"(//button[@data-kt=\"saveButton\"])[2]"}
COMMAND: POST /session/59389012155df3fc64e839119ed77469/element/f.8420AFDB22D113F0275E61267E529F05.d.3E9925F29468F8146425BA2509C9BBDC.e.13435/click - {}
RESULT: {}
RESULT: {}
COMMAND: GET /session/59389012155df3fc64e839119ed77469/screenshot - {}
RESULT: {}
COMMAND: POST /session/59389012155df3fc64e839119ed77469/execute/sync - {"script":"<script> [276 bytes]","args":["Some contract items are having rental validity exceeding header rental validity"]}
RESULT: {"script":"<script> [276 bytes]","args":["Some contract items are having rental validity exceeding header rental validity"]}
COMMAND: GET /session/59389012155df3fc64e839119ed77469/screenshot - {}
RESULT: {}
COMMAND: POST /session/59389012155df3fc64e839119ed77469/element - {"using":"xpath","value":"//span[contains(@id ,\"contractItemsSmartTable-header-inner\")]"}
RESULT: {"using":"xpath","value":"//span[contains(@id ,\"contractItemsSmartTable-header-inner\")]"}
COMMAND: POST /session/59389012155df3fc64e839119ed77469/elements - {"using":"xpath","value":"//span[contains(@id ,\"contractItemsSmartTable-header-inner\")]"}
RESULT: {"using":"xpath","value":"//span[contains(@id ,\"contractItemsSmartTable-header-inner\")]"}
COMMAND: POST /session/59389012155df3fc64e839119ed77469/execute/sync - {"script":"<script> [56 bytes]","args":[{"element-6066-11e4-a52e-4f735466cecf":"f.8420AFDB22D113F0275E61267E529F05.d.3E9925F29468F8146425BA2509C9BBDC.e.13442","ELEMENT":"f.8420AFDB22D113F0275E61267E529F05.d.3E9925F29468F8146425BA2509C9BBDC.e.13442"}]}
RESULT: {"script":"<script> [56 bytes]","args":[{"element-6066-11e4-a52e-4f735466cecf":"f.8420AFDB22D113F0275E61267E529F05.d.3E9925F29468F8146425BA2509C9BBDC.e.13442","ELEMENT":"f.8420AFDB22D113F0275E61267E529F05.d.3E9925F29468F8146425BA2509C9BBDC.e.13442"}]}
]]></system-out>
    </testcase>
    <testcase classname="chrome.135_0_7049_96.windows.Create_master_data_for_mixed_billing_&amp;_do_billing_calculation_US151661" name="Should do a provide to site handover" time="54.654">
      <system-out><![CDATA[
COMMAND: GET /session/59389012155df3fc64e839119ed77469/screenshot - {}
COMMAND: POST /session/59389012155df3fc64e839119ed77469/element - {"using":"xpath","value":"//button[@data-kt=\"provideButton\"]"}
RESULT: {}
RESULT: {"using":"xpath","value":"//button[@data-kt=\"provideButton\"]"}
COMMAND: POST /session/59389012155df3fc64e839119ed77469/element/f.8420AFDB22D113F0275E61267E529F05.d.3E9925F29468F8146425BA2509C9BBDC.e.13443/click - {}
RESULT: {}
COMMAND: GET /session/59389012155df3fc64e839119ed77469/screenshot - {}
RESULT: undefined
COMMAND: POST /session/59389012155df3fc64e839119ed77469/execute/async - {"script":"<script> [6424 bytes]","args":[{"element-6066-11e4-a52e-4f735466cecf":"f.8420AFDB22D113F0275E61267E529F05.d.3E9925F29468F8146425BA2509C9BBDC.e.12484"},"setValue",["05/01/2025"]]}
RESULT: {}
COMMAND: POST /session/59389012155df3fc64e839119ed77469/execute/async - {"script":"<script> [1562 bytes]","args":[{"selector":{"id":"application-managehandovers-display-component---AddNewHO--dueDate","interaction":{"idSuffix":"inner"}},"wdio_ui5_key":"applicationmanagehandovers-display-component---AddNewHO--dueDate"}]}
RESULT: {"script":"<script> [1562 bytes]","args":[{"selector":{"id":"application-managehandovers-display-component---AddNewHO--dueDate","interaction":{"idSuffix":"inner"}},"wdio_ui5_key":"applicationmanagehandovers-display-component---AddNewHO--dueDate"}]}
COMMAND: POST /session/59389012155df3fc64e839119ed77469/execute/async - {"script":"<script> [6424 bytes]","args":[{"element-6066-11e4-a52e-4f735466cecf":"f.8420AFDB22D113F0275E61267E529F05.d.3E9925F29468F8146425BA2509C9BBDC.e.13500"},"setValue",["05/01/2025"]]}
RESULT: {"script":"<script> [6424 bytes]","args":[{"element-6066-11e4-a52e-4f735466cecf":"f.8420AFDB22D113F0275E61267E529F05.d.3E9925F29468F8146425BA2509C9BBDC.e.13500"},"setValue",["05/01/2025"]]}
COMMAND: POST /session/59389012155df3fc64e839119ed77469/element - {"using":"xpath","value":"//bdi[contains(text(), \"Instructions\")]"}
RESULT: {"using":"xpath","value":"//bdi[contains(text(), \"Instructions\")]"}
COMMAND: POST /session/59389012155df3fc64e839119ed77469/element/f.8420AFDB22D113F0275E61267E529F05.d.3E9925F29468F8146425BA2509C9BBDC.e.13754/click - {}
RESULT: {}
COMMAND: GET /session/59389012155df3fc64e839119ed77469/screenshot - {}
RESULT: {}
COMMAND: POST /session/59389012155df3fc64e839119ed77469/element - {"using":"xpath","value":"//button[@data-kt=\"AddNewHOProvideAddItemsButton\"]"}
RESULT: {"using":"xpath","value":"//button[@data-kt=\"AddNewHOProvideAddItemsButton\"]"}
COMMAND: POST /session/59389012155df3fc64e839119ed77469/element/f.8420AFDB22D113F0275E61267E529F05.d.3E9925F29468F8146425BA2509C9BBDC.e.13758/click - {}
RESULT: {}
COMMAND: GET /session/59389012155df3fc64e839119ed77469/screenshot - {}
RESULT: {}
RESULT: undefined
COMMAND: POST /session/59389012155df3fc64e839119ed77469/element - {"using":"xpath","value":"//*[@id=\"application-managehandovers-display-component---AddNewHO--popup-sa\"]"}
RESULT: {"using":"xpath","value":"//*[@id=\"application-managehandovers-display-component---AddNewHO--popup-sa\"]"}
COMMAND: POST /session/59389012155df3fc64e839119ed77469/element/f.8420AFDB22D113F0275E61267E529F05.d.3E9925F29468F8146425BA2509C9BBDC.e.13767/click - {}
RESULT: {}
COMMAND: GET /session/59389012155df3fc64e839119ed77469/screenshot - {}
RESULT: {}
COMMAND: POST /session/59389012155df3fc64e839119ed77469/element - {"using":"xpath","value":"//*[contains(@id ,\"BDI-content\")][contains(text(), \"Select\")]"}
RESULT: {"using":"xpath","value":"//*[contains(@id ,\"BDI-content\")][contains(text(), \"Select\")]"}
COMMAND: POST /session/59389012155df3fc64e839119ed77469/element/f.8420AFDB22D113F0275E61267E529F05.d.3E9925F29468F8146425BA2509C9BBDC.e.13769/click - {}
RESULT: {}
COMMAND: GET /session/59389012155df3fc64e839119ed77469/screenshot - {}
RESULT: {}
COMMAND: POST /session/59389012155df3fc64e839119ed77469/execute/async - {"script":"<script> [1562 bytes]","args":[{"selector":{"id":"application-managehandovers-display-component---AddNewHO--confirmCreationButton","interaction":{"idSuffix":"BDI-content"}},"wdio_ui5_key":"applicationmanagehandovers-display-component---AddNewHO--confirmCreationButton"}]}
RESULT: {"script":"<script> [1562 bytes]","args":[{"selector":{"id":"application-managehandovers-display-component---AddNewHO--confirmCreationButton","interaction":{"idSuffix":"BDI-content"}},"wdio_ui5_key":"applicationmanagehandovers-display-component---AddNewHO--confirmCreationButton"}]}
RESULT: undefined
COMMAND: POST /session/59389012155df3fc64e839119ed77469/element - {"using":"xpath","value":"//*[@id=\"application-managehandovers-display-component---AddNewHO--confirmCreationButton\"]"}
RESULT: {"using":"xpath","value":"//*[@id=\"application-managehandovers-display-component---AddNewHO--confirmCreationButton\"]"}
COMMAND: POST /session/59389012155df3fc64e839119ed77469/element/f.8420AFDB22D113F0275E61267E529F05.d.3E9925F29468F8146425BA2509C9BBDC.e.13580/click - {}
RESULT: {}
COMMAND: GET /session/59389012155df3fc64e839119ed77469/screenshot - {}
RESULT: {}
COMMAND: POST /session/59389012155df3fc64e839119ed77469/element - {"using":"xpath","value":"//button[@data-kt=\"PickingTableConfirmAllButton\"]"}
RESULT: {"using":"xpath","value":"//button[@data-kt=\"PickingTableConfirmAllButton\"]"}
COMMAND: POST /session/59389012155df3fc64e839119ed77469/element/f.8420AFDB22D113F0275E61267E529F05.d.3E9925F29468F8146425BA2509C9BBDC.e.13807/click - {}
COMMAND: POST /session/59389012155df3fc64e839119ed77469/element - {"using":"xpath","value":"//button[@data-kt=\"PickingTableConfirmAllButton\"]"}
RESULT: {"using":"xpath","value":"//button[@data-kt=\"PickingTableConfirmAllButton\"]"}
COMMAND: POST /session/59389012155df3fc64e839119ed77469/element/f.8420AFDB22D113F0275E61267E529F05.d.3E9925F29468F8146425BA2509C9BBDC.e.13807/click - {}
COMMAND: POST /session/59389012155df3fc64e839119ed77469/element - {"using":"xpath","value":"//button[@data-kt=\"PickingTableConfirmAllButton\"]"}
RESULT: {"using":"xpath","value":"//button[@data-kt=\"PickingTableConfirmAllButton\"]"}
COMMAND: POST /session/59389012155df3fc64e839119ed77469/element/f.8420AFDB22D113F0275E61267E529F05.d.3E9925F29468F8146425BA2509C9BBDC.e.13828/click - {}
RESULT: {}
COMMAND: GET /session/59389012155df3fc64e839119ed77469/screenshot - {}
RESULT: {}
COMMAND: POST /session/59389012155df3fc64e839119ed77469/element - {"using":"xpath","value":"//bdi[contains(text(), \"OK\")]"}
RESULT: {"using":"xpath","value":"//bdi[contains(text(), \"OK\")]"}
COMMAND: POST /session/59389012155df3fc64e839119ed77469/element/f.8420AFDB22D113F0275E61267E529F05.d.3E9925F29468F8146425BA2509C9BBDC.e.13831/click - {}
RESULT: {}
COMMAND: GET /session/59389012155df3fc64e839119ed77469/screenshot - {}
RESULT: {}
COMMAND: POST /session/59389012155df3fc64e839119ed77469/element - {"using":"xpath","value":"//bdi[contains(text(), \"Ok\")]"}
RESULT: {"using":"xpath","value":"//bdi[contains(text(), \"Ok\")]"}
COMMAND: POST /session/59389012155df3fc64e839119ed77469/element/f.8420AFDB22D113F0275E61267E529F05.d.3E9925F29468F8146425BA2509C9BBDC.e.13838/click - {}
RESULT: {}
COMMAND: GET /session/59389012155df3fc64e839119ed77469/screenshot - {}
RESULT: {}
COMMAND: POST /session/59389012155df3fc64e839119ed77469/element - {"using":"xpath","value":"//bdi[contains(text(), \"Issue\")]"}
RESULT: {"using":"xpath","value":"//bdi[contains(text(), \"Issue\")]"}
COMMAND: POST /session/59389012155df3fc64e839119ed77469/element/f.8420AFDB22D113F0275E61267E529F05.d.3E9925F29468F8146425BA2509C9BBDC.e.13840/click - {}
RESULT: {}
COMMAND: GET /session/59389012155df3fc64e839119ed77469/screenshot - {}
RESULT: {}
COMMAND: POST /session/59389012155df3fc64e839119ed77469/element - {"using":"css selector","value":"#shell-header-logo"}
RESULT: {"using":"css selector","value":"#shell-header-logo"}
COMMAND: POST /session/59389012155df3fc64e839119ed77469/element/f.8420AFDB22D113F0275E61267E529F05.d.3E9925F29468F8146425BA2509C9BBDC.e.12907/click - {}
RESULT: {}
COMMAND: GET /session/59389012155df3fc64e839119ed77469/screenshot - {}
RESULT: {}
]]></system-out>
    </testcase>
    <testcase classname="chrome.135_0_7049_96.windows.Create_master_data_for_mixed_billing_&amp;_do_billing_calculation_US151661" name="Should create a few performance documents" time="96.995">
      <system-out><![CDATA[
COMMAND: POST /session/59389012155df3fc64e839119ed77469/window/fullscreen - {}
RESULT: {}
COMMAND: POST /session/59389012155df3fc64e839119ed77469/execute/async - {"script":"<script> [1562 bytes]","args":[{"selector":{"controlType":"sap.m.GenericTile","properties":{"header":"Manage States & Performance"}},"wdio_ui5_key":"sapm.GenericTile{\"header\":\"Manage States & Performance\"}"}]}
RESULT: {"script":"<script> [1562 bytes]","args":[{"selector":{"controlType":"sap.m.GenericTile","properties":{"header":"Manage States & Performance"}},"wdio_ui5_key":"sapm.GenericTile{\"header\":\"Manage States & Performance\"}"}]}
RESULT: undefined
COMMAND: POST /session/59389012155df3fc64e839119ed77469/element - {"using":"xpath","value":"//*[@id=\"__tile96\"]"}
RESULT: {"using":"xpath","value":"//*[@id=\"__tile96\"]"}
COMMAND: POST /session/59389012155df3fc64e839119ed77469/element/f.8420AFDB22D113F0275E61267E529F05.d.3E9925F29468F8146425BA2509C9BBDC.e.8774/click - {}
RESULT: {}
COMMAND: POST /session/59389012155df3fc64e839119ed77469/execute/async - {"script":"<script> [1562 bytes]","args":[{"selector":{"id":"application-managestatesandperformance-display-component---stateAndPerform--smartFilterBarResources-btnBasicSearch","interaction":{"idSuffix":"I"}},"wdio_ui5_key":"applicationmanagestatesandperformance-display-component---stateAndPerform--smartFilterBarResources-btnBasicSearch"}]}
COMMAND: GET /session/59389012155df3fc64e839119ed77469/screenshot - {}
RESULT: {"script":"<script> [1562 bytes]","args":[{"selector":{"id":"application-managestatesandperformance-display-component---stateAndPerform--smartFilterBarResources-btnBasicSearch","interaction":{"idSuffix":"I"}},"wdio_ui5_key":"applicationmanagestatesandperformance-display-component---stateAndPerform--smartFilterBarResources-btnBasicSearch"}]}
RESULT: undefined
COMMAND: POST /session/59389012155df3fc64e839119ed77469/execute/async - {"script":"<script> [776 bytes]","args":[{"enterText":"LoyqiVs9Uj","selector":{"id":"application-managestatesandperformance-display-component---stateAndPerform--smartFilterBarResources-btnBasicSearch","interaction":{"idSuffix":"I"}},"clearTextFirst":true,"interactionType":"ENTER_TEXT"}]}
RESULT: {}
RESULT: {"script":"<script> [776 bytes]","args":[{"enterText":"LoyqiVs9Uj","selector":{"id":"application-managestatesandperformance-display-component---stateAndPerform--smartFilterBarResources-btnBasicSearch","interaction":{"idSuffix":"I"}},"clearTextFirst":true,"interactionType":"ENTER_TEXT"}]}
COMMAND: POST /session/59389012155df3fc64e839119ed77469/actions - {"actions":[{"id":"action46","type":"key","parameters":{},"actions":[{"type":"keyDown","value":"î€‡"},{"type":"pause","duration":10},{"type":"keyUp","value":"î€‡"}]}]}
RESULT: {"actions":[{"id":"action46","type":"key","parameters":{},"actions":[{"type":"keyDown","value":"î€‡"},{"type":"pause","duration":10},{"type":"keyUp","value":"î€‡"}]}]}
COMMAND: GET /session/59389012155df3fc64e839119ed77469/screenshot - {}
RESULT: {}
COMMAND: POST /session/59389012155df3fc64e839119ed77469/execute/async - {"script":"<script> [1562 bytes]","args":[{"selector":{"id":"application-managestatesandperformance-display-component---stateAndPerform--stateAndPerformResourcesSmartTable-header"},"wdio_ui5_key":"applicationmanagestatesandperformance-display-component---stateAndPerform--stateAndPerformResourcesSmartTable-header"}]}
RESULT: {"script":"<script> [1562 bytes]","args":[{"selector":{"id":"application-managestatesandperformance-display-component---stateAndPerform--stateAndPerformResourcesSmartTable-header"},"wdio_ui5_key":"applicationmanagestatesandperformance-display-component---stateAndPerform--stateAndPerformResourcesSmartTable-header"}]}
RESULT: undefined
COMMAND: POST /session/59389012155df3fc64e839119ed77469/execute/async - {"script":"<script> [6424 bytes]","args":[{"element-6066-11e4-a52e-4f735466cecf":"f.8420AFDB22D113F0275E61267E529F05.d.3E9925F29468F8146425BA2509C9BBDC.e.14132"},"getText",[]]}
RESULT: {"script":"<script> [6424 bytes]","args":[{"element-6066-11e4-a52e-4f735466cecf":"f.8420AFDB22D113F0275E61267E529F05.d.3E9925F29468F8146425BA2509C9BBDC.e.14132"},"getText",[]]}
COMMAND: POST /session/59389012155df3fc64e839119ed77469/execute/async - {"script":"<script> [1562 bytes]","args":[{"selector":{"controlType":"sap.ui.core.Icon","viewName":"etm.portal.ui.managestatesandperformance.view.Master","viewId":"application-managestatesandperformance-display-component---stateAndPerform","properties":{"src":{"regex":{"source":"slim\\-arrow\\-right"}}}},"wdio_ui5_key":"etmportal.ui.managestatesandperformance.view.Mastersap.ui.core.Icon{\"src\":{\"regex\":{\"source\":\"slim\\\\-arrow\\\\-right\"}}}"}]}
RESULT: {"script":"<script> [1562 bytes]","args":[{"selector":{"controlType":"sap.ui.core.Icon","viewName":"etm.portal.ui.managestatesandperformance.view.Master","viewId":"application-managestatesandperformance-display-component---stateAndPerform","properties":{"src":{"regex":{"source":"slim\\-arrow\\-right"}}}},"wdio_ui5_key":"etmportal.ui.managestatesandperformance.view.Mastersap.ui.core.Icon{\"src\":{\"regex\":{\"source\":\"slim\\\\-arrow\\\\-right\"}}}"}]}
RESULT: undefined
COMMAND: POST /session/59389012155df3fc64e839119ed77469/element - {"using":"xpath","value":"//*[@id=\"__item2846-__clone11543-imgNav\"]"}
RESULT: {"using":"xpath","value":"//*[@id=\"__item2846-__clone11543-imgNav\"]"}
COMMAND: POST /session/59389012155df3fc64e839119ed77469/element/f.8420AFDB22D113F0275E61267E529F05.d.3E9925F29468F8146425BA2509C9BBDC.e.14131/click - {}
RESULT: {}
COMMAND: GET /session/59389012155df3fc64e839119ed77469/screenshot - {}
RESULT: {}
COMMAND: POST /session/59389012155df3fc64e839119ed77469/execute/async - {"script":"<script> [1562 bytes]","args":[{"selector":{"controlType":"sap.m.Button","viewName":"etm.portal.ui.managestatesandperformance.view.Detail","viewId":"application-managestatesandperformance-display-component---detailStateAndPerform","properties":{"text":"Performance Documents"}},"wdio_ui5_key":"etmportal.ui.managestatesandperformance.view.Detailsap.m.Button{\"text\":\"Performance Documents\"}"}]}
RESULT: {"script":"<script> [1562 bytes]","args":[{"selector":{"controlType":"sap.m.Button","viewName":"etm.portal.ui.managestatesandperformance.view.Detail","viewId":"application-managestatesandperformance-display-component---detailStateAndPerform","properties":{"text":"Performance Documents"}},"wdio_ui5_key":"etmportal.ui.managestatesandperformance.view.Detailsap.m.Button{\"text\":\"Performance Documents\"}"}]}
RESULT: undefined
COMMAND: POST /session/59389012155df3fc64e839119ed77469/element - {"using":"xpath","value":"//*[@id=\"__item2869-button\"]"}
RESULT: {"using":"xpath","value":"//*[@id=\"__item2869-button\"]"}
COMMAND: POST /session/59389012155df3fc64e839119ed77469/element/f.8420AFDB22D113F0275E61267E529F05.d.3E9925F29468F8146425BA2509C9BBDC.e.14177/click - {}
RESULT: {}
COMMAND: POST /session/59389012155df3fc64e839119ed77469/execute/async - {"script":"<script> [1562 bytes]","args":[{"selector":{"controlType":"sap.m.Button","viewName":"etm.portal.ui.managestatesandperformance.view.Detail","viewId":"application-managestatesandperformance-display-component---detailStateAndPerform","i18NText":{"propertyName":"text","key":"createPerformanceDoc"},"interaction":{"idSuffix":"BDI-content"}},"wdio_ui5_key":"etmportal.ui.managestatesandperformance.view.Detailsap.m.Button{\"propertyName\":\"text\",\"key\":\"createPerformanceDoc\"}"}]}
COMMAND: GET /session/59389012155df3fc64e839119ed77469/screenshot - {}
RESULT: {"script":"<script> [1562 bytes]","args":[{"selector":{"controlType":"sap.m.Button","viewName":"etm.portal.ui.managestatesandperformance.view.Detail","viewId":"application-managestatesandperformance-display-component---detailStateAndPerform","i18NText":{"propertyName":"text","key":"createPerformanceDoc"},"interaction":{"idSuffix":"BDI-content"}},"wdio_ui5_key":"etmportal.ui.managestatesandperformance.view.Detailsap.m.Button{\"propertyName\":\"text\",\"key\":\"createPerformanceDoc\"}"}]}
RESULT: undefined
COMMAND: POST /session/59389012155df3fc64e839119ed77469/element - {"using":"xpath","value":"//*[@id=\"__button378\"]"}
RESULT: {}
RESULT: {"using":"xpath","value":"//*[@id=\"__button378\"]"}
COMMAND: POST /session/59389012155df3fc64e839119ed77469/element/f.8420AFDB22D113F0275E61267E529F05.d.3E9925F29468F8146425BA2509C9BBDC.e.14181/click - {}
RESULT: {}
COMMAND: POST /session/59389012155df3fc64e839119ed77469/execute/async - {"script":"<script> [1562 bytes]","args":[{"selector":{"id":"application-managestatesandperformance-display-component---detailStateAndPerform--perfDocDatePicker","searchOpenDialogs":true,"interaction":{"idSuffix":"inner"}},"wdio_ui5_key":"applicationmanagestatesandperformance-display-component---detailStateAndPerform--perfDocDatePicker"}]}
COMMAND: GET /session/59389012155df3fc64e839119ed77469/screenshot - {}
RESULT: {"script":"<script> [1562 bytes]","args":[{"selector":{"id":"application-managestatesandperformance-display-component---detailStateAndPerform--perfDocDatePicker","searchOpenDialogs":true,"interaction":{"idSuffix":"inner"}},"wdio_ui5_key":"applicationmanagestatesandperformance-display-component---detailStateAndPerform--perfDocDatePicker"}]}
RESULT: undefined
COMMAND: POST /session/59389012155df3fc64e839119ed77469/execute/async - {"script":"<script> [776 bytes]","args":[{"enterText":"05/03/25","selector":{"id":"application-managestatesandperformance-display-component---detailStateAndPerform--perfDocDatePicker","searchOpenDialogs":true,"interaction":{"idSuffix":"inner"}},"clearTextFirst":true,"interactionType":"ENTER_TEXT"}]}
RESULT: {}
RESULT: {"script":"<script> [776 bytes]","args":[{"enterText":"05/03/25","selector":{"id":"application-managestatesandperformance-display-component---detailStateAndPerform--perfDocDatePicker","searchOpenDialogs":true,"interaction":{"idSuffix":"inner"}},"clearTextFirst":true,"interactionType":"ENTER_TEXT"}]}
COMMAND: POST /session/59389012155df3fc64e839119ed77469/execute/async - {"script":"<script> [1562 bytes]","args":[{"selector":{"id":"application-managestatesandperformance-display-component---detailStateAndPerform--counterValue-input","searchOpenDialogs":true,"interaction":{"idSuffix":"inner"}},"wdio_ui5_key":"applicationmanagestatesandperformance-display-component---detailStateAndPerform--counterValue-input"}]}
RESULT: {"script":"<script> [1562 bytes]","args":[{"selector":{"id":"application-managestatesandperformance-display-component---detailStateAndPerform--counterValue-input","searchOpenDialogs":true,"interaction":{"idSuffix":"inner"}},"wdio_ui5_key":"applicationmanagestatesandperformance-display-component---detailStateAndPerform--counterValue-input"}]}
RESULT: undefined
COMMAND: POST /session/59389012155df3fc64e839119ed77469/execute/async - {"script":"<script> [776 bytes]","args":[{"enterText":"15.00","selector":{"id":"application-managestatesandperformance-display-component---detailStateAndPerform--counterValue-input","searchOpenDialogs":true,"interaction":{"idSuffix":"inner"}},"clearTextFirst":true,"interactionType":"ENTER_TEXT"}]}
RESULT: {"script":"<script> [776 bytes]","args":[{"enterText":"15.00","selector":{"id":"application-managestatesandperformance-display-component---detailStateAndPerform--counterValue-input","searchOpenDialogs":true,"interaction":{"idSuffix":"inner"}},"clearTextFirst":true,"interactionType":"ENTER_TEXT"}]}
COMMAND: POST /session/59389012155df3fc64e839119ed77469/execute/async - {"script":"<script> [1562 bytes]","args":[{"selector":{"controlType":"sap.m.Button","viewName":"etm.portal.ui.managestatesandperformance.view.Detail","viewId":"application-managestatesandperformance-display-component---detailStateAndPerform","bindingPath":{"path":"","propertyPath":"/allowAddEdit","modelName":"oScreenModel"},"searchOpenDialogs":true,"interaction":{"idSuffix":"BDI-content"}},"wdio_ui5_key":"etmportal.ui.managestatesandperformance.view.Detailsap.m.Button{\"path\":\"\",\"propertyPath\":\"/allowAddEdit\",\"modelName\":\"oScreenModel\"}"}]}
RESULT: {"script":"<script> [1562 bytes]","args":[{"selector":{"controlType":"sap.m.Button","viewName":"etm.portal.ui.managestatesandperformance.view.Detail","viewId":"application-managestatesandperformance-display-component---detailStateAndPerform","bindingPath":{"path":"","propertyPath":"/allowAddEdit","modelName":"oScreenModel"},"searchOpenDialogs":true,"interaction":{"idSuffix":"BDI-content"}},"wdio_ui5_key":"etmportal.ui.managestatesandperformance.view.Detailsap.m.Button{\"path\":\"\",\"propertyPath\":\"/allowAddEdit\",\"modelName\":\"oScreenModel\"}"}]}
RESULT: undefined
COMMAND: POST /session/59389012155df3fc64e839119ed77469/element - {"using":"xpath","value":"//*[@id=\"__button385\"]"}
RESULT: {"using":"xpath","value":"//*[@id=\"__button385\"]"}
COMMAND: POST /session/59389012155df3fc64e839119ed77469/element/f.8420AFDB22D113F0275E61267E529F05.d.3E9925F29468F8146425BA2509C9BBDC.e.14201/click - {}
RESULT: {}
RESULT: undefined
COMMAND: POST /session/59389012155df3fc64e839119ed77469/element - {"using":"xpath","value":"//*[@id=\"__button378\"]"}
COMMAND: GET /session/59389012155df3fc64e839119ed77469/screenshot - {}
RESULT: {"using":"xpath","value":"//*[@id=\"__button378\"]"}
COMMAND: POST /session/59389012155df3fc64e839119ed77469/element/f.8420AFDB22D113F0275E61267E529F05.d.3E9925F29468F8146425BA2509C9BBDC.e.14181/click - {}
RESULT: {}
RESULT: {}
RESULT: undefined
COMMAND: POST /session/59389012155df3fc64e839119ed77469/execute/async - {"script":"<script> [776 bytes]","args":[{"enterText":"05/07/25","selector":{"id":"application-managestatesandperformance-display-component---detailStateAndPerform--perfDocDatePicker","searchOpenDialogs":true,"interaction":{"idSuffix":"inner"}},"clearTextFirst":true,"interactionType":"ENTER_TEXT"}]}
COMMAND: GET /session/59389012155df3fc64e839119ed77469/screenshot - {}
RESULT: {"script":"<script> [776 bytes]","args":[{"enterText":"05/07/25","selector":{"id":"application-managestatesandperformance-display-component---detailStateAndPerform--perfDocDatePicker","searchOpenDialogs":true,"interaction":{"idSuffix":"inner"}},"clearTextFirst":true,"interactionType":"ENTER_TEXT"}]}
RESULT: undefined
COMMAND: POST /session/59389012155df3fc64e839119ed77469/execute/async - {"script":"<script> [776 bytes]","args":[{"enterText":"20.00","selector":{"id":"application-managestatesandperformance-display-component---detailStateAndPerform--counterValue-input","searchOpenDialogs":true,"interaction":{"idSuffix":"inner"}},"clearTextFirst":true,"interactionType":"ENTER_TEXT"}]}
RESULT: {}
RESULT: {"script":"<script> [776 bytes]","args":[{"enterText":"20.00","selector":{"id":"application-managestatesandperformance-display-component---detailStateAndPerform--counterValue-input","searchOpenDialogs":true,"interaction":{"idSuffix":"inner"}},"clearTextFirst":true,"interactionType":"ENTER_TEXT"}]}
COMMAND: POST /session/59389012155df3fc64e839119ed77469/actions - {"actions":[{"id":"action47","type":"key","parameters":{},"actions":[{"type":"keyDown","value":"î€„"},{"type":"keyDown","value":"î€„"},{"type":"pause","duration":10},{"type":"keyUp","value":"î€„"},{"type":"keyUp","value":"î€„"}]}]}
RESULT: {"actions":[{"id":"action47","type":"key","parameters":{},"actions":[{"type":"keyDown","value":"î€„"},{"type":"keyDown","value":"î€„"},{"type":"pause","duration":10},{"type":"keyUp","value":"î€„"},{"type":"keyUp","value":"î€„"}]}]}
COMMAND: POST /session/59389012155df3fc64e839119ed77469/actions - {"actions":[{"id":"action48","type":"key","parameters":{},"actions":[{"type":"keyDown","value":"î€‡"},{"type":"pause","duration":10},{"type":"keyUp","value":"î€‡"}]}]}
COMMAND: GET /session/59389012155df3fc64e839119ed77469/screenshot - {}
RESULT: {"actions":[{"id":"action48","type":"key","parameters":{},"actions":[{"type":"keyDown","value":"î€‡"},{"type":"pause","duration":10},{"type":"keyUp","value":"î€‡"}]}]}
RESULT: undefined
COMMAND: POST /session/59389012155df3fc64e839119ed77469/element - {"using":"xpath","value":"//*[@id=\"__button385\"]"}
COMMAND: GET /session/59389012155df3fc64e839119ed77469/screenshot - {}
RESULT: {}
RESULT: {"using":"xpath","value":"//*[@id=\"__button385\"]"}
COMMAND: POST /session/59389012155df3fc64e839119ed77469/elements - {"using":"xpath","value":"//*[@id=\"__button385\"]"}
RESULT: {}
RESULT: {"using":"xpath","value":"//*[@id=\"__button385\"]"}
COMMAND: POST /session/59389012155df3fc64e839119ed77469/elements - {"using":"xpath","value":"//*[@id=\"__button385\"]"}
RESULT: {"using":"xpath","value":"//*[@id=\"__button385\"]"}
COMMAND: POST /session/59389012155df3fc64e839119ed77469/elements - {"using":"xpath","value":"//*[@id=\"__button385\"]"}
RESULT: {"using":"xpath","value":"//*[@id=\"__button385\"]"}
COMMAND: POST /session/59389012155df3fc64e839119ed77469/elements - {"using":"xpath","value":"//*[@id=\"__button385\"]"}
RESULT: {"using":"xpath","value":"//*[@id=\"__button385\"]"}
COMMAND: POST /session/59389012155df3fc64e839119ed77469/elements - {"using":"xpath","value":"//*[@id=\"__button385\"]"}
RESULT: {"using":"xpath","value":"//*[@id=\"__button385\"]"}
COMMAND: POST /session/59389012155df3fc64e839119ed77469/elements - {"using":"xpath","value":"//*[@id=\"__button385\"]"}
RESULT: {"using":"xpath","value":"//*[@id=\"__button385\"]"}
COMMAND: POST /session/59389012155df3fc64e839119ed77469/elements - {"using":"xpath","value":"//*[@id=\"__button385\"]"}
RESULT: {"using":"xpath","value":"//*[@id=\"__button385\"]"}
COMMAND: POST /session/59389012155df3fc64e839119ed77469/elements - {"using":"xpath","value":"//*[@id=\"__button385\"]"}
RESULT: {"using":"xpath","value":"//*[@id=\"__button385\"]"}
COMMAND: POST /session/59389012155df3fc64e839119ed77469/elements - {"using":"xpath","value":"//*[@id=\"__button385\"]"}
RESULT: {"using":"xpath","value":"//*[@id=\"__button385\"]"}
COMMAND: POST /session/59389012155df3fc64e839119ed77469/elements - {"using":"xpath","value":"//*[@id=\"__button385\"]"}
RESULT: {"using":"xpath","value":"//*[@id=\"__button385\"]"}
COMMAND: POST /session/59389012155df3fc64e839119ed77469/elements - {"using":"xpath","value":"//*[@id=\"__button385\"]"}
RESULT: {"using":"xpath","value":"//*[@id=\"__button385\"]"}
COMMAND: POST /session/59389012155df3fc64e839119ed77469/elements - {"using":"xpath","value":"//*[@id=\"__button385\"]"}
RESULT: {"using":"xpath","value":"//*[@id=\"__button385\"]"}
COMMAND: POST /session/59389012155df3fc64e839119ed77469/elements - {"using":"xpath","value":"//*[@id=\"__button385\"]"}
RESULT: {"using":"xpath","value":"//*[@id=\"__button385\"]"}
COMMAND: POST /session/59389012155df3fc64e839119ed77469/elements - {"using":"xpath","value":"//*[@id=\"__button385\"]"}
RESULT: {"using":"xpath","value":"//*[@id=\"__button385\"]"}
COMMAND: POST /session/59389012155df3fc64e839119ed77469/elements - {"using":"xpath","value":"//*[@id=\"__button385\"]"}
RESULT: {"using":"xpath","value":"//*[@id=\"__button385\"]"}
COMMAND: POST /session/59389012155df3fc64e839119ed77469/elements - {"using":"xpath","value":"//*[@id=\"__button385\"]"}
RESULT: {"using":"xpath","value":"//*[@id=\"__button385\"]"}
COMMAND: POST /session/59389012155df3fc64e839119ed77469/elements - {"using":"xpath","value":"//*[@id=\"__button385\"]"}
RESULT: {"using":"xpath","value":"//*[@id=\"__button385\"]"}
COMMAND: POST /session/59389012155df3fc64e839119ed77469/elements - {"using":"xpath","value":"//*[@id=\"__button385\"]"}
RESULT: {"using":"xpath","value":"//*[@id=\"__button385\"]"}
COMMAND: POST /session/59389012155df3fc64e839119ed77469/elements - {"using":"xpath","value":"//*[@id=\"__button385\"]"}
RESULT: {"using":"xpath","value":"//*[@id=\"__button385\"]"}
COMMAND: POST /session/59389012155df3fc64e839119ed77469/elements - {"using":"xpath","value":"//*[@id=\"__button385\"]"}
RESULT: {"using":"xpath","value":"//*[@id=\"__button385\"]"}
COMMAND: POST /session/59389012155df3fc64e839119ed77469/elements - {"using":"xpath","value":"//*[@id=\"__button385\"]"}
RESULT: {"using":"xpath","value":"//*[@id=\"__button385\"]"}
COMMAND: POST /session/59389012155df3fc64e839119ed77469/elements - {"using":"xpath","value":"//*[@id=\"__button385\"]"}
RESULT: {"using":"xpath","value":"//*[@id=\"__button385\"]"}
COMMAND: POST /session/59389012155df3fc64e839119ed77469/elements - {"using":"xpath","value":"//*[@id=\"__button385\"]"}
RESULT: {"using":"xpath","value":"//*[@id=\"__button385\"]"}
COMMAND: POST /session/59389012155df3fc64e839119ed77469/elements - {"using":"xpath","value":"//*[@id=\"__button385\"]"}
RESULT: {"using":"xpath","value":"//*[@id=\"__button385\"]"}
COMMAND: POST /session/59389012155df3fc64e839119ed77469/elements - {"using":"xpath","value":"//*[@id=\"__button385\"]"}
RESULT: {"using":"xpath","value":"//*[@id=\"__button385\"]"}
COMMAND: POST /session/59389012155df3fc64e839119ed77469/elements - {"using":"xpath","value":"//*[@id=\"__button385\"]"}
RESULT: {"using":"xpath","value":"//*[@id=\"__button385\"]"}
COMMAND: POST /session/59389012155df3fc64e839119ed77469/elements - {"using":"xpath","value":"//*[@id=\"__button385\"]"}
RESULT: {"using":"xpath","value":"//*[@id=\"__button385\"]"}
COMMAND: POST /session/59389012155df3fc64e839119ed77469/elements - {"using":"xpath","value":"//*[@id=\"__button385\"]"}
RESULT: {"using":"xpath","value":"//*[@id=\"__button385\"]"}
COMMAND: POST /session/59389012155df3fc64e839119ed77469/elements - {"using":"xpath","value":"//*[@id=\"__button385\"]"}
RESULT: {"using":"xpath","value":"//*[@id=\"__button385\"]"}
COMMAND: POST /session/59389012155df3fc64e839119ed77469/elements - {"using":"xpath","value":"//*[@id=\"__button385\"]"}
RESULT: {"using":"xpath","value":"//*[@id=\"__button385\"]"}
COMMAND: POST /session/59389012155df3fc64e839119ed77469/elements - {"using":"xpath","value":"//*[@id=\"__button385\"]"}
RESULT: {"using":"xpath","value":"//*[@id=\"__button385\"]"}
COMMAND: POST /session/59389012155df3fc64e839119ed77469/elements - {"using":"xpath","value":"//*[@id=\"__button385\"]"}
RESULT: {"using":"xpath","value":"//*[@id=\"__button385\"]"}
COMMAND: POST /session/59389012155df3fc64e839119ed77469/elements - {"using":"xpath","value":"//*[@id=\"__button385\"]"}
RESULT: {"using":"xpath","value":"//*[@id=\"__button385\"]"}
COMMAND: POST /session/59389012155df3fc64e839119ed77469/elements - {"using":"xpath","value":"//*[@id=\"__button385\"]"}
RESULT: {"using":"xpath","value":"//*[@id=\"__button385\"]"}
COMMAND: POST /session/59389012155df3fc64e839119ed77469/elements - {"using":"xpath","value":"//*[@id=\"__button385\"]"}
RESULT: {"using":"xpath","value":"//*[@id=\"__button385\"]"}
COMMAND: POST /session/59389012155df3fc64e839119ed77469/elements - {"using":"xpath","value":"//*[@id=\"__button385\"]"}
RESULT: {"using":"xpath","value":"//*[@id=\"__button385\"]"}
COMMAND: POST /session/59389012155df3fc64e839119ed77469/elements - {"using":"xpath","value":"//*[@id=\"__button385\"]"}
RESULT: {"using":"xpath","value":"//*[@id=\"__button385\"]"}
COMMAND: POST /session/59389012155df3fc64e839119ed77469/elements - {"using":"xpath","value":"//*[@id=\"__button385\"]"}
RESULT: {"using":"xpath","value":"//*[@id=\"__button385\"]"}
COMMAND: POST /session/59389012155df3fc64e839119ed77469/elements - {"using":"xpath","value":"//*[@id=\"__button385\"]"}
RESULT: {"using":"xpath","value":"//*[@id=\"__button385\"]"}
COMMAND: POST /session/59389012155df3fc64e839119ed77469/elements - {"using":"xpath","value":"//*[@id=\"__button385\"]"}
RESULT: {"using":"xpath","value":"//*[@id=\"__button385\"]"}
COMMAND: POST /session/59389012155df3fc64e839119ed77469/elements - {"using":"xpath","value":"//*[@id=\"__button385\"]"}
RESULT: {"using":"xpath","value":"//*[@id=\"__button385\"]"}
COMMAND: POST /session/59389012155df3fc64e839119ed77469/elements - {"using":"xpath","value":"//*[@id=\"__button385\"]"}
RESULT: {"using":"xpath","value":"//*[@id=\"__button385\"]"}
COMMAND: POST /session/59389012155df3fc64e839119ed77469/elements - {"using":"xpath","value":"//*[@id=\"__button385\"]"}
RESULT: {"using":"xpath","value":"//*[@id=\"__button385\"]"}
COMMAND: POST /session/59389012155df3fc64e839119ed77469/elements - {"using":"xpath","value":"//*[@id=\"__button385\"]"}
RESULT: {"using":"xpath","value":"//*[@id=\"__button385\"]"}
COMMAND: POST /session/59389012155df3fc64e839119ed77469/elements - {"using":"xpath","value":"//*[@id=\"__button385\"]"}
RESULT: {"using":"xpath","value":"//*[@id=\"__button385\"]"}
COMMAND: POST /session/59389012155df3fc64e839119ed77469/elements - {"using":"xpath","value":"//*[@id=\"__button385\"]"}
RESULT: {"using":"xpath","value":"//*[@id=\"__button385\"]"}
COMMAND: POST /session/59389012155df3fc64e839119ed77469/elements - {"using":"xpath","value":"//*[@id=\"__button385\"]"}
RESULT: {"using":"xpath","value":"//*[@id=\"__button385\"]"}
COMMAND: POST /session/59389012155df3fc64e839119ed77469/elements - {"using":"xpath","value":"//*[@id=\"__button385\"]"}
RESULT: {"using":"xpath","value":"//*[@id=\"__button385\"]"}
COMMAND: POST /session/59389012155df3fc64e839119ed77469/elements - {"using":"xpath","value":"//*[@id=\"__button385\"]"}
RESULT: {"using":"xpath","value":"//*[@id=\"__button385\"]"}
COMMAND: POST /session/59389012155df3fc64e839119ed77469/elements - {"using":"xpath","value":"//*[@id=\"__button385\"]"}
RESULT: {"using":"xpath","value":"//*[@id=\"__button385\"]"}
COMMAND: POST /session/59389012155df3fc64e839119ed77469/elements - {"using":"xpath","value":"//*[@id=\"__button385\"]"}
RESULT: {"using":"xpath","value":"//*[@id=\"__button385\"]"}
COMMAND: POST /session/59389012155df3fc64e839119ed77469/elements - {"using":"xpath","value":"//*[@id=\"__button385\"]"}
RESULT: {"using":"xpath","value":"//*[@id=\"__button385\"]"}
COMMAND: POST /session/59389012155df3fc64e839119ed77469/elements - {"using":"xpath","value":"//*[@id=\"__button385\"]"}
RESULT: {"using":"xpath","value":"//*[@id=\"__button385\"]"}
COMMAND: POST /session/59389012155df3fc64e839119ed77469/elements - {"using":"xpath","value":"//*[@id=\"__button385\"]"}
RESULT: {"using":"xpath","value":"//*[@id=\"__button385\"]"}
COMMAND: POST /session/59389012155df3fc64e839119ed77469/elements - {"using":"xpath","value":"//*[@id=\"__button385\"]"}
RESULT: {"using":"xpath","value":"//*[@id=\"__button385\"]"}
COMMAND: POST /session/59389012155df3fc64e839119ed77469/elements - {"using":"xpath","value":"//*[@id=\"__button385\"]"}
RESULT: {"using":"xpath","value":"//*[@id=\"__button385\"]"}
COMMAND: POST /session/59389012155df3fc64e839119ed77469/elements - {"using":"xpath","value":"//*[@id=\"__button385\"]"}
RESULT: {"using":"xpath","value":"//*[@id=\"__button385\"]"}
COMMAND: POST /session/59389012155df3fc64e839119ed77469/elements - {"using":"xpath","value":"//*[@id=\"__button385\"]"}
RESULT: {"using":"xpath","value":"//*[@id=\"__button385\"]"}
COMMAND: POST /session/59389012155df3fc64e839119ed77469/elements - {"using":"xpath","value":"//*[@id=\"__button385\"]"}
RESULT: {"using":"xpath","value":"//*[@id=\"__button385\"]"}
COMMAND: POST /session/59389012155df3fc64e839119ed77469/elements - {"using":"xpath","value":"//*[@id=\"__button385\"]"}
RESULT: {"using":"xpath","value":"//*[@id=\"__button385\"]"}
COMMAND: POST /session/59389012155df3fc64e839119ed77469/elements - {"using":"xpath","value":"//*[@id=\"__button385\"]"}
RESULT: {"using":"xpath","value":"//*[@id=\"__button385\"]"}
COMMAND: POST /session/59389012155df3fc64e839119ed77469/elements - {"using":"xpath","value":"//*[@id=\"__button385\"]"}
RESULT: {"using":"xpath","value":"//*[@id=\"__button385\"]"}
COMMAND: POST /session/59389012155df3fc64e839119ed77469/elements - {"using":"xpath","value":"//*[@id=\"__button385\"]"}
RESULT: {"using":"xpath","value":"//*[@id=\"__button385\"]"}
COMMAND: POST /session/59389012155df3fc64e839119ed77469/elements - {"using":"xpath","value":"//*[@id=\"__button385\"]"}
RESULT: {"using":"xpath","value":"//*[@id=\"__button385\"]"}
COMMAND: POST /session/59389012155df3fc64e839119ed77469/elements - {"using":"xpath","value":"//*[@id=\"__button385\"]"}
RESULT: {"using":"xpath","value":"//*[@id=\"__button385\"]"}
COMMAND: POST /session/59389012155df3fc64e839119ed77469/elements - {"using":"xpath","value":"//*[@id=\"__button385\"]"}
RESULT: {"using":"xpath","value":"//*[@id=\"__button385\"]"}
COMMAND: POST /session/59389012155df3fc64e839119ed77469/elements - {"using":"xpath","value":"//*[@id=\"__button385\"]"}
RESULT: {"using":"xpath","value":"//*[@id=\"__button385\"]"}
COMMAND: POST /session/59389012155df3fc64e839119ed77469/elements - {"using":"xpath","value":"//*[@id=\"__button385\"]"}
RESULT: {"using":"xpath","value":"//*[@id=\"__button385\"]"}
COMMAND: POST /session/59389012155df3fc64e839119ed77469/elements - {"using":"xpath","value":"//*[@id=\"__button385\"]"}
RESULT: {"using":"xpath","value":"//*[@id=\"__button385\"]"}
COMMAND: POST /session/59389012155df3fc64e839119ed77469/elements - {"using":"xpath","value":"//*[@id=\"__button385\"]"}
RESULT: {"using":"xpath","value":"//*[@id=\"__button385\"]"}
COMMAND: POST /session/59389012155df3fc64e839119ed77469/elements - {"using":"xpath","value":"//*[@id=\"__button385\"]"}
RESULT: {"using":"xpath","value":"//*[@id=\"__button385\"]"}
COMMAND: POST /session/59389012155df3fc64e839119ed77469/elements - {"using":"xpath","value":"//*[@id=\"__button385\"]"}
RESULT: {"using":"xpath","value":"//*[@id=\"__button385\"]"}
COMMAND: POST /session/59389012155df3fc64e839119ed77469/elements - {"using":"xpath","value":"//*[@id=\"__button385\"]"}
RESULT: {"using":"xpath","value":"//*[@id=\"__button385\"]"}
COMMAND: POST /session/59389012155df3fc64e839119ed77469/elements - {"using":"xpath","value":"//*[@id=\"__button385\"]"}
RESULT: {"using":"xpath","value":"//*[@id=\"__button385\"]"}
COMMAND: POST /session/59389012155df3fc64e839119ed77469/elements - {"using":"xpath","value":"//*[@id=\"__button385\"]"}
RESULT: {"using":"xpath","value":"//*[@id=\"__button385\"]"}
COMMAND: POST /session/59389012155df3fc64e839119ed77469/elements - {"using":"xpath","value":"//*[@id=\"__button385\"]"}
RESULT: {"using":"xpath","value":"//*[@id=\"__button385\"]"}
COMMAND: POST /session/59389012155df3fc64e839119ed77469/elements - {"using":"xpath","value":"//*[@id=\"__button385\"]"}
RESULT: {"using":"xpath","value":"//*[@id=\"__button385\"]"}
COMMAND: POST /session/59389012155df3fc64e839119ed77469/elements - {"using":"xpath","value":"//*[@id=\"__button385\"]"}
RESULT: {"using":"xpath","value":"//*[@id=\"__button385\"]"}
COMMAND: POST /session/59389012155df3fc64e839119ed77469/elements - {"using":"xpath","value":"//*[@id=\"__button385\"]"}
RESULT: {"using":"xpath","value":"//*[@id=\"__button385\"]"}
COMMAND: POST /session/59389012155df3fc64e839119ed77469/elements - {"using":"xpath","value":"//*[@id=\"__button385\"]"}
RESULT: {"using":"xpath","value":"//*[@id=\"__button385\"]"}
COMMAND: POST /session/59389012155df3fc64e839119ed77469/elements - {"using":"xpath","value":"//*[@id=\"__button385\"]"}
RESULT: {"using":"xpath","value":"//*[@id=\"__button385\"]"}
COMMAND: POST /session/59389012155df3fc64e839119ed77469/elements - {"using":"xpath","value":"//*[@id=\"__button385\"]"}
RESULT: {"using":"xpath","value":"//*[@id=\"__button385\"]"}
COMMAND: POST /session/59389012155df3fc64e839119ed77469/elements - {"using":"xpath","value":"//*[@id=\"__button385\"]"}
RESULT: {"using":"xpath","value":"//*[@id=\"__button385\"]"}
COMMAND: POST /session/59389012155df3fc64e839119ed77469/elements - {"using":"xpath","value":"//*[@id=\"__button385\"]"}
RESULT: {"using":"xpath","value":"//*[@id=\"__button385\"]"}
COMMAND: POST /session/59389012155df3fc64e839119ed77469/elements - {"using":"xpath","value":"//*[@id=\"__button385\"]"}
RESULT: {"using":"xpath","value":"//*[@id=\"__button385\"]"}
COMMAND: POST /session/59389012155df3fc64e839119ed77469/elements - {"using":"xpath","value":"//*[@id=\"__button385\"]"}
RESULT: {"using":"xpath","value":"//*[@id=\"__button385\"]"}
COMMAND: POST /session/59389012155df3fc64e839119ed77469/elements - {"using":"xpath","value":"//*[@id=\"__button385\"]"}
RESULT: {"using":"xpath","value":"//*[@id=\"__button385\"]"}
COMMAND: POST /session/59389012155df3fc64e839119ed77469/elements - {"using":"xpath","value":"//*[@id=\"__button385\"]"}
RESULT: {"using":"xpath","value":"//*[@id=\"__button385\"]"}
COMMAND: POST /session/59389012155df3fc64e839119ed77469/elements - {"using":"xpath","value":"//*[@id=\"__button385\"]"}
RESULT: {"using":"xpath","value":"//*[@id=\"__button385\"]"}
COMMAND: POST /session/59389012155df3fc64e839119ed77469/elements - {"using":"xpath","value":"//*[@id=\"__button385\"]"}
RESULT: {"using":"xpath","value":"//*[@id=\"__button385\"]"}
COMMAND: POST /session/59389012155df3fc64e839119ed77469/elements - {"using":"xpath","value":"//*[@id=\"__button385\"]"}
RESULT: {"using":"xpath","value":"//*[@id=\"__button385\"]"}
COMMAND: POST /session/59389012155df3fc64e839119ed77469/elements - {"using":"xpath","value":"//*[@id=\"__button385\"]"}
RESULT: {"using":"xpath","value":"//*[@id=\"__button385\"]"}
COMMAND: POST /session/59389012155df3fc64e839119ed77469/elements - {"using":"xpath","value":"//*[@id=\"__button385\"]"}
RESULT: {"using":"xpath","value":"//*[@id=\"__button385\"]"}
COMMAND: POST /session/59389012155df3fc64e839119ed77469/elements - {"using":"xpath","value":"//*[@id=\"__button385\"]"}
RESULT: {"using":"xpath","value":"//*[@id=\"__button385\"]"}
COMMAND: POST /session/59389012155df3fc64e839119ed77469/elements - {"using":"xpath","value":"//*[@id=\"__button385\"]"}
RESULT: {"using":"xpath","value":"//*[@id=\"__button385\"]"}
COMMAND: POST /session/59389012155df3fc64e839119ed77469/elements - {"using":"xpath","value":"//*[@id=\"__button385\"]"}
RESULT: {"using":"xpath","value":"//*[@id=\"__button385\"]"}
COMMAND: POST /session/59389012155df3fc64e839119ed77469/elements - {"using":"xpath","value":"//*[@id=\"__button385\"]"}
RESULT: {"using":"xpath","value":"//*[@id=\"__button385\"]"}
COMMAND: POST /session/59389012155df3fc64e839119ed77469/elements - {"using":"xpath","value":"//*[@id=\"__button385\"]"}
RESULT: {"using":"xpath","value":"//*[@id=\"__button385\"]"}
COMMAND: POST /session/59389012155df3fc64e839119ed77469/elements - {"using":"xpath","value":"//*[@id=\"__button385\"]"}
RESULT: {"using":"xpath","value":"//*[@id=\"__button385\"]"}
COMMAND: POST /session/59389012155df3fc64e839119ed77469/elements - {"using":"xpath","value":"//*[@id=\"__button385\"]"}
RESULT: {"using":"xpath","value":"//*[@id=\"__button385\"]"}
COMMAND: POST /session/59389012155df3fc64e839119ed77469/elements - {"using":"xpath","value":"//*[@id=\"__button385\"]"}
RESULT: {"using":"xpath","value":"//*[@id=\"__button385\"]"}
COMMAND: POST /session/59389012155df3fc64e839119ed77469/elements - {"using":"xpath","value":"//*[@id=\"__button385\"]"}
RESULT: {"using":"xpath","value":"//*[@id=\"__button385\"]"}
COMMAND: POST /session/59389012155df3fc64e839119ed77469/elements - {"using":"xpath","value":"//*[@id=\"__button385\"]"}
RESULT: {"using":"xpath","value":"//*[@id=\"__button385\"]"}
COMMAND: POST /session/59389012155df3fc64e839119ed77469/elements - {"using":"xpath","value":"//*[@id=\"__button385\"]"}
RESULT: {"using":"xpath","value":"//*[@id=\"__button385\"]"}
COMMAND: POST /session/59389012155df3fc64e839119ed77469/elements - {"using":"xpath","value":"//*[@id=\"__button385\"]"}
RESULT: {"using":"xpath","value":"//*[@id=\"__button385\"]"}
COMMAND: POST /session/59389012155df3fc64e839119ed77469/elements - {"using":"xpath","value":"//*[@id=\"__button385\"]"}
RESULT: {"using":"xpath","value":"//*[@id=\"__button385\"]"}
COMMAND: POST /session/59389012155df3fc64e839119ed77469/elements - {"using":"xpath","value":"//*[@id=\"__button385\"]"}
RESULT: {"using":"xpath","value":"//*[@id=\"__button385\"]"}
COMMAND: POST /session/59389012155df3fc64e839119ed77469/elements - {"using":"xpath","value":"//*[@id=\"__button385\"]"}
RESULT: {"using":"xpath","value":"//*[@id=\"__button385\"]"}
COMMAND: POST /session/59389012155df3fc64e839119ed77469/elements - {"using":"xpath","value":"//*[@id=\"__button385\"]"}
RESULT: {"using":"xpath","value":"//*[@id=\"__button385\"]"}
COMMAND: POST /session/59389012155df3fc64e839119ed77469/elements - {"using":"xpath","value":"//*[@id=\"__button385\"]"}
RESULT: {"using":"xpath","value":"//*[@id=\"__button385\"]"}
COMMAND: POST /session/59389012155df3fc64e839119ed77469/elements - {"using":"xpath","value":"//*[@id=\"__button385\"]"}
RESULT: {"using":"xpath","value":"//*[@id=\"__button385\"]"}
COMMAND: POST /session/59389012155df3fc64e839119ed77469/elements - {"using":"xpath","value":"//*[@id=\"__button385\"]"}
RESULT: {"using":"xpath","value":"//*[@id=\"__button385\"]"}
COMMAND: POST /session/59389012155df3fc64e839119ed77469/elements - {"using":"xpath","value":"//*[@id=\"__button385\"]"}
RESULT: {"using":"xpath","value":"//*[@id=\"__button385\"]"}
COMMAND: POST /session/59389012155df3fc64e839119ed77469/elements - {"using":"xpath","value":"//*[@id=\"__button385\"]"}
RESULT: {"using":"xpath","value":"//*[@id=\"__button385\"]"}
COMMAND: POST /session/59389012155df3fc64e839119ed77469/elements - {"using":"xpath","value":"//*[@id=\"__button385\"]"}
RESULT: {"using":"xpath","value":"//*[@id=\"__button385\"]"}
COMMAND: POST /session/59389012155df3fc64e839119ed77469/elements - {"using":"xpath","value":"//*[@id=\"__button385\"]"}
RESULT: {"using":"xpath","value":"//*[@id=\"__button385\"]"}
COMMAND: POST /session/59389012155df3fc64e839119ed77469/elements - {"using":"xpath","value":"//*[@id=\"__button385\"]"}
RESULT: {"using":"xpath","value":"//*[@id=\"__button385\"]"}
COMMAND: POST /session/59389012155df3fc64e839119ed77469/elements - {"using":"xpath","value":"//*[@id=\"__button385\"]"}
RESULT: {"using":"xpath","value":"//*[@id=\"__button385\"]"}
COMMAND: POST /session/59389012155df3fc64e839119ed77469/elements - {"using":"xpath","value":"//*[@id=\"__button385\"]"}
RESULT: {"using":"xpath","value":"//*[@id=\"__button385\"]"}
COMMAND: POST /session/59389012155df3fc64e839119ed77469/elements - {"using":"xpath","value":"//*[@id=\"__button385\"]"}
RESULT: {"using":"xpath","value":"//*[@id=\"__button385\"]"}
COMMAND: POST /session/59389012155df3fc64e839119ed77469/elements - {"using":"xpath","value":"//*[@id=\"__button385\"]"}
COMMAND: POST /session/59389012155df3fc64e839119ed77469/element - {"using":"css selector","value":"#shell-header-logo"}
RESULT: {"using":"xpath","value":"//*[@id=\"__button385\"]"}
RESULT: {"using":"css selector","value":"#shell-header-logo"}
COMMAND: POST /session/59389012155df3fc64e839119ed77469/execute/sync - {"script":"<script> [8489 bytes]","args":[{"element-6066-11e4-a52e-4f735466cecf":"f.8420AFDB22D113F0275E61267E529F05.d.3E9925F29468F8146425BA2509C9BBDC.e.14021","ELEMENT":"f.8420AFDB22D113F0275E61267E529F05.d.3E9925F29468F8146425BA2509C9BBDC.e.14021"}]}
RESULT: {"script":"<script> [8489 bytes]","args":[{"element-6066-11e4-a52e-4f735466cecf":"f.8420AFDB22D113F0275E61267E529F05.d.3E9925F29468F8146425BA2509C9BBDC.e.14021","ELEMENT":"f.8420AFDB22D113F0275E61267E529F05.d.3E9925F29468F8146425BA2509C9BBDC.e.14021"}]}
COMMAND: POST /session/59389012155df3fc64e839119ed77469/execute/sync - {"script":"<script> [5351 bytes]","args":[{"element-6066-11e4-a52e-4f735466cecf":"f.8420AFDB22D113F0275E61267E529F05.d.3E9925F29468F8146425BA2509C9BBDC.e.14021","ELEMENT":"f.8420AFDB22D113F0275E61267E529F05.d.3E9925F29468F8146425BA2509C9BBDC.e.14021"}]}
COMMAND: GET /session/59389012155df3fc64e839119ed77469/screenshot - {}
RESULT: {"script":"<script> [5351 bytes]","args":[{"element-6066-11e4-a52e-4f735466cecf":"f.8420AFDB22D113F0275E61267E529F05.d.3E9925F29468F8146425BA2509C9BBDC.e.14021","ELEMENT":"f.8420AFDB22D113F0275E61267E529F05.d.3E9925F29468F8146425BA2509C9BBDC.e.14021"}]}
COMMAND: POST /session/59389012155df3fc64e839119ed77469/element/f.8420AFDB22D113F0275E61267E529F05.d.3E9925F29468F8146425BA2509C9BBDC.e.14021/click - {}
COMMAND: GET /session/59389012155df3fc64e839119ed77469/screenshot - {}
RESULT: {}
RESULT: {}
]]></system-out>
    </testcase>
    <testcase classname="chrome.135_0_7049_96.windows.Create_master_data_for_mixed_billing_&amp;_do_billing_calculation_US151661" name="Should go to Manage Billings and trigger calculation check the conditions applied" time="60.887">
      <system-out><![CDATA[
COMMAND: POST /session/59389012155df3fc64e839119ed77469/execute/async - {"script":"<script> [1562 bytes]","args":[{"selector":{"controlType":"sap.m.GenericTile","properties":{"header":"Manage Billings"}},"wdio_ui5_key":"sapm.GenericTile{\"header\":\"Manage Billings\"}"}]}
COMMAND: GET /session/59389012155df3fc64e839119ed77469/screenshot - {}
RESULT: {}
RESULT: {"script":"<script> [1562 bytes]","args":[{"selector":{"controlType":"sap.m.GenericTile","properties":{"header":"Manage Billings"}},"wdio_ui5_key":"sapm.GenericTile{\"header\":\"Manage Billings\"}"}]}
RESULT: undefined
COMMAND: POST /session/59389012155df3fc64e839119ed77469/element - {"using":"xpath","value":"//*[@id=\"__tile91\"]"}
RESULT: {}
RESULT: {"using":"xpath","value":"//*[@id=\"__tile91\"]"}
COMMAND: POST /session/59389012155df3fc64e839119ed77469/element/f.8420AFDB22D113F0275E61267E529F05.d.3E9925F29468F8146425BA2509C9BBDC.e.8759/click - {}
RESULT: {}
COMMAND: GET /session/59389012155df3fc64e839119ed77469/screenshot - {}
RESULT: {}
COMMAND: POST /session/59389012155df3fc64e839119ed77469/execute/async - {"script":"<script> [1562 bytes]","args":[{"selector":{"id":"application-managebillings-display-component---billRunCalcResult--smartFilterBar-btnBasicSearch","interaction":{"idSuffix":"I"}},"wdio_ui5_key":"applicationmanagebillings-display-component---billRunCalcResult--smartFilterBar-btnBasicSearch"}]}
RESULT: {"script":"<script> [1562 bytes]","args":[{"selector":{"id":"application-managebillings-display-component---billRunCalcResult--smartFilterBar-btnBasicSearch","interaction":{"idSuffix":"I"}},"wdio_ui5_key":"applicationmanagebillings-display-component---billRunCalcResult--smartFilterBar-btnBasicSearch"}]}
RESULT: undefined
COMMAND: POST /session/59389012155df3fc64e839119ed77469/execute/async - {"script":"<script> [776 bytes]","args":[{"enterText":"10438","selector":{"id":"application-managebillings-display-component---billRunCalcResult--smartFilterBar-btnBasicSearch","interaction":{"idSuffix":"I"}},"clearTextFirst":true,"interactionType":"ENTER_TEXT"}]}
RESULT: {"script":"<script> [776 bytes]","args":[{"enterText":"10438","selector":{"id":"application-managebillings-display-component---billRunCalcResult--smartFilterBar-btnBasicSearch","interaction":{"idSuffix":"I"}},"clearTextFirst":true,"interactionType":"ENTER_TEXT"}]}
COMMAND: POST /session/59389012155df3fc64e839119ed77469/actions - {"actions":[{"id":"action49","type":"key","parameters":{},"actions":[{"type":"keyDown","value":"î€‡"},{"type":"pause","duration":10},{"type":"keyUp","value":"î€‡"}]}]}
RESULT: {"actions":[{"id":"action49","type":"key","parameters":{},"actions":[{"type":"keyDown","value":"î€‡"},{"type":"pause","duration":10},{"type":"keyUp","value":"î€‡"}]}]}
COMMAND: GET /session/59389012155df3fc64e839119ed77469/screenshot - {}
RESULT: {}
COMMAND: POST /session/59389012155df3fc64e839119ed77469/element - {"using":"xpath","value":"//td[@aria-colindex=\"1\"]/div/div[contains(@class, \"sapMCbBg\")]"}
RESULT: {"using":"xpath","value":"//td[@aria-colindex=\"1\"]/div/div[contains(@class, \"sapMCbBg\")]"}
COMMAND: POST /session/59389012155df3fc64e839119ed77469/element/f.8420AFDB22D113F0275E61267E529F05.d.3E9925F29468F8146425BA2509C9BBDC.e.14429/click - {}
RESULT: {}
COMMAND: GET /session/59389012155df3fc64e839119ed77469/screenshot - {}
RESULT: {}
COMMAND: POST /session/59389012155df3fc64e839119ed77469/execute/async - {"script":"<script> [1562 bytes]","args":[{"selector":{"id":"application-managebillings-display-component---billRunCalcResult--contractBillRunDate","interaction":{"idSuffix":"inner"}},"wdio_ui5_key":"applicationmanagebillings-display-component---billRunCalcResult--contractBillRunDate"}]}
RESULT: {"script":"<script> [1562 bytes]","args":[{"selector":{"id":"application-managebillings-display-component---billRunCalcResult--contractBillRunDate","interaction":{"idSuffix":"inner"}},"wdio_ui5_key":"applicationmanagebillings-display-component---billRunCalcResult--contractBillRunDate"}]}
RESULT: undefined
COMMAND: POST /session/59389012155df3fc64e839119ed77469/execute/async - {"script":"<script> [776 bytes]","args":[{"enterText":"06/01/25","selector":{"id":"application-managebillings-display-component---billRunCalcResult--contractBillRunDate","interaction":{"idSuffix":"inner"}},"clearTextFirst":true,"interactionType":"ENTER_TEXT"}]}
RESULT: {"script":"<script> [776 bytes]","args":[{"enterText":"06/01/25","selector":{"id":"application-managebillings-display-component---billRunCalcResult--contractBillRunDate","interaction":{"idSuffix":"inner"}},"clearTextFirst":true,"interactionType":"ENTER_TEXT"}]}
COMMAND: POST /session/59389012155df3fc64e839119ed77469/element - {"using":"xpath","value":"//bdi[contains(text(), \"Trigger Calculation\")]"}
RESULT: {"using":"xpath","value":"//bdi[contains(text(), \"Trigger Calculation\")]"}
COMMAND: POST /session/59389012155df3fc64e839119ed77469/element/f.8420AFDB22D113F0275E61267E529F05.d.3E9925F29468F8146425BA2509C9BBDC.e.14480/click - {}
RESULT: {}
COMMAND: GET /session/59389012155df3fc64e839119ed77469/screenshot - {}
RESULT: {}
COMMAND: POST /session/59389012155df3fc64e839119ed77469/element - {"using":"xpath","value":"(//span[contains(@id, \"imgNav\")])[1]"}
RESULT: {"using":"xpath","value":"(//span[contains(@id, \"imgNav\")])[1]"}
COMMAND: POST /session/59389012155df3fc64e839119ed77469/element/f.8420AFDB22D113F0275E61267E529F05.d.3E9925F29468F8146425BA2509C9BBDC.e.14430/click - {}
RESULT: {}
COMMAND: GET /session/59389012155df3fc64e839119ed77469/screenshot - {}
RESULT: {}
COMMAND: POST /session/59389012155df3fc64e839119ed77469/element - {"using":"xpath","value":"//tr/td[6]/div[1]/span[1]/span[1]"}
RESULT: {"using":"xpath","value":"//tr/td[6]/div[1]/span[1]/span[1]"}
COMMAND: GET /session/59389012155df3fc64e839119ed77469/element/f.8420AFDB22D113F0275E61267E529F05.d.3E9925F29468F8146425BA2509C9BBDC.e.14485/text - {}
RESULT: {}
COMMAND: POST /session/59389012155df3fc64e839119ed77469/element - {"using":"xpath","value":"(//span[contains(@id, \"imgNav\")])[2]"}
RESULT: {"using":"xpath","value":"(//span[contains(@id, \"imgNav\")])[2]"}
COMMAND: POST /session/59389012155df3fc64e839119ed77469/element/f.8420AFDB22D113F0275E61267E529F05.d.3E9925F29468F8146425BA2509C9BBDC.e.14486/click - {}
RESULT: {}
COMMAND: POST /session/59389012155df3fc64e839119ed77469/element - {"using":"xpath","value":"//bdi[contains(text(), \"Business Confirm\")]"}
COMMAND: GET /session/59389012155df3fc64e839119ed77469/screenshot - {}
RESULT: {"using":"xpath","value":"//bdi[contains(text(), \"Business Confirm\")]"}
COMMAND: POST /session/59389012155df3fc64e839119ed77469/elements - {"using":"xpath","value":"//bdi[contains(text(), \"Business Confirm\")]"}
RESULT: {}
RESULT: {"using":"xpath","value":"//bdi[contains(text(), \"Business Confirm\")]"}
COMMAND: POST /session/59389012155df3fc64e839119ed77469/element - {"using":"xpath","value":"//bdi[contains(text(), \"Business Confirm\")]"}
RESULT: {"using":"xpath","value":"//bdi[contains(text(), \"Business Confirm\")]"}
COMMAND: POST /session/59389012155df3fc64e839119ed77469/element/f.8420AFDB22D113F0275E61267E529F05.d.3E9925F29468F8146425BA2509C9BBDC.e.14560/click - {}
RESULT: {}
COMMAND: POST /session/59389012155df3fc64e839119ed77469/element - {"using":"css selector","value":"#shell-header-logo"}
COMMAND: GET /session/59389012155df3fc64e839119ed77469/screenshot - {}
RESULT: {"using":"css selector","value":"#shell-header-logo"}
COMMAND: POST /session/59389012155df3fc64e839119ed77469/element/f.8420AFDB22D113F0275E61267E529F05.d.3E9925F29468F8146425BA2509C9BBDC.e.14222/click - {}
RESULT: {}
RESULT: {}
COMMAND: GET /session/59389012155df3fc64e839119ed77469/screenshot - {}
RESULT: {}
COMMAND: POST /session/59389012155df3fc64e839119ed77469/element - {"using":"css selector","value":"#j_username"}
COMMAND: POST /session/59389012155df3fc64e839119ed77469/url - {"url":"https://qa-testing-00-live-etm-ui.cfapps.eu10-004.hana.ondemand.com/"}
RESULT: {"using":"css selector","value":"#j_username"}
COMMAND: POST /session/59389012155df3fc64e839119ed77469/element - {"using":"css selector","value":"#j_username"}
RESULT: {"url":"https://qa-testing-00-live-etm-ui.cfapps.eu10-004.hana.ondemand.com/"}
RESULT: undefined
COMMAND: GET /session/59389012155df3fc64e839119ed77469/screenshot - {}
RESULT: {"using":"css selector","value":"#j_username"}
COMMAND: POST /session/59389012155df3fc64e839119ed77469/element - {"using":"css selector","value":"#shell-header-logo"}
RESULT: {}
RESULT: {"using":"css selector","value":"#shell-header-logo"}
COMMAND: POST /session/59389012155df3fc64e839119ed77469/execute/sync - {"script":"<script> [8489 bytes]","args":[{"element-6066-11e4-a52e-4f735466cecf":"f.8420AFDB22D113F0275E61267E529F05.d.ED4EF3F2573B224AE683FA3E83B8DB6F.e.14576","ELEMENT":"f.8420AFDB22D113F0275E61267E529F05.d.ED4EF3F2573B224AE683FA3E83B8DB6F.e.14576"}]}
RESULT: {"script":"<script> [8489 bytes]","args":[{"element-6066-11e4-a52e-4f735466cecf":"f.8420AFDB22D113F0275E61267E529F05.d.ED4EF3F2573B224AE683FA3E83B8DB6F.e.14576","ELEMENT":"f.8420AFDB22D113F0275E61267E529F05.d.ED4EF3F2573B224AE683FA3E83B8DB6F.e.14576"}]}
COMMAND: POST /session/59389012155df3fc64e839119ed77469/element - {"using":"css selector","value":"#shell-header-logo"}
COMMAND: GET /session/59389012155df3fc64e839119ed77469/screenshot - {}
RESULT: {"using":"css selector","value":"#shell-header-logo"}
COMMAND: POST /session/59389012155df3fc64e839119ed77469/execute/sync - {"script":"<script> [8489 bytes]","args":[{"element-6066-11e4-a52e-4f735466cecf":"f.8420AFDB22D113F0275E61267E529F05.d.ED4EF3F2573B224AE683FA3E83B8DB6F.e.14576","ELEMENT":"f.8420AFDB22D113F0275E61267E529F05.d.ED4EF3F2573B224AE683FA3E83B8DB6F.e.14576"}]}
RESULT: {}
RESULT: {"script":"<script> [8489 bytes]","args":[{"element-6066-11e4-a52e-4f735466cecf":"f.8420AFDB22D113F0275E61267E529F05.d.ED4EF3F2573B224AE683FA3E83B8DB6F.e.14576","ELEMENT":"f.8420AFDB22D113F0275E61267E529F05.d.ED4EF3F2573B224AE683FA3E83B8DB6F.e.14576"}]}
COMMAND: POST /session/59389012155df3fc64e839119ed77469/execute/sync - {"script":"<script> [5351 bytes]","args":[{"element-6066-11e4-a52e-4f735466cecf":"f.8420AFDB22D113F0275E61267E529F05.d.ED4EF3F2573B224AE683FA3E83B8DB6F.e.14576","ELEMENT":"f.8420AFDB22D113F0275E61267E529F05.d.ED4EF3F2573B224AE683FA3E83B8DB6F.e.14576"}]}
COMMAND: GET /session/59389012155df3fc64e839119ed77469/screenshot - {}
RESULT: {"script":"<script> [5351 bytes]","args":[{"element-6066-11e4-a52e-4f735466cecf":"f.8420AFDB22D113F0275E61267E529F05.d.ED4EF3F2573B224AE683FA3E83B8DB6F.e.14576","ELEMENT":"f.8420AFDB22D113F0275E61267E529F05.d.ED4EF3F2573B224AE683FA3E83B8DB6F.e.14576"}]}
COMMAND: POST /session/59389012155df3fc64e839119ed77469/element - {"using":"css selector","value":"#shell-header-logo"}
COMMAND: GET /session/59389012155df3fc64e839119ed77469/screenshot - {}
RESULT: {}
RESULT: {"using":"css selector","value":"#shell-header-logo"}
COMMAND: POST /session/59389012155df3fc64e839119ed77469/element/f.8420AFDB22D113F0275E61267E529F05.d.ED4EF3F2573B224AE683FA3E83B8DB6F.e.14576/click - {}
RESULT: {}
RESULT: {}
COMMAND: GET /session/59389012155df3fc64e839119ed77469/screenshot - {}
RESULT: {}
COMMAND: POST /session/59389012155df3fc64e839119ed77469/execute/async - {"script":"<script> [189 bytes]","args":[]}
RESULT: {"script":"<script> [189 bytes]","args":[]}
COMMAND: POST /session/59389012155df3fc64e839119ed77469/execute/async - {"script":"<script> [123 bytes]","args":[]}
RESULT: {"script":"<script> [123 bytes]","args":[]}
COMMAND: POST /session/59389012155df3fc64e839119ed77469/timeouts - {"script":"<number>"}
RESULT: {"script":"<number>"}
COMMAND: GET /session/59389012155df3fc64e839119ed77469/timeouts - {}
RESULT: {}
RESULT: undefined
COMMAND: POST /session/59389012155df3fc64e839119ed77469/execute/async - {"script":"<script> [2676 bytes]","args":[]}
RESULT: {"script":"<script> [2676 bytes]","args":[]}
COMMAND: POST /session/59389012155df3fc64e839119ed77469/execute/async - {"script":"<script> [2342 bytes]","args":[{"protocol":"http","hostname":"0.0.0.0","path":"/","capabilities":{"browserName":"chrome","goog:chromeOptions":{"binary":"C:\\Program Files\\Google\\Chrome\\Application\\chrome.exe","args":["--start-maximized"]}},"logLevel":"warn","connectionRetryTimeout":120000,"connectionRetryCount":3,"logLevels":{},"enableDirectConnect":true,"strictSSL":true,"_":"65 more keys: [\"cacheDir\",\"port\",\"requestedCapabilities\",\"automationProtocol\",\"baseUrl\",\"waitforInterval\",\"waitforTimeout\",\"onReload\",\"beforeCommand\",\"afterCommand\",\"rootDir\",\"specs\",\"suites\",\"exclude\",\"groupLogsByTestSpec\",\"excludeDriverLogs\",\"bail\",\"framework\",\"reporters\",\"services\",\"maxInstances\",\"maxInstancesPerCapability\",\"injectGlobals\",\"filesToWatch\",\"execArgv\",\"runnerEnv\",\"runner\",\"shard\",\"specFileRetries\",\"specFileRetriesDelay\",\"specFileRetriesDeferred\",\"reporterSyncInterval\",\"reporterSyncTimeout\",\"cucumberFeaturesWithLineNumbers\",\"autoCompileOpts\",\"mochaOpts\",\"jasmineOpts\",\"cucumberOpts\",\"onPrepare\",\"onWorkerStart\",\"onWorkerEnd\",\"before\",\"beforeSession\",\"beforeSuite\",\"beforeHook\",\"beforeTest\",\"afterTest\",\"afterHook\",\"afterSuite\",\"afterSession\",\"after\",\"onComplete\",\"beforeAssertion\",\"afterAssertion\",\"beforeFeature\",\"beforeScenario\",\"beforeStep\",\"afterStep\",\"afterScenario\",\"afterFeature\",\"_\",\"suite\",\"$0\",\"ignoredWorkerServices\",\"wdi5\"]"}]}
RESULT: {"script":"<script> [2342 bytes]","args":[{"protocol":"http","hostname":"0.0.0.0","path":"/","capabilities":{"browserName":"chrome","goog:chromeOptions":{"binary":"C:\\Program Files\\Google\\Chrome\\Application\\chrome.exe","args":["--start-maximized"]}},"logLevel":"warn","connectionRetryTimeout":120000,"connectionRetryCount":3,"logLevels":{},"enableDirectConnect":true,"strictSSL":true,"_":"65 more keys: [\"cacheDir\",\"port\",\"requestedCapabilities\",\"automationProtocol\",\"baseUrl\",\"waitforInterval\",\"waitforTimeout\",\"onReload\",\"beforeCommand\",\"afterCommand\",\"rootDir\",\"specs\",\"suites\",\"exclude\",\"groupLogsByTestSpec\",\"excludeDriverLogs\",\"bail\",\"framework\",\"reporters\",\"services\",\"maxInstances\",\"maxInstancesPerCapability\",\"injectGlobals\",\"filesToWatch\",\"execArgv\",\"runnerEnv\",\"runner\",\"shard\",\"specFileRetries\",\"specFileRetriesDelay\",\"specFileRetriesDeferred\",\"reporterSyncInterval\",\"reporterSyncTimeout\",\"cucumberFeaturesWithLineNumbers\",\"autoCompileOpts\",\"mochaOpts\",\"jasmineOpts\",\"cucumberOpts\",\"onPrepare\",\"onWorkerStart\",\"onWorkerEnd\",\"before\",\"beforeSession\",\"beforeSuite\",\"beforeHook\",\"beforeTest\",\"afterTest\",\"afterHook\",\"afterSuite\",\"afterSession\",\"after\",\"onComplete\",\"beforeAssertion\",\"afterAssertion\",\"beforeFeature\",\"beforeScenario\",\"beforeStep\",\"afterStep\",\"afterScenario\",\"afterFeature\",\"_\",\"suite\",\"$0\",\"ignoredWorkerServices\",\"wdi5\"]"}]}
COMMAND: POST /session/59389012155df3fc64e839119ed77469/execute/async - {"script":"<script> [21126 bytes]","args":[35000]}
RESULT: {"script":"<script> [21126 bytes]","args":[35000]}
COMMAND: POST /session/59389012155df3fc64e839119ed77469/window/maximize - {}
RESULT: {}
COMMAND: POST /session/59389012155df3fc64e839119ed77469/execute/async - {"script":"<script> [1562 bytes]","args":[{"selector":{"id":"shell-header","interaction":{"idSuffix":"icon"}},"wdio_ui5_key":"shellheader"}]}
COMMAND: GET /session/59389012155df3fc64e839119ed77469/screenshot - {}
RESULT: {"script":"<script> [1562 bytes]","args":[{"selector":{"id":"shell-header","interaction":{"idSuffix":"icon"}},"wdio_ui5_key":"shellheader"}]}
RESULT: undefined
COMMAND: POST /session/59389012155df3fc64e839119ed77469/refresh - {}
RESULT: {}
RESULT: {}
COMMAND: GET /session/59389012155df3fc64e839119ed77469/screenshot - {}
RESULT: {}
COMMAND: POST /session/59389012155df3fc64e839119ed77469/refresh - {}
RESULT: {}
COMMAND: GET /session/59389012155df3fc64e839119ed77469/screenshot - {}
RESULT: {}
COMMAND: POST /session/59389012155df3fc64e839119ed77469/window/fullscreen - {}
RESULT: {}
COMMAND: POST /session/59389012155df3fc64e839119ed77469/execute/async - {"script":"<script> [189 bytes]","args":[]}
RESULT: {"script":"<script> [189 bytes]","args":[]}
COMMAND: POST /session/59389012155df3fc64e839119ed77469/execute/async - {"script":"<script> [123 bytes]","args":[]}
RESULT: {"script":"<script> [123 bytes]","args":[]}
COMMAND: POST /session/59389012155df3fc64e839119ed77469/timeouts - {"script":"<number>"}
RESULT: {"script":"<number>"}
COMMAND: GET /session/59389012155df3fc64e839119ed77469/timeouts - {}
RESULT: {}
RESULT: undefined
COMMAND: POST /session/59389012155df3fc64e839119ed77469/execute/async - {"script":"<script> [2676 bytes]","args":[]}
RESULT: {"script":"<script> [2676 bytes]","args":[]}
COMMAND: POST /session/59389012155df3fc64e839119ed77469/execute/async - {"script":"<script> [2342 bytes]","args":[{"protocol":"http","hostname":"0.0.0.0","path":"/","capabilities":{"browserName":"chrome","goog:chromeOptions":{"binary":"C:\\Program Files\\Google\\Chrome\\Application\\chrome.exe","args":["--start-maximized"]}},"logLevel":"warn","connectionRetryTimeout":120000,"connectionRetryCount":3,"logLevels":{},"enableDirectConnect":true,"strictSSL":true,"_":"65 more keys: [\"cacheDir\",\"port\",\"requestedCapabilities\",\"automationProtocol\",\"baseUrl\",\"waitforInterval\",\"waitforTimeout\",\"onReload\",\"beforeCommand\",\"afterCommand\",\"rootDir\",\"specs\",\"suites\",\"exclude\",\"groupLogsByTestSpec\",\"excludeDriverLogs\",\"bail\",\"framework\",\"reporters\",\"services\",\"maxInstances\",\"maxInstancesPerCapability\",\"injectGlobals\",\"filesToWatch\",\"execArgv\",\"runnerEnv\",\"runner\",\"shard\",\"specFileRetries\",\"specFileRetriesDelay\",\"specFileRetriesDeferred\",\"reporterSyncInterval\",\"reporterSyncTimeout\",\"cucumberFeaturesWithLineNumbers\",\"autoCompileOpts\",\"mochaOpts\",\"jasmineOpts\",\"cucumberOpts\",\"onPrepare\",\"onWorkerStart\",\"onWorkerEnd\",\"before\",\"beforeSession\",\"beforeSuite\",\"beforeHook\",\"beforeTest\",\"afterTest\",\"afterHook\",\"afterSuite\",\"afterSession\",\"after\",\"onComplete\",\"beforeAssertion\",\"afterAssertion\",\"beforeFeature\",\"beforeScenario\",\"beforeStep\",\"afterStep\",\"afterScenario\",\"afterFeature\",\"_\",\"suite\",\"$0\",\"ignoredWorkerServices\",\"wdi5\"]"}]}
RESULT: {"script":"<script> [2342 bytes]","args":[{"protocol":"http","hostname":"0.0.0.0","path":"/","capabilities":{"browserName":"chrome","goog:chromeOptions":{"binary":"C:\\Program Files\\Google\\Chrome\\Application\\chrome.exe","args":["--start-maximized"]}},"logLevel":"warn","connectionRetryTimeout":120000,"connectionRetryCount":3,"logLevels":{},"enableDirectConnect":true,"strictSSL":true,"_":"65 more keys: [\"cacheDir\",\"port\",\"requestedCapabilities\",\"automationProtocol\",\"baseUrl\",\"waitforInterval\",\"waitforTimeout\",\"onReload\",\"beforeCommand\",\"afterCommand\",\"rootDir\",\"specs\",\"suites\",\"exclude\",\"groupLogsByTestSpec\",\"excludeDriverLogs\",\"bail\",\"framework\",\"reporters\",\"services\",\"maxInstances\",\"maxInstancesPerCapability\",\"injectGlobals\",\"filesToWatch\",\"execArgv\",\"runnerEnv\",\"runner\",\"shard\",\"specFileRetries\",\"specFileRetriesDelay\",\"specFileRetriesDeferred\",\"reporterSyncInterval\",\"reporterSyncTimeout\",\"cucumberFeaturesWithLineNumbers\",\"autoCompileOpts\",\"mochaOpts\",\"jasmineOpts\",\"cucumberOpts\",\"onPrepare\",\"onWorkerStart\",\"onWorkerEnd\",\"before\",\"beforeSession\",\"beforeSuite\",\"beforeHook\",\"beforeTest\",\"afterTest\",\"afterHook\",\"afterSuite\",\"afterSession\",\"after\",\"onComplete\",\"beforeAssertion\",\"afterAssertion\",\"beforeFeature\",\"beforeScenario\",\"beforeStep\",\"afterStep\",\"afterScenario\",\"afterFeature\",\"_\",\"suite\",\"$0\",\"ignoredWorkerServices\",\"wdi5\"]"}]}
COMMAND: POST /session/59389012155df3fc64e839119ed77469/execute/async - {"script":"<script> [21126 bytes]","args":[35000]}
RESULT: {"script":"<script> [21126 bytes]","args":[35000]}
]]></system-out>
    </testcase>
  </testsuite>
  <testsuite timestamp="2025-05-01T17:43:00" time="718.723" tests="13" failures="0" errors="0" skipped="0">
    <properties>
      <property name="specId" value="0" />
      <property name="suiteName" value="Performance based billing (work days) US139742" />
      <property name="capabilities" value="chrome.135_0_7049_96.windows" />
      <property name="file" value="file:///D:/a/1/s/test/specs/BTS/billing-performance-workdays.spec.js" />
    </properties>
    <testcase classname="chrome.135_0_7049_96.windows.Performance_based_billing_(work_days)_US139742" name="Should create a new yard" time="0.014">
      <system-out><![CDATA[
COMMAND: POST /session/59389012155df3fc64e839119ed77469/window/fullscreen - {}
RESULT: {}
]]></system-out>
    </testcase>
    <testcase classname="chrome.135_0_7049_96.windows.Performance_based_billing_(work_days)_US139742" name="Should create a new partner" time="0.003" />
    <testcase classname="chrome.135_0_7049_96.windows.Performance_based_billing_(work_days)_US139742" name="Should create a new site" time="0.004" />
    <testcase classname="chrome.135_0_7049_96.windows.Performance_based_billing_(work_days)_US139742" name="Should do prerequisite steps add equipment" time="124">
      <system-out><![CDATA[
COMMAND: POST /session/59389012155df3fc64e839119ed77469/execute/async - {"script":"<script> [1562 bytes]","args":[{"selector":{"controlType":"sap.m.GenericTile","properties":{"header":"Manage Resources"}},"wdio_ui5_key":"sapm.GenericTile{\"header\":\"Manage Resources\"}"}]}
RESULT: {"script":"<script> [1562 bytes]","args":[{"selector":{"controlType":"sap.m.GenericTile","properties":{"header":"Manage Resources"}},"wdio_ui5_key":"sapm.GenericTile{\"header\":\"Manage Resources\"}"}]}
RESULT: undefined
COMMAND: POST /session/59389012155df3fc64e839119ed77469/element - {"using":"xpath","value":"//*[@id=\"__tile39\"]"}
RESULT: {"using":"xpath","value":"//*[@id=\"__tile39\"]"}
COMMAND: POST /session/59389012155df3fc64e839119ed77469/element/f.8420AFDB22D113F0275E61267E529F05.d.8C5880AB2ACE0CFB59DCE20DB6BF8DB6.e.14725/click - {}
RESULT: {}
COMMAND: POST /session/59389012155df3fc64e839119ed77469/element - {"using":"xpath","value":"//button[@data-kt=\"addNewRUOverflowToolbarButton\"]"}
COMMAND: GET /session/59389012155df3fc64e839119ed77469/screenshot - {}
RESULT: {"using":"xpath","value":"//button[@data-kt=\"addNewRUOverflowToolbarButton\"]"}
COMMAND: POST /session/59389012155df3fc64e839119ed77469/elements - {"using":"xpath","value":"//button[@data-kt=\"addNewRUOverflowToolbarButton\"]"}
RESULT: {}
RESULT: {"using":"xpath","value":"//button[@data-kt=\"addNewRUOverflowToolbarButton\"]"}
COMMAND: POST /session/59389012155df3fc64e839119ed77469/elements - {"using":"xpath","value":"//button[@data-kt=\"addNewRUOverflowToolbarButton\"]"}
RESULT: {"using":"xpath","value":"//button[@data-kt=\"addNewRUOverflowToolbarButton\"]"}
COMMAND: POST /session/59389012155df3fc64e839119ed77469/elements - {"using":"xpath","value":"//button[@data-kt=\"addNewRUOverflowToolbarButton\"]"}
RESULT: {"using":"xpath","value":"//button[@data-kt=\"addNewRUOverflowToolbarButton\"]"}
COMMAND: POST /session/59389012155df3fc64e839119ed77469/elements - {"using":"xpath","value":"//button[@data-kt=\"addNewRUOverflowToolbarButton\"]"}
RESULT: {"using":"xpath","value":"//button[@data-kt=\"addNewRUOverflowToolbarButton\"]"}
COMMAND: POST /session/59389012155df3fc64e839119ed77469/elements - {"using":"xpath","value":"//button[@data-kt=\"addNewRUOverflowToolbarButton\"]"}
RESULT: {"using":"xpath","value":"//button[@data-kt=\"addNewRUOverflowToolbarButton\"]"}
COMMAND: POST /session/59389012155df3fc64e839119ed77469/elements - {"using":"xpath","value":"//button[@data-kt=\"addNewRUOverflowToolbarButton\"]"}
RESULT: {"using":"xpath","value":"//button[@data-kt=\"addNewRUOverflowToolbarButton\"]"}
COMMAND: POST /session/59389012155df3fc64e839119ed77469/element - {"using":"xpath","value":"//button[@data-kt=\"addNewRUOverflowToolbarButton\"]"}
RESULT: {"using":"xpath","value":"//button[@data-kt=\"addNewRUOverflowToolbarButton\"]"}
COMMAND: POST /session/59389012155df3fc64e839119ed77469/execute/sync - {"script":"<script> [8489 bytes]","args":[{"element-6066-11e4-a52e-4f735466cecf":"f.8420AFDB22D113F0275E61267E529F05.d.8C5880AB2ACE0CFB59DCE20DB6BF8DB6.e.14855","ELEMENT":"f.8420AFDB22D113F0275E61267E529F05.d.8C5880AB2ACE0CFB59DCE20DB6BF8DB6.e.14855"}]}
RESULT: {"script":"<script> [8489 bytes]","args":[{"element-6066-11e4-a52e-4f735466cecf":"f.8420AFDB22D113F0275E61267E529F05.d.8C5880AB2ACE0CFB59DCE20DB6BF8DB6.e.14855","ELEMENT":"f.8420AFDB22D113F0275E61267E529F05.d.8C5880AB2ACE0CFB59DCE20DB6BF8DB6.e.14855"}]}
COMMAND: GET /session/59389012155df3fc64e839119ed77469/element/f.8420AFDB22D113F0275E61267E529F05.d.8C5880AB2ACE0CFB59DCE20DB6BF8DB6.e.14855/enabled - {}
COMMAND: GET /session/59389012155df3fc64e839119ed77469/screenshot - {}
RESULT: {}
COMMAND: POST /session/59389012155df3fc64e839119ed77469/execute/sync - {"script":"<script> [8489 bytes]","args":[{"element-6066-11e4-a52e-4f735466cecf":"f.8420AFDB22D113F0275E61267E529F05.d.8C5880AB2ACE0CFB59DCE20DB6BF8DB6.e.14855","ELEMENT":"f.8420AFDB22D113F0275E61267E529F05.d.8C5880AB2ACE0CFB59DCE20DB6BF8DB6.e.14855"}]}
COMMAND: GET /session/59389012155df3fc64e839119ed77469/screenshot - {}
RESULT: {}
RESULT: {"script":"<script> [8489 bytes]","args":[{"element-6066-11e4-a52e-4f735466cecf":"f.8420AFDB22D113F0275E61267E529F05.d.8C5880AB2ACE0CFB59DCE20DB6BF8DB6.e.14855","ELEMENT":"f.8420AFDB22D113F0275E61267E529F05.d.8C5880AB2ACE0CFB59DCE20DB6BF8DB6.e.14855"}]}
COMMAND: POST /session/59389012155df3fc64e839119ed77469/execute/sync - {"script":"<script> [5351 bytes]","args":[{"element-6066-11e4-a52e-4f735466cecf":"f.8420AFDB22D113F0275E61267E529F05.d.8C5880AB2ACE0CFB59DCE20DB6BF8DB6.e.14855","ELEMENT":"f.8420AFDB22D113F0275E61267E529F05.d.8C5880AB2ACE0CFB59DCE20DB6BF8DB6.e.14855"}]}
COMMAND: GET /session/59389012155df3fc64e839119ed77469/screenshot - {}
RESULT: {}
RESULT: {"script":"<script> [5351 bytes]","args":[{"element-6066-11e4-a52e-4f735466cecf":"f.8420AFDB22D113F0275E61267E529F05.d.8C5880AB2ACE0CFB59DCE20DB6BF8DB6.e.14855","ELEMENT":"f.8420AFDB22D113F0275E61267E529F05.d.8C5880AB2ACE0CFB59DCE20DB6BF8DB6.e.14855"}]}
COMMAND: POST /session/59389012155df3fc64e839119ed77469/element/f.8420AFDB22D113F0275E61267E529F05.d.8C5880AB2ACE0CFB59DCE20DB6BF8DB6.e.14855/click - {}
COMMAND: GET /session/59389012155df3fc64e839119ed77469/screenshot - {}
RESULT: {}
RESULT: {}
COMMAND: GET /session/59389012155df3fc64e839119ed77469/screenshot - {}
RESULT: {}
COMMAND: POST /session/59389012155df3fc64e839119ed77469/execute/async - {"script":"<script> [1562 bytes]","args":[{"selector":{"id":"application-manageresources-display-component---newResourceUnit--TYPE-arrow"},"wdio_ui5_key":"applicationmanageresources-display-component---newResourceUnit--TYPE-arrow"}]}
RESULT: {}
RESULT: {"script":"<script> [1562 bytes]","args":[{"selector":{"id":"application-manageresources-display-component---newResourceUnit--TYPE-arrow"},"wdio_ui5_key":"applicationmanageresources-display-component---newResourceUnit--TYPE-arrow"}]}
RESULT: undefined
COMMAND: POST /session/59389012155df3fc64e839119ed77469/element - {"using":"xpath","value":"//*[@id=\"application-manageresources-display-component---newResourceUnit--TYPE-arrow\"]"}
RESULT: {"using":"xpath","value":"//*[@id=\"application-manageresources-display-component---newResourceUnit--TYPE-arrow\"]"}
COMMAND: POST /session/59389012155df3fc64e839119ed77469/element/f.8420AFDB22D113F0275E61267E529F05.d.8C5880AB2ACE0CFB59DCE20DB6BF8DB6.e.15225/click - {}
RESULT: {}
COMMAND: POST /session/59389012155df3fc64e839119ed77469/element - {"using":"xpath","value":"//input[@id=\"application-manageresources-display-component---newResourceUnit--TYPE-inner\"]"}
COMMAND: GET /session/59389012155df3fc64e839119ed77469/screenshot - {}
RESULT: {"using":"xpath","value":"//input[@id=\"application-manageresources-display-component---newResourceUnit--TYPE-inner\"]"}
COMMAND: POST /session/59389012155df3fc64e839119ed77469/element/f.8420AFDB22D113F0275E61267E529F05.d.8C5880AB2ACE0CFB59DCE20DB6BF8DB6.e.15208/clear - {}
RESULT: {}
RESULT: {}
COMMAND: POST /session/59389012155df3fc64e839119ed77469/element/f.8420AFDB22D113F0275E61267E529F05.d.8C5880AB2ACE0CFB59DCE20DB6BF8DB6.e.15208/value - {"text":"Equipment"}
COMMAND: GET /session/59389012155df3fc64e839119ed77469/screenshot - {}
RESULT: {"text":"Equipment"}
COMMAND: GET /session/59389012155df3fc64e839119ed77469/screenshot - {}
RESULT: {}
RESULT: {}
COMMAND: POST /session/59389012155df3fc64e839119ed77469/actions - {"actions":[{"id":"action50","type":"key","parameters":{},"actions":[{"type":"keyDown","value":"î€‡"},{"type":"pause","duration":10},{"type":"keyUp","value":"î€‡"}]}]}
RESULT: {"actions":[{"id":"action50","type":"key","parameters":{},"actions":[{"type":"keyDown","value":"î€‡"},{"type":"pause","duration":10},{"type":"keyUp","value":"î€‡"}]}]}
COMMAND: POST /session/59389012155df3fc64e839119ed77469/execute/async - {"script":"<script> [1562 bytes]","args":[{"selector":{"id":"application-manageresources-display-component---newResourceUnit--resourceId","interaction":{"idSuffix":"inner"}},"wdio_ui5_key":"applicationmanageresources-display-component---newResourceUnit--resourceId"}]}
COMMAND: GET /session/59389012155df3fc64e839119ed77469/screenshot - {}
RESULT: {"script":"<script> [1562 bytes]","args":[{"selector":{"id":"application-manageresources-display-component---newResourceUnit--resourceId","interaction":{"idSuffix":"inner"}},"wdio_ui5_key":"applicationmanageresources-display-component---newResourceUnit--resourceId"}]}
RESULT: undefined
COMMAND: POST /session/59389012155df3fc64e839119ed77469/execute/async - {"script":"<script> [776 bytes]","args":[{"enterText":"sxO2WiX3UO","selector":{"id":"application-manageresources-display-component---newResourceUnit--resourceId","interaction":{"idSuffix":"inner"}},"clearTextFirst":true,"interactionType":"ENTER_TEXT"}]}
RESULT: {}
RESULT: {"script":"<script> [776 bytes]","args":[{"enterText":"sxO2WiX3UO","selector":{"id":"application-manageresources-display-component---newResourceUnit--resourceId","interaction":{"idSuffix":"inner"}},"clearTextFirst":true,"interactionType":"ENTER_TEXT"}]}
COMMAND: POST /session/59389012155df3fc64e839119ed77469/execute/async - {"script":"<script> [1562 bytes]","args":[{"selector":{"id":"application-manageresources-display-component---newResourceUnit--SHORT_TEXT","interaction":{"idSuffix":"inner"}},"wdio_ui5_key":"applicationmanageresources-display-component---newResourceUnit--SHORT_TEXT"}]}
RESULT: {"script":"<script> [1562 bytes]","args":[{"selector":{"id":"application-manageresources-display-component---newResourceUnit--SHORT_TEXT","interaction":{"idSuffix":"inner"}},"wdio_ui5_key":"applicationmanageresources-display-component---newResourceUnit--SHORT_TEXT"}]}
RESULT: undefined
COMMAND: POST /session/59389012155df3fc64e839119ed77469/execute/async - {"script":"<script> [776 bytes]","args":[{"enterText":"Intercompany Equipment WDIO","selector":{"id":"application-manageresources-display-component---newResourceUnit--SHORT_TEXT","interaction":{"idSuffix":"inner"}},"clearTextFirst":true,"interactionType":"ENTER_TEXT"}]}
RESULT: {"script":"<script> [776 bytes]","args":[{"enterText":"Intercompany Equipment WDIO","selector":{"id":"application-manageresources-display-component---newResourceUnit--SHORT_TEXT","interaction":{"idSuffix":"inner"}},"clearTextFirst":true,"interactionType":"ENTER_TEXT"}]}
COMMAND: POST /session/59389012155df3fc64e839119ed77469/execute/async - {"script":"<script> [1562 bytes]","args":[{"selector":{"id":"application-manageresources-display-component---newResourceUnit--BASE_UNIT_OF_MEASURE","interaction":{"idSuffix":"inner"}},"wdio_ui5_key":"applicationmanageresources-display-component---newResourceUnit--BASE_UNIT_OF_MEASURE"}]}
RESULT: {"script":"<script> [1562 bytes]","args":[{"selector":{"id":"application-manageresources-display-component---newResourceUnit--BASE_UNIT_OF_MEASURE","interaction":{"idSuffix":"inner"}},"wdio_ui5_key":"applicationmanageresources-display-component---newResourceUnit--BASE_UNIT_OF_MEASURE"}]}
RESULT: undefined
COMMAND: POST /session/59389012155df3fc64e839119ed77469/execute/async - {"script":"<script> [776 bytes]","args":[{"enterText":"Piece","selector":{"id":"application-manageresources-display-component---newResourceUnit--BASE_UNIT_OF_MEASURE","interaction":{"idSuffix":"inner"}},"clearTextFirst":true,"interactionType":"ENTER_TEXT"}]}
RESULT: {"script":"<script> [776 bytes]","args":[{"enterText":"Piece","selector":{"id":"application-manageresources-display-component---newResourceUnit--BASE_UNIT_OF_MEASURE","interaction":{"idSuffix":"inner"}},"clearTextFirst":true,"interactionType":"ENTER_TEXT"}]}
COMMAND: POST /session/59389012155df3fc64e839119ed77469/execute/async - {"script":"<script> [1562 bytes]","args":[{"selector":{"id":"application-manageresources-display-component---newResourceUnit--WEIGHT_UNIT","interaction":{"idSuffix":"inner"}},"wdio_ui5_key":"applicationmanageresources-display-component---newResourceUnit--WEIGHT_UNIT"}]}
RESULT: {"script":"<script> [1562 bytes]","args":[{"selector":{"id":"application-manageresources-display-component---newResourceUnit--WEIGHT_UNIT","interaction":{"idSuffix":"inner"}},"wdio_ui5_key":"applicationmanageresources-display-component---newResourceUnit--WEIGHT_UNIT"}]}
RESULT: undefined
COMMAND: POST /session/59389012155df3fc64e839119ed77469/execute/async - {"script":"<script> [776 bytes]","args":[{"enterText":"Gram","selector":{"id":"application-manageresources-display-component---newResourceUnit--WEIGHT_UNIT","interaction":{"idSuffix":"inner"}},"clearTextFirst":true,"interactionType":"ENTER_TEXT"}]}
RESULT: {"script":"<script> [776 bytes]","args":[{"enterText":"Gram","selector":{"id":"application-manageresources-display-component---newResourceUnit--WEIGHT_UNIT","interaction":{"idSuffix":"inner"}},"clearTextFirst":true,"interactionType":"ENTER_TEXT"}]}
COMMAND: POST /session/59389012155df3fc64e839119ed77469/execute/async - {"script":"<script> [1562 bytes]","args":[{"selector":{"id":"application-manageresources-display-component---newResourceUnit--DIMENSION_UNIT","interaction":{"idSuffix":"inner"}},"wdio_ui5_key":"applicationmanageresources-display-component---newResourceUnit--DIMENSION_UNIT"}]}
RESULT: {"script":"<script> [1562 bytes]","args":[{"selector":{"id":"application-manageresources-display-component---newResourceUnit--DIMENSION_UNIT","interaction":{"idSuffix":"inner"}},"wdio_ui5_key":"applicationmanageresources-display-component---newResourceUnit--DIMENSION_UNIT"}]}
RESULT: undefined
COMMAND: POST /session/59389012155df3fc64e839119ed77469/execute/async - {"script":"<script> [776 bytes]","args":[{"enterText":"Meter","selector":{"id":"application-manageresources-display-component---newResourceUnit--DIMENSION_UNIT","interaction":{"idSuffix":"inner"}},"clearTextFirst":true,"interactionType":"ENTER_TEXT"}]}
RESULT: {"script":"<script> [776 bytes]","args":[{"enterText":"Meter","selector":{"id":"application-manageresources-display-component---newResourceUnit--DIMENSION_UNIT","interaction":{"idSuffix":"inner"}},"clearTextFirst":true,"interactionType":"ENTER_TEXT"}]}
COMMAND: POST /session/59389012155df3fc64e839119ed77469/execute/async - {"script":"<script> [1562 bytes]","args":[{"selector":{"id":"application-manageresources-display-component---newResourceUnit--newRRUPage-anchBar-application-manageresources-display-component---newResourceUnit--control-anchor","interaction":{"idSuffix":"BDI-content"}},"wdio_ui5_key":"applicationmanageresources-display-component---newResourceUnit--newRRUPage-anchBar-application-manageresources-display-component---newResourceUnit--control-anchor"}]}
RESULT: {"script":"<script> [1562 bytes]","args":[{"selector":{"id":"application-manageresources-display-component---newResourceUnit--newRRUPage-anchBar-application-manageresources-display-component---newResourceUnit--control-anchor","interaction":{"idSuffix":"BDI-content"}},"wdio_ui5_key":"applicationmanageresources-display-component---newResourceUnit--newRRUPage-anchBar-application-manageresources-display-component---newResourceUnit--control-anchor"}]}
RESULT: undefined
COMMAND: POST /session/59389012155df3fc64e839119ed77469/element - {"using":"xpath","value":"//*[@id=\"application-manageresources-display-component---newResourceUnit--newRRUPage-anchBar-application-manageresources-display-component---newResourceUnit--control-anchor\"]"}
RESULT: {"using":"xpath","value":"//*[@id=\"application-manageresources-display-component---newResourceUnit--newRRUPage-anchBar-application-manageresources-display-component---newResourceUnit--control-anchor\"]"}
COMMAND: POST /session/59389012155df3fc64e839119ed77469/element/f.8420AFDB22D113F0275E61267E529F05.d.8C5880AB2ACE0CFB59DCE20DB6BF8DB6.e.15359/click - {}
RESULT: {}
COMMAND: POST /session/59389012155df3fc64e839119ed77469/execute/async - {"script":"<script> [1562 bytes]","args":[{"selector":{"id":"application-manageresources-display-component---newResourceUnit--PLANNING_GROUP","interaction":{"idSuffix":"inner"}},"wdio_ui5_key":"applicationmanageresources-display-component---newResourceUnit--PLANNING_GROUP"}]}
COMMAND: GET /session/59389012155df3fc64e839119ed77469/screenshot - {}
RESULT: {"script":"<script> [1562 bytes]","args":[{"selector":{"id":"application-manageresources-display-component---newResourceUnit--PLANNING_GROUP","interaction":{"idSuffix":"inner"}},"wdio_ui5_key":"applicationmanageresources-display-component---newResourceUnit--PLANNING_GROUP"}]}
RESULT: undefined
COMMAND: POST /session/59389012155df3fc64e839119ed77469/execute/async - {"script":"<script> [776 bytes]","args":[{"enterText":"Heavy Equi","selector":{"id":"application-manageresources-display-component---newResourceUnit--PLANNING_GROUP","interaction":{"idSuffix":"inner"}},"clearTextFirst":true,"interactionType":"ENTER_TEXT"}]}
RESULT: {}
RESULT: {"script":"<script> [776 bytes]","args":[{"enterText":"Heavy Equi","selector":{"id":"application-manageresources-display-component---newResourceUnit--PLANNING_GROUP","interaction":{"idSuffix":"inner"}},"clearTextFirst":true,"interactionType":"ENTER_TEXT"}]}
COMMAND: POST /session/59389012155df3fc64e839119ed77469/execute/async - {"script":"<script> [1562 bytes]","args":[{"selector":{"id":"application-manageresources-display-component---newResourceUnit--ITEM_TYPE-arrow"},"wdio_ui5_key":"applicationmanageresources-display-component---newResourceUnit--ITEM_TYPE-arrow"}]}
RESULT: {"script":"<script> [1562 bytes]","args":[{"selector":{"id":"application-manageresources-display-component---newResourceUnit--ITEM_TYPE-arrow"},"wdio_ui5_key":"applicationmanageresources-display-component---newResourceUnit--ITEM_TYPE-arrow"}]}
RESULT: undefined
COMMAND: POST /session/59389012155df3fc64e839119ed77469/element - {"using":"xpath","value":"//*[@id=\"application-manageresources-display-component---newResourceUnit--ITEM_TYPE-arrow\"]"}
RESULT: {"using":"xpath","value":"//*[@id=\"application-manageresources-display-component---newResourceUnit--ITEM_TYPE-arrow\"]"}
COMMAND: POST /session/59389012155df3fc64e839119ed77469/element/f.8420AFDB22D113F0275E61267E529F05.d.8C5880AB2ACE0CFB59DCE20DB6BF8DB6.e.15366/click - {}
RESULT: {}
COMMAND: POST /session/59389012155df3fc64e839119ed77469/element - {"using":"xpath","value":"(//span[contains(text(), \"Resource Unit\")])[2]"}
COMMAND: GET /session/59389012155df3fc64e839119ed77469/screenshot - {}
RESULT: {"using":"xpath","value":"(//span[contains(text(), \"Resource Unit\")])[2]"}
COMMAND: POST /session/59389012155df3fc64e839119ed77469/element/f.8420AFDB22D113F0275E61267E529F05.d.8C5880AB2ACE0CFB59DCE20DB6BF8DB6.e.15367/click - {}
RESULT: {}
RESULT: {}
COMMAND: GET /session/59389012155df3fc64e839119ed77469/screenshot - {}
RESULT: {}
COMMAND: POST /session/59389012155df3fc64e839119ed77469/element - {"using":"css selector","value":"#application-manageresources-display-component---newResourceUnit--btnAddTimeSegment"}
RESULT: {"using":"css selector","value":"#application-manageresources-display-component---newResourceUnit--btnAddTimeSegment"}
COMMAND: GET /session/59389012155df3fc64e839119ed77469/element/f.8420AFDB22D113F0275E61267E529F05.d.8C5880AB2ACE0CFB59DCE20DB6BF8DB6.e.15368/rect - {}
RESULT: {}
COMMAND: GET /session/59389012155df3fc64e839119ed77469/window/rect - {}
RESULT: {}
COMMAND: POST /session/59389012155df3fc64e839119ed77469/execute/sync - {"script":"<script> [92 bytes]","args":[]}
RESULT: {"script":"<script> [92 bytes]","args":[]}
COMMAND: POST /session/59389012155df3fc64e839119ed77469/actions - {"actions":[{"id":"action51","type":"wheel","parameters":{},"actions":[{"type":"scroll","x":-1888,"y":-32,"deltaX":0,"deltaY":0,"duration":0,"origin":{"element-6066-11e4-a52e-4f735466cecf":"f.8420AFDB22D113F0275E61267E529F05.d.8C5880AB2ACE0CFB59DCE20DB6BF8DB6.e.15368"}}]}]}
COMMAND: GET /session/59389012155df3fc64e839119ed77469/screenshot - {}
RESULT: {}
COMMAND: POST /session/59389012155df3fc64e839119ed77469/execute/sync - {"script":"<script> [79 bytes]","args":[{"element-6066-11e4-a52e-4f735466cecf":"f.8420AFDB22D113F0275E61267E529F05.d.8C5880AB2ACE0CFB59DCE20DB6BF8DB6.e.15368","ELEMENT":"f.8420AFDB22D113F0275E61267E529F05.d.8C5880AB2ACE0CFB59DCE20DB6BF8DB6.e.15368"},{"block":"start","inline":"nearest"}]}
RESULT: {"script":"<script> [79 bytes]","args":[{"element-6066-11e4-a52e-4f735466cecf":"f.8420AFDB22D113F0275E61267E529F05.d.8C5880AB2ACE0CFB59DCE20DB6BF8DB6.e.15368","ELEMENT":"f.8420AFDB22D113F0275E61267E529F05.d.8C5880AB2ACE0CFB59DCE20DB6BF8DB6.e.15368"},{"block":"start","inline":"nearest"}]}
COMMAND: POST /session/59389012155df3fc64e839119ed77469/execute/async - {"script":"<script> [1562 bytes]","args":[{"selector":{"id":"application-manageresources-display-component---newResourceUnit--btnAddTimeSegment","interaction":{"idSuffix":"inner"}},"wdio_ui5_key":"applicationmanageresources-display-component---newResourceUnit--btnAddTimeSegment"}]}
COMMAND: GET /session/59389012155df3fc64e839119ed77469/screenshot - {}
RESULT: {"script":"<script> [1562 bytes]","args":[{"selector":{"id":"application-manageresources-display-component---newResourceUnit--btnAddTimeSegment","interaction":{"idSuffix":"inner"}},"wdio_ui5_key":"applicationmanageresources-display-component---newResourceUnit--btnAddTimeSegment"}]}
RESULT: undefined
COMMAND: POST /session/59389012155df3fc64e839119ed77469/element - {"using":"xpath","value":"//*[@id=\"application-manageresources-display-component---newResourceUnit--btnAddTimeSegment\"]"}
RESULT: {}
RESULT: {"using":"xpath","value":"//*[@id=\"application-manageresources-display-component---newResourceUnit--btnAddTimeSegment\"]"}
COMMAND: POST /session/59389012155df3fc64e839119ed77469/element/f.8420AFDB22D113F0275E61267E529F05.d.8C5880AB2ACE0CFB59DCE20DB6BF8DB6.e.15368/click - {}
RESULT: {}
COMMAND: GET /session/59389012155df3fc64e839119ed77469/screenshot - {}
RESULT: {}
COMMAND: POST /session/59389012155df3fc64e839119ed77469/element - {"using":"xpath","value":"//input[@id=\"application-manageresources-display-component---newResourceUnit--idRuTSAdmin-application-manageresources-display-component---newResourceUnit--RUTimeSegment-0-inner\"]"}
RESULT: {"using":"xpath","value":"//input[@id=\"application-manageresources-display-component---newResourceUnit--idRuTSAdmin-application-manageresources-display-component---newResourceUnit--RUTimeSegment-0-inner\"]"}
COMMAND: POST /session/59389012155df3fc64e839119ed77469/element/f.8420AFDB22D113F0275E61267E529F05.d.8C5880AB2ACE0CFB59DCE20DB6BF8DB6.e.15374/clear - {}
RESULT: {}
COMMAND: POST /session/59389012155df3fc64e839119ed77469/element/f.8420AFDB22D113F0275E61267E529F05.d.8C5880AB2ACE0CFB59DCE20DB6BF8DB6.e.15374/value - {"text":"487"}
COMMAND: GET /session/59389012155df3fc64e839119ed77469/screenshot - {}
RESULT: {"text":"487"}
COMMAND: GET /session/59389012155df3fc64e839119ed77469/screenshot - {}
RESULT: {}
RESULT: {}
COMMAND: POST /session/59389012155df3fc64e839119ed77469/element - {"using":"xpath","value":"//li[.//span[text()='487']]"}
RESULT: {"using":"xpath","value":"//li[.//span[text()='487']]"}
COMMAND: POST /session/59389012155df3fc64e839119ed77469/element/f.8420AFDB22D113F0275E61267E529F05.d.8C5880AB2ACE0CFB59DCE20DB6BF8DB6.e.15386/click - {}
RESULT: {}
COMMAND: GET /session/59389012155df3fc64e839119ed77469/screenshot - {}
RESULT: {}
COMMAND: POST /session/59389012155df3fc64e839119ed77469/element - {"using":"xpath","value":"(//span[contains(@id, \"-application-manageresources-display-component---newResourceUnit--RUTimeSegment-0-arrow\")])[6]"}
RESULT: {"using":"xpath","value":"(//span[contains(@id, \"-application-manageresources-display-component---newResourceUnit--RUTimeSegment-0-arrow\")])[6]"}
COMMAND: POST /session/59389012155df3fc64e839119ed77469/element/f.8420AFDB22D113F0275E61267E529F05.d.8C5880AB2ACE0CFB59DCE20DB6BF8DB6.e.15387/click - {}
RESULT: {}
COMMAND: GET /session/59389012155df3fc64e839119ed77469/screenshot - {}
RESULT: {}
COMMAND: POST /session/59389012155df3fc64e839119ed77469/element - {"using":"xpath","value":"//span[contains(text(), \"PM Order\")]"}
RESULT: {"using":"xpath","value":"//span[contains(text(), \"PM Order\")]"}
COMMAND: POST /session/59389012155df3fc64e839119ed77469/element/f.8420AFDB22D113F0275E61267E529F05.d.8C5880AB2ACE0CFB59DCE20DB6BF8DB6.e.15390/click - {}
RESULT: {}
COMMAND: GET /session/59389012155df3fc64e839119ed77469/screenshot - {}
RESULT: {}
COMMAND: POST /session/59389012155df3fc64e839119ed77469/element - {"using":"xpath","value":"(//span[contains(@id ,\"manageresources-display-component---newResourceUnit--RUTimeSegment-0-vhi\")])[1]"}
RESULT: {"using":"xpath","value":"(//span[contains(@id ,\"manageresources-display-component---newResourceUnit--RUTimeSegment-0-vhi\")])[1]"}
COMMAND: GET /session/59389012155df3fc64e839119ed77469/element/f.8420AFDB22D113F0275E61267E529F05.d.8C5880AB2ACE0CFB59DCE20DB6BF8DB6.e.15394/rect - {}
RESULT: {}
COMMAND: GET /session/59389012155df3fc64e839119ed77469/window/rect - {}
RESULT: {}
COMMAND: POST /session/59389012155df3fc64e839119ed77469/execute/sync - {"script":"<script> [92 bytes]","args":[]}
RESULT: {"script":"<script> [92 bytes]","args":[]}
COMMAND: POST /session/59389012155df3fc64e839119ed77469/actions - {"actions":[{"id":"action52","type":"wheel","parameters":{},"actions":[{"type":"scroll","x":-869,"y":-24,"deltaX":0,"deltaY":0,"duration":0,"origin":{"element-6066-11e4-a52e-4f735466cecf":"f.8420AFDB22D113F0275E61267E529F05.d.8C5880AB2ACE0CFB59DCE20DB6BF8DB6.e.15394"}}]}]}
COMMAND: GET /session/59389012155df3fc64e839119ed77469/screenshot - {}
RESULT: {"actions":[{"id":"action52","type":"wheel","parameters":{},"actions":[{"type":"scroll","x":-869,"y":-24,"deltaX":0,"deltaY":0,"duration":0,"origin":{"element-6066-11e4-a52e-4f735466cecf":"f.8420AFDB22D113F0275E61267E529F05.d.8C5880AB2ACE0CFB59DCE20DB6BF8DB6.e.15394"}}]}]}
COMMAND: DELETE /session/59389012155df3fc64e839119ed77469/actions - {}
COMMAND: GET /session/59389012155df3fc64e839119ed77469/screenshot - {}
RESULT: {}
RESULT: {}
COMMAND: GET /session/59389012155df3fc64e839119ed77469/screenshot - {}
RESULT: {}
RESULT: {}
COMMAND: POST /session/59389012155df3fc64e839119ed77469/element/f.8420AFDB22D113F0275E61267E529F05.d.8C5880AB2ACE0CFB59DCE20DB6BF8DB6.e.15394/click - {}
RESULT: {}
COMMAND: GET /session/59389012155df3fc64e839119ed77469/screenshot - {}
RESULT: {}
COMMAND: POST /session/59389012155df3fc64e839119ed77469/execute/async - {"script":"<script> [1562 bytes]","args":[{"selector":{"controlType":"sap.m.SearchField","properties":{"placeholder":"Search"},"searchOpenDialogs":true,"interaction":{"idSuffix":"I"}},"wdio_ui5_key":"sapm.SearchField{\"placeholder\":\"Search\"}"}]}
RESULT: {"script":"<script> [1562 bytes]","args":[{"selector":{"controlType":"sap.m.SearchField","properties":{"placeholder":"Search"},"searchOpenDialogs":true,"interaction":{"idSuffix":"I"}},"wdio_ui5_key":"sapm.SearchField{\"placeholder\":\"Search\"}"}]}
RESULT: undefined
COMMAND: POST /session/59389012155df3fc64e839119ed77469/execute/async - {"script":"<script> [776 bytes]","args":[{"enterText":"4000360","selector":{"controlType":"sap.m.SearchField","properties":{"placeholder":"Search"},"searchOpenDialogs":true,"interaction":{"idSuffix":"I"}},"clearTextFirst":true,"interactionType":"ENTER_TEXT"}]}
RESULT: {"script":"<script> [776 bytes]","args":[{"enterText":"4000360","selector":{"controlType":"sap.m.SearchField","properties":{"placeholder":"Search"},"searchOpenDialogs":true,"interaction":{"idSuffix":"I"}},"clearTextFirst":true,"interactionType":"ENTER_TEXT"}]}
COMMAND: POST /session/59389012155df3fc64e839119ed77469/actions - {"actions":[{"id":"action53","type":"key","parameters":{},"actions":[{"type":"keyDown","value":"î€‡"},{"type":"pause","duration":10},{"type":"keyUp","value":"î€‡"}]}]}
RESULT: {"actions":[{"id":"action53","type":"key","parameters":{},"actions":[{"type":"keyDown","value":"î€‡"},{"type":"pause","duration":10},{"type":"keyUp","value":"î€‡"}]}]}
COMMAND: GET /session/59389012155df3fc64e839119ed77469/screenshot - {}
RESULT: {}
COMMAND: POST /session/59389012155df3fc64e839119ed77469/element - {"using":"xpath","value":"//td/div/span[contains(text(), \"BGL Vehicles\")]"}
RESULT: {"using":"xpath","value":"//td/div/span[contains(text(), \"BGL Vehicles\")]"}
COMMAND: POST /session/59389012155df3fc64e839119ed77469/element/f.8420AFDB22D113F0275E61267E529F05.d.8C5880AB2ACE0CFB59DCE20DB6BF8DB6.e.15417/click - {}
RESULT: {}
COMMAND: GET /session/59389012155df3fc64e839119ed77469/screenshot - {}
RESULT: {}
COMMAND: POST /session/59389012155df3fc64e839119ed77469/element - {"using":"xpath","value":"//bdi[contains(text(), \"OK\")]"}
RESULT: {"using":"xpath","value":"//bdi[contains(text(), \"OK\")]"}
COMMAND: POST /session/59389012155df3fc64e839119ed77469/element/f.8420AFDB22D113F0275E61267E529F05.d.8C5880AB2ACE0CFB59DCE20DB6BF8DB6.e.15418/click - {}
RESULT: {}
COMMAND: GET /session/59389012155df3fc64e839119ed77469/screenshot - {}
RESULT: {}
COMMAND: POST /session/59389012155df3fc64e839119ed77469/execute/async - {"script":"<script> [1562 bytes]","args":[{"selector":{"id":"application-manageresources-display-component---newResourceUnit--newRRUPage-anchBar-application-manageresources-display-component---newResourceUnit--resource-anchor","interaction":{"idSuffix":"BDI-content"}},"wdio_ui5_key":"applicationmanageresources-display-component---newResourceUnit--newRRUPage-anchBar-application-manageresources-display-component---newResourceUnit--resource-anchor"}]}
RESULT: {"script":"<script> [1562 bytes]","args":[{"selector":{"id":"application-manageresources-display-component---newResourceUnit--newRRUPage-anchBar-application-manageresources-display-component---newResourceUnit--resource-anchor","interaction":{"idSuffix":"BDI-content"}},"wdio_ui5_key":"applicationmanageresources-display-component---newResourceUnit--newRRUPage-anchBar-application-manageresources-display-component---newResourceUnit--resource-anchor"}]}
RESULT: undefined
COMMAND: POST /session/59389012155df3fc64e839119ed77469/element - {"using":"xpath","value":"//*[@id=\"application-manageresources-display-component---newResourceUnit--newRRUPage-anchBar-application-manageresources-display-component---newResourceUnit--resource-anchor\"]"}
RESULT: {"using":"xpath","value":"//*[@id=\"application-manageresources-display-component---newResourceUnit--newRRUPage-anchBar-application-manageresources-display-component---newResourceUnit--resource-anchor\"]"}
COMMAND: POST /session/59389012155df3fc64e839119ed77469/element/f.8420AFDB22D113F0275E61267E529F05.d.8C5880AB2ACE0CFB59DCE20DB6BF8DB6.e.15422/click - {}
RESULT: {}
COMMAND: POST /session/59389012155df3fc64e839119ed77469/execute/async - {"script":"<script> [1562 bytes]","args":[{"selector":{"id":"application-manageresources-display-component---newResourceUnit--PLANNED_DELIVERY_DATE","interaction":{"idSuffix":"inner"}},"wdio_ui5_key":"applicationmanageresources-display-component---newResourceUnit--PLANNED_DELIVERY_DATE"}]}
COMMAND: GET /session/59389012155df3fc64e839119ed77469/screenshot - {}
RESULT: {"script":"<script> [1562 bytes]","args":[{"selector":{"id":"application-manageresources-display-component---newResourceUnit--PLANNED_DELIVERY_DATE","interaction":{"idSuffix":"inner"}},"wdio_ui5_key":"applicationmanageresources-display-component---newResourceUnit--PLANNED_DELIVERY_DATE"}]}
RESULT: undefined
COMMAND: POST /session/59389012155df3fc64e839119ed77469/execute/async - {"script":"<script> [6424 bytes]","args":[{"element-6066-11e4-a52e-4f735466cecf":"f.8420AFDB22D113F0275E61267E529F05.d.8C5880AB2ACE0CFB59DCE20DB6BF8DB6.e.15282"},"setValue",["5/1/25"]]}
RESULT: {}
RESULT: {"script":"<script> [6424 bytes]","args":[{"element-6066-11e4-a52e-4f735466cecf":"f.8420AFDB22D113F0275E61267E529F05.d.8C5880AB2ACE0CFB59DCE20DB6BF8DB6.e.15282"},"setValue",["5/1/25"]]}
COMMAND: POST /session/59389012155df3fc64e839119ed77469/element - {"using":"xpath","value":"//button[@data-kt=\"resourceUnitSaveButton\"]"}
RESULT: {"using":"xpath","value":"//button[@data-kt=\"resourceUnitSaveButton\"]"}
COMMAND: POST /session/59389012155df3fc64e839119ed77469/element/f.8420AFDB22D113F0275E61267E529F05.d.8C5880AB2ACE0CFB59DCE20DB6BF8DB6.e.15242/click - {}
RESULT: {}
COMMAND: GET /session/59389012155df3fc64e839119ed77469/screenshot - {}
RESULT: {}
COMMAND: POST /session/59389012155df3fc64e839119ed77469/element - {"using":"xpath","value":"//bdi[contains(text(), \"Close\")]"}
RESULT: {"using":"xpath","value":"//bdi[contains(text(), \"Close\")]"}
COMMAND: POST /session/59389012155df3fc64e839119ed77469/element/f.8420AFDB22D113F0275E61267E529F05.d.8C5880AB2ACE0CFB59DCE20DB6BF8DB6.e.15430/click - {}
RESULT: {}
COMMAND: GET /session/59389012155df3fc64e839119ed77469/screenshot - {}
RESULT: {}
COMMAND: POST /session/59389012155df3fc64e839119ed77469/element - {"using":"xpath","value":"(//button[contains(@id ,\"actionsToolbar-overflowButton\")])[1]"}
RESULT: {"using":"xpath","value":"(//button[contains(@id ,\"actionsToolbar-overflowButton\")])[1]"}
COMMAND: POST /session/59389012155df3fc64e839119ed77469/element/f.8420AFDB22D113F0275E61267E529F05.d.8C5880AB2ACE0CFB59DCE20DB6BF8DB6.e.15485/click - {}
RESULT: {}
COMMAND: GET /session/59389012155df3fc64e839119ed77469/screenshot - {}
RESULT: {}
COMMAND: POST /session/59389012155df3fc64e839119ed77469/element - {"using":"xpath","value":"//button[@data-kt=\"priceInfoButton\"]"}
RESULT: {"using":"xpath","value":"//button[@data-kt=\"priceInfoButton\"]"}
COMMAND: POST /session/59389012155df3fc64e839119ed77469/element/f.8420AFDB22D113F0275E61267E529F05.d.8C5880AB2ACE0CFB59DCE20DB6BF8DB6.e.15487/click - {}
RESULT: {}
COMMAND: GET /session/59389012155df3fc64e839119ed77469/screenshot - {}
]]></system-out>
    </testcase>
    <testcase classname="chrome.135_0_7049_96.windows.Performance_based_billing_(work_days)_US139742" name="Should create a pricing rule perf based on the equipment" time="49.892">
      <system-out><![CDATA[
COMMAND: POST /session/59389012155df3fc64e839119ed77469/element - {"using":"xpath","value":"//button[@data-kt=\"addButton\"]"}
RESULT: {}
RESULT: {"using":"xpath","value":"//button[@data-kt=\"addButton\"]"}
COMMAND: POST /session/59389012155df3fc64e839119ed77469/elements - {"using":"xpath","value":"//button[@data-kt=\"addButton\"]"}
RESULT: {"using":"xpath","value":"//button[@data-kt=\"addButton\"]"}
COMMAND: POST /session/59389012155df3fc64e839119ed77469/execute/sync - {"script":"<script> [8489 bytes]","args":[{"element-6066-11e4-a52e-4f735466cecf":"f.8420AFDB22D113F0275E61267E529F05.d.8C5880AB2ACE0CFB59DCE20DB6BF8DB6.e.15523","ELEMENT":"f.8420AFDB22D113F0275E61267E529F05.d.8C5880AB2ACE0CFB59DCE20DB6BF8DB6.e.15523"}]}
RESULT: {"script":"<script> [8489 bytes]","args":[{"element-6066-11e4-a52e-4f735466cecf":"f.8420AFDB22D113F0275E61267E529F05.d.8C5880AB2ACE0CFB59DCE20DB6BF8DB6.e.15523","ELEMENT":"f.8420AFDB22D113F0275E61267E529F05.d.8C5880AB2ACE0CFB59DCE20DB6BF8DB6.e.15523"}]}
COMMAND: GET /session/59389012155df3fc64e839119ed77469/element/f.8420AFDB22D113F0275E61267E529F05.d.8C5880AB2ACE0CFB59DCE20DB6BF8DB6.e.15523/enabled - {}
COMMAND: GET /session/59389012155df3fc64e839119ed77469/screenshot - {}
RESULT: {}
COMMAND: POST /session/59389012155df3fc64e839119ed77469/execute/sync - {"script":"<script> [8489 bytes]","args":[{"element-6066-11e4-a52e-4f735466cecf":"f.8420AFDB22D113F0275E61267E529F05.d.8C5880AB2ACE0CFB59DCE20DB6BF8DB6.e.15523","ELEMENT":"f.8420AFDB22D113F0275E61267E529F05.d.8C5880AB2ACE0CFB59DCE20DB6BF8DB6.e.15523"}]}
COMMAND: GET /session/59389012155df3fc64e839119ed77469/screenshot - {}
RESULT: {}
RESULT: {"script":"<script> [8489 bytes]","args":[{"element-6066-11e4-a52e-4f735466cecf":"f.8420AFDB22D113F0275E61267E529F05.d.8C5880AB2ACE0CFB59DCE20DB6BF8DB6.e.15523","ELEMENT":"f.8420AFDB22D113F0275E61267E529F05.d.8C5880AB2ACE0CFB59DCE20DB6BF8DB6.e.15523"}]}
COMMAND: POST /session/59389012155df3fc64e839119ed77469/execute/sync - {"script":"<script> [5351 bytes]","args":[{"element-6066-11e4-a52e-4f735466cecf":"f.8420AFDB22D113F0275E61267E529F05.d.8C5880AB2ACE0CFB59DCE20DB6BF8DB6.e.15523","ELEMENT":"f.8420AFDB22D113F0275E61267E529F05.d.8C5880AB2ACE0CFB59DCE20DB6BF8DB6.e.15523"}]}
COMMAND: GET /session/59389012155df3fc64e839119ed77469/screenshot - {}
RESULT: {}
RESULT: {"script":"<script> [5351 bytes]","args":[{"element-6066-11e4-a52e-4f735466cecf":"f.8420AFDB22D113F0275E61267E529F05.d.8C5880AB2ACE0CFB59DCE20DB6BF8DB6.e.15523","ELEMENT":"f.8420AFDB22D113F0275E61267E529F05.d.8C5880AB2ACE0CFB59DCE20DB6BF8DB6.e.15523"}]}
COMMAND: POST /session/59389012155df3fc64e839119ed77469/element/f.8420AFDB22D113F0275E61267E529F05.d.8C5880AB2ACE0CFB59DCE20DB6BF8DB6.e.15523/click - {}
COMMAND: GET /session/59389012155df3fc64e839119ed77469/screenshot - {}
RESULT: {}
RESULT: {}
COMMAND: GET /session/59389012155df3fc64e839119ed77469/screenshot - {}
RESULT: {}
RESULT: {}
COMMAND: POST /session/59389012155df3fc64e839119ed77469/execute/async - {"script":"<script> [1562 bytes]","args":[{"selector":{"controlType":"sap.m.Title","viewName":"etm.portal.ui.managepricingrules.view.NewItem","viewId":"application-managepricingrules-display-component---newInfoPriceItem","properties":{"text":"New Pricing Rules - Item Level"}},"wdio_ui5_key":"etmportal.ui.managepricingrules.view.NewItemsap.m.Title{\"text\":\"New Pricing Rules - Item Level\"}"}]}
RESULT: {"script":"<script> [1562 bytes]","args":[{"selector":{"controlType":"sap.m.Title","viewName":"etm.portal.ui.managepricingrules.view.NewItem","viewId":"application-managepricingrules-display-component---newInfoPriceItem","properties":{"text":"New Pricing Rules - Item Level"}},"wdio_ui5_key":"etmportal.ui.managepricingrules.view.NewItemsap.m.Title{\"text\":\"New Pricing Rules - Item Level\"}"}]}
RESULT: undefined
COMMAND: POST /session/59389012155df3fc64e839119ed77469/execute/async - {"script":"<script> [6424 bytes]","args":[{"element-6066-11e4-a52e-4f735466cecf":"f.8420AFDB22D113F0275E61267E529F05.d.8C5880AB2ACE0CFB59DCE20DB6BF8DB6.e.15696"},"getText",[]]}
RESULT: {"script":"<script> [6424 bytes]","args":[{"element-6066-11e4-a52e-4f735466cecf":"f.8420AFDB22D113F0275E61267E529F05.d.8C5880AB2ACE0CFB59DCE20DB6BF8DB6.e.15696"},"getText",[]]}
COMMAND: POST /session/59389012155df3fc64e839119ed77469/execute/async - {"script":"<script> [1562 bytes]","args":[{"selector":{"id":"application-managepricingrules-display-component---newInfoPriceItem--condValidTo","interaction":{"idSuffix":"inner"}},"wdio_ui5_key":"applicationmanagepricingrules-display-component---newInfoPriceItem--condValidTo"}]}
RESULT: {"script":"<script> [1562 bytes]","args":[{"selector":{"id":"application-managepricingrules-display-component---newInfoPriceItem--condValidTo","interaction":{"idSuffix":"inner"}},"wdio_ui5_key":"applicationmanagepricingrules-display-component---newInfoPriceItem--condValidTo"}]}
RESULT: undefined
COMMAND: POST /session/59389012155df3fc64e839119ed77469/execute/async - {"script":"<script> [776 bytes]","args":[{"enterText":"01/01/26","selector":{"id":"application-managepricingrules-display-component---newInfoPriceItem--condValidTo","interaction":{"idSuffix":"inner"}},"clearTextFirst":true,"interactionType":"ENTER_TEXT"}]}
RESULT: {"script":"<script> [776 bytes]","args":[{"enterText":"01/01/26","selector":{"id":"application-managepricingrules-display-component---newInfoPriceItem--condValidTo","interaction":{"idSuffix":"inner"}},"clearTextFirst":true,"interactionType":"ENTER_TEXT"}]}
COMMAND: POST /session/59389012155df3fc64e839119ed77469/execute/async - {"script":"<script> [1562 bytes]","args":[{"selector":{"id":"application-managepricingrules-display-component---newInfoPriceItem--billType-arrow"},"wdio_ui5_key":"applicationmanagepricingrules-display-component---newInfoPriceItem--billType-arrow"}]}
RESULT: {"script":"<script> [1562 bytes]","args":[{"selector":{"id":"application-managepricingrules-display-component---newInfoPriceItem--billType-arrow"},"wdio_ui5_key":"applicationmanagepricingrules-display-component---newInfoPriceItem--billType-arrow"}]}
RESULT: undefined
COMMAND: POST /session/59389012155df3fc64e839119ed77469/element - {"using":"xpath","value":"//*[@id=\"application-managepricingrules-display-component---newInfoPriceItem--billType-arrow\"]"}
RESULT: {"using":"xpath","value":"//*[@id=\"application-managepricingrules-display-component---newInfoPriceItem--billType-arrow\"]"}
COMMAND: POST /session/59389012155df3fc64e839119ed77469/element/f.8420AFDB22D113F0275E61267E529F05.d.8C5880AB2ACE0CFB59DCE20DB6BF8DB6.e.15654/click - {}
RESULT: {}
COMMAND: POST /session/59389012155df3fc64e839119ed77469/element - {"using":"xpath","value":"//span[contains(text(), \"PB - Performance based\")]"}
COMMAND: GET /session/59389012155df3fc64e839119ed77469/screenshot - {}
RESULT: {"using":"xpath","value":"//span[contains(text(), \"PB - Performance based\")]"}
COMMAND: POST /session/59389012155df3fc64e839119ed77469/element/f.8420AFDB22D113F0275E61267E529F05.d.8C5880AB2ACE0CFB59DCE20DB6BF8DB6.e.15698/click - {}
RESULT: {}
RESULT: {}
COMMAND: POST /session/59389012155df3fc64e839119ed77469/execute/async - {"script":"<script> [1562 bytes]","args":[{"selector":{"id":"application-managepricingrules-display-component---newInfoPriceItem--priceProc-arrow"},"wdio_ui5_key":"applicationmanagepricingrules-display-component---newInfoPriceItem--priceProc-arrow"}]}
COMMAND: GET /session/59389012155df3fc64e839119ed77469/screenshot - {}
RESULT: {}
RESULT: {"script":"<script> [1562 bytes]","args":[{"selector":{"id":"application-managepricingrules-display-component---newInfoPriceItem--priceProc-arrow"},"wdio_ui5_key":"applicationmanagepricingrules-display-component---newInfoPriceItem--priceProc-arrow"}]}
RESULT: undefined
COMMAND: POST /session/59389012155df3fc64e839119ed77469/element - {"using":"xpath","value":"//*[@id=\"application-managepricingrules-display-component---newInfoPriceItem--priceProc-arrow\"]"}
RESULT: {"using":"xpath","value":"//*[@id=\"application-managepricingrules-display-component---newInfoPriceItem--priceProc-arrow\"]"}
COMMAND: POST /session/59389012155df3fc64e839119ed77469/element/f.8420AFDB22D113F0275E61267E529F05.d.8C5880AB2ACE0CFB59DCE20DB6BF8DB6.e.15661/click - {}
RESULT: {}
COMMAND: POST /session/59389012155df3fc64e839119ed77469/element - {"using":"xpath","value":"//span[contains(text(), \"PRF - Performance based\")]"}
COMMAND: GET /session/59389012155df3fc64e839119ed77469/screenshot - {}
RESULT: {"using":"xpath","value":"//span[contains(text(), \"PRF - Performance based\")]"}
COMMAND: POST /session/59389012155df3fc64e839119ed77469/element/f.8420AFDB22D113F0275E61267E529F05.d.8C5880AB2ACE0CFB59DCE20DB6BF8DB6.e.15699/click - {}
RESULT: {}
RESULT: {}
COMMAND: POST /session/59389012155df3fc64e839119ed77469/execute/async - {"script":"<script> [1562 bytes]","args":[{"selector":{"id":"application-managepricingrules-display-component---newInfoPriceItem--calcBase-arrow"},"wdio_ui5_key":"applicationmanagepricingrules-display-component---newInfoPriceItem--calcBase-arrow"}]}
COMMAND: GET /session/59389012155df3fc64e839119ed77469/screenshot - {}
RESULT: {"script":"<script> [1562 bytes]","args":[{"selector":{"id":"application-managepricingrules-display-component---newInfoPriceItem--calcBase-arrow"},"wdio_ui5_key":"applicationmanagepricingrules-display-component---newInfoPriceItem--calcBase-arrow"}]}
RESULT: undefined
COMMAND: POST /session/59389012155df3fc64e839119ed77469/element - {"using":"xpath","value":"//*[@id=\"application-managepricingrules-display-component---newInfoPriceItem--calcBase-arrow\"]"}
RESULT: {}
RESULT: {"using":"xpath","value":"//*[@id=\"application-managepricingrules-display-component---newInfoPriceItem--calcBase-arrow\"]"}
COMMAND: POST /session/59389012155df3fc64e839119ed77469/element/f.8420AFDB22D113F0275E61267E529F05.d.8C5880AB2ACE0CFB59DCE20DB6BF8DB6.e.15668/click - {}
RESULT: {}
COMMAND: GET /session/59389012155df3fc64e839119ed77469/screenshot - {}
RESULT: {}
COMMAND: POST /session/59389012155df3fc64e839119ed77469/element - {"using":"xpath","value":"//span[contains(text(), \"0007 - PB(work days)\")]"}
RESULT: {"using":"xpath","value":"//span[contains(text(), \"0007 - PB(work days)\")]"}
COMMAND: POST /session/59389012155df3fc64e839119ed77469/element/f.8420AFDB22D113F0275E61267E529F05.d.8C5880AB2ACE0CFB59DCE20DB6BF8DB6.e.15700/click - {}
RESULT: {}
COMMAND: GET /session/59389012155df3fc64e839119ed77469/screenshot - {}
RESULT: {}
COMMAND: POST /session/59389012155df3fc64e839119ed77469/execute/async - {"script":"<script> [1562 bytes]","args":[{"selector":{"id":"application-managepricingrules-display-component---newInfoPriceItem--hoursMonth","interaction":{"idSuffix":"inner"}},"wdio_ui5_key":"applicationmanagepricingrules-display-component---newInfoPriceItem--hoursMonth"}]}
RESULT: {"script":"<script> [1562 bytes]","args":[{"selector":{"id":"application-managepricingrules-display-component---newInfoPriceItem--hoursMonth","interaction":{"idSuffix":"inner"}},"wdio_ui5_key":"applicationmanagepricingrules-display-component---newInfoPriceItem--hoursMonth"}]}
RESULT: undefined
COMMAND: POST /session/59389012155df3fc64e839119ed77469/execute/async - {"script":"<script> [776 bytes]","args":[{"enterText":"160","selector":{"id":"application-managepricingrules-display-component---newInfoPriceItem--hoursMonth","interaction":{"idSuffix":"inner"}},"clearTextFirst":true,"interactionType":"ENTER_TEXT"}]}
RESULT: {"script":"<script> [776 bytes]","args":[{"enterText":"160","selector":{"id":"application-managepricingrules-display-component---newInfoPriceItem--hoursMonth","interaction":{"idSuffix":"inner"}},"clearTextFirst":true,"interactionType":"ENTER_TEXT"}]}
COMMAND: POST /session/59389012155df3fc64e839119ed77469/element - {"using":"xpath","value":"//button[@data-kt=\"saveNewRuleButton\"]"}
RESULT: {"using":"xpath","value":"//button[@data-kt=\"saveNewRuleButton\"]"}
COMMAND: POST /session/59389012155df3fc64e839119ed77469/element/f.8420AFDB22D113F0275E61267E529F05.d.8C5880AB2ACE0CFB59DCE20DB6BF8DB6.e.15688/click - {}
RESULT: {}
COMMAND: GET /session/59389012155df3fc64e839119ed77469/screenshot - {}
RESULT: {}
COMMAND: POST /session/59389012155df3fc64e839119ed77469/execute/async - {"script":"<script> [1562 bytes]","args":[{"selector":{"id":"application-managepricingrules-display-component---priceInfoItem--smartFilterBar-btnBasicSearch","interaction":{"idSuffix":"I"}},"wdio_ui5_key":"applicationmanagepricingrules-display-component---priceInfoItem--smartFilterBar-btnBasicSearch"}]}
RESULT: {"script":"<script> [1562 bytes]","args":[{"selector":{"id":"application-managepricingrules-display-component---priceInfoItem--smartFilterBar-btnBasicSearch","interaction":{"idSuffix":"I"}},"wdio_ui5_key":"applicationmanagepricingrules-display-component---priceInfoItem--smartFilterBar-btnBasicSearch"}]}
RESULT: undefined
COMMAND: POST /session/59389012155df3fc64e839119ed77469/execute/async - {"script":"<script> [776 bytes]","args":[{"enterText":"sxO2WiX3UO","selector":{"id":"application-managepricingrules-display-component---priceInfoItem--smartFilterBar-btnBasicSearch","interaction":{"idSuffix":"I"}},"clearTextFirst":true,"interactionType":"ENTER_TEXT"}]}
RESULT: {"script":"<script> [776 bytes]","args":[{"enterText":"sxO2WiX3UO","selector":{"id":"application-managepricingrules-display-component---priceInfoItem--smartFilterBar-btnBasicSearch","interaction":{"idSuffix":"I"}},"clearTextFirst":true,"interactionType":"ENTER_TEXT"}]}
COMMAND: POST /session/59389012155df3fc64e839119ed77469/actions - {"actions":[{"id":"action54","type":"key","parameters":{},"actions":[{"type":"keyDown","value":"î€‡"},{"type":"pause","duration":10},{"type":"keyUp","value":"î€‡"}]}]}
RESULT: {"actions":[{"id":"action54","type":"key","parameters":{},"actions":[{"type":"keyDown","value":"î€‡"},{"type":"pause","duration":10},{"type":"keyUp","value":"î€‡"}]}]}
COMMAND: GET /session/59389012155df3fc64e839119ed77469/screenshot - {}
RESULT: {}
COMMAND: POST /session/59389012155df3fc64e839119ed77469/element - {"using":"xpath","value":"//span[@id=\"application-managepricingrules-display-component---priceInfoItem--smartTable-header-inner\"]"}
RESULT: {"using":"xpath","value":"//span[@id=\"application-managepricingrules-display-component---priceInfoItem--smartTable-header-inner\"]"}
COMMAND: POST /session/59389012155df3fc64e839119ed77469/elements - {"using":"xpath","value":"//span[@id=\"application-managepricingrules-display-component---priceInfoItem--smartTable-header-inner\"]"}
RESULT: {"using":"xpath","value":"//span[@id=\"application-managepricingrules-display-component---priceInfoItem--smartTable-header-inner\"]"}
COMMAND: POST /session/59389012155df3fc64e839119ed77469/execute/sync - {"script":"<script> [56 bytes]","args":[{"element-6066-11e4-a52e-4f735466cecf":"f.8420AFDB22D113F0275E61267E529F05.d.8C5880AB2ACE0CFB59DCE20DB6BF8DB6.e.15724","ELEMENT":"f.8420AFDB22D113F0275E61267E529F05.d.8C5880AB2ACE0CFB59DCE20DB6BF8DB6.e.15724"}]}
RESULT: {"script":"<script> [56 bytes]","args":[{"element-6066-11e4-a52e-4f735466cecf":"f.8420AFDB22D113F0275E61267E529F05.d.8C5880AB2ACE0CFB59DCE20DB6BF8DB6.e.15724","ELEMENT":"f.8420AFDB22D113F0275E61267E529F05.d.8C5880AB2ACE0CFB59DCE20DB6BF8DB6.e.15724"}]}
COMMAND: POST /session/59389012155df3fc64e839119ed77469/element - {"using":"css selector","value":"#shell-header-logo"}
COMMAND: GET /session/59389012155df3fc64e839119ed77469/screenshot - {}
RESULT: {"using":"css selector","value":"#shell-header-logo"}
COMMAND: POST /session/59389012155df3fc64e839119ed77469/element/f.8420AFDB22D113F0275E61267E529F05.d.8C5880AB2ACE0CFB59DCE20DB6BF8DB6.e.14826/click - {}
RESULT: {}
RESULT: {}
COMMAND: GET /session/59389012155df3fc64e839119ed77469/screenshot - {}
RESULT: {}
]]></system-out>
    </testcase>
    <testcase classname="chrome.135_0_7049_96.windows.Performance_based_billing_(work_days)_US139742" name="Should create a performance based billing condition on the equipment" time="60.952">
      <system-out><![CDATA[
COMMAND: POST /session/59389012155df3fc64e839119ed77469/execute/async - {"script":"<script> [1562 bytes]","args":[{"selector":{"controlType":"sap.m.Text","properties":{"text":"Manage Conditions & Prices"},"interaction":{"idSuffix":"inner"}},"wdio_ui5_key":"sapm.Text{\"text\":\"Manage Conditions & Prices\"}"}]}
RESULT: {"script":"<script> [1562 bytes]","args":[{"selector":{"controlType":"sap.m.Text","properties":{"text":"Manage Conditions & Prices"},"interaction":{"idSuffix":"inner"}},"wdio_ui5_key":"sapm.Text{\"text\":\"Manage Conditions & Prices\"}"}]}
RESULT: undefined
COMMAND: POST /session/59389012155df3fc64e839119ed77469/element - {"using":"xpath","value":"//*[@id=\"__tile53-title\"]"}
RESULT: {"using":"xpath","value":"//*[@id=\"__tile53-title\"]"}
COMMAND: POST /session/59389012155df3fc64e839119ed77469/element/f.8420AFDB22D113F0275E61267E529F05.d.8C5880AB2ACE0CFB59DCE20DB6BF8DB6.e.15727/click - {}
RESULT: {}
COMMAND: POST /session/59389012155df3fc64e839119ed77469/element - {"using":"xpath","value":"//button[@aria-label=\"Create\"]"}
COMMAND: GET /session/59389012155df3fc64e839119ed77469/screenshot - {}
RESULT: {"using":"xpath","value":"//button[@aria-label=\"Create\"]"}
COMMAND: POST /session/59389012155df3fc64e839119ed77469/elements - {"using":"xpath","value":"//button[@aria-label=\"Create\"]"}
RESULT: {}
RESULT: {"using":"xpath","value":"//button[@aria-label=\"Create\"]"}
COMMAND: POST /session/59389012155df3fc64e839119ed77469/element - {"using":"xpath","value":"//button[@aria-label=\"Create\"]"}
RESULT: {"using":"xpath","value":"//button[@aria-label=\"Create\"]"}
COMMAND: POST /session/59389012155df3fc64e839119ed77469/execute/sync - {"script":"<script> [8489 bytes]","args":[{"element-6066-11e4-a52e-4f735466cecf":"f.8420AFDB22D113F0275E61267E529F05.d.8C5880AB2ACE0CFB59DCE20DB6BF8DB6.e.15761","ELEMENT":"f.8420AFDB22D113F0275E61267E529F05.d.8C5880AB2ACE0CFB59DCE20DB6BF8DB6.e.15761"}]}
RESULT: {"script":"<script> [8489 bytes]","args":[{"element-6066-11e4-a52e-4f735466cecf":"f.8420AFDB22D113F0275E61267E529F05.d.8C5880AB2ACE0CFB59DCE20DB6BF8DB6.e.15761","ELEMENT":"f.8420AFDB22D113F0275E61267E529F05.d.8C5880AB2ACE0CFB59DCE20DB6BF8DB6.e.15761"}]}
COMMAND: GET /session/59389012155df3fc64e839119ed77469/element/f.8420AFDB22D113F0275E61267E529F05.d.8C5880AB2ACE0CFB59DCE20DB6BF8DB6.e.15761/enabled - {}
COMMAND: GET /session/59389012155df3fc64e839119ed77469/screenshot - {}
RESULT: {}
COMMAND: POST /session/59389012155df3fc64e839119ed77469/execute/sync - {"script":"<script> [8489 bytes]","args":[{"element-6066-11e4-a52e-4f735466cecf":"f.8420AFDB22D113F0275E61267E529F05.d.8C5880AB2ACE0CFB59DCE20DB6BF8DB6.e.15761","ELEMENT":"f.8420AFDB22D113F0275E61267E529F05.d.8C5880AB2ACE0CFB59DCE20DB6BF8DB6.e.15761"}]}
COMMAND: GET /session/59389012155df3fc64e839119ed77469/screenshot - {}
RESULT: {}
RESULT: {"script":"<script> [8489 bytes]","args":[{"element-6066-11e4-a52e-4f735466cecf":"f.8420AFDB22D113F0275E61267E529F05.d.8C5880AB2ACE0CFB59DCE20DB6BF8DB6.e.15761","ELEMENT":"f.8420AFDB22D113F0275E61267E529F05.d.8C5880AB2ACE0CFB59DCE20DB6BF8DB6.e.15761"}]}
COMMAND: POST /session/59389012155df3fc64e839119ed77469/execute/sync - {"script":"<script> [5351 bytes]","args":[{"element-6066-11e4-a52e-4f735466cecf":"f.8420AFDB22D113F0275E61267E529F05.d.8C5880AB2ACE0CFB59DCE20DB6BF8DB6.e.15761","ELEMENT":"f.8420AFDB22D113F0275E61267E529F05.d.8C5880AB2ACE0CFB59DCE20DB6BF8DB6.e.15761"}]}
COMMAND: GET /session/59389012155df3fc64e839119ed77469/screenshot - {}
RESULT: {}
RESULT: {"script":"<script> [5351 bytes]","args":[{"element-6066-11e4-a52e-4f735466cecf":"f.8420AFDB22D113F0275E61267E529F05.d.8C5880AB2ACE0CFB59DCE20DB6BF8DB6.e.15761","ELEMENT":"f.8420AFDB22D113F0275E61267E529F05.d.8C5880AB2ACE0CFB59DCE20DB6BF8DB6.e.15761"}]}
COMMAND: POST /session/59389012155df3fc64e839119ed77469/element/f.8420AFDB22D113F0275E61267E529F05.d.8C5880AB2ACE0CFB59DCE20DB6BF8DB6.e.15761/click - {}
COMMAND: GET /session/59389012155df3fc64e839119ed77469/screenshot - {}
RESULT: {}
RESULT: {}
COMMAND: GET /session/59389012155df3fc64e839119ed77469/screenshot - {}
RESULT: {}
RESULT: {}
COMMAND: POST /session/59389012155df3fc64e839119ed77469/actions - {"actions":[{"id":"action55","type":"key","parameters":{},"actions":[{"type":"keyDown","value":"î€‡"},{"type":"pause","duration":10},{"type":"keyUp","value":"î€‡"}]}]}
RESULT: {"actions":[{"id":"action55","type":"key","parameters":{},"actions":[{"type":"keyDown","value":"î€‡"},{"type":"pause","duration":10},{"type":"keyUp","value":"î€‡"}]}]}
COMMAND: GET /session/59389012155df3fc64e839119ed77469/screenshot - {}
RESULT: {}
COMMAND: POST /session/59389012155df3fc64e839119ed77469/execute/async - {"script":"<script> [1562 bytes]","args":[{"selector":{"id":"application-manageconditionprice-display-component---newCondition--condBillCond-arrow"},"wdio_ui5_key":"applicationmanageconditionprice-display-component---newCondition--condBillCond-arrow"}]}
RESULT: {"script":"<script> [1562 bytes]","args":[{"selector":{"id":"application-manageconditionprice-display-component---newCondition--condBillCond-arrow"},"wdio_ui5_key":"applicationmanageconditionprice-display-component---newCondition--condBillCond-arrow"}]}
RESULT: undefined
COMMAND: POST /session/59389012155df3fc64e839119ed77469/element - {"using":"xpath","value":"//*[@id=\"application-manageconditionprice-display-component---newCondition--condBillCond-arrow\"]"}
RESULT: {"using":"xpath","value":"//*[@id=\"application-manageconditionprice-display-component---newCondition--condBillCond-arrow\"]"}
COMMAND: POST /session/59389012155df3fc64e839119ed77469/element/f.8420AFDB22D113F0275E61267E529F05.d.8C5880AB2ACE0CFB59DCE20DB6BF8DB6.e.15936/click - {}
RESULT: {}
COMMAND: GET /session/59389012155df3fc64e839119ed77469/screenshot - {}
RESULT: {}
COMMAND: POST /session/59389012155df3fc64e839119ed77469/element - {"using":"xpath","value":"//li[.//span[contains(text(), \"PC06 - Performance Price - fuel\")]]"}
RESULT: {"using":"xpath","value":"//li[.//span[contains(text(), \"PC06 - Performance Price - fuel\")]]"}
COMMAND: POST /session/59389012155df3fc64e839119ed77469/element/f.8420AFDB22D113F0275E61267E529F05.d.8C5880AB2ACE0CFB59DCE20DB6BF8DB6.e.15940/click - {}
RESULT: {}
COMMAND: GET /session/59389012155df3fc64e839119ed77469/screenshot - {}
RESULT: {}
COMMAND: POST /session/59389012155df3fc64e839119ed77469/execute/async - {"script":"<script> [1562 bytes]","args":[{"selector":{"id":"application-manageconditionprice-display-component---newCondition--condValidTo","interaction":{"idSuffix":"inner"}},"wdio_ui5_key":"applicationmanageconditionprice-display-component---newCondition--condValidTo"}]}
RESULT: {"script":"<script> [1562 bytes]","args":[{"selector":{"id":"application-manageconditionprice-display-component---newCondition--condValidTo","interaction":{"idSuffix":"inner"}},"wdio_ui5_key":"applicationmanageconditionprice-display-component---newCondition--condValidTo"}]}
RESULT: undefined
COMMAND: POST /session/59389012155df3fc64e839119ed77469/execute/async - {"script":"<script> [776 bytes]","args":[{"enterText":"01/01/26","selector":{"id":"application-manageconditionprice-display-component---newCondition--condValidTo","interaction":{"idSuffix":"inner"}},"clearTextFirst":true,"interactionType":"ENTER_TEXT"}]}
RESULT: {"script":"<script> [776 bytes]","args":[{"enterText":"01/01/26","selector":{"id":"application-manageconditionprice-display-component---newCondition--condValidTo","interaction":{"idSuffix":"inner"}},"clearTextFirst":true,"interactionType":"ENTER_TEXT"}]}
COMMAND: POST /session/59389012155df3fc64e839119ed77469/element - {"using":"xpath","value":"//input[@id=\"application-manageconditionprice-display-component---newCondition--condRU-inner\"]"}
RESULT: {"using":"xpath","value":"//input[@id=\"application-manageconditionprice-display-component---newCondition--condRU-inner\"]"}
COMMAND: POST /session/59389012155df3fc64e839119ed77469/element/f.8420AFDB22D113F0275E61267E529F05.d.8C5880AB2ACE0CFB59DCE20DB6BF8DB6.e.15802/clear - {}
RESULT: {}
COMMAND: POST /session/59389012155df3fc64e839119ed77469/element/f.8420AFDB22D113F0275E61267E529F05.d.8C5880AB2ACE0CFB59DCE20DB6BF8DB6.e.15802/value - {"text":"sxO2WiX3UO"}
COMMAND: GET /session/59389012155df3fc64e839119ed77469/screenshot - {}
RESULT: {"text":"sxO2WiX3UO"}
COMMAND: GET /session/59389012155df3fc64e839119ed77469/screenshot - {}
RESULT: {}
RESULT: {}
COMMAND: POST /session/59389012155df3fc64e839119ed77469/actions - {"actions":[{"id":"action56","type":"key","parameters":{},"actions":[{"type":"keyDown","value":"î€‡"},{"type":"pause","duration":10},{"type":"keyUp","value":"î€‡"}]}]}
RESULT: {"actions":[{"id":"action56","type":"key","parameters":{},"actions":[{"type":"keyDown","value":"î€‡"},{"type":"pause","duration":10},{"type":"keyUp","value":"î€‡"}]}]}
COMMAND: POST /session/59389012155df3fc64e839119ed77469/execute/async - {"script":"<script> [1562 bytes]","args":[{"selector":{"id":"application-manageconditionprice-display-component---newCondition--condBaseQty","interaction":{"idSuffix":"inner"}},"wdio_ui5_key":"applicationmanageconditionprice-display-component---newCondition--condBaseQty"}]}
COMMAND: GET /session/59389012155df3fc64e839119ed77469/screenshot - {}
RESULT: {"script":"<script> [1562 bytes]","args":[{"selector":{"id":"application-manageconditionprice-display-component---newCondition--condBaseQty","interaction":{"idSuffix":"inner"}},"wdio_ui5_key":"applicationmanageconditionprice-display-component---newCondition--condBaseQty"}]}
RESULT: undefined
COMMAND: POST /session/59389012155df3fc64e839119ed77469/execute/async - {"script":"<script> [776 bytes]","args":[{"enterText":"1","selector":{"id":"application-manageconditionprice-display-component---newCondition--condBaseQty","interaction":{"idSuffix":"inner"}},"clearTextFirst":true,"interactionType":"ENTER_TEXT"}]}
RESULT: {}
RESULT: {"script":"<script> [776 bytes]","args":[{"enterText":"1","selector":{"id":"application-manageconditionprice-display-component---newCondition--condBaseQty","interaction":{"idSuffix":"inner"}},"clearTextFirst":true,"interactionType":"ENTER_TEXT"}]}
COMMAND: POST /session/59389012155df3fc64e839119ed77469/execute/async - {"script":"<script> [1562 bytes]","args":[{"selector":{"id":"application-manageconditionprice-display-component---newCondition--condValue","interaction":{"idSuffix":"inner"}},"wdio_ui5_key":"applicationmanageconditionprice-display-component---newCondition--condValue"}]}
RESULT: {"script":"<script> [1562 bytes]","args":[{"selector":{"id":"application-manageconditionprice-display-component---newCondition--condValue","interaction":{"idSuffix":"inner"}},"wdio_ui5_key":"applicationmanageconditionprice-display-component---newCondition--condValue"}]}
RESULT: undefined
COMMAND: POST /session/59389012155df3fc64e839119ed77469/execute/async - {"script":"<script> [776 bytes]","args":[{"enterText":"10","selector":{"id":"application-manageconditionprice-display-component---newCondition--condValue","interaction":{"idSuffix":"inner"}},"clearTextFirst":true,"interactionType":"ENTER_TEXT"}]}
RESULT: {"script":"<script> [776 bytes]","args":[{"enterText":"10","selector":{"id":"application-manageconditionprice-display-component---newCondition--condValue","interaction":{"idSuffix":"inner"}},"clearTextFirst":true,"interactionType":"ENTER_TEXT"}]}
COMMAND: POST /session/59389012155df3fc64e839119ed77469/execute/async - {"script":"<script> [1562 bytes]","args":[{"selector":{"id":"application-manageconditionprice-display-component---newCondition--condCurr-arrow"},"wdio_ui5_key":"applicationmanageconditionprice-display-component---newCondition--condCurr-arrow"}]}
RESULT: {"script":"<script> [1562 bytes]","args":[{"selector":{"id":"application-manageconditionprice-display-component---newCondition--condCurr-arrow"},"wdio_ui5_key":"applicationmanageconditionprice-display-component---newCondition--condCurr-arrow"}]}
RESULT: undefined
COMMAND: POST /session/59389012155df3fc64e839119ed77469/element - {"using":"xpath","value":"//*[@id=\"application-manageconditionprice-display-component---newCondition--condCurr-arrow\"]"}
RESULT: {"using":"xpath","value":"//*[@id=\"application-manageconditionprice-display-component---newCondition--condCurr-arrow\"]"}
COMMAND: POST /session/59389012155df3fc64e839119ed77469/element/f.8420AFDB22D113F0275E61267E529F05.d.8C5880AB2ACE0CFB59DCE20DB6BF8DB6.e.15918/click - {}
RESULT: {}
COMMAND: POST /session/59389012155df3fc64e839119ed77469/element - {"using":"xpath","value":"//span[contains(text(), \"Euro\")]"}
COMMAND: GET /session/59389012155df3fc64e839119ed77469/screenshot - {}
RESULT: {"using":"xpath","value":"//span[contains(text(), \"Euro\")]"}
COMMAND: POST /session/59389012155df3fc64e839119ed77469/element/f.8420AFDB22D113F0275E61267E529F05.d.8C5880AB2ACE0CFB59DCE20DB6BF8DB6.e.15973/click - {}
RESULT: {}
RESULT: {}
COMMAND: POST /session/59389012155df3fc64e839119ed77469/element - {"using":"xpath","value":"//button[@data-kt=\"saveButton\"]"}
COMMAND: GET /session/59389012155df3fc64e839119ed77469/screenshot - {}
RESULT: {"using":"xpath","value":"//button[@data-kt=\"saveButton\"]"}
COMMAND: POST /session/59389012155df3fc64e839119ed77469/element/f.8420AFDB22D113F0275E61267E529F05.d.8C5880AB2ACE0CFB59DCE20DB6BF8DB6.e.15919/click - {}
RESULT: {}
RESULT: {}
COMMAND: GET /session/59389012155df3fc64e839119ed77469/screenshot - {}
RESULT: {}
COMMAND: POST /session/59389012155df3fc64e839119ed77469/execute/async - {"script":"<script> [1562 bytes]","args":[{"selector":{"id":"application-manageconditionprice-display-component---conditions--smartFilterBar-btnBasicSearch","interaction":{"idSuffix":"I"}},"wdio_ui5_key":"applicationmanageconditionprice-display-component---conditions--smartFilterBar-btnBasicSearch"}]}
RESULT: {"script":"<script> [1562 bytes]","args":[{"selector":{"id":"application-manageconditionprice-display-component---conditions--smartFilterBar-btnBasicSearch","interaction":{"idSuffix":"I"}},"wdio_ui5_key":"applicationmanageconditionprice-display-component---conditions--smartFilterBar-btnBasicSearch"}]}
RESULT: undefined
COMMAND: POST /session/59389012155df3fc64e839119ed77469/execute/async - {"script":"<script> [776 bytes]","args":[{"enterText":"sxO2WiX3UO","selector":{"id":"application-manageconditionprice-display-component---conditions--smartFilterBar-btnBasicSearch","interaction":{"idSuffix":"I"}},"clearTextFirst":true,"interactionType":"ENTER_TEXT"}]}
RESULT: {"script":"<script> [776 bytes]","args":[{"enterText":"sxO2WiX3UO","selector":{"id":"application-manageconditionprice-display-component---conditions--smartFilterBar-btnBasicSearch","interaction":{"idSuffix":"I"}},"clearTextFirst":true,"interactionType":"ENTER_TEXT"}]}
COMMAND: POST /session/59389012155df3fc64e839119ed77469/actions - {"actions":[{"id":"action57","type":"key","parameters":{},"actions":[{"type":"keyDown","value":"î€‡"},{"type":"pause","duration":10},{"type":"keyUp","value":"î€‡"}]}]}
RESULT: {"actions":[{"id":"action57","type":"key","parameters":{},"actions":[{"type":"keyDown","value":"î€‡"},{"type":"pause","duration":10},{"type":"keyUp","value":"î€‡"}]}]}
COMMAND: GET /session/59389012155df3fc64e839119ed77469/screenshot - {}
RESULT: {}
COMMAND: POST /session/59389012155df3fc64e839119ed77469/execute/async - {"script":"<script> [1562 bytes]","args":[{"selector":{"id":"application-manageconditionprice-display-component---conditions--smartFilterBar-filterItemControl_BASIC-BILL_TYPES-vhi"},"wdio_ui5_key":"applicationmanageconditionprice-display-component---conditions--smartFilterBar-filterItemControl_BASIC-BILL_TYPES-vhi"}]}
RESULT: {"script":"<script> [1562 bytes]","args":[{"selector":{"id":"application-manageconditionprice-display-component---conditions--smartFilterBar-filterItemControl_BASIC-BILL_TYPES-vhi"},"wdio_ui5_key":"applicationmanageconditionprice-display-component---conditions--smartFilterBar-filterItemControl_BASIC-BILL_TYPES-vhi"}]}
RESULT: undefined
COMMAND: POST /session/59389012155df3fc64e839119ed77469/element - {"using":"xpath","value":"//*[@id=\"application-manageconditionprice-display-component---conditions--smartFilterBar-filterItemControl_BASIC-BILL_TYPES-vhi\"]"}
RESULT: {"using":"xpath","value":"//*[@id=\"application-manageconditionprice-display-component---conditions--smartFilterBar-filterItemControl_BASIC-BILL_TYPES-vhi\"]"}
COMMAND: POST /session/59389012155df3fc64e839119ed77469/element/f.8420AFDB22D113F0275E61267E529F05.d.8C5880AB2ACE0CFB59DCE20DB6BF8DB6.e.15990/click - {}
RESULT: {}
COMMAND: POST /session/59389012155df3fc64e839119ed77469/execute/async - {"script":"<script> [1562 bytes]","args":[{"selector":{"id":"application-manageconditionprice-display-component---conditions--smartFilterBar-filterItemControl_BASIC-BILL_TYPES-valueHelpDialog-smartFilterBar-btnBasicSearch","searchOpenDialogs":true,"interaction":{"idSuffix":"I"}},"wdio_ui5_key":"applicationmanageconditionprice-display-component---conditions--smartFilterBar-filterItemControl_BASIC-BILL_TYPES-valueHelpDialog-smartFilterBar-btnBasicSearch"}]}
COMMAND: GET /session/59389012155df3fc64e839119ed77469/screenshot - {}
RESULT: {"script":"<script> [1562 bytes]","args":[{"selector":{"id":"application-manageconditionprice-display-component---conditions--smartFilterBar-filterItemControl_BASIC-BILL_TYPES-valueHelpDialog-smartFilterBar-btnBasicSearch","searchOpenDialogs":true,"interaction":{"idSuffix":"I"}},"wdio_ui5_key":"applicationmanageconditionprice-display-component---conditions--smartFilterBar-filterItemControl_BASIC-BILL_TYPES-valueHelpDialog-smartFilterBar-btnBasicSearch"}]}
RESULT: undefined
COMMAND: POST /session/59389012155df3fc64e839119ed77469/execute/async - {"script":"<script> [776 bytes]","args":[{"enterText":"PB","selector":{"id":"application-manageconditionprice-display-component---conditions--smartFilterBar-filterItemControl_BASIC-BILL_TYPES-valueHelpDialog-smartFilterBar-btnBasicSearch","searchOpenDialogs":true,"interaction":{"idSuffix":"I"}},"clearTextFirst":true,"interactionType":"ENTER_TEXT"}]}
RESULT: {}
RESULT: {"script":"<script> [776 bytes]","args":[{"enterText":"PB","selector":{"id":"application-manageconditionprice-display-component---conditions--smartFilterBar-filterItemControl_BASIC-BILL_TYPES-valueHelpDialog-smartFilterBar-btnBasicSearch","searchOpenDialogs":true,"interaction":{"idSuffix":"I"}},"clearTextFirst":true,"interactionType":"ENTER_TEXT"}]}
COMMAND: POST /session/59389012155df3fc64e839119ed77469/actions - {"actions":[{"id":"action58","type":"key","parameters":{},"actions":[{"type":"keyDown","value":"î€‡"},{"type":"pause","duration":10},{"type":"keyUp","value":"î€‡"}]}]}
RESULT: {"actions":[{"id":"action58","type":"key","parameters":{},"actions":[{"type":"keyDown","value":"î€‡"},{"type":"pause","duration":10},{"type":"keyUp","value":"î€‡"}]}]}
COMMAND: GET /session/59389012155df3fc64e839119ed77469/screenshot - {}
RESULT: {}
COMMAND: POST /session/59389012155df3fc64e839119ed77469/element - {"using":"xpath","value":"//div[contains(@id, 'application-manageconditionprice-display-component---conditions--smartFilterBar-filterItemControl_BASIC-BILL_TYPES-valueHelpDialog-table-rowsel0')]"}
RESULT: {"using":"xpath","value":"//div[contains(@id, 'application-manageconditionprice-display-component---conditions--smartFilterBar-filterItemControl_BASIC-BILL_TYPES-valueHelpDialog-table-rowsel0')]"}
COMMAND: POST /session/59389012155df3fc64e839119ed77469/element/f.8420AFDB22D113F0275E61267E529F05.d.8C5880AB2ACE0CFB59DCE20DB6BF8DB6.e.15999/click - {}
RESULT: {}
COMMAND: GET /session/59389012155df3fc64e839119ed77469/screenshot - {}
RESULT: {}
COMMAND: POST /session/59389012155df3fc64e839119ed77469/element - {"using":"xpath","value":"//bdi[contains(text(), \"OK\")]"}
RESULT: {"using":"xpath","value":"//bdi[contains(text(), \"OK\")]"}
COMMAND: POST /session/59389012155df3fc64e839119ed77469/element/f.8420AFDB22D113F0275E61267E529F05.d.8C5880AB2ACE0CFB59DCE20DB6BF8DB6.e.16001/click - {}
RESULT: {}
COMMAND: GET /session/59389012155df3fc64e839119ed77469/screenshot - {}
RESULT: {}
COMMAND: POST /session/59389012155df3fc64e839119ed77469/element - {"using":"xpath","value":"//span[@id=\"application-manageconditionprice-display-component---conditions--smartTable-header-inner\"]"}
RESULT: {"using":"xpath","value":"//span[@id=\"application-manageconditionprice-display-component---conditions--smartTable-header-inner\"]"}
COMMAND: POST /session/59389012155df3fc64e839119ed77469/elements - {"using":"xpath","value":"//span[@id=\"application-manageconditionprice-display-component---conditions--smartTable-header-inner\"]"}
RESULT: {"using":"xpath","value":"//span[@id=\"application-manageconditionprice-display-component---conditions--smartTable-header-inner\"]"}
COMMAND: POST /session/59389012155df3fc64e839119ed77469/execute/sync - {"script":"<script> [56 bytes]","args":[{"element-6066-11e4-a52e-4f735466cecf":"f.8420AFDB22D113F0275E61267E529F05.d.8C5880AB2ACE0CFB59DCE20DB6BF8DB6.e.16004","ELEMENT":"f.8420AFDB22D113F0275E61267E529F05.d.8C5880AB2ACE0CFB59DCE20DB6BF8DB6.e.16004"}]}
RESULT: {"script":"<script> [56 bytes]","args":[{"element-6066-11e4-a52e-4f735466cecf":"f.8420AFDB22D113F0275E61267E529F05.d.8C5880AB2ACE0CFB59DCE20DB6BF8DB6.e.16004","ELEMENT":"f.8420AFDB22D113F0275E61267E529F05.d.8C5880AB2ACE0CFB59DCE20DB6BF8DB6.e.16004"}]}
COMMAND: POST /session/59389012155df3fc64e839119ed77469/element - {"using":"css selector","value":"#shell-header-logo"}
COMMAND: GET /session/59389012155df3fc64e839119ed77469/screenshot - {}
RESULT: {"using":"css selector","value":"#shell-header-logo"}
COMMAND: POST /session/59389012155df3fc64e839119ed77469/element/f.8420AFDB22D113F0275E61267E529F05.d.8C5880AB2ACE0CFB59DCE20DB6BF8DB6.e.15729/click - {}
RESULT: {}
RESULT: {}
COMMAND: GET /session/59389012155df3fc64e839119ed77469/screenshot - {}
RESULT: {}
]]></system-out>
    </testcase>
    <testcase classname="chrome.135_0_7049_96.windows.Performance_based_billing_(work_days)_US139742" name="Should add a counter to the equipment" time="44.728">
      <system-out><![CDATA[
RESULT: undefined
COMMAND: POST /session/59389012155df3fc64e839119ed77469/element - {"using":"xpath","value":"//*[@id=\"__tile39\"]"}
RESULT: {"using":"xpath","value":"//*[@id=\"__tile39\"]"}
COMMAND: POST /session/59389012155df3fc64e839119ed77469/element/f.8420AFDB22D113F0275E61267E529F05.d.8C5880AB2ACE0CFB59DCE20DB6BF8DB6.e.14725/click - {}
RESULT: {}
COMMAND: POST /session/59389012155df3fc64e839119ed77469/execute/async - {"script":"<script> [1562 bytes]","args":[{"selector":{"id":"application-manageresources-display-component---masterRU--smartFilterBar-btnBasicSearch","interaction":{"idSuffix":"I"}},"wdio_ui5_key":"applicationmanageresources-display-component---masterRU--smartFilterBar-btnBasicSearch"}]}
COMMAND: GET /session/59389012155df3fc64e839119ed77469/screenshot - {}
RESULT: {"script":"<script> [1562 bytes]","args":[{"selector":{"id":"application-manageresources-display-component---masterRU--smartFilterBar-btnBasicSearch","interaction":{"idSuffix":"I"}},"wdio_ui5_key":"applicationmanageresources-display-component---masterRU--smartFilterBar-btnBasicSearch"}]}
RESULT: undefined
COMMAND: POST /session/59389012155df3fc64e839119ed77469/execute/async - {"script":"<script> [776 bytes]","args":[{"enterText":"sxO2WiX3UO","selector":{"id":"application-manageresources-display-component---masterRU--smartFilterBar-btnBasicSearch","interaction":{"idSuffix":"I"}},"clearTextFirst":true,"interactionType":"ENTER_TEXT"}]}
RESULT: {}
RESULT: {"script":"<script> [776 bytes]","args":[{"enterText":"sxO2WiX3UO","selector":{"id":"application-manageresources-display-component---masterRU--smartFilterBar-btnBasicSearch","interaction":{"idSuffix":"I"}},"clearTextFirst":true,"interactionType":"ENTER_TEXT"}]}
COMMAND: POST /session/59389012155df3fc64e839119ed77469/actions - {"actions":[{"id":"action59","type":"key","parameters":{},"actions":[{"type":"keyDown","value":"î€‡"},{"type":"pause","duration":10},{"type":"keyUp","value":"î€‡"}]}]}
RESULT: {"actions":[{"id":"action59","type":"key","parameters":{},"actions":[{"type":"keyDown","value":"î€‡"},{"type":"pause","duration":10},{"type":"keyUp","value":"î€‡"}]}]}
COMMAND: GET /session/59389012155df3fc64e839119ed77469/screenshot - {}
RESULT: {}
COMMAND: POST /session/59389012155df3fc64e839119ed77469/execute/async - {"script":"<script> [1562 bytes]","args":[{"selector":{"id":"application-manageresources-display-component---masterRU--smartTable-header"},"wdio_ui5_key":"applicationmanageresources-display-component---masterRU--smartTable-header"}]}
RESULT: {"script":"<script> [1562 bytes]","args":[{"selector":{"id":"application-manageresources-display-component---masterRU--smartTable-header"},"wdio_ui5_key":"applicationmanageresources-display-component---masterRU--smartTable-header"}]}
RESULT: undefined
COMMAND: POST /session/59389012155df3fc64e839119ed77469/execute/async - {"script":"<script> [6424 bytes]","args":[{"element-6066-11e4-a52e-4f735466cecf":"f.8420AFDB22D113F0275E61267E529F05.d.8C5880AB2ACE0CFB59DCE20DB6BF8DB6.e.16205"},"getText",[]]}
RESULT: {"script":"<script> [6424 bytes]","args":[{"element-6066-11e4-a52e-4f735466cecf":"f.8420AFDB22D113F0275E61267E529F05.d.8C5880AB2ACE0CFB59DCE20DB6BF8DB6.e.16205"},"getText",[]]}
COMMAND: POST /session/59389012155df3fc64e839119ed77469/execute/async - {"script":"<script> [1562 bytes]","args":[{"selector":{"controlType":"sap.ui.core.Icon","viewName":"etm.portal.ui.manageresources.view.Master","viewId":"application-manageresources-display-component---masterRU","properties":{"src":{"regex":{"source":"slim\\-arrow\\-right"}}}},"wdio_ui5_key":"etmportal.ui.manageresources.view.Mastersap.ui.core.Icon{\"src\":{\"regex\":{\"source\":\"slim\\\\-arrow\\\\-right\"}}}"}]}
RESULT: {"script":"<script> [1562 bytes]","args":[{"selector":{"controlType":"sap.ui.core.Icon","viewName":"etm.portal.ui.manageresources.view.Master","viewId":"application-manageresources-display-component---masterRU","properties":{"src":{"regex":{"source":"slim\\-arrow\\-right"}}}},"wdio_ui5_key":"etmportal.ui.manageresources.view.Mastersap.ui.core.Icon{\"src\":{\"regex\":{\"source\":\"slim\\\\-arrow\\\\-right\"}}}"}]}
RESULT: undefined
COMMAND: POST /session/59389012155df3fc64e839119ed77469/element - {"using":"xpath","value":"//*[@id=\"__item981-__clone2532-imgNav\"]"}
RESULT: {"using":"xpath","value":"//*[@id=\"__item981-__clone2532-imgNav\"]"}
COMMAND: POST /session/59389012155df3fc64e839119ed77469/element/f.8420AFDB22D113F0275E61267E529F05.d.8C5880AB2ACE0CFB59DCE20DB6BF8DB6.e.16203/click - {}
RESULT: {}
COMMAND: GET /session/59389012155df3fc64e839119ed77469/screenshot - {}
COMMAND: POST /session/59389012155df3fc64e839119ed77469/element - {"using":"xpath","value":"//bdi[contains(text(), \"Edit\")]"}
RESULT: {}
RESULT: {"using":"xpath","value":"//bdi[contains(text(), \"Edit\")]"}
COMMAND: POST /session/59389012155df3fc64e839119ed77469/execute/sync - {"script":"<script> [8489 bytes]","args":[{"element-6066-11e4-a52e-4f735466cecf":"f.8420AFDB22D113F0275E61267E529F05.d.8C5880AB2ACE0CFB59DCE20DB6BF8DB6.e.16303","ELEMENT":"f.8420AFDB22D113F0275E61267E529F05.d.8C5880AB2ACE0CFB59DCE20DB6BF8DB6.e.16303"}]}
RESULT: {"script":"<script> [8489 bytes]","args":[{"element-6066-11e4-a52e-4f735466cecf":"f.8420AFDB22D113F0275E61267E529F05.d.8C5880AB2ACE0CFB59DCE20DB6BF8DB6.e.16303","ELEMENT":"f.8420AFDB22D113F0275E61267E529F05.d.8C5880AB2ACE0CFB59DCE20DB6BF8DB6.e.16303"}]}
COMMAND: POST /session/59389012155df3fc64e839119ed77469/element/f.8420AFDB22D113F0275E61267E529F05.d.8C5880AB2ACE0CFB59DCE20DB6BF8DB6.e.16303/click - {}
COMMAND: GET /session/59389012155df3fc64e839119ed77469/screenshot - {}
RESULT: {}
COMMAND: GET /session/59389012155df3fc64e839119ed77469/screenshot - {}
RESULT: {}
RESULT: {}
COMMAND: POST /session/59389012155df3fc64e839119ed77469/execute/async - {"script":"<script> [1562 bytes]","args":[{"selector":{"id":"application-manageresources-display-component---editResource--editRruPage-anchBar-application-manageresources-display-component---editResource--counters-anchor","interaction":{"idSuffix":"BDI-content"}},"wdio_ui5_key":"applicationmanageresources-display-component---editResource--editRruPage-anchBar-application-manageresources-display-component---editResource--counters-anchor"}]}
RESULT: {"script":"<script> [1562 bytes]","args":[{"selector":{"id":"application-manageresources-display-component---editResource--editRruPage-anchBar-application-manageresources-display-component---editResource--counters-anchor","interaction":{"idSuffix":"BDI-content"}},"wdio_ui5_key":"applicationmanageresources-display-component---editResource--editRruPage-anchBar-application-manageresources-display-component---editResource--counters-anchor"}]}
RESULT: undefined
COMMAND: POST /session/59389012155df3fc64e839119ed77469/element - {"using":"xpath","value":"//*[@id=\"application-manageresources-display-component---editResource--editRruPage-anchBar-application-manageresources-display-component---editResource--counters-anchor\"]"}
RESULT: {"using":"xpath","value":"//*[@id=\"application-manageresources-display-component---editResource--editRruPage-anchBar-application-manageresources-display-component---editResource--counters-anchor\"]"}
COMMAND: POST /session/59389012155df3fc64e839119ed77469/element/f.8420AFDB22D113F0275E61267E529F05.d.8C5880AB2ACE0CFB59DCE20DB6BF8DB6.e.16460/click - {}
RESULT: {}
COMMAND: GET /session/59389012155df3fc64e839119ed77469/screenshot - {}
RESULT: {}
COMMAND: POST /session/59389012155df3fc64e839119ed77469/execute/async - {"script":"<script> [1562 bytes]","args":[{"selector":{"id":"application-manageresources-display-component---editResource--btnAddCounter-img"},"wdio_ui5_key":"applicationmanageresources-display-component---editResource--btnAddCounter-img"}]}
RESULT: {"script":"<script> [1562 bytes]","args":[{"selector":{"id":"application-manageresources-display-component---editResource--btnAddCounter-img"},"wdio_ui5_key":"applicationmanageresources-display-component---editResource--btnAddCounter-img"}]}
RESULT: undefined
COMMAND: POST /session/59389012155df3fc64e839119ed77469/element - {"using":"xpath","value":"//*[@id=\"application-manageresources-display-component---editResource--btnAddCounter-img\"]"}
RESULT: {"using":"xpath","value":"//*[@id=\"application-manageresources-display-component---editResource--btnAddCounter-img\"]"}
COMMAND: POST /session/59389012155df3fc64e839119ed77469/element/f.8420AFDB22D113F0275E61267E529F05.d.8C5880AB2ACE0CFB59DCE20DB6BF8DB6.e.16465/click - {}
RESULT: {}
COMMAND: POST /session/59389012155df3fc64e839119ed77469/execute/async - {"script":"<script> [1562 bytes]","args":[{"selector":{"id":"application-manageresources-display-component---editResource--COUNTER_ID-application-manageresources-display-component---editResource--RUCounters-0-arrow"},"wdio_ui5_key":"applicationmanageresources-display-component---editResource--COUNTER_ID-application-manageresources-display-component---editResource--RUCounters-0-arrow"}]}
COMMAND: GET /session/59389012155df3fc64e839119ed77469/screenshot - {}
RESULT: {"script":"<script> [1562 bytes]","args":[{"selector":{"id":"application-manageresources-display-component---editResource--COUNTER_ID-application-manageresources-display-component---editResource--RUCounters-0-arrow"},"wdio_ui5_key":"applicationmanageresources-display-component---editResource--COUNTER_ID-application-manageresources-display-component---editResource--RUCounters-0-arrow"}]}
RESULT: undefined
COMMAND: POST /session/59389012155df3fc64e839119ed77469/element - {"using":"xpath","value":"//*[@id=\"application-manageresources-display-component---editResource--COUNTER_ID-application-manageresources-display-component---editResource--RUCounters-0-arrow\"]"}
RESULT: {}
RESULT: {"using":"xpath","value":"//*[@id=\"application-manageresources-display-component---editResource--COUNTER_ID-application-manageresources-display-component---editResource--RUCounters-0-arrow\"]"}
COMMAND: POST /session/59389012155df3fc64e839119ed77469/element/f.8420AFDB22D113F0275E61267E529F05.d.8C5880AB2ACE0CFB59DCE20DB6BF8DB6.e.16480/click - {}
RESULT: {}
COMMAND: POST /session/59389012155df3fc64e839119ed77469/execute/async - {"script":"<script> [1562 bytes]","args":[{"selector":{"controlType":"sap.m.StandardListItem","viewName":"etm.portal.ui.manageresources.view.EditResource","viewId":"application-manageresources-display-component---editResource","properties":{"title":"fuel"},"searchOpenDialogs":true,"interaction":{"idSuffix":"content"}},"wdio_ui5_key":"etmportal.ui.manageresources.view.EditResourcesap.m.StandardListItem{\"title\":\"fuel\"}"}]}
COMMAND: GET /session/59389012155df3fc64e839119ed77469/screenshot - {}
RESULT: {"script":"<script> [1562 bytes]","args":[{"selector":{"controlType":"sap.m.StandardListItem","viewName":"etm.portal.ui.manageresources.view.EditResource","viewId":"application-manageresources-display-component---editResource","properties":{"title":"fuel"},"searchOpenDialogs":true,"interaction":{"idSuffix":"content"}},"wdio_ui5_key":"etmportal.ui.manageresources.view.EditResourcesap.m.StandardListItem{\"title\":\"fuel\"}"}]}
RESULT: undefined
COMMAND: POST /session/59389012155df3fc64e839119ed77469/element - {"using":"xpath","value":"//*[@id=\"__item1286\"]"}
RESULT: {}
RESULT: {"using":"xpath","value":"//*[@id=\"__item1286\"]"}
COMMAND: POST /session/59389012155df3fc64e839119ed77469/element/f.8420AFDB22D113F0275E61267E529F05.d.8C5880AB2ACE0CFB59DCE20DB6BF8DB6.e.16482/click - {}
RESULT: {}
COMMAND: POST /session/59389012155df3fc64e839119ed77469/execute/async - {"script":"<script> [1562 bytes]","args":[{"selector":{"controlType":"sap.m.Button","viewName":"etm.portal.ui.manageresources.view.EditResource","viewId":"application-manageresources-display-component---editResource","i18NText":{"propertyName":"text","key":"save"},"interaction":{"idSuffix":"BDI-content"}},"wdio_ui5_key":"etmportal.ui.manageresources.view.EditResourcesap.m.Button{\"propertyName\":\"text\",\"key\":\"save\"}"}]}
COMMAND: GET /session/59389012155df3fc64e839119ed77469/screenshot - {}
RESULT: {"script":"<script> [1562 bytes]","args":[{"selector":{"controlType":"sap.m.Button","viewName":"etm.portal.ui.manageresources.view.EditResource","viewId":"application-manageresources-display-component---editResource","i18NText":{"propertyName":"text","key":"save"},"interaction":{"idSuffix":"BDI-content"}},"wdio_ui5_key":"etmportal.ui.manageresources.view.EditResourcesap.m.Button{\"propertyName\":\"text\",\"key\":\"save\"}"}]}
RESULT: undefined
COMMAND: POST /session/59389012155df3fc64e839119ed77469/element - {"using":"xpath","value":"//*[@id=\"__button181\"]"}
RESULT: {}
RESULT: {"using":"xpath","value":"//*[@id=\"__button181\"]"}
COMMAND: POST /session/59389012155df3fc64e839119ed77469/element/f.8420AFDB22D113F0275E61267E529F05.d.8C5880AB2ACE0CFB59DCE20DB6BF8DB6.e.16484/click - {}
RESULT: {}
COMMAND: GET /session/59389012155df3fc64e839119ed77469/screenshot - {}
RESULT: {}
COMMAND: POST /session/59389012155df3fc64e839119ed77469/element - {"using":"css selector","value":"#shell-header-logo"}
RESULT: {"using":"css selector","value":"#shell-header-logo"}
COMMAND: POST /session/59389012155df3fc64e839119ed77469/element/f.8420AFDB22D113F0275E61267E529F05.d.8C5880AB2ACE0CFB59DCE20DB6BF8DB6.e.16010/click - {}
RESULT: {}
COMMAND: GET /session/59389012155df3fc64e839119ed77469/screenshot - {}
RESULT: {}
]]></system-out>
    </testcase>
    <testcase classname="chrome.135_0_7049_96.windows.Performance_based_billing_(work_days)_US139742" name="Should do a stock increase on the yard for the equipment" time="77.961">
      <system-out><![CDATA[
COMMAND: POST /session/59389012155df3fc64e839119ed77469/execute/async - {"script":"<script> [1562 bytes]","args":[{"selector":{"controlType":"sap.m.Text","viewName":"etm.portal.ui.managehandoverstile.view.Master","properties":{"text":"Manage Handovers"},"interaction":{"idSuffix":"inner"}},"wdio_ui5_key":"etmportal.ui.managehandoverstile.view.Mastersap.m.Text{\"text\":\"Manage Handovers\"}"}]}
RESULT: {"script":"<script> [1562 bytes]","args":[{"selector":{"controlType":"sap.m.Text","viewName":"etm.portal.ui.managehandoverstile.view.Master","properties":{"text":"Manage Handovers"},"interaction":{"idSuffix":"inner"}},"wdio_ui5_key":"etmportal.ui.managehandoverstile.view.Mastersap.m.Text{\"text\":\"Manage Handovers\"}"}]}
RESULT: undefined
COMMAND: POST /session/59389012155df3fc64e839119ed77469/element - {"using":"xpath","value":"//*[@id=\"__tile133-title\"]"}
RESULT: {"using":"xpath","value":"//*[@id=\"__tile133-title\"]"}
COMMAND: POST /session/59389012155df3fc64e839119ed77469/element/f.8420AFDB22D113F0275E61267E529F05.d.8C5880AB2ACE0CFB59DCE20DB6BF8DB6.e.16494/click - {}
RESULT: {}
COMMAND: POST /session/59389012155df3fc64e839119ed77469/element - {"using":"xpath","value":"//button[@data-kt=\"masterHOAddButton\"]"}
COMMAND: GET /session/59389012155df3fc64e839119ed77469/screenshot - {}
RESULT: {"using":"xpath","value":"//button[@data-kt=\"masterHOAddButton\"]"}
COMMAND: POST /session/59389012155df3fc64e839119ed77469/elements - {"using":"xpath","value":"//button[@data-kt=\"masterHOAddButton\"]"}
RESULT: {}
RESULT: {"using":"xpath","value":"//button[@data-kt=\"masterHOAddButton\"]"}
COMMAND: POST /session/59389012155df3fc64e839119ed77469/elements - {"using":"xpath","value":"//button[@data-kt=\"masterHOAddButton\"]"}
RESULT: {"using":"xpath","value":"//button[@data-kt=\"masterHOAddButton\"]"}
COMMAND: POST /session/59389012155df3fc64e839119ed77469/elements - {"using":"xpath","value":"//button[@data-kt=\"masterHOAddButton\"]"}
RESULT: {"using":"xpath","value":"//button[@data-kt=\"masterHOAddButton\"]"}
COMMAND: POST /session/59389012155df3fc64e839119ed77469/elements - {"using":"xpath","value":"//button[@data-kt=\"masterHOAddButton\"]"}
RESULT: {"using":"xpath","value":"//button[@data-kt=\"masterHOAddButton\"]"}
COMMAND: POST /session/59389012155df3fc64e839119ed77469/elements - {"using":"xpath","value":"//button[@data-kt=\"masterHOAddButton\"]"}
RESULT: {"using":"xpath","value":"//button[@data-kt=\"masterHOAddButton\"]"}
COMMAND: POST /session/59389012155df3fc64e839119ed77469/elements - {"using":"xpath","value":"//button[@data-kt=\"masterHOAddButton\"]"}
RESULT: {"using":"xpath","value":"//button[@data-kt=\"masterHOAddButton\"]"}
COMMAND: POST /session/59389012155df3fc64e839119ed77469/elements - {"using":"xpath","value":"//button[@data-kt=\"masterHOAddButton\"]"}
RESULT: {"using":"xpath","value":"//button[@data-kt=\"masterHOAddButton\"]"}
COMMAND: POST /session/59389012155df3fc64e839119ed77469/elements - {"using":"xpath","value":"//button[@data-kt=\"masterHOAddButton\"]"}
RESULT: {"using":"xpath","value":"//button[@data-kt=\"masterHOAddButton\"]"}
COMMAND: POST /session/59389012155df3fc64e839119ed77469/elements - {"using":"xpath","value":"//button[@data-kt=\"masterHOAddButton\"]"}
RESULT: {"using":"xpath","value":"//button[@data-kt=\"masterHOAddButton\"]"}
COMMAND: POST /session/59389012155df3fc64e839119ed77469/elements - {"using":"xpath","value":"//button[@data-kt=\"masterHOAddButton\"]"}
RESULT: {"using":"xpath","value":"//button[@data-kt=\"masterHOAddButton\"]"}
COMMAND: POST /session/59389012155df3fc64e839119ed77469/elements - {"using":"xpath","value":"//button[@data-kt=\"masterHOAddButton\"]"}
RESULT: {"using":"xpath","value":"//button[@data-kt=\"masterHOAddButton\"]"}
COMMAND: POST /session/59389012155df3fc64e839119ed77469/elements - {"using":"xpath","value":"//button[@data-kt=\"masterHOAddButton\"]"}
RESULT: {"using":"xpath","value":"//button[@data-kt=\"masterHOAddButton\"]"}
COMMAND: POST /session/59389012155df3fc64e839119ed77469/elements - {"using":"xpath","value":"//button[@data-kt=\"masterHOAddButton\"]"}
RESULT: {"using":"xpath","value":"//button[@data-kt=\"masterHOAddButton\"]"}
COMMAND: POST /session/59389012155df3fc64e839119ed77469/element - {"using":"xpath","value":"//button[@data-kt=\"masterHOAddButton\"]"}
RESULT: {"using":"xpath","value":"//button[@data-kt=\"masterHOAddButton\"]"}
COMMAND: POST /session/59389012155df3fc64e839119ed77469/execute/sync - {"script":"<script> [8489 bytes]","args":[{"element-6066-11e4-a52e-4f735466cecf":"f.8420AFDB22D113F0275E61267E529F05.d.8C5880AB2ACE0CFB59DCE20DB6BF8DB6.e.16520","ELEMENT":"f.8420AFDB22D113F0275E61267E529F05.d.8C5880AB2ACE0CFB59DCE20DB6BF8DB6.e.16520"}]}
RESULT: {"script":"<script> [8489 bytes]","args":[{"element-6066-11e4-a52e-4f735466cecf":"f.8420AFDB22D113F0275E61267E529F05.d.8C5880AB2ACE0CFB59DCE20DB6BF8DB6.e.16520","ELEMENT":"f.8420AFDB22D113F0275E61267E529F05.d.8C5880AB2ACE0CFB59DCE20DB6BF8DB6.e.16520"}]}
COMMAND: GET /session/59389012155df3fc64e839119ed77469/element/f.8420AFDB22D113F0275E61267E529F05.d.8C5880AB2ACE0CFB59DCE20DB6BF8DB6.e.16520/enabled - {}
COMMAND: GET /session/59389012155df3fc64e839119ed77469/screenshot - {}
RESULT: {}
COMMAND: POST /session/59389012155df3fc64e839119ed77469/execute/sync - {"script":"<script> [8489 bytes]","args":[{"element-6066-11e4-a52e-4f735466cecf":"f.8420AFDB22D113F0275E61267E529F05.d.8C5880AB2ACE0CFB59DCE20DB6BF8DB6.e.16520","ELEMENT":"f.8420AFDB22D113F0275E61267E529F05.d.8C5880AB2ACE0CFB59DCE20DB6BF8DB6.e.16520"}]}
COMMAND: GET /session/59389012155df3fc64e839119ed77469/screenshot - {}
RESULT: {}
RESULT: {}
RESULT: {"script":"<script> [8489 bytes]","args":[{"element-6066-11e4-a52e-4f735466cecf":"f.8420AFDB22D113F0275E61267E529F05.d.8C5880AB2ACE0CFB59DCE20DB6BF8DB6.e.16520","ELEMENT":"f.8420AFDB22D113F0275E61267E529F05.d.8C5880AB2ACE0CFB59DCE20DB6BF8DB6.e.16520"}]}
COMMAND: POST /session/59389012155df3fc64e839119ed77469/execute/sync - {"script":"<script> [5351 bytes]","args":[{"element-6066-11e4-a52e-4f735466cecf":"f.8420AFDB22D113F0275E61267E529F05.d.8C5880AB2ACE0CFB59DCE20DB6BF8DB6.e.16520","ELEMENT":"f.8420AFDB22D113F0275E61267E529F05.d.8C5880AB2ACE0CFB59DCE20DB6BF8DB6.e.16520"}]}
COMMAND: GET /session/59389012155df3fc64e839119ed77469/screenshot - {}
RESULT: {"script":"<script> [5351 bytes]","args":[{"element-6066-11e4-a52e-4f735466cecf":"f.8420AFDB22D113F0275E61267E529F05.d.8C5880AB2ACE0CFB59DCE20DB6BF8DB6.e.16520","ELEMENT":"f.8420AFDB22D113F0275E61267E529F05.d.8C5880AB2ACE0CFB59DCE20DB6BF8DB6.e.16520"}]}
COMMAND: POST /session/59389012155df3fc64e839119ed77469/element/f.8420AFDB22D113F0275E61267E529F05.d.8C5880AB2ACE0CFB59DCE20DB6BF8DB6.e.16520/click - {}
COMMAND: GET /session/59389012155df3fc64e839119ed77469/screenshot - {}
RESULT: {}
RESULT: {}
COMMAND: GET /session/59389012155df3fc64e839119ed77469/screenshot - {}
RESULT: {}
RESULT: {}
COMMAND: POST /session/59389012155df3fc64e839119ed77469/element - {"using":"xpath","value":"//span[contains(@id ,\"AddNewHO--typeSelect-arrow\")]"}
RESULT: {"using":"xpath","value":"//span[contains(@id ,\"AddNewHO--typeSelect-arrow\")]"}
COMMAND: POST /session/59389012155df3fc64e839119ed77469/element/f.8420AFDB22D113F0275E61267E529F05.d.8C5880AB2ACE0CFB59DCE20DB6BF8DB6.e.16888/click - {}
RESULT: {}
COMMAND: GET /session/59389012155df3fc64e839119ed77469/screenshot - {}
RESULT: {}
COMMAND: POST /session/59389012155df3fc64e839119ed77469/element - {"using":"xpath","value":"(//li[contains(text(), \"stock increase yard\")])[1]"}
RESULT: {"using":"xpath","value":"(//li[contains(text(), \"stock increase yard\")])[1]"}
COMMAND: POST /session/59389012155df3fc64e839119ed77469/element/f.8420AFDB22D113F0275E61267E529F05.d.8C5880AB2ACE0CFB59DCE20DB6BF8DB6.e.16889/click - {}
RESULT: {}
COMMAND: GET /session/59389012155df3fc64e839119ed77469/screenshot - {}
RESULT: {}
COMMAND: POST /session/59389012155df3fc64e839119ed77469/execute/async - {"script":"<script> [1562 bytes]","args":[{"selector":{"id":"application-managehandovers-display-component---AddNewHO--dueDate","interaction":{"idSuffix":"inner"}},"wdio_ui5_key":"applicationmanagehandovers-display-component---AddNewHO--dueDate"}]}
RESULT: {"script":"<script> [1562 bytes]","args":[{"selector":{"id":"application-managehandovers-display-component---AddNewHO--dueDate","interaction":{"idSuffix":"inner"}},"wdio_ui5_key":"applicationmanagehandovers-display-component---AddNewHO--dueDate"}]}
RESULT: undefined
COMMAND: POST /session/59389012155df3fc64e839119ed77469/execute/async - {"script":"<script> [6424 bytes]","args":[{"element-6066-11e4-a52e-4f735466cecf":"f.8420AFDB22D113F0275E61267E529F05.d.8C5880AB2ACE0CFB59DCE20DB6BF8DB6.e.16891"},"setValue",["05/01/2025"]]}
RESULT: {"script":"<script> [6424 bytes]","args":[{"element-6066-11e4-a52e-4f735466cecf":"f.8420AFDB22D113F0275E61267E529F05.d.8C5880AB2ACE0CFB59DCE20DB6BF8DB6.e.16891"},"setValue",["05/01/2025"]]}
COMMAND: POST /session/59389012155df3fc64e839119ed77469/element - {"using":"xpath","value":"//input[@id=\"generalSectionFrg--receiveYard-inner\"]"}
RESULT: {"using":"xpath","value":"//input[@id=\"generalSectionFrg--receiveYard-inner\"]"}
COMMAND: POST /session/59389012155df3fc64e839119ed77469/element/f.8420AFDB22D113F0275E61267E529F05.d.8C5880AB2ACE0CFB59DCE20DB6BF8DB6.e.16897/clear - {}
RESULT: {}
COMMAND: POST /session/59389012155df3fc64e839119ed77469/element/f.8420AFDB22D113F0275E61267E529F05.d.8C5880AB2ACE0CFB59DCE20DB6BF8DB6.e.16897/value - {"text":"487"}
COMMAND: GET /session/59389012155df3fc64e839119ed77469/screenshot - {}
RESULT: {"text":"487"}
COMMAND: GET /session/59389012155df3fc64e839119ed77469/screenshot - {}
RESULT: {}
RESULT: {}
COMMAND: POST /session/59389012155df3fc64e839119ed77469/element - {"using":"xpath","value":"//li[.//span[text()='487']]"}
RESULT: {"using":"xpath","value":"//li[.//span[text()='487']]"}
COMMAND: POST /session/59389012155df3fc64e839119ed77469/element/f.8420AFDB22D113F0275E61267E529F05.d.8C5880AB2ACE0CFB59DCE20DB6BF8DB6.e.16913/click - {}
RESULT: {}
COMMAND: GET /session/59389012155df3fc64e839119ed77469/screenshot - {}
RESULT: {}
COMMAND: POST /session/59389012155df3fc64e839119ed77469/execute/async - {"script":"<script> [1562 bytes]","args":[{"selector":{"id":"application-managehandovers-display-component---AddNewHO--ObjectPageLayout-anchBar-application-managehandovers-display-component---AddNewHO--section4-anchor","interaction":{"idSuffix":"BDI-content"}},"wdio_ui5_key":"applicationmanagehandovers-display-component---AddNewHO--ObjectPageLayout-anchBar-application-managehandovers-display-component---AddNewHO--section4-anchor"}]}
RESULT: {"script":"<script> [1562 bytes]","args":[{"selector":{"id":"application-managehandovers-display-component---AddNewHO--ObjectPageLayout-anchBar-application-managehandovers-display-component---AddNewHO--section4-anchor","interaction":{"idSuffix":"BDI-content"}},"wdio_ui5_key":"applicationmanagehandovers-display-component---AddNewHO--ObjectPageLayout-anchBar-application-managehandovers-display-component---AddNewHO--section4-anchor"}]}
RESULT: undefined
COMMAND: POST /session/59389012155df3fc64e839119ed77469/element - {"using":"xpath","value":"//*[@id=\"application-managehandovers-display-component---AddNewHO--ObjectPageLayout-anchBar-application-managehandovers-display-component---AddNewHO--section4-anchor\"]"}
RESULT: {"using":"xpath","value":"//*[@id=\"application-managehandovers-display-component---AddNewHO--ObjectPageLayout-anchBar-application-managehandovers-display-component---AddNewHO--section4-anchor\"]"}
COMMAND: POST /session/59389012155df3fc64e839119ed77469/element/f.8420AFDB22D113F0275E61267E529F05.d.8C5880AB2ACE0CFB59DCE20DB6BF8DB6.e.16915/click - {}
RESULT: {}
COMMAND: POST /session/59389012155df3fc64e839119ed77469/element - {"using":"xpath","value":"//button[@aria-label=\"Add\"]"}
COMMAND: GET /session/59389012155df3fc64e839119ed77469/screenshot - {}
RESULT: {"using":"xpath","value":"//button[@aria-label=\"Add\"]"}
COMMAND: POST /session/59389012155df3fc64e839119ed77469/element/f.8420AFDB22D113F0275E61267E529F05.d.8C5880AB2ACE0CFB59DCE20DB6BF8DB6.e.16917/click - {}
RESULT: {}
RESULT: {}
COMMAND: GET /session/59389012155df3fc64e839119ed77469/screenshot - {}
RESULT: {}
COMMAND: POST /session/59389012155df3fc64e839119ed77469/execute/async - {"script":"<script> [1562 bytes]","args":[{"selector":{"id":"application-managehandovers-display-component---AddNewHO--smartFilterBar-btnBasicSearch","searchOpenDialogs":true,"interaction":{"idSuffix":"I"}},"wdio_ui5_key":"applicationmanagehandovers-display-component---AddNewHO--smartFilterBar-btnBasicSearch"}]}
RESULT: {"script":"<script> [1562 bytes]","args":[{"selector":{"id":"application-managehandovers-display-component---AddNewHO--smartFilterBar-btnBasicSearch","searchOpenDialogs":true,"interaction":{"idSuffix":"I"}},"wdio_ui5_key":"applicationmanagehandovers-display-component---AddNewHO--smartFilterBar-btnBasicSearch"}]}
RESULT: undefined
COMMAND: POST /session/59389012155df3fc64e839119ed77469/execute/async - {"script":"<script> [776 bytes]","args":[{"enterText":"sxO2WiX3UO","selector":{"id":"application-managehandovers-display-component---AddNewHO--smartFilterBar-btnBasicSearch","searchOpenDialogs":true,"interaction":{"idSuffix":"I"}},"clearTextFirst":true,"interactionType":"ENTER_TEXT"}]}
RESULT: {"script":"<script> [776 bytes]","args":[{"enterText":"sxO2WiX3UO","selector":{"id":"application-managehandovers-display-component---AddNewHO--smartFilterBar-btnBasicSearch","searchOpenDialogs":true,"interaction":{"idSuffix":"I"}},"clearTextFirst":true,"interactionType":"ENTER_TEXT"}]}
COMMAND: POST /session/59389012155df3fc64e839119ed77469/actions - {"actions":[{"id":"action60","type":"key","parameters":{},"actions":[{"type":"keyDown","value":"î€‡"},{"type":"pause","duration":10},{"type":"keyUp","value":"î€‡"}]}]}
RESULT: {"actions":[{"id":"action60","type":"key","parameters":{},"actions":[{"type":"keyDown","value":"î€‡"},{"type":"pause","duration":10},{"type":"keyUp","value":"î€‡"}]}]}
COMMAND: GET /session/59389012155df3fc64e839119ed77469/screenshot - {}
RESULT: {}
COMMAND: POST /session/59389012155df3fc64e839119ed77469/execute/async - {"script":"<script> [1562 bytes]","args":[{"selector":{"id":"application-managehandovers-display-component---AddNewHO--popup-sa","searchOpenDialogs":true,"interaction":{"idSuffix":"CbBg"}},"wdio_ui5_key":"applicationmanagehandovers-display-component---AddNewHO--popup-sa"}]}
RESULT: {"script":"<script> [1562 bytes]","args":[{"selector":{"id":"application-managehandovers-display-component---AddNewHO--popup-sa","searchOpenDialogs":true,"interaction":{"idSuffix":"CbBg"}},"wdio_ui5_key":"applicationmanagehandovers-display-component---AddNewHO--popup-sa"}]}
RESULT: undefined
COMMAND: POST /session/59389012155df3fc64e839119ed77469/element - {"using":"xpath","value":"//*[@id=\"application-managehandovers-display-component---AddNewHO--popup-sa\"]"}
RESULT: {"using":"xpath","value":"//*[@id=\"application-managehandovers-display-component---AddNewHO--popup-sa\"]"}
COMMAND: POST /session/59389012155df3fc64e839119ed77469/element/f.8420AFDB22D113F0275E61267E529F05.d.8C5880AB2ACE0CFB59DCE20DB6BF8DB6.e.17073/click - {}
RESULT: {}
COMMAND: GET /session/59389012155df3fc64e839119ed77469/screenshot - {}
RESULT: {}
COMMAND: POST /session/59389012155df3fc64e839119ed77469/element - {"using":"xpath","value":"//bdi[contains(text(), \"Select\")]"}
RESULT: {"using":"xpath","value":"//bdi[contains(text(), \"Select\")]"}
COMMAND: POST /session/59389012155df3fc64e839119ed77469/element/f.8420AFDB22D113F0275E61267E529F05.d.8C5880AB2ACE0CFB59DCE20DB6BF8DB6.e.17074/click - {}
RESULT: {}
COMMAND: GET /session/59389012155df3fc64e839119ed77469/screenshot - {}
RESULT: {}
COMMAND: POST /session/59389012155df3fc64e839119ed77469/element - {"using":"xpath","value":"//button[@data-kt=\"AddNewHOSaveButton\"]"}
RESULT: {"using":"xpath","value":"//button[@data-kt=\"AddNewHOSaveButton\"]"}
COMMAND: POST /session/59389012155df3fc64e839119ed77469/element/f.8420AFDB22D113F0275E61267E529F05.d.8C5880AB2ACE0CFB59DCE20DB6BF8DB6.e.17078/click - {}
RESULT: {}
COMMAND: GET /session/59389012155df3fc64e839119ed77469/screenshot - {}
RESULT: {}
COMMAND: POST /session/59389012155df3fc64e839119ed77469/execute/async - {"script":"<script> [1562 bytes]","args":[{"selector":{"id":"receiptDatePicker","viewName":"etm.portal.ui.managehandovers.view.DetailExecuteHO","interaction":{"idSuffix":"inner"}},"wdio_ui5_key":"receiptDatePickeretmportal.ui.managehandovers.view.DetailExecuteHO"}]}
RESULT: {"script":"<script> [1562 bytes]","args":[{"selector":{"id":"receiptDatePicker","viewName":"etm.portal.ui.managehandovers.view.DetailExecuteHO","interaction":{"idSuffix":"inner"}},"wdio_ui5_key":"receiptDatePickeretmportal.ui.managehandovers.view.DetailExecuteHO"}]}
RESULT: undefined
COMMAND: POST /session/59389012155df3fc64e839119ed77469/execute/async - {"script":"<script> [6424 bytes]","args":[{"element-6066-11e4-a52e-4f735466cecf":"f.8420AFDB22D113F0275E61267E529F05.d.8C5880AB2ACE0CFB59DCE20DB6BF8DB6.e.17108"},"setValue",["05/01/2025"]]}
RESULT: {"script":"<script> [6424 bytes]","args":[{"element-6066-11e4-a52e-4f735466cecf":"f.8420AFDB22D113F0275E61267E529F05.d.8C5880AB2ACE0CFB59DCE20DB6BF8DB6.e.17108"},"setValue",["05/01/2025"]]}
COMMAND: POST /session/59389012155df3fc64e839119ed77469/element - {"using":"xpath","value":"//button[@data-kt=\"PickingTableConfirmAllButton\"]"}
RESULT: {"using":"xpath","value":"//button[@data-kt=\"PickingTableConfirmAllButton\"]"}
COMMAND: POST /session/59389012155df3fc64e839119ed77469/element/f.8420AFDB22D113F0275E61267E529F05.d.8C5880AB2ACE0CFB59DCE20DB6BF8DB6.e.17123/click - {}
RESULT: {}
COMMAND: GET /session/59389012155df3fc64e839119ed77469/screenshot - {}
RESULT: {}
COMMAND: POST /session/59389012155df3fc64e839119ed77469/element - {"using":"xpath","value":"//bdi[contains(text(), \"OK\")]"}
RESULT: {"using":"xpath","value":"//bdi[contains(text(), \"OK\")]"}
COMMAND: POST /session/59389012155df3fc64e839119ed77469/element/f.8420AFDB22D113F0275E61267E529F05.d.8C5880AB2ACE0CFB59DCE20DB6BF8DB6.e.17125/click - {}
RESULT: {}
COMMAND: GET /session/59389012155df3fc64e839119ed77469/screenshot - {}
RESULT: {}
COMMAND: POST /session/59389012155df3fc64e839119ed77469/element - {"using":"xpath","value":"(//bdi[contains(text(), \"Receive\")])[2]"}
RESULT: {"using":"xpath","value":"(//bdi[contains(text(), \"Receive\")])[2]"}
COMMAND: POST /session/59389012155df3fc64e839119ed77469/element/f.8420AFDB22D113F0275E61267E529F05.d.8C5880AB2ACE0CFB59DCE20DB6BF8DB6.e.17127/click - {}
RESULT: {}
COMMAND: GET /session/59389012155df3fc64e839119ed77469/screenshot - {}
RESULT: {}
COMMAND: POST /session/59389012155df3fc64e839119ed77469/element - {"using":"css selector","value":"#shell-header-logo"}
RESULT: {"using":"css selector","value":"#shell-header-logo"}
COMMAND: POST /session/59389012155df3fc64e839119ed77469/element/f.8420AFDB22D113F0275E61267E529F05.d.8C5880AB2ACE0CFB59DCE20DB6BF8DB6.e.16496/click - {}
RESULT: {}
COMMAND: GET /session/59389012155df3fc64e839119ed77469/screenshot - {}
RESULT: {}
]]></system-out>
    </testcase>
    <testcase classname="chrome.135_0_7049_96.windows.Performance_based_billing_(work_days)_US139742" name="Should create a new contract" time="54.421">
      <system-out><![CDATA[
COMMAND: POST /session/59389012155df3fc64e839119ed77469/execute/async - {"script":"<script> [1562 bytes]","args":[{"selector":{"controlType":"sap.m.Text","viewName":"etm.portal.ui.managecontractstile.view.Master","properties":{"text":"Manage Contracts"},"interaction":{"idSuffix":"inner"}},"wdio_ui5_key":"etmportal.ui.managecontractstile.view.Mastersap.m.Text{\"text\":\"Manage Contracts\"}"}]}
RESULT: {"script":"<script> [1562 bytes]","args":[{"selector":{"controlType":"sap.m.Text","viewName":"etm.portal.ui.managecontractstile.view.Master","properties":{"text":"Manage Contracts"},"interaction":{"idSuffix":"inner"}},"wdio_ui5_key":"etmportal.ui.managecontractstile.view.Mastersap.m.Text{\"text\":\"Manage Contracts\"}"}]}
RESULT: undefined
COMMAND: POST /session/59389012155df3fc64e839119ed77469/element - {"using":"xpath","value":"//*[@id=\"__tile131-title\"]"}
RESULT: {"using":"xpath","value":"//*[@id=\"__tile131-title\"]"}
COMMAND: POST /session/59389012155df3fc64e839119ed77469/element/f.8420AFDB22D113F0275E61267E529F05.d.8C5880AB2ACE0CFB59DCE20DB6BF8DB6.e.17407/click - {}
RESULT: {}
COMMAND: GET /session/59389012155df3fc64e839119ed77469/screenshot - {}
COMMAND: POST /session/59389012155df3fc64e839119ed77469/element - {"using":"xpath","value":"//button[@data-kt=\"addButton\"]"}
RESULT: {}
RESULT: {"using":"xpath","value":"//button[@data-kt=\"addButton\"]"}
COMMAND: POST /session/59389012155df3fc64e839119ed77469/elements - {"using":"xpath","value":"//button[@data-kt=\"addButton\"]"}
RESULT: {"using":"xpath","value":"//button[@data-kt=\"addButton\"]"}
COMMAND: POST /session/59389012155df3fc64e839119ed77469/execute/sync - {"script":"<script> [8489 bytes]","args":[{"element-6066-11e4-a52e-4f735466cecf":"f.8420AFDB22D113F0275E61267E529F05.d.8C5880AB2ACE0CFB59DCE20DB6BF8DB6.e.17479","ELEMENT":"f.8420AFDB22D113F0275E61267E529F05.d.8C5880AB2ACE0CFB59DCE20DB6BF8DB6.e.17479"}]}
RESULT: {"script":"<script> [8489 bytes]","args":[{"element-6066-11e4-a52e-4f735466cecf":"f.8420AFDB22D113F0275E61267E529F05.d.8C5880AB2ACE0CFB59DCE20DB6BF8DB6.e.17479","ELEMENT":"f.8420AFDB22D113F0275E61267E529F05.d.8C5880AB2ACE0CFB59DCE20DB6BF8DB6.e.17479"}]}
COMMAND: GET /session/59389012155df3fc64e839119ed77469/element/f.8420AFDB22D113F0275E61267E529F05.d.8C5880AB2ACE0CFB59DCE20DB6BF8DB6.e.17479/enabled - {}
COMMAND: GET /session/59389012155df3fc64e839119ed77469/screenshot - {}
RESULT: {}
COMMAND: POST /session/59389012155df3fc64e839119ed77469/execute/sync - {"script":"<script> [8489 bytes]","args":[{"element-6066-11e4-a52e-4f735466cecf":"f.8420AFDB22D113F0275E61267E529F05.d.8C5880AB2ACE0CFB59DCE20DB6BF8DB6.e.17479","ELEMENT":"f.8420AFDB22D113F0275E61267E529F05.d.8C5880AB2ACE0CFB59DCE20DB6BF8DB6.e.17479"}]}
COMMAND: GET /session/59389012155df3fc64e839119ed77469/screenshot - {}
RESULT: {}
RESULT: {"script":"<script> [8489 bytes]","args":[{"element-6066-11e4-a52e-4f735466cecf":"f.8420AFDB22D113F0275E61267E529F05.d.8C5880AB2ACE0CFB59DCE20DB6BF8DB6.e.17479","ELEMENT":"f.8420AFDB22D113F0275E61267E529F05.d.8C5880AB2ACE0CFB59DCE20DB6BF8DB6.e.17479"}]}
COMMAND: POST /session/59389012155df3fc64e839119ed77469/execute/sync - {"script":"<script> [5351 bytes]","args":[{"element-6066-11e4-a52e-4f735466cecf":"f.8420AFDB22D113F0275E61267E529F05.d.8C5880AB2ACE0CFB59DCE20DB6BF8DB6.e.17479","ELEMENT":"f.8420AFDB22D113F0275E61267E529F05.d.8C5880AB2ACE0CFB59DCE20DB6BF8DB6.e.17479"}]}
COMMAND: GET /session/59389012155df3fc64e839119ed77469/screenshot - {}
RESULT: {}
RESULT: {"script":"<script> [5351 bytes]","args":[{"element-6066-11e4-a52e-4f735466cecf":"f.8420AFDB22D113F0275E61267E529F05.d.8C5880AB2ACE0CFB59DCE20DB6BF8DB6.e.17479","ELEMENT":"f.8420AFDB22D113F0275E61267E529F05.d.8C5880AB2ACE0CFB59DCE20DB6BF8DB6.e.17479"}]}
COMMAND: GET /session/59389012155df3fc64e839119ed77469/screenshot - {}
RESULT: {}
RESULT: {}
COMMAND: POST /session/59389012155df3fc64e839119ed77469/element/f.8420AFDB22D113F0275E61267E529F05.d.8C5880AB2ACE0CFB59DCE20DB6BF8DB6.e.17479/click - {}
RESULT: {}
COMMAND: GET /session/59389012155df3fc64e839119ed77469/screenshot - {}
COMMAND: POST /session/59389012155df3fc64e839119ed77469/execute/async - {"script":"<script> [1562 bytes]","args":[{"selector":{"id":"application-managecontracts-display-component---AddNewContract--projectDescription","interaction":{"idSuffix":"inner"}},"wdio_ui5_key":"applicationmanagecontracts-display-component---AddNewContract--projectDescription"}]}
RESULT: {}
RESULT: {"script":"<script> [1562 bytes]","args":[{"selector":{"id":"application-managecontracts-display-component---AddNewContract--projectDescription","interaction":{"idSuffix":"inner"}},"wdio_ui5_key":"applicationmanagecontracts-display-component---AddNewContract--projectDescription"}]}
RESULT: undefined
COMMAND: POST /session/59389012155df3fc64e839119ed77469/execute/async - {"script":"<script> [776 bytes]","args":[{"enterText":"Performance Contract WDIO","selector":{"id":"application-managecontracts-display-component---AddNewContract--projectDescription","interaction":{"idSuffix":"inner"}},"clearTextFirst":true,"interactionType":"ENTER_TEXT"}]}
RESULT: {"script":"<script> [776 bytes]","args":[{"enterText":"Performance Contract WDIO","selector":{"id":"application-managecontracts-display-component---AddNewContract--projectDescription","interaction":{"idSuffix":"inner"}},"clearTextFirst":true,"interactionType":"ENTER_TEXT"}]}
COMMAND: POST /session/59389012155df3fc64e839119ed77469/element - {"using":"xpath","value":"//input[@id=\"application-managecontracts-display-component---AddNewContract--site-inner\"]"}
RESULT: {"using":"xpath","value":"//input[@id=\"application-managecontracts-display-component---AddNewContract--site-inner\"]"}
COMMAND: POST /session/59389012155df3fc64e839119ed77469/element/f.8420AFDB22D113F0275E61267E529F05.d.8C5880AB2ACE0CFB59DCE20DB6BF8DB6.e.17774/clear - {}
RESULT: {}
COMMAND: POST /session/59389012155df3fc64e839119ed77469/element/f.8420AFDB22D113F0275E61267E529F05.d.8C5880AB2ACE0CFB59DCE20DB6BF8DB6.e.17774/value - {"text":"2323"}
COMMAND: GET /session/59389012155df3fc64e839119ed77469/screenshot - {}
RESULT: {"text":"2323"}
COMMAND: GET /session/59389012155df3fc64e839119ed77469/screenshot - {}
RESULT: {}
RESULT: {}
COMMAND: POST /session/59389012155df3fc64e839119ed77469/element - {"using":"xpath","value":"//li[.//span[text()='2323']]"}
RESULT: {"using":"xpath","value":"//li[.//span[text()='2323']]"}
COMMAND: POST /session/59389012155df3fc64e839119ed77469/element/f.8420AFDB22D113F0275E61267E529F05.d.8C5880AB2ACE0CFB59DCE20DB6BF8DB6.e.17798/click - {}
RESULT: {}
COMMAND: GET /session/59389012155df3fc64e839119ed77469/screenshot - {}
RESULT: {}
COMMAND: POST /session/59389012155df3fc64e839119ed77469/element - {"using":"xpath","value":"//input[@id=\"application-managecontracts-display-component---AddNewContract--yardId-inner\"]"}
RESULT: {"using":"xpath","value":"//input[@id=\"application-managecontracts-display-component---AddNewContract--yardId-inner\"]"}
COMMAND: GET /session/59389012155df3fc64e839119ed77469/element/f.8420AFDB22D113F0275E61267E529F05.d.8C5880AB2ACE0CFB59DCE20DB6BF8DB6.e.17775/property/value - {}
RESULT: {}
COMMAND: POST /session/59389012155df3fc64e839119ed77469/element - {"using":"xpath","value":"//input[@id=\"application-managecontracts-display-component---AddNewContract--customerSelect-inner\"]"}
COMMAND: GET /session/59389012155df3fc64e839119ed77469/screenshot - {}
RESULT: {"using":"xpath","value":"//input[@id=\"application-managecontracts-display-component---AddNewContract--customerSelect-inner\"]"}
COMMAND: POST /session/59389012155df3fc64e839119ed77469/element/f.8420AFDB22D113F0275E61267E529F05.d.8C5880AB2ACE0CFB59DCE20DB6BF8DB6.e.17773/clear - {}
RESULT: {}
RESULT: {}
COMMAND: POST /session/59389012155df3fc64e839119ed77469/element/f.8420AFDB22D113F0275E61267E529F05.d.8C5880AB2ACE0CFB59DCE20DB6BF8DB6.e.17773/value - {"text":"1358"}
COMMAND: GET /session/59389012155df3fc64e839119ed77469/screenshot - {}
RESULT: {"text":"1358"}
COMMAND: GET /session/59389012155df3fc64e839119ed77469/screenshot - {}
RESULT: {}
RESULT: {}
COMMAND: POST /session/59389012155df3fc64e839119ed77469/element - {"using":"xpath","value":"//li[.//span[text()='1358']]"}
RESULT: {"using":"xpath","value":"//li[.//span[text()='1358']]"}
COMMAND: POST /session/59389012155df3fc64e839119ed77469/element/f.8420AFDB22D113F0275E61267E529F05.d.8C5880AB2ACE0CFB59DCE20DB6BF8DB6.e.17801/click - {}
RESULT: {}
COMMAND: GET /session/59389012155df3fc64e839119ed77469/screenshot - {}
RESULT: {}
COMMAND: POST /session/59389012155df3fc64e839119ed77469/element - {"using":"xpath","value":"//button[@data-kt=\"saveButton\"]"}
RESULT: {"using":"xpath","value":"//button[@data-kt=\"saveButton\"]"}
COMMAND: POST /session/59389012155df3fc64e839119ed77469/element/f.8420AFDB22D113F0275E61267E529F05.d.8C5880AB2ACE0CFB59DCE20DB6BF8DB6.e.17791/click - {}
RESULT: {}
COMMAND: GET /session/59389012155df3fc64e839119ed77469/screenshot - {}
RESULT: {}
COMMAND: POST /session/59389012155df3fc64e839119ed77469/element - {"using":"xpath","value":"//span[contains(@id ,\"contractDetailTitleNoExpanded\")]"}
RESULT: {"using":"xpath","value":"//span[contains(@id ,\"contractDetailTitleNoExpanded\")]"}
COMMAND: POST /session/59389012155df3fc64e839119ed77469/elements - {"using":"xpath","value":"//span[contains(@id ,\"contractDetailTitleNoExpanded\")]"}
RESULT: {"using":"xpath","value":"//span[contains(@id ,\"contractDetailTitleNoExpanded\")]"}
COMMAND: POST /session/59389012155df3fc64e839119ed77469/execute/sync - {"script":"<script> [56 bytes]","args":[{"element-6066-11e4-a52e-4f735466cecf":"f.8420AFDB22D113F0275E61267E529F05.d.8C5880AB2ACE0CFB59DCE20DB6BF8DB6.e.17809","ELEMENT":"f.8420AFDB22D113F0275E61267E529F05.d.8C5880AB2ACE0CFB59DCE20DB6BF8DB6.e.17809"}]}
RESULT: {"script":"<script> [56 bytes]","args":[{"element-6066-11e4-a52e-4f735466cecf":"f.8420AFDB22D113F0275E61267E529F05.d.8C5880AB2ACE0CFB59DCE20DB6BF8DB6.e.17809","ELEMENT":"f.8420AFDB22D113F0275E61267E529F05.d.8C5880AB2ACE0CFB59DCE20DB6BF8DB6.e.17809"}]}
COMMAND: GET /session/59389012155df3fc64e839119ed77469/screenshot - {}
RESULT: {}
]]></system-out>
    </testcase>
    <testcase classname="chrome.135_0_7049_96.windows.Performance_based_billing_(work_days)_US139742" name="Should add equipment to the contract" time="47.162">
      <system-out><![CDATA[
COMMAND: POST /session/59389012155df3fc64e839119ed77469/element - {"using":"xpath","value":"//button[@data-kt=\"contractDetailEditBtnButton\"]"}
RESULT: {"using":"xpath","value":"//button[@data-kt=\"contractDetailEditBtnButton\"]"}
COMMAND: POST /session/59389012155df3fc64e839119ed77469/element/f.8420AFDB22D113F0275E61267E529F05.d.8C5880AB2ACE0CFB59DCE20DB6BF8DB6.e.17812/click - {}
RESULT: {}
COMMAND: GET /session/59389012155df3fc64e839119ed77469/screenshot - {}
RESULT: {}
COMMAND: POST /session/59389012155df3fc64e839119ed77469/element - {"using":"xpath","value":"(//span[contains(text(), \"Additional Addresses\")])[2]"}
RESULT: {"using":"xpath","value":"(//span[contains(text(), \"Additional Addresses\")])[2]"}
COMMAND: POST /session/59389012155df3fc64e839119ed77469/element/f.8420AFDB22D113F0275E61267E529F05.d.8C5880AB2ACE0CFB59DCE20DB6BF8DB6.e.17868/click - {}
RESULT: {}
COMMAND: GET /session/59389012155df3fc64e839119ed77469/screenshot - {}
RESULT: {}
COMMAND: POST /session/59389012155df3fc64e839119ed77469/element - {"using":"xpath","value":"//button[@data-kt=\"btnAddTableRowOverflowToolbarButton\"]"}
RESULT: {"using":"xpath","value":"//button[@data-kt=\"btnAddTableRowOverflowToolbarButton\"]"}
COMMAND: POST /session/59389012155df3fc64e839119ed77469/element/f.8420AFDB22D113F0275E61267E529F05.d.8C5880AB2ACE0CFB59DCE20DB6BF8DB6.e.17870/click - {}
RESULT: {}
COMMAND: GET /session/59389012155df3fc64e839119ed77469/screenshot - {}
RESULT: {}
COMMAND: POST /session/59389012155df3fc64e839119ed77469/element - {"using":"xpath","value":"//div[(text() = 'Standard Entry' or . = 'Standard Entry')]"}
RESULT: {"using":"xpath","value":"//div[(text() = 'Standard Entry' or . = 'Standard Entry')]"}
COMMAND: POST /session/59389012155df3fc64e839119ed77469/element/f.8420AFDB22D113F0275E61267E529F05.d.8C5880AB2ACE0CFB59DCE20DB6BF8DB6.e.17872/click - {}
RESULT: {}
COMMAND: GET /session/59389012155df3fc64e839119ed77469/screenshot - {}
RESULT: {}
COMMAND: POST /session/59389012155df3fc64e839119ed77469/element - {"using":"xpath","value":"//td[7]/div/div/input"}
RESULT: {"using":"xpath","value":"//td[7]/div/div/input"}
COMMAND: POST /session/59389012155df3fc64e839119ed77469/element/f.8420AFDB22D113F0275E61267E529F05.d.8C5880AB2ACE0CFB59DCE20DB6BF8DB6.e.17881/clear - {}
RESULT: {}
COMMAND: POST /session/59389012155df3fc64e839119ed77469/element/f.8420AFDB22D113F0275E61267E529F05.d.8C5880AB2ACE0CFB59DCE20DB6BF8DB6.e.17881/value - {"text":"sxO2WiX3UO"}
COMMAND: GET /session/59389012155df3fc64e839119ed77469/screenshot - {}
RESULT: {"text":"sxO2WiX3UO"}
COMMAND: GET /session/59389012155df3fc64e839119ed77469/screenshot - {}
RESULT: {}
RESULT: {}
COMMAND: POST /session/59389012155df3fc64e839119ed77469/actions - {"actions":[{"id":"action61","type":"key","parameters":{},"actions":[{"type":"keyDown","value":"î€‡"},{"type":"pause","duration":10},{"type":"keyUp","value":"î€‡"}]}]}
RESULT: {"actions":[{"id":"action61","type":"key","parameters":{},"actions":[{"type":"keyDown","value":"î€‡"},{"type":"pause","duration":10},{"type":"keyUp","value":"î€‡"}]}]}
COMMAND: GET /session/59389012155df3fc64e839119ed77469/screenshot - {}
RESULT: {}
COMMAND: POST /session/59389012155df3fc64e839119ed77469/execute/sync - {"script":"<script> [276 bytes]","args":["No pricing information was found"]}
RESULT: {"script":"<script> [276 bytes]","args":["No pricing information was found"]}
COMMAND: POST /session/59389012155df3fc64e839119ed77469/element - {"using":"xpath","value":"(//button[@data-kt=\"saveButton\"])[2]"}
COMMAND: GET /session/59389012155df3fc64e839119ed77469/screenshot - {}
RESULT: {"using":"xpath","value":"(//button[@data-kt=\"saveButton\"])[2]"}
COMMAND: POST /session/59389012155df3fc64e839119ed77469/element/f.8420AFDB22D113F0275E61267E529F05.d.8C5880AB2ACE0CFB59DCE20DB6BF8DB6.e.17896/click - {}
RESULT: {}
RESULT: {}
COMMAND: GET /session/59389012155df3fc64e839119ed77469/screenshot - {}
RESULT: {}
COMMAND: POST /session/59389012155df3fc64e839119ed77469/execute/sync - {"script":"<script> [276 bytes]","args":["Some contract items are having rental validity exceeding header rental validity"]}
RESULT: {"script":"<script> [276 bytes]","args":["Some contract items are having rental validity exceeding header rental validity"]}
COMMAND: GET /session/59389012155df3fc64e839119ed77469/screenshot - {}
RESULT: {}
COMMAND: POST /session/59389012155df3fc64e839119ed77469/element - {"using":"xpath","value":"//span[contains(@id ,\"contractItemsSmartTable-header-inner\")]"}
RESULT: {"using":"xpath","value":"//span[contains(@id ,\"contractItemsSmartTable-header-inner\")]"}
COMMAND: POST /session/59389012155df3fc64e839119ed77469/elements - {"using":"xpath","value":"//span[contains(@id ,\"contractItemsSmartTable-header-inner\")]"}
RESULT: {"using":"xpath","value":"//span[contains(@id ,\"contractItemsSmartTable-header-inner\")]"}
COMMAND: POST /session/59389012155df3fc64e839119ed77469/execute/sync - {"script":"<script> [56 bytes]","args":[{"element-6066-11e4-a52e-4f735466cecf":"f.8420AFDB22D113F0275E61267E529F05.d.8C5880AB2ACE0CFB59DCE20DB6BF8DB6.e.17902","ELEMENT":"f.8420AFDB22D113F0275E61267E529F05.d.8C5880AB2ACE0CFB59DCE20DB6BF8DB6.e.17902"}]}
RESULT: {"script":"<script> [56 bytes]","args":[{"element-6066-11e4-a52e-4f735466cecf":"f.8420AFDB22D113F0275E61267E529F05.d.8C5880AB2ACE0CFB59DCE20DB6BF8DB6.e.17902","ELEMENT":"f.8420AFDB22D113F0275E61267E529F05.d.8C5880AB2ACE0CFB59DCE20DB6BF8DB6.e.17902"}]}
COMMAND: GET /session/59389012155df3fc64e839119ed77469/screenshot - {}
]]></system-out>
    </testcase>
    <testcase classname="chrome.135_0_7049_96.windows.Performance_based_billing_(work_days)_US139742" name="Should do a provide to site handover" time="56.397">
      <system-out><![CDATA[
COMMAND: POST /session/59389012155df3fc64e839119ed77469/element - {"using":"xpath","value":"//button[@data-kt=\"provideButton\"]"}
RESULT: {}
RESULT: {"using":"xpath","value":"//button[@data-kt=\"provideButton\"]"}
COMMAND: POST /session/59389012155df3fc64e839119ed77469/element/f.8420AFDB22D113F0275E61267E529F05.d.8C5880AB2ACE0CFB59DCE20DB6BF8DB6.e.17903/click - {}
RESULT: {}
COMMAND: GET /session/59389012155df3fc64e839119ed77469/screenshot - {}
RESULT: {}
RESULT: undefined
COMMAND: POST /session/59389012155df3fc64e839119ed77469/execute/async - {"script":"<script> [6424 bytes]","args":[{"element-6066-11e4-a52e-4f735466cecf":"f.8420AFDB22D113F0275E61267E529F05.d.8C5880AB2ACE0CFB59DCE20DB6BF8DB6.e.16891"},"setValue",["05/01/2025"]]}
COMMAND: POST /session/59389012155df3fc64e839119ed77469/execute/async - {"script":"<script> [1562 bytes]","args":[{"selector":{"id":"application-managehandovers-display-component---AddNewHO--dueDate","interaction":{"idSuffix":"inner"}},"wdio_ui5_key":"applicationmanagehandovers-display-component---AddNewHO--dueDate"}]}
RESULT: {"script":"<script> [1562 bytes]","args":[{"selector":{"id":"application-managehandovers-display-component---AddNewHO--dueDate","interaction":{"idSuffix":"inner"}},"wdio_ui5_key":"applicationmanagehandovers-display-component---AddNewHO--dueDate"}]}
COMMAND: POST /session/59389012155df3fc64e839119ed77469/execute/async - {"script":"<script> [6424 bytes]","args":[{"element-6066-11e4-a52e-4f735466cecf":"f.8420AFDB22D113F0275E61267E529F05.d.8C5880AB2ACE0CFB59DCE20DB6BF8DB6.e.17960"},"setValue",["05/01/2025"]]}
RESULT: {"script":"<script> [6424 bytes]","args":[{"element-6066-11e4-a52e-4f735466cecf":"f.8420AFDB22D113F0275E61267E529F05.d.8C5880AB2ACE0CFB59DCE20DB6BF8DB6.e.17960"},"setValue",["05/01/2025"]]}
COMMAND: POST /session/59389012155df3fc64e839119ed77469/element - {"using":"xpath","value":"//bdi[contains(text(), \"Instructions\")]"}
RESULT: {"using":"xpath","value":"//bdi[contains(text(), \"Instructions\")]"}
COMMAND: POST /session/59389012155df3fc64e839119ed77469/element/f.8420AFDB22D113F0275E61267E529F05.d.8C5880AB2ACE0CFB59DCE20DB6BF8DB6.e.18228/click - {}
RESULT: {}
COMMAND: GET /session/59389012155df3fc64e839119ed77469/screenshot - {}
RESULT: {}
COMMAND: POST /session/59389012155df3fc64e839119ed77469/element - {"using":"xpath","value":"//button[@data-kt=\"AddNewHOProvideAddItemsButton\"]"}
RESULT: {"using":"xpath","value":"//button[@data-kt=\"AddNewHOProvideAddItemsButton\"]"}
COMMAND: POST /session/59389012155df3fc64e839119ed77469/element/f.8420AFDB22D113F0275E61267E529F05.d.8C5880AB2ACE0CFB59DCE20DB6BF8DB6.e.18232/click - {}
RESULT: {}
COMMAND: GET /session/59389012155df3fc64e839119ed77469/screenshot - {}
RESULT: {}
RESULT: undefined
COMMAND: POST /session/59389012155df3fc64e839119ed77469/element - {"using":"xpath","value":"//*[@id=\"application-managehandovers-display-component---AddNewHO--popup-sa\"]"}
RESULT: {"using":"xpath","value":"//*[@id=\"application-managehandovers-display-component---AddNewHO--popup-sa\"]"}
COMMAND: POST /session/59389012155df3fc64e839119ed77469/element/f.8420AFDB22D113F0275E61267E529F05.d.8C5880AB2ACE0CFB59DCE20DB6BF8DB6.e.18241/click - {}
RESULT: {}
COMMAND: GET /session/59389012155df3fc64e839119ed77469/screenshot - {}
RESULT: {}
COMMAND: POST /session/59389012155df3fc64e839119ed77469/element - {"using":"xpath","value":"//*[contains(@id ,\"BDI-content\")][contains(text(), \"Select\")]"}
RESULT: {"using":"xpath","value":"//*[contains(@id ,\"BDI-content\")][contains(text(), \"Select\")]"}
COMMAND: POST /session/59389012155df3fc64e839119ed77469/element/f.8420AFDB22D113F0275E61267E529F05.d.8C5880AB2ACE0CFB59DCE20DB6BF8DB6.e.18243/click - {}
RESULT: {}
COMMAND: GET /session/59389012155df3fc64e839119ed77469/screenshot - {}
RESULT: {}
COMMAND: POST /session/59389012155df3fc64e839119ed77469/execute/async - {"script":"<script> [1562 bytes]","args":[{"selector":{"id":"application-managehandovers-display-component---AddNewHO--confirmCreationButton","interaction":{"idSuffix":"BDI-content"}},"wdio_ui5_key":"applicationmanagehandovers-display-component---AddNewHO--confirmCreationButton"}]}
RESULT: {"script":"<script> [1562 bytes]","args":[{"selector":{"id":"application-managehandovers-display-component---AddNewHO--confirmCreationButton","interaction":{"idSuffix":"BDI-content"}},"wdio_ui5_key":"applicationmanagehandovers-display-component---AddNewHO--confirmCreationButton"}]}
RESULT: undefined
COMMAND: POST /session/59389012155df3fc64e839119ed77469/element - {"using":"xpath","value":"//*[@id=\"application-managehandovers-display-component---AddNewHO--confirmCreationButton\"]"}
RESULT: {"using":"xpath","value":"//*[@id=\"application-managehandovers-display-component---AddNewHO--confirmCreationButton\"]"}
COMMAND: POST /session/59389012155df3fc64e839119ed77469/element/f.8420AFDB22D113F0275E61267E529F05.d.8C5880AB2ACE0CFB59DCE20DB6BF8DB6.e.18033/click - {}
RESULT: {}
COMMAND: GET /session/59389012155df3fc64e839119ed77469/screenshot - {}
RESULT: {}
COMMAND: POST /session/59389012155df3fc64e839119ed77469/element - {"using":"xpath","value":"//button[@data-kt=\"PickingTableConfirmAllButton\"]"}
RESULT: {"using":"xpath","value":"//button[@data-kt=\"PickingTableConfirmAllButton\"]"}
COMMAND: POST /session/59389012155df3fc64e839119ed77469/element/f.8420AFDB22D113F0275E61267E529F05.d.8C5880AB2ACE0CFB59DCE20DB6BF8DB6.e.18289/click - {}
COMMAND: POST /session/59389012155df3fc64e839119ed77469/element - {"using":"xpath","value":"//button[@data-kt=\"PickingTableConfirmAllButton\"]"}
RESULT: {"using":"xpath","value":"//button[@data-kt=\"PickingTableConfirmAllButton\"]"}
COMMAND: POST /session/59389012155df3fc64e839119ed77469/element/f.8420AFDB22D113F0275E61267E529F05.d.8C5880AB2ACE0CFB59DCE20DB6BF8DB6.e.18289/click - {}
COMMAND: POST /session/59389012155df3fc64e839119ed77469/element - {"using":"xpath","value":"//button[@data-kt=\"PickingTableConfirmAllButton\"]"}
RESULT: {"using":"xpath","value":"//button[@data-kt=\"PickingTableConfirmAllButton\"]"}
COMMAND: POST /session/59389012155df3fc64e839119ed77469/element/f.8420AFDB22D113F0275E61267E529F05.d.8C5880AB2ACE0CFB59DCE20DB6BF8DB6.e.18293/click - {}
RESULT: {}
COMMAND: GET /session/59389012155df3fc64e839119ed77469/screenshot - {}
RESULT: {}
COMMAND: POST /session/59389012155df3fc64e839119ed77469/element - {"using":"xpath","value":"//bdi[contains(text(), \"OK\")]"}
RESULT: {"using":"xpath","value":"//bdi[contains(text(), \"OK\")]"}
COMMAND: POST /session/59389012155df3fc64e839119ed77469/element/f.8420AFDB22D113F0275E61267E529F05.d.8C5880AB2ACE0CFB59DCE20DB6BF8DB6.e.18304/click - {}
RESULT: {}
COMMAND: GET /session/59389012155df3fc64e839119ed77469/screenshot - {}
RESULT: {}
COMMAND: POST /session/59389012155df3fc64e839119ed77469/element - {"using":"xpath","value":"//bdi[contains(text(), \"Ok\")]"}
RESULT: {"using":"xpath","value":"//bdi[contains(text(), \"Ok\")]"}
COMMAND: POST /session/59389012155df3fc64e839119ed77469/element/f.8420AFDB22D113F0275E61267E529F05.d.8C5880AB2ACE0CFB59DCE20DB6BF8DB6.e.18312/click - {}
RESULT: {}
COMMAND: GET /session/59389012155df3fc64e839119ed77469/screenshot - {}
RESULT: {}
COMMAND: POST /session/59389012155df3fc64e839119ed77469/element - {"using":"xpath","value":"//bdi[contains(text(), \"Issue\")]"}
RESULT: {"using":"xpath","value":"//bdi[contains(text(), \"Issue\")]"}
COMMAND: POST /session/59389012155df3fc64e839119ed77469/element/f.8420AFDB22D113F0275E61267E529F05.d.8C5880AB2ACE0CFB59DCE20DB6BF8DB6.e.18316/click - {}
RESULT: {}
COMMAND: GET /session/59389012155df3fc64e839119ed77469/screenshot - {}
RESULT: {}
COMMAND: POST /session/59389012155df3fc64e839119ed77469/element - {"using":"css selector","value":"#shell-header-logo"}
RESULT: {"using":"css selector","value":"#shell-header-logo"}
COMMAND: POST /session/59389012155df3fc64e839119ed77469/element/f.8420AFDB22D113F0275E61267E529F05.d.8C5880AB2ACE0CFB59DCE20DB6BF8DB6.e.17410/click - {}
RESULT: {}
COMMAND: GET /session/59389012155df3fc64e839119ed77469/screenshot - {}
RESULT: {}
]]></system-out>
    </testcase>
    <testcase classname="chrome.135_0_7049_96.windows.Performance_based_billing_(work_days)_US139742" name="Should create a few performance documents" time="98.162">
      <system-out><![CDATA[
COMMAND: POST /session/59389012155df3fc64e839119ed77469/window/fullscreen - {}
RESULT: {}
COMMAND: POST /session/59389012155df3fc64e839119ed77469/execute/async - {"script":"<script> [1562 bytes]","args":[{"selector":{"controlType":"sap.m.GenericTile","properties":{"header":"Manage States & Performance"}},"wdio_ui5_key":"sapm.GenericTile{\"header\":\"Manage States & Performance\"}"}]}
RESULT: {"script":"<script> [1562 bytes]","args":[{"selector":{"controlType":"sap.m.GenericTile","properties":{"header":"Manage States & Performance"}},"wdio_ui5_key":"sapm.GenericTile{\"header\":\"Manage States & Performance\"}"}]}
RESULT: undefined
COMMAND: POST /session/59389012155df3fc64e839119ed77469/element - {"using":"xpath","value":"//*[@id=\"__tile56\"]"}
RESULT: {"using":"xpath","value":"//*[@id=\"__tile56\"]"}
COMMAND: POST /session/59389012155df3fc64e839119ed77469/element/f.8420AFDB22D113F0275E61267E529F05.d.8C5880AB2ACE0CFB59DCE20DB6BF8DB6.e.14823/click - {}
RESULT: {}
COMMAND: POST /session/59389012155df3fc64e839119ed77469/element - {"using":"xpath","value":"//div[@id=\"application-managestatesandperformance-display-component---stateAndPerform--smartFilterBarResources-btnBasicSearch\"]"}
COMMAND: GET /session/59389012155df3fc64e839119ed77469/screenshot - {}
RESULT: {"using":"xpath","value":"//div[@id=\"application-managestatesandperformance-display-component---stateAndPerform--smartFilterBarResources-btnBasicSearch\"]"}
COMMAND: POST /session/59389012155df3fc64e839119ed77469/elements - {"using":"xpath","value":"//div[@id=\"application-managestatesandperformance-display-component---stateAndPerform--smartFilterBarResources-btnBasicSearch\"]"}
RESULT: {}
RESULT: {"using":"xpath","value":"//div[@id=\"application-managestatesandperformance-display-component---stateAndPerform--smartFilterBarResources-btnBasicSearch\"]"}
COMMAND: POST /session/59389012155df3fc64e839119ed77469/element - {"using":"xpath","value":"//div[@id=\"application-managestatesandperformance-display-component---stateAndPerform--smartFilterBarResources-btnBasicSearch\"]"}
RESULT: {"using":"xpath","value":"//div[@id=\"application-managestatesandperformance-display-component---stateAndPerform--smartFilterBarResources-btnBasicSearch\"]"}
COMMAND: POST /session/59389012155df3fc64e839119ed77469/execute/sync - {"script":"<script> [8489 bytes]","args":[{"element-6066-11e4-a52e-4f735466cecf":"f.8420AFDB22D113F0275E61267E529F05.d.8C5880AB2ACE0CFB59DCE20DB6BF8DB6.e.18667","ELEMENT":"f.8420AFDB22D113F0275E61267E529F05.d.8C5880AB2ACE0CFB59DCE20DB6BF8DB6.e.18667"}]}
RESULT: {"script":"<script> [8489 bytes]","args":[{"element-6066-11e4-a52e-4f735466cecf":"f.8420AFDB22D113F0275E61267E529F05.d.8C5880AB2ACE0CFB59DCE20DB6BF8DB6.e.18667","ELEMENT":"f.8420AFDB22D113F0275E61267E529F05.d.8C5880AB2ACE0CFB59DCE20DB6BF8DB6.e.18667"}]}
COMMAND: GET /session/59389012155df3fc64e839119ed77469/element/f.8420AFDB22D113F0275E61267E529F05.d.8C5880AB2ACE0CFB59DCE20DB6BF8DB6.e.18667/enabled - {}
COMMAND: GET /session/59389012155df3fc64e839119ed77469/screenshot - {}
RESULT: {}
COMMAND: POST /session/59389012155df3fc64e839119ed77469/execute/sync - {"script":"<script> [8489 bytes]","args":[{"element-6066-11e4-a52e-4f735466cecf":"f.8420AFDB22D113F0275E61267E529F05.d.8C5880AB2ACE0CFB59DCE20DB6BF8DB6.e.18667","ELEMENT":"f.8420AFDB22D113F0275E61267E529F05.d.8C5880AB2ACE0CFB59DCE20DB6BF8DB6.e.18667"}]}
COMMAND: GET /session/59389012155df3fc64e839119ed77469/screenshot - {}
RESULT: {}
RESULT: {"script":"<script> [8489 bytes]","args":[{"element-6066-11e4-a52e-4f735466cecf":"f.8420AFDB22D113F0275E61267E529F05.d.8C5880AB2ACE0CFB59DCE20DB6BF8DB6.e.18667","ELEMENT":"f.8420AFDB22D113F0275E61267E529F05.d.8C5880AB2ACE0CFB59DCE20DB6BF8DB6.e.18667"}]}
COMMAND: POST /session/59389012155df3fc64e839119ed77469/execute/sync - {"script":"<script> [5351 bytes]","args":[{"element-6066-11e4-a52e-4f735466cecf":"f.8420AFDB22D113F0275E61267E529F05.d.8C5880AB2ACE0CFB59DCE20DB6BF8DB6.e.18667","ELEMENT":"f.8420AFDB22D113F0275E61267E529F05.d.8C5880AB2ACE0CFB59DCE20DB6BF8DB6.e.18667"}]}
COMMAND: GET /session/59389012155df3fc64e839119ed77469/screenshot - {}
RESULT: {}
RESULT: {"script":"<script> [5351 bytes]","args":[{"element-6066-11e4-a52e-4f735466cecf":"f.8420AFDB22D113F0275E61267E529F05.d.8C5880AB2ACE0CFB59DCE20DB6BF8DB6.e.18667","ELEMENT":"f.8420AFDB22D113F0275E61267E529F05.d.8C5880AB2ACE0CFB59DCE20DB6BF8DB6.e.18667"}]}
COMMAND: POST /session/59389012155df3fc64e839119ed77469/execute/async - {"script":"<script> [1562 bytes]","args":[{"selector":{"id":"application-managestatesandperformance-display-component---stateAndPerform--smartFilterBarResources-btnBasicSearch","interaction":{"idSuffix":"I"}},"wdio_ui5_key":"applicationmanagestatesandperformance-display-component---stateAndPerform--smartFilterBarResources-btnBasicSearch"}]}
COMMAND: GET /session/59389012155df3fc64e839119ed77469/screenshot - {}
RESULT: {}
RESULT: {"script":"<script> [1562 bytes]","args":[{"selector":{"id":"application-managestatesandperformance-display-component---stateAndPerform--smartFilterBarResources-btnBasicSearch","interaction":{"idSuffix":"I"}},"wdio_ui5_key":"applicationmanagestatesandperformance-display-component---stateAndPerform--smartFilterBarResources-btnBasicSearch"}]}
RESULT: undefined
COMMAND: POST /session/59389012155df3fc64e839119ed77469/execute/async - {"script":"<script> [776 bytes]","args":[{"enterText":"sxO2WiX3UO","selector":{"id":"application-managestatesandperformance-display-component---stateAndPerform--smartFilterBarResources-btnBasicSearch","interaction":{"idSuffix":"I"}},"clearTextFirst":true,"interactionType":"ENTER_TEXT"}]}
RESULT: {}
RESULT: {"script":"<script> [776 bytes]","args":[{"enterText":"sxO2WiX3UO","selector":{"id":"application-managestatesandperformance-display-component---stateAndPerform--smartFilterBarResources-btnBasicSearch","interaction":{"idSuffix":"I"}},"clearTextFirst":true,"interactionType":"ENTER_TEXT"}]}
COMMAND: POST /session/59389012155df3fc64e839119ed77469/actions - {"actions":[{"id":"action62","type":"key","parameters":{},"actions":[{"type":"keyDown","value":"î€‡"},{"type":"pause","duration":10},{"type":"keyUp","value":"î€‡"}]}]}
RESULT: {"actions":[{"id":"action62","type":"key","parameters":{},"actions":[{"type":"keyDown","value":"î€‡"},{"type":"pause","duration":10},{"type":"keyUp","value":"î€‡"}]}]}
COMMAND: GET /session/59389012155df3fc64e839119ed77469/screenshot - {}
RESULT: {}
COMMAND: POST /session/59389012155df3fc64e839119ed77469/execute/async - {"script":"<script> [1562 bytes]","args":[{"selector":{"id":"application-managestatesandperformance-display-component---stateAndPerform--stateAndPerformResourcesSmartTable-header"},"wdio_ui5_key":"applicationmanagestatesandperformance-display-component---stateAndPerform--stateAndPerformResourcesSmartTable-header"}]}
RESULT: {"script":"<script> [1562 bytes]","args":[{"selector":{"id":"application-managestatesandperformance-display-component---stateAndPerform--stateAndPerformResourcesSmartTable-header"},"wdio_ui5_key":"applicationmanagestatesandperformance-display-component---stateAndPerform--stateAndPerformResourcesSmartTable-header"}]}
RESULT: undefined
COMMAND: POST /session/59389012155df3fc64e839119ed77469/execute/async - {"script":"<script> [6424 bytes]","args":[{"element-6066-11e4-a52e-4f735466cecf":"f.8420AFDB22D113F0275E61267E529F05.d.8C5880AB2ACE0CFB59DCE20DB6BF8DB6.e.18702"},"getText",[]]}
RESULT: {"script":"<script> [6424 bytes]","args":[{"element-6066-11e4-a52e-4f735466cecf":"f.8420AFDB22D113F0275E61267E529F05.d.8C5880AB2ACE0CFB59DCE20DB6BF8DB6.e.18702"},"getText",[]]}
COMMAND: POST /session/59389012155df3fc64e839119ed77469/execute/async - {"script":"<script> [1562 bytes]","args":[{"selector":{"controlType":"sap.ui.core.Icon","viewName":"etm.portal.ui.managestatesandperformance.view.Master","viewId":"application-managestatesandperformance-display-component---stateAndPerform","properties":{"src":{"regex":{"source":"slim\\-arrow\\-right"}}}},"wdio_ui5_key":"etmportal.ui.managestatesandperformance.view.Mastersap.ui.core.Icon{\"src\":{\"regex\":{\"source\":\"slim\\\\-arrow\\\\-right\"}}}"}]}
RESULT: {"script":"<script> [1562 bytes]","args":[{"selector":{"controlType":"sap.ui.core.Icon","viewName":"etm.portal.ui.managestatesandperformance.view.Master","viewId":"application-managestatesandperformance-display-component---stateAndPerform","properties":{"src":{"regex":{"source":"slim\\-arrow\\-right"}}}},"wdio_ui5_key":"etmportal.ui.managestatesandperformance.view.Mastersap.ui.core.Icon{\"src\":{\"regex\":{\"source\":\"slim\\\\-arrow\\\\-right\"}}}"}]}
RESULT: undefined
COMMAND: POST /session/59389012155df3fc64e839119ed77469/element - {"using":"xpath","value":"//*[@id=\"__item2362-__clone4258-imgNav\"]"}
RESULT: {"using":"xpath","value":"//*[@id=\"__item2362-__clone4258-imgNav\"]"}
COMMAND: POST /session/59389012155df3fc64e839119ed77469/element/f.8420AFDB22D113F0275E61267E529F05.d.8C5880AB2ACE0CFB59DCE20DB6BF8DB6.e.18701/click - {}
RESULT: {}
COMMAND: GET /session/59389012155df3fc64e839119ed77469/screenshot - {}
RESULT: {}
COMMAND: POST /session/59389012155df3fc64e839119ed77469/execute/async - {"script":"<script> [1562 bytes]","args":[{"selector":{"controlType":"sap.m.Button","viewName":"etm.portal.ui.managestatesandperformance.view.Detail","viewId":"application-managestatesandperformance-display-component---detailStateAndPerform","properties":{"text":"Performance Documents"}},"wdio_ui5_key":"etmportal.ui.managestatesandperformance.view.Detailsap.m.Button{\"text\":\"Performance Documents\"}"}]}
RESULT: {"script":"<script> [1562 bytes]","args":[{"selector":{"controlType":"sap.m.Button","viewName":"etm.portal.ui.managestatesandperformance.view.Detail","viewId":"application-managestatesandperformance-display-component---detailStateAndPerform","properties":{"text":"Performance Documents"}},"wdio_ui5_key":"etmportal.ui.managestatesandperformance.view.Detailsap.m.Button{\"text\":\"Performance Documents\"}"}]}
RESULT: undefined
COMMAND: POST /session/59389012155df3fc64e839119ed77469/element - {"using":"xpath","value":"//*[@id=\"__item2385-button\"]"}
RESULT: {"using":"xpath","value":"//*[@id=\"__item2385-button\"]"}
COMMAND: POST /session/59389012155df3fc64e839119ed77469/element/f.8420AFDB22D113F0275E61267E529F05.d.8C5880AB2ACE0CFB59DCE20DB6BF8DB6.e.18745/click - {}
RESULT: {}
COMMAND: POST /session/59389012155df3fc64e839119ed77469/execute/async - {"script":"<script> [1562 bytes]","args":[{"selector":{"controlType":"sap.m.Button","viewName":"etm.portal.ui.managestatesandperformance.view.Detail","viewId":"application-managestatesandperformance-display-component---detailStateAndPerform","i18NText":{"propertyName":"text","key":"createPerformanceDoc"},"interaction":{"idSuffix":"BDI-content"}},"wdio_ui5_key":"etmportal.ui.managestatesandperformance.view.Detailsap.m.Button{\"propertyName\":\"text\",\"key\":\"createPerformanceDoc\"}"}]}
COMMAND: GET /session/59389012155df3fc64e839119ed77469/screenshot - {}
RESULT: {"script":"<script> [1562 bytes]","args":[{"selector":{"controlType":"sap.m.Button","viewName":"etm.portal.ui.managestatesandperformance.view.Detail","viewId":"application-managestatesandperformance-display-component---detailStateAndPerform","i18NText":{"propertyName":"text","key":"createPerformanceDoc"},"interaction":{"idSuffix":"BDI-content"}},"wdio_ui5_key":"etmportal.ui.managestatesandperformance.view.Detailsap.m.Button{\"propertyName\":\"text\",\"key\":\"createPerformanceDoc\"}"}]}
RESULT: undefined
COMMAND: POST /session/59389012155df3fc64e839119ed77469/element - {"using":"xpath","value":"//*[@id=\"__button378\"]"}
RESULT: {}
RESULT: {"using":"xpath","value":"//*[@id=\"__button378\"]"}
COMMAND: POST /session/59389012155df3fc64e839119ed77469/element/f.8420AFDB22D113F0275E61267E529F05.d.8C5880AB2ACE0CFB59DCE20DB6BF8DB6.e.18749/click - {}
RESULT: {}
COMMAND: POST /session/59389012155df3fc64e839119ed77469/execute/async - {"script":"<script> [1562 bytes]","args":[{"selector":{"id":"application-managestatesandperformance-display-component---detailStateAndPerform--perfDocDatePicker","searchOpenDialogs":true,"interaction":{"idSuffix":"inner"}},"wdio_ui5_key":"applicationmanagestatesandperformance-display-component---detailStateAndPerform--perfDocDatePicker"}]}
COMMAND: GET /session/59389012155df3fc64e839119ed77469/screenshot - {}
RESULT: {"script":"<script> [1562 bytes]","args":[{"selector":{"id":"application-managestatesandperformance-display-component---detailStateAndPerform--perfDocDatePicker","searchOpenDialogs":true,"interaction":{"idSuffix":"inner"}},"wdio_ui5_key":"applicationmanagestatesandperformance-display-component---detailStateAndPerform--perfDocDatePicker"}]}
RESULT: undefined
COMMAND: POST /session/59389012155df3fc64e839119ed77469/execute/async - {"script":"<script> [776 bytes]","args":[{"enterText":"05/03/25","selector":{"id":"application-managestatesandperformance-display-component---detailStateAndPerform--perfDocDatePicker","searchOpenDialogs":true,"interaction":{"idSuffix":"inner"}},"clearTextFirst":true,"interactionType":"ENTER_TEXT"}]}
RESULT: {}
RESULT: {"script":"<script> [776 bytes]","args":[{"enterText":"05/03/25","selector":{"id":"application-managestatesandperformance-display-component---detailStateAndPerform--perfDocDatePicker","searchOpenDialogs":true,"interaction":{"idSuffix":"inner"}},"clearTextFirst":true,"interactionType":"ENTER_TEXT"}]}
COMMAND: POST /session/59389012155df3fc64e839119ed77469/execute/async - {"script":"<script> [1562 bytes]","args":[{"selector":{"id":"application-managestatesandperformance-display-component---detailStateAndPerform--counterValue-input","searchOpenDialogs":true,"interaction":{"idSuffix":"inner"}},"wdio_ui5_key":"applicationmanagestatesandperformance-display-component---detailStateAndPerform--counterValue-input"}]}
RESULT: {"script":"<script> [1562 bytes]","args":[{"selector":{"id":"application-managestatesandperformance-display-component---detailStateAndPerform--counterValue-input","searchOpenDialogs":true,"interaction":{"idSuffix":"inner"}},"wdio_ui5_key":"applicationmanagestatesandperformance-display-component---detailStateAndPerform--counterValue-input"}]}
RESULT: undefined
COMMAND: POST /session/59389012155df3fc64e839119ed77469/execute/async - {"script":"<script> [776 bytes]","args":[{"enterText":"15.00","selector":{"id":"application-managestatesandperformance-display-component---detailStateAndPerform--counterValue-input","searchOpenDialogs":true,"interaction":{"idSuffix":"inner"}},"clearTextFirst":true,"interactionType":"ENTER_TEXT"}]}
RESULT: {"script":"<script> [776 bytes]","args":[{"enterText":"15.00","selector":{"id":"application-managestatesandperformance-display-component---detailStateAndPerform--counterValue-input","searchOpenDialogs":true,"interaction":{"idSuffix":"inner"}},"clearTextFirst":true,"interactionType":"ENTER_TEXT"}]}
COMMAND: POST /session/59389012155df3fc64e839119ed77469/execute/async - {"script":"<script> [1562 bytes]","args":[{"selector":{"controlType":"sap.m.Button","viewName":"etm.portal.ui.managestatesandperformance.view.Detail","viewId":"application-managestatesandperformance-display-component---detailStateAndPerform","bindingPath":{"path":"","propertyPath":"/allowAddEdit","modelName":"oScreenModel"},"searchOpenDialogs":true,"interaction":{"idSuffix":"BDI-content"}},"wdio_ui5_key":"etmportal.ui.managestatesandperformance.view.Detailsap.m.Button{\"path\":\"\",\"propertyPath\":\"/allowAddEdit\",\"modelName\":\"oScreenModel\"}"}]}
RESULT: {"script":"<script> [1562 bytes]","args":[{"selector":{"controlType":"sap.m.Button","viewName":"etm.portal.ui.managestatesandperformance.view.Detail","viewId":"application-managestatesandperformance-display-component---detailStateAndPerform","bindingPath":{"path":"","propertyPath":"/allowAddEdit","modelName":"oScreenModel"},"searchOpenDialogs":true,"interaction":{"idSuffix":"BDI-content"}},"wdio_ui5_key":"etmportal.ui.managestatesandperformance.view.Detailsap.m.Button{\"path\":\"\",\"propertyPath\":\"/allowAddEdit\",\"modelName\":\"oScreenModel\"}"}]}
RESULT: undefined
COMMAND: POST /session/59389012155df3fc64e839119ed77469/element - {"using":"xpath","value":"//*[@id=\"__button385\"]"}
RESULT: {"using":"xpath","value":"//*[@id=\"__button385\"]"}
COMMAND: POST /session/59389012155df3fc64e839119ed77469/element/f.8420AFDB22D113F0275E61267E529F05.d.8C5880AB2ACE0CFB59DCE20DB6BF8DB6.e.18764/click - {}
RESULT: {}
RESULT: undefined
COMMAND: POST /session/59389012155df3fc64e839119ed77469/element - {"using":"xpath","value":"//*[@id=\"__button378\"]"}
COMMAND: GET /session/59389012155df3fc64e839119ed77469/screenshot - {}
RESULT: {"using":"xpath","value":"//*[@id=\"__button378\"]"}
COMMAND: POST /session/59389012155df3fc64e839119ed77469/element/f.8420AFDB22D113F0275E61267E529F05.d.8C5880AB2ACE0CFB59DCE20DB6BF8DB6.e.18749/click - {}
RESULT: {}
RESULT: {}
RESULT: undefined
COMMAND: POST /session/59389012155df3fc64e839119ed77469/execute/async - {"script":"<script> [776 bytes]","args":[{"enterText":"05/07/25","selector":{"id":"application-managestatesandperformance-display-component---detailStateAndPerform--perfDocDatePicker","searchOpenDialogs":true,"interaction":{"idSuffix":"inner"}},"clearTextFirst":true,"interactionType":"ENTER_TEXT"}]}
COMMAND: GET /session/59389012155df3fc64e839119ed77469/screenshot - {}
RESULT: {"script":"<script> [776 bytes]","args":[{"enterText":"05/07/25","selector":{"id":"application-managestatesandperformance-display-component---detailStateAndPerform--perfDocDatePicker","searchOpenDialogs":true,"interaction":{"idSuffix":"inner"}},"clearTextFirst":true,"interactionType":"ENTER_TEXT"}]}
RESULT: undefined
COMMAND: POST /session/59389012155df3fc64e839119ed77469/execute/async - {"script":"<script> [776 bytes]","args":[{"enterText":"20.00","selector":{"id":"application-managestatesandperformance-display-component---detailStateAndPerform--counterValue-input","searchOpenDialogs":true,"interaction":{"idSuffix":"inner"}},"clearTextFirst":true,"interactionType":"ENTER_TEXT"}]}
RESULT: {}
RESULT: {"script":"<script> [776 bytes]","args":[{"enterText":"20.00","selector":{"id":"application-managestatesandperformance-display-component---detailStateAndPerform--counterValue-input","searchOpenDialogs":true,"interaction":{"idSuffix":"inner"}},"clearTextFirst":true,"interactionType":"ENTER_TEXT"}]}
COMMAND: POST /session/59389012155df3fc64e839119ed77469/actions - {"actions":[{"id":"action63","type":"key","parameters":{},"actions":[{"type":"keyDown","value":"î€„"},{"type":"keyDown","value":"î€„"},{"type":"pause","duration":10},{"type":"keyUp","value":"î€„"},{"type":"keyUp","value":"î€„"}]}]}
RESULT: {"actions":[{"id":"action63","type":"key","parameters":{},"actions":[{"type":"keyDown","value":"î€„"},{"type":"keyDown","value":"î€„"},{"type":"pause","duration":10},{"type":"keyUp","value":"î€„"},{"type":"keyUp","value":"î€„"}]}]}
COMMAND: POST /session/59389012155df3fc64e839119ed77469/actions - {"actions":[{"id":"action64","type":"key","parameters":{},"actions":[{"type":"keyDown","value":"î€‡"},{"type":"pause","duration":10},{"type":"keyUp","value":"î€‡"}]}]}
COMMAND: GET /session/59389012155df3fc64e839119ed77469/screenshot - {}
RESULT: {"actions":[{"id":"action64","type":"key","parameters":{},"actions":[{"type":"keyDown","value":"î€‡"},{"type":"pause","duration":10},{"type":"keyUp","value":"î€‡"}]}]}
RESULT: undefined
COMMAND: POST /session/59389012155df3fc64e839119ed77469/element - {"using":"xpath","value":"//*[@id=\"__button385\"]"}
COMMAND: GET /session/59389012155df3fc64e839119ed77469/screenshot - {}
RESULT: {}
RESULT: {"using":"xpath","value":"//*[@id=\"__button385\"]"}
COMMAND: POST /session/59389012155df3fc64e839119ed77469/elements - {"using":"xpath","value":"//*[@id=\"__button385\"]"}
RESULT: {}
RESULT: {"using":"xpath","value":"//*[@id=\"__button385\"]"}
COMMAND: POST /session/59389012155df3fc64e839119ed77469/elements - {"using":"xpath","value":"//*[@id=\"__button385\"]"}
RESULT: {"using":"xpath","value":"//*[@id=\"__button385\"]"}
COMMAND: POST /session/59389012155df3fc64e839119ed77469/elements - {"using":"xpath","value":"//*[@id=\"__button385\"]"}
RESULT: {"using":"xpath","value":"//*[@id=\"__button385\"]"}
COMMAND: POST /session/59389012155df3fc64e839119ed77469/elements - {"using":"xpath","value":"//*[@id=\"__button385\"]"}
RESULT: {"using":"xpath","value":"//*[@id=\"__button385\"]"}
COMMAND: POST /session/59389012155df3fc64e839119ed77469/elements - {"using":"xpath","value":"//*[@id=\"__button385\"]"}
RESULT: {"using":"xpath","value":"//*[@id=\"__button385\"]"}
COMMAND: POST /session/59389012155df3fc64e839119ed77469/elements - {"using":"xpath","value":"//*[@id=\"__button385\"]"}
RESULT: {"using":"xpath","value":"//*[@id=\"__button385\"]"}
COMMAND: POST /session/59389012155df3fc64e839119ed77469/elements - {"using":"xpath","value":"//*[@id=\"__button385\"]"}
RESULT: {"using":"xpath","value":"//*[@id=\"__button385\"]"}
COMMAND: POST /session/59389012155df3fc64e839119ed77469/elements - {"using":"xpath","value":"//*[@id=\"__button385\"]"}
RESULT: {"using":"xpath","value":"//*[@id=\"__button385\"]"}
COMMAND: POST /session/59389012155df3fc64e839119ed77469/elements - {"using":"xpath","value":"//*[@id=\"__button385\"]"}
RESULT: {"using":"xpath","value":"//*[@id=\"__button385\"]"}
COMMAND: POST /session/59389012155df3fc64e839119ed77469/elements - {"using":"xpath","value":"//*[@id=\"__button385\"]"}
RESULT: {"using":"xpath","value":"//*[@id=\"__button385\"]"}
COMMAND: POST /session/59389012155df3fc64e839119ed77469/elements - {"using":"xpath","value":"//*[@id=\"__button385\"]"}
RESULT: {"using":"xpath","value":"//*[@id=\"__button385\"]"}
COMMAND: POST /session/59389012155df3fc64e839119ed77469/elements - {"using":"xpath","value":"//*[@id=\"__button385\"]"}
RESULT: {"using":"xpath","value":"//*[@id=\"__button385\"]"}
COMMAND: POST /session/59389012155df3fc64e839119ed77469/elements - {"using":"xpath","value":"//*[@id=\"__button385\"]"}
RESULT: {"using":"xpath","value":"//*[@id=\"__button385\"]"}
COMMAND: POST /session/59389012155df3fc64e839119ed77469/elements - {"using":"xpath","value":"//*[@id=\"__button385\"]"}
RESULT: {"using":"xpath","value":"//*[@id=\"__button385\"]"}
COMMAND: POST /session/59389012155df3fc64e839119ed77469/elements - {"using":"xpath","value":"//*[@id=\"__button385\"]"}
RESULT: {"using":"xpath","value":"//*[@id=\"__button385\"]"}
COMMAND: POST /session/59389012155df3fc64e839119ed77469/elements - {"using":"xpath","value":"//*[@id=\"__button385\"]"}
RESULT: {"using":"xpath","value":"//*[@id=\"__button385\"]"}
COMMAND: POST /session/59389012155df3fc64e839119ed77469/elements - {"using":"xpath","value":"//*[@id=\"__button385\"]"}
RESULT: {"using":"xpath","value":"//*[@id=\"__button385\"]"}
COMMAND: POST /session/59389012155df3fc64e839119ed77469/elements - {"using":"xpath","value":"//*[@id=\"__button385\"]"}
RESULT: {"using":"xpath","value":"//*[@id=\"__button385\"]"}
COMMAND: POST /session/59389012155df3fc64e839119ed77469/elements - {"using":"xpath","value":"//*[@id=\"__button385\"]"}
RESULT: {"using":"xpath","value":"//*[@id=\"__button385\"]"}
COMMAND: POST /session/59389012155df3fc64e839119ed77469/elements - {"using":"xpath","value":"//*[@id=\"__button385\"]"}
RESULT: {"using":"xpath","value":"//*[@id=\"__button385\"]"}
COMMAND: POST /session/59389012155df3fc64e839119ed77469/elements - {"using":"xpath","value":"//*[@id=\"__button385\"]"}
RESULT: {"using":"xpath","value":"//*[@id=\"__button385\"]"}
COMMAND: POST /session/59389012155df3fc64e839119ed77469/elements - {"using":"xpath","value":"//*[@id=\"__button385\"]"}
RESULT: {"using":"xpath","value":"//*[@id=\"__button385\"]"}
COMMAND: POST /session/59389012155df3fc64e839119ed77469/elements - {"using":"xpath","value":"//*[@id=\"__button385\"]"}
RESULT: {"using":"xpath","value":"//*[@id=\"__button385\"]"}
COMMAND: POST /session/59389012155df3fc64e839119ed77469/elements - {"using":"xpath","value":"//*[@id=\"__button385\"]"}
RESULT: {"using":"xpath","value":"//*[@id=\"__button385\"]"}
COMMAND: POST /session/59389012155df3fc64e839119ed77469/elements - {"using":"xpath","value":"//*[@id=\"__button385\"]"}
RESULT: {"using":"xpath","value":"//*[@id=\"__button385\"]"}
COMMAND: POST /session/59389012155df3fc64e839119ed77469/elements - {"using":"xpath","value":"//*[@id=\"__button385\"]"}
RESULT: {"using":"xpath","value":"//*[@id=\"__button385\"]"}
COMMAND: POST /session/59389012155df3fc64e839119ed77469/elements - {"using":"xpath","value":"//*[@id=\"__button385\"]"}
RESULT: {"using":"xpath","value":"//*[@id=\"__button385\"]"}
COMMAND: POST /session/59389012155df3fc64e839119ed77469/elements - {"using":"xpath","value":"//*[@id=\"__button385\"]"}
RESULT: {"using":"xpath","value":"//*[@id=\"__button385\"]"}
COMMAND: POST /session/59389012155df3fc64e839119ed77469/elements - {"using":"xpath","value":"//*[@id=\"__button385\"]"}
RESULT: {"using":"xpath","value":"//*[@id=\"__button385\"]"}
COMMAND: POST /session/59389012155df3fc64e839119ed77469/elements - {"using":"xpath","value":"//*[@id=\"__button385\"]"}
RESULT: {"using":"xpath","value":"//*[@id=\"__button385\"]"}
COMMAND: POST /session/59389012155df3fc64e839119ed77469/elements - {"using":"xpath","value":"//*[@id=\"__button385\"]"}
RESULT: {"using":"xpath","value":"//*[@id=\"__button385\"]"}
COMMAND: POST /session/59389012155df3fc64e839119ed77469/elements - {"using":"xpath","value":"//*[@id=\"__button385\"]"}
RESULT: {"using":"xpath","value":"//*[@id=\"__button385\"]"}
COMMAND: POST /session/59389012155df3fc64e839119ed77469/elements - {"using":"xpath","value":"//*[@id=\"__button385\"]"}
RESULT: {"using":"xpath","value":"//*[@id=\"__button385\"]"}
COMMAND: POST /session/59389012155df3fc64e839119ed77469/elements - {"using":"xpath","value":"//*[@id=\"__button385\"]"}
RESULT: {"using":"xpath","value":"//*[@id=\"__button385\"]"}
COMMAND: POST /session/59389012155df3fc64e839119ed77469/elements - {"using":"xpath","value":"//*[@id=\"__button385\"]"}
RESULT: {"using":"xpath","value":"//*[@id=\"__button385\"]"}
COMMAND: POST /session/59389012155df3fc64e839119ed77469/elements - {"using":"xpath","value":"//*[@id=\"__button385\"]"}
RESULT: {"using":"xpath","value":"//*[@id=\"__button385\"]"}
COMMAND: POST /session/59389012155df3fc64e839119ed77469/elements - {"using":"xpath","value":"//*[@id=\"__button385\"]"}
RESULT: {"using":"xpath","value":"//*[@id=\"__button385\"]"}
COMMAND: POST /session/59389012155df3fc64e839119ed77469/elements - {"using":"xpath","value":"//*[@id=\"__button385\"]"}
RESULT: {"using":"xpath","value":"//*[@id=\"__button385\"]"}
COMMAND: POST /session/59389012155df3fc64e839119ed77469/elements - {"using":"xpath","value":"//*[@id=\"__button385\"]"}
RESULT: {"using":"xpath","value":"//*[@id=\"__button385\"]"}
COMMAND: POST /session/59389012155df3fc64e839119ed77469/elements - {"using":"xpath","value":"//*[@id=\"__button385\"]"}
RESULT: {"using":"xpath","value":"//*[@id=\"__button385\"]"}
COMMAND: POST /session/59389012155df3fc64e839119ed77469/elements - {"using":"xpath","value":"//*[@id=\"__button385\"]"}
RESULT: {"using":"xpath","value":"//*[@id=\"__button385\"]"}
COMMAND: POST /session/59389012155df3fc64e839119ed77469/elements - {"using":"xpath","value":"//*[@id=\"__button385\"]"}
RESULT: {"using":"xpath","value":"//*[@id=\"__button385\"]"}
COMMAND: POST /session/59389012155df3fc64e839119ed77469/elements - {"using":"xpath","value":"//*[@id=\"__button385\"]"}
RESULT: {"using":"xpath","value":"//*[@id=\"__button385\"]"}
COMMAND: POST /session/59389012155df3fc64e839119ed77469/elements - {"using":"xpath","value":"//*[@id=\"__button385\"]"}
RESULT: {"using":"xpath","value":"//*[@id=\"__button385\"]"}
COMMAND: POST /session/59389012155df3fc64e839119ed77469/elements - {"using":"xpath","value":"//*[@id=\"__button385\"]"}
RESULT: {"using":"xpath","value":"//*[@id=\"__button385\"]"}
COMMAND: POST /session/59389012155df3fc64e839119ed77469/elements - {"using":"xpath","value":"//*[@id=\"__button385\"]"}
RESULT: {"using":"xpath","value":"//*[@id=\"__button385\"]"}
COMMAND: POST /session/59389012155df3fc64e839119ed77469/elements - {"using":"xpath","value":"//*[@id=\"__button385\"]"}
RESULT: {"using":"xpath","value":"//*[@id=\"__button385\"]"}
COMMAND: POST /session/59389012155df3fc64e839119ed77469/elements - {"using":"xpath","value":"//*[@id=\"__button385\"]"}
RESULT: {"using":"xpath","value":"//*[@id=\"__button385\"]"}
COMMAND: POST /session/59389012155df3fc64e839119ed77469/elements - {"using":"xpath","value":"//*[@id=\"__button385\"]"}
RESULT: {"using":"xpath","value":"//*[@id=\"__button385\"]"}
COMMAND: POST /session/59389012155df3fc64e839119ed77469/elements - {"using":"xpath","value":"//*[@id=\"__button385\"]"}
RESULT: {"using":"xpath","value":"//*[@id=\"__button385\"]"}
COMMAND: POST /session/59389012155df3fc64e839119ed77469/elements - {"using":"xpath","value":"//*[@id=\"__button385\"]"}
RESULT: {"using":"xpath","value":"//*[@id=\"__button385\"]"}
COMMAND: POST /session/59389012155df3fc64e839119ed77469/elements - {"using":"xpath","value":"//*[@id=\"__button385\"]"}
RESULT: {"using":"xpath","value":"//*[@id=\"__button385\"]"}
COMMAND: POST /session/59389012155df3fc64e839119ed77469/elements - {"using":"xpath","value":"//*[@id=\"__button385\"]"}
RESULT: {"using":"xpath","value":"//*[@id=\"__button385\"]"}
COMMAND: POST /session/59389012155df3fc64e839119ed77469/elements - {"using":"xpath","value":"//*[@id=\"__button385\"]"}
RESULT: {"using":"xpath","value":"//*[@id=\"__button385\"]"}
COMMAND: POST /session/59389012155df3fc64e839119ed77469/elements - {"using":"xpath","value":"//*[@id=\"__button385\"]"}
RESULT: {"using":"xpath","value":"//*[@id=\"__button385\"]"}
COMMAND: POST /session/59389012155df3fc64e839119ed77469/elements - {"using":"xpath","value":"//*[@id=\"__button385\"]"}
RESULT: {"using":"xpath","value":"//*[@id=\"__button385\"]"}
COMMAND: POST /session/59389012155df3fc64e839119ed77469/elements - {"using":"xpath","value":"//*[@id=\"__button385\"]"}
RESULT: {"using":"xpath","value":"//*[@id=\"__button385\"]"}
COMMAND: POST /session/59389012155df3fc64e839119ed77469/elements - {"using":"xpath","value":"//*[@id=\"__button385\"]"}
RESULT: {"using":"xpath","value":"//*[@id=\"__button385\"]"}
COMMAND: POST /session/59389012155df3fc64e839119ed77469/elements - {"using":"xpath","value":"//*[@id=\"__button385\"]"}
RESULT: {"using":"xpath","value":"//*[@id=\"__button385\"]"}
COMMAND: POST /session/59389012155df3fc64e839119ed77469/elements - {"using":"xpath","value":"//*[@id=\"__button385\"]"}
RESULT: {"using":"xpath","value":"//*[@id=\"__button385\"]"}
COMMAND: POST /session/59389012155df3fc64e839119ed77469/elements - {"using":"xpath","value":"//*[@id=\"__button385\"]"}
RESULT: {"using":"xpath","value":"//*[@id=\"__button385\"]"}
COMMAND: POST /session/59389012155df3fc64e839119ed77469/elements - {"using":"xpath","value":"//*[@id=\"__button385\"]"}
RESULT: {"using":"xpath","value":"//*[@id=\"__button385\"]"}
COMMAND: POST /session/59389012155df3fc64e839119ed77469/elements - {"using":"xpath","value":"//*[@id=\"__button385\"]"}
RESULT: {"using":"xpath","value":"//*[@id=\"__button385\"]"}
COMMAND: POST /session/59389012155df3fc64e839119ed77469/elements - {"using":"xpath","value":"//*[@id=\"__button385\"]"}
RESULT: {"using":"xpath","value":"//*[@id=\"__button385\"]"}
COMMAND: POST /session/59389012155df3fc64e839119ed77469/elements - {"using":"xpath","value":"//*[@id=\"__button385\"]"}
RESULT: {"using":"xpath","value":"//*[@id=\"__button385\"]"}
COMMAND: POST /session/59389012155df3fc64e839119ed77469/elements - {"using":"xpath","value":"//*[@id=\"__button385\"]"}
RESULT: {"using":"xpath","value":"//*[@id=\"__button385\"]"}
COMMAND: POST /session/59389012155df3fc64e839119ed77469/elements - {"using":"xpath","value":"//*[@id=\"__button385\"]"}
RESULT: {"using":"xpath","value":"//*[@id=\"__button385\"]"}
COMMAND: POST /session/59389012155df3fc64e839119ed77469/elements - {"using":"xpath","value":"//*[@id=\"__button385\"]"}
RESULT: {"using":"xpath","value":"//*[@id=\"__button385\"]"}
COMMAND: POST /session/59389012155df3fc64e839119ed77469/elements - {"using":"xpath","value":"//*[@id=\"__button385\"]"}
RESULT: {"using":"xpath","value":"//*[@id=\"__button385\"]"}
COMMAND: POST /session/59389012155df3fc64e839119ed77469/elements - {"using":"xpath","value":"//*[@id=\"__button385\"]"}
RESULT: {"using":"xpath","value":"//*[@id=\"__button385\"]"}
COMMAND: POST /session/59389012155df3fc64e839119ed77469/elements - {"using":"xpath","value":"//*[@id=\"__button385\"]"}
RESULT: {"using":"xpath","value":"//*[@id=\"__button385\"]"}
COMMAND: POST /session/59389012155df3fc64e839119ed77469/elements - {"using":"xpath","value":"//*[@id=\"__button385\"]"}
RESULT: {"using":"xpath","value":"//*[@id=\"__button385\"]"}
COMMAND: POST /session/59389012155df3fc64e839119ed77469/elements - {"using":"xpath","value":"//*[@id=\"__button385\"]"}
RESULT: {"using":"xpath","value":"//*[@id=\"__button385\"]"}
COMMAND: POST /session/59389012155df3fc64e839119ed77469/elements - {"using":"xpath","value":"//*[@id=\"__button385\"]"}
RESULT: {"using":"xpath","value":"//*[@id=\"__button385\"]"}
COMMAND: POST /session/59389012155df3fc64e839119ed77469/elements - {"using":"xpath","value":"//*[@id=\"__button385\"]"}
RESULT: {"using":"xpath","value":"//*[@id=\"__button385\"]"}
COMMAND: POST /session/59389012155df3fc64e839119ed77469/elements - {"using":"xpath","value":"//*[@id=\"__button385\"]"}
RESULT: {"using":"xpath","value":"//*[@id=\"__button385\"]"}
COMMAND: POST /session/59389012155df3fc64e839119ed77469/elements - {"using":"xpath","value":"//*[@id=\"__button385\"]"}
RESULT: {"using":"xpath","value":"//*[@id=\"__button385\"]"}
COMMAND: POST /session/59389012155df3fc64e839119ed77469/elements - {"using":"xpath","value":"//*[@id=\"__button385\"]"}
RESULT: {"using":"xpath","value":"//*[@id=\"__button385\"]"}
COMMAND: POST /session/59389012155df3fc64e839119ed77469/elements - {"using":"xpath","value":"//*[@id=\"__button385\"]"}
RESULT: {"using":"xpath","value":"//*[@id=\"__button385\"]"}
COMMAND: POST /session/59389012155df3fc64e839119ed77469/elements - {"using":"xpath","value":"//*[@id=\"__button385\"]"}
RESULT: {"using":"xpath","value":"//*[@id=\"__button385\"]"}
COMMAND: POST /session/59389012155df3fc64e839119ed77469/elements - {"using":"xpath","value":"//*[@id=\"__button385\"]"}
RESULT: {"using":"xpath","value":"//*[@id=\"__button385\"]"}
COMMAND: POST /session/59389012155df3fc64e839119ed77469/elements - {"using":"xpath","value":"//*[@id=\"__button385\"]"}
RESULT: {"using":"xpath","value":"//*[@id=\"__button385\"]"}
COMMAND: POST /session/59389012155df3fc64e839119ed77469/elements - {"using":"xpath","value":"//*[@id=\"__button385\"]"}
RESULT: {"using":"xpath","value":"//*[@id=\"__button385\"]"}
COMMAND: POST /session/59389012155df3fc64e839119ed77469/elements - {"using":"xpath","value":"//*[@id=\"__button385\"]"}
RESULT: {"using":"xpath","value":"//*[@id=\"__button385\"]"}
COMMAND: POST /session/59389012155df3fc64e839119ed77469/elements - {"using":"xpath","value":"//*[@id=\"__button385\"]"}
RESULT: {"using":"xpath","value":"//*[@id=\"__button385\"]"}
COMMAND: POST /session/59389012155df3fc64e839119ed77469/elements - {"using":"xpath","value":"//*[@id=\"__button385\"]"}
RESULT: {"using":"xpath","value":"//*[@id=\"__button385\"]"}
COMMAND: POST /session/59389012155df3fc64e839119ed77469/elements - {"using":"xpath","value":"//*[@id=\"__button385\"]"}
RESULT: {"using":"xpath","value":"//*[@id=\"__button385\"]"}
COMMAND: POST /session/59389012155df3fc64e839119ed77469/elements - {"using":"xpath","value":"//*[@id=\"__button385\"]"}
RESULT: {"using":"xpath","value":"//*[@id=\"__button385\"]"}
COMMAND: POST /session/59389012155df3fc64e839119ed77469/elements - {"using":"xpath","value":"//*[@id=\"__button385\"]"}
RESULT: {"using":"xpath","value":"//*[@id=\"__button385\"]"}
COMMAND: POST /session/59389012155df3fc64e839119ed77469/elements - {"using":"xpath","value":"//*[@id=\"__button385\"]"}
RESULT: {"using":"xpath","value":"//*[@id=\"__button385\"]"}
COMMAND: POST /session/59389012155df3fc64e839119ed77469/elements - {"using":"xpath","value":"//*[@id=\"__button385\"]"}
RESULT: {"using":"xpath","value":"//*[@id=\"__button385\"]"}
COMMAND: POST /session/59389012155df3fc64e839119ed77469/elements - {"using":"xpath","value":"//*[@id=\"__button385\"]"}
RESULT: {"using":"xpath","value":"//*[@id=\"__button385\"]"}
COMMAND: POST /session/59389012155df3fc64e839119ed77469/elements - {"using":"xpath","value":"//*[@id=\"__button385\"]"}
RESULT: {"using":"xpath","value":"//*[@id=\"__button385\"]"}
COMMAND: POST /session/59389012155df3fc64e839119ed77469/elements - {"using":"xpath","value":"//*[@id=\"__button385\"]"}
RESULT: {"using":"xpath","value":"//*[@id=\"__button385\"]"}
COMMAND: POST /session/59389012155df3fc64e839119ed77469/elements - {"using":"xpath","value":"//*[@id=\"__button385\"]"}
RESULT: {"using":"xpath","value":"//*[@id=\"__button385\"]"}
COMMAND: POST /session/59389012155df3fc64e839119ed77469/elements - {"using":"xpath","value":"//*[@id=\"__button385\"]"}
RESULT: {"using":"xpath","value":"//*[@id=\"__button385\"]"}
COMMAND: POST /session/59389012155df3fc64e839119ed77469/elements - {"using":"xpath","value":"//*[@id=\"__button385\"]"}
RESULT: {"using":"xpath","value":"//*[@id=\"__button385\"]"}
COMMAND: POST /session/59389012155df3fc64e839119ed77469/elements - {"using":"xpath","value":"//*[@id=\"__button385\"]"}
RESULT: {"using":"xpath","value":"//*[@id=\"__button385\"]"}
COMMAND: POST /session/59389012155df3fc64e839119ed77469/elements - {"using":"xpath","value":"//*[@id=\"__button385\"]"}
RESULT: {"using":"xpath","value":"//*[@id=\"__button385\"]"}
COMMAND: POST /session/59389012155df3fc64e839119ed77469/elements - {"using":"xpath","value":"//*[@id=\"__button385\"]"}
RESULT: {"using":"xpath","value":"//*[@id=\"__button385\"]"}
COMMAND: POST /session/59389012155df3fc64e839119ed77469/elements - {"using":"xpath","value":"//*[@id=\"__button385\"]"}
RESULT: {"using":"xpath","value":"//*[@id=\"__button385\"]"}
COMMAND: POST /session/59389012155df3fc64e839119ed77469/elements - {"using":"xpath","value":"//*[@id=\"__button385\"]"}
RESULT: {"using":"xpath","value":"//*[@id=\"__button385\"]"}
COMMAND: POST /session/59389012155df3fc64e839119ed77469/elements - {"using":"xpath","value":"//*[@id=\"__button385\"]"}
RESULT: {"using":"xpath","value":"//*[@id=\"__button385\"]"}
COMMAND: POST /session/59389012155df3fc64e839119ed77469/elements - {"using":"xpath","value":"//*[@id=\"__button385\"]"}
RESULT: {"using":"xpath","value":"//*[@id=\"__button385\"]"}
COMMAND: POST /session/59389012155df3fc64e839119ed77469/elements - {"using":"xpath","value":"//*[@id=\"__button385\"]"}
RESULT: {"using":"xpath","value":"//*[@id=\"__button385\"]"}
COMMAND: POST /session/59389012155df3fc64e839119ed77469/elements - {"using":"xpath","value":"//*[@id=\"__button385\"]"}
RESULT: {"using":"xpath","value":"//*[@id=\"__button385\"]"}
COMMAND: POST /session/59389012155df3fc64e839119ed77469/elements - {"using":"xpath","value":"//*[@id=\"__button385\"]"}
RESULT: {"using":"xpath","value":"//*[@id=\"__button385\"]"}
COMMAND: POST /session/59389012155df3fc64e839119ed77469/elements - {"using":"xpath","value":"//*[@id=\"__button385\"]"}
RESULT: {"using":"xpath","value":"//*[@id=\"__button385\"]"}
COMMAND: POST /session/59389012155df3fc64e839119ed77469/elements - {"using":"xpath","value":"//*[@id=\"__button385\"]"}
RESULT: {"using":"xpath","value":"//*[@id=\"__button385\"]"}
COMMAND: POST /session/59389012155df3fc64e839119ed77469/elements - {"using":"xpath","value":"//*[@id=\"__button385\"]"}
RESULT: {"using":"xpath","value":"//*[@id=\"__button385\"]"}
COMMAND: POST /session/59389012155df3fc64e839119ed77469/elements - {"using":"xpath","value":"//*[@id=\"__button385\"]"}
RESULT: {"using":"xpath","value":"//*[@id=\"__button385\"]"}
COMMAND: POST /session/59389012155df3fc64e839119ed77469/elements - {"using":"xpath","value":"//*[@id=\"__button385\"]"}
RESULT: {"using":"xpath","value":"//*[@id=\"__button385\"]"}
COMMAND: POST /session/59389012155df3fc64e839119ed77469/elements - {"using":"xpath","value":"//*[@id=\"__button385\"]"}
RESULT: {"using":"xpath","value":"//*[@id=\"__button385\"]"}
COMMAND: POST /session/59389012155df3fc64e839119ed77469/elements - {"using":"xpath","value":"//*[@id=\"__button385\"]"}
RESULT: {"using":"xpath","value":"//*[@id=\"__button385\"]"}
COMMAND: POST /session/59389012155df3fc64e839119ed77469/elements - {"using":"xpath","value":"//*[@id=\"__button385\"]"}
RESULT: {"using":"xpath","value":"//*[@id=\"__button385\"]"}
COMMAND: POST /session/59389012155df3fc64e839119ed77469/elements - {"using":"xpath","value":"//*[@id=\"__button385\"]"}
RESULT: {"using":"xpath","value":"//*[@id=\"__button385\"]"}
COMMAND: POST /session/59389012155df3fc64e839119ed77469/elements - {"using":"xpath","value":"//*[@id=\"__button385\"]"}
RESULT: {"using":"xpath","value":"//*[@id=\"__button385\"]"}
COMMAND: POST /session/59389012155df3fc64e839119ed77469/elements - {"using":"xpath","value":"//*[@id=\"__button385\"]"}
RESULT: {"using":"xpath","value":"//*[@id=\"__button385\"]"}
COMMAND: POST /session/59389012155df3fc64e839119ed77469/elements - {"using":"xpath","value":"//*[@id=\"__button385\"]"}
RESULT: {"using":"xpath","value":"//*[@id=\"__button385\"]"}
COMMAND: POST /session/59389012155df3fc64e839119ed77469/elements - {"using":"xpath","value":"//*[@id=\"__button385\"]"}
RESULT: {"using":"xpath","value":"//*[@id=\"__button385\"]"}
COMMAND: POST /session/59389012155df3fc64e839119ed77469/elements - {"using":"xpath","value":"//*[@id=\"__button385\"]"}
COMMAND: POST /session/59389012155df3fc64e839119ed77469/element - {"using":"css selector","value":"#shell-header-logo"}
RESULT: {"using":"xpath","value":"//*[@id=\"__button385\"]"}
RESULT: {"using":"css selector","value":"#shell-header-logo"}
COMMAND: POST /session/59389012155df3fc64e839119ed77469/execute/sync - {"script":"<script> [8489 bytes]","args":[{"element-6066-11e4-a52e-4f735466cecf":"f.8420AFDB22D113F0275E61267E529F05.d.8C5880AB2ACE0CFB59DCE20DB6BF8DB6.e.18600","ELEMENT":"f.8420AFDB22D113F0275E61267E529F05.d.8C5880AB2ACE0CFB59DCE20DB6BF8DB6.e.18600"}]}
RESULT: {"script":"<script> [8489 bytes]","args":[{"element-6066-11e4-a52e-4f735466cecf":"f.8420AFDB22D113F0275E61267E529F05.d.8C5880AB2ACE0CFB59DCE20DB6BF8DB6.e.18600","ELEMENT":"f.8420AFDB22D113F0275E61267E529F05.d.8C5880AB2ACE0CFB59DCE20DB6BF8DB6.e.18600"}]}
COMMAND: POST /session/59389012155df3fc64e839119ed77469/execute/sync - {"script":"<script> [5351 bytes]","args":[{"element-6066-11e4-a52e-4f735466cecf":"f.8420AFDB22D113F0275E61267E529F05.d.8C5880AB2ACE0CFB59DCE20DB6BF8DB6.e.18600","ELEMENT":"f.8420AFDB22D113F0275E61267E529F05.d.8C5880AB2ACE0CFB59DCE20DB6BF8DB6.e.18600"}]}
COMMAND: GET /session/59389012155df3fc64e839119ed77469/screenshot - {}
RESULT: {"script":"<script> [5351 bytes]","args":[{"element-6066-11e4-a52e-4f735466cecf":"f.8420AFDB22D113F0275E61267E529F05.d.8C5880AB2ACE0CFB59DCE20DB6BF8DB6.e.18600","ELEMENT":"f.8420AFDB22D113F0275E61267E529F05.d.8C5880AB2ACE0CFB59DCE20DB6BF8DB6.e.18600"}]}
COMMAND: POST /session/59389012155df3fc64e839119ed77469/element/f.8420AFDB22D113F0275E61267E529F05.d.8C5880AB2ACE0CFB59DCE20DB6BF8DB6.e.18600/click - {}
COMMAND: GET /session/59389012155df3fc64e839119ed77469/screenshot - {}
RESULT: {}
RESULT: {}
COMMAND: GET /session/59389012155df3fc64e839119ed77469/screenshot - {}
]]></system-out>
    </testcase>
    <testcase classname="chrome.135_0_7049_96.windows.Performance_based_billing_(work_days)_US139742" name="Should go to Manage Billings and trigger calculation check the conditions applied" time="56.173">
      <system-out><![CDATA[
COMMAND: POST /session/59389012155df3fc64e839119ed77469/execute/async - {"script":"<script> [1562 bytes]","args":[{"selector":{"controlType":"sap.m.GenericTile","properties":{"header":"Manage Billings"}},"wdio_ui5_key":"sapm.GenericTile{\"header\":\"Manage Billings\"}"}]}
RESULT: {}
RESULT: {}
RESULT: {"script":"<script> [1562 bytes]","args":[{"selector":{"controlType":"sap.m.GenericTile","properties":{"header":"Manage Billings"}},"wdio_ui5_key":"sapm.GenericTile{\"header\":\"Manage Billings\"}"}]}
RESULT: undefined
COMMAND: POST /session/59389012155df3fc64e839119ed77469/element - {"using":"xpath","value":"//*[@id=\"__tile51\"]"}
RESULT: {"using":"xpath","value":"//*[@id=\"__tile51\"]"}
COMMAND: POST /session/59389012155df3fc64e839119ed77469/element/f.8420AFDB22D113F0275E61267E529F05.d.8C5880AB2ACE0CFB59DCE20DB6BF8DB6.e.14768/click - {}
RESULT: {}
COMMAND: GET /session/59389012155df3fc64e839119ed77469/screenshot - {}
COMMAND: POST /session/59389012155df3fc64e839119ed77469/execute/async - {"script":"<script> [1562 bytes]","args":[{"selector":{"id":"application-managebillings-display-component---billRunCalcResult--smartFilterBar-btnBasicSearch","interaction":{"idSuffix":"I"}},"wdio_ui5_key":"applicationmanagebillings-display-component---billRunCalcResult--smartFilterBar-btnBasicSearch"}]}
RESULT: {}
RESULT: {"script":"<script> [1562 bytes]","args":[{"selector":{"id":"application-managebillings-display-component---billRunCalcResult--smartFilterBar-btnBasicSearch","interaction":{"idSuffix":"I"}},"wdio_ui5_key":"applicationmanagebillings-display-component---billRunCalcResult--smartFilterBar-btnBasicSearch"}]}
RESULT: undefined
COMMAND: POST /session/59389012155df3fc64e839119ed77469/execute/async - {"script":"<script> [776 bytes]","args":[{"enterText":"10439","selector":{"id":"application-managebillings-display-component---billRunCalcResult--smartFilterBar-btnBasicSearch","interaction":{"idSuffix":"I"}},"clearTextFirst":true,"interactionType":"ENTER_TEXT"}]}
RESULT: {"script":"<script> [776 bytes]","args":[{"enterText":"10439","selector":{"id":"application-managebillings-display-component---billRunCalcResult--smartFilterBar-btnBasicSearch","interaction":{"idSuffix":"I"}},"clearTextFirst":true,"interactionType":"ENTER_TEXT"}]}
COMMAND: POST /session/59389012155df3fc64e839119ed77469/actions - {"actions":[{"id":"action65","type":"key","parameters":{},"actions":[{"type":"keyDown","value":"î€‡"},{"type":"pause","duration":10},{"type":"keyUp","value":"î€‡"}]}]}
RESULT: {"actions":[{"id":"action65","type":"key","parameters":{},"actions":[{"type":"keyDown","value":"î€‡"},{"type":"pause","duration":10},{"type":"keyUp","value":"î€‡"}]}]}
COMMAND: GET /session/59389012155df3fc64e839119ed77469/screenshot - {}
RESULT: {}
COMMAND: POST /session/59389012155df3fc64e839119ed77469/element - {"using":"xpath","value":"//td[@aria-colindex=\"1\"]/div/div[contains(@class, \"sapMCbBg\")]"}
RESULT: {"using":"xpath","value":"//td[@aria-colindex=\"1\"]/div/div[contains(@class, \"sapMCbBg\")]"}
COMMAND: POST /session/59389012155df3fc64e839119ed77469/element/f.8420AFDB22D113F0275E61267E529F05.d.8C5880AB2ACE0CFB59DCE20DB6BF8DB6.e.18996/click - {}
RESULT: {}
COMMAND: GET /session/59389012155df3fc64e839119ed77469/screenshot - {}
RESULT: {}
COMMAND: POST /session/59389012155df3fc64e839119ed77469/execute/async - {"script":"<script> [1562 bytes]","args":[{"selector":{"id":"application-managebillings-display-component---billRunCalcResult--contractBillRunDate","interaction":{"idSuffix":"inner"}},"wdio_ui5_key":"applicationmanagebillings-display-component---billRunCalcResult--contractBillRunDate"}]}
RESULT: {"script":"<script> [1562 bytes]","args":[{"selector":{"id":"application-managebillings-display-component---billRunCalcResult--contractBillRunDate","interaction":{"idSuffix":"inner"}},"wdio_ui5_key":"applicationmanagebillings-display-component---billRunCalcResult--contractBillRunDate"}]}
RESULT: undefined
COMMAND: POST /session/59389012155df3fc64e839119ed77469/execute/async - {"script":"<script> [776 bytes]","args":[{"enterText":"06/01/25","selector":{"id":"application-managebillings-display-component---billRunCalcResult--contractBillRunDate","interaction":{"idSuffix":"inner"}},"clearTextFirst":true,"interactionType":"ENTER_TEXT"}]}
RESULT: {"script":"<script> [776 bytes]","args":[{"enterText":"06/01/25","selector":{"id":"application-managebillings-display-component---billRunCalcResult--contractBillRunDate","interaction":{"idSuffix":"inner"}},"clearTextFirst":true,"interactionType":"ENTER_TEXT"}]}
COMMAND: POST /session/59389012155df3fc64e839119ed77469/element - {"using":"xpath","value":"//bdi[contains(text(), \"Trigger Calculation\")]"}
RESULT: {"using":"xpath","value":"//bdi[contains(text(), \"Trigger Calculation\")]"}
COMMAND: POST /session/59389012155df3fc64e839119ed77469/element/f.8420AFDB22D113F0275E61267E529F05.d.8C5880AB2ACE0CFB59DCE20DB6BF8DB6.e.19047/click - {}
RESULT: {}
COMMAND: GET /session/59389012155df3fc64e839119ed77469/screenshot - {}
RESULT: {}
COMMAND: POST /session/59389012155df3fc64e839119ed77469/element - {"using":"xpath","value":"(//span[contains(@id, \"imgNav\")])[1]"}
RESULT: {"using":"xpath","value":"(//span[contains(@id, \"imgNav\")])[1]"}
COMMAND: POST /session/59389012155df3fc64e839119ed77469/element/f.8420AFDB22D113F0275E61267E529F05.d.8C5880AB2ACE0CFB59DCE20DB6BF8DB6.e.18997/click - {}
RESULT: {}
COMMAND: GET /session/59389012155df3fc64e839119ed77469/screenshot - {}
RESULT: {}
COMMAND: POST /session/59389012155df3fc64e839119ed77469/element - {"using":"xpath","value":"//tr/td[6]/div[1]/span[1]/span[1]"}
RESULT: {"using":"xpath","value":"//tr/td[6]/div[1]/span[1]/span[1]"}
COMMAND: GET /session/59389012155df3fc64e839119ed77469/element/f.8420AFDB22D113F0275E61267E529F05.d.8C5880AB2ACE0CFB59DCE20DB6BF8DB6.e.19051/text - {}
RESULT: {}
COMMAND: POST /session/59389012155df3fc64e839119ed77469/element - {"using":"xpath","value":"(//span[contains(@id, \"imgNav\")])[2]"}
RESULT: {"using":"xpath","value":"(//span[contains(@id, \"imgNav\")])[2]"}
COMMAND: POST /session/59389012155df3fc64e839119ed77469/element/f.8420AFDB22D113F0275E61267E529F05.d.8C5880AB2ACE0CFB59DCE20DB6BF8DB6.e.19052/click - {}
RESULT: {}
COMMAND: POST /session/59389012155df3fc64e839119ed77469/element - {"using":"xpath","value":"//bdi[contains(text(), \"Business Confirm\")]"}
COMMAND: GET /session/59389012155df3fc64e839119ed77469/screenshot - {}
RESULT: {"using":"xpath","value":"//bdi[contains(text(), \"Business Confirm\")]"}
COMMAND: POST /session/59389012155df3fc64e839119ed77469/elements - {"using":"xpath","value":"//bdi[contains(text(), \"Business Confirm\")]"}
RESULT: {}
RESULT: {"using":"xpath","value":"//bdi[contains(text(), \"Business Confirm\")]"}
COMMAND: POST /session/59389012155df3fc64e839119ed77469/element - {"using":"xpath","value":"//bdi[contains(text(), \"Business Confirm\")]"}
RESULT: {"using":"xpath","value":"//bdi[contains(text(), \"Business Confirm\")]"}
COMMAND: POST /session/59389012155df3fc64e839119ed77469/element/f.8420AFDB22D113F0275E61267E529F05.d.8C5880AB2ACE0CFB59DCE20DB6BF8DB6.e.19091/click - {}
RESULT: {}
COMMAND: POST /session/59389012155df3fc64e839119ed77469/element - {"using":"css selector","value":"#shell-header-logo"}
COMMAND: GET /session/59389012155df3fc64e839119ed77469/screenshot - {}
RESULT: {"using":"css selector","value":"#shell-header-logo"}
COMMAND: POST /session/59389012155df3fc64e839119ed77469/element/f.8420AFDB22D113F0275E61267E529F05.d.8C5880AB2ACE0CFB59DCE20DB6BF8DB6.e.18785/click - {}
RESULT: {}
RESULT: {}
COMMAND: GET /session/59389012155df3fc64e839119ed77469/screenshot - {}
RESULT: {}
COMMAND: POST /session/59389012155df3fc64e839119ed77469/element - {"using":"css selector","value":"#j_username"}
COMMAND: POST /session/59389012155df3fc64e839119ed77469/url - {"url":"https://qa-testing-00-live-etm-ui.cfapps.eu10-004.hana.ondemand.com/"}
RESULT: {"using":"css selector","value":"#j_username"}
COMMAND: POST /session/59389012155df3fc64e839119ed77469/element - {"using":"css selector","value":"#j_username"}
RESULT: {"url":"https://qa-testing-00-live-etm-ui.cfapps.eu10-004.hana.ondemand.com/"}
RESULT: undefined
COMMAND: GET /session/59389012155df3fc64e839119ed77469/screenshot - {}
RESULT: {"using":"css selector","value":"#j_username"}
COMMAND: POST /session/59389012155df3fc64e839119ed77469/element - {"using":"css selector","value":"#shell-header-logo"}
RESULT: {}
RESULT: {"using":"css selector","value":"#shell-header-logo"}
COMMAND: POST /session/59389012155df3fc64e839119ed77469/execute/sync - {"script":"<script> [8489 bytes]","args":[{"element-6066-11e4-a52e-4f735466cecf":"f.8420AFDB22D113F0275E61267E529F05.d.76F565410A0AA6200F1E0D6D2B118827.e.19128","ELEMENT":"f.8420AFDB22D113F0275E61267E529F05.d.76F565410A0AA6200F1E0D6D2B118827.e.19128"}]}
RESULT: {"script":"<script> [8489 bytes]","args":[{"element-6066-11e4-a52e-4f735466cecf":"f.8420AFDB22D113F0275E61267E529F05.d.76F565410A0AA6200F1E0D6D2B118827.e.19128","ELEMENT":"f.8420AFDB22D113F0275E61267E529F05.d.76F565410A0AA6200F1E0D6D2B118827.e.19128"}]}
COMMAND: POST /session/59389012155df3fc64e839119ed77469/element - {"using":"css selector","value":"#shell-header-logo"}
COMMAND: GET /session/59389012155df3fc64e839119ed77469/screenshot - {}
RESULT: {"using":"css selector","value":"#shell-header-logo"}
COMMAND: POST /session/59389012155df3fc64e839119ed77469/execute/sync - {"script":"<script> [8489 bytes]","args":[{"element-6066-11e4-a52e-4f735466cecf":"f.8420AFDB22D113F0275E61267E529F05.d.76F565410A0AA6200F1E0D6D2B118827.e.19128","ELEMENT":"f.8420AFDB22D113F0275E61267E529F05.d.76F565410A0AA6200F1E0D6D2B118827.e.19128"}]}
RESULT: {}
RESULT: {"script":"<script> [8489 bytes]","args":[{"element-6066-11e4-a52e-4f735466cecf":"f.8420AFDB22D113F0275E61267E529F05.d.76F565410A0AA6200F1E0D6D2B118827.e.19128","ELEMENT":"f.8420AFDB22D113F0275E61267E529F05.d.76F565410A0AA6200F1E0D6D2B118827.e.19128"}]}
COMMAND: POST /session/59389012155df3fc64e839119ed77469/execute/sync - {"script":"<script> [5351 bytes]","args":[{"element-6066-11e4-a52e-4f735466cecf":"f.8420AFDB22D113F0275E61267E529F05.d.76F565410A0AA6200F1E0D6D2B118827.e.19128","ELEMENT":"f.8420AFDB22D113F0275E61267E529F05.d.76F565410A0AA6200F1E0D6D2B118827.e.19128"}]}
COMMAND: GET /session/59389012155df3fc64e839119ed77469/screenshot - {}
RESULT: {"script":"<script> [5351 bytes]","args":[{"element-6066-11e4-a52e-4f735466cecf":"f.8420AFDB22D113F0275E61267E529F05.d.76F565410A0AA6200F1E0D6D2B118827.e.19128","ELEMENT":"f.8420AFDB22D113F0275E61267E529F05.d.76F565410A0AA6200F1E0D6D2B118827.e.19128"}]}
COMMAND: POST /session/59389012155df3fc64e839119ed77469/element - {"using":"css selector","value":"#shell-header-logo"}
COMMAND: GET /session/59389012155df3fc64e839119ed77469/screenshot - {}
RESULT: {}
RESULT: {"using":"css selector","value":"#shell-header-logo"}
COMMAND: POST /session/59389012155df3fc64e839119ed77469/element/f.8420AFDB22D113F0275E61267E529F05.d.76F565410A0AA6200F1E0D6D2B118827.e.19128/click - {}
RESULT: {}
RESULT: {}
COMMAND: GET /session/59389012155df3fc64e839119ed77469/screenshot - {}
RESULT: {}
COMMAND: POST /session/59389012155df3fc64e839119ed77469/execute/async - {"script":"<script> [189 bytes]","args":[]}
RESULT: {"script":"<script> [189 bytes]","args":[]}
COMMAND: POST /session/59389012155df3fc64e839119ed77469/execute/async - {"script":"<script> [123 bytes]","args":[]}
RESULT: {"script":"<script> [123 bytes]","args":[]}
COMMAND: POST /session/59389012155df3fc64e839119ed77469/timeouts - {"script":"<number>"}
RESULT: {"script":"<number>"}
COMMAND: GET /session/59389012155df3fc64e839119ed77469/timeouts - {}
RESULT: {}
RESULT: undefined
COMMAND: POST /session/59389012155df3fc64e839119ed77469/execute/async - {"script":"<script> [2676 bytes]","args":[]}
RESULT: {"script":"<script> [2676 bytes]","args":[]}
COMMAND: POST /session/59389012155df3fc64e839119ed77469/execute/async - {"script":"<script> [2342 bytes]","args":[{"protocol":"http","hostname":"0.0.0.0","path":"/","capabilities":{"browserName":"chrome","goog:chromeOptions":{"binary":"C:\\Program Files\\Google\\Chrome\\Application\\chrome.exe","args":["--start-maximized"]}},"logLevel":"warn","connectionRetryTimeout":120000,"connectionRetryCount":3,"logLevels":{},"enableDirectConnect":true,"strictSSL":true,"_":"65 more keys: [\"cacheDir\",\"port\",\"requestedCapabilities\",\"automationProtocol\",\"baseUrl\",\"waitforInterval\",\"waitforTimeout\",\"onReload\",\"beforeCommand\",\"afterCommand\",\"rootDir\",\"specs\",\"suites\",\"exclude\",\"groupLogsByTestSpec\",\"excludeDriverLogs\",\"bail\",\"framework\",\"reporters\",\"services\",\"maxInstances\",\"maxInstancesPerCapability\",\"injectGlobals\",\"filesToWatch\",\"execArgv\",\"runnerEnv\",\"runner\",\"shard\",\"specFileRetries\",\"specFileRetriesDelay\",\"specFileRetriesDeferred\",\"reporterSyncInterval\",\"reporterSyncTimeout\",\"cucumberFeaturesWithLineNumbers\",\"autoCompileOpts\",\"mochaOpts\",\"jasmineOpts\",\"cucumberOpts\",\"onPrepare\",\"onWorkerStart\",\"onWorkerEnd\",\"before\",\"beforeSession\",\"beforeSuite\",\"beforeHook\",\"beforeTest\",\"afterTest\",\"afterHook\",\"afterSuite\",\"afterSession\",\"after\",\"onComplete\",\"beforeAssertion\",\"afterAssertion\",\"beforeFeature\",\"beforeScenario\",\"beforeStep\",\"afterStep\",\"afterScenario\",\"afterFeature\",\"_\",\"suite\",\"$0\",\"ignoredWorkerServices\",\"wdi5\"]"}]}
RESULT: {"script":"<script> [2342 bytes]","args":[{"protocol":"http","hostname":"0.0.0.0","path":"/","capabilities":{"browserName":"chrome","goog:chromeOptions":{"binary":"C:\\Program Files\\Google\\Chrome\\Application\\chrome.exe","args":["--start-maximized"]}},"logLevel":"warn","connectionRetryTimeout":120000,"connectionRetryCount":3,"logLevels":{},"enableDirectConnect":true,"strictSSL":true,"_":"65 more keys: [\"cacheDir\",\"port\",\"requestedCapabilities\",\"automationProtocol\",\"baseUrl\",\"waitforInterval\",\"waitforTimeout\",\"onReload\",\"beforeCommand\",\"afterCommand\",\"rootDir\",\"specs\",\"suites\",\"exclude\",\"groupLogsByTestSpec\",\"excludeDriverLogs\",\"bail\",\"framework\",\"reporters\",\"services\",\"maxInstances\",\"maxInstancesPerCapability\",\"injectGlobals\",\"filesToWatch\",\"execArgv\",\"runnerEnv\",\"runner\",\"shard\",\"specFileRetries\",\"specFileRetriesDelay\",\"specFileRetriesDeferred\",\"reporterSyncInterval\",\"reporterSyncTimeout\",\"cucumberFeaturesWithLineNumbers\",\"autoCompileOpts\",\"mochaOpts\",\"jasmineOpts\",\"cucumberOpts\",\"onPrepare\",\"onWorkerStart\",\"onWorkerEnd\",\"before\",\"beforeSession\",\"beforeSuite\",\"beforeHook\",\"beforeTest\",\"afterTest\",\"afterHook\",\"afterSuite\",\"afterSession\",\"after\",\"onComplete\",\"beforeAssertion\",\"afterAssertion\",\"beforeFeature\",\"beforeScenario\",\"beforeStep\",\"afterStep\",\"afterScenario\",\"afterFeature\",\"_\",\"suite\",\"$0\",\"ignoredWorkerServices\",\"wdi5\"]"}]}
COMMAND: POST /session/59389012155df3fc64e839119ed77469/execute/async - {"script":"<script> [21126 bytes]","args":[35000]}
RESULT: {"script":"<script> [21126 bytes]","args":[35000]}
COMMAND: POST /session/59389012155df3fc64e839119ed77469/window/maximize - {}
RESULT: {}
COMMAND: POST /session/59389012155df3fc64e839119ed77469/execute/async - {"script":"<script> [1562 bytes]","args":[{"selector":{"id":"shell-header","interaction":{"idSuffix":"icon"}},"wdio_ui5_key":"shellheader"}]}
COMMAND: GET /session/59389012155df3fc64e839119ed77469/screenshot - {}
RESULT: {"script":"<script> [1562 bytes]","args":[{"selector":{"id":"shell-header","interaction":{"idSuffix":"icon"}},"wdio_ui5_key":"shellheader"}]}
RESULT: undefined
COMMAND: POST /session/59389012155df3fc64e839119ed77469/refresh - {}
RESULT: {}
RESULT: {}
COMMAND: GET /session/59389012155df3fc64e839119ed77469/screenshot - {}
RESULT: {}
COMMAND: POST /session/59389012155df3fc64e839119ed77469/refresh - {}
RESULT: {}
COMMAND: GET /session/59389012155df3fc64e839119ed77469/screenshot - {}
RESULT: {}
COMMAND: POST /session/59389012155df3fc64e839119ed77469/window/fullscreen - {}
RESULT: {}
COMMAND: POST /session/59389012155df3fc64e839119ed77469/execute/async - {"script":"<script> [189 bytes]","args":[]}
RESULT: {"script":"<script> [189 bytes]","args":[]}
COMMAND: POST /session/59389012155df3fc64e839119ed77469/execute/async - {"script":"<script> [123 bytes]","args":[]}
RESULT: {"script":"<script> [123 bytes]","args":[]}
COMMAND: POST /session/59389012155df3fc64e839119ed77469/timeouts - {"script":"<number>"}
RESULT: {"script":"<number>"}
COMMAND: GET /session/59389012155df3fc64e839119ed77469/timeouts - {}
RESULT: {}
RESULT: undefined
COMMAND: POST /session/59389012155df3fc64e839119ed77469/execute/async - {"script":"<script> [2676 bytes]","args":[]}
RESULT: {"script":"<script> [2676 bytes]","args":[]}
COMMAND: POST /session/59389012155df3fc64e839119ed77469/execute/async - {"script":"<script> [2342 bytes]","args":[{"protocol":"http","hostname":"0.0.0.0","path":"/","capabilities":{"browserName":"chrome","goog:chromeOptions":{"binary":"C:\\Program Files\\Google\\Chrome\\Application\\chrome.exe","args":["--start-maximized"]}},"logLevel":"warn","connectionRetryTimeout":120000,"connectionRetryCount":3,"logLevels":{},"enableDirectConnect":true,"strictSSL":true,"_":"65 more keys: [\"cacheDir\",\"port\",\"requestedCapabilities\",\"automationProtocol\",\"baseUrl\",\"waitforInterval\",\"waitforTimeout\",\"onReload\",\"beforeCommand\",\"afterCommand\",\"rootDir\",\"specs\",\"suites\",\"exclude\",\"groupLogsByTestSpec\",\"excludeDriverLogs\",\"bail\",\"framework\",\"reporters\",\"services\",\"maxInstances\",\"maxInstancesPerCapability\",\"injectGlobals\",\"filesToWatch\",\"execArgv\",\"runnerEnv\",\"runner\",\"shard\",\"specFileRetries\",\"specFileRetriesDelay\",\"specFileRetriesDeferred\",\"reporterSyncInterval\",\"reporterSyncTimeout\",\"cucumberFeaturesWithLineNumbers\",\"autoCompileOpts\",\"mochaOpts\",\"jasmineOpts\",\"cucumberOpts\",\"onPrepare\",\"onWorkerStart\",\"onWorkerEnd\",\"before\",\"beforeSession\",\"beforeSuite\",\"beforeHook\",\"beforeTest\",\"afterTest\",\"afterHook\",\"afterSuite\",\"afterSession\",\"after\",\"onComplete\",\"beforeAssertion\",\"afterAssertion\",\"beforeFeature\",\"beforeScenario\",\"beforeStep\",\"afterStep\",\"afterScenario\",\"afterFeature\",\"_\",\"suite\",\"$0\",\"ignoredWorkerServices\",\"wdi5\"]"}]}
RESULT: {"script":"<script> [2342 bytes]","args":[{"protocol":"http","hostname":"0.0.0.0","path":"/","capabilities":{"browserName":"chrome","goog:chromeOptions":{"binary":"C:\\Program Files\\Google\\Chrome\\Application\\chrome.exe","args":["--start-maximized"]}},"logLevel":"warn","connectionRetryTimeout":120000,"connectionRetryCount":3,"logLevels":{},"enableDirectConnect":true,"strictSSL":true,"_":"65 more keys: [\"cacheDir\",\"port\",\"requestedCapabilities\",\"automationProtocol\",\"baseUrl\",\"waitforInterval\",\"waitforTimeout\",\"onReload\",\"beforeCommand\",\"afterCommand\",\"rootDir\",\"specs\",\"suites\",\"exclude\",\"groupLogsByTestSpec\",\"excludeDriverLogs\",\"bail\",\"framework\",\"reporters\",\"services\",\"maxInstances\",\"maxInstancesPerCapability\",\"injectGlobals\",\"filesToWatch\",\"execArgv\",\"runnerEnv\",\"runner\",\"shard\",\"specFileRetries\",\"specFileRetriesDelay\",\"specFileRetriesDeferred\",\"reporterSyncInterval\",\"reporterSyncTimeout\",\"cucumberFeaturesWithLineNumbers\",\"autoCompileOpts\",\"mochaOpts\",\"jasmineOpts\",\"cucumberOpts\",\"onPrepare\",\"onWorkerStart\",\"onWorkerEnd\",\"before\",\"beforeSession\",\"beforeSuite\",\"beforeHook\",\"beforeTest\",\"afterTest\",\"afterHook\",\"afterSuite\",\"afterSession\",\"after\",\"onComplete\",\"beforeAssertion\",\"afterAssertion\",\"beforeFeature\",\"beforeScenario\",\"beforeStep\",\"afterStep\",\"afterScenario\",\"afterFeature\",\"_\",\"suite\",\"$0\",\"ignoredWorkerServices\",\"wdi5\"]"}]}
COMMAND: POST /session/59389012155df3fc64e839119ed77469/execute/async - {"script":"<script> [21126 bytes]","args":[35000]}
RESULT: {"script":"<script> [21126 bytes]","args":[35000]}
]]></system-out>
    </testcase>
  </testsuite>
  <testsuite timestamp="2025-05-01T17:54:59" time="1286.394" tests="20" failures="4" errors="4" skipped="0">
    <properties>
      <property name="specId" value="0" />
      <property name="suiteName" value="Billing Calculation - Time based (considering transport times) US139738" />
      <property name="capabilities" value="chrome.135_0_7049_96.windows" />
      <property name="file" value="file:///D:/a/1/s/test/specs/BTS/billing-calculation-transp-times.spec.js" />
    </properties>
    <testcase classname="chrome.135_0_7049_96.windows.Billing_Calculation_-_Time_based_(considering_transport_times)_US139738" name="Should create a new yard" time="0.01">
      <system-out><![CDATA[
COMMAND: POST /session/59389012155df3fc64e839119ed77469/window/fullscreen - {}
RESULT: {}
]]></system-out>
    </testcase>
    <testcase classname="chrome.135_0_7049_96.windows.Billing_Calculation_-_Time_based_(considering_transport_times)_US139738" name="Should create a new partner" time="0.003" />
    <testcase classname="chrome.135_0_7049_96.windows.Billing_Calculation_-_Time_based_(considering_transport_times)_US139738" name="Should create a new site" time="0.003" />
    <testcase classname="chrome.135_0_7049_96.windows.Billing_Calculation_-_Time_based_(considering_transport_times)_US139738" name="Should create the equipment" time="119.428">
      <system-out><![CDATA[
COMMAND: POST /session/59389012155df3fc64e839119ed77469/execute/async - {"script":"<script> [1562 bytes]","args":[{"selector":{"controlType":"sap.m.GenericTile","properties":{"header":"Manage Resources"}},"wdio_ui5_key":"sapm.GenericTile{\"header\":\"Manage Resources\"}"}]}
RESULT: {"script":"<script> [1562 bytes]","args":[{"selector":{"controlType":"sap.m.GenericTile","properties":{"header":"Manage Resources"}},"wdio_ui5_key":"sapm.GenericTile{\"header\":\"Manage Resources\"}"}]}
RESULT: undefined
COMMAND: POST /session/59389012155df3fc64e839119ed77469/element - {"using":"xpath","value":"//*[@id=\"__tile39\"]"}
RESULT: {"using":"xpath","value":"//*[@id=\"__tile39\"]"}
COMMAND: POST /session/59389012155df3fc64e839119ed77469/element/f.8420AFDB22D113F0275E61267E529F05.d.7BFD8387602B35D274B8AD339D374646.e.19277/click - {}
RESULT: {}
COMMAND: POST /session/59389012155df3fc64e839119ed77469/element - {"using":"xpath","value":"//button[@data-kt=\"addNewRUOverflowToolbarButton\"]"}
COMMAND: GET /session/59389012155df3fc64e839119ed77469/screenshot - {}
RESULT: {"using":"xpath","value":"//button[@data-kt=\"addNewRUOverflowToolbarButton\"]"}
COMMAND: POST /session/59389012155df3fc64e839119ed77469/elements - {"using":"xpath","value":"//button[@data-kt=\"addNewRUOverflowToolbarButton\"]"}
RESULT: {}
RESULT: {"using":"xpath","value":"//button[@data-kt=\"addNewRUOverflowToolbarButton\"]"}
COMMAND: POST /session/59389012155df3fc64e839119ed77469/elements - {"using":"xpath","value":"//button[@data-kt=\"addNewRUOverflowToolbarButton\"]"}
RESULT: {"using":"xpath","value":"//button[@data-kt=\"addNewRUOverflowToolbarButton\"]"}
COMMAND: POST /session/59389012155df3fc64e839119ed77469/elements - {"using":"xpath","value":"//button[@data-kt=\"addNewRUOverflowToolbarButton\"]"}
RESULT: {"using":"xpath","value":"//button[@data-kt=\"addNewRUOverflowToolbarButton\"]"}
COMMAND: POST /session/59389012155df3fc64e839119ed77469/elements - {"using":"xpath","value":"//button[@data-kt=\"addNewRUOverflowToolbarButton\"]"}
RESULT: {"using":"xpath","value":"//button[@data-kt=\"addNewRUOverflowToolbarButton\"]"}
COMMAND: POST /session/59389012155df3fc64e839119ed77469/elements - {"using":"xpath","value":"//button[@data-kt=\"addNewRUOverflowToolbarButton\"]"}
RESULT: {"using":"xpath","value":"//button[@data-kt=\"addNewRUOverflowToolbarButton\"]"}
COMMAND: POST /session/59389012155df3fc64e839119ed77469/elements - {"using":"xpath","value":"//button[@data-kt=\"addNewRUOverflowToolbarButton\"]"}
RESULT: {"using":"xpath","value":"//button[@data-kt=\"addNewRUOverflowToolbarButton\"]"}
COMMAND: POST /session/59389012155df3fc64e839119ed77469/elements - {"using":"xpath","value":"//button[@data-kt=\"addNewRUOverflowToolbarButton\"]"}
RESULT: {"using":"xpath","value":"//button[@data-kt=\"addNewRUOverflowToolbarButton\"]"}
COMMAND: POST /session/59389012155df3fc64e839119ed77469/elements - {"using":"xpath","value":"//button[@data-kt=\"addNewRUOverflowToolbarButton\"]"}
RESULT: {"using":"xpath","value":"//button[@data-kt=\"addNewRUOverflowToolbarButton\"]"}
COMMAND: POST /session/59389012155df3fc64e839119ed77469/elements - {"using":"xpath","value":"//button[@data-kt=\"addNewRUOverflowToolbarButton\"]"}
RESULT: {"using":"xpath","value":"//button[@data-kt=\"addNewRUOverflowToolbarButton\"]"}
COMMAND: POST /session/59389012155df3fc64e839119ed77469/elements - {"using":"xpath","value":"//button[@data-kt=\"addNewRUOverflowToolbarButton\"]"}
RESULT: {"using":"xpath","value":"//button[@data-kt=\"addNewRUOverflowToolbarButton\"]"}
COMMAND: POST /session/59389012155df3fc64e839119ed77469/elements - {"using":"xpath","value":"//button[@data-kt=\"addNewRUOverflowToolbarButton\"]"}
RESULT: {"using":"xpath","value":"//button[@data-kt=\"addNewRUOverflowToolbarButton\"]"}
COMMAND: POST /session/59389012155df3fc64e839119ed77469/elements - {"using":"xpath","value":"//button[@data-kt=\"addNewRUOverflowToolbarButton\"]"}
RESULT: {"using":"xpath","value":"//button[@data-kt=\"addNewRUOverflowToolbarButton\"]"}
COMMAND: POST /session/59389012155df3fc64e839119ed77469/elements - {"using":"xpath","value":"//button[@data-kt=\"addNewRUOverflowToolbarButton\"]"}
RESULT: {"using":"xpath","value":"//button[@data-kt=\"addNewRUOverflowToolbarButton\"]"}
COMMAND: POST /session/59389012155df3fc64e839119ed77469/elements - {"using":"xpath","value":"//button[@data-kt=\"addNewRUOverflowToolbarButton\"]"}
RESULT: {"using":"xpath","value":"//button[@data-kt=\"addNewRUOverflowToolbarButton\"]"}
COMMAND: POST /session/59389012155df3fc64e839119ed77469/elements - {"using":"xpath","value":"//button[@data-kt=\"addNewRUOverflowToolbarButton\"]"}
RESULT: {"using":"xpath","value":"//button[@data-kt=\"addNewRUOverflowToolbarButton\"]"}
COMMAND: POST /session/59389012155df3fc64e839119ed77469/elements - {"using":"xpath","value":"//button[@data-kt=\"addNewRUOverflowToolbarButton\"]"}
RESULT: {"using":"xpath","value":"//button[@data-kt=\"addNewRUOverflowToolbarButton\"]"}
COMMAND: POST /session/59389012155df3fc64e839119ed77469/elements - {"using":"xpath","value":"//button[@data-kt=\"addNewRUOverflowToolbarButton\"]"}
RESULT: {"using":"xpath","value":"//button[@data-kt=\"addNewRUOverflowToolbarButton\"]"}
COMMAND: POST /session/59389012155df3fc64e839119ed77469/elements - {"using":"xpath","value":"//button[@data-kt=\"addNewRUOverflowToolbarButton\"]"}
RESULT: {"using":"xpath","value":"//button[@data-kt=\"addNewRUOverflowToolbarButton\"]"}
COMMAND: POST /session/59389012155df3fc64e839119ed77469/elements - {"using":"xpath","value":"//button[@data-kt=\"addNewRUOverflowToolbarButton\"]"}
RESULT: {"using":"xpath","value":"//button[@data-kt=\"addNewRUOverflowToolbarButton\"]"}
COMMAND: POST /session/59389012155df3fc64e839119ed77469/elements - {"using":"xpath","value":"//button[@data-kt=\"addNewRUOverflowToolbarButton\"]"}
RESULT: {"using":"xpath","value":"//button[@data-kt=\"addNewRUOverflowToolbarButton\"]"}
COMMAND: POST /session/59389012155df3fc64e839119ed77469/element - {"using":"xpath","value":"//button[@data-kt=\"addNewRUOverflowToolbarButton\"]"}
RESULT: {"using":"xpath","value":"//button[@data-kt=\"addNewRUOverflowToolbarButton\"]"}
COMMAND: POST /session/59389012155df3fc64e839119ed77469/execute/sync - {"script":"<script> [8489 bytes]","args":[{"element-6066-11e4-a52e-4f735466cecf":"f.8420AFDB22D113F0275E61267E529F05.d.7BFD8387602B35D274B8AD339D374646.e.19416","ELEMENT":"f.8420AFDB22D113F0275E61267E529F05.d.7BFD8387602B35D274B8AD339D374646.e.19416"}]}
RESULT: {"script":"<script> [8489 bytes]","args":[{"element-6066-11e4-a52e-4f735466cecf":"f.8420AFDB22D113F0275E61267E529F05.d.7BFD8387602B35D274B8AD339D374646.e.19416","ELEMENT":"f.8420AFDB22D113F0275E61267E529F05.d.7BFD8387602B35D274B8AD339D374646.e.19416"}]}
COMMAND: GET /session/59389012155df3fc64e839119ed77469/element/f.8420AFDB22D113F0275E61267E529F05.d.7BFD8387602B35D274B8AD339D374646.e.19416/enabled - {}
COMMAND: GET /session/59389012155df3fc64e839119ed77469/screenshot - {}
RESULT: {}
COMMAND: POST /session/59389012155df3fc64e839119ed77469/execute/sync - {"script":"<script> [8489 bytes]","args":[{"element-6066-11e4-a52e-4f735466cecf":"f.8420AFDB22D113F0275E61267E529F05.d.7BFD8387602B35D274B8AD339D374646.e.19416","ELEMENT":"f.8420AFDB22D113F0275E61267E529F05.d.7BFD8387602B35D274B8AD339D374646.e.19416"}]}
COMMAND: GET /session/59389012155df3fc64e839119ed77469/screenshot - {}
RESULT: {}
RESULT: {"script":"<script> [8489 bytes]","args":[{"element-6066-11e4-a52e-4f735466cecf":"f.8420AFDB22D113F0275E61267E529F05.d.7BFD8387602B35D274B8AD339D374646.e.19416","ELEMENT":"f.8420AFDB22D113F0275E61267E529F05.d.7BFD8387602B35D274B8AD339D374646.e.19416"}]}
COMMAND: POST /session/59389012155df3fc64e839119ed77469/execute/sync - {"script":"<script> [5351 bytes]","args":[{"element-6066-11e4-a52e-4f735466cecf":"f.8420AFDB22D113F0275E61267E529F05.d.7BFD8387602B35D274B8AD339D374646.e.19416","ELEMENT":"f.8420AFDB22D113F0275E61267E529F05.d.7BFD8387602B35D274B8AD339D374646.e.19416"}]}
COMMAND: GET /session/59389012155df3fc64e839119ed77469/screenshot - {}
RESULT: {}
RESULT: {"script":"<script> [5351 bytes]","args":[{"element-6066-11e4-a52e-4f735466cecf":"f.8420AFDB22D113F0275E61267E529F05.d.7BFD8387602B35D274B8AD339D374646.e.19416","ELEMENT":"f.8420AFDB22D113F0275E61267E529F05.d.7BFD8387602B35D274B8AD339D374646.e.19416"}]}
COMMAND: POST /session/59389012155df3fc64e839119ed77469/element/f.8420AFDB22D113F0275E61267E529F05.d.7BFD8387602B35D274B8AD339D374646.e.19416/click - {}
COMMAND: GET /session/59389012155df3fc64e839119ed77469/screenshot - {}
RESULT: {}
RESULT: {}
COMMAND: GET /session/59389012155df3fc64e839119ed77469/screenshot - {}
RESULT: {}
RESULT: {}
COMMAND: POST /session/59389012155df3fc64e839119ed77469/execute/async - {"script":"<script> [1562 bytes]","args":[{"selector":{"id":"application-manageresources-display-component---newResourceUnit--TYPE-arrow"},"wdio_ui5_key":"applicationmanageresources-display-component---newResourceUnit--TYPE-arrow"}]}
RESULT: {"script":"<script> [1562 bytes]","args":[{"selector":{"id":"application-manageresources-display-component---newResourceUnit--TYPE-arrow"},"wdio_ui5_key":"applicationmanageresources-display-component---newResourceUnit--TYPE-arrow"}]}
RESULT: undefined
COMMAND: POST /session/59389012155df3fc64e839119ed77469/element - {"using":"xpath","value":"//*[@id=\"application-manageresources-display-component---newResourceUnit--TYPE-arrow\"]"}
RESULT: {"using":"xpath","value":"//*[@id=\"application-manageresources-display-component---newResourceUnit--TYPE-arrow\"]"}
COMMAND: POST /session/59389012155df3fc64e839119ed77469/element/f.8420AFDB22D113F0275E61267E529F05.d.7BFD8387602B35D274B8AD339D374646.e.19781/click - {}
RESULT: {}
COMMAND: POST /session/59389012155df3fc64e839119ed77469/element - {"using":"xpath","value":"//input[@id=\"application-manageresources-display-component---newResourceUnit--TYPE-inner\"]"}
COMMAND: GET /session/59389012155df3fc64e839119ed77469/screenshot - {}
RESULT: {"using":"xpath","value":"//input[@id=\"application-manageresources-display-component---newResourceUnit--TYPE-inner\"]"}
COMMAND: POST /session/59389012155df3fc64e839119ed77469/element/f.8420AFDB22D113F0275E61267E529F05.d.7BFD8387602B35D274B8AD339D374646.e.19768/clear - {}
RESULT: {}
RESULT: {}
COMMAND: POST /session/59389012155df3fc64e839119ed77469/element/f.8420AFDB22D113F0275E61267E529F05.d.7BFD8387602B35D274B8AD339D374646.e.19768/value - {"text":"Equipment"}
COMMAND: GET /session/59389012155df3fc64e839119ed77469/screenshot - {}
RESULT: {"text":"Equipment"}
COMMAND: GET /session/59389012155df3fc64e839119ed77469/screenshot - {}
RESULT: {}
RESULT: {}
COMMAND: POST /session/59389012155df3fc64e839119ed77469/actions - {"actions":[{"id":"action66","type":"key","parameters":{},"actions":[{"type":"keyDown","value":"î€‡"},{"type":"pause","duration":10},{"type":"keyUp","value":"î€‡"}]}]}
RESULT: {"actions":[{"id":"action66","type":"key","parameters":{},"actions":[{"type":"keyDown","value":"î€‡"},{"type":"pause","duration":10},{"type":"keyUp","value":"î€‡"}]}]}
COMMAND: POST /session/59389012155df3fc64e839119ed77469/execute/async - {"script":"<script> [1562 bytes]","args":[{"selector":{"id":"application-manageresources-display-component---newResourceUnit--resourceId","interaction":{"idSuffix":"inner"}},"wdio_ui5_key":"applicationmanageresources-display-component---newResourceUnit--resourceId"}]}
COMMAND: GET /session/59389012155df3fc64e839119ed77469/screenshot - {}
RESULT: {"script":"<script> [1562 bytes]","args":[{"selector":{"id":"application-manageresources-display-component---newResourceUnit--resourceId","interaction":{"idSuffix":"inner"}},"wdio_ui5_key":"applicationmanageresources-display-component---newResourceUnit--resourceId"}]}
RESULT: undefined
COMMAND: POST /session/59389012155df3fc64e839119ed77469/execute/async - {"script":"<script> [776 bytes]","args":[{"enterText":"iVhWB3vITt","selector":{"id":"application-manageresources-display-component---newResourceUnit--resourceId","interaction":{"idSuffix":"inner"}},"clearTextFirst":true,"interactionType":"ENTER_TEXT"}]}
RESULT: {}
RESULT: {"script":"<script> [776 bytes]","args":[{"enterText":"iVhWB3vITt","selector":{"id":"application-manageresources-display-component---newResourceUnit--resourceId","interaction":{"idSuffix":"inner"}},"clearTextFirst":true,"interactionType":"ENTER_TEXT"}]}
COMMAND: POST /session/59389012155df3fc64e839119ed77469/execute/async - {"script":"<script> [1562 bytes]","args":[{"selector":{"id":"application-manageresources-display-component---newResourceUnit--SHORT_TEXT","interaction":{"idSuffix":"inner"}},"wdio_ui5_key":"applicationmanageresources-display-component---newResourceUnit--SHORT_TEXT"}]}
RESULT: {"script":"<script> [1562 bytes]","args":[{"selector":{"id":"application-manageresources-display-component---newResourceUnit--SHORT_TEXT","interaction":{"idSuffix":"inner"}},"wdio_ui5_key":"applicationmanageresources-display-component---newResourceUnit--SHORT_TEXT"}]}
RESULT: undefined
COMMAND: POST /session/59389012155df3fc64e839119ed77469/execute/async - {"script":"<script> [776 bytes]","args":[{"enterText":"Intercompany Equipment WDIO","selector":{"id":"application-manageresources-display-component---newResourceUnit--SHORT_TEXT","interaction":{"idSuffix":"inner"}},"clearTextFirst":true,"interactionType":"ENTER_TEXT"}]}
RESULT: {"script":"<script> [776 bytes]","args":[{"enterText":"Intercompany Equipment WDIO","selector":{"id":"application-manageresources-display-component---newResourceUnit--SHORT_TEXT","interaction":{"idSuffix":"inner"}},"clearTextFirst":true,"interactionType":"ENTER_TEXT"}]}
COMMAND: POST /session/59389012155df3fc64e839119ed77469/execute/async - {"script":"<script> [1562 bytes]","args":[{"selector":{"id":"application-manageresources-display-component---newResourceUnit--BASE_UNIT_OF_MEASURE","interaction":{"idSuffix":"inner"}},"wdio_ui5_key":"applicationmanageresources-display-component---newResourceUnit--BASE_UNIT_OF_MEASURE"}]}
RESULT: {"script":"<script> [1562 bytes]","args":[{"selector":{"id":"application-manageresources-display-component---newResourceUnit--BASE_UNIT_OF_MEASURE","interaction":{"idSuffix":"inner"}},"wdio_ui5_key":"applicationmanageresources-display-component---newResourceUnit--BASE_UNIT_OF_MEASURE"}]}
RESULT: undefined
COMMAND: POST /session/59389012155df3fc64e839119ed77469/execute/async - {"script":"<script> [776 bytes]","args":[{"enterText":"Piece","selector":{"id":"application-manageresources-display-component---newResourceUnit--BASE_UNIT_OF_MEASURE","interaction":{"idSuffix":"inner"}},"clearTextFirst":true,"interactionType":"ENTER_TEXT"}]}
RESULT: {"script":"<script> [776 bytes]","args":[{"enterText":"Piece","selector":{"id":"application-manageresources-display-component---newResourceUnit--BASE_UNIT_OF_MEASURE","interaction":{"idSuffix":"inner"}},"clearTextFirst":true,"interactionType":"ENTER_TEXT"}]}
COMMAND: POST /session/59389012155df3fc64e839119ed77469/execute/async - {"script":"<script> [1562 bytes]","args":[{"selector":{"id":"application-manageresources-display-component---newResourceUnit--WEIGHT_UNIT","interaction":{"idSuffix":"inner"}},"wdio_ui5_key":"applicationmanageresources-display-component---newResourceUnit--WEIGHT_UNIT"}]}
RESULT: {"script":"<script> [1562 bytes]","args":[{"selector":{"id":"application-manageresources-display-component---newResourceUnit--WEIGHT_UNIT","interaction":{"idSuffix":"inner"}},"wdio_ui5_key":"applicationmanageresources-display-component---newResourceUnit--WEIGHT_UNIT"}]}
RESULT: undefined
COMMAND: POST /session/59389012155df3fc64e839119ed77469/execute/async - {"script":"<script> [776 bytes]","args":[{"enterText":"Gram","selector":{"id":"application-manageresources-display-component---newResourceUnit--WEIGHT_UNIT","interaction":{"idSuffix":"inner"}},"clearTextFirst":true,"interactionType":"ENTER_TEXT"}]}
RESULT: {"script":"<script> [776 bytes]","args":[{"enterText":"Gram","selector":{"id":"application-manageresources-display-component---newResourceUnit--WEIGHT_UNIT","interaction":{"idSuffix":"inner"}},"clearTextFirst":true,"interactionType":"ENTER_TEXT"}]}
COMMAND: POST /session/59389012155df3fc64e839119ed77469/execute/async - {"script":"<script> [1562 bytes]","args":[{"selector":{"id":"application-manageresources-display-component---newResourceUnit--DIMENSION_UNIT","interaction":{"idSuffix":"inner"}},"wdio_ui5_key":"applicationmanageresources-display-component---newResourceUnit--DIMENSION_UNIT"}]}
RESULT: {"script":"<script> [1562 bytes]","args":[{"selector":{"id":"application-manageresources-display-component---newResourceUnit--DIMENSION_UNIT","interaction":{"idSuffix":"inner"}},"wdio_ui5_key":"applicationmanageresources-display-component---newResourceUnit--DIMENSION_UNIT"}]}
RESULT: undefined
COMMAND: POST /session/59389012155df3fc64e839119ed77469/execute/async - {"script":"<script> [776 bytes]","args":[{"enterText":"Meter","selector":{"id":"application-manageresources-display-component---newResourceUnit--DIMENSION_UNIT","interaction":{"idSuffix":"inner"}},"clearTextFirst":true,"interactionType":"ENTER_TEXT"}]}
RESULT: {"script":"<script> [776 bytes]","args":[{"enterText":"Meter","selector":{"id":"application-manageresources-display-component---newResourceUnit--DIMENSION_UNIT","interaction":{"idSuffix":"inner"}},"clearTextFirst":true,"interactionType":"ENTER_TEXT"}]}
COMMAND: POST /session/59389012155df3fc64e839119ed77469/execute/async - {"script":"<script> [1562 bytes]","args":[{"selector":{"id":"application-manageresources-display-component---newResourceUnit--newRRUPage-anchBar-application-manageresources-display-component---newResourceUnit--control-anchor","interaction":{"idSuffix":"BDI-content"}},"wdio_ui5_key":"applicationmanageresources-display-component---newResourceUnit--newRRUPage-anchBar-application-manageresources-display-component---newResourceUnit--control-anchor"}]}
RESULT: {"script":"<script> [1562 bytes]","args":[{"selector":{"id":"application-manageresources-display-component---newResourceUnit--newRRUPage-anchBar-application-manageresources-display-component---newResourceUnit--control-anchor","interaction":{"idSuffix":"BDI-content"}},"wdio_ui5_key":"applicationmanageresources-display-component---newResourceUnit--newRRUPage-anchBar-application-manageresources-display-component---newResourceUnit--control-anchor"}]}
RESULT: undefined
COMMAND: POST /session/59389012155df3fc64e839119ed77469/element - {"using":"xpath","value":"//*[@id=\"application-manageresources-display-component---newResourceUnit--newRRUPage-anchBar-application-manageresources-display-component---newResourceUnit--control-anchor\"]"}
RESULT: {"using":"xpath","value":"//*[@id=\"application-manageresources-display-component---newResourceUnit--newRRUPage-anchBar-application-manageresources-display-component---newResourceUnit--control-anchor\"]"}
COMMAND: POST /session/59389012155df3fc64e839119ed77469/element/f.8420AFDB22D113F0275E61267E529F05.d.7BFD8387602B35D274B8AD339D374646.e.19915/click - {}
RESULT: {}
COMMAND: POST /session/59389012155df3fc64e839119ed77469/execute/async - {"script":"<script> [1562 bytes]","args":[{"selector":{"id":"application-manageresources-display-component---newResourceUnit--PLANNING_GROUP","interaction":{"idSuffix":"inner"}},"wdio_ui5_key":"applicationmanageresources-display-component---newResourceUnit--PLANNING_GROUP"}]}
COMMAND: GET /session/59389012155df3fc64e839119ed77469/screenshot - {}
RESULT: {"script":"<script> [1562 bytes]","args":[{"selector":{"id":"application-manageresources-display-component---newResourceUnit--PLANNING_GROUP","interaction":{"idSuffix":"inner"}},"wdio_ui5_key":"applicationmanageresources-display-component---newResourceUnit--PLANNING_GROUP"}]}
RESULT: undefined
COMMAND: POST /session/59389012155df3fc64e839119ed77469/execute/async - {"script":"<script> [776 bytes]","args":[{"enterText":"Heavy Equi","selector":{"id":"application-manageresources-display-component---newResourceUnit--PLANNING_GROUP","interaction":{"idSuffix":"inner"}},"clearTextFirst":true,"interactionType":"ENTER_TEXT"}]}
RESULT: {}
RESULT: {"script":"<script> [776 bytes]","args":[{"enterText":"Heavy Equi","selector":{"id":"application-manageresources-display-component---newResourceUnit--PLANNING_GROUP","interaction":{"idSuffix":"inner"}},"clearTextFirst":true,"interactionType":"ENTER_TEXT"}]}
COMMAND: POST /session/59389012155df3fc64e839119ed77469/execute/async - {"script":"<script> [1562 bytes]","args":[{"selector":{"id":"application-manageresources-display-component---newResourceUnit--ITEM_TYPE-arrow"},"wdio_ui5_key":"applicationmanageresources-display-component---newResourceUnit--ITEM_TYPE-arrow"}]}
RESULT: {"script":"<script> [1562 bytes]","args":[{"selector":{"id":"application-manageresources-display-component---newResourceUnit--ITEM_TYPE-arrow"},"wdio_ui5_key":"applicationmanageresources-display-component---newResourceUnit--ITEM_TYPE-arrow"}]}
RESULT: undefined
COMMAND: POST /session/59389012155df3fc64e839119ed77469/element - {"using":"xpath","value":"//*[@id=\"application-manageresources-display-component---newResourceUnit--ITEM_TYPE-arrow\"]"}
RESULT: {"using":"xpath","value":"//*[@id=\"application-manageresources-display-component---newResourceUnit--ITEM_TYPE-arrow\"]"}
COMMAND: POST /session/59389012155df3fc64e839119ed77469/element/f.8420AFDB22D113F0275E61267E529F05.d.7BFD8387602B35D274B8AD339D374646.e.19924/click - {}
RESULT: {}
COMMAND: POST /session/59389012155df3fc64e839119ed77469/element - {"using":"xpath","value":"(//span[contains(text(), \"Resource Unit\")])[2]"}
COMMAND: GET /session/59389012155df3fc64e839119ed77469/screenshot - {}
RESULT: {"using":"xpath","value":"(//span[contains(text(), \"Resource Unit\")])[2]"}
COMMAND: POST /session/59389012155df3fc64e839119ed77469/element/f.8420AFDB22D113F0275E61267E529F05.d.7BFD8387602B35D274B8AD339D374646.e.19925/click - {}
RESULT: {}
RESULT: {}
COMMAND: GET /session/59389012155df3fc64e839119ed77469/screenshot - {}
RESULT: {}
COMMAND: POST /session/59389012155df3fc64e839119ed77469/element - {"using":"css selector","value":"#application-manageresources-display-component---newResourceUnit--btnAddTimeSegment"}
RESULT: {"using":"css selector","value":"#application-manageresources-display-component---newResourceUnit--btnAddTimeSegment"}
COMMAND: GET /session/59389012155df3fc64e839119ed77469/element/f.8420AFDB22D113F0275E61267E529F05.d.7BFD8387602B35D274B8AD339D374646.e.19926/rect - {}
RESULT: {}
COMMAND: GET /session/59389012155df3fc64e839119ed77469/window/rect - {}
RESULT: {}
COMMAND: POST /session/59389012155df3fc64e839119ed77469/execute/sync - {"script":"<script> [92 bytes]","args":[]}
RESULT: {"script":"<script> [92 bytes]","args":[]}
COMMAND: POST /session/59389012155df3fc64e839119ed77469/actions - {"actions":[{"id":"action67","type":"wheel","parameters":{},"actions":[{"type":"scroll","x":-1888,"y":-32,"deltaX":0,"deltaY":0,"duration":0,"origin":{"element-6066-11e4-a52e-4f735466cecf":"f.8420AFDB22D113F0275E61267E529F05.d.7BFD8387602B35D274B8AD339D374646.e.19926"}}]}]}
COMMAND: GET /session/59389012155df3fc64e839119ed77469/screenshot - {}
RESULT: {}
COMMAND: POST /session/59389012155df3fc64e839119ed77469/execute/sync - {"script":"<script> [79 bytes]","args":[{"element-6066-11e4-a52e-4f735466cecf":"f.8420AFDB22D113F0275E61267E529F05.d.7BFD8387602B35D274B8AD339D374646.e.19926","ELEMENT":"f.8420AFDB22D113F0275E61267E529F05.d.7BFD8387602B35D274B8AD339D374646.e.19926"},{"block":"start","inline":"nearest"}]}
RESULT: {"script":"<script> [79 bytes]","args":[{"element-6066-11e4-a52e-4f735466cecf":"f.8420AFDB22D113F0275E61267E529F05.d.7BFD8387602B35D274B8AD339D374646.e.19926","ELEMENT":"f.8420AFDB22D113F0275E61267E529F05.d.7BFD8387602B35D274B8AD339D374646.e.19926"},{"block":"start","inline":"nearest"}]}
COMMAND: POST /session/59389012155df3fc64e839119ed77469/execute/async - {"script":"<script> [1562 bytes]","args":[{"selector":{"id":"application-manageresources-display-component---newResourceUnit--btnAddTimeSegment","interaction":{"idSuffix":"inner"}},"wdio_ui5_key":"applicationmanageresources-display-component---newResourceUnit--btnAddTimeSegment"}]}
COMMAND: GET /session/59389012155df3fc64e839119ed77469/screenshot - {}
RESULT: {"script":"<script> [1562 bytes]","args":[{"selector":{"id":"application-manageresources-display-component---newResourceUnit--btnAddTimeSegment","interaction":{"idSuffix":"inner"}},"wdio_ui5_key":"applicationmanageresources-display-component---newResourceUnit--btnAddTimeSegment"}]}
RESULT: undefined
COMMAND: POST /session/59389012155df3fc64e839119ed77469/element - {"using":"xpath","value":"//*[@id=\"application-manageresources-display-component---newResourceUnit--btnAddTimeSegment\"]"}
RESULT: {}
RESULT: {"using":"xpath","value":"//*[@id=\"application-manageresources-display-component---newResourceUnit--btnAddTimeSegment\"]"}
COMMAND: POST /session/59389012155df3fc64e839119ed77469/element/f.8420AFDB22D113F0275E61267E529F05.d.7BFD8387602B35D274B8AD339D374646.e.19926/click - {}
RESULT: {}
COMMAND: GET /session/59389012155df3fc64e839119ed77469/screenshot - {}
RESULT: {}
COMMAND: POST /session/59389012155df3fc64e839119ed77469/element - {"using":"xpath","value":"//input[@id=\"application-manageresources-display-component---newResourceUnit--idRuTSAdmin-application-manageresources-display-component---newResourceUnit--RUTimeSegment-0-inner\"]"}
RESULT: {"using":"xpath","value":"//input[@id=\"application-manageresources-display-component---newResourceUnit--idRuTSAdmin-application-manageresources-display-component---newResourceUnit--RUTimeSegment-0-inner\"]"}
COMMAND: POST /session/59389012155df3fc64e839119ed77469/element/f.8420AFDB22D113F0275E61267E529F05.d.7BFD8387602B35D274B8AD339D374646.e.19932/clear - {}
RESULT: {}
COMMAND: POST /session/59389012155df3fc64e839119ed77469/element/f.8420AFDB22D113F0275E61267E529F05.d.7BFD8387602B35D274B8AD339D374646.e.19932/value - {"text":"485"}
COMMAND: GET /session/59389012155df3fc64e839119ed77469/screenshot - {}
RESULT: {"text":"485"}
COMMAND: GET /session/59389012155df3fc64e839119ed77469/screenshot - {}
RESULT: {}
RESULT: {}
COMMAND: POST /session/59389012155df3fc64e839119ed77469/element - {"using":"xpath","value":"//li[.//span[text()='485']]"}
RESULT: {"using":"xpath","value":"//li[.//span[text()='485']]"}
COMMAND: POST /session/59389012155df3fc64e839119ed77469/element/f.8420AFDB22D113F0275E61267E529F05.d.7BFD8387602B35D274B8AD339D374646.e.19944/click - {}
RESULT: {}
COMMAND: GET /session/59389012155df3fc64e839119ed77469/screenshot - {}
RESULT: {}
COMMAND: POST /session/59389012155df3fc64e839119ed77469/element - {"using":"xpath","value":"(//span[contains(@id, \"-application-manageresources-display-component---newResourceUnit--RUTimeSegment-0-arrow\")])[6]"}
RESULT: {"using":"xpath","value":"(//span[contains(@id, \"-application-manageresources-display-component---newResourceUnit--RUTimeSegment-0-arrow\")])[6]"}
COMMAND: POST /session/59389012155df3fc64e839119ed77469/element/f.8420AFDB22D113F0275E61267E529F05.d.7BFD8387602B35D274B8AD339D374646.e.19945/click - {}
RESULT: {}
COMMAND: GET /session/59389012155df3fc64e839119ed77469/screenshot - {}
RESULT: {}
COMMAND: POST /session/59389012155df3fc64e839119ed77469/element - {"using":"xpath","value":"//span[contains(text(), \"PM Order\")]"}
RESULT: {"using":"xpath","value":"//span[contains(text(), \"PM Order\")]"}
COMMAND: POST /session/59389012155df3fc64e839119ed77469/element/f.8420AFDB22D113F0275E61267E529F05.d.7BFD8387602B35D274B8AD339D374646.e.19948/click - {}
RESULT: {}
COMMAND: GET /session/59389012155df3fc64e839119ed77469/screenshot - {}
RESULT: {}
COMMAND: POST /session/59389012155df3fc64e839119ed77469/element - {"using":"xpath","value":"(//span[contains(@id ,\"manageresources-display-component---newResourceUnit--RUTimeSegment-0-vhi\")])[1]"}
RESULT: {"using":"xpath","value":"(//span[contains(@id ,\"manageresources-display-component---newResourceUnit--RUTimeSegment-0-vhi\")])[1]"}
COMMAND: GET /session/59389012155df3fc64e839119ed77469/element/f.8420AFDB22D113F0275E61267E529F05.d.7BFD8387602B35D274B8AD339D374646.e.19952/rect - {}
RESULT: {}
COMMAND: GET /session/59389012155df3fc64e839119ed77469/window/rect - {}
RESULT: {}
COMMAND: POST /session/59389012155df3fc64e839119ed77469/execute/sync - {"script":"<script> [92 bytes]","args":[]}
RESULT: {"script":"<script> [92 bytes]","args":[]}
COMMAND: POST /session/59389012155df3fc64e839119ed77469/actions - {"actions":[{"id":"action68","type":"wheel","parameters":{},"actions":[{"type":"scroll","x":-869,"y":-24,"deltaX":0,"deltaY":0,"duration":0,"origin":{"element-6066-11e4-a52e-4f735466cecf":"f.8420AFDB22D113F0275E61267E529F05.d.7BFD8387602B35D274B8AD339D374646.e.19952"}}]}]}
COMMAND: GET /session/59389012155df3fc64e839119ed77469/screenshot - {}
RESULT: {"actions":[{"id":"action68","type":"wheel","parameters":{},"actions":[{"type":"scroll","x":-869,"y":-24,"deltaX":0,"deltaY":0,"duration":0,"origin":{"element-6066-11e4-a52e-4f735466cecf":"f.8420AFDB22D113F0275E61267E529F05.d.7BFD8387602B35D274B8AD339D374646.e.19952"}}]}]}
COMMAND: DELETE /session/59389012155df3fc64e839119ed77469/actions - {}
COMMAND: GET /session/59389012155df3fc64e839119ed77469/screenshot - {}
RESULT: {}
RESULT: {}
COMMAND: GET /session/59389012155df3fc64e839119ed77469/screenshot - {}
RESULT: {}
RESULT: {}
COMMAND: POST /session/59389012155df3fc64e839119ed77469/element/f.8420AFDB22D113F0275E61267E529F05.d.7BFD8387602B35D274B8AD339D374646.e.19952/click - {}
RESULT: {}
COMMAND: GET /session/59389012155df3fc64e839119ed77469/screenshot - {}
RESULT: {}
COMMAND: POST /session/59389012155df3fc64e839119ed77469/execute/async - {"script":"<script> [1562 bytes]","args":[{"selector":{"controlType":"sap.m.SearchField","properties":{"placeholder":"Search"},"searchOpenDialogs":true,"interaction":{"idSuffix":"I"}},"wdio_ui5_key":"sapm.SearchField{\"placeholder\":\"Search\"}"}]}
RESULT: {"script":"<script> [1562 bytes]","args":[{"selector":{"controlType":"sap.m.SearchField","properties":{"placeholder":"Search"},"searchOpenDialogs":true,"interaction":{"idSuffix":"I"}},"wdio_ui5_key":"sapm.SearchField{\"placeholder\":\"Search\"}"}]}
RESULT: undefined
COMMAND: POST /session/59389012155df3fc64e839119ed77469/execute/async - {"script":"<script> [776 bytes]","args":[{"enterText":"4000360","selector":{"controlType":"sap.m.SearchField","properties":{"placeholder":"Search"},"searchOpenDialogs":true,"interaction":{"idSuffix":"I"}},"clearTextFirst":true,"interactionType":"ENTER_TEXT"}]}
RESULT: {"script":"<script> [776 bytes]","args":[{"enterText":"4000360","selector":{"controlType":"sap.m.SearchField","properties":{"placeholder":"Search"},"searchOpenDialogs":true,"interaction":{"idSuffix":"I"}},"clearTextFirst":true,"interactionType":"ENTER_TEXT"}]}
COMMAND: POST /session/59389012155df3fc64e839119ed77469/actions - {"actions":[{"id":"action69","type":"key","parameters":{},"actions":[{"type":"keyDown","value":"î€‡"},{"type":"pause","duration":10},{"type":"keyUp","value":"î€‡"}]}]}
RESULT: {"actions":[{"id":"action69","type":"key","parameters":{},"actions":[{"type":"keyDown","value":"î€‡"},{"type":"pause","duration":10},{"type":"keyUp","value":"î€‡"}]}]}
COMMAND: GET /session/59389012155df3fc64e839119ed77469/screenshot - {}
RESULT: {}
COMMAND: POST /session/59389012155df3fc64e839119ed77469/element - {"using":"xpath","value":"//td/div/span[contains(text(), \"BGL Vehicles\")]"}
RESULT: {"using":"xpath","value":"//td/div/span[contains(text(), \"BGL Vehicles\")]"}
COMMAND: POST /session/59389012155df3fc64e839119ed77469/element/f.8420AFDB22D113F0275E61267E529F05.d.7BFD8387602B35D274B8AD339D374646.e.19973/click - {}
RESULT: {}
COMMAND: GET /session/59389012155df3fc64e839119ed77469/screenshot - {}
RESULT: {}
COMMAND: POST /session/59389012155df3fc64e839119ed77469/element - {"using":"xpath","value":"//bdi[contains(text(), \"OK\")]"}
RESULT: {"using":"xpath","value":"//bdi[contains(text(), \"OK\")]"}
COMMAND: POST /session/59389012155df3fc64e839119ed77469/element/f.8420AFDB22D113F0275E61267E529F05.d.7BFD8387602B35D274B8AD339D374646.e.19974/click - {}
RESULT: {}
COMMAND: GET /session/59389012155df3fc64e839119ed77469/screenshot - {}
RESULT: {}
COMMAND: POST /session/59389012155df3fc64e839119ed77469/execute/async - {"script":"<script> [1562 bytes]","args":[{"selector":{"id":"application-manageresources-display-component---newResourceUnit--newRRUPage-anchBar-application-manageresources-display-component---newResourceUnit--resource-anchor","interaction":{"idSuffix":"BDI-content"}},"wdio_ui5_key":"applicationmanageresources-display-component---newResourceUnit--newRRUPage-anchBar-application-manageresources-display-component---newResourceUnit--resource-anchor"}]}
RESULT: {"script":"<script> [1562 bytes]","args":[{"selector":{"id":"application-manageresources-display-component---newResourceUnit--newRRUPage-anchBar-application-manageresources-display-component---newResourceUnit--resource-anchor","interaction":{"idSuffix":"BDI-content"}},"wdio_ui5_key":"applicationmanageresources-display-component---newResourceUnit--newRRUPage-anchBar-application-manageresources-display-component---newResourceUnit--resource-anchor"}]}
RESULT: undefined
COMMAND: POST /session/59389012155df3fc64e839119ed77469/element - {"using":"xpath","value":"//*[@id=\"application-manageresources-display-component---newResourceUnit--newRRUPage-anchBar-application-manageresources-display-component---newResourceUnit--resource-anchor\"]"}
RESULT: {"using":"xpath","value":"//*[@id=\"application-manageresources-display-component---newResourceUnit--newRRUPage-anchBar-application-manageresources-display-component---newResourceUnit--resource-anchor\"]"}
COMMAND: POST /session/59389012155df3fc64e839119ed77469/element/f.8420AFDB22D113F0275E61267E529F05.d.7BFD8387602B35D274B8AD339D374646.e.19978/click - {}
RESULT: {}
COMMAND: POST /session/59389012155df3fc64e839119ed77469/execute/async - {"script":"<script> [1562 bytes]","args":[{"selector":{"id":"application-manageresources-display-component---newResourceUnit--PLANNED_DELIVERY_DATE","interaction":{"idSuffix":"inner"}},"wdio_ui5_key":"applicationmanageresources-display-component---newResourceUnit--PLANNED_DELIVERY_DATE"}]}
COMMAND: GET /session/59389012155df3fc64e839119ed77469/screenshot - {}
RESULT: {"script":"<script> [1562 bytes]","args":[{"selector":{"id":"application-manageresources-display-component---newResourceUnit--PLANNED_DELIVERY_DATE","interaction":{"idSuffix":"inner"}},"wdio_ui5_key":"applicationmanageresources-display-component---newResourceUnit--PLANNED_DELIVERY_DATE"}]}
RESULT: undefined
COMMAND: POST /session/59389012155df3fc64e839119ed77469/execute/async - {"script":"<script> [6424 bytes]","args":[{"element-6066-11e4-a52e-4f735466cecf":"f.8420AFDB22D113F0275E61267E529F05.d.7BFD8387602B35D274B8AD339D374646.e.19838"},"setValue",["5/1/25"]]}
RESULT: {}
RESULT: {"script":"<script> [6424 bytes]","args":[{"element-6066-11e4-a52e-4f735466cecf":"f.8420AFDB22D113F0275E61267E529F05.d.7BFD8387602B35D274B8AD339D374646.e.19838"},"setValue",["5/1/25"]]}
COMMAND: POST /session/59389012155df3fc64e839119ed77469/element - {"using":"xpath","value":"//button[@data-kt=\"resourceUnitSaveButton\"]"}
RESULT: {"using":"xpath","value":"//button[@data-kt=\"resourceUnitSaveButton\"]"}
COMMAND: POST /session/59389012155df3fc64e839119ed77469/element/f.8420AFDB22D113F0275E61267E529F05.d.7BFD8387602B35D274B8AD339D374646.e.19798/click - {}
RESULT: {}
COMMAND: GET /session/59389012155df3fc64e839119ed77469/screenshot - {}
RESULT: {}
COMMAND: POST /session/59389012155df3fc64e839119ed77469/element - {"using":"xpath","value":"//bdi[contains(text(), \"Close\")]"}
RESULT: {"using":"xpath","value":"//bdi[contains(text(), \"Close\")]"}
COMMAND: POST /session/59389012155df3fc64e839119ed77469/element/f.8420AFDB22D113F0275E61267E529F05.d.7BFD8387602B35D274B8AD339D374646.e.19989/click - {}
RESULT: {}
COMMAND: GET /session/59389012155df3fc64e839119ed77469/screenshot - {}
RESULT: {}
COMMAND: POST /session/59389012155df3fc64e839119ed77469/element - {"using":"xpath","value":"(//button[contains(@id ,\"actionsToolbar-overflowButton\")])[1]"}
RESULT: {"using":"xpath","value":"(//button[contains(@id ,\"actionsToolbar-overflowButton\")])[1]"}
COMMAND: POST /session/59389012155df3fc64e839119ed77469/element/f.8420AFDB22D113F0275E61267E529F05.d.7BFD8387602B35D274B8AD339D374646.e.20042/click - {}
RESULT: {}
COMMAND: GET /session/59389012155df3fc64e839119ed77469/screenshot - {}
RESULT: {}
COMMAND: POST /session/59389012155df3fc64e839119ed77469/element - {"using":"xpath","value":"//button[@data-kt=\"priceInfoButton\"]"}
RESULT: {"using":"xpath","value":"//button[@data-kt=\"priceInfoButton\"]"}
COMMAND: POST /session/59389012155df3fc64e839119ed77469/element/f.8420AFDB22D113F0275E61267E529F05.d.7BFD8387602B35D274B8AD339D374646.e.20044/click - {}
RESULT: {}
COMMAND: GET /session/59389012155df3fc64e839119ed77469/screenshot - {}
RESULT: {}
]]></system-out>
    </testcase>
    <testcase classname="chrome.135_0_7049_96.windows.Billing_Calculation_-_Time_based_(considering_transport_times)_US139738" name="Should create new pricing rule for the equipment" time="54.967">
      <system-out><![CDATA[
COMMAND: POST /session/59389012155df3fc64e839119ed77469/element - {"using":"xpath","value":"//button[@data-kt=\"addButton\"]"}
RESULT: {"using":"xpath","value":"//button[@data-kt=\"addButton\"]"}
COMMAND: POST /session/59389012155df3fc64e839119ed77469/elements - {"using":"xpath","value":"//button[@data-kt=\"addButton\"]"}
RESULT: {"using":"xpath","value":"//button[@data-kt=\"addButton\"]"}
COMMAND: POST /session/59389012155df3fc64e839119ed77469/elements - {"using":"xpath","value":"//button[@data-kt=\"addButton\"]"}
RESULT: {"using":"xpath","value":"//button[@data-kt=\"addButton\"]"}
COMMAND: POST /session/59389012155df3fc64e839119ed77469/element - {"using":"xpath","value":"//button[@data-kt=\"addButton\"]"}
RESULT: {"using":"xpath","value":"//button[@data-kt=\"addButton\"]"}
COMMAND: POST /session/59389012155df3fc64e839119ed77469/execute/sync - {"script":"<script> [8489 bytes]","args":[{"element-6066-11e4-a52e-4f735466cecf":"f.8420AFDB22D113F0275E61267E529F05.d.7BFD8387602B35D274B8AD339D374646.e.20081","ELEMENT":"f.8420AFDB22D113F0275E61267E529F05.d.7BFD8387602B35D274B8AD339D374646.e.20081"}]}
RESULT: {"script":"<script> [8489 bytes]","args":[{"element-6066-11e4-a52e-4f735466cecf":"f.8420AFDB22D113F0275E61267E529F05.d.7BFD8387602B35D274B8AD339D374646.e.20081","ELEMENT":"f.8420AFDB22D113F0275E61267E529F05.d.7BFD8387602B35D274B8AD339D374646.e.20081"}]}
COMMAND: GET /session/59389012155df3fc64e839119ed77469/element/f.8420AFDB22D113F0275E61267E529F05.d.7BFD8387602B35D274B8AD339D374646.e.20081/enabled - {}
COMMAND: GET /session/59389012155df3fc64e839119ed77469/screenshot - {}
RESULT: {}
COMMAND: POST /session/59389012155df3fc64e839119ed77469/execute/sync - {"script":"<script> [8489 bytes]","args":[{"element-6066-11e4-a52e-4f735466cecf":"f.8420AFDB22D113F0275E61267E529F05.d.7BFD8387602B35D274B8AD339D374646.e.20081","ELEMENT":"f.8420AFDB22D113F0275E61267E529F05.d.7BFD8387602B35D274B8AD339D374646.e.20081"}]}
COMMAND: GET /session/59389012155df3fc64e839119ed77469/screenshot - {}
RESULT: {}
RESULT: {"script":"<script> [8489 bytes]","args":[{"element-6066-11e4-a52e-4f735466cecf":"f.8420AFDB22D113F0275E61267E529F05.d.7BFD8387602B35D274B8AD339D374646.e.20081","ELEMENT":"f.8420AFDB22D113F0275E61267E529F05.d.7BFD8387602B35D274B8AD339D374646.e.20081"}]}
COMMAND: POST /session/59389012155df3fc64e839119ed77469/execute/sync - {"script":"<script> [5351 bytes]","args":[{"element-6066-11e4-a52e-4f735466cecf":"f.8420AFDB22D113F0275E61267E529F05.d.7BFD8387602B35D274B8AD339D374646.e.20081","ELEMENT":"f.8420AFDB22D113F0275E61267E529F05.d.7BFD8387602B35D274B8AD339D374646.e.20081"}]}
COMMAND: GET /session/59389012155df3fc64e839119ed77469/screenshot - {}
RESULT: {}
RESULT: {"script":"<script> [5351 bytes]","args":[{"element-6066-11e4-a52e-4f735466cecf":"f.8420AFDB22D113F0275E61267E529F05.d.7BFD8387602B35D274B8AD339D374646.e.20081","ELEMENT":"f.8420AFDB22D113F0275E61267E529F05.d.7BFD8387602B35D274B8AD339D374646.e.20081"}]}
COMMAND: POST /session/59389012155df3fc64e839119ed77469/element/f.8420AFDB22D113F0275E61267E529F05.d.7BFD8387602B35D274B8AD339D374646.e.20081/click - {}
COMMAND: GET /session/59389012155df3fc64e839119ed77469/screenshot - {}
RESULT: {}
RESULT: {}
COMMAND: GET /session/59389012155df3fc64e839119ed77469/screenshot - {}
RESULT: {}
RESULT: {}
COMMAND: POST /session/59389012155df3fc64e839119ed77469/execute/async - {"script":"<script> [1562 bytes]","args":[{"selector":{"controlType":"sap.m.Title","viewName":"etm.portal.ui.managepricingrules.view.NewItem","viewId":"application-managepricingrules-display-component---newInfoPriceItem","properties":{"text":"New Pricing Rules - Item Level"}},"wdio_ui5_key":"etmportal.ui.managepricingrules.view.NewItemsap.m.Title{\"text\":\"New Pricing Rules - Item Level\"}"}]}
RESULT: {"script":"<script> [1562 bytes]","args":[{"selector":{"controlType":"sap.m.Title","viewName":"etm.portal.ui.managepricingrules.view.NewItem","viewId":"application-managepricingrules-display-component---newInfoPriceItem","properties":{"text":"New Pricing Rules - Item Level"}},"wdio_ui5_key":"etmportal.ui.managepricingrules.view.NewItemsap.m.Title{\"text\":\"New Pricing Rules - Item Level\"}"}]}
RESULT: undefined
COMMAND: POST /session/59389012155df3fc64e839119ed77469/execute/async - {"script":"<script> [6424 bytes]","args":[{"element-6066-11e4-a52e-4f735466cecf":"f.8420AFDB22D113F0275E61267E529F05.d.7BFD8387602B35D274B8AD339D374646.e.20251"},"getText",[]]}
RESULT: {"script":"<script> [6424 bytes]","args":[{"element-6066-11e4-a52e-4f735466cecf":"f.8420AFDB22D113F0275E61267E529F05.d.7BFD8387602B35D274B8AD339D374646.e.20251"},"getText",[]]}
COMMAND: POST /session/59389012155df3fc64e839119ed77469/execute/async - {"script":"<script> [1562 bytes]","args":[{"selector":{"id":"application-managepricingrules-display-component---newInfoPriceItem--condValidTo","interaction":{"idSuffix":"inner"}},"wdio_ui5_key":"applicationmanagepricingrules-display-component---newInfoPriceItem--condValidTo"}]}
RESULT: {"script":"<script> [1562 bytes]","args":[{"selector":{"id":"application-managepricingrules-display-component---newInfoPriceItem--condValidTo","interaction":{"idSuffix":"inner"}},"wdio_ui5_key":"applicationmanagepricingrules-display-component---newInfoPriceItem--condValidTo"}]}
RESULT: undefined
COMMAND: POST /session/59389012155df3fc64e839119ed77469/execute/async - {"script":"<script> [776 bytes]","args":[{"enterText":"01/01/26","selector":{"id":"application-managepricingrules-display-component---newInfoPriceItem--condValidTo","interaction":{"idSuffix":"inner"}},"clearTextFirst":true,"interactionType":"ENTER_TEXT"}]}
RESULT: {"script":"<script> [776 bytes]","args":[{"enterText":"01/01/26","selector":{"id":"application-managepricingrules-display-component---newInfoPriceItem--condValidTo","interaction":{"idSuffix":"inner"}},"clearTextFirst":true,"interactionType":"ENTER_TEXT"}]}
COMMAND: POST /session/59389012155df3fc64e839119ed77469/execute/async - {"script":"<script> [1562 bytes]","args":[{"selector":{"id":"application-managepricingrules-display-component---newInfoPriceItem--billType-arrow"},"wdio_ui5_key":"applicationmanagepricingrules-display-component---newInfoPriceItem--billType-arrow"}]}
RESULT: {"script":"<script> [1562 bytes]","args":[{"selector":{"id":"application-managepricingrules-display-component---newInfoPriceItem--billType-arrow"},"wdio_ui5_key":"applicationmanagepricingrules-display-component---newInfoPriceItem--billType-arrow"}]}
RESULT: undefined
COMMAND: POST /session/59389012155df3fc64e839119ed77469/element - {"using":"xpath","value":"//*[@id=\"application-managepricingrules-display-component---newInfoPriceItem--billType-arrow\"]"}
RESULT: {"using":"xpath","value":"//*[@id=\"application-managepricingrules-display-component---newInfoPriceItem--billType-arrow\"]"}
COMMAND: POST /session/59389012155df3fc64e839119ed77469/element/f.8420AFDB22D113F0275E61267E529F05.d.7BFD8387602B35D274B8AD339D374646.e.20211/click - {}
RESULT: {}
COMMAND: POST /session/59389012155df3fc64e839119ed77469/element - {"using":"xpath","value":"//span[contains(text(), \"TB - Time based\")]"}
COMMAND: GET /session/59389012155df3fc64e839119ed77469/screenshot - {}
RESULT: {"using":"xpath","value":"//span[contains(text(), \"TB - Time based\")]"}
COMMAND: POST /session/59389012155df3fc64e839119ed77469/element/f.8420AFDB22D113F0275E61267E529F05.d.7BFD8387602B35D274B8AD339D374646.e.20253/click - {}
RESULT: {}
RESULT: {}
COMMAND: POST /session/59389012155df3fc64e839119ed77469/execute/async - {"script":"<script> [1562 bytes]","args":[{"selector":{"id":"application-managepricingrules-display-component---newInfoPriceItem--priceProc-arrow"},"wdio_ui5_key":"applicationmanagepricingrules-display-component---newInfoPriceItem--priceProc-arrow"}]}
COMMAND: GET /session/59389012155df3fc64e839119ed77469/screenshot - {}
RESULT: {"script":"<script> [1562 bytes]","args":[{"selector":{"id":"application-managepricingrules-display-component---newInfoPriceItem--priceProc-arrow"},"wdio_ui5_key":"applicationmanagepricingrules-display-component---newInfoPriceItem--priceProc-arrow"}]}
RESULT: undefined
COMMAND: POST /session/59389012155df3fc64e839119ed77469/element - {"using":"xpath","value":"//*[@id=\"application-managepricingrules-display-component---newInfoPriceItem--priceProc-arrow\"]"}
RESULT: {}
RESULT: {"using":"xpath","value":"//*[@id=\"application-managepricingrules-display-component---newInfoPriceItem--priceProc-arrow\"]"}
COMMAND: POST /session/59389012155df3fc64e839119ed77469/element/f.8420AFDB22D113F0275E61267E529F05.d.7BFD8387602B35D274B8AD339D374646.e.20218/click - {}
RESULT: {}
COMMAND: POST /session/59389012155df3fc64e839119ed77469/element - {"using":"xpath","value":"//span[contains(text(), \"TBS - Time based standard\")]"}
COMMAND: GET /session/59389012155df3fc64e839119ed77469/screenshot - {}
RESULT: {"using":"xpath","value":"//span[contains(text(), \"TBS - Time based standard\")]"}
COMMAND: POST /session/59389012155df3fc64e839119ed77469/element/f.8420AFDB22D113F0275E61267E529F05.d.7BFD8387602B35D274B8AD339D374646.e.20254/click - {}
RESULT: {}
RESULT: {}
COMMAND: POST /session/59389012155df3fc64e839119ed77469/execute/async - {"script":"<script> [1562 bytes]","args":[{"selector":{"id":"application-managepricingrules-display-component---newInfoPriceItem--calcBase-arrow"},"wdio_ui5_key":"applicationmanagepricingrules-display-component---newInfoPriceItem--calcBase-arrow"}]}
COMMAND: GET /session/59389012155df3fc64e839119ed77469/screenshot - {}
RESULT: {"script":"<script> [1562 bytes]","args":[{"selector":{"id":"application-managepricingrules-display-component---newInfoPriceItem--calcBase-arrow"},"wdio_ui5_key":"applicationmanagepricingrules-display-component---newInfoPriceItem--calcBase-arrow"}]}
RESULT: undefined
COMMAND: POST /session/59389012155df3fc64e839119ed77469/element - {"using":"xpath","value":"//*[@id=\"application-managepricingrules-display-component---newInfoPriceItem--calcBase-arrow\"]"}
RESULT: {}
RESULT: {"using":"xpath","value":"//*[@id=\"application-managepricingrules-display-component---newInfoPriceItem--calcBase-arrow\"]"}
COMMAND: POST /session/59389012155df3fc64e839119ed77469/element/f.8420AFDB22D113F0275E61267E529F05.d.7BFD8387602B35D274B8AD339D374646.e.20225/click - {}
RESULT: {}
COMMAND: GET /session/59389012155df3fc64e839119ed77469/screenshot - {}
RESULT: {}
COMMAND: POST /session/59389012155df3fc64e839119ed77469/element - {"using":"xpath","value":"//span[contains(text(), \"0006 - TB(calendar days)\")]"}
RESULT: {"using":"xpath","value":"//span[contains(text(), \"0006 - TB(calendar days)\")]"}
COMMAND: POST /session/59389012155df3fc64e839119ed77469/element/f.8420AFDB22D113F0275E61267E529F05.d.7BFD8387602B35D274B8AD339D374646.e.20255/click - {}
RESULT: {}
COMMAND: GET /session/59389012155df3fc64e839119ed77469/screenshot - {}
RESULT: {}
COMMAND: POST /session/59389012155df3fc64e839119ed77469/execute/async - {"script":"<script> [1562 bytes]","args":[{"selector":{"id":"application-managepricingrules-display-component---newInfoPriceItem--daysMonth","interaction":{"idSuffix":"inner"}},"wdio_ui5_key":"applicationmanagepricingrules-display-component---newInfoPriceItem--daysMonth"}]}
RESULT: {"script":"<script> [1562 bytes]","args":[{"selector":{"id":"application-managepricingrules-display-component---newInfoPriceItem--daysMonth","interaction":{"idSuffix":"inner"}},"wdio_ui5_key":"applicationmanagepricingrules-display-component---newInfoPriceItem--daysMonth"}]}
RESULT: undefined
COMMAND: POST /session/59389012155df3fc64e839119ed77469/execute/async - {"script":"<script> [776 bytes]","args":[{"enterText":"30","selector":{"id":"application-managepricingrules-display-component---newInfoPriceItem--daysMonth","interaction":{"idSuffix":"inner"}},"clearTextFirst":true,"interactionType":"ENTER_TEXT"}]}
RESULT: {"script":"<script> [776 bytes]","args":[{"enterText":"30","selector":{"id":"application-managepricingrules-display-component---newInfoPriceItem--daysMonth","interaction":{"idSuffix":"inner"}},"clearTextFirst":true,"interactionType":"ENTER_TEXT"}]}
COMMAND: POST /session/59389012155df3fc64e839119ed77469/element - {"using":"xpath","value":"//button[@data-kt=\"saveNewRuleButton\"]"}
RESULT: {"using":"xpath","value":"//button[@data-kt=\"saveNewRuleButton\"]"}
COMMAND: POST /session/59389012155df3fc64e839119ed77469/element/f.8420AFDB22D113F0275E61267E529F05.d.7BFD8387602B35D274B8AD339D374646.e.20245/click - {}
RESULT: {}
COMMAND: GET /session/59389012155df3fc64e839119ed77469/screenshot - {}
RESULT: {}
COMMAND: POST /session/59389012155df3fc64e839119ed77469/execute/async - {"script":"<script> [1562 bytes]","args":[{"selector":{"id":"application-managepricingrules-display-component---priceInfoItem--smartFilterBar-btnBasicSearch","interaction":{"idSuffix":"I"}},"wdio_ui5_key":"applicationmanagepricingrules-display-component---priceInfoItem--smartFilterBar-btnBasicSearch"}]}
RESULT: {"script":"<script> [1562 bytes]","args":[{"selector":{"id":"application-managepricingrules-display-component---priceInfoItem--smartFilterBar-btnBasicSearch","interaction":{"idSuffix":"I"}},"wdio_ui5_key":"applicationmanagepricingrules-display-component---priceInfoItem--smartFilterBar-btnBasicSearch"}]}
RESULT: undefined
COMMAND: POST /session/59389012155df3fc64e839119ed77469/execute/async - {"script":"<script> [776 bytes]","args":[{"enterText":"iVhWB3vITt","selector":{"id":"application-managepricingrules-display-component---priceInfoItem--smartFilterBar-btnBasicSearch","interaction":{"idSuffix":"I"}},"clearTextFirst":true,"interactionType":"ENTER_TEXT"}]}
RESULT: {"script":"<script> [776 bytes]","args":[{"enterText":"iVhWB3vITt","selector":{"id":"application-managepricingrules-display-component---priceInfoItem--smartFilterBar-btnBasicSearch","interaction":{"idSuffix":"I"}},"clearTextFirst":true,"interactionType":"ENTER_TEXT"}]}
COMMAND: POST /session/59389012155df3fc64e839119ed77469/actions - {"actions":[{"id":"action70","type":"key","parameters":{},"actions":[{"type":"keyDown","value":"î€‡"},{"type":"pause","duration":10},{"type":"keyUp","value":"î€‡"}]}]}
RESULT: {"actions":[{"id":"action70","type":"key","parameters":{},"actions":[{"type":"keyDown","value":"î€‡"},{"type":"pause","duration":10},{"type":"keyUp","value":"î€‡"}]}]}
COMMAND: GET /session/59389012155df3fc64e839119ed77469/screenshot - {}
RESULT: {}
COMMAND: POST /session/59389012155df3fc64e839119ed77469/element - {"using":"xpath","value":"//span[@id=\"application-managepricingrules-display-component---priceInfoItem--smartTable-header-inner\"]"}
RESULT: {"using":"xpath","value":"//span[@id=\"application-managepricingrules-display-component---priceInfoItem--smartTable-header-inner\"]"}
COMMAND: POST /session/59389012155df3fc64e839119ed77469/elements - {"using":"xpath","value":"//span[@id=\"application-managepricingrules-display-component---priceInfoItem--smartTable-header-inner\"]"}
RESULT: {"using":"xpath","value":"//span[@id=\"application-managepricingrules-display-component---priceInfoItem--smartTable-header-inner\"]"}
COMMAND: POST /session/59389012155df3fc64e839119ed77469/execute/sync - {"script":"<script> [56 bytes]","args":[{"element-6066-11e4-a52e-4f735466cecf":"f.8420AFDB22D113F0275E61267E529F05.d.7BFD8387602B35D274B8AD339D374646.e.20280","ELEMENT":"f.8420AFDB22D113F0275E61267E529F05.d.7BFD8387602B35D274B8AD339D374646.e.20280"}]}
RESULT: {"script":"<script> [56 bytes]","args":[{"element-6066-11e4-a52e-4f735466cecf":"f.8420AFDB22D113F0275E61267E529F05.d.7BFD8387602B35D274B8AD339D374646.e.20280","ELEMENT":"f.8420AFDB22D113F0275E61267E529F05.d.7BFD8387602B35D274B8AD339D374646.e.20280"}]}
COMMAND: POST /session/59389012155df3fc64e839119ed77469/element - {"using":"css selector","value":"#shell-header-logo"}
COMMAND: GET /session/59389012155df3fc64e839119ed77469/screenshot - {}
RESULT: {"using":"css selector","value":"#shell-header-logo"}
COMMAND: POST /session/59389012155df3fc64e839119ed77469/element/f.8420AFDB22D113F0275E61267E529F05.d.7BFD8387602B35D274B8AD339D374646.e.19386/click - {}
RESULT: {}
RESULT: {}
COMMAND: GET /session/59389012155df3fc64e839119ed77469/screenshot - {}
RESULT: {}
]]></system-out>
    </testcase>
    <testcase classname="chrome.135_0_7049_96.windows.Billing_Calculation_-_Time_based_(considering_transport_times)_US139738" name="Should create new pricing condition for the equipment" time="63.1">
      <system-out><![CDATA[
COMMAND: POST /session/59389012155df3fc64e839119ed77469/execute/async - {"script":"<script> [1562 bytes]","args":[{"selector":{"controlType":"sap.m.Text","properties":{"text":"Manage Conditions & Prices"},"interaction":{"idSuffix":"inner"}},"wdio_ui5_key":"sapm.Text{\"text\":\"Manage Conditions & Prices\"}"}]}
RESULT: {"script":"<script> [1562 bytes]","args":[{"selector":{"controlType":"sap.m.Text","properties":{"text":"Manage Conditions & Prices"},"interaction":{"idSuffix":"inner"}},"wdio_ui5_key":"sapm.Text{\"text\":\"Manage Conditions & Prices\"}"}]}
RESULT: undefined
COMMAND: POST /session/59389012155df3fc64e839119ed77469/element - {"using":"xpath","value":"//*[@id=\"__tile53-title\"]"}
RESULT: {"using":"xpath","value":"//*[@id=\"__tile53-title\"]"}
COMMAND: POST /session/59389012155df3fc64e839119ed77469/element/f.8420AFDB22D113F0275E61267E529F05.d.7BFD8387602B35D274B8AD339D374646.e.20283/click - {}
RESULT: {}
COMMAND: POST /session/59389012155df3fc64e839119ed77469/element - {"using":"xpath","value":"//button[@aria-label=\"Create\"]"}
COMMAND: GET /session/59389012155df3fc64e839119ed77469/screenshot - {}
RESULT: {"using":"xpath","value":"//button[@aria-label=\"Create\"]"}
COMMAND: POST /session/59389012155df3fc64e839119ed77469/elements - {"using":"xpath","value":"//button[@aria-label=\"Create\"]"}
RESULT: {}
RESULT: {"using":"xpath","value":"//button[@aria-label=\"Create\"]"}
COMMAND: POST /session/59389012155df3fc64e839119ed77469/elements - {"using":"xpath","value":"//button[@aria-label=\"Create\"]"}
RESULT: {"using":"xpath","value":"//button[@aria-label=\"Create\"]"}
COMMAND: POST /session/59389012155df3fc64e839119ed77469/elements - {"using":"xpath","value":"//button[@aria-label=\"Create\"]"}
RESULT: {"using":"xpath","value":"//button[@aria-label=\"Create\"]"}
COMMAND: POST /session/59389012155df3fc64e839119ed77469/elements - {"using":"xpath","value":"//button[@aria-label=\"Create\"]"}
RESULT: {"using":"xpath","value":"//button[@aria-label=\"Create\"]"}
COMMAND: POST /session/59389012155df3fc64e839119ed77469/elements - {"using":"xpath","value":"//button[@aria-label=\"Create\"]"}
RESULT: {"using":"xpath","value":"//button[@aria-label=\"Create\"]"}
COMMAND: POST /session/59389012155df3fc64e839119ed77469/elements - {"using":"xpath","value":"//button[@aria-label=\"Create\"]"}
RESULT: {"using":"xpath","value":"//button[@aria-label=\"Create\"]"}
COMMAND: POST /session/59389012155df3fc64e839119ed77469/elements - {"using":"xpath","value":"//button[@aria-label=\"Create\"]"}
RESULT: {"using":"xpath","value":"//button[@aria-label=\"Create\"]"}
COMMAND: POST /session/59389012155df3fc64e839119ed77469/elements - {"using":"xpath","value":"//button[@aria-label=\"Create\"]"}
RESULT: {"using":"xpath","value":"//button[@aria-label=\"Create\"]"}
COMMAND: POST /session/59389012155df3fc64e839119ed77469/elements - {"using":"xpath","value":"//button[@aria-label=\"Create\"]"}
RESULT: {"using":"xpath","value":"//button[@aria-label=\"Create\"]"}
COMMAND: POST /session/59389012155df3fc64e839119ed77469/elements - {"using":"xpath","value":"//button[@aria-label=\"Create\"]"}
RESULT: {"using":"xpath","value":"//button[@aria-label=\"Create\"]"}
COMMAND: POST /session/59389012155df3fc64e839119ed77469/elements - {"using":"xpath","value":"//button[@aria-label=\"Create\"]"}
RESULT: {"using":"xpath","value":"//button[@aria-label=\"Create\"]"}
COMMAND: POST /session/59389012155df3fc64e839119ed77469/elements - {"using":"xpath","value":"//button[@aria-label=\"Create\"]"}
RESULT: {"using":"xpath","value":"//button[@aria-label=\"Create\"]"}
COMMAND: POST /session/59389012155df3fc64e839119ed77469/elements - {"using":"xpath","value":"//button[@aria-label=\"Create\"]"}
RESULT: {"using":"xpath","value":"//button[@aria-label=\"Create\"]"}
COMMAND: POST /session/59389012155df3fc64e839119ed77469/elements - {"using":"xpath","value":"//button[@aria-label=\"Create\"]"}
RESULT: {"using":"xpath","value":"//button[@aria-label=\"Create\"]"}
COMMAND: POST /session/59389012155df3fc64e839119ed77469/elements - {"using":"xpath","value":"//button[@aria-label=\"Create\"]"}
RESULT: {"using":"xpath","value":"//button[@aria-label=\"Create\"]"}
COMMAND: POST /session/59389012155df3fc64e839119ed77469/element - {"using":"xpath","value":"//button[@aria-label=\"Create\"]"}
RESULT: {"using":"xpath","value":"//button[@aria-label=\"Create\"]"}
COMMAND: POST /session/59389012155df3fc64e839119ed77469/execute/sync - {"script":"<script> [8489 bytes]","args":[{"element-6066-11e4-a52e-4f735466cecf":"f.8420AFDB22D113F0275E61267E529F05.d.7BFD8387602B35D274B8AD339D374646.e.20317","ELEMENT":"f.8420AFDB22D113F0275E61267E529F05.d.7BFD8387602B35D274B8AD339D374646.e.20317"}]}
RESULT: {"script":"<script> [8489 bytes]","args":[{"element-6066-11e4-a52e-4f735466cecf":"f.8420AFDB22D113F0275E61267E529F05.d.7BFD8387602B35D274B8AD339D374646.e.20317","ELEMENT":"f.8420AFDB22D113F0275E61267E529F05.d.7BFD8387602B35D274B8AD339D374646.e.20317"}]}
COMMAND: GET /session/59389012155df3fc64e839119ed77469/element/f.8420AFDB22D113F0275E61267E529F05.d.7BFD8387602B35D274B8AD339D374646.e.20317/enabled - {}
COMMAND: GET /session/59389012155df3fc64e839119ed77469/screenshot - {}
RESULT: {}
COMMAND: POST /session/59389012155df3fc64e839119ed77469/execute/sync - {"script":"<script> [8489 bytes]","args":[{"element-6066-11e4-a52e-4f735466cecf":"f.8420AFDB22D113F0275E61267E529F05.d.7BFD8387602B35D274B8AD339D374646.e.20317","ELEMENT":"f.8420AFDB22D113F0275E61267E529F05.d.7BFD8387602B35D274B8AD339D374646.e.20317"}]}
COMMAND: GET /session/59389012155df3fc64e839119ed77469/screenshot - {}
RESULT: {}
RESULT: {"script":"<script> [8489 bytes]","args":[{"element-6066-11e4-a52e-4f735466cecf":"f.8420AFDB22D113F0275E61267E529F05.d.7BFD8387602B35D274B8AD339D374646.e.20317","ELEMENT":"f.8420AFDB22D113F0275E61267E529F05.d.7BFD8387602B35D274B8AD339D374646.e.20317"}]}
COMMAND: POST /session/59389012155df3fc64e839119ed77469/execute/sync - {"script":"<script> [5351 bytes]","args":[{"element-6066-11e4-a52e-4f735466cecf":"f.8420AFDB22D113F0275E61267E529F05.d.7BFD8387602B35D274B8AD339D374646.e.20317","ELEMENT":"f.8420AFDB22D113F0275E61267E529F05.d.7BFD8387602B35D274B8AD339D374646.e.20317"}]}
COMMAND: GET /session/59389012155df3fc64e839119ed77469/screenshot - {}
RESULT: {}
RESULT: {"script":"<script> [5351 bytes]","args":[{"element-6066-11e4-a52e-4f735466cecf":"f.8420AFDB22D113F0275E61267E529F05.d.7BFD8387602B35D274B8AD339D374646.e.20317","ELEMENT":"f.8420AFDB22D113F0275E61267E529F05.d.7BFD8387602B35D274B8AD339D374646.e.20317"}]}
COMMAND: POST /session/59389012155df3fc64e839119ed77469/element/f.8420AFDB22D113F0275E61267E529F05.d.7BFD8387602B35D274B8AD339D374646.e.20317/click - {}
COMMAND: GET /session/59389012155df3fc64e839119ed77469/screenshot - {}
RESULT: {}
RESULT: {}
COMMAND: GET /session/59389012155df3fc64e839119ed77469/screenshot - {}
RESULT: {}
RESULT: {}
COMMAND: POST /session/59389012155df3fc64e839119ed77469/actions - {"actions":[{"id":"action71","type":"key","parameters":{},"actions":[{"type":"keyDown","value":"î€‡"},{"type":"pause","duration":10},{"type":"keyUp","value":"î€‡"}]}]}
RESULT: {"actions":[{"id":"action71","type":"key","parameters":{},"actions":[{"type":"keyDown","value":"î€‡"},{"type":"pause","duration":10},{"type":"keyUp","value":"î€‡"}]}]}
COMMAND: GET /session/59389012155df3fc64e839119ed77469/screenshot - {}
RESULT: {}
COMMAND: POST /session/59389012155df3fc64e839119ed77469/execute/async - {"script":"<script> [1562 bytes]","args":[{"selector":{"id":"application-manageconditionprice-display-component---newCondition--condBillCond-arrow"},"wdio_ui5_key":"applicationmanageconditionprice-display-component---newCondition--condBillCond-arrow"}]}
RESULT: {"script":"<script> [1562 bytes]","args":[{"selector":{"id":"application-manageconditionprice-display-component---newCondition--condBillCond-arrow"},"wdio_ui5_key":"applicationmanageconditionprice-display-component---newCondition--condBillCond-arrow"}]}
RESULT: undefined
COMMAND: POST /session/59389012155df3fc64e839119ed77469/element - {"using":"xpath","value":"//*[@id=\"application-manageconditionprice-display-component---newCondition--condBillCond-arrow\"]"}
RESULT: {"using":"xpath","value":"//*[@id=\"application-manageconditionprice-display-component---newCondition--condBillCond-arrow\"]"}
COMMAND: POST /session/59389012155df3fc64e839119ed77469/element/f.8420AFDB22D113F0275E61267E529F05.d.7BFD8387602B35D274B8AD339D374646.e.20494/click - {}
RESULT: {}
COMMAND: GET /session/59389012155df3fc64e839119ed77469/screenshot - {}
RESULT: {}
COMMAND: POST /session/59389012155df3fc64e839119ed77469/element - {"using":"xpath","value":"//li[.//span[contains(text(), \"DISP - D&I special price\")]]"}
RESULT: {"using":"xpath","value":"//li[.//span[contains(text(), \"DISP - D&I special price\")]]"}
COMMAND: POST /session/59389012155df3fc64e839119ed77469/element/f.8420AFDB22D113F0275E61267E529F05.d.7BFD8387602B35D274B8AD339D374646.e.20497/click - {}
RESULT: {}
COMMAND: GET /session/59389012155df3fc64e839119ed77469/screenshot - {}
RESULT: {}
COMMAND: POST /session/59389012155df3fc64e839119ed77469/execute/async - {"script":"<script> [1562 bytes]","args":[{"selector":{"id":"application-manageconditionprice-display-component---newCondition--condValidTo","interaction":{"idSuffix":"inner"}},"wdio_ui5_key":"applicationmanageconditionprice-display-component---newCondition--condValidTo"}]}
RESULT: {"script":"<script> [1562 bytes]","args":[{"selector":{"id":"application-manageconditionprice-display-component---newCondition--condValidTo","interaction":{"idSuffix":"inner"}},"wdio_ui5_key":"applicationmanageconditionprice-display-component---newCondition--condValidTo"}]}
RESULT: undefined
COMMAND: POST /session/59389012155df3fc64e839119ed77469/execute/async - {"script":"<script> [776 bytes]","args":[{"enterText":"01/01/26","selector":{"id":"application-manageconditionprice-display-component---newCondition--condValidTo","interaction":{"idSuffix":"inner"}},"clearTextFirst":true,"interactionType":"ENTER_TEXT"}]}
RESULT: {"script":"<script> [776 bytes]","args":[{"enterText":"01/01/26","selector":{"id":"application-manageconditionprice-display-component---newCondition--condValidTo","interaction":{"idSuffix":"inner"}},"clearTextFirst":true,"interactionType":"ENTER_TEXT"}]}
COMMAND: POST /session/59389012155df3fc64e839119ed77469/element - {"using":"xpath","value":"//input[@id=\"application-manageconditionprice-display-component---newCondition--condRU-inner\"]"}
RESULT: {"using":"xpath","value":"//input[@id=\"application-manageconditionprice-display-component---newCondition--condRU-inner\"]"}
COMMAND: POST /session/59389012155df3fc64e839119ed77469/element/f.8420AFDB22D113F0275E61267E529F05.d.7BFD8387602B35D274B8AD339D374646.e.20359/clear - {}
RESULT: {}
COMMAND: POST /session/59389012155df3fc64e839119ed77469/element/f.8420AFDB22D113F0275E61267E529F05.d.7BFD8387602B35D274B8AD339D374646.e.20359/value - {"text":"iVhWB3vITt"}
COMMAND: GET /session/59389012155df3fc64e839119ed77469/screenshot - {}
RESULT: {"text":"iVhWB3vITt"}
COMMAND: GET /session/59389012155df3fc64e839119ed77469/screenshot - {}
RESULT: {}
RESULT: {}
COMMAND: POST /session/59389012155df3fc64e839119ed77469/actions - {"actions":[{"id":"action72","type":"key","parameters":{},"actions":[{"type":"keyDown","value":"î€‡"},{"type":"pause","duration":10},{"type":"keyUp","value":"î€‡"}]}]}
RESULT: {"actions":[{"id":"action72","type":"key","parameters":{},"actions":[{"type":"keyDown","value":"î€‡"},{"type":"pause","duration":10},{"type":"keyUp","value":"î€‡"}]}]}
COMMAND: POST /session/59389012155df3fc64e839119ed77469/execute/async - {"script":"<script> [1562 bytes]","args":[{"selector":{"id":"application-manageconditionprice-display-component---newCondition--condBaseQty","interaction":{"idSuffix":"inner"}},"wdio_ui5_key":"applicationmanageconditionprice-display-component---newCondition--condBaseQty"}]}
COMMAND: GET /session/59389012155df3fc64e839119ed77469/screenshot - {}
RESULT: {"script":"<script> [1562 bytes]","args":[{"selector":{"id":"application-manageconditionprice-display-component---newCondition--condBaseQty","interaction":{"idSuffix":"inner"}},"wdio_ui5_key":"applicationmanageconditionprice-display-component---newCondition--condBaseQty"}]}
RESULT: undefined
COMMAND: POST /session/59389012155df3fc64e839119ed77469/execute/async - {"script":"<script> [776 bytes]","args":[{"enterText":"1","selector":{"id":"application-manageconditionprice-display-component---newCondition--condBaseQty","interaction":{"idSuffix":"inner"}},"clearTextFirst":true,"interactionType":"ENTER_TEXT"}]}
RESULT: {}
RESULT: {"script":"<script> [776 bytes]","args":[{"enterText":"1","selector":{"id":"application-manageconditionprice-display-component---newCondition--condBaseQty","interaction":{"idSuffix":"inner"}},"clearTextFirst":true,"interactionType":"ENTER_TEXT"}]}
COMMAND: POST /session/59389012155df3fc64e839119ed77469/execute/async - {"script":"<script> [1562 bytes]","args":[{"selector":{"id":"application-manageconditionprice-display-component---newCondition--condValue","interaction":{"idSuffix":"inner"}},"wdio_ui5_key":"applicationmanageconditionprice-display-component---newCondition--condValue"}]}
RESULT: {"script":"<script> [1562 bytes]","args":[{"selector":{"id":"application-manageconditionprice-display-component---newCondition--condValue","interaction":{"idSuffix":"inner"}},"wdio_ui5_key":"applicationmanageconditionprice-display-component---newCondition--condValue"}]}
RESULT: undefined
COMMAND: POST /session/59389012155df3fc64e839119ed77469/execute/async - {"script":"<script> [776 bytes]","args":[{"enterText":"100","selector":{"id":"application-manageconditionprice-display-component---newCondition--condValue","interaction":{"idSuffix":"inner"}},"clearTextFirst":true,"interactionType":"ENTER_TEXT"}]}
RESULT: {"script":"<script> [776 bytes]","args":[{"enterText":"100","selector":{"id":"application-manageconditionprice-display-component---newCondition--condValue","interaction":{"idSuffix":"inner"}},"clearTextFirst":true,"interactionType":"ENTER_TEXT"}]}
COMMAND: POST /session/59389012155df3fc64e839119ed77469/execute/async - {"script":"<script> [1562 bytes]","args":[{"selector":{"id":"application-manageconditionprice-display-component---newCondition--condCurr-arrow"},"wdio_ui5_key":"applicationmanageconditionprice-display-component---newCondition--condCurr-arrow"}]}
RESULT: {"script":"<script> [1562 bytes]","args":[{"selector":{"id":"application-manageconditionprice-display-component---newCondition--condCurr-arrow"},"wdio_ui5_key":"applicationmanageconditionprice-display-component---newCondition--condCurr-arrow"}]}
RESULT: undefined
COMMAND: POST /session/59389012155df3fc64e839119ed77469/element - {"using":"xpath","value":"//*[@id=\"application-manageconditionprice-display-component---newCondition--condCurr-arrow\"]"}
RESULT: {"using":"xpath","value":"//*[@id=\"application-manageconditionprice-display-component---newCondition--condCurr-arrow\"]"}
COMMAND: POST /session/59389012155df3fc64e839119ed77469/element/f.8420AFDB22D113F0275E61267E529F05.d.7BFD8387602B35D274B8AD339D374646.e.20461/click - {}
RESULT: {}
COMMAND: POST /session/59389012155df3fc64e839119ed77469/element - {"using":"xpath","value":"//span[contains(text(), \"Euro\")]"}
COMMAND: GET /session/59389012155df3fc64e839119ed77469/screenshot - {}
RESULT: {"using":"xpath","value":"//span[contains(text(), \"Euro\")]"}
COMMAND: POST /session/59389012155df3fc64e839119ed77469/element/f.8420AFDB22D113F0275E61267E529F05.d.7BFD8387602B35D274B8AD339D374646.e.20534/click - {}
RESULT: {}
RESULT: {}
COMMAND: POST /session/59389012155df3fc64e839119ed77469/element - {"using":"xpath","value":"//button[@data-kt=\"saveButton\"]"}
COMMAND: GET /session/59389012155df3fc64e839119ed77469/screenshot - {}
RESULT: {"using":"xpath","value":"//button[@data-kt=\"saveButton\"]"}
COMMAND: POST /session/59389012155df3fc64e839119ed77469/element/f.8420AFDB22D113F0275E61267E529F05.d.7BFD8387602B35D274B8AD339D374646.e.20462/click - {}
RESULT: {}
RESULT: {}
COMMAND: GET /session/59389012155df3fc64e839119ed77469/screenshot - {}
RESULT: {}
COMMAND: POST /session/59389012155df3fc64e839119ed77469/execute/async - {"script":"<script> [1562 bytes]","args":[{"selector":{"id":"application-manageconditionprice-display-component---conditions--smartFilterBar-btnBasicSearch","interaction":{"idSuffix":"I"}},"wdio_ui5_key":"applicationmanageconditionprice-display-component---conditions--smartFilterBar-btnBasicSearch"}]}
RESULT: {"script":"<script> [1562 bytes]","args":[{"selector":{"id":"application-manageconditionprice-display-component---conditions--smartFilterBar-btnBasicSearch","interaction":{"idSuffix":"I"}},"wdio_ui5_key":"applicationmanageconditionprice-display-component---conditions--smartFilterBar-btnBasicSearch"}]}
RESULT: undefined
COMMAND: POST /session/59389012155df3fc64e839119ed77469/execute/async - {"script":"<script> [776 bytes]","args":[{"enterText":"iVhWB3vITt","selector":{"id":"application-manageconditionprice-display-component---conditions--smartFilterBar-btnBasicSearch","interaction":{"idSuffix":"I"}},"clearTextFirst":true,"interactionType":"ENTER_TEXT"}]}
RESULT: {"script":"<script> [776 bytes]","args":[{"enterText":"iVhWB3vITt","selector":{"id":"application-manageconditionprice-display-component---conditions--smartFilterBar-btnBasicSearch","interaction":{"idSuffix":"I"}},"clearTextFirst":true,"interactionType":"ENTER_TEXT"}]}
COMMAND: POST /session/59389012155df3fc64e839119ed77469/actions - {"actions":[{"id":"action73","type":"key","parameters":{},"actions":[{"type":"keyDown","value":"î€‡"},{"type":"pause","duration":10},{"type":"keyUp","value":"î€‡"}]}]}
RESULT: {"actions":[{"id":"action73","type":"key","parameters":{},"actions":[{"type":"keyDown","value":"î€‡"},{"type":"pause","duration":10},{"type":"keyUp","value":"î€‡"}]}]}
COMMAND: GET /session/59389012155df3fc64e839119ed77469/screenshot - {}
RESULT: {}
COMMAND: POST /session/59389012155df3fc64e839119ed77469/execute/async - {"script":"<script> [1562 bytes]","args":[{"selector":{"id":"application-manageconditionprice-display-component---conditions--smartFilterBar-filterItemControl_BASIC-BILL_TYPES-vhi"},"wdio_ui5_key":"applicationmanageconditionprice-display-component---conditions--smartFilterBar-filterItemControl_BASIC-BILL_TYPES-vhi"}]}
RESULT: {"script":"<script> [1562 bytes]","args":[{"selector":{"id":"application-manageconditionprice-display-component---conditions--smartFilterBar-filterItemControl_BASIC-BILL_TYPES-vhi"},"wdio_ui5_key":"applicationmanageconditionprice-display-component---conditions--smartFilterBar-filterItemControl_BASIC-BILL_TYPES-vhi"}]}
RESULT: undefined
COMMAND: POST /session/59389012155df3fc64e839119ed77469/element - {"using":"xpath","value":"//*[@id=\"application-manageconditionprice-display-component---conditions--smartFilterBar-filterItemControl_BASIC-BILL_TYPES-vhi\"]"}
RESULT: {"using":"xpath","value":"//*[@id=\"application-manageconditionprice-display-component---conditions--smartFilterBar-filterItemControl_BASIC-BILL_TYPES-vhi\"]"}
COMMAND: POST /session/59389012155df3fc64e839119ed77469/element/f.8420AFDB22D113F0275E61267E529F05.d.7BFD8387602B35D274B8AD339D374646.e.20550/click - {}
RESULT: {}
COMMAND: POST /session/59389012155df3fc64e839119ed77469/execute/async - {"script":"<script> [1562 bytes]","args":[{"selector":{"id":"application-manageconditionprice-display-component---conditions--smartFilterBar-filterItemControl_BASIC-BILL_TYPES-valueHelpDialog-smartFilterBar-btnBasicSearch","searchOpenDialogs":true,"interaction":{"idSuffix":"I"}},"wdio_ui5_key":"applicationmanageconditionprice-display-component---conditions--smartFilterBar-filterItemControl_BASIC-BILL_TYPES-valueHelpDialog-smartFilterBar-btnBasicSearch"}]}
COMMAND: GET /session/59389012155df3fc64e839119ed77469/screenshot - {}
RESULT: {"script":"<script> [1562 bytes]","args":[{"selector":{"id":"application-manageconditionprice-display-component---conditions--smartFilterBar-filterItemControl_BASIC-BILL_TYPES-valueHelpDialog-smartFilterBar-btnBasicSearch","searchOpenDialogs":true,"interaction":{"idSuffix":"I"}},"wdio_ui5_key":"applicationmanageconditionprice-display-component---conditions--smartFilterBar-filterItemControl_BASIC-BILL_TYPES-valueHelpDialog-smartFilterBar-btnBasicSearch"}]}
RESULT: undefined
COMMAND: POST /session/59389012155df3fc64e839119ed77469/execute/async - {"script":"<script> [776 bytes]","args":[{"enterText":"TB","selector":{"id":"application-manageconditionprice-display-component---conditions--smartFilterBar-filterItemControl_BASIC-BILL_TYPES-valueHelpDialog-smartFilterBar-btnBasicSearch","searchOpenDialogs":true,"interaction":{"idSuffix":"I"}},"clearTextFirst":true,"interactionType":"ENTER_TEXT"}]}
RESULT: {}
RESULT: {"script":"<script> [776 bytes]","args":[{"enterText":"TB","selector":{"id":"application-manageconditionprice-display-component---conditions--smartFilterBar-filterItemControl_BASIC-BILL_TYPES-valueHelpDialog-smartFilterBar-btnBasicSearch","searchOpenDialogs":true,"interaction":{"idSuffix":"I"}},"clearTextFirst":true,"interactionType":"ENTER_TEXT"}]}
COMMAND: POST /session/59389012155df3fc64e839119ed77469/actions - {"actions":[{"id":"action74","type":"key","parameters":{},"actions":[{"type":"keyDown","value":"î€‡"},{"type":"pause","duration":10},{"type":"keyUp","value":"î€‡"}]}]}
RESULT: {"actions":[{"id":"action74","type":"key","parameters":{},"actions":[{"type":"keyDown","value":"î€‡"},{"type":"pause","duration":10},{"type":"keyUp","value":"î€‡"}]}]}
COMMAND: GET /session/59389012155df3fc64e839119ed77469/screenshot - {}
RESULT: {}
COMMAND: POST /session/59389012155df3fc64e839119ed77469/element - {"using":"xpath","value":"//div[contains(@id, 'application-manageconditionprice-display-component---conditions--smartFilterBar-filterItemControl_BASIC-BILL_TYPES-valueHelpDialog-table-rowsel0')]"}
RESULT: {"using":"xpath","value":"//div[contains(@id, 'application-manageconditionprice-display-component---conditions--smartFilterBar-filterItemControl_BASIC-BILL_TYPES-valueHelpDialog-table-rowsel0')]"}
COMMAND: POST /session/59389012155df3fc64e839119ed77469/element/f.8420AFDB22D113F0275E61267E529F05.d.7BFD8387602B35D274B8AD339D374646.e.20558/click - {}
RESULT: {}
COMMAND: GET /session/59389012155df3fc64e839119ed77469/screenshot - {}
RESULT: {}
COMMAND: POST /session/59389012155df3fc64e839119ed77469/element - {"using":"xpath","value":"//bdi[contains(text(), \"OK\")]"}
RESULT: {"using":"xpath","value":"//bdi[contains(text(), \"OK\")]"}
COMMAND: POST /session/59389012155df3fc64e839119ed77469/element/f.8420AFDB22D113F0275E61267E529F05.d.7BFD8387602B35D274B8AD339D374646.e.20560/click - {}
RESULT: {}
COMMAND: GET /session/59389012155df3fc64e839119ed77469/screenshot - {}
RESULT: {}
COMMAND: POST /session/59389012155df3fc64e839119ed77469/element - {"using":"xpath","value":"//span[@id=\"application-manageconditionprice-display-component---conditions--smartTable-header-inner\"]"}
RESULT: {"using":"xpath","value":"//span[@id=\"application-manageconditionprice-display-component---conditions--smartTable-header-inner\"]"}
COMMAND: POST /session/59389012155df3fc64e839119ed77469/elements - {"using":"xpath","value":"//span[@id=\"application-manageconditionprice-display-component---conditions--smartTable-header-inner\"]"}
RESULT: {"using":"xpath","value":"//span[@id=\"application-manageconditionprice-display-component---conditions--smartTable-header-inner\"]"}
COMMAND: POST /session/59389012155df3fc64e839119ed77469/execute/sync - {"script":"<script> [56 bytes]","args":[{"element-6066-11e4-a52e-4f735466cecf":"f.8420AFDB22D113F0275E61267E529F05.d.7BFD8387602B35D274B8AD339D374646.e.20563","ELEMENT":"f.8420AFDB22D113F0275E61267E529F05.d.7BFD8387602B35D274B8AD339D374646.e.20563"}]}
RESULT: {"script":"<script> [56 bytes]","args":[{"element-6066-11e4-a52e-4f735466cecf":"f.8420AFDB22D113F0275E61267E529F05.d.7BFD8387602B35D274B8AD339D374646.e.20563","ELEMENT":"f.8420AFDB22D113F0275E61267E529F05.d.7BFD8387602B35D274B8AD339D374646.e.20563"}]}
COMMAND: POST /session/59389012155df3fc64e839119ed77469/element - {"using":"css selector","value":"#shell-header-logo"}
COMMAND: GET /session/59389012155df3fc64e839119ed77469/screenshot - {}
RESULT: {"using":"css selector","value":"#shell-header-logo"}
COMMAND: POST /session/59389012155df3fc64e839119ed77469/element/f.8420AFDB22D113F0275E61267E529F05.d.7BFD8387602B35D274B8AD339D374646.e.20285/click - {}
RESULT: {}
RESULT: {}
COMMAND: GET /session/59389012155df3fc64e839119ed77469/screenshot - {}
RESULT: {}
]]></system-out>
    </testcase>
    <testcase classname="chrome.135_0_7049_96.windows.Billing_Calculation_-_Time_based_(considering_transport_times)_US139738" name="Should do a stock increase for the equipment" time="77.195">
      <system-out><![CDATA[
COMMAND: POST /session/59389012155df3fc64e839119ed77469/execute/async - {"script":"<script> [1562 bytes]","args":[{"selector":{"controlType":"sap.m.Text","viewName":"etm.portal.ui.managehandoverstile.view.Master","properties":{"text":"Manage Handovers"},"interaction":{"idSuffix":"inner"}},"wdio_ui5_key":"etmportal.ui.managehandoverstile.view.Mastersap.m.Text{\"text\":\"Manage Handovers\"}"}]}
RESULT: {"script":"<script> [1562 bytes]","args":[{"selector":{"controlType":"sap.m.Text","viewName":"etm.portal.ui.managehandoverstile.view.Master","properties":{"text":"Manage Handovers"},"interaction":{"idSuffix":"inner"}},"wdio_ui5_key":"etmportal.ui.managehandoverstile.view.Mastersap.m.Text{\"text\":\"Manage Handovers\"}"}]}
RESULT: undefined
COMMAND: POST /session/59389012155df3fc64e839119ed77469/element - {"using":"xpath","value":"//*[@id=\"__tile132-title\"]"}
RESULT: {"using":"xpath","value":"//*[@id=\"__tile132-title\"]"}
COMMAND: POST /session/59389012155df3fc64e839119ed77469/element/f.8420AFDB22D113F0275E61267E529F05.d.7BFD8387602B35D274B8AD339D374646.e.20568/click - {}
RESULT: {}
COMMAND: POST /session/59389012155df3fc64e839119ed77469/element - {"using":"xpath","value":"//button[@data-kt=\"masterHOAddButton\"]"}
COMMAND: GET /session/59389012155df3fc64e839119ed77469/screenshot - {}
RESULT: {"using":"xpath","value":"//button[@data-kt=\"masterHOAddButton\"]"}
COMMAND: POST /session/59389012155df3fc64e839119ed77469/elements - {"using":"xpath","value":"//button[@data-kt=\"masterHOAddButton\"]"}
RESULT: {}
RESULT: {"using":"xpath","value":"//button[@data-kt=\"masterHOAddButton\"]"}
COMMAND: POST /session/59389012155df3fc64e839119ed77469/elements - {"using":"xpath","value":"//button[@data-kt=\"masterHOAddButton\"]"}
RESULT: {"using":"xpath","value":"//button[@data-kt=\"masterHOAddButton\"]"}
COMMAND: POST /session/59389012155df3fc64e839119ed77469/elements - {"using":"xpath","value":"//button[@data-kt=\"masterHOAddButton\"]"}
RESULT: {"using":"xpath","value":"//button[@data-kt=\"masterHOAddButton\"]"}
COMMAND: POST /session/59389012155df3fc64e839119ed77469/elements - {"using":"xpath","value":"//button[@data-kt=\"masterHOAddButton\"]"}
RESULT: {"using":"xpath","value":"//button[@data-kt=\"masterHOAddButton\"]"}
COMMAND: POST /session/59389012155df3fc64e839119ed77469/elements - {"using":"xpath","value":"//button[@data-kt=\"masterHOAddButton\"]"}
RESULT: {"using":"xpath","value":"//button[@data-kt=\"masterHOAddButton\"]"}
COMMAND: POST /session/59389012155df3fc64e839119ed77469/elements - {"using":"xpath","value":"//button[@data-kt=\"masterHOAddButton\"]"}
RESULT: {"using":"xpath","value":"//button[@data-kt=\"masterHOAddButton\"]"}
COMMAND: POST /session/59389012155df3fc64e839119ed77469/elements - {"using":"xpath","value":"//button[@data-kt=\"masterHOAddButton\"]"}
RESULT: {"using":"xpath","value":"//button[@data-kt=\"masterHOAddButton\"]"}
COMMAND: POST /session/59389012155df3fc64e839119ed77469/elements - {"using":"xpath","value":"//button[@data-kt=\"masterHOAddButton\"]"}
RESULT: {"using":"xpath","value":"//button[@data-kt=\"masterHOAddButton\"]"}
COMMAND: POST /session/59389012155df3fc64e839119ed77469/elements - {"using":"xpath","value":"//button[@data-kt=\"masterHOAddButton\"]"}
RESULT: {"using":"xpath","value":"//button[@data-kt=\"masterHOAddButton\"]"}
COMMAND: POST /session/59389012155df3fc64e839119ed77469/elements - {"using":"xpath","value":"//button[@data-kt=\"masterHOAddButton\"]"}
RESULT: {"using":"xpath","value":"//button[@data-kt=\"masterHOAddButton\"]"}
COMMAND: POST /session/59389012155df3fc64e839119ed77469/elements - {"using":"xpath","value":"//button[@data-kt=\"masterHOAddButton\"]"}
RESULT: {"using":"xpath","value":"//button[@data-kt=\"masterHOAddButton\"]"}
COMMAND: POST /session/59389012155df3fc64e839119ed77469/elements - {"using":"xpath","value":"//button[@data-kt=\"masterHOAddButton\"]"}
RESULT: {"using":"xpath","value":"//button[@data-kt=\"masterHOAddButton\"]"}
COMMAND: POST /session/59389012155df3fc64e839119ed77469/elements - {"using":"xpath","value":"//button[@data-kt=\"masterHOAddButton\"]"}
RESULT: {"using":"xpath","value":"//button[@data-kt=\"masterHOAddButton\"]"}
COMMAND: POST /session/59389012155df3fc64e839119ed77469/elements - {"using":"xpath","value":"//button[@data-kt=\"masterHOAddButton\"]"}
RESULT: {"using":"xpath","value":"//button[@data-kt=\"masterHOAddButton\"]"}
COMMAND: POST /session/59389012155df3fc64e839119ed77469/element - {"using":"xpath","value":"//button[@data-kt=\"masterHOAddButton\"]"}
RESULT: {"using":"xpath","value":"//button[@data-kt=\"masterHOAddButton\"]"}
COMMAND: POST /session/59389012155df3fc64e839119ed77469/execute/sync - {"script":"<script> [8489 bytes]","args":[{"element-6066-11e4-a52e-4f735466cecf":"f.8420AFDB22D113F0275E61267E529F05.d.7BFD8387602B35D274B8AD339D374646.e.20607","ELEMENT":"f.8420AFDB22D113F0275E61267E529F05.d.7BFD8387602B35D274B8AD339D374646.e.20607"}]}
RESULT: {"script":"<script> [8489 bytes]","args":[{"element-6066-11e4-a52e-4f735466cecf":"f.8420AFDB22D113F0275E61267E529F05.d.7BFD8387602B35D274B8AD339D374646.e.20607","ELEMENT":"f.8420AFDB22D113F0275E61267E529F05.d.7BFD8387602B35D274B8AD339D374646.e.20607"}]}
COMMAND: GET /session/59389012155df3fc64e839119ed77469/element/f.8420AFDB22D113F0275E61267E529F05.d.7BFD8387602B35D274B8AD339D374646.e.20607/enabled - {}
COMMAND: GET /session/59389012155df3fc64e839119ed77469/screenshot - {}
RESULT: {}
COMMAND: POST /session/59389012155df3fc64e839119ed77469/execute/sync - {"script":"<script> [8489 bytes]","args":[{"element-6066-11e4-a52e-4f735466cecf":"f.8420AFDB22D113F0275E61267E529F05.d.7BFD8387602B35D274B8AD339D374646.e.20607","ELEMENT":"f.8420AFDB22D113F0275E61267E529F05.d.7BFD8387602B35D274B8AD339D374646.e.20607"}]}
COMMAND: GET /session/59389012155df3fc64e839119ed77469/screenshot - {}
RESULT: {}
RESULT: {"script":"<script> [8489 bytes]","args":[{"element-6066-11e4-a52e-4f735466cecf":"f.8420AFDB22D113F0275E61267E529F05.d.7BFD8387602B35D274B8AD339D374646.e.20607","ELEMENT":"f.8420AFDB22D113F0275E61267E529F05.d.7BFD8387602B35D274B8AD339D374646.e.20607"}]}
COMMAND: POST /session/59389012155df3fc64e839119ed77469/execute/sync - {"script":"<script> [5351 bytes]","args":[{"element-6066-11e4-a52e-4f735466cecf":"f.8420AFDB22D113F0275E61267E529F05.d.7BFD8387602B35D274B8AD339D374646.e.20607","ELEMENT":"f.8420AFDB22D113F0275E61267E529F05.d.7BFD8387602B35D274B8AD339D374646.e.20607"}]}
COMMAND: GET /session/59389012155df3fc64e839119ed77469/screenshot - {}
RESULT: {}
RESULT: {"script":"<script> [5351 bytes]","args":[{"element-6066-11e4-a52e-4f735466cecf":"f.8420AFDB22D113F0275E61267E529F05.d.7BFD8387602B35D274B8AD339D374646.e.20607","ELEMENT":"f.8420AFDB22D113F0275E61267E529F05.d.7BFD8387602B35D274B8AD339D374646.e.20607"}]}
COMMAND: POST /session/59389012155df3fc64e839119ed77469/element/f.8420AFDB22D113F0275E61267E529F05.d.7BFD8387602B35D274B8AD339D374646.e.20607/click - {}
COMMAND: GET /session/59389012155df3fc64e839119ed77469/screenshot - {}
RESULT: {}
RESULT: {}
COMMAND: GET /session/59389012155df3fc64e839119ed77469/screenshot - {}
RESULT: {}
RESULT: {}
COMMAND: POST /session/59389012155df3fc64e839119ed77469/element - {"using":"xpath","value":"//span[contains(@id ,\"AddNewHO--typeSelect-arrow\")]"}
RESULT: {"using":"xpath","value":"//span[contains(@id ,\"AddNewHO--typeSelect-arrow\")]"}
COMMAND: POST /session/59389012155df3fc64e839119ed77469/element/f.8420AFDB22D113F0275E61267E529F05.d.7BFD8387602B35D274B8AD339D374646.e.20970/click - {}
RESULT: {}
COMMAND: GET /session/59389012155df3fc64e839119ed77469/screenshot - {}
RESULT: {}
COMMAND: POST /session/59389012155df3fc64e839119ed77469/element - {"using":"xpath","value":"(//li[contains(text(), \"stock increase yard\")])[1]"}
RESULT: {"using":"xpath","value":"(//li[contains(text(), \"stock increase yard\")])[1]"}
COMMAND: POST /session/59389012155df3fc64e839119ed77469/element/f.8420AFDB22D113F0275E61267E529F05.d.7BFD8387602B35D274B8AD339D374646.e.20971/click - {}
RESULT: {}
COMMAND: GET /session/59389012155df3fc64e839119ed77469/screenshot - {}
RESULT: {}
COMMAND: POST /session/59389012155df3fc64e839119ed77469/execute/async - {"script":"<script> [1562 bytes]","args":[{"selector":{"id":"application-managehandovers-display-component---AddNewHO--dueDate","interaction":{"idSuffix":"inner"}},"wdio_ui5_key":"applicationmanagehandovers-display-component---AddNewHO--dueDate"}]}
RESULT: {"script":"<script> [1562 bytes]","args":[{"selector":{"id":"application-managehandovers-display-component---AddNewHO--dueDate","interaction":{"idSuffix":"inner"}},"wdio_ui5_key":"applicationmanagehandovers-display-component---AddNewHO--dueDate"}]}
RESULT: undefined
COMMAND: POST /session/59389012155df3fc64e839119ed77469/execute/async - {"script":"<script> [6424 bytes]","args":[{"element-6066-11e4-a52e-4f735466cecf":"f.8420AFDB22D113F0275E61267E529F05.d.7BFD8387602B35D274B8AD339D374646.e.20973"},"setValue",["05/01/2025"]]}
RESULT: {"script":"<script> [6424 bytes]","args":[{"element-6066-11e4-a52e-4f735466cecf":"f.8420AFDB22D113F0275E61267E529F05.d.7BFD8387602B35D274B8AD339D374646.e.20973"},"setValue",["05/01/2025"]]}
COMMAND: POST /session/59389012155df3fc64e839119ed77469/element - {"using":"xpath","value":"//input[@id=\"generalSectionFrg--receiveYard-inner\"]"}
RESULT: {"using":"xpath","value":"//input[@id=\"generalSectionFrg--receiveYard-inner\"]"}
COMMAND: POST /session/59389012155df3fc64e839119ed77469/element/f.8420AFDB22D113F0275E61267E529F05.d.7BFD8387602B35D274B8AD339D374646.e.20979/clear - {}
RESULT: {}
COMMAND: POST /session/59389012155df3fc64e839119ed77469/element/f.8420AFDB22D113F0275E61267E529F05.d.7BFD8387602B35D274B8AD339D374646.e.20979/value - {"text":"485"}
COMMAND: GET /session/59389012155df3fc64e839119ed77469/screenshot - {}
RESULT: {"text":"485"}
COMMAND: GET /session/59389012155df3fc64e839119ed77469/screenshot - {}
RESULT: {}
RESULT: {}
COMMAND: POST /session/59389012155df3fc64e839119ed77469/element - {"using":"xpath","value":"//li[.//span[text()='485']]"}
RESULT: {"using":"xpath","value":"//li[.//span[text()='485']]"}
COMMAND: POST /session/59389012155df3fc64e839119ed77469/element/f.8420AFDB22D113F0275E61267E529F05.d.7BFD8387602B35D274B8AD339D374646.e.20996/click - {}
RESULT: {}
COMMAND: GET /session/59389012155df3fc64e839119ed77469/screenshot - {}
RESULT: {}
COMMAND: POST /session/59389012155df3fc64e839119ed77469/execute/async - {"script":"<script> [1562 bytes]","args":[{"selector":{"id":"application-managehandovers-display-component---AddNewHO--ObjectPageLayout-anchBar-application-managehandovers-display-component---AddNewHO--section4-anchor","interaction":{"idSuffix":"BDI-content"}},"wdio_ui5_key":"applicationmanagehandovers-display-component---AddNewHO--ObjectPageLayout-anchBar-application-managehandovers-display-component---AddNewHO--section4-anchor"}]}
RESULT: {"script":"<script> [1562 bytes]","args":[{"selector":{"id":"application-managehandovers-display-component---AddNewHO--ObjectPageLayout-anchBar-application-managehandovers-display-component---AddNewHO--section4-anchor","interaction":{"idSuffix":"BDI-content"}},"wdio_ui5_key":"applicationmanagehandovers-display-component---AddNewHO--ObjectPageLayout-anchBar-application-managehandovers-display-component---AddNewHO--section4-anchor"}]}
RESULT: undefined
COMMAND: POST /session/59389012155df3fc64e839119ed77469/element - {"using":"xpath","value":"//*[@id=\"application-managehandovers-display-component---AddNewHO--ObjectPageLayout-anchBar-application-managehandovers-display-component---AddNewHO--section4-anchor\"]"}
RESULT: {"using":"xpath","value":"//*[@id=\"application-managehandovers-display-component---AddNewHO--ObjectPageLayout-anchBar-application-managehandovers-display-component---AddNewHO--section4-anchor\"]"}
COMMAND: POST /session/59389012155df3fc64e839119ed77469/element/f.8420AFDB22D113F0275E61267E529F05.d.7BFD8387602B35D274B8AD339D374646.e.20998/click - {}
RESULT: {}
COMMAND: POST /session/59389012155df3fc64e839119ed77469/element - {"using":"xpath","value":"//button[@aria-label=\"Add\"]"}
COMMAND: GET /session/59389012155df3fc64e839119ed77469/screenshot - {}
RESULT: {"using":"xpath","value":"//button[@aria-label=\"Add\"]"}
COMMAND: POST /session/59389012155df3fc64e839119ed77469/element/f.8420AFDB22D113F0275E61267E529F05.d.7BFD8387602B35D274B8AD339D374646.e.21000/click - {}
RESULT: {}
RESULT: {}
COMMAND: GET /session/59389012155df3fc64e839119ed77469/screenshot - {}
RESULT: {}
COMMAND: POST /session/59389012155df3fc64e839119ed77469/execute/async - {"script":"<script> [1562 bytes]","args":[{"selector":{"id":"application-managehandovers-display-component---AddNewHO--smartFilterBar-btnBasicSearch","searchOpenDialogs":true,"interaction":{"idSuffix":"I"}},"wdio_ui5_key":"applicationmanagehandovers-display-component---AddNewHO--smartFilterBar-btnBasicSearch"}]}
RESULT: {"script":"<script> [1562 bytes]","args":[{"selector":{"id":"application-managehandovers-display-component---AddNewHO--smartFilterBar-btnBasicSearch","searchOpenDialogs":true,"interaction":{"idSuffix":"I"}},"wdio_ui5_key":"applicationmanagehandovers-display-component---AddNewHO--smartFilterBar-btnBasicSearch"}]}
RESULT: undefined
COMMAND: POST /session/59389012155df3fc64e839119ed77469/execute/async - {"script":"<script> [776 bytes]","args":[{"enterText":"iVhWB3vITt","selector":{"id":"application-managehandovers-display-component---AddNewHO--smartFilterBar-btnBasicSearch","searchOpenDialogs":true,"interaction":{"idSuffix":"I"}},"clearTextFirst":true,"interactionType":"ENTER_TEXT"}]}
RESULT: {"script":"<script> [776 bytes]","args":[{"enterText":"iVhWB3vITt","selector":{"id":"application-managehandovers-display-component---AddNewHO--smartFilterBar-btnBasicSearch","searchOpenDialogs":true,"interaction":{"idSuffix":"I"}},"clearTextFirst":true,"interactionType":"ENTER_TEXT"}]}
COMMAND: POST /session/59389012155df3fc64e839119ed77469/actions - {"actions":[{"id":"action75","type":"key","parameters":{},"actions":[{"type":"keyDown","value":"î€‡"},{"type":"pause","duration":10},{"type":"keyUp","value":"î€‡"}]}]}
RESULT: {"actions":[{"id":"action75","type":"key","parameters":{},"actions":[{"type":"keyDown","value":"î€‡"},{"type":"pause","duration":10},{"type":"keyUp","value":"î€‡"}]}]}
COMMAND: GET /session/59389012155df3fc64e839119ed77469/screenshot - {}
RESULT: {}
COMMAND: POST /session/59389012155df3fc64e839119ed77469/execute/async - {"script":"<script> [1562 bytes]","args":[{"selector":{"id":"application-managehandovers-display-component---AddNewHO--popup-sa","searchOpenDialogs":true,"interaction":{"idSuffix":"CbBg"}},"wdio_ui5_key":"applicationmanagehandovers-display-component---AddNewHO--popup-sa"}]}
RESULT: {"script":"<script> [1562 bytes]","args":[{"selector":{"id":"application-managehandovers-display-component---AddNewHO--popup-sa","searchOpenDialogs":true,"interaction":{"idSuffix":"CbBg"}},"wdio_ui5_key":"applicationmanagehandovers-display-component---AddNewHO--popup-sa"}]}
RESULT: undefined
COMMAND: POST /session/59389012155df3fc64e839119ed77469/element - {"using":"xpath","value":"//*[@id=\"application-managehandovers-display-component---AddNewHO--popup-sa\"]"}
RESULT: {"using":"xpath","value":"//*[@id=\"application-managehandovers-display-component---AddNewHO--popup-sa\"]"}
COMMAND: POST /session/59389012155df3fc64e839119ed77469/element/f.8420AFDB22D113F0275E61267E529F05.d.7BFD8387602B35D274B8AD339D374646.e.21153/click - {}
RESULT: {}
COMMAND: GET /session/59389012155df3fc64e839119ed77469/screenshot - {}
RESULT: {}
COMMAND: POST /session/59389012155df3fc64e839119ed77469/element - {"using":"xpath","value":"//bdi[contains(text(), \"Select\")]"}
RESULT: {"using":"xpath","value":"//bdi[contains(text(), \"Select\")]"}
COMMAND: POST /session/59389012155df3fc64e839119ed77469/element/f.8420AFDB22D113F0275E61267E529F05.d.7BFD8387602B35D274B8AD339D374646.e.21154/click - {}
RESULT: {}
COMMAND: GET /session/59389012155df3fc64e839119ed77469/screenshot - {}
RESULT: {}
COMMAND: POST /session/59389012155df3fc64e839119ed77469/element - {"using":"xpath","value":"//button[@data-kt=\"AddNewHOSaveButton\"]"}
RESULT: {"using":"xpath","value":"//button[@data-kt=\"AddNewHOSaveButton\"]"}
COMMAND: POST /session/59389012155df3fc64e839119ed77469/element/f.8420AFDB22D113F0275E61267E529F05.d.7BFD8387602B35D274B8AD339D374646.e.21158/click - {}
RESULT: {}
COMMAND: GET /session/59389012155df3fc64e839119ed77469/screenshot - {}
RESULT: {}
COMMAND: POST /session/59389012155df3fc64e839119ed77469/execute/async - {"script":"<script> [1562 bytes]","args":[{"selector":{"id":"receiptDatePicker","viewName":"etm.portal.ui.managehandovers.view.DetailExecuteHO","interaction":{"idSuffix":"inner"}},"wdio_ui5_key":"receiptDatePickeretmportal.ui.managehandovers.view.DetailExecuteHO"}]}
RESULT: {"script":"<script> [1562 bytes]","args":[{"selector":{"id":"receiptDatePicker","viewName":"etm.portal.ui.managehandovers.view.DetailExecuteHO","interaction":{"idSuffix":"inner"}},"wdio_ui5_key":"receiptDatePickeretmportal.ui.managehandovers.view.DetailExecuteHO"}]}
RESULT: undefined
COMMAND: POST /session/59389012155df3fc64e839119ed77469/execute/async - {"script":"<script> [6424 bytes]","args":[{"element-6066-11e4-a52e-4f735466cecf":"f.8420AFDB22D113F0275E61267E529F05.d.7BFD8387602B35D274B8AD339D374646.e.21187"},"setValue",["05/01/2025"]]}
RESULT: {"script":"<script> [6424 bytes]","args":[{"element-6066-11e4-a52e-4f735466cecf":"f.8420AFDB22D113F0275E61267E529F05.d.7BFD8387602B35D274B8AD339D374646.e.21187"},"setValue",["05/01/2025"]]}
COMMAND: POST /session/59389012155df3fc64e839119ed77469/element - {"using":"xpath","value":"//button[@data-kt=\"PickingTableConfirmAllButton\"]"}
RESULT: {"using":"xpath","value":"//button[@data-kt=\"PickingTableConfirmAllButton\"]"}
COMMAND: POST /session/59389012155df3fc64e839119ed77469/element/f.8420AFDB22D113F0275E61267E529F05.d.7BFD8387602B35D274B8AD339D374646.e.21202/click - {}
RESULT: {}
COMMAND: GET /session/59389012155df3fc64e839119ed77469/screenshot - {}
RESULT: {}
COMMAND: POST /session/59389012155df3fc64e839119ed77469/element - {"using":"xpath","value":"//bdi[contains(text(), \"OK\")]"}
RESULT: {"using":"xpath","value":"//bdi[contains(text(), \"OK\")]"}
COMMAND: POST /session/59389012155df3fc64e839119ed77469/element/f.8420AFDB22D113F0275E61267E529F05.d.7BFD8387602B35D274B8AD339D374646.e.21204/click - {}
RESULT: {}
COMMAND: GET /session/59389012155df3fc64e839119ed77469/screenshot - {}
RESULT: {}
COMMAND: POST /session/59389012155df3fc64e839119ed77469/element - {"using":"xpath","value":"(//bdi[contains(text(), \"Receive\")])[2]"}
RESULT: {"using":"xpath","value":"(//bdi[contains(text(), \"Receive\")])[2]"}
COMMAND: POST /session/59389012155df3fc64e839119ed77469/element/f.8420AFDB22D113F0275E61267E529F05.d.7BFD8387602B35D274B8AD339D374646.e.21206/click - {}
RESULT: {}
COMMAND: GET /session/59389012155df3fc64e839119ed77469/screenshot - {}
RESULT: {}
COMMAND: POST /session/59389012155df3fc64e839119ed77469/element - {"using":"css selector","value":"#shell-header-logo"}
RESULT: {"using":"css selector","value":"#shell-header-logo"}
COMMAND: POST /session/59389012155df3fc64e839119ed77469/element/f.8420AFDB22D113F0275E61267E529F05.d.7BFD8387602B35D274B8AD339D374646.e.20570/click - {}
RESULT: {}
COMMAND: GET /session/59389012155df3fc64e839119ed77469/screenshot - {}
RESULT: {}
]]></system-out>
    </testcase>
    <testcase classname="chrome.135_0_7049_96.windows.Billing_Calculation_-_Time_based_(considering_transport_times)_US139738" name="Should create a new contract" time="55.821">
      <system-out><![CDATA[
COMMAND: POST /session/59389012155df3fc64e839119ed77469/execute/async - {"script":"<script> [1562 bytes]","args":[{"selector":{"controlType":"sap.m.Text","viewName":"etm.portal.ui.managecontractstile.view.Master","properties":{"text":"Manage Contracts"},"interaction":{"idSuffix":"inner"}},"wdio_ui5_key":"etmportal.ui.managecontractstile.view.Mastersap.m.Text{\"text\":\"Manage Contracts\"}"}]}
RESULT: {"script":"<script> [1562 bytes]","args":[{"selector":{"controlType":"sap.m.Text","viewName":"etm.portal.ui.managecontractstile.view.Master","properties":{"text":"Manage Contracts"},"interaction":{"idSuffix":"inner"}},"wdio_ui5_key":"etmportal.ui.managecontractstile.view.Mastersap.m.Text{\"text\":\"Manage Contracts\"}"}]}
RESULT: undefined
COMMAND: POST /session/59389012155df3fc64e839119ed77469/element - {"using":"xpath","value":"//*[@id=\"__tile130-title\"]"}
RESULT: {"using":"xpath","value":"//*[@id=\"__tile130-title\"]"}
COMMAND: POST /session/59389012155df3fc64e839119ed77469/element/f.8420AFDB22D113F0275E61267E529F05.d.7BFD8387602B35D274B8AD339D374646.e.21382/click - {}
RESULT: {}
COMMAND: GET /session/59389012155df3fc64e839119ed77469/screenshot - {}
RESULT: {}
COMMAND: POST /session/59389012155df3fc64e839119ed77469/element - {"using":"xpath","value":"//button[@data-kt=\"addButton\"]"}
RESULT: {"using":"xpath","value":"//button[@data-kt=\"addButton\"]"}
COMMAND: POST /session/59389012155df3fc64e839119ed77469/elements - {"using":"xpath","value":"//button[@data-kt=\"addButton\"]"}
RESULT: {"using":"xpath","value":"//button[@data-kt=\"addButton\"]"}
COMMAND: POST /session/59389012155df3fc64e839119ed77469/execute/sync - {"script":"<script> [8489 bytes]","args":[{"element-6066-11e4-a52e-4f735466cecf":"f.8420AFDB22D113F0275E61267E529F05.d.7BFD8387602B35D274B8AD339D374646.e.21453","ELEMENT":"f.8420AFDB22D113F0275E61267E529F05.d.7BFD8387602B35D274B8AD339D374646.e.21453"}]}
RESULT: {"script":"<script> [8489 bytes]","args":[{"element-6066-11e4-a52e-4f735466cecf":"f.8420AFDB22D113F0275E61267E529F05.d.7BFD8387602B35D274B8AD339D374646.e.21453","ELEMENT":"f.8420AFDB22D113F0275E61267E529F05.d.7BFD8387602B35D274B8AD339D374646.e.21453"}]}
COMMAND: GET /session/59389012155df3fc64e839119ed77469/element/f.8420AFDB22D113F0275E61267E529F05.d.7BFD8387602B35D274B8AD339D374646.e.21453/enabled - {}
COMMAND: GET /session/59389012155df3fc64e839119ed77469/screenshot - {}
RESULT: {}
COMMAND: POST /session/59389012155df3fc64e839119ed77469/execute/sync - {"script":"<script> [8489 bytes]","args":[{"element-6066-11e4-a52e-4f735466cecf":"f.8420AFDB22D113F0275E61267E529F05.d.7BFD8387602B35D274B8AD339D374646.e.21453","ELEMENT":"f.8420AFDB22D113F0275E61267E529F05.d.7BFD8387602B35D274B8AD339D374646.e.21453"}]}
COMMAND: GET /session/59389012155df3fc64e839119ed77469/screenshot - {}
RESULT: {}
RESULT: {"script":"<script> [8489 bytes]","args":[{"element-6066-11e4-a52e-4f735466cecf":"f.8420AFDB22D113F0275E61267E529F05.d.7BFD8387602B35D274B8AD339D374646.e.21453","ELEMENT":"f.8420AFDB22D113F0275E61267E529F05.d.7BFD8387602B35D274B8AD339D374646.e.21453"}]}
COMMAND: POST /session/59389012155df3fc64e839119ed77469/execute/sync - {"script":"<script> [5351 bytes]","args":[{"element-6066-11e4-a52e-4f735466cecf":"f.8420AFDB22D113F0275E61267E529F05.d.7BFD8387602B35D274B8AD339D374646.e.21453","ELEMENT":"f.8420AFDB22D113F0275E61267E529F05.d.7BFD8387602B35D274B8AD339D374646.e.21453"}]}
COMMAND: GET /session/59389012155df3fc64e839119ed77469/screenshot - {}
RESULT: {}
RESULT: {"script":"<script> [5351 bytes]","args":[{"element-6066-11e4-a52e-4f735466cecf":"f.8420AFDB22D113F0275E61267E529F05.d.7BFD8387602B35D274B8AD339D374646.e.21453","ELEMENT":"f.8420AFDB22D113F0275E61267E529F05.d.7BFD8387602B35D274B8AD339D374646.e.21453"}]}
COMMAND: GET /session/59389012155df3fc64e839119ed77469/screenshot - {}
RESULT: {}
RESULT: {}
COMMAND: POST /session/59389012155df3fc64e839119ed77469/element/f.8420AFDB22D113F0275E61267E529F05.d.7BFD8387602B35D274B8AD339D374646.e.21453/click - {}
RESULT: {}
COMMAND: GET /session/59389012155df3fc64e839119ed77469/screenshot - {}
COMMAND: POST /session/59389012155df3fc64e839119ed77469/execute/async - {"script":"<script> [1562 bytes]","args":[{"selector":{"id":"application-managecontracts-display-component---AddNewContract--projectDescription","interaction":{"idSuffix":"inner"}},"wdio_ui5_key":"applicationmanagecontracts-display-component---AddNewContract--projectDescription"}]}
RESULT: {}
RESULT: {"script":"<script> [1562 bytes]","args":[{"selector":{"id":"application-managecontracts-display-component---AddNewContract--projectDescription","interaction":{"idSuffix":"inner"}},"wdio_ui5_key":"applicationmanagecontracts-display-component---AddNewContract--projectDescription"}]}
RESULT: undefined
COMMAND: POST /session/59389012155df3fc64e839119ed77469/execute/async - {"script":"<script> [776 bytes]","args":[{"enterText":"Contract WDIO","selector":{"id":"application-managecontracts-display-component---AddNewContract--projectDescription","interaction":{"idSuffix":"inner"}},"clearTextFirst":true,"interactionType":"ENTER_TEXT"}]}
RESULT: {"script":"<script> [776 bytes]","args":[{"enterText":"Contract WDIO","selector":{"id":"application-managecontracts-display-component---AddNewContract--projectDescription","interaction":{"idSuffix":"inner"}},"clearTextFirst":true,"interactionType":"ENTER_TEXT"}]}
COMMAND: POST /session/59389012155df3fc64e839119ed77469/element - {"using":"xpath","value":"//input[@id=\"application-managecontracts-display-component---AddNewContract--site-inner\"]"}
RESULT: {"using":"xpath","value":"//input[@id=\"application-managecontracts-display-component---AddNewContract--site-inner\"]"}
COMMAND: POST /session/59389012155df3fc64e839119ed77469/element/f.8420AFDB22D113F0275E61267E529F05.d.7BFD8387602B35D274B8AD339D374646.e.21751/clear - {}
RESULT: {}
COMMAND: POST /session/59389012155df3fc64e839119ed77469/element/f.8420AFDB22D113F0275E61267E529F05.d.7BFD8387602B35D274B8AD339D374646.e.21751/value - {"text":"2321"}
COMMAND: GET /session/59389012155df3fc64e839119ed77469/screenshot - {}
RESULT: {"text":"2321"}
COMMAND: GET /session/59389012155df3fc64e839119ed77469/screenshot - {}
RESULT: {}
RESULT: {}
COMMAND: POST /session/59389012155df3fc64e839119ed77469/element - {"using":"xpath","value":"//li[.//span[text()='2321']]"}
RESULT: {"using":"xpath","value":"//li[.//span[text()='2321']]"}
COMMAND: POST /session/59389012155df3fc64e839119ed77469/element/f.8420AFDB22D113F0275E61267E529F05.d.7BFD8387602B35D274B8AD339D374646.e.21775/click - {}
RESULT: {}
COMMAND: GET /session/59389012155df3fc64e839119ed77469/screenshot - {}
RESULT: {}
COMMAND: POST /session/59389012155df3fc64e839119ed77469/element - {"using":"xpath","value":"//input[@id=\"application-managecontracts-display-component---AddNewContract--yardId-inner\"]"}
RESULT: {"using":"xpath","value":"//input[@id=\"application-managecontracts-display-component---AddNewContract--yardId-inner\"]"}
COMMAND: GET /session/59389012155df3fc64e839119ed77469/element/f.8420AFDB22D113F0275E61267E529F05.d.7BFD8387602B35D274B8AD339D374646.e.21752/property/value - {}
RESULT: {}
COMMAND: POST /session/59389012155df3fc64e839119ed77469/element - {"using":"xpath","value":"//input[@id=\"application-managecontracts-display-component---AddNewContract--customerSelect-inner\"]"}
COMMAND: GET /session/59389012155df3fc64e839119ed77469/screenshot - {}
RESULT: {"using":"xpath","value":"//input[@id=\"application-managecontracts-display-component---AddNewContract--customerSelect-inner\"]"}
COMMAND: POST /session/59389012155df3fc64e839119ed77469/element/f.8420AFDB22D113F0275E61267E529F05.d.7BFD8387602B35D274B8AD339D374646.e.21750/clear - {}
RESULT: {}
RESULT: {}
COMMAND: POST /session/59389012155df3fc64e839119ed77469/element/f.8420AFDB22D113F0275E61267E529F05.d.7BFD8387602B35D274B8AD339D374646.e.21750/value - {"text":"1356"}
COMMAND: GET /session/59389012155df3fc64e839119ed77469/screenshot - {}
RESULT: {"text":"1356"}
COMMAND: GET /session/59389012155df3fc64e839119ed77469/screenshot - {}
RESULT: {}
RESULT: {}
COMMAND: POST /session/59389012155df3fc64e839119ed77469/element - {"using":"xpath","value":"//li[.//span[text()='1356']]"}
RESULT: {"using":"xpath","value":"//li[.//span[text()='1356']]"}
COMMAND: POST /session/59389012155df3fc64e839119ed77469/element/f.8420AFDB22D113F0275E61267E529F05.d.7BFD8387602B35D274B8AD339D374646.e.21778/click - {}
RESULT: {}
COMMAND: GET /session/59389012155df3fc64e839119ed77469/screenshot - {}
RESULT: {}
COMMAND: POST /session/59389012155df3fc64e839119ed77469/element - {"using":"xpath","value":"//button[@data-kt=\"saveButton\"]"}
RESULT: {"using":"xpath","value":"//button[@data-kt=\"saveButton\"]"}
COMMAND: POST /session/59389012155df3fc64e839119ed77469/element/f.8420AFDB22D113F0275E61267E529F05.d.7BFD8387602B35D274B8AD339D374646.e.21768/click - {}
RESULT: {}
COMMAND: GET /session/59389012155df3fc64e839119ed77469/screenshot - {}
RESULT: {}
COMMAND: POST /session/59389012155df3fc64e839119ed77469/element - {"using":"xpath","value":"//span[contains(@id ,\"contractDetailTitleNoExpanded\")]"}
RESULT: {"using":"xpath","value":"//span[contains(@id ,\"contractDetailTitleNoExpanded\")]"}
COMMAND: POST /session/59389012155df3fc64e839119ed77469/elements - {"using":"xpath","value":"//span[contains(@id ,\"contractDetailTitleNoExpanded\")]"}
RESULT: {"using":"xpath","value":"//span[contains(@id ,\"contractDetailTitleNoExpanded\")]"}
COMMAND: POST /session/59389012155df3fc64e839119ed77469/execute/sync - {"script":"<script> [56 bytes]","args":[{"element-6066-11e4-a52e-4f735466cecf":"f.8420AFDB22D113F0275E61267E529F05.d.7BFD8387602B35D274B8AD339D374646.e.21786","ELEMENT":"f.8420AFDB22D113F0275E61267E529F05.d.7BFD8387602B35D274B8AD339D374646.e.21786"}]}
RESULT: {"script":"<script> [56 bytes]","args":[{"element-6066-11e4-a52e-4f735466cecf":"f.8420AFDB22D113F0275E61267E529F05.d.7BFD8387602B35D274B8AD339D374646.e.21786","ELEMENT":"f.8420AFDB22D113F0275E61267E529F05.d.7BFD8387602B35D274B8AD339D374646.e.21786"}]}
COMMAND: GET /session/59389012155df3fc64e839119ed77469/screenshot - {}
RESULT: {}
]]></system-out>
    </testcase>
    <testcase classname="chrome.135_0_7049_96.windows.Billing_Calculation_-_Time_based_(considering_transport_times)_US139738" name="Should add transport time checkbox on contract details" time="15.864">
      <system-out><![CDATA[
COMMAND: POST /session/59389012155df3fc64e839119ed77469/element - {"using":"xpath","value":"//button[@data-kt=\"contractDetailEditBtnButton\"]"}
RESULT: {"using":"xpath","value":"//button[@data-kt=\"contractDetailEditBtnButton\"]"}
COMMAND: POST /session/59389012155df3fc64e839119ed77469/element/f.8420AFDB22D113F0275E61267E529F05.d.7BFD8387602B35D274B8AD339D374646.e.21789/click - {}
RESULT: {}
COMMAND: GET /session/59389012155df3fc64e839119ed77469/screenshot - {}
RESULT: {}
COMMAND: POST /session/59389012155df3fc64e839119ed77469/element - {"using":"xpath","value":"(//span[contains(text(), \"Contract Billing\")])[2]"}
RESULT: {"using":"xpath","value":"(//span[contains(text(), \"Contract Billing\")])[2]"}
COMMAND: POST /session/59389012155df3fc64e839119ed77469/element/f.8420AFDB22D113F0275E61267E529F05.d.7BFD8387602B35D274B8AD339D374646.e.21843/click - {}
RESULT: {}
COMMAND: GET /session/59389012155df3fc64e839119ed77469/screenshot - {}
RESULT: {}
COMMAND: POST /session/59389012155df3fc64e839119ed77469/element - {"using":"xpath","value":"(//div[contains(@id, \"transportTimesBilled-CbBg\")])"}
RESULT: {"using":"xpath","value":"(//div[contains(@id, \"transportTimesBilled-CbBg\")])"}
COMMAND: POST /session/59389012155df3fc64e839119ed77469/element/f.8420AFDB22D113F0275E61267E529F05.d.7BFD8387602B35D274B8AD339D374646.e.21875/click - {}
RESULT: {}
COMMAND: GET /session/59389012155df3fc64e839119ed77469/screenshot - {}
RESULT: {}
COMMAND: POST /session/59389012155df3fc64e839119ed77469/element - {"using":"xpath","value":"(//button[@data-kt=\"saveButton\"])[2]"}
RESULT: {"using":"xpath","value":"(//button[@data-kt=\"saveButton\"])[2]"}
COMMAND: POST /session/59389012155df3fc64e839119ed77469/element/f.8420AFDB22D113F0275E61267E529F05.d.7BFD8387602B35D274B8AD339D374646.e.21876/click - {}
RESULT: {}
COMMAND: GET /session/59389012155df3fc64e839119ed77469/screenshot - {}
RESULT: {}
]]></system-out>
    </testcase>
    <testcase classname="chrome.135_0_7049_96.windows.Billing_Calculation_-_Time_based_(considering_transport_times)_US139738" name="Should add created equipment to contract" time="45.198">
      <system-out><![CDATA[
COMMAND: POST /session/59389012155df3fc64e839119ed77469/element - {"using":"xpath","value":"//button[@data-kt=\"contractDetailEditBtnButton\"]"}
RESULT: {"using":"xpath","value":"//button[@data-kt=\"contractDetailEditBtnButton\"]"}
COMMAND: POST /session/59389012155df3fc64e839119ed77469/element/f.8420AFDB22D113F0275E61267E529F05.d.7BFD8387602B35D274B8AD339D374646.e.21789/click - {}
RESULT: {}
COMMAND: GET /session/59389012155df3fc64e839119ed77469/screenshot - {}
RESULT: {}
COMMAND: POST /session/59389012155df3fc64e839119ed77469/element - {"using":"xpath","value":"(//span[contains(text(), \"Additional Addresses\")])[2]"}
RESULT: {"using":"xpath","value":"(//span[contains(text(), \"Additional Addresses\")])[2]"}
COMMAND: POST /session/59389012155df3fc64e839119ed77469/element/f.8420AFDB22D113F0275E61267E529F05.d.7BFD8387602B35D274B8AD339D374646.e.21892/click - {}
RESULT: {}
COMMAND: GET /session/59389012155df3fc64e839119ed77469/screenshot - {}
RESULT: {}
COMMAND: POST /session/59389012155df3fc64e839119ed77469/element - {"using":"xpath","value":"//button[@data-kt=\"btnAddTableRowOverflowToolbarButton\"]"}
RESULT: {"using":"xpath","value":"//button[@data-kt=\"btnAddTableRowOverflowToolbarButton\"]"}
COMMAND: POST /session/59389012155df3fc64e839119ed77469/element/f.8420AFDB22D113F0275E61267E529F05.d.7BFD8387602B35D274B8AD339D374646.e.21895/click - {}
RESULT: {}
COMMAND: GET /session/59389012155df3fc64e839119ed77469/screenshot - {}
RESULT: {}
COMMAND: POST /session/59389012155df3fc64e839119ed77469/element - {"using":"xpath","value":"//div[(text() = 'Standard Entry' or . = 'Standard Entry')]"}
RESULT: {"using":"xpath","value":"//div[(text() = 'Standard Entry' or . = 'Standard Entry')]"}
COMMAND: POST /session/59389012155df3fc64e839119ed77469/element/f.8420AFDB22D113F0275E61267E529F05.d.7BFD8387602B35D274B8AD339D374646.e.21897/click - {}
RESULT: {}
COMMAND: GET /session/59389012155df3fc64e839119ed77469/screenshot - {}
RESULT: {}
COMMAND: POST /session/59389012155df3fc64e839119ed77469/element - {"using":"xpath","value":"//td[7]/div/div/input"}
RESULT: {"using":"xpath","value":"//td[7]/div/div/input"}
COMMAND: POST /session/59389012155df3fc64e839119ed77469/element/f.8420AFDB22D113F0275E61267E529F05.d.7BFD8387602B35D274B8AD339D374646.e.21906/clear - {}
RESULT: {}
COMMAND: POST /session/59389012155df3fc64e839119ed77469/element/f.8420AFDB22D113F0275E61267E529F05.d.7BFD8387602B35D274B8AD339D374646.e.21906/value - {"text":"iVhWB3vITt"}
COMMAND: GET /session/59389012155df3fc64e839119ed77469/screenshot - {}
RESULT: {"text":"iVhWB3vITt"}
COMMAND: GET /session/59389012155df3fc64e839119ed77469/screenshot - {}
RESULT: {}
RESULT: {}
COMMAND: POST /session/59389012155df3fc64e839119ed77469/actions - {"actions":[{"id":"action76","type":"key","parameters":{},"actions":[{"type":"keyDown","value":"î€‡"},{"type":"pause","duration":10},{"type":"keyUp","value":"î€‡"}]}]}
RESULT: {"actions":[{"id":"action76","type":"key","parameters":{},"actions":[{"type":"keyDown","value":"î€‡"},{"type":"pause","duration":10},{"type":"keyUp","value":"î€‡"}]}]}
COMMAND: GET /session/59389012155df3fc64e839119ed77469/screenshot - {}
RESULT: {}
COMMAND: POST /session/59389012155df3fc64e839119ed77469/execute/sync - {"script":"<script> [276 bytes]","args":["No pricing information was found"]}
RESULT: {"script":"<script> [276 bytes]","args":["No pricing information was found"]}
COMMAND: POST /session/59389012155df3fc64e839119ed77469/element - {"using":"xpath","value":"(//button[@data-kt=\"saveButton\"])[2]"}
COMMAND: GET /session/59389012155df3fc64e839119ed77469/screenshot - {}
RESULT: {"using":"xpath","value":"(//button[@data-kt=\"saveButton\"])[2]"}
COMMAND: POST /session/59389012155df3fc64e839119ed77469/element/f.8420AFDB22D113F0275E61267E529F05.d.7BFD8387602B35D274B8AD339D374646.e.21876/click - {}
RESULT: {}
RESULT: {}
COMMAND: GET /session/59389012155df3fc64e839119ed77469/screenshot - {}
RESULT: {}
COMMAND: POST /session/59389012155df3fc64e839119ed77469/execute/sync - {"script":"<script> [276 bytes]","args":["Some contract items are having rental validity exceeding header rental validity"]}
RESULT: {"script":"<script> [276 bytes]","args":["Some contract items are having rental validity exceeding header rental validity"]}
COMMAND: GET /session/59389012155df3fc64e839119ed77469/screenshot - {}
RESULT: {}
COMMAND: POST /session/59389012155df3fc64e839119ed77469/element - {"using":"xpath","value":"//span[contains(@id ,\"contractItemsSmartTable-header-inner\")]"}
RESULT: {"using":"xpath","value":"//span[contains(@id ,\"contractItemsSmartTable-header-inner\")]"}
COMMAND: POST /session/59389012155df3fc64e839119ed77469/elements - {"using":"xpath","value":"//span[contains(@id ,\"contractItemsSmartTable-header-inner\")]"}
RESULT: {"using":"xpath","value":"//span[contains(@id ,\"contractItemsSmartTable-header-inner\")]"}
COMMAND: POST /session/59389012155df3fc64e839119ed77469/execute/sync - {"script":"<script> [56 bytes]","args":[{"element-6066-11e4-a52e-4f735466cecf":"f.8420AFDB22D113F0275E61267E529F05.d.7BFD8387602B35D274B8AD339D374646.e.21926","ELEMENT":"f.8420AFDB22D113F0275E61267E529F05.d.7BFD8387602B35D274B8AD339D374646.e.21926"}]}
RESULT: {"script":"<script> [56 bytes]","args":[{"element-6066-11e4-a52e-4f735466cecf":"f.8420AFDB22D113F0275E61267E529F05.d.7BFD8387602B35D274B8AD339D374646.e.21926","ELEMENT":"f.8420AFDB22D113F0275E61267E529F05.d.7BFD8387602B35D274B8AD339D374646.e.21926"}]}
]]></system-out>
    </testcase>
    <testcase classname="chrome.135_0_7049_96.windows.Billing_Calculation_-_Time_based_(considering_transport_times)_US139738" name="Should do a provide to site 2 step" time="130.234">
      <system-out><![CDATA[
COMMAND: POST /session/59389012155df3fc64e839119ed77469/element - {"using":"xpath","value":"//button[@data-kt=\"provideButton\"]"}
COMMAND: GET /session/59389012155df3fc64e839119ed77469/screenshot - {}
RESULT: {"using":"xpath","value":"//button[@data-kt=\"provideButton\"]"}
COMMAND: POST /session/59389012155df3fc64e839119ed77469/element/f.8420AFDB22D113F0275E61267E529F05.d.7BFD8387602B35D274B8AD339D374646.e.21927/click - {}
RESULT: {}
RESULT: {}
COMMAND: GET /session/59389012155df3fc64e839119ed77469/screenshot - {}
RESULT: {}
COMMAND: POST /session/59389012155df3fc64e839119ed77469/element - {"using":"xpath","value":"(//div[contains(@id, \"application-managehandovers-display-component---AddNewHO--oneStep-CbBg\")])"}
RESULT: {"using":"xpath","value":"(//div[contains(@id, \"application-managehandovers-display-component---AddNewHO--oneStep-CbBg\")])"}
COMMAND: POST /session/59389012155df3fc64e839119ed77469/element - {"using":"xpath","value":"(//div[contains(@id, \"application-managehandovers-display-component---AddNewHO--oneStep-CbBg\")])/input"}
RESULT: {"using":"xpath","value":"(//div[contains(@id, \"application-managehandovers-display-component---AddNewHO--oneStep-CbBg\")])/input"}
COMMAND: GET /session/59389012155df3fc64e839119ed77469/element/f.8420AFDB22D113F0275E61267E529F05.d.7BFD8387602B35D274B8AD339D374646.e.21988/attribute/checked - {}
RESULT: {}
RESULT: undefined
COMMAND: POST /session/59389012155df3fc64e839119ed77469/execute/async - {"script":"<script> [6424 bytes]","args":[{"element-6066-11e4-a52e-4f735466cecf":"f.8420AFDB22D113F0275E61267E529F05.d.7BFD8387602B35D274B8AD339D374646.e.20973"},"setValue",["05/01/2025"]]}
COMMAND: POST /session/59389012155df3fc64e839119ed77469/element/f.8420AFDB22D113F0275E61267E529F05.d.7BFD8387602B35D274B8AD339D374646.e.22233/click - {}
COMMAND: POST /session/59389012155df3fc64e839119ed77469/execute/async - {"script":"<script> [1562 bytes]","args":[{"selector":{"id":"application-managehandovers-display-component---AddNewHO--dueDate","interaction":{"idSuffix":"inner"}},"wdio_ui5_key":"applicationmanagehandovers-display-component---AddNewHO--dueDate"}]}
RESULT: {}
COMMAND: GET /session/59389012155df3fc64e839119ed77469/screenshot - {}
RESULT: {"script":"<script> [1562 bytes]","args":[{"selector":{"id":"application-managehandovers-display-component---AddNewHO--dueDate","interaction":{"idSuffix":"inner"}},"wdio_ui5_key":"applicationmanagehandovers-display-component---AddNewHO--dueDate"}]}
COMMAND: POST /session/59389012155df3fc64e839119ed77469/execute/async - {"script":"<script> [6424 bytes]","args":[{"element-6066-11e4-a52e-4f735466cecf":"f.8420AFDB22D113F0275E61267E529F05.d.7BFD8387602B35D274B8AD339D374646.e.21984"},"setValue",["05/01/2025"]]}
RESULT: {}
RESULT: {"script":"<script> [6424 bytes]","args":[{"element-6066-11e4-a52e-4f735466cecf":"f.8420AFDB22D113F0275E61267E529F05.d.7BFD8387602B35D274B8AD339D374646.e.21984"},"setValue",["05/01/2025"]]}
COMMAND: POST /session/59389012155df3fc64e839119ed77469/element - {"using":"xpath","value":"//bdi[contains(text(), \"Instructions\")]"}
RESULT: {"using":"xpath","value":"//bdi[contains(text(), \"Instructions\")]"}
COMMAND: POST /session/59389012155df3fc64e839119ed77469/element/f.8420AFDB22D113F0275E61267E529F05.d.7BFD8387602B35D274B8AD339D374646.e.22237/click - {}
RESULT: {}
COMMAND: GET /session/59389012155df3fc64e839119ed77469/screenshot - {}
RESULT: {}
COMMAND: POST /session/59389012155df3fc64e839119ed77469/element - {"using":"xpath","value":"//button[@data-kt=\"AddNewHOProvideAddItemsButton\"]"}
RESULT: {"using":"xpath","value":"//button[@data-kt=\"AddNewHOProvideAddItemsButton\"]"}
COMMAND: POST /session/59389012155df3fc64e839119ed77469/element/f.8420AFDB22D113F0275E61267E529F05.d.7BFD8387602B35D274B8AD339D374646.e.22240/click - {}
RESULT: {}
COMMAND: GET /session/59389012155df3fc64e839119ed77469/screenshot - {}
RESULT: {}
RESULT: undefined
COMMAND: POST /session/59389012155df3fc64e839119ed77469/element - {"using":"xpath","value":"//*[@id=\"application-managehandovers-display-component---AddNewHO--popup-sa\"]"}
RESULT: {"using":"xpath","value":"//*[@id=\"application-managehandovers-display-component---AddNewHO--popup-sa\"]"}
COMMAND: POST /session/59389012155df3fc64e839119ed77469/element/f.8420AFDB22D113F0275E61267E529F05.d.7BFD8387602B35D274B8AD339D374646.e.22251/click - {}
RESULT: {}
COMMAND: GET /session/59389012155df3fc64e839119ed77469/screenshot - {}
RESULT: {}
COMMAND: POST /session/59389012155df3fc64e839119ed77469/element - {"using":"xpath","value":"//*[contains(@id ,\"BDI-content\")][contains(text(), \"Select\")]"}
RESULT: {"using":"xpath","value":"//*[contains(@id ,\"BDI-content\")][contains(text(), \"Select\")]"}
COMMAND: POST /session/59389012155df3fc64e839119ed77469/element/f.8420AFDB22D113F0275E61267E529F05.d.7BFD8387602B35D274B8AD339D374646.e.22253/click - {}
RESULT: {}
COMMAND: GET /session/59389012155df3fc64e839119ed77469/screenshot - {}
RESULT: {}
COMMAND: POST /session/59389012155df3fc64e839119ed77469/execute/async - {"script":"<script> [1562 bytes]","args":[{"selector":{"id":"application-managehandovers-display-component---AddNewHO--confirmCreationButton","interaction":{"idSuffix":"BDI-content"}},"wdio_ui5_key":"applicationmanagehandovers-display-component---AddNewHO--confirmCreationButton"}]}
RESULT: {"script":"<script> [1562 bytes]","args":[{"selector":{"id":"application-managehandovers-display-component---AddNewHO--confirmCreationButton","interaction":{"idSuffix":"BDI-content"}},"wdio_ui5_key":"applicationmanagehandovers-display-component---AddNewHO--confirmCreationButton"}]}
RESULT: undefined
COMMAND: POST /session/59389012155df3fc64e839119ed77469/element - {"using":"xpath","value":"//*[@id=\"application-managehandovers-display-component---AddNewHO--confirmCreationButton\"]"}
RESULT: {"using":"xpath","value":"//*[@id=\"application-managehandovers-display-component---AddNewHO--confirmCreationButton\"]"}
COMMAND: POST /session/59389012155df3fc64e839119ed77469/element/f.8420AFDB22D113F0275E61267E529F05.d.7BFD8387602B35D274B8AD339D374646.e.22064/click - {}
RESULT: {}
COMMAND: GET /session/59389012155df3fc64e839119ed77469/screenshot - {}
RESULT: {}
COMMAND: POST /session/59389012155df3fc64e839119ed77469/element - {"using":"xpath","value":"//button[@data-kt=\"PickingTableConfirmAllButton\"]"}
RESULT: {"using":"xpath","value":"//button[@data-kt=\"PickingTableConfirmAllButton\"]"}
COMMAND: POST /session/59389012155df3fc64e839119ed77469/element/f.8420AFDB22D113F0275E61267E529F05.d.7BFD8387602B35D274B8AD339D374646.e.22288/click - {}
COMMAND: POST /session/59389012155df3fc64e839119ed77469/element - {"using":"xpath","value":"//button[@data-kt=\"PickingTableConfirmAllButton\"]"}
RESULT: {"using":"xpath","value":"//button[@data-kt=\"PickingTableConfirmAllButton\"]"}
COMMAND: POST /session/59389012155df3fc64e839119ed77469/element/f.8420AFDB22D113F0275E61267E529F05.d.7BFD8387602B35D274B8AD339D374646.e.22288/click - {}
COMMAND: POST /session/59389012155df3fc64e839119ed77469/element - {"using":"xpath","value":"//button[@data-kt=\"PickingTableConfirmAllButton\"]"}
RESULT: {"using":"xpath","value":"//button[@data-kt=\"PickingTableConfirmAllButton\"]"}
COMMAND: POST /session/59389012155df3fc64e839119ed77469/element/f.8420AFDB22D113F0275E61267E529F05.d.7BFD8387602B35D274B8AD339D374646.e.22308/click - {}
RESULT: {}
COMMAND: GET /session/59389012155df3fc64e839119ed77469/screenshot - {}
RESULT: {}
COMMAND: POST /session/59389012155df3fc64e839119ed77469/element - {"using":"xpath","value":"//bdi[contains(text(), \"OK\")]"}
RESULT: {"using":"xpath","value":"//bdi[contains(text(), \"OK\")]"}
COMMAND: POST /session/59389012155df3fc64e839119ed77469/element/f.8420AFDB22D113F0275E61267E529F05.d.7BFD8387602B35D274B8AD339D374646.e.22311/click - {}
RESULT: {}
COMMAND: GET /session/59389012155df3fc64e839119ed77469/screenshot - {}
RESULT: {}
COMMAND: POST /session/59389012155df3fc64e839119ed77469/element - {"using":"xpath","value":"//button[@data-kt=\"execHoPickButton\"]"}
RESULT: {"using":"xpath","value":"//button[@data-kt=\"execHoPickButton\"]"}
COMMAND: POST /session/59389012155df3fc64e839119ed77469/element/f.8420AFDB22D113F0275E61267E529F05.d.7BFD8387602B35D274B8AD339D374646.e.22313/click - {}
RESULT: {}
COMMAND: GET /session/59389012155df3fc64e839119ed77469/screenshot - {}
RESULT: {}
COMMAND: POST /session/59389012155df3fc64e839119ed77469/element - {"using":"xpath","value":"//span[contains(@id ,\"filterItemControl_BASIC-RECEIVE_CONTRACT-vhi\")]"}
RESULT: {"using":"xpath","value":"//span[contains(@id ,\"filterItemControl_BASIC-RECEIVE_CONTRACT-vhi\")]"}
COMMAND: POST /session/59389012155df3fc64e839119ed77469/element/f.8420AFDB22D113F0275E61267E529F05.d.7BFD8387602B35D274B8AD339D374646.e.22600/click - {}
RESULT: {}
COMMAND: GET /session/59389012155df3fc64e839119ed77469/screenshot - {}
RESULT: {}
COMMAND: POST /session/59389012155df3fc64e839119ed77469/execute/async - {"script":"<script> [1562 bytes]","args":[{"selector":{"controlType":"sap.m.SearchField","viewName":"etm.portal.ui.managehandovers.view.MasterHO","bindingPath":{"path":"","propertyPath":"/_BASIC_SEARCH_FIELD","modelName":"fi1t3rM0d31"},"searchOpenDialogs":true,"interaction":{"idSuffix":"I"}},"wdio_ui5_key":"etmportal.ui.managehandovers.view.MasterHOsap.m.SearchField{\"path\":\"\",\"propertyPath\":\"/_BASIC_SEARCH_FIELD\",\"modelName\":\"fi1t3rM0d31\"}"}]}
RESULT: {"script":"<script> [1562 bytes]","args":[{"selector":{"controlType":"sap.m.SearchField","viewName":"etm.portal.ui.managehandovers.view.MasterHO","bindingPath":{"path":"","propertyPath":"/_BASIC_SEARCH_FIELD","modelName":"fi1t3rM0d31"},"searchOpenDialogs":true,"interaction":{"idSuffix":"I"}},"wdio_ui5_key":"etmportal.ui.managehandovers.view.MasterHOsap.m.SearchField{\"path\":\"\",\"propertyPath\":\"/_BASIC_SEARCH_FIELD\",\"modelName\":\"fi1t3rM0d31\"}"}]}
RESULT: undefined
COMMAND: POST /session/59389012155df3fc64e839119ed77469/execute/async - {"script":"<script> [776 bytes]","args":[{"enterText":"10440","selector":{"controlType":"sap.m.SearchField","viewName":"etm.portal.ui.managehandovers.view.MasterHO","bindingPath":{"path":"","propertyPath":"/_BASIC_SEARCH_FIELD","modelName":"fi1t3rM0d31"},"searchOpenDialogs":true,"interaction":{"idSuffix":"I"}},"clearTextFirst":true,"interactionType":"ENTER_TEXT"}]}
RESULT: {"script":"<script> [776 bytes]","args":[{"enterText":"10440","selector":{"controlType":"sap.m.SearchField","viewName":"etm.portal.ui.managehandovers.view.MasterHO","bindingPath":{"path":"","propertyPath":"/_BASIC_SEARCH_FIELD","modelName":"fi1t3rM0d31"},"searchOpenDialogs":true,"interaction":{"idSuffix":"I"}},"clearTextFirst":true,"interactionType":"ENTER_TEXT"}]}
COMMAND: POST /session/59389012155df3fc64e839119ed77469/actions - {"actions":[{"id":"action77","type":"key","parameters":{},"actions":[{"type":"keyDown","value":"î€‡"},{"type":"pause","duration":10},{"type":"keyUp","value":"î€‡"}]}]}
RESULT: {"actions":[{"id":"action77","type":"key","parameters":{},"actions":[{"type":"keyDown","value":"î€‡"},{"type":"pause","duration":10},{"type":"keyUp","value":"î€‡"}]}]}
COMMAND: GET /session/59389012155df3fc64e839119ed77469/screenshot - {}
RESULT: {}
COMMAND: POST /session/59389012155df3fc64e839119ed77469/element - {"using":"xpath","value":"//div[contains(@id, 'filterItemControl_BASIC-RECEIVE_CONTRACT-valueHelpDialog-table-rowsel0')]"}
RESULT: {"using":"xpath","value":"//div[contains(@id, 'filterItemControl_BASIC-RECEIVE_CONTRACT-valueHelpDialog-table-rowsel0')]"}
COMMAND: POST /session/59389012155df3fc64e839119ed77469/element/f.8420AFDB22D113F0275E61267E529F05.d.7BFD8387602B35D274B8AD339D374646.e.22609/click - {}
RESULT: {}
COMMAND: GET /session/59389012155df3fc64e839119ed77469/screenshot - {}
RESULT: {}
COMMAND: POST /session/59389012155df3fc64e839119ed77469/element - {"using":"xpath","value":"//bdi[contains(text(), \"OK\")]"}
RESULT: {"using":"xpath","value":"//bdi[contains(text(), \"OK\")]"}
COMMAND: POST /session/59389012155df3fc64e839119ed77469/element/f.8420AFDB22D113F0275E61267E529F05.d.7BFD8387602B35D274B8AD339D374646.e.22611/click - {}
RESULT: {}
COMMAND: GET /session/59389012155df3fc64e839119ed77469/screenshot - {}
RESULT: {}
COMMAND: POST /session/59389012155df3fc64e839119ed77469/element - {"using":"xpath","value":"//span[contains(@id, \"smartTable-header-inner\")]"}
RESULT: {"using":"xpath","value":"//span[contains(@id, \"smartTable-header-inner\")]"}
COMMAND: POST /session/59389012155df3fc64e839119ed77469/elements - {"using":"xpath","value":"//span[contains(@id, \"smartTable-header-inner\")]"}
RESULT: {"using":"xpath","value":"//span[contains(@id, \"smartTable-header-inner\")]"}
COMMAND: POST /session/59389012155df3fc64e839119ed77469/execute/sync - {"script":"<script> [56 bytes]","args":[{"element-6066-11e4-a52e-4f735466cecf":"f.8420AFDB22D113F0275E61267E529F05.d.7BFD8387602B35D274B8AD339D374646.e.22638","ELEMENT":"f.8420AFDB22D113F0275E61267E529F05.d.7BFD8387602B35D274B8AD339D374646.e.22638"}]}
RESULT: {"script":"<script> [56 bytes]","args":[{"element-6066-11e4-a52e-4f735466cecf":"f.8420AFDB22D113F0275E61267E529F05.d.7BFD8387602B35D274B8AD339D374646.e.22638","ELEMENT":"f.8420AFDB22D113F0275E61267E529F05.d.7BFD8387602B35D274B8AD339D374646.e.22638"}]}
COMMAND: POST /session/59389012155df3fc64e839119ed77469/element - {"using":"xpath","value":"//table[contains(@id, \"customHandovers\")]//tbody/tr[1]/td[2]/span"}
COMMAND: GET /session/59389012155df3fc64e839119ed77469/screenshot - {}
RESULT: {"using":"xpath","value":"//table[contains(@id, \"customHandovers\")]//tbody/tr[1]/td[2]/span"}
COMMAND: POST /session/59389012155df3fc64e839119ed77469/execute/sync - {"script":"<script> [56 bytes]","args":[{"element-6066-11e4-a52e-4f735466cecf":"f.8420AFDB22D113F0275E61267E529F05.d.7BFD8387602B35D274B8AD339D374646.e.22640","ELEMENT":"f.8420AFDB22D113F0275E61267E529F05.d.7BFD8387602B35D274B8AD339D374646.e.22640"}]}
RESULT: {}
RESULT: {"script":"<script> [56 bytes]","args":[{"element-6066-11e4-a52e-4f735466cecf":"f.8420AFDB22D113F0275E61267E529F05.d.7BFD8387602B35D274B8AD339D374646.e.22640","ELEMENT":"f.8420AFDB22D113F0275E61267E529F05.d.7BFD8387602B35D274B8AD339D374646.e.22640"}]}
COMMAND: POST /session/59389012155df3fc64e839119ed77469/element - {"using":"xpath","value":"(//span[contains(@id, \"imgNav\")])[1]"}
COMMAND: GET /session/59389012155df3fc64e839119ed77469/screenshot - {}
RESULT: {"using":"xpath","value":"(//span[contains(@id, \"imgNav\")])[1]"}
COMMAND: POST /session/59389012155df3fc64e839119ed77469/element/f.8420AFDB22D113F0275E61267E529F05.d.7BFD8387602B35D274B8AD339D374646.e.22637/click - {}
RESULT: {}
RESULT: {}
COMMAND: GET /session/59389012155df3fc64e839119ed77469/screenshot - {}
RESULT: {}
COMMAND: POST /session/59389012155df3fc64e839119ed77469/element - {"using":"xpath","value":"//button[@data-kt=\"PickingTableConfirmAllButton\"]"}
RESULT: {"using":"xpath","value":"//button[@data-kt=\"PickingTableConfirmAllButton\"]"}
COMMAND: POST /session/59389012155df3fc64e839119ed77469/element/f.8420AFDB22D113F0275E61267E529F05.d.7BFD8387602B35D274B8AD339D374646.e.22680/click - {}
RESULT: {}
COMMAND: GET /session/59389012155df3fc64e839119ed77469/screenshot - {}
RESULT: {}
COMMAND: POST /session/59389012155df3fc64e839119ed77469/element - {"using":"xpath","value":"//bdi[contains(text(), \"OK\")]"}
RESULT: {"using":"xpath","value":"//bdi[contains(text(), \"OK\")]"}
COMMAND: POST /session/59389012155df3fc64e839119ed77469/element/f.8420AFDB22D113F0275E61267E529F05.d.7BFD8387602B35D274B8AD339D374646.e.22690/click - {}
RESULT: {}
COMMAND: GET /session/59389012155df3fc64e839119ed77469/screenshot - {}
RESULT: {}
COMMAND: POST /session/59389012155df3fc64e839119ed77469/element - {"using":"xpath","value":"//button[@data-kt=\"execHoIssueButton\"]"}
RESULT: {"using":"xpath","value":"//button[@data-kt=\"execHoIssueButton\"]"}
COMMAND: POST /session/59389012155df3fc64e839119ed77469/element/f.8420AFDB22D113F0275E61267E529F05.d.7BFD8387602B35D274B8AD339D374646.e.22692/click - {}
RESULT: {}
COMMAND: GET /session/59389012155df3fc64e839119ed77469/screenshot - {}
RESULT: {}
COMMAND: POST /session/59389012155df3fc64e839119ed77469/element - {"using":"xpath","value":"//input[contains(@id ,\"smartFilterBar-btnBasicSearch-I\")]"}
RESULT: {"using":"xpath","value":"//input[contains(@id ,\"smartFilterBar-btnBasicSearch-I\")]"}
COMMAND: POST /session/59389012155df3fc64e839119ed77469/elements - {"using":"xpath","value":"//input[contains(@id ,\"smartFilterBar-btnBasicSearch-I\")]"}
RESULT: {"using":"xpath","value":"//input[contains(@id ,\"smartFilterBar-btnBasicSearch-I\")]"}
COMMAND: POST /session/59389012155df3fc64e839119ed77469/execute/sync - {"script":"<script> [8489 bytes]","args":[{"element-6066-11e4-a52e-4f735466cecf":"f.8420AFDB22D113F0275E61267E529F05.d.7BFD8387602B35D274B8AD339D374646.e.21983","ELEMENT":"f.8420AFDB22D113F0275E61267E529F05.d.7BFD8387602B35D274B8AD339D374646.e.21983"}]}
RESULT: {"script":"<script> [8489 bytes]","args":[{"element-6066-11e4-a52e-4f735466cecf":"f.8420AFDB22D113F0275E61267E529F05.d.7BFD8387602B35D274B8AD339D374646.e.21983","ELEMENT":"f.8420AFDB22D113F0275E61267E529F05.d.7BFD8387602B35D274B8AD339D374646.e.21983"}]}
COMMAND: GET /session/59389012155df3fc64e839119ed77469/element/f.8420AFDB22D113F0275E61267E529F05.d.7BFD8387602B35D274B8AD339D374646.e.21983/enabled - {}
COMMAND: GET /session/59389012155df3fc64e839119ed77469/screenshot - {}
RESULT: {}
COMMAND: POST /session/59389012155df3fc64e839119ed77469/element/f.8420AFDB22D113F0275E61267E529F05.d.7BFD8387602B35D274B8AD339D374646.e.21983/clear - {}
COMMAND: GET /session/59389012155df3fc64e839119ed77469/screenshot - {}
RESULT: {}
RESULT: {}
COMMAND: POST /session/59389012155df3fc64e839119ed77469/element/f.8420AFDB22D113F0275E61267E529F05.d.7BFD8387602B35D274B8AD339D374646.e.21983/value - {"text":"30629"}
COMMAND: GET /session/59389012155df3fc64e839119ed77469/screenshot - {}
RESULT: {}
RESULT: {"text":"30629"}
COMMAND: GET /session/59389012155df3fc64e839119ed77469/screenshot - {}
RESULT: {}
RESULT: {}
COMMAND: POST /session/59389012155df3fc64e839119ed77469/actions - {"actions":[{"id":"action78","type":"key","parameters":{},"actions":[{"type":"keyDown","value":"î€‡"},{"type":"pause","duration":10},{"type":"keyUp","value":"î€‡"}]}]}
RESULT: {"actions":[{"id":"action78","type":"key","parameters":{},"actions":[{"type":"keyDown","value":"î€‡"},{"type":"pause","duration":10},{"type":"keyUp","value":"î€‡"}]}]}
COMMAND: GET /session/59389012155df3fc64e839119ed77469/screenshot - {}
RESULT: {}
COMMAND: POST /session/59389012155df3fc64e839119ed77469/element - {"using":"xpath","value":"//span[contains(@id, \"smartTable-header-inner\")]"}
RESULT: {"using":"xpath","value":"//span[contains(@id, \"smartTable-header-inner\")]"}
COMMAND: POST /session/59389012155df3fc64e839119ed77469/elements - {"using":"xpath","value":"//span[contains(@id, \"smartTable-header-inner\")]"}
RESULT: {"using":"xpath","value":"//span[contains(@id, \"smartTable-header-inner\")]"}
COMMAND: POST /session/59389012155df3fc64e839119ed77469/execute/sync - {"script":"<script> [56 bytes]","args":[{"element-6066-11e4-a52e-4f735466cecf":"f.8420AFDB22D113F0275E61267E529F05.d.7BFD8387602B35D274B8AD339D374646.e.22638","ELEMENT":"f.8420AFDB22D113F0275E61267E529F05.d.7BFD8387602B35D274B8AD339D374646.e.22638"}]}
RESULT: {"script":"<script> [56 bytes]","args":[{"element-6066-11e4-a52e-4f735466cecf":"f.8420AFDB22D113F0275E61267E529F05.d.7BFD8387602B35D274B8AD339D374646.e.22638","ELEMENT":"f.8420AFDB22D113F0275E61267E529F05.d.7BFD8387602B35D274B8AD339D374646.e.22638"}]}
COMMAND: POST /session/59389012155df3fc64e839119ed77469/elements - {"using":"xpath","value":"//thead[contains(@class, \"sapMTableTH\")]/tr/th"}
COMMAND: GET /session/59389012155df3fc64e839119ed77469/screenshot - {}
RESULT: {"using":"xpath","value":"//thead[contains(@class, \"sapMTableTH\")]/tr/th"}
COMMAND: GET /session/59389012155df3fc64e839119ed77469/element/f.8420AFDB22D113F0275E61267E529F05.d.7BFD8387602B35D274B8AD339D374646.e.22731/text - {}
RESULT: {}
RESULT: {}
COMMAND: GET /session/59389012155df3fc64e839119ed77469/element/f.8420AFDB22D113F0275E61267E529F05.d.7BFD8387602B35D274B8AD339D374646.e.22732/text - {}
RESULT: {}
COMMAND: GET /session/59389012155df3fc64e839119ed77469/element/f.8420AFDB22D113F0275E61267E529F05.d.7BFD8387602B35D274B8AD339D374646.e.22030/text - {}
RESULT: {}
COMMAND: GET /session/59389012155df3fc64e839119ed77469/element/f.8420AFDB22D113F0275E61267E529F05.d.7BFD8387602B35D274B8AD339D374646.e.22032/text - {}
RESULT: {}
COMMAND: GET /session/59389012155df3fc64e839119ed77469/element/f.8420AFDB22D113F0275E61267E529F05.d.7BFD8387602B35D274B8AD339D374646.e.22694/text - {}
RESULT: {}
COMMAND: GET /session/59389012155df3fc64e839119ed77469/element/f.8420AFDB22D113F0275E61267E529F05.d.7BFD8387602B35D274B8AD339D374646.e.22695/text - {}
RESULT: {}
COMMAND: GET /session/59389012155df3fc64e839119ed77469/element/f.8420AFDB22D113F0275E61267E529F05.d.7BFD8387602B35D274B8AD339D374646.e.22696/text - {}
RESULT: {}
COMMAND: GET /session/59389012155df3fc64e839119ed77469/element/f.8420AFDB22D113F0275E61267E529F05.d.7BFD8387602B35D274B8AD339D374646.e.22697/text - {}
RESULT: {}
COMMAND: GET /session/59389012155df3fc64e839119ed77469/element/f.8420AFDB22D113F0275E61267E529F05.d.7BFD8387602B35D274B8AD339D374646.e.22698/text - {}
RESULT: {}
COMMAND: GET /session/59389012155df3fc64e839119ed77469/element/f.8420AFDB22D113F0275E61267E529F05.d.7BFD8387602B35D274B8AD339D374646.e.22699/text - {}
RESULT: {}
COMMAND: GET /session/59389012155df3fc64e839119ed77469/element/f.8420AFDB22D113F0275E61267E529F05.d.7BFD8387602B35D274B8AD339D374646.e.22700/text - {}
RESULT: {}
COMMAND: GET /session/59389012155df3fc64e839119ed77469/element/f.8420AFDB22D113F0275E61267E529F05.d.7BFD8387602B35D274B8AD339D374646.e.22701/text - {}
RESULT: {}
COMMAND: GET /session/59389012155df3fc64e839119ed77469/element/f.8420AFDB22D113F0275E61267E529F05.d.7BFD8387602B35D274B8AD339D374646.e.22702/text - {}
RESULT: {}
COMMAND: GET /session/59389012155df3fc64e839119ed77469/element/f.8420AFDB22D113F0275E61267E529F05.d.7BFD8387602B35D274B8AD339D374646.e.22033/text - {}
RESULT: {}
COMMAND: POST /session/59389012155df3fc64e839119ed77469/element - {"using":"xpath","value":"//tbody[contains(@id, \"customHandoversTable-tblBody\")]/tr[1]/td[14]/div/span"}
RESULT: {"using":"xpath","value":"//tbody[contains(@id, \"customHandoversTable-tblBody\")]/tr[1]/td[14]/div/span"}
COMMAND: POST /session/59389012155df3fc64e839119ed77469/execute/sync - {"script":"<script> [56 bytes]","args":[{"element-6066-11e4-a52e-4f735466cecf":"f.8420AFDB22D113F0275E61267E529F05.d.7BFD8387602B35D274B8AD339D374646.e.22784","ELEMENT":"f.8420AFDB22D113F0275E61267E529F05.d.7BFD8387602B35D274B8AD339D374646.e.22784"}]}
RESULT: {"script":"<script> [56 bytes]","args":[{"element-6066-11e4-a52e-4f735466cecf":"f.8420AFDB22D113F0275E61267E529F05.d.7BFD8387602B35D274B8AD339D374646.e.22784","ELEMENT":"f.8420AFDB22D113F0275E61267E529F05.d.7BFD8387602B35D274B8AD339D374646.e.22784"}]}
COMMAND: POST /session/59389012155df3fc64e839119ed77469/element - {"using":"xpath","value":"(//span[contains(@id, \"imgNav\")])[1]"}
COMMAND: GET /session/59389012155df3fc64e839119ed77469/screenshot - {}
RESULT: {"using":"xpath","value":"(//span[contains(@id, \"imgNav\")])[1]"}
COMMAND: POST /session/59389012155df3fc64e839119ed77469/element/f.8420AFDB22D113F0275E61267E529F05.d.7BFD8387602B35D274B8AD339D374646.e.22785/click - {}
RESULT: {}
RESULT: {}
COMMAND: GET /session/59389012155df3fc64e839119ed77469/screenshot - {}
RESULT: {}
RESULT: undefined
COMMAND: POST /session/59389012155df3fc64e839119ed77469/execute/async - {"script":"<script> [776 bytes]","args":[{"enterText":"05/08/25","selector":{"id":"receiptDatePicker","viewName":"etm.portal.ui.managehandovers.view.DetailExecuteHO","interaction":{"idSuffix":"inner"}},"clearTextFirst":true,"interactionType":"ENTER_TEXT"}]}
RESULT: {"script":"<script> [776 bytes]","args":[{"enterText":"05/08/25","selector":{"id":"receiptDatePicker","viewName":"etm.portal.ui.managehandovers.view.DetailExecuteHO","interaction":{"idSuffix":"inner"}},"clearTextFirst":true,"interactionType":"ENTER_TEXT"}]}
COMMAND: POST /session/59389012155df3fc64e839119ed77469/element - {"using":"xpath","value":"//button[@data-kt=\"PickingTableConfirmAllButton\"]"}
RESULT: {"using":"xpath","value":"//button[@data-kt=\"PickingTableConfirmAllButton\"]"}
COMMAND: POST /session/59389012155df3fc64e839119ed77469/element/f.8420AFDB22D113F0275E61267E529F05.d.7BFD8387602B35D274B8AD339D374646.e.22804/click - {}
RESULT: {}
COMMAND: GET /session/59389012155df3fc64e839119ed77469/screenshot - {}
RESULT: {}
COMMAND: POST /session/59389012155df3fc64e839119ed77469/element - {"using":"xpath","value":"//bdi[contains(text(), \"OK\")]"}
RESULT: {"using":"xpath","value":"//bdi[contains(text(), \"OK\")]"}
COMMAND: POST /session/59389012155df3fc64e839119ed77469/element/f.8420AFDB22D113F0275E61267E529F05.d.7BFD8387602B35D274B8AD339D374646.e.22822/click - {}
RESULT: {}
COMMAND: GET /session/59389012155df3fc64e839119ed77469/screenshot - {}
RESULT: {}
COMMAND: POST /session/59389012155df3fc64e839119ed77469/element - {"using":"xpath","value":"//button[@data-kt= \"execHoReceiveButton\"]"}
RESULT: {"using":"xpath","value":"//button[@data-kt= \"execHoReceiveButton\"]"}
COMMAND: POST /session/59389012155df3fc64e839119ed77469/element/f.8420AFDB22D113F0275E61267E529F05.d.7BFD8387602B35D274B8AD339D374646.e.22824/click - {}
RESULT: {}
COMMAND: GET /session/59389012155df3fc64e839119ed77469/screenshot - {}
RESULT: {}
COMMAND: POST /session/59389012155df3fc64e839119ed77469/element - {"using":"xpath","value":"//input[contains(@id ,\"smartFilterBar-btnBasicSearch-I\")]"}
RESULT: {"using":"xpath","value":"//input[contains(@id ,\"smartFilterBar-btnBasicSearch-I\")]"}
COMMAND: POST /session/59389012155df3fc64e839119ed77469/elements - {"using":"xpath","value":"//input[contains(@id ,\"smartFilterBar-btnBasicSearch-I\")]"}
RESULT: {"using":"xpath","value":"//input[contains(@id ,\"smartFilterBar-btnBasicSearch-I\")]"}
COMMAND: POST /session/59389012155df3fc64e839119ed77469/execute/sync - {"script":"<script> [8489 bytes]","args":[{"element-6066-11e4-a52e-4f735466cecf":"f.8420AFDB22D113F0275E61267E529F05.d.7BFD8387602B35D274B8AD339D374646.e.21983","ELEMENT":"f.8420AFDB22D113F0275E61267E529F05.d.7BFD8387602B35D274B8AD339D374646.e.21983"}]}
RESULT: {"script":"<script> [8489 bytes]","args":[{"element-6066-11e4-a52e-4f735466cecf":"f.8420AFDB22D113F0275E61267E529F05.d.7BFD8387602B35D274B8AD339D374646.e.21983","ELEMENT":"f.8420AFDB22D113F0275E61267E529F05.d.7BFD8387602B35D274B8AD339D374646.e.21983"}]}
COMMAND: GET /session/59389012155df3fc64e839119ed77469/element/f.8420AFDB22D113F0275E61267E529F05.d.7BFD8387602B35D274B8AD339D374646.e.21983/enabled - {}
COMMAND: GET /session/59389012155df3fc64e839119ed77469/screenshot - {}
RESULT: {}
COMMAND: POST /session/59389012155df3fc64e839119ed77469/element/f.8420AFDB22D113F0275E61267E529F05.d.7BFD8387602B35D274B8AD339D374646.e.21983/clear - {}
COMMAND: GET /session/59389012155df3fc64e839119ed77469/screenshot - {}
RESULT: {}
RESULT: {}
COMMAND: POST /session/59389012155df3fc64e839119ed77469/element/f.8420AFDB22D113F0275E61267E529F05.d.7BFD8387602B35D274B8AD339D374646.e.21983/value - {"text":"30629"}
COMMAND: GET /session/59389012155df3fc64e839119ed77469/screenshot - {}
RESULT: {}
RESULT: {"text":"30629"}
COMMAND: GET /session/59389012155df3fc64e839119ed77469/screenshot - {}
RESULT: {}
RESULT: {}
COMMAND: POST /session/59389012155df3fc64e839119ed77469/actions - {"actions":[{"id":"action79","type":"key","parameters":{},"actions":[{"type":"keyDown","value":"î€‡"},{"type":"pause","duration":10},{"type":"keyUp","value":"î€‡"}]}]}
RESULT: {"actions":[{"id":"action79","type":"key","parameters":{},"actions":[{"type":"keyDown","value":"î€‡"},{"type":"pause","duration":10},{"type":"keyUp","value":"î€‡"}]}]}
COMMAND: GET /session/59389012155df3fc64e839119ed77469/screenshot - {}
RESULT: {}
COMMAND: POST /session/59389012155df3fc64e839119ed77469/element - {"using":"xpath","value":"//span[contains(@id, \"smartTable-header-inner\")]"}
RESULT: {"using":"xpath","value":"//span[contains(@id, \"smartTable-header-inner\")]"}
COMMAND: POST /session/59389012155df3fc64e839119ed77469/elements - {"using":"xpath","value":"//span[contains(@id, \"smartTable-header-inner\")]"}
RESULT: {"using":"xpath","value":"//span[contains(@id, \"smartTable-header-inner\")]"}
COMMAND: POST /session/59389012155df3fc64e839119ed77469/execute/sync - {"script":"<script> [56 bytes]","args":[{"element-6066-11e4-a52e-4f735466cecf":"f.8420AFDB22D113F0275E61267E529F05.d.7BFD8387602B35D274B8AD339D374646.e.22638","ELEMENT":"f.8420AFDB22D113F0275E61267E529F05.d.7BFD8387602B35D274B8AD339D374646.e.22638"}]}
RESULT: {"script":"<script> [56 bytes]","args":[{"element-6066-11e4-a52e-4f735466cecf":"f.8420AFDB22D113F0275E61267E529F05.d.7BFD8387602B35D274B8AD339D374646.e.22638","ELEMENT":"f.8420AFDB22D113F0275E61267E529F05.d.7BFD8387602B35D274B8AD339D374646.e.22638"}]}
COMMAND: POST /session/59389012155df3fc64e839119ed77469/elements - {"using":"xpath","value":"//thead[contains(@class, \"sapMTableTH\")]/tr/th"}
COMMAND: GET /session/59389012155df3fc64e839119ed77469/screenshot - {}
RESULT: {"using":"xpath","value":"//thead[contains(@class, \"sapMTableTH\")]/tr/th"}
COMMAND: GET /session/59389012155df3fc64e839119ed77469/element/f.8420AFDB22D113F0275E61267E529F05.d.7BFD8387602B35D274B8AD339D374646.e.22731/text - {}
RESULT: {}
RESULT: {}
COMMAND: GET /session/59389012155df3fc64e839119ed77469/element/f.8420AFDB22D113F0275E61267E529F05.d.7BFD8387602B35D274B8AD339D374646.e.22732/text - {}
RESULT: {}
COMMAND: GET /session/59389012155df3fc64e839119ed77469/element/f.8420AFDB22D113F0275E61267E529F05.d.7BFD8387602B35D274B8AD339D374646.e.22030/text - {}
RESULT: {}
COMMAND: GET /session/59389012155df3fc64e839119ed77469/element/f.8420AFDB22D113F0275E61267E529F05.d.7BFD8387602B35D274B8AD339D374646.e.22032/text - {}
RESULT: {}
COMMAND: GET /session/59389012155df3fc64e839119ed77469/element/f.8420AFDB22D113F0275E61267E529F05.d.7BFD8387602B35D274B8AD339D374646.e.22828/text - {}
RESULT: {}
COMMAND: GET /session/59389012155df3fc64e839119ed77469/element/f.8420AFDB22D113F0275E61267E529F05.d.7BFD8387602B35D274B8AD339D374646.e.22829/text - {}
RESULT: {}
COMMAND: GET /session/59389012155df3fc64e839119ed77469/element/f.8420AFDB22D113F0275E61267E529F05.d.7BFD8387602B35D274B8AD339D374646.e.22830/text - {}
RESULT: {}
COMMAND: GET /session/59389012155df3fc64e839119ed77469/element/f.8420AFDB22D113F0275E61267E529F05.d.7BFD8387602B35D274B8AD339D374646.e.22831/text - {}
RESULT: {}
COMMAND: GET /session/59389012155df3fc64e839119ed77469/element/f.8420AFDB22D113F0275E61267E529F05.d.7BFD8387602B35D274B8AD339D374646.e.22832/text - {}
RESULT: {}
COMMAND: GET /session/59389012155df3fc64e839119ed77469/element/f.8420AFDB22D113F0275E61267E529F05.d.7BFD8387602B35D274B8AD339D374646.e.22833/text - {}
RESULT: {}
COMMAND: GET /session/59389012155df3fc64e839119ed77469/element/f.8420AFDB22D113F0275E61267E529F05.d.7BFD8387602B35D274B8AD339D374646.e.22834/text - {}
RESULT: {}
COMMAND: GET /session/59389012155df3fc64e839119ed77469/element/f.8420AFDB22D113F0275E61267E529F05.d.7BFD8387602B35D274B8AD339D374646.e.22835/text - {}
RESULT: {}
COMMAND: GET /session/59389012155df3fc64e839119ed77469/element/f.8420AFDB22D113F0275E61267E529F05.d.7BFD8387602B35D274B8AD339D374646.e.22836/text - {}
RESULT: {}
COMMAND: GET /session/59389012155df3fc64e839119ed77469/element/f.8420AFDB22D113F0275E61267E529F05.d.7BFD8387602B35D274B8AD339D374646.e.22033/text - {}
RESULT: {}
COMMAND: POST /session/59389012155df3fc64e839119ed77469/element - {"using":"xpath","value":"//tbody[contains(@id, \"customHandoversTable-tblBody\")]/tr[1]/td[14]/div/span"}
RESULT: {"using":"xpath","value":"//tbody[contains(@id, \"customHandoversTable-tblBody\")]/tr[1]/td[14]/div/span"}
COMMAND: POST /session/59389012155df3fc64e839119ed77469/execute/sync - {"script":"<script> [56 bytes]","args":[{"element-6066-11e4-a52e-4f735466cecf":"f.8420AFDB22D113F0275E61267E529F05.d.7BFD8387602B35D274B8AD339D374646.e.22892","ELEMENT":"f.8420AFDB22D113F0275E61267E529F05.d.7BFD8387602B35D274B8AD339D374646.e.22892"}]}
RESULT: {"script":"<script> [56 bytes]","args":[{"element-6066-11e4-a52e-4f735466cecf":"f.8420AFDB22D113F0275E61267E529F05.d.7BFD8387602B35D274B8AD339D374646.e.22892","ELEMENT":"f.8420AFDB22D113F0275E61267E529F05.d.7BFD8387602B35D274B8AD339D374646.e.22892"}]}
COMMAND: POST /session/59389012155df3fc64e839119ed77469/element - {"using":"css selector","value":"#shell-header-logo"}
COMMAND: GET /session/59389012155df3fc64e839119ed77469/screenshot - {}
RESULT: {"using":"css selector","value":"#shell-header-logo"}
COMMAND: POST /session/59389012155df3fc64e839119ed77469/element/f.8420AFDB22D113F0275E61267E529F05.d.7BFD8387602B35D274B8AD339D374646.e.21386/click - {}
RESULT: {}
RESULT: {}
COMMAND: GET /session/59389012155df3fc64e839119ed77469/screenshot - {}
RESULT: {}
]]></system-out>
    </testcase>
    <testcase classname="chrome.135_0_7049_96.windows.Billing_Calculation_-_Time_based_(considering_transport_times)_US139738" name="Should navigate to Manage Billings and trigger contract calculation business confirm it" time="55.14">
      <system-out><![CDATA[
COMMAND: POST /session/59389012155df3fc64e839119ed77469/execute/async - {"script":"<script> [1562 bytes]","args":[{"selector":{"controlType":"sap.m.GenericTile","properties":{"header":"Manage Billings"}},"wdio_ui5_key":"sapm.GenericTile{\"header\":\"Manage Billings\"}"}]}
RESULT: {"script":"<script> [1562 bytes]","args":[{"selector":{"controlType":"sap.m.GenericTile","properties":{"header":"Manage Billings"}},"wdio_ui5_key":"sapm.GenericTile{\"header\":\"Manage Billings\"}"}]}
RESULT: undefined
COMMAND: POST /session/59389012155df3fc64e839119ed77469/element - {"using":"xpath","value":"//*[@id=\"__tile51\"]"}
RESULT: {"using":"xpath","value":"//*[@id=\"__tile51\"]"}
COMMAND: POST /session/59389012155df3fc64e839119ed77469/element/f.8420AFDB22D113F0275E61267E529F05.d.7BFD8387602B35D274B8AD339D374646.e.19320/click - {}
RESULT: {}
COMMAND: GET /session/59389012155df3fc64e839119ed77469/screenshot - {}
COMMAND: POST /session/59389012155df3fc64e839119ed77469/execute/async - {"script":"<script> [1562 bytes]","args":[{"selector":{"id":"application-managebillings-display-component---billRunCalcResult--smartFilterBar-btnBasicSearch","interaction":{"idSuffix":"I"}},"wdio_ui5_key":"applicationmanagebillings-display-component---billRunCalcResult--smartFilterBar-btnBasicSearch"}]}
RESULT: {}
RESULT: {"script":"<script> [1562 bytes]","args":[{"selector":{"id":"application-managebillings-display-component---billRunCalcResult--smartFilterBar-btnBasicSearch","interaction":{"idSuffix":"I"}},"wdio_ui5_key":"applicationmanagebillings-display-component---billRunCalcResult--smartFilterBar-btnBasicSearch"}]}
RESULT: undefined
COMMAND: POST /session/59389012155df3fc64e839119ed77469/execute/async - {"script":"<script> [776 bytes]","args":[{"enterText":"10440","selector":{"id":"application-managebillings-display-component---billRunCalcResult--smartFilterBar-btnBasicSearch","interaction":{"idSuffix":"I"}},"clearTextFirst":true,"interactionType":"ENTER_TEXT"}]}
RESULT: {"script":"<script> [776 bytes]","args":[{"enterText":"10440","selector":{"id":"application-managebillings-display-component---billRunCalcResult--smartFilterBar-btnBasicSearch","interaction":{"idSuffix":"I"}},"clearTextFirst":true,"interactionType":"ENTER_TEXT"}]}
COMMAND: POST /session/59389012155df3fc64e839119ed77469/actions - {"actions":[{"id":"action80","type":"key","parameters":{},"actions":[{"type":"keyDown","value":"î€‡"},{"type":"pause","duration":10},{"type":"keyUp","value":"î€‡"}]}]}
RESULT: {"actions":[{"id":"action80","type":"key","parameters":{},"actions":[{"type":"keyDown","value":"î€‡"},{"type":"pause","duration":10},{"type":"keyUp","value":"î€‡"}]}]}
COMMAND: GET /session/59389012155df3fc64e839119ed77469/screenshot - {}
RESULT: {}
COMMAND: POST /session/59389012155df3fc64e839119ed77469/element - {"using":"xpath","value":"//td[@aria-colindex=\"1\"]/div/div[contains(@class, \"sapMCbBg\")]"}
RESULT: {"using":"xpath","value":"//td[@aria-colindex=\"1\"]/div/div[contains(@class, \"sapMCbBg\")]"}
COMMAND: POST /session/59389012155df3fc64e839119ed77469/element/f.8420AFDB22D113F0275E61267E529F05.d.7BFD8387602B35D274B8AD339D374646.e.23104/click - {}
RESULT: {}
COMMAND: GET /session/59389012155df3fc64e839119ed77469/screenshot - {}
RESULT: {}
COMMAND: POST /session/59389012155df3fc64e839119ed77469/execute/async - {"script":"<script> [1562 bytes]","args":[{"selector":{"id":"application-managebillings-display-component---billRunCalcResult--contractBillRunDate","interaction":{"idSuffix":"inner"}},"wdio_ui5_key":"applicationmanagebillings-display-component---billRunCalcResult--contractBillRunDate"}]}
RESULT: {"script":"<script> [1562 bytes]","args":[{"selector":{"id":"application-managebillings-display-component---billRunCalcResult--contractBillRunDate","interaction":{"idSuffix":"inner"}},"wdio_ui5_key":"applicationmanagebillings-display-component---billRunCalcResult--contractBillRunDate"}]}
RESULT: undefined
COMMAND: POST /session/59389012155df3fc64e839119ed77469/execute/async - {"script":"<script> [776 bytes]","args":[{"enterText":"05/01/25","selector":{"id":"application-managebillings-display-component---billRunCalcResult--contractBillRunDate","interaction":{"idSuffix":"inner"}},"clearTextFirst":true,"interactionType":"ENTER_TEXT"}]}
RESULT: {"script":"<script> [776 bytes]","args":[{"enterText":"05/01/25","selector":{"id":"application-managebillings-display-component---billRunCalcResult--contractBillRunDate","interaction":{"idSuffix":"inner"}},"clearTextFirst":true,"interactionType":"ENTER_TEXT"}]}
COMMAND: POST /session/59389012155df3fc64e839119ed77469/element - {"using":"xpath","value":"//bdi[contains(text(), \"Trigger Calculation\")]"}
RESULT: {"using":"xpath","value":"//bdi[contains(text(), \"Trigger Calculation\")]"}
COMMAND: POST /session/59389012155df3fc64e839119ed77469/element/f.8420AFDB22D113F0275E61267E529F05.d.7BFD8387602B35D274B8AD339D374646.e.23156/click - {}
RESULT: {}
COMMAND: GET /session/59389012155df3fc64e839119ed77469/screenshot - {}
RESULT: {}
COMMAND: POST /session/59389012155df3fc64e839119ed77469/element - {"using":"xpath","value":"(//span[contains(@id, \"imgNav\")])[1]"}
RESULT: {"using":"xpath","value":"(//span[contains(@id, \"imgNav\")])[1]"}
COMMAND: POST /session/59389012155df3fc64e839119ed77469/element/f.8420AFDB22D113F0275E61267E529F05.d.7BFD8387602B35D274B8AD339D374646.e.23105/click - {}
RESULT: {}
COMMAND: GET /session/59389012155df3fc64e839119ed77469/screenshot - {}
RESULT: {}
COMMAND: POST /session/59389012155df3fc64e839119ed77469/element - {"using":"xpath","value":"//tr/td[6]/div[1]/span[1]/span[1]"}
RESULT: {"using":"xpath","value":"//tr/td[6]/div[1]/span[1]/span[1]"}
COMMAND: GET /session/59389012155df3fc64e839119ed77469/element/f.8420AFDB22D113F0275E61267E529F05.d.7BFD8387602B35D274B8AD339D374646.e.23161/text - {}
RESULT: {}
COMMAND: POST /session/59389012155df3fc64e839119ed77469/element - {"using":"xpath","value":"(//span[contains(@id, \"imgNav\")])[2]"}
RESULT: {"using":"xpath","value":"(//span[contains(@id, \"imgNav\")])[2]"}
COMMAND: POST /session/59389012155df3fc64e839119ed77469/element/f.8420AFDB22D113F0275E61267E529F05.d.7BFD8387602B35D274B8AD339D374646.e.23162/click - {}
RESULT: {}
COMMAND: POST /session/59389012155df3fc64e839119ed77469/element - {"using":"xpath","value":"//bdi[contains(text(), \"Business Confirm\")]"}
COMMAND: GET /session/59389012155df3fc64e839119ed77469/screenshot - {}
RESULT: {"using":"xpath","value":"//bdi[contains(text(), \"Business Confirm\")]"}
COMMAND: POST /session/59389012155df3fc64e839119ed77469/elements - {"using":"xpath","value":"//bdi[contains(text(), \"Business Confirm\")]"}
RESULT: {}
RESULT: {"using":"xpath","value":"//bdi[contains(text(), \"Business Confirm\")]"}
COMMAND: POST /session/59389012155df3fc64e839119ed77469/element - {"using":"xpath","value":"//bdi[contains(text(), \"Business Confirm\")]"}
RESULT: {"using":"xpath","value":"//bdi[contains(text(), \"Business Confirm\")]"}
COMMAND: POST /session/59389012155df3fc64e839119ed77469/element/f.8420AFDB22D113F0275E61267E529F05.d.7BFD8387602B35D274B8AD339D374646.e.23193/click - {}
RESULT: {}
COMMAND: POST /session/59389012155df3fc64e839119ed77469/element - {"using":"css selector","value":"#shell-header-logo"}
COMMAND: GET /session/59389012155df3fc64e839119ed77469/screenshot - {}
RESULT: {"using":"css selector","value":"#shell-header-logo"}
COMMAND: POST /session/59389012155df3fc64e839119ed77469/element/f.8420AFDB22D113F0275E61267E529F05.d.7BFD8387602B35D274B8AD339D374646.e.22896/click - {}
RESULT: {}
RESULT: {}
COMMAND: GET /session/59389012155df3fc64e839119ed77469/screenshot - {}
RESULT: {}
]]></system-out>
    </testcase>
    <testcase classname="chrome.135_0_7049_96.windows.Billing_Calculation_-_Time_based_(considering_transport_times)_US139738" name="Should transfer the billing all the way to completion" time="71.707">
      <system-out><![CDATA[
COMMAND: POST /session/59389012155df3fc64e839119ed77469/execute/async - {"script":"<script> [1562 bytes]","args":[{"selector":{"controlType":"sap.m.GenericTile","properties":{"header":"Billing Transfer"}},"wdio_ui5_key":"sapm.GenericTile{\"header\":\"Billing Transfer\"}"}]}
RESULT: {"script":"<script> [1562 bytes]","args":[{"selector":{"controlType":"sap.m.GenericTile","properties":{"header":"Billing Transfer"}},"wdio_ui5_key":"sapm.GenericTile{\"header\":\"Billing Transfer\"}"}]}
RESULT: undefined
COMMAND: POST /session/59389012155df3fc64e839119ed77469/element - {"using":"xpath","value":"//*[@id=\"__tile50\"]"}
RESULT: {"using":"xpath","value":"//*[@id=\"__tile50\"]"}
COMMAND: POST /session/59389012155df3fc64e839119ed77469/element/f.8420AFDB22D113F0275E61267E529F05.d.7BFD8387602B35D274B8AD339D374646.e.19318/click - {}
RESULT: {}
COMMAND: POST /session/59389012155df3fc64e839119ed77469/element - {"using":"xpath","value":"//input[contains(@id ,\"application-billingtransfer-display-component---billingWorkbench--smartFilterBar-btnBasicSearch\")]"}
COMMAND: GET /session/59389012155df3fc64e839119ed77469/screenshot - {}
RESULT: {"using":"xpath","value":"//input[contains(@id ,\"application-billingtransfer-display-component---billingWorkbench--smartFilterBar-btnBasicSearch\")]"}
COMMAND: POST /session/59389012155df3fc64e839119ed77469/elements - {"using":"xpath","value":"//input[contains(@id ,\"application-billingtransfer-display-component---billingWorkbench--smartFilterBar-btnBasicSearch\")]"}
RESULT: {}
RESULT: {"using":"xpath","value":"//input[contains(@id ,\"application-billingtransfer-display-component---billingWorkbench--smartFilterBar-btnBasicSearch\")]"}
COMMAND: POST /session/59389012155df3fc64e839119ed77469/elements - {"using":"xpath","value":"//input[contains(@id ,\"application-billingtransfer-display-component---billingWorkbench--smartFilterBar-btnBasicSearch\")]"}
RESULT: {"using":"xpath","value":"//input[contains(@id ,\"application-billingtransfer-display-component---billingWorkbench--smartFilterBar-btnBasicSearch\")]"}
COMMAND: POST /session/59389012155df3fc64e839119ed77469/elements - {"using":"xpath","value":"//input[contains(@id ,\"application-billingtransfer-display-component---billingWorkbench--smartFilterBar-btnBasicSearch\")]"}
RESULT: {"using":"xpath","value":"//input[contains(@id ,\"application-billingtransfer-display-component---billingWorkbench--smartFilterBar-btnBasicSearch\")]"}
COMMAND: POST /session/59389012155df3fc64e839119ed77469/elements - {"using":"xpath","value":"//input[contains(@id ,\"application-billingtransfer-display-component---billingWorkbench--smartFilterBar-btnBasicSearch\")]"}
RESULT: {"using":"xpath","value":"//input[contains(@id ,\"application-billingtransfer-display-component---billingWorkbench--smartFilterBar-btnBasicSearch\")]"}
COMMAND: POST /session/59389012155df3fc64e839119ed77469/elements - {"using":"xpath","value":"//input[contains(@id ,\"application-billingtransfer-display-component---billingWorkbench--smartFilterBar-btnBasicSearch\")]"}
RESULT: {"using":"xpath","value":"//input[contains(@id ,\"application-billingtransfer-display-component---billingWorkbench--smartFilterBar-btnBasicSearch\")]"}
COMMAND: POST /session/59389012155df3fc64e839119ed77469/element - {"using":"xpath","value":"//input[contains(@id ,\"application-billingtransfer-display-component---billingWorkbench--smartFilterBar-btnBasicSearch\")]"}
RESULT: {"using":"xpath","value":"//input[contains(@id ,\"application-billingtransfer-display-component---billingWorkbench--smartFilterBar-btnBasicSearch\")]"}
COMMAND: POST /session/59389012155df3fc64e839119ed77469/execute/sync - {"script":"<script> [8489 bytes]","args":[{"element-6066-11e4-a52e-4f735466cecf":"f.8420AFDB22D113F0275E61267E529F05.d.7BFD8387602B35D274B8AD339D374646.e.23221","ELEMENT":"f.8420AFDB22D113F0275E61267E529F05.d.7BFD8387602B35D274B8AD339D374646.e.23221"}]}
RESULT: {"script":"<script> [8489 bytes]","args":[{"element-6066-11e4-a52e-4f735466cecf":"f.8420AFDB22D113F0275E61267E529F05.d.7BFD8387602B35D274B8AD339D374646.e.23221","ELEMENT":"f.8420AFDB22D113F0275E61267E529F05.d.7BFD8387602B35D274B8AD339D374646.e.23221"}]}
COMMAND: GET /session/59389012155df3fc64e839119ed77469/element/f.8420AFDB22D113F0275E61267E529F05.d.7BFD8387602B35D274B8AD339D374646.e.23221/enabled - {}
COMMAND: GET /session/59389012155df3fc64e839119ed77469/screenshot - {}
RESULT: {}
COMMAND: POST /session/59389012155df3fc64e839119ed77469/element/f.8420AFDB22D113F0275E61267E529F05.d.7BFD8387602B35D274B8AD339D374646.e.23221/click - {}
COMMAND: GET /session/59389012155df3fc64e839119ed77469/screenshot - {}
RESULT: {}
RESULT: {}
COMMAND: GET /session/59389012155df3fc64e839119ed77469/screenshot - {}
RESULT: {}
RESULT: {}
COMMAND: POST /session/59389012155df3fc64e839119ed77469/element/f.8420AFDB22D113F0275E61267E529F05.d.7BFD8387602B35D274B8AD339D374646.e.23221/clear - {}
RESULT: {}
COMMAND: POST /session/59389012155df3fc64e839119ed77469/element/f.8420AFDB22D113F0275E61267E529F05.d.7BFD8387602B35D274B8AD339D374646.e.23221/value - {"text":"10440"}
COMMAND: GET /session/59389012155df3fc64e839119ed77469/screenshot - {}
RESULT: {"text":"10440"}
COMMAND: POST /session/59389012155df3fc64e839119ed77469/actions - {"actions":[{"id":"action81","type":"key","parameters":{},"actions":[{"type":"keyDown","value":"î€‡"},{"type":"pause","duration":10},{"type":"keyUp","value":"î€‡"}]}]}
COMMAND: GET /session/59389012155df3fc64e839119ed77469/screenshot - {}
RESULT: {}
RESULT: {"actions":[{"id":"action81","type":"key","parameters":{},"actions":[{"type":"keyDown","value":"î€‡"},{"type":"pause","duration":10},{"type":"keyUp","value":"î€‡"}]}]}
COMMAND: GET /session/59389012155df3fc64e839119ed77469/screenshot - {}
RESULT: {}
RESULT: {}
COMMAND: POST /session/59389012155df3fc64e839119ed77469/element - {"using":"xpath","value":"//span[contains(@id ,\"application-billingtransfer-display-component---billingWorkbench--smartTableBillingRuns-header-inner\")]"}
RESULT: {"using":"xpath","value":"//span[contains(@id ,\"application-billingtransfer-display-component---billingWorkbench--smartTableBillingRuns-header-inner\")]"}
COMMAND: POST /session/59389012155df3fc64e839119ed77469/elements - {"using":"xpath","value":"//span[contains(@id ,\"application-billingtransfer-display-component---billingWorkbench--smartTableBillingRuns-header-inner\")]"}
RESULT: {"using":"xpath","value":"//span[contains(@id ,\"application-billingtransfer-display-component---billingWorkbench--smartTableBillingRuns-header-inner\")]"}
COMMAND: POST /session/59389012155df3fc64e839119ed77469/execute/sync - {"script":"<script> [56 bytes]","args":[{"element-6066-11e4-a52e-4f735466cecf":"f.8420AFDB22D113F0275E61267E529F05.d.7BFD8387602B35D274B8AD339D374646.e.23385","ELEMENT":"f.8420AFDB22D113F0275E61267E529F05.d.7BFD8387602B35D274B8AD339D374646.e.23385"}]}
RESULT: {"script":"<script> [56 bytes]","args":[{"element-6066-11e4-a52e-4f735466cecf":"f.8420AFDB22D113F0275E61267E529F05.d.7BFD8387602B35D274B8AD339D374646.e.23385","ELEMENT":"f.8420AFDB22D113F0275E61267E529F05.d.7BFD8387602B35D274B8AD339D374646.e.23385"}]}
COMMAND: POST /session/59389012155df3fc64e839119ed77469/element - {"using":"xpath","value":"//td[@aria-colindex=\"1\"]/div/div[contains(@class, \"sapMCbBg\")]"}
COMMAND: GET /session/59389012155df3fc64e839119ed77469/screenshot - {}
RESULT: {"using":"xpath","value":"//td[@aria-colindex=\"1\"]/div/div[contains(@class, \"sapMCbBg\")]"}
COMMAND: POST /session/59389012155df3fc64e839119ed77469/element/f.8420AFDB22D113F0275E61267E529F05.d.7BFD8387602B35D274B8AD339D374646.e.23346/click - {}
RESULT: {}
RESULT: {}
COMMAND: GET /session/59389012155df3fc64e839119ed77469/screenshot - {}
RESULT: {}
COMMAND: POST /session/59389012155df3fc64e839119ed77469/element - {"using":"xpath","value":"//bdi[contains(text(), \"Check\")]"}
RESULT: {"using":"xpath","value":"//bdi[contains(text(), \"Check\")]"}
COMMAND: POST /session/59389012155df3fc64e839119ed77469/element/f.8420AFDB22D113F0275E61267E529F05.d.7BFD8387602B35D274B8AD339D374646.e.23386/click - {}
RESULT: {}
COMMAND: GET /session/59389012155df3fc64e839119ed77469/screenshot - {}
RESULT: {}
COMMAND: POST /session/59389012155df3fc64e839119ed77469/element - {"using":"xpath","value":"//bdi[contains(text(), \"OK\")]"}
RESULT: {"using":"xpath","value":"//bdi[contains(text(), \"OK\")]"}
COMMAND: POST /session/59389012155df3fc64e839119ed77469/element/f.8420AFDB22D113F0275E61267E529F05.d.7BFD8387602B35D274B8AD339D374646.e.23389/click - {}
RESULT: {}
COMMAND: GET /session/59389012155df3fc64e839119ed77469/screenshot - {}
RESULT: {}
COMMAND: POST /session/59389012155df3fc64e839119ed77469/element - {"using":"xpath","value":"(//span[contains(text(), \"CO/SD checked\")]/parent::div/preceding-sibling::div/span)[1]"}
RESULT: {"using":"xpath","value":"(//span[contains(text(), \"CO/SD checked\")]/parent::div/preceding-sibling::div/span)[1]"}
COMMAND: POST /session/59389012155df3fc64e839119ed77469/element/f.8420AFDB22D113F0275E61267E529F05.d.7BFD8387602B35D274B8AD339D374646.e.23390/click - {}
RESULT: {}
COMMAND: GET /session/59389012155df3fc64e839119ed77469/screenshot - {}
RESULT: {}
COMMAND: POST /session/59389012155df3fc64e839119ed77469/element - {"using":"xpath","value":"//input[contains(@id ,\"application-billingtransfer-display-component---billingWorkbench--smartFilterBar-btnBasicSearch\")]"}
RESULT: {"using":"xpath","value":"//input[contains(@id ,\"application-billingtransfer-display-component---billingWorkbench--smartFilterBar-btnBasicSearch\")]"}
COMMAND: POST /session/59389012155df3fc64e839119ed77469/elements - {"using":"xpath","value":"//input[contains(@id ,\"application-billingtransfer-display-component---billingWorkbench--smartFilterBar-btnBasicSearch\")]"}
RESULT: {"using":"xpath","value":"//input[contains(@id ,\"application-billingtransfer-display-component---billingWorkbench--smartFilterBar-btnBasicSearch\")]"}
COMMAND: POST /session/59389012155df3fc64e839119ed77469/execute/sync - {"script":"<script> [8489 bytes]","args":[{"element-6066-11e4-a52e-4f735466cecf":"f.8420AFDB22D113F0275E61267E529F05.d.7BFD8387602B35D274B8AD339D374646.e.23221","ELEMENT":"f.8420AFDB22D113F0275E61267E529F05.d.7BFD8387602B35D274B8AD339D374646.e.23221"}]}
RESULT: {"script":"<script> [8489 bytes]","args":[{"element-6066-11e4-a52e-4f735466cecf":"f.8420AFDB22D113F0275E61267E529F05.d.7BFD8387602B35D274B8AD339D374646.e.23221","ELEMENT":"f.8420AFDB22D113F0275E61267E529F05.d.7BFD8387602B35D274B8AD339D374646.e.23221"}]}
COMMAND: GET /session/59389012155df3fc64e839119ed77469/element/f.8420AFDB22D113F0275E61267E529F05.d.7BFD8387602B35D274B8AD339D374646.e.23221/enabled - {}
COMMAND: GET /session/59389012155df3fc64e839119ed77469/screenshot - {}
RESULT: {}
COMMAND: POST /session/59389012155df3fc64e839119ed77469/element/f.8420AFDB22D113F0275E61267E529F05.d.7BFD8387602B35D274B8AD339D374646.e.23221/click - {}
COMMAND: GET /session/59389012155df3fc64e839119ed77469/screenshot - {}
RESULT: {}
RESULT: {}
COMMAND: GET /session/59389012155df3fc64e839119ed77469/screenshot - {}
RESULT: {}
RESULT: {}
COMMAND: POST /session/59389012155df3fc64e839119ed77469/element/f.8420AFDB22D113F0275E61267E529F05.d.7BFD8387602B35D274B8AD339D374646.e.23221/clear - {}
RESULT: {}
COMMAND: POST /session/59389012155df3fc64e839119ed77469/element/f.8420AFDB22D113F0275E61267E529F05.d.7BFD8387602B35D274B8AD339D374646.e.23221/value - {"text":"10440"}
COMMAND: GET /session/59389012155df3fc64e839119ed77469/screenshot - {}
RESULT: {"text":"10440"}
COMMAND: POST /session/59389012155df3fc64e839119ed77469/actions - {"actions":[{"id":"action82","type":"key","parameters":{},"actions":[{"type":"keyDown","value":"î€‡"},{"type":"pause","duration":10},{"type":"keyUp","value":"î€‡"}]}]}
COMMAND: GET /session/59389012155df3fc64e839119ed77469/screenshot - {}
RESULT: {}
RESULT: {"actions":[{"id":"action82","type":"key","parameters":{},"actions":[{"type":"keyDown","value":"î€‡"},{"type":"pause","duration":10},{"type":"keyUp","value":"î€‡"}]}]}
COMMAND: GET /session/59389012155df3fc64e839119ed77469/screenshot - {}
RESULT: {}
RESULT: {}
COMMAND: POST /session/59389012155df3fc64e839119ed77469/element - {"using":"xpath","value":"//span[contains(@id ,\"application-billingtransfer-display-component---billingWorkbench--smartTableBillingRuns-header-inner\")]"}
RESULT: {"using":"xpath","value":"//span[contains(@id ,\"application-billingtransfer-display-component---billingWorkbench--smartTableBillingRuns-header-inner\")]"}
COMMAND: POST /session/59389012155df3fc64e839119ed77469/elements - {"using":"xpath","value":"//span[contains(@id ,\"application-billingtransfer-display-component---billingWorkbench--smartTableBillingRuns-header-inner\")]"}
RESULT: {"using":"xpath","value":"//span[contains(@id ,\"application-billingtransfer-display-component---billingWorkbench--smartTableBillingRuns-header-inner\")]"}
COMMAND: POST /session/59389012155df3fc64e839119ed77469/execute/sync - {"script":"<script> [56 bytes]","args":[{"element-6066-11e4-a52e-4f735466cecf":"f.8420AFDB22D113F0275E61267E529F05.d.7BFD8387602B35D274B8AD339D374646.e.23385","ELEMENT":"f.8420AFDB22D113F0275E61267E529F05.d.7BFD8387602B35D274B8AD339D374646.e.23385"}]}
RESULT: {"script":"<script> [56 bytes]","args":[{"element-6066-11e4-a52e-4f735466cecf":"f.8420AFDB22D113F0275E61267E529F05.d.7BFD8387602B35D274B8AD339D374646.e.23385","ELEMENT":"f.8420AFDB22D113F0275E61267E529F05.d.7BFD8387602B35D274B8AD339D374646.e.23385"}]}
COMMAND: POST /session/59389012155df3fc64e839119ed77469/element - {"using":"xpath","value":"//td[@aria-colindex=\"1\"]/div/div[contains(@class, \"sapMCbBg\")]"}
COMMAND: GET /session/59389012155df3fc64e839119ed77469/screenshot - {}
RESULT: {"using":"xpath","value":"//td[@aria-colindex=\"1\"]/div/div[contains(@class, \"sapMCbBg\")]"}
COMMAND: POST /session/59389012155df3fc64e839119ed77469/element/f.8420AFDB22D113F0275E61267E529F05.d.7BFD8387602B35D274B8AD339D374646.e.23394/click - {}
RESULT: {}
RESULT: {}
COMMAND: GET /session/59389012155df3fc64e839119ed77469/screenshot - {}
RESULT: {}
COMMAND: POST /session/59389012155df3fc64e839119ed77469/element - {"using":"xpath","value":"//bdi[text()=\"Transfer\"]"}
RESULT: {"using":"xpath","value":"//bdi[text()=\"Transfer\"]"}
COMMAND: POST /session/59389012155df3fc64e839119ed77469/element/f.8420AFDB22D113F0275E61267E529F05.d.7BFD8387602B35D274B8AD339D374646.e.23395/click - {}
RESULT: {}
COMMAND: GET /session/59389012155df3fc64e839119ed77469/screenshot - {}
RESULT: {}
COMMAND: POST /session/59389012155df3fc64e839119ed77469/element - {"using":"xpath","value":"//bdi[contains(text(), \"OK\")]"}
RESULT: {"using":"xpath","value":"//bdi[contains(text(), \"OK\")]"}
COMMAND: POST /session/59389012155df3fc64e839119ed77469/element/f.8420AFDB22D113F0275E61267E529F05.d.7BFD8387602B35D274B8AD339D374646.e.23398/click - {}
RESULT: {}
COMMAND: GET /session/59389012155df3fc64e839119ed77469/screenshot - {}
RESULT: {}
COMMAND: POST /session/59389012155df3fc64e839119ed77469/element - {"using":"xpath","value":"(//span[contains(text(), \"Completed\")]/parent::div/preceding-sibling::div/span)[1]"}
RESULT: {"using":"xpath","value":"(//span[contains(text(), \"Completed\")]/parent::div/preceding-sibling::div/span)[1]"}
COMMAND: POST /session/59389012155df3fc64e839119ed77469/element/f.8420AFDB22D113F0275E61267E529F05.d.7BFD8387602B35D274B8AD339D374646.e.23407/click - {}
RESULT: {}
COMMAND: POST /session/59389012155df3fc64e839119ed77469/element - {"using":"xpath","value":"//input[contains(@id ,\"application-billingtransfer-display-component---billingWorkbench--smartFilterBar-btnBasicSearch\")]"}
COMMAND: GET /session/59389012155df3fc64e839119ed77469/screenshot - {}
RESULT: {"using":"xpath","value":"//input[contains(@id ,\"application-billingtransfer-display-component---billingWorkbench--smartFilterBar-btnBasicSearch\")]"}
COMMAND: POST /session/59389012155df3fc64e839119ed77469/elements - {"using":"xpath","value":"//input[contains(@id ,\"application-billingtransfer-display-component---billingWorkbench--smartFilterBar-btnBasicSearch\")]"}
RESULT: {}
RESULT: {"using":"xpath","value":"//input[contains(@id ,\"application-billingtransfer-display-component---billingWorkbench--smartFilterBar-btnBasicSearch\")]"}
COMMAND: POST /session/59389012155df3fc64e839119ed77469/execute/sync - {"script":"<script> [8489 bytes]","args":[{"element-6066-11e4-a52e-4f735466cecf":"f.8420AFDB22D113F0275E61267E529F05.d.7BFD8387602B35D274B8AD339D374646.e.23221","ELEMENT":"f.8420AFDB22D113F0275E61267E529F05.d.7BFD8387602B35D274B8AD339D374646.e.23221"}]}
RESULT: {"script":"<script> [8489 bytes]","args":[{"element-6066-11e4-a52e-4f735466cecf":"f.8420AFDB22D113F0275E61267E529F05.d.7BFD8387602B35D274B8AD339D374646.e.23221","ELEMENT":"f.8420AFDB22D113F0275E61267E529F05.d.7BFD8387602B35D274B8AD339D374646.e.23221"}]}
COMMAND: GET /session/59389012155df3fc64e839119ed77469/element/f.8420AFDB22D113F0275E61267E529F05.d.7BFD8387602B35D274B8AD339D374646.e.23221/enabled - {}
COMMAND: GET /session/59389012155df3fc64e839119ed77469/screenshot - {}
RESULT: {}
COMMAND: POST /session/59389012155df3fc64e839119ed77469/element/f.8420AFDB22D113F0275E61267E529F05.d.7BFD8387602B35D274B8AD339D374646.e.23221/click - {}
COMMAND: GET /session/59389012155df3fc64e839119ed77469/screenshot - {}
RESULT: {}
RESULT: {}
COMMAND: GET /session/59389012155df3fc64e839119ed77469/screenshot - {}
RESULT: {}
RESULT: {}
COMMAND: POST /session/59389012155df3fc64e839119ed77469/element/f.8420AFDB22D113F0275E61267E529F05.d.7BFD8387602B35D274B8AD339D374646.e.23221/clear - {}
RESULT: {}
COMMAND: POST /session/59389012155df3fc64e839119ed77469/element/f.8420AFDB22D113F0275E61267E529F05.d.7BFD8387602B35D274B8AD339D374646.e.23221/value - {"text":"10440"}
COMMAND: GET /session/59389012155df3fc64e839119ed77469/screenshot - {}
RESULT: {"text":"10440"}
COMMAND: POST /session/59389012155df3fc64e839119ed77469/actions - {"actions":[{"id":"action83","type":"key","parameters":{},"actions":[{"type":"keyDown","value":"î€‡"},{"type":"pause","duration":10},{"type":"keyUp","value":"î€‡"}]}]}
COMMAND: GET /session/59389012155df3fc64e839119ed77469/screenshot - {}
RESULT: {}
RESULT: {"actions":[{"id":"action83","type":"key","parameters":{},"actions":[{"type":"keyDown","value":"î€‡"},{"type":"pause","duration":10},{"type":"keyUp","value":"î€‡"}]}]}
COMMAND: GET /session/59389012155df3fc64e839119ed77469/screenshot - {}
RESULT: {}
RESULT: {}
COMMAND: POST /session/59389012155df3fc64e839119ed77469/element - {"using":"xpath","value":"//span[contains(@id ,\"application-billingtransfer-display-component---billingWorkbench--smartTableBillingRuns-header-inner\")]"}
RESULT: {"using":"xpath","value":"//span[contains(@id ,\"application-billingtransfer-display-component---billingWorkbench--smartTableBillingRuns-header-inner\")]"}
COMMAND: POST /session/59389012155df3fc64e839119ed77469/elements - {"using":"xpath","value":"//span[contains(@id ,\"application-billingtransfer-display-component---billingWorkbench--smartTableBillingRuns-header-inner\")]"}
RESULT: {"using":"xpath","value":"//span[contains(@id ,\"application-billingtransfer-display-component---billingWorkbench--smartTableBillingRuns-header-inner\")]"}
COMMAND: POST /session/59389012155df3fc64e839119ed77469/execute/sync - {"script":"<script> [56 bytes]","args":[{"element-6066-11e4-a52e-4f735466cecf":"f.8420AFDB22D113F0275E61267E529F05.d.7BFD8387602B35D274B8AD339D374646.e.23385","ELEMENT":"f.8420AFDB22D113F0275E61267E529F05.d.7BFD8387602B35D274B8AD339D374646.e.23385"}]}
RESULT: {"script":"<script> [56 bytes]","args":[{"element-6066-11e4-a52e-4f735466cecf":"f.8420AFDB22D113F0275E61267E529F05.d.7BFD8387602B35D274B8AD339D374646.e.23385","ELEMENT":"f.8420AFDB22D113F0275E61267E529F05.d.7BFD8387602B35D274B8AD339D374646.e.23385"}]}
COMMAND: GET /session/59389012155df3fc64e839119ed77469/screenshot - {}
RESULT: {}
COMMAND: POST /session/59389012155df3fc64e839119ed77469/execute/sync - {"script":"<script> [56 bytes]","args":[{"element-6066-11e4-a52e-4f735466cecf":"f.8420AFDB22D113F0275E61267E529F05.d.7BFD8387602B35D274B8AD339D374646.e.23385","ELEMENT":"f.8420AFDB22D113F0275E61267E529F05.d.7BFD8387602B35D274B8AD339D374646.e.23385"}]}
RESULT: {"script":"<script> [56 bytes]","args":[{"element-6066-11e4-a52e-4f735466cecf":"f.8420AFDB22D113F0275E61267E529F05.d.7BFD8387602B35D274B8AD339D374646.e.23385","ELEMENT":"f.8420AFDB22D113F0275E61267E529F05.d.7BFD8387602B35D274B8AD339D374646.e.23385"}]}
COMMAND: GET /session/59389012155df3fc64e839119ed77469/screenshot - {}
RESULT: {}
COMMAND: POST /session/59389012155df3fc64e839119ed77469/execute/sync - {"script":"<script> [56 bytes]","args":[{"element-6066-11e4-a52e-4f735466cecf":"f.8420AFDB22D113F0275E61267E529F05.d.7BFD8387602B35D274B8AD339D374646.e.23385","ELEMENT":"f.8420AFDB22D113F0275E61267E529F05.d.7BFD8387602B35D274B8AD339D374646.e.23385"}]}
RESULT: {"script":"<script> [56 bytes]","args":[{"element-6066-11e4-a52e-4f735466cecf":"f.8420AFDB22D113F0275E61267E529F05.d.7BFD8387602B35D274B8AD339D374646.e.23385","ELEMENT":"f.8420AFDB22D113F0275E61267E529F05.d.7BFD8387602B35D274B8AD339D374646.e.23385"}]}
COMMAND: GET /session/59389012155df3fc64e839119ed77469/screenshot - {}
RESULT: {}
COMMAND: POST /session/59389012155df3fc64e839119ed77469/execute/sync - {"script":"<script> [56 bytes]","args":[{"element-6066-11e4-a52e-4f735466cecf":"f.8420AFDB22D113F0275E61267E529F05.d.7BFD8387602B35D274B8AD339D374646.e.23385","ELEMENT":"f.8420AFDB22D113F0275E61267E529F05.d.7BFD8387602B35D274B8AD339D374646.e.23385"}]}
RESULT: {"script":"<script> [56 bytes]","args":[{"element-6066-11e4-a52e-4f735466cecf":"f.8420AFDB22D113F0275E61267E529F05.d.7BFD8387602B35D274B8AD339D374646.e.23385","ELEMENT":"f.8420AFDB22D113F0275E61267E529F05.d.7BFD8387602B35D274B8AD339D374646.e.23385"}]}
COMMAND: GET /session/59389012155df3fc64e839119ed77469/screenshot - {}
RESULT: {}
COMMAND: POST /session/59389012155df3fc64e839119ed77469/execute/sync - {"script":"<script> [56 bytes]","args":[{"element-6066-11e4-a52e-4f735466cecf":"f.8420AFDB22D113F0275E61267E529F05.d.7BFD8387602B35D274B8AD339D374646.e.23385","ELEMENT":"f.8420AFDB22D113F0275E61267E529F05.d.7BFD8387602B35D274B8AD339D374646.e.23385"}]}
RESULT: {"script":"<script> [56 bytes]","args":[{"element-6066-11e4-a52e-4f735466cecf":"f.8420AFDB22D113F0275E61267E529F05.d.7BFD8387602B35D274B8AD339D374646.e.23385","ELEMENT":"f.8420AFDB22D113F0275E61267E529F05.d.7BFD8387602B35D274B8AD339D374646.e.23385"}]}
COMMAND: GET /session/59389012155df3fc64e839119ed77469/screenshot - {}
RESULT: {}
COMMAND: POST /session/59389012155df3fc64e839119ed77469/execute/sync - {"script":"<script> [56 bytes]","args":[{"element-6066-11e4-a52e-4f735466cecf":"f.8420AFDB22D113F0275E61267E529F05.d.7BFD8387602B35D274B8AD339D374646.e.23385","ELEMENT":"f.8420AFDB22D113F0275E61267E529F05.d.7BFD8387602B35D274B8AD339D374646.e.23385"}]}
RESULT: {"script":"<script> [56 bytes]","args":[{"element-6066-11e4-a52e-4f735466cecf":"f.8420AFDB22D113F0275E61267E529F05.d.7BFD8387602B35D274B8AD339D374646.e.23385","ELEMENT":"f.8420AFDB22D113F0275E61267E529F05.d.7BFD8387602B35D274B8AD339D374646.e.23385"}]}
COMMAND: GET /session/59389012155df3fc64e839119ed77469/screenshot - {}
RESULT: {}
COMMAND: POST /session/59389012155df3fc64e839119ed77469/execute/sync - {"script":"<script> [56 bytes]","args":[{"element-6066-11e4-a52e-4f735466cecf":"f.8420AFDB22D113F0275E61267E529F05.d.7BFD8387602B35D274B8AD339D374646.e.23385","ELEMENT":"f.8420AFDB22D113F0275E61267E529F05.d.7BFD8387602B35D274B8AD339D374646.e.23385"}]}
RESULT: {"script":"<script> [56 bytes]","args":[{"element-6066-11e4-a52e-4f735466cecf":"f.8420AFDB22D113F0275E61267E529F05.d.7BFD8387602B35D274B8AD339D374646.e.23385","ELEMENT":"f.8420AFDB22D113F0275E61267E529F05.d.7BFD8387602B35D274B8AD339D374646.e.23385"}]}
COMMAND: POST /session/59389012155df3fc64e839119ed77469/element - {"using":"css selector","value":"#shell-header-logo"}
COMMAND: GET /session/59389012155df3fc64e839119ed77469/screenshot - {}
RESULT: {"using":"css selector","value":"#shell-header-logo"}
COMMAND: POST /session/59389012155df3fc64e839119ed77469/element/f.8420AFDB22D113F0275E61267E529F05.d.7BFD8387602B35D274B8AD339D374646.e.23219/click - {}
RESULT: {}
RESULT: {}
COMMAND: GET /session/59389012155df3fc64e839119ed77469/screenshot - {}
RESULT: {}
]]></system-out>
    </testcase>
    <testcase classname="chrome.135_0_7049_96.windows.Billing_Calculation_-_Time_based_(considering_transport_times)_US139738" name="Should navigate to the contract item check the billed until field value" time="37.861">
      <system-out><![CDATA[
RESULT: undefined
COMMAND: POST /session/59389012155df3fc64e839119ed77469/element - {"using":"xpath","value":"//*[@id=\"__tile130-title\"]"}
RESULT: {"using":"xpath","value":"//*[@id=\"__tile130-title\"]"}
COMMAND: POST /session/59389012155df3fc64e839119ed77469/element/f.8420AFDB22D113F0275E61267E529F05.d.7BFD8387602B35D274B8AD339D374646.e.21382/click - {}
RESULT: {}
COMMAND: GET /session/59389012155df3fc64e839119ed77469/screenshot - {}
RESULT: {}
COMMAND: POST /session/59389012155df3fc64e839119ed77469/element - {"using":"xpath","value":"//button[@data-kt=\"addButton\"]"}
RESULT: {"using":"xpath","value":"//button[@data-kt=\"addButton\"]"}
COMMAND: POST /session/59389012155df3fc64e839119ed77469/elements - {"using":"xpath","value":"//button[@data-kt=\"addButton\"]"}
RESULT: {"using":"xpath","value":"//button[@data-kt=\"addButton\"]"}
COMMAND: POST /session/59389012155df3fc64e839119ed77469/execute/sync - {"script":"<script> [8489 bytes]","args":[{"element-6066-11e4-a52e-4f735466cecf":"f.8420AFDB22D113F0275E61267E529F05.d.7BFD8387602B35D274B8AD339D374646.e.23483","ELEMENT":"f.8420AFDB22D113F0275E61267E529F05.d.7BFD8387602B35D274B8AD339D374646.e.23483"}]}
RESULT: {"script":"<script> [8489 bytes]","args":[{"element-6066-11e4-a52e-4f735466cecf":"f.8420AFDB22D113F0275E61267E529F05.d.7BFD8387602B35D274B8AD339D374646.e.23483","ELEMENT":"f.8420AFDB22D113F0275E61267E529F05.d.7BFD8387602B35D274B8AD339D374646.e.23483"}]}
COMMAND: GET /session/59389012155df3fc64e839119ed77469/element/f.8420AFDB22D113F0275E61267E529F05.d.7BFD8387602B35D274B8AD339D374646.e.23483/enabled - {}
COMMAND: GET /session/59389012155df3fc64e839119ed77469/screenshot - {}
RESULT: {}
COMMAND: POST /session/59389012155df3fc64e839119ed77469/execute/sync - {"script":"<script> [8489 bytes]","args":[{"element-6066-11e4-a52e-4f735466cecf":"f.8420AFDB22D113F0275E61267E529F05.d.7BFD8387602B35D274B8AD339D374646.e.23483","ELEMENT":"f.8420AFDB22D113F0275E61267E529F05.d.7BFD8387602B35D274B8AD339D374646.e.23483"}]}
COMMAND: GET /session/59389012155df3fc64e839119ed77469/screenshot - {}
RESULT: {}
RESULT: {"script":"<script> [8489 bytes]","args":[{"element-6066-11e4-a52e-4f735466cecf":"f.8420AFDB22D113F0275E61267E529F05.d.7BFD8387602B35D274B8AD339D374646.e.23483","ELEMENT":"f.8420AFDB22D113F0275E61267E529F05.d.7BFD8387602B35D274B8AD339D374646.e.23483"}]}
COMMAND: POST /session/59389012155df3fc64e839119ed77469/execute/sync - {"script":"<script> [5351 bytes]","args":[{"element-6066-11e4-a52e-4f735466cecf":"f.8420AFDB22D113F0275E61267E529F05.d.7BFD8387602B35D274B8AD339D374646.e.23483","ELEMENT":"f.8420AFDB22D113F0275E61267E529F05.d.7BFD8387602B35D274B8AD339D374646.e.23483"}]}
COMMAND: GET /session/59389012155df3fc64e839119ed77469/screenshot - {}
RESULT: {}
RESULT: {"script":"<script> [5351 bytes]","args":[{"element-6066-11e4-a52e-4f735466cecf":"f.8420AFDB22D113F0275E61267E529F05.d.7BFD8387602B35D274B8AD339D374646.e.23483","ELEMENT":"f.8420AFDB22D113F0275E61267E529F05.d.7BFD8387602B35D274B8AD339D374646.e.23483"}]}
COMMAND: POST /session/59389012155df3fc64e839119ed77469/element - {"using":"xpath","value":"//input[contains(@id ,\"smartContractFilterBar-btnBasicSearch-I\")]"}
COMMAND: GET /session/59389012155df3fc64e839119ed77469/screenshot - {}
RESULT: {}
RESULT: {"using":"xpath","value":"//input[contains(@id ,\"smartContractFilterBar-btnBasicSearch-I\")]"}
COMMAND: POST /session/59389012155df3fc64e839119ed77469/elements - {"using":"xpath","value":"//input[contains(@id ,\"smartContractFilterBar-btnBasicSearch-I\")]"}
RESULT: {}
RESULT: {"using":"xpath","value":"//input[contains(@id ,\"smartContractFilterBar-btnBasicSearch-I\")]"}
COMMAND: POST /session/59389012155df3fc64e839119ed77469/execute/sync - {"script":"<script> [8489 bytes]","args":[{"element-6066-11e4-a52e-4f735466cecf":"f.8420AFDB22D113F0275E61267E529F05.d.7BFD8387602B35D274B8AD339D374646.e.23414","ELEMENT":"f.8420AFDB22D113F0275E61267E529F05.d.7BFD8387602B35D274B8AD339D374646.e.23414"}]}
RESULT: {"script":"<script> [8489 bytes]","args":[{"element-6066-11e4-a52e-4f735466cecf":"f.8420AFDB22D113F0275E61267E529F05.d.7BFD8387602B35D274B8AD339D374646.e.23414","ELEMENT":"f.8420AFDB22D113F0275E61267E529F05.d.7BFD8387602B35D274B8AD339D374646.e.23414"}]}
COMMAND: GET /session/59389012155df3fc64e839119ed77469/element/f.8420AFDB22D113F0275E61267E529F05.d.7BFD8387602B35D274B8AD339D374646.e.23414/enabled - {}
COMMAND: GET /session/59389012155df3fc64e839119ed77469/screenshot - {}
RESULT: {}
COMMAND: POST /session/59389012155df3fc64e839119ed77469/element/f.8420AFDB22D113F0275E61267E529F05.d.7BFD8387602B35D274B8AD339D374646.e.23414/clear - {}
COMMAND: GET /session/59389012155df3fc64e839119ed77469/screenshot - {}
RESULT: {}
RESULT: {}
COMMAND: POST /session/59389012155df3fc64e839119ed77469/element/f.8420AFDB22D113F0275E61267E529F05.d.7BFD8387602B35D274B8AD339D374646.e.23414/value - {"text":"10440"}
COMMAND: GET /session/59389012155df3fc64e839119ed77469/screenshot - {}
RESULT: {}
RESULT: {"text":"10440"}
COMMAND: GET /session/59389012155df3fc64e839119ed77469/screenshot - {}
RESULT: {}
RESULT: {}
COMMAND: POST /session/59389012155df3fc64e839119ed77469/actions - {"actions":[{"id":"action84","type":"key","parameters":{},"actions":[{"type":"keyDown","value":"î€‡"},{"type":"pause","duration":10},{"type":"keyUp","value":"î€‡"}]}]}
RESULT: {"actions":[{"id":"action84","type":"key","parameters":{},"actions":[{"type":"keyDown","value":"î€‡"},{"type":"pause","duration":10},{"type":"keyUp","value":"î€‡"}]}]}
COMMAND: GET /session/59389012155df3fc64e839119ed77469/screenshot - {}
RESULT: {}
COMMAND: POST /session/59389012155df3fc64e839119ed77469/element - {"using":"xpath","value":"//span[contains(@id, \"masterListContractsSmartTable-header-inner\")]"}
RESULT: {"using":"xpath","value":"//span[contains(@id, \"masterListContractsSmartTable-header-inner\")]"}
COMMAND: POST /session/59389012155df3fc64e839119ed77469/elements - {"using":"xpath","value":"//span[contains(@id, \"masterListContractsSmartTable-header-inner\")]"}
RESULT: {"using":"xpath","value":"//span[contains(@id, \"masterListContractsSmartTable-header-inner\")]"}
COMMAND: POST /session/59389012155df3fc64e839119ed77469/execute/sync - {"script":"<script> [56 bytes]","args":[{"element-6066-11e4-a52e-4f735466cecf":"f.8420AFDB22D113F0275E61267E529F05.d.7BFD8387602B35D274B8AD339D374646.e.23539","ELEMENT":"f.8420AFDB22D113F0275E61267E529F05.d.7BFD8387602B35D274B8AD339D374646.e.23539"}]}
RESULT: {"script":"<script> [56 bytes]","args":[{"element-6066-11e4-a52e-4f735466cecf":"f.8420AFDB22D113F0275E61267E529F05.d.7BFD8387602B35D274B8AD339D374646.e.23539","ELEMENT":"f.8420AFDB22D113F0275E61267E529F05.d.7BFD8387602B35D274B8AD339D374646.e.23539"}]}
COMMAND: POST /session/59389012155df3fc64e839119ed77469/element - {"using":"xpath","value":"(//span[contains(@id, \"imgNav\")])[1]"}
COMMAND: GET /session/59389012155df3fc64e839119ed77469/screenshot - {}
RESULT: {"using":"xpath","value":"(//span[contains(@id, \"imgNav\")])[1]"}
COMMAND: POST /session/59389012155df3fc64e839119ed77469/element/f.8420AFDB22D113F0275E61267E529F05.d.7BFD8387602B35D274B8AD339D374646.e.23537/click - {}
RESULT: {}
RESULT: {}
COMMAND: GET /session/59389012155df3fc64e839119ed77469/screenshot - {}
RESULT: {}
COMMAND: POST /session/59389012155df3fc64e839119ed77469/element - {"using":"xpath","value":"//tr[@data-kt=\"productsColumnListItem\"]//td//span[contains(@id, \"imgNav\")][1]"}
RESULT: {"using":"xpath","value":"//tr[@data-kt=\"productsColumnListItem\"]//td//span[contains(@id, \"imgNav\")][1]"}
COMMAND: POST /session/59389012155df3fc64e839119ed77469/element/f.8420AFDB22D113F0275E61267E529F05.d.7BFD8387602B35D274B8AD339D374646.e.23701/click - {}
RESULT: {}
COMMAND: GET /session/59389012155df3fc64e839119ed77469/screenshot - {}
RESULT: {}
COMMAND: POST /session/59389012155df3fc64e839119ed77469/element - {"using":"xpath","value":"//section[contains(@id, \"application-managecontracts-display-component---BillingItem--ObjectPageLayout-OPHeaderContent\")]/div/div/div/div/div[2]/div/div[2]/span"}
RESULT: {"using":"xpath","value":"//section[contains(@id, \"application-managecontracts-display-component---BillingItem--ObjectPageLayout-OPHeaderContent\")]/div/div/div/div/div[2]/div/div[2]/span"}
COMMAND: POST /session/59389012155df3fc64e839119ed77469/execute/sync - {"script":"<script> [56 bytes]","args":[{"element-6066-11e4-a52e-4f735466cecf":"f.8420AFDB22D113F0275E61267E529F05.d.7BFD8387602B35D274B8AD339D374646.e.23839","ELEMENT":"f.8420AFDB22D113F0275E61267E529F05.d.7BFD8387602B35D274B8AD339D374646.e.23839"}]}
RESULT: {"script":"<script> [56 bytes]","args":[{"element-6066-11e4-a52e-4f735466cecf":"f.8420AFDB22D113F0275E61267E529F05.d.7BFD8387602B35D274B8AD339D374646.e.23839","ELEMENT":"f.8420AFDB22D113F0275E61267E529F05.d.7BFD8387602B35D274B8AD339D374646.e.23839"}]}
COMMAND: POST /session/59389012155df3fc64e839119ed77469/element - {"using":"xpath","value":"//table[contains(@id, \"application-managecontracts-display-component---BillingItem--billingList-listUl\")]//td//*[contains(text(), \"partial billed\")]"}
COMMAND: GET /session/59389012155df3fc64e839119ed77469/screenshot - {}
RESULT: {"using":"xpath","value":"//table[contains(@id, \"application-managecontracts-display-component---BillingItem--billingList-listUl\")]//td//*[contains(text(), \"partial billed\")]"}
COMMAND: POST /session/59389012155df3fc64e839119ed77469/execute/sync - {"script":"<script> [56 bytes]","args":[{"element-6066-11e4-a52e-4f735466cecf":"f.8420AFDB22D113F0275E61267E529F05.d.7BFD8387602B35D274B8AD339D374646.e.23840","ELEMENT":"f.8420AFDB22D113F0275E61267E529F05.d.7BFD8387602B35D274B8AD339D374646.e.23840"}]}
RESULT: {}
RESULT: {"script":"<script> [56 bytes]","args":[{"element-6066-11e4-a52e-4f735466cecf":"f.8420AFDB22D113F0275E61267E529F05.d.7BFD8387602B35D274B8AD339D374646.e.23840","ELEMENT":"f.8420AFDB22D113F0275E61267E529F05.d.7BFD8387602B35D274B8AD339D374646.e.23840"}]}
COMMAND: POST /session/59389012155df3fc64e839119ed77469/element - {"using":"css selector","value":"#shell-header-logo"}
COMMAND: GET /session/59389012155df3fc64e839119ed77469/screenshot - {}
RESULT: {"using":"css selector","value":"#shell-header-logo"}
COMMAND: POST /session/59389012155df3fc64e839119ed77469/element/f.8420AFDB22D113F0275E61267E529F05.d.7BFD8387602B35D274B8AD339D374646.e.23412/click - {}
RESULT: {}
RESULT: {}
COMMAND: GET /session/59389012155df3fc64e839119ed77469/screenshot - {}
RESULT: {}
]]></system-out>
    </testcase>
    <testcase classname="chrome.135_0_7049_96.windows.Billing_Calculation_-_Time_based_(considering_transport_times)_US139738" name="Should do a handover return 2 step 7 days after provide or 14 days from today receive it in 21 days" time="149.58">
      <system-out><![CDATA[
RESULT: undefined
COMMAND: POST /session/59389012155df3fc64e839119ed77469/element - {"using":"xpath","value":"//*[@id=\"__tile130-title\"]"}
RESULT: {"using":"xpath","value":"//*[@id=\"__tile130-title\"]"}
COMMAND: POST /session/59389012155df3fc64e839119ed77469/element/f.8420AFDB22D113F0275E61267E529F05.d.7BFD8387602B35D274B8AD339D374646.e.21382/click - {}
RESULT: {}
COMMAND: GET /session/59389012155df3fc64e839119ed77469/screenshot - {}
COMMAND: POST /session/59389012155df3fc64e839119ed77469/element - {"using":"xpath","value":"//button[@data-kt=\"addButton\"]"}
RESULT: {}
RESULT: {"using":"xpath","value":"//button[@data-kt=\"addButton\"]"}
COMMAND: POST /session/59389012155df3fc64e839119ed77469/elements - {"using":"xpath","value":"//button[@data-kt=\"addButton\"]"}
RESULT: {"using":"xpath","value":"//button[@data-kt=\"addButton\"]"}
COMMAND: POST /session/59389012155df3fc64e839119ed77469/execute/sync - {"script":"<script> [8489 bytes]","args":[{"element-6066-11e4-a52e-4f735466cecf":"f.8420AFDB22D113F0275E61267E529F05.d.7BFD8387602B35D274B8AD339D374646.e.23915","ELEMENT":"f.8420AFDB22D113F0275E61267E529F05.d.7BFD8387602B35D274B8AD339D374646.e.23915"}]}
RESULT: {"script":"<script> [8489 bytes]","args":[{"element-6066-11e4-a52e-4f735466cecf":"f.8420AFDB22D113F0275E61267E529F05.d.7BFD8387602B35D274B8AD339D374646.e.23915","ELEMENT":"f.8420AFDB22D113F0275E61267E529F05.d.7BFD8387602B35D274B8AD339D374646.e.23915"}]}
COMMAND: GET /session/59389012155df3fc64e839119ed77469/element/f.8420AFDB22D113F0275E61267E529F05.d.7BFD8387602B35D274B8AD339D374646.e.23915/enabled - {}
COMMAND: GET /session/59389012155df3fc64e839119ed77469/screenshot - {}
RESULT: {}
COMMAND: POST /session/59389012155df3fc64e839119ed77469/execute/sync - {"script":"<script> [8489 bytes]","args":[{"element-6066-11e4-a52e-4f735466cecf":"f.8420AFDB22D113F0275E61267E529F05.d.7BFD8387602B35D274B8AD339D374646.e.23915","ELEMENT":"f.8420AFDB22D113F0275E61267E529F05.d.7BFD8387602B35D274B8AD339D374646.e.23915"}]}
COMMAND: GET /session/59389012155df3fc64e839119ed77469/screenshot - {}
RESULT: {}
RESULT: {"script":"<script> [8489 bytes]","args":[{"element-6066-11e4-a52e-4f735466cecf":"f.8420AFDB22D113F0275E61267E529F05.d.7BFD8387602B35D274B8AD339D374646.e.23915","ELEMENT":"f.8420AFDB22D113F0275E61267E529F05.d.7BFD8387602B35D274B8AD339D374646.e.23915"}]}
COMMAND: POST /session/59389012155df3fc64e839119ed77469/execute/sync - {"script":"<script> [5351 bytes]","args":[{"element-6066-11e4-a52e-4f735466cecf":"f.8420AFDB22D113F0275E61267E529F05.d.7BFD8387602B35D274B8AD339D374646.e.23915","ELEMENT":"f.8420AFDB22D113F0275E61267E529F05.d.7BFD8387602B35D274B8AD339D374646.e.23915"}]}
COMMAND: GET /session/59389012155df3fc64e839119ed77469/screenshot - {}
RESULT: {}
RESULT: {"script":"<script> [5351 bytes]","args":[{"element-6066-11e4-a52e-4f735466cecf":"f.8420AFDB22D113F0275E61267E529F05.d.7BFD8387602B35D274B8AD339D374646.e.23915","ELEMENT":"f.8420AFDB22D113F0275E61267E529F05.d.7BFD8387602B35D274B8AD339D374646.e.23915"}]}
COMMAND: GET /session/59389012155df3fc64e839119ed77469/screenshot - {}
RESULT: {}
RESULT: {}
COMMAND: POST /session/59389012155df3fc64e839119ed77469/element - {"using":"xpath","value":"//input[contains(@id ,\"smartContractFilterBar-btnBasicSearch-I\")]"}
RESULT: {"using":"xpath","value":"//input[contains(@id ,\"smartContractFilterBar-btnBasicSearch-I\")]"}
COMMAND: POST /session/59389012155df3fc64e839119ed77469/elements - {"using":"xpath","value":"//input[contains(@id ,\"smartContractFilterBar-btnBasicSearch-I\")]"}
RESULT: {"using":"xpath","value":"//input[contains(@id ,\"smartContractFilterBar-btnBasicSearch-I\")]"}
COMMAND: POST /session/59389012155df3fc64e839119ed77469/execute/sync - {"script":"<script> [8489 bytes]","args":[{"element-6066-11e4-a52e-4f735466cecf":"f.8420AFDB22D113F0275E61267E529F05.d.7BFD8387602B35D274B8AD339D374646.e.23846","ELEMENT":"f.8420AFDB22D113F0275E61267E529F05.d.7BFD8387602B35D274B8AD339D374646.e.23846"}]}
RESULT: {"script":"<script> [8489 bytes]","args":[{"element-6066-11e4-a52e-4f735466cecf":"f.8420AFDB22D113F0275E61267E529F05.d.7BFD8387602B35D274B8AD339D374646.e.23846","ELEMENT":"f.8420AFDB22D113F0275E61267E529F05.d.7BFD8387602B35D274B8AD339D374646.e.23846"}]}
COMMAND: GET /session/59389012155df3fc64e839119ed77469/element/f.8420AFDB22D113F0275E61267E529F05.d.7BFD8387602B35D274B8AD339D374646.e.23846/enabled - {}
COMMAND: GET /session/59389012155df3fc64e839119ed77469/screenshot - {}
RESULT: {}
COMMAND: POST /session/59389012155df3fc64e839119ed77469/element/f.8420AFDB22D113F0275E61267E529F05.d.7BFD8387602B35D274B8AD339D374646.e.23846/clear - {}
COMMAND: GET /session/59389012155df3fc64e839119ed77469/screenshot - {}
RESULT: {}
RESULT: {}
COMMAND: POST /session/59389012155df3fc64e839119ed77469/element/f.8420AFDB22D113F0275E61267E529F05.d.7BFD8387602B35D274B8AD339D374646.e.23846/value - {"text":"10440"}
COMMAND: GET /session/59389012155df3fc64e839119ed77469/screenshot - {}
RESULT: {}
RESULT: {"text":"10440"}
COMMAND: GET /session/59389012155df3fc64e839119ed77469/screenshot - {}
RESULT: {}
COMMAND: POST /session/59389012155df3fc64e839119ed77469/actions - {"actions":[{"id":"action85","type":"key","parameters":{},"actions":[{"type":"keyDown","value":"î€‡"},{"type":"pause","duration":10},{"type":"keyUp","value":"î€‡"}]}]}
RESULT: {}
RESULT: {"actions":[{"id":"action85","type":"key","parameters":{},"actions":[{"type":"keyDown","value":"î€‡"},{"type":"pause","duration":10},{"type":"keyUp","value":"î€‡"}]}]}
COMMAND: GET /session/59389012155df3fc64e839119ed77469/screenshot - {}
RESULT: {}
COMMAND: POST /session/59389012155df3fc64e839119ed77469/element - {"using":"xpath","value":"//span[contains(@id, \"masterListContractsSmartTable-header-inner\")]"}
RESULT: {"using":"xpath","value":"//span[contains(@id, \"masterListContractsSmartTable-header-inner\")]"}
COMMAND: POST /session/59389012155df3fc64e839119ed77469/elements - {"using":"xpath","value":"//span[contains(@id, \"masterListContractsSmartTable-header-inner\")]"}
RESULT: {"using":"xpath","value":"//span[contains(@id, \"masterListContractsSmartTable-header-inner\")]"}
COMMAND: POST /session/59389012155df3fc64e839119ed77469/execute/sync - {"script":"<script> [56 bytes]","args":[{"element-6066-11e4-a52e-4f735466cecf":"f.8420AFDB22D113F0275E61267E529F05.d.7BFD8387602B35D274B8AD339D374646.e.23971","ELEMENT":"f.8420AFDB22D113F0275E61267E529F05.d.7BFD8387602B35D274B8AD339D374646.e.23971"}]}
RESULT: {"script":"<script> [56 bytes]","args":[{"element-6066-11e4-a52e-4f735466cecf":"f.8420AFDB22D113F0275E61267E529F05.d.7BFD8387602B35D274B8AD339D374646.e.23971","ELEMENT":"f.8420AFDB22D113F0275E61267E529F05.d.7BFD8387602B35D274B8AD339D374646.e.23971"}]}
COMMAND: POST /session/59389012155df3fc64e839119ed77469/element - {"using":"xpath","value":"(//span[contains(@id, \"imgNav\")])[1]"}
COMMAND: GET /session/59389012155df3fc64e839119ed77469/screenshot - {}
RESULT: {"using":"xpath","value":"(//span[contains(@id, \"imgNav\")])[1]"}
COMMAND: POST /session/59389012155df3fc64e839119ed77469/element/f.8420AFDB22D113F0275E61267E529F05.d.7BFD8387602B35D274B8AD339D374646.e.23969/click - {}
RESULT: {}
RESULT: {}
COMMAND: GET /session/59389012155df3fc64e839119ed77469/screenshot - {}
RESULT: {}
COMMAND: POST /session/59389012155df3fc64e839119ed77469/element - {"using":"xpath","value":"//button[contains(@id, \"contractDetailReturnButton\")]"}
RESULT: {"using":"xpath","value":"//button[contains(@id, \"contractDetailReturnButton\")]"}
COMMAND: POST /session/59389012155df3fc64e839119ed77469/element/f.8420AFDB22D113F0275E61267E529F05.d.7BFD8387602B35D274B8AD339D374646.e.24044/click - {}
RESULT: {}
COMMAND: GET /session/59389012155df3fc64e839119ed77469/screenshot - {}
RESULT: {}
RESULT: undefined
COMMAND: POST /session/59389012155df3fc64e839119ed77469/execute/async - {"script":"<script> [776 bytes]","args":[{"enterText":"05/15/25","selector":{"id":"application-managehandovers-display-component---AddNewHO--dueDate","interaction":{"idSuffix":"inner"}},"clearTextFirst":true,"interactionType":"ENTER_TEXT"}]}
RESULT: {"script":"<script> [776 bytes]","args":[{"enterText":"05/15/25","selector":{"id":"application-managehandovers-display-component---AddNewHO--dueDate","interaction":{"idSuffix":"inner"}},"clearTextFirst":true,"interactionType":"ENTER_TEXT"}]}
COMMAND: POST /session/59389012155df3fc64e839119ed77469/element - {"using":"xpath","value":"//bdi[contains(text(), \"Instructions\")]"}
RESULT: {"using":"xpath","value":"//bdi[contains(text(), \"Instructions\")]"}
COMMAND: POST /session/59389012155df3fc64e839119ed77469/element/f.8420AFDB22D113F0275E61267E529F05.d.7BFD8387602B35D274B8AD339D374646.e.24443/click - {}
RESULT: {}
COMMAND: GET /session/59389012155df3fc64e839119ed77469/screenshot - {}
RESULT: {}
COMMAND: POST /session/59389012155df3fc64e839119ed77469/element - {"using":"xpath","value":"//button[@data-kt=\"AddNewHOProvideAddItemsButton\"]"}
RESULT: {"using":"xpath","value":"//button[@data-kt=\"AddNewHOProvideAddItemsButton\"]"}
COMMAND: POST /session/59389012155df3fc64e839119ed77469/element/f.8420AFDB22D113F0275E61267E529F05.d.7BFD8387602B35D274B8AD339D374646.e.24250/click - {}
RESULT: {}
COMMAND: GET /session/59389012155df3fc64e839119ed77469/screenshot - {}
RESULT: {}
RESULT: undefined
COMMAND: POST /session/59389012155df3fc64e839119ed77469/element - {"using":"xpath","value":"//*[@id=\"application-managehandovers-display-component---AddNewHO--popup-sa\"]"}
RESULT: {"using":"xpath","value":"//*[@id=\"application-managehandovers-display-component---AddNewHO--popup-sa\"]"}
COMMAND: POST /session/59389012155df3fc64e839119ed77469/element/f.8420AFDB22D113F0275E61267E529F05.d.7BFD8387602B35D274B8AD339D374646.e.24461/click - {}
RESULT: {}
COMMAND: GET /session/59389012155df3fc64e839119ed77469/screenshot - {}
RESULT: {}
COMMAND: POST /session/59389012155df3fc64e839119ed77469/element - {"using":"xpath","value":"//*[contains(@id ,\"BDI-content\")][contains(text(), \"Select\")]"}
RESULT: {"using":"xpath","value":"//*[contains(@id ,\"BDI-content\")][contains(text(), \"Select\")]"}
COMMAND: POST /session/59389012155df3fc64e839119ed77469/element/f.8420AFDB22D113F0275E61267E529F05.d.7BFD8387602B35D274B8AD339D374646.e.24463/click - {}
RESULT: {}
COMMAND: GET /session/59389012155df3fc64e839119ed77469/screenshot - {}
RESULT: {}
COMMAND: POST /session/59389012155df3fc64e839119ed77469/element - {"using":"xpath","value":"(//div[contains(@id, \"application-managehandovers-display-component---AddNewHO--oneStep-CbBg\")])"}
RESULT: {"using":"xpath","value":"(//div[contains(@id, \"application-managehandovers-display-component---AddNewHO--oneStep-CbBg\")])"}
COMMAND: POST /session/59389012155df3fc64e839119ed77469/element/f.8420AFDB22D113F0275E61267E529F05.d.7BFD8387602B35D274B8AD339D374646.e.24471/click - {}
RESULT: {}
RESULT: undefined
COMMAND: POST /session/59389012155df3fc64e839119ed77469/element - {"using":"xpath","value":"//*[@id=\"application-managehandovers-display-component---AddNewHO--confirmCreationButton\"]"}
COMMAND: GET /session/59389012155df3fc64e839119ed77469/screenshot - {}
RESULT: {"using":"xpath","value":"//*[@id=\"application-managehandovers-display-component---AddNewHO--confirmCreationButton\"]"}
COMMAND: POST /session/59389012155df3fc64e839119ed77469/element/f.8420AFDB22D113F0275E61267E529F05.d.7BFD8387602B35D274B8AD339D374646.e.24257/click - {}
RESULT: {}
RESULT: {}
COMMAND: GET /session/59389012155df3fc64e839119ed77469/screenshot - {}
RESULT: {}
COMMAND: POST /session/59389012155df3fc64e839119ed77469/element - {"using":"xpath","value":"//button[@data-kt=\"PickingTableConfirmAllButton\"]"}
RESULT: {"using":"xpath","value":"//button[@data-kt=\"PickingTableConfirmAllButton\"]"}
COMMAND: POST /session/59389012155df3fc64e839119ed77469/element/f.8420AFDB22D113F0275E61267E529F05.d.7BFD8387602B35D274B8AD339D374646.e.24499/click - {}
COMMAND: POST /session/59389012155df3fc64e839119ed77469/element - {"using":"xpath","value":"//button[@data-kt=\"PickingTableConfirmAllButton\"]"}
RESULT: {"using":"xpath","value":"//button[@data-kt=\"PickingTableConfirmAllButton\"]"}
COMMAND: POST /session/59389012155df3fc64e839119ed77469/element/f.8420AFDB22D113F0275E61267E529F05.d.7BFD8387602B35D274B8AD339D374646.e.24499/click - {}
COMMAND: POST /session/59389012155df3fc64e839119ed77469/element - {"using":"xpath","value":"//button[@data-kt=\"PickingTableConfirmAllButton\"]"}
RESULT: {"using":"xpath","value":"//button[@data-kt=\"PickingTableConfirmAllButton\"]"}
COMMAND: POST /session/59389012155df3fc64e839119ed77469/element/f.8420AFDB22D113F0275E61267E529F05.d.7BFD8387602B35D274B8AD339D374646.e.24519/click - {}
RESULT: {}
COMMAND: GET /session/59389012155df3fc64e839119ed77469/screenshot - {}
RESULT: {}
COMMAND: POST /session/59389012155df3fc64e839119ed77469/element - {"using":"xpath","value":"//bdi[contains(text(), \"OK\")]"}
RESULT: {"using":"xpath","value":"//bdi[contains(text(), \"OK\")]"}
COMMAND: POST /session/59389012155df3fc64e839119ed77469/element/f.8420AFDB22D113F0275E61267E529F05.d.7BFD8387602B35D274B8AD339D374646.e.24521/click - {}
RESULT: {}
COMMAND: GET /session/59389012155df3fc64e839119ed77469/screenshot - {}
RESULT: {}
COMMAND: POST /session/59389012155df3fc64e839119ed77469/element - {"using":"xpath","value":"//button[@data-kt=\"execHoPickButton\"]"}
RESULT: {"using":"xpath","value":"//button[@data-kt=\"execHoPickButton\"]"}
COMMAND: POST /session/59389012155df3fc64e839119ed77469/element/f.8420AFDB22D113F0275E61267E529F05.d.7BFD8387602B35D274B8AD339D374646.e.24523/click - {}
RESULT: {}
COMMAND: GET /session/59389012155df3fc64e839119ed77469/screenshot - {}
RESULT: {}
COMMAND: POST /session/59389012155df3fc64e839119ed77469/element - {"using":"xpath","value":"//span[contains(@id ,\"filterItemControl_BASIC-SEND_CONTRACT-vhi\")]"}
RESULT: {"using":"xpath","value":"//span[contains(@id ,\"filterItemControl_BASIC-SEND_CONTRACT-vhi\")]"}
COMMAND: POST /session/59389012155df3fc64e839119ed77469/element/f.8420AFDB22D113F0275E61267E529F05.d.7BFD8387602B35D274B8AD339D374646.e.24810/click - {}
RESULT: {}
COMMAND: GET /session/59389012155df3fc64e839119ed77469/screenshot - {}
RESULT: {}
RESULT: undefined
COMMAND: POST /session/59389012155df3fc64e839119ed77469/execute/async - {"script":"<script> [776 bytes]","args":[{"enterText":"10440","selector":{"controlType":"sap.m.SearchField","viewName":"etm.portal.ui.managehandovers.view.MasterHO","bindingPath":{"path":"","propertyPath":"/_BASIC_SEARCH_FIELD","modelName":"fi1t3rM0d31"},"searchOpenDialogs":true,"interaction":{"idSuffix":"I"}},"clearTextFirst":true,"interactionType":"ENTER_TEXT"}]}
RESULT: {"script":"<script> [776 bytes]","args":[{"enterText":"10440","selector":{"controlType":"sap.m.SearchField","viewName":"etm.portal.ui.managehandovers.view.MasterHO","bindingPath":{"path":"","propertyPath":"/_BASIC_SEARCH_FIELD","modelName":"fi1t3rM0d31"},"searchOpenDialogs":true,"interaction":{"idSuffix":"I"}},"clearTextFirst":true,"interactionType":"ENTER_TEXT"}]}
COMMAND: POST /session/59389012155df3fc64e839119ed77469/actions - {"actions":[{"id":"action86","type":"key","parameters":{},"actions":[{"type":"keyDown","value":"î€‡"},{"type":"pause","duration":10},{"type":"keyUp","value":"î€‡"}]}]}
RESULT: {"actions":[{"id":"action86","type":"key","parameters":{},"actions":[{"type":"keyDown","value":"î€‡"},{"type":"pause","duration":10},{"type":"keyUp","value":"î€‡"}]}]}
COMMAND: GET /session/59389012155df3fc64e839119ed77469/screenshot - {}
RESULT: {}
COMMAND: POST /session/59389012155df3fc64e839119ed77469/element - {"using":"xpath","value":"//div[contains(@id, 'filterItemControl_BASIC-SEND_CONTRACT-valueHelpDialog-table-rowsel0')]"}
RESULT: {"using":"xpath","value":"//div[contains(@id, 'filterItemControl_BASIC-SEND_CONTRACT-valueHelpDialog-table-rowsel0')]"}
COMMAND: POST /session/59389012155df3fc64e839119ed77469/element/f.8420AFDB22D113F0275E61267E529F05.d.7BFD8387602B35D274B8AD339D374646.e.24817/click - {}
RESULT: {}
COMMAND: GET /session/59389012155df3fc64e839119ed77469/screenshot - {}
RESULT: {}
COMMAND: POST /session/59389012155df3fc64e839119ed77469/element - {"using":"xpath","value":"//bdi[contains(text(), \"OK\")]"}
RESULT: {"using":"xpath","value":"//bdi[contains(text(), \"OK\")]"}
COMMAND: POST /session/59389012155df3fc64e839119ed77469/element/f.8420AFDB22D113F0275E61267E529F05.d.7BFD8387602B35D274B8AD339D374646.e.24819/click - {}
RESULT: {}
COMMAND: GET /session/59389012155df3fc64e839119ed77469/screenshot - {}
RESULT: {}
COMMAND: POST /session/59389012155df3fc64e839119ed77469/element - {"using":"xpath","value":"//span[contains(@id, \"smartTable-header-inner\")]"}
RESULT: {"using":"xpath","value":"//span[contains(@id, \"smartTable-header-inner\")]"}
COMMAND: POST /session/59389012155df3fc64e839119ed77469/elements - {"using":"xpath","value":"//span[contains(@id, \"smartTable-header-inner\")]"}
RESULT: {"using":"xpath","value":"//span[contains(@id, \"smartTable-header-inner\")]"}
COMMAND: POST /session/59389012155df3fc64e839119ed77469/execute/sync - {"script":"<script> [56 bytes]","args":[{"element-6066-11e4-a52e-4f735466cecf":"f.8420AFDB22D113F0275E61267E529F05.d.7BFD8387602B35D274B8AD339D374646.e.24848","ELEMENT":"f.8420AFDB22D113F0275E61267E529F05.d.7BFD8387602B35D274B8AD339D374646.e.24848"}]}
RESULT: {"script":"<script> [56 bytes]","args":[{"element-6066-11e4-a52e-4f735466cecf":"f.8420AFDB22D113F0275E61267E529F05.d.7BFD8387602B35D274B8AD339D374646.e.24848","ELEMENT":"f.8420AFDB22D113F0275E61267E529F05.d.7BFD8387602B35D274B8AD339D374646.e.24848"}]}
COMMAND: POST /session/59389012155df3fc64e839119ed77469/element - {"using":"xpath","value":"//table[contains(@id, \"customHandovers\")]//tbody/tr[1]/td[2]/span"}
COMMAND: GET /session/59389012155df3fc64e839119ed77469/screenshot - {}
RESULT: {"using":"xpath","value":"//table[contains(@id, \"customHandovers\")]//tbody/tr[1]/td[2]/span"}
COMMAND: POST /session/59389012155df3fc64e839119ed77469/execute/sync - {"script":"<script> [56 bytes]","args":[{"element-6066-11e4-a52e-4f735466cecf":"f.8420AFDB22D113F0275E61267E529F05.d.7BFD8387602B35D274B8AD339D374646.e.24849","ELEMENT":"f.8420AFDB22D113F0275E61267E529F05.d.7BFD8387602B35D274B8AD339D374646.e.24849"}]}
RESULT: {}
RESULT: {"script":"<script> [56 bytes]","args":[{"element-6066-11e4-a52e-4f735466cecf":"f.8420AFDB22D113F0275E61267E529F05.d.7BFD8387602B35D274B8AD339D374646.e.24849","ELEMENT":"f.8420AFDB22D113F0275E61267E529F05.d.7BFD8387602B35D274B8AD339D374646.e.24849"}]}
COMMAND: POST /session/59389012155df3fc64e839119ed77469/element - {"using":"xpath","value":"(//span[contains(@id, \"imgNav\")])[1]"}
COMMAND: GET /session/59389012155df3fc64e839119ed77469/screenshot - {}
RESULT: {"using":"xpath","value":"(//span[contains(@id, \"imgNav\")])[1]"}
COMMAND: POST /session/59389012155df3fc64e839119ed77469/element/f.8420AFDB22D113F0275E61267E529F05.d.7BFD8387602B35D274B8AD339D374646.e.24845/click - {}
RESULT: {}
RESULT: {}
COMMAND: GET /session/59389012155df3fc64e839119ed77469/screenshot - {}
RESULT: {}
COMMAND: POST /session/59389012155df3fc64e839119ed77469/element - {"using":"xpath","value":"//button[@data-kt=\"PickingTableConfirmAllButton\"]"}
RESULT: {"using":"xpath","value":"//button[@data-kt=\"PickingTableConfirmAllButton\"]"}
COMMAND: POST /session/59389012155df3fc64e839119ed77469/element/f.8420AFDB22D113F0275E61267E529F05.d.7BFD8387602B35D274B8AD339D374646.e.24888/click - {}
RESULT: {}
COMMAND: GET /session/59389012155df3fc64e839119ed77469/screenshot - {}
RESULT: {}
COMMAND: POST /session/59389012155df3fc64e839119ed77469/element - {"using":"xpath","value":"//bdi[contains(text(), \"OK\")]"}
RESULT: {"using":"xpath","value":"//bdi[contains(text(), \"OK\")]"}
COMMAND: POST /session/59389012155df3fc64e839119ed77469/element/f.8420AFDB22D113F0275E61267E529F05.d.7BFD8387602B35D274B8AD339D374646.e.24899/click - {}
RESULT: {}
COMMAND: GET /session/59389012155df3fc64e839119ed77469/screenshot - {}
RESULT: {}
COMMAND: POST /session/59389012155df3fc64e839119ed77469/element - {"using":"xpath","value":"//button[@data-kt=\"execHoIssueButton\"]"}
RESULT: {"using":"xpath","value":"//button[@data-kt=\"execHoIssueButton\"]"}
COMMAND: POST /session/59389012155df3fc64e839119ed77469/element/f.8420AFDB22D113F0275E61267E529F05.d.7BFD8387602B35D274B8AD339D374646.e.24901/click - {}
RESULT: {}
COMMAND: GET /session/59389012155df3fc64e839119ed77469/screenshot - {}
RESULT: {}
COMMAND: POST /session/59389012155df3fc64e839119ed77469/element - {"using":"xpath","value":"//input[contains(@id ,\"smartFilterBar-btnBasicSearch-I\")]"}
RESULT: {"using":"xpath","value":"//input[contains(@id ,\"smartFilterBar-btnBasicSearch-I\")]"}
COMMAND: POST /session/59389012155df3fc64e839119ed77469/elements - {"using":"xpath","value":"//input[contains(@id ,\"smartFilterBar-btnBasicSearch-I\")]"}
RESULT: {"using":"xpath","value":"//input[contains(@id ,\"smartFilterBar-btnBasicSearch-I\")]"}
COMMAND: POST /session/59389012155df3fc64e839119ed77469/execute/sync - {"script":"<script> [8489 bytes]","args":[{"element-6066-11e4-a52e-4f735466cecf":"f.8420AFDB22D113F0275E61267E529F05.d.7BFD8387602B35D274B8AD339D374646.e.24212","ELEMENT":"f.8420AFDB22D113F0275E61267E529F05.d.7BFD8387602B35D274B8AD339D374646.e.24212"}]}
RESULT: {"script":"<script> [8489 bytes]","args":[{"element-6066-11e4-a52e-4f735466cecf":"f.8420AFDB22D113F0275E61267E529F05.d.7BFD8387602B35D274B8AD339D374646.e.24212","ELEMENT":"f.8420AFDB22D113F0275E61267E529F05.d.7BFD8387602B35D274B8AD339D374646.e.24212"}]}
COMMAND: GET /session/59389012155df3fc64e839119ed77469/element/f.8420AFDB22D113F0275E61267E529F05.d.7BFD8387602B35D274B8AD339D374646.e.24212/enabled - {}
COMMAND: GET /session/59389012155df3fc64e839119ed77469/screenshot - {}
RESULT: {}
COMMAND: POST /session/59389012155df3fc64e839119ed77469/element/f.8420AFDB22D113F0275E61267E529F05.d.7BFD8387602B35D274B8AD339D374646.e.24212/clear - {}
COMMAND: GET /session/59389012155df3fc64e839119ed77469/screenshot - {}
RESULT: {}
RESULT: {}
COMMAND: POST /session/59389012155df3fc64e839119ed77469/element/f.8420AFDB22D113F0275E61267E529F05.d.7BFD8387602B35D274B8AD339D374646.e.24212/value - {"text":"30630"}
COMMAND: GET /session/59389012155df3fc64e839119ed77469/screenshot - {}
RESULT: {}
RESULT: {"text":"30630"}
COMMAND: GET /session/59389012155df3fc64e839119ed77469/screenshot - {}
RESULT: {}
RESULT: {}
COMMAND: POST /session/59389012155df3fc64e839119ed77469/actions - {"actions":[{"id":"action87","type":"key","parameters":{},"actions":[{"type":"keyDown","value":"î€‡"},{"type":"pause","duration":10},{"type":"keyUp","value":"î€‡"}]}]}
RESULT: {"actions":[{"id":"action87","type":"key","parameters":{},"actions":[{"type":"keyDown","value":"î€‡"},{"type":"pause","duration":10},{"type":"keyUp","value":"î€‡"}]}]}
COMMAND: GET /session/59389012155df3fc64e839119ed77469/screenshot - {}
RESULT: {}
COMMAND: POST /session/59389012155df3fc64e839119ed77469/element - {"using":"xpath","value":"//span[contains(@id, \"smartTable-header-inner\")]"}
RESULT: {"using":"xpath","value":"//span[contains(@id, \"smartTable-header-inner\")]"}
COMMAND: POST /session/59389012155df3fc64e839119ed77469/elements - {"using":"xpath","value":"//span[contains(@id, \"smartTable-header-inner\")]"}
RESULT: {"using":"xpath","value":"//span[contains(@id, \"smartTable-header-inner\")]"}
COMMAND: POST /session/59389012155df3fc64e839119ed77469/execute/sync - {"script":"<script> [56 bytes]","args":[{"element-6066-11e4-a52e-4f735466cecf":"f.8420AFDB22D113F0275E61267E529F05.d.7BFD8387602B35D274B8AD339D374646.e.24848","ELEMENT":"f.8420AFDB22D113F0275E61267E529F05.d.7BFD8387602B35D274B8AD339D374646.e.24848"}]}
RESULT: {"script":"<script> [56 bytes]","args":[{"element-6066-11e4-a52e-4f735466cecf":"f.8420AFDB22D113F0275E61267E529F05.d.7BFD8387602B35D274B8AD339D374646.e.24848","ELEMENT":"f.8420AFDB22D113F0275E61267E529F05.d.7BFD8387602B35D274B8AD339D374646.e.24848"}]}
COMMAND: POST /session/59389012155df3fc64e839119ed77469/elements - {"using":"xpath","value":"//thead[contains(@class, \"sapMTableTH\")]/tr/th"}
COMMAND: GET /session/59389012155df3fc64e839119ed77469/screenshot - {}
RESULT: {"using":"xpath","value":"//thead[contains(@class, \"sapMTableTH\")]/tr/th"}
COMMAND: GET /session/59389012155df3fc64e839119ed77469/element/f.8420AFDB22D113F0275E61267E529F05.d.7BFD8387602B35D274B8AD339D374646.e.24936/text - {}
RESULT: {}
RESULT: {}
COMMAND: GET /session/59389012155df3fc64e839119ed77469/element/f.8420AFDB22D113F0275E61267E529F05.d.7BFD8387602B35D274B8AD339D374646.e.24937/text - {}
RESULT: {}
COMMAND: GET /session/59389012155df3fc64e839119ed77469/element/f.8420AFDB22D113F0275E61267E529F05.d.7BFD8387602B35D274B8AD339D374646.e.24206/text - {}
RESULT: {}
COMMAND: GET /session/59389012155df3fc64e839119ed77469/element/f.8420AFDB22D113F0275E61267E529F05.d.7BFD8387602B35D274B8AD339D374646.e.24208/text - {}
RESULT: {}
COMMAND: GET /session/59389012155df3fc64e839119ed77469/element/f.8420AFDB22D113F0275E61267E529F05.d.7BFD8387602B35D274B8AD339D374646.e.24903/text - {}
RESULT: {}
COMMAND: GET /session/59389012155df3fc64e839119ed77469/element/f.8420AFDB22D113F0275E61267E529F05.d.7BFD8387602B35D274B8AD339D374646.e.24904/text - {}
RESULT: {}
COMMAND: GET /session/59389012155df3fc64e839119ed77469/element/f.8420AFDB22D113F0275E61267E529F05.d.7BFD8387602B35D274B8AD339D374646.e.24905/text - {}
RESULT: {}
COMMAND: GET /session/59389012155df3fc64e839119ed77469/element/f.8420AFDB22D113F0275E61267E529F05.d.7BFD8387602B35D274B8AD339D374646.e.24906/text - {}
RESULT: {}
COMMAND: GET /session/59389012155df3fc64e839119ed77469/element/f.8420AFDB22D113F0275E61267E529F05.d.7BFD8387602B35D274B8AD339D374646.e.24907/text - {}
RESULT: {}
COMMAND: GET /session/59389012155df3fc64e839119ed77469/element/f.8420AFDB22D113F0275E61267E529F05.d.7BFD8387602B35D274B8AD339D374646.e.24908/text - {}
RESULT: {}
COMMAND: GET /session/59389012155df3fc64e839119ed77469/element/f.8420AFDB22D113F0275E61267E529F05.d.7BFD8387602B35D274B8AD339D374646.e.24909/text - {}
RESULT: {}
COMMAND: GET /session/59389012155df3fc64e839119ed77469/element/f.8420AFDB22D113F0275E61267E529F05.d.7BFD8387602B35D274B8AD339D374646.e.24910/text - {}
RESULT: {}
COMMAND: GET /session/59389012155df3fc64e839119ed77469/element/f.8420AFDB22D113F0275E61267E529F05.d.7BFD8387602B35D274B8AD339D374646.e.24911/text - {}
RESULT: {}
COMMAND: GET /session/59389012155df3fc64e839119ed77469/element/f.8420AFDB22D113F0275E61267E529F05.d.7BFD8387602B35D274B8AD339D374646.e.24209/text - {}
RESULT: {}
COMMAND: POST /session/59389012155df3fc64e839119ed77469/element - {"using":"xpath","value":"//tbody[contains(@id, \"customHandoversTable-tblBody\")]/tr[1]/td[14]/div/span"}
RESULT: {"using":"xpath","value":"//tbody[contains(@id, \"customHandoversTable-tblBody\")]/tr[1]/td[14]/div/span"}
COMMAND: POST /session/59389012155df3fc64e839119ed77469/execute/sync - {"script":"<script> [56 bytes]","args":[{"element-6066-11e4-a52e-4f735466cecf":"f.8420AFDB22D113F0275E61267E529F05.d.7BFD8387602B35D274B8AD339D374646.e.24990","ELEMENT":"f.8420AFDB22D113F0275E61267E529F05.d.7BFD8387602B35D274B8AD339D374646.e.24990"}]}
RESULT: {"script":"<script> [56 bytes]","args":[{"element-6066-11e4-a52e-4f735466cecf":"f.8420AFDB22D113F0275E61267E529F05.d.7BFD8387602B35D274B8AD339D374646.e.24990","ELEMENT":"f.8420AFDB22D113F0275E61267E529F05.d.7BFD8387602B35D274B8AD339D374646.e.24990"}]}
COMMAND: POST /session/59389012155df3fc64e839119ed77469/element - {"using":"xpath","value":"(//span[contains(@id, \"imgNav\")])[1]"}
COMMAND: GET /session/59389012155df3fc64e839119ed77469/screenshot - {}
RESULT: {"using":"xpath","value":"(//span[contains(@id, \"imgNav\")])[1]"}
COMMAND: POST /session/59389012155df3fc64e839119ed77469/element/f.8420AFDB22D113F0275E61267E529F05.d.7BFD8387602B35D274B8AD339D374646.e.24991/click - {}
RESULT: {}
RESULT: {}
COMMAND: GET /session/59389012155df3fc64e839119ed77469/screenshot - {}
RESULT: {}
RESULT: undefined
COMMAND: POST /session/59389012155df3fc64e839119ed77469/execute/async - {"script":"<script> [776 bytes]","args":[{"enterText":"05/22/25","selector":{"id":"receiptDatePicker","viewName":"etm.portal.ui.managehandovers.view.DetailExecuteHO","interaction":{"idSuffix":"inner"}},"clearTextFirst":true,"interactionType":"ENTER_TEXT"}]}
RESULT: {"script":"<script> [776 bytes]","args":[{"enterText":"05/22/25","selector":{"id":"receiptDatePicker","viewName":"etm.portal.ui.managehandovers.view.DetailExecuteHO","interaction":{"idSuffix":"inner"}},"clearTextFirst":true,"interactionType":"ENTER_TEXT"}]}
COMMAND: POST /session/59389012155df3fc64e839119ed77469/element - {"using":"xpath","value":"//bdi[contains(text(), \"OK\")]"}
RESULT: {"using":"xpath","value":"//bdi[contains(text(), \"OK\")]"}
COMMAND: POST /session/59389012155df3fc64e839119ed77469/element/f.8420AFDB22D113F0275E61267E529F05.d.7BFD8387602B35D274B8AD339D374646.e.25028/click - {}
RESULT: {}
COMMAND: GET /session/59389012155df3fc64e839119ed77469/screenshot - {}
RESULT: {}
COMMAND: POST /session/59389012155df3fc64e839119ed77469/element - {"using":"xpath","value":"//button[@data-kt=\"PickingTableConfirmAllButton\"]"}
RESULT: {"using":"xpath","value":"//button[@data-kt=\"PickingTableConfirmAllButton\"]"}
COMMAND: POST /session/59389012155df3fc64e839119ed77469/element/f.8420AFDB22D113F0275E61267E529F05.d.7BFD8387602B35D274B8AD339D374646.e.25011/click - {}
RESULT: {}
COMMAND: GET /session/59389012155df3fc64e839119ed77469/screenshot - {}
RESULT: {}
COMMAND: POST /session/59389012155df3fc64e839119ed77469/element - {"using":"xpath","value":"//bdi[contains(text(), \"OK\")]"}
RESULT: {"using":"xpath","value":"//bdi[contains(text(), \"OK\")]"}
COMMAND: POST /session/59389012155df3fc64e839119ed77469/element/f.8420AFDB22D113F0275E61267E529F05.d.7BFD8387602B35D274B8AD339D374646.e.25043/click - {}
RESULT: {}
COMMAND: GET /session/59389012155df3fc64e839119ed77469/screenshot - {}
RESULT: {}
COMMAND: POST /session/59389012155df3fc64e839119ed77469/element - {"using":"xpath","value":"//button[@data-kt= \"execHoReceiveButton\"]"}
RESULT: {"using":"xpath","value":"//button[@data-kt= \"execHoReceiveButton\"]"}
COMMAND: POST /session/59389012155df3fc64e839119ed77469/element/f.8420AFDB22D113F0275E61267E529F05.d.7BFD8387602B35D274B8AD339D374646.e.25044/click - {}
RESULT: {}
COMMAND: GET /session/59389012155df3fc64e839119ed77469/screenshot - {}
RESULT: {}
COMMAND: POST /session/59389012155df3fc64e839119ed77469/element - {"using":"xpath","value":"//input[contains(@id ,\"smartFilterBar-btnBasicSearch-I\")]"}
RESULT: {"using":"xpath","value":"//input[contains(@id ,\"smartFilterBar-btnBasicSearch-I\")]"}
COMMAND: POST /session/59389012155df3fc64e839119ed77469/elements - {"using":"xpath","value":"//input[contains(@id ,\"smartFilterBar-btnBasicSearch-I\")]"}
RESULT: {"using":"xpath","value":"//input[contains(@id ,\"smartFilterBar-btnBasicSearch-I\")]"}
COMMAND: POST /session/59389012155df3fc64e839119ed77469/execute/sync - {"script":"<script> [8489 bytes]","args":[{"element-6066-11e4-a52e-4f735466cecf":"f.8420AFDB22D113F0275E61267E529F05.d.7BFD8387602B35D274B8AD339D374646.e.24212","ELEMENT":"f.8420AFDB22D113F0275E61267E529F05.d.7BFD8387602B35D274B8AD339D374646.e.24212"}]}
RESULT: {"script":"<script> [8489 bytes]","args":[{"element-6066-11e4-a52e-4f735466cecf":"f.8420AFDB22D113F0275E61267E529F05.d.7BFD8387602B35D274B8AD339D374646.e.24212","ELEMENT":"f.8420AFDB22D113F0275E61267E529F05.d.7BFD8387602B35D274B8AD339D374646.e.24212"}]}
COMMAND: GET /session/59389012155df3fc64e839119ed77469/element/f.8420AFDB22D113F0275E61267E529F05.d.7BFD8387602B35D274B8AD339D374646.e.24212/enabled - {}
COMMAND: GET /session/59389012155df3fc64e839119ed77469/screenshot - {}
RESULT: {}
COMMAND: POST /session/59389012155df3fc64e839119ed77469/element/f.8420AFDB22D113F0275E61267E529F05.d.7BFD8387602B35D274B8AD339D374646.e.24212/clear - {}
COMMAND: GET /session/59389012155df3fc64e839119ed77469/screenshot - {}
RESULT: {}
RESULT: {}
COMMAND: POST /session/59389012155df3fc64e839119ed77469/element/f.8420AFDB22D113F0275E61267E529F05.d.7BFD8387602B35D274B8AD339D374646.e.24212/value - {"text":"30630"}
COMMAND: GET /session/59389012155df3fc64e839119ed77469/screenshot - {}
RESULT: {}
RESULT: {"text":"30630"}
COMMAND: GET /session/59389012155df3fc64e839119ed77469/screenshot - {}
RESULT: {}
RESULT: {}
COMMAND: POST /session/59389012155df3fc64e839119ed77469/actions - {"actions":[{"id":"action88","type":"key","parameters":{},"actions":[{"type":"keyDown","value":"î€‡"},{"type":"pause","duration":10},{"type":"keyUp","value":"î€‡"}]}]}
RESULT: {"actions":[{"id":"action88","type":"key","parameters":{},"actions":[{"type":"keyDown","value":"î€‡"},{"type":"pause","duration":10},{"type":"keyUp","value":"î€‡"}]}]}
COMMAND: GET /session/59389012155df3fc64e839119ed77469/screenshot - {}
RESULT: {}
COMMAND: POST /session/59389012155df3fc64e839119ed77469/element - {"using":"xpath","value":"//span[contains(@id, \"smartTable-header-inner\")]"}
RESULT: {"using":"xpath","value":"//span[contains(@id, \"smartTable-header-inner\")]"}
COMMAND: POST /session/59389012155df3fc64e839119ed77469/elements - {"using":"xpath","value":"//span[contains(@id, \"smartTable-header-inner\")]"}
RESULT: {"using":"xpath","value":"//span[contains(@id, \"smartTable-header-inner\")]"}
COMMAND: POST /session/59389012155df3fc64e839119ed77469/execute/sync - {"script":"<script> [56 bytes]","args":[{"element-6066-11e4-a52e-4f735466cecf":"f.8420AFDB22D113F0275E61267E529F05.d.7BFD8387602B35D274B8AD339D374646.e.24848","ELEMENT":"f.8420AFDB22D113F0275E61267E529F05.d.7BFD8387602B35D274B8AD339D374646.e.24848"}]}
RESULT: {"script":"<script> [56 bytes]","args":[{"element-6066-11e4-a52e-4f735466cecf":"f.8420AFDB22D113F0275E61267E529F05.d.7BFD8387602B35D274B8AD339D374646.e.24848","ELEMENT":"f.8420AFDB22D113F0275E61267E529F05.d.7BFD8387602B35D274B8AD339D374646.e.24848"}]}
COMMAND: POST /session/59389012155df3fc64e839119ed77469/elements - {"using":"xpath","value":"//thead[contains(@class, \"sapMTableTH\")]/tr/th"}
COMMAND: GET /session/59389012155df3fc64e839119ed77469/screenshot - {}
RESULT: {"using":"xpath","value":"//thead[contains(@class, \"sapMTableTH\")]/tr/th"}
COMMAND: GET /session/59389012155df3fc64e839119ed77469/element/f.8420AFDB22D113F0275E61267E529F05.d.7BFD8387602B35D274B8AD339D374646.e.24936/text - {}
RESULT: {}
RESULT: {}
COMMAND: GET /session/59389012155df3fc64e839119ed77469/element/f.8420AFDB22D113F0275E61267E529F05.d.7BFD8387602B35D274B8AD339D374646.e.24937/text - {}
RESULT: {}
COMMAND: GET /session/59389012155df3fc64e839119ed77469/element/f.8420AFDB22D113F0275E61267E529F05.d.7BFD8387602B35D274B8AD339D374646.e.24206/text - {}
RESULT: {}
COMMAND: GET /session/59389012155df3fc64e839119ed77469/element/f.8420AFDB22D113F0275E61267E529F05.d.7BFD8387602B35D274B8AD339D374646.e.24208/text - {}
RESULT: {}
COMMAND: GET /session/59389012155df3fc64e839119ed77469/element/f.8420AFDB22D113F0275E61267E529F05.d.7BFD8387602B35D274B8AD339D374646.e.25048/text - {}
RESULT: {}
COMMAND: GET /session/59389012155df3fc64e839119ed77469/element/f.8420AFDB22D113F0275E61267E529F05.d.7BFD8387602B35D274B8AD339D374646.e.25049/text - {}
RESULT: {}
COMMAND: GET /session/59389012155df3fc64e839119ed77469/element/f.8420AFDB22D113F0275E61267E529F05.d.7BFD8387602B35D274B8AD339D374646.e.25050/text - {}
RESULT: {}
COMMAND: GET /session/59389012155df3fc64e839119ed77469/element/f.8420AFDB22D113F0275E61267E529F05.d.7BFD8387602B35D274B8AD339D374646.e.25051/text - {}
RESULT: {}
COMMAND: GET /session/59389012155df3fc64e839119ed77469/element/f.8420AFDB22D113F0275E61267E529F05.d.7BFD8387602B35D274B8AD339D374646.e.25052/text - {}
RESULT: {}
COMMAND: GET /session/59389012155df3fc64e839119ed77469/element/f.8420AFDB22D113F0275E61267E529F05.d.7BFD8387602B35D274B8AD339D374646.e.25053/text - {}
RESULT: {}
COMMAND: GET /session/59389012155df3fc64e839119ed77469/element/f.8420AFDB22D113F0275E61267E529F05.d.7BFD8387602B35D274B8AD339D374646.e.25054/text - {}
RESULT: {}
COMMAND: GET /session/59389012155df3fc64e839119ed77469/element/f.8420AFDB22D113F0275E61267E529F05.d.7BFD8387602B35D274B8AD339D374646.e.25055/text - {}
RESULT: {}
COMMAND: GET /session/59389012155df3fc64e839119ed77469/element/f.8420AFDB22D113F0275E61267E529F05.d.7BFD8387602B35D274B8AD339D374646.e.25056/text - {}
RESULT: {}
COMMAND: GET /session/59389012155df3fc64e839119ed77469/element/f.8420AFDB22D113F0275E61267E529F05.d.7BFD8387602B35D274B8AD339D374646.e.24209/text - {}
RESULT: {}
COMMAND: POST /session/59389012155df3fc64e839119ed77469/element - {"using":"xpath","value":"//tbody[contains(@id, \"customHandoversTable-tblBody\")]/tr[1]/td[14]/div/span"}
RESULT: {"using":"xpath","value":"//tbody[contains(@id, \"customHandoversTable-tblBody\")]/tr[1]/td[14]/div/span"}
COMMAND: POST /session/59389012155df3fc64e839119ed77469/execute/sync - {"script":"<script> [56 bytes]","args":[{"element-6066-11e4-a52e-4f735466cecf":"f.8420AFDB22D113F0275E61267E529F05.d.7BFD8387602B35D274B8AD339D374646.e.25101","ELEMENT":"f.8420AFDB22D113F0275E61267E529F05.d.7BFD8387602B35D274B8AD339D374646.e.25101"}]}
RESULT: {"script":"<script> [56 bytes]","args":[{"element-6066-11e4-a52e-4f735466cecf":"f.8420AFDB22D113F0275E61267E529F05.d.7BFD8387602B35D274B8AD339D374646.e.25101","ELEMENT":"f.8420AFDB22D113F0275E61267E529F05.d.7BFD8387602B35D274B8AD339D374646.e.25101"}]}
COMMAND: POST /session/59389012155df3fc64e839119ed77469/element - {"using":"css selector","value":"#shell-header-logo"}
COMMAND: GET /session/59389012155df3fc64e839119ed77469/screenshot - {}
RESULT: {"using":"css selector","value":"#shell-header-logo"}
COMMAND: POST /session/59389012155df3fc64e839119ed77469/element/f.8420AFDB22D113F0275E61267E529F05.d.7BFD8387602B35D274B8AD339D374646.e.23844/click - {}
RESULT: {}
RESULT: {}
COMMAND: GET /session/59389012155df3fc64e839119ed77469/screenshot - {}
RESULT: {}
]]></system-out>
    </testcase>
    <testcase classname="chrome.135_0_7049_96.windows.Billing_Calculation_-_Time_based_(considering_transport_times)_US139738" name="Should do another billing run but in around 17 days from today" time="54.265">
      <system-out><![CDATA[
RESULT: undefined
COMMAND: POST /session/59389012155df3fc64e839119ed77469/element - {"using":"xpath","value":"//*[@id=\"__tile51\"]"}
RESULT: {"using":"xpath","value":"//*[@id=\"__tile51\"]"}
COMMAND: POST /session/59389012155df3fc64e839119ed77469/element/f.8420AFDB22D113F0275E61267E529F05.d.7BFD8387602B35D274B8AD339D374646.e.19320/click - {}
RESULT: {}
COMMAND: GET /session/59389012155df3fc64e839119ed77469/screenshot - {}
RESULT: {}
RESULT: undefined
COMMAND: POST /session/59389012155df3fc64e839119ed77469/execute/async - {"script":"<script> [776 bytes]","args":[{"enterText":"10440","selector":{"id":"application-managebillings-display-component---billRunCalcResult--smartFilterBar-btnBasicSearch","interaction":{"idSuffix":"I"}},"clearTextFirst":true,"interactionType":"ENTER_TEXT"}]}
RESULT: {"script":"<script> [776 bytes]","args":[{"enterText":"10440","selector":{"id":"application-managebillings-display-component---billRunCalcResult--smartFilterBar-btnBasicSearch","interaction":{"idSuffix":"I"}},"clearTextFirst":true,"interactionType":"ENTER_TEXT"}]}
COMMAND: POST /session/59389012155df3fc64e839119ed77469/actions - {"actions":[{"id":"action89","type":"key","parameters":{},"actions":[{"type":"keyDown","value":"î€‡"},{"type":"pause","duration":10},{"type":"keyUp","value":"î€‡"}]}]}
RESULT: {"actions":[{"id":"action89","type":"key","parameters":{},"actions":[{"type":"keyDown","value":"î€‡"},{"type":"pause","duration":10},{"type":"keyUp","value":"î€‡"}]}]}
COMMAND: GET /session/59389012155df3fc64e839119ed77469/screenshot - {}
RESULT: {}
COMMAND: POST /session/59389012155df3fc64e839119ed77469/element - {"using":"xpath","value":"//td[@aria-colindex=\"1\"]/div/div[contains(@class, \"sapMCbBg\")]"}
RESULT: {"using":"xpath","value":"//td[@aria-colindex=\"1\"]/div/div[contains(@class, \"sapMCbBg\")]"}
COMMAND: POST /session/59389012155df3fc64e839119ed77469/element/f.8420AFDB22D113F0275E61267E529F05.d.7BFD8387602B35D274B8AD339D374646.e.25318/click - {}
RESULT: {}
COMMAND: GET /session/59389012155df3fc64e839119ed77469/screenshot - {}
RESULT: {}
RESULT: undefined
COMMAND: POST /session/59389012155df3fc64e839119ed77469/execute/async - {"script":"<script> [776 bytes]","args":[{"enterText":"05/18/25","selector":{"id":"application-managebillings-display-component---billRunCalcResult--contractBillRunDate","interaction":{"idSuffix":"inner"}},"clearTextFirst":true,"interactionType":"ENTER_TEXT"}]}
RESULT: {"script":"<script> [776 bytes]","args":[{"enterText":"05/18/25","selector":{"id":"application-managebillings-display-component---billRunCalcResult--contractBillRunDate","interaction":{"idSuffix":"inner"}},"clearTextFirst":true,"interactionType":"ENTER_TEXT"}]}
COMMAND: POST /session/59389012155df3fc64e839119ed77469/element - {"using":"xpath","value":"//bdi[contains(text(), \"Trigger Calculation\")]"}
RESULT: {"using":"xpath","value":"//bdi[contains(text(), \"Trigger Calculation\")]"}
COMMAND: POST /session/59389012155df3fc64e839119ed77469/element/f.8420AFDB22D113F0275E61267E529F05.d.7BFD8387602B35D274B8AD339D374646.e.25368/click - {}
RESULT: {}
COMMAND: GET /session/59389012155df3fc64e839119ed77469/screenshot - {}
RESULT: {}
COMMAND: POST /session/59389012155df3fc64e839119ed77469/element - {"using":"xpath","value":"(//span[contains(@id, \"imgNav\")])[1]"}
RESULT: {"using":"xpath","value":"(//span[contains(@id, \"imgNav\")])[1]"}
COMMAND: POST /session/59389012155df3fc64e839119ed77469/element/f.8420AFDB22D113F0275E61267E529F05.d.7BFD8387602B35D274B8AD339D374646.e.25319/click - {}
RESULT: {}
COMMAND: GET /session/59389012155df3fc64e839119ed77469/screenshot - {}
RESULT: {}
COMMAND: POST /session/59389012155df3fc64e839119ed77469/element - {"using":"xpath","value":"//tr/td[6]/div[1]/span[1]/span[1]"}
RESULT: {"using":"xpath","value":"//tr/td[6]/div[1]/span[1]/span[1]"}
COMMAND: GET /session/59389012155df3fc64e839119ed77469/element/f.8420AFDB22D113F0275E61267E529F05.d.7BFD8387602B35D274B8AD339D374646.e.25372/text - {}
RESULT: {}
COMMAND: POST /session/59389012155df3fc64e839119ed77469/element - {"using":"xpath","value":"(//span[contains(@id, \"imgNav\")])[2]"}
RESULT: {"using":"xpath","value":"(//span[contains(@id, \"imgNav\")])[2]"}
COMMAND: POST /session/59389012155df3fc64e839119ed77469/element/f.8420AFDB22D113F0275E61267E529F05.d.7BFD8387602B35D274B8AD339D374646.e.25373/click - {}
RESULT: {}
COMMAND: POST /session/59389012155df3fc64e839119ed77469/element - {"using":"xpath","value":"//bdi[contains(text(), \"Business Confirm\")]"}
COMMAND: GET /session/59389012155df3fc64e839119ed77469/screenshot - {}
RESULT: {"using":"xpath","value":"//bdi[contains(text(), \"Business Confirm\")]"}
COMMAND: POST /session/59389012155df3fc64e839119ed77469/elements - {"using":"xpath","value":"//bdi[contains(text(), \"Business Confirm\")]"}
RESULT: {}
RESULT: {"using":"xpath","value":"//bdi[contains(text(), \"Business Confirm\")]"}
COMMAND: POST /session/59389012155df3fc64e839119ed77469/element - {"using":"xpath","value":"//bdi[contains(text(), \"Business Confirm\")]"}
RESULT: {"using":"xpath","value":"//bdi[contains(text(), \"Business Confirm\")]"}
COMMAND: POST /session/59389012155df3fc64e839119ed77469/element/f.8420AFDB22D113F0275E61267E529F05.d.7BFD8387602B35D274B8AD339D374646.e.25428/click - {}
RESULT: {}
COMMAND: POST /session/59389012155df3fc64e839119ed77469/element - {"using":"css selector","value":"#shell-header-logo"}
COMMAND: GET /session/59389012155df3fc64e839119ed77469/screenshot - {}
RESULT: {"using":"css selector","value":"#shell-header-logo"}
COMMAND: POST /session/59389012155df3fc64e839119ed77469/element/f.8420AFDB22D113F0275E61267E529F05.d.7BFD8387602B35D274B8AD339D374646.e.25105/click - {}
RESULT: {}
RESULT: {}
COMMAND: GET /session/59389012155df3fc64e839119ed77469/screenshot - {}
RESULT: {}
]]></system-out>
    </testcase>
  </testsuite>
</testsuites>