<?xml version="1.0" encoding="UTF-8"?>
<testsuites tests="15" failures="5" errors="5" skipped="0">
  <testsuite timestamp="2025-05-29T17:57:01" time="1010.761" tests="9" failures="0" errors="0" skipped="0">
    <properties>
      <property name="specId" value="0"/>
      <property name="suiteName" value="Tests for Mass State Change on Manage States &amp; Performances US104416 US"/>
      <property name="capabilities" value="chrome.136_0_7103_93.windows"/>
      <property name="file" value="file:///D:/a/1/s/test/specs/HTR/create-mass-state-change.spec.js"/>
    </properties>
    <testcase classname="chrome.136_0_7103_93.windows.Tests_for_Mass_State_Change_on_Manage_States_&amp;_Performances_US104416_US" name="Prereq Should create a new yard used for all following tests" time="134.966">
      <system-out><![CDATA[
COMMAND: POST /session/eb46200be743186ea26e5ac661c9a518/window/fullscreen - {}
RESULT: {}
COMMAND: POST /session/eb46200be743186ea26e5ac661c9a518/execute/async - {"script":"<script> [1562 bytes]","args":[{"selector":{"controlType":"sap.m.GenericTile","properties":{"header":"Manage Yards"}},"wdio_ui5_key":"sapm.GenericTile{\"header\":\"Manage Yards\"}"}]}
RESULT: {"script":"<script> [1562 bytes]","args":[{"selector":{"controlType":"sap.m.GenericTile","properties":{"header":"Manage Yards"}},"wdio_ui5_key":"sapm.GenericTile{\"header\":\"Manage Yards\"}"}]}
RESULT: undefined
COMMAND: POST /session/eb46200be743186ea26e5ac661c9a518/element - {"using":"xpath","value":"//*[@id=\"__tile41\"]"}
RESULT: {"using":"xpath","value":"//*[@id=\"__tile41\"]"}
COMMAND: POST /session/eb46200be743186ea26e5ac661c9a518/element/f.E118EE213315F22AD902502108153141.d.E3D6D59972BF9D1C897FFCCBA55DBB17.e.161/click - {}
RESULT: {}
COMMAND: GET /session/eb46200be743186ea26e5ac661c9a518/screenshot - {}
RESULT: {}
COMMAND: POST /session/eb46200be743186ea26e5ac661c9a518/elements - {"using":"xpath","value":"//span[text()='Error']"}
RESULT: {"using":"xpath","value":"//span[text()='Error']"}
COMMAND: POST /session/eb46200be743186ea26e5ac661c9a518/element - {"using":"xpath","value":"//button[@data-kt=\"addNewYardOverflowToolbarButton\"]"}
RESULT: {"using":"xpath","value":"//button[@data-kt=\"addNewYardOverflowToolbarButton\"]"}
COMMAND: POST /session/eb46200be743186ea26e5ac661c9a518/elements - {"using":"xpath","value":"//button[@data-kt=\"addNewYardOverflowToolbarButton\"]"}
RESULT: {"using":"xpath","value":"//button[@data-kt=\"addNewYardOverflowToolbarButton\"]"}
COMMAND: POST /session/eb46200be743186ea26e5ac661c9a518/elements - {"using":"xpath","value":"//button[@data-kt=\"addNewYardOverflowToolbarButton\"]"}
RESULT: {"using":"xpath","value":"//button[@data-kt=\"addNewYardOverflowToolbarButton\"]"}
COMMAND: POST /session/eb46200be743186ea26e5ac661c9a518/elements - {"using":"xpath","value":"//button[@data-kt=\"addNewYardOverflowToolbarButton\"]"}
RESULT: {"using":"xpath","value":"//button[@data-kt=\"addNewYardOverflowToolbarButton\"]"}
COMMAND: POST /session/eb46200be743186ea26e5ac661c9a518/elements - {"using":"xpath","value":"//button[@data-kt=\"addNewYardOverflowToolbarButton\"]"}
RESULT: {"using":"xpath","value":"//button[@data-kt=\"addNewYardOverflowToolbarButton\"]"}
COMMAND: POST /session/eb46200be743186ea26e5ac661c9a518/elements - {"using":"xpath","value":"//button[@data-kt=\"addNewYardOverflowToolbarButton\"]"}
RESULT: {"using":"xpath","value":"//button[@data-kt=\"addNewYardOverflowToolbarButton\"]"}
COMMAND: POST /session/eb46200be743186ea26e5ac661c9a518/elements - {"using":"xpath","value":"//button[@data-kt=\"addNewYardOverflowToolbarButton\"]"}
RESULT: {"using":"xpath","value":"//button[@data-kt=\"addNewYardOverflowToolbarButton\"]"}
COMMAND: POST /session/eb46200be743186ea26e5ac661c9a518/elements - {"using":"xpath","value":"//button[@data-kt=\"addNewYardOverflowToolbarButton\"]"}
RESULT: {"using":"xpath","value":"//button[@data-kt=\"addNewYardOverflowToolbarButton\"]"}
COMMAND: POST /session/eb46200be743186ea26e5ac661c9a518/elements - {"using":"xpath","value":"//button[@data-kt=\"addNewYardOverflowToolbarButton\"]"}
RESULT: {"using":"xpath","value":"//button[@data-kt=\"addNewYardOverflowToolbarButton\"]"}
COMMAND: POST /session/eb46200be743186ea26e5ac661c9a518/elements - {"using":"xpath","value":"//button[@data-kt=\"addNewYardOverflowToolbarButton\"]"}
RESULT: {"using":"xpath","value":"//button[@data-kt=\"addNewYardOverflowToolbarButton\"]"}
COMMAND: POST /session/eb46200be743186ea26e5ac661c9a518/elements - {"using":"xpath","value":"//button[@data-kt=\"addNewYardOverflowToolbarButton\"]"}
RESULT: {"using":"xpath","value":"//button[@data-kt=\"addNewYardOverflowToolbarButton\"]"}
COMMAND: POST /session/eb46200be743186ea26e5ac661c9a518/elements - {"using":"xpath","value":"//button[@data-kt=\"addNewYardOverflowToolbarButton\"]"}
RESULT: {"using":"xpath","value":"//button[@data-kt=\"addNewYardOverflowToolbarButton\"]"}
COMMAND: POST /session/eb46200be743186ea26e5ac661c9a518/elements - {"using":"xpath","value":"//button[@data-kt=\"addNewYardOverflowToolbarButton\"]"}
RESULT: {"using":"xpath","value":"//button[@data-kt=\"addNewYardOverflowToolbarButton\"]"}
COMMAND: POST /session/eb46200be743186ea26e5ac661c9a518/element - {"using":"xpath","value":"//button[@data-kt=\"addNewYardOverflowToolbarButton\"]"}
RESULT: {"using":"xpath","value":"//button[@data-kt=\"addNewYardOverflowToolbarButton\"]"}
COMMAND: POST /session/eb46200be743186ea26e5ac661c9a518/execute/sync - {"script":"<script> [8489 bytes]","args":[{"element-6066-11e4-a52e-4f735466cecf":"f.E118EE213315F22AD902502108153141.d.E3D6D59972BF9D1C897FFCCBA55DBB17.e.309","ELEMENT":"f.E118EE213315F22AD902502108153141.d.E3D6D59972BF9D1C897FFCCBA55DBB17.e.309"}]}
RESULT: {"script":"<script> [8489 bytes]","args":[{"element-6066-11e4-a52e-4f735466cecf":"f.E118EE213315F22AD902502108153141.d.E3D6D59972BF9D1C897FFCCBA55DBB17.e.309","ELEMENT":"f.E118EE213315F22AD902502108153141.d.E3D6D59972BF9D1C897FFCCBA55DBB17.e.309"}]}
COMMAND: GET /session/eb46200be743186ea26e5ac661c9a518/element/f.E118EE213315F22AD902502108153141.d.E3D6D59972BF9D1C897FFCCBA55DBB17.e.309/enabled - {}
COMMAND: GET /session/eb46200be743186ea26e5ac661c9a518/screenshot - {}
RESULT: {}
COMMAND: POST /session/eb46200be743186ea26e5ac661c9a518/execute/sync - {"script":"<script> [8489 bytes]","args":[{"element-6066-11e4-a52e-4f735466cecf":"f.E118EE213315F22AD902502108153141.d.E3D6D59972BF9D1C897FFCCBA55DBB17.e.309","ELEMENT":"f.E118EE213315F22AD902502108153141.d.E3D6D59972BF9D1C897FFCCBA55DBB17.e.309"}]}
COMMAND: GET /session/eb46200be743186ea26e5ac661c9a518/screenshot - {}
RESULT: {}
RESULT: {"script":"<script> [8489 bytes]","args":[{"element-6066-11e4-a52e-4f735466cecf":"f.E118EE213315F22AD902502108153141.d.E3D6D59972BF9D1C897FFCCBA55DBB17.e.309","ELEMENT":"f.E118EE213315F22AD902502108153141.d.E3D6D59972BF9D1C897FFCCBA55DBB17.e.309"}]}
COMMAND: POST /session/eb46200be743186ea26e5ac661c9a518/execute/sync - {"script":"<script> [5351 bytes]","args":[{"element-6066-11e4-a52e-4f735466cecf":"f.E118EE213315F22AD902502108153141.d.E3D6D59972BF9D1C897FFCCBA55DBB17.e.309","ELEMENT":"f.E118EE213315F22AD902502108153141.d.E3D6D59972BF9D1C897FFCCBA55DBB17.e.309"}]}
COMMAND: GET /session/eb46200be743186ea26e5ac661c9a518/screenshot - {}
RESULT: {}
RESULT: {"script":"<script> [5351 bytes]","args":[{"element-6066-11e4-a52e-4f735466cecf":"f.E118EE213315F22AD902502108153141.d.E3D6D59972BF9D1C897FFCCBA55DBB17.e.309","ELEMENT":"f.E118EE213315F22AD902502108153141.d.E3D6D59972BF9D1C897FFCCBA55DBB17.e.309"}]}
COMMAND: POST /session/eb46200be743186ea26e5ac661c9a518/element/f.E118EE213315F22AD902502108153141.d.E3D6D59972BF9D1C897FFCCBA55DBB17.e.309/click - {}
COMMAND: GET /session/eb46200be743186ea26e5ac661c9a518/screenshot - {}
RESULT: {}
RESULT: {}
COMMAND: GET /session/eb46200be743186ea26e5ac661c9a518/screenshot - {}
COMMAND: POST /session/eb46200be743186ea26e5ac661c9a518/element - {"using":"xpath","value":"//input[@id=\"application-manageyards-display-component---NewYard--yardId-inner\"]"}
RESULT: {}
RESULT: {}
RESULT: {"using":"xpath","value":"//input[@id=\"application-manageyards-display-component---NewYard--yardId-inner\"]"}
COMMAND: POST /session/eb46200be743186ea26e5ac661c9a518/element - {"using":"xpath","value":"//input[@id=\"application-manageyards-display-component---NewYard--yardId-inner\"]"}
RESULT: {"using":"xpath","value":"//input[@id=\"application-manageyards-display-component---NewYard--yardId-inner\"]"}
COMMAND: POST /session/eb46200be743186ea26e5ac661c9a518/execute/async - {"script":"<script> [1562 bytes]","args":[{"selector":{"id":"application-manageyards-display-component---NewYard--addressDetailDetailsName1","interaction":{"idSuffix":"inner"}},"wdio_ui5_key":"applicationmanageyards-display-component---NewYard--addressDetailDetailsName1"}]}
RESULT: {"script":"<script> [1562 bytes]","args":[{"selector":{"id":"application-manageyards-display-component---NewYard--addressDetailDetailsName1","interaction":{"idSuffix":"inner"}},"wdio_ui5_key":"applicationmanageyards-display-component---NewYard--addressDetailDetailsName1"}]}
RESULT: undefined
COMMAND: POST /session/eb46200be743186ea26e5ac661c9a518/execute/async - {"script":"<script> [776 bytes]","args":[{"enterText":"Other Yard WDIO","selector":{"id":"application-manageyards-display-component---NewYard--addressDetailDetailsName1","interaction":{"idSuffix":"inner"}},"clearTextFirst":true,"interactionType":"ENTER_TEXT"}]}
RESULT: {"script":"<script> [776 bytes]","args":[{"enterText":"Other Yard WDIO","selector":{"id":"application-manageyards-display-component---NewYard--addressDetailDetailsName1","interaction":{"idSuffix":"inner"}},"clearTextFirst":true,"interactionType":"ENTER_TEXT"}]}
COMMAND: POST /session/eb46200be743186ea26e5ac661c9a518/execute/async - {"script":"<script> [1562 bytes]","args":[{"selector":{"id":"application-manageyards-display-component---NewYard--addressDetailDetailsLanguage-arrow"},"wdio_ui5_key":"applicationmanageyards-display-component---NewYard--addressDetailDetailsLanguage-arrow"}]}
RESULT: {"script":"<script> [1562 bytes]","args":[{"selector":{"id":"application-manageyards-display-component---NewYard--addressDetailDetailsLanguage-arrow"},"wdio_ui5_key":"applicationmanageyards-display-component---NewYard--addressDetailDetailsLanguage-arrow"}]}
RESULT: undefined
COMMAND: POST /session/eb46200be743186ea26e5ac661c9a518/element - {"using":"xpath","value":"//*[@id=\"application-manageyards-display-component---NewYard--addressDetailDetailsLanguage-arrow\"]"}
RESULT: {"using":"xpath","value":"//*[@id=\"application-manageyards-display-component---NewYard--addressDetailDetailsLanguage-arrow\"]"}
COMMAND: POST /session/eb46200be743186ea26e5ac661c9a518/element/f.E118EE213315F22AD902502108153141.d.E3D6D59972BF9D1C897FFCCBA55DBB17.e.720/click - {}
RESULT: {}
COMMAND: POST /session/eb46200be743186ea26e5ac661c9a518/element - {"using":"xpath","value":"//span[contains(text(), \"English\")]"}
COMMAND: GET /session/eb46200be743186ea26e5ac661c9a518/screenshot - {}
RESULT: {"using":"xpath","value":"//span[contains(text(), \"English\")]"}
COMMAND: POST /session/eb46200be743186ea26e5ac661c9a518/element/f.E118EE213315F22AD902502108153141.d.E3D6D59972BF9D1C897FFCCBA55DBB17.e.721/click - {}
RESULT: {}
RESULT: {}
COMMAND: POST /session/eb46200be743186ea26e5ac661c9a518/execute/async - {"script":"<script> [1562 bytes]","args":[{"selector":{"id":"application-manageyards-display-component---NewYard--addressDetailDetailsCity1","interaction":{"idSuffix":"inner"}},"wdio_ui5_key":"applicationmanageyards-display-component---NewYard--addressDetailDetailsCity1"}]}
COMMAND: GET /session/eb46200be743186ea26e5ac661c9a518/screenshot - {}
RESULT: {"script":"<script> [1562 bytes]","args":[{"selector":{"id":"application-manageyards-display-component---NewYard--addressDetailDetailsCity1","interaction":{"idSuffix":"inner"}},"wdio_ui5_key":"applicationmanageyards-display-component---NewYard--addressDetailDetailsCity1"}]}
RESULT: undefined
COMMAND: POST /session/eb46200be743186ea26e5ac661c9a518/execute/async - {"script":"<script> [776 bytes]","args":[{"enterText":"Rosario","selector":{"id":"application-manageyards-display-component---NewYard--addressDetailDetailsCity1","interaction":{"idSuffix":"inner"}},"clearTextFirst":true,"interactionType":"ENTER_TEXT"}]}
RESULT: {}
RESULT: {"script":"<script> [776 bytes]","args":[{"enterText":"Rosario","selector":{"id":"application-manageyards-display-component---NewYard--addressDetailDetailsCity1","interaction":{"idSuffix":"inner"}},"clearTextFirst":true,"interactionType":"ENTER_TEXT"}]}
COMMAND: POST /session/eb46200be743186ea26e5ac661c9a518/execute/async - {"script":"<script> [1562 bytes]","args":[{"selector":{"id":"application-manageyards-display-component---NewYard--addressDetailDetailsCountry-arrow"},"wdio_ui5_key":"applicationmanageyards-display-component---NewYard--addressDetailDetailsCountry-arrow"}]}
RESULT: {"script":"<script> [1562 bytes]","args":[{"selector":{"id":"application-manageyards-display-component---NewYard--addressDetailDetailsCountry-arrow"},"wdio_ui5_key":"applicationmanageyards-display-component---NewYard--addressDetailDetailsCountry-arrow"}]}
RESULT: undefined
COMMAND: POST /session/eb46200be743186ea26e5ac661c9a518/element - {"using":"xpath","value":"//*[@id=\"application-manageyards-display-component---NewYard--addressDetailDetailsCountry-arrow\"]"}
RESULT: {"using":"xpath","value":"//*[@id=\"application-manageyards-display-component---NewYard--addressDetailDetailsCountry-arrow\"]"}
COMMAND: POST /session/eb46200be743186ea26e5ac661c9a518/element/f.E118EE213315F22AD902502108153141.d.E3D6D59972BF9D1C897FFCCBA55DBB17.e.723/click - {}
RESULT: {}
COMMAND: POST /session/eb46200be743186ea26e5ac661c9a518/element - {"using":"xpath","value":"//span[contains(text(), \"Argentina\")]"}
COMMAND: GET /session/eb46200be743186ea26e5ac661c9a518/screenshot - {}
RESULT: {"using":"xpath","value":"//span[contains(text(), \"Argentina\")]"}
COMMAND: POST /session/eb46200be743186ea26e5ac661c9a518/element/f.E118EE213315F22AD902502108153141.d.E3D6D59972BF9D1C897FFCCBA55DBB17.e.724/click - {}
RESULT: {}
RESULT: {}
COMMAND: POST /session/eb46200be743186ea26e5ac661c9a518/execute/async - {"script":"<script> [1562 bytes]","args":[{"selector":{"id":"application-manageyards-display-component---NewYard--addressEditDetailsCostObjectCstType-arrow"},"wdio_ui5_key":"applicationmanageyards-display-component---NewYard--addressEditDetailsCostObjectCstType-arrow"}]}
COMMAND: GET /session/eb46200be743186ea26e5ac661c9a518/screenshot - {}
RESULT: {"script":"<script> [1562 bytes]","args":[{"selector":{"id":"application-manageyards-display-component---NewYard--addressEditDetailsCostObjectCstType-arrow"},"wdio_ui5_key":"applicationmanageyards-display-component---NewYard--addressEditDetailsCostObjectCstType-arrow"}]}
RESULT: undefined
COMMAND: POST /session/eb46200be743186ea26e5ac661c9a518/element - {"using":"xpath","value":"//*[@id=\"application-manageyards-display-component---NewYard--addressEditDetailsCostObjectCstType-arrow\"]"}
RESULT: {}
RESULT: {"using":"xpath","value":"//*[@id=\"application-manageyards-display-component---NewYard--addressEditDetailsCostObjectCstType-arrow\"]"}
COMMAND: POST /session/eb46200be743186ea26e5ac661c9a518/element/f.E118EE213315F22AD902502108153141.d.E3D6D59972BF9D1C897FFCCBA55DBB17.e.726/click - {}
RESULT: {}
COMMAND: POST /session/eb46200be743186ea26e5ac661c9a518/element - {"using":"xpath","value":"//span[contains(text(), \"Cost Center\")]"}
COMMAND: GET /session/eb46200be743186ea26e5ac661c9a518/screenshot - {}
RESULT: {"using":"xpath","value":"//span[contains(text(), \"Cost Center\")]"}
COMMAND: POST /session/eb46200be743186ea26e5ac661c9a518/element/f.E118EE213315F22AD902502108153141.d.E3D6D59972BF9D1C897FFCCBA55DBB17.e.727/click - {}
RESULT: {}
RESULT: {}
COMMAND: GET /session/eb46200be743186ea26e5ac661c9a518/screenshot - {}
RESULT: {}
COMMAND: POST /session/eb46200be743186ea26e5ac661c9a518/element - {"using":"xpath","value":"//span[@id=\"application-manageyards-display-component---NewYard--addressNewCostObjectCstID-vhi\"]"}
RESULT: {"using":"xpath","value":"//span[@id=\"application-manageyards-display-component---NewYard--addressNewCostObjectCstID-vhi\"]"}
COMMAND: POST /session/eb46200be743186ea26e5ac661c9a518/execute/sync - {"script":"<script> [8489 bytes]","args":[{"element-6066-11e4-a52e-4f735466cecf":"f.E118EE213315F22AD902502108153141.d.E3D6D59972BF9D1C897FFCCBA55DBB17.e.731","ELEMENT":"f.E118EE213315F22AD902502108153141.d.E3D6D59972BF9D1C897FFCCBA55DBB17.e.731"}]}
RESULT: {"script":"<script> [8489 bytes]","args":[{"element-6066-11e4-a52e-4f735466cecf":"f.E118EE213315F22AD902502108153141.d.E3D6D59972BF9D1C897FFCCBA55DBB17.e.731","ELEMENT":"f.E118EE213315F22AD902502108153141.d.E3D6D59972BF9D1C897FFCCBA55DBB17.e.731"}]}
COMMAND: POST /session/eb46200be743186ea26e5ac661c9a518/execute/async - {"script":"<script> [1562 bytes]","args":[{"selector":{"id":"application-manageyards-display-component---NewYard--addressNewCostObjectCstID-vhi"},"wdio_ui5_key":"applicationmanageyards-display-component---NewYard--addressNewCostObjectCstID-vhi"}]}
COMMAND: GET /session/eb46200be743186ea26e5ac661c9a518/screenshot - {}
RESULT: {"script":"<script> [1562 bytes]","args":[{"selector":{"id":"application-manageyards-display-component---NewYard--addressNewCostObjectCstID-vhi"},"wdio_ui5_key":"applicationmanageyards-display-component---NewYard--addressNewCostObjectCstID-vhi"}]}
RESULT: undefined
COMMAND: POST /session/eb46200be743186ea26e5ac661c9a518/element - {"using":"xpath","value":"//*[@id=\"application-manageyards-display-component---NewYard--addressNewCostObjectCstID-vhi\"]"}
RESULT: {}
RESULT: {"using":"xpath","value":"//*[@id=\"application-manageyards-display-component---NewYard--addressNewCostObjectCstID-vhi\"]"}
COMMAND: POST /session/eb46200be743186ea26e5ac661c9a518/element/f.E118EE213315F22AD902502108153141.d.E3D6D59972BF9D1C897FFCCBA55DBB17.e.731/click - {}
RESULT: {}
COMMAND: GET /session/eb46200be743186ea26e5ac661c9a518/screenshot - {}
RESULT: {}
COMMAND: POST /session/eb46200be743186ea26e5ac661c9a518/execute/async - {"script":"<script> [1562 bytes]","args":[{"selector":{"controlType":"sap.m.SearchField","properties":{"placeholder":"Search"},"searchOpenDialogs":true,"interaction":{"idSuffix":"I"}},"wdio_ui5_key":"sapm.SearchField{\"placeholder\":\"Search\"}"}]}
RESULT: {"script":"<script> [1562 bytes]","args":[{"selector":{"controlType":"sap.m.SearchField","properties":{"placeholder":"Search"},"searchOpenDialogs":true,"interaction":{"idSuffix":"I"}},"wdio_ui5_key":"sapm.SearchField{\"placeholder\":\"Search\"}"}]}
RESULT: undefined
COMMAND: POST /session/eb46200be743186ea26e5ac661c9a518/execute/async - {"script":"<script> [776 bytes]","args":[{"enterText":"bauh_b","selector":{"controlType":"sap.m.SearchField","properties":{"placeholder":"Search"},"searchOpenDialogs":true,"interaction":{"idSuffix":"I"}},"clearTextFirst":true,"interactionType":"ENTER_TEXT"}]}
RESULT: {"script":"<script> [776 bytes]","args":[{"enterText":"bauh_b","selector":{"controlType":"sap.m.SearchField","properties":{"placeholder":"Search"},"searchOpenDialogs":true,"interaction":{"idSuffix":"I"}},"clearTextFirst":true,"interactionType":"ENTER_TEXT"}]}
COMMAND: POST /session/eb46200be743186ea26e5ac661c9a518/actions - {"actions":[{"id":"action1","type":"key","parameters":{},"actions":[{"type":"keyDown","value":""},{"type":"pause","duration":10},{"type":"keyUp","value":""}]}]}
RESULT: {"actions":[{"id":"action1","type":"key","parameters":{},"actions":[{"type":"keyDown","value":""},{"type":"pause","duration":10},{"type":"keyUp","value":""}]}]}
COMMAND: GET /session/eb46200be743186ea26e5ac661c9a518/screenshot - {}
RESULT: {}
COMMAND: POST /session/eb46200be743186ea26e5ac661c9a518/element - {"using":"xpath","value":"//span[contains(text(), \"Demo Yard\")]"}
RESULT: {"using":"xpath","value":"//span[contains(text(), \"Demo Yard\")]"}
COMMAND: POST /session/eb46200be743186ea26e5ac661c9a518/element/f.E118EE213315F22AD902502108153141.d.E3D6D59972BF9D1C897FFCCBA55DBB17.e.773/click - {}
RESULT: {}
COMMAND: GET /session/eb46200be743186ea26e5ac661c9a518/screenshot - {}
RESULT: {}
COMMAND: POST /session/eb46200be743186ea26e5ac661c9a518/element - {"using":"xpath","value":"//bdi[contains(text(), \"OK\")]"}
RESULT: {"using":"xpath","value":"//bdi[contains(text(), \"OK\")]"}
COMMAND: POST /session/eb46200be743186ea26e5ac661c9a518/element/f.E118EE213315F22AD902502108153141.d.E3D6D59972BF9D1C897FFCCBA55DBB17.e.774/click - {}
RESULT: {}
COMMAND: GET /session/eb46200be743186ea26e5ac661c9a518/screenshot - {}
RESULT: {}
COMMAND: POST /session/eb46200be743186ea26e5ac661c9a518/execute/async - {"script":"<script> [1562 bytes]","args":[{"selector":{"id":"application-manageyards-display-component---NewYard--addressEditDetailsCurrency-arrow"},"wdio_ui5_key":"applicationmanageyards-display-component---NewYard--addressEditDetailsCurrency-arrow"}]}
RESULT: {"script":"<script> [1562 bytes]","args":[{"selector":{"id":"application-manageyards-display-component---NewYard--addressEditDetailsCurrency-arrow"},"wdio_ui5_key":"applicationmanageyards-display-component---NewYard--addressEditDetailsCurrency-arrow"}]}
RESULT: undefined
COMMAND: POST /session/eb46200be743186ea26e5ac661c9a518/element - {"using":"xpath","value":"//*[@id=\"application-manageyards-display-component---NewYard--addressEditDetailsCurrency-arrow\"]"}
RESULT: {"using":"xpath","value":"//*[@id=\"application-manageyards-display-component---NewYard--addressEditDetailsCurrency-arrow\"]"}
COMMAND: POST /session/eb46200be743186ea26e5ac661c9a518/element/f.E118EE213315F22AD902502108153141.d.E3D6D59972BF9D1C897FFCCBA55DBB17.e.777/click - {}
RESULT: {}
COMMAND: POST /session/eb46200be743186ea26e5ac661c9a518/element - {"using":"xpath","value":"//span[contains(text(), \"Euro\")]"}
COMMAND: GET /session/eb46200be743186ea26e5ac661c9a518/screenshot - {}
RESULT: {"using":"xpath","value":"//span[contains(text(), \"Euro\")]"}
COMMAND: POST /session/eb46200be743186ea26e5ac661c9a518/element/f.E118EE213315F22AD902502108153141.d.E3D6D59972BF9D1C897FFCCBA55DBB17.e.778/click - {}
RESULT: {}
RESULT: {}
COMMAND: POST /session/eb46200be743186ea26e5ac661c9a518/execute/async - {"script":"<script> [1562 bytes]","args":[{"selector":{"controlType":"sap.m.Input","viewName":"etm.portal.ui.manageyards.view.New","viewId":"application-manageyards-display-component---NewYard","bindingPath":{"path":"","propertyPath":"/CONTROLLING_AREA","modelName":"NewYardModel"},"interaction":{"idSuffix":"inner"}},"wdio_ui5_key":"etmportal.ui.manageyards.view.Newsap.m.Input{\"path\":\"\",\"propertyPath\":\"/CONTROLLING_AREA\",\"modelName\":\"NewYardModel\"}"}]}
COMMAND: GET /session/eb46200be743186ea26e5ac661c9a518/screenshot - {}
RESULT: {"script":"<script> [1562 bytes]","args":[{"selector":{"controlType":"sap.m.Input","viewName":"etm.portal.ui.manageyards.view.New","viewId":"application-manageyards-display-component---NewYard","bindingPath":{"path":"","propertyPath":"/CONTROLLING_AREA","modelName":"NewYardModel"},"interaction":{"idSuffix":"inner"}},"wdio_ui5_key":"etmportal.ui.manageyards.view.Newsap.m.Input{\"path\":\"\",\"propertyPath\":\"/CONTROLLING_AREA\",\"modelName\":\"NewYardModel\"}"}]}
RESULT: undefined
COMMAND: POST /session/eb46200be743186ea26e5ac661c9a518/execute/async - {"script":"<script> [776 bytes]","args":[{"enterText":"Z001","selector":{"controlType":"sap.m.Input","viewName":"etm.portal.ui.manageyards.view.New","viewId":"application-manageyards-display-component---NewYard","bindingPath":{"path":"","propertyPath":"/CONTROLLING_AREA","modelName":"NewYardModel"},"interaction":{"idSuffix":"inner"}},"clearTextFirst":true,"interactionType":"ENTER_TEXT"}]}
RESULT: {}
RESULT: {"script":"<script> [776 bytes]","args":[{"enterText":"Z001","selector":{"controlType":"sap.m.Input","viewName":"etm.portal.ui.manageyards.view.New","viewId":"application-manageyards-display-component---NewYard","bindingPath":{"path":"","propertyPath":"/CONTROLLING_AREA","modelName":"NewYardModel"},"interaction":{"idSuffix":"inner"}},"clearTextFirst":true,"interactionType":"ENTER_TEXT"}]}
COMMAND: POST /session/eb46200be743186ea26e5ac661c9a518/execute/async - {"script":"<script> [1562 bytes]","args":[{"selector":{"id":"application-manageyards-display-component---NewYard--companyCodeComboBox","interaction":{"idSuffix":"inner"}},"wdio_ui5_key":"applicationmanageyards-display-component---NewYard--companyCodeComboBox"}]}
RESULT: {"script":"<script> [1562 bytes]","args":[{"selector":{"id":"application-manageyards-display-component---NewYard--companyCodeComboBox","interaction":{"idSuffix":"inner"}},"wdio_ui5_key":"applicationmanageyards-display-component---NewYard--companyCodeComboBox"}]}
RESULT: undefined
COMMAND: POST /session/eb46200be743186ea26e5ac661c9a518/execute/async - {"script":"<script> [776 bytes]","args":[{"enterText":"1000","selector":{"id":"application-manageyards-display-component---NewYard--companyCodeComboBox","interaction":{"idSuffix":"inner"}},"clearTextFirst":true,"interactionType":"ENTER_TEXT"}]}
RESULT: {"script":"<script> [776 bytes]","args":[{"enterText":"1000","selector":{"id":"application-manageyards-display-component---NewYard--companyCodeComboBox","interaction":{"idSuffix":"inner"}},"clearTextFirst":true,"interactionType":"ENTER_TEXT"}]}
COMMAND: POST /session/eb46200be743186ea26e5ac661c9a518/execute/async - {"script":"<script> [1562 bytes]","args":[{"selector":{"controlType":"sap.m.Input","viewName":"etm.portal.ui.manageyards.view.New","viewId":"application-manageyards-display-component---NewYard","bindingPath":{"path":"","propertyPath":"/PLANT","modelName":"NewYardModel"},"interaction":{"idSuffix":"inner"}},"wdio_ui5_key":"etmportal.ui.manageyards.view.Newsap.m.Input{\"path\":\"\",\"propertyPath\":\"/PLANT\",\"modelName\":\"NewYardModel\"}"}]}
RESULT: {"script":"<script> [1562 bytes]","args":[{"selector":{"controlType":"sap.m.Input","viewName":"etm.portal.ui.manageyards.view.New","viewId":"application-manageyards-display-component---NewYard","bindingPath":{"path":"","propertyPath":"/PLANT","modelName":"NewYardModel"},"interaction":{"idSuffix":"inner"}},"wdio_ui5_key":"etmportal.ui.manageyards.view.Newsap.m.Input{\"path\":\"\",\"propertyPath\":\"/PLANT\",\"modelName\":\"NewYardModel\"}"}]}
RESULT: undefined
COMMAND: POST /session/eb46200be743186ea26e5ac661c9a518/execute/async - {"script":"<script> [776 bytes]","args":[{"enterText":"1001","selector":{"controlType":"sap.m.Input","viewName":"etm.portal.ui.manageyards.view.New","viewId":"application-manageyards-display-component---NewYard","bindingPath":{"path":"","propertyPath":"/PLANT","modelName":"NewYardModel"},"interaction":{"idSuffix":"inner"}},"clearTextFirst":true,"interactionType":"ENTER_TEXT"}]}
RESULT: {"script":"<script> [776 bytes]","args":[{"enterText":"1001","selector":{"controlType":"sap.m.Input","viewName":"etm.portal.ui.manageyards.view.New","viewId":"application-manageyards-display-component---NewYard","bindingPath":{"path":"","propertyPath":"/PLANT","modelName":"NewYardModel"},"interaction":{"idSuffix":"inner"}},"clearTextFirst":true,"interactionType":"ENTER_TEXT"}]}
COMMAND: POST /session/eb46200be743186ea26e5ac661c9a518/execute/async - {"script":"<script> [1562 bytes]","args":[{"selector":{"controlType":"sap.m.Input","viewName":"etm.portal.ui.manageyards.view.New","viewId":"application-manageyards-display-component---NewYard","bindingPath":{"path":"","propertyPath":"/SALES_AREA_VKORG","modelName":"NewYardModel"},"interaction":{"idSuffix":"inner"}},"wdio_ui5_key":"etmportal.ui.manageyards.view.Newsap.m.Input{\"path\":\"\",\"propertyPath\":\"/SALES_AREA_VKORG\",\"modelName\":\"NewYardModel\"}"}]}
RESULT: {"script":"<script> [1562 bytes]","args":[{"selector":{"controlType":"sap.m.Input","viewName":"etm.portal.ui.manageyards.view.New","viewId":"application-manageyards-display-component---NewYard","bindingPath":{"path":"","propertyPath":"/SALES_AREA_VKORG","modelName":"NewYardModel"},"interaction":{"idSuffix":"inner"}},"wdio_ui5_key":"etmportal.ui.manageyards.view.Newsap.m.Input{\"path\":\"\",\"propertyPath\":\"/SALES_AREA_VKORG\",\"modelName\":\"NewYardModel\"}"}]}
RESULT: undefined
COMMAND: POST /session/eb46200be743186ea26e5ac661c9a518/execute/async - {"script":"<script> [776 bytes]","args":[{"enterText":"C002","selector":{"controlType":"sap.m.Input","viewName":"etm.portal.ui.manageyards.view.New","viewId":"application-manageyards-display-component---NewYard","bindingPath":{"path":"","propertyPath":"/SALES_AREA_VKORG","modelName":"NewYardModel"},"interaction":{"idSuffix":"inner"}},"clearTextFirst":true,"interactionType":"ENTER_TEXT"}]}
RESULT: {"script":"<script> [776 bytes]","args":[{"enterText":"C002","selector":{"controlType":"sap.m.Input","viewName":"etm.portal.ui.manageyards.view.New","viewId":"application-manageyards-display-component---NewYard","bindingPath":{"path":"","propertyPath":"/SALES_AREA_VKORG","modelName":"NewYardModel"},"interaction":{"idSuffix":"inner"}},"clearTextFirst":true,"interactionType":"ENTER_TEXT"}]}
COMMAND: POST /session/eb46200be743186ea26e5ac661c9a518/execute/async - {"script":"<script> [1562 bytes]","args":[{"selector":{"controlType":"sap.m.Input","viewName":"etm.portal.ui.manageyards.view.New","viewId":"application-manageyards-display-component---NewYard","bindingPath":{"path":"","propertyPath":"/SALES_AREA_VTWEG","modelName":"NewYardModel"},"interaction":{"idSuffix":"inner"}},"wdio_ui5_key":"etmportal.ui.manageyards.view.Newsap.m.Input{\"path\":\"\",\"propertyPath\":\"/SALES_AREA_VTWEG\",\"modelName\":\"NewYardModel\"}"}]}
RESULT: {"script":"<script> [1562 bytes]","args":[{"selector":{"controlType":"sap.m.Input","viewName":"etm.portal.ui.manageyards.view.New","viewId":"application-manageyards-display-component---NewYard","bindingPath":{"path":"","propertyPath":"/SALES_AREA_VTWEG","modelName":"NewYardModel"},"interaction":{"idSuffix":"inner"}},"wdio_ui5_key":"etmportal.ui.manageyards.view.Newsap.m.Input{\"path\":\"\",\"propertyPath\":\"/SALES_AREA_VTWEG\",\"modelName\":\"NewYardModel\"}"}]}
RESULT: undefined
COMMAND: POST /session/eb46200be743186ea26e5ac661c9a518/execute/async - {"script":"<script> [776 bytes]","args":[{"enterText":"C2","selector":{"controlType":"sap.m.Input","viewName":"etm.portal.ui.manageyards.view.New","viewId":"application-manageyards-display-component---NewYard","bindingPath":{"path":"","propertyPath":"/SALES_AREA_VTWEG","modelName":"NewYardModel"},"interaction":{"idSuffix":"inner"}},"clearTextFirst":true,"interactionType":"ENTER_TEXT"}]}
RESULT: {"script":"<script> [776 bytes]","args":[{"enterText":"C2","selector":{"controlType":"sap.m.Input","viewName":"etm.portal.ui.manageyards.view.New","viewId":"application-manageyards-display-component---NewYard","bindingPath":{"path":"","propertyPath":"/SALES_AREA_VTWEG","modelName":"NewYardModel"},"interaction":{"idSuffix":"inner"}},"clearTextFirst":true,"interactionType":"ENTER_TEXT"}]}
COMMAND: POST /session/eb46200be743186ea26e5ac661c9a518/execute/async - {"script":"<script> [1562 bytes]","args":[{"selector":{"controlType":"sap.m.Input","viewName":"etm.portal.ui.manageyards.view.New","viewId":"application-manageyards-display-component---NewYard","bindingPath":{"path":"","propertyPath":"/SALES_AREA_SPART","modelName":"NewYardModel"},"interaction":{"idSuffix":"inner"}},"wdio_ui5_key":"etmportal.ui.manageyards.view.Newsap.m.Input{\"path\":\"\",\"propertyPath\":\"/SALES_AREA_SPART\",\"modelName\":\"NewYardModel\"}"}]}
RESULT: {"script":"<script> [1562 bytes]","args":[{"selector":{"controlType":"sap.m.Input","viewName":"etm.portal.ui.manageyards.view.New","viewId":"application-manageyards-display-component---NewYard","bindingPath":{"path":"","propertyPath":"/SALES_AREA_SPART","modelName":"NewYardModel"},"interaction":{"idSuffix":"inner"}},"wdio_ui5_key":"etmportal.ui.manageyards.view.Newsap.m.Input{\"path\":\"\",\"propertyPath\":\"/SALES_AREA_SPART\",\"modelName\":\"NewYardModel\"}"}]}
RESULT: undefined
COMMAND: POST /session/eb46200be743186ea26e5ac661c9a518/execute/async - {"script":"<script> [776 bytes]","args":[{"enterText":"C2","selector":{"controlType":"sap.m.Input","viewName":"etm.portal.ui.manageyards.view.New","viewId":"application-manageyards-display-component---NewYard","bindingPath":{"path":"","propertyPath":"/SALES_AREA_SPART","modelName":"NewYardModel"},"interaction":{"idSuffix":"inner"}},"clearTextFirst":true,"interactionType":"ENTER_TEXT"}]}
RESULT: {"script":"<script> [776 bytes]","args":[{"enterText":"C2","selector":{"controlType":"sap.m.Input","viewName":"etm.portal.ui.manageyards.view.New","viewId":"application-manageyards-display-component---NewYard","bindingPath":{"path":"","propertyPath":"/SALES_AREA_SPART","modelName":"NewYardModel"},"interaction":{"idSuffix":"inner"}},"clearTextFirst":true,"interactionType":"ENTER_TEXT"}]}
COMMAND: POST /session/eb46200be743186ea26e5ac661c9a518/execute/async - {"script":"<script> [1562 bytes]","args":[{"selector":{"controlType":"sap.m.Input","viewName":"etm.portal.ui.manageyards.view.New","viewId":"application-manageyards-display-component---NewYard","bindingPath":{"path":"","propertyPath":"/SHIP_POINT","modelName":"NewYardModel"},"interaction":{"idSuffix":"inner"}},"wdio_ui5_key":"etmportal.ui.manageyards.view.Newsap.m.Input{\"path\":\"\",\"propertyPath\":\"/SHIP_POINT\",\"modelName\":\"NewYardModel\"}"}]}
RESULT: {"script":"<script> [1562 bytes]","args":[{"selector":{"controlType":"sap.m.Input","viewName":"etm.portal.ui.manageyards.view.New","viewId":"application-manageyards-display-component---NewYard","bindingPath":{"path":"","propertyPath":"/SHIP_POINT","modelName":"NewYardModel"},"interaction":{"idSuffix":"inner"}},"wdio_ui5_key":"etmportal.ui.manageyards.view.Newsap.m.Input{\"path\":\"\",\"propertyPath\":\"/SHIP_POINT\",\"modelName\":\"NewYardModel\"}"}]}
RESULT: undefined
COMMAND: POST /session/eb46200be743186ea26e5ac661c9a518/execute/async - {"script":"<script> [776 bytes]","args":[{"enterText":"1710","selector":{"controlType":"sap.m.Input","viewName":"etm.portal.ui.manageyards.view.New","viewId":"application-manageyards-display-component---NewYard","bindingPath":{"path":"","propertyPath":"/SHIP_POINT","modelName":"NewYardModel"},"interaction":{"idSuffix":"inner"}},"clearTextFirst":true,"interactionType":"ENTER_TEXT"}]}
RESULT: {"script":"<script> [776 bytes]","args":[{"enterText":"1710","selector":{"controlType":"sap.m.Input","viewName":"etm.portal.ui.manageyards.view.New","viewId":"application-manageyards-display-component---NewYard","bindingPath":{"path":"","propertyPath":"/SHIP_POINT","modelName":"NewYardModel"},"interaction":{"idSuffix":"inner"}},"clearTextFirst":true,"interactionType":"ENTER_TEXT"}]}
COMMAND: POST /session/eb46200be743186ea26e5ac661c9a518/execute/async - {"script":"<script> [1562 bytes]","args":[{"selector":{"controlType":"sap.m.Input","viewName":"etm.portal.ui.manageyards.view.New","viewId":"application-manageyards-display-component---NewYard","bindingPath":{"path":"","propertyPath":"/DELIVERY_TYPE","modelName":"NewYardModel"},"interaction":{"idSuffix":"inner"}},"wdio_ui5_key":"etmportal.ui.manageyards.view.Newsap.m.Input{\"path\":\"\",\"propertyPath\":\"/DELIVERY_TYPE\",\"modelName\":\"NewYardModel\"}"}]}
RESULT: {"script":"<script> [1562 bytes]","args":[{"selector":{"controlType":"sap.m.Input","viewName":"etm.portal.ui.manageyards.view.New","viewId":"application-manageyards-display-component---NewYard","bindingPath":{"path":"","propertyPath":"/DELIVERY_TYPE","modelName":"NewYardModel"},"interaction":{"idSuffix":"inner"}},"wdio_ui5_key":"etmportal.ui.manageyards.view.Newsap.m.Input{\"path\":\"\",\"propertyPath\":\"/DELIVERY_TYPE\",\"modelName\":\"NewYardModel\"}"}]}
RESULT: undefined
COMMAND: POST /session/eb46200be743186ea26e5ac661c9a518/execute/async - {"script":"<script> [776 bytes]","args":[{"enterText":"ZL01","selector":{"controlType":"sap.m.Input","viewName":"etm.portal.ui.manageyards.view.New","viewId":"application-manageyards-display-component---NewYard","bindingPath":{"path":"","propertyPath":"/DELIVERY_TYPE","modelName":"NewYardModel"},"interaction":{"idSuffix":"inner"}},"clearTextFirst":true,"interactionType":"ENTER_TEXT"}]}
RESULT: {"script":"<script> [776 bytes]","args":[{"enterText":"ZL01","selector":{"controlType":"sap.m.Input","viewName":"etm.portal.ui.manageyards.view.New","viewId":"application-manageyards-display-component---NewYard","bindingPath":{"path":"","propertyPath":"/DELIVERY_TYPE","modelName":"NewYardModel"},"interaction":{"idSuffix":"inner"}},"clearTextFirst":true,"interactionType":"ENTER_TEXT"}]}
COMMAND: POST /session/eb46200be743186ea26e5ac661c9a518/execute/async - {"script":"<script> [1562 bytes]","args":[{"selector":{"controlType":"sap.m.Input","viewName":"etm.portal.ui.manageyards.view.New","viewId":"application-manageyards-display-component---NewYard","bindingPath":{"path":"","propertyPath":"/AUART","modelName":"NewYardModel"},"interaction":{"idSuffix":"inner"}},"wdio_ui5_key":"etmportal.ui.manageyards.view.Newsap.m.Input{\"path\":\"\",\"propertyPath\":\"/AUART\",\"modelName\":\"NewYardModel\"}"}]}
RESULT: {"script":"<script> [1562 bytes]","args":[{"selector":{"controlType":"sap.m.Input","viewName":"etm.portal.ui.manageyards.view.New","viewId":"application-manageyards-display-component---NewYard","bindingPath":{"path":"","propertyPath":"/AUART","modelName":"NewYardModel"},"interaction":{"idSuffix":"inner"}},"wdio_ui5_key":"etmportal.ui.manageyards.view.Newsap.m.Input{\"path\":\"\",\"propertyPath\":\"/AUART\",\"modelName\":\"NewYardModel\"}"}]}
RESULT: undefined
COMMAND: POST /session/eb46200be743186ea26e5ac661c9a518/execute/async - {"script":"<script> [776 bytes]","args":[{"enterText":"TA","selector":{"controlType":"sap.m.Input","viewName":"etm.portal.ui.manageyards.view.New","viewId":"application-manageyards-display-component---NewYard","bindingPath":{"path":"","propertyPath":"/AUART","modelName":"NewYardModel"},"interaction":{"idSuffix":"inner"}},"clearTextFirst":true,"interactionType":"ENTER_TEXT"}]}
RESULT: {"script":"<script> [776 bytes]","args":[{"enterText":"TA","selector":{"controlType":"sap.m.Input","viewName":"etm.portal.ui.manageyards.view.New","viewId":"application-manageyards-display-component---NewYard","bindingPath":{"path":"","propertyPath":"/AUART","modelName":"NewYardModel"},"interaction":{"idSuffix":"inner"}},"clearTextFirst":true,"interactionType":"ENTER_TEXT"}]}
COMMAND: POST /session/eb46200be743186ea26e5ac661c9a518/element - {"using":"xpath","value":"//button[@data-kt=\"newYardSaveButton\"]"}
RESULT: {"using":"xpath","value":"//button[@data-kt=\"newYardSaveButton\"]"}
COMMAND: POST /session/eb46200be743186ea26e5ac661c9a518/element/f.E118EE213315F22AD902502108153141.d.E3D6D59972BF9D1C897FFCCBA55DBB17.e.703/click - {}
RESULT: {}
COMMAND: GET /session/eb46200be743186ea26e5ac661c9a518/screenshot - {}
RESULT: {}
COMMAND: POST /session/eb46200be743186ea26e5ac661c9a518/element - {"using":"xpath","value":"//header[contains(@id, 'ObjectPageLayout-headerTitle')]/div[1]/div[2]/div[1]/span[1]"}
RESULT: {"using":"xpath","value":"//header[contains(@id, 'ObjectPageLayout-headerTitle')]/div[1]/div[2]/div[1]/span[1]"}
COMMAND: POST /session/eb46200be743186ea26e5ac661c9a518/elements - {"using":"xpath","value":"//header[contains(@id, 'ObjectPageLayout-headerTitle')]/div[1]/div[2]/div[1]/span[1]"}
RESULT: {"using":"xpath","value":"//header[contains(@id, 'ObjectPageLayout-headerTitle')]/div[1]/div[2]/div[1]/span[1]"}
COMMAND: POST /session/eb46200be743186ea26e5ac661c9a518/execute/sync - {"script":"<script> [56 bytes]","args":[{"element-6066-11e4-a52e-4f735466cecf":"f.E118EE213315F22AD902502108153141.d.E3D6D59972BF9D1C897FFCCBA55DBB17.e.994","ELEMENT":"f.E118EE213315F22AD902502108153141.d.E3D6D59972BF9D1C897FFCCBA55DBB17.e.994"}]}
RESULT: {"script":"<script> [56 bytes]","args":[{"element-6066-11e4-a52e-4f735466cecf":"f.E118EE213315F22AD902502108153141.d.E3D6D59972BF9D1C897FFCCBA55DBB17.e.994","ELEMENT":"f.E118EE213315F22AD902502108153141.d.E3D6D59972BF9D1C897FFCCBA55DBB17.e.994"}]}
COMMAND: GET /session/eb46200be743186ea26e5ac661c9a518/screenshot - {}
RESULT: {}
COMMAND: POST /session/eb46200be743186ea26e5ac661c9a518/element - {"using":"css selector","value":"#shell-header-logo"}
RESULT: {"using":"css selector","value":"#shell-header-logo"}
COMMAND: POST /session/eb46200be743186ea26e5ac661c9a518/element/f.E118EE213315F22AD902502108153141.d.E3D6D59972BF9D1C897FFCCBA55DBB17.e.267/click - {}
RESULT: {}
COMMAND: GET /session/eb46200be743186ea26e5ac661c9a518/screenshot - {}
RESULT: {}
COMMAND: POST /session/eb46200be743186ea26e5ac661c9a518/execute/sync - {"script":"<script> [299 bytes]","args":[["getModel","getResource"]]}
RESULT: {"script":"<script> [299 bytes]","args":[["getModel","getResource"]]}
]]></system-out>
    </testcase>
    <testcase classname="chrome.136_0_7103_93.windows.Tests_for_Mass_State_Change_on_Manage_States_&amp;_Performances_US104416_US" name="Prereq Should create a new partner" time="148.23">
      <system-out><![CDATA[
COMMAND: POST /session/eb46200be743186ea26e5ac661c9a518/window/fullscreen - {}
COMMAND: GET /session/eb46200be743186ea26e5ac661c9a518/screenshot - {}
RESULT: {}
COMMAND: POST /session/eb46200be743186ea26e5ac661c9a518/execute/async - {"script":"<script> [1562 bytes]","args":[{"selector":{"controlType":"sap.m.GenericTile","properties":{"header":"Manage Partners"}},"wdio_ui5_key":"sapm.GenericTile{\"header\":\"Manage Partners\"}"}]}
RESULT: {}
RESULT: {"script":"<script> [1562 bytes]","args":[{"selector":{"controlType":"sap.m.GenericTile","properties":{"header":"Manage Partners"}},"wdio_ui5_key":"sapm.GenericTile{\"header\":\"Manage Partners\"}"}]}
RESULT: undefined
COMMAND: POST /session/eb46200be743186ea26e5ac661c9a518/element - {"using":"xpath","value":"//*[@id=\"__tile38\"]"}
RESULT: {"using":"xpath","value":"//*[@id=\"__tile38\"]"}
COMMAND: POST /session/eb46200be743186ea26e5ac661c9a518/element/f.E118EE213315F22AD902502108153141.d.E3D6D59972BF9D1C897FFCCBA55DBB17.e.152/click - {}
RESULT: {}
COMMAND: GET /session/eb46200be743186ea26e5ac661c9a518/screenshot - {}
RESULT: {}
COMMAND: POST /session/eb46200be743186ea26e5ac661c9a518/elements - {"using":"xpath","value":"//span[text()='Error']"}
RESULT: {"using":"xpath","value":"//span[text()='Error']"}
COMMAND: POST /session/eb46200be743186ea26e5ac661c9a518/element - {"using":"xpath","value":"//button[@data-kt=\"addButton\"]"}
RESULT: {"using":"xpath","value":"//button[@data-kt=\"addButton\"]"}
COMMAND: POST /session/eb46200be743186ea26e5ac661c9a518/elements - {"using":"xpath","value":"//button[@data-kt=\"addButton\"]"}
RESULT: {"using":"xpath","value":"//button[@data-kt=\"addButton\"]"}
COMMAND: POST /session/eb46200be743186ea26e5ac661c9a518/elements - {"using":"xpath","value":"//button[@data-kt=\"addButton\"]"}
RESULT: {"using":"xpath","value":"//button[@data-kt=\"addButton\"]"}
COMMAND: POST /session/eb46200be743186ea26e5ac661c9a518/elements - {"using":"xpath","value":"//button[@data-kt=\"addButton\"]"}
RESULT: {"using":"xpath","value":"//button[@data-kt=\"addButton\"]"}
COMMAND: POST /session/eb46200be743186ea26e5ac661c9a518/elements - {"using":"xpath","value":"//button[@data-kt=\"addButton\"]"}
RESULT: {"using":"xpath","value":"//button[@data-kt=\"addButton\"]"}
COMMAND: POST /session/eb46200be743186ea26e5ac661c9a518/elements - {"using":"xpath","value":"//button[@data-kt=\"addButton\"]"}
RESULT: {"using":"xpath","value":"//button[@data-kt=\"addButton\"]"}
COMMAND: POST /session/eb46200be743186ea26e5ac661c9a518/element - {"using":"xpath","value":"//button[@data-kt=\"addButton\"]"}
RESULT: {"using":"xpath","value":"//button[@data-kt=\"addButton\"]"}
COMMAND: POST /session/eb46200be743186ea26e5ac661c9a518/execute/sync - {"script":"<script> [8489 bytes]","args":[{"element-6066-11e4-a52e-4f735466cecf":"f.E118EE213315F22AD902502108153141.d.E3D6D59972BF9D1C897FFCCBA55DBB17.e.1034","ELEMENT":"f.E118EE213315F22AD902502108153141.d.E3D6D59972BF9D1C897FFCCBA55DBB17.e.1034"}]}
RESULT: {"script":"<script> [8489 bytes]","args":[{"element-6066-11e4-a52e-4f735466cecf":"f.E118EE213315F22AD902502108153141.d.E3D6D59972BF9D1C897FFCCBA55DBB17.e.1034","ELEMENT":"f.E118EE213315F22AD902502108153141.d.E3D6D59972BF9D1C897FFCCBA55DBB17.e.1034"}]}
COMMAND: GET /session/eb46200be743186ea26e5ac661c9a518/element/f.E118EE213315F22AD902502108153141.d.E3D6D59972BF9D1C897FFCCBA55DBB17.e.1034/enabled - {}
COMMAND: GET /session/eb46200be743186ea26e5ac661c9a518/screenshot - {}
RESULT: {}
COMMAND: POST /session/eb46200be743186ea26e5ac661c9a518/execute/sync - {"script":"<script> [8489 bytes]","args":[{"element-6066-11e4-a52e-4f735466cecf":"f.E118EE213315F22AD902502108153141.d.E3D6D59972BF9D1C897FFCCBA55DBB17.e.1034","ELEMENT":"f.E118EE213315F22AD902502108153141.d.E3D6D59972BF9D1C897FFCCBA55DBB17.e.1034"}]}
COMMAND: GET /session/eb46200be743186ea26e5ac661c9a518/screenshot - {}
RESULT: {}
RESULT: {"script":"<script> [8489 bytes]","args":[{"element-6066-11e4-a52e-4f735466cecf":"f.E118EE213315F22AD902502108153141.d.E3D6D59972BF9D1C897FFCCBA55DBB17.e.1034","ELEMENT":"f.E118EE213315F22AD902502108153141.d.E3D6D59972BF9D1C897FFCCBA55DBB17.e.1034"}]}
COMMAND: POST /session/eb46200be743186ea26e5ac661c9a518/execute/sync - {"script":"<script> [5351 bytes]","args":[{"element-6066-11e4-a52e-4f735466cecf":"f.E118EE213315F22AD902502108153141.d.E3D6D59972BF9D1C897FFCCBA55DBB17.e.1034","ELEMENT":"f.E118EE213315F22AD902502108153141.d.E3D6D59972BF9D1C897FFCCBA55DBB17.e.1034"}]}
COMMAND: GET /session/eb46200be743186ea26e5ac661c9a518/screenshot - {}
RESULT: {}
RESULT: {}
RESULT: {"script":"<script> [5351 bytes]","args":[{"element-6066-11e4-a52e-4f735466cecf":"f.E118EE213315F22AD902502108153141.d.E3D6D59972BF9D1C897FFCCBA55DBB17.e.1034","ELEMENT":"f.E118EE213315F22AD902502108153141.d.E3D6D59972BF9D1C897FFCCBA55DBB17.e.1034"}]}
COMMAND: POST /session/eb46200be743186ea26e5ac661c9a518/element/f.E118EE213315F22AD902502108153141.d.E3D6D59972BF9D1C897FFCCBA55DBB17.e.1034/click - {}
COMMAND: GET /session/eb46200be743186ea26e5ac661c9a518/screenshot - {}
RESULT: {}
COMMAND: GET /session/eb46200be743186ea26e5ac661c9a518/screenshot - {}
COMMAND: POST /session/eb46200be743186ea26e5ac661c9a518/execute/async - {"script":"<script> [1562 bytes]","args":[{"selector":{"id":"application-managepartners-display-component---NewPartner--addressDetailDetailsName1","interaction":{"idSuffix":"inner"}},"wdio_ui5_key":"applicationmanagepartners-display-component---NewPartner--addressDetailDetailsName1"}]}
RESULT: {}
RESULT: {}
RESULT: {"script":"<script> [1562 bytes]","args":[{"selector":{"id":"application-managepartners-display-component---NewPartner--addressDetailDetailsName1","interaction":{"idSuffix":"inner"}},"wdio_ui5_key":"applicationmanagepartners-display-component---NewPartner--addressDetailDetailsName1"}]}
RESULT: undefined
COMMAND: POST /session/eb46200be743186ea26e5ac661c9a518/execute/async - {"script":"<script> [776 bytes]","args":[{"enterText":"Intracompany Partner WDIO","selector":{"id":"application-managepartners-display-component---NewPartner--addressDetailDetailsName1","interaction":{"idSuffix":"inner"}},"clearTextFirst":true,"interactionType":"ENTER_TEXT"}]}
RESULT: {"script":"<script> [776 bytes]","args":[{"enterText":"Intracompany Partner WDIO","selector":{"id":"application-managepartners-display-component---NewPartner--addressDetailDetailsName1","interaction":{"idSuffix":"inner"}},"clearTextFirst":true,"interactionType":"ENTER_TEXT"}]}
COMMAND: POST /session/eb46200be743186ea26e5ac661c9a518/execute/async - {"script":"<script> [1562 bytes]","args":[{"selector":{"id":"application-managepartners-display-component---NewPartner--addressDetailDetailsLanguage-arrow"},"wdio_ui5_key":"applicationmanagepartners-display-component---NewPartner--addressDetailDetailsLanguage-arrow"}]}
RESULT: {"script":"<script> [1562 bytes]","args":[{"selector":{"id":"application-managepartners-display-component---NewPartner--addressDetailDetailsLanguage-arrow"},"wdio_ui5_key":"applicationmanagepartners-display-component---NewPartner--addressDetailDetailsLanguage-arrow"}]}
RESULT: undefined
COMMAND: POST /session/eb46200be743186ea26e5ac661c9a518/element - {"using":"xpath","value":"//*[@id=\"application-managepartners-display-component---NewPartner--addressDetailDetailsLanguage-arrow\"]"}
RESULT: {"using":"xpath","value":"//*[@id=\"application-managepartners-display-component---NewPartner--addressDetailDetailsLanguage-arrow\"]"}
COMMAND: POST /session/eb46200be743186ea26e5ac661c9a518/element/f.E118EE213315F22AD902502108153141.d.E3D6D59972BF9D1C897FFCCBA55DBB17.e.1482/click - {}
RESULT: {}
COMMAND: POST /session/eb46200be743186ea26e5ac661c9a518/element - {"using":"xpath","value":"//span[contains(text(), \"English\")]"}
COMMAND: GET /session/eb46200be743186ea26e5ac661c9a518/screenshot - {}
RESULT: {"using":"xpath","value":"//span[contains(text(), \"English\")]"}
COMMAND: POST /session/eb46200be743186ea26e5ac661c9a518/element/f.E118EE213315F22AD902502108153141.d.E3D6D59972BF9D1C897FFCCBA55DBB17.e.1483/click - {}
RESULT: {}
RESULT: {}
COMMAND: GET /session/eb46200be743186ea26e5ac661c9a518/screenshot - {}
RESULT: {}
COMMAND: POST /session/eb46200be743186ea26e5ac661c9a518/execute/async - {"script":"<script> [1562 bytes]","args":[{"selector":{"id":"application-managepartners-display-component---NewPartner--addressDetailDetailsCity1","interaction":{"idSuffix":"inner"}},"wdio_ui5_key":"applicationmanagepartners-display-component---NewPartner--addressDetailDetailsCity1"}]}
RESULT: {"script":"<script> [1562 bytes]","args":[{"selector":{"id":"application-managepartners-display-component---NewPartner--addressDetailDetailsCity1","interaction":{"idSuffix":"inner"}},"wdio_ui5_key":"applicationmanagepartners-display-component---NewPartner--addressDetailDetailsCity1"}]}
RESULT: undefined
COMMAND: POST /session/eb46200be743186ea26e5ac661c9a518/execute/async - {"script":"<script> [776 bytes]","args":[{"enterText":"Rosario","selector":{"id":"application-managepartners-display-component---NewPartner--addressDetailDetailsCity1","interaction":{"idSuffix":"inner"}},"clearTextFirst":true,"interactionType":"ENTER_TEXT"}]}
RESULT: {"script":"<script> [776 bytes]","args":[{"enterText":"Rosario","selector":{"id":"application-managepartners-display-component---NewPartner--addressDetailDetailsCity1","interaction":{"idSuffix":"inner"}},"clearTextFirst":true,"interactionType":"ENTER_TEXT"}]}
COMMAND: POST /session/eb46200be743186ea26e5ac661c9a518/execute/async - {"script":"<script> [1562 bytes]","args":[{"selector":{"id":"application-managepartners-display-component---NewPartner--addressDetailDetailsCountry-arrow"},"wdio_ui5_key":"applicationmanagepartners-display-component---NewPartner--addressDetailDetailsCountry-arrow"}]}
RESULT: {"script":"<script> [1562 bytes]","args":[{"selector":{"id":"application-managepartners-display-component---NewPartner--addressDetailDetailsCountry-arrow"},"wdio_ui5_key":"applicationmanagepartners-display-component---NewPartner--addressDetailDetailsCountry-arrow"}]}
RESULT: undefined
COMMAND: POST /session/eb46200be743186ea26e5ac661c9a518/element - {"using":"xpath","value":"//*[@id=\"application-managepartners-display-component---NewPartner--addressDetailDetailsCountry-arrow\"]"}
RESULT: {"using":"xpath","value":"//*[@id=\"application-managepartners-display-component---NewPartner--addressDetailDetailsCountry-arrow\"]"}
COMMAND: POST /session/eb46200be743186ea26e5ac661c9a518/element/f.E118EE213315F22AD902502108153141.d.E3D6D59972BF9D1C897FFCCBA55DBB17.e.1446/click - {}
RESULT: {}
COMMAND: POST /session/eb46200be743186ea26e5ac661c9a518/element - {"using":"xpath","value":"//span[contains(text(), \"Argentina\")]"}
COMMAND: GET /session/eb46200be743186ea26e5ac661c9a518/screenshot - {}
RESULT: {"using":"xpath","value":"//span[contains(text(), \"Argentina\")]"}
COMMAND: POST /session/eb46200be743186ea26e5ac661c9a518/element/f.E118EE213315F22AD902502108153141.d.E3D6D59972BF9D1C897FFCCBA55DBB17.e.1485/click - {}
RESULT: {}
RESULT: {}
COMMAND: GET /session/eb46200be743186ea26e5ac661c9a518/screenshot - {}
RESULT: {}
COMMAND: POST /session/eb46200be743186ea26e5ac661c9a518/element - {"using":"xpath","value":"//bdi[contains(text(), \"Commercial\")]"}
RESULT: {"using":"xpath","value":"//bdi[contains(text(), \"Commercial\")]"}
COMMAND: POST /session/eb46200be743186ea26e5ac661c9a518/element/f.E118EE213315F22AD902502108153141.d.E3D6D59972BF9D1C897FFCCBA55DBB17.e.1486/click - {}
RESULT: {}
COMMAND: GET /session/eb46200be743186ea26e5ac661c9a518/screenshot - {}
RESULT: {}
COMMAND: POST /session/eb46200be743186ea26e5ac661c9a518/execute/async - {"script":"<script> [1562 bytes]","args":[{"selector":{"id":"application-managepartners-display-component---NewPartner--partnerDetailInternal-arrow"},"wdio_ui5_key":"applicationmanagepartners-display-component---NewPartner--partnerDetailInternal-arrow"}]}
RESULT: {"script":"<script> [1562 bytes]","args":[{"selector":{"id":"application-managepartners-display-component---NewPartner--partnerDetailInternal-arrow"},"wdio_ui5_key":"applicationmanagepartners-display-component---NewPartner--partnerDetailInternal-arrow"}]}
RESULT: undefined
COMMAND: POST /session/eb46200be743186ea26e5ac661c9a518/element - {"using":"xpath","value":"//*[@id=\"application-managepartners-display-component---NewPartner--partnerDetailInternal-arrow\"]"}
RESULT: {"using":"xpath","value":"//*[@id=\"application-managepartners-display-component---NewPartner--partnerDetailInternal-arrow\"]"}
COMMAND: POST /session/eb46200be743186ea26e5ac661c9a518/element/f.E118EE213315F22AD902502108153141.d.E3D6D59972BF9D1C897FFCCBA55DBB17.e.1492/click - {}
RESULT: {}
COMMAND: POST /session/eb46200be743186ea26e5ac661c9a518/element - {"using":"xpath","value":"//span[contains(text(), \"Affiliated company\")]"}
COMMAND: GET /session/eb46200be743186ea26e5ac661c9a518/screenshot - {}
RESULT: {"using":"xpath","value":"//span[contains(text(), \"Affiliated company\")]"}
COMMAND: POST /session/eb46200be743186ea26e5ac661c9a518/element/f.E118EE213315F22AD902502108153141.d.E3D6D59972BF9D1C897FFCCBA55DBB17.e.1493/click - {}
RESULT: {}
RESULT: {}
COMMAND: POST /session/eb46200be743186ea26e5ac661c9a518/execute/async - {"script":"<script> [1562 bytes]","args":[{"selector":{"id":"application-managepartners-display-component---NewPartner--partnerDetailsCurrency-arrow"},"wdio_ui5_key":"applicationmanagepartners-display-component---NewPartner--partnerDetailsCurrency-arrow"}]}
COMMAND: GET /session/eb46200be743186ea26e5ac661c9a518/screenshot - {}
RESULT: {"script":"<script> [1562 bytes]","args":[{"selector":{"id":"application-managepartners-display-component---NewPartner--partnerDetailsCurrency-arrow"},"wdio_ui5_key":"applicationmanagepartners-display-component---NewPartner--partnerDetailsCurrency-arrow"}]}
RESULT: undefined
COMMAND: POST /session/eb46200be743186ea26e5ac661c9a518/element - {"using":"xpath","value":"//*[@id=\"application-managepartners-display-component---NewPartner--partnerDetailsCurrency-arrow\"]"}
RESULT: {}
RESULT: {"using":"xpath","value":"//*[@id=\"application-managepartners-display-component---NewPartner--partnerDetailsCurrency-arrow\"]"}
COMMAND: POST /session/eb46200be743186ea26e5ac661c9a518/element/f.E118EE213315F22AD902502108153141.d.E3D6D59972BF9D1C897FFCCBA55DBB17.e.1500/click - {}
RESULT: {}
COMMAND: POST /session/eb46200be743186ea26e5ac661c9a518/element - {"using":"xpath","value":"//span[contains(text(), \"Euro\")]"}
COMMAND: GET /session/eb46200be743186ea26e5ac661c9a518/screenshot - {}
RESULT: {"using":"xpath","value":"//span[contains(text(), \"Euro\")]"}
COMMAND: POST /session/eb46200be743186ea26e5ac661c9a518/element/f.E118EE213315F22AD902502108153141.d.E3D6D59972BF9D1C897FFCCBA55DBB17.e.1501/click - {}
RESULT: {}
RESULT: {}
COMMAND: POST /session/eb46200be743186ea26e5ac661c9a518/execute/async - {"script":"<script> [1562 bytes]","args":[{"selector":{"id":"application-managepartners-display-component---NewPartner--addressEditDetailsCostObjectCstType-arrow"},"wdio_ui5_key":"applicationmanagepartners-display-component---NewPartner--addressEditDetailsCostObjectCstType-arrow"}]}
COMMAND: GET /session/eb46200be743186ea26e5ac661c9a518/screenshot - {}
RESULT: {"script":"<script> [1562 bytes]","args":[{"selector":{"id":"application-managepartners-display-component---NewPartner--addressEditDetailsCostObjectCstType-arrow"},"wdio_ui5_key":"applicationmanagepartners-display-component---NewPartner--addressEditDetailsCostObjectCstType-arrow"}]}
RESULT: undefined
COMMAND: POST /session/eb46200be743186ea26e5ac661c9a518/element - {"using":"xpath","value":"//*[@id=\"application-managepartners-display-component---NewPartner--addressEditDetailsCostObjectCstType-arrow\"]"}
RESULT: {}
RESULT: {"using":"xpath","value":"//*[@id=\"application-managepartners-display-component---NewPartner--addressEditDetailsCostObjectCstType-arrow\"]"}
COMMAND: POST /session/eb46200be743186ea26e5ac661c9a518/element/f.E118EE213315F22AD902502108153141.d.E3D6D59972BF9D1C897FFCCBA55DBB17.e.1502/click - {}
RESULT: {}
COMMAND: POST /session/eb46200be743186ea26e5ac661c9a518/element - {"using":"xpath","value":"//span[contains(text(), \"Cost Center\")]"}
COMMAND: GET /session/eb46200be743186ea26e5ac661c9a518/screenshot - {}
RESULT: {"using":"xpath","value":"//span[contains(text(), \"Cost Center\")]"}
COMMAND: POST /session/eb46200be743186ea26e5ac661c9a518/element/f.E118EE213315F22AD902502108153141.d.E3D6D59972BF9D1C897FFCCBA55DBB17.e.1503/click - {}
RESULT: {}
RESULT: {}
COMMAND: GET /session/eb46200be743186ea26e5ac661c9a518/screenshot - {}
RESULT: {}
COMMAND: POST /session/eb46200be743186ea26e5ac661c9a518/element - {"using":"xpath","value":"//span[@id=\"application-managepartners-display-component---NewPartner--addressNewCostObjectCstID-vhi\"]"}
RESULT: {"using":"xpath","value":"//span[@id=\"application-managepartners-display-component---NewPartner--addressNewCostObjectCstID-vhi\"]"}
COMMAND: POST /session/eb46200be743186ea26e5ac661c9a518/execute/sync - {"script":"<script> [8489 bytes]","args":[{"element-6066-11e4-a52e-4f735466cecf":"f.E118EE213315F22AD902502108153141.d.E3D6D59972BF9D1C897FFCCBA55DBB17.e.1507","ELEMENT":"f.E118EE213315F22AD902502108153141.d.E3D6D59972BF9D1C897FFCCBA55DBB17.e.1507"}]}
RESULT: {"script":"<script> [8489 bytes]","args":[{"element-6066-11e4-a52e-4f735466cecf":"f.E118EE213315F22AD902502108153141.d.E3D6D59972BF9D1C897FFCCBA55DBB17.e.1507","ELEMENT":"f.E118EE213315F22AD902502108153141.d.E3D6D59972BF9D1C897FFCCBA55DBB17.e.1507"}]}
COMMAND: POST /session/eb46200be743186ea26e5ac661c9a518/execute/async - {"script":"<script> [1562 bytes]","args":[{"selector":{"id":"application-managepartners-display-component---NewPartner--addressNewCostObjectCstID-vhi"},"wdio_ui5_key":"applicationmanagepartners-display-component---NewPartner--addressNewCostObjectCstID-vhi"}]}
COMMAND: GET /session/eb46200be743186ea26e5ac661c9a518/screenshot - {}
RESULT: {"script":"<script> [1562 bytes]","args":[{"selector":{"id":"application-managepartners-display-component---NewPartner--addressNewCostObjectCstID-vhi"},"wdio_ui5_key":"applicationmanagepartners-display-component---NewPartner--addressNewCostObjectCstID-vhi"}]}
RESULT: undefined
COMMAND: POST /session/eb46200be743186ea26e5ac661c9a518/element - {"using":"xpath","value":"//*[@id=\"application-managepartners-display-component---NewPartner--addressNewCostObjectCstID-vhi\"]"}
RESULT: {}
RESULT: {"using":"xpath","value":"//*[@id=\"application-managepartners-display-component---NewPartner--addressNewCostObjectCstID-vhi\"]"}
COMMAND: POST /session/eb46200be743186ea26e5ac661c9a518/element/f.E118EE213315F22AD902502108153141.d.E3D6D59972BF9D1C897FFCCBA55DBB17.e.1507/click - {}
RESULT: {}
COMMAND: GET /session/eb46200be743186ea26e5ac661c9a518/screenshot - {}
RESULT: {}
RESULT: undefined
COMMAND: POST /session/eb46200be743186ea26e5ac661c9a518/execute/async - {"script":"<script> [776 bytes]","args":[{"enterText":"10001013","selector":{"controlType":"sap.m.SearchField","properties":{"placeholder":"Search"},"searchOpenDialogs":true,"interaction":{"idSuffix":"I"}},"clearTextFirst":true,"interactionType":"ENTER_TEXT"}]}
RESULT: {"script":"<script> [776 bytes]","args":[{"enterText":"10001013","selector":{"controlType":"sap.m.SearchField","properties":{"placeholder":"Search"},"searchOpenDialogs":true,"interaction":{"idSuffix":"I"}},"clearTextFirst":true,"interactionType":"ENTER_TEXT"}]}
COMMAND: POST /session/eb46200be743186ea26e5ac661c9a518/actions - {"actions":[{"id":"action2","type":"key","parameters":{},"actions":[{"type":"keyDown","value":""},{"type":"pause","duration":10},{"type":"keyUp","value":""}]}]}
RESULT: {"actions":[{"id":"action2","type":"key","parameters":{},"actions":[{"type":"keyDown","value":""},{"type":"pause","duration":10},{"type":"keyUp","value":""}]}]}
COMMAND: GET /session/eb46200be743186ea26e5ac661c9a518/screenshot - {}
RESULT: {}
COMMAND: POST /session/eb46200be743186ea26e5ac661c9a518/element - {"using":"xpath","value":"//span[contains(text(), \"General Management\")]"}
RESULT: {"using":"xpath","value":"//span[contains(text(), \"General Management\")]"}
COMMAND: POST /session/eb46200be743186ea26e5ac661c9a518/element/f.E118EE213315F22AD902502108153141.d.E3D6D59972BF9D1C897FFCCBA55DBB17.e.1547/click - {}
RESULT: {}
COMMAND: GET /session/eb46200be743186ea26e5ac661c9a518/screenshot - {}
RESULT: {}
COMMAND: POST /session/eb46200be743186ea26e5ac661c9a518/element - {"using":"xpath","value":"//bdi[contains(text(), \"OK\")]"}
RESULT: {"using":"xpath","value":"//bdi[contains(text(), \"OK\")]"}
COMMAND: POST /session/eb46200be743186ea26e5ac661c9a518/element/f.E118EE213315F22AD902502108153141.d.E3D6D59972BF9D1C897FFCCBA55DBB17.e.1548/click - {}
RESULT: {}
COMMAND: GET /session/eb46200be743186ea26e5ac661c9a518/screenshot - {}
RESULT: {}
COMMAND: POST /session/eb46200be743186ea26e5ac661c9a518/element - {"using":"xpath","value":"//input[@id=\"application-managepartners-display-component---NewPartner--companyCodeComboBox-inner\"]"}
RESULT: {"using":"xpath","value":"//input[@id=\"application-managepartners-display-component---NewPartner--companyCodeComboBox-inner\"]"}
COMMAND: POST /session/eb46200be743186ea26e5ac661c9a518/element/f.E118EE213315F22AD902502108153141.d.E3D6D59972BF9D1C897FFCCBA55DBB17.e.1345/clear - {}
RESULT: {}
COMMAND: POST /session/eb46200be743186ea26e5ac661c9a518/element/f.E118EE213315F22AD902502108153141.d.E3D6D59972BF9D1C897FFCCBA55DBB17.e.1345/value - {"text":"1000"}
COMMAND: GET /session/eb46200be743186ea26e5ac661c9a518/screenshot - {}
RESULT: {"text":"1000"}
COMMAND: GET /session/eb46200be743186ea26e5ac661c9a518/screenshot - {}
RESULT: {}
RESULT: {}
COMMAND: POST /session/eb46200be743186ea26e5ac661c9a518/element - {"using":"xpath","value":"//li[.//span[text()= \"1000\"]]"}
RESULT: {"using":"xpath","value":"//li[.//span[text()= \"1000\"]]"}
COMMAND: POST /session/eb46200be743186ea26e5ac661c9a518/element/f.E118EE213315F22AD902502108153141.d.E3D6D59972BF9D1C897FFCCBA55DBB17.e.1554/click - {}
RESULT: {}
COMMAND: GET /session/eb46200be743186ea26e5ac661c9a518/screenshot - {}
RESULT: {}
COMMAND: POST /session/eb46200be743186ea26e5ac661c9a518/execute/async - {"script":"<script> [1562 bytes]","args":[{"selector":{"id":"application-managepartners-display-component---NewPartner--btnAddTableRow-img"},"wdio_ui5_key":"applicationmanagepartners-display-component---NewPartner--btnAddTableRow-img"}]}
RESULT: {"script":"<script> [1562 bytes]","args":[{"selector":{"id":"application-managepartners-display-component---NewPartner--btnAddTableRow-img"},"wdio_ui5_key":"applicationmanagepartners-display-component---NewPartner--btnAddTableRow-img"}]}
RESULT: undefined
COMMAND: POST /session/eb46200be743186ea26e5ac661c9a518/element - {"using":"xpath","value":"//*[@id=\"application-managepartners-display-component---NewPartner--btnAddTableRow-img\"]"}
RESULT: {"using":"xpath","value":"//*[@id=\"application-managepartners-display-component---NewPartner--btnAddTableRow-img\"]"}
COMMAND: POST /session/eb46200be743186ea26e5ac661c9a518/element/f.E118EE213315F22AD902502108153141.d.E3D6D59972BF9D1C897FFCCBA55DBB17.e.1555/click - {}
RESULT: {}
COMMAND: GET /session/eb46200be743186ea26e5ac661c9a518/screenshot - {}
RESULT: {}
COMMAND: POST /session/eb46200be743186ea26e5ac661c9a518/element - {"using":"xpath","value":"//input[@id=\"application-managepartners-display-component---NewPartner--assignmentYard-application-managepartners-display-component---NewPartner--assignmentsTable-0-inner\"]"}
RESULT: {"using":"xpath","value":"//input[@id=\"application-managepartners-display-component---NewPartner--assignmentYard-application-managepartners-display-component---NewPartner--assignmentsTable-0-inner\"]"}
COMMAND: POST /session/eb46200be743186ea26e5ac661c9a518/element/f.E118EE213315F22AD902502108153141.d.E3D6D59972BF9D1C897FFCCBA55DBB17.e.1558/clear - {}
RESULT: {}
COMMAND: POST /session/eb46200be743186ea26e5ac661c9a518/element/f.E118EE213315F22AD902502108153141.d.E3D6D59972BF9D1C897FFCCBA55DBB17.e.1558/value - {"text":"476"}
COMMAND: GET /session/eb46200be743186ea26e5ac661c9a518/screenshot - {}
RESULT: {"text":"476"}
COMMAND: GET /session/eb46200be743186ea26e5ac661c9a518/screenshot - {}
RESULT: {}
RESULT: {}
COMMAND: POST /session/eb46200be743186ea26e5ac661c9a518/element - {"using":"xpath","value":"//li[.//span[text()='476']]"}
RESULT: {"using":"xpath","value":"//li[.//span[text()='476']]"}
COMMAND: POST /session/eb46200be743186ea26e5ac661c9a518/element/f.E118EE213315F22AD902502108153141.d.E3D6D59972BF9D1C897FFCCBA55DBB17.e.1567/click - {}
RESULT: {}
COMMAND: GET /session/eb46200be743186ea26e5ac661c9a518/screenshot - {}
RESULT: {}
COMMAND: POST /session/eb46200be743186ea26e5ac661c9a518/actions - {"actions":[{"id":"action3","type":"key","parameters":{},"actions":[{"type":"keyDown","value":""},{"type":"pause","duration":10},{"type":"keyUp","value":""}]}]}
RESULT: {"actions":[{"id":"action3","type":"key","parameters":{},"actions":[{"type":"keyDown","value":""},{"type":"pause","duration":10},{"type":"keyUp","value":""}]}]}
COMMAND: POST /session/eb46200be743186ea26e5ac661c9a518/execute/async - {"script":"<script> [1562 bytes]","args":[{"selector":{"id":"application-managepartners-display-component---NewPartner--externalCustomerComboBox-application-managepartners-display-component---NewPartner--assignmentsTable-0-vhi"},"wdio_ui5_key":"applicationmanagepartners-display-component---NewPartner--externalCustomerComboBox-application-managepartners-display-component---NewPartner--assignmentsTable-0-vhi"}]}
COMMAND: GET /session/eb46200be743186ea26e5ac661c9a518/screenshot - {}
RESULT: {"script":"<script> [1562 bytes]","args":[{"selector":{"id":"application-managepartners-display-component---NewPartner--externalCustomerComboBox-application-managepartners-display-component---NewPartner--assignmentsTable-0-vhi"},"wdio_ui5_key":"applicationmanagepartners-display-component---NewPartner--externalCustomerComboBox-application-managepartners-display-component---NewPartner--assignmentsTable-0-vhi"}]}
RESULT: undefined
COMMAND: POST /session/eb46200be743186ea26e5ac661c9a518/element - {"using":"xpath","value":"//*[@id=\"application-managepartners-display-component---NewPartner--externalCustomerComboBox-application-managepartners-display-component---NewPartner--assignmentsTable-0-vhi\"]"}
RESULT: {}
RESULT: {"using":"xpath","value":"//*[@id=\"application-managepartners-display-component---NewPartner--externalCustomerComboBox-application-managepartners-display-component---NewPartner--assignmentsTable-0-vhi\"]"}
COMMAND: POST /session/eb46200be743186ea26e5ac661c9a518/element/f.E118EE213315F22AD902502108153141.d.E3D6D59972BF9D1C897FFCCBA55DBB17.e.1571/click - {}
RESULT: {}
RESULT: undefined
COMMAND: POST /session/eb46200be743186ea26e5ac661c9a518/execute/async - {"script":"<script> [776 bytes]","args":[{"enterText":"300003","selector":{"controlType":"sap.m.SearchField","properties":{"placeholder":"Search"},"searchOpenDialogs":true,"interaction":{"idSuffix":"I"}},"clearTextFirst":true,"interactionType":"ENTER_TEXT"}]}
COMMAND: GET /session/eb46200be743186ea26e5ac661c9a518/screenshot - {}
RESULT: {"script":"<script> [776 bytes]","args":[{"enterText":"300003","selector":{"controlType":"sap.m.SearchField","properties":{"placeholder":"Search"},"searchOpenDialogs":true,"interaction":{"idSuffix":"I"}},"clearTextFirst":true,"interactionType":"ENTER_TEXT"}]}
COMMAND: POST /session/eb46200be743186ea26e5ac661c9a518/actions - {"actions":[{"id":"action4","type":"key","parameters":{},"actions":[{"type":"keyDown","value":""},{"type":"pause","duration":10},{"type":"keyUp","value":""}]}]}
RESULT: {}
RESULT: {"actions":[{"id":"action4","type":"key","parameters":{},"actions":[{"type":"keyDown","value":""},{"type":"pause","duration":10},{"type":"keyUp","value":""}]}]}
COMMAND: GET /session/eb46200be743186ea26e5ac661c9a518/screenshot - {}
RESULT: {}
COMMAND: POST /session/eb46200be743186ea26e5ac661c9a518/element - {"using":"xpath","value":"//span[contains(text(), \"300003\")]"}
RESULT: {"using":"xpath","value":"//span[contains(text(), \"300003\")]"}
COMMAND: POST /session/eb46200be743186ea26e5ac661c9a518/element/f.E118EE213315F22AD902502108153141.d.E3D6D59972BF9D1C897FFCCBA55DBB17.e.1590/click - {}
RESULT: {}
COMMAND: GET /session/eb46200be743186ea26e5ac661c9a518/screenshot - {}
RESULT: {}
COMMAND: POST /session/eb46200be743186ea26e5ac661c9a518/element - {"using":"xpath","value":"//bdi[contains(text(), \"OK\")]"}
RESULT: {"using":"xpath","value":"//bdi[contains(text(), \"OK\")]"}
COMMAND: POST /session/eb46200be743186ea26e5ac661c9a518/element/f.E118EE213315F22AD902502108153141.d.E3D6D59972BF9D1C897FFCCBA55DBB17.e.1592/click - {}
RESULT: {}
COMMAND: GET /session/eb46200be743186ea26e5ac661c9a518/screenshot - {}
RESULT: {}
COMMAND: POST /session/eb46200be743186ea26e5ac661c9a518/execute/async - {"script":"<script> [1562 bytes]","args":[{"selector":{"id":"application-managepartners-display-component---NewPartner--intercompVendorComboBox-application-managepartners-display-component---NewPartner--assignmentsTable-0-vhi"},"wdio_ui5_key":"applicationmanagepartners-display-component---NewPartner--intercompVendorComboBox-application-managepartners-display-component---NewPartner--assignmentsTable-0-vhi"}]}
RESULT: {"script":"<script> [1562 bytes]","args":[{"selector":{"id":"application-managepartners-display-component---NewPartner--intercompVendorComboBox-application-managepartners-display-component---NewPartner--assignmentsTable-0-vhi"},"wdio_ui5_key":"applicationmanagepartners-display-component---NewPartner--intercompVendorComboBox-application-managepartners-display-component---NewPartner--assignmentsTable-0-vhi"}]}
RESULT: undefined
COMMAND: POST /session/eb46200be743186ea26e5ac661c9a518/element - {"using":"xpath","value":"//*[@id=\"application-managepartners-display-component---NewPartner--intercompVendorComboBox-application-managepartners-display-component---NewPartner--assignmentsTable-0-vhi\"]"}
RESULT: {"using":"xpath","value":"//*[@id=\"application-managepartners-display-component---NewPartner--intercompVendorComboBox-application-managepartners-display-component---NewPartner--assignmentsTable-0-vhi\"]"}
COMMAND: POST /session/eb46200be743186ea26e5ac661c9a518/element/f.E118EE213315F22AD902502108153141.d.E3D6D59972BF9D1C897FFCCBA55DBB17.e.1595/click - {}
RESULT: {}
RESULT: undefined
COMMAND: POST /session/eb46200be743186ea26e5ac661c9a518/execute/async - {"script":"<script> [776 bytes]","args":[{"enterText":"100005","selector":{"controlType":"sap.m.SearchField","properties":{"placeholder":"Search"},"searchOpenDialogs":true,"interaction":{"idSuffix":"I"}},"clearTextFirst":true,"interactionType":"ENTER_TEXT"}]}
COMMAND: GET /session/eb46200be743186ea26e5ac661c9a518/screenshot - {}
RESULT: {"script":"<script> [776 bytes]","args":[{"enterText":"100005","selector":{"controlType":"sap.m.SearchField","properties":{"placeholder":"Search"},"searchOpenDialogs":true,"interaction":{"idSuffix":"I"}},"clearTextFirst":true,"interactionType":"ENTER_TEXT"}]}
COMMAND: POST /session/eb46200be743186ea26e5ac661c9a518/actions - {"actions":[{"id":"action5","type":"key","parameters":{},"actions":[{"type":"keyDown","value":""},{"type":"pause","duration":10},{"type":"keyUp","value":""}]}]}
RESULT: {}
RESULT: {"actions":[{"id":"action5","type":"key","parameters":{},"actions":[{"type":"keyDown","value":""},{"type":"pause","duration":10},{"type":"keyUp","value":""}]}]}
COMMAND: GET /session/eb46200be743186ea26e5ac661c9a518/screenshot - {}
RESULT: {}
COMMAND: POST /session/eb46200be743186ea26e5ac661c9a518/element - {"using":"xpath","value":"//span[contains(text(), \"Penguins - Field/12345 Berlin\")]"}
RESULT: {"using":"xpath","value":"//span[contains(text(), \"Penguins - Field/12345 Berlin\")]"}
COMMAND: POST /session/eb46200be743186ea26e5ac661c9a518/element/f.E118EE213315F22AD902502108153141.d.E3D6D59972BF9D1C897FFCCBA55DBB17.e.1613/click - {}
RESULT: {}
COMMAND: GET /session/eb46200be743186ea26e5ac661c9a518/screenshot - {}
RESULT: {}
COMMAND: POST /session/eb46200be743186ea26e5ac661c9a518/element - {"using":"xpath","value":"//bdi[contains(text(), \"OK\")]"}
RESULT: {"using":"xpath","value":"//bdi[contains(text(), \"OK\")]"}
COMMAND: POST /session/eb46200be743186ea26e5ac661c9a518/element/f.E118EE213315F22AD902502108153141.d.E3D6D59972BF9D1C897FFCCBA55DBB17.e.1614/click - {}
RESULT: {}
COMMAND: GET /session/eb46200be743186ea26e5ac661c9a518/screenshot - {}
RESULT: {}
COMMAND: POST /session/eb46200be743186ea26e5ac661c9a518/element - {"using":"xpath","value":"//button[@data-kt=\"saveButton\"]"}
RESULT: {"using":"xpath","value":"//button[@data-kt=\"saveButton\"]"}
COMMAND: POST /session/eb46200be743186ea26e5ac661c9a518/element/f.E118EE213315F22AD902502108153141.d.E3D6D59972BF9D1C897FFCCBA55DBB17.e.1448/click - {}
RESULT: {}
COMMAND: GET /session/eb46200be743186ea26e5ac661c9a518/screenshot - {}
RESULT: {}
COMMAND: POST /session/eb46200be743186ea26e5ac661c9a518/element - {"using":"xpath","value":"//header[contains(@id, 'ObjectPageLayout-headerTitle')]/div[1]/div[2]/div[2]/span[1]"}
RESULT: {"using":"xpath","value":"//header[contains(@id, 'ObjectPageLayout-headerTitle')]/div[1]/div[2]/div[2]/span[1]"}
COMMAND: POST /session/eb46200be743186ea26e5ac661c9a518/elements - {"using":"xpath","value":"//header[contains(@id, 'ObjectPageLayout-headerTitle')]/div[1]/div[2]/div[2]/span[1]"}
RESULT: {"using":"xpath","value":"//header[contains(@id, 'ObjectPageLayout-headerTitle')]/div[1]/div[2]/div[2]/span[1]"}
COMMAND: POST /session/eb46200be743186ea26e5ac661c9a518/execute/sync - {"script":"<script> [56 bytes]","args":[{"element-6066-11e4-a52e-4f735466cecf":"f.E118EE213315F22AD902502108153141.d.E3D6D59972BF9D1C897FFCCBA55DBB17.e.1779","ELEMENT":"f.E118EE213315F22AD902502108153141.d.E3D6D59972BF9D1C897FFCCBA55DBB17.e.1779"}]}
RESULT: {"script":"<script> [56 bytes]","args":[{"element-6066-11e4-a52e-4f735466cecf":"f.E118EE213315F22AD902502108153141.d.E3D6D59972BF9D1C897FFCCBA55DBB17.e.1779","ELEMENT":"f.E118EE213315F22AD902502108153141.d.E3D6D59972BF9D1C897FFCCBA55DBB17.e.1779"}]}
COMMAND: POST /session/eb46200be743186ea26e5ac661c9a518/element - {"using":"css selector","value":"#shell-header-logo"}
COMMAND: GET /session/eb46200be743186ea26e5ac661c9a518/screenshot - {}
RESULT: {"using":"css selector","value":"#shell-header-logo"}
COMMAND: POST /session/eb46200be743186ea26e5ac661c9a518/element/f.E118EE213315F22AD902502108153141.d.E3D6D59972BF9D1C897FFCCBA55DBB17.e.999/click - {}
RESULT: {}
RESULT: {}
COMMAND: GET /session/eb46200be743186ea26e5ac661c9a518/screenshot - {}
RESULT: {}
COMMAND: POST /session/eb46200be743186ea26e5ac661c9a518/execute/sync - {"script":"<script> [299 bytes]","args":[["getModel","getResource"]]}
RESULT: {"script":"<script> [299 bytes]","args":[["getModel","getResource"]]}
COMMAND: GET /session/eb46200be743186ea26e5ac661c9a518/screenshot - {}
]]></system-out>
    </testcase>
    <testcase classname="chrome.136_0_7103_93.windows.Tests_for_Mass_State_Change_on_Manage_States_&amp;_Performances_US104416_US" name="Prereq Should create a new site" time="164.654">
      <system-out><![CDATA[
COMMAND: POST /session/eb46200be743186ea26e5ac661c9a518/execute/async - {"script":"<script> [1562 bytes]","args":[{"selector":{"controlType":"sap.m.GenericTile","properties":{"header":"Manage Sites"}},"wdio_ui5_key":"sapm.GenericTile{\"header\":\"Manage Sites\"}"}]}
RESULT: {}
RESULT: {"script":"<script> [1562 bytes]","args":[{"selector":{"controlType":"sap.m.GenericTile","properties":{"header":"Manage Sites"}},"wdio_ui5_key":"sapm.GenericTile{\"header\":\"Manage Sites\"}"}]}
RESULT: undefined
COMMAND: POST /session/eb46200be743186ea26e5ac661c9a518/element - {"using":"xpath","value":"//*[@id=\"__tile40\"]"}
RESULT: {"using":"xpath","value":"//*[@id=\"__tile40\"]"}
COMMAND: POST /session/eb46200be743186ea26e5ac661c9a518/element/f.E118EE213315F22AD902502108153141.d.E3D6D59972BF9D1C897FFCCBA55DBB17.e.158/click - {}
RESULT: {}
COMMAND: GET /session/eb46200be743186ea26e5ac661c9a518/screenshot - {}
RESULT: {}
COMMAND: POST /session/eb46200be743186ea26e5ac661c9a518/elements - {"using":"xpath","value":"//span[text()='Error']"}
RESULT: {"using":"xpath","value":"//span[text()='Error']"}
COMMAND: POST /session/eb46200be743186ea26e5ac661c9a518/element - {"using":"xpath","value":"//button[@data-kt=\"addOverflowToolbarButton\"]"}
RESULT: {"using":"xpath","value":"//button[@data-kt=\"addOverflowToolbarButton\"]"}
COMMAND: POST /session/eb46200be743186ea26e5ac661c9a518/elements - {"using":"xpath","value":"//button[@data-kt=\"addOverflowToolbarButton\"]"}
RESULT: {"using":"xpath","value":"//button[@data-kt=\"addOverflowToolbarButton\"]"}
COMMAND: POST /session/eb46200be743186ea26e5ac661c9a518/execute/sync - {"script":"<script> [8489 bytes]","args":[{"element-6066-11e4-a52e-4f735466cecf":"f.E118EE213315F22AD902502108153141.d.E3D6D59972BF9D1C897FFCCBA55DBB17.e.1826","ELEMENT":"f.E118EE213315F22AD902502108153141.d.E3D6D59972BF9D1C897FFCCBA55DBB17.e.1826"}]}
RESULT: {"script":"<script> [8489 bytes]","args":[{"element-6066-11e4-a52e-4f735466cecf":"f.E118EE213315F22AD902502108153141.d.E3D6D59972BF9D1C897FFCCBA55DBB17.e.1826","ELEMENT":"f.E118EE213315F22AD902502108153141.d.E3D6D59972BF9D1C897FFCCBA55DBB17.e.1826"}]}
COMMAND: GET /session/eb46200be743186ea26e5ac661c9a518/element/f.E118EE213315F22AD902502108153141.d.E3D6D59972BF9D1C897FFCCBA55DBB17.e.1826/enabled - {}
COMMAND: GET /session/eb46200be743186ea26e5ac661c9a518/screenshot - {}
RESULT: {}
COMMAND: POST /session/eb46200be743186ea26e5ac661c9a518/execute/sync - {"script":"<script> [8489 bytes]","args":[{"element-6066-11e4-a52e-4f735466cecf":"f.E118EE213315F22AD902502108153141.d.E3D6D59972BF9D1C897FFCCBA55DBB17.e.1826","ELEMENT":"f.E118EE213315F22AD902502108153141.d.E3D6D59972BF9D1C897FFCCBA55DBB17.e.1826"}]}
COMMAND: GET /session/eb46200be743186ea26e5ac661c9a518/screenshot - {}
RESULT: {}
RESULT: {"script":"<script> [8489 bytes]","args":[{"element-6066-11e4-a52e-4f735466cecf":"f.E118EE213315F22AD902502108153141.d.E3D6D59972BF9D1C897FFCCBA55DBB17.e.1826","ELEMENT":"f.E118EE213315F22AD902502108153141.d.E3D6D59972BF9D1C897FFCCBA55DBB17.e.1826"}]}
COMMAND: POST /session/eb46200be743186ea26e5ac661c9a518/execute/sync - {"script":"<script> [5351 bytes]","args":[{"element-6066-11e4-a52e-4f735466cecf":"f.E118EE213315F22AD902502108153141.d.E3D6D59972BF9D1C897FFCCBA55DBB17.e.1826","ELEMENT":"f.E118EE213315F22AD902502108153141.d.E3D6D59972BF9D1C897FFCCBA55DBB17.e.1826"}]}
COMMAND: GET /session/eb46200be743186ea26e5ac661c9a518/screenshot - {}
RESULT: {}
RESULT: {"script":"<script> [5351 bytes]","args":[{"element-6066-11e4-a52e-4f735466cecf":"f.E118EE213315F22AD902502108153141.d.E3D6D59972BF9D1C897FFCCBA55DBB17.e.1826","ELEMENT":"f.E118EE213315F22AD902502108153141.d.E3D6D59972BF9D1C897FFCCBA55DBB17.e.1826"}]}
COMMAND: POST /session/eb46200be743186ea26e5ac661c9a518/element/f.E118EE213315F22AD902502108153141.d.E3D6D59972BF9D1C897FFCCBA55DBB17.e.1826/click - {}
COMMAND: GET /session/eb46200be743186ea26e5ac661c9a518/screenshot - {}
RESULT: {}
RESULT: {}
COMMAND: GET /session/eb46200be743186ea26e5ac661c9a518/screenshot - {}
RESULT: {}
RESULT: {}
COMMAND: POST /session/eb46200be743186ea26e5ac661c9a518/element - {"using":"xpath","value":"//input[@id=\"application-managesites-display-component---NewSite--siteId-inner\"]"}
RESULT: {"using":"xpath","value":"//input[@id=\"application-managesites-display-component---NewSite--siteId-inner\"]"}
COMMAND: POST /session/eb46200be743186ea26e5ac661c9a518/element - {"using":"xpath","value":"//input[@id=\"application-managesites-display-component---NewSite--siteId-inner\"]"}
RESULT: {"using":"xpath","value":"//input[@id=\"application-managesites-display-component---NewSite--siteId-inner\"]"}
COMMAND: POST /session/eb46200be743186ea26e5ac661c9a518/execute/async - {"script":"<script> [1562 bytes]","args":[{"selector":{"id":"application-managesites-display-component---NewSite--addressDetailDetailsName1","interaction":{"idSuffix":"inner"}},"wdio_ui5_key":"applicationmanagesites-display-component---NewSite--addressDetailDetailsName1"}]}
RESULT: {"script":"<script> [1562 bytes]","args":[{"selector":{"id":"application-managesites-display-component---NewSite--addressDetailDetailsName1","interaction":{"idSuffix":"inner"}},"wdio_ui5_key":"applicationmanagesites-display-component---NewSite--addressDetailDetailsName1"}]}
RESULT: undefined
COMMAND: POST /session/eb46200be743186ea26e5ac661c9a518/execute/async - {"script":"<script> [776 bytes]","args":[{"enterText":"Intracompany Site wdIO","selector":{"id":"application-managesites-display-component---NewSite--addressDetailDetailsName1","interaction":{"idSuffix":"inner"}},"clearTextFirst":true,"interactionType":"ENTER_TEXT"}]}
RESULT: {"script":"<script> [776 bytes]","args":[{"enterText":"Intracompany Site wdIO","selector":{"id":"application-managesites-display-component---NewSite--addressDetailDetailsName1","interaction":{"idSuffix":"inner"}},"clearTextFirst":true,"interactionType":"ENTER_TEXT"}]}
COMMAND: POST /session/eb46200be743186ea26e5ac661c9a518/execute/async - {"script":"<script> [1562 bytes]","args":[{"selector":{"id":"application-managesites-display-component---NewSite--addressDetailDetailsLanguage-arrow"},"wdio_ui5_key":"applicationmanagesites-display-component---NewSite--addressDetailDetailsLanguage-arrow"}]}
RESULT: {"script":"<script> [1562 bytes]","args":[{"selector":{"id":"application-managesites-display-component---NewSite--addressDetailDetailsLanguage-arrow"},"wdio_ui5_key":"applicationmanagesites-display-component---NewSite--addressDetailDetailsLanguage-arrow"}]}
RESULT: undefined
COMMAND: POST /session/eb46200be743186ea26e5ac661c9a518/element - {"using":"xpath","value":"//*[@id=\"application-managesites-display-component---NewSite--addressDetailDetailsLanguage-arrow\"]"}
RESULT: {"using":"xpath","value":"//*[@id=\"application-managesites-display-component---NewSite--addressDetailDetailsLanguage-arrow\"]"}
COMMAND: POST /session/eb46200be743186ea26e5ac661c9a518/element/f.E118EE213315F22AD902502108153141.d.E3D6D59972BF9D1C897FFCCBA55DBB17.e.2228/click - {}
RESULT: {}
COMMAND: POST /session/eb46200be743186ea26e5ac661c9a518/element - {"using":"xpath","value":"//span[contains(text(), \"English\")]"}
COMMAND: GET /session/eb46200be743186ea26e5ac661c9a518/screenshot - {}
RESULT: {"using":"xpath","value":"//span[contains(text(), \"English\")]"}
COMMAND: POST /session/eb46200be743186ea26e5ac661c9a518/element/f.E118EE213315F22AD902502108153141.d.E3D6D59972BF9D1C897FFCCBA55DBB17.e.2229/click - {}
RESULT: {}
RESULT: {}
COMMAND: POST /session/eb46200be743186ea26e5ac661c9a518/execute/async - {"script":"<script> [1562 bytes]","args":[{"selector":{"id":"application-managesites-display-component---NewSite--addressDetailDetailsCity1","interaction":{"idSuffix":"inner"}},"wdio_ui5_key":"applicationmanagesites-display-component---NewSite--addressDetailDetailsCity1"}]}
COMMAND: GET /session/eb46200be743186ea26e5ac661c9a518/screenshot - {}
RESULT: {"script":"<script> [1562 bytes]","args":[{"selector":{"id":"application-managesites-display-component---NewSite--addressDetailDetailsCity1","interaction":{"idSuffix":"inner"}},"wdio_ui5_key":"applicationmanagesites-display-component---NewSite--addressDetailDetailsCity1"}]}
RESULT: undefined
COMMAND: POST /session/eb46200be743186ea26e5ac661c9a518/execute/async - {"script":"<script> [776 bytes]","args":[{"enterText":"Rosario","selector":{"id":"application-managesites-display-component---NewSite--addressDetailDetailsCity1","interaction":{"idSuffix":"inner"}},"clearTextFirst":true,"interactionType":"ENTER_TEXT"}]}
RESULT: {}
RESULT: {"script":"<script> [776 bytes]","args":[{"enterText":"Rosario","selector":{"id":"application-managesites-display-component---NewSite--addressDetailDetailsCity1","interaction":{"idSuffix":"inner"}},"clearTextFirst":true,"interactionType":"ENTER_TEXT"}]}
COMMAND: POST /session/eb46200be743186ea26e5ac661c9a518/execute/async - {"script":"<script> [1562 bytes]","args":[{"selector":{"id":"application-managesites-display-component---NewSite--addressDetailDetailsCountry-arrow"},"wdio_ui5_key":"applicationmanagesites-display-component---NewSite--addressDetailDetailsCountry-arrow"}]}
RESULT: {"script":"<script> [1562 bytes]","args":[{"selector":{"id":"application-managesites-display-component---NewSite--addressDetailDetailsCountry-arrow"},"wdio_ui5_key":"applicationmanagesites-display-component---NewSite--addressDetailDetailsCountry-arrow"}]}
RESULT: undefined
COMMAND: POST /session/eb46200be743186ea26e5ac661c9a518/element - {"using":"xpath","value":"//*[@id=\"application-managesites-display-component---NewSite--addressDetailDetailsCountry-arrow\"]"}
RESULT: {"using":"xpath","value":"//*[@id=\"application-managesites-display-component---NewSite--addressDetailDetailsCountry-arrow\"]"}
COMMAND: POST /session/eb46200be743186ea26e5ac661c9a518/element/f.E118EE213315F22AD902502108153141.d.E3D6D59972BF9D1C897FFCCBA55DBB17.e.2231/click - {}
RESULT: {}
COMMAND: POST /session/eb46200be743186ea26e5ac661c9a518/element - {"using":"xpath","value":"//span[contains(text(), \"Argentina\")]"}
COMMAND: GET /session/eb46200be743186ea26e5ac661c9a518/screenshot - {}
RESULT: {"using":"xpath","value":"//span[contains(text(), \"Argentina\")]"}
COMMAND: POST /session/eb46200be743186ea26e5ac661c9a518/element/f.E118EE213315F22AD902502108153141.d.E3D6D59972BF9D1C897FFCCBA55DBB17.e.2233/click - {}
RESULT: {}
RESULT: {}
COMMAND: GET /session/eb46200be743186ea26e5ac661c9a518/screenshot - {}
RESULT: {}
COMMAND: POST /session/eb46200be743186ea26e5ac661c9a518/execute/async - {"script":"<script> [1562 bytes]","args":[{"selector":{"id":"application-managesites-display-component---NewSite--addressEditDetailsCostObjectCstType-arrow"},"wdio_ui5_key":"applicationmanagesites-display-component---NewSite--addressEditDetailsCostObjectCstType-arrow"}]}
RESULT: {"script":"<script> [1562 bytes]","args":[{"selector":{"id":"application-managesites-display-component---NewSite--addressEditDetailsCostObjectCstType-arrow"},"wdio_ui5_key":"applicationmanagesites-display-component---NewSite--addressEditDetailsCostObjectCstType-arrow"}]}
RESULT: undefined
COMMAND: POST /session/eb46200be743186ea26e5ac661c9a518/element - {"using":"xpath","value":"//*[@id=\"application-managesites-display-component---NewSite--addressEditDetailsCostObjectCstType-arrow\"]"}
RESULT: {"using":"xpath","value":"//*[@id=\"application-managesites-display-component---NewSite--addressEditDetailsCostObjectCstType-arrow\"]"}
COMMAND: POST /session/eb46200be743186ea26e5ac661c9a518/element/f.E118EE213315F22AD902502108153141.d.E3D6D59972BF9D1C897FFCCBA55DBB17.e.2234/click - {}
RESULT: {}
COMMAND: POST /session/eb46200be743186ea26e5ac661c9a518/element - {"using":"xpath","value":"//span[contains(text(), \"Cost Center\")]"}
COMMAND: GET /session/eb46200be743186ea26e5ac661c9a518/screenshot - {}
RESULT: {"using":"xpath","value":"//span[contains(text(), \"Cost Center\")]"}
COMMAND: POST /session/eb46200be743186ea26e5ac661c9a518/element/f.E118EE213315F22AD902502108153141.d.E3D6D59972BF9D1C897FFCCBA55DBB17.e.2235/click - {}
RESULT: {}
RESULT: {}
COMMAND: GET /session/eb46200be743186ea26e5ac661c9a518/screenshot - {}
RESULT: {}
COMMAND: POST /session/eb46200be743186ea26e5ac661c9a518/element - {"using":"xpath","value":"//span[@id=\"application-managesites-display-component---NewSite--addressNewCostObjectCstID-vhi\"]"}
RESULT: {"using":"xpath","value":"//span[@id=\"application-managesites-display-component---NewSite--addressNewCostObjectCstID-vhi\"]"}
COMMAND: POST /session/eb46200be743186ea26e5ac661c9a518/execute/sync - {"script":"<script> [8489 bytes]","args":[{"element-6066-11e4-a52e-4f735466cecf":"f.E118EE213315F22AD902502108153141.d.E3D6D59972BF9D1C897FFCCBA55DBB17.e.2240","ELEMENT":"f.E118EE213315F22AD902502108153141.d.E3D6D59972BF9D1C897FFCCBA55DBB17.e.2240"}]}
RESULT: {"script":"<script> [8489 bytes]","args":[{"element-6066-11e4-a52e-4f735466cecf":"f.E118EE213315F22AD902502108153141.d.E3D6D59972BF9D1C897FFCCBA55DBB17.e.2240","ELEMENT":"f.E118EE213315F22AD902502108153141.d.E3D6D59972BF9D1C897FFCCBA55DBB17.e.2240"}]}
COMMAND: POST /session/eb46200be743186ea26e5ac661c9a518/execute/async - {"script":"<script> [1562 bytes]","args":[{"selector":{"id":"application-managesites-display-component---NewSite--addressNewCostObjectCstID-vhi"},"wdio_ui5_key":"applicationmanagesites-display-component---NewSite--addressNewCostObjectCstID-vhi"}]}
COMMAND: GET /session/eb46200be743186ea26e5ac661c9a518/screenshot - {}
RESULT: {"script":"<script> [1562 bytes]","args":[{"selector":{"id":"application-managesites-display-component---NewSite--addressNewCostObjectCstID-vhi"},"wdio_ui5_key":"applicationmanagesites-display-component---NewSite--addressNewCostObjectCstID-vhi"}]}
RESULT: undefined
COMMAND: POST /session/eb46200be743186ea26e5ac661c9a518/element - {"using":"xpath","value":"//*[@id=\"application-managesites-display-component---NewSite--addressNewCostObjectCstID-vhi\"]"}
RESULT: {}
RESULT: {"using":"xpath","value":"//*[@id=\"application-managesites-display-component---NewSite--addressNewCostObjectCstID-vhi\"]"}
COMMAND: POST /session/eb46200be743186ea26e5ac661c9a518/element/f.E118EE213315F22AD902502108153141.d.E3D6D59972BF9D1C897FFCCBA55DBB17.e.2240/click - {}
RESULT: {}
COMMAND: GET /session/eb46200be743186ea26e5ac661c9a518/screenshot - {}
RESULT: {}
RESULT: undefined
COMMAND: POST /session/eb46200be743186ea26e5ac661c9a518/execute/async - {"script":"<script> [776 bytes]","args":[{"enterText":"10001013","selector":{"controlType":"sap.m.SearchField","properties":{"placeholder":"Search"},"searchOpenDialogs":true,"interaction":{"idSuffix":"I"}},"clearTextFirst":true,"interactionType":"ENTER_TEXT"}]}
RESULT: {"script":"<script> [776 bytes]","args":[{"enterText":"10001013","selector":{"controlType":"sap.m.SearchField","properties":{"placeholder":"Search"},"searchOpenDialogs":true,"interaction":{"idSuffix":"I"}},"clearTextFirst":true,"interactionType":"ENTER_TEXT"}]}
COMMAND: POST /session/eb46200be743186ea26e5ac661c9a518/actions - {"actions":[{"id":"action6","type":"key","parameters":{},"actions":[{"type":"keyDown","value":""},{"type":"pause","duration":10},{"type":"keyUp","value":""}]}]}
RESULT: {"actions":[{"id":"action6","type":"key","parameters":{},"actions":[{"type":"keyDown","value":""},{"type":"pause","duration":10},{"type":"keyUp","value":""}]}]}
COMMAND: GET /session/eb46200be743186ea26e5ac661c9a518/screenshot - {}
RESULT: {}
COMMAND: POST /session/eb46200be743186ea26e5ac661c9a518/element - {"using":"xpath","value":"//span[contains(text(), \"General Management\")]"}
RESULT: {"using":"xpath","value":"//span[contains(text(), \"General Management\")]"}
COMMAND: POST /session/eb46200be743186ea26e5ac661c9a518/element/f.E118EE213315F22AD902502108153141.d.E3D6D59972BF9D1C897FFCCBA55DBB17.e.2278/click - {}
RESULT: {}
COMMAND: GET /session/eb46200be743186ea26e5ac661c9a518/screenshot - {}
RESULT: {}
COMMAND: POST /session/eb46200be743186ea26e5ac661c9a518/element - {"using":"xpath","value":"//bdi[contains(text(), \"OK\")]"}
RESULT: {"using":"xpath","value":"//bdi[contains(text(), \"OK\")]"}
COMMAND: POST /session/eb46200be743186ea26e5ac661c9a518/element/f.E118EE213315F22AD902502108153141.d.E3D6D59972BF9D1C897FFCCBA55DBB17.e.2279/click - {}
RESULT: {}
COMMAND: GET /session/eb46200be743186ea26e5ac661c9a518/screenshot - {}
RESULT: {}
COMMAND: POST /session/eb46200be743186ea26e5ac661c9a518/element - {"using":"xpath","value":"//input[@id=\"application-managesites-display-component---NewSite--addressDetailDetailsCalendar-inner\"]"}
RESULT: {"using":"xpath","value":"//input[@id=\"application-managesites-display-component---NewSite--addressDetailDetailsCalendar-inner\"]"}
COMMAND: POST /session/eb46200be743186ea26e5ac661c9a518/element/f.E118EE213315F22AD902502108153141.d.E3D6D59972BF9D1C897FFCCBA55DBB17.e.2057/clear - {}
RESULT: {}
COMMAND: POST /session/eb46200be743186ea26e5ac661c9a518/element/f.E118EE213315F22AD902502108153141.d.E3D6D59972BF9D1C897FFCCBA55DBB17.e.2057/value - {"text":"Unit"}
COMMAND: GET /session/eb46200be743186ea26e5ac661c9a518/screenshot - {}
RESULT: {"text":"Unit"}
COMMAND: GET /session/eb46200be743186ea26e5ac661c9a518/screenshot - {}
RESULT: {}
RESULT: {}
COMMAND: POST /session/eb46200be743186ea26e5ac661c9a518/actions - {"actions":[{"id":"action7","type":"key","parameters":{},"actions":[{"type":"keyDown","value":""},{"type":"pause","duration":10},{"type":"keyUp","value":""}]}]}
RESULT: {"actions":[{"id":"action7","type":"key","parameters":{},"actions":[{"type":"keyDown","value":""},{"type":"pause","duration":10},{"type":"keyUp","value":""}]}]}
COMMAND: POST /session/eb46200be743186ea26e5ac661c9a518/element - {"using":"xpath","value":"//input[@id=\"application-managesites-display-component---NewSite--addressDetailDetailsYard-inner\"]"}
COMMAND: GET /session/eb46200be743186ea26e5ac661c9a518/screenshot - {}
RESULT: {"using":"xpath","value":"//input[@id=\"application-managesites-display-component---NewSite--addressDetailDetailsYard-inner\"]"}
COMMAND: POST /session/eb46200be743186ea26e5ac661c9a518/element/f.E118EE213315F22AD902502108153141.d.E3D6D59972BF9D1C897FFCCBA55DBB17.e.2058/clear - {}
RESULT: {}
RESULT: {}
COMMAND: POST /session/eb46200be743186ea26e5ac661c9a518/element/f.E118EE213315F22AD902502108153141.d.E3D6D59972BF9D1C897FFCCBA55DBB17.e.2058/value - {"text":"476"}
COMMAND: GET /session/eb46200be743186ea26e5ac661c9a518/screenshot - {}
RESULT: {"text":"476"}
COMMAND: GET /session/eb46200be743186ea26e5ac661c9a518/screenshot - {}
RESULT: {}
RESULT: {}
COMMAND: POST /session/eb46200be743186ea26e5ac661c9a518/element - {"using":"xpath","value":"//li[.//span[text()='476']]"}
RESULT: {"using":"xpath","value":"//li[.//span[text()='476']]"}
COMMAND: POST /session/eb46200be743186ea26e5ac661c9a518/element/f.E118EE213315F22AD902502108153141.d.E3D6D59972BF9D1C897FFCCBA55DBB17.e.2287/click - {}
RESULT: {}
COMMAND: GET /session/eb46200be743186ea26e5ac661c9a518/screenshot - {}
RESULT: {}
COMMAND: POST /session/eb46200be743186ea26e5ac661c9a518/element - {"using":"xpath","value":"//input[@id=\"application-managesites-display-component---NewSite--addressDetailDetailsPartner-inner\"]"}
RESULT: {"using":"xpath","value":"//input[@id=\"application-managesites-display-component---NewSite--addressDetailDetailsPartner-inner\"]"}
COMMAND: POST /session/eb46200be743186ea26e5ac661c9a518/element - {"using":"xpath","value":"//input[@id=\"application-managesites-display-component---NewSite--addressDetailDetailsPartner-inner\"]"}
RESULT: {"using":"xpath","value":"//input[@id=\"application-managesites-display-component---NewSite--addressDetailDetailsPartner-inner\"]"}
COMMAND: POST /session/eb46200be743186ea26e5ac661c9a518/element - {"using":"xpath","value":"//button[@data-kt=\"saveButton\"]"}
RESULT: {"using":"xpath","value":"//button[@data-kt=\"saveButton\"]"}
COMMAND: POST /session/eb46200be743186ea26e5ac661c9a518/element/f.E118EE213315F22AD902502108153141.d.E3D6D59972BF9D1C897FFCCBA55DBB17.e.2222/click - {}
RESULT: {}
COMMAND: GET /session/eb46200be743186ea26e5ac661c9a518/screenshot - {}
RESULT: {}
COMMAND: POST /session/eb46200be743186ea26e5ac661c9a518/element - {"using":"xpath","value":"//header[contains(@id, 'ObjectPageLayout-headerTitle')]/div[1]/div[2]/div[2]/span[1]"}
RESULT: {"using":"xpath","value":"//header[contains(@id, 'ObjectPageLayout-headerTitle')]/div[1]/div[2]/div[2]/span[1]"}
COMMAND: POST /session/eb46200be743186ea26e5ac661c9a518/elements - {"using":"xpath","value":"//header[contains(@id, 'ObjectPageLayout-headerTitle')]/div[1]/div[2]/div[2]/span[1]"}
RESULT: {"using":"xpath","value":"//header[contains(@id, 'ObjectPageLayout-headerTitle')]/div[1]/div[2]/div[2]/span[1]"}
COMMAND: POST /session/eb46200be743186ea26e5ac661c9a518/execute/sync - {"script":"<script> [56 bytes]","args":[{"element-6066-11e4-a52e-4f735466cecf":"f.E118EE213315F22AD902502108153141.d.E3D6D59972BF9D1C897FFCCBA55DBB17.e.2488","ELEMENT":"f.E118EE213315F22AD902502108153141.d.E3D6D59972BF9D1C897FFCCBA55DBB17.e.2488"}]}
RESULT: {"script":"<script> [56 bytes]","args":[{"element-6066-11e4-a52e-4f735466cecf":"f.E118EE213315F22AD902502108153141.d.E3D6D59972BF9D1C897FFCCBA55DBB17.e.2488","ELEMENT":"f.E118EE213315F22AD902502108153141.d.E3D6D59972BF9D1C897FFCCBA55DBB17.e.2488"}]}
COMMAND: POST /session/eb46200be743186ea26e5ac661c9a518/element - {"using":"css selector","value":"#shell-header-logo"}
COMMAND: GET /session/eb46200be743186ea26e5ac661c9a518/screenshot - {}
RESULT: {"using":"css selector","value":"#shell-header-logo"}
COMMAND: POST /session/eb46200be743186ea26e5ac661c9a518/element/f.E118EE213315F22AD902502108153141.d.E3D6D59972BF9D1C897FFCCBA55DBB17.e.1784/click - {}
RESULT: {}
RESULT: {}
COMMAND: GET /session/eb46200be743186ea26e5ac661c9a518/screenshot - {}
RESULT: {}
COMMAND: POST /session/eb46200be743186ea26e5ac661c9a518/execute/sync - {"script":"<script> [299 bytes]","args":[["getModel","getResource"]]}
RESULT: {"script":"<script> [299 bytes]","args":[["getModel","getResource"]]}
COMMAND: POST /session/eb46200be743186ea26e5ac661c9a518/actions - {"actions":[{"id":"action8","type":"key","parameters":{},"actions":[{"type":"keyDown","value":""},{"type":"pause","duration":10},{"type":"keyUp","value":""}]}]}
COMMAND: GET /session/eb46200be743186ea26e5ac661c9a518/screenshot - {}
RESULT: {"actions":[{"id":"action8","type":"key","parameters":{},"actions":[{"type":"keyDown","value":""},{"type":"pause","duration":10},{"type":"keyUp","value":""}]}]}
COMMAND: GET /session/eb46200be743186ea26e5ac661c9a518/screenshot - {}
RESULT: {}
RESULT: {}
COMMAND: POST /session/eb46200be743186ea26e5ac661c9a518/refresh - {}
RESULT: {}
COMMAND: GET /session/eb46200be743186ea26e5ac661c9a518/screenshot - {}
RESULT: {}
COMMAND: POST /session/eb46200be743186ea26e5ac661c9a518/refresh - {}
RESULT: {}
COMMAND: GET /session/eb46200be743186ea26e5ac661c9a518/screenshot - {}
RESULT: {}
COMMAND: POST /session/eb46200be743186ea26e5ac661c9a518/window/fullscreen - {}
RESULT: {}
COMMAND: POST /session/eb46200be743186ea26e5ac661c9a518/execute/async - {"script":"<script> [189 bytes]","args":[]}
RESULT: {"script":"<script> [189 bytes]","args":[]}
COMMAND: POST /session/eb46200be743186ea26e5ac661c9a518/execute/async - {"script":"<script> [123 bytes]","args":[]}
RESULT: {"script":"<script> [123 bytes]","args":[]}
COMMAND: POST /session/eb46200be743186ea26e5ac661c9a518/timeouts - {"script":"<number>"}
RESULT: {"script":"<number>"}
COMMAND: GET /session/eb46200be743186ea26e5ac661c9a518/timeouts - {}
RESULT: {}
RESULT: undefined
COMMAND: POST /session/eb46200be743186ea26e5ac661c9a518/execute/async - {"script":"<script> [2676 bytes]","args":[]}
RESULT: {"script":"<script> [2676 bytes]","args":[]}
COMMAND: POST /session/eb46200be743186ea26e5ac661c9a518/execute/async - {"script":"<script> [2342 bytes]","args":[{"protocol":"http","hostname":"0.0.0.0","path":"/","capabilities":{"browserName":"chrome","goog:chromeOptions":{"binary":"C:\\Program Files\\Google\\Chrome\\Application\\chrome.exe","args":["--start-maximized"]}},"logLevel":"warn","connectionRetryTimeout":120000,"connectionRetryCount":3,"logLevels":{},"enableDirectConnect":true,"strictSSL":true,"_":"65 more keys: [\"cacheDir\",\"port\",\"requestedCapabilities\",\"automationProtocol\",\"baseUrl\",\"waitforInterval\",\"waitforTimeout\",\"onReload\",\"beforeCommand\",\"afterCommand\",\"rootDir\",\"specs\",\"suites\",\"exclude\",\"groupLogsByTestSpec\",\"excludeDriverLogs\",\"bail\",\"framework\",\"reporters\",\"services\",\"maxInstances\",\"maxInstancesPerCapability\",\"injectGlobals\",\"filesToWatch\",\"execArgv\",\"runnerEnv\",\"runner\",\"shard\",\"specFileRetries\",\"specFileRetriesDelay\",\"specFileRetriesDeferred\",\"reporterSyncInterval\",\"reporterSyncTimeout\",\"cucumberFeaturesWithLineNumbers\",\"autoCompileOpts\",\"mochaOpts\",\"jasmineOpts\",\"cucumberOpts\",\"onPrepare\",\"onWorkerStart\",\"onWorkerEnd\",\"before\",\"beforeSession\",\"beforeSuite\",\"beforeHook\",\"beforeTest\",\"afterTest\",\"afterHook\",\"afterSuite\",\"afterSession\",\"after\",\"onComplete\",\"beforeAssertion\",\"afterAssertion\",\"beforeFeature\",\"beforeScenario\",\"beforeStep\",\"afterStep\",\"afterScenario\",\"afterFeature\",\"_\",\"suite\",\"$0\",\"ignoredWorkerServices\",\"wdi5\"]"}]}
RESULT: {"script":"<script> [2342 bytes]","args":[{"protocol":"http","hostname":"0.0.0.0","path":"/","capabilities":{"browserName":"chrome","goog:chromeOptions":{"binary":"C:\\Program Files\\Google\\Chrome\\Application\\chrome.exe","args":["--start-maximized"]}},"logLevel":"warn","connectionRetryTimeout":120000,"connectionRetryCount":3,"logLevels":{},"enableDirectConnect":true,"strictSSL":true,"_":"65 more keys: [\"cacheDir\",\"port\",\"requestedCapabilities\",\"automationProtocol\",\"baseUrl\",\"waitforInterval\",\"waitforTimeout\",\"onReload\",\"beforeCommand\",\"afterCommand\",\"rootDir\",\"specs\",\"suites\",\"exclude\",\"groupLogsByTestSpec\",\"excludeDriverLogs\",\"bail\",\"framework\",\"reporters\",\"services\",\"maxInstances\",\"maxInstancesPerCapability\",\"injectGlobals\",\"filesToWatch\",\"execArgv\",\"runnerEnv\",\"runner\",\"shard\",\"specFileRetries\",\"specFileRetriesDelay\",\"specFileRetriesDeferred\",\"reporterSyncInterval\",\"reporterSyncTimeout\",\"cucumberFeaturesWithLineNumbers\",\"autoCompileOpts\",\"mochaOpts\",\"jasmineOpts\",\"cucumberOpts\",\"onPrepare\",\"onWorkerStart\",\"onWorkerEnd\",\"before\",\"beforeSession\",\"beforeSuite\",\"beforeHook\",\"beforeTest\",\"afterTest\",\"afterHook\",\"afterSuite\",\"afterSession\",\"after\",\"onComplete\",\"beforeAssertion\",\"afterAssertion\",\"beforeFeature\",\"beforeScenario\",\"beforeStep\",\"afterStep\",\"afterScenario\",\"afterFeature\",\"_\",\"suite\",\"$0\",\"ignoredWorkerServices\",\"wdi5\"]"}]}
COMMAND: POST /session/eb46200be743186ea26e5ac661c9a518/execute/async - {"script":"<script> [21126 bytes]","args":[35000]}
RESULT: {"script":"<script> [21126 bytes]","args":[35000]}
COMMAND: POST /session/eb46200be743186ea26e5ac661c9a518/window/fullscreen - {}
RESULT: {}
]]></system-out>
    </testcase>
    <testcase classname="chrome.136_0_7103_93.windows.Tests_for_Mass_State_Change_on_Manage_States_&amp;_Performances_US104416_US" name="Prereq Should create a new equipment multipart" time="140.054">
      <system-out><![CDATA[
COMMAND: POST /session/eb46200be743186ea26e5ac661c9a518/execute/async - {"script":"<script> [1562 bytes]","args":[{"selector":{"controlType":"sap.m.GenericTile","properties":{"header":"Manage Resources"}},"wdio_ui5_key":"sapm.GenericTile{\"header\":\"Manage Resources\"}"}]}
RESULT: {"script":"<script> [1562 bytes]","args":[{"selector":{"controlType":"sap.m.GenericTile","properties":{"header":"Manage Resources"}},"wdio_ui5_key":"sapm.GenericTile{\"header\":\"Manage Resources\"}"}]}
RESULT: undefined
COMMAND: POST /session/eb46200be743186ea26e5ac661c9a518/element - {"using":"xpath","value":"//*[@id=\"__tile31\"]"}
RESULT: {"using":"xpath","value":"//*[@id=\"__tile31\"]"}
COMMAND: POST /session/eb46200be743186ea26e5ac661c9a518/element/f.E118EE213315F22AD902502108153141.d.6BB32030AEEFA8057791DE8041C17720.e.2565/click - {}
RESULT: {}
COMMAND: GET /session/eb46200be743186ea26e5ac661c9a518/screenshot - {}
RESULT: {}
COMMAND: POST /session/eb46200be743186ea26e5ac661c9a518/elements - {"using":"xpath","value":"//span[text()='Error']"}
RESULT: {"using":"xpath","value":"//span[text()='Error']"}
COMMAND: POST /session/eb46200be743186ea26e5ac661c9a518/element - {"using":"xpath","value":"//button[@data-kt=\"addNewRUOverflowToolbarButton\"]"}
RESULT: {"using":"xpath","value":"//button[@data-kt=\"addNewRUOverflowToolbarButton\"]"}
COMMAND: POST /session/eb46200be743186ea26e5ac661c9a518/elements - {"using":"xpath","value":"//button[@data-kt=\"addNewRUOverflowToolbarButton\"]"}
RESULT: {"using":"xpath","value":"//button[@data-kt=\"addNewRUOverflowToolbarButton\"]"}
COMMAND: POST /session/eb46200be743186ea26e5ac661c9a518/elements - {"using":"xpath","value":"//button[@data-kt=\"addNewRUOverflowToolbarButton\"]"}
RESULT: {"using":"xpath","value":"//button[@data-kt=\"addNewRUOverflowToolbarButton\"]"}
COMMAND: POST /session/eb46200be743186ea26e5ac661c9a518/elements - {"using":"xpath","value":"//button[@data-kt=\"addNewRUOverflowToolbarButton\"]"}
RESULT: {"using":"xpath","value":"//button[@data-kt=\"addNewRUOverflowToolbarButton\"]"}
COMMAND: POST /session/eb46200be743186ea26e5ac661c9a518/elements - {"using":"xpath","value":"//button[@data-kt=\"addNewRUOverflowToolbarButton\"]"}
RESULT: {"using":"xpath","value":"//button[@data-kt=\"addNewRUOverflowToolbarButton\"]"}
COMMAND: POST /session/eb46200be743186ea26e5ac661c9a518/elements - {"using":"xpath","value":"//button[@data-kt=\"addNewRUOverflowToolbarButton\"]"}
RESULT: {"using":"xpath","value":"//button[@data-kt=\"addNewRUOverflowToolbarButton\"]"}
COMMAND: POST /session/eb46200be743186ea26e5ac661c9a518/elements - {"using":"xpath","value":"//button[@data-kt=\"addNewRUOverflowToolbarButton\"]"}
RESULT: {"using":"xpath","value":"//button[@data-kt=\"addNewRUOverflowToolbarButton\"]"}
COMMAND: POST /session/eb46200be743186ea26e5ac661c9a518/elements - {"using":"xpath","value":"//button[@data-kt=\"addNewRUOverflowToolbarButton\"]"}
RESULT: {"using":"xpath","value":"//button[@data-kt=\"addNewRUOverflowToolbarButton\"]"}
COMMAND: POST /session/eb46200be743186ea26e5ac661c9a518/element - {"using":"xpath","value":"//button[@data-kt=\"addNewRUOverflowToolbarButton\"]"}
RESULT: {"using":"xpath","value":"//button[@data-kt=\"addNewRUOverflowToolbarButton\"]"}
COMMAND: POST /session/eb46200be743186ea26e5ac661c9a518/execute/sync - {"script":"<script> [8489 bytes]","args":[{"element-6066-11e4-a52e-4f735466cecf":"f.E118EE213315F22AD902502108153141.d.6BB32030AEEFA8057791DE8041C17720.e.2672","ELEMENT":"f.E118EE213315F22AD902502108153141.d.6BB32030AEEFA8057791DE8041C17720.e.2672"}]}
RESULT: {"script":"<script> [8489 bytes]","args":[{"element-6066-11e4-a52e-4f735466cecf":"f.E118EE213315F22AD902502108153141.d.6BB32030AEEFA8057791DE8041C17720.e.2672","ELEMENT":"f.E118EE213315F22AD902502108153141.d.6BB32030AEEFA8057791DE8041C17720.e.2672"}]}
COMMAND: GET /session/eb46200be743186ea26e5ac661c9a518/element/f.E118EE213315F22AD902502108153141.d.6BB32030AEEFA8057791DE8041C17720.e.2672/enabled - {}
COMMAND: GET /session/eb46200be743186ea26e5ac661c9a518/screenshot - {}
RESULT: {}
COMMAND: POST /session/eb46200be743186ea26e5ac661c9a518/execute/sync - {"script":"<script> [8489 bytes]","args":[{"element-6066-11e4-a52e-4f735466cecf":"f.E118EE213315F22AD902502108153141.d.6BB32030AEEFA8057791DE8041C17720.e.2672","ELEMENT":"f.E118EE213315F22AD902502108153141.d.6BB32030AEEFA8057791DE8041C17720.e.2672"}]}
COMMAND: GET /session/eb46200be743186ea26e5ac661c9a518/screenshot - {}
RESULT: {}
RESULT: {"script":"<script> [8489 bytes]","args":[{"element-6066-11e4-a52e-4f735466cecf":"f.E118EE213315F22AD902502108153141.d.6BB32030AEEFA8057791DE8041C17720.e.2672","ELEMENT":"f.E118EE213315F22AD902502108153141.d.6BB32030AEEFA8057791DE8041C17720.e.2672"}]}
COMMAND: POST /session/eb46200be743186ea26e5ac661c9a518/execute/sync - {"script":"<script> [5351 bytes]","args":[{"element-6066-11e4-a52e-4f735466cecf":"f.E118EE213315F22AD902502108153141.d.6BB32030AEEFA8057791DE8041C17720.e.2672","ELEMENT":"f.E118EE213315F22AD902502108153141.d.6BB32030AEEFA8057791DE8041C17720.e.2672"}]}
COMMAND: GET /session/eb46200be743186ea26e5ac661c9a518/screenshot - {}
RESULT: {}
RESULT: {"script":"<script> [5351 bytes]","args":[{"element-6066-11e4-a52e-4f735466cecf":"f.E118EE213315F22AD902502108153141.d.6BB32030AEEFA8057791DE8041C17720.e.2672","ELEMENT":"f.E118EE213315F22AD902502108153141.d.6BB32030AEEFA8057791DE8041C17720.e.2672"}]}
COMMAND: POST /session/eb46200be743186ea26e5ac661c9a518/element/f.E118EE213315F22AD902502108153141.d.6BB32030AEEFA8057791DE8041C17720.e.2672/click - {}
COMMAND: GET /session/eb46200be743186ea26e5ac661c9a518/screenshot - {}
RESULT: {}
RESULT: {}
COMMAND: GET /session/eb46200be743186ea26e5ac661c9a518/screenshot - {}
RESULT: {}
RESULT: {}
COMMAND: POST /session/eb46200be743186ea26e5ac661c9a518/execute/async - {"script":"<script> [1562 bytes]","args":[{"selector":{"id":"application-manageresources-display-component---newResourceUnit--TYPE-arrow"},"wdio_ui5_key":"applicationmanageresources-display-component---newResourceUnit--TYPE-arrow"}]}
RESULT: {"script":"<script> [1562 bytes]","args":[{"selector":{"id":"application-manageresources-display-component---newResourceUnit--TYPE-arrow"},"wdio_ui5_key":"applicationmanageresources-display-component---newResourceUnit--TYPE-arrow"}]}
RESULT: undefined
COMMAND: POST /session/eb46200be743186ea26e5ac661c9a518/element - {"using":"xpath","value":"//*[@id=\"application-manageresources-display-component---newResourceUnit--TYPE-arrow\"]"}
RESULT: {"using":"xpath","value":"//*[@id=\"application-manageresources-display-component---newResourceUnit--TYPE-arrow\"]"}
COMMAND: POST /session/eb46200be743186ea26e5ac661c9a518/element/f.E118EE213315F22AD902502108153141.d.6BB32030AEEFA8057791DE8041C17720.e.3040/click - {}
RESULT: {}
COMMAND: POST /session/eb46200be743186ea26e5ac661c9a518/element - {"using":"xpath","value":"//input[@id=\"application-manageresources-display-component---newResourceUnit--TYPE-inner\"]"}
COMMAND: GET /session/eb46200be743186ea26e5ac661c9a518/screenshot - {}
RESULT: {"using":"xpath","value":"//input[@id=\"application-manageresources-display-component---newResourceUnit--TYPE-inner\"]"}
COMMAND: POST /session/eb46200be743186ea26e5ac661c9a518/element/f.E118EE213315F22AD902502108153141.d.6BB32030AEEFA8057791DE8041C17720.e.3025/clear - {}
RESULT: {}
RESULT: {}
COMMAND: POST /session/eb46200be743186ea26e5ac661c9a518/element/f.E118EE213315F22AD902502108153141.d.6BB32030AEEFA8057791DE8041C17720.e.3025/value - {"text":"Equi Multipart"}
COMMAND: GET /session/eb46200be743186ea26e5ac661c9a518/screenshot - {}
RESULT: {"text":"Equi Multipart"}
COMMAND: GET /session/eb46200be743186ea26e5ac661c9a518/screenshot - {}
RESULT: {}
RESULT: {}
COMMAND: POST /session/eb46200be743186ea26e5ac661c9a518/actions - {"actions":[{"id":"action9","type":"key","parameters":{},"actions":[{"type":"keyDown","value":""},{"type":"pause","duration":10},{"type":"keyUp","value":""}]}]}
RESULT: {"actions":[{"id":"action9","type":"key","parameters":{},"actions":[{"type":"keyDown","value":""},{"type":"pause","duration":10},{"type":"keyUp","value":""}]}]}
COMMAND: POST /session/eb46200be743186ea26e5ac661c9a518/execute/async - {"script":"<script> [1562 bytes]","args":[{"selector":{"id":"application-manageresources-display-component---newResourceUnit--SHORT_TEXT","interaction":{"idSuffix":"inner"}},"wdio_ui5_key":"applicationmanageresources-display-component---newResourceUnit--SHORT_TEXT"}]}
COMMAND: GET /session/eb46200be743186ea26e5ac661c9a518/screenshot - {}
RESULT: {"script":"<script> [1562 bytes]","args":[{"selector":{"id":"application-manageresources-display-component---newResourceUnit--SHORT_TEXT","interaction":{"idSuffix":"inner"}},"wdio_ui5_key":"applicationmanageresources-display-component---newResourceUnit--SHORT_TEXT"}]}
RESULT: undefined
COMMAND: POST /session/eb46200be743186ea26e5ac661c9a518/execute/async - {"script":"<script> [776 bytes]","args":[{"enterText":"Equipment Multipart WDIO","selector":{"id":"application-manageresources-display-component---newResourceUnit--SHORT_TEXT","interaction":{"idSuffix":"inner"}},"clearTextFirst":true,"interactionType":"ENTER_TEXT"}]}
RESULT: {}
RESULT: {"script":"<script> [776 bytes]","args":[{"enterText":"Equipment Multipart WDIO","selector":{"id":"application-manageresources-display-component---newResourceUnit--SHORT_TEXT","interaction":{"idSuffix":"inner"}},"clearTextFirst":true,"interactionType":"ENTER_TEXT"}]}
COMMAND: POST /session/eb46200be743186ea26e5ac661c9a518/execute/async - {"script":"<script> [1562 bytes]","args":[{"selector":{"id":"application-manageresources-display-component---newResourceUnit--BASE_UNIT_OF_MEASURE","interaction":{"idSuffix":"inner"}},"wdio_ui5_key":"applicationmanageresources-display-component---newResourceUnit--BASE_UNIT_OF_MEASURE"}]}
RESULT: {"script":"<script> [1562 bytes]","args":[{"selector":{"id":"application-manageresources-display-component---newResourceUnit--BASE_UNIT_OF_MEASURE","interaction":{"idSuffix":"inner"}},"wdio_ui5_key":"applicationmanageresources-display-component---newResourceUnit--BASE_UNIT_OF_MEASURE"}]}
RESULT: undefined
COMMAND: POST /session/eb46200be743186ea26e5ac661c9a518/execute/async - {"script":"<script> [776 bytes]","args":[{"enterText":"Piece","selector":{"id":"application-manageresources-display-component---newResourceUnit--BASE_UNIT_OF_MEASURE","interaction":{"idSuffix":"inner"}},"clearTextFirst":true,"interactionType":"ENTER_TEXT"}]}
RESULT: {"script":"<script> [776 bytes]","args":[{"enterText":"Piece","selector":{"id":"application-manageresources-display-component---newResourceUnit--BASE_UNIT_OF_MEASURE","interaction":{"idSuffix":"inner"}},"clearTextFirst":true,"interactionType":"ENTER_TEXT"}]}
COMMAND: POST /session/eb46200be743186ea26e5ac661c9a518/execute/async - {"script":"<script> [1562 bytes]","args":[{"selector":{"id":"application-manageresources-display-component---newResourceUnit--WEIGHT_UNIT","interaction":{"idSuffix":"inner"}},"wdio_ui5_key":"applicationmanageresources-display-component---newResourceUnit--WEIGHT_UNIT"}]}
RESULT: {"script":"<script> [1562 bytes]","args":[{"selector":{"id":"application-manageresources-display-component---newResourceUnit--WEIGHT_UNIT","interaction":{"idSuffix":"inner"}},"wdio_ui5_key":"applicationmanageresources-display-component---newResourceUnit--WEIGHT_UNIT"}]}
RESULT: undefined
COMMAND: POST /session/eb46200be743186ea26e5ac661c9a518/execute/async - {"script":"<script> [776 bytes]","args":[{"enterText":"Gram","selector":{"id":"application-manageresources-display-component---newResourceUnit--WEIGHT_UNIT","interaction":{"idSuffix":"inner"}},"clearTextFirst":true,"interactionType":"ENTER_TEXT"}]}
RESULT: {"script":"<script> [776 bytes]","args":[{"enterText":"Gram","selector":{"id":"application-manageresources-display-component---newResourceUnit--WEIGHT_UNIT","interaction":{"idSuffix":"inner"}},"clearTextFirst":true,"interactionType":"ENTER_TEXT"}]}
COMMAND: POST /session/eb46200be743186ea26e5ac661c9a518/execute/async - {"script":"<script> [1562 bytes]","args":[{"selector":{"id":"application-manageresources-display-component---newResourceUnit--DIMENSION_UNIT","interaction":{"idSuffix":"inner"}},"wdio_ui5_key":"applicationmanageresources-display-component---newResourceUnit--DIMENSION_UNIT"}]}
RESULT: {"script":"<script> [1562 bytes]","args":[{"selector":{"id":"application-manageresources-display-component---newResourceUnit--DIMENSION_UNIT","interaction":{"idSuffix":"inner"}},"wdio_ui5_key":"applicationmanageresources-display-component---newResourceUnit--DIMENSION_UNIT"}]}
RESULT: undefined
COMMAND: POST /session/eb46200be743186ea26e5ac661c9a518/execute/async - {"script":"<script> [776 bytes]","args":[{"enterText":"Meter","selector":{"id":"application-manageresources-display-component---newResourceUnit--DIMENSION_UNIT","interaction":{"idSuffix":"inner"}},"clearTextFirst":true,"interactionType":"ENTER_TEXT"}]}
RESULT: {"script":"<script> [776 bytes]","args":[{"enterText":"Meter","selector":{"id":"application-manageresources-display-component---newResourceUnit--DIMENSION_UNIT","interaction":{"idSuffix":"inner"}},"clearTextFirst":true,"interactionType":"ENTER_TEXT"}]}
COMMAND: POST /session/eb46200be743186ea26e5ac661c9a518/execute/async - {"script":"<script> [1562 bytes]","args":[{"selector":{"id":"application-manageresources-display-component---newResourceUnit--newRRUPage-anchBar-application-manageresources-display-component---newResourceUnit--control-anchor","interaction":{"idSuffix":"BDI-content"}},"wdio_ui5_key":"applicationmanageresources-display-component---newResourceUnit--newRRUPage-anchBar-application-manageresources-display-component---newResourceUnit--control-anchor"}]}
RESULT: {"script":"<script> [1562 bytes]","args":[{"selector":{"id":"application-manageresources-display-component---newResourceUnit--newRRUPage-anchBar-application-manageresources-display-component---newResourceUnit--control-anchor","interaction":{"idSuffix":"BDI-content"}},"wdio_ui5_key":"applicationmanageresources-display-component---newResourceUnit--newRRUPage-anchBar-application-manageresources-display-component---newResourceUnit--control-anchor"}]}
RESULT: undefined
COMMAND: POST /session/eb46200be743186ea26e5ac661c9a518/element - {"using":"xpath","value":"//*[@id=\"application-manageresources-display-component---newResourceUnit--newRRUPage-anchBar-application-manageresources-display-component---newResourceUnit--control-anchor\"]"}
RESULT: {"using":"xpath","value":"//*[@id=\"application-manageresources-display-component---newResourceUnit--newRRUPage-anchBar-application-manageresources-display-component---newResourceUnit--control-anchor\"]"}
COMMAND: POST /session/eb46200be743186ea26e5ac661c9a518/element/f.E118EE213315F22AD902502108153141.d.6BB32030AEEFA8057791DE8041C17720.e.3175/click - {}
RESULT: {}
COMMAND: POST /session/eb46200be743186ea26e5ac661c9a518/execute/async - {"script":"<script> [1562 bytes]","args":[{"selector":{"id":"application-manageresources-display-component---newResourceUnit--PLANNING_GROUP","interaction":{"idSuffix":"inner"}},"wdio_ui5_key":"applicationmanageresources-display-component---newResourceUnit--PLANNING_GROUP"}]}
COMMAND: GET /session/eb46200be743186ea26e5ac661c9a518/screenshot - {}
RESULT: {"script":"<script> [1562 bytes]","args":[{"selector":{"id":"application-manageresources-display-component---newResourceUnit--PLANNING_GROUP","interaction":{"idSuffix":"inner"}},"wdio_ui5_key":"applicationmanageresources-display-component---newResourceUnit--PLANNING_GROUP"}]}
RESULT: undefined
COMMAND: POST /session/eb46200be743186ea26e5ac661c9a518/execute/async - {"script":"<script> [776 bytes]","args":[{"enterText":"Heavy Equi","selector":{"id":"application-manageresources-display-component---newResourceUnit--PLANNING_GROUP","interaction":{"idSuffix":"inner"}},"clearTextFirst":true,"interactionType":"ENTER_TEXT"}]}
RESULT: {}
RESULT: {"script":"<script> [776 bytes]","args":[{"enterText":"Heavy Equi","selector":{"id":"application-manageresources-display-component---newResourceUnit--PLANNING_GROUP","interaction":{"idSuffix":"inner"}},"clearTextFirst":true,"interactionType":"ENTER_TEXT"}]}
COMMAND: POST /session/eb46200be743186ea26e5ac661c9a518/execute/async - {"script":"<script> [1562 bytes]","args":[{"selector":{"id":"application-manageresources-display-component---newResourceUnit--PLANNING_INDICATOR","interaction":{"idSuffix":"inner"}},"wdio_ui5_key":"applicationmanageresources-display-component---newResourceUnit--PLANNING_INDICATOR"}]}
RESULT: {"script":"<script> [1562 bytes]","args":[{"selector":{"id":"application-manageresources-display-component---newResourceUnit--PLANNING_INDICATOR","interaction":{"idSuffix":"inner"}},"wdio_ui5_key":"applicationmanageresources-display-component---newResourceUnit--PLANNING_INDICATOR"}]}
RESULT: undefined
COMMAND: POST /session/eb46200be743186ea26e5ac661c9a518/execute/async - {"script":"<script> [776 bytes]","args":[{"enterText":"10 - infinite","selector":{"id":"application-manageresources-display-component---newResourceUnit--PLANNING_INDICATOR","interaction":{"idSuffix":"inner"}},"clearTextFirst":true,"interactionType":"ENTER_TEXT"}]}
RESULT: {"script":"<script> [776 bytes]","args":[{"enterText":"10 - infinite","selector":{"id":"application-manageresources-display-component---newResourceUnit--PLANNING_INDICATOR","interaction":{"idSuffix":"inner"}},"clearTextFirst":true,"interactionType":"ENTER_TEXT"}]}
COMMAND: POST /session/eb46200be743186ea26e5ac661c9a518/execute/async - {"script":"<script> [1562 bytes]","args":[{"selector":{"id":"application-manageresources-display-component---newResourceUnit--ITEM_TYPE-arrow"},"wdio_ui5_key":"applicationmanageresources-display-component---newResourceUnit--ITEM_TYPE-arrow"}]}
RESULT: {"script":"<script> [1562 bytes]","args":[{"selector":{"id":"application-manageresources-display-component---newResourceUnit--ITEM_TYPE-arrow"},"wdio_ui5_key":"applicationmanageresources-display-component---newResourceUnit--ITEM_TYPE-arrow"}]}
RESULT: undefined
COMMAND: POST /session/eb46200be743186ea26e5ac661c9a518/element - {"using":"xpath","value":"//*[@id=\"application-manageresources-display-component---newResourceUnit--ITEM_TYPE-arrow\"]"}
RESULT: {"using":"xpath","value":"//*[@id=\"application-manageresources-display-component---newResourceUnit--ITEM_TYPE-arrow\"]"}
COMMAND: POST /session/eb46200be743186ea26e5ac661c9a518/element/f.E118EE213315F22AD902502108153141.d.6BB32030AEEFA8057791DE8041C17720.e.3185/click - {}
RESULT: {}
COMMAND: GET /session/eb46200be743186ea26e5ac661c9a518/screenshot - {}
RESULT: {}
COMMAND: POST /session/eb46200be743186ea26e5ac661c9a518/execute/async - {"script":"<script> [1562 bytes]","args":[{"selector":{"controlType":"sap.m.StandardListItem","viewName":"reusables.view.manageresources.NewResourceUnit","viewId":"application-manageresources-display-component---newResourceUnit","properties":{"title":"Pool Equipment"},"searchOpenDialogs":true,"interaction":{"idSuffix":"content"}},"wdio_ui5_key":"reusablesview.manageresources.NewResourceUnitsap.m.StandardListItem{\"title\":\"Pool Equipment\"}"}]}
RESULT: {"script":"<script> [1562 bytes]","args":[{"selector":{"controlType":"sap.m.StandardListItem","viewName":"reusables.view.manageresources.NewResourceUnit","viewId":"application-manageresources-display-component---newResourceUnit","properties":{"title":"Pool Equipment"},"searchOpenDialogs":true,"interaction":{"idSuffix":"content"}},"wdio_ui5_key":"reusablesview.manageresources.NewResourceUnitsap.m.StandardListItem{\"title\":\"Pool Equipment\"}"}]}
RESULT: undefined
COMMAND: POST /session/eb46200be743186ea26e5ac661c9a518/element - {"using":"xpath","value":"//*[@id=\"__item218\"]"}
RESULT: {"using":"xpath","value":"//*[@id=\"__item218\"]"}
COMMAND: POST /session/eb46200be743186ea26e5ac661c9a518/element/f.E118EE213315F22AD902502108153141.d.6BB32030AEEFA8057791DE8041C17720.e.3187/click - {}
RESULT: {}
COMMAND: GET /session/eb46200be743186ea26e5ac661c9a518/screenshot - {}
RESULT: {}
COMMAND: POST /session/eb46200be743186ea26e5ac661c9a518/element - {"using":"css selector","value":"#application-manageresources-display-component---newResourceUnit--btnAddTimeSegment"}
RESULT: {"using":"css selector","value":"#application-manageresources-display-component---newResourceUnit--btnAddTimeSegment"}
COMMAND: GET /session/eb46200be743186ea26e5ac661c9a518/element/f.E118EE213315F22AD902502108153141.d.6BB32030AEEFA8057791DE8041C17720.e.3249/rect - {}
RESULT: {}
COMMAND: GET /session/eb46200be743186ea26e5ac661c9a518/window/rect - {}
RESULT: {}
COMMAND: POST /session/eb46200be743186ea26e5ac661c9a518/execute/sync - {"script":"<script> [92 bytes]","args":[]}
RESULT: {"script":"<script> [92 bytes]","args":[]}
COMMAND: POST /session/eb46200be743186ea26e5ac661c9a518/actions - {"actions":[{"id":"action10","type":"wheel","parameters":{},"actions":[{"type":"scroll","x":-1888,"y":-32,"deltaX":0,"deltaY":0,"duration":0,"origin":{"element-6066-11e4-a52e-4f735466cecf":"f.E118EE213315F22AD902502108153141.d.6BB32030AEEFA8057791DE8041C17720.e.3249"}}]}]}
COMMAND: GET /session/eb46200be743186ea26e5ac661c9a518/screenshot - {}
RESULT: {}
COMMAND: POST /session/eb46200be743186ea26e5ac661c9a518/execute/sync - {"script":"<script> [79 bytes]","args":[{"element-6066-11e4-a52e-4f735466cecf":"f.E118EE213315F22AD902502108153141.d.6BB32030AEEFA8057791DE8041C17720.e.3249","ELEMENT":"f.E118EE213315F22AD902502108153141.d.6BB32030AEEFA8057791DE8041C17720.e.3249"},{"block":"start","inline":"nearest"}]}
RESULT: {"script":"<script> [79 bytes]","args":[{"element-6066-11e4-a52e-4f735466cecf":"f.E118EE213315F22AD902502108153141.d.6BB32030AEEFA8057791DE8041C17720.e.3249","ELEMENT":"f.E118EE213315F22AD902502108153141.d.6BB32030AEEFA8057791DE8041C17720.e.3249"},{"block":"start","inline":"nearest"}]}
COMMAND: POST /session/eb46200be743186ea26e5ac661c9a518/execute/async - {"script":"<script> [1562 bytes]","args":[{"selector":{"id":"application-manageresources-display-component---newResourceUnit--btnAddTimeSegment","interaction":{"idSuffix":"inner"}},"wdio_ui5_key":"applicationmanageresources-display-component---newResourceUnit--btnAddTimeSegment"}]}
COMMAND: GET /session/eb46200be743186ea26e5ac661c9a518/screenshot - {}
RESULT: {"script":"<script> [1562 bytes]","args":[{"selector":{"id":"application-manageresources-display-component---newResourceUnit--btnAddTimeSegment","interaction":{"idSuffix":"inner"}},"wdio_ui5_key":"applicationmanageresources-display-component---newResourceUnit--btnAddTimeSegment"}]}
RESULT: undefined
COMMAND: POST /session/eb46200be743186ea26e5ac661c9a518/element - {"using":"xpath","value":"//*[@id=\"application-manageresources-display-component---newResourceUnit--btnAddTimeSegment\"]"}
RESULT: {}
RESULT: {"using":"xpath","value":"//*[@id=\"application-manageresources-display-component---newResourceUnit--btnAddTimeSegment\"]"}
COMMAND: POST /session/eb46200be743186ea26e5ac661c9a518/element/f.E118EE213315F22AD902502108153141.d.6BB32030AEEFA8057791DE8041C17720.e.3249/click - {}
RESULT: {}
COMMAND: GET /session/eb46200be743186ea26e5ac661c9a518/screenshot - {}
RESULT: {}
COMMAND: POST /session/eb46200be743186ea26e5ac661c9a518/element - {"using":"xpath","value":"//input[@id=\"application-manageresources-display-component---newResourceUnit--idRuTSAdmin-application-manageresources-display-component---newResourceUnit--RUTimeSegment-0-inner\"]"}
RESULT: {"using":"xpath","value":"//input[@id=\"application-manageresources-display-component---newResourceUnit--idRuTSAdmin-application-manageresources-display-component---newResourceUnit--RUTimeSegment-0-inner\"]"}
COMMAND: POST /session/eb46200be743186ea26e5ac661c9a518/element/f.E118EE213315F22AD902502108153141.d.6BB32030AEEFA8057791DE8041C17720.e.3255/clear - {}
RESULT: {}
COMMAND: POST /session/eb46200be743186ea26e5ac661c9a518/element/f.E118EE213315F22AD902502108153141.d.6BB32030AEEFA8057791DE8041C17720.e.3255/value - {"text":"476"}
COMMAND: GET /session/eb46200be743186ea26e5ac661c9a518/screenshot - {}
RESULT: {"text":"476"}
COMMAND: GET /session/eb46200be743186ea26e5ac661c9a518/screenshot - {}
RESULT: {}
RESULT: {}
COMMAND: POST /session/eb46200be743186ea26e5ac661c9a518/element - {"using":"xpath","value":"//li[.//span[text()='476']]"}
RESULT: {"using":"xpath","value":"//li[.//span[text()='476']]"}
COMMAND: POST /session/eb46200be743186ea26e5ac661c9a518/element/f.E118EE213315F22AD902502108153141.d.6BB32030AEEFA8057791DE8041C17720.e.3270/click - {}
RESULT: {}
COMMAND: GET /session/eb46200be743186ea26e5ac661c9a518/screenshot - {}
RESULT: {}
COMMAND: POST /session/eb46200be743186ea26e5ac661c9a518/element - {"using":"xpath","value":"(//span[contains(@id, \"-application-manageresources-display-component---newResourceUnit--RUTimeSegment-0-arrow\")])[5]"}
RESULT: {"using":"xpath","value":"(//span[contains(@id, \"-application-manageresources-display-component---newResourceUnit--RUTimeSegment-0-arrow\")])[5]"}
COMMAND: POST /session/eb46200be743186ea26e5ac661c9a518/element/f.E118EE213315F22AD902502108153141.d.6BB32030AEEFA8057791DE8041C17720.e.3271/click - {}
RESULT: {}
COMMAND: GET /session/eb46200be743186ea26e5ac661c9a518/screenshot - {}
RESULT: {}
COMMAND: POST /session/eb46200be743186ea26e5ac661c9a518/element - {"using":"xpath","value":"//span[contains(text(), \"PM Order\")]"}
RESULT: {"using":"xpath","value":"//span[contains(text(), \"PM Order\")]"}
COMMAND: POST /session/eb46200be743186ea26e5ac661c9a518/element/f.E118EE213315F22AD902502108153141.d.6BB32030AEEFA8057791DE8041C17720.e.3272/click - {}
RESULT: {}
COMMAND: GET /session/eb46200be743186ea26e5ac661c9a518/screenshot - {}
RESULT: {}
COMMAND: POST /session/eb46200be743186ea26e5ac661c9a518/element - {"using":"xpath","value":"(//span[contains(@id ,\"manageresources-display-component---newResourceUnit--RUTimeSegment-0-vhi\")])[1]"}
RESULT: {"using":"xpath","value":"(//span[contains(@id ,\"manageresources-display-component---newResourceUnit--RUTimeSegment-0-vhi\")])[1]"}
COMMAND: GET /session/eb46200be743186ea26e5ac661c9a518/element/f.E118EE213315F22AD902502108153141.d.6BB32030AEEFA8057791DE8041C17720.e.3276/rect - {}
RESULT: {}
COMMAND: GET /session/eb46200be743186ea26e5ac661c9a518/window/rect - {}
RESULT: {}
COMMAND: POST /session/eb46200be743186ea26e5ac661c9a518/execute/sync - {"script":"<script> [92 bytes]","args":[]}
RESULT: {"script":"<script> [92 bytes]","args":[]}
COMMAND: POST /session/eb46200be743186ea26e5ac661c9a518/actions - {"actions":[{"id":"action11","type":"wheel","parameters":{},"actions":[{"type":"scroll","x":-1888,"y":-24,"deltaX":0,"deltaY":0,"duration":0,"origin":{"element-6066-11e4-a52e-4f735466cecf":"f.E118EE213315F22AD902502108153141.d.6BB32030AEEFA8057791DE8041C17720.e.3276"}}]}]}
COMMAND: GET /session/eb46200be743186ea26e5ac661c9a518/screenshot - {}
RESULT: {}
COMMAND: POST /session/eb46200be743186ea26e5ac661c9a518/execute/sync - {"script":"<script> [79 bytes]","args":[{"element-6066-11e4-a52e-4f735466cecf":"f.E118EE213315F22AD902502108153141.d.6BB32030AEEFA8057791DE8041C17720.e.3276","ELEMENT":"f.E118EE213315F22AD902502108153141.d.6BB32030AEEFA8057791DE8041C17720.e.3276"},{"block":"start","inline":"nearest"}]}
RESULT: {"script":"<script> [79 bytes]","args":[{"element-6066-11e4-a52e-4f735466cecf":"f.E118EE213315F22AD902502108153141.d.6BB32030AEEFA8057791DE8041C17720.e.3276","ELEMENT":"f.E118EE213315F22AD902502108153141.d.6BB32030AEEFA8057791DE8041C17720.e.3276"},{"block":"start","inline":"nearest"}]}
COMMAND: GET /session/eb46200be743186ea26e5ac661c9a518/screenshot - {}
RESULT: {}
COMMAND: POST /session/eb46200be743186ea26e5ac661c9a518/element/f.E118EE213315F22AD902502108153141.d.6BB32030AEEFA8057791DE8041C17720.e.3276/click - {}
RESULT: {}
COMMAND: GET /session/eb46200be743186ea26e5ac661c9a518/screenshot - {}
RESULT: {}
COMMAND: POST /session/eb46200be743186ea26e5ac661c9a518/execute/async - {"script":"<script> [1562 bytes]","args":[{"selector":{"controlType":"sap.m.SearchField","properties":{"placeholder":"Search"},"searchOpenDialogs":true,"interaction":{"idSuffix":"I"}},"wdio_ui5_key":"sapm.SearchField{\"placeholder\":\"Search\"}"}]}
RESULT: {"script":"<script> [1562 bytes]","args":[{"selector":{"controlType":"sap.m.SearchField","properties":{"placeholder":"Search"},"searchOpenDialogs":true,"interaction":{"idSuffix":"I"}},"wdio_ui5_key":"sapm.SearchField{\"placeholder\":\"Search\"}"}]}
RESULT: undefined
COMMAND: POST /session/eb46200be743186ea26e5ac661c9a518/execute/async - {"script":"<script> [776 bytes]","args":[{"enterText":"4000360","selector":{"controlType":"sap.m.SearchField","properties":{"placeholder":"Search"},"searchOpenDialogs":true,"interaction":{"idSuffix":"I"}},"clearTextFirst":true,"interactionType":"ENTER_TEXT"}]}
RESULT: {"script":"<script> [776 bytes]","args":[{"enterText":"4000360","selector":{"controlType":"sap.m.SearchField","properties":{"placeholder":"Search"},"searchOpenDialogs":true,"interaction":{"idSuffix":"I"}},"clearTextFirst":true,"interactionType":"ENTER_TEXT"}]}
COMMAND: POST /session/eb46200be743186ea26e5ac661c9a518/actions - {"actions":[{"id":"action12","type":"key","parameters":{},"actions":[{"type":"keyDown","value":""},{"type":"pause","duration":10},{"type":"keyUp","value":""}]}]}
RESULT: {"actions":[{"id":"action12","type":"key","parameters":{},"actions":[{"type":"keyDown","value":""},{"type":"pause","duration":10},{"type":"keyUp","value":""}]}]}
COMMAND: GET /session/eb46200be743186ea26e5ac661c9a518/screenshot - {}
RESULT: {}
COMMAND: POST /session/eb46200be743186ea26e5ac661c9a518/element - {"using":"xpath","value":"//td/div/span[contains(text(), \"BGL Vehicles\")]"}
RESULT: {"using":"xpath","value":"//td/div/span[contains(text(), \"BGL Vehicles\")]"}
COMMAND: POST /session/eb46200be743186ea26e5ac661c9a518/element/f.E118EE213315F22AD902502108153141.d.6BB32030AEEFA8057791DE8041C17720.e.3298/click - {}
RESULT: {}
COMMAND: GET /session/eb46200be743186ea26e5ac661c9a518/screenshot - {}
RESULT: {}
COMMAND: POST /session/eb46200be743186ea26e5ac661c9a518/element - {"using":"xpath","value":"//bdi[contains(text(), \"OK\")]"}
RESULT: {"using":"xpath","value":"//bdi[contains(text(), \"OK\")]"}
COMMAND: POST /session/eb46200be743186ea26e5ac661c9a518/element/f.E118EE213315F22AD902502108153141.d.6BB32030AEEFA8057791DE8041C17720.e.3299/click - {}
RESULT: {}
COMMAND: GET /session/eb46200be743186ea26e5ac661c9a518/screenshot - {}
RESULT: {}
COMMAND: POST /session/eb46200be743186ea26e5ac661c9a518/element - {"using":"xpath","value":"//label[contains(@class, 'sapMLabelRequired') and .//bdi[contains(text(), 'Planned Retirement')]]"}
RESULT: {"using":"xpath","value":"//label[contains(@class, 'sapMLabelRequired') and .//bdi[contains(text(), 'Planned Retirement')]]"}
COMMAND: POST /session/eb46200be743186ea26e5ac661c9a518/elements - {"using":"xpath","value":"//label[contains(@class, 'sapMLabelRequired') and .//bdi[contains(text(), 'Planned Retirement')]]"}
RESULT: {"using":"xpath","value":"//label[contains(@class, 'sapMLabelRequired') and .//bdi[contains(text(), 'Planned Retirement')]]"}
COMMAND: POST /session/eb46200be743186ea26e5ac661c9a518/element - {"using":"xpath","value":"//button[@data-kt=\"resourceUnitSaveButton\"]"}
RESULT: {"using":"xpath","value":"//button[@data-kt=\"resourceUnitSaveButton\"]"}
COMMAND: POST /session/eb46200be743186ea26e5ac661c9a518/element/f.E118EE213315F22AD902502108153141.d.6BB32030AEEFA8057791DE8041C17720.e.3057/click - {}
RESULT: {}
COMMAND: GET /session/eb46200be743186ea26e5ac661c9a518/screenshot - {}
RESULT: {}
COMMAND: POST /session/eb46200be743186ea26e5ac661c9a518/element - {"using":"xpath","value":"//bdi[contains(text(), \"Close\")]"}
RESULT: {"using":"xpath","value":"//bdi[contains(text(), \"Close\")]"}
COMMAND: POST /session/eb46200be743186ea26e5ac661c9a518/element/f.E118EE213315F22AD902502108153141.d.6BB32030AEEFA8057791DE8041C17720.e.3305/click - {}
RESULT: {}
COMMAND: GET /session/eb46200be743186ea26e5ac661c9a518/screenshot - {}
RESULT: {}
COMMAND: POST /session/eb46200be743186ea26e5ac661c9a518/element - {"using":"xpath","value":"//header[contains(@id, 'detailRruPage-headerTitle')]/div[1]/div[2]/div[2]/span[1]"}
RESULT: {"using":"xpath","value":"//header[contains(@id, 'detailRruPage-headerTitle')]/div[1]/div[2]/div[2]/span[1]"}
COMMAND: POST /session/eb46200be743186ea26e5ac661c9a518/elements - {"using":"xpath","value":"//header[contains(@id, 'detailRruPage-headerTitle')]/div[1]/div[2]/div[2]/span[1]"}
RESULT: {"using":"xpath","value":"//header[contains(@id, 'detailRruPage-headerTitle')]/div[1]/div[2]/div[2]/span[1]"}
COMMAND: POST /session/eb46200be743186ea26e5ac661c9a518/execute/sync - {"script":"<script> [56 bytes]","args":[{"element-6066-11e4-a52e-4f735466cecf":"f.E118EE213315F22AD902502108153141.d.6BB32030AEEFA8057791DE8041C17720.e.3335","ELEMENT":"f.E118EE213315F22AD902502108153141.d.6BB32030AEEFA8057791DE8041C17720.e.3335"}]}
RESULT: {"script":"<script> [56 bytes]","args":[{"element-6066-11e4-a52e-4f735466cecf":"f.E118EE213315F22AD902502108153141.d.6BB32030AEEFA8057791DE8041C17720.e.3335","ELEMENT":"f.E118EE213315F22AD902502108153141.d.6BB32030AEEFA8057791DE8041C17720.e.3335"}]}
COMMAND: POST /session/eb46200be743186ea26e5ac661c9a518/element - {"using":"css selector","value":"#shell-header-logo"}
COMMAND: GET /session/eb46200be743186ea26e5ac661c9a518/screenshot - {}
RESULT: {"using":"css selector","value":"#shell-header-logo"}
COMMAND: POST /session/eb46200be743186ea26e5ac661c9a518/element/f.E118EE213315F22AD902502108153141.d.6BB32030AEEFA8057791DE8041C17720.e.2642/click - {}
RESULT: {}
RESULT: {}
COMMAND: GET /session/eb46200be743186ea26e5ac661c9a518/screenshot - {}
RESULT: {}
]]></system-out>
    </testcase>
    <testcase classname="chrome.136_0_7103_93.windows.Tests_for_Mass_State_Change_on_Manage_States_&amp;_Performances_US104416_US" name="Prereq Should do stock increase" time="100.378">
      <system-out><![CDATA[
COMMAND: POST /session/eb46200be743186ea26e5ac661c9a518/execute/async - {"script":"<script> [1562 bytes]","args":[{"selector":{"controlType":"sap.m.GenericTile","properties":{"header":"Manage Handovers"}},"wdio_ui5_key":"sapm.GenericTile{\"header\":\"Manage Handovers\"}"}]}
RESULT: {"script":"<script> [1562 bytes]","args":[{"selector":{"controlType":"sap.m.GenericTile","properties":{"header":"Manage Handovers"}},"wdio_ui5_key":"sapm.GenericTile{\"header\":\"Manage Handovers\"}"}]}
RESULT: undefined
COMMAND: POST /session/eb46200be743186ea26e5ac661c9a518/element - {"using":"xpath","value":"//*[@id=\"__tile132\"]"}
RESULT: {"using":"xpath","value":"//*[@id=\"__tile132\"]"}
COMMAND: POST /session/eb46200be743186ea26e5ac661c9a518/element/f.E118EE213315F22AD902502108153141.d.6BB32030AEEFA8057791DE8041C17720.e.2590/click - {}
RESULT: {}
COMMAND: GET /session/eb46200be743186ea26e5ac661c9a518/screenshot - {}
RESULT: {}
COMMAND: POST /session/eb46200be743186ea26e5ac661c9a518/elements - {"using":"xpath","value":"//span[text()='Error']"}
RESULT: {"using":"xpath","value":"//span[text()='Error']"}
COMMAND: POST /session/eb46200be743186ea26e5ac661c9a518/element - {"using":"xpath","value":"//button[@data-kt=\"masterHOAddButton\"]"}
RESULT: {"using":"xpath","value":"//button[@data-kt=\"masterHOAddButton\"]"}
COMMAND: POST /session/eb46200be743186ea26e5ac661c9a518/elements - {"using":"xpath","value":"//button[@data-kt=\"masterHOAddButton\"]"}
RESULT: {"using":"xpath","value":"//button[@data-kt=\"masterHOAddButton\"]"}
COMMAND: POST /session/eb46200be743186ea26e5ac661c9a518/elements - {"using":"xpath","value":"//button[@data-kt=\"masterHOAddButton\"]"}
RESULT: {"using":"xpath","value":"//button[@data-kt=\"masterHOAddButton\"]"}
COMMAND: POST /session/eb46200be743186ea26e5ac661c9a518/element - {"using":"xpath","value":"//button[@data-kt=\"masterHOAddButton\"]"}
RESULT: {"using":"xpath","value":"//button[@data-kt=\"masterHOAddButton\"]"}
COMMAND: POST /session/eb46200be743186ea26e5ac661c9a518/execute/sync - {"script":"<script> [8489 bytes]","args":[{"element-6066-11e4-a52e-4f735466cecf":"f.E118EE213315F22AD902502108153141.d.6BB32030AEEFA8057791DE8041C17720.e.3367","ELEMENT":"f.E118EE213315F22AD902502108153141.d.6BB32030AEEFA8057791DE8041C17720.e.3367"}]}
RESULT: {"script":"<script> [8489 bytes]","args":[{"element-6066-11e4-a52e-4f735466cecf":"f.E118EE213315F22AD902502108153141.d.6BB32030AEEFA8057791DE8041C17720.e.3367","ELEMENT":"f.E118EE213315F22AD902502108153141.d.6BB32030AEEFA8057791DE8041C17720.e.3367"}]}
COMMAND: GET /session/eb46200be743186ea26e5ac661c9a518/element/f.E118EE213315F22AD902502108153141.d.6BB32030AEEFA8057791DE8041C17720.e.3367/enabled - {}
COMMAND: GET /session/eb46200be743186ea26e5ac661c9a518/screenshot - {}
RESULT: {}
COMMAND: POST /session/eb46200be743186ea26e5ac661c9a518/execute/sync - {"script":"<script> [8489 bytes]","args":[{"element-6066-11e4-a52e-4f735466cecf":"f.E118EE213315F22AD902502108153141.d.6BB32030AEEFA8057791DE8041C17720.e.3367","ELEMENT":"f.E118EE213315F22AD902502108153141.d.6BB32030AEEFA8057791DE8041C17720.e.3367"}]}
COMMAND: GET /session/eb46200be743186ea26e5ac661c9a518/screenshot - {}
RESULT: {}
RESULT: {"script":"<script> [8489 bytes]","args":[{"element-6066-11e4-a52e-4f735466cecf":"f.E118EE213315F22AD902502108153141.d.6BB32030AEEFA8057791DE8041C17720.e.3367","ELEMENT":"f.E118EE213315F22AD902502108153141.d.6BB32030AEEFA8057791DE8041C17720.e.3367"}]}
COMMAND: POST /session/eb46200be743186ea26e5ac661c9a518/execute/sync - {"script":"<script> [5351 bytes]","args":[{"element-6066-11e4-a52e-4f735466cecf":"f.E118EE213315F22AD902502108153141.d.6BB32030AEEFA8057791DE8041C17720.e.3367","ELEMENT":"f.E118EE213315F22AD902502108153141.d.6BB32030AEEFA8057791DE8041C17720.e.3367"}]}
COMMAND: GET /session/eb46200be743186ea26e5ac661c9a518/screenshot - {}
RESULT: {}
RESULT: {"script":"<script> [5351 bytes]","args":[{"element-6066-11e4-a52e-4f735466cecf":"f.E118EE213315F22AD902502108153141.d.6BB32030AEEFA8057791DE8041C17720.e.3367","ELEMENT":"f.E118EE213315F22AD902502108153141.d.6BB32030AEEFA8057791DE8041C17720.e.3367"}]}
COMMAND: POST /session/eb46200be743186ea26e5ac661c9a518/element/f.E118EE213315F22AD902502108153141.d.6BB32030AEEFA8057791DE8041C17720.e.3367/click - {}
COMMAND: GET /session/eb46200be743186ea26e5ac661c9a518/screenshot - {}
RESULT: {}
RESULT: {}
COMMAND: GET /session/eb46200be743186ea26e5ac661c9a518/screenshot - {}
RESULT: {}
RESULT: {}
COMMAND: POST /session/eb46200be743186ea26e5ac661c9a518/element - {"using":"xpath","value":"//span[contains(@id ,\"AddNewHO--typeSelect-arrow\")]"}
RESULT: {"using":"xpath","value":"//span[contains(@id ,\"AddNewHO--typeSelect-arrow\")]"}
COMMAND: POST /session/eb46200be743186ea26e5ac661c9a518/element/f.E118EE213315F22AD902502108153141.d.6BB32030AEEFA8057791DE8041C17720.e.3715/click - {}
RESULT: {}
COMMAND: GET /session/eb46200be743186ea26e5ac661c9a518/screenshot - {}
RESULT: {}
COMMAND: POST /session/eb46200be743186ea26e5ac661c9a518/element - {"using":"xpath","value":"(//li[contains(text(), \"stock increase yard\")])[1]"}
RESULT: {"using":"xpath","value":"(//li[contains(text(), \"stock increase yard\")])[1]"}
COMMAND: POST /session/eb46200be743186ea26e5ac661c9a518/element/f.E118EE213315F22AD902502108153141.d.6BB32030AEEFA8057791DE8041C17720.e.3716/click - {}
RESULT: {}
COMMAND: GET /session/eb46200be743186ea26e5ac661c9a518/screenshot - {}
RESULT: {}
COMMAND: POST /session/eb46200be743186ea26e5ac661c9a518/execute/async - {"script":"<script> [1562 bytes]","args":[{"selector":{"id":"application-managehandovers-display-component---AddNewHO--dueDate","interaction":{"idSuffix":"inner"}},"wdio_ui5_key":"applicationmanagehandovers-display-component---AddNewHO--dueDate"}]}
RESULT: {"script":"<script> [1562 bytes]","args":[{"selector":{"id":"application-managehandovers-display-component---AddNewHO--dueDate","interaction":{"idSuffix":"inner"}},"wdio_ui5_key":"applicationmanagehandovers-display-component---AddNewHO--dueDate"}]}
RESULT: undefined
COMMAND: POST /session/eb46200be743186ea26e5ac661c9a518/execute/async - {"script":"<script> [6424 bytes]","args":[{"element-6066-11e4-a52e-4f735466cecf":"f.E118EE213315F22AD902502108153141.d.6BB32030AEEFA8057791DE8041C17720.e.3720"},"setValue",["5/29/25"]]}
RESULT: {"script":"<script> [6424 bytes]","args":[{"element-6066-11e4-a52e-4f735466cecf":"f.E118EE213315F22AD902502108153141.d.6BB32030AEEFA8057791DE8041C17720.e.3720"},"setValue",["5/29/25"]]}
COMMAND: POST /session/eb46200be743186ea26e5ac661c9a518/element - {"using":"xpath","value":"//input[@id=\"generalSectionFrg--receiveYard-inner\"]"}
RESULT: {"using":"xpath","value":"//input[@id=\"generalSectionFrg--receiveYard-inner\"]"}
COMMAND: POST /session/eb46200be743186ea26e5ac661c9a518/element/f.E118EE213315F22AD902502108153141.d.6BB32030AEEFA8057791DE8041C17720.e.3726/clear - {}
RESULT: {}
COMMAND: POST /session/eb46200be743186ea26e5ac661c9a518/element/f.E118EE213315F22AD902502108153141.d.6BB32030AEEFA8057791DE8041C17720.e.3726/value - {"text":"476"}
COMMAND: GET /session/eb46200be743186ea26e5ac661c9a518/screenshot - {}
RESULT: {"text":"476"}
COMMAND: GET /session/eb46200be743186ea26e5ac661c9a518/screenshot - {}
RESULT: {}
RESULT: {}
COMMAND: POST /session/eb46200be743186ea26e5ac661c9a518/element - {"using":"xpath","value":"//li[.//span[contains(text(),'476')]]"}
RESULT: {"using":"xpath","value":"//li[.//span[contains(text(),'476')]]"}
COMMAND: POST /session/eb46200be743186ea26e5ac661c9a518/element/f.E118EE213315F22AD902502108153141.d.6BB32030AEEFA8057791DE8041C17720.e.3742/click - {}
RESULT: {}
COMMAND: GET /session/eb46200be743186ea26e5ac661c9a518/screenshot - {}
RESULT: {}
COMMAND: POST /session/eb46200be743186ea26e5ac661c9a518/execute/async - {"script":"<script> [1562 bytes]","args":[{"selector":{"id":"application-managehandovers-display-component---AddNewHO--ObjectPageLayout-anchBar-application-managehandovers-display-component---AddNewHO--section4-anchor","interaction":{"idSuffix":"BDI-content"}},"wdio_ui5_key":"applicationmanagehandovers-display-component---AddNewHO--ObjectPageLayout-anchBar-application-managehandovers-display-component---AddNewHO--section4-anchor"}]}
RESULT: {"script":"<script> [1562 bytes]","args":[{"selector":{"id":"application-managehandovers-display-component---AddNewHO--ObjectPageLayout-anchBar-application-managehandovers-display-component---AddNewHO--section4-anchor","interaction":{"idSuffix":"BDI-content"}},"wdio_ui5_key":"applicationmanagehandovers-display-component---AddNewHO--ObjectPageLayout-anchBar-application-managehandovers-display-component---AddNewHO--section4-anchor"}]}
RESULT: undefined
COMMAND: POST /session/eb46200be743186ea26e5ac661c9a518/element - {"using":"xpath","value":"//*[@id=\"application-managehandovers-display-component---AddNewHO--ObjectPageLayout-anchBar-application-managehandovers-display-component---AddNewHO--section4-anchor\"]"}
RESULT: {"using":"xpath","value":"//*[@id=\"application-managehandovers-display-component---AddNewHO--ObjectPageLayout-anchBar-application-managehandovers-display-component---AddNewHO--section4-anchor\"]"}
COMMAND: POST /session/eb46200be743186ea26e5ac661c9a518/element/f.E118EE213315F22AD902502108153141.d.6BB32030AEEFA8057791DE8041C17720.e.3744/click - {}
RESULT: {}
COMMAND: POST /session/eb46200be743186ea26e5ac661c9a518/element - {"using":"xpath","value":"//button[@aria-label=\"Add\"]"}
COMMAND: GET /session/eb46200be743186ea26e5ac661c9a518/screenshot - {}
RESULT: {"using":"xpath","value":"//button[@aria-label=\"Add\"]"}
COMMAND: POST /session/eb46200be743186ea26e5ac661c9a518/element/f.E118EE213315F22AD902502108153141.d.6BB32030AEEFA8057791DE8041C17720.e.3748/click - {}
RESULT: {}
RESULT: {}
COMMAND: GET /session/eb46200be743186ea26e5ac661c9a518/screenshot - {}
RESULT: {}
COMMAND: POST /session/eb46200be743186ea26e5ac661c9a518/execute/async - {"script":"<script> [1562 bytes]","args":[{"selector":{"id":"application-managehandovers-display-component---AddNewHO--smartFilterBar-btnBasicSearch","searchOpenDialogs":true,"interaction":{"idSuffix":"I"}},"wdio_ui5_key":"applicationmanagehandovers-display-component---AddNewHO--smartFilterBar-btnBasicSearch"}]}
RESULT: {"script":"<script> [1562 bytes]","args":[{"selector":{"id":"application-managehandovers-display-component---AddNewHO--smartFilterBar-btnBasicSearch","searchOpenDialogs":true,"interaction":{"idSuffix":"I"}},"wdio_ui5_key":"applicationmanagehandovers-display-component---AddNewHO--smartFilterBar-btnBasicSearch"}]}
RESULT: undefined
COMMAND: POST /session/eb46200be743186ea26e5ac661c9a518/execute/async - {"script":"<script> [776 bytes]","args":[{"enterText":"400030","selector":{"id":"application-managehandovers-display-component---AddNewHO--smartFilterBar-btnBasicSearch","searchOpenDialogs":true,"interaction":{"idSuffix":"I"}},"clearTextFirst":true,"interactionType":"ENTER_TEXT"}]}
RESULT: {"script":"<script> [776 bytes]","args":[{"enterText":"400030","selector":{"id":"application-managehandovers-display-component---AddNewHO--smartFilterBar-btnBasicSearch","searchOpenDialogs":true,"interaction":{"idSuffix":"I"}},"clearTextFirst":true,"interactionType":"ENTER_TEXT"}]}
COMMAND: POST /session/eb46200be743186ea26e5ac661c9a518/actions - {"actions":[{"id":"action13","type":"key","parameters":{},"actions":[{"type":"keyDown","value":""},{"type":"pause","duration":10},{"type":"keyUp","value":""}]}]}
RESULT: {"actions":[{"id":"action13","type":"key","parameters":{},"actions":[{"type":"keyDown","value":""},{"type":"pause","duration":10},{"type":"keyUp","value":""}]}]}
COMMAND: GET /session/eb46200be743186ea26e5ac661c9a518/screenshot - {}
RESULT: {}
COMMAND: POST /session/eb46200be743186ea26e5ac661c9a518/execute/async - {"script":"<script> [1562 bytes]","args":[{"selector":{"id":"application-managehandovers-display-component---AddNewHO--popup-sa","searchOpenDialogs":true,"interaction":{"idSuffix":"CbBg"}},"wdio_ui5_key":"applicationmanagehandovers-display-component---AddNewHO--popup-sa"}]}
RESULT: {"script":"<script> [1562 bytes]","args":[{"selector":{"id":"application-managehandovers-display-component---AddNewHO--popup-sa","searchOpenDialogs":true,"interaction":{"idSuffix":"CbBg"}},"wdio_ui5_key":"applicationmanagehandovers-display-component---AddNewHO--popup-sa"}]}
RESULT: undefined
COMMAND: POST /session/eb46200be743186ea26e5ac661c9a518/element - {"using":"xpath","value":"//*[@id=\"application-managehandovers-display-component---AddNewHO--popup-sa\"]"}
RESULT: {"using":"xpath","value":"//*[@id=\"application-managehandovers-display-component---AddNewHO--popup-sa\"]"}
COMMAND: POST /session/eb46200be743186ea26e5ac661c9a518/element/f.E118EE213315F22AD902502108153141.d.6BB32030AEEFA8057791DE8041C17720.e.3901/click - {}
RESULT: {}
COMMAND: GET /session/eb46200be743186ea26e5ac661c9a518/screenshot - {}
RESULT: {}
COMMAND: POST /session/eb46200be743186ea26e5ac661c9a518/element - {"using":"xpath","value":"//bdi[contains(text(), \"Select\")]"}
RESULT: {"using":"xpath","value":"//bdi[contains(text(), \"Select\")]"}
COMMAND: POST /session/eb46200be743186ea26e5ac661c9a518/element/f.E118EE213315F22AD902502108153141.d.6BB32030AEEFA8057791DE8041C17720.e.3902/click - {}
RESULT: {}
COMMAND: GET /session/eb46200be743186ea26e5ac661c9a518/screenshot - {}
RESULT: {}
COMMAND: POST /session/eb46200be743186ea26e5ac661c9a518/element - {"using":"xpath","value":"//button[@data-kt=\"AddNewHOSaveButton\"]"}
RESULT: {"using":"xpath","value":"//button[@data-kt=\"AddNewHOSaveButton\"]"}
COMMAND: POST /session/eb46200be743186ea26e5ac661c9a518/element/f.E118EE213315F22AD902502108153141.d.6BB32030AEEFA8057791DE8041C17720.e.3906/click - {}
RESULT: {}
COMMAND: GET /session/eb46200be743186ea26e5ac661c9a518/screenshot - {}
RESULT: {}
COMMAND: POST /session/eb46200be743186ea26e5ac661c9a518/execute/async - {"script":"<script> [1562 bytes]","args":[{"selector":{"id":"receiptDatePicker","viewName":"etm.portal.ui.managehandovers.view.DetailExecuteHO","interaction":{"idSuffix":"inner"}},"wdio_ui5_key":"receiptDatePickeretmportal.ui.managehandovers.view.DetailExecuteHO"}]}
RESULT: {"script":"<script> [1562 bytes]","args":[{"selector":{"id":"receiptDatePicker","viewName":"etm.portal.ui.managehandovers.view.DetailExecuteHO","interaction":{"idSuffix":"inner"}},"wdio_ui5_key":"receiptDatePickeretmportal.ui.managehandovers.view.DetailExecuteHO"}]}
RESULT: undefined
COMMAND: POST /session/eb46200be743186ea26e5ac661c9a518/execute/async - {"script":"<script> [6424 bytes]","args":[{"element-6066-11e4-a52e-4f735466cecf":"f.E118EE213315F22AD902502108153141.d.6BB32030AEEFA8057791DE8041C17720.e.3937"},"setValue",["5/29/25"]]}
RESULT: {"script":"<script> [6424 bytes]","args":[{"element-6066-11e4-a52e-4f735466cecf":"f.E118EE213315F22AD902502108153141.d.6BB32030AEEFA8057791DE8041C17720.e.3937"},"setValue",["5/29/25"]]}
COMMAND: POST /session/eb46200be743186ea26e5ac661c9a518/element - {"using":"xpath","value":"//button[@data-kt=\"ReceivingTableConfirmAllButton\"]"}
RESULT: {"using":"xpath","value":"//button[@data-kt=\"ReceivingTableConfirmAllButton\"]"}
COMMAND: POST /session/eb46200be743186ea26e5ac661c9a518/element/f.E118EE213315F22AD902502108153141.d.6BB32030AEEFA8057791DE8041C17720.e.3952/click - {}
RESULT: {}
COMMAND: GET /session/eb46200be743186ea26e5ac661c9a518/screenshot - {}
RESULT: {}
COMMAND: POST /session/eb46200be743186ea26e5ac661c9a518/element - {"using":"xpath","value":"//bdi[contains(text(), \"OK\")]"}
RESULT: {"using":"xpath","value":"//bdi[contains(text(), \"OK\")]"}
COMMAND: POST /session/eb46200be743186ea26e5ac661c9a518/element/f.E118EE213315F22AD902502108153141.d.6BB32030AEEFA8057791DE8041C17720.e.3954/click - {}
RESULT: {}
COMMAND: GET /session/eb46200be743186ea26e5ac661c9a518/screenshot - {}
RESULT: {}
COMMAND: POST /session/eb46200be743186ea26e5ac661c9a518/element - {"using":"xpath","value":"(//bdi[contains(text(), \"Receive\")])[2]"}
RESULT: {"using":"xpath","value":"(//bdi[contains(text(), \"Receive\")])[2]"}
COMMAND: POST /session/eb46200be743186ea26e5ac661c9a518/element/f.E118EE213315F22AD902502108153141.d.6BB32030AEEFA8057791DE8041C17720.e.3956/click - {}
RESULT: {}
COMMAND: GET /session/eb46200be743186ea26e5ac661c9a518/screenshot - {}
RESULT: {}
COMMAND: POST /session/eb46200be743186ea26e5ac661c9a518/element - {"using":"css selector","value":"#shell-header-logo"}
RESULT: {"using":"css selector","value":"#shell-header-logo"}
COMMAND: POST /session/eb46200be743186ea26e5ac661c9a518/element/f.E118EE213315F22AD902502108153141.d.6BB32030AEEFA8057791DE8041C17720.e.3339/click - {}
RESULT: {}
COMMAND: GET /session/eb46200be743186ea26e5ac661c9a518/screenshot - {}
RESULT: {}
]]></system-out>
    </testcase>
    <testcase classname="chrome.136_0_7103_93.windows.Tests_for_Mass_State_Change_on_Manage_States_&amp;_Performances_US104416_US" name="Prereq Should create a new contract" time="61.936">
      <system-out><![CDATA[
COMMAND: POST /session/eb46200be743186ea26e5ac661c9a518/execute/async - {"script":"<script> [1562 bytes]","args":[{"selector":{"controlType":"sap.m.GenericTile","properties":{"header":"Manage Contracts"}},"wdio_ui5_key":"sapm.GenericTile{\"header\":\"Manage Contracts\"}"}]}
RESULT: {"script":"<script> [1562 bytes]","args":[{"selector":{"controlType":"sap.m.GenericTile","properties":{"header":"Manage Contracts"}},"wdio_ui5_key":"sapm.GenericTile{\"header\":\"Manage Contracts\"}"}]}
RESULT: undefined
COMMAND: POST /session/eb46200be743186ea26e5ac661c9a518/element - {"using":"xpath","value":"//*[@id=\"__tile130\"]"}
RESULT: {"using":"xpath","value":"//*[@id=\"__tile130\"]"}
COMMAND: POST /session/eb46200be743186ea26e5ac661c9a518/element/f.E118EE213315F22AD902502108153141.d.6BB32030AEEFA8057791DE8041C17720.e.2579/click - {}
RESULT: {}
COMMAND: GET /session/eb46200be743186ea26e5ac661c9a518/screenshot - {}
RESULT: {}
COMMAND: POST /session/eb46200be743186ea26e5ac661c9a518/elements - {"using":"xpath","value":"//span[text()='Error']"}
RESULT: {"using":"xpath","value":"//span[text()='Error']"}
COMMAND: POST /session/eb46200be743186ea26e5ac661c9a518/element - {"using":"xpath","value":"//button[@data-kt=\"addButton\"]"}
RESULT: {"using":"xpath","value":"//button[@data-kt=\"addButton\"]"}
COMMAND: POST /session/eb46200be743186ea26e5ac661c9a518/elements - {"using":"xpath","value":"//button[@data-kt=\"addButton\"]"}
RESULT: {"using":"xpath","value":"//button[@data-kt=\"addButton\"]"}
COMMAND: POST /session/eb46200be743186ea26e5ac661c9a518/execute/sync - {"script":"<script> [8489 bytes]","args":[{"element-6066-11e4-a52e-4f735466cecf":"f.E118EE213315F22AD902502108153141.d.6BB32030AEEFA8057791DE8041C17720.e.4180","ELEMENT":"f.E118EE213315F22AD902502108153141.d.6BB32030AEEFA8057791DE8041C17720.e.4180"}]}
RESULT: {"script":"<script> [8489 bytes]","args":[{"element-6066-11e4-a52e-4f735466cecf":"f.E118EE213315F22AD902502108153141.d.6BB32030AEEFA8057791DE8041C17720.e.4180","ELEMENT":"f.E118EE213315F22AD902502108153141.d.6BB32030AEEFA8057791DE8041C17720.e.4180"}]}
COMMAND: GET /session/eb46200be743186ea26e5ac661c9a518/element/f.E118EE213315F22AD902502108153141.d.6BB32030AEEFA8057791DE8041C17720.e.4180/enabled - {}
COMMAND: GET /session/eb46200be743186ea26e5ac661c9a518/screenshot - {}
RESULT: {}
COMMAND: POST /session/eb46200be743186ea26e5ac661c9a518/execute/sync - {"script":"<script> [8489 bytes]","args":[{"element-6066-11e4-a52e-4f735466cecf":"f.E118EE213315F22AD902502108153141.d.6BB32030AEEFA8057791DE8041C17720.e.4180","ELEMENT":"f.E118EE213315F22AD902502108153141.d.6BB32030AEEFA8057791DE8041C17720.e.4180"}]}
COMMAND: GET /session/eb46200be743186ea26e5ac661c9a518/screenshot - {}
RESULT: {}
RESULT: {"script":"<script> [8489 bytes]","args":[{"element-6066-11e4-a52e-4f735466cecf":"f.E118EE213315F22AD902502108153141.d.6BB32030AEEFA8057791DE8041C17720.e.4180","ELEMENT":"f.E118EE213315F22AD902502108153141.d.6BB32030AEEFA8057791DE8041C17720.e.4180"}]}
COMMAND: POST /session/eb46200be743186ea26e5ac661c9a518/execute/sync - {"script":"<script> [5351 bytes]","args":[{"element-6066-11e4-a52e-4f735466cecf":"f.E118EE213315F22AD902502108153141.d.6BB32030AEEFA8057791DE8041C17720.e.4180","ELEMENT":"f.E118EE213315F22AD902502108153141.d.6BB32030AEEFA8057791DE8041C17720.e.4180"}]}
COMMAND: GET /session/eb46200be743186ea26e5ac661c9a518/screenshot - {}
RESULT: {}
RESULT: {"script":"<script> [5351 bytes]","args":[{"element-6066-11e4-a52e-4f735466cecf":"f.E118EE213315F22AD902502108153141.d.6BB32030AEEFA8057791DE8041C17720.e.4180","ELEMENT":"f.E118EE213315F22AD902502108153141.d.6BB32030AEEFA8057791DE8041C17720.e.4180"}]}
COMMAND: GET /session/eb46200be743186ea26e5ac661c9a518/screenshot - {}
RESULT: {}
RESULT: {}
COMMAND: POST /session/eb46200be743186ea26e5ac661c9a518/element/f.E118EE213315F22AD902502108153141.d.6BB32030AEEFA8057791DE8041C17720.e.4180/click - {}
RESULT: {}
COMMAND: GET /session/eb46200be743186ea26e5ac661c9a518/screenshot - {}
COMMAND: POST /session/eb46200be743186ea26e5ac661c9a518/execute/async - {"script":"<script> [1562 bytes]","args":[{"selector":{"id":"application-managecontracts-display-component---AddNewContract--projectDescription","interaction":{"idSuffix":"inner"}},"wdio_ui5_key":"applicationmanagecontracts-display-component---AddNewContract--projectDescription"}]}
RESULT: {}
RESULT: {"script":"<script> [1562 bytes]","args":[{"selector":{"id":"application-managecontracts-display-component---AddNewContract--projectDescription","interaction":{"idSuffix":"inner"}},"wdio_ui5_key":"applicationmanagecontracts-display-component---AddNewContract--projectDescription"}]}
RESULT: undefined
COMMAND: POST /session/eb46200be743186ea26e5ac661c9a518/execute/async - {"script":"<script> [776 bytes]","args":[{"enterText":"Contract WDIO","selector":{"id":"application-managecontracts-display-component---AddNewContract--projectDescription","interaction":{"idSuffix":"inner"}},"clearTextFirst":true,"interactionType":"ENTER_TEXT"}]}
RESULT: {"script":"<script> [776 bytes]","args":[{"enterText":"Contract WDIO","selector":{"id":"application-managecontracts-display-component---AddNewContract--projectDescription","interaction":{"idSuffix":"inner"}},"clearTextFirst":true,"interactionType":"ENTER_TEXT"}]}
COMMAND: POST /session/eb46200be743186ea26e5ac661c9a518/element - {"using":"xpath","value":"//input[@id=\"application-managecontracts-display-component---AddNewContract--site-inner\"]"}
RESULT: {"using":"xpath","value":"//input[@id=\"application-managecontracts-display-component---AddNewContract--site-inner\"]"}
COMMAND: POST /session/eb46200be743186ea26e5ac661c9a518/element/f.E118EE213315F22AD902502108153141.d.6BB32030AEEFA8057791DE8041C17720.e.4496/clear - {}
RESULT: {}
COMMAND: POST /session/eb46200be743186ea26e5ac661c9a518/element/f.E118EE213315F22AD902502108153141.d.6BB32030AEEFA8057791DE8041C17720.e.4496/value - {"text":"2246"}
COMMAND: GET /session/eb46200be743186ea26e5ac661c9a518/screenshot - {}
RESULT: {"text":"2246"}
COMMAND: GET /session/eb46200be743186ea26e5ac661c9a518/screenshot - {}
RESULT: {}
RESULT: {}
COMMAND: POST /session/eb46200be743186ea26e5ac661c9a518/element - {"using":"xpath","value":"//li[.//span[text()='2246']]"}
RESULT: {"using":"xpath","value":"//li[.//span[text()='2246']]"}
COMMAND: POST /session/eb46200be743186ea26e5ac661c9a518/element/f.E118EE213315F22AD902502108153141.d.6BB32030AEEFA8057791DE8041C17720.e.4579/click - {}
RESULT: {}
COMMAND: GET /session/eb46200be743186ea26e5ac661c9a518/screenshot - {}
RESULT: {}
COMMAND: POST /session/eb46200be743186ea26e5ac661c9a518/element - {"using":"xpath","value":"//input[@id=\"application-managecontracts-display-component---AddNewContract--yardId-inner\"]"}
RESULT: {"using":"xpath","value":"//input[@id=\"application-managecontracts-display-component---AddNewContract--yardId-inner\"]"}
COMMAND: GET /session/eb46200be743186ea26e5ac661c9a518/element/f.E118EE213315F22AD902502108153141.d.6BB32030AEEFA8057791DE8041C17720.e.4497/property/value - {}
RESULT: {}
COMMAND: POST /session/eb46200be743186ea26e5ac661c9a518/element - {"using":"xpath","value":"//input[@id=\"application-managecontracts-display-component---AddNewContract--customerSelect-inner\"]"}
COMMAND: GET /session/eb46200be743186ea26e5ac661c9a518/screenshot - {}
RESULT: {"using":"xpath","value":"//input[@id=\"application-managecontracts-display-component---AddNewContract--customerSelect-inner\"]"}
COMMAND: POST /session/eb46200be743186ea26e5ac661c9a518/element/f.E118EE213315F22AD902502108153141.d.6BB32030AEEFA8057791DE8041C17720.e.4495/clear - {}
RESULT: {}
RESULT: {}
COMMAND: POST /session/eb46200be743186ea26e5ac661c9a518/element/f.E118EE213315F22AD902502108153141.d.6BB32030AEEFA8057791DE8041C17720.e.4495/value - {"text":"1284"}
COMMAND: GET /session/eb46200be743186ea26e5ac661c9a518/screenshot - {}
RESULT: {"text":"1284"}
COMMAND: GET /session/eb46200be743186ea26e5ac661c9a518/screenshot - {}
RESULT: {}
RESULT: {}
COMMAND: POST /session/eb46200be743186ea26e5ac661c9a518/element - {"using":"xpath","value":"//li[.//span[text()='1284']]"}
RESULT: {"using":"xpath","value":"//li[.//span[text()='1284']]"}
COMMAND: POST /session/eb46200be743186ea26e5ac661c9a518/element/f.E118EE213315F22AD902502108153141.d.6BB32030AEEFA8057791DE8041C17720.e.4582/click - {}
RESULT: {}
COMMAND: GET /session/eb46200be743186ea26e5ac661c9a518/screenshot - {}
RESULT: {}
COMMAND: POST /session/eb46200be743186ea26e5ac661c9a518/element - {"using":"xpath","value":"//button[@data-kt=\"saveButton\"]"}
RESULT: {"using":"xpath","value":"//button[@data-kt=\"saveButton\"]"}
COMMAND: POST /session/eb46200be743186ea26e5ac661c9a518/element/f.E118EE213315F22AD902502108153141.d.6BB32030AEEFA8057791DE8041C17720.e.4572/click - {}
RESULT: {}
COMMAND: GET /session/eb46200be743186ea26e5ac661c9a518/screenshot - {}
RESULT: {}
COMMAND: POST /session/eb46200be743186ea26e5ac661c9a518/element - {"using":"xpath","value":"//span[contains(@id ,\"contractDetailTitleNoExpanded\")]"}
RESULT: {"using":"xpath","value":"//span[contains(@id ,\"contractDetailTitleNoExpanded\")]"}
COMMAND: POST /session/eb46200be743186ea26e5ac661c9a518/elements - {"using":"xpath","value":"//span[contains(@id ,\"contractDetailTitleNoExpanded\")]"}
RESULT: {"using":"xpath","value":"//span[contains(@id ,\"contractDetailTitleNoExpanded\")]"}
COMMAND: POST /session/eb46200be743186ea26e5ac661c9a518/execute/sync - {"script":"<script> [56 bytes]","args":[{"element-6066-11e4-a52e-4f735466cecf":"f.E118EE213315F22AD902502108153141.d.6BB32030AEEFA8057791DE8041C17720.e.4598","ELEMENT":"f.E118EE213315F22AD902502108153141.d.6BB32030AEEFA8057791DE8041C17720.e.4598"}]}
RESULT: {"script":"<script> [56 bytes]","args":[{"element-6066-11e4-a52e-4f735466cecf":"f.E118EE213315F22AD902502108153141.d.6BB32030AEEFA8057791DE8041C17720.e.4598","ELEMENT":"f.E118EE213315F22AD902502108153141.d.6BB32030AEEFA8057791DE8041C17720.e.4598"}]}
COMMAND: GET /session/eb46200be743186ea26e5ac661c9a518/screenshot - {}
RESULT: {}
]]></system-out>
    </testcase>
    <testcase classname="chrome.136_0_7103_93.windows.Tests_for_Mass_State_Change_on_Manage_States_&amp;_Performances_US104416_US" name="Prereq Should add created equipment to contract but to have the item 2 days earlier" time="64.859">
      <system-out><![CDATA[
COMMAND: POST /session/eb46200be743186ea26e5ac661c9a518/element - {"using":"xpath","value":"//button[@data-kt=\"contractDetailEditBtnButton\"]"}
RESULT: {"using":"xpath","value":"//button[@data-kt=\"contractDetailEditBtnButton\"]"}
COMMAND: POST /session/eb46200be743186ea26e5ac661c9a518/element/f.E118EE213315F22AD902502108153141.d.6BB32030AEEFA8057791DE8041C17720.e.4600/click - {}
RESULT: {}
COMMAND: GET /session/eb46200be743186ea26e5ac661c9a518/screenshot - {}
RESULT: {}
COMMAND: POST /session/eb46200be743186ea26e5ac661c9a518/element - {"using":"xpath","value":"(//span[contains(text(), \"Additional Addresses\")])[2]"}
RESULT: {"using":"xpath","value":"(//span[contains(text(), \"Additional Addresses\")])[2]"}
COMMAND: POST /session/eb46200be743186ea26e5ac661c9a518/element/f.E118EE213315F22AD902502108153141.d.6BB32030AEEFA8057791DE8041C17720.e.4655/click - {}
RESULT: {}
COMMAND: GET /session/eb46200be743186ea26e5ac661c9a518/screenshot - {}
RESULT: {}
COMMAND: POST /session/eb46200be743186ea26e5ac661c9a518/element - {"using":"xpath","value":"//button[@data-kt=\"btnAddTableRowOverflowToolbarButton\"]"}
RESULT: {"using":"xpath","value":"//button[@data-kt=\"btnAddTableRowOverflowToolbarButton\"]"}
COMMAND: POST /session/eb46200be743186ea26e5ac661c9a518/element/f.E118EE213315F22AD902502108153141.d.6BB32030AEEFA8057791DE8041C17720.e.4657/click - {}
RESULT: {}
COMMAND: GET /session/eb46200be743186ea26e5ac661c9a518/screenshot - {}
RESULT: {}
COMMAND: POST /session/eb46200be743186ea26e5ac661c9a518/element - {"using":"xpath","value":"//div[(text() = 'Standard Entry' or . = 'Standard Entry')]"}
RESULT: {"using":"xpath","value":"//div[(text() = 'Standard Entry' or . = 'Standard Entry')]"}
COMMAND: POST /session/eb46200be743186ea26e5ac661c9a518/element/f.E118EE213315F22AD902502108153141.d.6BB32030AEEFA8057791DE8041C17720.e.4659/click - {}
RESULT: {}
COMMAND: GET /session/eb46200be743186ea26e5ac661c9a518/screenshot - {}
RESULT: {}
COMMAND: POST /session/eb46200be743186ea26e5ac661c9a518/element - {"using":"xpath","value":"//td[6]/div/div/div/span"}
RESULT: {"using":"xpath","value":"//td[6]/div/div/div/span"}
COMMAND: POST /session/eb46200be743186ea26e5ac661c9a518/element/f.E118EE213315F22AD902502108153141.d.6BB32030AEEFA8057791DE8041C17720.e.4671/click - {}
RESULT: {}
COMMAND: GET /session/eb46200be743186ea26e5ac661c9a518/screenshot - {}
RESULT: {}
COMMAND: POST /session/eb46200be743186ea26e5ac661c9a518/element - {"using":"xpath","value":"(//span[contains(text(), \"Equi Multipart\")])"}
RESULT: {"using":"xpath","value":"(//span[contains(text(), \"Equi Multipart\")])"}
COMMAND: POST /session/eb46200be743186ea26e5ac661c9a518/element/f.E118EE213315F22AD902502108153141.d.6BB32030AEEFA8057791DE8041C17720.e.4672/click - {}
RESULT: {}
COMMAND: GET /session/eb46200be743186ea26e5ac661c9a518/screenshot - {}
RESULT: {}
COMMAND: POST /session/eb46200be743186ea26e5ac661c9a518/element - {"using":"xpath","value":"//td[7]/div/div/input"}
RESULT: {"using":"xpath","value":"//td[7]/div/div/input"}
COMMAND: POST /session/eb46200be743186ea26e5ac661c9a518/element/f.E118EE213315F22AD902502108153141.d.6BB32030AEEFA8057791DE8041C17720.e.4676/clear - {}
RESULT: {}
COMMAND: POST /session/eb46200be743186ea26e5ac661c9a518/element/f.E118EE213315F22AD902502108153141.d.6BB32030AEEFA8057791DE8041C17720.e.4676/value - {"text":"400030"}
COMMAND: GET /session/eb46200be743186ea26e5ac661c9a518/screenshot - {}
RESULT: {"text":"400030"}
COMMAND: GET /session/eb46200be743186ea26e5ac661c9a518/screenshot - {}
RESULT: {}
RESULT: {}
COMMAND: POST /session/eb46200be743186ea26e5ac661c9a518/actions - {"actions":[{"id":"action14","type":"key","parameters":{},"actions":[{"type":"keyDown","value":""},{"type":"pause","duration":10},{"type":"keyUp","value":""}]}]}
RESULT: {"actions":[{"id":"action14","type":"key","parameters":{},"actions":[{"type":"keyDown","value":""},{"type":"pause","duration":10},{"type":"keyUp","value":""}]}]}
COMMAND: GET /session/eb46200be743186ea26e5ac661c9a518/screenshot - {}
RESULT: {}
COMMAND: POST /session/eb46200be743186ea26e5ac661c9a518/execute/sync - {"script":"<script> [276 bytes]","args":["No pricing information was found"]}
RESULT: {"script":"<script> [276 bytes]","args":["No pricing information was found"]}
COMMAND: POST /session/eb46200be743186ea26e5ac661c9a518/element - {"using":"xpath","value":"//bdi[contains(text(), \"OK\")]"}
COMMAND: GET /session/eb46200be743186ea26e5ac661c9a518/screenshot - {}
RESULT: {"using":"xpath","value":"//bdi[contains(text(), \"OK\")]"}
COMMAND: POST /session/eb46200be743186ea26e5ac661c9a518/element/f.E118EE213315F22AD902502108153141.d.6BB32030AEEFA8057791DE8041C17720.e.4701/click - {}
RESULT: {}
RESULT: {}
COMMAND: GET /session/eb46200be743186ea26e5ac661c9a518/screenshot - {}
RESULT: {}
COMMAND: POST /session/eb46200be743186ea26e5ac661c9a518/element - {"using":"xpath","value":"//td[19]/div/div/input"}
RESULT: {"using":"xpath","value":"//td[19]/div/div/input"}
COMMAND: POST /session/eb46200be743186ea26e5ac661c9a518/element/f.E118EE213315F22AD902502108153141.d.6BB32030AEEFA8057791DE8041C17720.e.4698/clear - {}
RESULT: {}
COMMAND: POST /session/eb46200be743186ea26e5ac661c9a518/element/f.E118EE213315F22AD902502108153141.d.6BB32030AEEFA8057791DE8041C17720.e.4698/value - {"text":"5/27/25"}
COMMAND: GET /session/eb46200be743186ea26e5ac661c9a518/screenshot - {}
RESULT: {"text":"5/27/25"}
COMMAND: GET /session/eb46200be743186ea26e5ac661c9a518/screenshot - {}
RESULT: {}
RESULT: {}
COMMAND: POST /session/eb46200be743186ea26e5ac661c9a518/element - {"using":"xpath","value":"(//button[@data-kt=\"saveButton\"])[2]"}
RESULT: {"using":"xpath","value":"(//button[@data-kt=\"saveButton\"])[2]"}
COMMAND: POST /session/eb46200be743186ea26e5ac661c9a518/element/f.E118EE213315F22AD902502108153141.d.6BB32030AEEFA8057791DE8041C17720.e.4703/click - {}
RESULT: {}
COMMAND: GET /session/eb46200be743186ea26e5ac661c9a518/screenshot - {}
RESULT: {}
COMMAND: POST /session/eb46200be743186ea26e5ac661c9a518/execute/sync - {"script":"<script> [276 bytes]","args":["Some contract items are having rental validity exceeding header rental validity"]}
RESULT: {"script":"<script> [276 bytes]","args":["Some contract items are having rental validity exceeding header rental validity"]}
COMMAND: POST /session/eb46200be743186ea26e5ac661c9a518/element - {"using":"xpath","value":"//bdi[contains(text(), \"OK\")]"}
COMMAND: GET /session/eb46200be743186ea26e5ac661c9a518/screenshot - {}
RESULT: {"using":"xpath","value":"//bdi[contains(text(), \"OK\")]"}
COMMAND: POST /session/eb46200be743186ea26e5ac661c9a518/element/f.E118EE213315F22AD902502108153141.d.6BB32030AEEFA8057791DE8041C17720.e.4706/click - {}
RESULT: {}
RESULT: {}
COMMAND: GET /session/eb46200be743186ea26e5ac661c9a518/screenshot - {}
RESULT: {}
COMMAND: POST /session/eb46200be743186ea26e5ac661c9a518/element - {"using":"xpath","value":"//span[contains(@id ,\"contractItemsSmartTable-header-inner\")]"}
RESULT: {"using":"xpath","value":"//span[contains(@id ,\"contractItemsSmartTable-header-inner\")]"}
COMMAND: POST /session/eb46200be743186ea26e5ac661c9a518/elements - {"using":"xpath","value":"//span[contains(@id ,\"contractItemsSmartTable-header-inner\")]"}
RESULT: {"using":"xpath","value":"//span[contains(@id ,\"contractItemsSmartTable-header-inner\")]"}
COMMAND: POST /session/eb46200be743186ea26e5ac661c9a518/execute/sync - {"script":"<script> [56 bytes]","args":[{"element-6066-11e4-a52e-4f735466cecf":"f.E118EE213315F22AD902502108153141.d.6BB32030AEEFA8057791DE8041C17720.e.4713","ELEMENT":"f.E118EE213315F22AD902502108153141.d.6BB32030AEEFA8057791DE8041C17720.e.4713"}]}
RESULT: {"script":"<script> [56 bytes]","args":[{"element-6066-11e4-a52e-4f735466cecf":"f.E118EE213315F22AD902502108153141.d.6BB32030AEEFA8057791DE8041C17720.e.4713","ELEMENT":"f.E118EE213315F22AD902502108153141.d.6BB32030AEEFA8057791DE8041C17720.e.4713"}]}
COMMAND: GET /session/eb46200be743186ea26e5ac661c9a518/screenshot - {}
]]></system-out>
    </testcase>
    <testcase classname="chrome.136_0_7103_93.windows.Tests_for_Mass_State_Change_on_Manage_States_&amp;_Performances_US104416_US" name="Prereq Should do a provide to site handover for today" time="63.785">
      <system-out><![CDATA[
COMMAND: POST /session/eb46200be743186ea26e5ac661c9a518/element - {"using":"xpath","value":"//button[@data-kt=\"provideButton\"]"}
RESULT: {}
RESULT: {"using":"xpath","value":"//button[@data-kt=\"provideButton\"]"}
COMMAND: POST /session/eb46200be743186ea26e5ac661c9a518/element/f.E118EE213315F22AD902502108153141.d.6BB32030AEEFA8057791DE8041C17720.e.4714/click - {}
RESULT: {}
COMMAND: GET /session/eb46200be743186ea26e5ac661c9a518/screenshot - {}
RESULT: {}
RESULT: undefined
COMMAND: POST /session/eb46200be743186ea26e5ac661c9a518/execute/async - {"script":"<script> [6424 bytes]","args":[{"element-6066-11e4-a52e-4f735466cecf":"f.E118EE213315F22AD902502108153141.d.6BB32030AEEFA8057791DE8041C17720.e.3720"},"setValue",["5/29/25"]]}
COMMAND: POST /session/eb46200be743186ea26e5ac661c9a518/execute/async - {"script":"<script> [1562 bytes]","args":[{"selector":{"id":"application-managehandovers-display-component---AddNewHO--dueDate","interaction":{"idSuffix":"inner"}},"wdio_ui5_key":"applicationmanagehandovers-display-component---AddNewHO--dueDate"}]}
RESULT: {"script":"<script> [1562 bytes]","args":[{"selector":{"id":"application-managehandovers-display-component---AddNewHO--dueDate","interaction":{"idSuffix":"inner"}},"wdio_ui5_key":"applicationmanagehandovers-display-component---AddNewHO--dueDate"}]}
COMMAND: POST /session/eb46200be743186ea26e5ac661c9a518/execute/async - {"script":"<script> [6424 bytes]","args":[{"element-6066-11e4-a52e-4f735466cecf":"f.E118EE213315F22AD902502108153141.d.6BB32030AEEFA8057791DE8041C17720.e.4790"},"setValue",["5/29/25"]]}
RESULT: {"script":"<script> [6424 bytes]","args":[{"element-6066-11e4-a52e-4f735466cecf":"f.E118EE213315F22AD902502108153141.d.6BB32030AEEFA8057791DE8041C17720.e.4790"},"setValue",["5/29/25"]]}
COMMAND: POST /session/eb46200be743186ea26e5ac661c9a518/element - {"using":"xpath","value":"//bdi[contains(text(), \"Instructions\")]"}
RESULT: {"using":"xpath","value":"//bdi[contains(text(), \"Instructions\")]"}
COMMAND: POST /session/eb46200be743186ea26e5ac661c9a518/element/f.E118EE213315F22AD902502108153141.d.6BB32030AEEFA8057791DE8041C17720.e.5023/click - {}
RESULT: {}
COMMAND: GET /session/eb46200be743186ea26e5ac661c9a518/screenshot - {}
RESULT: {}
COMMAND: POST /session/eb46200be743186ea26e5ac661c9a518/element - {"using":"xpath","value":"//button[@data-kt=\"AddNewHOProvideAddItemsButton\"]"}
RESULT: {"using":"xpath","value":"//button[@data-kt=\"AddNewHOProvideAddItemsButton\"]"}
COMMAND: POST /session/eb46200be743186ea26e5ac661c9a518/element/f.E118EE213315F22AD902502108153141.d.6BB32030AEEFA8057791DE8041C17720.e.5027/click - {}
RESULT: {}
COMMAND: GET /session/eb46200be743186ea26e5ac661c9a518/screenshot - {}
RESULT: {}
RESULT: undefined
COMMAND: POST /session/eb46200be743186ea26e5ac661c9a518/element - {"using":"xpath","value":"//*[@id=\"application-managehandovers-display-component---AddNewHO--popup-sa\"]"}
RESULT: {"using":"xpath","value":"//*[@id=\"application-managehandovers-display-component---AddNewHO--popup-sa\"]"}
COMMAND: POST /session/eb46200be743186ea26e5ac661c9a518/element/f.E118EE213315F22AD902502108153141.d.6BB32030AEEFA8057791DE8041C17720.e.5037/click - {}
RESULT: {}
COMMAND: GET /session/eb46200be743186ea26e5ac661c9a518/screenshot - {}
RESULT: {}
COMMAND: POST /session/eb46200be743186ea26e5ac661c9a518/element - {"using":"xpath","value":"//*[contains(@id ,\"BDI-content\")][contains(text(), \"Select\")]"}
RESULT: {"using":"xpath","value":"//*[contains(@id ,\"BDI-content\")][contains(text(), \"Select\")]"}
COMMAND: POST /session/eb46200be743186ea26e5ac661c9a518/element/f.E118EE213315F22AD902502108153141.d.6BB32030AEEFA8057791DE8041C17720.e.5039/click - {}
RESULT: {}
COMMAND: GET /session/eb46200be743186ea26e5ac661c9a518/screenshot - {}
RESULT: {}
COMMAND: POST /session/eb46200be743186ea26e5ac661c9a518/execute/async - {"script":"<script> [1562 bytes]","args":[{"selector":{"id":"application-managehandovers-display-component---AddNewHO--confirmCreationButton","interaction":{"idSuffix":"BDI-content"}},"wdio_ui5_key":"applicationmanagehandovers-display-component---AddNewHO--confirmCreationButton"}]}
RESULT: {"script":"<script> [1562 bytes]","args":[{"selector":{"id":"application-managehandovers-display-component---AddNewHO--confirmCreationButton","interaction":{"idSuffix":"BDI-content"}},"wdio_ui5_key":"applicationmanagehandovers-display-component---AddNewHO--confirmCreationButton"}]}
RESULT: undefined
COMMAND: POST /session/eb46200be743186ea26e5ac661c9a518/element - {"using":"xpath","value":"//*[@id=\"application-managehandovers-display-component---AddNewHO--confirmCreationButton\"]"}
RESULT: {"using":"xpath","value":"//*[@id=\"application-managehandovers-display-component---AddNewHO--confirmCreationButton\"]"}
COMMAND: POST /session/eb46200be743186ea26e5ac661c9a518/element/f.E118EE213315F22AD902502108153141.d.6BB32030AEEFA8057791DE8041C17720.e.4837/click - {}
RESULT: {}
COMMAND: GET /session/eb46200be743186ea26e5ac661c9a518/screenshot - {}
RESULT: {}
COMMAND: POST /session/eb46200be743186ea26e5ac661c9a518/execute/async - {"script":"<script> [1562 bytes]","args":[{"selector":{"id":"issueDatePicker","viewName":"etm.portal.ui.managehandovers.view.DetailExecuteHO","interaction":{"idSuffix":"inner"}},"wdio_ui5_key":"issueDatePickeretmportal.ui.managehandovers.view.DetailExecuteHO"}]}
RESULT: {"script":"<script> [1562 bytes]","args":[{"selector":{"id":"issueDatePicker","viewName":"etm.portal.ui.managehandovers.view.DetailExecuteHO","interaction":{"idSuffix":"inner"}},"wdio_ui5_key":"issueDatePickeretmportal.ui.managehandovers.view.DetailExecuteHO"}]}
RESULT: undefined
COMMAND: POST /session/eb46200be743186ea26e5ac661c9a518/execute/async - {"script":"<script> [776 bytes]","args":[{"enterText":"5/29/25","selector":{"id":"issueDatePicker","viewName":"etm.portal.ui.managehandovers.view.DetailExecuteHO","interaction":{"idSuffix":"inner"}},"clearTextFirst":true,"interactionType":"ENTER_TEXT"}]}
RESULT: {"script":"<script> [776 bytes]","args":[{"enterText":"5/29/25","selector":{"id":"issueDatePicker","viewName":"etm.portal.ui.managehandovers.view.DetailExecuteHO","interaction":{"idSuffix":"inner"}},"clearTextFirst":true,"interactionType":"ENTER_TEXT"}]}
COMMAND: POST /session/eb46200be743186ea26e5ac661c9a518/element - {"using":"xpath","value":"//button[@data-kt=\"PickingTableConfirmAllButton\"]"}
RESULT: {"using":"xpath","value":"//button[@data-kt=\"PickingTableConfirmAllButton\"]"}
COMMAND: POST /session/eb46200be743186ea26e5ac661c9a518/element/f.E118EE213315F22AD902502108153141.d.6BB32030AEEFA8057791DE8041C17720.e.5095/click - {}
RESULT: {}
COMMAND: GET /session/eb46200be743186ea26e5ac661c9a518/screenshot - {}
RESULT: {}
COMMAND: POST /session/eb46200be743186ea26e5ac661c9a518/element - {"using":"xpath","value":"//bdi[contains(text(), \"OK\")]"}
RESULT: {"using":"xpath","value":"//bdi[contains(text(), \"OK\")]"}
COMMAND: POST /session/eb46200be743186ea26e5ac661c9a518/element/f.E118EE213315F22AD902502108153141.d.6BB32030AEEFA8057791DE8041C17720.e.5098/click - {}
RESULT: {}
COMMAND: GET /session/eb46200be743186ea26e5ac661c9a518/screenshot - {}
RESULT: {}
COMMAND: POST /session/eb46200be743186ea26e5ac661c9a518/element - {"using":"xpath","value":"//bdi[contains(text(), \"Issue\")]"}
RESULT: {"using":"xpath","value":"//bdi[contains(text(), \"Issue\")]"}
COMMAND: POST /session/eb46200be743186ea26e5ac661c9a518/element/f.E118EE213315F22AD902502108153141.d.6BB32030AEEFA8057791DE8041C17720.e.5100/click - {}
RESULT: {}
COMMAND: GET /session/eb46200be743186ea26e5ac661c9a518/screenshot - {}
RESULT: {}
COMMAND: POST /session/eb46200be743186ea26e5ac661c9a518/element - {"using":"css selector","value":"#shell-header-logo"}
RESULT: {"using":"css selector","value":"#shell-header-logo"}
COMMAND: POST /session/eb46200be743186ea26e5ac661c9a518/element/f.E118EE213315F22AD902502108153141.d.6BB32030AEEFA8057791DE8041C17720.e.4132/click - {}
RESULT: {}
COMMAND: GET /session/eb46200be743186ea26e5ac661c9a518/screenshot - {}
RESULT: {}
]]></system-out>
    </testcase>
    <testcase classname="chrome.136_0_7103_93.windows.Tests_for_Mass_State_Change_on_Manage_States_&amp;_Performances_US104416_US" name="Should do mass state change on the RU equip multipart 2 days in the future US104416" time="71.149">
      <system-out><![CDATA[
COMMAND: POST /session/eb46200be743186ea26e5ac661c9a518/execute/async - {"script":"<script> [1562 bytes]","args":[{"selector":{"controlType":"sap.m.GenericTile","properties":{"header":"Manage States & Performance"}},"wdio_ui5_key":"sapm.GenericTile{\"header\":\"Manage States & Performance\"}"}]}
RESULT: {"script":"<script> [1562 bytes]","args":[{"selector":{"controlType":"sap.m.GenericTile","properties":{"header":"Manage States & Performance"}},"wdio_ui5_key":"sapm.GenericTile{\"header\":\"Manage States & Performance\"}"}]}
RESULT: undefined
COMMAND: POST /session/eb46200be743186ea26e5ac661c9a518/element - {"using":"xpath","value":"//*[@id=\"__tile96\"]"}
RESULT: {"using":"xpath","value":"//*[@id=\"__tile96\"]"}
COMMAND: POST /session/eb46200be743186ea26e5ac661c9a518/element/f.E118EE213315F22AD902502108153141.d.6BB32030AEEFA8057791DE8041C17720.e.2635/click - {}
RESULT: {}
COMMAND: GET /session/eb46200be743186ea26e5ac661c9a518/screenshot - {}
RESULT: {}
COMMAND: POST /session/eb46200be743186ea26e5ac661c9a518/elements - {"using":"xpath","value":"//span[text()='Error']"}
RESULT: {"using":"xpath","value":"//span[text()='Error']"}
COMMAND: POST /session/eb46200be743186ea26e5ac661c9a518/element - {"using":"xpath","value":"//button[contains(@id, \"btnMassStateChange\")]"}
RESULT: {"using":"xpath","value":"//button[contains(@id, \"btnMassStateChange\")]"}
COMMAND: POST /session/eb46200be743186ea26e5ac661c9a518/elements - {"using":"xpath","value":"//button[contains(@id, \"btnMassStateChange\")]"}
RESULT: {"using":"xpath","value":"//button[contains(@id, \"btnMassStateChange\")]"}
COMMAND: POST /session/eb46200be743186ea26e5ac661c9a518/execute/sync - {"script":"<script> [8489 bytes]","args":[{"element-6066-11e4-a52e-4f735466cecf":"f.E118EE213315F22AD902502108153141.d.6BB32030AEEFA8057791DE8041C17720.e.5323","ELEMENT":"f.E118EE213315F22AD902502108153141.d.6BB32030AEEFA8057791DE8041C17720.e.5323"}]}
RESULT: {"script":"<script> [8489 bytes]","args":[{"element-6066-11e4-a52e-4f735466cecf":"f.E118EE213315F22AD902502108153141.d.6BB32030AEEFA8057791DE8041C17720.e.5323","ELEMENT":"f.E118EE213315F22AD902502108153141.d.6BB32030AEEFA8057791DE8041C17720.e.5323"}]}
COMMAND: GET /session/eb46200be743186ea26e5ac661c9a518/element/f.E118EE213315F22AD902502108153141.d.6BB32030AEEFA8057791DE8041C17720.e.5323/enabled - {}
COMMAND: GET /session/eb46200be743186ea26e5ac661c9a518/screenshot - {}
RESULT: {}
COMMAND: POST /session/eb46200be743186ea26e5ac661c9a518/execute/sync - {"script":"<script> [8489 bytes]","args":[{"element-6066-11e4-a52e-4f735466cecf":"f.E118EE213315F22AD902502108153141.d.6BB32030AEEFA8057791DE8041C17720.e.5323","ELEMENT":"f.E118EE213315F22AD902502108153141.d.6BB32030AEEFA8057791DE8041C17720.e.5323"}]}
COMMAND: GET /session/eb46200be743186ea26e5ac661c9a518/screenshot - {}
RESULT: {}
RESULT: {"script":"<script> [8489 bytes]","args":[{"element-6066-11e4-a52e-4f735466cecf":"f.E118EE213315F22AD902502108153141.d.6BB32030AEEFA8057791DE8041C17720.e.5323","ELEMENT":"f.E118EE213315F22AD902502108153141.d.6BB32030AEEFA8057791DE8041C17720.e.5323"}]}
COMMAND: POST /session/eb46200be743186ea26e5ac661c9a518/execute/sync - {"script":"<script> [5351 bytes]","args":[{"element-6066-11e4-a52e-4f735466cecf":"f.E118EE213315F22AD902502108153141.d.6BB32030AEEFA8057791DE8041C17720.e.5323","ELEMENT":"f.E118EE213315F22AD902502108153141.d.6BB32030AEEFA8057791DE8041C17720.e.5323"}]}
COMMAND: GET /session/eb46200be743186ea26e5ac661c9a518/screenshot - {}
RESULT: {}
RESULT: {"script":"<script> [5351 bytes]","args":[{"element-6066-11e4-a52e-4f735466cecf":"f.E118EE213315F22AD902502108153141.d.6BB32030AEEFA8057791DE8041C17720.e.5323","ELEMENT":"f.E118EE213315F22AD902502108153141.d.6BB32030AEEFA8057791DE8041C17720.e.5323"}]}
COMMAND: GET /session/eb46200be743186ea26e5ac661c9a518/screenshot - {}
RESULT: {}
RESULT: {}
COMMAND: POST /session/eb46200be743186ea26e5ac661c9a518/execute/async - {"script":"<script> [1562 bytes]","args":[{"selector":{"controlType":"sap.ui.core.Icon","viewName":"etm.portal.ui.managestatesandperformance.view.Master","viewId":"application-managestatesandperformance-display-component---stateAndPerform","properties":{"src":{"regex":{"source":"chart\\-table\\-view"}}}},"wdio_ui5_key":"etmportal.ui.managestatesandperformance.view.Mastersap.ui.core.Icon{\"src\":{\"regex\":{\"source\":\"chart\\\\-table\\\\-view\"}}}"}]}
RESULT: {"script":"<script> [1562 bytes]","args":[{"selector":{"controlType":"sap.ui.core.Icon","viewName":"etm.portal.ui.managestatesandperformance.view.Master","viewId":"application-managestatesandperformance-display-component---stateAndPerform","properties":{"src":{"regex":{"source":"chart\\-table\\-view"}}}},"wdio_ui5_key":"etmportal.ui.managestatesandperformance.view.Mastersap.ui.core.Icon{\"src\":{\"regex\":{\"source\":\"chart\\\\-table\\\\-view\"}}}"}]}
RESULT: undefined
COMMAND: POST /session/eb46200be743186ea26e5ac661c9a518/element - {"using":"xpath","value":"//*[@id=\"__filter61-icon\"]"}
RESULT: {"using":"xpath","value":"//*[@id=\"__filter61-icon\"]"}
COMMAND: POST /session/eb46200be743186ea26e5ac661c9a518/element/f.E118EE213315F22AD902502108153141.d.6BB32030AEEFA8057791DE8041C17720.e.5374/click - {}
RESULT: {}
COMMAND: POST /session/eb46200be743186ea26e5ac661c9a518/element/f.E118EE213315F22AD902502108153141.d.6BB32030AEEFA8057791DE8041C17720.e.5323/click - {}
COMMAND: GET /session/eb46200be743186ea26e5ac661c9a518/screenshot - {}
COMMAND: POST /session/eb46200be743186ea26e5ac661c9a518/element - {"using":"xpath","value":"//button[contains(@id, \"btnMassStateChange\")]"}
RESULT: {}
RESULT: {"using":"xpath","value":"//button[contains(@id, \"btnMassStateChange\")]"}
COMMAND: POST /session/eb46200be743186ea26e5ac661c9a518/element/f.E118EE213315F22AD902502108153141.d.6BB32030AEEFA8057791DE8041C17720.e.5323/click - {}
COMMAND: POST /session/eb46200be743186ea26e5ac661c9a518/element - {"using":"xpath","value":"//button[contains(@id, \"btnMassStateChange\")]"}
RESULT: {"using":"xpath","value":"//button[contains(@id, \"btnMassStateChange\")]"}
COMMAND: POST /session/eb46200be743186ea26e5ac661c9a518/element/f.E118EE213315F22AD902502108153141.d.6BB32030AEEFA8057791DE8041C17720.e.5391/click - {}
RESULT: {}
COMMAND: GET /session/eb46200be743186ea26e5ac661c9a518/screenshot - {}
RESULT: {}
COMMAND: POST /session/eb46200be743186ea26e5ac661c9a518/execute/async - {"script":"<script> [1562 bytes]","args":[{"selector":{"id":"application-managestatesandperformance-display-component---stateAndPerform--smartFilterBarContracts-btnBasicSearch","interaction":{"idSuffix":"I"}},"wdio_ui5_key":"applicationmanagestatesandperformance-display-component---stateAndPerform--smartFilterBarContracts-btnBasicSearch"}]}
RESULT: {"script":"<script> [1562 bytes]","args":[{"selector":{"id":"application-managestatesandperformance-display-component---stateAndPerform--smartFilterBarContracts-btnBasicSearch","interaction":{"idSuffix":"I"}},"wdio_ui5_key":"applicationmanagestatesandperformance-display-component---stateAndPerform--smartFilterBarContracts-btnBasicSearch"}]}
RESULT: undefined
COMMAND: POST /session/eb46200be743186ea26e5ac661c9a518/execute/async - {"script":"<script> [776 bytes]","args":[{"enterText":"400030","selector":{"id":"application-managestatesandperformance-display-component---stateAndPerform--smartFilterBarContracts-btnBasicSearch","interaction":{"idSuffix":"I"}},"clearTextFirst":true,"interactionType":"ENTER_TEXT"}]}
RESULT: {"script":"<script> [776 bytes]","args":[{"enterText":"400030","selector":{"id":"application-managestatesandperformance-display-component---stateAndPerform--smartFilterBarContracts-btnBasicSearch","interaction":{"idSuffix":"I"}},"clearTextFirst":true,"interactionType":"ENTER_TEXT"}]}
COMMAND: POST /session/eb46200be743186ea26e5ac661c9a518/actions - {"actions":[{"id":"action15","type":"key","parameters":{},"actions":[{"type":"keyDown","value":""},{"type":"pause","duration":10},{"type":"keyUp","value":""}]}]}
RESULT: {"actions":[{"id":"action15","type":"key","parameters":{},"actions":[{"type":"keyDown","value":""},{"type":"pause","duration":10},{"type":"keyUp","value":""}]}]}
COMMAND: GET /session/eb46200be743186ea26e5ac661c9a518/screenshot - {}
RESULT: {}
COMMAND: POST /session/eb46200be743186ea26e5ac661c9a518/element - {"using":"xpath","value":"//span[@id=\"application-managestatesandperformance-display-component---stateAndPerform--stateAndPerformContractItemsSmartTable-header-inner\"]"}
RESULT: {"using":"xpath","value":"//span[@id=\"application-managestatesandperformance-display-component---stateAndPerform--stateAndPerformContractItemsSmartTable-header-inner\"]"}
COMMAND: POST /session/eb46200be743186ea26e5ac661c9a518/elements - {"using":"xpath","value":"//span[@id=\"application-managestatesandperformance-display-component---stateAndPerform--stateAndPerformContractItemsSmartTable-header-inner\"]"}
RESULT: {"using":"xpath","value":"//span[@id=\"application-managestatesandperformance-display-component---stateAndPerform--stateAndPerformContractItemsSmartTable-header-inner\"]"}
COMMAND: POST /session/eb46200be743186ea26e5ac661c9a518/execute/sync - {"script":"<script> [56 bytes]","args":[{"element-6066-11e4-a52e-4f735466cecf":"f.E118EE213315F22AD902502108153141.d.6BB32030AEEFA8057791DE8041C17720.e.5560","ELEMENT":"f.E118EE213315F22AD902502108153141.d.6BB32030AEEFA8057791DE8041C17720.e.5560"}]}
RESULT: {"script":"<script> [56 bytes]","args":[{"element-6066-11e4-a52e-4f735466cecf":"f.E118EE213315F22AD902502108153141.d.6BB32030AEEFA8057791DE8041C17720.e.5560","ELEMENT":"f.E118EE213315F22AD902502108153141.d.6BB32030AEEFA8057791DE8041C17720.e.5560"}]}
COMMAND: POST /session/eb46200be743186ea26e5ac661c9a518/element - {"using":"xpath","value":"//table[contains(@id, \"stateAndPerform--stateAndPerformContractItemsTable-listUl\")]/tbody/tr[1]/td[2]/div/div"}
COMMAND: GET /session/eb46200be743186ea26e5ac661c9a518/screenshot - {}
RESULT: {"using":"xpath","value":"//table[contains(@id, \"stateAndPerform--stateAndPerformContractItemsTable-listUl\")]/tbody/tr[1]/td[2]/div/div"}
COMMAND: POST /session/eb46200be743186ea26e5ac661c9a518/element/f.E118EE213315F22AD902502108153141.d.6BB32030AEEFA8057791DE8041C17720.e.5561/click - {}
RESULT: {}
RESULT: {}
COMMAND: GET /session/eb46200be743186ea26e5ac661c9a518/screenshot - {}
RESULT: {}
COMMAND: POST /session/eb46200be743186ea26e5ac661c9a518/element/f.E118EE213315F22AD902502108153141.d.6BB32030AEEFA8057791DE8041C17720.e.5391/click - {}
RESULT: {}
COMMAND: GET /session/eb46200be743186ea26e5ac661c9a518/screenshot - {}
RESULT: {}
COMMAND: POST /session/eb46200be743186ea26e5ac661c9a518/execute/async - {"script":"<script> [1562 bytes]","args":[{"selector":{"id":"application-managestatesandperformance-display-component---stateAndPerform--ruStateTypes-arrow","searchOpenDialogs":true},"wdio_ui5_key":"applicationmanagestatesandperformance-display-component---stateAndPerform--ruStateTypes-arrow"}]}
RESULT: {"script":"<script> [1562 bytes]","args":[{"selector":{"id":"application-managestatesandperformance-display-component---stateAndPerform--ruStateTypes-arrow","searchOpenDialogs":true},"wdio_ui5_key":"applicationmanagestatesandperformance-display-component---stateAndPerform--ruStateTypes-arrow"}]}
RESULT: undefined
COMMAND: POST /session/eb46200be743186ea26e5ac661c9a518/element - {"using":"xpath","value":"//*[@id=\"application-managestatesandperformance-display-component---stateAndPerform--ruStateTypes-arrow\"]"}
RESULT: {"using":"xpath","value":"//*[@id=\"application-managestatesandperformance-display-component---stateAndPerform--ruStateTypes-arrow\"]"}
COMMAND: POST /session/eb46200be743186ea26e5ac661c9a518/element/f.E118EE213315F22AD902502108153141.d.6BB32030AEEFA8057791DE8041C17720.e.5570/click - {}
RESULT: {}
COMMAND: GET /session/eb46200be743186ea26e5ac661c9a518/screenshot - {}
RESULT: {}
COMMAND: POST /session/eb46200be743186ea26e5ac661c9a518/element - {"using":"xpath","value":"//li[.//span[text()=\"defect\"]]"}
RESULT: {"using":"xpath","value":"//li[.//span[text()=\"defect\"]]"}
COMMAND: POST /session/eb46200be743186ea26e5ac661c9a518/element/f.E118EE213315F22AD902502108153141.d.6BB32030AEEFA8057791DE8041C17720.e.5571/click - {}
RESULT: {}
COMMAND: GET /session/eb46200be743186ea26e5ac661c9a518/screenshot - {}
RESULT: {}
COMMAND: POST /session/eb46200be743186ea26e5ac661c9a518/execute/async - {"script":"<script> [1562 bytes]","args":[{"selector":{"id":"application-managestatesandperformance-display-component---stateAndPerform--effectiveDate","searchOpenDialogs":true,"interaction":{"idSuffix":"inner"}},"wdio_ui5_key":"applicationmanagestatesandperformance-display-component---stateAndPerform--effectiveDate"}]}
RESULT: {"script":"<script> [1562 bytes]","args":[{"selector":{"id":"application-managestatesandperformance-display-component---stateAndPerform--effectiveDate","searchOpenDialogs":true,"interaction":{"idSuffix":"inner"}},"wdio_ui5_key":"applicationmanagestatesandperformance-display-component---stateAndPerform--effectiveDate"}]}
RESULT: undefined
COMMAND: POST /session/eb46200be743186ea26e5ac661c9a518/execute/async - {"script":"<script> [776 bytes]","args":[{"enterText":"06/01/25","selector":{"id":"application-managestatesandperformance-display-component---stateAndPerform--effectiveDate","searchOpenDialogs":true,"interaction":{"idSuffix":"inner"}},"clearTextFirst":true,"interactionType":"ENTER_TEXT"}]}
RESULT: {"script":"<script> [776 bytes]","args":[{"enterText":"06/01/25","selector":{"id":"application-managestatesandperformance-display-component---stateAndPerform--effectiveDate","searchOpenDialogs":true,"interaction":{"idSuffix":"inner"}},"clearTextFirst":true,"interactionType":"ENTER_TEXT"}]}
COMMAND: POST /session/eb46200be743186ea26e5ac661c9a518/element - {"using":"xpath","value":"(//bdi[contains(text(), \"OK\")])[1]"}
RESULT: {"using":"xpath","value":"(//bdi[contains(text(), \"OK\")])[1]"}
COMMAND: POST /session/eb46200be743186ea26e5ac661c9a518/element/f.E118EE213315F22AD902502108153141.d.6BB32030AEEFA8057791DE8041C17720.e.5574/click - {}
RESULT: {}
COMMAND: GET /session/eb46200be743186ea26e5ac661c9a518/screenshot - {}
RESULT: {}
COMMAND: POST /session/eb46200be743186ea26e5ac661c9a518/element - {"using":"xpath","value":"(//bdi[contains(text(), \"OK\")])[2]"}
RESULT: {"using":"xpath","value":"(//bdi[contains(text(), \"OK\")])[2]"}
COMMAND: POST /session/eb46200be743186ea26e5ac661c9a518/element/f.E118EE213315F22AD902502108153141.d.6BB32030AEEFA8057791DE8041C17720.e.5578/click - {}
RESULT: {}
COMMAND: GET /session/eb46200be743186ea26e5ac661c9a518/screenshot - {}
RESULT: {}
COMMAND: POST /session/eb46200be743186ea26e5ac661c9a518/element - {"using":"css selector","value":"#shell-header-logo"}
RESULT: {"using":"css selector","value":"#shell-header-logo"}
COMMAND: POST /session/eb46200be743186ea26e5ac661c9a518/element/f.E118EE213315F22AD902502108153141.d.6BB32030AEEFA8057791DE8041C17720.e.5278/click - {}
RESULT: {}
COMMAND: GET /session/eb46200be743186ea26e5ac661c9a518/screenshot - {}
RESULT: {}
COMMAND: POST /session/eb46200be743186ea26e5ac661c9a518/element - {"using":"css selector","value":"#j_username"}
COMMAND: POST /session/eb46200be743186ea26e5ac661c9a518/url - {"url":"https://qa-testing-00-live-etm-ui.cfapps.eu10-004.hana.ondemand.com/"}
RESULT: {"using":"css selector","value":"#j_username"}
COMMAND: POST /session/eb46200be743186ea26e5ac661c9a518/element - {"using":"css selector","value":"#j_username"}
RESULT: {"url":"https://qa-testing-00-live-etm-ui.cfapps.eu10-004.hana.ondemand.com/"}
RESULT: undefined
COMMAND: GET /session/eb46200be743186ea26e5ac661c9a518/screenshot - {}
RESULT: {"using":"css selector","value":"#j_username"}
COMMAND: POST /session/eb46200be743186ea26e5ac661c9a518/element - {"using":"css selector","value":"#shell-header-logo"}
RESULT: {}
RESULT: {"using":"css selector","value":"#shell-header-logo"}
COMMAND: POST /session/eb46200be743186ea26e5ac661c9a518/execute/sync - {"script":"<script> [8489 bytes]","args":[{"element-6066-11e4-a52e-4f735466cecf":"f.E118EE213315F22AD902502108153141.d.540E25094908B8627187F8D5EADCCB38.e.5599","ELEMENT":"f.E118EE213315F22AD902502108153141.d.540E25094908B8627187F8D5EADCCB38.e.5599"}]}
RESULT: {"script":"<script> [8489 bytes]","args":[{"element-6066-11e4-a52e-4f735466cecf":"f.E118EE213315F22AD902502108153141.d.540E25094908B8627187F8D5EADCCB38.e.5599","ELEMENT":"f.E118EE213315F22AD902502108153141.d.540E25094908B8627187F8D5EADCCB38.e.5599"}]}
COMMAND: POST /session/eb46200be743186ea26e5ac661c9a518/element - {"using":"css selector","value":"#shell-header-logo"}
COMMAND: GET /session/eb46200be743186ea26e5ac661c9a518/screenshot - {}
RESULT: {"using":"css selector","value":"#shell-header-logo"}
COMMAND: POST /session/eb46200be743186ea26e5ac661c9a518/execute/sync - {"script":"<script> [8489 bytes]","args":[{"element-6066-11e4-a52e-4f735466cecf":"f.E118EE213315F22AD902502108153141.d.540E25094908B8627187F8D5EADCCB38.e.5599","ELEMENT":"f.E118EE213315F22AD902502108153141.d.540E25094908B8627187F8D5EADCCB38.e.5599"}]}
RESULT: {}
RESULT: {"script":"<script> [8489 bytes]","args":[{"element-6066-11e4-a52e-4f735466cecf":"f.E118EE213315F22AD902502108153141.d.540E25094908B8627187F8D5EADCCB38.e.5599","ELEMENT":"f.E118EE213315F22AD902502108153141.d.540E25094908B8627187F8D5EADCCB38.e.5599"}]}
COMMAND: POST /session/eb46200be743186ea26e5ac661c9a518/execute/sync - {"script":"<script> [5351 bytes]","args":[{"element-6066-11e4-a52e-4f735466cecf":"f.E118EE213315F22AD902502108153141.d.540E25094908B8627187F8D5EADCCB38.e.5599","ELEMENT":"f.E118EE213315F22AD902502108153141.d.540E25094908B8627187F8D5EADCCB38.e.5599"}]}
COMMAND: GET /session/eb46200be743186ea26e5ac661c9a518/screenshot - {}
RESULT: {"script":"<script> [5351 bytes]","args":[{"element-6066-11e4-a52e-4f735466cecf":"f.E118EE213315F22AD902502108153141.d.540E25094908B8627187F8D5EADCCB38.e.5599","ELEMENT":"f.E118EE213315F22AD902502108153141.d.540E25094908B8627187F8D5EADCCB38.e.5599"}]}
COMMAND: POST /session/eb46200be743186ea26e5ac661c9a518/element - {"using":"css selector","value":"#shell-header-logo"}
COMMAND: GET /session/eb46200be743186ea26e5ac661c9a518/screenshot - {}
RESULT: {}
RESULT: {"using":"css selector","value":"#shell-header-logo"}
COMMAND: POST /session/eb46200be743186ea26e5ac661c9a518/element/f.E118EE213315F22AD902502108153141.d.540E25094908B8627187F8D5EADCCB38.e.5599/click - {}
RESULT: {}
RESULT: {}
COMMAND: GET /session/eb46200be743186ea26e5ac661c9a518/screenshot - {}
RESULT: {}
COMMAND: POST /session/eb46200be743186ea26e5ac661c9a518/execute/async - {"script":"<script> [189 bytes]","args":[]}
RESULT: {"script":"<script> [189 bytes]","args":[]}
COMMAND: POST /session/eb46200be743186ea26e5ac661c9a518/execute/async - {"script":"<script> [123 bytes]","args":[]}
RESULT: {"script":"<script> [123 bytes]","args":[]}
COMMAND: POST /session/eb46200be743186ea26e5ac661c9a518/timeouts - {"script":"<number>"}
RESULT: {"script":"<number>"}
COMMAND: GET /session/eb46200be743186ea26e5ac661c9a518/timeouts - {}
RESULT: {}
RESULT: undefined
COMMAND: POST /session/eb46200be743186ea26e5ac661c9a518/execute/async - {"script":"<script> [2676 bytes]","args":[]}
RESULT: {"script":"<script> [2676 bytes]","args":[]}
COMMAND: POST /session/eb46200be743186ea26e5ac661c9a518/execute/async - {"script":"<script> [2342 bytes]","args":[{"protocol":"http","hostname":"0.0.0.0","path":"/","capabilities":{"browserName":"chrome","goog:chromeOptions":{"binary":"C:\\Program Files\\Google\\Chrome\\Application\\chrome.exe","args":["--start-maximized"]}},"logLevel":"warn","connectionRetryTimeout":120000,"connectionRetryCount":3,"logLevels":{},"enableDirectConnect":true,"strictSSL":true,"_":"65 more keys: [\"cacheDir\",\"port\",\"requestedCapabilities\",\"automationProtocol\",\"baseUrl\",\"waitforInterval\",\"waitforTimeout\",\"onReload\",\"beforeCommand\",\"afterCommand\",\"rootDir\",\"specs\",\"suites\",\"exclude\",\"groupLogsByTestSpec\",\"excludeDriverLogs\",\"bail\",\"framework\",\"reporters\",\"services\",\"maxInstances\",\"maxInstancesPerCapability\",\"injectGlobals\",\"filesToWatch\",\"execArgv\",\"runnerEnv\",\"runner\",\"shard\",\"specFileRetries\",\"specFileRetriesDelay\",\"specFileRetriesDeferred\",\"reporterSyncInterval\",\"reporterSyncTimeout\",\"cucumberFeaturesWithLineNumbers\",\"autoCompileOpts\",\"mochaOpts\",\"jasmineOpts\",\"cucumberOpts\",\"onPrepare\",\"onWorkerStart\",\"onWorkerEnd\",\"before\",\"beforeSession\",\"beforeSuite\",\"beforeHook\",\"beforeTest\",\"afterTest\",\"afterHook\",\"afterSuite\",\"afterSession\",\"after\",\"onComplete\",\"beforeAssertion\",\"afterAssertion\",\"beforeFeature\",\"beforeScenario\",\"beforeStep\",\"afterStep\",\"afterScenario\",\"afterFeature\",\"_\",\"suite\",\"$0\",\"ignoredWorkerServices\",\"wdi5\"]"}]}
RESULT: {"script":"<script> [2342 bytes]","args":[{"protocol":"http","hostname":"0.0.0.0","path":"/","capabilities":{"browserName":"chrome","goog:chromeOptions":{"binary":"C:\\Program Files\\Google\\Chrome\\Application\\chrome.exe","args":["--start-maximized"]}},"logLevel":"warn","connectionRetryTimeout":120000,"connectionRetryCount":3,"logLevels":{},"enableDirectConnect":true,"strictSSL":true,"_":"65 more keys: [\"cacheDir\",\"port\",\"requestedCapabilities\",\"automationProtocol\",\"baseUrl\",\"waitforInterval\",\"waitforTimeout\",\"onReload\",\"beforeCommand\",\"afterCommand\",\"rootDir\",\"specs\",\"suites\",\"exclude\",\"groupLogsByTestSpec\",\"excludeDriverLogs\",\"bail\",\"framework\",\"reporters\",\"services\",\"maxInstances\",\"maxInstancesPerCapability\",\"injectGlobals\",\"filesToWatch\",\"execArgv\",\"runnerEnv\",\"runner\",\"shard\",\"specFileRetries\",\"specFileRetriesDelay\",\"specFileRetriesDeferred\",\"reporterSyncInterval\",\"reporterSyncTimeout\",\"cucumberFeaturesWithLineNumbers\",\"autoCompileOpts\",\"mochaOpts\",\"jasmineOpts\",\"cucumberOpts\",\"onPrepare\",\"onWorkerStart\",\"onWorkerEnd\",\"before\",\"beforeSession\",\"beforeSuite\",\"beforeHook\",\"beforeTest\",\"afterTest\",\"afterHook\",\"afterSuite\",\"afterSession\",\"after\",\"onComplete\",\"beforeAssertion\",\"afterAssertion\",\"beforeFeature\",\"beforeScenario\",\"beforeStep\",\"afterStep\",\"afterScenario\",\"afterFeature\",\"_\",\"suite\",\"$0\",\"ignoredWorkerServices\",\"wdi5\"]"}]}
COMMAND: POST /session/eb46200be743186ea26e5ac661c9a518/execute/async - {"script":"<script> [21126 bytes]","args":[35000]}
RESULT: {"script":"<script> [21126 bytes]","args":[35000]}
COMMAND: POST /session/eb46200be743186ea26e5ac661c9a518/window/maximize - {}
RESULT: {}
COMMAND: POST /session/eb46200be743186ea26e5ac661c9a518/execute/async - {"script":"<script> [1562 bytes]","args":[{"selector":{"id":"shell-header","interaction":{"idSuffix":"icon"}},"wdio_ui5_key":"shellheader"}]}
COMMAND: GET /session/eb46200be743186ea26e5ac661c9a518/screenshot - {}
RESULT: {"script":"<script> [1562 bytes]","args":[{"selector":{"id":"shell-header","interaction":{"idSuffix":"icon"}},"wdio_ui5_key":"shellheader"}]}
RESULT: undefined
COMMAND: POST /session/eb46200be743186ea26e5ac661c9a518/window/fullscreen - {}
RESULT: {}
RESULT: {}
]]></system-out>
    </testcase>
  </testsuite>
  <testsuite timestamp="2025-05-29T18:13:52" time="860.916" tests="6" failures="5" errors="5" skipped="0">
    <properties>
      <property name="specId" value="0"/>
      <property name="suiteName" value="Manage States &amp; Performance Tests US151247 US151423 US151467"/>
      <property name="capabilities" value="chrome.136_0_7103_93.windows"/>
      <property name="file" value="file:///D:/a/1/s/test/specs/HTR/manage-states-perf.spec.js"/>
    </properties>
    <testcase classname="chrome.136_0_7103_93.windows.Manage_States_&amp;_Performance_Tests_US151247_US151423_US151467" name="Prereq Should create a yard partner and site" time="396.398">
      <system-out><![CDATA[
COMMAND: POST /session/eb46200be743186ea26e5ac661c9a518/execute/async - {"script":"<script> [1562 bytes]","args":[{"selector":{"controlType":"sap.m.GenericTile","properties":{"header":"Manage Yards"}},"wdio_ui5_key":"sapm.GenericTile{\"header\":\"Manage Yards\"}"}]}
RESULT: {"script":"<script> [1562 bytes]","args":[{"selector":{"controlType":"sap.m.GenericTile","properties":{"header":"Manage Yards"}},"wdio_ui5_key":"sapm.GenericTile{\"header\":\"Manage Yards\"}"}]}
RESULT: undefined
COMMAND: POST /session/eb46200be743186ea26e5ac661c9a518/element - {"using":"xpath","value":"//*[@id=\"__tile33\"]"}
RESULT: {"using":"xpath","value":"//*[@id=\"__tile33\"]"}
COMMAND: POST /session/eb46200be743186ea26e5ac661c9a518/element/f.E118EE213315F22AD902502108153141.d.540E25094908B8627187F8D5EADCCB38.e.5621/click - {}
RESULT: {}
COMMAND: GET /session/eb46200be743186ea26e5ac661c9a518/screenshot - {}
RESULT: {}
COMMAND: POST /session/eb46200be743186ea26e5ac661c9a518/elements - {"using":"xpath","value":"//span[text()='Error']"}
RESULT: {"using":"xpath","value":"//span[text()='Error']"}
COMMAND: POST /session/eb46200be743186ea26e5ac661c9a518/element - {"using":"xpath","value":"//button[@data-kt=\"addNewYardOverflowToolbarButton\"]"}
RESULT: {"using":"xpath","value":"//button[@data-kt=\"addNewYardOverflowToolbarButton\"]"}
COMMAND: POST /session/eb46200be743186ea26e5ac661c9a518/elements - {"using":"xpath","value":"//button[@data-kt=\"addNewYardOverflowToolbarButton\"]"}
RESULT: {"using":"xpath","value":"//button[@data-kt=\"addNewYardOverflowToolbarButton\"]"}
COMMAND: POST /session/eb46200be743186ea26e5ac661c9a518/elements - {"using":"xpath","value":"//button[@data-kt=\"addNewYardOverflowToolbarButton\"]"}
RESULT: {"using":"xpath","value":"//button[@data-kt=\"addNewYardOverflowToolbarButton\"]"}
COMMAND: POST /session/eb46200be743186ea26e5ac661c9a518/elements - {"using":"xpath","value":"//button[@data-kt=\"addNewYardOverflowToolbarButton\"]"}
RESULT: {"using":"xpath","value":"//button[@data-kt=\"addNewYardOverflowToolbarButton\"]"}
COMMAND: POST /session/eb46200be743186ea26e5ac661c9a518/elements - {"using":"xpath","value":"//button[@data-kt=\"addNewYardOverflowToolbarButton\"]"}
RESULT: {"using":"xpath","value":"//button[@data-kt=\"addNewYardOverflowToolbarButton\"]"}
COMMAND: POST /session/eb46200be743186ea26e5ac661c9a518/elements - {"using":"xpath","value":"//button[@data-kt=\"addNewYardOverflowToolbarButton\"]"}
RESULT: {"using":"xpath","value":"//button[@data-kt=\"addNewYardOverflowToolbarButton\"]"}
COMMAND: POST /session/eb46200be743186ea26e5ac661c9a518/elements - {"using":"xpath","value":"//button[@data-kt=\"addNewYardOverflowToolbarButton\"]"}
RESULT: {"using":"xpath","value":"//button[@data-kt=\"addNewYardOverflowToolbarButton\"]"}
COMMAND: POST /session/eb46200be743186ea26e5ac661c9a518/elements - {"using":"xpath","value":"//button[@data-kt=\"addNewYardOverflowToolbarButton\"]"}
RESULT: {"using":"xpath","value":"//button[@data-kt=\"addNewYardOverflowToolbarButton\"]"}
COMMAND: POST /session/eb46200be743186ea26e5ac661c9a518/elements - {"using":"xpath","value":"//button[@data-kt=\"addNewYardOverflowToolbarButton\"]"}
RESULT: {"using":"xpath","value":"//button[@data-kt=\"addNewYardOverflowToolbarButton\"]"}
COMMAND: POST /session/eb46200be743186ea26e5ac661c9a518/elements - {"using":"xpath","value":"//button[@data-kt=\"addNewYardOverflowToolbarButton\"]"}
RESULT: {"using":"xpath","value":"//button[@data-kt=\"addNewYardOverflowToolbarButton\"]"}
COMMAND: POST /session/eb46200be743186ea26e5ac661c9a518/elements - {"using":"xpath","value":"//button[@data-kt=\"addNewYardOverflowToolbarButton\"]"}
RESULT: {"using":"xpath","value":"//button[@data-kt=\"addNewYardOverflowToolbarButton\"]"}
COMMAND: POST /session/eb46200be743186ea26e5ac661c9a518/elements - {"using":"xpath","value":"//button[@data-kt=\"addNewYardOverflowToolbarButton\"]"}
RESULT: {"using":"xpath","value":"//button[@data-kt=\"addNewYardOverflowToolbarButton\"]"}
COMMAND: POST /session/eb46200be743186ea26e5ac661c9a518/elements - {"using":"xpath","value":"//button[@data-kt=\"addNewYardOverflowToolbarButton\"]"}
RESULT: {"using":"xpath","value":"//button[@data-kt=\"addNewYardOverflowToolbarButton\"]"}
COMMAND: POST /session/eb46200be743186ea26e5ac661c9a518/elements - {"using":"xpath","value":"//button[@data-kt=\"addNewYardOverflowToolbarButton\"]"}
RESULT: {"using":"xpath","value":"//button[@data-kt=\"addNewYardOverflowToolbarButton\"]"}
COMMAND: POST /session/eb46200be743186ea26e5ac661c9a518/elements - {"using":"xpath","value":"//button[@data-kt=\"addNewYardOverflowToolbarButton\"]"}
RESULT: {"using":"xpath","value":"//button[@data-kt=\"addNewYardOverflowToolbarButton\"]"}
COMMAND: POST /session/eb46200be743186ea26e5ac661c9a518/elements - {"using":"xpath","value":"//button[@data-kt=\"addNewYardOverflowToolbarButton\"]"}
RESULT: {"using":"xpath","value":"//button[@data-kt=\"addNewYardOverflowToolbarButton\"]"}
COMMAND: POST /session/eb46200be743186ea26e5ac661c9a518/elements - {"using":"xpath","value":"//button[@data-kt=\"addNewYardOverflowToolbarButton\"]"}
RESULT: {"using":"xpath","value":"//button[@data-kt=\"addNewYardOverflowToolbarButton\"]"}
COMMAND: POST /session/eb46200be743186ea26e5ac661c9a518/elements - {"using":"xpath","value":"//button[@data-kt=\"addNewYardOverflowToolbarButton\"]"}
RESULT: {"using":"xpath","value":"//button[@data-kt=\"addNewYardOverflowToolbarButton\"]"}
COMMAND: POST /session/eb46200be743186ea26e5ac661c9a518/elements - {"using":"xpath","value":"//button[@data-kt=\"addNewYardOverflowToolbarButton\"]"}
RESULT: {"using":"xpath","value":"//button[@data-kt=\"addNewYardOverflowToolbarButton\"]"}
COMMAND: POST /session/eb46200be743186ea26e5ac661c9a518/elements - {"using":"xpath","value":"//button[@data-kt=\"addNewYardOverflowToolbarButton\"]"}
RESULT: {"using":"xpath","value":"//button[@data-kt=\"addNewYardOverflowToolbarButton\"]"}
COMMAND: POST /session/eb46200be743186ea26e5ac661c9a518/elements - {"using":"xpath","value":"//button[@data-kt=\"addNewYardOverflowToolbarButton\"]"}
RESULT: {"using":"xpath","value":"//button[@data-kt=\"addNewYardOverflowToolbarButton\"]"}
COMMAND: POST /session/eb46200be743186ea26e5ac661c9a518/elements - {"using":"xpath","value":"//button[@data-kt=\"addNewYardOverflowToolbarButton\"]"}
RESULT: {"using":"xpath","value":"//button[@data-kt=\"addNewYardOverflowToolbarButton\"]"}
COMMAND: POST /session/eb46200be743186ea26e5ac661c9a518/elements - {"using":"xpath","value":"//button[@data-kt=\"addNewYardOverflowToolbarButton\"]"}
RESULT: {"using":"xpath","value":"//button[@data-kt=\"addNewYardOverflowToolbarButton\"]"}
COMMAND: POST /session/eb46200be743186ea26e5ac661c9a518/elements - {"using":"xpath","value":"//button[@data-kt=\"addNewYardOverflowToolbarButton\"]"}
RESULT: {"using":"xpath","value":"//button[@data-kt=\"addNewYardOverflowToolbarButton\"]"}
COMMAND: POST /session/eb46200be743186ea26e5ac661c9a518/elements - {"using":"xpath","value":"//button[@data-kt=\"addNewYardOverflowToolbarButton\"]"}
RESULT: {"using":"xpath","value":"//button[@data-kt=\"addNewYardOverflowToolbarButton\"]"}
COMMAND: POST /session/eb46200be743186ea26e5ac661c9a518/elements - {"using":"xpath","value":"//button[@data-kt=\"addNewYardOverflowToolbarButton\"]"}
RESULT: {"using":"xpath","value":"//button[@data-kt=\"addNewYardOverflowToolbarButton\"]"}
COMMAND: POST /session/eb46200be743186ea26e5ac661c9a518/elements - {"using":"xpath","value":"//button[@data-kt=\"addNewYardOverflowToolbarButton\"]"}
RESULT: {"using":"xpath","value":"//button[@data-kt=\"addNewYardOverflowToolbarButton\"]"}
COMMAND: POST /session/eb46200be743186ea26e5ac661c9a518/elements - {"using":"xpath","value":"//button[@data-kt=\"addNewYardOverflowToolbarButton\"]"}
RESULT: {"using":"xpath","value":"//button[@data-kt=\"addNewYardOverflowToolbarButton\"]"}
COMMAND: POST /session/eb46200be743186ea26e5ac661c9a518/elements - {"using":"xpath","value":"//button[@data-kt=\"addNewYardOverflowToolbarButton\"]"}
RESULT: {"using":"xpath","value":"//button[@data-kt=\"addNewYardOverflowToolbarButton\"]"}
COMMAND: POST /session/eb46200be743186ea26e5ac661c9a518/elements - {"using":"xpath","value":"//button[@data-kt=\"addNewYardOverflowToolbarButton\"]"}
RESULT: {"using":"xpath","value":"//button[@data-kt=\"addNewYardOverflowToolbarButton\"]"}
COMMAND: POST /session/eb46200be743186ea26e5ac661c9a518/elements - {"using":"xpath","value":"//button[@data-kt=\"addNewYardOverflowToolbarButton\"]"}
RESULT: {"using":"xpath","value":"//button[@data-kt=\"addNewYardOverflowToolbarButton\"]"}
COMMAND: POST /session/eb46200be743186ea26e5ac661c9a518/elements - {"using":"xpath","value":"//button[@data-kt=\"addNewYardOverflowToolbarButton\"]"}
RESULT: {"using":"xpath","value":"//button[@data-kt=\"addNewYardOverflowToolbarButton\"]"}
COMMAND: POST /session/eb46200be743186ea26e5ac661c9a518/elements - {"using":"xpath","value":"//button[@data-kt=\"addNewYardOverflowToolbarButton\"]"}
RESULT: {"using":"xpath","value":"//button[@data-kt=\"addNewYardOverflowToolbarButton\"]"}
COMMAND: POST /session/eb46200be743186ea26e5ac661c9a518/elements - {"using":"xpath","value":"//button[@data-kt=\"addNewYardOverflowToolbarButton\"]"}
RESULT: {"using":"xpath","value":"//button[@data-kt=\"addNewYardOverflowToolbarButton\"]"}
COMMAND: POST /session/eb46200be743186ea26e5ac661c9a518/elements - {"using":"xpath","value":"//button[@data-kt=\"addNewYardOverflowToolbarButton\"]"}
RESULT: {"using":"xpath","value":"//button[@data-kt=\"addNewYardOverflowToolbarButton\"]"}
COMMAND: POST /session/eb46200be743186ea26e5ac661c9a518/elements - {"using":"xpath","value":"//button[@data-kt=\"addNewYardOverflowToolbarButton\"]"}
RESULT: {"using":"xpath","value":"//button[@data-kt=\"addNewYardOverflowToolbarButton\"]"}
COMMAND: POST /session/eb46200be743186ea26e5ac661c9a518/elements - {"using":"xpath","value":"//button[@data-kt=\"addNewYardOverflowToolbarButton\"]"}
RESULT: {"using":"xpath","value":"//button[@data-kt=\"addNewYardOverflowToolbarButton\"]"}
COMMAND: POST /session/eb46200be743186ea26e5ac661c9a518/elements - {"using":"xpath","value":"//button[@data-kt=\"addNewYardOverflowToolbarButton\"]"}
RESULT: {"using":"xpath","value":"//button[@data-kt=\"addNewYardOverflowToolbarButton\"]"}
COMMAND: POST /session/eb46200be743186ea26e5ac661c9a518/elements - {"using":"xpath","value":"//button[@data-kt=\"addNewYardOverflowToolbarButton\"]"}
RESULT: {"using":"xpath","value":"//button[@data-kt=\"addNewYardOverflowToolbarButton\"]"}
COMMAND: POST /session/eb46200be743186ea26e5ac661c9a518/elements - {"using":"xpath","value":"//button[@data-kt=\"addNewYardOverflowToolbarButton\"]"}
RESULT: {"using":"xpath","value":"//button[@data-kt=\"addNewYardOverflowToolbarButton\"]"}
COMMAND: POST /session/eb46200be743186ea26e5ac661c9a518/elements - {"using":"xpath","value":"//button[@data-kt=\"addNewYardOverflowToolbarButton\"]"}
RESULT: {"using":"xpath","value":"//button[@data-kt=\"addNewYardOverflowToolbarButton\"]"}
COMMAND: POST /session/eb46200be743186ea26e5ac661c9a518/elements - {"using":"xpath","value":"//button[@data-kt=\"addNewYardOverflowToolbarButton\"]"}
RESULT: {"using":"xpath","value":"//button[@data-kt=\"addNewYardOverflowToolbarButton\"]"}
COMMAND: POST /session/eb46200be743186ea26e5ac661c9a518/elements - {"using":"xpath","value":"//button[@data-kt=\"addNewYardOverflowToolbarButton\"]"}
RESULT: {"using":"xpath","value":"//button[@data-kt=\"addNewYardOverflowToolbarButton\"]"}
COMMAND: POST /session/eb46200be743186ea26e5ac661c9a518/elements - {"using":"xpath","value":"//button[@data-kt=\"addNewYardOverflowToolbarButton\"]"}
RESULT: {"using":"xpath","value":"//button[@data-kt=\"addNewYardOverflowToolbarButton\"]"}
COMMAND: POST /session/eb46200be743186ea26e5ac661c9a518/elements - {"using":"xpath","value":"//button[@data-kt=\"addNewYardOverflowToolbarButton\"]"}
RESULT: {"using":"xpath","value":"//button[@data-kt=\"addNewYardOverflowToolbarButton\"]"}
COMMAND: POST /session/eb46200be743186ea26e5ac661c9a518/elements - {"using":"xpath","value":"//button[@data-kt=\"addNewYardOverflowToolbarButton\"]"}
RESULT: {"using":"xpath","value":"//button[@data-kt=\"addNewYardOverflowToolbarButton\"]"}
COMMAND: POST /session/eb46200be743186ea26e5ac661c9a518/elements - {"using":"xpath","value":"//button[@data-kt=\"addNewYardOverflowToolbarButton\"]"}
RESULT: {"using":"xpath","value":"//button[@data-kt=\"addNewYardOverflowToolbarButton\"]"}
COMMAND: POST /session/eb46200be743186ea26e5ac661c9a518/element - {"using":"xpath","value":"//button[@data-kt=\"addNewYardOverflowToolbarButton\"]"}
RESULT: {"using":"xpath","value":"//button[@data-kt=\"addNewYardOverflowToolbarButton\"]"}
COMMAND: POST /session/eb46200be743186ea26e5ac661c9a518/execute/sync - {"script":"<script> [8489 bytes]","args":[{"element-6066-11e4-a52e-4f735466cecf":"f.E118EE213315F22AD902502108153141.d.540E25094908B8627187F8D5EADCCB38.e.5746","ELEMENT":"f.E118EE213315F22AD902502108153141.d.540E25094908B8627187F8D5EADCCB38.e.5746"}]}
RESULT: {"script":"<script> [8489 bytes]","args":[{"element-6066-11e4-a52e-4f735466cecf":"f.E118EE213315F22AD902502108153141.d.540E25094908B8627187F8D5EADCCB38.e.5746","ELEMENT":"f.E118EE213315F22AD902502108153141.d.540E25094908B8627187F8D5EADCCB38.e.5746"}]}
COMMAND: GET /session/eb46200be743186ea26e5ac661c9a518/element/f.E118EE213315F22AD902502108153141.d.540E25094908B8627187F8D5EADCCB38.e.5746/enabled - {}
COMMAND: GET /session/eb46200be743186ea26e5ac661c9a518/screenshot - {}
RESULT: {}
RESULT: {}
COMMAND: POST /session/eb46200be743186ea26e5ac661c9a518/execute/sync - {"script":"<script> [8489 bytes]","args":[{"element-6066-11e4-a52e-4f735466cecf":"f.E118EE213315F22AD902502108153141.d.540E25094908B8627187F8D5EADCCB38.e.5746","ELEMENT":"f.E118EE213315F22AD902502108153141.d.540E25094908B8627187F8D5EADCCB38.e.5746"}]}
COMMAND: GET /session/eb46200be743186ea26e5ac661c9a518/screenshot - {}
RESULT: {"script":"<script> [8489 bytes]","args":[{"element-6066-11e4-a52e-4f735466cecf":"f.E118EE213315F22AD902502108153141.d.540E25094908B8627187F8D5EADCCB38.e.5746","ELEMENT":"f.E118EE213315F22AD902502108153141.d.540E25094908B8627187F8D5EADCCB38.e.5746"}]}
COMMAND: POST /session/eb46200be743186ea26e5ac661c9a518/execute/sync - {"script":"<script> [5351 bytes]","args":[{"element-6066-11e4-a52e-4f735466cecf":"f.E118EE213315F22AD902502108153141.d.540E25094908B8627187F8D5EADCCB38.e.5746","ELEMENT":"f.E118EE213315F22AD902502108153141.d.540E25094908B8627187F8D5EADCCB38.e.5746"}]}
COMMAND: GET /session/eb46200be743186ea26e5ac661c9a518/screenshot - {}
RESULT: {}
RESULT: {"script":"<script> [5351 bytes]","args":[{"element-6066-11e4-a52e-4f735466cecf":"f.E118EE213315F22AD902502108153141.d.540E25094908B8627187F8D5EADCCB38.e.5746","ELEMENT":"f.E118EE213315F22AD902502108153141.d.540E25094908B8627187F8D5EADCCB38.e.5746"}]}
COMMAND: POST /session/eb46200be743186ea26e5ac661c9a518/element/f.E118EE213315F22AD902502108153141.d.540E25094908B8627187F8D5EADCCB38.e.5746/click - {}
COMMAND: GET /session/eb46200be743186ea26e5ac661c9a518/screenshot - {}
RESULT: {}
RESULT: {}
COMMAND: GET /session/eb46200be743186ea26e5ac661c9a518/screenshot - {}
RESULT: {}
RESULT: {}
COMMAND: POST /session/eb46200be743186ea26e5ac661c9a518/element - {"using":"xpath","value":"//input[@id=\"application-manageyards-display-component---NewYard--yardId-inner\"]"}
RESULT: {"using":"xpath","value":"//input[@id=\"application-manageyards-display-component---NewYard--yardId-inner\"]"}
COMMAND: POST /session/eb46200be743186ea26e5ac661c9a518/element - {"using":"xpath","value":"//input[@id=\"application-manageyards-display-component---NewYard--yardId-inner\"]"}
RESULT: {"using":"xpath","value":"//input[@id=\"application-manageyards-display-component---NewYard--yardId-inner\"]"}
COMMAND: POST /session/eb46200be743186ea26e5ac661c9a518/execute/async - {"script":"<script> [1562 bytes]","args":[{"selector":{"id":"application-manageyards-display-component---NewYard--addressDetailDetailsName1","interaction":{"idSuffix":"inner"}},"wdio_ui5_key":"applicationmanageyards-display-component---NewYard--addressDetailDetailsName1"}]}
RESULT: {"script":"<script> [1562 bytes]","args":[{"selector":{"id":"application-manageyards-display-component---NewYard--addressDetailDetailsName1","interaction":{"idSuffix":"inner"}},"wdio_ui5_key":"applicationmanageyards-display-component---NewYard--addressDetailDetailsName1"}]}
RESULT: undefined
COMMAND: POST /session/eb46200be743186ea26e5ac661c9a518/execute/async - {"script":"<script> [776 bytes]","args":[{"enterText":"Intercompany Yard wdIO","selector":{"id":"application-manageyards-display-component---NewYard--addressDetailDetailsName1","interaction":{"idSuffix":"inner"}},"clearTextFirst":true,"interactionType":"ENTER_TEXT"}]}
RESULT: {"script":"<script> [776 bytes]","args":[{"enterText":"Intercompany Yard wdIO","selector":{"id":"application-manageyards-display-component---NewYard--addressDetailDetailsName1","interaction":{"idSuffix":"inner"}},"clearTextFirst":true,"interactionType":"ENTER_TEXT"}]}
COMMAND: POST /session/eb46200be743186ea26e5ac661c9a518/execute/async - {"script":"<script> [1562 bytes]","args":[{"selector":{"id":"application-manageyards-display-component---NewYard--addressDetailDetailsLanguage-arrow"},"wdio_ui5_key":"applicationmanageyards-display-component---NewYard--addressDetailDetailsLanguage-arrow"}]}
RESULT: {"script":"<script> [1562 bytes]","args":[{"selector":{"id":"application-manageyards-display-component---NewYard--addressDetailDetailsLanguage-arrow"},"wdio_ui5_key":"applicationmanageyards-display-component---NewYard--addressDetailDetailsLanguage-arrow"}]}
RESULT: undefined
COMMAND: POST /session/eb46200be743186ea26e5ac661c9a518/element - {"using":"xpath","value":"//*[@id=\"application-manageyards-display-component---NewYard--addressDetailDetailsLanguage-arrow\"]"}
RESULT: {"using":"xpath","value":"//*[@id=\"application-manageyards-display-component---NewYard--addressDetailDetailsLanguage-arrow\"]"}
COMMAND: POST /session/eb46200be743186ea26e5ac661c9a518/element/f.E118EE213315F22AD902502108153141.d.540E25094908B8627187F8D5EADCCB38.e.6170/click - {}
RESULT: {}
COMMAND: POST /session/eb46200be743186ea26e5ac661c9a518/element - {"using":"xpath","value":"//span[contains(text(), \"English\")]"}
COMMAND: GET /session/eb46200be743186ea26e5ac661c9a518/screenshot - {}
RESULT: {"using":"xpath","value":"//span[contains(text(), \"English\")]"}
COMMAND: POST /session/eb46200be743186ea26e5ac661c9a518/element/f.E118EE213315F22AD902502108153141.d.540E25094908B8627187F8D5EADCCB38.e.6171/click - {}
RESULT: {}
RESULT: {}
COMMAND: POST /session/eb46200be743186ea26e5ac661c9a518/execute/async - {"script":"<script> [1562 bytes]","args":[{"selector":{"id":"application-manageyards-display-component---NewYard--addressDetailDetailsCity1","interaction":{"idSuffix":"inner"}},"wdio_ui5_key":"applicationmanageyards-display-component---NewYard--addressDetailDetailsCity1"}]}
COMMAND: GET /session/eb46200be743186ea26e5ac661c9a518/screenshot - {}
RESULT: {"script":"<script> [1562 bytes]","args":[{"selector":{"id":"application-manageyards-display-component---NewYard--addressDetailDetailsCity1","interaction":{"idSuffix":"inner"}},"wdio_ui5_key":"applicationmanageyards-display-component---NewYard--addressDetailDetailsCity1"}]}
RESULT: undefined
COMMAND: POST /session/eb46200be743186ea26e5ac661c9a518/execute/async - {"script":"<script> [776 bytes]","args":[{"enterText":"Rosario","selector":{"id":"application-manageyards-display-component---NewYard--addressDetailDetailsCity1","interaction":{"idSuffix":"inner"}},"clearTextFirst":true,"interactionType":"ENTER_TEXT"}]}
RESULT: {}
RESULT: {"script":"<script> [776 bytes]","args":[{"enterText":"Rosario","selector":{"id":"application-manageyards-display-component---NewYard--addressDetailDetailsCity1","interaction":{"idSuffix":"inner"}},"clearTextFirst":true,"interactionType":"ENTER_TEXT"}]}
COMMAND: POST /session/eb46200be743186ea26e5ac661c9a518/execute/async - {"script":"<script> [1562 bytes]","args":[{"selector":{"id":"application-manageyards-display-component---NewYard--addressDetailDetailsCountry-arrow"},"wdio_ui5_key":"applicationmanageyards-display-component---NewYard--addressDetailDetailsCountry-arrow"}]}
RESULT: {"script":"<script> [1562 bytes]","args":[{"selector":{"id":"application-manageyards-display-component---NewYard--addressDetailDetailsCountry-arrow"},"wdio_ui5_key":"applicationmanageyards-display-component---NewYard--addressDetailDetailsCountry-arrow"}]}
RESULT: undefined
COMMAND: POST /session/eb46200be743186ea26e5ac661c9a518/element - {"using":"xpath","value":"//*[@id=\"application-manageyards-display-component---NewYard--addressDetailDetailsCountry-arrow\"]"}
RESULT: {"using":"xpath","value":"//*[@id=\"application-manageyards-display-component---NewYard--addressDetailDetailsCountry-arrow\"]"}
COMMAND: POST /session/eb46200be743186ea26e5ac661c9a518/element/f.E118EE213315F22AD902502108153141.d.540E25094908B8627187F8D5EADCCB38.e.6173/click - {}
RESULT: {}
COMMAND: POST /session/eb46200be743186ea26e5ac661c9a518/element - {"using":"xpath","value":"//span[contains(text(), \"Argentina\")]"}
COMMAND: GET /session/eb46200be743186ea26e5ac661c9a518/screenshot - {}
RESULT: {"using":"xpath","value":"//span[contains(text(), \"Argentina\")]"}
COMMAND: POST /session/eb46200be743186ea26e5ac661c9a518/element/f.E118EE213315F22AD902502108153141.d.540E25094908B8627187F8D5EADCCB38.e.6175/click - {}
RESULT: {}
RESULT: {}
COMMAND: POST /session/eb46200be743186ea26e5ac661c9a518/execute/async - {"script":"<script> [1562 bytes]","args":[{"selector":{"id":"application-manageyards-display-component---NewYard--addressEditDetailsCostObjectCstType-arrow"},"wdio_ui5_key":"applicationmanageyards-display-component---NewYard--addressEditDetailsCostObjectCstType-arrow"}]}
COMMAND: GET /session/eb46200be743186ea26e5ac661c9a518/screenshot - {}
RESULT: {"script":"<script> [1562 bytes]","args":[{"selector":{"id":"application-manageyards-display-component---NewYard--addressEditDetailsCostObjectCstType-arrow"},"wdio_ui5_key":"applicationmanageyards-display-component---NewYard--addressEditDetailsCostObjectCstType-arrow"}]}
RESULT: undefined
COMMAND: POST /session/eb46200be743186ea26e5ac661c9a518/element - {"using":"xpath","value":"//*[@id=\"application-manageyards-display-component---NewYard--addressEditDetailsCostObjectCstType-arrow\"]"}
RESULT: {}
RESULT: {"using":"xpath","value":"//*[@id=\"application-manageyards-display-component---NewYard--addressEditDetailsCostObjectCstType-arrow\"]"}
COMMAND: POST /session/eb46200be743186ea26e5ac661c9a518/element/f.E118EE213315F22AD902502108153141.d.540E25094908B8627187F8D5EADCCB38.e.6176/click - {}
RESULT: {}
COMMAND: POST /session/eb46200be743186ea26e5ac661c9a518/element - {"using":"xpath","value":"//span[contains(text(), \"Cost Center\")]"}
COMMAND: GET /session/eb46200be743186ea26e5ac661c9a518/screenshot - {}
RESULT: {"using":"xpath","value":"//span[contains(text(), \"Cost Center\")]"}
COMMAND: POST /session/eb46200be743186ea26e5ac661c9a518/element/f.E118EE213315F22AD902502108153141.d.540E25094908B8627187F8D5EADCCB38.e.6177/click - {}
RESULT: {}
RESULT: {}
COMMAND: GET /session/eb46200be743186ea26e5ac661c9a518/screenshot - {}
RESULT: {}
COMMAND: POST /session/eb46200be743186ea26e5ac661c9a518/element - {"using":"xpath","value":"//span[@id=\"application-manageyards-display-component---NewYard--addressNewCostObjectCstID-vhi\"]"}
RESULT: {"using":"xpath","value":"//span[@id=\"application-manageyards-display-component---NewYard--addressNewCostObjectCstID-vhi\"]"}
COMMAND: POST /session/eb46200be743186ea26e5ac661c9a518/execute/sync - {"script":"<script> [8489 bytes]","args":[{"element-6066-11e4-a52e-4f735466cecf":"f.E118EE213315F22AD902502108153141.d.540E25094908B8627187F8D5EADCCB38.e.6181","ELEMENT":"f.E118EE213315F22AD902502108153141.d.540E25094908B8627187F8D5EADCCB38.e.6181"}]}
RESULT: {"script":"<script> [8489 bytes]","args":[{"element-6066-11e4-a52e-4f735466cecf":"f.E118EE213315F22AD902502108153141.d.540E25094908B8627187F8D5EADCCB38.e.6181","ELEMENT":"f.E118EE213315F22AD902502108153141.d.540E25094908B8627187F8D5EADCCB38.e.6181"}]}
COMMAND: POST /session/eb46200be743186ea26e5ac661c9a518/execute/async - {"script":"<script> [1562 bytes]","args":[{"selector":{"id":"application-manageyards-display-component---NewYard--addressNewCostObjectCstID-vhi"},"wdio_ui5_key":"applicationmanageyards-display-component---NewYard--addressNewCostObjectCstID-vhi"}]}
COMMAND: GET /session/eb46200be743186ea26e5ac661c9a518/screenshot - {}
RESULT: {"script":"<script> [1562 bytes]","args":[{"selector":{"id":"application-manageyards-display-component---NewYard--addressNewCostObjectCstID-vhi"},"wdio_ui5_key":"applicationmanageyards-display-component---NewYard--addressNewCostObjectCstID-vhi"}]}
RESULT: undefined
COMMAND: POST /session/eb46200be743186ea26e5ac661c9a518/element - {"using":"xpath","value":"//*[@id=\"application-manageyards-display-component---NewYard--addressNewCostObjectCstID-vhi\"]"}
RESULT: {}
RESULT: {"using":"xpath","value":"//*[@id=\"application-manageyards-display-component---NewYard--addressNewCostObjectCstID-vhi\"]"}
COMMAND: POST /session/eb46200be743186ea26e5ac661c9a518/element/f.E118EE213315F22AD902502108153141.d.540E25094908B8627187F8D5EADCCB38.e.6181/click - {}
RESULT: {}
COMMAND: GET /session/eb46200be743186ea26e5ac661c9a518/screenshot - {}
RESULT: {}
COMMAND: POST /session/eb46200be743186ea26e5ac661c9a518/execute/async - {"script":"<script> [1562 bytes]","args":[{"selector":{"controlType":"sap.m.SearchField","properties":{"placeholder":"Search"},"searchOpenDialogs":true,"interaction":{"idSuffix":"I"}},"wdio_ui5_key":"sapm.SearchField{\"placeholder\":\"Search\"}"}]}
RESULT: {"script":"<script> [1562 bytes]","args":[{"selector":{"controlType":"sap.m.SearchField","properties":{"placeholder":"Search"},"searchOpenDialogs":true,"interaction":{"idSuffix":"I"}},"wdio_ui5_key":"sapm.SearchField{\"placeholder\":\"Search\"}"}]}
RESULT: undefined
COMMAND: POST /session/eb46200be743186ea26e5ac661c9a518/execute/async - {"script":"<script> [776 bytes]","args":[{"enterText":"bauh_b","selector":{"controlType":"sap.m.SearchField","properties":{"placeholder":"Search"},"searchOpenDialogs":true,"interaction":{"idSuffix":"I"}},"clearTextFirst":true,"interactionType":"ENTER_TEXT"}]}
RESULT: {"script":"<script> [776 bytes]","args":[{"enterText":"bauh_b","selector":{"controlType":"sap.m.SearchField","properties":{"placeholder":"Search"},"searchOpenDialogs":true,"interaction":{"idSuffix":"I"}},"clearTextFirst":true,"interactionType":"ENTER_TEXT"}]}
COMMAND: POST /session/eb46200be743186ea26e5ac661c9a518/actions - {"actions":[{"id":"action16","type":"key","parameters":{},"actions":[{"type":"keyDown","value":""},{"type":"pause","duration":10},{"type":"keyUp","value":""}]}]}
RESULT: {"actions":[{"id":"action16","type":"key","parameters":{},"actions":[{"type":"keyDown","value":""},{"type":"pause","duration":10},{"type":"keyUp","value":""}]}]}
COMMAND: GET /session/eb46200be743186ea26e5ac661c9a518/screenshot - {}
RESULT: {}
COMMAND: POST /session/eb46200be743186ea26e5ac661c9a518/element - {"using":"xpath","value":"//span[contains(text(), \"Demo Yard\")]"}
RESULT: {"using":"xpath","value":"//span[contains(text(), \"Demo Yard\")]"}
COMMAND: POST /session/eb46200be743186ea26e5ac661c9a518/element/f.E118EE213315F22AD902502108153141.d.540E25094908B8627187F8D5EADCCB38.e.6223/click - {}
RESULT: {}
COMMAND: GET /session/eb46200be743186ea26e5ac661c9a518/screenshot - {}
RESULT: {}
COMMAND: POST /session/eb46200be743186ea26e5ac661c9a518/element - {"using":"xpath","value":"//bdi[contains(text(), \"OK\")]"}
RESULT: {"using":"xpath","value":"//bdi[contains(text(), \"OK\")]"}
COMMAND: POST /session/eb46200be743186ea26e5ac661c9a518/element/f.E118EE213315F22AD902502108153141.d.540E25094908B8627187F8D5EADCCB38.e.6224/click - {}
RESULT: {}
COMMAND: GET /session/eb46200be743186ea26e5ac661c9a518/screenshot - {}
RESULT: {}
COMMAND: POST /session/eb46200be743186ea26e5ac661c9a518/execute/async - {"script":"<script> [1562 bytes]","args":[{"selector":{"id":"application-manageyards-display-component---NewYard--addressEditDetailsCurrency-arrow"},"wdio_ui5_key":"applicationmanageyards-display-component---NewYard--addressEditDetailsCurrency-arrow"}]}
RESULT: {"script":"<script> [1562 bytes]","args":[{"selector":{"id":"application-manageyards-display-component---NewYard--addressEditDetailsCurrency-arrow"},"wdio_ui5_key":"applicationmanageyards-display-component---NewYard--addressEditDetailsCurrency-arrow"}]}
RESULT: undefined
COMMAND: POST /session/eb46200be743186ea26e5ac661c9a518/element - {"using":"xpath","value":"//*[@id=\"application-manageyards-display-component---NewYard--addressEditDetailsCurrency-arrow\"]"}
RESULT: {"using":"xpath","value":"//*[@id=\"application-manageyards-display-component---NewYard--addressEditDetailsCurrency-arrow\"]"}
COMMAND: POST /session/eb46200be743186ea26e5ac661c9a518/element/f.E118EE213315F22AD902502108153141.d.540E25094908B8627187F8D5EADCCB38.e.6227/click - {}
RESULT: {}
COMMAND: POST /session/eb46200be743186ea26e5ac661c9a518/element - {"using":"xpath","value":"//span[contains(text(), \"Euro\")]"}
COMMAND: GET /session/eb46200be743186ea26e5ac661c9a518/screenshot - {}
RESULT: {"using":"xpath","value":"//span[contains(text(), \"Euro\")]"}
COMMAND: POST /session/eb46200be743186ea26e5ac661c9a518/element/f.E118EE213315F22AD902502108153141.d.540E25094908B8627187F8D5EADCCB38.e.6228/click - {}
RESULT: {}
RESULT: {}
COMMAND: POST /session/eb46200be743186ea26e5ac661c9a518/execute/async - {"script":"<script> [1562 bytes]","args":[{"selector":{"controlType":"sap.m.Input","viewName":"etm.portal.ui.manageyards.view.New","viewId":"application-manageyards-display-component---NewYard","bindingPath":{"path":"","propertyPath":"/CONTROLLING_AREA","modelName":"NewYardModel"},"interaction":{"idSuffix":"inner"}},"wdio_ui5_key":"etmportal.ui.manageyards.view.Newsap.m.Input{\"path\":\"\",\"propertyPath\":\"/CONTROLLING_AREA\",\"modelName\":\"NewYardModel\"}"}]}
COMMAND: GET /session/eb46200be743186ea26e5ac661c9a518/screenshot - {}
RESULT: {"script":"<script> [1562 bytes]","args":[{"selector":{"controlType":"sap.m.Input","viewName":"etm.portal.ui.manageyards.view.New","viewId":"application-manageyards-display-component---NewYard","bindingPath":{"path":"","propertyPath":"/CONTROLLING_AREA","modelName":"NewYardModel"},"interaction":{"idSuffix":"inner"}},"wdio_ui5_key":"etmportal.ui.manageyards.view.Newsap.m.Input{\"path\":\"\",\"propertyPath\":\"/CONTROLLING_AREA\",\"modelName\":\"NewYardModel\"}"}]}
RESULT: undefined
COMMAND: POST /session/eb46200be743186ea26e5ac661c9a518/execute/async - {"script":"<script> [776 bytes]","args":[{"enterText":"Z001","selector":{"controlType":"sap.m.Input","viewName":"etm.portal.ui.manageyards.view.New","viewId":"application-manageyards-display-component---NewYard","bindingPath":{"path":"","propertyPath":"/CONTROLLING_AREA","modelName":"NewYardModel"},"interaction":{"idSuffix":"inner"}},"clearTextFirst":true,"interactionType":"ENTER_TEXT"}]}
RESULT: {}
RESULT: {"script":"<script> [776 bytes]","args":[{"enterText":"Z001","selector":{"controlType":"sap.m.Input","viewName":"etm.portal.ui.manageyards.view.New","viewId":"application-manageyards-display-component---NewYard","bindingPath":{"path":"","propertyPath":"/CONTROLLING_AREA","modelName":"NewYardModel"},"interaction":{"idSuffix":"inner"}},"clearTextFirst":true,"interactionType":"ENTER_TEXT"}]}
COMMAND: POST /session/eb46200be743186ea26e5ac661c9a518/execute/async - {"script":"<script> [1562 bytes]","args":[{"selector":{"id":"application-manageyards-display-component---NewYard--companyCodeComboBox","interaction":{"idSuffix":"inner"}},"wdio_ui5_key":"applicationmanageyards-display-component---NewYard--companyCodeComboBox"}]}
RESULT: {"script":"<script> [1562 bytes]","args":[{"selector":{"id":"application-manageyards-display-component---NewYard--companyCodeComboBox","interaction":{"idSuffix":"inner"}},"wdio_ui5_key":"applicationmanageyards-display-component---NewYard--companyCodeComboBox"}]}
RESULT: undefined
COMMAND: POST /session/eb46200be743186ea26e5ac661c9a518/execute/async - {"script":"<script> [776 bytes]","args":[{"enterText":"1000","selector":{"id":"application-manageyards-display-component---NewYard--companyCodeComboBox","interaction":{"idSuffix":"inner"}},"clearTextFirst":true,"interactionType":"ENTER_TEXT"}]}
RESULT: {"script":"<script> [776 bytes]","args":[{"enterText":"1000","selector":{"id":"application-manageyards-display-component---NewYard--companyCodeComboBox","interaction":{"idSuffix":"inner"}},"clearTextFirst":true,"interactionType":"ENTER_TEXT"}]}
COMMAND: POST /session/eb46200be743186ea26e5ac661c9a518/execute/async - {"script":"<script> [1562 bytes]","args":[{"selector":{"controlType":"sap.m.Input","viewName":"etm.portal.ui.manageyards.view.New","viewId":"application-manageyards-display-component---NewYard","bindingPath":{"path":"","propertyPath":"/PLANT","modelName":"NewYardModel"},"interaction":{"idSuffix":"inner"}},"wdio_ui5_key":"etmportal.ui.manageyards.view.Newsap.m.Input{\"path\":\"\",\"propertyPath\":\"/PLANT\",\"modelName\":\"NewYardModel\"}"}]}
RESULT: {"script":"<script> [1562 bytes]","args":[{"selector":{"controlType":"sap.m.Input","viewName":"etm.portal.ui.manageyards.view.New","viewId":"application-manageyards-display-component---NewYard","bindingPath":{"path":"","propertyPath":"/PLANT","modelName":"NewYardModel"},"interaction":{"idSuffix":"inner"}},"wdio_ui5_key":"etmportal.ui.manageyards.view.Newsap.m.Input{\"path\":\"\",\"propertyPath\":\"/PLANT\",\"modelName\":\"NewYardModel\"}"}]}
RESULT: undefined
COMMAND: POST /session/eb46200be743186ea26e5ac661c9a518/execute/async - {"script":"<script> [776 bytes]","args":[{"enterText":"1001","selector":{"controlType":"sap.m.Input","viewName":"etm.portal.ui.manageyards.view.New","viewId":"application-manageyards-display-component---NewYard","bindingPath":{"path":"","propertyPath":"/PLANT","modelName":"NewYardModel"},"interaction":{"idSuffix":"inner"}},"clearTextFirst":true,"interactionType":"ENTER_TEXT"}]}
RESULT: {"script":"<script> [776 bytes]","args":[{"enterText":"1001","selector":{"controlType":"sap.m.Input","viewName":"etm.portal.ui.manageyards.view.New","viewId":"application-manageyards-display-component---NewYard","bindingPath":{"path":"","propertyPath":"/PLANT","modelName":"NewYardModel"},"interaction":{"idSuffix":"inner"}},"clearTextFirst":true,"interactionType":"ENTER_TEXT"}]}
COMMAND: POST /session/eb46200be743186ea26e5ac661c9a518/execute/async - {"script":"<script> [1562 bytes]","args":[{"selector":{"controlType":"sap.m.Input","viewName":"etm.portal.ui.manageyards.view.New","viewId":"application-manageyards-display-component---NewYard","bindingPath":{"path":"","propertyPath":"/SALES_AREA_VKORG","modelName":"NewYardModel"},"interaction":{"idSuffix":"inner"}},"wdio_ui5_key":"etmportal.ui.manageyards.view.Newsap.m.Input{\"path\":\"\",\"propertyPath\":\"/SALES_AREA_VKORG\",\"modelName\":\"NewYardModel\"}"}]}
RESULT: {"script":"<script> [1562 bytes]","args":[{"selector":{"controlType":"sap.m.Input","viewName":"etm.portal.ui.manageyards.view.New","viewId":"application-manageyards-display-component---NewYard","bindingPath":{"path":"","propertyPath":"/SALES_AREA_VKORG","modelName":"NewYardModel"},"interaction":{"idSuffix":"inner"}},"wdio_ui5_key":"etmportal.ui.manageyards.view.Newsap.m.Input{\"path\":\"\",\"propertyPath\":\"/SALES_AREA_VKORG\",\"modelName\":\"NewYardModel\"}"}]}
RESULT: undefined
COMMAND: POST /session/eb46200be743186ea26e5ac661c9a518/execute/async - {"script":"<script> [776 bytes]","args":[{"enterText":"C002","selector":{"controlType":"sap.m.Input","viewName":"etm.portal.ui.manageyards.view.New","viewId":"application-manageyards-display-component---NewYard","bindingPath":{"path":"","propertyPath":"/SALES_AREA_VKORG","modelName":"NewYardModel"},"interaction":{"idSuffix":"inner"}},"clearTextFirst":true,"interactionType":"ENTER_TEXT"}]}
RESULT: {"script":"<script> [776 bytes]","args":[{"enterText":"C002","selector":{"controlType":"sap.m.Input","viewName":"etm.portal.ui.manageyards.view.New","viewId":"application-manageyards-display-component---NewYard","bindingPath":{"path":"","propertyPath":"/SALES_AREA_VKORG","modelName":"NewYardModel"},"interaction":{"idSuffix":"inner"}},"clearTextFirst":true,"interactionType":"ENTER_TEXT"}]}
COMMAND: POST /session/eb46200be743186ea26e5ac661c9a518/execute/async - {"script":"<script> [1562 bytes]","args":[{"selector":{"controlType":"sap.m.Input","viewName":"etm.portal.ui.manageyards.view.New","viewId":"application-manageyards-display-component---NewYard","bindingPath":{"path":"","propertyPath":"/SALES_AREA_VTWEG","modelName":"NewYardModel"},"interaction":{"idSuffix":"inner"}},"wdio_ui5_key":"etmportal.ui.manageyards.view.Newsap.m.Input{\"path\":\"\",\"propertyPath\":\"/SALES_AREA_VTWEG\",\"modelName\":\"NewYardModel\"}"}]}
RESULT: {"script":"<script> [1562 bytes]","args":[{"selector":{"controlType":"sap.m.Input","viewName":"etm.portal.ui.manageyards.view.New","viewId":"application-manageyards-display-component---NewYard","bindingPath":{"path":"","propertyPath":"/SALES_AREA_VTWEG","modelName":"NewYardModel"},"interaction":{"idSuffix":"inner"}},"wdio_ui5_key":"etmportal.ui.manageyards.view.Newsap.m.Input{\"path\":\"\",\"propertyPath\":\"/SALES_AREA_VTWEG\",\"modelName\":\"NewYardModel\"}"}]}
RESULT: undefined
COMMAND: POST /session/eb46200be743186ea26e5ac661c9a518/execute/async - {"script":"<script> [776 bytes]","args":[{"enterText":"C2","selector":{"controlType":"sap.m.Input","viewName":"etm.portal.ui.manageyards.view.New","viewId":"application-manageyards-display-component---NewYard","bindingPath":{"path":"","propertyPath":"/SALES_AREA_VTWEG","modelName":"NewYardModel"},"interaction":{"idSuffix":"inner"}},"clearTextFirst":true,"interactionType":"ENTER_TEXT"}]}
RESULT: {"script":"<script> [776 bytes]","args":[{"enterText":"C2","selector":{"controlType":"sap.m.Input","viewName":"etm.portal.ui.manageyards.view.New","viewId":"application-manageyards-display-component---NewYard","bindingPath":{"path":"","propertyPath":"/SALES_AREA_VTWEG","modelName":"NewYardModel"},"interaction":{"idSuffix":"inner"}},"clearTextFirst":true,"interactionType":"ENTER_TEXT"}]}
COMMAND: POST /session/eb46200be743186ea26e5ac661c9a518/execute/async - {"script":"<script> [1562 bytes]","args":[{"selector":{"controlType":"sap.m.Input","viewName":"etm.portal.ui.manageyards.view.New","viewId":"application-manageyards-display-component---NewYard","bindingPath":{"path":"","propertyPath":"/SALES_AREA_SPART","modelName":"NewYardModel"},"interaction":{"idSuffix":"inner"}},"wdio_ui5_key":"etmportal.ui.manageyards.view.Newsap.m.Input{\"path\":\"\",\"propertyPath\":\"/SALES_AREA_SPART\",\"modelName\":\"NewYardModel\"}"}]}
RESULT: {"script":"<script> [1562 bytes]","args":[{"selector":{"controlType":"sap.m.Input","viewName":"etm.portal.ui.manageyards.view.New","viewId":"application-manageyards-display-component---NewYard","bindingPath":{"path":"","propertyPath":"/SALES_AREA_SPART","modelName":"NewYardModel"},"interaction":{"idSuffix":"inner"}},"wdio_ui5_key":"etmportal.ui.manageyards.view.Newsap.m.Input{\"path\":\"\",\"propertyPath\":\"/SALES_AREA_SPART\",\"modelName\":\"NewYardModel\"}"}]}
RESULT: undefined
COMMAND: POST /session/eb46200be743186ea26e5ac661c9a518/execute/async - {"script":"<script> [776 bytes]","args":[{"enterText":"C2","selector":{"controlType":"sap.m.Input","viewName":"etm.portal.ui.manageyards.view.New","viewId":"application-manageyards-display-component---NewYard","bindingPath":{"path":"","propertyPath":"/SALES_AREA_SPART","modelName":"NewYardModel"},"interaction":{"idSuffix":"inner"}},"clearTextFirst":true,"interactionType":"ENTER_TEXT"}]}
RESULT: {"script":"<script> [776 bytes]","args":[{"enterText":"C2","selector":{"controlType":"sap.m.Input","viewName":"etm.portal.ui.manageyards.view.New","viewId":"application-manageyards-display-component---NewYard","bindingPath":{"path":"","propertyPath":"/SALES_AREA_SPART","modelName":"NewYardModel"},"interaction":{"idSuffix":"inner"}},"clearTextFirst":true,"interactionType":"ENTER_TEXT"}]}
COMMAND: POST /session/eb46200be743186ea26e5ac661c9a518/execute/async - {"script":"<script> [1562 bytes]","args":[{"selector":{"controlType":"sap.m.Input","viewName":"etm.portal.ui.manageyards.view.New","viewId":"application-manageyards-display-component---NewYard","bindingPath":{"path":"","propertyPath":"/SHIP_POINT","modelName":"NewYardModel"},"interaction":{"idSuffix":"inner"}},"wdio_ui5_key":"etmportal.ui.manageyards.view.Newsap.m.Input{\"path\":\"\",\"propertyPath\":\"/SHIP_POINT\",\"modelName\":\"NewYardModel\"}"}]}
RESULT: {"script":"<script> [1562 bytes]","args":[{"selector":{"controlType":"sap.m.Input","viewName":"etm.portal.ui.manageyards.view.New","viewId":"application-manageyards-display-component---NewYard","bindingPath":{"path":"","propertyPath":"/SHIP_POINT","modelName":"NewYardModel"},"interaction":{"idSuffix":"inner"}},"wdio_ui5_key":"etmportal.ui.manageyards.view.Newsap.m.Input{\"path\":\"\",\"propertyPath\":\"/SHIP_POINT\",\"modelName\":\"NewYardModel\"}"}]}
RESULT: undefined
COMMAND: POST /session/eb46200be743186ea26e5ac661c9a518/execute/async - {"script":"<script> [776 bytes]","args":[{"enterText":"1710","selector":{"controlType":"sap.m.Input","viewName":"etm.portal.ui.manageyards.view.New","viewId":"application-manageyards-display-component---NewYard","bindingPath":{"path":"","propertyPath":"/SHIP_POINT","modelName":"NewYardModel"},"interaction":{"idSuffix":"inner"}},"clearTextFirst":true,"interactionType":"ENTER_TEXT"}]}
RESULT: {"script":"<script> [776 bytes]","args":[{"enterText":"1710","selector":{"controlType":"sap.m.Input","viewName":"etm.portal.ui.manageyards.view.New","viewId":"application-manageyards-display-component---NewYard","bindingPath":{"path":"","propertyPath":"/SHIP_POINT","modelName":"NewYardModel"},"interaction":{"idSuffix":"inner"}},"clearTextFirst":true,"interactionType":"ENTER_TEXT"}]}
COMMAND: POST /session/eb46200be743186ea26e5ac661c9a518/execute/async - {"script":"<script> [1562 bytes]","args":[{"selector":{"controlType":"sap.m.Input","viewName":"etm.portal.ui.manageyards.view.New","viewId":"application-manageyards-display-component---NewYard","bindingPath":{"path":"","propertyPath":"/DELIVERY_TYPE","modelName":"NewYardModel"},"interaction":{"idSuffix":"inner"}},"wdio_ui5_key":"etmportal.ui.manageyards.view.Newsap.m.Input{\"path\":\"\",\"propertyPath\":\"/DELIVERY_TYPE\",\"modelName\":\"NewYardModel\"}"}]}
RESULT: {"script":"<script> [1562 bytes]","args":[{"selector":{"controlType":"sap.m.Input","viewName":"etm.portal.ui.manageyards.view.New","viewId":"application-manageyards-display-component---NewYard","bindingPath":{"path":"","propertyPath":"/DELIVERY_TYPE","modelName":"NewYardModel"},"interaction":{"idSuffix":"inner"}},"wdio_ui5_key":"etmportal.ui.manageyards.view.Newsap.m.Input{\"path\":\"\",\"propertyPath\":\"/DELIVERY_TYPE\",\"modelName\":\"NewYardModel\"}"}]}
RESULT: undefined
COMMAND: POST /session/eb46200be743186ea26e5ac661c9a518/execute/async - {"script":"<script> [776 bytes]","args":[{"enterText":"ZL01","selector":{"controlType":"sap.m.Input","viewName":"etm.portal.ui.manageyards.view.New","viewId":"application-manageyards-display-component---NewYard","bindingPath":{"path":"","propertyPath":"/DELIVERY_TYPE","modelName":"NewYardModel"},"interaction":{"idSuffix":"inner"}},"clearTextFirst":true,"interactionType":"ENTER_TEXT"}]}
RESULT: {"script":"<script> [776 bytes]","args":[{"enterText":"ZL01","selector":{"controlType":"sap.m.Input","viewName":"etm.portal.ui.manageyards.view.New","viewId":"application-manageyards-display-component---NewYard","bindingPath":{"path":"","propertyPath":"/DELIVERY_TYPE","modelName":"NewYardModel"},"interaction":{"idSuffix":"inner"}},"clearTextFirst":true,"interactionType":"ENTER_TEXT"}]}
COMMAND: POST /session/eb46200be743186ea26e5ac661c9a518/execute/async - {"script":"<script> [1562 bytes]","args":[{"selector":{"controlType":"sap.m.Input","viewName":"etm.portal.ui.manageyards.view.New","viewId":"application-manageyards-display-component---NewYard","bindingPath":{"path":"","propertyPath":"/AUART","modelName":"NewYardModel"},"interaction":{"idSuffix":"inner"}},"wdio_ui5_key":"etmportal.ui.manageyards.view.Newsap.m.Input{\"path\":\"\",\"propertyPath\":\"/AUART\",\"modelName\":\"NewYardModel\"}"}]}
RESULT: {"script":"<script> [1562 bytes]","args":[{"selector":{"controlType":"sap.m.Input","viewName":"etm.portal.ui.manageyards.view.New","viewId":"application-manageyards-display-component---NewYard","bindingPath":{"path":"","propertyPath":"/AUART","modelName":"NewYardModel"},"interaction":{"idSuffix":"inner"}},"wdio_ui5_key":"etmportal.ui.manageyards.view.Newsap.m.Input{\"path\":\"\",\"propertyPath\":\"/AUART\",\"modelName\":\"NewYardModel\"}"}]}
RESULT: undefined
COMMAND: POST /session/eb46200be743186ea26e5ac661c9a518/execute/async - {"script":"<script> [776 bytes]","args":[{"enterText":"TA","selector":{"controlType":"sap.m.Input","viewName":"etm.portal.ui.manageyards.view.New","viewId":"application-manageyards-display-component---NewYard","bindingPath":{"path":"","propertyPath":"/AUART","modelName":"NewYardModel"},"interaction":{"idSuffix":"inner"}},"clearTextFirst":true,"interactionType":"ENTER_TEXT"}]}
RESULT: {"script":"<script> [776 bytes]","args":[{"enterText":"TA","selector":{"controlType":"sap.m.Input","viewName":"etm.portal.ui.manageyards.view.New","viewId":"application-manageyards-display-component---NewYard","bindingPath":{"path":"","propertyPath":"/AUART","modelName":"NewYardModel"},"interaction":{"idSuffix":"inner"}},"clearTextFirst":true,"interactionType":"ENTER_TEXT"}]}
COMMAND: POST /session/eb46200be743186ea26e5ac661c9a518/element - {"using":"xpath","value":"//button[@data-kt=\"newYardSaveButton\"]"}
RESULT: {"using":"xpath","value":"//button[@data-kt=\"newYardSaveButton\"]"}
COMMAND: POST /session/eb46200be743186ea26e5ac661c9a518/element/f.E118EE213315F22AD902502108153141.d.540E25094908B8627187F8D5EADCCB38.e.6153/click - {}
RESULT: {}
COMMAND: GET /session/eb46200be743186ea26e5ac661c9a518/screenshot - {}
RESULT: {}
COMMAND: POST /session/eb46200be743186ea26e5ac661c9a518/element - {"using":"xpath","value":"//header[contains(@id, 'ObjectPageLayout-headerTitle')]/div[1]/div[2]/div[1]/span[1]"}
RESULT: {"using":"xpath","value":"//header[contains(@id, 'ObjectPageLayout-headerTitle')]/div[1]/div[2]/div[1]/span[1]"}
COMMAND: POST /session/eb46200be743186ea26e5ac661c9a518/elements - {"using":"xpath","value":"//header[contains(@id, 'ObjectPageLayout-headerTitle')]/div[1]/div[2]/div[1]/span[1]"}
RESULT: {"using":"xpath","value":"//header[contains(@id, 'ObjectPageLayout-headerTitle')]/div[1]/div[2]/div[1]/span[1]"}
COMMAND: POST /session/eb46200be743186ea26e5ac661c9a518/execute/sync - {"script":"<script> [56 bytes]","args":[{"element-6066-11e4-a52e-4f735466cecf":"f.E118EE213315F22AD902502108153141.d.540E25094908B8627187F8D5EADCCB38.e.6448","ELEMENT":"f.E118EE213315F22AD902502108153141.d.540E25094908B8627187F8D5EADCCB38.e.6448"}]}
RESULT: {"script":"<script> [56 bytes]","args":[{"element-6066-11e4-a52e-4f735466cecf":"f.E118EE213315F22AD902502108153141.d.540E25094908B8627187F8D5EADCCB38.e.6448","ELEMENT":"f.E118EE213315F22AD902502108153141.d.540E25094908B8627187F8D5EADCCB38.e.6448"}]}
COMMAND: GET /session/eb46200be743186ea26e5ac661c9a518/screenshot - {}
RESULT: {}
COMMAND: POST /session/eb46200be743186ea26e5ac661c9a518/element - {"using":"css selector","value":"#shell-header-logo"}
RESULT: {"using":"css selector","value":"#shell-header-logo"}
COMMAND: POST /session/eb46200be743186ea26e5ac661c9a518/element/f.E118EE213315F22AD902502108153141.d.540E25094908B8627187F8D5EADCCB38.e.5599/click - {}
RESULT: {}
COMMAND: GET /session/eb46200be743186ea26e5ac661c9a518/screenshot - {}
RESULT: {}
COMMAND: POST /session/eb46200be743186ea26e5ac661c9a518/execute/sync - {"script":"<script> [299 bytes]","args":[["getModel","getResource"]]}
RESULT: {"script":"<script> [299 bytes]","args":[["getModel","getResource"]]}
COMMAND: POST /session/eb46200be743186ea26e5ac661c9a518/window/fullscreen - {}
COMMAND: GET /session/eb46200be743186ea26e5ac661c9a518/screenshot - {}
RESULT: {}
COMMAND: POST /session/eb46200be743186ea26e5ac661c9a518/execute/async - {"script":"<script> [1562 bytes]","args":[{"selector":{"controlType":"sap.m.GenericTile","properties":{"header":"Manage Partners"}},"wdio_ui5_key":"sapm.GenericTile{\"header\":\"Manage Partners\"}"}]}
RESULT: {}
RESULT: {"script":"<script> [1562 bytes]","args":[{"selector":{"controlType":"sap.m.GenericTile","properties":{"header":"Manage Partners"}},"wdio_ui5_key":"sapm.GenericTile{\"header\":\"Manage Partners\"}"}]}
RESULT: undefined
COMMAND: POST /session/eb46200be743186ea26e5ac661c9a518/element - {"using":"xpath","value":"//*[@id=\"__tile30\"]"}
RESULT: {"using":"xpath","value":"//*[@id=\"__tile30\"]"}
COMMAND: POST /session/eb46200be743186ea26e5ac661c9a518/element/f.E118EE213315F22AD902502108153141.d.540E25094908B8627187F8D5EADCCB38.e.5612/click - {}
RESULT: {}
COMMAND: GET /session/eb46200be743186ea26e5ac661c9a518/screenshot - {}
RESULT: {}
COMMAND: POST /session/eb46200be743186ea26e5ac661c9a518/elements - {"using":"xpath","value":"//span[text()='Error']"}
RESULT: {"using":"xpath","value":"//span[text()='Error']"}
COMMAND: POST /session/eb46200be743186ea26e5ac661c9a518/element - {"using":"xpath","value":"//button[@data-kt=\"addButton\"]"}
RESULT: {"using":"xpath","value":"//button[@data-kt=\"addButton\"]"}
COMMAND: POST /session/eb46200be743186ea26e5ac661c9a518/elements - {"using":"xpath","value":"//button[@data-kt=\"addButton\"]"}
RESULT: {"using":"xpath","value":"//button[@data-kt=\"addButton\"]"}
COMMAND: POST /session/eb46200be743186ea26e5ac661c9a518/execute/sync - {"script":"<script> [8489 bytes]","args":[{"element-6066-11e4-a52e-4f735466cecf":"f.E118EE213315F22AD902502108153141.d.540E25094908B8627187F8D5EADCCB38.e.6497","ELEMENT":"f.E118EE213315F22AD902502108153141.d.540E25094908B8627187F8D5EADCCB38.e.6497"}]}
RESULT: {"script":"<script> [8489 bytes]","args":[{"element-6066-11e4-a52e-4f735466cecf":"f.E118EE213315F22AD902502108153141.d.540E25094908B8627187F8D5EADCCB38.e.6497","ELEMENT":"f.E118EE213315F22AD902502108153141.d.540E25094908B8627187F8D5EADCCB38.e.6497"}]}
COMMAND: GET /session/eb46200be743186ea26e5ac661c9a518/element/f.E118EE213315F22AD902502108153141.d.540E25094908B8627187F8D5EADCCB38.e.6497/enabled - {}
COMMAND: GET /session/eb46200be743186ea26e5ac661c9a518/screenshot - {}
RESULT: {}
COMMAND: POST /session/eb46200be743186ea26e5ac661c9a518/execute/sync - {"script":"<script> [8489 bytes]","args":[{"element-6066-11e4-a52e-4f735466cecf":"f.E118EE213315F22AD902502108153141.d.540E25094908B8627187F8D5EADCCB38.e.6497","ELEMENT":"f.E118EE213315F22AD902502108153141.d.540E25094908B8627187F8D5EADCCB38.e.6497"}]}
COMMAND: GET /session/eb46200be743186ea26e5ac661c9a518/screenshot - {}
RESULT: {}
RESULT: {"script":"<script> [8489 bytes]","args":[{"element-6066-11e4-a52e-4f735466cecf":"f.E118EE213315F22AD902502108153141.d.540E25094908B8627187F8D5EADCCB38.e.6497","ELEMENT":"f.E118EE213315F22AD902502108153141.d.540E25094908B8627187F8D5EADCCB38.e.6497"}]}
COMMAND: POST /session/eb46200be743186ea26e5ac661c9a518/execute/sync - {"script":"<script> [5351 bytes]","args":[{"element-6066-11e4-a52e-4f735466cecf":"f.E118EE213315F22AD902502108153141.d.540E25094908B8627187F8D5EADCCB38.e.6497","ELEMENT":"f.E118EE213315F22AD902502108153141.d.540E25094908B8627187F8D5EADCCB38.e.6497"}]}
COMMAND: GET /session/eb46200be743186ea26e5ac661c9a518/screenshot - {}
RESULT: {}
RESULT: {"script":"<script> [5351 bytes]","args":[{"element-6066-11e4-a52e-4f735466cecf":"f.E118EE213315F22AD902502108153141.d.540E25094908B8627187F8D5EADCCB38.e.6497","ELEMENT":"f.E118EE213315F22AD902502108153141.d.540E25094908B8627187F8D5EADCCB38.e.6497"}]}
COMMAND: POST /session/eb46200be743186ea26e5ac661c9a518/element/f.E118EE213315F22AD902502108153141.d.540E25094908B8627187F8D5EADCCB38.e.6497/click - {}
COMMAND: GET /session/eb46200be743186ea26e5ac661c9a518/screenshot - {}
RESULT: {}
RESULT: {}
COMMAND: GET /session/eb46200be743186ea26e5ac661c9a518/screenshot - {}
COMMAND: POST /session/eb46200be743186ea26e5ac661c9a518/execute/async - {"script":"<script> [1562 bytes]","args":[{"selector":{"id":"application-managepartners-display-component---NewPartner--addressDetailDetailsName1","interaction":{"idSuffix":"inner"}},"wdio_ui5_key":"applicationmanagepartners-display-component---NewPartner--addressDetailDetailsName1"}]}
RESULT: {}
RESULT: {}
RESULT: {"script":"<script> [1562 bytes]","args":[{"selector":{"id":"application-managepartners-display-component---NewPartner--addressDetailDetailsName1","interaction":{"idSuffix":"inner"}},"wdio_ui5_key":"applicationmanagepartners-display-component---NewPartner--addressDetailDetailsName1"}]}
RESULT: undefined
COMMAND: POST /session/eb46200be743186ea26e5ac661c9a518/execute/async - {"script":"<script> [776 bytes]","args":[{"enterText":"Intercompany Partner WDIO","selector":{"id":"application-managepartners-display-component---NewPartner--addressDetailDetailsName1","interaction":{"idSuffix":"inner"}},"clearTextFirst":true,"interactionType":"ENTER_TEXT"}]}
RESULT: {"script":"<script> [776 bytes]","args":[{"enterText":"Intercompany Partner WDIO","selector":{"id":"application-managepartners-display-component---NewPartner--addressDetailDetailsName1","interaction":{"idSuffix":"inner"}},"clearTextFirst":true,"interactionType":"ENTER_TEXT"}]}
COMMAND: POST /session/eb46200be743186ea26e5ac661c9a518/execute/async - {"script":"<script> [1562 bytes]","args":[{"selector":{"id":"application-managepartners-display-component---NewPartner--addressDetailDetailsLanguage-arrow"},"wdio_ui5_key":"applicationmanagepartners-display-component---NewPartner--addressDetailDetailsLanguage-arrow"}]}
RESULT: {"script":"<script> [1562 bytes]","args":[{"selector":{"id":"application-managepartners-display-component---NewPartner--addressDetailDetailsLanguage-arrow"},"wdio_ui5_key":"applicationmanagepartners-display-component---NewPartner--addressDetailDetailsLanguage-arrow"}]}
RESULT: undefined
COMMAND: POST /session/eb46200be743186ea26e5ac661c9a518/element - {"using":"xpath","value":"//*[@id=\"application-managepartners-display-component---NewPartner--addressDetailDetailsLanguage-arrow\"]"}
RESULT: {"using":"xpath","value":"//*[@id=\"application-managepartners-display-component---NewPartner--addressDetailDetailsLanguage-arrow\"]"}
COMMAND: POST /session/eb46200be743186ea26e5ac661c9a518/element/f.E118EE213315F22AD902502108153141.d.540E25094908B8627187F8D5EADCCB38.e.6932/click - {}
RESULT: {}
COMMAND: POST /session/eb46200be743186ea26e5ac661c9a518/element - {"using":"xpath","value":"//span[contains(text(), \"English\")]"}
COMMAND: GET /session/eb46200be743186ea26e5ac661c9a518/screenshot - {}
RESULT: {"using":"xpath","value":"//span[contains(text(), \"English\")]"}
COMMAND: POST /session/eb46200be743186ea26e5ac661c9a518/element/f.E118EE213315F22AD902502108153141.d.540E25094908B8627187F8D5EADCCB38.e.6933/click - {}
RESULT: {}
RESULT: {}
COMMAND: GET /session/eb46200be743186ea26e5ac661c9a518/screenshot - {}
RESULT: {}
COMMAND: POST /session/eb46200be743186ea26e5ac661c9a518/execute/async - {"script":"<script> [1562 bytes]","args":[{"selector":{"id":"application-managepartners-display-component---NewPartner--addressDetailDetailsCity1","interaction":{"idSuffix":"inner"}},"wdio_ui5_key":"applicationmanagepartners-display-component---NewPartner--addressDetailDetailsCity1"}]}
RESULT: {"script":"<script> [1562 bytes]","args":[{"selector":{"id":"application-managepartners-display-component---NewPartner--addressDetailDetailsCity1","interaction":{"idSuffix":"inner"}},"wdio_ui5_key":"applicationmanagepartners-display-component---NewPartner--addressDetailDetailsCity1"}]}
RESULT: undefined
COMMAND: POST /session/eb46200be743186ea26e5ac661c9a518/execute/async - {"script":"<script> [776 bytes]","args":[{"enterText":"Rosario","selector":{"id":"application-managepartners-display-component---NewPartner--addressDetailDetailsCity1","interaction":{"idSuffix":"inner"}},"clearTextFirst":true,"interactionType":"ENTER_TEXT"}]}
RESULT: {"script":"<script> [776 bytes]","args":[{"enterText":"Rosario","selector":{"id":"application-managepartners-display-component---NewPartner--addressDetailDetailsCity1","interaction":{"idSuffix":"inner"}},"clearTextFirst":true,"interactionType":"ENTER_TEXT"}]}
COMMAND: POST /session/eb46200be743186ea26e5ac661c9a518/execute/async - {"script":"<script> [1562 bytes]","args":[{"selector":{"id":"application-managepartners-display-component---NewPartner--addressDetailDetailsCountry-arrow"},"wdio_ui5_key":"applicationmanagepartners-display-component---NewPartner--addressDetailDetailsCountry-arrow"}]}
RESULT: {"script":"<script> [1562 bytes]","args":[{"selector":{"id":"application-managepartners-display-component---NewPartner--addressDetailDetailsCountry-arrow"},"wdio_ui5_key":"applicationmanagepartners-display-component---NewPartner--addressDetailDetailsCountry-arrow"}]}
RESULT: undefined
COMMAND: POST /session/eb46200be743186ea26e5ac661c9a518/element - {"using":"xpath","value":"//*[@id=\"application-managepartners-display-component---NewPartner--addressDetailDetailsCountry-arrow\"]"}
RESULT: {"using":"xpath","value":"//*[@id=\"application-managepartners-display-component---NewPartner--addressDetailDetailsCountry-arrow\"]"}
COMMAND: POST /session/eb46200be743186ea26e5ac661c9a518/element/f.E118EE213315F22AD902502108153141.d.540E25094908B8627187F8D5EADCCB38.e.6915/click - {}
RESULT: {}
COMMAND: POST /session/eb46200be743186ea26e5ac661c9a518/element - {"using":"xpath","value":"//span[contains(text(), \"Argentina\")]"}
COMMAND: GET /session/eb46200be743186ea26e5ac661c9a518/screenshot - {}
RESULT: {"using":"xpath","value":"//span[contains(text(), \"Argentina\")]"}
COMMAND: POST /session/eb46200be743186ea26e5ac661c9a518/element/f.E118EE213315F22AD902502108153141.d.540E25094908B8627187F8D5EADCCB38.e.6935/click - {}
RESULT: {}
RESULT: {}
COMMAND: GET /session/eb46200be743186ea26e5ac661c9a518/screenshot - {}
RESULT: {}
COMMAND: POST /session/eb46200be743186ea26e5ac661c9a518/element - {"using":"xpath","value":"//bdi[contains(text(), \"Commercial\")]"}
RESULT: {"using":"xpath","value":"//bdi[contains(text(), \"Commercial\")]"}
COMMAND: POST /session/eb46200be743186ea26e5ac661c9a518/element/f.E118EE213315F22AD902502108153141.d.540E25094908B8627187F8D5EADCCB38.e.6936/click - {}
RESULT: {}
COMMAND: GET /session/eb46200be743186ea26e5ac661c9a518/screenshot - {}
RESULT: {}
COMMAND: POST /session/eb46200be743186ea26e5ac661c9a518/execute/async - {"script":"<script> [1562 bytes]","args":[{"selector":{"id":"application-managepartners-display-component---NewPartner--partnerDetailInternal-arrow"},"wdio_ui5_key":"applicationmanagepartners-display-component---NewPartner--partnerDetailInternal-arrow"}]}
RESULT: {"script":"<script> [1562 bytes]","args":[{"selector":{"id":"application-managepartners-display-component---NewPartner--partnerDetailInternal-arrow"},"wdio_ui5_key":"applicationmanagepartners-display-component---NewPartner--partnerDetailInternal-arrow"}]}
RESULT: undefined
COMMAND: POST /session/eb46200be743186ea26e5ac661c9a518/element - {"using":"xpath","value":"//*[@id=\"application-managepartners-display-component---NewPartner--partnerDetailInternal-arrow\"]"}
RESULT: {"using":"xpath","value":"//*[@id=\"application-managepartners-display-component---NewPartner--partnerDetailInternal-arrow\"]"}
COMMAND: POST /session/eb46200be743186ea26e5ac661c9a518/element/f.E118EE213315F22AD902502108153141.d.540E25094908B8627187F8D5EADCCB38.e.6942/click - {}
RESULT: {}
COMMAND: POST /session/eb46200be743186ea26e5ac661c9a518/element - {"using":"xpath","value":"//span[contains(text(), \"Affiliated company\")]"}
COMMAND: GET /session/eb46200be743186ea26e5ac661c9a518/screenshot - {}
RESULT: {"using":"xpath","value":"//span[contains(text(), \"Affiliated company\")]"}
COMMAND: POST /session/eb46200be743186ea26e5ac661c9a518/element/f.E118EE213315F22AD902502108153141.d.540E25094908B8627187F8D5EADCCB38.e.6943/click - {}
RESULT: {}
RESULT: {}
COMMAND: POST /session/eb46200be743186ea26e5ac661c9a518/execute/async - {"script":"<script> [1562 bytes]","args":[{"selector":{"id":"application-managepartners-display-component---NewPartner--partnerDetailsCurrency-arrow"},"wdio_ui5_key":"applicationmanagepartners-display-component---NewPartner--partnerDetailsCurrency-arrow"}]}
COMMAND: GET /session/eb46200be743186ea26e5ac661c9a518/screenshot - {}
RESULT: {"script":"<script> [1562 bytes]","args":[{"selector":{"id":"application-managepartners-display-component---NewPartner--partnerDetailsCurrency-arrow"},"wdio_ui5_key":"applicationmanagepartners-display-component---NewPartner--partnerDetailsCurrency-arrow"}]}
RESULT: undefined
COMMAND: POST /session/eb46200be743186ea26e5ac661c9a518/element - {"using":"xpath","value":"//*[@id=\"application-managepartners-display-component---NewPartner--partnerDetailsCurrency-arrow\"]"}
RESULT: {}
RESULT: {"using":"xpath","value":"//*[@id=\"application-managepartners-display-component---NewPartner--partnerDetailsCurrency-arrow\"]"}
COMMAND: POST /session/eb46200be743186ea26e5ac661c9a518/element/f.E118EE213315F22AD902502108153141.d.540E25094908B8627187F8D5EADCCB38.e.6950/click - {}
RESULT: {}
COMMAND: POST /session/eb46200be743186ea26e5ac661c9a518/element - {"using":"xpath","value":"//span[contains(text(), \"Euro\")]"}
COMMAND: GET /session/eb46200be743186ea26e5ac661c9a518/screenshot - {}
RESULT: {"using":"xpath","value":"//span[contains(text(), \"Euro\")]"}
COMMAND: POST /session/eb46200be743186ea26e5ac661c9a518/element/f.E118EE213315F22AD902502108153141.d.540E25094908B8627187F8D5EADCCB38.e.6951/click - {}
RESULT: {}
RESULT: {}
COMMAND: POST /session/eb46200be743186ea26e5ac661c9a518/execute/async - {"script":"<script> [1562 bytes]","args":[{"selector":{"id":"application-managepartners-display-component---NewPartner--addressEditDetailsCostObjectCstType-arrow"},"wdio_ui5_key":"applicationmanagepartners-display-component---NewPartner--addressEditDetailsCostObjectCstType-arrow"}]}
COMMAND: GET /session/eb46200be743186ea26e5ac661c9a518/screenshot - {}
RESULT: {"script":"<script> [1562 bytes]","args":[{"selector":{"id":"application-managepartners-display-component---NewPartner--addressEditDetailsCostObjectCstType-arrow"},"wdio_ui5_key":"applicationmanagepartners-display-component---NewPartner--addressEditDetailsCostObjectCstType-arrow"}]}
RESULT: undefined
COMMAND: POST /session/eb46200be743186ea26e5ac661c9a518/element - {"using":"xpath","value":"//*[@id=\"application-managepartners-display-component---NewPartner--addressEditDetailsCostObjectCstType-arrow\"]"}
RESULT: {}
RESULT: {"using":"xpath","value":"//*[@id=\"application-managepartners-display-component---NewPartner--addressEditDetailsCostObjectCstType-arrow\"]"}
COMMAND: POST /session/eb46200be743186ea26e5ac661c9a518/element/f.E118EE213315F22AD902502108153141.d.540E25094908B8627187F8D5EADCCB38.e.6952/click - {}
RESULT: {}
COMMAND: POST /session/eb46200be743186ea26e5ac661c9a518/element - {"using":"xpath","value":"//span[contains(text(), \"Cost Center\")]"}
COMMAND: GET /session/eb46200be743186ea26e5ac661c9a518/screenshot - {}
RESULT: {"using":"xpath","value":"//span[contains(text(), \"Cost Center\")]"}
COMMAND: POST /session/eb46200be743186ea26e5ac661c9a518/element/f.E118EE213315F22AD902502108153141.d.540E25094908B8627187F8D5EADCCB38.e.6953/click - {}
RESULT: {}
RESULT: {}
COMMAND: GET /session/eb46200be743186ea26e5ac661c9a518/screenshot - {}
RESULT: {}
COMMAND: POST /session/eb46200be743186ea26e5ac661c9a518/element - {"using":"xpath","value":"//span[@id=\"application-managepartners-display-component---NewPartner--addressNewCostObjectCstID-vhi\"]"}
RESULT: {"using":"xpath","value":"//span[@id=\"application-managepartners-display-component---NewPartner--addressNewCostObjectCstID-vhi\"]"}
COMMAND: POST /session/eb46200be743186ea26e5ac661c9a518/execute/sync - {"script":"<script> [8489 bytes]","args":[{"element-6066-11e4-a52e-4f735466cecf":"f.E118EE213315F22AD902502108153141.d.540E25094908B8627187F8D5EADCCB38.e.6957","ELEMENT":"f.E118EE213315F22AD902502108153141.d.540E25094908B8627187F8D5EADCCB38.e.6957"}]}
RESULT: {"script":"<script> [8489 bytes]","args":[{"element-6066-11e4-a52e-4f735466cecf":"f.E118EE213315F22AD902502108153141.d.540E25094908B8627187F8D5EADCCB38.e.6957","ELEMENT":"f.E118EE213315F22AD902502108153141.d.540E25094908B8627187F8D5EADCCB38.e.6957"}]}
COMMAND: POST /session/eb46200be743186ea26e5ac661c9a518/execute/async - {"script":"<script> [1562 bytes]","args":[{"selector":{"id":"application-managepartners-display-component---NewPartner--addressNewCostObjectCstID-vhi"},"wdio_ui5_key":"applicationmanagepartners-display-component---NewPartner--addressNewCostObjectCstID-vhi"}]}
COMMAND: GET /session/eb46200be743186ea26e5ac661c9a518/screenshot - {}
RESULT: {"script":"<script> [1562 bytes]","args":[{"selector":{"id":"application-managepartners-display-component---NewPartner--addressNewCostObjectCstID-vhi"},"wdio_ui5_key":"applicationmanagepartners-display-component---NewPartner--addressNewCostObjectCstID-vhi"}]}
RESULT: undefined
COMMAND: POST /session/eb46200be743186ea26e5ac661c9a518/element - {"using":"xpath","value":"//*[@id=\"application-managepartners-display-component---NewPartner--addressNewCostObjectCstID-vhi\"]"}
RESULT: {}
RESULT: {"using":"xpath","value":"//*[@id=\"application-managepartners-display-component---NewPartner--addressNewCostObjectCstID-vhi\"]"}
COMMAND: POST /session/eb46200be743186ea26e5ac661c9a518/element/f.E118EE213315F22AD902502108153141.d.540E25094908B8627187F8D5EADCCB38.e.6957/click - {}
RESULT: {}
COMMAND: GET /session/eb46200be743186ea26e5ac661c9a518/screenshot - {}
RESULT: {}
RESULT: undefined
COMMAND: POST /session/eb46200be743186ea26e5ac661c9a518/execute/async - {"script":"<script> [776 bytes]","args":[{"enterText":"10001013","selector":{"controlType":"sap.m.SearchField","properties":{"placeholder":"Search"},"searchOpenDialogs":true,"interaction":{"idSuffix":"I"}},"clearTextFirst":true,"interactionType":"ENTER_TEXT"}]}
RESULT: {"script":"<script> [776 bytes]","args":[{"enterText":"10001013","selector":{"controlType":"sap.m.SearchField","properties":{"placeholder":"Search"},"searchOpenDialogs":true,"interaction":{"idSuffix":"I"}},"clearTextFirst":true,"interactionType":"ENTER_TEXT"}]}
COMMAND: POST /session/eb46200be743186ea26e5ac661c9a518/actions - {"actions":[{"id":"action17","type":"key","parameters":{},"actions":[{"type":"keyDown","value":""},{"type":"pause","duration":10},{"type":"keyUp","value":""}]}]}
RESULT: {"actions":[{"id":"action17","type":"key","parameters":{},"actions":[{"type":"keyDown","value":""},{"type":"pause","duration":10},{"type":"keyUp","value":""}]}]}
COMMAND: GET /session/eb46200be743186ea26e5ac661c9a518/screenshot - {}
RESULT: {}
COMMAND: POST /session/eb46200be743186ea26e5ac661c9a518/element - {"using":"xpath","value":"//span[contains(text(), \"General Management\")]"}
RESULT: {"using":"xpath","value":"//span[contains(text(), \"General Management\")]"}
COMMAND: POST /session/eb46200be743186ea26e5ac661c9a518/element/f.E118EE213315F22AD902502108153141.d.540E25094908B8627187F8D5EADCCB38.e.6996/click - {}
RESULT: {}
COMMAND: GET /session/eb46200be743186ea26e5ac661c9a518/screenshot - {}
RESULT: {}
COMMAND: POST /session/eb46200be743186ea26e5ac661c9a518/element - {"using":"xpath","value":"//bdi[contains(text(), \"OK\")]"}
RESULT: {"using":"xpath","value":"//bdi[contains(text(), \"OK\")]"}
COMMAND: POST /session/eb46200be743186ea26e5ac661c9a518/element/f.E118EE213315F22AD902502108153141.d.540E25094908B8627187F8D5EADCCB38.e.6997/click - {}
RESULT: {}
COMMAND: GET /session/eb46200be743186ea26e5ac661c9a518/screenshot - {}
RESULT: {}
COMMAND: POST /session/eb46200be743186ea26e5ac661c9a518/element - {"using":"xpath","value":"//input[@id=\"application-managepartners-display-component---NewPartner--companyCodeComboBox-inner\"]"}
RESULT: {"using":"xpath","value":"//input[@id=\"application-managepartners-display-component---NewPartner--companyCodeComboBox-inner\"]"}
COMMAND: POST /session/eb46200be743186ea26e5ac661c9a518/element/f.E118EE213315F22AD902502108153141.d.540E25094908B8627187F8D5EADCCB38.e.6800/clear - {}
RESULT: {}
COMMAND: POST /session/eb46200be743186ea26e5ac661c9a518/element/f.E118EE213315F22AD902502108153141.d.540E25094908B8627187F8D5EADCCB38.e.6800/value - {"text":"C002"}
COMMAND: GET /session/eb46200be743186ea26e5ac661c9a518/screenshot - {}
RESULT: {"text":"C002"}
COMMAND: GET /session/eb46200be743186ea26e5ac661c9a518/screenshot - {}
RESULT: {}
RESULT: {}
COMMAND: POST /session/eb46200be743186ea26e5ac661c9a518/element - {"using":"xpath","value":"//li[.//span[text()= \"C002\"]]"}
RESULT: {"using":"xpath","value":"//li[.//span[text()= \"C002\"]]"}
COMMAND: POST /session/eb46200be743186ea26e5ac661c9a518/element/f.E118EE213315F22AD902502108153141.d.540E25094908B8627187F8D5EADCCB38.e.7003/click - {}
RESULT: {}
COMMAND: GET /session/eb46200be743186ea26e5ac661c9a518/screenshot - {}
RESULT: {}
COMMAND: POST /session/eb46200be743186ea26e5ac661c9a518/execute/async - {"script":"<script> [1562 bytes]","args":[{"selector":{"id":"application-managepartners-display-component---NewPartner--btnAddTableRow-img"},"wdio_ui5_key":"applicationmanagepartners-display-component---NewPartner--btnAddTableRow-img"}]}
RESULT: {"script":"<script> [1562 bytes]","args":[{"selector":{"id":"application-managepartners-display-component---NewPartner--btnAddTableRow-img"},"wdio_ui5_key":"applicationmanagepartners-display-component---NewPartner--btnAddTableRow-img"}]}
RESULT: undefined
COMMAND: POST /session/eb46200be743186ea26e5ac661c9a518/element - {"using":"xpath","value":"//*[@id=\"application-managepartners-display-component---NewPartner--btnAddTableRow-img\"]"}
RESULT: {"using":"xpath","value":"//*[@id=\"application-managepartners-display-component---NewPartner--btnAddTableRow-img\"]"}
COMMAND: POST /session/eb46200be743186ea26e5ac661c9a518/element/f.E118EE213315F22AD902502108153141.d.540E25094908B8627187F8D5EADCCB38.e.7004/click - {}
RESULT: {}
COMMAND: GET /session/eb46200be743186ea26e5ac661c9a518/screenshot - {}
RESULT: {}
COMMAND: POST /session/eb46200be743186ea26e5ac661c9a518/element - {"using":"xpath","value":"//input[@id=\"application-managepartners-display-component---NewPartner--assignmentYard-application-managepartners-display-component---NewPartner--assignmentsTable-0-inner\"]"}
RESULT: {"using":"xpath","value":"//input[@id=\"application-managepartners-display-component---NewPartner--assignmentYard-application-managepartners-display-component---NewPartner--assignmentsTable-0-inner\"]"}
COMMAND: POST /session/eb46200be743186ea26e5ac661c9a518/element/f.E118EE213315F22AD902502108153141.d.540E25094908B8627187F8D5EADCCB38.e.7007/clear - {}
RESULT: {}
COMMAND: POST /session/eb46200be743186ea26e5ac661c9a518/element/f.E118EE213315F22AD902502108153141.d.540E25094908B8627187F8D5EADCCB38.e.7007/value - {"text":"480"}
COMMAND: GET /session/eb46200be743186ea26e5ac661c9a518/screenshot - {}
RESULT: {"text":"480"}
COMMAND: GET /session/eb46200be743186ea26e5ac661c9a518/screenshot - {}
RESULT: {}
RESULT: {}
COMMAND: POST /session/eb46200be743186ea26e5ac661c9a518/element - {"using":"xpath","value":"//li[.//span[text()='480']]"}
RESULT: {"using":"xpath","value":"//li[.//span[text()='480']]"}
COMMAND: POST /session/eb46200be743186ea26e5ac661c9a518/element/f.E118EE213315F22AD902502108153141.d.540E25094908B8627187F8D5EADCCB38.e.7017/click - {}
RESULT: {}
COMMAND: GET /session/eb46200be743186ea26e5ac661c9a518/screenshot - {}
RESULT: {}
COMMAND: POST /session/eb46200be743186ea26e5ac661c9a518/actions - {"actions":[{"id":"action18","type":"key","parameters":{},"actions":[{"type":"keyDown","value":""},{"type":"pause","duration":10},{"type":"keyUp","value":""}]}]}
RESULT: {"actions":[{"id":"action18","type":"key","parameters":{},"actions":[{"type":"keyDown","value":""},{"type":"pause","duration":10},{"type":"keyUp","value":""}]}]}
COMMAND: POST /session/eb46200be743186ea26e5ac661c9a518/execute/async - {"script":"<script> [1562 bytes]","args":[{"selector":{"id":"application-managepartners-display-component---NewPartner--externalCustomerComboBox-application-managepartners-display-component---NewPartner--assignmentsTable-0-vhi"},"wdio_ui5_key":"applicationmanagepartners-display-component---NewPartner--externalCustomerComboBox-application-managepartners-display-component---NewPartner--assignmentsTable-0-vhi"}]}
COMMAND: GET /session/eb46200be743186ea26e5ac661c9a518/screenshot - {}
RESULT: {"script":"<script> [1562 bytes]","args":[{"selector":{"id":"application-managepartners-display-component---NewPartner--externalCustomerComboBox-application-managepartners-display-component---NewPartner--assignmentsTable-0-vhi"},"wdio_ui5_key":"applicationmanagepartners-display-component---NewPartner--externalCustomerComboBox-application-managepartners-display-component---NewPartner--assignmentsTable-0-vhi"}]}
RESULT: undefined
COMMAND: POST /session/eb46200be743186ea26e5ac661c9a518/element - {"using":"xpath","value":"//*[@id=\"application-managepartners-display-component---NewPartner--externalCustomerComboBox-application-managepartners-display-component---NewPartner--assignmentsTable-0-vhi\"]"}
RESULT: {}
RESULT: {"using":"xpath","value":"//*[@id=\"application-managepartners-display-component---NewPartner--externalCustomerComboBox-application-managepartners-display-component---NewPartner--assignmentsTable-0-vhi\"]"}
COMMAND: POST /session/eb46200be743186ea26e5ac661c9a518/element/f.E118EE213315F22AD902502108153141.d.540E25094908B8627187F8D5EADCCB38.e.7021/click - {}
RESULT: {}
RESULT: undefined
COMMAND: POST /session/eb46200be743186ea26e5ac661c9a518/execute/async - {"script":"<script> [776 bytes]","args":[{"enterText":"300003","selector":{"controlType":"sap.m.SearchField","properties":{"placeholder":"Search"},"searchOpenDialogs":true,"interaction":{"idSuffix":"I"}},"clearTextFirst":true,"interactionType":"ENTER_TEXT"}]}
COMMAND: GET /session/eb46200be743186ea26e5ac661c9a518/screenshot - {}
RESULT: {"script":"<script> [776 bytes]","args":[{"enterText":"300003","selector":{"controlType":"sap.m.SearchField","properties":{"placeholder":"Search"},"searchOpenDialogs":true,"interaction":{"idSuffix":"I"}},"clearTextFirst":true,"interactionType":"ENTER_TEXT"}]}
COMMAND: POST /session/eb46200be743186ea26e5ac661c9a518/actions - {"actions":[{"id":"action19","type":"key","parameters":{},"actions":[{"type":"keyDown","value":""},{"type":"pause","duration":10},{"type":"keyUp","value":""}]}]}
RESULT: {}
RESULT: {"actions":[{"id":"action19","type":"key","parameters":{},"actions":[{"type":"keyDown","value":""},{"type":"pause","duration":10},{"type":"keyUp","value":""}]}]}
COMMAND: GET /session/eb46200be743186ea26e5ac661c9a518/screenshot - {}
RESULT: {}
COMMAND: POST /session/eb46200be743186ea26e5ac661c9a518/element - {"using":"xpath","value":"//span[contains(text(), \"300003\")]"}
RESULT: {"using":"xpath","value":"//span[contains(text(), \"300003\")]"}
COMMAND: POST /session/eb46200be743186ea26e5ac661c9a518/element/f.E118EE213315F22AD902502108153141.d.540E25094908B8627187F8D5EADCCB38.e.7039/click - {}
RESULT: {}
COMMAND: GET /session/eb46200be743186ea26e5ac661c9a518/screenshot - {}
RESULT: {}
COMMAND: POST /session/eb46200be743186ea26e5ac661c9a518/element - {"using":"xpath","value":"//bdi[contains(text(), \"OK\")]"}
RESULT: {"using":"xpath","value":"//bdi[contains(text(), \"OK\")]"}
COMMAND: POST /session/eb46200be743186ea26e5ac661c9a518/element/f.E118EE213315F22AD902502108153141.d.540E25094908B8627187F8D5EADCCB38.e.7041/click - {}
RESULT: {}
COMMAND: GET /session/eb46200be743186ea26e5ac661c9a518/screenshot - {}
RESULT: {}
COMMAND: POST /session/eb46200be743186ea26e5ac661c9a518/execute/async - {"script":"<script> [1562 bytes]","args":[{"selector":{"id":"application-managepartners-display-component---NewPartner--intercompVendorComboBox-application-managepartners-display-component---NewPartner--assignmentsTable-0-vhi"},"wdio_ui5_key":"applicationmanagepartners-display-component---NewPartner--intercompVendorComboBox-application-managepartners-display-component---NewPartner--assignmentsTable-0-vhi"}]}
RESULT: {"script":"<script> [1562 bytes]","args":[{"selector":{"id":"application-managepartners-display-component---NewPartner--intercompVendorComboBox-application-managepartners-display-component---NewPartner--assignmentsTable-0-vhi"},"wdio_ui5_key":"applicationmanagepartners-display-component---NewPartner--intercompVendorComboBox-application-managepartners-display-component---NewPartner--assignmentsTable-0-vhi"}]}
RESULT: undefined
COMMAND: POST /session/eb46200be743186ea26e5ac661c9a518/element - {"using":"xpath","value":"//*[@id=\"application-managepartners-display-component---NewPartner--intercompVendorComboBox-application-managepartners-display-component---NewPartner--assignmentsTable-0-vhi\"]"}
RESULT: {"using":"xpath","value":"//*[@id=\"application-managepartners-display-component---NewPartner--intercompVendorComboBox-application-managepartners-display-component---NewPartner--assignmentsTable-0-vhi\"]"}
COMMAND: POST /session/eb46200be743186ea26e5ac661c9a518/element/f.E118EE213315F22AD902502108153141.d.540E25094908B8627187F8D5EADCCB38.e.7044/click - {}
RESULT: {}
RESULT: undefined
COMMAND: POST /session/eb46200be743186ea26e5ac661c9a518/execute/async - {"script":"<script> [776 bytes]","args":[{"enterText":"100005","selector":{"controlType":"sap.m.SearchField","properties":{"placeholder":"Search"},"searchOpenDialogs":true,"interaction":{"idSuffix":"I"}},"clearTextFirst":true,"interactionType":"ENTER_TEXT"}]}
COMMAND: GET /session/eb46200be743186ea26e5ac661c9a518/screenshot - {}
RESULT: {"script":"<script> [776 bytes]","args":[{"enterText":"100005","selector":{"controlType":"sap.m.SearchField","properties":{"placeholder":"Search"},"searchOpenDialogs":true,"interaction":{"idSuffix":"I"}},"clearTextFirst":true,"interactionType":"ENTER_TEXT"}]}
COMMAND: POST /session/eb46200be743186ea26e5ac661c9a518/actions - {"actions":[{"id":"action20","type":"key","parameters":{},"actions":[{"type":"keyDown","value":""},{"type":"pause","duration":10},{"type":"keyUp","value":""}]}]}
RESULT: {}
RESULT: {"actions":[{"id":"action20","type":"key","parameters":{},"actions":[{"type":"keyDown","value":""},{"type":"pause","duration":10},{"type":"keyUp","value":""}]}]}
COMMAND: GET /session/eb46200be743186ea26e5ac661c9a518/screenshot - {}
RESULT: {}
COMMAND: POST /session/eb46200be743186ea26e5ac661c9a518/element - {"using":"xpath","value":"//span[contains(text(), \"Penguins - Field/12345 Berlin\")]"}
RESULT: {"using":"xpath","value":"//span[contains(text(), \"Penguins - Field/12345 Berlin\")]"}
COMMAND: POST /session/eb46200be743186ea26e5ac661c9a518/element/f.E118EE213315F22AD902502108153141.d.540E25094908B8627187F8D5EADCCB38.e.7064/click - {}
RESULT: {}
COMMAND: GET /session/eb46200be743186ea26e5ac661c9a518/screenshot - {}
RESULT: {}
COMMAND: POST /session/eb46200be743186ea26e5ac661c9a518/element - {"using":"xpath","value":"//bdi[contains(text(), \"OK\")]"}
RESULT: {"using":"xpath","value":"//bdi[contains(text(), \"OK\")]"}
COMMAND: POST /session/eb46200be743186ea26e5ac661c9a518/element/f.E118EE213315F22AD902502108153141.d.540E25094908B8627187F8D5EADCCB38.e.7065/click - {}
RESULT: {}
COMMAND: GET /session/eb46200be743186ea26e5ac661c9a518/screenshot - {}
RESULT: {}
COMMAND: POST /session/eb46200be743186ea26e5ac661c9a518/element - {"using":"xpath","value":"//button[@data-kt=\"saveButton\"]"}
RESULT: {"using":"xpath","value":"//button[@data-kt=\"saveButton\"]"}
COMMAND: POST /session/eb46200be743186ea26e5ac661c9a518/element/f.E118EE213315F22AD902502108153141.d.540E25094908B8627187F8D5EADCCB38.e.6917/click - {}
RESULT: {}
COMMAND: GET /session/eb46200be743186ea26e5ac661c9a518/screenshot - {}
RESULT: {}
COMMAND: POST /session/eb46200be743186ea26e5ac661c9a518/element - {"using":"xpath","value":"//header[contains(@id, 'ObjectPageLayout-headerTitle')]/div[1]/div[2]/div[2]/span[1]"}
RESULT: {"using":"xpath","value":"//header[contains(@id, 'ObjectPageLayout-headerTitle')]/div[1]/div[2]/div[2]/span[1]"}
COMMAND: POST /session/eb46200be743186ea26e5ac661c9a518/elements - {"using":"xpath","value":"//header[contains(@id, 'ObjectPageLayout-headerTitle')]/div[1]/div[2]/div[2]/span[1]"}
RESULT: {"using":"xpath","value":"//header[contains(@id, 'ObjectPageLayout-headerTitle')]/div[1]/div[2]/div[2]/span[1]"}
COMMAND: POST /session/eb46200be743186ea26e5ac661c9a518/execute/sync - {"script":"<script> [56 bytes]","args":[{"element-6066-11e4-a52e-4f735466cecf":"f.E118EE213315F22AD902502108153141.d.540E25094908B8627187F8D5EADCCB38.e.7231","ELEMENT":"f.E118EE213315F22AD902502108153141.d.540E25094908B8627187F8D5EADCCB38.e.7231"}]}
RESULT: {"script":"<script> [56 bytes]","args":[{"element-6066-11e4-a52e-4f735466cecf":"f.E118EE213315F22AD902502108153141.d.540E25094908B8627187F8D5EADCCB38.e.7231","ELEMENT":"f.E118EE213315F22AD902502108153141.d.540E25094908B8627187F8D5EADCCB38.e.7231"}]}
COMMAND: POST /session/eb46200be743186ea26e5ac661c9a518/element - {"using":"css selector","value":"#shell-header-logo"}
COMMAND: GET /session/eb46200be743186ea26e5ac661c9a518/screenshot - {}
RESULT: {"using":"css selector","value":"#shell-header-logo"}
COMMAND: POST /session/eb46200be743186ea26e5ac661c9a518/element/f.E118EE213315F22AD902502108153141.d.540E25094908B8627187F8D5EADCCB38.e.6452/click - {}
RESULT: {}
RESULT: {}
COMMAND: GET /session/eb46200be743186ea26e5ac661c9a518/screenshot - {}
RESULT: {}
COMMAND: POST /session/eb46200be743186ea26e5ac661c9a518/execute/sync - {"script":"<script> [299 bytes]","args":[["getModel","getResource"]]}
RESULT: {"script":"<script> [299 bytes]","args":[["getModel","getResource"]]}
COMMAND: POST /session/eb46200be743186ea26e5ac661c9a518/execute/async - {"script":"<script> [1562 bytes]","args":[{"selector":{"controlType":"sap.m.GenericTile","properties":{"header":"Manage Sites"}},"wdio_ui5_key":"sapm.GenericTile{\"header\":\"Manage Sites\"}"}]}
COMMAND: GET /session/eb46200be743186ea26e5ac661c9a518/screenshot - {}
RESULT: {"script":"<script> [1562 bytes]","args":[{"selector":{"controlType":"sap.m.GenericTile","properties":{"header":"Manage Sites"}},"wdio_ui5_key":"sapm.GenericTile{\"header\":\"Manage Sites\"}"}]}
RESULT: undefined
COMMAND: POST /session/eb46200be743186ea26e5ac661c9a518/element - {"using":"xpath","value":"//*[@id=\"__tile32\"]"}
RESULT: {}
RESULT: {"using":"xpath","value":"//*[@id=\"__tile32\"]"}
COMMAND: POST /session/eb46200be743186ea26e5ac661c9a518/element/f.E118EE213315F22AD902502108153141.d.540E25094908B8627187F8D5EADCCB38.e.5618/click - {}
RESULT: {}
COMMAND: GET /session/eb46200be743186ea26e5ac661c9a518/screenshot - {}
RESULT: {}
COMMAND: POST /session/eb46200be743186ea26e5ac661c9a518/elements - {"using":"xpath","value":"//span[text()='Error']"}
RESULT: {"using":"xpath","value":"//span[text()='Error']"}
COMMAND: POST /session/eb46200be743186ea26e5ac661c9a518/element - {"using":"xpath","value":"//button[@data-kt=\"addOverflowToolbarButton\"]"}
RESULT: {"using":"xpath","value":"//button[@data-kt=\"addOverflowToolbarButton\"]"}
COMMAND: POST /session/eb46200be743186ea26e5ac661c9a518/elements - {"using":"xpath","value":"//button[@data-kt=\"addOverflowToolbarButton\"]"}
RESULT: {"using":"xpath","value":"//button[@data-kt=\"addOverflowToolbarButton\"]"}
COMMAND: POST /session/eb46200be743186ea26e5ac661c9a518/execute/sync - {"script":"<script> [8489 bytes]","args":[{"element-6066-11e4-a52e-4f735466cecf":"f.E118EE213315F22AD902502108153141.d.540E25094908B8627187F8D5EADCCB38.e.7278","ELEMENT":"f.E118EE213315F22AD902502108153141.d.540E25094908B8627187F8D5EADCCB38.e.7278"}]}
RESULT: {"script":"<script> [8489 bytes]","args":[{"element-6066-11e4-a52e-4f735466cecf":"f.E118EE213315F22AD902502108153141.d.540E25094908B8627187F8D5EADCCB38.e.7278","ELEMENT":"f.E118EE213315F22AD902502108153141.d.540E25094908B8627187F8D5EADCCB38.e.7278"}]}
COMMAND: GET /session/eb46200be743186ea26e5ac661c9a518/element/f.E118EE213315F22AD902502108153141.d.540E25094908B8627187F8D5EADCCB38.e.7278/enabled - {}
COMMAND: GET /session/eb46200be743186ea26e5ac661c9a518/screenshot - {}
RESULT: {}
COMMAND: POST /session/eb46200be743186ea26e5ac661c9a518/execute/sync - {"script":"<script> [8489 bytes]","args":[{"element-6066-11e4-a52e-4f735466cecf":"f.E118EE213315F22AD902502108153141.d.540E25094908B8627187F8D5EADCCB38.e.7278","ELEMENT":"f.E118EE213315F22AD902502108153141.d.540E25094908B8627187F8D5EADCCB38.e.7278"}]}
COMMAND: GET /session/eb46200be743186ea26e5ac661c9a518/screenshot - {}
RESULT: {}
RESULT: {"script":"<script> [8489 bytes]","args":[{"element-6066-11e4-a52e-4f735466cecf":"f.E118EE213315F22AD902502108153141.d.540E25094908B8627187F8D5EADCCB38.e.7278","ELEMENT":"f.E118EE213315F22AD902502108153141.d.540E25094908B8627187F8D5EADCCB38.e.7278"}]}
COMMAND: POST /session/eb46200be743186ea26e5ac661c9a518/execute/sync - {"script":"<script> [5351 bytes]","args":[{"element-6066-11e4-a52e-4f735466cecf":"f.E118EE213315F22AD902502108153141.d.540E25094908B8627187F8D5EADCCB38.e.7278","ELEMENT":"f.E118EE213315F22AD902502108153141.d.540E25094908B8627187F8D5EADCCB38.e.7278"}]}
COMMAND: GET /session/eb46200be743186ea26e5ac661c9a518/screenshot - {}
RESULT: {}
RESULT: {"script":"<script> [5351 bytes]","args":[{"element-6066-11e4-a52e-4f735466cecf":"f.E118EE213315F22AD902502108153141.d.540E25094908B8627187F8D5EADCCB38.e.7278","ELEMENT":"f.E118EE213315F22AD902502108153141.d.540E25094908B8627187F8D5EADCCB38.e.7278"}]}
COMMAND: POST /session/eb46200be743186ea26e5ac661c9a518/element/f.E118EE213315F22AD902502108153141.d.540E25094908B8627187F8D5EADCCB38.e.7278/click - {}
COMMAND: GET /session/eb46200be743186ea26e5ac661c9a518/screenshot - {}
RESULT: {}
RESULT: {}
COMMAND: GET /session/eb46200be743186ea26e5ac661c9a518/screenshot - {}
COMMAND: POST /session/eb46200be743186ea26e5ac661c9a518/element - {"using":"xpath","value":"//input[@id=\"application-managesites-display-component---NewSite--siteId-inner\"]"}
RESULT: {}
RESULT: {}
RESULT: {"using":"xpath","value":"//input[@id=\"application-managesites-display-component---NewSite--siteId-inner\"]"}
COMMAND: POST /session/eb46200be743186ea26e5ac661c9a518/element - {"using":"xpath","value":"//input[@id=\"application-managesites-display-component---NewSite--siteId-inner\"]"}
RESULT: {"using":"xpath","value":"//input[@id=\"application-managesites-display-component---NewSite--siteId-inner\"]"}
COMMAND: POST /session/eb46200be743186ea26e5ac661c9a518/execute/async - {"script":"<script> [1562 bytes]","args":[{"selector":{"id":"application-managesites-display-component---NewSite--addressDetailDetailsName1","interaction":{"idSuffix":"inner"}},"wdio_ui5_key":"applicationmanagesites-display-component---NewSite--addressDetailDetailsName1"}]}
RESULT: {"script":"<script> [1562 bytes]","args":[{"selector":{"id":"application-managesites-display-component---NewSite--addressDetailDetailsName1","interaction":{"idSuffix":"inner"}},"wdio_ui5_key":"applicationmanagesites-display-component---NewSite--addressDetailDetailsName1"}]}
RESULT: undefined
COMMAND: POST /session/eb46200be743186ea26e5ac661c9a518/execute/async - {"script":"<script> [776 bytes]","args":[{"enterText":"Intercompany Site wdIO","selector":{"id":"application-managesites-display-component---NewSite--addressDetailDetailsName1","interaction":{"idSuffix":"inner"}},"clearTextFirst":true,"interactionType":"ENTER_TEXT"}]}
RESULT: {"script":"<script> [776 bytes]","args":[{"enterText":"Intercompany Site wdIO","selector":{"id":"application-managesites-display-component---NewSite--addressDetailDetailsName1","interaction":{"idSuffix":"inner"}},"clearTextFirst":true,"interactionType":"ENTER_TEXT"}]}
COMMAND: POST /session/eb46200be743186ea26e5ac661c9a518/execute/async - {"script":"<script> [1562 bytes]","args":[{"selector":{"id":"application-managesites-display-component---NewSite--addressDetailDetailsLanguage-arrow"},"wdio_ui5_key":"applicationmanagesites-display-component---NewSite--addressDetailDetailsLanguage-arrow"}]}
RESULT: {"script":"<script> [1562 bytes]","args":[{"selector":{"id":"application-managesites-display-component---NewSite--addressDetailDetailsLanguage-arrow"},"wdio_ui5_key":"applicationmanagesites-display-component---NewSite--addressDetailDetailsLanguage-arrow"}]}
RESULT: undefined
COMMAND: POST /session/eb46200be743186ea26e5ac661c9a518/element - {"using":"xpath","value":"//*[@id=\"application-managesites-display-component---NewSite--addressDetailDetailsLanguage-arrow\"]"}
RESULT: {"using":"xpath","value":"//*[@id=\"application-managesites-display-component---NewSite--addressDetailDetailsLanguage-arrow\"]"}
COMMAND: POST /session/eb46200be743186ea26e5ac661c9a518/element/f.E118EE213315F22AD902502108153141.d.540E25094908B8627187F8D5EADCCB38.e.7675/click - {}
RESULT: {}
COMMAND: POST /session/eb46200be743186ea26e5ac661c9a518/element - {"using":"xpath","value":"//span[contains(text(), \"English\")]"}
COMMAND: GET /session/eb46200be743186ea26e5ac661c9a518/screenshot - {}
RESULT: {"using":"xpath","value":"//span[contains(text(), \"English\")]"}
COMMAND: POST /session/eb46200be743186ea26e5ac661c9a518/element/f.E118EE213315F22AD902502108153141.d.540E25094908B8627187F8D5EADCCB38.e.7676/click - {}
RESULT: {}
RESULT: {}
COMMAND: POST /session/eb46200be743186ea26e5ac661c9a518/execute/async - {"script":"<script> [1562 bytes]","args":[{"selector":{"id":"application-managesites-display-component---NewSite--addressDetailDetailsCity1","interaction":{"idSuffix":"inner"}},"wdio_ui5_key":"applicationmanagesites-display-component---NewSite--addressDetailDetailsCity1"}]}
COMMAND: GET /session/eb46200be743186ea26e5ac661c9a518/screenshot - {}
RESULT: {"script":"<script> [1562 bytes]","args":[{"selector":{"id":"application-managesites-display-component---NewSite--addressDetailDetailsCity1","interaction":{"idSuffix":"inner"}},"wdio_ui5_key":"applicationmanagesites-display-component---NewSite--addressDetailDetailsCity1"}]}
RESULT: undefined
COMMAND: POST /session/eb46200be743186ea26e5ac661c9a518/execute/async - {"script":"<script> [776 bytes]","args":[{"enterText":"Rosario","selector":{"id":"application-managesites-display-component---NewSite--addressDetailDetailsCity1","interaction":{"idSuffix":"inner"}},"clearTextFirst":true,"interactionType":"ENTER_TEXT"}]}
RESULT: {}
RESULT: {"script":"<script> [776 bytes]","args":[{"enterText":"Rosario","selector":{"id":"application-managesites-display-component---NewSite--addressDetailDetailsCity1","interaction":{"idSuffix":"inner"}},"clearTextFirst":true,"interactionType":"ENTER_TEXT"}]}
COMMAND: POST /session/eb46200be743186ea26e5ac661c9a518/execute/async - {"script":"<script> [1562 bytes]","args":[{"selector":{"id":"application-managesites-display-component---NewSite--addressDetailDetailsCountry-arrow"},"wdio_ui5_key":"applicationmanagesites-display-component---NewSite--addressDetailDetailsCountry-arrow"}]}
RESULT: {"script":"<script> [1562 bytes]","args":[{"selector":{"id":"application-managesites-display-component---NewSite--addressDetailDetailsCountry-arrow"},"wdio_ui5_key":"applicationmanagesites-display-component---NewSite--addressDetailDetailsCountry-arrow"}]}
RESULT: undefined
COMMAND: POST /session/eb46200be743186ea26e5ac661c9a518/element - {"using":"xpath","value":"//*[@id=\"application-managesites-display-component---NewSite--addressDetailDetailsCountry-arrow\"]"}
RESULT: {"using":"xpath","value":"//*[@id=\"application-managesites-display-component---NewSite--addressDetailDetailsCountry-arrow\"]"}
COMMAND: POST /session/eb46200be743186ea26e5ac661c9a518/element/f.E118EE213315F22AD902502108153141.d.540E25094908B8627187F8D5EADCCB38.e.7678/click - {}
RESULT: {}
COMMAND: POST /session/eb46200be743186ea26e5ac661c9a518/element - {"using":"xpath","value":"//span[contains(text(), \"Argentina\")]"}
COMMAND: GET /session/eb46200be743186ea26e5ac661c9a518/screenshot - {}
RESULT: {"using":"xpath","value":"//span[contains(text(), \"Argentina\")]"}
COMMAND: POST /session/eb46200be743186ea26e5ac661c9a518/element/f.E118EE213315F22AD902502108153141.d.540E25094908B8627187F8D5EADCCB38.e.7679/click - {}
RESULT: {}
RESULT: {}
COMMAND: GET /session/eb46200be743186ea26e5ac661c9a518/screenshot - {}
RESULT: {}
COMMAND: POST /session/eb46200be743186ea26e5ac661c9a518/execute/async - {"script":"<script> [1562 bytes]","args":[{"selector":{"id":"application-managesites-display-component---NewSite--addressEditDetailsCostObjectCstType-arrow"},"wdio_ui5_key":"applicationmanagesites-display-component---NewSite--addressEditDetailsCostObjectCstType-arrow"}]}
RESULT: {"script":"<script> [1562 bytes]","args":[{"selector":{"id":"application-managesites-display-component---NewSite--addressEditDetailsCostObjectCstType-arrow"},"wdio_ui5_key":"applicationmanagesites-display-component---NewSite--addressEditDetailsCostObjectCstType-arrow"}]}
RESULT: undefined
COMMAND: POST /session/eb46200be743186ea26e5ac661c9a518/element - {"using":"xpath","value":"//*[@id=\"application-managesites-display-component---NewSite--addressEditDetailsCostObjectCstType-arrow\"]"}
RESULT: {"using":"xpath","value":"//*[@id=\"application-managesites-display-component---NewSite--addressEditDetailsCostObjectCstType-arrow\"]"}
COMMAND: POST /session/eb46200be743186ea26e5ac661c9a518/element/f.E118EE213315F22AD902502108153141.d.540E25094908B8627187F8D5EADCCB38.e.7681/click - {}
RESULT: {}
COMMAND: POST /session/eb46200be743186ea26e5ac661c9a518/element - {"using":"xpath","value":"//span[contains(text(), \"Cost Center\")]"}
COMMAND: GET /session/eb46200be743186ea26e5ac661c9a518/screenshot - {}
RESULT: {"using":"xpath","value":"//span[contains(text(), \"Cost Center\")]"}
COMMAND: POST /session/eb46200be743186ea26e5ac661c9a518/element/f.E118EE213315F22AD902502108153141.d.540E25094908B8627187F8D5EADCCB38.e.7682/click - {}
RESULT: {}
RESULT: {}
COMMAND: GET /session/eb46200be743186ea26e5ac661c9a518/screenshot - {}
RESULT: {}
COMMAND: POST /session/eb46200be743186ea26e5ac661c9a518/element - {"using":"xpath","value":"//span[@id=\"application-managesites-display-component---NewSite--addressNewCostObjectCstID-vhi\"]"}
RESULT: {"using":"xpath","value":"//span[@id=\"application-managesites-display-component---NewSite--addressNewCostObjectCstID-vhi\"]"}
COMMAND: POST /session/eb46200be743186ea26e5ac661c9a518/execute/sync - {"script":"<script> [8489 bytes]","args":[{"element-6066-11e4-a52e-4f735466cecf":"f.E118EE213315F22AD902502108153141.d.540E25094908B8627187F8D5EADCCB38.e.7687","ELEMENT":"f.E118EE213315F22AD902502108153141.d.540E25094908B8627187F8D5EADCCB38.e.7687"}]}
RESULT: {"script":"<script> [8489 bytes]","args":[{"element-6066-11e4-a52e-4f735466cecf":"f.E118EE213315F22AD902502108153141.d.540E25094908B8627187F8D5EADCCB38.e.7687","ELEMENT":"f.E118EE213315F22AD902502108153141.d.540E25094908B8627187F8D5EADCCB38.e.7687"}]}
COMMAND: POST /session/eb46200be743186ea26e5ac661c9a518/execute/async - {"script":"<script> [1562 bytes]","args":[{"selector":{"id":"application-managesites-display-component---NewSite--addressNewCostObjectCstID-vhi"},"wdio_ui5_key":"applicationmanagesites-display-component---NewSite--addressNewCostObjectCstID-vhi"}]}
COMMAND: GET /session/eb46200be743186ea26e5ac661c9a518/screenshot - {}
RESULT: {"script":"<script> [1562 bytes]","args":[{"selector":{"id":"application-managesites-display-component---NewSite--addressNewCostObjectCstID-vhi"},"wdio_ui5_key":"applicationmanagesites-display-component---NewSite--addressNewCostObjectCstID-vhi"}]}
RESULT: undefined
COMMAND: POST /session/eb46200be743186ea26e5ac661c9a518/element - {"using":"xpath","value":"//*[@id=\"application-managesites-display-component---NewSite--addressNewCostObjectCstID-vhi\"]"}
RESULT: {}
RESULT: {"using":"xpath","value":"//*[@id=\"application-managesites-display-component---NewSite--addressNewCostObjectCstID-vhi\"]"}
COMMAND: POST /session/eb46200be743186ea26e5ac661c9a518/element/f.E118EE213315F22AD902502108153141.d.540E25094908B8627187F8D5EADCCB38.e.7687/click - {}
RESULT: {}
COMMAND: GET /session/eb46200be743186ea26e5ac661c9a518/screenshot - {}
RESULT: {}
RESULT: undefined
COMMAND: POST /session/eb46200be743186ea26e5ac661c9a518/execute/async - {"script":"<script> [776 bytes]","args":[{"enterText":"10001013","selector":{"controlType":"sap.m.SearchField","properties":{"placeholder":"Search"},"searchOpenDialogs":true,"interaction":{"idSuffix":"I"}},"clearTextFirst":true,"interactionType":"ENTER_TEXT"}]}
RESULT: {"script":"<script> [776 bytes]","args":[{"enterText":"10001013","selector":{"controlType":"sap.m.SearchField","properties":{"placeholder":"Search"},"searchOpenDialogs":true,"interaction":{"idSuffix":"I"}},"clearTextFirst":true,"interactionType":"ENTER_TEXT"}]}
COMMAND: POST /session/eb46200be743186ea26e5ac661c9a518/actions - {"actions":[{"id":"action21","type":"key","parameters":{},"actions":[{"type":"keyDown","value":""},{"type":"pause","duration":10},{"type":"keyUp","value":""}]}]}
RESULT: {"actions":[{"id":"action21","type":"key","parameters":{},"actions":[{"type":"keyDown","value":""},{"type":"pause","duration":10},{"type":"keyUp","value":""}]}]}
COMMAND: GET /session/eb46200be743186ea26e5ac661c9a518/screenshot - {}
RESULT: {}
COMMAND: POST /session/eb46200be743186ea26e5ac661c9a518/element - {"using":"xpath","value":"//span[contains(text(), \"General Management\")]"}
RESULT: {"using":"xpath","value":"//span[contains(text(), \"General Management\")]"}
COMMAND: POST /session/eb46200be743186ea26e5ac661c9a518/element/f.E118EE213315F22AD902502108153141.d.540E25094908B8627187F8D5EADCCB38.e.7725/click - {}
RESULT: {}
COMMAND: GET /session/eb46200be743186ea26e5ac661c9a518/screenshot - {}
RESULT: {}
COMMAND: POST /session/eb46200be743186ea26e5ac661c9a518/element - {"using":"xpath","value":"//bdi[contains(text(), \"OK\")]"}
RESULT: {"using":"xpath","value":"//bdi[contains(text(), \"OK\")]"}
COMMAND: POST /session/eb46200be743186ea26e5ac661c9a518/element/f.E118EE213315F22AD902502108153141.d.540E25094908B8627187F8D5EADCCB38.e.7726/click - {}
RESULT: {}
COMMAND: GET /session/eb46200be743186ea26e5ac661c9a518/screenshot - {}
RESULT: {}
COMMAND: POST /session/eb46200be743186ea26e5ac661c9a518/element - {"using":"xpath","value":"//input[@id=\"application-managesites-display-component---NewSite--addressDetailDetailsCalendar-inner\"]"}
RESULT: {"using":"xpath","value":"//input[@id=\"application-managesites-display-component---NewSite--addressDetailDetailsCalendar-inner\"]"}
COMMAND: POST /session/eb46200be743186ea26e5ac661c9a518/element/f.E118EE213315F22AD902502108153141.d.540E25094908B8627187F8D5EADCCB38.e.7475/clear - {}
RESULT: {}
COMMAND: POST /session/eb46200be743186ea26e5ac661c9a518/element/f.E118EE213315F22AD902502108153141.d.540E25094908B8627187F8D5EADCCB38.e.7475/value - {"text":"Unit"}
COMMAND: GET /session/eb46200be743186ea26e5ac661c9a518/screenshot - {}
RESULT: {"text":"Unit"}
COMMAND: GET /session/eb46200be743186ea26e5ac661c9a518/screenshot - {}
RESULT: {}
RESULT: {}
COMMAND: POST /session/eb46200be743186ea26e5ac661c9a518/actions - {"actions":[{"id":"action22","type":"key","parameters":{},"actions":[{"type":"keyDown","value":""},{"type":"pause","duration":10},{"type":"keyUp","value":""}]}]}
RESULT: {"actions":[{"id":"action22","type":"key","parameters":{},"actions":[{"type":"keyDown","value":""},{"type":"pause","duration":10},{"type":"keyUp","value":""}]}]}
COMMAND: POST /session/eb46200be743186ea26e5ac661c9a518/element - {"using":"xpath","value":"//input[@id=\"application-managesites-display-component---NewSite--addressDetailDetailsYard-inner\"]"}
COMMAND: GET /session/eb46200be743186ea26e5ac661c9a518/screenshot - {}
RESULT: {"using":"xpath","value":"//input[@id=\"application-managesites-display-component---NewSite--addressDetailDetailsYard-inner\"]"}
COMMAND: POST /session/eb46200be743186ea26e5ac661c9a518/element/f.E118EE213315F22AD902502108153141.d.540E25094908B8627187F8D5EADCCB38.e.7476/clear - {}
RESULT: {}
RESULT: {}
COMMAND: POST /session/eb46200be743186ea26e5ac661c9a518/element/f.E118EE213315F22AD902502108153141.d.540E25094908B8627187F8D5EADCCB38.e.7476/value - {"text":"480"}
COMMAND: GET /session/eb46200be743186ea26e5ac661c9a518/screenshot - {}
RESULT: {"text":"480"}
COMMAND: GET /session/eb46200be743186ea26e5ac661c9a518/screenshot - {}
RESULT: {}
RESULT: {}
COMMAND: POST /session/eb46200be743186ea26e5ac661c9a518/element - {"using":"xpath","value":"//li[.//span[text()='480']]"}
RESULT: {"using":"xpath","value":"//li[.//span[text()='480']]"}
COMMAND: POST /session/eb46200be743186ea26e5ac661c9a518/element/f.E118EE213315F22AD902502108153141.d.540E25094908B8627187F8D5EADCCB38.e.7734/click - {}
RESULT: {}
COMMAND: GET /session/eb46200be743186ea26e5ac661c9a518/screenshot - {}
RESULT: {}
COMMAND: POST /session/eb46200be743186ea26e5ac661c9a518/element - {"using":"xpath","value":"//input[@id=\"application-managesites-display-component---NewSite--addressDetailDetailsPartner-inner\"]"}
RESULT: {"using":"xpath","value":"//input[@id=\"application-managesites-display-component---NewSite--addressDetailDetailsPartner-inner\"]"}
COMMAND: POST /session/eb46200be743186ea26e5ac661c9a518/element - {"using":"xpath","value":"//input[@id=\"application-managesites-display-component---NewSite--addressDetailDetailsPartner-inner\"]"}
RESULT: {"using":"xpath","value":"//input[@id=\"application-managesites-display-component---NewSite--addressDetailDetailsPartner-inner\"]"}
COMMAND: POST /session/eb46200be743186ea26e5ac661c9a518/element - {"using":"xpath","value":"//button[@data-kt=\"saveButton\"]"}
RESULT: {"using":"xpath","value":"//button[@data-kt=\"saveButton\"]"}
COMMAND: POST /session/eb46200be743186ea26e5ac661c9a518/element/f.E118EE213315F22AD902502108153141.d.540E25094908B8627187F8D5EADCCB38.e.7668/click - {}
RESULT: {}
COMMAND: GET /session/eb46200be743186ea26e5ac661c9a518/screenshot - {}
RESULT: {}
COMMAND: POST /session/eb46200be743186ea26e5ac661c9a518/element - {"using":"xpath","value":"//header[contains(@id, 'ObjectPageLayout-headerTitle')]/div[1]/div[2]/div[2]/span[1]"}
RESULT: {"using":"xpath","value":"//header[contains(@id, 'ObjectPageLayout-headerTitle')]/div[1]/div[2]/div[2]/span[1]"}
COMMAND: POST /session/eb46200be743186ea26e5ac661c9a518/elements - {"using":"xpath","value":"//header[contains(@id, 'ObjectPageLayout-headerTitle')]/div[1]/div[2]/div[2]/span[1]"}
RESULT: {"using":"xpath","value":"//header[contains(@id, 'ObjectPageLayout-headerTitle')]/div[1]/div[2]/div[2]/span[1]"}
COMMAND: POST /session/eb46200be743186ea26e5ac661c9a518/execute/sync - {"script":"<script> [56 bytes]","args":[{"element-6066-11e4-a52e-4f735466cecf":"f.E118EE213315F22AD902502108153141.d.540E25094908B8627187F8D5EADCCB38.e.7940","ELEMENT":"f.E118EE213315F22AD902502108153141.d.540E25094908B8627187F8D5EADCCB38.e.7940"}]}
RESULT: {"script":"<script> [56 bytes]","args":[{"element-6066-11e4-a52e-4f735466cecf":"f.E118EE213315F22AD902502108153141.d.540E25094908B8627187F8D5EADCCB38.e.7940","ELEMENT":"f.E118EE213315F22AD902502108153141.d.540E25094908B8627187F8D5EADCCB38.e.7940"}]}
COMMAND: POST /session/eb46200be743186ea26e5ac661c9a518/element - {"using":"css selector","value":"#shell-header-logo"}
COMMAND: GET /session/eb46200be743186ea26e5ac661c9a518/screenshot - {}
RESULT: {"using":"css selector","value":"#shell-header-logo"}
COMMAND: POST /session/eb46200be743186ea26e5ac661c9a518/element/f.E118EE213315F22AD902502108153141.d.540E25094908B8627187F8D5EADCCB38.e.7235/click - {}
RESULT: {}
RESULT: {}
COMMAND: GET /session/eb46200be743186ea26e5ac661c9a518/screenshot - {}
RESULT: {}
COMMAND: POST /session/eb46200be743186ea26e5ac661c9a518/execute/sync - {"script":"<script> [299 bytes]","args":[["getModel","getResource"]]}
RESULT: {"script":"<script> [299 bytes]","args":[["getModel","getResource"]]}
COMMAND: GET /session/eb46200be743186ea26e5ac661c9a518/screenshot - {}
]]></system-out>
    </testcase>
    <testcase classname="chrome.136_0_7103_93.windows.Manage_States_&amp;_Performance_Tests_US151247_US151423_US151467" name="Prereq Should create an equipment add on contract stock increase and provide it" time="220.752">
      <failure/>
      <error message="element (&quot;//button[@data-kt=&quot;masterHOAddButton&quot;]&quot;) still not existing after 45000ms"/>
      <system-out><![CDATA[
RESULT: {}
COMMAND: POST /session/eb46200be743186ea26e5ac661c9a518/execute/async - {"script":"<script> [1562 bytes]","args":[{"selector":{"controlType":"sap.m.GenericTile","properties":{"header":"Manage Resources"}},"wdio_ui5_key":"sapm.GenericTile{\"header\":\"Manage Resources\"}"}]}
RESULT: {"script":"<script> [1562 bytes]","args":[{"selector":{"controlType":"sap.m.GenericTile","properties":{"header":"Manage Resources"}},"wdio_ui5_key":"sapm.GenericTile{\"header\":\"Manage Resources\"}"}]}
RESULT: undefined
COMMAND: POST /session/eb46200be743186ea26e5ac661c9a518/element - {"using":"xpath","value":"//*[@id=\"__tile31\"]"}
RESULT: {"using":"xpath","value":"//*[@id=\"__tile31\"]"}
COMMAND: POST /session/eb46200be743186ea26e5ac661c9a518/element/f.E118EE213315F22AD902502108153141.d.540E25094908B8627187F8D5EADCCB38.e.5615/click - {}
RESULT: {}
COMMAND: GET /session/eb46200be743186ea26e5ac661c9a518/screenshot - {}
RESULT: {}
COMMAND: POST /session/eb46200be743186ea26e5ac661c9a518/elements - {"using":"xpath","value":"//span[text()='Error']"}
RESULT: {"using":"xpath","value":"//span[text()='Error']"}
COMMAND: POST /session/eb46200be743186ea26e5ac661c9a518/element - {"using":"xpath","value":"//button[@data-kt=\"addNewRUOverflowToolbarButton\"]"}
RESULT: {"using":"xpath","value":"//button[@data-kt=\"addNewRUOverflowToolbarButton\"]"}
COMMAND: POST /session/eb46200be743186ea26e5ac661c9a518/elements - {"using":"xpath","value":"//button[@data-kt=\"addNewRUOverflowToolbarButton\"]"}
RESULT: {"using":"xpath","value":"//button[@data-kt=\"addNewRUOverflowToolbarButton\"]"}
COMMAND: POST /session/eb46200be743186ea26e5ac661c9a518/execute/sync - {"script":"<script> [8489 bytes]","args":[{"element-6066-11e4-a52e-4f735466cecf":"f.E118EE213315F22AD902502108153141.d.540E25094908B8627187F8D5EADCCB38.e.7973","ELEMENT":"f.E118EE213315F22AD902502108153141.d.540E25094908B8627187F8D5EADCCB38.e.7973"}]}
RESULT: {"script":"<script> [8489 bytes]","args":[{"element-6066-11e4-a52e-4f735466cecf":"f.E118EE213315F22AD902502108153141.d.540E25094908B8627187F8D5EADCCB38.e.7973","ELEMENT":"f.E118EE213315F22AD902502108153141.d.540E25094908B8627187F8D5EADCCB38.e.7973"}]}
COMMAND: GET /session/eb46200be743186ea26e5ac661c9a518/element/f.E118EE213315F22AD902502108153141.d.540E25094908B8627187F8D5EADCCB38.e.7973/enabled - {}
COMMAND: GET /session/eb46200be743186ea26e5ac661c9a518/screenshot - {}
RESULT: {}
COMMAND: POST /session/eb46200be743186ea26e5ac661c9a518/execute/sync - {"script":"<script> [8489 bytes]","args":[{"element-6066-11e4-a52e-4f735466cecf":"f.E118EE213315F22AD902502108153141.d.540E25094908B8627187F8D5EADCCB38.e.7973","ELEMENT":"f.E118EE213315F22AD902502108153141.d.540E25094908B8627187F8D5EADCCB38.e.7973"}]}
COMMAND: GET /session/eb46200be743186ea26e5ac661c9a518/screenshot - {}
RESULT: {}
RESULT: {"script":"<script> [8489 bytes]","args":[{"element-6066-11e4-a52e-4f735466cecf":"f.E118EE213315F22AD902502108153141.d.540E25094908B8627187F8D5EADCCB38.e.7973","ELEMENT":"f.E118EE213315F22AD902502108153141.d.540E25094908B8627187F8D5EADCCB38.e.7973"}]}
COMMAND: POST /session/eb46200be743186ea26e5ac661c9a518/execute/sync - {"script":"<script> [5351 bytes]","args":[{"element-6066-11e4-a52e-4f735466cecf":"f.E118EE213315F22AD902502108153141.d.540E25094908B8627187F8D5EADCCB38.e.7973","ELEMENT":"f.E118EE213315F22AD902502108153141.d.540E25094908B8627187F8D5EADCCB38.e.7973"}]}
RESULT: {}
RESULT: {"script":"<script> [5351 bytes]","args":[{"element-6066-11e4-a52e-4f735466cecf":"f.E118EE213315F22AD902502108153141.d.540E25094908B8627187F8D5EADCCB38.e.7973","ELEMENT":"f.E118EE213315F22AD902502108153141.d.540E25094908B8627187F8D5EADCCB38.e.7973"}]}
COMMAND: POST /session/eb46200be743186ea26e5ac661c9a518/element/f.E118EE213315F22AD902502108153141.d.540E25094908B8627187F8D5EADCCB38.e.7973/click - {}
COMMAND: GET /session/eb46200be743186ea26e5ac661c9a518/screenshot - {}
COMMAND: GET /session/eb46200be743186ea26e5ac661c9a518/screenshot - {}
RESULT: {}
COMMAND: GET /session/eb46200be743186ea26e5ac661c9a518/screenshot - {}
RESULT: {}
RESULT: {}
RESULT: {}
COMMAND: POST /session/eb46200be743186ea26e5ac661c9a518/execute/async - {"script":"<script> [1562 bytes]","args":[{"selector":{"id":"application-manageresources-display-component---newResourceUnit--TYPE-arrow"},"wdio_ui5_key":"applicationmanageresources-display-component---newResourceUnit--TYPE-arrow"}]}
RESULT: {"script":"<script> [1562 bytes]","args":[{"selector":{"id":"application-manageresources-display-component---newResourceUnit--TYPE-arrow"},"wdio_ui5_key":"applicationmanageresources-display-component---newResourceUnit--TYPE-arrow"}]}
RESULT: undefined
COMMAND: POST /session/eb46200be743186ea26e5ac661c9a518/element - {"using":"xpath","value":"//*[@id=\"application-manageresources-display-component---newResourceUnit--TYPE-arrow\"]"}
RESULT: {"using":"xpath","value":"//*[@id=\"application-manageresources-display-component---newResourceUnit--TYPE-arrow\"]"}
COMMAND: POST /session/eb46200be743186ea26e5ac661c9a518/element/f.E118EE213315F22AD902502108153141.d.540E25094908B8627187F8D5EADCCB38.e.8340/click - {}
RESULT: {}
COMMAND: POST /session/eb46200be743186ea26e5ac661c9a518/element - {"using":"xpath","value":"//input[@id=\"application-manageresources-display-component---newResourceUnit--TYPE-inner\"]"}
COMMAND: GET /session/eb46200be743186ea26e5ac661c9a518/screenshot - {}
RESULT: {"using":"xpath","value":"//input[@id=\"application-manageresources-display-component---newResourceUnit--TYPE-inner\"]"}
COMMAND: POST /session/eb46200be743186ea26e5ac661c9a518/element/f.E118EE213315F22AD902502108153141.d.540E25094908B8627187F8D5EADCCB38.e.8325/clear - {}
RESULT: {}
RESULT: {}
COMMAND: POST /session/eb46200be743186ea26e5ac661c9a518/element/f.E118EE213315F22AD902502108153141.d.540E25094908B8627187F8D5EADCCB38.e.8325/value - {"text":"Equipment"}
COMMAND: GET /session/eb46200be743186ea26e5ac661c9a518/screenshot - {}
RESULT: {"text":"Equipment"}
COMMAND: GET /session/eb46200be743186ea26e5ac661c9a518/screenshot - {}
RESULT: {}
RESULT: {}
COMMAND: POST /session/eb46200be743186ea26e5ac661c9a518/actions - {"actions":[{"id":"action23","type":"key","parameters":{},"actions":[{"type":"keyDown","value":""},{"type":"pause","duration":10},{"type":"keyUp","value":""}]}]}
RESULT: {"actions":[{"id":"action23","type":"key","parameters":{},"actions":[{"type":"keyDown","value":""},{"type":"pause","duration":10},{"type":"keyUp","value":""}]}]}
COMMAND: POST /session/eb46200be743186ea26e5ac661c9a518/execute/async - {"script":"<script> [1562 bytes]","args":[{"selector":{"id":"application-manageresources-display-component---newResourceUnit--resourceId","interaction":{"idSuffix":"inner"}},"wdio_ui5_key":"applicationmanageresources-display-component---newResourceUnit--resourceId"}]}
COMMAND: GET /session/eb46200be743186ea26e5ac661c9a518/screenshot - {}
RESULT: {"script":"<script> [1562 bytes]","args":[{"selector":{"id":"application-manageresources-display-component---newResourceUnit--resourceId","interaction":{"idSuffix":"inner"}},"wdio_ui5_key":"applicationmanageresources-display-component---newResourceUnit--resourceId"}]}
RESULT: undefined
COMMAND: POST /session/eb46200be743186ea26e5ac661c9a518/execute/async - {"script":"<script> [776 bytes]","args":[{"enterText":"8Jr8lUhGME","selector":{"id":"application-manageresources-display-component---newResourceUnit--resourceId","interaction":{"idSuffix":"inner"}},"clearTextFirst":true,"interactionType":"ENTER_TEXT"}]}
RESULT: {}
RESULT: {"script":"<script> [776 bytes]","args":[{"enterText":"8Jr8lUhGME","selector":{"id":"application-manageresources-display-component---newResourceUnit--resourceId","interaction":{"idSuffix":"inner"}},"clearTextFirst":true,"interactionType":"ENTER_TEXT"}]}
COMMAND: POST /session/eb46200be743186ea26e5ac661c9a518/execute/async - {"script":"<script> [1562 bytes]","args":[{"selector":{"id":"application-manageresources-display-component---newResourceUnit--SHORT_TEXT","interaction":{"idSuffix":"inner"}},"wdio_ui5_key":"applicationmanageresources-display-component---newResourceUnit--SHORT_TEXT"}]}
RESULT: {"script":"<script> [1562 bytes]","args":[{"selector":{"id":"application-manageresources-display-component---newResourceUnit--SHORT_TEXT","interaction":{"idSuffix":"inner"}},"wdio_ui5_key":"applicationmanageresources-display-component---newResourceUnit--SHORT_TEXT"}]}
RESULT: undefined
COMMAND: POST /session/eb46200be743186ea26e5ac661c9a518/execute/async - {"script":"<script> [776 bytes]","args":[{"enterText":"Intercompany Equipment WDIO","selector":{"id":"application-manageresources-display-component---newResourceUnit--SHORT_TEXT","interaction":{"idSuffix":"inner"}},"clearTextFirst":true,"interactionType":"ENTER_TEXT"}]}
RESULT: {"script":"<script> [776 bytes]","args":[{"enterText":"Intercompany Equipment WDIO","selector":{"id":"application-manageresources-display-component---newResourceUnit--SHORT_TEXT","interaction":{"idSuffix":"inner"}},"clearTextFirst":true,"interactionType":"ENTER_TEXT"}]}
COMMAND: POST /session/eb46200be743186ea26e5ac661c9a518/execute/async - {"script":"<script> [1562 bytes]","args":[{"selector":{"id":"application-manageresources-display-component---newResourceUnit--BASE_UNIT_OF_MEASURE","interaction":{"idSuffix":"inner"}},"wdio_ui5_key":"applicationmanageresources-display-component---newResourceUnit--BASE_UNIT_OF_MEASURE"}]}
RESULT: {"script":"<script> [1562 bytes]","args":[{"selector":{"id":"application-manageresources-display-component---newResourceUnit--BASE_UNIT_OF_MEASURE","interaction":{"idSuffix":"inner"}},"wdio_ui5_key":"applicationmanageresources-display-component---newResourceUnit--BASE_UNIT_OF_MEASURE"}]}
RESULT: undefined
COMMAND: POST /session/eb46200be743186ea26e5ac661c9a518/execute/async - {"script":"<script> [776 bytes]","args":[{"enterText":"Piece","selector":{"id":"application-manageresources-display-component---newResourceUnit--BASE_UNIT_OF_MEASURE","interaction":{"idSuffix":"inner"}},"clearTextFirst":true,"interactionType":"ENTER_TEXT"}]}
RESULT: {"script":"<script> [776 bytes]","args":[{"enterText":"Piece","selector":{"id":"application-manageresources-display-component---newResourceUnit--BASE_UNIT_OF_MEASURE","interaction":{"idSuffix":"inner"}},"clearTextFirst":true,"interactionType":"ENTER_TEXT"}]}
COMMAND: POST /session/eb46200be743186ea26e5ac661c9a518/execute/async - {"script":"<script> [1562 bytes]","args":[{"selector":{"id":"application-manageresources-display-component---newResourceUnit--WEIGHT_UNIT","interaction":{"idSuffix":"inner"}},"wdio_ui5_key":"applicationmanageresources-display-component---newResourceUnit--WEIGHT_UNIT"}]}
RESULT: {"script":"<script> [1562 bytes]","args":[{"selector":{"id":"application-manageresources-display-component---newResourceUnit--WEIGHT_UNIT","interaction":{"idSuffix":"inner"}},"wdio_ui5_key":"applicationmanageresources-display-component---newResourceUnit--WEIGHT_UNIT"}]}
RESULT: undefined
COMMAND: POST /session/eb46200be743186ea26e5ac661c9a518/execute/async - {"script":"<script> [776 bytes]","args":[{"enterText":"Gram","selector":{"id":"application-manageresources-display-component---newResourceUnit--WEIGHT_UNIT","interaction":{"idSuffix":"inner"}},"clearTextFirst":true,"interactionType":"ENTER_TEXT"}]}
RESULT: {"script":"<script> [776 bytes]","args":[{"enterText":"Gram","selector":{"id":"application-manageresources-display-component---newResourceUnit--WEIGHT_UNIT","interaction":{"idSuffix":"inner"}},"clearTextFirst":true,"interactionType":"ENTER_TEXT"}]}
COMMAND: POST /session/eb46200be743186ea26e5ac661c9a518/execute/async - {"script":"<script> [1562 bytes]","args":[{"selector":{"id":"application-manageresources-display-component---newResourceUnit--DIMENSION_UNIT","interaction":{"idSuffix":"inner"}},"wdio_ui5_key":"applicationmanageresources-display-component---newResourceUnit--DIMENSION_UNIT"}]}
RESULT: {"script":"<script> [1562 bytes]","args":[{"selector":{"id":"application-manageresources-display-component---newResourceUnit--DIMENSION_UNIT","interaction":{"idSuffix":"inner"}},"wdio_ui5_key":"applicationmanageresources-display-component---newResourceUnit--DIMENSION_UNIT"}]}
RESULT: undefined
COMMAND: POST /session/eb46200be743186ea26e5ac661c9a518/execute/async - {"script":"<script> [776 bytes]","args":[{"enterText":"Meter","selector":{"id":"application-manageresources-display-component---newResourceUnit--DIMENSION_UNIT","interaction":{"idSuffix":"inner"}},"clearTextFirst":true,"interactionType":"ENTER_TEXT"}]}
RESULT: {"script":"<script> [776 bytes]","args":[{"enterText":"Meter","selector":{"id":"application-manageresources-display-component---newResourceUnit--DIMENSION_UNIT","interaction":{"idSuffix":"inner"}},"clearTextFirst":true,"interactionType":"ENTER_TEXT"}]}
COMMAND: POST /session/eb46200be743186ea26e5ac661c9a518/execute/async - {"script":"<script> [1562 bytes]","args":[{"selector":{"id":"application-manageresources-display-component---newResourceUnit--newRRUPage-anchBar-application-manageresources-display-component---newResourceUnit--control-anchor","interaction":{"idSuffix":"BDI-content"}},"wdio_ui5_key":"applicationmanageresources-display-component---newResourceUnit--newRRUPage-anchBar-application-manageresources-display-component---newResourceUnit--control-anchor"}]}
RESULT: {"script":"<script> [1562 bytes]","args":[{"selector":{"id":"application-manageresources-display-component---newResourceUnit--newRRUPage-anchBar-application-manageresources-display-component---newResourceUnit--control-anchor","interaction":{"idSuffix":"BDI-content"}},"wdio_ui5_key":"applicationmanageresources-display-component---newResourceUnit--newRRUPage-anchBar-application-manageresources-display-component---newResourceUnit--control-anchor"}]}
RESULT: undefined
COMMAND: POST /session/eb46200be743186ea26e5ac661c9a518/element - {"using":"xpath","value":"//*[@id=\"application-manageresources-display-component---newResourceUnit--newRRUPage-anchBar-application-manageresources-display-component---newResourceUnit--control-anchor\"]"}
RESULT: {"using":"xpath","value":"//*[@id=\"application-manageresources-display-component---newResourceUnit--newRRUPage-anchBar-application-manageresources-display-component---newResourceUnit--control-anchor\"]"}
COMMAND: POST /session/eb46200be743186ea26e5ac661c9a518/element/f.E118EE213315F22AD902502108153141.d.540E25094908B8627187F8D5EADCCB38.e.8498/click - {}
RESULT: {}
COMMAND: POST /session/eb46200be743186ea26e5ac661c9a518/execute/async - {"script":"<script> [1562 bytes]","args":[{"selector":{"id":"application-manageresources-display-component---newResourceUnit--PLANNING_GROUP","interaction":{"idSuffix":"inner"}},"wdio_ui5_key":"applicationmanageresources-display-component---newResourceUnit--PLANNING_GROUP"}]}
COMMAND: GET /session/eb46200be743186ea26e5ac661c9a518/screenshot - {}
RESULT: {"script":"<script> [1562 bytes]","args":[{"selector":{"id":"application-manageresources-display-component---newResourceUnit--PLANNING_GROUP","interaction":{"idSuffix":"inner"}},"wdio_ui5_key":"applicationmanageresources-display-component---newResourceUnit--PLANNING_GROUP"}]}
RESULT: undefined
COMMAND: POST /session/eb46200be743186ea26e5ac661c9a518/execute/async - {"script":"<script> [776 bytes]","args":[{"enterText":"Heavy Equi","selector":{"id":"application-manageresources-display-component---newResourceUnit--PLANNING_GROUP","interaction":{"idSuffix":"inner"}},"clearTextFirst":true,"interactionType":"ENTER_TEXT"}]}
RESULT: {}
RESULT: {"script":"<script> [776 bytes]","args":[{"enterText":"Heavy Equi","selector":{"id":"application-manageresources-display-component---newResourceUnit--PLANNING_GROUP","interaction":{"idSuffix":"inner"}},"clearTextFirst":true,"interactionType":"ENTER_TEXT"}]}
COMMAND: POST /session/eb46200be743186ea26e5ac661c9a518/execute/async - {"script":"<script> [1562 bytes]","args":[{"selector":{"id":"application-manageresources-display-component---newResourceUnit--ITEM_TYPE-arrow"},"wdio_ui5_key":"applicationmanageresources-display-component---newResourceUnit--ITEM_TYPE-arrow"}]}
RESULT: {"script":"<script> [1562 bytes]","args":[{"selector":{"id":"application-manageresources-display-component---newResourceUnit--ITEM_TYPE-arrow"},"wdio_ui5_key":"applicationmanageresources-display-component---newResourceUnit--ITEM_TYPE-arrow"}]}
RESULT: undefined
COMMAND: POST /session/eb46200be743186ea26e5ac661c9a518/element - {"using":"xpath","value":"//*[@id=\"application-manageresources-display-component---newResourceUnit--ITEM_TYPE-arrow\"]"}
RESULT: {"using":"xpath","value":"//*[@id=\"application-manageresources-display-component---newResourceUnit--ITEM_TYPE-arrow\"]"}
COMMAND: POST /session/eb46200be743186ea26e5ac661c9a518/element/f.E118EE213315F22AD902502108153141.d.540E25094908B8627187F8D5EADCCB38.e.8505/click - {}
RESULT: {}
COMMAND: POST /session/eb46200be743186ea26e5ac661c9a518/element - {"using":"xpath","value":"//ul[contains(@id,\"ITEM_TYPE-popup-list-listUl\")]//li[.//span[contains(text(),\"Resource Unit\")]]"}
COMMAND: GET /session/eb46200be743186ea26e5ac661c9a518/screenshot - {}
RESULT: {"using":"xpath","value":"//ul[contains(@id,\"ITEM_TYPE-popup-list-listUl\")]//li[.//span[contains(text(),\"Resource Unit\")]]"}
COMMAND: POST /session/eb46200be743186ea26e5ac661c9a518/element/f.E118EE213315F22AD902502108153141.d.540E25094908B8627187F8D5EADCCB38.e.8506/click - {}
RESULT: {}
RESULT: {}
COMMAND: GET /session/eb46200be743186ea26e5ac661c9a518/screenshot - {}
RESULT: {}
COMMAND: POST /session/eb46200be743186ea26e5ac661c9a518/element - {"using":"css selector","value":"#application-manageresources-display-component---newResourceUnit--btnAddTimeSegment"}
RESULT: {"using":"css selector","value":"#application-manageresources-display-component---newResourceUnit--btnAddTimeSegment"}
COMMAND: GET /session/eb46200be743186ea26e5ac661c9a518/element/f.E118EE213315F22AD902502108153141.d.540E25094908B8627187F8D5EADCCB38.e.8514/rect - {}
RESULT: {}
COMMAND: GET /session/eb46200be743186ea26e5ac661c9a518/window/rect - {}
RESULT: {}
COMMAND: POST /session/eb46200be743186ea26e5ac661c9a518/execute/sync - {"script":"<script> [92 bytes]","args":[]}
RESULT: {"script":"<script> [92 bytes]","args":[]}
COMMAND: POST /session/eb46200be743186ea26e5ac661c9a518/actions - {"actions":[{"id":"action24","type":"wheel","parameters":{},"actions":[{"type":"scroll","x":-1888,"y":-32,"deltaX":0,"deltaY":0,"duration":0,"origin":{"element-6066-11e4-a52e-4f735466cecf":"f.E118EE213315F22AD902502108153141.d.540E25094908B8627187F8D5EADCCB38.e.8514"}}]}]}
COMMAND: GET /session/eb46200be743186ea26e5ac661c9a518/screenshot - {}
RESULT: {}
COMMAND: POST /session/eb46200be743186ea26e5ac661c9a518/execute/sync - {"script":"<script> [79 bytes]","args":[{"element-6066-11e4-a52e-4f735466cecf":"f.E118EE213315F22AD902502108153141.d.540E25094908B8627187F8D5EADCCB38.e.8514","ELEMENT":"f.E118EE213315F22AD902502108153141.d.540E25094908B8627187F8D5EADCCB38.e.8514"},{"block":"start","inline":"nearest"}]}
RESULT: {"script":"<script> [79 bytes]","args":[{"element-6066-11e4-a52e-4f735466cecf":"f.E118EE213315F22AD902502108153141.d.540E25094908B8627187F8D5EADCCB38.e.8514","ELEMENT":"f.E118EE213315F22AD902502108153141.d.540E25094908B8627187F8D5EADCCB38.e.8514"},{"block":"start","inline":"nearest"}]}
COMMAND: POST /session/eb46200be743186ea26e5ac661c9a518/execute/async - {"script":"<script> [1562 bytes]","args":[{"selector":{"id":"application-manageresources-display-component---newResourceUnit--btnAddTimeSegment","interaction":{"idSuffix":"inner"}},"wdio_ui5_key":"applicationmanageresources-display-component---newResourceUnit--btnAddTimeSegment"}]}
COMMAND: GET /session/eb46200be743186ea26e5ac661c9a518/screenshot - {}
RESULT: {"script":"<script> [1562 bytes]","args":[{"selector":{"id":"application-manageresources-display-component---newResourceUnit--btnAddTimeSegment","interaction":{"idSuffix":"inner"}},"wdio_ui5_key":"applicationmanageresources-display-component---newResourceUnit--btnAddTimeSegment"}]}
RESULT: undefined
COMMAND: POST /session/eb46200be743186ea26e5ac661c9a518/element - {"using":"xpath","value":"//*[@id=\"application-manageresources-display-component---newResourceUnit--btnAddTimeSegment\"]"}
RESULT: {}
RESULT: {"using":"xpath","value":"//*[@id=\"application-manageresources-display-component---newResourceUnit--btnAddTimeSegment\"]"}
COMMAND: POST /session/eb46200be743186ea26e5ac661c9a518/element/f.E118EE213315F22AD902502108153141.d.540E25094908B8627187F8D5EADCCB38.e.8514/click - {}
RESULT: {}
COMMAND: GET /session/eb46200be743186ea26e5ac661c9a518/screenshot - {}
RESULT: {}
COMMAND: POST /session/eb46200be743186ea26e5ac661c9a518/element - {"using":"xpath","value":"//input[@id=\"application-manageresources-display-component---newResourceUnit--idRuTSAdmin-application-manageresources-display-component---newResourceUnit--RUTimeSegment-0-inner\"]"}
RESULT: {"using":"xpath","value":"//input[@id=\"application-manageresources-display-component---newResourceUnit--idRuTSAdmin-application-manageresources-display-component---newResourceUnit--RUTimeSegment-0-inner\"]"}
COMMAND: POST /session/eb46200be743186ea26e5ac661c9a518/element/f.E118EE213315F22AD902502108153141.d.540E25094908B8627187F8D5EADCCB38.e.8520/clear - {}
RESULT: {}
COMMAND: POST /session/eb46200be743186ea26e5ac661c9a518/element/f.E118EE213315F22AD902502108153141.d.540E25094908B8627187F8D5EADCCB38.e.8520/value - {"text":"480"}
COMMAND: GET /session/eb46200be743186ea26e5ac661c9a518/screenshot - {}
RESULT: {"text":"480"}
COMMAND: GET /session/eb46200be743186ea26e5ac661c9a518/screenshot - {}
RESULT: {}
RESULT: {}
COMMAND: POST /session/eb46200be743186ea26e5ac661c9a518/element - {"using":"xpath","value":"//li[.//span[text()='480']]"}
RESULT: {"using":"xpath","value":"//li[.//span[text()='480']]"}
COMMAND: POST /session/eb46200be743186ea26e5ac661c9a518/element/f.E118EE213315F22AD902502108153141.d.540E25094908B8627187F8D5EADCCB38.e.8532/click - {}
RESULT: {}
COMMAND: GET /session/eb46200be743186ea26e5ac661c9a518/screenshot - {}
RESULT: {}
COMMAND: POST /session/eb46200be743186ea26e5ac661c9a518/element - {"using":"xpath","value":"(//span[contains(@id, \"-application-manageresources-display-component---newResourceUnit--RUTimeSegment-0-arrow\")])[6]"}
RESULT: {"using":"xpath","value":"(//span[contains(@id, \"-application-manageresources-display-component---newResourceUnit--RUTimeSegment-0-arrow\")])[6]"}
COMMAND: POST /session/eb46200be743186ea26e5ac661c9a518/element/f.E118EE213315F22AD902502108153141.d.540E25094908B8627187F8D5EADCCB38.e.8533/click - {}
RESULT: {}
COMMAND: GET /session/eb46200be743186ea26e5ac661c9a518/screenshot - {}
RESULT: {}
COMMAND: POST /session/eb46200be743186ea26e5ac661c9a518/element - {"using":"xpath","value":"//span[contains(text(), \"PM Order\")]"}
RESULT: {"using":"xpath","value":"//span[contains(text(), \"PM Order\")]"}
COMMAND: POST /session/eb46200be743186ea26e5ac661c9a518/element/f.E118EE213315F22AD902502108153141.d.540E25094908B8627187F8D5EADCCB38.e.8536/click - {}
RESULT: {}
COMMAND: GET /session/eb46200be743186ea26e5ac661c9a518/screenshot - {}
RESULT: {}
COMMAND: POST /session/eb46200be743186ea26e5ac661c9a518/element - {"using":"xpath","value":"(//span[contains(@id ,\"manageresources-display-component---newResourceUnit--RUTimeSegment-0-vhi\")])[1]"}
RESULT: {"using":"xpath","value":"(//span[contains(@id ,\"manageresources-display-component---newResourceUnit--RUTimeSegment-0-vhi\")])[1]"}
COMMAND: GET /session/eb46200be743186ea26e5ac661c9a518/element/f.E118EE213315F22AD902502108153141.d.540E25094908B8627187F8D5EADCCB38.e.8540/rect - {}
RESULT: {}
COMMAND: GET /session/eb46200be743186ea26e5ac661c9a518/window/rect - {}
RESULT: {}
COMMAND: POST /session/eb46200be743186ea26e5ac661c9a518/execute/sync - {"script":"<script> [92 bytes]","args":[]}
RESULT: {"script":"<script> [92 bytes]","args":[]}
COMMAND: POST /session/eb46200be743186ea26e5ac661c9a518/actions - {"actions":[{"id":"action25","type":"wheel","parameters":{},"actions":[{"type":"scroll","x":-869,"y":-24,"deltaX":0,"deltaY":0,"duration":0,"origin":{"element-6066-11e4-a52e-4f735466cecf":"f.E118EE213315F22AD902502108153141.d.540E25094908B8627187F8D5EADCCB38.e.8540"}}]}]}
COMMAND: GET /session/eb46200be743186ea26e5ac661c9a518/screenshot - {}
RESULT: {"actions":[{"id":"action25","type":"wheel","parameters":{},"actions":[{"type":"scroll","x":-869,"y":-24,"deltaX":0,"deltaY":0,"duration":0,"origin":{"element-6066-11e4-a52e-4f735466cecf":"f.E118EE213315F22AD902502108153141.d.540E25094908B8627187F8D5EADCCB38.e.8540"}}]}]}
COMMAND: DELETE /session/eb46200be743186ea26e5ac661c9a518/actions - {}
COMMAND: GET /session/eb46200be743186ea26e5ac661c9a518/screenshot - {}
RESULT: {}
RESULT: {}
COMMAND: GET /session/eb46200be743186ea26e5ac661c9a518/screenshot - {}
RESULT: {}
RESULT: {}
COMMAND: POST /session/eb46200be743186ea26e5ac661c9a518/element/f.E118EE213315F22AD902502108153141.d.540E25094908B8627187F8D5EADCCB38.e.8540/click - {}
RESULT: {}
COMMAND: GET /session/eb46200be743186ea26e5ac661c9a518/screenshot - {}
RESULT: {}
RESULT: undefined
COMMAND: POST /session/eb46200be743186ea26e5ac661c9a518/execute/async - {"script":"<script> [776 bytes]","args":[{"enterText":"4000360","selector":{"controlType":"sap.m.SearchField","properties":{"placeholder":"Search"},"searchOpenDialogs":true,"interaction":{"idSuffix":"I"}},"clearTextFirst":true,"interactionType":"ENTER_TEXT"}]}
RESULT: {"script":"<script> [776 bytes]","args":[{"enterText":"4000360","selector":{"controlType":"sap.m.SearchField","properties":{"placeholder":"Search"},"searchOpenDialogs":true,"interaction":{"idSuffix":"I"}},"clearTextFirst":true,"interactionType":"ENTER_TEXT"}]}
COMMAND: POST /session/eb46200be743186ea26e5ac661c9a518/actions - {"actions":[{"id":"action26","type":"key","parameters":{},"actions":[{"type":"keyDown","value":""},{"type":"pause","duration":10},{"type":"keyUp","value":""}]}]}
RESULT: {"actions":[{"id":"action26","type":"key","parameters":{},"actions":[{"type":"keyDown","value":""},{"type":"pause","duration":10},{"type":"keyUp","value":""}]}]}
COMMAND: GET /session/eb46200be743186ea26e5ac661c9a518/screenshot - {}
RESULT: {}
COMMAND: POST /session/eb46200be743186ea26e5ac661c9a518/element - {"using":"xpath","value":"//td/div/span[contains(text(), \"BGL Vehicles\")]"}
RESULT: {"using":"xpath","value":"//td/div/span[contains(text(), \"BGL Vehicles\")]"}
COMMAND: POST /session/eb46200be743186ea26e5ac661c9a518/element/f.E118EE213315F22AD902502108153141.d.540E25094908B8627187F8D5EADCCB38.e.8560/click - {}
RESULT: {}
COMMAND: GET /session/eb46200be743186ea26e5ac661c9a518/screenshot - {}
RESULT: {}
COMMAND: POST /session/eb46200be743186ea26e5ac661c9a518/element - {"using":"xpath","value":"//bdi[contains(text(), \"OK\")]"}
RESULT: {"using":"xpath","value":"//bdi[contains(text(), \"OK\")]"}
COMMAND: POST /session/eb46200be743186ea26e5ac661c9a518/element/f.E118EE213315F22AD902502108153141.d.540E25094908B8627187F8D5EADCCB38.e.8561/click - {}
RESULT: {}
COMMAND: GET /session/eb46200be743186ea26e5ac661c9a518/screenshot - {}
RESULT: {}
COMMAND: POST /session/eb46200be743186ea26e5ac661c9a518/execute/async - {"script":"<script> [1562 bytes]","args":[{"selector":{"id":"application-manageresources-display-component---newResourceUnit--newRRUPage-anchBar-application-manageresources-display-component---newResourceUnit--resource-anchor","interaction":{"idSuffix":"BDI-content"}},"wdio_ui5_key":"applicationmanageresources-display-component---newResourceUnit--newRRUPage-anchBar-application-manageresources-display-component---newResourceUnit--resource-anchor"}]}
RESULT: {"script":"<script> [1562 bytes]","args":[{"selector":{"id":"application-manageresources-display-component---newResourceUnit--newRRUPage-anchBar-application-manageresources-display-component---newResourceUnit--resource-anchor","interaction":{"idSuffix":"BDI-content"}},"wdio_ui5_key":"applicationmanageresources-display-component---newResourceUnit--newRRUPage-anchBar-application-manageresources-display-component---newResourceUnit--resource-anchor"}]}
RESULT: undefined
COMMAND: POST /session/eb46200be743186ea26e5ac661c9a518/element - {"using":"xpath","value":"//*[@id=\"application-manageresources-display-component---newResourceUnit--newRRUPage-anchBar-application-manageresources-display-component---newResourceUnit--resource-anchor\"]"}
RESULT: {"using":"xpath","value":"//*[@id=\"application-manageresources-display-component---newResourceUnit--newRRUPage-anchBar-application-manageresources-display-component---newResourceUnit--resource-anchor\"]"}
COMMAND: POST /session/eb46200be743186ea26e5ac661c9a518/element/f.E118EE213315F22AD902502108153141.d.540E25094908B8627187F8D5EADCCB38.e.8565/click - {}
RESULT: {}
COMMAND: POST /session/eb46200be743186ea26e5ac661c9a518/execute/async - {"script":"<script> [1562 bytes]","args":[{"selector":{"id":"application-manageresources-display-component---newResourceUnit--PLANNED_DELIVERY_DATE","interaction":{"idSuffix":"inner"}},"wdio_ui5_key":"applicationmanageresources-display-component---newResourceUnit--PLANNED_DELIVERY_DATE"}]}
COMMAND: GET /session/eb46200be743186ea26e5ac661c9a518/screenshot - {}
RESULT: {"script":"<script> [1562 bytes]","args":[{"selector":{"id":"application-manageresources-display-component---newResourceUnit--PLANNED_DELIVERY_DATE","interaction":{"idSuffix":"inner"}},"wdio_ui5_key":"applicationmanageresources-display-component---newResourceUnit--PLANNED_DELIVERY_DATE"}]}
RESULT: undefined
COMMAND: POST /session/eb46200be743186ea26e5ac661c9a518/execute/async - {"script":"<script> [6424 bytes]","args":[{"element-6066-11e4-a52e-4f735466cecf":"f.E118EE213315F22AD902502108153141.d.540E25094908B8627187F8D5EADCCB38.e.8396"},"setValue",["5/29/25"]]}
RESULT: {}
RESULT: {"script":"<script> [6424 bytes]","args":[{"element-6066-11e4-a52e-4f735466cecf":"f.E118EE213315F22AD902502108153141.d.540E25094908B8627187F8D5EADCCB38.e.8396"},"setValue",["5/29/25"]]}
COMMAND: POST /session/eb46200be743186ea26e5ac661c9a518/element - {"using":"xpath","value":"//label[contains(@class, 'sapMLabelRequired') and .//bdi[contains(text(), 'Planned Retirement')]]"}
RESULT: {"using":"xpath","value":"//label[contains(@class, 'sapMLabelRequired') and .//bdi[contains(text(), 'Planned Retirement')]]"}
COMMAND: POST /session/eb46200be743186ea26e5ac661c9a518/elements - {"using":"xpath","value":"//label[contains(@class, 'sapMLabelRequired') and .//bdi[contains(text(), 'Planned Retirement')]]"}
RESULT: {"using":"xpath","value":"//label[contains(@class, 'sapMLabelRequired') and .//bdi[contains(text(), 'Planned Retirement')]]"}
COMMAND: POST /session/eb46200be743186ea26e5ac661c9a518/element - {"using":"xpath","value":"//button[@data-kt=\"resourceUnitSaveButton\"]"}
RESULT: {"using":"xpath","value":"//button[@data-kt=\"resourceUnitSaveButton\"]"}
COMMAND: POST /session/eb46200be743186ea26e5ac661c9a518/element/f.E118EE213315F22AD902502108153141.d.540E25094908B8627187F8D5EADCCB38.e.8356/click - {}
RESULT: {}
COMMAND: GET /session/eb46200be743186ea26e5ac661c9a518/screenshot - {}
RESULT: {}
COMMAND: POST /session/eb46200be743186ea26e5ac661c9a518/element - {"using":"xpath","value":"//bdi[contains(text(), \"Close\")]"}
RESULT: {"using":"xpath","value":"//bdi[contains(text(), \"Close\")]"}
COMMAND: POST /session/eb46200be743186ea26e5ac661c9a518/element/f.E118EE213315F22AD902502108153141.d.540E25094908B8627187F8D5EADCCB38.e.8573/click - {}
RESULT: {}
COMMAND: GET /session/eb46200be743186ea26e5ac661c9a518/screenshot - {}
RESULT: {}
COMMAND: POST /session/eb46200be743186ea26e5ac661c9a518/element - {"using":"xpath","value":"(//button[contains(@id ,\"actionsToolbar-overflowButton\")])[1]"}
RESULT: {"using":"xpath","value":"(//button[contains(@id ,\"actionsToolbar-overflowButton\")])[1]"}
COMMAND: POST /session/eb46200be743186ea26e5ac661c9a518/element/f.E118EE213315F22AD902502108153141.d.540E25094908B8627187F8D5EADCCB38.e.8638/click - {}
RESULT: {}
COMMAND: GET /session/eb46200be743186ea26e5ac661c9a518/screenshot - {}
RESULT: {}
COMMAND: POST /session/eb46200be743186ea26e5ac661c9a518/element - {"using":"xpath","value":"//button[@data-kt=\"priceInfoButton\"]"}
RESULT: {"using":"xpath","value":"//button[@data-kt=\"priceInfoButton\"]"}
COMMAND: POST /session/eb46200be743186ea26e5ac661c9a518/element/f.E118EE213315F22AD902502108153141.d.540E25094908B8627187F8D5EADCCB38.e.8640/click - {}
RESULT: {}
COMMAND: GET /session/eb46200be743186ea26e5ac661c9a518/screenshot - {}
RESULT: {}
COMMAND: POST /session/eb46200be743186ea26e5ac661c9a518/element - {"using":"css selector","value":"#shell-header-logo"}
RESULT: {"using":"css selector","value":"#shell-header-logo"}
COMMAND: POST /session/eb46200be743186ea26e5ac661c9a518/element/f.E118EE213315F22AD902502108153141.d.540E25094908B8627187F8D5EADCCB38.e.7944/click - {}
RESULT: {}
COMMAND: GET /session/eb46200be743186ea26e5ac661c9a518/screenshot - {}
RESULT: {}
COMMAND: POST /session/eb46200be743186ea26e5ac661c9a518/execute/async - {"script":"<script> [1562 bytes]","args":[{"selector":{"controlType":"sap.m.GenericTile","properties":{"header":"Manage Handovers"}},"wdio_ui5_key":"sapm.GenericTile{\"header\":\"Manage Handovers\"}"}]}
RESULT: {"script":"<script> [1562 bytes]","args":[{"selector":{"controlType":"sap.m.GenericTile","properties":{"header":"Manage Handovers"}},"wdio_ui5_key":"sapm.GenericTile{\"header\":\"Manage Handovers\"}"}]}
RESULT: undefined
COMMAND: POST /session/eb46200be743186ea26e5ac661c9a518/elements - {"using":"xpath","value":"//span[text()='Error']"}
RESULT: {"using":"xpath","value":"//span[text()='Error']"}
COMMAND: POST /session/eb46200be743186ea26e5ac661c9a518/element - {"using":"xpath","value":"//button[@data-kt=\"masterHOAddButton\"]"}
RESULT: {"using":"xpath","value":"//button[@data-kt=\"masterHOAddButton\"]"}
COMMAND: POST /session/eb46200be743186ea26e5ac661c9a518/elements - {"using":"xpath","value":"//button[@data-kt=\"masterHOAddButton\"]"}
RESULT: {"using":"xpath","value":"//button[@data-kt=\"masterHOAddButton\"]"}
COMMAND: POST /session/eb46200be743186ea26e5ac661c9a518/elements - {"using":"xpath","value":"//button[@data-kt=\"masterHOAddButton\"]"}
RESULT: {"using":"xpath","value":"//button[@data-kt=\"masterHOAddButton\"]"}
COMMAND: POST /session/eb46200be743186ea26e5ac661c9a518/elements - {"using":"xpath","value":"//button[@data-kt=\"masterHOAddButton\"]"}
RESULT: {"using":"xpath","value":"//button[@data-kt=\"masterHOAddButton\"]"}
COMMAND: POST /session/eb46200be743186ea26e5ac661c9a518/elements - {"using":"xpath","value":"//button[@data-kt=\"masterHOAddButton\"]"}
RESULT: {"using":"xpath","value":"//button[@data-kt=\"masterHOAddButton\"]"}
COMMAND: POST /session/eb46200be743186ea26e5ac661c9a518/elements - {"using":"xpath","value":"//button[@data-kt=\"masterHOAddButton\"]"}
RESULT: {"using":"xpath","value":"//button[@data-kt=\"masterHOAddButton\"]"}
COMMAND: POST /session/eb46200be743186ea26e5ac661c9a518/elements - {"using":"xpath","value":"//button[@data-kt=\"masterHOAddButton\"]"}
RESULT: {"using":"xpath","value":"//button[@data-kt=\"masterHOAddButton\"]"}
COMMAND: POST /session/eb46200be743186ea26e5ac661c9a518/elements - {"using":"xpath","value":"//button[@data-kt=\"masterHOAddButton\"]"}
RESULT: {"using":"xpath","value":"//button[@data-kt=\"masterHOAddButton\"]"}
COMMAND: POST /session/eb46200be743186ea26e5ac661c9a518/elements - {"using":"xpath","value":"//button[@data-kt=\"masterHOAddButton\"]"}
RESULT: {"using":"xpath","value":"//button[@data-kt=\"masterHOAddButton\"]"}
COMMAND: POST /session/eb46200be743186ea26e5ac661c9a518/elements - {"using":"xpath","value":"//button[@data-kt=\"masterHOAddButton\"]"}
RESULT: {"using":"xpath","value":"//button[@data-kt=\"masterHOAddButton\"]"}
COMMAND: POST /session/eb46200be743186ea26e5ac661c9a518/elements - {"using":"xpath","value":"//button[@data-kt=\"masterHOAddButton\"]"}
RESULT: {"using":"xpath","value":"//button[@data-kt=\"masterHOAddButton\"]"}
COMMAND: POST /session/eb46200be743186ea26e5ac661c9a518/elements - {"using":"xpath","value":"//button[@data-kt=\"masterHOAddButton\"]"}
RESULT: {"using":"xpath","value":"//button[@data-kt=\"masterHOAddButton\"]"}
COMMAND: POST /session/eb46200be743186ea26e5ac661c9a518/elements - {"using":"xpath","value":"//button[@data-kt=\"masterHOAddButton\"]"}
RESULT: {"using":"xpath","value":"//button[@data-kt=\"masterHOAddButton\"]"}
COMMAND: POST /session/eb46200be743186ea26e5ac661c9a518/elements - {"using":"xpath","value":"//button[@data-kt=\"masterHOAddButton\"]"}
RESULT: {"using":"xpath","value":"//button[@data-kt=\"masterHOAddButton\"]"}
COMMAND: POST /session/eb46200be743186ea26e5ac661c9a518/elements - {"using":"xpath","value":"//button[@data-kt=\"masterHOAddButton\"]"}
RESULT: {"using":"xpath","value":"//button[@data-kt=\"masterHOAddButton\"]"}
COMMAND: POST /session/eb46200be743186ea26e5ac661c9a518/elements - {"using":"xpath","value":"//button[@data-kt=\"masterHOAddButton\"]"}
RESULT: {"using":"xpath","value":"//button[@data-kt=\"masterHOAddButton\"]"}
COMMAND: POST /session/eb46200be743186ea26e5ac661c9a518/elements - {"using":"xpath","value":"//button[@data-kt=\"masterHOAddButton\"]"}
RESULT: {"using":"xpath","value":"//button[@data-kt=\"masterHOAddButton\"]"}
COMMAND: POST /session/eb46200be743186ea26e5ac661c9a518/elements - {"using":"xpath","value":"//button[@data-kt=\"masterHOAddButton\"]"}
RESULT: {"using":"xpath","value":"//button[@data-kt=\"masterHOAddButton\"]"}
COMMAND: POST /session/eb46200be743186ea26e5ac661c9a518/elements - {"using":"xpath","value":"//button[@data-kt=\"masterHOAddButton\"]"}
RESULT: {"using":"xpath","value":"//button[@data-kt=\"masterHOAddButton\"]"}
COMMAND: POST /session/eb46200be743186ea26e5ac661c9a518/elements - {"using":"xpath","value":"//button[@data-kt=\"masterHOAddButton\"]"}
RESULT: {"using":"xpath","value":"//button[@data-kt=\"masterHOAddButton\"]"}
COMMAND: POST /session/eb46200be743186ea26e5ac661c9a518/elements - {"using":"xpath","value":"//button[@data-kt=\"masterHOAddButton\"]"}
RESULT: {"using":"xpath","value":"//button[@data-kt=\"masterHOAddButton\"]"}
COMMAND: POST /session/eb46200be743186ea26e5ac661c9a518/elements - {"using":"xpath","value":"//button[@data-kt=\"masterHOAddButton\"]"}
RESULT: {"using":"xpath","value":"//button[@data-kt=\"masterHOAddButton\"]"}
COMMAND: POST /session/eb46200be743186ea26e5ac661c9a518/elements - {"using":"xpath","value":"//button[@data-kt=\"masterHOAddButton\"]"}
RESULT: {"using":"xpath","value":"//button[@data-kt=\"masterHOAddButton\"]"}
COMMAND: POST /session/eb46200be743186ea26e5ac661c9a518/elements - {"using":"xpath","value":"//button[@data-kt=\"masterHOAddButton\"]"}
RESULT: {"using":"xpath","value":"//button[@data-kt=\"masterHOAddButton\"]"}
COMMAND: POST /session/eb46200be743186ea26e5ac661c9a518/elements - {"using":"xpath","value":"//button[@data-kt=\"masterHOAddButton\"]"}
RESULT: {"using":"xpath","value":"//button[@data-kt=\"masterHOAddButton\"]"}
COMMAND: POST /session/eb46200be743186ea26e5ac661c9a518/elements - {"using":"xpath","value":"//button[@data-kt=\"masterHOAddButton\"]"}
RESULT: {"using":"xpath","value":"//button[@data-kt=\"masterHOAddButton\"]"}
COMMAND: POST /session/eb46200be743186ea26e5ac661c9a518/elements - {"using":"xpath","value":"//button[@data-kt=\"masterHOAddButton\"]"}
RESULT: {"using":"xpath","value":"//button[@data-kt=\"masterHOAddButton\"]"}
COMMAND: POST /session/eb46200be743186ea26e5ac661c9a518/elements - {"using":"xpath","value":"//button[@data-kt=\"masterHOAddButton\"]"}
RESULT: {"using":"xpath","value":"//button[@data-kt=\"masterHOAddButton\"]"}
COMMAND: POST /session/eb46200be743186ea26e5ac661c9a518/elements - {"using":"xpath","value":"//button[@data-kt=\"masterHOAddButton\"]"}
RESULT: {"using":"xpath","value":"//button[@data-kt=\"masterHOAddButton\"]"}
COMMAND: POST /session/eb46200be743186ea26e5ac661c9a518/elements - {"using":"xpath","value":"//button[@data-kt=\"masterHOAddButton\"]"}
RESULT: {"using":"xpath","value":"//button[@data-kt=\"masterHOAddButton\"]"}
COMMAND: POST /session/eb46200be743186ea26e5ac661c9a518/elements - {"using":"xpath","value":"//button[@data-kt=\"masterHOAddButton\"]"}
RESULT: {"using":"xpath","value":"//button[@data-kt=\"masterHOAddButton\"]"}
COMMAND: POST /session/eb46200be743186ea26e5ac661c9a518/elements - {"using":"xpath","value":"//button[@data-kt=\"masterHOAddButton\"]"}
RESULT: {"using":"xpath","value":"//button[@data-kt=\"masterHOAddButton\"]"}
COMMAND: POST /session/eb46200be743186ea26e5ac661c9a518/elements - {"using":"xpath","value":"//button[@data-kt=\"masterHOAddButton\"]"}
RESULT: {"using":"xpath","value":"//button[@data-kt=\"masterHOAddButton\"]"}
COMMAND: POST /session/eb46200be743186ea26e5ac661c9a518/elements - {"using":"xpath","value":"//button[@data-kt=\"masterHOAddButton\"]"}
RESULT: {"using":"xpath","value":"//button[@data-kt=\"masterHOAddButton\"]"}
COMMAND: POST /session/eb46200be743186ea26e5ac661c9a518/elements - {"using":"xpath","value":"//button[@data-kt=\"masterHOAddButton\"]"}
RESULT: {"using":"xpath","value":"//button[@data-kt=\"masterHOAddButton\"]"}
COMMAND: POST /session/eb46200be743186ea26e5ac661c9a518/elements - {"using":"xpath","value":"//button[@data-kt=\"masterHOAddButton\"]"}
RESULT: {"using":"xpath","value":"//button[@data-kt=\"masterHOAddButton\"]"}
COMMAND: POST /session/eb46200be743186ea26e5ac661c9a518/elements - {"using":"xpath","value":"//button[@data-kt=\"masterHOAddButton\"]"}
RESULT: {"using":"xpath","value":"//button[@data-kt=\"masterHOAddButton\"]"}
COMMAND: POST /session/eb46200be743186ea26e5ac661c9a518/elements - {"using":"xpath","value":"//button[@data-kt=\"masterHOAddButton\"]"}
RESULT: {"using":"xpath","value":"//button[@data-kt=\"masterHOAddButton\"]"}
COMMAND: POST /session/eb46200be743186ea26e5ac661c9a518/elements - {"using":"xpath","value":"//button[@data-kt=\"masterHOAddButton\"]"}
RESULT: {"using":"xpath","value":"//button[@data-kt=\"masterHOAddButton\"]"}
COMMAND: POST /session/eb46200be743186ea26e5ac661c9a518/elements - {"using":"xpath","value":"//button[@data-kt=\"masterHOAddButton\"]"}
RESULT: {"using":"xpath","value":"//button[@data-kt=\"masterHOAddButton\"]"}
COMMAND: POST /session/eb46200be743186ea26e5ac661c9a518/elements - {"using":"xpath","value":"//button[@data-kt=\"masterHOAddButton\"]"}
RESULT: {"using":"xpath","value":"//button[@data-kt=\"masterHOAddButton\"]"}
COMMAND: POST /session/eb46200be743186ea26e5ac661c9a518/elements - {"using":"xpath","value":"//button[@data-kt=\"masterHOAddButton\"]"}
RESULT: {"using":"xpath","value":"//button[@data-kt=\"masterHOAddButton\"]"}
COMMAND: POST /session/eb46200be743186ea26e5ac661c9a518/elements - {"using":"xpath","value":"//button[@data-kt=\"masterHOAddButton\"]"}
RESULT: {"using":"xpath","value":"//button[@data-kt=\"masterHOAddButton\"]"}
COMMAND: POST /session/eb46200be743186ea26e5ac661c9a518/elements - {"using":"xpath","value":"//button[@data-kt=\"masterHOAddButton\"]"}
RESULT: {"using":"xpath","value":"//button[@data-kt=\"masterHOAddButton\"]"}
COMMAND: POST /session/eb46200be743186ea26e5ac661c9a518/elements - {"using":"xpath","value":"//button[@data-kt=\"masterHOAddButton\"]"}
RESULT: {"using":"xpath","value":"//button[@data-kt=\"masterHOAddButton\"]"}
COMMAND: POST /session/eb46200be743186ea26e5ac661c9a518/elements - {"using":"xpath","value":"//button[@data-kt=\"masterHOAddButton\"]"}
RESULT: {"using":"xpath","value":"//button[@data-kt=\"masterHOAddButton\"]"}
COMMAND: POST /session/eb46200be743186ea26e5ac661c9a518/elements - {"using":"xpath","value":"//button[@data-kt=\"masterHOAddButton\"]"}
RESULT: {"using":"xpath","value":"//button[@data-kt=\"masterHOAddButton\"]"}
COMMAND: POST /session/eb46200be743186ea26e5ac661c9a518/elements - {"using":"xpath","value":"//button[@data-kt=\"masterHOAddButton\"]"}
RESULT: {"using":"xpath","value":"//button[@data-kt=\"masterHOAddButton\"]"}
COMMAND: POST /session/eb46200be743186ea26e5ac661c9a518/elements - {"using":"xpath","value":"//button[@data-kt=\"masterHOAddButton\"]"}
RESULT: {"using":"xpath","value":"//button[@data-kt=\"masterHOAddButton\"]"}
COMMAND: POST /session/eb46200be743186ea26e5ac661c9a518/elements - {"using":"xpath","value":"//button[@data-kt=\"masterHOAddButton\"]"}
RESULT: {"using":"xpath","value":"//button[@data-kt=\"masterHOAddButton\"]"}
COMMAND: POST /session/eb46200be743186ea26e5ac661c9a518/elements - {"using":"xpath","value":"//button[@data-kt=\"masterHOAddButton\"]"}
RESULT: {"using":"xpath","value":"//button[@data-kt=\"masterHOAddButton\"]"}
COMMAND: POST /session/eb46200be743186ea26e5ac661c9a518/elements - {"using":"xpath","value":"//button[@data-kt=\"masterHOAddButton\"]"}
RESULT: {"using":"xpath","value":"//button[@data-kt=\"masterHOAddButton\"]"}
COMMAND: POST /session/eb46200be743186ea26e5ac661c9a518/elements - {"using":"xpath","value":"//button[@data-kt=\"masterHOAddButton\"]"}
RESULT: {"using":"xpath","value":"//button[@data-kt=\"masterHOAddButton\"]"}
COMMAND: POST /session/eb46200be743186ea26e5ac661c9a518/elements - {"using":"xpath","value":"//button[@data-kt=\"masterHOAddButton\"]"}
RESULT: {"using":"xpath","value":"//button[@data-kt=\"masterHOAddButton\"]"}
COMMAND: POST /session/eb46200be743186ea26e5ac661c9a518/elements - {"using":"xpath","value":"//button[@data-kt=\"masterHOAddButton\"]"}
RESULT: {"using":"xpath","value":"//button[@data-kt=\"masterHOAddButton\"]"}
COMMAND: POST /session/eb46200be743186ea26e5ac661c9a518/elements - {"using":"xpath","value":"//button[@data-kt=\"masterHOAddButton\"]"}
RESULT: {"using":"xpath","value":"//button[@data-kt=\"masterHOAddButton\"]"}
COMMAND: POST /session/eb46200be743186ea26e5ac661c9a518/elements - {"using":"xpath","value":"//button[@data-kt=\"masterHOAddButton\"]"}
RESULT: {"using":"xpath","value":"//button[@data-kt=\"masterHOAddButton\"]"}
COMMAND: POST /session/eb46200be743186ea26e5ac661c9a518/elements - {"using":"xpath","value":"//button[@data-kt=\"masterHOAddButton\"]"}
RESULT: {"using":"xpath","value":"//button[@data-kt=\"masterHOAddButton\"]"}
COMMAND: POST /session/eb46200be743186ea26e5ac661c9a518/elements - {"using":"xpath","value":"//button[@data-kt=\"masterHOAddButton\"]"}
RESULT: {"using":"xpath","value":"//button[@data-kt=\"masterHOAddButton\"]"}
COMMAND: POST /session/eb46200be743186ea26e5ac661c9a518/elements - {"using":"xpath","value":"//button[@data-kt=\"masterHOAddButton\"]"}
RESULT: {"using":"xpath","value":"//button[@data-kt=\"masterHOAddButton\"]"}
COMMAND: POST /session/eb46200be743186ea26e5ac661c9a518/elements - {"using":"xpath","value":"//button[@data-kt=\"masterHOAddButton\"]"}
RESULT: {"using":"xpath","value":"//button[@data-kt=\"masterHOAddButton\"]"}
COMMAND: POST /session/eb46200be743186ea26e5ac661c9a518/elements - {"using":"xpath","value":"//button[@data-kt=\"masterHOAddButton\"]"}
RESULT: {"using":"xpath","value":"//button[@data-kt=\"masterHOAddButton\"]"}
COMMAND: POST /session/eb46200be743186ea26e5ac661c9a518/elements - {"using":"xpath","value":"//button[@data-kt=\"masterHOAddButton\"]"}
RESULT: {"using":"xpath","value":"//button[@data-kt=\"masterHOAddButton\"]"}
COMMAND: POST /session/eb46200be743186ea26e5ac661c9a518/elements - {"using":"xpath","value":"//button[@data-kt=\"masterHOAddButton\"]"}
RESULT: {"using":"xpath","value":"//button[@data-kt=\"masterHOAddButton\"]"}
COMMAND: POST /session/eb46200be743186ea26e5ac661c9a518/elements - {"using":"xpath","value":"//button[@data-kt=\"masterHOAddButton\"]"}
RESULT: {"using":"xpath","value":"//button[@data-kt=\"masterHOAddButton\"]"}
COMMAND: POST /session/eb46200be743186ea26e5ac661c9a518/elements - {"using":"xpath","value":"//button[@data-kt=\"masterHOAddButton\"]"}
RESULT: {"using":"xpath","value":"//button[@data-kt=\"masterHOAddButton\"]"}
COMMAND: POST /session/eb46200be743186ea26e5ac661c9a518/elements - {"using":"xpath","value":"//button[@data-kt=\"masterHOAddButton\"]"}
RESULT: {"using":"xpath","value":"//button[@data-kt=\"masterHOAddButton\"]"}
COMMAND: POST /session/eb46200be743186ea26e5ac661c9a518/elements - {"using":"xpath","value":"//button[@data-kt=\"masterHOAddButton\"]"}
RESULT: {"using":"xpath","value":"//button[@data-kt=\"masterHOAddButton\"]"}
COMMAND: POST /session/eb46200be743186ea26e5ac661c9a518/elements - {"using":"xpath","value":"//button[@data-kt=\"masterHOAddButton\"]"}
RESULT: {"using":"xpath","value":"//button[@data-kt=\"masterHOAddButton\"]"}
COMMAND: POST /session/eb46200be743186ea26e5ac661c9a518/elements - {"using":"xpath","value":"//button[@data-kt=\"masterHOAddButton\"]"}
RESULT: {"using":"xpath","value":"//button[@data-kt=\"masterHOAddButton\"]"}
COMMAND: POST /session/eb46200be743186ea26e5ac661c9a518/elements - {"using":"xpath","value":"//button[@data-kt=\"masterHOAddButton\"]"}
RESULT: {"using":"xpath","value":"//button[@data-kt=\"masterHOAddButton\"]"}
COMMAND: POST /session/eb46200be743186ea26e5ac661c9a518/elements - {"using":"xpath","value":"//button[@data-kt=\"masterHOAddButton\"]"}
RESULT: {"using":"xpath","value":"//button[@data-kt=\"masterHOAddButton\"]"}
COMMAND: POST /session/eb46200be743186ea26e5ac661c9a518/elements - {"using":"xpath","value":"//button[@data-kt=\"masterHOAddButton\"]"}
RESULT: {"using":"xpath","value":"//button[@data-kt=\"masterHOAddButton\"]"}
COMMAND: POST /session/eb46200be743186ea26e5ac661c9a518/elements - {"using":"xpath","value":"//button[@data-kt=\"masterHOAddButton\"]"}
RESULT: {"using":"xpath","value":"//button[@data-kt=\"masterHOAddButton\"]"}
COMMAND: POST /session/eb46200be743186ea26e5ac661c9a518/elements - {"using":"xpath","value":"//button[@data-kt=\"masterHOAddButton\"]"}
RESULT: {"using":"xpath","value":"//button[@data-kt=\"masterHOAddButton\"]"}
COMMAND: POST /session/eb46200be743186ea26e5ac661c9a518/elements - {"using":"xpath","value":"//button[@data-kt=\"masterHOAddButton\"]"}
RESULT: {"using":"xpath","value":"//button[@data-kt=\"masterHOAddButton\"]"}
COMMAND: POST /session/eb46200be743186ea26e5ac661c9a518/elements - {"using":"xpath","value":"//button[@data-kt=\"masterHOAddButton\"]"}
RESULT: {"using":"xpath","value":"//button[@data-kt=\"masterHOAddButton\"]"}
COMMAND: POST /session/eb46200be743186ea26e5ac661c9a518/elements - {"using":"xpath","value":"//button[@data-kt=\"masterHOAddButton\"]"}
RESULT: {"using":"xpath","value":"//button[@data-kt=\"masterHOAddButton\"]"}
COMMAND: POST /session/eb46200be743186ea26e5ac661c9a518/elements - {"using":"xpath","value":"//button[@data-kt=\"masterHOAddButton\"]"}
RESULT: {"using":"xpath","value":"//button[@data-kt=\"masterHOAddButton\"]"}
COMMAND: POST /session/eb46200be743186ea26e5ac661c9a518/elements - {"using":"xpath","value":"//button[@data-kt=\"masterHOAddButton\"]"}
RESULT: {"using":"xpath","value":"//button[@data-kt=\"masterHOAddButton\"]"}
COMMAND: POST /session/eb46200be743186ea26e5ac661c9a518/elements - {"using":"xpath","value":"//button[@data-kt=\"masterHOAddButton\"]"}
RESULT: {"using":"xpath","value":"//button[@data-kt=\"masterHOAddButton\"]"}
COMMAND: POST /session/eb46200be743186ea26e5ac661c9a518/elements - {"using":"xpath","value":"//button[@data-kt=\"masterHOAddButton\"]"}
RESULT: {"using":"xpath","value":"//button[@data-kt=\"masterHOAddButton\"]"}
COMMAND: POST /session/eb46200be743186ea26e5ac661c9a518/elements - {"using":"xpath","value":"//button[@data-kt=\"masterHOAddButton\"]"}
RESULT: {"using":"xpath","value":"//button[@data-kt=\"masterHOAddButton\"]"}
COMMAND: POST /session/eb46200be743186ea26e5ac661c9a518/elements - {"using":"xpath","value":"//button[@data-kt=\"masterHOAddButton\"]"}
RESULT: {"using":"xpath","value":"//button[@data-kt=\"masterHOAddButton\"]"}
COMMAND: POST /session/eb46200be743186ea26e5ac661c9a518/elements - {"using":"xpath","value":"//button[@data-kt=\"masterHOAddButton\"]"}
RESULT: {"using":"xpath","value":"//button[@data-kt=\"masterHOAddButton\"]"}
COMMAND: POST /session/eb46200be743186ea26e5ac661c9a518/elements - {"using":"xpath","value":"//button[@data-kt=\"masterHOAddButton\"]"}
RESULT: {"using":"xpath","value":"//button[@data-kt=\"masterHOAddButton\"]"}
COMMAND: POST /session/eb46200be743186ea26e5ac661c9a518/elements - {"using":"xpath","value":"//button[@data-kt=\"masterHOAddButton\"]"}
RESULT: {"using":"xpath","value":"//button[@data-kt=\"masterHOAddButton\"]"}
COMMAND: POST /session/eb46200be743186ea26e5ac661c9a518/elements - {"using":"xpath","value":"//button[@data-kt=\"masterHOAddButton\"]"}
RESULT: {"using":"xpath","value":"//button[@data-kt=\"masterHOAddButton\"]"}
COMMAND: POST /session/eb46200be743186ea26e5ac661c9a518/elements - {"using":"xpath","value":"//button[@data-kt=\"masterHOAddButton\"]"}
RESULT: {"using":"xpath","value":"//button[@data-kt=\"masterHOAddButton\"]"}
COMMAND: POST /session/eb46200be743186ea26e5ac661c9a518/elements - {"using":"xpath","value":"//button[@data-kt=\"masterHOAddButton\"]"}
RESULT: {"using":"xpath","value":"//button[@data-kt=\"masterHOAddButton\"]"}
COMMAND: POST /session/eb46200be743186ea26e5ac661c9a518/elements - {"using":"xpath","value":"//button[@data-kt=\"masterHOAddButton\"]"}
RESULT: {"using":"xpath","value":"//button[@data-kt=\"masterHOAddButton\"]"}
COMMAND: POST /session/eb46200be743186ea26e5ac661c9a518/elements - {"using":"xpath","value":"//button[@data-kt=\"masterHOAddButton\"]"}
COMMAND: GET /session/eb46200be743186ea26e5ac661c9a518/screenshot - {}
RESULT: {"using":"xpath","value":"//button[@data-kt=\"masterHOAddButton\"]"}
RESULT: {}
]]></system-out>
      <system-err><![CDATA[
Error: element ("//button[@data-kt="masterHOAddButton"]") still not existing after 45000ms
    at async UtilsPrerequisites.stockIncrease (D:\a\1\s\test\specs\BTS\prerequisites-and-utils-functions.js:1606:9)
    at async Context.<anonymous> (D:\a\1\s\test\specs\HTR\manage-states-perf.spec.js:52:9)
]]></system-err>
    </testcase>
    <testcase classname="chrome.136_0_7103_93.windows.Manage_States_&amp;_Performance_Tests_US151247_US151423_US151467" name="Step 1 Try to save empty state change US151247" time="55.996">
      <failure/>
      <error message="element (&quot;//button[@data-kt=&quot;massStateChangeRusSectionButton&quot;]&quot;) still not existing after 45000ms"/>
      <system-out><![CDATA[
COMMAND: POST /session/eb46200be743186ea26e5ac661c9a518/execute/async - {"script":"<script> [1562 bytes]","args":[{"selector":{"controlType":"sap.m.GenericTile","properties":{"header":"Manage States & Performance"}},"wdio_ui5_key":"sapm.GenericTile{\"header\":\"Manage States & Performance\"}"}]}
COMMAND: GET /session/eb46200be743186ea26e5ac661c9a518/screenshot - {}
RESULT: {"script":"<script> [1562 bytes]","args":[{"selector":{"controlType":"sap.m.GenericTile","properties":{"header":"Manage States & Performance"}},"wdio_ui5_key":"sapm.GenericTile{\"header\":\"Manage States & Performance\"}"}]}
RESULT: undefined
RESULT: {}
COMMAND: POST /session/eb46200be743186ea26e5ac661c9a518/elements - {"using":"xpath","value":"//span[text()='Error']"}
RESULT: {"using":"xpath","value":"//span[text()='Error']"}
COMMAND: POST /session/eb46200be743186ea26e5ac661c9a518/element - {"using":"xpath","value":"//button[@data-kt=\"massStateChangeRusSectionButton\"]"}
RESULT: {"using":"xpath","value":"//button[@data-kt=\"massStateChangeRusSectionButton\"]"}
COMMAND: POST /session/eb46200be743186ea26e5ac661c9a518/elements - {"using":"xpath","value":"//button[@data-kt=\"massStateChangeRusSectionButton\"]"}
RESULT: {"using":"xpath","value":"//button[@data-kt=\"massStateChangeRusSectionButton\"]"}
COMMAND: POST /session/eb46200be743186ea26e5ac661c9a518/elements - {"using":"xpath","value":"//button[@data-kt=\"massStateChangeRusSectionButton\"]"}
RESULT: {"using":"xpath","value":"//button[@data-kt=\"massStateChangeRusSectionButton\"]"}
COMMAND: POST /session/eb46200be743186ea26e5ac661c9a518/elements - {"using":"xpath","value":"//button[@data-kt=\"massStateChangeRusSectionButton\"]"}
RESULT: {"using":"xpath","value":"//button[@data-kt=\"massStateChangeRusSectionButton\"]"}
COMMAND: POST /session/eb46200be743186ea26e5ac661c9a518/elements - {"using":"xpath","value":"//button[@data-kt=\"massStateChangeRusSectionButton\"]"}
RESULT: {"using":"xpath","value":"//button[@data-kt=\"massStateChangeRusSectionButton\"]"}
COMMAND: POST /session/eb46200be743186ea26e5ac661c9a518/elements - {"using":"xpath","value":"//button[@data-kt=\"massStateChangeRusSectionButton\"]"}
RESULT: {"using":"xpath","value":"//button[@data-kt=\"massStateChangeRusSectionButton\"]"}
COMMAND: POST /session/eb46200be743186ea26e5ac661c9a518/elements - {"using":"xpath","value":"//button[@data-kt=\"massStateChangeRusSectionButton\"]"}
RESULT: {"using":"xpath","value":"//button[@data-kt=\"massStateChangeRusSectionButton\"]"}
COMMAND: POST /session/eb46200be743186ea26e5ac661c9a518/elements - {"using":"xpath","value":"//button[@data-kt=\"massStateChangeRusSectionButton\"]"}
RESULT: {"using":"xpath","value":"//button[@data-kt=\"massStateChangeRusSectionButton\"]"}
COMMAND: POST /session/eb46200be743186ea26e5ac661c9a518/elements - {"using":"xpath","value":"//button[@data-kt=\"massStateChangeRusSectionButton\"]"}
RESULT: {"using":"xpath","value":"//button[@data-kt=\"massStateChangeRusSectionButton\"]"}
COMMAND: POST /session/eb46200be743186ea26e5ac661c9a518/elements - {"using":"xpath","value":"//button[@data-kt=\"massStateChangeRusSectionButton\"]"}
RESULT: {"using":"xpath","value":"//button[@data-kt=\"massStateChangeRusSectionButton\"]"}
COMMAND: POST /session/eb46200be743186ea26e5ac661c9a518/elements - {"using":"xpath","value":"//button[@data-kt=\"massStateChangeRusSectionButton\"]"}
RESULT: {"using":"xpath","value":"//button[@data-kt=\"massStateChangeRusSectionButton\"]"}
COMMAND: POST /session/eb46200be743186ea26e5ac661c9a518/elements - {"using":"xpath","value":"//button[@data-kt=\"massStateChangeRusSectionButton\"]"}
RESULT: {"using":"xpath","value":"//button[@data-kt=\"massStateChangeRusSectionButton\"]"}
COMMAND: POST /session/eb46200be743186ea26e5ac661c9a518/elements - {"using":"xpath","value":"//button[@data-kt=\"massStateChangeRusSectionButton\"]"}
RESULT: {"using":"xpath","value":"//button[@data-kt=\"massStateChangeRusSectionButton\"]"}
COMMAND: POST /session/eb46200be743186ea26e5ac661c9a518/elements - {"using":"xpath","value":"//button[@data-kt=\"massStateChangeRusSectionButton\"]"}
RESULT: {"using":"xpath","value":"//button[@data-kt=\"massStateChangeRusSectionButton\"]"}
COMMAND: POST /session/eb46200be743186ea26e5ac661c9a518/elements - {"using":"xpath","value":"//button[@data-kt=\"massStateChangeRusSectionButton\"]"}
RESULT: {"using":"xpath","value":"//button[@data-kt=\"massStateChangeRusSectionButton\"]"}
COMMAND: POST /session/eb46200be743186ea26e5ac661c9a518/elements - {"using":"xpath","value":"//button[@data-kt=\"massStateChangeRusSectionButton\"]"}
RESULT: {"using":"xpath","value":"//button[@data-kt=\"massStateChangeRusSectionButton\"]"}
COMMAND: POST /session/eb46200be743186ea26e5ac661c9a518/elements - {"using":"xpath","value":"//button[@data-kt=\"massStateChangeRusSectionButton\"]"}
RESULT: {"using":"xpath","value":"//button[@data-kt=\"massStateChangeRusSectionButton\"]"}
COMMAND: POST /session/eb46200be743186ea26e5ac661c9a518/elements - {"using":"xpath","value":"//button[@data-kt=\"massStateChangeRusSectionButton\"]"}
RESULT: {"using":"xpath","value":"//button[@data-kt=\"massStateChangeRusSectionButton\"]"}
COMMAND: POST /session/eb46200be743186ea26e5ac661c9a518/elements - {"using":"xpath","value":"//button[@data-kt=\"massStateChangeRusSectionButton\"]"}
RESULT: {"using":"xpath","value":"//button[@data-kt=\"massStateChangeRusSectionButton\"]"}
COMMAND: POST /session/eb46200be743186ea26e5ac661c9a518/elements - {"using":"xpath","value":"//button[@data-kt=\"massStateChangeRusSectionButton\"]"}
RESULT: {"using":"xpath","value":"//button[@data-kt=\"massStateChangeRusSectionButton\"]"}
COMMAND: POST /session/eb46200be743186ea26e5ac661c9a518/elements - {"using":"xpath","value":"//button[@data-kt=\"massStateChangeRusSectionButton\"]"}
RESULT: {"using":"xpath","value":"//button[@data-kt=\"massStateChangeRusSectionButton\"]"}
COMMAND: POST /session/eb46200be743186ea26e5ac661c9a518/elements - {"using":"xpath","value":"//button[@data-kt=\"massStateChangeRusSectionButton\"]"}
RESULT: {"using":"xpath","value":"//button[@data-kt=\"massStateChangeRusSectionButton\"]"}
COMMAND: POST /session/eb46200be743186ea26e5ac661c9a518/elements - {"using":"xpath","value":"//button[@data-kt=\"massStateChangeRusSectionButton\"]"}
RESULT: {"using":"xpath","value":"//button[@data-kt=\"massStateChangeRusSectionButton\"]"}
COMMAND: POST /session/eb46200be743186ea26e5ac661c9a518/elements - {"using":"xpath","value":"//button[@data-kt=\"massStateChangeRusSectionButton\"]"}
RESULT: {"using":"xpath","value":"//button[@data-kt=\"massStateChangeRusSectionButton\"]"}
COMMAND: POST /session/eb46200be743186ea26e5ac661c9a518/elements - {"using":"xpath","value":"//button[@data-kt=\"massStateChangeRusSectionButton\"]"}
RESULT: {"using":"xpath","value":"//button[@data-kt=\"massStateChangeRusSectionButton\"]"}
COMMAND: POST /session/eb46200be743186ea26e5ac661c9a518/elements - {"using":"xpath","value":"//button[@data-kt=\"massStateChangeRusSectionButton\"]"}
RESULT: {"using":"xpath","value":"//button[@data-kt=\"massStateChangeRusSectionButton\"]"}
COMMAND: POST /session/eb46200be743186ea26e5ac661c9a518/elements - {"using":"xpath","value":"//button[@data-kt=\"massStateChangeRusSectionButton\"]"}
RESULT: {"using":"xpath","value":"//button[@data-kt=\"massStateChangeRusSectionButton\"]"}
COMMAND: POST /session/eb46200be743186ea26e5ac661c9a518/elements - {"using":"xpath","value":"//button[@data-kt=\"massStateChangeRusSectionButton\"]"}
RESULT: {"using":"xpath","value":"//button[@data-kt=\"massStateChangeRusSectionButton\"]"}
COMMAND: POST /session/eb46200be743186ea26e5ac661c9a518/elements - {"using":"xpath","value":"//button[@data-kt=\"massStateChangeRusSectionButton\"]"}
RESULT: {"using":"xpath","value":"//button[@data-kt=\"massStateChangeRusSectionButton\"]"}
COMMAND: POST /session/eb46200be743186ea26e5ac661c9a518/elements - {"using":"xpath","value":"//button[@data-kt=\"massStateChangeRusSectionButton\"]"}
RESULT: {"using":"xpath","value":"//button[@data-kt=\"massStateChangeRusSectionButton\"]"}
COMMAND: POST /session/eb46200be743186ea26e5ac661c9a518/elements - {"using":"xpath","value":"//button[@data-kt=\"massStateChangeRusSectionButton\"]"}
RESULT: {"using":"xpath","value":"//button[@data-kt=\"massStateChangeRusSectionButton\"]"}
COMMAND: POST /session/eb46200be743186ea26e5ac661c9a518/elements - {"using":"xpath","value":"//button[@data-kt=\"massStateChangeRusSectionButton\"]"}
RESULT: {"using":"xpath","value":"//button[@data-kt=\"massStateChangeRusSectionButton\"]"}
COMMAND: POST /session/eb46200be743186ea26e5ac661c9a518/elements - {"using":"xpath","value":"//button[@data-kt=\"massStateChangeRusSectionButton\"]"}
RESULT: {"using":"xpath","value":"//button[@data-kt=\"massStateChangeRusSectionButton\"]"}
COMMAND: POST /session/eb46200be743186ea26e5ac661c9a518/elements - {"using":"xpath","value":"//button[@data-kt=\"massStateChangeRusSectionButton\"]"}
RESULT: {"using":"xpath","value":"//button[@data-kt=\"massStateChangeRusSectionButton\"]"}
COMMAND: POST /session/eb46200be743186ea26e5ac661c9a518/elements - {"using":"xpath","value":"//button[@data-kt=\"massStateChangeRusSectionButton\"]"}
RESULT: {"using":"xpath","value":"//button[@data-kt=\"massStateChangeRusSectionButton\"]"}
COMMAND: POST /session/eb46200be743186ea26e5ac661c9a518/elements - {"using":"xpath","value":"//button[@data-kt=\"massStateChangeRusSectionButton\"]"}
RESULT: {"using":"xpath","value":"//button[@data-kt=\"massStateChangeRusSectionButton\"]"}
COMMAND: POST /session/eb46200be743186ea26e5ac661c9a518/elements - {"using":"xpath","value":"//button[@data-kt=\"massStateChangeRusSectionButton\"]"}
RESULT: {"using":"xpath","value":"//button[@data-kt=\"massStateChangeRusSectionButton\"]"}
COMMAND: POST /session/eb46200be743186ea26e5ac661c9a518/elements - {"using":"xpath","value":"//button[@data-kt=\"massStateChangeRusSectionButton\"]"}
RESULT: {"using":"xpath","value":"//button[@data-kt=\"massStateChangeRusSectionButton\"]"}
COMMAND: POST /session/eb46200be743186ea26e5ac661c9a518/elements - {"using":"xpath","value":"//button[@data-kt=\"massStateChangeRusSectionButton\"]"}
RESULT: {"using":"xpath","value":"//button[@data-kt=\"massStateChangeRusSectionButton\"]"}
COMMAND: POST /session/eb46200be743186ea26e5ac661c9a518/elements - {"using":"xpath","value":"//button[@data-kt=\"massStateChangeRusSectionButton\"]"}
RESULT: {"using":"xpath","value":"//button[@data-kt=\"massStateChangeRusSectionButton\"]"}
COMMAND: POST /session/eb46200be743186ea26e5ac661c9a518/elements - {"using":"xpath","value":"//button[@data-kt=\"massStateChangeRusSectionButton\"]"}
RESULT: {"using":"xpath","value":"//button[@data-kt=\"massStateChangeRusSectionButton\"]"}
COMMAND: POST /session/eb46200be743186ea26e5ac661c9a518/elements - {"using":"xpath","value":"//button[@data-kt=\"massStateChangeRusSectionButton\"]"}
RESULT: {"using":"xpath","value":"//button[@data-kt=\"massStateChangeRusSectionButton\"]"}
COMMAND: POST /session/eb46200be743186ea26e5ac661c9a518/elements - {"using":"xpath","value":"//button[@data-kt=\"massStateChangeRusSectionButton\"]"}
RESULT: {"using":"xpath","value":"//button[@data-kt=\"massStateChangeRusSectionButton\"]"}
COMMAND: POST /session/eb46200be743186ea26e5ac661c9a518/elements - {"using":"xpath","value":"//button[@data-kt=\"massStateChangeRusSectionButton\"]"}
RESULT: {"using":"xpath","value":"//button[@data-kt=\"massStateChangeRusSectionButton\"]"}
COMMAND: POST /session/eb46200be743186ea26e5ac661c9a518/elements - {"using":"xpath","value":"//button[@data-kt=\"massStateChangeRusSectionButton\"]"}
RESULT: {"using":"xpath","value":"//button[@data-kt=\"massStateChangeRusSectionButton\"]"}
COMMAND: POST /session/eb46200be743186ea26e5ac661c9a518/elements - {"using":"xpath","value":"//button[@data-kt=\"massStateChangeRusSectionButton\"]"}
RESULT: {"using":"xpath","value":"//button[@data-kt=\"massStateChangeRusSectionButton\"]"}
COMMAND: POST /session/eb46200be743186ea26e5ac661c9a518/elements - {"using":"xpath","value":"//button[@data-kt=\"massStateChangeRusSectionButton\"]"}
RESULT: {"using":"xpath","value":"//button[@data-kt=\"massStateChangeRusSectionButton\"]"}
COMMAND: POST /session/eb46200be743186ea26e5ac661c9a518/elements - {"using":"xpath","value":"//button[@data-kt=\"massStateChangeRusSectionButton\"]"}
RESULT: {"using":"xpath","value":"//button[@data-kt=\"massStateChangeRusSectionButton\"]"}
COMMAND: POST /session/eb46200be743186ea26e5ac661c9a518/elements - {"using":"xpath","value":"//button[@data-kt=\"massStateChangeRusSectionButton\"]"}
RESULT: {"using":"xpath","value":"//button[@data-kt=\"massStateChangeRusSectionButton\"]"}
COMMAND: POST /session/eb46200be743186ea26e5ac661c9a518/elements - {"using":"xpath","value":"//button[@data-kt=\"massStateChangeRusSectionButton\"]"}
RESULT: {"using":"xpath","value":"//button[@data-kt=\"massStateChangeRusSectionButton\"]"}
COMMAND: POST /session/eb46200be743186ea26e5ac661c9a518/elements - {"using":"xpath","value":"//button[@data-kt=\"massStateChangeRusSectionButton\"]"}
RESULT: {"using":"xpath","value":"//button[@data-kt=\"massStateChangeRusSectionButton\"]"}
COMMAND: POST /session/eb46200be743186ea26e5ac661c9a518/elements - {"using":"xpath","value":"//button[@data-kt=\"massStateChangeRusSectionButton\"]"}
RESULT: {"using":"xpath","value":"//button[@data-kt=\"massStateChangeRusSectionButton\"]"}
COMMAND: POST /session/eb46200be743186ea26e5ac661c9a518/elements - {"using":"xpath","value":"//button[@data-kt=\"massStateChangeRusSectionButton\"]"}
RESULT: {"using":"xpath","value":"//button[@data-kt=\"massStateChangeRusSectionButton\"]"}
COMMAND: POST /session/eb46200be743186ea26e5ac661c9a518/elements - {"using":"xpath","value":"//button[@data-kt=\"massStateChangeRusSectionButton\"]"}
RESULT: {"using":"xpath","value":"//button[@data-kt=\"massStateChangeRusSectionButton\"]"}
COMMAND: POST /session/eb46200be743186ea26e5ac661c9a518/elements - {"using":"xpath","value":"//button[@data-kt=\"massStateChangeRusSectionButton\"]"}
RESULT: {"using":"xpath","value":"//button[@data-kt=\"massStateChangeRusSectionButton\"]"}
COMMAND: POST /session/eb46200be743186ea26e5ac661c9a518/elements - {"using":"xpath","value":"//button[@data-kt=\"massStateChangeRusSectionButton\"]"}
RESULT: {"using":"xpath","value":"//button[@data-kt=\"massStateChangeRusSectionButton\"]"}
COMMAND: POST /session/eb46200be743186ea26e5ac661c9a518/elements - {"using":"xpath","value":"//button[@data-kt=\"massStateChangeRusSectionButton\"]"}
RESULT: {"using":"xpath","value":"//button[@data-kt=\"massStateChangeRusSectionButton\"]"}
COMMAND: POST /session/eb46200be743186ea26e5ac661c9a518/elements - {"using":"xpath","value":"//button[@data-kt=\"massStateChangeRusSectionButton\"]"}
RESULT: {"using":"xpath","value":"//button[@data-kt=\"massStateChangeRusSectionButton\"]"}
COMMAND: POST /session/eb46200be743186ea26e5ac661c9a518/elements - {"using":"xpath","value":"//button[@data-kt=\"massStateChangeRusSectionButton\"]"}
RESULT: {"using":"xpath","value":"//button[@data-kt=\"massStateChangeRusSectionButton\"]"}
COMMAND: POST /session/eb46200be743186ea26e5ac661c9a518/elements - {"using":"xpath","value":"//button[@data-kt=\"massStateChangeRusSectionButton\"]"}
RESULT: {"using":"xpath","value":"//button[@data-kt=\"massStateChangeRusSectionButton\"]"}
COMMAND: POST /session/eb46200be743186ea26e5ac661c9a518/elements - {"using":"xpath","value":"//button[@data-kt=\"massStateChangeRusSectionButton\"]"}
RESULT: {"using":"xpath","value":"//button[@data-kt=\"massStateChangeRusSectionButton\"]"}
COMMAND: POST /session/eb46200be743186ea26e5ac661c9a518/elements - {"using":"xpath","value":"//button[@data-kt=\"massStateChangeRusSectionButton\"]"}
RESULT: {"using":"xpath","value":"//button[@data-kt=\"massStateChangeRusSectionButton\"]"}
COMMAND: POST /session/eb46200be743186ea26e5ac661c9a518/elements - {"using":"xpath","value":"//button[@data-kt=\"massStateChangeRusSectionButton\"]"}
RESULT: {"using":"xpath","value":"//button[@data-kt=\"massStateChangeRusSectionButton\"]"}
COMMAND: POST /session/eb46200be743186ea26e5ac661c9a518/elements - {"using":"xpath","value":"//button[@data-kt=\"massStateChangeRusSectionButton\"]"}
RESULT: {"using":"xpath","value":"//button[@data-kt=\"massStateChangeRusSectionButton\"]"}
COMMAND: POST /session/eb46200be743186ea26e5ac661c9a518/elements - {"using":"xpath","value":"//button[@data-kt=\"massStateChangeRusSectionButton\"]"}
RESULT: {"using":"xpath","value":"//button[@data-kt=\"massStateChangeRusSectionButton\"]"}
COMMAND: POST /session/eb46200be743186ea26e5ac661c9a518/elements - {"using":"xpath","value":"//button[@data-kt=\"massStateChangeRusSectionButton\"]"}
RESULT: {"using":"xpath","value":"//button[@data-kt=\"massStateChangeRusSectionButton\"]"}
COMMAND: POST /session/eb46200be743186ea26e5ac661c9a518/elements - {"using":"xpath","value":"//button[@data-kt=\"massStateChangeRusSectionButton\"]"}
RESULT: {"using":"xpath","value":"//button[@data-kt=\"massStateChangeRusSectionButton\"]"}
COMMAND: POST /session/eb46200be743186ea26e5ac661c9a518/elements - {"using":"xpath","value":"//button[@data-kt=\"massStateChangeRusSectionButton\"]"}
RESULT: {"using":"xpath","value":"//button[@data-kt=\"massStateChangeRusSectionButton\"]"}
COMMAND: POST /session/eb46200be743186ea26e5ac661c9a518/elements - {"using":"xpath","value":"//button[@data-kt=\"massStateChangeRusSectionButton\"]"}
RESULT: {"using":"xpath","value":"//button[@data-kt=\"massStateChangeRusSectionButton\"]"}
COMMAND: POST /session/eb46200be743186ea26e5ac661c9a518/elements - {"using":"xpath","value":"//button[@data-kt=\"massStateChangeRusSectionButton\"]"}
RESULT: {"using":"xpath","value":"//button[@data-kt=\"massStateChangeRusSectionButton\"]"}
COMMAND: POST /session/eb46200be743186ea26e5ac661c9a518/elements - {"using":"xpath","value":"//button[@data-kt=\"massStateChangeRusSectionButton\"]"}
RESULT: {"using":"xpath","value":"//button[@data-kt=\"massStateChangeRusSectionButton\"]"}
COMMAND: POST /session/eb46200be743186ea26e5ac661c9a518/elements - {"using":"xpath","value":"//button[@data-kt=\"massStateChangeRusSectionButton\"]"}
RESULT: {"using":"xpath","value":"//button[@data-kt=\"massStateChangeRusSectionButton\"]"}
COMMAND: POST /session/eb46200be743186ea26e5ac661c9a518/elements - {"using":"xpath","value":"//button[@data-kt=\"massStateChangeRusSectionButton\"]"}
RESULT: {"using":"xpath","value":"//button[@data-kt=\"massStateChangeRusSectionButton\"]"}
COMMAND: POST /session/eb46200be743186ea26e5ac661c9a518/elements - {"using":"xpath","value":"//button[@data-kt=\"massStateChangeRusSectionButton\"]"}
RESULT: {"using":"xpath","value":"//button[@data-kt=\"massStateChangeRusSectionButton\"]"}
COMMAND: POST /session/eb46200be743186ea26e5ac661c9a518/elements - {"using":"xpath","value":"//button[@data-kt=\"massStateChangeRusSectionButton\"]"}
RESULT: {"using":"xpath","value":"//button[@data-kt=\"massStateChangeRusSectionButton\"]"}
COMMAND: POST /session/eb46200be743186ea26e5ac661c9a518/elements - {"using":"xpath","value":"//button[@data-kt=\"massStateChangeRusSectionButton\"]"}
RESULT: {"using":"xpath","value":"//button[@data-kt=\"massStateChangeRusSectionButton\"]"}
COMMAND: POST /session/eb46200be743186ea26e5ac661c9a518/elements - {"using":"xpath","value":"//button[@data-kt=\"massStateChangeRusSectionButton\"]"}
RESULT: {"using":"xpath","value":"//button[@data-kt=\"massStateChangeRusSectionButton\"]"}
COMMAND: POST /session/eb46200be743186ea26e5ac661c9a518/elements - {"using":"xpath","value":"//button[@data-kt=\"massStateChangeRusSectionButton\"]"}
RESULT: {"using":"xpath","value":"//button[@data-kt=\"massStateChangeRusSectionButton\"]"}
COMMAND: POST /session/eb46200be743186ea26e5ac661c9a518/elements - {"using":"xpath","value":"//button[@data-kt=\"massStateChangeRusSectionButton\"]"}
RESULT: {"using":"xpath","value":"//button[@data-kt=\"massStateChangeRusSectionButton\"]"}
COMMAND: POST /session/eb46200be743186ea26e5ac661c9a518/elements - {"using":"xpath","value":"//button[@data-kt=\"massStateChangeRusSectionButton\"]"}
RESULT: {"using":"xpath","value":"//button[@data-kt=\"massStateChangeRusSectionButton\"]"}
COMMAND: POST /session/eb46200be743186ea26e5ac661c9a518/elements - {"using":"xpath","value":"//button[@data-kt=\"massStateChangeRusSectionButton\"]"}
RESULT: {"using":"xpath","value":"//button[@data-kt=\"massStateChangeRusSectionButton\"]"}
COMMAND: POST /session/eb46200be743186ea26e5ac661c9a518/elements - {"using":"xpath","value":"//button[@data-kt=\"massStateChangeRusSectionButton\"]"}
RESULT: {"using":"xpath","value":"//button[@data-kt=\"massStateChangeRusSectionButton\"]"}
COMMAND: POST /session/eb46200be743186ea26e5ac661c9a518/elements - {"using":"xpath","value":"//button[@data-kt=\"massStateChangeRusSectionButton\"]"}
RESULT: {"using":"xpath","value":"//button[@data-kt=\"massStateChangeRusSectionButton\"]"}
COMMAND: POST /session/eb46200be743186ea26e5ac661c9a518/elements - {"using":"xpath","value":"//button[@data-kt=\"massStateChangeRusSectionButton\"]"}
RESULT: {"using":"xpath","value":"//button[@data-kt=\"massStateChangeRusSectionButton\"]"}
COMMAND: POST /session/eb46200be743186ea26e5ac661c9a518/elements - {"using":"xpath","value":"//button[@data-kt=\"massStateChangeRusSectionButton\"]"}
RESULT: {"using":"xpath","value":"//button[@data-kt=\"massStateChangeRusSectionButton\"]"}
COMMAND: POST /session/eb46200be743186ea26e5ac661c9a518/elements - {"using":"xpath","value":"//button[@data-kt=\"massStateChangeRusSectionButton\"]"}
RESULT: {"using":"xpath","value":"//button[@data-kt=\"massStateChangeRusSectionButton\"]"}
COMMAND: POST /session/eb46200be743186ea26e5ac661c9a518/elements - {"using":"xpath","value":"//button[@data-kt=\"massStateChangeRusSectionButton\"]"}
RESULT: {"using":"xpath","value":"//button[@data-kt=\"massStateChangeRusSectionButton\"]"}
COMMAND: POST /session/eb46200be743186ea26e5ac661c9a518/elements - {"using":"xpath","value":"//button[@data-kt=\"massStateChangeRusSectionButton\"]"}
RESULT: {"using":"xpath","value":"//button[@data-kt=\"massStateChangeRusSectionButton\"]"}
COMMAND: POST /session/eb46200be743186ea26e5ac661c9a518/elements - {"using":"xpath","value":"//button[@data-kt=\"massStateChangeRusSectionButton\"]"}
RESULT: {"using":"xpath","value":"//button[@data-kt=\"massStateChangeRusSectionButton\"]"}
COMMAND: POST /session/eb46200be743186ea26e5ac661c9a518/elements - {"using":"xpath","value":"//button[@data-kt=\"massStateChangeRusSectionButton\"]"}
RESULT: {"using":"xpath","value":"//button[@data-kt=\"massStateChangeRusSectionButton\"]"}
COMMAND: POST /session/eb46200be743186ea26e5ac661c9a518/elements - {"using":"xpath","value":"//button[@data-kt=\"massStateChangeRusSectionButton\"]"}
RESULT: {"using":"xpath","value":"//button[@data-kt=\"massStateChangeRusSectionButton\"]"}
COMMAND: POST /session/eb46200be743186ea26e5ac661c9a518/elements - {"using":"xpath","value":"//button[@data-kt=\"massStateChangeRusSectionButton\"]"}
COMMAND: GET /session/eb46200be743186ea26e5ac661c9a518/screenshot - {}
RESULT: {"using":"xpath","value":"//button[@data-kt=\"massStateChangeRusSectionButton\"]"}
RESULT: {}
]]></system-out>
      <system-err><![CDATA[
Error: element ("//button[@data-kt="massStateChangeRusSectionButton"]") still not existing after 45000ms
    at async Context.<anonymous> (D:\a\1\s\test\specs\HTR\manage-states-perf.spec.js:70:9)
]]></system-err>
    </testcase>
    <testcase classname="chrome.136_0_7103_93.windows.Manage_States_&amp;_Performance_Tests_US151247_US151423_US151467" name="Prereq Step 2 Create new equipment and add counter to it stock increase it" time="55.797">
      <failure/>
      <error message="element (&quot;//button[@data-kt=&quot;addNewRUOverflowToolbarButton&quot;]&quot;) still not existing after 45000ms"/>
      <system-out><![CDATA[
COMMAND: GET /session/eb46200be743186ea26e5ac661c9a518/screenshot - {}
RESULT: undefined
COMMAND: POST /session/eb46200be743186ea26e5ac661c9a518/element - {"using":"xpath","value":"//*[@id=\"__tile31\"]"}
RESULT: {}
RESULT: {"using":"xpath","value":"//*[@id=\"__tile31\"]"}
COMMAND: POST /session/eb46200be743186ea26e5ac661c9a518/element/f.E118EE213315F22AD902502108153141.d.540E25094908B8627187F8D5EADCCB38.e.5615/click - {}
COMMAND: POST /session/eb46200be743186ea26e5ac661c9a518/elements - {"using":"xpath","value":"//span[text()='Error']"}
RESULT: {"using":"xpath","value":"//span[text()='Error']"}
COMMAND: POST /session/eb46200be743186ea26e5ac661c9a518/element - {"using":"xpath","value":"//button[@data-kt=\"addNewRUOverflowToolbarButton\"]"}
RESULT: {"using":"xpath","value":"//button[@data-kt=\"addNewRUOverflowToolbarButton\"]"}
COMMAND: POST /session/eb46200be743186ea26e5ac661c9a518/elements - {"using":"xpath","value":"//button[@data-kt=\"addNewRUOverflowToolbarButton\"]"}
RESULT: {"using":"xpath","value":"//button[@data-kt=\"addNewRUOverflowToolbarButton\"]"}
COMMAND: POST /session/eb46200be743186ea26e5ac661c9a518/elements - {"using":"xpath","value":"//button[@data-kt=\"addNewRUOverflowToolbarButton\"]"}
RESULT: {"using":"xpath","value":"//button[@data-kt=\"addNewRUOverflowToolbarButton\"]"}
COMMAND: POST /session/eb46200be743186ea26e5ac661c9a518/elements - {"using":"xpath","value":"//button[@data-kt=\"addNewRUOverflowToolbarButton\"]"}
RESULT: {"using":"xpath","value":"//button[@data-kt=\"addNewRUOverflowToolbarButton\"]"}
COMMAND: POST /session/eb46200be743186ea26e5ac661c9a518/elements - {"using":"xpath","value":"//button[@data-kt=\"addNewRUOverflowToolbarButton\"]"}
RESULT: {"using":"xpath","value":"//button[@data-kt=\"addNewRUOverflowToolbarButton\"]"}
COMMAND: POST /session/eb46200be743186ea26e5ac661c9a518/elements - {"using":"xpath","value":"//button[@data-kt=\"addNewRUOverflowToolbarButton\"]"}
RESULT: {"using":"xpath","value":"//button[@data-kt=\"addNewRUOverflowToolbarButton\"]"}
COMMAND: POST /session/eb46200be743186ea26e5ac661c9a518/elements - {"using":"xpath","value":"//button[@data-kt=\"addNewRUOverflowToolbarButton\"]"}
RESULT: {"using":"xpath","value":"//button[@data-kt=\"addNewRUOverflowToolbarButton\"]"}
COMMAND: POST /session/eb46200be743186ea26e5ac661c9a518/elements - {"using":"xpath","value":"//button[@data-kt=\"addNewRUOverflowToolbarButton\"]"}
RESULT: {"using":"xpath","value":"//button[@data-kt=\"addNewRUOverflowToolbarButton\"]"}
COMMAND: POST /session/eb46200be743186ea26e5ac661c9a518/elements - {"using":"xpath","value":"//button[@data-kt=\"addNewRUOverflowToolbarButton\"]"}
RESULT: {"using":"xpath","value":"//button[@data-kt=\"addNewRUOverflowToolbarButton\"]"}
COMMAND: POST /session/eb46200be743186ea26e5ac661c9a518/elements - {"using":"xpath","value":"//button[@data-kt=\"addNewRUOverflowToolbarButton\"]"}
RESULT: {"using":"xpath","value":"//button[@data-kt=\"addNewRUOverflowToolbarButton\"]"}
COMMAND: POST /session/eb46200be743186ea26e5ac661c9a518/elements - {"using":"xpath","value":"//button[@data-kt=\"addNewRUOverflowToolbarButton\"]"}
RESULT: {"using":"xpath","value":"//button[@data-kt=\"addNewRUOverflowToolbarButton\"]"}
COMMAND: POST /session/eb46200be743186ea26e5ac661c9a518/elements - {"using":"xpath","value":"//button[@data-kt=\"addNewRUOverflowToolbarButton\"]"}
RESULT: {"using":"xpath","value":"//button[@data-kt=\"addNewRUOverflowToolbarButton\"]"}
COMMAND: POST /session/eb46200be743186ea26e5ac661c9a518/elements - {"using":"xpath","value":"//button[@data-kt=\"addNewRUOverflowToolbarButton\"]"}
RESULT: {"using":"xpath","value":"//button[@data-kt=\"addNewRUOverflowToolbarButton\"]"}
COMMAND: POST /session/eb46200be743186ea26e5ac661c9a518/elements - {"using":"xpath","value":"//button[@data-kt=\"addNewRUOverflowToolbarButton\"]"}
RESULT: {"using":"xpath","value":"//button[@data-kt=\"addNewRUOverflowToolbarButton\"]"}
COMMAND: POST /session/eb46200be743186ea26e5ac661c9a518/elements - {"using":"xpath","value":"//button[@data-kt=\"addNewRUOverflowToolbarButton\"]"}
RESULT: {"using":"xpath","value":"//button[@data-kt=\"addNewRUOverflowToolbarButton\"]"}
COMMAND: POST /session/eb46200be743186ea26e5ac661c9a518/elements - {"using":"xpath","value":"//button[@data-kt=\"addNewRUOverflowToolbarButton\"]"}
RESULT: {"using":"xpath","value":"//button[@data-kt=\"addNewRUOverflowToolbarButton\"]"}
COMMAND: POST /session/eb46200be743186ea26e5ac661c9a518/elements - {"using":"xpath","value":"//button[@data-kt=\"addNewRUOverflowToolbarButton\"]"}
RESULT: {"using":"xpath","value":"//button[@data-kt=\"addNewRUOverflowToolbarButton\"]"}
COMMAND: POST /session/eb46200be743186ea26e5ac661c9a518/elements - {"using":"xpath","value":"//button[@data-kt=\"addNewRUOverflowToolbarButton\"]"}
RESULT: {"using":"xpath","value":"//button[@data-kt=\"addNewRUOverflowToolbarButton\"]"}
COMMAND: POST /session/eb46200be743186ea26e5ac661c9a518/elements - {"using":"xpath","value":"//button[@data-kt=\"addNewRUOverflowToolbarButton\"]"}
RESULT: {"using":"xpath","value":"//button[@data-kt=\"addNewRUOverflowToolbarButton\"]"}
COMMAND: POST /session/eb46200be743186ea26e5ac661c9a518/elements - {"using":"xpath","value":"//button[@data-kt=\"addNewRUOverflowToolbarButton\"]"}
RESULT: {"using":"xpath","value":"//button[@data-kt=\"addNewRUOverflowToolbarButton\"]"}
COMMAND: POST /session/eb46200be743186ea26e5ac661c9a518/elements - {"using":"xpath","value":"//button[@data-kt=\"addNewRUOverflowToolbarButton\"]"}
RESULT: {"using":"xpath","value":"//button[@data-kt=\"addNewRUOverflowToolbarButton\"]"}
COMMAND: POST /session/eb46200be743186ea26e5ac661c9a518/elements - {"using":"xpath","value":"//button[@data-kt=\"addNewRUOverflowToolbarButton\"]"}
RESULT: {"using":"xpath","value":"//button[@data-kt=\"addNewRUOverflowToolbarButton\"]"}
COMMAND: POST /session/eb46200be743186ea26e5ac661c9a518/elements - {"using":"xpath","value":"//button[@data-kt=\"addNewRUOverflowToolbarButton\"]"}
RESULT: {"using":"xpath","value":"//button[@data-kt=\"addNewRUOverflowToolbarButton\"]"}
COMMAND: POST /session/eb46200be743186ea26e5ac661c9a518/elements - {"using":"xpath","value":"//button[@data-kt=\"addNewRUOverflowToolbarButton\"]"}
RESULT: {"using":"xpath","value":"//button[@data-kt=\"addNewRUOverflowToolbarButton\"]"}
COMMAND: POST /session/eb46200be743186ea26e5ac661c9a518/elements - {"using":"xpath","value":"//button[@data-kt=\"addNewRUOverflowToolbarButton\"]"}
RESULT: {"using":"xpath","value":"//button[@data-kt=\"addNewRUOverflowToolbarButton\"]"}
COMMAND: POST /session/eb46200be743186ea26e5ac661c9a518/elements - {"using":"xpath","value":"//button[@data-kt=\"addNewRUOverflowToolbarButton\"]"}
RESULT: {"using":"xpath","value":"//button[@data-kt=\"addNewRUOverflowToolbarButton\"]"}
COMMAND: POST /session/eb46200be743186ea26e5ac661c9a518/elements - {"using":"xpath","value":"//button[@data-kt=\"addNewRUOverflowToolbarButton\"]"}
RESULT: {"using":"xpath","value":"//button[@data-kt=\"addNewRUOverflowToolbarButton\"]"}
COMMAND: POST /session/eb46200be743186ea26e5ac661c9a518/elements - {"using":"xpath","value":"//button[@data-kt=\"addNewRUOverflowToolbarButton\"]"}
RESULT: {"using":"xpath","value":"//button[@data-kt=\"addNewRUOverflowToolbarButton\"]"}
COMMAND: POST /session/eb46200be743186ea26e5ac661c9a518/elements - {"using":"xpath","value":"//button[@data-kt=\"addNewRUOverflowToolbarButton\"]"}
RESULT: {"using":"xpath","value":"//button[@data-kt=\"addNewRUOverflowToolbarButton\"]"}
COMMAND: POST /session/eb46200be743186ea26e5ac661c9a518/elements - {"using":"xpath","value":"//button[@data-kt=\"addNewRUOverflowToolbarButton\"]"}
RESULT: {"using":"xpath","value":"//button[@data-kt=\"addNewRUOverflowToolbarButton\"]"}
COMMAND: POST /session/eb46200be743186ea26e5ac661c9a518/elements - {"using":"xpath","value":"//button[@data-kt=\"addNewRUOverflowToolbarButton\"]"}
RESULT: {"using":"xpath","value":"//button[@data-kt=\"addNewRUOverflowToolbarButton\"]"}
COMMAND: POST /session/eb46200be743186ea26e5ac661c9a518/elements - {"using":"xpath","value":"//button[@data-kt=\"addNewRUOverflowToolbarButton\"]"}
RESULT: {"using":"xpath","value":"//button[@data-kt=\"addNewRUOverflowToolbarButton\"]"}
COMMAND: POST /session/eb46200be743186ea26e5ac661c9a518/elements - {"using":"xpath","value":"//button[@data-kt=\"addNewRUOverflowToolbarButton\"]"}
RESULT: {"using":"xpath","value":"//button[@data-kt=\"addNewRUOverflowToolbarButton\"]"}
COMMAND: POST /session/eb46200be743186ea26e5ac661c9a518/elements - {"using":"xpath","value":"//button[@data-kt=\"addNewRUOverflowToolbarButton\"]"}
RESULT: {"using":"xpath","value":"//button[@data-kt=\"addNewRUOverflowToolbarButton\"]"}
COMMAND: POST /session/eb46200be743186ea26e5ac661c9a518/elements - {"using":"xpath","value":"//button[@data-kt=\"addNewRUOverflowToolbarButton\"]"}
RESULT: {"using":"xpath","value":"//button[@data-kt=\"addNewRUOverflowToolbarButton\"]"}
COMMAND: POST /session/eb46200be743186ea26e5ac661c9a518/elements - {"using":"xpath","value":"//button[@data-kt=\"addNewRUOverflowToolbarButton\"]"}
RESULT: {"using":"xpath","value":"//button[@data-kt=\"addNewRUOverflowToolbarButton\"]"}
COMMAND: POST /session/eb46200be743186ea26e5ac661c9a518/elements - {"using":"xpath","value":"//button[@data-kt=\"addNewRUOverflowToolbarButton\"]"}
RESULT: {"using":"xpath","value":"//button[@data-kt=\"addNewRUOverflowToolbarButton\"]"}
COMMAND: POST /session/eb46200be743186ea26e5ac661c9a518/elements - {"using":"xpath","value":"//button[@data-kt=\"addNewRUOverflowToolbarButton\"]"}
RESULT: {"using":"xpath","value":"//button[@data-kt=\"addNewRUOverflowToolbarButton\"]"}
COMMAND: POST /session/eb46200be743186ea26e5ac661c9a518/elements - {"using":"xpath","value":"//button[@data-kt=\"addNewRUOverflowToolbarButton\"]"}
RESULT: {"using":"xpath","value":"//button[@data-kt=\"addNewRUOverflowToolbarButton\"]"}
COMMAND: POST /session/eb46200be743186ea26e5ac661c9a518/elements - {"using":"xpath","value":"//button[@data-kt=\"addNewRUOverflowToolbarButton\"]"}
RESULT: {"using":"xpath","value":"//button[@data-kt=\"addNewRUOverflowToolbarButton\"]"}
COMMAND: POST /session/eb46200be743186ea26e5ac661c9a518/elements - {"using":"xpath","value":"//button[@data-kt=\"addNewRUOverflowToolbarButton\"]"}
RESULT: {"using":"xpath","value":"//button[@data-kt=\"addNewRUOverflowToolbarButton\"]"}
COMMAND: POST /session/eb46200be743186ea26e5ac661c9a518/elements - {"using":"xpath","value":"//button[@data-kt=\"addNewRUOverflowToolbarButton\"]"}
RESULT: {"using":"xpath","value":"//button[@data-kt=\"addNewRUOverflowToolbarButton\"]"}
COMMAND: POST /session/eb46200be743186ea26e5ac661c9a518/elements - {"using":"xpath","value":"//button[@data-kt=\"addNewRUOverflowToolbarButton\"]"}
RESULT: {"using":"xpath","value":"//button[@data-kt=\"addNewRUOverflowToolbarButton\"]"}
COMMAND: POST /session/eb46200be743186ea26e5ac661c9a518/elements - {"using":"xpath","value":"//button[@data-kt=\"addNewRUOverflowToolbarButton\"]"}
RESULT: {"using":"xpath","value":"//button[@data-kt=\"addNewRUOverflowToolbarButton\"]"}
COMMAND: POST /session/eb46200be743186ea26e5ac661c9a518/elements - {"using":"xpath","value":"//button[@data-kt=\"addNewRUOverflowToolbarButton\"]"}
RESULT: {"using":"xpath","value":"//button[@data-kt=\"addNewRUOverflowToolbarButton\"]"}
COMMAND: POST /session/eb46200be743186ea26e5ac661c9a518/elements - {"using":"xpath","value":"//button[@data-kt=\"addNewRUOverflowToolbarButton\"]"}
RESULT: {"using":"xpath","value":"//button[@data-kt=\"addNewRUOverflowToolbarButton\"]"}
COMMAND: POST /session/eb46200be743186ea26e5ac661c9a518/elements - {"using":"xpath","value":"//button[@data-kt=\"addNewRUOverflowToolbarButton\"]"}
RESULT: {"using":"xpath","value":"//button[@data-kt=\"addNewRUOverflowToolbarButton\"]"}
COMMAND: POST /session/eb46200be743186ea26e5ac661c9a518/elements - {"using":"xpath","value":"//button[@data-kt=\"addNewRUOverflowToolbarButton\"]"}
RESULT: {"using":"xpath","value":"//button[@data-kt=\"addNewRUOverflowToolbarButton\"]"}
COMMAND: POST /session/eb46200be743186ea26e5ac661c9a518/elements - {"using":"xpath","value":"//button[@data-kt=\"addNewRUOverflowToolbarButton\"]"}
RESULT: {"using":"xpath","value":"//button[@data-kt=\"addNewRUOverflowToolbarButton\"]"}
COMMAND: POST /session/eb46200be743186ea26e5ac661c9a518/elements - {"using":"xpath","value":"//button[@data-kt=\"addNewRUOverflowToolbarButton\"]"}
RESULT: {"using":"xpath","value":"//button[@data-kt=\"addNewRUOverflowToolbarButton\"]"}
COMMAND: POST /session/eb46200be743186ea26e5ac661c9a518/elements - {"using":"xpath","value":"//button[@data-kt=\"addNewRUOverflowToolbarButton\"]"}
RESULT: {"using":"xpath","value":"//button[@data-kt=\"addNewRUOverflowToolbarButton\"]"}
COMMAND: POST /session/eb46200be743186ea26e5ac661c9a518/elements - {"using":"xpath","value":"//button[@data-kt=\"addNewRUOverflowToolbarButton\"]"}
RESULT: {"using":"xpath","value":"//button[@data-kt=\"addNewRUOverflowToolbarButton\"]"}
COMMAND: POST /session/eb46200be743186ea26e5ac661c9a518/elements - {"using":"xpath","value":"//button[@data-kt=\"addNewRUOverflowToolbarButton\"]"}
RESULT: {"using":"xpath","value":"//button[@data-kt=\"addNewRUOverflowToolbarButton\"]"}
COMMAND: POST /session/eb46200be743186ea26e5ac661c9a518/elements - {"using":"xpath","value":"//button[@data-kt=\"addNewRUOverflowToolbarButton\"]"}
RESULT: {"using":"xpath","value":"//button[@data-kt=\"addNewRUOverflowToolbarButton\"]"}
COMMAND: POST /session/eb46200be743186ea26e5ac661c9a518/elements - {"using":"xpath","value":"//button[@data-kt=\"addNewRUOverflowToolbarButton\"]"}
RESULT: {"using":"xpath","value":"//button[@data-kt=\"addNewRUOverflowToolbarButton\"]"}
COMMAND: POST /session/eb46200be743186ea26e5ac661c9a518/elements - {"using":"xpath","value":"//button[@data-kt=\"addNewRUOverflowToolbarButton\"]"}
RESULT: {"using":"xpath","value":"//button[@data-kt=\"addNewRUOverflowToolbarButton\"]"}
COMMAND: POST /session/eb46200be743186ea26e5ac661c9a518/elements - {"using":"xpath","value":"//button[@data-kt=\"addNewRUOverflowToolbarButton\"]"}
RESULT: {"using":"xpath","value":"//button[@data-kt=\"addNewRUOverflowToolbarButton\"]"}
COMMAND: POST /session/eb46200be743186ea26e5ac661c9a518/elements - {"using":"xpath","value":"//button[@data-kt=\"addNewRUOverflowToolbarButton\"]"}
RESULT: {"using":"xpath","value":"//button[@data-kt=\"addNewRUOverflowToolbarButton\"]"}
COMMAND: POST /session/eb46200be743186ea26e5ac661c9a518/elements - {"using":"xpath","value":"//button[@data-kt=\"addNewRUOverflowToolbarButton\"]"}
RESULT: {"using":"xpath","value":"//button[@data-kt=\"addNewRUOverflowToolbarButton\"]"}
COMMAND: POST /session/eb46200be743186ea26e5ac661c9a518/elements - {"using":"xpath","value":"//button[@data-kt=\"addNewRUOverflowToolbarButton\"]"}
RESULT: {"using":"xpath","value":"//button[@data-kt=\"addNewRUOverflowToolbarButton\"]"}
COMMAND: POST /session/eb46200be743186ea26e5ac661c9a518/elements - {"using":"xpath","value":"//button[@data-kt=\"addNewRUOverflowToolbarButton\"]"}
RESULT: {"using":"xpath","value":"//button[@data-kt=\"addNewRUOverflowToolbarButton\"]"}
COMMAND: POST /session/eb46200be743186ea26e5ac661c9a518/elements - {"using":"xpath","value":"//button[@data-kt=\"addNewRUOverflowToolbarButton\"]"}
RESULT: {"using":"xpath","value":"//button[@data-kt=\"addNewRUOverflowToolbarButton\"]"}
COMMAND: POST /session/eb46200be743186ea26e5ac661c9a518/elements - {"using":"xpath","value":"//button[@data-kt=\"addNewRUOverflowToolbarButton\"]"}
RESULT: {"using":"xpath","value":"//button[@data-kt=\"addNewRUOverflowToolbarButton\"]"}
COMMAND: POST /session/eb46200be743186ea26e5ac661c9a518/elements - {"using":"xpath","value":"//button[@data-kt=\"addNewRUOverflowToolbarButton\"]"}
RESULT: {"using":"xpath","value":"//button[@data-kt=\"addNewRUOverflowToolbarButton\"]"}
COMMAND: POST /session/eb46200be743186ea26e5ac661c9a518/elements - {"using":"xpath","value":"//button[@data-kt=\"addNewRUOverflowToolbarButton\"]"}
RESULT: {"using":"xpath","value":"//button[@data-kt=\"addNewRUOverflowToolbarButton\"]"}
COMMAND: POST /session/eb46200be743186ea26e5ac661c9a518/elements - {"using":"xpath","value":"//button[@data-kt=\"addNewRUOverflowToolbarButton\"]"}
RESULT: {"using":"xpath","value":"//button[@data-kt=\"addNewRUOverflowToolbarButton\"]"}
COMMAND: POST /session/eb46200be743186ea26e5ac661c9a518/elements - {"using":"xpath","value":"//button[@data-kt=\"addNewRUOverflowToolbarButton\"]"}
RESULT: {"using":"xpath","value":"//button[@data-kt=\"addNewRUOverflowToolbarButton\"]"}
COMMAND: POST /session/eb46200be743186ea26e5ac661c9a518/elements - {"using":"xpath","value":"//button[@data-kt=\"addNewRUOverflowToolbarButton\"]"}
RESULT: {"using":"xpath","value":"//button[@data-kt=\"addNewRUOverflowToolbarButton\"]"}
COMMAND: POST /session/eb46200be743186ea26e5ac661c9a518/elements - {"using":"xpath","value":"//button[@data-kt=\"addNewRUOverflowToolbarButton\"]"}
RESULT: {"using":"xpath","value":"//button[@data-kt=\"addNewRUOverflowToolbarButton\"]"}
COMMAND: POST /session/eb46200be743186ea26e5ac661c9a518/elements - {"using":"xpath","value":"//button[@data-kt=\"addNewRUOverflowToolbarButton\"]"}
RESULT: {"using":"xpath","value":"//button[@data-kt=\"addNewRUOverflowToolbarButton\"]"}
COMMAND: POST /session/eb46200be743186ea26e5ac661c9a518/elements - {"using":"xpath","value":"//button[@data-kt=\"addNewRUOverflowToolbarButton\"]"}
RESULT: {"using":"xpath","value":"//button[@data-kt=\"addNewRUOverflowToolbarButton\"]"}
COMMAND: POST /session/eb46200be743186ea26e5ac661c9a518/elements - {"using":"xpath","value":"//button[@data-kt=\"addNewRUOverflowToolbarButton\"]"}
RESULT: {"using":"xpath","value":"//button[@data-kt=\"addNewRUOverflowToolbarButton\"]"}
COMMAND: POST /session/eb46200be743186ea26e5ac661c9a518/elements - {"using":"xpath","value":"//button[@data-kt=\"addNewRUOverflowToolbarButton\"]"}
RESULT: {"using":"xpath","value":"//button[@data-kt=\"addNewRUOverflowToolbarButton\"]"}
COMMAND: POST /session/eb46200be743186ea26e5ac661c9a518/elements - {"using":"xpath","value":"//button[@data-kt=\"addNewRUOverflowToolbarButton\"]"}
RESULT: {"using":"xpath","value":"//button[@data-kt=\"addNewRUOverflowToolbarButton\"]"}
COMMAND: POST /session/eb46200be743186ea26e5ac661c9a518/elements - {"using":"xpath","value":"//button[@data-kt=\"addNewRUOverflowToolbarButton\"]"}
RESULT: {"using":"xpath","value":"//button[@data-kt=\"addNewRUOverflowToolbarButton\"]"}
COMMAND: POST /session/eb46200be743186ea26e5ac661c9a518/elements - {"using":"xpath","value":"//button[@data-kt=\"addNewRUOverflowToolbarButton\"]"}
RESULT: {"using":"xpath","value":"//button[@data-kt=\"addNewRUOverflowToolbarButton\"]"}
COMMAND: POST /session/eb46200be743186ea26e5ac661c9a518/elements - {"using":"xpath","value":"//button[@data-kt=\"addNewRUOverflowToolbarButton\"]"}
RESULT: {"using":"xpath","value":"//button[@data-kt=\"addNewRUOverflowToolbarButton\"]"}
COMMAND: POST /session/eb46200be743186ea26e5ac661c9a518/elements - {"using":"xpath","value":"//button[@data-kt=\"addNewRUOverflowToolbarButton\"]"}
RESULT: {"using":"xpath","value":"//button[@data-kt=\"addNewRUOverflowToolbarButton\"]"}
COMMAND: POST /session/eb46200be743186ea26e5ac661c9a518/elements - {"using":"xpath","value":"//button[@data-kt=\"addNewRUOverflowToolbarButton\"]"}
RESULT: {"using":"xpath","value":"//button[@data-kt=\"addNewRUOverflowToolbarButton\"]"}
COMMAND: POST /session/eb46200be743186ea26e5ac661c9a518/elements - {"using":"xpath","value":"//button[@data-kt=\"addNewRUOverflowToolbarButton\"]"}
RESULT: {"using":"xpath","value":"//button[@data-kt=\"addNewRUOverflowToolbarButton\"]"}
COMMAND: POST /session/eb46200be743186ea26e5ac661c9a518/elements - {"using":"xpath","value":"//button[@data-kt=\"addNewRUOverflowToolbarButton\"]"}
RESULT: {"using":"xpath","value":"//button[@data-kt=\"addNewRUOverflowToolbarButton\"]"}
COMMAND: POST /session/eb46200be743186ea26e5ac661c9a518/elements - {"using":"xpath","value":"//button[@data-kt=\"addNewRUOverflowToolbarButton\"]"}
RESULT: {"using":"xpath","value":"//button[@data-kt=\"addNewRUOverflowToolbarButton\"]"}
COMMAND: POST /session/eb46200be743186ea26e5ac661c9a518/elements - {"using":"xpath","value":"//button[@data-kt=\"addNewRUOverflowToolbarButton\"]"}
RESULT: {"using":"xpath","value":"//button[@data-kt=\"addNewRUOverflowToolbarButton\"]"}
COMMAND: POST /session/eb46200be743186ea26e5ac661c9a518/elements - {"using":"xpath","value":"//button[@data-kt=\"addNewRUOverflowToolbarButton\"]"}
RESULT: {"using":"xpath","value":"//button[@data-kt=\"addNewRUOverflowToolbarButton\"]"}
COMMAND: POST /session/eb46200be743186ea26e5ac661c9a518/elements - {"using":"xpath","value":"//button[@data-kt=\"addNewRUOverflowToolbarButton\"]"}
RESULT: {"using":"xpath","value":"//button[@data-kt=\"addNewRUOverflowToolbarButton\"]"}
COMMAND: POST /session/eb46200be743186ea26e5ac661c9a518/elements - {"using":"xpath","value":"//button[@data-kt=\"addNewRUOverflowToolbarButton\"]"}
RESULT: {"using":"xpath","value":"//button[@data-kt=\"addNewRUOverflowToolbarButton\"]"}
COMMAND: POST /session/eb46200be743186ea26e5ac661c9a518/elements - {"using":"xpath","value":"//button[@data-kt=\"addNewRUOverflowToolbarButton\"]"}
RESULT: {"using":"xpath","value":"//button[@data-kt=\"addNewRUOverflowToolbarButton\"]"}
COMMAND: POST /session/eb46200be743186ea26e5ac661c9a518/elements - {"using":"xpath","value":"//button[@data-kt=\"addNewRUOverflowToolbarButton\"]"}
RESULT: {"using":"xpath","value":"//button[@data-kt=\"addNewRUOverflowToolbarButton\"]"}
COMMAND: POST /session/eb46200be743186ea26e5ac661c9a518/elements - {"using":"xpath","value":"//button[@data-kt=\"addNewRUOverflowToolbarButton\"]"}
RESULT: {"using":"xpath","value":"//button[@data-kt=\"addNewRUOverflowToolbarButton\"]"}
COMMAND: POST /session/eb46200be743186ea26e5ac661c9a518/elements - {"using":"xpath","value":"//button[@data-kt=\"addNewRUOverflowToolbarButton\"]"}
RESULT: {"using":"xpath","value":"//button[@data-kt=\"addNewRUOverflowToolbarButton\"]"}
COMMAND: POST /session/eb46200be743186ea26e5ac661c9a518/elements - {"using":"xpath","value":"//button[@data-kt=\"addNewRUOverflowToolbarButton\"]"}
RESULT: {"using":"xpath","value":"//button[@data-kt=\"addNewRUOverflowToolbarButton\"]"}
COMMAND: POST /session/eb46200be743186ea26e5ac661c9a518/elements - {"using":"xpath","value":"//button[@data-kt=\"addNewRUOverflowToolbarButton\"]"}
COMMAND: GET /session/eb46200be743186ea26e5ac661c9a518/screenshot - {}
RESULT: {"using":"xpath","value":"//button[@data-kt=\"addNewRUOverflowToolbarButton\"]"}
RESULT: {}
]]></system-out>
      <system-err><![CDATA[
Error: element ("//button[@data-kt="addNewRUOverflowToolbarButton"]") still not existing after 45000ms
    at async UtilsPrerequisites.resourceCreation (D:\a\1\s\test\specs\BTS\prerequisites-and-utils-functions.js:848:9)
    at async Context.<anonymous> (D:\a\1\s\test\specs\HTR\manage-states-perf.spec.js:138:9)
]]></system-err>
    </testcase>
    <testcase classname="chrome.136_0_7103_93.windows.Manage_States_&amp;_Performance_Tests_US151247_US151423_US151467" name="Step 2 Try to save empty performance document US151423" time="55.349">
      <failure/>
      <error message="element (&quot;//button[@data-kt=&quot;massStateChangeRusSectionButton&quot;]&quot;) still not existing after 45000ms"/>
      <system-out><![CDATA[
RESULT: undefined
COMMAND: GET /session/eb46200be743186ea26e5ac661c9a518/screenshot - {}
RESULT: {}
COMMAND: POST /session/eb46200be743186ea26e5ac661c9a518/elements - {"using":"xpath","value":"//span[text()='Error']"}
RESULT: {"using":"xpath","value":"//span[text()='Error']"}
COMMAND: POST /session/eb46200be743186ea26e5ac661c9a518/element - {"using":"xpath","value":"//button[@data-kt=\"massStateChangeRusSectionButton\"]"}
RESULT: {"using":"xpath","value":"//button[@data-kt=\"massStateChangeRusSectionButton\"]"}
COMMAND: POST /session/eb46200be743186ea26e5ac661c9a518/elements - {"using":"xpath","value":"//button[@data-kt=\"massStateChangeRusSectionButton\"]"}
RESULT: {"using":"xpath","value":"//button[@data-kt=\"massStateChangeRusSectionButton\"]"}
COMMAND: POST /session/eb46200be743186ea26e5ac661c9a518/elements - {"using":"xpath","value":"//button[@data-kt=\"massStateChangeRusSectionButton\"]"}
RESULT: {"using":"xpath","value":"//button[@data-kt=\"massStateChangeRusSectionButton\"]"}
COMMAND: POST /session/eb46200be743186ea26e5ac661c9a518/elements - {"using":"xpath","value":"//button[@data-kt=\"massStateChangeRusSectionButton\"]"}
RESULT: {"using":"xpath","value":"//button[@data-kt=\"massStateChangeRusSectionButton\"]"}
COMMAND: POST /session/eb46200be743186ea26e5ac661c9a518/elements - {"using":"xpath","value":"//button[@data-kt=\"massStateChangeRusSectionButton\"]"}
RESULT: {"using":"xpath","value":"//button[@data-kt=\"massStateChangeRusSectionButton\"]"}
COMMAND: POST /session/eb46200be743186ea26e5ac661c9a518/elements - {"using":"xpath","value":"//button[@data-kt=\"massStateChangeRusSectionButton\"]"}
RESULT: {"using":"xpath","value":"//button[@data-kt=\"massStateChangeRusSectionButton\"]"}
COMMAND: POST /session/eb46200be743186ea26e5ac661c9a518/elements - {"using":"xpath","value":"//button[@data-kt=\"massStateChangeRusSectionButton\"]"}
RESULT: {"using":"xpath","value":"//button[@data-kt=\"massStateChangeRusSectionButton\"]"}
COMMAND: POST /session/eb46200be743186ea26e5ac661c9a518/elements - {"using":"xpath","value":"//button[@data-kt=\"massStateChangeRusSectionButton\"]"}
RESULT: {"using":"xpath","value":"//button[@data-kt=\"massStateChangeRusSectionButton\"]"}
COMMAND: POST /session/eb46200be743186ea26e5ac661c9a518/elements - {"using":"xpath","value":"//button[@data-kt=\"massStateChangeRusSectionButton\"]"}
RESULT: {"using":"xpath","value":"//button[@data-kt=\"massStateChangeRusSectionButton\"]"}
COMMAND: POST /session/eb46200be743186ea26e5ac661c9a518/elements - {"using":"xpath","value":"//button[@data-kt=\"massStateChangeRusSectionButton\"]"}
RESULT: {"using":"xpath","value":"//button[@data-kt=\"massStateChangeRusSectionButton\"]"}
COMMAND: POST /session/eb46200be743186ea26e5ac661c9a518/elements - {"using":"xpath","value":"//button[@data-kt=\"massStateChangeRusSectionButton\"]"}
RESULT: {"using":"xpath","value":"//button[@data-kt=\"massStateChangeRusSectionButton\"]"}
COMMAND: POST /session/eb46200be743186ea26e5ac661c9a518/elements - {"using":"xpath","value":"//button[@data-kt=\"massStateChangeRusSectionButton\"]"}
RESULT: {"using":"xpath","value":"//button[@data-kt=\"massStateChangeRusSectionButton\"]"}
COMMAND: POST /session/eb46200be743186ea26e5ac661c9a518/elements - {"using":"xpath","value":"//button[@data-kt=\"massStateChangeRusSectionButton\"]"}
RESULT: {"using":"xpath","value":"//button[@data-kt=\"massStateChangeRusSectionButton\"]"}
COMMAND: POST /session/eb46200be743186ea26e5ac661c9a518/elements - {"using":"xpath","value":"//button[@data-kt=\"massStateChangeRusSectionButton\"]"}
RESULT: {"using":"xpath","value":"//button[@data-kt=\"massStateChangeRusSectionButton\"]"}
COMMAND: POST /session/eb46200be743186ea26e5ac661c9a518/elements - {"using":"xpath","value":"//button[@data-kt=\"massStateChangeRusSectionButton\"]"}
RESULT: {"using":"xpath","value":"//button[@data-kt=\"massStateChangeRusSectionButton\"]"}
COMMAND: POST /session/eb46200be743186ea26e5ac661c9a518/elements - {"using":"xpath","value":"//button[@data-kt=\"massStateChangeRusSectionButton\"]"}
RESULT: {"using":"xpath","value":"//button[@data-kt=\"massStateChangeRusSectionButton\"]"}
COMMAND: POST /session/eb46200be743186ea26e5ac661c9a518/elements - {"using":"xpath","value":"//button[@data-kt=\"massStateChangeRusSectionButton\"]"}
RESULT: {"using":"xpath","value":"//button[@data-kt=\"massStateChangeRusSectionButton\"]"}
COMMAND: POST /session/eb46200be743186ea26e5ac661c9a518/elements - {"using":"xpath","value":"//button[@data-kt=\"massStateChangeRusSectionButton\"]"}
RESULT: {"using":"xpath","value":"//button[@data-kt=\"massStateChangeRusSectionButton\"]"}
COMMAND: POST /session/eb46200be743186ea26e5ac661c9a518/elements - {"using":"xpath","value":"//button[@data-kt=\"massStateChangeRusSectionButton\"]"}
RESULT: {"using":"xpath","value":"//button[@data-kt=\"massStateChangeRusSectionButton\"]"}
COMMAND: POST /session/eb46200be743186ea26e5ac661c9a518/elements - {"using":"xpath","value":"//button[@data-kt=\"massStateChangeRusSectionButton\"]"}
RESULT: {"using":"xpath","value":"//button[@data-kt=\"massStateChangeRusSectionButton\"]"}
COMMAND: POST /session/eb46200be743186ea26e5ac661c9a518/elements - {"using":"xpath","value":"//button[@data-kt=\"massStateChangeRusSectionButton\"]"}
RESULT: {"using":"xpath","value":"//button[@data-kt=\"massStateChangeRusSectionButton\"]"}
COMMAND: POST /session/eb46200be743186ea26e5ac661c9a518/elements - {"using":"xpath","value":"//button[@data-kt=\"massStateChangeRusSectionButton\"]"}
RESULT: {"using":"xpath","value":"//button[@data-kt=\"massStateChangeRusSectionButton\"]"}
COMMAND: POST /session/eb46200be743186ea26e5ac661c9a518/elements - {"using":"xpath","value":"//button[@data-kt=\"massStateChangeRusSectionButton\"]"}
RESULT: {"using":"xpath","value":"//button[@data-kt=\"massStateChangeRusSectionButton\"]"}
COMMAND: POST /session/eb46200be743186ea26e5ac661c9a518/elements - {"using":"xpath","value":"//button[@data-kt=\"massStateChangeRusSectionButton\"]"}
RESULT: {"using":"xpath","value":"//button[@data-kt=\"massStateChangeRusSectionButton\"]"}
COMMAND: POST /session/eb46200be743186ea26e5ac661c9a518/elements - {"using":"xpath","value":"//button[@data-kt=\"massStateChangeRusSectionButton\"]"}
RESULT: {"using":"xpath","value":"//button[@data-kt=\"massStateChangeRusSectionButton\"]"}
COMMAND: POST /session/eb46200be743186ea26e5ac661c9a518/elements - {"using":"xpath","value":"//button[@data-kt=\"massStateChangeRusSectionButton\"]"}
RESULT: {"using":"xpath","value":"//button[@data-kt=\"massStateChangeRusSectionButton\"]"}
COMMAND: POST /session/eb46200be743186ea26e5ac661c9a518/elements - {"using":"xpath","value":"//button[@data-kt=\"massStateChangeRusSectionButton\"]"}
RESULT: {"using":"xpath","value":"//button[@data-kt=\"massStateChangeRusSectionButton\"]"}
COMMAND: POST /session/eb46200be743186ea26e5ac661c9a518/elements - {"using":"xpath","value":"//button[@data-kt=\"massStateChangeRusSectionButton\"]"}
RESULT: {"using":"xpath","value":"//button[@data-kt=\"massStateChangeRusSectionButton\"]"}
COMMAND: POST /session/eb46200be743186ea26e5ac661c9a518/elements - {"using":"xpath","value":"//button[@data-kt=\"massStateChangeRusSectionButton\"]"}
RESULT: {"using":"xpath","value":"//button[@data-kt=\"massStateChangeRusSectionButton\"]"}
COMMAND: POST /session/eb46200be743186ea26e5ac661c9a518/elements - {"using":"xpath","value":"//button[@data-kt=\"massStateChangeRusSectionButton\"]"}
RESULT: {"using":"xpath","value":"//button[@data-kt=\"massStateChangeRusSectionButton\"]"}
COMMAND: POST /session/eb46200be743186ea26e5ac661c9a518/elements - {"using":"xpath","value":"//button[@data-kt=\"massStateChangeRusSectionButton\"]"}
RESULT: {"using":"xpath","value":"//button[@data-kt=\"massStateChangeRusSectionButton\"]"}
COMMAND: POST /session/eb46200be743186ea26e5ac661c9a518/elements - {"using":"xpath","value":"//button[@data-kt=\"massStateChangeRusSectionButton\"]"}
RESULT: {"using":"xpath","value":"//button[@data-kt=\"massStateChangeRusSectionButton\"]"}
COMMAND: POST /session/eb46200be743186ea26e5ac661c9a518/elements - {"using":"xpath","value":"//button[@data-kt=\"massStateChangeRusSectionButton\"]"}
RESULT: {"using":"xpath","value":"//button[@data-kt=\"massStateChangeRusSectionButton\"]"}
COMMAND: POST /session/eb46200be743186ea26e5ac661c9a518/elements - {"using":"xpath","value":"//button[@data-kt=\"massStateChangeRusSectionButton\"]"}
RESULT: {"using":"xpath","value":"//button[@data-kt=\"massStateChangeRusSectionButton\"]"}
COMMAND: POST /session/eb46200be743186ea26e5ac661c9a518/elements - {"using":"xpath","value":"//button[@data-kt=\"massStateChangeRusSectionButton\"]"}
RESULT: {"using":"xpath","value":"//button[@data-kt=\"massStateChangeRusSectionButton\"]"}
COMMAND: POST /session/eb46200be743186ea26e5ac661c9a518/elements - {"using":"xpath","value":"//button[@data-kt=\"massStateChangeRusSectionButton\"]"}
RESULT: {"using":"xpath","value":"//button[@data-kt=\"massStateChangeRusSectionButton\"]"}
COMMAND: POST /session/eb46200be743186ea26e5ac661c9a518/elements - {"using":"xpath","value":"//button[@data-kt=\"massStateChangeRusSectionButton\"]"}
RESULT: {"using":"xpath","value":"//button[@data-kt=\"massStateChangeRusSectionButton\"]"}
COMMAND: POST /session/eb46200be743186ea26e5ac661c9a518/elements - {"using":"xpath","value":"//button[@data-kt=\"massStateChangeRusSectionButton\"]"}
RESULT: {"using":"xpath","value":"//button[@data-kt=\"massStateChangeRusSectionButton\"]"}
COMMAND: POST /session/eb46200be743186ea26e5ac661c9a518/elements - {"using":"xpath","value":"//button[@data-kt=\"massStateChangeRusSectionButton\"]"}
RESULT: {"using":"xpath","value":"//button[@data-kt=\"massStateChangeRusSectionButton\"]"}
COMMAND: POST /session/eb46200be743186ea26e5ac661c9a518/elements - {"using":"xpath","value":"//button[@data-kt=\"massStateChangeRusSectionButton\"]"}
RESULT: {"using":"xpath","value":"//button[@data-kt=\"massStateChangeRusSectionButton\"]"}
COMMAND: POST /session/eb46200be743186ea26e5ac661c9a518/elements - {"using":"xpath","value":"//button[@data-kt=\"massStateChangeRusSectionButton\"]"}
RESULT: {"using":"xpath","value":"//button[@data-kt=\"massStateChangeRusSectionButton\"]"}
COMMAND: POST /session/eb46200be743186ea26e5ac661c9a518/elements - {"using":"xpath","value":"//button[@data-kt=\"massStateChangeRusSectionButton\"]"}
RESULT: {"using":"xpath","value":"//button[@data-kt=\"massStateChangeRusSectionButton\"]"}
COMMAND: POST /session/eb46200be743186ea26e5ac661c9a518/elements - {"using":"xpath","value":"//button[@data-kt=\"massStateChangeRusSectionButton\"]"}
RESULT: {"using":"xpath","value":"//button[@data-kt=\"massStateChangeRusSectionButton\"]"}
COMMAND: POST /session/eb46200be743186ea26e5ac661c9a518/elements - {"using":"xpath","value":"//button[@data-kt=\"massStateChangeRusSectionButton\"]"}
RESULT: {"using":"xpath","value":"//button[@data-kt=\"massStateChangeRusSectionButton\"]"}
COMMAND: POST /session/eb46200be743186ea26e5ac661c9a518/elements - {"using":"xpath","value":"//button[@data-kt=\"massStateChangeRusSectionButton\"]"}
RESULT: {"using":"xpath","value":"//button[@data-kt=\"massStateChangeRusSectionButton\"]"}
COMMAND: POST /session/eb46200be743186ea26e5ac661c9a518/elements - {"using":"xpath","value":"//button[@data-kt=\"massStateChangeRusSectionButton\"]"}
RESULT: {"using":"xpath","value":"//button[@data-kt=\"massStateChangeRusSectionButton\"]"}
COMMAND: POST /session/eb46200be743186ea26e5ac661c9a518/elements - {"using":"xpath","value":"//button[@data-kt=\"massStateChangeRusSectionButton\"]"}
RESULT: {"using":"xpath","value":"//button[@data-kt=\"massStateChangeRusSectionButton\"]"}
COMMAND: POST /session/eb46200be743186ea26e5ac661c9a518/elements - {"using":"xpath","value":"//button[@data-kt=\"massStateChangeRusSectionButton\"]"}
RESULT: {"using":"xpath","value":"//button[@data-kt=\"massStateChangeRusSectionButton\"]"}
COMMAND: POST /session/eb46200be743186ea26e5ac661c9a518/elements - {"using":"xpath","value":"//button[@data-kt=\"massStateChangeRusSectionButton\"]"}
RESULT: {"using":"xpath","value":"//button[@data-kt=\"massStateChangeRusSectionButton\"]"}
COMMAND: POST /session/eb46200be743186ea26e5ac661c9a518/elements - {"using":"xpath","value":"//button[@data-kt=\"massStateChangeRusSectionButton\"]"}
RESULT: {"using":"xpath","value":"//button[@data-kt=\"massStateChangeRusSectionButton\"]"}
COMMAND: POST /session/eb46200be743186ea26e5ac661c9a518/elements - {"using":"xpath","value":"//button[@data-kt=\"massStateChangeRusSectionButton\"]"}
RESULT: {"using":"xpath","value":"//button[@data-kt=\"massStateChangeRusSectionButton\"]"}
COMMAND: POST /session/eb46200be743186ea26e5ac661c9a518/elements - {"using":"xpath","value":"//button[@data-kt=\"massStateChangeRusSectionButton\"]"}
RESULT: {"using":"xpath","value":"//button[@data-kt=\"massStateChangeRusSectionButton\"]"}
COMMAND: POST /session/eb46200be743186ea26e5ac661c9a518/elements - {"using":"xpath","value":"//button[@data-kt=\"massStateChangeRusSectionButton\"]"}
RESULT: {"using":"xpath","value":"//button[@data-kt=\"massStateChangeRusSectionButton\"]"}
COMMAND: POST /session/eb46200be743186ea26e5ac661c9a518/elements - {"using":"xpath","value":"//button[@data-kt=\"massStateChangeRusSectionButton\"]"}
RESULT: {"using":"xpath","value":"//button[@data-kt=\"massStateChangeRusSectionButton\"]"}
COMMAND: POST /session/eb46200be743186ea26e5ac661c9a518/elements - {"using":"xpath","value":"//button[@data-kt=\"massStateChangeRusSectionButton\"]"}
RESULT: {"using":"xpath","value":"//button[@data-kt=\"massStateChangeRusSectionButton\"]"}
COMMAND: POST /session/eb46200be743186ea26e5ac661c9a518/elements - {"using":"xpath","value":"//button[@data-kt=\"massStateChangeRusSectionButton\"]"}
RESULT: {"using":"xpath","value":"//button[@data-kt=\"massStateChangeRusSectionButton\"]"}
COMMAND: POST /session/eb46200be743186ea26e5ac661c9a518/elements - {"using":"xpath","value":"//button[@data-kt=\"massStateChangeRusSectionButton\"]"}
RESULT: {"using":"xpath","value":"//button[@data-kt=\"massStateChangeRusSectionButton\"]"}
COMMAND: POST /session/eb46200be743186ea26e5ac661c9a518/elements - {"using":"xpath","value":"//button[@data-kt=\"massStateChangeRusSectionButton\"]"}
RESULT: {"using":"xpath","value":"//button[@data-kt=\"massStateChangeRusSectionButton\"]"}
COMMAND: POST /session/eb46200be743186ea26e5ac661c9a518/elements - {"using":"xpath","value":"//button[@data-kt=\"massStateChangeRusSectionButton\"]"}
RESULT: {"using":"xpath","value":"//button[@data-kt=\"massStateChangeRusSectionButton\"]"}
COMMAND: POST /session/eb46200be743186ea26e5ac661c9a518/elements - {"using":"xpath","value":"//button[@data-kt=\"massStateChangeRusSectionButton\"]"}
RESULT: {"using":"xpath","value":"//button[@data-kt=\"massStateChangeRusSectionButton\"]"}
COMMAND: POST /session/eb46200be743186ea26e5ac661c9a518/elements - {"using":"xpath","value":"//button[@data-kt=\"massStateChangeRusSectionButton\"]"}
RESULT: {"using":"xpath","value":"//button[@data-kt=\"massStateChangeRusSectionButton\"]"}
COMMAND: POST /session/eb46200be743186ea26e5ac661c9a518/elements - {"using":"xpath","value":"//button[@data-kt=\"massStateChangeRusSectionButton\"]"}
RESULT: {"using":"xpath","value":"//button[@data-kt=\"massStateChangeRusSectionButton\"]"}
COMMAND: POST /session/eb46200be743186ea26e5ac661c9a518/elements - {"using":"xpath","value":"//button[@data-kt=\"massStateChangeRusSectionButton\"]"}
RESULT: {"using":"xpath","value":"//button[@data-kt=\"massStateChangeRusSectionButton\"]"}
COMMAND: POST /session/eb46200be743186ea26e5ac661c9a518/elements - {"using":"xpath","value":"//button[@data-kt=\"massStateChangeRusSectionButton\"]"}
RESULT: {"using":"xpath","value":"//button[@data-kt=\"massStateChangeRusSectionButton\"]"}
COMMAND: POST /session/eb46200be743186ea26e5ac661c9a518/elements - {"using":"xpath","value":"//button[@data-kt=\"massStateChangeRusSectionButton\"]"}
RESULT: {"using":"xpath","value":"//button[@data-kt=\"massStateChangeRusSectionButton\"]"}
COMMAND: POST /session/eb46200be743186ea26e5ac661c9a518/elements - {"using":"xpath","value":"//button[@data-kt=\"massStateChangeRusSectionButton\"]"}
RESULT: {"using":"xpath","value":"//button[@data-kt=\"massStateChangeRusSectionButton\"]"}
COMMAND: POST /session/eb46200be743186ea26e5ac661c9a518/elements - {"using":"xpath","value":"//button[@data-kt=\"massStateChangeRusSectionButton\"]"}
RESULT: {"using":"xpath","value":"//button[@data-kt=\"massStateChangeRusSectionButton\"]"}
COMMAND: POST /session/eb46200be743186ea26e5ac661c9a518/elements - {"using":"xpath","value":"//button[@data-kt=\"massStateChangeRusSectionButton\"]"}
RESULT: {"using":"xpath","value":"//button[@data-kt=\"massStateChangeRusSectionButton\"]"}
COMMAND: POST /session/eb46200be743186ea26e5ac661c9a518/elements - {"using":"xpath","value":"//button[@data-kt=\"massStateChangeRusSectionButton\"]"}
RESULT: {"using":"xpath","value":"//button[@data-kt=\"massStateChangeRusSectionButton\"]"}
COMMAND: POST /session/eb46200be743186ea26e5ac661c9a518/elements - {"using":"xpath","value":"//button[@data-kt=\"massStateChangeRusSectionButton\"]"}
RESULT: {"using":"xpath","value":"//button[@data-kt=\"massStateChangeRusSectionButton\"]"}
COMMAND: POST /session/eb46200be743186ea26e5ac661c9a518/elements - {"using":"xpath","value":"//button[@data-kt=\"massStateChangeRusSectionButton\"]"}
RESULT: {"using":"xpath","value":"//button[@data-kt=\"massStateChangeRusSectionButton\"]"}
COMMAND: POST /session/eb46200be743186ea26e5ac661c9a518/elements - {"using":"xpath","value":"//button[@data-kt=\"massStateChangeRusSectionButton\"]"}
RESULT: {"using":"xpath","value":"//button[@data-kt=\"massStateChangeRusSectionButton\"]"}
COMMAND: POST /session/eb46200be743186ea26e5ac661c9a518/elements - {"using":"xpath","value":"//button[@data-kt=\"massStateChangeRusSectionButton\"]"}
RESULT: {"using":"xpath","value":"//button[@data-kt=\"massStateChangeRusSectionButton\"]"}
COMMAND: POST /session/eb46200be743186ea26e5ac661c9a518/elements - {"using":"xpath","value":"//button[@data-kt=\"massStateChangeRusSectionButton\"]"}
RESULT: {"using":"xpath","value":"//button[@data-kt=\"massStateChangeRusSectionButton\"]"}
COMMAND: POST /session/eb46200be743186ea26e5ac661c9a518/elements - {"using":"xpath","value":"//button[@data-kt=\"massStateChangeRusSectionButton\"]"}
RESULT: {"using":"xpath","value":"//button[@data-kt=\"massStateChangeRusSectionButton\"]"}
COMMAND: POST /session/eb46200be743186ea26e5ac661c9a518/elements - {"using":"xpath","value":"//button[@data-kt=\"massStateChangeRusSectionButton\"]"}
RESULT: {"using":"xpath","value":"//button[@data-kt=\"massStateChangeRusSectionButton\"]"}
COMMAND: POST /session/eb46200be743186ea26e5ac661c9a518/elements - {"using":"xpath","value":"//button[@data-kt=\"massStateChangeRusSectionButton\"]"}
RESULT: {"using":"xpath","value":"//button[@data-kt=\"massStateChangeRusSectionButton\"]"}
COMMAND: POST /session/eb46200be743186ea26e5ac661c9a518/elements - {"using":"xpath","value":"//button[@data-kt=\"massStateChangeRusSectionButton\"]"}
RESULT: {"using":"xpath","value":"//button[@data-kt=\"massStateChangeRusSectionButton\"]"}
COMMAND: POST /session/eb46200be743186ea26e5ac661c9a518/elements - {"using":"xpath","value":"//button[@data-kt=\"massStateChangeRusSectionButton\"]"}
RESULT: {"using":"xpath","value":"//button[@data-kt=\"massStateChangeRusSectionButton\"]"}
COMMAND: POST /session/eb46200be743186ea26e5ac661c9a518/elements - {"using":"xpath","value":"//button[@data-kt=\"massStateChangeRusSectionButton\"]"}
RESULT: {"using":"xpath","value":"//button[@data-kt=\"massStateChangeRusSectionButton\"]"}
COMMAND: POST /session/eb46200be743186ea26e5ac661c9a518/elements - {"using":"xpath","value":"//button[@data-kt=\"massStateChangeRusSectionButton\"]"}
RESULT: {"using":"xpath","value":"//button[@data-kt=\"massStateChangeRusSectionButton\"]"}
COMMAND: POST /session/eb46200be743186ea26e5ac661c9a518/elements - {"using":"xpath","value":"//button[@data-kt=\"massStateChangeRusSectionButton\"]"}
RESULT: {"using":"xpath","value":"//button[@data-kt=\"massStateChangeRusSectionButton\"]"}
COMMAND: POST /session/eb46200be743186ea26e5ac661c9a518/elements - {"using":"xpath","value":"//button[@data-kt=\"massStateChangeRusSectionButton\"]"}
RESULT: {"using":"xpath","value":"//button[@data-kt=\"massStateChangeRusSectionButton\"]"}
COMMAND: POST /session/eb46200be743186ea26e5ac661c9a518/elements - {"using":"xpath","value":"//button[@data-kt=\"massStateChangeRusSectionButton\"]"}
RESULT: {"using":"xpath","value":"//button[@data-kt=\"massStateChangeRusSectionButton\"]"}
COMMAND: POST /session/eb46200be743186ea26e5ac661c9a518/elements - {"using":"xpath","value":"//button[@data-kt=\"massStateChangeRusSectionButton\"]"}
RESULT: {"using":"xpath","value":"//button[@data-kt=\"massStateChangeRusSectionButton\"]"}
COMMAND: POST /session/eb46200be743186ea26e5ac661c9a518/elements - {"using":"xpath","value":"//button[@data-kt=\"massStateChangeRusSectionButton\"]"}
RESULT: {"using":"xpath","value":"//button[@data-kt=\"massStateChangeRusSectionButton\"]"}
COMMAND: POST /session/eb46200be743186ea26e5ac661c9a518/elements - {"using":"xpath","value":"//button[@data-kt=\"massStateChangeRusSectionButton\"]"}
RESULT: {"using":"xpath","value":"//button[@data-kt=\"massStateChangeRusSectionButton\"]"}
COMMAND: POST /session/eb46200be743186ea26e5ac661c9a518/elements - {"using":"xpath","value":"//button[@data-kt=\"massStateChangeRusSectionButton\"]"}
RESULT: {"using":"xpath","value":"//button[@data-kt=\"massStateChangeRusSectionButton\"]"}
COMMAND: POST /session/eb46200be743186ea26e5ac661c9a518/elements - {"using":"xpath","value":"//button[@data-kt=\"massStateChangeRusSectionButton\"]"}
RESULT: {"using":"xpath","value":"//button[@data-kt=\"massStateChangeRusSectionButton\"]"}
COMMAND: POST /session/eb46200be743186ea26e5ac661c9a518/elements - {"using":"xpath","value":"//button[@data-kt=\"massStateChangeRusSectionButton\"]"}
RESULT: {"using":"xpath","value":"//button[@data-kt=\"massStateChangeRusSectionButton\"]"}
COMMAND: POST /session/eb46200be743186ea26e5ac661c9a518/elements - {"using":"xpath","value":"//button[@data-kt=\"massStateChangeRusSectionButton\"]"}
RESULT: {"using":"xpath","value":"//button[@data-kt=\"massStateChangeRusSectionButton\"]"}
COMMAND: POST /session/eb46200be743186ea26e5ac661c9a518/elements - {"using":"xpath","value":"//button[@data-kt=\"massStateChangeRusSectionButton\"]"}
COMMAND: GET /session/eb46200be743186ea26e5ac661c9a518/screenshot - {}
RESULT: {"using":"xpath","value":"//button[@data-kt=\"massStateChangeRusSectionButton\"]"}
RESULT: {}
]]></system-out>
      <system-err><![CDATA[
Error: element ("//button[@data-kt="massStateChangeRusSectionButton"]") still not existing after 45000ms
    at async Context.<anonymous> (D:\a\1\s\test\specs\HTR\manage-states-perf.spec.js:280:9)
]]></system-err>
    </testcase>
    <testcase classname="chrome.136_0_7103_93.windows.Manage_States_&amp;_Performance_Tests_US151247_US151423_US151467" name="Step 3 Manage States Perf search filters US151467" time="55.26">
      <failure/>
      <error message="element (&quot;//button[@data-kt=&quot;massStateChangeRusSectionButton&quot;]&quot;) still not existing after 45000ms"/>
      <system-out><![CDATA[
RESULT: undefined
COMMAND: GET /session/eb46200be743186ea26e5ac661c9a518/screenshot - {}
RESULT: {}
COMMAND: POST /session/eb46200be743186ea26e5ac661c9a518/elements - {"using":"xpath","value":"//span[text()='Error']"}
RESULT: {"using":"xpath","value":"//span[text()='Error']"}
COMMAND: POST /session/eb46200be743186ea26e5ac661c9a518/element - {"using":"xpath","value":"//button[@data-kt=\"massStateChangeRusSectionButton\"]"}
RESULT: {"using":"xpath","value":"//button[@data-kt=\"massStateChangeRusSectionButton\"]"}
COMMAND: POST /session/eb46200be743186ea26e5ac661c9a518/elements - {"using":"xpath","value":"//button[@data-kt=\"massStateChangeRusSectionButton\"]"}
RESULT: {"using":"xpath","value":"//button[@data-kt=\"massStateChangeRusSectionButton\"]"}
COMMAND: POST /session/eb46200be743186ea26e5ac661c9a518/elements - {"using":"xpath","value":"//button[@data-kt=\"massStateChangeRusSectionButton\"]"}
RESULT: {"using":"xpath","value":"//button[@data-kt=\"massStateChangeRusSectionButton\"]"}
COMMAND: POST /session/eb46200be743186ea26e5ac661c9a518/elements - {"using":"xpath","value":"//button[@data-kt=\"massStateChangeRusSectionButton\"]"}
RESULT: {"using":"xpath","value":"//button[@data-kt=\"massStateChangeRusSectionButton\"]"}
COMMAND: POST /session/eb46200be743186ea26e5ac661c9a518/elements - {"using":"xpath","value":"//button[@data-kt=\"massStateChangeRusSectionButton\"]"}
RESULT: {"using":"xpath","value":"//button[@data-kt=\"massStateChangeRusSectionButton\"]"}
COMMAND: POST /session/eb46200be743186ea26e5ac661c9a518/elements - {"using":"xpath","value":"//button[@data-kt=\"massStateChangeRusSectionButton\"]"}
RESULT: {"using":"xpath","value":"//button[@data-kt=\"massStateChangeRusSectionButton\"]"}
COMMAND: POST /session/eb46200be743186ea26e5ac661c9a518/elements - {"using":"xpath","value":"//button[@data-kt=\"massStateChangeRusSectionButton\"]"}
RESULT: {"using":"xpath","value":"//button[@data-kt=\"massStateChangeRusSectionButton\"]"}
COMMAND: POST /session/eb46200be743186ea26e5ac661c9a518/elements - {"using":"xpath","value":"//button[@data-kt=\"massStateChangeRusSectionButton\"]"}
RESULT: {"using":"xpath","value":"//button[@data-kt=\"massStateChangeRusSectionButton\"]"}
COMMAND: POST /session/eb46200be743186ea26e5ac661c9a518/elements - {"using":"xpath","value":"//button[@data-kt=\"massStateChangeRusSectionButton\"]"}
RESULT: {"using":"xpath","value":"//button[@data-kt=\"massStateChangeRusSectionButton\"]"}
COMMAND: POST /session/eb46200be743186ea26e5ac661c9a518/elements - {"using":"xpath","value":"//button[@data-kt=\"massStateChangeRusSectionButton\"]"}
RESULT: {"using":"xpath","value":"//button[@data-kt=\"massStateChangeRusSectionButton\"]"}
COMMAND: POST /session/eb46200be743186ea26e5ac661c9a518/elements - {"using":"xpath","value":"//button[@data-kt=\"massStateChangeRusSectionButton\"]"}
RESULT: {"using":"xpath","value":"//button[@data-kt=\"massStateChangeRusSectionButton\"]"}
COMMAND: POST /session/eb46200be743186ea26e5ac661c9a518/elements - {"using":"xpath","value":"//button[@data-kt=\"massStateChangeRusSectionButton\"]"}
RESULT: {"using":"xpath","value":"//button[@data-kt=\"massStateChangeRusSectionButton\"]"}
COMMAND: POST /session/eb46200be743186ea26e5ac661c9a518/elements - {"using":"xpath","value":"//button[@data-kt=\"massStateChangeRusSectionButton\"]"}
RESULT: {"using":"xpath","value":"//button[@data-kt=\"massStateChangeRusSectionButton\"]"}
COMMAND: POST /session/eb46200be743186ea26e5ac661c9a518/elements - {"using":"xpath","value":"//button[@data-kt=\"massStateChangeRusSectionButton\"]"}
RESULT: {"using":"xpath","value":"//button[@data-kt=\"massStateChangeRusSectionButton\"]"}
COMMAND: POST /session/eb46200be743186ea26e5ac661c9a518/elements - {"using":"xpath","value":"//button[@data-kt=\"massStateChangeRusSectionButton\"]"}
RESULT: {"using":"xpath","value":"//button[@data-kt=\"massStateChangeRusSectionButton\"]"}
COMMAND: POST /session/eb46200be743186ea26e5ac661c9a518/elements - {"using":"xpath","value":"//button[@data-kt=\"massStateChangeRusSectionButton\"]"}
RESULT: {"using":"xpath","value":"//button[@data-kt=\"massStateChangeRusSectionButton\"]"}
COMMAND: POST /session/eb46200be743186ea26e5ac661c9a518/elements - {"using":"xpath","value":"//button[@data-kt=\"massStateChangeRusSectionButton\"]"}
RESULT: {"using":"xpath","value":"//button[@data-kt=\"massStateChangeRusSectionButton\"]"}
COMMAND: POST /session/eb46200be743186ea26e5ac661c9a518/elements - {"using":"xpath","value":"//button[@data-kt=\"massStateChangeRusSectionButton\"]"}
RESULT: {"using":"xpath","value":"//button[@data-kt=\"massStateChangeRusSectionButton\"]"}
COMMAND: POST /session/eb46200be743186ea26e5ac661c9a518/elements - {"using":"xpath","value":"//button[@data-kt=\"massStateChangeRusSectionButton\"]"}
RESULT: {"using":"xpath","value":"//button[@data-kt=\"massStateChangeRusSectionButton\"]"}
COMMAND: POST /session/eb46200be743186ea26e5ac661c9a518/elements - {"using":"xpath","value":"//button[@data-kt=\"massStateChangeRusSectionButton\"]"}
RESULT: {"using":"xpath","value":"//button[@data-kt=\"massStateChangeRusSectionButton\"]"}
COMMAND: POST /session/eb46200be743186ea26e5ac661c9a518/elements - {"using":"xpath","value":"//button[@data-kt=\"massStateChangeRusSectionButton\"]"}
RESULT: {"using":"xpath","value":"//button[@data-kt=\"massStateChangeRusSectionButton\"]"}
COMMAND: POST /session/eb46200be743186ea26e5ac661c9a518/elements - {"using":"xpath","value":"//button[@data-kt=\"massStateChangeRusSectionButton\"]"}
RESULT: {"using":"xpath","value":"//button[@data-kt=\"massStateChangeRusSectionButton\"]"}
COMMAND: POST /session/eb46200be743186ea26e5ac661c9a518/elements - {"using":"xpath","value":"//button[@data-kt=\"massStateChangeRusSectionButton\"]"}
RESULT: {"using":"xpath","value":"//button[@data-kt=\"massStateChangeRusSectionButton\"]"}
COMMAND: POST /session/eb46200be743186ea26e5ac661c9a518/elements - {"using":"xpath","value":"//button[@data-kt=\"massStateChangeRusSectionButton\"]"}
RESULT: {"using":"xpath","value":"//button[@data-kt=\"massStateChangeRusSectionButton\"]"}
COMMAND: POST /session/eb46200be743186ea26e5ac661c9a518/elements - {"using":"xpath","value":"//button[@data-kt=\"massStateChangeRusSectionButton\"]"}
RESULT: {"using":"xpath","value":"//button[@data-kt=\"massStateChangeRusSectionButton\"]"}
COMMAND: POST /session/eb46200be743186ea26e5ac661c9a518/elements - {"using":"xpath","value":"//button[@data-kt=\"massStateChangeRusSectionButton\"]"}
RESULT: {"using":"xpath","value":"//button[@data-kt=\"massStateChangeRusSectionButton\"]"}
COMMAND: POST /session/eb46200be743186ea26e5ac661c9a518/elements - {"using":"xpath","value":"//button[@data-kt=\"massStateChangeRusSectionButton\"]"}
RESULT: {"using":"xpath","value":"//button[@data-kt=\"massStateChangeRusSectionButton\"]"}
COMMAND: POST /session/eb46200be743186ea26e5ac661c9a518/elements - {"using":"xpath","value":"//button[@data-kt=\"massStateChangeRusSectionButton\"]"}
RESULT: {"using":"xpath","value":"//button[@data-kt=\"massStateChangeRusSectionButton\"]"}
COMMAND: POST /session/eb46200be743186ea26e5ac661c9a518/elements - {"using":"xpath","value":"//button[@data-kt=\"massStateChangeRusSectionButton\"]"}
RESULT: {"using":"xpath","value":"//button[@data-kt=\"massStateChangeRusSectionButton\"]"}
COMMAND: POST /session/eb46200be743186ea26e5ac661c9a518/elements - {"using":"xpath","value":"//button[@data-kt=\"massStateChangeRusSectionButton\"]"}
RESULT: {"using":"xpath","value":"//button[@data-kt=\"massStateChangeRusSectionButton\"]"}
COMMAND: POST /session/eb46200be743186ea26e5ac661c9a518/elements - {"using":"xpath","value":"//button[@data-kt=\"massStateChangeRusSectionButton\"]"}
RESULT: {"using":"xpath","value":"//button[@data-kt=\"massStateChangeRusSectionButton\"]"}
COMMAND: POST /session/eb46200be743186ea26e5ac661c9a518/elements - {"using":"xpath","value":"//button[@data-kt=\"massStateChangeRusSectionButton\"]"}
RESULT: {"using":"xpath","value":"//button[@data-kt=\"massStateChangeRusSectionButton\"]"}
COMMAND: POST /session/eb46200be743186ea26e5ac661c9a518/elements - {"using":"xpath","value":"//button[@data-kt=\"massStateChangeRusSectionButton\"]"}
RESULT: {"using":"xpath","value":"//button[@data-kt=\"massStateChangeRusSectionButton\"]"}
COMMAND: POST /session/eb46200be743186ea26e5ac661c9a518/elements - {"using":"xpath","value":"//button[@data-kt=\"massStateChangeRusSectionButton\"]"}
RESULT: {"using":"xpath","value":"//button[@data-kt=\"massStateChangeRusSectionButton\"]"}
COMMAND: POST /session/eb46200be743186ea26e5ac661c9a518/elements - {"using":"xpath","value":"//button[@data-kt=\"massStateChangeRusSectionButton\"]"}
RESULT: {"using":"xpath","value":"//button[@data-kt=\"massStateChangeRusSectionButton\"]"}
COMMAND: POST /session/eb46200be743186ea26e5ac661c9a518/elements - {"using":"xpath","value":"//button[@data-kt=\"massStateChangeRusSectionButton\"]"}
RESULT: {"using":"xpath","value":"//button[@data-kt=\"massStateChangeRusSectionButton\"]"}
COMMAND: POST /session/eb46200be743186ea26e5ac661c9a518/elements - {"using":"xpath","value":"//button[@data-kt=\"massStateChangeRusSectionButton\"]"}
RESULT: {"using":"xpath","value":"//button[@data-kt=\"massStateChangeRusSectionButton\"]"}
COMMAND: POST /session/eb46200be743186ea26e5ac661c9a518/elements - {"using":"xpath","value":"//button[@data-kt=\"massStateChangeRusSectionButton\"]"}
RESULT: {"using":"xpath","value":"//button[@data-kt=\"massStateChangeRusSectionButton\"]"}
COMMAND: POST /session/eb46200be743186ea26e5ac661c9a518/elements - {"using":"xpath","value":"//button[@data-kt=\"massStateChangeRusSectionButton\"]"}
RESULT: {"using":"xpath","value":"//button[@data-kt=\"massStateChangeRusSectionButton\"]"}
COMMAND: POST /session/eb46200be743186ea26e5ac661c9a518/elements - {"using":"xpath","value":"//button[@data-kt=\"massStateChangeRusSectionButton\"]"}
RESULT: {"using":"xpath","value":"//button[@data-kt=\"massStateChangeRusSectionButton\"]"}
COMMAND: POST /session/eb46200be743186ea26e5ac661c9a518/elements - {"using":"xpath","value":"//button[@data-kt=\"massStateChangeRusSectionButton\"]"}
RESULT: {"using":"xpath","value":"//button[@data-kt=\"massStateChangeRusSectionButton\"]"}
COMMAND: POST /session/eb46200be743186ea26e5ac661c9a518/elements - {"using":"xpath","value":"//button[@data-kt=\"massStateChangeRusSectionButton\"]"}
RESULT: {"using":"xpath","value":"//button[@data-kt=\"massStateChangeRusSectionButton\"]"}
COMMAND: POST /session/eb46200be743186ea26e5ac661c9a518/elements - {"using":"xpath","value":"//button[@data-kt=\"massStateChangeRusSectionButton\"]"}
RESULT: {"using":"xpath","value":"//button[@data-kt=\"massStateChangeRusSectionButton\"]"}
COMMAND: POST /session/eb46200be743186ea26e5ac661c9a518/elements - {"using":"xpath","value":"//button[@data-kt=\"massStateChangeRusSectionButton\"]"}
RESULT: {"using":"xpath","value":"//button[@data-kt=\"massStateChangeRusSectionButton\"]"}
COMMAND: POST /session/eb46200be743186ea26e5ac661c9a518/elements - {"using":"xpath","value":"//button[@data-kt=\"massStateChangeRusSectionButton\"]"}
RESULT: {"using":"xpath","value":"//button[@data-kt=\"massStateChangeRusSectionButton\"]"}
COMMAND: POST /session/eb46200be743186ea26e5ac661c9a518/elements - {"using":"xpath","value":"//button[@data-kt=\"massStateChangeRusSectionButton\"]"}
RESULT: {"using":"xpath","value":"//button[@data-kt=\"massStateChangeRusSectionButton\"]"}
COMMAND: POST /session/eb46200be743186ea26e5ac661c9a518/elements - {"using":"xpath","value":"//button[@data-kt=\"massStateChangeRusSectionButton\"]"}
RESULT: {"using":"xpath","value":"//button[@data-kt=\"massStateChangeRusSectionButton\"]"}
COMMAND: POST /session/eb46200be743186ea26e5ac661c9a518/elements - {"using":"xpath","value":"//button[@data-kt=\"massStateChangeRusSectionButton\"]"}
RESULT: {"using":"xpath","value":"//button[@data-kt=\"massStateChangeRusSectionButton\"]"}
COMMAND: POST /session/eb46200be743186ea26e5ac661c9a518/elements - {"using":"xpath","value":"//button[@data-kt=\"massStateChangeRusSectionButton\"]"}
RESULT: {"using":"xpath","value":"//button[@data-kt=\"massStateChangeRusSectionButton\"]"}
COMMAND: POST /session/eb46200be743186ea26e5ac661c9a518/elements - {"using":"xpath","value":"//button[@data-kt=\"massStateChangeRusSectionButton\"]"}
RESULT: {"using":"xpath","value":"//button[@data-kt=\"massStateChangeRusSectionButton\"]"}
COMMAND: POST /session/eb46200be743186ea26e5ac661c9a518/elements - {"using":"xpath","value":"//button[@data-kt=\"massStateChangeRusSectionButton\"]"}
RESULT: {"using":"xpath","value":"//button[@data-kt=\"massStateChangeRusSectionButton\"]"}
COMMAND: POST /session/eb46200be743186ea26e5ac661c9a518/elements - {"using":"xpath","value":"//button[@data-kt=\"massStateChangeRusSectionButton\"]"}
RESULT: {"using":"xpath","value":"//button[@data-kt=\"massStateChangeRusSectionButton\"]"}
COMMAND: POST /session/eb46200be743186ea26e5ac661c9a518/elements - {"using":"xpath","value":"//button[@data-kt=\"massStateChangeRusSectionButton\"]"}
RESULT: {"using":"xpath","value":"//button[@data-kt=\"massStateChangeRusSectionButton\"]"}
COMMAND: POST /session/eb46200be743186ea26e5ac661c9a518/elements - {"using":"xpath","value":"//button[@data-kt=\"massStateChangeRusSectionButton\"]"}
RESULT: {"using":"xpath","value":"//button[@data-kt=\"massStateChangeRusSectionButton\"]"}
COMMAND: POST /session/eb46200be743186ea26e5ac661c9a518/elements - {"using":"xpath","value":"//button[@data-kt=\"massStateChangeRusSectionButton\"]"}
RESULT: {"using":"xpath","value":"//button[@data-kt=\"massStateChangeRusSectionButton\"]"}
COMMAND: POST /session/eb46200be743186ea26e5ac661c9a518/elements - {"using":"xpath","value":"//button[@data-kt=\"massStateChangeRusSectionButton\"]"}
RESULT: {"using":"xpath","value":"//button[@data-kt=\"massStateChangeRusSectionButton\"]"}
COMMAND: POST /session/eb46200be743186ea26e5ac661c9a518/elements - {"using":"xpath","value":"//button[@data-kt=\"massStateChangeRusSectionButton\"]"}
RESULT: {"using":"xpath","value":"//button[@data-kt=\"massStateChangeRusSectionButton\"]"}
COMMAND: POST /session/eb46200be743186ea26e5ac661c9a518/elements - {"using":"xpath","value":"//button[@data-kt=\"massStateChangeRusSectionButton\"]"}
RESULT: {"using":"xpath","value":"//button[@data-kt=\"massStateChangeRusSectionButton\"]"}
COMMAND: POST /session/eb46200be743186ea26e5ac661c9a518/elements - {"using":"xpath","value":"//button[@data-kt=\"massStateChangeRusSectionButton\"]"}
RESULT: {"using":"xpath","value":"//button[@data-kt=\"massStateChangeRusSectionButton\"]"}
COMMAND: POST /session/eb46200be743186ea26e5ac661c9a518/elements - {"using":"xpath","value":"//button[@data-kt=\"massStateChangeRusSectionButton\"]"}
RESULT: {"using":"xpath","value":"//button[@data-kt=\"massStateChangeRusSectionButton\"]"}
COMMAND: POST /session/eb46200be743186ea26e5ac661c9a518/elements - {"using":"xpath","value":"//button[@data-kt=\"massStateChangeRusSectionButton\"]"}
RESULT: {"using":"xpath","value":"//button[@data-kt=\"massStateChangeRusSectionButton\"]"}
COMMAND: POST /session/eb46200be743186ea26e5ac661c9a518/elements - {"using":"xpath","value":"//button[@data-kt=\"massStateChangeRusSectionButton\"]"}
RESULT: {"using":"xpath","value":"//button[@data-kt=\"massStateChangeRusSectionButton\"]"}
COMMAND: POST /session/eb46200be743186ea26e5ac661c9a518/elements - {"using":"xpath","value":"//button[@data-kt=\"massStateChangeRusSectionButton\"]"}
RESULT: {"using":"xpath","value":"//button[@data-kt=\"massStateChangeRusSectionButton\"]"}
COMMAND: POST /session/eb46200be743186ea26e5ac661c9a518/elements - {"using":"xpath","value":"//button[@data-kt=\"massStateChangeRusSectionButton\"]"}
RESULT: {"using":"xpath","value":"//button[@data-kt=\"massStateChangeRusSectionButton\"]"}
COMMAND: POST /session/eb46200be743186ea26e5ac661c9a518/elements - {"using":"xpath","value":"//button[@data-kt=\"massStateChangeRusSectionButton\"]"}
RESULT: {"using":"xpath","value":"//button[@data-kt=\"massStateChangeRusSectionButton\"]"}
COMMAND: POST /session/eb46200be743186ea26e5ac661c9a518/elements - {"using":"xpath","value":"//button[@data-kt=\"massStateChangeRusSectionButton\"]"}
RESULT: {"using":"xpath","value":"//button[@data-kt=\"massStateChangeRusSectionButton\"]"}
COMMAND: POST /session/eb46200be743186ea26e5ac661c9a518/elements - {"using":"xpath","value":"//button[@data-kt=\"massStateChangeRusSectionButton\"]"}
RESULT: {"using":"xpath","value":"//button[@data-kt=\"massStateChangeRusSectionButton\"]"}
COMMAND: POST /session/eb46200be743186ea26e5ac661c9a518/elements - {"using":"xpath","value":"//button[@data-kt=\"massStateChangeRusSectionButton\"]"}
RESULT: {"using":"xpath","value":"//button[@data-kt=\"massStateChangeRusSectionButton\"]"}
COMMAND: POST /session/eb46200be743186ea26e5ac661c9a518/elements - {"using":"xpath","value":"//button[@data-kt=\"massStateChangeRusSectionButton\"]"}
RESULT: {"using":"xpath","value":"//button[@data-kt=\"massStateChangeRusSectionButton\"]"}
COMMAND: POST /session/eb46200be743186ea26e5ac661c9a518/elements - {"using":"xpath","value":"//button[@data-kt=\"massStateChangeRusSectionButton\"]"}
RESULT: {"using":"xpath","value":"//button[@data-kt=\"massStateChangeRusSectionButton\"]"}
COMMAND: POST /session/eb46200be743186ea26e5ac661c9a518/elements - {"using":"xpath","value":"//button[@data-kt=\"massStateChangeRusSectionButton\"]"}
RESULT: {"using":"xpath","value":"//button[@data-kt=\"massStateChangeRusSectionButton\"]"}
COMMAND: POST /session/eb46200be743186ea26e5ac661c9a518/elements - {"using":"xpath","value":"//button[@data-kt=\"massStateChangeRusSectionButton\"]"}
RESULT: {"using":"xpath","value":"//button[@data-kt=\"massStateChangeRusSectionButton\"]"}
COMMAND: POST /session/eb46200be743186ea26e5ac661c9a518/elements - {"using":"xpath","value":"//button[@data-kt=\"massStateChangeRusSectionButton\"]"}
RESULT: {"using":"xpath","value":"//button[@data-kt=\"massStateChangeRusSectionButton\"]"}
COMMAND: POST /session/eb46200be743186ea26e5ac661c9a518/elements - {"using":"xpath","value":"//button[@data-kt=\"massStateChangeRusSectionButton\"]"}
RESULT: {"using":"xpath","value":"//button[@data-kt=\"massStateChangeRusSectionButton\"]"}
COMMAND: POST /session/eb46200be743186ea26e5ac661c9a518/elements - {"using":"xpath","value":"//button[@data-kt=\"massStateChangeRusSectionButton\"]"}
RESULT: {"using":"xpath","value":"//button[@data-kt=\"massStateChangeRusSectionButton\"]"}
COMMAND: POST /session/eb46200be743186ea26e5ac661c9a518/elements - {"using":"xpath","value":"//button[@data-kt=\"massStateChangeRusSectionButton\"]"}
RESULT: {"using":"xpath","value":"//button[@data-kt=\"massStateChangeRusSectionButton\"]"}
COMMAND: POST /session/eb46200be743186ea26e5ac661c9a518/elements - {"using":"xpath","value":"//button[@data-kt=\"massStateChangeRusSectionButton\"]"}
RESULT: {"using":"xpath","value":"//button[@data-kt=\"massStateChangeRusSectionButton\"]"}
COMMAND: POST /session/eb46200be743186ea26e5ac661c9a518/elements - {"using":"xpath","value":"//button[@data-kt=\"massStateChangeRusSectionButton\"]"}
RESULT: {"using":"xpath","value":"//button[@data-kt=\"massStateChangeRusSectionButton\"]"}
COMMAND: POST /session/eb46200be743186ea26e5ac661c9a518/elements - {"using":"xpath","value":"//button[@data-kt=\"massStateChangeRusSectionButton\"]"}
RESULT: {"using":"xpath","value":"//button[@data-kt=\"massStateChangeRusSectionButton\"]"}
COMMAND: POST /session/eb46200be743186ea26e5ac661c9a518/elements - {"using":"xpath","value":"//button[@data-kt=\"massStateChangeRusSectionButton\"]"}
RESULT: {"using":"xpath","value":"//button[@data-kt=\"massStateChangeRusSectionButton\"]"}
COMMAND: POST /session/eb46200be743186ea26e5ac661c9a518/elements - {"using":"xpath","value":"//button[@data-kt=\"massStateChangeRusSectionButton\"]"}
RESULT: {"using":"xpath","value":"//button[@data-kt=\"massStateChangeRusSectionButton\"]"}
COMMAND: POST /session/eb46200be743186ea26e5ac661c9a518/elements - {"using":"xpath","value":"//button[@data-kt=\"massStateChangeRusSectionButton\"]"}
RESULT: {"using":"xpath","value":"//button[@data-kt=\"massStateChangeRusSectionButton\"]"}
COMMAND: POST /session/eb46200be743186ea26e5ac661c9a518/elements - {"using":"xpath","value":"//button[@data-kt=\"massStateChangeRusSectionButton\"]"}
RESULT: {"using":"xpath","value":"//button[@data-kt=\"massStateChangeRusSectionButton\"]"}
COMMAND: POST /session/eb46200be743186ea26e5ac661c9a518/elements - {"using":"xpath","value":"//button[@data-kt=\"massStateChangeRusSectionButton\"]"}
RESULT: {"using":"xpath","value":"//button[@data-kt=\"massStateChangeRusSectionButton\"]"}
COMMAND: POST /session/eb46200be743186ea26e5ac661c9a518/elements - {"using":"xpath","value":"//button[@data-kt=\"massStateChangeRusSectionButton\"]"}
RESULT: {"using":"xpath","value":"//button[@data-kt=\"massStateChangeRusSectionButton\"]"}
COMMAND: POST /session/eb46200be743186ea26e5ac661c9a518/elements - {"using":"xpath","value":"//button[@data-kt=\"massStateChangeRusSectionButton\"]"}
RESULT: {"using":"xpath","value":"//button[@data-kt=\"massStateChangeRusSectionButton\"]"}
COMMAND: POST /session/eb46200be743186ea26e5ac661c9a518/elements - {"using":"xpath","value":"//button[@data-kt=\"massStateChangeRusSectionButton\"]"}
RESULT: {"using":"xpath","value":"//button[@data-kt=\"massStateChangeRusSectionButton\"]"}
COMMAND: POST /session/eb46200be743186ea26e5ac661c9a518/elements - {"using":"xpath","value":"//button[@data-kt=\"massStateChangeRusSectionButton\"]"}
RESULT: {"using":"xpath","value":"//button[@data-kt=\"massStateChangeRusSectionButton\"]"}
COMMAND: POST /session/eb46200be743186ea26e5ac661c9a518/elements - {"using":"xpath","value":"//button[@data-kt=\"massStateChangeRusSectionButton\"]"}
RESULT: {"using":"xpath","value":"//button[@data-kt=\"massStateChangeRusSectionButton\"]"}
COMMAND: POST /session/eb46200be743186ea26e5ac661c9a518/elements - {"using":"xpath","value":"//button[@data-kt=\"massStateChangeRusSectionButton\"]"}
RESULT: {"using":"xpath","value":"//button[@data-kt=\"massStateChangeRusSectionButton\"]"}
COMMAND: POST /session/eb46200be743186ea26e5ac661c9a518/elements - {"using":"xpath","value":"//button[@data-kt=\"massStateChangeRusSectionButton\"]"}
RESULT: {"using":"xpath","value":"//button[@data-kt=\"massStateChangeRusSectionButton\"]"}
COMMAND: POST /session/eb46200be743186ea26e5ac661c9a518/elements - {"using":"xpath","value":"//button[@data-kt=\"massStateChangeRusSectionButton\"]"}
COMMAND: GET /session/eb46200be743186ea26e5ac661c9a518/screenshot - {}
RESULT: {"using":"xpath","value":"//button[@data-kt=\"massStateChangeRusSectionButton\"]"}
RESULT: {}
COMMAND: GET /session/eb46200be743186ea26e5ac661c9a518/screenshot - {}
COMMAND: GET /session/eb46200be743186ea26e5ac661c9a518/screenshot - {}
RESULT: {}
RESULT: {}
COMMAND: DELETE /session/eb46200be743186ea26e5ac661c9a518 - {}
RESULT: {}
]]></system-out>
      <system-err><![CDATA[
Error: element ("//button[@data-kt="massStateChangeRusSectionButton"]") still not existing after 45000ms
    at async Context.<anonymous> (D:\a\1\s\test\specs\HTR\manage-states-perf.spec.js:358:9)
]]></system-err>
    </testcase>
  </testsuite>
</testsuites>