<?xml version="1.0" encoding="UTF-8"?>
<testsuites tests="6" failures="0" errors="0" skipped="0">
  <testsuite timestamp="2025-05-28T16:35:05" time="1032.974" tests="6" failures="0" errors="0" skipped="0">
    <properties>
      <property name="specId" value="0"/>
      <property name="suiteName" value="RU Inventory Mass State Change Multiple Items US151066"/>
      <property name="capabilities" value="chrome.136_0_7103_93.windows"/>
      <property name="file" value="file:///D:/a/1/s/test/specs/HTR/ru-inv-list-mass-state-change.spec.js"/>
    </properties>
    <testcase classname="chrome.136_0_7103_93.windows.RU_Inventory_Mass_State_Change_Multiple_Items_US151066" name="Step 1 Should do a RU inventory mass state change on chosen yard 109 with the resources available one equipment multipart one tool pool" time="277.639">
      <system-out><![CDATA[
COMMAND: POST /session/78806afaa9ff9027046ec8c7a0f946ae/execute/async - {"script":"<script> [1562 bytes]","args":[{"selector":{"controlType":"sap.m.GenericTile","properties":{"header":"RU Inventory List"}},"wdio_ui5_key":"sapm.GenericTile{\"header\":\"RU Inventory List\"}"}]}
RESULT: {"script":"<script> [1562 bytes]","args":[{"selector":{"controlType":"sap.m.GenericTile","properties":{"header":"RU Inventory List"}},"wdio_ui5_key":"sapm.GenericTile{\"header\":\"RU Inventory List\"}"}]}
RESULT: undefined
COMMAND: POST /session/78806afaa9ff9027046ec8c7a0f946ae/element - {"using":"xpath","value":"//*[@id=\"__tile99\"]"}
RESULT: {"using":"xpath","value":"//*[@id=\"__tile99\"]"}
COMMAND: POST /session/78806afaa9ff9027046ec8c7a0f946ae/element/f.84765E1B68FB5990D5B9B6B6A2B6A00F.d.01AC6BEDBDEB491F3942E0B1870EED9F.e.259/click - {}
RESULT: {}
COMMAND: GET /session/78806afaa9ff9027046ec8c7a0f946ae/screenshot - {}
RESULT: {}
COMMAND: POST /session/78806afaa9ff9027046ec8c7a0f946ae/elements - {"using":"xpath","value":"//span[text()='Error']"}
RESULT: {"using":"xpath","value":"//span[text()='Error']"}
COMMAND: POST /session/78806afaa9ff9027046ec8c7a0f946ae/element - {"using":"xpath","value":"//button[contains(@id, \"massStateBtn\")]"}
RESULT: {"using":"xpath","value":"//button[contains(@id, \"massStateBtn\")]"}
COMMAND: POST /session/78806afaa9ff9027046ec8c7a0f946ae/elements - {"using":"xpath","value":"//button[contains(@id, \"massStateBtn\")]"}
RESULT: {"using":"xpath","value":"//button[contains(@id, \"massStateBtn\")]"}
COMMAND: POST /session/78806afaa9ff9027046ec8c7a0f946ae/elements - {"using":"xpath","value":"//button[contains(@id, \"massStateBtn\")]"}
RESULT: {"using":"xpath","value":"//button[contains(@id, \"massStateBtn\")]"}
COMMAND: POST /session/78806afaa9ff9027046ec8c7a0f946ae/element - {"using":"xpath","value":"//button[contains(@id, \"massStateBtn\")]"}
RESULT: {"using":"xpath","value":"//button[contains(@id, \"massStateBtn\")]"}
COMMAND: POST /session/78806afaa9ff9027046ec8c7a0f946ae/execute/sync - {"script":"<script> [8489 bytes]","args":[{"element-6066-11e4-a52e-4f735466cecf":"f.84765E1B68FB5990D5B9B6B6A2B6A00F.d.01AC6BEDBDEB491F3942E0B1870EED9F.e.295","ELEMENT":"f.84765E1B68FB5990D5B9B6B6A2B6A00F.d.01AC6BEDBDEB491F3942E0B1870EED9F.e.295"}]}
RESULT: {"script":"<script> [8489 bytes]","args":[{"element-6066-11e4-a52e-4f735466cecf":"f.84765E1B68FB5990D5B9B6B6A2B6A00F.d.01AC6BEDBDEB491F3942E0B1870EED9F.e.295","ELEMENT":"f.84765E1B68FB5990D5B9B6B6A2B6A00F.d.01AC6BEDBDEB491F3942E0B1870EED9F.e.295"}]}
COMMAND: GET /session/78806afaa9ff9027046ec8c7a0f946ae/element/f.84765E1B68FB5990D5B9B6B6A2B6A00F.d.01AC6BEDBDEB491F3942E0B1870EED9F.e.295/enabled - {}
COMMAND: GET /session/78806afaa9ff9027046ec8c7a0f946ae/screenshot - {}
RESULT: {}
COMMAND: POST /session/78806afaa9ff9027046ec8c7a0f946ae/execute/sync - {"script":"<script> [8489 bytes]","args":[{"element-6066-11e4-a52e-4f735466cecf":"f.84765E1B68FB5990D5B9B6B6A2B6A00F.d.01AC6BEDBDEB491F3942E0B1870EED9F.e.295","ELEMENT":"f.84765E1B68FB5990D5B9B6B6A2B6A00F.d.01AC6BEDBDEB491F3942E0B1870EED9F.e.295"}]}
COMMAND: GET /session/78806afaa9ff9027046ec8c7a0f946ae/screenshot - {}
RESULT: {}
RESULT: {"script":"<script> [8489 bytes]","args":[{"element-6066-11e4-a52e-4f735466cecf":"f.84765E1B68FB5990D5B9B6B6A2B6A00F.d.01AC6BEDBDEB491F3942E0B1870EED9F.e.295","ELEMENT":"f.84765E1B68FB5990D5B9B6B6A2B6A00F.d.01AC6BEDBDEB491F3942E0B1870EED9F.e.295"}]}
COMMAND: POST /session/78806afaa9ff9027046ec8c7a0f946ae/execute/sync - {"script":"<script> [5351 bytes]","args":[{"element-6066-11e4-a52e-4f735466cecf":"f.84765E1B68FB5990D5B9B6B6A2B6A00F.d.01AC6BEDBDEB491F3942E0B1870EED9F.e.295","ELEMENT":"f.84765E1B68FB5990D5B9B6B6A2B6A00F.d.01AC6BEDBDEB491F3942E0B1870EED9F.e.295"}]}
COMMAND: GET /session/78806afaa9ff9027046ec8c7a0f946ae/screenshot - {}
RESULT: {}
RESULT: {"script":"<script> [5351 bytes]","args":[{"element-6066-11e4-a52e-4f735466cecf":"f.84765E1B68FB5990D5B9B6B6A2B6A00F.d.01AC6BEDBDEB491F3942E0B1870EED9F.e.295","ELEMENT":"f.84765E1B68FB5990D5B9B6B6A2B6A00F.d.01AC6BEDBDEB491F3942E0B1870EED9F.e.295"}]}
COMMAND: POST /session/78806afaa9ff9027046ec8c7a0f946ae/element/f.84765E1B68FB5990D5B9B6B6A2B6A00F.d.01AC6BEDBDEB491F3942E0B1870EED9F.e.295/click - {}
COMMAND: GET /session/78806afaa9ff9027046ec8c7a0f946ae/screenshot - {}
RESULT: {}
RESULT: {}
COMMAND: GET /session/78806afaa9ff9027046ec8c7a0f946ae/screenshot - {}
RESULT: {}
RESULT: {}
COMMAND: POST /session/78806afaa9ff9027046ec8c7a0f946ae/execute/async - {"script":"<script> [1562 bytes]","args":[{"selector":{"id":"application-ruinventorylist-display-component---Master--ruLocationTypeComboBox-arrow"},"wdio_ui5_key":"applicationruinventorylist-display-component---Master--ruLocationTypeComboBox-arrow"}]}
RESULT: {"script":"<script> [1562 bytes]","args":[{"selector":{"id":"application-ruinventorylist-display-component---Master--ruLocationTypeComboBox-arrow"},"wdio_ui5_key":"applicationruinventorylist-display-component---Master--ruLocationTypeComboBox-arrow"}]}
RESULT: undefined
COMMAND: POST /session/78806afaa9ff9027046ec8c7a0f946ae/element - {"using":"xpath","value":"//*[@id=\"application-ruinventorylist-display-component---Master--ruLocationTypeComboBox-arrow\"]"}
RESULT: {"using":"xpath","value":"//*[@id=\"application-ruinventorylist-display-component---Master--ruLocationTypeComboBox-arrow\"]"}
COMMAND: POST /session/78806afaa9ff9027046ec8c7a0f946ae/element/f.84765E1B68FB5990D5B9B6B6A2B6A00F.d.01AC6BEDBDEB491F3942E0B1870EED9F.e.533/click - {}
RESULT: {}
COMMAND: GET /session/78806afaa9ff9027046ec8c7a0f946ae/screenshot - {}
RESULT: {}
COMMAND: POST /session/78806afaa9ff9027046ec8c7a0f946ae/element - {"using":"xpath","value":"//li[.//span[text()='Yard']]"}
RESULT: {"using":"xpath","value":"//li[.//span[text()='Yard']]"}
COMMAND: POST /session/78806afaa9ff9027046ec8c7a0f946ae/element/f.84765E1B68FB5990D5B9B6B6A2B6A00F.d.01AC6BEDBDEB491F3942E0B1870EED9F.e.534/click - {}
RESULT: {}
COMMAND: GET /session/78806afaa9ff9027046ec8c7a0f946ae/screenshot - {}
RESULT: {}
COMMAND: POST /session/78806afaa9ff9027046ec8c7a0f946ae/execute/async - {"script":"<script> [1562 bytes]","args":[{"selector":{"id":"application-ruinventorylist-display-component---Master--smartFilterBar-filterItemControl_BASIC-YARD-vhi"},"wdio_ui5_key":"applicationruinventorylist-display-component---Master--smartFilterBar-filterItemControl_BASIC-YARD-vhi"}]}
RESULT: {"script":"<script> [1562 bytes]","args":[{"selector":{"id":"application-ruinventorylist-display-component---Master--smartFilterBar-filterItemControl_BASIC-YARD-vhi"},"wdio_ui5_key":"applicationruinventorylist-display-component---Master--smartFilterBar-filterItemControl_BASIC-YARD-vhi"}]}
RESULT: undefined
COMMAND: POST /session/78806afaa9ff9027046ec8c7a0f946ae/element - {"using":"xpath","value":"//*[@id=\"application-ruinventorylist-display-component---Master--smartFilterBar-filterItemControl_BASIC-YARD-vhi\"]"}
RESULT: {"using":"xpath","value":"//*[@id=\"application-ruinventorylist-display-component---Master--smartFilterBar-filterItemControl_BASIC-YARD-vhi\"]"}
COMMAND: POST /session/78806afaa9ff9027046ec8c7a0f946ae/element/f.84765E1B68FB5990D5B9B6B6A2B6A00F.d.01AC6BEDBDEB491F3942E0B1870EED9F.e.572/click - {}
RESULT: {}
COMMAND: GET /session/78806afaa9ff9027046ec8c7a0f946ae/screenshot - {}
RESULT: {}
COMMAND: POST /session/78806afaa9ff9027046ec8c7a0f946ae/execute/async - {"script":"<script> [1562 bytes]","args":[{"selector":{"id":"application-ruinventorylist-display-component---Master--smartFilterBar-filterItemControl_BASIC-YARD-valueHelpDialog-smartFilterBar-btnBasicSearch","searchOpenDialogs":true,"interaction":{"idSuffix":"I"}},"wdio_ui5_key":"applicationruinventorylist-display-component---Master--smartFilterBar-filterItemControl_BASIC-YARD-valueHelpDialog-smartFilterBar-btnBasicSearch"}]}
RESULT: {"script":"<script> [1562 bytes]","args":[{"selector":{"id":"application-ruinventorylist-display-component---Master--smartFilterBar-filterItemControl_BASIC-YARD-valueHelpDialog-smartFilterBar-btnBasicSearch","searchOpenDialogs":true,"interaction":{"idSuffix":"I"}},"wdio_ui5_key":"applicationruinventorylist-display-component---Master--smartFilterBar-filterItemControl_BASIC-YARD-valueHelpDialog-smartFilterBar-btnBasicSearch"}]}
RESULT: undefined
COMMAND: POST /session/78806afaa9ff9027046ec8c7a0f946ae/execute/async - {"script":"<script> [776 bytes]","args":[{"enterText":"109","selector":{"id":"application-ruinventorylist-display-component---Master--smartFilterBar-filterItemControl_BASIC-YARD-valueHelpDialog-smartFilterBar-btnBasicSearch","searchOpenDialogs":true,"interaction":{"idSuffix":"I"}},"clearTextFirst":true,"interactionType":"ENTER_TEXT"}]}
RESULT: {"script":"<script> [776 bytes]","args":[{"enterText":"109","selector":{"id":"application-ruinventorylist-display-component---Master--smartFilterBar-filterItemControl_BASIC-YARD-valueHelpDialog-smartFilterBar-btnBasicSearch","searchOpenDialogs":true,"interaction":{"idSuffix":"I"}},"clearTextFirst":true,"interactionType":"ENTER_TEXT"}]}
COMMAND: POST /session/78806afaa9ff9027046ec8c7a0f946ae/actions - {"actions":[{"id":"action1","type":"key","parameters":{},"actions":[{"type":"keyDown","value":""},{"type":"pause","duration":10},{"type":"keyUp","value":""}]}]}
RESULT: {"actions":[{"id":"action1","type":"key","parameters":{},"actions":[{"type":"keyDown","value":""},{"type":"pause","duration":10},{"type":"keyUp","value":""}]}]}
COMMAND: GET /session/78806afaa9ff9027046ec8c7a0f946ae/screenshot - {}
RESULT: {}
COMMAND: POST /session/78806afaa9ff9027046ec8c7a0f946ae/elements - {"using":"xpath","value":"//table[contains(@id, \"filterItemControl_BASIC-YARD-valueHelpDialog-table-table\")]/tbody/tr"}
RESULT: {"using":"xpath","value":"//table[contains(@id, \"filterItemControl_BASIC-YARD-valueHelpDialog-table-table\")]/tbody/tr"}
COMMAND: POST /session/78806afaa9ff9027046ec8c7a0f946ae/element - {"using":"xpath","value":"//table[contains(@id, \"filterItemControl_BASIC-YARD-valueHelpDialog-table-table\")]/tbody/tr[1]/td[1]/div/span"}
RESULT: {"using":"xpath","value":"//table[contains(@id, \"filterItemControl_BASIC-YARD-valueHelpDialog-table-table\")]/tbody/tr[1]/td[1]/div/span"}
COMMAND: POST /session/78806afaa9ff9027046ec8c7a0f946ae/elements - {"using":"xpath","value":"//table[contains(@id, \"filterItemControl_BASIC-YARD-valueHelpDialog-table-table\")]/tbody/tr[1]/td[1]/div/span"}
RESULT: {"using":"xpath","value":"//table[contains(@id, \"filterItemControl_BASIC-YARD-valueHelpDialog-table-table\")]/tbody/tr[1]/td[1]/div/span"}
COMMAND: POST /session/78806afaa9ff9027046ec8c7a0f946ae/execute/sync - {"script":"<script> [56 bytes]","args":[{"element-6066-11e4-a52e-4f735466cecf":"f.84765E1B68FB5990D5B9B6B6A2B6A00F.d.01AC6BEDBDEB491F3942E0B1870EED9F.e.594","ELEMENT":"f.84765E1B68FB5990D5B9B6B6A2B6A00F.d.01AC6BEDBDEB491F3942E0B1870EED9F.e.594"}]}
RESULT: {"script":"<script> [56 bytes]","args":[{"element-6066-11e4-a52e-4f735466cecf":"f.84765E1B68FB5990D5B9B6B6A2B6A00F.d.01AC6BEDBDEB491F3942E0B1870EED9F.e.594","ELEMENT":"f.84765E1B68FB5990D5B9B6B6A2B6A00F.d.01AC6BEDBDEB491F3942E0B1870EED9F.e.594"}]}
COMMAND: POST /session/78806afaa9ff9027046ec8c7a0f946ae/element - {"using":"xpath","value":"//div[contains(@id, \"filterItemControl_BASIC-YARD-valueHelpDialog-table-rowsel0\")]"}
COMMAND: GET /session/78806afaa9ff9027046ec8c7a0f946ae/screenshot - {}
RESULT: {"using":"xpath","value":"//div[contains(@id, \"filterItemControl_BASIC-YARD-valueHelpDialog-table-rowsel0\")]"}
COMMAND: POST /session/78806afaa9ff9027046ec8c7a0f946ae/element/f.84765E1B68FB5990D5B9B6B6A2B6A00F.d.01AC6BEDBDEB491F3942E0B1870EED9F.e.595/click - {}
RESULT: {}
RESULT: {}
COMMAND: GET /session/78806afaa9ff9027046ec8c7a0f946ae/screenshot - {}
RESULT: {}
COMMAND: POST /session/78806afaa9ff9027046ec8c7a0f946ae/element - {"using":"xpath","value":"//div[contains(@id, \"smartFilterBar-filterItemControl_BASIC-YARD-valueHelpDialog-smartFilterBar-btnBasicSearch-reset\")]"}
RESULT: {"using":"xpath","value":"//div[contains(@id, \"smartFilterBar-filterItemControl_BASIC-YARD-valueHelpDialog-smartFilterBar-btnBasicSearch-reset\")]"}
COMMAND: POST /session/78806afaa9ff9027046ec8c7a0f946ae/element/f.84765E1B68FB5990D5B9B6B6A2B6A00F.d.01AC6BEDBDEB491F3942E0B1870EED9F.e.597/click - {}
RESULT: {}
RESULT: undefined
COMMAND: POST /session/78806afaa9ff9027046ec8c7a0f946ae/execute/async - {"script":"<script> [776 bytes]","args":[{"enterText":"OPA5_BST01_YARD1","selector":{"id":"application-ruinventorylist-display-component---Master--smartFilterBar-filterItemControl_BASIC-YARD-valueHelpDialog-smartFilterBar-btnBasicSearch","searchOpenDialogs":true,"interaction":{"idSuffix":"I"}},"clearTextFirst":true,"interactionType":"ENTER_TEXT"}]}
COMMAND: GET /session/78806afaa9ff9027046ec8c7a0f946ae/screenshot - {}
RESULT: {"script":"<script> [776 bytes]","args":[{"enterText":"OPA5_BST01_YARD1","selector":{"id":"application-ruinventorylist-display-component---Master--smartFilterBar-filterItemControl_BASIC-YARD-valueHelpDialog-smartFilterBar-btnBasicSearch","searchOpenDialogs":true,"interaction":{"idSuffix":"I"}},"clearTextFirst":true,"interactionType":"ENTER_TEXT"}]}
COMMAND: POST /session/78806afaa9ff9027046ec8c7a0f946ae/actions - {"actions":[{"id":"action2","type":"key","parameters":{},"actions":[{"type":"keyDown","value":""},{"type":"pause","duration":10},{"type":"keyUp","value":""}]}]}
RESULT: {}
RESULT: {"actions":[{"id":"action2","type":"key","parameters":{},"actions":[{"type":"keyDown","value":""},{"type":"pause","duration":10},{"type":"keyUp","value":""}]}]}
COMMAND: GET /session/78806afaa9ff9027046ec8c7a0f946ae/screenshot - {}
RESULT: {}
COMMAND: POST /session/78806afaa9ff9027046ec8c7a0f946ae/elements - {"using":"xpath","value":"//table[contains(@id, \"filterItemControl_BASIC-YARD-valueHelpDialog-table-table\")]/tbody/tr"}
RESULT: {"using":"xpath","value":"//table[contains(@id, \"filterItemControl_BASIC-YARD-valueHelpDialog-table-table\")]/tbody/tr"}
COMMAND: POST /session/78806afaa9ff9027046ec8c7a0f946ae/element - {"using":"xpath","value":"//table[contains(@id, \"filterItemControl_BASIC-YARD-valueHelpDialog-table-table\")]/tbody/tr[1]/td[1]/div/span"}
RESULT: {"using":"xpath","value":"//table[contains(@id, \"filterItemControl_BASIC-YARD-valueHelpDialog-table-table\")]/tbody/tr[1]/td[1]/div/span"}
COMMAND: POST /session/78806afaa9ff9027046ec8c7a0f946ae/elements - {"using":"xpath","value":"//table[contains(@id, \"filterItemControl_BASIC-YARD-valueHelpDialog-table-table\")]/tbody/tr[1]/td[1]/div/span"}
RESULT: {"using":"xpath","value":"//table[contains(@id, \"filterItemControl_BASIC-YARD-valueHelpDialog-table-table\")]/tbody/tr[1]/td[1]/div/span"}
COMMAND: POST /session/78806afaa9ff9027046ec8c7a0f946ae/execute/sync - {"script":"<script> [56 bytes]","args":[{"element-6066-11e4-a52e-4f735466cecf":"f.84765E1B68FB5990D5B9B6B6A2B6A00F.d.01AC6BEDBDEB491F3942E0B1870EED9F.e.594","ELEMENT":"f.84765E1B68FB5990D5B9B6B6A2B6A00F.d.01AC6BEDBDEB491F3942E0B1870EED9F.e.594"}]}
RESULT: {"script":"<script> [56 bytes]","args":[{"element-6066-11e4-a52e-4f735466cecf":"f.84765E1B68FB5990D5B9B6B6A2B6A00F.d.01AC6BEDBDEB491F3942E0B1870EED9F.e.594","ELEMENT":"f.84765E1B68FB5990D5B9B6B6A2B6A00F.d.01AC6BEDBDEB491F3942E0B1870EED9F.e.594"}]}
COMMAND: POST /session/78806afaa9ff9027046ec8c7a0f946ae/element - {"using":"xpath","value":"//div[contains(@id, \"filterItemControl_BASIC-YARD-valueHelpDialog-table-rowsel0\")]"}
COMMAND: GET /session/78806afaa9ff9027046ec8c7a0f946ae/screenshot - {}
RESULT: {"using":"xpath","value":"//div[contains(@id, \"filterItemControl_BASIC-YARD-valueHelpDialog-table-rowsel0\")]"}
COMMAND: POST /session/78806afaa9ff9027046ec8c7a0f946ae/element/f.84765E1B68FB5990D5B9B6B6A2B6A00F.d.01AC6BEDBDEB491F3942E0B1870EED9F.e.595/click - {}
RESULT: {}
RESULT: {}
COMMAND: GET /session/78806afaa9ff9027046ec8c7a0f946ae/screenshot - {}
RESULT: {}
COMMAND: POST /session/78806afaa9ff9027046ec8c7a0f946ae/element - {"using":"xpath","value":"(//bdi[contains(text(), \"OK\")])[1]"}
RESULT: {"using":"xpath","value":"(//bdi[contains(text(), \"OK\")])[1]"}
COMMAND: POST /session/78806afaa9ff9027046ec8c7a0f946ae/element/f.84765E1B68FB5990D5B9B6B6A2B6A00F.d.01AC6BEDBDEB491F3942E0B1870EED9F.e.598/click - {}
RESULT: {}
COMMAND: GET /session/78806afaa9ff9027046ec8c7a0f946ae/screenshot - {}
RESULT: {}
COMMAND: POST /session/78806afaa9ff9027046ec8c7a0f946ae/element - {"using":"xpath","value":"//span[@id=\"application-ruinventorylist-display-component---Master--smartTableRuInventoryList-header-inner\"]"}
RESULT: {"using":"xpath","value":"//span[@id=\"application-ruinventorylist-display-component---Master--smartTableRuInventoryList-header-inner\"]"}
COMMAND: POST /session/78806afaa9ff9027046ec8c7a0f946ae/elements - {"using":"xpath","value":"//span[@id=\"application-ruinventorylist-display-component---Master--smartTableRuInventoryList-header-inner\"]"}
RESULT: {"using":"xpath","value":"//span[@id=\"application-ruinventorylist-display-component---Master--smartTableRuInventoryList-header-inner\"]"}
COMMAND: POST /session/78806afaa9ff9027046ec8c7a0f946ae/execute/sync - {"script":"<script> [56 bytes]","args":[{"element-6066-11e4-a52e-4f735466cecf":"f.84765E1B68FB5990D5B9B6B6A2B6A00F.d.01AC6BEDBDEB491F3942E0B1870EED9F.e.757","ELEMENT":"f.84765E1B68FB5990D5B9B6B6A2B6A00F.d.01AC6BEDBDEB491F3942E0B1870EED9F.e.757"}]}
RESULT: {"script":"<script> [56 bytes]","args":[{"element-6066-11e4-a52e-4f735466cecf":"f.84765E1B68FB5990D5B9B6B6A2B6A00F.d.01AC6BEDBDEB491F3942E0B1870EED9F.e.757","ELEMENT":"f.84765E1B68FB5990D5B9B6B6A2B6A00F.d.01AC6BEDBDEB491F3942E0B1870EED9F.e.757"}]}
COMMAND: POST /session/78806afaa9ff9027046ec8c7a0f946ae/execute/async - {"script":"<script> [1562 bytes]","args":[{"selector":{"id":"application-ruinventorylist-display-component---Master--smartFilterBar-btnBasicSearch","interaction":{"idSuffix":"I"}},"wdio_ui5_key":"applicationruinventorylist-display-component---Master--smartFilterBar-btnBasicSearch"}]}
COMMAND: GET /session/78806afaa9ff9027046ec8c7a0f946ae/screenshot - {}
RESULT: {"script":"<script> [1562 bytes]","args":[{"selector":{"id":"application-ruinventorylist-display-component---Master--smartFilterBar-btnBasicSearch","interaction":{"idSuffix":"I"}},"wdio_ui5_key":"applicationruinventorylist-display-component---Master--smartFilterBar-btnBasicSearch"}]}
RESULT: undefined
COMMAND: POST /session/78806afaa9ff9027046ec8c7a0f946ae/execute/async - {"script":"<script> [776 bytes]","args":[{"enterText":"600002","selector":{"id":"application-ruinventorylist-display-component---Master--smartFilterBar-btnBasicSearch","interaction":{"idSuffix":"I"}},"clearTextFirst":true,"interactionType":"ENTER_TEXT"}]}
RESULT: {}
RESULT: {"script":"<script> [776 bytes]","args":[{"enterText":"600002","selector":{"id":"application-ruinventorylist-display-component---Master--smartFilterBar-btnBasicSearch","interaction":{"idSuffix":"I"}},"clearTextFirst":true,"interactionType":"ENTER_TEXT"}]}
COMMAND: POST /session/78806afaa9ff9027046ec8c7a0f946ae/actions - {"actions":[{"id":"action3","type":"key","parameters":{},"actions":[{"type":"keyDown","value":""},{"type":"pause","duration":10},{"type":"keyUp","value":""}]}]}
RESULT: {"actions":[{"id":"action3","type":"key","parameters":{},"actions":[{"type":"keyDown","value":""},{"type":"pause","duration":10},{"type":"keyUp","value":""}]}]}
COMMAND: GET /session/78806afaa9ff9027046ec8c7a0f946ae/screenshot - {}
RESULT: {}
COMMAND: POST /session/78806afaa9ff9027046ec8c7a0f946ae/element - {"using":"xpath","value":"//span[@id=\"application-ruinventorylist-display-component---Master--smartTableRuInventoryList-header-inner\"]"}
RESULT: {"using":"xpath","value":"//span[@id=\"application-ruinventorylist-display-component---Master--smartTableRuInventoryList-header-inner\"]"}
COMMAND: POST /session/78806afaa9ff9027046ec8c7a0f946ae/elements - {"using":"xpath","value":"//span[@id=\"application-ruinventorylist-display-component---Master--smartTableRuInventoryList-header-inner\"]"}
RESULT: {"using":"xpath","value":"//span[@id=\"application-ruinventorylist-display-component---Master--smartTableRuInventoryList-header-inner\"]"}
COMMAND: POST /session/78806afaa9ff9027046ec8c7a0f946ae/execute/sync - {"script":"<script> [56 bytes]","args":[{"element-6066-11e4-a52e-4f735466cecf":"f.84765E1B68FB5990D5B9B6B6A2B6A00F.d.01AC6BEDBDEB491F3942E0B1870EED9F.e.757","ELEMENT":"f.84765E1B68FB5990D5B9B6B6A2B6A00F.d.01AC6BEDBDEB491F3942E0B1870EED9F.e.757"}]}
RESULT: {"script":"<script> [56 bytes]","args":[{"element-6066-11e4-a52e-4f735466cecf":"f.84765E1B68FB5990D5B9B6B6A2B6A00F.d.01AC6BEDBDEB491F3942E0B1870EED9F.e.757","ELEMENT":"f.84765E1B68FB5990D5B9B6B6A2B6A00F.d.01AC6BEDBDEB491F3942E0B1870EED9F.e.757"}]}
COMMAND: POST /session/78806afaa9ff9027046ec8c7a0f946ae/element - {"using":"xpath","value":"//table[contains(@id, \"application-ruinventorylist-display-component---Master--tableRuInventoryList-listUl\")]/tbody/tr[1]/td[2]/div/div"}
COMMAND: GET /session/78806afaa9ff9027046ec8c7a0f946ae/screenshot - {}
RESULT: {"using":"xpath","value":"//table[contains(@id, \"application-ruinventorylist-display-component---Master--tableRuInventoryList-listUl\")]/tbody/tr[1]/td[2]/div/div"}
COMMAND: POST /session/78806afaa9ff9027046ec8c7a0f946ae/element/f.84765E1B68FB5990D5B9B6B6A2B6A00F.d.01AC6BEDBDEB491F3942E0B1870EED9F.e.762/click - {}
RESULT: {}
RESULT: {}
COMMAND: GET /session/78806afaa9ff9027046ec8c7a0f946ae/screenshot - {}
RESULT: {}
COMMAND: POST /session/78806afaa9ff9027046ec8c7a0f946ae/element - {"using":"xpath","value":"//div[contains(@id, \"smartFilterBar-btnBasicSearch-reset\")]"}
RESULT: {"using":"xpath","value":"//div[contains(@id, \"smartFilterBar-btnBasicSearch-reset\")]"}
COMMAND: POST /session/78806afaa9ff9027046ec8c7a0f946ae/element/f.84765E1B68FB5990D5B9B6B6A2B6A00F.d.01AC6BEDBDEB491F3942E0B1870EED9F.e.772/click - {}
RESULT: {}
COMMAND: GET /session/78806afaa9ff9027046ec8c7a0f946ae/screenshot - {}
RESULT: {}
RESULT: undefined
COMMAND: POST /session/78806afaa9ff9027046ec8c7a0f946ae/execute/async - {"script":"<script> [776 bytes]","args":[{"enterText":"401002","selector":{"id":"application-ruinventorylist-display-component---Master--smartFilterBar-btnBasicSearch","interaction":{"idSuffix":"I"}},"clearTextFirst":true,"interactionType":"ENTER_TEXT"}]}
RESULT: {"script":"<script> [776 bytes]","args":[{"enterText":"401002","selector":{"id":"application-ruinventorylist-display-component---Master--smartFilterBar-btnBasicSearch","interaction":{"idSuffix":"I"}},"clearTextFirst":true,"interactionType":"ENTER_TEXT"}]}
COMMAND: POST /session/78806afaa9ff9027046ec8c7a0f946ae/actions - {"actions":[{"id":"action4","type":"key","parameters":{},"actions":[{"type":"keyDown","value":""},{"type":"pause","duration":10},{"type":"keyUp","value":""}]}]}
RESULT: {"actions":[{"id":"action4","type":"key","parameters":{},"actions":[{"type":"keyDown","value":""},{"type":"pause","duration":10},{"type":"keyUp","value":""}]}]}
COMMAND: GET /session/78806afaa9ff9027046ec8c7a0f946ae/screenshot - {}
RESULT: {}
COMMAND: POST /session/78806afaa9ff9027046ec8c7a0f946ae/element - {"using":"xpath","value":"//span[@id=\"application-ruinventorylist-display-component---Master--smartTableRuInventoryList-header-inner\"]"}
RESULT: {"using":"xpath","value":"//span[@id=\"application-ruinventorylist-display-component---Master--smartTableRuInventoryList-header-inner\"]"}
COMMAND: POST /session/78806afaa9ff9027046ec8c7a0f946ae/elements - {"using":"xpath","value":"//span[@id=\"application-ruinventorylist-display-component---Master--smartTableRuInventoryList-header-inner\"]"}
RESULT: {"using":"xpath","value":"//span[@id=\"application-ruinventorylist-display-component---Master--smartTableRuInventoryList-header-inner\"]"}
COMMAND: POST /session/78806afaa9ff9027046ec8c7a0f946ae/execute/sync - {"script":"<script> [56 bytes]","args":[{"element-6066-11e4-a52e-4f735466cecf":"f.84765E1B68FB5990D5B9B6B6A2B6A00F.d.01AC6BEDBDEB491F3942E0B1870EED9F.e.757","ELEMENT":"f.84765E1B68FB5990D5B9B6B6A2B6A00F.d.01AC6BEDBDEB491F3942E0B1870EED9F.e.757"}]}
RESULT: {"script":"<script> [56 bytes]","args":[{"element-6066-11e4-a52e-4f735466cecf":"f.84765E1B68FB5990D5B9B6B6A2B6A00F.d.01AC6BEDBDEB491F3942E0B1870EED9F.e.757","ELEMENT":"f.84765E1B68FB5990D5B9B6B6A2B6A00F.d.01AC6BEDBDEB491F3942E0B1870EED9F.e.757"}]}
COMMAND: POST /session/78806afaa9ff9027046ec8c7a0f946ae/element - {"using":"xpath","value":"//table[contains(@id, \"application-ruinventorylist-display-component---Master--tableRuInventoryList-listUl\")]/tbody/tr[1]/td[2]/div/div"}
COMMAND: GET /session/78806afaa9ff9027046ec8c7a0f946ae/screenshot - {}
RESULT: {"using":"xpath","value":"//table[contains(@id, \"application-ruinventorylist-display-component---Master--tableRuInventoryList-listUl\")]/tbody/tr[1]/td[2]/div/div"}
COMMAND: POST /session/78806afaa9ff9027046ec8c7a0f946ae/element/f.84765E1B68FB5990D5B9B6B6A2B6A00F.d.01AC6BEDBDEB491F3942E0B1870EED9F.e.924/click - {}
RESULT: {}
RESULT: {}
COMMAND: GET /session/78806afaa9ff9027046ec8c7a0f946ae/screenshot - {}
RESULT: {}
COMMAND: POST /session/78806afaa9ff9027046ec8c7a0f946ae/element - {"using":"xpath","value":"//div[contains(@id, \"smartFilterBar-btnBasicSearch-reset\")]"}
RESULT: {"using":"xpath","value":"//div[contains(@id, \"smartFilterBar-btnBasicSearch-reset\")]"}
COMMAND: POST /session/78806afaa9ff9027046ec8c7a0f946ae/element/f.84765E1B68FB5990D5B9B6B6A2B6A00F.d.01AC6BEDBDEB491F3942E0B1870EED9F.e.772/click - {}
RESULT: {}
COMMAND: GET /session/78806afaa9ff9027046ec8c7a0f946ae/screenshot - {}
RESULT: {}
COMMAND: POST /session/78806afaa9ff9027046ec8c7a0f946ae/element/f.84765E1B68FB5990D5B9B6B6A2B6A00F.d.01AC6BEDBDEB491F3942E0B1870EED9F.e.295/click - {}
RESULT: {}
COMMAND: GET /session/78806afaa9ff9027046ec8c7a0f946ae/screenshot - {}
RESULT: {}
COMMAND: POST /session/78806afaa9ff9027046ec8c7a0f946ae/execute/async - {"script":"<script> [1562 bytes]","args":[{"selector":{"controlType":"sap.m.Title","viewName":"etm.portal.ui.ruinventorylist.view.Master","viewId":"application-ruinventorylist-display-component---Master","properties":{"text":"Mass State Change"},"searchOpenDialogs":true},"wdio_ui5_key":"etmportal.ui.ruinventorylist.view.Mastersap.m.Title{\"text\":\"Mass State Change\"}"}]}
RESULT: {"script":"<script> [1562 bytes]","args":[{"selector":{"controlType":"sap.m.Title","viewName":"etm.portal.ui.ruinventorylist.view.Master","viewId":"application-ruinventorylist-display-component---Master","properties":{"text":"Mass State Change"},"searchOpenDialogs":true},"wdio_ui5_key":"etmportal.ui.ruinventorylist.view.Mastersap.m.Title{\"text\":\"Mass State Change\"}"}]}
RESULT: undefined
COMMAND: POST /session/78806afaa9ff9027046ec8c7a0f946ae/execute/async - {"script":"<script> [6424 bytes]","args":[{"element-6066-11e4-a52e-4f735466cecf":"f.84765E1B68FB5990D5B9B6B6A2B6A00F.d.01AC6BEDBDEB491F3942E0B1870EED9F.e.1091"},"getText",[]]}
RESULT: {"script":"<script> [6424 bytes]","args":[{"element-6066-11e4-a52e-4f735466cecf":"f.84765E1B68FB5990D5B9B6B6A2B6A00F.d.01AC6BEDBDEB491F3942E0B1870EED9F.e.1091"},"getText",[]]}
COMMAND: POST /session/78806afaa9ff9027046ec8c7a0f946ae/element - {"using":"xpath","value":"(//bdi[contains(text(), \"OK\")])[1]"}
RESULT: {"using":"xpath","value":"(//bdi[contains(text(), \"OK\")])[1]"}
COMMAND: POST /session/78806afaa9ff9027046ec8c7a0f946ae/element/f.84765E1B68FB5990D5B9B6B6A2B6A00F.d.01AC6BEDBDEB491F3942E0B1870EED9F.e.1092/click - {}
RESULT: {}
COMMAND: GET /session/78806afaa9ff9027046ec8c7a0f946ae/screenshot - {}
RESULT: {}
COMMAND: POST /session/78806afaa9ff9027046ec8c7a0f946ae/element - {"using":"css selector","value":"div.sapMMessageBoxError"}
RESULT: {"using":"css selector","value":"div.sapMMessageBoxError"}
COMMAND: POST /session/78806afaa9ff9027046ec8c7a0f946ae/elements - {"using":"css selector","value":"div.sapMMessageBoxError"}
RESULT: {"using":"css selector","value":"div.sapMMessageBoxError"}
COMMAND: POST /session/78806afaa9ff9027046ec8c7a0f946ae/element - {"using":"xpath","value":"(//bdi[contains(text(), \"Close\")])[1]"}
RESULT: {"using":"xpath","value":"(//bdi[contains(text(), \"Close\")])[1]"}
COMMAND: POST /session/78806afaa9ff9027046ec8c7a0f946ae/element/f.84765E1B68FB5990D5B9B6B6A2B6A00F.d.01AC6BEDBDEB491F3942E0B1870EED9F.e.1096/click - {}
RESULT: {}
COMMAND: GET /session/78806afaa9ff9027046ec8c7a0f946ae/screenshot - {}
RESULT: {}
COMMAND: POST /session/78806afaa9ff9027046ec8c7a0f946ae/execute/async - {"script":"<script> [1562 bytes]","args":[{"selector":{"id":"application-ruinventorylist-display-component---Master--ruStateTypes-arrow","searchOpenDialogs":true},"wdio_ui5_key":"applicationruinventorylist-display-component---Master--ruStateTypes-arrow"}]}
RESULT: {"script":"<script> [1562 bytes]","args":[{"selector":{"id":"application-ruinventorylist-display-component---Master--ruStateTypes-arrow","searchOpenDialogs":true},"wdio_ui5_key":"applicationruinventorylist-display-component---Master--ruStateTypes-arrow"}]}
RESULT: undefined
COMMAND: POST /session/78806afaa9ff9027046ec8c7a0f946ae/element - {"using":"xpath","value":"//*[@id=\"application-ruinventorylist-display-component---Master--ruStateTypes-arrow\"]"}
RESULT: {"using":"xpath","value":"//*[@id=\"application-ruinventorylist-display-component---Master--ruStateTypes-arrow\"]"}
COMMAND: POST /session/78806afaa9ff9027046ec8c7a0f946ae/element/f.84765E1B68FB5990D5B9B6B6A2B6A00F.d.01AC6BEDBDEB491F3942E0B1870EED9F.e.1098/click - {}
RESULT: {}
COMMAND: GET /session/78806afaa9ff9027046ec8c7a0f946ae/screenshot - {}
RESULT: {}
COMMAND: POST /session/78806afaa9ff9027046ec8c7a0f946ae/element - {"using":"xpath","value":"//li[.//span[text()=\"defect\"]]"}
RESULT: {"using":"xpath","value":"//li[.//span[text()=\"defect\"]]"}
COMMAND: POST /session/78806afaa9ff9027046ec8c7a0f946ae/element/f.84765E1B68FB5990D5B9B6B6A2B6A00F.d.01AC6BEDBDEB491F3942E0B1870EED9F.e.1099/click - {}
RESULT: {}
COMMAND: GET /session/78806afaa9ff9027046ec8c7a0f946ae/screenshot - {}
RESULT: {}
COMMAND: POST /session/78806afaa9ff9027046ec8c7a0f946ae/element - {"using":"xpath","value":"(//span[@data-kt=\"trashMassStateChangeIcon\"])[1]"}
RESULT: {"using":"xpath","value":"(//span[@data-kt=\"trashMassStateChangeIcon\"])[1]"}
COMMAND: POST /session/78806afaa9ff9027046ec8c7a0f946ae/element/f.84765E1B68FB5990D5B9B6B6A2B6A00F.d.01AC6BEDBDEB491F3942E0B1870EED9F.e.1100/click - {}
RESULT: {}
COMMAND: GET /session/78806afaa9ff9027046ec8c7a0f946ae/screenshot - {}
RESULT: {}
COMMAND: POST /session/78806afaa9ff9027046ec8c7a0f946ae/element - {"using":"xpath","value":"//table[contains(@id, \"massStateChangeTable-listUl\")]/tbody/tr[1]/td[11]/div/div/div/input"}
RESULT: {"using":"xpath","value":"//table[contains(@id, \"massStateChangeTable-listUl\")]/tbody/tr[1]/td[11]/div/div/div/input"}
COMMAND: GET /session/78806afaa9ff9027046ec8c7a0f946ae/element/f.84765E1B68FB5990D5B9B6B6A2B6A00F.d.01AC6BEDBDEB491F3942E0B1870EED9F.e.1085/property/value - {}
RESULT: {}
COMMAND: POST /session/78806afaa9ff9027046ec8c7a0f946ae/element - {"using":"xpath","value":"(//span[@data-kt=\"trashMassStateChangeIcon\"])[2]"}
COMMAND: GET /session/78806afaa9ff9027046ec8c7a0f946ae/screenshot - {}
RESULT: {"using":"xpath","value":"(//span[@data-kt=\"trashMassStateChangeIcon\"])[2]"}
COMMAND: POST /session/78806afaa9ff9027046ec8c7a0f946ae/element/f.84765E1B68FB5990D5B9B6B6A2B6A00F.d.01AC6BEDBDEB491F3942E0B1870EED9F.e.1102/click - {}
RESULT: {}
RESULT: {}
COMMAND: GET /session/78806afaa9ff9027046ec8c7a0f946ae/screenshot - {}
RESULT: {}
COMMAND: POST /session/78806afaa9ff9027046ec8c7a0f946ae/element - {"using":"xpath","value":"//table[contains(@id, \"massStateChangeTable-listUl\")]/tbody/tr[2]/td[11]/div/div/div/input"}
RESULT: {"using":"xpath","value":"//table[contains(@id, \"massStateChangeTable-listUl\")]/tbody/tr[2]/td[11]/div/div/div/input"}
COMMAND: GET /session/78806afaa9ff9027046ec8c7a0f946ae/element/f.84765E1B68FB5990D5B9B6B6A2B6A00F.d.01AC6BEDBDEB491F3942E0B1870EED9F.e.1089/property/value - {}
RESULT: {}
COMMAND: POST /session/78806afaa9ff9027046ec8c7a0f946ae/element - {"using":"xpath","value":"//table[contains(@id, \"massStateChangeTable-listUl\")]/tbody/tr[1]/td[10]/div/span/span[1]"}
COMMAND: GET /session/78806afaa9ff9027046ec8c7a0f946ae/screenshot - {}
RESULT: {"using":"xpath","value":"//table[contains(@id, \"massStateChangeTable-listUl\")]/tbody/tr[1]/td[10]/div/span/span[1]"}
COMMAND: POST /session/78806afaa9ff9027046ec8c7a0f946ae/execute/sync - {"script":"<script> [56 bytes]","args":[{"element-6066-11e4-a52e-4f735466cecf":"f.84765E1B68FB5990D5B9B6B6A2B6A00F.d.01AC6BEDBDEB491F3942E0B1870EED9F.e.1104","ELEMENT":"f.84765E1B68FB5990D5B9B6B6A2B6A00F.d.01AC6BEDBDEB491F3942E0B1870EED9F.e.1104"}]}
RESULT: {}
RESULT: {"script":"<script> [56 bytes]","args":[{"element-6066-11e4-a52e-4f735466cecf":"f.84765E1B68FB5990D5B9B6B6A2B6A00F.d.01AC6BEDBDEB491F3942E0B1870EED9F.e.1104","ELEMENT":"f.84765E1B68FB5990D5B9B6B6A2B6A00F.d.01AC6BEDBDEB491F3942E0B1870EED9F.e.1104"}]}
COMMAND: POST /session/78806afaa9ff9027046ec8c7a0f946ae/element - {"using":"xpath","value":"//table[contains(@id, \"massStateChangeTable-listUl\")]/tbody/tr[1]/td[11]/div/div/div/div[2]/span"}
COMMAND: GET /session/78806afaa9ff9027046ec8c7a0f946ae/screenshot - {}
RESULT: {"using":"xpath","value":"//table[contains(@id, \"massStateChangeTable-listUl\")]/tbody/tr[1]/td[11]/div/div/div/div[2]/span"}
COMMAND: POST /session/78806afaa9ff9027046ec8c7a0f946ae/element/f.84765E1B68FB5990D5B9B6B6A2B6A00F.d.01AC6BEDBDEB491F3942E0B1870EED9F.e.1105/click - {}
RESULT: {}
RESULT: {}
COMMAND: GET /session/78806afaa9ff9027046ec8c7a0f946ae/screenshot - {}
RESULT: {}
COMMAND: POST /session/78806afaa9ff9027046ec8c7a0f946ae/element - {"using":"xpath","value":"//table[contains(@id, \"massStateChangeTable-listUl\")]/tbody/tr[1]/td[11]/div/div/div/div[2]/span"}
RESULT: {"using":"xpath","value":"//table[contains(@id, \"massStateChangeTable-listUl\")]/tbody/tr[1]/td[11]/div/div/div/div[2]/span"}
COMMAND: POST /session/78806afaa9ff9027046ec8c7a0f946ae/element/f.84765E1B68FB5990D5B9B6B6A2B6A00F.d.01AC6BEDBDEB491F3942E0B1870EED9F.e.1105/click - {}
RESULT: {}
COMMAND: GET /session/78806afaa9ff9027046ec8c7a0f946ae/screenshot - {}
RESULT: {}
COMMAND: POST /session/78806afaa9ff9027046ec8c7a0f946ae/element - {"using":"xpath","value":"//table[contains(@id, \"massStateChangeTable-listUl\")]/tbody/tr[1]/td[11]/div/div/div/div[2]/span"}
RESULT: {"using":"xpath","value":"//table[contains(@id, \"massStateChangeTable-listUl\")]/tbody/tr[1]/td[11]/div/div/div/div[2]/span"}
COMMAND: POST /session/78806afaa9ff9027046ec8c7a0f946ae/element/f.84765E1B68FB5990D5B9B6B6A2B6A00F.d.01AC6BEDBDEB491F3942E0B1870EED9F.e.1105/click - {}
RESULT: {}
COMMAND: GET /session/78806afaa9ff9027046ec8c7a0f946ae/screenshot - {}
RESULT: {}
COMMAND: POST /session/78806afaa9ff9027046ec8c7a0f946ae/element - {"using":"xpath","value":"//table[contains(@id, \"massStateChangeTable-listUl\")]/tbody/tr[1]/td[11]/div/div/div/div[2]/span"}
RESULT: {"using":"xpath","value":"//table[contains(@id, \"massStateChangeTable-listUl\")]/tbody/tr[1]/td[11]/div/div/div/div[2]/span"}
COMMAND: POST /session/78806afaa9ff9027046ec8c7a0f946ae/element/f.84765E1B68FB5990D5B9B6B6A2B6A00F.d.01AC6BEDBDEB491F3942E0B1870EED9F.e.1105/click - {}
RESULT: {}
COMMAND: GET /session/78806afaa9ff9027046ec8c7a0f946ae/screenshot - {}
RESULT: {}
COMMAND: POST /session/78806afaa9ff9027046ec8c7a0f946ae/element - {"using":"xpath","value":"//table[contains(@id, \"massStateChangeTable-listUl\")]/tbody/tr[1]/td[11]/div/div/div/div[2]/span"}
RESULT: {"using":"xpath","value":"//table[contains(@id, \"massStateChangeTable-listUl\")]/tbody/tr[1]/td[11]/div/div/div/div[2]/span"}
COMMAND: POST /session/78806afaa9ff9027046ec8c7a0f946ae/element/f.84765E1B68FB5990D5B9B6B6A2B6A00F.d.01AC6BEDBDEB491F3942E0B1870EED9F.e.1105/click - {}
RESULT: {}
COMMAND: GET /session/78806afaa9ff9027046ec8c7a0f946ae/screenshot - {}
RESULT: {}
COMMAND: POST /session/78806afaa9ff9027046ec8c7a0f946ae/element - {"using":"xpath","value":"//table[contains(@id, \"massStateChangeTable-listUl\")]/tbody/tr[1]/td[11]/div/div/div/div[2]/span"}
RESULT: {"using":"xpath","value":"//table[contains(@id, \"massStateChangeTable-listUl\")]/tbody/tr[1]/td[11]/div/div/div/div[2]/span"}
COMMAND: POST /session/78806afaa9ff9027046ec8c7a0f946ae/element/f.84765E1B68FB5990D5B9B6B6A2B6A00F.d.01AC6BEDBDEB491F3942E0B1870EED9F.e.1105/click - {}
RESULT: {}
COMMAND: GET /session/78806afaa9ff9027046ec8c7a0f946ae/screenshot - {}
RESULT: {}
COMMAND: POST /session/78806afaa9ff9027046ec8c7a0f946ae/element - {"using":"xpath","value":"//table[contains(@id, \"massStateChangeTable-listUl\")]/tbody/tr[1]/td[11]/div/div/div/div[2]/span"}
RESULT: {"using":"xpath","value":"//table[contains(@id, \"massStateChangeTable-listUl\")]/tbody/tr[1]/td[11]/div/div/div/div[2]/span"}
COMMAND: POST /session/78806afaa9ff9027046ec8c7a0f946ae/element/f.84765E1B68FB5990D5B9B6B6A2B6A00F.d.01AC6BEDBDEB491F3942E0B1870EED9F.e.1105/click - {}
RESULT: {}
COMMAND: GET /session/78806afaa9ff9027046ec8c7a0f946ae/screenshot - {}
RESULT: {}
COMMAND: POST /session/78806afaa9ff9027046ec8c7a0f946ae/element - {"using":"xpath","value":"//table[contains(@id, \"massStateChangeTable-listUl\")]/tbody/tr[1]/td[11]/div/div/div/div[2]/span"}
RESULT: {"using":"xpath","value":"//table[contains(@id, \"massStateChangeTable-listUl\")]/tbody/tr[1]/td[11]/div/div/div/div[2]/span"}
COMMAND: POST /session/78806afaa9ff9027046ec8c7a0f946ae/element/f.84765E1B68FB5990D5B9B6B6A2B6A00F.d.01AC6BEDBDEB491F3942E0B1870EED9F.e.1105/click - {}
RESULT: {}
COMMAND: GET /session/78806afaa9ff9027046ec8c7a0f946ae/screenshot - {}
RESULT: {}
COMMAND: POST /session/78806afaa9ff9027046ec8c7a0f946ae/element - {"using":"xpath","value":"//table[contains(@id, \"massStateChangeTable-listUl\")]/tbody/tr[1]/td[11]/div/div/div/div[2]/span"}
RESULT: {"using":"xpath","value":"//table[contains(@id, \"massStateChangeTable-listUl\")]/tbody/tr[1]/td[11]/div/div/div/div[2]/span"}
COMMAND: POST /session/78806afaa9ff9027046ec8c7a0f946ae/element/f.84765E1B68FB5990D5B9B6B6A2B6A00F.d.01AC6BEDBDEB491F3942E0B1870EED9F.e.1105/click - {}
RESULT: {}
COMMAND: GET /session/78806afaa9ff9027046ec8c7a0f946ae/screenshot - {}
RESULT: {}
COMMAND: POST /session/78806afaa9ff9027046ec8c7a0f946ae/element - {"using":"xpath","value":"//table[contains(@id, \"massStateChangeTable-listUl\")]/tbody/tr[1]/td[11]/div/div/div/div[2]/span"}
RESULT: {"using":"xpath","value":"//table[contains(@id, \"massStateChangeTable-listUl\")]/tbody/tr[1]/td[11]/div/div/div/div[2]/span"}
COMMAND: POST /session/78806afaa9ff9027046ec8c7a0f946ae/element/f.84765E1B68FB5990D5B9B6B6A2B6A00F.d.01AC6BEDBDEB491F3942E0B1870EED9F.e.1105/click - {}
RESULT: {}
COMMAND: GET /session/78806afaa9ff9027046ec8c7a0f946ae/screenshot - {}
RESULT: {}
COMMAND: POST /session/78806afaa9ff9027046ec8c7a0f946ae/element - {"using":"xpath","value":"//table[contains(@id, \"massStateChangeTable-listUl\")]/tbody/tr[1]/td[11]/div/div/div/div[2]/span"}
RESULT: {"using":"xpath","value":"//table[contains(@id, \"massStateChangeTable-listUl\")]/tbody/tr[1]/td[11]/div/div/div/div[2]/span"}
COMMAND: POST /session/78806afaa9ff9027046ec8c7a0f946ae/element/f.84765E1B68FB5990D5B9B6B6A2B6A00F.d.01AC6BEDBDEB491F3942E0B1870EED9F.e.1105/click - {}
RESULT: {}
COMMAND: GET /session/78806afaa9ff9027046ec8c7a0f946ae/screenshot - {}
RESULT: {}
COMMAND: POST /session/78806afaa9ff9027046ec8c7a0f946ae/element - {"using":"xpath","value":"//table[contains(@id, \"massStateChangeTable-listUl\")]/tbody/tr[1]/td[11]/div/div/div/div[2]/span"}
RESULT: {"using":"xpath","value":"//table[contains(@id, \"massStateChangeTable-listUl\")]/tbody/tr[1]/td[11]/div/div/div/div[2]/span"}
COMMAND: POST /session/78806afaa9ff9027046ec8c7a0f946ae/element/f.84765E1B68FB5990D5B9B6B6A2B6A00F.d.01AC6BEDBDEB491F3942E0B1870EED9F.e.1105/click - {}
RESULT: {}
COMMAND: GET /session/78806afaa9ff9027046ec8c7a0f946ae/screenshot - {}
RESULT: {}
COMMAND: POST /session/78806afaa9ff9027046ec8c7a0f946ae/element - {"using":"xpath","value":"//table[contains(@id, \"massStateChangeTable-listUl\")]/tbody/tr[1]/td[11]/div/div/div/div[2]/span"}
RESULT: {"using":"xpath","value":"//table[contains(@id, \"massStateChangeTable-listUl\")]/tbody/tr[1]/td[11]/div/div/div/div[2]/span"}
COMMAND: POST /session/78806afaa9ff9027046ec8c7a0f946ae/element/f.84765E1B68FB5990D5B9B6B6A2B6A00F.d.01AC6BEDBDEB491F3942E0B1870EED9F.e.1105/click - {}
RESULT: {}
COMMAND: GET /session/78806afaa9ff9027046ec8c7a0f946ae/screenshot - {}
RESULT: {}
COMMAND: POST /session/78806afaa9ff9027046ec8c7a0f946ae/element - {"using":"xpath","value":"//table[contains(@id, \"massStateChangeTable-listUl\")]/tbody/tr[1]/td[11]/div/div/div/div[2]/span"}
RESULT: {"using":"xpath","value":"//table[contains(@id, \"massStateChangeTable-listUl\")]/tbody/tr[1]/td[11]/div/div/div/div[2]/span"}
COMMAND: POST /session/78806afaa9ff9027046ec8c7a0f946ae/element/f.84765E1B68FB5990D5B9B6B6A2B6A00F.d.01AC6BEDBDEB491F3942E0B1870EED9F.e.1105/click - {}
RESULT: {}
COMMAND: GET /session/78806afaa9ff9027046ec8c7a0f946ae/screenshot - {}
RESULT: {}
COMMAND: POST /session/78806afaa9ff9027046ec8c7a0f946ae/element - {"using":"xpath","value":"//table[contains(@id, \"massStateChangeTable-listUl\")]/tbody/tr[1]/td[11]/div/div/div/div[2]/span"}
RESULT: {"using":"xpath","value":"//table[contains(@id, \"massStateChangeTable-listUl\")]/tbody/tr[1]/td[11]/div/div/div/div[2]/span"}
COMMAND: POST /session/78806afaa9ff9027046ec8c7a0f946ae/element/f.84765E1B68FB5990D5B9B6B6A2B6A00F.d.01AC6BEDBDEB491F3942E0B1870EED9F.e.1105/click - {}
RESULT: {}
COMMAND: GET /session/78806afaa9ff9027046ec8c7a0f946ae/screenshot - {}
RESULT: {}
COMMAND: POST /session/78806afaa9ff9027046ec8c7a0f946ae/element - {"using":"xpath","value":"//table[contains(@id, \"massStateChangeTable-listUl\")]/tbody/tr[1]/td[11]/div/div/div/div[2]/span"}
RESULT: {"using":"xpath","value":"//table[contains(@id, \"massStateChangeTable-listUl\")]/tbody/tr[1]/td[11]/div/div/div/div[2]/span"}
COMMAND: POST /session/78806afaa9ff9027046ec8c7a0f946ae/element/f.84765E1B68FB5990D5B9B6B6A2B6A00F.d.01AC6BEDBDEB491F3942E0B1870EED9F.e.1105/click - {}
RESULT: {}
COMMAND: GET /session/78806afaa9ff9027046ec8c7a0f946ae/screenshot - {}
RESULT: {}
COMMAND: POST /session/78806afaa9ff9027046ec8c7a0f946ae/element - {"using":"xpath","value":"//table[contains(@id, \"massStateChangeTable-listUl\")]/tbody/tr[1]/td[11]/div/div/div/div[2]/span"}
RESULT: {"using":"xpath","value":"//table[contains(@id, \"massStateChangeTable-listUl\")]/tbody/tr[1]/td[11]/div/div/div/div[2]/span"}
COMMAND: POST /session/78806afaa9ff9027046ec8c7a0f946ae/element/f.84765E1B68FB5990D5B9B6B6A2B6A00F.d.01AC6BEDBDEB491F3942E0B1870EED9F.e.1105/click - {}
RESULT: {}
COMMAND: GET /session/78806afaa9ff9027046ec8c7a0f946ae/screenshot - {}
RESULT: {}
COMMAND: POST /session/78806afaa9ff9027046ec8c7a0f946ae/element - {"using":"xpath","value":"//table[contains(@id, \"massStateChangeTable-listUl\")]/tbody/tr[1]/td[11]/div/div/div/div[2]/span"}
RESULT: {"using":"xpath","value":"//table[contains(@id, \"massStateChangeTable-listUl\")]/tbody/tr[1]/td[11]/div/div/div/div[2]/span"}
COMMAND: POST /session/78806afaa9ff9027046ec8c7a0f946ae/element/f.84765E1B68FB5990D5B9B6B6A2B6A00F.d.01AC6BEDBDEB491F3942E0B1870EED9F.e.1105/click - {}
RESULT: {}
COMMAND: GET /session/78806afaa9ff9027046ec8c7a0f946ae/screenshot - {}
RESULT: {}
COMMAND: POST /session/78806afaa9ff9027046ec8c7a0f946ae/element - {"using":"xpath","value":"//table[contains(@id, \"massStateChangeTable-listUl\")]/tbody/tr[1]/td[11]/div/div/div/div[2]/span"}
RESULT: {"using":"xpath","value":"//table[contains(@id, \"massStateChangeTable-listUl\")]/tbody/tr[1]/td[11]/div/div/div/div[2]/span"}
COMMAND: POST /session/78806afaa9ff9027046ec8c7a0f946ae/element/f.84765E1B68FB5990D5B9B6B6A2B6A00F.d.01AC6BEDBDEB491F3942E0B1870EED9F.e.1105/click - {}
RESULT: {}
COMMAND: GET /session/78806afaa9ff9027046ec8c7a0f946ae/screenshot - {}
RESULT: {}
COMMAND: POST /session/78806afaa9ff9027046ec8c7a0f946ae/element - {"using":"xpath","value":"//table[contains(@id, \"massStateChangeTable-listUl\")]/tbody/tr[1]/td[11]/div/div/div/div[2]/span"}
RESULT: {"using":"xpath","value":"//table[contains(@id, \"massStateChangeTable-listUl\")]/tbody/tr[1]/td[11]/div/div/div/div[2]/span"}
COMMAND: POST /session/78806afaa9ff9027046ec8c7a0f946ae/element/f.84765E1B68FB5990D5B9B6B6A2B6A00F.d.01AC6BEDBDEB491F3942E0B1870EED9F.e.1105/click - {}
RESULT: {}
COMMAND: GET /session/78806afaa9ff9027046ec8c7a0f946ae/screenshot - {}
RESULT: {}
COMMAND: POST /session/78806afaa9ff9027046ec8c7a0f946ae/element - {"using":"xpath","value":"//table[contains(@id, \"massStateChangeTable-listUl\")]/tbody/tr[1]/td[11]/div/div/div/div[2]/span"}
RESULT: {"using":"xpath","value":"//table[contains(@id, \"massStateChangeTable-listUl\")]/tbody/tr[1]/td[11]/div/div/div/div[2]/span"}
COMMAND: POST /session/78806afaa9ff9027046ec8c7a0f946ae/element/f.84765E1B68FB5990D5B9B6B6A2B6A00F.d.01AC6BEDBDEB491F3942E0B1870EED9F.e.1105/click - {}
RESULT: {}
COMMAND: GET /session/78806afaa9ff9027046ec8c7a0f946ae/screenshot - {}
RESULT: {}
COMMAND: POST /session/78806afaa9ff9027046ec8c7a0f946ae/element - {"using":"xpath","value":"//table[contains(@id, \"massStateChangeTable-listUl\")]/tbody/tr[1]/td[11]/div/div/div/div[2]/span"}
RESULT: {"using":"xpath","value":"//table[contains(@id, \"massStateChangeTable-listUl\")]/tbody/tr[1]/td[11]/div/div/div/div[2]/span"}
COMMAND: POST /session/78806afaa9ff9027046ec8c7a0f946ae/element/f.84765E1B68FB5990D5B9B6B6A2B6A00F.d.01AC6BEDBDEB491F3942E0B1870EED9F.e.1105/click - {}
RESULT: {}
COMMAND: GET /session/78806afaa9ff9027046ec8c7a0f946ae/screenshot - {}
RESULT: {}
COMMAND: POST /session/78806afaa9ff9027046ec8c7a0f946ae/element - {"using":"xpath","value":"//table[contains(@id, \"massStateChangeTable-listUl\")]/tbody/tr[1]/td[11]/div/div/div/div[2]/span"}
RESULT: {"using":"xpath","value":"//table[contains(@id, \"massStateChangeTable-listUl\")]/tbody/tr[1]/td[11]/div/div/div/div[2]/span"}
COMMAND: POST /session/78806afaa9ff9027046ec8c7a0f946ae/element/f.84765E1B68FB5990D5B9B6B6A2B6A00F.d.01AC6BEDBDEB491F3942E0B1870EED9F.e.1105/click - {}
RESULT: {}
COMMAND: GET /session/78806afaa9ff9027046ec8c7a0f946ae/screenshot - {}
RESULT: {}
COMMAND: POST /session/78806afaa9ff9027046ec8c7a0f946ae/element - {"using":"xpath","value":"//table[contains(@id, \"massStateChangeTable-listUl\")]/tbody/tr[1]/td[11]/div/div/div/div[2]/span"}
RESULT: {"using":"xpath","value":"//table[contains(@id, \"massStateChangeTable-listUl\")]/tbody/tr[1]/td[11]/div/div/div/div[2]/span"}
COMMAND: POST /session/78806afaa9ff9027046ec8c7a0f946ae/element/f.84765E1B68FB5990D5B9B6B6A2B6A00F.d.01AC6BEDBDEB491F3942E0B1870EED9F.e.1105/click - {}
RESULT: {}
COMMAND: GET /session/78806afaa9ff9027046ec8c7a0f946ae/screenshot - {}
RESULT: {}
COMMAND: POST /session/78806afaa9ff9027046ec8c7a0f946ae/element - {"using":"xpath","value":"//table[contains(@id, \"massStateChangeTable-listUl\")]/tbody/tr[1]/td[11]/div/div/div/div[2]/span"}
RESULT: {"using":"xpath","value":"//table[contains(@id, \"massStateChangeTable-listUl\")]/tbody/tr[1]/td[11]/div/div/div/div[2]/span"}
COMMAND: POST /session/78806afaa9ff9027046ec8c7a0f946ae/element/f.84765E1B68FB5990D5B9B6B6A2B6A00F.d.01AC6BEDBDEB491F3942E0B1870EED9F.e.1105/click - {}
RESULT: {}
COMMAND: GET /session/78806afaa9ff9027046ec8c7a0f946ae/screenshot - {}
RESULT: {}
COMMAND: POST /session/78806afaa9ff9027046ec8c7a0f946ae/element - {"using":"xpath","value":"//table[contains(@id, \"massStateChangeTable-listUl\")]/tbody/tr[1]/td[11]/div/div/div/div[2]/span"}
RESULT: {"using":"xpath","value":"//table[contains(@id, \"massStateChangeTable-listUl\")]/tbody/tr[1]/td[11]/div/div/div/div[2]/span"}
COMMAND: POST /session/78806afaa9ff9027046ec8c7a0f946ae/element/f.84765E1B68FB5990D5B9B6B6A2B6A00F.d.01AC6BEDBDEB491F3942E0B1870EED9F.e.1105/click - {}
RESULT: {}
COMMAND: GET /session/78806afaa9ff9027046ec8c7a0f946ae/screenshot - {}
RESULT: {}
COMMAND: POST /session/78806afaa9ff9027046ec8c7a0f946ae/element - {"using":"xpath","value":"//table[contains(@id, \"massStateChangeTable-listUl\")]/tbody/tr[1]/td[11]/div/div/div/div[2]/span"}
RESULT: {"using":"xpath","value":"//table[contains(@id, \"massStateChangeTable-listUl\")]/tbody/tr[1]/td[11]/div/div/div/div[2]/span"}
COMMAND: POST /session/78806afaa9ff9027046ec8c7a0f946ae/element/f.84765E1B68FB5990D5B9B6B6A2B6A00F.d.01AC6BEDBDEB491F3942E0B1870EED9F.e.1105/click - {}
RESULT: {}
COMMAND: GET /session/78806afaa9ff9027046ec8c7a0f946ae/screenshot - {}
RESULT: {}
COMMAND: POST /session/78806afaa9ff9027046ec8c7a0f946ae/element - {"using":"xpath","value":"//table[contains(@id, \"massStateChangeTable-listUl\")]/tbody/tr[1]/td[11]/div/div/div/div[2]/span"}
RESULT: {"using":"xpath","value":"//table[contains(@id, \"massStateChangeTable-listUl\")]/tbody/tr[1]/td[11]/div/div/div/div[2]/span"}
COMMAND: POST /session/78806afaa9ff9027046ec8c7a0f946ae/element/f.84765E1B68FB5990D5B9B6B6A2B6A00F.d.01AC6BEDBDEB491F3942E0B1870EED9F.e.1105/click - {}
RESULT: {}
COMMAND: GET /session/78806afaa9ff9027046ec8c7a0f946ae/screenshot - {}
RESULT: {}
COMMAND: POST /session/78806afaa9ff9027046ec8c7a0f946ae/element - {"using":"xpath","value":"//table[contains(@id, \"massStateChangeTable-listUl\")]/tbody/tr[1]/td[11]/div/div/div/div[2]/span"}
RESULT: {"using":"xpath","value":"//table[contains(@id, \"massStateChangeTable-listUl\")]/tbody/tr[1]/td[11]/div/div/div/div[2]/span"}
COMMAND: POST /session/78806afaa9ff9027046ec8c7a0f946ae/element/f.84765E1B68FB5990D5B9B6B6A2B6A00F.d.01AC6BEDBDEB491F3942E0B1870EED9F.e.1105/click - {}
RESULT: {}
COMMAND: GET /session/78806afaa9ff9027046ec8c7a0f946ae/screenshot - {}
RESULT: {}
COMMAND: POST /session/78806afaa9ff9027046ec8c7a0f946ae/element - {"using":"xpath","value":"//table[contains(@id, \"massStateChangeTable-listUl\")]/tbody/tr[1]/td[11]/div/div/div/div[2]/span"}
RESULT: {"using":"xpath","value":"//table[contains(@id, \"massStateChangeTable-listUl\")]/tbody/tr[1]/td[11]/div/div/div/div[2]/span"}
COMMAND: POST /session/78806afaa9ff9027046ec8c7a0f946ae/element/f.84765E1B68FB5990D5B9B6B6A2B6A00F.d.01AC6BEDBDEB491F3942E0B1870EED9F.e.1105/click - {}
RESULT: {}
COMMAND: GET /session/78806afaa9ff9027046ec8c7a0f946ae/screenshot - {}
RESULT: {}
COMMAND: POST /session/78806afaa9ff9027046ec8c7a0f946ae/element - {"using":"xpath","value":"//table[contains(@id, \"massStateChangeTable-listUl\")]/tbody/tr[1]/td[11]/div/div/div/div[2]/span"}
RESULT: {"using":"xpath","value":"//table[contains(@id, \"massStateChangeTable-listUl\")]/tbody/tr[1]/td[11]/div/div/div/div[2]/span"}
COMMAND: POST /session/78806afaa9ff9027046ec8c7a0f946ae/element/f.84765E1B68FB5990D5B9B6B6A2B6A00F.d.01AC6BEDBDEB491F3942E0B1870EED9F.e.1105/click - {}
RESULT: {}
COMMAND: GET /session/78806afaa9ff9027046ec8c7a0f946ae/screenshot - {}
RESULT: {}
COMMAND: POST /session/78806afaa9ff9027046ec8c7a0f946ae/element - {"using":"xpath","value":"//table[contains(@id, \"massStateChangeTable-listUl\")]/tbody/tr[1]/td[11]/div/div/div/div[2]/span"}
RESULT: {"using":"xpath","value":"//table[contains(@id, \"massStateChangeTable-listUl\")]/tbody/tr[1]/td[11]/div/div/div/div[2]/span"}
COMMAND: POST /session/78806afaa9ff9027046ec8c7a0f946ae/element/f.84765E1B68FB5990D5B9B6B6A2B6A00F.d.01AC6BEDBDEB491F3942E0B1870EED9F.e.1105/click - {}
RESULT: {}
COMMAND: GET /session/78806afaa9ff9027046ec8c7a0f946ae/screenshot - {}
RESULT: {}
COMMAND: POST /session/78806afaa9ff9027046ec8c7a0f946ae/element - {"using":"xpath","value":"//table[contains(@id, \"massStateChangeTable-listUl\")]/tbody/tr[1]/td[11]/div/div/div/div[2]/span"}
RESULT: {"using":"xpath","value":"//table[contains(@id, \"massStateChangeTable-listUl\")]/tbody/tr[1]/td[11]/div/div/div/div[2]/span"}
COMMAND: POST /session/78806afaa9ff9027046ec8c7a0f946ae/element/f.84765E1B68FB5990D5B9B6B6A2B6A00F.d.01AC6BEDBDEB491F3942E0B1870EED9F.e.1105/click - {}
RESULT: {}
COMMAND: GET /session/78806afaa9ff9027046ec8c7a0f946ae/screenshot - {}
RESULT: {}
COMMAND: POST /session/78806afaa9ff9027046ec8c7a0f946ae/element - {"using":"xpath","value":"//table[contains(@id, \"massStateChangeTable-listUl\")]/tbody/tr[1]/td[11]/div/div/div/div[2]/span"}
RESULT: {"using":"xpath","value":"//table[contains(@id, \"massStateChangeTable-listUl\")]/tbody/tr[1]/td[11]/div/div/div/div[2]/span"}
COMMAND: POST /session/78806afaa9ff9027046ec8c7a0f946ae/element/f.84765E1B68FB5990D5B9B6B6A2B6A00F.d.01AC6BEDBDEB491F3942E0B1870EED9F.e.1105/click - {}
RESULT: {}
COMMAND: GET /session/78806afaa9ff9027046ec8c7a0f946ae/screenshot - {}
RESULT: {}
COMMAND: POST /session/78806afaa9ff9027046ec8c7a0f946ae/element - {"using":"xpath","value":"//table[contains(@id, \"massStateChangeTable-listUl\")]/tbody/tr[1]/td[11]/div/div/div/div[2]/span"}
RESULT: {"using":"xpath","value":"//table[contains(@id, \"massStateChangeTable-listUl\")]/tbody/tr[1]/td[11]/div/div/div/div[2]/span"}
COMMAND: POST /session/78806afaa9ff9027046ec8c7a0f946ae/element/f.84765E1B68FB5990D5B9B6B6A2B6A00F.d.01AC6BEDBDEB491F3942E0B1870EED9F.e.1105/click - {}
RESULT: {}
COMMAND: GET /session/78806afaa9ff9027046ec8c7a0f946ae/screenshot - {}
RESULT: {}
COMMAND: POST /session/78806afaa9ff9027046ec8c7a0f946ae/element - {"using":"xpath","value":"//table[contains(@id, \"massStateChangeTable-listUl\")]/tbody/tr[1]/td[11]/div/div/div/div[2]/span"}
RESULT: {"using":"xpath","value":"//table[contains(@id, \"massStateChangeTable-listUl\")]/tbody/tr[1]/td[11]/div/div/div/div[2]/span"}
COMMAND: POST /session/78806afaa9ff9027046ec8c7a0f946ae/element/f.84765E1B68FB5990D5B9B6B6A2B6A00F.d.01AC6BEDBDEB491F3942E0B1870EED9F.e.1105/click - {}
RESULT: {}
COMMAND: GET /session/78806afaa9ff9027046ec8c7a0f946ae/screenshot - {}
RESULT: {}
COMMAND: POST /session/78806afaa9ff9027046ec8c7a0f946ae/element - {"using":"xpath","value":"//table[contains(@id, \"massStateChangeTable-listUl\")]/tbody/tr[1]/td[11]/div/div/div/div[2]/span"}
RESULT: {"using":"xpath","value":"//table[contains(@id, \"massStateChangeTable-listUl\")]/tbody/tr[1]/td[11]/div/div/div/div[2]/span"}
COMMAND: POST /session/78806afaa9ff9027046ec8c7a0f946ae/element/f.84765E1B68FB5990D5B9B6B6A2B6A00F.d.01AC6BEDBDEB491F3942E0B1870EED9F.e.1105/click - {}
RESULT: {}
COMMAND: GET /session/78806afaa9ff9027046ec8c7a0f946ae/screenshot - {}
RESULT: {}
COMMAND: POST /session/78806afaa9ff9027046ec8c7a0f946ae/element - {"using":"xpath","value":"//table[contains(@id, \"massStateChangeTable-listUl\")]/tbody/tr[1]/td[11]/div/div/div/div[2]/span"}
RESULT: {"using":"xpath","value":"//table[contains(@id, \"massStateChangeTable-listUl\")]/tbody/tr[1]/td[11]/div/div/div/div[2]/span"}
COMMAND: POST /session/78806afaa9ff9027046ec8c7a0f946ae/element/f.84765E1B68FB5990D5B9B6B6A2B6A00F.d.01AC6BEDBDEB491F3942E0B1870EED9F.e.1105/click - {}
RESULT: {}
COMMAND: GET /session/78806afaa9ff9027046ec8c7a0f946ae/screenshot - {}
RESULT: {}
COMMAND: POST /session/78806afaa9ff9027046ec8c7a0f946ae/element - {"using":"xpath","value":"//table[contains(@id, \"massStateChangeTable-listUl\")]/tbody/tr[1]/td[11]/div/div/div/div[2]/span"}
RESULT: {"using":"xpath","value":"//table[contains(@id, \"massStateChangeTable-listUl\")]/tbody/tr[1]/td[11]/div/div/div/div[2]/span"}
COMMAND: POST /session/78806afaa9ff9027046ec8c7a0f946ae/element/f.84765E1B68FB5990D5B9B6B6A2B6A00F.d.01AC6BEDBDEB491F3942E0B1870EED9F.e.1105/click - {}
RESULT: {}
COMMAND: GET /session/78806afaa9ff9027046ec8c7a0f946ae/screenshot - {}
RESULT: {}
COMMAND: POST /session/78806afaa9ff9027046ec8c7a0f946ae/element - {"using":"xpath","value":"//table[contains(@id, \"massStateChangeTable-listUl\")]/tbody/tr[1]/td[11]/div/div/div/div[2]/span"}
RESULT: {"using":"xpath","value":"//table[contains(@id, \"massStateChangeTable-listUl\")]/tbody/tr[1]/td[11]/div/div/div/div[2]/span"}
COMMAND: POST /session/78806afaa9ff9027046ec8c7a0f946ae/element/f.84765E1B68FB5990D5B9B6B6A2B6A00F.d.01AC6BEDBDEB491F3942E0B1870EED9F.e.1105/click - {}
RESULT: {}
COMMAND: GET /session/78806afaa9ff9027046ec8c7a0f946ae/screenshot - {}
RESULT: {}
COMMAND: POST /session/78806afaa9ff9027046ec8c7a0f946ae/element - {"using":"xpath","value":"//table[contains(@id, \"massStateChangeTable-listUl\")]/tbody/tr[1]/td[11]/div/div/div/div[2]/span"}
RESULT: {"using":"xpath","value":"//table[contains(@id, \"massStateChangeTable-listUl\")]/tbody/tr[1]/td[11]/div/div/div/div[2]/span"}
COMMAND: POST /session/78806afaa9ff9027046ec8c7a0f946ae/element/f.84765E1B68FB5990D5B9B6B6A2B6A00F.d.01AC6BEDBDEB491F3942E0B1870EED9F.e.1105/click - {}
RESULT: {}
COMMAND: GET /session/78806afaa9ff9027046ec8c7a0f946ae/screenshot - {}
RESULT: {}
COMMAND: POST /session/78806afaa9ff9027046ec8c7a0f946ae/element - {"using":"xpath","value":"//table[contains(@id, \"massStateChangeTable-listUl\")]/tbody/tr[1]/td[11]/div/div/div/div[2]/span"}
RESULT: {"using":"xpath","value":"//table[contains(@id, \"massStateChangeTable-listUl\")]/tbody/tr[1]/td[11]/div/div/div/div[2]/span"}
COMMAND: POST /session/78806afaa9ff9027046ec8c7a0f946ae/element/f.84765E1B68FB5990D5B9B6B6A2B6A00F.d.01AC6BEDBDEB491F3942E0B1870EED9F.e.1105/click - {}
RESULT: {}
COMMAND: GET /session/78806afaa9ff9027046ec8c7a0f946ae/screenshot - {}
RESULT: {}
COMMAND: POST /session/78806afaa9ff9027046ec8c7a0f946ae/element - {"using":"xpath","value":"//table[contains(@id, \"massStateChangeTable-listUl\")]/tbody/tr[1]/td[11]/div/div/div/div[2]/span"}
RESULT: {"using":"xpath","value":"//table[contains(@id, \"massStateChangeTable-listUl\")]/tbody/tr[1]/td[11]/div/div/div/div[2]/span"}
COMMAND: POST /session/78806afaa9ff9027046ec8c7a0f946ae/element/f.84765E1B68FB5990D5B9B6B6A2B6A00F.d.01AC6BEDBDEB491F3942E0B1870EED9F.e.1105/click - {}
RESULT: {}
COMMAND: GET /session/78806afaa9ff9027046ec8c7a0f946ae/screenshot - {}
RESULT: {}
COMMAND: POST /session/78806afaa9ff9027046ec8c7a0f946ae/element - {"using":"xpath","value":"//table[contains(@id, \"massStateChangeTable-listUl\")]/tbody/tr[1]/td[11]/div/div/div/div[2]/span"}
RESULT: {"using":"xpath","value":"//table[contains(@id, \"massStateChangeTable-listUl\")]/tbody/tr[1]/td[11]/div/div/div/div[2]/span"}
COMMAND: POST /session/78806afaa9ff9027046ec8c7a0f946ae/element/f.84765E1B68FB5990D5B9B6B6A2B6A00F.d.01AC6BEDBDEB491F3942E0B1870EED9F.e.1105/click - {}
RESULT: {}
COMMAND: GET /session/78806afaa9ff9027046ec8c7a0f946ae/screenshot - {}
RESULT: {}
COMMAND: POST /session/78806afaa9ff9027046ec8c7a0f946ae/element - {"using":"xpath","value":"//table[contains(@id, \"massStateChangeTable-listUl\")]/tbody/tr[1]/td[11]/div/div/div/div[2]/span"}
RESULT: {"using":"xpath","value":"//table[contains(@id, \"massStateChangeTable-listUl\")]/tbody/tr[1]/td[11]/div/div/div/div[2]/span"}
COMMAND: POST /session/78806afaa9ff9027046ec8c7a0f946ae/element/f.84765E1B68FB5990D5B9B6B6A2B6A00F.d.01AC6BEDBDEB491F3942E0B1870EED9F.e.1105/click - {}
RESULT: {}
COMMAND: GET /session/78806afaa9ff9027046ec8c7a0f946ae/screenshot - {}
RESULT: {}
COMMAND: POST /session/78806afaa9ff9027046ec8c7a0f946ae/element - {"using":"xpath","value":"//table[contains(@id, \"massStateChangeTable-listUl\")]/tbody/tr[1]/td[11]/div/div/div/div[2]/span"}
RESULT: {"using":"xpath","value":"//table[contains(@id, \"massStateChangeTable-listUl\")]/tbody/tr[1]/td[11]/div/div/div/div[2]/span"}
COMMAND: POST /session/78806afaa9ff9027046ec8c7a0f946ae/element/f.84765E1B68FB5990D5B9B6B6A2B6A00F.d.01AC6BEDBDEB491F3942E0B1870EED9F.e.1105/click - {}
RESULT: {}
COMMAND: GET /session/78806afaa9ff9027046ec8c7a0f946ae/screenshot - {}
RESULT: {}
COMMAND: POST /session/78806afaa9ff9027046ec8c7a0f946ae/element - {"using":"xpath","value":"//table[contains(@id, \"massStateChangeTable-listUl\")]/tbody/tr[1]/td[11]/div/div/div/div[2]/span"}
RESULT: {"using":"xpath","value":"//table[contains(@id, \"massStateChangeTable-listUl\")]/tbody/tr[1]/td[11]/div/div/div/div[2]/span"}
COMMAND: POST /session/78806afaa9ff9027046ec8c7a0f946ae/element/f.84765E1B68FB5990D5B9B6B6A2B6A00F.d.01AC6BEDBDEB491F3942E0B1870EED9F.e.1105/click - {}
RESULT: {}
COMMAND: GET /session/78806afaa9ff9027046ec8c7a0f946ae/screenshot - {}
RESULT: {}
COMMAND: POST /session/78806afaa9ff9027046ec8c7a0f946ae/element - {"using":"xpath","value":"//table[contains(@id, \"massStateChangeTable-listUl\")]/tbody/tr[1]/td[11]/div/div/div/div[2]/span"}
RESULT: {"using":"xpath","value":"//table[contains(@id, \"massStateChangeTable-listUl\")]/tbody/tr[1]/td[11]/div/div/div/div[2]/span"}
COMMAND: POST /session/78806afaa9ff9027046ec8c7a0f946ae/element/f.84765E1B68FB5990D5B9B6B6A2B6A00F.d.01AC6BEDBDEB491F3942E0B1870EED9F.e.1105/click - {}
RESULT: {}
COMMAND: GET /session/78806afaa9ff9027046ec8c7a0f946ae/screenshot - {}
RESULT: {}
COMMAND: POST /session/78806afaa9ff9027046ec8c7a0f946ae/element - {"using":"xpath","value":"//table[contains(@id, \"massStateChangeTable-listUl\")]/tbody/tr[1]/td[11]/div/div/div/div[2]/span"}
RESULT: {"using":"xpath","value":"//table[contains(@id, \"massStateChangeTable-listUl\")]/tbody/tr[1]/td[11]/div/div/div/div[2]/span"}
COMMAND: POST /session/78806afaa9ff9027046ec8c7a0f946ae/element/f.84765E1B68FB5990D5B9B6B6A2B6A00F.d.01AC6BEDBDEB491F3942E0B1870EED9F.e.1105/click - {}
RESULT: {}
COMMAND: GET /session/78806afaa9ff9027046ec8c7a0f946ae/screenshot - {}
RESULT: {}
COMMAND: POST /session/78806afaa9ff9027046ec8c7a0f946ae/element - {"using":"xpath","value":"//table[contains(@id, \"massStateChangeTable-listUl\")]/tbody/tr[1]/td[11]/div/div/div/div[2]/span"}
RESULT: {"using":"xpath","value":"//table[contains(@id, \"massStateChangeTable-listUl\")]/tbody/tr[1]/td[11]/div/div/div/div[2]/span"}
COMMAND: POST /session/78806afaa9ff9027046ec8c7a0f946ae/element/f.84765E1B68FB5990D5B9B6B6A2B6A00F.d.01AC6BEDBDEB491F3942E0B1870EED9F.e.1105/click - {}
RESULT: {}
COMMAND: GET /session/78806afaa9ff9027046ec8c7a0f946ae/screenshot - {}
RESULT: {}
COMMAND: POST /session/78806afaa9ff9027046ec8c7a0f946ae/element - {"using":"xpath","value":"//table[contains(@id, \"massStateChangeTable-listUl\")]/tbody/tr[2]/td[11]/div/div/div/div[2]/span"}
RESULT: {"using":"xpath","value":"//table[contains(@id, \"massStateChangeTable-listUl\")]/tbody/tr[2]/td[11]/div/div/div/div[2]/span"}
COMMAND: POST /session/78806afaa9ff9027046ec8c7a0f946ae/element/f.84765E1B68FB5990D5B9B6B6A2B6A00F.d.01AC6BEDBDEB491F3942E0B1870EED9F.e.1106/click - {}
RESULT: {}
COMMAND: GET /session/78806afaa9ff9027046ec8c7a0f946ae/screenshot - {}
RESULT: {}
COMMAND: POST /session/78806afaa9ff9027046ec8c7a0f946ae/element - {"using":"xpath","value":"//table[contains(@id, \"massStateChangeTable-listUl\")]/tbody/tr[1]/td[11]/div/div/div/input"}
RESULT: {"using":"xpath","value":"//table[contains(@id, \"massStateChangeTable-listUl\")]/tbody/tr[1]/td[11]/div/div/div/input"}
COMMAND: GET /session/78806afaa9ff9027046ec8c7a0f946ae/element/f.84765E1B68FB5990D5B9B6B6A2B6A00F.d.01AC6BEDBDEB491F3942E0B1870EED9F.e.1085/property/value - {}
RESULT: {}
COMMAND: POST /session/78806afaa9ff9027046ec8c7a0f946ae/element - {"using":"xpath","value":"//table[contains(@id, \"massStateChangeTable-listUl\")]/tbody/tr[2]/td[11]/div/div/div/input"}
COMMAND: GET /session/78806afaa9ff9027046ec8c7a0f946ae/screenshot - {}
RESULT: {"using":"xpath","value":"//table[contains(@id, \"massStateChangeTable-listUl\")]/tbody/tr[2]/td[11]/div/div/div/input"}
COMMAND: GET /session/78806afaa9ff9027046ec8c7a0f946ae/element/f.84765E1B68FB5990D5B9B6B6A2B6A00F.d.01AC6BEDBDEB491F3942E0B1870EED9F.e.1089/property/value - {}
RESULT: {}
RESULT: {}
COMMAND: POST /session/78806afaa9ff9027046ec8c7a0f946ae/element - {"using":"xpath","value":"(//bdi[contains(text(), \"OK\")])[1]"}
COMMAND: GET /session/78806afaa9ff9027046ec8c7a0f946ae/screenshot - {}
RESULT: {"using":"xpath","value":"(//bdi[contains(text(), \"OK\")])[1]"}
COMMAND: POST /session/78806afaa9ff9027046ec8c7a0f946ae/element/f.84765E1B68FB5990D5B9B6B6A2B6A00F.d.01AC6BEDBDEB491F3942E0B1870EED9F.e.1092/click - {}
RESULT: {}
RESULT: {}
COMMAND: GET /session/78806afaa9ff9027046ec8c7a0f946ae/screenshot - {}
RESULT: {}
COMMAND: POST /session/78806afaa9ff9027046ec8c7a0f946ae/element - {"using":"xpath","value":"(//bdi[contains(text(), \"OK\")])[2]"}
RESULT: {"using":"xpath","value":"(//bdi[contains(text(), \"OK\")])[2]"}
COMMAND: POST /session/78806afaa9ff9027046ec8c7a0f946ae/element/f.84765E1B68FB5990D5B9B6B6A2B6A00F.d.01AC6BEDBDEB491F3942E0B1870EED9F.e.1109/click - {}
RESULT: {}
COMMAND: GET /session/78806afaa9ff9027046ec8c7a0f946ae/screenshot - {}
RESULT: {}
RESULT: undefined
COMMAND: POST /session/78806afaa9ff9027046ec8c7a0f946ae/execute/async - {"script":"<script> [776 bytes]","args":[{"enterText":"600002","selector":{"id":"application-ruinventorylist-display-component---Master--smartFilterBar-btnBasicSearch","interaction":{"idSuffix":"I"}},"clearTextFirst":true,"interactionType":"ENTER_TEXT"}]}
RESULT: {"script":"<script> [776 bytes]","args":[{"enterText":"600002","selector":{"id":"application-ruinventorylist-display-component---Master--smartFilterBar-btnBasicSearch","interaction":{"idSuffix":"I"}},"clearTextFirst":true,"interactionType":"ENTER_TEXT"}]}
COMMAND: POST /session/78806afaa9ff9027046ec8c7a0f946ae/actions - {"actions":[{"id":"action5","type":"key","parameters":{},"actions":[{"type":"keyDown","value":""},{"type":"pause","duration":10},{"type":"keyUp","value":""}]}]}
RESULT: {"actions":[{"id":"action5","type":"key","parameters":{},"actions":[{"type":"keyDown","value":""},{"type":"pause","duration":10},{"type":"keyUp","value":""}]}]}
COMMAND: GET /session/78806afaa9ff9027046ec8c7a0f946ae/screenshot - {}
RESULT: {}
COMMAND: POST /session/78806afaa9ff9027046ec8c7a0f946ae/element - {"using":"xpath","value":"//span[@id=\"application-ruinventorylist-display-component---Master--smartTableRuInventoryList-header-inner\"]"}
RESULT: {"using":"xpath","value":"//span[@id=\"application-ruinventorylist-display-component---Master--smartTableRuInventoryList-header-inner\"]"}
COMMAND: POST /session/78806afaa9ff9027046ec8c7a0f946ae/elements - {"using":"xpath","value":"//span[@id=\"application-ruinventorylist-display-component---Master--smartTableRuInventoryList-header-inner\"]"}
RESULT: {"using":"xpath","value":"//span[@id=\"application-ruinventorylist-display-component---Master--smartTableRuInventoryList-header-inner\"]"}
COMMAND: POST /session/78806afaa9ff9027046ec8c7a0f946ae/execute/sync - {"script":"<script> [56 bytes]","args":[{"element-6066-11e4-a52e-4f735466cecf":"f.84765E1B68FB5990D5B9B6B6A2B6A00F.d.01AC6BEDBDEB491F3942E0B1870EED9F.e.757","ELEMENT":"f.84765E1B68FB5990D5B9B6B6A2B6A00F.d.01AC6BEDBDEB491F3942E0B1870EED9F.e.757"}]}
RESULT: {"script":"<script> [56 bytes]","args":[{"element-6066-11e4-a52e-4f735466cecf":"f.84765E1B68FB5990D5B9B6B6A2B6A00F.d.01AC6BEDBDEB491F3942E0B1870EED9F.e.757","ELEMENT":"f.84765E1B68FB5990D5B9B6B6A2B6A00F.d.01AC6BEDBDEB491F3942E0B1870EED9F.e.757"}]}
COMMAND: POST /session/78806afaa9ff9027046ec8c7a0f946ae/element - {"using":"xpath","value":"//table[contains(@id, \"application-ruinventorylist-display-component---Master--tableRuInventoryList-listUl\")]/tbody/tr[1]/td[6]/div/span"}
COMMAND: GET /session/78806afaa9ff9027046ec8c7a0f946ae/screenshot - {}
RESULT: {"using":"xpath","value":"//table[contains(@id, \"application-ruinventorylist-display-component---Master--tableRuInventoryList-listUl\")]/tbody/tr[1]/td[6]/div/span"}
COMMAND: POST /session/78806afaa9ff9027046ec8c7a0f946ae/execute/sync - {"script":"<script> [56 bytes]","args":[{"element-6066-11e4-a52e-4f735466cecf":"f.84765E1B68FB5990D5B9B6B6A2B6A00F.d.01AC6BEDBDEB491F3942E0B1870EED9F.e.1130","ELEMENT":"f.84765E1B68FB5990D5B9B6B6A2B6A00F.d.01AC6BEDBDEB491F3942E0B1870EED9F.e.1130"}]}
RESULT: {}
RESULT: {"script":"<script> [56 bytes]","args":[{"element-6066-11e4-a52e-4f735466cecf":"f.84765E1B68FB5990D5B9B6B6A2B6A00F.d.01AC6BEDBDEB491F3942E0B1870EED9F.e.1130","ELEMENT":"f.84765E1B68FB5990D5B9B6B6A2B6A00F.d.01AC6BEDBDEB491F3942E0B1870EED9F.e.1130"}]}
COMMAND: POST /session/78806afaa9ff9027046ec8c7a0f946ae/element - {"using":"xpath","value":"//div[contains(@id, \"smartFilterBar-btnBasicSearch-reset\")]"}
COMMAND: GET /session/78806afaa9ff9027046ec8c7a0f946ae/screenshot - {}
RESULT: {"using":"xpath","value":"//div[contains(@id, \"smartFilterBar-btnBasicSearch-reset\")]"}
COMMAND: POST /session/78806afaa9ff9027046ec8c7a0f946ae/element/f.84765E1B68FB5990D5B9B6B6A2B6A00F.d.01AC6BEDBDEB491F3942E0B1870EED9F.e.772/click - {}
RESULT: {}
RESULT: {}
COMMAND: GET /session/78806afaa9ff9027046ec8c7a0f946ae/screenshot - {}
RESULT: {}
RESULT: undefined
COMMAND: POST /session/78806afaa9ff9027046ec8c7a0f946ae/execute/async - {"script":"<script> [776 bytes]","args":[{"enterText":"401002","selector":{"id":"application-ruinventorylist-display-component---Master--smartFilterBar-btnBasicSearch","interaction":{"idSuffix":"I"}},"clearTextFirst":true,"interactionType":"ENTER_TEXT"}]}
RESULT: {"script":"<script> [776 bytes]","args":[{"enterText":"401002","selector":{"id":"application-ruinventorylist-display-component---Master--smartFilterBar-btnBasicSearch","interaction":{"idSuffix":"I"}},"clearTextFirst":true,"interactionType":"ENTER_TEXT"}]}
COMMAND: POST /session/78806afaa9ff9027046ec8c7a0f946ae/actions - {"actions":[{"id":"action6","type":"key","parameters":{},"actions":[{"type":"keyDown","value":""},{"type":"pause","duration":10},{"type":"keyUp","value":""}]}]}
RESULT: {"actions":[{"id":"action6","type":"key","parameters":{},"actions":[{"type":"keyDown","value":""},{"type":"pause","duration":10},{"type":"keyUp","value":""}]}]}
COMMAND: GET /session/78806afaa9ff9027046ec8c7a0f946ae/screenshot - {}
RESULT: {}
COMMAND: POST /session/78806afaa9ff9027046ec8c7a0f946ae/element - {"using":"xpath","value":"//span[@id=\"application-ruinventorylist-display-component---Master--smartTableRuInventoryList-header-inner\"]"}
RESULT: {"using":"xpath","value":"//span[@id=\"application-ruinventorylist-display-component---Master--smartTableRuInventoryList-header-inner\"]"}
COMMAND: POST /session/78806afaa9ff9027046ec8c7a0f946ae/elements - {"using":"xpath","value":"//span[@id=\"application-ruinventorylist-display-component---Master--smartTableRuInventoryList-header-inner\"]"}
RESULT: {"using":"xpath","value":"//span[@id=\"application-ruinventorylist-display-component---Master--smartTableRuInventoryList-header-inner\"]"}
COMMAND: POST /session/78806afaa9ff9027046ec8c7a0f946ae/execute/sync - {"script":"<script> [56 bytes]","args":[{"element-6066-11e4-a52e-4f735466cecf":"f.84765E1B68FB5990D5B9B6B6A2B6A00F.d.01AC6BEDBDEB491F3942E0B1870EED9F.e.757","ELEMENT":"f.84765E1B68FB5990D5B9B6B6A2B6A00F.d.01AC6BEDBDEB491F3942E0B1870EED9F.e.757"}]}
RESULT: {"script":"<script> [56 bytes]","args":[{"element-6066-11e4-a52e-4f735466cecf":"f.84765E1B68FB5990D5B9B6B6A2B6A00F.d.01AC6BEDBDEB491F3942E0B1870EED9F.e.757","ELEMENT":"f.84765E1B68FB5990D5B9B6B6A2B6A00F.d.01AC6BEDBDEB491F3942E0B1870EED9F.e.757"}]}
COMMAND: POST /session/78806afaa9ff9027046ec8c7a0f946ae/element - {"using":"xpath","value":"//table[contains(@id, \"application-ruinventorylist-display-component---Master--tableRuInventoryList-listUl\")]/tbody/tr[1]/td[6]/div/span"}
COMMAND: GET /session/78806afaa9ff9027046ec8c7a0f946ae/screenshot - {}
RESULT: {"using":"xpath","value":"//table[contains(@id, \"application-ruinventorylist-display-component---Master--tableRuInventoryList-listUl\")]/tbody/tr[1]/td[6]/div/span"}
COMMAND: POST /session/78806afaa9ff9027046ec8c7a0f946ae/execute/sync - {"script":"<script> [56 bytes]","args":[{"element-6066-11e4-a52e-4f735466cecf":"f.84765E1B68FB5990D5B9B6B6A2B6A00F.d.01AC6BEDBDEB491F3942E0B1870EED9F.e.1215","ELEMENT":"f.84765E1B68FB5990D5B9B6B6A2B6A00F.d.01AC6BEDBDEB491F3942E0B1870EED9F.e.1215"}]}
RESULT: {}
RESULT: {"script":"<script> [56 bytes]","args":[{"element-6066-11e4-a52e-4f735466cecf":"f.84765E1B68FB5990D5B9B6B6A2B6A00F.d.01AC6BEDBDEB491F3942E0B1870EED9F.e.1215","ELEMENT":"f.84765E1B68FB5990D5B9B6B6A2B6A00F.d.01AC6BEDBDEB491F3942E0B1870EED9F.e.1215"}]}
COMMAND: POST /session/78806afaa9ff9027046ec8c7a0f946ae/element - {"using":"xpath","value":"//div[contains(@id, \"smartFilterBar-btnBasicSearch-reset\")]"}
COMMAND: GET /session/78806afaa9ff9027046ec8c7a0f946ae/screenshot - {}
RESULT: {"using":"xpath","value":"//div[contains(@id, \"smartFilterBar-btnBasicSearch-reset\")]"}
COMMAND: POST /session/78806afaa9ff9027046ec8c7a0f946ae/element/f.84765E1B68FB5990D5B9B6B6A2B6A00F.d.01AC6BEDBDEB491F3942E0B1870EED9F.e.772/click - {}
RESULT: {}
RESULT: {}
COMMAND: GET /session/78806afaa9ff9027046ec8c7a0f946ae/screenshot - {}
RESULT: {}
COMMAND: POST /session/78806afaa9ff9027046ec8c7a0f946ae/element/f.84765E1B68FB5990D5B9B6B6A2B6A00F.d.01AC6BEDBDEB491F3942E0B1870EED9F.e.295/click - {}
RESULT: {}
COMMAND: GET /session/78806afaa9ff9027046ec8c7a0f946ae/screenshot - {}
RESULT: {}
RESULT: undefined
COMMAND: POST /session/78806afaa9ff9027046ec8c7a0f946ae/execute/async - {"script":"<script> [776 bytes]","args":[{"enterText":"600002","selector":{"id":"application-ruinventorylist-display-component---Master--smartFilterBar-btnBasicSearch","interaction":{"idSuffix":"I"}},"clearTextFirst":true,"interactionType":"ENTER_TEXT"}]}
RESULT: {"script":"<script> [776 bytes]","args":[{"enterText":"600002","selector":{"id":"application-ruinventorylist-display-component---Master--smartFilterBar-btnBasicSearch","interaction":{"idSuffix":"I"}},"clearTextFirst":true,"interactionType":"ENTER_TEXT"}]}
COMMAND: POST /session/78806afaa9ff9027046ec8c7a0f946ae/actions - {"actions":[{"id":"action7","type":"key","parameters":{},"actions":[{"type":"keyDown","value":""},{"type":"pause","duration":10},{"type":"keyUp","value":""}]}]}
RESULT: {"actions":[{"id":"action7","type":"key","parameters":{},"actions":[{"type":"keyDown","value":""},{"type":"pause","duration":10},{"type":"keyUp","value":""}]}]}
COMMAND: GET /session/78806afaa9ff9027046ec8c7a0f946ae/screenshot - {}
RESULT: {}
COMMAND: POST /session/78806afaa9ff9027046ec8c7a0f946ae/element - {"using":"xpath","value":"//span[@id=\"application-ruinventorylist-display-component---Master--smartTableRuInventoryList-header-inner\"]"}
RESULT: {"using":"xpath","value":"//span[@id=\"application-ruinventorylist-display-component---Master--smartTableRuInventoryList-header-inner\"]"}
COMMAND: POST /session/78806afaa9ff9027046ec8c7a0f946ae/elements - {"using":"xpath","value":"//span[@id=\"application-ruinventorylist-display-component---Master--smartTableRuInventoryList-header-inner\"]"}
RESULT: {"using":"xpath","value":"//span[@id=\"application-ruinventorylist-display-component---Master--smartTableRuInventoryList-header-inner\"]"}
COMMAND: POST /session/78806afaa9ff9027046ec8c7a0f946ae/execute/sync - {"script":"<script> [56 bytes]","args":[{"element-6066-11e4-a52e-4f735466cecf":"f.84765E1B68FB5990D5B9B6B6A2B6A00F.d.01AC6BEDBDEB491F3942E0B1870EED9F.e.757","ELEMENT":"f.84765E1B68FB5990D5B9B6B6A2B6A00F.d.01AC6BEDBDEB491F3942E0B1870EED9F.e.757"}]}
RESULT: {"script":"<script> [56 bytes]","args":[{"element-6066-11e4-a52e-4f735466cecf":"f.84765E1B68FB5990D5B9B6B6A2B6A00F.d.01AC6BEDBDEB491F3942E0B1870EED9F.e.757","ELEMENT":"f.84765E1B68FB5990D5B9B6B6A2B6A00F.d.01AC6BEDBDEB491F3942E0B1870EED9F.e.757"}]}
COMMAND: POST /session/78806afaa9ff9027046ec8c7a0f946ae/element - {"using":"xpath","value":"//table[contains(@id, \"application-ruinventorylist-display-component---Master--tableRuInventoryList-listUl\")]/tbody/tr[1]/td[2]/div/div"}
COMMAND: GET /session/78806afaa9ff9027046ec8c7a0f946ae/screenshot - {}
RESULT: {"using":"xpath","value":"//table[contains(@id, \"application-ruinventorylist-display-component---Master--tableRuInventoryList-listUl\")]/tbody/tr[1]/td[2]/div/div"}
COMMAND: POST /session/78806afaa9ff9027046ec8c7a0f946ae/element/f.84765E1B68FB5990D5B9B6B6A2B6A00F.d.01AC6BEDBDEB491F3942E0B1870EED9F.e.1475/click - {}
RESULT: {}
RESULT: {}
COMMAND: GET /session/78806afaa9ff9027046ec8c7a0f946ae/screenshot - {}
RESULT: {}
COMMAND: POST /session/78806afaa9ff9027046ec8c7a0f946ae/element - {"using":"xpath","value":"//div[contains(@id, \"smartFilterBar-btnBasicSearch-reset\")]"}
RESULT: {"using":"xpath","value":"//div[contains(@id, \"smartFilterBar-btnBasicSearch-reset\")]"}
COMMAND: POST /session/78806afaa9ff9027046ec8c7a0f946ae/element/f.84765E1B68FB5990D5B9B6B6A2B6A00F.d.01AC6BEDBDEB491F3942E0B1870EED9F.e.772/click - {}
RESULT: {}
COMMAND: GET /session/78806afaa9ff9027046ec8c7a0f946ae/screenshot - {}
RESULT: {}
RESULT: undefined
COMMAND: POST /session/78806afaa9ff9027046ec8c7a0f946ae/execute/async - {"script":"<script> [776 bytes]","args":[{"enterText":"401002","selector":{"id":"application-ruinventorylist-display-component---Master--smartFilterBar-btnBasicSearch","interaction":{"idSuffix":"I"}},"clearTextFirst":true,"interactionType":"ENTER_TEXT"}]}
RESULT: {"script":"<script> [776 bytes]","args":[{"enterText":"401002","selector":{"id":"application-ruinventorylist-display-component---Master--smartFilterBar-btnBasicSearch","interaction":{"idSuffix":"I"}},"clearTextFirst":true,"interactionType":"ENTER_TEXT"}]}
COMMAND: POST /session/78806afaa9ff9027046ec8c7a0f946ae/actions - {"actions":[{"id":"action8","type":"key","parameters":{},"actions":[{"type":"keyDown","value":""},{"type":"pause","duration":10},{"type":"keyUp","value":""}]}]}
RESULT: {"actions":[{"id":"action8","type":"key","parameters":{},"actions":[{"type":"keyDown","value":""},{"type":"pause","duration":10},{"type":"keyUp","value":""}]}]}
COMMAND: GET /session/78806afaa9ff9027046ec8c7a0f946ae/screenshot - {}
RESULT: {}
COMMAND: POST /session/78806afaa9ff9027046ec8c7a0f946ae/element - {"using":"xpath","value":"//span[@id=\"application-ruinventorylist-display-component---Master--smartTableRuInventoryList-header-inner\"]"}
RESULT: {"using":"xpath","value":"//span[@id=\"application-ruinventorylist-display-component---Master--smartTableRuInventoryList-header-inner\"]"}
COMMAND: POST /session/78806afaa9ff9027046ec8c7a0f946ae/elements - {"using":"xpath","value":"//span[@id=\"application-ruinventorylist-display-component---Master--smartTableRuInventoryList-header-inner\"]"}
RESULT: {"using":"xpath","value":"//span[@id=\"application-ruinventorylist-display-component---Master--smartTableRuInventoryList-header-inner\"]"}
COMMAND: POST /session/78806afaa9ff9027046ec8c7a0f946ae/execute/sync - {"script":"<script> [56 bytes]","args":[{"element-6066-11e4-a52e-4f735466cecf":"f.84765E1B68FB5990D5B9B6B6A2B6A00F.d.01AC6BEDBDEB491F3942E0B1870EED9F.e.757","ELEMENT":"f.84765E1B68FB5990D5B9B6B6A2B6A00F.d.01AC6BEDBDEB491F3942E0B1870EED9F.e.757"}]}
RESULT: {"script":"<script> [56 bytes]","args":[{"element-6066-11e4-a52e-4f735466cecf":"f.84765E1B68FB5990D5B9B6B6A2B6A00F.d.01AC6BEDBDEB491F3942E0B1870EED9F.e.757","ELEMENT":"f.84765E1B68FB5990D5B9B6B6A2B6A00F.d.01AC6BEDBDEB491F3942E0B1870EED9F.e.757"}]}
COMMAND: POST /session/78806afaa9ff9027046ec8c7a0f946ae/element - {"using":"xpath","value":"//table[contains(@id, \"application-ruinventorylist-display-component---Master--tableRuInventoryList-listUl\")]/tbody/tr[1]/td[2]/div/div"}
COMMAND: GET /session/78806afaa9ff9027046ec8c7a0f946ae/screenshot - {}
RESULT: {"using":"xpath","value":"//table[contains(@id, \"application-ruinventorylist-display-component---Master--tableRuInventoryList-listUl\")]/tbody/tr[1]/td[2]/div/div"}
COMMAND: POST /session/78806afaa9ff9027046ec8c7a0f946ae/element/f.84765E1B68FB5990D5B9B6B6A2B6A00F.d.01AC6BEDBDEB491F3942E0B1870EED9F.e.1632/click - {}
RESULT: {}
RESULT: {}
COMMAND: GET /session/78806afaa9ff9027046ec8c7a0f946ae/screenshot - {}
RESULT: {}
COMMAND: POST /session/78806afaa9ff9027046ec8c7a0f946ae/element - {"using":"xpath","value":"//div[contains(@id, \"smartFilterBar-btnBasicSearch-reset\")]"}
RESULT: {"using":"xpath","value":"//div[contains(@id, \"smartFilterBar-btnBasicSearch-reset\")]"}
COMMAND: POST /session/78806afaa9ff9027046ec8c7a0f946ae/element/f.84765E1B68FB5990D5B9B6B6A2B6A00F.d.01AC6BEDBDEB491F3942E0B1870EED9F.e.772/click - {}
RESULT: {}
COMMAND: GET /session/78806afaa9ff9027046ec8c7a0f946ae/screenshot - {}
RESULT: {}
COMMAND: POST /session/78806afaa9ff9027046ec8c7a0f946ae/element/f.84765E1B68FB5990D5B9B6B6A2B6A00F.d.01AC6BEDBDEB491F3942E0B1870EED9F.e.295/click - {}
RESULT: {}
COMMAND: GET /session/78806afaa9ff9027046ec8c7a0f946ae/screenshot - {}
RESULT: {}
RESULT: undefined
COMMAND: POST /session/78806afaa9ff9027046ec8c7a0f946ae/element - {"using":"xpath","value":"//*[@id=\"application-ruinventorylist-display-component---Master--ruStateTypes-arrow\"]"}
RESULT: {"using":"xpath","value":"//*[@id=\"application-ruinventorylist-display-component---Master--ruStateTypes-arrow\"]"}
COMMAND: POST /session/78806afaa9ff9027046ec8c7a0f946ae/element/f.84765E1B68FB5990D5B9B6B6A2B6A00F.d.01AC6BEDBDEB491F3942E0B1870EED9F.e.1800/click - {}
RESULT: {}
COMMAND: GET /session/78806afaa9ff9027046ec8c7a0f946ae/screenshot - {}
RESULT: {}
COMMAND: POST /session/78806afaa9ff9027046ec8c7a0f946ae/element - {"using":"xpath","value":"//li[.//span[text()=\"available\"]]"}
RESULT: {"using":"xpath","value":"//li[.//span[text()=\"available\"]]"}
COMMAND: POST /session/78806afaa9ff9027046ec8c7a0f946ae/element/f.84765E1B68FB5990D5B9B6B6A2B6A00F.d.01AC6BEDBDEB491F3942E0B1870EED9F.e.1801/click - {}
RESULT: {}
COMMAND: GET /session/78806afaa9ff9027046ec8c7a0f946ae/screenshot - {}
RESULT: {}
COMMAND: POST /session/78806afaa9ff9027046ec8c7a0f946ae/element - {"using":"xpath","value":"(//bdi[contains(text(), \"OK\")])[1]"}
RESULT: {"using":"xpath","value":"(//bdi[contains(text(), \"OK\")])[1]"}
COMMAND: POST /session/78806afaa9ff9027046ec8c7a0f946ae/element/f.84765E1B68FB5990D5B9B6B6A2B6A00F.d.01AC6BEDBDEB491F3942E0B1870EED9F.e.1802/click - {}
RESULT: {}
COMMAND: GET /session/78806afaa9ff9027046ec8c7a0f946ae/screenshot - {}
RESULT: {}
COMMAND: POST /session/78806afaa9ff9027046ec8c7a0f946ae/element - {"using":"xpath","value":"(//bdi[contains(text(), \"OK\")])[2]"}
RESULT: {"using":"xpath","value":"(//bdi[contains(text(), \"OK\")])[2]"}
COMMAND: POST /session/78806afaa9ff9027046ec8c7a0f946ae/element/f.84765E1B68FB5990D5B9B6B6A2B6A00F.d.01AC6BEDBDEB491F3942E0B1870EED9F.e.1806/click - {}
RESULT: {}
COMMAND: GET /session/78806afaa9ff9027046ec8c7a0f946ae/screenshot - {}
RESULT: {}
RESULT: undefined
COMMAND: POST /session/78806afaa9ff9027046ec8c7a0f946ae/execute/async - {"script":"<script> [776 bytes]","args":[{"enterText":"600002","selector":{"id":"application-ruinventorylist-display-component---Master--smartFilterBar-btnBasicSearch","interaction":{"idSuffix":"I"}},"clearTextFirst":true,"interactionType":"ENTER_TEXT"}]}
RESULT: {"script":"<script> [776 bytes]","args":[{"enterText":"600002","selector":{"id":"application-ruinventorylist-display-component---Master--smartFilterBar-btnBasicSearch","interaction":{"idSuffix":"I"}},"clearTextFirst":true,"interactionType":"ENTER_TEXT"}]}
COMMAND: POST /session/78806afaa9ff9027046ec8c7a0f946ae/actions - {"actions":[{"id":"action9","type":"key","parameters":{},"actions":[{"type":"keyDown","value":""},{"type":"pause","duration":10},{"type":"keyUp","value":""}]}]}
RESULT: {"actions":[{"id":"action9","type":"key","parameters":{},"actions":[{"type":"keyDown","value":""},{"type":"pause","duration":10},{"type":"keyUp","value":""}]}]}
COMMAND: GET /session/78806afaa9ff9027046ec8c7a0f946ae/screenshot - {}
RESULT: {}
COMMAND: POST /session/78806afaa9ff9027046ec8c7a0f946ae/element - {"using":"xpath","value":"//span[@id=\"application-ruinventorylist-display-component---Master--smartTableRuInventoryList-header-inner\"]"}
RESULT: {"using":"xpath","value":"//span[@id=\"application-ruinventorylist-display-component---Master--smartTableRuInventoryList-header-inner\"]"}
COMMAND: POST /session/78806afaa9ff9027046ec8c7a0f946ae/elements - {"using":"xpath","value":"//span[@id=\"application-ruinventorylist-display-component---Master--smartTableRuInventoryList-header-inner\"]"}
RESULT: {"using":"xpath","value":"//span[@id=\"application-ruinventorylist-display-component---Master--smartTableRuInventoryList-header-inner\"]"}
COMMAND: POST /session/78806afaa9ff9027046ec8c7a0f946ae/execute/sync - {"script":"<script> [56 bytes]","args":[{"element-6066-11e4-a52e-4f735466cecf":"f.84765E1B68FB5990D5B9B6B6A2B6A00F.d.01AC6BEDBDEB491F3942E0B1870EED9F.e.757","ELEMENT":"f.84765E1B68FB5990D5B9B6B6A2B6A00F.d.01AC6BEDBDEB491F3942E0B1870EED9F.e.757"}]}
RESULT: {"script":"<script> [56 bytes]","args":[{"element-6066-11e4-a52e-4f735466cecf":"f.84765E1B68FB5990D5B9B6B6A2B6A00F.d.01AC6BEDBDEB491F3942E0B1870EED9F.e.757","ELEMENT":"f.84765E1B68FB5990D5B9B6B6A2B6A00F.d.01AC6BEDBDEB491F3942E0B1870EED9F.e.757"}]}
COMMAND: POST /session/78806afaa9ff9027046ec8c7a0f946ae/element - {"using":"xpath","value":"//table[contains(@id, \"application-ruinventorylist-display-component---Master--tableRuInventoryList-listUl\")]/tbody/tr[1]/td[6]/div/span"}
COMMAND: GET /session/78806afaa9ff9027046ec8c7a0f946ae/screenshot - {}
RESULT: {"using":"xpath","value":"//table[contains(@id, \"application-ruinventorylist-display-component---Master--tableRuInventoryList-listUl\")]/tbody/tr[1]/td[6]/div/span"}
COMMAND: POST /session/78806afaa9ff9027046ec8c7a0f946ae/execute/sync - {"script":"<script> [56 bytes]","args":[{"element-6066-11e4-a52e-4f735466cecf":"f.84765E1B68FB5990D5B9B6B6A2B6A00F.d.01AC6BEDBDEB491F3942E0B1870EED9F.e.1825","ELEMENT":"f.84765E1B68FB5990D5B9B6B6A2B6A00F.d.01AC6BEDBDEB491F3942E0B1870EED9F.e.1825"}]}
RESULT: {}
RESULT: {"script":"<script> [56 bytes]","args":[{"element-6066-11e4-a52e-4f735466cecf":"f.84765E1B68FB5990D5B9B6B6A2B6A00F.d.01AC6BEDBDEB491F3942E0B1870EED9F.e.1825","ELEMENT":"f.84765E1B68FB5990D5B9B6B6A2B6A00F.d.01AC6BEDBDEB491F3942E0B1870EED9F.e.1825"}]}
COMMAND: POST /session/78806afaa9ff9027046ec8c7a0f946ae/element - {"using":"xpath","value":"//div[contains(@id, \"smartFilterBar-btnBasicSearch-reset\")]"}
COMMAND: GET /session/78806afaa9ff9027046ec8c7a0f946ae/screenshot - {}
RESULT: {"using":"xpath","value":"//div[contains(@id, \"smartFilterBar-btnBasicSearch-reset\")]"}
COMMAND: POST /session/78806afaa9ff9027046ec8c7a0f946ae/element/f.84765E1B68FB5990D5B9B6B6A2B6A00F.d.01AC6BEDBDEB491F3942E0B1870EED9F.e.772/click - {}
RESULT: {}
RESULT: {}
COMMAND: GET /session/78806afaa9ff9027046ec8c7a0f946ae/screenshot - {}
RESULT: {}
RESULT: undefined
COMMAND: POST /session/78806afaa9ff9027046ec8c7a0f946ae/execute/async - {"script":"<script> [776 bytes]","args":[{"enterText":"401002","selector":{"id":"application-ruinventorylist-display-component---Master--smartFilterBar-btnBasicSearch","interaction":{"idSuffix":"I"}},"clearTextFirst":true,"interactionType":"ENTER_TEXT"}]}
RESULT: {"script":"<script> [776 bytes]","args":[{"enterText":"401002","selector":{"id":"application-ruinventorylist-display-component---Master--smartFilterBar-btnBasicSearch","interaction":{"idSuffix":"I"}},"clearTextFirst":true,"interactionType":"ENTER_TEXT"}]}
COMMAND: POST /session/78806afaa9ff9027046ec8c7a0f946ae/actions - {"actions":[{"id":"action10","type":"key","parameters":{},"actions":[{"type":"keyDown","value":""},{"type":"pause","duration":10},{"type":"keyUp","value":""}]}]}
RESULT: {"actions":[{"id":"action10","type":"key","parameters":{},"actions":[{"type":"keyDown","value":""},{"type":"pause","duration":10},{"type":"keyUp","value":""}]}]}
COMMAND: GET /session/78806afaa9ff9027046ec8c7a0f946ae/screenshot - {}
RESULT: {}
COMMAND: POST /session/78806afaa9ff9027046ec8c7a0f946ae/element - {"using":"xpath","value":"//span[@id=\"application-ruinventorylist-display-component---Master--smartTableRuInventoryList-header-inner\"]"}
RESULT: {"using":"xpath","value":"//span[@id=\"application-ruinventorylist-display-component---Master--smartTableRuInventoryList-header-inner\"]"}
COMMAND: POST /session/78806afaa9ff9027046ec8c7a0f946ae/elements - {"using":"xpath","value":"//span[@id=\"application-ruinventorylist-display-component---Master--smartTableRuInventoryList-header-inner\"]"}
RESULT: {"using":"xpath","value":"//span[@id=\"application-ruinventorylist-display-component---Master--smartTableRuInventoryList-header-inner\"]"}
COMMAND: POST /session/78806afaa9ff9027046ec8c7a0f946ae/execute/sync - {"script":"<script> [56 bytes]","args":[{"element-6066-11e4-a52e-4f735466cecf":"f.84765E1B68FB5990D5B9B6B6A2B6A00F.d.01AC6BEDBDEB491F3942E0B1870EED9F.e.757","ELEMENT":"f.84765E1B68FB5990D5B9B6B6A2B6A00F.d.01AC6BEDBDEB491F3942E0B1870EED9F.e.757"}]}
RESULT: {"script":"<script> [56 bytes]","args":[{"element-6066-11e4-a52e-4f735466cecf":"f.84765E1B68FB5990D5B9B6B6A2B6A00F.d.01AC6BEDBDEB491F3942E0B1870EED9F.e.757","ELEMENT":"f.84765E1B68FB5990D5B9B6B6A2B6A00F.d.01AC6BEDBDEB491F3942E0B1870EED9F.e.757"}]}
COMMAND: POST /session/78806afaa9ff9027046ec8c7a0f946ae/element - {"using":"xpath","value":"//table[contains(@id, \"application-ruinventorylist-display-component---Master--tableRuInventoryList-listUl\")]/tbody/tr[1]/td[6]/div/span"}
COMMAND: GET /session/78806afaa9ff9027046ec8c7a0f946ae/screenshot - {}
RESULT: {"using":"xpath","value":"//table[contains(@id, \"application-ruinventorylist-display-component---Master--tableRuInventoryList-listUl\")]/tbody/tr[1]/td[6]/div/span"}
COMMAND: POST /session/78806afaa9ff9027046ec8c7a0f946ae/execute/sync - {"script":"<script> [56 bytes]","args":[{"element-6066-11e4-a52e-4f735466cecf":"f.84765E1B68FB5990D5B9B6B6A2B6A00F.d.01AC6BEDBDEB491F3942E0B1870EED9F.e.1913","ELEMENT":"f.84765E1B68FB5990D5B9B6B6A2B6A00F.d.01AC6BEDBDEB491F3942E0B1870EED9F.e.1913"}]}
RESULT: {}
RESULT: {"script":"<script> [56 bytes]","args":[{"element-6066-11e4-a52e-4f735466cecf":"f.84765E1B68FB5990D5B9B6B6A2B6A00F.d.01AC6BEDBDEB491F3942E0B1870EED9F.e.1913","ELEMENT":"f.84765E1B68FB5990D5B9B6B6A2B6A00F.d.01AC6BEDBDEB491F3942E0B1870EED9F.e.1913"}]}
COMMAND: POST /session/78806afaa9ff9027046ec8c7a0f946ae/element - {"using":"xpath","value":"//div[contains(@id, \"smartFilterBar-btnBasicSearch-reset\")]"}
COMMAND: GET /session/78806afaa9ff9027046ec8c7a0f946ae/screenshot - {}
RESULT: {"using":"xpath","value":"//div[contains(@id, \"smartFilterBar-btnBasicSearch-reset\")]"}
COMMAND: POST /session/78806afaa9ff9027046ec8c7a0f946ae/element/f.84765E1B68FB5990D5B9B6B6A2B6A00F.d.01AC6BEDBDEB491F3942E0B1870EED9F.e.772/click - {}
RESULT: {}
RESULT: {}
COMMAND: GET /session/78806afaa9ff9027046ec8c7a0f946ae/screenshot - {}
COMMAND: POST /session/78806afaa9ff9027046ec8c7a0f946ae/element - {"using":"css selector","value":"#shell-header-logo"}
RESULT: {}
RESULT: {"using":"css selector","value":"#shell-header-logo"}
COMMAND: POST /session/78806afaa9ff9027046ec8c7a0f946ae/element/f.84765E1B68FB5990D5B9B6B6A2B6A00F.d.01AC6BEDBDEB491F3942E0B1870EED9F.e.263/click - {}
RESULT: {}
COMMAND: GET /session/78806afaa9ff9027046ec8c7a0f946ae/screenshot - {}
RESULT: {}
]]></system-out>
    </testcase>
    <testcase classname="chrome.136_0_7103_93.windows.RU_Inventory_Mass_State_Change_Multiple_Items_US151066" name="Prerequisite Step 2 Should create a new equipment" time="137.176">
      <system-out><![CDATA[
COMMAND: POST /session/78806afaa9ff9027046ec8c7a0f946ae/execute/async - {"script":"<script> [1562 bytes]","args":[{"selector":{"controlType":"sap.m.GenericTile","properties":{"header":"Manage Resources"}},"wdio_ui5_key":"sapm.GenericTile{\"header\":\"Manage Resources\"}"}]}
RESULT: {"script":"<script> [1562 bytes]","args":[{"selector":{"controlType":"sap.m.GenericTile","properties":{"header":"Manage Resources"}},"wdio_ui5_key":"sapm.GenericTile{\"header\":\"Manage Resources\"}"}]}
RESULT: undefined
COMMAND: POST /session/78806afaa9ff9027046ec8c7a0f946ae/element - {"using":"xpath","value":"//*[@id=\"__tile39\"]"}
RESULT: {"using":"xpath","value":"//*[@id=\"__tile39\"]"}
COMMAND: POST /session/78806afaa9ff9027046ec8c7a0f946ae/element/f.84765E1B68FB5990D5B9B6B6A2B6A00F.d.01AC6BEDBDEB491F3942E0B1870EED9F.e.160/click - {}
RESULT: {}
COMMAND: GET /session/78806afaa9ff9027046ec8c7a0f946ae/screenshot - {}
RESULT: {}
COMMAND: POST /session/78806afaa9ff9027046ec8c7a0f946ae/elements - {"using":"xpath","value":"//span[text()='Error']"}
RESULT: {"using":"xpath","value":"//span[text()='Error']"}
COMMAND: POST /session/78806afaa9ff9027046ec8c7a0f946ae/element - {"using":"xpath","value":"//button[@data-kt=\"addNewRUOverflowToolbarButton\"]"}
RESULT: {"using":"xpath","value":"//button[@data-kt=\"addNewRUOverflowToolbarButton\"]"}
COMMAND: POST /session/78806afaa9ff9027046ec8c7a0f946ae/elements - {"using":"xpath","value":"//button[@data-kt=\"addNewRUOverflowToolbarButton\"]"}
RESULT: {"using":"xpath","value":"//button[@data-kt=\"addNewRUOverflowToolbarButton\"]"}
COMMAND: POST /session/78806afaa9ff9027046ec8c7a0f946ae/execute/sync - {"script":"<script> [8489 bytes]","args":[{"element-6066-11e4-a52e-4f735466cecf":"f.84765E1B68FB5990D5B9B6B6A2B6A00F.d.01AC6BEDBDEB491F3942E0B1870EED9F.e.1948","ELEMENT":"f.84765E1B68FB5990D5B9B6B6A2B6A00F.d.01AC6BEDBDEB491F3942E0B1870EED9F.e.1948"}]}
RESULT: {"script":"<script> [8489 bytes]","args":[{"element-6066-11e4-a52e-4f735466cecf":"f.84765E1B68FB5990D5B9B6B6A2B6A00F.d.01AC6BEDBDEB491F3942E0B1870EED9F.e.1948","ELEMENT":"f.84765E1B68FB5990D5B9B6B6A2B6A00F.d.01AC6BEDBDEB491F3942E0B1870EED9F.e.1948"}]}
COMMAND: GET /session/78806afaa9ff9027046ec8c7a0f946ae/element/f.84765E1B68FB5990D5B9B6B6A2B6A00F.d.01AC6BEDBDEB491F3942E0B1870EED9F.e.1948/enabled - {}
COMMAND: GET /session/78806afaa9ff9027046ec8c7a0f946ae/screenshot - {}
RESULT: {}
COMMAND: POST /session/78806afaa9ff9027046ec8c7a0f946ae/execute/sync - {"script":"<script> [8489 bytes]","args":[{"element-6066-11e4-a52e-4f735466cecf":"f.84765E1B68FB5990D5B9B6B6A2B6A00F.d.01AC6BEDBDEB491F3942E0B1870EED9F.e.1948","ELEMENT":"f.84765E1B68FB5990D5B9B6B6A2B6A00F.d.01AC6BEDBDEB491F3942E0B1870EED9F.e.1948"}]}
COMMAND: GET /session/78806afaa9ff9027046ec8c7a0f946ae/screenshot - {}
RESULT: {}
RESULT: {"script":"<script> [8489 bytes]","args":[{"element-6066-11e4-a52e-4f735466cecf":"f.84765E1B68FB5990D5B9B6B6A2B6A00F.d.01AC6BEDBDEB491F3942E0B1870EED9F.e.1948","ELEMENT":"f.84765E1B68FB5990D5B9B6B6A2B6A00F.d.01AC6BEDBDEB491F3942E0B1870EED9F.e.1948"}]}
COMMAND: POST /session/78806afaa9ff9027046ec8c7a0f946ae/execute/sync - {"script":"<script> [5351 bytes]","args":[{"element-6066-11e4-a52e-4f735466cecf":"f.84765E1B68FB5990D5B9B6B6A2B6A00F.d.01AC6BEDBDEB491F3942E0B1870EED9F.e.1948","ELEMENT":"f.84765E1B68FB5990D5B9B6B6A2B6A00F.d.01AC6BEDBDEB491F3942E0B1870EED9F.e.1948"}]}
COMMAND: GET /session/78806afaa9ff9027046ec8c7a0f946ae/screenshot - {}
RESULT: {}
RESULT: {"script":"<script> [5351 bytes]","args":[{"element-6066-11e4-a52e-4f735466cecf":"f.84765E1B68FB5990D5B9B6B6A2B6A00F.d.01AC6BEDBDEB491F3942E0B1870EED9F.e.1948","ELEMENT":"f.84765E1B68FB5990D5B9B6B6A2B6A00F.d.01AC6BEDBDEB491F3942E0B1870EED9F.e.1948"}]}
COMMAND: POST /session/78806afaa9ff9027046ec8c7a0f946ae/element/f.84765E1B68FB5990D5B9B6B6A2B6A00F.d.01AC6BEDBDEB491F3942E0B1870EED9F.e.1948/click - {}
COMMAND: GET /session/78806afaa9ff9027046ec8c7a0f946ae/screenshot - {}
RESULT: {}
RESULT: {}
COMMAND: GET /session/78806afaa9ff9027046ec8c7a0f946ae/screenshot - {}
RESULT: {}
RESULT: {}
COMMAND: POST /session/78806afaa9ff9027046ec8c7a0f946ae/execute/async - {"script":"<script> [1562 bytes]","args":[{"selector":{"id":"application-manageresources-display-component---newResourceUnit--TYPE-arrow"},"wdio_ui5_key":"applicationmanageresources-display-component---newResourceUnit--TYPE-arrow"}]}
RESULT: {"script":"<script> [1562 bytes]","args":[{"selector":{"id":"application-manageresources-display-component---newResourceUnit--TYPE-arrow"},"wdio_ui5_key":"applicationmanageresources-display-component---newResourceUnit--TYPE-arrow"}]}
RESULT: undefined
COMMAND: POST /session/78806afaa9ff9027046ec8c7a0f946ae/element - {"using":"xpath","value":"//*[@id=\"application-manageresources-display-component---newResourceUnit--TYPE-arrow\"]"}
RESULT: {"using":"xpath","value":"//*[@id=\"application-manageresources-display-component---newResourceUnit--TYPE-arrow\"]"}
COMMAND: POST /session/78806afaa9ff9027046ec8c7a0f946ae/element/f.84765E1B68FB5990D5B9B6B6A2B6A00F.d.01AC6BEDBDEB491F3942E0B1870EED9F.e.2301/click - {}
RESULT: {}
COMMAND: POST /session/78806afaa9ff9027046ec8c7a0f946ae/element - {"using":"xpath","value":"//input[@id=\"application-manageresources-display-component---newResourceUnit--TYPE-inner\"]"}
COMMAND: GET /session/78806afaa9ff9027046ec8c7a0f946ae/screenshot - {}
RESULT: {"using":"xpath","value":"//input[@id=\"application-manageresources-display-component---newResourceUnit--TYPE-inner\"]"}
COMMAND: POST /session/78806afaa9ff9027046ec8c7a0f946ae/element/f.84765E1B68FB5990D5B9B6B6A2B6A00F.d.01AC6BEDBDEB491F3942E0B1870EED9F.e.2251/clear - {}
RESULT: {}
RESULT: {}
COMMAND: POST /session/78806afaa9ff9027046ec8c7a0f946ae/element/f.84765E1B68FB5990D5B9B6B6A2B6A00F.d.01AC6BEDBDEB491F3942E0B1870EED9F.e.2251/value - {"text":"Equipment"}
COMMAND: GET /session/78806afaa9ff9027046ec8c7a0f946ae/screenshot - {}
RESULT: {"text":"Equipment"}
COMMAND: GET /session/78806afaa9ff9027046ec8c7a0f946ae/screenshot - {}
RESULT: {}
RESULT: {}
COMMAND: POST /session/78806afaa9ff9027046ec8c7a0f946ae/actions - {"actions":[{"id":"action11","type":"key","parameters":{},"actions":[{"type":"keyDown","value":""},{"type":"pause","duration":10},{"type":"keyUp","value":""}]}]}
RESULT: {"actions":[{"id":"action11","type":"key","parameters":{},"actions":[{"type":"keyDown","value":""},{"type":"pause","duration":10},{"type":"keyUp","value":""}]}]}
COMMAND: POST /session/78806afaa9ff9027046ec8c7a0f946ae/execute/async - {"script":"<script> [1562 bytes]","args":[{"selector":{"id":"application-manageresources-display-component---newResourceUnit--resourceId","interaction":{"idSuffix":"inner"}},"wdio_ui5_key":"applicationmanageresources-display-component---newResourceUnit--resourceId"}]}
COMMAND: GET /session/78806afaa9ff9027046ec8c7a0f946ae/screenshot - {}
RESULT: {"script":"<script> [1562 bytes]","args":[{"selector":{"id":"application-manageresources-display-component---newResourceUnit--resourceId","interaction":{"idSuffix":"inner"}},"wdio_ui5_key":"applicationmanageresources-display-component---newResourceUnit--resourceId"}]}
RESULT: undefined
COMMAND: POST /session/78806afaa9ff9027046ec8c7a0f946ae/execute/async - {"script":"<script> [776 bytes]","args":[{"enterText":"S5uXXiHwE2","selector":{"id":"application-manageresources-display-component---newResourceUnit--resourceId","interaction":{"idSuffix":"inner"}},"clearTextFirst":true,"interactionType":"ENTER_TEXT"}]}
RESULT: {}
RESULT: {"script":"<script> [776 bytes]","args":[{"enterText":"S5uXXiHwE2","selector":{"id":"application-manageresources-display-component---newResourceUnit--resourceId","interaction":{"idSuffix":"inner"}},"clearTextFirst":true,"interactionType":"ENTER_TEXT"}]}
COMMAND: POST /session/78806afaa9ff9027046ec8c7a0f946ae/execute/async - {"script":"<script> [1562 bytes]","args":[{"selector":{"id":"application-manageresources-display-component---newResourceUnit--SHORT_TEXT","interaction":{"idSuffix":"inner"}},"wdio_ui5_key":"applicationmanageresources-display-component---newResourceUnit--SHORT_TEXT"}]}
RESULT: {"script":"<script> [1562 bytes]","args":[{"selector":{"id":"application-manageresources-display-component---newResourceUnit--SHORT_TEXT","interaction":{"idSuffix":"inner"}},"wdio_ui5_key":"applicationmanageresources-display-component---newResourceUnit--SHORT_TEXT"}]}
RESULT: undefined
COMMAND: POST /session/78806afaa9ff9027046ec8c7a0f946ae/execute/async - {"script":"<script> [776 bytes]","args":[{"enterText":"Intercompany Equipment WDIO","selector":{"id":"application-manageresources-display-component---newResourceUnit--SHORT_TEXT","interaction":{"idSuffix":"inner"}},"clearTextFirst":true,"interactionType":"ENTER_TEXT"}]}
RESULT: {"script":"<script> [776 bytes]","args":[{"enterText":"Intercompany Equipment WDIO","selector":{"id":"application-manageresources-display-component---newResourceUnit--SHORT_TEXT","interaction":{"idSuffix":"inner"}},"clearTextFirst":true,"interactionType":"ENTER_TEXT"}]}
COMMAND: POST /session/78806afaa9ff9027046ec8c7a0f946ae/execute/async - {"script":"<script> [1562 bytes]","args":[{"selector":{"id":"application-manageresources-display-component---newResourceUnit--BASE_UNIT_OF_MEASURE","interaction":{"idSuffix":"inner"}},"wdio_ui5_key":"applicationmanageresources-display-component---newResourceUnit--BASE_UNIT_OF_MEASURE"}]}
RESULT: {"script":"<script> [1562 bytes]","args":[{"selector":{"id":"application-manageresources-display-component---newResourceUnit--BASE_UNIT_OF_MEASURE","interaction":{"idSuffix":"inner"}},"wdio_ui5_key":"applicationmanageresources-display-component---newResourceUnit--BASE_UNIT_OF_MEASURE"}]}
RESULT: undefined
COMMAND: POST /session/78806afaa9ff9027046ec8c7a0f946ae/execute/async - {"script":"<script> [776 bytes]","args":[{"enterText":"Piece","selector":{"id":"application-manageresources-display-component---newResourceUnit--BASE_UNIT_OF_MEASURE","interaction":{"idSuffix":"inner"}},"clearTextFirst":true,"interactionType":"ENTER_TEXT"}]}
RESULT: {"script":"<script> [776 bytes]","args":[{"enterText":"Piece","selector":{"id":"application-manageresources-display-component---newResourceUnit--BASE_UNIT_OF_MEASURE","interaction":{"idSuffix":"inner"}},"clearTextFirst":true,"interactionType":"ENTER_TEXT"}]}
COMMAND: POST /session/78806afaa9ff9027046ec8c7a0f946ae/execute/async - {"script":"<script> [1562 bytes]","args":[{"selector":{"id":"application-manageresources-display-component---newResourceUnit--WEIGHT_UNIT","interaction":{"idSuffix":"inner"}},"wdio_ui5_key":"applicationmanageresources-display-component---newResourceUnit--WEIGHT_UNIT"}]}
RESULT: {"script":"<script> [1562 bytes]","args":[{"selector":{"id":"application-manageresources-display-component---newResourceUnit--WEIGHT_UNIT","interaction":{"idSuffix":"inner"}},"wdio_ui5_key":"applicationmanageresources-display-component---newResourceUnit--WEIGHT_UNIT"}]}
RESULT: undefined
COMMAND: POST /session/78806afaa9ff9027046ec8c7a0f946ae/execute/async - {"script":"<script> [776 bytes]","args":[{"enterText":"Gram","selector":{"id":"application-manageresources-display-component---newResourceUnit--WEIGHT_UNIT","interaction":{"idSuffix":"inner"}},"clearTextFirst":true,"interactionType":"ENTER_TEXT"}]}
RESULT: {"script":"<script> [776 bytes]","args":[{"enterText":"Gram","selector":{"id":"application-manageresources-display-component---newResourceUnit--WEIGHT_UNIT","interaction":{"idSuffix":"inner"}},"clearTextFirst":true,"interactionType":"ENTER_TEXT"}]}
COMMAND: POST /session/78806afaa9ff9027046ec8c7a0f946ae/execute/async - {"script":"<script> [1562 bytes]","args":[{"selector":{"id":"application-manageresources-display-component---newResourceUnit--DIMENSION_UNIT","interaction":{"idSuffix":"inner"}},"wdio_ui5_key":"applicationmanageresources-display-component---newResourceUnit--DIMENSION_UNIT"}]}
RESULT: {"script":"<script> [1562 bytes]","args":[{"selector":{"id":"application-manageresources-display-component---newResourceUnit--DIMENSION_UNIT","interaction":{"idSuffix":"inner"}},"wdio_ui5_key":"applicationmanageresources-display-component---newResourceUnit--DIMENSION_UNIT"}]}
RESULT: undefined
COMMAND: POST /session/78806afaa9ff9027046ec8c7a0f946ae/execute/async - {"script":"<script> [776 bytes]","args":[{"enterText":"Meter","selector":{"id":"application-manageresources-display-component---newResourceUnit--DIMENSION_UNIT","interaction":{"idSuffix":"inner"}},"clearTextFirst":true,"interactionType":"ENTER_TEXT"}]}
RESULT: {"script":"<script> [776 bytes]","args":[{"enterText":"Meter","selector":{"id":"application-manageresources-display-component---newResourceUnit--DIMENSION_UNIT","interaction":{"idSuffix":"inner"}},"clearTextFirst":true,"interactionType":"ENTER_TEXT"}]}
COMMAND: POST /session/78806afaa9ff9027046ec8c7a0f946ae/execute/async - {"script":"<script> [1562 bytes]","args":[{"selector":{"id":"application-manageresources-display-component---newResourceUnit--newRRUPage-anchBar-application-manageresources-display-component---newResourceUnit--control-anchor","interaction":{"idSuffix":"BDI-content"}},"wdio_ui5_key":"applicationmanageresources-display-component---newResourceUnit--newRRUPage-anchBar-application-manageresources-display-component---newResourceUnit--control-anchor"}]}
RESULT: {"script":"<script> [1562 bytes]","args":[{"selector":{"id":"application-manageresources-display-component---newResourceUnit--newRRUPage-anchBar-application-manageresources-display-component---newResourceUnit--control-anchor","interaction":{"idSuffix":"BDI-content"}},"wdio_ui5_key":"applicationmanageresources-display-component---newResourceUnit--newRRUPage-anchBar-application-manageresources-display-component---newResourceUnit--control-anchor"}]}
RESULT: undefined
COMMAND: POST /session/78806afaa9ff9027046ec8c7a0f946ae/element - {"using":"xpath","value":"//*[@id=\"application-manageresources-display-component---newResourceUnit--newRRUPage-anchBar-application-manageresources-display-component---newResourceUnit--control-anchor\"]"}
RESULT: {"using":"xpath","value":"//*[@id=\"application-manageresources-display-component---newResourceUnit--newRRUPage-anchBar-application-manageresources-display-component---newResourceUnit--control-anchor\"]"}
COMMAND: POST /session/78806afaa9ff9027046ec8c7a0f946ae/element/f.84765E1B68FB5990D5B9B6B6A2B6A00F.d.01AC6BEDBDEB491F3942E0B1870EED9F.e.2459/click - {}
RESULT: {}
COMMAND: POST /session/78806afaa9ff9027046ec8c7a0f946ae/execute/async - {"script":"<script> [1562 bytes]","args":[{"selector":{"id":"application-manageresources-display-component---newResourceUnit--PLANNING_GROUP","interaction":{"idSuffix":"inner"}},"wdio_ui5_key":"applicationmanageresources-display-component---newResourceUnit--PLANNING_GROUP"}]}
COMMAND: GET /session/78806afaa9ff9027046ec8c7a0f946ae/screenshot - {}
RESULT: {"script":"<script> [1562 bytes]","args":[{"selector":{"id":"application-manageresources-display-component---newResourceUnit--PLANNING_GROUP","interaction":{"idSuffix":"inner"}},"wdio_ui5_key":"applicationmanageresources-display-component---newResourceUnit--PLANNING_GROUP"}]}
RESULT: undefined
COMMAND: POST /session/78806afaa9ff9027046ec8c7a0f946ae/execute/async - {"script":"<script> [776 bytes]","args":[{"enterText":"Heavy Equi","selector":{"id":"application-manageresources-display-component---newResourceUnit--PLANNING_GROUP","interaction":{"idSuffix":"inner"}},"clearTextFirst":true,"interactionType":"ENTER_TEXT"}]}
RESULT: {}
RESULT: {"script":"<script> [776 bytes]","args":[{"enterText":"Heavy Equi","selector":{"id":"application-manageresources-display-component---newResourceUnit--PLANNING_GROUP","interaction":{"idSuffix":"inner"}},"clearTextFirst":true,"interactionType":"ENTER_TEXT"}]}
COMMAND: POST /session/78806afaa9ff9027046ec8c7a0f946ae/execute/async - {"script":"<script> [1562 bytes]","args":[{"selector":{"id":"application-manageresources-display-component---newResourceUnit--ITEM_TYPE-arrow"},"wdio_ui5_key":"applicationmanageresources-display-component---newResourceUnit--ITEM_TYPE-arrow"}]}
RESULT: {"script":"<script> [1562 bytes]","args":[{"selector":{"id":"application-manageresources-display-component---newResourceUnit--ITEM_TYPE-arrow"},"wdio_ui5_key":"applicationmanageresources-display-component---newResourceUnit--ITEM_TYPE-arrow"}]}
RESULT: undefined
COMMAND: POST /session/78806afaa9ff9027046ec8c7a0f946ae/element - {"using":"xpath","value":"//*[@id=\"application-manageresources-display-component---newResourceUnit--ITEM_TYPE-arrow\"]"}
RESULT: {"using":"xpath","value":"//*[@id=\"application-manageresources-display-component---newResourceUnit--ITEM_TYPE-arrow\"]"}
COMMAND: POST /session/78806afaa9ff9027046ec8c7a0f946ae/element/f.84765E1B68FB5990D5B9B6B6A2B6A00F.d.01AC6BEDBDEB491F3942E0B1870EED9F.e.2468/click - {}
RESULT: {}
COMMAND: POST /session/78806afaa9ff9027046ec8c7a0f946ae/element - {"using":"xpath","value":"(//span[contains(text(), \"Resource Unit\")])[2]"}
COMMAND: GET /session/78806afaa9ff9027046ec8c7a0f946ae/screenshot - {}
RESULT: {"using":"xpath","value":"(//span[contains(text(), \"Resource Unit\")])[2]"}
COMMAND: POST /session/78806afaa9ff9027046ec8c7a0f946ae/element/f.84765E1B68FB5990D5B9B6B6A2B6A00F.d.01AC6BEDBDEB491F3942E0B1870EED9F.e.2469/click - {}
RESULT: {}
RESULT: {}
COMMAND: GET /session/78806afaa9ff9027046ec8c7a0f946ae/screenshot - {}
RESULT: {}
COMMAND: POST /session/78806afaa9ff9027046ec8c7a0f946ae/element - {"using":"css selector","value":"#application-manageresources-display-component---newResourceUnit--btnAddTimeSegment"}
RESULT: {"using":"css selector","value":"#application-manageresources-display-component---newResourceUnit--btnAddTimeSegment"}
COMMAND: GET /session/78806afaa9ff9027046ec8c7a0f946ae/element/f.84765E1B68FB5990D5B9B6B6A2B6A00F.d.01AC6BEDBDEB491F3942E0B1870EED9F.e.2476/rect - {}
RESULT: {}
COMMAND: GET /session/78806afaa9ff9027046ec8c7a0f946ae/window/rect - {}
RESULT: {}
COMMAND: POST /session/78806afaa9ff9027046ec8c7a0f946ae/execute/sync - {"script":"<script> [92 bytes]","args":[]}
RESULT: {"script":"<script> [92 bytes]","args":[]}
COMMAND: POST /session/78806afaa9ff9027046ec8c7a0f946ae/actions - {"actions":[{"id":"action12","type":"wheel","parameters":{},"actions":[{"type":"scroll","x":-1888,"y":-32,"deltaX":0,"deltaY":0,"duration":0,"origin":{"element-6066-11e4-a52e-4f735466cecf":"f.84765E1B68FB5990D5B9B6B6A2B6A00F.d.01AC6BEDBDEB491F3942E0B1870EED9F.e.2476"}}]}]}
COMMAND: GET /session/78806afaa9ff9027046ec8c7a0f946ae/screenshot - {}
RESULT: {}
COMMAND: POST /session/78806afaa9ff9027046ec8c7a0f946ae/execute/sync - {"script":"<script> [79 bytes]","args":[{"element-6066-11e4-a52e-4f735466cecf":"f.84765E1B68FB5990D5B9B6B6A2B6A00F.d.01AC6BEDBDEB491F3942E0B1870EED9F.e.2476","ELEMENT":"f.84765E1B68FB5990D5B9B6B6A2B6A00F.d.01AC6BEDBDEB491F3942E0B1870EED9F.e.2476"},{"block":"start","inline":"nearest"}]}
RESULT: {"script":"<script> [79 bytes]","args":[{"element-6066-11e4-a52e-4f735466cecf":"f.84765E1B68FB5990D5B9B6B6A2B6A00F.d.01AC6BEDBDEB491F3942E0B1870EED9F.e.2476","ELEMENT":"f.84765E1B68FB5990D5B9B6B6A2B6A00F.d.01AC6BEDBDEB491F3942E0B1870EED9F.e.2476"},{"block":"start","inline":"nearest"}]}
COMMAND: POST /session/78806afaa9ff9027046ec8c7a0f946ae/execute/async - {"script":"<script> [1562 bytes]","args":[{"selector":{"id":"application-manageresources-display-component---newResourceUnit--btnAddTimeSegment","interaction":{"idSuffix":"inner"}},"wdio_ui5_key":"applicationmanageresources-display-component---newResourceUnit--btnAddTimeSegment"}]}
COMMAND: GET /session/78806afaa9ff9027046ec8c7a0f946ae/screenshot - {}
RESULT: {"script":"<script> [1562 bytes]","args":[{"selector":{"id":"application-manageresources-display-component---newResourceUnit--btnAddTimeSegment","interaction":{"idSuffix":"inner"}},"wdio_ui5_key":"applicationmanageresources-display-component---newResourceUnit--btnAddTimeSegment"}]}
RESULT: undefined
COMMAND: POST /session/78806afaa9ff9027046ec8c7a0f946ae/element - {"using":"xpath","value":"//*[@id=\"application-manageresources-display-component---newResourceUnit--btnAddTimeSegment\"]"}
RESULT: {}
RESULT: {"using":"xpath","value":"//*[@id=\"application-manageresources-display-component---newResourceUnit--btnAddTimeSegment\"]"}
COMMAND: POST /session/78806afaa9ff9027046ec8c7a0f946ae/element/f.84765E1B68FB5990D5B9B6B6A2B6A00F.d.01AC6BEDBDEB491F3942E0B1870EED9F.e.2476/click - {}
RESULT: {}
COMMAND: GET /session/78806afaa9ff9027046ec8c7a0f946ae/screenshot - {}
RESULT: {}
COMMAND: POST /session/78806afaa9ff9027046ec8c7a0f946ae/element - {"using":"xpath","value":"//input[@id=\"application-manageresources-display-component---newResourceUnit--idRuTSAdmin-application-manageresources-display-component---newResourceUnit--RUTimeSegment-0-inner\"]"}
RESULT: {"using":"xpath","value":"//input[@id=\"application-manageresources-display-component---newResourceUnit--idRuTSAdmin-application-manageresources-display-component---newResourceUnit--RUTimeSegment-0-inner\"]"}
COMMAND: POST /session/78806afaa9ff9027046ec8c7a0f946ae/element/f.84765E1B68FB5990D5B9B6B6A2B6A00F.d.01AC6BEDBDEB491F3942E0B1870EED9F.e.2482/clear - {}
RESULT: {}
COMMAND: POST /session/78806afaa9ff9027046ec8c7a0f946ae/element/f.84765E1B68FB5990D5B9B6B6A2B6A00F.d.01AC6BEDBDEB491F3942E0B1870EED9F.e.2482/value - {"text":"109"}
COMMAND: GET /session/78806afaa9ff9027046ec8c7a0f946ae/screenshot - {}
RESULT: {"text":"109"}
COMMAND: GET /session/78806afaa9ff9027046ec8c7a0f946ae/screenshot - {}
RESULT: {}
RESULT: {}
COMMAND: POST /session/78806afaa9ff9027046ec8c7a0f946ae/element - {"using":"xpath","value":"//li[.//span[text()='109']]"}
RESULT: {"using":"xpath","value":"//li[.//span[text()='109']]"}
COMMAND: POST /session/78806afaa9ff9027046ec8c7a0f946ae/element/f.84765E1B68FB5990D5B9B6B6A2B6A00F.d.01AC6BEDBDEB491F3942E0B1870EED9F.e.2494/click - {}
RESULT: {}
COMMAND: GET /session/78806afaa9ff9027046ec8c7a0f946ae/screenshot - {}
RESULT: {}
COMMAND: POST /session/78806afaa9ff9027046ec8c7a0f946ae/element - {"using":"xpath","value":"(//span[contains(@id, \"-application-manageresources-display-component---newResourceUnit--RUTimeSegment-0-arrow\")])[6]"}
RESULT: {"using":"xpath","value":"(//span[contains(@id, \"-application-manageresources-display-component---newResourceUnit--RUTimeSegment-0-arrow\")])[6]"}
COMMAND: POST /session/78806afaa9ff9027046ec8c7a0f946ae/element/f.84765E1B68FB5990D5B9B6B6A2B6A00F.d.01AC6BEDBDEB491F3942E0B1870EED9F.e.2495/click - {}
RESULT: {}
COMMAND: GET /session/78806afaa9ff9027046ec8c7a0f946ae/screenshot - {}
RESULT: {}
COMMAND: POST /session/78806afaa9ff9027046ec8c7a0f946ae/element - {"using":"xpath","value":"//span[contains(text(), \"PM Order\")]"}
RESULT: {"using":"xpath","value":"//span[contains(text(), \"PM Order\")]"}
COMMAND: POST /session/78806afaa9ff9027046ec8c7a0f946ae/element/f.84765E1B68FB5990D5B9B6B6A2B6A00F.d.01AC6BEDBDEB491F3942E0B1870EED9F.e.2498/click - {}
RESULT: {}
COMMAND: GET /session/78806afaa9ff9027046ec8c7a0f946ae/screenshot - {}
RESULT: {}
COMMAND: POST /session/78806afaa9ff9027046ec8c7a0f946ae/element - {"using":"xpath","value":"(//span[contains(@id ,\"manageresources-display-component---newResourceUnit--RUTimeSegment-0-vhi\")])[1]"}
RESULT: {"using":"xpath","value":"(//span[contains(@id ,\"manageresources-display-component---newResourceUnit--RUTimeSegment-0-vhi\")])[1]"}
COMMAND: GET /session/78806afaa9ff9027046ec8c7a0f946ae/element/f.84765E1B68FB5990D5B9B6B6A2B6A00F.d.01AC6BEDBDEB491F3942E0B1870EED9F.e.2502/rect - {}
RESULT: {}
COMMAND: GET /session/78806afaa9ff9027046ec8c7a0f946ae/window/rect - {}
RESULT: {}
COMMAND: POST /session/78806afaa9ff9027046ec8c7a0f946ae/execute/sync - {"script":"<script> [92 bytes]","args":[]}
RESULT: {"script":"<script> [92 bytes]","args":[]}
COMMAND: POST /session/78806afaa9ff9027046ec8c7a0f946ae/actions - {"actions":[{"id":"action13","type":"wheel","parameters":{},"actions":[{"type":"scroll","x":-869,"y":-24,"deltaX":0,"deltaY":0,"duration":0,"origin":{"element-6066-11e4-a52e-4f735466cecf":"f.84765E1B68FB5990D5B9B6B6A2B6A00F.d.01AC6BEDBDEB491F3942E0B1870EED9F.e.2502"}}]}]}
COMMAND: GET /session/78806afaa9ff9027046ec8c7a0f946ae/screenshot - {}
RESULT: {"actions":[{"id":"action13","type":"wheel","parameters":{},"actions":[{"type":"scroll","x":-869,"y":-24,"deltaX":0,"deltaY":0,"duration":0,"origin":{"element-6066-11e4-a52e-4f735466cecf":"f.84765E1B68FB5990D5B9B6B6A2B6A00F.d.01AC6BEDBDEB491F3942E0B1870EED9F.e.2502"}}]}]}
COMMAND: DELETE /session/78806afaa9ff9027046ec8c7a0f946ae/actions - {}
COMMAND: GET /session/78806afaa9ff9027046ec8c7a0f946ae/screenshot - {}
RESULT: {}
RESULT: {}
COMMAND: GET /session/78806afaa9ff9027046ec8c7a0f946ae/screenshot - {}
RESULT: {}
RESULT: {}
COMMAND: POST /session/78806afaa9ff9027046ec8c7a0f946ae/element/f.84765E1B68FB5990D5B9B6B6A2B6A00F.d.01AC6BEDBDEB491F3942E0B1870EED9F.e.2502/click - {}
RESULT: {}
COMMAND: GET /session/78806afaa9ff9027046ec8c7a0f946ae/screenshot - {}
RESULT: {}
COMMAND: POST /session/78806afaa9ff9027046ec8c7a0f946ae/execute/async - {"script":"<script> [1562 bytes]","args":[{"selector":{"controlType":"sap.m.SearchField","properties":{"placeholder":"Search"},"searchOpenDialogs":true,"interaction":{"idSuffix":"I"}},"wdio_ui5_key":"sapm.SearchField{\"placeholder\":\"Search\"}"}]}
RESULT: {"script":"<script> [1562 bytes]","args":[{"selector":{"controlType":"sap.m.SearchField","properties":{"placeholder":"Search"},"searchOpenDialogs":true,"interaction":{"idSuffix":"I"}},"wdio_ui5_key":"sapm.SearchField{\"placeholder\":\"Search\"}"}]}
RESULT: undefined
COMMAND: POST /session/78806afaa9ff9027046ec8c7a0f946ae/execute/async - {"script":"<script> [776 bytes]","args":[{"enterText":"4000360","selector":{"controlType":"sap.m.SearchField","properties":{"placeholder":"Search"},"searchOpenDialogs":true,"interaction":{"idSuffix":"I"}},"clearTextFirst":true,"interactionType":"ENTER_TEXT"}]}
RESULT: {"script":"<script> [776 bytes]","args":[{"enterText":"4000360","selector":{"controlType":"sap.m.SearchField","properties":{"placeholder":"Search"},"searchOpenDialogs":true,"interaction":{"idSuffix":"I"}},"clearTextFirst":true,"interactionType":"ENTER_TEXT"}]}
COMMAND: POST /session/78806afaa9ff9027046ec8c7a0f946ae/actions - {"actions":[{"id":"action14","type":"key","parameters":{},"actions":[{"type":"keyDown","value":""},{"type":"pause","duration":10},{"type":"keyUp","value":""}]}]}
RESULT: {"actions":[{"id":"action14","type":"key","parameters":{},"actions":[{"type":"keyDown","value":""},{"type":"pause","duration":10},{"type":"keyUp","value":""}]}]}
COMMAND: GET /session/78806afaa9ff9027046ec8c7a0f946ae/screenshot - {}
RESULT: {}
COMMAND: POST /session/78806afaa9ff9027046ec8c7a0f946ae/element - {"using":"xpath","value":"//td/div/span[contains(text(), \"BGL Vehicles\")]"}
RESULT: {"using":"xpath","value":"//td/div/span[contains(text(), \"BGL Vehicles\")]"}
COMMAND: POST /session/78806afaa9ff9027046ec8c7a0f946ae/element/f.84765E1B68FB5990D5B9B6B6A2B6A00F.d.01AC6BEDBDEB491F3942E0B1870EED9F.e.2524/click - {}
RESULT: {}
COMMAND: GET /session/78806afaa9ff9027046ec8c7a0f946ae/screenshot - {}
RESULT: {}
COMMAND: POST /session/78806afaa9ff9027046ec8c7a0f946ae/element - {"using":"xpath","value":"//bdi[contains(text(), \"OK\")]"}
RESULT: {"using":"xpath","value":"//bdi[contains(text(), \"OK\")]"}
COMMAND: POST /session/78806afaa9ff9027046ec8c7a0f946ae/element/f.84765E1B68FB5990D5B9B6B6A2B6A00F.d.01AC6BEDBDEB491F3942E0B1870EED9F.e.2525/click - {}
RESULT: {}
COMMAND: GET /session/78806afaa9ff9027046ec8c7a0f946ae/screenshot - {}
RESULT: {}
COMMAND: POST /session/78806afaa9ff9027046ec8c7a0f946ae/execute/async - {"script":"<script> [1562 bytes]","args":[{"selector":{"id":"application-manageresources-display-component---newResourceUnit--newRRUPage-anchBar-application-manageresources-display-component---newResourceUnit--resource-anchor","interaction":{"idSuffix":"BDI-content"}},"wdio_ui5_key":"applicationmanageresources-display-component---newResourceUnit--newRRUPage-anchBar-application-manageresources-display-component---newResourceUnit--resource-anchor"}]}
RESULT: {"script":"<script> [1562 bytes]","args":[{"selector":{"id":"application-manageresources-display-component---newResourceUnit--newRRUPage-anchBar-application-manageresources-display-component---newResourceUnit--resource-anchor","interaction":{"idSuffix":"BDI-content"}},"wdio_ui5_key":"applicationmanageresources-display-component---newResourceUnit--newRRUPage-anchBar-application-manageresources-display-component---newResourceUnit--resource-anchor"}]}
RESULT: undefined
COMMAND: POST /session/78806afaa9ff9027046ec8c7a0f946ae/element - {"using":"xpath","value":"//*[@id=\"application-manageresources-display-component---newResourceUnit--newRRUPage-anchBar-application-manageresources-display-component---newResourceUnit--resource-anchor\"]"}
RESULT: {"using":"xpath","value":"//*[@id=\"application-manageresources-display-component---newResourceUnit--newRRUPage-anchBar-application-manageresources-display-component---newResourceUnit--resource-anchor\"]"}
COMMAND: POST /session/78806afaa9ff9027046ec8c7a0f946ae/element/f.84765E1B68FB5990D5B9B6B6A2B6A00F.d.01AC6BEDBDEB491F3942E0B1870EED9F.e.2529/click - {}
RESULT: {}
COMMAND: POST /session/78806afaa9ff9027046ec8c7a0f946ae/execute/async - {"script":"<script> [1562 bytes]","args":[{"selector":{"id":"application-manageresources-display-component---newResourceUnit--PLANNED_DELIVERY_DATE","interaction":{"idSuffix":"inner"}},"wdio_ui5_key":"applicationmanageresources-display-component---newResourceUnit--PLANNED_DELIVERY_DATE"}]}
COMMAND: GET /session/78806afaa9ff9027046ec8c7a0f946ae/screenshot - {}
RESULT: {"script":"<script> [1562 bytes]","args":[{"selector":{"id":"application-manageresources-display-component---newResourceUnit--PLANNED_DELIVERY_DATE","interaction":{"idSuffix":"inner"}},"wdio_ui5_key":"applicationmanageresources-display-component---newResourceUnit--PLANNED_DELIVERY_DATE"}]}
RESULT: undefined
COMMAND: POST /session/78806afaa9ff9027046ec8c7a0f946ae/execute/async - {"script":"<script> [6424 bytes]","args":[{"element-6066-11e4-a52e-4f735466cecf":"f.84765E1B68FB5990D5B9B6B6A2B6A00F.d.01AC6BEDBDEB491F3942E0B1870EED9F.e.2358"},"setValue",["5/28/25"]]}
RESULT: {}
RESULT: {"script":"<script> [6424 bytes]","args":[{"element-6066-11e4-a52e-4f735466cecf":"f.84765E1B68FB5990D5B9B6B6A2B6A00F.d.01AC6BEDBDEB491F3942E0B1870EED9F.e.2358"},"setValue",["5/28/25"]]}
COMMAND: POST /session/78806afaa9ff9027046ec8c7a0f946ae/element - {"using":"xpath","value":"//label[contains(@class, 'sapMLabelRequired') and .//bdi[contains(text(), 'Planned Retirement')]]"}
RESULT: {"using":"xpath","value":"//label[contains(@class, 'sapMLabelRequired') and .//bdi[contains(text(), 'Planned Retirement')]]"}
COMMAND: POST /session/78806afaa9ff9027046ec8c7a0f946ae/elements - {"using":"xpath","value":"//label[contains(@class, 'sapMLabelRequired') and .//bdi[contains(text(), 'Planned Retirement')]]"}
RESULT: {"using":"xpath","value":"//label[contains(@class, 'sapMLabelRequired') and .//bdi[contains(text(), 'Planned Retirement')]]"}
COMMAND: POST /session/78806afaa9ff9027046ec8c7a0f946ae/element - {"using":"xpath","value":"//button[@data-kt=\"resourceUnitSaveButton\"]"}
RESULT: {"using":"xpath","value":"//button[@data-kt=\"resourceUnitSaveButton\"]"}
COMMAND: POST /session/78806afaa9ff9027046ec8c7a0f946ae/element/f.84765E1B68FB5990D5B9B6B6A2B6A00F.d.01AC6BEDBDEB491F3942E0B1870EED9F.e.2317/click - {}
RESULT: {}
COMMAND: GET /session/78806afaa9ff9027046ec8c7a0f946ae/screenshot - {}
RESULT: {}
COMMAND: POST /session/78806afaa9ff9027046ec8c7a0f946ae/element - {"using":"xpath","value":"//bdi[contains(text(), \"Close\")]"}
RESULT: {"using":"xpath","value":"//bdi[contains(text(), \"Close\")]"}
COMMAND: POST /session/78806afaa9ff9027046ec8c7a0f946ae/element/f.84765E1B68FB5990D5B9B6B6A2B6A00F.d.01AC6BEDBDEB491F3942E0B1870EED9F.e.2537/click - {}
RESULT: {}
COMMAND: GET /session/78806afaa9ff9027046ec8c7a0f946ae/screenshot - {}
RESULT: {}
COMMAND: POST /session/78806afaa9ff9027046ec8c7a0f946ae/element - {"using":"xpath","value":"(//button[contains(@id ,\"actionsToolbar-overflowButton\")])[1]"}
RESULT: {"using":"xpath","value":"(//button[contains(@id ,\"actionsToolbar-overflowButton\")])[1]"}
COMMAND: POST /session/78806afaa9ff9027046ec8c7a0f946ae/element/f.84765E1B68FB5990D5B9B6B6A2B6A00F.d.01AC6BEDBDEB491F3942E0B1870EED9F.e.2594/click - {}
RESULT: {}
COMMAND: GET /session/78806afaa9ff9027046ec8c7a0f946ae/screenshot - {}
RESULT: {}
COMMAND: POST /session/78806afaa9ff9027046ec8c7a0f946ae/element - {"using":"xpath","value":"//button[@data-kt=\"priceInfoButton\"]"}
RESULT: {"using":"xpath","value":"//button[@data-kt=\"priceInfoButton\"]"}
COMMAND: POST /session/78806afaa9ff9027046ec8c7a0f946ae/element/f.84765E1B68FB5990D5B9B6B6A2B6A00F.d.01AC6BEDBDEB491F3942E0B1870EED9F.e.2596/click - {}
RESULT: {}
COMMAND: GET /session/78806afaa9ff9027046ec8c7a0f946ae/screenshot - {}
RESULT: {}
COMMAND: POST /session/78806afaa9ff9027046ec8c7a0f946ae/element - {"using":"css selector","value":"#shell-header-logo"}
RESULT: {"using":"css selector","value":"#shell-header-logo"}
COMMAND: POST /session/78806afaa9ff9027046ec8c7a0f946ae/element/f.84765E1B68FB5990D5B9B6B6A2B6A00F.d.01AC6BEDBDEB491F3942E0B1870EED9F.e.1918/click - {}
RESULT: {}
COMMAND: GET /session/78806afaa9ff9027046ec8c7a0f946ae/screenshot - {}
RESULT: {}
]]></system-out>
    </testcase>
    <testcase classname="chrome.136_0_7103_93.windows.RU_Inventory_Mass_State_Change_Multiple_Items_US151066" name="Prerequisite Step 2 Should create a new material" time="111.048">
      <system-out><![CDATA[
RESULT: undefined
COMMAND: POST /session/78806afaa9ff9027046ec8c7a0f946ae/element - {"using":"xpath","value":"//*[@id=\"__tile39\"]"}
RESULT: {"using":"xpath","value":"//*[@id=\"__tile39\"]"}
COMMAND: POST /session/78806afaa9ff9027046ec8c7a0f946ae/element/f.84765E1B68FB5990D5B9B6B6A2B6A00F.d.01AC6BEDBDEB491F3942E0B1870EED9F.e.160/click - {}
RESULT: {}
COMMAND: GET /session/78806afaa9ff9027046ec8c7a0f946ae/screenshot - {}
RESULT: {}
COMMAND: POST /session/78806afaa9ff9027046ec8c7a0f946ae/elements - {"using":"xpath","value":"//span[text()='Error']"}
RESULT: {"using":"xpath","value":"//span[text()='Error']"}
COMMAND: POST /session/78806afaa9ff9027046ec8c7a0f946ae/element - {"using":"xpath","value":"//button[@data-kt=\"addNewRUOverflowToolbarButton\"]"}
RESULT: {"using":"xpath","value":"//button[@data-kt=\"addNewRUOverflowToolbarButton\"]"}
COMMAND: POST /session/78806afaa9ff9027046ec8c7a0f946ae/elements - {"using":"xpath","value":"//button[@data-kt=\"addNewRUOverflowToolbarButton\"]"}
RESULT: {"using":"xpath","value":"//button[@data-kt=\"addNewRUOverflowToolbarButton\"]"}
COMMAND: POST /session/78806afaa9ff9027046ec8c7a0f946ae/execute/sync - {"script":"<script> [8489 bytes]","args":[{"element-6066-11e4-a52e-4f735466cecf":"f.84765E1B68FB5990D5B9B6B6A2B6A00F.d.01AC6BEDBDEB491F3942E0B1870EED9F.e.2675","ELEMENT":"f.84765E1B68FB5990D5B9B6B6A2B6A00F.d.01AC6BEDBDEB491F3942E0B1870EED9F.e.2675"}]}
RESULT: {"script":"<script> [8489 bytes]","args":[{"element-6066-11e4-a52e-4f735466cecf":"f.84765E1B68FB5990D5B9B6B6A2B6A00F.d.01AC6BEDBDEB491F3942E0B1870EED9F.e.2675","ELEMENT":"f.84765E1B68FB5990D5B9B6B6A2B6A00F.d.01AC6BEDBDEB491F3942E0B1870EED9F.e.2675"}]}
COMMAND: GET /session/78806afaa9ff9027046ec8c7a0f946ae/element/f.84765E1B68FB5990D5B9B6B6A2B6A00F.d.01AC6BEDBDEB491F3942E0B1870EED9F.e.2675/enabled - {}
COMMAND: GET /session/78806afaa9ff9027046ec8c7a0f946ae/screenshot - {}
RESULT: {}
COMMAND: POST /session/78806afaa9ff9027046ec8c7a0f946ae/execute/sync - {"script":"<script> [8489 bytes]","args":[{"element-6066-11e4-a52e-4f735466cecf":"f.84765E1B68FB5990D5B9B6B6A2B6A00F.d.01AC6BEDBDEB491F3942E0B1870EED9F.e.2675","ELEMENT":"f.84765E1B68FB5990D5B9B6B6A2B6A00F.d.01AC6BEDBDEB491F3942E0B1870EED9F.e.2675"}]}
COMMAND: GET /session/78806afaa9ff9027046ec8c7a0f946ae/screenshot - {}
RESULT: {}
RESULT: {"script":"<script> [8489 bytes]","args":[{"element-6066-11e4-a52e-4f735466cecf":"f.84765E1B68FB5990D5B9B6B6A2B6A00F.d.01AC6BEDBDEB491F3942E0B1870EED9F.e.2675","ELEMENT":"f.84765E1B68FB5990D5B9B6B6A2B6A00F.d.01AC6BEDBDEB491F3942E0B1870EED9F.e.2675"}]}
COMMAND: POST /session/78806afaa9ff9027046ec8c7a0f946ae/execute/sync - {"script":"<script> [5351 bytes]","args":[{"element-6066-11e4-a52e-4f735466cecf":"f.84765E1B68FB5990D5B9B6B6A2B6A00F.d.01AC6BEDBDEB491F3942E0B1870EED9F.e.2675","ELEMENT":"f.84765E1B68FB5990D5B9B6B6A2B6A00F.d.01AC6BEDBDEB491F3942E0B1870EED9F.e.2675"}]}
COMMAND: GET /session/78806afaa9ff9027046ec8c7a0f946ae/screenshot - {}
RESULT: {}
RESULT: {"script":"<script> [5351 bytes]","args":[{"element-6066-11e4-a52e-4f735466cecf":"f.84765E1B68FB5990D5B9B6B6A2B6A00F.d.01AC6BEDBDEB491F3942E0B1870EED9F.e.2675","ELEMENT":"f.84765E1B68FB5990D5B9B6B6A2B6A00F.d.01AC6BEDBDEB491F3942E0B1870EED9F.e.2675"}]}
COMMAND: POST /session/78806afaa9ff9027046ec8c7a0f946ae/element/f.84765E1B68FB5990D5B9B6B6A2B6A00F.d.01AC6BEDBDEB491F3942E0B1870EED9F.e.2675/click - {}
COMMAND: GET /session/78806afaa9ff9027046ec8c7a0f946ae/screenshot - {}
RESULT: {}
RESULT: {}
COMMAND: GET /session/78806afaa9ff9027046ec8c7a0f946ae/screenshot - {}
RESULT: undefined
COMMAND: POST /session/78806afaa9ff9027046ec8c7a0f946ae/element - {"using":"xpath","value":"//*[@id=\"application-manageresources-display-component---newResourceUnit--TYPE-arrow\"]"}
RESULT: {}
RESULT: {}
RESULT: {"using":"xpath","value":"//*[@id=\"application-manageresources-display-component---newResourceUnit--TYPE-arrow\"]"}
COMMAND: POST /session/78806afaa9ff9027046ec8c7a0f946ae/element/f.84765E1B68FB5990D5B9B6B6A2B6A00F.d.01AC6BEDBDEB491F3942E0B1870EED9F.e.3034/click - {}
RESULT: {}
COMMAND: POST /session/78806afaa9ff9027046ec8c7a0f946ae/element - {"using":"xpath","value":"//input[@id=\"application-manageresources-display-component---newResourceUnit--TYPE-inner\"]"}
COMMAND: GET /session/78806afaa9ff9027046ec8c7a0f946ae/screenshot - {}
RESULT: {"using":"xpath","value":"//input[@id=\"application-manageresources-display-component---newResourceUnit--TYPE-inner\"]"}
COMMAND: POST /session/78806afaa9ff9027046ec8c7a0f946ae/element/f.84765E1B68FB5990D5B9B6B6A2B6A00F.d.01AC6BEDBDEB491F3942E0B1870EED9F.e.3015/clear - {}
RESULT: {}
RESULT: {}
COMMAND: POST /session/78806afaa9ff9027046ec8c7a0f946ae/element/f.84765E1B68FB5990D5B9B6B6A2B6A00F.d.01AC6BEDBDEB491F3942E0B1870EED9F.e.3015/value - {"text":"Material"}
COMMAND: GET /session/78806afaa9ff9027046ec8c7a0f946ae/screenshot - {}
RESULT: {"text":"Material"}
COMMAND: GET /session/78806afaa9ff9027046ec8c7a0f946ae/screenshot - {}
RESULT: {}
RESULT: {}
COMMAND: POST /session/78806afaa9ff9027046ec8c7a0f946ae/actions - {"actions":[{"id":"action15","type":"key","parameters":{},"actions":[{"type":"keyDown","value":""},{"type":"pause","duration":10},{"type":"keyUp","value":""}]}]}
RESULT: {"actions":[{"id":"action15","type":"key","parameters":{},"actions":[{"type":"keyDown","value":""},{"type":"pause","duration":10},{"type":"keyUp","value":""}]}]}
RESULT: undefined
COMMAND: POST /session/78806afaa9ff9027046ec8c7a0f946ae/execute/async - {"script":"<script> [776 bytes]","args":[{"enterText":"Cement WDIO","selector":{"id":"application-manageresources-display-component---newResourceUnit--SHORT_TEXT","interaction":{"idSuffix":"inner"}},"clearTextFirst":true,"interactionType":"ENTER_TEXT"}]}
COMMAND: GET /session/78806afaa9ff9027046ec8c7a0f946ae/screenshot - {}
RESULT: {"script":"<script> [776 bytes]","args":[{"enterText":"Cement WDIO","selector":{"id":"application-manageresources-display-component---newResourceUnit--SHORT_TEXT","interaction":{"idSuffix":"inner"}},"clearTextFirst":true,"interactionType":"ENTER_TEXT"}]}
RESULT: undefined
COMMAND: POST /session/78806afaa9ff9027046ec8c7a0f946ae/execute/async - {"script":"<script> [776 bytes]","args":[{"enterText":"Piece","selector":{"id":"application-manageresources-display-component---newResourceUnit--BASE_UNIT_OF_MEASURE","interaction":{"idSuffix":"inner"}},"clearTextFirst":true,"interactionType":"ENTER_TEXT"}]}
RESULT: {}
RESULT: {"script":"<script> [776 bytes]","args":[{"enterText":"Piece","selector":{"id":"application-manageresources-display-component---newResourceUnit--BASE_UNIT_OF_MEASURE","interaction":{"idSuffix":"inner"}},"clearTextFirst":true,"interactionType":"ENTER_TEXT"}]}
RESULT: undefined
COMMAND: POST /session/78806afaa9ff9027046ec8c7a0f946ae/execute/async - {"script":"<script> [776 bytes]","args":[{"enterText":"Gram","selector":{"id":"application-manageresources-display-component---newResourceUnit--WEIGHT_UNIT","interaction":{"idSuffix":"inner"}},"clearTextFirst":true,"interactionType":"ENTER_TEXT"}]}
RESULT: {"script":"<script> [776 bytes]","args":[{"enterText":"Gram","selector":{"id":"application-manageresources-display-component---newResourceUnit--WEIGHT_UNIT","interaction":{"idSuffix":"inner"}},"clearTextFirst":true,"interactionType":"ENTER_TEXT"}]}
RESULT: undefined
COMMAND: POST /session/78806afaa9ff9027046ec8c7a0f946ae/execute/async - {"script":"<script> [776 bytes]","args":[{"enterText":"Meter","selector":{"id":"application-manageresources-display-component---newResourceUnit--DIMENSION_UNIT","interaction":{"idSuffix":"inner"}},"clearTextFirst":true,"interactionType":"ENTER_TEXT"}]}
RESULT: {"script":"<script> [776 bytes]","args":[{"enterText":"Meter","selector":{"id":"application-manageresources-display-component---newResourceUnit--DIMENSION_UNIT","interaction":{"idSuffix":"inner"}},"clearTextFirst":true,"interactionType":"ENTER_TEXT"}]}
RESULT: undefined
COMMAND: POST /session/78806afaa9ff9027046ec8c7a0f946ae/element - {"using":"xpath","value":"//*[@id=\"application-manageresources-display-component---newResourceUnit--newRRUPage-anchBar-application-manageresources-display-component---newResourceUnit--control-anchor\"]"}
RESULT: {"using":"xpath","value":"//*[@id=\"application-manageresources-display-component---newResourceUnit--newRRUPage-anchBar-application-manageresources-display-component---newResourceUnit--control-anchor\"]"}
COMMAND: POST /session/78806afaa9ff9027046ec8c7a0f946ae/element/f.84765E1B68FB5990D5B9B6B6A2B6A00F.d.01AC6BEDBDEB491F3942E0B1870EED9F.e.3158/click - {}
RESULT: {}
RESULT: undefined
COMMAND: POST /session/78806afaa9ff9027046ec8c7a0f946ae/execute/async - {"script":"<script> [776 bytes]","args":[{"enterText":"Material","selector":{"id":"application-manageresources-display-component---newResourceUnit--PLANNING_GROUP","interaction":{"idSuffix":"inner"}},"clearTextFirst":true,"interactionType":"ENTER_TEXT"}]}
COMMAND: GET /session/78806afaa9ff9027046ec8c7a0f946ae/screenshot - {}
RESULT: {"script":"<script> [776 bytes]","args":[{"enterText":"Material","selector":{"id":"application-manageresources-display-component---newResourceUnit--PLANNING_GROUP","interaction":{"idSuffix":"inner"}},"clearTextFirst":true,"interactionType":"ENTER_TEXT"}]}
RESULT: {}
COMMAND: POST /session/78806afaa9ff9027046ec8c7a0f946ae/execute/async - {"script":"<script> [1562 bytes]","args":[{"selector":{"id":"application-manageresources-display-component---newResourceUnit--PLANNING_INDICATOR","interaction":{"idSuffix":"inner"}},"wdio_ui5_key":"applicationmanageresources-display-component---newResourceUnit--PLANNING_INDICATOR"}]}
RESULT: {"script":"<script> [1562 bytes]","args":[{"selector":{"id":"application-manageresources-display-component---newResourceUnit--PLANNING_INDICATOR","interaction":{"idSuffix":"inner"}},"wdio_ui5_key":"applicationmanageresources-display-component---newResourceUnit--PLANNING_INDICATOR"}]}
RESULT: undefined
COMMAND: POST /session/78806afaa9ff9027046ec8c7a0f946ae/execute/async - {"script":"<script> [776 bytes]","args":[{"enterText":"10 - infinite","selector":{"id":"application-manageresources-display-component---newResourceUnit--PLANNING_INDICATOR","interaction":{"idSuffix":"inner"}},"clearTextFirst":true,"interactionType":"ENTER_TEXT"}]}
RESULT: {"script":"<script> [776 bytes]","args":[{"enterText":"10 - infinite","selector":{"id":"application-manageresources-display-component---newResourceUnit--PLANNING_INDICATOR","interaction":{"idSuffix":"inner"}},"clearTextFirst":true,"interactionType":"ENTER_TEXT"}]}
COMMAND: POST /session/78806afaa9ff9027046ec8c7a0f946ae/element - {"using":"css selector","value":"#application-manageresources-display-component---newResourceUnit--btnAddTimeSegment"}
RESULT: {"using":"css selector","value":"#application-manageresources-display-component---newResourceUnit--btnAddTimeSegment"}
COMMAND: GET /session/78806afaa9ff9027046ec8c7a0f946ae/element/f.84765E1B68FB5990D5B9B6B6A2B6A00F.d.01AC6BEDBDEB491F3942E0B1870EED9F.e.3165/rect - {}
RESULT: {}
COMMAND: GET /session/78806afaa9ff9027046ec8c7a0f946ae/window/rect - {}
RESULT: {}
COMMAND: POST /session/78806afaa9ff9027046ec8c7a0f946ae/execute/sync - {"script":"<script> [92 bytes]","args":[]}
RESULT: {"script":"<script> [92 bytes]","args":[]}
COMMAND: POST /session/78806afaa9ff9027046ec8c7a0f946ae/actions - {"actions":[{"id":"action16","type":"wheel","parameters":{},"actions":[{"type":"scroll","x":-1888,"y":-32,"deltaX":0,"deltaY":0,"duration":0,"origin":{"element-6066-11e4-a52e-4f735466cecf":"f.84765E1B68FB5990D5B9B6B6A2B6A00F.d.01AC6BEDBDEB491F3942E0B1870EED9F.e.3165"}}]}]}
COMMAND: GET /session/78806afaa9ff9027046ec8c7a0f946ae/screenshot - {}
RESULT: {}
COMMAND: POST /session/78806afaa9ff9027046ec8c7a0f946ae/execute/sync - {"script":"<script> [79 bytes]","args":[{"element-6066-11e4-a52e-4f735466cecf":"f.84765E1B68FB5990D5B9B6B6A2B6A00F.d.01AC6BEDBDEB491F3942E0B1870EED9F.e.3165","ELEMENT":"f.84765E1B68FB5990D5B9B6B6A2B6A00F.d.01AC6BEDBDEB491F3942E0B1870EED9F.e.3165"},{"block":"start","inline":"nearest"}]}
RESULT: {"script":"<script> [79 bytes]","args":[{"element-6066-11e4-a52e-4f735466cecf":"f.84765E1B68FB5990D5B9B6B6A2B6A00F.d.01AC6BEDBDEB491F3942E0B1870EED9F.e.3165","ELEMENT":"f.84765E1B68FB5990D5B9B6B6A2B6A00F.d.01AC6BEDBDEB491F3942E0B1870EED9F.e.3165"},{"block":"start","inline":"nearest"}]}
RESULT: undefined
COMMAND: POST /session/78806afaa9ff9027046ec8c7a0f946ae/element - {"using":"xpath","value":"//*[@id=\"application-manageresources-display-component---newResourceUnit--btnAddTimeSegment\"]"}
COMMAND: GET /session/78806afaa9ff9027046ec8c7a0f946ae/screenshot - {}
RESULT: {"using":"xpath","value":"//*[@id=\"application-manageresources-display-component---newResourceUnit--btnAddTimeSegment\"]"}
COMMAND: POST /session/78806afaa9ff9027046ec8c7a0f946ae/element/f.84765E1B68FB5990D5B9B6B6A2B6A00F.d.01AC6BEDBDEB491F3942E0B1870EED9F.e.3165/click - {}
RESULT: {}
RESULT: {}
COMMAND: GET /session/78806afaa9ff9027046ec8c7a0f946ae/screenshot - {}
RESULT: {}
COMMAND: POST /session/78806afaa9ff9027046ec8c7a0f946ae/element - {"using":"xpath","value":"//input[@id=\"application-manageresources-display-component---newResourceUnit--idRuTSAdmin-application-manageresources-display-component---newResourceUnit--RUTimeSegment-0-inner\"]"}
RESULT: {"using":"xpath","value":"//input[@id=\"application-manageresources-display-component---newResourceUnit--idRuTSAdmin-application-manageresources-display-component---newResourceUnit--RUTimeSegment-0-inner\"]"}
COMMAND: POST /session/78806afaa9ff9027046ec8c7a0f946ae/element/f.84765E1B68FB5990D5B9B6B6A2B6A00F.d.01AC6BEDBDEB491F3942E0B1870EED9F.e.3169/clear - {}
RESULT: {}
COMMAND: POST /session/78806afaa9ff9027046ec8c7a0f946ae/element/f.84765E1B68FB5990D5B9B6B6A2B6A00F.d.01AC6BEDBDEB491F3942E0B1870EED9F.e.3169/value - {"text":"109"}
COMMAND: GET /session/78806afaa9ff9027046ec8c7a0f946ae/screenshot - {}
RESULT: {"text":"109"}
COMMAND: GET /session/78806afaa9ff9027046ec8c7a0f946ae/screenshot - {}
RESULT: {}
RESULT: {}
COMMAND: POST /session/78806afaa9ff9027046ec8c7a0f946ae/element - {"using":"xpath","value":"//li[.//span[text()='109']]"}
RESULT: {"using":"xpath","value":"//li[.//span[text()='109']]"}
COMMAND: POST /session/78806afaa9ff9027046ec8c7a0f946ae/element/f.84765E1B68FB5990D5B9B6B6A2B6A00F.d.01AC6BEDBDEB491F3942E0B1870EED9F.e.3178/click - {}
RESULT: {}
COMMAND: GET /session/78806afaa9ff9027046ec8c7a0f946ae/screenshot - {}
RESULT: {}
COMMAND: POST /session/78806afaa9ff9027046ec8c7a0f946ae/element - {"using":"xpath","value":"(//span[contains(@id, \"-application-manageresources-display-component---newResourceUnit--RUTimeSegment-0-arrow\")])[2]"}
RESULT: {"using":"xpath","value":"(//span[contains(@id, \"-application-manageresources-display-component---newResourceUnit--RUTimeSegment-0-arrow\")])[2]"}
COMMAND: POST /session/78806afaa9ff9027046ec8c7a0f946ae/element/f.84765E1B68FB5990D5B9B6B6A2B6A00F.d.01AC6BEDBDEB491F3942E0B1870EED9F.e.3179/click - {}
RESULT: {}
COMMAND: POST /session/78806afaa9ff9027046ec8c7a0f946ae/element - {"using":"xpath","value":"//span[contains(text(), \"PM Order\")]"}
COMMAND: GET /session/78806afaa9ff9027046ec8c7a0f946ae/screenshot - {}
RESULT: {"using":"xpath","value":"//span[contains(text(), \"PM Order\")]"}
COMMAND: POST /session/78806afaa9ff9027046ec8c7a0f946ae/element/f.84765E1B68FB5990D5B9B6B6A2B6A00F.d.01AC6BEDBDEB491F3942E0B1870EED9F.e.3180/click - {}
RESULT: {}
RESULT: {}
COMMAND: GET /session/78806afaa9ff9027046ec8c7a0f946ae/screenshot - {}
RESULT: {}
COMMAND: POST /session/78806afaa9ff9027046ec8c7a0f946ae/element - {"using":"xpath","value":"//td/div/div/div/span[contains(@id, \"newResourceUnit--RUTimeSegment-0-vhi\")][1]"}
RESULT: {"using":"xpath","value":"//td/div/div/div/span[contains(@id, \"newResourceUnit--RUTimeSegment-0-vhi\")][1]"}
COMMAND: GET /session/78806afaa9ff9027046ec8c7a0f946ae/element/f.84765E1B68FB5990D5B9B6B6A2B6A00F.d.01AC6BEDBDEB491F3942E0B1870EED9F.e.3184/rect - {}
RESULT: {}
COMMAND: GET /session/78806afaa9ff9027046ec8c7a0f946ae/window/rect - {}
RESULT: {}
COMMAND: POST /session/78806afaa9ff9027046ec8c7a0f946ae/execute/sync - {"script":"<script> [92 bytes]","args":[]}
RESULT: {"script":"<script> [92 bytes]","args":[]}
COMMAND: POST /session/78806afaa9ff9027046ec8c7a0f946ae/actions - {"actions":[{"id":"action17","type":"wheel","parameters":{},"actions":[{"type":"scroll","x":-1888,"y":-24,"deltaX":0,"deltaY":0,"duration":0,"origin":{"element-6066-11e4-a52e-4f735466cecf":"f.84765E1B68FB5990D5B9B6B6A2B6A00F.d.01AC6BEDBDEB491F3942E0B1870EED9F.e.3184"}}]}]}
COMMAND: GET /session/78806afaa9ff9027046ec8c7a0f946ae/screenshot - {}
RESULT: {}
COMMAND: POST /session/78806afaa9ff9027046ec8c7a0f946ae/execute/sync - {"script":"<script> [79 bytes]","args":[{"element-6066-11e4-a52e-4f735466cecf":"f.84765E1B68FB5990D5B9B6B6A2B6A00F.d.01AC6BEDBDEB491F3942E0B1870EED9F.e.3184","ELEMENT":"f.84765E1B68FB5990D5B9B6B6A2B6A00F.d.01AC6BEDBDEB491F3942E0B1870EED9F.e.3184"},{"block":"start","inline":"nearest"}]}
RESULT: {"script":"<script> [79 bytes]","args":[{"element-6066-11e4-a52e-4f735466cecf":"f.84765E1B68FB5990D5B9B6B6A2B6A00F.d.01AC6BEDBDEB491F3942E0B1870EED9F.e.3184","ELEMENT":"f.84765E1B68FB5990D5B9B6B6A2B6A00F.d.01AC6BEDBDEB491F3942E0B1870EED9F.e.3184"},{"block":"start","inline":"nearest"}]}
COMMAND: GET /session/78806afaa9ff9027046ec8c7a0f946ae/screenshot - {}
RESULT: {}
COMMAND: POST /session/78806afaa9ff9027046ec8c7a0f946ae/element/f.84765E1B68FB5990D5B9B6B6A2B6A00F.d.01AC6BEDBDEB491F3942E0B1870EED9F.e.3184/click - {}
RESULT: {}
COMMAND: GET /session/78806afaa9ff9027046ec8c7a0f946ae/screenshot - {}
RESULT: {}
RESULT: undefined
COMMAND: POST /session/78806afaa9ff9027046ec8c7a0f946ae/execute/async - {"script":"<script> [776 bytes]","args":[{"enterText":"4000360","selector":{"controlType":"sap.m.SearchField","properties":{"placeholder":"Search"},"searchOpenDialogs":true,"interaction":{"idSuffix":"I"}},"clearTextFirst":true,"interactionType":"ENTER_TEXT"}]}
RESULT: {"script":"<script> [776 bytes]","args":[{"enterText":"4000360","selector":{"controlType":"sap.m.SearchField","properties":{"placeholder":"Search"},"searchOpenDialogs":true,"interaction":{"idSuffix":"I"}},"clearTextFirst":true,"interactionType":"ENTER_TEXT"}]}
COMMAND: POST /session/78806afaa9ff9027046ec8c7a0f946ae/actions - {"actions":[{"id":"action18","type":"key","parameters":{},"actions":[{"type":"keyDown","value":""},{"type":"pause","duration":10},{"type":"keyUp","value":""}]}]}
RESULT: {"actions":[{"id":"action18","type":"key","parameters":{},"actions":[{"type":"keyDown","value":""},{"type":"pause","duration":10},{"type":"keyUp","value":""}]}]}
COMMAND: GET /session/78806afaa9ff9027046ec8c7a0f946ae/screenshot - {}
RESULT: {}
COMMAND: POST /session/78806afaa9ff9027046ec8c7a0f946ae/element - {"using":"xpath","value":"//td/div/span[contains(text(), \"BGL Vehicles\")]"}
RESULT: {"using":"xpath","value":"//td/div/span[contains(text(), \"BGL Vehicles\")]"}
COMMAND: POST /session/78806afaa9ff9027046ec8c7a0f946ae/element/f.84765E1B68FB5990D5B9B6B6A2B6A00F.d.01AC6BEDBDEB491F3942E0B1870EED9F.e.3203/click - {}
RESULT: {}
COMMAND: GET /session/78806afaa9ff9027046ec8c7a0f946ae/screenshot - {}
RESULT: {}
COMMAND: POST /session/78806afaa9ff9027046ec8c7a0f946ae/element - {"using":"xpath","value":"//bdi[contains(text(), \"OK\")]"}
RESULT: {"using":"xpath","value":"//bdi[contains(text(), \"OK\")]"}
COMMAND: POST /session/78806afaa9ff9027046ec8c7a0f946ae/element/f.84765E1B68FB5990D5B9B6B6A2B6A00F.d.01AC6BEDBDEB491F3942E0B1870EED9F.e.3204/click - {}
RESULT: {}
COMMAND: GET /session/78806afaa9ff9027046ec8c7a0f946ae/screenshot - {}
RESULT: {}
COMMAND: POST /session/78806afaa9ff9027046ec8c7a0f946ae/element - {"using":"xpath","value":"//label[contains(@class, 'sapMLabelRequired') and .//bdi[contains(text(), 'Planned Retirement')]]"}
RESULT: {"using":"xpath","value":"//label[contains(@class, 'sapMLabelRequired') and .//bdi[contains(text(), 'Planned Retirement')]]"}
COMMAND: POST /session/78806afaa9ff9027046ec8c7a0f946ae/elements - {"using":"xpath","value":"//label[contains(@class, 'sapMLabelRequired') and .//bdi[contains(text(), 'Planned Retirement')]]"}
RESULT: {"using":"xpath","value":"//label[contains(@class, 'sapMLabelRequired') and .//bdi[contains(text(), 'Planned Retirement')]]"}
COMMAND: POST /session/78806afaa9ff9027046ec8c7a0f946ae/element - {"using":"xpath","value":"//button[@data-kt=\"resourceUnitSaveButton\"]"}
RESULT: {"using":"xpath","value":"//button[@data-kt=\"resourceUnitSaveButton\"]"}
COMMAND: POST /session/78806afaa9ff9027046ec8c7a0f946ae/element/f.84765E1B68FB5990D5B9B6B6A2B6A00F.d.01AC6BEDBDEB491F3942E0B1870EED9F.e.3050/click - {}
RESULT: {}
COMMAND: GET /session/78806afaa9ff9027046ec8c7a0f946ae/screenshot - {}
RESULT: {}
COMMAND: POST /session/78806afaa9ff9027046ec8c7a0f946ae/element - {"using":"xpath","value":"//bdi[contains(text(), \"Close\")]"}
RESULT: {"using":"xpath","value":"//bdi[contains(text(), \"Close\")]"}
COMMAND: POST /session/78806afaa9ff9027046ec8c7a0f946ae/element/f.84765E1B68FB5990D5B9B6B6A2B6A00F.d.01AC6BEDBDEB491F3942E0B1870EED9F.e.3211/click - {}
RESULT: {}
COMMAND: GET /session/78806afaa9ff9027046ec8c7a0f946ae/screenshot - {}
RESULT: {}
COMMAND: POST /session/78806afaa9ff9027046ec8c7a0f946ae/element - {"using":"xpath","value":"//header[contains(@id, 'detailRruPage-headerTitle')]/div[1]/div[2]/div[2]/span[1]"}
RESULT: {"using":"xpath","value":"//header[contains(@id, 'detailRruPage-headerTitle')]/div[1]/div[2]/div[2]/span[1]"}
COMMAND: POST /session/78806afaa9ff9027046ec8c7a0f946ae/elements - {"using":"xpath","value":"//header[contains(@id, 'detailRruPage-headerTitle')]/div[1]/div[2]/div[2]/span[1]"}
RESULT: {"using":"xpath","value":"//header[contains(@id, 'detailRruPage-headerTitle')]/div[1]/div[2]/div[2]/span[1]"}
COMMAND: POST /session/78806afaa9ff9027046ec8c7a0f946ae/execute/sync - {"script":"<script> [56 bytes]","args":[{"element-6066-11e4-a52e-4f735466cecf":"f.84765E1B68FB5990D5B9B6B6A2B6A00F.d.01AC6BEDBDEB491F3942E0B1870EED9F.e.3239","ELEMENT":"f.84765E1B68FB5990D5B9B6B6A2B6A00F.d.01AC6BEDBDEB491F3942E0B1870EED9F.e.3239"}]}
RESULT: {"script":"<script> [56 bytes]","args":[{"element-6066-11e4-a52e-4f735466cecf":"f.84765E1B68FB5990D5B9B6B6A2B6A00F.d.01AC6BEDBDEB491F3942E0B1870EED9F.e.3239","ELEMENT":"f.84765E1B68FB5990D5B9B6B6A2B6A00F.d.01AC6BEDBDEB491F3942E0B1870EED9F.e.3239"}]}
COMMAND: POST /session/78806afaa9ff9027046ec8c7a0f946ae/element - {"using":"css selector","value":"#shell-header-logo"}
COMMAND: GET /session/78806afaa9ff9027046ec8c7a0f946ae/screenshot - {}
RESULT: {"using":"css selector","value":"#shell-header-logo"}
COMMAND: POST /session/78806afaa9ff9027046ec8c7a0f946ae/element/f.84765E1B68FB5990D5B9B6B6A2B6A00F.d.01AC6BEDBDEB491F3942E0B1870EED9F.e.2634/click - {}
RESULT: {}
RESULT: {}
COMMAND: GET /session/78806afaa9ff9027046ec8c7a0f946ae/screenshot - {}
RESULT: {}
]]></system-out>
    </testcase>
    <testcase classname="chrome.136_0_7103_93.windows.RU_Inventory_Mass_State_Change_Multiple_Items_US151066" name="Prerequisite Step 2 Should do a stock increase handover for the equipment" time="87.607">
      <system-out><![CDATA[
COMMAND: POST /session/78806afaa9ff9027046ec8c7a0f946ae/execute/async - {"script":"<script> [1562 bytes]","args":[{"selector":{"controlType":"sap.m.GenericTile","properties":{"header":"Manage Handovers"}},"wdio_ui5_key":"sapm.GenericTile{\"header\":\"Manage Handovers\"}"}]}
RESULT: {"script":"<script> [1562 bytes]","args":[{"selector":{"controlType":"sap.m.GenericTile","properties":{"header":"Manage Handovers"}},"wdio_ui5_key":"sapm.GenericTile{\"header\":\"Manage Handovers\"}"}]}
RESULT: undefined
COMMAND: POST /session/78806afaa9ff9027046ec8c7a0f946ae/element - {"using":"xpath","value":"//*[@id=\"__tile132\"]"}
RESULT: {"using":"xpath","value":"//*[@id=\"__tile132\"]"}
COMMAND: POST /session/78806afaa9ff9027046ec8c7a0f946ae/element/f.84765E1B68FB5990D5B9B6B6A2B6A00F.d.01AC6BEDBDEB491F3942E0B1870EED9F.e.234/click - {}
RESULT: {}
COMMAND: GET /session/78806afaa9ff9027046ec8c7a0f946ae/screenshot - {}
RESULT: {}
COMMAND: POST /session/78806afaa9ff9027046ec8c7a0f946ae/elements - {"using":"xpath","value":"//span[text()='Error']"}
RESULT: {"using":"xpath","value":"//span[text()='Error']"}
COMMAND: POST /session/78806afaa9ff9027046ec8c7a0f946ae/element - {"using":"xpath","value":"//button[@data-kt=\"masterHOAddButton\"]"}
RESULT: {"using":"xpath","value":"//button[@data-kt=\"masterHOAddButton\"]"}
COMMAND: POST /session/78806afaa9ff9027046ec8c7a0f946ae/elements - {"using":"xpath","value":"//button[@data-kt=\"masterHOAddButton\"]"}
RESULT: {"using":"xpath","value":"//button[@data-kt=\"masterHOAddButton\"]"}
COMMAND: POST /session/78806afaa9ff9027046ec8c7a0f946ae/execute/sync - {"script":"<script> [8489 bytes]","args":[{"element-6066-11e4-a52e-4f735466cecf":"f.84765E1B68FB5990D5B9B6B6A2B6A00F.d.01AC6BEDBDEB491F3942E0B1870EED9F.e.3276","ELEMENT":"f.84765E1B68FB5990D5B9B6B6A2B6A00F.d.01AC6BEDBDEB491F3942E0B1870EED9F.e.3276"}]}
RESULT: {"script":"<script> [8489 bytes]","args":[{"element-6066-11e4-a52e-4f735466cecf":"f.84765E1B68FB5990D5B9B6B6A2B6A00F.d.01AC6BEDBDEB491F3942E0B1870EED9F.e.3276","ELEMENT":"f.84765E1B68FB5990D5B9B6B6A2B6A00F.d.01AC6BEDBDEB491F3942E0B1870EED9F.e.3276"}]}
COMMAND: GET /session/78806afaa9ff9027046ec8c7a0f946ae/element/f.84765E1B68FB5990D5B9B6B6A2B6A00F.d.01AC6BEDBDEB491F3942E0B1870EED9F.e.3276/enabled - {}
COMMAND: GET /session/78806afaa9ff9027046ec8c7a0f946ae/screenshot - {}
RESULT: {}
COMMAND: POST /session/78806afaa9ff9027046ec8c7a0f946ae/execute/sync - {"script":"<script> [8489 bytes]","args":[{"element-6066-11e4-a52e-4f735466cecf":"f.84765E1B68FB5990D5B9B6B6A2B6A00F.d.01AC6BEDBDEB491F3942E0B1870EED9F.e.3276","ELEMENT":"f.84765E1B68FB5990D5B9B6B6A2B6A00F.d.01AC6BEDBDEB491F3942E0B1870EED9F.e.3276"}]}
COMMAND: GET /session/78806afaa9ff9027046ec8c7a0f946ae/screenshot - {}
RESULT: {}
RESULT: {"script":"<script> [8489 bytes]","args":[{"element-6066-11e4-a52e-4f735466cecf":"f.84765E1B68FB5990D5B9B6B6A2B6A00F.d.01AC6BEDBDEB491F3942E0B1870EED9F.e.3276","ELEMENT":"f.84765E1B68FB5990D5B9B6B6A2B6A00F.d.01AC6BEDBDEB491F3942E0B1870EED9F.e.3276"}]}
COMMAND: POST /session/78806afaa9ff9027046ec8c7a0f946ae/execute/sync - {"script":"<script> [5351 bytes]","args":[{"element-6066-11e4-a52e-4f735466cecf":"f.84765E1B68FB5990D5B9B6B6A2B6A00F.d.01AC6BEDBDEB491F3942E0B1870EED9F.e.3276","ELEMENT":"f.84765E1B68FB5990D5B9B6B6A2B6A00F.d.01AC6BEDBDEB491F3942E0B1870EED9F.e.3276"}]}
COMMAND: GET /session/78806afaa9ff9027046ec8c7a0f946ae/screenshot - {}
RESULT: {}
RESULT: {"script":"<script> [5351 bytes]","args":[{"element-6066-11e4-a52e-4f735466cecf":"f.84765E1B68FB5990D5B9B6B6A2B6A00F.d.01AC6BEDBDEB491F3942E0B1870EED9F.e.3276","ELEMENT":"f.84765E1B68FB5990D5B9B6B6A2B6A00F.d.01AC6BEDBDEB491F3942E0B1870EED9F.e.3276"}]}
COMMAND: POST /session/78806afaa9ff9027046ec8c7a0f946ae/element/f.84765E1B68FB5990D5B9B6B6A2B6A00F.d.01AC6BEDBDEB491F3942E0B1870EED9F.e.3276/click - {}
COMMAND: GET /session/78806afaa9ff9027046ec8c7a0f946ae/screenshot - {}
RESULT: {}
RESULT: {}
COMMAND: GET /session/78806afaa9ff9027046ec8c7a0f946ae/screenshot - {}
RESULT: {}
COMMAND: POST /session/78806afaa9ff9027046ec8c7a0f946ae/element - {"using":"xpath","value":"//span[contains(@id ,\"AddNewHO--typeSelect-arrow\")]"}
RESULT: {}
RESULT: {"using":"xpath","value":"//span[contains(@id ,\"AddNewHO--typeSelect-arrow\")]"}
COMMAND: POST /session/78806afaa9ff9027046ec8c7a0f946ae/element/f.84765E1B68FB5990D5B9B6B6A2B6A00F.d.01AC6BEDBDEB491F3942E0B1870EED9F.e.3641/click - {}
RESULT: {}
COMMAND: GET /session/78806afaa9ff9027046ec8c7a0f946ae/screenshot - {}
RESULT: {}
COMMAND: POST /session/78806afaa9ff9027046ec8c7a0f946ae/element - {"using":"xpath","value":"(//li[contains(text(), \"stock increase yard\")])[1]"}
RESULT: {"using":"xpath","value":"(//li[contains(text(), \"stock increase yard\")])[1]"}
COMMAND: POST /session/78806afaa9ff9027046ec8c7a0f946ae/element/f.84765E1B68FB5990D5B9B6B6A2B6A00F.d.01AC6BEDBDEB491F3942E0B1870EED9F.e.3642/click - {}
RESULT: {}
COMMAND: GET /session/78806afaa9ff9027046ec8c7a0f946ae/screenshot - {}
RESULT: {}
COMMAND: POST /session/78806afaa9ff9027046ec8c7a0f946ae/execute/async - {"script":"<script> [1562 bytes]","args":[{"selector":{"id":"application-managehandovers-display-component---AddNewHO--dueDate","interaction":{"idSuffix":"inner"}},"wdio_ui5_key":"applicationmanagehandovers-display-component---AddNewHO--dueDate"}]}
RESULT: {"script":"<script> [1562 bytes]","args":[{"selector":{"id":"application-managehandovers-display-component---AddNewHO--dueDate","interaction":{"idSuffix":"inner"}},"wdio_ui5_key":"applicationmanagehandovers-display-component---AddNewHO--dueDate"}]}
RESULT: undefined
COMMAND: POST /session/78806afaa9ff9027046ec8c7a0f946ae/execute/async - {"script":"<script> [6424 bytes]","args":[{"element-6066-11e4-a52e-4f735466cecf":"f.84765E1B68FB5990D5B9B6B6A2B6A00F.d.01AC6BEDBDEB491F3942E0B1870EED9F.e.3644"},"setValue",["5/28/25"]]}
RESULT: {"script":"<script> [6424 bytes]","args":[{"element-6066-11e4-a52e-4f735466cecf":"f.84765E1B68FB5990D5B9B6B6A2B6A00F.d.01AC6BEDBDEB491F3942E0B1870EED9F.e.3644"},"setValue",["5/28/25"]]}
COMMAND: POST /session/78806afaa9ff9027046ec8c7a0f946ae/element - {"using":"xpath","value":"//input[@id=\"generalSectionFrg--receiveYard-inner\"]"}
RESULT: {"using":"xpath","value":"//input[@id=\"generalSectionFrg--receiveYard-inner\"]"}
COMMAND: POST /session/78806afaa9ff9027046ec8c7a0f946ae/element/f.84765E1B68FB5990D5B9B6B6A2B6A00F.d.01AC6BEDBDEB491F3942E0B1870EED9F.e.3650/clear - {}
RESULT: {}
COMMAND: POST /session/78806afaa9ff9027046ec8c7a0f946ae/element/f.84765E1B68FB5990D5B9B6B6A2B6A00F.d.01AC6BEDBDEB491F3942E0B1870EED9F.e.3650/value - {"text":"109"}
COMMAND: GET /session/78806afaa9ff9027046ec8c7a0f946ae/screenshot - {}
RESULT: {"text":"109"}
COMMAND: GET /session/78806afaa9ff9027046ec8c7a0f946ae/screenshot - {}
RESULT: {}
RESULT: {}
COMMAND: POST /session/78806afaa9ff9027046ec8c7a0f946ae/element - {"using":"xpath","value":"//li[.//span[text()='109']]"}
RESULT: {"using":"xpath","value":"//li[.//span[text()='109']]"}
COMMAND: POST /session/78806afaa9ff9027046ec8c7a0f946ae/element/f.84765E1B68FB5990D5B9B6B6A2B6A00F.d.01AC6BEDBDEB491F3942E0B1870EED9F.e.3668/click - {}
RESULT: {}
COMMAND: GET /session/78806afaa9ff9027046ec8c7a0f946ae/screenshot - {}
RESULT: {}
COMMAND: POST /session/78806afaa9ff9027046ec8c7a0f946ae/execute/async - {"script":"<script> [1562 bytes]","args":[{"selector":{"id":"application-managehandovers-display-component---AddNewHO--ObjectPageLayout-anchBar-application-managehandovers-display-component---AddNewHO--section4-anchor","interaction":{"idSuffix":"BDI-content"}},"wdio_ui5_key":"applicationmanagehandovers-display-component---AddNewHO--ObjectPageLayout-anchBar-application-managehandovers-display-component---AddNewHO--section4-anchor"}]}
RESULT: {"script":"<script> [1562 bytes]","args":[{"selector":{"id":"application-managehandovers-display-component---AddNewHO--ObjectPageLayout-anchBar-application-managehandovers-display-component---AddNewHO--section4-anchor","interaction":{"idSuffix":"BDI-content"}},"wdio_ui5_key":"applicationmanagehandovers-display-component---AddNewHO--ObjectPageLayout-anchBar-application-managehandovers-display-component---AddNewHO--section4-anchor"}]}
RESULT: undefined
COMMAND: POST /session/78806afaa9ff9027046ec8c7a0f946ae/element - {"using":"xpath","value":"//*[@id=\"application-managehandovers-display-component---AddNewHO--ObjectPageLayout-anchBar-application-managehandovers-display-component---AddNewHO--section4-anchor\"]"}
RESULT: {"using":"xpath","value":"//*[@id=\"application-managehandovers-display-component---AddNewHO--ObjectPageLayout-anchBar-application-managehandovers-display-component---AddNewHO--section4-anchor\"]"}
COMMAND: POST /session/78806afaa9ff9027046ec8c7a0f946ae/element/f.84765E1B68FB5990D5B9B6B6A2B6A00F.d.01AC6BEDBDEB491F3942E0B1870EED9F.e.3670/click - {}
RESULT: {}
COMMAND: POST /session/78806afaa9ff9027046ec8c7a0f946ae/element - {"using":"xpath","value":"//button[@aria-label=\"Add\"]"}
COMMAND: GET /session/78806afaa9ff9027046ec8c7a0f946ae/screenshot - {}
RESULT: {"using":"xpath","value":"//button[@aria-label=\"Add\"]"}
COMMAND: POST /session/78806afaa9ff9027046ec8c7a0f946ae/element/f.84765E1B68FB5990D5B9B6B6A2B6A00F.d.01AC6BEDBDEB491F3942E0B1870EED9F.e.3672/click - {}
RESULT: {}
RESULT: {}
COMMAND: GET /session/78806afaa9ff9027046ec8c7a0f946ae/screenshot - {}
RESULT: {}
COMMAND: POST /session/78806afaa9ff9027046ec8c7a0f946ae/execute/async - {"script":"<script> [1562 bytes]","args":[{"selector":{"id":"application-managehandovers-display-component---AddNewHO--smartFilterBar-btnBasicSearch","searchOpenDialogs":true,"interaction":{"idSuffix":"I"}},"wdio_ui5_key":"applicationmanagehandovers-display-component---AddNewHO--smartFilterBar-btnBasicSearch"}]}
RESULT: {"script":"<script> [1562 bytes]","args":[{"selector":{"id":"application-managehandovers-display-component---AddNewHO--smartFilterBar-btnBasicSearch","searchOpenDialogs":true,"interaction":{"idSuffix":"I"}},"wdio_ui5_key":"applicationmanagehandovers-display-component---AddNewHO--smartFilterBar-btnBasicSearch"}]}
RESULT: undefined
COMMAND: POST /session/78806afaa9ff9027046ec8c7a0f946ae/execute/async - {"script":"<script> [776 bytes]","args":[{"enterText":"S5uXXiHwE2","selector":{"id":"application-managehandovers-display-component---AddNewHO--smartFilterBar-btnBasicSearch","searchOpenDialogs":true,"interaction":{"idSuffix":"I"}},"clearTextFirst":true,"interactionType":"ENTER_TEXT"}]}
RESULT: {"script":"<script> [776 bytes]","args":[{"enterText":"S5uXXiHwE2","selector":{"id":"application-managehandovers-display-component---AddNewHO--smartFilterBar-btnBasicSearch","searchOpenDialogs":true,"interaction":{"idSuffix":"I"}},"clearTextFirst":true,"interactionType":"ENTER_TEXT"}]}
COMMAND: POST /session/78806afaa9ff9027046ec8c7a0f946ae/actions - {"actions":[{"id":"action19","type":"key","parameters":{},"actions":[{"type":"keyDown","value":""},{"type":"pause","duration":10},{"type":"keyUp","value":""}]}]}
RESULT: {"actions":[{"id":"action19","type":"key","parameters":{},"actions":[{"type":"keyDown","value":""},{"type":"pause","duration":10},{"type":"keyUp","value":""}]}]}
COMMAND: GET /session/78806afaa9ff9027046ec8c7a0f946ae/screenshot - {}
RESULT: {}
COMMAND: POST /session/78806afaa9ff9027046ec8c7a0f946ae/execute/async - {"script":"<script> [1562 bytes]","args":[{"selector":{"id":"application-managehandovers-display-component---AddNewHO--popup-sa","searchOpenDialogs":true,"interaction":{"idSuffix":"CbBg"}},"wdio_ui5_key":"applicationmanagehandovers-display-component---AddNewHO--popup-sa"}]}
RESULT: {"script":"<script> [1562 bytes]","args":[{"selector":{"id":"application-managehandovers-display-component---AddNewHO--popup-sa","searchOpenDialogs":true,"interaction":{"idSuffix":"CbBg"}},"wdio_ui5_key":"applicationmanagehandovers-display-component---AddNewHO--popup-sa"}]}
RESULT: undefined
COMMAND: POST /session/78806afaa9ff9027046ec8c7a0f946ae/element - {"using":"xpath","value":"//*[@id=\"application-managehandovers-display-component---AddNewHO--popup-sa\"]"}
RESULT: {"using":"xpath","value":"//*[@id=\"application-managehandovers-display-component---AddNewHO--popup-sa\"]"}
COMMAND: POST /session/78806afaa9ff9027046ec8c7a0f946ae/element/f.84765E1B68FB5990D5B9B6B6A2B6A00F.d.01AC6BEDBDEB491F3942E0B1870EED9F.e.3828/click - {}
RESULT: {}
COMMAND: GET /session/78806afaa9ff9027046ec8c7a0f946ae/screenshot - {}
RESULT: {}
COMMAND: POST /session/78806afaa9ff9027046ec8c7a0f946ae/element - {"using":"xpath","value":"//bdi[contains(text(), \"Select\")]"}
RESULT: {"using":"xpath","value":"//bdi[contains(text(), \"Select\")]"}
COMMAND: POST /session/78806afaa9ff9027046ec8c7a0f946ae/element/f.84765E1B68FB5990D5B9B6B6A2B6A00F.d.01AC6BEDBDEB491F3942E0B1870EED9F.e.3829/click - {}
RESULT: {}
COMMAND: GET /session/78806afaa9ff9027046ec8c7a0f946ae/screenshot - {}
RESULT: {}
COMMAND: POST /session/78806afaa9ff9027046ec8c7a0f946ae/element - {"using":"xpath","value":"//button[@data-kt=\"AddNewHOSaveButton\"]"}
RESULT: {"using":"xpath","value":"//button[@data-kt=\"AddNewHOSaveButton\"]"}
COMMAND: POST /session/78806afaa9ff9027046ec8c7a0f946ae/element/f.84765E1B68FB5990D5B9B6B6A2B6A00F.d.01AC6BEDBDEB491F3942E0B1870EED9F.e.3833/click - {}
RESULT: {}
COMMAND: GET /session/78806afaa9ff9027046ec8c7a0f946ae/screenshot - {}
RESULT: {}
COMMAND: POST /session/78806afaa9ff9027046ec8c7a0f946ae/execute/async - {"script":"<script> [1562 bytes]","args":[{"selector":{"id":"receiptDatePicker","viewName":"etm.portal.ui.managehandovers.view.DetailExecuteHO","interaction":{"idSuffix":"inner"}},"wdio_ui5_key":"receiptDatePickeretmportal.ui.managehandovers.view.DetailExecuteHO"}]}
RESULT: {"script":"<script> [1562 bytes]","args":[{"selector":{"id":"receiptDatePicker","viewName":"etm.portal.ui.managehandovers.view.DetailExecuteHO","interaction":{"idSuffix":"inner"}},"wdio_ui5_key":"receiptDatePickeretmportal.ui.managehandovers.view.DetailExecuteHO"}]}
RESULT: undefined
COMMAND: POST /session/78806afaa9ff9027046ec8c7a0f946ae/execute/async - {"script":"<script> [6424 bytes]","args":[{"element-6066-11e4-a52e-4f735466cecf":"f.84765E1B68FB5990D5B9B6B6A2B6A00F.d.01AC6BEDBDEB491F3942E0B1870EED9F.e.3863"},"setValue",["5/28/25"]]}
RESULT: {"script":"<script> [6424 bytes]","args":[{"element-6066-11e4-a52e-4f735466cecf":"f.84765E1B68FB5990D5B9B6B6A2B6A00F.d.01AC6BEDBDEB491F3942E0B1870EED9F.e.3863"},"setValue",["5/28/25"]]}
COMMAND: POST /session/78806afaa9ff9027046ec8c7a0f946ae/element - {"using":"xpath","value":"//button[@data-kt=\"ReceivingTableConfirmAllButton\"]"}
RESULT: {"using":"xpath","value":"//button[@data-kt=\"ReceivingTableConfirmAllButton\"]"}
COMMAND: POST /session/78806afaa9ff9027046ec8c7a0f946ae/element/f.84765E1B68FB5990D5B9B6B6A2B6A00F.d.01AC6BEDBDEB491F3942E0B1870EED9F.e.3878/click - {}
RESULT: {}
COMMAND: GET /session/78806afaa9ff9027046ec8c7a0f946ae/screenshot - {}
RESULT: {}
COMMAND: POST /session/78806afaa9ff9027046ec8c7a0f946ae/element - {"using":"xpath","value":"//bdi[contains(text(), \"OK\")]"}
RESULT: {"using":"xpath","value":"//bdi[contains(text(), \"OK\")]"}
COMMAND: POST /session/78806afaa9ff9027046ec8c7a0f946ae/element/f.84765E1B68FB5990D5B9B6B6A2B6A00F.d.01AC6BEDBDEB491F3942E0B1870EED9F.e.3880/click - {}
RESULT: {}
COMMAND: GET /session/78806afaa9ff9027046ec8c7a0f946ae/screenshot - {}
RESULT: {}
COMMAND: POST /session/78806afaa9ff9027046ec8c7a0f946ae/element - {"using":"xpath","value":"(//bdi[contains(text(), \"Receive\")])[2]"}
RESULT: {"using":"xpath","value":"(//bdi[contains(text(), \"Receive\")])[2]"}
COMMAND: POST /session/78806afaa9ff9027046ec8c7a0f946ae/element/f.84765E1B68FB5990D5B9B6B6A2B6A00F.d.01AC6BEDBDEB491F3942E0B1870EED9F.e.3882/click - {}
RESULT: {}
COMMAND: GET /session/78806afaa9ff9027046ec8c7a0f946ae/screenshot - {}
RESULT: {}
COMMAND: POST /session/78806afaa9ff9027046ec8c7a0f946ae/element - {"using":"css selector","value":"#shell-header-logo"}
RESULT: {"using":"css selector","value":"#shell-header-logo"}
COMMAND: POST /session/78806afaa9ff9027046ec8c7a0f946ae/element/f.84765E1B68FB5990D5B9B6B6A2B6A00F.d.01AC6BEDBDEB491F3942E0B1870EED9F.e.3243/click - {}
RESULT: {}
COMMAND: GET /session/78806afaa9ff9027046ec8c7a0f946ae/screenshot - {}
RESULT: {}
]]></system-out>
    </testcase>
    <testcase classname="chrome.136_0_7103_93.windows.RU_Inventory_Mass_State_Change_Multiple_Items_US151066" name="Prerequisite Step 2 Should do a stock increase handover for the material" time="92.165">
      <system-out><![CDATA[
RESULT: undefined
COMMAND: POST /session/78806afaa9ff9027046ec8c7a0f946ae/element - {"using":"xpath","value":"//*[@id=\"__tile132\"]"}
RESULT: {"using":"xpath","value":"//*[@id=\"__tile132\"]"}
COMMAND: POST /session/78806afaa9ff9027046ec8c7a0f946ae/element/f.84765E1B68FB5990D5B9B6B6A2B6A00F.d.01AC6BEDBDEB491F3942E0B1870EED9F.e.234/click - {}
RESULT: {}
COMMAND: GET /session/78806afaa9ff9027046ec8c7a0f946ae/screenshot - {}
RESULT: {}
COMMAND: POST /session/78806afaa9ff9027046ec8c7a0f946ae/elements - {"using":"xpath","value":"//span[text()='Error']"}
RESULT: {"using":"xpath","value":"//span[text()='Error']"}
COMMAND: POST /session/78806afaa9ff9027046ec8c7a0f946ae/element - {"using":"xpath","value":"//button[@data-kt=\"masterHOAddButton\"]"}
RESULT: {"using":"xpath","value":"//button[@data-kt=\"masterHOAddButton\"]"}
COMMAND: POST /session/78806afaa9ff9027046ec8c7a0f946ae/elements - {"using":"xpath","value":"//button[@data-kt=\"masterHOAddButton\"]"}
RESULT: {"using":"xpath","value":"//button[@data-kt=\"masterHOAddButton\"]"}
COMMAND: POST /session/78806afaa9ff9027046ec8c7a0f946ae/execute/sync - {"script":"<script> [8489 bytes]","args":[{"element-6066-11e4-a52e-4f735466cecf":"f.84765E1B68FB5990D5B9B6B6A2B6A00F.d.01AC6BEDBDEB491F3942E0B1870EED9F.e.4105","ELEMENT":"f.84765E1B68FB5990D5B9B6B6A2B6A00F.d.01AC6BEDBDEB491F3942E0B1870EED9F.e.4105"}]}
RESULT: {"script":"<script> [8489 bytes]","args":[{"element-6066-11e4-a52e-4f735466cecf":"f.84765E1B68FB5990D5B9B6B6A2B6A00F.d.01AC6BEDBDEB491F3942E0B1870EED9F.e.4105","ELEMENT":"f.84765E1B68FB5990D5B9B6B6A2B6A00F.d.01AC6BEDBDEB491F3942E0B1870EED9F.e.4105"}]}
COMMAND: GET /session/78806afaa9ff9027046ec8c7a0f946ae/element/f.84765E1B68FB5990D5B9B6B6A2B6A00F.d.01AC6BEDBDEB491F3942E0B1870EED9F.e.4105/enabled - {}
COMMAND: GET /session/78806afaa9ff9027046ec8c7a0f946ae/screenshot - {}
RESULT: {}
COMMAND: POST /session/78806afaa9ff9027046ec8c7a0f946ae/execute/sync - {"script":"<script> [8489 bytes]","args":[{"element-6066-11e4-a52e-4f735466cecf":"f.84765E1B68FB5990D5B9B6B6A2B6A00F.d.01AC6BEDBDEB491F3942E0B1870EED9F.e.4105","ELEMENT":"f.84765E1B68FB5990D5B9B6B6A2B6A00F.d.01AC6BEDBDEB491F3942E0B1870EED9F.e.4105"}]}
COMMAND: GET /session/78806afaa9ff9027046ec8c7a0f946ae/screenshot - {}
RESULT: {}
RESULT: {"script":"<script> [8489 bytes]","args":[{"element-6066-11e4-a52e-4f735466cecf":"f.84765E1B68FB5990D5B9B6B6A2B6A00F.d.01AC6BEDBDEB491F3942E0B1870EED9F.e.4105","ELEMENT":"f.84765E1B68FB5990D5B9B6B6A2B6A00F.d.01AC6BEDBDEB491F3942E0B1870EED9F.e.4105"}]}
COMMAND: POST /session/78806afaa9ff9027046ec8c7a0f946ae/execute/sync - {"script":"<script> [5351 bytes]","args":[{"element-6066-11e4-a52e-4f735466cecf":"f.84765E1B68FB5990D5B9B6B6A2B6A00F.d.01AC6BEDBDEB491F3942E0B1870EED9F.e.4105","ELEMENT":"f.84765E1B68FB5990D5B9B6B6A2B6A00F.d.01AC6BEDBDEB491F3942E0B1870EED9F.e.4105"}]}
COMMAND: GET /session/78806afaa9ff9027046ec8c7a0f946ae/screenshot - {}
RESULT: {}
RESULT: {"script":"<script> [5351 bytes]","args":[{"element-6066-11e4-a52e-4f735466cecf":"f.84765E1B68FB5990D5B9B6B6A2B6A00F.d.01AC6BEDBDEB491F3942E0B1870EED9F.e.4105","ELEMENT":"f.84765E1B68FB5990D5B9B6B6A2B6A00F.d.01AC6BEDBDEB491F3942E0B1870EED9F.e.4105"}]}
COMMAND: POST /session/78806afaa9ff9027046ec8c7a0f946ae/element/f.84765E1B68FB5990D5B9B6B6A2B6A00F.d.01AC6BEDBDEB491F3942E0B1870EED9F.e.4105/click - {}
COMMAND: GET /session/78806afaa9ff9027046ec8c7a0f946ae/screenshot - {}
RESULT: {}
RESULT: {}
COMMAND: GET /session/78806afaa9ff9027046ec8c7a0f946ae/screenshot - {}
RESULT: {}
RESULT: {}
COMMAND: POST /session/78806afaa9ff9027046ec8c7a0f946ae/element - {"using":"xpath","value":"//span[contains(@id ,\"AddNewHO--typeSelect-arrow\")]"}
RESULT: {"using":"xpath","value":"//span[contains(@id ,\"AddNewHO--typeSelect-arrow\")]"}
COMMAND: POST /session/78806afaa9ff9027046ec8c7a0f946ae/element/f.84765E1B68FB5990D5B9B6B6A2B6A00F.d.01AC6BEDBDEB491F3942E0B1870EED9F.e.4519/click - {}
RESULT: {}
COMMAND: GET /session/78806afaa9ff9027046ec8c7a0f946ae/screenshot - {}
RESULT: {}
COMMAND: POST /session/78806afaa9ff9027046ec8c7a0f946ae/element - {"using":"xpath","value":"(//li[contains(text(), \"stock increase yard\")])[1]"}
RESULT: {"using":"xpath","value":"(//li[contains(text(), \"stock increase yard\")])[1]"}
COMMAND: POST /session/78806afaa9ff9027046ec8c7a0f946ae/element/f.84765E1B68FB5990D5B9B6B6A2B6A00F.d.01AC6BEDBDEB491F3942E0B1870EED9F.e.4520/click - {}
RESULT: {}
COMMAND: GET /session/78806afaa9ff9027046ec8c7a0f946ae/screenshot - {}
RESULT: {}
RESULT: undefined
COMMAND: POST /session/78806afaa9ff9027046ec8c7a0f946ae/execute/async - {"script":"<script> [6424 bytes]","args":[{"element-6066-11e4-a52e-4f735466cecf":"f.84765E1B68FB5990D5B9B6B6A2B6A00F.d.01AC6BEDBDEB491F3942E0B1870EED9F.e.3644"},"setValue",["5/28/25"]]}
COMMAND: POST /session/78806afaa9ff9027046ec8c7a0f946ae/execute/async - {"script":"<script> [1562 bytes]","args":[{"selector":{"id":"application-managehandovers-display-component---AddNewHO--dueDate","interaction":{"idSuffix":"inner"}},"wdio_ui5_key":"applicationmanagehandovers-display-component---AddNewHO--dueDate"}]}
RESULT: {"script":"<script> [1562 bytes]","args":[{"selector":{"id":"application-managehandovers-display-component---AddNewHO--dueDate","interaction":{"idSuffix":"inner"}},"wdio_ui5_key":"applicationmanagehandovers-display-component---AddNewHO--dueDate"}]}
COMMAND: POST /session/78806afaa9ff9027046ec8c7a0f946ae/execute/async - {"script":"<script> [6424 bytes]","args":[{"element-6066-11e4-a52e-4f735466cecf":"f.84765E1B68FB5990D5B9B6B6A2B6A00F.d.01AC6BEDBDEB491F3942E0B1870EED9F.e.4522"},"setValue",["5/28/25"]]}
RESULT: {"script":"<script> [6424 bytes]","args":[{"element-6066-11e4-a52e-4f735466cecf":"f.84765E1B68FB5990D5B9B6B6A2B6A00F.d.01AC6BEDBDEB491F3942E0B1870EED9F.e.4522"},"setValue",["5/28/25"]]}
COMMAND: POST /session/78806afaa9ff9027046ec8c7a0f946ae/element - {"using":"xpath","value":"//input[@id=\"generalSectionFrg--receiveYard-inner\"]"}
RESULT: {"using":"xpath","value":"//input[@id=\"generalSectionFrg--receiveYard-inner\"]"}
COMMAND: POST /session/78806afaa9ff9027046ec8c7a0f946ae/element/f.84765E1B68FB5990D5B9B6B6A2B6A00F.d.01AC6BEDBDEB491F3942E0B1870EED9F.e.4528/clear - {}
RESULT: {}
COMMAND: POST /session/78806afaa9ff9027046ec8c7a0f946ae/element/f.84765E1B68FB5990D5B9B6B6A2B6A00F.d.01AC6BEDBDEB491F3942E0B1870EED9F.e.4528/value - {"text":"109"}
COMMAND: GET /session/78806afaa9ff9027046ec8c7a0f946ae/screenshot - {}
RESULT: {"text":"109"}
COMMAND: GET /session/78806afaa9ff9027046ec8c7a0f946ae/screenshot - {}
RESULT: {}
RESULT: {}
COMMAND: POST /session/78806afaa9ff9027046ec8c7a0f946ae/element - {"using":"xpath","value":"//li[.//span[text()='109']]"}
RESULT: {"using":"xpath","value":"//li[.//span[text()='109']]"}
COMMAND: POST /session/78806afaa9ff9027046ec8c7a0f946ae/element/f.84765E1B68FB5990D5B9B6B6A2B6A00F.d.01AC6BEDBDEB491F3942E0B1870EED9F.e.4544/click - {}
RESULT: {}
COMMAND: GET /session/78806afaa9ff9027046ec8c7a0f946ae/screenshot - {}
RESULT: {}
RESULT: undefined
COMMAND: POST /session/78806afaa9ff9027046ec8c7a0f946ae/element - {"using":"xpath","value":"//*[@id=\"application-managehandovers-display-component---AddNewHO--ObjectPageLayout-anchBar-application-managehandovers-display-component---AddNewHO--section4-anchor\"]"}
RESULT: {"using":"xpath","value":"//*[@id=\"application-managehandovers-display-component---AddNewHO--ObjectPageLayout-anchBar-application-managehandovers-display-component---AddNewHO--section4-anchor\"]"}
COMMAND: POST /session/78806afaa9ff9027046ec8c7a0f946ae/element/f.84765E1B68FB5990D5B9B6B6A2B6A00F.d.01AC6BEDBDEB491F3942E0B1870EED9F.e.4545/click - {}
RESULT: {}
COMMAND: POST /session/78806afaa9ff9027046ec8c7a0f946ae/element - {"using":"xpath","value":"//button[@aria-label=\"Add\"]"}
COMMAND: GET /session/78806afaa9ff9027046ec8c7a0f946ae/screenshot - {}
RESULT: {"using":"xpath","value":"//button[@aria-label=\"Add\"]"}
COMMAND: POST /session/78806afaa9ff9027046ec8c7a0f946ae/element/f.84765E1B68FB5990D5B9B6B6A2B6A00F.d.01AC6BEDBDEB491F3942E0B1870EED9F.e.4547/click - {}
RESULT: {}
RESULT: {}
COMMAND: GET /session/78806afaa9ff9027046ec8c7a0f946ae/screenshot - {}
RESULT: {}
RESULT: undefined
COMMAND: POST /session/78806afaa9ff9027046ec8c7a0f946ae/execute/async - {"script":"<script> [776 bytes]","args":[{"enterText":"200236","selector":{"id":"application-managehandovers-display-component---AddNewHO--smartFilterBar-btnBasicSearch","searchOpenDialogs":true,"interaction":{"idSuffix":"I"}},"clearTextFirst":true,"interactionType":"ENTER_TEXT"}]}
RESULT: {"script":"<script> [776 bytes]","args":[{"enterText":"200236","selector":{"id":"application-managehandovers-display-component---AddNewHO--smartFilterBar-btnBasicSearch","searchOpenDialogs":true,"interaction":{"idSuffix":"I"}},"clearTextFirst":true,"interactionType":"ENTER_TEXT"}]}
COMMAND: POST /session/78806afaa9ff9027046ec8c7a0f946ae/actions - {"actions":[{"id":"action20","type":"key","parameters":{},"actions":[{"type":"keyDown","value":""},{"type":"pause","duration":10},{"type":"keyUp","value":""}]}]}
RESULT: {"actions":[{"id":"action20","type":"key","parameters":{},"actions":[{"type":"keyDown","value":""},{"type":"pause","duration":10},{"type":"keyUp","value":""}]}]}
COMMAND: GET /session/78806afaa9ff9027046ec8c7a0f946ae/screenshot - {}
RESULT: {}
RESULT: undefined
COMMAND: POST /session/78806afaa9ff9027046ec8c7a0f946ae/element - {"using":"xpath","value":"//*[@id=\"application-managehandovers-display-component---AddNewHO--popup-sa\"]"}
RESULT: {"using":"xpath","value":"//*[@id=\"application-managehandovers-display-component---AddNewHO--popup-sa\"]"}
COMMAND: POST /session/78806afaa9ff9027046ec8c7a0f946ae/element/f.84765E1B68FB5990D5B9B6B6A2B6A00F.d.01AC6BEDBDEB491F3942E0B1870EED9F.e.4698/click - {}
RESULT: {}
COMMAND: GET /session/78806afaa9ff9027046ec8c7a0f946ae/screenshot - {}
RESULT: {}
COMMAND: POST /session/78806afaa9ff9027046ec8c7a0f946ae/element - {"using":"xpath","value":"//bdi[contains(text(), \"Select\")]"}
RESULT: {"using":"xpath","value":"//bdi[contains(text(), \"Select\")]"}
COMMAND: POST /session/78806afaa9ff9027046ec8c7a0f946ae/element/f.84765E1B68FB5990D5B9B6B6A2B6A00F.d.01AC6BEDBDEB491F3942E0B1870EED9F.e.4699/click - {}
RESULT: {}
COMMAND: GET /session/78806afaa9ff9027046ec8c7a0f946ae/screenshot - {}
RESULT: {}
COMMAND: POST /session/78806afaa9ff9027046ec8c7a0f946ae/element - {"using":"xpath","value":"//button[@data-kt=\"AddNewHOSaveButton\"]"}
RESULT: {"using":"xpath","value":"//button[@data-kt=\"AddNewHOSaveButton\"]"}
COMMAND: POST /session/78806afaa9ff9027046ec8c7a0f946ae/element/f.84765E1B68FB5990D5B9B6B6A2B6A00F.d.01AC6BEDBDEB491F3942E0B1870EED9F.e.4703/click - {}
RESULT: {}
COMMAND: GET /session/78806afaa9ff9027046ec8c7a0f946ae/screenshot - {}
RESULT: {}
RESULT: undefined
COMMAND: POST /session/78806afaa9ff9027046ec8c7a0f946ae/execute/async - {"script":"<script> [6424 bytes]","args":[{"element-6066-11e4-a52e-4f735466cecf":"f.84765E1B68FB5990D5B9B6B6A2B6A00F.d.01AC6BEDBDEB491F3942E0B1870EED9F.e.3863"},"setValue",["5/28/25"]]}
COMMAND: POST /session/78806afaa9ff9027046ec8c7a0f946ae/execute/async - {"script":"<script> [1562 bytes]","args":[{"selector":{"id":"receiptDatePicker","viewName":"etm.portal.ui.managehandovers.view.DetailExecuteHO","interaction":{"idSuffix":"inner"}},"wdio_ui5_key":"receiptDatePickeretmportal.ui.managehandovers.view.DetailExecuteHO"}]}
RESULT: {"script":"<script> [1562 bytes]","args":[{"selector":{"id":"receiptDatePicker","viewName":"etm.portal.ui.managehandovers.view.DetailExecuteHO","interaction":{"idSuffix":"inner"}},"wdio_ui5_key":"receiptDatePickeretmportal.ui.managehandovers.view.DetailExecuteHO"}]}
COMMAND: POST /session/78806afaa9ff9027046ec8c7a0f946ae/execute/async - {"script":"<script> [6424 bytes]","args":[{"element-6066-11e4-a52e-4f735466cecf":"f.84765E1B68FB5990D5B9B6B6A2B6A00F.d.01AC6BEDBDEB491F3942E0B1870EED9F.e.4735"},"setValue",["5/28/25"]]}
RESULT: {"script":"<script> [6424 bytes]","args":[{"element-6066-11e4-a52e-4f735466cecf":"f.84765E1B68FB5990D5B9B6B6A2B6A00F.d.01AC6BEDBDEB491F3942E0B1870EED9F.e.4735"},"setValue",["5/28/25"]]}
COMMAND: POST /session/78806afaa9ff9027046ec8c7a0f946ae/element - {"using":"xpath","value":"//button[@data-kt=\"ReceivingTableConfirmAllButton\"]"}
RESULT: {"using":"xpath","value":"//button[@data-kt=\"ReceivingTableConfirmAllButton\"]"}
COMMAND: POST /session/78806afaa9ff9027046ec8c7a0f946ae/element/f.84765E1B68FB5990D5B9B6B6A2B6A00F.d.01AC6BEDBDEB491F3942E0B1870EED9F.e.4751/click - {}
RESULT: {}
COMMAND: GET /session/78806afaa9ff9027046ec8c7a0f946ae/screenshot - {}
RESULT: {}
COMMAND: POST /session/78806afaa9ff9027046ec8c7a0f946ae/element - {"using":"xpath","value":"//bdi[contains(text(), \"OK\")]"}
RESULT: {"using":"xpath","value":"//bdi[contains(text(), \"OK\")]"}
COMMAND: POST /session/78806afaa9ff9027046ec8c7a0f946ae/element/f.84765E1B68FB5990D5B9B6B6A2B6A00F.d.01AC6BEDBDEB491F3942E0B1870EED9F.e.4753/click - {}
RESULT: {}
COMMAND: GET /session/78806afaa9ff9027046ec8c7a0f946ae/screenshot - {}
RESULT: {}
COMMAND: POST /session/78806afaa9ff9027046ec8c7a0f946ae/element - {"using":"xpath","value":"(//bdi[contains(text(), \"Receive\")])[2]"}
RESULT: {"using":"xpath","value":"(//bdi[contains(text(), \"Receive\")])[2]"}
COMMAND: POST /session/78806afaa9ff9027046ec8c7a0f946ae/element/f.84765E1B68FB5990D5B9B6B6A2B6A00F.d.01AC6BEDBDEB491F3942E0B1870EED9F.e.4755/click - {}
RESULT: {}
COMMAND: GET /session/78806afaa9ff9027046ec8c7a0f946ae/screenshot - {}
RESULT: {}
COMMAND: POST /session/78806afaa9ff9027046ec8c7a0f946ae/element - {"using":"css selector","value":"#shell-header-logo"}
RESULT: {"using":"css selector","value":"#shell-header-logo"}
COMMAND: POST /session/78806afaa9ff9027046ec8c7a0f946ae/element/f.84765E1B68FB5990D5B9B6B6A2B6A00F.d.01AC6BEDBDEB491F3942E0B1870EED9F.e.4054/click - {}
RESULT: {}
COMMAND: GET /session/78806afaa9ff9027046ec8c7a0f946ae/screenshot - {}
RESULT: {}
]]></system-out>
    </testcase>
    <testcase classname="chrome.136_0_7103_93.windows.RU_Inventory_Mass_State_Change_Multiple_Items_US151066" name="Step 2 Should do a RU inventory mass state change on chosen yard 109 with the resources created one equipment one material the existing ones too" time="274.504">
      <system-out><![CDATA[
RESULT: undefined
COMMAND: POST /session/78806afaa9ff9027046ec8c7a0f946ae/element - {"using":"xpath","value":"//*[@id=\"__tile99\"]"}
RESULT: {"using":"xpath","value":"//*[@id=\"__tile99\"]"}
COMMAND: POST /session/78806afaa9ff9027046ec8c7a0f946ae/element/f.84765E1B68FB5990D5B9B6B6A2B6A00F.d.01AC6BEDBDEB491F3942E0B1870EED9F.e.259/click - {}
RESULT: {}
COMMAND: GET /session/78806afaa9ff9027046ec8c7a0f946ae/screenshot - {}
RESULT: {}
COMMAND: POST /session/78806afaa9ff9027046ec8c7a0f946ae/elements - {"using":"xpath","value":"//span[text()='Error']"}
RESULT: {"using":"xpath","value":"//span[text()='Error']"}
COMMAND: POST /session/78806afaa9ff9027046ec8c7a0f946ae/element - {"using":"xpath","value":"//button[contains(@id, \"massStateBtn\")]"}
RESULT: {"using":"xpath","value":"//button[contains(@id, \"massStateBtn\")]"}
COMMAND: POST /session/78806afaa9ff9027046ec8c7a0f946ae/elements - {"using":"xpath","value":"//button[contains(@id, \"massStateBtn\")]"}
RESULT: {"using":"xpath","value":"//button[contains(@id, \"massStateBtn\")]"}
COMMAND: POST /session/78806afaa9ff9027046ec8c7a0f946ae/execute/sync - {"script":"<script> [8489 bytes]","args":[{"element-6066-11e4-a52e-4f735466cecf":"f.84765E1B68FB5990D5B9B6B6A2B6A00F.d.01AC6BEDBDEB491F3942E0B1870EED9F.e.4964","ELEMENT":"f.84765E1B68FB5990D5B9B6B6A2B6A00F.d.01AC6BEDBDEB491F3942E0B1870EED9F.e.4964"}]}
RESULT: {"script":"<script> [8489 bytes]","args":[{"element-6066-11e4-a52e-4f735466cecf":"f.84765E1B68FB5990D5B9B6B6A2B6A00F.d.01AC6BEDBDEB491F3942E0B1870EED9F.e.4964","ELEMENT":"f.84765E1B68FB5990D5B9B6B6A2B6A00F.d.01AC6BEDBDEB491F3942E0B1870EED9F.e.4964"}]}
COMMAND: GET /session/78806afaa9ff9027046ec8c7a0f946ae/element/f.84765E1B68FB5990D5B9B6B6A2B6A00F.d.01AC6BEDBDEB491F3942E0B1870EED9F.e.4964/enabled - {}
COMMAND: GET /session/78806afaa9ff9027046ec8c7a0f946ae/screenshot - {}
RESULT: {}
COMMAND: POST /session/78806afaa9ff9027046ec8c7a0f946ae/execute/sync - {"script":"<script> [8489 bytes]","args":[{"element-6066-11e4-a52e-4f735466cecf":"f.84765E1B68FB5990D5B9B6B6A2B6A00F.d.01AC6BEDBDEB491F3942E0B1870EED9F.e.4964","ELEMENT":"f.84765E1B68FB5990D5B9B6B6A2B6A00F.d.01AC6BEDBDEB491F3942E0B1870EED9F.e.4964"}]}
COMMAND: GET /session/78806afaa9ff9027046ec8c7a0f946ae/screenshot - {}
RESULT: {}
RESULT: {"script":"<script> [8489 bytes]","args":[{"element-6066-11e4-a52e-4f735466cecf":"f.84765E1B68FB5990D5B9B6B6A2B6A00F.d.01AC6BEDBDEB491F3942E0B1870EED9F.e.4964","ELEMENT":"f.84765E1B68FB5990D5B9B6B6A2B6A00F.d.01AC6BEDBDEB491F3942E0B1870EED9F.e.4964"}]}
COMMAND: POST /session/78806afaa9ff9027046ec8c7a0f946ae/execute/sync - {"script":"<script> [5351 bytes]","args":[{"element-6066-11e4-a52e-4f735466cecf":"f.84765E1B68FB5990D5B9B6B6A2B6A00F.d.01AC6BEDBDEB491F3942E0B1870EED9F.e.4964","ELEMENT":"f.84765E1B68FB5990D5B9B6B6A2B6A00F.d.01AC6BEDBDEB491F3942E0B1870EED9F.e.4964"}]}
COMMAND: GET /session/78806afaa9ff9027046ec8c7a0f946ae/screenshot - {}
RESULT: {}
RESULT: {"script":"<script> [5351 bytes]","args":[{"element-6066-11e4-a52e-4f735466cecf":"f.84765E1B68FB5990D5B9B6B6A2B6A00F.d.01AC6BEDBDEB491F3942E0B1870EED9F.e.4964","ELEMENT":"f.84765E1B68FB5990D5B9B6B6A2B6A00F.d.01AC6BEDBDEB491F3942E0B1870EED9F.e.4964"}]}
COMMAND: POST /session/78806afaa9ff9027046ec8c7a0f946ae/element/f.84765E1B68FB5990D5B9B6B6A2B6A00F.d.01AC6BEDBDEB491F3942E0B1870EED9F.e.4964/click - {}
COMMAND: GET /session/78806afaa9ff9027046ec8c7a0f946ae/screenshot - {}
RESULT: {}
RESULT: {}
COMMAND: GET /session/78806afaa9ff9027046ec8c7a0f946ae/screenshot - {}
RESULT: {}
RESULT: {}
RESULT: undefined
COMMAND: POST /session/78806afaa9ff9027046ec8c7a0f946ae/element - {"using":"xpath","value":"//*[@id=\"application-ruinventorylist-display-component---Master--ruLocationTypeComboBox-arrow\"]"}
RESULT: {"using":"xpath","value":"//*[@id=\"application-ruinventorylist-display-component---Master--ruLocationTypeComboBox-arrow\"]"}
COMMAND: POST /session/78806afaa9ff9027046ec8c7a0f946ae/element/f.84765E1B68FB5990D5B9B6B6A2B6A00F.d.01AC6BEDBDEB491F3942E0B1870EED9F.e.5325/click - {}
RESULT: {}
COMMAND: GET /session/78806afaa9ff9027046ec8c7a0f946ae/screenshot - {}
RESULT: {}
COMMAND: POST /session/78806afaa9ff9027046ec8c7a0f946ae/element - {"using":"xpath","value":"//li[.//span[text()='Yard']]"}
RESULT: {"using":"xpath","value":"//li[.//span[text()='Yard']]"}
COMMAND: POST /session/78806afaa9ff9027046ec8c7a0f946ae/element/f.84765E1B68FB5990D5B9B6B6A2B6A00F.d.01AC6BEDBDEB491F3942E0B1870EED9F.e.5326/click - {}
RESULT: {}
COMMAND: GET /session/78806afaa9ff9027046ec8c7a0f946ae/screenshot - {}
RESULT: {}
RESULT: undefined
COMMAND: POST /session/78806afaa9ff9027046ec8c7a0f946ae/element - {"using":"xpath","value":"//*[@id=\"application-ruinventorylist-display-component---Master--smartFilterBar-filterItemControl_BASIC-YARD-vhi\"]"}
RESULT: {"using":"xpath","value":"//*[@id=\"application-ruinventorylist-display-component---Master--smartFilterBar-filterItemControl_BASIC-YARD-vhi\"]"}
COMMAND: POST /session/78806afaa9ff9027046ec8c7a0f946ae/element/f.84765E1B68FB5990D5B9B6B6A2B6A00F.d.01AC6BEDBDEB491F3942E0B1870EED9F.e.5358/click - {}
RESULT: {}
COMMAND: GET /session/78806afaa9ff9027046ec8c7a0f946ae/screenshot - {}
RESULT: {}
RESULT: undefined
COMMAND: POST /session/78806afaa9ff9027046ec8c7a0f946ae/execute/async - {"script":"<script> [776 bytes]","args":[{"enterText":"109","selector":{"id":"application-ruinventorylist-display-component---Master--smartFilterBar-filterItemControl_BASIC-YARD-valueHelpDialog-smartFilterBar-btnBasicSearch","searchOpenDialogs":true,"interaction":{"idSuffix":"I"}},"clearTextFirst":true,"interactionType":"ENTER_TEXT"}]}
RESULT: {"script":"<script> [776 bytes]","args":[{"enterText":"109","selector":{"id":"application-ruinventorylist-display-component---Master--smartFilterBar-filterItemControl_BASIC-YARD-valueHelpDialog-smartFilterBar-btnBasicSearch","searchOpenDialogs":true,"interaction":{"idSuffix":"I"}},"clearTextFirst":true,"interactionType":"ENTER_TEXT"}]}
COMMAND: POST /session/78806afaa9ff9027046ec8c7a0f946ae/actions - {"actions":[{"id":"action21","type":"key","parameters":{},"actions":[{"type":"keyDown","value":""},{"type":"pause","duration":10},{"type":"keyUp","value":""}]}]}
RESULT: {"actions":[{"id":"action21","type":"key","parameters":{},"actions":[{"type":"keyDown","value":""},{"type":"pause","duration":10},{"type":"keyUp","value":""}]}]}
COMMAND: GET /session/78806afaa9ff9027046ec8c7a0f946ae/screenshot - {}
RESULT: {}
COMMAND: POST /session/78806afaa9ff9027046ec8c7a0f946ae/elements - {"using":"xpath","value":"//table[contains(@id, \"filterItemControl_BASIC-YARD-valueHelpDialog-table-table\")]/tbody/tr"}
RESULT: {"using":"xpath","value":"//table[contains(@id, \"filterItemControl_BASIC-YARD-valueHelpDialog-table-table\")]/tbody/tr"}
COMMAND: POST /session/78806afaa9ff9027046ec8c7a0f946ae/element - {"using":"xpath","value":"//table[contains(@id, \"filterItemControl_BASIC-YARD-valueHelpDialog-table-table\")]/tbody/tr[1]/td[1]/div/span"}
RESULT: {"using":"xpath","value":"//table[contains(@id, \"filterItemControl_BASIC-YARD-valueHelpDialog-table-table\")]/tbody/tr[1]/td[1]/div/span"}
COMMAND: POST /session/78806afaa9ff9027046ec8c7a0f946ae/elements - {"using":"xpath","value":"//table[contains(@id, \"filterItemControl_BASIC-YARD-valueHelpDialog-table-table\")]/tbody/tr[1]/td[1]/div/span"}
RESULT: {"using":"xpath","value":"//table[contains(@id, \"filterItemControl_BASIC-YARD-valueHelpDialog-table-table\")]/tbody/tr[1]/td[1]/div/span"}
COMMAND: POST /session/78806afaa9ff9027046ec8c7a0f946ae/execute/sync - {"script":"<script> [56 bytes]","args":[{"element-6066-11e4-a52e-4f735466cecf":"f.84765E1B68FB5990D5B9B6B6A2B6A00F.d.01AC6BEDBDEB491F3942E0B1870EED9F.e.5378","ELEMENT":"f.84765E1B68FB5990D5B9B6B6A2B6A00F.d.01AC6BEDBDEB491F3942E0B1870EED9F.e.5378"}]}
RESULT: {"script":"<script> [56 bytes]","args":[{"element-6066-11e4-a52e-4f735466cecf":"f.84765E1B68FB5990D5B9B6B6A2B6A00F.d.01AC6BEDBDEB491F3942E0B1870EED9F.e.5378","ELEMENT":"f.84765E1B68FB5990D5B9B6B6A2B6A00F.d.01AC6BEDBDEB491F3942E0B1870EED9F.e.5378"}]}
COMMAND: POST /session/78806afaa9ff9027046ec8c7a0f946ae/element - {"using":"xpath","value":"//div[contains(@id, \"filterItemControl_BASIC-YARD-valueHelpDialog-table-rowsel0\")]"}
COMMAND: GET /session/78806afaa9ff9027046ec8c7a0f946ae/screenshot - {}
RESULT: {"using":"xpath","value":"//div[contains(@id, \"filterItemControl_BASIC-YARD-valueHelpDialog-table-rowsel0\")]"}
COMMAND: POST /session/78806afaa9ff9027046ec8c7a0f946ae/element/f.84765E1B68FB5990D5B9B6B6A2B6A00F.d.01AC6BEDBDEB491F3942E0B1870EED9F.e.5379/click - {}
RESULT: {}
RESULT: {}
COMMAND: GET /session/78806afaa9ff9027046ec8c7a0f946ae/screenshot - {}
RESULT: {}
COMMAND: POST /session/78806afaa9ff9027046ec8c7a0f946ae/element - {"using":"xpath","value":"//div[contains(@id, \"smartFilterBar-filterItemControl_BASIC-YARD-valueHelpDialog-smartFilterBar-btnBasicSearch-reset\")]"}
RESULT: {"using":"xpath","value":"//div[contains(@id, \"smartFilterBar-filterItemControl_BASIC-YARD-valueHelpDialog-smartFilterBar-btnBasicSearch-reset\")]"}
COMMAND: POST /session/78806afaa9ff9027046ec8c7a0f946ae/element/f.84765E1B68FB5990D5B9B6B6A2B6A00F.d.01AC6BEDBDEB491F3942E0B1870EED9F.e.5381/click - {}
RESULT: {}
RESULT: undefined
COMMAND: POST /session/78806afaa9ff9027046ec8c7a0f946ae/execute/async - {"script":"<script> [776 bytes]","args":[{"enterText":"OPA5_BST01_YARD1","selector":{"id":"application-ruinventorylist-display-component---Master--smartFilterBar-filterItemControl_BASIC-YARD-valueHelpDialog-smartFilterBar-btnBasicSearch","searchOpenDialogs":true,"interaction":{"idSuffix":"I"}},"clearTextFirst":true,"interactionType":"ENTER_TEXT"}]}
COMMAND: GET /session/78806afaa9ff9027046ec8c7a0f946ae/screenshot - {}
RESULT: {"script":"<script> [776 bytes]","args":[{"enterText":"OPA5_BST01_YARD1","selector":{"id":"application-ruinventorylist-display-component---Master--smartFilterBar-filterItemControl_BASIC-YARD-valueHelpDialog-smartFilterBar-btnBasicSearch","searchOpenDialogs":true,"interaction":{"idSuffix":"I"}},"clearTextFirst":true,"interactionType":"ENTER_TEXT"}]}
COMMAND: POST /session/78806afaa9ff9027046ec8c7a0f946ae/actions - {"actions":[{"id":"action22","type":"key","parameters":{},"actions":[{"type":"keyDown","value":""},{"type":"pause","duration":10},{"type":"keyUp","value":""}]}]}
RESULT: {}
RESULT: {"actions":[{"id":"action22","type":"key","parameters":{},"actions":[{"type":"keyDown","value":""},{"type":"pause","duration":10},{"type":"keyUp","value":""}]}]}
COMMAND: GET /session/78806afaa9ff9027046ec8c7a0f946ae/screenshot - {}
RESULT: {}
COMMAND: POST /session/78806afaa9ff9027046ec8c7a0f946ae/elements - {"using":"xpath","value":"//table[contains(@id, \"filterItemControl_BASIC-YARD-valueHelpDialog-table-table\")]/tbody/tr"}
RESULT: {"using":"xpath","value":"//table[contains(@id, \"filterItemControl_BASIC-YARD-valueHelpDialog-table-table\")]/tbody/tr"}
COMMAND: POST /session/78806afaa9ff9027046ec8c7a0f946ae/element - {"using":"xpath","value":"//table[contains(@id, \"filterItemControl_BASIC-YARD-valueHelpDialog-table-table\")]/tbody/tr[1]/td[1]/div/span"}
RESULT: {"using":"xpath","value":"//table[contains(@id, \"filterItemControl_BASIC-YARD-valueHelpDialog-table-table\")]/tbody/tr[1]/td[1]/div/span"}
COMMAND: POST /session/78806afaa9ff9027046ec8c7a0f946ae/elements - {"using":"xpath","value":"//table[contains(@id, \"filterItemControl_BASIC-YARD-valueHelpDialog-table-table\")]/tbody/tr[1]/td[1]/div/span"}
RESULT: {"using":"xpath","value":"//table[contains(@id, \"filterItemControl_BASIC-YARD-valueHelpDialog-table-table\")]/tbody/tr[1]/td[1]/div/span"}
COMMAND: POST /session/78806afaa9ff9027046ec8c7a0f946ae/execute/sync - {"script":"<script> [56 bytes]","args":[{"element-6066-11e4-a52e-4f735466cecf":"f.84765E1B68FB5990D5B9B6B6A2B6A00F.d.01AC6BEDBDEB491F3942E0B1870EED9F.e.5378","ELEMENT":"f.84765E1B68FB5990D5B9B6B6A2B6A00F.d.01AC6BEDBDEB491F3942E0B1870EED9F.e.5378"}]}
RESULT: {"script":"<script> [56 bytes]","args":[{"element-6066-11e4-a52e-4f735466cecf":"f.84765E1B68FB5990D5B9B6B6A2B6A00F.d.01AC6BEDBDEB491F3942E0B1870EED9F.e.5378","ELEMENT":"f.84765E1B68FB5990D5B9B6B6A2B6A00F.d.01AC6BEDBDEB491F3942E0B1870EED9F.e.5378"}]}
COMMAND: POST /session/78806afaa9ff9027046ec8c7a0f946ae/element - {"using":"xpath","value":"//div[contains(@id, \"filterItemControl_BASIC-YARD-valueHelpDialog-table-rowsel0\")]"}
COMMAND: GET /session/78806afaa9ff9027046ec8c7a0f946ae/screenshot - {}
RESULT: {"using":"xpath","value":"//div[contains(@id, \"filterItemControl_BASIC-YARD-valueHelpDialog-table-rowsel0\")]"}
COMMAND: POST /session/78806afaa9ff9027046ec8c7a0f946ae/element/f.84765E1B68FB5990D5B9B6B6A2B6A00F.d.01AC6BEDBDEB491F3942E0B1870EED9F.e.5379/click - {}
RESULT: {}
RESULT: {}
COMMAND: GET /session/78806afaa9ff9027046ec8c7a0f946ae/screenshot - {}
RESULT: {}
COMMAND: POST /session/78806afaa9ff9027046ec8c7a0f946ae/element - {"using":"xpath","value":"(//bdi[contains(text(), \"OK\")])[1]"}
RESULT: {"using":"xpath","value":"(//bdi[contains(text(), \"OK\")])[1]"}
COMMAND: POST /session/78806afaa9ff9027046ec8c7a0f946ae/element/f.84765E1B68FB5990D5B9B6B6A2B6A00F.d.01AC6BEDBDEB491F3942E0B1870EED9F.e.5382/click - {}
RESULT: {}
COMMAND: GET /session/78806afaa9ff9027046ec8c7a0f946ae/screenshot - {}
RESULT: {}
COMMAND: POST /session/78806afaa9ff9027046ec8c7a0f946ae/element - {"using":"xpath","value":"//span[@id=\"application-ruinventorylist-display-component---Master--smartTableRuInventoryList-header-inner\"]"}
RESULT: {"using":"xpath","value":"//span[@id=\"application-ruinventorylist-display-component---Master--smartTableRuInventoryList-header-inner\"]"}
COMMAND: POST /session/78806afaa9ff9027046ec8c7a0f946ae/elements - {"using":"xpath","value":"//span[@id=\"application-ruinventorylist-display-component---Master--smartTableRuInventoryList-header-inner\"]"}
RESULT: {"using":"xpath","value":"//span[@id=\"application-ruinventorylist-display-component---Master--smartTableRuInventoryList-header-inner\"]"}
COMMAND: POST /session/78806afaa9ff9027046ec8c7a0f946ae/execute/sync - {"script":"<script> [56 bytes]","args":[{"element-6066-11e4-a52e-4f735466cecf":"f.84765E1B68FB5990D5B9B6B6A2B6A00F.d.01AC6BEDBDEB491F3942E0B1870EED9F.e.5542","ELEMENT":"f.84765E1B68FB5990D5B9B6B6A2B6A00F.d.01AC6BEDBDEB491F3942E0B1870EED9F.e.5542"}]}
RESULT: {"script":"<script> [56 bytes]","args":[{"element-6066-11e4-a52e-4f735466cecf":"f.84765E1B68FB5990D5B9B6B6A2B6A00F.d.01AC6BEDBDEB491F3942E0B1870EED9F.e.5542","ELEMENT":"f.84765E1B68FB5990D5B9B6B6A2B6A00F.d.01AC6BEDBDEB491F3942E0B1870EED9F.e.5542"}]}
RESULT: undefined
COMMAND: POST /session/78806afaa9ff9027046ec8c7a0f946ae/execute/async - {"script":"<script> [776 bytes]","args":[{"enterText":"600002","selector":{"id":"application-ruinventorylist-display-component---Master--smartFilterBar-btnBasicSearch","interaction":{"idSuffix":"I"}},"clearTextFirst":true,"interactionType":"ENTER_TEXT"}]}
COMMAND: GET /session/78806afaa9ff9027046ec8c7a0f946ae/screenshot - {}
RESULT: {"script":"<script> [776 bytes]","args":[{"enterText":"600002","selector":{"id":"application-ruinventorylist-display-component---Master--smartFilterBar-btnBasicSearch","interaction":{"idSuffix":"I"}},"clearTextFirst":true,"interactionType":"ENTER_TEXT"}]}
COMMAND: POST /session/78806afaa9ff9027046ec8c7a0f946ae/actions - {"actions":[{"id":"action23","type":"key","parameters":{},"actions":[{"type":"keyDown","value":""},{"type":"pause","duration":10},{"type":"keyUp","value":""}]}]}
RESULT: {}
RESULT: {"actions":[{"id":"action23","type":"key","parameters":{},"actions":[{"type":"keyDown","value":""},{"type":"pause","duration":10},{"type":"keyUp","value":""}]}]}
COMMAND: GET /session/78806afaa9ff9027046ec8c7a0f946ae/screenshot - {}
RESULT: {}
COMMAND: POST /session/78806afaa9ff9027046ec8c7a0f946ae/element - {"using":"xpath","value":"//span[@id=\"application-ruinventorylist-display-component---Master--smartTableRuInventoryList-header-inner\"]"}
RESULT: {"using":"xpath","value":"//span[@id=\"application-ruinventorylist-display-component---Master--smartTableRuInventoryList-header-inner\"]"}
COMMAND: POST /session/78806afaa9ff9027046ec8c7a0f946ae/elements - {"using":"xpath","value":"//span[@id=\"application-ruinventorylist-display-component---Master--smartTableRuInventoryList-header-inner\"]"}
RESULT: {"using":"xpath","value":"//span[@id=\"application-ruinventorylist-display-component---Master--smartTableRuInventoryList-header-inner\"]"}
COMMAND: POST /session/78806afaa9ff9027046ec8c7a0f946ae/execute/sync - {"script":"<script> [56 bytes]","args":[{"element-6066-11e4-a52e-4f735466cecf":"f.84765E1B68FB5990D5B9B6B6A2B6A00F.d.01AC6BEDBDEB491F3942E0B1870EED9F.e.5542","ELEMENT":"f.84765E1B68FB5990D5B9B6B6A2B6A00F.d.01AC6BEDBDEB491F3942E0B1870EED9F.e.5542"}]}
RESULT: {"script":"<script> [56 bytes]","args":[{"element-6066-11e4-a52e-4f735466cecf":"f.84765E1B68FB5990D5B9B6B6A2B6A00F.d.01AC6BEDBDEB491F3942E0B1870EED9F.e.5542","ELEMENT":"f.84765E1B68FB5990D5B9B6B6A2B6A00F.d.01AC6BEDBDEB491F3942E0B1870EED9F.e.5542"}]}
COMMAND: POST /session/78806afaa9ff9027046ec8c7a0f946ae/element - {"using":"xpath","value":"//table[contains(@id, \"application-ruinventorylist-display-component---Master--tableRuInventoryList-listUl\")]/tbody/tr[1]/td[2]/div/div"}
COMMAND: GET /session/78806afaa9ff9027046ec8c7a0f946ae/screenshot - {}
RESULT: {"using":"xpath","value":"//table[contains(@id, \"application-ruinventorylist-display-component---Master--tableRuInventoryList-listUl\")]/tbody/tr[1]/td[2]/div/div"}
COMMAND: POST /session/78806afaa9ff9027046ec8c7a0f946ae/element/f.84765E1B68FB5990D5B9B6B6A2B6A00F.d.01AC6BEDBDEB491F3942E0B1870EED9F.e.5548/click - {}
RESULT: {}
RESULT: {}
COMMAND: GET /session/78806afaa9ff9027046ec8c7a0f946ae/screenshot - {}
RESULT: {}
COMMAND: POST /session/78806afaa9ff9027046ec8c7a0f946ae/element - {"using":"xpath","value":"//div[contains(@id, \"smartFilterBar-btnBasicSearch-reset\")]"}
RESULT: {"using":"xpath","value":"//div[contains(@id, \"smartFilterBar-btnBasicSearch-reset\")]"}
COMMAND: POST /session/78806afaa9ff9027046ec8c7a0f946ae/element/f.84765E1B68FB5990D5B9B6B6A2B6A00F.d.01AC6BEDBDEB491F3942E0B1870EED9F.e.5558/click - {}
RESULT: {}
COMMAND: GET /session/78806afaa9ff9027046ec8c7a0f946ae/screenshot - {}
RESULT: {}
RESULT: undefined
COMMAND: POST /session/78806afaa9ff9027046ec8c7a0f946ae/execute/async - {"script":"<script> [776 bytes]","args":[{"enterText":"401002","selector":{"id":"application-ruinventorylist-display-component---Master--smartFilterBar-btnBasicSearch","interaction":{"idSuffix":"I"}},"clearTextFirst":true,"interactionType":"ENTER_TEXT"}]}
RESULT: {"script":"<script> [776 bytes]","args":[{"enterText":"401002","selector":{"id":"application-ruinventorylist-display-component---Master--smartFilterBar-btnBasicSearch","interaction":{"idSuffix":"I"}},"clearTextFirst":true,"interactionType":"ENTER_TEXT"}]}
COMMAND: POST /session/78806afaa9ff9027046ec8c7a0f946ae/actions - {"actions":[{"id":"action24","type":"key","parameters":{},"actions":[{"type":"keyDown","value":""},{"type":"pause","duration":10},{"type":"keyUp","value":""}]}]}
RESULT: {"actions":[{"id":"action24","type":"key","parameters":{},"actions":[{"type":"keyDown","value":""},{"type":"pause","duration":10},{"type":"keyUp","value":""}]}]}
COMMAND: GET /session/78806afaa9ff9027046ec8c7a0f946ae/screenshot - {}
RESULT: {}
COMMAND: POST /session/78806afaa9ff9027046ec8c7a0f946ae/element - {"using":"xpath","value":"//span[@id=\"application-ruinventorylist-display-component---Master--smartTableRuInventoryList-header-inner\"]"}
RESULT: {"using":"xpath","value":"//span[@id=\"application-ruinventorylist-display-component---Master--smartTableRuInventoryList-header-inner\"]"}
COMMAND: POST /session/78806afaa9ff9027046ec8c7a0f946ae/elements - {"using":"xpath","value":"//span[@id=\"application-ruinventorylist-display-component---Master--smartTableRuInventoryList-header-inner\"]"}
RESULT: {"using":"xpath","value":"//span[@id=\"application-ruinventorylist-display-component---Master--smartTableRuInventoryList-header-inner\"]"}
COMMAND: POST /session/78806afaa9ff9027046ec8c7a0f946ae/execute/sync - {"script":"<script> [56 bytes]","args":[{"element-6066-11e4-a52e-4f735466cecf":"f.84765E1B68FB5990D5B9B6B6A2B6A00F.d.01AC6BEDBDEB491F3942E0B1870EED9F.e.5542","ELEMENT":"f.84765E1B68FB5990D5B9B6B6A2B6A00F.d.01AC6BEDBDEB491F3942E0B1870EED9F.e.5542"}]}
RESULT: {"script":"<script> [56 bytes]","args":[{"element-6066-11e4-a52e-4f735466cecf":"f.84765E1B68FB5990D5B9B6B6A2B6A00F.d.01AC6BEDBDEB491F3942E0B1870EED9F.e.5542","ELEMENT":"f.84765E1B68FB5990D5B9B6B6A2B6A00F.d.01AC6BEDBDEB491F3942E0B1870EED9F.e.5542"}]}
COMMAND: POST /session/78806afaa9ff9027046ec8c7a0f946ae/element - {"using":"xpath","value":"//table[contains(@id, \"application-ruinventorylist-display-component---Master--tableRuInventoryList-listUl\")]/tbody/tr[1]/td[2]/div/div"}
COMMAND: GET /session/78806afaa9ff9027046ec8c7a0f946ae/screenshot - {}
RESULT: {"using":"xpath","value":"//table[contains(@id, \"application-ruinventorylist-display-component---Master--tableRuInventoryList-listUl\")]/tbody/tr[1]/td[2]/div/div"}
COMMAND: POST /session/78806afaa9ff9027046ec8c7a0f946ae/element/f.84765E1B68FB5990D5B9B6B6A2B6A00F.d.01AC6BEDBDEB491F3942E0B1870EED9F.e.5709/click - {}
RESULT: {}
RESULT: {}
COMMAND: GET /session/78806afaa9ff9027046ec8c7a0f946ae/screenshot - {}
RESULT: {}
COMMAND: POST /session/78806afaa9ff9027046ec8c7a0f946ae/element - {"using":"xpath","value":"//div[contains(@id, \"smartFilterBar-btnBasicSearch-reset\")]"}
RESULT: {"using":"xpath","value":"//div[contains(@id, \"smartFilterBar-btnBasicSearch-reset\")]"}
COMMAND: POST /session/78806afaa9ff9027046ec8c7a0f946ae/element/f.84765E1B68FB5990D5B9B6B6A2B6A00F.d.01AC6BEDBDEB491F3942E0B1870EED9F.e.5558/click - {}
RESULT: {}
COMMAND: GET /session/78806afaa9ff9027046ec8c7a0f946ae/screenshot - {}
RESULT: {}
RESULT: undefined
COMMAND: POST /session/78806afaa9ff9027046ec8c7a0f946ae/execute/async - {"script":"<script> [776 bytes]","args":[{"enterText":"S5uXXiHwE2","selector":{"id":"application-ruinventorylist-display-component---Master--smartFilterBar-btnBasicSearch","interaction":{"idSuffix":"I"}},"clearTextFirst":true,"interactionType":"ENTER_TEXT"}]}
RESULT: {"script":"<script> [776 bytes]","args":[{"enterText":"S5uXXiHwE2","selector":{"id":"application-ruinventorylist-display-component---Master--smartFilterBar-btnBasicSearch","interaction":{"idSuffix":"I"}},"clearTextFirst":true,"interactionType":"ENTER_TEXT"}]}
COMMAND: POST /session/78806afaa9ff9027046ec8c7a0f946ae/actions - {"actions":[{"id":"action25","type":"key","parameters":{},"actions":[{"type":"keyDown","value":""},{"type":"pause","duration":10},{"type":"keyUp","value":""}]}]}
RESULT: {"actions":[{"id":"action25","type":"key","parameters":{},"actions":[{"type":"keyDown","value":""},{"type":"pause","duration":10},{"type":"keyUp","value":""}]}]}
COMMAND: GET /session/78806afaa9ff9027046ec8c7a0f946ae/screenshot - {}
RESULT: {}
COMMAND: POST /session/78806afaa9ff9027046ec8c7a0f946ae/element - {"using":"xpath","value":"//span[@id=\"application-ruinventorylist-display-component---Master--smartTableRuInventoryList-header-inner\"]"}
RESULT: {"using":"xpath","value":"//span[@id=\"application-ruinventorylist-display-component---Master--smartTableRuInventoryList-header-inner\"]"}
COMMAND: POST /session/78806afaa9ff9027046ec8c7a0f946ae/elements - {"using":"xpath","value":"//span[@id=\"application-ruinventorylist-display-component---Master--smartTableRuInventoryList-header-inner\"]"}
RESULT: {"using":"xpath","value":"//span[@id=\"application-ruinventorylist-display-component---Master--smartTableRuInventoryList-header-inner\"]"}
COMMAND: POST /session/78806afaa9ff9027046ec8c7a0f946ae/execute/sync - {"script":"<script> [56 bytes]","args":[{"element-6066-11e4-a52e-4f735466cecf":"f.84765E1B68FB5990D5B9B6B6A2B6A00F.d.01AC6BEDBDEB491F3942E0B1870EED9F.e.5542","ELEMENT":"f.84765E1B68FB5990D5B9B6B6A2B6A00F.d.01AC6BEDBDEB491F3942E0B1870EED9F.e.5542"}]}
RESULT: {"script":"<script> [56 bytes]","args":[{"element-6066-11e4-a52e-4f735466cecf":"f.84765E1B68FB5990D5B9B6B6A2B6A00F.d.01AC6BEDBDEB491F3942E0B1870EED9F.e.5542","ELEMENT":"f.84765E1B68FB5990D5B9B6B6A2B6A00F.d.01AC6BEDBDEB491F3942E0B1870EED9F.e.5542"}]}
COMMAND: POST /session/78806afaa9ff9027046ec8c7a0f946ae/element - {"using":"xpath","value":"//table[contains(@id, \"application-ruinventorylist-display-component---Master--tableRuInventoryList-listUl\")]/tbody/tr[1]/td[2]/div/div"}
COMMAND: GET /session/78806afaa9ff9027046ec8c7a0f946ae/screenshot - {}
RESULT: {"using":"xpath","value":"//table[contains(@id, \"application-ruinventorylist-display-component---Master--tableRuInventoryList-listUl\")]/tbody/tr[1]/td[2]/div/div"}
COMMAND: POST /session/78806afaa9ff9027046ec8c7a0f946ae/element/f.84765E1B68FB5990D5B9B6B6A2B6A00F.d.01AC6BEDBDEB491F3942E0B1870EED9F.e.5868/click - {}
RESULT: {}
RESULT: {}
COMMAND: GET /session/78806afaa9ff9027046ec8c7a0f946ae/screenshot - {}
RESULT: {}
COMMAND: POST /session/78806afaa9ff9027046ec8c7a0f946ae/element - {"using":"xpath","value":"//div[contains(@id, \"smartFilterBar-btnBasicSearch-reset\")]"}
RESULT: {"using":"xpath","value":"//div[contains(@id, \"smartFilterBar-btnBasicSearch-reset\")]"}
COMMAND: POST /session/78806afaa9ff9027046ec8c7a0f946ae/element/f.84765E1B68FB5990D5B9B6B6A2B6A00F.d.01AC6BEDBDEB491F3942E0B1870EED9F.e.5558/click - {}
RESULT: {}
COMMAND: GET /session/78806afaa9ff9027046ec8c7a0f946ae/screenshot - {}
RESULT: {}
RESULT: undefined
COMMAND: POST /session/78806afaa9ff9027046ec8c7a0f946ae/execute/async - {"script":"<script> [776 bytes]","args":[{"enterText":"200236","selector":{"id":"application-ruinventorylist-display-component---Master--smartFilterBar-btnBasicSearch","interaction":{"idSuffix":"I"}},"clearTextFirst":true,"interactionType":"ENTER_TEXT"}]}
RESULT: {"script":"<script> [776 bytes]","args":[{"enterText":"200236","selector":{"id":"application-ruinventorylist-display-component---Master--smartFilterBar-btnBasicSearch","interaction":{"idSuffix":"I"}},"clearTextFirst":true,"interactionType":"ENTER_TEXT"}]}
COMMAND: POST /session/78806afaa9ff9027046ec8c7a0f946ae/actions - {"actions":[{"id":"action26","type":"key","parameters":{},"actions":[{"type":"keyDown","value":""},{"type":"pause","duration":10},{"type":"keyUp","value":""}]}]}
RESULT: {"actions":[{"id":"action26","type":"key","parameters":{},"actions":[{"type":"keyDown","value":""},{"type":"pause","duration":10},{"type":"keyUp","value":""}]}]}
COMMAND: GET /session/78806afaa9ff9027046ec8c7a0f946ae/screenshot - {}
RESULT: {}
COMMAND: POST /session/78806afaa9ff9027046ec8c7a0f946ae/element - {"using":"xpath","value":"//span[@id=\"application-ruinventorylist-display-component---Master--smartTableRuInventoryList-header-inner\"]"}
RESULT: {"using":"xpath","value":"//span[@id=\"application-ruinventorylist-display-component---Master--smartTableRuInventoryList-header-inner\"]"}
COMMAND: POST /session/78806afaa9ff9027046ec8c7a0f946ae/elements - {"using":"xpath","value":"//span[@id=\"application-ruinventorylist-display-component---Master--smartTableRuInventoryList-header-inner\"]"}
RESULT: {"using":"xpath","value":"//span[@id=\"application-ruinventorylist-display-component---Master--smartTableRuInventoryList-header-inner\"]"}
COMMAND: POST /session/78806afaa9ff9027046ec8c7a0f946ae/execute/sync - {"script":"<script> [56 bytes]","args":[{"element-6066-11e4-a52e-4f735466cecf":"f.84765E1B68FB5990D5B9B6B6A2B6A00F.d.01AC6BEDBDEB491F3942E0B1870EED9F.e.5542","ELEMENT":"f.84765E1B68FB5990D5B9B6B6A2B6A00F.d.01AC6BEDBDEB491F3942E0B1870EED9F.e.5542"}]}
RESULT: {"script":"<script> [56 bytes]","args":[{"element-6066-11e4-a52e-4f735466cecf":"f.84765E1B68FB5990D5B9B6B6A2B6A00F.d.01AC6BEDBDEB491F3942E0B1870EED9F.e.5542","ELEMENT":"f.84765E1B68FB5990D5B9B6B6A2B6A00F.d.01AC6BEDBDEB491F3942E0B1870EED9F.e.5542"}]}
COMMAND: POST /session/78806afaa9ff9027046ec8c7a0f946ae/element - {"using":"xpath","value":"//table[contains(@id, \"application-ruinventorylist-display-component---Master--tableRuInventoryList-listUl\")]/tbody/tr[1]/td[2]/div/div"}
COMMAND: GET /session/78806afaa9ff9027046ec8c7a0f946ae/screenshot - {}
RESULT: {"using":"xpath","value":"//table[contains(@id, \"application-ruinventorylist-display-component---Master--tableRuInventoryList-listUl\")]/tbody/tr[1]/td[2]/div/div"}
COMMAND: POST /session/78806afaa9ff9027046ec8c7a0f946ae/element/f.84765E1B68FB5990D5B9B6B6A2B6A00F.d.01AC6BEDBDEB491F3942E0B1870EED9F.e.6030/click - {}
RESULT: {}
RESULT: {}
COMMAND: GET /session/78806afaa9ff9027046ec8c7a0f946ae/screenshot - {}
RESULT: {}
COMMAND: POST /session/78806afaa9ff9027046ec8c7a0f946ae/element - {"using":"xpath","value":"//div[contains(@id, \"smartFilterBar-btnBasicSearch-reset\")]"}
RESULT: {"using":"xpath","value":"//div[contains(@id, \"smartFilterBar-btnBasicSearch-reset\")]"}
COMMAND: POST /session/78806afaa9ff9027046ec8c7a0f946ae/element/f.84765E1B68FB5990D5B9B6B6A2B6A00F.d.01AC6BEDBDEB491F3942E0B1870EED9F.e.5558/click - {}
RESULT: {}
COMMAND: GET /session/78806afaa9ff9027046ec8c7a0f946ae/screenshot - {}
RESULT: {}
COMMAND: POST /session/78806afaa9ff9027046ec8c7a0f946ae/element/f.84765E1B68FB5990D5B9B6B6A2B6A00F.d.01AC6BEDBDEB491F3942E0B1870EED9F.e.4964/click - {}
RESULT: {}
COMMAND: GET /session/78806afaa9ff9027046ec8c7a0f946ae/screenshot - {}
RESULT: {}
COMMAND: POST /session/78806afaa9ff9027046ec8c7a0f946ae/execute/async - {"script":"<script> [1562 bytes]","args":[{"selector":{"id":"application-ruinventorylist-display-component---Master--effectiveDate","searchOpenDialogs":true,"interaction":{"idSuffix":"inner"}},"wdio_ui5_key":"applicationruinventorylist-display-component---Master--effectiveDate"}]}
RESULT: {"script":"<script> [1562 bytes]","args":[{"selector":{"id":"application-ruinventorylist-display-component---Master--effectiveDate","searchOpenDialogs":true,"interaction":{"idSuffix":"inner"}},"wdio_ui5_key":"applicationruinventorylist-display-component---Master--effectiveDate"}]}
RESULT: undefined
COMMAND: POST /session/78806afaa9ff9027046ec8c7a0f946ae/execute/async - {"script":"<script> [776 bytes]","args":[{"enterText":"05/27/25","selector":{"id":"application-ruinventorylist-display-component---Master--effectiveDate","searchOpenDialogs":true,"interaction":{"idSuffix":"inner"}},"clearTextFirst":true,"interactionType":"ENTER_TEXT"}]}
RESULT: {"script":"<script> [776 bytes]","args":[{"enterText":"05/27/25","selector":{"id":"application-ruinventorylist-display-component---Master--effectiveDate","searchOpenDialogs":true,"interaction":{"idSuffix":"inner"}},"clearTextFirst":true,"interactionType":"ENTER_TEXT"}]}
COMMAND: POST /session/78806afaa9ff9027046ec8c7a0f946ae/element - {"using":"xpath","value":"//span[contains(@data-kt,\"correctionMassStateChangeIcon\")]"}
RESULT: {"using":"xpath","value":"//span[contains(@data-kt,\"correctionMassStateChangeIcon\")]"}
COMMAND: POST /session/78806afaa9ff9027046ec8c7a0f946ae/elements - {"using":"xpath","value":"//span[contains(@data-kt,\"correctionMassStateChangeIcon\")]"}
RESULT: {"using":"xpath","value":"//span[contains(@data-kt,\"correctionMassStateChangeIcon\")]"}
COMMAND: POST /session/78806afaa9ff9027046ec8c7a0f946ae/elements - {"using":"xpath","value":"//span[contains(@data-kt,\"correctionMassStateChangeIcon\")]"}
RESULT: {"using":"xpath","value":"//span[contains(@data-kt,\"correctionMassStateChangeIcon\")]"}
RESULT: undefined
COMMAND: POST /session/78806afaa9ff9027046ec8c7a0f946ae/element - {"using":"xpath","value":"//*[@id=\"application-ruinventorylist-display-component---Master--ruStateTypes-arrow\"]"}
RESULT: {"using":"xpath","value":"//*[@id=\"application-ruinventorylist-display-component---Master--ruStateTypes-arrow\"]"}
COMMAND: POST /session/78806afaa9ff9027046ec8c7a0f946ae/element/f.84765E1B68FB5990D5B9B6B6A2B6A00F.d.01AC6BEDBDEB491F3942E0B1870EED9F.e.6225/click - {}
RESULT: {}
COMMAND: GET /session/78806afaa9ff9027046ec8c7a0f946ae/screenshot - {}
RESULT: {}
COMMAND: POST /session/78806afaa9ff9027046ec8c7a0f946ae/element - {"using":"xpath","value":"//li[.//span[text()=\"defect\"]]"}
RESULT: {"using":"xpath","value":"//li[.//span[text()=\"defect\"]]"}
COMMAND: POST /session/78806afaa9ff9027046ec8c7a0f946ae/element/f.84765E1B68FB5990D5B9B6B6A2B6A00F.d.01AC6BEDBDEB491F3942E0B1870EED9F.e.6226/click - {}
RESULT: {}
COMMAND: GET /session/78806afaa9ff9027046ec8c7a0f946ae/screenshot - {}
RESULT: {}
COMMAND: POST /session/78806afaa9ff9027046ec8c7a0f946ae/element - {"using":"xpath","value":"(//bdi[contains(text(), \"OK\")])[1]"}
RESULT: {"using":"xpath","value":"(//bdi[contains(text(), \"OK\")])[1]"}
COMMAND: POST /session/78806afaa9ff9027046ec8c7a0f946ae/element/f.84765E1B68FB5990D5B9B6B6A2B6A00F.d.01AC6BEDBDEB491F3942E0B1870EED9F.e.6227/click - {}
RESULT: {}
COMMAND: GET /session/78806afaa9ff9027046ec8c7a0f946ae/screenshot - {}
RESULT: {}
COMMAND: POST /session/78806afaa9ff9027046ec8c7a0f946ae/element - {"using":"css selector","value":"div.sapMMessageBoxError"}
RESULT: {"using":"css selector","value":"div.sapMMessageBoxError"}
COMMAND: POST /session/78806afaa9ff9027046ec8c7a0f946ae/elements - {"using":"css selector","value":"div.sapMMessageBoxError"}
RESULT: {"using":"css selector","value":"div.sapMMessageBoxError"}
COMMAND: POST /session/78806afaa9ff9027046ec8c7a0f946ae/element - {"using":"xpath","value":"//div[contains(@class, \"sapMMessageBoxError\")]/section/div/div/span"}
RESULT: {"using":"xpath","value":"//div[contains(@class, \"sapMMessageBoxError\")]/section/div/div/span"}
COMMAND: POST /session/78806afaa9ff9027046ec8c7a0f946ae/execute/sync - {"script":"<script> [56 bytes]","args":[{"element-6066-11e4-a52e-4f735466cecf":"f.84765E1B68FB5990D5B9B6B6A2B6A00F.d.01AC6BEDBDEB491F3942E0B1870EED9F.e.6231","ELEMENT":"f.84765E1B68FB5990D5B9B6B6A2B6A00F.d.01AC6BEDBDEB491F3942E0B1870EED9F.e.6231"}]}
RESULT: {"script":"<script> [56 bytes]","args":[{"element-6066-11e4-a52e-4f735466cecf":"f.84765E1B68FB5990D5B9B6B6A2B6A00F.d.01AC6BEDBDEB491F3942E0B1870EED9F.e.6231","ELEMENT":"f.84765E1B68FB5990D5B9B6B6A2B6A00F.d.01AC6BEDBDEB491F3942E0B1870EED9F.e.6231"}]}
COMMAND: POST /session/78806afaa9ff9027046ec8c7a0f946ae/element - {"using":"xpath","value":"(//bdi[contains(text(), \"Close\")])[1]"}
COMMAND: GET /session/78806afaa9ff9027046ec8c7a0f946ae/screenshot - {}
RESULT: {"using":"xpath","value":"(//bdi[contains(text(), \"Close\")])[1]"}
COMMAND: POST /session/78806afaa9ff9027046ec8c7a0f946ae/element/f.84765E1B68FB5990D5B9B6B6A2B6A00F.d.01AC6BEDBDEB491F3942E0B1870EED9F.e.6232/click - {}
RESULT: {}
RESULT: {}
COMMAND: GET /session/78806afaa9ff9027046ec8c7a0f946ae/screenshot - {}
RESULT: {}
RESULT: undefined
COMMAND: POST /session/78806afaa9ff9027046ec8c7a0f946ae/execute/async - {"script":"<script> [776 bytes]","args":[{"enterText":"05/28/25","selector":{"id":"application-ruinventorylist-display-component---Master--effectiveDate","searchOpenDialogs":true,"interaction":{"idSuffix":"inner"}},"clearTextFirst":true,"interactionType":"ENTER_TEXT"}]}
RESULT: {"script":"<script> [776 bytes]","args":[{"enterText":"05/28/25","selector":{"id":"application-ruinventorylist-display-component---Master--effectiveDate","searchOpenDialogs":true,"interaction":{"idSuffix":"inner"}},"clearTextFirst":true,"interactionType":"ENTER_TEXT"}]}
COMMAND: POST /session/78806afaa9ff9027046ec8c7a0f946ae/element - {"using":"xpath","value":"(//bdi[contains(text(), \"OK\")])[1]"}
RESULT: {"using":"xpath","value":"(//bdi[contains(text(), \"OK\")])[1]"}
COMMAND: POST /session/78806afaa9ff9027046ec8c7a0f946ae/element/f.84765E1B68FB5990D5B9B6B6A2B6A00F.d.01AC6BEDBDEB491F3942E0B1870EED9F.e.6227/click - {}
RESULT: {}
COMMAND: GET /session/78806afaa9ff9027046ec8c7a0f946ae/screenshot - {}
RESULT: {}
COMMAND: POST /session/78806afaa9ff9027046ec8c7a0f946ae/element - {"using":"xpath","value":"(//bdi[contains(text(), \"OK\")])[2]"}
RESULT: {"using":"xpath","value":"(//bdi[contains(text(), \"OK\")])[2]"}
COMMAND: POST /session/78806afaa9ff9027046ec8c7a0f946ae/element/f.84765E1B68FB5990D5B9B6B6A2B6A00F.d.01AC6BEDBDEB491F3942E0B1870EED9F.e.6280/click - {}
RESULT: {}
COMMAND: GET /session/78806afaa9ff9027046ec8c7a0f946ae/screenshot - {}
RESULT: {}
RESULT: undefined
COMMAND: POST /session/78806afaa9ff9027046ec8c7a0f946ae/execute/async - {"script":"<script> [776 bytes]","args":[{"enterText":"600002","selector":{"id":"application-ruinventorylist-display-component---Master--smartFilterBar-btnBasicSearch","interaction":{"idSuffix":"I"}},"clearTextFirst":true,"interactionType":"ENTER_TEXT"}]}
RESULT: {"script":"<script> [776 bytes]","args":[{"enterText":"600002","selector":{"id":"application-ruinventorylist-display-component---Master--smartFilterBar-btnBasicSearch","interaction":{"idSuffix":"I"}},"clearTextFirst":true,"interactionType":"ENTER_TEXT"}]}
COMMAND: POST /session/78806afaa9ff9027046ec8c7a0f946ae/actions - {"actions":[{"id":"action27","type":"key","parameters":{},"actions":[{"type":"keyDown","value":""},{"type":"pause","duration":10},{"type":"keyUp","value":""}]}]}
RESULT: {"actions":[{"id":"action27","type":"key","parameters":{},"actions":[{"type":"keyDown","value":""},{"type":"pause","duration":10},{"type":"keyUp","value":""}]}]}
COMMAND: GET /session/78806afaa9ff9027046ec8c7a0f946ae/screenshot - {}
RESULT: {}
COMMAND: POST /session/78806afaa9ff9027046ec8c7a0f946ae/element - {"using":"xpath","value":"//span[@id=\"application-ruinventorylist-display-component---Master--smartTableRuInventoryList-header-inner\"]"}
RESULT: {"using":"xpath","value":"//span[@id=\"application-ruinventorylist-display-component---Master--smartTableRuInventoryList-header-inner\"]"}
COMMAND: POST /session/78806afaa9ff9027046ec8c7a0f946ae/elements - {"using":"xpath","value":"//span[@id=\"application-ruinventorylist-display-component---Master--smartTableRuInventoryList-header-inner\"]"}
RESULT: {"using":"xpath","value":"//span[@id=\"application-ruinventorylist-display-component---Master--smartTableRuInventoryList-header-inner\"]"}
COMMAND: POST /session/78806afaa9ff9027046ec8c7a0f946ae/execute/sync - {"script":"<script> [56 bytes]","args":[{"element-6066-11e4-a52e-4f735466cecf":"f.84765E1B68FB5990D5B9B6B6A2B6A00F.d.01AC6BEDBDEB491F3942E0B1870EED9F.e.5542","ELEMENT":"f.84765E1B68FB5990D5B9B6B6A2B6A00F.d.01AC6BEDBDEB491F3942E0B1870EED9F.e.5542"}]}
RESULT: {"script":"<script> [56 bytes]","args":[{"element-6066-11e4-a52e-4f735466cecf":"f.84765E1B68FB5990D5B9B6B6A2B6A00F.d.01AC6BEDBDEB491F3942E0B1870EED9F.e.5542","ELEMENT":"f.84765E1B68FB5990D5B9B6B6A2B6A00F.d.01AC6BEDBDEB491F3942E0B1870EED9F.e.5542"}]}
COMMAND: POST /session/78806afaa9ff9027046ec8c7a0f946ae/element - {"using":"xpath","value":"//table[contains(@id, \"application-ruinventorylist-display-component---Master--tableRuInventoryList-listUl\")]/tbody/tr[1]/td[6]/div/span"}
COMMAND: GET /session/78806afaa9ff9027046ec8c7a0f946ae/screenshot - {}
RESULT: {"using":"xpath","value":"//table[contains(@id, \"application-ruinventorylist-display-component---Master--tableRuInventoryList-listUl\")]/tbody/tr[1]/td[6]/div/span"}
COMMAND: POST /session/78806afaa9ff9027046ec8c7a0f946ae/execute/sync - {"script":"<script> [56 bytes]","args":[{"element-6066-11e4-a52e-4f735466cecf":"f.84765E1B68FB5990D5B9B6B6A2B6A00F.d.01AC6BEDBDEB491F3942E0B1870EED9F.e.6304","ELEMENT":"f.84765E1B68FB5990D5B9B6B6A2B6A00F.d.01AC6BEDBDEB491F3942E0B1870EED9F.e.6304"}]}
RESULT: {}
RESULT: {"script":"<script> [56 bytes]","args":[{"element-6066-11e4-a52e-4f735466cecf":"f.84765E1B68FB5990D5B9B6B6A2B6A00F.d.01AC6BEDBDEB491F3942E0B1870EED9F.e.6304","ELEMENT":"f.84765E1B68FB5990D5B9B6B6A2B6A00F.d.01AC6BEDBDEB491F3942E0B1870EED9F.e.6304"}]}
COMMAND: POST /session/78806afaa9ff9027046ec8c7a0f946ae/element - {"using":"xpath","value":"//div[contains(@id, \"smartFilterBar-btnBasicSearch-reset\")]"}
COMMAND: GET /session/78806afaa9ff9027046ec8c7a0f946ae/screenshot - {}
RESULT: {"using":"xpath","value":"//div[contains(@id, \"smartFilterBar-btnBasicSearch-reset\")]"}
COMMAND: POST /session/78806afaa9ff9027046ec8c7a0f946ae/element/f.84765E1B68FB5990D5B9B6B6A2B6A00F.d.01AC6BEDBDEB491F3942E0B1870EED9F.e.5558/click - {}
RESULT: {}
RESULT: {}
COMMAND: GET /session/78806afaa9ff9027046ec8c7a0f946ae/screenshot - {}
RESULT: {}
RESULT: undefined
COMMAND: POST /session/78806afaa9ff9027046ec8c7a0f946ae/execute/async - {"script":"<script> [776 bytes]","args":[{"enterText":"401002","selector":{"id":"application-ruinventorylist-display-component---Master--smartFilterBar-btnBasicSearch","interaction":{"idSuffix":"I"}},"clearTextFirst":true,"interactionType":"ENTER_TEXT"}]}
RESULT: {"script":"<script> [776 bytes]","args":[{"enterText":"401002","selector":{"id":"application-ruinventorylist-display-component---Master--smartFilterBar-btnBasicSearch","interaction":{"idSuffix":"I"}},"clearTextFirst":true,"interactionType":"ENTER_TEXT"}]}
COMMAND: POST /session/78806afaa9ff9027046ec8c7a0f946ae/actions - {"actions":[{"id":"action28","type":"key","parameters":{},"actions":[{"type":"keyDown","value":""},{"type":"pause","duration":10},{"type":"keyUp","value":""}]}]}
RESULT: {"actions":[{"id":"action28","type":"key","parameters":{},"actions":[{"type":"keyDown","value":""},{"type":"pause","duration":10},{"type":"keyUp","value":""}]}]}
COMMAND: GET /session/78806afaa9ff9027046ec8c7a0f946ae/screenshot - {}
RESULT: {}
COMMAND: POST /session/78806afaa9ff9027046ec8c7a0f946ae/element - {"using":"xpath","value":"//span[@id=\"application-ruinventorylist-display-component---Master--smartTableRuInventoryList-header-inner\"]"}
RESULT: {"using":"xpath","value":"//span[@id=\"application-ruinventorylist-display-component---Master--smartTableRuInventoryList-header-inner\"]"}
COMMAND: POST /session/78806afaa9ff9027046ec8c7a0f946ae/elements - {"using":"xpath","value":"//span[@id=\"application-ruinventorylist-display-component---Master--smartTableRuInventoryList-header-inner\"]"}
RESULT: {"using":"xpath","value":"//span[@id=\"application-ruinventorylist-display-component---Master--smartTableRuInventoryList-header-inner\"]"}
COMMAND: POST /session/78806afaa9ff9027046ec8c7a0f946ae/execute/sync - {"script":"<script> [56 bytes]","args":[{"element-6066-11e4-a52e-4f735466cecf":"f.84765E1B68FB5990D5B9B6B6A2B6A00F.d.01AC6BEDBDEB491F3942E0B1870EED9F.e.5542","ELEMENT":"f.84765E1B68FB5990D5B9B6B6A2B6A00F.d.01AC6BEDBDEB491F3942E0B1870EED9F.e.5542"}]}
RESULT: {"script":"<script> [56 bytes]","args":[{"element-6066-11e4-a52e-4f735466cecf":"f.84765E1B68FB5990D5B9B6B6A2B6A00F.d.01AC6BEDBDEB491F3942E0B1870EED9F.e.5542","ELEMENT":"f.84765E1B68FB5990D5B9B6B6A2B6A00F.d.01AC6BEDBDEB491F3942E0B1870EED9F.e.5542"}]}
COMMAND: POST /session/78806afaa9ff9027046ec8c7a0f946ae/element - {"using":"xpath","value":"//table[contains(@id, \"application-ruinventorylist-display-component---Master--tableRuInventoryList-listUl\")]/tbody/tr[1]/td[6]/div/span"}
COMMAND: GET /session/78806afaa9ff9027046ec8c7a0f946ae/screenshot - {}
RESULT: {"using":"xpath","value":"//table[contains(@id, \"application-ruinventorylist-display-component---Master--tableRuInventoryList-listUl\")]/tbody/tr[1]/td[6]/div/span"}
COMMAND: POST /session/78806afaa9ff9027046ec8c7a0f946ae/execute/sync - {"script":"<script> [56 bytes]","args":[{"element-6066-11e4-a52e-4f735466cecf":"f.84765E1B68FB5990D5B9B6B6A2B6A00F.d.01AC6BEDBDEB491F3942E0B1870EED9F.e.6396","ELEMENT":"f.84765E1B68FB5990D5B9B6B6A2B6A00F.d.01AC6BEDBDEB491F3942E0B1870EED9F.e.6396"}]}
RESULT: {}
RESULT: {"script":"<script> [56 bytes]","args":[{"element-6066-11e4-a52e-4f735466cecf":"f.84765E1B68FB5990D5B9B6B6A2B6A00F.d.01AC6BEDBDEB491F3942E0B1870EED9F.e.6396","ELEMENT":"f.84765E1B68FB5990D5B9B6B6A2B6A00F.d.01AC6BEDBDEB491F3942E0B1870EED9F.e.6396"}]}
COMMAND: POST /session/78806afaa9ff9027046ec8c7a0f946ae/element - {"using":"xpath","value":"//div[contains(@id, \"smartFilterBar-btnBasicSearch-reset\")]"}
COMMAND: GET /session/78806afaa9ff9027046ec8c7a0f946ae/screenshot - {}
RESULT: {"using":"xpath","value":"//div[contains(@id, \"smartFilterBar-btnBasicSearch-reset\")]"}
COMMAND: POST /session/78806afaa9ff9027046ec8c7a0f946ae/element/f.84765E1B68FB5990D5B9B6B6A2B6A00F.d.01AC6BEDBDEB491F3942E0B1870EED9F.e.5558/click - {}
RESULT: {}
RESULT: {}
COMMAND: GET /session/78806afaa9ff9027046ec8c7a0f946ae/screenshot - {}
RESULT: {}
RESULT: undefined
COMMAND: POST /session/78806afaa9ff9027046ec8c7a0f946ae/execute/async - {"script":"<script> [776 bytes]","args":[{"enterText":"S5uXXiHwE2","selector":{"id":"application-ruinventorylist-display-component---Master--smartFilterBar-btnBasicSearch","interaction":{"idSuffix":"I"}},"clearTextFirst":true,"interactionType":"ENTER_TEXT"}]}
RESULT: {"script":"<script> [776 bytes]","args":[{"enterText":"S5uXXiHwE2","selector":{"id":"application-ruinventorylist-display-component---Master--smartFilterBar-btnBasicSearch","interaction":{"idSuffix":"I"}},"clearTextFirst":true,"interactionType":"ENTER_TEXT"}]}
COMMAND: POST /session/78806afaa9ff9027046ec8c7a0f946ae/actions - {"actions":[{"id":"action29","type":"key","parameters":{},"actions":[{"type":"keyDown","value":""},{"type":"pause","duration":10},{"type":"keyUp","value":""}]}]}
RESULT: {"actions":[{"id":"action29","type":"key","parameters":{},"actions":[{"type":"keyDown","value":""},{"type":"pause","duration":10},{"type":"keyUp","value":""}]}]}
COMMAND: GET /session/78806afaa9ff9027046ec8c7a0f946ae/screenshot - {}
RESULT: {}
COMMAND: POST /session/78806afaa9ff9027046ec8c7a0f946ae/element - {"using":"xpath","value":"//span[@id=\"application-ruinventorylist-display-component---Master--smartTableRuInventoryList-header-inner\"]"}
RESULT: {"using":"xpath","value":"//span[@id=\"application-ruinventorylist-display-component---Master--smartTableRuInventoryList-header-inner\"]"}
COMMAND: POST /session/78806afaa9ff9027046ec8c7a0f946ae/elements - {"using":"xpath","value":"//span[@id=\"application-ruinventorylist-display-component---Master--smartTableRuInventoryList-header-inner\"]"}
RESULT: {"using":"xpath","value":"//span[@id=\"application-ruinventorylist-display-component---Master--smartTableRuInventoryList-header-inner\"]"}
COMMAND: POST /session/78806afaa9ff9027046ec8c7a0f946ae/execute/sync - {"script":"<script> [56 bytes]","args":[{"element-6066-11e4-a52e-4f735466cecf":"f.84765E1B68FB5990D5B9B6B6A2B6A00F.d.01AC6BEDBDEB491F3942E0B1870EED9F.e.5542","ELEMENT":"f.84765E1B68FB5990D5B9B6B6A2B6A00F.d.01AC6BEDBDEB491F3942E0B1870EED9F.e.5542"}]}
RESULT: {"script":"<script> [56 bytes]","args":[{"element-6066-11e4-a52e-4f735466cecf":"f.84765E1B68FB5990D5B9B6B6A2B6A00F.d.01AC6BEDBDEB491F3942E0B1870EED9F.e.5542","ELEMENT":"f.84765E1B68FB5990D5B9B6B6A2B6A00F.d.01AC6BEDBDEB491F3942E0B1870EED9F.e.5542"}]}
COMMAND: POST /session/78806afaa9ff9027046ec8c7a0f946ae/element - {"using":"xpath","value":"//table[contains(@id, \"application-ruinventorylist-display-component---Master--tableRuInventoryList-listUl\")]/tbody/tr[1]/td[6]/div/span"}
COMMAND: GET /session/78806afaa9ff9027046ec8c7a0f946ae/screenshot - {}
RESULT: {"using":"xpath","value":"//table[contains(@id, \"application-ruinventorylist-display-component---Master--tableRuInventoryList-listUl\")]/tbody/tr[1]/td[6]/div/span"}
COMMAND: POST /session/78806afaa9ff9027046ec8c7a0f946ae/execute/sync - {"script":"<script> [56 bytes]","args":[{"element-6066-11e4-a52e-4f735466cecf":"f.84765E1B68FB5990D5B9B6B6A2B6A00F.d.01AC6BEDBDEB491F3942E0B1870EED9F.e.6484","ELEMENT":"f.84765E1B68FB5990D5B9B6B6A2B6A00F.d.01AC6BEDBDEB491F3942E0B1870EED9F.e.6484"}]}
RESULT: {}
RESULT: {"script":"<script> [56 bytes]","args":[{"element-6066-11e4-a52e-4f735466cecf":"f.84765E1B68FB5990D5B9B6B6A2B6A00F.d.01AC6BEDBDEB491F3942E0B1870EED9F.e.6484","ELEMENT":"f.84765E1B68FB5990D5B9B6B6A2B6A00F.d.01AC6BEDBDEB491F3942E0B1870EED9F.e.6484"}]}
COMMAND: POST /session/78806afaa9ff9027046ec8c7a0f946ae/element - {"using":"xpath","value":"//div[contains(@id, \"smartFilterBar-btnBasicSearch-reset\")]"}
COMMAND: GET /session/78806afaa9ff9027046ec8c7a0f946ae/screenshot - {}
RESULT: {"using":"xpath","value":"//div[contains(@id, \"smartFilterBar-btnBasicSearch-reset\")]"}
COMMAND: POST /session/78806afaa9ff9027046ec8c7a0f946ae/element/f.84765E1B68FB5990D5B9B6B6A2B6A00F.d.01AC6BEDBDEB491F3942E0B1870EED9F.e.5558/click - {}
RESULT: {}
RESULT: {}
COMMAND: GET /session/78806afaa9ff9027046ec8c7a0f946ae/screenshot - {}
RESULT: {}
RESULT: undefined
COMMAND: POST /session/78806afaa9ff9027046ec8c7a0f946ae/execute/async - {"script":"<script> [776 bytes]","args":[{"enterText":"200236","selector":{"id":"application-ruinventorylist-display-component---Master--smartFilterBar-btnBasicSearch","interaction":{"idSuffix":"I"}},"clearTextFirst":true,"interactionType":"ENTER_TEXT"}]}
RESULT: {"script":"<script> [776 bytes]","args":[{"enterText":"200236","selector":{"id":"application-ruinventorylist-display-component---Master--smartFilterBar-btnBasicSearch","interaction":{"idSuffix":"I"}},"clearTextFirst":true,"interactionType":"ENTER_TEXT"}]}
COMMAND: POST /session/78806afaa9ff9027046ec8c7a0f946ae/actions - {"actions":[{"id":"action30","type":"key","parameters":{},"actions":[{"type":"keyDown","value":""},{"type":"pause","duration":10},{"type":"keyUp","value":""}]}]}
RESULT: {"actions":[{"id":"action30","type":"key","parameters":{},"actions":[{"type":"keyDown","value":""},{"type":"pause","duration":10},{"type":"keyUp","value":""}]}]}
COMMAND: GET /session/78806afaa9ff9027046ec8c7a0f946ae/screenshot - {}
RESULT: {}
COMMAND: POST /session/78806afaa9ff9027046ec8c7a0f946ae/element - {"using":"xpath","value":"//span[@id=\"application-ruinventorylist-display-component---Master--smartTableRuInventoryList-header-inner\"]"}
RESULT: {"using":"xpath","value":"//span[@id=\"application-ruinventorylist-display-component---Master--smartTableRuInventoryList-header-inner\"]"}
COMMAND: POST /session/78806afaa9ff9027046ec8c7a0f946ae/elements - {"using":"xpath","value":"//span[@id=\"application-ruinventorylist-display-component---Master--smartTableRuInventoryList-header-inner\"]"}
RESULT: {"using":"xpath","value":"//span[@id=\"application-ruinventorylist-display-component---Master--smartTableRuInventoryList-header-inner\"]"}
COMMAND: POST /session/78806afaa9ff9027046ec8c7a0f946ae/execute/sync - {"script":"<script> [56 bytes]","args":[{"element-6066-11e4-a52e-4f735466cecf":"f.84765E1B68FB5990D5B9B6B6A2B6A00F.d.01AC6BEDBDEB491F3942E0B1870EED9F.e.5542","ELEMENT":"f.84765E1B68FB5990D5B9B6B6A2B6A00F.d.01AC6BEDBDEB491F3942E0B1870EED9F.e.5542"}]}
RESULT: {"script":"<script> [56 bytes]","args":[{"element-6066-11e4-a52e-4f735466cecf":"f.84765E1B68FB5990D5B9B6B6A2B6A00F.d.01AC6BEDBDEB491F3942E0B1870EED9F.e.5542","ELEMENT":"f.84765E1B68FB5990D5B9B6B6A2B6A00F.d.01AC6BEDBDEB491F3942E0B1870EED9F.e.5542"}]}
COMMAND: POST /session/78806afaa9ff9027046ec8c7a0f946ae/element - {"using":"xpath","value":"//table[contains(@id, \"application-ruinventorylist-display-component---Master--tableRuInventoryList-listUl\")]/tbody/tr[1]/td[6]/div/span"}
COMMAND: GET /session/78806afaa9ff9027046ec8c7a0f946ae/screenshot - {}
RESULT: {"using":"xpath","value":"//table[contains(@id, \"application-ruinventorylist-display-component---Master--tableRuInventoryList-listUl\")]/tbody/tr[1]/td[6]/div/span"}
COMMAND: POST /session/78806afaa9ff9027046ec8c7a0f946ae/execute/sync - {"script":"<script> [56 bytes]","args":[{"element-6066-11e4-a52e-4f735466cecf":"f.84765E1B68FB5990D5B9B6B6A2B6A00F.d.01AC6BEDBDEB491F3942E0B1870EED9F.e.6573","ELEMENT":"f.84765E1B68FB5990D5B9B6B6A2B6A00F.d.01AC6BEDBDEB491F3942E0B1870EED9F.e.6573"}]}
RESULT: {}
RESULT: {"script":"<script> [56 bytes]","args":[{"element-6066-11e4-a52e-4f735466cecf":"f.84765E1B68FB5990D5B9B6B6A2B6A00F.d.01AC6BEDBDEB491F3942E0B1870EED9F.e.6573","ELEMENT":"f.84765E1B68FB5990D5B9B6B6A2B6A00F.d.01AC6BEDBDEB491F3942E0B1870EED9F.e.6573"}]}
COMMAND: POST /session/78806afaa9ff9027046ec8c7a0f946ae/element - {"using":"xpath","value":"//div[contains(@id, \"smartFilterBar-btnBasicSearch-reset\")]"}
COMMAND: GET /session/78806afaa9ff9027046ec8c7a0f946ae/screenshot - {}
RESULT: {"using":"xpath","value":"//div[contains(@id, \"smartFilterBar-btnBasicSearch-reset\")]"}
COMMAND: POST /session/78806afaa9ff9027046ec8c7a0f946ae/element/f.84765E1B68FB5990D5B9B6B6A2B6A00F.d.01AC6BEDBDEB491F3942E0B1870EED9F.e.5558/click - {}
RESULT: {}
RESULT: {}
COMMAND: GET /session/78806afaa9ff9027046ec8c7a0f946ae/screenshot - {}
RESULT: {}
COMMAND: POST /session/78806afaa9ff9027046ec8c7a0f946ae/element/f.84765E1B68FB5990D5B9B6B6A2B6A00F.d.01AC6BEDBDEB491F3942E0B1870EED9F.e.4964/click - {}
RESULT: {}
COMMAND: GET /session/78806afaa9ff9027046ec8c7a0f946ae/screenshot - {}
RESULT: {}
RESULT: undefined
COMMAND: POST /session/78806afaa9ff9027046ec8c7a0f946ae/execute/async - {"script":"<script> [776 bytes]","args":[{"enterText":"600002","selector":{"id":"application-ruinventorylist-display-component---Master--smartFilterBar-btnBasicSearch","interaction":{"idSuffix":"I"}},"clearTextFirst":true,"interactionType":"ENTER_TEXT"}]}
RESULT: {"script":"<script> [776 bytes]","args":[{"enterText":"600002","selector":{"id":"application-ruinventorylist-display-component---Master--smartFilterBar-btnBasicSearch","interaction":{"idSuffix":"I"}},"clearTextFirst":true,"interactionType":"ENTER_TEXT"}]}
COMMAND: POST /session/78806afaa9ff9027046ec8c7a0f946ae/actions - {"actions":[{"id":"action31","type":"key","parameters":{},"actions":[{"type":"keyDown","value":""},{"type":"pause","duration":10},{"type":"keyUp","value":""}]}]}
RESULT: {"actions":[{"id":"action31","type":"key","parameters":{},"actions":[{"type":"keyDown","value":""},{"type":"pause","duration":10},{"type":"keyUp","value":""}]}]}
COMMAND: GET /session/78806afaa9ff9027046ec8c7a0f946ae/screenshot - {}
RESULT: {}
COMMAND: POST /session/78806afaa9ff9027046ec8c7a0f946ae/element - {"using":"xpath","value":"//span[@id=\"application-ruinventorylist-display-component---Master--smartTableRuInventoryList-header-inner\"]"}
RESULT: {"using":"xpath","value":"//span[@id=\"application-ruinventorylist-display-component---Master--smartTableRuInventoryList-header-inner\"]"}
COMMAND: POST /session/78806afaa9ff9027046ec8c7a0f946ae/elements - {"using":"xpath","value":"//span[@id=\"application-ruinventorylist-display-component---Master--smartTableRuInventoryList-header-inner\"]"}
RESULT: {"using":"xpath","value":"//span[@id=\"application-ruinventorylist-display-component---Master--smartTableRuInventoryList-header-inner\"]"}
COMMAND: POST /session/78806afaa9ff9027046ec8c7a0f946ae/execute/sync - {"script":"<script> [56 bytes]","args":[{"element-6066-11e4-a52e-4f735466cecf":"f.84765E1B68FB5990D5B9B6B6A2B6A00F.d.01AC6BEDBDEB491F3942E0B1870EED9F.e.5542","ELEMENT":"f.84765E1B68FB5990D5B9B6B6A2B6A00F.d.01AC6BEDBDEB491F3942E0B1870EED9F.e.5542"}]}
RESULT: {"script":"<script> [56 bytes]","args":[{"element-6066-11e4-a52e-4f735466cecf":"f.84765E1B68FB5990D5B9B6B6A2B6A00F.d.01AC6BEDBDEB491F3942E0B1870EED9F.e.5542","ELEMENT":"f.84765E1B68FB5990D5B9B6B6A2B6A00F.d.01AC6BEDBDEB491F3942E0B1870EED9F.e.5542"}]}
COMMAND: POST /session/78806afaa9ff9027046ec8c7a0f946ae/element - {"using":"xpath","value":"//table[contains(@id, \"application-ruinventorylist-display-component---Master--tableRuInventoryList-listUl\")]/tbody/tr[1]/td[2]/div/div"}
COMMAND: GET /session/78806afaa9ff9027046ec8c7a0f946ae/screenshot - {}
RESULT: {"using":"xpath","value":"//table[contains(@id, \"application-ruinventorylist-display-component---Master--tableRuInventoryList-listUl\")]/tbody/tr[1]/td[2]/div/div"}
COMMAND: POST /session/78806afaa9ff9027046ec8c7a0f946ae/element/f.84765E1B68FB5990D5B9B6B6A2B6A00F.d.01AC6BEDBDEB491F3942E0B1870EED9F.e.6839/click - {}
RESULT: {}
RESULT: {}
COMMAND: GET /session/78806afaa9ff9027046ec8c7a0f946ae/screenshot - {}
RESULT: {}
COMMAND: POST /session/78806afaa9ff9027046ec8c7a0f946ae/element - {"using":"xpath","value":"//div[contains(@id, \"smartFilterBar-btnBasicSearch-reset\")]"}
RESULT: {"using":"xpath","value":"//div[contains(@id, \"smartFilterBar-btnBasicSearch-reset\")]"}
COMMAND: POST /session/78806afaa9ff9027046ec8c7a0f946ae/element/f.84765E1B68FB5990D5B9B6B6A2B6A00F.d.01AC6BEDBDEB491F3942E0B1870EED9F.e.5558/click - {}
RESULT: {}
COMMAND: GET /session/78806afaa9ff9027046ec8c7a0f946ae/screenshot - {}
RESULT: {}
RESULT: undefined
COMMAND: POST /session/78806afaa9ff9027046ec8c7a0f946ae/execute/async - {"script":"<script> [776 bytes]","args":[{"enterText":"401002","selector":{"id":"application-ruinventorylist-display-component---Master--smartFilterBar-btnBasicSearch","interaction":{"idSuffix":"I"}},"clearTextFirst":true,"interactionType":"ENTER_TEXT"}]}
RESULT: {"script":"<script> [776 bytes]","args":[{"enterText":"401002","selector":{"id":"application-ruinventorylist-display-component---Master--smartFilterBar-btnBasicSearch","interaction":{"idSuffix":"I"}},"clearTextFirst":true,"interactionType":"ENTER_TEXT"}]}
COMMAND: POST /session/78806afaa9ff9027046ec8c7a0f946ae/actions - {"actions":[{"id":"action32","type":"key","parameters":{},"actions":[{"type":"keyDown","value":""},{"type":"pause","duration":10},{"type":"keyUp","value":""}]}]}
RESULT: {"actions":[{"id":"action32","type":"key","parameters":{},"actions":[{"type":"keyDown","value":""},{"type":"pause","duration":10},{"type":"keyUp","value":""}]}]}
COMMAND: GET /session/78806afaa9ff9027046ec8c7a0f946ae/screenshot - {}
RESULT: {}
COMMAND: POST /session/78806afaa9ff9027046ec8c7a0f946ae/element - {"using":"xpath","value":"//span[@id=\"application-ruinventorylist-display-component---Master--smartTableRuInventoryList-header-inner\"]"}
RESULT: {"using":"xpath","value":"//span[@id=\"application-ruinventorylist-display-component---Master--smartTableRuInventoryList-header-inner\"]"}
COMMAND: POST /session/78806afaa9ff9027046ec8c7a0f946ae/elements - {"using":"xpath","value":"//span[@id=\"application-ruinventorylist-display-component---Master--smartTableRuInventoryList-header-inner\"]"}
RESULT: {"using":"xpath","value":"//span[@id=\"application-ruinventorylist-display-component---Master--smartTableRuInventoryList-header-inner\"]"}
COMMAND: POST /session/78806afaa9ff9027046ec8c7a0f946ae/execute/sync - {"script":"<script> [56 bytes]","args":[{"element-6066-11e4-a52e-4f735466cecf":"f.84765E1B68FB5990D5B9B6B6A2B6A00F.d.01AC6BEDBDEB491F3942E0B1870EED9F.e.5542","ELEMENT":"f.84765E1B68FB5990D5B9B6B6A2B6A00F.d.01AC6BEDBDEB491F3942E0B1870EED9F.e.5542"}]}
RESULT: {"script":"<script> [56 bytes]","args":[{"element-6066-11e4-a52e-4f735466cecf":"f.84765E1B68FB5990D5B9B6B6A2B6A00F.d.01AC6BEDBDEB491F3942E0B1870EED9F.e.5542","ELEMENT":"f.84765E1B68FB5990D5B9B6B6A2B6A00F.d.01AC6BEDBDEB491F3942E0B1870EED9F.e.5542"}]}
COMMAND: POST /session/78806afaa9ff9027046ec8c7a0f946ae/element - {"using":"xpath","value":"//table[contains(@id, \"application-ruinventorylist-display-component---Master--tableRuInventoryList-listUl\")]/tbody/tr[1]/td[2]/div/div"}
COMMAND: GET /session/78806afaa9ff9027046ec8c7a0f946ae/screenshot - {}
RESULT: {"using":"xpath","value":"//table[contains(@id, \"application-ruinventorylist-display-component---Master--tableRuInventoryList-listUl\")]/tbody/tr[1]/td[2]/div/div"}
COMMAND: POST /session/78806afaa9ff9027046ec8c7a0f946ae/element/f.84765E1B68FB5990D5B9B6B6A2B6A00F.d.01AC6BEDBDEB491F3942E0B1870EED9F.e.6998/click - {}
RESULT: {}
RESULT: {}
COMMAND: GET /session/78806afaa9ff9027046ec8c7a0f946ae/screenshot - {}
RESULT: {}
COMMAND: POST /session/78806afaa9ff9027046ec8c7a0f946ae/element - {"using":"xpath","value":"//div[contains(@id, \"smartFilterBar-btnBasicSearch-reset\")]"}
RESULT: {"using":"xpath","value":"//div[contains(@id, \"smartFilterBar-btnBasicSearch-reset\")]"}
COMMAND: POST /session/78806afaa9ff9027046ec8c7a0f946ae/element/f.84765E1B68FB5990D5B9B6B6A2B6A00F.d.01AC6BEDBDEB491F3942E0B1870EED9F.e.5558/click - {}
RESULT: {}
COMMAND: GET /session/78806afaa9ff9027046ec8c7a0f946ae/screenshot - {}
RESULT: {}
RESULT: undefined
COMMAND: POST /session/78806afaa9ff9027046ec8c7a0f946ae/execute/async - {"script":"<script> [776 bytes]","args":[{"enterText":"S5uXXiHwE2","selector":{"id":"application-ruinventorylist-display-component---Master--smartFilterBar-btnBasicSearch","interaction":{"idSuffix":"I"}},"clearTextFirst":true,"interactionType":"ENTER_TEXT"}]}
RESULT: {"script":"<script> [776 bytes]","args":[{"enterText":"S5uXXiHwE2","selector":{"id":"application-ruinventorylist-display-component---Master--smartFilterBar-btnBasicSearch","interaction":{"idSuffix":"I"}},"clearTextFirst":true,"interactionType":"ENTER_TEXT"}]}
COMMAND: POST /session/78806afaa9ff9027046ec8c7a0f946ae/actions - {"actions":[{"id":"action33","type":"key","parameters":{},"actions":[{"type":"keyDown","value":""},{"type":"pause","duration":10},{"type":"keyUp","value":""}]}]}
RESULT: {"actions":[{"id":"action33","type":"key","parameters":{},"actions":[{"type":"keyDown","value":""},{"type":"pause","duration":10},{"type":"keyUp","value":""}]}]}
COMMAND: GET /session/78806afaa9ff9027046ec8c7a0f946ae/screenshot - {}
RESULT: {}
COMMAND: POST /session/78806afaa9ff9027046ec8c7a0f946ae/element - {"using":"xpath","value":"//span[@id=\"application-ruinventorylist-display-component---Master--smartTableRuInventoryList-header-inner\"]"}
RESULT: {"using":"xpath","value":"//span[@id=\"application-ruinventorylist-display-component---Master--smartTableRuInventoryList-header-inner\"]"}
COMMAND: POST /session/78806afaa9ff9027046ec8c7a0f946ae/elements - {"using":"xpath","value":"//span[@id=\"application-ruinventorylist-display-component---Master--smartTableRuInventoryList-header-inner\"]"}
RESULT: {"using":"xpath","value":"//span[@id=\"application-ruinventorylist-display-component---Master--smartTableRuInventoryList-header-inner\"]"}
COMMAND: POST /session/78806afaa9ff9027046ec8c7a0f946ae/execute/sync - {"script":"<script> [56 bytes]","args":[{"element-6066-11e4-a52e-4f735466cecf":"f.84765E1B68FB5990D5B9B6B6A2B6A00F.d.01AC6BEDBDEB491F3942E0B1870EED9F.e.5542","ELEMENT":"f.84765E1B68FB5990D5B9B6B6A2B6A00F.d.01AC6BEDBDEB491F3942E0B1870EED9F.e.5542"}]}
RESULT: {"script":"<script> [56 bytes]","args":[{"element-6066-11e4-a52e-4f735466cecf":"f.84765E1B68FB5990D5B9B6B6A2B6A00F.d.01AC6BEDBDEB491F3942E0B1870EED9F.e.5542","ELEMENT":"f.84765E1B68FB5990D5B9B6B6A2B6A00F.d.01AC6BEDBDEB491F3942E0B1870EED9F.e.5542"}]}
COMMAND: POST /session/78806afaa9ff9027046ec8c7a0f946ae/element - {"using":"xpath","value":"//table[contains(@id, \"application-ruinventorylist-display-component---Master--tableRuInventoryList-listUl\")]/tbody/tr[1]/td[2]/div/div"}
COMMAND: GET /session/78806afaa9ff9027046ec8c7a0f946ae/screenshot - {}
RESULT: {"using":"xpath","value":"//table[contains(@id, \"application-ruinventorylist-display-component---Master--tableRuInventoryList-listUl\")]/tbody/tr[1]/td[2]/div/div"}
COMMAND: POST /session/78806afaa9ff9027046ec8c7a0f946ae/element/f.84765E1B68FB5990D5B9B6B6A2B6A00F.d.01AC6BEDBDEB491F3942E0B1870EED9F.e.7159/click - {}
RESULT: {}
RESULT: {}
COMMAND: GET /session/78806afaa9ff9027046ec8c7a0f946ae/screenshot - {}
RESULT: {}
COMMAND: POST /session/78806afaa9ff9027046ec8c7a0f946ae/element - {"using":"xpath","value":"//div[contains(@id, \"smartFilterBar-btnBasicSearch-reset\")]"}
RESULT: {"using":"xpath","value":"//div[contains(@id, \"smartFilterBar-btnBasicSearch-reset\")]"}
COMMAND: POST /session/78806afaa9ff9027046ec8c7a0f946ae/element/f.84765E1B68FB5990D5B9B6B6A2B6A00F.d.01AC6BEDBDEB491F3942E0B1870EED9F.e.5558/click - {}
RESULT: {}
COMMAND: GET /session/78806afaa9ff9027046ec8c7a0f946ae/screenshot - {}
RESULT: {}
RESULT: undefined
COMMAND: POST /session/78806afaa9ff9027046ec8c7a0f946ae/execute/async - {"script":"<script> [776 bytes]","args":[{"enterText":"200236","selector":{"id":"application-ruinventorylist-display-component---Master--smartFilterBar-btnBasicSearch","interaction":{"idSuffix":"I"}},"clearTextFirst":true,"interactionType":"ENTER_TEXT"}]}
RESULT: {"script":"<script> [776 bytes]","args":[{"enterText":"200236","selector":{"id":"application-ruinventorylist-display-component---Master--smartFilterBar-btnBasicSearch","interaction":{"idSuffix":"I"}},"clearTextFirst":true,"interactionType":"ENTER_TEXT"}]}
COMMAND: POST /session/78806afaa9ff9027046ec8c7a0f946ae/actions - {"actions":[{"id":"action34","type":"key","parameters":{},"actions":[{"type":"keyDown","value":""},{"type":"pause","duration":10},{"type":"keyUp","value":""}]}]}
RESULT: {"actions":[{"id":"action34","type":"key","parameters":{},"actions":[{"type":"keyDown","value":""},{"type":"pause","duration":10},{"type":"keyUp","value":""}]}]}
COMMAND: GET /session/78806afaa9ff9027046ec8c7a0f946ae/screenshot - {}
RESULT: {}
COMMAND: POST /session/78806afaa9ff9027046ec8c7a0f946ae/element - {"using":"xpath","value":"//span[@id=\"application-ruinventorylist-display-component---Master--smartTableRuInventoryList-header-inner\"]"}
RESULT: {"using":"xpath","value":"//span[@id=\"application-ruinventorylist-display-component---Master--smartTableRuInventoryList-header-inner\"]"}
COMMAND: POST /session/78806afaa9ff9027046ec8c7a0f946ae/elements - {"using":"xpath","value":"//span[@id=\"application-ruinventorylist-display-component---Master--smartTableRuInventoryList-header-inner\"]"}
RESULT: {"using":"xpath","value":"//span[@id=\"application-ruinventorylist-display-component---Master--smartTableRuInventoryList-header-inner\"]"}
COMMAND: POST /session/78806afaa9ff9027046ec8c7a0f946ae/execute/sync - {"script":"<script> [56 bytes]","args":[{"element-6066-11e4-a52e-4f735466cecf":"f.84765E1B68FB5990D5B9B6B6A2B6A00F.d.01AC6BEDBDEB491F3942E0B1870EED9F.e.5542","ELEMENT":"f.84765E1B68FB5990D5B9B6B6A2B6A00F.d.01AC6BEDBDEB491F3942E0B1870EED9F.e.5542"}]}
RESULT: {"script":"<script> [56 bytes]","args":[{"element-6066-11e4-a52e-4f735466cecf":"f.84765E1B68FB5990D5B9B6B6A2B6A00F.d.01AC6BEDBDEB491F3942E0B1870EED9F.e.5542","ELEMENT":"f.84765E1B68FB5990D5B9B6B6A2B6A00F.d.01AC6BEDBDEB491F3942E0B1870EED9F.e.5542"}]}
COMMAND: POST /session/78806afaa9ff9027046ec8c7a0f946ae/element - {"using":"xpath","value":"//table[contains(@id, \"application-ruinventorylist-display-component---Master--tableRuInventoryList-listUl\")]/tbody/tr[1]/td[2]/div/div"}
COMMAND: GET /session/78806afaa9ff9027046ec8c7a0f946ae/screenshot - {}
RESULT: {"using":"xpath","value":"//table[contains(@id, \"application-ruinventorylist-display-component---Master--tableRuInventoryList-listUl\")]/tbody/tr[1]/td[2]/div/div"}
COMMAND: POST /session/78806afaa9ff9027046ec8c7a0f946ae/element/f.84765E1B68FB5990D5B9B6B6A2B6A00F.d.01AC6BEDBDEB491F3942E0B1870EED9F.e.7323/click - {}
RESULT: {}
RESULT: {}
COMMAND: GET /session/78806afaa9ff9027046ec8c7a0f946ae/screenshot - {}
RESULT: {}
COMMAND: POST /session/78806afaa9ff9027046ec8c7a0f946ae/element - {"using":"xpath","value":"//div[contains(@id, \"smartFilterBar-btnBasicSearch-reset\")]"}
RESULT: {"using":"xpath","value":"//div[contains(@id, \"smartFilterBar-btnBasicSearch-reset\")]"}
COMMAND: POST /session/78806afaa9ff9027046ec8c7a0f946ae/element/f.84765E1B68FB5990D5B9B6B6A2B6A00F.d.01AC6BEDBDEB491F3942E0B1870EED9F.e.5558/click - {}
RESULT: {}
COMMAND: GET /session/78806afaa9ff9027046ec8c7a0f946ae/screenshot - {}
RESULT: {}
COMMAND: POST /session/78806afaa9ff9027046ec8c7a0f946ae/element/f.84765E1B68FB5990D5B9B6B6A2B6A00F.d.01AC6BEDBDEB491F3942E0B1870EED9F.e.4964/click - {}
RESULT: {}
COMMAND: GET /session/78806afaa9ff9027046ec8c7a0f946ae/screenshot - {}
RESULT: {}
RESULT: undefined
COMMAND: POST /session/78806afaa9ff9027046ec8c7a0f946ae/element - {"using":"xpath","value":"//*[@id=\"application-ruinventorylist-display-component---Master--ruStateTypes-arrow\"]"}
RESULT: {"using":"xpath","value":"//*[@id=\"application-ruinventorylist-display-component---Master--ruStateTypes-arrow\"]"}
COMMAND: POST /session/78806afaa9ff9027046ec8c7a0f946ae/element/f.84765E1B68FB5990D5B9B6B6A2B6A00F.d.01AC6BEDBDEB491F3942E0B1870EED9F.e.7504/click - {}
RESULT: {}
COMMAND: GET /session/78806afaa9ff9027046ec8c7a0f946ae/screenshot - {}
RESULT: {}
COMMAND: POST /session/78806afaa9ff9027046ec8c7a0f946ae/element - {"using":"xpath","value":"//li[.//span[text()=\"available\"]]"}
RESULT: {"using":"xpath","value":"//li[.//span[text()=\"available\"]]"}
COMMAND: POST /session/78806afaa9ff9027046ec8c7a0f946ae/element/f.84765E1B68FB5990D5B9B6B6A2B6A00F.d.01AC6BEDBDEB491F3942E0B1870EED9F.e.7505/click - {}
RESULT: {}
COMMAND: GET /session/78806afaa9ff9027046ec8c7a0f946ae/screenshot - {}
RESULT: {}
COMMAND: POST /session/78806afaa9ff9027046ec8c7a0f946ae/element - {"using":"xpath","value":"(//bdi[contains(text(), \"OK\")])[1]"}
RESULT: {"using":"xpath","value":"(//bdi[contains(text(), \"OK\")])[1]"}
COMMAND: POST /session/78806afaa9ff9027046ec8c7a0f946ae/element/f.84765E1B68FB5990D5B9B6B6A2B6A00F.d.01AC6BEDBDEB491F3942E0B1870EED9F.e.7506/click - {}
RESULT: {}
COMMAND: GET /session/78806afaa9ff9027046ec8c7a0f946ae/screenshot - {}
RESULT: {}
COMMAND: POST /session/78806afaa9ff9027046ec8c7a0f946ae/element - {"using":"xpath","value":"(//bdi[contains(text(), \"OK\")])[2]"}
RESULT: {"using":"xpath","value":"(//bdi[contains(text(), \"OK\")])[2]"}
COMMAND: POST /session/78806afaa9ff9027046ec8c7a0f946ae/element/f.84765E1B68FB5990D5B9B6B6A2B6A00F.d.01AC6BEDBDEB491F3942E0B1870EED9F.e.7511/click - {}
RESULT: {}
COMMAND: GET /session/78806afaa9ff9027046ec8c7a0f946ae/screenshot - {}
RESULT: {}
RESULT: undefined
COMMAND: POST /session/78806afaa9ff9027046ec8c7a0f946ae/execute/async - {"script":"<script> [776 bytes]","args":[{"enterText":"600002","selector":{"id":"application-ruinventorylist-display-component---Master--smartFilterBar-btnBasicSearch","interaction":{"idSuffix":"I"}},"clearTextFirst":true,"interactionType":"ENTER_TEXT"}]}
RESULT: {"script":"<script> [776 bytes]","args":[{"enterText":"600002","selector":{"id":"application-ruinventorylist-display-component---Master--smartFilterBar-btnBasicSearch","interaction":{"idSuffix":"I"}},"clearTextFirst":true,"interactionType":"ENTER_TEXT"}]}
COMMAND: POST /session/78806afaa9ff9027046ec8c7a0f946ae/actions - {"actions":[{"id":"action35","type":"key","parameters":{},"actions":[{"type":"keyDown","value":""},{"type":"pause","duration":10},{"type":"keyUp","value":""}]}]}
RESULT: {"actions":[{"id":"action35","type":"key","parameters":{},"actions":[{"type":"keyDown","value":""},{"type":"pause","duration":10},{"type":"keyUp","value":""}]}]}
COMMAND: GET /session/78806afaa9ff9027046ec8c7a0f946ae/screenshot - {}
RESULT: {}
COMMAND: POST /session/78806afaa9ff9027046ec8c7a0f946ae/element - {"using":"xpath","value":"//span[@id=\"application-ruinventorylist-display-component---Master--smartTableRuInventoryList-header-inner\"]"}
RESULT: {"using":"xpath","value":"//span[@id=\"application-ruinventorylist-display-component---Master--smartTableRuInventoryList-header-inner\"]"}
COMMAND: POST /session/78806afaa9ff9027046ec8c7a0f946ae/elements - {"using":"xpath","value":"//span[@id=\"application-ruinventorylist-display-component---Master--smartTableRuInventoryList-header-inner\"]"}
RESULT: {"using":"xpath","value":"//span[@id=\"application-ruinventorylist-display-component---Master--smartTableRuInventoryList-header-inner\"]"}
COMMAND: POST /session/78806afaa9ff9027046ec8c7a0f946ae/execute/sync - {"script":"<script> [56 bytes]","args":[{"element-6066-11e4-a52e-4f735466cecf":"f.84765E1B68FB5990D5B9B6B6A2B6A00F.d.01AC6BEDBDEB491F3942E0B1870EED9F.e.5542","ELEMENT":"f.84765E1B68FB5990D5B9B6B6A2B6A00F.d.01AC6BEDBDEB491F3942E0B1870EED9F.e.5542"}]}
RESULT: {"script":"<script> [56 bytes]","args":[{"element-6066-11e4-a52e-4f735466cecf":"f.84765E1B68FB5990D5B9B6B6A2B6A00F.d.01AC6BEDBDEB491F3942E0B1870EED9F.e.5542","ELEMENT":"f.84765E1B68FB5990D5B9B6B6A2B6A00F.d.01AC6BEDBDEB491F3942E0B1870EED9F.e.5542"}]}
COMMAND: POST /session/78806afaa9ff9027046ec8c7a0f946ae/element - {"using":"xpath","value":"//table[contains(@id, \"application-ruinventorylist-display-component---Master--tableRuInventoryList-listUl\")]/tbody/tr[1]/td[6]/div/span"}
COMMAND: GET /session/78806afaa9ff9027046ec8c7a0f946ae/screenshot - {}
RESULT: {"using":"xpath","value":"//table[contains(@id, \"application-ruinventorylist-display-component---Master--tableRuInventoryList-listUl\")]/tbody/tr[1]/td[6]/div/span"}
COMMAND: POST /session/78806afaa9ff9027046ec8c7a0f946ae/execute/sync - {"script":"<script> [56 bytes]","args":[{"element-6066-11e4-a52e-4f735466cecf":"f.84765E1B68FB5990D5B9B6B6A2B6A00F.d.01AC6BEDBDEB491F3942E0B1870EED9F.e.7531","ELEMENT":"f.84765E1B68FB5990D5B9B6B6A2B6A00F.d.01AC6BEDBDEB491F3942E0B1870EED9F.e.7531"}]}
RESULT: {}
RESULT: {"script":"<script> [56 bytes]","args":[{"element-6066-11e4-a52e-4f735466cecf":"f.84765E1B68FB5990D5B9B6B6A2B6A00F.d.01AC6BEDBDEB491F3942E0B1870EED9F.e.7531","ELEMENT":"f.84765E1B68FB5990D5B9B6B6A2B6A00F.d.01AC6BEDBDEB491F3942E0B1870EED9F.e.7531"}]}
COMMAND: POST /session/78806afaa9ff9027046ec8c7a0f946ae/element - {"using":"xpath","value":"//div[contains(@id, \"smartFilterBar-btnBasicSearch-reset\")]"}
COMMAND: GET /session/78806afaa9ff9027046ec8c7a0f946ae/screenshot - {}
RESULT: {"using":"xpath","value":"//div[contains(@id, \"smartFilterBar-btnBasicSearch-reset\")]"}
COMMAND: POST /session/78806afaa9ff9027046ec8c7a0f946ae/element/f.84765E1B68FB5990D5B9B6B6A2B6A00F.d.01AC6BEDBDEB491F3942E0B1870EED9F.e.5558/click - {}
RESULT: {}
RESULT: {}
COMMAND: GET /session/78806afaa9ff9027046ec8c7a0f946ae/screenshot - {}
RESULT: {}
RESULT: undefined
COMMAND: POST /session/78806afaa9ff9027046ec8c7a0f946ae/execute/async - {"script":"<script> [776 bytes]","args":[{"enterText":"401002","selector":{"id":"application-ruinventorylist-display-component---Master--smartFilterBar-btnBasicSearch","interaction":{"idSuffix":"I"}},"clearTextFirst":true,"interactionType":"ENTER_TEXT"}]}
RESULT: {"script":"<script> [776 bytes]","args":[{"enterText":"401002","selector":{"id":"application-ruinventorylist-display-component---Master--smartFilterBar-btnBasicSearch","interaction":{"idSuffix":"I"}},"clearTextFirst":true,"interactionType":"ENTER_TEXT"}]}
COMMAND: POST /session/78806afaa9ff9027046ec8c7a0f946ae/actions - {"actions":[{"id":"action36","type":"key","parameters":{},"actions":[{"type":"keyDown","value":""},{"type":"pause","duration":10},{"type":"keyUp","value":""}]}]}
RESULT: {"actions":[{"id":"action36","type":"key","parameters":{},"actions":[{"type":"keyDown","value":""},{"type":"pause","duration":10},{"type":"keyUp","value":""}]}]}
COMMAND: GET /session/78806afaa9ff9027046ec8c7a0f946ae/screenshot - {}
RESULT: {}
COMMAND: POST /session/78806afaa9ff9027046ec8c7a0f946ae/element - {"using":"xpath","value":"//span[@id=\"application-ruinventorylist-display-component---Master--smartTableRuInventoryList-header-inner\"]"}
RESULT: {"using":"xpath","value":"//span[@id=\"application-ruinventorylist-display-component---Master--smartTableRuInventoryList-header-inner\"]"}
COMMAND: POST /session/78806afaa9ff9027046ec8c7a0f946ae/elements - {"using":"xpath","value":"//span[@id=\"application-ruinventorylist-display-component---Master--smartTableRuInventoryList-header-inner\"]"}
RESULT: {"using":"xpath","value":"//span[@id=\"application-ruinventorylist-display-component---Master--smartTableRuInventoryList-header-inner\"]"}
COMMAND: POST /session/78806afaa9ff9027046ec8c7a0f946ae/execute/sync - {"script":"<script> [56 bytes]","args":[{"element-6066-11e4-a52e-4f735466cecf":"f.84765E1B68FB5990D5B9B6B6A2B6A00F.d.01AC6BEDBDEB491F3942E0B1870EED9F.e.5542","ELEMENT":"f.84765E1B68FB5990D5B9B6B6A2B6A00F.d.01AC6BEDBDEB491F3942E0B1870EED9F.e.5542"}]}
RESULT: {"script":"<script> [56 bytes]","args":[{"element-6066-11e4-a52e-4f735466cecf":"f.84765E1B68FB5990D5B9B6B6A2B6A00F.d.01AC6BEDBDEB491F3942E0B1870EED9F.e.5542","ELEMENT":"f.84765E1B68FB5990D5B9B6B6A2B6A00F.d.01AC6BEDBDEB491F3942E0B1870EED9F.e.5542"}]}
COMMAND: POST /session/78806afaa9ff9027046ec8c7a0f946ae/element - {"using":"xpath","value":"//table[contains(@id, \"application-ruinventorylist-display-component---Master--tableRuInventoryList-listUl\")]/tbody/tr[1]/td[6]/div/span"}
COMMAND: GET /session/78806afaa9ff9027046ec8c7a0f946ae/screenshot - {}
RESULT: {"using":"xpath","value":"//table[contains(@id, \"application-ruinventorylist-display-component---Master--tableRuInventoryList-listUl\")]/tbody/tr[1]/td[6]/div/span"}
COMMAND: POST /session/78806afaa9ff9027046ec8c7a0f946ae/execute/sync - {"script":"<script> [56 bytes]","args":[{"element-6066-11e4-a52e-4f735466cecf":"f.84765E1B68FB5990D5B9B6B6A2B6A00F.d.01AC6BEDBDEB491F3942E0B1870EED9F.e.7619","ELEMENT":"f.84765E1B68FB5990D5B9B6B6A2B6A00F.d.01AC6BEDBDEB491F3942E0B1870EED9F.e.7619"}]}
RESULT: {}
RESULT: {"script":"<script> [56 bytes]","args":[{"element-6066-11e4-a52e-4f735466cecf":"f.84765E1B68FB5990D5B9B6B6A2B6A00F.d.01AC6BEDBDEB491F3942E0B1870EED9F.e.7619","ELEMENT":"f.84765E1B68FB5990D5B9B6B6A2B6A00F.d.01AC6BEDBDEB491F3942E0B1870EED9F.e.7619"}]}
COMMAND: POST /session/78806afaa9ff9027046ec8c7a0f946ae/element - {"using":"xpath","value":"//div[contains(@id, \"smartFilterBar-btnBasicSearch-reset\")]"}
COMMAND: GET /session/78806afaa9ff9027046ec8c7a0f946ae/screenshot - {}
RESULT: {"using":"xpath","value":"//div[contains(@id, \"smartFilterBar-btnBasicSearch-reset\")]"}
COMMAND: POST /session/78806afaa9ff9027046ec8c7a0f946ae/element/f.84765E1B68FB5990D5B9B6B6A2B6A00F.d.01AC6BEDBDEB491F3942E0B1870EED9F.e.5558/click - {}
RESULT: {}
RESULT: {}
COMMAND: GET /session/78806afaa9ff9027046ec8c7a0f946ae/screenshot - {}
RESULT: {}
RESULT: undefined
COMMAND: POST /session/78806afaa9ff9027046ec8c7a0f946ae/execute/async - {"script":"<script> [776 bytes]","args":[{"enterText":"S5uXXiHwE2","selector":{"id":"application-ruinventorylist-display-component---Master--smartFilterBar-btnBasicSearch","interaction":{"idSuffix":"I"}},"clearTextFirst":true,"interactionType":"ENTER_TEXT"}]}
RESULT: {"script":"<script> [776 bytes]","args":[{"enterText":"S5uXXiHwE2","selector":{"id":"application-ruinventorylist-display-component---Master--smartFilterBar-btnBasicSearch","interaction":{"idSuffix":"I"}},"clearTextFirst":true,"interactionType":"ENTER_TEXT"}]}
COMMAND: POST /session/78806afaa9ff9027046ec8c7a0f946ae/actions - {"actions":[{"id":"action37","type":"key","parameters":{},"actions":[{"type":"keyDown","value":""},{"type":"pause","duration":10},{"type":"keyUp","value":""}]}]}
RESULT: {"actions":[{"id":"action37","type":"key","parameters":{},"actions":[{"type":"keyDown","value":""},{"type":"pause","duration":10},{"type":"keyUp","value":""}]}]}
COMMAND: GET /session/78806afaa9ff9027046ec8c7a0f946ae/screenshot - {}
RESULT: {}
COMMAND: POST /session/78806afaa9ff9027046ec8c7a0f946ae/element - {"using":"xpath","value":"//span[@id=\"application-ruinventorylist-display-component---Master--smartTableRuInventoryList-header-inner\"]"}
RESULT: {"using":"xpath","value":"//span[@id=\"application-ruinventorylist-display-component---Master--smartTableRuInventoryList-header-inner\"]"}
COMMAND: POST /session/78806afaa9ff9027046ec8c7a0f946ae/elements - {"using":"xpath","value":"//span[@id=\"application-ruinventorylist-display-component---Master--smartTableRuInventoryList-header-inner\"]"}
RESULT: {"using":"xpath","value":"//span[@id=\"application-ruinventorylist-display-component---Master--smartTableRuInventoryList-header-inner\"]"}
COMMAND: POST /session/78806afaa9ff9027046ec8c7a0f946ae/execute/sync - {"script":"<script> [56 bytes]","args":[{"element-6066-11e4-a52e-4f735466cecf":"f.84765E1B68FB5990D5B9B6B6A2B6A00F.d.01AC6BEDBDEB491F3942E0B1870EED9F.e.5542","ELEMENT":"f.84765E1B68FB5990D5B9B6B6A2B6A00F.d.01AC6BEDBDEB491F3942E0B1870EED9F.e.5542"}]}
RESULT: {"script":"<script> [56 bytes]","args":[{"element-6066-11e4-a52e-4f735466cecf":"f.84765E1B68FB5990D5B9B6B6A2B6A00F.d.01AC6BEDBDEB491F3942E0B1870EED9F.e.5542","ELEMENT":"f.84765E1B68FB5990D5B9B6B6A2B6A00F.d.01AC6BEDBDEB491F3942E0B1870EED9F.e.5542"}]}
COMMAND: POST /session/78806afaa9ff9027046ec8c7a0f946ae/element - {"using":"xpath","value":"//table[contains(@id, \"application-ruinventorylist-display-component---Master--tableRuInventoryList-listUl\")]/tbody/tr[1]/td[6]/div/span"}
COMMAND: GET /session/78806afaa9ff9027046ec8c7a0f946ae/screenshot - {}
RESULT: {"using":"xpath","value":"//table[contains(@id, \"application-ruinventorylist-display-component---Master--tableRuInventoryList-listUl\")]/tbody/tr[1]/td[6]/div/span"}
COMMAND: POST /session/78806afaa9ff9027046ec8c7a0f946ae/execute/sync - {"script":"<script> [56 bytes]","args":[{"element-6066-11e4-a52e-4f735466cecf":"f.84765E1B68FB5990D5B9B6B6A2B6A00F.d.01AC6BEDBDEB491F3942E0B1870EED9F.e.7708","ELEMENT":"f.84765E1B68FB5990D5B9B6B6A2B6A00F.d.01AC6BEDBDEB491F3942E0B1870EED9F.e.7708"}]}
RESULT: {}
RESULT: {"script":"<script> [56 bytes]","args":[{"element-6066-11e4-a52e-4f735466cecf":"f.84765E1B68FB5990D5B9B6B6A2B6A00F.d.01AC6BEDBDEB491F3942E0B1870EED9F.e.7708","ELEMENT":"f.84765E1B68FB5990D5B9B6B6A2B6A00F.d.01AC6BEDBDEB491F3942E0B1870EED9F.e.7708"}]}
COMMAND: POST /session/78806afaa9ff9027046ec8c7a0f946ae/element - {"using":"xpath","value":"//div[contains(@id, \"smartFilterBar-btnBasicSearch-reset\")]"}
COMMAND: GET /session/78806afaa9ff9027046ec8c7a0f946ae/screenshot - {}
RESULT: {"using":"xpath","value":"//div[contains(@id, \"smartFilterBar-btnBasicSearch-reset\")]"}
COMMAND: POST /session/78806afaa9ff9027046ec8c7a0f946ae/element/f.84765E1B68FB5990D5B9B6B6A2B6A00F.d.01AC6BEDBDEB491F3942E0B1870EED9F.e.5558/click - {}
RESULT: {}
RESULT: {}
COMMAND: GET /session/78806afaa9ff9027046ec8c7a0f946ae/screenshot - {}
RESULT: {}
RESULT: undefined
COMMAND: POST /session/78806afaa9ff9027046ec8c7a0f946ae/execute/async - {"script":"<script> [776 bytes]","args":[{"enterText":"200236","selector":{"id":"application-ruinventorylist-display-component---Master--smartFilterBar-btnBasicSearch","interaction":{"idSuffix":"I"}},"clearTextFirst":true,"interactionType":"ENTER_TEXT"}]}
RESULT: {"script":"<script> [776 bytes]","args":[{"enterText":"200236","selector":{"id":"application-ruinventorylist-display-component---Master--smartFilterBar-btnBasicSearch","interaction":{"idSuffix":"I"}},"clearTextFirst":true,"interactionType":"ENTER_TEXT"}]}
COMMAND: POST /session/78806afaa9ff9027046ec8c7a0f946ae/actions - {"actions":[{"id":"action38","type":"key","parameters":{},"actions":[{"type":"keyDown","value":""},{"type":"pause","duration":10},{"type":"keyUp","value":""}]}]}
RESULT: {"actions":[{"id":"action38","type":"key","parameters":{},"actions":[{"type":"keyDown","value":""},{"type":"pause","duration":10},{"type":"keyUp","value":""}]}]}
COMMAND: GET /session/78806afaa9ff9027046ec8c7a0f946ae/screenshot - {}
RESULT: {}
COMMAND: POST /session/78806afaa9ff9027046ec8c7a0f946ae/element - {"using":"xpath","value":"//span[@id=\"application-ruinventorylist-display-component---Master--smartTableRuInventoryList-header-inner\"]"}
RESULT: {"using":"xpath","value":"//span[@id=\"application-ruinventorylist-display-component---Master--smartTableRuInventoryList-header-inner\"]"}
COMMAND: POST /session/78806afaa9ff9027046ec8c7a0f946ae/elements - {"using":"xpath","value":"//span[@id=\"application-ruinventorylist-display-component---Master--smartTableRuInventoryList-header-inner\"]"}
RESULT: {"using":"xpath","value":"//span[@id=\"application-ruinventorylist-display-component---Master--smartTableRuInventoryList-header-inner\"]"}
COMMAND: POST /session/78806afaa9ff9027046ec8c7a0f946ae/execute/sync - {"script":"<script> [56 bytes]","args":[{"element-6066-11e4-a52e-4f735466cecf":"f.84765E1B68FB5990D5B9B6B6A2B6A00F.d.01AC6BEDBDEB491F3942E0B1870EED9F.e.5542","ELEMENT":"f.84765E1B68FB5990D5B9B6B6A2B6A00F.d.01AC6BEDBDEB491F3942E0B1870EED9F.e.5542"}]}
RESULT: {"script":"<script> [56 bytes]","args":[{"element-6066-11e4-a52e-4f735466cecf":"f.84765E1B68FB5990D5B9B6B6A2B6A00F.d.01AC6BEDBDEB491F3942E0B1870EED9F.e.5542","ELEMENT":"f.84765E1B68FB5990D5B9B6B6A2B6A00F.d.01AC6BEDBDEB491F3942E0B1870EED9F.e.5542"}]}
COMMAND: POST /session/78806afaa9ff9027046ec8c7a0f946ae/element - {"using":"xpath","value":"//table[contains(@id, \"application-ruinventorylist-display-component---Master--tableRuInventoryList-listUl\")]/tbody/tr[1]/td[6]/div/span"}
COMMAND: GET /session/78806afaa9ff9027046ec8c7a0f946ae/screenshot - {}
RESULT: {"using":"xpath","value":"//table[contains(@id, \"application-ruinventorylist-display-component---Master--tableRuInventoryList-listUl\")]/tbody/tr[1]/td[6]/div/span"}
COMMAND: POST /session/78806afaa9ff9027046ec8c7a0f946ae/execute/sync - {"script":"<script> [56 bytes]","args":[{"element-6066-11e4-a52e-4f735466cecf":"f.84765E1B68FB5990D5B9B6B6A2B6A00F.d.01AC6BEDBDEB491F3942E0B1870EED9F.e.7797","ELEMENT":"f.84765E1B68FB5990D5B9B6B6A2B6A00F.d.01AC6BEDBDEB491F3942E0B1870EED9F.e.7797"}]}
RESULT: {}
RESULT: {"script":"<script> [56 bytes]","args":[{"element-6066-11e4-a52e-4f735466cecf":"f.84765E1B68FB5990D5B9B6B6A2B6A00F.d.01AC6BEDBDEB491F3942E0B1870EED9F.e.7797","ELEMENT":"f.84765E1B68FB5990D5B9B6B6A2B6A00F.d.01AC6BEDBDEB491F3942E0B1870EED9F.e.7797"}]}
COMMAND: POST /session/78806afaa9ff9027046ec8c7a0f946ae/element - {"using":"xpath","value":"//div[contains(@id, \"smartFilterBar-btnBasicSearch-reset\")]"}
COMMAND: GET /session/78806afaa9ff9027046ec8c7a0f946ae/screenshot - {}
RESULT: {"using":"xpath","value":"//div[contains(@id, \"smartFilterBar-btnBasicSearch-reset\")]"}
COMMAND: POST /session/78806afaa9ff9027046ec8c7a0f946ae/element/f.84765E1B68FB5990D5B9B6B6A2B6A00F.d.01AC6BEDBDEB491F3942E0B1870EED9F.e.5558/click - {}
RESULT: {}
RESULT: {}
COMMAND: GET /session/78806afaa9ff9027046ec8c7a0f946ae/screenshot - {}
RESULT: {}
COMMAND: POST /session/78806afaa9ff9027046ec8c7a0f946ae/element - {"using":"css selector","value":"#shell-header-logo"}
RESULT: {"using":"css selector","value":"#shell-header-logo"}
COMMAND: POST /session/78806afaa9ff9027046ec8c7a0f946ae/element/f.84765E1B68FB5990D5B9B6B6A2B6A00F.d.01AC6BEDBDEB491F3942E0B1870EED9F.e.4928/click - {}
RESULT: {}
COMMAND: GET /session/78806afaa9ff9027046ec8c7a0f946ae/screenshot - {}
RESULT: {}
COMMAND: DELETE /session/78806afaa9ff9027046ec8c7a0f946ae - {}
RESULT: {}
]]></system-out>
    </testcase>
  </testsuite>
</testsuites>