<?xml version="1.0" encoding="UTF-8"?>
<testsuites tests="53" failures="24" errors="24" skipped="0">
  <testsuite timestamp="2025-05-30T17:18:46" time="279.43" tests="5" failures="0" errors="0" skipped="0">
    <properties>
      <property name="specId" value="0"/>
      <property name="suiteName" value="Tests for DXCW CAE environment, including specific login to the system US"/>
      <property name="capabilities" value="chrome.136_0_7103_93.windows"/>
      <property name="file" value="file:///D:/a/1/s/test/specs/BTS/dxcw-cae.spec.js"/>
    </properties>
    <testcase classname="chrome.136_0_7103_93.windows.Tests_for_DXCW_CAE_environment,_including_specific_login_to_the_system_US" name="Should login to the DXCW CAE env US156289" time="26.647">
      <system-out><![CDATA[
COMMAND: POST /session/a995b82d0df1730148f5e6c1edf10a41/url - {"url":"https://qa-testing-00-live-dxcw-portal.cfapps.eu10-004.hana.ondemand.com/"}
RESULT: {"url":"https://qa-testing-00-live-dxcw-portal.cfapps.eu10-004.hana.ondemand.com/"}
COMMAND: GET /session/a995b82d0df1730148f5e6c1edf10a41/screenshot - {}
RESULT: {}
COMMAND: POST /session/a995b82d0df1730148f5e6c1edf10a41/element - {"using":"xpath","value":"//input[@id = \"j_username\"]"}
RESULT: {"using":"xpath","value":"//input[@id = \"j_username\"]"}
COMMAND: POST /session/a995b82d0df1730148f5e6c1edf10a41/execute/sync - {"script":"<script> [8489 bytes]","args":[{"element-6066-11e4-a52e-4f735466cecf":"f.5AF93869D51CACD0ED0B7A3F3CCEB8C6.d.4E5A05D4CF9DC4D4513DD9F15A33CA8F.e.35","ELEMENT":"f.5AF93869D51CACD0ED0B7A3F3CCEB8C6.d.4E5A05D4CF9DC4D4513DD9F15A33CA8F.e.35"}]}
RESULT: {"script":"<script> [8489 bytes]","args":[{"element-6066-11e4-a52e-4f735466cecf":"f.5AF93869D51CACD0ED0B7A3F3CCEB8C6.d.4E5A05D4CF9DC4D4513DD9F15A33CA8F.e.35","ELEMENT":"f.5AF93869D51CACD0ED0B7A3F3CCEB8C6.d.4E5A05D4CF9DC4D4513DD9F15A33CA8F.e.35"}]}
COMMAND: POST /session/a995b82d0df1730148f5e6c1edf10a41/element - {"using":"xpath","value":"//input[@id = \"j_username\"]"}
COMMAND: GET /session/a995b82d0df1730148f5e6c1edf10a41/screenshot - {}
RESULT: {"using":"xpath","value":"//input[@id = \"j_username\"]"}
COMMAND: POST /session/a995b82d0df1730148f5e6c1edf10a41/element/f.5AF93869D51CACD0ED0B7A3F3CCEB8C6.d.4E5A05D4CF9DC4D4513DD9F15A33CA8F.e.35/clear - {}
RESULT: {}
RESULT: {}
COMMAND: POST /session/a995b82d0df1730148f5e6c1edf10a41/element/f.5AF93869D51CACD0ED0B7A3F3CCEB8C6.d.4E5A05D4CF9DC4D4513DD9F15A33CA8F.e.35/value - {"text":"test1etm@bearingpoint.com"}
COMMAND: GET /session/a995b82d0df1730148f5e6c1edf10a41/screenshot - {}
RESULT: {"text":"test1etm@bearingpoint.com"}
COMMAND: POST /session/a995b82d0df1730148f5e6c1edf10a41/element - {"using":"xpath","value":"//input[@id = \"j_password\"]"}
COMMAND: GET /session/a995b82d0df1730148f5e6c1edf10a41/screenshot - {}
RESULT: {}
RESULT: {"using":"xpath","value":"//input[@id = \"j_password\"]"}
COMMAND: POST /session/a995b82d0df1730148f5e6c1edf10a41/element/f.5AF93869D51CACD0ED0B7A3F3CCEB8C6.d.4E5A05D4CF9DC4D4513DD9F15A33CA8F.e.37/clear - {}
RESULT: {}
RESULT: {}
COMMAND: POST /session/a995b82d0df1730148f5e6c1edf10a41/element/f.5AF93869D51CACD0ED0B7A3F3CCEB8C6.d.4E5A05D4CF9DC4D4513DD9F15A33CA8F.e.37/value - {"text":"ETM.next2024"}
COMMAND: GET /session/a995b82d0df1730148f5e6c1edf10a41/screenshot - {}
RESULT: {"text":"ETM.next2024"}
COMMAND: GET /session/a995b82d0df1730148f5e6c1edf10a41/screenshot - {}
RESULT: {}
RESULT: {}
COMMAND: POST /session/a995b82d0df1730148f5e6c1edf10a41/element - {"using":"css selector","value":"button[type=\"submit\"]"}
RESULT: {"using":"css selector","value":"button[type=\"submit\"]"}
COMMAND: POST /session/a995b82d0df1730148f5e6c1edf10a41/element/f.5AF93869D51CACD0ED0B7A3F3CCEB8C6.d.4E5A05D4CF9DC4D4513DD9F15A33CA8F.e.58/click - {}
RESULT: {}
COMMAND: POST /session/a995b82d0df1730148f5e6c1edf10a41/element - {"using":"xpath","value":"//a[contains(@aria-label,\"Migration Service\")]"}
COMMAND: GET /session/a995b82d0df1730148f5e6c1edf10a41/screenshot - {}
RESULT: {"using":"xpath","value":"//a[contains(@aria-label,\"Migration Service\")]"}
COMMAND: POST /session/a995b82d0df1730148f5e6c1edf10a41/element - {"using":"xpath","value":"//a[contains(@aria-label,\"Migration Service\")]"}
RESULT: {}
RESULT: {"using":"xpath","value":"//a[contains(@aria-label,\"Migration Service\")]"}
COMMAND: POST /session/a995b82d0df1730148f5e6c1edf10a41/element - {"using":"xpath","value":"//a[contains(@aria-label,\"Migration Service\")]"}
RESULT: {"using":"xpath","value":"//a[contains(@aria-label,\"Migration Service\")]"}
COMMAND: POST /session/a995b82d0df1730148f5e6c1edf10a41/execute/sync - {"script":"<script> [8489 bytes]","args":[{"element-6066-11e4-a52e-4f735466cecf":"f.5AF93869D51CACD0ED0B7A3F3CCEB8C6.d.8B0CD736620642E7E06DB5D7BDD60211.e.89","ELEMENT":"f.5AF93869D51CACD0ED0B7A3F3CCEB8C6.d.8B0CD736620642E7E06DB5D7BDD60211.e.89"}]}
RESULT: {"script":"<script> [8489 bytes]","args":[{"element-6066-11e4-a52e-4f735466cecf":"f.5AF93869D51CACD0ED0B7A3F3CCEB8C6.d.8B0CD736620642E7E06DB5D7BDD60211.e.89","ELEMENT":"f.5AF93869D51CACD0ED0B7A3F3CCEB8C6.d.8B0CD736620642E7E06DB5D7BDD60211.e.89"}]}
COMMAND: POST /session/a995b82d0df1730148f5e6c1edf10a41/execute/sync - {"script":"<script> [8489 bytes]","args":[{"element-6066-11e4-a52e-4f735466cecf":"f.5AF93869D51CACD0ED0B7A3F3CCEB8C6.d.8B0CD736620642E7E06DB5D7BDD60211.e.89","ELEMENT":"f.5AF93869D51CACD0ED0B7A3F3CCEB8C6.d.8B0CD736620642E7E06DB5D7BDD60211.e.89"}]}
COMMAND: GET /session/a995b82d0df1730148f5e6c1edf10a41/screenshot - {}
RESULT: {"script":"<script> [8489 bytes]","args":[{"element-6066-11e4-a52e-4f735466cecf":"f.5AF93869D51CACD0ED0B7A3F3CCEB8C6.d.8B0CD736620642E7E06DB5D7BDD60211.e.89","ELEMENT":"f.5AF93869D51CACD0ED0B7A3F3CCEB8C6.d.8B0CD736620642E7E06DB5D7BDD60211.e.89"}]}
COMMAND: POST /session/a995b82d0df1730148f5e6c1edf10a41/window/fullscreen - {}
COMMAND: GET /session/a995b82d0df1730148f5e6c1edf10a41/screenshot - {}
RESULT: {}
RESULT: {}
COMMAND: POST /session/a995b82d0df1730148f5e6c1edf10a41/execute/async - {"script":"<script> [189 bytes]","args":[]}
RESULT: {}
RESULT: {"script":"<script> [189 bytes]","args":[]}
COMMAND: POST /session/a995b82d0df1730148f5e6c1edf10a41/execute/async - {"script":"<script> [123 bytes]","args":[]}
RESULT: {"script":"<script> [123 bytes]","args":[]}
COMMAND: POST /session/a995b82d0df1730148f5e6c1edf10a41/timeouts - {"script":"<number>"}
RESULT: {"script":"<number>"}
COMMAND: GET /session/a995b82d0df1730148f5e6c1edf10a41/timeouts - {}
RESULT: {}
COMMAND: POST /session/a995b82d0df1730148f5e6c1edf10a41/execute/async - {"script":"<script> [78 bytes]","args":[]}
RESULT: {"script":"<script> [78 bytes]","args":[]}
RESULT: undefined
COMMAND: POST /session/a995b82d0df1730148f5e6c1edf10a41/execute/async - {"script":"<script> [2676 bytes]","args":[]}
RESULT: {"script":"<script> [2676 bytes]","args":[]}
COMMAND: POST /session/a995b82d0df1730148f5e6c1edf10a41/execute/async - {"script":"<script> [2342 bytes]","args":[{"protocol":"http","hostname":"0.0.0.0","path":"/","capabilities":{"browserName":"chrome","goog:chromeOptions":{"binary":"C:\\Program Files\\Google\\Chrome\\Application\\chrome.exe","args":["--start-maximized"]}},"logLevel":"warn","connectionRetryTimeout":120000,"connectionRetryCount":3,"logLevels":{},"enableDirectConnect":true,"strictSSL":true,"_":"65 more keys: [\"cacheDir\",\"port\",\"requestedCapabilities\",\"automationProtocol\",\"baseUrl\",\"waitforInterval\",\"waitforTimeout\",\"onReload\",\"beforeCommand\",\"afterCommand\",\"rootDir\",\"specs\",\"suites\",\"exclude\",\"groupLogsByTestSpec\",\"excludeDriverLogs\",\"bail\",\"framework\",\"reporters\",\"services\",\"maxInstances\",\"maxInstancesPerCapability\",\"injectGlobals\",\"filesToWatch\",\"execArgv\",\"runnerEnv\",\"runner\",\"shard\",\"specFileRetries\",\"specFileRetriesDelay\",\"specFileRetriesDeferred\",\"reporterSyncInterval\",\"reporterSyncTimeout\",\"cucumberFeaturesWithLineNumbers\",\"autoCompileOpts\",\"mochaOpts\",\"jasmineOpts\",\"cucumberOpts\",\"onPrepare\",\"onWorkerStart\",\"onWorkerEnd\",\"before\",\"beforeSession\",\"beforeSuite\",\"beforeHook\",\"beforeTest\",\"afterTest\",\"afterHook\",\"afterSuite\",\"afterSession\",\"after\",\"onComplete\",\"beforeAssertion\",\"afterAssertion\",\"beforeFeature\",\"beforeScenario\",\"beforeStep\",\"afterStep\",\"afterScenario\",\"afterFeature\",\"_\",\"suite\",\"$0\",\"ignoredWorkerServices\",\"wdi5\"]"}]}
RESULT: {"script":"<script> [2342 bytes]","args":[{"protocol":"http","hostname":"0.0.0.0","path":"/","capabilities":{"browserName":"chrome","goog:chromeOptions":{"binary":"C:\\Program Files\\Google\\Chrome\\Application\\chrome.exe","args":["--start-maximized"]}},"logLevel":"warn","connectionRetryTimeout":120000,"connectionRetryCount":3,"logLevels":{},"enableDirectConnect":true,"strictSSL":true,"_":"65 more keys: [\"cacheDir\",\"port\",\"requestedCapabilities\",\"automationProtocol\",\"baseUrl\",\"waitforInterval\",\"waitforTimeout\",\"onReload\",\"beforeCommand\",\"afterCommand\",\"rootDir\",\"specs\",\"suites\",\"exclude\",\"groupLogsByTestSpec\",\"excludeDriverLogs\",\"bail\",\"framework\",\"reporters\",\"services\",\"maxInstances\",\"maxInstancesPerCapability\",\"injectGlobals\",\"filesToWatch\",\"execArgv\",\"runnerEnv\",\"runner\",\"shard\",\"specFileRetries\",\"specFileRetriesDelay\",\"specFileRetriesDeferred\",\"reporterSyncInterval\",\"reporterSyncTimeout\",\"cucumberFeaturesWithLineNumbers\",\"autoCompileOpts\",\"mochaOpts\",\"jasmineOpts\",\"cucumberOpts\",\"onPrepare\",\"onWorkerStart\",\"onWorkerEnd\",\"before\",\"beforeSession\",\"beforeSuite\",\"beforeHook\",\"beforeTest\",\"afterTest\",\"afterHook\",\"afterSuite\",\"afterSession\",\"after\",\"onComplete\",\"beforeAssertion\",\"afterAssertion\",\"beforeFeature\",\"beforeScenario\",\"beforeStep\",\"afterStep\",\"afterScenario\",\"afterFeature\",\"_\",\"suite\",\"$0\",\"ignoredWorkerServices\",\"wdi5\"]"}]}
COMMAND: POST /session/a995b82d0df1730148f5e6c1edf10a41/execute/async - {"script":"<script> [21126 bytes]","args":[35000]}
RESULT: {"script":"<script> [21126 bytes]","args":[35000]}
]]></system-out>
    </testcase>
    <testcase classname="chrome.136_0_7103_93.windows.Tests_for_DXCW_CAE_environment,_including_specific_login_to_the_system_US" name="Should upload address file entry used for later tests as master data US156291" time="80.271">
      <system-out><![CDATA[
COMMAND: POST /session/a995b82d0df1730148f5e6c1edf10a41/execute/async - {"script":"<script> [1562 bytes]","args":[{"selector":{"controlType":"sap.m.GenericTile","properties":{"header":"Migration Service"}},"wdio_ui5_key":"sapm.GenericTile{\"header\":\"Migration Service\"}"}]}
RESULT: {"script":"<script> [1562 bytes]","args":[{"selector":{"controlType":"sap.m.GenericTile","properties":{"header":"Migration Service"}},"wdio_ui5_key":"sapm.GenericTile{\"header\":\"Migration Service\"}"}]}
RESULT: undefined
COMMAND: POST /session/a995b82d0df1730148f5e6c1edf10a41/element - {"using":"xpath","value":"//*[@id=\"__tile25\"]"}
RESULT: {"using":"xpath","value":"//*[@id=\"__tile25\"]"}
COMMAND: POST /session/a995b82d0df1730148f5e6c1edf10a41/element/f.5AF93869D51CACD0ED0B7A3F3CCEB8C6.d.8B0CD736620642E7E06DB5D7BDD60211.e.98/click - {}
RESULT: {}
COMMAND: GET /session/a995b82d0df1730148f5e6c1edf10a41/screenshot - {}
RESULT: {}
RESULT: undefined
RESULT: undefined
RESULT: undefined
COMMAND: POST /session/a995b82d0df1730148f5e6c1edf10a41/elements - {"using":"xpath","value":"//span[text()='Error']"}
RESULT: {"using":"xpath","value":"//span[text()='Error']"}
COMMAND: POST /session/a995b82d0df1730148f5e6c1edf10a41/execute/async - {"script":"<script> [1562 bytes]","args":[{"selector":{"controlType":"sap.m.GenericTile","viewName":"bbs.dxcw.migration.view.Home","i18NText":{"propertyName":"header","key":"migrationService"}},"wdio_ui5_key":"bbsdxcw.migration.view.Homesap.m.GenericTile{\"propertyName\":\"header\",\"key\":\"migrationService\"}"}]}
RESULT: {"script":"<script> [1562 bytes]","args":[{"selector":{"controlType":"sap.m.GenericTile","viewName":"bbs.dxcw.migration.view.Home","i18NText":{"propertyName":"header","key":"migrationService"}},"wdio_ui5_key":"bbsdxcw.migration.view.Homesap.m.GenericTile{\"propertyName\":\"header\",\"key\":\"migrationService\"}"}]}
RESULT: undefined
COMMAND: POST /session/a995b82d0df1730148f5e6c1edf10a41/element - {"using":"xpath","value":"//*[@id=\"__tile26\"]"}
RESULT: {"using":"xpath","value":"//*[@id=\"__tile26\"]"}
COMMAND: POST /session/a995b82d0df1730148f5e6c1edf10a41/element/f.5AF93869D51CACD0ED0B7A3F3CCEB8C6.d.8B0CD736620642E7E06DB5D7BDD60211.e.138/click - {}
RESULT: {}
COMMAND: GET /session/a995b82d0df1730148f5e6c1edf10a41/screenshot - {}
RESULT: {}
COMMAND: POST /session/a995b82d0df1730148f5e6c1edf10a41/element - {"using":"xpath","value":"//bdi[contains(text(), \"Create new Draft\")]"}
RESULT: {"using":"xpath","value":"//bdi[contains(text(), \"Create new Draft\")]"}
COMMAND: POST /session/a995b82d0df1730148f5e6c1edf10a41/elements - {"using":"xpath","value":"//bdi[contains(text(), \"Create new Draft\")]"}
RESULT: {"using":"xpath","value":"//bdi[contains(text(), \"Create new Draft\")]"}
COMMAND: POST /session/a995b82d0df1730148f5e6c1edf10a41/execute/sync - {"script":"<script> [8489 bytes]","args":[{"element-6066-11e4-a52e-4f735466cecf":"f.5AF93869D51CACD0ED0B7A3F3CCEB8C6.d.8B0CD736620642E7E06DB5D7BDD60211.e.158","ELEMENT":"f.5AF93869D51CACD0ED0B7A3F3CCEB8C6.d.8B0CD736620642E7E06DB5D7BDD60211.e.158"}]}
RESULT: {"script":"<script> [8489 bytes]","args":[{"element-6066-11e4-a52e-4f735466cecf":"f.5AF93869D51CACD0ED0B7A3F3CCEB8C6.d.8B0CD736620642E7E06DB5D7BDD60211.e.158","ELEMENT":"f.5AF93869D51CACD0ED0B7A3F3CCEB8C6.d.8B0CD736620642E7E06DB5D7BDD60211.e.158"}]}
COMMAND: GET /session/a995b82d0df1730148f5e6c1edf10a41/element/f.5AF93869D51CACD0ED0B7A3F3CCEB8C6.d.8B0CD736620642E7E06DB5D7BDD60211.e.158/enabled - {}
COMMAND: GET /session/a995b82d0df1730148f5e6c1edf10a41/screenshot - {}
RESULT: {}
COMMAND: POST /session/a995b82d0df1730148f5e6c1edf10a41/execute/sync - {"script":"<script> [8489 bytes]","args":[{"element-6066-11e4-a52e-4f735466cecf":"f.5AF93869D51CACD0ED0B7A3F3CCEB8C6.d.8B0CD736620642E7E06DB5D7BDD60211.e.158","ELEMENT":"f.5AF93869D51CACD0ED0B7A3F3CCEB8C6.d.8B0CD736620642E7E06DB5D7BDD60211.e.158"}]}
COMMAND: GET /session/a995b82d0df1730148f5e6c1edf10a41/screenshot - {}
RESULT: {}
RESULT: {"script":"<script> [8489 bytes]","args":[{"element-6066-11e4-a52e-4f735466cecf":"f.5AF93869D51CACD0ED0B7A3F3CCEB8C6.d.8B0CD736620642E7E06DB5D7BDD60211.e.158","ELEMENT":"f.5AF93869D51CACD0ED0B7A3F3CCEB8C6.d.8B0CD736620642E7E06DB5D7BDD60211.e.158"}]}
COMMAND: POST /session/a995b82d0df1730148f5e6c1edf10a41/execute/sync - {"script":"<script> [5351 bytes]","args":[{"element-6066-11e4-a52e-4f735466cecf":"f.5AF93869D51CACD0ED0B7A3F3CCEB8C6.d.8B0CD736620642E7E06DB5D7BDD60211.e.158","ELEMENT":"f.5AF93869D51CACD0ED0B7A3F3CCEB8C6.d.8B0CD736620642E7E06DB5D7BDD60211.e.158"}]}
COMMAND: GET /session/a995b82d0df1730148f5e6c1edf10a41/screenshot - {}
RESULT: {}
RESULT: {"script":"<script> [5351 bytes]","args":[{"element-6066-11e4-a52e-4f735466cecf":"f.5AF93869D51CACD0ED0B7A3F3CCEB8C6.d.8B0CD736620642E7E06DB5D7BDD60211.e.158","ELEMENT":"f.5AF93869D51CACD0ED0B7A3F3CCEB8C6.d.8B0CD736620642E7E06DB5D7BDD60211.e.158"}]}
COMMAND: GET /session/a995b82d0df1730148f5e6c1edf10a41/screenshot - {}
RESULT: {}
RESULT: {}
COMMAND: POST /session/a995b82d0df1730148f5e6c1edf10a41/element - {"using":"xpath","value":"//bdi[contains(text(), \"Create new Draft\")]"}
RESULT: {"using":"xpath","value":"//bdi[contains(text(), \"Create new Draft\")]"}
COMMAND: POST /session/a995b82d0df1730148f5e6c1edf10a41/element/f.5AF93869D51CACD0ED0B7A3F3CCEB8C6.d.8B0CD736620642E7E06DB5D7BDD60211.e.158/click - {}
RESULT: {}
COMMAND: GET /session/a995b82d0df1730148f5e6c1edf10a41/screenshot - {}
RESULT: {}
COMMAND: POST /session/a995b82d0df1730148f5e6c1edf10a41/element - {"using":"xpath","value":"//li[.//div[text()=\"Address\"]]"}
RESULT: {"using":"xpath","value":"//li[.//div[text()=\"Address\"]]"}
COMMAND: POST /session/a995b82d0df1730148f5e6c1edf10a41/element/f.5AF93869D51CACD0ED0B7A3F3CCEB8C6.d.8B0CD736620642E7E06DB5D7BDD60211.e.301/click - {}
RESULT: {}
COMMAND: GET /session/a995b82d0df1730148f5e6c1edf10a41/screenshot - {}
COMMAND: POST /session/a995b82d0df1730148f5e6c1edf10a41/file - {"file":"[base64] 7084 bytes"}
RESULT: {}
RESULT: {"file":"[base64] 7084 bytes"}
COMMAND: POST /session/a995b82d0df1730148f5e6c1edf10a41/element - {"using":"xpath","value":"//input[(@type=\"file\") and contains(@id,\"BOList-10-0-1-uploader-fu\")]"}
RESULT: {"using":"xpath","value":"//input[(@type=\"file\") and contains(@id,\"BOList-10-0-1-uploader-fu\")]"}
COMMAND: POST /session/a995b82d0df1730148f5e6c1edf10a41/element/f.5AF93869D51CACD0ED0B7A3F3CCEB8C6.d.8B0CD736620642E7E06DB5D7BDD60211.e.303/clear - {}
RESULT: {}
COMMAND: POST /session/a995b82d0df1730148f5e6c1edf10a41/element/f.5AF93869D51CACD0ED0B7A3F3CCEB8C6.d.8B0CD736620642E7E06DB5D7BDD60211.e.303/value - {"text":"C:\\Windows\\SystemTemp\\scoped_dir1760_648019280\\upload1760_576468101\\Address.xlsx"}
COMMAND: GET /session/a995b82d0df1730148f5e6c1edf10a41/screenshot - {}
RESULT: {"text":"C:\\Windows\\SystemTemp\\scoped_dir1760_648019280\\upload1760_576468101\\Address.xlsx"}
COMMAND: GET /session/a995b82d0df1730148f5e6c1edf10a41/screenshot - {}
RESULT: {}
RESULT: {}
COMMAND: POST /session/a995b82d0df1730148f5e6c1edf10a41/element - {"using":"xpath","value":"//bdi[contains(text(), \"Match by name\")]"}
RESULT: {"using":"xpath","value":"//bdi[contains(text(), \"Match by name\")]"}
COMMAND: POST /session/a995b82d0df1730148f5e6c1edf10a41/element/f.5AF93869D51CACD0ED0B7A3F3CCEB8C6.d.8B0CD736620642E7E06DB5D7BDD60211.e.317/click - {}
RESULT: {}
COMMAND: GET /session/a995b82d0df1730148f5e6c1edf10a41/screenshot - {}
RESULT: {}
COMMAND: POST /session/a995b82d0df1730148f5e6c1edf10a41/element - {"using":"xpath","value":"//bdi[text() = \"OK\"]"}
RESULT: {"using":"xpath","value":"//bdi[text() = \"OK\"]"}
COMMAND: POST /session/a995b82d0df1730148f5e6c1edf10a41/element/f.5AF93869D51CACD0ED0B7A3F3CCEB8C6.d.8B0CD736620642E7E06DB5D7BDD60211.e.319/click - {}
RESULT: {}
COMMAND: GET /session/a995b82d0df1730148f5e6c1edf10a41/screenshot - {}
RESULT: {}
COMMAND: POST /session/a995b82d0df1730148f5e6c1edf10a41/element - {"using":"xpath","value":"//button[contains(@id,\"uploadBtn\")]"}
RESULT: {"using":"xpath","value":"//button[contains(@id,\"uploadBtn\")]"}
COMMAND: POST /session/a995b82d0df1730148f5e6c1edf10a41/element/f.5AF93869D51CACD0ED0B7A3F3CCEB8C6.d.8B0CD736620642E7E06DB5D7BDD60211.e.298/click - {}
RESULT: {}
COMMAND: GET /session/a995b82d0df1730148f5e6c1edf10a41/screenshot - {}
RESULT: {}
COMMAND: POST /session/a995b82d0df1730148f5e6c1edf10a41/element - {"using":"xpath","value":"//button[.//bdi[contains(text(),\"Refresh Logs\")]]"}
RESULT: {"using":"xpath","value":"//button[.//bdi[contains(text(),\"Refresh Logs\")]]"}
COMMAND: POST /session/a995b82d0df1730148f5e6c1edf10a41/element/f.5AF93869D51CACD0ED0B7A3F3CCEB8C6.d.8B0CD736620642E7E06DB5D7BDD60211.e.329/click - {}
RESULT: {}
COMMAND: GET /session/a995b82d0df1730148f5e6c1edf10a41/screenshot - {}
RESULT: {}
COMMAND: POST /session/a995b82d0df1730148f5e6c1edf10a41/element - {"using":"xpath","value":"//table[contains(@id,\"customHandoversTable-listUl\")]/tbody/tr[1]/td[4]/span"}
RESULT: {"using":"xpath","value":"//table[contains(@id,\"customHandoversTable-listUl\")]/tbody/tr[1]/td[4]/span"}
COMMAND: POST /session/a995b82d0df1730148f5e6c1edf10a41/execute/sync - {"script":"<script> [56 bytes]","args":[{"element-6066-11e4-a52e-4f735466cecf":"f.5AF93869D51CACD0ED0B7A3F3CCEB8C6.d.8B0CD736620642E7E06DB5D7BDD60211.e.621","ELEMENT":"f.5AF93869D51CACD0ED0B7A3F3CCEB8C6.d.8B0CD736620642E7E06DB5D7BDD60211.e.621"}]}
RESULT: {"script":"<script> [56 bytes]","args":[{"element-6066-11e4-a52e-4f735466cecf":"f.5AF93869D51CACD0ED0B7A3F3CCEB8C6.d.8B0CD736620642E7E06DB5D7BDD60211.e.621","ELEMENT":"f.5AF93869D51CACD0ED0B7A3F3CCEB8C6.d.8B0CD736620642E7E06DB5D7BDD60211.e.621"}]}
COMMAND: POST /session/a995b82d0df1730148f5e6c1edf10a41/element - {"using":"xpath","value":"//table[contains(@id,\"customHandoversTable-listUl\")]/tbody/tr[1]/td[7]/div/span[2]"}
COMMAND: GET /session/a995b82d0df1730148f5e6c1edf10a41/screenshot - {}
RESULT: {"using":"xpath","value":"//table[contains(@id,\"customHandoversTable-listUl\")]/tbody/tr[1]/td[7]/div/span[2]"}
COMMAND: POST /session/a995b82d0df1730148f5e6c1edf10a41/execute/sync - {"script":"<script> [56 bytes]","args":[{"element-6066-11e4-a52e-4f735466cecf":"f.5AF93869D51CACD0ED0B7A3F3CCEB8C6.d.8B0CD736620642E7E06DB5D7BDD60211.e.622","ELEMENT":"f.5AF93869D51CACD0ED0B7A3F3CCEB8C6.d.8B0CD736620642E7E06DB5D7BDD60211.e.622"}]}
RESULT: {}
RESULT: {"script":"<script> [56 bytes]","args":[{"element-6066-11e4-a52e-4f735466cecf":"f.5AF93869D51CACD0ED0B7A3F3CCEB8C6.d.8B0CD736620642E7E06DB5D7BDD60211.e.622","ELEMENT":"f.5AF93869D51CACD0ED0B7A3F3CCEB8C6.d.8B0CD736620642E7E06DB5D7BDD60211.e.622"}]}
COMMAND: POST /session/a995b82d0df1730148f5e6c1edf10a41/element - {"using":"xpath","value":"//table[contains(@id,\"customHandoversTable-listUl\")]/tbody/tr[1]/td[8]/div/span[2]"}
COMMAND: GET /session/a995b82d0df1730148f5e6c1edf10a41/screenshot - {}
RESULT: {"using":"xpath","value":"//table[contains(@id,\"customHandoversTable-listUl\")]/tbody/tr[1]/td[8]/div/span[2]"}
COMMAND: POST /session/a995b82d0df1730148f5e6c1edf10a41/execute/sync - {"script":"<script> [56 bytes]","args":[{"element-6066-11e4-a52e-4f735466cecf":"f.5AF93869D51CACD0ED0B7A3F3CCEB8C6.d.8B0CD736620642E7E06DB5D7BDD60211.e.625","ELEMENT":"f.5AF93869D51CACD0ED0B7A3F3CCEB8C6.d.8B0CD736620642E7E06DB5D7BDD60211.e.625"}]}
RESULT: {}
RESULT: {"script":"<script> [56 bytes]","args":[{"element-6066-11e4-a52e-4f735466cecf":"f.5AF93869D51CACD0ED0B7A3F3CCEB8C6.d.8B0CD736620642E7E06DB5D7BDD60211.e.625","ELEMENT":"f.5AF93869D51CACD0ED0B7A3F3CCEB8C6.d.8B0CD736620642E7E06DB5D7BDD60211.e.625"}]}
COMMAND: GET /session/a995b82d0df1730148f5e6c1edf10a41/screenshot - {}
RESULT: {}
COMMAND: POST /session/a995b82d0df1730148f5e6c1edf10a41/execute/async - {"script":"<script> [1562 bytes]","args":[{"selector":{"controlType":"sap.ui.core.Icon","viewName":"bbs.dxcw.migration.view.migration.MigrationMaster","properties":{"src":{"regex":{"source":"notes"}}}},"wdio_ui5_key":"bbsdxcw.migration.view.migration.MigrationMastersap.ui.core.Icon{\"src\":{\"regex\":{\"source\":\"notes\"}}}"}]}
RESULT: {"script":"<script> [1562 bytes]","args":[{"selector":{"controlType":"sap.ui.core.Icon","viewName":"bbs.dxcw.migration.view.migration.MigrationMaster","properties":{"src":{"regex":{"source":"notes"}}}},"wdio_ui5_key":"bbsdxcw.migration.view.migration.MigrationMastersap.ui.core.Icon{\"src\":{\"regex\":{\"source\":\"notes\"}}}"}]}
RESULT: undefined
COMMAND: POST /session/a995b82d0df1730148f5e6c1edf10a41/element - {"using":"xpath","value":"//*[@id=\"__filter0-icon\"]"}
RESULT: {"using":"xpath","value":"//*[@id=\"__filter0-icon\"]"}
COMMAND: POST /session/a995b82d0df1730148f5e6c1edf10a41/element/f.5AF93869D51CACD0ED0B7A3F3CCEB8C6.d.8B0CD736620642E7E06DB5D7BDD60211.e.626/click - {}
RESULT: {}
COMMAND: GET /session/a995b82d0df1730148f5e6c1edf10a41/screenshot - {}
RESULT: {}
]]></system-out>
    </testcase>
    <testcase classname="chrome.136_0_7103_93.windows.Tests_for_DXCW_CAE_environment,_including_specific_login_to_the_system_US" name="Should upload yard file entry used for later tests as master data US156291" time="49.775">
      <system-out><![CDATA[
COMMAND: POST /session/a995b82d0df1730148f5e6c1edf10a41/element - {"using":"xpath","value":"//bdi[contains(text(), \"Create new Draft\")]"}
RESULT: {"using":"xpath","value":"//bdi[contains(text(), \"Create new Draft\")]"}
COMMAND: POST /session/a995b82d0df1730148f5e6c1edf10a41/element/f.5AF93869D51CACD0ED0B7A3F3CCEB8C6.d.8B0CD736620642E7E06DB5D7BDD60211.e.630/click - {}
RESULT: {}
COMMAND: GET /session/a995b82d0df1730148f5e6c1edf10a41/screenshot - {}
RESULT: {}
COMMAND: POST /session/a995b82d0df1730148f5e6c1edf10a41/element - {"using":"xpath","value":"//li[.//div[text()=\"Yards\"]]"}
RESULT: {"using":"xpath","value":"//li[.//div[text()=\"Yards\"]]"}
COMMAND: POST /session/a995b82d0df1730148f5e6c1edf10a41/element/f.5AF93869D51CACD0ED0B7A3F3CCEB8C6.d.8B0CD736620642E7E06DB5D7BDD60211.e.765/click - {}
RESULT: {}
COMMAND: GET /session/a995b82d0df1730148f5e6c1edf10a41/screenshot - {}
COMMAND: POST /session/a995b82d0df1730148f5e6c1edf10a41/file - {"file":"[base64] 6816 bytes"}
RESULT: {}
RESULT: {"file":"[base64] 6816 bytes"}
COMMAND: POST /session/a995b82d0df1730148f5e6c1edf10a41/element - {"using":"xpath","value":"//input[(@type=\"file\") and contains(@id,\"BOList-15-0-1-uploader-fu\")]"}
RESULT: {"using":"xpath","value":"//input[(@type=\"file\") and contains(@id,\"BOList-15-0-1-uploader-fu\")]"}
COMMAND: POST /session/a995b82d0df1730148f5e6c1edf10a41/element/f.5AF93869D51CACD0ED0B7A3F3CCEB8C6.d.8B0CD736620642E7E06DB5D7BDD60211.e.770/clear - {}
RESULT: {}
COMMAND: POST /session/a995b82d0df1730148f5e6c1edf10a41/element/f.5AF93869D51CACD0ED0B7A3F3CCEB8C6.d.8B0CD736620642E7E06DB5D7BDD60211.e.770/value - {"text":"C:\\Windows\\SystemTemp\\scoped_dir1760_648019280\\upload1760_1264088006\\Yards.xlsx"}
COMMAND: GET /session/a995b82d0df1730148f5e6c1edf10a41/screenshot - {}
RESULT: {"text":"C:\\Windows\\SystemTemp\\scoped_dir1760_648019280\\upload1760_1264088006\\Yards.xlsx"}
COMMAND: GET /session/a995b82d0df1730148f5e6c1edf10a41/screenshot - {}
RESULT: {}
RESULT: {}
COMMAND: POST /session/a995b82d0df1730148f5e6c1edf10a41/element - {"using":"xpath","value":"//bdi[contains(text(), \"Match by name\")]"}
RESULT: {"using":"xpath","value":"//bdi[contains(text(), \"Match by name\")]"}
COMMAND: POST /session/a995b82d0df1730148f5e6c1edf10a41/element/f.5AF93869D51CACD0ED0B7A3F3CCEB8C6.d.8B0CD736620642E7E06DB5D7BDD60211.e.778/click - {}
RESULT: {}
COMMAND: GET /session/a995b82d0df1730148f5e6c1edf10a41/screenshot - {}
RESULT: {}
COMMAND: POST /session/a995b82d0df1730148f5e6c1edf10a41/element - {"using":"xpath","value":"//bdi[text() = \"OK\"]"}
RESULT: {"using":"xpath","value":"//bdi[text() = \"OK\"]"}
COMMAND: POST /session/a995b82d0df1730148f5e6c1edf10a41/element/f.5AF93869D51CACD0ED0B7A3F3CCEB8C6.d.8B0CD736620642E7E06DB5D7BDD60211.e.779/click - {}
RESULT: {}
COMMAND: GET /session/a995b82d0df1730148f5e6c1edf10a41/screenshot - {}
RESULT: {}
COMMAND: POST /session/a995b82d0df1730148f5e6c1edf10a41/element - {"using":"xpath","value":"//button[contains(@id,\"uploadBtn\")]"}
RESULT: {"using":"xpath","value":"//button[contains(@id,\"uploadBtn\")]"}
COMMAND: POST /session/a995b82d0df1730148f5e6c1edf10a41/element/f.5AF93869D51CACD0ED0B7A3F3CCEB8C6.d.8B0CD736620642E7E06DB5D7BDD60211.e.298/click - {}
RESULT: {}
COMMAND: GET /session/a995b82d0df1730148f5e6c1edf10a41/screenshot - {}
RESULT: {}
COMMAND: POST /session/a995b82d0df1730148f5e6c1edf10a41/element - {"using":"xpath","value":"//button[.//bdi[contains(text(),\"Refresh Logs\")]]"}
RESULT: {"using":"xpath","value":"//button[.//bdi[contains(text(),\"Refresh Logs\")]]"}
COMMAND: POST /session/a995b82d0df1730148f5e6c1edf10a41/element/f.5AF93869D51CACD0ED0B7A3F3CCEB8C6.d.8B0CD736620642E7E06DB5D7BDD60211.e.786/click - {}
RESULT: {}
COMMAND: GET /session/a995b82d0df1730148f5e6c1edf10a41/screenshot - {}
RESULT: {}
COMMAND: POST /session/a995b82d0df1730148f5e6c1edf10a41/element - {"using":"xpath","value":"//table[contains(@id,\"customHandoversTable-listUl\")]/tbody/tr[1]/td[4]/span"}
RESULT: {"using":"xpath","value":"//table[contains(@id,\"customHandoversTable-listUl\")]/tbody/tr[1]/td[4]/span"}
COMMAND: POST /session/a995b82d0df1730148f5e6c1edf10a41/execute/sync - {"script":"<script> [56 bytes]","args":[{"element-6066-11e4-a52e-4f735466cecf":"f.5AF93869D51CACD0ED0B7A3F3CCEB8C6.d.8B0CD736620642E7E06DB5D7BDD60211.e.1077","ELEMENT":"f.5AF93869D51CACD0ED0B7A3F3CCEB8C6.d.8B0CD736620642E7E06DB5D7BDD60211.e.1077"}]}
RESULT: {"script":"<script> [56 bytes]","args":[{"element-6066-11e4-a52e-4f735466cecf":"f.5AF93869D51CACD0ED0B7A3F3CCEB8C6.d.8B0CD736620642E7E06DB5D7BDD60211.e.1077","ELEMENT":"f.5AF93869D51CACD0ED0B7A3F3CCEB8C6.d.8B0CD736620642E7E06DB5D7BDD60211.e.1077"}]}
COMMAND: POST /session/a995b82d0df1730148f5e6c1edf10a41/element - {"using":"xpath","value":"//table[contains(@id,\"customHandoversTable-listUl\")]/tbody/tr[1]/td[7]/div/span[2]"}
COMMAND: GET /session/a995b82d0df1730148f5e6c1edf10a41/screenshot - {}
RESULT: {"using":"xpath","value":"//table[contains(@id,\"customHandoversTable-listUl\")]/tbody/tr[1]/td[7]/div/span[2]"}
COMMAND: POST /session/a995b82d0df1730148f5e6c1edf10a41/execute/sync - {"script":"<script> [56 bytes]","args":[{"element-6066-11e4-a52e-4f735466cecf":"f.5AF93869D51CACD0ED0B7A3F3CCEB8C6.d.8B0CD736620642E7E06DB5D7BDD60211.e.1078","ELEMENT":"f.5AF93869D51CACD0ED0B7A3F3CCEB8C6.d.8B0CD736620642E7E06DB5D7BDD60211.e.1078"}]}
RESULT: {}
RESULT: {"script":"<script> [56 bytes]","args":[{"element-6066-11e4-a52e-4f735466cecf":"f.5AF93869D51CACD0ED0B7A3F3CCEB8C6.d.8B0CD736620642E7E06DB5D7BDD60211.e.1078","ELEMENT":"f.5AF93869D51CACD0ED0B7A3F3CCEB8C6.d.8B0CD736620642E7E06DB5D7BDD60211.e.1078"}]}
COMMAND: POST /session/a995b82d0df1730148f5e6c1edf10a41/element - {"using":"xpath","value":"//table[contains(@id,\"customHandoversTable-listUl\")]/tbody/tr[1]/td[8]/div/span[2]"}
COMMAND: GET /session/a995b82d0df1730148f5e6c1edf10a41/screenshot - {}
RESULT: {"using":"xpath","value":"//table[contains(@id,\"customHandoversTable-listUl\")]/tbody/tr[1]/td[8]/div/span[2]"}
COMMAND: POST /session/a995b82d0df1730148f5e6c1edf10a41/execute/sync - {"script":"<script> [56 bytes]","args":[{"element-6066-11e4-a52e-4f735466cecf":"f.5AF93869D51CACD0ED0B7A3F3CCEB8C6.d.8B0CD736620642E7E06DB5D7BDD60211.e.1081","ELEMENT":"f.5AF93869D51CACD0ED0B7A3F3CCEB8C6.d.8B0CD736620642E7E06DB5D7BDD60211.e.1081"}]}
RESULT: {}
RESULT: {"script":"<script> [56 bytes]","args":[{"element-6066-11e4-a52e-4f735466cecf":"f.5AF93869D51CACD0ED0B7A3F3CCEB8C6.d.8B0CD736620642E7E06DB5D7BDD60211.e.1081","ELEMENT":"f.5AF93869D51CACD0ED0B7A3F3CCEB8C6.d.8B0CD736620642E7E06DB5D7BDD60211.e.1081"}]}
COMMAND: GET /session/a995b82d0df1730148f5e6c1edf10a41/screenshot - {}
RESULT: {}
RESULT: undefined
COMMAND: POST /session/a995b82d0df1730148f5e6c1edf10a41/element - {"using":"xpath","value":"//*[@id=\"__filter0-icon\"]"}
RESULT: {"using":"xpath","value":"//*[@id=\"__filter0-icon\"]"}
COMMAND: POST /session/a995b82d0df1730148f5e6c1edf10a41/element/f.5AF93869D51CACD0ED0B7A3F3CCEB8C6.d.8B0CD736620642E7E06DB5D7BDD60211.e.626/click - {}
RESULT: {}
COMMAND: GET /session/a995b82d0df1730148f5e6c1edf10a41/screenshot - {}
RESULT: {}
]]></system-out>
    </testcase>
    <testcase classname="chrome.136_0_7103_93.windows.Tests_for_DXCW_CAE_environment,_including_specific_login_to_the_system_US" name="Should upload compound partner files entry used for later tests as master data US156291" time="61.094">
      <system-out><![CDATA[
COMMAND: POST /session/a995b82d0df1730148f5e6c1edf10a41/element - {"using":"xpath","value":"//bdi[contains(text(), \"Create new Draft\")]"}
RESULT: {"using":"xpath","value":"//bdi[contains(text(), \"Create new Draft\")]"}
COMMAND: POST /session/a995b82d0df1730148f5e6c1edf10a41/element/f.5AF93869D51CACD0ED0B7A3F3CCEB8C6.d.8B0CD736620642E7E06DB5D7BDD60211.e.1085/click - {}
RESULT: {}
COMMAND: GET /session/a995b82d0df1730148f5e6c1edf10a41/screenshot - {}
RESULT: {}
COMMAND: POST /session/a995b82d0df1730148f5e6c1edf10a41/element - {"using":"xpath","value":"//li[.//div[text()=\"Partners\"]]"}
RESULT: {"using":"xpath","value":"//li[.//div[text()=\"Partners\"]]"}
COMMAND: POST /session/a995b82d0df1730148f5e6c1edf10a41/element/f.5AF93869D51CACD0ED0B7A3F3CCEB8C6.d.8B0CD736620642E7E06DB5D7BDD60211.e.655/click - {}
RESULT: {}
COMMAND: GET /session/a995b82d0df1730148f5e6c1edf10a41/screenshot - {}
COMMAND: POST /session/a995b82d0df1730148f5e6c1edf10a41/file - {"file":"[base64] 6748 bytes"}
RESULT: {}
RESULT: {"file":"[base64] 6748 bytes"}
COMMAND: POST /session/a995b82d0df1730148f5e6c1edf10a41/element - {"using":"xpath","value":"//input[(@type=\"file\") and contains(@id,\"BOList-4-0-1-uploader-fu\")]"}
RESULT: {"using":"xpath","value":"//input[(@type=\"file\") and contains(@id,\"BOList-4-0-1-uploader-fu\")]"}
COMMAND: POST /session/a995b82d0df1730148f5e6c1edf10a41/element/f.5AF93869D51CACD0ED0B7A3F3CCEB8C6.d.8B0CD736620642E7E06DB5D7BDD60211.e.1202/clear - {}
RESULT: {}
COMMAND: POST /session/a995b82d0df1730148f5e6c1edf10a41/element/f.5AF93869D51CACD0ED0B7A3F3CCEB8C6.d.8B0CD736620642E7E06DB5D7BDD60211.e.1202/value - {"text":"C:\\Windows\\SystemTemp\\scoped_dir1760_648019280\\upload1760_1988059428\\Partners.xlsx"}
COMMAND: GET /session/a995b82d0df1730148f5e6c1edf10a41/screenshot - {}
RESULT: {"text":"C:\\Windows\\SystemTemp\\scoped_dir1760_648019280\\upload1760_1988059428\\Partners.xlsx"}
COMMAND: GET /session/a995b82d0df1730148f5e6c1edf10a41/screenshot - {}
RESULT: {}
RESULT: {}
COMMAND: POST /session/a995b82d0df1730148f5e6c1edf10a41/element - {"using":"xpath","value":"//bdi[contains(text(), \"Match by name\")]"}
RESULT: {"using":"xpath","value":"//bdi[contains(text(), \"Match by name\")]"}
COMMAND: POST /session/a995b82d0df1730148f5e6c1edf10a41/element/f.5AF93869D51CACD0ED0B7A3F3CCEB8C6.d.8B0CD736620642E7E06DB5D7BDD60211.e.1213/click - {}
RESULT: {}
COMMAND: GET /session/a995b82d0df1730148f5e6c1edf10a41/screenshot - {}
RESULT: {}
COMMAND: POST /session/a995b82d0df1730148f5e6c1edf10a41/element - {"using":"xpath","value":"//bdi[text() = \"OK\"]"}
RESULT: {"using":"xpath","value":"//bdi[text() = \"OK\"]"}
COMMAND: POST /session/a995b82d0df1730148f5e6c1edf10a41/element/f.5AF93869D51CACD0ED0B7A3F3CCEB8C6.d.8B0CD736620642E7E06DB5D7BDD60211.e.1214/click - {}
RESULT: {}
COMMAND: GET /session/a995b82d0df1730148f5e6c1edf10a41/screenshot - {}
RESULT: {}
COMMAND: POST /session/a995b82d0df1730148f5e6c1edf10a41/file - {"file":"[base64] 6424 bytes"}
RESULT: {"file":"[base64] 6424 bytes"}
COMMAND: POST /session/a995b82d0df1730148f5e6c1edf10a41/element - {"using":"xpath","value":"//input[(@type=\"file\") and contains(@id,\"BOList-4-1-1-uploader-fu\")]"}
RESULT: {"using":"xpath","value":"//input[(@type=\"file\") and contains(@id,\"BOList-4-1-1-uploader-fu\")]"}
COMMAND: POST /session/a995b82d0df1730148f5e6c1edf10a41/element/f.5AF93869D51CACD0ED0B7A3F3CCEB8C6.d.8B0CD736620642E7E06DB5D7BDD60211.e.1217/clear - {}
RESULT: {}
COMMAND: POST /session/a995b82d0df1730148f5e6c1edf10a41/element/f.5AF93869D51CACD0ED0B7A3F3CCEB8C6.d.8B0CD736620642E7E06DB5D7BDD60211.e.1217/value - {"text":"C:\\Windows\\SystemTemp\\scoped_dir1760_648019280\\upload1760_918113224\\YardsPartners.xlsx"}
COMMAND: GET /session/a995b82d0df1730148f5e6c1edf10a41/screenshot - {}
RESULT: {"text":"C:\\Windows\\SystemTemp\\scoped_dir1760_648019280\\upload1760_918113224\\YardsPartners.xlsx"}
COMMAND: GET /session/a995b82d0df1730148f5e6c1edf10a41/screenshot - {}
RESULT: {}
RESULT: {}
COMMAND: POST /session/a995b82d0df1730148f5e6c1edf10a41/element - {"using":"xpath","value":"//bdi[contains(text(), \"Match by name\")]"}
RESULT: {"using":"xpath","value":"//bdi[contains(text(), \"Match by name\")]"}
COMMAND: POST /session/a995b82d0df1730148f5e6c1edf10a41/element/f.5AF93869D51CACD0ED0B7A3F3CCEB8C6.d.8B0CD736620642E7E06DB5D7BDD60211.e.1225/click - {}
RESULT: {}
COMMAND: GET /session/a995b82d0df1730148f5e6c1edf10a41/screenshot - {}
RESULT: {}
COMMAND: POST /session/a995b82d0df1730148f5e6c1edf10a41/element - {"using":"xpath","value":"//bdi[text() = \"OK\"]"}
RESULT: {"using":"xpath","value":"//bdi[text() = \"OK\"]"}
COMMAND: POST /session/a995b82d0df1730148f5e6c1edf10a41/element/f.5AF93869D51CACD0ED0B7A3F3CCEB8C6.d.8B0CD736620642E7E06DB5D7BDD60211.e.1226/click - {}
RESULT: {}
COMMAND: GET /session/a995b82d0df1730148f5e6c1edf10a41/screenshot - {}
RESULT: {}
COMMAND: POST /session/a995b82d0df1730148f5e6c1edf10a41/execute/async - {"script":"<script> [1562 bytes]","args":[{"selector":{"controlType":"sap.m.Switch","viewName":"bbs.dxcw.migration.view.migration.MigrationNewDraft","bindingPath":{"path":"","propertyPath":"/isComposition","modelName":"ContentModel"},"interaction":{"idSuffix":"textoff"}},"wdio_ui5_key":"bbsdxcw.migration.view.migration.MigrationNewDraftsap.m.Switch{\"path\":\"\",\"propertyPath\":\"/isComposition\",\"modelName\":\"ContentModel\"}"}]}
RESULT: {"script":"<script> [1562 bytes]","args":[{"selector":{"controlType":"sap.m.Switch","viewName":"bbs.dxcw.migration.view.migration.MigrationNewDraft","bindingPath":{"path":"","propertyPath":"/isComposition","modelName":"ContentModel"},"interaction":{"idSuffix":"textoff"}},"wdio_ui5_key":"bbsdxcw.migration.view.migration.MigrationNewDraftsap.m.Switch{\"path\":\"\",\"propertyPath\":\"/isComposition\",\"modelName\":\"ContentModel\"}"}]}
RESULT: undefined
COMMAND: POST /session/a995b82d0df1730148f5e6c1edf10a41/element - {"using":"xpath","value":"//*[@id=\"__switch0\"]"}
RESULT: {"using":"xpath","value":"//*[@id=\"__switch0\"]"}
COMMAND: POST /session/a995b82d0df1730148f5e6c1edf10a41/element/f.5AF93869D51CACD0ED0B7A3F3CCEB8C6.d.8B0CD736620642E7E06DB5D7BDD60211.e.290/click - {}
RESULT: {}
COMMAND: POST /session/a995b82d0df1730148f5e6c1edf10a41/element - {"using":"xpath","value":"//button[contains(@id,\"uploadBtn\")]"}
COMMAND: GET /session/a995b82d0df1730148f5e6c1edf10a41/screenshot - {}
RESULT: {"using":"xpath","value":"//button[contains(@id,\"uploadBtn\")]"}
COMMAND: POST /session/a995b82d0df1730148f5e6c1edf10a41/element/f.5AF93869D51CACD0ED0B7A3F3CCEB8C6.d.8B0CD736620642E7E06DB5D7BDD60211.e.298/click - {}
RESULT: {}
RESULT: {}
COMMAND: GET /session/a995b82d0df1730148f5e6c1edf10a41/screenshot - {}
RESULT: {}
COMMAND: POST /session/a995b82d0df1730148f5e6c1edf10a41/element - {"using":"xpath","value":"//button[.//bdi[contains(text(),\"Refresh Logs\")]]"}
RESULT: {"using":"xpath","value":"//button[.//bdi[contains(text(),\"Refresh Logs\")]]"}
COMMAND: POST /session/a995b82d0df1730148f5e6c1edf10a41/element/f.5AF93869D51CACD0ED0B7A3F3CCEB8C6.d.8B0CD736620642E7E06DB5D7BDD60211.e.1238/click - {}
RESULT: {}
COMMAND: GET /session/a995b82d0df1730148f5e6c1edf10a41/screenshot - {}
RESULT: {}
COMMAND: POST /session/a995b82d0df1730148f5e6c1edf10a41/element - {"using":"xpath","value":"//table[contains(@id,\"customHandoversTable-listUl\")]/tbody/tr[1]/td[4]/span"}
RESULT: {"using":"xpath","value":"//table[contains(@id,\"customHandoversTable-listUl\")]/tbody/tr[1]/td[4]/span"}
COMMAND: POST /session/a995b82d0df1730148f5e6c1edf10a41/execute/sync - {"script":"<script> [56 bytes]","args":[{"element-6066-11e4-a52e-4f735466cecf":"f.5AF93869D51CACD0ED0B7A3F3CCEB8C6.d.8B0CD736620642E7E06DB5D7BDD60211.e.1529","ELEMENT":"f.5AF93869D51CACD0ED0B7A3F3CCEB8C6.d.8B0CD736620642E7E06DB5D7BDD60211.e.1529"}]}
RESULT: {"script":"<script> [56 bytes]","args":[{"element-6066-11e4-a52e-4f735466cecf":"f.5AF93869D51CACD0ED0B7A3F3CCEB8C6.d.8B0CD736620642E7E06DB5D7BDD60211.e.1529","ELEMENT":"f.5AF93869D51CACD0ED0B7A3F3CCEB8C6.d.8B0CD736620642E7E06DB5D7BDD60211.e.1529"}]}
COMMAND: POST /session/a995b82d0df1730148f5e6c1edf10a41/element - {"using":"xpath","value":"//table[contains(@id,\"customHandoversTable-listUl\")]/tbody/tr[1]/td[7]/div/span[2]"}
COMMAND: GET /session/a995b82d0df1730148f5e6c1edf10a41/screenshot - {}
RESULT: {"using":"xpath","value":"//table[contains(@id,\"customHandoversTable-listUl\")]/tbody/tr[1]/td[7]/div/span[2]"}
COMMAND: POST /session/a995b82d0df1730148f5e6c1edf10a41/execute/sync - {"script":"<script> [56 bytes]","args":[{"element-6066-11e4-a52e-4f735466cecf":"f.5AF93869D51CACD0ED0B7A3F3CCEB8C6.d.8B0CD736620642E7E06DB5D7BDD60211.e.1530","ELEMENT":"f.5AF93869D51CACD0ED0B7A3F3CCEB8C6.d.8B0CD736620642E7E06DB5D7BDD60211.e.1530"}]}
RESULT: {}
RESULT: {"script":"<script> [56 bytes]","args":[{"element-6066-11e4-a52e-4f735466cecf":"f.5AF93869D51CACD0ED0B7A3F3CCEB8C6.d.8B0CD736620642E7E06DB5D7BDD60211.e.1530","ELEMENT":"f.5AF93869D51CACD0ED0B7A3F3CCEB8C6.d.8B0CD736620642E7E06DB5D7BDD60211.e.1530"}]}
COMMAND: POST /session/a995b82d0df1730148f5e6c1edf10a41/element - {"using":"xpath","value":"//table[contains(@id,\"customHandoversTable-listUl\")]/tbody/tr[1]/td[8]/div/span[2]"}
COMMAND: GET /session/a995b82d0df1730148f5e6c1edf10a41/screenshot - {}
RESULT: {"using":"xpath","value":"//table[contains(@id,\"customHandoversTable-listUl\")]/tbody/tr[1]/td[8]/div/span[2]"}
COMMAND: POST /session/a995b82d0df1730148f5e6c1edf10a41/execute/sync - {"script":"<script> [56 bytes]","args":[{"element-6066-11e4-a52e-4f735466cecf":"f.5AF93869D51CACD0ED0B7A3F3CCEB8C6.d.8B0CD736620642E7E06DB5D7BDD60211.e.1533","ELEMENT":"f.5AF93869D51CACD0ED0B7A3F3CCEB8C6.d.8B0CD736620642E7E06DB5D7BDD60211.e.1533"}]}
RESULT: {}
RESULT: {"script":"<script> [56 bytes]","args":[{"element-6066-11e4-a52e-4f735466cecf":"f.5AF93869D51CACD0ED0B7A3F3CCEB8C6.d.8B0CD736620642E7E06DB5D7BDD60211.e.1533","ELEMENT":"f.5AF93869D51CACD0ED0B7A3F3CCEB8C6.d.8B0CD736620642E7E06DB5D7BDD60211.e.1533"}]}
COMMAND: GET /session/a995b82d0df1730148f5e6c1edf10a41/screenshot - {}
RESULT: {}
RESULT: undefined
COMMAND: POST /session/a995b82d0df1730148f5e6c1edf10a41/element - {"using":"xpath","value":"//*[@id=\"__filter0-icon\"]"}
RESULT: {"using":"xpath","value":"//*[@id=\"__filter0-icon\"]"}
COMMAND: POST /session/a995b82d0df1730148f5e6c1edf10a41/element/f.5AF93869D51CACD0ED0B7A3F3CCEB8C6.d.8B0CD736620642E7E06DB5D7BDD60211.e.626/click - {}
RESULT: {}
COMMAND: GET /session/a995b82d0df1730148f5e6c1edf10a41/screenshot - {}
RESULT: {}
]]></system-out>
    </testcase>
    <testcase classname="chrome.136_0_7103_93.windows.Tests_for_DXCW_CAE_environment,_including_specific_login_to_the_system_US" name="Should upload site file entry used for later tests as master data US156291" time="61.316">
      <system-out><![CDATA[
COMMAND: POST /session/a995b82d0df1730148f5e6c1edf10a41/element - {"using":"xpath","value":"//bdi[contains(text(), \"Create new Draft\")]"}
RESULT: {"using":"xpath","value":"//bdi[contains(text(), \"Create new Draft\")]"}
COMMAND: POST /session/a995b82d0df1730148f5e6c1edf10a41/element/f.5AF93869D51CACD0ED0B7A3F3CCEB8C6.d.8B0CD736620642E7E06DB5D7BDD60211.e.1537/click - {}
RESULT: {}
COMMAND: GET /session/a995b82d0df1730148f5e6c1edf10a41/screenshot - {}
RESULT: {}
COMMAND: POST /session/a995b82d0df1730148f5e6c1edf10a41/element - {"using":"xpath","value":"//li[.//div[text()=\"Sites\"]]"}
RESULT: {"using":"xpath","value":"//li[.//div[text()=\"Sites\"]]"}
COMMAND: POST /session/a995b82d0df1730148f5e6c1edf10a41/element/f.5AF93869D51CACD0ED0B7A3F3CCEB8C6.d.8B0CD736620642E7E06DB5D7BDD60211.e.660/click - {}
RESULT: {}
COMMAND: GET /session/a995b82d0df1730148f5e6c1edf10a41/screenshot - {}
COMMAND: POST /session/a995b82d0df1730148f5e6c1edf10a41/file - {"file":"[base64] 6440 bytes"}
RESULT: {}
RESULT: {"file":"[base64] 6440 bytes"}
COMMAND: POST /session/a995b82d0df1730148f5e6c1edf10a41/element - {"using":"xpath","value":"//input[(@type=\"file\") and contains(@id,\"BOList-9-0-1-uploader-fu\")]"}
RESULT: {"using":"xpath","value":"//input[(@type=\"file\") and contains(@id,\"BOList-9-0-1-uploader-fu\")]"}
COMMAND: POST /session/a995b82d0df1730148f5e6c1edf10a41/element/f.5AF93869D51CACD0ED0B7A3F3CCEB8C6.d.8B0CD736620642E7E06DB5D7BDD60211.e.1657/clear - {}
RESULT: {}
COMMAND: POST /session/a995b82d0df1730148f5e6c1edf10a41/element/f.5AF93869D51CACD0ED0B7A3F3CCEB8C6.d.8B0CD736620642E7E06DB5D7BDD60211.e.1657/value - {"text":"C:\\Windows\\SystemTemp\\scoped_dir1760_648019280\\upload1760_1915718733\\Sites.xlsx"}
COMMAND: GET /session/a995b82d0df1730148f5e6c1edf10a41/screenshot - {}
RESULT: {"text":"C:\\Windows\\SystemTemp\\scoped_dir1760_648019280\\upload1760_1915718733\\Sites.xlsx"}
COMMAND: GET /session/a995b82d0df1730148f5e6c1edf10a41/screenshot - {}
RESULT: {}
COMMAND: POST /session/a995b82d0df1730148f5e6c1edf10a41/element - {"using":"xpath","value":"//bdi[contains(text(), \"Match by name\")]"}
RESULT: {}
RESULT: {"using":"xpath","value":"//bdi[contains(text(), \"Match by name\")]"}
COMMAND: POST /session/a995b82d0df1730148f5e6c1edf10a41/element/f.5AF93869D51CACD0ED0B7A3F3CCEB8C6.d.8B0CD736620642E7E06DB5D7BDD60211.e.1665/click - {}
RESULT: {}
COMMAND: GET /session/a995b82d0df1730148f5e6c1edf10a41/screenshot - {}
RESULT: {}
COMMAND: POST /session/a995b82d0df1730148f5e6c1edf10a41/element - {"using":"xpath","value":"//bdi[text() = \"OK\"]"}
RESULT: {"using":"xpath","value":"//bdi[text() = \"OK\"]"}
COMMAND: POST /session/a995b82d0df1730148f5e6c1edf10a41/element/f.5AF93869D51CACD0ED0B7A3F3CCEB8C6.d.8B0CD736620642E7E06DB5D7BDD60211.e.1666/click - {}
RESULT: {}
COMMAND: GET /session/a995b82d0df1730148f5e6c1edf10a41/screenshot - {}
RESULT: {}
COMMAND: POST /session/a995b82d0df1730148f5e6c1edf10a41/element - {"using":"xpath","value":"//button[contains(@id,\"uploadBtn\")]"}
RESULT: {"using":"xpath","value":"//button[contains(@id,\"uploadBtn\")]"}
COMMAND: POST /session/a995b82d0df1730148f5e6c1edf10a41/element/f.5AF93869D51CACD0ED0B7A3F3CCEB8C6.d.8B0CD736620642E7E06DB5D7BDD60211.e.298/click - {}
RESULT: {}
COMMAND: GET /session/a995b82d0df1730148f5e6c1edf10a41/screenshot - {}
RESULT: {}
COMMAND: POST /session/a995b82d0df1730148f5e6c1edf10a41/element - {"using":"xpath","value":"//button[.//bdi[contains(text(),\"Refresh Logs\")]]"}
RESULT: {"using":"xpath","value":"//button[.//bdi[contains(text(),\"Refresh Logs\")]]"}
COMMAND: POST /session/a995b82d0df1730148f5e6c1edf10a41/element/f.5AF93869D51CACD0ED0B7A3F3CCEB8C6.d.8B0CD736620642E7E06DB5D7BDD60211.e.1673/click - {}
RESULT: {}
COMMAND: GET /session/a995b82d0df1730148f5e6c1edf10a41/screenshot - {}
RESULT: {}
COMMAND: POST /session/a995b82d0df1730148f5e6c1edf10a41/element - {"using":"xpath","value":"//table[contains(@id,\"customHandoversTable-listUl\")]/tbody/tr[1]/td[4]/span"}
RESULT: {"using":"xpath","value":"//table[contains(@id,\"customHandoversTable-listUl\")]/tbody/tr[1]/td[4]/span"}
COMMAND: POST /session/a995b82d0df1730148f5e6c1edf10a41/execute/sync - {"script":"<script> [56 bytes]","args":[{"element-6066-11e4-a52e-4f735466cecf":"f.5AF93869D51CACD0ED0B7A3F3CCEB8C6.d.8B0CD736620642E7E06DB5D7BDD60211.e.1964","ELEMENT":"f.5AF93869D51CACD0ED0B7A3F3CCEB8C6.d.8B0CD736620642E7E06DB5D7BDD60211.e.1964"}]}
RESULT: {"script":"<script> [56 bytes]","args":[{"element-6066-11e4-a52e-4f735466cecf":"f.5AF93869D51CACD0ED0B7A3F3CCEB8C6.d.8B0CD736620642E7E06DB5D7BDD60211.e.1964","ELEMENT":"f.5AF93869D51CACD0ED0B7A3F3CCEB8C6.d.8B0CD736620642E7E06DB5D7BDD60211.e.1964"}]}
COMMAND: POST /session/a995b82d0df1730148f5e6c1edf10a41/element - {"using":"xpath","value":"//table[contains(@id,\"customHandoversTable-listUl\")]/tbody/tr[1]/td[7]/div/span[2]"}
COMMAND: GET /session/a995b82d0df1730148f5e6c1edf10a41/screenshot - {}
RESULT: {"using":"xpath","value":"//table[contains(@id,\"customHandoversTable-listUl\")]/tbody/tr[1]/td[7]/div/span[2]"}
COMMAND: POST /session/a995b82d0df1730148f5e6c1edf10a41/execute/sync - {"script":"<script> [56 bytes]","args":[{"element-6066-11e4-a52e-4f735466cecf":"f.5AF93869D51CACD0ED0B7A3F3CCEB8C6.d.8B0CD736620642E7E06DB5D7BDD60211.e.1965","ELEMENT":"f.5AF93869D51CACD0ED0B7A3F3CCEB8C6.d.8B0CD736620642E7E06DB5D7BDD60211.e.1965"}]}
RESULT: {}
RESULT: {"script":"<script> [56 bytes]","args":[{"element-6066-11e4-a52e-4f735466cecf":"f.5AF93869D51CACD0ED0B7A3F3CCEB8C6.d.8B0CD736620642E7E06DB5D7BDD60211.e.1965","ELEMENT":"f.5AF93869D51CACD0ED0B7A3F3CCEB8C6.d.8B0CD736620642E7E06DB5D7BDD60211.e.1965"}]}
COMMAND: POST /session/a995b82d0df1730148f5e6c1edf10a41/element - {"using":"xpath","value":"//table[contains(@id,\"customHandoversTable-listUl\")]/tbody/tr[1]/td[8]/div/span[2]"}
COMMAND: GET /session/a995b82d0df1730148f5e6c1edf10a41/screenshot - {}
RESULT: {"using":"xpath","value":"//table[contains(@id,\"customHandoversTable-listUl\")]/tbody/tr[1]/td[8]/div/span[2]"}
COMMAND: POST /session/a995b82d0df1730148f5e6c1edf10a41/execute/sync - {"script":"<script> [56 bytes]","args":[{"element-6066-11e4-a52e-4f735466cecf":"f.5AF93869D51CACD0ED0B7A3F3CCEB8C6.d.8B0CD736620642E7E06DB5D7BDD60211.e.1968","ELEMENT":"f.5AF93869D51CACD0ED0B7A3F3CCEB8C6.d.8B0CD736620642E7E06DB5D7BDD60211.e.1968"}]}
RESULT: {}
RESULT: {"script":"<script> [56 bytes]","args":[{"element-6066-11e4-a52e-4f735466cecf":"f.5AF93869D51CACD0ED0B7A3F3CCEB8C6.d.8B0CD736620642E7E06DB5D7BDD60211.e.1968","ELEMENT":"f.5AF93869D51CACD0ED0B7A3F3CCEB8C6.d.8B0CD736620642E7E06DB5D7BDD60211.e.1968"}]}
COMMAND: GET /session/a995b82d0df1730148f5e6c1edf10a41/screenshot - {}
RESULT: {}
RESULT: undefined
COMMAND: POST /session/a995b82d0df1730148f5e6c1edf10a41/element - {"using":"xpath","value":"//*[@id=\"__filter0-icon\"]"}
RESULT: {"using":"xpath","value":"//*[@id=\"__filter0-icon\"]"}
COMMAND: POST /session/a995b82d0df1730148f5e6c1edf10a41/element/f.5AF93869D51CACD0ED0B7A3F3CCEB8C6.d.8B0CD736620642E7E06DB5D7BDD60211.e.626/click - {}
RESULT: {}
COMMAND: GET /session/a995b82d0df1730148f5e6c1edf10a41/screenshot - {}
RESULT: {}
COMMAND: POST /session/a995b82d0df1730148f5e6c1edf10a41/element - {"using":"css selector","value":"#shell-header-logo"}
RESULT: {"using":"css selector","value":"#shell-header-logo"}
COMMAND: POST /session/a995b82d0df1730148f5e6c1edf10a41/element/f.5AF93869D51CACD0ED0B7A3F3CCEB8C6.d.8B0CD736620642E7E06DB5D7BDD60211.e.136/click - {}
RESULT: {}
COMMAND: GET /session/a995b82d0df1730148f5e6c1edf10a41/screenshot - {}
RESULT: {}
COMMAND: POST /session/a995b82d0df1730148f5e6c1edf10a41/element - {"using":"css selector","value":"#j_username"}
COMMAND: POST /session/a995b82d0df1730148f5e6c1edf10a41/url - {"url":"https://qa-testing-00-live-etm-ui.cfapps.eu10-004.hana.ondemand.com/"}
RESULT: {"using":"css selector","value":"#j_username"}
COMMAND: POST /session/a995b82d0df1730148f5e6c1edf10a41/element - {"using":"css selector","value":"#j_username"}
RESULT: {"url":"https://qa-testing-00-live-etm-ui.cfapps.eu10-004.hana.ondemand.com/"}
RESULT: undefined
COMMAND: GET /session/a995b82d0df1730148f5e6c1edf10a41/screenshot - {}
RESULT: {"using":"css selector","value":"#j_username"}
COMMAND: POST /session/a995b82d0df1730148f5e6c1edf10a41/element - {"using":"css selector","value":"#shell-header-logo"}
RESULT: {}
RESULT: {"using":"css selector","value":"#shell-header-logo"}
COMMAND: POST /session/a995b82d0df1730148f5e6c1edf10a41/execute/sync - {"script":"<script> [8489 bytes]","args":[{"element-6066-11e4-a52e-4f735466cecf":"f.5AF93869D51CACD0ED0B7A3F3CCEB8C6.d.A4DD2C67F01BE587083A38F32843D914.e.1982","ELEMENT":"f.5AF93869D51CACD0ED0B7A3F3CCEB8C6.d.A4DD2C67F01BE587083A38F32843D914.e.1982"}]}
RESULT: {"script":"<script> [8489 bytes]","args":[{"element-6066-11e4-a52e-4f735466cecf":"f.5AF93869D51CACD0ED0B7A3F3CCEB8C6.d.A4DD2C67F01BE587083A38F32843D914.e.1982","ELEMENT":"f.5AF93869D51CACD0ED0B7A3F3CCEB8C6.d.A4DD2C67F01BE587083A38F32843D914.e.1982"}]}
COMMAND: POST /session/a995b82d0df1730148f5e6c1edf10a41/element - {"using":"css selector","value":"#shell-header-logo"}
COMMAND: GET /session/a995b82d0df1730148f5e6c1edf10a41/screenshot - {}
RESULT: {"using":"css selector","value":"#shell-header-logo"}
COMMAND: POST /session/a995b82d0df1730148f5e6c1edf10a41/execute/sync - {"script":"<script> [8489 bytes]","args":[{"element-6066-11e4-a52e-4f735466cecf":"f.5AF93869D51CACD0ED0B7A3F3CCEB8C6.d.A4DD2C67F01BE587083A38F32843D914.e.1982","ELEMENT":"f.5AF93869D51CACD0ED0B7A3F3CCEB8C6.d.A4DD2C67F01BE587083A38F32843D914.e.1982"}]}
RESULT: {}
RESULT: {"script":"<script> [8489 bytes]","args":[{"element-6066-11e4-a52e-4f735466cecf":"f.5AF93869D51CACD0ED0B7A3F3CCEB8C6.d.A4DD2C67F01BE587083A38F32843D914.e.1982","ELEMENT":"f.5AF93869D51CACD0ED0B7A3F3CCEB8C6.d.A4DD2C67F01BE587083A38F32843D914.e.1982"}]}
COMMAND: POST /session/a995b82d0df1730148f5e6c1edf10a41/execute/sync - {"script":"<script> [5351 bytes]","args":[{"element-6066-11e4-a52e-4f735466cecf":"f.5AF93869D51CACD0ED0B7A3F3CCEB8C6.d.A4DD2C67F01BE587083A38F32843D914.e.1982","ELEMENT":"f.5AF93869D51CACD0ED0B7A3F3CCEB8C6.d.A4DD2C67F01BE587083A38F32843D914.e.1982"}]}
COMMAND: GET /session/a995b82d0df1730148f5e6c1edf10a41/screenshot - {}
RESULT: {"script":"<script> [5351 bytes]","args":[{"element-6066-11e4-a52e-4f735466cecf":"f.5AF93869D51CACD0ED0B7A3F3CCEB8C6.d.A4DD2C67F01BE587083A38F32843D914.e.1982","ELEMENT":"f.5AF93869D51CACD0ED0B7A3F3CCEB8C6.d.A4DD2C67F01BE587083A38F32843D914.e.1982"}]}
COMMAND: POST /session/a995b82d0df1730148f5e6c1edf10a41/element - {"using":"css selector","value":"#shell-header-logo"}
COMMAND: GET /session/a995b82d0df1730148f5e6c1edf10a41/screenshot - {}
RESULT: {}
RESULT: {"using":"css selector","value":"#shell-header-logo"}
COMMAND: POST /session/a995b82d0df1730148f5e6c1edf10a41/element/f.5AF93869D51CACD0ED0B7A3F3CCEB8C6.d.A4DD2C67F01BE587083A38F32843D914.e.1982/click - {}
RESULT: {}
RESULT: {}
COMMAND: GET /session/a995b82d0df1730148f5e6c1edf10a41/screenshot - {}
RESULT: {}
COMMAND: POST /session/a995b82d0df1730148f5e6c1edf10a41/execute/async - {"script":"<script> [189 bytes]","args":[]}
RESULT: {"script":"<script> [189 bytes]","args":[]}
COMMAND: POST /session/a995b82d0df1730148f5e6c1edf10a41/execute/async - {"script":"<script> [123 bytes]","args":[]}
RESULT: {"script":"<script> [123 bytes]","args":[]}
COMMAND: POST /session/a995b82d0df1730148f5e6c1edf10a41/timeouts - {"script":"<number>"}
RESULT: {"script":"<number>"}
COMMAND: GET /session/a995b82d0df1730148f5e6c1edf10a41/timeouts - {}
RESULT: {}
RESULT: undefined
COMMAND: POST /session/a995b82d0df1730148f5e6c1edf10a41/execute/async - {"script":"<script> [2676 bytes]","args":[]}
RESULT: {"script":"<script> [2676 bytes]","args":[]}
COMMAND: POST /session/a995b82d0df1730148f5e6c1edf10a41/execute/async - {"script":"<script> [2342 bytes]","args":[{"protocol":"http","hostname":"0.0.0.0","path":"/","capabilities":{"browserName":"chrome","goog:chromeOptions":{"binary":"C:\\Program Files\\Google\\Chrome\\Application\\chrome.exe","args":["--start-maximized"]}},"logLevel":"warn","connectionRetryTimeout":120000,"connectionRetryCount":3,"logLevels":{},"enableDirectConnect":true,"strictSSL":true,"_":"65 more keys: [\"cacheDir\",\"port\",\"requestedCapabilities\",\"automationProtocol\",\"baseUrl\",\"waitforInterval\",\"waitforTimeout\",\"onReload\",\"beforeCommand\",\"afterCommand\",\"rootDir\",\"specs\",\"suites\",\"exclude\",\"groupLogsByTestSpec\",\"excludeDriverLogs\",\"bail\",\"framework\",\"reporters\",\"services\",\"maxInstances\",\"maxInstancesPerCapability\",\"injectGlobals\",\"filesToWatch\",\"execArgv\",\"runnerEnv\",\"runner\",\"shard\",\"specFileRetries\",\"specFileRetriesDelay\",\"specFileRetriesDeferred\",\"reporterSyncInterval\",\"reporterSyncTimeout\",\"cucumberFeaturesWithLineNumbers\",\"autoCompileOpts\",\"mochaOpts\",\"jasmineOpts\",\"cucumberOpts\",\"onPrepare\",\"onWorkerStart\",\"onWorkerEnd\",\"before\",\"beforeSession\",\"beforeSuite\",\"beforeHook\",\"beforeTest\",\"afterTest\",\"afterHook\",\"afterSuite\",\"afterSession\",\"after\",\"onComplete\",\"beforeAssertion\",\"afterAssertion\",\"beforeFeature\",\"beforeScenario\",\"beforeStep\",\"afterStep\",\"afterScenario\",\"afterFeature\",\"_\",\"suite\",\"$0\",\"ignoredWorkerServices\",\"wdi5\"]"}]}
RESULT: {"script":"<script> [2342 bytes]","args":[{"protocol":"http","hostname":"0.0.0.0","path":"/","capabilities":{"browserName":"chrome","goog:chromeOptions":{"binary":"C:\\Program Files\\Google\\Chrome\\Application\\chrome.exe","args":["--start-maximized"]}},"logLevel":"warn","connectionRetryTimeout":120000,"connectionRetryCount":3,"logLevels":{},"enableDirectConnect":true,"strictSSL":true,"_":"65 more keys: [\"cacheDir\",\"port\",\"requestedCapabilities\",\"automationProtocol\",\"baseUrl\",\"waitforInterval\",\"waitforTimeout\",\"onReload\",\"beforeCommand\",\"afterCommand\",\"rootDir\",\"specs\",\"suites\",\"exclude\",\"groupLogsByTestSpec\",\"excludeDriverLogs\",\"bail\",\"framework\",\"reporters\",\"services\",\"maxInstances\",\"maxInstancesPerCapability\",\"injectGlobals\",\"filesToWatch\",\"execArgv\",\"runnerEnv\",\"runner\",\"shard\",\"specFileRetries\",\"specFileRetriesDelay\",\"specFileRetriesDeferred\",\"reporterSyncInterval\",\"reporterSyncTimeout\",\"cucumberFeaturesWithLineNumbers\",\"autoCompileOpts\",\"mochaOpts\",\"jasmineOpts\",\"cucumberOpts\",\"onPrepare\",\"onWorkerStart\",\"onWorkerEnd\",\"before\",\"beforeSession\",\"beforeSuite\",\"beforeHook\",\"beforeTest\",\"afterTest\",\"afterHook\",\"afterSuite\",\"afterSession\",\"after\",\"onComplete\",\"beforeAssertion\",\"afterAssertion\",\"beforeFeature\",\"beforeScenario\",\"beforeStep\",\"afterStep\",\"afterScenario\",\"afterFeature\",\"_\",\"suite\",\"$0\",\"ignoredWorkerServices\",\"wdi5\"]"}]}
COMMAND: POST /session/a995b82d0df1730148f5e6c1edf10a41/execute/async - {"script":"<script> [21126 bytes]","args":[35000]}
RESULT: {"script":"<script> [21126 bytes]","args":[35000]}
COMMAND: POST /session/a995b82d0df1730148f5e6c1edf10a41/window/maximize - {}
RESULT: {}
COMMAND: POST /session/a995b82d0df1730148f5e6c1edf10a41/execute/async - {"script":"<script> [1562 bytes]","args":[{"selector":{"id":"shell-header","interaction":{"idSuffix":"icon"}},"wdio_ui5_key":"shellheader"}]}
COMMAND: GET /session/a995b82d0df1730148f5e6c1edf10a41/screenshot - {}
RESULT: {"script":"<script> [1562 bytes]","args":[{"selector":{"id":"shell-header","interaction":{"idSuffix":"icon"}},"wdio_ui5_key":"shellheader"}]}
RESULT: undefined
COMMAND: POST /session/a995b82d0df1730148f5e6c1edf10a41/refresh - {}
RESULT: {}
RESULT: {}
COMMAND: GET /session/a995b82d0df1730148f5e6c1edf10a41/screenshot - {}
RESULT: {}
COMMAND: POST /session/a995b82d0df1730148f5e6c1edf10a41/refresh - {}
RESULT: {}
COMMAND: GET /session/a995b82d0df1730148f5e6c1edf10a41/screenshot - {}
RESULT: {}
COMMAND: POST /session/a995b82d0df1730148f5e6c1edf10a41/window/fullscreen - {}
RESULT: {}
COMMAND: POST /session/a995b82d0df1730148f5e6c1edf10a41/execute/async - {"script":"<script> [189 bytes]","args":[]}
RESULT: {"script":"<script> [189 bytes]","args":[]}
COMMAND: POST /session/a995b82d0df1730148f5e6c1edf10a41/execute/async - {"script":"<script> [123 bytes]","args":[]}
RESULT: {"script":"<script> [123 bytes]","args":[]}
COMMAND: POST /session/a995b82d0df1730148f5e6c1edf10a41/timeouts - {"script":"<number>"}
RESULT: {"script":"<number>"}
COMMAND: GET /session/a995b82d0df1730148f5e6c1edf10a41/timeouts - {}
RESULT: {}
RESULT: undefined
COMMAND: POST /session/a995b82d0df1730148f5e6c1edf10a41/execute/async - {"script":"<script> [2676 bytes]","args":[]}
RESULT: {"script":"<script> [2676 bytes]","args":[]}
COMMAND: POST /session/a995b82d0df1730148f5e6c1edf10a41/execute/async - {"script":"<script> [2342 bytes]","args":[{"protocol":"http","hostname":"0.0.0.0","path":"/","capabilities":{"browserName":"chrome","goog:chromeOptions":{"binary":"C:\\Program Files\\Google\\Chrome\\Application\\chrome.exe","args":["--start-maximized"]}},"logLevel":"warn","connectionRetryTimeout":120000,"connectionRetryCount":3,"logLevels":{},"enableDirectConnect":true,"strictSSL":true,"_":"65 more keys: [\"cacheDir\",\"port\",\"requestedCapabilities\",\"automationProtocol\",\"baseUrl\",\"waitforInterval\",\"waitforTimeout\",\"onReload\",\"beforeCommand\",\"afterCommand\",\"rootDir\",\"specs\",\"suites\",\"exclude\",\"groupLogsByTestSpec\",\"excludeDriverLogs\",\"bail\",\"framework\",\"reporters\",\"services\",\"maxInstances\",\"maxInstancesPerCapability\",\"injectGlobals\",\"filesToWatch\",\"execArgv\",\"runnerEnv\",\"runner\",\"shard\",\"specFileRetries\",\"specFileRetriesDelay\",\"specFileRetriesDeferred\",\"reporterSyncInterval\",\"reporterSyncTimeout\",\"cucumberFeaturesWithLineNumbers\",\"autoCompileOpts\",\"mochaOpts\",\"jasmineOpts\",\"cucumberOpts\",\"onPrepare\",\"onWorkerStart\",\"onWorkerEnd\",\"before\",\"beforeSession\",\"beforeSuite\",\"beforeHook\",\"beforeTest\",\"afterTest\",\"afterHook\",\"afterSuite\",\"afterSession\",\"after\",\"onComplete\",\"beforeAssertion\",\"afterAssertion\",\"beforeFeature\",\"beforeScenario\",\"beforeStep\",\"afterStep\",\"afterScenario\",\"afterFeature\",\"_\",\"suite\",\"$0\",\"ignoredWorkerServices\",\"wdi5\"]"}]}
RESULT: {"script":"<script> [2342 bytes]","args":[{"protocol":"http","hostname":"0.0.0.0","path":"/","capabilities":{"browserName":"chrome","goog:chromeOptions":{"binary":"C:\\Program Files\\Google\\Chrome\\Application\\chrome.exe","args":["--start-maximized"]}},"logLevel":"warn","connectionRetryTimeout":120000,"connectionRetryCount":3,"logLevels":{},"enableDirectConnect":true,"strictSSL":true,"_":"65 more keys: [\"cacheDir\",\"port\",\"requestedCapabilities\",\"automationProtocol\",\"baseUrl\",\"waitforInterval\",\"waitforTimeout\",\"onReload\",\"beforeCommand\",\"afterCommand\",\"rootDir\",\"specs\",\"suites\",\"exclude\",\"groupLogsByTestSpec\",\"excludeDriverLogs\",\"bail\",\"framework\",\"reporters\",\"services\",\"maxInstances\",\"maxInstancesPerCapability\",\"injectGlobals\",\"filesToWatch\",\"execArgv\",\"runnerEnv\",\"runner\",\"shard\",\"specFileRetries\",\"specFileRetriesDelay\",\"specFileRetriesDeferred\",\"reporterSyncInterval\",\"reporterSyncTimeout\",\"cucumberFeaturesWithLineNumbers\",\"autoCompileOpts\",\"mochaOpts\",\"jasmineOpts\",\"cucumberOpts\",\"onPrepare\",\"onWorkerStart\",\"onWorkerEnd\",\"before\",\"beforeSession\",\"beforeSuite\",\"beforeHook\",\"beforeTest\",\"afterTest\",\"afterHook\",\"afterSuite\",\"afterSession\",\"after\",\"onComplete\",\"beforeAssertion\",\"afterAssertion\",\"beforeFeature\",\"beforeScenario\",\"beforeStep\",\"afterStep\",\"afterScenario\",\"afterFeature\",\"_\",\"suite\",\"$0\",\"ignoredWorkerServices\",\"wdi5\"]"}]}
COMMAND: POST /session/a995b82d0df1730148f5e6c1edf10a41/execute/async - {"script":"<script> [21126 bytes]","args":[35000]}
RESULT: {"script":"<script> [21126 bytes]","args":[35000]}
]]></system-out>
    </testcase>
  </testsuite>
  <testsuite timestamp="2025-05-30T17:23:25" time="1183.902" tests="12" failures="6" errors="6" skipped="0">
    <properties>
      <property name="specId" value="0"/>
      <property name="suiteName" value="Billing Transfer - Master data &amp; Intercompany US127250"/>
      <property name="capabilities" value="chrome.136_0_7103_93.windows"/>
      <property name="file" value="file:///D:/a/1/s/test/specs/BTS/billing-transfer-intercompany.spec.js"/>
    </properties>
    <testcase classname="chrome.136_0_7103_93.windows.Billing_Transfer_-_Master_data_&amp;_Intercompany_US127250" name="Should create a new yard" time="137.89">
      <system-out><![CDATA[
COMMAND: POST /session/a995b82d0df1730148f5e6c1edf10a41/window/fullscreen - {}
RESULT: {}
COMMAND: POST /session/a995b82d0df1730148f5e6c1edf10a41/execute/async - {"script":"<script> [1562 bytes]","args":[{"selector":{"controlType":"sap.m.GenericTile","properties":{"header":"Manage Yards"}},"wdio_ui5_key":"sapm.GenericTile{\"header\":\"Manage Yards\"}"}]}
RESULT: {"script":"<script> [1562 bytes]","args":[{"selector":{"controlType":"sap.m.GenericTile","properties":{"header":"Manage Yards"}},"wdio_ui5_key":"sapm.GenericTile{\"header\":\"Manage Yards\"}"}]}
RESULT: undefined
COMMAND: POST /session/a995b82d0df1730148f5e6c1edf10a41/element - {"using":"xpath","value":"//*[@id=\"__tile41\"]"}
RESULT: {"using":"xpath","value":"//*[@id=\"__tile41\"]"}
COMMAND: POST /session/a995b82d0df1730148f5e6c1edf10a41/element/f.5AF93869D51CACD0ED0B7A3F3CCEB8C6.d.D45CE9780A4D4816A0977AAA03B5D2BA.e.2150/click - {}
RESULT: {}
COMMAND: GET /session/a995b82d0df1730148f5e6c1edf10a41/screenshot - {}
RESULT: {}
COMMAND: POST /session/a995b82d0df1730148f5e6c1edf10a41/elements - {"using":"xpath","value":"//span[text()='Error']"}
RESULT: {"using":"xpath","value":"//span[text()='Error']"}
COMMAND: POST /session/a995b82d0df1730148f5e6c1edf10a41/element - {"using":"xpath","value":"//button[@data-kt=\"addNewYardOverflowToolbarButton\"]"}
RESULT: {"using":"xpath","value":"//button[@data-kt=\"addNewYardOverflowToolbarButton\"]"}
COMMAND: POST /session/a995b82d0df1730148f5e6c1edf10a41/elements - {"using":"xpath","value":"//button[@data-kt=\"addNewYardOverflowToolbarButton\"]"}
RESULT: {"using":"xpath","value":"//button[@data-kt=\"addNewYardOverflowToolbarButton\"]"}
COMMAND: POST /session/a995b82d0df1730148f5e6c1edf10a41/elements - {"using":"xpath","value":"//button[@data-kt=\"addNewYardOverflowToolbarButton\"]"}
RESULT: {"using":"xpath","value":"//button[@data-kt=\"addNewYardOverflowToolbarButton\"]"}
COMMAND: POST /session/a995b82d0df1730148f5e6c1edf10a41/elements - {"using":"xpath","value":"//button[@data-kt=\"addNewYardOverflowToolbarButton\"]"}
RESULT: {"using":"xpath","value":"//button[@data-kt=\"addNewYardOverflowToolbarButton\"]"}
COMMAND: POST /session/a995b82d0df1730148f5e6c1edf10a41/elements - {"using":"xpath","value":"//button[@data-kt=\"addNewYardOverflowToolbarButton\"]"}
RESULT: {"using":"xpath","value":"//button[@data-kt=\"addNewYardOverflowToolbarButton\"]"}
COMMAND: POST /session/a995b82d0df1730148f5e6c1edf10a41/elements - {"using":"xpath","value":"//button[@data-kt=\"addNewYardOverflowToolbarButton\"]"}
RESULT: {"using":"xpath","value":"//button[@data-kt=\"addNewYardOverflowToolbarButton\"]"}
COMMAND: POST /session/a995b82d0df1730148f5e6c1edf10a41/elements - {"using":"xpath","value":"//button[@data-kt=\"addNewYardOverflowToolbarButton\"]"}
RESULT: {"using":"xpath","value":"//button[@data-kt=\"addNewYardOverflowToolbarButton\"]"}
COMMAND: POST /session/a995b82d0df1730148f5e6c1edf10a41/elements - {"using":"xpath","value":"//button[@data-kt=\"addNewYardOverflowToolbarButton\"]"}
RESULT: {"using":"xpath","value":"//button[@data-kt=\"addNewYardOverflowToolbarButton\"]"}
COMMAND: POST /session/a995b82d0df1730148f5e6c1edf10a41/elements - {"using":"xpath","value":"//button[@data-kt=\"addNewYardOverflowToolbarButton\"]"}
RESULT: {"using":"xpath","value":"//button[@data-kt=\"addNewYardOverflowToolbarButton\"]"}
COMMAND: POST /session/a995b82d0df1730148f5e6c1edf10a41/elements - {"using":"xpath","value":"//button[@data-kt=\"addNewYardOverflowToolbarButton\"]"}
RESULT: {"using":"xpath","value":"//button[@data-kt=\"addNewYardOverflowToolbarButton\"]"}
COMMAND: POST /session/a995b82d0df1730148f5e6c1edf10a41/element - {"using":"xpath","value":"//button[@data-kt=\"addNewYardOverflowToolbarButton\"]"}
RESULT: {"using":"xpath","value":"//button[@data-kt=\"addNewYardOverflowToolbarButton\"]"}
COMMAND: POST /session/a995b82d0df1730148f5e6c1edf10a41/execute/sync - {"script":"<script> [8489 bytes]","args":[{"element-6066-11e4-a52e-4f735466cecf":"f.5AF93869D51CACD0ED0B7A3F3CCEB8C6.d.D45CE9780A4D4816A0977AAA03B5D2BA.e.2283","ELEMENT":"f.5AF93869D51CACD0ED0B7A3F3CCEB8C6.d.D45CE9780A4D4816A0977AAA03B5D2BA.e.2283"}]}
RESULT: {"script":"<script> [8489 bytes]","args":[{"element-6066-11e4-a52e-4f735466cecf":"f.5AF93869D51CACD0ED0B7A3F3CCEB8C6.d.D45CE9780A4D4816A0977AAA03B5D2BA.e.2283","ELEMENT":"f.5AF93869D51CACD0ED0B7A3F3CCEB8C6.d.D45CE9780A4D4816A0977AAA03B5D2BA.e.2283"}]}
COMMAND: GET /session/a995b82d0df1730148f5e6c1edf10a41/element/f.5AF93869D51CACD0ED0B7A3F3CCEB8C6.d.D45CE9780A4D4816A0977AAA03B5D2BA.e.2283/enabled - {}
COMMAND: GET /session/a995b82d0df1730148f5e6c1edf10a41/screenshot - {}
RESULT: {}
COMMAND: POST /session/a995b82d0df1730148f5e6c1edf10a41/execute/sync - {"script":"<script> [8489 bytes]","args":[{"element-6066-11e4-a52e-4f735466cecf":"f.5AF93869D51CACD0ED0B7A3F3CCEB8C6.d.D45CE9780A4D4816A0977AAA03B5D2BA.e.2283","ELEMENT":"f.5AF93869D51CACD0ED0B7A3F3CCEB8C6.d.D45CE9780A4D4816A0977AAA03B5D2BA.e.2283"}]}
COMMAND: GET /session/a995b82d0df1730148f5e6c1edf10a41/screenshot - {}
RESULT: {}
RESULT: {"script":"<script> [8489 bytes]","args":[{"element-6066-11e4-a52e-4f735466cecf":"f.5AF93869D51CACD0ED0B7A3F3CCEB8C6.d.D45CE9780A4D4816A0977AAA03B5D2BA.e.2283","ELEMENT":"f.5AF93869D51CACD0ED0B7A3F3CCEB8C6.d.D45CE9780A4D4816A0977AAA03B5D2BA.e.2283"}]}
COMMAND: POST /session/a995b82d0df1730148f5e6c1edf10a41/execute/sync - {"script":"<script> [5351 bytes]","args":[{"element-6066-11e4-a52e-4f735466cecf":"f.5AF93869D51CACD0ED0B7A3F3CCEB8C6.d.D45CE9780A4D4816A0977AAA03B5D2BA.e.2283","ELEMENT":"f.5AF93869D51CACD0ED0B7A3F3CCEB8C6.d.D45CE9780A4D4816A0977AAA03B5D2BA.e.2283"}]}
COMMAND: GET /session/a995b82d0df1730148f5e6c1edf10a41/screenshot - {}
RESULT: {}
RESULT: {"script":"<script> [5351 bytes]","args":[{"element-6066-11e4-a52e-4f735466cecf":"f.5AF93869D51CACD0ED0B7A3F3CCEB8C6.d.D45CE9780A4D4816A0977AAA03B5D2BA.e.2283","ELEMENT":"f.5AF93869D51CACD0ED0B7A3F3CCEB8C6.d.D45CE9780A4D4816A0977AAA03B5D2BA.e.2283"}]}
COMMAND: POST /session/a995b82d0df1730148f5e6c1edf10a41/element/f.5AF93869D51CACD0ED0B7A3F3CCEB8C6.d.D45CE9780A4D4816A0977AAA03B5D2BA.e.2283/click - {}
COMMAND: GET /session/a995b82d0df1730148f5e6c1edf10a41/screenshot - {}
RESULT: {}
RESULT: {}
COMMAND: GET /session/a995b82d0df1730148f5e6c1edf10a41/screenshot - {}
COMMAND: POST /session/a995b82d0df1730148f5e6c1edf10a41/element - {"using":"xpath","value":"//input[@id=\"application-manageyards-display-component---NewYard--yardId-inner\"]"}
RESULT: {}
RESULT: {}
RESULT: {"using":"xpath","value":"//input[@id=\"application-manageyards-display-component---NewYard--yardId-inner\"]"}
COMMAND: POST /session/a995b82d0df1730148f5e6c1edf10a41/element - {"using":"xpath","value":"//input[@id=\"application-manageyards-display-component---NewYard--yardId-inner\"]"}
RESULT: {"using":"xpath","value":"//input[@id=\"application-manageyards-display-component---NewYard--yardId-inner\"]"}
COMMAND: POST /session/a995b82d0df1730148f5e6c1edf10a41/execute/async - {"script":"<script> [1562 bytes]","args":[{"selector":{"id":"application-manageyards-display-component---NewYard--addressDetailDetailsName1","interaction":{"idSuffix":"inner"}},"wdio_ui5_key":"applicationmanageyards-display-component---NewYard--addressDetailDetailsName1"}]}
RESULT: {"script":"<script> [1562 bytes]","args":[{"selector":{"id":"application-manageyards-display-component---NewYard--addressDetailDetailsName1","interaction":{"idSuffix":"inner"}},"wdio_ui5_key":"applicationmanageyards-display-component---NewYard--addressDetailDetailsName1"}]}
RESULT: undefined
COMMAND: POST /session/a995b82d0df1730148f5e6c1edf10a41/execute/async - {"script":"<script> [776 bytes]","args":[{"enterText":"Intercompany Yard wdIO","selector":{"id":"application-manageyards-display-component---NewYard--addressDetailDetailsName1","interaction":{"idSuffix":"inner"}},"clearTextFirst":true,"interactionType":"ENTER_TEXT"}]}
RESULT: {"script":"<script> [776 bytes]","args":[{"enterText":"Intercompany Yard wdIO","selector":{"id":"application-manageyards-display-component---NewYard--addressDetailDetailsName1","interaction":{"idSuffix":"inner"}},"clearTextFirst":true,"interactionType":"ENTER_TEXT"}]}
COMMAND: POST /session/a995b82d0df1730148f5e6c1edf10a41/execute/async - {"script":"<script> [1562 bytes]","args":[{"selector":{"id":"application-manageyards-display-component---NewYard--addressDetailDetailsLanguage-arrow"},"wdio_ui5_key":"applicationmanageyards-display-component---NewYard--addressDetailDetailsLanguage-arrow"}]}
RESULT: {"script":"<script> [1562 bytes]","args":[{"selector":{"id":"application-manageyards-display-component---NewYard--addressDetailDetailsLanguage-arrow"},"wdio_ui5_key":"applicationmanageyards-display-component---NewYard--addressDetailDetailsLanguage-arrow"}]}
RESULT: undefined
COMMAND: POST /session/a995b82d0df1730148f5e6c1edf10a41/element - {"using":"xpath","value":"//*[@id=\"application-manageyards-display-component---NewYard--addressDetailDetailsLanguage-arrow\"]"}
RESULT: {"using":"xpath","value":"//*[@id=\"application-manageyards-display-component---NewYard--addressDetailDetailsLanguage-arrow\"]"}
COMMAND: POST /session/a995b82d0df1730148f5e6c1edf10a41/element/f.5AF93869D51CACD0ED0B7A3F3CCEB8C6.d.D45CE9780A4D4816A0977AAA03B5D2BA.e.2717/click - {}
RESULT: {}
COMMAND: POST /session/a995b82d0df1730148f5e6c1edf10a41/element - {"using":"xpath","value":"//span[contains(text(), \"English\")]"}
COMMAND: GET /session/a995b82d0df1730148f5e6c1edf10a41/screenshot - {}
RESULT: {"using":"xpath","value":"//span[contains(text(), \"English\")]"}
COMMAND: POST /session/a995b82d0df1730148f5e6c1edf10a41/element/f.5AF93869D51CACD0ED0B7A3F3CCEB8C6.d.D45CE9780A4D4816A0977AAA03B5D2BA.e.2718/click - {}
RESULT: {}
RESULT: {}
COMMAND: POST /session/a995b82d0df1730148f5e6c1edf10a41/execute/async - {"script":"<script> [1562 bytes]","args":[{"selector":{"id":"application-manageyards-display-component---NewYard--addressDetailDetailsCity1","interaction":{"idSuffix":"inner"}},"wdio_ui5_key":"applicationmanageyards-display-component---NewYard--addressDetailDetailsCity1"}]}
COMMAND: GET /session/a995b82d0df1730148f5e6c1edf10a41/screenshot - {}
RESULT: {"script":"<script> [1562 bytes]","args":[{"selector":{"id":"application-manageyards-display-component---NewYard--addressDetailDetailsCity1","interaction":{"idSuffix":"inner"}},"wdio_ui5_key":"applicationmanageyards-display-component---NewYard--addressDetailDetailsCity1"}]}
RESULT: undefined
COMMAND: POST /session/a995b82d0df1730148f5e6c1edf10a41/execute/async - {"script":"<script> [776 bytes]","args":[{"enterText":"Rosario","selector":{"id":"application-manageyards-display-component---NewYard--addressDetailDetailsCity1","interaction":{"idSuffix":"inner"}},"clearTextFirst":true,"interactionType":"ENTER_TEXT"}]}
RESULT: {}
RESULT: {"script":"<script> [776 bytes]","args":[{"enterText":"Rosario","selector":{"id":"application-manageyards-display-component---NewYard--addressDetailDetailsCity1","interaction":{"idSuffix":"inner"}},"clearTextFirst":true,"interactionType":"ENTER_TEXT"}]}
COMMAND: POST /session/a995b82d0df1730148f5e6c1edf10a41/execute/async - {"script":"<script> [1562 bytes]","args":[{"selector":{"id":"application-manageyards-display-component---NewYard--addressDetailDetailsCountry-arrow"},"wdio_ui5_key":"applicationmanageyards-display-component---NewYard--addressDetailDetailsCountry-arrow"}]}
RESULT: {"script":"<script> [1562 bytes]","args":[{"selector":{"id":"application-manageyards-display-component---NewYard--addressDetailDetailsCountry-arrow"},"wdio_ui5_key":"applicationmanageyards-display-component---NewYard--addressDetailDetailsCountry-arrow"}]}
RESULT: undefined
COMMAND: POST /session/a995b82d0df1730148f5e6c1edf10a41/element - {"using":"xpath","value":"//*[@id=\"application-manageyards-display-component---NewYard--addressDetailDetailsCountry-arrow\"]"}
RESULT: {"using":"xpath","value":"//*[@id=\"application-manageyards-display-component---NewYard--addressDetailDetailsCountry-arrow\"]"}
COMMAND: POST /session/a995b82d0df1730148f5e6c1edf10a41/element/f.5AF93869D51CACD0ED0B7A3F3CCEB8C6.d.D45CE9780A4D4816A0977AAA03B5D2BA.e.2720/click - {}
RESULT: {}
COMMAND: POST /session/a995b82d0df1730148f5e6c1edf10a41/element - {"using":"xpath","value":"//span[contains(text(), \"Argentina\")]"}
COMMAND: GET /session/a995b82d0df1730148f5e6c1edf10a41/screenshot - {}
RESULT: {"using":"xpath","value":"//span[contains(text(), \"Argentina\")]"}
COMMAND: POST /session/a995b82d0df1730148f5e6c1edf10a41/element/f.5AF93869D51CACD0ED0B7A3F3CCEB8C6.d.D45CE9780A4D4816A0977AAA03B5D2BA.e.2722/click - {}
RESULT: {}
RESULT: {}
COMMAND: POST /session/a995b82d0df1730148f5e6c1edf10a41/execute/async - {"script":"<script> [1562 bytes]","args":[{"selector":{"id":"application-manageyards-display-component---NewYard--addressEditDetailsCostObjectCstType-arrow"},"wdio_ui5_key":"applicationmanageyards-display-component---NewYard--addressEditDetailsCostObjectCstType-arrow"}]}
COMMAND: GET /session/a995b82d0df1730148f5e6c1edf10a41/screenshot - {}
RESULT: {"script":"<script> [1562 bytes]","args":[{"selector":{"id":"application-manageyards-display-component---NewYard--addressEditDetailsCostObjectCstType-arrow"},"wdio_ui5_key":"applicationmanageyards-display-component---NewYard--addressEditDetailsCostObjectCstType-arrow"}]}
RESULT: undefined
COMMAND: POST /session/a995b82d0df1730148f5e6c1edf10a41/element - {"using":"xpath","value":"//*[@id=\"application-manageyards-display-component---NewYard--addressEditDetailsCostObjectCstType-arrow\"]"}
RESULT: {}
RESULT: {"using":"xpath","value":"//*[@id=\"application-manageyards-display-component---NewYard--addressEditDetailsCostObjectCstType-arrow\"]"}
COMMAND: POST /session/a995b82d0df1730148f5e6c1edf10a41/element/f.5AF93869D51CACD0ED0B7A3F3CCEB8C6.d.D45CE9780A4D4816A0977AAA03B5D2BA.e.2723/click - {}
RESULT: {}
COMMAND: POST /session/a995b82d0df1730148f5e6c1edf10a41/element - {"using":"xpath","value":"//span[contains(text(), \"Cost Center\")]"}
COMMAND: GET /session/a995b82d0df1730148f5e6c1edf10a41/screenshot - {}
RESULT: {"using":"xpath","value":"//span[contains(text(), \"Cost Center\")]"}
COMMAND: POST /session/a995b82d0df1730148f5e6c1edf10a41/element/f.5AF93869D51CACD0ED0B7A3F3CCEB8C6.d.D45CE9780A4D4816A0977AAA03B5D2BA.e.2724/click - {}
RESULT: {}
RESULT: {}
COMMAND: GET /session/a995b82d0df1730148f5e6c1edf10a41/screenshot - {}
RESULT: {}
COMMAND: POST /session/a995b82d0df1730148f5e6c1edf10a41/element - {"using":"xpath","value":"//span[@id=\"application-manageyards-display-component---NewYard--addressNewCostObjectCstID-vhi\"]"}
RESULT: {"using":"xpath","value":"//span[@id=\"application-manageyards-display-component---NewYard--addressNewCostObjectCstID-vhi\"]"}
COMMAND: POST /session/a995b82d0df1730148f5e6c1edf10a41/execute/sync - {"script":"<script> [8489 bytes]","args":[{"element-6066-11e4-a52e-4f735466cecf":"f.5AF93869D51CACD0ED0B7A3F3CCEB8C6.d.D45CE9780A4D4816A0977AAA03B5D2BA.e.2728","ELEMENT":"f.5AF93869D51CACD0ED0B7A3F3CCEB8C6.d.D45CE9780A4D4816A0977AAA03B5D2BA.e.2728"}]}
RESULT: {"script":"<script> [8489 bytes]","args":[{"element-6066-11e4-a52e-4f735466cecf":"f.5AF93869D51CACD0ED0B7A3F3CCEB8C6.d.D45CE9780A4D4816A0977AAA03B5D2BA.e.2728","ELEMENT":"f.5AF93869D51CACD0ED0B7A3F3CCEB8C6.d.D45CE9780A4D4816A0977AAA03B5D2BA.e.2728"}]}
COMMAND: POST /session/a995b82d0df1730148f5e6c1edf10a41/execute/async - {"script":"<script> [1562 bytes]","args":[{"selector":{"id":"application-manageyards-display-component---NewYard--addressNewCostObjectCstID-vhi"},"wdio_ui5_key":"applicationmanageyards-display-component---NewYard--addressNewCostObjectCstID-vhi"}]}
COMMAND: GET /session/a995b82d0df1730148f5e6c1edf10a41/screenshot - {}
RESULT: {"script":"<script> [1562 bytes]","args":[{"selector":{"id":"application-manageyards-display-component---NewYard--addressNewCostObjectCstID-vhi"},"wdio_ui5_key":"applicationmanageyards-display-component---NewYard--addressNewCostObjectCstID-vhi"}]}
RESULT: undefined
COMMAND: POST /session/a995b82d0df1730148f5e6c1edf10a41/element - {"using":"xpath","value":"//*[@id=\"application-manageyards-display-component---NewYard--addressNewCostObjectCstID-vhi\"]"}
RESULT: {}
RESULT: {"using":"xpath","value":"//*[@id=\"application-manageyards-display-component---NewYard--addressNewCostObjectCstID-vhi\"]"}
COMMAND: POST /session/a995b82d0df1730148f5e6c1edf10a41/element/f.5AF93869D51CACD0ED0B7A3F3CCEB8C6.d.D45CE9780A4D4816A0977AAA03B5D2BA.e.2728/click - {}
RESULT: {}
COMMAND: GET /session/a995b82d0df1730148f5e6c1edf10a41/screenshot - {}
RESULT: {}
COMMAND: POST /session/a995b82d0df1730148f5e6c1edf10a41/execute/async - {"script":"<script> [1562 bytes]","args":[{"selector":{"controlType":"sap.m.SearchField","properties":{"placeholder":"Search"},"searchOpenDialogs":true,"interaction":{"idSuffix":"I"}},"wdio_ui5_key":"sapm.SearchField{\"placeholder\":\"Search\"}"}]}
RESULT: {"script":"<script> [1562 bytes]","args":[{"selector":{"controlType":"sap.m.SearchField","properties":{"placeholder":"Search"},"searchOpenDialogs":true,"interaction":{"idSuffix":"I"}},"wdio_ui5_key":"sapm.SearchField{\"placeholder\":\"Search\"}"}]}
RESULT: undefined
COMMAND: POST /session/a995b82d0df1730148f5e6c1edf10a41/execute/async - {"script":"<script> [776 bytes]","args":[{"enterText":"bauh_b","selector":{"controlType":"sap.m.SearchField","properties":{"placeholder":"Search"},"searchOpenDialogs":true,"interaction":{"idSuffix":"I"}},"clearTextFirst":true,"interactionType":"ENTER_TEXT"}]}
RESULT: {"script":"<script> [776 bytes]","args":[{"enterText":"bauh_b","selector":{"controlType":"sap.m.SearchField","properties":{"placeholder":"Search"},"searchOpenDialogs":true,"interaction":{"idSuffix":"I"}},"clearTextFirst":true,"interactionType":"ENTER_TEXT"}]}
COMMAND: POST /session/a995b82d0df1730148f5e6c1edf10a41/actions - {"actions":[{"id":"action1","type":"key","parameters":{},"actions":[{"type":"keyDown","value":""},{"type":"pause","duration":10},{"type":"keyUp","value":""}]}]}
RESULT: {"actions":[{"id":"action1","type":"key","parameters":{},"actions":[{"type":"keyDown","value":""},{"type":"pause","duration":10},{"type":"keyUp","value":""}]}]}
COMMAND: GET /session/a995b82d0df1730148f5e6c1edf10a41/screenshot - {}
RESULT: {}
COMMAND: POST /session/a995b82d0df1730148f5e6c1edf10a41/element - {"using":"xpath","value":"//span[contains(text(), \"Demo Yard\")]"}
RESULT: {"using":"xpath","value":"//span[contains(text(), \"Demo Yard\")]"}
COMMAND: POST /session/a995b82d0df1730148f5e6c1edf10a41/element/f.5AF93869D51CACD0ED0B7A3F3CCEB8C6.d.D45CE9780A4D4816A0977AAA03B5D2BA.e.2771/click - {}
RESULT: {}
COMMAND: GET /session/a995b82d0df1730148f5e6c1edf10a41/screenshot - {}
RESULT: {}
COMMAND: POST /session/a995b82d0df1730148f5e6c1edf10a41/element - {"using":"xpath","value":"//bdi[contains(text(), \"OK\")]"}
RESULT: {"using":"xpath","value":"//bdi[contains(text(), \"OK\")]"}
COMMAND: POST /session/a995b82d0df1730148f5e6c1edf10a41/element/f.5AF93869D51CACD0ED0B7A3F3CCEB8C6.d.D45CE9780A4D4816A0977AAA03B5D2BA.e.2772/click - {}
RESULT: {}
COMMAND: GET /session/a995b82d0df1730148f5e6c1edf10a41/screenshot - {}
RESULT: {}
COMMAND: POST /session/a995b82d0df1730148f5e6c1edf10a41/execute/async - {"script":"<script> [1562 bytes]","args":[{"selector":{"id":"application-manageyards-display-component---NewYard--addressEditDetailsCurrency-arrow"},"wdio_ui5_key":"applicationmanageyards-display-component---NewYard--addressEditDetailsCurrency-arrow"}]}
RESULT: {"script":"<script> [1562 bytes]","args":[{"selector":{"id":"application-manageyards-display-component---NewYard--addressEditDetailsCurrency-arrow"},"wdio_ui5_key":"applicationmanageyards-display-component---NewYard--addressEditDetailsCurrency-arrow"}]}
RESULT: undefined
COMMAND: POST /session/a995b82d0df1730148f5e6c1edf10a41/element - {"using":"xpath","value":"//*[@id=\"application-manageyards-display-component---NewYard--addressEditDetailsCurrency-arrow\"]"}
RESULT: {"using":"xpath","value":"//*[@id=\"application-manageyards-display-component---NewYard--addressEditDetailsCurrency-arrow\"]"}
COMMAND: POST /session/a995b82d0df1730148f5e6c1edf10a41/element/f.5AF93869D51CACD0ED0B7A3F3CCEB8C6.d.D45CE9780A4D4816A0977AAA03B5D2BA.e.2775/click - {}
RESULT: {}
COMMAND: POST /session/a995b82d0df1730148f5e6c1edf10a41/element - {"using":"xpath","value":"//span[contains(text(), \"Euro\")]"}
COMMAND: GET /session/a995b82d0df1730148f5e6c1edf10a41/screenshot - {}
RESULT: {"using":"xpath","value":"//span[contains(text(), \"Euro\")]"}
COMMAND: POST /session/a995b82d0df1730148f5e6c1edf10a41/element/f.5AF93869D51CACD0ED0B7A3F3CCEB8C6.d.D45CE9780A4D4816A0977AAA03B5D2BA.e.2776/click - {}
RESULT: {}
RESULT: {}
COMMAND: POST /session/a995b82d0df1730148f5e6c1edf10a41/execute/async - {"script":"<script> [1562 bytes]","args":[{"selector":{"controlType":"sap.m.Input","viewName":"etm.portal.ui.manageyards.view.New","viewId":"application-manageyards-display-component---NewYard","bindingPath":{"path":"","propertyPath":"/CONTROLLING_AREA","modelName":"NewYardModel"},"interaction":{"idSuffix":"inner"}},"wdio_ui5_key":"etmportal.ui.manageyards.view.Newsap.m.Input{\"path\":\"\",\"propertyPath\":\"/CONTROLLING_AREA\",\"modelName\":\"NewYardModel\"}"}]}
COMMAND: GET /session/a995b82d0df1730148f5e6c1edf10a41/screenshot - {}
RESULT: {"script":"<script> [1562 bytes]","args":[{"selector":{"controlType":"sap.m.Input","viewName":"etm.portal.ui.manageyards.view.New","viewId":"application-manageyards-display-component---NewYard","bindingPath":{"path":"","propertyPath":"/CONTROLLING_AREA","modelName":"NewYardModel"},"interaction":{"idSuffix":"inner"}},"wdio_ui5_key":"etmportal.ui.manageyards.view.Newsap.m.Input{\"path\":\"\",\"propertyPath\":\"/CONTROLLING_AREA\",\"modelName\":\"NewYardModel\"}"}]}
RESULT: undefined
COMMAND: POST /session/a995b82d0df1730148f5e6c1edf10a41/execute/async - {"script":"<script> [776 bytes]","args":[{"enterText":"Z001","selector":{"controlType":"sap.m.Input","viewName":"etm.portal.ui.manageyards.view.New","viewId":"application-manageyards-display-component---NewYard","bindingPath":{"path":"","propertyPath":"/CONTROLLING_AREA","modelName":"NewYardModel"},"interaction":{"idSuffix":"inner"}},"clearTextFirst":true,"interactionType":"ENTER_TEXT"}]}
RESULT: {}
RESULT: {"script":"<script> [776 bytes]","args":[{"enterText":"Z001","selector":{"controlType":"sap.m.Input","viewName":"etm.portal.ui.manageyards.view.New","viewId":"application-manageyards-display-component---NewYard","bindingPath":{"path":"","propertyPath":"/CONTROLLING_AREA","modelName":"NewYardModel"},"interaction":{"idSuffix":"inner"}},"clearTextFirst":true,"interactionType":"ENTER_TEXT"}]}
COMMAND: POST /session/a995b82d0df1730148f5e6c1edf10a41/execute/async - {"script":"<script> [1562 bytes]","args":[{"selector":{"id":"application-manageyards-display-component---NewYard--companyCodeComboBox","interaction":{"idSuffix":"inner"}},"wdio_ui5_key":"applicationmanageyards-display-component---NewYard--companyCodeComboBox"}]}
RESULT: {"script":"<script> [1562 bytes]","args":[{"selector":{"id":"application-manageyards-display-component---NewYard--companyCodeComboBox","interaction":{"idSuffix":"inner"}},"wdio_ui5_key":"applicationmanageyards-display-component---NewYard--companyCodeComboBox"}]}
RESULT: undefined
COMMAND: POST /session/a995b82d0df1730148f5e6c1edf10a41/execute/async - {"script":"<script> [776 bytes]","args":[{"enterText":"1000","selector":{"id":"application-manageyards-display-component---NewYard--companyCodeComboBox","interaction":{"idSuffix":"inner"}},"clearTextFirst":true,"interactionType":"ENTER_TEXT"}]}
RESULT: {"script":"<script> [776 bytes]","args":[{"enterText":"1000","selector":{"id":"application-manageyards-display-component---NewYard--companyCodeComboBox","interaction":{"idSuffix":"inner"}},"clearTextFirst":true,"interactionType":"ENTER_TEXT"}]}
COMMAND: POST /session/a995b82d0df1730148f5e6c1edf10a41/execute/async - {"script":"<script> [1562 bytes]","args":[{"selector":{"controlType":"sap.m.Input","viewName":"etm.portal.ui.manageyards.view.New","viewId":"application-manageyards-display-component---NewYard","bindingPath":{"path":"","propertyPath":"/PLANT","modelName":"NewYardModel"},"interaction":{"idSuffix":"inner"}},"wdio_ui5_key":"etmportal.ui.manageyards.view.Newsap.m.Input{\"path\":\"\",\"propertyPath\":\"/PLANT\",\"modelName\":\"NewYardModel\"}"}]}
RESULT: {"script":"<script> [1562 bytes]","args":[{"selector":{"controlType":"sap.m.Input","viewName":"etm.portal.ui.manageyards.view.New","viewId":"application-manageyards-display-component---NewYard","bindingPath":{"path":"","propertyPath":"/PLANT","modelName":"NewYardModel"},"interaction":{"idSuffix":"inner"}},"wdio_ui5_key":"etmportal.ui.manageyards.view.Newsap.m.Input{\"path\":\"\",\"propertyPath\":\"/PLANT\",\"modelName\":\"NewYardModel\"}"}]}
RESULT: undefined
COMMAND: POST /session/a995b82d0df1730148f5e6c1edf10a41/execute/async - {"script":"<script> [776 bytes]","args":[{"enterText":"1001","selector":{"controlType":"sap.m.Input","viewName":"etm.portal.ui.manageyards.view.New","viewId":"application-manageyards-display-component---NewYard","bindingPath":{"path":"","propertyPath":"/PLANT","modelName":"NewYardModel"},"interaction":{"idSuffix":"inner"}},"clearTextFirst":true,"interactionType":"ENTER_TEXT"}]}
RESULT: {"script":"<script> [776 bytes]","args":[{"enterText":"1001","selector":{"controlType":"sap.m.Input","viewName":"etm.portal.ui.manageyards.view.New","viewId":"application-manageyards-display-component---NewYard","bindingPath":{"path":"","propertyPath":"/PLANT","modelName":"NewYardModel"},"interaction":{"idSuffix":"inner"}},"clearTextFirst":true,"interactionType":"ENTER_TEXT"}]}
COMMAND: POST /session/a995b82d0df1730148f5e6c1edf10a41/execute/async - {"script":"<script> [1562 bytes]","args":[{"selector":{"controlType":"sap.m.Input","viewName":"etm.portal.ui.manageyards.view.New","viewId":"application-manageyards-display-component---NewYard","bindingPath":{"path":"","propertyPath":"/SALES_AREA_VKORG","modelName":"NewYardModel"},"interaction":{"idSuffix":"inner"}},"wdio_ui5_key":"etmportal.ui.manageyards.view.Newsap.m.Input{\"path\":\"\",\"propertyPath\":\"/SALES_AREA_VKORG\",\"modelName\":\"NewYardModel\"}"}]}
RESULT: {"script":"<script> [1562 bytes]","args":[{"selector":{"controlType":"sap.m.Input","viewName":"etm.portal.ui.manageyards.view.New","viewId":"application-manageyards-display-component---NewYard","bindingPath":{"path":"","propertyPath":"/SALES_AREA_VKORG","modelName":"NewYardModel"},"interaction":{"idSuffix":"inner"}},"wdio_ui5_key":"etmportal.ui.manageyards.view.Newsap.m.Input{\"path\":\"\",\"propertyPath\":\"/SALES_AREA_VKORG\",\"modelName\":\"NewYardModel\"}"}]}
RESULT: undefined
COMMAND: POST /session/a995b82d0df1730148f5e6c1edf10a41/execute/async - {"script":"<script> [776 bytes]","args":[{"enterText":"C002","selector":{"controlType":"sap.m.Input","viewName":"etm.portal.ui.manageyards.view.New","viewId":"application-manageyards-display-component---NewYard","bindingPath":{"path":"","propertyPath":"/SALES_AREA_VKORG","modelName":"NewYardModel"},"interaction":{"idSuffix":"inner"}},"clearTextFirst":true,"interactionType":"ENTER_TEXT"}]}
RESULT: {"script":"<script> [776 bytes]","args":[{"enterText":"C002","selector":{"controlType":"sap.m.Input","viewName":"etm.portal.ui.manageyards.view.New","viewId":"application-manageyards-display-component---NewYard","bindingPath":{"path":"","propertyPath":"/SALES_AREA_VKORG","modelName":"NewYardModel"},"interaction":{"idSuffix":"inner"}},"clearTextFirst":true,"interactionType":"ENTER_TEXT"}]}
COMMAND: POST /session/a995b82d0df1730148f5e6c1edf10a41/execute/async - {"script":"<script> [1562 bytes]","args":[{"selector":{"controlType":"sap.m.Input","viewName":"etm.portal.ui.manageyards.view.New","viewId":"application-manageyards-display-component---NewYard","bindingPath":{"path":"","propertyPath":"/SALES_AREA_VTWEG","modelName":"NewYardModel"},"interaction":{"idSuffix":"inner"}},"wdio_ui5_key":"etmportal.ui.manageyards.view.Newsap.m.Input{\"path\":\"\",\"propertyPath\":\"/SALES_AREA_VTWEG\",\"modelName\":\"NewYardModel\"}"}]}
RESULT: {"script":"<script> [1562 bytes]","args":[{"selector":{"controlType":"sap.m.Input","viewName":"etm.portal.ui.manageyards.view.New","viewId":"application-manageyards-display-component---NewYard","bindingPath":{"path":"","propertyPath":"/SALES_AREA_VTWEG","modelName":"NewYardModel"},"interaction":{"idSuffix":"inner"}},"wdio_ui5_key":"etmportal.ui.manageyards.view.Newsap.m.Input{\"path\":\"\",\"propertyPath\":\"/SALES_AREA_VTWEG\",\"modelName\":\"NewYardModel\"}"}]}
RESULT: undefined
COMMAND: POST /session/a995b82d0df1730148f5e6c1edf10a41/execute/async - {"script":"<script> [776 bytes]","args":[{"enterText":"C2","selector":{"controlType":"sap.m.Input","viewName":"etm.portal.ui.manageyards.view.New","viewId":"application-manageyards-display-component---NewYard","bindingPath":{"path":"","propertyPath":"/SALES_AREA_VTWEG","modelName":"NewYardModel"},"interaction":{"idSuffix":"inner"}},"clearTextFirst":true,"interactionType":"ENTER_TEXT"}]}
RESULT: {"script":"<script> [776 bytes]","args":[{"enterText":"C2","selector":{"controlType":"sap.m.Input","viewName":"etm.portal.ui.manageyards.view.New","viewId":"application-manageyards-display-component---NewYard","bindingPath":{"path":"","propertyPath":"/SALES_AREA_VTWEG","modelName":"NewYardModel"},"interaction":{"idSuffix":"inner"}},"clearTextFirst":true,"interactionType":"ENTER_TEXT"}]}
COMMAND: POST /session/a995b82d0df1730148f5e6c1edf10a41/execute/async - {"script":"<script> [1562 bytes]","args":[{"selector":{"controlType":"sap.m.Input","viewName":"etm.portal.ui.manageyards.view.New","viewId":"application-manageyards-display-component---NewYard","bindingPath":{"path":"","propertyPath":"/SALES_AREA_SPART","modelName":"NewYardModel"},"interaction":{"idSuffix":"inner"}},"wdio_ui5_key":"etmportal.ui.manageyards.view.Newsap.m.Input{\"path\":\"\",\"propertyPath\":\"/SALES_AREA_SPART\",\"modelName\":\"NewYardModel\"}"}]}
RESULT: {"script":"<script> [1562 bytes]","args":[{"selector":{"controlType":"sap.m.Input","viewName":"etm.portal.ui.manageyards.view.New","viewId":"application-manageyards-display-component---NewYard","bindingPath":{"path":"","propertyPath":"/SALES_AREA_SPART","modelName":"NewYardModel"},"interaction":{"idSuffix":"inner"}},"wdio_ui5_key":"etmportal.ui.manageyards.view.Newsap.m.Input{\"path\":\"\",\"propertyPath\":\"/SALES_AREA_SPART\",\"modelName\":\"NewYardModel\"}"}]}
RESULT: undefined
COMMAND: POST /session/a995b82d0df1730148f5e6c1edf10a41/execute/async - {"script":"<script> [776 bytes]","args":[{"enterText":"C2","selector":{"controlType":"sap.m.Input","viewName":"etm.portal.ui.manageyards.view.New","viewId":"application-manageyards-display-component---NewYard","bindingPath":{"path":"","propertyPath":"/SALES_AREA_SPART","modelName":"NewYardModel"},"interaction":{"idSuffix":"inner"}},"clearTextFirst":true,"interactionType":"ENTER_TEXT"}]}
RESULT: {"script":"<script> [776 bytes]","args":[{"enterText":"C2","selector":{"controlType":"sap.m.Input","viewName":"etm.portal.ui.manageyards.view.New","viewId":"application-manageyards-display-component---NewYard","bindingPath":{"path":"","propertyPath":"/SALES_AREA_SPART","modelName":"NewYardModel"},"interaction":{"idSuffix":"inner"}},"clearTextFirst":true,"interactionType":"ENTER_TEXT"}]}
COMMAND: POST /session/a995b82d0df1730148f5e6c1edf10a41/execute/async - {"script":"<script> [1562 bytes]","args":[{"selector":{"controlType":"sap.m.Input","viewName":"etm.portal.ui.manageyards.view.New","viewId":"application-manageyards-display-component---NewYard","bindingPath":{"path":"","propertyPath":"/SHIP_POINT","modelName":"NewYardModel"},"interaction":{"idSuffix":"inner"}},"wdio_ui5_key":"etmportal.ui.manageyards.view.Newsap.m.Input{\"path\":\"\",\"propertyPath\":\"/SHIP_POINT\",\"modelName\":\"NewYardModel\"}"}]}
RESULT: {"script":"<script> [1562 bytes]","args":[{"selector":{"controlType":"sap.m.Input","viewName":"etm.portal.ui.manageyards.view.New","viewId":"application-manageyards-display-component---NewYard","bindingPath":{"path":"","propertyPath":"/SHIP_POINT","modelName":"NewYardModel"},"interaction":{"idSuffix":"inner"}},"wdio_ui5_key":"etmportal.ui.manageyards.view.Newsap.m.Input{\"path\":\"\",\"propertyPath\":\"/SHIP_POINT\",\"modelName\":\"NewYardModel\"}"}]}
RESULT: undefined
COMMAND: POST /session/a995b82d0df1730148f5e6c1edf10a41/execute/async - {"script":"<script> [776 bytes]","args":[{"enterText":"1710","selector":{"controlType":"sap.m.Input","viewName":"etm.portal.ui.manageyards.view.New","viewId":"application-manageyards-display-component---NewYard","bindingPath":{"path":"","propertyPath":"/SHIP_POINT","modelName":"NewYardModel"},"interaction":{"idSuffix":"inner"}},"clearTextFirst":true,"interactionType":"ENTER_TEXT"}]}
RESULT: {"script":"<script> [776 bytes]","args":[{"enterText":"1710","selector":{"controlType":"sap.m.Input","viewName":"etm.portal.ui.manageyards.view.New","viewId":"application-manageyards-display-component---NewYard","bindingPath":{"path":"","propertyPath":"/SHIP_POINT","modelName":"NewYardModel"},"interaction":{"idSuffix":"inner"}},"clearTextFirst":true,"interactionType":"ENTER_TEXT"}]}
COMMAND: POST /session/a995b82d0df1730148f5e6c1edf10a41/execute/async - {"script":"<script> [1562 bytes]","args":[{"selector":{"controlType":"sap.m.Input","viewName":"etm.portal.ui.manageyards.view.New","viewId":"application-manageyards-display-component---NewYard","bindingPath":{"path":"","propertyPath":"/DELIVERY_TYPE","modelName":"NewYardModel"},"interaction":{"idSuffix":"inner"}},"wdio_ui5_key":"etmportal.ui.manageyards.view.Newsap.m.Input{\"path\":\"\",\"propertyPath\":\"/DELIVERY_TYPE\",\"modelName\":\"NewYardModel\"}"}]}
RESULT: {"script":"<script> [1562 bytes]","args":[{"selector":{"controlType":"sap.m.Input","viewName":"etm.portal.ui.manageyards.view.New","viewId":"application-manageyards-display-component---NewYard","bindingPath":{"path":"","propertyPath":"/DELIVERY_TYPE","modelName":"NewYardModel"},"interaction":{"idSuffix":"inner"}},"wdio_ui5_key":"etmportal.ui.manageyards.view.Newsap.m.Input{\"path\":\"\",\"propertyPath\":\"/DELIVERY_TYPE\",\"modelName\":\"NewYardModel\"}"}]}
RESULT: undefined
COMMAND: POST /session/a995b82d0df1730148f5e6c1edf10a41/execute/async - {"script":"<script> [776 bytes]","args":[{"enterText":"ZL01","selector":{"controlType":"sap.m.Input","viewName":"etm.portal.ui.manageyards.view.New","viewId":"application-manageyards-display-component---NewYard","bindingPath":{"path":"","propertyPath":"/DELIVERY_TYPE","modelName":"NewYardModel"},"interaction":{"idSuffix":"inner"}},"clearTextFirst":true,"interactionType":"ENTER_TEXT"}]}
RESULT: {"script":"<script> [776 bytes]","args":[{"enterText":"ZL01","selector":{"controlType":"sap.m.Input","viewName":"etm.portal.ui.manageyards.view.New","viewId":"application-manageyards-display-component---NewYard","bindingPath":{"path":"","propertyPath":"/DELIVERY_TYPE","modelName":"NewYardModel"},"interaction":{"idSuffix":"inner"}},"clearTextFirst":true,"interactionType":"ENTER_TEXT"}]}
COMMAND: POST /session/a995b82d0df1730148f5e6c1edf10a41/execute/async - {"script":"<script> [1562 bytes]","args":[{"selector":{"controlType":"sap.m.Input","viewName":"etm.portal.ui.manageyards.view.New","viewId":"application-manageyards-display-component---NewYard","bindingPath":{"path":"","propertyPath":"/AUART","modelName":"NewYardModel"},"interaction":{"idSuffix":"inner"}},"wdio_ui5_key":"etmportal.ui.manageyards.view.Newsap.m.Input{\"path\":\"\",\"propertyPath\":\"/AUART\",\"modelName\":\"NewYardModel\"}"}]}
RESULT: {"script":"<script> [1562 bytes]","args":[{"selector":{"controlType":"sap.m.Input","viewName":"etm.portal.ui.manageyards.view.New","viewId":"application-manageyards-display-component---NewYard","bindingPath":{"path":"","propertyPath":"/AUART","modelName":"NewYardModel"},"interaction":{"idSuffix":"inner"}},"wdio_ui5_key":"etmportal.ui.manageyards.view.Newsap.m.Input{\"path\":\"\",\"propertyPath\":\"/AUART\",\"modelName\":\"NewYardModel\"}"}]}
RESULT: undefined
COMMAND: POST /session/a995b82d0df1730148f5e6c1edf10a41/execute/async - {"script":"<script> [776 bytes]","args":[{"enterText":"TA","selector":{"controlType":"sap.m.Input","viewName":"etm.portal.ui.manageyards.view.New","viewId":"application-manageyards-display-component---NewYard","bindingPath":{"path":"","propertyPath":"/AUART","modelName":"NewYardModel"},"interaction":{"idSuffix":"inner"}},"clearTextFirst":true,"interactionType":"ENTER_TEXT"}]}
RESULT: {"script":"<script> [776 bytes]","args":[{"enterText":"TA","selector":{"controlType":"sap.m.Input","viewName":"etm.portal.ui.manageyards.view.New","viewId":"application-manageyards-display-component---NewYard","bindingPath":{"path":"","propertyPath":"/AUART","modelName":"NewYardModel"},"interaction":{"idSuffix":"inner"}},"clearTextFirst":true,"interactionType":"ENTER_TEXT"}]}
COMMAND: POST /session/a995b82d0df1730148f5e6c1edf10a41/element - {"using":"xpath","value":"//button[@data-kt=\"newYardSaveButton\"]"}
RESULT: {"using":"xpath","value":"//button[@data-kt=\"newYardSaveButton\"]"}
COMMAND: POST /session/a995b82d0df1730148f5e6c1edf10a41/element/f.5AF93869D51CACD0ED0B7A3F3CCEB8C6.d.D45CE9780A4D4816A0977AAA03B5D2BA.e.2702/click - {}
RESULT: {}
COMMAND: GET /session/a995b82d0df1730148f5e6c1edf10a41/screenshot - {}
RESULT: {}
COMMAND: POST /session/a995b82d0df1730148f5e6c1edf10a41/element - {"using":"xpath","value":"//header[contains(@id, 'ObjectPageLayout-headerTitle')]/div[1]/div[2]/div[1]/span[1]"}
RESULT: {"using":"xpath","value":"//header[contains(@id, 'ObjectPageLayout-headerTitle')]/div[1]/div[2]/div[1]/span[1]"}
COMMAND: POST /session/a995b82d0df1730148f5e6c1edf10a41/elements - {"using":"xpath","value":"//header[contains(@id, 'ObjectPageLayout-headerTitle')]/div[1]/div[2]/div[1]/span[1]"}
RESULT: {"using":"xpath","value":"//header[contains(@id, 'ObjectPageLayout-headerTitle')]/div[1]/div[2]/div[1]/span[1]"}
COMMAND: POST /session/a995b82d0df1730148f5e6c1edf10a41/execute/sync - {"script":"<script> [56 bytes]","args":[{"element-6066-11e4-a52e-4f735466cecf":"f.5AF93869D51CACD0ED0B7A3F3CCEB8C6.d.D45CE9780A4D4816A0977AAA03B5D2BA.e.2994","ELEMENT":"f.5AF93869D51CACD0ED0B7A3F3CCEB8C6.d.D45CE9780A4D4816A0977AAA03B5D2BA.e.2994"}]}
RESULT: {"script":"<script> [56 bytes]","args":[{"element-6066-11e4-a52e-4f735466cecf":"f.5AF93869D51CACD0ED0B7A3F3CCEB8C6.d.D45CE9780A4D4816A0977AAA03B5D2BA.e.2994","ELEMENT":"f.5AF93869D51CACD0ED0B7A3F3CCEB8C6.d.D45CE9780A4D4816A0977AAA03B5D2BA.e.2994"}]}
COMMAND: GET /session/a995b82d0df1730148f5e6c1edf10a41/screenshot - {}
RESULT: {}
COMMAND: POST /session/a995b82d0df1730148f5e6c1edf10a41/element - {"using":"css selector","value":"#shell-header-logo"}
RESULT: {"using":"css selector","value":"#shell-header-logo"}
COMMAND: POST /session/a995b82d0df1730148f5e6c1edf10a41/element/f.5AF93869D51CACD0ED0B7A3F3CCEB8C6.d.D45CE9780A4D4816A0977AAA03B5D2BA.e.2251/click - {}
RESULT: {}
COMMAND: GET /session/a995b82d0df1730148f5e6c1edf10a41/screenshot - {}
RESULT: {}
COMMAND: POST /session/a995b82d0df1730148f5e6c1edf10a41/execute/sync - {"script":"<script> [299 bytes]","args":[["getModel","getResource"]]}
RESULT: {"script":"<script> [299 bytes]","args":[["getModel","getResource"]]}
COMMAND: GET /session/a995b82d0df1730148f5e6c1edf10a41/screenshot - {}
]]></system-out>
    </testcase>
    <testcase classname="chrome.136_0_7103_93.windows.Billing_Transfer_-_Master_data_&amp;_Intercompany_US127250" name="Should create a new partner" time="158.726">
      <system-out><![CDATA[
COMMAND: POST /session/a995b82d0df1730148f5e6c1edf10a41/window/fullscreen - {}
RESULT: {}
RESULT: {}
COMMAND: POST /session/a995b82d0df1730148f5e6c1edf10a41/execute/async - {"script":"<script> [1562 bytes]","args":[{"selector":{"controlType":"sap.m.GenericTile","properties":{"header":"Manage Partners"}},"wdio_ui5_key":"sapm.GenericTile{\"header\":\"Manage Partners\"}"}]}
RESULT: {"script":"<script> [1562 bytes]","args":[{"selector":{"controlType":"sap.m.GenericTile","properties":{"header":"Manage Partners"}},"wdio_ui5_key":"sapm.GenericTile{\"header\":\"Manage Partners\"}"}]}
RESULT: undefined
COMMAND: POST /session/a995b82d0df1730148f5e6c1edf10a41/element - {"using":"xpath","value":"//*[@id=\"__tile38\"]"}
RESULT: {"using":"xpath","value":"//*[@id=\"__tile38\"]"}
COMMAND: POST /session/a995b82d0df1730148f5e6c1edf10a41/element/f.5AF93869D51CACD0ED0B7A3F3CCEB8C6.d.D45CE9780A4D4816A0977AAA03B5D2BA.e.2141/click - {}
RESULT: {}
COMMAND: GET /session/a995b82d0df1730148f5e6c1edf10a41/screenshot - {}
RESULT: {}
COMMAND: POST /session/a995b82d0df1730148f5e6c1edf10a41/elements - {"using":"xpath","value":"//span[text()='Error']"}
RESULT: {"using":"xpath","value":"//span[text()='Error']"}
COMMAND: POST /session/a995b82d0df1730148f5e6c1edf10a41/element - {"using":"xpath","value":"//button[@data-kt=\"addButton\"]"}
RESULT: {"using":"xpath","value":"//button[@data-kt=\"addButton\"]"}
COMMAND: POST /session/a995b82d0df1730148f5e6c1edf10a41/elements - {"using":"xpath","value":"//button[@data-kt=\"addButton\"]"}
RESULT: {"using":"xpath","value":"//button[@data-kt=\"addButton\"]"}
COMMAND: POST /session/a995b82d0df1730148f5e6c1edf10a41/elements - {"using":"xpath","value":"//button[@data-kt=\"addButton\"]"}
RESULT: {"using":"xpath","value":"//button[@data-kt=\"addButton\"]"}
COMMAND: POST /session/a995b82d0df1730148f5e6c1edf10a41/elements - {"using":"xpath","value":"//button[@data-kt=\"addButton\"]"}
RESULT: {"using":"xpath","value":"//button[@data-kt=\"addButton\"]"}
COMMAND: POST /session/a995b82d0df1730148f5e6c1edf10a41/elements - {"using":"xpath","value":"//button[@data-kt=\"addButton\"]"}
RESULT: {"using":"xpath","value":"//button[@data-kt=\"addButton\"]"}
COMMAND: POST /session/a995b82d0df1730148f5e6c1edf10a41/element - {"using":"xpath","value":"//button[@data-kt=\"addButton\"]"}
RESULT: {"using":"xpath","value":"//button[@data-kt=\"addButton\"]"}
COMMAND: POST /session/a995b82d0df1730148f5e6c1edf10a41/execute/sync - {"script":"<script> [8489 bytes]","args":[{"element-6066-11e4-a52e-4f735466cecf":"f.5AF93869D51CACD0ED0B7A3F3CCEB8C6.d.D45CE9780A4D4816A0977AAA03B5D2BA.e.3032","ELEMENT":"f.5AF93869D51CACD0ED0B7A3F3CCEB8C6.d.D45CE9780A4D4816A0977AAA03B5D2BA.e.3032"}]}
RESULT: {"script":"<script> [8489 bytes]","args":[{"element-6066-11e4-a52e-4f735466cecf":"f.5AF93869D51CACD0ED0B7A3F3CCEB8C6.d.D45CE9780A4D4816A0977AAA03B5D2BA.e.3032","ELEMENT":"f.5AF93869D51CACD0ED0B7A3F3CCEB8C6.d.D45CE9780A4D4816A0977AAA03B5D2BA.e.3032"}]}
COMMAND: GET /session/a995b82d0df1730148f5e6c1edf10a41/element/f.5AF93869D51CACD0ED0B7A3F3CCEB8C6.d.D45CE9780A4D4816A0977AAA03B5D2BA.e.3032/enabled - {}
COMMAND: GET /session/a995b82d0df1730148f5e6c1edf10a41/screenshot - {}
RESULT: {}
COMMAND: POST /session/a995b82d0df1730148f5e6c1edf10a41/execute/sync - {"script":"<script> [8489 bytes]","args":[{"element-6066-11e4-a52e-4f735466cecf":"f.5AF93869D51CACD0ED0B7A3F3CCEB8C6.d.D45CE9780A4D4816A0977AAA03B5D2BA.e.3032","ELEMENT":"f.5AF93869D51CACD0ED0B7A3F3CCEB8C6.d.D45CE9780A4D4816A0977AAA03B5D2BA.e.3032"}]}
COMMAND: GET /session/a995b82d0df1730148f5e6c1edf10a41/screenshot - {}
RESULT: {}
RESULT: {"script":"<script> [8489 bytes]","args":[{"element-6066-11e4-a52e-4f735466cecf":"f.5AF93869D51CACD0ED0B7A3F3CCEB8C6.d.D45CE9780A4D4816A0977AAA03B5D2BA.e.3032","ELEMENT":"f.5AF93869D51CACD0ED0B7A3F3CCEB8C6.d.D45CE9780A4D4816A0977AAA03B5D2BA.e.3032"}]}
COMMAND: POST /session/a995b82d0df1730148f5e6c1edf10a41/execute/sync - {"script":"<script> [5351 bytes]","args":[{"element-6066-11e4-a52e-4f735466cecf":"f.5AF93869D51CACD0ED0B7A3F3CCEB8C6.d.D45CE9780A4D4816A0977AAA03B5D2BA.e.3032","ELEMENT":"f.5AF93869D51CACD0ED0B7A3F3CCEB8C6.d.D45CE9780A4D4816A0977AAA03B5D2BA.e.3032"}]}
COMMAND: GET /session/a995b82d0df1730148f5e6c1edf10a41/screenshot - {}
RESULT: {}
RESULT: {"script":"<script> [5351 bytes]","args":[{"element-6066-11e4-a52e-4f735466cecf":"f.5AF93869D51CACD0ED0B7A3F3CCEB8C6.d.D45CE9780A4D4816A0977AAA03B5D2BA.e.3032","ELEMENT":"f.5AF93869D51CACD0ED0B7A3F3CCEB8C6.d.D45CE9780A4D4816A0977AAA03B5D2BA.e.3032"}]}
COMMAND: POST /session/a995b82d0df1730148f5e6c1edf10a41/element/f.5AF93869D51CACD0ED0B7A3F3CCEB8C6.d.D45CE9780A4D4816A0977AAA03B5D2BA.e.3032/click - {}
COMMAND: GET /session/a995b82d0df1730148f5e6c1edf10a41/screenshot - {}
RESULT: {}
RESULT: {}
COMMAND: GET /session/a995b82d0df1730148f5e6c1edf10a41/screenshot - {}
COMMAND: POST /session/a995b82d0df1730148f5e6c1edf10a41/execute/async - {"script":"<script> [1562 bytes]","args":[{"selector":{"id":"application-managepartners-display-component---NewPartner--addressDetailDetailsName1","interaction":{"idSuffix":"inner"}},"wdio_ui5_key":"applicationmanagepartners-display-component---NewPartner--addressDetailDetailsName1"}]}
RESULT: {}
RESULT: {}
RESULT: {"script":"<script> [1562 bytes]","args":[{"selector":{"id":"application-managepartners-display-component---NewPartner--addressDetailDetailsName1","interaction":{"idSuffix":"inner"}},"wdio_ui5_key":"applicationmanagepartners-display-component---NewPartner--addressDetailDetailsName1"}]}
RESULT: undefined
COMMAND: POST /session/a995b82d0df1730148f5e6c1edf10a41/execute/async - {"script":"<script> [776 bytes]","args":[{"enterText":"Intercompany Partner WDIO","selector":{"id":"application-managepartners-display-component---NewPartner--addressDetailDetailsName1","interaction":{"idSuffix":"inner"}},"clearTextFirst":true,"interactionType":"ENTER_TEXT"}]}
RESULT: {"script":"<script> [776 bytes]","args":[{"enterText":"Intercompany Partner WDIO","selector":{"id":"application-managepartners-display-component---NewPartner--addressDetailDetailsName1","interaction":{"idSuffix":"inner"}},"clearTextFirst":true,"interactionType":"ENTER_TEXT"}]}
COMMAND: POST /session/a995b82d0df1730148f5e6c1edf10a41/execute/async - {"script":"<script> [1562 bytes]","args":[{"selector":{"id":"application-managepartners-display-component---NewPartner--addressDetailDetailsLanguage-arrow"},"wdio_ui5_key":"applicationmanagepartners-display-component---NewPartner--addressDetailDetailsLanguage-arrow"}]}
RESULT: {"script":"<script> [1562 bytes]","args":[{"selector":{"id":"application-managepartners-display-component---NewPartner--addressDetailDetailsLanguage-arrow"},"wdio_ui5_key":"applicationmanagepartners-display-component---NewPartner--addressDetailDetailsLanguage-arrow"}]}
RESULT: undefined
COMMAND: POST /session/a995b82d0df1730148f5e6c1edf10a41/element - {"using":"xpath","value":"//*[@id=\"application-managepartners-display-component---NewPartner--addressDetailDetailsLanguage-arrow\"]"}
RESULT: {"using":"xpath","value":"//*[@id=\"application-managepartners-display-component---NewPartner--addressDetailDetailsLanguage-arrow\"]"}
COMMAND: POST /session/a995b82d0df1730148f5e6c1edf10a41/element/f.5AF93869D51CACD0ED0B7A3F3CCEB8C6.d.D45CE9780A4D4816A0977AAA03B5D2BA.e.3485/click - {}
RESULT: {}
COMMAND: POST /session/a995b82d0df1730148f5e6c1edf10a41/element - {"using":"xpath","value":"//span[contains(text(), \"English\")]"}
COMMAND: GET /session/a995b82d0df1730148f5e6c1edf10a41/screenshot - {}
RESULT: {"using":"xpath","value":"//span[contains(text(), \"English\")]"}
COMMAND: POST /session/a995b82d0df1730148f5e6c1edf10a41/element/f.5AF93869D51CACD0ED0B7A3F3CCEB8C6.d.D45CE9780A4D4816A0977AAA03B5D2BA.e.3486/click - {}
RESULT: {}
RESULT: {}
COMMAND: GET /session/a995b82d0df1730148f5e6c1edf10a41/screenshot - {}
RESULT: {}
COMMAND: POST /session/a995b82d0df1730148f5e6c1edf10a41/execute/async - {"script":"<script> [1562 bytes]","args":[{"selector":{"id":"application-managepartners-display-component---NewPartner--addressDetailDetailsCity1","interaction":{"idSuffix":"inner"}},"wdio_ui5_key":"applicationmanagepartners-display-component---NewPartner--addressDetailDetailsCity1"}]}
RESULT: {"script":"<script> [1562 bytes]","args":[{"selector":{"id":"application-managepartners-display-component---NewPartner--addressDetailDetailsCity1","interaction":{"idSuffix":"inner"}},"wdio_ui5_key":"applicationmanagepartners-display-component---NewPartner--addressDetailDetailsCity1"}]}
RESULT: undefined
COMMAND: POST /session/a995b82d0df1730148f5e6c1edf10a41/execute/async - {"script":"<script> [776 bytes]","args":[{"enterText":"Rosario","selector":{"id":"application-managepartners-display-component---NewPartner--addressDetailDetailsCity1","interaction":{"idSuffix":"inner"}},"clearTextFirst":true,"interactionType":"ENTER_TEXT"}]}
RESULT: {"script":"<script> [776 bytes]","args":[{"enterText":"Rosario","selector":{"id":"application-managepartners-display-component---NewPartner--addressDetailDetailsCity1","interaction":{"idSuffix":"inner"}},"clearTextFirst":true,"interactionType":"ENTER_TEXT"}]}
COMMAND: POST /session/a995b82d0df1730148f5e6c1edf10a41/execute/async - {"script":"<script> [1562 bytes]","args":[{"selector":{"id":"application-managepartners-display-component---NewPartner--addressDetailDetailsCountry-arrow"},"wdio_ui5_key":"applicationmanagepartners-display-component---NewPartner--addressDetailDetailsCountry-arrow"}]}
RESULT: {"script":"<script> [1562 bytes]","args":[{"selector":{"id":"application-managepartners-display-component---NewPartner--addressDetailDetailsCountry-arrow"},"wdio_ui5_key":"applicationmanagepartners-display-component---NewPartner--addressDetailDetailsCountry-arrow"}]}
RESULT: undefined
COMMAND: POST /session/a995b82d0df1730148f5e6c1edf10a41/element - {"using":"xpath","value":"//*[@id=\"application-managepartners-display-component---NewPartner--addressDetailDetailsCountry-arrow\"]"}
RESULT: {"using":"xpath","value":"//*[@id=\"application-managepartners-display-component---NewPartner--addressDetailDetailsCountry-arrow\"]"}
COMMAND: POST /session/a995b82d0df1730148f5e6c1edf10a41/element/f.5AF93869D51CACD0ED0B7A3F3CCEB8C6.d.D45CE9780A4D4816A0977AAA03B5D2BA.e.3468/click - {}
RESULT: {}
COMMAND: POST /session/a995b82d0df1730148f5e6c1edf10a41/element - {"using":"xpath","value":"//span[contains(text(), \"Argentina\")]"}
COMMAND: GET /session/a995b82d0df1730148f5e6c1edf10a41/screenshot - {}
RESULT: {"using":"xpath","value":"//span[contains(text(), \"Argentina\")]"}
COMMAND: POST /session/a995b82d0df1730148f5e6c1edf10a41/element/f.5AF93869D51CACD0ED0B7A3F3CCEB8C6.d.D45CE9780A4D4816A0977AAA03B5D2BA.e.3488/click - {}
RESULT: {}
RESULT: {}
COMMAND: GET /session/a995b82d0df1730148f5e6c1edf10a41/screenshot - {}
RESULT: {}
COMMAND: POST /session/a995b82d0df1730148f5e6c1edf10a41/element - {"using":"xpath","value":"//bdi[contains(text(), \"Commercial\")]"}
RESULT: {"using":"xpath","value":"//bdi[contains(text(), \"Commercial\")]"}
COMMAND: POST /session/a995b82d0df1730148f5e6c1edf10a41/element/f.5AF93869D51CACD0ED0B7A3F3CCEB8C6.d.D45CE9780A4D4816A0977AAA03B5D2BA.e.3489/click - {}
RESULT: {}
COMMAND: GET /session/a995b82d0df1730148f5e6c1edf10a41/screenshot - {}
RESULT: {}
COMMAND: POST /session/a995b82d0df1730148f5e6c1edf10a41/execute/async - {"script":"<script> [1562 bytes]","args":[{"selector":{"id":"application-managepartners-display-component---NewPartner--partnerDetailInternal-arrow"},"wdio_ui5_key":"applicationmanagepartners-display-component---NewPartner--partnerDetailInternal-arrow"}]}
RESULT: {"script":"<script> [1562 bytes]","args":[{"selector":{"id":"application-managepartners-display-component---NewPartner--partnerDetailInternal-arrow"},"wdio_ui5_key":"applicationmanagepartners-display-component---NewPartner--partnerDetailInternal-arrow"}]}
RESULT: undefined
COMMAND: POST /session/a995b82d0df1730148f5e6c1edf10a41/element - {"using":"xpath","value":"//*[@id=\"application-managepartners-display-component---NewPartner--partnerDetailInternal-arrow\"]"}
RESULT: {"using":"xpath","value":"//*[@id=\"application-managepartners-display-component---NewPartner--partnerDetailInternal-arrow\"]"}
COMMAND: POST /session/a995b82d0df1730148f5e6c1edf10a41/element/f.5AF93869D51CACD0ED0B7A3F3CCEB8C6.d.D45CE9780A4D4816A0977AAA03B5D2BA.e.3497/click - {}
RESULT: {}
COMMAND: POST /session/a995b82d0df1730148f5e6c1edf10a41/element - {"using":"xpath","value":"//span[contains(text(), \"Affiliated company\")]"}
COMMAND: GET /session/a995b82d0df1730148f5e6c1edf10a41/screenshot - {}
RESULT: {"using":"xpath","value":"//span[contains(text(), \"Affiliated company\")]"}
COMMAND: POST /session/a995b82d0df1730148f5e6c1edf10a41/element/f.5AF93869D51CACD0ED0B7A3F3CCEB8C6.d.D45CE9780A4D4816A0977AAA03B5D2BA.e.3498/click - {}
RESULT: {}
RESULT: {}
COMMAND: POST /session/a995b82d0df1730148f5e6c1edf10a41/execute/async - {"script":"<script> [1562 bytes]","args":[{"selector":{"id":"application-managepartners-display-component---NewPartner--partnerDetailsCurrency-arrow"},"wdio_ui5_key":"applicationmanagepartners-display-component---NewPartner--partnerDetailsCurrency-arrow"}]}
COMMAND: GET /session/a995b82d0df1730148f5e6c1edf10a41/screenshot - {}
RESULT: {"script":"<script> [1562 bytes]","args":[{"selector":{"id":"application-managepartners-display-component---NewPartner--partnerDetailsCurrency-arrow"},"wdio_ui5_key":"applicationmanagepartners-display-component---NewPartner--partnerDetailsCurrency-arrow"}]}
RESULT: undefined
COMMAND: POST /session/a995b82d0df1730148f5e6c1edf10a41/element - {"using":"xpath","value":"//*[@id=\"application-managepartners-display-component---NewPartner--partnerDetailsCurrency-arrow\"]"}
RESULT: {}
RESULT: {"using":"xpath","value":"//*[@id=\"application-managepartners-display-component---NewPartner--partnerDetailsCurrency-arrow\"]"}
COMMAND: POST /session/a995b82d0df1730148f5e6c1edf10a41/element/f.5AF93869D51CACD0ED0B7A3F3CCEB8C6.d.D45CE9780A4D4816A0977AAA03B5D2BA.e.3505/click - {}
RESULT: {}
COMMAND: POST /session/a995b82d0df1730148f5e6c1edf10a41/element - {"using":"xpath","value":"//span[contains(text(), \"Euro\")]"}
COMMAND: GET /session/a995b82d0df1730148f5e6c1edf10a41/screenshot - {}
RESULT: {"using":"xpath","value":"//span[contains(text(), \"Euro\")]"}
COMMAND: POST /session/a995b82d0df1730148f5e6c1edf10a41/element/f.5AF93869D51CACD0ED0B7A3F3CCEB8C6.d.D45CE9780A4D4816A0977AAA03B5D2BA.e.3506/click - {}
RESULT: {}
RESULT: {}
COMMAND: POST /session/a995b82d0df1730148f5e6c1edf10a41/execute/async - {"script":"<script> [1562 bytes]","args":[{"selector":{"id":"application-managepartners-display-component---NewPartner--addressEditDetailsCostObjectCstType-arrow"},"wdio_ui5_key":"applicationmanagepartners-display-component---NewPartner--addressEditDetailsCostObjectCstType-arrow"}]}
COMMAND: GET /session/a995b82d0df1730148f5e6c1edf10a41/screenshot - {}
RESULT: {"script":"<script> [1562 bytes]","args":[{"selector":{"id":"application-managepartners-display-component---NewPartner--addressEditDetailsCostObjectCstType-arrow"},"wdio_ui5_key":"applicationmanagepartners-display-component---NewPartner--addressEditDetailsCostObjectCstType-arrow"}]}
RESULT: undefined
COMMAND: POST /session/a995b82d0df1730148f5e6c1edf10a41/element - {"using":"xpath","value":"//*[@id=\"application-managepartners-display-component---NewPartner--addressEditDetailsCostObjectCstType-arrow\"]"}
RESULT: {}
RESULT: {"using":"xpath","value":"//*[@id=\"application-managepartners-display-component---NewPartner--addressEditDetailsCostObjectCstType-arrow\"]"}
COMMAND: POST /session/a995b82d0df1730148f5e6c1edf10a41/element/f.5AF93869D51CACD0ED0B7A3F3CCEB8C6.d.D45CE9780A4D4816A0977AAA03B5D2BA.e.3507/click - {}
RESULT: {}
COMMAND: POST /session/a995b82d0df1730148f5e6c1edf10a41/element - {"using":"xpath","value":"//span[contains(text(), \"Cost Center\")]"}
COMMAND: GET /session/a995b82d0df1730148f5e6c1edf10a41/screenshot - {}
RESULT: {"using":"xpath","value":"//span[contains(text(), \"Cost Center\")]"}
COMMAND: POST /session/a995b82d0df1730148f5e6c1edf10a41/element/f.5AF93869D51CACD0ED0B7A3F3CCEB8C6.d.D45CE9780A4D4816A0977AAA03B5D2BA.e.3508/click - {}
RESULT: {}
RESULT: {}
COMMAND: GET /session/a995b82d0df1730148f5e6c1edf10a41/screenshot - {}
RESULT: {}
COMMAND: POST /session/a995b82d0df1730148f5e6c1edf10a41/element - {"using":"xpath","value":"//span[@id=\"application-managepartners-display-component---NewPartner--addressNewCostObjectCstID-vhi\"]"}
RESULT: {"using":"xpath","value":"//span[@id=\"application-managepartners-display-component---NewPartner--addressNewCostObjectCstID-vhi\"]"}
COMMAND: POST /session/a995b82d0df1730148f5e6c1edf10a41/execute/sync - {"script":"<script> [8489 bytes]","args":[{"element-6066-11e4-a52e-4f735466cecf":"f.5AF93869D51CACD0ED0B7A3F3CCEB8C6.d.D45CE9780A4D4816A0977AAA03B5D2BA.e.3512","ELEMENT":"f.5AF93869D51CACD0ED0B7A3F3CCEB8C6.d.D45CE9780A4D4816A0977AAA03B5D2BA.e.3512"}]}
RESULT: {"script":"<script> [8489 bytes]","args":[{"element-6066-11e4-a52e-4f735466cecf":"f.5AF93869D51CACD0ED0B7A3F3CCEB8C6.d.D45CE9780A4D4816A0977AAA03B5D2BA.e.3512","ELEMENT":"f.5AF93869D51CACD0ED0B7A3F3CCEB8C6.d.D45CE9780A4D4816A0977AAA03B5D2BA.e.3512"}]}
COMMAND: POST /session/a995b82d0df1730148f5e6c1edf10a41/execute/async - {"script":"<script> [1562 bytes]","args":[{"selector":{"id":"application-managepartners-display-component---NewPartner--addressNewCostObjectCstID-vhi"},"wdio_ui5_key":"applicationmanagepartners-display-component---NewPartner--addressNewCostObjectCstID-vhi"}]}
COMMAND: GET /session/a995b82d0df1730148f5e6c1edf10a41/screenshot - {}
RESULT: {"script":"<script> [1562 bytes]","args":[{"selector":{"id":"application-managepartners-display-component---NewPartner--addressNewCostObjectCstID-vhi"},"wdio_ui5_key":"applicationmanagepartners-display-component---NewPartner--addressNewCostObjectCstID-vhi"}]}
RESULT: undefined
COMMAND: POST /session/a995b82d0df1730148f5e6c1edf10a41/element - {"using":"xpath","value":"//*[@id=\"application-managepartners-display-component---NewPartner--addressNewCostObjectCstID-vhi\"]"}
RESULT: {}
RESULT: {"using":"xpath","value":"//*[@id=\"application-managepartners-display-component---NewPartner--addressNewCostObjectCstID-vhi\"]"}
COMMAND: POST /session/a995b82d0df1730148f5e6c1edf10a41/element/f.5AF93869D51CACD0ED0B7A3F3CCEB8C6.d.D45CE9780A4D4816A0977AAA03B5D2BA.e.3512/click - {}
RESULT: {}
COMMAND: GET /session/a995b82d0df1730148f5e6c1edf10a41/screenshot - {}
RESULT: {}
RESULT: undefined
COMMAND: POST /session/a995b82d0df1730148f5e6c1edf10a41/execute/async - {"script":"<script> [776 bytes]","args":[{"enterText":"10001013","selector":{"controlType":"sap.m.SearchField","properties":{"placeholder":"Search"},"searchOpenDialogs":true,"interaction":{"idSuffix":"I"}},"clearTextFirst":true,"interactionType":"ENTER_TEXT"}]}
RESULT: {"script":"<script> [776 bytes]","args":[{"enterText":"10001013","selector":{"controlType":"sap.m.SearchField","properties":{"placeholder":"Search"},"searchOpenDialogs":true,"interaction":{"idSuffix":"I"}},"clearTextFirst":true,"interactionType":"ENTER_TEXT"}]}
COMMAND: POST /session/a995b82d0df1730148f5e6c1edf10a41/actions - {"actions":[{"id":"action2","type":"key","parameters":{},"actions":[{"type":"keyDown","value":""},{"type":"pause","duration":10},{"type":"keyUp","value":""}]}]}
RESULT: {"actions":[{"id":"action2","type":"key","parameters":{},"actions":[{"type":"keyDown","value":""},{"type":"pause","duration":10},{"type":"keyUp","value":""}]}]}
COMMAND: GET /session/a995b82d0df1730148f5e6c1edf10a41/screenshot - {}
RESULT: {}
COMMAND: POST /session/a995b82d0df1730148f5e6c1edf10a41/element - {"using":"xpath","value":"//span[contains(text(), \"General Management\")]"}
RESULT: {"using":"xpath","value":"//span[contains(text(), \"General Management\")]"}
COMMAND: POST /session/a995b82d0df1730148f5e6c1edf10a41/element/f.5AF93869D51CACD0ED0B7A3F3CCEB8C6.d.D45CE9780A4D4816A0977AAA03B5D2BA.e.3552/click - {}
RESULT: {}
COMMAND: GET /session/a995b82d0df1730148f5e6c1edf10a41/screenshot - {}
RESULT: {}
COMMAND: POST /session/a995b82d0df1730148f5e6c1edf10a41/element - {"using":"xpath","value":"//bdi[contains(text(), \"OK\")]"}
RESULT: {"using":"xpath","value":"//bdi[contains(text(), \"OK\")]"}
COMMAND: POST /session/a995b82d0df1730148f5e6c1edf10a41/element/f.5AF93869D51CACD0ED0B7A3F3CCEB8C6.d.D45CE9780A4D4816A0977AAA03B5D2BA.e.3553/click - {}
RESULT: {}
COMMAND: GET /session/a995b82d0df1730148f5e6c1edf10a41/screenshot - {}
RESULT: {}
COMMAND: POST /session/a995b82d0df1730148f5e6c1edf10a41/element - {"using":"xpath","value":"//input[@id=\"application-managepartners-display-component---NewPartner--companyCodeComboBox-inner\"]"}
RESULT: {"using":"xpath","value":"//input[@id=\"application-managepartners-display-component---NewPartner--companyCodeComboBox-inner\"]"}
COMMAND: POST /session/a995b82d0df1730148f5e6c1edf10a41/element/f.5AF93869D51CACD0ED0B7A3F3CCEB8C6.d.D45CE9780A4D4816A0977AAA03B5D2BA.e.3444/clear - {}
RESULT: {}
COMMAND: POST /session/a995b82d0df1730148f5e6c1edf10a41/element/f.5AF93869D51CACD0ED0B7A3F3CCEB8C6.d.D45CE9780A4D4816A0977AAA03B5D2BA.e.3444/value - {"text":"C002"}
COMMAND: GET /session/a995b82d0df1730148f5e6c1edf10a41/screenshot - {}
RESULT: {"text":"C002"}
COMMAND: GET /session/a995b82d0df1730148f5e6c1edf10a41/screenshot - {}
RESULT: {}
RESULT: {}
COMMAND: POST /session/a995b82d0df1730148f5e6c1edf10a41/element - {"using":"xpath","value":"//li[.//span[text()= \"C002\"]]"}
RESULT: {"using":"xpath","value":"//li[.//span[text()= \"C002\"]]"}
COMMAND: POST /session/a995b82d0df1730148f5e6c1edf10a41/element/f.5AF93869D51CACD0ED0B7A3F3CCEB8C6.d.D45CE9780A4D4816A0977AAA03B5D2BA.e.3559/click - {}
RESULT: {}
COMMAND: GET /session/a995b82d0df1730148f5e6c1edf10a41/screenshot - {}
RESULT: {}
COMMAND: POST /session/a995b82d0df1730148f5e6c1edf10a41/execute/async - {"script":"<script> [1562 bytes]","args":[{"selector":{"id":"application-managepartners-display-component---NewPartner--btnAddTableRow-img"},"wdio_ui5_key":"applicationmanagepartners-display-component---NewPartner--btnAddTableRow-img"}]}
RESULT: {"script":"<script> [1562 bytes]","args":[{"selector":{"id":"application-managepartners-display-component---NewPartner--btnAddTableRow-img"},"wdio_ui5_key":"applicationmanagepartners-display-component---NewPartner--btnAddTableRow-img"}]}
RESULT: undefined
COMMAND: POST /session/a995b82d0df1730148f5e6c1edf10a41/element - {"using":"xpath","value":"//*[@id=\"application-managepartners-display-component---NewPartner--btnAddTableRow-img\"]"}
RESULT: {"using":"xpath","value":"//*[@id=\"application-managepartners-display-component---NewPartner--btnAddTableRow-img\"]"}
COMMAND: POST /session/a995b82d0df1730148f5e6c1edf10a41/element/f.5AF93869D51CACD0ED0B7A3F3CCEB8C6.d.D45CE9780A4D4816A0977AAA03B5D2BA.e.3560/click - {}
RESULT: {}
COMMAND: GET /session/a995b82d0df1730148f5e6c1edf10a41/screenshot - {}
RESULT: {}
COMMAND: POST /session/a995b82d0df1730148f5e6c1edf10a41/element - {"using":"xpath","value":"//input[@id=\"application-managepartners-display-component---NewPartner--assignmentYard-application-managepartners-display-component---NewPartner--assignmentsTable-0-inner\"]"}
RESULT: {"using":"xpath","value":"//input[@id=\"application-managepartners-display-component---NewPartner--assignmentYard-application-managepartners-display-component---NewPartner--assignmentsTable-0-inner\"]"}
COMMAND: POST /session/a995b82d0df1730148f5e6c1edf10a41/element/f.5AF93869D51CACD0ED0B7A3F3CCEB8C6.d.D45CE9780A4D4816A0977AAA03B5D2BA.e.3563/clear - {}
RESULT: {}
COMMAND: POST /session/a995b82d0df1730148f5e6c1edf10a41/element/f.5AF93869D51CACD0ED0B7A3F3CCEB8C6.d.D45CE9780A4D4816A0977AAA03B5D2BA.e.3563/value - {"text":"505"}
COMMAND: GET /session/a995b82d0df1730148f5e6c1edf10a41/screenshot - {}
RESULT: {"text":"505"}
COMMAND: GET /session/a995b82d0df1730148f5e6c1edf10a41/screenshot - {}
RESULT: {}
RESULT: {}
COMMAND: POST /session/a995b82d0df1730148f5e6c1edf10a41/element - {"using":"xpath","value":"//li[.//span[text()='505']]"}
RESULT: {"using":"xpath","value":"//li[.//span[text()='505']]"}
COMMAND: POST /session/a995b82d0df1730148f5e6c1edf10a41/element/f.5AF93869D51CACD0ED0B7A3F3CCEB8C6.d.D45CE9780A4D4816A0977AAA03B5D2BA.e.3572/click - {}
RESULT: {}
COMMAND: GET /session/a995b82d0df1730148f5e6c1edf10a41/screenshot - {}
RESULT: {}
COMMAND: POST /session/a995b82d0df1730148f5e6c1edf10a41/actions - {"actions":[{"id":"action3","type":"key","parameters":{},"actions":[{"type":"keyDown","value":""},{"type":"pause","duration":10},{"type":"keyUp","value":""}]}]}
RESULT: {"actions":[{"id":"action3","type":"key","parameters":{},"actions":[{"type":"keyDown","value":""},{"type":"pause","duration":10},{"type":"keyUp","value":""}]}]}
COMMAND: POST /session/a995b82d0df1730148f5e6c1edf10a41/execute/async - {"script":"<script> [1562 bytes]","args":[{"selector":{"id":"application-managepartners-display-component---NewPartner--externalCustomerComboBox-application-managepartners-display-component---NewPartner--assignmentsTable-0-vhi"},"wdio_ui5_key":"applicationmanagepartners-display-component---NewPartner--externalCustomerComboBox-application-managepartners-display-component---NewPartner--assignmentsTable-0-vhi"}]}
COMMAND: GET /session/a995b82d0df1730148f5e6c1edf10a41/screenshot - {}
RESULT: {"script":"<script> [1562 bytes]","args":[{"selector":{"id":"application-managepartners-display-component---NewPartner--externalCustomerComboBox-application-managepartners-display-component---NewPartner--assignmentsTable-0-vhi"},"wdio_ui5_key":"applicationmanagepartners-display-component---NewPartner--externalCustomerComboBox-application-managepartners-display-component---NewPartner--assignmentsTable-0-vhi"}]}
RESULT: undefined
COMMAND: POST /session/a995b82d0df1730148f5e6c1edf10a41/element - {"using":"xpath","value":"//*[@id=\"application-managepartners-display-component---NewPartner--externalCustomerComboBox-application-managepartners-display-component---NewPartner--assignmentsTable-0-vhi\"]"}
RESULT: {}
RESULT: {"using":"xpath","value":"//*[@id=\"application-managepartners-display-component---NewPartner--externalCustomerComboBox-application-managepartners-display-component---NewPartner--assignmentsTable-0-vhi\"]"}
COMMAND: POST /session/a995b82d0df1730148f5e6c1edf10a41/element/f.5AF93869D51CACD0ED0B7A3F3CCEB8C6.d.D45CE9780A4D4816A0977AAA03B5D2BA.e.3576/click - {}
RESULT: {}
RESULT: undefined
COMMAND: POST /session/a995b82d0df1730148f5e6c1edf10a41/execute/async - {"script":"<script> [776 bytes]","args":[{"enterText":"300003","selector":{"controlType":"sap.m.SearchField","properties":{"placeholder":"Search"},"searchOpenDialogs":true,"interaction":{"idSuffix":"I"}},"clearTextFirst":true,"interactionType":"ENTER_TEXT"}]}
COMMAND: GET /session/a995b82d0df1730148f5e6c1edf10a41/screenshot - {}
RESULT: {"script":"<script> [776 bytes]","args":[{"enterText":"300003","selector":{"controlType":"sap.m.SearchField","properties":{"placeholder":"Search"},"searchOpenDialogs":true,"interaction":{"idSuffix":"I"}},"clearTextFirst":true,"interactionType":"ENTER_TEXT"}]}
COMMAND: POST /session/a995b82d0df1730148f5e6c1edf10a41/actions - {"actions":[{"id":"action4","type":"key","parameters":{},"actions":[{"type":"keyDown","value":""},{"type":"pause","duration":10},{"type":"keyUp","value":""}]}]}
RESULT: {}
RESULT: {"actions":[{"id":"action4","type":"key","parameters":{},"actions":[{"type":"keyDown","value":""},{"type":"pause","duration":10},{"type":"keyUp","value":""}]}]}
COMMAND: GET /session/a995b82d0df1730148f5e6c1edf10a41/screenshot - {}
RESULT: {}
COMMAND: POST /session/a995b82d0df1730148f5e6c1edf10a41/element - {"using":"xpath","value":"//span[contains(text(), \"300003\")]"}
RESULT: {"using":"xpath","value":"//span[contains(text(), \"300003\")]"}
COMMAND: POST /session/a995b82d0df1730148f5e6c1edf10a41/element/f.5AF93869D51CACD0ED0B7A3F3CCEB8C6.d.D45CE9780A4D4816A0977AAA03B5D2BA.e.3595/click - {}
RESULT: {}
COMMAND: GET /session/a995b82d0df1730148f5e6c1edf10a41/screenshot - {}
RESULT: {}
COMMAND: POST /session/a995b82d0df1730148f5e6c1edf10a41/element - {"using":"xpath","value":"//bdi[contains(text(), \"OK\")]"}
RESULT: {"using":"xpath","value":"//bdi[contains(text(), \"OK\")]"}
COMMAND: POST /session/a995b82d0df1730148f5e6c1edf10a41/element/f.5AF93869D51CACD0ED0B7A3F3CCEB8C6.d.D45CE9780A4D4816A0977AAA03B5D2BA.e.3597/click - {}
RESULT: {}
COMMAND: GET /session/a995b82d0df1730148f5e6c1edf10a41/screenshot - {}
RESULT: {}
COMMAND: POST /session/a995b82d0df1730148f5e6c1edf10a41/execute/async - {"script":"<script> [1562 bytes]","args":[{"selector":{"id":"application-managepartners-display-component---NewPartner--intercompVendorComboBox-application-managepartners-display-component---NewPartner--assignmentsTable-0-vhi"},"wdio_ui5_key":"applicationmanagepartners-display-component---NewPartner--intercompVendorComboBox-application-managepartners-display-component---NewPartner--assignmentsTable-0-vhi"}]}
RESULT: {"script":"<script> [1562 bytes]","args":[{"selector":{"id":"application-managepartners-display-component---NewPartner--intercompVendorComboBox-application-managepartners-display-component---NewPartner--assignmentsTable-0-vhi"},"wdio_ui5_key":"applicationmanagepartners-display-component---NewPartner--intercompVendorComboBox-application-managepartners-display-component---NewPartner--assignmentsTable-0-vhi"}]}
RESULT: undefined
COMMAND: POST /session/a995b82d0df1730148f5e6c1edf10a41/element - {"using":"xpath","value":"//*[@id=\"application-managepartners-display-component---NewPartner--intercompVendorComboBox-application-managepartners-display-component---NewPartner--assignmentsTable-0-vhi\"]"}
RESULT: {"using":"xpath","value":"//*[@id=\"application-managepartners-display-component---NewPartner--intercompVendorComboBox-application-managepartners-display-component---NewPartner--assignmentsTable-0-vhi\"]"}
COMMAND: POST /session/a995b82d0df1730148f5e6c1edf10a41/element/f.5AF93869D51CACD0ED0B7A3F3CCEB8C6.d.D45CE9780A4D4816A0977AAA03B5D2BA.e.3601/click - {}
RESULT: {}
RESULT: undefined
COMMAND: POST /session/a995b82d0df1730148f5e6c1edf10a41/execute/async - {"script":"<script> [776 bytes]","args":[{"enterText":"100005","selector":{"controlType":"sap.m.SearchField","properties":{"placeholder":"Search"},"searchOpenDialogs":true,"interaction":{"idSuffix":"I"}},"clearTextFirst":true,"interactionType":"ENTER_TEXT"}]}
COMMAND: GET /session/a995b82d0df1730148f5e6c1edf10a41/screenshot - {}
RESULT: {"script":"<script> [776 bytes]","args":[{"enterText":"100005","selector":{"controlType":"sap.m.SearchField","properties":{"placeholder":"Search"},"searchOpenDialogs":true,"interaction":{"idSuffix":"I"}},"clearTextFirst":true,"interactionType":"ENTER_TEXT"}]}
COMMAND: POST /session/a995b82d0df1730148f5e6c1edf10a41/actions - {"actions":[{"id":"action5","type":"key","parameters":{},"actions":[{"type":"keyDown","value":""},{"type":"pause","duration":10},{"type":"keyUp","value":""}]}]}
RESULT: {}
RESULT: {"actions":[{"id":"action5","type":"key","parameters":{},"actions":[{"type":"keyDown","value":""},{"type":"pause","duration":10},{"type":"keyUp","value":""}]}]}
COMMAND: GET /session/a995b82d0df1730148f5e6c1edf10a41/screenshot - {}
COMMAND: POST /session/a995b82d0df1730148f5e6c1edf10a41/element - {"using":"xpath","value":"//span[contains(text(), \"Penguins - Field/12345 Berlin\")]"}
RESULT: {}
RESULT: {"using":"xpath","value":"//span[contains(text(), \"Penguins - Field/12345 Berlin\")]"}
COMMAND: POST /session/a995b82d0df1730148f5e6c1edf10a41/element/f.5AF93869D51CACD0ED0B7A3F3CCEB8C6.d.D45CE9780A4D4816A0977AAA03B5D2BA.e.3619/click - {}
RESULT: {}
COMMAND: GET /session/a995b82d0df1730148f5e6c1edf10a41/screenshot - {}
RESULT: {}
COMMAND: POST /session/a995b82d0df1730148f5e6c1edf10a41/element - {"using":"xpath","value":"//bdi[contains(text(), \"OK\")]"}
RESULT: {"using":"xpath","value":"//bdi[contains(text(), \"OK\")]"}
COMMAND: POST /session/a995b82d0df1730148f5e6c1edf10a41/element/f.5AF93869D51CACD0ED0B7A3F3CCEB8C6.d.D45CE9780A4D4816A0977AAA03B5D2BA.e.3621/click - {}
RESULT: {}
COMMAND: GET /session/a995b82d0df1730148f5e6c1edf10a41/screenshot - {}
RESULT: {}
COMMAND: POST /session/a995b82d0df1730148f5e6c1edf10a41/element - {"using":"xpath","value":"//button[@data-kt=\"saveButton\"]"}
RESULT: {"using":"xpath","value":"//button[@data-kt=\"saveButton\"]"}
COMMAND: POST /session/a995b82d0df1730148f5e6c1edf10a41/element/f.5AF93869D51CACD0ED0B7A3F3CCEB8C6.d.D45CE9780A4D4816A0977AAA03B5D2BA.e.3470/click - {}
RESULT: {}
COMMAND: GET /session/a995b82d0df1730148f5e6c1edf10a41/screenshot - {}
RESULT: {}
COMMAND: POST /session/a995b82d0df1730148f5e6c1edf10a41/element - {"using":"xpath","value":"//header[contains(@id, 'ObjectPageLayout-headerTitle')]/div[1]/div[2]/div[2]/span[1]"}
RESULT: {"using":"xpath","value":"//header[contains(@id, 'ObjectPageLayout-headerTitle')]/div[1]/div[2]/div[2]/span[1]"}
COMMAND: POST /session/a995b82d0df1730148f5e6c1edf10a41/elements - {"using":"xpath","value":"//header[contains(@id, 'ObjectPageLayout-headerTitle')]/div[1]/div[2]/div[2]/span[1]"}
RESULT: {"using":"xpath","value":"//header[contains(@id, 'ObjectPageLayout-headerTitle')]/div[1]/div[2]/div[2]/span[1]"}
COMMAND: POST /session/a995b82d0df1730148f5e6c1edf10a41/execute/sync - {"script":"<script> [56 bytes]","args":[{"element-6066-11e4-a52e-4f735466cecf":"f.5AF93869D51CACD0ED0B7A3F3CCEB8C6.d.D45CE9780A4D4816A0977AAA03B5D2BA.e.3786","ELEMENT":"f.5AF93869D51CACD0ED0B7A3F3CCEB8C6.d.D45CE9780A4D4816A0977AAA03B5D2BA.e.3786"}]}
RESULT: {"script":"<script> [56 bytes]","args":[{"element-6066-11e4-a52e-4f735466cecf":"f.5AF93869D51CACD0ED0B7A3F3CCEB8C6.d.D45CE9780A4D4816A0977AAA03B5D2BA.e.3786","ELEMENT":"f.5AF93869D51CACD0ED0B7A3F3CCEB8C6.d.D45CE9780A4D4816A0977AAA03B5D2BA.e.3786"}]}
COMMAND: POST /session/a995b82d0df1730148f5e6c1edf10a41/element - {"using":"css selector","value":"#shell-header-logo"}
COMMAND: GET /session/a995b82d0df1730148f5e6c1edf10a41/screenshot - {}
RESULT: {"using":"css selector","value":"#shell-header-logo"}
COMMAND: POST /session/a995b82d0df1730148f5e6c1edf10a41/element/f.5AF93869D51CACD0ED0B7A3F3CCEB8C6.d.D45CE9780A4D4816A0977AAA03B5D2BA.e.2998/click - {}
RESULT: {}
RESULT: {}
COMMAND: GET /session/a995b82d0df1730148f5e6c1edf10a41/screenshot - {}
RESULT: {}
COMMAND: POST /session/a995b82d0df1730148f5e6c1edf10a41/execute/sync - {"script":"<script> [299 bytes]","args":[["getModel","getResource"]]}
RESULT: {"script":"<script> [299 bytes]","args":[["getModel","getResource"]]}
COMMAND: GET /session/a995b82d0df1730148f5e6c1edf10a41/screenshot - {}
]]></system-out>
    </testcase>
    <testcase classname="chrome.136_0_7103_93.windows.Billing_Transfer_-_Master_data_&amp;_Intercompany_US127250" name="Should create a new site" time="113.338">
      <system-out><![CDATA[
COMMAND: POST /session/a995b82d0df1730148f5e6c1edf10a41/execute/async - {"script":"<script> [1562 bytes]","args":[{"selector":{"controlType":"sap.m.GenericTile","properties":{"header":"Manage Sites"}},"wdio_ui5_key":"sapm.GenericTile{\"header\":\"Manage Sites\"}"}]}
RESULT: {}
RESULT: {"script":"<script> [1562 bytes]","args":[{"selector":{"controlType":"sap.m.GenericTile","properties":{"header":"Manage Sites"}},"wdio_ui5_key":"sapm.GenericTile{\"header\":\"Manage Sites\"}"}]}
RESULT: undefined
COMMAND: POST /session/a995b82d0df1730148f5e6c1edf10a41/element - {"using":"xpath","value":"//*[@id=\"__tile40\"]"}
RESULT: {"using":"xpath","value":"//*[@id=\"__tile40\"]"}
COMMAND: POST /session/a995b82d0df1730148f5e6c1edf10a41/element/f.5AF93869D51CACD0ED0B7A3F3CCEB8C6.d.D45CE9780A4D4816A0977AAA03B5D2BA.e.2147/click - {}
RESULT: {}
COMMAND: GET /session/a995b82d0df1730148f5e6c1edf10a41/screenshot - {}
RESULT: {}
COMMAND: POST /session/a995b82d0df1730148f5e6c1edf10a41/elements - {"using":"xpath","value":"//span[text()='Error']"}
RESULT: {"using":"xpath","value":"//span[text()='Error']"}
COMMAND: POST /session/a995b82d0df1730148f5e6c1edf10a41/element - {"using":"xpath","value":"//button[@data-kt=\"addOverflowToolbarButton\"]"}
RESULT: {"using":"xpath","value":"//button[@data-kt=\"addOverflowToolbarButton\"]"}
COMMAND: POST /session/a995b82d0df1730148f5e6c1edf10a41/elements - {"using":"xpath","value":"//button[@data-kt=\"addOverflowToolbarButton\"]"}
RESULT: {"using":"xpath","value":"//button[@data-kt=\"addOverflowToolbarButton\"]"}
COMMAND: POST /session/a995b82d0df1730148f5e6c1edf10a41/execute/sync - {"script":"<script> [8489 bytes]","args":[{"element-6066-11e4-a52e-4f735466cecf":"f.5AF93869D51CACD0ED0B7A3F3CCEB8C6.d.D45CE9780A4D4816A0977AAA03B5D2BA.e.3833","ELEMENT":"f.5AF93869D51CACD0ED0B7A3F3CCEB8C6.d.D45CE9780A4D4816A0977AAA03B5D2BA.e.3833"}]}
RESULT: {"script":"<script> [8489 bytes]","args":[{"element-6066-11e4-a52e-4f735466cecf":"f.5AF93869D51CACD0ED0B7A3F3CCEB8C6.d.D45CE9780A4D4816A0977AAA03B5D2BA.e.3833","ELEMENT":"f.5AF93869D51CACD0ED0B7A3F3CCEB8C6.d.D45CE9780A4D4816A0977AAA03B5D2BA.e.3833"}]}
COMMAND: GET /session/a995b82d0df1730148f5e6c1edf10a41/element/f.5AF93869D51CACD0ED0B7A3F3CCEB8C6.d.D45CE9780A4D4816A0977AAA03B5D2BA.e.3833/enabled - {}
COMMAND: GET /session/a995b82d0df1730148f5e6c1edf10a41/screenshot - {}
RESULT: {}
COMMAND: POST /session/a995b82d0df1730148f5e6c1edf10a41/execute/sync - {"script":"<script> [8489 bytes]","args":[{"element-6066-11e4-a52e-4f735466cecf":"f.5AF93869D51CACD0ED0B7A3F3CCEB8C6.d.D45CE9780A4D4816A0977AAA03B5D2BA.e.3833","ELEMENT":"f.5AF93869D51CACD0ED0B7A3F3CCEB8C6.d.D45CE9780A4D4816A0977AAA03B5D2BA.e.3833"}]}
COMMAND: GET /session/a995b82d0df1730148f5e6c1edf10a41/screenshot - {}
RESULT: {}
RESULT: {"script":"<script> [8489 bytes]","args":[{"element-6066-11e4-a52e-4f735466cecf":"f.5AF93869D51CACD0ED0B7A3F3CCEB8C6.d.D45CE9780A4D4816A0977AAA03B5D2BA.e.3833","ELEMENT":"f.5AF93869D51CACD0ED0B7A3F3CCEB8C6.d.D45CE9780A4D4816A0977AAA03B5D2BA.e.3833"}]}
COMMAND: POST /session/a995b82d0df1730148f5e6c1edf10a41/execute/sync - {"script":"<script> [5351 bytes]","args":[{"element-6066-11e4-a52e-4f735466cecf":"f.5AF93869D51CACD0ED0B7A3F3CCEB8C6.d.D45CE9780A4D4816A0977AAA03B5D2BA.e.3833","ELEMENT":"f.5AF93869D51CACD0ED0B7A3F3CCEB8C6.d.D45CE9780A4D4816A0977AAA03B5D2BA.e.3833"}]}
COMMAND: GET /session/a995b82d0df1730148f5e6c1edf10a41/screenshot - {}
RESULT: {}
RESULT: {"script":"<script> [5351 bytes]","args":[{"element-6066-11e4-a52e-4f735466cecf":"f.5AF93869D51CACD0ED0B7A3F3CCEB8C6.d.D45CE9780A4D4816A0977AAA03B5D2BA.e.3833","ELEMENT":"f.5AF93869D51CACD0ED0B7A3F3CCEB8C6.d.D45CE9780A4D4816A0977AAA03B5D2BA.e.3833"}]}
COMMAND: POST /session/a995b82d0df1730148f5e6c1edf10a41/element/f.5AF93869D51CACD0ED0B7A3F3CCEB8C6.d.D45CE9780A4D4816A0977AAA03B5D2BA.e.3833/click - {}
COMMAND: GET /session/a995b82d0df1730148f5e6c1edf10a41/screenshot - {}
RESULT: {}
RESULT: {}
COMMAND: GET /session/a995b82d0df1730148f5e6c1edf10a41/screenshot - {}
COMMAND: POST /session/a995b82d0df1730148f5e6c1edf10a41/element - {"using":"xpath","value":"//input[@id=\"application-managesites-display-component---NewSite--siteId-inner\"]"}
RESULT: {}
RESULT: {}
RESULT: {"using":"xpath","value":"//input[@id=\"application-managesites-display-component---NewSite--siteId-inner\"]"}
COMMAND: POST /session/a995b82d0df1730148f5e6c1edf10a41/element - {"using":"xpath","value":"//input[@id=\"application-managesites-display-component---NewSite--siteId-inner\"]"}
RESULT: {"using":"xpath","value":"//input[@id=\"application-managesites-display-component---NewSite--siteId-inner\"]"}
COMMAND: POST /session/a995b82d0df1730148f5e6c1edf10a41/execute/async - {"script":"<script> [1562 bytes]","args":[{"selector":{"id":"application-managesites-display-component---NewSite--addressDetailDetailsName1","interaction":{"idSuffix":"inner"}},"wdio_ui5_key":"applicationmanagesites-display-component---NewSite--addressDetailDetailsName1"}]}
RESULT: {"script":"<script> [1562 bytes]","args":[{"selector":{"id":"application-managesites-display-component---NewSite--addressDetailDetailsName1","interaction":{"idSuffix":"inner"}},"wdio_ui5_key":"applicationmanagesites-display-component---NewSite--addressDetailDetailsName1"}]}
RESULT: undefined
COMMAND: POST /session/a995b82d0df1730148f5e6c1edf10a41/execute/async - {"script":"<script> [776 bytes]","args":[{"enterText":"Intercompany Site wdIO","selector":{"id":"application-managesites-display-component---NewSite--addressDetailDetailsName1","interaction":{"idSuffix":"inner"}},"clearTextFirst":true,"interactionType":"ENTER_TEXT"}]}
RESULT: {"script":"<script> [776 bytes]","args":[{"enterText":"Intercompany Site wdIO","selector":{"id":"application-managesites-display-component---NewSite--addressDetailDetailsName1","interaction":{"idSuffix":"inner"}},"clearTextFirst":true,"interactionType":"ENTER_TEXT"}]}
COMMAND: POST /session/a995b82d0df1730148f5e6c1edf10a41/execute/async - {"script":"<script> [1562 bytes]","args":[{"selector":{"id":"application-managesites-display-component---NewSite--addressDetailDetailsLanguage-arrow"},"wdio_ui5_key":"applicationmanagesites-display-component---NewSite--addressDetailDetailsLanguage-arrow"}]}
RESULT: {"script":"<script> [1562 bytes]","args":[{"selector":{"id":"application-managesites-display-component---NewSite--addressDetailDetailsLanguage-arrow"},"wdio_ui5_key":"applicationmanagesites-display-component---NewSite--addressDetailDetailsLanguage-arrow"}]}
RESULT: undefined
COMMAND: POST /session/a995b82d0df1730148f5e6c1edf10a41/element - {"using":"xpath","value":"//*[@id=\"application-managesites-display-component---NewSite--addressDetailDetailsLanguage-arrow\"]"}
RESULT: {"using":"xpath","value":"//*[@id=\"application-managesites-display-component---NewSite--addressDetailDetailsLanguage-arrow\"]"}
COMMAND: POST /session/a995b82d0df1730148f5e6c1edf10a41/element/f.5AF93869D51CACD0ED0B7A3F3CCEB8C6.d.D45CE9780A4D4816A0977AAA03B5D2BA.e.4468/click - {}
RESULT: {}
COMMAND: POST /session/a995b82d0df1730148f5e6c1edf10a41/element - {"using":"xpath","value":"//span[contains(text(), \"English\")]"}
COMMAND: GET /session/a995b82d0df1730148f5e6c1edf10a41/screenshot - {}
RESULT: {"using":"xpath","value":"//span[contains(text(), \"English\")]"}
COMMAND: POST /session/a995b82d0df1730148f5e6c1edf10a41/element/f.5AF93869D51CACD0ED0B7A3F3CCEB8C6.d.D45CE9780A4D4816A0977AAA03B5D2BA.e.4469/click - {}
RESULT: {}
RESULT: {}
COMMAND: POST /session/a995b82d0df1730148f5e6c1edf10a41/execute/async - {"script":"<script> [1562 bytes]","args":[{"selector":{"id":"application-managesites-display-component---NewSite--addressDetailDetailsCity1","interaction":{"idSuffix":"inner"}},"wdio_ui5_key":"applicationmanagesites-display-component---NewSite--addressDetailDetailsCity1"}]}
COMMAND: GET /session/a995b82d0df1730148f5e6c1edf10a41/screenshot - {}
RESULT: {"script":"<script> [1562 bytes]","args":[{"selector":{"id":"application-managesites-display-component---NewSite--addressDetailDetailsCity1","interaction":{"idSuffix":"inner"}},"wdio_ui5_key":"applicationmanagesites-display-component---NewSite--addressDetailDetailsCity1"}]}
RESULT: undefined
COMMAND: POST /session/a995b82d0df1730148f5e6c1edf10a41/execute/async - {"script":"<script> [776 bytes]","args":[{"enterText":"Rosario","selector":{"id":"application-managesites-display-component---NewSite--addressDetailDetailsCity1","interaction":{"idSuffix":"inner"}},"clearTextFirst":true,"interactionType":"ENTER_TEXT"}]}
RESULT: {}
RESULT: {"script":"<script> [776 bytes]","args":[{"enterText":"Rosario","selector":{"id":"application-managesites-display-component---NewSite--addressDetailDetailsCity1","interaction":{"idSuffix":"inner"}},"clearTextFirst":true,"interactionType":"ENTER_TEXT"}]}
COMMAND: POST /session/a995b82d0df1730148f5e6c1edf10a41/execute/async - {"script":"<script> [1562 bytes]","args":[{"selector":{"id":"application-managesites-display-component---NewSite--addressDetailDetailsCountry-arrow"},"wdio_ui5_key":"applicationmanagesites-display-component---NewSite--addressDetailDetailsCountry-arrow"}]}
RESULT: {"script":"<script> [1562 bytes]","args":[{"selector":{"id":"application-managesites-display-component---NewSite--addressDetailDetailsCountry-arrow"},"wdio_ui5_key":"applicationmanagesites-display-component---NewSite--addressDetailDetailsCountry-arrow"}]}
RESULT: undefined
COMMAND: POST /session/a995b82d0df1730148f5e6c1edf10a41/element - {"using":"xpath","value":"//*[@id=\"application-managesites-display-component---NewSite--addressDetailDetailsCountry-arrow\"]"}
RESULT: {"using":"xpath","value":"//*[@id=\"application-managesites-display-component---NewSite--addressDetailDetailsCountry-arrow\"]"}
COMMAND: POST /session/a995b82d0df1730148f5e6c1edf10a41/element/f.5AF93869D51CACD0ED0B7A3F3CCEB8C6.d.D45CE9780A4D4816A0977AAA03B5D2BA.e.4471/click - {}
RESULT: {}
COMMAND: POST /session/a995b82d0df1730148f5e6c1edf10a41/element - {"using":"xpath","value":"//span[contains(text(), \"Argentina\")]"}
COMMAND: GET /session/a995b82d0df1730148f5e6c1edf10a41/screenshot - {}
RESULT: {"using":"xpath","value":"//span[contains(text(), \"Argentina\")]"}
COMMAND: POST /session/a995b82d0df1730148f5e6c1edf10a41/element/f.5AF93869D51CACD0ED0B7A3F3CCEB8C6.d.D45CE9780A4D4816A0977AAA03B5D2BA.e.4473/click - {}
RESULT: {}
RESULT: {}
COMMAND: GET /session/a995b82d0df1730148f5e6c1edf10a41/screenshot - {}
RESULT: {}
COMMAND: POST /session/a995b82d0df1730148f5e6c1edf10a41/execute/async - {"script":"<script> [1562 bytes]","args":[{"selector":{"id":"application-managesites-display-component---NewSite--addressEditDetailsCostObjectCstType-arrow"},"wdio_ui5_key":"applicationmanagesites-display-component---NewSite--addressEditDetailsCostObjectCstType-arrow"}]}
RESULT: {"script":"<script> [1562 bytes]","args":[{"selector":{"id":"application-managesites-display-component---NewSite--addressEditDetailsCostObjectCstType-arrow"},"wdio_ui5_key":"applicationmanagesites-display-component---NewSite--addressEditDetailsCostObjectCstType-arrow"}]}
RESULT: undefined
COMMAND: POST /session/a995b82d0df1730148f5e6c1edf10a41/element - {"using":"xpath","value":"//*[@id=\"application-managesites-display-component---NewSite--addressEditDetailsCostObjectCstType-arrow\"]"}
RESULT: {"using":"xpath","value":"//*[@id=\"application-managesites-display-component---NewSite--addressEditDetailsCostObjectCstType-arrow\"]"}
COMMAND: POST /session/a995b82d0df1730148f5e6c1edf10a41/element/f.5AF93869D51CACD0ED0B7A3F3CCEB8C6.d.D45CE9780A4D4816A0977AAA03B5D2BA.e.4474/click - {}
RESULT: {}
COMMAND: POST /session/a995b82d0df1730148f5e6c1edf10a41/element - {"using":"xpath","value":"//span[contains(text(), \"Cost Center\")]"}
COMMAND: GET /session/a995b82d0df1730148f5e6c1edf10a41/screenshot - {}
RESULT: {"using":"xpath","value":"//span[contains(text(), \"Cost Center\")]"}
COMMAND: POST /session/a995b82d0df1730148f5e6c1edf10a41/element/f.5AF93869D51CACD0ED0B7A3F3CCEB8C6.d.D45CE9780A4D4816A0977AAA03B5D2BA.e.4476/click - {}
RESULT: {}
RESULT: {}
COMMAND: GET /session/a995b82d0df1730148f5e6c1edf10a41/screenshot - {}
RESULT: {}
COMMAND: POST /session/a995b82d0df1730148f5e6c1edf10a41/element - {"using":"xpath","value":"//span[@id=\"application-managesites-display-component---NewSite--addressNewCostObjectCstID-vhi\"]"}
RESULT: {"using":"xpath","value":"//span[@id=\"application-managesites-display-component---NewSite--addressNewCostObjectCstID-vhi\"]"}
COMMAND: POST /session/a995b82d0df1730148f5e6c1edf10a41/execute/sync - {"script":"<script> [8489 bytes]","args":[{"element-6066-11e4-a52e-4f735466cecf":"f.5AF93869D51CACD0ED0B7A3F3CCEB8C6.d.D45CE9780A4D4816A0977AAA03B5D2BA.e.4480","ELEMENT":"f.5AF93869D51CACD0ED0B7A3F3CCEB8C6.d.D45CE9780A4D4816A0977AAA03B5D2BA.e.4480"}]}
RESULT: {"script":"<script> [8489 bytes]","args":[{"element-6066-11e4-a52e-4f735466cecf":"f.5AF93869D51CACD0ED0B7A3F3CCEB8C6.d.D45CE9780A4D4816A0977AAA03B5D2BA.e.4480","ELEMENT":"f.5AF93869D51CACD0ED0B7A3F3CCEB8C6.d.D45CE9780A4D4816A0977AAA03B5D2BA.e.4480"}]}
COMMAND: POST /session/a995b82d0df1730148f5e6c1edf10a41/execute/async - {"script":"<script> [1562 bytes]","args":[{"selector":{"id":"application-managesites-display-component---NewSite--addressNewCostObjectCstID-vhi"},"wdio_ui5_key":"applicationmanagesites-display-component---NewSite--addressNewCostObjectCstID-vhi"}]}
COMMAND: GET /session/a995b82d0df1730148f5e6c1edf10a41/screenshot - {}
RESULT: {"script":"<script> [1562 bytes]","args":[{"selector":{"id":"application-managesites-display-component---NewSite--addressNewCostObjectCstID-vhi"},"wdio_ui5_key":"applicationmanagesites-display-component---NewSite--addressNewCostObjectCstID-vhi"}]}
RESULT: undefined
COMMAND: POST /session/a995b82d0df1730148f5e6c1edf10a41/element - {"using":"xpath","value":"//*[@id=\"application-managesites-display-component---NewSite--addressNewCostObjectCstID-vhi\"]"}
RESULT: {}
RESULT: {"using":"xpath","value":"//*[@id=\"application-managesites-display-component---NewSite--addressNewCostObjectCstID-vhi\"]"}
COMMAND: POST /session/a995b82d0df1730148f5e6c1edf10a41/element/f.5AF93869D51CACD0ED0B7A3F3CCEB8C6.d.D45CE9780A4D4816A0977AAA03B5D2BA.e.4480/click - {}
RESULT: {}
COMMAND: GET /session/a995b82d0df1730148f5e6c1edf10a41/screenshot - {}
RESULT: {}
RESULT: undefined
COMMAND: POST /session/a995b82d0df1730148f5e6c1edf10a41/execute/async - {"script":"<script> [776 bytes]","args":[{"enterText":"10001013","selector":{"controlType":"sap.m.SearchField","properties":{"placeholder":"Search"},"searchOpenDialogs":true,"interaction":{"idSuffix":"I"}},"clearTextFirst":true,"interactionType":"ENTER_TEXT"}]}
RESULT: {"script":"<script> [776 bytes]","args":[{"enterText":"10001013","selector":{"controlType":"sap.m.SearchField","properties":{"placeholder":"Search"},"searchOpenDialogs":true,"interaction":{"idSuffix":"I"}},"clearTextFirst":true,"interactionType":"ENTER_TEXT"}]}
COMMAND: POST /session/a995b82d0df1730148f5e6c1edf10a41/actions - {"actions":[{"id":"action6","type":"key","parameters":{},"actions":[{"type":"keyDown","value":""},{"type":"pause","duration":10},{"type":"keyUp","value":""}]}]}
RESULT: {"actions":[{"id":"action6","type":"key","parameters":{},"actions":[{"type":"keyDown","value":""},{"type":"pause","duration":10},{"type":"keyUp","value":""}]}]}
COMMAND: GET /session/a995b82d0df1730148f5e6c1edf10a41/screenshot - {}
RESULT: {}
COMMAND: POST /session/a995b82d0df1730148f5e6c1edf10a41/element - {"using":"xpath","value":"//span[contains(text(), \"General Management\")]"}
RESULT: {"using":"xpath","value":"//span[contains(text(), \"General Management\")]"}
COMMAND: POST /session/a995b82d0df1730148f5e6c1edf10a41/element/f.5AF93869D51CACD0ED0B7A3F3CCEB8C6.d.D45CE9780A4D4816A0977AAA03B5D2BA.e.4518/click - {}
RESULT: {}
COMMAND: GET /session/a995b82d0df1730148f5e6c1edf10a41/screenshot - {}
RESULT: {}
COMMAND: POST /session/a995b82d0df1730148f5e6c1edf10a41/element - {"using":"xpath","value":"//bdi[contains(text(), \"OK\")]"}
RESULT: {"using":"xpath","value":"//bdi[contains(text(), \"OK\")]"}
COMMAND: POST /session/a995b82d0df1730148f5e6c1edf10a41/element/f.5AF93869D51CACD0ED0B7A3F3CCEB8C6.d.D45CE9780A4D4816A0977AAA03B5D2BA.e.4519/click - {}
RESULT: {}
COMMAND: GET /session/a995b82d0df1730148f5e6c1edf10a41/screenshot - {}
RESULT: {}
COMMAND: POST /session/a995b82d0df1730148f5e6c1edf10a41/element - {"using":"xpath","value":"//input[@id=\"application-managesites-display-component---NewSite--addressDetailDetailsCalendar-inner\"]"}
RESULT: {"using":"xpath","value":"//input[@id=\"application-managesites-display-component---NewSite--addressDetailDetailsCalendar-inner\"]"}
COMMAND: POST /session/a995b82d0df1730148f5e6c1edf10a41/element/f.5AF93869D51CACD0ED0B7A3F3CCEB8C6.d.D45CE9780A4D4816A0977AAA03B5D2BA.e.4296/clear - {}
RESULT: {}
COMMAND: POST /session/a995b82d0df1730148f5e6c1edf10a41/element/f.5AF93869D51CACD0ED0B7A3F3CCEB8C6.d.D45CE9780A4D4816A0977AAA03B5D2BA.e.4296/value - {"text":"Unit"}
COMMAND: GET /session/a995b82d0df1730148f5e6c1edf10a41/screenshot - {}
RESULT: {"text":"Unit"}
COMMAND: GET /session/a995b82d0df1730148f5e6c1edf10a41/screenshot - {}
RESULT: {}
RESULT: {}
COMMAND: POST /session/a995b82d0df1730148f5e6c1edf10a41/actions - {"actions":[{"id":"action7","type":"key","parameters":{},"actions":[{"type":"keyDown","value":""},{"type":"pause","duration":10},{"type":"keyUp","value":""}]}]}
RESULT: {"actions":[{"id":"action7","type":"key","parameters":{},"actions":[{"type":"keyDown","value":""},{"type":"pause","duration":10},{"type":"keyUp","value":""}]}]}
COMMAND: POST /session/a995b82d0df1730148f5e6c1edf10a41/element - {"using":"xpath","value":"//input[@id=\"application-managesites-display-component---NewSite--addressDetailDetailsYard-inner\"]"}
COMMAND: GET /session/a995b82d0df1730148f5e6c1edf10a41/screenshot - {}
RESULT: {"using":"xpath","value":"//input[@id=\"application-managesites-display-component---NewSite--addressDetailDetailsYard-inner\"]"}
COMMAND: POST /session/a995b82d0df1730148f5e6c1edf10a41/element/f.5AF93869D51CACD0ED0B7A3F3CCEB8C6.d.D45CE9780A4D4816A0977AAA03B5D2BA.e.4297/clear - {}
RESULT: {}
RESULT: {}
COMMAND: POST /session/a995b82d0df1730148f5e6c1edf10a41/element/f.5AF93869D51CACD0ED0B7A3F3CCEB8C6.d.D45CE9780A4D4816A0977AAA03B5D2BA.e.4297/value - {"text":"505"}
COMMAND: GET /session/a995b82d0df1730148f5e6c1edf10a41/screenshot - {}
RESULT: {"text":"505"}
COMMAND: GET /session/a995b82d0df1730148f5e6c1edf10a41/screenshot - {}
RESULT: {}
RESULT: {}
COMMAND: POST /session/a995b82d0df1730148f5e6c1edf10a41/element - {"using":"xpath","value":"//li[.//span[text()='505']]"}
RESULT: {"using":"xpath","value":"//li[.//span[text()='505']]"}
COMMAND: POST /session/a995b82d0df1730148f5e6c1edf10a41/element/f.5AF93869D51CACD0ED0B7A3F3CCEB8C6.d.D45CE9780A4D4816A0977AAA03B5D2BA.e.4527/click - {}
RESULT: {}
COMMAND: GET /session/a995b82d0df1730148f5e6c1edf10a41/screenshot - {}
RESULT: {}
COMMAND: POST /session/a995b82d0df1730148f5e6c1edf10a41/element - {"using":"xpath","value":"//input[@id=\"application-managesites-display-component---NewSite--addressDetailDetailsPartner-inner\"]"}
RESULT: {"using":"xpath","value":"//input[@id=\"application-managesites-display-component---NewSite--addressDetailDetailsPartner-inner\"]"}
COMMAND: POST /session/a995b82d0df1730148f5e6c1edf10a41/element - {"using":"xpath","value":"//input[@id=\"application-managesites-display-component---NewSite--addressDetailDetailsPartner-inner\"]"}
RESULT: {"using":"xpath","value":"//input[@id=\"application-managesites-display-component---NewSite--addressDetailDetailsPartner-inner\"]"}
COMMAND: POST /session/a995b82d0df1730148f5e6c1edf10a41/element - {"using":"xpath","value":"//button[@data-kt=\"saveButton\"]"}
RESULT: {"using":"xpath","value":"//button[@data-kt=\"saveButton\"]"}
COMMAND: POST /session/a995b82d0df1730148f5e6c1edf10a41/element/f.5AF93869D51CACD0ED0B7A3F3CCEB8C6.d.D45CE9780A4D4816A0977AAA03B5D2BA.e.4448/click - {}
RESULT: {}
COMMAND: GET /session/a995b82d0df1730148f5e6c1edf10a41/screenshot - {}
COMMAND: POST /session/a995b82d0df1730148f5e6c1edf10a41/element - {"using":"xpath","value":"//header[contains(@id, 'ObjectPageLayout-headerTitle')]/div[1]/div[2]/div[2]/span[1]"}
RESULT: {}
RESULT: {"using":"xpath","value":"//header[contains(@id, 'ObjectPageLayout-headerTitle')]/div[1]/div[2]/div[2]/span[1]"}
COMMAND: POST /session/a995b82d0df1730148f5e6c1edf10a41/elements - {"using":"xpath","value":"//header[contains(@id, 'ObjectPageLayout-headerTitle')]/div[1]/div[2]/div[2]/span[1]"}
RESULT: {"using":"xpath","value":"//header[contains(@id, 'ObjectPageLayout-headerTitle')]/div[1]/div[2]/div[2]/span[1]"}
COMMAND: POST /session/a995b82d0df1730148f5e6c1edf10a41/execute/sync - {"script":"<script> [56 bytes]","args":[{"element-6066-11e4-a52e-4f735466cecf":"f.5AF93869D51CACD0ED0B7A3F3CCEB8C6.d.D45CE9780A4D4816A0977AAA03B5D2BA.e.4730","ELEMENT":"f.5AF93869D51CACD0ED0B7A3F3CCEB8C6.d.D45CE9780A4D4816A0977AAA03B5D2BA.e.4730"}]}
RESULT: {"script":"<script> [56 bytes]","args":[{"element-6066-11e4-a52e-4f735466cecf":"f.5AF93869D51CACD0ED0B7A3F3CCEB8C6.d.D45CE9780A4D4816A0977AAA03B5D2BA.e.4730","ELEMENT":"f.5AF93869D51CACD0ED0B7A3F3CCEB8C6.d.D45CE9780A4D4816A0977AAA03B5D2BA.e.4730"}]}
COMMAND: POST /session/a995b82d0df1730148f5e6c1edf10a41/element - {"using":"css selector","value":"#shell-header-logo"}
COMMAND: GET /session/a995b82d0df1730148f5e6c1edf10a41/screenshot - {}
RESULT: {"using":"css selector","value":"#shell-header-logo"}
COMMAND: POST /session/a995b82d0df1730148f5e6c1edf10a41/element/f.5AF93869D51CACD0ED0B7A3F3CCEB8C6.d.D45CE9780A4D4816A0977AAA03B5D2BA.e.3791/click - {}
RESULT: {}
RESULT: {}
COMMAND: GET /session/a995b82d0df1730148f5e6c1edf10a41/screenshot - {}
RESULT: {}
COMMAND: POST /session/a995b82d0df1730148f5e6c1edf10a41/execute/sync - {"script":"<script> [299 bytes]","args":[["getModel","getResource"]]}
RESULT: {"script":"<script> [299 bytes]","args":[["getModel","getResource"]]}
]]></system-out>
    </testcase>
    <testcase classname="chrome.136_0_7103_93.windows.Billing_Transfer_-_Master_data_&amp;_Intercompany_US127250" name="Should create a new equipment" time="148.176">
      <system-out><![CDATA[
COMMAND: GET /session/a995b82d0df1730148f5e6c1edf10a41/screenshot - {}
COMMAND: POST /session/a995b82d0df1730148f5e6c1edf10a41/execute/async - {"script":"<script> [1562 bytes]","args":[{"selector":{"controlType":"sap.m.GenericTile","properties":{"header":"Manage Resources"}},"wdio_ui5_key":"sapm.GenericTile{\"header\":\"Manage Resources\"}"}]}
RESULT: {}
RESULT: {"script":"<script> [1562 bytes]","args":[{"selector":{"controlType":"sap.m.GenericTile","properties":{"header":"Manage Resources"}},"wdio_ui5_key":"sapm.GenericTile{\"header\":\"Manage Resources\"}"}]}
RESULT: undefined
COMMAND: POST /session/a995b82d0df1730148f5e6c1edf10a41/element - {"using":"xpath","value":"//*[@id=\"__tile39\"]"}
RESULT: {"using":"xpath","value":"//*[@id=\"__tile39\"]"}
COMMAND: POST /session/a995b82d0df1730148f5e6c1edf10a41/element/f.5AF93869D51CACD0ED0B7A3F3CCEB8C6.d.D45CE9780A4D4816A0977AAA03B5D2BA.e.2144/click - {}
RESULT: {}
COMMAND: GET /session/a995b82d0df1730148f5e6c1edf10a41/screenshot - {}
RESULT: {}
COMMAND: POST /session/a995b82d0df1730148f5e6c1edf10a41/elements - {"using":"xpath","value":"//span[text()='Error']"}
RESULT: {"using":"xpath","value":"//span[text()='Error']"}
COMMAND: POST /session/a995b82d0df1730148f5e6c1edf10a41/element - {"using":"xpath","value":"//button[@data-kt=\"addNewRUOverflowToolbarButton\"]"}
RESULT: {"using":"xpath","value":"//button[@data-kt=\"addNewRUOverflowToolbarButton\"]"}
COMMAND: POST /session/a995b82d0df1730148f5e6c1edf10a41/elements - {"using":"xpath","value":"//button[@data-kt=\"addNewRUOverflowToolbarButton\"]"}
RESULT: {"using":"xpath","value":"//button[@data-kt=\"addNewRUOverflowToolbarButton\"]"}
COMMAND: POST /session/a995b82d0df1730148f5e6c1edf10a41/elements - {"using":"xpath","value":"//button[@data-kt=\"addNewRUOverflowToolbarButton\"]"}
RESULT: {"using":"xpath","value":"//button[@data-kt=\"addNewRUOverflowToolbarButton\"]"}
COMMAND: POST /session/a995b82d0df1730148f5e6c1edf10a41/elements - {"using":"xpath","value":"//button[@data-kt=\"addNewRUOverflowToolbarButton\"]"}
RESULT: {"using":"xpath","value":"//button[@data-kt=\"addNewRUOverflowToolbarButton\"]"}
COMMAND: POST /session/a995b82d0df1730148f5e6c1edf10a41/elements - {"using":"xpath","value":"//button[@data-kt=\"addNewRUOverflowToolbarButton\"]"}
RESULT: {"using":"xpath","value":"//button[@data-kt=\"addNewRUOverflowToolbarButton\"]"}
COMMAND: POST /session/a995b82d0df1730148f5e6c1edf10a41/elements - {"using":"xpath","value":"//button[@data-kt=\"addNewRUOverflowToolbarButton\"]"}
RESULT: {"using":"xpath","value":"//button[@data-kt=\"addNewRUOverflowToolbarButton\"]"}
COMMAND: POST /session/a995b82d0df1730148f5e6c1edf10a41/element - {"using":"xpath","value":"//button[@data-kt=\"addNewRUOverflowToolbarButton\"]"}
RESULT: {"using":"xpath","value":"//button[@data-kt=\"addNewRUOverflowToolbarButton\"]"}
COMMAND: POST /session/a995b82d0df1730148f5e6c1edf10a41/execute/sync - {"script":"<script> [8489 bytes]","args":[{"element-6066-11e4-a52e-4f735466cecf":"f.5AF93869D51CACD0ED0B7A3F3CCEB8C6.d.D45CE9780A4D4816A0977AAA03B5D2BA.e.4773","ELEMENT":"f.5AF93869D51CACD0ED0B7A3F3CCEB8C6.d.D45CE9780A4D4816A0977AAA03B5D2BA.e.4773"}]}
RESULT: {"script":"<script> [8489 bytes]","args":[{"element-6066-11e4-a52e-4f735466cecf":"f.5AF93869D51CACD0ED0B7A3F3CCEB8C6.d.D45CE9780A4D4816A0977AAA03B5D2BA.e.4773","ELEMENT":"f.5AF93869D51CACD0ED0B7A3F3CCEB8C6.d.D45CE9780A4D4816A0977AAA03B5D2BA.e.4773"}]}
COMMAND: GET /session/a995b82d0df1730148f5e6c1edf10a41/element/f.5AF93869D51CACD0ED0B7A3F3CCEB8C6.d.D45CE9780A4D4816A0977AAA03B5D2BA.e.4773/enabled - {}
COMMAND: GET /session/a995b82d0df1730148f5e6c1edf10a41/screenshot - {}
RESULT: {}
COMMAND: POST /session/a995b82d0df1730148f5e6c1edf10a41/execute/sync - {"script":"<script> [8489 bytes]","args":[{"element-6066-11e4-a52e-4f735466cecf":"f.5AF93869D51CACD0ED0B7A3F3CCEB8C6.d.D45CE9780A4D4816A0977AAA03B5D2BA.e.4773","ELEMENT":"f.5AF93869D51CACD0ED0B7A3F3CCEB8C6.d.D45CE9780A4D4816A0977AAA03B5D2BA.e.4773"}]}
COMMAND: GET /session/a995b82d0df1730148f5e6c1edf10a41/screenshot - {}
RESULT: {}
RESULT: {"script":"<script> [8489 bytes]","args":[{"element-6066-11e4-a52e-4f735466cecf":"f.5AF93869D51CACD0ED0B7A3F3CCEB8C6.d.D45CE9780A4D4816A0977AAA03B5D2BA.e.4773","ELEMENT":"f.5AF93869D51CACD0ED0B7A3F3CCEB8C6.d.D45CE9780A4D4816A0977AAA03B5D2BA.e.4773"}]}
COMMAND: POST /session/a995b82d0df1730148f5e6c1edf10a41/execute/sync - {"script":"<script> [5351 bytes]","args":[{"element-6066-11e4-a52e-4f735466cecf":"f.5AF93869D51CACD0ED0B7A3F3CCEB8C6.d.D45CE9780A4D4816A0977AAA03B5D2BA.e.4773","ELEMENT":"f.5AF93869D51CACD0ED0B7A3F3CCEB8C6.d.D45CE9780A4D4816A0977AAA03B5D2BA.e.4773"}]}
COMMAND: GET /session/a995b82d0df1730148f5e6c1edf10a41/screenshot - {}
RESULT: {}
RESULT: {"script":"<script> [5351 bytes]","args":[{"element-6066-11e4-a52e-4f735466cecf":"f.5AF93869D51CACD0ED0B7A3F3CCEB8C6.d.D45CE9780A4D4816A0977AAA03B5D2BA.e.4773","ELEMENT":"f.5AF93869D51CACD0ED0B7A3F3CCEB8C6.d.D45CE9780A4D4816A0977AAA03B5D2BA.e.4773"}]}
COMMAND: POST /session/a995b82d0df1730148f5e6c1edf10a41/element/f.5AF93869D51CACD0ED0B7A3F3CCEB8C6.d.D45CE9780A4D4816A0977AAA03B5D2BA.e.4773/click - {}
COMMAND: GET /session/a995b82d0df1730148f5e6c1edf10a41/screenshot - {}
RESULT: {}
RESULT: {}
COMMAND: GET /session/a995b82d0df1730148f5e6c1edf10a41/screenshot - {}
RESULT: {}
RESULT: {}
COMMAND: POST /session/a995b82d0df1730148f5e6c1edf10a41/execute/async - {"script":"<script> [1562 bytes]","args":[{"selector":{"id":"application-manageresources-display-component---newResourceUnit--TYPE-arrow"},"wdio_ui5_key":"applicationmanageresources-display-component---newResourceUnit--TYPE-arrow"}]}
RESULT: {"script":"<script> [1562 bytes]","args":[{"selector":{"id":"application-manageresources-display-component---newResourceUnit--TYPE-arrow"},"wdio_ui5_key":"applicationmanageresources-display-component---newResourceUnit--TYPE-arrow"}]}
RESULT: undefined
COMMAND: POST /session/a995b82d0df1730148f5e6c1edf10a41/element - {"using":"xpath","value":"//*[@id=\"application-manageresources-display-component---newResourceUnit--TYPE-arrow\"]"}
RESULT: {"using":"xpath","value":"//*[@id=\"application-manageresources-display-component---newResourceUnit--TYPE-arrow\"]"}
COMMAND: POST /session/a995b82d0df1730148f5e6c1edf10a41/element/f.5AF93869D51CACD0ED0B7A3F3CCEB8C6.d.D45CE9780A4D4816A0977AAA03B5D2BA.e.5116/click - {}
RESULT: {}
COMMAND: POST /session/a995b82d0df1730148f5e6c1edf10a41/element - {"using":"xpath","value":"//input[@id=\"application-manageresources-display-component---newResourceUnit--TYPE-inner\"]"}
COMMAND: GET /session/a995b82d0df1730148f5e6c1edf10a41/screenshot - {}
RESULT: {"using":"xpath","value":"//input[@id=\"application-manageresources-display-component---newResourceUnit--TYPE-inner\"]"}
COMMAND: POST /session/a995b82d0df1730148f5e6c1edf10a41/element/f.5AF93869D51CACD0ED0B7A3F3CCEB8C6.d.D45CE9780A4D4816A0977AAA03B5D2BA.e.5112/clear - {}
RESULT: {}
RESULT: {}
COMMAND: POST /session/a995b82d0df1730148f5e6c1edf10a41/element/f.5AF93869D51CACD0ED0B7A3F3CCEB8C6.d.D45CE9780A4D4816A0977AAA03B5D2BA.e.5112/value - {"text":"Equipment"}
COMMAND: GET /session/a995b82d0df1730148f5e6c1edf10a41/screenshot - {}
RESULT: {"text":"Equipment"}
COMMAND: GET /session/a995b82d0df1730148f5e6c1edf10a41/screenshot - {}
RESULT: {}
RESULT: {}
COMMAND: POST /session/a995b82d0df1730148f5e6c1edf10a41/actions - {"actions":[{"id":"action8","type":"key","parameters":{},"actions":[{"type":"keyDown","value":""},{"type":"pause","duration":10},{"type":"keyUp","value":""}]}]}
RESULT: {"actions":[{"id":"action8","type":"key","parameters":{},"actions":[{"type":"keyDown","value":""},{"type":"pause","duration":10},{"type":"keyUp","value":""}]}]}
COMMAND: POST /session/a995b82d0df1730148f5e6c1edf10a41/execute/async - {"script":"<script> [1562 bytes]","args":[{"selector":{"id":"application-manageresources-display-component---newResourceUnit--resourceId","interaction":{"idSuffix":"inner"}},"wdio_ui5_key":"applicationmanageresources-display-component---newResourceUnit--resourceId"}]}
COMMAND: GET /session/a995b82d0df1730148f5e6c1edf10a41/screenshot - {}
RESULT: {"script":"<script> [1562 bytes]","args":[{"selector":{"id":"application-manageresources-display-component---newResourceUnit--resourceId","interaction":{"idSuffix":"inner"}},"wdio_ui5_key":"applicationmanageresources-display-component---newResourceUnit--resourceId"}]}
RESULT: undefined
COMMAND: POST /session/a995b82d0df1730148f5e6c1edf10a41/execute/async - {"script":"<script> [776 bytes]","args":[{"enterText":"nuMwpOZVfZ","selector":{"id":"application-manageresources-display-component---newResourceUnit--resourceId","interaction":{"idSuffix":"inner"}},"clearTextFirst":true,"interactionType":"ENTER_TEXT"}]}
RESULT: {}
RESULT: {"script":"<script> [776 bytes]","args":[{"enterText":"nuMwpOZVfZ","selector":{"id":"application-manageresources-display-component---newResourceUnit--resourceId","interaction":{"idSuffix":"inner"}},"clearTextFirst":true,"interactionType":"ENTER_TEXT"}]}
COMMAND: POST /session/a995b82d0df1730148f5e6c1edf10a41/execute/async - {"script":"<script> [1562 bytes]","args":[{"selector":{"id":"application-manageresources-display-component---newResourceUnit--SHORT_TEXT","interaction":{"idSuffix":"inner"}},"wdio_ui5_key":"applicationmanageresources-display-component---newResourceUnit--SHORT_TEXT"}]}
RESULT: {"script":"<script> [1562 bytes]","args":[{"selector":{"id":"application-manageresources-display-component---newResourceUnit--SHORT_TEXT","interaction":{"idSuffix":"inner"}},"wdio_ui5_key":"applicationmanageresources-display-component---newResourceUnit--SHORT_TEXT"}]}
RESULT: undefined
COMMAND: POST /session/a995b82d0df1730148f5e6c1edf10a41/execute/async - {"script":"<script> [776 bytes]","args":[{"enterText":"Intercompany Equipment WDIO","selector":{"id":"application-manageresources-display-component---newResourceUnit--SHORT_TEXT","interaction":{"idSuffix":"inner"}},"clearTextFirst":true,"interactionType":"ENTER_TEXT"}]}
RESULT: {"script":"<script> [776 bytes]","args":[{"enterText":"Intercompany Equipment WDIO","selector":{"id":"application-manageresources-display-component---newResourceUnit--SHORT_TEXT","interaction":{"idSuffix":"inner"}},"clearTextFirst":true,"interactionType":"ENTER_TEXT"}]}
COMMAND: POST /session/a995b82d0df1730148f5e6c1edf10a41/execute/async - {"script":"<script> [1562 bytes]","args":[{"selector":{"id":"application-manageresources-display-component---newResourceUnit--BASE_UNIT_OF_MEASURE","interaction":{"idSuffix":"inner"}},"wdio_ui5_key":"applicationmanageresources-display-component---newResourceUnit--BASE_UNIT_OF_MEASURE"}]}
RESULT: {"script":"<script> [1562 bytes]","args":[{"selector":{"id":"application-manageresources-display-component---newResourceUnit--BASE_UNIT_OF_MEASURE","interaction":{"idSuffix":"inner"}},"wdio_ui5_key":"applicationmanageresources-display-component---newResourceUnit--BASE_UNIT_OF_MEASURE"}]}
RESULT: undefined
COMMAND: POST /session/a995b82d0df1730148f5e6c1edf10a41/execute/async - {"script":"<script> [776 bytes]","args":[{"enterText":"Piece","selector":{"id":"application-manageresources-display-component---newResourceUnit--BASE_UNIT_OF_MEASURE","interaction":{"idSuffix":"inner"}},"clearTextFirst":true,"interactionType":"ENTER_TEXT"}]}
RESULT: {"script":"<script> [776 bytes]","args":[{"enterText":"Piece","selector":{"id":"application-manageresources-display-component---newResourceUnit--BASE_UNIT_OF_MEASURE","interaction":{"idSuffix":"inner"}},"clearTextFirst":true,"interactionType":"ENTER_TEXT"}]}
COMMAND: POST /session/a995b82d0df1730148f5e6c1edf10a41/execute/async - {"script":"<script> [1562 bytes]","args":[{"selector":{"id":"application-manageresources-display-component---newResourceUnit--WEIGHT_UNIT","interaction":{"idSuffix":"inner"}},"wdio_ui5_key":"applicationmanageresources-display-component---newResourceUnit--WEIGHT_UNIT"}]}
RESULT: {"script":"<script> [1562 bytes]","args":[{"selector":{"id":"application-manageresources-display-component---newResourceUnit--WEIGHT_UNIT","interaction":{"idSuffix":"inner"}},"wdio_ui5_key":"applicationmanageresources-display-component---newResourceUnit--WEIGHT_UNIT"}]}
RESULT: undefined
COMMAND: POST /session/a995b82d0df1730148f5e6c1edf10a41/execute/async - {"script":"<script> [776 bytes]","args":[{"enterText":"Gram","selector":{"id":"application-manageresources-display-component---newResourceUnit--WEIGHT_UNIT","interaction":{"idSuffix":"inner"}},"clearTextFirst":true,"interactionType":"ENTER_TEXT"}]}
RESULT: {"script":"<script> [776 bytes]","args":[{"enterText":"Gram","selector":{"id":"application-manageresources-display-component---newResourceUnit--WEIGHT_UNIT","interaction":{"idSuffix":"inner"}},"clearTextFirst":true,"interactionType":"ENTER_TEXT"}]}
COMMAND: POST /session/a995b82d0df1730148f5e6c1edf10a41/execute/async - {"script":"<script> [1562 bytes]","args":[{"selector":{"id":"application-manageresources-display-component---newResourceUnit--DIMENSION_UNIT","interaction":{"idSuffix":"inner"}},"wdio_ui5_key":"applicationmanageresources-display-component---newResourceUnit--DIMENSION_UNIT"}]}
RESULT: {"script":"<script> [1562 bytes]","args":[{"selector":{"id":"application-manageresources-display-component---newResourceUnit--DIMENSION_UNIT","interaction":{"idSuffix":"inner"}},"wdio_ui5_key":"applicationmanageresources-display-component---newResourceUnit--DIMENSION_UNIT"}]}
RESULT: undefined
COMMAND: POST /session/a995b82d0df1730148f5e6c1edf10a41/execute/async - {"script":"<script> [776 bytes]","args":[{"enterText":"Meter","selector":{"id":"application-manageresources-display-component---newResourceUnit--DIMENSION_UNIT","interaction":{"idSuffix":"inner"}},"clearTextFirst":true,"interactionType":"ENTER_TEXT"}]}
RESULT: {"script":"<script> [776 bytes]","args":[{"enterText":"Meter","selector":{"id":"application-manageresources-display-component---newResourceUnit--DIMENSION_UNIT","interaction":{"idSuffix":"inner"}},"clearTextFirst":true,"interactionType":"ENTER_TEXT"}]}
COMMAND: POST /session/a995b82d0df1730148f5e6c1edf10a41/execute/async - {"script":"<script> [1562 bytes]","args":[{"selector":{"id":"application-manageresources-display-component---newResourceUnit--newRRUPage-anchBar-application-manageresources-display-component---newResourceUnit--control-anchor","interaction":{"idSuffix":"BDI-content"}},"wdio_ui5_key":"applicationmanageresources-display-component---newResourceUnit--newRRUPage-anchBar-application-manageresources-display-component---newResourceUnit--control-anchor"}]}
RESULT: {"script":"<script> [1562 bytes]","args":[{"selector":{"id":"application-manageresources-display-component---newResourceUnit--newRRUPage-anchBar-application-manageresources-display-component---newResourceUnit--control-anchor","interaction":{"idSuffix":"BDI-content"}},"wdio_ui5_key":"applicationmanageresources-display-component---newResourceUnit--newRRUPage-anchBar-application-manageresources-display-component---newResourceUnit--control-anchor"}]}
RESULT: undefined
COMMAND: POST /session/a995b82d0df1730148f5e6c1edf10a41/element - {"using":"xpath","value":"//*[@id=\"application-manageresources-display-component---newResourceUnit--newRRUPage-anchBar-application-manageresources-display-component---newResourceUnit--control-anchor\"]"}
RESULT: {"using":"xpath","value":"//*[@id=\"application-manageresources-display-component---newResourceUnit--newRRUPage-anchBar-application-manageresources-display-component---newResourceUnit--control-anchor\"]"}
COMMAND: POST /session/a995b82d0df1730148f5e6c1edf10a41/element/f.5AF93869D51CACD0ED0B7A3F3CCEB8C6.d.D45CE9780A4D4816A0977AAA03B5D2BA.e.5275/click - {}
RESULT: {}
COMMAND: POST /session/a995b82d0df1730148f5e6c1edf10a41/execute/async - {"script":"<script> [1562 bytes]","args":[{"selector":{"id":"application-manageresources-display-component---newResourceUnit--PLANNING_GROUP","interaction":{"idSuffix":"inner"}},"wdio_ui5_key":"applicationmanageresources-display-component---newResourceUnit--PLANNING_GROUP"}]}
COMMAND: GET /session/a995b82d0df1730148f5e6c1edf10a41/screenshot - {}
RESULT: {"script":"<script> [1562 bytes]","args":[{"selector":{"id":"application-manageresources-display-component---newResourceUnit--PLANNING_GROUP","interaction":{"idSuffix":"inner"}},"wdio_ui5_key":"applicationmanageresources-display-component---newResourceUnit--PLANNING_GROUP"}]}
RESULT: undefined
COMMAND: POST /session/a995b82d0df1730148f5e6c1edf10a41/execute/async - {"script":"<script> [776 bytes]","args":[{"enterText":"Heavy Equi","selector":{"id":"application-manageresources-display-component---newResourceUnit--PLANNING_GROUP","interaction":{"idSuffix":"inner"}},"clearTextFirst":true,"interactionType":"ENTER_TEXT"}]}
RESULT: {}
RESULT: {"script":"<script> [776 bytes]","args":[{"enterText":"Heavy Equi","selector":{"id":"application-manageresources-display-component---newResourceUnit--PLANNING_GROUP","interaction":{"idSuffix":"inner"}},"clearTextFirst":true,"interactionType":"ENTER_TEXT"}]}
COMMAND: POST /session/a995b82d0df1730148f5e6c1edf10a41/execute/async - {"script":"<script> [1562 bytes]","args":[{"selector":{"id":"application-manageresources-display-component---newResourceUnit--ITEM_TYPE-arrow"},"wdio_ui5_key":"applicationmanageresources-display-component---newResourceUnit--ITEM_TYPE-arrow"}]}
RESULT: {"script":"<script> [1562 bytes]","args":[{"selector":{"id":"application-manageresources-display-component---newResourceUnit--ITEM_TYPE-arrow"},"wdio_ui5_key":"applicationmanageresources-display-component---newResourceUnit--ITEM_TYPE-arrow"}]}
RESULT: undefined
COMMAND: POST /session/a995b82d0df1730148f5e6c1edf10a41/element - {"using":"xpath","value":"//*[@id=\"application-manageresources-display-component---newResourceUnit--ITEM_TYPE-arrow\"]"}
RESULT: {"using":"xpath","value":"//*[@id=\"application-manageresources-display-component---newResourceUnit--ITEM_TYPE-arrow\"]"}
COMMAND: POST /session/a995b82d0df1730148f5e6c1edf10a41/element/f.5AF93869D51CACD0ED0B7A3F3CCEB8C6.d.D45CE9780A4D4816A0977AAA03B5D2BA.e.5282/click - {}
RESULT: {}
COMMAND: POST /session/a995b82d0df1730148f5e6c1edf10a41/element - {"using":"xpath","value":"//ul[contains(@id,\"ITEM_TYPE-popup-list-listUl\")]//li[.//span[contains(text(),\"Resource Unit\")]]"}
COMMAND: GET /session/a995b82d0df1730148f5e6c1edf10a41/screenshot - {}
RESULT: {"using":"xpath","value":"//ul[contains(@id,\"ITEM_TYPE-popup-list-listUl\")]//li[.//span[contains(text(),\"Resource Unit\")]]"}
COMMAND: POST /session/a995b82d0df1730148f5e6c1edf10a41/element/f.5AF93869D51CACD0ED0B7A3F3CCEB8C6.d.D45CE9780A4D4816A0977AAA03B5D2BA.e.5283/click - {}
RESULT: {}
RESULT: {}
COMMAND: GET /session/a995b82d0df1730148f5e6c1edf10a41/screenshot - {}
RESULT: {}
COMMAND: POST /session/a995b82d0df1730148f5e6c1edf10a41/element - {"using":"css selector","value":"#application-manageresources-display-component---newResourceUnit--btnAddTimeSegment"}
RESULT: {"using":"css selector","value":"#application-manageresources-display-component---newResourceUnit--btnAddTimeSegment"}
COMMAND: GET /session/a995b82d0df1730148f5e6c1edf10a41/element/f.5AF93869D51CACD0ED0B7A3F3CCEB8C6.d.D45CE9780A4D4816A0977AAA03B5D2BA.e.5290/rect - {}
RESULT: {}
COMMAND: GET /session/a995b82d0df1730148f5e6c1edf10a41/window/rect - {}
RESULT: {}
COMMAND: POST /session/a995b82d0df1730148f5e6c1edf10a41/execute/sync - {"script":"<script> [92 bytes]","args":[]}
RESULT: {"script":"<script> [92 bytes]","args":[]}
COMMAND: POST /session/a995b82d0df1730148f5e6c1edf10a41/actions - {"actions":[{"id":"action9","type":"wheel","parameters":{},"actions":[{"type":"scroll","x":-1888,"y":-32,"deltaX":0,"deltaY":0,"duration":0,"origin":{"element-6066-11e4-a52e-4f735466cecf":"f.5AF93869D51CACD0ED0B7A3F3CCEB8C6.d.D45CE9780A4D4816A0977AAA03B5D2BA.e.5290"}}]}]}
COMMAND: GET /session/a995b82d0df1730148f5e6c1edf10a41/screenshot - {}
RESULT: {}
COMMAND: POST /session/a995b82d0df1730148f5e6c1edf10a41/execute/sync - {"script":"<script> [79 bytes]","args":[{"element-6066-11e4-a52e-4f735466cecf":"f.5AF93869D51CACD0ED0B7A3F3CCEB8C6.d.D45CE9780A4D4816A0977AAA03B5D2BA.e.5290","ELEMENT":"f.5AF93869D51CACD0ED0B7A3F3CCEB8C6.d.D45CE9780A4D4816A0977AAA03B5D2BA.e.5290"},{"block":"start","inline":"nearest"}]}
RESULT: {"script":"<script> [79 bytes]","args":[{"element-6066-11e4-a52e-4f735466cecf":"f.5AF93869D51CACD0ED0B7A3F3CCEB8C6.d.D45CE9780A4D4816A0977AAA03B5D2BA.e.5290","ELEMENT":"f.5AF93869D51CACD0ED0B7A3F3CCEB8C6.d.D45CE9780A4D4816A0977AAA03B5D2BA.e.5290"},{"block":"start","inline":"nearest"}]}
COMMAND: POST /session/a995b82d0df1730148f5e6c1edf10a41/execute/async - {"script":"<script> [1562 bytes]","args":[{"selector":{"id":"application-manageresources-display-component---newResourceUnit--btnAddTimeSegment","interaction":{"idSuffix":"inner"}},"wdio_ui5_key":"applicationmanageresources-display-component---newResourceUnit--btnAddTimeSegment"}]}
COMMAND: GET /session/a995b82d0df1730148f5e6c1edf10a41/screenshot - {}
RESULT: {"script":"<script> [1562 bytes]","args":[{"selector":{"id":"application-manageresources-display-component---newResourceUnit--btnAddTimeSegment","interaction":{"idSuffix":"inner"}},"wdio_ui5_key":"applicationmanageresources-display-component---newResourceUnit--btnAddTimeSegment"}]}
RESULT: undefined
COMMAND: POST /session/a995b82d0df1730148f5e6c1edf10a41/element - {"using":"xpath","value":"//*[@id=\"application-manageresources-display-component---newResourceUnit--btnAddTimeSegment\"]"}
RESULT: {}
RESULT: {"using":"xpath","value":"//*[@id=\"application-manageresources-display-component---newResourceUnit--btnAddTimeSegment\"]"}
COMMAND: POST /session/a995b82d0df1730148f5e6c1edf10a41/element/f.5AF93869D51CACD0ED0B7A3F3CCEB8C6.d.D45CE9780A4D4816A0977AAA03B5D2BA.e.5290/click - {}
RESULT: {}
COMMAND: GET /session/a995b82d0df1730148f5e6c1edf10a41/screenshot - {}
RESULT: {}
COMMAND: POST /session/a995b82d0df1730148f5e6c1edf10a41/element - {"using":"xpath","value":"//input[@id=\"application-manageresources-display-component---newResourceUnit--idRuTSAdmin-application-manageresources-display-component---newResourceUnit--RUTimeSegment-0-inner\"]"}
RESULT: {"using":"xpath","value":"//input[@id=\"application-manageresources-display-component---newResourceUnit--idRuTSAdmin-application-manageresources-display-component---newResourceUnit--RUTimeSegment-0-inner\"]"}
COMMAND: POST /session/a995b82d0df1730148f5e6c1edf10a41/element/f.5AF93869D51CACD0ED0B7A3F3CCEB8C6.d.D45CE9780A4D4816A0977AAA03B5D2BA.e.5296/clear - {}
RESULT: {}
COMMAND: POST /session/a995b82d0df1730148f5e6c1edf10a41/element/f.5AF93869D51CACD0ED0B7A3F3CCEB8C6.d.D45CE9780A4D4816A0977AAA03B5D2BA.e.5296/value - {"text":"505"}
COMMAND: GET /session/a995b82d0df1730148f5e6c1edf10a41/screenshot - {}
RESULT: {"text":"505"}
COMMAND: GET /session/a995b82d0df1730148f5e6c1edf10a41/screenshot - {}
RESULT: {}
RESULT: {}
COMMAND: POST /session/a995b82d0df1730148f5e6c1edf10a41/element - {"using":"xpath","value":"//li[.//span[text()='505']]"}
RESULT: {"using":"xpath","value":"//li[.//span[text()='505']]"}
COMMAND: POST /session/a995b82d0df1730148f5e6c1edf10a41/element/f.5AF93869D51CACD0ED0B7A3F3CCEB8C6.d.D45CE9780A4D4816A0977AAA03B5D2BA.e.5309/click - {}
RESULT: {}
COMMAND: GET /session/a995b82d0df1730148f5e6c1edf10a41/screenshot - {}
RESULT: {}
COMMAND: POST /session/a995b82d0df1730148f5e6c1edf10a41/element - {"using":"xpath","value":"(//span[contains(@id, \"-application-manageresources-display-component---newResourceUnit--RUTimeSegment-0-arrow\")])[6]"}
RESULT: {"using":"xpath","value":"(//span[contains(@id, \"-application-manageresources-display-component---newResourceUnit--RUTimeSegment-0-arrow\")])[6]"}
COMMAND: POST /session/a995b82d0df1730148f5e6c1edf10a41/element/f.5AF93869D51CACD0ED0B7A3F3CCEB8C6.d.D45CE9780A4D4816A0977AAA03B5D2BA.e.5310/click - {}
RESULT: {}
COMMAND: GET /session/a995b82d0df1730148f5e6c1edf10a41/screenshot - {}
RESULT: {}
COMMAND: POST /session/a995b82d0df1730148f5e6c1edf10a41/element - {"using":"xpath","value":"//span[contains(text(), \"PM Order\")]"}
RESULT: {"using":"xpath","value":"//span[contains(text(), \"PM Order\")]"}
COMMAND: POST /session/a995b82d0df1730148f5e6c1edf10a41/element/f.5AF93869D51CACD0ED0B7A3F3CCEB8C6.d.D45CE9780A4D4816A0977AAA03B5D2BA.e.5313/click - {}
RESULT: {}
COMMAND: GET /session/a995b82d0df1730148f5e6c1edf10a41/screenshot - {}
RESULT: {}
COMMAND: POST /session/a995b82d0df1730148f5e6c1edf10a41/element - {"using":"xpath","value":"(//span[contains(@id ,\"manageresources-display-component---newResourceUnit--RUTimeSegment-0-vhi\")])[1]"}
RESULT: {"using":"xpath","value":"(//span[contains(@id ,\"manageresources-display-component---newResourceUnit--RUTimeSegment-0-vhi\")])[1]"}
COMMAND: GET /session/a995b82d0df1730148f5e6c1edf10a41/element/f.5AF93869D51CACD0ED0B7A3F3CCEB8C6.d.D45CE9780A4D4816A0977AAA03B5D2BA.e.5317/rect - {}
RESULT: {}
COMMAND: GET /session/a995b82d0df1730148f5e6c1edf10a41/window/rect - {}
RESULT: {}
COMMAND: POST /session/a995b82d0df1730148f5e6c1edf10a41/execute/sync - {"script":"<script> [92 bytes]","args":[]}
RESULT: {"script":"<script> [92 bytes]","args":[]}
COMMAND: POST /session/a995b82d0df1730148f5e6c1edf10a41/actions - {"actions":[{"id":"action10","type":"wheel","parameters":{},"actions":[{"type":"scroll","x":-869,"y":-24,"deltaX":0,"deltaY":0,"duration":0,"origin":{"element-6066-11e4-a52e-4f735466cecf":"f.5AF93869D51CACD0ED0B7A3F3CCEB8C6.d.D45CE9780A4D4816A0977AAA03B5D2BA.e.5317"}}]}]}
COMMAND: GET /session/a995b82d0df1730148f5e6c1edf10a41/screenshot - {}
RESULT: {"actions":[{"id":"action10","type":"wheel","parameters":{},"actions":[{"type":"scroll","x":-869,"y":-24,"deltaX":0,"deltaY":0,"duration":0,"origin":{"element-6066-11e4-a52e-4f735466cecf":"f.5AF93869D51CACD0ED0B7A3F3CCEB8C6.d.D45CE9780A4D4816A0977AAA03B5D2BA.e.5317"}}]}]}
COMMAND: DELETE /session/a995b82d0df1730148f5e6c1edf10a41/actions - {}
COMMAND: GET /session/a995b82d0df1730148f5e6c1edf10a41/screenshot - {}
RESULT: {}
RESULT: {}
COMMAND: GET /session/a995b82d0df1730148f5e6c1edf10a41/screenshot - {}
RESULT: {}
RESULT: {}
COMMAND: POST /session/a995b82d0df1730148f5e6c1edf10a41/element/f.5AF93869D51CACD0ED0B7A3F3CCEB8C6.d.D45CE9780A4D4816A0977AAA03B5D2BA.e.5317/click - {}
RESULT: {}
COMMAND: GET /session/a995b82d0df1730148f5e6c1edf10a41/screenshot - {}
RESULT: {}
RESULT: undefined
COMMAND: POST /session/a995b82d0df1730148f5e6c1edf10a41/execute/async - {"script":"<script> [776 bytes]","args":[{"enterText":"4000360","selector":{"controlType":"sap.m.SearchField","properties":{"placeholder":"Search"},"searchOpenDialogs":true,"interaction":{"idSuffix":"I"}},"clearTextFirst":true,"interactionType":"ENTER_TEXT"}]}
RESULT: {"script":"<script> [776 bytes]","args":[{"enterText":"4000360","selector":{"controlType":"sap.m.SearchField","properties":{"placeholder":"Search"},"searchOpenDialogs":true,"interaction":{"idSuffix":"I"}},"clearTextFirst":true,"interactionType":"ENTER_TEXT"}]}
COMMAND: POST /session/a995b82d0df1730148f5e6c1edf10a41/actions - {"actions":[{"id":"action11","type":"key","parameters":{},"actions":[{"type":"keyDown","value":""},{"type":"pause","duration":10},{"type":"keyUp","value":""}]}]}
RESULT: {"actions":[{"id":"action11","type":"key","parameters":{},"actions":[{"type":"keyDown","value":""},{"type":"pause","duration":10},{"type":"keyUp","value":""}]}]}
COMMAND: GET /session/a995b82d0df1730148f5e6c1edf10a41/screenshot - {}
RESULT: {}
COMMAND: POST /session/a995b82d0df1730148f5e6c1edf10a41/element - {"using":"xpath","value":"//td/div/span[contains(text(), \"BGL Vehicles\")]"}
RESULT: {"using":"xpath","value":"//td/div/span[contains(text(), \"BGL Vehicles\")]"}
COMMAND: POST /session/a995b82d0df1730148f5e6c1edf10a41/element/f.5AF93869D51CACD0ED0B7A3F3CCEB8C6.d.D45CE9780A4D4816A0977AAA03B5D2BA.e.5337/click - {}
RESULT: {}
COMMAND: GET /session/a995b82d0df1730148f5e6c1edf10a41/screenshot - {}
RESULT: {}
COMMAND: POST /session/a995b82d0df1730148f5e6c1edf10a41/element - {"using":"xpath","value":"//bdi[contains(text(), \"OK\")]"}
RESULT: {"using":"xpath","value":"//bdi[contains(text(), \"OK\")]"}
COMMAND: POST /session/a995b82d0df1730148f5e6c1edf10a41/element/f.5AF93869D51CACD0ED0B7A3F3CCEB8C6.d.D45CE9780A4D4816A0977AAA03B5D2BA.e.5338/click - {}
RESULT: {}
COMMAND: GET /session/a995b82d0df1730148f5e6c1edf10a41/screenshot - {}
RESULT: {}
COMMAND: POST /session/a995b82d0df1730148f5e6c1edf10a41/execute/async - {"script":"<script> [1562 bytes]","args":[{"selector":{"id":"application-manageresources-display-component---newResourceUnit--newRRUPage-anchBar-application-manageresources-display-component---newResourceUnit--resource-anchor","interaction":{"idSuffix":"BDI-content"}},"wdio_ui5_key":"applicationmanageresources-display-component---newResourceUnit--newRRUPage-anchBar-application-manageresources-display-component---newResourceUnit--resource-anchor"}]}
RESULT: {"script":"<script> [1562 bytes]","args":[{"selector":{"id":"application-manageresources-display-component---newResourceUnit--newRRUPage-anchBar-application-manageresources-display-component---newResourceUnit--resource-anchor","interaction":{"idSuffix":"BDI-content"}},"wdio_ui5_key":"applicationmanageresources-display-component---newResourceUnit--newRRUPage-anchBar-application-manageresources-display-component---newResourceUnit--resource-anchor"}]}
RESULT: undefined
COMMAND: POST /session/a995b82d0df1730148f5e6c1edf10a41/element - {"using":"xpath","value":"//*[@id=\"application-manageresources-display-component---newResourceUnit--newRRUPage-anchBar-application-manageresources-display-component---newResourceUnit--resource-anchor\"]"}
RESULT: {"using":"xpath","value":"//*[@id=\"application-manageresources-display-component---newResourceUnit--newRRUPage-anchBar-application-manageresources-display-component---newResourceUnit--resource-anchor\"]"}
COMMAND: POST /session/a995b82d0df1730148f5e6c1edf10a41/element/f.5AF93869D51CACD0ED0B7A3F3CCEB8C6.d.D45CE9780A4D4816A0977AAA03B5D2BA.e.5342/click - {}
RESULT: {}
COMMAND: POST /session/a995b82d0df1730148f5e6c1edf10a41/execute/async - {"script":"<script> [1562 bytes]","args":[{"selector":{"id":"application-manageresources-display-component---newResourceUnit--PLANNED_DELIVERY_DATE","interaction":{"idSuffix":"inner"}},"wdio_ui5_key":"applicationmanageresources-display-component---newResourceUnit--PLANNED_DELIVERY_DATE"}]}
COMMAND: GET /session/a995b82d0df1730148f5e6c1edf10a41/screenshot - {}
RESULT: {"script":"<script> [1562 bytes]","args":[{"selector":{"id":"application-manageresources-display-component---newResourceUnit--PLANNED_DELIVERY_DATE","interaction":{"idSuffix":"inner"}},"wdio_ui5_key":"applicationmanageresources-display-component---newResourceUnit--PLANNED_DELIVERY_DATE"}]}
RESULT: undefined
COMMAND: POST /session/a995b82d0df1730148f5e6c1edf10a41/execute/async - {"script":"<script> [6424 bytes]","args":[{"element-6066-11e4-a52e-4f735466cecf":"f.5AF93869D51CACD0ED0B7A3F3CCEB8C6.d.D45CE9780A4D4816A0977AAA03B5D2BA.e.5173"},"setValue",["5/30/25"]]}
RESULT: {}
RESULT: {"script":"<script> [6424 bytes]","args":[{"element-6066-11e4-a52e-4f735466cecf":"f.5AF93869D51CACD0ED0B7A3F3CCEB8C6.d.D45CE9780A4D4816A0977AAA03B5D2BA.e.5173"},"setValue",["5/30/25"]]}
COMMAND: POST /session/a995b82d0df1730148f5e6c1edf10a41/element - {"using":"xpath","value":"//label[contains(@class, 'sapMLabelRequired') and .//bdi[contains(text(), 'Planned Retirement')]]"}
RESULT: {"using":"xpath","value":"//label[contains(@class, 'sapMLabelRequired') and .//bdi[contains(text(), 'Planned Retirement')]]"}
COMMAND: POST /session/a995b82d0df1730148f5e6c1edf10a41/elements - {"using":"xpath","value":"//label[contains(@class, 'sapMLabelRequired') and .//bdi[contains(text(), 'Planned Retirement')]]"}
RESULT: {"using":"xpath","value":"//label[contains(@class, 'sapMLabelRequired') and .//bdi[contains(text(), 'Planned Retirement')]]"}
COMMAND: POST /session/a995b82d0df1730148f5e6c1edf10a41/element - {"using":"xpath","value":"//button[@data-kt=\"resourceUnitSaveButton\"]"}
RESULT: {"using":"xpath","value":"//button[@data-kt=\"resourceUnitSaveButton\"]"}
COMMAND: POST /session/a995b82d0df1730148f5e6c1edf10a41/element/f.5AF93869D51CACD0ED0B7A3F3CCEB8C6.d.D45CE9780A4D4816A0977AAA03B5D2BA.e.5133/click - {}
RESULT: {}
COMMAND: GET /session/a995b82d0df1730148f5e6c1edf10a41/screenshot - {}
RESULT: {}
COMMAND: POST /session/a995b82d0df1730148f5e6c1edf10a41/element - {"using":"xpath","value":"//bdi[contains(text(), \"Close\")]"}
RESULT: {"using":"xpath","value":"//bdi[contains(text(), \"Close\")]"}
COMMAND: POST /session/a995b82d0df1730148f5e6c1edf10a41/element/f.5AF93869D51CACD0ED0B7A3F3CCEB8C6.d.D45CE9780A4D4816A0977AAA03B5D2BA.e.5350/click - {}
RESULT: {}
COMMAND: GET /session/a995b82d0df1730148f5e6c1edf10a41/screenshot - {}
RESULT: {}
COMMAND: POST /session/a995b82d0df1730148f5e6c1edf10a41/element - {"using":"xpath","value":"(//button[contains(@id ,\"actionsToolbar-overflowButton\")])[1]"}
RESULT: {"using":"xpath","value":"(//button[contains(@id ,\"actionsToolbar-overflowButton\")])[1]"}
COMMAND: POST /session/a995b82d0df1730148f5e6c1edf10a41/element/f.5AF93869D51CACD0ED0B7A3F3CCEB8C6.d.D45CE9780A4D4816A0977AAA03B5D2BA.e.5405/click - {}
RESULT: {}
COMMAND: GET /session/a995b82d0df1730148f5e6c1edf10a41/screenshot - {}
RESULT: {}
COMMAND: POST /session/a995b82d0df1730148f5e6c1edf10a41/element - {"using":"xpath","value":"//button[@data-kt=\"priceInfoButton\"]"}
RESULT: {"using":"xpath","value":"//button[@data-kt=\"priceInfoButton\"]"}
COMMAND: POST /session/a995b82d0df1730148f5e6c1edf10a41/element/f.5AF93869D51CACD0ED0B7A3F3CCEB8C6.d.D45CE9780A4D4816A0977AAA03B5D2BA.e.5409/click - {}
RESULT: {}
COMMAND: GET /session/a995b82d0df1730148f5e6c1edf10a41/screenshot - {}
RESULT: {}
]]></system-out>
    </testcase>
    <testcase classname="chrome.136_0_7103_93.windows.Billing_Transfer_-_Master_data_&amp;_Intercompany_US127250" name="Should create new pricing rule TB on the equipment TB" time="64.908">
      <system-out><![CDATA[
COMMAND: POST /session/a995b82d0df1730148f5e6c1edf10a41/element - {"using":"xpath","value":"//button[@data-kt=\"addButton\"]"}
RESULT: {"using":"xpath","value":"//button[@data-kt=\"addButton\"]"}
COMMAND: POST /session/a995b82d0df1730148f5e6c1edf10a41/elements - {"using":"xpath","value":"//button[@data-kt=\"addButton\"]"}
RESULT: {"using":"xpath","value":"//button[@data-kt=\"addButton\"]"}
COMMAND: POST /session/a995b82d0df1730148f5e6c1edf10a41/elements - {"using":"xpath","value":"//button[@data-kt=\"addButton\"]"}
RESULT: {"using":"xpath","value":"//button[@data-kt=\"addButton\"]"}
COMMAND: POST /session/a995b82d0df1730148f5e6c1edf10a41/elements - {"using":"xpath","value":"//button[@data-kt=\"addButton\"]"}
RESULT: {"using":"xpath","value":"//button[@data-kt=\"addButton\"]"}
COMMAND: POST /session/a995b82d0df1730148f5e6c1edf10a41/elements - {"using":"xpath","value":"//button[@data-kt=\"addButton\"]"}
RESULT: {"using":"xpath","value":"//button[@data-kt=\"addButton\"]"}
COMMAND: POST /session/a995b82d0df1730148f5e6c1edf10a41/elements - {"using":"xpath","value":"//button[@data-kt=\"addButton\"]"}
RESULT: {"using":"xpath","value":"//button[@data-kt=\"addButton\"]"}
COMMAND: POST /session/a995b82d0df1730148f5e6c1edf10a41/elements - {"using":"xpath","value":"//button[@data-kt=\"addButton\"]"}
RESULT: {"using":"xpath","value":"//button[@data-kt=\"addButton\"]"}
COMMAND: POST /session/a995b82d0df1730148f5e6c1edf10a41/elements - {"using":"xpath","value":"//button[@data-kt=\"addButton\"]"}
RESULT: {"using":"xpath","value":"//button[@data-kt=\"addButton\"]"}
COMMAND: POST /session/a995b82d0df1730148f5e6c1edf10a41/elements - {"using":"xpath","value":"//button[@data-kt=\"addButton\"]"}
RESULT: {"using":"xpath","value":"//button[@data-kt=\"addButton\"]"}
COMMAND: POST /session/a995b82d0df1730148f5e6c1edf10a41/elements - {"using":"xpath","value":"//button[@data-kt=\"addButton\"]"}
RESULT: {"using":"xpath","value":"//button[@data-kt=\"addButton\"]"}
COMMAND: POST /session/a995b82d0df1730148f5e6c1edf10a41/elements - {"using":"xpath","value":"//button[@data-kt=\"addButton\"]"}
RESULT: {"using":"xpath","value":"//button[@data-kt=\"addButton\"]"}
COMMAND: POST /session/a995b82d0df1730148f5e6c1edf10a41/elements - {"using":"xpath","value":"//button[@data-kt=\"addButton\"]"}
RESULT: {"using":"xpath","value":"//button[@data-kt=\"addButton\"]"}
COMMAND: POST /session/a995b82d0df1730148f5e6c1edf10a41/elements - {"using":"xpath","value":"//button[@data-kt=\"addButton\"]"}
RESULT: {"using":"xpath","value":"//button[@data-kt=\"addButton\"]"}
COMMAND: POST /session/a995b82d0df1730148f5e6c1edf10a41/elements - {"using":"xpath","value":"//button[@data-kt=\"addButton\"]"}
RESULT: {"using":"xpath","value":"//button[@data-kt=\"addButton\"]"}
COMMAND: POST /session/a995b82d0df1730148f5e6c1edf10a41/elements - {"using":"xpath","value":"//button[@data-kt=\"addButton\"]"}
RESULT: {"using":"xpath","value":"//button[@data-kt=\"addButton\"]"}
COMMAND: POST /session/a995b82d0df1730148f5e6c1edf10a41/elements - {"using":"xpath","value":"//button[@data-kt=\"addButton\"]"}
RESULT: {"using":"xpath","value":"//button[@data-kt=\"addButton\"]"}
COMMAND: POST /session/a995b82d0df1730148f5e6c1edf10a41/elements - {"using":"xpath","value":"//button[@data-kt=\"addButton\"]"}
RESULT: {"using":"xpath","value":"//button[@data-kt=\"addButton\"]"}
COMMAND: POST /session/a995b82d0df1730148f5e6c1edf10a41/elements - {"using":"xpath","value":"//button[@data-kt=\"addButton\"]"}
RESULT: {"using":"xpath","value":"//button[@data-kt=\"addButton\"]"}
COMMAND: POST /session/a995b82d0df1730148f5e6c1edf10a41/elements - {"using":"xpath","value":"//button[@data-kt=\"addButton\"]"}
RESULT: {"using":"xpath","value":"//button[@data-kt=\"addButton\"]"}
COMMAND: POST /session/a995b82d0df1730148f5e6c1edf10a41/elements - {"using":"xpath","value":"//button[@data-kt=\"addButton\"]"}
RESULT: {"using":"xpath","value":"//button[@data-kt=\"addButton\"]"}
COMMAND: POST /session/a995b82d0df1730148f5e6c1edf10a41/elements - {"using":"xpath","value":"//button[@data-kt=\"addButton\"]"}
RESULT: {"using":"xpath","value":"//button[@data-kt=\"addButton\"]"}
COMMAND: POST /session/a995b82d0df1730148f5e6c1edf10a41/elements - {"using":"xpath","value":"//button[@data-kt=\"addButton\"]"}
RESULT: {"using":"xpath","value":"//button[@data-kt=\"addButton\"]"}
COMMAND: POST /session/a995b82d0df1730148f5e6c1edf10a41/elements - {"using":"xpath","value":"//button[@data-kt=\"addButton\"]"}
RESULT: {"using":"xpath","value":"//button[@data-kt=\"addButton\"]"}
COMMAND: POST /session/a995b82d0df1730148f5e6c1edf10a41/element - {"using":"xpath","value":"//button[@data-kt=\"addButton\"]"}
RESULT: {"using":"xpath","value":"//button[@data-kt=\"addButton\"]"}
COMMAND: POST /session/a995b82d0df1730148f5e6c1edf10a41/execute/sync - {"script":"<script> [8489 bytes]","args":[{"element-6066-11e4-a52e-4f735466cecf":"f.5AF93869D51CACD0ED0B7A3F3CCEB8C6.d.D45CE9780A4D4816A0977AAA03B5D2BA.e.5446","ELEMENT":"f.5AF93869D51CACD0ED0B7A3F3CCEB8C6.d.D45CE9780A4D4816A0977AAA03B5D2BA.e.5446"}]}
RESULT: {"script":"<script> [8489 bytes]","args":[{"element-6066-11e4-a52e-4f735466cecf":"f.5AF93869D51CACD0ED0B7A3F3CCEB8C6.d.D45CE9780A4D4816A0977AAA03B5D2BA.e.5446","ELEMENT":"f.5AF93869D51CACD0ED0B7A3F3CCEB8C6.d.D45CE9780A4D4816A0977AAA03B5D2BA.e.5446"}]}
COMMAND: GET /session/a995b82d0df1730148f5e6c1edf10a41/element/f.5AF93869D51CACD0ED0B7A3F3CCEB8C6.d.D45CE9780A4D4816A0977AAA03B5D2BA.e.5446/enabled - {}
COMMAND: GET /session/a995b82d0df1730148f5e6c1edf10a41/screenshot - {}
RESULT: {}
COMMAND: POST /session/a995b82d0df1730148f5e6c1edf10a41/execute/sync - {"script":"<script> [8489 bytes]","args":[{"element-6066-11e4-a52e-4f735466cecf":"f.5AF93869D51CACD0ED0B7A3F3CCEB8C6.d.D45CE9780A4D4816A0977AAA03B5D2BA.e.5446","ELEMENT":"f.5AF93869D51CACD0ED0B7A3F3CCEB8C6.d.D45CE9780A4D4816A0977AAA03B5D2BA.e.5446"}]}
COMMAND: GET /session/a995b82d0df1730148f5e6c1edf10a41/screenshot - {}
RESULT: {}
RESULT: {"script":"<script> [8489 bytes]","args":[{"element-6066-11e4-a52e-4f735466cecf":"f.5AF93869D51CACD0ED0B7A3F3CCEB8C6.d.D45CE9780A4D4816A0977AAA03B5D2BA.e.5446","ELEMENT":"f.5AF93869D51CACD0ED0B7A3F3CCEB8C6.d.D45CE9780A4D4816A0977AAA03B5D2BA.e.5446"}]}
COMMAND: POST /session/a995b82d0df1730148f5e6c1edf10a41/execute/sync - {"script":"<script> [5351 bytes]","args":[{"element-6066-11e4-a52e-4f735466cecf":"f.5AF93869D51CACD0ED0B7A3F3CCEB8C6.d.D45CE9780A4D4816A0977AAA03B5D2BA.e.5446","ELEMENT":"f.5AF93869D51CACD0ED0B7A3F3CCEB8C6.d.D45CE9780A4D4816A0977AAA03B5D2BA.e.5446"}]}
COMMAND: GET /session/a995b82d0df1730148f5e6c1edf10a41/screenshot - {}
RESULT: {}
RESULT: {"script":"<script> [5351 bytes]","args":[{"element-6066-11e4-a52e-4f735466cecf":"f.5AF93869D51CACD0ED0B7A3F3CCEB8C6.d.D45CE9780A4D4816A0977AAA03B5D2BA.e.5446","ELEMENT":"f.5AF93869D51CACD0ED0B7A3F3CCEB8C6.d.D45CE9780A4D4816A0977AAA03B5D2BA.e.5446"}]}
COMMAND: POST /session/a995b82d0df1730148f5e6c1edf10a41/element/f.5AF93869D51CACD0ED0B7A3F3CCEB8C6.d.D45CE9780A4D4816A0977AAA03B5D2BA.e.5446/click - {}
COMMAND: GET /session/a995b82d0df1730148f5e6c1edf10a41/screenshot - {}
RESULT: {}
RESULT: {}
COMMAND: GET /session/a995b82d0df1730148f5e6c1edf10a41/screenshot - {}
RESULT: {}
RESULT: {}
COMMAND: POST /session/a995b82d0df1730148f5e6c1edf10a41/execute/async - {"script":"<script> [1562 bytes]","args":[{"selector":{"controlType":"sap.m.Title","viewName":"etm.portal.ui.managepricingrules.view.NewItem","viewId":"application-managepricingrules-display-component---newInfoPriceItem","properties":{"text":"New Pricing Rules - Item Level"}},"wdio_ui5_key":"etmportal.ui.managepricingrules.view.NewItemsap.m.Title{\"text\":\"New Pricing Rules - Item Level\"}"}]}
RESULT: {"script":"<script> [1562 bytes]","args":[{"selector":{"controlType":"sap.m.Title","viewName":"etm.portal.ui.managepricingrules.view.NewItem","viewId":"application-managepricingrules-display-component---newInfoPriceItem","properties":{"text":"New Pricing Rules - Item Level"}},"wdio_ui5_key":"etmportal.ui.managepricingrules.view.NewItemsap.m.Title{\"text\":\"New Pricing Rules - Item Level\"}"}]}
RESULT: undefined
COMMAND: POST /session/a995b82d0df1730148f5e6c1edf10a41/execute/async - {"script":"<script> [6424 bytes]","args":[{"element-6066-11e4-a52e-4f735466cecf":"f.5AF93869D51CACD0ED0B7A3F3CCEB8C6.d.D45CE9780A4D4816A0977AAA03B5D2BA.e.5520"},"getText",[]]}
RESULT: {"script":"<script> [6424 bytes]","args":[{"element-6066-11e4-a52e-4f735466cecf":"f.5AF93869D51CACD0ED0B7A3F3CCEB8C6.d.D45CE9780A4D4816A0977AAA03B5D2BA.e.5520"},"getText",[]]}
COMMAND: POST /session/a995b82d0df1730148f5e6c1edf10a41/execute/async - {"script":"<script> [1562 bytes]","args":[{"selector":{"id":"application-managepricingrules-display-component---newInfoPriceItem--condValidTo","interaction":{"idSuffix":"inner"}},"wdio_ui5_key":"applicationmanagepricingrules-display-component---newInfoPriceItem--condValidTo"}]}
RESULT: {"script":"<script> [1562 bytes]","args":[{"selector":{"id":"application-managepricingrules-display-component---newInfoPriceItem--condValidTo","interaction":{"idSuffix":"inner"}},"wdio_ui5_key":"applicationmanagepricingrules-display-component---newInfoPriceItem--condValidTo"}]}
RESULT: undefined
COMMAND: POST /session/a995b82d0df1730148f5e6c1edf10a41/execute/async - {"script":"<script> [776 bytes]","args":[{"enterText":"1/30/26","selector":{"id":"application-managepricingrules-display-component---newInfoPriceItem--condValidTo","interaction":{"idSuffix":"inner"}},"clearTextFirst":true,"interactionType":"ENTER_TEXT"}]}
RESULT: {"script":"<script> [776 bytes]","args":[{"enterText":"1/30/26","selector":{"id":"application-managepricingrules-display-component---newInfoPriceItem--condValidTo","interaction":{"idSuffix":"inner"}},"clearTextFirst":true,"interactionType":"ENTER_TEXT"}]}
COMMAND: POST /session/a995b82d0df1730148f5e6c1edf10a41/execute/async - {"script":"<script> [1562 bytes]","args":[{"selector":{"id":"application-managepricingrules-display-component---newInfoPriceItem--billType-arrow"},"wdio_ui5_key":"applicationmanagepricingrules-display-component---newInfoPriceItem--billType-arrow"}]}
RESULT: {"script":"<script> [1562 bytes]","args":[{"selector":{"id":"application-managepricingrules-display-component---newInfoPriceItem--billType-arrow"},"wdio_ui5_key":"applicationmanagepricingrules-display-component---newInfoPriceItem--billType-arrow"}]}
RESULT: undefined
COMMAND: POST /session/a995b82d0df1730148f5e6c1edf10a41/element - {"using":"xpath","value":"//*[@id=\"application-managepricingrules-display-component---newInfoPriceItem--billType-arrow\"]"}
RESULT: {"using":"xpath","value":"//*[@id=\"application-managepricingrules-display-component---newInfoPriceItem--billType-arrow\"]"}
COMMAND: POST /session/a995b82d0df1730148f5e6c1edf10a41/element/f.5AF93869D51CACD0ED0B7A3F3CCEB8C6.d.D45CE9780A4D4816A0977AAA03B5D2BA.e.5577/click - {}
RESULT: {}
COMMAND: POST /session/a995b82d0df1730148f5e6c1edf10a41/element - {"using":"xpath","value":"//span[contains(text(), \"TB - Time based\")]"}
COMMAND: GET /session/a995b82d0df1730148f5e6c1edf10a41/screenshot - {}
RESULT: {"using":"xpath","value":"//span[contains(text(), \"TB - Time based\")]"}
COMMAND: POST /session/a995b82d0df1730148f5e6c1edf10a41/element/f.5AF93869D51CACD0ED0B7A3F3CCEB8C6.d.D45CE9780A4D4816A0977AAA03B5D2BA.e.5619/click - {}
RESULT: {}
RESULT: {}
COMMAND: POST /session/a995b82d0df1730148f5e6c1edf10a41/execute/async - {"script":"<script> [1562 bytes]","args":[{"selector":{"id":"application-managepricingrules-display-component---newInfoPriceItem--priceProc-arrow"},"wdio_ui5_key":"applicationmanagepricingrules-display-component---newInfoPriceItem--priceProc-arrow"}]}
COMMAND: GET /session/a995b82d0df1730148f5e6c1edf10a41/screenshot - {}
RESULT: {"script":"<script> [1562 bytes]","args":[{"selector":{"id":"application-managepricingrules-display-component---newInfoPriceItem--priceProc-arrow"},"wdio_ui5_key":"applicationmanagepricingrules-display-component---newInfoPriceItem--priceProc-arrow"}]}
RESULT: undefined
COMMAND: POST /session/a995b82d0df1730148f5e6c1edf10a41/element - {"using":"xpath","value":"//*[@id=\"application-managepricingrules-display-component---newInfoPriceItem--priceProc-arrow\"]"}
RESULT: {}
RESULT: {"using":"xpath","value":"//*[@id=\"application-managepricingrules-display-component---newInfoPriceItem--priceProc-arrow\"]"}
COMMAND: POST /session/a995b82d0df1730148f5e6c1edf10a41/element/f.5AF93869D51CACD0ED0B7A3F3CCEB8C6.d.D45CE9780A4D4816A0977AAA03B5D2BA.e.5584/click - {}
RESULT: {}
COMMAND: POST /session/a995b82d0df1730148f5e6c1edf10a41/element - {"using":"xpath","value":"//span[contains(text(), \"TBS - Time based standard\")]"}
COMMAND: GET /session/a995b82d0df1730148f5e6c1edf10a41/screenshot - {}
RESULT: {"using":"xpath","value":"//span[contains(text(), \"TBS - Time based standard\")]"}
COMMAND: POST /session/a995b82d0df1730148f5e6c1edf10a41/element/f.5AF93869D51CACD0ED0B7A3F3CCEB8C6.d.D45CE9780A4D4816A0977AAA03B5D2BA.e.5620/click - {}
RESULT: {}
RESULT: {}
COMMAND: POST /session/a995b82d0df1730148f5e6c1edf10a41/execute/async - {"script":"<script> [1562 bytes]","args":[{"selector":{"id":"application-managepricingrules-display-component---newInfoPriceItem--calcBase-arrow"},"wdio_ui5_key":"applicationmanagepricingrules-display-component---newInfoPriceItem--calcBase-arrow"}]}
COMMAND: GET /session/a995b82d0df1730148f5e6c1edf10a41/screenshot - {}
RESULT: {"script":"<script> [1562 bytes]","args":[{"selector":{"id":"application-managepricingrules-display-component---newInfoPriceItem--calcBase-arrow"},"wdio_ui5_key":"applicationmanagepricingrules-display-component---newInfoPriceItem--calcBase-arrow"}]}
RESULT: undefined
COMMAND: POST /session/a995b82d0df1730148f5e6c1edf10a41/element - {"using":"xpath","value":"//*[@id=\"application-managepricingrules-display-component---newInfoPriceItem--calcBase-arrow\"]"}
RESULT: {}
RESULT: {"using":"xpath","value":"//*[@id=\"application-managepricingrules-display-component---newInfoPriceItem--calcBase-arrow\"]"}
COMMAND: POST /session/a995b82d0df1730148f5e6c1edf10a41/element/f.5AF93869D51CACD0ED0B7A3F3CCEB8C6.d.D45CE9780A4D4816A0977AAA03B5D2BA.e.5591/click - {}
RESULT: {}
COMMAND: GET /session/a995b82d0df1730148f5e6c1edf10a41/screenshot - {}
RESULT: {}
COMMAND: POST /session/a995b82d0df1730148f5e6c1edf10a41/element - {"using":"xpath","value":"//span[contains(text(), \"0006 - TB(calendar days)\")]"}
RESULT: {"using":"xpath","value":"//span[contains(text(), \"0006 - TB(calendar days)\")]"}
COMMAND: POST /session/a995b82d0df1730148f5e6c1edf10a41/element/f.5AF93869D51CACD0ED0B7A3F3CCEB8C6.d.D45CE9780A4D4816A0977AAA03B5D2BA.e.5621/click - {}
RESULT: {}
COMMAND: GET /session/a995b82d0df1730148f5e6c1edf10a41/screenshot - {}
RESULT: {}
COMMAND: POST /session/a995b82d0df1730148f5e6c1edf10a41/execute/async - {"script":"<script> [1562 bytes]","args":[{"selector":{"id":"application-managepricingrules-display-component---newInfoPriceItem--daysMonth","interaction":{"idSuffix":"inner"}},"wdio_ui5_key":"applicationmanagepricingrules-display-component---newInfoPriceItem--daysMonth"}]}
RESULT: {"script":"<script> [1562 bytes]","args":[{"selector":{"id":"application-managepricingrules-display-component---newInfoPriceItem--daysMonth","interaction":{"idSuffix":"inner"}},"wdio_ui5_key":"applicationmanagepricingrules-display-component---newInfoPriceItem--daysMonth"}]}
RESULT: undefined
COMMAND: POST /session/a995b82d0df1730148f5e6c1edf10a41/execute/async - {"script":"<script> [776 bytes]","args":[{"enterText":"30","selector":{"id":"application-managepricingrules-display-component---newInfoPriceItem--daysMonth","interaction":{"idSuffix":"inner"}},"clearTextFirst":true,"interactionType":"ENTER_TEXT"}]}
RESULT: {"script":"<script> [776 bytes]","args":[{"enterText":"30","selector":{"id":"application-managepricingrules-display-component---newInfoPriceItem--daysMonth","interaction":{"idSuffix":"inner"}},"clearTextFirst":true,"interactionType":"ENTER_TEXT"}]}
COMMAND: POST /session/a995b82d0df1730148f5e6c1edf10a41/element - {"using":"xpath","value":"//button[@data-kt=\"saveNewRuleButton\"]"}
RESULT: {"using":"xpath","value":"//button[@data-kt=\"saveNewRuleButton\"]"}
COMMAND: POST /session/a995b82d0df1730148f5e6c1edf10a41/element/f.5AF93869D51CACD0ED0B7A3F3CCEB8C6.d.D45CE9780A4D4816A0977AAA03B5D2BA.e.5612/click - {}
RESULT: {}
COMMAND: GET /session/a995b82d0df1730148f5e6c1edf10a41/screenshot - {}
RESULT: {}
COMMAND: POST /session/a995b82d0df1730148f5e6c1edf10a41/execute/async - {"script":"<script> [1562 bytes]","args":[{"selector":{"id":"application-managepricingrules-display-component---priceInfoItem--smartFilterBar-btnBasicSearch","interaction":{"idSuffix":"I"}},"wdio_ui5_key":"applicationmanagepricingrules-display-component---priceInfoItem--smartFilterBar-btnBasicSearch"}]}
RESULT: {"script":"<script> [1562 bytes]","args":[{"selector":{"id":"application-managepricingrules-display-component---priceInfoItem--smartFilterBar-btnBasicSearch","interaction":{"idSuffix":"I"}},"wdio_ui5_key":"applicationmanagepricingrules-display-component---priceInfoItem--smartFilterBar-btnBasicSearch"}]}
RESULT: undefined
COMMAND: POST /session/a995b82d0df1730148f5e6c1edf10a41/execute/async - {"script":"<script> [776 bytes]","args":[{"enterText":"nuMwpOZVfZ","selector":{"id":"application-managepricingrules-display-component---priceInfoItem--smartFilterBar-btnBasicSearch","interaction":{"idSuffix":"I"}},"clearTextFirst":true,"interactionType":"ENTER_TEXT"}]}
RESULT: {"script":"<script> [776 bytes]","args":[{"enterText":"nuMwpOZVfZ","selector":{"id":"application-managepricingrules-display-component---priceInfoItem--smartFilterBar-btnBasicSearch","interaction":{"idSuffix":"I"}},"clearTextFirst":true,"interactionType":"ENTER_TEXT"}]}
COMMAND: POST /session/a995b82d0df1730148f5e6c1edf10a41/actions - {"actions":[{"id":"action12","type":"key","parameters":{},"actions":[{"type":"keyDown","value":""},{"type":"pause","duration":10},{"type":"keyUp","value":""}]}]}
RESULT: {"actions":[{"id":"action12","type":"key","parameters":{},"actions":[{"type":"keyDown","value":""},{"type":"pause","duration":10},{"type":"keyUp","value":""}]}]}
COMMAND: GET /session/a995b82d0df1730148f5e6c1edf10a41/screenshot - {}
RESULT: {}
COMMAND: POST /session/a995b82d0df1730148f5e6c1edf10a41/element - {"using":"xpath","value":"//span[@id=\"application-managepricingrules-display-component---priceInfoItem--smartTable-header-inner\"]"}
RESULT: {"using":"xpath","value":"//span[@id=\"application-managepricingrules-display-component---priceInfoItem--smartTable-header-inner\"]"}
COMMAND: POST /session/a995b82d0df1730148f5e6c1edf10a41/elements - {"using":"xpath","value":"//span[@id=\"application-managepricingrules-display-component---priceInfoItem--smartTable-header-inner\"]"}
RESULT: {"using":"xpath","value":"//span[@id=\"application-managepricingrules-display-component---priceInfoItem--smartTable-header-inner\"]"}
COMMAND: POST /session/a995b82d0df1730148f5e6c1edf10a41/execute/sync - {"script":"<script> [56 bytes]","args":[{"element-6066-11e4-a52e-4f735466cecf":"f.5AF93869D51CACD0ED0B7A3F3CCEB8C6.d.D45CE9780A4D4816A0977AAA03B5D2BA.e.5646","ELEMENT":"f.5AF93869D51CACD0ED0B7A3F3CCEB8C6.d.D45CE9780A4D4816A0977AAA03B5D2BA.e.5646"}]}
RESULT: {"script":"<script> [56 bytes]","args":[{"element-6066-11e4-a52e-4f735466cecf":"f.5AF93869D51CACD0ED0B7A3F3CCEB8C6.d.D45CE9780A4D4816A0977AAA03B5D2BA.e.5646","ELEMENT":"f.5AF93869D51CACD0ED0B7A3F3CCEB8C6.d.D45CE9780A4D4816A0977AAA03B5D2BA.e.5646"}]}
COMMAND: POST /session/a995b82d0df1730148f5e6c1edf10a41/element - {"using":"css selector","value":"#shell-header-logo"}
COMMAND: GET /session/a995b82d0df1730148f5e6c1edf10a41/screenshot - {}
RESULT: {"using":"css selector","value":"#shell-header-logo"}
COMMAND: POST /session/a995b82d0df1730148f5e6c1edf10a41/element/f.5AF93869D51CACD0ED0B7A3F3CCEB8C6.d.D45CE9780A4D4816A0977AAA03B5D2BA.e.4734/click - {}
RESULT: {}
RESULT: {}
COMMAND: GET /session/a995b82d0df1730148f5e6c1edf10a41/screenshot - {}
RESULT: {}
]]></system-out>
    </testcase>
    <testcase classname="chrome.136_0_7103_93.windows.Billing_Transfer_-_Master_data_&amp;_Intercompany_US127250" name="Should create new condition for equipment TB" time="75.262">
      <system-out><![CDATA[
COMMAND: POST /session/a995b82d0df1730148f5e6c1edf10a41/execute/async - {"script":"<script> [1562 bytes]","args":[{"selector":{"controlType":"sap.m.GenericTile","properties":{"header":"Manage Conditions & Prices"}},"wdio_ui5_key":"sapm.GenericTile{\"header\":\"Manage Conditions & Prices\"}"}]}
RESULT: {"script":"<script> [1562 bytes]","args":[{"selector":{"controlType":"sap.m.GenericTile","properties":{"header":"Manage Conditions & Prices"}},"wdio_ui5_key":"sapm.GenericTile{\"header\":\"Manage Conditions & Prices\"}"}]}
RESULT: undefined
COMMAND: POST /session/a995b82d0df1730148f5e6c1edf10a41/element - {"using":"xpath","value":"//*[@id=\"__tile53\"]"}
RESULT: {"using":"xpath","value":"//*[@id=\"__tile53\"]"}
COMMAND: POST /session/a995b82d0df1730148f5e6c1edf10a41/element/f.5AF93869D51CACD0ED0B7A3F3CCEB8C6.d.D45CE9780A4D4816A0977AAA03B5D2BA.e.2127/click - {}
RESULT: {}
COMMAND: GET /session/a995b82d0df1730148f5e6c1edf10a41/screenshot - {}
RESULT: {}
COMMAND: POST /session/a995b82d0df1730148f5e6c1edf10a41/elements - {"using":"xpath","value":"//span[text()='Error']"}
RESULT: {"using":"xpath","value":"//span[text()='Error']"}
COMMAND: POST /session/a995b82d0df1730148f5e6c1edf10a41/element - {"using":"xpath","value":"//button[@aria-label=\"Create\"]"}
RESULT: {"using":"xpath","value":"//button[@aria-label=\"Create\"]"}
COMMAND: POST /session/a995b82d0df1730148f5e6c1edf10a41/elements - {"using":"xpath","value":"//button[@aria-label=\"Create\"]"}
RESULT: {"using":"xpath","value":"//button[@aria-label=\"Create\"]"}
COMMAND: POST /session/a995b82d0df1730148f5e6c1edf10a41/elements - {"using":"xpath","value":"//button[@aria-label=\"Create\"]"}
RESULT: {"using":"xpath","value":"//button[@aria-label=\"Create\"]"}
COMMAND: POST /session/a995b82d0df1730148f5e6c1edf10a41/element - {"using":"xpath","value":"//button[@aria-label=\"Create\"]"}
RESULT: {"using":"xpath","value":"//button[@aria-label=\"Create\"]"}
COMMAND: POST /session/a995b82d0df1730148f5e6c1edf10a41/execute/sync - {"script":"<script> [8489 bytes]","args":[{"element-6066-11e4-a52e-4f735466cecf":"f.5AF93869D51CACD0ED0B7A3F3CCEB8C6.d.D45CE9780A4D4816A0977AAA03B5D2BA.e.5682","ELEMENT":"f.5AF93869D51CACD0ED0B7A3F3CCEB8C6.d.D45CE9780A4D4816A0977AAA03B5D2BA.e.5682"}]}
RESULT: {"script":"<script> [8489 bytes]","args":[{"element-6066-11e4-a52e-4f735466cecf":"f.5AF93869D51CACD0ED0B7A3F3CCEB8C6.d.D45CE9780A4D4816A0977AAA03B5D2BA.e.5682","ELEMENT":"f.5AF93869D51CACD0ED0B7A3F3CCEB8C6.d.D45CE9780A4D4816A0977AAA03B5D2BA.e.5682"}]}
COMMAND: GET /session/a995b82d0df1730148f5e6c1edf10a41/element/f.5AF93869D51CACD0ED0B7A3F3CCEB8C6.d.D45CE9780A4D4816A0977AAA03B5D2BA.e.5682/enabled - {}
COMMAND: GET /session/a995b82d0df1730148f5e6c1edf10a41/screenshot - {}
RESULT: {}
COMMAND: POST /session/a995b82d0df1730148f5e6c1edf10a41/execute/sync - {"script":"<script> [8489 bytes]","args":[{"element-6066-11e4-a52e-4f735466cecf":"f.5AF93869D51CACD0ED0B7A3F3CCEB8C6.d.D45CE9780A4D4816A0977AAA03B5D2BA.e.5682","ELEMENT":"f.5AF93869D51CACD0ED0B7A3F3CCEB8C6.d.D45CE9780A4D4816A0977AAA03B5D2BA.e.5682"}]}
COMMAND: GET /session/a995b82d0df1730148f5e6c1edf10a41/screenshot - {}
RESULT: {}
RESULT: {"script":"<script> [8489 bytes]","args":[{"element-6066-11e4-a52e-4f735466cecf":"f.5AF93869D51CACD0ED0B7A3F3CCEB8C6.d.D45CE9780A4D4816A0977AAA03B5D2BA.e.5682","ELEMENT":"f.5AF93869D51CACD0ED0B7A3F3CCEB8C6.d.D45CE9780A4D4816A0977AAA03B5D2BA.e.5682"}]}
COMMAND: POST /session/a995b82d0df1730148f5e6c1edf10a41/execute/sync - {"script":"<script> [5351 bytes]","args":[{"element-6066-11e4-a52e-4f735466cecf":"f.5AF93869D51CACD0ED0B7A3F3CCEB8C6.d.D45CE9780A4D4816A0977AAA03B5D2BA.e.5682","ELEMENT":"f.5AF93869D51CACD0ED0B7A3F3CCEB8C6.d.D45CE9780A4D4816A0977AAA03B5D2BA.e.5682"}]}
COMMAND: GET /session/a995b82d0df1730148f5e6c1edf10a41/screenshot - {}
RESULT: {}
RESULT: {"script":"<script> [5351 bytes]","args":[{"element-6066-11e4-a52e-4f735466cecf":"f.5AF93869D51CACD0ED0B7A3F3CCEB8C6.d.D45CE9780A4D4816A0977AAA03B5D2BA.e.5682","ELEMENT":"f.5AF93869D51CACD0ED0B7A3F3CCEB8C6.d.D45CE9780A4D4816A0977AAA03B5D2BA.e.5682"}]}
COMMAND: POST /session/a995b82d0df1730148f5e6c1edf10a41/element/f.5AF93869D51CACD0ED0B7A3F3CCEB8C6.d.D45CE9780A4D4816A0977AAA03B5D2BA.e.5682/click - {}
COMMAND: GET /session/a995b82d0df1730148f5e6c1edf10a41/screenshot - {}
RESULT: {}
RESULT: {}
COMMAND: GET /session/a995b82d0df1730148f5e6c1edf10a41/screenshot - {}
RESULT: {}
RESULT: {}
COMMAND: POST /session/a995b82d0df1730148f5e6c1edf10a41/actions - {"actions":[{"id":"action13","type":"key","parameters":{},"actions":[{"type":"keyDown","value":""},{"type":"pause","duration":10},{"type":"keyUp","value":""}]}]}
RESULT: {"actions":[{"id":"action13","type":"key","parameters":{},"actions":[{"type":"keyDown","value":""},{"type":"pause","duration":10},{"type":"keyUp","value":""}]}]}
COMMAND: GET /session/a995b82d0df1730148f5e6c1edf10a41/screenshot - {}
RESULT: {}
COMMAND: POST /session/a995b82d0df1730148f5e6c1edf10a41/execute/async - {"script":"<script> [1562 bytes]","args":[{"selector":{"id":"application-manageconditionprice-display-component---newCondition--condBillCond-arrow"},"wdio_ui5_key":"applicationmanageconditionprice-display-component---newCondition--condBillCond-arrow"}]}
RESULT: {"script":"<script> [1562 bytes]","args":[{"selector":{"id":"application-manageconditionprice-display-component---newCondition--condBillCond-arrow"},"wdio_ui5_key":"applicationmanageconditionprice-display-component---newCondition--condBillCond-arrow"}]}
RESULT: undefined
COMMAND: POST /session/a995b82d0df1730148f5e6c1edf10a41/element - {"using":"xpath","value":"//*[@id=\"application-manageconditionprice-display-component---newCondition--condBillCond-arrow\"]"}
RESULT: {"using":"xpath","value":"//*[@id=\"application-manageconditionprice-display-component---newCondition--condBillCond-arrow\"]"}
COMMAND: POST /session/a995b82d0df1730148f5e6c1edf10a41/element/f.5AF93869D51CACD0ED0B7A3F3CCEB8C6.d.D45CE9780A4D4816A0977AAA03B5D2BA.e.5861/click - {}
RESULT: {}
COMMAND: GET /session/a995b82d0df1730148f5e6c1edf10a41/screenshot - {}
RESULT: {}
COMMAND: POST /session/a995b82d0df1730148f5e6c1edf10a41/element - {"using":"xpath","value":"//li[.//span[contains(text(), \"DISP - D&I special price\")]]"}
RESULT: {"using":"xpath","value":"//li[.//span[contains(text(), \"DISP - D&I special price\")]]"}
COMMAND: POST /session/a995b82d0df1730148f5e6c1edf10a41/element/f.5AF93869D51CACD0ED0B7A3F3CCEB8C6.d.D45CE9780A4D4816A0977AAA03B5D2BA.e.5864/click - {}
RESULT: {}
COMMAND: GET /session/a995b82d0df1730148f5e6c1edf10a41/screenshot - {}
RESULT: {}
COMMAND: POST /session/a995b82d0df1730148f5e6c1edf10a41/execute/async - {"script":"<script> [1562 bytes]","args":[{"selector":{"id":"application-manageconditionprice-display-component---newCondition--condValidTo","interaction":{"idSuffix":"inner"}},"wdio_ui5_key":"applicationmanageconditionprice-display-component---newCondition--condValidTo"}]}
RESULT: {"script":"<script> [1562 bytes]","args":[{"selector":{"id":"application-manageconditionprice-display-component---newCondition--condValidTo","interaction":{"idSuffix":"inner"}},"wdio_ui5_key":"applicationmanageconditionprice-display-component---newCondition--condValidTo"}]}
RESULT: undefined
COMMAND: POST /session/a995b82d0df1730148f5e6c1edf10a41/execute/async - {"script":"<script> [776 bytes]","args":[{"enterText":"1/30/26","selector":{"id":"application-manageconditionprice-display-component---newCondition--condValidTo","interaction":{"idSuffix":"inner"}},"clearTextFirst":true,"interactionType":"ENTER_TEXT"}]}
RESULT: {"script":"<script> [776 bytes]","args":[{"enterText":"1/30/26","selector":{"id":"application-manageconditionprice-display-component---newCondition--condValidTo","interaction":{"idSuffix":"inner"}},"clearTextFirst":true,"interactionType":"ENTER_TEXT"}]}
COMMAND: POST /session/a995b82d0df1730148f5e6c1edf10a41/element - {"using":"xpath","value":"//input[@id=\"application-manageconditionprice-display-component---newCondition--condRU-inner\"]"}
RESULT: {"using":"xpath","value":"//input[@id=\"application-manageconditionprice-display-component---newCondition--condRU-inner\"]"}
COMMAND: POST /session/a995b82d0df1730148f5e6c1edf10a41/element/f.5AF93869D51CACD0ED0B7A3F3CCEB8C6.d.D45CE9780A4D4816A0977AAA03B5D2BA.e.5698/clear - {}
RESULT: {}
COMMAND: POST /session/a995b82d0df1730148f5e6c1edf10a41/element/f.5AF93869D51CACD0ED0B7A3F3CCEB8C6.d.D45CE9780A4D4816A0977AAA03B5D2BA.e.5698/value - {"text":"nuMwpOZVfZ"}
COMMAND: GET /session/a995b82d0df1730148f5e6c1edf10a41/screenshot - {}
RESULT: {"text":"nuMwpOZVfZ"}
COMMAND: GET /session/a995b82d0df1730148f5e6c1edf10a41/screenshot - {}
RESULT: {}
RESULT: {}
COMMAND: POST /session/a995b82d0df1730148f5e6c1edf10a41/actions - {"actions":[{"id":"action14","type":"key","parameters":{},"actions":[{"type":"keyDown","value":""},{"type":"pause","duration":10},{"type":"keyUp","value":""}]}]}
RESULT: {"actions":[{"id":"action14","type":"key","parameters":{},"actions":[{"type":"keyDown","value":""},{"type":"pause","duration":10},{"type":"keyUp","value":""}]}]}
COMMAND: POST /session/a995b82d0df1730148f5e6c1edf10a41/execute/async - {"script":"<script> [1562 bytes]","args":[{"selector":{"id":"application-manageconditionprice-display-component---newCondition--condBaseQty","interaction":{"idSuffix":"inner"}},"wdio_ui5_key":"applicationmanageconditionprice-display-component---newCondition--condBaseQty"}]}
COMMAND: GET /session/a995b82d0df1730148f5e6c1edf10a41/screenshot - {}
RESULT: {"script":"<script> [1562 bytes]","args":[{"selector":{"id":"application-manageconditionprice-display-component---newCondition--condBaseQty","interaction":{"idSuffix":"inner"}},"wdio_ui5_key":"applicationmanageconditionprice-display-component---newCondition--condBaseQty"}]}
RESULT: undefined
COMMAND: POST /session/a995b82d0df1730148f5e6c1edf10a41/execute/async - {"script":"<script> [776 bytes]","args":[{"enterText":"1","selector":{"id":"application-manageconditionprice-display-component---newCondition--condBaseQty","interaction":{"idSuffix":"inner"}},"clearTextFirst":true,"interactionType":"ENTER_TEXT"}]}
RESULT: {}
RESULT: {"script":"<script> [776 bytes]","args":[{"enterText":"1","selector":{"id":"application-manageconditionprice-display-component---newCondition--condBaseQty","interaction":{"idSuffix":"inner"}},"clearTextFirst":true,"interactionType":"ENTER_TEXT"}]}
COMMAND: POST /session/a995b82d0df1730148f5e6c1edf10a41/execute/async - {"script":"<script> [1562 bytes]","args":[{"selector":{"id":"application-manageconditionprice-display-component---newCondition--condValue","interaction":{"idSuffix":"inner"}},"wdio_ui5_key":"applicationmanageconditionprice-display-component---newCondition--condValue"}]}
RESULT: {"script":"<script> [1562 bytes]","args":[{"selector":{"id":"application-manageconditionprice-display-component---newCondition--condValue","interaction":{"idSuffix":"inner"}},"wdio_ui5_key":"applicationmanageconditionprice-display-component---newCondition--condValue"}]}
RESULT: undefined
COMMAND: POST /session/a995b82d0df1730148f5e6c1edf10a41/execute/async - {"script":"<script> [776 bytes]","args":[{"enterText":"100","selector":{"id":"application-manageconditionprice-display-component---newCondition--condValue","interaction":{"idSuffix":"inner"}},"clearTextFirst":true,"interactionType":"ENTER_TEXT"}]}
RESULT: {"script":"<script> [776 bytes]","args":[{"enterText":"100","selector":{"id":"application-manageconditionprice-display-component---newCondition--condValue","interaction":{"idSuffix":"inner"}},"clearTextFirst":true,"interactionType":"ENTER_TEXT"}]}
COMMAND: POST /session/a995b82d0df1730148f5e6c1edf10a41/execute/async - {"script":"<script> [1562 bytes]","args":[{"selector":{"id":"application-manageconditionprice-display-component---newCondition--condCurr-arrow"},"wdio_ui5_key":"applicationmanageconditionprice-display-component---newCondition--condCurr-arrow"}]}
RESULT: {"script":"<script> [1562 bytes]","args":[{"selector":{"id":"application-manageconditionprice-display-component---newCondition--condCurr-arrow"},"wdio_ui5_key":"applicationmanageconditionprice-display-component---newCondition--condCurr-arrow"}]}
RESULT: undefined
COMMAND: POST /session/a995b82d0df1730148f5e6c1edf10a41/element - {"using":"xpath","value":"//*[@id=\"application-manageconditionprice-display-component---newCondition--condCurr-arrow\"]"}
RESULT: {"using":"xpath","value":"//*[@id=\"application-manageconditionprice-display-component---newCondition--condCurr-arrow\"]"}
COMMAND: POST /session/a995b82d0df1730148f5e6c1edf10a41/element/f.5AF93869D51CACD0ED0B7A3F3CCEB8C6.d.D45CE9780A4D4816A0977AAA03B5D2BA.e.5829/click - {}
RESULT: {}
COMMAND: POST /session/a995b82d0df1730148f5e6c1edf10a41/element - {"using":"xpath","value":"//span[contains(text(), \"Euro\")]"}
COMMAND: GET /session/a995b82d0df1730148f5e6c1edf10a41/screenshot - {}
RESULT: {"using":"xpath","value":"//span[contains(text(), \"Euro\")]"}
COMMAND: POST /session/a995b82d0df1730148f5e6c1edf10a41/element/f.5AF93869D51CACD0ED0B7A3F3CCEB8C6.d.D45CE9780A4D4816A0977AAA03B5D2BA.e.5902/click - {}
RESULT: {}
RESULT: {}
COMMAND: POST /session/a995b82d0df1730148f5e6c1edf10a41/element - {"using":"xpath","value":"//button[@data-kt=\"saveButton\"]"}
COMMAND: GET /session/a995b82d0df1730148f5e6c1edf10a41/screenshot - {}
RESULT: {"using":"xpath","value":"//button[@data-kt=\"saveButton\"]"}
COMMAND: POST /session/a995b82d0df1730148f5e6c1edf10a41/element/f.5AF93869D51CACD0ED0B7A3F3CCEB8C6.d.D45CE9780A4D4816A0977AAA03B5D2BA.e.5830/click - {}
RESULT: {}
RESULT: {}
COMMAND: GET /session/a995b82d0df1730148f5e6c1edf10a41/screenshot - {}
RESULT: {}
COMMAND: POST /session/a995b82d0df1730148f5e6c1edf10a41/execute/async - {"script":"<script> [1562 bytes]","args":[{"selector":{"id":"application-manageconditionprice-display-component---conditions--smartFilterBar-btnBasicSearch","interaction":{"idSuffix":"I"}},"wdio_ui5_key":"applicationmanageconditionprice-display-component---conditions--smartFilterBar-btnBasicSearch"}]}
RESULT: {"script":"<script> [1562 bytes]","args":[{"selector":{"id":"application-manageconditionprice-display-component---conditions--smartFilterBar-btnBasicSearch","interaction":{"idSuffix":"I"}},"wdio_ui5_key":"applicationmanageconditionprice-display-component---conditions--smartFilterBar-btnBasicSearch"}]}
RESULT: undefined
COMMAND: POST /session/a995b82d0df1730148f5e6c1edf10a41/execute/async - {"script":"<script> [776 bytes]","args":[{"enterText":"nuMwpOZVfZ","selector":{"id":"application-manageconditionprice-display-component---conditions--smartFilterBar-btnBasicSearch","interaction":{"idSuffix":"I"}},"clearTextFirst":true,"interactionType":"ENTER_TEXT"}]}
RESULT: {"script":"<script> [776 bytes]","args":[{"enterText":"nuMwpOZVfZ","selector":{"id":"application-manageconditionprice-display-component---conditions--smartFilterBar-btnBasicSearch","interaction":{"idSuffix":"I"}},"clearTextFirst":true,"interactionType":"ENTER_TEXT"}]}
COMMAND: POST /session/a995b82d0df1730148f5e6c1edf10a41/actions - {"actions":[{"id":"action15","type":"key","parameters":{},"actions":[{"type":"keyDown","value":""},{"type":"pause","duration":10},{"type":"keyUp","value":""}]}]}
RESULT: {"actions":[{"id":"action15","type":"key","parameters":{},"actions":[{"type":"keyDown","value":""},{"type":"pause","duration":10},{"type":"keyUp","value":""}]}]}
COMMAND: GET /session/a995b82d0df1730148f5e6c1edf10a41/screenshot - {}
RESULT: {}
COMMAND: POST /session/a995b82d0df1730148f5e6c1edf10a41/execute/async - {"script":"<script> [1562 bytes]","args":[{"selector":{"id":"application-manageconditionprice-display-component---conditions--smartFilterBar-filterItemControl_BASIC-BILL_TYPES-vhi"},"wdio_ui5_key":"applicationmanageconditionprice-display-component---conditions--smartFilterBar-filterItemControl_BASIC-BILL_TYPES-vhi"}]}
RESULT: {"script":"<script> [1562 bytes]","args":[{"selector":{"id":"application-manageconditionprice-display-component---conditions--smartFilterBar-filterItemControl_BASIC-BILL_TYPES-vhi"},"wdio_ui5_key":"applicationmanageconditionprice-display-component---conditions--smartFilterBar-filterItemControl_BASIC-BILL_TYPES-vhi"}]}
RESULT: undefined
COMMAND: POST /session/a995b82d0df1730148f5e6c1edf10a41/element - {"using":"xpath","value":"//*[@id=\"application-manageconditionprice-display-component---conditions--smartFilterBar-filterItemControl_BASIC-BILL_TYPES-vhi\"]"}
RESULT: {"using":"xpath","value":"//*[@id=\"application-manageconditionprice-display-component---conditions--smartFilterBar-filterItemControl_BASIC-BILL_TYPES-vhi\"]"}
COMMAND: POST /session/a995b82d0df1730148f5e6c1edf10a41/element/f.5AF93869D51CACD0ED0B7A3F3CCEB8C6.d.D45CE9780A4D4816A0977AAA03B5D2BA.e.5919/click - {}
RESULT: {}
COMMAND: POST /session/a995b82d0df1730148f5e6c1edf10a41/execute/async - {"script":"<script> [1562 bytes]","args":[{"selector":{"id":"application-manageconditionprice-display-component---conditions--smartFilterBar-filterItemControl_BASIC-BILL_TYPES-valueHelpDialog-smartFilterBar-btnBasicSearch","searchOpenDialogs":true,"interaction":{"idSuffix":"I"}},"wdio_ui5_key":"applicationmanageconditionprice-display-component---conditions--smartFilterBar-filterItemControl_BASIC-BILL_TYPES-valueHelpDialog-smartFilterBar-btnBasicSearch"}]}
COMMAND: GET /session/a995b82d0df1730148f5e6c1edf10a41/screenshot - {}
RESULT: {"script":"<script> [1562 bytes]","args":[{"selector":{"id":"application-manageconditionprice-display-component---conditions--smartFilterBar-filterItemControl_BASIC-BILL_TYPES-valueHelpDialog-smartFilterBar-btnBasicSearch","searchOpenDialogs":true,"interaction":{"idSuffix":"I"}},"wdio_ui5_key":"applicationmanageconditionprice-display-component---conditions--smartFilterBar-filterItemControl_BASIC-BILL_TYPES-valueHelpDialog-smartFilterBar-btnBasicSearch"}]}
RESULT: undefined
COMMAND: POST /session/a995b82d0df1730148f5e6c1edf10a41/execute/async - {"script":"<script> [776 bytes]","args":[{"enterText":"TB","selector":{"id":"application-manageconditionprice-display-component---conditions--smartFilterBar-filterItemControl_BASIC-BILL_TYPES-valueHelpDialog-smartFilterBar-btnBasicSearch","searchOpenDialogs":true,"interaction":{"idSuffix":"I"}},"clearTextFirst":true,"interactionType":"ENTER_TEXT"}]}
RESULT: {}
RESULT: {"script":"<script> [776 bytes]","args":[{"enterText":"TB","selector":{"id":"application-manageconditionprice-display-component---conditions--smartFilterBar-filterItemControl_BASIC-BILL_TYPES-valueHelpDialog-smartFilterBar-btnBasicSearch","searchOpenDialogs":true,"interaction":{"idSuffix":"I"}},"clearTextFirst":true,"interactionType":"ENTER_TEXT"}]}
COMMAND: POST /session/a995b82d0df1730148f5e6c1edf10a41/actions - {"actions":[{"id":"action16","type":"key","parameters":{},"actions":[{"type":"keyDown","value":""},{"type":"pause","duration":10},{"type":"keyUp","value":""}]}]}
RESULT: {"actions":[{"id":"action16","type":"key","parameters":{},"actions":[{"type":"keyDown","value":""},{"type":"pause","duration":10},{"type":"keyUp","value":""}]}]}
COMMAND: GET /session/a995b82d0df1730148f5e6c1edf10a41/screenshot - {}
RESULT: {}
COMMAND: POST /session/a995b82d0df1730148f5e6c1edf10a41/element - {"using":"xpath","value":"//div[contains(@id, 'application-manageconditionprice-display-component---conditions--smartFilterBar-filterItemControl_BASIC-BILL_TYPES-valueHelpDialog-table-rowsel0')]"}
RESULT: {"using":"xpath","value":"//div[contains(@id, 'application-manageconditionprice-display-component---conditions--smartFilterBar-filterItemControl_BASIC-BILL_TYPES-valueHelpDialog-table-rowsel0')]"}
COMMAND: POST /session/a995b82d0df1730148f5e6c1edf10a41/element/f.5AF93869D51CACD0ED0B7A3F3CCEB8C6.d.D45CE9780A4D4816A0977AAA03B5D2BA.e.5928/click - {}
RESULT: {}
COMMAND: GET /session/a995b82d0df1730148f5e6c1edf10a41/screenshot - {}
RESULT: {}
COMMAND: POST /session/a995b82d0df1730148f5e6c1edf10a41/element - {"using":"xpath","value":"//bdi[contains(text(), \"OK\")]"}
RESULT: {"using":"xpath","value":"//bdi[contains(text(), \"OK\")]"}
COMMAND: POST /session/a995b82d0df1730148f5e6c1edf10a41/element/f.5AF93869D51CACD0ED0B7A3F3CCEB8C6.d.D45CE9780A4D4816A0977AAA03B5D2BA.e.5930/click - {}
RESULT: {}
COMMAND: GET /session/a995b82d0df1730148f5e6c1edf10a41/screenshot - {}
RESULT: {}
COMMAND: POST /session/a995b82d0df1730148f5e6c1edf10a41/element - {"using":"xpath","value":"//span[@id=\"application-manageconditionprice-display-component---conditions--smartTable-header-inner\"]"}
RESULT: {"using":"xpath","value":"//span[@id=\"application-manageconditionprice-display-component---conditions--smartTable-header-inner\"]"}
COMMAND: POST /session/a995b82d0df1730148f5e6c1edf10a41/elements - {"using":"xpath","value":"//span[@id=\"application-manageconditionprice-display-component---conditions--smartTable-header-inner\"]"}
RESULT: {"using":"xpath","value":"//span[@id=\"application-manageconditionprice-display-component---conditions--smartTable-header-inner\"]"}
COMMAND: POST /session/a995b82d0df1730148f5e6c1edf10a41/execute/sync - {"script":"<script> [56 bytes]","args":[{"element-6066-11e4-a52e-4f735466cecf":"f.5AF93869D51CACD0ED0B7A3F3CCEB8C6.d.D45CE9780A4D4816A0977AAA03B5D2BA.e.5933","ELEMENT":"f.5AF93869D51CACD0ED0B7A3F3CCEB8C6.d.D45CE9780A4D4816A0977AAA03B5D2BA.e.5933"}]}
RESULT: {"script":"<script> [56 bytes]","args":[{"element-6066-11e4-a52e-4f735466cecf":"f.5AF93869D51CACD0ED0B7A3F3CCEB8C6.d.D45CE9780A4D4816A0977AAA03B5D2BA.e.5933","ELEMENT":"f.5AF93869D51CACD0ED0B7A3F3CCEB8C6.d.D45CE9780A4D4816A0977AAA03B5D2BA.e.5933"}]}
COMMAND: POST /session/a995b82d0df1730148f5e6c1edf10a41/element - {"using":"css selector","value":"#shell-header-logo"}
COMMAND: GET /session/a995b82d0df1730148f5e6c1edf10a41/screenshot - {}
RESULT: {"using":"css selector","value":"#shell-header-logo"}
COMMAND: POST /session/a995b82d0df1730148f5e6c1edf10a41/element/f.5AF93869D51CACD0ED0B7A3F3CCEB8C6.d.D45CE9780A4D4816A0977AAA03B5D2BA.e.5650/click - {}
RESULT: {}
RESULT: {}
COMMAND: GET /session/a995b82d0df1730148f5e6c1edf10a41/screenshot - {}
RESULT: {}
]]></system-out>
    </testcase>
    <testcase classname="chrome.136_0_7103_93.windows.Billing_Transfer_-_Master_data_&amp;_Intercompany_US127250" name="Should do a stock increase" time="104.148">
      <failure/>
      <error message="Can't call click on element with selector &quot;//li[.//span[contains(text(),'505 -')]]&quot; because element wasn't found"/>
      <system-out><![CDATA[
COMMAND: POST /session/a995b82d0df1730148f5e6c1edf10a41/execute/async - {"script":"<script> [1562 bytes]","args":[{"selector":{"controlType":"sap.m.GenericTile","properties":{"header":"Manage Handovers"}},"wdio_ui5_key":"sapm.GenericTile{\"header\":\"Manage Handovers\"}"}]}
RESULT: {"script":"<script> [1562 bytes]","args":[{"selector":{"controlType":"sap.m.GenericTile","properties":{"header":"Manage Handovers"}},"wdio_ui5_key":"sapm.GenericTile{\"header\":\"Manage Handovers\"}"}]}
RESULT: undefined
COMMAND: POST /session/a995b82d0df1730148f5e6c1edf10a41/element - {"using":"xpath","value":"//*[@id=\"__tile133\"]"}
RESULT: {"using":"xpath","value":"//*[@id=\"__tile133\"]"}
COMMAND: POST /session/a995b82d0df1730148f5e6c1edf10a41/element/f.5AF93869D51CACD0ED0B7A3F3CCEB8C6.d.D45CE9780A4D4816A0977AAA03B5D2BA.e.2225/click - {}
RESULT: {}
COMMAND: GET /session/a995b82d0df1730148f5e6c1edf10a41/screenshot - {}
RESULT: {}
COMMAND: POST /session/a995b82d0df1730148f5e6c1edf10a41/elements - {"using":"xpath","value":"//span[text()='Error']"}
RESULT: {"using":"xpath","value":"//span[text()='Error']"}
COMMAND: POST /session/a995b82d0df1730148f5e6c1edf10a41/element - {"using":"xpath","value":"//button[@data-kt=\"masterHOAddButton\"]"}
RESULT: {"using":"xpath","value":"//button[@data-kt=\"masterHOAddButton\"]"}
COMMAND: POST /session/a995b82d0df1730148f5e6c1edf10a41/elements - {"using":"xpath","value":"//button[@data-kt=\"masterHOAddButton\"]"}
RESULT: {"using":"xpath","value":"//button[@data-kt=\"masterHOAddButton\"]"}
COMMAND: POST /session/a995b82d0df1730148f5e6c1edf10a41/execute/sync - {"script":"<script> [8489 bytes]","args":[{"element-6066-11e4-a52e-4f735466cecf":"f.5AF93869D51CACD0ED0B7A3F3CCEB8C6.d.D45CE9780A4D4816A0977AAA03B5D2BA.e.5977","ELEMENT":"f.5AF93869D51CACD0ED0B7A3F3CCEB8C6.d.D45CE9780A4D4816A0977AAA03B5D2BA.e.5977"}]}
RESULT: {"script":"<script> [8489 bytes]","args":[{"element-6066-11e4-a52e-4f735466cecf":"f.5AF93869D51CACD0ED0B7A3F3CCEB8C6.d.D45CE9780A4D4816A0977AAA03B5D2BA.e.5977","ELEMENT":"f.5AF93869D51CACD0ED0B7A3F3CCEB8C6.d.D45CE9780A4D4816A0977AAA03B5D2BA.e.5977"}]}
COMMAND: GET /session/a995b82d0df1730148f5e6c1edf10a41/element/f.5AF93869D51CACD0ED0B7A3F3CCEB8C6.d.D45CE9780A4D4816A0977AAA03B5D2BA.e.5977/enabled - {}
COMMAND: GET /session/a995b82d0df1730148f5e6c1edf10a41/screenshot - {}
RESULT: {}
COMMAND: POST /session/a995b82d0df1730148f5e6c1edf10a41/execute/sync - {"script":"<script> [8489 bytes]","args":[{"element-6066-11e4-a52e-4f735466cecf":"f.5AF93869D51CACD0ED0B7A3F3CCEB8C6.d.D45CE9780A4D4816A0977AAA03B5D2BA.e.5977","ELEMENT":"f.5AF93869D51CACD0ED0B7A3F3CCEB8C6.d.D45CE9780A4D4816A0977AAA03B5D2BA.e.5977"}]}
COMMAND: GET /session/a995b82d0df1730148f5e6c1edf10a41/screenshot - {}
RESULT: {}
RESULT: {"script":"<script> [8489 bytes]","args":[{"element-6066-11e4-a52e-4f735466cecf":"f.5AF93869D51CACD0ED0B7A3F3CCEB8C6.d.D45CE9780A4D4816A0977AAA03B5D2BA.e.5977","ELEMENT":"f.5AF93869D51CACD0ED0B7A3F3CCEB8C6.d.D45CE9780A4D4816A0977AAA03B5D2BA.e.5977"}]}
COMMAND: POST /session/a995b82d0df1730148f5e6c1edf10a41/execute/sync - {"script":"<script> [5351 bytes]","args":[{"element-6066-11e4-a52e-4f735466cecf":"f.5AF93869D51CACD0ED0B7A3F3CCEB8C6.d.D45CE9780A4D4816A0977AAA03B5D2BA.e.5977","ELEMENT":"f.5AF93869D51CACD0ED0B7A3F3CCEB8C6.d.D45CE9780A4D4816A0977AAA03B5D2BA.e.5977"}]}
COMMAND: GET /session/a995b82d0df1730148f5e6c1edf10a41/screenshot - {}
RESULT: {}
RESULT: {"script":"<script> [5351 bytes]","args":[{"element-6066-11e4-a52e-4f735466cecf":"f.5AF93869D51CACD0ED0B7A3F3CCEB8C6.d.D45CE9780A4D4816A0977AAA03B5D2BA.e.5977","ELEMENT":"f.5AF93869D51CACD0ED0B7A3F3CCEB8C6.d.D45CE9780A4D4816A0977AAA03B5D2BA.e.5977"}]}
COMMAND: POST /session/a995b82d0df1730148f5e6c1edf10a41/element/f.5AF93869D51CACD0ED0B7A3F3CCEB8C6.d.D45CE9780A4D4816A0977AAA03B5D2BA.e.5977/click - {}
COMMAND: GET /session/a995b82d0df1730148f5e6c1edf10a41/screenshot - {}
RESULT: {}
RESULT: {}
COMMAND: GET /session/a995b82d0df1730148f5e6c1edf10a41/screenshot - {}
COMMAND: POST /session/a995b82d0df1730148f5e6c1edf10a41/element - {"using":"xpath","value":"//span[contains(@id ,\"AddNewHO--typeSelect-arrow\")]"}
RESULT: {}
RESULT: {}
RESULT: {"using":"xpath","value":"//span[contains(@id ,\"AddNewHO--typeSelect-arrow\")]"}
COMMAND: POST /session/a995b82d0df1730148f5e6c1edf10a41/element/f.5AF93869D51CACD0ED0B7A3F3CCEB8C6.d.D45CE9780A4D4816A0977AAA03B5D2BA.e.6317/click - {}
RESULT: {}
COMMAND: GET /session/a995b82d0df1730148f5e6c1edf10a41/screenshot - {}
RESULT: {}
COMMAND: POST /session/a995b82d0df1730148f5e6c1edf10a41/element - {"using":"xpath","value":"(//li[contains(text(), \"stock increase yard\")])[1]"}
RESULT: {"using":"xpath","value":"(//li[contains(text(), \"stock increase yard\")])[1]"}
COMMAND: POST /session/a995b82d0df1730148f5e6c1edf10a41/element/f.5AF93869D51CACD0ED0B7A3F3CCEB8C6.d.D45CE9780A4D4816A0977AAA03B5D2BA.e.6318/click - {}
RESULT: {}
COMMAND: GET /session/a995b82d0df1730148f5e6c1edf10a41/screenshot - {}
RESULT: {}
COMMAND: POST /session/a995b82d0df1730148f5e6c1edf10a41/execute/async - {"script":"<script> [1562 bytes]","args":[{"selector":{"id":"application-managehandovers-display-component---AddNewHO--dueDate","interaction":{"idSuffix":"inner"}},"wdio_ui5_key":"applicationmanagehandovers-display-component---AddNewHO--dueDate"}]}
RESULT: {"script":"<script> [1562 bytes]","args":[{"selector":{"id":"application-managehandovers-display-component---AddNewHO--dueDate","interaction":{"idSuffix":"inner"}},"wdio_ui5_key":"applicationmanagehandovers-display-component---AddNewHO--dueDate"}]}
RESULT: undefined
COMMAND: POST /session/a995b82d0df1730148f5e6c1edf10a41/execute/async - {"script":"<script> [6424 bytes]","args":[{"element-6066-11e4-a52e-4f735466cecf":"f.5AF93869D51CACD0ED0B7A3F3CCEB8C6.d.D45CE9780A4D4816A0977AAA03B5D2BA.e.6320"},"setValue",["5/30/25"]]}
RESULT: {"script":"<script> [6424 bytes]","args":[{"element-6066-11e4-a52e-4f735466cecf":"f.5AF93869D51CACD0ED0B7A3F3CCEB8C6.d.D45CE9780A4D4816A0977AAA03B5D2BA.e.6320"},"setValue",["5/30/25"]]}
COMMAND: POST /session/a995b82d0df1730148f5e6c1edf10a41/element - {"using":"xpath","value":"//input[@id=\"generalSectionFrg--receiveYard-inner\"]"}
RESULT: {"using":"xpath","value":"//input[@id=\"generalSectionFrg--receiveYard-inner\"]"}
COMMAND: POST /session/a995b82d0df1730148f5e6c1edf10a41/element/f.5AF93869D51CACD0ED0B7A3F3CCEB8C6.d.D45CE9780A4D4816A0977AAA03B5D2BA.e.6326/clear - {}
RESULT: {}
COMMAND: POST /session/a995b82d0df1730148f5e6c1edf10a41/element/f.5AF93869D51CACD0ED0B7A3F3CCEB8C6.d.D45CE9780A4D4816A0977AAA03B5D2BA.e.6326/value - {"text":"505"}
COMMAND: GET /session/a995b82d0df1730148f5e6c1edf10a41/screenshot - {}
RESULT: {"text":"505"}
COMMAND: GET /session/a995b82d0df1730148f5e6c1edf10a41/screenshot - {}
RESULT: {}
RESULT: {}
COMMAND: POST /session/a995b82d0df1730148f5e6c1edf10a41/element - {"using":"xpath","value":"//li[.//span[contains(text(),'505 -')]]"}
RESULT: {"using":"xpath","value":"//li[.//span[contains(text(),'505 -')]]"}
COMMAND: POST /session/a995b82d0df1730148f5e6c1edf10a41/elements - {"using":"xpath","value":"//li[.//span[contains(text(),'505 -')]]"}
RESULT: {"using":"xpath","value":"//li[.//span[contains(text(),'505 -')]]"}
COMMAND: POST /session/a995b82d0df1730148f5e6c1edf10a41/elements - {"using":"xpath","value":"//li[.//span[contains(text(),'505 -')]]"}
RESULT: {"using":"xpath","value":"//li[.//span[contains(text(),'505 -')]]"}
COMMAND: POST /session/a995b82d0df1730148f5e6c1edf10a41/elements - {"using":"xpath","value":"//li[.//span[contains(text(),'505 -')]]"}
RESULT: {"using":"xpath","value":"//li[.//span[contains(text(),'505 -')]]"}
COMMAND: POST /session/a995b82d0df1730148f5e6c1edf10a41/elements - {"using":"xpath","value":"//li[.//span[contains(text(),'505 -')]]"}
RESULT: {"using":"xpath","value":"//li[.//span[contains(text(),'505 -')]]"}
COMMAND: POST /session/a995b82d0df1730148f5e6c1edf10a41/elements - {"using":"xpath","value":"//li[.//span[contains(text(),'505 -')]]"}
RESULT: {"using":"xpath","value":"//li[.//span[contains(text(),'505 -')]]"}
COMMAND: POST /session/a995b82d0df1730148f5e6c1edf10a41/elements - {"using":"xpath","value":"//li[.//span[contains(text(),'505 -')]]"}
RESULT: {"using":"xpath","value":"//li[.//span[contains(text(),'505 -')]]"}
COMMAND: POST /session/a995b82d0df1730148f5e6c1edf10a41/elements - {"using":"xpath","value":"//li[.//span[contains(text(),'505 -')]]"}
RESULT: {"using":"xpath","value":"//li[.//span[contains(text(),'505 -')]]"}
COMMAND: POST /session/a995b82d0df1730148f5e6c1edf10a41/elements - {"using":"xpath","value":"//li[.//span[contains(text(),'505 -')]]"}
RESULT: {"using":"xpath","value":"//li[.//span[contains(text(),'505 -')]]"}
COMMAND: POST /session/a995b82d0df1730148f5e6c1edf10a41/elements - {"using":"xpath","value":"//li[.//span[contains(text(),'505 -')]]"}
RESULT: {"using":"xpath","value":"//li[.//span[contains(text(),'505 -')]]"}
COMMAND: POST /session/a995b82d0df1730148f5e6c1edf10a41/elements - {"using":"xpath","value":"//li[.//span[contains(text(),'505 -')]]"}
RESULT: {"using":"xpath","value":"//li[.//span[contains(text(),'505 -')]]"}
COMMAND: POST /session/a995b82d0df1730148f5e6c1edf10a41/elements - {"using":"xpath","value":"//li[.//span[contains(text(),'505 -')]]"}
RESULT: {"using":"xpath","value":"//li[.//span[contains(text(),'505 -')]]"}
COMMAND: POST /session/a995b82d0df1730148f5e6c1edf10a41/elements - {"using":"xpath","value":"//li[.//span[contains(text(),'505 -')]]"}
RESULT: {"using":"xpath","value":"//li[.//span[contains(text(),'505 -')]]"}
COMMAND: POST /session/a995b82d0df1730148f5e6c1edf10a41/elements - {"using":"xpath","value":"//li[.//span[contains(text(),'505 -')]]"}
RESULT: {"using":"xpath","value":"//li[.//span[contains(text(),'505 -')]]"}
COMMAND: POST /session/a995b82d0df1730148f5e6c1edf10a41/elements - {"using":"xpath","value":"//li[.//span[contains(text(),'505 -')]]"}
RESULT: {"using":"xpath","value":"//li[.//span[contains(text(),'505 -')]]"}
COMMAND: POST /session/a995b82d0df1730148f5e6c1edf10a41/elements - {"using":"xpath","value":"//li[.//span[contains(text(),'505 -')]]"}
RESULT: {"using":"xpath","value":"//li[.//span[contains(text(),'505 -')]]"}
COMMAND: POST /session/a995b82d0df1730148f5e6c1edf10a41/elements - {"using":"xpath","value":"//li[.//span[contains(text(),'505 -')]]"}
RESULT: {"using":"xpath","value":"//li[.//span[contains(text(),'505 -')]]"}
COMMAND: POST /session/a995b82d0df1730148f5e6c1edf10a41/elements - {"using":"xpath","value":"//li[.//span[contains(text(),'505 -')]]"}
RESULT: {"using":"xpath","value":"//li[.//span[contains(text(),'505 -')]]"}
COMMAND: POST /session/a995b82d0df1730148f5e6c1edf10a41/elements - {"using":"xpath","value":"//li[.//span[contains(text(),'505 -')]]"}
RESULT: {"using":"xpath","value":"//li[.//span[contains(text(),'505 -')]]"}
COMMAND: POST /session/a995b82d0df1730148f5e6c1edf10a41/elements - {"using":"xpath","value":"//li[.//span[contains(text(),'505 -')]]"}
RESULT: {"using":"xpath","value":"//li[.//span[contains(text(),'505 -')]]"}
COMMAND: POST /session/a995b82d0df1730148f5e6c1edf10a41/elements - {"using":"xpath","value":"//li[.//span[contains(text(),'505 -')]]"}
RESULT: {"using":"xpath","value":"//li[.//span[contains(text(),'505 -')]]"}
COMMAND: POST /session/a995b82d0df1730148f5e6c1edf10a41/elements - {"using":"xpath","value":"//li[.//span[contains(text(),'505 -')]]"}
RESULT: {"using":"xpath","value":"//li[.//span[contains(text(),'505 -')]]"}
COMMAND: POST /session/a995b82d0df1730148f5e6c1edf10a41/elements - {"using":"xpath","value":"//li[.//span[contains(text(),'505 -')]]"}
RESULT: {"using":"xpath","value":"//li[.//span[contains(text(),'505 -')]]"}
COMMAND: POST /session/a995b82d0df1730148f5e6c1edf10a41/elements - {"using":"xpath","value":"//li[.//span[contains(text(),'505 -')]]"}
RESULT: {"using":"xpath","value":"//li[.//span[contains(text(),'505 -')]]"}
COMMAND: POST /session/a995b82d0df1730148f5e6c1edf10a41/elements - {"using":"xpath","value":"//li[.//span[contains(text(),'505 -')]]"}
RESULT: {"using":"xpath","value":"//li[.//span[contains(text(),'505 -')]]"}
COMMAND: POST /session/a995b82d0df1730148f5e6c1edf10a41/elements - {"using":"xpath","value":"//li[.//span[contains(text(),'505 -')]]"}
RESULT: {"using":"xpath","value":"//li[.//span[contains(text(),'505 -')]]"}
COMMAND: POST /session/a995b82d0df1730148f5e6c1edf10a41/elements - {"using":"xpath","value":"//li[.//span[contains(text(),'505 -')]]"}
RESULT: {"using":"xpath","value":"//li[.//span[contains(text(),'505 -')]]"}
COMMAND: POST /session/a995b82d0df1730148f5e6c1edf10a41/elements - {"using":"xpath","value":"//li[.//span[contains(text(),'505 -')]]"}
RESULT: {"using":"xpath","value":"//li[.//span[contains(text(),'505 -')]]"}
COMMAND: POST /session/a995b82d0df1730148f5e6c1edf10a41/elements - {"using":"xpath","value":"//li[.//span[contains(text(),'505 -')]]"}
RESULT: {"using":"xpath","value":"//li[.//span[contains(text(),'505 -')]]"}
COMMAND: POST /session/a995b82d0df1730148f5e6c1edf10a41/elements - {"using":"xpath","value":"//li[.//span[contains(text(),'505 -')]]"}
RESULT: {"using":"xpath","value":"//li[.//span[contains(text(),'505 -')]]"}
COMMAND: POST /session/a995b82d0df1730148f5e6c1edf10a41/elements - {"using":"xpath","value":"//li[.//span[contains(text(),'505 -')]]"}
RESULT: {"using":"xpath","value":"//li[.//span[contains(text(),'505 -')]]"}
COMMAND: POST /session/a995b82d0df1730148f5e6c1edf10a41/elements - {"using":"xpath","value":"//li[.//span[contains(text(),'505 -')]]"}
RESULT: {"using":"xpath","value":"//li[.//span[contains(text(),'505 -')]]"}
COMMAND: POST /session/a995b82d0df1730148f5e6c1edf10a41/elements - {"using":"xpath","value":"//li[.//span[contains(text(),'505 -')]]"}
RESULT: {"using":"xpath","value":"//li[.//span[contains(text(),'505 -')]]"}
COMMAND: POST /session/a995b82d0df1730148f5e6c1edf10a41/elements - {"using":"xpath","value":"//li[.//span[contains(text(),'505 -')]]"}
RESULT: {"using":"xpath","value":"//li[.//span[contains(text(),'505 -')]]"}
COMMAND: POST /session/a995b82d0df1730148f5e6c1edf10a41/elements - {"using":"xpath","value":"//li[.//span[contains(text(),'505 -')]]"}
RESULT: {"using":"xpath","value":"//li[.//span[contains(text(),'505 -')]]"}
COMMAND: POST /session/a995b82d0df1730148f5e6c1edf10a41/elements - {"using":"xpath","value":"//li[.//span[contains(text(),'505 -')]]"}
RESULT: {"using":"xpath","value":"//li[.//span[contains(text(),'505 -')]]"}
COMMAND: POST /session/a995b82d0df1730148f5e6c1edf10a41/elements - {"using":"xpath","value":"//li[.//span[contains(text(),'505 -')]]"}
RESULT: {"using":"xpath","value":"//li[.//span[contains(text(),'505 -')]]"}
COMMAND: POST /session/a995b82d0df1730148f5e6c1edf10a41/elements - {"using":"xpath","value":"//li[.//span[contains(text(),'505 -')]]"}
RESULT: {"using":"xpath","value":"//li[.//span[contains(text(),'505 -')]]"}
COMMAND: POST /session/a995b82d0df1730148f5e6c1edf10a41/elements - {"using":"xpath","value":"//li[.//span[contains(text(),'505 -')]]"}
RESULT: {"using":"xpath","value":"//li[.//span[contains(text(),'505 -')]]"}
COMMAND: POST /session/a995b82d0df1730148f5e6c1edf10a41/elements - {"using":"xpath","value":"//li[.//span[contains(text(),'505 -')]]"}
RESULT: {"using":"xpath","value":"//li[.//span[contains(text(),'505 -')]]"}
COMMAND: POST /session/a995b82d0df1730148f5e6c1edf10a41/elements - {"using":"xpath","value":"//li[.//span[contains(text(),'505 -')]]"}
RESULT: {"using":"xpath","value":"//li[.//span[contains(text(),'505 -')]]"}
COMMAND: POST /session/a995b82d0df1730148f5e6c1edf10a41/elements - {"using":"xpath","value":"//li[.//span[contains(text(),'505 -')]]"}
RESULT: {"using":"xpath","value":"//li[.//span[contains(text(),'505 -')]]"}
COMMAND: POST /session/a995b82d0df1730148f5e6c1edf10a41/elements - {"using":"xpath","value":"//li[.//span[contains(text(),'505 -')]]"}
RESULT: {"using":"xpath","value":"//li[.//span[contains(text(),'505 -')]]"}
COMMAND: POST /session/a995b82d0df1730148f5e6c1edf10a41/elements - {"using":"xpath","value":"//li[.//span[contains(text(),'505 -')]]"}
RESULT: {"using":"xpath","value":"//li[.//span[contains(text(),'505 -')]]"}
COMMAND: POST /session/a995b82d0df1730148f5e6c1edf10a41/elements - {"using":"xpath","value":"//li[.//span[contains(text(),'505 -')]]"}
RESULT: {"using":"xpath","value":"//li[.//span[contains(text(),'505 -')]]"}
COMMAND: POST /session/a995b82d0df1730148f5e6c1edf10a41/elements - {"using":"xpath","value":"//li[.//span[contains(text(),'505 -')]]"}
RESULT: {"using":"xpath","value":"//li[.//span[contains(text(),'505 -')]]"}
COMMAND: POST /session/a995b82d0df1730148f5e6c1edf10a41/elements - {"using":"xpath","value":"//li[.//span[contains(text(),'505 -')]]"}
RESULT: {"using":"xpath","value":"//li[.//span[contains(text(),'505 -')]]"}
COMMAND: POST /session/a995b82d0df1730148f5e6c1edf10a41/elements - {"using":"xpath","value":"//li[.//span[contains(text(),'505 -')]]"}
RESULT: {"using":"xpath","value":"//li[.//span[contains(text(),'505 -')]]"}
COMMAND: POST /session/a995b82d0df1730148f5e6c1edf10a41/elements - {"using":"xpath","value":"//li[.//span[contains(text(),'505 -')]]"}
RESULT: {"using":"xpath","value":"//li[.//span[contains(text(),'505 -')]]"}
COMMAND: POST /session/a995b82d0df1730148f5e6c1edf10a41/elements - {"using":"xpath","value":"//li[.//span[contains(text(),'505 -')]]"}
RESULT: {"using":"xpath","value":"//li[.//span[contains(text(),'505 -')]]"}
COMMAND: POST /session/a995b82d0df1730148f5e6c1edf10a41/elements - {"using":"xpath","value":"//li[.//span[contains(text(),'505 -')]]"}
RESULT: {"using":"xpath","value":"//li[.//span[contains(text(),'505 -')]]"}
COMMAND: POST /session/a995b82d0df1730148f5e6c1edf10a41/elements - {"using":"xpath","value":"//li[.//span[contains(text(),'505 -')]]"}
RESULT: {"using":"xpath","value":"//li[.//span[contains(text(),'505 -')]]"}
COMMAND: POST /session/a995b82d0df1730148f5e6c1edf10a41/elements - {"using":"xpath","value":"//li[.//span[contains(text(),'505 -')]]"}
RESULT: {"using":"xpath","value":"//li[.//span[contains(text(),'505 -')]]"}
COMMAND: POST /session/a995b82d0df1730148f5e6c1edf10a41/elements - {"using":"xpath","value":"//li[.//span[contains(text(),'505 -')]]"}
RESULT: {"using":"xpath","value":"//li[.//span[contains(text(),'505 -')]]"}
COMMAND: POST /session/a995b82d0df1730148f5e6c1edf10a41/elements - {"using":"xpath","value":"//li[.//span[contains(text(),'505 -')]]"}
RESULT: {"using":"xpath","value":"//li[.//span[contains(text(),'505 -')]]"}
COMMAND: POST /session/a995b82d0df1730148f5e6c1edf10a41/elements - {"using":"xpath","value":"//li[.//span[contains(text(),'505 -')]]"}
RESULT: {"using":"xpath","value":"//li[.//span[contains(text(),'505 -')]]"}
COMMAND: POST /session/a995b82d0df1730148f5e6c1edf10a41/elements - {"using":"xpath","value":"//li[.//span[contains(text(),'505 -')]]"}
RESULT: {"using":"xpath","value":"//li[.//span[contains(text(),'505 -')]]"}
COMMAND: POST /session/a995b82d0df1730148f5e6c1edf10a41/elements - {"using":"xpath","value":"//li[.//span[contains(text(),'505 -')]]"}
RESULT: {"using":"xpath","value":"//li[.//span[contains(text(),'505 -')]]"}
COMMAND: POST /session/a995b82d0df1730148f5e6c1edf10a41/elements - {"using":"xpath","value":"//li[.//span[contains(text(),'505 -')]]"}
RESULT: {"using":"xpath","value":"//li[.//span[contains(text(),'505 -')]]"}
COMMAND: POST /session/a995b82d0df1730148f5e6c1edf10a41/elements - {"using":"xpath","value":"//li[.//span[contains(text(),'505 -')]]"}
RESULT: {"using":"xpath","value":"//li[.//span[contains(text(),'505 -')]]"}
COMMAND: POST /session/a995b82d0df1730148f5e6c1edf10a41/elements - {"using":"xpath","value":"//li[.//span[contains(text(),'505 -')]]"}
RESULT: {"using":"xpath","value":"//li[.//span[contains(text(),'505 -')]]"}
COMMAND: POST /session/a995b82d0df1730148f5e6c1edf10a41/elements - {"using":"xpath","value":"//li[.//span[contains(text(),'505 -')]]"}
RESULT: {"using":"xpath","value":"//li[.//span[contains(text(),'505 -')]]"}
COMMAND: POST /session/a995b82d0df1730148f5e6c1edf10a41/elements - {"using":"xpath","value":"//li[.//span[contains(text(),'505 -')]]"}
RESULT: {"using":"xpath","value":"//li[.//span[contains(text(),'505 -')]]"}
COMMAND: POST /session/a995b82d0df1730148f5e6c1edf10a41/elements - {"using":"xpath","value":"//li[.//span[contains(text(),'505 -')]]"}
RESULT: {"using":"xpath","value":"//li[.//span[contains(text(),'505 -')]]"}
COMMAND: POST /session/a995b82d0df1730148f5e6c1edf10a41/elements - {"using":"xpath","value":"//li[.//span[contains(text(),'505 -')]]"}
RESULT: {"using":"xpath","value":"//li[.//span[contains(text(),'505 -')]]"}
COMMAND: POST /session/a995b82d0df1730148f5e6c1edf10a41/elements - {"using":"xpath","value":"//li[.//span[contains(text(),'505 -')]]"}
RESULT: {"using":"xpath","value":"//li[.//span[contains(text(),'505 -')]]"}
COMMAND: POST /session/a995b82d0df1730148f5e6c1edf10a41/elements - {"using":"xpath","value":"//li[.//span[contains(text(),'505 -')]]"}
RESULT: {"using":"xpath","value":"//li[.//span[contains(text(),'505 -')]]"}
COMMAND: POST /session/a995b82d0df1730148f5e6c1edf10a41/elements - {"using":"xpath","value":"//li[.//span[contains(text(),'505 -')]]"}
RESULT: {"using":"xpath","value":"//li[.//span[contains(text(),'505 -')]]"}
COMMAND: POST /session/a995b82d0df1730148f5e6c1edf10a41/elements - {"using":"xpath","value":"//li[.//span[contains(text(),'505 -')]]"}
RESULT: {"using":"xpath","value":"//li[.//span[contains(text(),'505 -')]]"}
COMMAND: POST /session/a995b82d0df1730148f5e6c1edf10a41/elements - {"using":"xpath","value":"//li[.//span[contains(text(),'505 -')]]"}
RESULT: {"using":"xpath","value":"//li[.//span[contains(text(),'505 -')]]"}
COMMAND: POST /session/a995b82d0df1730148f5e6c1edf10a41/elements - {"using":"xpath","value":"//li[.//span[contains(text(),'505 -')]]"}
RESULT: {"using":"xpath","value":"//li[.//span[contains(text(),'505 -')]]"}
COMMAND: POST /session/a995b82d0df1730148f5e6c1edf10a41/elements - {"using":"xpath","value":"//li[.//span[contains(text(),'505 -')]]"}
RESULT: {"using":"xpath","value":"//li[.//span[contains(text(),'505 -')]]"}
COMMAND: POST /session/a995b82d0df1730148f5e6c1edf10a41/elements - {"using":"xpath","value":"//li[.//span[contains(text(),'505 -')]]"}
RESULT: {"using":"xpath","value":"//li[.//span[contains(text(),'505 -')]]"}
COMMAND: POST /session/a995b82d0df1730148f5e6c1edf10a41/elements - {"using":"xpath","value":"//li[.//span[contains(text(),'505 -')]]"}
RESULT: {"using":"xpath","value":"//li[.//span[contains(text(),'505 -')]]"}
COMMAND: POST /session/a995b82d0df1730148f5e6c1edf10a41/elements - {"using":"xpath","value":"//li[.//span[contains(text(),'505 -')]]"}
RESULT: {"using":"xpath","value":"//li[.//span[contains(text(),'505 -')]]"}
COMMAND: POST /session/a995b82d0df1730148f5e6c1edf10a41/elements - {"using":"xpath","value":"//li[.//span[contains(text(),'505 -')]]"}
RESULT: {"using":"xpath","value":"//li[.//span[contains(text(),'505 -')]]"}
COMMAND: POST /session/a995b82d0df1730148f5e6c1edf10a41/elements - {"using":"xpath","value":"//li[.//span[contains(text(),'505 -')]]"}
RESULT: {"using":"xpath","value":"//li[.//span[contains(text(),'505 -')]]"}
COMMAND: POST /session/a995b82d0df1730148f5e6c1edf10a41/elements - {"using":"xpath","value":"//li[.//span[contains(text(),'505 -')]]"}
RESULT: {"using":"xpath","value":"//li[.//span[contains(text(),'505 -')]]"}
COMMAND: POST /session/a995b82d0df1730148f5e6c1edf10a41/elements - {"using":"xpath","value":"//li[.//span[contains(text(),'505 -')]]"}
RESULT: {"using":"xpath","value":"//li[.//span[contains(text(),'505 -')]]"}
COMMAND: POST /session/a995b82d0df1730148f5e6c1edf10a41/elements - {"using":"xpath","value":"//li[.//span[contains(text(),'505 -')]]"}
RESULT: {"using":"xpath","value":"//li[.//span[contains(text(),'505 -')]]"}
COMMAND: POST /session/a995b82d0df1730148f5e6c1edf10a41/elements - {"using":"xpath","value":"//li[.//span[contains(text(),'505 -')]]"}
RESULT: {"using":"xpath","value":"//li[.//span[contains(text(),'505 -')]]"}
COMMAND: POST /session/a995b82d0df1730148f5e6c1edf10a41/elements - {"using":"xpath","value":"//li[.//span[contains(text(),'505 -')]]"}
RESULT: {"using":"xpath","value":"//li[.//span[contains(text(),'505 -')]]"}
COMMAND: POST /session/a995b82d0df1730148f5e6c1edf10a41/elements - {"using":"xpath","value":"//li[.//span[contains(text(),'505 -')]]"}
RESULT: {"using":"xpath","value":"//li[.//span[contains(text(),'505 -')]]"}
COMMAND: POST /session/a995b82d0df1730148f5e6c1edf10a41/elements - {"using":"xpath","value":"//li[.//span[contains(text(),'505 -')]]"}
RESULT: {"using":"xpath","value":"//li[.//span[contains(text(),'505 -')]]"}
COMMAND: POST /session/a995b82d0df1730148f5e6c1edf10a41/elements - {"using":"xpath","value":"//li[.//span[contains(text(),'505 -')]]"}
RESULT: {"using":"xpath","value":"//li[.//span[contains(text(),'505 -')]]"}
COMMAND: POST /session/a995b82d0df1730148f5e6c1edf10a41/elements - {"using":"xpath","value":"//li[.//span[contains(text(),'505 -')]]"}
RESULT: {"using":"xpath","value":"//li[.//span[contains(text(),'505 -')]]"}
COMMAND: POST /session/a995b82d0df1730148f5e6c1edf10a41/elements - {"using":"xpath","value":"//li[.//span[contains(text(),'505 -')]]"}
RESULT: {"using":"xpath","value":"//li[.//span[contains(text(),'505 -')]]"}
COMMAND: POST /session/a995b82d0df1730148f5e6c1edf10a41/elements - {"using":"xpath","value":"//li[.//span[contains(text(),'505 -')]]"}
RESULT: {"using":"xpath","value":"//li[.//span[contains(text(),'505 -')]]"}
COMMAND: POST /session/a995b82d0df1730148f5e6c1edf10a41/elements - {"using":"xpath","value":"//li[.//span[contains(text(),'505 -')]]"}
RESULT: {"using":"xpath","value":"//li[.//span[contains(text(),'505 -')]]"}
COMMAND: POST /session/a995b82d0df1730148f5e6c1edf10a41/elements - {"using":"xpath","value":"//li[.//span[contains(text(),'505 -')]]"}
RESULT: {"using":"xpath","value":"//li[.//span[contains(text(),'505 -')]]"}
COMMAND: POST /session/a995b82d0df1730148f5e6c1edf10a41/elements - {"using":"xpath","value":"//li[.//span[contains(text(),'505 -')]]"}
RESULT: {"using":"xpath","value":"//li[.//span[contains(text(),'505 -')]]"}
COMMAND: POST /session/a995b82d0df1730148f5e6c1edf10a41/elements - {"using":"xpath","value":"//li[.//span[contains(text(),'505 -')]]"}
RESULT: {"using":"xpath","value":"//li[.//span[contains(text(),'505 -')]]"}
COMMAND: POST /session/a995b82d0df1730148f5e6c1edf10a41/elements - {"using":"xpath","value":"//li[.//span[contains(text(),'505 -')]]"}
RESULT: {"using":"xpath","value":"//li[.//span[contains(text(),'505 -')]]"}
COMMAND: POST /session/a995b82d0df1730148f5e6c1edf10a41/elements - {"using":"xpath","value":"//li[.//span[contains(text(),'505 -')]]"}
RESULT: {"using":"xpath","value":"//li[.//span[contains(text(),'505 -')]]"}
COMMAND: POST /session/a995b82d0df1730148f5e6c1edf10a41/elements - {"using":"xpath","value":"//li[.//span[contains(text(),'505 -')]]"}
RESULT: {"using":"xpath","value":"//li[.//span[contains(text(),'505 -')]]"}
COMMAND: POST /session/a995b82d0df1730148f5e6c1edf10a41/elements - {"using":"xpath","value":"//li[.//span[contains(text(),'505 -')]]"}
RESULT: {"using":"xpath","value":"//li[.//span[contains(text(),'505 -')]]"}
COMMAND: POST /session/a995b82d0df1730148f5e6c1edf10a41/elements - {"using":"xpath","value":"//li[.//span[contains(text(),'505 -')]]"}
RESULT: {"using":"xpath","value":"//li[.//span[contains(text(),'505 -')]]"}
COMMAND: POST /session/a995b82d0df1730148f5e6c1edf10a41/elements - {"using":"xpath","value":"//li[.//span[contains(text(),'505 -')]]"}
RESULT: {"using":"xpath","value":"//li[.//span[contains(text(),'505 -')]]"}
COMMAND: POST /session/a995b82d0df1730148f5e6c1edf10a41/elements - {"using":"xpath","value":"//li[.//span[contains(text(),'505 -')]]"}
RESULT: {"using":"xpath","value":"//li[.//span[contains(text(),'505 -')]]"}
COMMAND: POST /session/a995b82d0df1730148f5e6c1edf10a41/elements - {"using":"xpath","value":"//li[.//span[contains(text(),'505 -')]]"}
RESULT: {"using":"xpath","value":"//li[.//span[contains(text(),'505 -')]]"}
COMMAND: POST /session/a995b82d0df1730148f5e6c1edf10a41/elements - {"using":"xpath","value":"//li[.//span[contains(text(),'505 -')]]"}
RESULT: {"using":"xpath","value":"//li[.//span[contains(text(),'505 -')]]"}
COMMAND: POST /session/a995b82d0df1730148f5e6c1edf10a41/elements - {"using":"xpath","value":"//li[.//span[contains(text(),'505 -')]]"}
RESULT: {"using":"xpath","value":"//li[.//span[contains(text(),'505 -')]]"}
COMMAND: POST /session/a995b82d0df1730148f5e6c1edf10a41/elements - {"using":"xpath","value":"//li[.//span[contains(text(),'505 -')]]"}
RESULT: {"using":"xpath","value":"//li[.//span[contains(text(),'505 -')]]"}
COMMAND: POST /session/a995b82d0df1730148f5e6c1edf10a41/elements - {"using":"xpath","value":"//li[.//span[contains(text(),'505 -')]]"}
RESULT: {"using":"xpath","value":"//li[.//span[contains(text(),'505 -')]]"}
COMMAND: POST /session/a995b82d0df1730148f5e6c1edf10a41/elements - {"using":"xpath","value":"//li[.//span[contains(text(),'505 -')]]"}
RESULT: {"using":"xpath","value":"//li[.//span[contains(text(),'505 -')]]"}
COMMAND: POST /session/a995b82d0df1730148f5e6c1edf10a41/elements - {"using":"xpath","value":"//li[.//span[contains(text(),'505 -')]]"}
RESULT: {"using":"xpath","value":"//li[.//span[contains(text(),'505 -')]]"}
COMMAND: POST /session/a995b82d0df1730148f5e6c1edf10a41/elements - {"using":"xpath","value":"//li[.//span[contains(text(),'505 -')]]"}
RESULT: {"using":"xpath","value":"//li[.//span[contains(text(),'505 -')]]"}
COMMAND: POST /session/a995b82d0df1730148f5e6c1edf10a41/elements - {"using":"xpath","value":"//li[.//span[contains(text(),'505 -')]]"}
RESULT: {"using":"xpath","value":"//li[.//span[contains(text(),'505 -')]]"}
COMMAND: POST /session/a995b82d0df1730148f5e6c1edf10a41/elements - {"using":"xpath","value":"//li[.//span[contains(text(),'505 -')]]"}
RESULT: {"using":"xpath","value":"//li[.//span[contains(text(),'505 -')]]"}
COMMAND: POST /session/a995b82d0df1730148f5e6c1edf10a41/elements - {"using":"xpath","value":"//li[.//span[contains(text(),'505 -')]]"}
RESULT: {"using":"xpath","value":"//li[.//span[contains(text(),'505 -')]]"}
COMMAND: POST /session/a995b82d0df1730148f5e6c1edf10a41/elements - {"using":"xpath","value":"//li[.//span[contains(text(),'505 -')]]"}
RESULT: {"using":"xpath","value":"//li[.//span[contains(text(),'505 -')]]"}
COMMAND: POST /session/a995b82d0df1730148f5e6c1edf10a41/elements - {"using":"xpath","value":"//li[.//span[contains(text(),'505 -')]]"}
RESULT: {"using":"xpath","value":"//li[.//span[contains(text(),'505 -')]]"}
COMMAND: POST /session/a995b82d0df1730148f5e6c1edf10a41/elements - {"using":"xpath","value":"//li[.//span[contains(text(),'505 -')]]"}
RESULT: {"using":"xpath","value":"//li[.//span[contains(text(),'505 -')]]"}
COMMAND: POST /session/a995b82d0df1730148f5e6c1edf10a41/elements - {"using":"xpath","value":"//li[.//span[contains(text(),'505 -')]]"}
RESULT: {"using":"xpath","value":"//li[.//span[contains(text(),'505 -')]]"}
COMMAND: POST /session/a995b82d0df1730148f5e6c1edf10a41/elements - {"using":"xpath","value":"//li[.//span[contains(text(),'505 -')]]"}
RESULT: {"using":"xpath","value":"//li[.//span[contains(text(),'505 -')]]"}
COMMAND: POST /session/a995b82d0df1730148f5e6c1edf10a41/elements - {"using":"xpath","value":"//li[.//span[contains(text(),'505 -')]]"}
RESULT: {"using":"xpath","value":"//li[.//span[contains(text(),'505 -')]]"}
COMMAND: POST /session/a995b82d0df1730148f5e6c1edf10a41/elements - {"using":"xpath","value":"//li[.//span[contains(text(),'505 -')]]"}
RESULT: {"using":"xpath","value":"//li[.//span[contains(text(),'505 -')]]"}
COMMAND: POST /session/a995b82d0df1730148f5e6c1edf10a41/elements - {"using":"xpath","value":"//li[.//span[contains(text(),'505 -')]]"}
RESULT: {"using":"xpath","value":"//li[.//span[contains(text(),'505 -')]]"}
COMMAND: POST /session/a995b82d0df1730148f5e6c1edf10a41/elements - {"using":"xpath","value":"//li[.//span[contains(text(),'505 -')]]"}
RESULT: {"using":"xpath","value":"//li[.//span[contains(text(),'505 -')]]"}
COMMAND: POST /session/a995b82d0df1730148f5e6c1edf10a41/elements - {"using":"xpath","value":"//li[.//span[contains(text(),'505 -')]]"}
RESULT: {"using":"xpath","value":"//li[.//span[contains(text(),'505 -')]]"}
COMMAND: POST /session/a995b82d0df1730148f5e6c1edf10a41/elements - {"using":"xpath","value":"//li[.//span[contains(text(),'505 -')]]"}
RESULT: {"using":"xpath","value":"//li[.//span[contains(text(),'505 -')]]"}
COMMAND: GET /session/a995b82d0df1730148f5e6c1edf10a41/screenshot - {}
RESULT: {}
]]></system-out>
      <system-err><![CDATA[
Error: Can't call click on element with selector "//li[.//span[contains(text(),'505 -')]]" because element wasn't found
    at async UtilsPrerequisites.stockIncrease (D:\a\1\s\test\specs\BTS\prerequisites-and-utils-functions.js:1638:9)
    at async Context.<anonymous> (D:\a\1\s\test\specs\BTS\billing-transfer-intercompany.spec.js:57:9)
]]></system-err>
    </testcase>
    <testcase classname="chrome.136_0_7103_93.windows.Billing_Transfer_-_Master_data_&amp;_Intercompany_US127250" name="Should create a new contract" time="60.371">
      <failure/>
      <error message="element (&quot;//button[@data-kt=&quot;addButton&quot;]&quot;) still not existing after 45000ms"/>
      <system-out><![CDATA[
COMMAND: POST /session/a995b82d0df1730148f5e6c1edf10a41/execute/async - {"script":"<script> [1562 bytes]","args":[{"selector":{"controlType":"sap.m.GenericTile","properties":{"header":"Manage Contracts"}},"wdio_ui5_key":"sapm.GenericTile{\"header\":\"Manage Contracts\"}"}]}
COMMAND: GET /session/a995b82d0df1730148f5e6c1edf10a41/screenshot - {}
RESULT: {"script":"<script> [1562 bytes]","args":[{"selector":{"controlType":"sap.m.GenericTile","properties":{"header":"Manage Contracts"}},"wdio_ui5_key":"sapm.GenericTile{\"header\":\"Manage Contracts\"}"}]}
RESULT: undefined
RESULT: {}
COMMAND: POST /session/a995b82d0df1730148f5e6c1edf10a41/elements - {"using":"xpath","value":"//span[text()='Error']"}
RESULT: {"using":"xpath","value":"//span[text()='Error']"}
COMMAND: POST /session/a995b82d0df1730148f5e6c1edf10a41/element - {"using":"xpath","value":"//button[@data-kt=\"addButton\"]"}
RESULT: {"using":"xpath","value":"//button[@data-kt=\"addButton\"]"}
COMMAND: POST /session/a995b82d0df1730148f5e6c1edf10a41/elements - {"using":"xpath","value":"//button[@data-kt=\"addButton\"]"}
RESULT: {"using":"xpath","value":"//button[@data-kt=\"addButton\"]"}
COMMAND: POST /session/a995b82d0df1730148f5e6c1edf10a41/elements - {"using":"xpath","value":"//button[@data-kt=\"addButton\"]"}
RESULT: {"using":"xpath","value":"//button[@data-kt=\"addButton\"]"}
COMMAND: POST /session/a995b82d0df1730148f5e6c1edf10a41/elements - {"using":"xpath","value":"//button[@data-kt=\"addButton\"]"}
RESULT: {"using":"xpath","value":"//button[@data-kt=\"addButton\"]"}
COMMAND: POST /session/a995b82d0df1730148f5e6c1edf10a41/elements - {"using":"xpath","value":"//button[@data-kt=\"addButton\"]"}
RESULT: {"using":"xpath","value":"//button[@data-kt=\"addButton\"]"}
COMMAND: POST /session/a995b82d0df1730148f5e6c1edf10a41/elements - {"using":"xpath","value":"//button[@data-kt=\"addButton\"]"}
RESULT: {"using":"xpath","value":"//button[@data-kt=\"addButton\"]"}
COMMAND: POST /session/a995b82d0df1730148f5e6c1edf10a41/elements - {"using":"xpath","value":"//button[@data-kt=\"addButton\"]"}
RESULT: {"using":"xpath","value":"//button[@data-kt=\"addButton\"]"}
COMMAND: POST /session/a995b82d0df1730148f5e6c1edf10a41/elements - {"using":"xpath","value":"//button[@data-kt=\"addButton\"]"}
RESULT: {"using":"xpath","value":"//button[@data-kt=\"addButton\"]"}
COMMAND: POST /session/a995b82d0df1730148f5e6c1edf10a41/elements - {"using":"xpath","value":"//button[@data-kt=\"addButton\"]"}
RESULT: {"using":"xpath","value":"//button[@data-kt=\"addButton\"]"}
COMMAND: POST /session/a995b82d0df1730148f5e6c1edf10a41/elements - {"using":"xpath","value":"//button[@data-kt=\"addButton\"]"}
RESULT: {"using":"xpath","value":"//button[@data-kt=\"addButton\"]"}
COMMAND: POST /session/a995b82d0df1730148f5e6c1edf10a41/elements - {"using":"xpath","value":"//button[@data-kt=\"addButton\"]"}
RESULT: {"using":"xpath","value":"//button[@data-kt=\"addButton\"]"}
COMMAND: POST /session/a995b82d0df1730148f5e6c1edf10a41/elements - {"using":"xpath","value":"//button[@data-kt=\"addButton\"]"}
RESULT: {"using":"xpath","value":"//button[@data-kt=\"addButton\"]"}
COMMAND: POST /session/a995b82d0df1730148f5e6c1edf10a41/elements - {"using":"xpath","value":"//button[@data-kt=\"addButton\"]"}
RESULT: {"using":"xpath","value":"//button[@data-kt=\"addButton\"]"}
COMMAND: POST /session/a995b82d0df1730148f5e6c1edf10a41/elements - {"using":"xpath","value":"//button[@data-kt=\"addButton\"]"}
RESULT: {"using":"xpath","value":"//button[@data-kt=\"addButton\"]"}
COMMAND: POST /session/a995b82d0df1730148f5e6c1edf10a41/elements - {"using":"xpath","value":"//button[@data-kt=\"addButton\"]"}
RESULT: {"using":"xpath","value":"//button[@data-kt=\"addButton\"]"}
COMMAND: POST /session/a995b82d0df1730148f5e6c1edf10a41/elements - {"using":"xpath","value":"//button[@data-kt=\"addButton\"]"}
RESULT: {"using":"xpath","value":"//button[@data-kt=\"addButton\"]"}
COMMAND: POST /session/a995b82d0df1730148f5e6c1edf10a41/elements - {"using":"xpath","value":"//button[@data-kt=\"addButton\"]"}
RESULT: {"using":"xpath","value":"//button[@data-kt=\"addButton\"]"}
COMMAND: POST /session/a995b82d0df1730148f5e6c1edf10a41/elements - {"using":"xpath","value":"//button[@data-kt=\"addButton\"]"}
RESULT: {"using":"xpath","value":"//button[@data-kt=\"addButton\"]"}
COMMAND: POST /session/a995b82d0df1730148f5e6c1edf10a41/elements - {"using":"xpath","value":"//button[@data-kt=\"addButton\"]"}
RESULT: {"using":"xpath","value":"//button[@data-kt=\"addButton\"]"}
COMMAND: POST /session/a995b82d0df1730148f5e6c1edf10a41/elements - {"using":"xpath","value":"//button[@data-kt=\"addButton\"]"}
RESULT: {"using":"xpath","value":"//button[@data-kt=\"addButton\"]"}
COMMAND: POST /session/a995b82d0df1730148f5e6c1edf10a41/elements - {"using":"xpath","value":"//button[@data-kt=\"addButton\"]"}
RESULT: {"using":"xpath","value":"//button[@data-kt=\"addButton\"]"}
COMMAND: POST /session/a995b82d0df1730148f5e6c1edf10a41/elements - {"using":"xpath","value":"//button[@data-kt=\"addButton\"]"}
RESULT: {"using":"xpath","value":"//button[@data-kt=\"addButton\"]"}
COMMAND: POST /session/a995b82d0df1730148f5e6c1edf10a41/elements - {"using":"xpath","value":"//button[@data-kt=\"addButton\"]"}
RESULT: {"using":"xpath","value":"//button[@data-kt=\"addButton\"]"}
COMMAND: POST /session/a995b82d0df1730148f5e6c1edf10a41/elements - {"using":"xpath","value":"//button[@data-kt=\"addButton\"]"}
RESULT: {"using":"xpath","value":"//button[@data-kt=\"addButton\"]"}
COMMAND: POST /session/a995b82d0df1730148f5e6c1edf10a41/elements - {"using":"xpath","value":"//button[@data-kt=\"addButton\"]"}
RESULT: {"using":"xpath","value":"//button[@data-kt=\"addButton\"]"}
COMMAND: POST /session/a995b82d0df1730148f5e6c1edf10a41/elements - {"using":"xpath","value":"//button[@data-kt=\"addButton\"]"}
RESULT: {"using":"xpath","value":"//button[@data-kt=\"addButton\"]"}
COMMAND: POST /session/a995b82d0df1730148f5e6c1edf10a41/elements - {"using":"xpath","value":"//button[@data-kt=\"addButton\"]"}
RESULT: {"using":"xpath","value":"//button[@data-kt=\"addButton\"]"}
COMMAND: POST /session/a995b82d0df1730148f5e6c1edf10a41/elements - {"using":"xpath","value":"//button[@data-kt=\"addButton\"]"}
RESULT: {"using":"xpath","value":"//button[@data-kt=\"addButton\"]"}
COMMAND: POST /session/a995b82d0df1730148f5e6c1edf10a41/elements - {"using":"xpath","value":"//button[@data-kt=\"addButton\"]"}
RESULT: {"using":"xpath","value":"//button[@data-kt=\"addButton\"]"}
COMMAND: POST /session/a995b82d0df1730148f5e6c1edf10a41/elements - {"using":"xpath","value":"//button[@data-kt=\"addButton\"]"}
RESULT: {"using":"xpath","value":"//button[@data-kt=\"addButton\"]"}
COMMAND: POST /session/a995b82d0df1730148f5e6c1edf10a41/elements - {"using":"xpath","value":"//button[@data-kt=\"addButton\"]"}
RESULT: {"using":"xpath","value":"//button[@data-kt=\"addButton\"]"}
COMMAND: POST /session/a995b82d0df1730148f5e6c1edf10a41/elements - {"using":"xpath","value":"//button[@data-kt=\"addButton\"]"}
RESULT: {"using":"xpath","value":"//button[@data-kt=\"addButton\"]"}
COMMAND: POST /session/a995b82d0df1730148f5e6c1edf10a41/elements - {"using":"xpath","value":"//button[@data-kt=\"addButton\"]"}
RESULT: {"using":"xpath","value":"//button[@data-kt=\"addButton\"]"}
COMMAND: POST /session/a995b82d0df1730148f5e6c1edf10a41/elements - {"using":"xpath","value":"//button[@data-kt=\"addButton\"]"}
RESULT: {"using":"xpath","value":"//button[@data-kt=\"addButton\"]"}
COMMAND: POST /session/a995b82d0df1730148f5e6c1edf10a41/elements - {"using":"xpath","value":"//button[@data-kt=\"addButton\"]"}
RESULT: {"using":"xpath","value":"//button[@data-kt=\"addButton\"]"}
COMMAND: POST /session/a995b82d0df1730148f5e6c1edf10a41/elements - {"using":"xpath","value":"//button[@data-kt=\"addButton\"]"}
RESULT: {"using":"xpath","value":"//button[@data-kt=\"addButton\"]"}
COMMAND: POST /session/a995b82d0df1730148f5e6c1edf10a41/elements - {"using":"xpath","value":"//button[@data-kt=\"addButton\"]"}
RESULT: {"using":"xpath","value":"//button[@data-kt=\"addButton\"]"}
COMMAND: POST /session/a995b82d0df1730148f5e6c1edf10a41/elements - {"using":"xpath","value":"//button[@data-kt=\"addButton\"]"}
RESULT: {"using":"xpath","value":"//button[@data-kt=\"addButton\"]"}
COMMAND: POST /session/a995b82d0df1730148f5e6c1edf10a41/elements - {"using":"xpath","value":"//button[@data-kt=\"addButton\"]"}
RESULT: {"using":"xpath","value":"//button[@data-kt=\"addButton\"]"}
COMMAND: POST /session/a995b82d0df1730148f5e6c1edf10a41/elements - {"using":"xpath","value":"//button[@data-kt=\"addButton\"]"}
RESULT: {"using":"xpath","value":"//button[@data-kt=\"addButton\"]"}
COMMAND: POST /session/a995b82d0df1730148f5e6c1edf10a41/elements - {"using":"xpath","value":"//button[@data-kt=\"addButton\"]"}
RESULT: {"using":"xpath","value":"//button[@data-kt=\"addButton\"]"}
COMMAND: POST /session/a995b82d0df1730148f5e6c1edf10a41/elements - {"using":"xpath","value":"//button[@data-kt=\"addButton\"]"}
RESULT: {"using":"xpath","value":"//button[@data-kt=\"addButton\"]"}
COMMAND: POST /session/a995b82d0df1730148f5e6c1edf10a41/elements - {"using":"xpath","value":"//button[@data-kt=\"addButton\"]"}
RESULT: {"using":"xpath","value":"//button[@data-kt=\"addButton\"]"}
COMMAND: POST /session/a995b82d0df1730148f5e6c1edf10a41/elements - {"using":"xpath","value":"//button[@data-kt=\"addButton\"]"}
RESULT: {"using":"xpath","value":"//button[@data-kt=\"addButton\"]"}
COMMAND: POST /session/a995b82d0df1730148f5e6c1edf10a41/elements - {"using":"xpath","value":"//button[@data-kt=\"addButton\"]"}
RESULT: {"using":"xpath","value":"//button[@data-kt=\"addButton\"]"}
COMMAND: POST /session/a995b82d0df1730148f5e6c1edf10a41/elements - {"using":"xpath","value":"//button[@data-kt=\"addButton\"]"}
RESULT: {"using":"xpath","value":"//button[@data-kt=\"addButton\"]"}
COMMAND: POST /session/a995b82d0df1730148f5e6c1edf10a41/elements - {"using":"xpath","value":"//button[@data-kt=\"addButton\"]"}
RESULT: {"using":"xpath","value":"//button[@data-kt=\"addButton\"]"}
COMMAND: POST /session/a995b82d0df1730148f5e6c1edf10a41/elements - {"using":"xpath","value":"//button[@data-kt=\"addButton\"]"}
RESULT: {"using":"xpath","value":"//button[@data-kt=\"addButton\"]"}
COMMAND: POST /session/a995b82d0df1730148f5e6c1edf10a41/elements - {"using":"xpath","value":"//button[@data-kt=\"addButton\"]"}
RESULT: {"using":"xpath","value":"//button[@data-kt=\"addButton\"]"}
COMMAND: POST /session/a995b82d0df1730148f5e6c1edf10a41/elements - {"using":"xpath","value":"//button[@data-kt=\"addButton\"]"}
RESULT: {"using":"xpath","value":"//button[@data-kt=\"addButton\"]"}
COMMAND: POST /session/a995b82d0df1730148f5e6c1edf10a41/elements - {"using":"xpath","value":"//button[@data-kt=\"addButton\"]"}
RESULT: {"using":"xpath","value":"//button[@data-kt=\"addButton\"]"}
COMMAND: POST /session/a995b82d0df1730148f5e6c1edf10a41/elements - {"using":"xpath","value":"//button[@data-kt=\"addButton\"]"}
RESULT: {"using":"xpath","value":"//button[@data-kt=\"addButton\"]"}
COMMAND: POST /session/a995b82d0df1730148f5e6c1edf10a41/elements - {"using":"xpath","value":"//button[@data-kt=\"addButton\"]"}
RESULT: {"using":"xpath","value":"//button[@data-kt=\"addButton\"]"}
COMMAND: POST /session/a995b82d0df1730148f5e6c1edf10a41/elements - {"using":"xpath","value":"//button[@data-kt=\"addButton\"]"}
RESULT: {"using":"xpath","value":"//button[@data-kt=\"addButton\"]"}
COMMAND: POST /session/a995b82d0df1730148f5e6c1edf10a41/elements - {"using":"xpath","value":"//button[@data-kt=\"addButton\"]"}
RESULT: {"using":"xpath","value":"//button[@data-kt=\"addButton\"]"}
COMMAND: POST /session/a995b82d0df1730148f5e6c1edf10a41/elements - {"using":"xpath","value":"//button[@data-kt=\"addButton\"]"}
RESULT: {"using":"xpath","value":"//button[@data-kt=\"addButton\"]"}
COMMAND: POST /session/a995b82d0df1730148f5e6c1edf10a41/elements - {"using":"xpath","value":"//button[@data-kt=\"addButton\"]"}
RESULT: {"using":"xpath","value":"//button[@data-kt=\"addButton\"]"}
COMMAND: POST /session/a995b82d0df1730148f5e6c1edf10a41/elements - {"using":"xpath","value":"//button[@data-kt=\"addButton\"]"}
RESULT: {"using":"xpath","value":"//button[@data-kt=\"addButton\"]"}
COMMAND: POST /session/a995b82d0df1730148f5e6c1edf10a41/elements - {"using":"xpath","value":"//button[@data-kt=\"addButton\"]"}
RESULT: {"using":"xpath","value":"//button[@data-kt=\"addButton\"]"}
COMMAND: POST /session/a995b82d0df1730148f5e6c1edf10a41/elements - {"using":"xpath","value":"//button[@data-kt=\"addButton\"]"}
RESULT: {"using":"xpath","value":"//button[@data-kt=\"addButton\"]"}
COMMAND: POST /session/a995b82d0df1730148f5e6c1edf10a41/elements - {"using":"xpath","value":"//button[@data-kt=\"addButton\"]"}
RESULT: {"using":"xpath","value":"//button[@data-kt=\"addButton\"]"}
COMMAND: POST /session/a995b82d0df1730148f5e6c1edf10a41/elements - {"using":"xpath","value":"//button[@data-kt=\"addButton\"]"}
RESULT: {"using":"xpath","value":"//button[@data-kt=\"addButton\"]"}
COMMAND: POST /session/a995b82d0df1730148f5e6c1edf10a41/elements - {"using":"xpath","value":"//button[@data-kt=\"addButton\"]"}
RESULT: {"using":"xpath","value":"//button[@data-kt=\"addButton\"]"}
COMMAND: POST /session/a995b82d0df1730148f5e6c1edf10a41/elements - {"using":"xpath","value":"//button[@data-kt=\"addButton\"]"}
RESULT: {"using":"xpath","value":"//button[@data-kt=\"addButton\"]"}
COMMAND: POST /session/a995b82d0df1730148f5e6c1edf10a41/elements - {"using":"xpath","value":"//button[@data-kt=\"addButton\"]"}
RESULT: {"using":"xpath","value":"//button[@data-kt=\"addButton\"]"}
COMMAND: POST /session/a995b82d0df1730148f5e6c1edf10a41/elements - {"using":"xpath","value":"//button[@data-kt=\"addButton\"]"}
RESULT: {"using":"xpath","value":"//button[@data-kt=\"addButton\"]"}
COMMAND: POST /session/a995b82d0df1730148f5e6c1edf10a41/elements - {"using":"xpath","value":"//button[@data-kt=\"addButton\"]"}
RESULT: {"using":"xpath","value":"//button[@data-kt=\"addButton\"]"}
COMMAND: POST /session/a995b82d0df1730148f5e6c1edf10a41/elements - {"using":"xpath","value":"//button[@data-kt=\"addButton\"]"}
RESULT: {"using":"xpath","value":"//button[@data-kt=\"addButton\"]"}
COMMAND: POST /session/a995b82d0df1730148f5e6c1edf10a41/elements - {"using":"xpath","value":"//button[@data-kt=\"addButton\"]"}
RESULT: {"using":"xpath","value":"//button[@data-kt=\"addButton\"]"}
COMMAND: POST /session/a995b82d0df1730148f5e6c1edf10a41/elements - {"using":"xpath","value":"//button[@data-kt=\"addButton\"]"}
RESULT: {"using":"xpath","value":"//button[@data-kt=\"addButton\"]"}
COMMAND: POST /session/a995b82d0df1730148f5e6c1edf10a41/elements - {"using":"xpath","value":"//button[@data-kt=\"addButton\"]"}
RESULT: {"using":"xpath","value":"//button[@data-kt=\"addButton\"]"}
COMMAND: POST /session/a995b82d0df1730148f5e6c1edf10a41/elements - {"using":"xpath","value":"//button[@data-kt=\"addButton\"]"}
RESULT: {"using":"xpath","value":"//button[@data-kt=\"addButton\"]"}
COMMAND: POST /session/a995b82d0df1730148f5e6c1edf10a41/elements - {"using":"xpath","value":"//button[@data-kt=\"addButton\"]"}
RESULT: {"using":"xpath","value":"//button[@data-kt=\"addButton\"]"}
COMMAND: POST /session/a995b82d0df1730148f5e6c1edf10a41/elements - {"using":"xpath","value":"//button[@data-kt=\"addButton\"]"}
RESULT: {"using":"xpath","value":"//button[@data-kt=\"addButton\"]"}
COMMAND: POST /session/a995b82d0df1730148f5e6c1edf10a41/elements - {"using":"xpath","value":"//button[@data-kt=\"addButton\"]"}
RESULT: {"using":"xpath","value":"//button[@data-kt=\"addButton\"]"}
COMMAND: POST /session/a995b82d0df1730148f5e6c1edf10a41/elements - {"using":"xpath","value":"//button[@data-kt=\"addButton\"]"}
RESULT: {"using":"xpath","value":"//button[@data-kt=\"addButton\"]"}
COMMAND: POST /session/a995b82d0df1730148f5e6c1edf10a41/elements - {"using":"xpath","value":"//button[@data-kt=\"addButton\"]"}
RESULT: {"using":"xpath","value":"//button[@data-kt=\"addButton\"]"}
COMMAND: POST /session/a995b82d0df1730148f5e6c1edf10a41/elements - {"using":"xpath","value":"//button[@data-kt=\"addButton\"]"}
RESULT: {"using":"xpath","value":"//button[@data-kt=\"addButton\"]"}
COMMAND: POST /session/a995b82d0df1730148f5e6c1edf10a41/elements - {"using":"xpath","value":"//button[@data-kt=\"addButton\"]"}
RESULT: {"using":"xpath","value":"//button[@data-kt=\"addButton\"]"}
COMMAND: POST /session/a995b82d0df1730148f5e6c1edf10a41/elements - {"using":"xpath","value":"//button[@data-kt=\"addButton\"]"}
RESULT: {"using":"xpath","value":"//button[@data-kt=\"addButton\"]"}
COMMAND: POST /session/a995b82d0df1730148f5e6c1edf10a41/elements - {"using":"xpath","value":"//button[@data-kt=\"addButton\"]"}
RESULT: {"using":"xpath","value":"//button[@data-kt=\"addButton\"]"}
COMMAND: POST /session/a995b82d0df1730148f5e6c1edf10a41/elements - {"using":"xpath","value":"//button[@data-kt=\"addButton\"]"}
RESULT: {"using":"xpath","value":"//button[@data-kt=\"addButton\"]"}
COMMAND: POST /session/a995b82d0df1730148f5e6c1edf10a41/elements - {"using":"xpath","value":"//button[@data-kt=\"addButton\"]"}
RESULT: {"using":"xpath","value":"//button[@data-kt=\"addButton\"]"}
COMMAND: POST /session/a995b82d0df1730148f5e6c1edf10a41/elements - {"using":"xpath","value":"//button[@data-kt=\"addButton\"]"}
RESULT: {"using":"xpath","value":"//button[@data-kt=\"addButton\"]"}
COMMAND: POST /session/a995b82d0df1730148f5e6c1edf10a41/elements - {"using":"xpath","value":"//button[@data-kt=\"addButton\"]"}
RESULT: {"using":"xpath","value":"//button[@data-kt=\"addButton\"]"}
COMMAND: POST /session/a995b82d0df1730148f5e6c1edf10a41/elements - {"using":"xpath","value":"//button[@data-kt=\"addButton\"]"}
RESULT: {"using":"xpath","value":"//button[@data-kt=\"addButton\"]"}
COMMAND: POST /session/a995b82d0df1730148f5e6c1edf10a41/elements - {"using":"xpath","value":"//button[@data-kt=\"addButton\"]"}
RESULT: {"using":"xpath","value":"//button[@data-kt=\"addButton\"]"}
COMMAND: POST /session/a995b82d0df1730148f5e6c1edf10a41/elements - {"using":"xpath","value":"//button[@data-kt=\"addButton\"]"}
RESULT: {"using":"xpath","value":"//button[@data-kt=\"addButton\"]"}
COMMAND: POST /session/a995b82d0df1730148f5e6c1edf10a41/elements - {"using":"xpath","value":"//button[@data-kt=\"addButton\"]"}
RESULT: {"using":"xpath","value":"//button[@data-kt=\"addButton\"]"}
COMMAND: POST /session/a995b82d0df1730148f5e6c1edf10a41/elements - {"using":"xpath","value":"//button[@data-kt=\"addButton\"]"}
RESULT: {"using":"xpath","value":"//button[@data-kt=\"addButton\"]"}
COMMAND: POST /session/a995b82d0df1730148f5e6c1edf10a41/elements - {"using":"xpath","value":"//button[@data-kt=\"addButton\"]"}
RESULT: {"using":"xpath","value":"//button[@data-kt=\"addButton\"]"}
COMMAND: POST /session/a995b82d0df1730148f5e6c1edf10a41/elements - {"using":"xpath","value":"//button[@data-kt=\"addButton\"]"}
COMMAND: GET /session/a995b82d0df1730148f5e6c1edf10a41/screenshot - {}
RESULT: {"using":"xpath","value":"//button[@data-kt=\"addButton\"]"}
RESULT: {}
]]></system-out>
      <system-err><![CDATA[
Error: element ("//button[@data-kt="addButton"]") still not existing after 45000ms
    at async UtilsPrerequisites.contractCreation (D:\a\1\s\test\specs\BTS\prerequisites-and-utils-functions.js:1741:9)
    at async Context.<anonymous> (D:\a\1\s\test\specs\BTS\billing-transfer-intercompany.spec.js:61:45)
]]></system-err>
    </testcase>
    <testcase classname="chrome.136_0_7103_93.windows.Billing_Transfer_-_Master_data_&amp;_Intercompany_US127250" name="Should add equipment to the contract" time="60.473">
      <failure/>
      <error message="Can't call click on element with selector &quot;//button[@data-kt=&quot;contractDetailEditBtnButton&quot;]&quot; because element wasn't found"/>
      <system-out><![CDATA[
COMMAND: GET /session/a995b82d0df1730148f5e6c1edf10a41/screenshot - {}
COMMAND: POST /session/a995b82d0df1730148f5e6c1edf10a41/element - {"using":"xpath","value":"//button[@data-kt=\"contractDetailEditBtnButton\"]"}
RESULT: {"using":"xpath","value":"//button[@data-kt=\"contractDetailEditBtnButton\"]"}
COMMAND: POST /session/a995b82d0df1730148f5e6c1edf10a41/elements - {"using":"xpath","value":"//button[@data-kt=\"contractDetailEditBtnButton\"]"}
RESULT: {}
RESULT: {"using":"xpath","value":"//button[@data-kt=\"contractDetailEditBtnButton\"]"}
COMMAND: POST /session/a995b82d0df1730148f5e6c1edf10a41/elements - {"using":"xpath","value":"//button[@data-kt=\"contractDetailEditBtnButton\"]"}
RESULT: {"using":"xpath","value":"//button[@data-kt=\"contractDetailEditBtnButton\"]"}
COMMAND: POST /session/a995b82d0df1730148f5e6c1edf10a41/elements - {"using":"xpath","value":"//button[@data-kt=\"contractDetailEditBtnButton\"]"}
RESULT: {"using":"xpath","value":"//button[@data-kt=\"contractDetailEditBtnButton\"]"}
COMMAND: POST /session/a995b82d0df1730148f5e6c1edf10a41/elements - {"using":"xpath","value":"//button[@data-kt=\"contractDetailEditBtnButton\"]"}
RESULT: {"using":"xpath","value":"//button[@data-kt=\"contractDetailEditBtnButton\"]"}
COMMAND: POST /session/a995b82d0df1730148f5e6c1edf10a41/elements - {"using":"xpath","value":"//button[@data-kt=\"contractDetailEditBtnButton\"]"}
RESULT: {"using":"xpath","value":"//button[@data-kt=\"contractDetailEditBtnButton\"]"}
COMMAND: POST /session/a995b82d0df1730148f5e6c1edf10a41/elements - {"using":"xpath","value":"//button[@data-kt=\"contractDetailEditBtnButton\"]"}
RESULT: {"using":"xpath","value":"//button[@data-kt=\"contractDetailEditBtnButton\"]"}
COMMAND: POST /session/a995b82d0df1730148f5e6c1edf10a41/elements - {"using":"xpath","value":"//button[@data-kt=\"contractDetailEditBtnButton\"]"}
RESULT: {"using":"xpath","value":"//button[@data-kt=\"contractDetailEditBtnButton\"]"}
COMMAND: POST /session/a995b82d0df1730148f5e6c1edf10a41/elements - {"using":"xpath","value":"//button[@data-kt=\"contractDetailEditBtnButton\"]"}
RESULT: {"using":"xpath","value":"//button[@data-kt=\"contractDetailEditBtnButton\"]"}
COMMAND: POST /session/a995b82d0df1730148f5e6c1edf10a41/elements - {"using":"xpath","value":"//button[@data-kt=\"contractDetailEditBtnButton\"]"}
RESULT: {"using":"xpath","value":"//button[@data-kt=\"contractDetailEditBtnButton\"]"}
COMMAND: POST /session/a995b82d0df1730148f5e6c1edf10a41/elements - {"using":"xpath","value":"//button[@data-kt=\"contractDetailEditBtnButton\"]"}
RESULT: {"using":"xpath","value":"//button[@data-kt=\"contractDetailEditBtnButton\"]"}
COMMAND: POST /session/a995b82d0df1730148f5e6c1edf10a41/elements - {"using":"xpath","value":"//button[@data-kt=\"contractDetailEditBtnButton\"]"}
RESULT: {"using":"xpath","value":"//button[@data-kt=\"contractDetailEditBtnButton\"]"}
COMMAND: POST /session/a995b82d0df1730148f5e6c1edf10a41/elements - {"using":"xpath","value":"//button[@data-kt=\"contractDetailEditBtnButton\"]"}
RESULT: {"using":"xpath","value":"//button[@data-kt=\"contractDetailEditBtnButton\"]"}
COMMAND: POST /session/a995b82d0df1730148f5e6c1edf10a41/elements - {"using":"xpath","value":"//button[@data-kt=\"contractDetailEditBtnButton\"]"}
RESULT: {"using":"xpath","value":"//button[@data-kt=\"contractDetailEditBtnButton\"]"}
COMMAND: POST /session/a995b82d0df1730148f5e6c1edf10a41/elements - {"using":"xpath","value":"//button[@data-kt=\"contractDetailEditBtnButton\"]"}
RESULT: {"using":"xpath","value":"//button[@data-kt=\"contractDetailEditBtnButton\"]"}
COMMAND: POST /session/a995b82d0df1730148f5e6c1edf10a41/elements - {"using":"xpath","value":"//button[@data-kt=\"contractDetailEditBtnButton\"]"}
RESULT: {"using":"xpath","value":"//button[@data-kt=\"contractDetailEditBtnButton\"]"}
COMMAND: POST /session/a995b82d0df1730148f5e6c1edf10a41/elements - {"using":"xpath","value":"//button[@data-kt=\"contractDetailEditBtnButton\"]"}
RESULT: {"using":"xpath","value":"//button[@data-kt=\"contractDetailEditBtnButton\"]"}
COMMAND: POST /session/a995b82d0df1730148f5e6c1edf10a41/elements - {"using":"xpath","value":"//button[@data-kt=\"contractDetailEditBtnButton\"]"}
RESULT: {"using":"xpath","value":"//button[@data-kt=\"contractDetailEditBtnButton\"]"}
COMMAND: POST /session/a995b82d0df1730148f5e6c1edf10a41/elements - {"using":"xpath","value":"//button[@data-kt=\"contractDetailEditBtnButton\"]"}
RESULT: {"using":"xpath","value":"//button[@data-kt=\"contractDetailEditBtnButton\"]"}
COMMAND: POST /session/a995b82d0df1730148f5e6c1edf10a41/elements - {"using":"xpath","value":"//button[@data-kt=\"contractDetailEditBtnButton\"]"}
RESULT: {"using":"xpath","value":"//button[@data-kt=\"contractDetailEditBtnButton\"]"}
COMMAND: POST /session/a995b82d0df1730148f5e6c1edf10a41/elements - {"using":"xpath","value":"//button[@data-kt=\"contractDetailEditBtnButton\"]"}
RESULT: {"using":"xpath","value":"//button[@data-kt=\"contractDetailEditBtnButton\"]"}
COMMAND: POST /session/a995b82d0df1730148f5e6c1edf10a41/elements - {"using":"xpath","value":"//button[@data-kt=\"contractDetailEditBtnButton\"]"}
RESULT: {"using":"xpath","value":"//button[@data-kt=\"contractDetailEditBtnButton\"]"}
COMMAND: POST /session/a995b82d0df1730148f5e6c1edf10a41/elements - {"using":"xpath","value":"//button[@data-kt=\"contractDetailEditBtnButton\"]"}
RESULT: {"using":"xpath","value":"//button[@data-kt=\"contractDetailEditBtnButton\"]"}
COMMAND: POST /session/a995b82d0df1730148f5e6c1edf10a41/elements - {"using":"xpath","value":"//button[@data-kt=\"contractDetailEditBtnButton\"]"}
RESULT: {"using":"xpath","value":"//button[@data-kt=\"contractDetailEditBtnButton\"]"}
COMMAND: POST /session/a995b82d0df1730148f5e6c1edf10a41/elements - {"using":"xpath","value":"//button[@data-kt=\"contractDetailEditBtnButton\"]"}
RESULT: {"using":"xpath","value":"//button[@data-kt=\"contractDetailEditBtnButton\"]"}
COMMAND: POST /session/a995b82d0df1730148f5e6c1edf10a41/elements - {"using":"xpath","value":"//button[@data-kt=\"contractDetailEditBtnButton\"]"}
RESULT: {"using":"xpath","value":"//button[@data-kt=\"contractDetailEditBtnButton\"]"}
COMMAND: POST /session/a995b82d0df1730148f5e6c1edf10a41/elements - {"using":"xpath","value":"//button[@data-kt=\"contractDetailEditBtnButton\"]"}
RESULT: {"using":"xpath","value":"//button[@data-kt=\"contractDetailEditBtnButton\"]"}
COMMAND: POST /session/a995b82d0df1730148f5e6c1edf10a41/elements - {"using":"xpath","value":"//button[@data-kt=\"contractDetailEditBtnButton\"]"}
RESULT: {"using":"xpath","value":"//button[@data-kt=\"contractDetailEditBtnButton\"]"}
COMMAND: POST /session/a995b82d0df1730148f5e6c1edf10a41/elements - {"using":"xpath","value":"//button[@data-kt=\"contractDetailEditBtnButton\"]"}
RESULT: {"using":"xpath","value":"//button[@data-kt=\"contractDetailEditBtnButton\"]"}
COMMAND: POST /session/a995b82d0df1730148f5e6c1edf10a41/elements - {"using":"xpath","value":"//button[@data-kt=\"contractDetailEditBtnButton\"]"}
RESULT: {"using":"xpath","value":"//button[@data-kt=\"contractDetailEditBtnButton\"]"}
COMMAND: POST /session/a995b82d0df1730148f5e6c1edf10a41/elements - {"using":"xpath","value":"//button[@data-kt=\"contractDetailEditBtnButton\"]"}
RESULT: {"using":"xpath","value":"//button[@data-kt=\"contractDetailEditBtnButton\"]"}
COMMAND: POST /session/a995b82d0df1730148f5e6c1edf10a41/elements - {"using":"xpath","value":"//button[@data-kt=\"contractDetailEditBtnButton\"]"}
RESULT: {"using":"xpath","value":"//button[@data-kt=\"contractDetailEditBtnButton\"]"}
COMMAND: POST /session/a995b82d0df1730148f5e6c1edf10a41/elements - {"using":"xpath","value":"//button[@data-kt=\"contractDetailEditBtnButton\"]"}
RESULT: {"using":"xpath","value":"//button[@data-kt=\"contractDetailEditBtnButton\"]"}
COMMAND: POST /session/a995b82d0df1730148f5e6c1edf10a41/elements - {"using":"xpath","value":"//button[@data-kt=\"contractDetailEditBtnButton\"]"}
RESULT: {"using":"xpath","value":"//button[@data-kt=\"contractDetailEditBtnButton\"]"}
COMMAND: POST /session/a995b82d0df1730148f5e6c1edf10a41/elements - {"using":"xpath","value":"//button[@data-kt=\"contractDetailEditBtnButton\"]"}
RESULT: {"using":"xpath","value":"//button[@data-kt=\"contractDetailEditBtnButton\"]"}
COMMAND: POST /session/a995b82d0df1730148f5e6c1edf10a41/elements - {"using":"xpath","value":"//button[@data-kt=\"contractDetailEditBtnButton\"]"}
RESULT: {"using":"xpath","value":"//button[@data-kt=\"contractDetailEditBtnButton\"]"}
COMMAND: POST /session/a995b82d0df1730148f5e6c1edf10a41/elements - {"using":"xpath","value":"//button[@data-kt=\"contractDetailEditBtnButton\"]"}
RESULT: {"using":"xpath","value":"//button[@data-kt=\"contractDetailEditBtnButton\"]"}
COMMAND: POST /session/a995b82d0df1730148f5e6c1edf10a41/elements - {"using":"xpath","value":"//button[@data-kt=\"contractDetailEditBtnButton\"]"}
RESULT: {"using":"xpath","value":"//button[@data-kt=\"contractDetailEditBtnButton\"]"}
COMMAND: POST /session/a995b82d0df1730148f5e6c1edf10a41/elements - {"using":"xpath","value":"//button[@data-kt=\"contractDetailEditBtnButton\"]"}
RESULT: {"using":"xpath","value":"//button[@data-kt=\"contractDetailEditBtnButton\"]"}
COMMAND: POST /session/a995b82d0df1730148f5e6c1edf10a41/elements - {"using":"xpath","value":"//button[@data-kt=\"contractDetailEditBtnButton\"]"}
RESULT: {"using":"xpath","value":"//button[@data-kt=\"contractDetailEditBtnButton\"]"}
COMMAND: POST /session/a995b82d0df1730148f5e6c1edf10a41/elements - {"using":"xpath","value":"//button[@data-kt=\"contractDetailEditBtnButton\"]"}
RESULT: {"using":"xpath","value":"//button[@data-kt=\"contractDetailEditBtnButton\"]"}
COMMAND: POST /session/a995b82d0df1730148f5e6c1edf10a41/elements - {"using":"xpath","value":"//button[@data-kt=\"contractDetailEditBtnButton\"]"}
RESULT: {"using":"xpath","value":"//button[@data-kt=\"contractDetailEditBtnButton\"]"}
COMMAND: POST /session/a995b82d0df1730148f5e6c1edf10a41/elements - {"using":"xpath","value":"//button[@data-kt=\"contractDetailEditBtnButton\"]"}
RESULT: {"using":"xpath","value":"//button[@data-kt=\"contractDetailEditBtnButton\"]"}
COMMAND: POST /session/a995b82d0df1730148f5e6c1edf10a41/elements - {"using":"xpath","value":"//button[@data-kt=\"contractDetailEditBtnButton\"]"}
RESULT: {"using":"xpath","value":"//button[@data-kt=\"contractDetailEditBtnButton\"]"}
COMMAND: POST /session/a995b82d0df1730148f5e6c1edf10a41/elements - {"using":"xpath","value":"//button[@data-kt=\"contractDetailEditBtnButton\"]"}
RESULT: {"using":"xpath","value":"//button[@data-kt=\"contractDetailEditBtnButton\"]"}
COMMAND: POST /session/a995b82d0df1730148f5e6c1edf10a41/elements - {"using":"xpath","value":"//button[@data-kt=\"contractDetailEditBtnButton\"]"}
RESULT: {"using":"xpath","value":"//button[@data-kt=\"contractDetailEditBtnButton\"]"}
COMMAND: POST /session/a995b82d0df1730148f5e6c1edf10a41/elements - {"using":"xpath","value":"//button[@data-kt=\"contractDetailEditBtnButton\"]"}
RESULT: {"using":"xpath","value":"//button[@data-kt=\"contractDetailEditBtnButton\"]"}
COMMAND: POST /session/a995b82d0df1730148f5e6c1edf10a41/elements - {"using":"xpath","value":"//button[@data-kt=\"contractDetailEditBtnButton\"]"}
RESULT: {"using":"xpath","value":"//button[@data-kt=\"contractDetailEditBtnButton\"]"}
COMMAND: POST /session/a995b82d0df1730148f5e6c1edf10a41/elements - {"using":"xpath","value":"//button[@data-kt=\"contractDetailEditBtnButton\"]"}
RESULT: {"using":"xpath","value":"//button[@data-kt=\"contractDetailEditBtnButton\"]"}
COMMAND: POST /session/a995b82d0df1730148f5e6c1edf10a41/elements - {"using":"xpath","value":"//button[@data-kt=\"contractDetailEditBtnButton\"]"}
RESULT: {"using":"xpath","value":"//button[@data-kt=\"contractDetailEditBtnButton\"]"}
COMMAND: POST /session/a995b82d0df1730148f5e6c1edf10a41/elements - {"using":"xpath","value":"//button[@data-kt=\"contractDetailEditBtnButton\"]"}
RESULT: {"using":"xpath","value":"//button[@data-kt=\"contractDetailEditBtnButton\"]"}
COMMAND: POST /session/a995b82d0df1730148f5e6c1edf10a41/elements - {"using":"xpath","value":"//button[@data-kt=\"contractDetailEditBtnButton\"]"}
RESULT: {"using":"xpath","value":"//button[@data-kt=\"contractDetailEditBtnButton\"]"}
COMMAND: POST /session/a995b82d0df1730148f5e6c1edf10a41/elements - {"using":"xpath","value":"//button[@data-kt=\"contractDetailEditBtnButton\"]"}
RESULT: {"using":"xpath","value":"//button[@data-kt=\"contractDetailEditBtnButton\"]"}
COMMAND: POST /session/a995b82d0df1730148f5e6c1edf10a41/elements - {"using":"xpath","value":"//button[@data-kt=\"contractDetailEditBtnButton\"]"}
RESULT: {"using":"xpath","value":"//button[@data-kt=\"contractDetailEditBtnButton\"]"}
COMMAND: POST /session/a995b82d0df1730148f5e6c1edf10a41/elements - {"using":"xpath","value":"//button[@data-kt=\"contractDetailEditBtnButton\"]"}
RESULT: {"using":"xpath","value":"//button[@data-kt=\"contractDetailEditBtnButton\"]"}
COMMAND: POST /session/a995b82d0df1730148f5e6c1edf10a41/elements - {"using":"xpath","value":"//button[@data-kt=\"contractDetailEditBtnButton\"]"}
RESULT: {"using":"xpath","value":"//button[@data-kt=\"contractDetailEditBtnButton\"]"}
COMMAND: POST /session/a995b82d0df1730148f5e6c1edf10a41/elements - {"using":"xpath","value":"//button[@data-kt=\"contractDetailEditBtnButton\"]"}
RESULT: {"using":"xpath","value":"//button[@data-kt=\"contractDetailEditBtnButton\"]"}
COMMAND: POST /session/a995b82d0df1730148f5e6c1edf10a41/elements - {"using":"xpath","value":"//button[@data-kt=\"contractDetailEditBtnButton\"]"}
RESULT: {"using":"xpath","value":"//button[@data-kt=\"contractDetailEditBtnButton\"]"}
COMMAND: POST /session/a995b82d0df1730148f5e6c1edf10a41/elements - {"using":"xpath","value":"//button[@data-kt=\"contractDetailEditBtnButton\"]"}
RESULT: {"using":"xpath","value":"//button[@data-kt=\"contractDetailEditBtnButton\"]"}
COMMAND: POST /session/a995b82d0df1730148f5e6c1edf10a41/elements - {"using":"xpath","value":"//button[@data-kt=\"contractDetailEditBtnButton\"]"}
RESULT: {"using":"xpath","value":"//button[@data-kt=\"contractDetailEditBtnButton\"]"}
COMMAND: POST /session/a995b82d0df1730148f5e6c1edf10a41/elements - {"using":"xpath","value":"//button[@data-kt=\"contractDetailEditBtnButton\"]"}
RESULT: {"using":"xpath","value":"//button[@data-kt=\"contractDetailEditBtnButton\"]"}
COMMAND: POST /session/a995b82d0df1730148f5e6c1edf10a41/elements - {"using":"xpath","value":"//button[@data-kt=\"contractDetailEditBtnButton\"]"}
RESULT: {"using":"xpath","value":"//button[@data-kt=\"contractDetailEditBtnButton\"]"}
COMMAND: POST /session/a995b82d0df1730148f5e6c1edf10a41/elements - {"using":"xpath","value":"//button[@data-kt=\"contractDetailEditBtnButton\"]"}
RESULT: {"using":"xpath","value":"//button[@data-kt=\"contractDetailEditBtnButton\"]"}
COMMAND: POST /session/a995b82d0df1730148f5e6c1edf10a41/elements - {"using":"xpath","value":"//button[@data-kt=\"contractDetailEditBtnButton\"]"}
RESULT: {"using":"xpath","value":"//button[@data-kt=\"contractDetailEditBtnButton\"]"}
COMMAND: POST /session/a995b82d0df1730148f5e6c1edf10a41/elements - {"using":"xpath","value":"//button[@data-kt=\"contractDetailEditBtnButton\"]"}
RESULT: {"using":"xpath","value":"//button[@data-kt=\"contractDetailEditBtnButton\"]"}
COMMAND: POST /session/a995b82d0df1730148f5e6c1edf10a41/elements - {"using":"xpath","value":"//button[@data-kt=\"contractDetailEditBtnButton\"]"}
RESULT: {"using":"xpath","value":"//button[@data-kt=\"contractDetailEditBtnButton\"]"}
COMMAND: POST /session/a995b82d0df1730148f5e6c1edf10a41/elements - {"using":"xpath","value":"//button[@data-kt=\"contractDetailEditBtnButton\"]"}
RESULT: {"using":"xpath","value":"//button[@data-kt=\"contractDetailEditBtnButton\"]"}
COMMAND: POST /session/a995b82d0df1730148f5e6c1edf10a41/elements - {"using":"xpath","value":"//button[@data-kt=\"contractDetailEditBtnButton\"]"}
RESULT: {"using":"xpath","value":"//button[@data-kt=\"contractDetailEditBtnButton\"]"}
COMMAND: POST /session/a995b82d0df1730148f5e6c1edf10a41/elements - {"using":"xpath","value":"//button[@data-kt=\"contractDetailEditBtnButton\"]"}
RESULT: {"using":"xpath","value":"//button[@data-kt=\"contractDetailEditBtnButton\"]"}
COMMAND: POST /session/a995b82d0df1730148f5e6c1edf10a41/elements - {"using":"xpath","value":"//button[@data-kt=\"contractDetailEditBtnButton\"]"}
RESULT: {"using":"xpath","value":"//button[@data-kt=\"contractDetailEditBtnButton\"]"}
COMMAND: POST /session/a995b82d0df1730148f5e6c1edf10a41/elements - {"using":"xpath","value":"//button[@data-kt=\"contractDetailEditBtnButton\"]"}
RESULT: {"using":"xpath","value":"//button[@data-kt=\"contractDetailEditBtnButton\"]"}
COMMAND: POST /session/a995b82d0df1730148f5e6c1edf10a41/elements - {"using":"xpath","value":"//button[@data-kt=\"contractDetailEditBtnButton\"]"}
RESULT: {"using":"xpath","value":"//button[@data-kt=\"contractDetailEditBtnButton\"]"}
COMMAND: POST /session/a995b82d0df1730148f5e6c1edf10a41/elements - {"using":"xpath","value":"//button[@data-kt=\"contractDetailEditBtnButton\"]"}
RESULT: {"using":"xpath","value":"//button[@data-kt=\"contractDetailEditBtnButton\"]"}
COMMAND: POST /session/a995b82d0df1730148f5e6c1edf10a41/elements - {"using":"xpath","value":"//button[@data-kt=\"contractDetailEditBtnButton\"]"}
RESULT: {"using":"xpath","value":"//button[@data-kt=\"contractDetailEditBtnButton\"]"}
COMMAND: POST /session/a995b82d0df1730148f5e6c1edf10a41/elements - {"using":"xpath","value":"//button[@data-kt=\"contractDetailEditBtnButton\"]"}
RESULT: {"using":"xpath","value":"//button[@data-kt=\"contractDetailEditBtnButton\"]"}
COMMAND: POST /session/a995b82d0df1730148f5e6c1edf10a41/elements - {"using":"xpath","value":"//button[@data-kt=\"contractDetailEditBtnButton\"]"}
RESULT: {"using":"xpath","value":"//button[@data-kt=\"contractDetailEditBtnButton\"]"}
COMMAND: POST /session/a995b82d0df1730148f5e6c1edf10a41/elements - {"using":"xpath","value":"//button[@data-kt=\"contractDetailEditBtnButton\"]"}
RESULT: {"using":"xpath","value":"//button[@data-kt=\"contractDetailEditBtnButton\"]"}
COMMAND: POST /session/a995b82d0df1730148f5e6c1edf10a41/elements - {"using":"xpath","value":"//button[@data-kt=\"contractDetailEditBtnButton\"]"}
RESULT: {"using":"xpath","value":"//button[@data-kt=\"contractDetailEditBtnButton\"]"}
COMMAND: POST /session/a995b82d0df1730148f5e6c1edf10a41/elements - {"using":"xpath","value":"//button[@data-kt=\"contractDetailEditBtnButton\"]"}
RESULT: {"using":"xpath","value":"//button[@data-kt=\"contractDetailEditBtnButton\"]"}
COMMAND: POST /session/a995b82d0df1730148f5e6c1edf10a41/elements - {"using":"xpath","value":"//button[@data-kt=\"contractDetailEditBtnButton\"]"}
RESULT: {"using":"xpath","value":"//button[@data-kt=\"contractDetailEditBtnButton\"]"}
COMMAND: POST /session/a995b82d0df1730148f5e6c1edf10a41/elements - {"using":"xpath","value":"//button[@data-kt=\"contractDetailEditBtnButton\"]"}
RESULT: {"using":"xpath","value":"//button[@data-kt=\"contractDetailEditBtnButton\"]"}
COMMAND: POST /session/a995b82d0df1730148f5e6c1edf10a41/elements - {"using":"xpath","value":"//button[@data-kt=\"contractDetailEditBtnButton\"]"}
RESULT: {"using":"xpath","value":"//button[@data-kt=\"contractDetailEditBtnButton\"]"}
COMMAND: POST /session/a995b82d0df1730148f5e6c1edf10a41/elements - {"using":"xpath","value":"//button[@data-kt=\"contractDetailEditBtnButton\"]"}
RESULT: {"using":"xpath","value":"//button[@data-kt=\"contractDetailEditBtnButton\"]"}
COMMAND: POST /session/a995b82d0df1730148f5e6c1edf10a41/elements - {"using":"xpath","value":"//button[@data-kt=\"contractDetailEditBtnButton\"]"}
RESULT: {"using":"xpath","value":"//button[@data-kt=\"contractDetailEditBtnButton\"]"}
COMMAND: POST /session/a995b82d0df1730148f5e6c1edf10a41/elements - {"using":"xpath","value":"//button[@data-kt=\"contractDetailEditBtnButton\"]"}
RESULT: {"using":"xpath","value":"//button[@data-kt=\"contractDetailEditBtnButton\"]"}
COMMAND: POST /session/a995b82d0df1730148f5e6c1edf10a41/elements - {"using":"xpath","value":"//button[@data-kt=\"contractDetailEditBtnButton\"]"}
RESULT: {"using":"xpath","value":"//button[@data-kt=\"contractDetailEditBtnButton\"]"}
COMMAND: POST /session/a995b82d0df1730148f5e6c1edf10a41/elements - {"using":"xpath","value":"//button[@data-kt=\"contractDetailEditBtnButton\"]"}
RESULT: {"using":"xpath","value":"//button[@data-kt=\"contractDetailEditBtnButton\"]"}
COMMAND: POST /session/a995b82d0df1730148f5e6c1edf10a41/elements - {"using":"xpath","value":"//button[@data-kt=\"contractDetailEditBtnButton\"]"}
RESULT: {"using":"xpath","value":"//button[@data-kt=\"contractDetailEditBtnButton\"]"}
COMMAND: POST /session/a995b82d0df1730148f5e6c1edf10a41/elements - {"using":"xpath","value":"//button[@data-kt=\"contractDetailEditBtnButton\"]"}
RESULT: {"using":"xpath","value":"//button[@data-kt=\"contractDetailEditBtnButton\"]"}
COMMAND: POST /session/a995b82d0df1730148f5e6c1edf10a41/elements - {"using":"xpath","value":"//button[@data-kt=\"contractDetailEditBtnButton\"]"}
RESULT: {"using":"xpath","value":"//button[@data-kt=\"contractDetailEditBtnButton\"]"}
COMMAND: POST /session/a995b82d0df1730148f5e6c1edf10a41/elements - {"using":"xpath","value":"//button[@data-kt=\"contractDetailEditBtnButton\"]"}
RESULT: {"using":"xpath","value":"//button[@data-kt=\"contractDetailEditBtnButton\"]"}
COMMAND: POST /session/a995b82d0df1730148f5e6c1edf10a41/elements - {"using":"xpath","value":"//button[@data-kt=\"contractDetailEditBtnButton\"]"}
RESULT: {"using":"xpath","value":"//button[@data-kt=\"contractDetailEditBtnButton\"]"}
COMMAND: POST /session/a995b82d0df1730148f5e6c1edf10a41/elements - {"using":"xpath","value":"//button[@data-kt=\"contractDetailEditBtnButton\"]"}
RESULT: {"using":"xpath","value":"//button[@data-kt=\"contractDetailEditBtnButton\"]"}
COMMAND: POST /session/a995b82d0df1730148f5e6c1edf10a41/elements - {"using":"xpath","value":"//button[@data-kt=\"contractDetailEditBtnButton\"]"}
RESULT: {"using":"xpath","value":"//button[@data-kt=\"contractDetailEditBtnButton\"]"}
COMMAND: POST /session/a995b82d0df1730148f5e6c1edf10a41/elements - {"using":"xpath","value":"//button[@data-kt=\"contractDetailEditBtnButton\"]"}
RESULT: {"using":"xpath","value":"//button[@data-kt=\"contractDetailEditBtnButton\"]"}
COMMAND: POST /session/a995b82d0df1730148f5e6c1edf10a41/elements - {"using":"xpath","value":"//button[@data-kt=\"contractDetailEditBtnButton\"]"}
RESULT: {"using":"xpath","value":"//button[@data-kt=\"contractDetailEditBtnButton\"]"}
COMMAND: POST /session/a995b82d0df1730148f5e6c1edf10a41/elements - {"using":"xpath","value":"//button[@data-kt=\"contractDetailEditBtnButton\"]"}
RESULT: {"using":"xpath","value":"//button[@data-kt=\"contractDetailEditBtnButton\"]"}
COMMAND: POST /session/a995b82d0df1730148f5e6c1edf10a41/elements - {"using":"xpath","value":"//button[@data-kt=\"contractDetailEditBtnButton\"]"}
RESULT: {"using":"xpath","value":"//button[@data-kt=\"contractDetailEditBtnButton\"]"}
COMMAND: POST /session/a995b82d0df1730148f5e6c1edf10a41/elements - {"using":"xpath","value":"//button[@data-kt=\"contractDetailEditBtnButton\"]"}
RESULT: {"using":"xpath","value":"//button[@data-kt=\"contractDetailEditBtnButton\"]"}
COMMAND: POST /session/a995b82d0df1730148f5e6c1edf10a41/elements - {"using":"xpath","value":"//button[@data-kt=\"contractDetailEditBtnButton\"]"}
RESULT: {"using":"xpath","value":"//button[@data-kt=\"contractDetailEditBtnButton\"]"}
COMMAND: POST /session/a995b82d0df1730148f5e6c1edf10a41/elements - {"using":"xpath","value":"//button[@data-kt=\"contractDetailEditBtnButton\"]"}
RESULT: {"using":"xpath","value":"//button[@data-kt=\"contractDetailEditBtnButton\"]"}
COMMAND: POST /session/a995b82d0df1730148f5e6c1edf10a41/elements - {"using":"xpath","value":"//button[@data-kt=\"contractDetailEditBtnButton\"]"}
RESULT: {"using":"xpath","value":"//button[@data-kt=\"contractDetailEditBtnButton\"]"}
COMMAND: POST /session/a995b82d0df1730148f5e6c1edf10a41/elements - {"using":"xpath","value":"//button[@data-kt=\"contractDetailEditBtnButton\"]"}
RESULT: {"using":"xpath","value":"//button[@data-kt=\"contractDetailEditBtnButton\"]"}
COMMAND: POST /session/a995b82d0df1730148f5e6c1edf10a41/elements - {"using":"xpath","value":"//button[@data-kt=\"contractDetailEditBtnButton\"]"}
RESULT: {"using":"xpath","value":"//button[@data-kt=\"contractDetailEditBtnButton\"]"}
COMMAND: POST /session/a995b82d0df1730148f5e6c1edf10a41/elements - {"using":"xpath","value":"//button[@data-kt=\"contractDetailEditBtnButton\"]"}
RESULT: {"using":"xpath","value":"//button[@data-kt=\"contractDetailEditBtnButton\"]"}
COMMAND: POST /session/a995b82d0df1730148f5e6c1edf10a41/elements - {"using":"xpath","value":"//button[@data-kt=\"contractDetailEditBtnButton\"]"}
RESULT: {"using":"xpath","value":"//button[@data-kt=\"contractDetailEditBtnButton\"]"}
COMMAND: POST /session/a995b82d0df1730148f5e6c1edf10a41/elements - {"using":"xpath","value":"//button[@data-kt=\"contractDetailEditBtnButton\"]"}
RESULT: {"using":"xpath","value":"//button[@data-kt=\"contractDetailEditBtnButton\"]"}
COMMAND: POST /session/a995b82d0df1730148f5e6c1edf10a41/elements - {"using":"xpath","value":"//button[@data-kt=\"contractDetailEditBtnButton\"]"}
RESULT: {"using":"xpath","value":"//button[@data-kt=\"contractDetailEditBtnButton\"]"}
COMMAND: POST /session/a995b82d0df1730148f5e6c1edf10a41/elements - {"using":"xpath","value":"//button[@data-kt=\"contractDetailEditBtnButton\"]"}
RESULT: {"using":"xpath","value":"//button[@data-kt=\"contractDetailEditBtnButton\"]"}
COMMAND: POST /session/a995b82d0df1730148f5e6c1edf10a41/elements - {"using":"xpath","value":"//button[@data-kt=\"contractDetailEditBtnButton\"]"}
RESULT: {"using":"xpath","value":"//button[@data-kt=\"contractDetailEditBtnButton\"]"}
COMMAND: POST /session/a995b82d0df1730148f5e6c1edf10a41/elements - {"using":"xpath","value":"//button[@data-kt=\"contractDetailEditBtnButton\"]"}
RESULT: {"using":"xpath","value":"//button[@data-kt=\"contractDetailEditBtnButton\"]"}
COMMAND: POST /session/a995b82d0df1730148f5e6c1edf10a41/elements - {"using":"xpath","value":"//button[@data-kt=\"contractDetailEditBtnButton\"]"}
RESULT: {"using":"xpath","value":"//button[@data-kt=\"contractDetailEditBtnButton\"]"}
COMMAND: POST /session/a995b82d0df1730148f5e6c1edf10a41/elements - {"using":"xpath","value":"//button[@data-kt=\"contractDetailEditBtnButton\"]"}
RESULT: {"using":"xpath","value":"//button[@data-kt=\"contractDetailEditBtnButton\"]"}
COMMAND: POST /session/a995b82d0df1730148f5e6c1edf10a41/elements - {"using":"xpath","value":"//button[@data-kt=\"contractDetailEditBtnButton\"]"}
RESULT: {"using":"xpath","value":"//button[@data-kt=\"contractDetailEditBtnButton\"]"}
COMMAND: POST /session/a995b82d0df1730148f5e6c1edf10a41/elements - {"using":"xpath","value":"//button[@data-kt=\"contractDetailEditBtnButton\"]"}
RESULT: {"using":"xpath","value":"//button[@data-kt=\"contractDetailEditBtnButton\"]"}
COMMAND: POST /session/a995b82d0df1730148f5e6c1edf10a41/elements - {"using":"xpath","value":"//button[@data-kt=\"contractDetailEditBtnButton\"]"}
RESULT: {"using":"xpath","value":"//button[@data-kt=\"contractDetailEditBtnButton\"]"}
COMMAND: POST /session/a995b82d0df1730148f5e6c1edf10a41/elements - {"using":"xpath","value":"//button[@data-kt=\"contractDetailEditBtnButton\"]"}
RESULT: {"using":"xpath","value":"//button[@data-kt=\"contractDetailEditBtnButton\"]"}
COMMAND: POST /session/a995b82d0df1730148f5e6c1edf10a41/elements - {"using":"xpath","value":"//button[@data-kt=\"contractDetailEditBtnButton\"]"}
RESULT: {"using":"xpath","value":"//button[@data-kt=\"contractDetailEditBtnButton\"]"}
COMMAND: POST /session/a995b82d0df1730148f5e6c1edf10a41/elements - {"using":"xpath","value":"//button[@data-kt=\"contractDetailEditBtnButton\"]"}
RESULT: {"using":"xpath","value":"//button[@data-kt=\"contractDetailEditBtnButton\"]"}
COMMAND: POST /session/a995b82d0df1730148f5e6c1edf10a41/elements - {"using":"xpath","value":"//button[@data-kt=\"contractDetailEditBtnButton\"]"}
RESULT: {"using":"xpath","value":"//button[@data-kt=\"contractDetailEditBtnButton\"]"}
COMMAND: POST /session/a995b82d0df1730148f5e6c1edf10a41/elements - {"using":"xpath","value":"//button[@data-kt=\"contractDetailEditBtnButton\"]"}
RESULT: {"using":"xpath","value":"//button[@data-kt=\"contractDetailEditBtnButton\"]"}
COMMAND: GET /session/a995b82d0df1730148f5e6c1edf10a41/screenshot - {}
RESULT: {}
]]></system-out>
      <system-err><![CDATA[
Error: Can't call click on element with selector "//button[@data-kt="contractDetailEditBtnButton"]" because element wasn't found
    at async UtilsPrerequisites.addItemToContract (D:\a\1\s\test\specs\BTS\prerequisites-and-utils-functions.js:1852:9)
    at async Context.<anonymous> (D:\a\1\s\test\specs\BTS\billing-transfer-intercompany.spec.js:65:9)
]]></system-err>
    </testcase>
    <testcase classname="chrome.136_0_7103_93.windows.Billing_Transfer_-_Master_data_&amp;_Intercompany_US127250" name="Should do a provide to site handover" time="60.547">
      <failure/>
      <error message="Can't call click on element with selector &quot;//button[@data-kt=&quot;provideButton&quot;]&quot; because element wasn't found"/>
      <system-out><![CDATA[
COMMAND: POST /session/a995b82d0df1730148f5e6c1edf10a41/element - {"using":"xpath","value":"//button[@data-kt=\"provideButton\"]"}
COMMAND: GET /session/a995b82d0df1730148f5e6c1edf10a41/screenshot - {}
RESULT: {"using":"xpath","value":"//button[@data-kt=\"provideButton\"]"}
COMMAND: POST /session/a995b82d0df1730148f5e6c1edf10a41/elements - {"using":"xpath","value":"//button[@data-kt=\"provideButton\"]"}
RESULT: {}
RESULT: {"using":"xpath","value":"//button[@data-kt=\"provideButton\"]"}
COMMAND: POST /session/a995b82d0df1730148f5e6c1edf10a41/elements - {"using":"xpath","value":"//button[@data-kt=\"provideButton\"]"}
RESULT: {"using":"xpath","value":"//button[@data-kt=\"provideButton\"]"}
COMMAND: POST /session/a995b82d0df1730148f5e6c1edf10a41/elements - {"using":"xpath","value":"//button[@data-kt=\"provideButton\"]"}
RESULT: {"using":"xpath","value":"//button[@data-kt=\"provideButton\"]"}
COMMAND: POST /session/a995b82d0df1730148f5e6c1edf10a41/elements - {"using":"xpath","value":"//button[@data-kt=\"provideButton\"]"}
RESULT: {"using":"xpath","value":"//button[@data-kt=\"provideButton\"]"}
COMMAND: POST /session/a995b82d0df1730148f5e6c1edf10a41/elements - {"using":"xpath","value":"//button[@data-kt=\"provideButton\"]"}
RESULT: {"using":"xpath","value":"//button[@data-kt=\"provideButton\"]"}
COMMAND: POST /session/a995b82d0df1730148f5e6c1edf10a41/elements - {"using":"xpath","value":"//button[@data-kt=\"provideButton\"]"}
RESULT: {"using":"xpath","value":"//button[@data-kt=\"provideButton\"]"}
COMMAND: POST /session/a995b82d0df1730148f5e6c1edf10a41/elements - {"using":"xpath","value":"//button[@data-kt=\"provideButton\"]"}
RESULT: {"using":"xpath","value":"//button[@data-kt=\"provideButton\"]"}
COMMAND: POST /session/a995b82d0df1730148f5e6c1edf10a41/elements - {"using":"xpath","value":"//button[@data-kt=\"provideButton\"]"}
RESULT: {"using":"xpath","value":"//button[@data-kt=\"provideButton\"]"}
COMMAND: POST /session/a995b82d0df1730148f5e6c1edf10a41/elements - {"using":"xpath","value":"//button[@data-kt=\"provideButton\"]"}
RESULT: {"using":"xpath","value":"//button[@data-kt=\"provideButton\"]"}
COMMAND: POST /session/a995b82d0df1730148f5e6c1edf10a41/elements - {"using":"xpath","value":"//button[@data-kt=\"provideButton\"]"}
RESULT: {"using":"xpath","value":"//button[@data-kt=\"provideButton\"]"}
COMMAND: POST /session/a995b82d0df1730148f5e6c1edf10a41/elements - {"using":"xpath","value":"//button[@data-kt=\"provideButton\"]"}
RESULT: {"using":"xpath","value":"//button[@data-kt=\"provideButton\"]"}
COMMAND: POST /session/a995b82d0df1730148f5e6c1edf10a41/elements - {"using":"xpath","value":"//button[@data-kt=\"provideButton\"]"}
RESULT: {"using":"xpath","value":"//button[@data-kt=\"provideButton\"]"}
COMMAND: POST /session/a995b82d0df1730148f5e6c1edf10a41/elements - {"using":"xpath","value":"//button[@data-kt=\"provideButton\"]"}
RESULT: {"using":"xpath","value":"//button[@data-kt=\"provideButton\"]"}
COMMAND: POST /session/a995b82d0df1730148f5e6c1edf10a41/elements - {"using":"xpath","value":"//button[@data-kt=\"provideButton\"]"}
RESULT: {"using":"xpath","value":"//button[@data-kt=\"provideButton\"]"}
COMMAND: POST /session/a995b82d0df1730148f5e6c1edf10a41/elements - {"using":"xpath","value":"//button[@data-kt=\"provideButton\"]"}
RESULT: {"using":"xpath","value":"//button[@data-kt=\"provideButton\"]"}
COMMAND: POST /session/a995b82d0df1730148f5e6c1edf10a41/elements - {"using":"xpath","value":"//button[@data-kt=\"provideButton\"]"}
RESULT: {"using":"xpath","value":"//button[@data-kt=\"provideButton\"]"}
COMMAND: POST /session/a995b82d0df1730148f5e6c1edf10a41/elements - {"using":"xpath","value":"//button[@data-kt=\"provideButton\"]"}
RESULT: {"using":"xpath","value":"//button[@data-kt=\"provideButton\"]"}
COMMAND: POST /session/a995b82d0df1730148f5e6c1edf10a41/elements - {"using":"xpath","value":"//button[@data-kt=\"provideButton\"]"}
RESULT: {"using":"xpath","value":"//button[@data-kt=\"provideButton\"]"}
COMMAND: POST /session/a995b82d0df1730148f5e6c1edf10a41/elements - {"using":"xpath","value":"//button[@data-kt=\"provideButton\"]"}
RESULT: {"using":"xpath","value":"//button[@data-kt=\"provideButton\"]"}
COMMAND: POST /session/a995b82d0df1730148f5e6c1edf10a41/elements - {"using":"xpath","value":"//button[@data-kt=\"provideButton\"]"}
RESULT: {"using":"xpath","value":"//button[@data-kt=\"provideButton\"]"}
COMMAND: POST /session/a995b82d0df1730148f5e6c1edf10a41/elements - {"using":"xpath","value":"//button[@data-kt=\"provideButton\"]"}
RESULT: {"using":"xpath","value":"//button[@data-kt=\"provideButton\"]"}
COMMAND: POST /session/a995b82d0df1730148f5e6c1edf10a41/elements - {"using":"xpath","value":"//button[@data-kt=\"provideButton\"]"}
RESULT: {"using":"xpath","value":"//button[@data-kt=\"provideButton\"]"}
COMMAND: POST /session/a995b82d0df1730148f5e6c1edf10a41/elements - {"using":"xpath","value":"//button[@data-kt=\"provideButton\"]"}
RESULT: {"using":"xpath","value":"//button[@data-kt=\"provideButton\"]"}
COMMAND: POST /session/a995b82d0df1730148f5e6c1edf10a41/elements - {"using":"xpath","value":"//button[@data-kt=\"provideButton\"]"}
RESULT: {"using":"xpath","value":"//button[@data-kt=\"provideButton\"]"}
COMMAND: POST /session/a995b82d0df1730148f5e6c1edf10a41/elements - {"using":"xpath","value":"//button[@data-kt=\"provideButton\"]"}
RESULT: {"using":"xpath","value":"//button[@data-kt=\"provideButton\"]"}
COMMAND: POST /session/a995b82d0df1730148f5e6c1edf10a41/elements - {"using":"xpath","value":"//button[@data-kt=\"provideButton\"]"}
RESULT: {"using":"xpath","value":"//button[@data-kt=\"provideButton\"]"}
COMMAND: POST /session/a995b82d0df1730148f5e6c1edf10a41/elements - {"using":"xpath","value":"//button[@data-kt=\"provideButton\"]"}
RESULT: {"using":"xpath","value":"//button[@data-kt=\"provideButton\"]"}
COMMAND: POST /session/a995b82d0df1730148f5e6c1edf10a41/elements - {"using":"xpath","value":"//button[@data-kt=\"provideButton\"]"}
RESULT: {"using":"xpath","value":"//button[@data-kt=\"provideButton\"]"}
COMMAND: POST /session/a995b82d0df1730148f5e6c1edf10a41/elements - {"using":"xpath","value":"//button[@data-kt=\"provideButton\"]"}
RESULT: {"using":"xpath","value":"//button[@data-kt=\"provideButton\"]"}
COMMAND: POST /session/a995b82d0df1730148f5e6c1edf10a41/elements - {"using":"xpath","value":"//button[@data-kt=\"provideButton\"]"}
RESULT: {"using":"xpath","value":"//button[@data-kt=\"provideButton\"]"}
COMMAND: POST /session/a995b82d0df1730148f5e6c1edf10a41/elements - {"using":"xpath","value":"//button[@data-kt=\"provideButton\"]"}
RESULT: {"using":"xpath","value":"//button[@data-kt=\"provideButton\"]"}
COMMAND: POST /session/a995b82d0df1730148f5e6c1edf10a41/elements - {"using":"xpath","value":"//button[@data-kt=\"provideButton\"]"}
RESULT: {"using":"xpath","value":"//button[@data-kt=\"provideButton\"]"}
COMMAND: POST /session/a995b82d0df1730148f5e6c1edf10a41/elements - {"using":"xpath","value":"//button[@data-kt=\"provideButton\"]"}
RESULT: {"using":"xpath","value":"//button[@data-kt=\"provideButton\"]"}
COMMAND: POST /session/a995b82d0df1730148f5e6c1edf10a41/elements - {"using":"xpath","value":"//button[@data-kt=\"provideButton\"]"}
RESULT: {"using":"xpath","value":"//button[@data-kt=\"provideButton\"]"}
COMMAND: POST /session/a995b82d0df1730148f5e6c1edf10a41/elements - {"using":"xpath","value":"//button[@data-kt=\"provideButton\"]"}
RESULT: {"using":"xpath","value":"//button[@data-kt=\"provideButton\"]"}
COMMAND: POST /session/a995b82d0df1730148f5e6c1edf10a41/elements - {"using":"xpath","value":"//button[@data-kt=\"provideButton\"]"}
RESULT: {"using":"xpath","value":"//button[@data-kt=\"provideButton\"]"}
COMMAND: POST /session/a995b82d0df1730148f5e6c1edf10a41/elements - {"using":"xpath","value":"//button[@data-kt=\"provideButton\"]"}
RESULT: {"using":"xpath","value":"//button[@data-kt=\"provideButton\"]"}
COMMAND: POST /session/a995b82d0df1730148f5e6c1edf10a41/elements - {"using":"xpath","value":"//button[@data-kt=\"provideButton\"]"}
RESULT: {"using":"xpath","value":"//button[@data-kt=\"provideButton\"]"}
COMMAND: POST /session/a995b82d0df1730148f5e6c1edf10a41/elements - {"using":"xpath","value":"//button[@data-kt=\"provideButton\"]"}
RESULT: {"using":"xpath","value":"//button[@data-kt=\"provideButton\"]"}
COMMAND: POST /session/a995b82d0df1730148f5e6c1edf10a41/elements - {"using":"xpath","value":"//button[@data-kt=\"provideButton\"]"}
RESULT: {"using":"xpath","value":"//button[@data-kt=\"provideButton\"]"}
COMMAND: POST /session/a995b82d0df1730148f5e6c1edf10a41/elements - {"using":"xpath","value":"//button[@data-kt=\"provideButton\"]"}
RESULT: {"using":"xpath","value":"//button[@data-kt=\"provideButton\"]"}
COMMAND: POST /session/a995b82d0df1730148f5e6c1edf10a41/elements - {"using":"xpath","value":"//button[@data-kt=\"provideButton\"]"}
RESULT: {"using":"xpath","value":"//button[@data-kt=\"provideButton\"]"}
COMMAND: POST /session/a995b82d0df1730148f5e6c1edf10a41/elements - {"using":"xpath","value":"//button[@data-kt=\"provideButton\"]"}
RESULT: {"using":"xpath","value":"//button[@data-kt=\"provideButton\"]"}
COMMAND: POST /session/a995b82d0df1730148f5e6c1edf10a41/elements - {"using":"xpath","value":"//button[@data-kt=\"provideButton\"]"}
RESULT: {"using":"xpath","value":"//button[@data-kt=\"provideButton\"]"}
COMMAND: POST /session/a995b82d0df1730148f5e6c1edf10a41/elements - {"using":"xpath","value":"//button[@data-kt=\"provideButton\"]"}
RESULT: {"using":"xpath","value":"//button[@data-kt=\"provideButton\"]"}
COMMAND: POST /session/a995b82d0df1730148f5e6c1edf10a41/elements - {"using":"xpath","value":"//button[@data-kt=\"provideButton\"]"}
RESULT: {"using":"xpath","value":"//button[@data-kt=\"provideButton\"]"}
COMMAND: POST /session/a995b82d0df1730148f5e6c1edf10a41/elements - {"using":"xpath","value":"//button[@data-kt=\"provideButton\"]"}
RESULT: {"using":"xpath","value":"//button[@data-kt=\"provideButton\"]"}
COMMAND: POST /session/a995b82d0df1730148f5e6c1edf10a41/elements - {"using":"xpath","value":"//button[@data-kt=\"provideButton\"]"}
RESULT: {"using":"xpath","value":"//button[@data-kt=\"provideButton\"]"}
COMMAND: POST /session/a995b82d0df1730148f5e6c1edf10a41/elements - {"using":"xpath","value":"//button[@data-kt=\"provideButton\"]"}
RESULT: {"using":"xpath","value":"//button[@data-kt=\"provideButton\"]"}
COMMAND: POST /session/a995b82d0df1730148f5e6c1edf10a41/elements - {"using":"xpath","value":"//button[@data-kt=\"provideButton\"]"}
RESULT: {"using":"xpath","value":"//button[@data-kt=\"provideButton\"]"}
COMMAND: POST /session/a995b82d0df1730148f5e6c1edf10a41/elements - {"using":"xpath","value":"//button[@data-kt=\"provideButton\"]"}
RESULT: {"using":"xpath","value":"//button[@data-kt=\"provideButton\"]"}
COMMAND: POST /session/a995b82d0df1730148f5e6c1edf10a41/elements - {"using":"xpath","value":"//button[@data-kt=\"provideButton\"]"}
RESULT: {"using":"xpath","value":"//button[@data-kt=\"provideButton\"]"}
COMMAND: POST /session/a995b82d0df1730148f5e6c1edf10a41/elements - {"using":"xpath","value":"//button[@data-kt=\"provideButton\"]"}
RESULT: {"using":"xpath","value":"//button[@data-kt=\"provideButton\"]"}
COMMAND: POST /session/a995b82d0df1730148f5e6c1edf10a41/elements - {"using":"xpath","value":"//button[@data-kt=\"provideButton\"]"}
RESULT: {"using":"xpath","value":"//button[@data-kt=\"provideButton\"]"}
COMMAND: POST /session/a995b82d0df1730148f5e6c1edf10a41/elements - {"using":"xpath","value":"//button[@data-kt=\"provideButton\"]"}
RESULT: {"using":"xpath","value":"//button[@data-kt=\"provideButton\"]"}
COMMAND: POST /session/a995b82d0df1730148f5e6c1edf10a41/elements - {"using":"xpath","value":"//button[@data-kt=\"provideButton\"]"}
RESULT: {"using":"xpath","value":"//button[@data-kt=\"provideButton\"]"}
COMMAND: POST /session/a995b82d0df1730148f5e6c1edf10a41/elements - {"using":"xpath","value":"//button[@data-kt=\"provideButton\"]"}
RESULT: {"using":"xpath","value":"//button[@data-kt=\"provideButton\"]"}
COMMAND: POST /session/a995b82d0df1730148f5e6c1edf10a41/elements - {"using":"xpath","value":"//button[@data-kt=\"provideButton\"]"}
RESULT: {"using":"xpath","value":"//button[@data-kt=\"provideButton\"]"}
COMMAND: POST /session/a995b82d0df1730148f5e6c1edf10a41/elements - {"using":"xpath","value":"//button[@data-kt=\"provideButton\"]"}
RESULT: {"using":"xpath","value":"//button[@data-kt=\"provideButton\"]"}
COMMAND: POST /session/a995b82d0df1730148f5e6c1edf10a41/elements - {"using":"xpath","value":"//button[@data-kt=\"provideButton\"]"}
RESULT: {"using":"xpath","value":"//button[@data-kt=\"provideButton\"]"}
COMMAND: POST /session/a995b82d0df1730148f5e6c1edf10a41/elements - {"using":"xpath","value":"//button[@data-kt=\"provideButton\"]"}
RESULT: {"using":"xpath","value":"//button[@data-kt=\"provideButton\"]"}
COMMAND: POST /session/a995b82d0df1730148f5e6c1edf10a41/elements - {"using":"xpath","value":"//button[@data-kt=\"provideButton\"]"}
RESULT: {"using":"xpath","value":"//button[@data-kt=\"provideButton\"]"}
COMMAND: POST /session/a995b82d0df1730148f5e6c1edf10a41/elements - {"using":"xpath","value":"//button[@data-kt=\"provideButton\"]"}
RESULT: {"using":"xpath","value":"//button[@data-kt=\"provideButton\"]"}
COMMAND: POST /session/a995b82d0df1730148f5e6c1edf10a41/elements - {"using":"xpath","value":"//button[@data-kt=\"provideButton\"]"}
RESULT: {"using":"xpath","value":"//button[@data-kt=\"provideButton\"]"}
COMMAND: POST /session/a995b82d0df1730148f5e6c1edf10a41/elements - {"using":"xpath","value":"//button[@data-kt=\"provideButton\"]"}
RESULT: {"using":"xpath","value":"//button[@data-kt=\"provideButton\"]"}
COMMAND: POST /session/a995b82d0df1730148f5e6c1edf10a41/elements - {"using":"xpath","value":"//button[@data-kt=\"provideButton\"]"}
RESULT: {"using":"xpath","value":"//button[@data-kt=\"provideButton\"]"}
COMMAND: POST /session/a995b82d0df1730148f5e6c1edf10a41/elements - {"using":"xpath","value":"//button[@data-kt=\"provideButton\"]"}
RESULT: {"using":"xpath","value":"//button[@data-kt=\"provideButton\"]"}
COMMAND: POST /session/a995b82d0df1730148f5e6c1edf10a41/elements - {"using":"xpath","value":"//button[@data-kt=\"provideButton\"]"}
RESULT: {"using":"xpath","value":"//button[@data-kt=\"provideButton\"]"}
COMMAND: POST /session/a995b82d0df1730148f5e6c1edf10a41/elements - {"using":"xpath","value":"//button[@data-kt=\"provideButton\"]"}
RESULT: {"using":"xpath","value":"//button[@data-kt=\"provideButton\"]"}
COMMAND: POST /session/a995b82d0df1730148f5e6c1edf10a41/elements - {"using":"xpath","value":"//button[@data-kt=\"provideButton\"]"}
RESULT: {"using":"xpath","value":"//button[@data-kt=\"provideButton\"]"}
COMMAND: POST /session/a995b82d0df1730148f5e6c1edf10a41/elements - {"using":"xpath","value":"//button[@data-kt=\"provideButton\"]"}
RESULT: {"using":"xpath","value":"//button[@data-kt=\"provideButton\"]"}
COMMAND: POST /session/a995b82d0df1730148f5e6c1edf10a41/elements - {"using":"xpath","value":"//button[@data-kt=\"provideButton\"]"}
RESULT: {"using":"xpath","value":"//button[@data-kt=\"provideButton\"]"}
COMMAND: POST /session/a995b82d0df1730148f5e6c1edf10a41/elements - {"using":"xpath","value":"//button[@data-kt=\"provideButton\"]"}
RESULT: {"using":"xpath","value":"//button[@data-kt=\"provideButton\"]"}
COMMAND: POST /session/a995b82d0df1730148f5e6c1edf10a41/elements - {"using":"xpath","value":"//button[@data-kt=\"provideButton\"]"}
RESULT: {"using":"xpath","value":"//button[@data-kt=\"provideButton\"]"}
COMMAND: POST /session/a995b82d0df1730148f5e6c1edf10a41/elements - {"using":"xpath","value":"//button[@data-kt=\"provideButton\"]"}
RESULT: {"using":"xpath","value":"//button[@data-kt=\"provideButton\"]"}
COMMAND: POST /session/a995b82d0df1730148f5e6c1edf10a41/elements - {"using":"xpath","value":"//button[@data-kt=\"provideButton\"]"}
RESULT: {"using":"xpath","value":"//button[@data-kt=\"provideButton\"]"}
COMMAND: POST /session/a995b82d0df1730148f5e6c1edf10a41/elements - {"using":"xpath","value":"//button[@data-kt=\"provideButton\"]"}
RESULT: {"using":"xpath","value":"//button[@data-kt=\"provideButton\"]"}
COMMAND: POST /session/a995b82d0df1730148f5e6c1edf10a41/elements - {"using":"xpath","value":"//button[@data-kt=\"provideButton\"]"}
RESULT: {"using":"xpath","value":"//button[@data-kt=\"provideButton\"]"}
COMMAND: POST /session/a995b82d0df1730148f5e6c1edf10a41/elements - {"using":"xpath","value":"//button[@data-kt=\"provideButton\"]"}
RESULT: {"using":"xpath","value":"//button[@data-kt=\"provideButton\"]"}
COMMAND: POST /session/a995b82d0df1730148f5e6c1edf10a41/elements - {"using":"xpath","value":"//button[@data-kt=\"provideButton\"]"}
RESULT: {"using":"xpath","value":"//button[@data-kt=\"provideButton\"]"}
COMMAND: POST /session/a995b82d0df1730148f5e6c1edf10a41/elements - {"using":"xpath","value":"//button[@data-kt=\"provideButton\"]"}
RESULT: {"using":"xpath","value":"//button[@data-kt=\"provideButton\"]"}
COMMAND: POST /session/a995b82d0df1730148f5e6c1edf10a41/elements - {"using":"xpath","value":"//button[@data-kt=\"provideButton\"]"}
RESULT: {"using":"xpath","value":"//button[@data-kt=\"provideButton\"]"}
COMMAND: POST /session/a995b82d0df1730148f5e6c1edf10a41/elements - {"using":"xpath","value":"//button[@data-kt=\"provideButton\"]"}
RESULT: {"using":"xpath","value":"//button[@data-kt=\"provideButton\"]"}
COMMAND: POST /session/a995b82d0df1730148f5e6c1edf10a41/elements - {"using":"xpath","value":"//button[@data-kt=\"provideButton\"]"}
RESULT: {"using":"xpath","value":"//button[@data-kt=\"provideButton\"]"}
COMMAND: POST /session/a995b82d0df1730148f5e6c1edf10a41/elements - {"using":"xpath","value":"//button[@data-kt=\"provideButton\"]"}
RESULT: {"using":"xpath","value":"//button[@data-kt=\"provideButton\"]"}
COMMAND: POST /session/a995b82d0df1730148f5e6c1edf10a41/elements - {"using":"xpath","value":"//button[@data-kt=\"provideButton\"]"}
RESULT: {"using":"xpath","value":"//button[@data-kt=\"provideButton\"]"}
COMMAND: POST /session/a995b82d0df1730148f5e6c1edf10a41/elements - {"using":"xpath","value":"//button[@data-kt=\"provideButton\"]"}
RESULT: {"using":"xpath","value":"//button[@data-kt=\"provideButton\"]"}
COMMAND: POST /session/a995b82d0df1730148f5e6c1edf10a41/elements - {"using":"xpath","value":"//button[@data-kt=\"provideButton\"]"}
RESULT: {"using":"xpath","value":"//button[@data-kt=\"provideButton\"]"}
COMMAND: POST /session/a995b82d0df1730148f5e6c1edf10a41/elements - {"using":"xpath","value":"//button[@data-kt=\"provideButton\"]"}
RESULT: {"using":"xpath","value":"//button[@data-kt=\"provideButton\"]"}
COMMAND: POST /session/a995b82d0df1730148f5e6c1edf10a41/elements - {"using":"xpath","value":"//button[@data-kt=\"provideButton\"]"}
RESULT: {"using":"xpath","value":"//button[@data-kt=\"provideButton\"]"}
COMMAND: POST /session/a995b82d0df1730148f5e6c1edf10a41/elements - {"using":"xpath","value":"//button[@data-kt=\"provideButton\"]"}
RESULT: {"using":"xpath","value":"//button[@data-kt=\"provideButton\"]"}
COMMAND: POST /session/a995b82d0df1730148f5e6c1edf10a41/elements - {"using":"xpath","value":"//button[@data-kt=\"provideButton\"]"}
RESULT: {"using":"xpath","value":"//button[@data-kt=\"provideButton\"]"}
COMMAND: POST /session/a995b82d0df1730148f5e6c1edf10a41/elements - {"using":"xpath","value":"//button[@data-kt=\"provideButton\"]"}
RESULT: {"using":"xpath","value":"//button[@data-kt=\"provideButton\"]"}
COMMAND: POST /session/a995b82d0df1730148f5e6c1edf10a41/elements - {"using":"xpath","value":"//button[@data-kt=\"provideButton\"]"}
RESULT: {"using":"xpath","value":"//button[@data-kt=\"provideButton\"]"}
COMMAND: POST /session/a995b82d0df1730148f5e6c1edf10a41/elements - {"using":"xpath","value":"//button[@data-kt=\"provideButton\"]"}
RESULT: {"using":"xpath","value":"//button[@data-kt=\"provideButton\"]"}
COMMAND: POST /session/a995b82d0df1730148f5e6c1edf10a41/elements - {"using":"xpath","value":"//button[@data-kt=\"provideButton\"]"}
RESULT: {"using":"xpath","value":"//button[@data-kt=\"provideButton\"]"}
COMMAND: POST /session/a995b82d0df1730148f5e6c1edf10a41/elements - {"using":"xpath","value":"//button[@data-kt=\"provideButton\"]"}
RESULT: {"using":"xpath","value":"//button[@data-kt=\"provideButton\"]"}
COMMAND: POST /session/a995b82d0df1730148f5e6c1edf10a41/elements - {"using":"xpath","value":"//button[@data-kt=\"provideButton\"]"}
RESULT: {"using":"xpath","value":"//button[@data-kt=\"provideButton\"]"}
COMMAND: POST /session/a995b82d0df1730148f5e6c1edf10a41/elements - {"using":"xpath","value":"//button[@data-kt=\"provideButton\"]"}
RESULT: {"using":"xpath","value":"//button[@data-kt=\"provideButton\"]"}
COMMAND: POST /session/a995b82d0df1730148f5e6c1edf10a41/elements - {"using":"xpath","value":"//button[@data-kt=\"provideButton\"]"}
RESULT: {"using":"xpath","value":"//button[@data-kt=\"provideButton\"]"}
COMMAND: POST /session/a995b82d0df1730148f5e6c1edf10a41/elements - {"using":"xpath","value":"//button[@data-kt=\"provideButton\"]"}
RESULT: {"using":"xpath","value":"//button[@data-kt=\"provideButton\"]"}
COMMAND: POST /session/a995b82d0df1730148f5e6c1edf10a41/elements - {"using":"xpath","value":"//button[@data-kt=\"provideButton\"]"}
RESULT: {"using":"xpath","value":"//button[@data-kt=\"provideButton\"]"}
COMMAND: POST /session/a995b82d0df1730148f5e6c1edf10a41/elements - {"using":"xpath","value":"//button[@data-kt=\"provideButton\"]"}
RESULT: {"using":"xpath","value":"//button[@data-kt=\"provideButton\"]"}
COMMAND: POST /session/a995b82d0df1730148f5e6c1edf10a41/elements - {"using":"xpath","value":"//button[@data-kt=\"provideButton\"]"}
RESULT: {"using":"xpath","value":"//button[@data-kt=\"provideButton\"]"}
COMMAND: POST /session/a995b82d0df1730148f5e6c1edf10a41/elements - {"using":"xpath","value":"//button[@data-kt=\"provideButton\"]"}
RESULT: {"using":"xpath","value":"//button[@data-kt=\"provideButton\"]"}
COMMAND: POST /session/a995b82d0df1730148f5e6c1edf10a41/elements - {"using":"xpath","value":"//button[@data-kt=\"provideButton\"]"}
RESULT: {"using":"xpath","value":"//button[@data-kt=\"provideButton\"]"}
COMMAND: POST /session/a995b82d0df1730148f5e6c1edf10a41/elements - {"using":"xpath","value":"//button[@data-kt=\"provideButton\"]"}
RESULT: {"using":"xpath","value":"//button[@data-kt=\"provideButton\"]"}
COMMAND: POST /session/a995b82d0df1730148f5e6c1edf10a41/elements - {"using":"xpath","value":"//button[@data-kt=\"provideButton\"]"}
RESULT: {"using":"xpath","value":"//button[@data-kt=\"provideButton\"]"}
COMMAND: POST /session/a995b82d0df1730148f5e6c1edf10a41/elements - {"using":"xpath","value":"//button[@data-kt=\"provideButton\"]"}
RESULT: {"using":"xpath","value":"//button[@data-kt=\"provideButton\"]"}
COMMAND: POST /session/a995b82d0df1730148f5e6c1edf10a41/elements - {"using":"xpath","value":"//button[@data-kt=\"provideButton\"]"}
RESULT: {"using":"xpath","value":"//button[@data-kt=\"provideButton\"]"}
COMMAND: POST /session/a995b82d0df1730148f5e6c1edf10a41/elements - {"using":"xpath","value":"//button[@data-kt=\"provideButton\"]"}
RESULT: {"using":"xpath","value":"//button[@data-kt=\"provideButton\"]"}
COMMAND: POST /session/a995b82d0df1730148f5e6c1edf10a41/elements - {"using":"xpath","value":"//button[@data-kt=\"provideButton\"]"}
RESULT: {"using":"xpath","value":"//button[@data-kt=\"provideButton\"]"}
COMMAND: POST /session/a995b82d0df1730148f5e6c1edf10a41/elements - {"using":"xpath","value":"//button[@data-kt=\"provideButton\"]"}
RESULT: {"using":"xpath","value":"//button[@data-kt=\"provideButton\"]"}
COMMAND: POST /session/a995b82d0df1730148f5e6c1edf10a41/elements - {"using":"xpath","value":"//button[@data-kt=\"provideButton\"]"}
RESULT: {"using":"xpath","value":"//button[@data-kt=\"provideButton\"]"}
COMMAND: POST /session/a995b82d0df1730148f5e6c1edf10a41/elements - {"using":"xpath","value":"//button[@data-kt=\"provideButton\"]"}
RESULT: {"using":"xpath","value":"//button[@data-kt=\"provideButton\"]"}
COMMAND: POST /session/a995b82d0df1730148f5e6c1edf10a41/elements - {"using":"xpath","value":"//button[@data-kt=\"provideButton\"]"}
RESULT: {"using":"xpath","value":"//button[@data-kt=\"provideButton\"]"}
COMMAND: POST /session/a995b82d0df1730148f5e6c1edf10a41/elements - {"using":"xpath","value":"//button[@data-kt=\"provideButton\"]"}
RESULT: {"using":"xpath","value":"//button[@data-kt=\"provideButton\"]"}
COMMAND: POST /session/a995b82d0df1730148f5e6c1edf10a41/elements - {"using":"xpath","value":"//button[@data-kt=\"provideButton\"]"}
RESULT: {"using":"xpath","value":"//button[@data-kt=\"provideButton\"]"}
COMMAND: POST /session/a995b82d0df1730148f5e6c1edf10a41/elements - {"using":"xpath","value":"//button[@data-kt=\"provideButton\"]"}
RESULT: {"using":"xpath","value":"//button[@data-kt=\"provideButton\"]"}
COMMAND: POST /session/a995b82d0df1730148f5e6c1edf10a41/elements - {"using":"xpath","value":"//button[@data-kt=\"provideButton\"]"}
RESULT: {"using":"xpath","value":"//button[@data-kt=\"provideButton\"]"}
COMMAND: GET /session/a995b82d0df1730148f5e6c1edf10a41/screenshot - {}
RESULT: {}
]]></system-out>
      <system-err><![CDATA[
Error: Can't call click on element with selector "//button[@data-kt="provideButton"]" because element wasn't found
    at async UtilsPrerequisites.provideToSiteHandoverFromContractDetails (D:\a\1\s\test\specs\BTS\prerequisites-and-utils-functions.js:1949:9)
    at async Context.<anonymous> (D:\a\1\s\test\specs\BTS\billing-transfer-intercompany.spec.js:69:9)
]]></system-err>
    </testcase>
    <testcase classname="chrome.136_0_7103_93.windows.Billing_Transfer_-_Master_data_&amp;_Intercompany_US127250" name="Should go navigate to Manage Billings and trigger contract calculation check result" time="79.976">
      <failure/>
      <error message="Can't call click on element with selector &quot;//td[@aria-colindex=&quot;1&quot;]/div/div[contains(@class, &quot;sapMCbBg&quot;)]&quot; because element wasn't found"/>
      <system-out><![CDATA[
COMMAND: POST /session/a995b82d0df1730148f5e6c1edf10a41/execute/async - {"script":"<script> [1562 bytes]","args":[{"selector":{"controlType":"sap.m.GenericTile","properties":{"header":"Manage Billings"}},"wdio_ui5_key":"sapm.GenericTile{\"header\":\"Manage Billings\"}"}]}
COMMAND: GET /session/a995b82d0df1730148f5e6c1edf10a41/screenshot - {}
RESULT: {"script":"<script> [1562 bytes]","args":[{"selector":{"controlType":"sap.m.GenericTile","properties":{"header":"Manage Billings"}},"wdio_ui5_key":"sapm.GenericTile{\"header\":\"Manage Billings\"}"}]}
RESULT: undefined
RESULT: {}
COMMAND: POST /session/a995b82d0df1730148f5e6c1edf10a41/elements - {"using":"xpath","value":"//span[text()='Error']"}
RESULT: {"using":"xpath","value":"//span[text()='Error']"}
COMMAND: POST /session/a995b82d0df1730148f5e6c1edf10a41/execute/async - {"script":"<script> [1562 bytes]","args":[{"selector":{"id":"application-managebillings-display-component---billRunCalcResult--smartFilterBar-btnBasicSearch","interaction":{"idSuffix":"I"}},"wdio_ui5_key":"applicationmanagebillings-display-component---billRunCalcResult--smartFilterBar-btnBasicSearch"}]}
RESULT: {"script":"<script> [1562 bytes]","args":[{"selector":{"id":"application-managebillings-display-component---billRunCalcResult--smartFilterBar-btnBasicSearch","interaction":{"idSuffix":"I"}},"wdio_ui5_key":"applicationmanagebillings-display-component---billRunCalcResult--smartFilterBar-btnBasicSearch"}]}
RESULT: undefined
COMMAND: POST /session/a995b82d0df1730148f5e6c1edf10a41/actions - {"actions":[{"id":"action17","type":"key","parameters":{},"actions":[{"type":"keyDown","value":""},{"type":"pause","duration":10},{"type":"keyUp","value":""}]}]}
RESULT: {"actions":[{"id":"action17","type":"key","parameters":{},"actions":[{"type":"keyDown","value":""},{"type":"pause","duration":10},{"type":"keyUp","value":""}]}]}
COMMAND: GET /session/a995b82d0df1730148f5e6c1edf10a41/screenshot - {}
RESULT: {}
COMMAND: POST /session/a995b82d0df1730148f5e6c1edf10a41/element - {"using":"xpath","value":"//td[@aria-colindex=\"1\"]/div/div[contains(@class, \"sapMCbBg\")]"}
RESULT: {"using":"xpath","value":"//td[@aria-colindex=\"1\"]/div/div[contains(@class, \"sapMCbBg\")]"}
COMMAND: POST /session/a995b82d0df1730148f5e6c1edf10a41/elements - {"using":"xpath","value":"//td[@aria-colindex=\"1\"]/div/div[contains(@class, \"sapMCbBg\")]"}
RESULT: {"using":"xpath","value":"//td[@aria-colindex=\"1\"]/div/div[contains(@class, \"sapMCbBg\")]"}
COMMAND: POST /session/a995b82d0df1730148f5e6c1edf10a41/elements - {"using":"xpath","value":"//td[@aria-colindex=\"1\"]/div/div[contains(@class, \"sapMCbBg\")]"}
RESULT: {"using":"xpath","value":"//td[@aria-colindex=\"1\"]/div/div[contains(@class, \"sapMCbBg\")]"}
COMMAND: POST /session/a995b82d0df1730148f5e6c1edf10a41/elements - {"using":"xpath","value":"//td[@aria-colindex=\"1\"]/div/div[contains(@class, \"sapMCbBg\")]"}
RESULT: {"using":"xpath","value":"//td[@aria-colindex=\"1\"]/div/div[contains(@class, \"sapMCbBg\")]"}
COMMAND: POST /session/a995b82d0df1730148f5e6c1edf10a41/elements - {"using":"xpath","value":"//td[@aria-colindex=\"1\"]/div/div[contains(@class, \"sapMCbBg\")]"}
RESULT: {"using":"xpath","value":"//td[@aria-colindex=\"1\"]/div/div[contains(@class, \"sapMCbBg\")]"}
COMMAND: POST /session/a995b82d0df1730148f5e6c1edf10a41/elements - {"using":"xpath","value":"//td[@aria-colindex=\"1\"]/div/div[contains(@class, \"sapMCbBg\")]"}
RESULT: {"using":"xpath","value":"//td[@aria-colindex=\"1\"]/div/div[contains(@class, \"sapMCbBg\")]"}
COMMAND: POST /session/a995b82d0df1730148f5e6c1edf10a41/elements - {"using":"xpath","value":"//td[@aria-colindex=\"1\"]/div/div[contains(@class, \"sapMCbBg\")]"}
RESULT: {"using":"xpath","value":"//td[@aria-colindex=\"1\"]/div/div[contains(@class, \"sapMCbBg\")]"}
COMMAND: POST /session/a995b82d0df1730148f5e6c1edf10a41/elements - {"using":"xpath","value":"//td[@aria-colindex=\"1\"]/div/div[contains(@class, \"sapMCbBg\")]"}
RESULT: {"using":"xpath","value":"//td[@aria-colindex=\"1\"]/div/div[contains(@class, \"sapMCbBg\")]"}
COMMAND: POST /session/a995b82d0df1730148f5e6c1edf10a41/elements - {"using":"xpath","value":"//td[@aria-colindex=\"1\"]/div/div[contains(@class, \"sapMCbBg\")]"}
RESULT: {"using":"xpath","value":"//td[@aria-colindex=\"1\"]/div/div[contains(@class, \"sapMCbBg\")]"}
COMMAND: POST /session/a995b82d0df1730148f5e6c1edf10a41/elements - {"using":"xpath","value":"//td[@aria-colindex=\"1\"]/div/div[contains(@class, \"sapMCbBg\")]"}
RESULT: {"using":"xpath","value":"//td[@aria-colindex=\"1\"]/div/div[contains(@class, \"sapMCbBg\")]"}
COMMAND: POST /session/a995b82d0df1730148f5e6c1edf10a41/elements - {"using":"xpath","value":"//td[@aria-colindex=\"1\"]/div/div[contains(@class, \"sapMCbBg\")]"}
RESULT: {"using":"xpath","value":"//td[@aria-colindex=\"1\"]/div/div[contains(@class, \"sapMCbBg\")]"}
COMMAND: POST /session/a995b82d0df1730148f5e6c1edf10a41/elements - {"using":"xpath","value":"//td[@aria-colindex=\"1\"]/div/div[contains(@class, \"sapMCbBg\")]"}
RESULT: {"using":"xpath","value":"//td[@aria-colindex=\"1\"]/div/div[contains(@class, \"sapMCbBg\")]"}
COMMAND: POST /session/a995b82d0df1730148f5e6c1edf10a41/elements - {"using":"xpath","value":"//td[@aria-colindex=\"1\"]/div/div[contains(@class, \"sapMCbBg\")]"}
RESULT: {"using":"xpath","value":"//td[@aria-colindex=\"1\"]/div/div[contains(@class, \"sapMCbBg\")]"}
COMMAND: POST /session/a995b82d0df1730148f5e6c1edf10a41/elements - {"using":"xpath","value":"//td[@aria-colindex=\"1\"]/div/div[contains(@class, \"sapMCbBg\")]"}
RESULT: {"using":"xpath","value":"//td[@aria-colindex=\"1\"]/div/div[contains(@class, \"sapMCbBg\")]"}
COMMAND: POST /session/a995b82d0df1730148f5e6c1edf10a41/elements - {"using":"xpath","value":"//td[@aria-colindex=\"1\"]/div/div[contains(@class, \"sapMCbBg\")]"}
RESULT: {"using":"xpath","value":"//td[@aria-colindex=\"1\"]/div/div[contains(@class, \"sapMCbBg\")]"}
COMMAND: POST /session/a995b82d0df1730148f5e6c1edf10a41/elements - {"using":"xpath","value":"//td[@aria-colindex=\"1\"]/div/div[contains(@class, \"sapMCbBg\")]"}
RESULT: {"using":"xpath","value":"//td[@aria-colindex=\"1\"]/div/div[contains(@class, \"sapMCbBg\")]"}
COMMAND: POST /session/a995b82d0df1730148f5e6c1edf10a41/elements - {"using":"xpath","value":"//td[@aria-colindex=\"1\"]/div/div[contains(@class, \"sapMCbBg\")]"}
RESULT: {"using":"xpath","value":"//td[@aria-colindex=\"1\"]/div/div[contains(@class, \"sapMCbBg\")]"}
COMMAND: POST /session/a995b82d0df1730148f5e6c1edf10a41/elements - {"using":"xpath","value":"//td[@aria-colindex=\"1\"]/div/div[contains(@class, \"sapMCbBg\")]"}
RESULT: {"using":"xpath","value":"//td[@aria-colindex=\"1\"]/div/div[contains(@class, \"sapMCbBg\")]"}
COMMAND: POST /session/a995b82d0df1730148f5e6c1edf10a41/elements - {"using":"xpath","value":"//td[@aria-colindex=\"1\"]/div/div[contains(@class, \"sapMCbBg\")]"}
RESULT: {"using":"xpath","value":"//td[@aria-colindex=\"1\"]/div/div[contains(@class, \"sapMCbBg\")]"}
COMMAND: POST /session/a995b82d0df1730148f5e6c1edf10a41/elements - {"using":"xpath","value":"//td[@aria-colindex=\"1\"]/div/div[contains(@class, \"sapMCbBg\")]"}
RESULT: {"using":"xpath","value":"//td[@aria-colindex=\"1\"]/div/div[contains(@class, \"sapMCbBg\")]"}
COMMAND: POST /session/a995b82d0df1730148f5e6c1edf10a41/elements - {"using":"xpath","value":"//td[@aria-colindex=\"1\"]/div/div[contains(@class, \"sapMCbBg\")]"}
RESULT: {"using":"xpath","value":"//td[@aria-colindex=\"1\"]/div/div[contains(@class, \"sapMCbBg\")]"}
COMMAND: POST /session/a995b82d0df1730148f5e6c1edf10a41/elements - {"using":"xpath","value":"//td[@aria-colindex=\"1\"]/div/div[contains(@class, \"sapMCbBg\")]"}
RESULT: {"using":"xpath","value":"//td[@aria-colindex=\"1\"]/div/div[contains(@class, \"sapMCbBg\")]"}
COMMAND: POST /session/a995b82d0df1730148f5e6c1edf10a41/elements - {"using":"xpath","value":"//td[@aria-colindex=\"1\"]/div/div[contains(@class, \"sapMCbBg\")]"}
RESULT: {"using":"xpath","value":"//td[@aria-colindex=\"1\"]/div/div[contains(@class, \"sapMCbBg\")]"}
COMMAND: POST /session/a995b82d0df1730148f5e6c1edf10a41/elements - {"using":"xpath","value":"//td[@aria-colindex=\"1\"]/div/div[contains(@class, \"sapMCbBg\")]"}
RESULT: {"using":"xpath","value":"//td[@aria-colindex=\"1\"]/div/div[contains(@class, \"sapMCbBg\")]"}
COMMAND: POST /session/a995b82d0df1730148f5e6c1edf10a41/elements - {"using":"xpath","value":"//td[@aria-colindex=\"1\"]/div/div[contains(@class, \"sapMCbBg\")]"}
RESULT: {"using":"xpath","value":"//td[@aria-colindex=\"1\"]/div/div[contains(@class, \"sapMCbBg\")]"}
COMMAND: POST /session/a995b82d0df1730148f5e6c1edf10a41/elements - {"using":"xpath","value":"//td[@aria-colindex=\"1\"]/div/div[contains(@class, \"sapMCbBg\")]"}
RESULT: {"using":"xpath","value":"//td[@aria-colindex=\"1\"]/div/div[contains(@class, \"sapMCbBg\")]"}
COMMAND: POST /session/a995b82d0df1730148f5e6c1edf10a41/elements - {"using":"xpath","value":"//td[@aria-colindex=\"1\"]/div/div[contains(@class, \"sapMCbBg\")]"}
RESULT: {"using":"xpath","value":"//td[@aria-colindex=\"1\"]/div/div[contains(@class, \"sapMCbBg\")]"}
COMMAND: POST /session/a995b82d0df1730148f5e6c1edf10a41/elements - {"using":"xpath","value":"//td[@aria-colindex=\"1\"]/div/div[contains(@class, \"sapMCbBg\")]"}
RESULT: {"using":"xpath","value":"//td[@aria-colindex=\"1\"]/div/div[contains(@class, \"sapMCbBg\")]"}
COMMAND: POST /session/a995b82d0df1730148f5e6c1edf10a41/elements - {"using":"xpath","value":"//td[@aria-colindex=\"1\"]/div/div[contains(@class, \"sapMCbBg\")]"}
RESULT: {"using":"xpath","value":"//td[@aria-colindex=\"1\"]/div/div[contains(@class, \"sapMCbBg\")]"}
COMMAND: POST /session/a995b82d0df1730148f5e6c1edf10a41/elements - {"using":"xpath","value":"//td[@aria-colindex=\"1\"]/div/div[contains(@class, \"sapMCbBg\")]"}
RESULT: {"using":"xpath","value":"//td[@aria-colindex=\"1\"]/div/div[contains(@class, \"sapMCbBg\")]"}
COMMAND: POST /session/a995b82d0df1730148f5e6c1edf10a41/elements - {"using":"xpath","value":"//td[@aria-colindex=\"1\"]/div/div[contains(@class, \"sapMCbBg\")]"}
RESULT: {"using":"xpath","value":"//td[@aria-colindex=\"1\"]/div/div[contains(@class, \"sapMCbBg\")]"}
COMMAND: POST /session/a995b82d0df1730148f5e6c1edf10a41/elements - {"using":"xpath","value":"//td[@aria-colindex=\"1\"]/div/div[contains(@class, \"sapMCbBg\")]"}
RESULT: {"using":"xpath","value":"//td[@aria-colindex=\"1\"]/div/div[contains(@class, \"sapMCbBg\")]"}
COMMAND: POST /session/a995b82d0df1730148f5e6c1edf10a41/elements - {"using":"xpath","value":"//td[@aria-colindex=\"1\"]/div/div[contains(@class, \"sapMCbBg\")]"}
RESULT: {"using":"xpath","value":"//td[@aria-colindex=\"1\"]/div/div[contains(@class, \"sapMCbBg\")]"}
COMMAND: POST /session/a995b82d0df1730148f5e6c1edf10a41/elements - {"using":"xpath","value":"//td[@aria-colindex=\"1\"]/div/div[contains(@class, \"sapMCbBg\")]"}
RESULT: {"using":"xpath","value":"//td[@aria-colindex=\"1\"]/div/div[contains(@class, \"sapMCbBg\")]"}
COMMAND: POST /session/a995b82d0df1730148f5e6c1edf10a41/elements - {"using":"xpath","value":"//td[@aria-colindex=\"1\"]/div/div[contains(@class, \"sapMCbBg\")]"}
RESULT: {"using":"xpath","value":"//td[@aria-colindex=\"1\"]/div/div[contains(@class, \"sapMCbBg\")]"}
COMMAND: POST /session/a995b82d0df1730148f5e6c1edf10a41/elements - {"using":"xpath","value":"//td[@aria-colindex=\"1\"]/div/div[contains(@class, \"sapMCbBg\")]"}
RESULT: {"using":"xpath","value":"//td[@aria-colindex=\"1\"]/div/div[contains(@class, \"sapMCbBg\")]"}
COMMAND: POST /session/a995b82d0df1730148f5e6c1edf10a41/elements - {"using":"xpath","value":"//td[@aria-colindex=\"1\"]/div/div[contains(@class, \"sapMCbBg\")]"}
RESULT: {"using":"xpath","value":"//td[@aria-colindex=\"1\"]/div/div[contains(@class, \"sapMCbBg\")]"}
COMMAND: POST /session/a995b82d0df1730148f5e6c1edf10a41/elements - {"using":"xpath","value":"//td[@aria-colindex=\"1\"]/div/div[contains(@class, \"sapMCbBg\")]"}
RESULT: {"using":"xpath","value":"//td[@aria-colindex=\"1\"]/div/div[contains(@class, \"sapMCbBg\")]"}
COMMAND: POST /session/a995b82d0df1730148f5e6c1edf10a41/elements - {"using":"xpath","value":"//td[@aria-colindex=\"1\"]/div/div[contains(@class, \"sapMCbBg\")]"}
RESULT: {"using":"xpath","value":"//td[@aria-colindex=\"1\"]/div/div[contains(@class, \"sapMCbBg\")]"}
COMMAND: POST /session/a995b82d0df1730148f5e6c1edf10a41/elements - {"using":"xpath","value":"//td[@aria-colindex=\"1\"]/div/div[contains(@class, \"sapMCbBg\")]"}
RESULT: {"using":"xpath","value":"//td[@aria-colindex=\"1\"]/div/div[contains(@class, \"sapMCbBg\")]"}
COMMAND: POST /session/a995b82d0df1730148f5e6c1edf10a41/elements - {"using":"xpath","value":"//td[@aria-colindex=\"1\"]/div/div[contains(@class, \"sapMCbBg\")]"}
RESULT: {"using":"xpath","value":"//td[@aria-colindex=\"1\"]/div/div[contains(@class, \"sapMCbBg\")]"}
COMMAND: POST /session/a995b82d0df1730148f5e6c1edf10a41/elements - {"using":"xpath","value":"//td[@aria-colindex=\"1\"]/div/div[contains(@class, \"sapMCbBg\")]"}
RESULT: {"using":"xpath","value":"//td[@aria-colindex=\"1\"]/div/div[contains(@class, \"sapMCbBg\")]"}
COMMAND: POST /session/a995b82d0df1730148f5e6c1edf10a41/elements - {"using":"xpath","value":"//td[@aria-colindex=\"1\"]/div/div[contains(@class, \"sapMCbBg\")]"}
RESULT: {"using":"xpath","value":"//td[@aria-colindex=\"1\"]/div/div[contains(@class, \"sapMCbBg\")]"}
COMMAND: POST /session/a995b82d0df1730148f5e6c1edf10a41/elements - {"using":"xpath","value":"//td[@aria-colindex=\"1\"]/div/div[contains(@class, \"sapMCbBg\")]"}
RESULT: {"using":"xpath","value":"//td[@aria-colindex=\"1\"]/div/div[contains(@class, \"sapMCbBg\")]"}
COMMAND: POST /session/a995b82d0df1730148f5e6c1edf10a41/elements - {"using":"xpath","value":"//td[@aria-colindex=\"1\"]/div/div[contains(@class, \"sapMCbBg\")]"}
RESULT: {"using":"xpath","value":"//td[@aria-colindex=\"1\"]/div/div[contains(@class, \"sapMCbBg\")]"}
COMMAND: POST /session/a995b82d0df1730148f5e6c1edf10a41/elements - {"using":"xpath","value":"//td[@aria-colindex=\"1\"]/div/div[contains(@class, \"sapMCbBg\")]"}
RESULT: {"using":"xpath","value":"//td[@aria-colindex=\"1\"]/div/div[contains(@class, \"sapMCbBg\")]"}
COMMAND: POST /session/a995b82d0df1730148f5e6c1edf10a41/elements - {"using":"xpath","value":"//td[@aria-colindex=\"1\"]/div/div[contains(@class, \"sapMCbBg\")]"}
RESULT: {"using":"xpath","value":"//td[@aria-colindex=\"1\"]/div/div[contains(@class, \"sapMCbBg\")]"}
COMMAND: POST /session/a995b82d0df1730148f5e6c1edf10a41/elements - {"using":"xpath","value":"//td[@aria-colindex=\"1\"]/div/div[contains(@class, \"sapMCbBg\")]"}
RESULT: {"using":"xpath","value":"//td[@aria-colindex=\"1\"]/div/div[contains(@class, \"sapMCbBg\")]"}
COMMAND: POST /session/a995b82d0df1730148f5e6c1edf10a41/elements - {"using":"xpath","value":"//td[@aria-colindex=\"1\"]/div/div[contains(@class, \"sapMCbBg\")]"}
RESULT: {"using":"xpath","value":"//td[@aria-colindex=\"1\"]/div/div[contains(@class, \"sapMCbBg\")]"}
COMMAND: POST /session/a995b82d0df1730148f5e6c1edf10a41/elements - {"using":"xpath","value":"//td[@aria-colindex=\"1\"]/div/div[contains(@class, \"sapMCbBg\")]"}
RESULT: {"using":"xpath","value":"//td[@aria-colindex=\"1\"]/div/div[contains(@class, \"sapMCbBg\")]"}
COMMAND: POST /session/a995b82d0df1730148f5e6c1edf10a41/elements - {"using":"xpath","value":"//td[@aria-colindex=\"1\"]/div/div[contains(@class, \"sapMCbBg\")]"}
RESULT: {"using":"xpath","value":"//td[@aria-colindex=\"1\"]/div/div[contains(@class, \"sapMCbBg\")]"}
COMMAND: POST /session/a995b82d0df1730148f5e6c1edf10a41/elements - {"using":"xpath","value":"//td[@aria-colindex=\"1\"]/div/div[contains(@class, \"sapMCbBg\")]"}
RESULT: {"using":"xpath","value":"//td[@aria-colindex=\"1\"]/div/div[contains(@class, \"sapMCbBg\")]"}
COMMAND: POST /session/a995b82d0df1730148f5e6c1edf10a41/elements - {"using":"xpath","value":"//td[@aria-colindex=\"1\"]/div/div[contains(@class, \"sapMCbBg\")]"}
RESULT: {"using":"xpath","value":"//td[@aria-colindex=\"1\"]/div/div[contains(@class, \"sapMCbBg\")]"}
COMMAND: POST /session/a995b82d0df1730148f5e6c1edf10a41/elements - {"using":"xpath","value":"//td[@aria-colindex=\"1\"]/div/div[contains(@class, \"sapMCbBg\")]"}
RESULT: {"using":"xpath","value":"//td[@aria-colindex=\"1\"]/div/div[contains(@class, \"sapMCbBg\")]"}
COMMAND: POST /session/a995b82d0df1730148f5e6c1edf10a41/elements - {"using":"xpath","value":"//td[@aria-colindex=\"1\"]/div/div[contains(@class, \"sapMCbBg\")]"}
RESULT: {"using":"xpath","value":"//td[@aria-colindex=\"1\"]/div/div[contains(@class, \"sapMCbBg\")]"}
COMMAND: POST /session/a995b82d0df1730148f5e6c1edf10a41/elements - {"using":"xpath","value":"//td[@aria-colindex=\"1\"]/div/div[contains(@class, \"sapMCbBg\")]"}
RESULT: {"using":"xpath","value":"//td[@aria-colindex=\"1\"]/div/div[contains(@class, \"sapMCbBg\")]"}
COMMAND: POST /session/a995b82d0df1730148f5e6c1edf10a41/elements - {"using":"xpath","value":"//td[@aria-colindex=\"1\"]/div/div[contains(@class, \"sapMCbBg\")]"}
RESULT: {"using":"xpath","value":"//td[@aria-colindex=\"1\"]/div/div[contains(@class, \"sapMCbBg\")]"}
COMMAND: POST /session/a995b82d0df1730148f5e6c1edf10a41/elements - {"using":"xpath","value":"//td[@aria-colindex=\"1\"]/div/div[contains(@class, \"sapMCbBg\")]"}
RESULT: {"using":"xpath","value":"//td[@aria-colindex=\"1\"]/div/div[contains(@class, \"sapMCbBg\")]"}
COMMAND: POST /session/a995b82d0df1730148f5e6c1edf10a41/elements - {"using":"xpath","value":"//td[@aria-colindex=\"1\"]/div/div[contains(@class, \"sapMCbBg\")]"}
RESULT: {"using":"xpath","value":"//td[@aria-colindex=\"1\"]/div/div[contains(@class, \"sapMCbBg\")]"}
COMMAND: POST /session/a995b82d0df1730148f5e6c1edf10a41/elements - {"using":"xpath","value":"//td[@aria-colindex=\"1\"]/div/div[contains(@class, \"sapMCbBg\")]"}
RESULT: {"using":"xpath","value":"//td[@aria-colindex=\"1\"]/div/div[contains(@class, \"sapMCbBg\")]"}
COMMAND: POST /session/a995b82d0df1730148f5e6c1edf10a41/elements - {"using":"xpath","value":"//td[@aria-colindex=\"1\"]/div/div[contains(@class, \"sapMCbBg\")]"}
RESULT: {"using":"xpath","value":"//td[@aria-colindex=\"1\"]/div/div[contains(@class, \"sapMCbBg\")]"}
COMMAND: POST /session/a995b82d0df1730148f5e6c1edf10a41/elements - {"using":"xpath","value":"//td[@aria-colindex=\"1\"]/div/div[contains(@class, \"sapMCbBg\")]"}
RESULT: {"using":"xpath","value":"//td[@aria-colindex=\"1\"]/div/div[contains(@class, \"sapMCbBg\")]"}
COMMAND: POST /session/a995b82d0df1730148f5e6c1edf10a41/elements - {"using":"xpath","value":"//td[@aria-colindex=\"1\"]/div/div[contains(@class, \"sapMCbBg\")]"}
RESULT: {"using":"xpath","value":"//td[@aria-colindex=\"1\"]/div/div[contains(@class, \"sapMCbBg\")]"}
COMMAND: POST /session/a995b82d0df1730148f5e6c1edf10a41/elements - {"using":"xpath","value":"//td[@aria-colindex=\"1\"]/div/div[contains(@class, \"sapMCbBg\")]"}
RESULT: {"using":"xpath","value":"//td[@aria-colindex=\"1\"]/div/div[contains(@class, \"sapMCbBg\")]"}
COMMAND: POST /session/a995b82d0df1730148f5e6c1edf10a41/elements - {"using":"xpath","value":"//td[@aria-colindex=\"1\"]/div/div[contains(@class, \"sapMCbBg\")]"}
RESULT: {"using":"xpath","value":"//td[@aria-colindex=\"1\"]/div/div[contains(@class, \"sapMCbBg\")]"}
COMMAND: POST /session/a995b82d0df1730148f5e6c1edf10a41/elements - {"using":"xpath","value":"//td[@aria-colindex=\"1\"]/div/div[contains(@class, \"sapMCbBg\")]"}
RESULT: {"using":"xpath","value":"//td[@aria-colindex=\"1\"]/div/div[contains(@class, \"sapMCbBg\")]"}
COMMAND: POST /session/a995b82d0df1730148f5e6c1edf10a41/elements - {"using":"xpath","value":"//td[@aria-colindex=\"1\"]/div/div[contains(@class, \"sapMCbBg\")]"}
RESULT: {"using":"xpath","value":"//td[@aria-colindex=\"1\"]/div/div[contains(@class, \"sapMCbBg\")]"}
COMMAND: POST /session/a995b82d0df1730148f5e6c1edf10a41/elements - {"using":"xpath","value":"//td[@aria-colindex=\"1\"]/div/div[contains(@class, \"sapMCbBg\")]"}
RESULT: {"using":"xpath","value":"//td[@aria-colindex=\"1\"]/div/div[contains(@class, \"sapMCbBg\")]"}
COMMAND: POST /session/a995b82d0df1730148f5e6c1edf10a41/elements - {"using":"xpath","value":"//td[@aria-colindex=\"1\"]/div/div[contains(@class, \"sapMCbBg\")]"}
RESULT: {"using":"xpath","value":"//td[@aria-colindex=\"1\"]/div/div[contains(@class, \"sapMCbBg\")]"}
COMMAND: POST /session/a995b82d0df1730148f5e6c1edf10a41/elements - {"using":"xpath","value":"//td[@aria-colindex=\"1\"]/div/div[contains(@class, \"sapMCbBg\")]"}
RESULT: {"using":"xpath","value":"//td[@aria-colindex=\"1\"]/div/div[contains(@class, \"sapMCbBg\")]"}
COMMAND: POST /session/a995b82d0df1730148f5e6c1edf10a41/elements - {"using":"xpath","value":"//td[@aria-colindex=\"1\"]/div/div[contains(@class, \"sapMCbBg\")]"}
RESULT: {"using":"xpath","value":"//td[@aria-colindex=\"1\"]/div/div[contains(@class, \"sapMCbBg\")]"}
COMMAND: POST /session/a995b82d0df1730148f5e6c1edf10a41/elements - {"using":"xpath","value":"//td[@aria-colindex=\"1\"]/div/div[contains(@class, \"sapMCbBg\")]"}
RESULT: {"using":"xpath","value":"//td[@aria-colindex=\"1\"]/div/div[contains(@class, \"sapMCbBg\")]"}
COMMAND: POST /session/a995b82d0df1730148f5e6c1edf10a41/elements - {"using":"xpath","value":"//td[@aria-colindex=\"1\"]/div/div[contains(@class, \"sapMCbBg\")]"}
RESULT: {"using":"xpath","value":"//td[@aria-colindex=\"1\"]/div/div[contains(@class, \"sapMCbBg\")]"}
COMMAND: POST /session/a995b82d0df1730148f5e6c1edf10a41/elements - {"using":"xpath","value":"//td[@aria-colindex=\"1\"]/div/div[contains(@class, \"sapMCbBg\")]"}
RESULT: {"using":"xpath","value":"//td[@aria-colindex=\"1\"]/div/div[contains(@class, \"sapMCbBg\")]"}
COMMAND: POST /session/a995b82d0df1730148f5e6c1edf10a41/elements - {"using":"xpath","value":"//td[@aria-colindex=\"1\"]/div/div[contains(@class, \"sapMCbBg\")]"}
RESULT: {"using":"xpath","value":"//td[@aria-colindex=\"1\"]/div/div[contains(@class, \"sapMCbBg\")]"}
COMMAND: POST /session/a995b82d0df1730148f5e6c1edf10a41/elements - {"using":"xpath","value":"//td[@aria-colindex=\"1\"]/div/div[contains(@class, \"sapMCbBg\")]"}
RESULT: {"using":"xpath","value":"//td[@aria-colindex=\"1\"]/div/div[contains(@class, \"sapMCbBg\")]"}
COMMAND: POST /session/a995b82d0df1730148f5e6c1edf10a41/elements - {"using":"xpath","value":"//td[@aria-colindex=\"1\"]/div/div[contains(@class, \"sapMCbBg\")]"}
RESULT: {"using":"xpath","value":"//td[@aria-colindex=\"1\"]/div/div[contains(@class, \"sapMCbBg\")]"}
COMMAND: POST /session/a995b82d0df1730148f5e6c1edf10a41/elements - {"using":"xpath","value":"//td[@aria-colindex=\"1\"]/div/div[contains(@class, \"sapMCbBg\")]"}
RESULT: {"using":"xpath","value":"//td[@aria-colindex=\"1\"]/div/div[contains(@class, \"sapMCbBg\")]"}
COMMAND: POST /session/a995b82d0df1730148f5e6c1edf10a41/elements - {"using":"xpath","value":"//td[@aria-colindex=\"1\"]/div/div[contains(@class, \"sapMCbBg\")]"}
RESULT: {"using":"xpath","value":"//td[@aria-colindex=\"1\"]/div/div[contains(@class, \"sapMCbBg\")]"}
COMMAND: POST /session/a995b82d0df1730148f5e6c1edf10a41/elements - {"using":"xpath","value":"//td[@aria-colindex=\"1\"]/div/div[contains(@class, \"sapMCbBg\")]"}
RESULT: {"using":"xpath","value":"//td[@aria-colindex=\"1\"]/div/div[contains(@class, \"sapMCbBg\")]"}
COMMAND: POST /session/a995b82d0df1730148f5e6c1edf10a41/elements - {"using":"xpath","value":"//td[@aria-colindex=\"1\"]/div/div[contains(@class, \"sapMCbBg\")]"}
RESULT: {"using":"xpath","value":"//td[@aria-colindex=\"1\"]/div/div[contains(@class, \"sapMCbBg\")]"}
COMMAND: POST /session/a995b82d0df1730148f5e6c1edf10a41/elements - {"using":"xpath","value":"//td[@aria-colindex=\"1\"]/div/div[contains(@class, \"sapMCbBg\")]"}
RESULT: {"using":"xpath","value":"//td[@aria-colindex=\"1\"]/div/div[contains(@class, \"sapMCbBg\")]"}
COMMAND: POST /session/a995b82d0df1730148f5e6c1edf10a41/elements - {"using":"xpath","value":"//td[@aria-colindex=\"1\"]/div/div[contains(@class, \"sapMCbBg\")]"}
RESULT: {"using":"xpath","value":"//td[@aria-colindex=\"1\"]/div/div[contains(@class, \"sapMCbBg\")]"}
COMMAND: POST /session/a995b82d0df1730148f5e6c1edf10a41/elements - {"using":"xpath","value":"//td[@aria-colindex=\"1\"]/div/div[contains(@class, \"sapMCbBg\")]"}
RESULT: {"using":"xpath","value":"//td[@aria-colindex=\"1\"]/div/div[contains(@class, \"sapMCbBg\")]"}
COMMAND: POST /session/a995b82d0df1730148f5e6c1edf10a41/elements - {"using":"xpath","value":"//td[@aria-colindex=\"1\"]/div/div[contains(@class, \"sapMCbBg\")]"}
RESULT: {"using":"xpath","value":"//td[@aria-colindex=\"1\"]/div/div[contains(@class, \"sapMCbBg\")]"}
COMMAND: POST /session/a995b82d0df1730148f5e6c1edf10a41/elements - {"using":"xpath","value":"//td[@aria-colindex=\"1\"]/div/div[contains(@class, \"sapMCbBg\")]"}
RESULT: {"using":"xpath","value":"//td[@aria-colindex=\"1\"]/div/div[contains(@class, \"sapMCbBg\")]"}
COMMAND: POST /session/a995b82d0df1730148f5e6c1edf10a41/elements - {"using":"xpath","value":"//td[@aria-colindex=\"1\"]/div/div[contains(@class, \"sapMCbBg\")]"}
RESULT: {"using":"xpath","value":"//td[@aria-colindex=\"1\"]/div/div[contains(@class, \"sapMCbBg\")]"}
COMMAND: POST /session/a995b82d0df1730148f5e6c1edf10a41/elements - {"using":"xpath","value":"//td[@aria-colindex=\"1\"]/div/div[contains(@class, \"sapMCbBg\")]"}
RESULT: {"using":"xpath","value":"//td[@aria-colindex=\"1\"]/div/div[contains(@class, \"sapMCbBg\")]"}
COMMAND: POST /session/a995b82d0df1730148f5e6c1edf10a41/elements - {"using":"xpath","value":"//td[@aria-colindex=\"1\"]/div/div[contains(@class, \"sapMCbBg\")]"}
RESULT: {"using":"xpath","value":"//td[@aria-colindex=\"1\"]/div/div[contains(@class, \"sapMCbBg\")]"}
COMMAND: POST /session/a995b82d0df1730148f5e6c1edf10a41/elements - {"using":"xpath","value":"//td[@aria-colindex=\"1\"]/div/div[contains(@class, \"sapMCbBg\")]"}
RESULT: {"using":"xpath","value":"//td[@aria-colindex=\"1\"]/div/div[contains(@class, \"sapMCbBg\")]"}
COMMAND: POST /session/a995b82d0df1730148f5e6c1edf10a41/elements - {"using":"xpath","value":"//td[@aria-colindex=\"1\"]/div/div[contains(@class, \"sapMCbBg\")]"}
RESULT: {"using":"xpath","value":"//td[@aria-colindex=\"1\"]/div/div[contains(@class, \"sapMCbBg\")]"}
COMMAND: POST /session/a995b82d0df1730148f5e6c1edf10a41/elements - {"using":"xpath","value":"//td[@aria-colindex=\"1\"]/div/div[contains(@class, \"sapMCbBg\")]"}
RESULT: {"using":"xpath","value":"//td[@aria-colindex=\"1\"]/div/div[contains(@class, \"sapMCbBg\")]"}
COMMAND: POST /session/a995b82d0df1730148f5e6c1edf10a41/elements - {"using":"xpath","value":"//td[@aria-colindex=\"1\"]/div/div[contains(@class, \"sapMCbBg\")]"}
RESULT: {"using":"xpath","value":"//td[@aria-colindex=\"1\"]/div/div[contains(@class, \"sapMCbBg\")]"}
COMMAND: POST /session/a995b82d0df1730148f5e6c1edf10a41/elements - {"using":"xpath","value":"//td[@aria-colindex=\"1\"]/div/div[contains(@class, \"sapMCbBg\")]"}
RESULT: {"using":"xpath","value":"//td[@aria-colindex=\"1\"]/div/div[contains(@class, \"sapMCbBg\")]"}
COMMAND: POST /session/a995b82d0df1730148f5e6c1edf10a41/elements - {"using":"xpath","value":"//td[@aria-colindex=\"1\"]/div/div[contains(@class, \"sapMCbBg\")]"}
RESULT: {"using":"xpath","value":"//td[@aria-colindex=\"1\"]/div/div[contains(@class, \"sapMCbBg\")]"}
COMMAND: POST /session/a995b82d0df1730148f5e6c1edf10a41/elements - {"using":"xpath","value":"//td[@aria-colindex=\"1\"]/div/div[contains(@class, \"sapMCbBg\")]"}
RESULT: {"using":"xpath","value":"//td[@aria-colindex=\"1\"]/div/div[contains(@class, \"sapMCbBg\")]"}
COMMAND: POST /session/a995b82d0df1730148f5e6c1edf10a41/elements - {"using":"xpath","value":"//td[@aria-colindex=\"1\"]/div/div[contains(@class, \"sapMCbBg\")]"}
RESULT: {"using":"xpath","value":"//td[@aria-colindex=\"1\"]/div/div[contains(@class, \"sapMCbBg\")]"}
COMMAND: POST /session/a995b82d0df1730148f5e6c1edf10a41/elements - {"using":"xpath","value":"//td[@aria-colindex=\"1\"]/div/div[contains(@class, \"sapMCbBg\")]"}
RESULT: {"using":"xpath","value":"//td[@aria-colindex=\"1\"]/div/div[contains(@class, \"sapMCbBg\")]"}
COMMAND: POST /session/a995b82d0df1730148f5e6c1edf10a41/elements - {"using":"xpath","value":"//td[@aria-colindex=\"1\"]/div/div[contains(@class, \"sapMCbBg\")]"}
RESULT: {"using":"xpath","value":"//td[@aria-colindex=\"1\"]/div/div[contains(@class, \"sapMCbBg\")]"}
COMMAND: POST /session/a995b82d0df1730148f5e6c1edf10a41/elements - {"using":"xpath","value":"//td[@aria-colindex=\"1\"]/div/div[contains(@class, \"sapMCbBg\")]"}
RESULT: {"using":"xpath","value":"//td[@aria-colindex=\"1\"]/div/div[contains(@class, \"sapMCbBg\")]"}
COMMAND: POST /session/a995b82d0df1730148f5e6c1edf10a41/elements - {"using":"xpath","value":"//td[@aria-colindex=\"1\"]/div/div[contains(@class, \"sapMCbBg\")]"}
RESULT: {"using":"xpath","value":"//td[@aria-colindex=\"1\"]/div/div[contains(@class, \"sapMCbBg\")]"}
COMMAND: POST /session/a995b82d0df1730148f5e6c1edf10a41/elements - {"using":"xpath","value":"//td[@aria-colindex=\"1\"]/div/div[contains(@class, \"sapMCbBg\")]"}
RESULT: {"using":"xpath","value":"//td[@aria-colindex=\"1\"]/div/div[contains(@class, \"sapMCbBg\")]"}
COMMAND: POST /session/a995b82d0df1730148f5e6c1edf10a41/elements - {"using":"xpath","value":"//td[@aria-colindex=\"1\"]/div/div[contains(@class, \"sapMCbBg\")]"}
RESULT: {"using":"xpath","value":"//td[@aria-colindex=\"1\"]/div/div[contains(@class, \"sapMCbBg\")]"}
COMMAND: POST /session/a995b82d0df1730148f5e6c1edf10a41/elements - {"using":"xpath","value":"//td[@aria-colindex=\"1\"]/div/div[contains(@class, \"sapMCbBg\")]"}
RESULT: {"using":"xpath","value":"//td[@aria-colindex=\"1\"]/div/div[contains(@class, \"sapMCbBg\")]"}
COMMAND: POST /session/a995b82d0df1730148f5e6c1edf10a41/elements - {"using":"xpath","value":"//td[@aria-colindex=\"1\"]/div/div[contains(@class, \"sapMCbBg\")]"}
RESULT: {"using":"xpath","value":"//td[@aria-colindex=\"1\"]/div/div[contains(@class, \"sapMCbBg\")]"}
COMMAND: POST /session/a995b82d0df1730148f5e6c1edf10a41/elements - {"using":"xpath","value":"//td[@aria-colindex=\"1\"]/div/div[contains(@class, \"sapMCbBg\")]"}
RESULT: {"using":"xpath","value":"//td[@aria-colindex=\"1\"]/div/div[contains(@class, \"sapMCbBg\")]"}
COMMAND: POST /session/a995b82d0df1730148f5e6c1edf10a41/elements - {"using":"xpath","value":"//td[@aria-colindex=\"1\"]/div/div[contains(@class, \"sapMCbBg\")]"}
RESULT: {"using":"xpath","value":"//td[@aria-colindex=\"1\"]/div/div[contains(@class, \"sapMCbBg\")]"}
COMMAND: POST /session/a995b82d0df1730148f5e6c1edf10a41/elements - {"using":"xpath","value":"//td[@aria-colindex=\"1\"]/div/div[contains(@class, \"sapMCbBg\")]"}
RESULT: {"using":"xpath","value":"//td[@aria-colindex=\"1\"]/div/div[contains(@class, \"sapMCbBg\")]"}
COMMAND: POST /session/a995b82d0df1730148f5e6c1edf10a41/elements - {"using":"xpath","value":"//td[@aria-colindex=\"1\"]/div/div[contains(@class, \"sapMCbBg\")]"}
RESULT: {"using":"xpath","value":"//td[@aria-colindex=\"1\"]/div/div[contains(@class, \"sapMCbBg\")]"}
COMMAND: POST /session/a995b82d0df1730148f5e6c1edf10a41/elements - {"using":"xpath","value":"//td[@aria-colindex=\"1\"]/div/div[contains(@class, \"sapMCbBg\")]"}
RESULT: {"using":"xpath","value":"//td[@aria-colindex=\"1\"]/div/div[contains(@class, \"sapMCbBg\")]"}
COMMAND: POST /session/a995b82d0df1730148f5e6c1edf10a41/elements - {"using":"xpath","value":"//td[@aria-colindex=\"1\"]/div/div[contains(@class, \"sapMCbBg\")]"}
RESULT: {"using":"xpath","value":"//td[@aria-colindex=\"1\"]/div/div[contains(@class, \"sapMCbBg\")]"}
COMMAND: POST /session/a995b82d0df1730148f5e6c1edf10a41/elements - {"using":"xpath","value":"//td[@aria-colindex=\"1\"]/div/div[contains(@class, \"sapMCbBg\")]"}
RESULT: {"using":"xpath","value":"//td[@aria-colindex=\"1\"]/div/div[contains(@class, \"sapMCbBg\")]"}
COMMAND: POST /session/a995b82d0df1730148f5e6c1edf10a41/elements - {"using":"xpath","value":"//td[@aria-colindex=\"1\"]/div/div[contains(@class, \"sapMCbBg\")]"}
RESULT: {"using":"xpath","value":"//td[@aria-colindex=\"1\"]/div/div[contains(@class, \"sapMCbBg\")]"}
COMMAND: POST /session/a995b82d0df1730148f5e6c1edf10a41/elements - {"using":"xpath","value":"//td[@aria-colindex=\"1\"]/div/div[contains(@class, \"sapMCbBg\")]"}
RESULT: {"using":"xpath","value":"//td[@aria-colindex=\"1\"]/div/div[contains(@class, \"sapMCbBg\")]"}
COMMAND: POST /session/a995b82d0df1730148f5e6c1edf10a41/elements - {"using":"xpath","value":"//td[@aria-colindex=\"1\"]/div/div[contains(@class, \"sapMCbBg\")]"}
RESULT: {"using":"xpath","value":"//td[@aria-colindex=\"1\"]/div/div[contains(@class, \"sapMCbBg\")]"}
COMMAND: POST /session/a995b82d0df1730148f5e6c1edf10a41/elements - {"using":"xpath","value":"//td[@aria-colindex=\"1\"]/div/div[contains(@class, \"sapMCbBg\")]"}
RESULT: {"using":"xpath","value":"//td[@aria-colindex=\"1\"]/div/div[contains(@class, \"sapMCbBg\")]"}
COMMAND: POST /session/a995b82d0df1730148f5e6c1edf10a41/elements - {"using":"xpath","value":"//td[@aria-colindex=\"1\"]/div/div[contains(@class, \"sapMCbBg\")]"}
RESULT: {"using":"xpath","value":"//td[@aria-colindex=\"1\"]/div/div[contains(@class, \"sapMCbBg\")]"}
COMMAND: POST /session/a995b82d0df1730148f5e6c1edf10a41/elements - {"using":"xpath","value":"//td[@aria-colindex=\"1\"]/div/div[contains(@class, \"sapMCbBg\")]"}
RESULT: {"using":"xpath","value":"//td[@aria-colindex=\"1\"]/div/div[contains(@class, \"sapMCbBg\")]"}
COMMAND: POST /session/a995b82d0df1730148f5e6c1edf10a41/elements - {"using":"xpath","value":"//td[@aria-colindex=\"1\"]/div/div[contains(@class, \"sapMCbBg\")]"}
RESULT: {"using":"xpath","value":"//td[@aria-colindex=\"1\"]/div/div[contains(@class, \"sapMCbBg\")]"}
COMMAND: POST /session/a995b82d0df1730148f5e6c1edf10a41/elements - {"using":"xpath","value":"//td[@aria-colindex=\"1\"]/div/div[contains(@class, \"sapMCbBg\")]"}
RESULT: {"using":"xpath","value":"//td[@aria-colindex=\"1\"]/div/div[contains(@class, \"sapMCbBg\")]"}
COMMAND: POST /session/a995b82d0df1730148f5e6c1edf10a41/elements - {"using":"xpath","value":"//td[@aria-colindex=\"1\"]/div/div[contains(@class, \"sapMCbBg\")]"}
RESULT: {"using":"xpath","value":"//td[@aria-colindex=\"1\"]/div/div[contains(@class, \"sapMCbBg\")]"}
COMMAND: GET /session/a995b82d0df1730148f5e6c1edf10a41/screenshot - {}
RESULT: {}
]]></system-out>
      <system-err><![CDATA[
Error: Can't call click on element with selector "//td[@aria-colindex="1"]/div/div[contains(@class, "sapMCbBg")]" because element wasn't found
    at async UtilsPrerequisites.manageBillingsTriggerCalculation (D:\a\1\s\test\specs\BTS\prerequisites-and-utils-functions.js:2750:9)
    at async Context.<anonymous> (D:\a\1\s\test\specs\BTS\billing-transfer-intercompany.spec.js:73:9)
]]></system-err>
    </testcase>
    <testcase classname="chrome.136_0_7103_93.windows.Billing_Transfer_-_Master_data_&amp;_Intercompany_US127250" name="Should do Billing Transfer all the way into invoice open for intercompany case" time="56.134">
      <failure/>
      <error message="element (&quot;//input[contains(@id ,&quot;application-billingtransfer-display-component---billingWorkbench--smartFilterBar-btnBasicSearch&quot;)]&quot;) still not existing after 45000ms"/>
      <system-out><![CDATA[
COMMAND: POST /session/a995b82d0df1730148f5e6c1edf10a41/execute/async - {"script":"<script> [1562 bytes]","args":[{"selector":{"controlType":"sap.m.GenericTile","properties":{"header":"Billing Transfer"}},"wdio_ui5_key":"sapm.GenericTile{\"header\":\"Billing Transfer\"}"}]}
COMMAND: GET /session/a995b82d0df1730148f5e6c1edf10a41/screenshot - {}
RESULT: {"script":"<script> [1562 bytes]","args":[{"selector":{"controlType":"sap.m.GenericTile","properties":{"header":"Billing Transfer"}},"wdio_ui5_key":"sapm.GenericTile{\"header\":\"Billing Transfer\"}"}]}
RESULT: undefined
RESULT: {}
COMMAND: POST /session/a995b82d0df1730148f5e6c1edf10a41/elements - {"using":"xpath","value":"//span[text()='Error']"}
RESULT: {"using":"xpath","value":"//span[text()='Error']"}
COMMAND: POST /session/a995b82d0df1730148f5e6c1edf10a41/element - {"using":"xpath","value":"//input[contains(@id ,\"application-billingtransfer-display-component---billingWorkbench--smartFilterBar-btnBasicSearch\")]"}
RESULT: {"using":"xpath","value":"//input[contains(@id ,\"application-billingtransfer-display-component---billingWorkbench--smartFilterBar-btnBasicSearch\")]"}
COMMAND: POST /session/a995b82d0df1730148f5e6c1edf10a41/elements - {"using":"xpath","value":"//input[contains(@id ,\"application-billingtransfer-display-component---billingWorkbench--smartFilterBar-btnBasicSearch\")]"}
RESULT: {"using":"xpath","value":"//input[contains(@id ,\"application-billingtransfer-display-component---billingWorkbench--smartFilterBar-btnBasicSearch\")]"}
COMMAND: POST /session/a995b82d0df1730148f5e6c1edf10a41/elements - {"using":"xpath","value":"//input[contains(@id ,\"application-billingtransfer-display-component---billingWorkbench--smartFilterBar-btnBasicSearch\")]"}
RESULT: {"using":"xpath","value":"//input[contains(@id ,\"application-billingtransfer-display-component---billingWorkbench--smartFilterBar-btnBasicSearch\")]"}
COMMAND: POST /session/a995b82d0df1730148f5e6c1edf10a41/elements - {"using":"xpath","value":"//input[contains(@id ,\"application-billingtransfer-display-component---billingWorkbench--smartFilterBar-btnBasicSearch\")]"}
RESULT: {"using":"xpath","value":"//input[contains(@id ,\"application-billingtransfer-display-component---billingWorkbench--smartFilterBar-btnBasicSearch\")]"}
COMMAND: POST /session/a995b82d0df1730148f5e6c1edf10a41/elements - {"using":"xpath","value":"//input[contains(@id ,\"application-billingtransfer-display-component---billingWorkbench--smartFilterBar-btnBasicSearch\")]"}
RESULT: {"using":"xpath","value":"//input[contains(@id ,\"application-billingtransfer-display-component---billingWorkbench--smartFilterBar-btnBasicSearch\")]"}
COMMAND: POST /session/a995b82d0df1730148f5e6c1edf10a41/elements - {"using":"xpath","value":"//input[contains(@id ,\"application-billingtransfer-display-component---billingWorkbench--smartFilterBar-btnBasicSearch\")]"}
RESULT: {"using":"xpath","value":"//input[contains(@id ,\"application-billingtransfer-display-component---billingWorkbench--smartFilterBar-btnBasicSearch\")]"}
COMMAND: POST /session/a995b82d0df1730148f5e6c1edf10a41/elements - {"using":"xpath","value":"//input[contains(@id ,\"application-billingtransfer-display-component---billingWorkbench--smartFilterBar-btnBasicSearch\")]"}
RESULT: {"using":"xpath","value":"//input[contains(@id ,\"application-billingtransfer-display-component---billingWorkbench--smartFilterBar-btnBasicSearch\")]"}
COMMAND: POST /session/a995b82d0df1730148f5e6c1edf10a41/elements - {"using":"xpath","value":"//input[contains(@id ,\"application-billingtransfer-display-component---billingWorkbench--smartFilterBar-btnBasicSearch\")]"}
RESULT: {"using":"xpath","value":"//input[contains(@id ,\"application-billingtransfer-display-component---billingWorkbench--smartFilterBar-btnBasicSearch\")]"}
COMMAND: POST /session/a995b82d0df1730148f5e6c1edf10a41/elements - {"using":"xpath","value":"//input[contains(@id ,\"application-billingtransfer-display-component---billingWorkbench--smartFilterBar-btnBasicSearch\")]"}
RESULT: {"using":"xpath","value":"//input[contains(@id ,\"application-billingtransfer-display-component---billingWorkbench--smartFilterBar-btnBasicSearch\")]"}
COMMAND: POST /session/a995b82d0df1730148f5e6c1edf10a41/elements - {"using":"xpath","value":"//input[contains(@id ,\"application-billingtransfer-display-component---billingWorkbench--smartFilterBar-btnBasicSearch\")]"}
RESULT: {"using":"xpath","value":"//input[contains(@id ,\"application-billingtransfer-display-component---billingWorkbench--smartFilterBar-btnBasicSearch\")]"}
COMMAND: POST /session/a995b82d0df1730148f5e6c1edf10a41/elements - {"using":"xpath","value":"//input[contains(@id ,\"application-billingtransfer-display-component---billingWorkbench--smartFilterBar-btnBasicSearch\")]"}
RESULT: {"using":"xpath","value":"//input[contains(@id ,\"application-billingtransfer-display-component---billingWorkbench--smartFilterBar-btnBasicSearch\")]"}
COMMAND: POST /session/a995b82d0df1730148f5e6c1edf10a41/elements - {"using":"xpath","value":"//input[contains(@id ,\"application-billingtransfer-display-component---billingWorkbench--smartFilterBar-btnBasicSearch\")]"}
RESULT: {"using":"xpath","value":"//input[contains(@id ,\"application-billingtransfer-display-component---billingWorkbench--smartFilterBar-btnBasicSearch\")]"}
COMMAND: POST /session/a995b82d0df1730148f5e6c1edf10a41/elements - {"using":"xpath","value":"//input[contains(@id ,\"application-billingtransfer-display-component---billingWorkbench--smartFilterBar-btnBasicSearch\")]"}
RESULT: {"using":"xpath","value":"//input[contains(@id ,\"application-billingtransfer-display-component---billingWorkbench--smartFilterBar-btnBasicSearch\")]"}
COMMAND: POST /session/a995b82d0df1730148f5e6c1edf10a41/elements - {"using":"xpath","value":"//input[contains(@id ,\"application-billingtransfer-display-component---billingWorkbench--smartFilterBar-btnBasicSearch\")]"}
RESULT: {"using":"xpath","value":"//input[contains(@id ,\"application-billingtransfer-display-component---billingWorkbench--smartFilterBar-btnBasicSearch\")]"}
COMMAND: POST /session/a995b82d0df1730148f5e6c1edf10a41/elements - {"using":"xpath","value":"//input[contains(@id ,\"application-billingtransfer-display-component---billingWorkbench--smartFilterBar-btnBasicSearch\")]"}
RESULT: {"using":"xpath","value":"//input[contains(@id ,\"application-billingtransfer-display-component---billingWorkbench--smartFilterBar-btnBasicSearch\")]"}
COMMAND: POST /session/a995b82d0df1730148f5e6c1edf10a41/elements - {"using":"xpath","value":"//input[contains(@id ,\"application-billingtransfer-display-component---billingWorkbench--smartFilterBar-btnBasicSearch\")]"}
RESULT: {"using":"xpath","value":"//input[contains(@id ,\"application-billingtransfer-display-component---billingWorkbench--smartFilterBar-btnBasicSearch\")]"}
COMMAND: POST /session/a995b82d0df1730148f5e6c1edf10a41/elements - {"using":"xpath","value":"//input[contains(@id ,\"application-billingtransfer-display-component---billingWorkbench--smartFilterBar-btnBasicSearch\")]"}
RESULT: {"using":"xpath","value":"//input[contains(@id ,\"application-billingtransfer-display-component---billingWorkbench--smartFilterBar-btnBasicSearch\")]"}
COMMAND: POST /session/a995b82d0df1730148f5e6c1edf10a41/elements - {"using":"xpath","value":"//input[contains(@id ,\"application-billingtransfer-display-component---billingWorkbench--smartFilterBar-btnBasicSearch\")]"}
RESULT: {"using":"xpath","value":"//input[contains(@id ,\"application-billingtransfer-display-component---billingWorkbench--smartFilterBar-btnBasicSearch\")]"}
COMMAND: POST /session/a995b82d0df1730148f5e6c1edf10a41/elements - {"using":"xpath","value":"//input[contains(@id ,\"application-billingtransfer-display-component---billingWorkbench--smartFilterBar-btnBasicSearch\")]"}
RESULT: {"using":"xpath","value":"//input[contains(@id ,\"application-billingtransfer-display-component---billingWorkbench--smartFilterBar-btnBasicSearch\")]"}
COMMAND: POST /session/a995b82d0df1730148f5e6c1edf10a41/elements - {"using":"xpath","value":"//input[contains(@id ,\"application-billingtransfer-display-component---billingWorkbench--smartFilterBar-btnBasicSearch\")]"}
RESULT: {"using":"xpath","value":"//input[contains(@id ,\"application-billingtransfer-display-component---billingWorkbench--smartFilterBar-btnBasicSearch\")]"}
COMMAND: POST /session/a995b82d0df1730148f5e6c1edf10a41/elements - {"using":"xpath","value":"//input[contains(@id ,\"application-billingtransfer-display-component---billingWorkbench--smartFilterBar-btnBasicSearch\")]"}
RESULT: {"using":"xpath","value":"//input[contains(@id ,\"application-billingtransfer-display-component---billingWorkbench--smartFilterBar-btnBasicSearch\")]"}
COMMAND: POST /session/a995b82d0df1730148f5e6c1edf10a41/elements - {"using":"xpath","value":"//input[contains(@id ,\"application-billingtransfer-display-component---billingWorkbench--smartFilterBar-btnBasicSearch\")]"}
RESULT: {"using":"xpath","value":"//input[contains(@id ,\"application-billingtransfer-display-component---billingWorkbench--smartFilterBar-btnBasicSearch\")]"}
COMMAND: POST /session/a995b82d0df1730148f5e6c1edf10a41/elements - {"using":"xpath","value":"//input[contains(@id ,\"application-billingtransfer-display-component---billingWorkbench--smartFilterBar-btnBasicSearch\")]"}
RESULT: {"using":"xpath","value":"//input[contains(@id ,\"application-billingtransfer-display-component---billingWorkbench--smartFilterBar-btnBasicSearch\")]"}
COMMAND: POST /session/a995b82d0df1730148f5e6c1edf10a41/elements - {"using":"xpath","value":"//input[contains(@id ,\"application-billingtransfer-display-component---billingWorkbench--smartFilterBar-btnBasicSearch\")]"}
RESULT: {"using":"xpath","value":"//input[contains(@id ,\"application-billingtransfer-display-component---billingWorkbench--smartFilterBar-btnBasicSearch\")]"}
COMMAND: POST /session/a995b82d0df1730148f5e6c1edf10a41/elements - {"using":"xpath","value":"//input[contains(@id ,\"application-billingtransfer-display-component---billingWorkbench--smartFilterBar-btnBasicSearch\")]"}
RESULT: {"using":"xpath","value":"//input[contains(@id ,\"application-billingtransfer-display-component---billingWorkbench--smartFilterBar-btnBasicSearch\")]"}
COMMAND: POST /session/a995b82d0df1730148f5e6c1edf10a41/elements - {"using":"xpath","value":"//input[contains(@id ,\"application-billingtransfer-display-component---billingWorkbench--smartFilterBar-btnBasicSearch\")]"}
RESULT: {"using":"xpath","value":"//input[contains(@id ,\"application-billingtransfer-display-component---billingWorkbench--smartFilterBar-btnBasicSearch\")]"}
COMMAND: POST /session/a995b82d0df1730148f5e6c1edf10a41/elements - {"using":"xpath","value":"//input[contains(@id ,\"application-billingtransfer-display-component---billingWorkbench--smartFilterBar-btnBasicSearch\")]"}
RESULT: {"using":"xpath","value":"//input[contains(@id ,\"application-billingtransfer-display-component---billingWorkbench--smartFilterBar-btnBasicSearch\")]"}
COMMAND: POST /session/a995b82d0df1730148f5e6c1edf10a41/elements - {"using":"xpath","value":"//input[contains(@id ,\"application-billingtransfer-display-component---billingWorkbench--smartFilterBar-btnBasicSearch\")]"}
RESULT: {"using":"xpath","value":"//input[contains(@id ,\"application-billingtransfer-display-component---billingWorkbench--smartFilterBar-btnBasicSearch\")]"}
COMMAND: POST /session/a995b82d0df1730148f5e6c1edf10a41/elements - {"using":"xpath","value":"//input[contains(@id ,\"application-billingtransfer-display-component---billingWorkbench--smartFilterBar-btnBasicSearch\")]"}
RESULT: {"using":"xpath","value":"//input[contains(@id ,\"application-billingtransfer-display-component---billingWorkbench--smartFilterBar-btnBasicSearch\")]"}
COMMAND: POST /session/a995b82d0df1730148f5e6c1edf10a41/elements - {"using":"xpath","value":"//input[contains(@id ,\"application-billingtransfer-display-component---billingWorkbench--smartFilterBar-btnBasicSearch\")]"}
RESULT: {"using":"xpath","value":"//input[contains(@id ,\"application-billingtransfer-display-component---billingWorkbench--smartFilterBar-btnBasicSearch\")]"}
COMMAND: POST /session/a995b82d0df1730148f5e6c1edf10a41/elements - {"using":"xpath","value":"//input[contains(@id ,\"application-billingtransfer-display-component---billingWorkbench--smartFilterBar-btnBasicSearch\")]"}
RESULT: {"using":"xpath","value":"//input[contains(@id ,\"application-billingtransfer-display-component---billingWorkbench--smartFilterBar-btnBasicSearch\")]"}
COMMAND: POST /session/a995b82d0df1730148f5e6c1edf10a41/elements - {"using":"xpath","value":"//input[contains(@id ,\"application-billingtransfer-display-component---billingWorkbench--smartFilterBar-btnBasicSearch\")]"}
RESULT: {"using":"xpath","value":"//input[contains(@id ,\"application-billingtransfer-display-component---billingWorkbench--smartFilterBar-btnBasicSearch\")]"}
COMMAND: POST /session/a995b82d0df1730148f5e6c1edf10a41/elements - {"using":"xpath","value":"//input[contains(@id ,\"application-billingtransfer-display-component---billingWorkbench--smartFilterBar-btnBasicSearch\")]"}
RESULT: {"using":"xpath","value":"//input[contains(@id ,\"application-billingtransfer-display-component---billingWorkbench--smartFilterBar-btnBasicSearch\")]"}
COMMAND: POST /session/a995b82d0df1730148f5e6c1edf10a41/elements - {"using":"xpath","value":"//input[contains(@id ,\"application-billingtransfer-display-component---billingWorkbench--smartFilterBar-btnBasicSearch\")]"}
RESULT: {"using":"xpath","value":"//input[contains(@id ,\"application-billingtransfer-display-component---billingWorkbench--smartFilterBar-btnBasicSearch\")]"}
COMMAND: POST /session/a995b82d0df1730148f5e6c1edf10a41/elements - {"using":"xpath","value":"//input[contains(@id ,\"application-billingtransfer-display-component---billingWorkbench--smartFilterBar-btnBasicSearch\")]"}
RESULT: {"using":"xpath","value":"//input[contains(@id ,\"application-billingtransfer-display-component---billingWorkbench--smartFilterBar-btnBasicSearch\")]"}
COMMAND: POST /session/a995b82d0df1730148f5e6c1edf10a41/elements - {"using":"xpath","value":"//input[contains(@id ,\"application-billingtransfer-display-component---billingWorkbench--smartFilterBar-btnBasicSearch\")]"}
RESULT: {"using":"xpath","value":"//input[contains(@id ,\"application-billingtransfer-display-component---billingWorkbench--smartFilterBar-btnBasicSearch\")]"}
COMMAND: POST /session/a995b82d0df1730148f5e6c1edf10a41/elements - {"using":"xpath","value":"//input[contains(@id ,\"application-billingtransfer-display-component---billingWorkbench--smartFilterBar-btnBasicSearch\")]"}
RESULT: {"using":"xpath","value":"//input[contains(@id ,\"application-billingtransfer-display-component---billingWorkbench--smartFilterBar-btnBasicSearch\")]"}
COMMAND: POST /session/a995b82d0df1730148f5e6c1edf10a41/elements - {"using":"xpath","value":"//input[contains(@id ,\"application-billingtransfer-display-component---billingWorkbench--smartFilterBar-btnBasicSearch\")]"}
RESULT: {"using":"xpath","value":"//input[contains(@id ,\"application-billingtransfer-display-component---billingWorkbench--smartFilterBar-btnBasicSearch\")]"}
COMMAND: POST /session/a995b82d0df1730148f5e6c1edf10a41/elements - {"using":"xpath","value":"//input[contains(@id ,\"application-billingtransfer-display-component---billingWorkbench--smartFilterBar-btnBasicSearch\")]"}
RESULT: {"using":"xpath","value":"//input[contains(@id ,\"application-billingtransfer-display-component---billingWorkbench--smartFilterBar-btnBasicSearch\")]"}
COMMAND: POST /session/a995b82d0df1730148f5e6c1edf10a41/elements - {"using":"xpath","value":"//input[contains(@id ,\"application-billingtransfer-display-component---billingWorkbench--smartFilterBar-btnBasicSearch\")]"}
RESULT: {"using":"xpath","value":"//input[contains(@id ,\"application-billingtransfer-display-component---billingWorkbench--smartFilterBar-btnBasicSearch\")]"}
COMMAND: POST /session/a995b82d0df1730148f5e6c1edf10a41/elements - {"using":"xpath","value":"//input[contains(@id ,\"application-billingtransfer-display-component---billingWorkbench--smartFilterBar-btnBasicSearch\")]"}
RESULT: {"using":"xpath","value":"//input[contains(@id ,\"application-billingtransfer-display-component---billingWorkbench--smartFilterBar-btnBasicSearch\")]"}
COMMAND: POST /session/a995b82d0df1730148f5e6c1edf10a41/elements - {"using":"xpath","value":"//input[contains(@id ,\"application-billingtransfer-display-component---billingWorkbench--smartFilterBar-btnBasicSearch\")]"}
RESULT: {"using":"xpath","value":"//input[contains(@id ,\"application-billingtransfer-display-component---billingWorkbench--smartFilterBar-btnBasicSearch\")]"}
COMMAND: POST /session/a995b82d0df1730148f5e6c1edf10a41/elements - {"using":"xpath","value":"//input[contains(@id ,\"application-billingtransfer-display-component---billingWorkbench--smartFilterBar-btnBasicSearch\")]"}
RESULT: {"using":"xpath","value":"//input[contains(@id ,\"application-billingtransfer-display-component---billingWorkbench--smartFilterBar-btnBasicSearch\")]"}
COMMAND: POST /session/a995b82d0df1730148f5e6c1edf10a41/elements - {"using":"xpath","value":"//input[contains(@id ,\"application-billingtransfer-display-component---billingWorkbench--smartFilterBar-btnBasicSearch\")]"}
RESULT: {"using":"xpath","value":"//input[contains(@id ,\"application-billingtransfer-display-component---billingWorkbench--smartFilterBar-btnBasicSearch\")]"}
COMMAND: POST /session/a995b82d0df1730148f5e6c1edf10a41/elements - {"using":"xpath","value":"//input[contains(@id ,\"application-billingtransfer-display-component---billingWorkbench--smartFilterBar-btnBasicSearch\")]"}
RESULT: {"using":"xpath","value":"//input[contains(@id ,\"application-billingtransfer-display-component---billingWorkbench--smartFilterBar-btnBasicSearch\")]"}
COMMAND: POST /session/a995b82d0df1730148f5e6c1edf10a41/elements - {"using":"xpath","value":"//input[contains(@id ,\"application-billingtransfer-display-component---billingWorkbench--smartFilterBar-btnBasicSearch\")]"}
RESULT: {"using":"xpath","value":"//input[contains(@id ,\"application-billingtransfer-display-component---billingWorkbench--smartFilterBar-btnBasicSearch\")]"}
COMMAND: POST /session/a995b82d0df1730148f5e6c1edf10a41/elements - {"using":"xpath","value":"//input[contains(@id ,\"application-billingtransfer-display-component---billingWorkbench--smartFilterBar-btnBasicSearch\")]"}
RESULT: {"using":"xpath","value":"//input[contains(@id ,\"application-billingtransfer-display-component---billingWorkbench--smartFilterBar-btnBasicSearch\")]"}
COMMAND: POST /session/a995b82d0df1730148f5e6c1edf10a41/elements - {"using":"xpath","value":"//input[contains(@id ,\"application-billingtransfer-display-component---billingWorkbench--smartFilterBar-btnBasicSearch\")]"}
RESULT: {"using":"xpath","value":"//input[contains(@id ,\"application-billingtransfer-display-component---billingWorkbench--smartFilterBar-btnBasicSearch\")]"}
COMMAND: POST /session/a995b82d0df1730148f5e6c1edf10a41/elements - {"using":"xpath","value":"//input[contains(@id ,\"application-billingtransfer-display-component---billingWorkbench--smartFilterBar-btnBasicSearch\")]"}
RESULT: {"using":"xpath","value":"//input[contains(@id ,\"application-billingtransfer-display-component---billingWorkbench--smartFilterBar-btnBasicSearch\")]"}
COMMAND: POST /session/a995b82d0df1730148f5e6c1edf10a41/elements - {"using":"xpath","value":"//input[contains(@id ,\"application-billingtransfer-display-component---billingWorkbench--smartFilterBar-btnBasicSearch\")]"}
RESULT: {"using":"xpath","value":"//input[contains(@id ,\"application-billingtransfer-display-component---billingWorkbench--smartFilterBar-btnBasicSearch\")]"}
COMMAND: POST /session/a995b82d0df1730148f5e6c1edf10a41/elements - {"using":"xpath","value":"//input[contains(@id ,\"application-billingtransfer-display-component---billingWorkbench--smartFilterBar-btnBasicSearch\")]"}
RESULT: {"using":"xpath","value":"//input[contains(@id ,\"application-billingtransfer-display-component---billingWorkbench--smartFilterBar-btnBasicSearch\")]"}
COMMAND: POST /session/a995b82d0df1730148f5e6c1edf10a41/elements - {"using":"xpath","value":"//input[contains(@id ,\"application-billingtransfer-display-component---billingWorkbench--smartFilterBar-btnBasicSearch\")]"}
RESULT: {"using":"xpath","value":"//input[contains(@id ,\"application-billingtransfer-display-component---billingWorkbench--smartFilterBar-btnBasicSearch\")]"}
COMMAND: POST /session/a995b82d0df1730148f5e6c1edf10a41/elements - {"using":"xpath","value":"//input[contains(@id ,\"application-billingtransfer-display-component---billingWorkbench--smartFilterBar-btnBasicSearch\")]"}
RESULT: {"using":"xpath","value":"//input[contains(@id ,\"application-billingtransfer-display-component---billingWorkbench--smartFilterBar-btnBasicSearch\")]"}
COMMAND: POST /session/a995b82d0df1730148f5e6c1edf10a41/elements - {"using":"xpath","value":"//input[contains(@id ,\"application-billingtransfer-display-component---billingWorkbench--smartFilterBar-btnBasicSearch\")]"}
RESULT: {"using":"xpath","value":"//input[contains(@id ,\"application-billingtransfer-display-component---billingWorkbench--smartFilterBar-btnBasicSearch\")]"}
COMMAND: POST /session/a995b82d0df1730148f5e6c1edf10a41/elements - {"using":"xpath","value":"//input[contains(@id ,\"application-billingtransfer-display-component---billingWorkbench--smartFilterBar-btnBasicSearch\")]"}
RESULT: {"using":"xpath","value":"//input[contains(@id ,\"application-billingtransfer-display-component---billingWorkbench--smartFilterBar-btnBasicSearch\")]"}
COMMAND: POST /session/a995b82d0df1730148f5e6c1edf10a41/elements - {"using":"xpath","value":"//input[contains(@id ,\"application-billingtransfer-display-component---billingWorkbench--smartFilterBar-btnBasicSearch\")]"}
RESULT: {"using":"xpath","value":"//input[contains(@id ,\"application-billingtransfer-display-component---billingWorkbench--smartFilterBar-btnBasicSearch\")]"}
COMMAND: POST /session/a995b82d0df1730148f5e6c1edf10a41/elements - {"using":"xpath","value":"//input[contains(@id ,\"application-billingtransfer-display-component---billingWorkbench--smartFilterBar-btnBasicSearch\")]"}
RESULT: {"using":"xpath","value":"//input[contains(@id ,\"application-billingtransfer-display-component---billingWorkbench--smartFilterBar-btnBasicSearch\")]"}
COMMAND: POST /session/a995b82d0df1730148f5e6c1edf10a41/elements - {"using":"xpath","value":"//input[contains(@id ,\"application-billingtransfer-display-component---billingWorkbench--smartFilterBar-btnBasicSearch\")]"}
RESULT: {"using":"xpath","value":"//input[contains(@id ,\"application-billingtransfer-display-component---billingWorkbench--smartFilterBar-btnBasicSearch\")]"}
COMMAND: POST /session/a995b82d0df1730148f5e6c1edf10a41/elements - {"using":"xpath","value":"//input[contains(@id ,\"application-billingtransfer-display-component---billingWorkbench--smartFilterBar-btnBasicSearch\")]"}
RESULT: {"using":"xpath","value":"//input[contains(@id ,\"application-billingtransfer-display-component---billingWorkbench--smartFilterBar-btnBasicSearch\")]"}
COMMAND: POST /session/a995b82d0df1730148f5e6c1edf10a41/elements - {"using":"xpath","value":"//input[contains(@id ,\"application-billingtransfer-display-component---billingWorkbench--smartFilterBar-btnBasicSearch\")]"}
RESULT: {"using":"xpath","value":"//input[contains(@id ,\"application-billingtransfer-display-component---billingWorkbench--smartFilterBar-btnBasicSearch\")]"}
COMMAND: POST /session/a995b82d0df1730148f5e6c1edf10a41/elements - {"using":"xpath","value":"//input[contains(@id ,\"application-billingtransfer-display-component---billingWorkbench--smartFilterBar-btnBasicSearch\")]"}
RESULT: {"using":"xpath","value":"//input[contains(@id ,\"application-billingtransfer-display-component---billingWorkbench--smartFilterBar-btnBasicSearch\")]"}
COMMAND: POST /session/a995b82d0df1730148f5e6c1edf10a41/elements - {"using":"xpath","value":"//input[contains(@id ,\"application-billingtransfer-display-component---billingWorkbench--smartFilterBar-btnBasicSearch\")]"}
RESULT: {"using":"xpath","value":"//input[contains(@id ,\"application-billingtransfer-display-component---billingWorkbench--smartFilterBar-btnBasicSearch\")]"}
COMMAND: POST /session/a995b82d0df1730148f5e6c1edf10a41/elements - {"using":"xpath","value":"//input[contains(@id ,\"application-billingtransfer-display-component---billingWorkbench--smartFilterBar-btnBasicSearch\")]"}
RESULT: {"using":"xpath","value":"//input[contains(@id ,\"application-billingtransfer-display-component---billingWorkbench--smartFilterBar-btnBasicSearch\")]"}
COMMAND: POST /session/a995b82d0df1730148f5e6c1edf10a41/elements - {"using":"xpath","value":"//input[contains(@id ,\"application-billingtransfer-display-component---billingWorkbench--smartFilterBar-btnBasicSearch\")]"}
RESULT: {"using":"xpath","value":"//input[contains(@id ,\"application-billingtransfer-display-component---billingWorkbench--smartFilterBar-btnBasicSearch\")]"}
COMMAND: POST /session/a995b82d0df1730148f5e6c1edf10a41/elements - {"using":"xpath","value":"//input[contains(@id ,\"application-billingtransfer-display-component---billingWorkbench--smartFilterBar-btnBasicSearch\")]"}
RESULT: {"using":"xpath","value":"//input[contains(@id ,\"application-billingtransfer-display-component---billingWorkbench--smartFilterBar-btnBasicSearch\")]"}
COMMAND: POST /session/a995b82d0df1730148f5e6c1edf10a41/elements - {"using":"xpath","value":"//input[contains(@id ,\"application-billingtransfer-display-component---billingWorkbench--smartFilterBar-btnBasicSearch\")]"}
RESULT: {"using":"xpath","value":"//input[contains(@id ,\"application-billingtransfer-display-component---billingWorkbench--smartFilterBar-btnBasicSearch\")]"}
COMMAND: POST /session/a995b82d0df1730148f5e6c1edf10a41/elements - {"using":"xpath","value":"//input[contains(@id ,\"application-billingtransfer-display-component---billingWorkbench--smartFilterBar-btnBasicSearch\")]"}
RESULT: {"using":"xpath","value":"//input[contains(@id ,\"application-billingtransfer-display-component---billingWorkbench--smartFilterBar-btnBasicSearch\")]"}
COMMAND: POST /session/a995b82d0df1730148f5e6c1edf10a41/elements - {"using":"xpath","value":"//input[contains(@id ,\"application-billingtransfer-display-component---billingWorkbench--smartFilterBar-btnBasicSearch\")]"}
RESULT: {"using":"xpath","value":"//input[contains(@id ,\"application-billingtransfer-display-component---billingWorkbench--smartFilterBar-btnBasicSearch\")]"}
COMMAND: POST /session/a995b82d0df1730148f5e6c1edf10a41/elements - {"using":"xpath","value":"//input[contains(@id ,\"application-billingtransfer-display-component---billingWorkbench--smartFilterBar-btnBasicSearch\")]"}
RESULT: {"using":"xpath","value":"//input[contains(@id ,\"application-billingtransfer-display-component---billingWorkbench--smartFilterBar-btnBasicSearch\")]"}
COMMAND: POST /session/a995b82d0df1730148f5e6c1edf10a41/elements - {"using":"xpath","value":"//input[contains(@id ,\"application-billingtransfer-display-component---billingWorkbench--smartFilterBar-btnBasicSearch\")]"}
RESULT: {"using":"xpath","value":"//input[contains(@id ,\"application-billingtransfer-display-component---billingWorkbench--smartFilterBar-btnBasicSearch\")]"}
COMMAND: POST /session/a995b82d0df1730148f5e6c1edf10a41/elements - {"using":"xpath","value":"//input[contains(@id ,\"application-billingtransfer-display-component---billingWorkbench--smartFilterBar-btnBasicSearch\")]"}
RESULT: {"using":"xpath","value":"//input[contains(@id ,\"application-billingtransfer-display-component---billingWorkbench--smartFilterBar-btnBasicSearch\")]"}
COMMAND: POST /session/a995b82d0df1730148f5e6c1edf10a41/elements - {"using":"xpath","value":"//input[contains(@id ,\"application-billingtransfer-display-component---billingWorkbench--smartFilterBar-btnBasicSearch\")]"}
RESULT: {"using":"xpath","value":"//input[contains(@id ,\"application-billingtransfer-display-component---billingWorkbench--smartFilterBar-btnBasicSearch\")]"}
COMMAND: POST /session/a995b82d0df1730148f5e6c1edf10a41/elements - {"using":"xpath","value":"//input[contains(@id ,\"application-billingtransfer-display-component---billingWorkbench--smartFilterBar-btnBasicSearch\")]"}
RESULT: {"using":"xpath","value":"//input[contains(@id ,\"application-billingtransfer-display-component---billingWorkbench--smartFilterBar-btnBasicSearch\")]"}
COMMAND: POST /session/a995b82d0df1730148f5e6c1edf10a41/elements - {"using":"xpath","value":"//input[contains(@id ,\"application-billingtransfer-display-component---billingWorkbench--smartFilterBar-btnBasicSearch\")]"}
RESULT: {"using":"xpath","value":"//input[contains(@id ,\"application-billingtransfer-display-component---billingWorkbench--smartFilterBar-btnBasicSearch\")]"}
COMMAND: POST /session/a995b82d0df1730148f5e6c1edf10a41/elements - {"using":"xpath","value":"//input[contains(@id ,\"application-billingtransfer-display-component---billingWorkbench--smartFilterBar-btnBasicSearch\")]"}
RESULT: {"using":"xpath","value":"//input[contains(@id ,\"application-billingtransfer-display-component---billingWorkbench--smartFilterBar-btnBasicSearch\")]"}
COMMAND: POST /session/a995b82d0df1730148f5e6c1edf10a41/elements - {"using":"xpath","value":"//input[contains(@id ,\"application-billingtransfer-display-component---billingWorkbench--smartFilterBar-btnBasicSearch\")]"}
RESULT: {"using":"xpath","value":"//input[contains(@id ,\"application-billingtransfer-display-component---billingWorkbench--smartFilterBar-btnBasicSearch\")]"}
COMMAND: POST /session/a995b82d0df1730148f5e6c1edf10a41/elements - {"using":"xpath","value":"//input[contains(@id ,\"application-billingtransfer-display-component---billingWorkbench--smartFilterBar-btnBasicSearch\")]"}
RESULT: {"using":"xpath","value":"//input[contains(@id ,\"application-billingtransfer-display-component---billingWorkbench--smartFilterBar-btnBasicSearch\")]"}
COMMAND: POST /session/a995b82d0df1730148f5e6c1edf10a41/elements - {"using":"xpath","value":"//input[contains(@id ,\"application-billingtransfer-display-component---billingWorkbench--smartFilterBar-btnBasicSearch\")]"}
RESULT: {"using":"xpath","value":"//input[contains(@id ,\"application-billingtransfer-display-component---billingWorkbench--smartFilterBar-btnBasicSearch\")]"}
COMMAND: POST /session/a995b82d0df1730148f5e6c1edf10a41/elements - {"using":"xpath","value":"//input[contains(@id ,\"application-billingtransfer-display-component---billingWorkbench--smartFilterBar-btnBasicSearch\")]"}
RESULT: {"using":"xpath","value":"//input[contains(@id ,\"application-billingtransfer-display-component---billingWorkbench--smartFilterBar-btnBasicSearch\")]"}
COMMAND: POST /session/a995b82d0df1730148f5e6c1edf10a41/elements - {"using":"xpath","value":"//input[contains(@id ,\"application-billingtransfer-display-component---billingWorkbench--smartFilterBar-btnBasicSearch\")]"}
RESULT: {"using":"xpath","value":"//input[contains(@id ,\"application-billingtransfer-display-component---billingWorkbench--smartFilterBar-btnBasicSearch\")]"}
COMMAND: POST /session/a995b82d0df1730148f5e6c1edf10a41/elements - {"using":"xpath","value":"//input[contains(@id ,\"application-billingtransfer-display-component---billingWorkbench--smartFilterBar-btnBasicSearch\")]"}
RESULT: {"using":"xpath","value":"//input[contains(@id ,\"application-billingtransfer-display-component---billingWorkbench--smartFilterBar-btnBasicSearch\")]"}
COMMAND: POST /session/a995b82d0df1730148f5e6c1edf10a41/elements - {"using":"xpath","value":"//input[contains(@id ,\"application-billingtransfer-display-component---billingWorkbench--smartFilterBar-btnBasicSearch\")]"}
RESULT: {"using":"xpath","value":"//input[contains(@id ,\"application-billingtransfer-display-component---billingWorkbench--smartFilterBar-btnBasicSearch\")]"}
COMMAND: POST /session/a995b82d0df1730148f5e6c1edf10a41/elements - {"using":"xpath","value":"//input[contains(@id ,\"application-billingtransfer-display-component---billingWorkbench--smartFilterBar-btnBasicSearch\")]"}
RESULT: {"using":"xpath","value":"//input[contains(@id ,\"application-billingtransfer-display-component---billingWorkbench--smartFilterBar-btnBasicSearch\")]"}
COMMAND: POST /session/a995b82d0df1730148f5e6c1edf10a41/elements - {"using":"xpath","value":"//input[contains(@id ,\"application-billingtransfer-display-component---billingWorkbench--smartFilterBar-btnBasicSearch\")]"}
RESULT: {"using":"xpath","value":"//input[contains(@id ,\"application-billingtransfer-display-component---billingWorkbench--smartFilterBar-btnBasicSearch\")]"}
COMMAND: POST /session/a995b82d0df1730148f5e6c1edf10a41/elements - {"using":"xpath","value":"//input[contains(@id ,\"application-billingtransfer-display-component---billingWorkbench--smartFilterBar-btnBasicSearch\")]"}
RESULT: {"using":"xpath","value":"//input[contains(@id ,\"application-billingtransfer-display-component---billingWorkbench--smartFilterBar-btnBasicSearch\")]"}
COMMAND: POST /session/a995b82d0df1730148f5e6c1edf10a41/elements - {"using":"xpath","value":"//input[contains(@id ,\"application-billingtransfer-display-component---billingWorkbench--smartFilterBar-btnBasicSearch\")]"}
RESULT: {"using":"xpath","value":"//input[contains(@id ,\"application-billingtransfer-display-component---billingWorkbench--smartFilterBar-btnBasicSearch\")]"}
COMMAND: POST /session/a995b82d0df1730148f5e6c1edf10a41/elements - {"using":"xpath","value":"//input[contains(@id ,\"application-billingtransfer-display-component---billingWorkbench--smartFilterBar-btnBasicSearch\")]"}
RESULT: {"using":"xpath","value":"//input[contains(@id ,\"application-billingtransfer-display-component---billingWorkbench--smartFilterBar-btnBasicSearch\")]"}
COMMAND: POST /session/a995b82d0df1730148f5e6c1edf10a41/elements - {"using":"xpath","value":"//input[contains(@id ,\"application-billingtransfer-display-component---billingWorkbench--smartFilterBar-btnBasicSearch\")]"}
RESULT: {"using":"xpath","value":"//input[contains(@id ,\"application-billingtransfer-display-component---billingWorkbench--smartFilterBar-btnBasicSearch\")]"}
COMMAND: POST /session/a995b82d0df1730148f5e6c1edf10a41/elements - {"using":"xpath","value":"//input[contains(@id ,\"application-billingtransfer-display-component---billingWorkbench--smartFilterBar-btnBasicSearch\")]"}
RESULT: {"using":"xpath","value":"//input[contains(@id ,\"application-billingtransfer-display-component---billingWorkbench--smartFilterBar-btnBasicSearch\")]"}
COMMAND: POST /session/a995b82d0df1730148f5e6c1edf10a41/elements - {"using":"xpath","value":"//input[contains(@id ,\"application-billingtransfer-display-component---billingWorkbench--smartFilterBar-btnBasicSearch\")]"}
RESULT: {"using":"xpath","value":"//input[contains(@id ,\"application-billingtransfer-display-component---billingWorkbench--smartFilterBar-btnBasicSearch\")]"}
COMMAND: POST /session/a995b82d0df1730148f5e6c1edf10a41/elements - {"using":"xpath","value":"//input[contains(@id ,\"application-billingtransfer-display-component---billingWorkbench--smartFilterBar-btnBasicSearch\")]"}
RESULT: {"using":"xpath","value":"//input[contains(@id ,\"application-billingtransfer-display-component---billingWorkbench--smartFilterBar-btnBasicSearch\")]"}
COMMAND: POST /session/a995b82d0df1730148f5e6c1edf10a41/elements - {"using":"xpath","value":"//input[contains(@id ,\"application-billingtransfer-display-component---billingWorkbench--smartFilterBar-btnBasicSearch\")]"}
COMMAND: GET /session/a995b82d0df1730148f5e6c1edf10a41/screenshot - {}
RESULT: {"using":"xpath","value":"//input[contains(@id ,\"application-billingtransfer-display-component---billingWorkbench--smartFilterBar-btnBasicSearch\")]"}
RESULT: {}
COMMAND: POST /session/a995b82d0df1730148f5e6c1edf10a41/element - {"using":"css selector","value":"#j_username"}
COMMAND: POST /session/a995b82d0df1730148f5e6c1edf10a41/url - {"url":"https://qa-testing-00-live-etm-ui.cfapps.eu10-004.hana.ondemand.com/"}
COMMAND: GET /session/a995b82d0df1730148f5e6c1edf10a41/screenshot - {}
COMMAND: GET /session/a995b82d0df1730148f5e6c1edf10a41/screenshot - {}
RESULT: {"url":"https://qa-testing-00-live-etm-ui.cfapps.eu10-004.hana.ondemand.com/"}
RESULT: undefined
COMMAND: GET /session/a995b82d0df1730148f5e6c1edf10a41/screenshot - {}
RESULT: {"using":"css selector","value":"#j_username"}
COMMAND: POST /session/a995b82d0df1730148f5e6c1edf10a41/element - {"using":"css selector","value":"#j_username"}
RESULT: {}
RESULT: {}
RESULT: {}
RESULT: {"using":"css selector","value":"#j_username"}
COMMAND: POST /session/a995b82d0df1730148f5e6c1edf10a41/element - {"using":"css selector","value":"#shell-header-logo"}
RESULT: {"using":"css selector","value":"#shell-header-logo"}
COMMAND: POST /session/a995b82d0df1730148f5e6c1edf10a41/execute/sync - {"script":"<script> [8489 bytes]","args":[{"element-6066-11e4-a52e-4f735466cecf":"f.5AF93869D51CACD0ED0B7A3F3CCEB8C6.d.460367735A0692C71B36D9732A21E496.e.6359","ELEMENT":"f.5AF93869D51CACD0ED0B7A3F3CCEB8C6.d.460367735A0692C71B36D9732A21E496.e.6359"}]}
RESULT: {"script":"<script> [8489 bytes]","args":[{"element-6066-11e4-a52e-4f735466cecf":"f.5AF93869D51CACD0ED0B7A3F3CCEB8C6.d.460367735A0692C71B36D9732A21E496.e.6359","ELEMENT":"f.5AF93869D51CACD0ED0B7A3F3CCEB8C6.d.460367735A0692C71B36D9732A21E496.e.6359"}]}
COMMAND: POST /session/a995b82d0df1730148f5e6c1edf10a41/element - {"using":"css selector","value":"#shell-header-logo"}
COMMAND: GET /session/a995b82d0df1730148f5e6c1edf10a41/screenshot - {}
RESULT: {"using":"css selector","value":"#shell-header-logo"}
COMMAND: POST /session/a995b82d0df1730148f5e6c1edf10a41/execute/sync - {"script":"<script> [8489 bytes]","args":[{"element-6066-11e4-a52e-4f735466cecf":"f.5AF93869D51CACD0ED0B7A3F3CCEB8C6.d.460367735A0692C71B36D9732A21E496.e.6359","ELEMENT":"f.5AF93869D51CACD0ED0B7A3F3CCEB8C6.d.460367735A0692C71B36D9732A21E496.e.6359"}]}
RESULT: {}
RESULT: {"script":"<script> [8489 bytes]","args":[{"element-6066-11e4-a52e-4f735466cecf":"f.5AF93869D51CACD0ED0B7A3F3CCEB8C6.d.460367735A0692C71B36D9732A21E496.e.6359","ELEMENT":"f.5AF93869D51CACD0ED0B7A3F3CCEB8C6.d.460367735A0692C71B36D9732A21E496.e.6359"}]}
COMMAND: POST /session/a995b82d0df1730148f5e6c1edf10a41/execute/sync - {"script":"<script> [5351 bytes]","args":[{"element-6066-11e4-a52e-4f735466cecf":"f.5AF93869D51CACD0ED0B7A3F3CCEB8C6.d.460367735A0692C71B36D9732A21E496.e.6359","ELEMENT":"f.5AF93869D51CACD0ED0B7A3F3CCEB8C6.d.460367735A0692C71B36D9732A21E496.e.6359"}]}
COMMAND: GET /session/a995b82d0df1730148f5e6c1edf10a41/screenshot - {}
RESULT: {"script":"<script> [5351 bytes]","args":[{"element-6066-11e4-a52e-4f735466cecf":"f.5AF93869D51CACD0ED0B7A3F3CCEB8C6.d.460367735A0692C71B36D9732A21E496.e.6359","ELEMENT":"f.5AF93869D51CACD0ED0B7A3F3CCEB8C6.d.460367735A0692C71B36D9732A21E496.e.6359"}]}
COMMAND: POST /session/a995b82d0df1730148f5e6c1edf10a41/element - {"using":"css selector","value":"#shell-header-logo"}
COMMAND: GET /session/a995b82d0df1730148f5e6c1edf10a41/screenshot - {}
RESULT: {}
RESULT: {"using":"css selector","value":"#shell-header-logo"}
COMMAND: POST /session/a995b82d0df1730148f5e6c1edf10a41/element/f.5AF93869D51CACD0ED0B7A3F3CCEB8C6.d.460367735A0692C71B36D9732A21E496.e.6359/click - {}
RESULT: {}
RESULT: {}
COMMAND: GET /session/a995b82d0df1730148f5e6c1edf10a41/screenshot - {}
RESULT: {}
COMMAND: POST /session/a995b82d0df1730148f5e6c1edf10a41/execute/async - {"script":"<script> [189 bytes]","args":[]}
RESULT: {"script":"<script> [189 bytes]","args":[]}
COMMAND: POST /session/a995b82d0df1730148f5e6c1edf10a41/execute/async - {"script":"<script> [123 bytes]","args":[]}
RESULT: {"script":"<script> [123 bytes]","args":[]}
COMMAND: POST /session/a995b82d0df1730148f5e6c1edf10a41/timeouts - {"script":"<number>"}
RESULT: {"script":"<number>"}
COMMAND: GET /session/a995b82d0df1730148f5e6c1edf10a41/timeouts - {}
RESULT: {}
RESULT: undefined
COMMAND: POST /session/a995b82d0df1730148f5e6c1edf10a41/execute/async - {"script":"<script> [2676 bytes]","args":[]}
RESULT: {"script":"<script> [2676 bytes]","args":[]}
COMMAND: POST /session/a995b82d0df1730148f5e6c1edf10a41/execute/async - {"script":"<script> [2342 bytes]","args":[{"protocol":"http","hostname":"0.0.0.0","path":"/","capabilities":{"browserName":"chrome","goog:chromeOptions":{"binary":"C:\\Program Files\\Google\\Chrome\\Application\\chrome.exe","args":["--start-maximized"]}},"logLevel":"warn","connectionRetryTimeout":120000,"connectionRetryCount":3,"logLevels":{},"enableDirectConnect":true,"strictSSL":true,"_":"65 more keys: [\"cacheDir\",\"port\",\"requestedCapabilities\",\"automationProtocol\",\"baseUrl\",\"waitforInterval\",\"waitforTimeout\",\"onReload\",\"beforeCommand\",\"afterCommand\",\"rootDir\",\"specs\",\"suites\",\"exclude\",\"groupLogsByTestSpec\",\"excludeDriverLogs\",\"bail\",\"framework\",\"reporters\",\"services\",\"maxInstances\",\"maxInstancesPerCapability\",\"injectGlobals\",\"filesToWatch\",\"execArgv\",\"runnerEnv\",\"runner\",\"shard\",\"specFileRetries\",\"specFileRetriesDelay\",\"specFileRetriesDeferred\",\"reporterSyncInterval\",\"reporterSyncTimeout\",\"cucumberFeaturesWithLineNumbers\",\"autoCompileOpts\",\"mochaOpts\",\"jasmineOpts\",\"cucumberOpts\",\"onPrepare\",\"onWorkerStart\",\"onWorkerEnd\",\"before\",\"beforeSession\",\"beforeSuite\",\"beforeHook\",\"beforeTest\",\"afterTest\",\"afterHook\",\"afterSuite\",\"afterSession\",\"after\",\"onComplete\",\"beforeAssertion\",\"afterAssertion\",\"beforeFeature\",\"beforeScenario\",\"beforeStep\",\"afterStep\",\"afterScenario\",\"afterFeature\",\"_\",\"suite\",\"$0\",\"ignoredWorkerServices\",\"wdi5\"]"}]}
RESULT: {"script":"<script> [2342 bytes]","args":[{"protocol":"http","hostname":"0.0.0.0","path":"/","capabilities":{"browserName":"chrome","goog:chromeOptions":{"binary":"C:\\Program Files\\Google\\Chrome\\Application\\chrome.exe","args":["--start-maximized"]}},"logLevel":"warn","connectionRetryTimeout":120000,"connectionRetryCount":3,"logLevels":{},"enableDirectConnect":true,"strictSSL":true,"_":"65 more keys: [\"cacheDir\",\"port\",\"requestedCapabilities\",\"automationProtocol\",\"baseUrl\",\"waitforInterval\",\"waitforTimeout\",\"onReload\",\"beforeCommand\",\"afterCommand\",\"rootDir\",\"specs\",\"suites\",\"exclude\",\"groupLogsByTestSpec\",\"excludeDriverLogs\",\"bail\",\"framework\",\"reporters\",\"services\",\"maxInstances\",\"maxInstancesPerCapability\",\"injectGlobals\",\"filesToWatch\",\"execArgv\",\"runnerEnv\",\"runner\",\"shard\",\"specFileRetries\",\"specFileRetriesDelay\",\"specFileRetriesDeferred\",\"reporterSyncInterval\",\"reporterSyncTimeout\",\"cucumberFeaturesWithLineNumbers\",\"autoCompileOpts\",\"mochaOpts\",\"jasmineOpts\",\"cucumberOpts\",\"onPrepare\",\"onWorkerStart\",\"onWorkerEnd\",\"before\",\"beforeSession\",\"beforeSuite\",\"beforeHook\",\"beforeTest\",\"afterTest\",\"afterHook\",\"afterSuite\",\"afterSession\",\"after\",\"onComplete\",\"beforeAssertion\",\"afterAssertion\",\"beforeFeature\",\"beforeScenario\",\"beforeStep\",\"afterStep\",\"afterScenario\",\"afterFeature\",\"_\",\"suite\",\"$0\",\"ignoredWorkerServices\",\"wdi5\"]"}]}
COMMAND: POST /session/a995b82d0df1730148f5e6c1edf10a41/execute/async - {"script":"<script> [21126 bytes]","args":[35000]}
RESULT: {"script":"<script> [21126 bytes]","args":[35000]}
COMMAND: POST /session/a995b82d0df1730148f5e6c1edf10a41/window/maximize - {}
RESULT: {}
COMMAND: POST /session/a995b82d0df1730148f5e6c1edf10a41/execute/async - {"script":"<script> [1562 bytes]","args":[{"selector":{"id":"shell-header","interaction":{"idSuffix":"icon"}},"wdio_ui5_key":"shellheader"}]}
COMMAND: GET /session/a995b82d0df1730148f5e6c1edf10a41/screenshot - {}
RESULT: {"script":"<script> [1562 bytes]","args":[{"selector":{"id":"shell-header","interaction":{"idSuffix":"icon"}},"wdio_ui5_key":"shellheader"}]}
RESULT: undefined
COMMAND: POST /session/a995b82d0df1730148f5e6c1edf10a41/refresh - {}
RESULT: {}
RESULT: {}
COMMAND: GET /session/a995b82d0df1730148f5e6c1edf10a41/screenshot - {}
RESULT: {}
COMMAND: POST /session/a995b82d0df1730148f5e6c1edf10a41/refresh - {}
RESULT: {}
COMMAND: GET /session/a995b82d0df1730148f5e6c1edf10a41/screenshot - {}
RESULT: {}
COMMAND: POST /session/a995b82d0df1730148f5e6c1edf10a41/window/fullscreen - {}
RESULT: {}
COMMAND: POST /session/a995b82d0df1730148f5e6c1edf10a41/execute/async - {"script":"<script> [189 bytes]","args":[]}
RESULT: {"script":"<script> [189 bytes]","args":[]}
COMMAND: POST /session/a995b82d0df1730148f5e6c1edf10a41/execute/async - {"script":"<script> [123 bytes]","args":[]}
RESULT: {"script":"<script> [123 bytes]","args":[]}
COMMAND: POST /session/a995b82d0df1730148f5e6c1edf10a41/timeouts - {"script":"<number>"}
RESULT: {"script":"<number>"}
COMMAND: GET /session/a995b82d0df1730148f5e6c1edf10a41/timeouts - {}
RESULT: {}
RESULT: undefined
COMMAND: POST /session/a995b82d0df1730148f5e6c1edf10a41/execute/async - {"script":"<script> [2676 bytes]","args":[]}
RESULT: {"script":"<script> [2676 bytes]","args":[]}
COMMAND: POST /session/a995b82d0df1730148f5e6c1edf10a41/execute/async - {"script":"<script> [2342 bytes]","args":[{"protocol":"http","hostname":"0.0.0.0","path":"/","capabilities":{"browserName":"chrome","goog:chromeOptions":{"binary":"C:\\Program Files\\Google\\Chrome\\Application\\chrome.exe","args":["--start-maximized"]}},"logLevel":"warn","connectionRetryTimeout":120000,"connectionRetryCount":3,"logLevels":{},"enableDirectConnect":true,"strictSSL":true,"_":"65 more keys: [\"cacheDir\",\"port\",\"requestedCapabilities\",\"automationProtocol\",\"baseUrl\",\"waitforInterval\",\"waitforTimeout\",\"onReload\",\"beforeCommand\",\"afterCommand\",\"rootDir\",\"specs\",\"suites\",\"exclude\",\"groupLogsByTestSpec\",\"excludeDriverLogs\",\"bail\",\"framework\",\"reporters\",\"services\",\"maxInstances\",\"maxInstancesPerCapability\",\"injectGlobals\",\"filesToWatch\",\"execArgv\",\"runnerEnv\",\"runner\",\"shard\",\"specFileRetries\",\"specFileRetriesDelay\",\"specFileRetriesDeferred\",\"reporterSyncInterval\",\"reporterSyncTimeout\",\"cucumberFeaturesWithLineNumbers\",\"autoCompileOpts\",\"mochaOpts\",\"jasmineOpts\",\"cucumberOpts\",\"onPrepare\",\"onWorkerStart\",\"onWorkerEnd\",\"before\",\"beforeSession\",\"beforeSuite\",\"beforeHook\",\"beforeTest\",\"afterTest\",\"afterHook\",\"afterSuite\",\"afterSession\",\"after\",\"onComplete\",\"beforeAssertion\",\"afterAssertion\",\"beforeFeature\",\"beforeScenario\",\"beforeStep\",\"afterStep\",\"afterScenario\",\"afterFeature\",\"_\",\"suite\",\"$0\",\"ignoredWorkerServices\",\"wdi5\"]"}]}
RESULT: {"script":"<script> [2342 bytes]","args":[{"protocol":"http","hostname":"0.0.0.0","path":"/","capabilities":{"browserName":"chrome","goog:chromeOptions":{"binary":"C:\\Program Files\\Google\\Chrome\\Application\\chrome.exe","args":["--start-maximized"]}},"logLevel":"warn","connectionRetryTimeout":120000,"connectionRetryCount":3,"logLevels":{},"enableDirectConnect":true,"strictSSL":true,"_":"65 more keys: [\"cacheDir\",\"port\",\"requestedCapabilities\",\"automationProtocol\",\"baseUrl\",\"waitforInterval\",\"waitforTimeout\",\"onReload\",\"beforeCommand\",\"afterCommand\",\"rootDir\",\"specs\",\"suites\",\"exclude\",\"groupLogsByTestSpec\",\"excludeDriverLogs\",\"bail\",\"framework\",\"reporters\",\"services\",\"maxInstances\",\"maxInstancesPerCapability\",\"injectGlobals\",\"filesToWatch\",\"execArgv\",\"runnerEnv\",\"runner\",\"shard\",\"specFileRetries\",\"specFileRetriesDelay\",\"specFileRetriesDeferred\",\"reporterSyncInterval\",\"reporterSyncTimeout\",\"cucumberFeaturesWithLineNumbers\",\"autoCompileOpts\",\"mochaOpts\",\"jasmineOpts\",\"cucumberOpts\",\"onPrepare\",\"onWorkerStart\",\"onWorkerEnd\",\"before\",\"beforeSession\",\"beforeSuite\",\"beforeHook\",\"beforeTest\",\"afterTest\",\"afterHook\",\"afterSuite\",\"afterSession\",\"after\",\"onComplete\",\"beforeAssertion\",\"afterAssertion\",\"beforeFeature\",\"beforeScenario\",\"beforeStep\",\"afterStep\",\"afterScenario\",\"afterFeature\",\"_\",\"suite\",\"$0\",\"ignoredWorkerServices\",\"wdi5\"]"}]}
COMMAND: POST /session/a995b82d0df1730148f5e6c1edf10a41/execute/async - {"script":"<script> [21126 bytes]","args":[35000]}
RESULT: {"script":"<script> [21126 bytes]","args":[35000]}
]]></system-out>
      <system-err><![CDATA[
Error: element ("//input[contains(@id ,"application-billingtransfer-display-component---billingWorkbench--smartFilterBar-btnBasicSearch")]") still not existing after 45000ms
    at async UtilsPrerequisites.narrowDownSearchBT (D:\a\1\s\test\specs\BTS\prerequisites-and-utils-functions.js:2882:9)
    at async UtilsPrerequisites.billingTransfer (D:\a\1\s\test\specs\BTS\prerequisites-and-utils-functions.js:2807:9)
    at async Context.<anonymous> (D:\a\1\s\test\specs\BTS\billing-transfer-intercompany.spec.js:95:9)
]]></system-err>
    </testcase>
  </testsuite>
  <testsuite timestamp="2025-05-30T17:43:09" time="1153.842" tests="12" failures="6" errors="6" skipped="0">
    <properties>
      <property name="specId" value="0"/>
      <property name="suiteName" value="Billing Transfer - Intracompany US127249"/>
      <property name="capabilities" value="chrome.136_0_7103_93.windows"/>
      <property name="file" value="file:///D:/a/1/s/test/specs/BTS/billing-transfer-intracompany.spec.js"/>
    </properties>
    <testcase classname="chrome.136_0_7103_93.windows.Billing_Transfer_-_Intracompany_US127249" name="Should create a new yard" time="135.88">
      <system-out><![CDATA[
COMMAND: POST /session/a995b82d0df1730148f5e6c1edf10a41/window/fullscreen - {}
RESULT: {}
COMMAND: POST /session/a995b82d0df1730148f5e6c1edf10a41/execute/async - {"script":"<script> [1562 bytes]","args":[{"selector":{"controlType":"sap.m.GenericTile","properties":{"header":"Manage Yards"}},"wdio_ui5_key":"sapm.GenericTile{\"header\":\"Manage Yards\"}"}]}
RESULT: {"script":"<script> [1562 bytes]","args":[{"selector":{"controlType":"sap.m.GenericTile","properties":{"header":"Manage Yards"}},"wdio_ui5_key":"sapm.GenericTile{\"header\":\"Manage Yards\"}"}]}
RESULT: undefined
COMMAND: POST /session/a995b82d0df1730148f5e6c1edf10a41/element - {"using":"xpath","value":"//*[@id=\"__tile41\"]"}
RESULT: {"using":"xpath","value":"//*[@id=\"__tile41\"]"}
COMMAND: POST /session/a995b82d0df1730148f5e6c1edf10a41/element/f.5AF93869D51CACD0ED0B7A3F3CCEB8C6.d.ADE6F7A336A3ADFD51682E642A443D66.e.6514/click - {}
RESULT: {}
COMMAND: GET /session/a995b82d0df1730148f5e6c1edf10a41/screenshot - {}
RESULT: {}
COMMAND: POST /session/a995b82d0df1730148f5e6c1edf10a41/elements - {"using":"xpath","value":"//span[text()='Error']"}
RESULT: {"using":"xpath","value":"//span[text()='Error']"}
COMMAND: POST /session/a995b82d0df1730148f5e6c1edf10a41/element - {"using":"xpath","value":"//button[@data-kt=\"addNewYardOverflowToolbarButton\"]"}
RESULT: {"using":"xpath","value":"//button[@data-kt=\"addNewYardOverflowToolbarButton\"]"}
COMMAND: POST /session/a995b82d0df1730148f5e6c1edf10a41/elements - {"using":"xpath","value":"//button[@data-kt=\"addNewYardOverflowToolbarButton\"]"}
RESULT: {"using":"xpath","value":"//button[@data-kt=\"addNewYardOverflowToolbarButton\"]"}
COMMAND: POST /session/a995b82d0df1730148f5e6c1edf10a41/elements - {"using":"xpath","value":"//button[@data-kt=\"addNewYardOverflowToolbarButton\"]"}
RESULT: {"using":"xpath","value":"//button[@data-kt=\"addNewYardOverflowToolbarButton\"]"}
COMMAND: POST /session/a995b82d0df1730148f5e6c1edf10a41/elements - {"using":"xpath","value":"//button[@data-kt=\"addNewYardOverflowToolbarButton\"]"}
RESULT: {"using":"xpath","value":"//button[@data-kt=\"addNewYardOverflowToolbarButton\"]"}
COMMAND: POST /session/a995b82d0df1730148f5e6c1edf10a41/elements - {"using":"xpath","value":"//button[@data-kt=\"addNewYardOverflowToolbarButton\"]"}
RESULT: {"using":"xpath","value":"//button[@data-kt=\"addNewYardOverflowToolbarButton\"]"}
COMMAND: POST /session/a995b82d0df1730148f5e6c1edf10a41/elements - {"using":"xpath","value":"//button[@data-kt=\"addNewYardOverflowToolbarButton\"]"}
RESULT: {"using":"xpath","value":"//button[@data-kt=\"addNewYardOverflowToolbarButton\"]"}
COMMAND: POST /session/a995b82d0df1730148f5e6c1edf10a41/elements - {"using":"xpath","value":"//button[@data-kt=\"addNewYardOverflowToolbarButton\"]"}
RESULT: {"using":"xpath","value":"//button[@data-kt=\"addNewYardOverflowToolbarButton\"]"}
COMMAND: POST /session/a995b82d0df1730148f5e6c1edf10a41/elements - {"using":"xpath","value":"//button[@data-kt=\"addNewYardOverflowToolbarButton\"]"}
RESULT: {"using":"xpath","value":"//button[@data-kt=\"addNewYardOverflowToolbarButton\"]"}
COMMAND: POST /session/a995b82d0df1730148f5e6c1edf10a41/elements - {"using":"xpath","value":"//button[@data-kt=\"addNewYardOverflowToolbarButton\"]"}
RESULT: {"using":"xpath","value":"//button[@data-kt=\"addNewYardOverflowToolbarButton\"]"}
COMMAND: POST /session/a995b82d0df1730148f5e6c1edf10a41/elements - {"using":"xpath","value":"//button[@data-kt=\"addNewYardOverflowToolbarButton\"]"}
RESULT: {"using":"xpath","value":"//button[@data-kt=\"addNewYardOverflowToolbarButton\"]"}
COMMAND: POST /session/a995b82d0df1730148f5e6c1edf10a41/elements - {"using":"xpath","value":"//button[@data-kt=\"addNewYardOverflowToolbarButton\"]"}
RESULT: {"using":"xpath","value":"//button[@data-kt=\"addNewYardOverflowToolbarButton\"]"}
COMMAND: POST /session/a995b82d0df1730148f5e6c1edf10a41/elements - {"using":"xpath","value":"//button[@data-kt=\"addNewYardOverflowToolbarButton\"]"}
RESULT: {"using":"xpath","value":"//button[@data-kt=\"addNewYardOverflowToolbarButton\"]"}
COMMAND: POST /session/a995b82d0df1730148f5e6c1edf10a41/elements - {"using":"xpath","value":"//button[@data-kt=\"addNewYardOverflowToolbarButton\"]"}
RESULT: {"using":"xpath","value":"//button[@data-kt=\"addNewYardOverflowToolbarButton\"]"}
COMMAND: POST /session/a995b82d0df1730148f5e6c1edf10a41/elements - {"using":"xpath","value":"//button[@data-kt=\"addNewYardOverflowToolbarButton\"]"}
RESULT: {"using":"xpath","value":"//button[@data-kt=\"addNewYardOverflowToolbarButton\"]"}
COMMAND: POST /session/a995b82d0df1730148f5e6c1edf10a41/elements - {"using":"xpath","value":"//button[@data-kt=\"addNewYardOverflowToolbarButton\"]"}
RESULT: {"using":"xpath","value":"//button[@data-kt=\"addNewYardOverflowToolbarButton\"]"}
COMMAND: POST /session/a995b82d0df1730148f5e6c1edf10a41/elements - {"using":"xpath","value":"//button[@data-kt=\"addNewYardOverflowToolbarButton\"]"}
RESULT: {"using":"xpath","value":"//button[@data-kt=\"addNewYardOverflowToolbarButton\"]"}
COMMAND: POST /session/a995b82d0df1730148f5e6c1edf10a41/element - {"using":"xpath","value":"//button[@data-kt=\"addNewYardOverflowToolbarButton\"]"}
RESULT: {"using":"xpath","value":"//button[@data-kt=\"addNewYardOverflowToolbarButton\"]"}
COMMAND: POST /session/a995b82d0df1730148f5e6c1edf10a41/execute/sync - {"script":"<script> [8489 bytes]","args":[{"element-6066-11e4-a52e-4f735466cecf":"f.5AF93869D51CACD0ED0B7A3F3CCEB8C6.d.ADE6F7A336A3ADFD51682E642A443D66.e.6647","ELEMENT":"f.5AF93869D51CACD0ED0B7A3F3CCEB8C6.d.ADE6F7A336A3ADFD51682E642A443D66.e.6647"}]}
RESULT: {"script":"<script> [8489 bytes]","args":[{"element-6066-11e4-a52e-4f735466cecf":"f.5AF93869D51CACD0ED0B7A3F3CCEB8C6.d.ADE6F7A336A3ADFD51682E642A443D66.e.6647","ELEMENT":"f.5AF93869D51CACD0ED0B7A3F3CCEB8C6.d.ADE6F7A336A3ADFD51682E642A443D66.e.6647"}]}
COMMAND: GET /session/a995b82d0df1730148f5e6c1edf10a41/element/f.5AF93869D51CACD0ED0B7A3F3CCEB8C6.d.ADE6F7A336A3ADFD51682E642A443D66.e.6647/enabled - {}
COMMAND: GET /session/a995b82d0df1730148f5e6c1edf10a41/screenshot - {}
RESULT: {}
COMMAND: POST /session/a995b82d0df1730148f5e6c1edf10a41/execute/sync - {"script":"<script> [8489 bytes]","args":[{"element-6066-11e4-a52e-4f735466cecf":"f.5AF93869D51CACD0ED0B7A3F3CCEB8C6.d.ADE6F7A336A3ADFD51682E642A443D66.e.6647","ELEMENT":"f.5AF93869D51CACD0ED0B7A3F3CCEB8C6.d.ADE6F7A336A3ADFD51682E642A443D66.e.6647"}]}
COMMAND: GET /session/a995b82d0df1730148f5e6c1edf10a41/screenshot - {}
RESULT: {}
RESULT: {"script":"<script> [8489 bytes]","args":[{"element-6066-11e4-a52e-4f735466cecf":"f.5AF93869D51CACD0ED0B7A3F3CCEB8C6.d.ADE6F7A336A3ADFD51682E642A443D66.e.6647","ELEMENT":"f.5AF93869D51CACD0ED0B7A3F3CCEB8C6.d.ADE6F7A336A3ADFD51682E642A443D66.e.6647"}]}
COMMAND: POST /session/a995b82d0df1730148f5e6c1edf10a41/execute/sync - {"script":"<script> [5351 bytes]","args":[{"element-6066-11e4-a52e-4f735466cecf":"f.5AF93869D51CACD0ED0B7A3F3CCEB8C6.d.ADE6F7A336A3ADFD51682E642A443D66.e.6647","ELEMENT":"f.5AF93869D51CACD0ED0B7A3F3CCEB8C6.d.ADE6F7A336A3ADFD51682E642A443D66.e.6647"}]}
COMMAND: GET /session/a995b82d0df1730148f5e6c1edf10a41/screenshot - {}
RESULT: {}
RESULT: {"script":"<script> [5351 bytes]","args":[{"element-6066-11e4-a52e-4f735466cecf":"f.5AF93869D51CACD0ED0B7A3F3CCEB8C6.d.ADE6F7A336A3ADFD51682E642A443D66.e.6647","ELEMENT":"f.5AF93869D51CACD0ED0B7A3F3CCEB8C6.d.ADE6F7A336A3ADFD51682E642A443D66.e.6647"}]}
COMMAND: POST /session/a995b82d0df1730148f5e6c1edf10a41/element/f.5AF93869D51CACD0ED0B7A3F3CCEB8C6.d.ADE6F7A336A3ADFD51682E642A443D66.e.6647/click - {}
COMMAND: GET /session/a995b82d0df1730148f5e6c1edf10a41/screenshot - {}
RESULT: {}
RESULT: {}
COMMAND: GET /session/a995b82d0df1730148f5e6c1edf10a41/screenshot - {}
RESULT: {}
COMMAND: POST /session/a995b82d0df1730148f5e6c1edf10a41/element - {"using":"xpath","value":"//input[@id=\"application-manageyards-display-component---NewYard--yardId-inner\"]"}
RESULT: {}
RESULT: {"using":"xpath","value":"//input[@id=\"application-manageyards-display-component---NewYard--yardId-inner\"]"}
COMMAND: POST /session/a995b82d0df1730148f5e6c1edf10a41/element - {"using":"xpath","value":"//input[@id=\"application-manageyards-display-component---NewYard--yardId-inner\"]"}
RESULT: {"using":"xpath","value":"//input[@id=\"application-manageyards-display-component---NewYard--yardId-inner\"]"}
COMMAND: POST /session/a995b82d0df1730148f5e6c1edf10a41/execute/async - {"script":"<script> [1562 bytes]","args":[{"selector":{"id":"application-manageyards-display-component---NewYard--addressDetailDetailsName1","interaction":{"idSuffix":"inner"}},"wdio_ui5_key":"applicationmanageyards-display-component---NewYard--addressDetailDetailsName1"}]}
RESULT: {"script":"<script> [1562 bytes]","args":[{"selector":{"id":"application-manageyards-display-component---NewYard--addressDetailDetailsName1","interaction":{"idSuffix":"inner"}},"wdio_ui5_key":"applicationmanageyards-display-component---NewYard--addressDetailDetailsName1"}]}
RESULT: undefined
COMMAND: POST /session/a995b82d0df1730148f5e6c1edf10a41/execute/async - {"script":"<script> [776 bytes]","args":[{"enterText":"Intracompany Yard wdIO","selector":{"id":"application-manageyards-display-component---NewYard--addressDetailDetailsName1","interaction":{"idSuffix":"inner"}},"clearTextFirst":true,"interactionType":"ENTER_TEXT"}]}
RESULT: {"script":"<script> [776 bytes]","args":[{"enterText":"Intracompany Yard wdIO","selector":{"id":"application-manageyards-display-component---NewYard--addressDetailDetailsName1","interaction":{"idSuffix":"inner"}},"clearTextFirst":true,"interactionType":"ENTER_TEXT"}]}
COMMAND: POST /session/a995b82d0df1730148f5e6c1edf10a41/execute/async - {"script":"<script> [1562 bytes]","args":[{"selector":{"id":"application-manageyards-display-component---NewYard--addressDetailDetailsLanguage-arrow"},"wdio_ui5_key":"applicationmanageyards-display-component---NewYard--addressDetailDetailsLanguage-arrow"}]}
RESULT: {"script":"<script> [1562 bytes]","args":[{"selector":{"id":"application-manageyards-display-component---NewYard--addressDetailDetailsLanguage-arrow"},"wdio_ui5_key":"applicationmanageyards-display-component---NewYard--addressDetailDetailsLanguage-arrow"}]}
RESULT: undefined
COMMAND: POST /session/a995b82d0df1730148f5e6c1edf10a41/element - {"using":"xpath","value":"//*[@id=\"application-manageyards-display-component---NewYard--addressDetailDetailsLanguage-arrow\"]"}
RESULT: {"using":"xpath","value":"//*[@id=\"application-manageyards-display-component---NewYard--addressDetailDetailsLanguage-arrow\"]"}
COMMAND: POST /session/a995b82d0df1730148f5e6c1edf10a41/element/f.5AF93869D51CACD0ED0B7A3F3CCEB8C6.d.ADE6F7A336A3ADFD51682E642A443D66.e.7080/click - {}
RESULT: {}
COMMAND: POST /session/a995b82d0df1730148f5e6c1edf10a41/element - {"using":"xpath","value":"//span[contains(text(), \"English\")]"}
COMMAND: GET /session/a995b82d0df1730148f5e6c1edf10a41/screenshot - {}
RESULT: {"using":"xpath","value":"//span[contains(text(), \"English\")]"}
COMMAND: POST /session/a995b82d0df1730148f5e6c1edf10a41/element/f.5AF93869D51CACD0ED0B7A3F3CCEB8C6.d.ADE6F7A336A3ADFD51682E642A443D66.e.7081/click - {}
RESULT: {}
RESULT: {}
COMMAND: POST /session/a995b82d0df1730148f5e6c1edf10a41/execute/async - {"script":"<script> [1562 bytes]","args":[{"selector":{"id":"application-manageyards-display-component---NewYard--addressDetailDetailsCity1","interaction":{"idSuffix":"inner"}},"wdio_ui5_key":"applicationmanageyards-display-component---NewYard--addressDetailDetailsCity1"}]}
COMMAND: GET /session/a995b82d0df1730148f5e6c1edf10a41/screenshot - {}
RESULT: {"script":"<script> [1562 bytes]","args":[{"selector":{"id":"application-manageyards-display-component---NewYard--addressDetailDetailsCity1","interaction":{"idSuffix":"inner"}},"wdio_ui5_key":"applicationmanageyards-display-component---NewYard--addressDetailDetailsCity1"}]}
RESULT: undefined
COMMAND: POST /session/a995b82d0df1730148f5e6c1edf10a41/execute/async - {"script":"<script> [776 bytes]","args":[{"enterText":"Rosario","selector":{"id":"application-manageyards-display-component---NewYard--addressDetailDetailsCity1","interaction":{"idSuffix":"inner"}},"clearTextFirst":true,"interactionType":"ENTER_TEXT"}]}
RESULT: {}
RESULT: {"script":"<script> [776 bytes]","args":[{"enterText":"Rosario","selector":{"id":"application-manageyards-display-component---NewYard--addressDetailDetailsCity1","interaction":{"idSuffix":"inner"}},"clearTextFirst":true,"interactionType":"ENTER_TEXT"}]}
COMMAND: POST /session/a995b82d0df1730148f5e6c1edf10a41/execute/async - {"script":"<script> [1562 bytes]","args":[{"selector":{"id":"application-manageyards-display-component---NewYard--addressDetailDetailsCountry-arrow"},"wdio_ui5_key":"applicationmanageyards-display-component---NewYard--addressDetailDetailsCountry-arrow"}]}
RESULT: {"script":"<script> [1562 bytes]","args":[{"selector":{"id":"application-manageyards-display-component---NewYard--addressDetailDetailsCountry-arrow"},"wdio_ui5_key":"applicationmanageyards-display-component---NewYard--addressDetailDetailsCountry-arrow"}]}
RESULT: undefined
COMMAND: POST /session/a995b82d0df1730148f5e6c1edf10a41/element - {"using":"xpath","value":"//*[@id=\"application-manageyards-display-component---NewYard--addressDetailDetailsCountry-arrow\"]"}
RESULT: {"using":"xpath","value":"//*[@id=\"application-manageyards-display-component---NewYard--addressDetailDetailsCountry-arrow\"]"}
COMMAND: POST /session/a995b82d0df1730148f5e6c1edf10a41/element/f.5AF93869D51CACD0ED0B7A3F3CCEB8C6.d.ADE6F7A336A3ADFD51682E642A443D66.e.7083/click - {}
RESULT: {}
COMMAND: POST /session/a995b82d0df1730148f5e6c1edf10a41/element - {"using":"xpath","value":"//span[contains(text(), \"Argentina\")]"}
COMMAND: GET /session/a995b82d0df1730148f5e6c1edf10a41/screenshot - {}
RESULT: {"using":"xpath","value":"//span[contains(text(), \"Argentina\")]"}
COMMAND: POST /session/a995b82d0df1730148f5e6c1edf10a41/element/f.5AF93869D51CACD0ED0B7A3F3CCEB8C6.d.ADE6F7A336A3ADFD51682E642A443D66.e.7085/click - {}
RESULT: {}
RESULT: {}
COMMAND: POST /session/a995b82d0df1730148f5e6c1edf10a41/execute/async - {"script":"<script> [1562 bytes]","args":[{"selector":{"id":"application-manageyards-display-component---NewYard--addressEditDetailsCostObjectCstType-arrow"},"wdio_ui5_key":"applicationmanageyards-display-component---NewYard--addressEditDetailsCostObjectCstType-arrow"}]}
COMMAND: GET /session/a995b82d0df1730148f5e6c1edf10a41/screenshot - {}
RESULT: {"script":"<script> [1562 bytes]","args":[{"selector":{"id":"application-manageyards-display-component---NewYard--addressEditDetailsCostObjectCstType-arrow"},"wdio_ui5_key":"applicationmanageyards-display-component---NewYard--addressEditDetailsCostObjectCstType-arrow"}]}
RESULT: undefined
COMMAND: POST /session/a995b82d0df1730148f5e6c1edf10a41/element - {"using":"xpath","value":"//*[@id=\"application-manageyards-display-component---NewYard--addressEditDetailsCostObjectCstType-arrow\"]"}
RESULT: {}
RESULT: {"using":"xpath","value":"//*[@id=\"application-manageyards-display-component---NewYard--addressEditDetailsCostObjectCstType-arrow\"]"}
COMMAND: POST /session/a995b82d0df1730148f5e6c1edf10a41/element/f.5AF93869D51CACD0ED0B7A3F3CCEB8C6.d.ADE6F7A336A3ADFD51682E642A443D66.e.7086/click - {}
RESULT: {}
COMMAND: POST /session/a995b82d0df1730148f5e6c1edf10a41/element - {"using":"xpath","value":"//span[contains(text(), \"Cost Center\")]"}
RESULT: {"using":"xpath","value":"//span[contains(text(), \"Cost Center\")]"}
COMMAND: POST /session/a995b82d0df1730148f5e6c1edf10a41/element/f.5AF93869D51CACD0ED0B7A3F3CCEB8C6.d.ADE6F7A336A3ADFD51682E642A443D66.e.7087/click - {}
COMMAND: GET /session/a995b82d0df1730148f5e6c1edf10a41/screenshot - {}
RESULT: {}
COMMAND: GET /session/a995b82d0df1730148f5e6c1edf10a41/screenshot - {}
RESULT: {}
RESULT: {}
COMMAND: POST /session/a995b82d0df1730148f5e6c1edf10a41/element - {"using":"xpath","value":"//span[@id=\"application-manageyards-display-component---NewYard--addressNewCostObjectCstID-vhi\"]"}
RESULT: {"using":"xpath","value":"//span[@id=\"application-manageyards-display-component---NewYard--addressNewCostObjectCstID-vhi\"]"}
COMMAND: POST /session/a995b82d0df1730148f5e6c1edf10a41/execute/sync - {"script":"<script> [8489 bytes]","args":[{"element-6066-11e4-a52e-4f735466cecf":"f.5AF93869D51CACD0ED0B7A3F3CCEB8C6.d.ADE6F7A336A3ADFD51682E642A443D66.e.7091","ELEMENT":"f.5AF93869D51CACD0ED0B7A3F3CCEB8C6.d.ADE6F7A336A3ADFD51682E642A443D66.e.7091"}]}
RESULT: {"script":"<script> [8489 bytes]","args":[{"element-6066-11e4-a52e-4f735466cecf":"f.5AF93869D51CACD0ED0B7A3F3CCEB8C6.d.ADE6F7A336A3ADFD51682E642A443D66.e.7091","ELEMENT":"f.5AF93869D51CACD0ED0B7A3F3CCEB8C6.d.ADE6F7A336A3ADFD51682E642A443D66.e.7091"}]}
COMMAND: POST /session/a995b82d0df1730148f5e6c1edf10a41/execute/async - {"script":"<script> [1562 bytes]","args":[{"selector":{"id":"application-manageyards-display-component---NewYard--addressNewCostObjectCstID-vhi"},"wdio_ui5_key":"applicationmanageyards-display-component---NewYard--addressNewCostObjectCstID-vhi"}]}
COMMAND: GET /session/a995b82d0df1730148f5e6c1edf10a41/screenshot - {}
RESULT: {"script":"<script> [1562 bytes]","args":[{"selector":{"id":"application-manageyards-display-component---NewYard--addressNewCostObjectCstID-vhi"},"wdio_ui5_key":"applicationmanageyards-display-component---NewYard--addressNewCostObjectCstID-vhi"}]}
RESULT: undefined
COMMAND: POST /session/a995b82d0df1730148f5e6c1edf10a41/element - {"using":"xpath","value":"//*[@id=\"application-manageyards-display-component---NewYard--addressNewCostObjectCstID-vhi\"]"}
RESULT: {}
RESULT: {"using":"xpath","value":"//*[@id=\"application-manageyards-display-component---NewYard--addressNewCostObjectCstID-vhi\"]"}
COMMAND: POST /session/a995b82d0df1730148f5e6c1edf10a41/element/f.5AF93869D51CACD0ED0B7A3F3CCEB8C6.d.ADE6F7A336A3ADFD51682E642A443D66.e.7091/click - {}
RESULT: {}
COMMAND: GET /session/a995b82d0df1730148f5e6c1edf10a41/screenshot - {}
RESULT: {}
COMMAND: POST /session/a995b82d0df1730148f5e6c1edf10a41/execute/async - {"script":"<script> [1562 bytes]","args":[{"selector":{"controlType":"sap.m.SearchField","properties":{"placeholder":"Search"},"searchOpenDialogs":true,"interaction":{"idSuffix":"I"}},"wdio_ui5_key":"sapm.SearchField{\"placeholder\":\"Search\"}"}]}
RESULT: {"script":"<script> [1562 bytes]","args":[{"selector":{"controlType":"sap.m.SearchField","properties":{"placeholder":"Search"},"searchOpenDialogs":true,"interaction":{"idSuffix":"I"}},"wdio_ui5_key":"sapm.SearchField{\"placeholder\":\"Search\"}"}]}
RESULT: undefined
COMMAND: POST /session/a995b82d0df1730148f5e6c1edf10a41/execute/async - {"script":"<script> [776 bytes]","args":[{"enterText":"bauh_b","selector":{"controlType":"sap.m.SearchField","properties":{"placeholder":"Search"},"searchOpenDialogs":true,"interaction":{"idSuffix":"I"}},"clearTextFirst":true,"interactionType":"ENTER_TEXT"}]}
RESULT: {"script":"<script> [776 bytes]","args":[{"enterText":"bauh_b","selector":{"controlType":"sap.m.SearchField","properties":{"placeholder":"Search"},"searchOpenDialogs":true,"interaction":{"idSuffix":"I"}},"clearTextFirst":true,"interactionType":"ENTER_TEXT"}]}
COMMAND: POST /session/a995b82d0df1730148f5e6c1edf10a41/actions - {"actions":[{"id":"action18","type":"key","parameters":{},"actions":[{"type":"keyDown","value":""},{"type":"pause","duration":10},{"type":"keyUp","value":""}]}]}
RESULT: {"actions":[{"id":"action18","type":"key","parameters":{},"actions":[{"type":"keyDown","value":""},{"type":"pause","duration":10},{"type":"keyUp","value":""}]}]}
COMMAND: GET /session/a995b82d0df1730148f5e6c1edf10a41/screenshot - {}
RESULT: {}
COMMAND: POST /session/a995b82d0df1730148f5e6c1edf10a41/element - {"using":"xpath","value":"//span[contains(text(), \"Demo Yard\")]"}
RESULT: {"using":"xpath","value":"//span[contains(text(), \"Demo Yard\")]"}
COMMAND: POST /session/a995b82d0df1730148f5e6c1edf10a41/element/f.5AF93869D51CACD0ED0B7A3F3CCEB8C6.d.ADE6F7A336A3ADFD51682E642A443D66.e.7129/click - {}
RESULT: {}
COMMAND: GET /session/a995b82d0df1730148f5e6c1edf10a41/screenshot - {}
RESULT: {}
COMMAND: POST /session/a995b82d0df1730148f5e6c1edf10a41/element - {"using":"xpath","value":"//bdi[contains(text(), \"OK\")]"}
RESULT: {"using":"xpath","value":"//bdi[contains(text(), \"OK\")]"}
COMMAND: POST /session/a995b82d0df1730148f5e6c1edf10a41/element/f.5AF93869D51CACD0ED0B7A3F3CCEB8C6.d.ADE6F7A336A3ADFD51682E642A443D66.e.7130/click - {}
RESULT: {}
COMMAND: GET /session/a995b82d0df1730148f5e6c1edf10a41/screenshot - {}
RESULT: {}
COMMAND: POST /session/a995b82d0df1730148f5e6c1edf10a41/execute/async - {"script":"<script> [1562 bytes]","args":[{"selector":{"id":"application-manageyards-display-component---NewYard--addressEditDetailsCurrency-arrow"},"wdio_ui5_key":"applicationmanageyards-display-component---NewYard--addressEditDetailsCurrency-arrow"}]}
RESULT: {"script":"<script> [1562 bytes]","args":[{"selector":{"id":"application-manageyards-display-component---NewYard--addressEditDetailsCurrency-arrow"},"wdio_ui5_key":"applicationmanageyards-display-component---NewYard--addressEditDetailsCurrency-arrow"}]}
RESULT: undefined
COMMAND: POST /session/a995b82d0df1730148f5e6c1edf10a41/element - {"using":"xpath","value":"//*[@id=\"application-manageyards-display-component---NewYard--addressEditDetailsCurrency-arrow\"]"}
RESULT: {"using":"xpath","value":"//*[@id=\"application-manageyards-display-component---NewYard--addressEditDetailsCurrency-arrow\"]"}
COMMAND: POST /session/a995b82d0df1730148f5e6c1edf10a41/element/f.5AF93869D51CACD0ED0B7A3F3CCEB8C6.d.ADE6F7A336A3ADFD51682E642A443D66.e.7133/click - {}
RESULT: {}
COMMAND: POST /session/a995b82d0df1730148f5e6c1edf10a41/element - {"using":"xpath","value":"//span[contains(text(), \"Euro\")]"}
COMMAND: GET /session/a995b82d0df1730148f5e6c1edf10a41/screenshot - {}
RESULT: {"using":"xpath","value":"//span[contains(text(), \"Euro\")]"}
COMMAND: POST /session/a995b82d0df1730148f5e6c1edf10a41/element/f.5AF93869D51CACD0ED0B7A3F3CCEB8C6.d.ADE6F7A336A3ADFD51682E642A443D66.e.7134/click - {}
RESULT: {}
RESULT: {}
COMMAND: POST /session/a995b82d0df1730148f5e6c1edf10a41/execute/async - {"script":"<script> [1562 bytes]","args":[{"selector":{"controlType":"sap.m.Input","viewName":"etm.portal.ui.manageyards.view.New","viewId":"application-manageyards-display-component---NewYard","bindingPath":{"path":"","propertyPath":"/CONTROLLING_AREA","modelName":"NewYardModel"},"interaction":{"idSuffix":"inner"}},"wdio_ui5_key":"etmportal.ui.manageyards.view.Newsap.m.Input{\"path\":\"\",\"propertyPath\":\"/CONTROLLING_AREA\",\"modelName\":\"NewYardModel\"}"}]}
COMMAND: GET /session/a995b82d0df1730148f5e6c1edf10a41/screenshot - {}
RESULT: {"script":"<script> [1562 bytes]","args":[{"selector":{"controlType":"sap.m.Input","viewName":"etm.portal.ui.manageyards.view.New","viewId":"application-manageyards-display-component---NewYard","bindingPath":{"path":"","propertyPath":"/CONTROLLING_AREA","modelName":"NewYardModel"},"interaction":{"idSuffix":"inner"}},"wdio_ui5_key":"etmportal.ui.manageyards.view.Newsap.m.Input{\"path\":\"\",\"propertyPath\":\"/CONTROLLING_AREA\",\"modelName\":\"NewYardModel\"}"}]}
RESULT: undefined
COMMAND: POST /session/a995b82d0df1730148f5e6c1edf10a41/execute/async - {"script":"<script> [776 bytes]","args":[{"enterText":"Z001","selector":{"controlType":"sap.m.Input","viewName":"etm.portal.ui.manageyards.view.New","viewId":"application-manageyards-display-component---NewYard","bindingPath":{"path":"","propertyPath":"/CONTROLLING_AREA","modelName":"NewYardModel"},"interaction":{"idSuffix":"inner"}},"clearTextFirst":true,"interactionType":"ENTER_TEXT"}]}
RESULT: {}
RESULT: {"script":"<script> [776 bytes]","args":[{"enterText":"Z001","selector":{"controlType":"sap.m.Input","viewName":"etm.portal.ui.manageyards.view.New","viewId":"application-manageyards-display-component---NewYard","bindingPath":{"path":"","propertyPath":"/CONTROLLING_AREA","modelName":"NewYardModel"},"interaction":{"idSuffix":"inner"}},"clearTextFirst":true,"interactionType":"ENTER_TEXT"}]}
COMMAND: POST /session/a995b82d0df1730148f5e6c1edf10a41/execute/async - {"script":"<script> [1562 bytes]","args":[{"selector":{"id":"application-manageyards-display-component---NewYard--companyCodeComboBox","interaction":{"idSuffix":"inner"}},"wdio_ui5_key":"applicationmanageyards-display-component---NewYard--companyCodeComboBox"}]}
RESULT: {"script":"<script> [1562 bytes]","args":[{"selector":{"id":"application-manageyards-display-component---NewYard--companyCodeComboBox","interaction":{"idSuffix":"inner"}},"wdio_ui5_key":"applicationmanageyards-display-component---NewYard--companyCodeComboBox"}]}
RESULT: undefined
COMMAND: POST /session/a995b82d0df1730148f5e6c1edf10a41/execute/async - {"script":"<script> [776 bytes]","args":[{"enterText":"1000","selector":{"id":"application-manageyards-display-component---NewYard--companyCodeComboBox","interaction":{"idSuffix":"inner"}},"clearTextFirst":true,"interactionType":"ENTER_TEXT"}]}
RESULT: {"script":"<script> [776 bytes]","args":[{"enterText":"1000","selector":{"id":"application-manageyards-display-component---NewYard--companyCodeComboBox","interaction":{"idSuffix":"inner"}},"clearTextFirst":true,"interactionType":"ENTER_TEXT"}]}
COMMAND: POST /session/a995b82d0df1730148f5e6c1edf10a41/execute/async - {"script":"<script> [1562 bytes]","args":[{"selector":{"controlType":"sap.m.Input","viewName":"etm.portal.ui.manageyards.view.New","viewId":"application-manageyards-display-component---NewYard","bindingPath":{"path":"","propertyPath":"/PLANT","modelName":"NewYardModel"},"interaction":{"idSuffix":"inner"}},"wdio_ui5_key":"etmportal.ui.manageyards.view.Newsap.m.Input{\"path\":\"\",\"propertyPath\":\"/PLANT\",\"modelName\":\"NewYardModel\"}"}]}
RESULT: {"script":"<script> [1562 bytes]","args":[{"selector":{"controlType":"sap.m.Input","viewName":"etm.portal.ui.manageyards.view.New","viewId":"application-manageyards-display-component---NewYard","bindingPath":{"path":"","propertyPath":"/PLANT","modelName":"NewYardModel"},"interaction":{"idSuffix":"inner"}},"wdio_ui5_key":"etmportal.ui.manageyards.view.Newsap.m.Input{\"path\":\"\",\"propertyPath\":\"/PLANT\",\"modelName\":\"NewYardModel\"}"}]}
RESULT: undefined
COMMAND: POST /session/a995b82d0df1730148f5e6c1edf10a41/execute/async - {"script":"<script> [776 bytes]","args":[{"enterText":"1001","selector":{"controlType":"sap.m.Input","viewName":"etm.portal.ui.manageyards.view.New","viewId":"application-manageyards-display-component---NewYard","bindingPath":{"path":"","propertyPath":"/PLANT","modelName":"NewYardModel"},"interaction":{"idSuffix":"inner"}},"clearTextFirst":true,"interactionType":"ENTER_TEXT"}]}
RESULT: {"script":"<script> [776 bytes]","args":[{"enterText":"1001","selector":{"controlType":"sap.m.Input","viewName":"etm.portal.ui.manageyards.view.New","viewId":"application-manageyards-display-component---NewYard","bindingPath":{"path":"","propertyPath":"/PLANT","modelName":"NewYardModel"},"interaction":{"idSuffix":"inner"}},"clearTextFirst":true,"interactionType":"ENTER_TEXT"}]}
COMMAND: POST /session/a995b82d0df1730148f5e6c1edf10a41/execute/async - {"script":"<script> [1562 bytes]","args":[{"selector":{"controlType":"sap.m.Input","viewName":"etm.portal.ui.manageyards.view.New","viewId":"application-manageyards-display-component---NewYard","bindingPath":{"path":"","propertyPath":"/SALES_AREA_VKORG","modelName":"NewYardModel"},"interaction":{"idSuffix":"inner"}},"wdio_ui5_key":"etmportal.ui.manageyards.view.Newsap.m.Input{\"path\":\"\",\"propertyPath\":\"/SALES_AREA_VKORG\",\"modelName\":\"NewYardModel\"}"}]}
RESULT: {"script":"<script> [1562 bytes]","args":[{"selector":{"controlType":"sap.m.Input","viewName":"etm.portal.ui.manageyards.view.New","viewId":"application-manageyards-display-component---NewYard","bindingPath":{"path":"","propertyPath":"/SALES_AREA_VKORG","modelName":"NewYardModel"},"interaction":{"idSuffix":"inner"}},"wdio_ui5_key":"etmportal.ui.manageyards.view.Newsap.m.Input{\"path\":\"\",\"propertyPath\":\"/SALES_AREA_VKORG\",\"modelName\":\"NewYardModel\"}"}]}
RESULT: undefined
COMMAND: POST /session/a995b82d0df1730148f5e6c1edf10a41/execute/async - {"script":"<script> [776 bytes]","args":[{"enterText":"C002","selector":{"controlType":"sap.m.Input","viewName":"etm.portal.ui.manageyards.view.New","viewId":"application-manageyards-display-component---NewYard","bindingPath":{"path":"","propertyPath":"/SALES_AREA_VKORG","modelName":"NewYardModel"},"interaction":{"idSuffix":"inner"}},"clearTextFirst":true,"interactionType":"ENTER_TEXT"}]}
RESULT: {"script":"<script> [776 bytes]","args":[{"enterText":"C002","selector":{"controlType":"sap.m.Input","viewName":"etm.portal.ui.manageyards.view.New","viewId":"application-manageyards-display-component---NewYard","bindingPath":{"path":"","propertyPath":"/SALES_AREA_VKORG","modelName":"NewYardModel"},"interaction":{"idSuffix":"inner"}},"clearTextFirst":true,"interactionType":"ENTER_TEXT"}]}
COMMAND: POST /session/a995b82d0df1730148f5e6c1edf10a41/execute/async - {"script":"<script> [1562 bytes]","args":[{"selector":{"controlType":"sap.m.Input","viewName":"etm.portal.ui.manageyards.view.New","viewId":"application-manageyards-display-component---NewYard","bindingPath":{"path":"","propertyPath":"/SALES_AREA_VTWEG","modelName":"NewYardModel"},"interaction":{"idSuffix":"inner"}},"wdio_ui5_key":"etmportal.ui.manageyards.view.Newsap.m.Input{\"path\":\"\",\"propertyPath\":\"/SALES_AREA_VTWEG\",\"modelName\":\"NewYardModel\"}"}]}
RESULT: {"script":"<script> [1562 bytes]","args":[{"selector":{"controlType":"sap.m.Input","viewName":"etm.portal.ui.manageyards.view.New","viewId":"application-manageyards-display-component---NewYard","bindingPath":{"path":"","propertyPath":"/SALES_AREA_VTWEG","modelName":"NewYardModel"},"interaction":{"idSuffix":"inner"}},"wdio_ui5_key":"etmportal.ui.manageyards.view.Newsap.m.Input{\"path\":\"\",\"propertyPath\":\"/SALES_AREA_VTWEG\",\"modelName\":\"NewYardModel\"}"}]}
RESULT: undefined
COMMAND: POST /session/a995b82d0df1730148f5e6c1edf10a41/execute/async - {"script":"<script> [776 bytes]","args":[{"enterText":"C2","selector":{"controlType":"sap.m.Input","viewName":"etm.portal.ui.manageyards.view.New","viewId":"application-manageyards-display-component---NewYard","bindingPath":{"path":"","propertyPath":"/SALES_AREA_VTWEG","modelName":"NewYardModel"},"interaction":{"idSuffix":"inner"}},"clearTextFirst":true,"interactionType":"ENTER_TEXT"}]}
RESULT: {"script":"<script> [776 bytes]","args":[{"enterText":"C2","selector":{"controlType":"sap.m.Input","viewName":"etm.portal.ui.manageyards.view.New","viewId":"application-manageyards-display-component---NewYard","bindingPath":{"path":"","propertyPath":"/SALES_AREA_VTWEG","modelName":"NewYardModel"},"interaction":{"idSuffix":"inner"}},"clearTextFirst":true,"interactionType":"ENTER_TEXT"}]}
COMMAND: POST /session/a995b82d0df1730148f5e6c1edf10a41/execute/async - {"script":"<script> [1562 bytes]","args":[{"selector":{"controlType":"sap.m.Input","viewName":"etm.portal.ui.manageyards.view.New","viewId":"application-manageyards-display-component---NewYard","bindingPath":{"path":"","propertyPath":"/SALES_AREA_SPART","modelName":"NewYardModel"},"interaction":{"idSuffix":"inner"}},"wdio_ui5_key":"etmportal.ui.manageyards.view.Newsap.m.Input{\"path\":\"\",\"propertyPath\":\"/SALES_AREA_SPART\",\"modelName\":\"NewYardModel\"}"}]}
RESULT: {"script":"<script> [1562 bytes]","args":[{"selector":{"controlType":"sap.m.Input","viewName":"etm.portal.ui.manageyards.view.New","viewId":"application-manageyards-display-component---NewYard","bindingPath":{"path":"","propertyPath":"/SALES_AREA_SPART","modelName":"NewYardModel"},"interaction":{"idSuffix":"inner"}},"wdio_ui5_key":"etmportal.ui.manageyards.view.Newsap.m.Input{\"path\":\"\",\"propertyPath\":\"/SALES_AREA_SPART\",\"modelName\":\"NewYardModel\"}"}]}
RESULT: undefined
COMMAND: POST /session/a995b82d0df1730148f5e6c1edf10a41/execute/async - {"script":"<script> [776 bytes]","args":[{"enterText":"C2","selector":{"controlType":"sap.m.Input","viewName":"etm.portal.ui.manageyards.view.New","viewId":"application-manageyards-display-component---NewYard","bindingPath":{"path":"","propertyPath":"/SALES_AREA_SPART","modelName":"NewYardModel"},"interaction":{"idSuffix":"inner"}},"clearTextFirst":true,"interactionType":"ENTER_TEXT"}]}
RESULT: {"script":"<script> [776 bytes]","args":[{"enterText":"C2","selector":{"controlType":"sap.m.Input","viewName":"etm.portal.ui.manageyards.view.New","viewId":"application-manageyards-display-component---NewYard","bindingPath":{"path":"","propertyPath":"/SALES_AREA_SPART","modelName":"NewYardModel"},"interaction":{"idSuffix":"inner"}},"clearTextFirst":true,"interactionType":"ENTER_TEXT"}]}
COMMAND: POST /session/a995b82d0df1730148f5e6c1edf10a41/execute/async - {"script":"<script> [1562 bytes]","args":[{"selector":{"controlType":"sap.m.Input","viewName":"etm.portal.ui.manageyards.view.New","viewId":"application-manageyards-display-component---NewYard","bindingPath":{"path":"","propertyPath":"/SHIP_POINT","modelName":"NewYardModel"},"interaction":{"idSuffix":"inner"}},"wdio_ui5_key":"etmportal.ui.manageyards.view.Newsap.m.Input{\"path\":\"\",\"propertyPath\":\"/SHIP_POINT\",\"modelName\":\"NewYardModel\"}"}]}
RESULT: {"script":"<script> [1562 bytes]","args":[{"selector":{"controlType":"sap.m.Input","viewName":"etm.portal.ui.manageyards.view.New","viewId":"application-manageyards-display-component---NewYard","bindingPath":{"path":"","propertyPath":"/SHIP_POINT","modelName":"NewYardModel"},"interaction":{"idSuffix":"inner"}},"wdio_ui5_key":"etmportal.ui.manageyards.view.Newsap.m.Input{\"path\":\"\",\"propertyPath\":\"/SHIP_POINT\",\"modelName\":\"NewYardModel\"}"}]}
RESULT: undefined
COMMAND: POST /session/a995b82d0df1730148f5e6c1edf10a41/execute/async - {"script":"<script> [776 bytes]","args":[{"enterText":"1710","selector":{"controlType":"sap.m.Input","viewName":"etm.portal.ui.manageyards.view.New","viewId":"application-manageyards-display-component---NewYard","bindingPath":{"path":"","propertyPath":"/SHIP_POINT","modelName":"NewYardModel"},"interaction":{"idSuffix":"inner"}},"clearTextFirst":true,"interactionType":"ENTER_TEXT"}]}
RESULT: {"script":"<script> [776 bytes]","args":[{"enterText":"1710","selector":{"controlType":"sap.m.Input","viewName":"etm.portal.ui.manageyards.view.New","viewId":"application-manageyards-display-component---NewYard","bindingPath":{"path":"","propertyPath":"/SHIP_POINT","modelName":"NewYardModel"},"interaction":{"idSuffix":"inner"}},"clearTextFirst":true,"interactionType":"ENTER_TEXT"}]}
COMMAND: POST /session/a995b82d0df1730148f5e6c1edf10a41/execute/async - {"script":"<script> [1562 bytes]","args":[{"selector":{"controlType":"sap.m.Input","viewName":"etm.portal.ui.manageyards.view.New","viewId":"application-manageyards-display-component---NewYard","bindingPath":{"path":"","propertyPath":"/DELIVERY_TYPE","modelName":"NewYardModel"},"interaction":{"idSuffix":"inner"}},"wdio_ui5_key":"etmportal.ui.manageyards.view.Newsap.m.Input{\"path\":\"\",\"propertyPath\":\"/DELIVERY_TYPE\",\"modelName\":\"NewYardModel\"}"}]}
RESULT: {"script":"<script> [1562 bytes]","args":[{"selector":{"controlType":"sap.m.Input","viewName":"etm.portal.ui.manageyards.view.New","viewId":"application-manageyards-display-component---NewYard","bindingPath":{"path":"","propertyPath":"/DELIVERY_TYPE","modelName":"NewYardModel"},"interaction":{"idSuffix":"inner"}},"wdio_ui5_key":"etmportal.ui.manageyards.view.Newsap.m.Input{\"path\":\"\",\"propertyPath\":\"/DELIVERY_TYPE\",\"modelName\":\"NewYardModel\"}"}]}
RESULT: undefined
COMMAND: POST /session/a995b82d0df1730148f5e6c1edf10a41/execute/async - {"script":"<script> [776 bytes]","args":[{"enterText":"ZL01","selector":{"controlType":"sap.m.Input","viewName":"etm.portal.ui.manageyards.view.New","viewId":"application-manageyards-display-component---NewYard","bindingPath":{"path":"","propertyPath":"/DELIVERY_TYPE","modelName":"NewYardModel"},"interaction":{"idSuffix":"inner"}},"clearTextFirst":true,"interactionType":"ENTER_TEXT"}]}
RESULT: {"script":"<script> [776 bytes]","args":[{"enterText":"ZL01","selector":{"controlType":"sap.m.Input","viewName":"etm.portal.ui.manageyards.view.New","viewId":"application-manageyards-display-component---NewYard","bindingPath":{"path":"","propertyPath":"/DELIVERY_TYPE","modelName":"NewYardModel"},"interaction":{"idSuffix":"inner"}},"clearTextFirst":true,"interactionType":"ENTER_TEXT"}]}
COMMAND: POST /session/a995b82d0df1730148f5e6c1edf10a41/execute/async - {"script":"<script> [1562 bytes]","args":[{"selector":{"controlType":"sap.m.Input","viewName":"etm.portal.ui.manageyards.view.New","viewId":"application-manageyards-display-component---NewYard","bindingPath":{"path":"","propertyPath":"/AUART","modelName":"NewYardModel"},"interaction":{"idSuffix":"inner"}},"wdio_ui5_key":"etmportal.ui.manageyards.view.Newsap.m.Input{\"path\":\"\",\"propertyPath\":\"/AUART\",\"modelName\":\"NewYardModel\"}"}]}
RESULT: {"script":"<script> [1562 bytes]","args":[{"selector":{"controlType":"sap.m.Input","viewName":"etm.portal.ui.manageyards.view.New","viewId":"application-manageyards-display-component---NewYard","bindingPath":{"path":"","propertyPath":"/AUART","modelName":"NewYardModel"},"interaction":{"idSuffix":"inner"}},"wdio_ui5_key":"etmportal.ui.manageyards.view.Newsap.m.Input{\"path\":\"\",\"propertyPath\":\"/AUART\",\"modelName\":\"NewYardModel\"}"}]}
RESULT: undefined
COMMAND: POST /session/a995b82d0df1730148f5e6c1edf10a41/execute/async - {"script":"<script> [776 bytes]","args":[{"enterText":"TA","selector":{"controlType":"sap.m.Input","viewName":"etm.portal.ui.manageyards.view.New","viewId":"application-manageyards-display-component---NewYard","bindingPath":{"path":"","propertyPath":"/AUART","modelName":"NewYardModel"},"interaction":{"idSuffix":"inner"}},"clearTextFirst":true,"interactionType":"ENTER_TEXT"}]}
RESULT: {"script":"<script> [776 bytes]","args":[{"enterText":"TA","selector":{"controlType":"sap.m.Input","viewName":"etm.portal.ui.manageyards.view.New","viewId":"application-manageyards-display-component---NewYard","bindingPath":{"path":"","propertyPath":"/AUART","modelName":"NewYardModel"},"interaction":{"idSuffix":"inner"}},"clearTextFirst":true,"interactionType":"ENTER_TEXT"}]}
COMMAND: POST /session/a995b82d0df1730148f5e6c1edf10a41/element - {"using":"xpath","value":"//button[@data-kt=\"newYardSaveButton\"]"}
RESULT: {"using":"xpath","value":"//button[@data-kt=\"newYardSaveButton\"]"}
COMMAND: POST /session/a995b82d0df1730148f5e6c1edf10a41/element/f.5AF93869D51CACD0ED0B7A3F3CCEB8C6.d.ADE6F7A336A3ADFD51682E642A443D66.e.7065/click - {}
RESULT: {}
COMMAND: GET /session/a995b82d0df1730148f5e6c1edf10a41/screenshot - {}
RESULT: {}
COMMAND: POST /session/a995b82d0df1730148f5e6c1edf10a41/element - {"using":"xpath","value":"//header[contains(@id, 'ObjectPageLayout-headerTitle')]/div[1]/div[2]/div[1]/span[1]"}
RESULT: {"using":"xpath","value":"//header[contains(@id, 'ObjectPageLayout-headerTitle')]/div[1]/div[2]/div[1]/span[1]"}
COMMAND: POST /session/a995b82d0df1730148f5e6c1edf10a41/elements - {"using":"xpath","value":"//header[contains(@id, 'ObjectPageLayout-headerTitle')]/div[1]/div[2]/div[1]/span[1]"}
RESULT: {"using":"xpath","value":"//header[contains(@id, 'ObjectPageLayout-headerTitle')]/div[1]/div[2]/div[1]/span[1]"}
COMMAND: POST /session/a995b82d0df1730148f5e6c1edf10a41/execute/sync - {"script":"<script> [56 bytes]","args":[{"element-6066-11e4-a52e-4f735466cecf":"f.5AF93869D51CACD0ED0B7A3F3CCEB8C6.d.ADE6F7A336A3ADFD51682E642A443D66.e.7353","ELEMENT":"f.5AF93869D51CACD0ED0B7A3F3CCEB8C6.d.ADE6F7A336A3ADFD51682E642A443D66.e.7353"}]}
RESULT: {"script":"<script> [56 bytes]","args":[{"element-6066-11e4-a52e-4f735466cecf":"f.5AF93869D51CACD0ED0B7A3F3CCEB8C6.d.ADE6F7A336A3ADFD51682E642A443D66.e.7353","ELEMENT":"f.5AF93869D51CACD0ED0B7A3F3CCEB8C6.d.ADE6F7A336A3ADFD51682E642A443D66.e.7353"}]}
COMMAND: GET /session/a995b82d0df1730148f5e6c1edf10a41/screenshot - {}
RESULT: {}
COMMAND: POST /session/a995b82d0df1730148f5e6c1edf10a41/element - {"using":"css selector","value":"#shell-header-logo"}
RESULT: {"using":"css selector","value":"#shell-header-logo"}
COMMAND: POST /session/a995b82d0df1730148f5e6c1edf10a41/element/f.5AF93869D51CACD0ED0B7A3F3CCEB8C6.d.ADE6F7A336A3ADFD51682E642A443D66.e.6616/click - {}
RESULT: {}
COMMAND: GET /session/a995b82d0df1730148f5e6c1edf10a41/screenshot - {}
RESULT: {}
COMMAND: POST /session/a995b82d0df1730148f5e6c1edf10a41/execute/sync - {"script":"<script> [299 bytes]","args":[["getModel","getResource"]]}
RESULT: {"script":"<script> [299 bytes]","args":[["getModel","getResource"]]}
]]></system-out>
    </testcase>
    <testcase classname="chrome.136_0_7103_93.windows.Billing_Transfer_-_Intracompany_US127249" name="Should create a new partner" time="147.816">
      <system-out><![CDATA[
COMMAND: GET /session/a995b82d0df1730148f5e6c1edf10a41/screenshot - {}
COMMAND: POST /session/a995b82d0df1730148f5e6c1edf10a41/window/fullscreen - {}
RESULT: {}
RESULT: {}
COMMAND: POST /session/a995b82d0df1730148f5e6c1edf10a41/execute/async - {"script":"<script> [1562 bytes]","args":[{"selector":{"controlType":"sap.m.GenericTile","properties":{"header":"Manage Partners"}},"wdio_ui5_key":"sapm.GenericTile{\"header\":\"Manage Partners\"}"}]}
RESULT: {"script":"<script> [1562 bytes]","args":[{"selector":{"controlType":"sap.m.GenericTile","properties":{"header":"Manage Partners"}},"wdio_ui5_key":"sapm.GenericTile{\"header\":\"Manage Partners\"}"}]}
RESULT: undefined
COMMAND: POST /session/a995b82d0df1730148f5e6c1edf10a41/element - {"using":"xpath","value":"//*[@id=\"__tile38\"]"}
RESULT: {"using":"xpath","value":"//*[@id=\"__tile38\"]"}
COMMAND: POST /session/a995b82d0df1730148f5e6c1edf10a41/element/f.5AF93869D51CACD0ED0B7A3F3CCEB8C6.d.ADE6F7A336A3ADFD51682E642A443D66.e.6505/click - {}
RESULT: {}
COMMAND: GET /session/a995b82d0df1730148f5e6c1edf10a41/screenshot - {}
RESULT: {}
COMMAND: POST /session/a995b82d0df1730148f5e6c1edf10a41/elements - {"using":"xpath","value":"//span[text()='Error']"}
RESULT: {"using":"xpath","value":"//span[text()='Error']"}
COMMAND: POST /session/a995b82d0df1730148f5e6c1edf10a41/element - {"using":"xpath","value":"//button[@data-kt=\"addButton\"]"}
RESULT: {"using":"xpath","value":"//button[@data-kt=\"addButton\"]"}
COMMAND: POST /session/a995b82d0df1730148f5e6c1edf10a41/elements - {"using":"xpath","value":"//button[@data-kt=\"addButton\"]"}
RESULT: {"using":"xpath","value":"//button[@data-kt=\"addButton\"]"}
COMMAND: POST /session/a995b82d0df1730148f5e6c1edf10a41/execute/sync - {"script":"<script> [8489 bytes]","args":[{"element-6066-11e4-a52e-4f735466cecf":"f.5AF93869D51CACD0ED0B7A3F3CCEB8C6.d.ADE6F7A336A3ADFD51682E642A443D66.e.7499","ELEMENT":"f.5AF93869D51CACD0ED0B7A3F3CCEB8C6.d.ADE6F7A336A3ADFD51682E642A443D66.e.7499"}]}
RESULT: {"script":"<script> [8489 bytes]","args":[{"element-6066-11e4-a52e-4f735466cecf":"f.5AF93869D51CACD0ED0B7A3F3CCEB8C6.d.ADE6F7A336A3ADFD51682E642A443D66.e.7499","ELEMENT":"f.5AF93869D51CACD0ED0B7A3F3CCEB8C6.d.ADE6F7A336A3ADFD51682E642A443D66.e.7499"}]}
COMMAND: GET /session/a995b82d0df1730148f5e6c1edf10a41/element/f.5AF93869D51CACD0ED0B7A3F3CCEB8C6.d.ADE6F7A336A3ADFD51682E642A443D66.e.7499/enabled - {}
COMMAND: GET /session/a995b82d0df1730148f5e6c1edf10a41/screenshot - {}
RESULT: {}
COMMAND: POST /session/a995b82d0df1730148f5e6c1edf10a41/execute/sync - {"script":"<script> [8489 bytes]","args":[{"element-6066-11e4-a52e-4f735466cecf":"f.5AF93869D51CACD0ED0B7A3F3CCEB8C6.d.ADE6F7A336A3ADFD51682E642A443D66.e.7499","ELEMENT":"f.5AF93869D51CACD0ED0B7A3F3CCEB8C6.d.ADE6F7A336A3ADFD51682E642A443D66.e.7499"}]}
COMMAND: GET /session/a995b82d0df1730148f5e6c1edf10a41/screenshot - {}
RESULT: {}
RESULT: {"script":"<script> [8489 bytes]","args":[{"element-6066-11e4-a52e-4f735466cecf":"f.5AF93869D51CACD0ED0B7A3F3CCEB8C6.d.ADE6F7A336A3ADFD51682E642A443D66.e.7499","ELEMENT":"f.5AF93869D51CACD0ED0B7A3F3CCEB8C6.d.ADE6F7A336A3ADFD51682E642A443D66.e.7499"}]}
COMMAND: POST /session/a995b82d0df1730148f5e6c1edf10a41/execute/sync - {"script":"<script> [5351 bytes]","args":[{"element-6066-11e4-a52e-4f735466cecf":"f.5AF93869D51CACD0ED0B7A3F3CCEB8C6.d.ADE6F7A336A3ADFD51682E642A443D66.e.7499","ELEMENT":"f.5AF93869D51CACD0ED0B7A3F3CCEB8C6.d.ADE6F7A336A3ADFD51682E642A443D66.e.7499"}]}
COMMAND: GET /session/a995b82d0df1730148f5e6c1edf10a41/screenshot - {}
RESULT: {}
RESULT: {"script":"<script> [5351 bytes]","args":[{"element-6066-11e4-a52e-4f735466cecf":"f.5AF93869D51CACD0ED0B7A3F3CCEB8C6.d.ADE6F7A336A3ADFD51682E642A443D66.e.7499","ELEMENT":"f.5AF93869D51CACD0ED0B7A3F3CCEB8C6.d.ADE6F7A336A3ADFD51682E642A443D66.e.7499"}]}
COMMAND: POST /session/a995b82d0df1730148f5e6c1edf10a41/element/f.5AF93869D51CACD0ED0B7A3F3CCEB8C6.d.ADE6F7A336A3ADFD51682E642A443D66.e.7499/click - {}
COMMAND: GET /session/a995b82d0df1730148f5e6c1edf10a41/screenshot - {}
RESULT: {}
RESULT: {}
COMMAND: GET /session/a995b82d0df1730148f5e6c1edf10a41/screenshot - {}
COMMAND: POST /session/a995b82d0df1730148f5e6c1edf10a41/execute/async - {"script":"<script> [1562 bytes]","args":[{"selector":{"id":"application-managepartners-display-component---NewPartner--addressDetailDetailsName1","interaction":{"idSuffix":"inner"}},"wdio_ui5_key":"applicationmanagepartners-display-component---NewPartner--addressDetailDetailsName1"}]}
RESULT: {}
RESULT: {}
RESULT: {"script":"<script> [1562 bytes]","args":[{"selector":{"id":"application-managepartners-display-component---NewPartner--addressDetailDetailsName1","interaction":{"idSuffix":"inner"}},"wdio_ui5_key":"applicationmanagepartners-display-component---NewPartner--addressDetailDetailsName1"}]}
RESULT: undefined
COMMAND: POST /session/a995b82d0df1730148f5e6c1edf10a41/execute/async - {"script":"<script> [776 bytes]","args":[{"enterText":"Intracompany Partner WDIO","selector":{"id":"application-managepartners-display-component---NewPartner--addressDetailDetailsName1","interaction":{"idSuffix":"inner"}},"clearTextFirst":true,"interactionType":"ENTER_TEXT"}]}
RESULT: {"script":"<script> [776 bytes]","args":[{"enterText":"Intracompany Partner WDIO","selector":{"id":"application-managepartners-display-component---NewPartner--addressDetailDetailsName1","interaction":{"idSuffix":"inner"}},"clearTextFirst":true,"interactionType":"ENTER_TEXT"}]}
COMMAND: POST /session/a995b82d0df1730148f5e6c1edf10a41/execute/async - {"script":"<script> [1562 bytes]","args":[{"selector":{"id":"application-managepartners-display-component---NewPartner--addressDetailDetailsLanguage-arrow"},"wdio_ui5_key":"applicationmanagepartners-display-component---NewPartner--addressDetailDetailsLanguage-arrow"}]}
RESULT: {"script":"<script> [1562 bytes]","args":[{"selector":{"id":"application-managepartners-display-component---NewPartner--addressDetailDetailsLanguage-arrow"},"wdio_ui5_key":"applicationmanagepartners-display-component---NewPartner--addressDetailDetailsLanguage-arrow"}]}
RESULT: undefined
COMMAND: POST /session/a995b82d0df1730148f5e6c1edf10a41/element - {"using":"xpath","value":"//*[@id=\"application-managepartners-display-component---NewPartner--addressDetailDetailsLanguage-arrow\"]"}
RESULT: {"using":"xpath","value":"//*[@id=\"application-managepartners-display-component---NewPartner--addressDetailDetailsLanguage-arrow\"]"}
COMMAND: POST /session/a995b82d0df1730148f5e6c1edf10a41/element/f.5AF93869D51CACD0ED0B7A3F3CCEB8C6.d.ADE6F7A336A3ADFD51682E642A443D66.e.7808/click - {}
RESULT: {}
COMMAND: POST /session/a995b82d0df1730148f5e6c1edf10a41/element - {"using":"xpath","value":"//span[contains(text(), \"English\")]"}
COMMAND: GET /session/a995b82d0df1730148f5e6c1edf10a41/screenshot - {}
RESULT: {"using":"xpath","value":"//span[contains(text(), \"English\")]"}
COMMAND: POST /session/a995b82d0df1730148f5e6c1edf10a41/element/f.5AF93869D51CACD0ED0B7A3F3CCEB8C6.d.ADE6F7A336A3ADFD51682E642A443D66.e.7809/click - {}
RESULT: {}
RESULT: {}
COMMAND: GET /session/a995b82d0df1730148f5e6c1edf10a41/screenshot - {}
RESULT: {}
COMMAND: POST /session/a995b82d0df1730148f5e6c1edf10a41/execute/async - {"script":"<script> [1562 bytes]","args":[{"selector":{"id":"application-managepartners-display-component---NewPartner--addressDetailDetailsCity1","interaction":{"idSuffix":"inner"}},"wdio_ui5_key":"applicationmanagepartners-display-component---NewPartner--addressDetailDetailsCity1"}]}
RESULT: {"script":"<script> [1562 bytes]","args":[{"selector":{"id":"application-managepartners-display-component---NewPartner--addressDetailDetailsCity1","interaction":{"idSuffix":"inner"}},"wdio_ui5_key":"applicationmanagepartners-display-component---NewPartner--addressDetailDetailsCity1"}]}
RESULT: undefined
COMMAND: POST /session/a995b82d0df1730148f5e6c1edf10a41/execute/async - {"script":"<script> [776 bytes]","args":[{"enterText":"Rosario","selector":{"id":"application-managepartners-display-component---NewPartner--addressDetailDetailsCity1","interaction":{"idSuffix":"inner"}},"clearTextFirst":true,"interactionType":"ENTER_TEXT"}]}
RESULT: {"script":"<script> [776 bytes]","args":[{"enterText":"Rosario","selector":{"id":"application-managepartners-display-component---NewPartner--addressDetailDetailsCity1","interaction":{"idSuffix":"inner"}},"clearTextFirst":true,"interactionType":"ENTER_TEXT"}]}
COMMAND: POST /session/a995b82d0df1730148f5e6c1edf10a41/execute/async - {"script":"<script> [1562 bytes]","args":[{"selector":{"id":"application-managepartners-display-component---NewPartner--addressDetailDetailsCountry-arrow"},"wdio_ui5_key":"applicationmanagepartners-display-component---NewPartner--addressDetailDetailsCountry-arrow"}]}
RESULT: {"script":"<script> [1562 bytes]","args":[{"selector":{"id":"application-managepartners-display-component---NewPartner--addressDetailDetailsCountry-arrow"},"wdio_ui5_key":"applicationmanagepartners-display-component---NewPartner--addressDetailDetailsCountry-arrow"}]}
RESULT: undefined
COMMAND: POST /session/a995b82d0df1730148f5e6c1edf10a41/element - {"using":"xpath","value":"//*[@id=\"application-managepartners-display-component---NewPartner--addressDetailDetailsCountry-arrow\"]"}
RESULT: {"using":"xpath","value":"//*[@id=\"application-managepartners-display-component---NewPartner--addressDetailDetailsCountry-arrow\"]"}
COMMAND: POST /session/a995b82d0df1730148f5e6c1edf10a41/element/f.5AF93869D51CACD0ED0B7A3F3CCEB8C6.d.ADE6F7A336A3ADFD51682E642A443D66.e.7750/click - {}
RESULT: {}
COMMAND: POST /session/a995b82d0df1730148f5e6c1edf10a41/element - {"using":"xpath","value":"//span[contains(text(), \"Argentina\")]"}
COMMAND: GET /session/a995b82d0df1730148f5e6c1edf10a41/screenshot - {}
RESULT: {"using":"xpath","value":"//span[contains(text(), \"Argentina\")]"}
COMMAND: POST /session/a995b82d0df1730148f5e6c1edf10a41/element/f.5AF93869D51CACD0ED0B7A3F3CCEB8C6.d.ADE6F7A336A3ADFD51682E642A443D66.e.7811/click - {}
RESULT: {}
RESULT: {}
COMMAND: GET /session/a995b82d0df1730148f5e6c1edf10a41/screenshot - {}
RESULT: {}
COMMAND: POST /session/a995b82d0df1730148f5e6c1edf10a41/element - {"using":"xpath","value":"//bdi[contains(text(), \"Commercial\")]"}
RESULT: {"using":"xpath","value":"//bdi[contains(text(), \"Commercial\")]"}
COMMAND: POST /session/a995b82d0df1730148f5e6c1edf10a41/element/f.5AF93869D51CACD0ED0B7A3F3CCEB8C6.d.ADE6F7A336A3ADFD51682E642A443D66.e.7812/click - {}
RESULT: {}
COMMAND: GET /session/a995b82d0df1730148f5e6c1edf10a41/screenshot - {}
RESULT: {}
COMMAND: POST /session/a995b82d0df1730148f5e6c1edf10a41/execute/async - {"script":"<script> [1562 bytes]","args":[{"selector":{"id":"application-managepartners-display-component---NewPartner--partnerDetailInternal-arrow"},"wdio_ui5_key":"applicationmanagepartners-display-component---NewPartner--partnerDetailInternal-arrow"}]}
RESULT: {"script":"<script> [1562 bytes]","args":[{"selector":{"id":"application-managepartners-display-component---NewPartner--partnerDetailInternal-arrow"},"wdio_ui5_key":"applicationmanagepartners-display-component---NewPartner--partnerDetailInternal-arrow"}]}
RESULT: undefined
COMMAND: POST /session/a995b82d0df1730148f5e6c1edf10a41/element - {"using":"xpath","value":"//*[@id=\"application-managepartners-display-component---NewPartner--partnerDetailInternal-arrow\"]"}
RESULT: {"using":"xpath","value":"//*[@id=\"application-managepartners-display-component---NewPartner--partnerDetailInternal-arrow\"]"}
COMMAND: POST /session/a995b82d0df1730148f5e6c1edf10a41/element/f.5AF93869D51CACD0ED0B7A3F3CCEB8C6.d.ADE6F7A336A3ADFD51682E642A443D66.e.7818/click - {}
RESULT: {}
COMMAND: POST /session/a995b82d0df1730148f5e6c1edf10a41/element - {"using":"xpath","value":"//span[contains(text(), \"Affiliated company\")]"}
COMMAND: GET /session/a995b82d0df1730148f5e6c1edf10a41/screenshot - {}
RESULT: {"using":"xpath","value":"//span[contains(text(), \"Affiliated company\")]"}
COMMAND: POST /session/a995b82d0df1730148f5e6c1edf10a41/element/f.5AF93869D51CACD0ED0B7A3F3CCEB8C6.d.ADE6F7A336A3ADFD51682E642A443D66.e.7819/click - {}
RESULT: {}
RESULT: {}
COMMAND: POST /session/a995b82d0df1730148f5e6c1edf10a41/execute/async - {"script":"<script> [1562 bytes]","args":[{"selector":{"id":"application-managepartners-display-component---NewPartner--partnerDetailsCurrency-arrow"},"wdio_ui5_key":"applicationmanagepartners-display-component---NewPartner--partnerDetailsCurrency-arrow"}]}
COMMAND: GET /session/a995b82d0df1730148f5e6c1edf10a41/screenshot - {}
RESULT: {"script":"<script> [1562 bytes]","args":[{"selector":{"id":"application-managepartners-display-component---NewPartner--partnerDetailsCurrency-arrow"},"wdio_ui5_key":"applicationmanagepartners-display-component---NewPartner--partnerDetailsCurrency-arrow"}]}
RESULT: undefined
COMMAND: POST /session/a995b82d0df1730148f5e6c1edf10a41/element - {"using":"xpath","value":"//*[@id=\"application-managepartners-display-component---NewPartner--partnerDetailsCurrency-arrow\"]"}
RESULT: {}
RESULT: {"using":"xpath","value":"//*[@id=\"application-managepartners-display-component---NewPartner--partnerDetailsCurrency-arrow\"]"}
COMMAND: POST /session/a995b82d0df1730148f5e6c1edf10a41/element/f.5AF93869D51CACD0ED0B7A3F3CCEB8C6.d.ADE6F7A336A3ADFD51682E642A443D66.e.7826/click - {}
RESULT: {}
COMMAND: POST /session/a995b82d0df1730148f5e6c1edf10a41/element - {"using":"xpath","value":"//span[contains(text(), \"Euro\")]"}
COMMAND: GET /session/a995b82d0df1730148f5e6c1edf10a41/screenshot - {}
RESULT: {"using":"xpath","value":"//span[contains(text(), \"Euro\")]"}
COMMAND: POST /session/a995b82d0df1730148f5e6c1edf10a41/element/f.5AF93869D51CACD0ED0B7A3F3CCEB8C6.d.ADE6F7A336A3ADFD51682E642A443D66.e.7827/click - {}
RESULT: {}
RESULT: {}
COMMAND: POST /session/a995b82d0df1730148f5e6c1edf10a41/execute/async - {"script":"<script> [1562 bytes]","args":[{"selector":{"id":"application-managepartners-display-component---NewPartner--addressEditDetailsCostObjectCstType-arrow"},"wdio_ui5_key":"applicationmanagepartners-display-component---NewPartner--addressEditDetailsCostObjectCstType-arrow"}]}
COMMAND: GET /session/a995b82d0df1730148f5e6c1edf10a41/screenshot - {}
RESULT: {"script":"<script> [1562 bytes]","args":[{"selector":{"id":"application-managepartners-display-component---NewPartner--addressEditDetailsCostObjectCstType-arrow"},"wdio_ui5_key":"applicationmanagepartners-display-component---NewPartner--addressEditDetailsCostObjectCstType-arrow"}]}
RESULT: undefined
COMMAND: POST /session/a995b82d0df1730148f5e6c1edf10a41/element - {"using":"xpath","value":"//*[@id=\"application-managepartners-display-component---NewPartner--addressEditDetailsCostObjectCstType-arrow\"]"}
RESULT: {}
RESULT: {"using":"xpath","value":"//*[@id=\"application-managepartners-display-component---NewPartner--addressEditDetailsCostObjectCstType-arrow\"]"}
COMMAND: POST /session/a995b82d0df1730148f5e6c1edf10a41/element/f.5AF93869D51CACD0ED0B7A3F3CCEB8C6.d.ADE6F7A336A3ADFD51682E642A443D66.e.7828/click - {}
RESULT: {}
COMMAND: POST /session/a995b82d0df1730148f5e6c1edf10a41/element - {"using":"xpath","value":"//span[contains(text(), \"Cost Center\")]"}
COMMAND: GET /session/a995b82d0df1730148f5e6c1edf10a41/screenshot - {}
RESULT: {"using":"xpath","value":"//span[contains(text(), \"Cost Center\")]"}
COMMAND: POST /session/a995b82d0df1730148f5e6c1edf10a41/element/f.5AF93869D51CACD0ED0B7A3F3CCEB8C6.d.ADE6F7A336A3ADFD51682E642A443D66.e.7829/click - {}
RESULT: {}
RESULT: {}
COMMAND: GET /session/a995b82d0df1730148f5e6c1edf10a41/screenshot - {}
RESULT: {}
COMMAND: POST /session/a995b82d0df1730148f5e6c1edf10a41/element - {"using":"xpath","value":"//span[@id=\"application-managepartners-display-component---NewPartner--addressNewCostObjectCstID-vhi\"]"}
RESULT: {"using":"xpath","value":"//span[@id=\"application-managepartners-display-component---NewPartner--addressNewCostObjectCstID-vhi\"]"}
COMMAND: POST /session/a995b82d0df1730148f5e6c1edf10a41/execute/sync - {"script":"<script> [8489 bytes]","args":[{"element-6066-11e4-a52e-4f735466cecf":"f.5AF93869D51CACD0ED0B7A3F3CCEB8C6.d.ADE6F7A336A3ADFD51682E642A443D66.e.7833","ELEMENT":"f.5AF93869D51CACD0ED0B7A3F3CCEB8C6.d.ADE6F7A336A3ADFD51682E642A443D66.e.7833"}]}
RESULT: {"script":"<script> [8489 bytes]","args":[{"element-6066-11e4-a52e-4f735466cecf":"f.5AF93869D51CACD0ED0B7A3F3CCEB8C6.d.ADE6F7A336A3ADFD51682E642A443D66.e.7833","ELEMENT":"f.5AF93869D51CACD0ED0B7A3F3CCEB8C6.d.ADE6F7A336A3ADFD51682E642A443D66.e.7833"}]}
COMMAND: POST /session/a995b82d0df1730148f5e6c1edf10a41/execute/async - {"script":"<script> [1562 bytes]","args":[{"selector":{"id":"application-managepartners-display-component---NewPartner--addressNewCostObjectCstID-vhi"},"wdio_ui5_key":"applicationmanagepartners-display-component---NewPartner--addressNewCostObjectCstID-vhi"}]}
COMMAND: GET /session/a995b82d0df1730148f5e6c1edf10a41/screenshot - {}
RESULT: {"script":"<script> [1562 bytes]","args":[{"selector":{"id":"application-managepartners-display-component---NewPartner--addressNewCostObjectCstID-vhi"},"wdio_ui5_key":"applicationmanagepartners-display-component---NewPartner--addressNewCostObjectCstID-vhi"}]}
RESULT: undefined
COMMAND: POST /session/a995b82d0df1730148f5e6c1edf10a41/element - {"using":"xpath","value":"//*[@id=\"application-managepartners-display-component---NewPartner--addressNewCostObjectCstID-vhi\"]"}
RESULT: {}
RESULT: {"using":"xpath","value":"//*[@id=\"application-managepartners-display-component---NewPartner--addressNewCostObjectCstID-vhi\"]"}
COMMAND: POST /session/a995b82d0df1730148f5e6c1edf10a41/element/f.5AF93869D51CACD0ED0B7A3F3CCEB8C6.d.ADE6F7A336A3ADFD51682E642A443D66.e.7833/click - {}
RESULT: {}
COMMAND: GET /session/a995b82d0df1730148f5e6c1edf10a41/screenshot - {}
RESULT: {}
RESULT: undefined
COMMAND: POST /session/a995b82d0df1730148f5e6c1edf10a41/execute/async - {"script":"<script> [776 bytes]","args":[{"enterText":"10001013","selector":{"controlType":"sap.m.SearchField","properties":{"placeholder":"Search"},"searchOpenDialogs":true,"interaction":{"idSuffix":"I"}},"clearTextFirst":true,"interactionType":"ENTER_TEXT"}]}
RESULT: {"script":"<script> [776 bytes]","args":[{"enterText":"10001013","selector":{"controlType":"sap.m.SearchField","properties":{"placeholder":"Search"},"searchOpenDialogs":true,"interaction":{"idSuffix":"I"}},"clearTextFirst":true,"interactionType":"ENTER_TEXT"}]}
COMMAND: POST /session/a995b82d0df1730148f5e6c1edf10a41/actions - {"actions":[{"id":"action19","type":"key","parameters":{},"actions":[{"type":"keyDown","value":""},{"type":"pause","duration":10},{"type":"keyUp","value":""}]}]}
RESULT: {"actions":[{"id":"action19","type":"key","parameters":{},"actions":[{"type":"keyDown","value":""},{"type":"pause","duration":10},{"type":"keyUp","value":""}]}]}
COMMAND: GET /session/a995b82d0df1730148f5e6c1edf10a41/screenshot - {}
RESULT: {}
COMMAND: POST /session/a995b82d0df1730148f5e6c1edf10a41/element - {"using":"xpath","value":"//span[contains(text(), \"General Management\")]"}
RESULT: {"using":"xpath","value":"//span[contains(text(), \"General Management\")]"}
COMMAND: POST /session/a995b82d0df1730148f5e6c1edf10a41/element/f.5AF93869D51CACD0ED0B7A3F3CCEB8C6.d.ADE6F7A336A3ADFD51682E642A443D66.e.7871/click - {}
RESULT: {}
COMMAND: GET /session/a995b82d0df1730148f5e6c1edf10a41/screenshot - {}
RESULT: {}
COMMAND: POST /session/a995b82d0df1730148f5e6c1edf10a41/element - {"using":"xpath","value":"//bdi[contains(text(), \"OK\")]"}
RESULT: {"using":"xpath","value":"//bdi[contains(text(), \"OK\")]"}
COMMAND: POST /session/a995b82d0df1730148f5e6c1edf10a41/element/f.5AF93869D51CACD0ED0B7A3F3CCEB8C6.d.ADE6F7A336A3ADFD51682E642A443D66.e.7872/click - {}
RESULT: {}
COMMAND: GET /session/a995b82d0df1730148f5e6c1edf10a41/screenshot - {}
RESULT: {}
COMMAND: POST /session/a995b82d0df1730148f5e6c1edf10a41/element - {"using":"xpath","value":"//input[@id=\"application-managepartners-display-component---NewPartner--companyCodeComboBox-inner\"]"}
RESULT: {"using":"xpath","value":"//input[@id=\"application-managepartners-display-component---NewPartner--companyCodeComboBox-inner\"]"}
COMMAND: POST /session/a995b82d0df1730148f5e6c1edf10a41/element/f.5AF93869D51CACD0ED0B7A3F3CCEB8C6.d.ADE6F7A336A3ADFD51682E642A443D66.e.7665/clear - {}
RESULT: {}
COMMAND: POST /session/a995b82d0df1730148f5e6c1edf10a41/element/f.5AF93869D51CACD0ED0B7A3F3CCEB8C6.d.ADE6F7A336A3ADFD51682E642A443D66.e.7665/value - {"text":"1000"}
COMMAND: GET /session/a995b82d0df1730148f5e6c1edf10a41/screenshot - {}
RESULT: {"text":"1000"}
COMMAND: GET /session/a995b82d0df1730148f5e6c1edf10a41/screenshot - {}
RESULT: {}
RESULT: {}
COMMAND: POST /session/a995b82d0df1730148f5e6c1edf10a41/element - {"using":"xpath","value":"//li[.//span[text()= \"1000\"]]"}
RESULT: {"using":"xpath","value":"//li[.//span[text()= \"1000\"]]"}
COMMAND: POST /session/a995b82d0df1730148f5e6c1edf10a41/element/f.5AF93869D51CACD0ED0B7A3F3CCEB8C6.d.ADE6F7A336A3ADFD51682E642A443D66.e.7878/click - {}
RESULT: {}
COMMAND: GET /session/a995b82d0df1730148f5e6c1edf10a41/screenshot - {}
RESULT: {}
COMMAND: POST /session/a995b82d0df1730148f5e6c1edf10a41/execute/async - {"script":"<script> [1562 bytes]","args":[{"selector":{"id":"application-managepartners-display-component---NewPartner--btnAddTableRow-img"},"wdio_ui5_key":"applicationmanagepartners-display-component---NewPartner--btnAddTableRow-img"}]}
RESULT: {"script":"<script> [1562 bytes]","args":[{"selector":{"id":"application-managepartners-display-component---NewPartner--btnAddTableRow-img"},"wdio_ui5_key":"applicationmanagepartners-display-component---NewPartner--btnAddTableRow-img"}]}
RESULT: undefined
COMMAND: POST /session/a995b82d0df1730148f5e6c1edf10a41/element - {"using":"xpath","value":"//*[@id=\"application-managepartners-display-component---NewPartner--btnAddTableRow-img\"]"}
RESULT: {"using":"xpath","value":"//*[@id=\"application-managepartners-display-component---NewPartner--btnAddTableRow-img\"]"}
COMMAND: POST /session/a995b82d0df1730148f5e6c1edf10a41/element/f.5AF93869D51CACD0ED0B7A3F3CCEB8C6.d.ADE6F7A336A3ADFD51682E642A443D66.e.7879/click - {}
RESULT: {}
COMMAND: GET /session/a995b82d0df1730148f5e6c1edf10a41/screenshot - {}
RESULT: {}
COMMAND: POST /session/a995b82d0df1730148f5e6c1edf10a41/element - {"using":"xpath","value":"//input[@id=\"application-managepartners-display-component---NewPartner--assignmentYard-application-managepartners-display-component---NewPartner--assignmentsTable-0-inner\"]"}
RESULT: {"using":"xpath","value":"//input[@id=\"application-managepartners-display-component---NewPartner--assignmentYard-application-managepartners-display-component---NewPartner--assignmentsTable-0-inner\"]"}
COMMAND: POST /session/a995b82d0df1730148f5e6c1edf10a41/element/f.5AF93869D51CACD0ED0B7A3F3CCEB8C6.d.ADE6F7A336A3ADFD51682E642A443D66.e.7882/clear - {}
RESULT: {}
COMMAND: POST /session/a995b82d0df1730148f5e6c1edf10a41/element/f.5AF93869D51CACD0ED0B7A3F3CCEB8C6.d.ADE6F7A336A3ADFD51682E642A443D66.e.7882/value - {"text":"509"}
COMMAND: GET /session/a995b82d0df1730148f5e6c1edf10a41/screenshot - {}
RESULT: {"text":"509"}
COMMAND: GET /session/a995b82d0df1730148f5e6c1edf10a41/screenshot - {}
RESULT: {}
RESULT: {}
COMMAND: POST /session/a995b82d0df1730148f5e6c1edf10a41/element - {"using":"xpath","value":"//li[.//span[text()='509']]"}
RESULT: {"using":"xpath","value":"//li[.//span[text()='509']]"}
COMMAND: POST /session/a995b82d0df1730148f5e6c1edf10a41/element/f.5AF93869D51CACD0ED0B7A3F3CCEB8C6.d.ADE6F7A336A3ADFD51682E642A443D66.e.7891/click - {}
RESULT: {}
COMMAND: GET /session/a995b82d0df1730148f5e6c1edf10a41/screenshot - {}
RESULT: {}
COMMAND: POST /session/a995b82d0df1730148f5e6c1edf10a41/actions - {"actions":[{"id":"action20","type":"key","parameters":{},"actions":[{"type":"keyDown","value":""},{"type":"pause","duration":10},{"type":"keyUp","value":""}]}]}
RESULT: {"actions":[{"id":"action20","type":"key","parameters":{},"actions":[{"type":"keyDown","value":""},{"type":"pause","duration":10},{"type":"keyUp","value":""}]}]}
COMMAND: POST /session/a995b82d0df1730148f5e6c1edf10a41/execute/async - {"script":"<script> [1562 bytes]","args":[{"selector":{"id":"application-managepartners-display-component---NewPartner--externalCustomerComboBox-application-managepartners-display-component---NewPartner--assignmentsTable-0-vhi"},"wdio_ui5_key":"applicationmanagepartners-display-component---NewPartner--externalCustomerComboBox-application-managepartners-display-component---NewPartner--assignmentsTable-0-vhi"}]}
COMMAND: GET /session/a995b82d0df1730148f5e6c1edf10a41/screenshot - {}
RESULT: {"script":"<script> [1562 bytes]","args":[{"selector":{"id":"application-managepartners-display-component---NewPartner--externalCustomerComboBox-application-managepartners-display-component---NewPartner--assignmentsTable-0-vhi"},"wdio_ui5_key":"applicationmanagepartners-display-component---NewPartner--externalCustomerComboBox-application-managepartners-display-component---NewPartner--assignmentsTable-0-vhi"}]}
RESULT: undefined
COMMAND: POST /session/a995b82d0df1730148f5e6c1edf10a41/element - {"using":"xpath","value":"//*[@id=\"application-managepartners-display-component---NewPartner--externalCustomerComboBox-application-managepartners-display-component---NewPartner--assignmentsTable-0-vhi\"]"}
RESULT: {}
RESULT: {"using":"xpath","value":"//*[@id=\"application-managepartners-display-component---NewPartner--externalCustomerComboBox-application-managepartners-display-component---NewPartner--assignmentsTable-0-vhi\"]"}
COMMAND: POST /session/a995b82d0df1730148f5e6c1edf10a41/element/f.5AF93869D51CACD0ED0B7A3F3CCEB8C6.d.ADE6F7A336A3ADFD51682E642A443D66.e.7895/click - {}
RESULT: {}
RESULT: undefined
COMMAND: POST /session/a995b82d0df1730148f5e6c1edf10a41/execute/async - {"script":"<script> [776 bytes]","args":[{"enterText":"300003","selector":{"controlType":"sap.m.SearchField","properties":{"placeholder":"Search"},"searchOpenDialogs":true,"interaction":{"idSuffix":"I"}},"clearTextFirst":true,"interactionType":"ENTER_TEXT"}]}
COMMAND: GET /session/a995b82d0df1730148f5e6c1edf10a41/screenshot - {}
RESULT: {"script":"<script> [776 bytes]","args":[{"enterText":"300003","selector":{"controlType":"sap.m.SearchField","properties":{"placeholder":"Search"},"searchOpenDialogs":true,"interaction":{"idSuffix":"I"}},"clearTextFirst":true,"interactionType":"ENTER_TEXT"}]}
COMMAND: POST /session/a995b82d0df1730148f5e6c1edf10a41/actions - {"actions":[{"id":"action21","type":"key","parameters":{},"actions":[{"type":"keyDown","value":""},{"type":"pause","duration":10},{"type":"keyUp","value":""}]}]}
RESULT: {}
RESULT: {"actions":[{"id":"action21","type":"key","parameters":{},"actions":[{"type":"keyDown","value":""},{"type":"pause","duration":10},{"type":"keyUp","value":""}]}]}
COMMAND: GET /session/a995b82d0df1730148f5e6c1edf10a41/screenshot - {}
RESULT: {}
COMMAND: POST /session/a995b82d0df1730148f5e6c1edf10a41/element - {"using":"xpath","value":"//span[contains(text(), \"300003\")]"}
RESULT: {"using":"xpath","value":"//span[contains(text(), \"300003\")]"}
COMMAND: POST /session/a995b82d0df1730148f5e6c1edf10a41/element/f.5AF93869D51CACD0ED0B7A3F3CCEB8C6.d.ADE6F7A336A3ADFD51682E642A443D66.e.7913/click - {}
RESULT: {}
COMMAND: GET /session/a995b82d0df1730148f5e6c1edf10a41/screenshot - {}
RESULT: {}
COMMAND: POST /session/a995b82d0df1730148f5e6c1edf10a41/element - {"using":"xpath","value":"//bdi[contains(text(), \"OK\")]"}
RESULT: {"using":"xpath","value":"//bdi[contains(text(), \"OK\")]"}
COMMAND: POST /session/a995b82d0df1730148f5e6c1edf10a41/element/f.5AF93869D51CACD0ED0B7A3F3CCEB8C6.d.ADE6F7A336A3ADFD51682E642A443D66.e.7915/click - {}
RESULT: {}
COMMAND: GET /session/a995b82d0df1730148f5e6c1edf10a41/screenshot - {}
RESULT: {}
COMMAND: POST /session/a995b82d0df1730148f5e6c1edf10a41/execute/async - {"script":"<script> [1562 bytes]","args":[{"selector":{"id":"application-managepartners-display-component---NewPartner--intercompVendorComboBox-application-managepartners-display-component---NewPartner--assignmentsTable-0-vhi"},"wdio_ui5_key":"applicationmanagepartners-display-component---NewPartner--intercompVendorComboBox-application-managepartners-display-component---NewPartner--assignmentsTable-0-vhi"}]}
RESULT: {"script":"<script> [1562 bytes]","args":[{"selector":{"id":"application-managepartners-display-component---NewPartner--intercompVendorComboBox-application-managepartners-display-component---NewPartner--assignmentsTable-0-vhi"},"wdio_ui5_key":"applicationmanagepartners-display-component---NewPartner--intercompVendorComboBox-application-managepartners-display-component---NewPartner--assignmentsTable-0-vhi"}]}
RESULT: undefined
COMMAND: POST /session/a995b82d0df1730148f5e6c1edf10a41/element - {"using":"xpath","value":"//*[@id=\"application-managepartners-display-component---NewPartner--intercompVendorComboBox-application-managepartners-display-component---NewPartner--assignmentsTable-0-vhi\"]"}
RESULT: {"using":"xpath","value":"//*[@id=\"application-managepartners-display-component---NewPartner--intercompVendorComboBox-application-managepartners-display-component---NewPartner--assignmentsTable-0-vhi\"]"}
COMMAND: POST /session/a995b82d0df1730148f5e6c1edf10a41/element/f.5AF93869D51CACD0ED0B7A3F3CCEB8C6.d.ADE6F7A336A3ADFD51682E642A443D66.e.7918/click - {}
RESULT: {}
RESULT: undefined
COMMAND: POST /session/a995b82d0df1730148f5e6c1edf10a41/execute/async - {"script":"<script> [776 bytes]","args":[{"enterText":"100005","selector":{"controlType":"sap.m.SearchField","properties":{"placeholder":"Search"},"searchOpenDialogs":true,"interaction":{"idSuffix":"I"}},"clearTextFirst":true,"interactionType":"ENTER_TEXT"}]}
COMMAND: GET /session/a995b82d0df1730148f5e6c1edf10a41/screenshot - {}
RESULT: {"script":"<script> [776 bytes]","args":[{"enterText":"100005","selector":{"controlType":"sap.m.SearchField","properties":{"placeholder":"Search"},"searchOpenDialogs":true,"interaction":{"idSuffix":"I"}},"clearTextFirst":true,"interactionType":"ENTER_TEXT"}]}
COMMAND: POST /session/a995b82d0df1730148f5e6c1edf10a41/actions - {"actions":[{"id":"action22","type":"key","parameters":{},"actions":[{"type":"keyDown","value":""},{"type":"pause","duration":10},{"type":"keyUp","value":""}]}]}
RESULT: {}
RESULT: {"actions":[{"id":"action22","type":"key","parameters":{},"actions":[{"type":"keyDown","value":""},{"type":"pause","duration":10},{"type":"keyUp","value":""}]}]}
COMMAND: GET /session/a995b82d0df1730148f5e6c1edf10a41/screenshot - {}
RESULT: {}
COMMAND: POST /session/a995b82d0df1730148f5e6c1edf10a41/element - {"using":"xpath","value":"//span[contains(text(), \"Penguins - Field/12345 Berlin\")]"}
RESULT: {"using":"xpath","value":"//span[contains(text(), \"Penguins - Field/12345 Berlin\")]"}
COMMAND: POST /session/a995b82d0df1730148f5e6c1edf10a41/element/f.5AF93869D51CACD0ED0B7A3F3CCEB8C6.d.ADE6F7A336A3ADFD51682E642A443D66.e.7937/click - {}
RESULT: {}
COMMAND: GET /session/a995b82d0df1730148f5e6c1edf10a41/screenshot - {}
RESULT: {}
COMMAND: POST /session/a995b82d0df1730148f5e6c1edf10a41/element - {"using":"xpath","value":"//bdi[contains(text(), \"OK\")]"}
RESULT: {"using":"xpath","value":"//bdi[contains(text(), \"OK\")]"}
COMMAND: POST /session/a995b82d0df1730148f5e6c1edf10a41/element/f.5AF93869D51CACD0ED0B7A3F3CCEB8C6.d.ADE6F7A336A3ADFD51682E642A443D66.e.7938/click - {}
RESULT: {}
COMMAND: GET /session/a995b82d0df1730148f5e6c1edf10a41/screenshot - {}
RESULT: {}
COMMAND: POST /session/a995b82d0df1730148f5e6c1edf10a41/element - {"using":"xpath","value":"//button[@data-kt=\"saveButton\"]"}
RESULT: {"using":"xpath","value":"//button[@data-kt=\"saveButton\"]"}
COMMAND: POST /session/a995b82d0df1730148f5e6c1edf10a41/element/f.5AF93869D51CACD0ED0B7A3F3CCEB8C6.d.ADE6F7A336A3ADFD51682E642A443D66.e.7708/click - {}
RESULT: {}
COMMAND: GET /session/a995b82d0df1730148f5e6c1edf10a41/screenshot - {}
RESULT: {}
COMMAND: POST /session/a995b82d0df1730148f5e6c1edf10a41/element - {"using":"xpath","value":"//header[contains(@id, 'ObjectPageLayout-headerTitle')]/div[1]/div[2]/div[2]/span[1]"}
RESULT: {"using":"xpath","value":"//header[contains(@id, 'ObjectPageLayout-headerTitle')]/div[1]/div[2]/div[2]/span[1]"}
COMMAND: POST /session/a995b82d0df1730148f5e6c1edf10a41/elements - {"using":"xpath","value":"//header[contains(@id, 'ObjectPageLayout-headerTitle')]/div[1]/div[2]/div[2]/span[1]"}
RESULT: {"using":"xpath","value":"//header[contains(@id, 'ObjectPageLayout-headerTitle')]/div[1]/div[2]/div[2]/span[1]"}
COMMAND: POST /session/a995b82d0df1730148f5e6c1edf10a41/execute/sync - {"script":"<script> [56 bytes]","args":[{"element-6066-11e4-a52e-4f735466cecf":"f.5AF93869D51CACD0ED0B7A3F3CCEB8C6.d.ADE6F7A336A3ADFD51682E642A443D66.e.8103","ELEMENT":"f.5AF93869D51CACD0ED0B7A3F3CCEB8C6.d.ADE6F7A336A3ADFD51682E642A443D66.e.8103"}]}
RESULT: {"script":"<script> [56 bytes]","args":[{"element-6066-11e4-a52e-4f735466cecf":"f.5AF93869D51CACD0ED0B7A3F3CCEB8C6.d.ADE6F7A336A3ADFD51682E642A443D66.e.8103","ELEMENT":"f.5AF93869D51CACD0ED0B7A3F3CCEB8C6.d.ADE6F7A336A3ADFD51682E642A443D66.e.8103"}]}
COMMAND: POST /session/a995b82d0df1730148f5e6c1edf10a41/element - {"using":"css selector","value":"#shell-header-logo"}
COMMAND: GET /session/a995b82d0df1730148f5e6c1edf10a41/screenshot - {}
RESULT: {"using":"css selector","value":"#shell-header-logo"}
COMMAND: POST /session/a995b82d0df1730148f5e6c1edf10a41/element/f.5AF93869D51CACD0ED0B7A3F3CCEB8C6.d.ADE6F7A336A3ADFD51682E642A443D66.e.7356/click - {}
RESULT: {}
RESULT: {}
COMMAND: GET /session/a995b82d0df1730148f5e6c1edf10a41/screenshot - {}
RESULT: {}
COMMAND: POST /session/a995b82d0df1730148f5e6c1edf10a41/execute/sync - {"script":"<script> [299 bytes]","args":[["getModel","getResource"]]}
RESULT: {"script":"<script> [299 bytes]","args":[["getModel","getResource"]]}
]]></system-out>
    </testcase>
    <testcase classname="chrome.136_0_7103_93.windows.Billing_Transfer_-_Intracompany_US127249" name="Should create a new site" time="112.643">
      <system-out><![CDATA[
COMMAND: POST /session/a995b82d0df1730148f5e6c1edf10a41/execute/async - {"script":"<script> [1562 bytes]","args":[{"selector":{"controlType":"sap.m.GenericTile","properties":{"header":"Manage Sites"}},"wdio_ui5_key":"sapm.GenericTile{\"header\":\"Manage Sites\"}"}]}
COMMAND: GET /session/a995b82d0df1730148f5e6c1edf10a41/screenshot - {}
RESULT: {"script":"<script> [1562 bytes]","args":[{"selector":{"controlType":"sap.m.GenericTile","properties":{"header":"Manage Sites"}},"wdio_ui5_key":"sapm.GenericTile{\"header\":\"Manage Sites\"}"}]}
RESULT: undefined
COMMAND: POST /session/a995b82d0df1730148f5e6c1edf10a41/element - {"using":"xpath","value":"//*[@id=\"__tile40\"]"}
RESULT: {}
RESULT: {"using":"xpath","value":"//*[@id=\"__tile40\"]"}
COMMAND: POST /session/a995b82d0df1730148f5e6c1edf10a41/element/f.5AF93869D51CACD0ED0B7A3F3CCEB8C6.d.ADE6F7A336A3ADFD51682E642A443D66.e.6511/click - {}
RESULT: {}
COMMAND: GET /session/a995b82d0df1730148f5e6c1edf10a41/screenshot - {}
RESULT: {}
COMMAND: POST /session/a995b82d0df1730148f5e6c1edf10a41/elements - {"using":"xpath","value":"//span[text()='Error']"}
RESULT: {"using":"xpath","value":"//span[text()='Error']"}
COMMAND: POST /session/a995b82d0df1730148f5e6c1edf10a41/element - {"using":"xpath","value":"//button[@data-kt=\"addOverflowToolbarButton\"]"}
RESULT: {"using":"xpath","value":"//button[@data-kt=\"addOverflowToolbarButton\"]"}
COMMAND: POST /session/a995b82d0df1730148f5e6c1edf10a41/elements - {"using":"xpath","value":"//button[@data-kt=\"addOverflowToolbarButton\"]"}
RESULT: {"using":"xpath","value":"//button[@data-kt=\"addOverflowToolbarButton\"]"}
COMMAND: POST /session/a995b82d0df1730148f5e6c1edf10a41/execute/sync - {"script":"<script> [8489 bytes]","args":[{"element-6066-11e4-a52e-4f735466cecf":"f.5AF93869D51CACD0ED0B7A3F3CCEB8C6.d.ADE6F7A336A3ADFD51682E642A443D66.e.8151","ELEMENT":"f.5AF93869D51CACD0ED0B7A3F3CCEB8C6.d.ADE6F7A336A3ADFD51682E642A443D66.e.8151"}]}
RESULT: {"script":"<script> [8489 bytes]","args":[{"element-6066-11e4-a52e-4f735466cecf":"f.5AF93869D51CACD0ED0B7A3F3CCEB8C6.d.ADE6F7A336A3ADFD51682E642A443D66.e.8151","ELEMENT":"f.5AF93869D51CACD0ED0B7A3F3CCEB8C6.d.ADE6F7A336A3ADFD51682E642A443D66.e.8151"}]}
COMMAND: GET /session/a995b82d0df1730148f5e6c1edf10a41/element/f.5AF93869D51CACD0ED0B7A3F3CCEB8C6.d.ADE6F7A336A3ADFD51682E642A443D66.e.8151/enabled - {}
COMMAND: GET /session/a995b82d0df1730148f5e6c1edf10a41/screenshot - {}
RESULT: {}
COMMAND: POST /session/a995b82d0df1730148f5e6c1edf10a41/execute/sync - {"script":"<script> [8489 bytes]","args":[{"element-6066-11e4-a52e-4f735466cecf":"f.5AF93869D51CACD0ED0B7A3F3CCEB8C6.d.ADE6F7A336A3ADFD51682E642A443D66.e.8151","ELEMENT":"f.5AF93869D51CACD0ED0B7A3F3CCEB8C6.d.ADE6F7A336A3ADFD51682E642A443D66.e.8151"}]}
COMMAND: GET /session/a995b82d0df1730148f5e6c1edf10a41/screenshot - {}
RESULT: {}
RESULT: {"script":"<script> [8489 bytes]","args":[{"element-6066-11e4-a52e-4f735466cecf":"f.5AF93869D51CACD0ED0B7A3F3CCEB8C6.d.ADE6F7A336A3ADFD51682E642A443D66.e.8151","ELEMENT":"f.5AF93869D51CACD0ED0B7A3F3CCEB8C6.d.ADE6F7A336A3ADFD51682E642A443D66.e.8151"}]}
COMMAND: POST /session/a995b82d0df1730148f5e6c1edf10a41/execute/sync - {"script":"<script> [5351 bytes]","args":[{"element-6066-11e4-a52e-4f735466cecf":"f.5AF93869D51CACD0ED0B7A3F3CCEB8C6.d.ADE6F7A336A3ADFD51682E642A443D66.e.8151","ELEMENT":"f.5AF93869D51CACD0ED0B7A3F3CCEB8C6.d.ADE6F7A336A3ADFD51682E642A443D66.e.8151"}]}
COMMAND: GET /session/a995b82d0df1730148f5e6c1edf10a41/screenshot - {}
RESULT: {}
RESULT: {"script":"<script> [5351 bytes]","args":[{"element-6066-11e4-a52e-4f735466cecf":"f.5AF93869D51CACD0ED0B7A3F3CCEB8C6.d.ADE6F7A336A3ADFD51682E642A443D66.e.8151","ELEMENT":"f.5AF93869D51CACD0ED0B7A3F3CCEB8C6.d.ADE6F7A336A3ADFD51682E642A443D66.e.8151"}]}
COMMAND: POST /session/a995b82d0df1730148f5e6c1edf10a41/element/f.5AF93869D51CACD0ED0B7A3F3CCEB8C6.d.ADE6F7A336A3ADFD51682E642A443D66.e.8151/click - {}
COMMAND: GET /session/a995b82d0df1730148f5e6c1edf10a41/screenshot - {}
RESULT: {}
RESULT: {}
COMMAND: GET /session/a995b82d0df1730148f5e6c1edf10a41/screenshot - {}
COMMAND: POST /session/a995b82d0df1730148f5e6c1edf10a41/element - {"using":"xpath","value":"//input[@id=\"application-managesites-display-component---NewSite--siteId-inner\"]"}
RESULT: {}
RESULT: {}
RESULT: {"using":"xpath","value":"//input[@id=\"application-managesites-display-component---NewSite--siteId-inner\"]"}
COMMAND: POST /session/a995b82d0df1730148f5e6c1edf10a41/element - {"using":"xpath","value":"//input[@id=\"application-managesites-display-component---NewSite--siteId-inner\"]"}
RESULT: {"using":"xpath","value":"//input[@id=\"application-managesites-display-component---NewSite--siteId-inner\"]"}
COMMAND: POST /session/a995b82d0df1730148f5e6c1edf10a41/execute/async - {"script":"<script> [1562 bytes]","args":[{"selector":{"id":"application-managesites-display-component---NewSite--addressDetailDetailsName1","interaction":{"idSuffix":"inner"}},"wdio_ui5_key":"applicationmanagesites-display-component---NewSite--addressDetailDetailsName1"}]}
RESULT: {"script":"<script> [1562 bytes]","args":[{"selector":{"id":"application-managesites-display-component---NewSite--addressDetailDetailsName1","interaction":{"idSuffix":"inner"}},"wdio_ui5_key":"applicationmanagesites-display-component---NewSite--addressDetailDetailsName1"}]}
RESULT: undefined
COMMAND: POST /session/a995b82d0df1730148f5e6c1edf10a41/execute/async - {"script":"<script> [776 bytes]","args":[{"enterText":"Intracompany Site wdIO","selector":{"id":"application-managesites-display-component---NewSite--addressDetailDetailsName1","interaction":{"idSuffix":"inner"}},"clearTextFirst":true,"interactionType":"ENTER_TEXT"}]}
RESULT: {"script":"<script> [776 bytes]","args":[{"enterText":"Intracompany Site wdIO","selector":{"id":"application-managesites-display-component---NewSite--addressDetailDetailsName1","interaction":{"idSuffix":"inner"}},"clearTextFirst":true,"interactionType":"ENTER_TEXT"}]}
COMMAND: POST /session/a995b82d0df1730148f5e6c1edf10a41/execute/async - {"script":"<script> [1562 bytes]","args":[{"selector":{"id":"application-managesites-display-component---NewSite--addressDetailDetailsLanguage-arrow"},"wdio_ui5_key":"applicationmanagesites-display-component---NewSite--addressDetailDetailsLanguage-arrow"}]}
RESULT: {"script":"<script> [1562 bytes]","args":[{"selector":{"id":"application-managesites-display-component---NewSite--addressDetailDetailsLanguage-arrow"},"wdio_ui5_key":"applicationmanagesites-display-component---NewSite--addressDetailDetailsLanguage-arrow"}]}
RESULT: undefined
COMMAND: POST /session/a995b82d0df1730148f5e6c1edf10a41/element - {"using":"xpath","value":"//*[@id=\"application-managesites-display-component---NewSite--addressDetailDetailsLanguage-arrow\"]"}
RESULT: {"using":"xpath","value":"//*[@id=\"application-managesites-display-component---NewSite--addressDetailDetailsLanguage-arrow\"]"}
COMMAND: POST /session/a995b82d0df1730148f5e6c1edf10a41/element/f.5AF93869D51CACD0ED0B7A3F3CCEB8C6.d.ADE6F7A336A3ADFD51682E642A443D66.e.8547/click - {}
RESULT: {}
COMMAND: POST /session/a995b82d0df1730148f5e6c1edf10a41/element - {"using":"xpath","value":"//span[contains(text(), \"English\")]"}
COMMAND: GET /session/a995b82d0df1730148f5e6c1edf10a41/screenshot - {}
RESULT: {"using":"xpath","value":"//span[contains(text(), \"English\")]"}
COMMAND: POST /session/a995b82d0df1730148f5e6c1edf10a41/element/f.5AF93869D51CACD0ED0B7A3F3CCEB8C6.d.ADE6F7A336A3ADFD51682E642A443D66.e.8548/click - {}
RESULT: {}
RESULT: {}
COMMAND: POST /session/a995b82d0df1730148f5e6c1edf10a41/execute/async - {"script":"<script> [1562 bytes]","args":[{"selector":{"id":"application-managesites-display-component---NewSite--addressDetailDetailsCity1","interaction":{"idSuffix":"inner"}},"wdio_ui5_key":"applicationmanagesites-display-component---NewSite--addressDetailDetailsCity1"}]}
COMMAND: GET /session/a995b82d0df1730148f5e6c1edf10a41/screenshot - {}
RESULT: {"script":"<script> [1562 bytes]","args":[{"selector":{"id":"application-managesites-display-component---NewSite--addressDetailDetailsCity1","interaction":{"idSuffix":"inner"}},"wdio_ui5_key":"applicationmanagesites-display-component---NewSite--addressDetailDetailsCity1"}]}
RESULT: undefined
COMMAND: POST /session/a995b82d0df1730148f5e6c1edf10a41/execute/async - {"script":"<script> [776 bytes]","args":[{"enterText":"Rosario","selector":{"id":"application-managesites-display-component---NewSite--addressDetailDetailsCity1","interaction":{"idSuffix":"inner"}},"clearTextFirst":true,"interactionType":"ENTER_TEXT"}]}
RESULT: {}
RESULT: {"script":"<script> [776 bytes]","args":[{"enterText":"Rosario","selector":{"id":"application-managesites-display-component---NewSite--addressDetailDetailsCity1","interaction":{"idSuffix":"inner"}},"clearTextFirst":true,"interactionType":"ENTER_TEXT"}]}
COMMAND: POST /session/a995b82d0df1730148f5e6c1edf10a41/execute/async - {"script":"<script> [1562 bytes]","args":[{"selector":{"id":"application-managesites-display-component---NewSite--addressDetailDetailsCountry-arrow"},"wdio_ui5_key":"applicationmanagesites-display-component---NewSite--addressDetailDetailsCountry-arrow"}]}
RESULT: {"script":"<script> [1562 bytes]","args":[{"selector":{"id":"application-managesites-display-component---NewSite--addressDetailDetailsCountry-arrow"},"wdio_ui5_key":"applicationmanagesites-display-component---NewSite--addressDetailDetailsCountry-arrow"}]}
RESULT: undefined
COMMAND: POST /session/a995b82d0df1730148f5e6c1edf10a41/element - {"using":"xpath","value":"//*[@id=\"application-managesites-display-component---NewSite--addressDetailDetailsCountry-arrow\"]"}
RESULT: {"using":"xpath","value":"//*[@id=\"application-managesites-display-component---NewSite--addressDetailDetailsCountry-arrow\"]"}
COMMAND: POST /session/a995b82d0df1730148f5e6c1edf10a41/element/f.5AF93869D51CACD0ED0B7A3F3CCEB8C6.d.ADE6F7A336A3ADFD51682E642A443D66.e.8550/click - {}
RESULT: {}
COMMAND: POST /session/a995b82d0df1730148f5e6c1edf10a41/element - {"using":"xpath","value":"//span[contains(text(), \"Argentina\")]"}
COMMAND: GET /session/a995b82d0df1730148f5e6c1edf10a41/screenshot - {}
RESULT: {"using":"xpath","value":"//span[contains(text(), \"Argentina\")]"}
COMMAND: POST /session/a995b82d0df1730148f5e6c1edf10a41/element/f.5AF93869D51CACD0ED0B7A3F3CCEB8C6.d.ADE6F7A336A3ADFD51682E642A443D66.e.8551/click - {}
RESULT: {}
RESULT: {}
COMMAND: GET /session/a995b82d0df1730148f5e6c1edf10a41/screenshot - {}
RESULT: {}
COMMAND: POST /session/a995b82d0df1730148f5e6c1edf10a41/execute/async - {"script":"<script> [1562 bytes]","args":[{"selector":{"id":"application-managesites-display-component---NewSite--addressEditDetailsCostObjectCstType-arrow"},"wdio_ui5_key":"applicationmanagesites-display-component---NewSite--addressEditDetailsCostObjectCstType-arrow"}]}
RESULT: {"script":"<script> [1562 bytes]","args":[{"selector":{"id":"application-managesites-display-component---NewSite--addressEditDetailsCostObjectCstType-arrow"},"wdio_ui5_key":"applicationmanagesites-display-component---NewSite--addressEditDetailsCostObjectCstType-arrow"}]}
RESULT: undefined
COMMAND: POST /session/a995b82d0df1730148f5e6c1edf10a41/element - {"using":"xpath","value":"//*[@id=\"application-managesites-display-component---NewSite--addressEditDetailsCostObjectCstType-arrow\"]"}
RESULT: {"using":"xpath","value":"//*[@id=\"application-managesites-display-component---NewSite--addressEditDetailsCostObjectCstType-arrow\"]"}
COMMAND: POST /session/a995b82d0df1730148f5e6c1edf10a41/element/f.5AF93869D51CACD0ED0B7A3F3CCEB8C6.d.ADE6F7A336A3ADFD51682E642A443D66.e.8553/click - {}
RESULT: {}
COMMAND: POST /session/a995b82d0df1730148f5e6c1edf10a41/element - {"using":"xpath","value":"//span[contains(text(), \"Cost Center\")]"}
COMMAND: GET /session/a995b82d0df1730148f5e6c1edf10a41/screenshot - {}
RESULT: {"using":"xpath","value":"//span[contains(text(), \"Cost Center\")]"}
COMMAND: POST /session/a995b82d0df1730148f5e6c1edf10a41/element/f.5AF93869D51CACD0ED0B7A3F3CCEB8C6.d.ADE6F7A336A3ADFD51682E642A443D66.e.8554/click - {}
RESULT: {}
RESULT: {}
COMMAND: GET /session/a995b82d0df1730148f5e6c1edf10a41/screenshot - {}
RESULT: {}
COMMAND: POST /session/a995b82d0df1730148f5e6c1edf10a41/element - {"using":"xpath","value":"//span[@id=\"application-managesites-display-component---NewSite--addressNewCostObjectCstID-vhi\"]"}
RESULT: {"using":"xpath","value":"//span[@id=\"application-managesites-display-component---NewSite--addressNewCostObjectCstID-vhi\"]"}
COMMAND: POST /session/a995b82d0df1730148f5e6c1edf10a41/execute/sync - {"script":"<script> [8489 bytes]","args":[{"element-6066-11e4-a52e-4f735466cecf":"f.5AF93869D51CACD0ED0B7A3F3CCEB8C6.d.ADE6F7A336A3ADFD51682E642A443D66.e.8559","ELEMENT":"f.5AF93869D51CACD0ED0B7A3F3CCEB8C6.d.ADE6F7A336A3ADFD51682E642A443D66.e.8559"}]}
RESULT: {"script":"<script> [8489 bytes]","args":[{"element-6066-11e4-a52e-4f735466cecf":"f.5AF93869D51CACD0ED0B7A3F3CCEB8C6.d.ADE6F7A336A3ADFD51682E642A443D66.e.8559","ELEMENT":"f.5AF93869D51CACD0ED0B7A3F3CCEB8C6.d.ADE6F7A336A3ADFD51682E642A443D66.e.8559"}]}
COMMAND: POST /session/a995b82d0df1730148f5e6c1edf10a41/execute/async - {"script":"<script> [1562 bytes]","args":[{"selector":{"id":"application-managesites-display-component---NewSite--addressNewCostObjectCstID-vhi"},"wdio_ui5_key":"applicationmanagesites-display-component---NewSite--addressNewCostObjectCstID-vhi"}]}
COMMAND: GET /session/a995b82d0df1730148f5e6c1edf10a41/screenshot - {}
RESULT: {"script":"<script> [1562 bytes]","args":[{"selector":{"id":"application-managesites-display-component---NewSite--addressNewCostObjectCstID-vhi"},"wdio_ui5_key":"applicationmanagesites-display-component---NewSite--addressNewCostObjectCstID-vhi"}]}
RESULT: undefined
COMMAND: POST /session/a995b82d0df1730148f5e6c1edf10a41/element - {"using":"xpath","value":"//*[@id=\"application-managesites-display-component---NewSite--addressNewCostObjectCstID-vhi\"]"}
RESULT: {}
RESULT: {"using":"xpath","value":"//*[@id=\"application-managesites-display-component---NewSite--addressNewCostObjectCstID-vhi\"]"}
COMMAND: POST /session/a995b82d0df1730148f5e6c1edf10a41/element/f.5AF93869D51CACD0ED0B7A3F3CCEB8C6.d.ADE6F7A336A3ADFD51682E642A443D66.e.8559/click - {}
RESULT: {}
COMMAND: GET /session/a995b82d0df1730148f5e6c1edf10a41/screenshot - {}
RESULT: {}
RESULT: undefined
COMMAND: POST /session/a995b82d0df1730148f5e6c1edf10a41/execute/async - {"script":"<script> [776 bytes]","args":[{"enterText":"10001013","selector":{"controlType":"sap.m.SearchField","properties":{"placeholder":"Search"},"searchOpenDialogs":true,"interaction":{"idSuffix":"I"}},"clearTextFirst":true,"interactionType":"ENTER_TEXT"}]}
RESULT: {"script":"<script> [776 bytes]","args":[{"enterText":"10001013","selector":{"controlType":"sap.m.SearchField","properties":{"placeholder":"Search"},"searchOpenDialogs":true,"interaction":{"idSuffix":"I"}},"clearTextFirst":true,"interactionType":"ENTER_TEXT"}]}
COMMAND: POST /session/a995b82d0df1730148f5e6c1edf10a41/actions - {"actions":[{"id":"action23","type":"key","parameters":{},"actions":[{"type":"keyDown","value":""},{"type":"pause","duration":10},{"type":"keyUp","value":""}]}]}
RESULT: {"actions":[{"id":"action23","type":"key","parameters":{},"actions":[{"type":"keyDown","value":""},{"type":"pause","duration":10},{"type":"keyUp","value":""}]}]}
COMMAND: GET /session/a995b82d0df1730148f5e6c1edf10a41/screenshot - {}
RESULT: {}
COMMAND: POST /session/a995b82d0df1730148f5e6c1edf10a41/element - {"using":"xpath","value":"//span[contains(text(), \"General Management\")]"}
RESULT: {"using":"xpath","value":"//span[contains(text(), \"General Management\")]"}
COMMAND: POST /session/a995b82d0df1730148f5e6c1edf10a41/element/f.5AF93869D51CACD0ED0B7A3F3CCEB8C6.d.ADE6F7A336A3ADFD51682E642A443D66.e.8599/click - {}
RESULT: {}
COMMAND: GET /session/a995b82d0df1730148f5e6c1edf10a41/screenshot - {}
RESULT: {}
COMMAND: POST /session/a995b82d0df1730148f5e6c1edf10a41/element - {"using":"xpath","value":"//bdi[contains(text(), \"OK\")]"}
RESULT: {"using":"xpath","value":"//bdi[contains(text(), \"OK\")]"}
COMMAND: POST /session/a995b82d0df1730148f5e6c1edf10a41/element/f.5AF93869D51CACD0ED0B7A3F3CCEB8C6.d.ADE6F7A336A3ADFD51682E642A443D66.e.8600/click - {}
RESULT: {}
COMMAND: GET /session/a995b82d0df1730148f5e6c1edf10a41/screenshot - {}
RESULT: {}
COMMAND: POST /session/a995b82d0df1730148f5e6c1edf10a41/element - {"using":"xpath","value":"//input[@id=\"application-managesites-display-component---NewSite--addressDetailDetailsCalendar-inner\"]"}
RESULT: {"using":"xpath","value":"//input[@id=\"application-managesites-display-component---NewSite--addressDetailDetailsCalendar-inner\"]"}
COMMAND: POST /session/a995b82d0df1730148f5e6c1edf10a41/element/f.5AF93869D51CACD0ED0B7A3F3CCEB8C6.d.ADE6F7A336A3ADFD51682E642A443D66.e.8344/clear - {}
RESULT: {}
COMMAND: POST /session/a995b82d0df1730148f5e6c1edf10a41/element/f.5AF93869D51CACD0ED0B7A3F3CCEB8C6.d.ADE6F7A336A3ADFD51682E642A443D66.e.8344/value - {"text":"Unit"}
COMMAND: GET /session/a995b82d0df1730148f5e6c1edf10a41/screenshot - {}
RESULT: {"text":"Unit"}
COMMAND: GET /session/a995b82d0df1730148f5e6c1edf10a41/screenshot - {}
RESULT: {}
RESULT: {}
COMMAND: POST /session/a995b82d0df1730148f5e6c1edf10a41/actions - {"actions":[{"id":"action24","type":"key","parameters":{},"actions":[{"type":"keyDown","value":""},{"type":"pause","duration":10},{"type":"keyUp","value":""}]}]}
RESULT: {"actions":[{"id":"action24","type":"key","parameters":{},"actions":[{"type":"keyDown","value":""},{"type":"pause","duration":10},{"type":"keyUp","value":""}]}]}
COMMAND: POST /session/a995b82d0df1730148f5e6c1edf10a41/element - {"using":"xpath","value":"//input[@id=\"application-managesites-display-component---NewSite--addressDetailDetailsYard-inner\"]"}
COMMAND: GET /session/a995b82d0df1730148f5e6c1edf10a41/screenshot - {}
RESULT: {"using":"xpath","value":"//input[@id=\"application-managesites-display-component---NewSite--addressDetailDetailsYard-inner\"]"}
COMMAND: POST /session/a995b82d0df1730148f5e6c1edf10a41/element/f.5AF93869D51CACD0ED0B7A3F3CCEB8C6.d.ADE6F7A336A3ADFD51682E642A443D66.e.8345/clear - {}
RESULT: {}
RESULT: {}
COMMAND: POST /session/a995b82d0df1730148f5e6c1edf10a41/element/f.5AF93869D51CACD0ED0B7A3F3CCEB8C6.d.ADE6F7A336A3ADFD51682E642A443D66.e.8345/value - {"text":"509"}
COMMAND: GET /session/a995b82d0df1730148f5e6c1edf10a41/screenshot - {}
RESULT: {"text":"509"}
COMMAND: GET /session/a995b82d0df1730148f5e6c1edf10a41/screenshot - {}
RESULT: {}
RESULT: {}
COMMAND: POST /session/a995b82d0df1730148f5e6c1edf10a41/element - {"using":"xpath","value":"//li[.//span[text()='509']]"}
RESULT: {"using":"xpath","value":"//li[.//span[text()='509']]"}
COMMAND: POST /session/a995b82d0df1730148f5e6c1edf10a41/element/f.5AF93869D51CACD0ED0B7A3F3CCEB8C6.d.ADE6F7A336A3ADFD51682E642A443D66.e.8608/click - {}
RESULT: {}
COMMAND: GET /session/a995b82d0df1730148f5e6c1edf10a41/screenshot - {}
RESULT: {}
COMMAND: POST /session/a995b82d0df1730148f5e6c1edf10a41/element - {"using":"xpath","value":"//input[@id=\"application-managesites-display-component---NewSite--addressDetailDetailsPartner-inner\"]"}
RESULT: {"using":"xpath","value":"//input[@id=\"application-managesites-display-component---NewSite--addressDetailDetailsPartner-inner\"]"}
COMMAND: POST /session/a995b82d0df1730148f5e6c1edf10a41/element - {"using":"xpath","value":"//input[@id=\"application-managesites-display-component---NewSite--addressDetailDetailsPartner-inner\"]"}
RESULT: {"using":"xpath","value":"//input[@id=\"application-managesites-display-component---NewSite--addressDetailDetailsPartner-inner\"]"}
COMMAND: POST /session/a995b82d0df1730148f5e6c1edf10a41/element - {"using":"xpath","value":"//button[@data-kt=\"saveButton\"]"}
RESULT: {"using":"xpath","value":"//button[@data-kt=\"saveButton\"]"}
COMMAND: POST /session/a995b82d0df1730148f5e6c1edf10a41/element/f.5AF93869D51CACD0ED0B7A3F3CCEB8C6.d.ADE6F7A336A3ADFD51682E642A443D66.e.8532/click - {}
RESULT: {}
COMMAND: GET /session/a995b82d0df1730148f5e6c1edf10a41/screenshot - {}
RESULT: {}
COMMAND: POST /session/a995b82d0df1730148f5e6c1edf10a41/element - {"using":"xpath","value":"//header[contains(@id, 'ObjectPageLayout-headerTitle')]/div[1]/div[2]/div[2]/span[1]"}
RESULT: {"using":"xpath","value":"//header[contains(@id, 'ObjectPageLayout-headerTitle')]/div[1]/div[2]/div[2]/span[1]"}
COMMAND: POST /session/a995b82d0df1730148f5e6c1edf10a41/elements - {"using":"xpath","value":"//header[contains(@id, 'ObjectPageLayout-headerTitle')]/div[1]/div[2]/div[2]/span[1]"}
RESULT: {"using":"xpath","value":"//header[contains(@id, 'ObjectPageLayout-headerTitle')]/div[1]/div[2]/div[2]/span[1]"}
COMMAND: POST /session/a995b82d0df1730148f5e6c1edf10a41/execute/sync - {"script":"<script> [56 bytes]","args":[{"element-6066-11e4-a52e-4f735466cecf":"f.5AF93869D51CACD0ED0B7A3F3CCEB8C6.d.ADE6F7A336A3ADFD51682E642A443D66.e.8811","ELEMENT":"f.5AF93869D51CACD0ED0B7A3F3CCEB8C6.d.ADE6F7A336A3ADFD51682E642A443D66.e.8811"}]}
RESULT: {"script":"<script> [56 bytes]","args":[{"element-6066-11e4-a52e-4f735466cecf":"f.5AF93869D51CACD0ED0B7A3F3CCEB8C6.d.ADE6F7A336A3ADFD51682E642A443D66.e.8811","ELEMENT":"f.5AF93869D51CACD0ED0B7A3F3CCEB8C6.d.ADE6F7A336A3ADFD51682E642A443D66.e.8811"}]}
COMMAND: POST /session/a995b82d0df1730148f5e6c1edf10a41/element - {"using":"css selector","value":"#shell-header-logo"}
COMMAND: GET /session/a995b82d0df1730148f5e6c1edf10a41/screenshot - {}
RESULT: {"using":"css selector","value":"#shell-header-logo"}
COMMAND: POST /session/a995b82d0df1730148f5e6c1edf10a41/element/f.5AF93869D51CACD0ED0B7A3F3CCEB8C6.d.ADE6F7A336A3ADFD51682E642A443D66.e.8108/click - {}
RESULT: {}
RESULT: {}
COMMAND: GET /session/a995b82d0df1730148f5e6c1edf10a41/screenshot - {}
RESULT: {}
COMMAND: POST /session/a995b82d0df1730148f5e6c1edf10a41/execute/sync - {"script":"<script> [299 bytes]","args":[["getModel","getResource"]]}
RESULT: {"script":"<script> [299 bytes]","args":[["getModel","getResource"]]}
]]></system-out>
    </testcase>
    <testcase classname="chrome.136_0_7103_93.windows.Billing_Transfer_-_Intracompany_US127249" name="Should create a new equipment" time="138.133">
      <system-out><![CDATA[
COMMAND: GET /session/a995b82d0df1730148f5e6c1edf10a41/screenshot - {}
COMMAND: POST /session/a995b82d0df1730148f5e6c1edf10a41/execute/async - {"script":"<script> [1562 bytes]","args":[{"selector":{"controlType":"sap.m.GenericTile","properties":{"header":"Manage Resources"}},"wdio_ui5_key":"sapm.GenericTile{\"header\":\"Manage Resources\"}"}]}
RESULT: {"script":"<script> [1562 bytes]","args":[{"selector":{"controlType":"sap.m.GenericTile","properties":{"header":"Manage Resources"}},"wdio_ui5_key":"sapm.GenericTile{\"header\":\"Manage Resources\"}"}]}
RESULT: undefined
COMMAND: POST /session/a995b82d0df1730148f5e6c1edf10a41/element - {"using":"xpath","value":"//*[@id=\"__tile39\"]"}
RESULT: {}
RESULT: {"using":"xpath","value":"//*[@id=\"__tile39\"]"}
COMMAND: POST /session/a995b82d0df1730148f5e6c1edf10a41/element/f.5AF93869D51CACD0ED0B7A3F3CCEB8C6.d.ADE6F7A336A3ADFD51682E642A443D66.e.6508/click - {}
RESULT: {}
COMMAND: GET /session/a995b82d0df1730148f5e6c1edf10a41/screenshot - {}
RESULT: {}
COMMAND: POST /session/a995b82d0df1730148f5e6c1edf10a41/elements - {"using":"xpath","value":"//span[text()='Error']"}
RESULT: {"using":"xpath","value":"//span[text()='Error']"}
COMMAND: POST /session/a995b82d0df1730148f5e6c1edf10a41/element - {"using":"xpath","value":"//button[@data-kt=\"addNewRUOverflowToolbarButton\"]"}
RESULT: {"using":"xpath","value":"//button[@data-kt=\"addNewRUOverflowToolbarButton\"]"}
COMMAND: POST /session/a995b82d0df1730148f5e6c1edf10a41/elements - {"using":"xpath","value":"//button[@data-kt=\"addNewRUOverflowToolbarButton\"]"}
RESULT: {"using":"xpath","value":"//button[@data-kt=\"addNewRUOverflowToolbarButton\"]"}
COMMAND: POST /session/a995b82d0df1730148f5e6c1edf10a41/execute/sync - {"script":"<script> [8489 bytes]","args":[{"element-6066-11e4-a52e-4f735466cecf":"f.5AF93869D51CACD0ED0B7A3F3CCEB8C6.d.ADE6F7A336A3ADFD51682E642A443D66.e.8853","ELEMENT":"f.5AF93869D51CACD0ED0B7A3F3CCEB8C6.d.ADE6F7A336A3ADFD51682E642A443D66.e.8853"}]}
RESULT: {"script":"<script> [8489 bytes]","args":[{"element-6066-11e4-a52e-4f735466cecf":"f.5AF93869D51CACD0ED0B7A3F3CCEB8C6.d.ADE6F7A336A3ADFD51682E642A443D66.e.8853","ELEMENT":"f.5AF93869D51CACD0ED0B7A3F3CCEB8C6.d.ADE6F7A336A3ADFD51682E642A443D66.e.8853"}]}
COMMAND: GET /session/a995b82d0df1730148f5e6c1edf10a41/element/f.5AF93869D51CACD0ED0B7A3F3CCEB8C6.d.ADE6F7A336A3ADFD51682E642A443D66.e.8853/enabled - {}
COMMAND: GET /session/a995b82d0df1730148f5e6c1edf10a41/screenshot - {}
RESULT: {}
COMMAND: POST /session/a995b82d0df1730148f5e6c1edf10a41/execute/sync - {"script":"<script> [8489 bytes]","args":[{"element-6066-11e4-a52e-4f735466cecf":"f.5AF93869D51CACD0ED0B7A3F3CCEB8C6.d.ADE6F7A336A3ADFD51682E642A443D66.e.8853","ELEMENT":"f.5AF93869D51CACD0ED0B7A3F3CCEB8C6.d.ADE6F7A336A3ADFD51682E642A443D66.e.8853"}]}
COMMAND: GET /session/a995b82d0df1730148f5e6c1edf10a41/screenshot - {}
RESULT: {}
RESULT: {"script":"<script> [8489 bytes]","args":[{"element-6066-11e4-a52e-4f735466cecf":"f.5AF93869D51CACD0ED0B7A3F3CCEB8C6.d.ADE6F7A336A3ADFD51682E642A443D66.e.8853","ELEMENT":"f.5AF93869D51CACD0ED0B7A3F3CCEB8C6.d.ADE6F7A336A3ADFD51682E642A443D66.e.8853"}]}
COMMAND: POST /session/a995b82d0df1730148f5e6c1edf10a41/execute/sync - {"script":"<script> [5351 bytes]","args":[{"element-6066-11e4-a52e-4f735466cecf":"f.5AF93869D51CACD0ED0B7A3F3CCEB8C6.d.ADE6F7A336A3ADFD51682E642A443D66.e.8853","ELEMENT":"f.5AF93869D51CACD0ED0B7A3F3CCEB8C6.d.ADE6F7A336A3ADFD51682E642A443D66.e.8853"}]}
COMMAND: GET /session/a995b82d0df1730148f5e6c1edf10a41/screenshot - {}
RESULT: {}
RESULT: {"script":"<script> [5351 bytes]","args":[{"element-6066-11e4-a52e-4f735466cecf":"f.5AF93869D51CACD0ED0B7A3F3CCEB8C6.d.ADE6F7A336A3ADFD51682E642A443D66.e.8853","ELEMENT":"f.5AF93869D51CACD0ED0B7A3F3CCEB8C6.d.ADE6F7A336A3ADFD51682E642A443D66.e.8853"}]}
COMMAND: POST /session/a995b82d0df1730148f5e6c1edf10a41/element/f.5AF93869D51CACD0ED0B7A3F3CCEB8C6.d.ADE6F7A336A3ADFD51682E642A443D66.e.8853/click - {}
COMMAND: GET /session/a995b82d0df1730148f5e6c1edf10a41/screenshot - {}
RESULT: {}
RESULT: {}
COMMAND: GET /session/a995b82d0df1730148f5e6c1edf10a41/screenshot - {}
COMMAND: POST /session/a995b82d0df1730148f5e6c1edf10a41/execute/async - {"script":"<script> [1562 bytes]","args":[{"selector":{"id":"application-manageresources-display-component---newResourceUnit--TYPE-arrow"},"wdio_ui5_key":"applicationmanageresources-display-component---newResourceUnit--TYPE-arrow"}]}
RESULT: {}
RESULT: {}
RESULT: {"script":"<script> [1562 bytes]","args":[{"selector":{"id":"application-manageresources-display-component---newResourceUnit--TYPE-arrow"},"wdio_ui5_key":"applicationmanageresources-display-component---newResourceUnit--TYPE-arrow"}]}
RESULT: undefined
COMMAND: POST /session/a995b82d0df1730148f5e6c1edf10a41/element - {"using":"xpath","value":"//*[@id=\"application-manageresources-display-component---newResourceUnit--TYPE-arrow\"]"}
RESULT: {"using":"xpath","value":"//*[@id=\"application-manageresources-display-component---newResourceUnit--TYPE-arrow\"]"}
COMMAND: POST /session/a995b82d0df1730148f5e6c1edf10a41/element/f.5AF93869D51CACD0ED0B7A3F3CCEB8C6.d.ADE6F7A336A3ADFD51682E642A443D66.e.9197/click - {}
RESULT: {}
COMMAND: POST /session/a995b82d0df1730148f5e6c1edf10a41/element - {"using":"xpath","value":"//input[@id=\"application-manageresources-display-component---newResourceUnit--TYPE-inner\"]"}
COMMAND: GET /session/a995b82d0df1730148f5e6c1edf10a41/screenshot - {}
RESULT: {"using":"xpath","value":"//input[@id=\"application-manageresources-display-component---newResourceUnit--TYPE-inner\"]"}
COMMAND: POST /session/a995b82d0df1730148f5e6c1edf10a41/element/f.5AF93869D51CACD0ED0B7A3F3CCEB8C6.d.ADE6F7A336A3ADFD51682E642A443D66.e.9193/clear - {}
RESULT: {}
RESULT: {}
COMMAND: POST /session/a995b82d0df1730148f5e6c1edf10a41/element/f.5AF93869D51CACD0ED0B7A3F3CCEB8C6.d.ADE6F7A336A3ADFD51682E642A443D66.e.9193/value - {"text":"Equipment"}
COMMAND: GET /session/a995b82d0df1730148f5e6c1edf10a41/screenshot - {}
RESULT: {"text":"Equipment"}
COMMAND: GET /session/a995b82d0df1730148f5e6c1edf10a41/screenshot - {}
RESULT: {}
RESULT: {}
COMMAND: POST /session/a995b82d0df1730148f5e6c1edf10a41/actions - {"actions":[{"id":"action25","type":"key","parameters":{},"actions":[{"type":"keyDown","value":""},{"type":"pause","duration":10},{"type":"keyUp","value":""}]}]}
RESULT: {"actions":[{"id":"action25","type":"key","parameters":{},"actions":[{"type":"keyDown","value":""},{"type":"pause","duration":10},{"type":"keyUp","value":""}]}]}
COMMAND: POST /session/a995b82d0df1730148f5e6c1edf10a41/execute/async - {"script":"<script> [1562 bytes]","args":[{"selector":{"id":"application-manageresources-display-component---newResourceUnit--resourceId","interaction":{"idSuffix":"inner"}},"wdio_ui5_key":"applicationmanageresources-display-component---newResourceUnit--resourceId"}]}
COMMAND: GET /session/a995b82d0df1730148f5e6c1edf10a41/screenshot - {}
RESULT: {"script":"<script> [1562 bytes]","args":[{"selector":{"id":"application-manageresources-display-component---newResourceUnit--resourceId","interaction":{"idSuffix":"inner"}},"wdio_ui5_key":"applicationmanageresources-display-component---newResourceUnit--resourceId"}]}
RESULT: undefined
COMMAND: POST /session/a995b82d0df1730148f5e6c1edf10a41/execute/async - {"script":"<script> [776 bytes]","args":[{"enterText":"B1Oulhki0s","selector":{"id":"application-manageresources-display-component---newResourceUnit--resourceId","interaction":{"idSuffix":"inner"}},"clearTextFirst":true,"interactionType":"ENTER_TEXT"}]}
RESULT: {}
RESULT: {"script":"<script> [776 bytes]","args":[{"enterText":"B1Oulhki0s","selector":{"id":"application-manageresources-display-component---newResourceUnit--resourceId","interaction":{"idSuffix":"inner"}},"clearTextFirst":true,"interactionType":"ENTER_TEXT"}]}
COMMAND: POST /session/a995b82d0df1730148f5e6c1edf10a41/execute/async - {"script":"<script> [1562 bytes]","args":[{"selector":{"id":"application-manageresources-display-component---newResourceUnit--SHORT_TEXT","interaction":{"idSuffix":"inner"}},"wdio_ui5_key":"applicationmanageresources-display-component---newResourceUnit--SHORT_TEXT"}]}
RESULT: {"script":"<script> [1562 bytes]","args":[{"selector":{"id":"application-manageresources-display-component---newResourceUnit--SHORT_TEXT","interaction":{"idSuffix":"inner"}},"wdio_ui5_key":"applicationmanageresources-display-component---newResourceUnit--SHORT_TEXT"}]}
RESULT: undefined
COMMAND: POST /session/a995b82d0df1730148f5e6c1edf10a41/execute/async - {"script":"<script> [776 bytes]","args":[{"enterText":"Intercompany Equipment WDIO","selector":{"id":"application-manageresources-display-component---newResourceUnit--SHORT_TEXT","interaction":{"idSuffix":"inner"}},"clearTextFirst":true,"interactionType":"ENTER_TEXT"}]}
RESULT: {"script":"<script> [776 bytes]","args":[{"enterText":"Intercompany Equipment WDIO","selector":{"id":"application-manageresources-display-component---newResourceUnit--SHORT_TEXT","interaction":{"idSuffix":"inner"}},"clearTextFirst":true,"interactionType":"ENTER_TEXT"}]}
COMMAND: POST /session/a995b82d0df1730148f5e6c1edf10a41/execute/async - {"script":"<script> [1562 bytes]","args":[{"selector":{"id":"application-manageresources-display-component---newResourceUnit--BASE_UNIT_OF_MEASURE","interaction":{"idSuffix":"inner"}},"wdio_ui5_key":"applicationmanageresources-display-component---newResourceUnit--BASE_UNIT_OF_MEASURE"}]}
RESULT: {"script":"<script> [1562 bytes]","args":[{"selector":{"id":"application-manageresources-display-component---newResourceUnit--BASE_UNIT_OF_MEASURE","interaction":{"idSuffix":"inner"}},"wdio_ui5_key":"applicationmanageresources-display-component---newResourceUnit--BASE_UNIT_OF_MEASURE"}]}
RESULT: undefined
COMMAND: POST /session/a995b82d0df1730148f5e6c1edf10a41/execute/async - {"script":"<script> [776 bytes]","args":[{"enterText":"Piece","selector":{"id":"application-manageresources-display-component---newResourceUnit--BASE_UNIT_OF_MEASURE","interaction":{"idSuffix":"inner"}},"clearTextFirst":true,"interactionType":"ENTER_TEXT"}]}
RESULT: {"script":"<script> [776 bytes]","args":[{"enterText":"Piece","selector":{"id":"application-manageresources-display-component---newResourceUnit--BASE_UNIT_OF_MEASURE","interaction":{"idSuffix":"inner"}},"clearTextFirst":true,"interactionType":"ENTER_TEXT"}]}
COMMAND: POST /session/a995b82d0df1730148f5e6c1edf10a41/execute/async - {"script":"<script> [1562 bytes]","args":[{"selector":{"id":"application-manageresources-display-component---newResourceUnit--WEIGHT_UNIT","interaction":{"idSuffix":"inner"}},"wdio_ui5_key":"applicationmanageresources-display-component---newResourceUnit--WEIGHT_UNIT"}]}
RESULT: {"script":"<script> [1562 bytes]","args":[{"selector":{"id":"application-manageresources-display-component---newResourceUnit--WEIGHT_UNIT","interaction":{"idSuffix":"inner"}},"wdio_ui5_key":"applicationmanageresources-display-component---newResourceUnit--WEIGHT_UNIT"}]}
RESULT: undefined
COMMAND: POST /session/a995b82d0df1730148f5e6c1edf10a41/execute/async - {"script":"<script> [776 bytes]","args":[{"enterText":"Gram","selector":{"id":"application-manageresources-display-component---newResourceUnit--WEIGHT_UNIT","interaction":{"idSuffix":"inner"}},"clearTextFirst":true,"interactionType":"ENTER_TEXT"}]}
RESULT: {"script":"<script> [776 bytes]","args":[{"enterText":"Gram","selector":{"id":"application-manageresources-display-component---newResourceUnit--WEIGHT_UNIT","interaction":{"idSuffix":"inner"}},"clearTextFirst":true,"interactionType":"ENTER_TEXT"}]}
COMMAND: POST /session/a995b82d0df1730148f5e6c1edf10a41/execute/async - {"script":"<script> [1562 bytes]","args":[{"selector":{"id":"application-manageresources-display-component---newResourceUnit--DIMENSION_UNIT","interaction":{"idSuffix":"inner"}},"wdio_ui5_key":"applicationmanageresources-display-component---newResourceUnit--DIMENSION_UNIT"}]}
RESULT: {"script":"<script> [1562 bytes]","args":[{"selector":{"id":"application-manageresources-display-component---newResourceUnit--DIMENSION_UNIT","interaction":{"idSuffix":"inner"}},"wdio_ui5_key":"applicationmanageresources-display-component---newResourceUnit--DIMENSION_UNIT"}]}
RESULT: undefined
COMMAND: POST /session/a995b82d0df1730148f5e6c1edf10a41/execute/async - {"script":"<script> [776 bytes]","args":[{"enterText":"Meter","selector":{"id":"application-manageresources-display-component---newResourceUnit--DIMENSION_UNIT","interaction":{"idSuffix":"inner"}},"clearTextFirst":true,"interactionType":"ENTER_TEXT"}]}
RESULT: {"script":"<script> [776 bytes]","args":[{"enterText":"Meter","selector":{"id":"application-manageresources-display-component---newResourceUnit--DIMENSION_UNIT","interaction":{"idSuffix":"inner"}},"clearTextFirst":true,"interactionType":"ENTER_TEXT"}]}
COMMAND: POST /session/a995b82d0df1730148f5e6c1edf10a41/execute/async - {"script":"<script> [1562 bytes]","args":[{"selector":{"id":"application-manageresources-display-component---newResourceUnit--newRRUPage-anchBar-application-manageresources-display-component---newResourceUnit--control-anchor","interaction":{"idSuffix":"BDI-content"}},"wdio_ui5_key":"applicationmanageresources-display-component---newResourceUnit--newRRUPage-anchBar-application-manageresources-display-component---newResourceUnit--control-anchor"}]}
RESULT: {"script":"<script> [1562 bytes]","args":[{"selector":{"id":"application-manageresources-display-component---newResourceUnit--newRRUPage-anchBar-application-manageresources-display-component---newResourceUnit--control-anchor","interaction":{"idSuffix":"BDI-content"}},"wdio_ui5_key":"applicationmanageresources-display-component---newResourceUnit--newRRUPage-anchBar-application-manageresources-display-component---newResourceUnit--control-anchor"}]}
RESULT: undefined
COMMAND: POST /session/a995b82d0df1730148f5e6c1edf10a41/element - {"using":"xpath","value":"//*[@id=\"application-manageresources-display-component---newResourceUnit--newRRUPage-anchBar-application-manageresources-display-component---newResourceUnit--control-anchor\"]"}
RESULT: {"using":"xpath","value":"//*[@id=\"application-manageresources-display-component---newResourceUnit--newRRUPage-anchBar-application-manageresources-display-component---newResourceUnit--control-anchor\"]"}
COMMAND: POST /session/a995b82d0df1730148f5e6c1edf10a41/element/f.5AF93869D51CACD0ED0B7A3F3CCEB8C6.d.ADE6F7A336A3ADFD51682E642A443D66.e.9354/click - {}
RESULT: {}
COMMAND: POST /session/a995b82d0df1730148f5e6c1edf10a41/execute/async - {"script":"<script> [1562 bytes]","args":[{"selector":{"id":"application-manageresources-display-component---newResourceUnit--PLANNING_GROUP","interaction":{"idSuffix":"inner"}},"wdio_ui5_key":"applicationmanageresources-display-component---newResourceUnit--PLANNING_GROUP"}]}
COMMAND: GET /session/a995b82d0df1730148f5e6c1edf10a41/screenshot - {}
RESULT: {"script":"<script> [1562 bytes]","args":[{"selector":{"id":"application-manageresources-display-component---newResourceUnit--PLANNING_GROUP","interaction":{"idSuffix":"inner"}},"wdio_ui5_key":"applicationmanageresources-display-component---newResourceUnit--PLANNING_GROUP"}]}
RESULT: undefined
COMMAND: POST /session/a995b82d0df1730148f5e6c1edf10a41/execute/async - {"script":"<script> [776 bytes]","args":[{"enterText":"Heavy Equi","selector":{"id":"application-manageresources-display-component---newResourceUnit--PLANNING_GROUP","interaction":{"idSuffix":"inner"}},"clearTextFirst":true,"interactionType":"ENTER_TEXT"}]}
RESULT: {}
RESULT: {"script":"<script> [776 bytes]","args":[{"enterText":"Heavy Equi","selector":{"id":"application-manageresources-display-component---newResourceUnit--PLANNING_GROUP","interaction":{"idSuffix":"inner"}},"clearTextFirst":true,"interactionType":"ENTER_TEXT"}]}
COMMAND: POST /session/a995b82d0df1730148f5e6c1edf10a41/execute/async - {"script":"<script> [1562 bytes]","args":[{"selector":{"id":"application-manageresources-display-component---newResourceUnit--ITEM_TYPE-arrow"},"wdio_ui5_key":"applicationmanageresources-display-component---newResourceUnit--ITEM_TYPE-arrow"}]}
RESULT: {"script":"<script> [1562 bytes]","args":[{"selector":{"id":"application-manageresources-display-component---newResourceUnit--ITEM_TYPE-arrow"},"wdio_ui5_key":"applicationmanageresources-display-component---newResourceUnit--ITEM_TYPE-arrow"}]}
RESULT: undefined
COMMAND: POST /session/a995b82d0df1730148f5e6c1edf10a41/element - {"using":"xpath","value":"//*[@id=\"application-manageresources-display-component---newResourceUnit--ITEM_TYPE-arrow\"]"}
RESULT: {"using":"xpath","value":"//*[@id=\"application-manageresources-display-component---newResourceUnit--ITEM_TYPE-arrow\"]"}
COMMAND: POST /session/a995b82d0df1730148f5e6c1edf10a41/element/f.5AF93869D51CACD0ED0B7A3F3CCEB8C6.d.ADE6F7A336A3ADFD51682E642A443D66.e.9361/click - {}
RESULT: {}
COMMAND: POST /session/a995b82d0df1730148f5e6c1edf10a41/element - {"using":"xpath","value":"//ul[contains(@id,\"ITEM_TYPE-popup-list-listUl\")]//li[.//span[contains(text(),\"Resource Unit\")]]"}
COMMAND: GET /session/a995b82d0df1730148f5e6c1edf10a41/screenshot - {}
RESULT: {"using":"xpath","value":"//ul[contains(@id,\"ITEM_TYPE-popup-list-listUl\")]//li[.//span[contains(text(),\"Resource Unit\")]]"}
COMMAND: POST /session/a995b82d0df1730148f5e6c1edf10a41/element/f.5AF93869D51CACD0ED0B7A3F3CCEB8C6.d.ADE6F7A336A3ADFD51682E642A443D66.e.9362/click - {}
RESULT: {}
RESULT: {}
COMMAND: GET /session/a995b82d0df1730148f5e6c1edf10a41/screenshot - {}
RESULT: {}
COMMAND: POST /session/a995b82d0df1730148f5e6c1edf10a41/element - {"using":"css selector","value":"#application-manageresources-display-component---newResourceUnit--btnAddTimeSegment"}
RESULT: {"using":"css selector","value":"#application-manageresources-display-component---newResourceUnit--btnAddTimeSegment"}
COMMAND: GET /session/a995b82d0df1730148f5e6c1edf10a41/element/f.5AF93869D51CACD0ED0B7A3F3CCEB8C6.d.ADE6F7A336A3ADFD51682E642A443D66.e.9369/rect - {}
RESULT: {}
COMMAND: GET /session/a995b82d0df1730148f5e6c1edf10a41/window/rect - {}
RESULT: {}
COMMAND: POST /session/a995b82d0df1730148f5e6c1edf10a41/execute/sync - {"script":"<script> [92 bytes]","args":[]}
RESULT: {"script":"<script> [92 bytes]","args":[]}
COMMAND: POST /session/a995b82d0df1730148f5e6c1edf10a41/actions - {"actions":[{"id":"action26","type":"wheel","parameters":{},"actions":[{"type":"scroll","x":-1888,"y":-32,"deltaX":0,"deltaY":0,"duration":0,"origin":{"element-6066-11e4-a52e-4f735466cecf":"f.5AF93869D51CACD0ED0B7A3F3CCEB8C6.d.ADE6F7A336A3ADFD51682E642A443D66.e.9369"}}]}]}
COMMAND: GET /session/a995b82d0df1730148f5e6c1edf10a41/screenshot - {}
RESULT: {}
COMMAND: POST /session/a995b82d0df1730148f5e6c1edf10a41/execute/sync - {"script":"<script> [79 bytes]","args":[{"element-6066-11e4-a52e-4f735466cecf":"f.5AF93869D51CACD0ED0B7A3F3CCEB8C6.d.ADE6F7A336A3ADFD51682E642A443D66.e.9369","ELEMENT":"f.5AF93869D51CACD0ED0B7A3F3CCEB8C6.d.ADE6F7A336A3ADFD51682E642A443D66.e.9369"},{"block":"start","inline":"nearest"}]}
RESULT: {"script":"<script> [79 bytes]","args":[{"element-6066-11e4-a52e-4f735466cecf":"f.5AF93869D51CACD0ED0B7A3F3CCEB8C6.d.ADE6F7A336A3ADFD51682E642A443D66.e.9369","ELEMENT":"f.5AF93869D51CACD0ED0B7A3F3CCEB8C6.d.ADE6F7A336A3ADFD51682E642A443D66.e.9369"},{"block":"start","inline":"nearest"}]}
COMMAND: POST /session/a995b82d0df1730148f5e6c1edf10a41/execute/async - {"script":"<script> [1562 bytes]","args":[{"selector":{"id":"application-manageresources-display-component---newResourceUnit--btnAddTimeSegment","interaction":{"idSuffix":"inner"}},"wdio_ui5_key":"applicationmanageresources-display-component---newResourceUnit--btnAddTimeSegment"}]}
COMMAND: GET /session/a995b82d0df1730148f5e6c1edf10a41/screenshot - {}
RESULT: {"script":"<script> [1562 bytes]","args":[{"selector":{"id":"application-manageresources-display-component---newResourceUnit--btnAddTimeSegment","interaction":{"idSuffix":"inner"}},"wdio_ui5_key":"applicationmanageresources-display-component---newResourceUnit--btnAddTimeSegment"}]}
RESULT: undefined
COMMAND: POST /session/a995b82d0df1730148f5e6c1edf10a41/element - {"using":"xpath","value":"//*[@id=\"application-manageresources-display-component---newResourceUnit--btnAddTimeSegment\"]"}
RESULT: {}
RESULT: {"using":"xpath","value":"//*[@id=\"application-manageresources-display-component---newResourceUnit--btnAddTimeSegment\"]"}
COMMAND: POST /session/a995b82d0df1730148f5e6c1edf10a41/element/f.5AF93869D51CACD0ED0B7A3F3CCEB8C6.d.ADE6F7A336A3ADFD51682E642A443D66.e.9369/click - {}
RESULT: {}
COMMAND: GET /session/a995b82d0df1730148f5e6c1edf10a41/screenshot - {}
RESULT: {}
COMMAND: POST /session/a995b82d0df1730148f5e6c1edf10a41/element - {"using":"xpath","value":"//input[@id=\"application-manageresources-display-component---newResourceUnit--idRuTSAdmin-application-manageresources-display-component---newResourceUnit--RUTimeSegment-0-inner\"]"}
RESULT: {"using":"xpath","value":"//input[@id=\"application-manageresources-display-component---newResourceUnit--idRuTSAdmin-application-manageresources-display-component---newResourceUnit--RUTimeSegment-0-inner\"]"}
COMMAND: POST /session/a995b82d0df1730148f5e6c1edf10a41/element/f.5AF93869D51CACD0ED0B7A3F3CCEB8C6.d.ADE6F7A336A3ADFD51682E642A443D66.e.9375/clear - {}
RESULT: {}
COMMAND: POST /session/a995b82d0df1730148f5e6c1edf10a41/element/f.5AF93869D51CACD0ED0B7A3F3CCEB8C6.d.ADE6F7A336A3ADFD51682E642A443D66.e.9375/value - {"text":"509"}
COMMAND: GET /session/a995b82d0df1730148f5e6c1edf10a41/screenshot - {}
RESULT: {"text":"509"}
COMMAND: GET /session/a995b82d0df1730148f5e6c1edf10a41/screenshot - {}
RESULT: {}
RESULT: {}
COMMAND: POST /session/a995b82d0df1730148f5e6c1edf10a41/element - {"using":"xpath","value":"//li[.//span[text()='509']]"}
RESULT: {"using":"xpath","value":"//li[.//span[text()='509']]"}
COMMAND: POST /session/a995b82d0df1730148f5e6c1edf10a41/element/f.5AF93869D51CACD0ED0B7A3F3CCEB8C6.d.ADE6F7A336A3ADFD51682E642A443D66.e.9388/click - {}
RESULT: {}
COMMAND: GET /session/a995b82d0df1730148f5e6c1edf10a41/screenshot - {}
RESULT: {}
COMMAND: POST /session/a995b82d0df1730148f5e6c1edf10a41/element - {"using":"xpath","value":"(//span[contains(@id, \"-application-manageresources-display-component---newResourceUnit--RUTimeSegment-0-arrow\")])[6]"}
RESULT: {"using":"xpath","value":"(//span[contains(@id, \"-application-manageresources-display-component---newResourceUnit--RUTimeSegment-0-arrow\")])[6]"}
COMMAND: POST /session/a995b82d0df1730148f5e6c1edf10a41/element/f.5AF93869D51CACD0ED0B7A3F3CCEB8C6.d.ADE6F7A336A3ADFD51682E642A443D66.e.9389/click - {}
RESULT: {}
COMMAND: GET /session/a995b82d0df1730148f5e6c1edf10a41/screenshot - {}
RESULT: {}
COMMAND: POST /session/a995b82d0df1730148f5e6c1edf10a41/element - {"using":"xpath","value":"//span[contains(text(), \"PM Order\")]"}
RESULT: {"using":"xpath","value":"//span[contains(text(), \"PM Order\")]"}
COMMAND: POST /session/a995b82d0df1730148f5e6c1edf10a41/element/f.5AF93869D51CACD0ED0B7A3F3CCEB8C6.d.ADE6F7A336A3ADFD51682E642A443D66.e.9392/click - {}
RESULT: {}
COMMAND: GET /session/a995b82d0df1730148f5e6c1edf10a41/screenshot - {}
RESULT: {}
COMMAND: POST /session/a995b82d0df1730148f5e6c1edf10a41/element - {"using":"xpath","value":"(//span[contains(@id ,\"manageresources-display-component---newResourceUnit--RUTimeSegment-0-vhi\")])[1]"}
RESULT: {"using":"xpath","value":"(//span[contains(@id ,\"manageresources-display-component---newResourceUnit--RUTimeSegment-0-vhi\")])[1]"}
COMMAND: GET /session/a995b82d0df1730148f5e6c1edf10a41/element/f.5AF93869D51CACD0ED0B7A3F3CCEB8C6.d.ADE6F7A336A3ADFD51682E642A443D66.e.9396/rect - {}
RESULT: {}
COMMAND: GET /session/a995b82d0df1730148f5e6c1edf10a41/window/rect - {}
RESULT: {}
COMMAND: POST /session/a995b82d0df1730148f5e6c1edf10a41/execute/sync - {"script":"<script> [92 bytes]","args":[]}
RESULT: {"script":"<script> [92 bytes]","args":[]}
COMMAND: POST /session/a995b82d0df1730148f5e6c1edf10a41/actions - {"actions":[{"id":"action27","type":"wheel","parameters":{},"actions":[{"type":"scroll","x":-869,"y":-24,"deltaX":0,"deltaY":0,"duration":0,"origin":{"element-6066-11e4-a52e-4f735466cecf":"f.5AF93869D51CACD0ED0B7A3F3CCEB8C6.d.ADE6F7A336A3ADFD51682E642A443D66.e.9396"}}]}]}
COMMAND: GET /session/a995b82d0df1730148f5e6c1edf10a41/screenshot - {}
RESULT: {"actions":[{"id":"action27","type":"wheel","parameters":{},"actions":[{"type":"scroll","x":-869,"y":-24,"deltaX":0,"deltaY":0,"duration":0,"origin":{"element-6066-11e4-a52e-4f735466cecf":"f.5AF93869D51CACD0ED0B7A3F3CCEB8C6.d.ADE6F7A336A3ADFD51682E642A443D66.e.9396"}}]}]}
COMMAND: DELETE /session/a995b82d0df1730148f5e6c1edf10a41/actions - {}
COMMAND: GET /session/a995b82d0df1730148f5e6c1edf10a41/screenshot - {}
RESULT: {}
RESULT: {}
COMMAND: GET /session/a995b82d0df1730148f5e6c1edf10a41/screenshot - {}
RESULT: {}
RESULT: {}
COMMAND: POST /session/a995b82d0df1730148f5e6c1edf10a41/element/f.5AF93869D51CACD0ED0B7A3F3CCEB8C6.d.ADE6F7A336A3ADFD51682E642A443D66.e.9396/click - {}
RESULT: {}
COMMAND: GET /session/a995b82d0df1730148f5e6c1edf10a41/screenshot - {}
RESULT: {}
RESULT: undefined
COMMAND: POST /session/a995b82d0df1730148f5e6c1edf10a41/execute/async - {"script":"<script> [776 bytes]","args":[{"enterText":"4000360","selector":{"controlType":"sap.m.SearchField","properties":{"placeholder":"Search"},"searchOpenDialogs":true,"interaction":{"idSuffix":"I"}},"clearTextFirst":true,"interactionType":"ENTER_TEXT"}]}
RESULT: {"script":"<script> [776 bytes]","args":[{"enterText":"4000360","selector":{"controlType":"sap.m.SearchField","properties":{"placeholder":"Search"},"searchOpenDialogs":true,"interaction":{"idSuffix":"I"}},"clearTextFirst":true,"interactionType":"ENTER_TEXT"}]}
COMMAND: POST /session/a995b82d0df1730148f5e6c1edf10a41/actions - {"actions":[{"id":"action28","type":"key","parameters":{},"actions":[{"type":"keyDown","value":""},{"type":"pause","duration":10},{"type":"keyUp","value":""}]}]}
RESULT: {"actions":[{"id":"action28","type":"key","parameters":{},"actions":[{"type":"keyDown","value":""},{"type":"pause","duration":10},{"type":"keyUp","value":""}]}]}
COMMAND: GET /session/a995b82d0df1730148f5e6c1edf10a41/screenshot - {}
RESULT: {}
COMMAND: POST /session/a995b82d0df1730148f5e6c1edf10a41/element - {"using":"xpath","value":"//td/div/span[contains(text(), \"BGL Vehicles\")]"}
RESULT: {"using":"xpath","value":"//td/div/span[contains(text(), \"BGL Vehicles\")]"}
COMMAND: POST /session/a995b82d0df1730148f5e6c1edf10a41/element/f.5AF93869D51CACD0ED0B7A3F3CCEB8C6.d.ADE6F7A336A3ADFD51682E642A443D66.e.9416/click - {}
RESULT: {}
COMMAND: GET /session/a995b82d0df1730148f5e6c1edf10a41/screenshot - {}
RESULT: {}
COMMAND: POST /session/a995b82d0df1730148f5e6c1edf10a41/element - {"using":"xpath","value":"//bdi[contains(text(), \"OK\")]"}
RESULT: {"using":"xpath","value":"//bdi[contains(text(), \"OK\")]"}
COMMAND: POST /session/a995b82d0df1730148f5e6c1edf10a41/element/f.5AF93869D51CACD0ED0B7A3F3CCEB8C6.d.ADE6F7A336A3ADFD51682E642A443D66.e.9417/click - {}
RESULT: {}
COMMAND: GET /session/a995b82d0df1730148f5e6c1edf10a41/screenshot - {}
RESULT: {}
COMMAND: POST /session/a995b82d0df1730148f5e6c1edf10a41/execute/async - {"script":"<script> [1562 bytes]","args":[{"selector":{"id":"application-manageresources-display-component---newResourceUnit--newRRUPage-anchBar-application-manageresources-display-component---newResourceUnit--resource-anchor","interaction":{"idSuffix":"BDI-content"}},"wdio_ui5_key":"applicationmanageresources-display-component---newResourceUnit--newRRUPage-anchBar-application-manageresources-display-component---newResourceUnit--resource-anchor"}]}
RESULT: {"script":"<script> [1562 bytes]","args":[{"selector":{"id":"application-manageresources-display-component---newResourceUnit--newRRUPage-anchBar-application-manageresources-display-component---newResourceUnit--resource-anchor","interaction":{"idSuffix":"BDI-content"}},"wdio_ui5_key":"applicationmanageresources-display-component---newResourceUnit--newRRUPage-anchBar-application-manageresources-display-component---newResourceUnit--resource-anchor"}]}
RESULT: undefined
COMMAND: POST /session/a995b82d0df1730148f5e6c1edf10a41/element - {"using":"xpath","value":"//*[@id=\"application-manageresources-display-component---newResourceUnit--newRRUPage-anchBar-application-manageresources-display-component---newResourceUnit--resource-anchor\"]"}
RESULT: {"using":"xpath","value":"//*[@id=\"application-manageresources-display-component---newResourceUnit--newRRUPage-anchBar-application-manageresources-display-component---newResourceUnit--resource-anchor\"]"}
COMMAND: POST /session/a995b82d0df1730148f5e6c1edf10a41/element/f.5AF93869D51CACD0ED0B7A3F3CCEB8C6.d.ADE6F7A336A3ADFD51682E642A443D66.e.9421/click - {}
RESULT: {}
COMMAND: POST /session/a995b82d0df1730148f5e6c1edf10a41/execute/async - {"script":"<script> [1562 bytes]","args":[{"selector":{"id":"application-manageresources-display-component---newResourceUnit--PLANNED_DELIVERY_DATE","interaction":{"idSuffix":"inner"}},"wdio_ui5_key":"applicationmanageresources-display-component---newResourceUnit--PLANNED_DELIVERY_DATE"}]}
COMMAND: GET /session/a995b82d0df1730148f5e6c1edf10a41/screenshot - {}
RESULT: {"script":"<script> [1562 bytes]","args":[{"selector":{"id":"application-manageresources-display-component---newResourceUnit--PLANNED_DELIVERY_DATE","interaction":{"idSuffix":"inner"}},"wdio_ui5_key":"applicationmanageresources-display-component---newResourceUnit--PLANNED_DELIVERY_DATE"}]}
RESULT: undefined
COMMAND: POST /session/a995b82d0df1730148f5e6c1edf10a41/execute/async - {"script":"<script> [6424 bytes]","args":[{"element-6066-11e4-a52e-4f735466cecf":"f.5AF93869D51CACD0ED0B7A3F3CCEB8C6.d.ADE6F7A336A3ADFD51682E642A443D66.e.9253"},"setValue",["5/30/25"]]}
RESULT: {}
RESULT: {"script":"<script> [6424 bytes]","args":[{"element-6066-11e4-a52e-4f735466cecf":"f.5AF93869D51CACD0ED0B7A3F3CCEB8C6.d.ADE6F7A336A3ADFD51682E642A443D66.e.9253"},"setValue",["5/30/25"]]}
COMMAND: POST /session/a995b82d0df1730148f5e6c1edf10a41/element - {"using":"xpath","value":"//label[contains(@class, 'sapMLabelRequired') and .//bdi[contains(text(), 'Planned Retirement')]]"}
RESULT: {"using":"xpath","value":"//label[contains(@class, 'sapMLabelRequired') and .//bdi[contains(text(), 'Planned Retirement')]]"}
COMMAND: POST /session/a995b82d0df1730148f5e6c1edf10a41/elements - {"using":"xpath","value":"//label[contains(@class, 'sapMLabelRequired') and .//bdi[contains(text(), 'Planned Retirement')]]"}
RESULT: {"using":"xpath","value":"//label[contains(@class, 'sapMLabelRequired') and .//bdi[contains(text(), 'Planned Retirement')]]"}
COMMAND: POST /session/a995b82d0df1730148f5e6c1edf10a41/element - {"using":"xpath","value":"//button[@data-kt=\"resourceUnitSaveButton\"]"}
RESULT: {"using":"xpath","value":"//button[@data-kt=\"resourceUnitSaveButton\"]"}
COMMAND: POST /session/a995b82d0df1730148f5e6c1edf10a41/element/f.5AF93869D51CACD0ED0B7A3F3CCEB8C6.d.ADE6F7A336A3ADFD51682E642A443D66.e.9213/click - {}
RESULT: {}
COMMAND: GET /session/a995b82d0df1730148f5e6c1edf10a41/screenshot - {}
RESULT: {}
COMMAND: POST /session/a995b82d0df1730148f5e6c1edf10a41/element - {"using":"xpath","value":"//bdi[contains(text(), \"Close\")]"}
RESULT: {"using":"xpath","value":"//bdi[contains(text(), \"Close\")]"}
COMMAND: POST /session/a995b82d0df1730148f5e6c1edf10a41/element/f.5AF93869D51CACD0ED0B7A3F3CCEB8C6.d.ADE6F7A336A3ADFD51682E642A443D66.e.9432/click - {}
RESULT: {}
COMMAND: GET /session/a995b82d0df1730148f5e6c1edf10a41/screenshot - {}
RESULT: {}
COMMAND: POST /session/a995b82d0df1730148f5e6c1edf10a41/element - {"using":"xpath","value":"(//button[contains(@id ,\"actionsToolbar-overflowButton\")])[1]"}
RESULT: {"using":"xpath","value":"(//button[contains(@id ,\"actionsToolbar-overflowButton\")])[1]"}
COMMAND: POST /session/a995b82d0df1730148f5e6c1edf10a41/element/f.5AF93869D51CACD0ED0B7A3F3CCEB8C6.d.ADE6F7A336A3ADFD51682E642A443D66.e.9488/click - {}
RESULT: {}
COMMAND: GET /session/a995b82d0df1730148f5e6c1edf10a41/screenshot - {}
RESULT: {}
COMMAND: POST /session/a995b82d0df1730148f5e6c1edf10a41/element - {"using":"xpath","value":"//button[@data-kt=\"priceInfoButton\"]"}
RESULT: {"using":"xpath","value":"//button[@data-kt=\"priceInfoButton\"]"}
COMMAND: POST /session/a995b82d0df1730148f5e6c1edf10a41/element/f.5AF93869D51CACD0ED0B7A3F3CCEB8C6.d.ADE6F7A336A3ADFD51682E642A443D66.e.9490/click - {}
RESULT: {}
COMMAND: GET /session/a995b82d0df1730148f5e6c1edf10a41/screenshot - {}
]]></system-out>
    </testcase>
    <testcase classname="chrome.136_0_7103_93.windows.Billing_Transfer_-_Intracompany_US127249" name="Should create a pricing procedure" time="59.948">
      <system-out><![CDATA[
COMMAND: POST /session/a995b82d0df1730148f5e6c1edf10a41/element - {"using":"xpath","value":"//button[@data-kt=\"addButton\"]"}
RESULT: {}
RESULT: {"using":"xpath","value":"//button[@data-kt=\"addButton\"]"}
COMMAND: POST /session/a995b82d0df1730148f5e6c1edf10a41/elements - {"using":"xpath","value":"//button[@data-kt=\"addButton\"]"}
RESULT: {"using":"xpath","value":"//button[@data-kt=\"addButton\"]"}
COMMAND: POST /session/a995b82d0df1730148f5e6c1edf10a41/elements - {"using":"xpath","value":"//button[@data-kt=\"addButton\"]"}
RESULT: {"using":"xpath","value":"//button[@data-kt=\"addButton\"]"}
COMMAND: POST /session/a995b82d0df1730148f5e6c1edf10a41/element - {"using":"xpath","value":"//button[@data-kt=\"addButton\"]"}
RESULT: {"using":"xpath","value":"//button[@data-kt=\"addButton\"]"}
COMMAND: POST /session/a995b82d0df1730148f5e6c1edf10a41/execute/sync - {"script":"<script> [8489 bytes]","args":[{"element-6066-11e4-a52e-4f735466cecf":"f.5AF93869D51CACD0ED0B7A3F3CCEB8C6.d.ADE6F7A336A3ADFD51682E642A443D66.e.9527","ELEMENT":"f.5AF93869D51CACD0ED0B7A3F3CCEB8C6.d.ADE6F7A336A3ADFD51682E642A443D66.e.9527"}]}
RESULT: {"script":"<script> [8489 bytes]","args":[{"element-6066-11e4-a52e-4f735466cecf":"f.5AF93869D51CACD0ED0B7A3F3CCEB8C6.d.ADE6F7A336A3ADFD51682E642A443D66.e.9527","ELEMENT":"f.5AF93869D51CACD0ED0B7A3F3CCEB8C6.d.ADE6F7A336A3ADFD51682E642A443D66.e.9527"}]}
COMMAND: GET /session/a995b82d0df1730148f5e6c1edf10a41/element/f.5AF93869D51CACD0ED0B7A3F3CCEB8C6.d.ADE6F7A336A3ADFD51682E642A443D66.e.9527/enabled - {}
COMMAND: GET /session/a995b82d0df1730148f5e6c1edf10a41/screenshot - {}
RESULT: {}
COMMAND: POST /session/a995b82d0df1730148f5e6c1edf10a41/execute/sync - {"script":"<script> [8489 bytes]","args":[{"element-6066-11e4-a52e-4f735466cecf":"f.5AF93869D51CACD0ED0B7A3F3CCEB8C6.d.ADE6F7A336A3ADFD51682E642A443D66.e.9527","ELEMENT":"f.5AF93869D51CACD0ED0B7A3F3CCEB8C6.d.ADE6F7A336A3ADFD51682E642A443D66.e.9527"}]}
COMMAND: GET /session/a995b82d0df1730148f5e6c1edf10a41/screenshot - {}
RESULT: {}
RESULT: {"script":"<script> [8489 bytes]","args":[{"element-6066-11e4-a52e-4f735466cecf":"f.5AF93869D51CACD0ED0B7A3F3CCEB8C6.d.ADE6F7A336A3ADFD51682E642A443D66.e.9527","ELEMENT":"f.5AF93869D51CACD0ED0B7A3F3CCEB8C6.d.ADE6F7A336A3ADFD51682E642A443D66.e.9527"}]}
COMMAND: POST /session/a995b82d0df1730148f5e6c1edf10a41/execute/sync - {"script":"<script> [5351 bytes]","args":[{"element-6066-11e4-a52e-4f735466cecf":"f.5AF93869D51CACD0ED0B7A3F3CCEB8C6.d.ADE6F7A336A3ADFD51682E642A443D66.e.9527","ELEMENT":"f.5AF93869D51CACD0ED0B7A3F3CCEB8C6.d.ADE6F7A336A3ADFD51682E642A443D66.e.9527"}]}
COMMAND: GET /session/a995b82d0df1730148f5e6c1edf10a41/screenshot - {}
RESULT: {}
RESULT: {"script":"<script> [5351 bytes]","args":[{"element-6066-11e4-a52e-4f735466cecf":"f.5AF93869D51CACD0ED0B7A3F3CCEB8C6.d.ADE6F7A336A3ADFD51682E642A443D66.e.9527","ELEMENT":"f.5AF93869D51CACD0ED0B7A3F3CCEB8C6.d.ADE6F7A336A3ADFD51682E642A443D66.e.9527"}]}
COMMAND: POST /session/a995b82d0df1730148f5e6c1edf10a41/element/f.5AF93869D51CACD0ED0B7A3F3CCEB8C6.d.ADE6F7A336A3ADFD51682E642A443D66.e.9527/click - {}
COMMAND: GET /session/a995b82d0df1730148f5e6c1edf10a41/screenshot - {}
RESULT: {}
RESULT: {}
COMMAND: GET /session/a995b82d0df1730148f5e6c1edf10a41/screenshot - {}
RESULT: {}
RESULT: {}
COMMAND: POST /session/a995b82d0df1730148f5e6c1edf10a41/execute/async - {"script":"<script> [1562 bytes]","args":[{"selector":{"controlType":"sap.m.Title","viewName":"etm.portal.ui.managepricingrules.view.NewItem","viewId":"application-managepricingrules-display-component---newInfoPriceItem","properties":{"text":"New Pricing Rules - Item Level"}},"wdio_ui5_key":"etmportal.ui.managepricingrules.view.NewItemsap.m.Title{\"text\":\"New Pricing Rules - Item Level\"}"}]}
RESULT: {"script":"<script> [1562 bytes]","args":[{"selector":{"controlType":"sap.m.Title","viewName":"etm.portal.ui.managepricingrules.view.NewItem","viewId":"application-managepricingrules-display-component---newInfoPriceItem","properties":{"text":"New Pricing Rules - Item Level"}},"wdio_ui5_key":"etmportal.ui.managepricingrules.view.NewItemsap.m.Title{\"text\":\"New Pricing Rules - Item Level\"}"}]}
RESULT: undefined
COMMAND: POST /session/a995b82d0df1730148f5e6c1edf10a41/execute/async - {"script":"<script> [6424 bytes]","args":[{"element-6066-11e4-a52e-4f735466cecf":"f.5AF93869D51CACD0ED0B7A3F3CCEB8C6.d.ADE6F7A336A3ADFD51682E642A443D66.e.9699"},"getText",[]]}
RESULT: {"script":"<script> [6424 bytes]","args":[{"element-6066-11e4-a52e-4f735466cecf":"f.5AF93869D51CACD0ED0B7A3F3CCEB8C6.d.ADE6F7A336A3ADFD51682E642A443D66.e.9699"},"getText",[]]}
COMMAND: POST /session/a995b82d0df1730148f5e6c1edf10a41/execute/async - {"script":"<script> [1562 bytes]","args":[{"selector":{"id":"application-managepricingrules-display-component---newInfoPriceItem--condValidTo","interaction":{"idSuffix":"inner"}},"wdio_ui5_key":"applicationmanagepricingrules-display-component---newInfoPriceItem--condValidTo"}]}
RESULT: {"script":"<script> [1562 bytes]","args":[{"selector":{"id":"application-managepricingrules-display-component---newInfoPriceItem--condValidTo","interaction":{"idSuffix":"inner"}},"wdio_ui5_key":"applicationmanagepricingrules-display-component---newInfoPriceItem--condValidTo"}]}
RESULT: undefined
COMMAND: POST /session/a995b82d0df1730148f5e6c1edf10a41/execute/async - {"script":"<script> [776 bytes]","args":[{"enterText":"1/30/26","selector":{"id":"application-managepricingrules-display-component---newInfoPriceItem--condValidTo","interaction":{"idSuffix":"inner"}},"clearTextFirst":true,"interactionType":"ENTER_TEXT"}]}
RESULT: {"script":"<script> [776 bytes]","args":[{"enterText":"1/30/26","selector":{"id":"application-managepricingrules-display-component---newInfoPriceItem--condValidTo","interaction":{"idSuffix":"inner"}},"clearTextFirst":true,"interactionType":"ENTER_TEXT"}]}
COMMAND: POST /session/a995b82d0df1730148f5e6c1edf10a41/execute/async - {"script":"<script> [1562 bytes]","args":[{"selector":{"id":"application-managepricingrules-display-component---newInfoPriceItem--billType-arrow"},"wdio_ui5_key":"applicationmanagepricingrules-display-component---newInfoPriceItem--billType-arrow"}]}
RESULT: {"script":"<script> [1562 bytes]","args":[{"selector":{"id":"application-managepricingrules-display-component---newInfoPriceItem--billType-arrow"},"wdio_ui5_key":"applicationmanagepricingrules-display-component---newInfoPriceItem--billType-arrow"}]}
RESULT: undefined
COMMAND: POST /session/a995b82d0df1730148f5e6c1edf10a41/element - {"using":"xpath","value":"//*[@id=\"application-managepricingrules-display-component---newInfoPriceItem--billType-arrow\"]"}
RESULT: {"using":"xpath","value":"//*[@id=\"application-managepricingrules-display-component---newInfoPriceItem--billType-arrow\"]"}
COMMAND: POST /session/a995b82d0df1730148f5e6c1edf10a41/element/f.5AF93869D51CACD0ED0B7A3F3CCEB8C6.d.ADE6F7A336A3ADFD51682E642A443D66.e.9657/click - {}
RESULT: {}
COMMAND: POST /session/a995b82d0df1730148f5e6c1edf10a41/element - {"using":"xpath","value":"//span[contains(text(), \"TB - Time based\")]"}
COMMAND: GET /session/a995b82d0df1730148f5e6c1edf10a41/screenshot - {}
RESULT: {"using":"xpath","value":"//span[contains(text(), \"TB - Time based\")]"}
COMMAND: POST /session/a995b82d0df1730148f5e6c1edf10a41/element/f.5AF93869D51CACD0ED0B7A3F3CCEB8C6.d.ADE6F7A336A3ADFD51682E642A443D66.e.9701/click - {}
RESULT: {}
RESULT: {}
COMMAND: POST /session/a995b82d0df1730148f5e6c1edf10a41/execute/async - {"script":"<script> [1562 bytes]","args":[{"selector":{"id":"application-managepricingrules-display-component---newInfoPriceItem--priceProc-arrow"},"wdio_ui5_key":"applicationmanagepricingrules-display-component---newInfoPriceItem--priceProc-arrow"}]}
COMMAND: GET /session/a995b82d0df1730148f5e6c1edf10a41/screenshot - {}
RESULT: {"script":"<script> [1562 bytes]","args":[{"selector":{"id":"application-managepricingrules-display-component---newInfoPriceItem--priceProc-arrow"},"wdio_ui5_key":"applicationmanagepricingrules-display-component---newInfoPriceItem--priceProc-arrow"}]}
RESULT: undefined
COMMAND: POST /session/a995b82d0df1730148f5e6c1edf10a41/element - {"using":"xpath","value":"//*[@id=\"application-managepricingrules-display-component---newInfoPriceItem--priceProc-arrow\"]"}
RESULT: {}
RESULT: {"using":"xpath","value":"//*[@id=\"application-managepricingrules-display-component---newInfoPriceItem--priceProc-arrow\"]"}
COMMAND: POST /session/a995b82d0df1730148f5e6c1edf10a41/element/f.5AF93869D51CACD0ED0B7A3F3CCEB8C6.d.ADE6F7A336A3ADFD51682E642A443D66.e.9664/click - {}
RESULT: {}
COMMAND: POST /session/a995b82d0df1730148f5e6c1edf10a41/element - {"using":"xpath","value":"//span[contains(text(), \"TBS - Time based standard\")]"}
COMMAND: GET /session/a995b82d0df1730148f5e6c1edf10a41/screenshot - {}
RESULT: {"using":"xpath","value":"//span[contains(text(), \"TBS - Time based standard\")]"}
COMMAND: POST /session/a995b82d0df1730148f5e6c1edf10a41/element/f.5AF93869D51CACD0ED0B7A3F3CCEB8C6.d.ADE6F7A336A3ADFD51682E642A443D66.e.9702/click - {}
RESULT: {}
RESULT: {}
COMMAND: POST /session/a995b82d0df1730148f5e6c1edf10a41/execute/async - {"script":"<script> [1562 bytes]","args":[{"selector":{"id":"application-managepricingrules-display-component---newInfoPriceItem--calcBase-arrow"},"wdio_ui5_key":"applicationmanagepricingrules-display-component---newInfoPriceItem--calcBase-arrow"}]}
COMMAND: GET /session/a995b82d0df1730148f5e6c1edf10a41/screenshot - {}
RESULT: {"script":"<script> [1562 bytes]","args":[{"selector":{"id":"application-managepricingrules-display-component---newInfoPriceItem--calcBase-arrow"},"wdio_ui5_key":"applicationmanagepricingrules-display-component---newInfoPriceItem--calcBase-arrow"}]}
RESULT: undefined
COMMAND: POST /session/a995b82d0df1730148f5e6c1edf10a41/element - {"using":"xpath","value":"//*[@id=\"application-managepricingrules-display-component---newInfoPriceItem--calcBase-arrow\"]"}
RESULT: {}
RESULT: {"using":"xpath","value":"//*[@id=\"application-managepricingrules-display-component---newInfoPriceItem--calcBase-arrow\"]"}
COMMAND: POST /session/a995b82d0df1730148f5e6c1edf10a41/element/f.5AF93869D51CACD0ED0B7A3F3CCEB8C6.d.ADE6F7A336A3ADFD51682E642A443D66.e.9671/click - {}
RESULT: {}
COMMAND: GET /session/a995b82d0df1730148f5e6c1edf10a41/screenshot - {}
RESULT: {}
COMMAND: POST /session/a995b82d0df1730148f5e6c1edf10a41/element - {"using":"xpath","value":"//span[contains(text(), \"0006 - TB(calendar days)\")]"}
RESULT: {"using":"xpath","value":"//span[contains(text(), \"0006 - TB(calendar days)\")]"}
COMMAND: POST /session/a995b82d0df1730148f5e6c1edf10a41/element/f.5AF93869D51CACD0ED0B7A3F3CCEB8C6.d.ADE6F7A336A3ADFD51682E642A443D66.e.9703/click - {}
RESULT: {}
COMMAND: GET /session/a995b82d0df1730148f5e6c1edf10a41/screenshot - {}
RESULT: {}
COMMAND: POST /session/a995b82d0df1730148f5e6c1edf10a41/execute/async - {"script":"<script> [1562 bytes]","args":[{"selector":{"id":"application-managepricingrules-display-component---newInfoPriceItem--daysMonth","interaction":{"idSuffix":"inner"}},"wdio_ui5_key":"applicationmanagepricingrules-display-component---newInfoPriceItem--daysMonth"}]}
RESULT: {"script":"<script> [1562 bytes]","args":[{"selector":{"id":"application-managepricingrules-display-component---newInfoPriceItem--daysMonth","interaction":{"idSuffix":"inner"}},"wdio_ui5_key":"applicationmanagepricingrules-display-component---newInfoPriceItem--daysMonth"}]}
RESULT: undefined
COMMAND: POST /session/a995b82d0df1730148f5e6c1edf10a41/execute/async - {"script":"<script> [776 bytes]","args":[{"enterText":"30","selector":{"id":"application-managepricingrules-display-component---newInfoPriceItem--daysMonth","interaction":{"idSuffix":"inner"}},"clearTextFirst":true,"interactionType":"ENTER_TEXT"}]}
RESULT: {"script":"<script> [776 bytes]","args":[{"enterText":"30","selector":{"id":"application-managepricingrules-display-component---newInfoPriceItem--daysMonth","interaction":{"idSuffix":"inner"}},"clearTextFirst":true,"interactionType":"ENTER_TEXT"}]}
COMMAND: POST /session/a995b82d0df1730148f5e6c1edf10a41/element - {"using":"xpath","value":"//button[@data-kt=\"saveNewRuleButton\"]"}
RESULT: {"using":"xpath","value":"//button[@data-kt=\"saveNewRuleButton\"]"}
COMMAND: POST /session/a995b82d0df1730148f5e6c1edf10a41/element/f.5AF93869D51CACD0ED0B7A3F3CCEB8C6.d.ADE6F7A336A3ADFD51682E642A443D66.e.9691/click - {}
RESULT: {}
COMMAND: GET /session/a995b82d0df1730148f5e6c1edf10a41/screenshot - {}
RESULT: {}
COMMAND: POST /session/a995b82d0df1730148f5e6c1edf10a41/execute/async - {"script":"<script> [1562 bytes]","args":[{"selector":{"id":"application-managepricingrules-display-component---priceInfoItem--smartFilterBar-btnBasicSearch","interaction":{"idSuffix":"I"}},"wdio_ui5_key":"applicationmanagepricingrules-display-component---priceInfoItem--smartFilterBar-btnBasicSearch"}]}
RESULT: {"script":"<script> [1562 bytes]","args":[{"selector":{"id":"application-managepricingrules-display-component---priceInfoItem--smartFilterBar-btnBasicSearch","interaction":{"idSuffix":"I"}},"wdio_ui5_key":"applicationmanagepricingrules-display-component---priceInfoItem--smartFilterBar-btnBasicSearch"}]}
RESULT: undefined
COMMAND: POST /session/a995b82d0df1730148f5e6c1edf10a41/execute/async - {"script":"<script> [776 bytes]","args":[{"enterText":"B1Oulhki0s","selector":{"id":"application-managepricingrules-display-component---priceInfoItem--smartFilterBar-btnBasicSearch","interaction":{"idSuffix":"I"}},"clearTextFirst":true,"interactionType":"ENTER_TEXT"}]}
RESULT: {"script":"<script> [776 bytes]","args":[{"enterText":"B1Oulhki0s","selector":{"id":"application-managepricingrules-display-component---priceInfoItem--smartFilterBar-btnBasicSearch","interaction":{"idSuffix":"I"}},"clearTextFirst":true,"interactionType":"ENTER_TEXT"}]}
COMMAND: POST /session/a995b82d0df1730148f5e6c1edf10a41/actions - {"actions":[{"id":"action29","type":"key","parameters":{},"actions":[{"type":"keyDown","value":""},{"type":"pause","duration":10},{"type":"keyUp","value":""}]}]}
RESULT: {"actions":[{"id":"action29","type":"key","parameters":{},"actions":[{"type":"keyDown","value":""},{"type":"pause","duration":10},{"type":"keyUp","value":""}]}]}
COMMAND: GET /session/a995b82d0df1730148f5e6c1edf10a41/screenshot - {}
RESULT: {}
COMMAND: POST /session/a995b82d0df1730148f5e6c1edf10a41/element - {"using":"xpath","value":"//span[@id=\"application-managepricingrules-display-component---priceInfoItem--smartTable-header-inner\"]"}
RESULT: {"using":"xpath","value":"//span[@id=\"application-managepricingrules-display-component---priceInfoItem--smartTable-header-inner\"]"}
COMMAND: POST /session/a995b82d0df1730148f5e6c1edf10a41/elements - {"using":"xpath","value":"//span[@id=\"application-managepricingrules-display-component---priceInfoItem--smartTable-header-inner\"]"}
RESULT: {"using":"xpath","value":"//span[@id=\"application-managepricingrules-display-component---priceInfoItem--smartTable-header-inner\"]"}
COMMAND: POST /session/a995b82d0df1730148f5e6c1edf10a41/execute/sync - {"script":"<script> [56 bytes]","args":[{"element-6066-11e4-a52e-4f735466cecf":"f.5AF93869D51CACD0ED0B7A3F3CCEB8C6.d.ADE6F7A336A3ADFD51682E642A443D66.e.9727","ELEMENT":"f.5AF93869D51CACD0ED0B7A3F3CCEB8C6.d.ADE6F7A336A3ADFD51682E642A443D66.e.9727"}]}
RESULT: {"script":"<script> [56 bytes]","args":[{"element-6066-11e4-a52e-4f735466cecf":"f.5AF93869D51CACD0ED0B7A3F3CCEB8C6.d.ADE6F7A336A3ADFD51682E642A443D66.e.9727","ELEMENT":"f.5AF93869D51CACD0ED0B7A3F3CCEB8C6.d.ADE6F7A336A3ADFD51682E642A443D66.e.9727"}]}
COMMAND: POST /session/a995b82d0df1730148f5e6c1edf10a41/element - {"using":"css selector","value":"#shell-header-logo"}
COMMAND: GET /session/a995b82d0df1730148f5e6c1edf10a41/screenshot - {}
RESULT: {"using":"css selector","value":"#shell-header-logo"}
COMMAND: POST /session/a995b82d0df1730148f5e6c1edf10a41/element/f.5AF93869D51CACD0ED0B7A3F3CCEB8C6.d.ADE6F7A336A3ADFD51682E642A443D66.e.8814/click - {}
RESULT: {}
RESULT: {}
COMMAND: GET /session/a995b82d0df1730148f5e6c1edf10a41/screenshot - {}
RESULT: {}
]]></system-out>
    </testcase>
    <testcase classname="chrome.136_0_7103_93.windows.Billing_Transfer_-_Intracompany_US127249" name="Should manage conditions" time="75.591">
      <system-out><![CDATA[
COMMAND: POST /session/a995b82d0df1730148f5e6c1edf10a41/execute/async - {"script":"<script> [1562 bytes]","args":[{"selector":{"controlType":"sap.m.GenericTile","properties":{"header":"Manage Conditions & Prices"}},"wdio_ui5_key":"sapm.GenericTile{\"header\":\"Manage Conditions & Prices\"}"}]}
RESULT: {"script":"<script> [1562 bytes]","args":[{"selector":{"controlType":"sap.m.GenericTile","properties":{"header":"Manage Conditions & Prices"}},"wdio_ui5_key":"sapm.GenericTile{\"header\":\"Manage Conditions & Prices\"}"}]}
RESULT: undefined
COMMAND: POST /session/a995b82d0df1730148f5e6c1edf10a41/element - {"using":"xpath","value":"//*[@id=\"__tile53\"]"}
RESULT: {"using":"xpath","value":"//*[@id=\"__tile53\"]"}
COMMAND: POST /session/a995b82d0df1730148f5e6c1edf10a41/element/f.5AF93869D51CACD0ED0B7A3F3CCEB8C6.d.ADE6F7A336A3ADFD51682E642A443D66.e.6555/click - {}
RESULT: {}
COMMAND: GET /session/a995b82d0df1730148f5e6c1edf10a41/screenshot - {}
RESULT: {}
COMMAND: POST /session/a995b82d0df1730148f5e6c1edf10a41/elements - {"using":"xpath","value":"//span[text()='Error']"}
RESULT: {"using":"xpath","value":"//span[text()='Error']"}
COMMAND: POST /session/a995b82d0df1730148f5e6c1edf10a41/element - {"using":"xpath","value":"//button[@aria-label=\"Create\"]"}
RESULT: {"using":"xpath","value":"//button[@aria-label=\"Create\"]"}
COMMAND: POST /session/a995b82d0df1730148f5e6c1edf10a41/elements - {"using":"xpath","value":"//button[@aria-label=\"Create\"]"}
RESULT: {"using":"xpath","value":"//button[@aria-label=\"Create\"]"}
COMMAND: POST /session/a995b82d0df1730148f5e6c1edf10a41/element - {"using":"xpath","value":"//button[@aria-label=\"Create\"]"}
RESULT: {"using":"xpath","value":"//button[@aria-label=\"Create\"]"}
COMMAND: POST /session/a995b82d0df1730148f5e6c1edf10a41/execute/sync - {"script":"<script> [8489 bytes]","args":[{"element-6066-11e4-a52e-4f735466cecf":"f.5AF93869D51CACD0ED0B7A3F3CCEB8C6.d.ADE6F7A336A3ADFD51682E642A443D66.e.9764","ELEMENT":"f.5AF93869D51CACD0ED0B7A3F3CCEB8C6.d.ADE6F7A336A3ADFD51682E642A443D66.e.9764"}]}
RESULT: {"script":"<script> [8489 bytes]","args":[{"element-6066-11e4-a52e-4f735466cecf":"f.5AF93869D51CACD0ED0B7A3F3CCEB8C6.d.ADE6F7A336A3ADFD51682E642A443D66.e.9764","ELEMENT":"f.5AF93869D51CACD0ED0B7A3F3CCEB8C6.d.ADE6F7A336A3ADFD51682E642A443D66.e.9764"}]}
COMMAND: GET /session/a995b82d0df1730148f5e6c1edf10a41/element/f.5AF93869D51CACD0ED0B7A3F3CCEB8C6.d.ADE6F7A336A3ADFD51682E642A443D66.e.9764/enabled - {}
COMMAND: GET /session/a995b82d0df1730148f5e6c1edf10a41/screenshot - {}
RESULT: {}
COMMAND: POST /session/a995b82d0df1730148f5e6c1edf10a41/execute/sync - {"script":"<script> [8489 bytes]","args":[{"element-6066-11e4-a52e-4f735466cecf":"f.5AF93869D51CACD0ED0B7A3F3CCEB8C6.d.ADE6F7A336A3ADFD51682E642A443D66.e.9764","ELEMENT":"f.5AF93869D51CACD0ED0B7A3F3CCEB8C6.d.ADE6F7A336A3ADFD51682E642A443D66.e.9764"}]}
COMMAND: GET /session/a995b82d0df1730148f5e6c1edf10a41/screenshot - {}
RESULT: {}
RESULT: {"script":"<script> [8489 bytes]","args":[{"element-6066-11e4-a52e-4f735466cecf":"f.5AF93869D51CACD0ED0B7A3F3CCEB8C6.d.ADE6F7A336A3ADFD51682E642A443D66.e.9764","ELEMENT":"f.5AF93869D51CACD0ED0B7A3F3CCEB8C6.d.ADE6F7A336A3ADFD51682E642A443D66.e.9764"}]}
COMMAND: POST /session/a995b82d0df1730148f5e6c1edf10a41/execute/sync - {"script":"<script> [5351 bytes]","args":[{"element-6066-11e4-a52e-4f735466cecf":"f.5AF93869D51CACD0ED0B7A3F3CCEB8C6.d.ADE6F7A336A3ADFD51682E642A443D66.e.9764","ELEMENT":"f.5AF93869D51CACD0ED0B7A3F3CCEB8C6.d.ADE6F7A336A3ADFD51682E642A443D66.e.9764"}]}
COMMAND: GET /session/a995b82d0df1730148f5e6c1edf10a41/screenshot - {}
RESULT: {}
RESULT: {"script":"<script> [5351 bytes]","args":[{"element-6066-11e4-a52e-4f735466cecf":"f.5AF93869D51CACD0ED0B7A3F3CCEB8C6.d.ADE6F7A336A3ADFD51682E642A443D66.e.9764","ELEMENT":"f.5AF93869D51CACD0ED0B7A3F3CCEB8C6.d.ADE6F7A336A3ADFD51682E642A443D66.e.9764"}]}
COMMAND: POST /session/a995b82d0df1730148f5e6c1edf10a41/element/f.5AF93869D51CACD0ED0B7A3F3CCEB8C6.d.ADE6F7A336A3ADFD51682E642A443D66.e.9764/click - {}
COMMAND: GET /session/a995b82d0df1730148f5e6c1edf10a41/screenshot - {}
RESULT: {}
RESULT: {}
COMMAND: GET /session/a995b82d0df1730148f5e6c1edf10a41/screenshot - {}
RESULT: {}
RESULT: {}
COMMAND: POST /session/a995b82d0df1730148f5e6c1edf10a41/actions - {"actions":[{"id":"action30","type":"key","parameters":{},"actions":[{"type":"keyDown","value":""},{"type":"pause","duration":10},{"type":"keyUp","value":""}]}]}
RESULT: {"actions":[{"id":"action30","type":"key","parameters":{},"actions":[{"type":"keyDown","value":""},{"type":"pause","duration":10},{"type":"keyUp","value":""}]}]}
COMMAND: GET /session/a995b82d0df1730148f5e6c1edf10a41/screenshot - {}
RESULT: {}
COMMAND: POST /session/a995b82d0df1730148f5e6c1edf10a41/execute/async - {"script":"<script> [1562 bytes]","args":[{"selector":{"id":"application-manageconditionprice-display-component---newCondition--condBillCond-arrow"},"wdio_ui5_key":"applicationmanageconditionprice-display-component---newCondition--condBillCond-arrow"}]}
RESULT: {"script":"<script> [1562 bytes]","args":[{"selector":{"id":"application-manageconditionprice-display-component---newCondition--condBillCond-arrow"},"wdio_ui5_key":"applicationmanageconditionprice-display-component---newCondition--condBillCond-arrow"}]}
RESULT: undefined
COMMAND: POST /session/a995b82d0df1730148f5e6c1edf10a41/element - {"using":"xpath","value":"//*[@id=\"application-manageconditionprice-display-component---newCondition--condBillCond-arrow\"]"}
RESULT: {"using":"xpath","value":"//*[@id=\"application-manageconditionprice-display-component---newCondition--condBillCond-arrow\"]"}
COMMAND: POST /session/a995b82d0df1730148f5e6c1edf10a41/element/f.5AF93869D51CACD0ED0B7A3F3CCEB8C6.d.ADE6F7A336A3ADFD51682E642A443D66.e.9944/click - {}
RESULT: {}
COMMAND: GET /session/a995b82d0df1730148f5e6c1edf10a41/screenshot - {}
RESULT: {}
COMMAND: POST /session/a995b82d0df1730148f5e6c1edf10a41/element - {"using":"xpath","value":"//li[.//span[contains(text(), \"DISP - D&I special price\")]]"}
RESULT: {"using":"xpath","value":"//li[.//span[contains(text(), \"DISP - D&I special price\")]]"}
COMMAND: POST /session/a995b82d0df1730148f5e6c1edf10a41/element/f.5AF93869D51CACD0ED0B7A3F3CCEB8C6.d.ADE6F7A336A3ADFD51682E642A443D66.e.9947/click - {}
RESULT: {}
COMMAND: GET /session/a995b82d0df1730148f5e6c1edf10a41/screenshot - {}
RESULT: {}
COMMAND: POST /session/a995b82d0df1730148f5e6c1edf10a41/execute/async - {"script":"<script> [1562 bytes]","args":[{"selector":{"id":"application-manageconditionprice-display-component---newCondition--condValidTo","interaction":{"idSuffix":"inner"}},"wdio_ui5_key":"applicationmanageconditionprice-display-component---newCondition--condValidTo"}]}
RESULT: {"script":"<script> [1562 bytes]","args":[{"selector":{"id":"application-manageconditionprice-display-component---newCondition--condValidTo","interaction":{"idSuffix":"inner"}},"wdio_ui5_key":"applicationmanageconditionprice-display-component---newCondition--condValidTo"}]}
RESULT: undefined
COMMAND: POST /session/a995b82d0df1730148f5e6c1edf10a41/execute/async - {"script":"<script> [776 bytes]","args":[{"enterText":"1/30/26","selector":{"id":"application-manageconditionprice-display-component---newCondition--condValidTo","interaction":{"idSuffix":"inner"}},"clearTextFirst":true,"interactionType":"ENTER_TEXT"}]}
RESULT: {"script":"<script> [776 bytes]","args":[{"enterText":"1/30/26","selector":{"id":"application-manageconditionprice-display-component---newCondition--condValidTo","interaction":{"idSuffix":"inner"}},"clearTextFirst":true,"interactionType":"ENTER_TEXT"}]}
COMMAND: POST /session/a995b82d0df1730148f5e6c1edf10a41/element - {"using":"xpath","value":"//input[@id=\"application-manageconditionprice-display-component---newCondition--condRU-inner\"]"}
RESULT: {"using":"xpath","value":"//input[@id=\"application-manageconditionprice-display-component---newCondition--condRU-inner\"]"}
COMMAND: POST /session/a995b82d0df1730148f5e6c1edf10a41/element/f.5AF93869D51CACD0ED0B7A3F3CCEB8C6.d.ADE6F7A336A3ADFD51682E642A443D66.e.9809/clear - {}
RESULT: {}
COMMAND: POST /session/a995b82d0df1730148f5e6c1edf10a41/element/f.5AF93869D51CACD0ED0B7A3F3CCEB8C6.d.ADE6F7A336A3ADFD51682E642A443D66.e.9809/value - {"text":"B1Oulhki0s"}
COMMAND: GET /session/a995b82d0df1730148f5e6c1edf10a41/screenshot - {}
RESULT: {"text":"B1Oulhki0s"}
COMMAND: GET /session/a995b82d0df1730148f5e6c1edf10a41/screenshot - {}
RESULT: {}
RESULT: {}
COMMAND: POST /session/a995b82d0df1730148f5e6c1edf10a41/actions - {"actions":[{"id":"action31","type":"key","parameters":{},"actions":[{"type":"keyDown","value":""},{"type":"pause","duration":10},{"type":"keyUp","value":""}]}]}
RESULT: {"actions":[{"id":"action31","type":"key","parameters":{},"actions":[{"type":"keyDown","value":""},{"type":"pause","duration":10},{"type":"keyUp","value":""}]}]}
COMMAND: POST /session/a995b82d0df1730148f5e6c1edf10a41/execute/async - {"script":"<script> [1562 bytes]","args":[{"selector":{"id":"application-manageconditionprice-display-component---newCondition--condBaseQty","interaction":{"idSuffix":"inner"}},"wdio_ui5_key":"applicationmanageconditionprice-display-component---newCondition--condBaseQty"}]}
COMMAND: GET /session/a995b82d0df1730148f5e6c1edf10a41/screenshot - {}
RESULT: {}
RESULT: {"script":"<script> [1562 bytes]","args":[{"selector":{"id":"application-manageconditionprice-display-component---newCondition--condBaseQty","interaction":{"idSuffix":"inner"}},"wdio_ui5_key":"applicationmanageconditionprice-display-component---newCondition--condBaseQty"}]}
RESULT: undefined
COMMAND: POST /session/a995b82d0df1730148f5e6c1edf10a41/execute/async - {"script":"<script> [776 bytes]","args":[{"enterText":"1","selector":{"id":"application-manageconditionprice-display-component---newCondition--condBaseQty","interaction":{"idSuffix":"inner"}},"clearTextFirst":true,"interactionType":"ENTER_TEXT"}]}
RESULT: {"script":"<script> [776 bytes]","args":[{"enterText":"1","selector":{"id":"application-manageconditionprice-display-component---newCondition--condBaseQty","interaction":{"idSuffix":"inner"}},"clearTextFirst":true,"interactionType":"ENTER_TEXT"}]}
COMMAND: POST /session/a995b82d0df1730148f5e6c1edf10a41/execute/async - {"script":"<script> [1562 bytes]","args":[{"selector":{"id":"application-manageconditionprice-display-component---newCondition--condValue","interaction":{"idSuffix":"inner"}},"wdio_ui5_key":"applicationmanageconditionprice-display-component---newCondition--condValue"}]}
RESULT: {"script":"<script> [1562 bytes]","args":[{"selector":{"id":"application-manageconditionprice-display-component---newCondition--condValue","interaction":{"idSuffix":"inner"}},"wdio_ui5_key":"applicationmanageconditionprice-display-component---newCondition--condValue"}]}
RESULT: undefined
COMMAND: POST /session/a995b82d0df1730148f5e6c1edf10a41/execute/async - {"script":"<script> [776 bytes]","args":[{"enterText":"200","selector":{"id":"application-manageconditionprice-display-component---newCondition--condValue","interaction":{"idSuffix":"inner"}},"clearTextFirst":true,"interactionType":"ENTER_TEXT"}]}
RESULT: {"script":"<script> [776 bytes]","args":[{"enterText":"200","selector":{"id":"application-manageconditionprice-display-component---newCondition--condValue","interaction":{"idSuffix":"inner"}},"clearTextFirst":true,"interactionType":"ENTER_TEXT"}]}
COMMAND: POST /session/a995b82d0df1730148f5e6c1edf10a41/execute/async - {"script":"<script> [1562 bytes]","args":[{"selector":{"id":"application-manageconditionprice-display-component---newCondition--condCurr-arrow"},"wdio_ui5_key":"applicationmanageconditionprice-display-component---newCondition--condCurr-arrow"}]}
RESULT: {"script":"<script> [1562 bytes]","args":[{"selector":{"id":"application-manageconditionprice-display-component---newCondition--condCurr-arrow"},"wdio_ui5_key":"applicationmanageconditionprice-display-component---newCondition--condCurr-arrow"}]}
RESULT: undefined
COMMAND: POST /session/a995b82d0df1730148f5e6c1edf10a41/element - {"using":"xpath","value":"//*[@id=\"application-manageconditionprice-display-component---newCondition--condCurr-arrow\"]"}
RESULT: {"using":"xpath","value":"//*[@id=\"application-manageconditionprice-display-component---newCondition--condCurr-arrow\"]"}
COMMAND: POST /session/a995b82d0df1730148f5e6c1edf10a41/element/f.5AF93869D51CACD0ED0B7A3F3CCEB8C6.d.ADE6F7A336A3ADFD51682E642A443D66.e.9924/click - {}
RESULT: {}
COMMAND: POST /session/a995b82d0df1730148f5e6c1edf10a41/element - {"using":"xpath","value":"//span[contains(text(), \"Euro\")]"}
COMMAND: GET /session/a995b82d0df1730148f5e6c1edf10a41/screenshot - {}
RESULT: {"using":"xpath","value":"//span[contains(text(), \"Euro\")]"}
COMMAND: POST /session/a995b82d0df1730148f5e6c1edf10a41/element/f.5AF93869D51CACD0ED0B7A3F3CCEB8C6.d.ADE6F7A336A3ADFD51682E642A443D66.e.9980/click - {}
RESULT: {}
RESULT: {}
COMMAND: POST /session/a995b82d0df1730148f5e6c1edf10a41/element - {"using":"xpath","value":"//button[@data-kt=\"saveButton\"]"}
COMMAND: GET /session/a995b82d0df1730148f5e6c1edf10a41/screenshot - {}
RESULT: {"using":"xpath","value":"//button[@data-kt=\"saveButton\"]"}
COMMAND: POST /session/a995b82d0df1730148f5e6c1edf10a41/element/f.5AF93869D51CACD0ED0B7A3F3CCEB8C6.d.ADE6F7A336A3ADFD51682E642A443D66.e.9925/click - {}
RESULT: {}
RESULT: {}
COMMAND: GET /session/a995b82d0df1730148f5e6c1edf10a41/screenshot - {}
RESULT: {}
COMMAND: POST /session/a995b82d0df1730148f5e6c1edf10a41/execute/async - {"script":"<script> [1562 bytes]","args":[{"selector":{"id":"application-manageconditionprice-display-component---conditions--smartFilterBar-btnBasicSearch","interaction":{"idSuffix":"I"}},"wdio_ui5_key":"applicationmanageconditionprice-display-component---conditions--smartFilterBar-btnBasicSearch"}]}
RESULT: {"script":"<script> [1562 bytes]","args":[{"selector":{"id":"application-manageconditionprice-display-component---conditions--smartFilterBar-btnBasicSearch","interaction":{"idSuffix":"I"}},"wdio_ui5_key":"applicationmanageconditionprice-display-component---conditions--smartFilterBar-btnBasicSearch"}]}
RESULT: undefined
COMMAND: POST /session/a995b82d0df1730148f5e6c1edf10a41/execute/async - {"script":"<script> [776 bytes]","args":[{"enterText":"B1Oulhki0s","selector":{"id":"application-manageconditionprice-display-component---conditions--smartFilterBar-btnBasicSearch","interaction":{"idSuffix":"I"}},"clearTextFirst":true,"interactionType":"ENTER_TEXT"}]}
RESULT: {"script":"<script> [776 bytes]","args":[{"enterText":"B1Oulhki0s","selector":{"id":"application-manageconditionprice-display-component---conditions--smartFilterBar-btnBasicSearch","interaction":{"idSuffix":"I"}},"clearTextFirst":true,"interactionType":"ENTER_TEXT"}]}
COMMAND: POST /session/a995b82d0df1730148f5e6c1edf10a41/actions - {"actions":[{"id":"action32","type":"key","parameters":{},"actions":[{"type":"keyDown","value":""},{"type":"pause","duration":10},{"type":"keyUp","value":""}]}]}
RESULT: {"actions":[{"id":"action32","type":"key","parameters":{},"actions":[{"type":"keyDown","value":""},{"type":"pause","duration":10},{"type":"keyUp","value":""}]}]}
COMMAND: GET /session/a995b82d0df1730148f5e6c1edf10a41/screenshot - {}
RESULT: {}
COMMAND: POST /session/a995b82d0df1730148f5e6c1edf10a41/execute/async - {"script":"<script> [1562 bytes]","args":[{"selector":{"id":"application-manageconditionprice-display-component---conditions--smartFilterBar-filterItemControl_BASIC-BILL_TYPES-vhi"},"wdio_ui5_key":"applicationmanageconditionprice-display-component---conditions--smartFilterBar-filterItemControl_BASIC-BILL_TYPES-vhi"}]}
RESULT: {"script":"<script> [1562 bytes]","args":[{"selector":{"id":"application-manageconditionprice-display-component---conditions--smartFilterBar-filterItemControl_BASIC-BILL_TYPES-vhi"},"wdio_ui5_key":"applicationmanageconditionprice-display-component---conditions--smartFilterBar-filterItemControl_BASIC-BILL_TYPES-vhi"}]}
RESULT: undefined
COMMAND: POST /session/a995b82d0df1730148f5e6c1edf10a41/element - {"using":"xpath","value":"//*[@id=\"application-manageconditionprice-display-component---conditions--smartFilterBar-filterItemControl_BASIC-BILL_TYPES-vhi\"]"}
RESULT: {"using":"xpath","value":"//*[@id=\"application-manageconditionprice-display-component---conditions--smartFilterBar-filterItemControl_BASIC-BILL_TYPES-vhi\"]"}
COMMAND: POST /session/a995b82d0df1730148f5e6c1edf10a41/element/f.5AF93869D51CACD0ED0B7A3F3CCEB8C6.d.ADE6F7A336A3ADFD51682E642A443D66.e.10086/click - {}
RESULT: {}
COMMAND: POST /session/a995b82d0df1730148f5e6c1edf10a41/execute/async - {"script":"<script> [1562 bytes]","args":[{"selector":{"id":"application-manageconditionprice-display-component---conditions--smartFilterBar-filterItemControl_BASIC-BILL_TYPES-valueHelpDialog-smartFilterBar-btnBasicSearch","searchOpenDialogs":true,"interaction":{"idSuffix":"I"}},"wdio_ui5_key":"applicationmanageconditionprice-display-component---conditions--smartFilterBar-filterItemControl_BASIC-BILL_TYPES-valueHelpDialog-smartFilterBar-btnBasicSearch"}]}
COMMAND: GET /session/a995b82d0df1730148f5e6c1edf10a41/screenshot - {}
RESULT: {"script":"<script> [1562 bytes]","args":[{"selector":{"id":"application-manageconditionprice-display-component---conditions--smartFilterBar-filterItemControl_BASIC-BILL_TYPES-valueHelpDialog-smartFilterBar-btnBasicSearch","searchOpenDialogs":true,"interaction":{"idSuffix":"I"}},"wdio_ui5_key":"applicationmanageconditionprice-display-component---conditions--smartFilterBar-filterItemControl_BASIC-BILL_TYPES-valueHelpDialog-smartFilterBar-btnBasicSearch"}]}
RESULT: undefined
COMMAND: POST /session/a995b82d0df1730148f5e6c1edf10a41/execute/async - {"script":"<script> [776 bytes]","args":[{"enterText":"TB","selector":{"id":"application-manageconditionprice-display-component---conditions--smartFilterBar-filterItemControl_BASIC-BILL_TYPES-valueHelpDialog-smartFilterBar-btnBasicSearch","searchOpenDialogs":true,"interaction":{"idSuffix":"I"}},"clearTextFirst":true,"interactionType":"ENTER_TEXT"}]}
RESULT: {}
RESULT: {"script":"<script> [776 bytes]","args":[{"enterText":"TB","selector":{"id":"application-manageconditionprice-display-component---conditions--smartFilterBar-filterItemControl_BASIC-BILL_TYPES-valueHelpDialog-smartFilterBar-btnBasicSearch","searchOpenDialogs":true,"interaction":{"idSuffix":"I"}},"clearTextFirst":true,"interactionType":"ENTER_TEXT"}]}
COMMAND: POST /session/a995b82d0df1730148f5e6c1edf10a41/actions - {"actions":[{"id":"action33","type":"key","parameters":{},"actions":[{"type":"keyDown","value":""},{"type":"pause","duration":10},{"type":"keyUp","value":""}]}]}
RESULT: {"actions":[{"id":"action33","type":"key","parameters":{},"actions":[{"type":"keyDown","value":""},{"type":"pause","duration":10},{"type":"keyUp","value":""}]}]}
COMMAND: GET /session/a995b82d0df1730148f5e6c1edf10a41/screenshot - {}
RESULT: {}
COMMAND: POST /session/a995b82d0df1730148f5e6c1edf10a41/element - {"using":"xpath","value":"//div[contains(@id, 'application-manageconditionprice-display-component---conditions--smartFilterBar-filterItemControl_BASIC-BILL_TYPES-valueHelpDialog-table-rowsel0')]"}
RESULT: {"using":"xpath","value":"//div[contains(@id, 'application-manageconditionprice-display-component---conditions--smartFilterBar-filterItemControl_BASIC-BILL_TYPES-valueHelpDialog-table-rowsel0')]"}
COMMAND: POST /session/a995b82d0df1730148f5e6c1edf10a41/element/f.5AF93869D51CACD0ED0B7A3F3CCEB8C6.d.ADE6F7A336A3ADFD51682E642A443D66.e.10096/click - {}
RESULT: {}
COMMAND: GET /session/a995b82d0df1730148f5e6c1edf10a41/screenshot - {}
RESULT: {}
COMMAND: POST /session/a995b82d0df1730148f5e6c1edf10a41/element - {"using":"xpath","value":"//bdi[contains(text(), \"OK\")]"}
RESULT: {"using":"xpath","value":"//bdi[contains(text(), \"OK\")]"}
COMMAND: POST /session/a995b82d0df1730148f5e6c1edf10a41/element/f.5AF93869D51CACD0ED0B7A3F3CCEB8C6.d.ADE6F7A336A3ADFD51682E642A443D66.e.10098/click - {}
RESULT: {}
COMMAND: GET /session/a995b82d0df1730148f5e6c1edf10a41/screenshot - {}
RESULT: {}
COMMAND: POST /session/a995b82d0df1730148f5e6c1edf10a41/element - {"using":"xpath","value":"//span[@id=\"application-manageconditionprice-display-component---conditions--smartTable-header-inner\"]"}
RESULT: {"using":"xpath","value":"//span[@id=\"application-manageconditionprice-display-component---conditions--smartTable-header-inner\"]"}
COMMAND: POST /session/a995b82d0df1730148f5e6c1edf10a41/elements - {"using":"xpath","value":"//span[@id=\"application-manageconditionprice-display-component---conditions--smartTable-header-inner\"]"}
RESULT: {"using":"xpath","value":"//span[@id=\"application-manageconditionprice-display-component---conditions--smartTable-header-inner\"]"}
COMMAND: POST /session/a995b82d0df1730148f5e6c1edf10a41/execute/sync - {"script":"<script> [56 bytes]","args":[{"element-6066-11e4-a52e-4f735466cecf":"f.5AF93869D51CACD0ED0B7A3F3CCEB8C6.d.ADE6F7A336A3ADFD51682E642A443D66.e.10101","ELEMENT":"f.5AF93869D51CACD0ED0B7A3F3CCEB8C6.d.ADE6F7A336A3ADFD51682E642A443D66.e.10101"}]}
RESULT: {"script":"<script> [56 bytes]","args":[{"element-6066-11e4-a52e-4f735466cecf":"f.5AF93869D51CACD0ED0B7A3F3CCEB8C6.d.ADE6F7A336A3ADFD51682E642A443D66.e.10101","ELEMENT":"f.5AF93869D51CACD0ED0B7A3F3CCEB8C6.d.ADE6F7A336A3ADFD51682E642A443D66.e.10101"}]}
COMMAND: POST /session/a995b82d0df1730148f5e6c1edf10a41/element - {"using":"css selector","value":"#shell-header-logo"}
COMMAND: GET /session/a995b82d0df1730148f5e6c1edf10a41/screenshot - {}
RESULT: {"using":"css selector","value":"#shell-header-logo"}
COMMAND: POST /session/a995b82d0df1730148f5e6c1edf10a41/element/f.5AF93869D51CACD0ED0B7A3F3CCEB8C6.d.ADE6F7A336A3ADFD51682E642A443D66.e.9730/click - {}
RESULT: {}
RESULT: {}
COMMAND: GET /session/a995b82d0df1730148f5e6c1edf10a41/screenshot - {}
RESULT: {}
]]></system-out>
    </testcase>
    <testcase classname="chrome.136_0_7103_93.windows.Billing_Transfer_-_Intracompany_US127249" name="Should do a stock increase handover" time="99.926">
      <failure/>
      <error message="Can't call click on element with selector &quot;//li[.//span[contains(text(),'509 -')]]&quot; because element wasn't found"/>
      <system-out><![CDATA[
COMMAND: POST /session/a995b82d0df1730148f5e6c1edf10a41/execute/async - {"script":"<script> [1562 bytes]","args":[{"selector":{"controlType":"sap.m.GenericTile","properties":{"header":"Manage Handovers"}},"wdio_ui5_key":"sapm.GenericTile{\"header\":\"Manage Handovers\"}"}]}
RESULT: {"script":"<script> [1562 bytes]","args":[{"selector":{"controlType":"sap.m.GenericTile","properties":{"header":"Manage Handovers"}},"wdio_ui5_key":"sapm.GenericTile{\"header\":\"Manage Handovers\"}"}]}
RESULT: undefined
COMMAND: POST /session/a995b82d0df1730148f5e6c1edf10a41/element - {"using":"xpath","value":"//*[@id=\"__tile132\"]"}
RESULT: {"using":"xpath","value":"//*[@id=\"__tile132\"]"}
COMMAND: POST /session/a995b82d0df1730148f5e6c1edf10a41/element/f.5AF93869D51CACD0ED0B7A3F3CCEB8C6.d.ADE6F7A336A3ADFD51682E642A443D66.e.6592/click - {}
RESULT: {}
COMMAND: GET /session/a995b82d0df1730148f5e6c1edf10a41/screenshot - {}
COMMAND: POST /session/a995b82d0df1730148f5e6c1edf10a41/elements - {"using":"xpath","value":"//span[text()='Error']"}
RESULT: {}
RESULT: {"using":"xpath","value":"//span[text()='Error']"}
COMMAND: POST /session/a995b82d0df1730148f5e6c1edf10a41/element - {"using":"xpath","value":"//button[@data-kt=\"masterHOAddButton\"]"}
RESULT: {"using":"xpath","value":"//button[@data-kt=\"masterHOAddButton\"]"}
COMMAND: POST /session/a995b82d0df1730148f5e6c1edf10a41/elements - {"using":"xpath","value":"//button[@data-kt=\"masterHOAddButton\"]"}
RESULT: {"using":"xpath","value":"//button[@data-kt=\"masterHOAddButton\"]"}
COMMAND: POST /session/a995b82d0df1730148f5e6c1edf10a41/execute/sync - {"script":"<script> [8489 bytes]","args":[{"element-6066-11e4-a52e-4f735466cecf":"f.5AF93869D51CACD0ED0B7A3F3CCEB8C6.d.ADE6F7A336A3ADFD51682E642A443D66.e.10135","ELEMENT":"f.5AF93869D51CACD0ED0B7A3F3CCEB8C6.d.ADE6F7A336A3ADFD51682E642A443D66.e.10135"}]}
RESULT: {"script":"<script> [8489 bytes]","args":[{"element-6066-11e4-a52e-4f735466cecf":"f.5AF93869D51CACD0ED0B7A3F3CCEB8C6.d.ADE6F7A336A3ADFD51682E642A443D66.e.10135","ELEMENT":"f.5AF93869D51CACD0ED0B7A3F3CCEB8C6.d.ADE6F7A336A3ADFD51682E642A443D66.e.10135"}]}
COMMAND: GET /session/a995b82d0df1730148f5e6c1edf10a41/element/f.5AF93869D51CACD0ED0B7A3F3CCEB8C6.d.ADE6F7A336A3ADFD51682E642A443D66.e.10135/enabled - {}
COMMAND: GET /session/a995b82d0df1730148f5e6c1edf10a41/screenshot - {}
RESULT: {}
RESULT: {}
COMMAND: POST /session/a995b82d0df1730148f5e6c1edf10a41/execute/sync - {"script":"<script> [8489 bytes]","args":[{"element-6066-11e4-a52e-4f735466cecf":"f.5AF93869D51CACD0ED0B7A3F3CCEB8C6.d.ADE6F7A336A3ADFD51682E642A443D66.e.10135","ELEMENT":"f.5AF93869D51CACD0ED0B7A3F3CCEB8C6.d.ADE6F7A336A3ADFD51682E642A443D66.e.10135"}]}
COMMAND: GET /session/a995b82d0df1730148f5e6c1edf10a41/screenshot - {}
RESULT: {"script":"<script> [8489 bytes]","args":[{"element-6066-11e4-a52e-4f735466cecf":"f.5AF93869D51CACD0ED0B7A3F3CCEB8C6.d.ADE6F7A336A3ADFD51682E642A443D66.e.10135","ELEMENT":"f.5AF93869D51CACD0ED0B7A3F3CCEB8C6.d.ADE6F7A336A3ADFD51682E642A443D66.e.10135"}]}
COMMAND: POST /session/a995b82d0df1730148f5e6c1edf10a41/execute/sync - {"script":"<script> [5351 bytes]","args":[{"element-6066-11e4-a52e-4f735466cecf":"f.5AF93869D51CACD0ED0B7A3F3CCEB8C6.d.ADE6F7A336A3ADFD51682E642A443D66.e.10135","ELEMENT":"f.5AF93869D51CACD0ED0B7A3F3CCEB8C6.d.ADE6F7A336A3ADFD51682E642A443D66.e.10135"}]}
COMMAND: GET /session/a995b82d0df1730148f5e6c1edf10a41/screenshot - {}
RESULT: {}
RESULT: {"script":"<script> [5351 bytes]","args":[{"element-6066-11e4-a52e-4f735466cecf":"f.5AF93869D51CACD0ED0B7A3F3CCEB8C6.d.ADE6F7A336A3ADFD51682E642A443D66.e.10135","ELEMENT":"f.5AF93869D51CACD0ED0B7A3F3CCEB8C6.d.ADE6F7A336A3ADFD51682E642A443D66.e.10135"}]}
COMMAND: POST /session/a995b82d0df1730148f5e6c1edf10a41/element/f.5AF93869D51CACD0ED0B7A3F3CCEB8C6.d.ADE6F7A336A3ADFD51682E642A443D66.e.10135/click - {}
COMMAND: GET /session/a995b82d0df1730148f5e6c1edf10a41/screenshot - {}
RESULT: {}
RESULT: {}
COMMAND: GET /session/a995b82d0df1730148f5e6c1edf10a41/screenshot - {}
RESULT: {}
RESULT: {}
COMMAND: POST /session/a995b82d0df1730148f5e6c1edf10a41/element - {"using":"xpath","value":"//span[contains(@id ,\"AddNewHO--typeSelect-arrow\")]"}
RESULT: {"using":"xpath","value":"//span[contains(@id ,\"AddNewHO--typeSelect-arrow\")]"}
COMMAND: POST /session/a995b82d0df1730148f5e6c1edf10a41/element/f.5AF93869D51CACD0ED0B7A3F3CCEB8C6.d.ADE6F7A336A3ADFD51682E642A443D66.e.10496/click - {}
RESULT: {}
COMMAND: GET /session/a995b82d0df1730148f5e6c1edf10a41/screenshot - {}
RESULT: {}
COMMAND: POST /session/a995b82d0df1730148f5e6c1edf10a41/element - {"using":"xpath","value":"(//li[contains(text(), \"stock increase yard\")])[1]"}
RESULT: {"using":"xpath","value":"(//li[contains(text(), \"stock increase yard\")])[1]"}
COMMAND: POST /session/a995b82d0df1730148f5e6c1edf10a41/element/f.5AF93869D51CACD0ED0B7A3F3CCEB8C6.d.ADE6F7A336A3ADFD51682E642A443D66.e.10497/click - {}
RESULT: {}
COMMAND: GET /session/a995b82d0df1730148f5e6c1edf10a41/screenshot - {}
RESULT: {}
COMMAND: POST /session/a995b82d0df1730148f5e6c1edf10a41/execute/async - {"script":"<script> [1562 bytes]","args":[{"selector":{"id":"application-managehandovers-display-component---AddNewHO--dueDate","interaction":{"idSuffix":"inner"}},"wdio_ui5_key":"applicationmanagehandovers-display-component---AddNewHO--dueDate"}]}
RESULT: {"script":"<script> [1562 bytes]","args":[{"selector":{"id":"application-managehandovers-display-component---AddNewHO--dueDate","interaction":{"idSuffix":"inner"}},"wdio_ui5_key":"applicationmanagehandovers-display-component---AddNewHO--dueDate"}]}
RESULT: undefined
COMMAND: POST /session/a995b82d0df1730148f5e6c1edf10a41/execute/async - {"script":"<script> [6424 bytes]","args":[{"element-6066-11e4-a52e-4f735466cecf":"f.5AF93869D51CACD0ED0B7A3F3CCEB8C6.d.ADE6F7A336A3ADFD51682E642A443D66.e.10501"},"setValue",["5/30/25"]]}
RESULT: {"script":"<script> [6424 bytes]","args":[{"element-6066-11e4-a52e-4f735466cecf":"f.5AF93869D51CACD0ED0B7A3F3CCEB8C6.d.ADE6F7A336A3ADFD51682E642A443D66.e.10501"},"setValue",["5/30/25"]]}
COMMAND: POST /session/a995b82d0df1730148f5e6c1edf10a41/element - {"using":"xpath","value":"//input[@id=\"generalSectionFrg--receiveYard-inner\"]"}
RESULT: {"using":"xpath","value":"//input[@id=\"generalSectionFrg--receiveYard-inner\"]"}
COMMAND: POST /session/a995b82d0df1730148f5e6c1edf10a41/element/f.5AF93869D51CACD0ED0B7A3F3CCEB8C6.d.ADE6F7A336A3ADFD51682E642A443D66.e.10507/clear - {}
RESULT: {}
COMMAND: POST /session/a995b82d0df1730148f5e6c1edf10a41/element/f.5AF93869D51CACD0ED0B7A3F3CCEB8C6.d.ADE6F7A336A3ADFD51682E642A443D66.e.10507/value - {"text":"509"}
COMMAND: GET /session/a995b82d0df1730148f5e6c1edf10a41/screenshot - {}
RESULT: {"text":"509"}
COMMAND: GET /session/a995b82d0df1730148f5e6c1edf10a41/screenshot - {}
RESULT: {}
RESULT: {}
COMMAND: POST /session/a995b82d0df1730148f5e6c1edf10a41/element - {"using":"xpath","value":"//li[.//span[contains(text(),'509 -')]]"}
RESULT: {"using":"xpath","value":"//li[.//span[contains(text(),'509 -')]]"}
COMMAND: POST /session/a995b82d0df1730148f5e6c1edf10a41/elements - {"using":"xpath","value":"//li[.//span[contains(text(),'509 -')]]"}
RESULT: {"using":"xpath","value":"//li[.//span[contains(text(),'509 -')]]"}
COMMAND: POST /session/a995b82d0df1730148f5e6c1edf10a41/elements - {"using":"xpath","value":"//li[.//span[contains(text(),'509 -')]]"}
RESULT: {"using":"xpath","value":"//li[.//span[contains(text(),'509 -')]]"}
COMMAND: POST /session/a995b82d0df1730148f5e6c1edf10a41/elements - {"using":"xpath","value":"//li[.//span[contains(text(),'509 -')]]"}
RESULT: {"using":"xpath","value":"//li[.//span[contains(text(),'509 -')]]"}
COMMAND: POST /session/a995b82d0df1730148f5e6c1edf10a41/elements - {"using":"xpath","value":"//li[.//span[contains(text(),'509 -')]]"}
RESULT: {"using":"xpath","value":"//li[.//span[contains(text(),'509 -')]]"}
COMMAND: POST /session/a995b82d0df1730148f5e6c1edf10a41/elements - {"using":"xpath","value":"//li[.//span[contains(text(),'509 -')]]"}
RESULT: {"using":"xpath","value":"//li[.//span[contains(text(),'509 -')]]"}
COMMAND: POST /session/a995b82d0df1730148f5e6c1edf10a41/elements - {"using":"xpath","value":"//li[.//span[contains(text(),'509 -')]]"}
RESULT: {"using":"xpath","value":"//li[.//span[contains(text(),'509 -')]]"}
COMMAND: POST /session/a995b82d0df1730148f5e6c1edf10a41/elements - {"using":"xpath","value":"//li[.//span[contains(text(),'509 -')]]"}
RESULT: {"using":"xpath","value":"//li[.//span[contains(text(),'509 -')]]"}
COMMAND: POST /session/a995b82d0df1730148f5e6c1edf10a41/elements - {"using":"xpath","value":"//li[.//span[contains(text(),'509 -')]]"}
RESULT: {"using":"xpath","value":"//li[.//span[contains(text(),'509 -')]]"}
COMMAND: POST /session/a995b82d0df1730148f5e6c1edf10a41/elements - {"using":"xpath","value":"//li[.//span[contains(text(),'509 -')]]"}
RESULT: {"using":"xpath","value":"//li[.//span[contains(text(),'509 -')]]"}
COMMAND: POST /session/a995b82d0df1730148f5e6c1edf10a41/elements - {"using":"xpath","value":"//li[.//span[contains(text(),'509 -')]]"}
RESULT: {"using":"xpath","value":"//li[.//span[contains(text(),'509 -')]]"}
COMMAND: POST /session/a995b82d0df1730148f5e6c1edf10a41/elements - {"using":"xpath","value":"//li[.//span[contains(text(),'509 -')]]"}
RESULT: {"using":"xpath","value":"//li[.//span[contains(text(),'509 -')]]"}
COMMAND: POST /session/a995b82d0df1730148f5e6c1edf10a41/elements - {"using":"xpath","value":"//li[.//span[contains(text(),'509 -')]]"}
RESULT: {"using":"xpath","value":"//li[.//span[contains(text(),'509 -')]]"}
COMMAND: POST /session/a995b82d0df1730148f5e6c1edf10a41/elements - {"using":"xpath","value":"//li[.//span[contains(text(),'509 -')]]"}
RESULT: {"using":"xpath","value":"//li[.//span[contains(text(),'509 -')]]"}
COMMAND: POST /session/a995b82d0df1730148f5e6c1edf10a41/elements - {"using":"xpath","value":"//li[.//span[contains(text(),'509 -')]]"}
RESULT: {"using":"xpath","value":"//li[.//span[contains(text(),'509 -')]]"}
COMMAND: POST /session/a995b82d0df1730148f5e6c1edf10a41/elements - {"using":"xpath","value":"//li[.//span[contains(text(),'509 -')]]"}
RESULT: {"using":"xpath","value":"//li[.//span[contains(text(),'509 -')]]"}
COMMAND: POST /session/a995b82d0df1730148f5e6c1edf10a41/elements - {"using":"xpath","value":"//li[.//span[contains(text(),'509 -')]]"}
RESULT: {"using":"xpath","value":"//li[.//span[contains(text(),'509 -')]]"}
COMMAND: POST /session/a995b82d0df1730148f5e6c1edf10a41/elements - {"using":"xpath","value":"//li[.//span[contains(text(),'509 -')]]"}
RESULT: {"using":"xpath","value":"//li[.//span[contains(text(),'509 -')]]"}
COMMAND: POST /session/a995b82d0df1730148f5e6c1edf10a41/elements - {"using":"xpath","value":"//li[.//span[contains(text(),'509 -')]]"}
RESULT: {"using":"xpath","value":"//li[.//span[contains(text(),'509 -')]]"}
COMMAND: POST /session/a995b82d0df1730148f5e6c1edf10a41/elements - {"using":"xpath","value":"//li[.//span[contains(text(),'509 -')]]"}
RESULT: {"using":"xpath","value":"//li[.//span[contains(text(),'509 -')]]"}
COMMAND: POST /session/a995b82d0df1730148f5e6c1edf10a41/elements - {"using":"xpath","value":"//li[.//span[contains(text(),'509 -')]]"}
RESULT: {"using":"xpath","value":"//li[.//span[contains(text(),'509 -')]]"}
COMMAND: POST /session/a995b82d0df1730148f5e6c1edf10a41/elements - {"using":"xpath","value":"//li[.//span[contains(text(),'509 -')]]"}
RESULT: {"using":"xpath","value":"//li[.//span[contains(text(),'509 -')]]"}
COMMAND: POST /session/a995b82d0df1730148f5e6c1edf10a41/elements - {"using":"xpath","value":"//li[.//span[contains(text(),'509 -')]]"}
RESULT: {"using":"xpath","value":"//li[.//span[contains(text(),'509 -')]]"}
COMMAND: POST /session/a995b82d0df1730148f5e6c1edf10a41/elements - {"using":"xpath","value":"//li[.//span[contains(text(),'509 -')]]"}
RESULT: {"using":"xpath","value":"//li[.//span[contains(text(),'509 -')]]"}
COMMAND: POST /session/a995b82d0df1730148f5e6c1edf10a41/elements - {"using":"xpath","value":"//li[.//span[contains(text(),'509 -')]]"}
RESULT: {"using":"xpath","value":"//li[.//span[contains(text(),'509 -')]]"}
COMMAND: POST /session/a995b82d0df1730148f5e6c1edf10a41/elements - {"using":"xpath","value":"//li[.//span[contains(text(),'509 -')]]"}
RESULT: {"using":"xpath","value":"//li[.//span[contains(text(),'509 -')]]"}
COMMAND: POST /session/a995b82d0df1730148f5e6c1edf10a41/elements - {"using":"xpath","value":"//li[.//span[contains(text(),'509 -')]]"}
RESULT: {"using":"xpath","value":"//li[.//span[contains(text(),'509 -')]]"}
COMMAND: POST /session/a995b82d0df1730148f5e6c1edf10a41/elements - {"using":"xpath","value":"//li[.//span[contains(text(),'509 -')]]"}
RESULT: {"using":"xpath","value":"//li[.//span[contains(text(),'509 -')]]"}
COMMAND: POST /session/a995b82d0df1730148f5e6c1edf10a41/elements - {"using":"xpath","value":"//li[.//span[contains(text(),'509 -')]]"}
RESULT: {"using":"xpath","value":"//li[.//span[contains(text(),'509 -')]]"}
COMMAND: POST /session/a995b82d0df1730148f5e6c1edf10a41/elements - {"using":"xpath","value":"//li[.//span[contains(text(),'509 -')]]"}
RESULT: {"using":"xpath","value":"//li[.//span[contains(text(),'509 -')]]"}
COMMAND: POST /session/a995b82d0df1730148f5e6c1edf10a41/elements - {"using":"xpath","value":"//li[.//span[contains(text(),'509 -')]]"}
RESULT: {"using":"xpath","value":"//li[.//span[contains(text(),'509 -')]]"}
COMMAND: POST /session/a995b82d0df1730148f5e6c1edf10a41/elements - {"using":"xpath","value":"//li[.//span[contains(text(),'509 -')]]"}
RESULT: {"using":"xpath","value":"//li[.//span[contains(text(),'509 -')]]"}
COMMAND: POST /session/a995b82d0df1730148f5e6c1edf10a41/elements - {"using":"xpath","value":"//li[.//span[contains(text(),'509 -')]]"}
RESULT: {"using":"xpath","value":"//li[.//span[contains(text(),'509 -')]]"}
COMMAND: POST /session/a995b82d0df1730148f5e6c1edf10a41/elements - {"using":"xpath","value":"//li[.//span[contains(text(),'509 -')]]"}
RESULT: {"using":"xpath","value":"//li[.//span[contains(text(),'509 -')]]"}
COMMAND: POST /session/a995b82d0df1730148f5e6c1edf10a41/elements - {"using":"xpath","value":"//li[.//span[contains(text(),'509 -')]]"}
RESULT: {"using":"xpath","value":"//li[.//span[contains(text(),'509 -')]]"}
COMMAND: POST /session/a995b82d0df1730148f5e6c1edf10a41/elements - {"using":"xpath","value":"//li[.//span[contains(text(),'509 -')]]"}
RESULT: {"using":"xpath","value":"//li[.//span[contains(text(),'509 -')]]"}
COMMAND: POST /session/a995b82d0df1730148f5e6c1edf10a41/elements - {"using":"xpath","value":"//li[.//span[contains(text(),'509 -')]]"}
RESULT: {"using":"xpath","value":"//li[.//span[contains(text(),'509 -')]]"}
COMMAND: POST /session/a995b82d0df1730148f5e6c1edf10a41/elements - {"using":"xpath","value":"//li[.//span[contains(text(),'509 -')]]"}
RESULT: {"using":"xpath","value":"//li[.//span[contains(text(),'509 -')]]"}
COMMAND: POST /session/a995b82d0df1730148f5e6c1edf10a41/elements - {"using":"xpath","value":"//li[.//span[contains(text(),'509 -')]]"}
RESULT: {"using":"xpath","value":"//li[.//span[contains(text(),'509 -')]]"}
COMMAND: POST /session/a995b82d0df1730148f5e6c1edf10a41/elements - {"using":"xpath","value":"//li[.//span[contains(text(),'509 -')]]"}
RESULT: {"using":"xpath","value":"//li[.//span[contains(text(),'509 -')]]"}
COMMAND: POST /session/a995b82d0df1730148f5e6c1edf10a41/elements - {"using":"xpath","value":"//li[.//span[contains(text(),'509 -')]]"}
RESULT: {"using":"xpath","value":"//li[.//span[contains(text(),'509 -')]]"}
COMMAND: POST /session/a995b82d0df1730148f5e6c1edf10a41/elements - {"using":"xpath","value":"//li[.//span[contains(text(),'509 -')]]"}
RESULT: {"using":"xpath","value":"//li[.//span[contains(text(),'509 -')]]"}
COMMAND: POST /session/a995b82d0df1730148f5e6c1edf10a41/elements - {"using":"xpath","value":"//li[.//span[contains(text(),'509 -')]]"}
RESULT: {"using":"xpath","value":"//li[.//span[contains(text(),'509 -')]]"}
COMMAND: POST /session/a995b82d0df1730148f5e6c1edf10a41/elements - {"using":"xpath","value":"//li[.//span[contains(text(),'509 -')]]"}
RESULT: {"using":"xpath","value":"//li[.//span[contains(text(),'509 -')]]"}
COMMAND: POST /session/a995b82d0df1730148f5e6c1edf10a41/elements - {"using":"xpath","value":"//li[.//span[contains(text(),'509 -')]]"}
RESULT: {"using":"xpath","value":"//li[.//span[contains(text(),'509 -')]]"}
COMMAND: POST /session/a995b82d0df1730148f5e6c1edf10a41/elements - {"using":"xpath","value":"//li[.//span[contains(text(),'509 -')]]"}
RESULT: {"using":"xpath","value":"//li[.//span[contains(text(),'509 -')]]"}
COMMAND: POST /session/a995b82d0df1730148f5e6c1edf10a41/elements - {"using":"xpath","value":"//li[.//span[contains(text(),'509 -')]]"}
RESULT: {"using":"xpath","value":"//li[.//span[contains(text(),'509 -')]]"}
COMMAND: POST /session/a995b82d0df1730148f5e6c1edf10a41/elements - {"using":"xpath","value":"//li[.//span[contains(text(),'509 -')]]"}
RESULT: {"using":"xpath","value":"//li[.//span[contains(text(),'509 -')]]"}
COMMAND: POST /session/a995b82d0df1730148f5e6c1edf10a41/elements - {"using":"xpath","value":"//li[.//span[contains(text(),'509 -')]]"}
RESULT: {"using":"xpath","value":"//li[.//span[contains(text(),'509 -')]]"}
COMMAND: POST /session/a995b82d0df1730148f5e6c1edf10a41/elements - {"using":"xpath","value":"//li[.//span[contains(text(),'509 -')]]"}
RESULT: {"using":"xpath","value":"//li[.//span[contains(text(),'509 -')]]"}
COMMAND: POST /session/a995b82d0df1730148f5e6c1edf10a41/elements - {"using":"xpath","value":"//li[.//span[contains(text(),'509 -')]]"}
RESULT: {"using":"xpath","value":"//li[.//span[contains(text(),'509 -')]]"}
COMMAND: POST /session/a995b82d0df1730148f5e6c1edf10a41/elements - {"using":"xpath","value":"//li[.//span[contains(text(),'509 -')]]"}
RESULT: {"using":"xpath","value":"//li[.//span[contains(text(),'509 -')]]"}
COMMAND: POST /session/a995b82d0df1730148f5e6c1edf10a41/elements - {"using":"xpath","value":"//li[.//span[contains(text(),'509 -')]]"}
RESULT: {"using":"xpath","value":"//li[.//span[contains(text(),'509 -')]]"}
COMMAND: POST /session/a995b82d0df1730148f5e6c1edf10a41/elements - {"using":"xpath","value":"//li[.//span[contains(text(),'509 -')]]"}
RESULT: {"using":"xpath","value":"//li[.//span[contains(text(),'509 -')]]"}
COMMAND: POST /session/a995b82d0df1730148f5e6c1edf10a41/elements - {"using":"xpath","value":"//li[.//span[contains(text(),'509 -')]]"}
RESULT: {"using":"xpath","value":"//li[.//span[contains(text(),'509 -')]]"}
COMMAND: POST /session/a995b82d0df1730148f5e6c1edf10a41/elements - {"using":"xpath","value":"//li[.//span[contains(text(),'509 -')]]"}
RESULT: {"using":"xpath","value":"//li[.//span[contains(text(),'509 -')]]"}
COMMAND: POST /session/a995b82d0df1730148f5e6c1edf10a41/elements - {"using":"xpath","value":"//li[.//span[contains(text(),'509 -')]]"}
RESULT: {"using":"xpath","value":"//li[.//span[contains(text(),'509 -')]]"}
COMMAND: POST /session/a995b82d0df1730148f5e6c1edf10a41/elements - {"using":"xpath","value":"//li[.//span[contains(text(),'509 -')]]"}
RESULT: {"using":"xpath","value":"//li[.//span[contains(text(),'509 -')]]"}
COMMAND: POST /session/a995b82d0df1730148f5e6c1edf10a41/elements - {"using":"xpath","value":"//li[.//span[contains(text(),'509 -')]]"}
RESULT: {"using":"xpath","value":"//li[.//span[contains(text(),'509 -')]]"}
COMMAND: POST /session/a995b82d0df1730148f5e6c1edf10a41/elements - {"using":"xpath","value":"//li[.//span[contains(text(),'509 -')]]"}
RESULT: {"using":"xpath","value":"//li[.//span[contains(text(),'509 -')]]"}
COMMAND: POST /session/a995b82d0df1730148f5e6c1edf10a41/elements - {"using":"xpath","value":"//li[.//span[contains(text(),'509 -')]]"}
RESULT: {"using":"xpath","value":"//li[.//span[contains(text(),'509 -')]]"}
COMMAND: POST /session/a995b82d0df1730148f5e6c1edf10a41/elements - {"using":"xpath","value":"//li[.//span[contains(text(),'509 -')]]"}
RESULT: {"using":"xpath","value":"//li[.//span[contains(text(),'509 -')]]"}
COMMAND: POST /session/a995b82d0df1730148f5e6c1edf10a41/elements - {"using":"xpath","value":"//li[.//span[contains(text(),'509 -')]]"}
RESULT: {"using":"xpath","value":"//li[.//span[contains(text(),'509 -')]]"}
COMMAND: POST /session/a995b82d0df1730148f5e6c1edf10a41/elements - {"using":"xpath","value":"//li[.//span[contains(text(),'509 -')]]"}
RESULT: {"using":"xpath","value":"//li[.//span[contains(text(),'509 -')]]"}
COMMAND: POST /session/a995b82d0df1730148f5e6c1edf10a41/elements - {"using":"xpath","value":"//li[.//span[contains(text(),'509 -')]]"}
RESULT: {"using":"xpath","value":"//li[.//span[contains(text(),'509 -')]]"}
COMMAND: POST /session/a995b82d0df1730148f5e6c1edf10a41/elements - {"using":"xpath","value":"//li[.//span[contains(text(),'509 -')]]"}
RESULT: {"using":"xpath","value":"//li[.//span[contains(text(),'509 -')]]"}
COMMAND: POST /session/a995b82d0df1730148f5e6c1edf10a41/elements - {"using":"xpath","value":"//li[.//span[contains(text(),'509 -')]]"}
RESULT: {"using":"xpath","value":"//li[.//span[contains(text(),'509 -')]]"}
COMMAND: POST /session/a995b82d0df1730148f5e6c1edf10a41/elements - {"using":"xpath","value":"//li[.//span[contains(text(),'509 -')]]"}
RESULT: {"using":"xpath","value":"//li[.//span[contains(text(),'509 -')]]"}
COMMAND: POST /session/a995b82d0df1730148f5e6c1edf10a41/elements - {"using":"xpath","value":"//li[.//span[contains(text(),'509 -')]]"}
RESULT: {"using":"xpath","value":"//li[.//span[contains(text(),'509 -')]]"}
COMMAND: POST /session/a995b82d0df1730148f5e6c1edf10a41/elements - {"using":"xpath","value":"//li[.//span[contains(text(),'509 -')]]"}
RESULT: {"using":"xpath","value":"//li[.//span[contains(text(),'509 -')]]"}
COMMAND: POST /session/a995b82d0df1730148f5e6c1edf10a41/elements - {"using":"xpath","value":"//li[.//span[contains(text(),'509 -')]]"}
RESULT: {"using":"xpath","value":"//li[.//span[contains(text(),'509 -')]]"}
COMMAND: POST /session/a995b82d0df1730148f5e6c1edf10a41/elements - {"using":"xpath","value":"//li[.//span[contains(text(),'509 -')]]"}
RESULT: {"using":"xpath","value":"//li[.//span[contains(text(),'509 -')]]"}
COMMAND: POST /session/a995b82d0df1730148f5e6c1edf10a41/elements - {"using":"xpath","value":"//li[.//span[contains(text(),'509 -')]]"}
RESULT: {"using":"xpath","value":"//li[.//span[contains(text(),'509 -')]]"}
COMMAND: POST /session/a995b82d0df1730148f5e6c1edf10a41/elements - {"using":"xpath","value":"//li[.//span[contains(text(),'509 -')]]"}
RESULT: {"using":"xpath","value":"//li[.//span[contains(text(),'509 -')]]"}
COMMAND: POST /session/a995b82d0df1730148f5e6c1edf10a41/elements - {"using":"xpath","value":"//li[.//span[contains(text(),'509 -')]]"}
RESULT: {"using":"xpath","value":"//li[.//span[contains(text(),'509 -')]]"}
COMMAND: POST /session/a995b82d0df1730148f5e6c1edf10a41/elements - {"using":"xpath","value":"//li[.//span[contains(text(),'509 -')]]"}
RESULT: {"using":"xpath","value":"//li[.//span[contains(text(),'509 -')]]"}
COMMAND: POST /session/a995b82d0df1730148f5e6c1edf10a41/elements - {"using":"xpath","value":"//li[.//span[contains(text(),'509 -')]]"}
RESULT: {"using":"xpath","value":"//li[.//span[contains(text(),'509 -')]]"}
COMMAND: POST /session/a995b82d0df1730148f5e6c1edf10a41/elements - {"using":"xpath","value":"//li[.//span[contains(text(),'509 -')]]"}
RESULT: {"using":"xpath","value":"//li[.//span[contains(text(),'509 -')]]"}
COMMAND: POST /session/a995b82d0df1730148f5e6c1edf10a41/elements - {"using":"xpath","value":"//li[.//span[contains(text(),'509 -')]]"}
RESULT: {"using":"xpath","value":"//li[.//span[contains(text(),'509 -')]]"}
COMMAND: POST /session/a995b82d0df1730148f5e6c1edf10a41/elements - {"using":"xpath","value":"//li[.//span[contains(text(),'509 -')]]"}
RESULT: {"using":"xpath","value":"//li[.//span[contains(text(),'509 -')]]"}
COMMAND: POST /session/a995b82d0df1730148f5e6c1edf10a41/elements - {"using":"xpath","value":"//li[.//span[contains(text(),'509 -')]]"}
RESULT: {"using":"xpath","value":"//li[.//span[contains(text(),'509 -')]]"}
COMMAND: POST /session/a995b82d0df1730148f5e6c1edf10a41/elements - {"using":"xpath","value":"//li[.//span[contains(text(),'509 -')]]"}
RESULT: {"using":"xpath","value":"//li[.//span[contains(text(),'509 -')]]"}
COMMAND: POST /session/a995b82d0df1730148f5e6c1edf10a41/elements - {"using":"xpath","value":"//li[.//span[contains(text(),'509 -')]]"}
RESULT: {"using":"xpath","value":"//li[.//span[contains(text(),'509 -')]]"}
COMMAND: POST /session/a995b82d0df1730148f5e6c1edf10a41/elements - {"using":"xpath","value":"//li[.//span[contains(text(),'509 -')]]"}
RESULT: {"using":"xpath","value":"//li[.//span[contains(text(),'509 -')]]"}
COMMAND: POST /session/a995b82d0df1730148f5e6c1edf10a41/elements - {"using":"xpath","value":"//li[.//span[contains(text(),'509 -')]]"}
RESULT: {"using":"xpath","value":"//li[.//span[contains(text(),'509 -')]]"}
COMMAND: POST /session/a995b82d0df1730148f5e6c1edf10a41/elements - {"using":"xpath","value":"//li[.//span[contains(text(),'509 -')]]"}
RESULT: {"using":"xpath","value":"//li[.//span[contains(text(),'509 -')]]"}
COMMAND: POST /session/a995b82d0df1730148f5e6c1edf10a41/elements - {"using":"xpath","value":"//li[.//span[contains(text(),'509 -')]]"}
RESULT: {"using":"xpath","value":"//li[.//span[contains(text(),'509 -')]]"}
COMMAND: POST /session/a995b82d0df1730148f5e6c1edf10a41/elements - {"using":"xpath","value":"//li[.//span[contains(text(),'509 -')]]"}
RESULT: {"using":"xpath","value":"//li[.//span[contains(text(),'509 -')]]"}
COMMAND: POST /session/a995b82d0df1730148f5e6c1edf10a41/elements - {"using":"xpath","value":"//li[.//span[contains(text(),'509 -')]]"}
RESULT: {"using":"xpath","value":"//li[.//span[contains(text(),'509 -')]]"}
COMMAND: POST /session/a995b82d0df1730148f5e6c1edf10a41/elements - {"using":"xpath","value":"//li[.//span[contains(text(),'509 -')]]"}
RESULT: {"using":"xpath","value":"//li[.//span[contains(text(),'509 -')]]"}
COMMAND: POST /session/a995b82d0df1730148f5e6c1edf10a41/elements - {"using":"xpath","value":"//li[.//span[contains(text(),'509 -')]]"}
RESULT: {"using":"xpath","value":"//li[.//span[contains(text(),'509 -')]]"}
COMMAND: POST /session/a995b82d0df1730148f5e6c1edf10a41/elements - {"using":"xpath","value":"//li[.//span[contains(text(),'509 -')]]"}
RESULT: {"using":"xpath","value":"//li[.//span[contains(text(),'509 -')]]"}
COMMAND: POST /session/a995b82d0df1730148f5e6c1edf10a41/elements - {"using":"xpath","value":"//li[.//span[contains(text(),'509 -')]]"}
RESULT: {"using":"xpath","value":"//li[.//span[contains(text(),'509 -')]]"}
COMMAND: POST /session/a995b82d0df1730148f5e6c1edf10a41/elements - {"using":"xpath","value":"//li[.//span[contains(text(),'509 -')]]"}
RESULT: {"using":"xpath","value":"//li[.//span[contains(text(),'509 -')]]"}
COMMAND: POST /session/a995b82d0df1730148f5e6c1edf10a41/elements - {"using":"xpath","value":"//li[.//span[contains(text(),'509 -')]]"}
RESULT: {"using":"xpath","value":"//li[.//span[contains(text(),'509 -')]]"}
COMMAND: POST /session/a995b82d0df1730148f5e6c1edf10a41/elements - {"using":"xpath","value":"//li[.//span[contains(text(),'509 -')]]"}
RESULT: {"using":"xpath","value":"//li[.//span[contains(text(),'509 -')]]"}
COMMAND: POST /session/a995b82d0df1730148f5e6c1edf10a41/elements - {"using":"xpath","value":"//li[.//span[contains(text(),'509 -')]]"}
RESULT: {"using":"xpath","value":"//li[.//span[contains(text(),'509 -')]]"}
COMMAND: POST /session/a995b82d0df1730148f5e6c1edf10a41/elements - {"using":"xpath","value":"//li[.//span[contains(text(),'509 -')]]"}
RESULT: {"using":"xpath","value":"//li[.//span[contains(text(),'509 -')]]"}
COMMAND: POST /session/a995b82d0df1730148f5e6c1edf10a41/elements - {"using":"xpath","value":"//li[.//span[contains(text(),'509 -')]]"}
RESULT: {"using":"xpath","value":"//li[.//span[contains(text(),'509 -')]]"}
COMMAND: POST /session/a995b82d0df1730148f5e6c1edf10a41/elements - {"using":"xpath","value":"//li[.//span[contains(text(),'509 -')]]"}
RESULT: {"using":"xpath","value":"//li[.//span[contains(text(),'509 -')]]"}
COMMAND: POST /session/a995b82d0df1730148f5e6c1edf10a41/elements - {"using":"xpath","value":"//li[.//span[contains(text(),'509 -')]]"}
RESULT: {"using":"xpath","value":"//li[.//span[contains(text(),'509 -')]]"}
COMMAND: POST /session/a995b82d0df1730148f5e6c1edf10a41/elements - {"using":"xpath","value":"//li[.//span[contains(text(),'509 -')]]"}
RESULT: {"using":"xpath","value":"//li[.//span[contains(text(),'509 -')]]"}
COMMAND: POST /session/a995b82d0df1730148f5e6c1edf10a41/elements - {"using":"xpath","value":"//li[.//span[contains(text(),'509 -')]]"}
RESULT: {"using":"xpath","value":"//li[.//span[contains(text(),'509 -')]]"}
COMMAND: POST /session/a995b82d0df1730148f5e6c1edf10a41/elements - {"using":"xpath","value":"//li[.//span[contains(text(),'509 -')]]"}
RESULT: {"using":"xpath","value":"//li[.//span[contains(text(),'509 -')]]"}
COMMAND: POST /session/a995b82d0df1730148f5e6c1edf10a41/elements - {"using":"xpath","value":"//li[.//span[contains(text(),'509 -')]]"}
RESULT: {"using":"xpath","value":"//li[.//span[contains(text(),'509 -')]]"}
COMMAND: POST /session/a995b82d0df1730148f5e6c1edf10a41/elements - {"using":"xpath","value":"//li[.//span[contains(text(),'509 -')]]"}
RESULT: {"using":"xpath","value":"//li[.//span[contains(text(),'509 -')]]"}
COMMAND: POST /session/a995b82d0df1730148f5e6c1edf10a41/elements - {"using":"xpath","value":"//li[.//span[contains(text(),'509 -')]]"}
RESULT: {"using":"xpath","value":"//li[.//span[contains(text(),'509 -')]]"}
COMMAND: POST /session/a995b82d0df1730148f5e6c1edf10a41/elements - {"using":"xpath","value":"//li[.//span[contains(text(),'509 -')]]"}
RESULT: {"using":"xpath","value":"//li[.//span[contains(text(),'509 -')]]"}
COMMAND: POST /session/a995b82d0df1730148f5e6c1edf10a41/elements - {"using":"xpath","value":"//li[.//span[contains(text(),'509 -')]]"}
RESULT: {"using":"xpath","value":"//li[.//span[contains(text(),'509 -')]]"}
COMMAND: POST /session/a995b82d0df1730148f5e6c1edf10a41/elements - {"using":"xpath","value":"//li[.//span[contains(text(),'509 -')]]"}
RESULT: {"using":"xpath","value":"//li[.//span[contains(text(),'509 -')]]"}
COMMAND: POST /session/a995b82d0df1730148f5e6c1edf10a41/elements - {"using":"xpath","value":"//li[.//span[contains(text(),'509 -')]]"}
RESULT: {"using":"xpath","value":"//li[.//span[contains(text(),'509 -')]]"}
COMMAND: POST /session/a995b82d0df1730148f5e6c1edf10a41/elements - {"using":"xpath","value":"//li[.//span[contains(text(),'509 -')]]"}
RESULT: {"using":"xpath","value":"//li[.//span[contains(text(),'509 -')]]"}
COMMAND: POST /session/a995b82d0df1730148f5e6c1edf10a41/elements - {"using":"xpath","value":"//li[.//span[contains(text(),'509 -')]]"}
RESULT: {"using":"xpath","value":"//li[.//span[contains(text(),'509 -')]]"}
COMMAND: POST /session/a995b82d0df1730148f5e6c1edf10a41/elements - {"using":"xpath","value":"//li[.//span[contains(text(),'509 -')]]"}
RESULT: {"using":"xpath","value":"//li[.//span[contains(text(),'509 -')]]"}
COMMAND: POST /session/a995b82d0df1730148f5e6c1edf10a41/elements - {"using":"xpath","value":"//li[.//span[contains(text(),'509 -')]]"}
RESULT: {"using":"xpath","value":"//li[.//span[contains(text(),'509 -')]]"}
COMMAND: POST /session/a995b82d0df1730148f5e6c1edf10a41/elements - {"using":"xpath","value":"//li[.//span[contains(text(),'509 -')]]"}
RESULT: {"using":"xpath","value":"//li[.//span[contains(text(),'509 -')]]"}
COMMAND: POST /session/a995b82d0df1730148f5e6c1edf10a41/elements - {"using":"xpath","value":"//li[.//span[contains(text(),'509 -')]]"}
RESULT: {"using":"xpath","value":"//li[.//span[contains(text(),'509 -')]]"}
COMMAND: POST /session/a995b82d0df1730148f5e6c1edf10a41/elements - {"using":"xpath","value":"//li[.//span[contains(text(),'509 -')]]"}
RESULT: {"using":"xpath","value":"//li[.//span[contains(text(),'509 -')]]"}
COMMAND: POST /session/a995b82d0df1730148f5e6c1edf10a41/elements - {"using":"xpath","value":"//li[.//span[contains(text(),'509 -')]]"}
RESULT: {"using":"xpath","value":"//li[.//span[contains(text(),'509 -')]]"}
COMMAND: POST /session/a995b82d0df1730148f5e6c1edf10a41/elements - {"using":"xpath","value":"//li[.//span[contains(text(),'509 -')]]"}
RESULT: {"using":"xpath","value":"//li[.//span[contains(text(),'509 -')]]"}
COMMAND: POST /session/a995b82d0df1730148f5e6c1edf10a41/elements - {"using":"xpath","value":"//li[.//span[contains(text(),'509 -')]]"}
RESULT: {"using":"xpath","value":"//li[.//span[contains(text(),'509 -')]]"}
COMMAND: GET /session/a995b82d0df1730148f5e6c1edf10a41/screenshot - {}
RESULT: {}
]]></system-out>
      <system-err><![CDATA[
Error: Can't call click on element with selector "//li[.//span[contains(text(),'509 -')]]" because element wasn't found
    at async UtilsPrerequisites.stockIncrease (D:\a\1\s\test\specs\BTS\prerequisites-and-utils-functions.js:1638:9)
    at async Context.<anonymous> (D:\a\1\s\test\specs\BTS\billing-transfer-intracompany.spec.js:57:9)
]]></system-err>
    </testcase>
    <testcase classname="chrome.136_0_7103_93.windows.Billing_Transfer_-_Intracompany_US127249" name="Should create a new contract" time="60.259">
      <failure/>
      <error message="element (&quot;//button[@data-kt=&quot;addButton&quot;]&quot;) still not existing after 45000ms"/>
      <system-out><![CDATA[
COMMAND: POST /session/a995b82d0df1730148f5e6c1edf10a41/execute/async - {"script":"<script> [1562 bytes]","args":[{"selector":{"controlType":"sap.m.GenericTile","properties":{"header":"Manage Contracts"}},"wdio_ui5_key":"sapm.GenericTile{\"header\":\"Manage Contracts\"}"}]}
COMMAND: GET /session/a995b82d0df1730148f5e6c1edf10a41/screenshot - {}
RESULT: {"script":"<script> [1562 bytes]","args":[{"selector":{"controlType":"sap.m.GenericTile","properties":{"header":"Manage Contracts"}},"wdio_ui5_key":"sapm.GenericTile{\"header\":\"Manage Contracts\"}"}]}
RESULT: undefined
RESULT: {}
COMMAND: POST /session/a995b82d0df1730148f5e6c1edf10a41/elements - {"using":"xpath","value":"//span[text()='Error']"}
RESULT: {"using":"xpath","value":"//span[text()='Error']"}
COMMAND: POST /session/a995b82d0df1730148f5e6c1edf10a41/element - {"using":"xpath","value":"//button[@data-kt=\"addButton\"]"}
RESULT: {"using":"xpath","value":"//button[@data-kt=\"addButton\"]"}
COMMAND: POST /session/a995b82d0df1730148f5e6c1edf10a41/elements - {"using":"xpath","value":"//button[@data-kt=\"addButton\"]"}
RESULT: {"using":"xpath","value":"//button[@data-kt=\"addButton\"]"}
COMMAND: POST /session/a995b82d0df1730148f5e6c1edf10a41/elements - {"using":"xpath","value":"//button[@data-kt=\"addButton\"]"}
RESULT: {"using":"xpath","value":"//button[@data-kt=\"addButton\"]"}
COMMAND: POST /session/a995b82d0df1730148f5e6c1edf10a41/elements - {"using":"xpath","value":"//button[@data-kt=\"addButton\"]"}
RESULT: {"using":"xpath","value":"//button[@data-kt=\"addButton\"]"}
COMMAND: POST /session/a995b82d0df1730148f5e6c1edf10a41/elements - {"using":"xpath","value":"//button[@data-kt=\"addButton\"]"}
RESULT: {"using":"xpath","value":"//button[@data-kt=\"addButton\"]"}
COMMAND: POST /session/a995b82d0df1730148f5e6c1edf10a41/elements - {"using":"xpath","value":"//button[@data-kt=\"addButton\"]"}
RESULT: {"using":"xpath","value":"//button[@data-kt=\"addButton\"]"}
COMMAND: POST /session/a995b82d0df1730148f5e6c1edf10a41/elements - {"using":"xpath","value":"//button[@data-kt=\"addButton\"]"}
RESULT: {"using":"xpath","value":"//button[@data-kt=\"addButton\"]"}
COMMAND: POST /session/a995b82d0df1730148f5e6c1edf10a41/elements - {"using":"xpath","value":"//button[@data-kt=\"addButton\"]"}
RESULT: {"using":"xpath","value":"//button[@data-kt=\"addButton\"]"}
COMMAND: POST /session/a995b82d0df1730148f5e6c1edf10a41/elements - {"using":"xpath","value":"//button[@data-kt=\"addButton\"]"}
RESULT: {"using":"xpath","value":"//button[@data-kt=\"addButton\"]"}
COMMAND: POST /session/a995b82d0df1730148f5e6c1edf10a41/elements - {"using":"xpath","value":"//button[@data-kt=\"addButton\"]"}
RESULT: {"using":"xpath","value":"//button[@data-kt=\"addButton\"]"}
COMMAND: POST /session/a995b82d0df1730148f5e6c1edf10a41/elements - {"using":"xpath","value":"//button[@data-kt=\"addButton\"]"}
RESULT: {"using":"xpath","value":"//button[@data-kt=\"addButton\"]"}
COMMAND: POST /session/a995b82d0df1730148f5e6c1edf10a41/elements - {"using":"xpath","value":"//button[@data-kt=\"addButton\"]"}
RESULT: {"using":"xpath","value":"//button[@data-kt=\"addButton\"]"}
COMMAND: POST /session/a995b82d0df1730148f5e6c1edf10a41/elements - {"using":"xpath","value":"//button[@data-kt=\"addButton\"]"}
RESULT: {"using":"xpath","value":"//button[@data-kt=\"addButton\"]"}
COMMAND: POST /session/a995b82d0df1730148f5e6c1edf10a41/elements - {"using":"xpath","value":"//button[@data-kt=\"addButton\"]"}
RESULT: {"using":"xpath","value":"//button[@data-kt=\"addButton\"]"}
COMMAND: POST /session/a995b82d0df1730148f5e6c1edf10a41/elements - {"using":"xpath","value":"//button[@data-kt=\"addButton\"]"}
RESULT: {"using":"xpath","value":"//button[@data-kt=\"addButton\"]"}
COMMAND: POST /session/a995b82d0df1730148f5e6c1edf10a41/elements - {"using":"xpath","value":"//button[@data-kt=\"addButton\"]"}
RESULT: {"using":"xpath","value":"//button[@data-kt=\"addButton\"]"}
COMMAND: POST /session/a995b82d0df1730148f5e6c1edf10a41/elements - {"using":"xpath","value":"//button[@data-kt=\"addButton\"]"}
RESULT: {"using":"xpath","value":"//button[@data-kt=\"addButton\"]"}
COMMAND: POST /session/a995b82d0df1730148f5e6c1edf10a41/elements - {"using":"xpath","value":"//button[@data-kt=\"addButton\"]"}
RESULT: {"using":"xpath","value":"//button[@data-kt=\"addButton\"]"}
COMMAND: POST /session/a995b82d0df1730148f5e6c1edf10a41/elements - {"using":"xpath","value":"//button[@data-kt=\"addButton\"]"}
RESULT: {"using":"xpath","value":"//button[@data-kt=\"addButton\"]"}
COMMAND: POST /session/a995b82d0df1730148f5e6c1edf10a41/elements - {"using":"xpath","value":"//button[@data-kt=\"addButton\"]"}
RESULT: {"using":"xpath","value":"//button[@data-kt=\"addButton\"]"}
COMMAND: POST /session/a995b82d0df1730148f5e6c1edf10a41/elements - {"using":"xpath","value":"//button[@data-kt=\"addButton\"]"}
RESULT: {"using":"xpath","value":"//button[@data-kt=\"addButton\"]"}
COMMAND: POST /session/a995b82d0df1730148f5e6c1edf10a41/elements - {"using":"xpath","value":"//button[@data-kt=\"addButton\"]"}
RESULT: {"using":"xpath","value":"//button[@data-kt=\"addButton\"]"}
COMMAND: POST /session/a995b82d0df1730148f5e6c1edf10a41/elements - {"using":"xpath","value":"//button[@data-kt=\"addButton\"]"}
RESULT: {"using":"xpath","value":"//button[@data-kt=\"addButton\"]"}
COMMAND: POST /session/a995b82d0df1730148f5e6c1edf10a41/elements - {"using":"xpath","value":"//button[@data-kt=\"addButton\"]"}
RESULT: {"using":"xpath","value":"//button[@data-kt=\"addButton\"]"}
COMMAND: POST /session/a995b82d0df1730148f5e6c1edf10a41/elements - {"using":"xpath","value":"//button[@data-kt=\"addButton\"]"}
RESULT: {"using":"xpath","value":"//button[@data-kt=\"addButton\"]"}
COMMAND: POST /session/a995b82d0df1730148f5e6c1edf10a41/elements - {"using":"xpath","value":"//button[@data-kt=\"addButton\"]"}
RESULT: {"using":"xpath","value":"//button[@data-kt=\"addButton\"]"}
COMMAND: POST /session/a995b82d0df1730148f5e6c1edf10a41/elements - {"using":"xpath","value":"//button[@data-kt=\"addButton\"]"}
RESULT: {"using":"xpath","value":"//button[@data-kt=\"addButton\"]"}
COMMAND: POST /session/a995b82d0df1730148f5e6c1edf10a41/elements - {"using":"xpath","value":"//button[@data-kt=\"addButton\"]"}
RESULT: {"using":"xpath","value":"//button[@data-kt=\"addButton\"]"}
COMMAND: POST /session/a995b82d0df1730148f5e6c1edf10a41/elements - {"using":"xpath","value":"//button[@data-kt=\"addButton\"]"}
RESULT: {"using":"xpath","value":"//button[@data-kt=\"addButton\"]"}
COMMAND: POST /session/a995b82d0df1730148f5e6c1edf10a41/elements - {"using":"xpath","value":"//button[@data-kt=\"addButton\"]"}
RESULT: {"using":"xpath","value":"//button[@data-kt=\"addButton\"]"}
COMMAND: POST /session/a995b82d0df1730148f5e6c1edf10a41/elements - {"using":"xpath","value":"//button[@data-kt=\"addButton\"]"}
RESULT: {"using":"xpath","value":"//button[@data-kt=\"addButton\"]"}
COMMAND: POST /session/a995b82d0df1730148f5e6c1edf10a41/elements - {"using":"xpath","value":"//button[@data-kt=\"addButton\"]"}
RESULT: {"using":"xpath","value":"//button[@data-kt=\"addButton\"]"}
COMMAND: POST /session/a995b82d0df1730148f5e6c1edf10a41/elements - {"using":"xpath","value":"//button[@data-kt=\"addButton\"]"}
RESULT: {"using":"xpath","value":"//button[@data-kt=\"addButton\"]"}
COMMAND: POST /session/a995b82d0df1730148f5e6c1edf10a41/elements - {"using":"xpath","value":"//button[@data-kt=\"addButton\"]"}
RESULT: {"using":"xpath","value":"//button[@data-kt=\"addButton\"]"}
COMMAND: POST /session/a995b82d0df1730148f5e6c1edf10a41/elements - {"using":"xpath","value":"//button[@data-kt=\"addButton\"]"}
RESULT: {"using":"xpath","value":"//button[@data-kt=\"addButton\"]"}
COMMAND: POST /session/a995b82d0df1730148f5e6c1edf10a41/elements - {"using":"xpath","value":"//button[@data-kt=\"addButton\"]"}
RESULT: {"using":"xpath","value":"//button[@data-kt=\"addButton\"]"}
COMMAND: POST /session/a995b82d0df1730148f5e6c1edf10a41/elements - {"using":"xpath","value":"//button[@data-kt=\"addButton\"]"}
RESULT: {"using":"xpath","value":"//button[@data-kt=\"addButton\"]"}
COMMAND: POST /session/a995b82d0df1730148f5e6c1edf10a41/elements - {"using":"xpath","value":"//button[@data-kt=\"addButton\"]"}
RESULT: {"using":"xpath","value":"//button[@data-kt=\"addButton\"]"}
COMMAND: POST /session/a995b82d0df1730148f5e6c1edf10a41/elements - {"using":"xpath","value":"//button[@data-kt=\"addButton\"]"}
RESULT: {"using":"xpath","value":"//button[@data-kt=\"addButton\"]"}
COMMAND: POST /session/a995b82d0df1730148f5e6c1edf10a41/elements - {"using":"xpath","value":"//button[@data-kt=\"addButton\"]"}
RESULT: {"using":"xpath","value":"//button[@data-kt=\"addButton\"]"}
COMMAND: POST /session/a995b82d0df1730148f5e6c1edf10a41/elements - {"using":"xpath","value":"//button[@data-kt=\"addButton\"]"}
RESULT: {"using":"xpath","value":"//button[@data-kt=\"addButton\"]"}
COMMAND: POST /session/a995b82d0df1730148f5e6c1edf10a41/elements - {"using":"xpath","value":"//button[@data-kt=\"addButton\"]"}
RESULT: {"using":"xpath","value":"//button[@data-kt=\"addButton\"]"}
COMMAND: POST /session/a995b82d0df1730148f5e6c1edf10a41/elements - {"using":"xpath","value":"//button[@data-kt=\"addButton\"]"}
RESULT: {"using":"xpath","value":"//button[@data-kt=\"addButton\"]"}
COMMAND: POST /session/a995b82d0df1730148f5e6c1edf10a41/elements - {"using":"xpath","value":"//button[@data-kt=\"addButton\"]"}
RESULT: {"using":"xpath","value":"//button[@data-kt=\"addButton\"]"}
COMMAND: POST /session/a995b82d0df1730148f5e6c1edf10a41/elements - {"using":"xpath","value":"//button[@data-kt=\"addButton\"]"}
RESULT: {"using":"xpath","value":"//button[@data-kt=\"addButton\"]"}
COMMAND: POST /session/a995b82d0df1730148f5e6c1edf10a41/elements - {"using":"xpath","value":"//button[@data-kt=\"addButton\"]"}
RESULT: {"using":"xpath","value":"//button[@data-kt=\"addButton\"]"}
COMMAND: POST /session/a995b82d0df1730148f5e6c1edf10a41/elements - {"using":"xpath","value":"//button[@data-kt=\"addButton\"]"}
RESULT: {"using":"xpath","value":"//button[@data-kt=\"addButton\"]"}
COMMAND: POST /session/a995b82d0df1730148f5e6c1edf10a41/elements - {"using":"xpath","value":"//button[@data-kt=\"addButton\"]"}
RESULT: {"using":"xpath","value":"//button[@data-kt=\"addButton\"]"}
COMMAND: POST /session/a995b82d0df1730148f5e6c1edf10a41/elements - {"using":"xpath","value":"//button[@data-kt=\"addButton\"]"}
RESULT: {"using":"xpath","value":"//button[@data-kt=\"addButton\"]"}
COMMAND: POST /session/a995b82d0df1730148f5e6c1edf10a41/elements - {"using":"xpath","value":"//button[@data-kt=\"addButton\"]"}
RESULT: {"using":"xpath","value":"//button[@data-kt=\"addButton\"]"}
COMMAND: POST /session/a995b82d0df1730148f5e6c1edf10a41/elements - {"using":"xpath","value":"//button[@data-kt=\"addButton\"]"}
RESULT: {"using":"xpath","value":"//button[@data-kt=\"addButton\"]"}
COMMAND: POST /session/a995b82d0df1730148f5e6c1edf10a41/elements - {"using":"xpath","value":"//button[@data-kt=\"addButton\"]"}
RESULT: {"using":"xpath","value":"//button[@data-kt=\"addButton\"]"}
COMMAND: POST /session/a995b82d0df1730148f5e6c1edf10a41/elements - {"using":"xpath","value":"//button[@data-kt=\"addButton\"]"}
RESULT: {"using":"xpath","value":"//button[@data-kt=\"addButton\"]"}
COMMAND: POST /session/a995b82d0df1730148f5e6c1edf10a41/elements - {"using":"xpath","value":"//button[@data-kt=\"addButton\"]"}
RESULT: {"using":"xpath","value":"//button[@data-kt=\"addButton\"]"}
COMMAND: POST /session/a995b82d0df1730148f5e6c1edf10a41/elements - {"using":"xpath","value":"//button[@data-kt=\"addButton\"]"}
RESULT: {"using":"xpath","value":"//button[@data-kt=\"addButton\"]"}
COMMAND: POST /session/a995b82d0df1730148f5e6c1edf10a41/elements - {"using":"xpath","value":"//button[@data-kt=\"addButton\"]"}
RESULT: {"using":"xpath","value":"//button[@data-kt=\"addButton\"]"}
COMMAND: POST /session/a995b82d0df1730148f5e6c1edf10a41/elements - {"using":"xpath","value":"//button[@data-kt=\"addButton\"]"}
RESULT: {"using":"xpath","value":"//button[@data-kt=\"addButton\"]"}
COMMAND: POST /session/a995b82d0df1730148f5e6c1edf10a41/elements - {"using":"xpath","value":"//button[@data-kt=\"addButton\"]"}
RESULT: {"using":"xpath","value":"//button[@data-kt=\"addButton\"]"}
COMMAND: POST /session/a995b82d0df1730148f5e6c1edf10a41/elements - {"using":"xpath","value":"//button[@data-kt=\"addButton\"]"}
RESULT: {"using":"xpath","value":"//button[@data-kt=\"addButton\"]"}
COMMAND: POST /session/a995b82d0df1730148f5e6c1edf10a41/elements - {"using":"xpath","value":"//button[@data-kt=\"addButton\"]"}
RESULT: {"using":"xpath","value":"//button[@data-kt=\"addButton\"]"}
COMMAND: POST /session/a995b82d0df1730148f5e6c1edf10a41/elements - {"using":"xpath","value":"//button[@data-kt=\"addButton\"]"}
RESULT: {"using":"xpath","value":"//button[@data-kt=\"addButton\"]"}
COMMAND: POST /session/a995b82d0df1730148f5e6c1edf10a41/elements - {"using":"xpath","value":"//button[@data-kt=\"addButton\"]"}
RESULT: {"using":"xpath","value":"//button[@data-kt=\"addButton\"]"}
COMMAND: POST /session/a995b82d0df1730148f5e6c1edf10a41/elements - {"using":"xpath","value":"//button[@data-kt=\"addButton\"]"}
RESULT: {"using":"xpath","value":"//button[@data-kt=\"addButton\"]"}
COMMAND: POST /session/a995b82d0df1730148f5e6c1edf10a41/elements - {"using":"xpath","value":"//button[@data-kt=\"addButton\"]"}
RESULT: {"using":"xpath","value":"//button[@data-kt=\"addButton\"]"}
COMMAND: POST /session/a995b82d0df1730148f5e6c1edf10a41/elements - {"using":"xpath","value":"//button[@data-kt=\"addButton\"]"}
RESULT: {"using":"xpath","value":"//button[@data-kt=\"addButton\"]"}
COMMAND: POST /session/a995b82d0df1730148f5e6c1edf10a41/elements - {"using":"xpath","value":"//button[@data-kt=\"addButton\"]"}
RESULT: {"using":"xpath","value":"//button[@data-kt=\"addButton\"]"}
COMMAND: POST /session/a995b82d0df1730148f5e6c1edf10a41/elements - {"using":"xpath","value":"//button[@data-kt=\"addButton\"]"}
RESULT: {"using":"xpath","value":"//button[@data-kt=\"addButton\"]"}
COMMAND: POST /session/a995b82d0df1730148f5e6c1edf10a41/elements - {"using":"xpath","value":"//button[@data-kt=\"addButton\"]"}
RESULT: {"using":"xpath","value":"//button[@data-kt=\"addButton\"]"}
COMMAND: POST /session/a995b82d0df1730148f5e6c1edf10a41/elements - {"using":"xpath","value":"//button[@data-kt=\"addButton\"]"}
RESULT: {"using":"xpath","value":"//button[@data-kt=\"addButton\"]"}
COMMAND: POST /session/a995b82d0df1730148f5e6c1edf10a41/elements - {"using":"xpath","value":"//button[@data-kt=\"addButton\"]"}
RESULT: {"using":"xpath","value":"//button[@data-kt=\"addButton\"]"}
COMMAND: POST /session/a995b82d0df1730148f5e6c1edf10a41/elements - {"using":"xpath","value":"//button[@data-kt=\"addButton\"]"}
RESULT: {"using":"xpath","value":"//button[@data-kt=\"addButton\"]"}
COMMAND: POST /session/a995b82d0df1730148f5e6c1edf10a41/elements - {"using":"xpath","value":"//button[@data-kt=\"addButton\"]"}
RESULT: {"using":"xpath","value":"//button[@data-kt=\"addButton\"]"}
COMMAND: POST /session/a995b82d0df1730148f5e6c1edf10a41/elements - {"using":"xpath","value":"//button[@data-kt=\"addButton\"]"}
RESULT: {"using":"xpath","value":"//button[@data-kt=\"addButton\"]"}
COMMAND: POST /session/a995b82d0df1730148f5e6c1edf10a41/elements - {"using":"xpath","value":"//button[@data-kt=\"addButton\"]"}
RESULT: {"using":"xpath","value":"//button[@data-kt=\"addButton\"]"}
COMMAND: POST /session/a995b82d0df1730148f5e6c1edf10a41/elements - {"using":"xpath","value":"//button[@data-kt=\"addButton\"]"}
RESULT: {"using":"xpath","value":"//button[@data-kt=\"addButton\"]"}
COMMAND: POST /session/a995b82d0df1730148f5e6c1edf10a41/elements - {"using":"xpath","value":"//button[@data-kt=\"addButton\"]"}
RESULT: {"using":"xpath","value":"//button[@data-kt=\"addButton\"]"}
COMMAND: POST /session/a995b82d0df1730148f5e6c1edf10a41/elements - {"using":"xpath","value":"//button[@data-kt=\"addButton\"]"}
RESULT: {"using":"xpath","value":"//button[@data-kt=\"addButton\"]"}
COMMAND: POST /session/a995b82d0df1730148f5e6c1edf10a41/elements - {"using":"xpath","value":"//button[@data-kt=\"addButton\"]"}
RESULT: {"using":"xpath","value":"//button[@data-kt=\"addButton\"]"}
COMMAND: POST /session/a995b82d0df1730148f5e6c1edf10a41/elements - {"using":"xpath","value":"//button[@data-kt=\"addButton\"]"}
RESULT: {"using":"xpath","value":"//button[@data-kt=\"addButton\"]"}
COMMAND: POST /session/a995b82d0df1730148f5e6c1edf10a41/elements - {"using":"xpath","value":"//button[@data-kt=\"addButton\"]"}
RESULT: {"using":"xpath","value":"//button[@data-kt=\"addButton\"]"}
COMMAND: POST /session/a995b82d0df1730148f5e6c1edf10a41/elements - {"using":"xpath","value":"//button[@data-kt=\"addButton\"]"}
RESULT: {"using":"xpath","value":"//button[@data-kt=\"addButton\"]"}
COMMAND: POST /session/a995b82d0df1730148f5e6c1edf10a41/elements - {"using":"xpath","value":"//button[@data-kt=\"addButton\"]"}
RESULT: {"using":"xpath","value":"//button[@data-kt=\"addButton\"]"}
COMMAND: POST /session/a995b82d0df1730148f5e6c1edf10a41/elements - {"using":"xpath","value":"//button[@data-kt=\"addButton\"]"}
RESULT: {"using":"xpath","value":"//button[@data-kt=\"addButton\"]"}
COMMAND: POST /session/a995b82d0df1730148f5e6c1edf10a41/elements - {"using":"xpath","value":"//button[@data-kt=\"addButton\"]"}
RESULT: {"using":"xpath","value":"//button[@data-kt=\"addButton\"]"}
COMMAND: POST /session/a995b82d0df1730148f5e6c1edf10a41/elements - {"using":"xpath","value":"//button[@data-kt=\"addButton\"]"}
RESULT: {"using":"xpath","value":"//button[@data-kt=\"addButton\"]"}
COMMAND: POST /session/a995b82d0df1730148f5e6c1edf10a41/elements - {"using":"xpath","value":"//button[@data-kt=\"addButton\"]"}
RESULT: {"using":"xpath","value":"//button[@data-kt=\"addButton\"]"}
COMMAND: POST /session/a995b82d0df1730148f5e6c1edf10a41/elements - {"using":"xpath","value":"//button[@data-kt=\"addButton\"]"}
RESULT: {"using":"xpath","value":"//button[@data-kt=\"addButton\"]"}
COMMAND: POST /session/a995b82d0df1730148f5e6c1edf10a41/elements - {"using":"xpath","value":"//button[@data-kt=\"addButton\"]"}
RESULT: {"using":"xpath","value":"//button[@data-kt=\"addButton\"]"}
COMMAND: POST /session/a995b82d0df1730148f5e6c1edf10a41/elements - {"using":"xpath","value":"//button[@data-kt=\"addButton\"]"}
RESULT: {"using":"xpath","value":"//button[@data-kt=\"addButton\"]"}
COMMAND: POST /session/a995b82d0df1730148f5e6c1edf10a41/elements - {"using":"xpath","value":"//button[@data-kt=\"addButton\"]"}
RESULT: {"using":"xpath","value":"//button[@data-kt=\"addButton\"]"}
COMMAND: POST /session/a995b82d0df1730148f5e6c1edf10a41/elements - {"using":"xpath","value":"//button[@data-kt=\"addButton\"]"}
RESULT: {"using":"xpath","value":"//button[@data-kt=\"addButton\"]"}
COMMAND: POST /session/a995b82d0df1730148f5e6c1edf10a41/elements - {"using":"xpath","value":"//button[@data-kt=\"addButton\"]"}
COMMAND: GET /session/a995b82d0df1730148f5e6c1edf10a41/screenshot - {}
RESULT: {"using":"xpath","value":"//button[@data-kt=\"addButton\"]"}
RESULT: {}
]]></system-out>
      <system-err><![CDATA[
Error: element ("//button[@data-kt="addButton"]") still not existing after 45000ms
    at async UtilsPrerequisites.contractCreation (D:\a\1\s\test\specs\BTS\prerequisites-and-utils-functions.js:1741:9)
    at async Context.<anonymous> (D:\a\1\s\test\specs\BTS\billing-transfer-intracompany.spec.js:61:45)
]]></system-err>
    </testcase>
    <testcase classname="chrome.136_0_7103_93.windows.Billing_Transfer_-_Intracompany_US127249" name="Should add equipment to the contract" time="60.541">
      <failure/>
      <error message="Can't call click on element with selector &quot;//button[@data-kt=&quot;contractDetailEditBtnButton&quot;]&quot; because element wasn't found"/>
      <system-out><![CDATA[
COMMAND: POST /session/a995b82d0df1730148f5e6c1edf10a41/element - {"using":"xpath","value":"//button[@data-kt=\"contractDetailEditBtnButton\"]"}
COMMAND: GET /session/a995b82d0df1730148f5e6c1edf10a41/screenshot - {}
RESULT: {"using":"xpath","value":"//button[@data-kt=\"contractDetailEditBtnButton\"]"}
COMMAND: POST /session/a995b82d0df1730148f5e6c1edf10a41/elements - {"using":"xpath","value":"//button[@data-kt=\"contractDetailEditBtnButton\"]"}
RESULT: {}
RESULT: {"using":"xpath","value":"//button[@data-kt=\"contractDetailEditBtnButton\"]"}
COMMAND: POST /session/a995b82d0df1730148f5e6c1edf10a41/elements - {"using":"xpath","value":"//button[@data-kt=\"contractDetailEditBtnButton\"]"}
RESULT: {"using":"xpath","value":"//button[@data-kt=\"contractDetailEditBtnButton\"]"}
COMMAND: POST /session/a995b82d0df1730148f5e6c1edf10a41/elements - {"using":"xpath","value":"//button[@data-kt=\"contractDetailEditBtnButton\"]"}
RESULT: {"using":"xpath","value":"//button[@data-kt=\"contractDetailEditBtnButton\"]"}
COMMAND: POST /session/a995b82d0df1730148f5e6c1edf10a41/elements - {"using":"xpath","value":"//button[@data-kt=\"contractDetailEditBtnButton\"]"}
RESULT: {"using":"xpath","value":"//button[@data-kt=\"contractDetailEditBtnButton\"]"}
COMMAND: POST /session/a995b82d0df1730148f5e6c1edf10a41/elements - {"using":"xpath","value":"//button[@data-kt=\"contractDetailEditBtnButton\"]"}
RESULT: {"using":"xpath","value":"//button[@data-kt=\"contractDetailEditBtnButton\"]"}
COMMAND: POST /session/a995b82d0df1730148f5e6c1edf10a41/elements - {"using":"xpath","value":"//button[@data-kt=\"contractDetailEditBtnButton\"]"}
RESULT: {"using":"xpath","value":"//button[@data-kt=\"contractDetailEditBtnButton\"]"}
COMMAND: POST /session/a995b82d0df1730148f5e6c1edf10a41/elements - {"using":"xpath","value":"//button[@data-kt=\"contractDetailEditBtnButton\"]"}
RESULT: {"using":"xpath","value":"//button[@data-kt=\"contractDetailEditBtnButton\"]"}
COMMAND: POST /session/a995b82d0df1730148f5e6c1edf10a41/elements - {"using":"xpath","value":"//button[@data-kt=\"contractDetailEditBtnButton\"]"}
RESULT: {"using":"xpath","value":"//button[@data-kt=\"contractDetailEditBtnButton\"]"}
COMMAND: POST /session/a995b82d0df1730148f5e6c1edf10a41/elements - {"using":"xpath","value":"//button[@data-kt=\"contractDetailEditBtnButton\"]"}
RESULT: {"using":"xpath","value":"//button[@data-kt=\"contractDetailEditBtnButton\"]"}
COMMAND: POST /session/a995b82d0df1730148f5e6c1edf10a41/elements - {"using":"xpath","value":"//button[@data-kt=\"contractDetailEditBtnButton\"]"}
RESULT: {"using":"xpath","value":"//button[@data-kt=\"contractDetailEditBtnButton\"]"}
COMMAND: POST /session/a995b82d0df1730148f5e6c1edf10a41/elements - {"using":"xpath","value":"//button[@data-kt=\"contractDetailEditBtnButton\"]"}
RESULT: {"using":"xpath","value":"//button[@data-kt=\"contractDetailEditBtnButton\"]"}
COMMAND: POST /session/a995b82d0df1730148f5e6c1edf10a41/elements - {"using":"xpath","value":"//button[@data-kt=\"contractDetailEditBtnButton\"]"}
RESULT: {"using":"xpath","value":"//button[@data-kt=\"contractDetailEditBtnButton\"]"}
COMMAND: POST /session/a995b82d0df1730148f5e6c1edf10a41/elements - {"using":"xpath","value":"//button[@data-kt=\"contractDetailEditBtnButton\"]"}
RESULT: {"using":"xpath","value":"//button[@data-kt=\"contractDetailEditBtnButton\"]"}
COMMAND: POST /session/a995b82d0df1730148f5e6c1edf10a41/elements - {"using":"xpath","value":"//button[@data-kt=\"contractDetailEditBtnButton\"]"}
RESULT: {"using":"xpath","value":"//button[@data-kt=\"contractDetailEditBtnButton\"]"}
COMMAND: POST /session/a995b82d0df1730148f5e6c1edf10a41/elements - {"using":"xpath","value":"//button[@data-kt=\"contractDetailEditBtnButton\"]"}
RESULT: {"using":"xpath","value":"//button[@data-kt=\"contractDetailEditBtnButton\"]"}
COMMAND: POST /session/a995b82d0df1730148f5e6c1edf10a41/elements - {"using":"xpath","value":"//button[@data-kt=\"contractDetailEditBtnButton\"]"}
RESULT: {"using":"xpath","value":"//button[@data-kt=\"contractDetailEditBtnButton\"]"}
COMMAND: POST /session/a995b82d0df1730148f5e6c1edf10a41/elements - {"using":"xpath","value":"//button[@data-kt=\"contractDetailEditBtnButton\"]"}
RESULT: {"using":"xpath","value":"//button[@data-kt=\"contractDetailEditBtnButton\"]"}
COMMAND: POST /session/a995b82d0df1730148f5e6c1edf10a41/elements - {"using":"xpath","value":"//button[@data-kt=\"contractDetailEditBtnButton\"]"}
RESULT: {"using":"xpath","value":"//button[@data-kt=\"contractDetailEditBtnButton\"]"}
COMMAND: POST /session/a995b82d0df1730148f5e6c1edf10a41/elements - {"using":"xpath","value":"//button[@data-kt=\"contractDetailEditBtnButton\"]"}
RESULT: {"using":"xpath","value":"//button[@data-kt=\"contractDetailEditBtnButton\"]"}
COMMAND: POST /session/a995b82d0df1730148f5e6c1edf10a41/elements - {"using":"xpath","value":"//button[@data-kt=\"contractDetailEditBtnButton\"]"}
RESULT: {"using":"xpath","value":"//button[@data-kt=\"contractDetailEditBtnButton\"]"}
COMMAND: POST /session/a995b82d0df1730148f5e6c1edf10a41/elements - {"using":"xpath","value":"//button[@data-kt=\"contractDetailEditBtnButton\"]"}
RESULT: {"using":"xpath","value":"//button[@data-kt=\"contractDetailEditBtnButton\"]"}
COMMAND: POST /session/a995b82d0df1730148f5e6c1edf10a41/elements - {"using":"xpath","value":"//button[@data-kt=\"contractDetailEditBtnButton\"]"}
RESULT: {"using":"xpath","value":"//button[@data-kt=\"contractDetailEditBtnButton\"]"}
COMMAND: POST /session/a995b82d0df1730148f5e6c1edf10a41/elements - {"using":"xpath","value":"//button[@data-kt=\"contractDetailEditBtnButton\"]"}
RESULT: {"using":"xpath","value":"//button[@data-kt=\"contractDetailEditBtnButton\"]"}
COMMAND: POST /session/a995b82d0df1730148f5e6c1edf10a41/elements - {"using":"xpath","value":"//button[@data-kt=\"contractDetailEditBtnButton\"]"}
RESULT: {"using":"xpath","value":"//button[@data-kt=\"contractDetailEditBtnButton\"]"}
COMMAND: POST /session/a995b82d0df1730148f5e6c1edf10a41/elements - {"using":"xpath","value":"//button[@data-kt=\"contractDetailEditBtnButton\"]"}
RESULT: {"using":"xpath","value":"//button[@data-kt=\"contractDetailEditBtnButton\"]"}
COMMAND: POST /session/a995b82d0df1730148f5e6c1edf10a41/elements - {"using":"xpath","value":"//button[@data-kt=\"contractDetailEditBtnButton\"]"}
RESULT: {"using":"xpath","value":"//button[@data-kt=\"contractDetailEditBtnButton\"]"}
COMMAND: POST /session/a995b82d0df1730148f5e6c1edf10a41/elements - {"using":"xpath","value":"//button[@data-kt=\"contractDetailEditBtnButton\"]"}
RESULT: {"using":"xpath","value":"//button[@data-kt=\"contractDetailEditBtnButton\"]"}
COMMAND: POST /session/a995b82d0df1730148f5e6c1edf10a41/elements - {"using":"xpath","value":"//button[@data-kt=\"contractDetailEditBtnButton\"]"}
RESULT: {"using":"xpath","value":"//button[@data-kt=\"contractDetailEditBtnButton\"]"}
COMMAND: POST /session/a995b82d0df1730148f5e6c1edf10a41/elements - {"using":"xpath","value":"//button[@data-kt=\"contractDetailEditBtnButton\"]"}
RESULT: {"using":"xpath","value":"//button[@data-kt=\"contractDetailEditBtnButton\"]"}
COMMAND: POST /session/a995b82d0df1730148f5e6c1edf10a41/elements - {"using":"xpath","value":"//button[@data-kt=\"contractDetailEditBtnButton\"]"}
RESULT: {"using":"xpath","value":"//button[@data-kt=\"contractDetailEditBtnButton\"]"}
COMMAND: POST /session/a995b82d0df1730148f5e6c1edf10a41/elements - {"using":"xpath","value":"//button[@data-kt=\"contractDetailEditBtnButton\"]"}
RESULT: {"using":"xpath","value":"//button[@data-kt=\"contractDetailEditBtnButton\"]"}
COMMAND: POST /session/a995b82d0df1730148f5e6c1edf10a41/elements - {"using":"xpath","value":"//button[@data-kt=\"contractDetailEditBtnButton\"]"}
RESULT: {"using":"xpath","value":"//button[@data-kt=\"contractDetailEditBtnButton\"]"}
COMMAND: POST /session/a995b82d0df1730148f5e6c1edf10a41/elements - {"using":"xpath","value":"//button[@data-kt=\"contractDetailEditBtnButton\"]"}
RESULT: {"using":"xpath","value":"//button[@data-kt=\"contractDetailEditBtnButton\"]"}
COMMAND: POST /session/a995b82d0df1730148f5e6c1edf10a41/elements - {"using":"xpath","value":"//button[@data-kt=\"contractDetailEditBtnButton\"]"}
RESULT: {"using":"xpath","value":"//button[@data-kt=\"contractDetailEditBtnButton\"]"}
COMMAND: POST /session/a995b82d0df1730148f5e6c1edf10a41/elements - {"using":"xpath","value":"//button[@data-kt=\"contractDetailEditBtnButton\"]"}
RESULT: {"using":"xpath","value":"//button[@data-kt=\"contractDetailEditBtnButton\"]"}
COMMAND: POST /session/a995b82d0df1730148f5e6c1edf10a41/elements - {"using":"xpath","value":"//button[@data-kt=\"contractDetailEditBtnButton\"]"}
RESULT: {"using":"xpath","value":"//button[@data-kt=\"contractDetailEditBtnButton\"]"}
COMMAND: POST /session/a995b82d0df1730148f5e6c1edf10a41/elements - {"using":"xpath","value":"//button[@data-kt=\"contractDetailEditBtnButton\"]"}
RESULT: {"using":"xpath","value":"//button[@data-kt=\"contractDetailEditBtnButton\"]"}
COMMAND: POST /session/a995b82d0df1730148f5e6c1edf10a41/elements - {"using":"xpath","value":"//button[@data-kt=\"contractDetailEditBtnButton\"]"}
RESULT: {"using":"xpath","value":"//button[@data-kt=\"contractDetailEditBtnButton\"]"}
COMMAND: POST /session/a995b82d0df1730148f5e6c1edf10a41/elements - {"using":"xpath","value":"//button[@data-kt=\"contractDetailEditBtnButton\"]"}
RESULT: {"using":"xpath","value":"//button[@data-kt=\"contractDetailEditBtnButton\"]"}
COMMAND: POST /session/a995b82d0df1730148f5e6c1edf10a41/elements - {"using":"xpath","value":"//button[@data-kt=\"contractDetailEditBtnButton\"]"}
RESULT: {"using":"xpath","value":"//button[@data-kt=\"contractDetailEditBtnButton\"]"}
COMMAND: POST /session/a995b82d0df1730148f5e6c1edf10a41/elements - {"using":"xpath","value":"//button[@data-kt=\"contractDetailEditBtnButton\"]"}
RESULT: {"using":"xpath","value":"//button[@data-kt=\"contractDetailEditBtnButton\"]"}
COMMAND: POST /session/a995b82d0df1730148f5e6c1edf10a41/elements - {"using":"xpath","value":"//button[@data-kt=\"contractDetailEditBtnButton\"]"}
RESULT: {"using":"xpath","value":"//button[@data-kt=\"contractDetailEditBtnButton\"]"}
COMMAND: POST /session/a995b82d0df1730148f5e6c1edf10a41/elements - {"using":"xpath","value":"//button[@data-kt=\"contractDetailEditBtnButton\"]"}
RESULT: {"using":"xpath","value":"//button[@data-kt=\"contractDetailEditBtnButton\"]"}
COMMAND: POST /session/a995b82d0df1730148f5e6c1edf10a41/elements - {"using":"xpath","value":"//button[@data-kt=\"contractDetailEditBtnButton\"]"}
RESULT: {"using":"xpath","value":"//button[@data-kt=\"contractDetailEditBtnButton\"]"}
COMMAND: POST /session/a995b82d0df1730148f5e6c1edf10a41/elements - {"using":"xpath","value":"//button[@data-kt=\"contractDetailEditBtnButton\"]"}
RESULT: {"using":"xpath","value":"//button[@data-kt=\"contractDetailEditBtnButton\"]"}
COMMAND: POST /session/a995b82d0df1730148f5e6c1edf10a41/elements - {"using":"xpath","value":"//button[@data-kt=\"contractDetailEditBtnButton\"]"}
RESULT: {"using":"xpath","value":"//button[@data-kt=\"contractDetailEditBtnButton\"]"}
COMMAND: POST /session/a995b82d0df1730148f5e6c1edf10a41/elements - {"using":"xpath","value":"//button[@data-kt=\"contractDetailEditBtnButton\"]"}
RESULT: {"using":"xpath","value":"//button[@data-kt=\"contractDetailEditBtnButton\"]"}
COMMAND: POST /session/a995b82d0df1730148f5e6c1edf10a41/elements - {"using":"xpath","value":"//button[@data-kt=\"contractDetailEditBtnButton\"]"}
RESULT: {"using":"xpath","value":"//button[@data-kt=\"contractDetailEditBtnButton\"]"}
COMMAND: POST /session/a995b82d0df1730148f5e6c1edf10a41/elements - {"using":"xpath","value":"//button[@data-kt=\"contractDetailEditBtnButton\"]"}
RESULT: {"using":"xpath","value":"//button[@data-kt=\"contractDetailEditBtnButton\"]"}
COMMAND: POST /session/a995b82d0df1730148f5e6c1edf10a41/elements - {"using":"xpath","value":"//button[@data-kt=\"contractDetailEditBtnButton\"]"}
RESULT: {"using":"xpath","value":"//button[@data-kt=\"contractDetailEditBtnButton\"]"}
COMMAND: POST /session/a995b82d0df1730148f5e6c1edf10a41/elements - {"using":"xpath","value":"//button[@data-kt=\"contractDetailEditBtnButton\"]"}
RESULT: {"using":"xpath","value":"//button[@data-kt=\"contractDetailEditBtnButton\"]"}
COMMAND: POST /session/a995b82d0df1730148f5e6c1edf10a41/elements - {"using":"xpath","value":"//button[@data-kt=\"contractDetailEditBtnButton\"]"}
RESULT: {"using":"xpath","value":"//button[@data-kt=\"contractDetailEditBtnButton\"]"}
COMMAND: POST /session/a995b82d0df1730148f5e6c1edf10a41/elements - {"using":"xpath","value":"//button[@data-kt=\"contractDetailEditBtnButton\"]"}
RESULT: {"using":"xpath","value":"//button[@data-kt=\"contractDetailEditBtnButton\"]"}
COMMAND: POST /session/a995b82d0df1730148f5e6c1edf10a41/elements - {"using":"xpath","value":"//button[@data-kt=\"contractDetailEditBtnButton\"]"}
RESULT: {"using":"xpath","value":"//button[@data-kt=\"contractDetailEditBtnButton\"]"}
COMMAND: POST /session/a995b82d0df1730148f5e6c1edf10a41/elements - {"using":"xpath","value":"//button[@data-kt=\"contractDetailEditBtnButton\"]"}
RESULT: {"using":"xpath","value":"//button[@data-kt=\"contractDetailEditBtnButton\"]"}
COMMAND: POST /session/a995b82d0df1730148f5e6c1edf10a41/elements - {"using":"xpath","value":"//button[@data-kt=\"contractDetailEditBtnButton\"]"}
RESULT: {"using":"xpath","value":"//button[@data-kt=\"contractDetailEditBtnButton\"]"}
COMMAND: POST /session/a995b82d0df1730148f5e6c1edf10a41/elements - {"using":"xpath","value":"//button[@data-kt=\"contractDetailEditBtnButton\"]"}
RESULT: {"using":"xpath","value":"//button[@data-kt=\"contractDetailEditBtnButton\"]"}
COMMAND: POST /session/a995b82d0df1730148f5e6c1edf10a41/elements - {"using":"xpath","value":"//button[@data-kt=\"contractDetailEditBtnButton\"]"}
RESULT: {"using":"xpath","value":"//button[@data-kt=\"contractDetailEditBtnButton\"]"}
COMMAND: POST /session/a995b82d0df1730148f5e6c1edf10a41/elements - {"using":"xpath","value":"//button[@data-kt=\"contractDetailEditBtnButton\"]"}
RESULT: {"using":"xpath","value":"//button[@data-kt=\"contractDetailEditBtnButton\"]"}
COMMAND: POST /session/a995b82d0df1730148f5e6c1edf10a41/elements - {"using":"xpath","value":"//button[@data-kt=\"contractDetailEditBtnButton\"]"}
RESULT: {"using":"xpath","value":"//button[@data-kt=\"contractDetailEditBtnButton\"]"}
COMMAND: POST /session/a995b82d0df1730148f5e6c1edf10a41/elements - {"using":"xpath","value":"//button[@data-kt=\"contractDetailEditBtnButton\"]"}
RESULT: {"using":"xpath","value":"//button[@data-kt=\"contractDetailEditBtnButton\"]"}
COMMAND: POST /session/a995b82d0df1730148f5e6c1edf10a41/elements - {"using":"xpath","value":"//button[@data-kt=\"contractDetailEditBtnButton\"]"}
RESULT: {"using":"xpath","value":"//button[@data-kt=\"contractDetailEditBtnButton\"]"}
COMMAND: POST /session/a995b82d0df1730148f5e6c1edf10a41/elements - {"using":"xpath","value":"//button[@data-kt=\"contractDetailEditBtnButton\"]"}
RESULT: {"using":"xpath","value":"//button[@data-kt=\"contractDetailEditBtnButton\"]"}
COMMAND: POST /session/a995b82d0df1730148f5e6c1edf10a41/elements - {"using":"xpath","value":"//button[@data-kt=\"contractDetailEditBtnButton\"]"}
RESULT: {"using":"xpath","value":"//button[@data-kt=\"contractDetailEditBtnButton\"]"}
COMMAND: POST /session/a995b82d0df1730148f5e6c1edf10a41/elements - {"using":"xpath","value":"//button[@data-kt=\"contractDetailEditBtnButton\"]"}
RESULT: {"using":"xpath","value":"//button[@data-kt=\"contractDetailEditBtnButton\"]"}
COMMAND: POST /session/a995b82d0df1730148f5e6c1edf10a41/elements - {"using":"xpath","value":"//button[@data-kt=\"contractDetailEditBtnButton\"]"}
RESULT: {"using":"xpath","value":"//button[@data-kt=\"contractDetailEditBtnButton\"]"}
COMMAND: POST /session/a995b82d0df1730148f5e6c1edf10a41/elements - {"using":"xpath","value":"//button[@data-kt=\"contractDetailEditBtnButton\"]"}
RESULT: {"using":"xpath","value":"//button[@data-kt=\"contractDetailEditBtnButton\"]"}
COMMAND: POST /session/a995b82d0df1730148f5e6c1edf10a41/elements - {"using":"xpath","value":"//button[@data-kt=\"contractDetailEditBtnButton\"]"}
RESULT: {"using":"xpath","value":"//button[@data-kt=\"contractDetailEditBtnButton\"]"}
COMMAND: POST /session/a995b82d0df1730148f5e6c1edf10a41/elements - {"using":"xpath","value":"//button[@data-kt=\"contractDetailEditBtnButton\"]"}
RESULT: {"using":"xpath","value":"//button[@data-kt=\"contractDetailEditBtnButton\"]"}
COMMAND: POST /session/a995b82d0df1730148f5e6c1edf10a41/elements - {"using":"xpath","value":"//button[@data-kt=\"contractDetailEditBtnButton\"]"}
RESULT: {"using":"xpath","value":"//button[@data-kt=\"contractDetailEditBtnButton\"]"}
COMMAND: POST /session/a995b82d0df1730148f5e6c1edf10a41/elements - {"using":"xpath","value":"//button[@data-kt=\"contractDetailEditBtnButton\"]"}
RESULT: {"using":"xpath","value":"//button[@data-kt=\"contractDetailEditBtnButton\"]"}
COMMAND: POST /session/a995b82d0df1730148f5e6c1edf10a41/elements - {"using":"xpath","value":"//button[@data-kt=\"contractDetailEditBtnButton\"]"}
RESULT: {"using":"xpath","value":"//button[@data-kt=\"contractDetailEditBtnButton\"]"}
COMMAND: POST /session/a995b82d0df1730148f5e6c1edf10a41/elements - {"using":"xpath","value":"//button[@data-kt=\"contractDetailEditBtnButton\"]"}
RESULT: {"using":"xpath","value":"//button[@data-kt=\"contractDetailEditBtnButton\"]"}
COMMAND: POST /session/a995b82d0df1730148f5e6c1edf10a41/elements - {"using":"xpath","value":"//button[@data-kt=\"contractDetailEditBtnButton\"]"}
RESULT: {"using":"xpath","value":"//button[@data-kt=\"contractDetailEditBtnButton\"]"}
COMMAND: POST /session/a995b82d0df1730148f5e6c1edf10a41/elements - {"using":"xpath","value":"//button[@data-kt=\"contractDetailEditBtnButton\"]"}
RESULT: {"using":"xpath","value":"//button[@data-kt=\"contractDetailEditBtnButton\"]"}
COMMAND: POST /session/a995b82d0df1730148f5e6c1edf10a41/elements - {"using":"xpath","value":"//button[@data-kt=\"contractDetailEditBtnButton\"]"}
RESULT: {"using":"xpath","value":"//button[@data-kt=\"contractDetailEditBtnButton\"]"}
COMMAND: POST /session/a995b82d0df1730148f5e6c1edf10a41/elements - {"using":"xpath","value":"//button[@data-kt=\"contractDetailEditBtnButton\"]"}
RESULT: {"using":"xpath","value":"//button[@data-kt=\"contractDetailEditBtnButton\"]"}
COMMAND: POST /session/a995b82d0df1730148f5e6c1edf10a41/elements - {"using":"xpath","value":"//button[@data-kt=\"contractDetailEditBtnButton\"]"}
RESULT: {"using":"xpath","value":"//button[@data-kt=\"contractDetailEditBtnButton\"]"}
COMMAND: POST /session/a995b82d0df1730148f5e6c1edf10a41/elements - {"using":"xpath","value":"//button[@data-kt=\"contractDetailEditBtnButton\"]"}
RESULT: {"using":"xpath","value":"//button[@data-kt=\"contractDetailEditBtnButton\"]"}
COMMAND: POST /session/a995b82d0df1730148f5e6c1edf10a41/elements - {"using":"xpath","value":"//button[@data-kt=\"contractDetailEditBtnButton\"]"}
RESULT: {"using":"xpath","value":"//button[@data-kt=\"contractDetailEditBtnButton\"]"}
COMMAND: POST /session/a995b82d0df1730148f5e6c1edf10a41/elements - {"using":"xpath","value":"//button[@data-kt=\"contractDetailEditBtnButton\"]"}
RESULT: {"using":"xpath","value":"//button[@data-kt=\"contractDetailEditBtnButton\"]"}
COMMAND: POST /session/a995b82d0df1730148f5e6c1edf10a41/elements - {"using":"xpath","value":"//button[@data-kt=\"contractDetailEditBtnButton\"]"}
RESULT: {"using":"xpath","value":"//button[@data-kt=\"contractDetailEditBtnButton\"]"}
COMMAND: POST /session/a995b82d0df1730148f5e6c1edf10a41/elements - {"using":"xpath","value":"//button[@data-kt=\"contractDetailEditBtnButton\"]"}
RESULT: {"using":"xpath","value":"//button[@data-kt=\"contractDetailEditBtnButton\"]"}
COMMAND: POST /session/a995b82d0df1730148f5e6c1edf10a41/elements - {"using":"xpath","value":"//button[@data-kt=\"contractDetailEditBtnButton\"]"}
RESULT: {"using":"xpath","value":"//button[@data-kt=\"contractDetailEditBtnButton\"]"}
COMMAND: POST /session/a995b82d0df1730148f5e6c1edf10a41/elements - {"using":"xpath","value":"//button[@data-kt=\"contractDetailEditBtnButton\"]"}
RESULT: {"using":"xpath","value":"//button[@data-kt=\"contractDetailEditBtnButton\"]"}
COMMAND: POST /session/a995b82d0df1730148f5e6c1edf10a41/elements - {"using":"xpath","value":"//button[@data-kt=\"contractDetailEditBtnButton\"]"}
RESULT: {"using":"xpath","value":"//button[@data-kt=\"contractDetailEditBtnButton\"]"}
COMMAND: POST /session/a995b82d0df1730148f5e6c1edf10a41/elements - {"using":"xpath","value":"//button[@data-kt=\"contractDetailEditBtnButton\"]"}
RESULT: {"using":"xpath","value":"//button[@data-kt=\"contractDetailEditBtnButton\"]"}
COMMAND: POST /session/a995b82d0df1730148f5e6c1edf10a41/elements - {"using":"xpath","value":"//button[@data-kt=\"contractDetailEditBtnButton\"]"}
RESULT: {"using":"xpath","value":"//button[@data-kt=\"contractDetailEditBtnButton\"]"}
COMMAND: POST /session/a995b82d0df1730148f5e6c1edf10a41/elements - {"using":"xpath","value":"//button[@data-kt=\"contractDetailEditBtnButton\"]"}
RESULT: {"using":"xpath","value":"//button[@data-kt=\"contractDetailEditBtnButton\"]"}
COMMAND: POST /session/a995b82d0df1730148f5e6c1edf10a41/elements - {"using":"xpath","value":"//button[@data-kt=\"contractDetailEditBtnButton\"]"}
RESULT: {"using":"xpath","value":"//button[@data-kt=\"contractDetailEditBtnButton\"]"}
COMMAND: POST /session/a995b82d0df1730148f5e6c1edf10a41/elements - {"using":"xpath","value":"//button[@data-kt=\"contractDetailEditBtnButton\"]"}
RESULT: {"using":"xpath","value":"//button[@data-kt=\"contractDetailEditBtnButton\"]"}
COMMAND: POST /session/a995b82d0df1730148f5e6c1edf10a41/elements - {"using":"xpath","value":"//button[@data-kt=\"contractDetailEditBtnButton\"]"}
RESULT: {"using":"xpath","value":"//button[@data-kt=\"contractDetailEditBtnButton\"]"}
COMMAND: POST /session/a995b82d0df1730148f5e6c1edf10a41/elements - {"using":"xpath","value":"//button[@data-kt=\"contractDetailEditBtnButton\"]"}
RESULT: {"using":"xpath","value":"//button[@data-kt=\"contractDetailEditBtnButton\"]"}
COMMAND: POST /session/a995b82d0df1730148f5e6c1edf10a41/elements - {"using":"xpath","value":"//button[@data-kt=\"contractDetailEditBtnButton\"]"}
RESULT: {"using":"xpath","value":"//button[@data-kt=\"contractDetailEditBtnButton\"]"}
COMMAND: POST /session/a995b82d0df1730148f5e6c1edf10a41/elements - {"using":"xpath","value":"//button[@data-kt=\"contractDetailEditBtnButton\"]"}
RESULT: {"using":"xpath","value":"//button[@data-kt=\"contractDetailEditBtnButton\"]"}
COMMAND: POST /session/a995b82d0df1730148f5e6c1edf10a41/elements - {"using":"xpath","value":"//button[@data-kt=\"contractDetailEditBtnButton\"]"}
RESULT: {"using":"xpath","value":"//button[@data-kt=\"contractDetailEditBtnButton\"]"}
COMMAND: POST /session/a995b82d0df1730148f5e6c1edf10a41/elements - {"using":"xpath","value":"//button[@data-kt=\"contractDetailEditBtnButton\"]"}
RESULT: {"using":"xpath","value":"//button[@data-kt=\"contractDetailEditBtnButton\"]"}
COMMAND: POST /session/a995b82d0df1730148f5e6c1edf10a41/elements - {"using":"xpath","value":"//button[@data-kt=\"contractDetailEditBtnButton\"]"}
RESULT: {"using":"xpath","value":"//button[@data-kt=\"contractDetailEditBtnButton\"]"}
COMMAND: POST /session/a995b82d0df1730148f5e6c1edf10a41/elements - {"using":"xpath","value":"//button[@data-kt=\"contractDetailEditBtnButton\"]"}
RESULT: {"using":"xpath","value":"//button[@data-kt=\"contractDetailEditBtnButton\"]"}
COMMAND: POST /session/a995b82d0df1730148f5e6c1edf10a41/elements - {"using":"xpath","value":"//button[@data-kt=\"contractDetailEditBtnButton\"]"}
RESULT: {"using":"xpath","value":"//button[@data-kt=\"contractDetailEditBtnButton\"]"}
COMMAND: POST /session/a995b82d0df1730148f5e6c1edf10a41/elements - {"using":"xpath","value":"//button[@data-kt=\"contractDetailEditBtnButton\"]"}
RESULT: {"using":"xpath","value":"//button[@data-kt=\"contractDetailEditBtnButton\"]"}
COMMAND: POST /session/a995b82d0df1730148f5e6c1edf10a41/elements - {"using":"xpath","value":"//button[@data-kt=\"contractDetailEditBtnButton\"]"}
RESULT: {"using":"xpath","value":"//button[@data-kt=\"contractDetailEditBtnButton\"]"}
COMMAND: POST /session/a995b82d0df1730148f5e6c1edf10a41/elements - {"using":"xpath","value":"//button[@data-kt=\"contractDetailEditBtnButton\"]"}
RESULT: {"using":"xpath","value":"//button[@data-kt=\"contractDetailEditBtnButton\"]"}
COMMAND: POST /session/a995b82d0df1730148f5e6c1edf10a41/elements - {"using":"xpath","value":"//button[@data-kt=\"contractDetailEditBtnButton\"]"}
RESULT: {"using":"xpath","value":"//button[@data-kt=\"contractDetailEditBtnButton\"]"}
COMMAND: POST /session/a995b82d0df1730148f5e6c1edf10a41/elements - {"using":"xpath","value":"//button[@data-kt=\"contractDetailEditBtnButton\"]"}
RESULT: {"using":"xpath","value":"//button[@data-kt=\"contractDetailEditBtnButton\"]"}
COMMAND: POST /session/a995b82d0df1730148f5e6c1edf10a41/elements - {"using":"xpath","value":"//button[@data-kt=\"contractDetailEditBtnButton\"]"}
RESULT: {"using":"xpath","value":"//button[@data-kt=\"contractDetailEditBtnButton\"]"}
COMMAND: POST /session/a995b82d0df1730148f5e6c1edf10a41/elements - {"using":"xpath","value":"//button[@data-kt=\"contractDetailEditBtnButton\"]"}
RESULT: {"using":"xpath","value":"//button[@data-kt=\"contractDetailEditBtnButton\"]"}
COMMAND: POST /session/a995b82d0df1730148f5e6c1edf10a41/elements - {"using":"xpath","value":"//button[@data-kt=\"contractDetailEditBtnButton\"]"}
RESULT: {"using":"xpath","value":"//button[@data-kt=\"contractDetailEditBtnButton\"]"}
COMMAND: POST /session/a995b82d0df1730148f5e6c1edf10a41/elements - {"using":"xpath","value":"//button[@data-kt=\"contractDetailEditBtnButton\"]"}
RESULT: {"using":"xpath","value":"//button[@data-kt=\"contractDetailEditBtnButton\"]"}
COMMAND: POST /session/a995b82d0df1730148f5e6c1edf10a41/elements - {"using":"xpath","value":"//button[@data-kt=\"contractDetailEditBtnButton\"]"}
RESULT: {"using":"xpath","value":"//button[@data-kt=\"contractDetailEditBtnButton\"]"}
COMMAND: POST /session/a995b82d0df1730148f5e6c1edf10a41/elements - {"using":"xpath","value":"//button[@data-kt=\"contractDetailEditBtnButton\"]"}
RESULT: {"using":"xpath","value":"//button[@data-kt=\"contractDetailEditBtnButton\"]"}
COMMAND: POST /session/a995b82d0df1730148f5e6c1edf10a41/elements - {"using":"xpath","value":"//button[@data-kt=\"contractDetailEditBtnButton\"]"}
RESULT: {"using":"xpath","value":"//button[@data-kt=\"contractDetailEditBtnButton\"]"}
COMMAND: POST /session/a995b82d0df1730148f5e6c1edf10a41/elements - {"using":"xpath","value":"//button[@data-kt=\"contractDetailEditBtnButton\"]"}
RESULT: {"using":"xpath","value":"//button[@data-kt=\"contractDetailEditBtnButton\"]"}
COMMAND: POST /session/a995b82d0df1730148f5e6c1edf10a41/elements - {"using":"xpath","value":"//button[@data-kt=\"contractDetailEditBtnButton\"]"}
RESULT: {"using":"xpath","value":"//button[@data-kt=\"contractDetailEditBtnButton\"]"}
COMMAND: POST /session/a995b82d0df1730148f5e6c1edf10a41/elements - {"using":"xpath","value":"//button[@data-kt=\"contractDetailEditBtnButton\"]"}
RESULT: {"using":"xpath","value":"//button[@data-kt=\"contractDetailEditBtnButton\"]"}
COMMAND: POST /session/a995b82d0df1730148f5e6c1edf10a41/elements - {"using":"xpath","value":"//button[@data-kt=\"contractDetailEditBtnButton\"]"}
RESULT: {"using":"xpath","value":"//button[@data-kt=\"contractDetailEditBtnButton\"]"}
COMMAND: POST /session/a995b82d0df1730148f5e6c1edf10a41/elements - {"using":"xpath","value":"//button[@data-kt=\"contractDetailEditBtnButton\"]"}
RESULT: {"using":"xpath","value":"//button[@data-kt=\"contractDetailEditBtnButton\"]"}
COMMAND: POST /session/a995b82d0df1730148f5e6c1edf10a41/elements - {"using":"xpath","value":"//button[@data-kt=\"contractDetailEditBtnButton\"]"}
RESULT: {"using":"xpath","value":"//button[@data-kt=\"contractDetailEditBtnButton\"]"}
COMMAND: POST /session/a995b82d0df1730148f5e6c1edf10a41/elements - {"using":"xpath","value":"//button[@data-kt=\"contractDetailEditBtnButton\"]"}
RESULT: {"using":"xpath","value":"//button[@data-kt=\"contractDetailEditBtnButton\"]"}
COMMAND: POST /session/a995b82d0df1730148f5e6c1edf10a41/elements - {"using":"xpath","value":"//button[@data-kt=\"contractDetailEditBtnButton\"]"}
RESULT: {"using":"xpath","value":"//button[@data-kt=\"contractDetailEditBtnButton\"]"}
COMMAND: POST /session/a995b82d0df1730148f5e6c1edf10a41/elements - {"using":"xpath","value":"//button[@data-kt=\"contractDetailEditBtnButton\"]"}
COMMAND: GET /session/a995b82d0df1730148f5e6c1edf10a41/screenshot - {}
RESULT: {"using":"xpath","value":"//button[@data-kt=\"contractDetailEditBtnButton\"]"}
RESULT: {}
]]></system-out>
      <system-err><![CDATA[
Error: Can't call click on element with selector "//button[@data-kt="contractDetailEditBtnButton"]" because element wasn't found
    at async UtilsPrerequisites.addItemToContract (D:\a\1\s\test\specs\BTS\prerequisites-and-utils-functions.js:1852:9)
    at async Context.<anonymous> (D:\a\1\s\test\specs\BTS\billing-transfer-intracompany.spec.js:65:9)
]]></system-err>
    </testcase>
    <testcase classname="chrome.136_0_7103_93.windows.Billing_Transfer_-_Intracompany_US127249" name="Should do a provide to site handover" time="60.444">
      <failure/>
      <error message="Can't call click on element with selector &quot;//button[@data-kt=&quot;provideButton&quot;]&quot; because element wasn't found"/>
      <system-out><![CDATA[
COMMAND: POST /session/a995b82d0df1730148f5e6c1edf10a41/element - {"using":"xpath","value":"//button[@data-kt=\"provideButton\"]"}
COMMAND: GET /session/a995b82d0df1730148f5e6c1edf10a41/screenshot - {}
RESULT: {"using":"xpath","value":"//button[@data-kt=\"provideButton\"]"}
COMMAND: POST /session/a995b82d0df1730148f5e6c1edf10a41/elements - {"using":"xpath","value":"//button[@data-kt=\"provideButton\"]"}
RESULT: {}
RESULT: {"using":"xpath","value":"//button[@data-kt=\"provideButton\"]"}
COMMAND: POST /session/a995b82d0df1730148f5e6c1edf10a41/elements - {"using":"xpath","value":"//button[@data-kt=\"provideButton\"]"}
RESULT: {"using":"xpath","value":"//button[@data-kt=\"provideButton\"]"}
COMMAND: POST /session/a995b82d0df1730148f5e6c1edf10a41/elements - {"using":"xpath","value":"//button[@data-kt=\"provideButton\"]"}
RESULT: {"using":"xpath","value":"//button[@data-kt=\"provideButton\"]"}
COMMAND: POST /session/a995b82d0df1730148f5e6c1edf10a41/elements - {"using":"xpath","value":"//button[@data-kt=\"provideButton\"]"}
RESULT: {"using":"xpath","value":"//button[@data-kt=\"provideButton\"]"}
COMMAND: POST /session/a995b82d0df1730148f5e6c1edf10a41/elements - {"using":"xpath","value":"//button[@data-kt=\"provideButton\"]"}
RESULT: {"using":"xpath","value":"//button[@data-kt=\"provideButton\"]"}
COMMAND: POST /session/a995b82d0df1730148f5e6c1edf10a41/elements - {"using":"xpath","value":"//button[@data-kt=\"provideButton\"]"}
RESULT: {"using":"xpath","value":"//button[@data-kt=\"provideButton\"]"}
COMMAND: POST /session/a995b82d0df1730148f5e6c1edf10a41/elements - {"using":"xpath","value":"//button[@data-kt=\"provideButton\"]"}
RESULT: {"using":"xpath","value":"//button[@data-kt=\"provideButton\"]"}
COMMAND: POST /session/a995b82d0df1730148f5e6c1edf10a41/elements - {"using":"xpath","value":"//button[@data-kt=\"provideButton\"]"}
RESULT: {"using":"xpath","value":"//button[@data-kt=\"provideButton\"]"}
COMMAND: POST /session/a995b82d0df1730148f5e6c1edf10a41/elements - {"using":"xpath","value":"//button[@data-kt=\"provideButton\"]"}
RESULT: {"using":"xpath","value":"//button[@data-kt=\"provideButton\"]"}
COMMAND: POST /session/a995b82d0df1730148f5e6c1edf10a41/elements - {"using":"xpath","value":"//button[@data-kt=\"provideButton\"]"}
RESULT: {"using":"xpath","value":"//button[@data-kt=\"provideButton\"]"}
COMMAND: POST /session/a995b82d0df1730148f5e6c1edf10a41/elements - {"using":"xpath","value":"//button[@data-kt=\"provideButton\"]"}
RESULT: {"using":"xpath","value":"//button[@data-kt=\"provideButton\"]"}
COMMAND: POST /session/a995b82d0df1730148f5e6c1edf10a41/elements - {"using":"xpath","value":"//button[@data-kt=\"provideButton\"]"}
RESULT: {"using":"xpath","value":"//button[@data-kt=\"provideButton\"]"}
COMMAND: POST /session/a995b82d0df1730148f5e6c1edf10a41/elements - {"using":"xpath","value":"//button[@data-kt=\"provideButton\"]"}
RESULT: {"using":"xpath","value":"//button[@data-kt=\"provideButton\"]"}
COMMAND: POST /session/a995b82d0df1730148f5e6c1edf10a41/elements - {"using":"xpath","value":"//button[@data-kt=\"provideButton\"]"}
RESULT: {"using":"xpath","value":"//button[@data-kt=\"provideButton\"]"}
COMMAND: POST /session/a995b82d0df1730148f5e6c1edf10a41/elements - {"using":"xpath","value":"//button[@data-kt=\"provideButton\"]"}
RESULT: {"using":"xpath","value":"//button[@data-kt=\"provideButton\"]"}
COMMAND: POST /session/a995b82d0df1730148f5e6c1edf10a41/elements - {"using":"xpath","value":"//button[@data-kt=\"provideButton\"]"}
RESULT: {"using":"xpath","value":"//button[@data-kt=\"provideButton\"]"}
COMMAND: POST /session/a995b82d0df1730148f5e6c1edf10a41/elements - {"using":"xpath","value":"//button[@data-kt=\"provideButton\"]"}
RESULT: {"using":"xpath","value":"//button[@data-kt=\"provideButton\"]"}
COMMAND: POST /session/a995b82d0df1730148f5e6c1edf10a41/elements - {"using":"xpath","value":"//button[@data-kt=\"provideButton\"]"}
RESULT: {"using":"xpath","value":"//button[@data-kt=\"provideButton\"]"}
COMMAND: POST /session/a995b82d0df1730148f5e6c1edf10a41/elements - {"using":"xpath","value":"//button[@data-kt=\"provideButton\"]"}
RESULT: {"using":"xpath","value":"//button[@data-kt=\"provideButton\"]"}
COMMAND: POST /session/a995b82d0df1730148f5e6c1edf10a41/elements - {"using":"xpath","value":"//button[@data-kt=\"provideButton\"]"}
RESULT: {"using":"xpath","value":"//button[@data-kt=\"provideButton\"]"}
COMMAND: POST /session/a995b82d0df1730148f5e6c1edf10a41/elements - {"using":"xpath","value":"//button[@data-kt=\"provideButton\"]"}
RESULT: {"using":"xpath","value":"//button[@data-kt=\"provideButton\"]"}
COMMAND: POST /session/a995b82d0df1730148f5e6c1edf10a41/elements - {"using":"xpath","value":"//button[@data-kt=\"provideButton\"]"}
RESULT: {"using":"xpath","value":"//button[@data-kt=\"provideButton\"]"}
COMMAND: POST /session/a995b82d0df1730148f5e6c1edf10a41/elements - {"using":"xpath","value":"//button[@data-kt=\"provideButton\"]"}
RESULT: {"using":"xpath","value":"//button[@data-kt=\"provideButton\"]"}
COMMAND: POST /session/a995b82d0df1730148f5e6c1edf10a41/elements - {"using":"xpath","value":"//button[@data-kt=\"provideButton\"]"}
RESULT: {"using":"xpath","value":"//button[@data-kt=\"provideButton\"]"}
COMMAND: POST /session/a995b82d0df1730148f5e6c1edf10a41/elements - {"using":"xpath","value":"//button[@data-kt=\"provideButton\"]"}
RESULT: {"using":"xpath","value":"//button[@data-kt=\"provideButton\"]"}
COMMAND: POST /session/a995b82d0df1730148f5e6c1edf10a41/elements - {"using":"xpath","value":"//button[@data-kt=\"provideButton\"]"}
RESULT: {"using":"xpath","value":"//button[@data-kt=\"provideButton\"]"}
COMMAND: POST /session/a995b82d0df1730148f5e6c1edf10a41/elements - {"using":"xpath","value":"//button[@data-kt=\"provideButton\"]"}
RESULT: {"using":"xpath","value":"//button[@data-kt=\"provideButton\"]"}
COMMAND: POST /session/a995b82d0df1730148f5e6c1edf10a41/elements - {"using":"xpath","value":"//button[@data-kt=\"provideButton\"]"}
RESULT: {"using":"xpath","value":"//button[@data-kt=\"provideButton\"]"}
COMMAND: POST /session/a995b82d0df1730148f5e6c1edf10a41/elements - {"using":"xpath","value":"//button[@data-kt=\"provideButton\"]"}
RESULT: {"using":"xpath","value":"//button[@data-kt=\"provideButton\"]"}
COMMAND: POST /session/a995b82d0df1730148f5e6c1edf10a41/elements - {"using":"xpath","value":"//button[@data-kt=\"provideButton\"]"}
RESULT: {"using":"xpath","value":"//button[@data-kt=\"provideButton\"]"}
COMMAND: POST /session/a995b82d0df1730148f5e6c1edf10a41/elements - {"using":"xpath","value":"//button[@data-kt=\"provideButton\"]"}
RESULT: {"using":"xpath","value":"//button[@data-kt=\"provideButton\"]"}
COMMAND: POST /session/a995b82d0df1730148f5e6c1edf10a41/elements - {"using":"xpath","value":"//button[@data-kt=\"provideButton\"]"}
RESULT: {"using":"xpath","value":"//button[@data-kt=\"provideButton\"]"}
COMMAND: POST /session/a995b82d0df1730148f5e6c1edf10a41/elements - {"using":"xpath","value":"//button[@data-kt=\"provideButton\"]"}
RESULT: {"using":"xpath","value":"//button[@data-kt=\"provideButton\"]"}
COMMAND: POST /session/a995b82d0df1730148f5e6c1edf10a41/elements - {"using":"xpath","value":"//button[@data-kt=\"provideButton\"]"}
RESULT: {"using":"xpath","value":"//button[@data-kt=\"provideButton\"]"}
COMMAND: POST /session/a995b82d0df1730148f5e6c1edf10a41/elements - {"using":"xpath","value":"//button[@data-kt=\"provideButton\"]"}
RESULT: {"using":"xpath","value":"//button[@data-kt=\"provideButton\"]"}
COMMAND: POST /session/a995b82d0df1730148f5e6c1edf10a41/elements - {"using":"xpath","value":"//button[@data-kt=\"provideButton\"]"}
RESULT: {"using":"xpath","value":"//button[@data-kt=\"provideButton\"]"}
COMMAND: POST /session/a995b82d0df1730148f5e6c1edf10a41/elements - {"using":"xpath","value":"//button[@data-kt=\"provideButton\"]"}
RESULT: {"using":"xpath","value":"//button[@data-kt=\"provideButton\"]"}
COMMAND: POST /session/a995b82d0df1730148f5e6c1edf10a41/elements - {"using":"xpath","value":"//button[@data-kt=\"provideButton\"]"}
RESULT: {"using":"xpath","value":"//button[@data-kt=\"provideButton\"]"}
COMMAND: POST /session/a995b82d0df1730148f5e6c1edf10a41/elements - {"using":"xpath","value":"//button[@data-kt=\"provideButton\"]"}
RESULT: {"using":"xpath","value":"//button[@data-kt=\"provideButton\"]"}
COMMAND: POST /session/a995b82d0df1730148f5e6c1edf10a41/elements - {"using":"xpath","value":"//button[@data-kt=\"provideButton\"]"}
RESULT: {"using":"xpath","value":"//button[@data-kt=\"provideButton\"]"}
COMMAND: POST /session/a995b82d0df1730148f5e6c1edf10a41/elements - {"using":"xpath","value":"//button[@data-kt=\"provideButton\"]"}
RESULT: {"using":"xpath","value":"//button[@data-kt=\"provideButton\"]"}
COMMAND: POST /session/a995b82d0df1730148f5e6c1edf10a41/elements - {"using":"xpath","value":"//button[@data-kt=\"provideButton\"]"}
RESULT: {"using":"xpath","value":"//button[@data-kt=\"provideButton\"]"}
COMMAND: POST /session/a995b82d0df1730148f5e6c1edf10a41/elements - {"using":"xpath","value":"//button[@data-kt=\"provideButton\"]"}
RESULT: {"using":"xpath","value":"//button[@data-kt=\"provideButton\"]"}
COMMAND: POST /session/a995b82d0df1730148f5e6c1edf10a41/elements - {"using":"xpath","value":"//button[@data-kt=\"provideButton\"]"}
RESULT: {"using":"xpath","value":"//button[@data-kt=\"provideButton\"]"}
COMMAND: POST /session/a995b82d0df1730148f5e6c1edf10a41/elements - {"using":"xpath","value":"//button[@data-kt=\"provideButton\"]"}
RESULT: {"using":"xpath","value":"//button[@data-kt=\"provideButton\"]"}
COMMAND: POST /session/a995b82d0df1730148f5e6c1edf10a41/elements - {"using":"xpath","value":"//button[@data-kt=\"provideButton\"]"}
RESULT: {"using":"xpath","value":"//button[@data-kt=\"provideButton\"]"}
COMMAND: POST /session/a995b82d0df1730148f5e6c1edf10a41/elements - {"using":"xpath","value":"//button[@data-kt=\"provideButton\"]"}
RESULT: {"using":"xpath","value":"//button[@data-kt=\"provideButton\"]"}
COMMAND: POST /session/a995b82d0df1730148f5e6c1edf10a41/elements - {"using":"xpath","value":"//button[@data-kt=\"provideButton\"]"}
RESULT: {"using":"xpath","value":"//button[@data-kt=\"provideButton\"]"}
COMMAND: POST /session/a995b82d0df1730148f5e6c1edf10a41/elements - {"using":"xpath","value":"//button[@data-kt=\"provideButton\"]"}
RESULT: {"using":"xpath","value":"//button[@data-kt=\"provideButton\"]"}
COMMAND: POST /session/a995b82d0df1730148f5e6c1edf10a41/elements - {"using":"xpath","value":"//button[@data-kt=\"provideButton\"]"}
RESULT: {"using":"xpath","value":"//button[@data-kt=\"provideButton\"]"}
COMMAND: POST /session/a995b82d0df1730148f5e6c1edf10a41/elements - {"using":"xpath","value":"//button[@data-kt=\"provideButton\"]"}
RESULT: {"using":"xpath","value":"//button[@data-kt=\"provideButton\"]"}
COMMAND: POST /session/a995b82d0df1730148f5e6c1edf10a41/elements - {"using":"xpath","value":"//button[@data-kt=\"provideButton\"]"}
RESULT: {"using":"xpath","value":"//button[@data-kt=\"provideButton\"]"}
COMMAND: POST /session/a995b82d0df1730148f5e6c1edf10a41/elements - {"using":"xpath","value":"//button[@data-kt=\"provideButton\"]"}
RESULT: {"using":"xpath","value":"//button[@data-kt=\"provideButton\"]"}
COMMAND: POST /session/a995b82d0df1730148f5e6c1edf10a41/elements - {"using":"xpath","value":"//button[@data-kt=\"provideButton\"]"}
RESULT: {"using":"xpath","value":"//button[@data-kt=\"provideButton\"]"}
COMMAND: POST /session/a995b82d0df1730148f5e6c1edf10a41/elements - {"using":"xpath","value":"//button[@data-kt=\"provideButton\"]"}
RESULT: {"using":"xpath","value":"//button[@data-kt=\"provideButton\"]"}
COMMAND: POST /session/a995b82d0df1730148f5e6c1edf10a41/elements - {"using":"xpath","value":"//button[@data-kt=\"provideButton\"]"}
RESULT: {"using":"xpath","value":"//button[@data-kt=\"provideButton\"]"}
COMMAND: POST /session/a995b82d0df1730148f5e6c1edf10a41/elements - {"using":"xpath","value":"//button[@data-kt=\"provideButton\"]"}
RESULT: {"using":"xpath","value":"//button[@data-kt=\"provideButton\"]"}
COMMAND: POST /session/a995b82d0df1730148f5e6c1edf10a41/elements - {"using":"xpath","value":"//button[@data-kt=\"provideButton\"]"}
RESULT: {"using":"xpath","value":"//button[@data-kt=\"provideButton\"]"}
COMMAND: POST /session/a995b82d0df1730148f5e6c1edf10a41/elements - {"using":"xpath","value":"//button[@data-kt=\"provideButton\"]"}
RESULT: {"using":"xpath","value":"//button[@data-kt=\"provideButton\"]"}
COMMAND: POST /session/a995b82d0df1730148f5e6c1edf10a41/elements - {"using":"xpath","value":"//button[@data-kt=\"provideButton\"]"}
RESULT: {"using":"xpath","value":"//button[@data-kt=\"provideButton\"]"}
COMMAND: POST /session/a995b82d0df1730148f5e6c1edf10a41/elements - {"using":"xpath","value":"//button[@data-kt=\"provideButton\"]"}
RESULT: {"using":"xpath","value":"//button[@data-kt=\"provideButton\"]"}
COMMAND: POST /session/a995b82d0df1730148f5e6c1edf10a41/elements - {"using":"xpath","value":"//button[@data-kt=\"provideButton\"]"}
RESULT: {"using":"xpath","value":"//button[@data-kt=\"provideButton\"]"}
COMMAND: POST /session/a995b82d0df1730148f5e6c1edf10a41/elements - {"using":"xpath","value":"//button[@data-kt=\"provideButton\"]"}
RESULT: {"using":"xpath","value":"//button[@data-kt=\"provideButton\"]"}
COMMAND: POST /session/a995b82d0df1730148f5e6c1edf10a41/elements - {"using":"xpath","value":"//button[@data-kt=\"provideButton\"]"}
RESULT: {"using":"xpath","value":"//button[@data-kt=\"provideButton\"]"}
COMMAND: POST /session/a995b82d0df1730148f5e6c1edf10a41/elements - {"using":"xpath","value":"//button[@data-kt=\"provideButton\"]"}
RESULT: {"using":"xpath","value":"//button[@data-kt=\"provideButton\"]"}
COMMAND: POST /session/a995b82d0df1730148f5e6c1edf10a41/elements - {"using":"xpath","value":"//button[@data-kt=\"provideButton\"]"}
RESULT: {"using":"xpath","value":"//button[@data-kt=\"provideButton\"]"}
COMMAND: POST /session/a995b82d0df1730148f5e6c1edf10a41/elements - {"using":"xpath","value":"//button[@data-kt=\"provideButton\"]"}
RESULT: {"using":"xpath","value":"//button[@data-kt=\"provideButton\"]"}
COMMAND: POST /session/a995b82d0df1730148f5e6c1edf10a41/elements - {"using":"xpath","value":"//button[@data-kt=\"provideButton\"]"}
RESULT: {"using":"xpath","value":"//button[@data-kt=\"provideButton\"]"}
COMMAND: POST /session/a995b82d0df1730148f5e6c1edf10a41/elements - {"using":"xpath","value":"//button[@data-kt=\"provideButton\"]"}
RESULT: {"using":"xpath","value":"//button[@data-kt=\"provideButton\"]"}
COMMAND: POST /session/a995b82d0df1730148f5e6c1edf10a41/elements - {"using":"xpath","value":"//button[@data-kt=\"provideButton\"]"}
RESULT: {"using":"xpath","value":"//button[@data-kt=\"provideButton\"]"}
COMMAND: POST /session/a995b82d0df1730148f5e6c1edf10a41/elements - {"using":"xpath","value":"//button[@data-kt=\"provideButton\"]"}
RESULT: {"using":"xpath","value":"//button[@data-kt=\"provideButton\"]"}
COMMAND: POST /session/a995b82d0df1730148f5e6c1edf10a41/elements - {"using":"xpath","value":"//button[@data-kt=\"provideButton\"]"}
RESULT: {"using":"xpath","value":"//button[@data-kt=\"provideButton\"]"}
COMMAND: POST /session/a995b82d0df1730148f5e6c1edf10a41/elements - {"using":"xpath","value":"//button[@data-kt=\"provideButton\"]"}
RESULT: {"using":"xpath","value":"//button[@data-kt=\"provideButton\"]"}
COMMAND: POST /session/a995b82d0df1730148f5e6c1edf10a41/elements - {"using":"xpath","value":"//button[@data-kt=\"provideButton\"]"}
RESULT: {"using":"xpath","value":"//button[@data-kt=\"provideButton\"]"}
COMMAND: POST /session/a995b82d0df1730148f5e6c1edf10a41/elements - {"using":"xpath","value":"//button[@data-kt=\"provideButton\"]"}
RESULT: {"using":"xpath","value":"//button[@data-kt=\"provideButton\"]"}
COMMAND: POST /session/a995b82d0df1730148f5e6c1edf10a41/elements - {"using":"xpath","value":"//button[@data-kt=\"provideButton\"]"}
RESULT: {"using":"xpath","value":"//button[@data-kt=\"provideButton\"]"}
COMMAND: POST /session/a995b82d0df1730148f5e6c1edf10a41/elements - {"using":"xpath","value":"//button[@data-kt=\"provideButton\"]"}
RESULT: {"using":"xpath","value":"//button[@data-kt=\"provideButton\"]"}
COMMAND: POST /session/a995b82d0df1730148f5e6c1edf10a41/elements - {"using":"xpath","value":"//button[@data-kt=\"provideButton\"]"}
RESULT: {"using":"xpath","value":"//button[@data-kt=\"provideButton\"]"}
COMMAND: POST /session/a995b82d0df1730148f5e6c1edf10a41/elements - {"using":"xpath","value":"//button[@data-kt=\"provideButton\"]"}
RESULT: {"using":"xpath","value":"//button[@data-kt=\"provideButton\"]"}
COMMAND: POST /session/a995b82d0df1730148f5e6c1edf10a41/elements - {"using":"xpath","value":"//button[@data-kt=\"provideButton\"]"}
RESULT: {"using":"xpath","value":"//button[@data-kt=\"provideButton\"]"}
COMMAND: POST /session/a995b82d0df1730148f5e6c1edf10a41/elements - {"using":"xpath","value":"//button[@data-kt=\"provideButton\"]"}
RESULT: {"using":"xpath","value":"//button[@data-kt=\"provideButton\"]"}
COMMAND: POST /session/a995b82d0df1730148f5e6c1edf10a41/elements - {"using":"xpath","value":"//button[@data-kt=\"provideButton\"]"}
RESULT: {"using":"xpath","value":"//button[@data-kt=\"provideButton\"]"}
COMMAND: POST /session/a995b82d0df1730148f5e6c1edf10a41/elements - {"using":"xpath","value":"//button[@data-kt=\"provideButton\"]"}
RESULT: {"using":"xpath","value":"//button[@data-kt=\"provideButton\"]"}
COMMAND: POST /session/a995b82d0df1730148f5e6c1edf10a41/elements - {"using":"xpath","value":"//button[@data-kt=\"provideButton\"]"}
RESULT: {"using":"xpath","value":"//button[@data-kt=\"provideButton\"]"}
COMMAND: POST /session/a995b82d0df1730148f5e6c1edf10a41/elements - {"using":"xpath","value":"//button[@data-kt=\"provideButton\"]"}
RESULT: {"using":"xpath","value":"//button[@data-kt=\"provideButton\"]"}
COMMAND: POST /session/a995b82d0df1730148f5e6c1edf10a41/elements - {"using":"xpath","value":"//button[@data-kt=\"provideButton\"]"}
RESULT: {"using":"xpath","value":"//button[@data-kt=\"provideButton\"]"}
COMMAND: POST /session/a995b82d0df1730148f5e6c1edf10a41/elements - {"using":"xpath","value":"//button[@data-kt=\"provideButton\"]"}
RESULT: {"using":"xpath","value":"//button[@data-kt=\"provideButton\"]"}
COMMAND: POST /session/a995b82d0df1730148f5e6c1edf10a41/elements - {"using":"xpath","value":"//button[@data-kt=\"provideButton\"]"}
RESULT: {"using":"xpath","value":"//button[@data-kt=\"provideButton\"]"}
COMMAND: POST /session/a995b82d0df1730148f5e6c1edf10a41/elements - {"using":"xpath","value":"//button[@data-kt=\"provideButton\"]"}
RESULT: {"using":"xpath","value":"//button[@data-kt=\"provideButton\"]"}
COMMAND: POST /session/a995b82d0df1730148f5e6c1edf10a41/elements - {"using":"xpath","value":"//button[@data-kt=\"provideButton\"]"}
RESULT: {"using":"xpath","value":"//button[@data-kt=\"provideButton\"]"}
COMMAND: POST /session/a995b82d0df1730148f5e6c1edf10a41/elements - {"using":"xpath","value":"//button[@data-kt=\"provideButton\"]"}
RESULT: {"using":"xpath","value":"//button[@data-kt=\"provideButton\"]"}
COMMAND: POST /session/a995b82d0df1730148f5e6c1edf10a41/elements - {"using":"xpath","value":"//button[@data-kt=\"provideButton\"]"}
RESULT: {"using":"xpath","value":"//button[@data-kt=\"provideButton\"]"}
COMMAND: POST /session/a995b82d0df1730148f5e6c1edf10a41/elements - {"using":"xpath","value":"//button[@data-kt=\"provideButton\"]"}
RESULT: {"using":"xpath","value":"//button[@data-kt=\"provideButton\"]"}
COMMAND: POST /session/a995b82d0df1730148f5e6c1edf10a41/elements - {"using":"xpath","value":"//button[@data-kt=\"provideButton\"]"}
RESULT: {"using":"xpath","value":"//button[@data-kt=\"provideButton\"]"}
COMMAND: POST /session/a995b82d0df1730148f5e6c1edf10a41/elements - {"using":"xpath","value":"//button[@data-kt=\"provideButton\"]"}
RESULT: {"using":"xpath","value":"//button[@data-kt=\"provideButton\"]"}
COMMAND: POST /session/a995b82d0df1730148f5e6c1edf10a41/elements - {"using":"xpath","value":"//button[@data-kt=\"provideButton\"]"}
RESULT: {"using":"xpath","value":"//button[@data-kt=\"provideButton\"]"}
COMMAND: POST /session/a995b82d0df1730148f5e6c1edf10a41/elements - {"using":"xpath","value":"//button[@data-kt=\"provideButton\"]"}
RESULT: {"using":"xpath","value":"//button[@data-kt=\"provideButton\"]"}
COMMAND: POST /session/a995b82d0df1730148f5e6c1edf10a41/elements - {"using":"xpath","value":"//button[@data-kt=\"provideButton\"]"}
RESULT: {"using":"xpath","value":"//button[@data-kt=\"provideButton\"]"}
COMMAND: POST /session/a995b82d0df1730148f5e6c1edf10a41/elements - {"using":"xpath","value":"//button[@data-kt=\"provideButton\"]"}
RESULT: {"using":"xpath","value":"//button[@data-kt=\"provideButton\"]"}
COMMAND: POST /session/a995b82d0df1730148f5e6c1edf10a41/elements - {"using":"xpath","value":"//button[@data-kt=\"provideButton\"]"}
RESULT: {"using":"xpath","value":"//button[@data-kt=\"provideButton\"]"}
COMMAND: POST /session/a995b82d0df1730148f5e6c1edf10a41/elements - {"using":"xpath","value":"//button[@data-kt=\"provideButton\"]"}
RESULT: {"using":"xpath","value":"//button[@data-kt=\"provideButton\"]"}
COMMAND: POST /session/a995b82d0df1730148f5e6c1edf10a41/elements - {"using":"xpath","value":"//button[@data-kt=\"provideButton\"]"}
RESULT: {"using":"xpath","value":"//button[@data-kt=\"provideButton\"]"}
COMMAND: POST /session/a995b82d0df1730148f5e6c1edf10a41/elements - {"using":"xpath","value":"//button[@data-kt=\"provideButton\"]"}
RESULT: {"using":"xpath","value":"//button[@data-kt=\"provideButton\"]"}
COMMAND: POST /session/a995b82d0df1730148f5e6c1edf10a41/elements - {"using":"xpath","value":"//button[@data-kt=\"provideButton\"]"}
RESULT: {"using":"xpath","value":"//button[@data-kt=\"provideButton\"]"}
COMMAND: POST /session/a995b82d0df1730148f5e6c1edf10a41/elements - {"using":"xpath","value":"//button[@data-kt=\"provideButton\"]"}
RESULT: {"using":"xpath","value":"//button[@data-kt=\"provideButton\"]"}
COMMAND: POST /session/a995b82d0df1730148f5e6c1edf10a41/elements - {"using":"xpath","value":"//button[@data-kt=\"provideButton\"]"}
RESULT: {"using":"xpath","value":"//button[@data-kt=\"provideButton\"]"}
COMMAND: POST /session/a995b82d0df1730148f5e6c1edf10a41/elements - {"using":"xpath","value":"//button[@data-kt=\"provideButton\"]"}
RESULT: {"using":"xpath","value":"//button[@data-kt=\"provideButton\"]"}
COMMAND: POST /session/a995b82d0df1730148f5e6c1edf10a41/elements - {"using":"xpath","value":"//button[@data-kt=\"provideButton\"]"}
RESULT: {"using":"xpath","value":"//button[@data-kt=\"provideButton\"]"}
COMMAND: POST /session/a995b82d0df1730148f5e6c1edf10a41/elements - {"using":"xpath","value":"//button[@data-kt=\"provideButton\"]"}
RESULT: {"using":"xpath","value":"//button[@data-kt=\"provideButton\"]"}
COMMAND: POST /session/a995b82d0df1730148f5e6c1edf10a41/elements - {"using":"xpath","value":"//button[@data-kt=\"provideButton\"]"}
RESULT: {"using":"xpath","value":"//button[@data-kt=\"provideButton\"]"}
COMMAND: POST /session/a995b82d0df1730148f5e6c1edf10a41/elements - {"using":"xpath","value":"//button[@data-kt=\"provideButton\"]"}
RESULT: {"using":"xpath","value":"//button[@data-kt=\"provideButton\"]"}
COMMAND: POST /session/a995b82d0df1730148f5e6c1edf10a41/elements - {"using":"xpath","value":"//button[@data-kt=\"provideButton\"]"}
RESULT: {"using":"xpath","value":"//button[@data-kt=\"provideButton\"]"}
COMMAND: POST /session/a995b82d0df1730148f5e6c1edf10a41/elements - {"using":"xpath","value":"//button[@data-kt=\"provideButton\"]"}
RESULT: {"using":"xpath","value":"//button[@data-kt=\"provideButton\"]"}
COMMAND: POST /session/a995b82d0df1730148f5e6c1edf10a41/elements - {"using":"xpath","value":"//button[@data-kt=\"provideButton\"]"}
RESULT: {"using":"xpath","value":"//button[@data-kt=\"provideButton\"]"}
COMMAND: POST /session/a995b82d0df1730148f5e6c1edf10a41/elements - {"using":"xpath","value":"//button[@data-kt=\"provideButton\"]"}
RESULT: {"using":"xpath","value":"//button[@data-kt=\"provideButton\"]"}
COMMAND: POST /session/a995b82d0df1730148f5e6c1edf10a41/elements - {"using":"xpath","value":"//button[@data-kt=\"provideButton\"]"}
RESULT: {"using":"xpath","value":"//button[@data-kt=\"provideButton\"]"}
COMMAND: POST /session/a995b82d0df1730148f5e6c1edf10a41/elements - {"using":"xpath","value":"//button[@data-kt=\"provideButton\"]"}
RESULT: {"using":"xpath","value":"//button[@data-kt=\"provideButton\"]"}
COMMAND: POST /session/a995b82d0df1730148f5e6c1edf10a41/elements - {"using":"xpath","value":"//button[@data-kt=\"provideButton\"]"}
RESULT: {"using":"xpath","value":"//button[@data-kt=\"provideButton\"]"}
COMMAND: POST /session/a995b82d0df1730148f5e6c1edf10a41/elements - {"using":"xpath","value":"//button[@data-kt=\"provideButton\"]"}
RESULT: {"using":"xpath","value":"//button[@data-kt=\"provideButton\"]"}
COMMAND: POST /session/a995b82d0df1730148f5e6c1edf10a41/elements - {"using":"xpath","value":"//button[@data-kt=\"provideButton\"]"}
RESULT: {"using":"xpath","value":"//button[@data-kt=\"provideButton\"]"}
COMMAND: GET /session/a995b82d0df1730148f5e6c1edf10a41/screenshot - {}
RESULT: {}
]]></system-out>
      <system-err><![CDATA[
Error: Can't call click on element with selector "//button[@data-kt="provideButton"]" because element wasn't found
    at async UtilsPrerequisites.provideToSiteHandoverFromContractDetails (D:\a\1\s\test\specs\BTS\prerequisites-and-utils-functions.js:1949:9)
    at async Context.<anonymous> (D:\a\1\s\test\specs\BTS\billing-transfer-intracompany.spec.js:69:9)
]]></system-err>
    </testcase>
    <testcase classname="chrome.136_0_7103_93.windows.Billing_Transfer_-_Intracompany_US127249" name="Should go navigate to Manage Billings and trigger contract calculation check result" time="80.569">
      <failure/>
      <error message="Can't call click on element with selector &quot;//td[@aria-colindex=&quot;1&quot;]/div/div[contains(@class, &quot;sapMCbBg&quot;)]&quot; because element wasn't found"/>
      <system-out><![CDATA[
COMMAND: GET /session/a995b82d0df1730148f5e6c1edf10a41/screenshot - {}
COMMAND: POST /session/a995b82d0df1730148f5e6c1edf10a41/execute/async - {"script":"<script> [1562 bytes]","args":[{"selector":{"controlType":"sap.m.GenericTile","properties":{"header":"Manage Billings"}},"wdio_ui5_key":"sapm.GenericTile{\"header\":\"Manage Billings\"}"}]}
RESULT: {}
RESULT: {"script":"<script> [1562 bytes]","args":[{"selector":{"controlType":"sap.m.GenericTile","properties":{"header":"Manage Billings"}},"wdio_ui5_key":"sapm.GenericTile{\"header\":\"Manage Billings\"}"}]}
RESULT: undefined
COMMAND: POST /session/a995b82d0df1730148f5e6c1edf10a41/elements - {"using":"xpath","value":"//span[text()='Error']"}
RESULT: {"using":"xpath","value":"//span[text()='Error']"}
COMMAND: POST /session/a995b82d0df1730148f5e6c1edf10a41/execute/async - {"script":"<script> [1562 bytes]","args":[{"selector":{"id":"application-managebillings-display-component---billRunCalcResult--smartFilterBar-btnBasicSearch","interaction":{"idSuffix":"I"}},"wdio_ui5_key":"applicationmanagebillings-display-component---billRunCalcResult--smartFilterBar-btnBasicSearch"}]}
RESULT: {"script":"<script> [1562 bytes]","args":[{"selector":{"id":"application-managebillings-display-component---billRunCalcResult--smartFilterBar-btnBasicSearch","interaction":{"idSuffix":"I"}},"wdio_ui5_key":"applicationmanagebillings-display-component---billRunCalcResult--smartFilterBar-btnBasicSearch"}]}
RESULT: undefined
COMMAND: POST /session/a995b82d0df1730148f5e6c1edf10a41/actions - {"actions":[{"id":"action34","type":"key","parameters":{},"actions":[{"type":"keyDown","value":""},{"type":"pause","duration":10},{"type":"keyUp","value":""}]}]}
RESULT: {"actions":[{"id":"action34","type":"key","parameters":{},"actions":[{"type":"keyDown","value":""},{"type":"pause","duration":10},{"type":"keyUp","value":""}]}]}
COMMAND: GET /session/a995b82d0df1730148f5e6c1edf10a41/screenshot - {}
RESULT: {}
COMMAND: POST /session/a995b82d0df1730148f5e6c1edf10a41/element - {"using":"xpath","value":"//td[@aria-colindex=\"1\"]/div/div[contains(@class, \"sapMCbBg\")]"}
RESULT: {"using":"xpath","value":"//td[@aria-colindex=\"1\"]/div/div[contains(@class, \"sapMCbBg\")]"}
COMMAND: POST /session/a995b82d0df1730148f5e6c1edf10a41/elements - {"using":"xpath","value":"//td[@aria-colindex=\"1\"]/div/div[contains(@class, \"sapMCbBg\")]"}
RESULT: {"using":"xpath","value":"//td[@aria-colindex=\"1\"]/div/div[contains(@class, \"sapMCbBg\")]"}
COMMAND: POST /session/a995b82d0df1730148f5e6c1edf10a41/elements - {"using":"xpath","value":"//td[@aria-colindex=\"1\"]/div/div[contains(@class, \"sapMCbBg\")]"}
RESULT: {"using":"xpath","value":"//td[@aria-colindex=\"1\"]/div/div[contains(@class, \"sapMCbBg\")]"}
COMMAND: POST /session/a995b82d0df1730148f5e6c1edf10a41/elements - {"using":"xpath","value":"//td[@aria-colindex=\"1\"]/div/div[contains(@class, \"sapMCbBg\")]"}
RESULT: {"using":"xpath","value":"//td[@aria-colindex=\"1\"]/div/div[contains(@class, \"sapMCbBg\")]"}
COMMAND: POST /session/a995b82d0df1730148f5e6c1edf10a41/elements - {"using":"xpath","value":"//td[@aria-colindex=\"1\"]/div/div[contains(@class, \"sapMCbBg\")]"}
RESULT: {"using":"xpath","value":"//td[@aria-colindex=\"1\"]/div/div[contains(@class, \"sapMCbBg\")]"}
COMMAND: POST /session/a995b82d0df1730148f5e6c1edf10a41/elements - {"using":"xpath","value":"//td[@aria-colindex=\"1\"]/div/div[contains(@class, \"sapMCbBg\")]"}
RESULT: {"using":"xpath","value":"//td[@aria-colindex=\"1\"]/div/div[contains(@class, \"sapMCbBg\")]"}
COMMAND: POST /session/a995b82d0df1730148f5e6c1edf10a41/elements - {"using":"xpath","value":"//td[@aria-colindex=\"1\"]/div/div[contains(@class, \"sapMCbBg\")]"}
RESULT: {"using":"xpath","value":"//td[@aria-colindex=\"1\"]/div/div[contains(@class, \"sapMCbBg\")]"}
COMMAND: POST /session/a995b82d0df1730148f5e6c1edf10a41/elements - {"using":"xpath","value":"//td[@aria-colindex=\"1\"]/div/div[contains(@class, \"sapMCbBg\")]"}
RESULT: {"using":"xpath","value":"//td[@aria-colindex=\"1\"]/div/div[contains(@class, \"sapMCbBg\")]"}
COMMAND: POST /session/a995b82d0df1730148f5e6c1edf10a41/elements - {"using":"xpath","value":"//td[@aria-colindex=\"1\"]/div/div[contains(@class, \"sapMCbBg\")]"}
RESULT: {"using":"xpath","value":"//td[@aria-colindex=\"1\"]/div/div[contains(@class, \"sapMCbBg\")]"}
COMMAND: POST /session/a995b82d0df1730148f5e6c1edf10a41/elements - {"using":"xpath","value":"//td[@aria-colindex=\"1\"]/div/div[contains(@class, \"sapMCbBg\")]"}
RESULT: {"using":"xpath","value":"//td[@aria-colindex=\"1\"]/div/div[contains(@class, \"sapMCbBg\")]"}
COMMAND: POST /session/a995b82d0df1730148f5e6c1edf10a41/elements - {"using":"xpath","value":"//td[@aria-colindex=\"1\"]/div/div[contains(@class, \"sapMCbBg\")]"}
RESULT: {"using":"xpath","value":"//td[@aria-colindex=\"1\"]/div/div[contains(@class, \"sapMCbBg\")]"}
COMMAND: POST /session/a995b82d0df1730148f5e6c1edf10a41/elements - {"using":"xpath","value":"//td[@aria-colindex=\"1\"]/div/div[contains(@class, \"sapMCbBg\")]"}
RESULT: {"using":"xpath","value":"//td[@aria-colindex=\"1\"]/div/div[contains(@class, \"sapMCbBg\")]"}
COMMAND: POST /session/a995b82d0df1730148f5e6c1edf10a41/elements - {"using":"xpath","value":"//td[@aria-colindex=\"1\"]/div/div[contains(@class, \"sapMCbBg\")]"}
RESULT: {"using":"xpath","value":"//td[@aria-colindex=\"1\"]/div/div[contains(@class, \"sapMCbBg\")]"}
COMMAND: POST /session/a995b82d0df1730148f5e6c1edf10a41/elements - {"using":"xpath","value":"//td[@aria-colindex=\"1\"]/div/div[contains(@class, \"sapMCbBg\")]"}
RESULT: {"using":"xpath","value":"//td[@aria-colindex=\"1\"]/div/div[contains(@class, \"sapMCbBg\")]"}
COMMAND: POST /session/a995b82d0df1730148f5e6c1edf10a41/elements - {"using":"xpath","value":"//td[@aria-colindex=\"1\"]/div/div[contains(@class, \"sapMCbBg\")]"}
RESULT: {"using":"xpath","value":"//td[@aria-colindex=\"1\"]/div/div[contains(@class, \"sapMCbBg\")]"}
COMMAND: POST /session/a995b82d0df1730148f5e6c1edf10a41/elements - {"using":"xpath","value":"//td[@aria-colindex=\"1\"]/div/div[contains(@class, \"sapMCbBg\")]"}
RESULT: {"using":"xpath","value":"//td[@aria-colindex=\"1\"]/div/div[contains(@class, \"sapMCbBg\")]"}
COMMAND: POST /session/a995b82d0df1730148f5e6c1edf10a41/elements - {"using":"xpath","value":"//td[@aria-colindex=\"1\"]/div/div[contains(@class, \"sapMCbBg\")]"}
RESULT: {"using":"xpath","value":"//td[@aria-colindex=\"1\"]/div/div[contains(@class, \"sapMCbBg\")]"}
COMMAND: POST /session/a995b82d0df1730148f5e6c1edf10a41/elements - {"using":"xpath","value":"//td[@aria-colindex=\"1\"]/div/div[contains(@class, \"sapMCbBg\")]"}
RESULT: {"using":"xpath","value":"//td[@aria-colindex=\"1\"]/div/div[contains(@class, \"sapMCbBg\")]"}
COMMAND: POST /session/a995b82d0df1730148f5e6c1edf10a41/elements - {"using":"xpath","value":"//td[@aria-colindex=\"1\"]/div/div[contains(@class, \"sapMCbBg\")]"}
RESULT: {"using":"xpath","value":"//td[@aria-colindex=\"1\"]/div/div[contains(@class, \"sapMCbBg\")]"}
COMMAND: POST /session/a995b82d0df1730148f5e6c1edf10a41/elements - {"using":"xpath","value":"//td[@aria-colindex=\"1\"]/div/div[contains(@class, \"sapMCbBg\")]"}
RESULT: {"using":"xpath","value":"//td[@aria-colindex=\"1\"]/div/div[contains(@class, \"sapMCbBg\")]"}
COMMAND: POST /session/a995b82d0df1730148f5e6c1edf10a41/elements - {"using":"xpath","value":"//td[@aria-colindex=\"1\"]/div/div[contains(@class, \"sapMCbBg\")]"}
RESULT: {"using":"xpath","value":"//td[@aria-colindex=\"1\"]/div/div[contains(@class, \"sapMCbBg\")]"}
COMMAND: POST /session/a995b82d0df1730148f5e6c1edf10a41/elements - {"using":"xpath","value":"//td[@aria-colindex=\"1\"]/div/div[contains(@class, \"sapMCbBg\")]"}
RESULT: {"using":"xpath","value":"//td[@aria-colindex=\"1\"]/div/div[contains(@class, \"sapMCbBg\")]"}
COMMAND: POST /session/a995b82d0df1730148f5e6c1edf10a41/elements - {"using":"xpath","value":"//td[@aria-colindex=\"1\"]/div/div[contains(@class, \"sapMCbBg\")]"}
RESULT: {"using":"xpath","value":"//td[@aria-colindex=\"1\"]/div/div[contains(@class, \"sapMCbBg\")]"}
COMMAND: POST /session/a995b82d0df1730148f5e6c1edf10a41/elements - {"using":"xpath","value":"//td[@aria-colindex=\"1\"]/div/div[contains(@class, \"sapMCbBg\")]"}
RESULT: {"using":"xpath","value":"//td[@aria-colindex=\"1\"]/div/div[contains(@class, \"sapMCbBg\")]"}
COMMAND: POST /session/a995b82d0df1730148f5e6c1edf10a41/elements - {"using":"xpath","value":"//td[@aria-colindex=\"1\"]/div/div[contains(@class, \"sapMCbBg\")]"}
RESULT: {"using":"xpath","value":"//td[@aria-colindex=\"1\"]/div/div[contains(@class, \"sapMCbBg\")]"}
COMMAND: POST /session/a995b82d0df1730148f5e6c1edf10a41/elements - {"using":"xpath","value":"//td[@aria-colindex=\"1\"]/div/div[contains(@class, \"sapMCbBg\")]"}
RESULT: {"using":"xpath","value":"//td[@aria-colindex=\"1\"]/div/div[contains(@class, \"sapMCbBg\")]"}
COMMAND: POST /session/a995b82d0df1730148f5e6c1edf10a41/elements - {"using":"xpath","value":"//td[@aria-colindex=\"1\"]/div/div[contains(@class, \"sapMCbBg\")]"}
RESULT: {"using":"xpath","value":"//td[@aria-colindex=\"1\"]/div/div[contains(@class, \"sapMCbBg\")]"}
COMMAND: POST /session/a995b82d0df1730148f5e6c1edf10a41/elements - {"using":"xpath","value":"//td[@aria-colindex=\"1\"]/div/div[contains(@class, \"sapMCbBg\")]"}
RESULT: {"using":"xpath","value":"//td[@aria-colindex=\"1\"]/div/div[contains(@class, \"sapMCbBg\")]"}
COMMAND: POST /session/a995b82d0df1730148f5e6c1edf10a41/elements - {"using":"xpath","value":"//td[@aria-colindex=\"1\"]/div/div[contains(@class, \"sapMCbBg\")]"}
RESULT: {"using":"xpath","value":"//td[@aria-colindex=\"1\"]/div/div[contains(@class, \"sapMCbBg\")]"}
COMMAND: POST /session/a995b82d0df1730148f5e6c1edf10a41/elements - {"using":"xpath","value":"//td[@aria-colindex=\"1\"]/div/div[contains(@class, \"sapMCbBg\")]"}
RESULT: {"using":"xpath","value":"//td[@aria-colindex=\"1\"]/div/div[contains(@class, \"sapMCbBg\")]"}
COMMAND: POST /session/a995b82d0df1730148f5e6c1edf10a41/elements - {"using":"xpath","value":"//td[@aria-colindex=\"1\"]/div/div[contains(@class, \"sapMCbBg\")]"}
RESULT: {"using":"xpath","value":"//td[@aria-colindex=\"1\"]/div/div[contains(@class, \"sapMCbBg\")]"}
COMMAND: POST /session/a995b82d0df1730148f5e6c1edf10a41/elements - {"using":"xpath","value":"//td[@aria-colindex=\"1\"]/div/div[contains(@class, \"sapMCbBg\")]"}
RESULT: {"using":"xpath","value":"//td[@aria-colindex=\"1\"]/div/div[contains(@class, \"sapMCbBg\")]"}
COMMAND: POST /session/a995b82d0df1730148f5e6c1edf10a41/elements - {"using":"xpath","value":"//td[@aria-colindex=\"1\"]/div/div[contains(@class, \"sapMCbBg\")]"}
RESULT: {"using":"xpath","value":"//td[@aria-colindex=\"1\"]/div/div[contains(@class, \"sapMCbBg\")]"}
COMMAND: POST /session/a995b82d0df1730148f5e6c1edf10a41/elements - {"using":"xpath","value":"//td[@aria-colindex=\"1\"]/div/div[contains(@class, \"sapMCbBg\")]"}
RESULT: {"using":"xpath","value":"//td[@aria-colindex=\"1\"]/div/div[contains(@class, \"sapMCbBg\")]"}
COMMAND: POST /session/a995b82d0df1730148f5e6c1edf10a41/elements - {"using":"xpath","value":"//td[@aria-colindex=\"1\"]/div/div[contains(@class, \"sapMCbBg\")]"}
RESULT: {"using":"xpath","value":"//td[@aria-colindex=\"1\"]/div/div[contains(@class, \"sapMCbBg\")]"}
COMMAND: POST /session/a995b82d0df1730148f5e6c1edf10a41/elements - {"using":"xpath","value":"//td[@aria-colindex=\"1\"]/div/div[contains(@class, \"sapMCbBg\")]"}
RESULT: {"using":"xpath","value":"//td[@aria-colindex=\"1\"]/div/div[contains(@class, \"sapMCbBg\")]"}
COMMAND: POST /session/a995b82d0df1730148f5e6c1edf10a41/elements - {"using":"xpath","value":"//td[@aria-colindex=\"1\"]/div/div[contains(@class, \"sapMCbBg\")]"}
RESULT: {"using":"xpath","value":"//td[@aria-colindex=\"1\"]/div/div[contains(@class, \"sapMCbBg\")]"}
COMMAND: POST /session/a995b82d0df1730148f5e6c1edf10a41/elements - {"using":"xpath","value":"//td[@aria-colindex=\"1\"]/div/div[contains(@class, \"sapMCbBg\")]"}
RESULT: {"using":"xpath","value":"//td[@aria-colindex=\"1\"]/div/div[contains(@class, \"sapMCbBg\")]"}
COMMAND: POST /session/a995b82d0df1730148f5e6c1edf10a41/elements - {"using":"xpath","value":"//td[@aria-colindex=\"1\"]/div/div[contains(@class, \"sapMCbBg\")]"}
RESULT: {"using":"xpath","value":"//td[@aria-colindex=\"1\"]/div/div[contains(@class, \"sapMCbBg\")]"}
COMMAND: POST /session/a995b82d0df1730148f5e6c1edf10a41/elements - {"using":"xpath","value":"//td[@aria-colindex=\"1\"]/div/div[contains(@class, \"sapMCbBg\")]"}
RESULT: {"using":"xpath","value":"//td[@aria-colindex=\"1\"]/div/div[contains(@class, \"sapMCbBg\")]"}
COMMAND: POST /session/a995b82d0df1730148f5e6c1edf10a41/elements - {"using":"xpath","value":"//td[@aria-colindex=\"1\"]/div/div[contains(@class, \"sapMCbBg\")]"}
RESULT: {"using":"xpath","value":"//td[@aria-colindex=\"1\"]/div/div[contains(@class, \"sapMCbBg\")]"}
COMMAND: POST /session/a995b82d0df1730148f5e6c1edf10a41/elements - {"using":"xpath","value":"//td[@aria-colindex=\"1\"]/div/div[contains(@class, \"sapMCbBg\")]"}
RESULT: {"using":"xpath","value":"//td[@aria-colindex=\"1\"]/div/div[contains(@class, \"sapMCbBg\")]"}
COMMAND: POST /session/a995b82d0df1730148f5e6c1edf10a41/elements - {"using":"xpath","value":"//td[@aria-colindex=\"1\"]/div/div[contains(@class, \"sapMCbBg\")]"}
RESULT: {"using":"xpath","value":"//td[@aria-colindex=\"1\"]/div/div[contains(@class, \"sapMCbBg\")]"}
COMMAND: POST /session/a995b82d0df1730148f5e6c1edf10a41/elements - {"using":"xpath","value":"//td[@aria-colindex=\"1\"]/div/div[contains(@class, \"sapMCbBg\")]"}
RESULT: {"using":"xpath","value":"//td[@aria-colindex=\"1\"]/div/div[contains(@class, \"sapMCbBg\")]"}
COMMAND: POST /session/a995b82d0df1730148f5e6c1edf10a41/elements - {"using":"xpath","value":"//td[@aria-colindex=\"1\"]/div/div[contains(@class, \"sapMCbBg\")]"}
RESULT: {"using":"xpath","value":"//td[@aria-colindex=\"1\"]/div/div[contains(@class, \"sapMCbBg\")]"}
COMMAND: POST /session/a995b82d0df1730148f5e6c1edf10a41/elements - {"using":"xpath","value":"//td[@aria-colindex=\"1\"]/div/div[contains(@class, \"sapMCbBg\")]"}
RESULT: {"using":"xpath","value":"//td[@aria-colindex=\"1\"]/div/div[contains(@class, \"sapMCbBg\")]"}
COMMAND: POST /session/a995b82d0df1730148f5e6c1edf10a41/elements - {"using":"xpath","value":"//td[@aria-colindex=\"1\"]/div/div[contains(@class, \"sapMCbBg\")]"}
RESULT: {"using":"xpath","value":"//td[@aria-colindex=\"1\"]/div/div[contains(@class, \"sapMCbBg\")]"}
COMMAND: POST /session/a995b82d0df1730148f5e6c1edf10a41/elements - {"using":"xpath","value":"//td[@aria-colindex=\"1\"]/div/div[contains(@class, \"sapMCbBg\")]"}
RESULT: {"using":"xpath","value":"//td[@aria-colindex=\"1\"]/div/div[contains(@class, \"sapMCbBg\")]"}
COMMAND: POST /session/a995b82d0df1730148f5e6c1edf10a41/elements - {"using":"xpath","value":"//td[@aria-colindex=\"1\"]/div/div[contains(@class, \"sapMCbBg\")]"}
RESULT: {"using":"xpath","value":"//td[@aria-colindex=\"1\"]/div/div[contains(@class, \"sapMCbBg\")]"}
COMMAND: POST /session/a995b82d0df1730148f5e6c1edf10a41/elements - {"using":"xpath","value":"//td[@aria-colindex=\"1\"]/div/div[contains(@class, \"sapMCbBg\")]"}
RESULT: {"using":"xpath","value":"//td[@aria-colindex=\"1\"]/div/div[contains(@class, \"sapMCbBg\")]"}
COMMAND: POST /session/a995b82d0df1730148f5e6c1edf10a41/elements - {"using":"xpath","value":"//td[@aria-colindex=\"1\"]/div/div[contains(@class, \"sapMCbBg\")]"}
RESULT: {"using":"xpath","value":"//td[@aria-colindex=\"1\"]/div/div[contains(@class, \"sapMCbBg\")]"}
COMMAND: POST /session/a995b82d0df1730148f5e6c1edf10a41/elements - {"using":"xpath","value":"//td[@aria-colindex=\"1\"]/div/div[contains(@class, \"sapMCbBg\")]"}
RESULT: {"using":"xpath","value":"//td[@aria-colindex=\"1\"]/div/div[contains(@class, \"sapMCbBg\")]"}
COMMAND: POST /session/a995b82d0df1730148f5e6c1edf10a41/elements - {"using":"xpath","value":"//td[@aria-colindex=\"1\"]/div/div[contains(@class, \"sapMCbBg\")]"}
RESULT: {"using":"xpath","value":"//td[@aria-colindex=\"1\"]/div/div[contains(@class, \"sapMCbBg\")]"}
COMMAND: POST /session/a995b82d0df1730148f5e6c1edf10a41/elements - {"using":"xpath","value":"//td[@aria-colindex=\"1\"]/div/div[contains(@class, \"sapMCbBg\")]"}
RESULT: {"using":"xpath","value":"//td[@aria-colindex=\"1\"]/div/div[contains(@class, \"sapMCbBg\")]"}
COMMAND: POST /session/a995b82d0df1730148f5e6c1edf10a41/elements - {"using":"xpath","value":"//td[@aria-colindex=\"1\"]/div/div[contains(@class, \"sapMCbBg\")]"}
RESULT: {"using":"xpath","value":"//td[@aria-colindex=\"1\"]/div/div[contains(@class, \"sapMCbBg\")]"}
COMMAND: POST /session/a995b82d0df1730148f5e6c1edf10a41/elements - {"using":"xpath","value":"//td[@aria-colindex=\"1\"]/div/div[contains(@class, \"sapMCbBg\")]"}
RESULT: {"using":"xpath","value":"//td[@aria-colindex=\"1\"]/div/div[contains(@class, \"sapMCbBg\")]"}
COMMAND: POST /session/a995b82d0df1730148f5e6c1edf10a41/elements - {"using":"xpath","value":"//td[@aria-colindex=\"1\"]/div/div[contains(@class, \"sapMCbBg\")]"}
RESULT: {"using":"xpath","value":"//td[@aria-colindex=\"1\"]/div/div[contains(@class, \"sapMCbBg\")]"}
COMMAND: POST /session/a995b82d0df1730148f5e6c1edf10a41/elements - {"using":"xpath","value":"//td[@aria-colindex=\"1\"]/div/div[contains(@class, \"sapMCbBg\")]"}
RESULT: {"using":"xpath","value":"//td[@aria-colindex=\"1\"]/div/div[contains(@class, \"sapMCbBg\")]"}
COMMAND: POST /session/a995b82d0df1730148f5e6c1edf10a41/elements - {"using":"xpath","value":"//td[@aria-colindex=\"1\"]/div/div[contains(@class, \"sapMCbBg\")]"}
RESULT: {"using":"xpath","value":"//td[@aria-colindex=\"1\"]/div/div[contains(@class, \"sapMCbBg\")]"}
COMMAND: POST /session/a995b82d0df1730148f5e6c1edf10a41/elements - {"using":"xpath","value":"//td[@aria-colindex=\"1\"]/div/div[contains(@class, \"sapMCbBg\")]"}
RESULT: {"using":"xpath","value":"//td[@aria-colindex=\"1\"]/div/div[contains(@class, \"sapMCbBg\")]"}
COMMAND: POST /session/a995b82d0df1730148f5e6c1edf10a41/elements - {"using":"xpath","value":"//td[@aria-colindex=\"1\"]/div/div[contains(@class, \"sapMCbBg\")]"}
RESULT: {"using":"xpath","value":"//td[@aria-colindex=\"1\"]/div/div[contains(@class, \"sapMCbBg\")]"}
COMMAND: POST /session/a995b82d0df1730148f5e6c1edf10a41/elements - {"using":"xpath","value":"//td[@aria-colindex=\"1\"]/div/div[contains(@class, \"sapMCbBg\")]"}
RESULT: {"using":"xpath","value":"//td[@aria-colindex=\"1\"]/div/div[contains(@class, \"sapMCbBg\")]"}
COMMAND: POST /session/a995b82d0df1730148f5e6c1edf10a41/elements - {"using":"xpath","value":"//td[@aria-colindex=\"1\"]/div/div[contains(@class, \"sapMCbBg\")]"}
RESULT: {"using":"xpath","value":"//td[@aria-colindex=\"1\"]/div/div[contains(@class, \"sapMCbBg\")]"}
COMMAND: POST /session/a995b82d0df1730148f5e6c1edf10a41/elements - {"using":"xpath","value":"//td[@aria-colindex=\"1\"]/div/div[contains(@class, \"sapMCbBg\")]"}
RESULT: {"using":"xpath","value":"//td[@aria-colindex=\"1\"]/div/div[contains(@class, \"sapMCbBg\")]"}
COMMAND: POST /session/a995b82d0df1730148f5e6c1edf10a41/elements - {"using":"xpath","value":"//td[@aria-colindex=\"1\"]/div/div[contains(@class, \"sapMCbBg\")]"}
RESULT: {"using":"xpath","value":"//td[@aria-colindex=\"1\"]/div/div[contains(@class, \"sapMCbBg\")]"}
COMMAND: POST /session/a995b82d0df1730148f5e6c1edf10a41/elements - {"using":"xpath","value":"//td[@aria-colindex=\"1\"]/div/div[contains(@class, \"sapMCbBg\")]"}
RESULT: {"using":"xpath","value":"//td[@aria-colindex=\"1\"]/div/div[contains(@class, \"sapMCbBg\")]"}
COMMAND: POST /session/a995b82d0df1730148f5e6c1edf10a41/elements - {"using":"xpath","value":"//td[@aria-colindex=\"1\"]/div/div[contains(@class, \"sapMCbBg\")]"}
RESULT: {"using":"xpath","value":"//td[@aria-colindex=\"1\"]/div/div[contains(@class, \"sapMCbBg\")]"}
COMMAND: POST /session/a995b82d0df1730148f5e6c1edf10a41/elements - {"using":"xpath","value":"//td[@aria-colindex=\"1\"]/div/div[contains(@class, \"sapMCbBg\")]"}
RESULT: {"using":"xpath","value":"//td[@aria-colindex=\"1\"]/div/div[contains(@class, \"sapMCbBg\")]"}
COMMAND: POST /session/a995b82d0df1730148f5e6c1edf10a41/elements - {"using":"xpath","value":"//td[@aria-colindex=\"1\"]/div/div[contains(@class, \"sapMCbBg\")]"}
RESULT: {"using":"xpath","value":"//td[@aria-colindex=\"1\"]/div/div[contains(@class, \"sapMCbBg\")]"}
COMMAND: POST /session/a995b82d0df1730148f5e6c1edf10a41/elements - {"using":"xpath","value":"//td[@aria-colindex=\"1\"]/div/div[contains(@class, \"sapMCbBg\")]"}
RESULT: {"using":"xpath","value":"//td[@aria-colindex=\"1\"]/div/div[contains(@class, \"sapMCbBg\")]"}
COMMAND: POST /session/a995b82d0df1730148f5e6c1edf10a41/elements - {"using":"xpath","value":"//td[@aria-colindex=\"1\"]/div/div[contains(@class, \"sapMCbBg\")]"}
RESULT: {"using":"xpath","value":"//td[@aria-colindex=\"1\"]/div/div[contains(@class, \"sapMCbBg\")]"}
COMMAND: POST /session/a995b82d0df1730148f5e6c1edf10a41/elements - {"using":"xpath","value":"//td[@aria-colindex=\"1\"]/div/div[contains(@class, \"sapMCbBg\")]"}
RESULT: {"using":"xpath","value":"//td[@aria-colindex=\"1\"]/div/div[contains(@class, \"sapMCbBg\")]"}
COMMAND: POST /session/a995b82d0df1730148f5e6c1edf10a41/elements - {"using":"xpath","value":"//td[@aria-colindex=\"1\"]/div/div[contains(@class, \"sapMCbBg\")]"}
RESULT: {"using":"xpath","value":"//td[@aria-colindex=\"1\"]/div/div[contains(@class, \"sapMCbBg\")]"}
COMMAND: POST /session/a995b82d0df1730148f5e6c1edf10a41/elements - {"using":"xpath","value":"//td[@aria-colindex=\"1\"]/div/div[contains(@class, \"sapMCbBg\")]"}
RESULT: {"using":"xpath","value":"//td[@aria-colindex=\"1\"]/div/div[contains(@class, \"sapMCbBg\")]"}
COMMAND: POST /session/a995b82d0df1730148f5e6c1edf10a41/elements - {"using":"xpath","value":"//td[@aria-colindex=\"1\"]/div/div[contains(@class, \"sapMCbBg\")]"}
RESULT: {"using":"xpath","value":"//td[@aria-colindex=\"1\"]/div/div[contains(@class, \"sapMCbBg\")]"}
COMMAND: POST /session/a995b82d0df1730148f5e6c1edf10a41/elements - {"using":"xpath","value":"//td[@aria-colindex=\"1\"]/div/div[contains(@class, \"sapMCbBg\")]"}
RESULT: {"using":"xpath","value":"//td[@aria-colindex=\"1\"]/div/div[contains(@class, \"sapMCbBg\")]"}
COMMAND: POST /session/a995b82d0df1730148f5e6c1edf10a41/elements - {"using":"xpath","value":"//td[@aria-colindex=\"1\"]/div/div[contains(@class, \"sapMCbBg\")]"}
RESULT: {"using":"xpath","value":"//td[@aria-colindex=\"1\"]/div/div[contains(@class, \"sapMCbBg\")]"}
COMMAND: POST /session/a995b82d0df1730148f5e6c1edf10a41/elements - {"using":"xpath","value":"//td[@aria-colindex=\"1\"]/div/div[contains(@class, \"sapMCbBg\")]"}
RESULT: {"using":"xpath","value":"//td[@aria-colindex=\"1\"]/div/div[contains(@class, \"sapMCbBg\")]"}
COMMAND: POST /session/a995b82d0df1730148f5e6c1edf10a41/elements - {"using":"xpath","value":"//td[@aria-colindex=\"1\"]/div/div[contains(@class, \"sapMCbBg\")]"}
RESULT: {"using":"xpath","value":"//td[@aria-colindex=\"1\"]/div/div[contains(@class, \"sapMCbBg\")]"}
COMMAND: POST /session/a995b82d0df1730148f5e6c1edf10a41/elements - {"using":"xpath","value":"//td[@aria-colindex=\"1\"]/div/div[contains(@class, \"sapMCbBg\")]"}
RESULT: {"using":"xpath","value":"//td[@aria-colindex=\"1\"]/div/div[contains(@class, \"sapMCbBg\")]"}
COMMAND: POST /session/a995b82d0df1730148f5e6c1edf10a41/elements - {"using":"xpath","value":"//td[@aria-colindex=\"1\"]/div/div[contains(@class, \"sapMCbBg\")]"}
RESULT: {"using":"xpath","value":"//td[@aria-colindex=\"1\"]/div/div[contains(@class, \"sapMCbBg\")]"}
COMMAND: POST /session/a995b82d0df1730148f5e6c1edf10a41/elements - {"using":"xpath","value":"//td[@aria-colindex=\"1\"]/div/div[contains(@class, \"sapMCbBg\")]"}
RESULT: {"using":"xpath","value":"//td[@aria-colindex=\"1\"]/div/div[contains(@class, \"sapMCbBg\")]"}
COMMAND: POST /session/a995b82d0df1730148f5e6c1edf10a41/elements - {"using":"xpath","value":"//td[@aria-colindex=\"1\"]/div/div[contains(@class, \"sapMCbBg\")]"}
RESULT: {"using":"xpath","value":"//td[@aria-colindex=\"1\"]/div/div[contains(@class, \"sapMCbBg\")]"}
COMMAND: POST /session/a995b82d0df1730148f5e6c1edf10a41/elements - {"using":"xpath","value":"//td[@aria-colindex=\"1\"]/div/div[contains(@class, \"sapMCbBg\")]"}
RESULT: {"using":"xpath","value":"//td[@aria-colindex=\"1\"]/div/div[contains(@class, \"sapMCbBg\")]"}
COMMAND: POST /session/a995b82d0df1730148f5e6c1edf10a41/elements - {"using":"xpath","value":"//td[@aria-colindex=\"1\"]/div/div[contains(@class, \"sapMCbBg\")]"}
RESULT: {"using":"xpath","value":"//td[@aria-colindex=\"1\"]/div/div[contains(@class, \"sapMCbBg\")]"}
COMMAND: POST /session/a995b82d0df1730148f5e6c1edf10a41/elements - {"using":"xpath","value":"//td[@aria-colindex=\"1\"]/div/div[contains(@class, \"sapMCbBg\")]"}
RESULT: {"using":"xpath","value":"//td[@aria-colindex=\"1\"]/div/div[contains(@class, \"sapMCbBg\")]"}
COMMAND: POST /session/a995b82d0df1730148f5e6c1edf10a41/elements - {"using":"xpath","value":"//td[@aria-colindex=\"1\"]/div/div[contains(@class, \"sapMCbBg\")]"}
RESULT: {"using":"xpath","value":"//td[@aria-colindex=\"1\"]/div/div[contains(@class, \"sapMCbBg\")]"}
COMMAND: POST /session/a995b82d0df1730148f5e6c1edf10a41/elements - {"using":"xpath","value":"//td[@aria-colindex=\"1\"]/div/div[contains(@class, \"sapMCbBg\")]"}
RESULT: {"using":"xpath","value":"//td[@aria-colindex=\"1\"]/div/div[contains(@class, \"sapMCbBg\")]"}
COMMAND: POST /session/a995b82d0df1730148f5e6c1edf10a41/elements - {"using":"xpath","value":"//td[@aria-colindex=\"1\"]/div/div[contains(@class, \"sapMCbBg\")]"}
RESULT: {"using":"xpath","value":"//td[@aria-colindex=\"1\"]/div/div[contains(@class, \"sapMCbBg\")]"}
COMMAND: POST /session/a995b82d0df1730148f5e6c1edf10a41/elements - {"using":"xpath","value":"//td[@aria-colindex=\"1\"]/div/div[contains(@class, \"sapMCbBg\")]"}
RESULT: {"using":"xpath","value":"//td[@aria-colindex=\"1\"]/div/div[contains(@class, \"sapMCbBg\")]"}
COMMAND: POST /session/a995b82d0df1730148f5e6c1edf10a41/elements - {"using":"xpath","value":"//td[@aria-colindex=\"1\"]/div/div[contains(@class, \"sapMCbBg\")]"}
RESULT: {"using":"xpath","value":"//td[@aria-colindex=\"1\"]/div/div[contains(@class, \"sapMCbBg\")]"}
COMMAND: POST /session/a995b82d0df1730148f5e6c1edf10a41/elements - {"using":"xpath","value":"//td[@aria-colindex=\"1\"]/div/div[contains(@class, \"sapMCbBg\")]"}
RESULT: {"using":"xpath","value":"//td[@aria-colindex=\"1\"]/div/div[contains(@class, \"sapMCbBg\")]"}
COMMAND: POST /session/a995b82d0df1730148f5e6c1edf10a41/elements - {"using":"xpath","value":"//td[@aria-colindex=\"1\"]/div/div[contains(@class, \"sapMCbBg\")]"}
RESULT: {"using":"xpath","value":"//td[@aria-colindex=\"1\"]/div/div[contains(@class, \"sapMCbBg\")]"}
COMMAND: POST /session/a995b82d0df1730148f5e6c1edf10a41/elements - {"using":"xpath","value":"//td[@aria-colindex=\"1\"]/div/div[contains(@class, \"sapMCbBg\")]"}
RESULT: {"using":"xpath","value":"//td[@aria-colindex=\"1\"]/div/div[contains(@class, \"sapMCbBg\")]"}
COMMAND: POST /session/a995b82d0df1730148f5e6c1edf10a41/elements - {"using":"xpath","value":"//td[@aria-colindex=\"1\"]/div/div[contains(@class, \"sapMCbBg\")]"}
RESULT: {"using":"xpath","value":"//td[@aria-colindex=\"1\"]/div/div[contains(@class, \"sapMCbBg\")]"}
COMMAND: POST /session/a995b82d0df1730148f5e6c1edf10a41/elements - {"using":"xpath","value":"//td[@aria-colindex=\"1\"]/div/div[contains(@class, \"sapMCbBg\")]"}
RESULT: {"using":"xpath","value":"//td[@aria-colindex=\"1\"]/div/div[contains(@class, \"sapMCbBg\")]"}
COMMAND: POST /session/a995b82d0df1730148f5e6c1edf10a41/elements - {"using":"xpath","value":"//td[@aria-colindex=\"1\"]/div/div[contains(@class, \"sapMCbBg\")]"}
RESULT: {"using":"xpath","value":"//td[@aria-colindex=\"1\"]/div/div[contains(@class, \"sapMCbBg\")]"}
COMMAND: POST /session/a995b82d0df1730148f5e6c1edf10a41/elements - {"using":"xpath","value":"//td[@aria-colindex=\"1\"]/div/div[contains(@class, \"sapMCbBg\")]"}
RESULT: {"using":"xpath","value":"//td[@aria-colindex=\"1\"]/div/div[contains(@class, \"sapMCbBg\")]"}
COMMAND: POST /session/a995b82d0df1730148f5e6c1edf10a41/elements - {"using":"xpath","value":"//td[@aria-colindex=\"1\"]/div/div[contains(@class, \"sapMCbBg\")]"}
RESULT: {"using":"xpath","value":"//td[@aria-colindex=\"1\"]/div/div[contains(@class, \"sapMCbBg\")]"}
COMMAND: POST /session/a995b82d0df1730148f5e6c1edf10a41/elements - {"using":"xpath","value":"//td[@aria-colindex=\"1\"]/div/div[contains(@class, \"sapMCbBg\")]"}
RESULT: {"using":"xpath","value":"//td[@aria-colindex=\"1\"]/div/div[contains(@class, \"sapMCbBg\")]"}
COMMAND: POST /session/a995b82d0df1730148f5e6c1edf10a41/elements - {"using":"xpath","value":"//td[@aria-colindex=\"1\"]/div/div[contains(@class, \"sapMCbBg\")]"}
RESULT: {"using":"xpath","value":"//td[@aria-colindex=\"1\"]/div/div[contains(@class, \"sapMCbBg\")]"}
COMMAND: POST /session/a995b82d0df1730148f5e6c1edf10a41/elements - {"using":"xpath","value":"//td[@aria-colindex=\"1\"]/div/div[contains(@class, \"sapMCbBg\")]"}
RESULT: {"using":"xpath","value":"//td[@aria-colindex=\"1\"]/div/div[contains(@class, \"sapMCbBg\")]"}
COMMAND: POST /session/a995b82d0df1730148f5e6c1edf10a41/elements - {"using":"xpath","value":"//td[@aria-colindex=\"1\"]/div/div[contains(@class, \"sapMCbBg\")]"}
RESULT: {"using":"xpath","value":"//td[@aria-colindex=\"1\"]/div/div[contains(@class, \"sapMCbBg\")]"}
COMMAND: POST /session/a995b82d0df1730148f5e6c1edf10a41/elements - {"using":"xpath","value":"//td[@aria-colindex=\"1\"]/div/div[contains(@class, \"sapMCbBg\")]"}
RESULT: {"using":"xpath","value":"//td[@aria-colindex=\"1\"]/div/div[contains(@class, \"sapMCbBg\")]"}
COMMAND: POST /session/a995b82d0df1730148f5e6c1edf10a41/elements - {"using":"xpath","value":"//td[@aria-colindex=\"1\"]/div/div[contains(@class, \"sapMCbBg\")]"}
RESULT: {"using":"xpath","value":"//td[@aria-colindex=\"1\"]/div/div[contains(@class, \"sapMCbBg\")]"}
COMMAND: POST /session/a995b82d0df1730148f5e6c1edf10a41/elements - {"using":"xpath","value":"//td[@aria-colindex=\"1\"]/div/div[contains(@class, \"sapMCbBg\")]"}
RESULT: {"using":"xpath","value":"//td[@aria-colindex=\"1\"]/div/div[contains(@class, \"sapMCbBg\")]"}
COMMAND: POST /session/a995b82d0df1730148f5e6c1edf10a41/elements - {"using":"xpath","value":"//td[@aria-colindex=\"1\"]/div/div[contains(@class, \"sapMCbBg\")]"}
RESULT: {"using":"xpath","value":"//td[@aria-colindex=\"1\"]/div/div[contains(@class, \"sapMCbBg\")]"}
COMMAND: POST /session/a995b82d0df1730148f5e6c1edf10a41/elements - {"using":"xpath","value":"//td[@aria-colindex=\"1\"]/div/div[contains(@class, \"sapMCbBg\")]"}
RESULT: {"using":"xpath","value":"//td[@aria-colindex=\"1\"]/div/div[contains(@class, \"sapMCbBg\")]"}
COMMAND: POST /session/a995b82d0df1730148f5e6c1edf10a41/elements - {"using":"xpath","value":"//td[@aria-colindex=\"1\"]/div/div[contains(@class, \"sapMCbBg\")]"}
RESULT: {"using":"xpath","value":"//td[@aria-colindex=\"1\"]/div/div[contains(@class, \"sapMCbBg\")]"}
COMMAND: POST /session/a995b82d0df1730148f5e6c1edf10a41/elements - {"using":"xpath","value":"//td[@aria-colindex=\"1\"]/div/div[contains(@class, \"sapMCbBg\")]"}
RESULT: {"using":"xpath","value":"//td[@aria-colindex=\"1\"]/div/div[contains(@class, \"sapMCbBg\")]"}
COMMAND: POST /session/a995b82d0df1730148f5e6c1edf10a41/elements - {"using":"xpath","value":"//td[@aria-colindex=\"1\"]/div/div[contains(@class, \"sapMCbBg\")]"}
RESULT: {"using":"xpath","value":"//td[@aria-colindex=\"1\"]/div/div[contains(@class, \"sapMCbBg\")]"}
COMMAND: POST /session/a995b82d0df1730148f5e6c1edf10a41/elements - {"using":"xpath","value":"//td[@aria-colindex=\"1\"]/div/div[contains(@class, \"sapMCbBg\")]"}
RESULT: {"using":"xpath","value":"//td[@aria-colindex=\"1\"]/div/div[contains(@class, \"sapMCbBg\")]"}
COMMAND: POST /session/a995b82d0df1730148f5e6c1edf10a41/elements - {"using":"xpath","value":"//td[@aria-colindex=\"1\"]/div/div[contains(@class, \"sapMCbBg\")]"}
RESULT: {"using":"xpath","value":"//td[@aria-colindex=\"1\"]/div/div[contains(@class, \"sapMCbBg\")]"}
COMMAND: POST /session/a995b82d0df1730148f5e6c1edf10a41/elements - {"using":"xpath","value":"//td[@aria-colindex=\"1\"]/div/div[contains(@class, \"sapMCbBg\")]"}
RESULT: {"using":"xpath","value":"//td[@aria-colindex=\"1\"]/div/div[contains(@class, \"sapMCbBg\")]"}
COMMAND: POST /session/a995b82d0df1730148f5e6c1edf10a41/elements - {"using":"xpath","value":"//td[@aria-colindex=\"1\"]/div/div[contains(@class, \"sapMCbBg\")]"}
RESULT: {"using":"xpath","value":"//td[@aria-colindex=\"1\"]/div/div[contains(@class, \"sapMCbBg\")]"}
COMMAND: POST /session/a995b82d0df1730148f5e6c1edf10a41/elements - {"using":"xpath","value":"//td[@aria-colindex=\"1\"]/div/div[contains(@class, \"sapMCbBg\")]"}
RESULT: {"using":"xpath","value":"//td[@aria-colindex=\"1\"]/div/div[contains(@class, \"sapMCbBg\")]"}
COMMAND: POST /session/a995b82d0df1730148f5e6c1edf10a41/elements - {"using":"xpath","value":"//td[@aria-colindex=\"1\"]/div/div[contains(@class, \"sapMCbBg\")]"}
RESULT: {"using":"xpath","value":"//td[@aria-colindex=\"1\"]/div/div[contains(@class, \"sapMCbBg\")]"}
COMMAND: POST /session/a995b82d0df1730148f5e6c1edf10a41/elements - {"using":"xpath","value":"//td[@aria-colindex=\"1\"]/div/div[contains(@class, \"sapMCbBg\")]"}
RESULT: {"using":"xpath","value":"//td[@aria-colindex=\"1\"]/div/div[contains(@class, \"sapMCbBg\")]"}
COMMAND: POST /session/a995b82d0df1730148f5e6c1edf10a41/elements - {"using":"xpath","value":"//td[@aria-colindex=\"1\"]/div/div[contains(@class, \"sapMCbBg\")]"}
RESULT: {"using":"xpath","value":"//td[@aria-colindex=\"1\"]/div/div[contains(@class, \"sapMCbBg\")]"}
COMMAND: POST /session/a995b82d0df1730148f5e6c1edf10a41/elements - {"using":"xpath","value":"//td[@aria-colindex=\"1\"]/div/div[contains(@class, \"sapMCbBg\")]"}
RESULT: {"using":"xpath","value":"//td[@aria-colindex=\"1\"]/div/div[contains(@class, \"sapMCbBg\")]"}
COMMAND: POST /session/a995b82d0df1730148f5e6c1edf10a41/elements - {"using":"xpath","value":"//td[@aria-colindex=\"1\"]/div/div[contains(@class, \"sapMCbBg\")]"}
RESULT: {"using":"xpath","value":"//td[@aria-colindex=\"1\"]/div/div[contains(@class, \"sapMCbBg\")]"}
COMMAND: POST /session/a995b82d0df1730148f5e6c1edf10a41/elements - {"using":"xpath","value":"//td[@aria-colindex=\"1\"]/div/div[contains(@class, \"sapMCbBg\")]"}
RESULT: {"using":"xpath","value":"//td[@aria-colindex=\"1\"]/div/div[contains(@class, \"sapMCbBg\")]"}
COMMAND: GET /session/a995b82d0df1730148f5e6c1edf10a41/screenshot - {}
RESULT: {}
]]></system-out>
      <system-err><![CDATA[
Error: Can't call click on element with selector "//td[@aria-colindex="1"]/div/div[contains(@class, "sapMCbBg")]" because element wasn't found
    at async UtilsPrerequisites.manageBillingsTriggerCalculation (D:\a\1\s\test\specs\BTS\prerequisites-and-utils-functions.js:2750:9)
    at async Context.<anonymous> (D:\a\1\s\test\specs\BTS\billing-transfer-intracompany.spec.js:73:9)
]]></system-err>
    </testcase>
    <testcase classname="chrome.136_0_7103_93.windows.Billing_Transfer_-_Intracompany_US127249" name="Should navigate to billing transfer and invoice the contract" time="56.783">
      <failure/>
      <error message="element (&quot;//input[contains(@id ,&quot;application-billingtransfer-display-component---billingWorkbench--smartFilterBar-btnBasicSearch&quot;)]&quot;) still not existing after 45000ms"/>
      <system-out><![CDATA[
COMMAND: GET /session/a995b82d0df1730148f5e6c1edf10a41/screenshot - {}
COMMAND: POST /session/a995b82d0df1730148f5e6c1edf10a41/execute/async - {"script":"<script> [1562 bytes]","args":[{"selector":{"controlType":"sap.m.GenericTile","properties":{"header":"Billing Transfer"}},"wdio_ui5_key":"sapm.GenericTile{\"header\":\"Billing Transfer\"}"}]}
RESULT: {}
RESULT: {"script":"<script> [1562 bytes]","args":[{"selector":{"controlType":"sap.m.GenericTile","properties":{"header":"Billing Transfer"}},"wdio_ui5_key":"sapm.GenericTile{\"header\":\"Billing Transfer\"}"}]}
RESULT: undefined
COMMAND: POST /session/a995b82d0df1730148f5e6c1edf10a41/elements - {"using":"xpath","value":"//span[text()='Error']"}
RESULT: {"using":"xpath","value":"//span[text()='Error']"}
COMMAND: POST /session/a995b82d0df1730148f5e6c1edf10a41/element - {"using":"xpath","value":"//input[contains(@id ,\"application-billingtransfer-display-component---billingWorkbench--smartFilterBar-btnBasicSearch\")]"}
RESULT: {"using":"xpath","value":"//input[contains(@id ,\"application-billingtransfer-display-component---billingWorkbench--smartFilterBar-btnBasicSearch\")]"}
COMMAND: POST /session/a995b82d0df1730148f5e6c1edf10a41/elements - {"using":"xpath","value":"//input[contains(@id ,\"application-billingtransfer-display-component---billingWorkbench--smartFilterBar-btnBasicSearch\")]"}
RESULT: {"using":"xpath","value":"//input[contains(@id ,\"application-billingtransfer-display-component---billingWorkbench--smartFilterBar-btnBasicSearch\")]"}
COMMAND: POST /session/a995b82d0df1730148f5e6c1edf10a41/elements - {"using":"xpath","value":"//input[contains(@id ,\"application-billingtransfer-display-component---billingWorkbench--smartFilterBar-btnBasicSearch\")]"}
RESULT: {"using":"xpath","value":"//input[contains(@id ,\"application-billingtransfer-display-component---billingWorkbench--smartFilterBar-btnBasicSearch\")]"}
COMMAND: POST /session/a995b82d0df1730148f5e6c1edf10a41/elements - {"using":"xpath","value":"//input[contains(@id ,\"application-billingtransfer-display-component---billingWorkbench--smartFilterBar-btnBasicSearch\")]"}
RESULT: {"using":"xpath","value":"//input[contains(@id ,\"application-billingtransfer-display-component---billingWorkbench--smartFilterBar-btnBasicSearch\")]"}
COMMAND: POST /session/a995b82d0df1730148f5e6c1edf10a41/elements - {"using":"xpath","value":"//input[contains(@id ,\"application-billingtransfer-display-component---billingWorkbench--smartFilterBar-btnBasicSearch\")]"}
RESULT: {"using":"xpath","value":"//input[contains(@id ,\"application-billingtransfer-display-component---billingWorkbench--smartFilterBar-btnBasicSearch\")]"}
COMMAND: POST /session/a995b82d0df1730148f5e6c1edf10a41/elements - {"using":"xpath","value":"//input[contains(@id ,\"application-billingtransfer-display-component---billingWorkbench--smartFilterBar-btnBasicSearch\")]"}
RESULT: {"using":"xpath","value":"//input[contains(@id ,\"application-billingtransfer-display-component---billingWorkbench--smartFilterBar-btnBasicSearch\")]"}
COMMAND: POST /session/a995b82d0df1730148f5e6c1edf10a41/elements - {"using":"xpath","value":"//input[contains(@id ,\"application-billingtransfer-display-component---billingWorkbench--smartFilterBar-btnBasicSearch\")]"}
RESULT: {"using":"xpath","value":"//input[contains(@id ,\"application-billingtransfer-display-component---billingWorkbench--smartFilterBar-btnBasicSearch\")]"}
COMMAND: POST /session/a995b82d0df1730148f5e6c1edf10a41/elements - {"using":"xpath","value":"//input[contains(@id ,\"application-billingtransfer-display-component---billingWorkbench--smartFilterBar-btnBasicSearch\")]"}
RESULT: {"using":"xpath","value":"//input[contains(@id ,\"application-billingtransfer-display-component---billingWorkbench--smartFilterBar-btnBasicSearch\")]"}
COMMAND: POST /session/a995b82d0df1730148f5e6c1edf10a41/elements - {"using":"xpath","value":"//input[contains(@id ,\"application-billingtransfer-display-component---billingWorkbench--smartFilterBar-btnBasicSearch\")]"}
RESULT: {"using":"xpath","value":"//input[contains(@id ,\"application-billingtransfer-display-component---billingWorkbench--smartFilterBar-btnBasicSearch\")]"}
COMMAND: POST /session/a995b82d0df1730148f5e6c1edf10a41/elements - {"using":"xpath","value":"//input[contains(@id ,\"application-billingtransfer-display-component---billingWorkbench--smartFilterBar-btnBasicSearch\")]"}
RESULT: {"using":"xpath","value":"//input[contains(@id ,\"application-billingtransfer-display-component---billingWorkbench--smartFilterBar-btnBasicSearch\")]"}
COMMAND: POST /session/a995b82d0df1730148f5e6c1edf10a41/elements - {"using":"xpath","value":"//input[contains(@id ,\"application-billingtransfer-display-component---billingWorkbench--smartFilterBar-btnBasicSearch\")]"}
RESULT: {"using":"xpath","value":"//input[contains(@id ,\"application-billingtransfer-display-component---billingWorkbench--smartFilterBar-btnBasicSearch\")]"}
COMMAND: POST /session/a995b82d0df1730148f5e6c1edf10a41/elements - {"using":"xpath","value":"//input[contains(@id ,\"application-billingtransfer-display-component---billingWorkbench--smartFilterBar-btnBasicSearch\")]"}
RESULT: {"using":"xpath","value":"//input[contains(@id ,\"application-billingtransfer-display-component---billingWorkbench--smartFilterBar-btnBasicSearch\")]"}
COMMAND: POST /session/a995b82d0df1730148f5e6c1edf10a41/elements - {"using":"xpath","value":"//input[contains(@id ,\"application-billingtransfer-display-component---billingWorkbench--smartFilterBar-btnBasicSearch\")]"}
RESULT: {"using":"xpath","value":"//input[contains(@id ,\"application-billingtransfer-display-component---billingWorkbench--smartFilterBar-btnBasicSearch\")]"}
COMMAND: POST /session/a995b82d0df1730148f5e6c1edf10a41/elements - {"using":"xpath","value":"//input[contains(@id ,\"application-billingtransfer-display-component---billingWorkbench--smartFilterBar-btnBasicSearch\")]"}
RESULT: {"using":"xpath","value":"//input[contains(@id ,\"application-billingtransfer-display-component---billingWorkbench--smartFilterBar-btnBasicSearch\")]"}
COMMAND: POST /session/a995b82d0df1730148f5e6c1edf10a41/elements - {"using":"xpath","value":"//input[contains(@id ,\"application-billingtransfer-display-component---billingWorkbench--smartFilterBar-btnBasicSearch\")]"}
RESULT: {"using":"xpath","value":"//input[contains(@id ,\"application-billingtransfer-display-component---billingWorkbench--smartFilterBar-btnBasicSearch\")]"}
COMMAND: POST /session/a995b82d0df1730148f5e6c1edf10a41/elements - {"using":"xpath","value":"//input[contains(@id ,\"application-billingtransfer-display-component---billingWorkbench--smartFilterBar-btnBasicSearch\")]"}
RESULT: {"using":"xpath","value":"//input[contains(@id ,\"application-billingtransfer-display-component---billingWorkbench--smartFilterBar-btnBasicSearch\")]"}
COMMAND: POST /session/a995b82d0df1730148f5e6c1edf10a41/elements - {"using":"xpath","value":"//input[contains(@id ,\"application-billingtransfer-display-component---billingWorkbench--smartFilterBar-btnBasicSearch\")]"}
RESULT: {"using":"xpath","value":"//input[contains(@id ,\"application-billingtransfer-display-component---billingWorkbench--smartFilterBar-btnBasicSearch\")]"}
COMMAND: POST /session/a995b82d0df1730148f5e6c1edf10a41/elements - {"using":"xpath","value":"//input[contains(@id ,\"application-billingtransfer-display-component---billingWorkbench--smartFilterBar-btnBasicSearch\")]"}
RESULT: {"using":"xpath","value":"//input[contains(@id ,\"application-billingtransfer-display-component---billingWorkbench--smartFilterBar-btnBasicSearch\")]"}
COMMAND: POST /session/a995b82d0df1730148f5e6c1edf10a41/elements - {"using":"xpath","value":"//input[contains(@id ,\"application-billingtransfer-display-component---billingWorkbench--smartFilterBar-btnBasicSearch\")]"}
RESULT: {"using":"xpath","value":"//input[contains(@id ,\"application-billingtransfer-display-component---billingWorkbench--smartFilterBar-btnBasicSearch\")]"}
COMMAND: POST /session/a995b82d0df1730148f5e6c1edf10a41/elements - {"using":"xpath","value":"//input[contains(@id ,\"application-billingtransfer-display-component---billingWorkbench--smartFilterBar-btnBasicSearch\")]"}
RESULT: {"using":"xpath","value":"//input[contains(@id ,\"application-billingtransfer-display-component---billingWorkbench--smartFilterBar-btnBasicSearch\")]"}
COMMAND: POST /session/a995b82d0df1730148f5e6c1edf10a41/elements - {"using":"xpath","value":"//input[contains(@id ,\"application-billingtransfer-display-component---billingWorkbench--smartFilterBar-btnBasicSearch\")]"}
RESULT: {"using":"xpath","value":"//input[contains(@id ,\"application-billingtransfer-display-component---billingWorkbench--smartFilterBar-btnBasicSearch\")]"}
COMMAND: POST /session/a995b82d0df1730148f5e6c1edf10a41/elements - {"using":"xpath","value":"//input[contains(@id ,\"application-billingtransfer-display-component---billingWorkbench--smartFilterBar-btnBasicSearch\")]"}
RESULT: {"using":"xpath","value":"//input[contains(@id ,\"application-billingtransfer-display-component---billingWorkbench--smartFilterBar-btnBasicSearch\")]"}
COMMAND: POST /session/a995b82d0df1730148f5e6c1edf10a41/elements - {"using":"xpath","value":"//input[contains(@id ,\"application-billingtransfer-display-component---billingWorkbench--smartFilterBar-btnBasicSearch\")]"}
RESULT: {"using":"xpath","value":"//input[contains(@id ,\"application-billingtransfer-display-component---billingWorkbench--smartFilterBar-btnBasicSearch\")]"}
COMMAND: POST /session/a995b82d0df1730148f5e6c1edf10a41/elements - {"using":"xpath","value":"//input[contains(@id ,\"application-billingtransfer-display-component---billingWorkbench--smartFilterBar-btnBasicSearch\")]"}
RESULT: {"using":"xpath","value":"//input[contains(@id ,\"application-billingtransfer-display-component---billingWorkbench--smartFilterBar-btnBasicSearch\")]"}
COMMAND: POST /session/a995b82d0df1730148f5e6c1edf10a41/elements - {"using":"xpath","value":"//input[contains(@id ,\"application-billingtransfer-display-component---billingWorkbench--smartFilterBar-btnBasicSearch\")]"}
RESULT: {"using":"xpath","value":"//input[contains(@id ,\"application-billingtransfer-display-component---billingWorkbench--smartFilterBar-btnBasicSearch\")]"}
COMMAND: POST /session/a995b82d0df1730148f5e6c1edf10a41/elements - {"using":"xpath","value":"//input[contains(@id ,\"application-billingtransfer-display-component---billingWorkbench--smartFilterBar-btnBasicSearch\")]"}
RESULT: {"using":"xpath","value":"//input[contains(@id ,\"application-billingtransfer-display-component---billingWorkbench--smartFilterBar-btnBasicSearch\")]"}
COMMAND: POST /session/a995b82d0df1730148f5e6c1edf10a41/elements - {"using":"xpath","value":"//input[contains(@id ,\"application-billingtransfer-display-component---billingWorkbench--smartFilterBar-btnBasicSearch\")]"}
RESULT: {"using":"xpath","value":"//input[contains(@id ,\"application-billingtransfer-display-component---billingWorkbench--smartFilterBar-btnBasicSearch\")]"}
COMMAND: POST /session/a995b82d0df1730148f5e6c1edf10a41/elements - {"using":"xpath","value":"//input[contains(@id ,\"application-billingtransfer-display-component---billingWorkbench--smartFilterBar-btnBasicSearch\")]"}
RESULT: {"using":"xpath","value":"//input[contains(@id ,\"application-billingtransfer-display-component---billingWorkbench--smartFilterBar-btnBasicSearch\")]"}
COMMAND: POST /session/a995b82d0df1730148f5e6c1edf10a41/elements - {"using":"xpath","value":"//input[contains(@id ,\"application-billingtransfer-display-component---billingWorkbench--smartFilterBar-btnBasicSearch\")]"}
RESULT: {"using":"xpath","value":"//input[contains(@id ,\"application-billingtransfer-display-component---billingWorkbench--smartFilterBar-btnBasicSearch\")]"}
COMMAND: POST /session/a995b82d0df1730148f5e6c1edf10a41/elements - {"using":"xpath","value":"//input[contains(@id ,\"application-billingtransfer-display-component---billingWorkbench--smartFilterBar-btnBasicSearch\")]"}
RESULT: {"using":"xpath","value":"//input[contains(@id ,\"application-billingtransfer-display-component---billingWorkbench--smartFilterBar-btnBasicSearch\")]"}
COMMAND: POST /session/a995b82d0df1730148f5e6c1edf10a41/elements - {"using":"xpath","value":"//input[contains(@id ,\"application-billingtransfer-display-component---billingWorkbench--smartFilterBar-btnBasicSearch\")]"}
RESULT: {"using":"xpath","value":"//input[contains(@id ,\"application-billingtransfer-display-component---billingWorkbench--smartFilterBar-btnBasicSearch\")]"}
COMMAND: POST /session/a995b82d0df1730148f5e6c1edf10a41/elements - {"using":"xpath","value":"//input[contains(@id ,\"application-billingtransfer-display-component---billingWorkbench--smartFilterBar-btnBasicSearch\")]"}
RESULT: {"using":"xpath","value":"//input[contains(@id ,\"application-billingtransfer-display-component---billingWorkbench--smartFilterBar-btnBasicSearch\")]"}
COMMAND: POST /session/a995b82d0df1730148f5e6c1edf10a41/elements - {"using":"xpath","value":"//input[contains(@id ,\"application-billingtransfer-display-component---billingWorkbench--smartFilterBar-btnBasicSearch\")]"}
RESULT: {"using":"xpath","value":"//input[contains(@id ,\"application-billingtransfer-display-component---billingWorkbench--smartFilterBar-btnBasicSearch\")]"}
COMMAND: POST /session/a995b82d0df1730148f5e6c1edf10a41/elements - {"using":"xpath","value":"//input[contains(@id ,\"application-billingtransfer-display-component---billingWorkbench--smartFilterBar-btnBasicSearch\")]"}
RESULT: {"using":"xpath","value":"//input[contains(@id ,\"application-billingtransfer-display-component---billingWorkbench--smartFilterBar-btnBasicSearch\")]"}
COMMAND: POST /session/a995b82d0df1730148f5e6c1edf10a41/elements - {"using":"xpath","value":"//input[contains(@id ,\"application-billingtransfer-display-component---billingWorkbench--smartFilterBar-btnBasicSearch\")]"}
RESULT: {"using":"xpath","value":"//input[contains(@id ,\"application-billingtransfer-display-component---billingWorkbench--smartFilterBar-btnBasicSearch\")]"}
COMMAND: POST /session/a995b82d0df1730148f5e6c1edf10a41/elements - {"using":"xpath","value":"//input[contains(@id ,\"application-billingtransfer-display-component---billingWorkbench--smartFilterBar-btnBasicSearch\")]"}
RESULT: {"using":"xpath","value":"//input[contains(@id ,\"application-billingtransfer-display-component---billingWorkbench--smartFilterBar-btnBasicSearch\")]"}
COMMAND: POST /session/a995b82d0df1730148f5e6c1edf10a41/elements - {"using":"xpath","value":"//input[contains(@id ,\"application-billingtransfer-display-component---billingWorkbench--smartFilterBar-btnBasicSearch\")]"}
RESULT: {"using":"xpath","value":"//input[contains(@id ,\"application-billingtransfer-display-component---billingWorkbench--smartFilterBar-btnBasicSearch\")]"}
COMMAND: POST /session/a995b82d0df1730148f5e6c1edf10a41/elements - {"using":"xpath","value":"//input[contains(@id ,\"application-billingtransfer-display-component---billingWorkbench--smartFilterBar-btnBasicSearch\")]"}
RESULT: {"using":"xpath","value":"//input[contains(@id ,\"application-billingtransfer-display-component---billingWorkbench--smartFilterBar-btnBasicSearch\")]"}
COMMAND: POST /session/a995b82d0df1730148f5e6c1edf10a41/elements - {"using":"xpath","value":"//input[contains(@id ,\"application-billingtransfer-display-component---billingWorkbench--smartFilterBar-btnBasicSearch\")]"}
RESULT: {"using":"xpath","value":"//input[contains(@id ,\"application-billingtransfer-display-component---billingWorkbench--smartFilterBar-btnBasicSearch\")]"}
COMMAND: POST /session/a995b82d0df1730148f5e6c1edf10a41/elements - {"using":"xpath","value":"//input[contains(@id ,\"application-billingtransfer-display-component---billingWorkbench--smartFilterBar-btnBasicSearch\")]"}
RESULT: {"using":"xpath","value":"//input[contains(@id ,\"application-billingtransfer-display-component---billingWorkbench--smartFilterBar-btnBasicSearch\")]"}
COMMAND: POST /session/a995b82d0df1730148f5e6c1edf10a41/elements - {"using":"xpath","value":"//input[contains(@id ,\"application-billingtransfer-display-component---billingWorkbench--smartFilterBar-btnBasicSearch\")]"}
RESULT: {"using":"xpath","value":"//input[contains(@id ,\"application-billingtransfer-display-component---billingWorkbench--smartFilterBar-btnBasicSearch\")]"}
COMMAND: POST /session/a995b82d0df1730148f5e6c1edf10a41/elements - {"using":"xpath","value":"//input[contains(@id ,\"application-billingtransfer-display-component---billingWorkbench--smartFilterBar-btnBasicSearch\")]"}
RESULT: {"using":"xpath","value":"//input[contains(@id ,\"application-billingtransfer-display-component---billingWorkbench--smartFilterBar-btnBasicSearch\")]"}
COMMAND: POST /session/a995b82d0df1730148f5e6c1edf10a41/elements - {"using":"xpath","value":"//input[contains(@id ,\"application-billingtransfer-display-component---billingWorkbench--smartFilterBar-btnBasicSearch\")]"}
RESULT: {"using":"xpath","value":"//input[contains(@id ,\"application-billingtransfer-display-component---billingWorkbench--smartFilterBar-btnBasicSearch\")]"}
COMMAND: POST /session/a995b82d0df1730148f5e6c1edf10a41/elements - {"using":"xpath","value":"//input[contains(@id ,\"application-billingtransfer-display-component---billingWorkbench--smartFilterBar-btnBasicSearch\")]"}
RESULT: {"using":"xpath","value":"//input[contains(@id ,\"application-billingtransfer-display-component---billingWorkbench--smartFilterBar-btnBasicSearch\")]"}
COMMAND: POST /session/a995b82d0df1730148f5e6c1edf10a41/elements - {"using":"xpath","value":"//input[contains(@id ,\"application-billingtransfer-display-component---billingWorkbench--smartFilterBar-btnBasicSearch\")]"}
RESULT: {"using":"xpath","value":"//input[contains(@id ,\"application-billingtransfer-display-component---billingWorkbench--smartFilterBar-btnBasicSearch\")]"}
COMMAND: POST /session/a995b82d0df1730148f5e6c1edf10a41/elements - {"using":"xpath","value":"//input[contains(@id ,\"application-billingtransfer-display-component---billingWorkbench--smartFilterBar-btnBasicSearch\")]"}
RESULT: {"using":"xpath","value":"//input[contains(@id ,\"application-billingtransfer-display-component---billingWorkbench--smartFilterBar-btnBasicSearch\")]"}
COMMAND: POST /session/a995b82d0df1730148f5e6c1edf10a41/elements - {"using":"xpath","value":"//input[contains(@id ,\"application-billingtransfer-display-component---billingWorkbench--smartFilterBar-btnBasicSearch\")]"}
RESULT: {"using":"xpath","value":"//input[contains(@id ,\"application-billingtransfer-display-component---billingWorkbench--smartFilterBar-btnBasicSearch\")]"}
COMMAND: POST /session/a995b82d0df1730148f5e6c1edf10a41/elements - {"using":"xpath","value":"//input[contains(@id ,\"application-billingtransfer-display-component---billingWorkbench--smartFilterBar-btnBasicSearch\")]"}
RESULT: {"using":"xpath","value":"//input[contains(@id ,\"application-billingtransfer-display-component---billingWorkbench--smartFilterBar-btnBasicSearch\")]"}
COMMAND: POST /session/a995b82d0df1730148f5e6c1edf10a41/elements - {"using":"xpath","value":"//input[contains(@id ,\"application-billingtransfer-display-component---billingWorkbench--smartFilterBar-btnBasicSearch\")]"}
RESULT: {"using":"xpath","value":"//input[contains(@id ,\"application-billingtransfer-display-component---billingWorkbench--smartFilterBar-btnBasicSearch\")]"}
COMMAND: POST /session/a995b82d0df1730148f5e6c1edf10a41/elements - {"using":"xpath","value":"//input[contains(@id ,\"application-billingtransfer-display-component---billingWorkbench--smartFilterBar-btnBasicSearch\")]"}
RESULT: {"using":"xpath","value":"//input[contains(@id ,\"application-billingtransfer-display-component---billingWorkbench--smartFilterBar-btnBasicSearch\")]"}
COMMAND: POST /session/a995b82d0df1730148f5e6c1edf10a41/elements - {"using":"xpath","value":"//input[contains(@id ,\"application-billingtransfer-display-component---billingWorkbench--smartFilterBar-btnBasicSearch\")]"}
RESULT: {"using":"xpath","value":"//input[contains(@id ,\"application-billingtransfer-display-component---billingWorkbench--smartFilterBar-btnBasicSearch\")]"}
COMMAND: POST /session/a995b82d0df1730148f5e6c1edf10a41/elements - {"using":"xpath","value":"//input[contains(@id ,\"application-billingtransfer-display-component---billingWorkbench--smartFilterBar-btnBasicSearch\")]"}
RESULT: {"using":"xpath","value":"//input[contains(@id ,\"application-billingtransfer-display-component---billingWorkbench--smartFilterBar-btnBasicSearch\")]"}
COMMAND: POST /session/a995b82d0df1730148f5e6c1edf10a41/elements - {"using":"xpath","value":"//input[contains(@id ,\"application-billingtransfer-display-component---billingWorkbench--smartFilterBar-btnBasicSearch\")]"}
RESULT: {"using":"xpath","value":"//input[contains(@id ,\"application-billingtransfer-display-component---billingWorkbench--smartFilterBar-btnBasicSearch\")]"}
COMMAND: POST /session/a995b82d0df1730148f5e6c1edf10a41/elements - {"using":"xpath","value":"//input[contains(@id ,\"application-billingtransfer-display-component---billingWorkbench--smartFilterBar-btnBasicSearch\")]"}
RESULT: {"using":"xpath","value":"//input[contains(@id ,\"application-billingtransfer-display-component---billingWorkbench--smartFilterBar-btnBasicSearch\")]"}
COMMAND: POST /session/a995b82d0df1730148f5e6c1edf10a41/elements - {"using":"xpath","value":"//input[contains(@id ,\"application-billingtransfer-display-component---billingWorkbench--smartFilterBar-btnBasicSearch\")]"}
RESULT: {"using":"xpath","value":"//input[contains(@id ,\"application-billingtransfer-display-component---billingWorkbench--smartFilterBar-btnBasicSearch\")]"}
COMMAND: POST /session/a995b82d0df1730148f5e6c1edf10a41/elements - {"using":"xpath","value":"//input[contains(@id ,\"application-billingtransfer-display-component---billingWorkbench--smartFilterBar-btnBasicSearch\")]"}
RESULT: {"using":"xpath","value":"//input[contains(@id ,\"application-billingtransfer-display-component---billingWorkbench--smartFilterBar-btnBasicSearch\")]"}
COMMAND: POST /session/a995b82d0df1730148f5e6c1edf10a41/elements - {"using":"xpath","value":"//input[contains(@id ,\"application-billingtransfer-display-component---billingWorkbench--smartFilterBar-btnBasicSearch\")]"}
RESULT: {"using":"xpath","value":"//input[contains(@id ,\"application-billingtransfer-display-component---billingWorkbench--smartFilterBar-btnBasicSearch\")]"}
COMMAND: POST /session/a995b82d0df1730148f5e6c1edf10a41/elements - {"using":"xpath","value":"//input[contains(@id ,\"application-billingtransfer-display-component---billingWorkbench--smartFilterBar-btnBasicSearch\")]"}
RESULT: {"using":"xpath","value":"//input[contains(@id ,\"application-billingtransfer-display-component---billingWorkbench--smartFilterBar-btnBasicSearch\")]"}
COMMAND: POST /session/a995b82d0df1730148f5e6c1edf10a41/elements - {"using":"xpath","value":"//input[contains(@id ,\"application-billingtransfer-display-component---billingWorkbench--smartFilterBar-btnBasicSearch\")]"}
RESULT: {"using":"xpath","value":"//input[contains(@id ,\"application-billingtransfer-display-component---billingWorkbench--smartFilterBar-btnBasicSearch\")]"}
COMMAND: POST /session/a995b82d0df1730148f5e6c1edf10a41/elements - {"using":"xpath","value":"//input[contains(@id ,\"application-billingtransfer-display-component---billingWorkbench--smartFilterBar-btnBasicSearch\")]"}
RESULT: {"using":"xpath","value":"//input[contains(@id ,\"application-billingtransfer-display-component---billingWorkbench--smartFilterBar-btnBasicSearch\")]"}
COMMAND: POST /session/a995b82d0df1730148f5e6c1edf10a41/elements - {"using":"xpath","value":"//input[contains(@id ,\"application-billingtransfer-display-component---billingWorkbench--smartFilterBar-btnBasicSearch\")]"}
RESULT: {"using":"xpath","value":"//input[contains(@id ,\"application-billingtransfer-display-component---billingWorkbench--smartFilterBar-btnBasicSearch\")]"}
COMMAND: POST /session/a995b82d0df1730148f5e6c1edf10a41/elements - {"using":"xpath","value":"//input[contains(@id ,\"application-billingtransfer-display-component---billingWorkbench--smartFilterBar-btnBasicSearch\")]"}
RESULT: {"using":"xpath","value":"//input[contains(@id ,\"application-billingtransfer-display-component---billingWorkbench--smartFilterBar-btnBasicSearch\")]"}
COMMAND: POST /session/a995b82d0df1730148f5e6c1edf10a41/elements - {"using":"xpath","value":"//input[contains(@id ,\"application-billingtransfer-display-component---billingWorkbench--smartFilterBar-btnBasicSearch\")]"}
RESULT: {"using":"xpath","value":"//input[contains(@id ,\"application-billingtransfer-display-component---billingWorkbench--smartFilterBar-btnBasicSearch\")]"}
COMMAND: POST /session/a995b82d0df1730148f5e6c1edf10a41/elements - {"using":"xpath","value":"//input[contains(@id ,\"application-billingtransfer-display-component---billingWorkbench--smartFilterBar-btnBasicSearch\")]"}
RESULT: {"using":"xpath","value":"//input[contains(@id ,\"application-billingtransfer-display-component---billingWorkbench--smartFilterBar-btnBasicSearch\")]"}
COMMAND: POST /session/a995b82d0df1730148f5e6c1edf10a41/elements - {"using":"xpath","value":"//input[contains(@id ,\"application-billingtransfer-display-component---billingWorkbench--smartFilterBar-btnBasicSearch\")]"}
RESULT: {"using":"xpath","value":"//input[contains(@id ,\"application-billingtransfer-display-component---billingWorkbench--smartFilterBar-btnBasicSearch\")]"}
COMMAND: POST /session/a995b82d0df1730148f5e6c1edf10a41/elements - {"using":"xpath","value":"//input[contains(@id ,\"application-billingtransfer-display-component---billingWorkbench--smartFilterBar-btnBasicSearch\")]"}
RESULT: {"using":"xpath","value":"//input[contains(@id ,\"application-billingtransfer-display-component---billingWorkbench--smartFilterBar-btnBasicSearch\")]"}
COMMAND: POST /session/a995b82d0df1730148f5e6c1edf10a41/elements - {"using":"xpath","value":"//input[contains(@id ,\"application-billingtransfer-display-component---billingWorkbench--smartFilterBar-btnBasicSearch\")]"}
RESULT: {"using":"xpath","value":"//input[contains(@id ,\"application-billingtransfer-display-component---billingWorkbench--smartFilterBar-btnBasicSearch\")]"}
COMMAND: POST /session/a995b82d0df1730148f5e6c1edf10a41/elements - {"using":"xpath","value":"//input[contains(@id ,\"application-billingtransfer-display-component---billingWorkbench--smartFilterBar-btnBasicSearch\")]"}
RESULT: {"using":"xpath","value":"//input[contains(@id ,\"application-billingtransfer-display-component---billingWorkbench--smartFilterBar-btnBasicSearch\")]"}
COMMAND: POST /session/a995b82d0df1730148f5e6c1edf10a41/elements - {"using":"xpath","value":"//input[contains(@id ,\"application-billingtransfer-display-component---billingWorkbench--smartFilterBar-btnBasicSearch\")]"}
RESULT: {"using":"xpath","value":"//input[contains(@id ,\"application-billingtransfer-display-component---billingWorkbench--smartFilterBar-btnBasicSearch\")]"}
COMMAND: POST /session/a995b82d0df1730148f5e6c1edf10a41/elements - {"using":"xpath","value":"//input[contains(@id ,\"application-billingtransfer-display-component---billingWorkbench--smartFilterBar-btnBasicSearch\")]"}
RESULT: {"using":"xpath","value":"//input[contains(@id ,\"application-billingtransfer-display-component---billingWorkbench--smartFilterBar-btnBasicSearch\")]"}
COMMAND: POST /session/a995b82d0df1730148f5e6c1edf10a41/elements - {"using":"xpath","value":"//input[contains(@id ,\"application-billingtransfer-display-component---billingWorkbench--smartFilterBar-btnBasicSearch\")]"}
RESULT: {"using":"xpath","value":"//input[contains(@id ,\"application-billingtransfer-display-component---billingWorkbench--smartFilterBar-btnBasicSearch\")]"}
COMMAND: POST /session/a995b82d0df1730148f5e6c1edf10a41/elements - {"using":"xpath","value":"//input[contains(@id ,\"application-billingtransfer-display-component---billingWorkbench--smartFilterBar-btnBasicSearch\")]"}
RESULT: {"using":"xpath","value":"//input[contains(@id ,\"application-billingtransfer-display-component---billingWorkbench--smartFilterBar-btnBasicSearch\")]"}
COMMAND: POST /session/a995b82d0df1730148f5e6c1edf10a41/elements - {"using":"xpath","value":"//input[contains(@id ,\"application-billingtransfer-display-component---billingWorkbench--smartFilterBar-btnBasicSearch\")]"}
RESULT: {"using":"xpath","value":"//input[contains(@id ,\"application-billingtransfer-display-component---billingWorkbench--smartFilterBar-btnBasicSearch\")]"}
COMMAND: POST /session/a995b82d0df1730148f5e6c1edf10a41/elements - {"using":"xpath","value":"//input[contains(@id ,\"application-billingtransfer-display-component---billingWorkbench--smartFilterBar-btnBasicSearch\")]"}
RESULT: {"using":"xpath","value":"//input[contains(@id ,\"application-billingtransfer-display-component---billingWorkbench--smartFilterBar-btnBasicSearch\")]"}
COMMAND: POST /session/a995b82d0df1730148f5e6c1edf10a41/elements - {"using":"xpath","value":"//input[contains(@id ,\"application-billingtransfer-display-component---billingWorkbench--smartFilterBar-btnBasicSearch\")]"}
RESULT: {"using":"xpath","value":"//input[contains(@id ,\"application-billingtransfer-display-component---billingWorkbench--smartFilterBar-btnBasicSearch\")]"}
COMMAND: POST /session/a995b82d0df1730148f5e6c1edf10a41/elements - {"using":"xpath","value":"//input[contains(@id ,\"application-billingtransfer-display-component---billingWorkbench--smartFilterBar-btnBasicSearch\")]"}
RESULT: {"using":"xpath","value":"//input[contains(@id ,\"application-billingtransfer-display-component---billingWorkbench--smartFilterBar-btnBasicSearch\")]"}
COMMAND: POST /session/a995b82d0df1730148f5e6c1edf10a41/elements - {"using":"xpath","value":"//input[contains(@id ,\"application-billingtransfer-display-component---billingWorkbench--smartFilterBar-btnBasicSearch\")]"}
RESULT: {"using":"xpath","value":"//input[contains(@id ,\"application-billingtransfer-display-component---billingWorkbench--smartFilterBar-btnBasicSearch\")]"}
COMMAND: POST /session/a995b82d0df1730148f5e6c1edf10a41/elements - {"using":"xpath","value":"//input[contains(@id ,\"application-billingtransfer-display-component---billingWorkbench--smartFilterBar-btnBasicSearch\")]"}
RESULT: {"using":"xpath","value":"//input[contains(@id ,\"application-billingtransfer-display-component---billingWorkbench--smartFilterBar-btnBasicSearch\")]"}
COMMAND: POST /session/a995b82d0df1730148f5e6c1edf10a41/elements - {"using":"xpath","value":"//input[contains(@id ,\"application-billingtransfer-display-component---billingWorkbench--smartFilterBar-btnBasicSearch\")]"}
RESULT: {"using":"xpath","value":"//input[contains(@id ,\"application-billingtransfer-display-component---billingWorkbench--smartFilterBar-btnBasicSearch\")]"}
COMMAND: POST /session/a995b82d0df1730148f5e6c1edf10a41/elements - {"using":"xpath","value":"//input[contains(@id ,\"application-billingtransfer-display-component---billingWorkbench--smartFilterBar-btnBasicSearch\")]"}
RESULT: {"using":"xpath","value":"//input[contains(@id ,\"application-billingtransfer-display-component---billingWorkbench--smartFilterBar-btnBasicSearch\")]"}
COMMAND: POST /session/a995b82d0df1730148f5e6c1edf10a41/elements - {"using":"xpath","value":"//input[contains(@id ,\"application-billingtransfer-display-component---billingWorkbench--smartFilterBar-btnBasicSearch\")]"}
RESULT: {"using":"xpath","value":"//input[contains(@id ,\"application-billingtransfer-display-component---billingWorkbench--smartFilterBar-btnBasicSearch\")]"}
COMMAND: POST /session/a995b82d0df1730148f5e6c1edf10a41/elements - {"using":"xpath","value":"//input[contains(@id ,\"application-billingtransfer-display-component---billingWorkbench--smartFilterBar-btnBasicSearch\")]"}
RESULT: {"using":"xpath","value":"//input[contains(@id ,\"application-billingtransfer-display-component---billingWorkbench--smartFilterBar-btnBasicSearch\")]"}
COMMAND: POST /session/a995b82d0df1730148f5e6c1edf10a41/elements - {"using":"xpath","value":"//input[contains(@id ,\"application-billingtransfer-display-component---billingWorkbench--smartFilterBar-btnBasicSearch\")]"}
RESULT: {"using":"xpath","value":"//input[contains(@id ,\"application-billingtransfer-display-component---billingWorkbench--smartFilterBar-btnBasicSearch\")]"}
COMMAND: POST /session/a995b82d0df1730148f5e6c1edf10a41/elements - {"using":"xpath","value":"//input[contains(@id ,\"application-billingtransfer-display-component---billingWorkbench--smartFilterBar-btnBasicSearch\")]"}
RESULT: {"using":"xpath","value":"//input[contains(@id ,\"application-billingtransfer-display-component---billingWorkbench--smartFilterBar-btnBasicSearch\")]"}
COMMAND: POST /session/a995b82d0df1730148f5e6c1edf10a41/elements - {"using":"xpath","value":"//input[contains(@id ,\"application-billingtransfer-display-component---billingWorkbench--smartFilterBar-btnBasicSearch\")]"}
RESULT: {"using":"xpath","value":"//input[contains(@id ,\"application-billingtransfer-display-component---billingWorkbench--smartFilterBar-btnBasicSearch\")]"}
COMMAND: POST /session/a995b82d0df1730148f5e6c1edf10a41/elements - {"using":"xpath","value":"//input[contains(@id ,\"application-billingtransfer-display-component---billingWorkbench--smartFilterBar-btnBasicSearch\")]"}
RESULT: {"using":"xpath","value":"//input[contains(@id ,\"application-billingtransfer-display-component---billingWorkbench--smartFilterBar-btnBasicSearch\")]"}
COMMAND: POST /session/a995b82d0df1730148f5e6c1edf10a41/elements - {"using":"xpath","value":"//input[contains(@id ,\"application-billingtransfer-display-component---billingWorkbench--smartFilterBar-btnBasicSearch\")]"}
RESULT: {"using":"xpath","value":"//input[contains(@id ,\"application-billingtransfer-display-component---billingWorkbench--smartFilterBar-btnBasicSearch\")]"}
COMMAND: POST /session/a995b82d0df1730148f5e6c1edf10a41/elements - {"using":"xpath","value":"//input[contains(@id ,\"application-billingtransfer-display-component---billingWorkbench--smartFilterBar-btnBasicSearch\")]"}
RESULT: {"using":"xpath","value":"//input[contains(@id ,\"application-billingtransfer-display-component---billingWorkbench--smartFilterBar-btnBasicSearch\")]"}
COMMAND: POST /session/a995b82d0df1730148f5e6c1edf10a41/elements - {"using":"xpath","value":"//input[contains(@id ,\"application-billingtransfer-display-component---billingWorkbench--smartFilterBar-btnBasicSearch\")]"}
RESULT: {"using":"xpath","value":"//input[contains(@id ,\"application-billingtransfer-display-component---billingWorkbench--smartFilterBar-btnBasicSearch\")]"}
COMMAND: POST /session/a995b82d0df1730148f5e6c1edf10a41/elements - {"using":"xpath","value":"//input[contains(@id ,\"application-billingtransfer-display-component---billingWorkbench--smartFilterBar-btnBasicSearch\")]"}
RESULT: {"using":"xpath","value":"//input[contains(@id ,\"application-billingtransfer-display-component---billingWorkbench--smartFilterBar-btnBasicSearch\")]"}
COMMAND: POST /session/a995b82d0df1730148f5e6c1edf10a41/elements - {"using":"xpath","value":"//input[contains(@id ,\"application-billingtransfer-display-component---billingWorkbench--smartFilterBar-btnBasicSearch\")]"}
RESULT: {"using":"xpath","value":"//input[contains(@id ,\"application-billingtransfer-display-component---billingWorkbench--smartFilterBar-btnBasicSearch\")]"}
COMMAND: GET /session/a995b82d0df1730148f5e6c1edf10a41/screenshot - {}
RESULT: {}
COMMAND: GET /session/a995b82d0df1730148f5e6c1edf10a41/screenshot - {}
COMMAND: POST /session/a995b82d0df1730148f5e6c1edf10a41/element - {"using":"css selector","value":"#j_username"}
COMMAND: POST /session/a995b82d0df1730148f5e6c1edf10a41/url - {"url":"https://qa-testing-00-live-etm-ui.cfapps.eu10-004.hana.ondemand.com/"}
COMMAND: GET /session/a995b82d0df1730148f5e6c1edf10a41/screenshot - {}
RESULT: {}
RESULT: {"using":"css selector","value":"#j_username"}
COMMAND: POST /session/a995b82d0df1730148f5e6c1edf10a41/element - {"using":"css selector","value":"#j_username"}
RESULT: {"url":"https://qa-testing-00-live-etm-ui.cfapps.eu10-004.hana.ondemand.com/"}
RESULT: undefined
COMMAND: GET /session/a995b82d0df1730148f5e6c1edf10a41/screenshot - {}
RESULT: {}
RESULT: {"using":"css selector","value":"#j_username"}
COMMAND: POST /session/a995b82d0df1730148f5e6c1edf10a41/element - {"using":"css selector","value":"#shell-header-logo"}
RESULT: {}
RESULT: {"using":"css selector","value":"#shell-header-logo"}
COMMAND: POST /session/a995b82d0df1730148f5e6c1edf10a41/execute/sync - {"script":"<script> [8489 bytes]","args":[{"element-6066-11e4-a52e-4f735466cecf":"f.5AF93869D51CACD0ED0B7A3F3CCEB8C6.d.0BA0D766BF293EE468854211A4B6845C.e.10540","ELEMENT":"f.5AF93869D51CACD0ED0B7A3F3CCEB8C6.d.0BA0D766BF293EE468854211A4B6845C.e.10540"}]}
RESULT: {"script":"<script> [8489 bytes]","args":[{"element-6066-11e4-a52e-4f735466cecf":"f.5AF93869D51CACD0ED0B7A3F3CCEB8C6.d.0BA0D766BF293EE468854211A4B6845C.e.10540","ELEMENT":"f.5AF93869D51CACD0ED0B7A3F3CCEB8C6.d.0BA0D766BF293EE468854211A4B6845C.e.10540"}]}
COMMAND: POST /session/a995b82d0df1730148f5e6c1edf10a41/element - {"using":"css selector","value":"#shell-header-logo"}
COMMAND: GET /session/a995b82d0df1730148f5e6c1edf10a41/screenshot - {}
RESULT: {"using":"css selector","value":"#shell-header-logo"}
COMMAND: POST /session/a995b82d0df1730148f5e6c1edf10a41/execute/sync - {"script":"<script> [8489 bytes]","args":[{"element-6066-11e4-a52e-4f735466cecf":"f.5AF93869D51CACD0ED0B7A3F3CCEB8C6.d.0BA0D766BF293EE468854211A4B6845C.e.10540","ELEMENT":"f.5AF93869D51CACD0ED0B7A3F3CCEB8C6.d.0BA0D766BF293EE468854211A4B6845C.e.10540"}]}
RESULT: {}
RESULT: {"script":"<script> [8489 bytes]","args":[{"element-6066-11e4-a52e-4f735466cecf":"f.5AF93869D51CACD0ED0B7A3F3CCEB8C6.d.0BA0D766BF293EE468854211A4B6845C.e.10540","ELEMENT":"f.5AF93869D51CACD0ED0B7A3F3CCEB8C6.d.0BA0D766BF293EE468854211A4B6845C.e.10540"}]}
COMMAND: POST /session/a995b82d0df1730148f5e6c1edf10a41/execute/sync - {"script":"<script> [5351 bytes]","args":[{"element-6066-11e4-a52e-4f735466cecf":"f.5AF93869D51CACD0ED0B7A3F3CCEB8C6.d.0BA0D766BF293EE468854211A4B6845C.e.10540","ELEMENT":"f.5AF93869D51CACD0ED0B7A3F3CCEB8C6.d.0BA0D766BF293EE468854211A4B6845C.e.10540"}]}
COMMAND: GET /session/a995b82d0df1730148f5e6c1edf10a41/screenshot - {}
RESULT: {"script":"<script> [5351 bytes]","args":[{"element-6066-11e4-a52e-4f735466cecf":"f.5AF93869D51CACD0ED0B7A3F3CCEB8C6.d.0BA0D766BF293EE468854211A4B6845C.e.10540","ELEMENT":"f.5AF93869D51CACD0ED0B7A3F3CCEB8C6.d.0BA0D766BF293EE468854211A4B6845C.e.10540"}]}
COMMAND: POST /session/a995b82d0df1730148f5e6c1edf10a41/element - {"using":"css selector","value":"#shell-header-logo"}
COMMAND: GET /session/a995b82d0df1730148f5e6c1edf10a41/screenshot - {}
RESULT: {}
RESULT: {"using":"css selector","value":"#shell-header-logo"}
COMMAND: POST /session/a995b82d0df1730148f5e6c1edf10a41/element/f.5AF93869D51CACD0ED0B7A3F3CCEB8C6.d.0BA0D766BF293EE468854211A4B6845C.e.10540/click - {}
RESULT: {}
RESULT: {}
COMMAND: GET /session/a995b82d0df1730148f5e6c1edf10a41/screenshot - {}
RESULT: {}
COMMAND: POST /session/a995b82d0df1730148f5e6c1edf10a41/execute/async - {"script":"<script> [189 bytes]","args":[]}
RESULT: {"script":"<script> [189 bytes]","args":[]}
COMMAND: POST /session/a995b82d0df1730148f5e6c1edf10a41/execute/async - {"script":"<script> [123 bytes]","args":[]}
RESULT: {"script":"<script> [123 bytes]","args":[]}
COMMAND: POST /session/a995b82d0df1730148f5e6c1edf10a41/timeouts - {"script":"<number>"}
RESULT: {"script":"<number>"}
COMMAND: GET /session/a995b82d0df1730148f5e6c1edf10a41/timeouts - {}
RESULT: {}
RESULT: undefined
COMMAND: POST /session/a995b82d0df1730148f5e6c1edf10a41/execute/async - {"script":"<script> [2676 bytes]","args":[]}
RESULT: {"script":"<script> [2676 bytes]","args":[]}
COMMAND: POST /session/a995b82d0df1730148f5e6c1edf10a41/execute/async - {"script":"<script> [2342 bytes]","args":[{"protocol":"http","hostname":"0.0.0.0","path":"/","capabilities":{"browserName":"chrome","goog:chromeOptions":{"binary":"C:\\Program Files\\Google\\Chrome\\Application\\chrome.exe","args":["--start-maximized"]}},"logLevel":"warn","connectionRetryTimeout":120000,"connectionRetryCount":3,"logLevels":{},"enableDirectConnect":true,"strictSSL":true,"_":"65 more keys: [\"cacheDir\",\"port\",\"requestedCapabilities\",\"automationProtocol\",\"baseUrl\",\"waitforInterval\",\"waitforTimeout\",\"onReload\",\"beforeCommand\",\"afterCommand\",\"rootDir\",\"specs\",\"suites\",\"exclude\",\"groupLogsByTestSpec\",\"excludeDriverLogs\",\"bail\",\"framework\",\"reporters\",\"services\",\"maxInstances\",\"maxInstancesPerCapability\",\"injectGlobals\",\"filesToWatch\",\"execArgv\",\"runnerEnv\",\"runner\",\"shard\",\"specFileRetries\",\"specFileRetriesDelay\",\"specFileRetriesDeferred\",\"reporterSyncInterval\",\"reporterSyncTimeout\",\"cucumberFeaturesWithLineNumbers\",\"autoCompileOpts\",\"mochaOpts\",\"jasmineOpts\",\"cucumberOpts\",\"onPrepare\",\"onWorkerStart\",\"onWorkerEnd\",\"before\",\"beforeSession\",\"beforeSuite\",\"beforeHook\",\"beforeTest\",\"afterTest\",\"afterHook\",\"afterSuite\",\"afterSession\",\"after\",\"onComplete\",\"beforeAssertion\",\"afterAssertion\",\"beforeFeature\",\"beforeScenario\",\"beforeStep\",\"afterStep\",\"afterScenario\",\"afterFeature\",\"_\",\"suite\",\"$0\",\"ignoredWorkerServices\",\"wdi5\"]"}]}
RESULT: {"script":"<script> [2342 bytes]","args":[{"protocol":"http","hostname":"0.0.0.0","path":"/","capabilities":{"browserName":"chrome","goog:chromeOptions":{"binary":"C:\\Program Files\\Google\\Chrome\\Application\\chrome.exe","args":["--start-maximized"]}},"logLevel":"warn","connectionRetryTimeout":120000,"connectionRetryCount":3,"logLevels":{},"enableDirectConnect":true,"strictSSL":true,"_":"65 more keys: [\"cacheDir\",\"port\",\"requestedCapabilities\",\"automationProtocol\",\"baseUrl\",\"waitforInterval\",\"waitforTimeout\",\"onReload\",\"beforeCommand\",\"afterCommand\",\"rootDir\",\"specs\",\"suites\",\"exclude\",\"groupLogsByTestSpec\",\"excludeDriverLogs\",\"bail\",\"framework\",\"reporters\",\"services\",\"maxInstances\",\"maxInstancesPerCapability\",\"injectGlobals\",\"filesToWatch\",\"execArgv\",\"runnerEnv\",\"runner\",\"shard\",\"specFileRetries\",\"specFileRetriesDelay\",\"specFileRetriesDeferred\",\"reporterSyncInterval\",\"reporterSyncTimeout\",\"cucumberFeaturesWithLineNumbers\",\"autoCompileOpts\",\"mochaOpts\",\"jasmineOpts\",\"cucumberOpts\",\"onPrepare\",\"onWorkerStart\",\"onWorkerEnd\",\"before\",\"beforeSession\",\"beforeSuite\",\"beforeHook\",\"beforeTest\",\"afterTest\",\"afterHook\",\"afterSuite\",\"afterSession\",\"after\",\"onComplete\",\"beforeAssertion\",\"afterAssertion\",\"beforeFeature\",\"beforeScenario\",\"beforeStep\",\"afterStep\",\"afterScenario\",\"afterFeature\",\"_\",\"suite\",\"$0\",\"ignoredWorkerServices\",\"wdi5\"]"}]}
COMMAND: POST /session/a995b82d0df1730148f5e6c1edf10a41/execute/async - {"script":"<script> [21126 bytes]","args":[35000]}
RESULT: {"script":"<script> [21126 bytes]","args":[35000]}
COMMAND: POST /session/a995b82d0df1730148f5e6c1edf10a41/window/maximize - {}
RESULT: {}
COMMAND: POST /session/a995b82d0df1730148f5e6c1edf10a41/execute/async - {"script":"<script> [1562 bytes]","args":[{"selector":{"id":"shell-header","interaction":{"idSuffix":"icon"}},"wdio_ui5_key":"shellheader"}]}
COMMAND: GET /session/a995b82d0df1730148f5e6c1edf10a41/screenshot - {}
RESULT: {"script":"<script> [1562 bytes]","args":[{"selector":{"id":"shell-header","interaction":{"idSuffix":"icon"}},"wdio_ui5_key":"shellheader"}]}
RESULT: undefined
COMMAND: POST /session/a995b82d0df1730148f5e6c1edf10a41/refresh - {}
RESULT: {}
RESULT: {}
COMMAND: GET /session/a995b82d0df1730148f5e6c1edf10a41/screenshot - {}
RESULT: {}
COMMAND: POST /session/a995b82d0df1730148f5e6c1edf10a41/refresh - {}
RESULT: {}
COMMAND: GET /session/a995b82d0df1730148f5e6c1edf10a41/screenshot - {}
RESULT: {}
COMMAND: POST /session/a995b82d0df1730148f5e6c1edf10a41/window/fullscreen - {}
RESULT: {}
COMMAND: POST /session/a995b82d0df1730148f5e6c1edf10a41/execute/async - {"script":"<script> [189 bytes]","args":[]}
RESULT: {"script":"<script> [189 bytes]","args":[]}
COMMAND: POST /session/a995b82d0df1730148f5e6c1edf10a41/execute/async - {"script":"<script> [123 bytes]","args":[]}
RESULT: {"script":"<script> [123 bytes]","args":[]}
COMMAND: POST /session/a995b82d0df1730148f5e6c1edf10a41/timeouts - {"script":"<number>"}
RESULT: {"script":"<number>"}
COMMAND: GET /session/a995b82d0df1730148f5e6c1edf10a41/timeouts - {}
RESULT: {}
RESULT: undefined
COMMAND: POST /session/a995b82d0df1730148f5e6c1edf10a41/execute/async - {"script":"<script> [2676 bytes]","args":[]}
RESULT: {"script":"<script> [2676 bytes]","args":[]}
COMMAND: POST /session/a995b82d0df1730148f5e6c1edf10a41/execute/async - {"script":"<script> [2342 bytes]","args":[{"protocol":"http","hostname":"0.0.0.0","path":"/","capabilities":{"browserName":"chrome","goog:chromeOptions":{"binary":"C:\\Program Files\\Google\\Chrome\\Application\\chrome.exe","args":["--start-maximized"]}},"logLevel":"warn","connectionRetryTimeout":120000,"connectionRetryCount":3,"logLevels":{},"enableDirectConnect":true,"strictSSL":true,"_":"65 more keys: [\"cacheDir\",\"port\",\"requestedCapabilities\",\"automationProtocol\",\"baseUrl\",\"waitforInterval\",\"waitforTimeout\",\"onReload\",\"beforeCommand\",\"afterCommand\",\"rootDir\",\"specs\",\"suites\",\"exclude\",\"groupLogsByTestSpec\",\"excludeDriverLogs\",\"bail\",\"framework\",\"reporters\",\"services\",\"maxInstances\",\"maxInstancesPerCapability\",\"injectGlobals\",\"filesToWatch\",\"execArgv\",\"runnerEnv\",\"runner\",\"shard\",\"specFileRetries\",\"specFileRetriesDelay\",\"specFileRetriesDeferred\",\"reporterSyncInterval\",\"reporterSyncTimeout\",\"cucumberFeaturesWithLineNumbers\",\"autoCompileOpts\",\"mochaOpts\",\"jasmineOpts\",\"cucumberOpts\",\"onPrepare\",\"onWorkerStart\",\"onWorkerEnd\",\"before\",\"beforeSession\",\"beforeSuite\",\"beforeHook\",\"beforeTest\",\"afterTest\",\"afterHook\",\"afterSuite\",\"afterSession\",\"after\",\"onComplete\",\"beforeAssertion\",\"afterAssertion\",\"beforeFeature\",\"beforeScenario\",\"beforeStep\",\"afterStep\",\"afterScenario\",\"afterFeature\",\"_\",\"suite\",\"$0\",\"ignoredWorkerServices\",\"wdi5\"]"}]}
RESULT: {"script":"<script> [2342 bytes]","args":[{"protocol":"http","hostname":"0.0.0.0","path":"/","capabilities":{"browserName":"chrome","goog:chromeOptions":{"binary":"C:\\Program Files\\Google\\Chrome\\Application\\chrome.exe","args":["--start-maximized"]}},"logLevel":"warn","connectionRetryTimeout":120000,"connectionRetryCount":3,"logLevels":{},"enableDirectConnect":true,"strictSSL":true,"_":"65 more keys: [\"cacheDir\",\"port\",\"requestedCapabilities\",\"automationProtocol\",\"baseUrl\",\"waitforInterval\",\"waitforTimeout\",\"onReload\",\"beforeCommand\",\"afterCommand\",\"rootDir\",\"specs\",\"suites\",\"exclude\",\"groupLogsByTestSpec\",\"excludeDriverLogs\",\"bail\",\"framework\",\"reporters\",\"services\",\"maxInstances\",\"maxInstancesPerCapability\",\"injectGlobals\",\"filesToWatch\",\"execArgv\",\"runnerEnv\",\"runner\",\"shard\",\"specFileRetries\",\"specFileRetriesDelay\",\"specFileRetriesDeferred\",\"reporterSyncInterval\",\"reporterSyncTimeout\",\"cucumberFeaturesWithLineNumbers\",\"autoCompileOpts\",\"mochaOpts\",\"jasmineOpts\",\"cucumberOpts\",\"onPrepare\",\"onWorkerStart\",\"onWorkerEnd\",\"before\",\"beforeSession\",\"beforeSuite\",\"beforeHook\",\"beforeTest\",\"afterTest\",\"afterHook\",\"afterSuite\",\"afterSession\",\"after\",\"onComplete\",\"beforeAssertion\",\"afterAssertion\",\"beforeFeature\",\"beforeScenario\",\"beforeStep\",\"afterStep\",\"afterScenario\",\"afterFeature\",\"_\",\"suite\",\"$0\",\"ignoredWorkerServices\",\"wdi5\"]"}]}
COMMAND: POST /session/a995b82d0df1730148f5e6c1edf10a41/execute/async - {"script":"<script> [21126 bytes]","args":[35000]}
RESULT: {"script":"<script> [21126 bytes]","args":[35000]}
]]></system-out>
      <system-err><![CDATA[
Error: element ("//input[contains(@id ,"application-billingtransfer-display-component---billingWorkbench--smartFilterBar-btnBasicSearch")]") still not existing after 45000ms
    at async UtilsPrerequisites.narrowDownSearchBT (D:\a\1\s\test\specs\BTS\prerequisites-and-utils-functions.js:2882:9)
    at async UtilsPrerequisites.billingTransfer (D:\a\1\s\test\specs\BTS\prerequisites-and-utils-functions.js:2807:9)
    at async Context.<anonymous> (D:\a\1\s\test\specs\BTS\billing-transfer-intracompany.spec.js:90:9)
]]></system-err>
    </testcase>
  </testsuite>
  <testsuite timestamp="2025-05-30T18:02:23" time="762.137" tests="12" failures="6" errors="6" skipped="0">
    <properties>
      <property name="specId" value="0"/>
      <property name="suiteName" value="Billing transfer US117289"/>
      <property name="capabilities" value="chrome.136_0_7103_93.windows"/>
      <property name="file" value="file:///D:/a/1/s/test/specs/BTS/billing-transfer.spec.js"/>
    </properties>
    <testcase classname="chrome.136_0_7103_93.windows.Billing_transfer_US117289" name="Should create a new yard" time="0.013">
      <system-out><![CDATA[
COMMAND: POST /session/a995b82d0df1730148f5e6c1edf10a41/window/fullscreen - {}
RESULT: {}
]]></system-out>
    </testcase>
    <testcase classname="chrome.136_0_7103_93.windows.Billing_transfer_US117289" name="Should create a new partner" time="0.004"/>
    <testcase classname="chrome.136_0_7103_93.windows.Billing_transfer_US117289" name="Should create a new site" time="0.004"/>
    <testcase classname="chrome.136_0_7103_93.windows.Billing_transfer_US117289" name="Should create a new equipment" time="149.161">
      <system-out><![CDATA[
COMMAND: POST /session/a995b82d0df1730148f5e6c1edf10a41/execute/async - {"script":"<script> [1562 bytes]","args":[{"selector":{"controlType":"sap.m.GenericTile","properties":{"header":"Manage Resources"}},"wdio_ui5_key":"sapm.GenericTile{\"header\":\"Manage Resources\"}"}]}
RESULT: {"script":"<script> [1562 bytes]","args":[{"selector":{"controlType":"sap.m.GenericTile","properties":{"header":"Manage Resources"}},"wdio_ui5_key":"sapm.GenericTile{\"header\":\"Manage Resources\"}"}]}
RESULT: undefined
COMMAND: POST /session/a995b82d0df1730148f5e6c1edf10a41/element - {"using":"xpath","value":"//*[@id=\"__tile39\"]"}
RESULT: {"using":"xpath","value":"//*[@id=\"__tile39\"]"}
COMMAND: POST /session/a995b82d0df1730148f5e6c1edf10a41/element/f.5AF93869D51CACD0ED0B7A3F3CCEB8C6.d.309CE6A067D5FFCB426CEF88C69231A6.e.10691/click - {}
RESULT: {}
COMMAND: GET /session/a995b82d0df1730148f5e6c1edf10a41/screenshot - {}
RESULT: {}
COMMAND: POST /session/a995b82d0df1730148f5e6c1edf10a41/elements - {"using":"xpath","value":"//span[text()='Error']"}
RESULT: {"using":"xpath","value":"//span[text()='Error']"}
COMMAND: POST /session/a995b82d0df1730148f5e6c1edf10a41/element - {"using":"xpath","value":"//button[@data-kt=\"addNewRUOverflowToolbarButton\"]"}
RESULT: {"using":"xpath","value":"//button[@data-kt=\"addNewRUOverflowToolbarButton\"]"}
COMMAND: POST /session/a995b82d0df1730148f5e6c1edf10a41/elements - {"using":"xpath","value":"//button[@data-kt=\"addNewRUOverflowToolbarButton\"]"}
RESULT: {"using":"xpath","value":"//button[@data-kt=\"addNewRUOverflowToolbarButton\"]"}
COMMAND: POST /session/a995b82d0df1730148f5e6c1edf10a41/elements - {"using":"xpath","value":"//button[@data-kt=\"addNewRUOverflowToolbarButton\"]"}
RESULT: {"using":"xpath","value":"//button[@data-kt=\"addNewRUOverflowToolbarButton\"]"}
COMMAND: POST /session/a995b82d0df1730148f5e6c1edf10a41/elements - {"using":"xpath","value":"//button[@data-kt=\"addNewRUOverflowToolbarButton\"]"}
RESULT: {"using":"xpath","value":"//button[@data-kt=\"addNewRUOverflowToolbarButton\"]"}
COMMAND: POST /session/a995b82d0df1730148f5e6c1edf10a41/elements - {"using":"xpath","value":"//button[@data-kt=\"addNewRUOverflowToolbarButton\"]"}
RESULT: {"using":"xpath","value":"//button[@data-kt=\"addNewRUOverflowToolbarButton\"]"}
COMMAND: POST /session/a995b82d0df1730148f5e6c1edf10a41/elements - {"using":"xpath","value":"//button[@data-kt=\"addNewRUOverflowToolbarButton\"]"}
RESULT: {"using":"xpath","value":"//button[@data-kt=\"addNewRUOverflowToolbarButton\"]"}
COMMAND: POST /session/a995b82d0df1730148f5e6c1edf10a41/elements - {"using":"xpath","value":"//button[@data-kt=\"addNewRUOverflowToolbarButton\"]"}
RESULT: {"using":"xpath","value":"//button[@data-kt=\"addNewRUOverflowToolbarButton\"]"}
COMMAND: POST /session/a995b82d0df1730148f5e6c1edf10a41/elements - {"using":"xpath","value":"//button[@data-kt=\"addNewRUOverflowToolbarButton\"]"}
RESULT: {"using":"xpath","value":"//button[@data-kt=\"addNewRUOverflowToolbarButton\"]"}
COMMAND: POST /session/a995b82d0df1730148f5e6c1edf10a41/elements - {"using":"xpath","value":"//button[@data-kt=\"addNewRUOverflowToolbarButton\"]"}
RESULT: {"using":"xpath","value":"//button[@data-kt=\"addNewRUOverflowToolbarButton\"]"}
COMMAND: POST /session/a995b82d0df1730148f5e6c1edf10a41/elements - {"using":"xpath","value":"//button[@data-kt=\"addNewRUOverflowToolbarButton\"]"}
RESULT: {"using":"xpath","value":"//button[@data-kt=\"addNewRUOverflowToolbarButton\"]"}
COMMAND: POST /session/a995b82d0df1730148f5e6c1edf10a41/elements - {"using":"xpath","value":"//button[@data-kt=\"addNewRUOverflowToolbarButton\"]"}
RESULT: {"using":"xpath","value":"//button[@data-kt=\"addNewRUOverflowToolbarButton\"]"}
COMMAND: POST /session/a995b82d0df1730148f5e6c1edf10a41/element - {"using":"xpath","value":"//button[@data-kt=\"addNewRUOverflowToolbarButton\"]"}
RESULT: {"using":"xpath","value":"//button[@data-kt=\"addNewRUOverflowToolbarButton\"]"}
COMMAND: POST /session/a995b82d0df1730148f5e6c1edf10a41/execute/sync - {"script":"<script> [8489 bytes]","args":[{"element-6066-11e4-a52e-4f735466cecf":"f.5AF93869D51CACD0ED0B7A3F3CCEB8C6.d.309CE6A067D5FFCB426CEF88C69231A6.e.10830","ELEMENT":"f.5AF93869D51CACD0ED0B7A3F3CCEB8C6.d.309CE6A067D5FFCB426CEF88C69231A6.e.10830"}]}
RESULT: {"script":"<script> [8489 bytes]","args":[{"element-6066-11e4-a52e-4f735466cecf":"f.5AF93869D51CACD0ED0B7A3F3CCEB8C6.d.309CE6A067D5FFCB426CEF88C69231A6.e.10830","ELEMENT":"f.5AF93869D51CACD0ED0B7A3F3CCEB8C6.d.309CE6A067D5FFCB426CEF88C69231A6.e.10830"}]}
COMMAND: GET /session/a995b82d0df1730148f5e6c1edf10a41/element/f.5AF93869D51CACD0ED0B7A3F3CCEB8C6.d.309CE6A067D5FFCB426CEF88C69231A6.e.10830/enabled - {}
COMMAND: GET /session/a995b82d0df1730148f5e6c1edf10a41/screenshot - {}
RESULT: {}
COMMAND: POST /session/a995b82d0df1730148f5e6c1edf10a41/execute/sync - {"script":"<script> [8489 bytes]","args":[{"element-6066-11e4-a52e-4f735466cecf":"f.5AF93869D51CACD0ED0B7A3F3CCEB8C6.d.309CE6A067D5FFCB426CEF88C69231A6.e.10830","ELEMENT":"f.5AF93869D51CACD0ED0B7A3F3CCEB8C6.d.309CE6A067D5FFCB426CEF88C69231A6.e.10830"}]}
COMMAND: GET /session/a995b82d0df1730148f5e6c1edf10a41/screenshot - {}
RESULT: {}
RESULT: {"script":"<script> [8489 bytes]","args":[{"element-6066-11e4-a52e-4f735466cecf":"f.5AF93869D51CACD0ED0B7A3F3CCEB8C6.d.309CE6A067D5FFCB426CEF88C69231A6.e.10830","ELEMENT":"f.5AF93869D51CACD0ED0B7A3F3CCEB8C6.d.309CE6A067D5FFCB426CEF88C69231A6.e.10830"}]}
COMMAND: POST /session/a995b82d0df1730148f5e6c1edf10a41/execute/sync - {"script":"<script> [5351 bytes]","args":[{"element-6066-11e4-a52e-4f735466cecf":"f.5AF93869D51CACD0ED0B7A3F3CCEB8C6.d.309CE6A067D5FFCB426CEF88C69231A6.e.10830","ELEMENT":"f.5AF93869D51CACD0ED0B7A3F3CCEB8C6.d.309CE6A067D5FFCB426CEF88C69231A6.e.10830"}]}
COMMAND: GET /session/a995b82d0df1730148f5e6c1edf10a41/screenshot - {}
RESULT: {}
RESULT: {"script":"<script> [5351 bytes]","args":[{"element-6066-11e4-a52e-4f735466cecf":"f.5AF93869D51CACD0ED0B7A3F3CCEB8C6.d.309CE6A067D5FFCB426CEF88C69231A6.e.10830","ELEMENT":"f.5AF93869D51CACD0ED0B7A3F3CCEB8C6.d.309CE6A067D5FFCB426CEF88C69231A6.e.10830"}]}
COMMAND: POST /session/a995b82d0df1730148f5e6c1edf10a41/element/f.5AF93869D51CACD0ED0B7A3F3CCEB8C6.d.309CE6A067D5FFCB426CEF88C69231A6.e.10830/click - {}
COMMAND: GET /session/a995b82d0df1730148f5e6c1edf10a41/screenshot - {}
RESULT: {}
RESULT: {}
COMMAND: GET /session/a995b82d0df1730148f5e6c1edf10a41/screenshot - {}
RESULT: {}
RESULT: {}
COMMAND: POST /session/a995b82d0df1730148f5e6c1edf10a41/execute/async - {"script":"<script> [1562 bytes]","args":[{"selector":{"id":"application-manageresources-display-component---newResourceUnit--TYPE-arrow"},"wdio_ui5_key":"applicationmanageresources-display-component---newResourceUnit--TYPE-arrow"}]}
RESULT: {"script":"<script> [1562 bytes]","args":[{"selector":{"id":"application-manageresources-display-component---newResourceUnit--TYPE-arrow"},"wdio_ui5_key":"applicationmanageresources-display-component---newResourceUnit--TYPE-arrow"}]}
RESULT: undefined
COMMAND: POST /session/a995b82d0df1730148f5e6c1edf10a41/element - {"using":"xpath","value":"//*[@id=\"application-manageresources-display-component---newResourceUnit--TYPE-arrow\"]"}
RESULT: {"using":"xpath","value":"//*[@id=\"application-manageresources-display-component---newResourceUnit--TYPE-arrow\"]"}
COMMAND: POST /session/a995b82d0df1730148f5e6c1edf10a41/element/f.5AF93869D51CACD0ED0B7A3F3CCEB8C6.d.309CE6A067D5FFCB426CEF88C69231A6.e.11187/click - {}
RESULT: {}
COMMAND: POST /session/a995b82d0df1730148f5e6c1edf10a41/element - {"using":"xpath","value":"//input[@id=\"application-manageresources-display-component---newResourceUnit--TYPE-inner\"]"}
COMMAND: GET /session/a995b82d0df1730148f5e6c1edf10a41/screenshot - {}
RESULT: {"using":"xpath","value":"//input[@id=\"application-manageresources-display-component---newResourceUnit--TYPE-inner\"]"}
COMMAND: POST /session/a995b82d0df1730148f5e6c1edf10a41/element/f.5AF93869D51CACD0ED0B7A3F3CCEB8C6.d.309CE6A067D5FFCB426CEF88C69231A6.e.11183/clear - {}
RESULT: {}
RESULT: {}
COMMAND: POST /session/a995b82d0df1730148f5e6c1edf10a41/element/f.5AF93869D51CACD0ED0B7A3F3CCEB8C6.d.309CE6A067D5FFCB426CEF88C69231A6.e.11183/value - {"text":"Equipment"}
COMMAND: GET /session/a995b82d0df1730148f5e6c1edf10a41/screenshot - {}
RESULT: {"text":"Equipment"}
COMMAND: GET /session/a995b82d0df1730148f5e6c1edf10a41/screenshot - {}
RESULT: {}
RESULT: {}
COMMAND: POST /session/a995b82d0df1730148f5e6c1edf10a41/actions - {"actions":[{"id":"action35","type":"key","parameters":{},"actions":[{"type":"keyDown","value":""},{"type":"pause","duration":10},{"type":"keyUp","value":""}]}]}
RESULT: {"actions":[{"id":"action35","type":"key","parameters":{},"actions":[{"type":"keyDown","value":""},{"type":"pause","duration":10},{"type":"keyUp","value":""}]}]}
COMMAND: POST /session/a995b82d0df1730148f5e6c1edf10a41/execute/async - {"script":"<script> [1562 bytes]","args":[{"selector":{"id":"application-manageresources-display-component---newResourceUnit--resourceId","interaction":{"idSuffix":"inner"}},"wdio_ui5_key":"applicationmanageresources-display-component---newResourceUnit--resourceId"}]}
COMMAND: GET /session/a995b82d0df1730148f5e6c1edf10a41/screenshot - {}
RESULT: {"script":"<script> [1562 bytes]","args":[{"selector":{"id":"application-manageresources-display-component---newResourceUnit--resourceId","interaction":{"idSuffix":"inner"}},"wdio_ui5_key":"applicationmanageresources-display-component---newResourceUnit--resourceId"}]}
RESULT: undefined
COMMAND: POST /session/a995b82d0df1730148f5e6c1edf10a41/execute/async - {"script":"<script> [776 bytes]","args":[{"enterText":"zYWbxwSXn4","selector":{"id":"application-manageresources-display-component---newResourceUnit--resourceId","interaction":{"idSuffix":"inner"}},"clearTextFirst":true,"interactionType":"ENTER_TEXT"}]}
RESULT: {}
RESULT: {"script":"<script> [776 bytes]","args":[{"enterText":"zYWbxwSXn4","selector":{"id":"application-manageresources-display-component---newResourceUnit--resourceId","interaction":{"idSuffix":"inner"}},"clearTextFirst":true,"interactionType":"ENTER_TEXT"}]}
COMMAND: POST /session/a995b82d0df1730148f5e6c1edf10a41/execute/async - {"script":"<script> [1562 bytes]","args":[{"selector":{"id":"application-manageresources-display-component---newResourceUnit--SHORT_TEXT","interaction":{"idSuffix":"inner"}},"wdio_ui5_key":"applicationmanageresources-display-component---newResourceUnit--SHORT_TEXT"}]}
RESULT: {"script":"<script> [1562 bytes]","args":[{"selector":{"id":"application-manageresources-display-component---newResourceUnit--SHORT_TEXT","interaction":{"idSuffix":"inner"}},"wdio_ui5_key":"applicationmanageresources-display-component---newResourceUnit--SHORT_TEXT"}]}
RESULT: undefined
COMMAND: POST /session/a995b82d0df1730148f5e6c1edf10a41/execute/async - {"script":"<script> [776 bytes]","args":[{"enterText":"Intercompany Equipment WDIO","selector":{"id":"application-manageresources-display-component---newResourceUnit--SHORT_TEXT","interaction":{"idSuffix":"inner"}},"clearTextFirst":true,"interactionType":"ENTER_TEXT"}]}
RESULT: {"script":"<script> [776 bytes]","args":[{"enterText":"Intercompany Equipment WDIO","selector":{"id":"application-manageresources-display-component---newResourceUnit--SHORT_TEXT","interaction":{"idSuffix":"inner"}},"clearTextFirst":true,"interactionType":"ENTER_TEXT"}]}
COMMAND: POST /session/a995b82d0df1730148f5e6c1edf10a41/execute/async - {"script":"<script> [1562 bytes]","args":[{"selector":{"id":"application-manageresources-display-component---newResourceUnit--BASE_UNIT_OF_MEASURE","interaction":{"idSuffix":"inner"}},"wdio_ui5_key":"applicationmanageresources-display-component---newResourceUnit--BASE_UNIT_OF_MEASURE"}]}
RESULT: {"script":"<script> [1562 bytes]","args":[{"selector":{"id":"application-manageresources-display-component---newResourceUnit--BASE_UNIT_OF_MEASURE","interaction":{"idSuffix":"inner"}},"wdio_ui5_key":"applicationmanageresources-display-component---newResourceUnit--BASE_UNIT_OF_MEASURE"}]}
RESULT: undefined
COMMAND: POST /session/a995b82d0df1730148f5e6c1edf10a41/execute/async - {"script":"<script> [776 bytes]","args":[{"enterText":"Piece","selector":{"id":"application-manageresources-display-component---newResourceUnit--BASE_UNIT_OF_MEASURE","interaction":{"idSuffix":"inner"}},"clearTextFirst":true,"interactionType":"ENTER_TEXT"}]}
RESULT: {"script":"<script> [776 bytes]","args":[{"enterText":"Piece","selector":{"id":"application-manageresources-display-component---newResourceUnit--BASE_UNIT_OF_MEASURE","interaction":{"idSuffix":"inner"}},"clearTextFirst":true,"interactionType":"ENTER_TEXT"}]}
COMMAND: POST /session/a995b82d0df1730148f5e6c1edf10a41/execute/async - {"script":"<script> [1562 bytes]","args":[{"selector":{"id":"application-manageresources-display-component---newResourceUnit--WEIGHT_UNIT","interaction":{"idSuffix":"inner"}},"wdio_ui5_key":"applicationmanageresources-display-component---newResourceUnit--WEIGHT_UNIT"}]}
RESULT: {"script":"<script> [1562 bytes]","args":[{"selector":{"id":"application-manageresources-display-component---newResourceUnit--WEIGHT_UNIT","interaction":{"idSuffix":"inner"}},"wdio_ui5_key":"applicationmanageresources-display-component---newResourceUnit--WEIGHT_UNIT"}]}
RESULT: undefined
COMMAND: POST /session/a995b82d0df1730148f5e6c1edf10a41/execute/async - {"script":"<script> [776 bytes]","args":[{"enterText":"Gram","selector":{"id":"application-manageresources-display-component---newResourceUnit--WEIGHT_UNIT","interaction":{"idSuffix":"inner"}},"clearTextFirst":true,"interactionType":"ENTER_TEXT"}]}
RESULT: {"script":"<script> [776 bytes]","args":[{"enterText":"Gram","selector":{"id":"application-manageresources-display-component---newResourceUnit--WEIGHT_UNIT","interaction":{"idSuffix":"inner"}},"clearTextFirst":true,"interactionType":"ENTER_TEXT"}]}
COMMAND: POST /session/a995b82d0df1730148f5e6c1edf10a41/execute/async - {"script":"<script> [1562 bytes]","args":[{"selector":{"id":"application-manageresources-display-component---newResourceUnit--DIMENSION_UNIT","interaction":{"idSuffix":"inner"}},"wdio_ui5_key":"applicationmanageresources-display-component---newResourceUnit--DIMENSION_UNIT"}]}
RESULT: {"script":"<script> [1562 bytes]","args":[{"selector":{"id":"application-manageresources-display-component---newResourceUnit--DIMENSION_UNIT","interaction":{"idSuffix":"inner"}},"wdio_ui5_key":"applicationmanageresources-display-component---newResourceUnit--DIMENSION_UNIT"}]}
RESULT: undefined
COMMAND: POST /session/a995b82d0df1730148f5e6c1edf10a41/execute/async - {"script":"<script> [776 bytes]","args":[{"enterText":"Meter","selector":{"id":"application-manageresources-display-component---newResourceUnit--DIMENSION_UNIT","interaction":{"idSuffix":"inner"}},"clearTextFirst":true,"interactionType":"ENTER_TEXT"}]}
RESULT: {"script":"<script> [776 bytes]","args":[{"enterText":"Meter","selector":{"id":"application-manageresources-display-component---newResourceUnit--DIMENSION_UNIT","interaction":{"idSuffix":"inner"}},"clearTextFirst":true,"interactionType":"ENTER_TEXT"}]}
COMMAND: POST /session/a995b82d0df1730148f5e6c1edf10a41/execute/async - {"script":"<script> [1562 bytes]","args":[{"selector":{"id":"application-manageresources-display-component---newResourceUnit--newRRUPage-anchBar-application-manageresources-display-component---newResourceUnit--control-anchor","interaction":{"idSuffix":"BDI-content"}},"wdio_ui5_key":"applicationmanageresources-display-component---newResourceUnit--newRRUPage-anchBar-application-manageresources-display-component---newResourceUnit--control-anchor"}]}
RESULT: {"script":"<script> [1562 bytes]","args":[{"selector":{"id":"application-manageresources-display-component---newResourceUnit--newRRUPage-anchBar-application-manageresources-display-component---newResourceUnit--control-anchor","interaction":{"idSuffix":"BDI-content"}},"wdio_ui5_key":"applicationmanageresources-display-component---newResourceUnit--newRRUPage-anchBar-application-manageresources-display-component---newResourceUnit--control-anchor"}]}
RESULT: undefined
COMMAND: POST /session/a995b82d0df1730148f5e6c1edf10a41/element - {"using":"xpath","value":"//*[@id=\"application-manageresources-display-component---newResourceUnit--newRRUPage-anchBar-application-manageresources-display-component---newResourceUnit--control-anchor\"]"}
RESULT: {"using":"xpath","value":"//*[@id=\"application-manageresources-display-component---newResourceUnit--newRRUPage-anchBar-application-manageresources-display-component---newResourceUnit--control-anchor\"]"}
COMMAND: POST /session/a995b82d0df1730148f5e6c1edf10a41/element/f.5AF93869D51CACD0ED0B7A3F3CCEB8C6.d.309CE6A067D5FFCB426CEF88C69231A6.e.11346/click - {}
RESULT: {}
COMMAND: POST /session/a995b82d0df1730148f5e6c1edf10a41/execute/async - {"script":"<script> [1562 bytes]","args":[{"selector":{"id":"application-manageresources-display-component---newResourceUnit--PLANNING_GROUP","interaction":{"idSuffix":"inner"}},"wdio_ui5_key":"applicationmanageresources-display-component---newResourceUnit--PLANNING_GROUP"}]}
COMMAND: GET /session/a995b82d0df1730148f5e6c1edf10a41/screenshot - {}
RESULT: {"script":"<script> [1562 bytes]","args":[{"selector":{"id":"application-manageresources-display-component---newResourceUnit--PLANNING_GROUP","interaction":{"idSuffix":"inner"}},"wdio_ui5_key":"applicationmanageresources-display-component---newResourceUnit--PLANNING_GROUP"}]}
RESULT: undefined
COMMAND: POST /session/a995b82d0df1730148f5e6c1edf10a41/execute/async - {"script":"<script> [776 bytes]","args":[{"enterText":"Heavy Equi","selector":{"id":"application-manageresources-display-component---newResourceUnit--PLANNING_GROUP","interaction":{"idSuffix":"inner"}},"clearTextFirst":true,"interactionType":"ENTER_TEXT"}]}
RESULT: {}
RESULT: {"script":"<script> [776 bytes]","args":[{"enterText":"Heavy Equi","selector":{"id":"application-manageresources-display-component---newResourceUnit--PLANNING_GROUP","interaction":{"idSuffix":"inner"}},"clearTextFirst":true,"interactionType":"ENTER_TEXT"}]}
COMMAND: POST /session/a995b82d0df1730148f5e6c1edf10a41/execute/async - {"script":"<script> [1562 bytes]","args":[{"selector":{"id":"application-manageresources-display-component---newResourceUnit--ITEM_TYPE-arrow"},"wdio_ui5_key":"applicationmanageresources-display-component---newResourceUnit--ITEM_TYPE-arrow"}]}
RESULT: {"script":"<script> [1562 bytes]","args":[{"selector":{"id":"application-manageresources-display-component---newResourceUnit--ITEM_TYPE-arrow"},"wdio_ui5_key":"applicationmanageresources-display-component---newResourceUnit--ITEM_TYPE-arrow"}]}
RESULT: undefined
COMMAND: POST /session/a995b82d0df1730148f5e6c1edf10a41/element - {"using":"xpath","value":"//*[@id=\"application-manageresources-display-component---newResourceUnit--ITEM_TYPE-arrow\"]"}
RESULT: {"using":"xpath","value":"//*[@id=\"application-manageresources-display-component---newResourceUnit--ITEM_TYPE-arrow\"]"}
COMMAND: POST /session/a995b82d0df1730148f5e6c1edf10a41/element/f.5AF93869D51CACD0ED0B7A3F3CCEB8C6.d.309CE6A067D5FFCB426CEF88C69231A6.e.11353/click - {}
RESULT: {}
COMMAND: POST /session/a995b82d0df1730148f5e6c1edf10a41/element - {"using":"xpath","value":"//ul[contains(@id,\"ITEM_TYPE-popup-list-listUl\")]//li[.//span[contains(text(),\"Resource Unit\")]]"}
COMMAND: GET /session/a995b82d0df1730148f5e6c1edf10a41/screenshot - {}
RESULT: {"using":"xpath","value":"//ul[contains(@id,\"ITEM_TYPE-popup-list-listUl\")]//li[.//span[contains(text(),\"Resource Unit\")]]"}
COMMAND: POST /session/a995b82d0df1730148f5e6c1edf10a41/element/f.5AF93869D51CACD0ED0B7A3F3CCEB8C6.d.309CE6A067D5FFCB426CEF88C69231A6.e.11354/click - {}
RESULT: {}
RESULT: {}
COMMAND: GET /session/a995b82d0df1730148f5e6c1edf10a41/screenshot - {}
RESULT: {}
COMMAND: POST /session/a995b82d0df1730148f5e6c1edf10a41/element - {"using":"css selector","value":"#application-manageresources-display-component---newResourceUnit--btnAddTimeSegment"}
RESULT: {"using":"css selector","value":"#application-manageresources-display-component---newResourceUnit--btnAddTimeSegment"}
COMMAND: GET /session/a995b82d0df1730148f5e6c1edf10a41/element/f.5AF93869D51CACD0ED0B7A3F3CCEB8C6.d.309CE6A067D5FFCB426CEF88C69231A6.e.11361/rect - {}
RESULT: {}
COMMAND: GET /session/a995b82d0df1730148f5e6c1edf10a41/window/rect - {}
RESULT: {}
COMMAND: POST /session/a995b82d0df1730148f5e6c1edf10a41/execute/sync - {"script":"<script> [92 bytes]","args":[]}
RESULT: {"script":"<script> [92 bytes]","args":[]}
COMMAND: POST /session/a995b82d0df1730148f5e6c1edf10a41/actions - {"actions":[{"id":"action36","type":"wheel","parameters":{},"actions":[{"type":"scroll","x":-1888,"y":-32,"deltaX":0,"deltaY":0,"duration":0,"origin":{"element-6066-11e4-a52e-4f735466cecf":"f.5AF93869D51CACD0ED0B7A3F3CCEB8C6.d.309CE6A067D5FFCB426CEF88C69231A6.e.11361"}}]}]}
COMMAND: GET /session/a995b82d0df1730148f5e6c1edf10a41/screenshot - {}
RESULT: {}
COMMAND: POST /session/a995b82d0df1730148f5e6c1edf10a41/execute/sync - {"script":"<script> [79 bytes]","args":[{"element-6066-11e4-a52e-4f735466cecf":"f.5AF93869D51CACD0ED0B7A3F3CCEB8C6.d.309CE6A067D5FFCB426CEF88C69231A6.e.11361","ELEMENT":"f.5AF93869D51CACD0ED0B7A3F3CCEB8C6.d.309CE6A067D5FFCB426CEF88C69231A6.e.11361"},{"block":"start","inline":"nearest"}]}
RESULT: {"script":"<script> [79 bytes]","args":[{"element-6066-11e4-a52e-4f735466cecf":"f.5AF93869D51CACD0ED0B7A3F3CCEB8C6.d.309CE6A067D5FFCB426CEF88C69231A6.e.11361","ELEMENT":"f.5AF93869D51CACD0ED0B7A3F3CCEB8C6.d.309CE6A067D5FFCB426CEF88C69231A6.e.11361"},{"block":"start","inline":"nearest"}]}
COMMAND: POST /session/a995b82d0df1730148f5e6c1edf10a41/execute/async - {"script":"<script> [1562 bytes]","args":[{"selector":{"id":"application-manageresources-display-component---newResourceUnit--btnAddTimeSegment","interaction":{"idSuffix":"inner"}},"wdio_ui5_key":"applicationmanageresources-display-component---newResourceUnit--btnAddTimeSegment"}]}
COMMAND: GET /session/a995b82d0df1730148f5e6c1edf10a41/screenshot - {}
RESULT: {"script":"<script> [1562 bytes]","args":[{"selector":{"id":"application-manageresources-display-component---newResourceUnit--btnAddTimeSegment","interaction":{"idSuffix":"inner"}},"wdio_ui5_key":"applicationmanageresources-display-component---newResourceUnit--btnAddTimeSegment"}]}
RESULT: undefined
COMMAND: POST /session/a995b82d0df1730148f5e6c1edf10a41/element - {"using":"xpath","value":"//*[@id=\"application-manageresources-display-component---newResourceUnit--btnAddTimeSegment\"]"}
RESULT: {}
RESULT: {"using":"xpath","value":"//*[@id=\"application-manageresources-display-component---newResourceUnit--btnAddTimeSegment\"]"}
COMMAND: POST /session/a995b82d0df1730148f5e6c1edf10a41/element/f.5AF93869D51CACD0ED0B7A3F3CCEB8C6.d.309CE6A067D5FFCB426CEF88C69231A6.e.11361/click - {}
RESULT: {}
COMMAND: GET /session/a995b82d0df1730148f5e6c1edf10a41/screenshot - {}
RESULT: {}
COMMAND: POST /session/a995b82d0df1730148f5e6c1edf10a41/element - {"using":"xpath","value":"//input[@id=\"application-manageresources-display-component---newResourceUnit--idRuTSAdmin-application-manageresources-display-component---newResourceUnit--RUTimeSegment-0-inner\"]"}
RESULT: {"using":"xpath","value":"//input[@id=\"application-manageresources-display-component---newResourceUnit--idRuTSAdmin-application-manageresources-display-component---newResourceUnit--RUTimeSegment-0-inner\"]"}
COMMAND: POST /session/a995b82d0df1730148f5e6c1edf10a41/element/f.5AF93869D51CACD0ED0B7A3F3CCEB8C6.d.309CE6A067D5FFCB426CEF88C69231A6.e.11367/clear - {}
RESULT: {}
COMMAND: POST /session/a995b82d0df1730148f5e6c1edf10a41/element/f.5AF93869D51CACD0ED0B7A3F3CCEB8C6.d.309CE6A067D5FFCB426CEF88C69231A6.e.11367/value - {"text":"509"}
COMMAND: GET /session/a995b82d0df1730148f5e6c1edf10a41/screenshot - {}
RESULT: {"text":"509"}
COMMAND: GET /session/a995b82d0df1730148f5e6c1edf10a41/screenshot - {}
RESULT: {}
RESULT: {}
COMMAND: POST /session/a995b82d0df1730148f5e6c1edf10a41/element - {"using":"xpath","value":"//li[.//span[text()='509']]"}
RESULT: {"using":"xpath","value":"//li[.//span[text()='509']]"}
COMMAND: POST /session/a995b82d0df1730148f5e6c1edf10a41/element/f.5AF93869D51CACD0ED0B7A3F3CCEB8C6.d.309CE6A067D5FFCB426CEF88C69231A6.e.11379/click - {}
RESULT: {}
COMMAND: GET /session/a995b82d0df1730148f5e6c1edf10a41/screenshot - {}
RESULT: {}
COMMAND: POST /session/a995b82d0df1730148f5e6c1edf10a41/element - {"using":"xpath","value":"(//span[contains(@id, \"-application-manageresources-display-component---newResourceUnit--RUTimeSegment-0-arrow\")])[6]"}
RESULT: {"using":"xpath","value":"(//span[contains(@id, \"-application-manageresources-display-component---newResourceUnit--RUTimeSegment-0-arrow\")])[6]"}
COMMAND: POST /session/a995b82d0df1730148f5e6c1edf10a41/element/f.5AF93869D51CACD0ED0B7A3F3CCEB8C6.d.309CE6A067D5FFCB426CEF88C69231A6.e.11380/click - {}
RESULT: {}
COMMAND: GET /session/a995b82d0df1730148f5e6c1edf10a41/screenshot - {}
RESULT: {}
COMMAND: POST /session/a995b82d0df1730148f5e6c1edf10a41/element - {"using":"xpath","value":"//span[contains(text(), \"PM Order\")]"}
RESULT: {"using":"xpath","value":"//span[contains(text(), \"PM Order\")]"}
COMMAND: POST /session/a995b82d0df1730148f5e6c1edf10a41/element/f.5AF93869D51CACD0ED0B7A3F3CCEB8C6.d.309CE6A067D5FFCB426CEF88C69231A6.e.11383/click - {}
RESULT: {}
COMMAND: GET /session/a995b82d0df1730148f5e6c1edf10a41/screenshot - {}
RESULT: {}
COMMAND: POST /session/a995b82d0df1730148f5e6c1edf10a41/element - {"using":"xpath","value":"(//span[contains(@id ,\"manageresources-display-component---newResourceUnit--RUTimeSegment-0-vhi\")])[1]"}
RESULT: {"using":"xpath","value":"(//span[contains(@id ,\"manageresources-display-component---newResourceUnit--RUTimeSegment-0-vhi\")])[1]"}
COMMAND: GET /session/a995b82d0df1730148f5e6c1edf10a41/element/f.5AF93869D51CACD0ED0B7A3F3CCEB8C6.d.309CE6A067D5FFCB426CEF88C69231A6.e.11387/rect - {}
RESULT: {}
COMMAND: GET /session/a995b82d0df1730148f5e6c1edf10a41/window/rect - {}
RESULT: {}
COMMAND: POST /session/a995b82d0df1730148f5e6c1edf10a41/execute/sync - {"script":"<script> [92 bytes]","args":[]}
RESULT: {"script":"<script> [92 bytes]","args":[]}
COMMAND: POST /session/a995b82d0df1730148f5e6c1edf10a41/actions - {"actions":[{"id":"action37","type":"wheel","parameters":{},"actions":[{"type":"scroll","x":-869,"y":-24,"deltaX":0,"deltaY":0,"duration":0,"origin":{"element-6066-11e4-a52e-4f735466cecf":"f.5AF93869D51CACD0ED0B7A3F3CCEB8C6.d.309CE6A067D5FFCB426CEF88C69231A6.e.11387"}}]}]}
COMMAND: GET /session/a995b82d0df1730148f5e6c1edf10a41/screenshot - {}
RESULT: {"actions":[{"id":"action37","type":"wheel","parameters":{},"actions":[{"type":"scroll","x":-869,"y":-24,"deltaX":0,"deltaY":0,"duration":0,"origin":{"element-6066-11e4-a52e-4f735466cecf":"f.5AF93869D51CACD0ED0B7A3F3CCEB8C6.d.309CE6A067D5FFCB426CEF88C69231A6.e.11387"}}]}]}
COMMAND: DELETE /session/a995b82d0df1730148f5e6c1edf10a41/actions - {}
COMMAND: GET /session/a995b82d0df1730148f5e6c1edf10a41/screenshot - {}
RESULT: {}
RESULT: {}
RESULT: {}
COMMAND: GET /session/a995b82d0df1730148f5e6c1edf10a41/screenshot - {}
RESULT: {}
COMMAND: POST /session/a995b82d0df1730148f5e6c1edf10a41/element/f.5AF93869D51CACD0ED0B7A3F3CCEB8C6.d.309CE6A067D5FFCB426CEF88C69231A6.e.11387/click - {}
RESULT: {}
COMMAND: GET /session/a995b82d0df1730148f5e6c1edf10a41/screenshot - {}
RESULT: {}
COMMAND: POST /session/a995b82d0df1730148f5e6c1edf10a41/execute/async - {"script":"<script> [1562 bytes]","args":[{"selector":{"controlType":"sap.m.SearchField","properties":{"placeholder":"Search"},"searchOpenDialogs":true,"interaction":{"idSuffix":"I"}},"wdio_ui5_key":"sapm.SearchField{\"placeholder\":\"Search\"}"}]}
RESULT: {"script":"<script> [1562 bytes]","args":[{"selector":{"controlType":"sap.m.SearchField","properties":{"placeholder":"Search"},"searchOpenDialogs":true,"interaction":{"idSuffix":"I"}},"wdio_ui5_key":"sapm.SearchField{\"placeholder\":\"Search\"}"}]}
RESULT: undefined
COMMAND: POST /session/a995b82d0df1730148f5e6c1edf10a41/execute/async - {"script":"<script> [776 bytes]","args":[{"enterText":"4000360","selector":{"controlType":"sap.m.SearchField","properties":{"placeholder":"Search"},"searchOpenDialogs":true,"interaction":{"idSuffix":"I"}},"clearTextFirst":true,"interactionType":"ENTER_TEXT"}]}
RESULT: {"script":"<script> [776 bytes]","args":[{"enterText":"4000360","selector":{"controlType":"sap.m.SearchField","properties":{"placeholder":"Search"},"searchOpenDialogs":true,"interaction":{"idSuffix":"I"}},"clearTextFirst":true,"interactionType":"ENTER_TEXT"}]}
COMMAND: POST /session/a995b82d0df1730148f5e6c1edf10a41/actions - {"actions":[{"id":"action38","type":"key","parameters":{},"actions":[{"type":"keyDown","value":""},{"type":"pause","duration":10},{"type":"keyUp","value":""}]}]}
RESULT: {"actions":[{"id":"action38","type":"key","parameters":{},"actions":[{"type":"keyDown","value":""},{"type":"pause","duration":10},{"type":"keyUp","value":""}]}]}
COMMAND: GET /session/a995b82d0df1730148f5e6c1edf10a41/screenshot - {}
RESULT: {}
COMMAND: POST /session/a995b82d0df1730148f5e6c1edf10a41/element - {"using":"xpath","value":"//td/div/span[contains(text(), \"BGL Vehicles\")]"}
RESULT: {"using":"xpath","value":"//td/div/span[contains(text(), \"BGL Vehicles\")]"}
COMMAND: POST /session/a995b82d0df1730148f5e6c1edf10a41/element/f.5AF93869D51CACD0ED0B7A3F3CCEB8C6.d.309CE6A067D5FFCB426CEF88C69231A6.e.11410/click - {}
RESULT: {}
COMMAND: GET /session/a995b82d0df1730148f5e6c1edf10a41/screenshot - {}
RESULT: {}
COMMAND: POST /session/a995b82d0df1730148f5e6c1edf10a41/element - {"using":"xpath","value":"//bdi[contains(text(), \"OK\")]"}
RESULT: {"using":"xpath","value":"//bdi[contains(text(), \"OK\")]"}
COMMAND: POST /session/a995b82d0df1730148f5e6c1edf10a41/element/f.5AF93869D51CACD0ED0B7A3F3CCEB8C6.d.309CE6A067D5FFCB426CEF88C69231A6.e.11411/click - {}
RESULT: {}
COMMAND: GET /session/a995b82d0df1730148f5e6c1edf10a41/screenshot - {}
RESULT: {}
COMMAND: POST /session/a995b82d0df1730148f5e6c1edf10a41/execute/async - {"script":"<script> [1562 bytes]","args":[{"selector":{"id":"application-manageresources-display-component---newResourceUnit--newRRUPage-anchBar-application-manageresources-display-component---newResourceUnit--resource-anchor","interaction":{"idSuffix":"BDI-content"}},"wdio_ui5_key":"applicationmanageresources-display-component---newResourceUnit--newRRUPage-anchBar-application-manageresources-display-component---newResourceUnit--resource-anchor"}]}
RESULT: {"script":"<script> [1562 bytes]","args":[{"selector":{"id":"application-manageresources-display-component---newResourceUnit--newRRUPage-anchBar-application-manageresources-display-component---newResourceUnit--resource-anchor","interaction":{"idSuffix":"BDI-content"}},"wdio_ui5_key":"applicationmanageresources-display-component---newResourceUnit--newRRUPage-anchBar-application-manageresources-display-component---newResourceUnit--resource-anchor"}]}
RESULT: undefined
COMMAND: POST /session/a995b82d0df1730148f5e6c1edf10a41/element - {"using":"xpath","value":"//*[@id=\"application-manageresources-display-component---newResourceUnit--newRRUPage-anchBar-application-manageresources-display-component---newResourceUnit--resource-anchor\"]"}
RESULT: {"using":"xpath","value":"//*[@id=\"application-manageresources-display-component---newResourceUnit--newRRUPage-anchBar-application-manageresources-display-component---newResourceUnit--resource-anchor\"]"}
COMMAND: POST /session/a995b82d0df1730148f5e6c1edf10a41/element/f.5AF93869D51CACD0ED0B7A3F3CCEB8C6.d.309CE6A067D5FFCB426CEF88C69231A6.e.11415/click - {}
RESULT: {}
COMMAND: POST /session/a995b82d0df1730148f5e6c1edf10a41/execute/async - {"script":"<script> [1562 bytes]","args":[{"selector":{"id":"application-manageresources-display-component---newResourceUnit--PLANNED_DELIVERY_DATE","interaction":{"idSuffix":"inner"}},"wdio_ui5_key":"applicationmanageresources-display-component---newResourceUnit--PLANNED_DELIVERY_DATE"}]}
COMMAND: GET /session/a995b82d0df1730148f5e6c1edf10a41/screenshot - {}
RESULT: {"script":"<script> [1562 bytes]","args":[{"selector":{"id":"application-manageresources-display-component---newResourceUnit--PLANNED_DELIVERY_DATE","interaction":{"idSuffix":"inner"}},"wdio_ui5_key":"applicationmanageresources-display-component---newResourceUnit--PLANNED_DELIVERY_DATE"}]}
RESULT: undefined
COMMAND: POST /session/a995b82d0df1730148f5e6c1edf10a41/execute/async - {"script":"<script> [6424 bytes]","args":[{"element-6066-11e4-a52e-4f735466cecf":"f.5AF93869D51CACD0ED0B7A3F3CCEB8C6.d.309CE6A067D5FFCB426CEF88C69231A6.e.11244"},"setValue",["5/30/25"]]}
RESULT: {}
RESULT: {"script":"<script> [6424 bytes]","args":[{"element-6066-11e4-a52e-4f735466cecf":"f.5AF93869D51CACD0ED0B7A3F3CCEB8C6.d.309CE6A067D5FFCB426CEF88C69231A6.e.11244"},"setValue",["5/30/25"]]}
COMMAND: POST /session/a995b82d0df1730148f5e6c1edf10a41/element - {"using":"xpath","value":"//label[contains(@class, 'sapMLabelRequired') and .//bdi[contains(text(), 'Planned Retirement')]]"}
RESULT: {"using":"xpath","value":"//label[contains(@class, 'sapMLabelRequired') and .//bdi[contains(text(), 'Planned Retirement')]]"}
COMMAND: POST /session/a995b82d0df1730148f5e6c1edf10a41/elements - {"using":"xpath","value":"//label[contains(@class, 'sapMLabelRequired') and .//bdi[contains(text(), 'Planned Retirement')]]"}
RESULT: {"using":"xpath","value":"//label[contains(@class, 'sapMLabelRequired') and .//bdi[contains(text(), 'Planned Retirement')]]"}
COMMAND: POST /session/a995b82d0df1730148f5e6c1edf10a41/element - {"using":"xpath","value":"//button[@data-kt=\"resourceUnitSaveButton\"]"}
RESULT: {"using":"xpath","value":"//button[@data-kt=\"resourceUnitSaveButton\"]"}
COMMAND: POST /session/a995b82d0df1730148f5e6c1edf10a41/element/f.5AF93869D51CACD0ED0B7A3F3CCEB8C6.d.309CE6A067D5FFCB426CEF88C69231A6.e.11203/click - {}
RESULT: {}
COMMAND: GET /session/a995b82d0df1730148f5e6c1edf10a41/screenshot - {}
RESULT: {}
COMMAND: POST /session/a995b82d0df1730148f5e6c1edf10a41/element - {"using":"xpath","value":"//bdi[contains(text(), \"Close\")]"}
RESULT: {"using":"xpath","value":"//bdi[contains(text(), \"Close\")]"}
COMMAND: POST /session/a995b82d0df1730148f5e6c1edf10a41/element/f.5AF93869D51CACD0ED0B7A3F3CCEB8C6.d.309CE6A067D5FFCB426CEF88C69231A6.e.11423/click - {}
RESULT: {}
COMMAND: GET /session/a995b82d0df1730148f5e6c1edf10a41/screenshot - {}
RESULT: {}
COMMAND: POST /session/a995b82d0df1730148f5e6c1edf10a41/element - {"using":"xpath","value":"(//button[contains(@id ,\"actionsToolbar-overflowButton\")])[1]"}
RESULT: {"using":"xpath","value":"(//button[contains(@id ,\"actionsToolbar-overflowButton\")])[1]"}
COMMAND: POST /session/a995b82d0df1730148f5e6c1edf10a41/element/f.5AF93869D51CACD0ED0B7A3F3CCEB8C6.d.309CE6A067D5FFCB426CEF88C69231A6.e.11492/click - {}
RESULT: {}
COMMAND: GET /session/a995b82d0df1730148f5e6c1edf10a41/screenshot - {}
RESULT: {}
COMMAND: POST /session/a995b82d0df1730148f5e6c1edf10a41/element - {"using":"xpath","value":"//button[@data-kt=\"priceInfoButton\"]"}
RESULT: {"using":"xpath","value":"//button[@data-kt=\"priceInfoButton\"]"}
COMMAND: POST /session/a995b82d0df1730148f5e6c1edf10a41/element/f.5AF93869D51CACD0ED0B7A3F3CCEB8C6.d.309CE6A067D5FFCB426CEF88C69231A6.e.11494/click - {}
RESULT: {}
COMMAND: GET /session/a995b82d0df1730148f5e6c1edf10a41/screenshot - {}
]]></system-out>
    </testcase>
    <testcase classname="chrome.136_0_7103_93.windows.Billing_transfer_US117289" name="Should create new pricing rule" time="59.136">
      <system-out><![CDATA[
COMMAND: POST /session/a995b82d0df1730148f5e6c1edf10a41/element - {"using":"xpath","value":"//button[@data-kt=\"addButton\"]"}
RESULT: {}
RESULT: {"using":"xpath","value":"//button[@data-kt=\"addButton\"]"}
COMMAND: POST /session/a995b82d0df1730148f5e6c1edf10a41/elements - {"using":"xpath","value":"//button[@data-kt=\"addButton\"]"}
RESULT: {"using":"xpath","value":"//button[@data-kt=\"addButton\"]"}
COMMAND: POST /session/a995b82d0df1730148f5e6c1edf10a41/elements - {"using":"xpath","value":"//button[@data-kt=\"addButton\"]"}
RESULT: {"using":"xpath","value":"//button[@data-kt=\"addButton\"]"}
COMMAND: POST /session/a995b82d0df1730148f5e6c1edf10a41/element - {"using":"xpath","value":"//button[@data-kt=\"addButton\"]"}
RESULT: {"using":"xpath","value":"//button[@data-kt=\"addButton\"]"}
COMMAND: POST /session/a995b82d0df1730148f5e6c1edf10a41/execute/sync - {"script":"<script> [8489 bytes]","args":[{"element-6066-11e4-a52e-4f735466cecf":"f.5AF93869D51CACD0ED0B7A3F3CCEB8C6.d.309CE6A067D5FFCB426CEF88C69231A6.e.11530","ELEMENT":"f.5AF93869D51CACD0ED0B7A3F3CCEB8C6.d.309CE6A067D5FFCB426CEF88C69231A6.e.11530"}]}
RESULT: {"script":"<script> [8489 bytes]","args":[{"element-6066-11e4-a52e-4f735466cecf":"f.5AF93869D51CACD0ED0B7A3F3CCEB8C6.d.309CE6A067D5FFCB426CEF88C69231A6.e.11530","ELEMENT":"f.5AF93869D51CACD0ED0B7A3F3CCEB8C6.d.309CE6A067D5FFCB426CEF88C69231A6.e.11530"}]}
COMMAND: GET /session/a995b82d0df1730148f5e6c1edf10a41/element/f.5AF93869D51CACD0ED0B7A3F3CCEB8C6.d.309CE6A067D5FFCB426CEF88C69231A6.e.11530/enabled - {}
COMMAND: GET /session/a995b82d0df1730148f5e6c1edf10a41/screenshot - {}
RESULT: {}
COMMAND: POST /session/a995b82d0df1730148f5e6c1edf10a41/execute/sync - {"script":"<script> [8489 bytes]","args":[{"element-6066-11e4-a52e-4f735466cecf":"f.5AF93869D51CACD0ED0B7A3F3CCEB8C6.d.309CE6A067D5FFCB426CEF88C69231A6.e.11530","ELEMENT":"f.5AF93869D51CACD0ED0B7A3F3CCEB8C6.d.309CE6A067D5FFCB426CEF88C69231A6.e.11530"}]}
COMMAND: GET /session/a995b82d0df1730148f5e6c1edf10a41/screenshot - {}
RESULT: {}
RESULT: {"script":"<script> [8489 bytes]","args":[{"element-6066-11e4-a52e-4f735466cecf":"f.5AF93869D51CACD0ED0B7A3F3CCEB8C6.d.309CE6A067D5FFCB426CEF88C69231A6.e.11530","ELEMENT":"f.5AF93869D51CACD0ED0B7A3F3CCEB8C6.d.309CE6A067D5FFCB426CEF88C69231A6.e.11530"}]}
COMMAND: POST /session/a995b82d0df1730148f5e6c1edf10a41/execute/sync - {"script":"<script> [5351 bytes]","args":[{"element-6066-11e4-a52e-4f735466cecf":"f.5AF93869D51CACD0ED0B7A3F3CCEB8C6.d.309CE6A067D5FFCB426CEF88C69231A6.e.11530","ELEMENT":"f.5AF93869D51CACD0ED0B7A3F3CCEB8C6.d.309CE6A067D5FFCB426CEF88C69231A6.e.11530"}]}
COMMAND: GET /session/a995b82d0df1730148f5e6c1edf10a41/screenshot - {}
RESULT: {}
RESULT: {"script":"<script> [5351 bytes]","args":[{"element-6066-11e4-a52e-4f735466cecf":"f.5AF93869D51CACD0ED0B7A3F3CCEB8C6.d.309CE6A067D5FFCB426CEF88C69231A6.e.11530","ELEMENT":"f.5AF93869D51CACD0ED0B7A3F3CCEB8C6.d.309CE6A067D5FFCB426CEF88C69231A6.e.11530"}]}
COMMAND: POST /session/a995b82d0df1730148f5e6c1edf10a41/element/f.5AF93869D51CACD0ED0B7A3F3CCEB8C6.d.309CE6A067D5FFCB426CEF88C69231A6.e.11530/click - {}
COMMAND: GET /session/a995b82d0df1730148f5e6c1edf10a41/screenshot - {}
RESULT: {}
RESULT: {}
COMMAND: GET /session/a995b82d0df1730148f5e6c1edf10a41/screenshot - {}
RESULT: {}
RESULT: {}
COMMAND: POST /session/a995b82d0df1730148f5e6c1edf10a41/execute/async - {"script":"<script> [1562 bytes]","args":[{"selector":{"controlType":"sap.m.Title","viewName":"etm.portal.ui.managepricingrules.view.NewItem","viewId":"application-managepricingrules-display-component---newInfoPriceItem","properties":{"text":"New Pricing Rules - Item Level"}},"wdio_ui5_key":"etmportal.ui.managepricingrules.view.NewItemsap.m.Title{\"text\":\"New Pricing Rules - Item Level\"}"}]}
RESULT: {"script":"<script> [1562 bytes]","args":[{"selector":{"controlType":"sap.m.Title","viewName":"etm.portal.ui.managepricingrules.view.NewItem","viewId":"application-managepricingrules-display-component---newInfoPriceItem","properties":{"text":"New Pricing Rules - Item Level"}},"wdio_ui5_key":"etmportal.ui.managepricingrules.view.NewItemsap.m.Title{\"text\":\"New Pricing Rules - Item Level\"}"}]}
RESULT: undefined
COMMAND: POST /session/a995b82d0df1730148f5e6c1edf10a41/execute/async - {"script":"<script> [6424 bytes]","args":[{"element-6066-11e4-a52e-4f735466cecf":"f.5AF93869D51CACD0ED0B7A3F3CCEB8C6.d.309CE6A067D5FFCB426CEF88C69231A6.e.11702"},"getText",[]]}
RESULT: {"script":"<script> [6424 bytes]","args":[{"element-6066-11e4-a52e-4f735466cecf":"f.5AF93869D51CACD0ED0B7A3F3CCEB8C6.d.309CE6A067D5FFCB426CEF88C69231A6.e.11702"},"getText",[]]}
COMMAND: POST /session/a995b82d0df1730148f5e6c1edf10a41/execute/async - {"script":"<script> [1562 bytes]","args":[{"selector":{"id":"application-managepricingrules-display-component---newInfoPriceItem--condValidTo","interaction":{"idSuffix":"inner"}},"wdio_ui5_key":"applicationmanagepricingrules-display-component---newInfoPriceItem--condValidTo"}]}
RESULT: {"script":"<script> [1562 bytes]","args":[{"selector":{"id":"application-managepricingrules-display-component---newInfoPriceItem--condValidTo","interaction":{"idSuffix":"inner"}},"wdio_ui5_key":"applicationmanagepricingrules-display-component---newInfoPriceItem--condValidTo"}]}
RESULT: undefined
COMMAND: POST /session/a995b82d0df1730148f5e6c1edf10a41/execute/async - {"script":"<script> [776 bytes]","args":[{"enterText":"1/30/26","selector":{"id":"application-managepricingrules-display-component---newInfoPriceItem--condValidTo","interaction":{"idSuffix":"inner"}},"clearTextFirst":true,"interactionType":"ENTER_TEXT"}]}
RESULT: {"script":"<script> [776 bytes]","args":[{"enterText":"1/30/26","selector":{"id":"application-managepricingrules-display-component---newInfoPriceItem--condValidTo","interaction":{"idSuffix":"inner"}},"clearTextFirst":true,"interactionType":"ENTER_TEXT"}]}
COMMAND: POST /session/a995b82d0df1730148f5e6c1edf10a41/execute/async - {"script":"<script> [1562 bytes]","args":[{"selector":{"id":"application-managepricingrules-display-component---newInfoPriceItem--billType-arrow"},"wdio_ui5_key":"applicationmanagepricingrules-display-component---newInfoPriceItem--billType-arrow"}]}
RESULT: {"script":"<script> [1562 bytes]","args":[{"selector":{"id":"application-managepricingrules-display-component---newInfoPriceItem--billType-arrow"},"wdio_ui5_key":"applicationmanagepricingrules-display-component---newInfoPriceItem--billType-arrow"}]}
RESULT: undefined
COMMAND: POST /session/a995b82d0df1730148f5e6c1edf10a41/element - {"using":"xpath","value":"//*[@id=\"application-managepricingrules-display-component---newInfoPriceItem--billType-arrow\"]"}
RESULT: {"using":"xpath","value":"//*[@id=\"application-managepricingrules-display-component---newInfoPriceItem--billType-arrow\"]"}
COMMAND: POST /session/a995b82d0df1730148f5e6c1edf10a41/element/f.5AF93869D51CACD0ED0B7A3F3CCEB8C6.d.309CE6A067D5FFCB426CEF88C69231A6.e.11660/click - {}
RESULT: {}
COMMAND: POST /session/a995b82d0df1730148f5e6c1edf10a41/element - {"using":"xpath","value":"//span[contains(text(), \"TB - Time based\")]"}
COMMAND: GET /session/a995b82d0df1730148f5e6c1edf10a41/screenshot - {}
RESULT: {"using":"xpath","value":"//span[contains(text(), \"TB - Time based\")]"}
COMMAND: POST /session/a995b82d0df1730148f5e6c1edf10a41/element/f.5AF93869D51CACD0ED0B7A3F3CCEB8C6.d.309CE6A067D5FFCB426CEF88C69231A6.e.11704/click - {}
RESULT: {}
RESULT: {}
COMMAND: POST /session/a995b82d0df1730148f5e6c1edf10a41/execute/async - {"script":"<script> [1562 bytes]","args":[{"selector":{"id":"application-managepricingrules-display-component---newInfoPriceItem--priceProc-arrow"},"wdio_ui5_key":"applicationmanagepricingrules-display-component---newInfoPriceItem--priceProc-arrow"}]}
COMMAND: GET /session/a995b82d0df1730148f5e6c1edf10a41/screenshot - {}
RESULT: {"script":"<script> [1562 bytes]","args":[{"selector":{"id":"application-managepricingrules-display-component---newInfoPriceItem--priceProc-arrow"},"wdio_ui5_key":"applicationmanagepricingrules-display-component---newInfoPriceItem--priceProc-arrow"}]}
RESULT: undefined
COMMAND: POST /session/a995b82d0df1730148f5e6c1edf10a41/element - {"using":"xpath","value":"//*[@id=\"application-managepricingrules-display-component---newInfoPriceItem--priceProc-arrow\"]"}
RESULT: {}
RESULT: {"using":"xpath","value":"//*[@id=\"application-managepricingrules-display-component---newInfoPriceItem--priceProc-arrow\"]"}
COMMAND: POST /session/a995b82d0df1730148f5e6c1edf10a41/element/f.5AF93869D51CACD0ED0B7A3F3CCEB8C6.d.309CE6A067D5FFCB426CEF88C69231A6.e.11667/click - {}
RESULT: {}
COMMAND: POST /session/a995b82d0df1730148f5e6c1edf10a41/element - {"using":"xpath","value":"//span[contains(text(), \"TBS - Time based standard\")]"}
COMMAND: GET /session/a995b82d0df1730148f5e6c1edf10a41/screenshot - {}
RESULT: {"using":"xpath","value":"//span[contains(text(), \"TBS - Time based standard\")]"}
COMMAND: POST /session/a995b82d0df1730148f5e6c1edf10a41/element/f.5AF93869D51CACD0ED0B7A3F3CCEB8C6.d.309CE6A067D5FFCB426CEF88C69231A6.e.11705/click - {}
RESULT: {}
RESULT: {}
COMMAND: POST /session/a995b82d0df1730148f5e6c1edf10a41/execute/async - {"script":"<script> [1562 bytes]","args":[{"selector":{"id":"application-managepricingrules-display-component---newInfoPriceItem--calcBase-arrow"},"wdio_ui5_key":"applicationmanagepricingrules-display-component---newInfoPriceItem--calcBase-arrow"}]}
COMMAND: GET /session/a995b82d0df1730148f5e6c1edf10a41/screenshot - {}
RESULT: {"script":"<script> [1562 bytes]","args":[{"selector":{"id":"application-managepricingrules-display-component---newInfoPriceItem--calcBase-arrow"},"wdio_ui5_key":"applicationmanagepricingrules-display-component---newInfoPriceItem--calcBase-arrow"}]}
RESULT: undefined
COMMAND: POST /session/a995b82d0df1730148f5e6c1edf10a41/element - {"using":"xpath","value":"//*[@id=\"application-managepricingrules-display-component---newInfoPriceItem--calcBase-arrow\"]"}
RESULT: {}
RESULT: {"using":"xpath","value":"//*[@id=\"application-managepricingrules-display-component---newInfoPriceItem--calcBase-arrow\"]"}
COMMAND: POST /session/a995b82d0df1730148f5e6c1edf10a41/element/f.5AF93869D51CACD0ED0B7A3F3CCEB8C6.d.309CE6A067D5FFCB426CEF88C69231A6.e.11674/click - {}
RESULT: {}
COMMAND: GET /session/a995b82d0df1730148f5e6c1edf10a41/screenshot - {}
RESULT: {}
COMMAND: POST /session/a995b82d0df1730148f5e6c1edf10a41/element - {"using":"xpath","value":"//span[contains(text(), \"0006 - TB(calendar days)\")]"}
RESULT: {"using":"xpath","value":"//span[contains(text(), \"0006 - TB(calendar days)\")]"}
COMMAND: POST /session/a995b82d0df1730148f5e6c1edf10a41/element/f.5AF93869D51CACD0ED0B7A3F3CCEB8C6.d.309CE6A067D5FFCB426CEF88C69231A6.e.11706/click - {}
RESULT: {}
COMMAND: GET /session/a995b82d0df1730148f5e6c1edf10a41/screenshot - {}
RESULT: {}
COMMAND: POST /session/a995b82d0df1730148f5e6c1edf10a41/execute/async - {"script":"<script> [1562 bytes]","args":[{"selector":{"id":"application-managepricingrules-display-component---newInfoPriceItem--daysMonth","interaction":{"idSuffix":"inner"}},"wdio_ui5_key":"applicationmanagepricingrules-display-component---newInfoPriceItem--daysMonth"}]}
RESULT: {"script":"<script> [1562 bytes]","args":[{"selector":{"id":"application-managepricingrules-display-component---newInfoPriceItem--daysMonth","interaction":{"idSuffix":"inner"}},"wdio_ui5_key":"applicationmanagepricingrules-display-component---newInfoPriceItem--daysMonth"}]}
RESULT: undefined
COMMAND: POST /session/a995b82d0df1730148f5e6c1edf10a41/execute/async - {"script":"<script> [776 bytes]","args":[{"enterText":"30","selector":{"id":"application-managepricingrules-display-component---newInfoPriceItem--daysMonth","interaction":{"idSuffix":"inner"}},"clearTextFirst":true,"interactionType":"ENTER_TEXT"}]}
RESULT: {"script":"<script> [776 bytes]","args":[{"enterText":"30","selector":{"id":"application-managepricingrules-display-component---newInfoPriceItem--daysMonth","interaction":{"idSuffix":"inner"}},"clearTextFirst":true,"interactionType":"ENTER_TEXT"}]}
COMMAND: POST /session/a995b82d0df1730148f5e6c1edf10a41/element - {"using":"xpath","value":"//button[@data-kt=\"saveNewRuleButton\"]"}
RESULT: {"using":"xpath","value":"//button[@data-kt=\"saveNewRuleButton\"]"}
COMMAND: POST /session/a995b82d0df1730148f5e6c1edf10a41/element/f.5AF93869D51CACD0ED0B7A3F3CCEB8C6.d.309CE6A067D5FFCB426CEF88C69231A6.e.11694/click - {}
RESULT: {}
COMMAND: GET /session/a995b82d0df1730148f5e6c1edf10a41/screenshot - {}
RESULT: {}
COMMAND: POST /session/a995b82d0df1730148f5e6c1edf10a41/execute/async - {"script":"<script> [1562 bytes]","args":[{"selector":{"id":"application-managepricingrules-display-component---priceInfoItem--smartFilterBar-btnBasicSearch","interaction":{"idSuffix":"I"}},"wdio_ui5_key":"applicationmanagepricingrules-display-component---priceInfoItem--smartFilterBar-btnBasicSearch"}]}
RESULT: {"script":"<script> [1562 bytes]","args":[{"selector":{"id":"application-managepricingrules-display-component---priceInfoItem--smartFilterBar-btnBasicSearch","interaction":{"idSuffix":"I"}},"wdio_ui5_key":"applicationmanagepricingrules-display-component---priceInfoItem--smartFilterBar-btnBasicSearch"}]}
RESULT: undefined
COMMAND: POST /session/a995b82d0df1730148f5e6c1edf10a41/execute/async - {"script":"<script> [776 bytes]","args":[{"enterText":"zYWbxwSXn4","selector":{"id":"application-managepricingrules-display-component---priceInfoItem--smartFilterBar-btnBasicSearch","interaction":{"idSuffix":"I"}},"clearTextFirst":true,"interactionType":"ENTER_TEXT"}]}
RESULT: {"script":"<script> [776 bytes]","args":[{"enterText":"zYWbxwSXn4","selector":{"id":"application-managepricingrules-display-component---priceInfoItem--smartFilterBar-btnBasicSearch","interaction":{"idSuffix":"I"}},"clearTextFirst":true,"interactionType":"ENTER_TEXT"}]}
COMMAND: POST /session/a995b82d0df1730148f5e6c1edf10a41/actions - {"actions":[{"id":"action39","type":"key","parameters":{},"actions":[{"type":"keyDown","value":""},{"type":"pause","duration":10},{"type":"keyUp","value":""}]}]}
RESULT: {"actions":[{"id":"action39","type":"key","parameters":{},"actions":[{"type":"keyDown","value":""},{"type":"pause","duration":10},{"type":"keyUp","value":""}]}]}
COMMAND: GET /session/a995b82d0df1730148f5e6c1edf10a41/screenshot - {}
RESULT: {}
COMMAND: POST /session/a995b82d0df1730148f5e6c1edf10a41/element - {"using":"xpath","value":"//span[@id=\"application-managepricingrules-display-component---priceInfoItem--smartTable-header-inner\"]"}
RESULT: {"using":"xpath","value":"//span[@id=\"application-managepricingrules-display-component---priceInfoItem--smartTable-header-inner\"]"}
COMMAND: POST /session/a995b82d0df1730148f5e6c1edf10a41/elements - {"using":"xpath","value":"//span[@id=\"application-managepricingrules-display-component---priceInfoItem--smartTable-header-inner\"]"}
RESULT: {"using":"xpath","value":"//span[@id=\"application-managepricingrules-display-component---priceInfoItem--smartTable-header-inner\"]"}
COMMAND: POST /session/a995b82d0df1730148f5e6c1edf10a41/execute/sync - {"script":"<script> [56 bytes]","args":[{"element-6066-11e4-a52e-4f735466cecf":"f.5AF93869D51CACD0ED0B7A3F3CCEB8C6.d.309CE6A067D5FFCB426CEF88C69231A6.e.11730","ELEMENT":"f.5AF93869D51CACD0ED0B7A3F3CCEB8C6.d.309CE6A067D5FFCB426CEF88C69231A6.e.11730"}]}
RESULT: {"script":"<script> [56 bytes]","args":[{"element-6066-11e4-a52e-4f735466cecf":"f.5AF93869D51CACD0ED0B7A3F3CCEB8C6.d.309CE6A067D5FFCB426CEF88C69231A6.e.11730","ELEMENT":"f.5AF93869D51CACD0ED0B7A3F3CCEB8C6.d.309CE6A067D5FFCB426CEF88C69231A6.e.11730"}]}
COMMAND: POST /session/a995b82d0df1730148f5e6c1edf10a41/element - {"using":"css selector","value":"#shell-header-logo"}
COMMAND: GET /session/a995b82d0df1730148f5e6c1edf10a41/screenshot - {}
RESULT: {"using":"css selector","value":"#shell-header-logo"}
COMMAND: POST /session/a995b82d0df1730148f5e6c1edf10a41/element/f.5AF93869D51CACD0ED0B7A3F3CCEB8C6.d.309CE6A067D5FFCB426CEF88C69231A6.e.10800/click - {}
RESULT: {}
RESULT: {}
COMMAND: GET /session/a995b82d0df1730148f5e6c1edf10a41/screenshot - {}
RESULT: {}
]]></system-out>
    </testcase>
    <testcase classname="chrome.136_0_7103_93.windows.Billing_transfer_US117289" name="Should create new condition for equipment" time="70.341">
      <system-out><![CDATA[
COMMAND: POST /session/a995b82d0df1730148f5e6c1edf10a41/execute/async - {"script":"<script> [1562 bytes]","args":[{"selector":{"controlType":"sap.m.GenericTile","properties":{"header":"Manage Conditions & Prices"}},"wdio_ui5_key":"sapm.GenericTile{\"header\":\"Manage Conditions & Prices\"}"}]}
RESULT: {"script":"<script> [1562 bytes]","args":[{"selector":{"controlType":"sap.m.GenericTile","properties":{"header":"Manage Conditions & Prices"}},"wdio_ui5_key":"sapm.GenericTile{\"header\":\"Manage Conditions & Prices\"}"}]}
RESULT: undefined
COMMAND: POST /session/a995b82d0df1730148f5e6c1edf10a41/element - {"using":"xpath","value":"//*[@id=\"__tile53\"]"}
RESULT: {"using":"xpath","value":"//*[@id=\"__tile53\"]"}
COMMAND: POST /session/a995b82d0df1730148f5e6c1edf10a41/element/f.5AF93869D51CACD0ED0B7A3F3CCEB8C6.d.309CE6A067D5FFCB426CEF88C69231A6.e.10738/click - {}
RESULT: {}
COMMAND: GET /session/a995b82d0df1730148f5e6c1edf10a41/screenshot - {}
RESULT: {}
COMMAND: POST /session/a995b82d0df1730148f5e6c1edf10a41/elements - {"using":"xpath","value":"//span[text()='Error']"}
RESULT: {"using":"xpath","value":"//span[text()='Error']"}
COMMAND: POST /session/a995b82d0df1730148f5e6c1edf10a41/element - {"using":"xpath","value":"//button[@aria-label=\"Create\"]"}
RESULT: {"using":"xpath","value":"//button[@aria-label=\"Create\"]"}
COMMAND: POST /session/a995b82d0df1730148f5e6c1edf10a41/elements - {"using":"xpath","value":"//button[@aria-label=\"Create\"]"}
RESULT: {"using":"xpath","value":"//button[@aria-label=\"Create\"]"}
COMMAND: POST /session/a995b82d0df1730148f5e6c1edf10a41/execute/sync - {"script":"<script> [8489 bytes]","args":[{"element-6066-11e4-a52e-4f735466cecf":"f.5AF93869D51CACD0ED0B7A3F3CCEB8C6.d.309CE6A067D5FFCB426CEF88C69231A6.e.11765","ELEMENT":"f.5AF93869D51CACD0ED0B7A3F3CCEB8C6.d.309CE6A067D5FFCB426CEF88C69231A6.e.11765"}]}
RESULT: {"script":"<script> [8489 bytes]","args":[{"element-6066-11e4-a52e-4f735466cecf":"f.5AF93869D51CACD0ED0B7A3F3CCEB8C6.d.309CE6A067D5FFCB426CEF88C69231A6.e.11765","ELEMENT":"f.5AF93869D51CACD0ED0B7A3F3CCEB8C6.d.309CE6A067D5FFCB426CEF88C69231A6.e.11765"}]}
COMMAND: GET /session/a995b82d0df1730148f5e6c1edf10a41/element/f.5AF93869D51CACD0ED0B7A3F3CCEB8C6.d.309CE6A067D5FFCB426CEF88C69231A6.e.11765/enabled - {}
COMMAND: GET /session/a995b82d0df1730148f5e6c1edf10a41/screenshot - {}
RESULT: {}
COMMAND: POST /session/a995b82d0df1730148f5e6c1edf10a41/execute/sync - {"script":"<script> [8489 bytes]","args":[{"element-6066-11e4-a52e-4f735466cecf":"f.5AF93869D51CACD0ED0B7A3F3CCEB8C6.d.309CE6A067D5FFCB426CEF88C69231A6.e.11765","ELEMENT":"f.5AF93869D51CACD0ED0B7A3F3CCEB8C6.d.309CE6A067D5FFCB426CEF88C69231A6.e.11765"}]}
COMMAND: GET /session/a995b82d0df1730148f5e6c1edf10a41/screenshot - {}
RESULT: {}
RESULT: {"script":"<script> [8489 bytes]","args":[{"element-6066-11e4-a52e-4f735466cecf":"f.5AF93869D51CACD0ED0B7A3F3CCEB8C6.d.309CE6A067D5FFCB426CEF88C69231A6.e.11765","ELEMENT":"f.5AF93869D51CACD0ED0B7A3F3CCEB8C6.d.309CE6A067D5FFCB426CEF88C69231A6.e.11765"}]}
COMMAND: POST /session/a995b82d0df1730148f5e6c1edf10a41/execute/sync - {"script":"<script> [5351 bytes]","args":[{"element-6066-11e4-a52e-4f735466cecf":"f.5AF93869D51CACD0ED0B7A3F3CCEB8C6.d.309CE6A067D5FFCB426CEF88C69231A6.e.11765","ELEMENT":"f.5AF93869D51CACD0ED0B7A3F3CCEB8C6.d.309CE6A067D5FFCB426CEF88C69231A6.e.11765"}]}
COMMAND: GET /session/a995b82d0df1730148f5e6c1edf10a41/screenshot - {}
RESULT: {}
RESULT: {"script":"<script> [5351 bytes]","args":[{"element-6066-11e4-a52e-4f735466cecf":"f.5AF93869D51CACD0ED0B7A3F3CCEB8C6.d.309CE6A067D5FFCB426CEF88C69231A6.e.11765","ELEMENT":"f.5AF93869D51CACD0ED0B7A3F3CCEB8C6.d.309CE6A067D5FFCB426CEF88C69231A6.e.11765"}]}
COMMAND: POST /session/a995b82d0df1730148f5e6c1edf10a41/element/f.5AF93869D51CACD0ED0B7A3F3CCEB8C6.d.309CE6A067D5FFCB426CEF88C69231A6.e.11765/click - {}
COMMAND: GET /session/a995b82d0df1730148f5e6c1edf10a41/screenshot - {}
RESULT: {}
RESULT: {}
COMMAND: GET /session/a995b82d0df1730148f5e6c1edf10a41/screenshot - {}
RESULT: {}
RESULT: {}
COMMAND: POST /session/a995b82d0df1730148f5e6c1edf10a41/actions - {"actions":[{"id":"action40","type":"key","parameters":{},"actions":[{"type":"keyDown","value":""},{"type":"pause","duration":10},{"type":"keyUp","value":""}]}]}
RESULT: {"actions":[{"id":"action40","type":"key","parameters":{},"actions":[{"type":"keyDown","value":""},{"type":"pause","duration":10},{"type":"keyUp","value":""}]}]}
COMMAND: GET /session/a995b82d0df1730148f5e6c1edf10a41/screenshot - {}
RESULT: {}
COMMAND: POST /session/a995b82d0df1730148f5e6c1edf10a41/execute/async - {"script":"<script> [1562 bytes]","args":[{"selector":{"id":"application-manageconditionprice-display-component---newCondition--condBillCond-arrow"},"wdio_ui5_key":"applicationmanageconditionprice-display-component---newCondition--condBillCond-arrow"}]}
RESULT: {"script":"<script> [1562 bytes]","args":[{"selector":{"id":"application-manageconditionprice-display-component---newCondition--condBillCond-arrow"},"wdio_ui5_key":"applicationmanageconditionprice-display-component---newCondition--condBillCond-arrow"}]}
RESULT: undefined
COMMAND: POST /session/a995b82d0df1730148f5e6c1edf10a41/element - {"using":"xpath","value":"//*[@id=\"application-manageconditionprice-display-component---newCondition--condBillCond-arrow\"]"}
RESULT: {"using":"xpath","value":"//*[@id=\"application-manageconditionprice-display-component---newCondition--condBillCond-arrow\"]"}
COMMAND: POST /session/a995b82d0df1730148f5e6c1edf10a41/element/f.5AF93869D51CACD0ED0B7A3F3CCEB8C6.d.309CE6A067D5FFCB426CEF88C69231A6.e.11942/click - {}
RESULT: {}
COMMAND: GET /session/a995b82d0df1730148f5e6c1edf10a41/screenshot - {}
RESULT: {}
COMMAND: POST /session/a995b82d0df1730148f5e6c1edf10a41/element - {"using":"xpath","value":"//li[.//span[contains(text(), \"DISP - D&I special price\")]]"}
RESULT: {"using":"xpath","value":"//li[.//span[contains(text(), \"DISP - D&I special price\")]]"}
COMMAND: POST /session/a995b82d0df1730148f5e6c1edf10a41/element/f.5AF93869D51CACD0ED0B7A3F3CCEB8C6.d.309CE6A067D5FFCB426CEF88C69231A6.e.11945/click - {}
RESULT: {}
COMMAND: GET /session/a995b82d0df1730148f5e6c1edf10a41/screenshot - {}
RESULT: {}
COMMAND: POST /session/a995b82d0df1730148f5e6c1edf10a41/execute/async - {"script":"<script> [1562 bytes]","args":[{"selector":{"id":"application-manageconditionprice-display-component---newCondition--condValidTo","interaction":{"idSuffix":"inner"}},"wdio_ui5_key":"applicationmanageconditionprice-display-component---newCondition--condValidTo"}]}
RESULT: {"script":"<script> [1562 bytes]","args":[{"selector":{"id":"application-manageconditionprice-display-component---newCondition--condValidTo","interaction":{"idSuffix":"inner"}},"wdio_ui5_key":"applicationmanageconditionprice-display-component---newCondition--condValidTo"}]}
RESULT: undefined
COMMAND: POST /session/a995b82d0df1730148f5e6c1edf10a41/execute/async - {"script":"<script> [776 bytes]","args":[{"enterText":"1/30/26","selector":{"id":"application-manageconditionprice-display-component---newCondition--condValidTo","interaction":{"idSuffix":"inner"}},"clearTextFirst":true,"interactionType":"ENTER_TEXT"}]}
RESULT: {"script":"<script> [776 bytes]","args":[{"enterText":"1/30/26","selector":{"id":"application-manageconditionprice-display-component---newCondition--condValidTo","interaction":{"idSuffix":"inner"}},"clearTextFirst":true,"interactionType":"ENTER_TEXT"}]}
COMMAND: POST /session/a995b82d0df1730148f5e6c1edf10a41/element - {"using":"xpath","value":"//input[@id=\"application-manageconditionprice-display-component---newCondition--condRU-inner\"]"}
RESULT: {"using":"xpath","value":"//input[@id=\"application-manageconditionprice-display-component---newCondition--condRU-inner\"]"}
COMMAND: POST /session/a995b82d0df1730148f5e6c1edf10a41/element/f.5AF93869D51CACD0ED0B7A3F3CCEB8C6.d.309CE6A067D5FFCB426CEF88C69231A6.e.11810/clear - {}
RESULT: {}
COMMAND: POST /session/a995b82d0df1730148f5e6c1edf10a41/element/f.5AF93869D51CACD0ED0B7A3F3CCEB8C6.d.309CE6A067D5FFCB426CEF88C69231A6.e.11810/value - {"text":"zYWbxwSXn4"}
COMMAND: GET /session/a995b82d0df1730148f5e6c1edf10a41/screenshot - {}
RESULT: {"text":"zYWbxwSXn4"}
COMMAND: GET /session/a995b82d0df1730148f5e6c1edf10a41/screenshot - {}
RESULT: {}
RESULT: {}
COMMAND: POST /session/a995b82d0df1730148f5e6c1edf10a41/actions - {"actions":[{"id":"action41","type":"key","parameters":{},"actions":[{"type":"keyDown","value":""},{"type":"pause","duration":10},{"type":"keyUp","value":""}]}]}
RESULT: {"actions":[{"id":"action41","type":"key","parameters":{},"actions":[{"type":"keyDown","value":""},{"type":"pause","duration":10},{"type":"keyUp","value":""}]}]}
COMMAND: POST /session/a995b82d0df1730148f5e6c1edf10a41/execute/async - {"script":"<script> [1562 bytes]","args":[{"selector":{"id":"application-manageconditionprice-display-component---newCondition--condBaseQty","interaction":{"idSuffix":"inner"}},"wdio_ui5_key":"applicationmanageconditionprice-display-component---newCondition--condBaseQty"}]}
COMMAND: GET /session/a995b82d0df1730148f5e6c1edf10a41/screenshot - {}
RESULT: {"script":"<script> [1562 bytes]","args":[{"selector":{"id":"application-manageconditionprice-display-component---newCondition--condBaseQty","interaction":{"idSuffix":"inner"}},"wdio_ui5_key":"applicationmanageconditionprice-display-component---newCondition--condBaseQty"}]}
RESULT: undefined
COMMAND: POST /session/a995b82d0df1730148f5e6c1edf10a41/execute/async - {"script":"<script> [776 bytes]","args":[{"enterText":"1","selector":{"id":"application-manageconditionprice-display-component---newCondition--condBaseQty","interaction":{"idSuffix":"inner"}},"clearTextFirst":true,"interactionType":"ENTER_TEXT"}]}
RESULT: {}
RESULT: {"script":"<script> [776 bytes]","args":[{"enterText":"1","selector":{"id":"application-manageconditionprice-display-component---newCondition--condBaseQty","interaction":{"idSuffix":"inner"}},"clearTextFirst":true,"interactionType":"ENTER_TEXT"}]}
COMMAND: POST /session/a995b82d0df1730148f5e6c1edf10a41/execute/async - {"script":"<script> [1562 bytes]","args":[{"selector":{"id":"application-manageconditionprice-display-component---newCondition--condValue","interaction":{"idSuffix":"inner"}},"wdio_ui5_key":"applicationmanageconditionprice-display-component---newCondition--condValue"}]}
RESULT: {"script":"<script> [1562 bytes]","args":[{"selector":{"id":"application-manageconditionprice-display-component---newCondition--condValue","interaction":{"idSuffix":"inner"}},"wdio_ui5_key":"applicationmanageconditionprice-display-component---newCondition--condValue"}]}
RESULT: undefined
COMMAND: POST /session/a995b82d0df1730148f5e6c1edf10a41/execute/async - {"script":"<script> [776 bytes]","args":[{"enterText":"100","selector":{"id":"application-manageconditionprice-display-component---newCondition--condValue","interaction":{"idSuffix":"inner"}},"clearTextFirst":true,"interactionType":"ENTER_TEXT"}]}
RESULT: {"script":"<script> [776 bytes]","args":[{"enterText":"100","selector":{"id":"application-manageconditionprice-display-component---newCondition--condValue","interaction":{"idSuffix":"inner"}},"clearTextFirst":true,"interactionType":"ENTER_TEXT"}]}
COMMAND: POST /session/a995b82d0df1730148f5e6c1edf10a41/execute/async - {"script":"<script> [1562 bytes]","args":[{"selector":{"id":"application-manageconditionprice-display-component---newCondition--condCurr-arrow"},"wdio_ui5_key":"applicationmanageconditionprice-display-component---newCondition--condCurr-arrow"}]}
RESULT: {"script":"<script> [1562 bytes]","args":[{"selector":{"id":"application-manageconditionprice-display-component---newCondition--condCurr-arrow"},"wdio_ui5_key":"applicationmanageconditionprice-display-component---newCondition--condCurr-arrow"}]}
RESULT: undefined
COMMAND: POST /session/a995b82d0df1730148f5e6c1edf10a41/element - {"using":"xpath","value":"//*[@id=\"application-manageconditionprice-display-component---newCondition--condCurr-arrow\"]"}
RESULT: {"using":"xpath","value":"//*[@id=\"application-manageconditionprice-display-component---newCondition--condCurr-arrow\"]"}
COMMAND: POST /session/a995b82d0df1730148f5e6c1edf10a41/element/f.5AF93869D51CACD0ED0B7A3F3CCEB8C6.d.309CE6A067D5FFCB426CEF88C69231A6.e.11917/click - {}
RESULT: {}
COMMAND: POST /session/a995b82d0df1730148f5e6c1edf10a41/element - {"using":"xpath","value":"//span[contains(text(), \"Euro\")]"}
COMMAND: GET /session/a995b82d0df1730148f5e6c1edf10a41/screenshot - {}
RESULT: {"using":"xpath","value":"//span[contains(text(), \"Euro\")]"}
COMMAND: POST /session/a995b82d0df1730148f5e6c1edf10a41/element/f.5AF93869D51CACD0ED0B7A3F3CCEB8C6.d.309CE6A067D5FFCB426CEF88C69231A6.e.11982/click - {}
RESULT: {}
RESULT: {}
COMMAND: POST /session/a995b82d0df1730148f5e6c1edf10a41/element - {"using":"xpath","value":"//button[@data-kt=\"saveButton\"]"}
COMMAND: GET /session/a995b82d0df1730148f5e6c1edf10a41/screenshot - {}
RESULT: {"using":"xpath","value":"//button[@data-kt=\"saveButton\"]"}
COMMAND: POST /session/a995b82d0df1730148f5e6c1edf10a41/element/f.5AF93869D51CACD0ED0B7A3F3CCEB8C6.d.309CE6A067D5FFCB426CEF88C69231A6.e.11918/click - {}
RESULT: {}
RESULT: {}
COMMAND: GET /session/a995b82d0df1730148f5e6c1edf10a41/screenshot - {}
RESULT: {}
COMMAND: POST /session/a995b82d0df1730148f5e6c1edf10a41/execute/async - {"script":"<script> [1562 bytes]","args":[{"selector":{"id":"application-manageconditionprice-display-component---conditions--smartFilterBar-btnBasicSearch","interaction":{"idSuffix":"I"}},"wdio_ui5_key":"applicationmanageconditionprice-display-component---conditions--smartFilterBar-btnBasicSearch"}]}
RESULT: {"script":"<script> [1562 bytes]","args":[{"selector":{"id":"application-manageconditionprice-display-component---conditions--smartFilterBar-btnBasicSearch","interaction":{"idSuffix":"I"}},"wdio_ui5_key":"applicationmanageconditionprice-display-component---conditions--smartFilterBar-btnBasicSearch"}]}
RESULT: undefined
COMMAND: POST /session/a995b82d0df1730148f5e6c1edf10a41/execute/async - {"script":"<script> [776 bytes]","args":[{"enterText":"zYWbxwSXn4","selector":{"id":"application-manageconditionprice-display-component---conditions--smartFilterBar-btnBasicSearch","interaction":{"idSuffix":"I"}},"clearTextFirst":true,"interactionType":"ENTER_TEXT"}]}
RESULT: {"script":"<script> [776 bytes]","args":[{"enterText":"zYWbxwSXn4","selector":{"id":"application-manageconditionprice-display-component---conditions--smartFilterBar-btnBasicSearch","interaction":{"idSuffix":"I"}},"clearTextFirst":true,"interactionType":"ENTER_TEXT"}]}
COMMAND: POST /session/a995b82d0df1730148f5e6c1edf10a41/actions - {"actions":[{"id":"action42","type":"key","parameters":{},"actions":[{"type":"keyDown","value":""},{"type":"pause","duration":10},{"type":"keyUp","value":""}]}]}
RESULT: {"actions":[{"id":"action42","type":"key","parameters":{},"actions":[{"type":"keyDown","value":""},{"type":"pause","duration":10},{"type":"keyUp","value":""}]}]}
COMMAND: GET /session/a995b82d0df1730148f5e6c1edf10a41/screenshot - {}
RESULT: {}
COMMAND: POST /session/a995b82d0df1730148f5e6c1edf10a41/execute/async - {"script":"<script> [1562 bytes]","args":[{"selector":{"id":"application-manageconditionprice-display-component---conditions--smartFilterBar-filterItemControl_BASIC-BILL_TYPES-vhi"},"wdio_ui5_key":"applicationmanageconditionprice-display-component---conditions--smartFilterBar-filterItemControl_BASIC-BILL_TYPES-vhi"}]}
RESULT: {"script":"<script> [1562 bytes]","args":[{"selector":{"id":"application-manageconditionprice-display-component---conditions--smartFilterBar-filterItemControl_BASIC-BILL_TYPES-vhi"},"wdio_ui5_key":"applicationmanageconditionprice-display-component---conditions--smartFilterBar-filterItemControl_BASIC-BILL_TYPES-vhi"}]}
RESULT: undefined
COMMAND: POST /session/a995b82d0df1730148f5e6c1edf10a41/element - {"using":"xpath","value":"//*[@id=\"application-manageconditionprice-display-component---conditions--smartFilterBar-filterItemControl_BASIC-BILL_TYPES-vhi\"]"}
RESULT: {"using":"xpath","value":"//*[@id=\"application-manageconditionprice-display-component---conditions--smartFilterBar-filterItemControl_BASIC-BILL_TYPES-vhi\"]"}
COMMAND: POST /session/a995b82d0df1730148f5e6c1edf10a41/element/f.5AF93869D51CACD0ED0B7A3F3CCEB8C6.d.309CE6A067D5FFCB426CEF88C69231A6.e.12088/click - {}
RESULT: {}
COMMAND: POST /session/a995b82d0df1730148f5e6c1edf10a41/execute/async - {"script":"<script> [1562 bytes]","args":[{"selector":{"id":"application-manageconditionprice-display-component---conditions--smartFilterBar-filterItemControl_BASIC-BILL_TYPES-valueHelpDialog-smartFilterBar-btnBasicSearch","searchOpenDialogs":true,"interaction":{"idSuffix":"I"}},"wdio_ui5_key":"applicationmanageconditionprice-display-component---conditions--smartFilterBar-filterItemControl_BASIC-BILL_TYPES-valueHelpDialog-smartFilterBar-btnBasicSearch"}]}
COMMAND: GET /session/a995b82d0df1730148f5e6c1edf10a41/screenshot - {}
RESULT: {"script":"<script> [1562 bytes]","args":[{"selector":{"id":"application-manageconditionprice-display-component---conditions--smartFilterBar-filterItemControl_BASIC-BILL_TYPES-valueHelpDialog-smartFilterBar-btnBasicSearch","searchOpenDialogs":true,"interaction":{"idSuffix":"I"}},"wdio_ui5_key":"applicationmanageconditionprice-display-component---conditions--smartFilterBar-filterItemControl_BASIC-BILL_TYPES-valueHelpDialog-smartFilterBar-btnBasicSearch"}]}
RESULT: undefined
COMMAND: POST /session/a995b82d0df1730148f5e6c1edf10a41/execute/async - {"script":"<script> [776 bytes]","args":[{"enterText":"TB","selector":{"id":"application-manageconditionprice-display-component---conditions--smartFilterBar-filterItemControl_BASIC-BILL_TYPES-valueHelpDialog-smartFilterBar-btnBasicSearch","searchOpenDialogs":true,"interaction":{"idSuffix":"I"}},"clearTextFirst":true,"interactionType":"ENTER_TEXT"}]}
RESULT: {}
RESULT: {"script":"<script> [776 bytes]","args":[{"enterText":"TB","selector":{"id":"application-manageconditionprice-display-component---conditions--smartFilterBar-filterItemControl_BASIC-BILL_TYPES-valueHelpDialog-smartFilterBar-btnBasicSearch","searchOpenDialogs":true,"interaction":{"idSuffix":"I"}},"clearTextFirst":true,"interactionType":"ENTER_TEXT"}]}
COMMAND: POST /session/a995b82d0df1730148f5e6c1edf10a41/actions - {"actions":[{"id":"action43","type":"key","parameters":{},"actions":[{"type":"keyDown","value":""},{"type":"pause","duration":10},{"type":"keyUp","value":""}]}]}
RESULT: {"actions":[{"id":"action43","type":"key","parameters":{},"actions":[{"type":"keyDown","value":""},{"type":"pause","duration":10},{"type":"keyUp","value":""}]}]}
COMMAND: GET /session/a995b82d0df1730148f5e6c1edf10a41/screenshot - {}
RESULT: {}
COMMAND: POST /session/a995b82d0df1730148f5e6c1edf10a41/element - {"using":"xpath","value":"//div[contains(@id, 'application-manageconditionprice-display-component---conditions--smartFilterBar-filterItemControl_BASIC-BILL_TYPES-valueHelpDialog-table-rowsel0')]"}
RESULT: {"using":"xpath","value":"//div[contains(@id, 'application-manageconditionprice-display-component---conditions--smartFilterBar-filterItemControl_BASIC-BILL_TYPES-valueHelpDialog-table-rowsel0')]"}
COMMAND: POST /session/a995b82d0df1730148f5e6c1edf10a41/element/f.5AF93869D51CACD0ED0B7A3F3CCEB8C6.d.309CE6A067D5FFCB426CEF88C69231A6.e.12099/click - {}
RESULT: {}
COMMAND: GET /session/a995b82d0df1730148f5e6c1edf10a41/screenshot - {}
RESULT: {}
COMMAND: POST /session/a995b82d0df1730148f5e6c1edf10a41/element - {"using":"xpath","value":"//bdi[contains(text(), \"OK\")]"}
RESULT: {"using":"xpath","value":"//bdi[contains(text(), \"OK\")]"}
COMMAND: POST /session/a995b82d0df1730148f5e6c1edf10a41/element/f.5AF93869D51CACD0ED0B7A3F3CCEB8C6.d.309CE6A067D5FFCB426CEF88C69231A6.e.12101/click - {}
RESULT: {}
COMMAND: GET /session/a995b82d0df1730148f5e6c1edf10a41/screenshot - {}
RESULT: {}
COMMAND: POST /session/a995b82d0df1730148f5e6c1edf10a41/element - {"using":"xpath","value":"//span[@id=\"application-manageconditionprice-display-component---conditions--smartTable-header-inner\"]"}
RESULT: {"using":"xpath","value":"//span[@id=\"application-manageconditionprice-display-component---conditions--smartTable-header-inner\"]"}
COMMAND: POST /session/a995b82d0df1730148f5e6c1edf10a41/elements - {"using":"xpath","value":"//span[@id=\"application-manageconditionprice-display-component---conditions--smartTable-header-inner\"]"}
RESULT: {"using":"xpath","value":"//span[@id=\"application-manageconditionprice-display-component---conditions--smartTable-header-inner\"]"}
COMMAND: POST /session/a995b82d0df1730148f5e6c1edf10a41/execute/sync - {"script":"<script> [56 bytes]","args":[{"element-6066-11e4-a52e-4f735466cecf":"f.5AF93869D51CACD0ED0B7A3F3CCEB8C6.d.309CE6A067D5FFCB426CEF88C69231A6.e.12104","ELEMENT":"f.5AF93869D51CACD0ED0B7A3F3CCEB8C6.d.309CE6A067D5FFCB426CEF88C69231A6.e.12104"}]}
RESULT: {"script":"<script> [56 bytes]","args":[{"element-6066-11e4-a52e-4f735466cecf":"f.5AF93869D51CACD0ED0B7A3F3CCEB8C6.d.309CE6A067D5FFCB426CEF88C69231A6.e.12104","ELEMENT":"f.5AF93869D51CACD0ED0B7A3F3CCEB8C6.d.309CE6A067D5FFCB426CEF88C69231A6.e.12104"}]}
COMMAND: POST /session/a995b82d0df1730148f5e6c1edf10a41/element - {"using":"css selector","value":"#shell-header-logo"}
COMMAND: GET /session/a995b82d0df1730148f5e6c1edf10a41/screenshot - {}
RESULT: {"using":"css selector","value":"#shell-header-logo"}
COMMAND: POST /session/a995b82d0df1730148f5e6c1edf10a41/element/f.5AF93869D51CACD0ED0B7A3F3CCEB8C6.d.309CE6A067D5FFCB426CEF88C69231A6.e.11733/click - {}
RESULT: {}
RESULT: {}
COMMAND: GET /session/a995b82d0df1730148f5e6c1edf10a41/screenshot - {}
RESULT: {}
]]></system-out>
    </testcase>
    <testcase classname="chrome.136_0_7103_93.windows.Billing_transfer_US117289" name="Should do a stock increase" time="106.258">
      <failure/>
      <error message="Can't call click on element with selector &quot;//li[.//span[contains(text(),'509 -')]]&quot; because element wasn't found"/>
      <system-out><![CDATA[
COMMAND: POST /session/a995b82d0df1730148f5e6c1edf10a41/execute/async - {"script":"<script> [1562 bytes]","args":[{"selector":{"controlType":"sap.m.GenericTile","properties":{"header":"Manage Handovers"}},"wdio_ui5_key":"sapm.GenericTile{\"header\":\"Manage Handovers\"}"}]}
RESULT: {"script":"<script> [1562 bytes]","args":[{"selector":{"controlType":"sap.m.GenericTile","properties":{"header":"Manage Handovers"}},"wdio_ui5_key":"sapm.GenericTile{\"header\":\"Manage Handovers\"}"}]}
RESULT: undefined
COMMAND: POST /session/a995b82d0df1730148f5e6c1edf10a41/element - {"using":"xpath","value":"//*[@id=\"__tile132\"]"}
RESULT: {"using":"xpath","value":"//*[@id=\"__tile132\"]"}
COMMAND: POST /session/a995b82d0df1730148f5e6c1edf10a41/element/f.5AF93869D51CACD0ED0B7A3F3CCEB8C6.d.309CE6A067D5FFCB426CEF88C69231A6.e.10775/click - {}
RESULT: {}
COMMAND: GET /session/a995b82d0df1730148f5e6c1edf10a41/screenshot - {}
RESULT: {}
COMMAND: POST /session/a995b82d0df1730148f5e6c1edf10a41/elements - {"using":"xpath","value":"//span[text()='Error']"}
RESULT: {"using":"xpath","value":"//span[text()='Error']"}
COMMAND: POST /session/a995b82d0df1730148f5e6c1edf10a41/element - {"using":"xpath","value":"//button[@data-kt=\"masterHOAddButton\"]"}
RESULT: {"using":"xpath","value":"//button[@data-kt=\"masterHOAddButton\"]"}
COMMAND: POST /session/a995b82d0df1730148f5e6c1edf10a41/elements - {"using":"xpath","value":"//button[@data-kt=\"masterHOAddButton\"]"}
RESULT: {"using":"xpath","value":"//button[@data-kt=\"masterHOAddButton\"]"}
COMMAND: POST /session/a995b82d0df1730148f5e6c1edf10a41/elements - {"using":"xpath","value":"//button[@data-kt=\"masterHOAddButton\"]"}
RESULT: {"using":"xpath","value":"//button[@data-kt=\"masterHOAddButton\"]"}
COMMAND: POST /session/a995b82d0df1730148f5e6c1edf10a41/element - {"using":"xpath","value":"//button[@data-kt=\"masterHOAddButton\"]"}
RESULT: {"using":"xpath","value":"//button[@data-kt=\"masterHOAddButton\"]"}
COMMAND: POST /session/a995b82d0df1730148f5e6c1edf10a41/execute/sync - {"script":"<script> [8489 bytes]","args":[{"element-6066-11e4-a52e-4f735466cecf":"f.5AF93869D51CACD0ED0B7A3F3CCEB8C6.d.309CE6A067D5FFCB426CEF88C69231A6.e.12145","ELEMENT":"f.5AF93869D51CACD0ED0B7A3F3CCEB8C6.d.309CE6A067D5FFCB426CEF88C69231A6.e.12145"}]}
RESULT: {"script":"<script> [8489 bytes]","args":[{"element-6066-11e4-a52e-4f735466cecf":"f.5AF93869D51CACD0ED0B7A3F3CCEB8C6.d.309CE6A067D5FFCB426CEF88C69231A6.e.12145","ELEMENT":"f.5AF93869D51CACD0ED0B7A3F3CCEB8C6.d.309CE6A067D5FFCB426CEF88C69231A6.e.12145"}]}
COMMAND: GET /session/a995b82d0df1730148f5e6c1edf10a41/element/f.5AF93869D51CACD0ED0B7A3F3CCEB8C6.d.309CE6A067D5FFCB426CEF88C69231A6.e.12145/enabled - {}
COMMAND: GET /session/a995b82d0df1730148f5e6c1edf10a41/screenshot - {}
RESULT: {}
COMMAND: POST /session/a995b82d0df1730148f5e6c1edf10a41/execute/sync - {"script":"<script> [8489 bytes]","args":[{"element-6066-11e4-a52e-4f735466cecf":"f.5AF93869D51CACD0ED0B7A3F3CCEB8C6.d.309CE6A067D5FFCB426CEF88C69231A6.e.12145","ELEMENT":"f.5AF93869D51CACD0ED0B7A3F3CCEB8C6.d.309CE6A067D5FFCB426CEF88C69231A6.e.12145"}]}
COMMAND: GET /session/a995b82d0df1730148f5e6c1edf10a41/screenshot - {}
RESULT: {}
RESULT: {"script":"<script> [8489 bytes]","args":[{"element-6066-11e4-a52e-4f735466cecf":"f.5AF93869D51CACD0ED0B7A3F3CCEB8C6.d.309CE6A067D5FFCB426CEF88C69231A6.e.12145","ELEMENT":"f.5AF93869D51CACD0ED0B7A3F3CCEB8C6.d.309CE6A067D5FFCB426CEF88C69231A6.e.12145"}]}
COMMAND: POST /session/a995b82d0df1730148f5e6c1edf10a41/execute/sync - {"script":"<script> [5351 bytes]","args":[{"element-6066-11e4-a52e-4f735466cecf":"f.5AF93869D51CACD0ED0B7A3F3CCEB8C6.d.309CE6A067D5FFCB426CEF88C69231A6.e.12145","ELEMENT":"f.5AF93869D51CACD0ED0B7A3F3CCEB8C6.d.309CE6A067D5FFCB426CEF88C69231A6.e.12145"}]}
COMMAND: GET /session/a995b82d0df1730148f5e6c1edf10a41/screenshot - {}
RESULT: {}
RESULT: {"script":"<script> [5351 bytes]","args":[{"element-6066-11e4-a52e-4f735466cecf":"f.5AF93869D51CACD0ED0B7A3F3CCEB8C6.d.309CE6A067D5FFCB426CEF88C69231A6.e.12145","ELEMENT":"f.5AF93869D51CACD0ED0B7A3F3CCEB8C6.d.309CE6A067D5FFCB426CEF88C69231A6.e.12145"}]}
COMMAND: POST /session/a995b82d0df1730148f5e6c1edf10a41/element/f.5AF93869D51CACD0ED0B7A3F3CCEB8C6.d.309CE6A067D5FFCB426CEF88C69231A6.e.12145/click - {}
COMMAND: GET /session/a995b82d0df1730148f5e6c1edf10a41/screenshot - {}
RESULT: {}
RESULT: {}
COMMAND: GET /session/a995b82d0df1730148f5e6c1edf10a41/screenshot - {}
COMMAND: POST /session/a995b82d0df1730148f5e6c1edf10a41/element - {"using":"xpath","value":"//span[contains(@id ,\"AddNewHO--typeSelect-arrow\")]"}
RESULT: {}
RESULT: {}
RESULT: {"using":"xpath","value":"//span[contains(@id ,\"AddNewHO--typeSelect-arrow\")]"}
COMMAND: POST /session/a995b82d0df1730148f5e6c1edf10a41/element/f.5AF93869D51CACD0ED0B7A3F3CCEB8C6.d.309CE6A067D5FFCB426CEF88C69231A6.e.12484/click - {}
RESULT: {}
COMMAND: GET /session/a995b82d0df1730148f5e6c1edf10a41/screenshot - {}
RESULT: {}
COMMAND: POST /session/a995b82d0df1730148f5e6c1edf10a41/element - {"using":"xpath","value":"(//li[contains(text(), \"stock increase yard\")])[1]"}
RESULT: {"using":"xpath","value":"(//li[contains(text(), \"stock increase yard\")])[1]"}
COMMAND: POST /session/a995b82d0df1730148f5e6c1edf10a41/element/f.5AF93869D51CACD0ED0B7A3F3CCEB8C6.d.309CE6A067D5FFCB426CEF88C69231A6.e.12485/click - {}
RESULT: {}
COMMAND: GET /session/a995b82d0df1730148f5e6c1edf10a41/screenshot - {}
RESULT: {}
COMMAND: POST /session/a995b82d0df1730148f5e6c1edf10a41/execute/async - {"script":"<script> [1562 bytes]","args":[{"selector":{"id":"application-managehandovers-display-component---AddNewHO--dueDate","interaction":{"idSuffix":"inner"}},"wdio_ui5_key":"applicationmanagehandovers-display-component---AddNewHO--dueDate"}]}
RESULT: {"script":"<script> [1562 bytes]","args":[{"selector":{"id":"application-managehandovers-display-component---AddNewHO--dueDate","interaction":{"idSuffix":"inner"}},"wdio_ui5_key":"applicationmanagehandovers-display-component---AddNewHO--dueDate"}]}
RESULT: undefined
COMMAND: POST /session/a995b82d0df1730148f5e6c1edf10a41/execute/async - {"script":"<script> [6424 bytes]","args":[{"element-6066-11e4-a52e-4f735466cecf":"f.5AF93869D51CACD0ED0B7A3F3CCEB8C6.d.309CE6A067D5FFCB426CEF88C69231A6.e.12489"},"setValue",["5/30/25"]]}
RESULT: {"script":"<script> [6424 bytes]","args":[{"element-6066-11e4-a52e-4f735466cecf":"f.5AF93869D51CACD0ED0B7A3F3CCEB8C6.d.309CE6A067D5FFCB426CEF88C69231A6.e.12489"},"setValue",["5/30/25"]]}
COMMAND: POST /session/a995b82d0df1730148f5e6c1edf10a41/element - {"using":"xpath","value":"//input[@id=\"generalSectionFrg--receiveYard-inner\"]"}
RESULT: {"using":"xpath","value":"//input[@id=\"generalSectionFrg--receiveYard-inner\"]"}
COMMAND: POST /session/a995b82d0df1730148f5e6c1edf10a41/element/f.5AF93869D51CACD0ED0B7A3F3CCEB8C6.d.309CE6A067D5FFCB426CEF88C69231A6.e.12495/clear - {}
RESULT: {}
COMMAND: POST /session/a995b82d0df1730148f5e6c1edf10a41/element/f.5AF93869D51CACD0ED0B7A3F3CCEB8C6.d.309CE6A067D5FFCB426CEF88C69231A6.e.12495/value - {"text":"509"}
COMMAND: GET /session/a995b82d0df1730148f5e6c1edf10a41/screenshot - {}
RESULT: {"text":"509"}
COMMAND: GET /session/a995b82d0df1730148f5e6c1edf10a41/screenshot - {}
RESULT: {}
RESULT: {}
COMMAND: POST /session/a995b82d0df1730148f5e6c1edf10a41/element - {"using":"xpath","value":"//li[.//span[contains(text(),'509 -')]]"}
RESULT: {"using":"xpath","value":"//li[.//span[contains(text(),'509 -')]]"}
COMMAND: POST /session/a995b82d0df1730148f5e6c1edf10a41/elements - {"using":"xpath","value":"//li[.//span[contains(text(),'509 -')]]"}
RESULT: {"using":"xpath","value":"//li[.//span[contains(text(),'509 -')]]"}
COMMAND: POST /session/a995b82d0df1730148f5e6c1edf10a41/elements - {"using":"xpath","value":"//li[.//span[contains(text(),'509 -')]]"}
RESULT: {"using":"xpath","value":"//li[.//span[contains(text(),'509 -')]]"}
COMMAND: POST /session/a995b82d0df1730148f5e6c1edf10a41/elements - {"using":"xpath","value":"//li[.//span[contains(text(),'509 -')]]"}
RESULT: {"using":"xpath","value":"//li[.//span[contains(text(),'509 -')]]"}
COMMAND: POST /session/a995b82d0df1730148f5e6c1edf10a41/elements - {"using":"xpath","value":"//li[.//span[contains(text(),'509 -')]]"}
RESULT: {"using":"xpath","value":"//li[.//span[contains(text(),'509 -')]]"}
COMMAND: POST /session/a995b82d0df1730148f5e6c1edf10a41/elements - {"using":"xpath","value":"//li[.//span[contains(text(),'509 -')]]"}
RESULT: {"using":"xpath","value":"//li[.//span[contains(text(),'509 -')]]"}
COMMAND: POST /session/a995b82d0df1730148f5e6c1edf10a41/elements - {"using":"xpath","value":"//li[.//span[contains(text(),'509 -')]]"}
RESULT: {"using":"xpath","value":"//li[.//span[contains(text(),'509 -')]]"}
COMMAND: POST /session/a995b82d0df1730148f5e6c1edf10a41/elements - {"using":"xpath","value":"//li[.//span[contains(text(),'509 -')]]"}
RESULT: {"using":"xpath","value":"//li[.//span[contains(text(),'509 -')]]"}
COMMAND: POST /session/a995b82d0df1730148f5e6c1edf10a41/elements - {"using":"xpath","value":"//li[.//span[contains(text(),'509 -')]]"}
RESULT: {"using":"xpath","value":"//li[.//span[contains(text(),'509 -')]]"}
COMMAND: POST /session/a995b82d0df1730148f5e6c1edf10a41/elements - {"using":"xpath","value":"//li[.//span[contains(text(),'509 -')]]"}
RESULT: {"using":"xpath","value":"//li[.//span[contains(text(),'509 -')]]"}
COMMAND: POST /session/a995b82d0df1730148f5e6c1edf10a41/elements - {"using":"xpath","value":"//li[.//span[contains(text(),'509 -')]]"}
RESULT: {"using":"xpath","value":"//li[.//span[contains(text(),'509 -')]]"}
COMMAND: POST /session/a995b82d0df1730148f5e6c1edf10a41/elements - {"using":"xpath","value":"//li[.//span[contains(text(),'509 -')]]"}
RESULT: {"using":"xpath","value":"//li[.//span[contains(text(),'509 -')]]"}
COMMAND: POST /session/a995b82d0df1730148f5e6c1edf10a41/elements - {"using":"xpath","value":"//li[.//span[contains(text(),'509 -')]]"}
RESULT: {"using":"xpath","value":"//li[.//span[contains(text(),'509 -')]]"}
COMMAND: POST /session/a995b82d0df1730148f5e6c1edf10a41/elements - {"using":"xpath","value":"//li[.//span[contains(text(),'509 -')]]"}
RESULT: {"using":"xpath","value":"//li[.//span[contains(text(),'509 -')]]"}
COMMAND: POST /session/a995b82d0df1730148f5e6c1edf10a41/elements - {"using":"xpath","value":"//li[.//span[contains(text(),'509 -')]]"}
RESULT: {"using":"xpath","value":"//li[.//span[contains(text(),'509 -')]]"}
COMMAND: POST /session/a995b82d0df1730148f5e6c1edf10a41/elements - {"using":"xpath","value":"//li[.//span[contains(text(),'509 -')]]"}
RESULT: {"using":"xpath","value":"//li[.//span[contains(text(),'509 -')]]"}
COMMAND: POST /session/a995b82d0df1730148f5e6c1edf10a41/elements - {"using":"xpath","value":"//li[.//span[contains(text(),'509 -')]]"}
RESULT: {"using":"xpath","value":"//li[.//span[contains(text(),'509 -')]]"}
COMMAND: POST /session/a995b82d0df1730148f5e6c1edf10a41/elements - {"using":"xpath","value":"//li[.//span[contains(text(),'509 -')]]"}
RESULT: {"using":"xpath","value":"//li[.//span[contains(text(),'509 -')]]"}
COMMAND: POST /session/a995b82d0df1730148f5e6c1edf10a41/elements - {"using":"xpath","value":"//li[.//span[contains(text(),'509 -')]]"}
RESULT: {"using":"xpath","value":"//li[.//span[contains(text(),'509 -')]]"}
COMMAND: POST /session/a995b82d0df1730148f5e6c1edf10a41/elements - {"using":"xpath","value":"//li[.//span[contains(text(),'509 -')]]"}
RESULT: {"using":"xpath","value":"//li[.//span[contains(text(),'509 -')]]"}
COMMAND: POST /session/a995b82d0df1730148f5e6c1edf10a41/elements - {"using":"xpath","value":"//li[.//span[contains(text(),'509 -')]]"}
RESULT: {"using":"xpath","value":"//li[.//span[contains(text(),'509 -')]]"}
COMMAND: POST /session/a995b82d0df1730148f5e6c1edf10a41/elements - {"using":"xpath","value":"//li[.//span[contains(text(),'509 -')]]"}
RESULT: {"using":"xpath","value":"//li[.//span[contains(text(),'509 -')]]"}
COMMAND: POST /session/a995b82d0df1730148f5e6c1edf10a41/elements - {"using":"xpath","value":"//li[.//span[contains(text(),'509 -')]]"}
RESULT: {"using":"xpath","value":"//li[.//span[contains(text(),'509 -')]]"}
COMMAND: POST /session/a995b82d0df1730148f5e6c1edf10a41/elements - {"using":"xpath","value":"//li[.//span[contains(text(),'509 -')]]"}
RESULT: {"using":"xpath","value":"//li[.//span[contains(text(),'509 -')]]"}
COMMAND: POST /session/a995b82d0df1730148f5e6c1edf10a41/elements - {"using":"xpath","value":"//li[.//span[contains(text(),'509 -')]]"}
RESULT: {"using":"xpath","value":"//li[.//span[contains(text(),'509 -')]]"}
COMMAND: POST /session/a995b82d0df1730148f5e6c1edf10a41/elements - {"using":"xpath","value":"//li[.//span[contains(text(),'509 -')]]"}
RESULT: {"using":"xpath","value":"//li[.//span[contains(text(),'509 -')]]"}
COMMAND: POST /session/a995b82d0df1730148f5e6c1edf10a41/elements - {"using":"xpath","value":"//li[.//span[contains(text(),'509 -')]]"}
RESULT: {"using":"xpath","value":"//li[.//span[contains(text(),'509 -')]]"}
COMMAND: POST /session/a995b82d0df1730148f5e6c1edf10a41/elements - {"using":"xpath","value":"//li[.//span[contains(text(),'509 -')]]"}
RESULT: {"using":"xpath","value":"//li[.//span[contains(text(),'509 -')]]"}
COMMAND: POST /session/a995b82d0df1730148f5e6c1edf10a41/elements - {"using":"xpath","value":"//li[.//span[contains(text(),'509 -')]]"}
RESULT: {"using":"xpath","value":"//li[.//span[contains(text(),'509 -')]]"}
COMMAND: POST /session/a995b82d0df1730148f5e6c1edf10a41/elements - {"using":"xpath","value":"//li[.//span[contains(text(),'509 -')]]"}
RESULT: {"using":"xpath","value":"//li[.//span[contains(text(),'509 -')]]"}
COMMAND: POST /session/a995b82d0df1730148f5e6c1edf10a41/elements - {"using":"xpath","value":"//li[.//span[contains(text(),'509 -')]]"}
RESULT: {"using":"xpath","value":"//li[.//span[contains(text(),'509 -')]]"}
COMMAND: POST /session/a995b82d0df1730148f5e6c1edf10a41/elements - {"using":"xpath","value":"//li[.//span[contains(text(),'509 -')]]"}
RESULT: {"using":"xpath","value":"//li[.//span[contains(text(),'509 -')]]"}
COMMAND: POST /session/a995b82d0df1730148f5e6c1edf10a41/elements - {"using":"xpath","value":"//li[.//span[contains(text(),'509 -')]]"}
RESULT: {"using":"xpath","value":"//li[.//span[contains(text(),'509 -')]]"}
COMMAND: POST /session/a995b82d0df1730148f5e6c1edf10a41/elements - {"using":"xpath","value":"//li[.//span[contains(text(),'509 -')]]"}
RESULT: {"using":"xpath","value":"//li[.//span[contains(text(),'509 -')]]"}
COMMAND: POST /session/a995b82d0df1730148f5e6c1edf10a41/elements - {"using":"xpath","value":"//li[.//span[contains(text(),'509 -')]]"}
RESULT: {"using":"xpath","value":"//li[.//span[contains(text(),'509 -')]]"}
COMMAND: POST /session/a995b82d0df1730148f5e6c1edf10a41/elements - {"using":"xpath","value":"//li[.//span[contains(text(),'509 -')]]"}
RESULT: {"using":"xpath","value":"//li[.//span[contains(text(),'509 -')]]"}
COMMAND: POST /session/a995b82d0df1730148f5e6c1edf10a41/elements - {"using":"xpath","value":"//li[.//span[contains(text(),'509 -')]]"}
RESULT: {"using":"xpath","value":"//li[.//span[contains(text(),'509 -')]]"}
COMMAND: POST /session/a995b82d0df1730148f5e6c1edf10a41/elements - {"using":"xpath","value":"//li[.//span[contains(text(),'509 -')]]"}
RESULT: {"using":"xpath","value":"//li[.//span[contains(text(),'509 -')]]"}
COMMAND: POST /session/a995b82d0df1730148f5e6c1edf10a41/elements - {"using":"xpath","value":"//li[.//span[contains(text(),'509 -')]]"}
RESULT: {"using":"xpath","value":"//li[.//span[contains(text(),'509 -')]]"}
COMMAND: POST /session/a995b82d0df1730148f5e6c1edf10a41/elements - {"using":"xpath","value":"//li[.//span[contains(text(),'509 -')]]"}
RESULT: {"using":"xpath","value":"//li[.//span[contains(text(),'509 -')]]"}
COMMAND: POST /session/a995b82d0df1730148f5e6c1edf10a41/elements - {"using":"xpath","value":"//li[.//span[contains(text(),'509 -')]]"}
RESULT: {"using":"xpath","value":"//li[.//span[contains(text(),'509 -')]]"}
COMMAND: POST /session/a995b82d0df1730148f5e6c1edf10a41/elements - {"using":"xpath","value":"//li[.//span[contains(text(),'509 -')]]"}
RESULT: {"using":"xpath","value":"//li[.//span[contains(text(),'509 -')]]"}
COMMAND: POST /session/a995b82d0df1730148f5e6c1edf10a41/elements - {"using":"xpath","value":"//li[.//span[contains(text(),'509 -')]]"}
RESULT: {"using":"xpath","value":"//li[.//span[contains(text(),'509 -')]]"}
COMMAND: POST /session/a995b82d0df1730148f5e6c1edf10a41/elements - {"using":"xpath","value":"//li[.//span[contains(text(),'509 -')]]"}
RESULT: {"using":"xpath","value":"//li[.//span[contains(text(),'509 -')]]"}
COMMAND: POST /session/a995b82d0df1730148f5e6c1edf10a41/elements - {"using":"xpath","value":"//li[.//span[contains(text(),'509 -')]]"}
RESULT: {"using":"xpath","value":"//li[.//span[contains(text(),'509 -')]]"}
COMMAND: POST /session/a995b82d0df1730148f5e6c1edf10a41/elements - {"using":"xpath","value":"//li[.//span[contains(text(),'509 -')]]"}
RESULT: {"using":"xpath","value":"//li[.//span[contains(text(),'509 -')]]"}
COMMAND: POST /session/a995b82d0df1730148f5e6c1edf10a41/elements - {"using":"xpath","value":"//li[.//span[contains(text(),'509 -')]]"}
RESULT: {"using":"xpath","value":"//li[.//span[contains(text(),'509 -')]]"}
COMMAND: POST /session/a995b82d0df1730148f5e6c1edf10a41/elements - {"using":"xpath","value":"//li[.//span[contains(text(),'509 -')]]"}
RESULT: {"using":"xpath","value":"//li[.//span[contains(text(),'509 -')]]"}
COMMAND: POST /session/a995b82d0df1730148f5e6c1edf10a41/elements - {"using":"xpath","value":"//li[.//span[contains(text(),'509 -')]]"}
RESULT: {"using":"xpath","value":"//li[.//span[contains(text(),'509 -')]]"}
COMMAND: POST /session/a995b82d0df1730148f5e6c1edf10a41/elements - {"using":"xpath","value":"//li[.//span[contains(text(),'509 -')]]"}
RESULT: {"using":"xpath","value":"//li[.//span[contains(text(),'509 -')]]"}
COMMAND: POST /session/a995b82d0df1730148f5e6c1edf10a41/elements - {"using":"xpath","value":"//li[.//span[contains(text(),'509 -')]]"}
RESULT: {"using":"xpath","value":"//li[.//span[contains(text(),'509 -')]]"}
COMMAND: POST /session/a995b82d0df1730148f5e6c1edf10a41/elements - {"using":"xpath","value":"//li[.//span[contains(text(),'509 -')]]"}
RESULT: {"using":"xpath","value":"//li[.//span[contains(text(),'509 -')]]"}
COMMAND: POST /session/a995b82d0df1730148f5e6c1edf10a41/elements - {"using":"xpath","value":"//li[.//span[contains(text(),'509 -')]]"}
RESULT: {"using":"xpath","value":"//li[.//span[contains(text(),'509 -')]]"}
COMMAND: POST /session/a995b82d0df1730148f5e6c1edf10a41/elements - {"using":"xpath","value":"//li[.//span[contains(text(),'509 -')]]"}
RESULT: {"using":"xpath","value":"//li[.//span[contains(text(),'509 -')]]"}
COMMAND: POST /session/a995b82d0df1730148f5e6c1edf10a41/elements - {"using":"xpath","value":"//li[.//span[contains(text(),'509 -')]]"}
RESULT: {"using":"xpath","value":"//li[.//span[contains(text(),'509 -')]]"}
COMMAND: POST /session/a995b82d0df1730148f5e6c1edf10a41/elements - {"using":"xpath","value":"//li[.//span[contains(text(),'509 -')]]"}
RESULT: {"using":"xpath","value":"//li[.//span[contains(text(),'509 -')]]"}
COMMAND: POST /session/a995b82d0df1730148f5e6c1edf10a41/elements - {"using":"xpath","value":"//li[.//span[contains(text(),'509 -')]]"}
RESULT: {"using":"xpath","value":"//li[.//span[contains(text(),'509 -')]]"}
COMMAND: POST /session/a995b82d0df1730148f5e6c1edf10a41/elements - {"using":"xpath","value":"//li[.//span[contains(text(),'509 -')]]"}
RESULT: {"using":"xpath","value":"//li[.//span[contains(text(),'509 -')]]"}
COMMAND: POST /session/a995b82d0df1730148f5e6c1edf10a41/elements - {"using":"xpath","value":"//li[.//span[contains(text(),'509 -')]]"}
RESULT: {"using":"xpath","value":"//li[.//span[contains(text(),'509 -')]]"}
COMMAND: POST /session/a995b82d0df1730148f5e6c1edf10a41/elements - {"using":"xpath","value":"//li[.//span[contains(text(),'509 -')]]"}
RESULT: {"using":"xpath","value":"//li[.//span[contains(text(),'509 -')]]"}
COMMAND: POST /session/a995b82d0df1730148f5e6c1edf10a41/elements - {"using":"xpath","value":"//li[.//span[contains(text(),'509 -')]]"}
RESULT: {"using":"xpath","value":"//li[.//span[contains(text(),'509 -')]]"}
COMMAND: POST /session/a995b82d0df1730148f5e6c1edf10a41/elements - {"using":"xpath","value":"//li[.//span[contains(text(),'509 -')]]"}
RESULT: {"using":"xpath","value":"//li[.//span[contains(text(),'509 -')]]"}
COMMAND: POST /session/a995b82d0df1730148f5e6c1edf10a41/elements - {"using":"xpath","value":"//li[.//span[contains(text(),'509 -')]]"}
RESULT: {"using":"xpath","value":"//li[.//span[contains(text(),'509 -')]]"}
COMMAND: POST /session/a995b82d0df1730148f5e6c1edf10a41/elements - {"using":"xpath","value":"//li[.//span[contains(text(),'509 -')]]"}
RESULT: {"using":"xpath","value":"//li[.//span[contains(text(),'509 -')]]"}
COMMAND: POST /session/a995b82d0df1730148f5e6c1edf10a41/elements - {"using":"xpath","value":"//li[.//span[contains(text(),'509 -')]]"}
RESULT: {"using":"xpath","value":"//li[.//span[contains(text(),'509 -')]]"}
COMMAND: POST /session/a995b82d0df1730148f5e6c1edf10a41/elements - {"using":"xpath","value":"//li[.//span[contains(text(),'509 -')]]"}
RESULT: {"using":"xpath","value":"//li[.//span[contains(text(),'509 -')]]"}
COMMAND: POST /session/a995b82d0df1730148f5e6c1edf10a41/elements - {"using":"xpath","value":"//li[.//span[contains(text(),'509 -')]]"}
RESULT: {"using":"xpath","value":"//li[.//span[contains(text(),'509 -')]]"}
COMMAND: POST /session/a995b82d0df1730148f5e6c1edf10a41/elements - {"using":"xpath","value":"//li[.//span[contains(text(),'509 -')]]"}
RESULT: {"using":"xpath","value":"//li[.//span[contains(text(),'509 -')]]"}
COMMAND: POST /session/a995b82d0df1730148f5e6c1edf10a41/elements - {"using":"xpath","value":"//li[.//span[contains(text(),'509 -')]]"}
RESULT: {"using":"xpath","value":"//li[.//span[contains(text(),'509 -')]]"}
COMMAND: POST /session/a995b82d0df1730148f5e6c1edf10a41/elements - {"using":"xpath","value":"//li[.//span[contains(text(),'509 -')]]"}
RESULT: {"using":"xpath","value":"//li[.//span[contains(text(),'509 -')]]"}
COMMAND: POST /session/a995b82d0df1730148f5e6c1edf10a41/elements - {"using":"xpath","value":"//li[.//span[contains(text(),'509 -')]]"}
RESULT: {"using":"xpath","value":"//li[.//span[contains(text(),'509 -')]]"}
COMMAND: POST /session/a995b82d0df1730148f5e6c1edf10a41/elements - {"using":"xpath","value":"//li[.//span[contains(text(),'509 -')]]"}
RESULT: {"using":"xpath","value":"//li[.//span[contains(text(),'509 -')]]"}
COMMAND: POST /session/a995b82d0df1730148f5e6c1edf10a41/elements - {"using":"xpath","value":"//li[.//span[contains(text(),'509 -')]]"}
RESULT: {"using":"xpath","value":"//li[.//span[contains(text(),'509 -')]]"}
COMMAND: POST /session/a995b82d0df1730148f5e6c1edf10a41/elements - {"using":"xpath","value":"//li[.//span[contains(text(),'509 -')]]"}
RESULT: {"using":"xpath","value":"//li[.//span[contains(text(),'509 -')]]"}
COMMAND: POST /session/a995b82d0df1730148f5e6c1edf10a41/elements - {"using":"xpath","value":"//li[.//span[contains(text(),'509 -')]]"}
RESULT: {"using":"xpath","value":"//li[.//span[contains(text(),'509 -')]]"}
COMMAND: POST /session/a995b82d0df1730148f5e6c1edf10a41/elements - {"using":"xpath","value":"//li[.//span[contains(text(),'509 -')]]"}
RESULT: {"using":"xpath","value":"//li[.//span[contains(text(),'509 -')]]"}
COMMAND: POST /session/a995b82d0df1730148f5e6c1edf10a41/elements - {"using":"xpath","value":"//li[.//span[contains(text(),'509 -')]]"}
RESULT: {"using":"xpath","value":"//li[.//span[contains(text(),'509 -')]]"}
COMMAND: POST /session/a995b82d0df1730148f5e6c1edf10a41/elements - {"using":"xpath","value":"//li[.//span[contains(text(),'509 -')]]"}
RESULT: {"using":"xpath","value":"//li[.//span[contains(text(),'509 -')]]"}
COMMAND: POST /session/a995b82d0df1730148f5e6c1edf10a41/elements - {"using":"xpath","value":"//li[.//span[contains(text(),'509 -')]]"}
RESULT: {"using":"xpath","value":"//li[.//span[contains(text(),'509 -')]]"}
COMMAND: POST /session/a995b82d0df1730148f5e6c1edf10a41/elements - {"using":"xpath","value":"//li[.//span[contains(text(),'509 -')]]"}
RESULT: {"using":"xpath","value":"//li[.//span[contains(text(),'509 -')]]"}
COMMAND: POST /session/a995b82d0df1730148f5e6c1edf10a41/elements - {"using":"xpath","value":"//li[.//span[contains(text(),'509 -')]]"}
RESULT: {"using":"xpath","value":"//li[.//span[contains(text(),'509 -')]]"}
COMMAND: POST /session/a995b82d0df1730148f5e6c1edf10a41/elements - {"using":"xpath","value":"//li[.//span[contains(text(),'509 -')]]"}
RESULT: {"using":"xpath","value":"//li[.//span[contains(text(),'509 -')]]"}
COMMAND: POST /session/a995b82d0df1730148f5e6c1edf10a41/elements - {"using":"xpath","value":"//li[.//span[contains(text(),'509 -')]]"}
RESULT: {"using":"xpath","value":"//li[.//span[contains(text(),'509 -')]]"}
COMMAND: POST /session/a995b82d0df1730148f5e6c1edf10a41/elements - {"using":"xpath","value":"//li[.//span[contains(text(),'509 -')]]"}
RESULT: {"using":"xpath","value":"//li[.//span[contains(text(),'509 -')]]"}
COMMAND: POST /session/a995b82d0df1730148f5e6c1edf10a41/elements - {"using":"xpath","value":"//li[.//span[contains(text(),'509 -')]]"}
RESULT: {"using":"xpath","value":"//li[.//span[contains(text(),'509 -')]]"}
COMMAND: POST /session/a995b82d0df1730148f5e6c1edf10a41/elements - {"using":"xpath","value":"//li[.//span[contains(text(),'509 -')]]"}
RESULT: {"using":"xpath","value":"//li[.//span[contains(text(),'509 -')]]"}
COMMAND: POST /session/a995b82d0df1730148f5e6c1edf10a41/elements - {"using":"xpath","value":"//li[.//span[contains(text(),'509 -')]]"}
RESULT: {"using":"xpath","value":"//li[.//span[contains(text(),'509 -')]]"}
COMMAND: POST /session/a995b82d0df1730148f5e6c1edf10a41/elements - {"using":"xpath","value":"//li[.//span[contains(text(),'509 -')]]"}
RESULT: {"using":"xpath","value":"//li[.//span[contains(text(),'509 -')]]"}
COMMAND: POST /session/a995b82d0df1730148f5e6c1edf10a41/elements - {"using":"xpath","value":"//li[.//span[contains(text(),'509 -')]]"}
RESULT: {"using":"xpath","value":"//li[.//span[contains(text(),'509 -')]]"}
COMMAND: POST /session/a995b82d0df1730148f5e6c1edf10a41/elements - {"using":"xpath","value":"//li[.//span[contains(text(),'509 -')]]"}
RESULT: {"using":"xpath","value":"//li[.//span[contains(text(),'509 -')]]"}
COMMAND: POST /session/a995b82d0df1730148f5e6c1edf10a41/elements - {"using":"xpath","value":"//li[.//span[contains(text(),'509 -')]]"}
RESULT: {"using":"xpath","value":"//li[.//span[contains(text(),'509 -')]]"}
COMMAND: POST /session/a995b82d0df1730148f5e6c1edf10a41/elements - {"using":"xpath","value":"//li[.//span[contains(text(),'509 -')]]"}
RESULT: {"using":"xpath","value":"//li[.//span[contains(text(),'509 -')]]"}
COMMAND: POST /session/a995b82d0df1730148f5e6c1edf10a41/elements - {"using":"xpath","value":"//li[.//span[contains(text(),'509 -')]]"}
RESULT: {"using":"xpath","value":"//li[.//span[contains(text(),'509 -')]]"}
COMMAND: POST /session/a995b82d0df1730148f5e6c1edf10a41/elements - {"using":"xpath","value":"//li[.//span[contains(text(),'509 -')]]"}
RESULT: {"using":"xpath","value":"//li[.//span[contains(text(),'509 -')]]"}
COMMAND: POST /session/a995b82d0df1730148f5e6c1edf10a41/elements - {"using":"xpath","value":"//li[.//span[contains(text(),'509 -')]]"}
RESULT: {"using":"xpath","value":"//li[.//span[contains(text(),'509 -')]]"}
COMMAND: POST /session/a995b82d0df1730148f5e6c1edf10a41/elements - {"using":"xpath","value":"//li[.//span[contains(text(),'509 -')]]"}
RESULT: {"using":"xpath","value":"//li[.//span[contains(text(),'509 -')]]"}
COMMAND: POST /session/a995b82d0df1730148f5e6c1edf10a41/elements - {"using":"xpath","value":"//li[.//span[contains(text(),'509 -')]]"}
RESULT: {"using":"xpath","value":"//li[.//span[contains(text(),'509 -')]]"}
COMMAND: POST /session/a995b82d0df1730148f5e6c1edf10a41/elements - {"using":"xpath","value":"//li[.//span[contains(text(),'509 -')]]"}
RESULT: {"using":"xpath","value":"//li[.//span[contains(text(),'509 -')]]"}
COMMAND: POST /session/a995b82d0df1730148f5e6c1edf10a41/elements - {"using":"xpath","value":"//li[.//span[contains(text(),'509 -')]]"}
RESULT: {"using":"xpath","value":"//li[.//span[contains(text(),'509 -')]]"}
COMMAND: POST /session/a995b82d0df1730148f5e6c1edf10a41/elements - {"using":"xpath","value":"//li[.//span[contains(text(),'509 -')]]"}
RESULT: {"using":"xpath","value":"//li[.//span[contains(text(),'509 -')]]"}
COMMAND: POST /session/a995b82d0df1730148f5e6c1edf10a41/elements - {"using":"xpath","value":"//li[.//span[contains(text(),'509 -')]]"}
RESULT: {"using":"xpath","value":"//li[.//span[contains(text(),'509 -')]]"}
COMMAND: POST /session/a995b82d0df1730148f5e6c1edf10a41/elements - {"using":"xpath","value":"//li[.//span[contains(text(),'509 -')]]"}
RESULT: {"using":"xpath","value":"//li[.//span[contains(text(),'509 -')]]"}
COMMAND: POST /session/a995b82d0df1730148f5e6c1edf10a41/elements - {"using":"xpath","value":"//li[.//span[contains(text(),'509 -')]]"}
RESULT: {"using":"xpath","value":"//li[.//span[contains(text(),'509 -')]]"}
COMMAND: POST /session/a995b82d0df1730148f5e6c1edf10a41/elements - {"using":"xpath","value":"//li[.//span[contains(text(),'509 -')]]"}
RESULT: {"using":"xpath","value":"//li[.//span[contains(text(),'509 -')]]"}
COMMAND: POST /session/a995b82d0df1730148f5e6c1edf10a41/elements - {"using":"xpath","value":"//li[.//span[contains(text(),'509 -')]]"}
RESULT: {"using":"xpath","value":"//li[.//span[contains(text(),'509 -')]]"}
COMMAND: POST /session/a995b82d0df1730148f5e6c1edf10a41/elements - {"using":"xpath","value":"//li[.//span[contains(text(),'509 -')]]"}
RESULT: {"using":"xpath","value":"//li[.//span[contains(text(),'509 -')]]"}
COMMAND: POST /session/a995b82d0df1730148f5e6c1edf10a41/elements - {"using":"xpath","value":"//li[.//span[contains(text(),'509 -')]]"}
RESULT: {"using":"xpath","value":"//li[.//span[contains(text(),'509 -')]]"}
COMMAND: POST /session/a995b82d0df1730148f5e6c1edf10a41/elements - {"using":"xpath","value":"//li[.//span[contains(text(),'509 -')]]"}
RESULT: {"using":"xpath","value":"//li[.//span[contains(text(),'509 -')]]"}
COMMAND: POST /session/a995b82d0df1730148f5e6c1edf10a41/elements - {"using":"xpath","value":"//li[.//span[contains(text(),'509 -')]]"}
RESULT: {"using":"xpath","value":"//li[.//span[contains(text(),'509 -')]]"}
COMMAND: POST /session/a995b82d0df1730148f5e6c1edf10a41/elements - {"using":"xpath","value":"//li[.//span[contains(text(),'509 -')]]"}
RESULT: {"using":"xpath","value":"//li[.//span[contains(text(),'509 -')]]"}
COMMAND: POST /session/a995b82d0df1730148f5e6c1edf10a41/elements - {"using":"xpath","value":"//li[.//span[contains(text(),'509 -')]]"}
RESULT: {"using":"xpath","value":"//li[.//span[contains(text(),'509 -')]]"}
COMMAND: POST /session/a995b82d0df1730148f5e6c1edf10a41/elements - {"using":"xpath","value":"//li[.//span[contains(text(),'509 -')]]"}
RESULT: {"using":"xpath","value":"//li[.//span[contains(text(),'509 -')]]"}
COMMAND: POST /session/a995b82d0df1730148f5e6c1edf10a41/elements - {"using":"xpath","value":"//li[.//span[contains(text(),'509 -')]]"}
RESULT: {"using":"xpath","value":"//li[.//span[contains(text(),'509 -')]]"}
COMMAND: POST /session/a995b82d0df1730148f5e6c1edf10a41/elements - {"using":"xpath","value":"//li[.//span[contains(text(),'509 -')]]"}
RESULT: {"using":"xpath","value":"//li[.//span[contains(text(),'509 -')]]"}
COMMAND: POST /session/a995b82d0df1730148f5e6c1edf10a41/elements - {"using":"xpath","value":"//li[.//span[contains(text(),'509 -')]]"}
RESULT: {"using":"xpath","value":"//li[.//span[contains(text(),'509 -')]]"}
COMMAND: POST /session/a995b82d0df1730148f5e6c1edf10a41/elements - {"using":"xpath","value":"//li[.//span[contains(text(),'509 -')]]"}
RESULT: {"using":"xpath","value":"//li[.//span[contains(text(),'509 -')]]"}
COMMAND: POST /session/a995b82d0df1730148f5e6c1edf10a41/elements - {"using":"xpath","value":"//li[.//span[contains(text(),'509 -')]]"}
RESULT: {"using":"xpath","value":"//li[.//span[contains(text(),'509 -')]]"}
COMMAND: POST /session/a995b82d0df1730148f5e6c1edf10a41/elements - {"using":"xpath","value":"//li[.//span[contains(text(),'509 -')]]"}
RESULT: {"using":"xpath","value":"//li[.//span[contains(text(),'509 -')]]"}
COMMAND: POST /session/a995b82d0df1730148f5e6c1edf10a41/elements - {"using":"xpath","value":"//li[.//span[contains(text(),'509 -')]]"}
RESULT: {"using":"xpath","value":"//li[.//span[contains(text(),'509 -')]]"}
COMMAND: POST /session/a995b82d0df1730148f5e6c1edf10a41/elements - {"using":"xpath","value":"//li[.//span[contains(text(),'509 -')]]"}
RESULT: {"using":"xpath","value":"//li[.//span[contains(text(),'509 -')]]"}
COMMAND: POST /session/a995b82d0df1730148f5e6c1edf10a41/elements - {"using":"xpath","value":"//li[.//span[contains(text(),'509 -')]]"}
RESULT: {"using":"xpath","value":"//li[.//span[contains(text(),'509 -')]]"}
COMMAND: POST /session/a995b82d0df1730148f5e6c1edf10a41/elements - {"using":"xpath","value":"//li[.//span[contains(text(),'509 -')]]"}
COMMAND: GET /session/a995b82d0df1730148f5e6c1edf10a41/screenshot - {}
RESULT: {"using":"xpath","value":"//li[.//span[contains(text(),'509 -')]]"}
RESULT: {}
]]></system-out>
      <system-err><![CDATA[
Error: Can't call click on element with selector "//li[.//span[contains(text(),'509 -')]]" because element wasn't found
    at async UtilsPrerequisites.stockIncrease (D:\a\1\s\test\specs\BTS\prerequisites-and-utils-functions.js:1638:9)
    at async Context.<anonymous> (D:\a\1\s\test\specs\BTS\billing-transfer.spec.js:59:9)
]]></system-err>
    </testcase>
    <testcase classname="chrome.136_0_7103_93.windows.Billing_transfer_US117289" name="Should create a new contract" time="60.695">
      <failure/>
      <error message="element (&quot;//button[@data-kt=&quot;addButton&quot;]&quot;) still not existing after 45000ms"/>
      <system-out><![CDATA[
COMMAND: POST /session/a995b82d0df1730148f5e6c1edf10a41/execute/async - {"script":"<script> [1562 bytes]","args":[{"selector":{"controlType":"sap.m.GenericTile","properties":{"header":"Manage Contracts"}},"wdio_ui5_key":"sapm.GenericTile{\"header\":\"Manage Contracts\"}"}]}
COMMAND: GET /session/a995b82d0df1730148f5e6c1edf10a41/screenshot - {}
RESULT: {"script":"<script> [1562 bytes]","args":[{"selector":{"controlType":"sap.m.GenericTile","properties":{"header":"Manage Contracts"}},"wdio_ui5_key":"sapm.GenericTile{\"header\":\"Manage Contracts\"}"}]}
RESULT: undefined
RESULT: {}
COMMAND: POST /session/a995b82d0df1730148f5e6c1edf10a41/elements - {"using":"xpath","value":"//span[text()='Error']"}
RESULT: {"using":"xpath","value":"//span[text()='Error']"}
COMMAND: POST /session/a995b82d0df1730148f5e6c1edf10a41/element - {"using":"xpath","value":"//button[@data-kt=\"addButton\"]"}
RESULT: {"using":"xpath","value":"//button[@data-kt=\"addButton\"]"}
COMMAND: POST /session/a995b82d0df1730148f5e6c1edf10a41/elements - {"using":"xpath","value":"//button[@data-kt=\"addButton\"]"}
RESULT: {"using":"xpath","value":"//button[@data-kt=\"addButton\"]"}
COMMAND: POST /session/a995b82d0df1730148f5e6c1edf10a41/elements - {"using":"xpath","value":"//button[@data-kt=\"addButton\"]"}
RESULT: {"using":"xpath","value":"//button[@data-kt=\"addButton\"]"}
COMMAND: POST /session/a995b82d0df1730148f5e6c1edf10a41/elements - {"using":"xpath","value":"//button[@data-kt=\"addButton\"]"}
RESULT: {"using":"xpath","value":"//button[@data-kt=\"addButton\"]"}
COMMAND: POST /session/a995b82d0df1730148f5e6c1edf10a41/elements - {"using":"xpath","value":"//button[@data-kt=\"addButton\"]"}
RESULT: {"using":"xpath","value":"//button[@data-kt=\"addButton\"]"}
COMMAND: POST /session/a995b82d0df1730148f5e6c1edf10a41/elements - {"using":"xpath","value":"//button[@data-kt=\"addButton\"]"}
RESULT: {"using":"xpath","value":"//button[@data-kt=\"addButton\"]"}
COMMAND: POST /session/a995b82d0df1730148f5e6c1edf10a41/elements - {"using":"xpath","value":"//button[@data-kt=\"addButton\"]"}
RESULT: {"using":"xpath","value":"//button[@data-kt=\"addButton\"]"}
COMMAND: POST /session/a995b82d0df1730148f5e6c1edf10a41/elements - {"using":"xpath","value":"//button[@data-kt=\"addButton\"]"}
RESULT: {"using":"xpath","value":"//button[@data-kt=\"addButton\"]"}
COMMAND: POST /session/a995b82d0df1730148f5e6c1edf10a41/elements - {"using":"xpath","value":"//button[@data-kt=\"addButton\"]"}
RESULT: {"using":"xpath","value":"//button[@data-kt=\"addButton\"]"}
COMMAND: POST /session/a995b82d0df1730148f5e6c1edf10a41/elements - {"using":"xpath","value":"//button[@data-kt=\"addButton\"]"}
RESULT: {"using":"xpath","value":"//button[@data-kt=\"addButton\"]"}
COMMAND: POST /session/a995b82d0df1730148f5e6c1edf10a41/elements - {"using":"xpath","value":"//button[@data-kt=\"addButton\"]"}
RESULT: {"using":"xpath","value":"//button[@data-kt=\"addButton\"]"}
COMMAND: POST /session/a995b82d0df1730148f5e6c1edf10a41/elements - {"using":"xpath","value":"//button[@data-kt=\"addButton\"]"}
RESULT: {"using":"xpath","value":"//button[@data-kt=\"addButton\"]"}
COMMAND: POST /session/a995b82d0df1730148f5e6c1edf10a41/elements - {"using":"xpath","value":"//button[@data-kt=\"addButton\"]"}
RESULT: {"using":"xpath","value":"//button[@data-kt=\"addButton\"]"}
COMMAND: POST /session/a995b82d0df1730148f5e6c1edf10a41/elements - {"using":"xpath","value":"//button[@data-kt=\"addButton\"]"}
RESULT: {"using":"xpath","value":"//button[@data-kt=\"addButton\"]"}
COMMAND: POST /session/a995b82d0df1730148f5e6c1edf10a41/elements - {"using":"xpath","value":"//button[@data-kt=\"addButton\"]"}
RESULT: {"using":"xpath","value":"//button[@data-kt=\"addButton\"]"}
COMMAND: POST /session/a995b82d0df1730148f5e6c1edf10a41/elements - {"using":"xpath","value":"//button[@data-kt=\"addButton\"]"}
RESULT: {"using":"xpath","value":"//button[@data-kt=\"addButton\"]"}
COMMAND: POST /session/a995b82d0df1730148f5e6c1edf10a41/elements - {"using":"xpath","value":"//button[@data-kt=\"addButton\"]"}
RESULT: {"using":"xpath","value":"//button[@data-kt=\"addButton\"]"}
COMMAND: POST /session/a995b82d0df1730148f5e6c1edf10a41/elements - {"using":"xpath","value":"//button[@data-kt=\"addButton\"]"}
RESULT: {"using":"xpath","value":"//button[@data-kt=\"addButton\"]"}
COMMAND: POST /session/a995b82d0df1730148f5e6c1edf10a41/elements - {"using":"xpath","value":"//button[@data-kt=\"addButton\"]"}
RESULT: {"using":"xpath","value":"//button[@data-kt=\"addButton\"]"}
COMMAND: POST /session/a995b82d0df1730148f5e6c1edf10a41/elements - {"using":"xpath","value":"//button[@data-kt=\"addButton\"]"}
RESULT: {"using":"xpath","value":"//button[@data-kt=\"addButton\"]"}
COMMAND: POST /session/a995b82d0df1730148f5e6c1edf10a41/elements - {"using":"xpath","value":"//button[@data-kt=\"addButton\"]"}
RESULT: {"using":"xpath","value":"//button[@data-kt=\"addButton\"]"}
COMMAND: POST /session/a995b82d0df1730148f5e6c1edf10a41/elements - {"using":"xpath","value":"//button[@data-kt=\"addButton\"]"}
RESULT: {"using":"xpath","value":"//button[@data-kt=\"addButton\"]"}
COMMAND: POST /session/a995b82d0df1730148f5e6c1edf10a41/elements - {"using":"xpath","value":"//button[@data-kt=\"addButton\"]"}
RESULT: {"using":"xpath","value":"//button[@data-kt=\"addButton\"]"}
COMMAND: POST /session/a995b82d0df1730148f5e6c1edf10a41/elements - {"using":"xpath","value":"//button[@data-kt=\"addButton\"]"}
RESULT: {"using":"xpath","value":"//button[@data-kt=\"addButton\"]"}
COMMAND: POST /session/a995b82d0df1730148f5e6c1edf10a41/elements - {"using":"xpath","value":"//button[@data-kt=\"addButton\"]"}
RESULT: {"using":"xpath","value":"//button[@data-kt=\"addButton\"]"}
COMMAND: POST /session/a995b82d0df1730148f5e6c1edf10a41/elements - {"using":"xpath","value":"//button[@data-kt=\"addButton\"]"}
RESULT: {"using":"xpath","value":"//button[@data-kt=\"addButton\"]"}
COMMAND: POST /session/a995b82d0df1730148f5e6c1edf10a41/elements - {"using":"xpath","value":"//button[@data-kt=\"addButton\"]"}
RESULT: {"using":"xpath","value":"//button[@data-kt=\"addButton\"]"}
COMMAND: POST /session/a995b82d0df1730148f5e6c1edf10a41/elements - {"using":"xpath","value":"//button[@data-kt=\"addButton\"]"}
RESULT: {"using":"xpath","value":"//button[@data-kt=\"addButton\"]"}
COMMAND: POST /session/a995b82d0df1730148f5e6c1edf10a41/elements - {"using":"xpath","value":"//button[@data-kt=\"addButton\"]"}
RESULT: {"using":"xpath","value":"//button[@data-kt=\"addButton\"]"}
COMMAND: POST /session/a995b82d0df1730148f5e6c1edf10a41/elements - {"using":"xpath","value":"//button[@data-kt=\"addButton\"]"}
RESULT: {"using":"xpath","value":"//button[@data-kt=\"addButton\"]"}
COMMAND: POST /session/a995b82d0df1730148f5e6c1edf10a41/elements - {"using":"xpath","value":"//button[@data-kt=\"addButton\"]"}
RESULT: {"using":"xpath","value":"//button[@data-kt=\"addButton\"]"}
COMMAND: POST /session/a995b82d0df1730148f5e6c1edf10a41/elements - {"using":"xpath","value":"//button[@data-kt=\"addButton\"]"}
RESULT: {"using":"xpath","value":"//button[@data-kt=\"addButton\"]"}
COMMAND: POST /session/a995b82d0df1730148f5e6c1edf10a41/elements - {"using":"xpath","value":"//button[@data-kt=\"addButton\"]"}
RESULT: {"using":"xpath","value":"//button[@data-kt=\"addButton\"]"}
COMMAND: POST /session/a995b82d0df1730148f5e6c1edf10a41/elements - {"using":"xpath","value":"//button[@data-kt=\"addButton\"]"}
RESULT: {"using":"xpath","value":"//button[@data-kt=\"addButton\"]"}
COMMAND: POST /session/a995b82d0df1730148f5e6c1edf10a41/elements - {"using":"xpath","value":"//button[@data-kt=\"addButton\"]"}
RESULT: {"using":"xpath","value":"//button[@data-kt=\"addButton\"]"}
COMMAND: POST /session/a995b82d0df1730148f5e6c1edf10a41/elements - {"using":"xpath","value":"//button[@data-kt=\"addButton\"]"}
RESULT: {"using":"xpath","value":"//button[@data-kt=\"addButton\"]"}
COMMAND: POST /session/a995b82d0df1730148f5e6c1edf10a41/elements - {"using":"xpath","value":"//button[@data-kt=\"addButton\"]"}
RESULT: {"using":"xpath","value":"//button[@data-kt=\"addButton\"]"}
COMMAND: POST /session/a995b82d0df1730148f5e6c1edf10a41/elements - {"using":"xpath","value":"//button[@data-kt=\"addButton\"]"}
RESULT: {"using":"xpath","value":"//button[@data-kt=\"addButton\"]"}
COMMAND: POST /session/a995b82d0df1730148f5e6c1edf10a41/elements - {"using":"xpath","value":"//button[@data-kt=\"addButton\"]"}
RESULT: {"using":"xpath","value":"//button[@data-kt=\"addButton\"]"}
COMMAND: POST /session/a995b82d0df1730148f5e6c1edf10a41/elements - {"using":"xpath","value":"//button[@data-kt=\"addButton\"]"}
RESULT: {"using":"xpath","value":"//button[@data-kt=\"addButton\"]"}
COMMAND: POST /session/a995b82d0df1730148f5e6c1edf10a41/elements - {"using":"xpath","value":"//button[@data-kt=\"addButton\"]"}
RESULT: {"using":"xpath","value":"//button[@data-kt=\"addButton\"]"}
COMMAND: POST /session/a995b82d0df1730148f5e6c1edf10a41/elements - {"using":"xpath","value":"//button[@data-kt=\"addButton\"]"}
RESULT: {"using":"xpath","value":"//button[@data-kt=\"addButton\"]"}
COMMAND: POST /session/a995b82d0df1730148f5e6c1edf10a41/elements - {"using":"xpath","value":"//button[@data-kt=\"addButton\"]"}
RESULT: {"using":"xpath","value":"//button[@data-kt=\"addButton\"]"}
COMMAND: POST /session/a995b82d0df1730148f5e6c1edf10a41/elements - {"using":"xpath","value":"//button[@data-kt=\"addButton\"]"}
RESULT: {"using":"xpath","value":"//button[@data-kt=\"addButton\"]"}
COMMAND: POST /session/a995b82d0df1730148f5e6c1edf10a41/elements - {"using":"xpath","value":"//button[@data-kt=\"addButton\"]"}
RESULT: {"using":"xpath","value":"//button[@data-kt=\"addButton\"]"}
COMMAND: POST /session/a995b82d0df1730148f5e6c1edf10a41/elements - {"using":"xpath","value":"//button[@data-kt=\"addButton\"]"}
RESULT: {"using":"xpath","value":"//button[@data-kt=\"addButton\"]"}
COMMAND: POST /session/a995b82d0df1730148f5e6c1edf10a41/elements - {"using":"xpath","value":"//button[@data-kt=\"addButton\"]"}
RESULT: {"using":"xpath","value":"//button[@data-kt=\"addButton\"]"}
COMMAND: POST /session/a995b82d0df1730148f5e6c1edf10a41/elements - {"using":"xpath","value":"//button[@data-kt=\"addButton\"]"}
RESULT: {"using":"xpath","value":"//button[@data-kt=\"addButton\"]"}
COMMAND: POST /session/a995b82d0df1730148f5e6c1edf10a41/elements - {"using":"xpath","value":"//button[@data-kt=\"addButton\"]"}
RESULT: {"using":"xpath","value":"//button[@data-kt=\"addButton\"]"}
COMMAND: POST /session/a995b82d0df1730148f5e6c1edf10a41/elements - {"using":"xpath","value":"//button[@data-kt=\"addButton\"]"}
RESULT: {"using":"xpath","value":"//button[@data-kt=\"addButton\"]"}
COMMAND: POST /session/a995b82d0df1730148f5e6c1edf10a41/elements - {"using":"xpath","value":"//button[@data-kt=\"addButton\"]"}
RESULT: {"using":"xpath","value":"//button[@data-kt=\"addButton\"]"}
COMMAND: POST /session/a995b82d0df1730148f5e6c1edf10a41/elements - {"using":"xpath","value":"//button[@data-kt=\"addButton\"]"}
RESULT: {"using":"xpath","value":"//button[@data-kt=\"addButton\"]"}
COMMAND: POST /session/a995b82d0df1730148f5e6c1edf10a41/elements - {"using":"xpath","value":"//button[@data-kt=\"addButton\"]"}
RESULT: {"using":"xpath","value":"//button[@data-kt=\"addButton\"]"}
COMMAND: POST /session/a995b82d0df1730148f5e6c1edf10a41/elements - {"using":"xpath","value":"//button[@data-kt=\"addButton\"]"}
RESULT: {"using":"xpath","value":"//button[@data-kt=\"addButton\"]"}
COMMAND: POST /session/a995b82d0df1730148f5e6c1edf10a41/elements - {"using":"xpath","value":"//button[@data-kt=\"addButton\"]"}
RESULT: {"using":"xpath","value":"//button[@data-kt=\"addButton\"]"}
COMMAND: POST /session/a995b82d0df1730148f5e6c1edf10a41/elements - {"using":"xpath","value":"//button[@data-kt=\"addButton\"]"}
RESULT: {"using":"xpath","value":"//button[@data-kt=\"addButton\"]"}
COMMAND: POST /session/a995b82d0df1730148f5e6c1edf10a41/elements - {"using":"xpath","value":"//button[@data-kt=\"addButton\"]"}
RESULT: {"using":"xpath","value":"//button[@data-kt=\"addButton\"]"}
COMMAND: POST /session/a995b82d0df1730148f5e6c1edf10a41/elements - {"using":"xpath","value":"//button[@data-kt=\"addButton\"]"}
RESULT: {"using":"xpath","value":"//button[@data-kt=\"addButton\"]"}
COMMAND: POST /session/a995b82d0df1730148f5e6c1edf10a41/elements - {"using":"xpath","value":"//button[@data-kt=\"addButton\"]"}
RESULT: {"using":"xpath","value":"//button[@data-kt=\"addButton\"]"}
COMMAND: POST /session/a995b82d0df1730148f5e6c1edf10a41/elements - {"using":"xpath","value":"//button[@data-kt=\"addButton\"]"}
RESULT: {"using":"xpath","value":"//button[@data-kt=\"addButton\"]"}
COMMAND: POST /session/a995b82d0df1730148f5e6c1edf10a41/elements - {"using":"xpath","value":"//button[@data-kt=\"addButton\"]"}
RESULT: {"using":"xpath","value":"//button[@data-kt=\"addButton\"]"}
COMMAND: POST /session/a995b82d0df1730148f5e6c1edf10a41/elements - {"using":"xpath","value":"//button[@data-kt=\"addButton\"]"}
RESULT: {"using":"xpath","value":"//button[@data-kt=\"addButton\"]"}
COMMAND: POST /session/a995b82d0df1730148f5e6c1edf10a41/elements - {"using":"xpath","value":"//button[@data-kt=\"addButton\"]"}
RESULT: {"using":"xpath","value":"//button[@data-kt=\"addButton\"]"}
COMMAND: POST /session/a995b82d0df1730148f5e6c1edf10a41/elements - {"using":"xpath","value":"//button[@data-kt=\"addButton\"]"}
RESULT: {"using":"xpath","value":"//button[@data-kt=\"addButton\"]"}
COMMAND: POST /session/a995b82d0df1730148f5e6c1edf10a41/elements - {"using":"xpath","value":"//button[@data-kt=\"addButton\"]"}
RESULT: {"using":"xpath","value":"//button[@data-kt=\"addButton\"]"}
COMMAND: POST /session/a995b82d0df1730148f5e6c1edf10a41/elements - {"using":"xpath","value":"//button[@data-kt=\"addButton\"]"}
RESULT: {"using":"xpath","value":"//button[@data-kt=\"addButton\"]"}
COMMAND: POST /session/a995b82d0df1730148f5e6c1edf10a41/elements - {"using":"xpath","value":"//button[@data-kt=\"addButton\"]"}
RESULT: {"using":"xpath","value":"//button[@data-kt=\"addButton\"]"}
COMMAND: POST /session/a995b82d0df1730148f5e6c1edf10a41/elements - {"using":"xpath","value":"//button[@data-kt=\"addButton\"]"}
RESULT: {"using":"xpath","value":"//button[@data-kt=\"addButton\"]"}
COMMAND: POST /session/a995b82d0df1730148f5e6c1edf10a41/elements - {"using":"xpath","value":"//button[@data-kt=\"addButton\"]"}
RESULT: {"using":"xpath","value":"//button[@data-kt=\"addButton\"]"}
COMMAND: POST /session/a995b82d0df1730148f5e6c1edf10a41/elements - {"using":"xpath","value":"//button[@data-kt=\"addButton\"]"}
RESULT: {"using":"xpath","value":"//button[@data-kt=\"addButton\"]"}
COMMAND: POST /session/a995b82d0df1730148f5e6c1edf10a41/elements - {"using":"xpath","value":"//button[@data-kt=\"addButton\"]"}
RESULT: {"using":"xpath","value":"//button[@data-kt=\"addButton\"]"}
COMMAND: POST /session/a995b82d0df1730148f5e6c1edf10a41/elements - {"using":"xpath","value":"//button[@data-kt=\"addButton\"]"}
RESULT: {"using":"xpath","value":"//button[@data-kt=\"addButton\"]"}
COMMAND: POST /session/a995b82d0df1730148f5e6c1edf10a41/elements - {"using":"xpath","value":"//button[@data-kt=\"addButton\"]"}
RESULT: {"using":"xpath","value":"//button[@data-kt=\"addButton\"]"}
COMMAND: POST /session/a995b82d0df1730148f5e6c1edf10a41/elements - {"using":"xpath","value":"//button[@data-kt=\"addButton\"]"}
RESULT: {"using":"xpath","value":"//button[@data-kt=\"addButton\"]"}
COMMAND: POST /session/a995b82d0df1730148f5e6c1edf10a41/elements - {"using":"xpath","value":"//button[@data-kt=\"addButton\"]"}
RESULT: {"using":"xpath","value":"//button[@data-kt=\"addButton\"]"}
COMMAND: POST /session/a995b82d0df1730148f5e6c1edf10a41/elements - {"using":"xpath","value":"//button[@data-kt=\"addButton\"]"}
RESULT: {"using":"xpath","value":"//button[@data-kt=\"addButton\"]"}
COMMAND: POST /session/a995b82d0df1730148f5e6c1edf10a41/elements - {"using":"xpath","value":"//button[@data-kt=\"addButton\"]"}
RESULT: {"using":"xpath","value":"//button[@data-kt=\"addButton\"]"}
COMMAND: POST /session/a995b82d0df1730148f5e6c1edf10a41/elements - {"using":"xpath","value":"//button[@data-kt=\"addButton\"]"}
RESULT: {"using":"xpath","value":"//button[@data-kt=\"addButton\"]"}
COMMAND: POST /session/a995b82d0df1730148f5e6c1edf10a41/elements - {"using":"xpath","value":"//button[@data-kt=\"addButton\"]"}
RESULT: {"using":"xpath","value":"//button[@data-kt=\"addButton\"]"}
COMMAND: POST /session/a995b82d0df1730148f5e6c1edf10a41/elements - {"using":"xpath","value":"//button[@data-kt=\"addButton\"]"}
RESULT: {"using":"xpath","value":"//button[@data-kt=\"addButton\"]"}
COMMAND: POST /session/a995b82d0df1730148f5e6c1edf10a41/elements - {"using":"xpath","value":"//button[@data-kt=\"addButton\"]"}
RESULT: {"using":"xpath","value":"//button[@data-kt=\"addButton\"]"}
COMMAND: POST /session/a995b82d0df1730148f5e6c1edf10a41/elements - {"using":"xpath","value":"//button[@data-kt=\"addButton\"]"}
RESULT: {"using":"xpath","value":"//button[@data-kt=\"addButton\"]"}
COMMAND: POST /session/a995b82d0df1730148f5e6c1edf10a41/elements - {"using":"xpath","value":"//button[@data-kt=\"addButton\"]"}
RESULT: {"using":"xpath","value":"//button[@data-kt=\"addButton\"]"}
COMMAND: POST /session/a995b82d0df1730148f5e6c1edf10a41/elements - {"using":"xpath","value":"//button[@data-kt=\"addButton\"]"}
RESULT: {"using":"xpath","value":"//button[@data-kt=\"addButton\"]"}
COMMAND: POST /session/a995b82d0df1730148f5e6c1edf10a41/elements - {"using":"xpath","value":"//button[@data-kt=\"addButton\"]"}
RESULT: {"using":"xpath","value":"//button[@data-kt=\"addButton\"]"}
COMMAND: POST /session/a995b82d0df1730148f5e6c1edf10a41/elements - {"using":"xpath","value":"//button[@data-kt=\"addButton\"]"}
RESULT: {"using":"xpath","value":"//button[@data-kt=\"addButton\"]"}
COMMAND: POST /session/a995b82d0df1730148f5e6c1edf10a41/elements - {"using":"xpath","value":"//button[@data-kt=\"addButton\"]"}
RESULT: {"using":"xpath","value":"//button[@data-kt=\"addButton\"]"}
COMMAND: POST /session/a995b82d0df1730148f5e6c1edf10a41/elements - {"using":"xpath","value":"//button[@data-kt=\"addButton\"]"}
RESULT: {"using":"xpath","value":"//button[@data-kt=\"addButton\"]"}
COMMAND: POST /session/a995b82d0df1730148f5e6c1edf10a41/elements - {"using":"xpath","value":"//button[@data-kt=\"addButton\"]"}
RESULT: {"using":"xpath","value":"//button[@data-kt=\"addButton\"]"}
COMMAND: POST /session/a995b82d0df1730148f5e6c1edf10a41/elements - {"using":"xpath","value":"//button[@data-kt=\"addButton\"]"}
RESULT: {"using":"xpath","value":"//button[@data-kt=\"addButton\"]"}
COMMAND: POST /session/a995b82d0df1730148f5e6c1edf10a41/elements - {"using":"xpath","value":"//button[@data-kt=\"addButton\"]"}
RESULT: {"using":"xpath","value":"//button[@data-kt=\"addButton\"]"}
COMMAND: GET /session/a995b82d0df1730148f5e6c1edf10a41/screenshot - {}
RESULT: {}
]]></system-out>
      <system-err><![CDATA[
Error: element ("//button[@data-kt="addButton"]") still not existing after 45000ms
    at async UtilsPrerequisites.contractCreation (D:\a\1\s\test\specs\BTS\prerequisites-and-utils-functions.js:1741:9)
    at async Context.<anonymous> (D:\a\1\s\test\specs\BTS\billing-transfer.spec.js:63:45)
]]></system-err>
    </testcase>
    <testcase classname="chrome.136_0_7103_93.windows.Billing_transfer_US117289" name="Should add created equipment to contract" time="60.666">
      <failure/>
      <error message="Can't call click on element with selector &quot;//button[@data-kt=&quot;contractDetailEditBtnButton&quot;]&quot; because element wasn't found"/>
      <system-out><![CDATA[
COMMAND: POST /session/a995b82d0df1730148f5e6c1edf10a41/element - {"using":"xpath","value":"//button[@data-kt=\"contractDetailEditBtnButton\"]"}
COMMAND: GET /session/a995b82d0df1730148f5e6c1edf10a41/screenshot - {}
RESULT: {"using":"xpath","value":"//button[@data-kt=\"contractDetailEditBtnButton\"]"}
COMMAND: POST /session/a995b82d0df1730148f5e6c1edf10a41/elements - {"using":"xpath","value":"//button[@data-kt=\"contractDetailEditBtnButton\"]"}
RESULT: {}
RESULT: {"using":"xpath","value":"//button[@data-kt=\"contractDetailEditBtnButton\"]"}
COMMAND: POST /session/a995b82d0df1730148f5e6c1edf10a41/elements - {"using":"xpath","value":"//button[@data-kt=\"contractDetailEditBtnButton\"]"}
RESULT: {"using":"xpath","value":"//button[@data-kt=\"contractDetailEditBtnButton\"]"}
COMMAND: POST /session/a995b82d0df1730148f5e6c1edf10a41/elements - {"using":"xpath","value":"//button[@data-kt=\"contractDetailEditBtnButton\"]"}
RESULT: {"using":"xpath","value":"//button[@data-kt=\"contractDetailEditBtnButton\"]"}
COMMAND: POST /session/a995b82d0df1730148f5e6c1edf10a41/elements - {"using":"xpath","value":"//button[@data-kt=\"contractDetailEditBtnButton\"]"}
RESULT: {"using":"xpath","value":"//button[@data-kt=\"contractDetailEditBtnButton\"]"}
COMMAND: POST /session/a995b82d0df1730148f5e6c1edf10a41/elements - {"using":"xpath","value":"//button[@data-kt=\"contractDetailEditBtnButton\"]"}
RESULT: {"using":"xpath","value":"//button[@data-kt=\"contractDetailEditBtnButton\"]"}
COMMAND: POST /session/a995b82d0df1730148f5e6c1edf10a41/elements - {"using":"xpath","value":"//button[@data-kt=\"contractDetailEditBtnButton\"]"}
RESULT: {"using":"xpath","value":"//button[@data-kt=\"contractDetailEditBtnButton\"]"}
COMMAND: POST /session/a995b82d0df1730148f5e6c1edf10a41/elements - {"using":"xpath","value":"//button[@data-kt=\"contractDetailEditBtnButton\"]"}
RESULT: {"using":"xpath","value":"//button[@data-kt=\"contractDetailEditBtnButton\"]"}
COMMAND: POST /session/a995b82d0df1730148f5e6c1edf10a41/elements - {"using":"xpath","value":"//button[@data-kt=\"contractDetailEditBtnButton\"]"}
RESULT: {"using":"xpath","value":"//button[@data-kt=\"contractDetailEditBtnButton\"]"}
COMMAND: POST /session/a995b82d0df1730148f5e6c1edf10a41/elements - {"using":"xpath","value":"//button[@data-kt=\"contractDetailEditBtnButton\"]"}
RESULT: {"using":"xpath","value":"//button[@data-kt=\"contractDetailEditBtnButton\"]"}
COMMAND: POST /session/a995b82d0df1730148f5e6c1edf10a41/elements - {"using":"xpath","value":"//button[@data-kt=\"contractDetailEditBtnButton\"]"}
RESULT: {"using":"xpath","value":"//button[@data-kt=\"contractDetailEditBtnButton\"]"}
COMMAND: POST /session/a995b82d0df1730148f5e6c1edf10a41/elements - {"using":"xpath","value":"//button[@data-kt=\"contractDetailEditBtnButton\"]"}
RESULT: {"using":"xpath","value":"//button[@data-kt=\"contractDetailEditBtnButton\"]"}
COMMAND: POST /session/a995b82d0df1730148f5e6c1edf10a41/elements - {"using":"xpath","value":"//button[@data-kt=\"contractDetailEditBtnButton\"]"}
RESULT: {"using":"xpath","value":"//button[@data-kt=\"contractDetailEditBtnButton\"]"}
COMMAND: POST /session/a995b82d0df1730148f5e6c1edf10a41/elements - {"using":"xpath","value":"//button[@data-kt=\"contractDetailEditBtnButton\"]"}
RESULT: {"using":"xpath","value":"//button[@data-kt=\"contractDetailEditBtnButton\"]"}
COMMAND: POST /session/a995b82d0df1730148f5e6c1edf10a41/elements - {"using":"xpath","value":"//button[@data-kt=\"contractDetailEditBtnButton\"]"}
RESULT: {"using":"xpath","value":"//button[@data-kt=\"contractDetailEditBtnButton\"]"}
COMMAND: POST /session/a995b82d0df1730148f5e6c1edf10a41/elements - {"using":"xpath","value":"//button[@data-kt=\"contractDetailEditBtnButton\"]"}
RESULT: {"using":"xpath","value":"//button[@data-kt=\"contractDetailEditBtnButton\"]"}
COMMAND: POST /session/a995b82d0df1730148f5e6c1edf10a41/elements - {"using":"xpath","value":"//button[@data-kt=\"contractDetailEditBtnButton\"]"}
RESULT: {"using":"xpath","value":"//button[@data-kt=\"contractDetailEditBtnButton\"]"}
COMMAND: POST /session/a995b82d0df1730148f5e6c1edf10a41/elements - {"using":"xpath","value":"//button[@data-kt=\"contractDetailEditBtnButton\"]"}
RESULT: {"using":"xpath","value":"//button[@data-kt=\"contractDetailEditBtnButton\"]"}
COMMAND: POST /session/a995b82d0df1730148f5e6c1edf10a41/elements - {"using":"xpath","value":"//button[@data-kt=\"contractDetailEditBtnButton\"]"}
RESULT: {"using":"xpath","value":"//button[@data-kt=\"contractDetailEditBtnButton\"]"}
COMMAND: POST /session/a995b82d0df1730148f5e6c1edf10a41/elements - {"using":"xpath","value":"//button[@data-kt=\"contractDetailEditBtnButton\"]"}
RESULT: {"using":"xpath","value":"//button[@data-kt=\"contractDetailEditBtnButton\"]"}
COMMAND: POST /session/a995b82d0df1730148f5e6c1edf10a41/elements - {"using":"xpath","value":"//button[@data-kt=\"contractDetailEditBtnButton\"]"}
RESULT: {"using":"xpath","value":"//button[@data-kt=\"contractDetailEditBtnButton\"]"}
COMMAND: POST /session/a995b82d0df1730148f5e6c1edf10a41/elements - {"using":"xpath","value":"//button[@data-kt=\"contractDetailEditBtnButton\"]"}
RESULT: {"using":"xpath","value":"//button[@data-kt=\"contractDetailEditBtnButton\"]"}
COMMAND: POST /session/a995b82d0df1730148f5e6c1edf10a41/elements - {"using":"xpath","value":"//button[@data-kt=\"contractDetailEditBtnButton\"]"}
RESULT: {"using":"xpath","value":"//button[@data-kt=\"contractDetailEditBtnButton\"]"}
COMMAND: POST /session/a995b82d0df1730148f5e6c1edf10a41/elements - {"using":"xpath","value":"//button[@data-kt=\"contractDetailEditBtnButton\"]"}
RESULT: {"using":"xpath","value":"//button[@data-kt=\"contractDetailEditBtnButton\"]"}
COMMAND: POST /session/a995b82d0df1730148f5e6c1edf10a41/elements - {"using":"xpath","value":"//button[@data-kt=\"contractDetailEditBtnButton\"]"}
RESULT: {"using":"xpath","value":"//button[@data-kt=\"contractDetailEditBtnButton\"]"}
COMMAND: POST /session/a995b82d0df1730148f5e6c1edf10a41/elements - {"using":"xpath","value":"//button[@data-kt=\"contractDetailEditBtnButton\"]"}
RESULT: {"using":"xpath","value":"//button[@data-kt=\"contractDetailEditBtnButton\"]"}
COMMAND: POST /session/a995b82d0df1730148f5e6c1edf10a41/elements - {"using":"xpath","value":"//button[@data-kt=\"contractDetailEditBtnButton\"]"}
RESULT: {"using":"xpath","value":"//button[@data-kt=\"contractDetailEditBtnButton\"]"}
COMMAND: POST /session/a995b82d0df1730148f5e6c1edf10a41/elements - {"using":"xpath","value":"//button[@data-kt=\"contractDetailEditBtnButton\"]"}
RESULT: {"using":"xpath","value":"//button[@data-kt=\"contractDetailEditBtnButton\"]"}
COMMAND: POST /session/a995b82d0df1730148f5e6c1edf10a41/elements - {"using":"xpath","value":"//button[@data-kt=\"contractDetailEditBtnButton\"]"}
RESULT: {"using":"xpath","value":"//button[@data-kt=\"contractDetailEditBtnButton\"]"}
COMMAND: POST /session/a995b82d0df1730148f5e6c1edf10a41/elements - {"using":"xpath","value":"//button[@data-kt=\"contractDetailEditBtnButton\"]"}
RESULT: {"using":"xpath","value":"//button[@data-kt=\"contractDetailEditBtnButton\"]"}
COMMAND: POST /session/a995b82d0df1730148f5e6c1edf10a41/elements - {"using":"xpath","value":"//button[@data-kt=\"contractDetailEditBtnButton\"]"}
RESULT: {"using":"xpath","value":"//button[@data-kt=\"contractDetailEditBtnButton\"]"}
COMMAND: POST /session/a995b82d0df1730148f5e6c1edf10a41/elements - {"using":"xpath","value":"//button[@data-kt=\"contractDetailEditBtnButton\"]"}
RESULT: {"using":"xpath","value":"//button[@data-kt=\"contractDetailEditBtnButton\"]"}
COMMAND: POST /session/a995b82d0df1730148f5e6c1edf10a41/elements - {"using":"xpath","value":"//button[@data-kt=\"contractDetailEditBtnButton\"]"}
RESULT: {"using":"xpath","value":"//button[@data-kt=\"contractDetailEditBtnButton\"]"}
COMMAND: POST /session/a995b82d0df1730148f5e6c1edf10a41/elements - {"using":"xpath","value":"//button[@data-kt=\"contractDetailEditBtnButton\"]"}
RESULT: {"using":"xpath","value":"//button[@data-kt=\"contractDetailEditBtnButton\"]"}
COMMAND: POST /session/a995b82d0df1730148f5e6c1edf10a41/elements - {"using":"xpath","value":"//button[@data-kt=\"contractDetailEditBtnButton\"]"}
RESULT: {"using":"xpath","value":"//button[@data-kt=\"contractDetailEditBtnButton\"]"}
COMMAND: POST /session/a995b82d0df1730148f5e6c1edf10a41/elements - {"using":"xpath","value":"//button[@data-kt=\"contractDetailEditBtnButton\"]"}
RESULT: {"using":"xpath","value":"//button[@data-kt=\"contractDetailEditBtnButton\"]"}
COMMAND: POST /session/a995b82d0df1730148f5e6c1edf10a41/elements - {"using":"xpath","value":"//button[@data-kt=\"contractDetailEditBtnButton\"]"}
RESULT: {"using":"xpath","value":"//button[@data-kt=\"contractDetailEditBtnButton\"]"}
COMMAND: POST /session/a995b82d0df1730148f5e6c1edf10a41/elements - {"using":"xpath","value":"//button[@data-kt=\"contractDetailEditBtnButton\"]"}
RESULT: {"using":"xpath","value":"//button[@data-kt=\"contractDetailEditBtnButton\"]"}
COMMAND: POST /session/a995b82d0df1730148f5e6c1edf10a41/elements - {"using":"xpath","value":"//button[@data-kt=\"contractDetailEditBtnButton\"]"}
RESULT: {"using":"xpath","value":"//button[@data-kt=\"contractDetailEditBtnButton\"]"}
COMMAND: POST /session/a995b82d0df1730148f5e6c1edf10a41/elements - {"using":"xpath","value":"//button[@data-kt=\"contractDetailEditBtnButton\"]"}
RESULT: {"using":"xpath","value":"//button[@data-kt=\"contractDetailEditBtnButton\"]"}
COMMAND: POST /session/a995b82d0df1730148f5e6c1edf10a41/elements - {"using":"xpath","value":"//button[@data-kt=\"contractDetailEditBtnButton\"]"}
RESULT: {"using":"xpath","value":"//button[@data-kt=\"contractDetailEditBtnButton\"]"}
COMMAND: POST /session/a995b82d0df1730148f5e6c1edf10a41/elements - {"using":"xpath","value":"//button[@data-kt=\"contractDetailEditBtnButton\"]"}
RESULT: {"using":"xpath","value":"//button[@data-kt=\"contractDetailEditBtnButton\"]"}
COMMAND: POST /session/a995b82d0df1730148f5e6c1edf10a41/elements - {"using":"xpath","value":"//button[@data-kt=\"contractDetailEditBtnButton\"]"}
RESULT: {"using":"xpath","value":"//button[@data-kt=\"contractDetailEditBtnButton\"]"}
COMMAND: POST /session/a995b82d0df1730148f5e6c1edf10a41/elements - {"using":"xpath","value":"//button[@data-kt=\"contractDetailEditBtnButton\"]"}
RESULT: {"using":"xpath","value":"//button[@data-kt=\"contractDetailEditBtnButton\"]"}
COMMAND: POST /session/a995b82d0df1730148f5e6c1edf10a41/elements - {"using":"xpath","value":"//button[@data-kt=\"contractDetailEditBtnButton\"]"}
RESULT: {"using":"xpath","value":"//button[@data-kt=\"contractDetailEditBtnButton\"]"}
COMMAND: POST /session/a995b82d0df1730148f5e6c1edf10a41/elements - {"using":"xpath","value":"//button[@data-kt=\"contractDetailEditBtnButton\"]"}
RESULT: {"using":"xpath","value":"//button[@data-kt=\"contractDetailEditBtnButton\"]"}
COMMAND: POST /session/a995b82d0df1730148f5e6c1edf10a41/elements - {"using":"xpath","value":"//button[@data-kt=\"contractDetailEditBtnButton\"]"}
RESULT: {"using":"xpath","value":"//button[@data-kt=\"contractDetailEditBtnButton\"]"}
COMMAND: POST /session/a995b82d0df1730148f5e6c1edf10a41/elements - {"using":"xpath","value":"//button[@data-kt=\"contractDetailEditBtnButton\"]"}
RESULT: {"using":"xpath","value":"//button[@data-kt=\"contractDetailEditBtnButton\"]"}
COMMAND: POST /session/a995b82d0df1730148f5e6c1edf10a41/elements - {"using":"xpath","value":"//button[@data-kt=\"contractDetailEditBtnButton\"]"}
RESULT: {"using":"xpath","value":"//button[@data-kt=\"contractDetailEditBtnButton\"]"}
COMMAND: POST /session/a995b82d0df1730148f5e6c1edf10a41/elements - {"using":"xpath","value":"//button[@data-kt=\"contractDetailEditBtnButton\"]"}
RESULT: {"using":"xpath","value":"//button[@data-kt=\"contractDetailEditBtnButton\"]"}
COMMAND: POST /session/a995b82d0df1730148f5e6c1edf10a41/elements - {"using":"xpath","value":"//button[@data-kt=\"contractDetailEditBtnButton\"]"}
RESULT: {"using":"xpath","value":"//button[@data-kt=\"contractDetailEditBtnButton\"]"}
COMMAND: POST /session/a995b82d0df1730148f5e6c1edf10a41/elements - {"using":"xpath","value":"//button[@data-kt=\"contractDetailEditBtnButton\"]"}
RESULT: {"using":"xpath","value":"//button[@data-kt=\"contractDetailEditBtnButton\"]"}
COMMAND: POST /session/a995b82d0df1730148f5e6c1edf10a41/elements - {"using":"xpath","value":"//button[@data-kt=\"contractDetailEditBtnButton\"]"}
RESULT: {"using":"xpath","value":"//button[@data-kt=\"contractDetailEditBtnButton\"]"}
COMMAND: POST /session/a995b82d0df1730148f5e6c1edf10a41/elements - {"using":"xpath","value":"//button[@data-kt=\"contractDetailEditBtnButton\"]"}
RESULT: {"using":"xpath","value":"//button[@data-kt=\"contractDetailEditBtnButton\"]"}
COMMAND: POST /session/a995b82d0df1730148f5e6c1edf10a41/elements - {"using":"xpath","value":"//button[@data-kt=\"contractDetailEditBtnButton\"]"}
RESULT: {"using":"xpath","value":"//button[@data-kt=\"contractDetailEditBtnButton\"]"}
COMMAND: POST /session/a995b82d0df1730148f5e6c1edf10a41/elements - {"using":"xpath","value":"//button[@data-kt=\"contractDetailEditBtnButton\"]"}
RESULT: {"using":"xpath","value":"//button[@data-kt=\"contractDetailEditBtnButton\"]"}
COMMAND: POST /session/a995b82d0df1730148f5e6c1edf10a41/elements - {"using":"xpath","value":"//button[@data-kt=\"contractDetailEditBtnButton\"]"}
RESULT: {"using":"xpath","value":"//button[@data-kt=\"contractDetailEditBtnButton\"]"}
COMMAND: POST /session/a995b82d0df1730148f5e6c1edf10a41/elements - {"using":"xpath","value":"//button[@data-kt=\"contractDetailEditBtnButton\"]"}
RESULT: {"using":"xpath","value":"//button[@data-kt=\"contractDetailEditBtnButton\"]"}
COMMAND: POST /session/a995b82d0df1730148f5e6c1edf10a41/elements - {"using":"xpath","value":"//button[@data-kt=\"contractDetailEditBtnButton\"]"}
RESULT: {"using":"xpath","value":"//button[@data-kt=\"contractDetailEditBtnButton\"]"}
COMMAND: POST /session/a995b82d0df1730148f5e6c1edf10a41/elements - {"using":"xpath","value":"//button[@data-kt=\"contractDetailEditBtnButton\"]"}
RESULT: {"using":"xpath","value":"//button[@data-kt=\"contractDetailEditBtnButton\"]"}
COMMAND: POST /session/a995b82d0df1730148f5e6c1edf10a41/elements - {"using":"xpath","value":"//button[@data-kt=\"contractDetailEditBtnButton\"]"}
RESULT: {"using":"xpath","value":"//button[@data-kt=\"contractDetailEditBtnButton\"]"}
COMMAND: POST /session/a995b82d0df1730148f5e6c1edf10a41/elements - {"using":"xpath","value":"//button[@data-kt=\"contractDetailEditBtnButton\"]"}
RESULT: {"using":"xpath","value":"//button[@data-kt=\"contractDetailEditBtnButton\"]"}
COMMAND: POST /session/a995b82d0df1730148f5e6c1edf10a41/elements - {"using":"xpath","value":"//button[@data-kt=\"contractDetailEditBtnButton\"]"}
RESULT: {"using":"xpath","value":"//button[@data-kt=\"contractDetailEditBtnButton\"]"}
COMMAND: POST /session/a995b82d0df1730148f5e6c1edf10a41/elements - {"using":"xpath","value":"//button[@data-kt=\"contractDetailEditBtnButton\"]"}
RESULT: {"using":"xpath","value":"//button[@data-kt=\"contractDetailEditBtnButton\"]"}
COMMAND: POST /session/a995b82d0df1730148f5e6c1edf10a41/elements - {"using":"xpath","value":"//button[@data-kt=\"contractDetailEditBtnButton\"]"}
RESULT: {"using":"xpath","value":"//button[@data-kt=\"contractDetailEditBtnButton\"]"}
COMMAND: POST /session/a995b82d0df1730148f5e6c1edf10a41/elements - {"using":"xpath","value":"//button[@data-kt=\"contractDetailEditBtnButton\"]"}
RESULT: {"using":"xpath","value":"//button[@data-kt=\"contractDetailEditBtnButton\"]"}
COMMAND: POST /session/a995b82d0df1730148f5e6c1edf10a41/elements - {"using":"xpath","value":"//button[@data-kt=\"contractDetailEditBtnButton\"]"}
RESULT: {"using":"xpath","value":"//button[@data-kt=\"contractDetailEditBtnButton\"]"}
COMMAND: POST /session/a995b82d0df1730148f5e6c1edf10a41/elements - {"using":"xpath","value":"//button[@data-kt=\"contractDetailEditBtnButton\"]"}
RESULT: {"using":"xpath","value":"//button[@data-kt=\"contractDetailEditBtnButton\"]"}
COMMAND: POST /session/a995b82d0df1730148f5e6c1edf10a41/elements - {"using":"xpath","value":"//button[@data-kt=\"contractDetailEditBtnButton\"]"}
RESULT: {"using":"xpath","value":"//button[@data-kt=\"contractDetailEditBtnButton\"]"}
COMMAND: POST /session/a995b82d0df1730148f5e6c1edf10a41/elements - {"using":"xpath","value":"//button[@data-kt=\"contractDetailEditBtnButton\"]"}
RESULT: {"using":"xpath","value":"//button[@data-kt=\"contractDetailEditBtnButton\"]"}
COMMAND: POST /session/a995b82d0df1730148f5e6c1edf10a41/elements - {"using":"xpath","value":"//button[@data-kt=\"contractDetailEditBtnButton\"]"}
RESULT: {"using":"xpath","value":"//button[@data-kt=\"contractDetailEditBtnButton\"]"}
COMMAND: POST /session/a995b82d0df1730148f5e6c1edf10a41/elements - {"using":"xpath","value":"//button[@data-kt=\"contractDetailEditBtnButton\"]"}
RESULT: {"using":"xpath","value":"//button[@data-kt=\"contractDetailEditBtnButton\"]"}
COMMAND: POST /session/a995b82d0df1730148f5e6c1edf10a41/elements - {"using":"xpath","value":"//button[@data-kt=\"contractDetailEditBtnButton\"]"}
RESULT: {"using":"xpath","value":"//button[@data-kt=\"contractDetailEditBtnButton\"]"}
COMMAND: POST /session/a995b82d0df1730148f5e6c1edf10a41/elements - {"using":"xpath","value":"//button[@data-kt=\"contractDetailEditBtnButton\"]"}
RESULT: {"using":"xpath","value":"//button[@data-kt=\"contractDetailEditBtnButton\"]"}
COMMAND: POST /session/a995b82d0df1730148f5e6c1edf10a41/elements - {"using":"xpath","value":"//button[@data-kt=\"contractDetailEditBtnButton\"]"}
RESULT: {"using":"xpath","value":"//button[@data-kt=\"contractDetailEditBtnButton\"]"}
COMMAND: POST /session/a995b82d0df1730148f5e6c1edf10a41/elements - {"using":"xpath","value":"//button[@data-kt=\"contractDetailEditBtnButton\"]"}
RESULT: {"using":"xpath","value":"//button[@data-kt=\"contractDetailEditBtnButton\"]"}
COMMAND: POST /session/a995b82d0df1730148f5e6c1edf10a41/elements - {"using":"xpath","value":"//button[@data-kt=\"contractDetailEditBtnButton\"]"}
RESULT: {"using":"xpath","value":"//button[@data-kt=\"contractDetailEditBtnButton\"]"}
COMMAND: POST /session/a995b82d0df1730148f5e6c1edf10a41/elements - {"using":"xpath","value":"//button[@data-kt=\"contractDetailEditBtnButton\"]"}
RESULT: {"using":"xpath","value":"//button[@data-kt=\"contractDetailEditBtnButton\"]"}
COMMAND: POST /session/a995b82d0df1730148f5e6c1edf10a41/elements - {"using":"xpath","value":"//button[@data-kt=\"contractDetailEditBtnButton\"]"}
RESULT: {"using":"xpath","value":"//button[@data-kt=\"contractDetailEditBtnButton\"]"}
COMMAND: POST /session/a995b82d0df1730148f5e6c1edf10a41/elements - {"using":"xpath","value":"//button[@data-kt=\"contractDetailEditBtnButton\"]"}
RESULT: {"using":"xpath","value":"//button[@data-kt=\"contractDetailEditBtnButton\"]"}
COMMAND: POST /session/a995b82d0df1730148f5e6c1edf10a41/elements - {"using":"xpath","value":"//button[@data-kt=\"contractDetailEditBtnButton\"]"}
RESULT: {"using":"xpath","value":"//button[@data-kt=\"contractDetailEditBtnButton\"]"}
COMMAND: POST /session/a995b82d0df1730148f5e6c1edf10a41/elements - {"using":"xpath","value":"//button[@data-kt=\"contractDetailEditBtnButton\"]"}
RESULT: {"using":"xpath","value":"//button[@data-kt=\"contractDetailEditBtnButton\"]"}
COMMAND: POST /session/a995b82d0df1730148f5e6c1edf10a41/elements - {"using":"xpath","value":"//button[@data-kt=\"contractDetailEditBtnButton\"]"}
RESULT: {"using":"xpath","value":"//button[@data-kt=\"contractDetailEditBtnButton\"]"}
COMMAND: POST /session/a995b82d0df1730148f5e6c1edf10a41/elements - {"using":"xpath","value":"//button[@data-kt=\"contractDetailEditBtnButton\"]"}
RESULT: {"using":"xpath","value":"//button[@data-kt=\"contractDetailEditBtnButton\"]"}
COMMAND: POST /session/a995b82d0df1730148f5e6c1edf10a41/elements - {"using":"xpath","value":"//button[@data-kt=\"contractDetailEditBtnButton\"]"}
RESULT: {"using":"xpath","value":"//button[@data-kt=\"contractDetailEditBtnButton\"]"}
COMMAND: POST /session/a995b82d0df1730148f5e6c1edf10a41/elements - {"using":"xpath","value":"//button[@data-kt=\"contractDetailEditBtnButton\"]"}
RESULT: {"using":"xpath","value":"//button[@data-kt=\"contractDetailEditBtnButton\"]"}
COMMAND: POST /session/a995b82d0df1730148f5e6c1edf10a41/elements - {"using":"xpath","value":"//button[@data-kt=\"contractDetailEditBtnButton\"]"}
RESULT: {"using":"xpath","value":"//button[@data-kt=\"contractDetailEditBtnButton\"]"}
COMMAND: POST /session/a995b82d0df1730148f5e6c1edf10a41/elements - {"using":"xpath","value":"//button[@data-kt=\"contractDetailEditBtnButton\"]"}
RESULT: {"using":"xpath","value":"//button[@data-kt=\"contractDetailEditBtnButton\"]"}
COMMAND: POST /session/a995b82d0df1730148f5e6c1edf10a41/elements - {"using":"xpath","value":"//button[@data-kt=\"contractDetailEditBtnButton\"]"}
RESULT: {"using":"xpath","value":"//button[@data-kt=\"contractDetailEditBtnButton\"]"}
COMMAND: POST /session/a995b82d0df1730148f5e6c1edf10a41/elements - {"using":"xpath","value":"//button[@data-kt=\"contractDetailEditBtnButton\"]"}
RESULT: {"using":"xpath","value":"//button[@data-kt=\"contractDetailEditBtnButton\"]"}
COMMAND: POST /session/a995b82d0df1730148f5e6c1edf10a41/elements - {"using":"xpath","value":"//button[@data-kt=\"contractDetailEditBtnButton\"]"}
RESULT: {"using":"xpath","value":"//button[@data-kt=\"contractDetailEditBtnButton\"]"}
COMMAND: POST /session/a995b82d0df1730148f5e6c1edf10a41/elements - {"using":"xpath","value":"//button[@data-kt=\"contractDetailEditBtnButton\"]"}
RESULT: {"using":"xpath","value":"//button[@data-kt=\"contractDetailEditBtnButton\"]"}
COMMAND: POST /session/a995b82d0df1730148f5e6c1edf10a41/elements - {"using":"xpath","value":"//button[@data-kt=\"contractDetailEditBtnButton\"]"}
RESULT: {"using":"xpath","value":"//button[@data-kt=\"contractDetailEditBtnButton\"]"}
COMMAND: POST /session/a995b82d0df1730148f5e6c1edf10a41/elements - {"using":"xpath","value":"//button[@data-kt=\"contractDetailEditBtnButton\"]"}
RESULT: {"using":"xpath","value":"//button[@data-kt=\"contractDetailEditBtnButton\"]"}
COMMAND: POST /session/a995b82d0df1730148f5e6c1edf10a41/elements - {"using":"xpath","value":"//button[@data-kt=\"contractDetailEditBtnButton\"]"}
RESULT: {"using":"xpath","value":"//button[@data-kt=\"contractDetailEditBtnButton\"]"}
COMMAND: POST /session/a995b82d0df1730148f5e6c1edf10a41/elements - {"using":"xpath","value":"//button[@data-kt=\"contractDetailEditBtnButton\"]"}
RESULT: {"using":"xpath","value":"//button[@data-kt=\"contractDetailEditBtnButton\"]"}
COMMAND: POST /session/a995b82d0df1730148f5e6c1edf10a41/elements - {"using":"xpath","value":"//button[@data-kt=\"contractDetailEditBtnButton\"]"}
RESULT: {"using":"xpath","value":"//button[@data-kt=\"contractDetailEditBtnButton\"]"}
COMMAND: POST /session/a995b82d0df1730148f5e6c1edf10a41/elements - {"using":"xpath","value":"//button[@data-kt=\"contractDetailEditBtnButton\"]"}
RESULT: {"using":"xpath","value":"//button[@data-kt=\"contractDetailEditBtnButton\"]"}
COMMAND: POST /session/a995b82d0df1730148f5e6c1edf10a41/elements - {"using":"xpath","value":"//button[@data-kt=\"contractDetailEditBtnButton\"]"}
RESULT: {"using":"xpath","value":"//button[@data-kt=\"contractDetailEditBtnButton\"]"}
COMMAND: POST /session/a995b82d0df1730148f5e6c1edf10a41/elements - {"using":"xpath","value":"//button[@data-kt=\"contractDetailEditBtnButton\"]"}
RESULT: {"using":"xpath","value":"//button[@data-kt=\"contractDetailEditBtnButton\"]"}
COMMAND: POST /session/a995b82d0df1730148f5e6c1edf10a41/elements - {"using":"xpath","value":"//button[@data-kt=\"contractDetailEditBtnButton\"]"}
RESULT: {"using":"xpath","value":"//button[@data-kt=\"contractDetailEditBtnButton\"]"}
COMMAND: POST /session/a995b82d0df1730148f5e6c1edf10a41/elements - {"using":"xpath","value":"//button[@data-kt=\"contractDetailEditBtnButton\"]"}
RESULT: {"using":"xpath","value":"//button[@data-kt=\"contractDetailEditBtnButton\"]"}
COMMAND: POST /session/a995b82d0df1730148f5e6c1edf10a41/elements - {"using":"xpath","value":"//button[@data-kt=\"contractDetailEditBtnButton\"]"}
RESULT: {"using":"xpath","value":"//button[@data-kt=\"contractDetailEditBtnButton\"]"}
COMMAND: POST /session/a995b82d0df1730148f5e6c1edf10a41/elements - {"using":"xpath","value":"//button[@data-kt=\"contractDetailEditBtnButton\"]"}
RESULT: {"using":"xpath","value":"//button[@data-kt=\"contractDetailEditBtnButton\"]"}
COMMAND: POST /session/a995b82d0df1730148f5e6c1edf10a41/elements - {"using":"xpath","value":"//button[@data-kt=\"contractDetailEditBtnButton\"]"}
RESULT: {"using":"xpath","value":"//button[@data-kt=\"contractDetailEditBtnButton\"]"}
COMMAND: POST /session/a995b82d0df1730148f5e6c1edf10a41/elements - {"using":"xpath","value":"//button[@data-kt=\"contractDetailEditBtnButton\"]"}
RESULT: {"using":"xpath","value":"//button[@data-kt=\"contractDetailEditBtnButton\"]"}
COMMAND: POST /session/a995b82d0df1730148f5e6c1edf10a41/elements - {"using":"xpath","value":"//button[@data-kt=\"contractDetailEditBtnButton\"]"}
RESULT: {"using":"xpath","value":"//button[@data-kt=\"contractDetailEditBtnButton\"]"}
COMMAND: POST /session/a995b82d0df1730148f5e6c1edf10a41/elements - {"using":"xpath","value":"//button[@data-kt=\"contractDetailEditBtnButton\"]"}
RESULT: {"using":"xpath","value":"//button[@data-kt=\"contractDetailEditBtnButton\"]"}
COMMAND: POST /session/a995b82d0df1730148f5e6c1edf10a41/elements - {"using":"xpath","value":"//button[@data-kt=\"contractDetailEditBtnButton\"]"}
RESULT: {"using":"xpath","value":"//button[@data-kt=\"contractDetailEditBtnButton\"]"}
COMMAND: POST /session/a995b82d0df1730148f5e6c1edf10a41/elements - {"using":"xpath","value":"//button[@data-kt=\"contractDetailEditBtnButton\"]"}
RESULT: {"using":"xpath","value":"//button[@data-kt=\"contractDetailEditBtnButton\"]"}
COMMAND: POST /session/a995b82d0df1730148f5e6c1edf10a41/elements - {"using":"xpath","value":"//button[@data-kt=\"contractDetailEditBtnButton\"]"}
RESULT: {"using":"xpath","value":"//button[@data-kt=\"contractDetailEditBtnButton\"]"}
COMMAND: POST /session/a995b82d0df1730148f5e6c1edf10a41/elements - {"using":"xpath","value":"//button[@data-kt=\"contractDetailEditBtnButton\"]"}
RESULT: {"using":"xpath","value":"//button[@data-kt=\"contractDetailEditBtnButton\"]"}
COMMAND: POST /session/a995b82d0df1730148f5e6c1edf10a41/elements - {"using":"xpath","value":"//button[@data-kt=\"contractDetailEditBtnButton\"]"}
RESULT: {"using":"xpath","value":"//button[@data-kt=\"contractDetailEditBtnButton\"]"}
COMMAND: POST /session/a995b82d0df1730148f5e6c1edf10a41/elements - {"using":"xpath","value":"//button[@data-kt=\"contractDetailEditBtnButton\"]"}
RESULT: {"using":"xpath","value":"//button[@data-kt=\"contractDetailEditBtnButton\"]"}
COMMAND: POST /session/a995b82d0df1730148f5e6c1edf10a41/elements - {"using":"xpath","value":"//button[@data-kt=\"contractDetailEditBtnButton\"]"}
RESULT: {"using":"xpath","value":"//button[@data-kt=\"contractDetailEditBtnButton\"]"}
COMMAND: POST /session/a995b82d0df1730148f5e6c1edf10a41/elements - {"using":"xpath","value":"//button[@data-kt=\"contractDetailEditBtnButton\"]"}
RESULT: {"using":"xpath","value":"//button[@data-kt=\"contractDetailEditBtnButton\"]"}
COMMAND: POST /session/a995b82d0df1730148f5e6c1edf10a41/elements - {"using":"xpath","value":"//button[@data-kt=\"contractDetailEditBtnButton\"]"}
RESULT: {"using":"xpath","value":"//button[@data-kt=\"contractDetailEditBtnButton\"]"}
COMMAND: POST /session/a995b82d0df1730148f5e6c1edf10a41/elements - {"using":"xpath","value":"//button[@data-kt=\"contractDetailEditBtnButton\"]"}
RESULT: {"using":"xpath","value":"//button[@data-kt=\"contractDetailEditBtnButton\"]"}
COMMAND: POST /session/a995b82d0df1730148f5e6c1edf10a41/elements - {"using":"xpath","value":"//button[@data-kt=\"contractDetailEditBtnButton\"]"}
RESULT: {"using":"xpath","value":"//button[@data-kt=\"contractDetailEditBtnButton\"]"}
COMMAND: POST /session/a995b82d0df1730148f5e6c1edf10a41/elements - {"using":"xpath","value":"//button[@data-kt=\"contractDetailEditBtnButton\"]"}
RESULT: {"using":"xpath","value":"//button[@data-kt=\"contractDetailEditBtnButton\"]"}
COMMAND: POST /session/a995b82d0df1730148f5e6c1edf10a41/elements - {"using":"xpath","value":"//button[@data-kt=\"contractDetailEditBtnButton\"]"}
RESULT: {"using":"xpath","value":"//button[@data-kt=\"contractDetailEditBtnButton\"]"}
COMMAND: GET /session/a995b82d0df1730148f5e6c1edf10a41/screenshot - {}
RESULT: {}
]]></system-out>
      <system-err><![CDATA[
Error: Can't call click on element with selector "//button[@data-kt="contractDetailEditBtnButton"]" because element wasn't found
    at async UtilsPrerequisites.addItemToContract (D:\a\1\s\test\specs\BTS\prerequisites-and-utils-functions.js:1852:9)
    at async Context.<anonymous> (D:\a\1\s\test\specs\BTS\billing-transfer.spec.js:67:9)
]]></system-err>
    </testcase>
    <testcase classname="chrome.136_0_7103_93.windows.Billing_transfer_US117289" name="Should do a provide to site handover" time="60.974">
      <failure/>
      <error message="Can't call click on element with selector &quot;//button[@data-kt=&quot;provideButton&quot;]&quot; because element wasn't found"/>
      <system-out><![CDATA[
COMMAND: GET /session/a995b82d0df1730148f5e6c1edf10a41/screenshot - {}
COMMAND: POST /session/a995b82d0df1730148f5e6c1edf10a41/element - {"using":"xpath","value":"//button[@data-kt=\"provideButton\"]"}
RESULT: {}
RESULT: {"using":"xpath","value":"//button[@data-kt=\"provideButton\"]"}
COMMAND: POST /session/a995b82d0df1730148f5e6c1edf10a41/elements - {"using":"xpath","value":"//button[@data-kt=\"provideButton\"]"}
RESULT: {"using":"xpath","value":"//button[@data-kt=\"provideButton\"]"}
COMMAND: POST /session/a995b82d0df1730148f5e6c1edf10a41/elements - {"using":"xpath","value":"//button[@data-kt=\"provideButton\"]"}
RESULT: {"using":"xpath","value":"//button[@data-kt=\"provideButton\"]"}
COMMAND: POST /session/a995b82d0df1730148f5e6c1edf10a41/elements - {"using":"xpath","value":"//button[@data-kt=\"provideButton\"]"}
RESULT: {"using":"xpath","value":"//button[@data-kt=\"provideButton\"]"}
COMMAND: POST /session/a995b82d0df1730148f5e6c1edf10a41/elements - {"using":"xpath","value":"//button[@data-kt=\"provideButton\"]"}
RESULT: {"using":"xpath","value":"//button[@data-kt=\"provideButton\"]"}
COMMAND: POST /session/a995b82d0df1730148f5e6c1edf10a41/elements - {"using":"xpath","value":"//button[@data-kt=\"provideButton\"]"}
RESULT: {"using":"xpath","value":"//button[@data-kt=\"provideButton\"]"}
COMMAND: POST /session/a995b82d0df1730148f5e6c1edf10a41/elements - {"using":"xpath","value":"//button[@data-kt=\"provideButton\"]"}
RESULT: {"using":"xpath","value":"//button[@data-kt=\"provideButton\"]"}
COMMAND: POST /session/a995b82d0df1730148f5e6c1edf10a41/elements - {"using":"xpath","value":"//button[@data-kt=\"provideButton\"]"}
RESULT: {"using":"xpath","value":"//button[@data-kt=\"provideButton\"]"}
COMMAND: POST /session/a995b82d0df1730148f5e6c1edf10a41/elements - {"using":"xpath","value":"//button[@data-kt=\"provideButton\"]"}
RESULT: {"using":"xpath","value":"//button[@data-kt=\"provideButton\"]"}
COMMAND: POST /session/a995b82d0df1730148f5e6c1edf10a41/elements - {"using":"xpath","value":"//button[@data-kt=\"provideButton\"]"}
RESULT: {"using":"xpath","value":"//button[@data-kt=\"provideButton\"]"}
COMMAND: POST /session/a995b82d0df1730148f5e6c1edf10a41/elements - {"using":"xpath","value":"//button[@data-kt=\"provideButton\"]"}
RESULT: {"using":"xpath","value":"//button[@data-kt=\"provideButton\"]"}
COMMAND: POST /session/a995b82d0df1730148f5e6c1edf10a41/elements - {"using":"xpath","value":"//button[@data-kt=\"provideButton\"]"}
RESULT: {"using":"xpath","value":"//button[@data-kt=\"provideButton\"]"}
COMMAND: POST /session/a995b82d0df1730148f5e6c1edf10a41/elements - {"using":"xpath","value":"//button[@data-kt=\"provideButton\"]"}
RESULT: {"using":"xpath","value":"//button[@data-kt=\"provideButton\"]"}
COMMAND: POST /session/a995b82d0df1730148f5e6c1edf10a41/elements - {"using":"xpath","value":"//button[@data-kt=\"provideButton\"]"}
RESULT: {"using":"xpath","value":"//button[@data-kt=\"provideButton\"]"}
COMMAND: POST /session/a995b82d0df1730148f5e6c1edf10a41/elements - {"using":"xpath","value":"//button[@data-kt=\"provideButton\"]"}
RESULT: {"using":"xpath","value":"//button[@data-kt=\"provideButton\"]"}
COMMAND: POST /session/a995b82d0df1730148f5e6c1edf10a41/elements - {"using":"xpath","value":"//button[@data-kt=\"provideButton\"]"}
RESULT: {"using":"xpath","value":"//button[@data-kt=\"provideButton\"]"}
COMMAND: POST /session/a995b82d0df1730148f5e6c1edf10a41/elements - {"using":"xpath","value":"//button[@data-kt=\"provideButton\"]"}
RESULT: {"using":"xpath","value":"//button[@data-kt=\"provideButton\"]"}
COMMAND: POST /session/a995b82d0df1730148f5e6c1edf10a41/elements - {"using":"xpath","value":"//button[@data-kt=\"provideButton\"]"}
RESULT: {"using":"xpath","value":"//button[@data-kt=\"provideButton\"]"}
COMMAND: POST /session/a995b82d0df1730148f5e6c1edf10a41/elements - {"using":"xpath","value":"//button[@data-kt=\"provideButton\"]"}
RESULT: {"using":"xpath","value":"//button[@data-kt=\"provideButton\"]"}
COMMAND: POST /session/a995b82d0df1730148f5e6c1edf10a41/elements - {"using":"xpath","value":"//button[@data-kt=\"provideButton\"]"}
RESULT: {"using":"xpath","value":"//button[@data-kt=\"provideButton\"]"}
COMMAND: POST /session/a995b82d0df1730148f5e6c1edf10a41/elements - {"using":"xpath","value":"//button[@data-kt=\"provideButton\"]"}
RESULT: {"using":"xpath","value":"//button[@data-kt=\"provideButton\"]"}
COMMAND: POST /session/a995b82d0df1730148f5e6c1edf10a41/elements - {"using":"xpath","value":"//button[@data-kt=\"provideButton\"]"}
RESULT: {"using":"xpath","value":"//button[@data-kt=\"provideButton\"]"}
COMMAND: POST /session/a995b82d0df1730148f5e6c1edf10a41/elements - {"using":"xpath","value":"//button[@data-kt=\"provideButton\"]"}
RESULT: {"using":"xpath","value":"//button[@data-kt=\"provideButton\"]"}
COMMAND: POST /session/a995b82d0df1730148f5e6c1edf10a41/elements - {"using":"xpath","value":"//button[@data-kt=\"provideButton\"]"}
RESULT: {"using":"xpath","value":"//button[@data-kt=\"provideButton\"]"}
COMMAND: POST /session/a995b82d0df1730148f5e6c1edf10a41/elements - {"using":"xpath","value":"//button[@data-kt=\"provideButton\"]"}
RESULT: {"using":"xpath","value":"//button[@data-kt=\"provideButton\"]"}
COMMAND: POST /session/a995b82d0df1730148f5e6c1edf10a41/elements - {"using":"xpath","value":"//button[@data-kt=\"provideButton\"]"}
RESULT: {"using":"xpath","value":"//button[@data-kt=\"provideButton\"]"}
COMMAND: POST /session/a995b82d0df1730148f5e6c1edf10a41/elements - {"using":"xpath","value":"//button[@data-kt=\"provideButton\"]"}
RESULT: {"using":"xpath","value":"//button[@data-kt=\"provideButton\"]"}
COMMAND: POST /session/a995b82d0df1730148f5e6c1edf10a41/elements - {"using":"xpath","value":"//button[@data-kt=\"provideButton\"]"}
RESULT: {"using":"xpath","value":"//button[@data-kt=\"provideButton\"]"}
COMMAND: POST /session/a995b82d0df1730148f5e6c1edf10a41/elements - {"using":"xpath","value":"//button[@data-kt=\"provideButton\"]"}
RESULT: {"using":"xpath","value":"//button[@data-kt=\"provideButton\"]"}
COMMAND: POST /session/a995b82d0df1730148f5e6c1edf10a41/elements - {"using":"xpath","value":"//button[@data-kt=\"provideButton\"]"}
RESULT: {"using":"xpath","value":"//button[@data-kt=\"provideButton\"]"}
COMMAND: POST /session/a995b82d0df1730148f5e6c1edf10a41/elements - {"using":"xpath","value":"//button[@data-kt=\"provideButton\"]"}
RESULT: {"using":"xpath","value":"//button[@data-kt=\"provideButton\"]"}
COMMAND: POST /session/a995b82d0df1730148f5e6c1edf10a41/elements - {"using":"xpath","value":"//button[@data-kt=\"provideButton\"]"}
RESULT: {"using":"xpath","value":"//button[@data-kt=\"provideButton\"]"}
COMMAND: POST /session/a995b82d0df1730148f5e6c1edf10a41/elements - {"using":"xpath","value":"//button[@data-kt=\"provideButton\"]"}
RESULT: {"using":"xpath","value":"//button[@data-kt=\"provideButton\"]"}
COMMAND: POST /session/a995b82d0df1730148f5e6c1edf10a41/elements - {"using":"xpath","value":"//button[@data-kt=\"provideButton\"]"}
RESULT: {"using":"xpath","value":"//button[@data-kt=\"provideButton\"]"}
COMMAND: POST /session/a995b82d0df1730148f5e6c1edf10a41/elements - {"using":"xpath","value":"//button[@data-kt=\"provideButton\"]"}
RESULT: {"using":"xpath","value":"//button[@data-kt=\"provideButton\"]"}
COMMAND: POST /session/a995b82d0df1730148f5e6c1edf10a41/elements - {"using":"xpath","value":"//button[@data-kt=\"provideButton\"]"}
RESULT: {"using":"xpath","value":"//button[@data-kt=\"provideButton\"]"}
COMMAND: POST /session/a995b82d0df1730148f5e6c1edf10a41/elements - {"using":"xpath","value":"//button[@data-kt=\"provideButton\"]"}
RESULT: {"using":"xpath","value":"//button[@data-kt=\"provideButton\"]"}
COMMAND: POST /session/a995b82d0df1730148f5e6c1edf10a41/elements - {"using":"xpath","value":"//button[@data-kt=\"provideButton\"]"}
RESULT: {"using":"xpath","value":"//button[@data-kt=\"provideButton\"]"}
COMMAND: POST /session/a995b82d0df1730148f5e6c1edf10a41/elements - {"using":"xpath","value":"//button[@data-kt=\"provideButton\"]"}
RESULT: {"using":"xpath","value":"//button[@data-kt=\"provideButton\"]"}
COMMAND: POST /session/a995b82d0df1730148f5e6c1edf10a41/elements - {"using":"xpath","value":"//button[@data-kt=\"provideButton\"]"}
RESULT: {"using":"xpath","value":"//button[@data-kt=\"provideButton\"]"}
COMMAND: POST /session/a995b82d0df1730148f5e6c1edf10a41/elements - {"using":"xpath","value":"//button[@data-kt=\"provideButton\"]"}
RESULT: {"using":"xpath","value":"//button[@data-kt=\"provideButton\"]"}
COMMAND: POST /session/a995b82d0df1730148f5e6c1edf10a41/elements - {"using":"xpath","value":"//button[@data-kt=\"provideButton\"]"}
RESULT: {"using":"xpath","value":"//button[@data-kt=\"provideButton\"]"}
COMMAND: POST /session/a995b82d0df1730148f5e6c1edf10a41/elements - {"using":"xpath","value":"//button[@data-kt=\"provideButton\"]"}
RESULT: {"using":"xpath","value":"//button[@data-kt=\"provideButton\"]"}
COMMAND: POST /session/a995b82d0df1730148f5e6c1edf10a41/elements - {"using":"xpath","value":"//button[@data-kt=\"provideButton\"]"}
RESULT: {"using":"xpath","value":"//button[@data-kt=\"provideButton\"]"}
COMMAND: POST /session/a995b82d0df1730148f5e6c1edf10a41/elements - {"using":"xpath","value":"//button[@data-kt=\"provideButton\"]"}
RESULT: {"using":"xpath","value":"//button[@data-kt=\"provideButton\"]"}
COMMAND: POST /session/a995b82d0df1730148f5e6c1edf10a41/elements - {"using":"xpath","value":"//button[@data-kt=\"provideButton\"]"}
RESULT: {"using":"xpath","value":"//button[@data-kt=\"provideButton\"]"}
COMMAND: POST /session/a995b82d0df1730148f5e6c1edf10a41/elements - {"using":"xpath","value":"//button[@data-kt=\"provideButton\"]"}
RESULT: {"using":"xpath","value":"//button[@data-kt=\"provideButton\"]"}
COMMAND: POST /session/a995b82d0df1730148f5e6c1edf10a41/elements - {"using":"xpath","value":"//button[@data-kt=\"provideButton\"]"}
RESULT: {"using":"xpath","value":"//button[@data-kt=\"provideButton\"]"}
COMMAND: POST /session/a995b82d0df1730148f5e6c1edf10a41/elements - {"using":"xpath","value":"//button[@data-kt=\"provideButton\"]"}
RESULT: {"using":"xpath","value":"//button[@data-kt=\"provideButton\"]"}
COMMAND: POST /session/a995b82d0df1730148f5e6c1edf10a41/elements - {"using":"xpath","value":"//button[@data-kt=\"provideButton\"]"}
RESULT: {"using":"xpath","value":"//button[@data-kt=\"provideButton\"]"}
COMMAND: POST /session/a995b82d0df1730148f5e6c1edf10a41/elements - {"using":"xpath","value":"//button[@data-kt=\"provideButton\"]"}
RESULT: {"using":"xpath","value":"//button[@data-kt=\"provideButton\"]"}
COMMAND: POST /session/a995b82d0df1730148f5e6c1edf10a41/elements - {"using":"xpath","value":"//button[@data-kt=\"provideButton\"]"}
RESULT: {"using":"xpath","value":"//button[@data-kt=\"provideButton\"]"}
COMMAND: POST /session/a995b82d0df1730148f5e6c1edf10a41/elements - {"using":"xpath","value":"//button[@data-kt=\"provideButton\"]"}
RESULT: {"using":"xpath","value":"//button[@data-kt=\"provideButton\"]"}
COMMAND: POST /session/a995b82d0df1730148f5e6c1edf10a41/elements - {"using":"xpath","value":"//button[@data-kt=\"provideButton\"]"}
RESULT: {"using":"xpath","value":"//button[@data-kt=\"provideButton\"]"}
COMMAND: POST /session/a995b82d0df1730148f5e6c1edf10a41/elements - {"using":"xpath","value":"//button[@data-kt=\"provideButton\"]"}
RESULT: {"using":"xpath","value":"//button[@data-kt=\"provideButton\"]"}
COMMAND: POST /session/a995b82d0df1730148f5e6c1edf10a41/elements - {"using":"xpath","value":"//button[@data-kt=\"provideButton\"]"}
RESULT: {"using":"xpath","value":"//button[@data-kt=\"provideButton\"]"}
COMMAND: POST /session/a995b82d0df1730148f5e6c1edf10a41/elements - {"using":"xpath","value":"//button[@data-kt=\"provideButton\"]"}
RESULT: {"using":"xpath","value":"//button[@data-kt=\"provideButton\"]"}
COMMAND: POST /session/a995b82d0df1730148f5e6c1edf10a41/elements - {"using":"xpath","value":"//button[@data-kt=\"provideButton\"]"}
RESULT: {"using":"xpath","value":"//button[@data-kt=\"provideButton\"]"}
COMMAND: POST /session/a995b82d0df1730148f5e6c1edf10a41/elements - {"using":"xpath","value":"//button[@data-kt=\"provideButton\"]"}
RESULT: {"using":"xpath","value":"//button[@data-kt=\"provideButton\"]"}
COMMAND: POST /session/a995b82d0df1730148f5e6c1edf10a41/elements - {"using":"xpath","value":"//button[@data-kt=\"provideButton\"]"}
RESULT: {"using":"xpath","value":"//button[@data-kt=\"provideButton\"]"}
COMMAND: POST /session/a995b82d0df1730148f5e6c1edf10a41/elements - {"using":"xpath","value":"//button[@data-kt=\"provideButton\"]"}
RESULT: {"using":"xpath","value":"//button[@data-kt=\"provideButton\"]"}
COMMAND: POST /session/a995b82d0df1730148f5e6c1edf10a41/elements - {"using":"xpath","value":"//button[@data-kt=\"provideButton\"]"}
RESULT: {"using":"xpath","value":"//button[@data-kt=\"provideButton\"]"}
COMMAND: POST /session/a995b82d0df1730148f5e6c1edf10a41/elements - {"using":"xpath","value":"//button[@data-kt=\"provideButton\"]"}
RESULT: {"using":"xpath","value":"//button[@data-kt=\"provideButton\"]"}
COMMAND: POST /session/a995b82d0df1730148f5e6c1edf10a41/elements - {"using":"xpath","value":"//button[@data-kt=\"provideButton\"]"}
RESULT: {"using":"xpath","value":"//button[@data-kt=\"provideButton\"]"}
COMMAND: POST /session/a995b82d0df1730148f5e6c1edf10a41/elements - {"using":"xpath","value":"//button[@data-kt=\"provideButton\"]"}
RESULT: {"using":"xpath","value":"//button[@data-kt=\"provideButton\"]"}
COMMAND: POST /session/a995b82d0df1730148f5e6c1edf10a41/elements - {"using":"xpath","value":"//button[@data-kt=\"provideButton\"]"}
RESULT: {"using":"xpath","value":"//button[@data-kt=\"provideButton\"]"}
COMMAND: POST /session/a995b82d0df1730148f5e6c1edf10a41/elements - {"using":"xpath","value":"//button[@data-kt=\"provideButton\"]"}
RESULT: {"using":"xpath","value":"//button[@data-kt=\"provideButton\"]"}
COMMAND: POST /session/a995b82d0df1730148f5e6c1edf10a41/elements - {"using":"xpath","value":"//button[@data-kt=\"provideButton\"]"}
RESULT: {"using":"xpath","value":"//button[@data-kt=\"provideButton\"]"}
COMMAND: POST /session/a995b82d0df1730148f5e6c1edf10a41/elements - {"using":"xpath","value":"//button[@data-kt=\"provideButton\"]"}
RESULT: {"using":"xpath","value":"//button[@data-kt=\"provideButton\"]"}
COMMAND: POST /session/a995b82d0df1730148f5e6c1edf10a41/elements - {"using":"xpath","value":"//button[@data-kt=\"provideButton\"]"}
RESULT: {"using":"xpath","value":"//button[@data-kt=\"provideButton\"]"}
COMMAND: POST /session/a995b82d0df1730148f5e6c1edf10a41/elements - {"using":"xpath","value":"//button[@data-kt=\"provideButton\"]"}
RESULT: {"using":"xpath","value":"//button[@data-kt=\"provideButton\"]"}
COMMAND: POST /session/a995b82d0df1730148f5e6c1edf10a41/elements - {"using":"xpath","value":"//button[@data-kt=\"provideButton\"]"}
RESULT: {"using":"xpath","value":"//button[@data-kt=\"provideButton\"]"}
COMMAND: POST /session/a995b82d0df1730148f5e6c1edf10a41/elements - {"using":"xpath","value":"//button[@data-kt=\"provideButton\"]"}
RESULT: {"using":"xpath","value":"//button[@data-kt=\"provideButton\"]"}
COMMAND: POST /session/a995b82d0df1730148f5e6c1edf10a41/elements - {"using":"xpath","value":"//button[@data-kt=\"provideButton\"]"}
RESULT: {"using":"xpath","value":"//button[@data-kt=\"provideButton\"]"}
COMMAND: POST /session/a995b82d0df1730148f5e6c1edf10a41/elements - {"using":"xpath","value":"//button[@data-kt=\"provideButton\"]"}
RESULT: {"using":"xpath","value":"//button[@data-kt=\"provideButton\"]"}
COMMAND: POST /session/a995b82d0df1730148f5e6c1edf10a41/elements - {"using":"xpath","value":"//button[@data-kt=\"provideButton\"]"}
RESULT: {"using":"xpath","value":"//button[@data-kt=\"provideButton\"]"}
COMMAND: POST /session/a995b82d0df1730148f5e6c1edf10a41/elements - {"using":"xpath","value":"//button[@data-kt=\"provideButton\"]"}
RESULT: {"using":"xpath","value":"//button[@data-kt=\"provideButton\"]"}
COMMAND: POST /session/a995b82d0df1730148f5e6c1edf10a41/elements - {"using":"xpath","value":"//button[@data-kt=\"provideButton\"]"}
RESULT: {"using":"xpath","value":"//button[@data-kt=\"provideButton\"]"}
COMMAND: POST /session/a995b82d0df1730148f5e6c1edf10a41/elements - {"using":"xpath","value":"//button[@data-kt=\"provideButton\"]"}
RESULT: {"using":"xpath","value":"//button[@data-kt=\"provideButton\"]"}
COMMAND: POST /session/a995b82d0df1730148f5e6c1edf10a41/elements - {"using":"xpath","value":"//button[@data-kt=\"provideButton\"]"}
RESULT: {"using":"xpath","value":"//button[@data-kt=\"provideButton\"]"}
COMMAND: POST /session/a995b82d0df1730148f5e6c1edf10a41/elements - {"using":"xpath","value":"//button[@data-kt=\"provideButton\"]"}
RESULT: {"using":"xpath","value":"//button[@data-kt=\"provideButton\"]"}
COMMAND: POST /session/a995b82d0df1730148f5e6c1edf10a41/elements - {"using":"xpath","value":"//button[@data-kt=\"provideButton\"]"}
RESULT: {"using":"xpath","value":"//button[@data-kt=\"provideButton\"]"}
COMMAND: POST /session/a995b82d0df1730148f5e6c1edf10a41/elements - {"using":"xpath","value":"//button[@data-kt=\"provideButton\"]"}
RESULT: {"using":"xpath","value":"//button[@data-kt=\"provideButton\"]"}
COMMAND: POST /session/a995b82d0df1730148f5e6c1edf10a41/elements - {"using":"xpath","value":"//button[@data-kt=\"provideButton\"]"}
RESULT: {"using":"xpath","value":"//button[@data-kt=\"provideButton\"]"}
COMMAND: POST /session/a995b82d0df1730148f5e6c1edf10a41/elements - {"using":"xpath","value":"//button[@data-kt=\"provideButton\"]"}
RESULT: {"using":"xpath","value":"//button[@data-kt=\"provideButton\"]"}
COMMAND: POST /session/a995b82d0df1730148f5e6c1edf10a41/elements - {"using":"xpath","value":"//button[@data-kt=\"provideButton\"]"}
RESULT: {"using":"xpath","value":"//button[@data-kt=\"provideButton\"]"}
COMMAND: POST /session/a995b82d0df1730148f5e6c1edf10a41/elements - {"using":"xpath","value":"//button[@data-kt=\"provideButton\"]"}
RESULT: {"using":"xpath","value":"//button[@data-kt=\"provideButton\"]"}
COMMAND: POST /session/a995b82d0df1730148f5e6c1edf10a41/elements - {"using":"xpath","value":"//button[@data-kt=\"provideButton\"]"}
RESULT: {"using":"xpath","value":"//button[@data-kt=\"provideButton\"]"}
COMMAND: POST /session/a995b82d0df1730148f5e6c1edf10a41/elements - {"using":"xpath","value":"//button[@data-kt=\"provideButton\"]"}
RESULT: {"using":"xpath","value":"//button[@data-kt=\"provideButton\"]"}
COMMAND: POST /session/a995b82d0df1730148f5e6c1edf10a41/elements - {"using":"xpath","value":"//button[@data-kt=\"provideButton\"]"}
RESULT: {"using":"xpath","value":"//button[@data-kt=\"provideButton\"]"}
COMMAND: POST /session/a995b82d0df1730148f5e6c1edf10a41/elements - {"using":"xpath","value":"//button[@data-kt=\"provideButton\"]"}
RESULT: {"using":"xpath","value":"//button[@data-kt=\"provideButton\"]"}
COMMAND: POST /session/a995b82d0df1730148f5e6c1edf10a41/elements - {"using":"xpath","value":"//button[@data-kt=\"provideButton\"]"}
RESULT: {"using":"xpath","value":"//button[@data-kt=\"provideButton\"]"}
COMMAND: POST /session/a995b82d0df1730148f5e6c1edf10a41/elements - {"using":"xpath","value":"//button[@data-kt=\"provideButton\"]"}
RESULT: {"using":"xpath","value":"//button[@data-kt=\"provideButton\"]"}
COMMAND: POST /session/a995b82d0df1730148f5e6c1edf10a41/elements - {"using":"xpath","value":"//button[@data-kt=\"provideButton\"]"}
RESULT: {"using":"xpath","value":"//button[@data-kt=\"provideButton\"]"}
COMMAND: POST /session/a995b82d0df1730148f5e6c1edf10a41/elements - {"using":"xpath","value":"//button[@data-kt=\"provideButton\"]"}
RESULT: {"using":"xpath","value":"//button[@data-kt=\"provideButton\"]"}
COMMAND: POST /session/a995b82d0df1730148f5e6c1edf10a41/elements - {"using":"xpath","value":"//button[@data-kt=\"provideButton\"]"}
RESULT: {"using":"xpath","value":"//button[@data-kt=\"provideButton\"]"}
COMMAND: POST /session/a995b82d0df1730148f5e6c1edf10a41/elements - {"using":"xpath","value":"//button[@data-kt=\"provideButton\"]"}
RESULT: {"using":"xpath","value":"//button[@data-kt=\"provideButton\"]"}
COMMAND: POST /session/a995b82d0df1730148f5e6c1edf10a41/elements - {"using":"xpath","value":"//button[@data-kt=\"provideButton\"]"}
RESULT: {"using":"xpath","value":"//button[@data-kt=\"provideButton\"]"}
COMMAND: POST /session/a995b82d0df1730148f5e6c1edf10a41/elements - {"using":"xpath","value":"//button[@data-kt=\"provideButton\"]"}
RESULT: {"using":"xpath","value":"//button[@data-kt=\"provideButton\"]"}
COMMAND: POST /session/a995b82d0df1730148f5e6c1edf10a41/elements - {"using":"xpath","value":"//button[@data-kt=\"provideButton\"]"}
RESULT: {"using":"xpath","value":"//button[@data-kt=\"provideButton\"]"}
COMMAND: POST /session/a995b82d0df1730148f5e6c1edf10a41/elements - {"using":"xpath","value":"//button[@data-kt=\"provideButton\"]"}
RESULT: {"using":"xpath","value":"//button[@data-kt=\"provideButton\"]"}
COMMAND: POST /session/a995b82d0df1730148f5e6c1edf10a41/elements - {"using":"xpath","value":"//button[@data-kt=\"provideButton\"]"}
RESULT: {"using":"xpath","value":"//button[@data-kt=\"provideButton\"]"}
COMMAND: POST /session/a995b82d0df1730148f5e6c1edf10a41/elements - {"using":"xpath","value":"//button[@data-kt=\"provideButton\"]"}
RESULT: {"using":"xpath","value":"//button[@data-kt=\"provideButton\"]"}
COMMAND: POST /session/a995b82d0df1730148f5e6c1edf10a41/elements - {"using":"xpath","value":"//button[@data-kt=\"provideButton\"]"}
RESULT: {"using":"xpath","value":"//button[@data-kt=\"provideButton\"]"}
COMMAND: POST /session/a995b82d0df1730148f5e6c1edf10a41/elements - {"using":"xpath","value":"//button[@data-kt=\"provideButton\"]"}
RESULT: {"using":"xpath","value":"//button[@data-kt=\"provideButton\"]"}
COMMAND: POST /session/a995b82d0df1730148f5e6c1edf10a41/elements - {"using":"xpath","value":"//button[@data-kt=\"provideButton\"]"}
RESULT: {"using":"xpath","value":"//button[@data-kt=\"provideButton\"]"}
COMMAND: POST /session/a995b82d0df1730148f5e6c1edf10a41/elements - {"using":"xpath","value":"//button[@data-kt=\"provideButton\"]"}
RESULT: {"using":"xpath","value":"//button[@data-kt=\"provideButton\"]"}
COMMAND: POST /session/a995b82d0df1730148f5e6c1edf10a41/elements - {"using":"xpath","value":"//button[@data-kt=\"provideButton\"]"}
RESULT: {"using":"xpath","value":"//button[@data-kt=\"provideButton\"]"}
COMMAND: POST /session/a995b82d0df1730148f5e6c1edf10a41/elements - {"using":"xpath","value":"//button[@data-kt=\"provideButton\"]"}
RESULT: {"using":"xpath","value":"//button[@data-kt=\"provideButton\"]"}
COMMAND: POST /session/a995b82d0df1730148f5e6c1edf10a41/elements - {"using":"xpath","value":"//button[@data-kt=\"provideButton\"]"}
RESULT: {"using":"xpath","value":"//button[@data-kt=\"provideButton\"]"}
COMMAND: POST /session/a995b82d0df1730148f5e6c1edf10a41/elements - {"using":"xpath","value":"//button[@data-kt=\"provideButton\"]"}
RESULT: {"using":"xpath","value":"//button[@data-kt=\"provideButton\"]"}
COMMAND: POST /session/a995b82d0df1730148f5e6c1edf10a41/elements - {"using":"xpath","value":"//button[@data-kt=\"provideButton\"]"}
RESULT: {"using":"xpath","value":"//button[@data-kt=\"provideButton\"]"}
COMMAND: POST /session/a995b82d0df1730148f5e6c1edf10a41/elements - {"using":"xpath","value":"//button[@data-kt=\"provideButton\"]"}
RESULT: {"using":"xpath","value":"//button[@data-kt=\"provideButton\"]"}
COMMAND: POST /session/a995b82d0df1730148f5e6c1edf10a41/elements - {"using":"xpath","value":"//button[@data-kt=\"provideButton\"]"}
RESULT: {"using":"xpath","value":"//button[@data-kt=\"provideButton\"]"}
COMMAND: POST /session/a995b82d0df1730148f5e6c1edf10a41/elements - {"using":"xpath","value":"//button[@data-kt=\"provideButton\"]"}
RESULT: {"using":"xpath","value":"//button[@data-kt=\"provideButton\"]"}
COMMAND: POST /session/a995b82d0df1730148f5e6c1edf10a41/elements - {"using":"xpath","value":"//button[@data-kt=\"provideButton\"]"}
RESULT: {"using":"xpath","value":"//button[@data-kt=\"provideButton\"]"}
COMMAND: POST /session/a995b82d0df1730148f5e6c1edf10a41/elements - {"using":"xpath","value":"//button[@data-kt=\"provideButton\"]"}
RESULT: {"using":"xpath","value":"//button[@data-kt=\"provideButton\"]"}
COMMAND: POST /session/a995b82d0df1730148f5e6c1edf10a41/elements - {"using":"xpath","value":"//button[@data-kt=\"provideButton\"]"}
RESULT: {"using":"xpath","value":"//button[@data-kt=\"provideButton\"]"}
COMMAND: POST /session/a995b82d0df1730148f5e6c1edf10a41/elements - {"using":"xpath","value":"//button[@data-kt=\"provideButton\"]"}
RESULT: {"using":"xpath","value":"//button[@data-kt=\"provideButton\"]"}
COMMAND: POST /session/a995b82d0df1730148f5e6c1edf10a41/elements - {"using":"xpath","value":"//button[@data-kt=\"provideButton\"]"}
RESULT: {"using":"xpath","value":"//button[@data-kt=\"provideButton\"]"}
COMMAND: POST /session/a995b82d0df1730148f5e6c1edf10a41/elements - {"using":"xpath","value":"//button[@data-kt=\"provideButton\"]"}
RESULT: {"using":"xpath","value":"//button[@data-kt=\"provideButton\"]"}
COMMAND: GET /session/a995b82d0df1730148f5e6c1edf10a41/screenshot - {}
RESULT: {}
]]></system-out>
      <system-err><![CDATA[
Error: Can't call click on element with selector "//button[@data-kt="provideButton"]" because element wasn't found
    at async UtilsPrerequisites.provideToSiteHandoverFromContractDetails (D:\a\1\s\test\specs\BTS\prerequisites-and-utils-functions.js:1949:9)
    at async Context.<anonymous> (D:\a\1\s\test\specs\BTS\billing-transfer.spec.js:71:9)
]]></system-err>
    </testcase>
    <testcase classname="chrome.136_0_7103_93.windows.Billing_transfer_US117289" name="Should navigate to Manage Billings and trigger contract calculation business confirm it" time="80.859">
      <failure/>
      <error message="Can't call click on element with selector &quot;//td[@aria-colindex=&quot;1&quot;]/div/div[contains(@class, &quot;sapMCbBg&quot;)]&quot; because element wasn't found"/>
      <system-out><![CDATA[
COMMAND: GET /session/a995b82d0df1730148f5e6c1edf10a41/screenshot - {}
COMMAND: POST /session/a995b82d0df1730148f5e6c1edf10a41/execute/async - {"script":"<script> [1562 bytes]","args":[{"selector":{"controlType":"sap.m.GenericTile","properties":{"header":"Manage Billings"}},"wdio_ui5_key":"sapm.GenericTile{\"header\":\"Manage Billings\"}"}]}
RESULT: {}
RESULT: {"script":"<script> [1562 bytes]","args":[{"selector":{"controlType":"sap.m.GenericTile","properties":{"header":"Manage Billings"}},"wdio_ui5_key":"sapm.GenericTile{\"header\":\"Manage Billings\"}"}]}
RESULT: undefined
COMMAND: POST /session/a995b82d0df1730148f5e6c1edf10a41/elements - {"using":"xpath","value":"//span[text()='Error']"}
RESULT: {"using":"xpath","value":"//span[text()='Error']"}
COMMAND: POST /session/a995b82d0df1730148f5e6c1edf10a41/execute/async - {"script":"<script> [1562 bytes]","args":[{"selector":{"id":"application-managebillings-display-component---billRunCalcResult--smartFilterBar-btnBasicSearch","interaction":{"idSuffix":"I"}},"wdio_ui5_key":"applicationmanagebillings-display-component---billRunCalcResult--smartFilterBar-btnBasicSearch"}]}
RESULT: {"script":"<script> [1562 bytes]","args":[{"selector":{"id":"application-managebillings-display-component---billRunCalcResult--smartFilterBar-btnBasicSearch","interaction":{"idSuffix":"I"}},"wdio_ui5_key":"applicationmanagebillings-display-component---billRunCalcResult--smartFilterBar-btnBasicSearch"}]}
RESULT: undefined
COMMAND: POST /session/a995b82d0df1730148f5e6c1edf10a41/actions - {"actions":[{"id":"action44","type":"key","parameters":{},"actions":[{"type":"keyDown","value":""},{"type":"pause","duration":10},{"type":"keyUp","value":""}]}]}
RESULT: {"actions":[{"id":"action44","type":"key","parameters":{},"actions":[{"type":"keyDown","value":""},{"type":"pause","duration":10},{"type":"keyUp","value":""}]}]}
COMMAND: GET /session/a995b82d0df1730148f5e6c1edf10a41/screenshot - {}
RESULT: {}
COMMAND: POST /session/a995b82d0df1730148f5e6c1edf10a41/element - {"using":"xpath","value":"//td[@aria-colindex=\"1\"]/div/div[contains(@class, \"sapMCbBg\")]"}
RESULT: {"using":"xpath","value":"//td[@aria-colindex=\"1\"]/div/div[contains(@class, \"sapMCbBg\")]"}
COMMAND: POST /session/a995b82d0df1730148f5e6c1edf10a41/elements - {"using":"xpath","value":"//td[@aria-colindex=\"1\"]/div/div[contains(@class, \"sapMCbBg\")]"}
RESULT: {"using":"xpath","value":"//td[@aria-colindex=\"1\"]/div/div[contains(@class, \"sapMCbBg\")]"}
COMMAND: POST /session/a995b82d0df1730148f5e6c1edf10a41/elements - {"using":"xpath","value":"//td[@aria-colindex=\"1\"]/div/div[contains(@class, \"sapMCbBg\")]"}
RESULT: {"using":"xpath","value":"//td[@aria-colindex=\"1\"]/div/div[contains(@class, \"sapMCbBg\")]"}
COMMAND: POST /session/a995b82d0df1730148f5e6c1edf10a41/elements - {"using":"xpath","value":"//td[@aria-colindex=\"1\"]/div/div[contains(@class, \"sapMCbBg\")]"}
RESULT: {"using":"xpath","value":"//td[@aria-colindex=\"1\"]/div/div[contains(@class, \"sapMCbBg\")]"}
COMMAND: POST /session/a995b82d0df1730148f5e6c1edf10a41/elements - {"using":"xpath","value":"//td[@aria-colindex=\"1\"]/div/div[contains(@class, \"sapMCbBg\")]"}
RESULT: {"using":"xpath","value":"//td[@aria-colindex=\"1\"]/div/div[contains(@class, \"sapMCbBg\")]"}
COMMAND: POST /session/a995b82d0df1730148f5e6c1edf10a41/elements - {"using":"xpath","value":"//td[@aria-colindex=\"1\"]/div/div[contains(@class, \"sapMCbBg\")]"}
RESULT: {"using":"xpath","value":"//td[@aria-colindex=\"1\"]/div/div[contains(@class, \"sapMCbBg\")]"}
COMMAND: POST /session/a995b82d0df1730148f5e6c1edf10a41/elements - {"using":"xpath","value":"//td[@aria-colindex=\"1\"]/div/div[contains(@class, \"sapMCbBg\")]"}
RESULT: {"using":"xpath","value":"//td[@aria-colindex=\"1\"]/div/div[contains(@class, \"sapMCbBg\")]"}
COMMAND: POST /session/a995b82d0df1730148f5e6c1edf10a41/elements - {"using":"xpath","value":"//td[@aria-colindex=\"1\"]/div/div[contains(@class, \"sapMCbBg\")]"}
RESULT: {"using":"xpath","value":"//td[@aria-colindex=\"1\"]/div/div[contains(@class, \"sapMCbBg\")]"}
COMMAND: POST /session/a995b82d0df1730148f5e6c1edf10a41/elements - {"using":"xpath","value":"//td[@aria-colindex=\"1\"]/div/div[contains(@class, \"sapMCbBg\")]"}
RESULT: {"using":"xpath","value":"//td[@aria-colindex=\"1\"]/div/div[contains(@class, \"sapMCbBg\")]"}
COMMAND: POST /session/a995b82d0df1730148f5e6c1edf10a41/elements - {"using":"xpath","value":"//td[@aria-colindex=\"1\"]/div/div[contains(@class, \"sapMCbBg\")]"}
RESULT: {"using":"xpath","value":"//td[@aria-colindex=\"1\"]/div/div[contains(@class, \"sapMCbBg\")]"}
COMMAND: POST /session/a995b82d0df1730148f5e6c1edf10a41/elements - {"using":"xpath","value":"//td[@aria-colindex=\"1\"]/div/div[contains(@class, \"sapMCbBg\")]"}
RESULT: {"using":"xpath","value":"//td[@aria-colindex=\"1\"]/div/div[contains(@class, \"sapMCbBg\")]"}
COMMAND: POST /session/a995b82d0df1730148f5e6c1edf10a41/elements - {"using":"xpath","value":"//td[@aria-colindex=\"1\"]/div/div[contains(@class, \"sapMCbBg\")]"}
RESULT: {"using":"xpath","value":"//td[@aria-colindex=\"1\"]/div/div[contains(@class, \"sapMCbBg\")]"}
COMMAND: POST /session/a995b82d0df1730148f5e6c1edf10a41/elements - {"using":"xpath","value":"//td[@aria-colindex=\"1\"]/div/div[contains(@class, \"sapMCbBg\")]"}
RESULT: {"using":"xpath","value":"//td[@aria-colindex=\"1\"]/div/div[contains(@class, \"sapMCbBg\")]"}
COMMAND: POST /session/a995b82d0df1730148f5e6c1edf10a41/elements - {"using":"xpath","value":"//td[@aria-colindex=\"1\"]/div/div[contains(@class, \"sapMCbBg\")]"}
RESULT: {"using":"xpath","value":"//td[@aria-colindex=\"1\"]/div/div[contains(@class, \"sapMCbBg\")]"}
COMMAND: POST /session/a995b82d0df1730148f5e6c1edf10a41/elements - {"using":"xpath","value":"//td[@aria-colindex=\"1\"]/div/div[contains(@class, \"sapMCbBg\")]"}
RESULT: {"using":"xpath","value":"//td[@aria-colindex=\"1\"]/div/div[contains(@class, \"sapMCbBg\")]"}
COMMAND: POST /session/a995b82d0df1730148f5e6c1edf10a41/elements - {"using":"xpath","value":"//td[@aria-colindex=\"1\"]/div/div[contains(@class, \"sapMCbBg\")]"}
RESULT: {"using":"xpath","value":"//td[@aria-colindex=\"1\"]/div/div[contains(@class, \"sapMCbBg\")]"}
COMMAND: POST /session/a995b82d0df1730148f5e6c1edf10a41/elements - {"using":"xpath","value":"//td[@aria-colindex=\"1\"]/div/div[contains(@class, \"sapMCbBg\")]"}
RESULT: {"using":"xpath","value":"//td[@aria-colindex=\"1\"]/div/div[contains(@class, \"sapMCbBg\")]"}
COMMAND: POST /session/a995b82d0df1730148f5e6c1edf10a41/elements - {"using":"xpath","value":"//td[@aria-colindex=\"1\"]/div/div[contains(@class, \"sapMCbBg\")]"}
RESULT: {"using":"xpath","value":"//td[@aria-colindex=\"1\"]/div/div[contains(@class, \"sapMCbBg\")]"}
COMMAND: POST /session/a995b82d0df1730148f5e6c1edf10a41/elements - {"using":"xpath","value":"//td[@aria-colindex=\"1\"]/div/div[contains(@class, \"sapMCbBg\")]"}
RESULT: {"using":"xpath","value":"//td[@aria-colindex=\"1\"]/div/div[contains(@class, \"sapMCbBg\")]"}
COMMAND: POST /session/a995b82d0df1730148f5e6c1edf10a41/elements - {"using":"xpath","value":"//td[@aria-colindex=\"1\"]/div/div[contains(@class, \"sapMCbBg\")]"}
RESULT: {"using":"xpath","value":"//td[@aria-colindex=\"1\"]/div/div[contains(@class, \"sapMCbBg\")]"}
COMMAND: POST /session/a995b82d0df1730148f5e6c1edf10a41/elements - {"using":"xpath","value":"//td[@aria-colindex=\"1\"]/div/div[contains(@class, \"sapMCbBg\")]"}
RESULT: {"using":"xpath","value":"//td[@aria-colindex=\"1\"]/div/div[contains(@class, \"sapMCbBg\")]"}
COMMAND: POST /session/a995b82d0df1730148f5e6c1edf10a41/elements - {"using":"xpath","value":"//td[@aria-colindex=\"1\"]/div/div[contains(@class, \"sapMCbBg\")]"}
RESULT: {"using":"xpath","value":"//td[@aria-colindex=\"1\"]/div/div[contains(@class, \"sapMCbBg\")]"}
COMMAND: POST /session/a995b82d0df1730148f5e6c1edf10a41/elements - {"using":"xpath","value":"//td[@aria-colindex=\"1\"]/div/div[contains(@class, \"sapMCbBg\")]"}
RESULT: {"using":"xpath","value":"//td[@aria-colindex=\"1\"]/div/div[contains(@class, \"sapMCbBg\")]"}
COMMAND: POST /session/a995b82d0df1730148f5e6c1edf10a41/elements - {"using":"xpath","value":"//td[@aria-colindex=\"1\"]/div/div[contains(@class, \"sapMCbBg\")]"}
RESULT: {"using":"xpath","value":"//td[@aria-colindex=\"1\"]/div/div[contains(@class, \"sapMCbBg\")]"}
COMMAND: POST /session/a995b82d0df1730148f5e6c1edf10a41/elements - {"using":"xpath","value":"//td[@aria-colindex=\"1\"]/div/div[contains(@class, \"sapMCbBg\")]"}
RESULT: {"using":"xpath","value":"//td[@aria-colindex=\"1\"]/div/div[contains(@class, \"sapMCbBg\")]"}
COMMAND: POST /session/a995b82d0df1730148f5e6c1edf10a41/elements - {"using":"xpath","value":"//td[@aria-colindex=\"1\"]/div/div[contains(@class, \"sapMCbBg\")]"}
RESULT: {"using":"xpath","value":"//td[@aria-colindex=\"1\"]/div/div[contains(@class, \"sapMCbBg\")]"}
COMMAND: POST /session/a995b82d0df1730148f5e6c1edf10a41/elements - {"using":"xpath","value":"//td[@aria-colindex=\"1\"]/div/div[contains(@class, \"sapMCbBg\")]"}
RESULT: {"using":"xpath","value":"//td[@aria-colindex=\"1\"]/div/div[contains(@class, \"sapMCbBg\")]"}
COMMAND: POST /session/a995b82d0df1730148f5e6c1edf10a41/elements - {"using":"xpath","value":"//td[@aria-colindex=\"1\"]/div/div[contains(@class, \"sapMCbBg\")]"}
RESULT: {"using":"xpath","value":"//td[@aria-colindex=\"1\"]/div/div[contains(@class, \"sapMCbBg\")]"}
COMMAND: POST /session/a995b82d0df1730148f5e6c1edf10a41/elements - {"using":"xpath","value":"//td[@aria-colindex=\"1\"]/div/div[contains(@class, \"sapMCbBg\")]"}
RESULT: {"using":"xpath","value":"//td[@aria-colindex=\"1\"]/div/div[contains(@class, \"sapMCbBg\")]"}
COMMAND: POST /session/a995b82d0df1730148f5e6c1edf10a41/elements - {"using":"xpath","value":"//td[@aria-colindex=\"1\"]/div/div[contains(@class, \"sapMCbBg\")]"}
RESULT: {"using":"xpath","value":"//td[@aria-colindex=\"1\"]/div/div[contains(@class, \"sapMCbBg\")]"}
COMMAND: POST /session/a995b82d0df1730148f5e6c1edf10a41/elements - {"using":"xpath","value":"//td[@aria-colindex=\"1\"]/div/div[contains(@class, \"sapMCbBg\")]"}
RESULT: {"using":"xpath","value":"//td[@aria-colindex=\"1\"]/div/div[contains(@class, \"sapMCbBg\")]"}
COMMAND: POST /session/a995b82d0df1730148f5e6c1edf10a41/elements - {"using":"xpath","value":"//td[@aria-colindex=\"1\"]/div/div[contains(@class, \"sapMCbBg\")]"}
RESULT: {"using":"xpath","value":"//td[@aria-colindex=\"1\"]/div/div[contains(@class, \"sapMCbBg\")]"}
COMMAND: POST /session/a995b82d0df1730148f5e6c1edf10a41/elements - {"using":"xpath","value":"//td[@aria-colindex=\"1\"]/div/div[contains(@class, \"sapMCbBg\")]"}
RESULT: {"using":"xpath","value":"//td[@aria-colindex=\"1\"]/div/div[contains(@class, \"sapMCbBg\")]"}
COMMAND: POST /session/a995b82d0df1730148f5e6c1edf10a41/elements - {"using":"xpath","value":"//td[@aria-colindex=\"1\"]/div/div[contains(@class, \"sapMCbBg\")]"}
RESULT: {"using":"xpath","value":"//td[@aria-colindex=\"1\"]/div/div[contains(@class, \"sapMCbBg\")]"}
COMMAND: POST /session/a995b82d0df1730148f5e6c1edf10a41/elements - {"using":"xpath","value":"//td[@aria-colindex=\"1\"]/div/div[contains(@class, \"sapMCbBg\")]"}
RESULT: {"using":"xpath","value":"//td[@aria-colindex=\"1\"]/div/div[contains(@class, \"sapMCbBg\")]"}
COMMAND: POST /session/a995b82d0df1730148f5e6c1edf10a41/elements - {"using":"xpath","value":"//td[@aria-colindex=\"1\"]/div/div[contains(@class, \"sapMCbBg\")]"}
RESULT: {"using":"xpath","value":"//td[@aria-colindex=\"1\"]/div/div[contains(@class, \"sapMCbBg\")]"}
COMMAND: POST /session/a995b82d0df1730148f5e6c1edf10a41/elements - {"using":"xpath","value":"//td[@aria-colindex=\"1\"]/div/div[contains(@class, \"sapMCbBg\")]"}
RESULT: {"using":"xpath","value":"//td[@aria-colindex=\"1\"]/div/div[contains(@class, \"sapMCbBg\")]"}
COMMAND: POST /session/a995b82d0df1730148f5e6c1edf10a41/elements - {"using":"xpath","value":"//td[@aria-colindex=\"1\"]/div/div[contains(@class, \"sapMCbBg\")]"}
RESULT: {"using":"xpath","value":"//td[@aria-colindex=\"1\"]/div/div[contains(@class, \"sapMCbBg\")]"}
COMMAND: POST /session/a995b82d0df1730148f5e6c1edf10a41/elements - {"using":"xpath","value":"//td[@aria-colindex=\"1\"]/div/div[contains(@class, \"sapMCbBg\")]"}
RESULT: {"using":"xpath","value":"//td[@aria-colindex=\"1\"]/div/div[contains(@class, \"sapMCbBg\")]"}
COMMAND: POST /session/a995b82d0df1730148f5e6c1edf10a41/elements - {"using":"xpath","value":"//td[@aria-colindex=\"1\"]/div/div[contains(@class, \"sapMCbBg\")]"}
RESULT: {"using":"xpath","value":"//td[@aria-colindex=\"1\"]/div/div[contains(@class, \"sapMCbBg\")]"}
COMMAND: POST /session/a995b82d0df1730148f5e6c1edf10a41/elements - {"using":"xpath","value":"//td[@aria-colindex=\"1\"]/div/div[contains(@class, \"sapMCbBg\")]"}
RESULT: {"using":"xpath","value":"//td[@aria-colindex=\"1\"]/div/div[contains(@class, \"sapMCbBg\")]"}
COMMAND: POST /session/a995b82d0df1730148f5e6c1edf10a41/elements - {"using":"xpath","value":"//td[@aria-colindex=\"1\"]/div/div[contains(@class, \"sapMCbBg\")]"}
RESULT: {"using":"xpath","value":"//td[@aria-colindex=\"1\"]/div/div[contains(@class, \"sapMCbBg\")]"}
COMMAND: POST /session/a995b82d0df1730148f5e6c1edf10a41/elements - {"using":"xpath","value":"//td[@aria-colindex=\"1\"]/div/div[contains(@class, \"sapMCbBg\")]"}
RESULT: {"using":"xpath","value":"//td[@aria-colindex=\"1\"]/div/div[contains(@class, \"sapMCbBg\")]"}
COMMAND: POST /session/a995b82d0df1730148f5e6c1edf10a41/elements - {"using":"xpath","value":"//td[@aria-colindex=\"1\"]/div/div[contains(@class, \"sapMCbBg\")]"}
RESULT: {"using":"xpath","value":"//td[@aria-colindex=\"1\"]/div/div[contains(@class, \"sapMCbBg\")]"}
COMMAND: POST /session/a995b82d0df1730148f5e6c1edf10a41/elements - {"using":"xpath","value":"//td[@aria-colindex=\"1\"]/div/div[contains(@class, \"sapMCbBg\")]"}
RESULT: {"using":"xpath","value":"//td[@aria-colindex=\"1\"]/div/div[contains(@class, \"sapMCbBg\")]"}
COMMAND: POST /session/a995b82d0df1730148f5e6c1edf10a41/elements - {"using":"xpath","value":"//td[@aria-colindex=\"1\"]/div/div[contains(@class, \"sapMCbBg\")]"}
RESULT: {"using":"xpath","value":"//td[@aria-colindex=\"1\"]/div/div[contains(@class, \"sapMCbBg\")]"}
COMMAND: POST /session/a995b82d0df1730148f5e6c1edf10a41/elements - {"using":"xpath","value":"//td[@aria-colindex=\"1\"]/div/div[contains(@class, \"sapMCbBg\")]"}
RESULT: {"using":"xpath","value":"//td[@aria-colindex=\"1\"]/div/div[contains(@class, \"sapMCbBg\")]"}
COMMAND: POST /session/a995b82d0df1730148f5e6c1edf10a41/elements - {"using":"xpath","value":"//td[@aria-colindex=\"1\"]/div/div[contains(@class, \"sapMCbBg\")]"}
RESULT: {"using":"xpath","value":"//td[@aria-colindex=\"1\"]/div/div[contains(@class, \"sapMCbBg\")]"}
COMMAND: POST /session/a995b82d0df1730148f5e6c1edf10a41/elements - {"using":"xpath","value":"//td[@aria-colindex=\"1\"]/div/div[contains(@class, \"sapMCbBg\")]"}
RESULT: {"using":"xpath","value":"//td[@aria-colindex=\"1\"]/div/div[contains(@class, \"sapMCbBg\")]"}
COMMAND: POST /session/a995b82d0df1730148f5e6c1edf10a41/elements - {"using":"xpath","value":"//td[@aria-colindex=\"1\"]/div/div[contains(@class, \"sapMCbBg\")]"}
RESULT: {"using":"xpath","value":"//td[@aria-colindex=\"1\"]/div/div[contains(@class, \"sapMCbBg\")]"}
COMMAND: POST /session/a995b82d0df1730148f5e6c1edf10a41/elements - {"using":"xpath","value":"//td[@aria-colindex=\"1\"]/div/div[contains(@class, \"sapMCbBg\")]"}
RESULT: {"using":"xpath","value":"//td[@aria-colindex=\"1\"]/div/div[contains(@class, \"sapMCbBg\")]"}
COMMAND: POST /session/a995b82d0df1730148f5e6c1edf10a41/elements - {"using":"xpath","value":"//td[@aria-colindex=\"1\"]/div/div[contains(@class, \"sapMCbBg\")]"}
RESULT: {"using":"xpath","value":"//td[@aria-colindex=\"1\"]/div/div[contains(@class, \"sapMCbBg\")]"}
COMMAND: POST /session/a995b82d0df1730148f5e6c1edf10a41/elements - {"using":"xpath","value":"//td[@aria-colindex=\"1\"]/div/div[contains(@class, \"sapMCbBg\")]"}
RESULT: {"using":"xpath","value":"//td[@aria-colindex=\"1\"]/div/div[contains(@class, \"sapMCbBg\")]"}
COMMAND: POST /session/a995b82d0df1730148f5e6c1edf10a41/elements - {"using":"xpath","value":"//td[@aria-colindex=\"1\"]/div/div[contains(@class, \"sapMCbBg\")]"}
RESULT: {"using":"xpath","value":"//td[@aria-colindex=\"1\"]/div/div[contains(@class, \"sapMCbBg\")]"}
COMMAND: POST /session/a995b82d0df1730148f5e6c1edf10a41/elements - {"using":"xpath","value":"//td[@aria-colindex=\"1\"]/div/div[contains(@class, \"sapMCbBg\")]"}
RESULT: {"using":"xpath","value":"//td[@aria-colindex=\"1\"]/div/div[contains(@class, \"sapMCbBg\")]"}
COMMAND: POST /session/a995b82d0df1730148f5e6c1edf10a41/elements - {"using":"xpath","value":"//td[@aria-colindex=\"1\"]/div/div[contains(@class, \"sapMCbBg\")]"}
RESULT: {"using":"xpath","value":"//td[@aria-colindex=\"1\"]/div/div[contains(@class, \"sapMCbBg\")]"}
COMMAND: POST /session/a995b82d0df1730148f5e6c1edf10a41/elements - {"using":"xpath","value":"//td[@aria-colindex=\"1\"]/div/div[contains(@class, \"sapMCbBg\")]"}
RESULT: {"using":"xpath","value":"//td[@aria-colindex=\"1\"]/div/div[contains(@class, \"sapMCbBg\")]"}
COMMAND: POST /session/a995b82d0df1730148f5e6c1edf10a41/elements - {"using":"xpath","value":"//td[@aria-colindex=\"1\"]/div/div[contains(@class, \"sapMCbBg\")]"}
RESULT: {"using":"xpath","value":"//td[@aria-colindex=\"1\"]/div/div[contains(@class, \"sapMCbBg\")]"}
COMMAND: POST /session/a995b82d0df1730148f5e6c1edf10a41/elements - {"using":"xpath","value":"//td[@aria-colindex=\"1\"]/div/div[contains(@class, \"sapMCbBg\")]"}
RESULT: {"using":"xpath","value":"//td[@aria-colindex=\"1\"]/div/div[contains(@class, \"sapMCbBg\")]"}
COMMAND: POST /session/a995b82d0df1730148f5e6c1edf10a41/elements - {"using":"xpath","value":"//td[@aria-colindex=\"1\"]/div/div[contains(@class, \"sapMCbBg\")]"}
RESULT: {"using":"xpath","value":"//td[@aria-colindex=\"1\"]/div/div[contains(@class, \"sapMCbBg\")]"}
COMMAND: POST /session/a995b82d0df1730148f5e6c1edf10a41/elements - {"using":"xpath","value":"//td[@aria-colindex=\"1\"]/div/div[contains(@class, \"sapMCbBg\")]"}
RESULT: {"using":"xpath","value":"//td[@aria-colindex=\"1\"]/div/div[contains(@class, \"sapMCbBg\")]"}
COMMAND: POST /session/a995b82d0df1730148f5e6c1edf10a41/elements - {"using":"xpath","value":"//td[@aria-colindex=\"1\"]/div/div[contains(@class, \"sapMCbBg\")]"}
RESULT: {"using":"xpath","value":"//td[@aria-colindex=\"1\"]/div/div[contains(@class, \"sapMCbBg\")]"}
COMMAND: POST /session/a995b82d0df1730148f5e6c1edf10a41/elements - {"using":"xpath","value":"//td[@aria-colindex=\"1\"]/div/div[contains(@class, \"sapMCbBg\")]"}
RESULT: {"using":"xpath","value":"//td[@aria-colindex=\"1\"]/div/div[contains(@class, \"sapMCbBg\")]"}
COMMAND: POST /session/a995b82d0df1730148f5e6c1edf10a41/elements - {"using":"xpath","value":"//td[@aria-colindex=\"1\"]/div/div[contains(@class, \"sapMCbBg\")]"}
RESULT: {"using":"xpath","value":"//td[@aria-colindex=\"1\"]/div/div[contains(@class, \"sapMCbBg\")]"}
COMMAND: POST /session/a995b82d0df1730148f5e6c1edf10a41/elements - {"using":"xpath","value":"//td[@aria-colindex=\"1\"]/div/div[contains(@class, \"sapMCbBg\")]"}
RESULT: {"using":"xpath","value":"//td[@aria-colindex=\"1\"]/div/div[contains(@class, \"sapMCbBg\")]"}
COMMAND: POST /session/a995b82d0df1730148f5e6c1edf10a41/elements - {"using":"xpath","value":"//td[@aria-colindex=\"1\"]/div/div[contains(@class, \"sapMCbBg\")]"}
RESULT: {"using":"xpath","value":"//td[@aria-colindex=\"1\"]/div/div[contains(@class, \"sapMCbBg\")]"}
COMMAND: POST /session/a995b82d0df1730148f5e6c1edf10a41/elements - {"using":"xpath","value":"//td[@aria-colindex=\"1\"]/div/div[contains(@class, \"sapMCbBg\")]"}
RESULT: {"using":"xpath","value":"//td[@aria-colindex=\"1\"]/div/div[contains(@class, \"sapMCbBg\")]"}
COMMAND: POST /session/a995b82d0df1730148f5e6c1edf10a41/elements - {"using":"xpath","value":"//td[@aria-colindex=\"1\"]/div/div[contains(@class, \"sapMCbBg\")]"}
RESULT: {"using":"xpath","value":"//td[@aria-colindex=\"1\"]/div/div[contains(@class, \"sapMCbBg\")]"}
COMMAND: POST /session/a995b82d0df1730148f5e6c1edf10a41/elements - {"using":"xpath","value":"//td[@aria-colindex=\"1\"]/div/div[contains(@class, \"sapMCbBg\")]"}
RESULT: {"using":"xpath","value":"//td[@aria-colindex=\"1\"]/div/div[contains(@class, \"sapMCbBg\")]"}
COMMAND: POST /session/a995b82d0df1730148f5e6c1edf10a41/elements - {"using":"xpath","value":"//td[@aria-colindex=\"1\"]/div/div[contains(@class, \"sapMCbBg\")]"}
RESULT: {"using":"xpath","value":"//td[@aria-colindex=\"1\"]/div/div[contains(@class, \"sapMCbBg\")]"}
COMMAND: POST /session/a995b82d0df1730148f5e6c1edf10a41/elements - {"using":"xpath","value":"//td[@aria-colindex=\"1\"]/div/div[contains(@class, \"sapMCbBg\")]"}
RESULT: {"using":"xpath","value":"//td[@aria-colindex=\"1\"]/div/div[contains(@class, \"sapMCbBg\")]"}
COMMAND: POST /session/a995b82d0df1730148f5e6c1edf10a41/elements - {"using":"xpath","value":"//td[@aria-colindex=\"1\"]/div/div[contains(@class, \"sapMCbBg\")]"}
RESULT: {"using":"xpath","value":"//td[@aria-colindex=\"1\"]/div/div[contains(@class, \"sapMCbBg\")]"}
COMMAND: POST /session/a995b82d0df1730148f5e6c1edf10a41/elements - {"using":"xpath","value":"//td[@aria-colindex=\"1\"]/div/div[contains(@class, \"sapMCbBg\")]"}
RESULT: {"using":"xpath","value":"//td[@aria-colindex=\"1\"]/div/div[contains(@class, \"sapMCbBg\")]"}
COMMAND: POST /session/a995b82d0df1730148f5e6c1edf10a41/elements - {"using":"xpath","value":"//td[@aria-colindex=\"1\"]/div/div[contains(@class, \"sapMCbBg\")]"}
RESULT: {"using":"xpath","value":"//td[@aria-colindex=\"1\"]/div/div[contains(@class, \"sapMCbBg\")]"}
COMMAND: POST /session/a995b82d0df1730148f5e6c1edf10a41/elements - {"using":"xpath","value":"//td[@aria-colindex=\"1\"]/div/div[contains(@class, \"sapMCbBg\")]"}
RESULT: {"using":"xpath","value":"//td[@aria-colindex=\"1\"]/div/div[contains(@class, \"sapMCbBg\")]"}
COMMAND: POST /session/a995b82d0df1730148f5e6c1edf10a41/elements - {"using":"xpath","value":"//td[@aria-colindex=\"1\"]/div/div[contains(@class, \"sapMCbBg\")]"}
RESULT: {"using":"xpath","value":"//td[@aria-colindex=\"1\"]/div/div[contains(@class, \"sapMCbBg\")]"}
COMMAND: POST /session/a995b82d0df1730148f5e6c1edf10a41/elements - {"using":"xpath","value":"//td[@aria-colindex=\"1\"]/div/div[contains(@class, \"sapMCbBg\")]"}
RESULT: {"using":"xpath","value":"//td[@aria-colindex=\"1\"]/div/div[contains(@class, \"sapMCbBg\")]"}
COMMAND: POST /session/a995b82d0df1730148f5e6c1edf10a41/elements - {"using":"xpath","value":"//td[@aria-colindex=\"1\"]/div/div[contains(@class, \"sapMCbBg\")]"}
RESULT: {"using":"xpath","value":"//td[@aria-colindex=\"1\"]/div/div[contains(@class, \"sapMCbBg\")]"}
COMMAND: POST /session/a995b82d0df1730148f5e6c1edf10a41/elements - {"using":"xpath","value":"//td[@aria-colindex=\"1\"]/div/div[contains(@class, \"sapMCbBg\")]"}
RESULT: {"using":"xpath","value":"//td[@aria-colindex=\"1\"]/div/div[contains(@class, \"sapMCbBg\")]"}
COMMAND: POST /session/a995b82d0df1730148f5e6c1edf10a41/elements - {"using":"xpath","value":"//td[@aria-colindex=\"1\"]/div/div[contains(@class, \"sapMCbBg\")]"}
RESULT: {"using":"xpath","value":"//td[@aria-colindex=\"1\"]/div/div[contains(@class, \"sapMCbBg\")]"}
COMMAND: POST /session/a995b82d0df1730148f5e6c1edf10a41/elements - {"using":"xpath","value":"//td[@aria-colindex=\"1\"]/div/div[contains(@class, \"sapMCbBg\")]"}
RESULT: {"using":"xpath","value":"//td[@aria-colindex=\"1\"]/div/div[contains(@class, \"sapMCbBg\")]"}
COMMAND: POST /session/a995b82d0df1730148f5e6c1edf10a41/elements - {"using":"xpath","value":"//td[@aria-colindex=\"1\"]/div/div[contains(@class, \"sapMCbBg\")]"}
RESULT: {"using":"xpath","value":"//td[@aria-colindex=\"1\"]/div/div[contains(@class, \"sapMCbBg\")]"}
COMMAND: POST /session/a995b82d0df1730148f5e6c1edf10a41/elements - {"using":"xpath","value":"//td[@aria-colindex=\"1\"]/div/div[contains(@class, \"sapMCbBg\")]"}
RESULT: {"using":"xpath","value":"//td[@aria-colindex=\"1\"]/div/div[contains(@class, \"sapMCbBg\")]"}
COMMAND: POST /session/a995b82d0df1730148f5e6c1edf10a41/elements - {"using":"xpath","value":"//td[@aria-colindex=\"1\"]/div/div[contains(@class, \"sapMCbBg\")]"}
RESULT: {"using":"xpath","value":"//td[@aria-colindex=\"1\"]/div/div[contains(@class, \"sapMCbBg\")]"}
COMMAND: POST /session/a995b82d0df1730148f5e6c1edf10a41/elements - {"using":"xpath","value":"//td[@aria-colindex=\"1\"]/div/div[contains(@class, \"sapMCbBg\")]"}
RESULT: {"using":"xpath","value":"//td[@aria-colindex=\"1\"]/div/div[contains(@class, \"sapMCbBg\")]"}
COMMAND: POST /session/a995b82d0df1730148f5e6c1edf10a41/elements - {"using":"xpath","value":"//td[@aria-colindex=\"1\"]/div/div[contains(@class, \"sapMCbBg\")]"}
RESULT: {"using":"xpath","value":"//td[@aria-colindex=\"1\"]/div/div[contains(@class, \"sapMCbBg\")]"}
COMMAND: POST /session/a995b82d0df1730148f5e6c1edf10a41/elements - {"using":"xpath","value":"//td[@aria-colindex=\"1\"]/div/div[contains(@class, \"sapMCbBg\")]"}
RESULT: {"using":"xpath","value":"//td[@aria-colindex=\"1\"]/div/div[contains(@class, \"sapMCbBg\")]"}
COMMAND: POST /session/a995b82d0df1730148f5e6c1edf10a41/elements - {"using":"xpath","value":"//td[@aria-colindex=\"1\"]/div/div[contains(@class, \"sapMCbBg\")]"}
RESULT: {"using":"xpath","value":"//td[@aria-colindex=\"1\"]/div/div[contains(@class, \"sapMCbBg\")]"}
COMMAND: POST /session/a995b82d0df1730148f5e6c1edf10a41/elements - {"using":"xpath","value":"//td[@aria-colindex=\"1\"]/div/div[contains(@class, \"sapMCbBg\")]"}
RESULT: {"using":"xpath","value":"//td[@aria-colindex=\"1\"]/div/div[contains(@class, \"sapMCbBg\")]"}
COMMAND: POST /session/a995b82d0df1730148f5e6c1edf10a41/elements - {"using":"xpath","value":"//td[@aria-colindex=\"1\"]/div/div[contains(@class, \"sapMCbBg\")]"}
RESULT: {"using":"xpath","value":"//td[@aria-colindex=\"1\"]/div/div[contains(@class, \"sapMCbBg\")]"}
COMMAND: POST /session/a995b82d0df1730148f5e6c1edf10a41/elements - {"using":"xpath","value":"//td[@aria-colindex=\"1\"]/div/div[contains(@class, \"sapMCbBg\")]"}
RESULT: {"using":"xpath","value":"//td[@aria-colindex=\"1\"]/div/div[contains(@class, \"sapMCbBg\")]"}
COMMAND: POST /session/a995b82d0df1730148f5e6c1edf10a41/elements - {"using":"xpath","value":"//td[@aria-colindex=\"1\"]/div/div[contains(@class, \"sapMCbBg\")]"}
RESULT: {"using":"xpath","value":"//td[@aria-colindex=\"1\"]/div/div[contains(@class, \"sapMCbBg\")]"}
COMMAND: POST /session/a995b82d0df1730148f5e6c1edf10a41/elements - {"using":"xpath","value":"//td[@aria-colindex=\"1\"]/div/div[contains(@class, \"sapMCbBg\")]"}
RESULT: {"using":"xpath","value":"//td[@aria-colindex=\"1\"]/div/div[contains(@class, \"sapMCbBg\")]"}
COMMAND: POST /session/a995b82d0df1730148f5e6c1edf10a41/elements - {"using":"xpath","value":"//td[@aria-colindex=\"1\"]/div/div[contains(@class, \"sapMCbBg\")]"}
RESULT: {"using":"xpath","value":"//td[@aria-colindex=\"1\"]/div/div[contains(@class, \"sapMCbBg\")]"}
COMMAND: POST /session/a995b82d0df1730148f5e6c1edf10a41/elements - {"using":"xpath","value":"//td[@aria-colindex=\"1\"]/div/div[contains(@class, \"sapMCbBg\")]"}
RESULT: {"using":"xpath","value":"//td[@aria-colindex=\"1\"]/div/div[contains(@class, \"sapMCbBg\")]"}
COMMAND: POST /session/a995b82d0df1730148f5e6c1edf10a41/elements - {"using":"xpath","value":"//td[@aria-colindex=\"1\"]/div/div[contains(@class, \"sapMCbBg\")]"}
RESULT: {"using":"xpath","value":"//td[@aria-colindex=\"1\"]/div/div[contains(@class, \"sapMCbBg\")]"}
COMMAND: POST /session/a995b82d0df1730148f5e6c1edf10a41/elements - {"using":"xpath","value":"//td[@aria-colindex=\"1\"]/div/div[contains(@class, \"sapMCbBg\")]"}
RESULT: {"using":"xpath","value":"//td[@aria-colindex=\"1\"]/div/div[contains(@class, \"sapMCbBg\")]"}
COMMAND: POST /session/a995b82d0df1730148f5e6c1edf10a41/elements - {"using":"xpath","value":"//td[@aria-colindex=\"1\"]/div/div[contains(@class, \"sapMCbBg\")]"}
RESULT: {"using":"xpath","value":"//td[@aria-colindex=\"1\"]/div/div[contains(@class, \"sapMCbBg\")]"}
COMMAND: POST /session/a995b82d0df1730148f5e6c1edf10a41/elements - {"using":"xpath","value":"//td[@aria-colindex=\"1\"]/div/div[contains(@class, \"sapMCbBg\")]"}
RESULT: {"using":"xpath","value":"//td[@aria-colindex=\"1\"]/div/div[contains(@class, \"sapMCbBg\")]"}
COMMAND: POST /session/a995b82d0df1730148f5e6c1edf10a41/elements - {"using":"xpath","value":"//td[@aria-colindex=\"1\"]/div/div[contains(@class, \"sapMCbBg\")]"}
RESULT: {"using":"xpath","value":"//td[@aria-colindex=\"1\"]/div/div[contains(@class, \"sapMCbBg\")]"}
COMMAND: POST /session/a995b82d0df1730148f5e6c1edf10a41/elements - {"using":"xpath","value":"//td[@aria-colindex=\"1\"]/div/div[contains(@class, \"sapMCbBg\")]"}
RESULT: {"using":"xpath","value":"//td[@aria-colindex=\"1\"]/div/div[contains(@class, \"sapMCbBg\")]"}
COMMAND: POST /session/a995b82d0df1730148f5e6c1edf10a41/elements - {"using":"xpath","value":"//td[@aria-colindex=\"1\"]/div/div[contains(@class, \"sapMCbBg\")]"}
RESULT: {"using":"xpath","value":"//td[@aria-colindex=\"1\"]/div/div[contains(@class, \"sapMCbBg\")]"}
COMMAND: POST /session/a995b82d0df1730148f5e6c1edf10a41/elements - {"using":"xpath","value":"//td[@aria-colindex=\"1\"]/div/div[contains(@class, \"sapMCbBg\")]"}
RESULT: {"using":"xpath","value":"//td[@aria-colindex=\"1\"]/div/div[contains(@class, \"sapMCbBg\")]"}
COMMAND: POST /session/a995b82d0df1730148f5e6c1edf10a41/elements - {"using":"xpath","value":"//td[@aria-colindex=\"1\"]/div/div[contains(@class, \"sapMCbBg\")]"}
RESULT: {"using":"xpath","value":"//td[@aria-colindex=\"1\"]/div/div[contains(@class, \"sapMCbBg\")]"}
COMMAND: POST /session/a995b82d0df1730148f5e6c1edf10a41/elements - {"using":"xpath","value":"//td[@aria-colindex=\"1\"]/div/div[contains(@class, \"sapMCbBg\")]"}
RESULT: {"using":"xpath","value":"//td[@aria-colindex=\"1\"]/div/div[contains(@class, \"sapMCbBg\")]"}
COMMAND: POST /session/a995b82d0df1730148f5e6c1edf10a41/elements - {"using":"xpath","value":"//td[@aria-colindex=\"1\"]/div/div[contains(@class, \"sapMCbBg\")]"}
RESULT: {"using":"xpath","value":"//td[@aria-colindex=\"1\"]/div/div[contains(@class, \"sapMCbBg\")]"}
COMMAND: POST /session/a995b82d0df1730148f5e6c1edf10a41/elements - {"using":"xpath","value":"//td[@aria-colindex=\"1\"]/div/div[contains(@class, \"sapMCbBg\")]"}
RESULT: {"using":"xpath","value":"//td[@aria-colindex=\"1\"]/div/div[contains(@class, \"sapMCbBg\")]"}
COMMAND: POST /session/a995b82d0df1730148f5e6c1edf10a41/elements - {"using":"xpath","value":"//td[@aria-colindex=\"1\"]/div/div[contains(@class, \"sapMCbBg\")]"}
RESULT: {"using":"xpath","value":"//td[@aria-colindex=\"1\"]/div/div[contains(@class, \"sapMCbBg\")]"}
COMMAND: POST /session/a995b82d0df1730148f5e6c1edf10a41/elements - {"using":"xpath","value":"//td[@aria-colindex=\"1\"]/div/div[contains(@class, \"sapMCbBg\")]"}
RESULT: {"using":"xpath","value":"//td[@aria-colindex=\"1\"]/div/div[contains(@class, \"sapMCbBg\")]"}
COMMAND: POST /session/a995b82d0df1730148f5e6c1edf10a41/elements - {"using":"xpath","value":"//td[@aria-colindex=\"1\"]/div/div[contains(@class, \"sapMCbBg\")]"}
RESULT: {"using":"xpath","value":"//td[@aria-colindex=\"1\"]/div/div[contains(@class, \"sapMCbBg\")]"}
COMMAND: POST /session/a995b82d0df1730148f5e6c1edf10a41/elements - {"using":"xpath","value":"//td[@aria-colindex=\"1\"]/div/div[contains(@class, \"sapMCbBg\")]"}
RESULT: {"using":"xpath","value":"//td[@aria-colindex=\"1\"]/div/div[contains(@class, \"sapMCbBg\")]"}
COMMAND: POST /session/a995b82d0df1730148f5e6c1edf10a41/elements - {"using":"xpath","value":"//td[@aria-colindex=\"1\"]/div/div[contains(@class, \"sapMCbBg\")]"}
RESULT: {"using":"xpath","value":"//td[@aria-colindex=\"1\"]/div/div[contains(@class, \"sapMCbBg\")]"}
COMMAND: POST /session/a995b82d0df1730148f5e6c1edf10a41/elements - {"using":"xpath","value":"//td[@aria-colindex=\"1\"]/div/div[contains(@class, \"sapMCbBg\")]"}
RESULT: {"using":"xpath","value":"//td[@aria-colindex=\"1\"]/div/div[contains(@class, \"sapMCbBg\")]"}
COMMAND: POST /session/a995b82d0df1730148f5e6c1edf10a41/elements - {"using":"xpath","value":"//td[@aria-colindex=\"1\"]/div/div[contains(@class, \"sapMCbBg\")]"}
RESULT: {"using":"xpath","value":"//td[@aria-colindex=\"1\"]/div/div[contains(@class, \"sapMCbBg\")]"}
COMMAND: POST /session/a995b82d0df1730148f5e6c1edf10a41/elements - {"using":"xpath","value":"//td[@aria-colindex=\"1\"]/div/div[contains(@class, \"sapMCbBg\")]"}
RESULT: {"using":"xpath","value":"//td[@aria-colindex=\"1\"]/div/div[contains(@class, \"sapMCbBg\")]"}
COMMAND: POST /session/a995b82d0df1730148f5e6c1edf10a41/elements - {"using":"xpath","value":"//td[@aria-colindex=\"1\"]/div/div[contains(@class, \"sapMCbBg\")]"}
RESULT: {"using":"xpath","value":"//td[@aria-colindex=\"1\"]/div/div[contains(@class, \"sapMCbBg\")]"}
COMMAND: POST /session/a995b82d0df1730148f5e6c1edf10a41/elements - {"using":"xpath","value":"//td[@aria-colindex=\"1\"]/div/div[contains(@class, \"sapMCbBg\")]"}
RESULT: {"using":"xpath","value":"//td[@aria-colindex=\"1\"]/div/div[contains(@class, \"sapMCbBg\")]"}
COMMAND: POST /session/a995b82d0df1730148f5e6c1edf10a41/elements - {"using":"xpath","value":"//td[@aria-colindex=\"1\"]/div/div[contains(@class, \"sapMCbBg\")]"}
RESULT: {"using":"xpath","value":"//td[@aria-colindex=\"1\"]/div/div[contains(@class, \"sapMCbBg\")]"}
COMMAND: POST /session/a995b82d0df1730148f5e6c1edf10a41/elements - {"using":"xpath","value":"//td[@aria-colindex=\"1\"]/div/div[contains(@class, \"sapMCbBg\")]"}
RESULT: {"using":"xpath","value":"//td[@aria-colindex=\"1\"]/div/div[contains(@class, \"sapMCbBg\")]"}
COMMAND: POST /session/a995b82d0df1730148f5e6c1edf10a41/elements - {"using":"xpath","value":"//td[@aria-colindex=\"1\"]/div/div[contains(@class, \"sapMCbBg\")]"}
RESULT: {"using":"xpath","value":"//td[@aria-colindex=\"1\"]/div/div[contains(@class, \"sapMCbBg\")]"}
COMMAND: POST /session/a995b82d0df1730148f5e6c1edf10a41/elements - {"using":"xpath","value":"//td[@aria-colindex=\"1\"]/div/div[contains(@class, \"sapMCbBg\")]"}
RESULT: {"using":"xpath","value":"//td[@aria-colindex=\"1\"]/div/div[contains(@class, \"sapMCbBg\")]"}
COMMAND: GET /session/a995b82d0df1730148f5e6c1edf10a41/screenshot - {}
RESULT: {}
]]></system-out>
      <system-err><![CDATA[
Error: Can't call click on element with selector "//td[@aria-colindex="1"]/div/div[contains(@class, "sapMCbBg")]" because element wasn't found
    at async UtilsPrerequisites.manageBillingsTriggerCalculation (D:\a\1\s\test\specs\BTS\prerequisites-and-utils-functions.js:2750:9)
    at async Context.<anonymous> (D:\a\1\s\test\specs\BTS\billing-transfer.spec.js:75:9)
]]></system-err>
    </testcase>
    <testcase classname="chrome.136_0_7103_93.windows.Billing_transfer_US117289" name="Should trigger Billing Transfer process all the way to completion" time="56.826">
      <failure/>
      <error message="element (&quot;//input[contains(@id ,&quot;application-billingtransfer-display-component---billingWorkbench--smartFilterBar-btnBasicSearch&quot;)]&quot;) still not existing after 45000ms"/>
      <system-out><![CDATA[
COMMAND: GET /session/a995b82d0df1730148f5e6c1edf10a41/screenshot - {}
COMMAND: POST /session/a995b82d0df1730148f5e6c1edf10a41/execute/async - {"script":"<script> [1562 bytes]","args":[{"selector":{"controlType":"sap.m.GenericTile","properties":{"header":"Billing Transfer"}},"wdio_ui5_key":"sapm.GenericTile{\"header\":\"Billing Transfer\"}"}]}
RESULT: {}
RESULT: {"script":"<script> [1562 bytes]","args":[{"selector":{"controlType":"sap.m.GenericTile","properties":{"header":"Billing Transfer"}},"wdio_ui5_key":"sapm.GenericTile{\"header\":\"Billing Transfer\"}"}]}
RESULT: undefined
COMMAND: POST /session/a995b82d0df1730148f5e6c1edf10a41/elements - {"using":"xpath","value":"//span[text()='Error']"}
RESULT: {"using":"xpath","value":"//span[text()='Error']"}
COMMAND: POST /session/a995b82d0df1730148f5e6c1edf10a41/element - {"using":"xpath","value":"//input[contains(@id ,\"application-billingtransfer-display-component---billingWorkbench--smartFilterBar-btnBasicSearch\")]"}
RESULT: {"using":"xpath","value":"//input[contains(@id ,\"application-billingtransfer-display-component---billingWorkbench--smartFilterBar-btnBasicSearch\")]"}
COMMAND: POST /session/a995b82d0df1730148f5e6c1edf10a41/elements - {"using":"xpath","value":"//input[contains(@id ,\"application-billingtransfer-display-component---billingWorkbench--smartFilterBar-btnBasicSearch\")]"}
RESULT: {"using":"xpath","value":"//input[contains(@id ,\"application-billingtransfer-display-component---billingWorkbench--smartFilterBar-btnBasicSearch\")]"}
COMMAND: POST /session/a995b82d0df1730148f5e6c1edf10a41/elements - {"using":"xpath","value":"//input[contains(@id ,\"application-billingtransfer-display-component---billingWorkbench--smartFilterBar-btnBasicSearch\")]"}
RESULT: {"using":"xpath","value":"//input[contains(@id ,\"application-billingtransfer-display-component---billingWorkbench--smartFilterBar-btnBasicSearch\")]"}
COMMAND: POST /session/a995b82d0df1730148f5e6c1edf10a41/elements - {"using":"xpath","value":"//input[contains(@id ,\"application-billingtransfer-display-component---billingWorkbench--smartFilterBar-btnBasicSearch\")]"}
RESULT: {"using":"xpath","value":"//input[contains(@id ,\"application-billingtransfer-display-component---billingWorkbench--smartFilterBar-btnBasicSearch\")]"}
COMMAND: POST /session/a995b82d0df1730148f5e6c1edf10a41/elements - {"using":"xpath","value":"//input[contains(@id ,\"application-billingtransfer-display-component---billingWorkbench--smartFilterBar-btnBasicSearch\")]"}
RESULT: {"using":"xpath","value":"//input[contains(@id ,\"application-billingtransfer-display-component---billingWorkbench--smartFilterBar-btnBasicSearch\")]"}
COMMAND: POST /session/a995b82d0df1730148f5e6c1edf10a41/elements - {"using":"xpath","value":"//input[contains(@id ,\"application-billingtransfer-display-component---billingWorkbench--smartFilterBar-btnBasicSearch\")]"}
RESULT: {"using":"xpath","value":"//input[contains(@id ,\"application-billingtransfer-display-component---billingWorkbench--smartFilterBar-btnBasicSearch\")]"}
COMMAND: POST /session/a995b82d0df1730148f5e6c1edf10a41/elements - {"using":"xpath","value":"//input[contains(@id ,\"application-billingtransfer-display-component---billingWorkbench--smartFilterBar-btnBasicSearch\")]"}
RESULT: {"using":"xpath","value":"//input[contains(@id ,\"application-billingtransfer-display-component---billingWorkbench--smartFilterBar-btnBasicSearch\")]"}
COMMAND: POST /session/a995b82d0df1730148f5e6c1edf10a41/elements - {"using":"xpath","value":"//input[contains(@id ,\"application-billingtransfer-display-component---billingWorkbench--smartFilterBar-btnBasicSearch\")]"}
RESULT: {"using":"xpath","value":"//input[contains(@id ,\"application-billingtransfer-display-component---billingWorkbench--smartFilterBar-btnBasicSearch\")]"}
COMMAND: POST /session/a995b82d0df1730148f5e6c1edf10a41/elements - {"using":"xpath","value":"//input[contains(@id ,\"application-billingtransfer-display-component---billingWorkbench--smartFilterBar-btnBasicSearch\")]"}
RESULT: {"using":"xpath","value":"//input[contains(@id ,\"application-billingtransfer-display-component---billingWorkbench--smartFilterBar-btnBasicSearch\")]"}
COMMAND: POST /session/a995b82d0df1730148f5e6c1edf10a41/elements - {"using":"xpath","value":"//input[contains(@id ,\"application-billingtransfer-display-component---billingWorkbench--smartFilterBar-btnBasicSearch\")]"}
RESULT: {"using":"xpath","value":"//input[contains(@id ,\"application-billingtransfer-display-component---billingWorkbench--smartFilterBar-btnBasicSearch\")]"}
COMMAND: POST /session/a995b82d0df1730148f5e6c1edf10a41/elements - {"using":"xpath","value":"//input[contains(@id ,\"application-billingtransfer-display-component---billingWorkbench--smartFilterBar-btnBasicSearch\")]"}
RESULT: {"using":"xpath","value":"//input[contains(@id ,\"application-billingtransfer-display-component---billingWorkbench--smartFilterBar-btnBasicSearch\")]"}
COMMAND: POST /session/a995b82d0df1730148f5e6c1edf10a41/elements - {"using":"xpath","value":"//input[contains(@id ,\"application-billingtransfer-display-component---billingWorkbench--smartFilterBar-btnBasicSearch\")]"}
RESULT: {"using":"xpath","value":"//input[contains(@id ,\"application-billingtransfer-display-component---billingWorkbench--smartFilterBar-btnBasicSearch\")]"}
COMMAND: POST /session/a995b82d0df1730148f5e6c1edf10a41/elements - {"using":"xpath","value":"//input[contains(@id ,\"application-billingtransfer-display-component---billingWorkbench--smartFilterBar-btnBasicSearch\")]"}
RESULT: {"using":"xpath","value":"//input[contains(@id ,\"application-billingtransfer-display-component---billingWorkbench--smartFilterBar-btnBasicSearch\")]"}
COMMAND: POST /session/a995b82d0df1730148f5e6c1edf10a41/elements - {"using":"xpath","value":"//input[contains(@id ,\"application-billingtransfer-display-component---billingWorkbench--smartFilterBar-btnBasicSearch\")]"}
RESULT: {"using":"xpath","value":"//input[contains(@id ,\"application-billingtransfer-display-component---billingWorkbench--smartFilterBar-btnBasicSearch\")]"}
COMMAND: POST /session/a995b82d0df1730148f5e6c1edf10a41/elements - {"using":"xpath","value":"//input[contains(@id ,\"application-billingtransfer-display-component---billingWorkbench--smartFilterBar-btnBasicSearch\")]"}
RESULT: {"using":"xpath","value":"//input[contains(@id ,\"application-billingtransfer-display-component---billingWorkbench--smartFilterBar-btnBasicSearch\")]"}
COMMAND: POST /session/a995b82d0df1730148f5e6c1edf10a41/elements - {"using":"xpath","value":"//input[contains(@id ,\"application-billingtransfer-display-component---billingWorkbench--smartFilterBar-btnBasicSearch\")]"}
RESULT: {"using":"xpath","value":"//input[contains(@id ,\"application-billingtransfer-display-component---billingWorkbench--smartFilterBar-btnBasicSearch\")]"}
COMMAND: POST /session/a995b82d0df1730148f5e6c1edf10a41/elements - {"using":"xpath","value":"//input[contains(@id ,\"application-billingtransfer-display-component---billingWorkbench--smartFilterBar-btnBasicSearch\")]"}
RESULT: {"using":"xpath","value":"//input[contains(@id ,\"application-billingtransfer-display-component---billingWorkbench--smartFilterBar-btnBasicSearch\")]"}
COMMAND: POST /session/a995b82d0df1730148f5e6c1edf10a41/elements - {"using":"xpath","value":"//input[contains(@id ,\"application-billingtransfer-display-component---billingWorkbench--smartFilterBar-btnBasicSearch\")]"}
RESULT: {"using":"xpath","value":"//input[contains(@id ,\"application-billingtransfer-display-component---billingWorkbench--smartFilterBar-btnBasicSearch\")]"}
COMMAND: POST /session/a995b82d0df1730148f5e6c1edf10a41/elements - {"using":"xpath","value":"//input[contains(@id ,\"application-billingtransfer-display-component---billingWorkbench--smartFilterBar-btnBasicSearch\")]"}
RESULT: {"using":"xpath","value":"//input[contains(@id ,\"application-billingtransfer-display-component---billingWorkbench--smartFilterBar-btnBasicSearch\")]"}
COMMAND: POST /session/a995b82d0df1730148f5e6c1edf10a41/elements - {"using":"xpath","value":"//input[contains(@id ,\"application-billingtransfer-display-component---billingWorkbench--smartFilterBar-btnBasicSearch\")]"}
RESULT: {"using":"xpath","value":"//input[contains(@id ,\"application-billingtransfer-display-component---billingWorkbench--smartFilterBar-btnBasicSearch\")]"}
COMMAND: POST /session/a995b82d0df1730148f5e6c1edf10a41/elements - {"using":"xpath","value":"//input[contains(@id ,\"application-billingtransfer-display-component---billingWorkbench--smartFilterBar-btnBasicSearch\")]"}
RESULT: {"using":"xpath","value":"//input[contains(@id ,\"application-billingtransfer-display-component---billingWorkbench--smartFilterBar-btnBasicSearch\")]"}
COMMAND: POST /session/a995b82d0df1730148f5e6c1edf10a41/elements - {"using":"xpath","value":"//input[contains(@id ,\"application-billingtransfer-display-component---billingWorkbench--smartFilterBar-btnBasicSearch\")]"}
RESULT: {"using":"xpath","value":"//input[contains(@id ,\"application-billingtransfer-display-component---billingWorkbench--smartFilterBar-btnBasicSearch\")]"}
COMMAND: POST /session/a995b82d0df1730148f5e6c1edf10a41/elements - {"using":"xpath","value":"//input[contains(@id ,\"application-billingtransfer-display-component---billingWorkbench--smartFilterBar-btnBasicSearch\")]"}
RESULT: {"using":"xpath","value":"//input[contains(@id ,\"application-billingtransfer-display-component---billingWorkbench--smartFilterBar-btnBasicSearch\")]"}
COMMAND: POST /session/a995b82d0df1730148f5e6c1edf10a41/elements - {"using":"xpath","value":"//input[contains(@id ,\"application-billingtransfer-display-component---billingWorkbench--smartFilterBar-btnBasicSearch\")]"}
RESULT: {"using":"xpath","value":"//input[contains(@id ,\"application-billingtransfer-display-component---billingWorkbench--smartFilterBar-btnBasicSearch\")]"}
COMMAND: POST /session/a995b82d0df1730148f5e6c1edf10a41/elements - {"using":"xpath","value":"//input[contains(@id ,\"application-billingtransfer-display-component---billingWorkbench--smartFilterBar-btnBasicSearch\")]"}
RESULT: {"using":"xpath","value":"//input[contains(@id ,\"application-billingtransfer-display-component---billingWorkbench--smartFilterBar-btnBasicSearch\")]"}
COMMAND: POST /session/a995b82d0df1730148f5e6c1edf10a41/elements - {"using":"xpath","value":"//input[contains(@id ,\"application-billingtransfer-display-component---billingWorkbench--smartFilterBar-btnBasicSearch\")]"}
RESULT: {"using":"xpath","value":"//input[contains(@id ,\"application-billingtransfer-display-component---billingWorkbench--smartFilterBar-btnBasicSearch\")]"}
COMMAND: POST /session/a995b82d0df1730148f5e6c1edf10a41/elements - {"using":"xpath","value":"//input[contains(@id ,\"application-billingtransfer-display-component---billingWorkbench--smartFilterBar-btnBasicSearch\")]"}
RESULT: {"using":"xpath","value":"//input[contains(@id ,\"application-billingtransfer-display-component---billingWorkbench--smartFilterBar-btnBasicSearch\")]"}
COMMAND: POST /session/a995b82d0df1730148f5e6c1edf10a41/elements - {"using":"xpath","value":"//input[contains(@id ,\"application-billingtransfer-display-component---billingWorkbench--smartFilterBar-btnBasicSearch\")]"}
RESULT: {"using":"xpath","value":"//input[contains(@id ,\"application-billingtransfer-display-component---billingWorkbench--smartFilterBar-btnBasicSearch\")]"}
COMMAND: POST /session/a995b82d0df1730148f5e6c1edf10a41/elements - {"using":"xpath","value":"//input[contains(@id ,\"application-billingtransfer-display-component---billingWorkbench--smartFilterBar-btnBasicSearch\")]"}
RESULT: {"using":"xpath","value":"//input[contains(@id ,\"application-billingtransfer-display-component---billingWorkbench--smartFilterBar-btnBasicSearch\")]"}
COMMAND: POST /session/a995b82d0df1730148f5e6c1edf10a41/elements - {"using":"xpath","value":"//input[contains(@id ,\"application-billingtransfer-display-component---billingWorkbench--smartFilterBar-btnBasicSearch\")]"}
RESULT: {"using":"xpath","value":"//input[contains(@id ,\"application-billingtransfer-display-component---billingWorkbench--smartFilterBar-btnBasicSearch\")]"}
COMMAND: POST /session/a995b82d0df1730148f5e6c1edf10a41/elements - {"using":"xpath","value":"//input[contains(@id ,\"application-billingtransfer-display-component---billingWorkbench--smartFilterBar-btnBasicSearch\")]"}
RESULT: {"using":"xpath","value":"//input[contains(@id ,\"application-billingtransfer-display-component---billingWorkbench--smartFilterBar-btnBasicSearch\")]"}
COMMAND: POST /session/a995b82d0df1730148f5e6c1edf10a41/elements - {"using":"xpath","value":"//input[contains(@id ,\"application-billingtransfer-display-component---billingWorkbench--smartFilterBar-btnBasicSearch\")]"}
RESULT: {"using":"xpath","value":"//input[contains(@id ,\"application-billingtransfer-display-component---billingWorkbench--smartFilterBar-btnBasicSearch\")]"}
COMMAND: POST /session/a995b82d0df1730148f5e6c1edf10a41/elements - {"using":"xpath","value":"//input[contains(@id ,\"application-billingtransfer-display-component---billingWorkbench--smartFilterBar-btnBasicSearch\")]"}
RESULT: {"using":"xpath","value":"//input[contains(@id ,\"application-billingtransfer-display-component---billingWorkbench--smartFilterBar-btnBasicSearch\")]"}
COMMAND: POST /session/a995b82d0df1730148f5e6c1edf10a41/elements - {"using":"xpath","value":"//input[contains(@id ,\"application-billingtransfer-display-component---billingWorkbench--smartFilterBar-btnBasicSearch\")]"}
RESULT: {"using":"xpath","value":"//input[contains(@id ,\"application-billingtransfer-display-component---billingWorkbench--smartFilterBar-btnBasicSearch\")]"}
COMMAND: POST /session/a995b82d0df1730148f5e6c1edf10a41/elements - {"using":"xpath","value":"//input[contains(@id ,\"application-billingtransfer-display-component---billingWorkbench--smartFilterBar-btnBasicSearch\")]"}
RESULT: {"using":"xpath","value":"//input[contains(@id ,\"application-billingtransfer-display-component---billingWorkbench--smartFilterBar-btnBasicSearch\")]"}
COMMAND: POST /session/a995b82d0df1730148f5e6c1edf10a41/elements - {"using":"xpath","value":"//input[contains(@id ,\"application-billingtransfer-display-component---billingWorkbench--smartFilterBar-btnBasicSearch\")]"}
RESULT: {"using":"xpath","value":"//input[contains(@id ,\"application-billingtransfer-display-component---billingWorkbench--smartFilterBar-btnBasicSearch\")]"}
COMMAND: POST /session/a995b82d0df1730148f5e6c1edf10a41/elements - {"using":"xpath","value":"//input[contains(@id ,\"application-billingtransfer-display-component---billingWorkbench--smartFilterBar-btnBasicSearch\")]"}
RESULT: {"using":"xpath","value":"//input[contains(@id ,\"application-billingtransfer-display-component---billingWorkbench--smartFilterBar-btnBasicSearch\")]"}
COMMAND: POST /session/a995b82d0df1730148f5e6c1edf10a41/elements - {"using":"xpath","value":"//input[contains(@id ,\"application-billingtransfer-display-component---billingWorkbench--smartFilterBar-btnBasicSearch\")]"}
RESULT: {"using":"xpath","value":"//input[contains(@id ,\"application-billingtransfer-display-component---billingWorkbench--smartFilterBar-btnBasicSearch\")]"}
COMMAND: POST /session/a995b82d0df1730148f5e6c1edf10a41/elements - {"using":"xpath","value":"//input[contains(@id ,\"application-billingtransfer-display-component---billingWorkbench--smartFilterBar-btnBasicSearch\")]"}
RESULT: {"using":"xpath","value":"//input[contains(@id ,\"application-billingtransfer-display-component---billingWorkbench--smartFilterBar-btnBasicSearch\")]"}
COMMAND: POST /session/a995b82d0df1730148f5e6c1edf10a41/elements - {"using":"xpath","value":"//input[contains(@id ,\"application-billingtransfer-display-component---billingWorkbench--smartFilterBar-btnBasicSearch\")]"}
RESULT: {"using":"xpath","value":"//input[contains(@id ,\"application-billingtransfer-display-component---billingWorkbench--smartFilterBar-btnBasicSearch\")]"}
COMMAND: POST /session/a995b82d0df1730148f5e6c1edf10a41/elements - {"using":"xpath","value":"//input[contains(@id ,\"application-billingtransfer-display-component---billingWorkbench--smartFilterBar-btnBasicSearch\")]"}
RESULT: {"using":"xpath","value":"//input[contains(@id ,\"application-billingtransfer-display-component---billingWorkbench--smartFilterBar-btnBasicSearch\")]"}
COMMAND: POST /session/a995b82d0df1730148f5e6c1edf10a41/elements - {"using":"xpath","value":"//input[contains(@id ,\"application-billingtransfer-display-component---billingWorkbench--smartFilterBar-btnBasicSearch\")]"}
RESULT: {"using":"xpath","value":"//input[contains(@id ,\"application-billingtransfer-display-component---billingWorkbench--smartFilterBar-btnBasicSearch\")]"}
COMMAND: POST /session/a995b82d0df1730148f5e6c1edf10a41/elements - {"using":"xpath","value":"//input[contains(@id ,\"application-billingtransfer-display-component---billingWorkbench--smartFilterBar-btnBasicSearch\")]"}
RESULT: {"using":"xpath","value":"//input[contains(@id ,\"application-billingtransfer-display-component---billingWorkbench--smartFilterBar-btnBasicSearch\")]"}
COMMAND: POST /session/a995b82d0df1730148f5e6c1edf10a41/elements - {"using":"xpath","value":"//input[contains(@id ,\"application-billingtransfer-display-component---billingWorkbench--smartFilterBar-btnBasicSearch\")]"}
RESULT: {"using":"xpath","value":"//input[contains(@id ,\"application-billingtransfer-display-component---billingWorkbench--smartFilterBar-btnBasicSearch\")]"}
COMMAND: POST /session/a995b82d0df1730148f5e6c1edf10a41/elements - {"using":"xpath","value":"//input[contains(@id ,\"application-billingtransfer-display-component---billingWorkbench--smartFilterBar-btnBasicSearch\")]"}
RESULT: {"using":"xpath","value":"//input[contains(@id ,\"application-billingtransfer-display-component---billingWorkbench--smartFilterBar-btnBasicSearch\")]"}
COMMAND: POST /session/a995b82d0df1730148f5e6c1edf10a41/elements - {"using":"xpath","value":"//input[contains(@id ,\"application-billingtransfer-display-component---billingWorkbench--smartFilterBar-btnBasicSearch\")]"}
RESULT: {"using":"xpath","value":"//input[contains(@id ,\"application-billingtransfer-display-component---billingWorkbench--smartFilterBar-btnBasicSearch\")]"}
COMMAND: POST /session/a995b82d0df1730148f5e6c1edf10a41/elements - {"using":"xpath","value":"//input[contains(@id ,\"application-billingtransfer-display-component---billingWorkbench--smartFilterBar-btnBasicSearch\")]"}
RESULT: {"using":"xpath","value":"//input[contains(@id ,\"application-billingtransfer-display-component---billingWorkbench--smartFilterBar-btnBasicSearch\")]"}
COMMAND: POST /session/a995b82d0df1730148f5e6c1edf10a41/elements - {"using":"xpath","value":"//input[contains(@id ,\"application-billingtransfer-display-component---billingWorkbench--smartFilterBar-btnBasicSearch\")]"}
RESULT: {"using":"xpath","value":"//input[contains(@id ,\"application-billingtransfer-display-component---billingWorkbench--smartFilterBar-btnBasicSearch\")]"}
COMMAND: POST /session/a995b82d0df1730148f5e6c1edf10a41/elements - {"using":"xpath","value":"//input[contains(@id ,\"application-billingtransfer-display-component---billingWorkbench--smartFilterBar-btnBasicSearch\")]"}
RESULT: {"using":"xpath","value":"//input[contains(@id ,\"application-billingtransfer-display-component---billingWorkbench--smartFilterBar-btnBasicSearch\")]"}
COMMAND: POST /session/a995b82d0df1730148f5e6c1edf10a41/elements - {"using":"xpath","value":"//input[contains(@id ,\"application-billingtransfer-display-component---billingWorkbench--smartFilterBar-btnBasicSearch\")]"}
RESULT: {"using":"xpath","value":"//input[contains(@id ,\"application-billingtransfer-display-component---billingWorkbench--smartFilterBar-btnBasicSearch\")]"}
COMMAND: POST /session/a995b82d0df1730148f5e6c1edf10a41/elements - {"using":"xpath","value":"//input[contains(@id ,\"application-billingtransfer-display-component---billingWorkbench--smartFilterBar-btnBasicSearch\")]"}
RESULT: {"using":"xpath","value":"//input[contains(@id ,\"application-billingtransfer-display-component---billingWorkbench--smartFilterBar-btnBasicSearch\")]"}
COMMAND: POST /session/a995b82d0df1730148f5e6c1edf10a41/elements - {"using":"xpath","value":"//input[contains(@id ,\"application-billingtransfer-display-component---billingWorkbench--smartFilterBar-btnBasicSearch\")]"}
RESULT: {"using":"xpath","value":"//input[contains(@id ,\"application-billingtransfer-display-component---billingWorkbench--smartFilterBar-btnBasicSearch\")]"}
COMMAND: POST /session/a995b82d0df1730148f5e6c1edf10a41/elements - {"using":"xpath","value":"//input[contains(@id ,\"application-billingtransfer-display-component---billingWorkbench--smartFilterBar-btnBasicSearch\")]"}
RESULT: {"using":"xpath","value":"//input[contains(@id ,\"application-billingtransfer-display-component---billingWorkbench--smartFilterBar-btnBasicSearch\")]"}
COMMAND: POST /session/a995b82d0df1730148f5e6c1edf10a41/elements - {"using":"xpath","value":"//input[contains(@id ,\"application-billingtransfer-display-component---billingWorkbench--smartFilterBar-btnBasicSearch\")]"}
RESULT: {"using":"xpath","value":"//input[contains(@id ,\"application-billingtransfer-display-component---billingWorkbench--smartFilterBar-btnBasicSearch\")]"}
COMMAND: POST /session/a995b82d0df1730148f5e6c1edf10a41/elements - {"using":"xpath","value":"//input[contains(@id ,\"application-billingtransfer-display-component---billingWorkbench--smartFilterBar-btnBasicSearch\")]"}
RESULT: {"using":"xpath","value":"//input[contains(@id ,\"application-billingtransfer-display-component---billingWorkbench--smartFilterBar-btnBasicSearch\")]"}
COMMAND: POST /session/a995b82d0df1730148f5e6c1edf10a41/elements - {"using":"xpath","value":"//input[contains(@id ,\"application-billingtransfer-display-component---billingWorkbench--smartFilterBar-btnBasicSearch\")]"}
RESULT: {"using":"xpath","value":"//input[contains(@id ,\"application-billingtransfer-display-component---billingWorkbench--smartFilterBar-btnBasicSearch\")]"}
COMMAND: POST /session/a995b82d0df1730148f5e6c1edf10a41/elements - {"using":"xpath","value":"//input[contains(@id ,\"application-billingtransfer-display-component---billingWorkbench--smartFilterBar-btnBasicSearch\")]"}
RESULT: {"using":"xpath","value":"//input[contains(@id ,\"application-billingtransfer-display-component---billingWorkbench--smartFilterBar-btnBasicSearch\")]"}
COMMAND: POST /session/a995b82d0df1730148f5e6c1edf10a41/elements - {"using":"xpath","value":"//input[contains(@id ,\"application-billingtransfer-display-component---billingWorkbench--smartFilterBar-btnBasicSearch\")]"}
RESULT: {"using":"xpath","value":"//input[contains(@id ,\"application-billingtransfer-display-component---billingWorkbench--smartFilterBar-btnBasicSearch\")]"}
COMMAND: POST /session/a995b82d0df1730148f5e6c1edf10a41/elements - {"using":"xpath","value":"//input[contains(@id ,\"application-billingtransfer-display-component---billingWorkbench--smartFilterBar-btnBasicSearch\")]"}
RESULT: {"using":"xpath","value":"//input[contains(@id ,\"application-billingtransfer-display-component---billingWorkbench--smartFilterBar-btnBasicSearch\")]"}
COMMAND: POST /session/a995b82d0df1730148f5e6c1edf10a41/elements - {"using":"xpath","value":"//input[contains(@id ,\"application-billingtransfer-display-component---billingWorkbench--smartFilterBar-btnBasicSearch\")]"}
RESULT: {"using":"xpath","value":"//input[contains(@id ,\"application-billingtransfer-display-component---billingWorkbench--smartFilterBar-btnBasicSearch\")]"}
COMMAND: POST /session/a995b82d0df1730148f5e6c1edf10a41/elements - {"using":"xpath","value":"//input[contains(@id ,\"application-billingtransfer-display-component---billingWorkbench--smartFilterBar-btnBasicSearch\")]"}
RESULT: {"using":"xpath","value":"//input[contains(@id ,\"application-billingtransfer-display-component---billingWorkbench--smartFilterBar-btnBasicSearch\")]"}
COMMAND: POST /session/a995b82d0df1730148f5e6c1edf10a41/elements - {"using":"xpath","value":"//input[contains(@id ,\"application-billingtransfer-display-component---billingWorkbench--smartFilterBar-btnBasicSearch\")]"}
RESULT: {"using":"xpath","value":"//input[contains(@id ,\"application-billingtransfer-display-component---billingWorkbench--smartFilterBar-btnBasicSearch\")]"}
COMMAND: POST /session/a995b82d0df1730148f5e6c1edf10a41/elements - {"using":"xpath","value":"//input[contains(@id ,\"application-billingtransfer-display-component---billingWorkbench--smartFilterBar-btnBasicSearch\")]"}
RESULT: {"using":"xpath","value":"//input[contains(@id ,\"application-billingtransfer-display-component---billingWorkbench--smartFilterBar-btnBasicSearch\")]"}
COMMAND: POST /session/a995b82d0df1730148f5e6c1edf10a41/elements - {"using":"xpath","value":"//input[contains(@id ,\"application-billingtransfer-display-component---billingWorkbench--smartFilterBar-btnBasicSearch\")]"}
RESULT: {"using":"xpath","value":"//input[contains(@id ,\"application-billingtransfer-display-component---billingWorkbench--smartFilterBar-btnBasicSearch\")]"}
COMMAND: POST /session/a995b82d0df1730148f5e6c1edf10a41/elements - {"using":"xpath","value":"//input[contains(@id ,\"application-billingtransfer-display-component---billingWorkbench--smartFilterBar-btnBasicSearch\")]"}
RESULT: {"using":"xpath","value":"//input[contains(@id ,\"application-billingtransfer-display-component---billingWorkbench--smartFilterBar-btnBasicSearch\")]"}
COMMAND: POST /session/a995b82d0df1730148f5e6c1edf10a41/elements - {"using":"xpath","value":"//input[contains(@id ,\"application-billingtransfer-display-component---billingWorkbench--smartFilterBar-btnBasicSearch\")]"}
RESULT: {"using":"xpath","value":"//input[contains(@id ,\"application-billingtransfer-display-component---billingWorkbench--smartFilterBar-btnBasicSearch\")]"}
COMMAND: POST /session/a995b82d0df1730148f5e6c1edf10a41/elements - {"using":"xpath","value":"//input[contains(@id ,\"application-billingtransfer-display-component---billingWorkbench--smartFilterBar-btnBasicSearch\")]"}
RESULT: {"using":"xpath","value":"//input[contains(@id ,\"application-billingtransfer-display-component---billingWorkbench--smartFilterBar-btnBasicSearch\")]"}
COMMAND: POST /session/a995b82d0df1730148f5e6c1edf10a41/elements - {"using":"xpath","value":"//input[contains(@id ,\"application-billingtransfer-display-component---billingWorkbench--smartFilterBar-btnBasicSearch\")]"}
RESULT: {"using":"xpath","value":"//input[contains(@id ,\"application-billingtransfer-display-component---billingWorkbench--smartFilterBar-btnBasicSearch\")]"}
COMMAND: POST /session/a995b82d0df1730148f5e6c1edf10a41/elements - {"using":"xpath","value":"//input[contains(@id ,\"application-billingtransfer-display-component---billingWorkbench--smartFilterBar-btnBasicSearch\")]"}
RESULT: {"using":"xpath","value":"//input[contains(@id ,\"application-billingtransfer-display-component---billingWorkbench--smartFilterBar-btnBasicSearch\")]"}
COMMAND: POST /session/a995b82d0df1730148f5e6c1edf10a41/elements - {"using":"xpath","value":"//input[contains(@id ,\"application-billingtransfer-display-component---billingWorkbench--smartFilterBar-btnBasicSearch\")]"}
RESULT: {"using":"xpath","value":"//input[contains(@id ,\"application-billingtransfer-display-component---billingWorkbench--smartFilterBar-btnBasicSearch\")]"}
COMMAND: POST /session/a995b82d0df1730148f5e6c1edf10a41/elements - {"using":"xpath","value":"//input[contains(@id ,\"application-billingtransfer-display-component---billingWorkbench--smartFilterBar-btnBasicSearch\")]"}
RESULT: {"using":"xpath","value":"//input[contains(@id ,\"application-billingtransfer-display-component---billingWorkbench--smartFilterBar-btnBasicSearch\")]"}
COMMAND: POST /session/a995b82d0df1730148f5e6c1edf10a41/elements - {"using":"xpath","value":"//input[contains(@id ,\"application-billingtransfer-display-component---billingWorkbench--smartFilterBar-btnBasicSearch\")]"}
RESULT: {"using":"xpath","value":"//input[contains(@id ,\"application-billingtransfer-display-component---billingWorkbench--smartFilterBar-btnBasicSearch\")]"}
COMMAND: POST /session/a995b82d0df1730148f5e6c1edf10a41/elements - {"using":"xpath","value":"//input[contains(@id ,\"application-billingtransfer-display-component---billingWorkbench--smartFilterBar-btnBasicSearch\")]"}
RESULT: {"using":"xpath","value":"//input[contains(@id ,\"application-billingtransfer-display-component---billingWorkbench--smartFilterBar-btnBasicSearch\")]"}
COMMAND: POST /session/a995b82d0df1730148f5e6c1edf10a41/elements - {"using":"xpath","value":"//input[contains(@id ,\"application-billingtransfer-display-component---billingWorkbench--smartFilterBar-btnBasicSearch\")]"}
RESULT: {"using":"xpath","value":"//input[contains(@id ,\"application-billingtransfer-display-component---billingWorkbench--smartFilterBar-btnBasicSearch\")]"}
COMMAND: POST /session/a995b82d0df1730148f5e6c1edf10a41/elements - {"using":"xpath","value":"//input[contains(@id ,\"application-billingtransfer-display-component---billingWorkbench--smartFilterBar-btnBasicSearch\")]"}
RESULT: {"using":"xpath","value":"//input[contains(@id ,\"application-billingtransfer-display-component---billingWorkbench--smartFilterBar-btnBasicSearch\")]"}
COMMAND: POST /session/a995b82d0df1730148f5e6c1edf10a41/elements - {"using":"xpath","value":"//input[contains(@id ,\"application-billingtransfer-display-component---billingWorkbench--smartFilterBar-btnBasicSearch\")]"}
RESULT: {"using":"xpath","value":"//input[contains(@id ,\"application-billingtransfer-display-component---billingWorkbench--smartFilterBar-btnBasicSearch\")]"}
COMMAND: POST /session/a995b82d0df1730148f5e6c1edf10a41/elements - {"using":"xpath","value":"//input[contains(@id ,\"application-billingtransfer-display-component---billingWorkbench--smartFilterBar-btnBasicSearch\")]"}
RESULT: {"using":"xpath","value":"//input[contains(@id ,\"application-billingtransfer-display-component---billingWorkbench--smartFilterBar-btnBasicSearch\")]"}
COMMAND: POST /session/a995b82d0df1730148f5e6c1edf10a41/elements - {"using":"xpath","value":"//input[contains(@id ,\"application-billingtransfer-display-component---billingWorkbench--smartFilterBar-btnBasicSearch\")]"}
RESULT: {"using":"xpath","value":"//input[contains(@id ,\"application-billingtransfer-display-component---billingWorkbench--smartFilterBar-btnBasicSearch\")]"}
COMMAND: POST /session/a995b82d0df1730148f5e6c1edf10a41/elements - {"using":"xpath","value":"//input[contains(@id ,\"application-billingtransfer-display-component---billingWorkbench--smartFilterBar-btnBasicSearch\")]"}
RESULT: {"using":"xpath","value":"//input[contains(@id ,\"application-billingtransfer-display-component---billingWorkbench--smartFilterBar-btnBasicSearch\")]"}
COMMAND: POST /session/a995b82d0df1730148f5e6c1edf10a41/elements - {"using":"xpath","value":"//input[contains(@id ,\"application-billingtransfer-display-component---billingWorkbench--smartFilterBar-btnBasicSearch\")]"}
RESULT: {"using":"xpath","value":"//input[contains(@id ,\"application-billingtransfer-display-component---billingWorkbench--smartFilterBar-btnBasicSearch\")]"}
COMMAND: POST /session/a995b82d0df1730148f5e6c1edf10a41/elements - {"using":"xpath","value":"//input[contains(@id ,\"application-billingtransfer-display-component---billingWorkbench--smartFilterBar-btnBasicSearch\")]"}
RESULT: {"using":"xpath","value":"//input[contains(@id ,\"application-billingtransfer-display-component---billingWorkbench--smartFilterBar-btnBasicSearch\")]"}
COMMAND: POST /session/a995b82d0df1730148f5e6c1edf10a41/elements - {"using":"xpath","value":"//input[contains(@id ,\"application-billingtransfer-display-component---billingWorkbench--smartFilterBar-btnBasicSearch\")]"}
RESULT: {"using":"xpath","value":"//input[contains(@id ,\"application-billingtransfer-display-component---billingWorkbench--smartFilterBar-btnBasicSearch\")]"}
COMMAND: POST /session/a995b82d0df1730148f5e6c1edf10a41/elements - {"using":"xpath","value":"//input[contains(@id ,\"application-billingtransfer-display-component---billingWorkbench--smartFilterBar-btnBasicSearch\")]"}
RESULT: {"using":"xpath","value":"//input[contains(@id ,\"application-billingtransfer-display-component---billingWorkbench--smartFilterBar-btnBasicSearch\")]"}
COMMAND: POST /session/a995b82d0df1730148f5e6c1edf10a41/elements - {"using":"xpath","value":"//input[contains(@id ,\"application-billingtransfer-display-component---billingWorkbench--smartFilterBar-btnBasicSearch\")]"}
RESULT: {"using":"xpath","value":"//input[contains(@id ,\"application-billingtransfer-display-component---billingWorkbench--smartFilterBar-btnBasicSearch\")]"}
COMMAND: POST /session/a995b82d0df1730148f5e6c1edf10a41/elements - {"using":"xpath","value":"//input[contains(@id ,\"application-billingtransfer-display-component---billingWorkbench--smartFilterBar-btnBasicSearch\")]"}
RESULT: {"using":"xpath","value":"//input[contains(@id ,\"application-billingtransfer-display-component---billingWorkbench--smartFilterBar-btnBasicSearch\")]"}
COMMAND: POST /session/a995b82d0df1730148f5e6c1edf10a41/elements - {"using":"xpath","value":"//input[contains(@id ,\"application-billingtransfer-display-component---billingWorkbench--smartFilterBar-btnBasicSearch\")]"}
RESULT: {"using":"xpath","value":"//input[contains(@id ,\"application-billingtransfer-display-component---billingWorkbench--smartFilterBar-btnBasicSearch\")]"}
COMMAND: POST /session/a995b82d0df1730148f5e6c1edf10a41/elements - {"using":"xpath","value":"//input[contains(@id ,\"application-billingtransfer-display-component---billingWorkbench--smartFilterBar-btnBasicSearch\")]"}
RESULT: {"using":"xpath","value":"//input[contains(@id ,\"application-billingtransfer-display-component---billingWorkbench--smartFilterBar-btnBasicSearch\")]"}
COMMAND: POST /session/a995b82d0df1730148f5e6c1edf10a41/elements - {"using":"xpath","value":"//input[contains(@id ,\"application-billingtransfer-display-component---billingWorkbench--smartFilterBar-btnBasicSearch\")]"}
RESULT: {"using":"xpath","value":"//input[contains(@id ,\"application-billingtransfer-display-component---billingWorkbench--smartFilterBar-btnBasicSearch\")]"}
COMMAND: POST /session/a995b82d0df1730148f5e6c1edf10a41/elements - {"using":"xpath","value":"//input[contains(@id ,\"application-billingtransfer-display-component---billingWorkbench--smartFilterBar-btnBasicSearch\")]"}
RESULT: {"using":"xpath","value":"//input[contains(@id ,\"application-billingtransfer-display-component---billingWorkbench--smartFilterBar-btnBasicSearch\")]"}
COMMAND: POST /session/a995b82d0df1730148f5e6c1edf10a41/elements - {"using":"xpath","value":"//input[contains(@id ,\"application-billingtransfer-display-component---billingWorkbench--smartFilterBar-btnBasicSearch\")]"}
RESULT: {"using":"xpath","value":"//input[contains(@id ,\"application-billingtransfer-display-component---billingWorkbench--smartFilterBar-btnBasicSearch\")]"}
COMMAND: POST /session/a995b82d0df1730148f5e6c1edf10a41/elements - {"using":"xpath","value":"//input[contains(@id ,\"application-billingtransfer-display-component---billingWorkbench--smartFilterBar-btnBasicSearch\")]"}
RESULT: {"using":"xpath","value":"//input[contains(@id ,\"application-billingtransfer-display-component---billingWorkbench--smartFilterBar-btnBasicSearch\")]"}
COMMAND: GET /session/a995b82d0df1730148f5e6c1edf10a41/screenshot - {}
RESULT: {}
COMMAND: POST /session/a995b82d0df1730148f5e6c1edf10a41/element - {"using":"css selector","value":"#j_username"}
COMMAND: POST /session/a995b82d0df1730148f5e6c1edf10a41/url - {"url":"https://qa-testing-00-live-etm-ui.cfapps.eu10-004.hana.ondemand.com/"}
COMMAND: GET /session/a995b82d0df1730148f5e6c1edf10a41/screenshot - {}
COMMAND: GET /session/a995b82d0df1730148f5e6c1edf10a41/screenshot - {}
RESULT: {"using":"css selector","value":"#j_username"}
COMMAND: POST /session/a995b82d0df1730148f5e6c1edf10a41/element - {"using":"css selector","value":"#j_username"}
RESULT: {"url":"https://qa-testing-00-live-etm-ui.cfapps.eu10-004.hana.ondemand.com/"}
RESULT: undefined
COMMAND: GET /session/a995b82d0df1730148f5e6c1edf10a41/screenshot - {}
RESULT: {}
RESULT: {}
RESULT: {"using":"css selector","value":"#j_username"}
COMMAND: POST /session/a995b82d0df1730148f5e6c1edf10a41/element - {"using":"css selector","value":"#shell-header-logo"}
RESULT: {}
RESULT: {"using":"css selector","value":"#shell-header-logo"}
COMMAND: POST /session/a995b82d0df1730148f5e6c1edf10a41/execute/sync - {"script":"<script> [8489 bytes]","args":[{"element-6066-11e4-a52e-4f735466cecf":"f.5AF93869D51CACD0ED0B7A3F3CCEB8C6.d.264125D677AA81156CF2D368FF197EDB.e.12522","ELEMENT":"f.5AF93869D51CACD0ED0B7A3F3CCEB8C6.d.264125D677AA81156CF2D368FF197EDB.e.12522"}]}
RESULT: {"script":"<script> [8489 bytes]","args":[{"element-6066-11e4-a52e-4f735466cecf":"f.5AF93869D51CACD0ED0B7A3F3CCEB8C6.d.264125D677AA81156CF2D368FF197EDB.e.12522","ELEMENT":"f.5AF93869D51CACD0ED0B7A3F3CCEB8C6.d.264125D677AA81156CF2D368FF197EDB.e.12522"}]}
COMMAND: POST /session/a995b82d0df1730148f5e6c1edf10a41/element - {"using":"css selector","value":"#shell-header-logo"}
COMMAND: GET /session/a995b82d0df1730148f5e6c1edf10a41/screenshot - {}
RESULT: {"using":"css selector","value":"#shell-header-logo"}
COMMAND: POST /session/a995b82d0df1730148f5e6c1edf10a41/execute/sync - {"script":"<script> [8489 bytes]","args":[{"element-6066-11e4-a52e-4f735466cecf":"f.5AF93869D51CACD0ED0B7A3F3CCEB8C6.d.264125D677AA81156CF2D368FF197EDB.e.12522","ELEMENT":"f.5AF93869D51CACD0ED0B7A3F3CCEB8C6.d.264125D677AA81156CF2D368FF197EDB.e.12522"}]}
RESULT: {}
RESULT: {"script":"<script> [8489 bytes]","args":[{"element-6066-11e4-a52e-4f735466cecf":"f.5AF93869D51CACD0ED0B7A3F3CCEB8C6.d.264125D677AA81156CF2D368FF197EDB.e.12522","ELEMENT":"f.5AF93869D51CACD0ED0B7A3F3CCEB8C6.d.264125D677AA81156CF2D368FF197EDB.e.12522"}]}
COMMAND: POST /session/a995b82d0df1730148f5e6c1edf10a41/execute/sync - {"script":"<script> [5351 bytes]","args":[{"element-6066-11e4-a52e-4f735466cecf":"f.5AF93869D51CACD0ED0B7A3F3CCEB8C6.d.264125D677AA81156CF2D368FF197EDB.e.12522","ELEMENT":"f.5AF93869D51CACD0ED0B7A3F3CCEB8C6.d.264125D677AA81156CF2D368FF197EDB.e.12522"}]}
COMMAND: GET /session/a995b82d0df1730148f5e6c1edf10a41/screenshot - {}
RESULT: {"script":"<script> [5351 bytes]","args":[{"element-6066-11e4-a52e-4f735466cecf":"f.5AF93869D51CACD0ED0B7A3F3CCEB8C6.d.264125D677AA81156CF2D368FF197EDB.e.12522","ELEMENT":"f.5AF93869D51CACD0ED0B7A3F3CCEB8C6.d.264125D677AA81156CF2D368FF197EDB.e.12522"}]}
COMMAND: POST /session/a995b82d0df1730148f5e6c1edf10a41/element - {"using":"css selector","value":"#shell-header-logo"}
COMMAND: GET /session/a995b82d0df1730148f5e6c1edf10a41/screenshot - {}
RESULT: {}
RESULT: {"using":"css selector","value":"#shell-header-logo"}
COMMAND: POST /session/a995b82d0df1730148f5e6c1edf10a41/element/f.5AF93869D51CACD0ED0B7A3F3CCEB8C6.d.264125D677AA81156CF2D368FF197EDB.e.12522/click - {}
RESULT: {}
RESULT: {}
COMMAND: GET /session/a995b82d0df1730148f5e6c1edf10a41/screenshot - {}
RESULT: {}
COMMAND: POST /session/a995b82d0df1730148f5e6c1edf10a41/execute/async - {"script":"<script> [189 bytes]","args":[]}
RESULT: {"script":"<script> [189 bytes]","args":[]}
COMMAND: POST /session/a995b82d0df1730148f5e6c1edf10a41/execute/async - {"script":"<script> [123 bytes]","args":[]}
RESULT: {"script":"<script> [123 bytes]","args":[]}
COMMAND: POST /session/a995b82d0df1730148f5e6c1edf10a41/timeouts - {"script":"<number>"}
RESULT: {"script":"<number>"}
COMMAND: GET /session/a995b82d0df1730148f5e6c1edf10a41/timeouts - {}
RESULT: {}
RESULT: undefined
COMMAND: POST /session/a995b82d0df1730148f5e6c1edf10a41/execute/async - {"script":"<script> [2676 bytes]","args":[]}
RESULT: {"script":"<script> [2676 bytes]","args":[]}
COMMAND: POST /session/a995b82d0df1730148f5e6c1edf10a41/execute/async - {"script":"<script> [2342 bytes]","args":[{"protocol":"http","hostname":"0.0.0.0","path":"/","capabilities":{"browserName":"chrome","goog:chromeOptions":{"binary":"C:\\Program Files\\Google\\Chrome\\Application\\chrome.exe","args":["--start-maximized"]}},"logLevel":"warn","connectionRetryTimeout":120000,"connectionRetryCount":3,"logLevels":{},"enableDirectConnect":true,"strictSSL":true,"_":"65 more keys: [\"cacheDir\",\"port\",\"requestedCapabilities\",\"automationProtocol\",\"baseUrl\",\"waitforInterval\",\"waitforTimeout\",\"onReload\",\"beforeCommand\",\"afterCommand\",\"rootDir\",\"specs\",\"suites\",\"exclude\",\"groupLogsByTestSpec\",\"excludeDriverLogs\",\"bail\",\"framework\",\"reporters\",\"services\",\"maxInstances\",\"maxInstancesPerCapability\",\"injectGlobals\",\"filesToWatch\",\"execArgv\",\"runnerEnv\",\"runner\",\"shard\",\"specFileRetries\",\"specFileRetriesDelay\",\"specFileRetriesDeferred\",\"reporterSyncInterval\",\"reporterSyncTimeout\",\"cucumberFeaturesWithLineNumbers\",\"autoCompileOpts\",\"mochaOpts\",\"jasmineOpts\",\"cucumberOpts\",\"onPrepare\",\"onWorkerStart\",\"onWorkerEnd\",\"before\",\"beforeSession\",\"beforeSuite\",\"beforeHook\",\"beforeTest\",\"afterTest\",\"afterHook\",\"afterSuite\",\"afterSession\",\"after\",\"onComplete\",\"beforeAssertion\",\"afterAssertion\",\"beforeFeature\",\"beforeScenario\",\"beforeStep\",\"afterStep\",\"afterScenario\",\"afterFeature\",\"_\",\"suite\",\"$0\",\"ignoredWorkerServices\",\"wdi5\"]"}]}
RESULT: {"script":"<script> [2342 bytes]","args":[{"protocol":"http","hostname":"0.0.0.0","path":"/","capabilities":{"browserName":"chrome","goog:chromeOptions":{"binary":"C:\\Program Files\\Google\\Chrome\\Application\\chrome.exe","args":["--start-maximized"]}},"logLevel":"warn","connectionRetryTimeout":120000,"connectionRetryCount":3,"logLevels":{},"enableDirectConnect":true,"strictSSL":true,"_":"65 more keys: [\"cacheDir\",\"port\",\"requestedCapabilities\",\"automationProtocol\",\"baseUrl\",\"waitforInterval\",\"waitforTimeout\",\"onReload\",\"beforeCommand\",\"afterCommand\",\"rootDir\",\"specs\",\"suites\",\"exclude\",\"groupLogsByTestSpec\",\"excludeDriverLogs\",\"bail\",\"framework\",\"reporters\",\"services\",\"maxInstances\",\"maxInstancesPerCapability\",\"injectGlobals\",\"filesToWatch\",\"execArgv\",\"runnerEnv\",\"runner\",\"shard\",\"specFileRetries\",\"specFileRetriesDelay\",\"specFileRetriesDeferred\",\"reporterSyncInterval\",\"reporterSyncTimeout\",\"cucumberFeaturesWithLineNumbers\",\"autoCompileOpts\",\"mochaOpts\",\"jasmineOpts\",\"cucumberOpts\",\"onPrepare\",\"onWorkerStart\",\"onWorkerEnd\",\"before\",\"beforeSession\",\"beforeSuite\",\"beforeHook\",\"beforeTest\",\"afterTest\",\"afterHook\",\"afterSuite\",\"afterSession\",\"after\",\"onComplete\",\"beforeAssertion\",\"afterAssertion\",\"beforeFeature\",\"beforeScenario\",\"beforeStep\",\"afterStep\",\"afterScenario\",\"afterFeature\",\"_\",\"suite\",\"$0\",\"ignoredWorkerServices\",\"wdi5\"]"}]}
COMMAND: POST /session/a995b82d0df1730148f5e6c1edf10a41/execute/async - {"script":"<script> [21126 bytes]","args":[35000]}
RESULT: {"script":"<script> [21126 bytes]","args":[35000]}
COMMAND: POST /session/a995b82d0df1730148f5e6c1edf10a41/window/maximize - {}
RESULT: {}
COMMAND: POST /session/a995b82d0df1730148f5e6c1edf10a41/execute/async - {"script":"<script> [1562 bytes]","args":[{"selector":{"id":"shell-header","interaction":{"idSuffix":"icon"}},"wdio_ui5_key":"shellheader"}]}
COMMAND: GET /session/a995b82d0df1730148f5e6c1edf10a41/screenshot - {}
RESULT: {"script":"<script> [1562 bytes]","args":[{"selector":{"id":"shell-header","interaction":{"idSuffix":"icon"}},"wdio_ui5_key":"shellheader"}]}
RESULT: undefined
COMMAND: POST /session/a995b82d0df1730148f5e6c1edf10a41/refresh - {}
RESULT: {}
RESULT: {}
COMMAND: GET /session/a995b82d0df1730148f5e6c1edf10a41/screenshot - {}
RESULT: {}
COMMAND: POST /session/a995b82d0df1730148f5e6c1edf10a41/refresh - {}
RESULT: {}
COMMAND: GET /session/a995b82d0df1730148f5e6c1edf10a41/screenshot - {}
RESULT: {}
COMMAND: POST /session/a995b82d0df1730148f5e6c1edf10a41/window/fullscreen - {}
RESULT: {}
COMMAND: POST /session/a995b82d0df1730148f5e6c1edf10a41/execute/async - {"script":"<script> [189 bytes]","args":[]}
RESULT: {"script":"<script> [189 bytes]","args":[]}
COMMAND: POST /session/a995b82d0df1730148f5e6c1edf10a41/execute/async - {"script":"<script> [123 bytes]","args":[]}
RESULT: {"script":"<script> [123 bytes]","args":[]}
COMMAND: POST /session/a995b82d0df1730148f5e6c1edf10a41/timeouts - {"script":"<number>"}
RESULT: {"script":"<number>"}
COMMAND: GET /session/a995b82d0df1730148f5e6c1edf10a41/timeouts - {}
RESULT: {}
RESULT: undefined
COMMAND: POST /session/a995b82d0df1730148f5e6c1edf10a41/execute/async - {"script":"<script> [2676 bytes]","args":[]}
RESULT: {"script":"<script> [2676 bytes]","args":[]}
COMMAND: POST /session/a995b82d0df1730148f5e6c1edf10a41/execute/async - {"script":"<script> [2342 bytes]","args":[{"protocol":"http","hostname":"0.0.0.0","path":"/","capabilities":{"browserName":"chrome","goog:chromeOptions":{"binary":"C:\\Program Files\\Google\\Chrome\\Application\\chrome.exe","args":["--start-maximized"]}},"logLevel":"warn","connectionRetryTimeout":120000,"connectionRetryCount":3,"logLevels":{},"enableDirectConnect":true,"strictSSL":true,"_":"65 more keys: [\"cacheDir\",\"port\",\"requestedCapabilities\",\"automationProtocol\",\"baseUrl\",\"waitforInterval\",\"waitforTimeout\",\"onReload\",\"beforeCommand\",\"afterCommand\",\"rootDir\",\"specs\",\"suites\",\"exclude\",\"groupLogsByTestSpec\",\"excludeDriverLogs\",\"bail\",\"framework\",\"reporters\",\"services\",\"maxInstances\",\"maxInstancesPerCapability\",\"injectGlobals\",\"filesToWatch\",\"execArgv\",\"runnerEnv\",\"runner\",\"shard\",\"specFileRetries\",\"specFileRetriesDelay\",\"specFileRetriesDeferred\",\"reporterSyncInterval\",\"reporterSyncTimeout\",\"cucumberFeaturesWithLineNumbers\",\"autoCompileOpts\",\"mochaOpts\",\"jasmineOpts\",\"cucumberOpts\",\"onPrepare\",\"onWorkerStart\",\"onWorkerEnd\",\"before\",\"beforeSession\",\"beforeSuite\",\"beforeHook\",\"beforeTest\",\"afterTest\",\"afterHook\",\"afterSuite\",\"afterSession\",\"after\",\"onComplete\",\"beforeAssertion\",\"afterAssertion\",\"beforeFeature\",\"beforeScenario\",\"beforeStep\",\"afterStep\",\"afterScenario\",\"afterFeature\",\"_\",\"suite\",\"$0\",\"ignoredWorkerServices\",\"wdi5\"]"}]}
RESULT: {"script":"<script> [2342 bytes]","args":[{"protocol":"http","hostname":"0.0.0.0","path":"/","capabilities":{"browserName":"chrome","goog:chromeOptions":{"binary":"C:\\Program Files\\Google\\Chrome\\Application\\chrome.exe","args":["--start-maximized"]}},"logLevel":"warn","connectionRetryTimeout":120000,"connectionRetryCount":3,"logLevels":{},"enableDirectConnect":true,"strictSSL":true,"_":"65 more keys: [\"cacheDir\",\"port\",\"requestedCapabilities\",\"automationProtocol\",\"baseUrl\",\"waitforInterval\",\"waitforTimeout\",\"onReload\",\"beforeCommand\",\"afterCommand\",\"rootDir\",\"specs\",\"suites\",\"exclude\",\"groupLogsByTestSpec\",\"excludeDriverLogs\",\"bail\",\"framework\",\"reporters\",\"services\",\"maxInstances\",\"maxInstancesPerCapability\",\"injectGlobals\",\"filesToWatch\",\"execArgv\",\"runnerEnv\",\"runner\",\"shard\",\"specFileRetries\",\"specFileRetriesDelay\",\"specFileRetriesDeferred\",\"reporterSyncInterval\",\"reporterSyncTimeout\",\"cucumberFeaturesWithLineNumbers\",\"autoCompileOpts\",\"mochaOpts\",\"jasmineOpts\",\"cucumberOpts\",\"onPrepare\",\"onWorkerStart\",\"onWorkerEnd\",\"before\",\"beforeSession\",\"beforeSuite\",\"beforeHook\",\"beforeTest\",\"afterTest\",\"afterHook\",\"afterSuite\",\"afterSession\",\"after\",\"onComplete\",\"beforeAssertion\",\"afterAssertion\",\"beforeFeature\",\"beforeScenario\",\"beforeStep\",\"afterStep\",\"afterScenario\",\"afterFeature\",\"_\",\"suite\",\"$0\",\"ignoredWorkerServices\",\"wdi5\"]"}]}
COMMAND: POST /session/a995b82d0df1730148f5e6c1edf10a41/execute/async - {"script":"<script> [21126 bytes]","args":[35000]}
RESULT: {"script":"<script> [21126 bytes]","args":[35000]}
]]></system-out>
      <system-err><![CDATA[
Error: element ("//input[contains(@id ,"application-billingtransfer-display-component---billingWorkbench--smartFilterBar-btnBasicSearch")]") still not existing after 45000ms
    at async UtilsPrerequisites.narrowDownSearchBT (D:\a\1\s\test\specs\BTS\prerequisites-and-utils-functions.js:2882:9)
    at async UtilsPrerequisites.billingTransfer (D:\a\1\s\test\specs\BTS\prerequisites-and-utils-functions.js:2807:9)
    at async Context.<anonymous> (D:\a\1\s\test\specs\BTS\billing-transfer.spec.js:104:9)
]]></system-err>
    </testcase>
  </testsuite>
  <testsuite timestamp="2025-05-30T18:15:05" time="767.973" tests="12" failures="6" errors="6" skipped="0">
    <properties>
      <property name="specId" value="0"/>
      <property name="suiteName" value="Create Reverse Billing US127248"/>
      <property name="capabilities" value="chrome.136_0_7103_93.windows"/>
      <property name="file" value="file:///D:/a/1/s/test/specs/BTS/reverse-billing.spec.js"/>
    </properties>
    <testcase classname="chrome.136_0_7103_93.windows.Create_Reverse_Billing_US127248" name="Should create a new yard" time="0.013">
      <system-out><![CDATA[
COMMAND: POST /session/a995b82d0df1730148f5e6c1edf10a41/window/fullscreen - {}
RESULT: {}
]]></system-out>
    </testcase>
    <testcase classname="chrome.136_0_7103_93.windows.Create_Reverse_Billing_US127248" name="Should create a new partner" time="0.004"/>
    <testcase classname="chrome.136_0_7103_93.windows.Create_Reverse_Billing_US127248" name="Should create a new site" time="0.004"/>
    <testcase classname="chrome.136_0_7103_93.windows.Create_Reverse_Billing_US127248" name="Should create a resource" time="156.42">
      <system-out><![CDATA[
COMMAND: POST /session/a995b82d0df1730148f5e6c1edf10a41/execute/async - {"script":"<script> [1562 bytes]","args":[{"selector":{"controlType":"sap.m.GenericTile","properties":{"header":"Manage Resources"}},"wdio_ui5_key":"sapm.GenericTile{\"header\":\"Manage Resources\"}"}]}
RESULT: {"script":"<script> [1562 bytes]","args":[{"selector":{"controlType":"sap.m.GenericTile","properties":{"header":"Manage Resources"}},"wdio_ui5_key":"sapm.GenericTile{\"header\":\"Manage Resources\"}"}]}
RESULT: undefined
COMMAND: POST /session/a995b82d0df1730148f5e6c1edf10a41/element - {"using":"xpath","value":"//*[@id=\"__tile39\"]"}
RESULT: {"using":"xpath","value":"//*[@id=\"__tile39\"]"}
COMMAND: POST /session/a995b82d0df1730148f5e6c1edf10a41/element/f.5AF93869D51CACD0ED0B7A3F3CCEB8C6.d.B676584C717CA28B9A5EA27688025667.e.12676/click - {}
RESULT: {}
COMMAND: GET /session/a995b82d0df1730148f5e6c1edf10a41/screenshot - {}
RESULT: {}
COMMAND: POST /session/a995b82d0df1730148f5e6c1edf10a41/elements - {"using":"xpath","value":"//span[text()='Error']"}
RESULT: {"using":"xpath","value":"//span[text()='Error']"}
COMMAND: POST /session/a995b82d0df1730148f5e6c1edf10a41/element - {"using":"xpath","value":"//button[@data-kt=\"addNewRUOverflowToolbarButton\"]"}
RESULT: {"using":"xpath","value":"//button[@data-kt=\"addNewRUOverflowToolbarButton\"]"}
COMMAND: POST /session/a995b82d0df1730148f5e6c1edf10a41/elements - {"using":"xpath","value":"//button[@data-kt=\"addNewRUOverflowToolbarButton\"]"}
RESULT: {"using":"xpath","value":"//button[@data-kt=\"addNewRUOverflowToolbarButton\"]"}
COMMAND: POST /session/a995b82d0df1730148f5e6c1edf10a41/elements - {"using":"xpath","value":"//button[@data-kt=\"addNewRUOverflowToolbarButton\"]"}
RESULT: {"using":"xpath","value":"//button[@data-kt=\"addNewRUOverflowToolbarButton\"]"}
COMMAND: POST /session/a995b82d0df1730148f5e6c1edf10a41/elements - {"using":"xpath","value":"//button[@data-kt=\"addNewRUOverflowToolbarButton\"]"}
RESULT: {"using":"xpath","value":"//button[@data-kt=\"addNewRUOverflowToolbarButton\"]"}
COMMAND: POST /session/a995b82d0df1730148f5e6c1edf10a41/elements - {"using":"xpath","value":"//button[@data-kt=\"addNewRUOverflowToolbarButton\"]"}
RESULT: {"using":"xpath","value":"//button[@data-kt=\"addNewRUOverflowToolbarButton\"]"}
COMMAND: POST /session/a995b82d0df1730148f5e6c1edf10a41/elements - {"using":"xpath","value":"//button[@data-kt=\"addNewRUOverflowToolbarButton\"]"}
RESULT: {"using":"xpath","value":"//button[@data-kt=\"addNewRUOverflowToolbarButton\"]"}
COMMAND: POST /session/a995b82d0df1730148f5e6c1edf10a41/element - {"using":"xpath","value":"//button[@data-kt=\"addNewRUOverflowToolbarButton\"]"}
RESULT: {"using":"xpath","value":"//button[@data-kt=\"addNewRUOverflowToolbarButton\"]"}
COMMAND: POST /session/a995b82d0df1730148f5e6c1edf10a41/execute/sync - {"script":"<script> [8489 bytes]","args":[{"element-6066-11e4-a52e-4f735466cecf":"f.5AF93869D51CACD0ED0B7A3F3CCEB8C6.d.B676584C717CA28B9A5EA27688025667.e.12818","ELEMENT":"f.5AF93869D51CACD0ED0B7A3F3CCEB8C6.d.B676584C717CA28B9A5EA27688025667.e.12818"}]}
RESULT: {"script":"<script> [8489 bytes]","args":[{"element-6066-11e4-a52e-4f735466cecf":"f.5AF93869D51CACD0ED0B7A3F3CCEB8C6.d.B676584C717CA28B9A5EA27688025667.e.12818","ELEMENT":"f.5AF93869D51CACD0ED0B7A3F3CCEB8C6.d.B676584C717CA28B9A5EA27688025667.e.12818"}]}
COMMAND: GET /session/a995b82d0df1730148f5e6c1edf10a41/element/f.5AF93869D51CACD0ED0B7A3F3CCEB8C6.d.B676584C717CA28B9A5EA27688025667.e.12818/enabled - {}
COMMAND: GET /session/a995b82d0df1730148f5e6c1edf10a41/screenshot - {}
RESULT: {}
COMMAND: POST /session/a995b82d0df1730148f5e6c1edf10a41/execute/sync - {"script":"<script> [8489 bytes]","args":[{"element-6066-11e4-a52e-4f735466cecf":"f.5AF93869D51CACD0ED0B7A3F3CCEB8C6.d.B676584C717CA28B9A5EA27688025667.e.12818","ELEMENT":"f.5AF93869D51CACD0ED0B7A3F3CCEB8C6.d.B676584C717CA28B9A5EA27688025667.e.12818"}]}
COMMAND: GET /session/a995b82d0df1730148f5e6c1edf10a41/screenshot - {}
RESULT: {}
RESULT: {"script":"<script> [8489 bytes]","args":[{"element-6066-11e4-a52e-4f735466cecf":"f.5AF93869D51CACD0ED0B7A3F3CCEB8C6.d.B676584C717CA28B9A5EA27688025667.e.12818","ELEMENT":"f.5AF93869D51CACD0ED0B7A3F3CCEB8C6.d.B676584C717CA28B9A5EA27688025667.e.12818"}]}
COMMAND: POST /session/a995b82d0df1730148f5e6c1edf10a41/execute/sync - {"script":"<script> [5351 bytes]","args":[{"element-6066-11e4-a52e-4f735466cecf":"f.5AF93869D51CACD0ED0B7A3F3CCEB8C6.d.B676584C717CA28B9A5EA27688025667.e.12818","ELEMENT":"f.5AF93869D51CACD0ED0B7A3F3CCEB8C6.d.B676584C717CA28B9A5EA27688025667.e.12818"}]}
COMMAND: GET /session/a995b82d0df1730148f5e6c1edf10a41/screenshot - {}
RESULT: {}
RESULT: {"script":"<script> [5351 bytes]","args":[{"element-6066-11e4-a52e-4f735466cecf":"f.5AF93869D51CACD0ED0B7A3F3CCEB8C6.d.B676584C717CA28B9A5EA27688025667.e.12818","ELEMENT":"f.5AF93869D51CACD0ED0B7A3F3CCEB8C6.d.B676584C717CA28B9A5EA27688025667.e.12818"}]}
COMMAND: POST /session/a995b82d0df1730148f5e6c1edf10a41/element/f.5AF93869D51CACD0ED0B7A3F3CCEB8C6.d.B676584C717CA28B9A5EA27688025667.e.12818/click - {}
COMMAND: GET /session/a995b82d0df1730148f5e6c1edf10a41/screenshot - {}
RESULT: {}
RESULT: {}
COMMAND: GET /session/a995b82d0df1730148f5e6c1edf10a41/screenshot - {}
RESULT: {}
COMMAND: POST /session/a995b82d0df1730148f5e6c1edf10a41/execute/async - {"script":"<script> [1562 bytes]","args":[{"selector":{"id":"application-manageresources-display-component---newResourceUnit--TYPE-arrow"},"wdio_ui5_key":"applicationmanageresources-display-component---newResourceUnit--TYPE-arrow"}]}
RESULT: {}
RESULT: {"script":"<script> [1562 bytes]","args":[{"selector":{"id":"application-manageresources-display-component---newResourceUnit--TYPE-arrow"},"wdio_ui5_key":"applicationmanageresources-display-component---newResourceUnit--TYPE-arrow"}]}
RESULT: undefined
COMMAND: POST /session/a995b82d0df1730148f5e6c1edf10a41/element - {"using":"xpath","value":"//*[@id=\"application-manageresources-display-component---newResourceUnit--TYPE-arrow\"]"}
RESULT: {"using":"xpath","value":"//*[@id=\"application-manageresources-display-component---newResourceUnit--TYPE-arrow\"]"}
COMMAND: POST /session/a995b82d0df1730148f5e6c1edf10a41/element/f.5AF93869D51CACD0ED0B7A3F3CCEB8C6.d.B676584C717CA28B9A5EA27688025667.e.13178/click - {}
RESULT: {}
COMMAND: POST /session/a995b82d0df1730148f5e6c1edf10a41/element - {"using":"xpath","value":"//input[@id=\"application-manageresources-display-component---newResourceUnit--TYPE-inner\"]"}
COMMAND: GET /session/a995b82d0df1730148f5e6c1edf10a41/screenshot - {}
RESULT: {"using":"xpath","value":"//input[@id=\"application-manageresources-display-component---newResourceUnit--TYPE-inner\"]"}
COMMAND: POST /session/a995b82d0df1730148f5e6c1edf10a41/element/f.5AF93869D51CACD0ED0B7A3F3CCEB8C6.d.B676584C717CA28B9A5EA27688025667.e.13175/clear - {}
RESULT: {}
RESULT: {}
COMMAND: POST /session/a995b82d0df1730148f5e6c1edf10a41/element/f.5AF93869D51CACD0ED0B7A3F3CCEB8C6.d.B676584C717CA28B9A5EA27688025667.e.13175/value - {"text":"Equipment"}
COMMAND: GET /session/a995b82d0df1730148f5e6c1edf10a41/screenshot - {}
RESULT: {"text":"Equipment"}
COMMAND: GET /session/a995b82d0df1730148f5e6c1edf10a41/screenshot - {}
RESULT: {}
RESULT: {}
COMMAND: POST /session/a995b82d0df1730148f5e6c1edf10a41/actions - {"actions":[{"id":"action45","type":"key","parameters":{},"actions":[{"type":"keyDown","value":""},{"type":"pause","duration":10},{"type":"keyUp","value":""}]}]}
RESULT: {"actions":[{"id":"action45","type":"key","parameters":{},"actions":[{"type":"keyDown","value":""},{"type":"pause","duration":10},{"type":"keyUp","value":""}]}]}
COMMAND: POST /session/a995b82d0df1730148f5e6c1edf10a41/execute/async - {"script":"<script> [1562 bytes]","args":[{"selector":{"id":"application-manageresources-display-component---newResourceUnit--resourceId","interaction":{"idSuffix":"inner"}},"wdio_ui5_key":"applicationmanageresources-display-component---newResourceUnit--resourceId"}]}
COMMAND: GET /session/a995b82d0df1730148f5e6c1edf10a41/screenshot - {}
RESULT: {"script":"<script> [1562 bytes]","args":[{"selector":{"id":"application-manageresources-display-component---newResourceUnit--resourceId","interaction":{"idSuffix":"inner"}},"wdio_ui5_key":"applicationmanageresources-display-component---newResourceUnit--resourceId"}]}
RESULT: undefined
COMMAND: POST /session/a995b82d0df1730148f5e6c1edf10a41/execute/async - {"script":"<script> [776 bytes]","args":[{"enterText":"HxQEhKNivT","selector":{"id":"application-manageresources-display-component---newResourceUnit--resourceId","interaction":{"idSuffix":"inner"}},"clearTextFirst":true,"interactionType":"ENTER_TEXT"}]}
RESULT: {}
RESULT: {"script":"<script> [776 bytes]","args":[{"enterText":"HxQEhKNivT","selector":{"id":"application-manageresources-display-component---newResourceUnit--resourceId","interaction":{"idSuffix":"inner"}},"clearTextFirst":true,"interactionType":"ENTER_TEXT"}]}
COMMAND: POST /session/a995b82d0df1730148f5e6c1edf10a41/execute/async - {"script":"<script> [1562 bytes]","args":[{"selector":{"id":"application-manageresources-display-component---newResourceUnit--SHORT_TEXT","interaction":{"idSuffix":"inner"}},"wdio_ui5_key":"applicationmanageresources-display-component---newResourceUnit--SHORT_TEXT"}]}
RESULT: {"script":"<script> [1562 bytes]","args":[{"selector":{"id":"application-manageresources-display-component---newResourceUnit--SHORT_TEXT","interaction":{"idSuffix":"inner"}},"wdio_ui5_key":"applicationmanageresources-display-component---newResourceUnit--SHORT_TEXT"}]}
RESULT: undefined
COMMAND: POST /session/a995b82d0df1730148f5e6c1edf10a41/execute/async - {"script":"<script> [776 bytes]","args":[{"enterText":"Intercompany Equipment WDIO","selector":{"id":"application-manageresources-display-component---newResourceUnit--SHORT_TEXT","interaction":{"idSuffix":"inner"}},"clearTextFirst":true,"interactionType":"ENTER_TEXT"}]}
RESULT: {"script":"<script> [776 bytes]","args":[{"enterText":"Intercompany Equipment WDIO","selector":{"id":"application-manageresources-display-component---newResourceUnit--SHORT_TEXT","interaction":{"idSuffix":"inner"}},"clearTextFirst":true,"interactionType":"ENTER_TEXT"}]}
COMMAND: POST /session/a995b82d0df1730148f5e6c1edf10a41/execute/async - {"script":"<script> [1562 bytes]","args":[{"selector":{"id":"application-manageresources-display-component---newResourceUnit--BASE_UNIT_OF_MEASURE","interaction":{"idSuffix":"inner"}},"wdio_ui5_key":"applicationmanageresources-display-component---newResourceUnit--BASE_UNIT_OF_MEASURE"}]}
RESULT: {"script":"<script> [1562 bytes]","args":[{"selector":{"id":"application-manageresources-display-component---newResourceUnit--BASE_UNIT_OF_MEASURE","interaction":{"idSuffix":"inner"}},"wdio_ui5_key":"applicationmanageresources-display-component---newResourceUnit--BASE_UNIT_OF_MEASURE"}]}
RESULT: undefined
COMMAND: POST /session/a995b82d0df1730148f5e6c1edf10a41/execute/async - {"script":"<script> [776 bytes]","args":[{"enterText":"Piece","selector":{"id":"application-manageresources-display-component---newResourceUnit--BASE_UNIT_OF_MEASURE","interaction":{"idSuffix":"inner"}},"clearTextFirst":true,"interactionType":"ENTER_TEXT"}]}
RESULT: {"script":"<script> [776 bytes]","args":[{"enterText":"Piece","selector":{"id":"application-manageresources-display-component---newResourceUnit--BASE_UNIT_OF_MEASURE","interaction":{"idSuffix":"inner"}},"clearTextFirst":true,"interactionType":"ENTER_TEXT"}]}
COMMAND: POST /session/a995b82d0df1730148f5e6c1edf10a41/execute/async - {"script":"<script> [1562 bytes]","args":[{"selector":{"id":"application-manageresources-display-component---newResourceUnit--WEIGHT_UNIT","interaction":{"idSuffix":"inner"}},"wdio_ui5_key":"applicationmanageresources-display-component---newResourceUnit--WEIGHT_UNIT"}]}
RESULT: {"script":"<script> [1562 bytes]","args":[{"selector":{"id":"application-manageresources-display-component---newResourceUnit--WEIGHT_UNIT","interaction":{"idSuffix":"inner"}},"wdio_ui5_key":"applicationmanageresources-display-component---newResourceUnit--WEIGHT_UNIT"}]}
RESULT: undefined
COMMAND: POST /session/a995b82d0df1730148f5e6c1edf10a41/execute/async - {"script":"<script> [776 bytes]","args":[{"enterText":"Gram","selector":{"id":"application-manageresources-display-component---newResourceUnit--WEIGHT_UNIT","interaction":{"idSuffix":"inner"}},"clearTextFirst":true,"interactionType":"ENTER_TEXT"}]}
RESULT: {"script":"<script> [776 bytes]","args":[{"enterText":"Gram","selector":{"id":"application-manageresources-display-component---newResourceUnit--WEIGHT_UNIT","interaction":{"idSuffix":"inner"}},"clearTextFirst":true,"interactionType":"ENTER_TEXT"}]}
COMMAND: POST /session/a995b82d0df1730148f5e6c1edf10a41/execute/async - {"script":"<script> [1562 bytes]","args":[{"selector":{"id":"application-manageresources-display-component---newResourceUnit--DIMENSION_UNIT","interaction":{"idSuffix":"inner"}},"wdio_ui5_key":"applicationmanageresources-display-component---newResourceUnit--DIMENSION_UNIT"}]}
RESULT: {"script":"<script> [1562 bytes]","args":[{"selector":{"id":"application-manageresources-display-component---newResourceUnit--DIMENSION_UNIT","interaction":{"idSuffix":"inner"}},"wdio_ui5_key":"applicationmanageresources-display-component---newResourceUnit--DIMENSION_UNIT"}]}
RESULT: undefined
COMMAND: POST /session/a995b82d0df1730148f5e6c1edf10a41/execute/async - {"script":"<script> [776 bytes]","args":[{"enterText":"Meter","selector":{"id":"application-manageresources-display-component---newResourceUnit--DIMENSION_UNIT","interaction":{"idSuffix":"inner"}},"clearTextFirst":true,"interactionType":"ENTER_TEXT"}]}
RESULT: {"script":"<script> [776 bytes]","args":[{"enterText":"Meter","selector":{"id":"application-manageresources-display-component---newResourceUnit--DIMENSION_UNIT","interaction":{"idSuffix":"inner"}},"clearTextFirst":true,"interactionType":"ENTER_TEXT"}]}
COMMAND: POST /session/a995b82d0df1730148f5e6c1edf10a41/execute/async - {"script":"<script> [1562 bytes]","args":[{"selector":{"id":"application-manageresources-display-component---newResourceUnit--newRRUPage-anchBar-application-manageresources-display-component---newResourceUnit--control-anchor","interaction":{"idSuffix":"BDI-content"}},"wdio_ui5_key":"applicationmanageresources-display-component---newResourceUnit--newRRUPage-anchBar-application-manageresources-display-component---newResourceUnit--control-anchor"}]}
RESULT: {"script":"<script> [1562 bytes]","args":[{"selector":{"id":"application-manageresources-display-component---newResourceUnit--newRRUPage-anchBar-application-manageresources-display-component---newResourceUnit--control-anchor","interaction":{"idSuffix":"BDI-content"}},"wdio_ui5_key":"applicationmanageresources-display-component---newResourceUnit--newRRUPage-anchBar-application-manageresources-display-component---newResourceUnit--control-anchor"}]}
RESULT: undefined
COMMAND: POST /session/a995b82d0df1730148f5e6c1edf10a41/element - {"using":"xpath","value":"//*[@id=\"application-manageresources-display-component---newResourceUnit--newRRUPage-anchBar-application-manageresources-display-component---newResourceUnit--control-anchor\"]"}
RESULT: {"using":"xpath","value":"//*[@id=\"application-manageresources-display-component---newResourceUnit--newRRUPage-anchBar-application-manageresources-display-component---newResourceUnit--control-anchor\"]"}
COMMAND: POST /session/a995b82d0df1730148f5e6c1edf10a41/element/f.5AF93869D51CACD0ED0B7A3F3CCEB8C6.d.B676584C717CA28B9A5EA27688025667.e.13338/click - {}
RESULT: {}
COMMAND: POST /session/a995b82d0df1730148f5e6c1edf10a41/execute/async - {"script":"<script> [1562 bytes]","args":[{"selector":{"id":"application-manageresources-display-component---newResourceUnit--PLANNING_GROUP","interaction":{"idSuffix":"inner"}},"wdio_ui5_key":"applicationmanageresources-display-component---newResourceUnit--PLANNING_GROUP"}]}
COMMAND: GET /session/a995b82d0df1730148f5e6c1edf10a41/screenshot - {}
RESULT: {"script":"<script> [1562 bytes]","args":[{"selector":{"id":"application-manageresources-display-component---newResourceUnit--PLANNING_GROUP","interaction":{"idSuffix":"inner"}},"wdio_ui5_key":"applicationmanageresources-display-component---newResourceUnit--PLANNING_GROUP"}]}
RESULT: undefined
COMMAND: POST /session/a995b82d0df1730148f5e6c1edf10a41/execute/async - {"script":"<script> [776 bytes]","args":[{"enterText":"Heavy Equi","selector":{"id":"application-manageresources-display-component---newResourceUnit--PLANNING_GROUP","interaction":{"idSuffix":"inner"}},"clearTextFirst":true,"interactionType":"ENTER_TEXT"}]}
RESULT: {}
RESULT: {"script":"<script> [776 bytes]","args":[{"enterText":"Heavy Equi","selector":{"id":"application-manageresources-display-component---newResourceUnit--PLANNING_GROUP","interaction":{"idSuffix":"inner"}},"clearTextFirst":true,"interactionType":"ENTER_TEXT"}]}
COMMAND: POST /session/a995b82d0df1730148f5e6c1edf10a41/execute/async - {"script":"<script> [1562 bytes]","args":[{"selector":{"id":"application-manageresources-display-component---newResourceUnit--ITEM_TYPE-arrow"},"wdio_ui5_key":"applicationmanageresources-display-component---newResourceUnit--ITEM_TYPE-arrow"}]}
RESULT: {"script":"<script> [1562 bytes]","args":[{"selector":{"id":"application-manageresources-display-component---newResourceUnit--ITEM_TYPE-arrow"},"wdio_ui5_key":"applicationmanageresources-display-component---newResourceUnit--ITEM_TYPE-arrow"}]}
RESULT: undefined
COMMAND: POST /session/a995b82d0df1730148f5e6c1edf10a41/element - {"using":"xpath","value":"//*[@id=\"application-manageresources-display-component---newResourceUnit--ITEM_TYPE-arrow\"]"}
RESULT: {"using":"xpath","value":"//*[@id=\"application-manageresources-display-component---newResourceUnit--ITEM_TYPE-arrow\"]"}
COMMAND: POST /session/a995b82d0df1730148f5e6c1edf10a41/element/f.5AF93869D51CACD0ED0B7A3F3CCEB8C6.d.B676584C717CA28B9A5EA27688025667.e.13347/click - {}
RESULT: {}
COMMAND: POST /session/a995b82d0df1730148f5e6c1edf10a41/element - {"using":"xpath","value":"//ul[contains(@id,\"ITEM_TYPE-popup-list-listUl\")]//li[.//span[contains(text(),\"Resource Unit\")]]"}
COMMAND: GET /session/a995b82d0df1730148f5e6c1edf10a41/screenshot - {}
RESULT: {"using":"xpath","value":"//ul[contains(@id,\"ITEM_TYPE-popup-list-listUl\")]//li[.//span[contains(text(),\"Resource Unit\")]]"}
COMMAND: POST /session/a995b82d0df1730148f5e6c1edf10a41/element/f.5AF93869D51CACD0ED0B7A3F3CCEB8C6.d.B676584C717CA28B9A5EA27688025667.e.13348/click - {}
RESULT: {}
RESULT: {}
COMMAND: GET /session/a995b82d0df1730148f5e6c1edf10a41/screenshot - {}
RESULT: {}
COMMAND: POST /session/a995b82d0df1730148f5e6c1edf10a41/element - {"using":"css selector","value":"#application-manageresources-display-component---newResourceUnit--btnAddTimeSegment"}
RESULT: {"using":"css selector","value":"#application-manageresources-display-component---newResourceUnit--btnAddTimeSegment"}
COMMAND: GET /session/a995b82d0df1730148f5e6c1edf10a41/element/f.5AF93869D51CACD0ED0B7A3F3CCEB8C6.d.B676584C717CA28B9A5EA27688025667.e.13355/rect - {}
RESULT: {}
COMMAND: GET /session/a995b82d0df1730148f5e6c1edf10a41/window/rect - {}
RESULT: {}
COMMAND: POST /session/a995b82d0df1730148f5e6c1edf10a41/execute/sync - {"script":"<script> [92 bytes]","args":[]}
RESULT: {"script":"<script> [92 bytes]","args":[]}
COMMAND: POST /session/a995b82d0df1730148f5e6c1edf10a41/actions - {"actions":[{"id":"action46","type":"wheel","parameters":{},"actions":[{"type":"scroll","x":-1888,"y":-32,"deltaX":0,"deltaY":0,"duration":0,"origin":{"element-6066-11e4-a52e-4f735466cecf":"f.5AF93869D51CACD0ED0B7A3F3CCEB8C6.d.B676584C717CA28B9A5EA27688025667.e.13355"}}]}]}
COMMAND: GET /session/a995b82d0df1730148f5e6c1edf10a41/screenshot - {}
RESULT: {}
COMMAND: POST /session/a995b82d0df1730148f5e6c1edf10a41/execute/sync - {"script":"<script> [79 bytes]","args":[{"element-6066-11e4-a52e-4f735466cecf":"f.5AF93869D51CACD0ED0B7A3F3CCEB8C6.d.B676584C717CA28B9A5EA27688025667.e.13355","ELEMENT":"f.5AF93869D51CACD0ED0B7A3F3CCEB8C6.d.B676584C717CA28B9A5EA27688025667.e.13355"},{"block":"start","inline":"nearest"}]}
RESULT: {"script":"<script> [79 bytes]","args":[{"element-6066-11e4-a52e-4f735466cecf":"f.5AF93869D51CACD0ED0B7A3F3CCEB8C6.d.B676584C717CA28B9A5EA27688025667.e.13355","ELEMENT":"f.5AF93869D51CACD0ED0B7A3F3CCEB8C6.d.B676584C717CA28B9A5EA27688025667.e.13355"},{"block":"start","inline":"nearest"}]}
COMMAND: POST /session/a995b82d0df1730148f5e6c1edf10a41/execute/async - {"script":"<script> [1562 bytes]","args":[{"selector":{"id":"application-manageresources-display-component---newResourceUnit--btnAddTimeSegment","interaction":{"idSuffix":"inner"}},"wdio_ui5_key":"applicationmanageresources-display-component---newResourceUnit--btnAddTimeSegment"}]}
COMMAND: GET /session/a995b82d0df1730148f5e6c1edf10a41/screenshot - {}
RESULT: {"script":"<script> [1562 bytes]","args":[{"selector":{"id":"application-manageresources-display-component---newResourceUnit--btnAddTimeSegment","interaction":{"idSuffix":"inner"}},"wdio_ui5_key":"applicationmanageresources-display-component---newResourceUnit--btnAddTimeSegment"}]}
RESULT: undefined
COMMAND: POST /session/a995b82d0df1730148f5e6c1edf10a41/element - {"using":"xpath","value":"//*[@id=\"application-manageresources-display-component---newResourceUnit--btnAddTimeSegment\"]"}
RESULT: {}
RESULT: {"using":"xpath","value":"//*[@id=\"application-manageresources-display-component---newResourceUnit--btnAddTimeSegment\"]"}
COMMAND: POST /session/a995b82d0df1730148f5e6c1edf10a41/element/f.5AF93869D51CACD0ED0B7A3F3CCEB8C6.d.B676584C717CA28B9A5EA27688025667.e.13355/click - {}
RESULT: {}
COMMAND: GET /session/a995b82d0df1730148f5e6c1edf10a41/screenshot - {}
RESULT: {}
COMMAND: POST /session/a995b82d0df1730148f5e6c1edf10a41/element - {"using":"xpath","value":"//input[@id=\"application-manageresources-display-component---newResourceUnit--idRuTSAdmin-application-manageresources-display-component---newResourceUnit--RUTimeSegment-0-inner\"]"}
RESULT: {"using":"xpath","value":"//input[@id=\"application-manageresources-display-component---newResourceUnit--idRuTSAdmin-application-manageresources-display-component---newResourceUnit--RUTimeSegment-0-inner\"]"}
COMMAND: POST /session/a995b82d0df1730148f5e6c1edf10a41/element/f.5AF93869D51CACD0ED0B7A3F3CCEB8C6.d.B676584C717CA28B9A5EA27688025667.e.13361/clear - {}
RESULT: {}
COMMAND: POST /session/a995b82d0df1730148f5e6c1edf10a41/element/f.5AF93869D51CACD0ED0B7A3F3CCEB8C6.d.B676584C717CA28B9A5EA27688025667.e.13361/value - {"text":"509"}
COMMAND: GET /session/a995b82d0df1730148f5e6c1edf10a41/screenshot - {}
RESULT: {"text":"509"}
COMMAND: GET /session/a995b82d0df1730148f5e6c1edf10a41/screenshot - {}
RESULT: {}
RESULT: {}
COMMAND: POST /session/a995b82d0df1730148f5e6c1edf10a41/element - {"using":"xpath","value":"//li[.//span[text()='509']]"}
RESULT: {"using":"xpath","value":"//li[.//span[text()='509']]"}
COMMAND: POST /session/a995b82d0df1730148f5e6c1edf10a41/element/f.5AF93869D51CACD0ED0B7A3F3CCEB8C6.d.B676584C717CA28B9A5EA27688025667.e.13375/click - {}
RESULT: {}
COMMAND: GET /session/a995b82d0df1730148f5e6c1edf10a41/screenshot - {}
RESULT: {}
COMMAND: POST /session/a995b82d0df1730148f5e6c1edf10a41/element - {"using":"xpath","value":"(//span[contains(@id, \"-application-manageresources-display-component---newResourceUnit--RUTimeSegment-0-arrow\")])[6]"}
RESULT: {"using":"xpath","value":"(//span[contains(@id, \"-application-manageresources-display-component---newResourceUnit--RUTimeSegment-0-arrow\")])[6]"}
COMMAND: POST /session/a995b82d0df1730148f5e6c1edf10a41/element/f.5AF93869D51CACD0ED0B7A3F3CCEB8C6.d.B676584C717CA28B9A5EA27688025667.e.13376/click - {}
RESULT: {}
COMMAND: GET /session/a995b82d0df1730148f5e6c1edf10a41/screenshot - {}
RESULT: {}
COMMAND: POST /session/a995b82d0df1730148f5e6c1edf10a41/element - {"using":"xpath","value":"//span[contains(text(), \"PM Order\")]"}
RESULT: {"using":"xpath","value":"//span[contains(text(), \"PM Order\")]"}
COMMAND: POST /session/a995b82d0df1730148f5e6c1edf10a41/element/f.5AF93869D51CACD0ED0B7A3F3CCEB8C6.d.B676584C717CA28B9A5EA27688025667.e.13379/click - {}
RESULT: {}
COMMAND: GET /session/a995b82d0df1730148f5e6c1edf10a41/screenshot - {}
RESULT: {}
COMMAND: POST /session/a995b82d0df1730148f5e6c1edf10a41/element - {"using":"xpath","value":"(//span[contains(@id ,\"manageresources-display-component---newResourceUnit--RUTimeSegment-0-vhi\")])[1]"}
RESULT: {"using":"xpath","value":"(//span[contains(@id ,\"manageresources-display-component---newResourceUnit--RUTimeSegment-0-vhi\")])[1]"}
COMMAND: GET /session/a995b82d0df1730148f5e6c1edf10a41/element/f.5AF93869D51CACD0ED0B7A3F3CCEB8C6.d.B676584C717CA28B9A5EA27688025667.e.13383/rect - {}
RESULT: {}
COMMAND: GET /session/a995b82d0df1730148f5e6c1edf10a41/window/rect - {}
RESULT: {}
COMMAND: POST /session/a995b82d0df1730148f5e6c1edf10a41/execute/sync - {"script":"<script> [92 bytes]","args":[]}
RESULT: {"script":"<script> [92 bytes]","args":[]}
COMMAND: POST /session/a995b82d0df1730148f5e6c1edf10a41/actions - {"actions":[{"id":"action47","type":"wheel","parameters":{},"actions":[{"type":"scroll","x":-869,"y":-24,"deltaX":0,"deltaY":0,"duration":0,"origin":{"element-6066-11e4-a52e-4f735466cecf":"f.5AF93869D51CACD0ED0B7A3F3CCEB8C6.d.B676584C717CA28B9A5EA27688025667.e.13383"}}]}]}
COMMAND: GET /session/a995b82d0df1730148f5e6c1edf10a41/screenshot - {}
RESULT: {"actions":[{"id":"action47","type":"wheel","parameters":{},"actions":[{"type":"scroll","x":-869,"y":-24,"deltaX":0,"deltaY":0,"duration":0,"origin":{"element-6066-11e4-a52e-4f735466cecf":"f.5AF93869D51CACD0ED0B7A3F3CCEB8C6.d.B676584C717CA28B9A5EA27688025667.e.13383"}}]}]}
COMMAND: DELETE /session/a995b82d0df1730148f5e6c1edf10a41/actions - {}
COMMAND: GET /session/a995b82d0df1730148f5e6c1edf10a41/screenshot - {}
RESULT: {}
RESULT: {}
COMMAND: GET /session/a995b82d0df1730148f5e6c1edf10a41/screenshot - {}
RESULT: {}
RESULT: {}
COMMAND: POST /session/a995b82d0df1730148f5e6c1edf10a41/element/f.5AF93869D51CACD0ED0B7A3F3CCEB8C6.d.B676584C717CA28B9A5EA27688025667.e.13383/click - {}
RESULT: {}
COMMAND: GET /session/a995b82d0df1730148f5e6c1edf10a41/screenshot - {}
RESULT: {}
COMMAND: POST /session/a995b82d0df1730148f5e6c1edf10a41/execute/async - {"script":"<script> [1562 bytes]","args":[{"selector":{"controlType":"sap.m.SearchField","properties":{"placeholder":"Search"},"searchOpenDialogs":true,"interaction":{"idSuffix":"I"}},"wdio_ui5_key":"sapm.SearchField{\"placeholder\":\"Search\"}"}]}
RESULT: {"script":"<script> [1562 bytes]","args":[{"selector":{"controlType":"sap.m.SearchField","properties":{"placeholder":"Search"},"searchOpenDialogs":true,"interaction":{"idSuffix":"I"}},"wdio_ui5_key":"sapm.SearchField{\"placeholder\":\"Search\"}"}]}
RESULT: undefined
COMMAND: POST /session/a995b82d0df1730148f5e6c1edf10a41/execute/async - {"script":"<script> [776 bytes]","args":[{"enterText":"4000360","selector":{"controlType":"sap.m.SearchField","properties":{"placeholder":"Search"},"searchOpenDialogs":true,"interaction":{"idSuffix":"I"}},"clearTextFirst":true,"interactionType":"ENTER_TEXT"}]}
RESULT: {"script":"<script> [776 bytes]","args":[{"enterText":"4000360","selector":{"controlType":"sap.m.SearchField","properties":{"placeholder":"Search"},"searchOpenDialogs":true,"interaction":{"idSuffix":"I"}},"clearTextFirst":true,"interactionType":"ENTER_TEXT"}]}
COMMAND: POST /session/a995b82d0df1730148f5e6c1edf10a41/actions - {"actions":[{"id":"action48","type":"key","parameters":{},"actions":[{"type":"keyDown","value":""},{"type":"pause","duration":10},{"type":"keyUp","value":""}]}]}
RESULT: {"actions":[{"id":"action48","type":"key","parameters":{},"actions":[{"type":"keyDown","value":""},{"type":"pause","duration":10},{"type":"keyUp","value":""}]}]}
COMMAND: GET /session/a995b82d0df1730148f5e6c1edf10a41/screenshot - {}
RESULT: {}
COMMAND: POST /session/a995b82d0df1730148f5e6c1edf10a41/element - {"using":"xpath","value":"//td/div/span[contains(text(), \"BGL Vehicles\")]"}
RESULT: {"using":"xpath","value":"//td/div/span[contains(text(), \"BGL Vehicles\")]"}
COMMAND: POST /session/a995b82d0df1730148f5e6c1edf10a41/element/f.5AF93869D51CACD0ED0B7A3F3CCEB8C6.d.B676584C717CA28B9A5EA27688025667.e.13405/click - {}
RESULT: {}
COMMAND: GET /session/a995b82d0df1730148f5e6c1edf10a41/screenshot - {}
RESULT: {}
COMMAND: POST /session/a995b82d0df1730148f5e6c1edf10a41/element - {"using":"xpath","value":"//bdi[contains(text(), \"OK\")]"}
RESULT: {"using":"xpath","value":"//bdi[contains(text(), \"OK\")]"}
COMMAND: POST /session/a995b82d0df1730148f5e6c1edf10a41/element/f.5AF93869D51CACD0ED0B7A3F3CCEB8C6.d.B676584C717CA28B9A5EA27688025667.e.13406/click - {}
RESULT: {}
COMMAND: GET /session/a995b82d0df1730148f5e6c1edf10a41/screenshot - {}
RESULT: {}
COMMAND: POST /session/a995b82d0df1730148f5e6c1edf10a41/execute/async - {"script":"<script> [1562 bytes]","args":[{"selector":{"id":"application-manageresources-display-component---newResourceUnit--newRRUPage-anchBar-application-manageresources-display-component---newResourceUnit--resource-anchor","interaction":{"idSuffix":"BDI-content"}},"wdio_ui5_key":"applicationmanageresources-display-component---newResourceUnit--newRRUPage-anchBar-application-manageresources-display-component---newResourceUnit--resource-anchor"}]}
RESULT: {"script":"<script> [1562 bytes]","args":[{"selector":{"id":"application-manageresources-display-component---newResourceUnit--newRRUPage-anchBar-application-manageresources-display-component---newResourceUnit--resource-anchor","interaction":{"idSuffix":"BDI-content"}},"wdio_ui5_key":"applicationmanageresources-display-component---newResourceUnit--newRRUPage-anchBar-application-manageresources-display-component---newResourceUnit--resource-anchor"}]}
RESULT: undefined
COMMAND: POST /session/a995b82d0df1730148f5e6c1edf10a41/element - {"using":"xpath","value":"//*[@id=\"application-manageresources-display-component---newResourceUnit--newRRUPage-anchBar-application-manageresources-display-component---newResourceUnit--resource-anchor\"]"}
RESULT: {"using":"xpath","value":"//*[@id=\"application-manageresources-display-component---newResourceUnit--newRRUPage-anchBar-application-manageresources-display-component---newResourceUnit--resource-anchor\"]"}
COMMAND: POST /session/a995b82d0df1730148f5e6c1edf10a41/element/f.5AF93869D51CACD0ED0B7A3F3CCEB8C6.d.B676584C717CA28B9A5EA27688025667.e.13410/click - {}
RESULT: {}
COMMAND: POST /session/a995b82d0df1730148f5e6c1edf10a41/execute/async - {"script":"<script> [1562 bytes]","args":[{"selector":{"id":"application-manageresources-display-component---newResourceUnit--PLANNED_DELIVERY_DATE","interaction":{"idSuffix":"inner"}},"wdio_ui5_key":"applicationmanageresources-display-component---newResourceUnit--PLANNED_DELIVERY_DATE"}]}
COMMAND: GET /session/a995b82d0df1730148f5e6c1edf10a41/screenshot - {}
RESULT: {"script":"<script> [1562 bytes]","args":[{"selector":{"id":"application-manageresources-display-component---newResourceUnit--PLANNED_DELIVERY_DATE","interaction":{"idSuffix":"inner"}},"wdio_ui5_key":"applicationmanageresources-display-component---newResourceUnit--PLANNED_DELIVERY_DATE"}]}
RESULT: undefined
COMMAND: POST /session/a995b82d0df1730148f5e6c1edf10a41/execute/async - {"script":"<script> [6424 bytes]","args":[{"element-6066-11e4-a52e-4f735466cecf":"f.5AF93869D51CACD0ED0B7A3F3CCEB8C6.d.B676584C717CA28B9A5EA27688025667.e.13237"},"setValue",["5/30/25"]]}
RESULT: {}
RESULT: {"script":"<script> [6424 bytes]","args":[{"element-6066-11e4-a52e-4f735466cecf":"f.5AF93869D51CACD0ED0B7A3F3CCEB8C6.d.B676584C717CA28B9A5EA27688025667.e.13237"},"setValue",["5/30/25"]]}
COMMAND: POST /session/a995b82d0df1730148f5e6c1edf10a41/element - {"using":"xpath","value":"//label[contains(@class, 'sapMLabelRequired') and .//bdi[contains(text(), 'Planned Retirement')]]"}
RESULT: {"using":"xpath","value":"//label[contains(@class, 'sapMLabelRequired') and .//bdi[contains(text(), 'Planned Retirement')]]"}
COMMAND: POST /session/a995b82d0df1730148f5e6c1edf10a41/elements - {"using":"xpath","value":"//label[contains(@class, 'sapMLabelRequired') and .//bdi[contains(text(), 'Planned Retirement')]]"}
RESULT: {"using":"xpath","value":"//label[contains(@class, 'sapMLabelRequired') and .//bdi[contains(text(), 'Planned Retirement')]]"}
COMMAND: POST /session/a995b82d0df1730148f5e6c1edf10a41/element - {"using":"xpath","value":"//button[@data-kt=\"resourceUnitSaveButton\"]"}
RESULT: {"using":"xpath","value":"//button[@data-kt=\"resourceUnitSaveButton\"]"}
COMMAND: POST /session/a995b82d0df1730148f5e6c1edf10a41/element/f.5AF93869D51CACD0ED0B7A3F3CCEB8C6.d.B676584C717CA28B9A5EA27688025667.e.13196/click - {}
RESULT: {}
COMMAND: GET /session/a995b82d0df1730148f5e6c1edf10a41/screenshot - {}
RESULT: {}
COMMAND: POST /session/a995b82d0df1730148f5e6c1edf10a41/element - {"using":"xpath","value":"//bdi[contains(text(), \"Close\")]"}
RESULT: {"using":"xpath","value":"//bdi[contains(text(), \"Close\")]"}
COMMAND: POST /session/a995b82d0df1730148f5e6c1edf10a41/element/f.5AF93869D51CACD0ED0B7A3F3CCEB8C6.d.B676584C717CA28B9A5EA27688025667.e.13420/click - {}
RESULT: {}
COMMAND: GET /session/a995b82d0df1730148f5e6c1edf10a41/screenshot - {}
RESULT: {}
COMMAND: POST /session/a995b82d0df1730148f5e6c1edf10a41/element - {"using":"xpath","value":"(//button[contains(@id ,\"actionsToolbar-overflowButton\")])[1]"}
RESULT: {"using":"xpath","value":"(//button[contains(@id ,\"actionsToolbar-overflowButton\")])[1]"}
COMMAND: POST /session/a995b82d0df1730148f5e6c1edf10a41/element/f.5AF93869D51CACD0ED0B7A3F3CCEB8C6.d.B676584C717CA28B9A5EA27688025667.e.13477/click - {}
RESULT: {}
COMMAND: GET /session/a995b82d0df1730148f5e6c1edf10a41/screenshot - {}
RESULT: {}
COMMAND: POST /session/a995b82d0df1730148f5e6c1edf10a41/element - {"using":"xpath","value":"//button[@data-kt=\"priceInfoButton\"]"}
RESULT: {"using":"xpath","value":"//button[@data-kt=\"priceInfoButton\"]"}
COMMAND: POST /session/a995b82d0df1730148f5e6c1edf10a41/element/f.5AF93869D51CACD0ED0B7A3F3CCEB8C6.d.B676584C717CA28B9A5EA27688025667.e.13479/click - {}
RESULT: {}
COMMAND: GET /session/a995b82d0df1730148f5e6c1edf10a41/screenshot - {}
RESULT: {}
]]></system-out>
    </testcase>
    <testcase classname="chrome.136_0_7103_93.windows.Create_Reverse_Billing_US127248" name="Should create a pricing procedure" time="61.316">
      <system-out><![CDATA[
COMMAND: POST /session/a995b82d0df1730148f5e6c1edf10a41/element - {"using":"xpath","value":"//button[@data-kt=\"addButton\"]"}
RESULT: {"using":"xpath","value":"//button[@data-kt=\"addButton\"]"}
COMMAND: POST /session/a995b82d0df1730148f5e6c1edf10a41/elements - {"using":"xpath","value":"//button[@data-kt=\"addButton\"]"}
RESULT: {"using":"xpath","value":"//button[@data-kt=\"addButton\"]"}
COMMAND: POST /session/a995b82d0df1730148f5e6c1edf10a41/elements - {"using":"xpath","value":"//button[@data-kt=\"addButton\"]"}
RESULT: {"using":"xpath","value":"//button[@data-kt=\"addButton\"]"}
COMMAND: POST /session/a995b82d0df1730148f5e6c1edf10a41/element - {"using":"xpath","value":"//button[@data-kt=\"addButton\"]"}
RESULT: {"using":"xpath","value":"//button[@data-kt=\"addButton\"]"}
COMMAND: POST /session/a995b82d0df1730148f5e6c1edf10a41/execute/sync - {"script":"<script> [8489 bytes]","args":[{"element-6066-11e4-a52e-4f735466cecf":"f.5AF93869D51CACD0ED0B7A3F3CCEB8C6.d.B676584C717CA28B9A5EA27688025667.e.13515","ELEMENT":"f.5AF93869D51CACD0ED0B7A3F3CCEB8C6.d.B676584C717CA28B9A5EA27688025667.e.13515"}]}
RESULT: {"script":"<script> [8489 bytes]","args":[{"element-6066-11e4-a52e-4f735466cecf":"f.5AF93869D51CACD0ED0B7A3F3CCEB8C6.d.B676584C717CA28B9A5EA27688025667.e.13515","ELEMENT":"f.5AF93869D51CACD0ED0B7A3F3CCEB8C6.d.B676584C717CA28B9A5EA27688025667.e.13515"}]}
COMMAND: GET /session/a995b82d0df1730148f5e6c1edf10a41/element/f.5AF93869D51CACD0ED0B7A3F3CCEB8C6.d.B676584C717CA28B9A5EA27688025667.e.13515/enabled - {}
COMMAND: GET /session/a995b82d0df1730148f5e6c1edf10a41/screenshot - {}
RESULT: {}
COMMAND: POST /session/a995b82d0df1730148f5e6c1edf10a41/execute/sync - {"script":"<script> [8489 bytes]","args":[{"element-6066-11e4-a52e-4f735466cecf":"f.5AF93869D51CACD0ED0B7A3F3CCEB8C6.d.B676584C717CA28B9A5EA27688025667.e.13515","ELEMENT":"f.5AF93869D51CACD0ED0B7A3F3CCEB8C6.d.B676584C717CA28B9A5EA27688025667.e.13515"}]}
COMMAND: GET /session/a995b82d0df1730148f5e6c1edf10a41/screenshot - {}
RESULT: {}
RESULT: {"script":"<script> [8489 bytes]","args":[{"element-6066-11e4-a52e-4f735466cecf":"f.5AF93869D51CACD0ED0B7A3F3CCEB8C6.d.B676584C717CA28B9A5EA27688025667.e.13515","ELEMENT":"f.5AF93869D51CACD0ED0B7A3F3CCEB8C6.d.B676584C717CA28B9A5EA27688025667.e.13515"}]}
COMMAND: POST /session/a995b82d0df1730148f5e6c1edf10a41/execute/sync - {"script":"<script> [5351 bytes]","args":[{"element-6066-11e4-a52e-4f735466cecf":"f.5AF93869D51CACD0ED0B7A3F3CCEB8C6.d.B676584C717CA28B9A5EA27688025667.e.13515","ELEMENT":"f.5AF93869D51CACD0ED0B7A3F3CCEB8C6.d.B676584C717CA28B9A5EA27688025667.e.13515"}]}
COMMAND: GET /session/a995b82d0df1730148f5e6c1edf10a41/screenshot - {}
RESULT: {}
RESULT: {"script":"<script> [5351 bytes]","args":[{"element-6066-11e4-a52e-4f735466cecf":"f.5AF93869D51CACD0ED0B7A3F3CCEB8C6.d.B676584C717CA28B9A5EA27688025667.e.13515","ELEMENT":"f.5AF93869D51CACD0ED0B7A3F3CCEB8C6.d.B676584C717CA28B9A5EA27688025667.e.13515"}]}
COMMAND: POST /session/a995b82d0df1730148f5e6c1edf10a41/element/f.5AF93869D51CACD0ED0B7A3F3CCEB8C6.d.B676584C717CA28B9A5EA27688025667.e.13515/click - {}
COMMAND: GET /session/a995b82d0df1730148f5e6c1edf10a41/screenshot - {}
RESULT: {}
RESULT: {}
COMMAND: GET /session/a995b82d0df1730148f5e6c1edf10a41/screenshot - {}
RESULT: {}
RESULT: {}
COMMAND: POST /session/a995b82d0df1730148f5e6c1edf10a41/execute/async - {"script":"<script> [1562 bytes]","args":[{"selector":{"controlType":"sap.m.Title","viewName":"etm.portal.ui.managepricingrules.view.NewItem","viewId":"application-managepricingrules-display-component---newInfoPriceItem","properties":{"text":"New Pricing Rules - Item Level"}},"wdio_ui5_key":"etmportal.ui.managepricingrules.view.NewItemsap.m.Title{\"text\":\"New Pricing Rules - Item Level\"}"}]}
RESULT: {"script":"<script> [1562 bytes]","args":[{"selector":{"controlType":"sap.m.Title","viewName":"etm.portal.ui.managepricingrules.view.NewItem","viewId":"application-managepricingrules-display-component---newInfoPriceItem","properties":{"text":"New Pricing Rules - Item Level"}},"wdio_ui5_key":"etmportal.ui.managepricingrules.view.NewItemsap.m.Title{\"text\":\"New Pricing Rules - Item Level\"}"}]}
RESULT: undefined
COMMAND: POST /session/a995b82d0df1730148f5e6c1edf10a41/execute/async - {"script":"<script> [6424 bytes]","args":[{"element-6066-11e4-a52e-4f735466cecf":"f.5AF93869D51CACD0ED0B7A3F3CCEB8C6.d.B676584C717CA28B9A5EA27688025667.e.13676"},"getText",[]]}
RESULT: {"script":"<script> [6424 bytes]","args":[{"element-6066-11e4-a52e-4f735466cecf":"f.5AF93869D51CACD0ED0B7A3F3CCEB8C6.d.B676584C717CA28B9A5EA27688025667.e.13676"},"getText",[]]}
COMMAND: POST /session/a995b82d0df1730148f5e6c1edf10a41/execute/async - {"script":"<script> [1562 bytes]","args":[{"selector":{"id":"application-managepricingrules-display-component---newInfoPriceItem--condValidTo","interaction":{"idSuffix":"inner"}},"wdio_ui5_key":"applicationmanagepricingrules-display-component---newInfoPriceItem--condValidTo"}]}
RESULT: {"script":"<script> [1562 bytes]","args":[{"selector":{"id":"application-managepricingrules-display-component---newInfoPriceItem--condValidTo","interaction":{"idSuffix":"inner"}},"wdio_ui5_key":"applicationmanagepricingrules-display-component---newInfoPriceItem--condValidTo"}]}
RESULT: undefined
COMMAND: POST /session/a995b82d0df1730148f5e6c1edf10a41/execute/async - {"script":"<script> [776 bytes]","args":[{"enterText":"1/30/26","selector":{"id":"application-managepricingrules-display-component---newInfoPriceItem--condValidTo","interaction":{"idSuffix":"inner"}},"clearTextFirst":true,"interactionType":"ENTER_TEXT"}]}
RESULT: {"script":"<script> [776 bytes]","args":[{"enterText":"1/30/26","selector":{"id":"application-managepricingrules-display-component---newInfoPriceItem--condValidTo","interaction":{"idSuffix":"inner"}},"clearTextFirst":true,"interactionType":"ENTER_TEXT"}]}
COMMAND: POST /session/a995b82d0df1730148f5e6c1edf10a41/execute/async - {"script":"<script> [1562 bytes]","args":[{"selector":{"id":"application-managepricingrules-display-component---newInfoPriceItem--billType-arrow"},"wdio_ui5_key":"applicationmanagepricingrules-display-component---newInfoPriceItem--billType-arrow"}]}
RESULT: {"script":"<script> [1562 bytes]","args":[{"selector":{"id":"application-managepricingrules-display-component---newInfoPriceItem--billType-arrow"},"wdio_ui5_key":"applicationmanagepricingrules-display-component---newInfoPriceItem--billType-arrow"}]}
RESULT: undefined
COMMAND: POST /session/a995b82d0df1730148f5e6c1edf10a41/element - {"using":"xpath","value":"//*[@id=\"application-managepricingrules-display-component---newInfoPriceItem--billType-arrow\"]"}
RESULT: {"using":"xpath","value":"//*[@id=\"application-managepricingrules-display-component---newInfoPriceItem--billType-arrow\"]"}
COMMAND: POST /session/a995b82d0df1730148f5e6c1edf10a41/element/f.5AF93869D51CACD0ED0B7A3F3CCEB8C6.d.B676584C717CA28B9A5EA27688025667.e.13678/click - {}
RESULT: {}
COMMAND: POST /session/a995b82d0df1730148f5e6c1edf10a41/element - {"using":"xpath","value":"//span[contains(text(), \"TB - Time based\")]"}
COMMAND: GET /session/a995b82d0df1730148f5e6c1edf10a41/screenshot - {}
RESULT: {"using":"xpath","value":"//span[contains(text(), \"TB - Time based\")]"}
COMMAND: POST /session/a995b82d0df1730148f5e6c1edf10a41/element/f.5AF93869D51CACD0ED0B7A3F3CCEB8C6.d.B676584C717CA28B9A5EA27688025667.e.13679/click - {}
RESULT: {}
RESULT: {}
COMMAND: POST /session/a995b82d0df1730148f5e6c1edf10a41/execute/async - {"script":"<script> [1562 bytes]","args":[{"selector":{"id":"application-managepricingrules-display-component---newInfoPriceItem--priceProc-arrow"},"wdio_ui5_key":"applicationmanagepricingrules-display-component---newInfoPriceItem--priceProc-arrow"}]}
COMMAND: GET /session/a995b82d0df1730148f5e6c1edf10a41/screenshot - {}
RESULT: {"script":"<script> [1562 bytes]","args":[{"selector":{"id":"application-managepricingrules-display-component---newInfoPriceItem--priceProc-arrow"},"wdio_ui5_key":"applicationmanagepricingrules-display-component---newInfoPriceItem--priceProc-arrow"}]}
RESULT: undefined
COMMAND: POST /session/a995b82d0df1730148f5e6c1edf10a41/element - {"using":"xpath","value":"//*[@id=\"application-managepricingrules-display-component---newInfoPriceItem--priceProc-arrow\"]"}
RESULT: {}
RESULT: {"using":"xpath","value":"//*[@id=\"application-managepricingrules-display-component---newInfoPriceItem--priceProc-arrow\"]"}
COMMAND: POST /session/a995b82d0df1730148f5e6c1edf10a41/element/f.5AF93869D51CACD0ED0B7A3F3CCEB8C6.d.B676584C717CA28B9A5EA27688025667.e.13641/click - {}
RESULT: {}
COMMAND: POST /session/a995b82d0df1730148f5e6c1edf10a41/element - {"using":"xpath","value":"//span[contains(text(), \"TBS - Time based standard\")]"}
COMMAND: GET /session/a995b82d0df1730148f5e6c1edf10a41/screenshot - {}
RESULT: {"using":"xpath","value":"//span[contains(text(), \"TBS - Time based standard\")]"}
COMMAND: POST /session/a995b82d0df1730148f5e6c1edf10a41/element/f.5AF93869D51CACD0ED0B7A3F3CCEB8C6.d.B676584C717CA28B9A5EA27688025667.e.13680/click - {}
RESULT: {}
RESULT: {}
COMMAND: POST /session/a995b82d0df1730148f5e6c1edf10a41/execute/async - {"script":"<script> [1562 bytes]","args":[{"selector":{"id":"application-managepricingrules-display-component---newInfoPriceItem--calcBase-arrow"},"wdio_ui5_key":"applicationmanagepricingrules-display-component---newInfoPriceItem--calcBase-arrow"}]}
COMMAND: GET /session/a995b82d0df1730148f5e6c1edf10a41/screenshot - {}
RESULT: {"script":"<script> [1562 bytes]","args":[{"selector":{"id":"application-managepricingrules-display-component---newInfoPriceItem--calcBase-arrow"},"wdio_ui5_key":"applicationmanagepricingrules-display-component---newInfoPriceItem--calcBase-arrow"}]}
RESULT: undefined
COMMAND: POST /session/a995b82d0df1730148f5e6c1edf10a41/element - {"using":"xpath","value":"//*[@id=\"application-managepricingrules-display-component---newInfoPriceItem--calcBase-arrow\"]"}
RESULT: {}
RESULT: {"using":"xpath","value":"//*[@id=\"application-managepricingrules-display-component---newInfoPriceItem--calcBase-arrow\"]"}
COMMAND: POST /session/a995b82d0df1730148f5e6c1edf10a41/element/f.5AF93869D51CACD0ED0B7A3F3CCEB8C6.d.B676584C717CA28B9A5EA27688025667.e.13648/click - {}
RESULT: {}
COMMAND: GET /session/a995b82d0df1730148f5e6c1edf10a41/screenshot - {}
RESULT: {}
COMMAND: POST /session/a995b82d0df1730148f5e6c1edf10a41/element - {"using":"xpath","value":"//span[contains(text(), \"0006 - TB(calendar days)\")]"}
RESULT: {"using":"xpath","value":"//span[contains(text(), \"0006 - TB(calendar days)\")]"}
COMMAND: POST /session/a995b82d0df1730148f5e6c1edf10a41/element/f.5AF93869D51CACD0ED0B7A3F3CCEB8C6.d.B676584C717CA28B9A5EA27688025667.e.13681/click - {}
RESULT: {}
COMMAND: GET /session/a995b82d0df1730148f5e6c1edf10a41/screenshot - {}
RESULT: {}
COMMAND: POST /session/a995b82d0df1730148f5e6c1edf10a41/execute/async - {"script":"<script> [1562 bytes]","args":[{"selector":{"id":"application-managepricingrules-display-component---newInfoPriceItem--daysMonth","interaction":{"idSuffix":"inner"}},"wdio_ui5_key":"applicationmanagepricingrules-display-component---newInfoPriceItem--daysMonth"}]}
RESULT: {"script":"<script> [1562 bytes]","args":[{"selector":{"id":"application-managepricingrules-display-component---newInfoPriceItem--daysMonth","interaction":{"idSuffix":"inner"}},"wdio_ui5_key":"applicationmanagepricingrules-display-component---newInfoPriceItem--daysMonth"}]}
RESULT: undefined
COMMAND: POST /session/a995b82d0df1730148f5e6c1edf10a41/execute/async - {"script":"<script> [776 bytes]","args":[{"enterText":"30","selector":{"id":"application-managepricingrules-display-component---newInfoPriceItem--daysMonth","interaction":{"idSuffix":"inner"}},"clearTextFirst":true,"interactionType":"ENTER_TEXT"}]}
RESULT: {"script":"<script> [776 bytes]","args":[{"enterText":"30","selector":{"id":"application-managepricingrules-display-component---newInfoPriceItem--daysMonth","interaction":{"idSuffix":"inner"}},"clearTextFirst":true,"interactionType":"ENTER_TEXT"}]}
COMMAND: POST /session/a995b82d0df1730148f5e6c1edf10a41/element - {"using":"xpath","value":"//button[@data-kt=\"saveNewRuleButton\"]"}
RESULT: {"using":"xpath","value":"//button[@data-kt=\"saveNewRuleButton\"]"}
COMMAND: POST /session/a995b82d0df1730148f5e6c1edf10a41/element/f.5AF93869D51CACD0ED0B7A3F3CCEB8C6.d.B676584C717CA28B9A5EA27688025667.e.13665/click - {}
RESULT: {}
COMMAND: GET /session/a995b82d0df1730148f5e6c1edf10a41/screenshot - {}
RESULT: {}
COMMAND: POST /session/a995b82d0df1730148f5e6c1edf10a41/execute/async - {"script":"<script> [1562 bytes]","args":[{"selector":{"id":"application-managepricingrules-display-component---priceInfoItem--smartFilterBar-btnBasicSearch","interaction":{"idSuffix":"I"}},"wdio_ui5_key":"applicationmanagepricingrules-display-component---priceInfoItem--smartFilterBar-btnBasicSearch"}]}
RESULT: {"script":"<script> [1562 bytes]","args":[{"selector":{"id":"application-managepricingrules-display-component---priceInfoItem--smartFilterBar-btnBasicSearch","interaction":{"idSuffix":"I"}},"wdio_ui5_key":"applicationmanagepricingrules-display-component---priceInfoItem--smartFilterBar-btnBasicSearch"}]}
RESULT: undefined
COMMAND: POST /session/a995b82d0df1730148f5e6c1edf10a41/execute/async - {"script":"<script> [776 bytes]","args":[{"enterText":"HxQEhKNivT","selector":{"id":"application-managepricingrules-display-component---priceInfoItem--smartFilterBar-btnBasicSearch","interaction":{"idSuffix":"I"}},"clearTextFirst":true,"interactionType":"ENTER_TEXT"}]}
RESULT: {"script":"<script> [776 bytes]","args":[{"enterText":"HxQEhKNivT","selector":{"id":"application-managepricingrules-display-component---priceInfoItem--smartFilterBar-btnBasicSearch","interaction":{"idSuffix":"I"}},"clearTextFirst":true,"interactionType":"ENTER_TEXT"}]}
COMMAND: POST /session/a995b82d0df1730148f5e6c1edf10a41/actions - {"actions":[{"id":"action49","type":"key","parameters":{},"actions":[{"type":"keyDown","value":""},{"type":"pause","duration":10},{"type":"keyUp","value":""}]}]}
RESULT: {"actions":[{"id":"action49","type":"key","parameters":{},"actions":[{"type":"keyDown","value":""},{"type":"pause","duration":10},{"type":"keyUp","value":""}]}]}
COMMAND: GET /session/a995b82d0df1730148f5e6c1edf10a41/screenshot - {}
RESULT: {}
COMMAND: POST /session/a995b82d0df1730148f5e6c1edf10a41/element - {"using":"xpath","value":"//span[@id=\"application-managepricingrules-display-component---priceInfoItem--smartTable-header-inner\"]"}
RESULT: {"using":"xpath","value":"//span[@id=\"application-managepricingrules-display-component---priceInfoItem--smartTable-header-inner\"]"}
COMMAND: POST /session/a995b82d0df1730148f5e6c1edf10a41/elements - {"using":"xpath","value":"//span[@id=\"application-managepricingrules-display-component---priceInfoItem--smartTable-header-inner\"]"}
RESULT: {"using":"xpath","value":"//span[@id=\"application-managepricingrules-display-component---priceInfoItem--smartTable-header-inner\"]"}
COMMAND: POST /session/a995b82d0df1730148f5e6c1edf10a41/execute/sync - {"script":"<script> [56 bytes]","args":[{"element-6066-11e4-a52e-4f735466cecf":"f.5AF93869D51CACD0ED0B7A3F3CCEB8C6.d.B676584C717CA28B9A5EA27688025667.e.13705","ELEMENT":"f.5AF93869D51CACD0ED0B7A3F3CCEB8C6.d.B676584C717CA28B9A5EA27688025667.e.13705"}]}
RESULT: {"script":"<script> [56 bytes]","args":[{"element-6066-11e4-a52e-4f735466cecf":"f.5AF93869D51CACD0ED0B7A3F3CCEB8C6.d.B676584C717CA28B9A5EA27688025667.e.13705","ELEMENT":"f.5AF93869D51CACD0ED0B7A3F3CCEB8C6.d.B676584C717CA28B9A5EA27688025667.e.13705"}]}
COMMAND: POST /session/a995b82d0df1730148f5e6c1edf10a41/element - {"using":"css selector","value":"#shell-header-logo"}
COMMAND: GET /session/a995b82d0df1730148f5e6c1edf10a41/screenshot - {}
RESULT: {"using":"css selector","value":"#shell-header-logo"}
COMMAND: POST /session/a995b82d0df1730148f5e6c1edf10a41/element/f.5AF93869D51CACD0ED0B7A3F3CCEB8C6.d.B676584C717CA28B9A5EA27688025667.e.12791/click - {}
RESULT: {}
RESULT: {}
COMMAND: GET /session/a995b82d0df1730148f5e6c1edf10a41/screenshot - {}
RESULT: {}
]]></system-out>
    </testcase>
    <testcase classname="chrome.136_0_7103_93.windows.Create_Reverse_Billing_US127248" name="Should manage conditions" time="73.246">
      <system-out><![CDATA[
COMMAND: POST /session/a995b82d0df1730148f5e6c1edf10a41/execute/async - {"script":"<script> [1562 bytes]","args":[{"selector":{"controlType":"sap.m.GenericTile","properties":{"header":"Manage Conditions & Prices"}},"wdio_ui5_key":"sapm.GenericTile{\"header\":\"Manage Conditions & Prices\"}"}]}
RESULT: {"script":"<script> [1562 bytes]","args":[{"selector":{"controlType":"sap.m.GenericTile","properties":{"header":"Manage Conditions & Prices"}},"wdio_ui5_key":"sapm.GenericTile{\"header\":\"Manage Conditions & Prices\"}"}]}
RESULT: undefined
COMMAND: POST /session/a995b82d0df1730148f5e6c1edf10a41/element - {"using":"xpath","value":"//*[@id=\"__tile53\"]"}
RESULT: {"using":"xpath","value":"//*[@id=\"__tile53\"]"}
COMMAND: POST /session/a995b82d0df1730148f5e6c1edf10a41/element/f.5AF93869D51CACD0ED0B7A3F3CCEB8C6.d.B676584C717CA28B9A5EA27688025667.e.12722/click - {}
RESULT: {}
COMMAND: GET /session/a995b82d0df1730148f5e6c1edf10a41/screenshot - {}
RESULT: {}
COMMAND: POST /session/a995b82d0df1730148f5e6c1edf10a41/elements - {"using":"xpath","value":"//span[text()='Error']"}
RESULT: {"using":"xpath","value":"//span[text()='Error']"}
COMMAND: POST /session/a995b82d0df1730148f5e6c1edf10a41/element - {"using":"xpath","value":"//button[@aria-label=\"Create\"]"}
RESULT: {"using":"xpath","value":"//button[@aria-label=\"Create\"]"}
COMMAND: POST /session/a995b82d0df1730148f5e6c1edf10a41/elements - {"using":"xpath","value":"//button[@aria-label=\"Create\"]"}
RESULT: {"using":"xpath","value":"//button[@aria-label=\"Create\"]"}
COMMAND: POST /session/a995b82d0df1730148f5e6c1edf10a41/execute/sync - {"script":"<script> [8489 bytes]","args":[{"element-6066-11e4-a52e-4f735466cecf":"f.5AF93869D51CACD0ED0B7A3F3CCEB8C6.d.B676584C717CA28B9A5EA27688025667.e.13741","ELEMENT":"f.5AF93869D51CACD0ED0B7A3F3CCEB8C6.d.B676584C717CA28B9A5EA27688025667.e.13741"}]}
RESULT: {"script":"<script> [8489 bytes]","args":[{"element-6066-11e4-a52e-4f735466cecf":"f.5AF93869D51CACD0ED0B7A3F3CCEB8C6.d.B676584C717CA28B9A5EA27688025667.e.13741","ELEMENT":"f.5AF93869D51CACD0ED0B7A3F3CCEB8C6.d.B676584C717CA28B9A5EA27688025667.e.13741"}]}
COMMAND: GET /session/a995b82d0df1730148f5e6c1edf10a41/element/f.5AF93869D51CACD0ED0B7A3F3CCEB8C6.d.B676584C717CA28B9A5EA27688025667.e.13741/enabled - {}
COMMAND: GET /session/a995b82d0df1730148f5e6c1edf10a41/screenshot - {}
RESULT: {}
COMMAND: POST /session/a995b82d0df1730148f5e6c1edf10a41/execute/sync - {"script":"<script> [8489 bytes]","args":[{"element-6066-11e4-a52e-4f735466cecf":"f.5AF93869D51CACD0ED0B7A3F3CCEB8C6.d.B676584C717CA28B9A5EA27688025667.e.13741","ELEMENT":"f.5AF93869D51CACD0ED0B7A3F3CCEB8C6.d.B676584C717CA28B9A5EA27688025667.e.13741"}]}
COMMAND: GET /session/a995b82d0df1730148f5e6c1edf10a41/screenshot - {}
RESULT: {}
RESULT: {"script":"<script> [8489 bytes]","args":[{"element-6066-11e4-a52e-4f735466cecf":"f.5AF93869D51CACD0ED0B7A3F3CCEB8C6.d.B676584C717CA28B9A5EA27688025667.e.13741","ELEMENT":"f.5AF93869D51CACD0ED0B7A3F3CCEB8C6.d.B676584C717CA28B9A5EA27688025667.e.13741"}]}
COMMAND: POST /session/a995b82d0df1730148f5e6c1edf10a41/execute/sync - {"script":"<script> [5351 bytes]","args":[{"element-6066-11e4-a52e-4f735466cecf":"f.5AF93869D51CACD0ED0B7A3F3CCEB8C6.d.B676584C717CA28B9A5EA27688025667.e.13741","ELEMENT":"f.5AF93869D51CACD0ED0B7A3F3CCEB8C6.d.B676584C717CA28B9A5EA27688025667.e.13741"}]}
COMMAND: GET /session/a995b82d0df1730148f5e6c1edf10a41/screenshot - {}
RESULT: {}
RESULT: {"script":"<script> [5351 bytes]","args":[{"element-6066-11e4-a52e-4f735466cecf":"f.5AF93869D51CACD0ED0B7A3F3CCEB8C6.d.B676584C717CA28B9A5EA27688025667.e.13741","ELEMENT":"f.5AF93869D51CACD0ED0B7A3F3CCEB8C6.d.B676584C717CA28B9A5EA27688025667.e.13741"}]}
COMMAND: POST /session/a995b82d0df1730148f5e6c1edf10a41/element/f.5AF93869D51CACD0ED0B7A3F3CCEB8C6.d.B676584C717CA28B9A5EA27688025667.e.13741/click - {}
COMMAND: GET /session/a995b82d0df1730148f5e6c1edf10a41/screenshot - {}
RESULT: {}
RESULT: {}
COMMAND: GET /session/a995b82d0df1730148f5e6c1edf10a41/screenshot - {}
RESULT: {}
RESULT: {}
COMMAND: POST /session/a995b82d0df1730148f5e6c1edf10a41/actions - {"actions":[{"id":"action50","type":"key","parameters":{},"actions":[{"type":"keyDown","value":""},{"type":"pause","duration":10},{"type":"keyUp","value":""}]}]}
RESULT: {"actions":[{"id":"action50","type":"key","parameters":{},"actions":[{"type":"keyDown","value":""},{"type":"pause","duration":10},{"type":"keyUp","value":""}]}]}
COMMAND: GET /session/a995b82d0df1730148f5e6c1edf10a41/screenshot - {}
RESULT: {}
COMMAND: POST /session/a995b82d0df1730148f5e6c1edf10a41/execute/async - {"script":"<script> [1562 bytes]","args":[{"selector":{"id":"application-manageconditionprice-display-component---newCondition--condBillCond-arrow"},"wdio_ui5_key":"applicationmanageconditionprice-display-component---newCondition--condBillCond-arrow"}]}
RESULT: {"script":"<script> [1562 bytes]","args":[{"selector":{"id":"application-manageconditionprice-display-component---newCondition--condBillCond-arrow"},"wdio_ui5_key":"applicationmanageconditionprice-display-component---newCondition--condBillCond-arrow"}]}
RESULT: undefined
COMMAND: POST /session/a995b82d0df1730148f5e6c1edf10a41/element - {"using":"xpath","value":"//*[@id=\"application-manageconditionprice-display-component---newCondition--condBillCond-arrow\"]"}
RESULT: {"using":"xpath","value":"//*[@id=\"application-manageconditionprice-display-component---newCondition--condBillCond-arrow\"]"}
COMMAND: POST /session/a995b82d0df1730148f5e6c1edf10a41/element/f.5AF93869D51CACD0ED0B7A3F3CCEB8C6.d.B676584C717CA28B9A5EA27688025667.e.13920/click - {}
RESULT: {}
COMMAND: GET /session/a995b82d0df1730148f5e6c1edf10a41/screenshot - {}
RESULT: {}
COMMAND: POST /session/a995b82d0df1730148f5e6c1edf10a41/element - {"using":"xpath","value":"//li[.//span[contains(text(), \"DISP - D&I special price\")]]"}
RESULT: {"using":"xpath","value":"//li[.//span[contains(text(), \"DISP - D&I special price\")]]"}
COMMAND: POST /session/a995b82d0df1730148f5e6c1edf10a41/element/f.5AF93869D51CACD0ED0B7A3F3CCEB8C6.d.B676584C717CA28B9A5EA27688025667.e.13923/click - {}
RESULT: {}
COMMAND: GET /session/a995b82d0df1730148f5e6c1edf10a41/screenshot - {}
RESULT: {}
COMMAND: POST /session/a995b82d0df1730148f5e6c1edf10a41/execute/async - {"script":"<script> [1562 bytes]","args":[{"selector":{"id":"application-manageconditionprice-display-component---newCondition--condValidTo","interaction":{"idSuffix":"inner"}},"wdio_ui5_key":"applicationmanageconditionprice-display-component---newCondition--condValidTo"}]}
RESULT: {"script":"<script> [1562 bytes]","args":[{"selector":{"id":"application-manageconditionprice-display-component---newCondition--condValidTo","interaction":{"idSuffix":"inner"}},"wdio_ui5_key":"applicationmanageconditionprice-display-component---newCondition--condValidTo"}]}
RESULT: undefined
COMMAND: POST /session/a995b82d0df1730148f5e6c1edf10a41/execute/async - {"script":"<script> [776 bytes]","args":[{"enterText":"1/30/26","selector":{"id":"application-manageconditionprice-display-component---newCondition--condValidTo","interaction":{"idSuffix":"inner"}},"clearTextFirst":true,"interactionType":"ENTER_TEXT"}]}
RESULT: {"script":"<script> [776 bytes]","args":[{"enterText":"1/30/26","selector":{"id":"application-manageconditionprice-display-component---newCondition--condValidTo","interaction":{"idSuffix":"inner"}},"clearTextFirst":true,"interactionType":"ENTER_TEXT"}]}
COMMAND: POST /session/a995b82d0df1730148f5e6c1edf10a41/element - {"using":"xpath","value":"//input[@id=\"application-manageconditionprice-display-component---newCondition--condRU-inner\"]"}
RESULT: {"using":"xpath","value":"//input[@id=\"application-manageconditionprice-display-component---newCondition--condRU-inner\"]"}
COMMAND: POST /session/a995b82d0df1730148f5e6c1edf10a41/element/f.5AF93869D51CACD0ED0B7A3F3CCEB8C6.d.B676584C717CA28B9A5EA27688025667.e.13786/clear - {}
RESULT: {}
COMMAND: POST /session/a995b82d0df1730148f5e6c1edf10a41/element/f.5AF93869D51CACD0ED0B7A3F3CCEB8C6.d.B676584C717CA28B9A5EA27688025667.e.13786/value - {"text":"HxQEhKNivT"}
COMMAND: GET /session/a995b82d0df1730148f5e6c1edf10a41/screenshot - {}
RESULT: {"text":"HxQEhKNivT"}
COMMAND: GET /session/a995b82d0df1730148f5e6c1edf10a41/screenshot - {}
RESULT: {}
RESULT: {}
COMMAND: POST /session/a995b82d0df1730148f5e6c1edf10a41/actions - {"actions":[{"id":"action51","type":"key","parameters":{},"actions":[{"type":"keyDown","value":""},{"type":"pause","duration":10},{"type":"keyUp","value":""}]}]}
RESULT: {"actions":[{"id":"action51","type":"key","parameters":{},"actions":[{"type":"keyDown","value":""},{"type":"pause","duration":10},{"type":"keyUp","value":""}]}]}
COMMAND: POST /session/a995b82d0df1730148f5e6c1edf10a41/execute/async - {"script":"<script> [1562 bytes]","args":[{"selector":{"id":"application-manageconditionprice-display-component---newCondition--condBaseQty","interaction":{"idSuffix":"inner"}},"wdio_ui5_key":"applicationmanageconditionprice-display-component---newCondition--condBaseQty"}]}
COMMAND: GET /session/a995b82d0df1730148f5e6c1edf10a41/screenshot - {}
RESULT: {"script":"<script> [1562 bytes]","args":[{"selector":{"id":"application-manageconditionprice-display-component---newCondition--condBaseQty","interaction":{"idSuffix":"inner"}},"wdio_ui5_key":"applicationmanageconditionprice-display-component---newCondition--condBaseQty"}]}
RESULT: undefined
COMMAND: POST /session/a995b82d0df1730148f5e6c1edf10a41/execute/async - {"script":"<script> [776 bytes]","args":[{"enterText":"1","selector":{"id":"application-manageconditionprice-display-component---newCondition--condBaseQty","interaction":{"idSuffix":"inner"}},"clearTextFirst":true,"interactionType":"ENTER_TEXT"}]}
RESULT: {}
RESULT: {"script":"<script> [776 bytes]","args":[{"enterText":"1","selector":{"id":"application-manageconditionprice-display-component---newCondition--condBaseQty","interaction":{"idSuffix":"inner"}},"clearTextFirst":true,"interactionType":"ENTER_TEXT"}]}
COMMAND: POST /session/a995b82d0df1730148f5e6c1edf10a41/execute/async - {"script":"<script> [1562 bytes]","args":[{"selector":{"id":"application-manageconditionprice-display-component---newCondition--condValue","interaction":{"idSuffix":"inner"}},"wdio_ui5_key":"applicationmanageconditionprice-display-component---newCondition--condValue"}]}
RESULT: {"script":"<script> [1562 bytes]","args":[{"selector":{"id":"application-manageconditionprice-display-component---newCondition--condValue","interaction":{"idSuffix":"inner"}},"wdio_ui5_key":"applicationmanageconditionprice-display-component---newCondition--condValue"}]}
RESULT: undefined
COMMAND: POST /session/a995b82d0df1730148f5e6c1edf10a41/execute/async - {"script":"<script> [776 bytes]","args":[{"enterText":"200","selector":{"id":"application-manageconditionprice-display-component---newCondition--condValue","interaction":{"idSuffix":"inner"}},"clearTextFirst":true,"interactionType":"ENTER_TEXT"}]}
RESULT: {"script":"<script> [776 bytes]","args":[{"enterText":"200","selector":{"id":"application-manageconditionprice-display-component---newCondition--condValue","interaction":{"idSuffix":"inner"}},"clearTextFirst":true,"interactionType":"ENTER_TEXT"}]}
COMMAND: POST /session/a995b82d0df1730148f5e6c1edf10a41/execute/async - {"script":"<script> [1562 bytes]","args":[{"selector":{"id":"application-manageconditionprice-display-component---newCondition--condCurr-arrow"},"wdio_ui5_key":"applicationmanageconditionprice-display-component---newCondition--condCurr-arrow"}]}
RESULT: {"script":"<script> [1562 bytes]","args":[{"selector":{"id":"application-manageconditionprice-display-component---newCondition--condCurr-arrow"},"wdio_ui5_key":"applicationmanageconditionprice-display-component---newCondition--condCurr-arrow"}]}
RESULT: undefined
COMMAND: POST /session/a995b82d0df1730148f5e6c1edf10a41/element - {"using":"xpath","value":"//*[@id=\"application-manageconditionprice-display-component---newCondition--condCurr-arrow\"]"}
RESULT: {"using":"xpath","value":"//*[@id=\"application-manageconditionprice-display-component---newCondition--condCurr-arrow\"]"}
COMMAND: POST /session/a995b82d0df1730148f5e6c1edf10a41/element/f.5AF93869D51CACD0ED0B7A3F3CCEB8C6.d.B676584C717CA28B9A5EA27688025667.e.13894/click - {}
RESULT: {}
COMMAND: POST /session/a995b82d0df1730148f5e6c1edf10a41/element - {"using":"xpath","value":"//span[contains(text(), \"Euro\")]"}
COMMAND: GET /session/a995b82d0df1730148f5e6c1edf10a41/screenshot - {}
RESULT: {}
RESULT: {"using":"xpath","value":"//span[contains(text(), \"Euro\")]"}
COMMAND: POST /session/a995b82d0df1730148f5e6c1edf10a41/element/f.5AF93869D51CACD0ED0B7A3F3CCEB8C6.d.B676584C717CA28B9A5EA27688025667.e.13960/click - {}
RESULT: {}
COMMAND: POST /session/a995b82d0df1730148f5e6c1edf10a41/element - {"using":"xpath","value":"//button[@data-kt=\"saveButton\"]"}
COMMAND: GET /session/a995b82d0df1730148f5e6c1edf10a41/screenshot - {}
RESULT: {"using":"xpath","value":"//button[@data-kt=\"saveButton\"]"}
COMMAND: POST /session/a995b82d0df1730148f5e6c1edf10a41/element/f.5AF93869D51CACD0ED0B7A3F3CCEB8C6.d.B676584C717CA28B9A5EA27688025667.e.13895/click - {}
RESULT: {}
RESULT: {}
COMMAND: GET /session/a995b82d0df1730148f5e6c1edf10a41/screenshot - {}
RESULT: {}
COMMAND: POST /session/a995b82d0df1730148f5e6c1edf10a41/execute/async - {"script":"<script> [1562 bytes]","args":[{"selector":{"id":"application-manageconditionprice-display-component---conditions--smartFilterBar-btnBasicSearch","interaction":{"idSuffix":"I"}},"wdio_ui5_key":"applicationmanageconditionprice-display-component---conditions--smartFilterBar-btnBasicSearch"}]}
RESULT: {"script":"<script> [1562 bytes]","args":[{"selector":{"id":"application-manageconditionprice-display-component---conditions--smartFilterBar-btnBasicSearch","interaction":{"idSuffix":"I"}},"wdio_ui5_key":"applicationmanageconditionprice-display-component---conditions--smartFilterBar-btnBasicSearch"}]}
RESULT: undefined
COMMAND: POST /session/a995b82d0df1730148f5e6c1edf10a41/execute/async - {"script":"<script> [776 bytes]","args":[{"enterText":"HxQEhKNivT","selector":{"id":"application-manageconditionprice-display-component---conditions--smartFilterBar-btnBasicSearch","interaction":{"idSuffix":"I"}},"clearTextFirst":true,"interactionType":"ENTER_TEXT"}]}
RESULT: {"script":"<script> [776 bytes]","args":[{"enterText":"HxQEhKNivT","selector":{"id":"application-manageconditionprice-display-component---conditions--smartFilterBar-btnBasicSearch","interaction":{"idSuffix":"I"}},"clearTextFirst":true,"interactionType":"ENTER_TEXT"}]}
COMMAND: POST /session/a995b82d0df1730148f5e6c1edf10a41/actions - {"actions":[{"id":"action52","type":"key","parameters":{},"actions":[{"type":"keyDown","value":""},{"type":"pause","duration":10},{"type":"keyUp","value":""}]}]}
RESULT: {"actions":[{"id":"action52","type":"key","parameters":{},"actions":[{"type":"keyDown","value":""},{"type":"pause","duration":10},{"type":"keyUp","value":""}]}]}
COMMAND: GET /session/a995b82d0df1730148f5e6c1edf10a41/screenshot - {}
RESULT: {}
COMMAND: POST /session/a995b82d0df1730148f5e6c1edf10a41/execute/async - {"script":"<script> [1562 bytes]","args":[{"selector":{"id":"application-manageconditionprice-display-component---conditions--smartFilterBar-filterItemControl_BASIC-BILL_TYPES-vhi"},"wdio_ui5_key":"applicationmanageconditionprice-display-component---conditions--smartFilterBar-filterItemControl_BASIC-BILL_TYPES-vhi"}]}
RESULT: {"script":"<script> [1562 bytes]","args":[{"selector":{"id":"application-manageconditionprice-display-component---conditions--smartFilterBar-filterItemControl_BASIC-BILL_TYPES-vhi"},"wdio_ui5_key":"applicationmanageconditionprice-display-component---conditions--smartFilterBar-filterItemControl_BASIC-BILL_TYPES-vhi"}]}
RESULT: undefined
COMMAND: POST /session/a995b82d0df1730148f5e6c1edf10a41/element - {"using":"xpath","value":"//*[@id=\"application-manageconditionprice-display-component---conditions--smartFilterBar-filterItemControl_BASIC-BILL_TYPES-vhi\"]"}
RESULT: {"using":"xpath","value":"//*[@id=\"application-manageconditionprice-display-component---conditions--smartFilterBar-filterItemControl_BASIC-BILL_TYPES-vhi\"]"}
COMMAND: POST /session/a995b82d0df1730148f5e6c1edf10a41/element/f.5AF93869D51CACD0ED0B7A3F3CCEB8C6.d.B676584C717CA28B9A5EA27688025667.e.14066/click - {}
RESULT: {}
COMMAND: POST /session/a995b82d0df1730148f5e6c1edf10a41/execute/async - {"script":"<script> [1562 bytes]","args":[{"selector":{"id":"application-manageconditionprice-display-component---conditions--smartFilterBar-filterItemControl_BASIC-BILL_TYPES-valueHelpDialog-smartFilterBar-btnBasicSearch","searchOpenDialogs":true,"interaction":{"idSuffix":"I"}},"wdio_ui5_key":"applicationmanageconditionprice-display-component---conditions--smartFilterBar-filterItemControl_BASIC-BILL_TYPES-valueHelpDialog-smartFilterBar-btnBasicSearch"}]}
COMMAND: GET /session/a995b82d0df1730148f5e6c1edf10a41/screenshot - {}
RESULT: {"script":"<script> [1562 bytes]","args":[{"selector":{"id":"application-manageconditionprice-display-component---conditions--smartFilterBar-filterItemControl_BASIC-BILL_TYPES-valueHelpDialog-smartFilterBar-btnBasicSearch","searchOpenDialogs":true,"interaction":{"idSuffix":"I"}},"wdio_ui5_key":"applicationmanageconditionprice-display-component---conditions--smartFilterBar-filterItemControl_BASIC-BILL_TYPES-valueHelpDialog-smartFilterBar-btnBasicSearch"}]}
RESULT: undefined
COMMAND: POST /session/a995b82d0df1730148f5e6c1edf10a41/execute/async - {"script":"<script> [776 bytes]","args":[{"enterText":"TB","selector":{"id":"application-manageconditionprice-display-component---conditions--smartFilterBar-filterItemControl_BASIC-BILL_TYPES-valueHelpDialog-smartFilterBar-btnBasicSearch","searchOpenDialogs":true,"interaction":{"idSuffix":"I"}},"clearTextFirst":true,"interactionType":"ENTER_TEXT"}]}
RESULT: {}
RESULT: {"script":"<script> [776 bytes]","args":[{"enterText":"TB","selector":{"id":"application-manageconditionprice-display-component---conditions--smartFilterBar-filterItemControl_BASIC-BILL_TYPES-valueHelpDialog-smartFilterBar-btnBasicSearch","searchOpenDialogs":true,"interaction":{"idSuffix":"I"}},"clearTextFirst":true,"interactionType":"ENTER_TEXT"}]}
COMMAND: POST /session/a995b82d0df1730148f5e6c1edf10a41/actions - {"actions":[{"id":"action53","type":"key","parameters":{},"actions":[{"type":"keyDown","value":""},{"type":"pause","duration":10},{"type":"keyUp","value":""}]}]}
RESULT: {"actions":[{"id":"action53","type":"key","parameters":{},"actions":[{"type":"keyDown","value":""},{"type":"pause","duration":10},{"type":"keyUp","value":""}]}]}
COMMAND: GET /session/a995b82d0df1730148f5e6c1edf10a41/screenshot - {}
RESULT: {}
COMMAND: POST /session/a995b82d0df1730148f5e6c1edf10a41/element - {"using":"xpath","value":"//div[contains(@id, 'application-manageconditionprice-display-component---conditions--smartFilterBar-filterItemControl_BASIC-BILL_TYPES-valueHelpDialog-table-rowsel0')]"}
RESULT: {"using":"xpath","value":"//div[contains(@id, 'application-manageconditionprice-display-component---conditions--smartFilterBar-filterItemControl_BASIC-BILL_TYPES-valueHelpDialog-table-rowsel0')]"}
COMMAND: POST /session/a995b82d0df1730148f5e6c1edf10a41/element/f.5AF93869D51CACD0ED0B7A3F3CCEB8C6.d.B676584C717CA28B9A5EA27688025667.e.14076/click - {}
RESULT: {}
COMMAND: GET /session/a995b82d0df1730148f5e6c1edf10a41/screenshot - {}
RESULT: {}
COMMAND: POST /session/a995b82d0df1730148f5e6c1edf10a41/element - {"using":"xpath","value":"//bdi[contains(text(), \"OK\")]"}
RESULT: {"using":"xpath","value":"//bdi[contains(text(), \"OK\")]"}
COMMAND: POST /session/a995b82d0df1730148f5e6c1edf10a41/element/f.5AF93869D51CACD0ED0B7A3F3CCEB8C6.d.B676584C717CA28B9A5EA27688025667.e.14078/click - {}
RESULT: {}
COMMAND: GET /session/a995b82d0df1730148f5e6c1edf10a41/screenshot - {}
RESULT: {}
COMMAND: POST /session/a995b82d0df1730148f5e6c1edf10a41/element - {"using":"xpath","value":"//span[@id=\"application-manageconditionprice-display-component---conditions--smartTable-header-inner\"]"}
RESULT: {"using":"xpath","value":"//span[@id=\"application-manageconditionprice-display-component---conditions--smartTable-header-inner\"]"}
COMMAND: POST /session/a995b82d0df1730148f5e6c1edf10a41/elements - {"using":"xpath","value":"//span[@id=\"application-manageconditionprice-display-component---conditions--smartTable-header-inner\"]"}
RESULT: {"using":"xpath","value":"//span[@id=\"application-manageconditionprice-display-component---conditions--smartTable-header-inner\"]"}
COMMAND: POST /session/a995b82d0df1730148f5e6c1edf10a41/execute/sync - {"script":"<script> [56 bytes]","args":[{"element-6066-11e4-a52e-4f735466cecf":"f.5AF93869D51CACD0ED0B7A3F3CCEB8C6.d.B676584C717CA28B9A5EA27688025667.e.14081","ELEMENT":"f.5AF93869D51CACD0ED0B7A3F3CCEB8C6.d.B676584C717CA28B9A5EA27688025667.e.14081"}]}
RESULT: {"script":"<script> [56 bytes]","args":[{"element-6066-11e4-a52e-4f735466cecf":"f.5AF93869D51CACD0ED0B7A3F3CCEB8C6.d.B676584C717CA28B9A5EA27688025667.e.14081","ELEMENT":"f.5AF93869D51CACD0ED0B7A3F3CCEB8C6.d.B676584C717CA28B9A5EA27688025667.e.14081"}]}
COMMAND: POST /session/a995b82d0df1730148f5e6c1edf10a41/element - {"using":"css selector","value":"#shell-header-logo"}
COMMAND: GET /session/a995b82d0df1730148f5e6c1edf10a41/screenshot - {}
RESULT: {"using":"css selector","value":"#shell-header-logo"}
COMMAND: POST /session/a995b82d0df1730148f5e6c1edf10a41/element/f.5AF93869D51CACD0ED0B7A3F3CCEB8C6.d.B676584C717CA28B9A5EA27688025667.e.13709/click - {}
RESULT: {}
RESULT: {}
COMMAND: GET /session/a995b82d0df1730148f5e6c1edf10a41/screenshot - {}
RESULT: {}
]]></system-out>
    </testcase>
    <testcase classname="chrome.136_0_7103_93.windows.Create_Reverse_Billing_US127248" name="Should do a stock increase handover" time="96.21">
      <failure/>
      <error message="Can't call click on element with selector &quot;//li[.//span[contains(text(),'509 -')]]&quot; because element wasn't found"/>
      <system-out><![CDATA[
COMMAND: POST /session/a995b82d0df1730148f5e6c1edf10a41/execute/async - {"script":"<script> [1562 bytes]","args":[{"selector":{"controlType":"sap.m.GenericTile","properties":{"header":"Manage Handovers"}},"wdio_ui5_key":"sapm.GenericTile{\"header\":\"Manage Handovers\"}"}]}
RESULT: {"script":"<script> [1562 bytes]","args":[{"selector":{"controlType":"sap.m.GenericTile","properties":{"header":"Manage Handovers"}},"wdio_ui5_key":"sapm.GenericTile{\"header\":\"Manage Handovers\"}"}]}
RESULT: undefined
COMMAND: POST /session/a995b82d0df1730148f5e6c1edf10a41/element - {"using":"xpath","value":"//*[@id=\"__tile133\"]"}
RESULT: {"using":"xpath","value":"//*[@id=\"__tile133\"]"}
COMMAND: POST /session/a995b82d0df1730148f5e6c1edf10a41/element/f.5AF93869D51CACD0ED0B7A3F3CCEB8C6.d.B676584C717CA28B9A5EA27688025667.e.12763/click - {}
RESULT: {}
COMMAND: GET /session/a995b82d0df1730148f5e6c1edf10a41/screenshot - {}
RESULT: {}
COMMAND: POST /session/a995b82d0df1730148f5e6c1edf10a41/elements - {"using":"xpath","value":"//span[text()='Error']"}
RESULT: {"using":"xpath","value":"//span[text()='Error']"}
COMMAND: POST /session/a995b82d0df1730148f5e6c1edf10a41/element - {"using":"xpath","value":"//button[@data-kt=\"masterHOAddButton\"]"}
RESULT: {"using":"xpath","value":"//button[@data-kt=\"masterHOAddButton\"]"}
COMMAND: POST /session/a995b82d0df1730148f5e6c1edf10a41/elements - {"using":"xpath","value":"//button[@data-kt=\"masterHOAddButton\"]"}
RESULT: {"using":"xpath","value":"//button[@data-kt=\"masterHOAddButton\"]"}
COMMAND: POST /session/a995b82d0df1730148f5e6c1edf10a41/execute/sync - {"script":"<script> [8489 bytes]","args":[{"element-6066-11e4-a52e-4f735466cecf":"f.5AF93869D51CACD0ED0B7A3F3CCEB8C6.d.B676584C717CA28B9A5EA27688025667.e.14115","ELEMENT":"f.5AF93869D51CACD0ED0B7A3F3CCEB8C6.d.B676584C717CA28B9A5EA27688025667.e.14115"}]}
RESULT: {"script":"<script> [8489 bytes]","args":[{"element-6066-11e4-a52e-4f735466cecf":"f.5AF93869D51CACD0ED0B7A3F3CCEB8C6.d.B676584C717CA28B9A5EA27688025667.e.14115","ELEMENT":"f.5AF93869D51CACD0ED0B7A3F3CCEB8C6.d.B676584C717CA28B9A5EA27688025667.e.14115"}]}
COMMAND: GET /session/a995b82d0df1730148f5e6c1edf10a41/element/f.5AF93869D51CACD0ED0B7A3F3CCEB8C6.d.B676584C717CA28B9A5EA27688025667.e.14115/enabled - {}
COMMAND: GET /session/a995b82d0df1730148f5e6c1edf10a41/screenshot - {}
RESULT: {}
COMMAND: POST /session/a995b82d0df1730148f5e6c1edf10a41/execute/sync - {"script":"<script> [8489 bytes]","args":[{"element-6066-11e4-a52e-4f735466cecf":"f.5AF93869D51CACD0ED0B7A3F3CCEB8C6.d.B676584C717CA28B9A5EA27688025667.e.14115","ELEMENT":"f.5AF93869D51CACD0ED0B7A3F3CCEB8C6.d.B676584C717CA28B9A5EA27688025667.e.14115"}]}
COMMAND: GET /session/a995b82d0df1730148f5e6c1edf10a41/screenshot - {}
RESULT: {}
RESULT: {"script":"<script> [8489 bytes]","args":[{"element-6066-11e4-a52e-4f735466cecf":"f.5AF93869D51CACD0ED0B7A3F3CCEB8C6.d.B676584C717CA28B9A5EA27688025667.e.14115","ELEMENT":"f.5AF93869D51CACD0ED0B7A3F3CCEB8C6.d.B676584C717CA28B9A5EA27688025667.e.14115"}]}
COMMAND: POST /session/a995b82d0df1730148f5e6c1edf10a41/execute/sync - {"script":"<script> [5351 bytes]","args":[{"element-6066-11e4-a52e-4f735466cecf":"f.5AF93869D51CACD0ED0B7A3F3CCEB8C6.d.B676584C717CA28B9A5EA27688025667.e.14115","ELEMENT":"f.5AF93869D51CACD0ED0B7A3F3CCEB8C6.d.B676584C717CA28B9A5EA27688025667.e.14115"}]}
COMMAND: GET /session/a995b82d0df1730148f5e6c1edf10a41/screenshot - {}
RESULT: {}
RESULT: {"script":"<script> [5351 bytes]","args":[{"element-6066-11e4-a52e-4f735466cecf":"f.5AF93869D51CACD0ED0B7A3F3CCEB8C6.d.B676584C717CA28B9A5EA27688025667.e.14115","ELEMENT":"f.5AF93869D51CACD0ED0B7A3F3CCEB8C6.d.B676584C717CA28B9A5EA27688025667.e.14115"}]}
COMMAND: POST /session/a995b82d0df1730148f5e6c1edf10a41/element/f.5AF93869D51CACD0ED0B7A3F3CCEB8C6.d.B676584C717CA28B9A5EA27688025667.e.14115/click - {}
COMMAND: GET /session/a995b82d0df1730148f5e6c1edf10a41/screenshot - {}
RESULT: {}
RESULT: {}
COMMAND: GET /session/a995b82d0df1730148f5e6c1edf10a41/screenshot - {}
COMMAND: POST /session/a995b82d0df1730148f5e6c1edf10a41/element - {"using":"xpath","value":"//span[contains(@id ,\"AddNewHO--typeSelect-arrow\")]"}
RESULT: {}
RESULT: {}
RESULT: {"using":"xpath","value":"//span[contains(@id ,\"AddNewHO--typeSelect-arrow\")]"}
COMMAND: POST /session/a995b82d0df1730148f5e6c1edf10a41/element/f.5AF93869D51CACD0ED0B7A3F3CCEB8C6.d.B676584C717CA28B9A5EA27688025667.e.14463/click - {}
RESULT: {}
COMMAND: GET /session/a995b82d0df1730148f5e6c1edf10a41/screenshot - {}
RESULT: {}
COMMAND: POST /session/a995b82d0df1730148f5e6c1edf10a41/element - {"using":"xpath","value":"(//li[contains(text(), \"stock increase yard\")])[1]"}
RESULT: {"using":"xpath","value":"(//li[contains(text(), \"stock increase yard\")])[1]"}
COMMAND: POST /session/a995b82d0df1730148f5e6c1edf10a41/element/f.5AF93869D51CACD0ED0B7A3F3CCEB8C6.d.B676584C717CA28B9A5EA27688025667.e.14464/click - {}
RESULT: {}
COMMAND: GET /session/a995b82d0df1730148f5e6c1edf10a41/screenshot - {}
RESULT: {}
COMMAND: POST /session/a995b82d0df1730148f5e6c1edf10a41/execute/async - {"script":"<script> [1562 bytes]","args":[{"selector":{"id":"application-managehandovers-display-component---AddNewHO--dueDate","interaction":{"idSuffix":"inner"}},"wdio_ui5_key":"applicationmanagehandovers-display-component---AddNewHO--dueDate"}]}
RESULT: {"script":"<script> [1562 bytes]","args":[{"selector":{"id":"application-managehandovers-display-component---AddNewHO--dueDate","interaction":{"idSuffix":"inner"}},"wdio_ui5_key":"applicationmanagehandovers-display-component---AddNewHO--dueDate"}]}
RESULT: undefined
COMMAND: POST /session/a995b82d0df1730148f5e6c1edf10a41/execute/async - {"script":"<script> [6424 bytes]","args":[{"element-6066-11e4-a52e-4f735466cecf":"f.5AF93869D51CACD0ED0B7A3F3CCEB8C6.d.B676584C717CA28B9A5EA27688025667.e.14468"},"setValue",["5/30/25"]]}
RESULT: {"script":"<script> [6424 bytes]","args":[{"element-6066-11e4-a52e-4f735466cecf":"f.5AF93869D51CACD0ED0B7A3F3CCEB8C6.d.B676584C717CA28B9A5EA27688025667.e.14468"},"setValue",["5/30/25"]]}
COMMAND: POST /session/a995b82d0df1730148f5e6c1edf10a41/element - {"using":"xpath","value":"//input[@id=\"generalSectionFrg--receiveYard-inner\"]"}
RESULT: {"using":"xpath","value":"//input[@id=\"generalSectionFrg--receiveYard-inner\"]"}
COMMAND: POST /session/a995b82d0df1730148f5e6c1edf10a41/element/f.5AF93869D51CACD0ED0B7A3F3CCEB8C6.d.B676584C717CA28B9A5EA27688025667.e.14474/clear - {}
RESULT: {}
COMMAND: POST /session/a995b82d0df1730148f5e6c1edf10a41/element/f.5AF93869D51CACD0ED0B7A3F3CCEB8C6.d.B676584C717CA28B9A5EA27688025667.e.14474/value - {"text":"509"}
COMMAND: GET /session/a995b82d0df1730148f5e6c1edf10a41/screenshot - {}
RESULT: {"text":"509"}
COMMAND: GET /session/a995b82d0df1730148f5e6c1edf10a41/screenshot - {}
RESULT: {}
RESULT: {}
COMMAND: POST /session/a995b82d0df1730148f5e6c1edf10a41/element - {"using":"xpath","value":"//li[.//span[contains(text(),'509 -')]]"}
RESULT: {"using":"xpath","value":"//li[.//span[contains(text(),'509 -')]]"}
COMMAND: POST /session/a995b82d0df1730148f5e6c1edf10a41/elements - {"using":"xpath","value":"//li[.//span[contains(text(),'509 -')]]"}
RESULT: {"using":"xpath","value":"//li[.//span[contains(text(),'509 -')]]"}
COMMAND: POST /session/a995b82d0df1730148f5e6c1edf10a41/elements - {"using":"xpath","value":"//li[.//span[contains(text(),'509 -')]]"}
RESULT: {"using":"xpath","value":"//li[.//span[contains(text(),'509 -')]]"}
COMMAND: POST /session/a995b82d0df1730148f5e6c1edf10a41/elements - {"using":"xpath","value":"//li[.//span[contains(text(),'509 -')]]"}
RESULT: {"using":"xpath","value":"//li[.//span[contains(text(),'509 -')]]"}
COMMAND: POST /session/a995b82d0df1730148f5e6c1edf10a41/elements - {"using":"xpath","value":"//li[.//span[contains(text(),'509 -')]]"}
RESULT: {"using":"xpath","value":"//li[.//span[contains(text(),'509 -')]]"}
COMMAND: POST /session/a995b82d0df1730148f5e6c1edf10a41/elements - {"using":"xpath","value":"//li[.//span[contains(text(),'509 -')]]"}
RESULT: {"using":"xpath","value":"//li[.//span[contains(text(),'509 -')]]"}
COMMAND: POST /session/a995b82d0df1730148f5e6c1edf10a41/elements - {"using":"xpath","value":"//li[.//span[contains(text(),'509 -')]]"}
RESULT: {"using":"xpath","value":"//li[.//span[contains(text(),'509 -')]]"}
COMMAND: POST /session/a995b82d0df1730148f5e6c1edf10a41/elements - {"using":"xpath","value":"//li[.//span[contains(text(),'509 -')]]"}
RESULT: {"using":"xpath","value":"//li[.//span[contains(text(),'509 -')]]"}
COMMAND: POST /session/a995b82d0df1730148f5e6c1edf10a41/elements - {"using":"xpath","value":"//li[.//span[contains(text(),'509 -')]]"}
RESULT: {"using":"xpath","value":"//li[.//span[contains(text(),'509 -')]]"}
COMMAND: POST /session/a995b82d0df1730148f5e6c1edf10a41/elements - {"using":"xpath","value":"//li[.//span[contains(text(),'509 -')]]"}
RESULT: {"using":"xpath","value":"//li[.//span[contains(text(),'509 -')]]"}
COMMAND: POST /session/a995b82d0df1730148f5e6c1edf10a41/elements - {"using":"xpath","value":"//li[.//span[contains(text(),'509 -')]]"}
RESULT: {"using":"xpath","value":"//li[.//span[contains(text(),'509 -')]]"}
COMMAND: POST /session/a995b82d0df1730148f5e6c1edf10a41/elements - {"using":"xpath","value":"//li[.//span[contains(text(),'509 -')]]"}
RESULT: {"using":"xpath","value":"//li[.//span[contains(text(),'509 -')]]"}
COMMAND: POST /session/a995b82d0df1730148f5e6c1edf10a41/elements - {"using":"xpath","value":"//li[.//span[contains(text(),'509 -')]]"}
RESULT: {"using":"xpath","value":"//li[.//span[contains(text(),'509 -')]]"}
COMMAND: POST /session/a995b82d0df1730148f5e6c1edf10a41/elements - {"using":"xpath","value":"//li[.//span[contains(text(),'509 -')]]"}
RESULT: {"using":"xpath","value":"//li[.//span[contains(text(),'509 -')]]"}
COMMAND: POST /session/a995b82d0df1730148f5e6c1edf10a41/elements - {"using":"xpath","value":"//li[.//span[contains(text(),'509 -')]]"}
RESULT: {"using":"xpath","value":"//li[.//span[contains(text(),'509 -')]]"}
COMMAND: POST /session/a995b82d0df1730148f5e6c1edf10a41/elements - {"using":"xpath","value":"//li[.//span[contains(text(),'509 -')]]"}
RESULT: {"using":"xpath","value":"//li[.//span[contains(text(),'509 -')]]"}
COMMAND: POST /session/a995b82d0df1730148f5e6c1edf10a41/elements - {"using":"xpath","value":"//li[.//span[contains(text(),'509 -')]]"}
RESULT: {"using":"xpath","value":"//li[.//span[contains(text(),'509 -')]]"}
COMMAND: POST /session/a995b82d0df1730148f5e6c1edf10a41/elements - {"using":"xpath","value":"//li[.//span[contains(text(),'509 -')]]"}
RESULT: {"using":"xpath","value":"//li[.//span[contains(text(),'509 -')]]"}
COMMAND: POST /session/a995b82d0df1730148f5e6c1edf10a41/elements - {"using":"xpath","value":"//li[.//span[contains(text(),'509 -')]]"}
RESULT: {"using":"xpath","value":"//li[.//span[contains(text(),'509 -')]]"}
COMMAND: POST /session/a995b82d0df1730148f5e6c1edf10a41/elements - {"using":"xpath","value":"//li[.//span[contains(text(),'509 -')]]"}
RESULT: {"using":"xpath","value":"//li[.//span[contains(text(),'509 -')]]"}
COMMAND: POST /session/a995b82d0df1730148f5e6c1edf10a41/elements - {"using":"xpath","value":"//li[.//span[contains(text(),'509 -')]]"}
RESULT: {"using":"xpath","value":"//li[.//span[contains(text(),'509 -')]]"}
COMMAND: POST /session/a995b82d0df1730148f5e6c1edf10a41/elements - {"using":"xpath","value":"//li[.//span[contains(text(),'509 -')]]"}
RESULT: {"using":"xpath","value":"//li[.//span[contains(text(),'509 -')]]"}
COMMAND: POST /session/a995b82d0df1730148f5e6c1edf10a41/elements - {"using":"xpath","value":"//li[.//span[contains(text(),'509 -')]]"}
RESULT: {"using":"xpath","value":"//li[.//span[contains(text(),'509 -')]]"}
COMMAND: POST /session/a995b82d0df1730148f5e6c1edf10a41/elements - {"using":"xpath","value":"//li[.//span[contains(text(),'509 -')]]"}
RESULT: {"using":"xpath","value":"//li[.//span[contains(text(),'509 -')]]"}
COMMAND: POST /session/a995b82d0df1730148f5e6c1edf10a41/elements - {"using":"xpath","value":"//li[.//span[contains(text(),'509 -')]]"}
RESULT: {"using":"xpath","value":"//li[.//span[contains(text(),'509 -')]]"}
COMMAND: POST /session/a995b82d0df1730148f5e6c1edf10a41/elements - {"using":"xpath","value":"//li[.//span[contains(text(),'509 -')]]"}
RESULT: {"using":"xpath","value":"//li[.//span[contains(text(),'509 -')]]"}
COMMAND: POST /session/a995b82d0df1730148f5e6c1edf10a41/elements - {"using":"xpath","value":"//li[.//span[contains(text(),'509 -')]]"}
RESULT: {"using":"xpath","value":"//li[.//span[contains(text(),'509 -')]]"}
COMMAND: POST /session/a995b82d0df1730148f5e6c1edf10a41/elements - {"using":"xpath","value":"//li[.//span[contains(text(),'509 -')]]"}
RESULT: {"using":"xpath","value":"//li[.//span[contains(text(),'509 -')]]"}
COMMAND: POST /session/a995b82d0df1730148f5e6c1edf10a41/elements - {"using":"xpath","value":"//li[.//span[contains(text(),'509 -')]]"}
RESULT: {"using":"xpath","value":"//li[.//span[contains(text(),'509 -')]]"}
COMMAND: POST /session/a995b82d0df1730148f5e6c1edf10a41/elements - {"using":"xpath","value":"//li[.//span[contains(text(),'509 -')]]"}
RESULT: {"using":"xpath","value":"//li[.//span[contains(text(),'509 -')]]"}
COMMAND: POST /session/a995b82d0df1730148f5e6c1edf10a41/elements - {"using":"xpath","value":"//li[.//span[contains(text(),'509 -')]]"}
RESULT: {"using":"xpath","value":"//li[.//span[contains(text(),'509 -')]]"}
COMMAND: POST /session/a995b82d0df1730148f5e6c1edf10a41/elements - {"using":"xpath","value":"//li[.//span[contains(text(),'509 -')]]"}
RESULT: {"using":"xpath","value":"//li[.//span[contains(text(),'509 -')]]"}
COMMAND: POST /session/a995b82d0df1730148f5e6c1edf10a41/elements - {"using":"xpath","value":"//li[.//span[contains(text(),'509 -')]]"}
RESULT: {"using":"xpath","value":"//li[.//span[contains(text(),'509 -')]]"}
COMMAND: POST /session/a995b82d0df1730148f5e6c1edf10a41/elements - {"using":"xpath","value":"//li[.//span[contains(text(),'509 -')]]"}
RESULT: {"using":"xpath","value":"//li[.//span[contains(text(),'509 -')]]"}
COMMAND: POST /session/a995b82d0df1730148f5e6c1edf10a41/elements - {"using":"xpath","value":"//li[.//span[contains(text(),'509 -')]]"}
RESULT: {"using":"xpath","value":"//li[.//span[contains(text(),'509 -')]]"}
COMMAND: POST /session/a995b82d0df1730148f5e6c1edf10a41/elements - {"using":"xpath","value":"//li[.//span[contains(text(),'509 -')]]"}
RESULT: {"using":"xpath","value":"//li[.//span[contains(text(),'509 -')]]"}
COMMAND: POST /session/a995b82d0df1730148f5e6c1edf10a41/elements - {"using":"xpath","value":"//li[.//span[contains(text(),'509 -')]]"}
RESULT: {"using":"xpath","value":"//li[.//span[contains(text(),'509 -')]]"}
COMMAND: POST /session/a995b82d0df1730148f5e6c1edf10a41/elements - {"using":"xpath","value":"//li[.//span[contains(text(),'509 -')]]"}
RESULT: {"using":"xpath","value":"//li[.//span[contains(text(),'509 -')]]"}
COMMAND: POST /session/a995b82d0df1730148f5e6c1edf10a41/elements - {"using":"xpath","value":"//li[.//span[contains(text(),'509 -')]]"}
RESULT: {"using":"xpath","value":"//li[.//span[contains(text(),'509 -')]]"}
COMMAND: POST /session/a995b82d0df1730148f5e6c1edf10a41/elements - {"using":"xpath","value":"//li[.//span[contains(text(),'509 -')]]"}
RESULT: {"using":"xpath","value":"//li[.//span[contains(text(),'509 -')]]"}
COMMAND: POST /session/a995b82d0df1730148f5e6c1edf10a41/elements - {"using":"xpath","value":"//li[.//span[contains(text(),'509 -')]]"}
RESULT: {"using":"xpath","value":"//li[.//span[contains(text(),'509 -')]]"}
COMMAND: POST /session/a995b82d0df1730148f5e6c1edf10a41/elements - {"using":"xpath","value":"//li[.//span[contains(text(),'509 -')]]"}
RESULT: {"using":"xpath","value":"//li[.//span[contains(text(),'509 -')]]"}
COMMAND: POST /session/a995b82d0df1730148f5e6c1edf10a41/elements - {"using":"xpath","value":"//li[.//span[contains(text(),'509 -')]]"}
RESULT: {"using":"xpath","value":"//li[.//span[contains(text(),'509 -')]]"}
COMMAND: POST /session/a995b82d0df1730148f5e6c1edf10a41/elements - {"using":"xpath","value":"//li[.//span[contains(text(),'509 -')]]"}
RESULT: {"using":"xpath","value":"//li[.//span[contains(text(),'509 -')]]"}
COMMAND: POST /session/a995b82d0df1730148f5e6c1edf10a41/elements - {"using":"xpath","value":"//li[.//span[contains(text(),'509 -')]]"}
RESULT: {"using":"xpath","value":"//li[.//span[contains(text(),'509 -')]]"}
COMMAND: POST /session/a995b82d0df1730148f5e6c1edf10a41/elements - {"using":"xpath","value":"//li[.//span[contains(text(),'509 -')]]"}
RESULT: {"using":"xpath","value":"//li[.//span[contains(text(),'509 -')]]"}
COMMAND: POST /session/a995b82d0df1730148f5e6c1edf10a41/elements - {"using":"xpath","value":"//li[.//span[contains(text(),'509 -')]]"}
RESULT: {"using":"xpath","value":"//li[.//span[contains(text(),'509 -')]]"}
COMMAND: POST /session/a995b82d0df1730148f5e6c1edf10a41/elements - {"using":"xpath","value":"//li[.//span[contains(text(),'509 -')]]"}
RESULT: {"using":"xpath","value":"//li[.//span[contains(text(),'509 -')]]"}
COMMAND: POST /session/a995b82d0df1730148f5e6c1edf10a41/elements - {"using":"xpath","value":"//li[.//span[contains(text(),'509 -')]]"}
RESULT: {"using":"xpath","value":"//li[.//span[contains(text(),'509 -')]]"}
COMMAND: POST /session/a995b82d0df1730148f5e6c1edf10a41/elements - {"using":"xpath","value":"//li[.//span[contains(text(),'509 -')]]"}
RESULT: {"using":"xpath","value":"//li[.//span[contains(text(),'509 -')]]"}
COMMAND: POST /session/a995b82d0df1730148f5e6c1edf10a41/elements - {"using":"xpath","value":"//li[.//span[contains(text(),'509 -')]]"}
RESULT: {"using":"xpath","value":"//li[.//span[contains(text(),'509 -')]]"}
COMMAND: POST /session/a995b82d0df1730148f5e6c1edf10a41/elements - {"using":"xpath","value":"//li[.//span[contains(text(),'509 -')]]"}
RESULT: {"using":"xpath","value":"//li[.//span[contains(text(),'509 -')]]"}
COMMAND: POST /session/a995b82d0df1730148f5e6c1edf10a41/elements - {"using":"xpath","value":"//li[.//span[contains(text(),'509 -')]]"}
RESULT: {"using":"xpath","value":"//li[.//span[contains(text(),'509 -')]]"}
COMMAND: POST /session/a995b82d0df1730148f5e6c1edf10a41/elements - {"using":"xpath","value":"//li[.//span[contains(text(),'509 -')]]"}
RESULT: {"using":"xpath","value":"//li[.//span[contains(text(),'509 -')]]"}
COMMAND: POST /session/a995b82d0df1730148f5e6c1edf10a41/elements - {"using":"xpath","value":"//li[.//span[contains(text(),'509 -')]]"}
RESULT: {"using":"xpath","value":"//li[.//span[contains(text(),'509 -')]]"}
COMMAND: POST /session/a995b82d0df1730148f5e6c1edf10a41/elements - {"using":"xpath","value":"//li[.//span[contains(text(),'509 -')]]"}
RESULT: {"using":"xpath","value":"//li[.//span[contains(text(),'509 -')]]"}
COMMAND: POST /session/a995b82d0df1730148f5e6c1edf10a41/elements - {"using":"xpath","value":"//li[.//span[contains(text(),'509 -')]]"}
RESULT: {"using":"xpath","value":"//li[.//span[contains(text(),'509 -')]]"}
COMMAND: POST /session/a995b82d0df1730148f5e6c1edf10a41/elements - {"using":"xpath","value":"//li[.//span[contains(text(),'509 -')]]"}
RESULT: {"using":"xpath","value":"//li[.//span[contains(text(),'509 -')]]"}
COMMAND: POST /session/a995b82d0df1730148f5e6c1edf10a41/elements - {"using":"xpath","value":"//li[.//span[contains(text(),'509 -')]]"}
RESULT: {"using":"xpath","value":"//li[.//span[contains(text(),'509 -')]]"}
COMMAND: POST /session/a995b82d0df1730148f5e6c1edf10a41/elements - {"using":"xpath","value":"//li[.//span[contains(text(),'509 -')]]"}
RESULT: {"using":"xpath","value":"//li[.//span[contains(text(),'509 -')]]"}
COMMAND: POST /session/a995b82d0df1730148f5e6c1edf10a41/elements - {"using":"xpath","value":"//li[.//span[contains(text(),'509 -')]]"}
RESULT: {"using":"xpath","value":"//li[.//span[contains(text(),'509 -')]]"}
COMMAND: POST /session/a995b82d0df1730148f5e6c1edf10a41/elements - {"using":"xpath","value":"//li[.//span[contains(text(),'509 -')]]"}
RESULT: {"using":"xpath","value":"//li[.//span[contains(text(),'509 -')]]"}
COMMAND: POST /session/a995b82d0df1730148f5e6c1edf10a41/elements - {"using":"xpath","value":"//li[.//span[contains(text(),'509 -')]]"}
RESULT: {"using":"xpath","value":"//li[.//span[contains(text(),'509 -')]]"}
COMMAND: POST /session/a995b82d0df1730148f5e6c1edf10a41/elements - {"using":"xpath","value":"//li[.//span[contains(text(),'509 -')]]"}
RESULT: {"using":"xpath","value":"//li[.//span[contains(text(),'509 -')]]"}
COMMAND: POST /session/a995b82d0df1730148f5e6c1edf10a41/elements - {"using":"xpath","value":"//li[.//span[contains(text(),'509 -')]]"}
RESULT: {"using":"xpath","value":"//li[.//span[contains(text(),'509 -')]]"}
COMMAND: POST /session/a995b82d0df1730148f5e6c1edf10a41/elements - {"using":"xpath","value":"//li[.//span[contains(text(),'509 -')]]"}
RESULT: {"using":"xpath","value":"//li[.//span[contains(text(),'509 -')]]"}
COMMAND: POST /session/a995b82d0df1730148f5e6c1edf10a41/elements - {"using":"xpath","value":"//li[.//span[contains(text(),'509 -')]]"}
RESULT: {"using":"xpath","value":"//li[.//span[contains(text(),'509 -')]]"}
COMMAND: POST /session/a995b82d0df1730148f5e6c1edf10a41/elements - {"using":"xpath","value":"//li[.//span[contains(text(),'509 -')]]"}
RESULT: {"using":"xpath","value":"//li[.//span[contains(text(),'509 -')]]"}
COMMAND: POST /session/a995b82d0df1730148f5e6c1edf10a41/elements - {"using":"xpath","value":"//li[.//span[contains(text(),'509 -')]]"}
RESULT: {"using":"xpath","value":"//li[.//span[contains(text(),'509 -')]]"}
COMMAND: POST /session/a995b82d0df1730148f5e6c1edf10a41/elements - {"using":"xpath","value":"//li[.//span[contains(text(),'509 -')]]"}
RESULT: {"using":"xpath","value":"//li[.//span[contains(text(),'509 -')]]"}
COMMAND: POST /session/a995b82d0df1730148f5e6c1edf10a41/elements - {"using":"xpath","value":"//li[.//span[contains(text(),'509 -')]]"}
RESULT: {"using":"xpath","value":"//li[.//span[contains(text(),'509 -')]]"}
COMMAND: POST /session/a995b82d0df1730148f5e6c1edf10a41/elements - {"using":"xpath","value":"//li[.//span[contains(text(),'509 -')]]"}
RESULT: {"using":"xpath","value":"//li[.//span[contains(text(),'509 -')]]"}
COMMAND: POST /session/a995b82d0df1730148f5e6c1edf10a41/elements - {"using":"xpath","value":"//li[.//span[contains(text(),'509 -')]]"}
RESULT: {"using":"xpath","value":"//li[.//span[contains(text(),'509 -')]]"}
COMMAND: POST /session/a995b82d0df1730148f5e6c1edf10a41/elements - {"using":"xpath","value":"//li[.//span[contains(text(),'509 -')]]"}
RESULT: {"using":"xpath","value":"//li[.//span[contains(text(),'509 -')]]"}
COMMAND: POST /session/a995b82d0df1730148f5e6c1edf10a41/elements - {"using":"xpath","value":"//li[.//span[contains(text(),'509 -')]]"}
RESULT: {"using":"xpath","value":"//li[.//span[contains(text(),'509 -')]]"}
COMMAND: POST /session/a995b82d0df1730148f5e6c1edf10a41/elements - {"using":"xpath","value":"//li[.//span[contains(text(),'509 -')]]"}
RESULT: {"using":"xpath","value":"//li[.//span[contains(text(),'509 -')]]"}
COMMAND: POST /session/a995b82d0df1730148f5e6c1edf10a41/elements - {"using":"xpath","value":"//li[.//span[contains(text(),'509 -')]]"}
RESULT: {"using":"xpath","value":"//li[.//span[contains(text(),'509 -')]]"}
COMMAND: POST /session/a995b82d0df1730148f5e6c1edf10a41/elements - {"using":"xpath","value":"//li[.//span[contains(text(),'509 -')]]"}
RESULT: {"using":"xpath","value":"//li[.//span[contains(text(),'509 -')]]"}
COMMAND: POST /session/a995b82d0df1730148f5e6c1edf10a41/elements - {"using":"xpath","value":"//li[.//span[contains(text(),'509 -')]]"}
RESULT: {"using":"xpath","value":"//li[.//span[contains(text(),'509 -')]]"}
COMMAND: POST /session/a995b82d0df1730148f5e6c1edf10a41/elements - {"using":"xpath","value":"//li[.//span[contains(text(),'509 -')]]"}
RESULT: {"using":"xpath","value":"//li[.//span[contains(text(),'509 -')]]"}
COMMAND: POST /session/a995b82d0df1730148f5e6c1edf10a41/elements - {"using":"xpath","value":"//li[.//span[contains(text(),'509 -')]]"}
RESULT: {"using":"xpath","value":"//li[.//span[contains(text(),'509 -')]]"}
COMMAND: POST /session/a995b82d0df1730148f5e6c1edf10a41/elements - {"using":"xpath","value":"//li[.//span[contains(text(),'509 -')]]"}
RESULT: {"using":"xpath","value":"//li[.//span[contains(text(),'509 -')]]"}
COMMAND: POST /session/a995b82d0df1730148f5e6c1edf10a41/elements - {"using":"xpath","value":"//li[.//span[contains(text(),'509 -')]]"}
RESULT: {"using":"xpath","value":"//li[.//span[contains(text(),'509 -')]]"}
COMMAND: POST /session/a995b82d0df1730148f5e6c1edf10a41/elements - {"using":"xpath","value":"//li[.//span[contains(text(),'509 -')]]"}
RESULT: {"using":"xpath","value":"//li[.//span[contains(text(),'509 -')]]"}
COMMAND: POST /session/a995b82d0df1730148f5e6c1edf10a41/elements - {"using":"xpath","value":"//li[.//span[contains(text(),'509 -')]]"}
RESULT: {"using":"xpath","value":"//li[.//span[contains(text(),'509 -')]]"}
COMMAND: POST /session/a995b82d0df1730148f5e6c1edf10a41/elements - {"using":"xpath","value":"//li[.//span[contains(text(),'509 -')]]"}
RESULT: {"using":"xpath","value":"//li[.//span[contains(text(),'509 -')]]"}
COMMAND: POST /session/a995b82d0df1730148f5e6c1edf10a41/elements - {"using":"xpath","value":"//li[.//span[contains(text(),'509 -')]]"}
RESULT: {"using":"xpath","value":"//li[.//span[contains(text(),'509 -')]]"}
COMMAND: POST /session/a995b82d0df1730148f5e6c1edf10a41/elements - {"using":"xpath","value":"//li[.//span[contains(text(),'509 -')]]"}
RESULT: {"using":"xpath","value":"//li[.//span[contains(text(),'509 -')]]"}
COMMAND: POST /session/a995b82d0df1730148f5e6c1edf10a41/elements - {"using":"xpath","value":"//li[.//span[contains(text(),'509 -')]]"}
RESULT: {"using":"xpath","value":"//li[.//span[contains(text(),'509 -')]]"}
COMMAND: POST /session/a995b82d0df1730148f5e6c1edf10a41/elements - {"using":"xpath","value":"//li[.//span[contains(text(),'509 -')]]"}
RESULT: {"using":"xpath","value":"//li[.//span[contains(text(),'509 -')]]"}
COMMAND: POST /session/a995b82d0df1730148f5e6c1edf10a41/elements - {"using":"xpath","value":"//li[.//span[contains(text(),'509 -')]]"}
RESULT: {"using":"xpath","value":"//li[.//span[contains(text(),'509 -')]]"}
COMMAND: POST /session/a995b82d0df1730148f5e6c1edf10a41/elements - {"using":"xpath","value":"//li[.//span[contains(text(),'509 -')]]"}
RESULT: {"using":"xpath","value":"//li[.//span[contains(text(),'509 -')]]"}
COMMAND: POST /session/a995b82d0df1730148f5e6c1edf10a41/elements - {"using":"xpath","value":"//li[.//span[contains(text(),'509 -')]]"}
RESULT: {"using":"xpath","value":"//li[.//span[contains(text(),'509 -')]]"}
COMMAND: POST /session/a995b82d0df1730148f5e6c1edf10a41/elements - {"using":"xpath","value":"//li[.//span[contains(text(),'509 -')]]"}
RESULT: {"using":"xpath","value":"//li[.//span[contains(text(),'509 -')]]"}
COMMAND: POST /session/a995b82d0df1730148f5e6c1edf10a41/elements - {"using":"xpath","value":"//li[.//span[contains(text(),'509 -')]]"}
RESULT: {"using":"xpath","value":"//li[.//span[contains(text(),'509 -')]]"}
COMMAND: POST /session/a995b82d0df1730148f5e6c1edf10a41/elements - {"using":"xpath","value":"//li[.//span[contains(text(),'509 -')]]"}
RESULT: {"using":"xpath","value":"//li[.//span[contains(text(),'509 -')]]"}
COMMAND: POST /session/a995b82d0df1730148f5e6c1edf10a41/elements - {"using":"xpath","value":"//li[.//span[contains(text(),'509 -')]]"}
RESULT: {"using":"xpath","value":"//li[.//span[contains(text(),'509 -')]]"}
COMMAND: POST /session/a995b82d0df1730148f5e6c1edf10a41/elements - {"using":"xpath","value":"//li[.//span[contains(text(),'509 -')]]"}
RESULT: {"using":"xpath","value":"//li[.//span[contains(text(),'509 -')]]"}
COMMAND: POST /session/a995b82d0df1730148f5e6c1edf10a41/elements - {"using":"xpath","value":"//li[.//span[contains(text(),'509 -')]]"}
RESULT: {"using":"xpath","value":"//li[.//span[contains(text(),'509 -')]]"}
COMMAND: POST /session/a995b82d0df1730148f5e6c1edf10a41/elements - {"using":"xpath","value":"//li[.//span[contains(text(),'509 -')]]"}
RESULT: {"using":"xpath","value":"//li[.//span[contains(text(),'509 -')]]"}
COMMAND: POST /session/a995b82d0df1730148f5e6c1edf10a41/elements - {"using":"xpath","value":"//li[.//span[contains(text(),'509 -')]]"}
RESULT: {"using":"xpath","value":"//li[.//span[contains(text(),'509 -')]]"}
COMMAND: POST /session/a995b82d0df1730148f5e6c1edf10a41/elements - {"using":"xpath","value":"//li[.//span[contains(text(),'509 -')]]"}
RESULT: {"using":"xpath","value":"//li[.//span[contains(text(),'509 -')]]"}
COMMAND: POST /session/a995b82d0df1730148f5e6c1edf10a41/elements - {"using":"xpath","value":"//li[.//span[contains(text(),'509 -')]]"}
RESULT: {"using":"xpath","value":"//li[.//span[contains(text(),'509 -')]]"}
COMMAND: POST /session/a995b82d0df1730148f5e6c1edf10a41/elements - {"using":"xpath","value":"//li[.//span[contains(text(),'509 -')]]"}
RESULT: {"using":"xpath","value":"//li[.//span[contains(text(),'509 -')]]"}
COMMAND: POST /session/a995b82d0df1730148f5e6c1edf10a41/elements - {"using":"xpath","value":"//li[.//span[contains(text(),'509 -')]]"}
RESULT: {"using":"xpath","value":"//li[.//span[contains(text(),'509 -')]]"}
COMMAND: POST /session/a995b82d0df1730148f5e6c1edf10a41/elements - {"using":"xpath","value":"//li[.//span[contains(text(),'509 -')]]"}
RESULT: {"using":"xpath","value":"//li[.//span[contains(text(),'509 -')]]"}
COMMAND: POST /session/a995b82d0df1730148f5e6c1edf10a41/elements - {"using":"xpath","value":"//li[.//span[contains(text(),'509 -')]]"}
RESULT: {"using":"xpath","value":"//li[.//span[contains(text(),'509 -')]]"}
COMMAND: POST /session/a995b82d0df1730148f5e6c1edf10a41/elements - {"using":"xpath","value":"//li[.//span[contains(text(),'509 -')]]"}
RESULT: {"using":"xpath","value":"//li[.//span[contains(text(),'509 -')]]"}
COMMAND: POST /session/a995b82d0df1730148f5e6c1edf10a41/elements - {"using":"xpath","value":"//li[.//span[contains(text(),'509 -')]]"}
RESULT: {"using":"xpath","value":"//li[.//span[contains(text(),'509 -')]]"}
COMMAND: POST /session/a995b82d0df1730148f5e6c1edf10a41/elements - {"using":"xpath","value":"//li[.//span[contains(text(),'509 -')]]"}
RESULT: {"using":"xpath","value":"//li[.//span[contains(text(),'509 -')]]"}
COMMAND: POST /session/a995b82d0df1730148f5e6c1edf10a41/elements - {"using":"xpath","value":"//li[.//span[contains(text(),'509 -')]]"}
RESULT: {"using":"xpath","value":"//li[.//span[contains(text(),'509 -')]]"}
COMMAND: POST /session/a995b82d0df1730148f5e6c1edf10a41/elements - {"using":"xpath","value":"//li[.//span[contains(text(),'509 -')]]"}
RESULT: {"using":"xpath","value":"//li[.//span[contains(text(),'509 -')]]"}
COMMAND: POST /session/a995b82d0df1730148f5e6c1edf10a41/elements - {"using":"xpath","value":"//li[.//span[contains(text(),'509 -')]]"}
RESULT: {"using":"xpath","value":"//li[.//span[contains(text(),'509 -')]]"}
COMMAND: POST /session/a995b82d0df1730148f5e6c1edf10a41/elements - {"using":"xpath","value":"//li[.//span[contains(text(),'509 -')]]"}
RESULT: {"using":"xpath","value":"//li[.//span[contains(text(),'509 -')]]"}
COMMAND: POST /session/a995b82d0df1730148f5e6c1edf10a41/elements - {"using":"xpath","value":"//li[.//span[contains(text(),'509 -')]]"}
RESULT: {"using":"xpath","value":"//li[.//span[contains(text(),'509 -')]]"}
COMMAND: POST /session/a995b82d0df1730148f5e6c1edf10a41/elements - {"using":"xpath","value":"//li[.//span[contains(text(),'509 -')]]"}
RESULT: {"using":"xpath","value":"//li[.//span[contains(text(),'509 -')]]"}
COMMAND: POST /session/a995b82d0df1730148f5e6c1edf10a41/elements - {"using":"xpath","value":"//li[.//span[contains(text(),'509 -')]]"}
RESULT: {"using":"xpath","value":"//li[.//span[contains(text(),'509 -')]]"}
COMMAND: POST /session/a995b82d0df1730148f5e6c1edf10a41/elements - {"using":"xpath","value":"//li[.//span[contains(text(),'509 -')]]"}
RESULT: {"using":"xpath","value":"//li[.//span[contains(text(),'509 -')]]"}
COMMAND: POST /session/a995b82d0df1730148f5e6c1edf10a41/elements - {"using":"xpath","value":"//li[.//span[contains(text(),'509 -')]]"}
RESULT: {"using":"xpath","value":"//li[.//span[contains(text(),'509 -')]]"}
COMMAND: POST /session/a995b82d0df1730148f5e6c1edf10a41/elements - {"using":"xpath","value":"//li[.//span[contains(text(),'509 -')]]"}
RESULT: {"using":"xpath","value":"//li[.//span[contains(text(),'509 -')]]"}
COMMAND: POST /session/a995b82d0df1730148f5e6c1edf10a41/elements - {"using":"xpath","value":"//li[.//span[contains(text(),'509 -')]]"}
RESULT: {"using":"xpath","value":"//li[.//span[contains(text(),'509 -')]]"}
COMMAND: GET /session/a995b82d0df1730148f5e6c1edf10a41/screenshot - {}
RESULT: {}
]]></system-out>
      <system-err><![CDATA[
Error: Can't call click on element with selector "//li[.//span[contains(text(),'509 -')]]" because element wasn't found
    at async UtilsPrerequisites.stockIncrease (D:\a\1\s\test\specs\BTS\prerequisites-and-utils-functions.js:1638:9)
    at async Context.<anonymous> (D:\a\1\s\test\specs\BTS\reverse-billing.spec.js:57:9)
]]></system-err>
    </testcase>
    <testcase classname="chrome.136_0_7103_93.windows.Create_Reverse_Billing_US127248" name="Should create a new contract" time="60.804">
      <failure/>
      <error message="element (&quot;//button[@data-kt=&quot;addButton&quot;]&quot;) still not existing after 45000ms"/>
      <system-out><![CDATA[
COMMAND: GET /session/a995b82d0df1730148f5e6c1edf10a41/screenshot - {}
COMMAND: POST /session/a995b82d0df1730148f5e6c1edf10a41/execute/async - {"script":"<script> [1562 bytes]","args":[{"selector":{"controlType":"sap.m.GenericTile","properties":{"header":"Manage Contracts"}},"wdio_ui5_key":"sapm.GenericTile{\"header\":\"Manage Contracts\"}"}]}
RESULT: {}
RESULT: {"script":"<script> [1562 bytes]","args":[{"selector":{"controlType":"sap.m.GenericTile","properties":{"header":"Manage Contracts"}},"wdio_ui5_key":"sapm.GenericTile{\"header\":\"Manage Contracts\"}"}]}
RESULT: undefined
COMMAND: POST /session/a995b82d0df1730148f5e6c1edf10a41/elements - {"using":"xpath","value":"//span[text()='Error']"}
RESULT: {"using":"xpath","value":"//span[text()='Error']"}
COMMAND: POST /session/a995b82d0df1730148f5e6c1edf10a41/element - {"using":"xpath","value":"//button[@data-kt=\"addButton\"]"}
RESULT: {"using":"xpath","value":"//button[@data-kt=\"addButton\"]"}
COMMAND: POST /session/a995b82d0df1730148f5e6c1edf10a41/elements - {"using":"xpath","value":"//button[@data-kt=\"addButton\"]"}
RESULT: {"using":"xpath","value":"//button[@data-kt=\"addButton\"]"}
COMMAND: POST /session/a995b82d0df1730148f5e6c1edf10a41/elements - {"using":"xpath","value":"//button[@data-kt=\"addButton\"]"}
RESULT: {"using":"xpath","value":"//button[@data-kt=\"addButton\"]"}
COMMAND: POST /session/a995b82d0df1730148f5e6c1edf10a41/elements - {"using":"xpath","value":"//button[@data-kt=\"addButton\"]"}
RESULT: {"using":"xpath","value":"//button[@data-kt=\"addButton\"]"}
COMMAND: POST /session/a995b82d0df1730148f5e6c1edf10a41/elements - {"using":"xpath","value":"//button[@data-kt=\"addButton\"]"}
RESULT: {"using":"xpath","value":"//button[@data-kt=\"addButton\"]"}
COMMAND: POST /session/a995b82d0df1730148f5e6c1edf10a41/elements - {"using":"xpath","value":"//button[@data-kt=\"addButton\"]"}
RESULT: {"using":"xpath","value":"//button[@data-kt=\"addButton\"]"}
COMMAND: POST /session/a995b82d0df1730148f5e6c1edf10a41/elements - {"using":"xpath","value":"//button[@data-kt=\"addButton\"]"}
RESULT: {"using":"xpath","value":"//button[@data-kt=\"addButton\"]"}
COMMAND: POST /session/a995b82d0df1730148f5e6c1edf10a41/elements - {"using":"xpath","value":"//button[@data-kt=\"addButton\"]"}
RESULT: {"using":"xpath","value":"//button[@data-kt=\"addButton\"]"}
COMMAND: POST /session/a995b82d0df1730148f5e6c1edf10a41/elements - {"using":"xpath","value":"//button[@data-kt=\"addButton\"]"}
RESULT: {"using":"xpath","value":"//button[@data-kt=\"addButton\"]"}
COMMAND: POST /session/a995b82d0df1730148f5e6c1edf10a41/elements - {"using":"xpath","value":"//button[@data-kt=\"addButton\"]"}
RESULT: {"using":"xpath","value":"//button[@data-kt=\"addButton\"]"}
COMMAND: POST /session/a995b82d0df1730148f5e6c1edf10a41/elements - {"using":"xpath","value":"//button[@data-kt=\"addButton\"]"}
RESULT: {"using":"xpath","value":"//button[@data-kt=\"addButton\"]"}
COMMAND: POST /session/a995b82d0df1730148f5e6c1edf10a41/elements - {"using":"xpath","value":"//button[@data-kt=\"addButton\"]"}
RESULT: {"using":"xpath","value":"//button[@data-kt=\"addButton\"]"}
COMMAND: POST /session/a995b82d0df1730148f5e6c1edf10a41/elements - {"using":"xpath","value":"//button[@data-kt=\"addButton\"]"}
RESULT: {"using":"xpath","value":"//button[@data-kt=\"addButton\"]"}
COMMAND: POST /session/a995b82d0df1730148f5e6c1edf10a41/elements - {"using":"xpath","value":"//button[@data-kt=\"addButton\"]"}
RESULT: {"using":"xpath","value":"//button[@data-kt=\"addButton\"]"}
COMMAND: POST /session/a995b82d0df1730148f5e6c1edf10a41/elements - {"using":"xpath","value":"//button[@data-kt=\"addButton\"]"}
RESULT: {"using":"xpath","value":"//button[@data-kt=\"addButton\"]"}
COMMAND: POST /session/a995b82d0df1730148f5e6c1edf10a41/elements - {"using":"xpath","value":"//button[@data-kt=\"addButton\"]"}
RESULT: {"using":"xpath","value":"//button[@data-kt=\"addButton\"]"}
COMMAND: POST /session/a995b82d0df1730148f5e6c1edf10a41/elements - {"using":"xpath","value":"//button[@data-kt=\"addButton\"]"}
RESULT: {"using":"xpath","value":"//button[@data-kt=\"addButton\"]"}
COMMAND: POST /session/a995b82d0df1730148f5e6c1edf10a41/elements - {"using":"xpath","value":"//button[@data-kt=\"addButton\"]"}
RESULT: {"using":"xpath","value":"//button[@data-kt=\"addButton\"]"}
COMMAND: POST /session/a995b82d0df1730148f5e6c1edf10a41/elements - {"using":"xpath","value":"//button[@data-kt=\"addButton\"]"}
RESULT: {"using":"xpath","value":"//button[@data-kt=\"addButton\"]"}
COMMAND: POST /session/a995b82d0df1730148f5e6c1edf10a41/elements - {"using":"xpath","value":"//button[@data-kt=\"addButton\"]"}
RESULT: {"using":"xpath","value":"//button[@data-kt=\"addButton\"]"}
COMMAND: POST /session/a995b82d0df1730148f5e6c1edf10a41/elements - {"using":"xpath","value":"//button[@data-kt=\"addButton\"]"}
RESULT: {"using":"xpath","value":"//button[@data-kt=\"addButton\"]"}
COMMAND: POST /session/a995b82d0df1730148f5e6c1edf10a41/elements - {"using":"xpath","value":"//button[@data-kt=\"addButton\"]"}
RESULT: {"using":"xpath","value":"//button[@data-kt=\"addButton\"]"}
COMMAND: POST /session/a995b82d0df1730148f5e6c1edf10a41/elements - {"using":"xpath","value":"//button[@data-kt=\"addButton\"]"}
RESULT: {"using":"xpath","value":"//button[@data-kt=\"addButton\"]"}
COMMAND: POST /session/a995b82d0df1730148f5e6c1edf10a41/elements - {"using":"xpath","value":"//button[@data-kt=\"addButton\"]"}
RESULT: {"using":"xpath","value":"//button[@data-kt=\"addButton\"]"}
COMMAND: POST /session/a995b82d0df1730148f5e6c1edf10a41/elements - {"using":"xpath","value":"//button[@data-kt=\"addButton\"]"}
RESULT: {"using":"xpath","value":"//button[@data-kt=\"addButton\"]"}
COMMAND: POST /session/a995b82d0df1730148f5e6c1edf10a41/elements - {"using":"xpath","value":"//button[@data-kt=\"addButton\"]"}
RESULT: {"using":"xpath","value":"//button[@data-kt=\"addButton\"]"}
COMMAND: POST /session/a995b82d0df1730148f5e6c1edf10a41/elements - {"using":"xpath","value":"//button[@data-kt=\"addButton\"]"}
RESULT: {"using":"xpath","value":"//button[@data-kt=\"addButton\"]"}
COMMAND: POST /session/a995b82d0df1730148f5e6c1edf10a41/elements - {"using":"xpath","value":"//button[@data-kt=\"addButton\"]"}
RESULT: {"using":"xpath","value":"//button[@data-kt=\"addButton\"]"}
COMMAND: POST /session/a995b82d0df1730148f5e6c1edf10a41/elements - {"using":"xpath","value":"//button[@data-kt=\"addButton\"]"}
RESULT: {"using":"xpath","value":"//button[@data-kt=\"addButton\"]"}
COMMAND: POST /session/a995b82d0df1730148f5e6c1edf10a41/elements - {"using":"xpath","value":"//button[@data-kt=\"addButton\"]"}
RESULT: {"using":"xpath","value":"//button[@data-kt=\"addButton\"]"}
COMMAND: POST /session/a995b82d0df1730148f5e6c1edf10a41/elements - {"using":"xpath","value":"//button[@data-kt=\"addButton\"]"}
RESULT: {"using":"xpath","value":"//button[@data-kt=\"addButton\"]"}
COMMAND: POST /session/a995b82d0df1730148f5e6c1edf10a41/elements - {"using":"xpath","value":"//button[@data-kt=\"addButton\"]"}
RESULT: {"using":"xpath","value":"//button[@data-kt=\"addButton\"]"}
COMMAND: POST /session/a995b82d0df1730148f5e6c1edf10a41/elements - {"using":"xpath","value":"//button[@data-kt=\"addButton\"]"}
RESULT: {"using":"xpath","value":"//button[@data-kt=\"addButton\"]"}
COMMAND: POST /session/a995b82d0df1730148f5e6c1edf10a41/elements - {"using":"xpath","value":"//button[@data-kt=\"addButton\"]"}
RESULT: {"using":"xpath","value":"//button[@data-kt=\"addButton\"]"}
COMMAND: POST /session/a995b82d0df1730148f5e6c1edf10a41/elements - {"using":"xpath","value":"//button[@data-kt=\"addButton\"]"}
RESULT: {"using":"xpath","value":"//button[@data-kt=\"addButton\"]"}
COMMAND: POST /session/a995b82d0df1730148f5e6c1edf10a41/elements - {"using":"xpath","value":"//button[@data-kt=\"addButton\"]"}
RESULT: {"using":"xpath","value":"//button[@data-kt=\"addButton\"]"}
COMMAND: POST /session/a995b82d0df1730148f5e6c1edf10a41/elements - {"using":"xpath","value":"//button[@data-kt=\"addButton\"]"}
RESULT: {"using":"xpath","value":"//button[@data-kt=\"addButton\"]"}
COMMAND: POST /session/a995b82d0df1730148f5e6c1edf10a41/elements - {"using":"xpath","value":"//button[@data-kt=\"addButton\"]"}
RESULT: {"using":"xpath","value":"//button[@data-kt=\"addButton\"]"}
COMMAND: POST /session/a995b82d0df1730148f5e6c1edf10a41/elements - {"using":"xpath","value":"//button[@data-kt=\"addButton\"]"}
RESULT: {"using":"xpath","value":"//button[@data-kt=\"addButton\"]"}
COMMAND: POST /session/a995b82d0df1730148f5e6c1edf10a41/elements - {"using":"xpath","value":"//button[@data-kt=\"addButton\"]"}
RESULT: {"using":"xpath","value":"//button[@data-kt=\"addButton\"]"}
COMMAND: POST /session/a995b82d0df1730148f5e6c1edf10a41/elements - {"using":"xpath","value":"//button[@data-kt=\"addButton\"]"}
RESULT: {"using":"xpath","value":"//button[@data-kt=\"addButton\"]"}
COMMAND: POST /session/a995b82d0df1730148f5e6c1edf10a41/elements - {"using":"xpath","value":"//button[@data-kt=\"addButton\"]"}
RESULT: {"using":"xpath","value":"//button[@data-kt=\"addButton\"]"}
COMMAND: POST /session/a995b82d0df1730148f5e6c1edf10a41/elements - {"using":"xpath","value":"//button[@data-kt=\"addButton\"]"}
RESULT: {"using":"xpath","value":"//button[@data-kt=\"addButton\"]"}
COMMAND: POST /session/a995b82d0df1730148f5e6c1edf10a41/elements - {"using":"xpath","value":"//button[@data-kt=\"addButton\"]"}
RESULT: {"using":"xpath","value":"//button[@data-kt=\"addButton\"]"}
COMMAND: POST /session/a995b82d0df1730148f5e6c1edf10a41/elements - {"using":"xpath","value":"//button[@data-kt=\"addButton\"]"}
RESULT: {"using":"xpath","value":"//button[@data-kt=\"addButton\"]"}
COMMAND: POST /session/a995b82d0df1730148f5e6c1edf10a41/elements - {"using":"xpath","value":"//button[@data-kt=\"addButton\"]"}
RESULT: {"using":"xpath","value":"//button[@data-kt=\"addButton\"]"}
COMMAND: POST /session/a995b82d0df1730148f5e6c1edf10a41/elements - {"using":"xpath","value":"//button[@data-kt=\"addButton\"]"}
RESULT: {"using":"xpath","value":"//button[@data-kt=\"addButton\"]"}
COMMAND: POST /session/a995b82d0df1730148f5e6c1edf10a41/elements - {"using":"xpath","value":"//button[@data-kt=\"addButton\"]"}
RESULT: {"using":"xpath","value":"//button[@data-kt=\"addButton\"]"}
COMMAND: POST /session/a995b82d0df1730148f5e6c1edf10a41/elements - {"using":"xpath","value":"//button[@data-kt=\"addButton\"]"}
RESULT: {"using":"xpath","value":"//button[@data-kt=\"addButton\"]"}
COMMAND: POST /session/a995b82d0df1730148f5e6c1edf10a41/elements - {"using":"xpath","value":"//button[@data-kt=\"addButton\"]"}
RESULT: {"using":"xpath","value":"//button[@data-kt=\"addButton\"]"}
COMMAND: POST /session/a995b82d0df1730148f5e6c1edf10a41/elements - {"using":"xpath","value":"//button[@data-kt=\"addButton\"]"}
RESULT: {"using":"xpath","value":"//button[@data-kt=\"addButton\"]"}
COMMAND: POST /session/a995b82d0df1730148f5e6c1edf10a41/elements - {"using":"xpath","value":"//button[@data-kt=\"addButton\"]"}
RESULT: {"using":"xpath","value":"//button[@data-kt=\"addButton\"]"}
COMMAND: POST /session/a995b82d0df1730148f5e6c1edf10a41/elements - {"using":"xpath","value":"//button[@data-kt=\"addButton\"]"}
RESULT: {"using":"xpath","value":"//button[@data-kt=\"addButton\"]"}
COMMAND: POST /session/a995b82d0df1730148f5e6c1edf10a41/elements - {"using":"xpath","value":"//button[@data-kt=\"addButton\"]"}
RESULT: {"using":"xpath","value":"//button[@data-kt=\"addButton\"]"}
COMMAND: POST /session/a995b82d0df1730148f5e6c1edf10a41/elements - {"using":"xpath","value":"//button[@data-kt=\"addButton\"]"}
RESULT: {"using":"xpath","value":"//button[@data-kt=\"addButton\"]"}
COMMAND: POST /session/a995b82d0df1730148f5e6c1edf10a41/elements - {"using":"xpath","value":"//button[@data-kt=\"addButton\"]"}
RESULT: {"using":"xpath","value":"//button[@data-kt=\"addButton\"]"}
COMMAND: POST /session/a995b82d0df1730148f5e6c1edf10a41/elements - {"using":"xpath","value":"//button[@data-kt=\"addButton\"]"}
RESULT: {"using":"xpath","value":"//button[@data-kt=\"addButton\"]"}
COMMAND: POST /session/a995b82d0df1730148f5e6c1edf10a41/elements - {"using":"xpath","value":"//button[@data-kt=\"addButton\"]"}
RESULT: {"using":"xpath","value":"//button[@data-kt=\"addButton\"]"}
COMMAND: POST /session/a995b82d0df1730148f5e6c1edf10a41/elements - {"using":"xpath","value":"//button[@data-kt=\"addButton\"]"}
RESULT: {"using":"xpath","value":"//button[@data-kt=\"addButton\"]"}
COMMAND: POST /session/a995b82d0df1730148f5e6c1edf10a41/elements - {"using":"xpath","value":"//button[@data-kt=\"addButton\"]"}
RESULT: {"using":"xpath","value":"//button[@data-kt=\"addButton\"]"}
COMMAND: POST /session/a995b82d0df1730148f5e6c1edf10a41/elements - {"using":"xpath","value":"//button[@data-kt=\"addButton\"]"}
RESULT: {"using":"xpath","value":"//button[@data-kt=\"addButton\"]"}
COMMAND: POST /session/a995b82d0df1730148f5e6c1edf10a41/elements - {"using":"xpath","value":"//button[@data-kt=\"addButton\"]"}
RESULT: {"using":"xpath","value":"//button[@data-kt=\"addButton\"]"}
COMMAND: POST /session/a995b82d0df1730148f5e6c1edf10a41/elements - {"using":"xpath","value":"//button[@data-kt=\"addButton\"]"}
RESULT: {"using":"xpath","value":"//button[@data-kt=\"addButton\"]"}
COMMAND: POST /session/a995b82d0df1730148f5e6c1edf10a41/elements - {"using":"xpath","value":"//button[@data-kt=\"addButton\"]"}
RESULT: {"using":"xpath","value":"//button[@data-kt=\"addButton\"]"}
COMMAND: POST /session/a995b82d0df1730148f5e6c1edf10a41/elements - {"using":"xpath","value":"//button[@data-kt=\"addButton\"]"}
RESULT: {"using":"xpath","value":"//button[@data-kt=\"addButton\"]"}
COMMAND: POST /session/a995b82d0df1730148f5e6c1edf10a41/elements - {"using":"xpath","value":"//button[@data-kt=\"addButton\"]"}
RESULT: {"using":"xpath","value":"//button[@data-kt=\"addButton\"]"}
COMMAND: POST /session/a995b82d0df1730148f5e6c1edf10a41/elements - {"using":"xpath","value":"//button[@data-kt=\"addButton\"]"}
RESULT: {"using":"xpath","value":"//button[@data-kt=\"addButton\"]"}
COMMAND: POST /session/a995b82d0df1730148f5e6c1edf10a41/elements - {"using":"xpath","value":"//button[@data-kt=\"addButton\"]"}
RESULT: {"using":"xpath","value":"//button[@data-kt=\"addButton\"]"}
COMMAND: POST /session/a995b82d0df1730148f5e6c1edf10a41/elements - {"using":"xpath","value":"//button[@data-kt=\"addButton\"]"}
RESULT: {"using":"xpath","value":"//button[@data-kt=\"addButton\"]"}
COMMAND: POST /session/a995b82d0df1730148f5e6c1edf10a41/elements - {"using":"xpath","value":"//button[@data-kt=\"addButton\"]"}
RESULT: {"using":"xpath","value":"//button[@data-kt=\"addButton\"]"}
COMMAND: POST /session/a995b82d0df1730148f5e6c1edf10a41/elements - {"using":"xpath","value":"//button[@data-kt=\"addButton\"]"}
RESULT: {"using":"xpath","value":"//button[@data-kt=\"addButton\"]"}
COMMAND: POST /session/a995b82d0df1730148f5e6c1edf10a41/elements - {"using":"xpath","value":"//button[@data-kt=\"addButton\"]"}
RESULT: {"using":"xpath","value":"//button[@data-kt=\"addButton\"]"}
COMMAND: POST /session/a995b82d0df1730148f5e6c1edf10a41/elements - {"using":"xpath","value":"//button[@data-kt=\"addButton\"]"}
RESULT: {"using":"xpath","value":"//button[@data-kt=\"addButton\"]"}
COMMAND: POST /session/a995b82d0df1730148f5e6c1edf10a41/elements - {"using":"xpath","value":"//button[@data-kt=\"addButton\"]"}
RESULT: {"using":"xpath","value":"//button[@data-kt=\"addButton\"]"}
COMMAND: POST /session/a995b82d0df1730148f5e6c1edf10a41/elements - {"using":"xpath","value":"//button[@data-kt=\"addButton\"]"}
RESULT: {"using":"xpath","value":"//button[@data-kt=\"addButton\"]"}
COMMAND: POST /session/a995b82d0df1730148f5e6c1edf10a41/elements - {"using":"xpath","value":"//button[@data-kt=\"addButton\"]"}
RESULT: {"using":"xpath","value":"//button[@data-kt=\"addButton\"]"}
COMMAND: POST /session/a995b82d0df1730148f5e6c1edf10a41/elements - {"using":"xpath","value":"//button[@data-kt=\"addButton\"]"}
RESULT: {"using":"xpath","value":"//button[@data-kt=\"addButton\"]"}
COMMAND: POST /session/a995b82d0df1730148f5e6c1edf10a41/elements - {"using":"xpath","value":"//button[@data-kt=\"addButton\"]"}
RESULT: {"using":"xpath","value":"//button[@data-kt=\"addButton\"]"}
COMMAND: POST /session/a995b82d0df1730148f5e6c1edf10a41/elements - {"using":"xpath","value":"//button[@data-kt=\"addButton\"]"}
RESULT: {"using":"xpath","value":"//button[@data-kt=\"addButton\"]"}
COMMAND: POST /session/a995b82d0df1730148f5e6c1edf10a41/elements - {"using":"xpath","value":"//button[@data-kt=\"addButton\"]"}
RESULT: {"using":"xpath","value":"//button[@data-kt=\"addButton\"]"}
COMMAND: POST /session/a995b82d0df1730148f5e6c1edf10a41/elements - {"using":"xpath","value":"//button[@data-kt=\"addButton\"]"}
RESULT: {"using":"xpath","value":"//button[@data-kt=\"addButton\"]"}
COMMAND: POST /session/a995b82d0df1730148f5e6c1edf10a41/elements - {"using":"xpath","value":"//button[@data-kt=\"addButton\"]"}
RESULT: {"using":"xpath","value":"//button[@data-kt=\"addButton\"]"}
COMMAND: POST /session/a995b82d0df1730148f5e6c1edf10a41/elements - {"using":"xpath","value":"//button[@data-kt=\"addButton\"]"}
RESULT: {"using":"xpath","value":"//button[@data-kt=\"addButton\"]"}
COMMAND: POST /session/a995b82d0df1730148f5e6c1edf10a41/elements - {"using":"xpath","value":"//button[@data-kt=\"addButton\"]"}
RESULT: {"using":"xpath","value":"//button[@data-kt=\"addButton\"]"}
COMMAND: POST /session/a995b82d0df1730148f5e6c1edf10a41/elements - {"using":"xpath","value":"//button[@data-kt=\"addButton\"]"}
RESULT: {"using":"xpath","value":"//button[@data-kt=\"addButton\"]"}
COMMAND: POST /session/a995b82d0df1730148f5e6c1edf10a41/elements - {"using":"xpath","value":"//button[@data-kt=\"addButton\"]"}
RESULT: {"using":"xpath","value":"//button[@data-kt=\"addButton\"]"}
COMMAND: POST /session/a995b82d0df1730148f5e6c1edf10a41/elements - {"using":"xpath","value":"//button[@data-kt=\"addButton\"]"}
RESULT: {"using":"xpath","value":"//button[@data-kt=\"addButton\"]"}
COMMAND: POST /session/a995b82d0df1730148f5e6c1edf10a41/elements - {"using":"xpath","value":"//button[@data-kt=\"addButton\"]"}
RESULT: {"using":"xpath","value":"//button[@data-kt=\"addButton\"]"}
COMMAND: POST /session/a995b82d0df1730148f5e6c1edf10a41/elements - {"using":"xpath","value":"//button[@data-kt=\"addButton\"]"}
RESULT: {"using":"xpath","value":"//button[@data-kt=\"addButton\"]"}
COMMAND: POST /session/a995b82d0df1730148f5e6c1edf10a41/elements - {"using":"xpath","value":"//button[@data-kt=\"addButton\"]"}
RESULT: {"using":"xpath","value":"//button[@data-kt=\"addButton\"]"}
COMMAND: POST /session/a995b82d0df1730148f5e6c1edf10a41/elements - {"using":"xpath","value":"//button[@data-kt=\"addButton\"]"}
RESULT: {"using":"xpath","value":"//button[@data-kt=\"addButton\"]"}
COMMAND: GET /session/a995b82d0df1730148f5e6c1edf10a41/screenshot - {}
RESULT: {}
]]></system-out>
      <system-err><![CDATA[
Error: element ("//button[@data-kt="addButton"]") still not existing after 45000ms
    at async UtilsPrerequisites.contractCreation (D:\a\1\s\test\specs\BTS\prerequisites-and-utils-functions.js:1741:9)
    at async Context.<anonymous> (D:\a\1\s\test\specs\BTS\reverse-billing.spec.js:61:45)
]]></system-err>
    </testcase>
    <testcase classname="chrome.136_0_7103_93.windows.Create_Reverse_Billing_US127248" name="Should add equipment to the contract" time="60.578">
      <failure/>
      <error message="Can't call click on element with selector &quot;//button[@data-kt=&quot;contractDetailEditBtnButton&quot;]&quot; because element wasn't found"/>
      <system-out><![CDATA[
COMMAND: POST /session/a995b82d0df1730148f5e6c1edf10a41/element - {"using":"xpath","value":"//button[@data-kt=\"contractDetailEditBtnButton\"]"}
COMMAND: GET /session/a995b82d0df1730148f5e6c1edf10a41/screenshot - {}
RESULT: {"using":"xpath","value":"//button[@data-kt=\"contractDetailEditBtnButton\"]"}
COMMAND: POST /session/a995b82d0df1730148f5e6c1edf10a41/elements - {"using":"xpath","value":"//button[@data-kt=\"contractDetailEditBtnButton\"]"}
RESULT: {}
RESULT: {"using":"xpath","value":"//button[@data-kt=\"contractDetailEditBtnButton\"]"}
COMMAND: POST /session/a995b82d0df1730148f5e6c1edf10a41/elements - {"using":"xpath","value":"//button[@data-kt=\"contractDetailEditBtnButton\"]"}
RESULT: {"using":"xpath","value":"//button[@data-kt=\"contractDetailEditBtnButton\"]"}
COMMAND: POST /session/a995b82d0df1730148f5e6c1edf10a41/elements - {"using":"xpath","value":"//button[@data-kt=\"contractDetailEditBtnButton\"]"}
RESULT: {"using":"xpath","value":"//button[@data-kt=\"contractDetailEditBtnButton\"]"}
COMMAND: POST /session/a995b82d0df1730148f5e6c1edf10a41/elements - {"using":"xpath","value":"//button[@data-kt=\"contractDetailEditBtnButton\"]"}
RESULT: {"using":"xpath","value":"//button[@data-kt=\"contractDetailEditBtnButton\"]"}
COMMAND: POST /session/a995b82d0df1730148f5e6c1edf10a41/elements - {"using":"xpath","value":"//button[@data-kt=\"contractDetailEditBtnButton\"]"}
RESULT: {"using":"xpath","value":"//button[@data-kt=\"contractDetailEditBtnButton\"]"}
COMMAND: POST /session/a995b82d0df1730148f5e6c1edf10a41/elements - {"using":"xpath","value":"//button[@data-kt=\"contractDetailEditBtnButton\"]"}
RESULT: {"using":"xpath","value":"//button[@data-kt=\"contractDetailEditBtnButton\"]"}
COMMAND: POST /session/a995b82d0df1730148f5e6c1edf10a41/elements - {"using":"xpath","value":"//button[@data-kt=\"contractDetailEditBtnButton\"]"}
RESULT: {"using":"xpath","value":"//button[@data-kt=\"contractDetailEditBtnButton\"]"}
COMMAND: POST /session/a995b82d0df1730148f5e6c1edf10a41/elements - {"using":"xpath","value":"//button[@data-kt=\"contractDetailEditBtnButton\"]"}
RESULT: {"using":"xpath","value":"//button[@data-kt=\"contractDetailEditBtnButton\"]"}
COMMAND: POST /session/a995b82d0df1730148f5e6c1edf10a41/elements - {"using":"xpath","value":"//button[@data-kt=\"contractDetailEditBtnButton\"]"}
RESULT: {"using":"xpath","value":"//button[@data-kt=\"contractDetailEditBtnButton\"]"}
COMMAND: POST /session/a995b82d0df1730148f5e6c1edf10a41/elements - {"using":"xpath","value":"//button[@data-kt=\"contractDetailEditBtnButton\"]"}
RESULT: {"using":"xpath","value":"//button[@data-kt=\"contractDetailEditBtnButton\"]"}
COMMAND: POST /session/a995b82d0df1730148f5e6c1edf10a41/elements - {"using":"xpath","value":"//button[@data-kt=\"contractDetailEditBtnButton\"]"}
RESULT: {"using":"xpath","value":"//button[@data-kt=\"contractDetailEditBtnButton\"]"}
COMMAND: POST /session/a995b82d0df1730148f5e6c1edf10a41/elements - {"using":"xpath","value":"//button[@data-kt=\"contractDetailEditBtnButton\"]"}
RESULT: {"using":"xpath","value":"//button[@data-kt=\"contractDetailEditBtnButton\"]"}
COMMAND: POST /session/a995b82d0df1730148f5e6c1edf10a41/elements - {"using":"xpath","value":"//button[@data-kt=\"contractDetailEditBtnButton\"]"}
RESULT: {"using":"xpath","value":"//button[@data-kt=\"contractDetailEditBtnButton\"]"}
COMMAND: POST /session/a995b82d0df1730148f5e6c1edf10a41/elements - {"using":"xpath","value":"//button[@data-kt=\"contractDetailEditBtnButton\"]"}
RESULT: {"using":"xpath","value":"//button[@data-kt=\"contractDetailEditBtnButton\"]"}
COMMAND: POST /session/a995b82d0df1730148f5e6c1edf10a41/elements - {"using":"xpath","value":"//button[@data-kt=\"contractDetailEditBtnButton\"]"}
RESULT: {"using":"xpath","value":"//button[@data-kt=\"contractDetailEditBtnButton\"]"}
COMMAND: POST /session/a995b82d0df1730148f5e6c1edf10a41/elements - {"using":"xpath","value":"//button[@data-kt=\"contractDetailEditBtnButton\"]"}
RESULT: {"using":"xpath","value":"//button[@data-kt=\"contractDetailEditBtnButton\"]"}
COMMAND: POST /session/a995b82d0df1730148f5e6c1edf10a41/elements - {"using":"xpath","value":"//button[@data-kt=\"contractDetailEditBtnButton\"]"}
RESULT: {"using":"xpath","value":"//button[@data-kt=\"contractDetailEditBtnButton\"]"}
COMMAND: POST /session/a995b82d0df1730148f5e6c1edf10a41/elements - {"using":"xpath","value":"//button[@data-kt=\"contractDetailEditBtnButton\"]"}
RESULT: {"using":"xpath","value":"//button[@data-kt=\"contractDetailEditBtnButton\"]"}
COMMAND: POST /session/a995b82d0df1730148f5e6c1edf10a41/elements - {"using":"xpath","value":"//button[@data-kt=\"contractDetailEditBtnButton\"]"}
RESULT: {"using":"xpath","value":"//button[@data-kt=\"contractDetailEditBtnButton\"]"}
COMMAND: POST /session/a995b82d0df1730148f5e6c1edf10a41/elements - {"using":"xpath","value":"//button[@data-kt=\"contractDetailEditBtnButton\"]"}
RESULT: {"using":"xpath","value":"//button[@data-kt=\"contractDetailEditBtnButton\"]"}
COMMAND: POST /session/a995b82d0df1730148f5e6c1edf10a41/elements - {"using":"xpath","value":"//button[@data-kt=\"contractDetailEditBtnButton\"]"}
RESULT: {"using":"xpath","value":"//button[@data-kt=\"contractDetailEditBtnButton\"]"}
COMMAND: POST /session/a995b82d0df1730148f5e6c1edf10a41/elements - {"using":"xpath","value":"//button[@data-kt=\"contractDetailEditBtnButton\"]"}
RESULT: {"using":"xpath","value":"//button[@data-kt=\"contractDetailEditBtnButton\"]"}
COMMAND: POST /session/a995b82d0df1730148f5e6c1edf10a41/elements - {"using":"xpath","value":"//button[@data-kt=\"contractDetailEditBtnButton\"]"}
RESULT: {"using":"xpath","value":"//button[@data-kt=\"contractDetailEditBtnButton\"]"}
COMMAND: POST /session/a995b82d0df1730148f5e6c1edf10a41/elements - {"using":"xpath","value":"//button[@data-kt=\"contractDetailEditBtnButton\"]"}
RESULT: {"using":"xpath","value":"//button[@data-kt=\"contractDetailEditBtnButton\"]"}
COMMAND: POST /session/a995b82d0df1730148f5e6c1edf10a41/elements - {"using":"xpath","value":"//button[@data-kt=\"contractDetailEditBtnButton\"]"}
RESULT: {"using":"xpath","value":"//button[@data-kt=\"contractDetailEditBtnButton\"]"}
COMMAND: POST /session/a995b82d0df1730148f5e6c1edf10a41/elements - {"using":"xpath","value":"//button[@data-kt=\"contractDetailEditBtnButton\"]"}
RESULT: {"using":"xpath","value":"//button[@data-kt=\"contractDetailEditBtnButton\"]"}
COMMAND: POST /session/a995b82d0df1730148f5e6c1edf10a41/elements - {"using":"xpath","value":"//button[@data-kt=\"contractDetailEditBtnButton\"]"}
RESULT: {"using":"xpath","value":"//button[@data-kt=\"contractDetailEditBtnButton\"]"}
COMMAND: POST /session/a995b82d0df1730148f5e6c1edf10a41/elements - {"using":"xpath","value":"//button[@data-kt=\"contractDetailEditBtnButton\"]"}
RESULT: {"using":"xpath","value":"//button[@data-kt=\"contractDetailEditBtnButton\"]"}
COMMAND: POST /session/a995b82d0df1730148f5e6c1edf10a41/elements - {"using":"xpath","value":"//button[@data-kt=\"contractDetailEditBtnButton\"]"}
RESULT: {"using":"xpath","value":"//button[@data-kt=\"contractDetailEditBtnButton\"]"}
COMMAND: POST /session/a995b82d0df1730148f5e6c1edf10a41/elements - {"using":"xpath","value":"//button[@data-kt=\"contractDetailEditBtnButton\"]"}
RESULT: {"using":"xpath","value":"//button[@data-kt=\"contractDetailEditBtnButton\"]"}
COMMAND: POST /session/a995b82d0df1730148f5e6c1edf10a41/elements - {"using":"xpath","value":"//button[@data-kt=\"contractDetailEditBtnButton\"]"}
RESULT: {"using":"xpath","value":"//button[@data-kt=\"contractDetailEditBtnButton\"]"}
COMMAND: POST /session/a995b82d0df1730148f5e6c1edf10a41/elements - {"using":"xpath","value":"//button[@data-kt=\"contractDetailEditBtnButton\"]"}
RESULT: {"using":"xpath","value":"//button[@data-kt=\"contractDetailEditBtnButton\"]"}
COMMAND: POST /session/a995b82d0df1730148f5e6c1edf10a41/elements - {"using":"xpath","value":"//button[@data-kt=\"contractDetailEditBtnButton\"]"}
RESULT: {"using":"xpath","value":"//button[@data-kt=\"contractDetailEditBtnButton\"]"}
COMMAND: POST /session/a995b82d0df1730148f5e6c1edf10a41/elements - {"using":"xpath","value":"//button[@data-kt=\"contractDetailEditBtnButton\"]"}
RESULT: {"using":"xpath","value":"//button[@data-kt=\"contractDetailEditBtnButton\"]"}
COMMAND: POST /session/a995b82d0df1730148f5e6c1edf10a41/elements - {"using":"xpath","value":"//button[@data-kt=\"contractDetailEditBtnButton\"]"}
RESULT: {"using":"xpath","value":"//button[@data-kt=\"contractDetailEditBtnButton\"]"}
COMMAND: POST /session/a995b82d0df1730148f5e6c1edf10a41/elements - {"using":"xpath","value":"//button[@data-kt=\"contractDetailEditBtnButton\"]"}
RESULT: {"using":"xpath","value":"//button[@data-kt=\"contractDetailEditBtnButton\"]"}
COMMAND: POST /session/a995b82d0df1730148f5e6c1edf10a41/elements - {"using":"xpath","value":"//button[@data-kt=\"contractDetailEditBtnButton\"]"}
RESULT: {"using":"xpath","value":"//button[@data-kt=\"contractDetailEditBtnButton\"]"}
COMMAND: POST /session/a995b82d0df1730148f5e6c1edf10a41/elements - {"using":"xpath","value":"//button[@data-kt=\"contractDetailEditBtnButton\"]"}
RESULT: {"using":"xpath","value":"//button[@data-kt=\"contractDetailEditBtnButton\"]"}
COMMAND: POST /session/a995b82d0df1730148f5e6c1edf10a41/elements - {"using":"xpath","value":"//button[@data-kt=\"contractDetailEditBtnButton\"]"}
RESULT: {"using":"xpath","value":"//button[@data-kt=\"contractDetailEditBtnButton\"]"}
COMMAND: POST /session/a995b82d0df1730148f5e6c1edf10a41/elements - {"using":"xpath","value":"//button[@data-kt=\"contractDetailEditBtnButton\"]"}
RESULT: {"using":"xpath","value":"//button[@data-kt=\"contractDetailEditBtnButton\"]"}
COMMAND: POST /session/a995b82d0df1730148f5e6c1edf10a41/elements - {"using":"xpath","value":"//button[@data-kt=\"contractDetailEditBtnButton\"]"}
RESULT: {"using":"xpath","value":"//button[@data-kt=\"contractDetailEditBtnButton\"]"}
COMMAND: POST /session/a995b82d0df1730148f5e6c1edf10a41/elements - {"using":"xpath","value":"//button[@data-kt=\"contractDetailEditBtnButton\"]"}
RESULT: {"using":"xpath","value":"//button[@data-kt=\"contractDetailEditBtnButton\"]"}
COMMAND: POST /session/a995b82d0df1730148f5e6c1edf10a41/elements - {"using":"xpath","value":"//button[@data-kt=\"contractDetailEditBtnButton\"]"}
RESULT: {"using":"xpath","value":"//button[@data-kt=\"contractDetailEditBtnButton\"]"}
COMMAND: POST /session/a995b82d0df1730148f5e6c1edf10a41/elements - {"using":"xpath","value":"//button[@data-kt=\"contractDetailEditBtnButton\"]"}
RESULT: {"using":"xpath","value":"//button[@data-kt=\"contractDetailEditBtnButton\"]"}
COMMAND: POST /session/a995b82d0df1730148f5e6c1edf10a41/elements - {"using":"xpath","value":"//button[@data-kt=\"contractDetailEditBtnButton\"]"}
RESULT: {"using":"xpath","value":"//button[@data-kt=\"contractDetailEditBtnButton\"]"}
COMMAND: POST /session/a995b82d0df1730148f5e6c1edf10a41/elements - {"using":"xpath","value":"//button[@data-kt=\"contractDetailEditBtnButton\"]"}
RESULT: {"using":"xpath","value":"//button[@data-kt=\"contractDetailEditBtnButton\"]"}
COMMAND: POST /session/a995b82d0df1730148f5e6c1edf10a41/elements - {"using":"xpath","value":"//button[@data-kt=\"contractDetailEditBtnButton\"]"}
RESULT: {"using":"xpath","value":"//button[@data-kt=\"contractDetailEditBtnButton\"]"}
COMMAND: POST /session/a995b82d0df1730148f5e6c1edf10a41/elements - {"using":"xpath","value":"//button[@data-kt=\"contractDetailEditBtnButton\"]"}
RESULT: {"using":"xpath","value":"//button[@data-kt=\"contractDetailEditBtnButton\"]"}
COMMAND: POST /session/a995b82d0df1730148f5e6c1edf10a41/elements - {"using":"xpath","value":"//button[@data-kt=\"contractDetailEditBtnButton\"]"}
RESULT: {"using":"xpath","value":"//button[@data-kt=\"contractDetailEditBtnButton\"]"}
COMMAND: POST /session/a995b82d0df1730148f5e6c1edf10a41/elements - {"using":"xpath","value":"//button[@data-kt=\"contractDetailEditBtnButton\"]"}
RESULT: {"using":"xpath","value":"//button[@data-kt=\"contractDetailEditBtnButton\"]"}
COMMAND: POST /session/a995b82d0df1730148f5e6c1edf10a41/elements - {"using":"xpath","value":"//button[@data-kt=\"contractDetailEditBtnButton\"]"}
RESULT: {"using":"xpath","value":"//button[@data-kt=\"contractDetailEditBtnButton\"]"}
COMMAND: POST /session/a995b82d0df1730148f5e6c1edf10a41/elements - {"using":"xpath","value":"//button[@data-kt=\"contractDetailEditBtnButton\"]"}
RESULT: {"using":"xpath","value":"//button[@data-kt=\"contractDetailEditBtnButton\"]"}
COMMAND: POST /session/a995b82d0df1730148f5e6c1edf10a41/elements - {"using":"xpath","value":"//button[@data-kt=\"contractDetailEditBtnButton\"]"}
RESULT: {"using":"xpath","value":"//button[@data-kt=\"contractDetailEditBtnButton\"]"}
COMMAND: POST /session/a995b82d0df1730148f5e6c1edf10a41/elements - {"using":"xpath","value":"//button[@data-kt=\"contractDetailEditBtnButton\"]"}
RESULT: {"using":"xpath","value":"//button[@data-kt=\"contractDetailEditBtnButton\"]"}
COMMAND: POST /session/a995b82d0df1730148f5e6c1edf10a41/elements - {"using":"xpath","value":"//button[@data-kt=\"contractDetailEditBtnButton\"]"}
RESULT: {"using":"xpath","value":"//button[@data-kt=\"contractDetailEditBtnButton\"]"}
COMMAND: POST /session/a995b82d0df1730148f5e6c1edf10a41/elements - {"using":"xpath","value":"//button[@data-kt=\"contractDetailEditBtnButton\"]"}
RESULT: {"using":"xpath","value":"//button[@data-kt=\"contractDetailEditBtnButton\"]"}
COMMAND: POST /session/a995b82d0df1730148f5e6c1edf10a41/elements - {"using":"xpath","value":"//button[@data-kt=\"contractDetailEditBtnButton\"]"}
RESULT: {"using":"xpath","value":"//button[@data-kt=\"contractDetailEditBtnButton\"]"}
COMMAND: POST /session/a995b82d0df1730148f5e6c1edf10a41/elements - {"using":"xpath","value":"//button[@data-kt=\"contractDetailEditBtnButton\"]"}
RESULT: {"using":"xpath","value":"//button[@data-kt=\"contractDetailEditBtnButton\"]"}
COMMAND: POST /session/a995b82d0df1730148f5e6c1edf10a41/elements - {"using":"xpath","value":"//button[@data-kt=\"contractDetailEditBtnButton\"]"}
RESULT: {"using":"xpath","value":"//button[@data-kt=\"contractDetailEditBtnButton\"]"}
COMMAND: POST /session/a995b82d0df1730148f5e6c1edf10a41/elements - {"using":"xpath","value":"//button[@data-kt=\"contractDetailEditBtnButton\"]"}
RESULT: {"using":"xpath","value":"//button[@data-kt=\"contractDetailEditBtnButton\"]"}
COMMAND: POST /session/a995b82d0df1730148f5e6c1edf10a41/elements - {"using":"xpath","value":"//button[@data-kt=\"contractDetailEditBtnButton\"]"}
RESULT: {"using":"xpath","value":"//button[@data-kt=\"contractDetailEditBtnButton\"]"}
COMMAND: POST /session/a995b82d0df1730148f5e6c1edf10a41/elements - {"using":"xpath","value":"//button[@data-kt=\"contractDetailEditBtnButton\"]"}
RESULT: {"using":"xpath","value":"//button[@data-kt=\"contractDetailEditBtnButton\"]"}
COMMAND: POST /session/a995b82d0df1730148f5e6c1edf10a41/elements - {"using":"xpath","value":"//button[@data-kt=\"contractDetailEditBtnButton\"]"}
RESULT: {"using":"xpath","value":"//button[@data-kt=\"contractDetailEditBtnButton\"]"}
COMMAND: POST /session/a995b82d0df1730148f5e6c1edf10a41/elements - {"using":"xpath","value":"//button[@data-kt=\"contractDetailEditBtnButton\"]"}
RESULT: {"using":"xpath","value":"//button[@data-kt=\"contractDetailEditBtnButton\"]"}
COMMAND: POST /session/a995b82d0df1730148f5e6c1edf10a41/elements - {"using":"xpath","value":"//button[@data-kt=\"contractDetailEditBtnButton\"]"}
RESULT: {"using":"xpath","value":"//button[@data-kt=\"contractDetailEditBtnButton\"]"}
COMMAND: POST /session/a995b82d0df1730148f5e6c1edf10a41/elements - {"using":"xpath","value":"//button[@data-kt=\"contractDetailEditBtnButton\"]"}
RESULT: {"using":"xpath","value":"//button[@data-kt=\"contractDetailEditBtnButton\"]"}
COMMAND: POST /session/a995b82d0df1730148f5e6c1edf10a41/elements - {"using":"xpath","value":"//button[@data-kt=\"contractDetailEditBtnButton\"]"}
RESULT: {"using":"xpath","value":"//button[@data-kt=\"contractDetailEditBtnButton\"]"}
COMMAND: POST /session/a995b82d0df1730148f5e6c1edf10a41/elements - {"using":"xpath","value":"//button[@data-kt=\"contractDetailEditBtnButton\"]"}
RESULT: {"using":"xpath","value":"//button[@data-kt=\"contractDetailEditBtnButton\"]"}
COMMAND: POST /session/a995b82d0df1730148f5e6c1edf10a41/elements - {"using":"xpath","value":"//button[@data-kt=\"contractDetailEditBtnButton\"]"}
RESULT: {"using":"xpath","value":"//button[@data-kt=\"contractDetailEditBtnButton\"]"}
COMMAND: POST /session/a995b82d0df1730148f5e6c1edf10a41/elements - {"using":"xpath","value":"//button[@data-kt=\"contractDetailEditBtnButton\"]"}
RESULT: {"using":"xpath","value":"//button[@data-kt=\"contractDetailEditBtnButton\"]"}
COMMAND: POST /session/a995b82d0df1730148f5e6c1edf10a41/elements - {"using":"xpath","value":"//button[@data-kt=\"contractDetailEditBtnButton\"]"}
RESULT: {"using":"xpath","value":"//button[@data-kt=\"contractDetailEditBtnButton\"]"}
COMMAND: POST /session/a995b82d0df1730148f5e6c1edf10a41/elements - {"using":"xpath","value":"//button[@data-kt=\"contractDetailEditBtnButton\"]"}
RESULT: {"using":"xpath","value":"//button[@data-kt=\"contractDetailEditBtnButton\"]"}
COMMAND: POST /session/a995b82d0df1730148f5e6c1edf10a41/elements - {"using":"xpath","value":"//button[@data-kt=\"contractDetailEditBtnButton\"]"}
RESULT: {"using":"xpath","value":"//button[@data-kt=\"contractDetailEditBtnButton\"]"}
COMMAND: POST /session/a995b82d0df1730148f5e6c1edf10a41/elements - {"using":"xpath","value":"//button[@data-kt=\"contractDetailEditBtnButton\"]"}
RESULT: {"using":"xpath","value":"//button[@data-kt=\"contractDetailEditBtnButton\"]"}
COMMAND: POST /session/a995b82d0df1730148f5e6c1edf10a41/elements - {"using":"xpath","value":"//button[@data-kt=\"contractDetailEditBtnButton\"]"}
RESULT: {"using":"xpath","value":"//button[@data-kt=\"contractDetailEditBtnButton\"]"}
COMMAND: POST /session/a995b82d0df1730148f5e6c1edf10a41/elements - {"using":"xpath","value":"//button[@data-kt=\"contractDetailEditBtnButton\"]"}
RESULT: {"using":"xpath","value":"//button[@data-kt=\"contractDetailEditBtnButton\"]"}
COMMAND: POST /session/a995b82d0df1730148f5e6c1edf10a41/elements - {"using":"xpath","value":"//button[@data-kt=\"contractDetailEditBtnButton\"]"}
RESULT: {"using":"xpath","value":"//button[@data-kt=\"contractDetailEditBtnButton\"]"}
COMMAND: POST /session/a995b82d0df1730148f5e6c1edf10a41/elements - {"using":"xpath","value":"//button[@data-kt=\"contractDetailEditBtnButton\"]"}
RESULT: {"using":"xpath","value":"//button[@data-kt=\"contractDetailEditBtnButton\"]"}
COMMAND: POST /session/a995b82d0df1730148f5e6c1edf10a41/elements - {"using":"xpath","value":"//button[@data-kt=\"contractDetailEditBtnButton\"]"}
RESULT: {"using":"xpath","value":"//button[@data-kt=\"contractDetailEditBtnButton\"]"}
COMMAND: POST /session/a995b82d0df1730148f5e6c1edf10a41/elements - {"using":"xpath","value":"//button[@data-kt=\"contractDetailEditBtnButton\"]"}
RESULT: {"using":"xpath","value":"//button[@data-kt=\"contractDetailEditBtnButton\"]"}
COMMAND: POST /session/a995b82d0df1730148f5e6c1edf10a41/elements - {"using":"xpath","value":"//button[@data-kt=\"contractDetailEditBtnButton\"]"}
RESULT: {"using":"xpath","value":"//button[@data-kt=\"contractDetailEditBtnButton\"]"}
COMMAND: POST /session/a995b82d0df1730148f5e6c1edf10a41/elements - {"using":"xpath","value":"//button[@data-kt=\"contractDetailEditBtnButton\"]"}
RESULT: {"using":"xpath","value":"//button[@data-kt=\"contractDetailEditBtnButton\"]"}
COMMAND: POST /session/a995b82d0df1730148f5e6c1edf10a41/elements - {"using":"xpath","value":"//button[@data-kt=\"contractDetailEditBtnButton\"]"}
RESULT: {"using":"xpath","value":"//button[@data-kt=\"contractDetailEditBtnButton\"]"}
COMMAND: POST /session/a995b82d0df1730148f5e6c1edf10a41/elements - {"using":"xpath","value":"//button[@data-kt=\"contractDetailEditBtnButton\"]"}
RESULT: {"using":"xpath","value":"//button[@data-kt=\"contractDetailEditBtnButton\"]"}
COMMAND: POST /session/a995b82d0df1730148f5e6c1edf10a41/elements - {"using":"xpath","value":"//button[@data-kt=\"contractDetailEditBtnButton\"]"}
RESULT: {"using":"xpath","value":"//button[@data-kt=\"contractDetailEditBtnButton\"]"}
COMMAND: POST /session/a995b82d0df1730148f5e6c1edf10a41/elements - {"using":"xpath","value":"//button[@data-kt=\"contractDetailEditBtnButton\"]"}
RESULT: {"using":"xpath","value":"//button[@data-kt=\"contractDetailEditBtnButton\"]"}
COMMAND: POST /session/a995b82d0df1730148f5e6c1edf10a41/elements - {"using":"xpath","value":"//button[@data-kt=\"contractDetailEditBtnButton\"]"}
RESULT: {"using":"xpath","value":"//button[@data-kt=\"contractDetailEditBtnButton\"]"}
COMMAND: POST /session/a995b82d0df1730148f5e6c1edf10a41/elements - {"using":"xpath","value":"//button[@data-kt=\"contractDetailEditBtnButton\"]"}
RESULT: {"using":"xpath","value":"//button[@data-kt=\"contractDetailEditBtnButton\"]"}
COMMAND: POST /session/a995b82d0df1730148f5e6c1edf10a41/elements - {"using":"xpath","value":"//button[@data-kt=\"contractDetailEditBtnButton\"]"}
RESULT: {"using":"xpath","value":"//button[@data-kt=\"contractDetailEditBtnButton\"]"}
COMMAND: POST /session/a995b82d0df1730148f5e6c1edf10a41/elements - {"using":"xpath","value":"//button[@data-kt=\"contractDetailEditBtnButton\"]"}
RESULT: {"using":"xpath","value":"//button[@data-kt=\"contractDetailEditBtnButton\"]"}
COMMAND: POST /session/a995b82d0df1730148f5e6c1edf10a41/elements - {"using":"xpath","value":"//button[@data-kt=\"contractDetailEditBtnButton\"]"}
RESULT: {"using":"xpath","value":"//button[@data-kt=\"contractDetailEditBtnButton\"]"}
COMMAND: POST /session/a995b82d0df1730148f5e6c1edf10a41/elements - {"using":"xpath","value":"//button[@data-kt=\"contractDetailEditBtnButton\"]"}
RESULT: {"using":"xpath","value":"//button[@data-kt=\"contractDetailEditBtnButton\"]"}
COMMAND: POST /session/a995b82d0df1730148f5e6c1edf10a41/elements - {"using":"xpath","value":"//button[@data-kt=\"contractDetailEditBtnButton\"]"}
RESULT: {"using":"xpath","value":"//button[@data-kt=\"contractDetailEditBtnButton\"]"}
COMMAND: POST /session/a995b82d0df1730148f5e6c1edf10a41/elements - {"using":"xpath","value":"//button[@data-kt=\"contractDetailEditBtnButton\"]"}
RESULT: {"using":"xpath","value":"//button[@data-kt=\"contractDetailEditBtnButton\"]"}
COMMAND: POST /session/a995b82d0df1730148f5e6c1edf10a41/elements - {"using":"xpath","value":"//button[@data-kt=\"contractDetailEditBtnButton\"]"}
RESULT: {"using":"xpath","value":"//button[@data-kt=\"contractDetailEditBtnButton\"]"}
COMMAND: POST /session/a995b82d0df1730148f5e6c1edf10a41/elements - {"using":"xpath","value":"//button[@data-kt=\"contractDetailEditBtnButton\"]"}
RESULT: {"using":"xpath","value":"//button[@data-kt=\"contractDetailEditBtnButton\"]"}
COMMAND: POST /session/a995b82d0df1730148f5e6c1edf10a41/elements - {"using":"xpath","value":"//button[@data-kt=\"contractDetailEditBtnButton\"]"}
RESULT: {"using":"xpath","value":"//button[@data-kt=\"contractDetailEditBtnButton\"]"}
COMMAND: POST /session/a995b82d0df1730148f5e6c1edf10a41/elements - {"using":"xpath","value":"//button[@data-kt=\"contractDetailEditBtnButton\"]"}
RESULT: {"using":"xpath","value":"//button[@data-kt=\"contractDetailEditBtnButton\"]"}
COMMAND: POST /session/a995b82d0df1730148f5e6c1edf10a41/elements - {"using":"xpath","value":"//button[@data-kt=\"contractDetailEditBtnButton\"]"}
RESULT: {"using":"xpath","value":"//button[@data-kt=\"contractDetailEditBtnButton\"]"}
COMMAND: POST /session/a995b82d0df1730148f5e6c1edf10a41/elements - {"using":"xpath","value":"//button[@data-kt=\"contractDetailEditBtnButton\"]"}
RESULT: {"using":"xpath","value":"//button[@data-kt=\"contractDetailEditBtnButton\"]"}
COMMAND: POST /session/a995b82d0df1730148f5e6c1edf10a41/elements - {"using":"xpath","value":"//button[@data-kt=\"contractDetailEditBtnButton\"]"}
RESULT: {"using":"xpath","value":"//button[@data-kt=\"contractDetailEditBtnButton\"]"}
COMMAND: POST /session/a995b82d0df1730148f5e6c1edf10a41/elements - {"using":"xpath","value":"//button[@data-kt=\"contractDetailEditBtnButton\"]"}
RESULT: {"using":"xpath","value":"//button[@data-kt=\"contractDetailEditBtnButton\"]"}
COMMAND: POST /session/a995b82d0df1730148f5e6c1edf10a41/elements - {"using":"xpath","value":"//button[@data-kt=\"contractDetailEditBtnButton\"]"}
RESULT: {"using":"xpath","value":"//button[@data-kt=\"contractDetailEditBtnButton\"]"}
COMMAND: POST /session/a995b82d0df1730148f5e6c1edf10a41/elements - {"using":"xpath","value":"//button[@data-kt=\"contractDetailEditBtnButton\"]"}
RESULT: {"using":"xpath","value":"//button[@data-kt=\"contractDetailEditBtnButton\"]"}
COMMAND: POST /session/a995b82d0df1730148f5e6c1edf10a41/elements - {"using":"xpath","value":"//button[@data-kt=\"contractDetailEditBtnButton\"]"}
RESULT: {"using":"xpath","value":"//button[@data-kt=\"contractDetailEditBtnButton\"]"}
COMMAND: POST /session/a995b82d0df1730148f5e6c1edf10a41/elements - {"using":"xpath","value":"//button[@data-kt=\"contractDetailEditBtnButton\"]"}
RESULT: {"using":"xpath","value":"//button[@data-kt=\"contractDetailEditBtnButton\"]"}
COMMAND: POST /session/a995b82d0df1730148f5e6c1edf10a41/elements - {"using":"xpath","value":"//button[@data-kt=\"contractDetailEditBtnButton\"]"}
RESULT: {"using":"xpath","value":"//button[@data-kt=\"contractDetailEditBtnButton\"]"}
COMMAND: POST /session/a995b82d0df1730148f5e6c1edf10a41/elements - {"using":"xpath","value":"//button[@data-kt=\"contractDetailEditBtnButton\"]"}
RESULT: {"using":"xpath","value":"//button[@data-kt=\"contractDetailEditBtnButton\"]"}
COMMAND: POST /session/a995b82d0df1730148f5e6c1edf10a41/elements - {"using":"xpath","value":"//button[@data-kt=\"contractDetailEditBtnButton\"]"}
RESULT: {"using":"xpath","value":"//button[@data-kt=\"contractDetailEditBtnButton\"]"}
COMMAND: POST /session/a995b82d0df1730148f5e6c1edf10a41/elements - {"using":"xpath","value":"//button[@data-kt=\"contractDetailEditBtnButton\"]"}
RESULT: {"using":"xpath","value":"//button[@data-kt=\"contractDetailEditBtnButton\"]"}
COMMAND: POST /session/a995b82d0df1730148f5e6c1edf10a41/elements - {"using":"xpath","value":"//button[@data-kt=\"contractDetailEditBtnButton\"]"}
RESULT: {"using":"xpath","value":"//button[@data-kt=\"contractDetailEditBtnButton\"]"}
COMMAND: POST /session/a995b82d0df1730148f5e6c1edf10a41/elements - {"using":"xpath","value":"//button[@data-kt=\"contractDetailEditBtnButton\"]"}
RESULT: {"using":"xpath","value":"//button[@data-kt=\"contractDetailEditBtnButton\"]"}
COMMAND: POST /session/a995b82d0df1730148f5e6c1edf10a41/elements - {"using":"xpath","value":"//button[@data-kt=\"contractDetailEditBtnButton\"]"}
RESULT: {"using":"xpath","value":"//button[@data-kt=\"contractDetailEditBtnButton\"]"}
COMMAND: POST /session/a995b82d0df1730148f5e6c1edf10a41/elements - {"using":"xpath","value":"//button[@data-kt=\"contractDetailEditBtnButton\"]"}
RESULT: {"using":"xpath","value":"//button[@data-kt=\"contractDetailEditBtnButton\"]"}
COMMAND: POST /session/a995b82d0df1730148f5e6c1edf10a41/elements - {"using":"xpath","value":"//button[@data-kt=\"contractDetailEditBtnButton\"]"}
RESULT: {"using":"xpath","value":"//button[@data-kt=\"contractDetailEditBtnButton\"]"}
COMMAND: POST /session/a995b82d0df1730148f5e6c1edf10a41/elements - {"using":"xpath","value":"//button[@data-kt=\"contractDetailEditBtnButton\"]"}
RESULT: {"using":"xpath","value":"//button[@data-kt=\"contractDetailEditBtnButton\"]"}
COMMAND: POST /session/a995b82d0df1730148f5e6c1edf10a41/elements - {"using":"xpath","value":"//button[@data-kt=\"contractDetailEditBtnButton\"]"}
RESULT: {"using":"xpath","value":"//button[@data-kt=\"contractDetailEditBtnButton\"]"}
COMMAND: POST /session/a995b82d0df1730148f5e6c1edf10a41/elements - {"using":"xpath","value":"//button[@data-kt=\"contractDetailEditBtnButton\"]"}
RESULT: {"using":"xpath","value":"//button[@data-kt=\"contractDetailEditBtnButton\"]"}
COMMAND: POST /session/a995b82d0df1730148f5e6c1edf10a41/elements - {"using":"xpath","value":"//button[@data-kt=\"contractDetailEditBtnButton\"]"}
RESULT: {"using":"xpath","value":"//button[@data-kt=\"contractDetailEditBtnButton\"]"}
COMMAND: POST /session/a995b82d0df1730148f5e6c1edf10a41/elements - {"using":"xpath","value":"//button[@data-kt=\"contractDetailEditBtnButton\"]"}
RESULT: {"using":"xpath","value":"//button[@data-kt=\"contractDetailEditBtnButton\"]"}
COMMAND: GET /session/a995b82d0df1730148f5e6c1edf10a41/screenshot - {}
RESULT: {}
COMMAND: GET /session/a995b82d0df1730148f5e6c1edf10a41/screenshot - {}
]]></system-out>
      <system-err><![CDATA[
Error: Can't call click on element with selector "//button[@data-kt="contractDetailEditBtnButton"]" because element wasn't found
    at async UtilsPrerequisites.addItemToContract (D:\a\1\s\test\specs\BTS\prerequisites-and-utils-functions.js:1852:9)
    at async Context.<anonymous> (D:\a\1\s\test\specs\BTS\reverse-billing.spec.js:65:9)
]]></system-err>
    </testcase>
    <testcase classname="chrome.136_0_7103_93.windows.Create_Reverse_Billing_US127248" name="Should do a provide to site handover" time="60.942">
      <failure/>
      <error message="Can't call click on element with selector &quot;//button[@data-kt=&quot;provideButton&quot;]&quot; because element wasn't found"/>
      <system-out><![CDATA[
COMMAND: POST /session/a995b82d0df1730148f5e6c1edf10a41/element - {"using":"xpath","value":"//button[@data-kt=\"provideButton\"]"}
RESULT: {}
RESULT: {"using":"xpath","value":"//button[@data-kt=\"provideButton\"]"}
COMMAND: POST /session/a995b82d0df1730148f5e6c1edf10a41/elements - {"using":"xpath","value":"//button[@data-kt=\"provideButton\"]"}
RESULT: {"using":"xpath","value":"//button[@data-kt=\"provideButton\"]"}
COMMAND: POST /session/a995b82d0df1730148f5e6c1edf10a41/elements - {"using":"xpath","value":"//button[@data-kt=\"provideButton\"]"}
RESULT: {"using":"xpath","value":"//button[@data-kt=\"provideButton\"]"}
COMMAND: POST /session/a995b82d0df1730148f5e6c1edf10a41/elements - {"using":"xpath","value":"//button[@data-kt=\"provideButton\"]"}
RESULT: {"using":"xpath","value":"//button[@data-kt=\"provideButton\"]"}
COMMAND: POST /session/a995b82d0df1730148f5e6c1edf10a41/elements - {"using":"xpath","value":"//button[@data-kt=\"provideButton\"]"}
RESULT: {"using":"xpath","value":"//button[@data-kt=\"provideButton\"]"}
COMMAND: POST /session/a995b82d0df1730148f5e6c1edf10a41/elements - {"using":"xpath","value":"//button[@data-kt=\"provideButton\"]"}
RESULT: {"using":"xpath","value":"//button[@data-kt=\"provideButton\"]"}
COMMAND: POST /session/a995b82d0df1730148f5e6c1edf10a41/elements - {"using":"xpath","value":"//button[@data-kt=\"provideButton\"]"}
RESULT: {"using":"xpath","value":"//button[@data-kt=\"provideButton\"]"}
COMMAND: POST /session/a995b82d0df1730148f5e6c1edf10a41/elements - {"using":"xpath","value":"//button[@data-kt=\"provideButton\"]"}
RESULT: {"using":"xpath","value":"//button[@data-kt=\"provideButton\"]"}
COMMAND: POST /session/a995b82d0df1730148f5e6c1edf10a41/elements - {"using":"xpath","value":"//button[@data-kt=\"provideButton\"]"}
RESULT: {"using":"xpath","value":"//button[@data-kt=\"provideButton\"]"}
COMMAND: POST /session/a995b82d0df1730148f5e6c1edf10a41/elements - {"using":"xpath","value":"//button[@data-kt=\"provideButton\"]"}
RESULT: {"using":"xpath","value":"//button[@data-kt=\"provideButton\"]"}
COMMAND: POST /session/a995b82d0df1730148f5e6c1edf10a41/elements - {"using":"xpath","value":"//button[@data-kt=\"provideButton\"]"}
RESULT: {"using":"xpath","value":"//button[@data-kt=\"provideButton\"]"}
COMMAND: POST /session/a995b82d0df1730148f5e6c1edf10a41/elements - {"using":"xpath","value":"//button[@data-kt=\"provideButton\"]"}
RESULT: {"using":"xpath","value":"//button[@data-kt=\"provideButton\"]"}
COMMAND: POST /session/a995b82d0df1730148f5e6c1edf10a41/elements - {"using":"xpath","value":"//button[@data-kt=\"provideButton\"]"}
RESULT: {"using":"xpath","value":"//button[@data-kt=\"provideButton\"]"}
COMMAND: POST /session/a995b82d0df1730148f5e6c1edf10a41/elements - {"using":"xpath","value":"//button[@data-kt=\"provideButton\"]"}
RESULT: {"using":"xpath","value":"//button[@data-kt=\"provideButton\"]"}
COMMAND: POST /session/a995b82d0df1730148f5e6c1edf10a41/elements - {"using":"xpath","value":"//button[@data-kt=\"provideButton\"]"}
RESULT: {"using":"xpath","value":"//button[@data-kt=\"provideButton\"]"}
COMMAND: POST /session/a995b82d0df1730148f5e6c1edf10a41/elements - {"using":"xpath","value":"//button[@data-kt=\"provideButton\"]"}
RESULT: {"using":"xpath","value":"//button[@data-kt=\"provideButton\"]"}
COMMAND: POST /session/a995b82d0df1730148f5e6c1edf10a41/elements - {"using":"xpath","value":"//button[@data-kt=\"provideButton\"]"}
RESULT: {"using":"xpath","value":"//button[@data-kt=\"provideButton\"]"}
COMMAND: POST /session/a995b82d0df1730148f5e6c1edf10a41/elements - {"using":"xpath","value":"//button[@data-kt=\"provideButton\"]"}
RESULT: {"using":"xpath","value":"//button[@data-kt=\"provideButton\"]"}
COMMAND: POST /session/a995b82d0df1730148f5e6c1edf10a41/elements - {"using":"xpath","value":"//button[@data-kt=\"provideButton\"]"}
RESULT: {"using":"xpath","value":"//button[@data-kt=\"provideButton\"]"}
COMMAND: POST /session/a995b82d0df1730148f5e6c1edf10a41/elements - {"using":"xpath","value":"//button[@data-kt=\"provideButton\"]"}
RESULT: {"using":"xpath","value":"//button[@data-kt=\"provideButton\"]"}
COMMAND: POST /session/a995b82d0df1730148f5e6c1edf10a41/elements - {"using":"xpath","value":"//button[@data-kt=\"provideButton\"]"}
RESULT: {"using":"xpath","value":"//button[@data-kt=\"provideButton\"]"}
COMMAND: POST /session/a995b82d0df1730148f5e6c1edf10a41/elements - {"using":"xpath","value":"//button[@data-kt=\"provideButton\"]"}
RESULT: {"using":"xpath","value":"//button[@data-kt=\"provideButton\"]"}
COMMAND: POST /session/a995b82d0df1730148f5e6c1edf10a41/elements - {"using":"xpath","value":"//button[@data-kt=\"provideButton\"]"}
RESULT: {"using":"xpath","value":"//button[@data-kt=\"provideButton\"]"}
COMMAND: POST /session/a995b82d0df1730148f5e6c1edf10a41/elements - {"using":"xpath","value":"//button[@data-kt=\"provideButton\"]"}
RESULT: {"using":"xpath","value":"//button[@data-kt=\"provideButton\"]"}
COMMAND: POST /session/a995b82d0df1730148f5e6c1edf10a41/elements - {"using":"xpath","value":"//button[@data-kt=\"provideButton\"]"}
RESULT: {"using":"xpath","value":"//button[@data-kt=\"provideButton\"]"}
COMMAND: POST /session/a995b82d0df1730148f5e6c1edf10a41/elements - {"using":"xpath","value":"//button[@data-kt=\"provideButton\"]"}
RESULT: {"using":"xpath","value":"//button[@data-kt=\"provideButton\"]"}
COMMAND: POST /session/a995b82d0df1730148f5e6c1edf10a41/elements - {"using":"xpath","value":"//button[@data-kt=\"provideButton\"]"}
RESULT: {"using":"xpath","value":"//button[@data-kt=\"provideButton\"]"}
COMMAND: POST /session/a995b82d0df1730148f5e6c1edf10a41/elements - {"using":"xpath","value":"//button[@data-kt=\"provideButton\"]"}
RESULT: {"using":"xpath","value":"//button[@data-kt=\"provideButton\"]"}
COMMAND: POST /session/a995b82d0df1730148f5e6c1edf10a41/elements - {"using":"xpath","value":"//button[@data-kt=\"provideButton\"]"}
RESULT: {"using":"xpath","value":"//button[@data-kt=\"provideButton\"]"}
COMMAND: POST /session/a995b82d0df1730148f5e6c1edf10a41/elements - {"using":"xpath","value":"//button[@data-kt=\"provideButton\"]"}
RESULT: {"using":"xpath","value":"//button[@data-kt=\"provideButton\"]"}
COMMAND: POST /session/a995b82d0df1730148f5e6c1edf10a41/elements - {"using":"xpath","value":"//button[@data-kt=\"provideButton\"]"}
RESULT: {"using":"xpath","value":"//button[@data-kt=\"provideButton\"]"}
COMMAND: POST /session/a995b82d0df1730148f5e6c1edf10a41/elements - {"using":"xpath","value":"//button[@data-kt=\"provideButton\"]"}
RESULT: {"using":"xpath","value":"//button[@data-kt=\"provideButton\"]"}
COMMAND: POST /session/a995b82d0df1730148f5e6c1edf10a41/elements - {"using":"xpath","value":"//button[@data-kt=\"provideButton\"]"}
RESULT: {"using":"xpath","value":"//button[@data-kt=\"provideButton\"]"}
COMMAND: POST /session/a995b82d0df1730148f5e6c1edf10a41/elements - {"using":"xpath","value":"//button[@data-kt=\"provideButton\"]"}
RESULT: {"using":"xpath","value":"//button[@data-kt=\"provideButton\"]"}
COMMAND: POST /session/a995b82d0df1730148f5e6c1edf10a41/elements - {"using":"xpath","value":"//button[@data-kt=\"provideButton\"]"}
RESULT: {"using":"xpath","value":"//button[@data-kt=\"provideButton\"]"}
COMMAND: POST /session/a995b82d0df1730148f5e6c1edf10a41/elements - {"using":"xpath","value":"//button[@data-kt=\"provideButton\"]"}
RESULT: {"using":"xpath","value":"//button[@data-kt=\"provideButton\"]"}
COMMAND: POST /session/a995b82d0df1730148f5e6c1edf10a41/elements - {"using":"xpath","value":"//button[@data-kt=\"provideButton\"]"}
RESULT: {"using":"xpath","value":"//button[@data-kt=\"provideButton\"]"}
COMMAND: POST /session/a995b82d0df1730148f5e6c1edf10a41/elements - {"using":"xpath","value":"//button[@data-kt=\"provideButton\"]"}
RESULT: {"using":"xpath","value":"//button[@data-kt=\"provideButton\"]"}
COMMAND: POST /session/a995b82d0df1730148f5e6c1edf10a41/elements - {"using":"xpath","value":"//button[@data-kt=\"provideButton\"]"}
RESULT: {"using":"xpath","value":"//button[@data-kt=\"provideButton\"]"}
COMMAND: POST /session/a995b82d0df1730148f5e6c1edf10a41/elements - {"using":"xpath","value":"//button[@data-kt=\"provideButton\"]"}
RESULT: {"using":"xpath","value":"//button[@data-kt=\"provideButton\"]"}
COMMAND: POST /session/a995b82d0df1730148f5e6c1edf10a41/elements - {"using":"xpath","value":"//button[@data-kt=\"provideButton\"]"}
RESULT: {"using":"xpath","value":"//button[@data-kt=\"provideButton\"]"}
COMMAND: POST /session/a995b82d0df1730148f5e6c1edf10a41/elements - {"using":"xpath","value":"//button[@data-kt=\"provideButton\"]"}
RESULT: {"using":"xpath","value":"//button[@data-kt=\"provideButton\"]"}
COMMAND: POST /session/a995b82d0df1730148f5e6c1edf10a41/elements - {"using":"xpath","value":"//button[@data-kt=\"provideButton\"]"}
RESULT: {"using":"xpath","value":"//button[@data-kt=\"provideButton\"]"}
COMMAND: POST /session/a995b82d0df1730148f5e6c1edf10a41/elements - {"using":"xpath","value":"//button[@data-kt=\"provideButton\"]"}
RESULT: {"using":"xpath","value":"//button[@data-kt=\"provideButton\"]"}
COMMAND: POST /session/a995b82d0df1730148f5e6c1edf10a41/elements - {"using":"xpath","value":"//button[@data-kt=\"provideButton\"]"}
RESULT: {"using":"xpath","value":"//button[@data-kt=\"provideButton\"]"}
COMMAND: POST /session/a995b82d0df1730148f5e6c1edf10a41/elements - {"using":"xpath","value":"//button[@data-kt=\"provideButton\"]"}
RESULT: {"using":"xpath","value":"//button[@data-kt=\"provideButton\"]"}
COMMAND: POST /session/a995b82d0df1730148f5e6c1edf10a41/elements - {"using":"xpath","value":"//button[@data-kt=\"provideButton\"]"}
RESULT: {"using":"xpath","value":"//button[@data-kt=\"provideButton\"]"}
COMMAND: POST /session/a995b82d0df1730148f5e6c1edf10a41/elements - {"using":"xpath","value":"//button[@data-kt=\"provideButton\"]"}
RESULT: {"using":"xpath","value":"//button[@data-kt=\"provideButton\"]"}
COMMAND: POST /session/a995b82d0df1730148f5e6c1edf10a41/elements - {"using":"xpath","value":"//button[@data-kt=\"provideButton\"]"}
RESULT: {"using":"xpath","value":"//button[@data-kt=\"provideButton\"]"}
COMMAND: POST /session/a995b82d0df1730148f5e6c1edf10a41/elements - {"using":"xpath","value":"//button[@data-kt=\"provideButton\"]"}
RESULT: {"using":"xpath","value":"//button[@data-kt=\"provideButton\"]"}
COMMAND: POST /session/a995b82d0df1730148f5e6c1edf10a41/elements - {"using":"xpath","value":"//button[@data-kt=\"provideButton\"]"}
RESULT: {"using":"xpath","value":"//button[@data-kt=\"provideButton\"]"}
COMMAND: POST /session/a995b82d0df1730148f5e6c1edf10a41/elements - {"using":"xpath","value":"//button[@data-kt=\"provideButton\"]"}
RESULT: {"using":"xpath","value":"//button[@data-kt=\"provideButton\"]"}
COMMAND: POST /session/a995b82d0df1730148f5e6c1edf10a41/elements - {"using":"xpath","value":"//button[@data-kt=\"provideButton\"]"}
RESULT: {"using":"xpath","value":"//button[@data-kt=\"provideButton\"]"}
COMMAND: POST /session/a995b82d0df1730148f5e6c1edf10a41/elements - {"using":"xpath","value":"//button[@data-kt=\"provideButton\"]"}
RESULT: {"using":"xpath","value":"//button[@data-kt=\"provideButton\"]"}
COMMAND: POST /session/a995b82d0df1730148f5e6c1edf10a41/elements - {"using":"xpath","value":"//button[@data-kt=\"provideButton\"]"}
RESULT: {"using":"xpath","value":"//button[@data-kt=\"provideButton\"]"}
COMMAND: POST /session/a995b82d0df1730148f5e6c1edf10a41/elements - {"using":"xpath","value":"//button[@data-kt=\"provideButton\"]"}
RESULT: {"using":"xpath","value":"//button[@data-kt=\"provideButton\"]"}
COMMAND: POST /session/a995b82d0df1730148f5e6c1edf10a41/elements - {"using":"xpath","value":"//button[@data-kt=\"provideButton\"]"}
RESULT: {"using":"xpath","value":"//button[@data-kt=\"provideButton\"]"}
COMMAND: POST /session/a995b82d0df1730148f5e6c1edf10a41/elements - {"using":"xpath","value":"//button[@data-kt=\"provideButton\"]"}
RESULT: {"using":"xpath","value":"//button[@data-kt=\"provideButton\"]"}
COMMAND: POST /session/a995b82d0df1730148f5e6c1edf10a41/elements - {"using":"xpath","value":"//button[@data-kt=\"provideButton\"]"}
RESULT: {"using":"xpath","value":"//button[@data-kt=\"provideButton\"]"}
COMMAND: POST /session/a995b82d0df1730148f5e6c1edf10a41/elements - {"using":"xpath","value":"//button[@data-kt=\"provideButton\"]"}
RESULT: {"using":"xpath","value":"//button[@data-kt=\"provideButton\"]"}
COMMAND: POST /session/a995b82d0df1730148f5e6c1edf10a41/elements - {"using":"xpath","value":"//button[@data-kt=\"provideButton\"]"}
RESULT: {"using":"xpath","value":"//button[@data-kt=\"provideButton\"]"}
COMMAND: POST /session/a995b82d0df1730148f5e6c1edf10a41/elements - {"using":"xpath","value":"//button[@data-kt=\"provideButton\"]"}
RESULT: {"using":"xpath","value":"//button[@data-kt=\"provideButton\"]"}
COMMAND: POST /session/a995b82d0df1730148f5e6c1edf10a41/elements - {"using":"xpath","value":"//button[@data-kt=\"provideButton\"]"}
RESULT: {"using":"xpath","value":"//button[@data-kt=\"provideButton\"]"}
COMMAND: POST /session/a995b82d0df1730148f5e6c1edf10a41/elements - {"using":"xpath","value":"//button[@data-kt=\"provideButton\"]"}
RESULT: {"using":"xpath","value":"//button[@data-kt=\"provideButton\"]"}
COMMAND: POST /session/a995b82d0df1730148f5e6c1edf10a41/elements - {"using":"xpath","value":"//button[@data-kt=\"provideButton\"]"}
RESULT: {"using":"xpath","value":"//button[@data-kt=\"provideButton\"]"}
COMMAND: POST /session/a995b82d0df1730148f5e6c1edf10a41/elements - {"using":"xpath","value":"//button[@data-kt=\"provideButton\"]"}
RESULT: {"using":"xpath","value":"//button[@data-kt=\"provideButton\"]"}
COMMAND: POST /session/a995b82d0df1730148f5e6c1edf10a41/elements - {"using":"xpath","value":"//button[@data-kt=\"provideButton\"]"}
RESULT: {"using":"xpath","value":"//button[@data-kt=\"provideButton\"]"}
COMMAND: POST /session/a995b82d0df1730148f5e6c1edf10a41/elements - {"using":"xpath","value":"//button[@data-kt=\"provideButton\"]"}
RESULT: {"using":"xpath","value":"//button[@data-kt=\"provideButton\"]"}
COMMAND: POST /session/a995b82d0df1730148f5e6c1edf10a41/elements - {"using":"xpath","value":"//button[@data-kt=\"provideButton\"]"}
RESULT: {"using":"xpath","value":"//button[@data-kt=\"provideButton\"]"}
COMMAND: POST /session/a995b82d0df1730148f5e6c1edf10a41/elements - {"using":"xpath","value":"//button[@data-kt=\"provideButton\"]"}
RESULT: {"using":"xpath","value":"//button[@data-kt=\"provideButton\"]"}
COMMAND: POST /session/a995b82d0df1730148f5e6c1edf10a41/elements - {"using":"xpath","value":"//button[@data-kt=\"provideButton\"]"}
RESULT: {"using":"xpath","value":"//button[@data-kt=\"provideButton\"]"}
COMMAND: POST /session/a995b82d0df1730148f5e6c1edf10a41/elements - {"using":"xpath","value":"//button[@data-kt=\"provideButton\"]"}
RESULT: {"using":"xpath","value":"//button[@data-kt=\"provideButton\"]"}
COMMAND: POST /session/a995b82d0df1730148f5e6c1edf10a41/elements - {"using":"xpath","value":"//button[@data-kt=\"provideButton\"]"}
RESULT: {"using":"xpath","value":"//button[@data-kt=\"provideButton\"]"}
COMMAND: POST /session/a995b82d0df1730148f5e6c1edf10a41/elements - {"using":"xpath","value":"//button[@data-kt=\"provideButton\"]"}
RESULT: {"using":"xpath","value":"//button[@data-kt=\"provideButton\"]"}
COMMAND: POST /session/a995b82d0df1730148f5e6c1edf10a41/elements - {"using":"xpath","value":"//button[@data-kt=\"provideButton\"]"}
RESULT: {"using":"xpath","value":"//button[@data-kt=\"provideButton\"]"}
COMMAND: POST /session/a995b82d0df1730148f5e6c1edf10a41/elements - {"using":"xpath","value":"//button[@data-kt=\"provideButton\"]"}
RESULT: {"using":"xpath","value":"//button[@data-kt=\"provideButton\"]"}
COMMAND: POST /session/a995b82d0df1730148f5e6c1edf10a41/elements - {"using":"xpath","value":"//button[@data-kt=\"provideButton\"]"}
RESULT: {"using":"xpath","value":"//button[@data-kt=\"provideButton\"]"}
COMMAND: POST /session/a995b82d0df1730148f5e6c1edf10a41/elements - {"using":"xpath","value":"//button[@data-kt=\"provideButton\"]"}
RESULT: {"using":"xpath","value":"//button[@data-kt=\"provideButton\"]"}
COMMAND: POST /session/a995b82d0df1730148f5e6c1edf10a41/elements - {"using":"xpath","value":"//button[@data-kt=\"provideButton\"]"}
RESULT: {"using":"xpath","value":"//button[@data-kt=\"provideButton\"]"}
COMMAND: POST /session/a995b82d0df1730148f5e6c1edf10a41/elements - {"using":"xpath","value":"//button[@data-kt=\"provideButton\"]"}
RESULT: {"using":"xpath","value":"//button[@data-kt=\"provideButton\"]"}
COMMAND: POST /session/a995b82d0df1730148f5e6c1edf10a41/elements - {"using":"xpath","value":"//button[@data-kt=\"provideButton\"]"}
RESULT: {"using":"xpath","value":"//button[@data-kt=\"provideButton\"]"}
COMMAND: POST /session/a995b82d0df1730148f5e6c1edf10a41/elements - {"using":"xpath","value":"//button[@data-kt=\"provideButton\"]"}
RESULT: {"using":"xpath","value":"//button[@data-kt=\"provideButton\"]"}
COMMAND: POST /session/a995b82d0df1730148f5e6c1edf10a41/elements - {"using":"xpath","value":"//button[@data-kt=\"provideButton\"]"}
RESULT: {"using":"xpath","value":"//button[@data-kt=\"provideButton\"]"}
COMMAND: POST /session/a995b82d0df1730148f5e6c1edf10a41/elements - {"using":"xpath","value":"//button[@data-kt=\"provideButton\"]"}
RESULT: {"using":"xpath","value":"//button[@data-kt=\"provideButton\"]"}
COMMAND: POST /session/a995b82d0df1730148f5e6c1edf10a41/elements - {"using":"xpath","value":"//button[@data-kt=\"provideButton\"]"}
RESULT: {"using":"xpath","value":"//button[@data-kt=\"provideButton\"]"}
COMMAND: POST /session/a995b82d0df1730148f5e6c1edf10a41/elements - {"using":"xpath","value":"//button[@data-kt=\"provideButton\"]"}
RESULT: {"using":"xpath","value":"//button[@data-kt=\"provideButton\"]"}
COMMAND: POST /session/a995b82d0df1730148f5e6c1edf10a41/elements - {"using":"xpath","value":"//button[@data-kt=\"provideButton\"]"}
RESULT: {"using":"xpath","value":"//button[@data-kt=\"provideButton\"]"}
COMMAND: POST /session/a995b82d0df1730148f5e6c1edf10a41/elements - {"using":"xpath","value":"//button[@data-kt=\"provideButton\"]"}
RESULT: {"using":"xpath","value":"//button[@data-kt=\"provideButton\"]"}
COMMAND: POST /session/a995b82d0df1730148f5e6c1edf10a41/elements - {"using":"xpath","value":"//button[@data-kt=\"provideButton\"]"}
RESULT: {"using":"xpath","value":"//button[@data-kt=\"provideButton\"]"}
COMMAND: POST /session/a995b82d0df1730148f5e6c1edf10a41/elements - {"using":"xpath","value":"//button[@data-kt=\"provideButton\"]"}
RESULT: {"using":"xpath","value":"//button[@data-kt=\"provideButton\"]"}
COMMAND: POST /session/a995b82d0df1730148f5e6c1edf10a41/elements - {"using":"xpath","value":"//button[@data-kt=\"provideButton\"]"}
RESULT: {"using":"xpath","value":"//button[@data-kt=\"provideButton\"]"}
COMMAND: POST /session/a995b82d0df1730148f5e6c1edf10a41/elements - {"using":"xpath","value":"//button[@data-kt=\"provideButton\"]"}
RESULT: {"using":"xpath","value":"//button[@data-kt=\"provideButton\"]"}
COMMAND: POST /session/a995b82d0df1730148f5e6c1edf10a41/elements - {"using":"xpath","value":"//button[@data-kt=\"provideButton\"]"}
RESULT: {"using":"xpath","value":"//button[@data-kt=\"provideButton\"]"}
COMMAND: POST /session/a995b82d0df1730148f5e6c1edf10a41/elements - {"using":"xpath","value":"//button[@data-kt=\"provideButton\"]"}
RESULT: {"using":"xpath","value":"//button[@data-kt=\"provideButton\"]"}
COMMAND: POST /session/a995b82d0df1730148f5e6c1edf10a41/elements - {"using":"xpath","value":"//button[@data-kt=\"provideButton\"]"}
RESULT: {"using":"xpath","value":"//button[@data-kt=\"provideButton\"]"}
COMMAND: POST /session/a995b82d0df1730148f5e6c1edf10a41/elements - {"using":"xpath","value":"//button[@data-kt=\"provideButton\"]"}
RESULT: {"using":"xpath","value":"//button[@data-kt=\"provideButton\"]"}
COMMAND: POST /session/a995b82d0df1730148f5e6c1edf10a41/elements - {"using":"xpath","value":"//button[@data-kt=\"provideButton\"]"}
RESULT: {"using":"xpath","value":"//button[@data-kt=\"provideButton\"]"}
COMMAND: POST /session/a995b82d0df1730148f5e6c1edf10a41/elements - {"using":"xpath","value":"//button[@data-kt=\"provideButton\"]"}
RESULT: {"using":"xpath","value":"//button[@data-kt=\"provideButton\"]"}
COMMAND: POST /session/a995b82d0df1730148f5e6c1edf10a41/elements - {"using":"xpath","value":"//button[@data-kt=\"provideButton\"]"}
RESULT: {"using":"xpath","value":"//button[@data-kt=\"provideButton\"]"}
COMMAND: POST /session/a995b82d0df1730148f5e6c1edf10a41/elements - {"using":"xpath","value":"//button[@data-kt=\"provideButton\"]"}
RESULT: {"using":"xpath","value":"//button[@data-kt=\"provideButton\"]"}
COMMAND: POST /session/a995b82d0df1730148f5e6c1edf10a41/elements - {"using":"xpath","value":"//button[@data-kt=\"provideButton\"]"}
RESULT: {"using":"xpath","value":"//button[@data-kt=\"provideButton\"]"}
COMMAND: POST /session/a995b82d0df1730148f5e6c1edf10a41/elements - {"using":"xpath","value":"//button[@data-kt=\"provideButton\"]"}
RESULT: {"using":"xpath","value":"//button[@data-kt=\"provideButton\"]"}
COMMAND: POST /session/a995b82d0df1730148f5e6c1edf10a41/elements - {"using":"xpath","value":"//button[@data-kt=\"provideButton\"]"}
RESULT: {"using":"xpath","value":"//button[@data-kt=\"provideButton\"]"}
COMMAND: POST /session/a995b82d0df1730148f5e6c1edf10a41/elements - {"using":"xpath","value":"//button[@data-kt=\"provideButton\"]"}
RESULT: {"using":"xpath","value":"//button[@data-kt=\"provideButton\"]"}
COMMAND: POST /session/a995b82d0df1730148f5e6c1edf10a41/elements - {"using":"xpath","value":"//button[@data-kt=\"provideButton\"]"}
RESULT: {"using":"xpath","value":"//button[@data-kt=\"provideButton\"]"}
COMMAND: POST /session/a995b82d0df1730148f5e6c1edf10a41/elements - {"using":"xpath","value":"//button[@data-kt=\"provideButton\"]"}
RESULT: {"using":"xpath","value":"//button[@data-kt=\"provideButton\"]"}
COMMAND: POST /session/a995b82d0df1730148f5e6c1edf10a41/elements - {"using":"xpath","value":"//button[@data-kt=\"provideButton\"]"}
RESULT: {"using":"xpath","value":"//button[@data-kt=\"provideButton\"]"}
COMMAND: POST /session/a995b82d0df1730148f5e6c1edf10a41/elements - {"using":"xpath","value":"//button[@data-kt=\"provideButton\"]"}
RESULT: {"using":"xpath","value":"//button[@data-kt=\"provideButton\"]"}
COMMAND: POST /session/a995b82d0df1730148f5e6c1edf10a41/elements - {"using":"xpath","value":"//button[@data-kt=\"provideButton\"]"}
RESULT: {"using":"xpath","value":"//button[@data-kt=\"provideButton\"]"}
COMMAND: POST /session/a995b82d0df1730148f5e6c1edf10a41/elements - {"using":"xpath","value":"//button[@data-kt=\"provideButton\"]"}
RESULT: {"using":"xpath","value":"//button[@data-kt=\"provideButton\"]"}
COMMAND: POST /session/a995b82d0df1730148f5e6c1edf10a41/elements - {"using":"xpath","value":"//button[@data-kt=\"provideButton\"]"}
RESULT: {"using":"xpath","value":"//button[@data-kt=\"provideButton\"]"}
COMMAND: POST /session/a995b82d0df1730148f5e6c1edf10a41/elements - {"using":"xpath","value":"//button[@data-kt=\"provideButton\"]"}
RESULT: {"using":"xpath","value":"//button[@data-kt=\"provideButton\"]"}
COMMAND: POST /session/a995b82d0df1730148f5e6c1edf10a41/elements - {"using":"xpath","value":"//button[@data-kt=\"provideButton\"]"}
RESULT: {"using":"xpath","value":"//button[@data-kt=\"provideButton\"]"}
COMMAND: POST /session/a995b82d0df1730148f5e6c1edf10a41/elements - {"using":"xpath","value":"//button[@data-kt=\"provideButton\"]"}
RESULT: {"using":"xpath","value":"//button[@data-kt=\"provideButton\"]"}
COMMAND: POST /session/a995b82d0df1730148f5e6c1edf10a41/elements - {"using":"xpath","value":"//button[@data-kt=\"provideButton\"]"}
RESULT: {"using":"xpath","value":"//button[@data-kt=\"provideButton\"]"}
COMMAND: POST /session/a995b82d0df1730148f5e6c1edf10a41/elements - {"using":"xpath","value":"//button[@data-kt=\"provideButton\"]"}
RESULT: {"using":"xpath","value":"//button[@data-kt=\"provideButton\"]"}
COMMAND: POST /session/a995b82d0df1730148f5e6c1edf10a41/elements - {"using":"xpath","value":"//button[@data-kt=\"provideButton\"]"}
RESULT: {"using":"xpath","value":"//button[@data-kt=\"provideButton\"]"}
COMMAND: POST /session/a995b82d0df1730148f5e6c1edf10a41/elements - {"using":"xpath","value":"//button[@data-kt=\"provideButton\"]"}
RESULT: {"using":"xpath","value":"//button[@data-kt=\"provideButton\"]"}
COMMAND: POST /session/a995b82d0df1730148f5e6c1edf10a41/elements - {"using":"xpath","value":"//button[@data-kt=\"provideButton\"]"}
RESULT: {"using":"xpath","value":"//button[@data-kt=\"provideButton\"]"}
COMMAND: POST /session/a995b82d0df1730148f5e6c1edf10a41/elements - {"using":"xpath","value":"//button[@data-kt=\"provideButton\"]"}
RESULT: {"using":"xpath","value":"//button[@data-kt=\"provideButton\"]"}
COMMAND: POST /session/a995b82d0df1730148f5e6c1edf10a41/elements - {"using":"xpath","value":"//button[@data-kt=\"provideButton\"]"}
RESULT: {"using":"xpath","value":"//button[@data-kt=\"provideButton\"]"}
COMMAND: GET /session/a995b82d0df1730148f5e6c1edf10a41/screenshot - {}
RESULT: {}
]]></system-out>
      <system-err><![CDATA[
Error: Can't call click on element with selector "//button[@data-kt="provideButton"]" because element wasn't found
    at async UtilsPrerequisites.provideToSiteHandoverFromContractDetails (D:\a\1\s\test\specs\BTS\prerequisites-and-utils-functions.js:1949:9)
    at async Context.<anonymous> (D:\a\1\s\test\specs\BTS\reverse-billing.spec.js:69:9)
]]></system-err>
    </testcase>
    <testcase classname="chrome.136_0_7103_93.windows.Create_Reverse_Billing_US127248" name="Should go navigate to Manage Billings and trigger contract calculation check result" time="80.447">
      <failure/>
      <error message="Can't call click on element with selector &quot;//td[@aria-colindex=&quot;1&quot;]/div/div[contains(@class, &quot;sapMCbBg&quot;)]&quot; because element wasn't found"/>
      <system-out><![CDATA[
COMMAND: GET /session/a995b82d0df1730148f5e6c1edf10a41/screenshot - {}
COMMAND: POST /session/a995b82d0df1730148f5e6c1edf10a41/execute/async - {"script":"<script> [1562 bytes]","args":[{"selector":{"controlType":"sap.m.GenericTile","properties":{"header":"Manage Billings"}},"wdio_ui5_key":"sapm.GenericTile{\"header\":\"Manage Billings\"}"}]}
RESULT: {}
RESULT: {"script":"<script> [1562 bytes]","args":[{"selector":{"controlType":"sap.m.GenericTile","properties":{"header":"Manage Billings"}},"wdio_ui5_key":"sapm.GenericTile{\"header\":\"Manage Billings\"}"}]}
RESULT: undefined
COMMAND: POST /session/a995b82d0df1730148f5e6c1edf10a41/elements - {"using":"xpath","value":"//span[text()='Error']"}
RESULT: {"using":"xpath","value":"//span[text()='Error']"}
COMMAND: POST /session/a995b82d0df1730148f5e6c1edf10a41/execute/async - {"script":"<script> [1562 bytes]","args":[{"selector":{"id":"application-managebillings-display-component---billRunCalcResult--smartFilterBar-btnBasicSearch","interaction":{"idSuffix":"I"}},"wdio_ui5_key":"applicationmanagebillings-display-component---billRunCalcResult--smartFilterBar-btnBasicSearch"}]}
RESULT: {"script":"<script> [1562 bytes]","args":[{"selector":{"id":"application-managebillings-display-component---billRunCalcResult--smartFilterBar-btnBasicSearch","interaction":{"idSuffix":"I"}},"wdio_ui5_key":"applicationmanagebillings-display-component---billRunCalcResult--smartFilterBar-btnBasicSearch"}]}
RESULT: undefined
COMMAND: POST /session/a995b82d0df1730148f5e6c1edf10a41/actions - {"actions":[{"id":"action54","type":"key","parameters":{},"actions":[{"type":"keyDown","value":""},{"type":"pause","duration":10},{"type":"keyUp","value":""}]}]}
RESULT: {"actions":[{"id":"action54","type":"key","parameters":{},"actions":[{"type":"keyDown","value":""},{"type":"pause","duration":10},{"type":"keyUp","value":""}]}]}
COMMAND: GET /session/a995b82d0df1730148f5e6c1edf10a41/screenshot - {}
RESULT: {}
COMMAND: POST /session/a995b82d0df1730148f5e6c1edf10a41/element - {"using":"xpath","value":"//td[@aria-colindex=\"1\"]/div/div[contains(@class, \"sapMCbBg\")]"}
RESULT: {"using":"xpath","value":"//td[@aria-colindex=\"1\"]/div/div[contains(@class, \"sapMCbBg\")]"}
COMMAND: POST /session/a995b82d0df1730148f5e6c1edf10a41/elements - {"using":"xpath","value":"//td[@aria-colindex=\"1\"]/div/div[contains(@class, \"sapMCbBg\")]"}
RESULT: {"using":"xpath","value":"//td[@aria-colindex=\"1\"]/div/div[contains(@class, \"sapMCbBg\")]"}
COMMAND: POST /session/a995b82d0df1730148f5e6c1edf10a41/elements - {"using":"xpath","value":"//td[@aria-colindex=\"1\"]/div/div[contains(@class, \"sapMCbBg\")]"}
RESULT: {"using":"xpath","value":"//td[@aria-colindex=\"1\"]/div/div[contains(@class, \"sapMCbBg\")]"}
COMMAND: POST /session/a995b82d0df1730148f5e6c1edf10a41/elements - {"using":"xpath","value":"//td[@aria-colindex=\"1\"]/div/div[contains(@class, \"sapMCbBg\")]"}
RESULT: {"using":"xpath","value":"//td[@aria-colindex=\"1\"]/div/div[contains(@class, \"sapMCbBg\")]"}
COMMAND: POST /session/a995b82d0df1730148f5e6c1edf10a41/elements - {"using":"xpath","value":"//td[@aria-colindex=\"1\"]/div/div[contains(@class, \"sapMCbBg\")]"}
RESULT: {"using":"xpath","value":"//td[@aria-colindex=\"1\"]/div/div[contains(@class, \"sapMCbBg\")]"}
COMMAND: POST /session/a995b82d0df1730148f5e6c1edf10a41/elements - {"using":"xpath","value":"//td[@aria-colindex=\"1\"]/div/div[contains(@class, \"sapMCbBg\")]"}
RESULT: {"using":"xpath","value":"//td[@aria-colindex=\"1\"]/div/div[contains(@class, \"sapMCbBg\")]"}
COMMAND: POST /session/a995b82d0df1730148f5e6c1edf10a41/elements - {"using":"xpath","value":"//td[@aria-colindex=\"1\"]/div/div[contains(@class, \"sapMCbBg\")]"}
RESULT: {"using":"xpath","value":"//td[@aria-colindex=\"1\"]/div/div[contains(@class, \"sapMCbBg\")]"}
COMMAND: POST /session/a995b82d0df1730148f5e6c1edf10a41/elements - {"using":"xpath","value":"//td[@aria-colindex=\"1\"]/div/div[contains(@class, \"sapMCbBg\")]"}
RESULT: {"using":"xpath","value":"//td[@aria-colindex=\"1\"]/div/div[contains(@class, \"sapMCbBg\")]"}
COMMAND: POST /session/a995b82d0df1730148f5e6c1edf10a41/elements - {"using":"xpath","value":"//td[@aria-colindex=\"1\"]/div/div[contains(@class, \"sapMCbBg\")]"}
RESULT: {"using":"xpath","value":"//td[@aria-colindex=\"1\"]/div/div[contains(@class, \"sapMCbBg\")]"}
COMMAND: POST /session/a995b82d0df1730148f5e6c1edf10a41/elements - {"using":"xpath","value":"//td[@aria-colindex=\"1\"]/div/div[contains(@class, \"sapMCbBg\")]"}
RESULT: {"using":"xpath","value":"//td[@aria-colindex=\"1\"]/div/div[contains(@class, \"sapMCbBg\")]"}
COMMAND: POST /session/a995b82d0df1730148f5e6c1edf10a41/elements - {"using":"xpath","value":"//td[@aria-colindex=\"1\"]/div/div[contains(@class, \"sapMCbBg\")]"}
RESULT: {"using":"xpath","value":"//td[@aria-colindex=\"1\"]/div/div[contains(@class, \"sapMCbBg\")]"}
COMMAND: POST /session/a995b82d0df1730148f5e6c1edf10a41/elements - {"using":"xpath","value":"//td[@aria-colindex=\"1\"]/div/div[contains(@class, \"sapMCbBg\")]"}
RESULT: {"using":"xpath","value":"//td[@aria-colindex=\"1\"]/div/div[contains(@class, \"sapMCbBg\")]"}
COMMAND: POST /session/a995b82d0df1730148f5e6c1edf10a41/elements - {"using":"xpath","value":"//td[@aria-colindex=\"1\"]/div/div[contains(@class, \"sapMCbBg\")]"}
RESULT: {"using":"xpath","value":"//td[@aria-colindex=\"1\"]/div/div[contains(@class, \"sapMCbBg\")]"}
COMMAND: POST /session/a995b82d0df1730148f5e6c1edf10a41/elements - {"using":"xpath","value":"//td[@aria-colindex=\"1\"]/div/div[contains(@class, \"sapMCbBg\")]"}
RESULT: {"using":"xpath","value":"//td[@aria-colindex=\"1\"]/div/div[contains(@class, \"sapMCbBg\")]"}
COMMAND: POST /session/a995b82d0df1730148f5e6c1edf10a41/elements - {"using":"xpath","value":"//td[@aria-colindex=\"1\"]/div/div[contains(@class, \"sapMCbBg\")]"}
RESULT: {"using":"xpath","value":"//td[@aria-colindex=\"1\"]/div/div[contains(@class, \"sapMCbBg\")]"}
COMMAND: POST /session/a995b82d0df1730148f5e6c1edf10a41/elements - {"using":"xpath","value":"//td[@aria-colindex=\"1\"]/div/div[contains(@class, \"sapMCbBg\")]"}
RESULT: {"using":"xpath","value":"//td[@aria-colindex=\"1\"]/div/div[contains(@class, \"sapMCbBg\")]"}
COMMAND: POST /session/a995b82d0df1730148f5e6c1edf10a41/elements - {"using":"xpath","value":"//td[@aria-colindex=\"1\"]/div/div[contains(@class, \"sapMCbBg\")]"}
RESULT: {"using":"xpath","value":"//td[@aria-colindex=\"1\"]/div/div[contains(@class, \"sapMCbBg\")]"}
COMMAND: POST /session/a995b82d0df1730148f5e6c1edf10a41/elements - {"using":"xpath","value":"//td[@aria-colindex=\"1\"]/div/div[contains(@class, \"sapMCbBg\")]"}
RESULT: {"using":"xpath","value":"//td[@aria-colindex=\"1\"]/div/div[contains(@class, \"sapMCbBg\")]"}
COMMAND: POST /session/a995b82d0df1730148f5e6c1edf10a41/elements - {"using":"xpath","value":"//td[@aria-colindex=\"1\"]/div/div[contains(@class, \"sapMCbBg\")]"}
RESULT: {"using":"xpath","value":"//td[@aria-colindex=\"1\"]/div/div[contains(@class, \"sapMCbBg\")]"}
COMMAND: POST /session/a995b82d0df1730148f5e6c1edf10a41/elements - {"using":"xpath","value":"//td[@aria-colindex=\"1\"]/div/div[contains(@class, \"sapMCbBg\")]"}
RESULT: {"using":"xpath","value":"//td[@aria-colindex=\"1\"]/div/div[contains(@class, \"sapMCbBg\")]"}
COMMAND: POST /session/a995b82d0df1730148f5e6c1edf10a41/elements - {"using":"xpath","value":"//td[@aria-colindex=\"1\"]/div/div[contains(@class, \"sapMCbBg\")]"}
RESULT: {"using":"xpath","value":"//td[@aria-colindex=\"1\"]/div/div[contains(@class, \"sapMCbBg\")]"}
COMMAND: POST /session/a995b82d0df1730148f5e6c1edf10a41/elements - {"using":"xpath","value":"//td[@aria-colindex=\"1\"]/div/div[contains(@class, \"sapMCbBg\")]"}
RESULT: {"using":"xpath","value":"//td[@aria-colindex=\"1\"]/div/div[contains(@class, \"sapMCbBg\")]"}
COMMAND: POST /session/a995b82d0df1730148f5e6c1edf10a41/elements - {"using":"xpath","value":"//td[@aria-colindex=\"1\"]/div/div[contains(@class, \"sapMCbBg\")]"}
RESULT: {"using":"xpath","value":"//td[@aria-colindex=\"1\"]/div/div[contains(@class, \"sapMCbBg\")]"}
COMMAND: POST /session/a995b82d0df1730148f5e6c1edf10a41/elements - {"using":"xpath","value":"//td[@aria-colindex=\"1\"]/div/div[contains(@class, \"sapMCbBg\")]"}
RESULT: {"using":"xpath","value":"//td[@aria-colindex=\"1\"]/div/div[contains(@class, \"sapMCbBg\")]"}
COMMAND: POST /session/a995b82d0df1730148f5e6c1edf10a41/elements - {"using":"xpath","value":"//td[@aria-colindex=\"1\"]/div/div[contains(@class, \"sapMCbBg\")]"}
RESULT: {"using":"xpath","value":"//td[@aria-colindex=\"1\"]/div/div[contains(@class, \"sapMCbBg\")]"}
COMMAND: POST /session/a995b82d0df1730148f5e6c1edf10a41/elements - {"using":"xpath","value":"//td[@aria-colindex=\"1\"]/div/div[contains(@class, \"sapMCbBg\")]"}
RESULT: {"using":"xpath","value":"//td[@aria-colindex=\"1\"]/div/div[contains(@class, \"sapMCbBg\")]"}
COMMAND: POST /session/a995b82d0df1730148f5e6c1edf10a41/elements - {"using":"xpath","value":"//td[@aria-colindex=\"1\"]/div/div[contains(@class, \"sapMCbBg\")]"}
RESULT: {"using":"xpath","value":"//td[@aria-colindex=\"1\"]/div/div[contains(@class, \"sapMCbBg\")]"}
COMMAND: POST /session/a995b82d0df1730148f5e6c1edf10a41/elements - {"using":"xpath","value":"//td[@aria-colindex=\"1\"]/div/div[contains(@class, \"sapMCbBg\")]"}
RESULT: {"using":"xpath","value":"//td[@aria-colindex=\"1\"]/div/div[contains(@class, \"sapMCbBg\")]"}
COMMAND: POST /session/a995b82d0df1730148f5e6c1edf10a41/elements - {"using":"xpath","value":"//td[@aria-colindex=\"1\"]/div/div[contains(@class, \"sapMCbBg\")]"}
RESULT: {"using":"xpath","value":"//td[@aria-colindex=\"1\"]/div/div[contains(@class, \"sapMCbBg\")]"}
COMMAND: POST /session/a995b82d0df1730148f5e6c1edf10a41/elements - {"using":"xpath","value":"//td[@aria-colindex=\"1\"]/div/div[contains(@class, \"sapMCbBg\")]"}
RESULT: {"using":"xpath","value":"//td[@aria-colindex=\"1\"]/div/div[contains(@class, \"sapMCbBg\")]"}
COMMAND: POST /session/a995b82d0df1730148f5e6c1edf10a41/elements - {"using":"xpath","value":"//td[@aria-colindex=\"1\"]/div/div[contains(@class, \"sapMCbBg\")]"}
RESULT: {"using":"xpath","value":"//td[@aria-colindex=\"1\"]/div/div[contains(@class, \"sapMCbBg\")]"}
COMMAND: POST /session/a995b82d0df1730148f5e6c1edf10a41/elements - {"using":"xpath","value":"//td[@aria-colindex=\"1\"]/div/div[contains(@class, \"sapMCbBg\")]"}
RESULT: {"using":"xpath","value":"//td[@aria-colindex=\"1\"]/div/div[contains(@class, \"sapMCbBg\")]"}
COMMAND: POST /session/a995b82d0df1730148f5e6c1edf10a41/elements - {"using":"xpath","value":"//td[@aria-colindex=\"1\"]/div/div[contains(@class, \"sapMCbBg\")]"}
RESULT: {"using":"xpath","value":"//td[@aria-colindex=\"1\"]/div/div[contains(@class, \"sapMCbBg\")]"}
COMMAND: POST /session/a995b82d0df1730148f5e6c1edf10a41/elements - {"using":"xpath","value":"//td[@aria-colindex=\"1\"]/div/div[contains(@class, \"sapMCbBg\")]"}
RESULT: {"using":"xpath","value":"//td[@aria-colindex=\"1\"]/div/div[contains(@class, \"sapMCbBg\")]"}
COMMAND: POST /session/a995b82d0df1730148f5e6c1edf10a41/elements - {"using":"xpath","value":"//td[@aria-colindex=\"1\"]/div/div[contains(@class, \"sapMCbBg\")]"}
RESULT: {"using":"xpath","value":"//td[@aria-colindex=\"1\"]/div/div[contains(@class, \"sapMCbBg\")]"}
COMMAND: POST /session/a995b82d0df1730148f5e6c1edf10a41/elements - {"using":"xpath","value":"//td[@aria-colindex=\"1\"]/div/div[contains(@class, \"sapMCbBg\")]"}
RESULT: {"using":"xpath","value":"//td[@aria-colindex=\"1\"]/div/div[contains(@class, \"sapMCbBg\")]"}
COMMAND: POST /session/a995b82d0df1730148f5e6c1edf10a41/elements - {"using":"xpath","value":"//td[@aria-colindex=\"1\"]/div/div[contains(@class, \"sapMCbBg\")]"}
RESULT: {"using":"xpath","value":"//td[@aria-colindex=\"1\"]/div/div[contains(@class, \"sapMCbBg\")]"}
COMMAND: POST /session/a995b82d0df1730148f5e6c1edf10a41/elements - {"using":"xpath","value":"//td[@aria-colindex=\"1\"]/div/div[contains(@class, \"sapMCbBg\")]"}
RESULT: {"using":"xpath","value":"//td[@aria-colindex=\"1\"]/div/div[contains(@class, \"sapMCbBg\")]"}
COMMAND: POST /session/a995b82d0df1730148f5e6c1edf10a41/elements - {"using":"xpath","value":"//td[@aria-colindex=\"1\"]/div/div[contains(@class, \"sapMCbBg\")]"}
RESULT: {"using":"xpath","value":"//td[@aria-colindex=\"1\"]/div/div[contains(@class, \"sapMCbBg\")]"}
COMMAND: POST /session/a995b82d0df1730148f5e6c1edf10a41/elements - {"using":"xpath","value":"//td[@aria-colindex=\"1\"]/div/div[contains(@class, \"sapMCbBg\")]"}
RESULT: {"using":"xpath","value":"//td[@aria-colindex=\"1\"]/div/div[contains(@class, \"sapMCbBg\")]"}
COMMAND: POST /session/a995b82d0df1730148f5e6c1edf10a41/elements - {"using":"xpath","value":"//td[@aria-colindex=\"1\"]/div/div[contains(@class, \"sapMCbBg\")]"}
RESULT: {"using":"xpath","value":"//td[@aria-colindex=\"1\"]/div/div[contains(@class, \"sapMCbBg\")]"}
COMMAND: POST /session/a995b82d0df1730148f5e6c1edf10a41/elements - {"using":"xpath","value":"//td[@aria-colindex=\"1\"]/div/div[contains(@class, \"sapMCbBg\")]"}
RESULT: {"using":"xpath","value":"//td[@aria-colindex=\"1\"]/div/div[contains(@class, \"sapMCbBg\")]"}
COMMAND: POST /session/a995b82d0df1730148f5e6c1edf10a41/elements - {"using":"xpath","value":"//td[@aria-colindex=\"1\"]/div/div[contains(@class, \"sapMCbBg\")]"}
RESULT: {"using":"xpath","value":"//td[@aria-colindex=\"1\"]/div/div[contains(@class, \"sapMCbBg\")]"}
COMMAND: POST /session/a995b82d0df1730148f5e6c1edf10a41/elements - {"using":"xpath","value":"//td[@aria-colindex=\"1\"]/div/div[contains(@class, \"sapMCbBg\")]"}
RESULT: {"using":"xpath","value":"//td[@aria-colindex=\"1\"]/div/div[contains(@class, \"sapMCbBg\")]"}
COMMAND: POST /session/a995b82d0df1730148f5e6c1edf10a41/elements - {"using":"xpath","value":"//td[@aria-colindex=\"1\"]/div/div[contains(@class, \"sapMCbBg\")]"}
RESULT: {"using":"xpath","value":"//td[@aria-colindex=\"1\"]/div/div[contains(@class, \"sapMCbBg\")]"}
COMMAND: POST /session/a995b82d0df1730148f5e6c1edf10a41/elements - {"using":"xpath","value":"//td[@aria-colindex=\"1\"]/div/div[contains(@class, \"sapMCbBg\")]"}
RESULT: {"using":"xpath","value":"//td[@aria-colindex=\"1\"]/div/div[contains(@class, \"sapMCbBg\")]"}
COMMAND: POST /session/a995b82d0df1730148f5e6c1edf10a41/elements - {"using":"xpath","value":"//td[@aria-colindex=\"1\"]/div/div[contains(@class, \"sapMCbBg\")]"}
RESULT: {"using":"xpath","value":"//td[@aria-colindex=\"1\"]/div/div[contains(@class, \"sapMCbBg\")]"}
COMMAND: POST /session/a995b82d0df1730148f5e6c1edf10a41/elements - {"using":"xpath","value":"//td[@aria-colindex=\"1\"]/div/div[contains(@class, \"sapMCbBg\")]"}
RESULT: {"using":"xpath","value":"//td[@aria-colindex=\"1\"]/div/div[contains(@class, \"sapMCbBg\")]"}
COMMAND: POST /session/a995b82d0df1730148f5e6c1edf10a41/elements - {"using":"xpath","value":"//td[@aria-colindex=\"1\"]/div/div[contains(@class, \"sapMCbBg\")]"}
RESULT: {"using":"xpath","value":"//td[@aria-colindex=\"1\"]/div/div[contains(@class, \"sapMCbBg\")]"}
COMMAND: POST /session/a995b82d0df1730148f5e6c1edf10a41/elements - {"using":"xpath","value":"//td[@aria-colindex=\"1\"]/div/div[contains(@class, \"sapMCbBg\")]"}
RESULT: {"using":"xpath","value":"//td[@aria-colindex=\"1\"]/div/div[contains(@class, \"sapMCbBg\")]"}
COMMAND: POST /session/a995b82d0df1730148f5e6c1edf10a41/elements - {"using":"xpath","value":"//td[@aria-colindex=\"1\"]/div/div[contains(@class, \"sapMCbBg\")]"}
RESULT: {"using":"xpath","value":"//td[@aria-colindex=\"1\"]/div/div[contains(@class, \"sapMCbBg\")]"}
COMMAND: POST /session/a995b82d0df1730148f5e6c1edf10a41/elements - {"using":"xpath","value":"//td[@aria-colindex=\"1\"]/div/div[contains(@class, \"sapMCbBg\")]"}
RESULT: {"using":"xpath","value":"//td[@aria-colindex=\"1\"]/div/div[contains(@class, \"sapMCbBg\")]"}
COMMAND: POST /session/a995b82d0df1730148f5e6c1edf10a41/elements - {"using":"xpath","value":"//td[@aria-colindex=\"1\"]/div/div[contains(@class, \"sapMCbBg\")]"}
RESULT: {"using":"xpath","value":"//td[@aria-colindex=\"1\"]/div/div[contains(@class, \"sapMCbBg\")]"}
COMMAND: POST /session/a995b82d0df1730148f5e6c1edf10a41/elements - {"using":"xpath","value":"//td[@aria-colindex=\"1\"]/div/div[contains(@class, \"sapMCbBg\")]"}
RESULT: {"using":"xpath","value":"//td[@aria-colindex=\"1\"]/div/div[contains(@class, \"sapMCbBg\")]"}
COMMAND: POST /session/a995b82d0df1730148f5e6c1edf10a41/elements - {"using":"xpath","value":"//td[@aria-colindex=\"1\"]/div/div[contains(@class, \"sapMCbBg\")]"}
RESULT: {"using":"xpath","value":"//td[@aria-colindex=\"1\"]/div/div[contains(@class, \"sapMCbBg\")]"}
COMMAND: POST /session/a995b82d0df1730148f5e6c1edf10a41/elements - {"using":"xpath","value":"//td[@aria-colindex=\"1\"]/div/div[contains(@class, \"sapMCbBg\")]"}
RESULT: {"using":"xpath","value":"//td[@aria-colindex=\"1\"]/div/div[contains(@class, \"sapMCbBg\")]"}
COMMAND: POST /session/a995b82d0df1730148f5e6c1edf10a41/elements - {"using":"xpath","value":"//td[@aria-colindex=\"1\"]/div/div[contains(@class, \"sapMCbBg\")]"}
RESULT: {"using":"xpath","value":"//td[@aria-colindex=\"1\"]/div/div[contains(@class, \"sapMCbBg\")]"}
COMMAND: POST /session/a995b82d0df1730148f5e6c1edf10a41/elements - {"using":"xpath","value":"//td[@aria-colindex=\"1\"]/div/div[contains(@class, \"sapMCbBg\")]"}
RESULT: {"using":"xpath","value":"//td[@aria-colindex=\"1\"]/div/div[contains(@class, \"sapMCbBg\")]"}
COMMAND: POST /session/a995b82d0df1730148f5e6c1edf10a41/elements - {"using":"xpath","value":"//td[@aria-colindex=\"1\"]/div/div[contains(@class, \"sapMCbBg\")]"}
RESULT: {"using":"xpath","value":"//td[@aria-colindex=\"1\"]/div/div[contains(@class, \"sapMCbBg\")]"}
COMMAND: POST /session/a995b82d0df1730148f5e6c1edf10a41/elements - {"using":"xpath","value":"//td[@aria-colindex=\"1\"]/div/div[contains(@class, \"sapMCbBg\")]"}
RESULT: {"using":"xpath","value":"//td[@aria-colindex=\"1\"]/div/div[contains(@class, \"sapMCbBg\")]"}
COMMAND: POST /session/a995b82d0df1730148f5e6c1edf10a41/elements - {"using":"xpath","value":"//td[@aria-colindex=\"1\"]/div/div[contains(@class, \"sapMCbBg\")]"}
RESULT: {"using":"xpath","value":"//td[@aria-colindex=\"1\"]/div/div[contains(@class, \"sapMCbBg\")]"}
COMMAND: POST /session/a995b82d0df1730148f5e6c1edf10a41/elements - {"using":"xpath","value":"//td[@aria-colindex=\"1\"]/div/div[contains(@class, \"sapMCbBg\")]"}
RESULT: {"using":"xpath","value":"//td[@aria-colindex=\"1\"]/div/div[contains(@class, \"sapMCbBg\")]"}
COMMAND: POST /session/a995b82d0df1730148f5e6c1edf10a41/elements - {"using":"xpath","value":"//td[@aria-colindex=\"1\"]/div/div[contains(@class, \"sapMCbBg\")]"}
RESULT: {"using":"xpath","value":"//td[@aria-colindex=\"1\"]/div/div[contains(@class, \"sapMCbBg\")]"}
COMMAND: POST /session/a995b82d0df1730148f5e6c1edf10a41/elements - {"using":"xpath","value":"//td[@aria-colindex=\"1\"]/div/div[contains(@class, \"sapMCbBg\")]"}
RESULT: {"using":"xpath","value":"//td[@aria-colindex=\"1\"]/div/div[contains(@class, \"sapMCbBg\")]"}
COMMAND: POST /session/a995b82d0df1730148f5e6c1edf10a41/elements - {"using":"xpath","value":"//td[@aria-colindex=\"1\"]/div/div[contains(@class, \"sapMCbBg\")]"}
RESULT: {"using":"xpath","value":"//td[@aria-colindex=\"1\"]/div/div[contains(@class, \"sapMCbBg\")]"}
COMMAND: POST /session/a995b82d0df1730148f5e6c1edf10a41/elements - {"using":"xpath","value":"//td[@aria-colindex=\"1\"]/div/div[contains(@class, \"sapMCbBg\")]"}
RESULT: {"using":"xpath","value":"//td[@aria-colindex=\"1\"]/div/div[contains(@class, \"sapMCbBg\")]"}
COMMAND: POST /session/a995b82d0df1730148f5e6c1edf10a41/elements - {"using":"xpath","value":"//td[@aria-colindex=\"1\"]/div/div[contains(@class, \"sapMCbBg\")]"}
RESULT: {"using":"xpath","value":"//td[@aria-colindex=\"1\"]/div/div[contains(@class, \"sapMCbBg\")]"}
COMMAND: POST /session/a995b82d0df1730148f5e6c1edf10a41/elements - {"using":"xpath","value":"//td[@aria-colindex=\"1\"]/div/div[contains(@class, \"sapMCbBg\")]"}
RESULT: {"using":"xpath","value":"//td[@aria-colindex=\"1\"]/div/div[contains(@class, \"sapMCbBg\")]"}
COMMAND: POST /session/a995b82d0df1730148f5e6c1edf10a41/elements - {"using":"xpath","value":"//td[@aria-colindex=\"1\"]/div/div[contains(@class, \"sapMCbBg\")]"}
RESULT: {"using":"xpath","value":"//td[@aria-colindex=\"1\"]/div/div[contains(@class, \"sapMCbBg\")]"}
COMMAND: POST /session/a995b82d0df1730148f5e6c1edf10a41/elements - {"using":"xpath","value":"//td[@aria-colindex=\"1\"]/div/div[contains(@class, \"sapMCbBg\")]"}
RESULT: {"using":"xpath","value":"//td[@aria-colindex=\"1\"]/div/div[contains(@class, \"sapMCbBg\")]"}
COMMAND: POST /session/a995b82d0df1730148f5e6c1edf10a41/elements - {"using":"xpath","value":"//td[@aria-colindex=\"1\"]/div/div[contains(@class, \"sapMCbBg\")]"}
RESULT: {"using":"xpath","value":"//td[@aria-colindex=\"1\"]/div/div[contains(@class, \"sapMCbBg\")]"}
COMMAND: POST /session/a995b82d0df1730148f5e6c1edf10a41/elements - {"using":"xpath","value":"//td[@aria-colindex=\"1\"]/div/div[contains(@class, \"sapMCbBg\")]"}
RESULT: {"using":"xpath","value":"//td[@aria-colindex=\"1\"]/div/div[contains(@class, \"sapMCbBg\")]"}
COMMAND: POST /session/a995b82d0df1730148f5e6c1edf10a41/elements - {"using":"xpath","value":"//td[@aria-colindex=\"1\"]/div/div[contains(@class, \"sapMCbBg\")]"}
RESULT: {"using":"xpath","value":"//td[@aria-colindex=\"1\"]/div/div[contains(@class, \"sapMCbBg\")]"}
COMMAND: POST /session/a995b82d0df1730148f5e6c1edf10a41/elements - {"using":"xpath","value":"//td[@aria-colindex=\"1\"]/div/div[contains(@class, \"sapMCbBg\")]"}
RESULT: {"using":"xpath","value":"//td[@aria-colindex=\"1\"]/div/div[contains(@class, \"sapMCbBg\")]"}
COMMAND: POST /session/a995b82d0df1730148f5e6c1edf10a41/elements - {"using":"xpath","value":"//td[@aria-colindex=\"1\"]/div/div[contains(@class, \"sapMCbBg\")]"}
RESULT: {"using":"xpath","value":"//td[@aria-colindex=\"1\"]/div/div[contains(@class, \"sapMCbBg\")]"}
COMMAND: POST /session/a995b82d0df1730148f5e6c1edf10a41/elements - {"using":"xpath","value":"//td[@aria-colindex=\"1\"]/div/div[contains(@class, \"sapMCbBg\")]"}
RESULT: {"using":"xpath","value":"//td[@aria-colindex=\"1\"]/div/div[contains(@class, \"sapMCbBg\")]"}
COMMAND: POST /session/a995b82d0df1730148f5e6c1edf10a41/elements - {"using":"xpath","value":"//td[@aria-colindex=\"1\"]/div/div[contains(@class, \"sapMCbBg\")]"}
RESULT: {"using":"xpath","value":"//td[@aria-colindex=\"1\"]/div/div[contains(@class, \"sapMCbBg\")]"}
COMMAND: POST /session/a995b82d0df1730148f5e6c1edf10a41/elements - {"using":"xpath","value":"//td[@aria-colindex=\"1\"]/div/div[contains(@class, \"sapMCbBg\")]"}
RESULT: {"using":"xpath","value":"//td[@aria-colindex=\"1\"]/div/div[contains(@class, \"sapMCbBg\")]"}
COMMAND: POST /session/a995b82d0df1730148f5e6c1edf10a41/elements - {"using":"xpath","value":"//td[@aria-colindex=\"1\"]/div/div[contains(@class, \"sapMCbBg\")]"}
RESULT: {"using":"xpath","value":"//td[@aria-colindex=\"1\"]/div/div[contains(@class, \"sapMCbBg\")]"}
COMMAND: POST /session/a995b82d0df1730148f5e6c1edf10a41/elements - {"using":"xpath","value":"//td[@aria-colindex=\"1\"]/div/div[contains(@class, \"sapMCbBg\")]"}
RESULT: {"using":"xpath","value":"//td[@aria-colindex=\"1\"]/div/div[contains(@class, \"sapMCbBg\")]"}
COMMAND: POST /session/a995b82d0df1730148f5e6c1edf10a41/elements - {"using":"xpath","value":"//td[@aria-colindex=\"1\"]/div/div[contains(@class, \"sapMCbBg\")]"}
RESULT: {"using":"xpath","value":"//td[@aria-colindex=\"1\"]/div/div[contains(@class, \"sapMCbBg\")]"}
COMMAND: POST /session/a995b82d0df1730148f5e6c1edf10a41/elements - {"using":"xpath","value":"//td[@aria-colindex=\"1\"]/div/div[contains(@class, \"sapMCbBg\")]"}
RESULT: {"using":"xpath","value":"//td[@aria-colindex=\"1\"]/div/div[contains(@class, \"sapMCbBg\")]"}
COMMAND: POST /session/a995b82d0df1730148f5e6c1edf10a41/elements - {"using":"xpath","value":"//td[@aria-colindex=\"1\"]/div/div[contains(@class, \"sapMCbBg\")]"}
RESULT: {"using":"xpath","value":"//td[@aria-colindex=\"1\"]/div/div[contains(@class, \"sapMCbBg\")]"}
COMMAND: POST /session/a995b82d0df1730148f5e6c1edf10a41/elements - {"using":"xpath","value":"//td[@aria-colindex=\"1\"]/div/div[contains(@class, \"sapMCbBg\")]"}
RESULT: {"using":"xpath","value":"//td[@aria-colindex=\"1\"]/div/div[contains(@class, \"sapMCbBg\")]"}
COMMAND: POST /session/a995b82d0df1730148f5e6c1edf10a41/elements - {"using":"xpath","value":"//td[@aria-colindex=\"1\"]/div/div[contains(@class, \"sapMCbBg\")]"}
RESULT: {"using":"xpath","value":"//td[@aria-colindex=\"1\"]/div/div[contains(@class, \"sapMCbBg\")]"}
COMMAND: POST /session/a995b82d0df1730148f5e6c1edf10a41/elements - {"using":"xpath","value":"//td[@aria-colindex=\"1\"]/div/div[contains(@class, \"sapMCbBg\")]"}
RESULT: {"using":"xpath","value":"//td[@aria-colindex=\"1\"]/div/div[contains(@class, \"sapMCbBg\")]"}
COMMAND: POST /session/a995b82d0df1730148f5e6c1edf10a41/elements - {"using":"xpath","value":"//td[@aria-colindex=\"1\"]/div/div[contains(@class, \"sapMCbBg\")]"}
RESULT: {"using":"xpath","value":"//td[@aria-colindex=\"1\"]/div/div[contains(@class, \"sapMCbBg\")]"}
COMMAND: POST /session/a995b82d0df1730148f5e6c1edf10a41/elements - {"using":"xpath","value":"//td[@aria-colindex=\"1\"]/div/div[contains(@class, \"sapMCbBg\")]"}
RESULT: {"using":"xpath","value":"//td[@aria-colindex=\"1\"]/div/div[contains(@class, \"sapMCbBg\")]"}
COMMAND: POST /session/a995b82d0df1730148f5e6c1edf10a41/elements - {"using":"xpath","value":"//td[@aria-colindex=\"1\"]/div/div[contains(@class, \"sapMCbBg\")]"}
RESULT: {"using":"xpath","value":"//td[@aria-colindex=\"1\"]/div/div[contains(@class, \"sapMCbBg\")]"}
COMMAND: POST /session/a995b82d0df1730148f5e6c1edf10a41/elements - {"using":"xpath","value":"//td[@aria-colindex=\"1\"]/div/div[contains(@class, \"sapMCbBg\")]"}
RESULT: {"using":"xpath","value":"//td[@aria-colindex=\"1\"]/div/div[contains(@class, \"sapMCbBg\")]"}
COMMAND: POST /session/a995b82d0df1730148f5e6c1edf10a41/elements - {"using":"xpath","value":"//td[@aria-colindex=\"1\"]/div/div[contains(@class, \"sapMCbBg\")]"}
RESULT: {"using":"xpath","value":"//td[@aria-colindex=\"1\"]/div/div[contains(@class, \"sapMCbBg\")]"}
COMMAND: POST /session/a995b82d0df1730148f5e6c1edf10a41/elements - {"using":"xpath","value":"//td[@aria-colindex=\"1\"]/div/div[contains(@class, \"sapMCbBg\")]"}
RESULT: {"using":"xpath","value":"//td[@aria-colindex=\"1\"]/div/div[contains(@class, \"sapMCbBg\")]"}
COMMAND: POST /session/a995b82d0df1730148f5e6c1edf10a41/elements - {"using":"xpath","value":"//td[@aria-colindex=\"1\"]/div/div[contains(@class, \"sapMCbBg\")]"}
RESULT: {"using":"xpath","value":"//td[@aria-colindex=\"1\"]/div/div[contains(@class, \"sapMCbBg\")]"}
COMMAND: POST /session/a995b82d0df1730148f5e6c1edf10a41/elements - {"using":"xpath","value":"//td[@aria-colindex=\"1\"]/div/div[contains(@class, \"sapMCbBg\")]"}
RESULT: {"using":"xpath","value":"//td[@aria-colindex=\"1\"]/div/div[contains(@class, \"sapMCbBg\")]"}
COMMAND: POST /session/a995b82d0df1730148f5e6c1edf10a41/elements - {"using":"xpath","value":"//td[@aria-colindex=\"1\"]/div/div[contains(@class, \"sapMCbBg\")]"}
RESULT: {"using":"xpath","value":"//td[@aria-colindex=\"1\"]/div/div[contains(@class, \"sapMCbBg\")]"}
COMMAND: POST /session/a995b82d0df1730148f5e6c1edf10a41/elements - {"using":"xpath","value":"//td[@aria-colindex=\"1\"]/div/div[contains(@class, \"sapMCbBg\")]"}
RESULT: {"using":"xpath","value":"//td[@aria-colindex=\"1\"]/div/div[contains(@class, \"sapMCbBg\")]"}
COMMAND: POST /session/a995b82d0df1730148f5e6c1edf10a41/elements - {"using":"xpath","value":"//td[@aria-colindex=\"1\"]/div/div[contains(@class, \"sapMCbBg\")]"}
RESULT: {"using":"xpath","value":"//td[@aria-colindex=\"1\"]/div/div[contains(@class, \"sapMCbBg\")]"}
COMMAND: POST /session/a995b82d0df1730148f5e6c1edf10a41/elements - {"using":"xpath","value":"//td[@aria-colindex=\"1\"]/div/div[contains(@class, \"sapMCbBg\")]"}
RESULT: {"using":"xpath","value":"//td[@aria-colindex=\"1\"]/div/div[contains(@class, \"sapMCbBg\")]"}
COMMAND: POST /session/a995b82d0df1730148f5e6c1edf10a41/elements - {"using":"xpath","value":"//td[@aria-colindex=\"1\"]/div/div[contains(@class, \"sapMCbBg\")]"}
RESULT: {"using":"xpath","value":"//td[@aria-colindex=\"1\"]/div/div[contains(@class, \"sapMCbBg\")]"}
COMMAND: POST /session/a995b82d0df1730148f5e6c1edf10a41/elements - {"using":"xpath","value":"//td[@aria-colindex=\"1\"]/div/div[contains(@class, \"sapMCbBg\")]"}
RESULT: {"using":"xpath","value":"//td[@aria-colindex=\"1\"]/div/div[contains(@class, \"sapMCbBg\")]"}
COMMAND: POST /session/a995b82d0df1730148f5e6c1edf10a41/elements - {"using":"xpath","value":"//td[@aria-colindex=\"1\"]/div/div[contains(@class, \"sapMCbBg\")]"}
RESULT: {"using":"xpath","value":"//td[@aria-colindex=\"1\"]/div/div[contains(@class, \"sapMCbBg\")]"}
COMMAND: POST /session/a995b82d0df1730148f5e6c1edf10a41/elements - {"using":"xpath","value":"//td[@aria-colindex=\"1\"]/div/div[contains(@class, \"sapMCbBg\")]"}
RESULT: {"using":"xpath","value":"//td[@aria-colindex=\"1\"]/div/div[contains(@class, \"sapMCbBg\")]"}
COMMAND: POST /session/a995b82d0df1730148f5e6c1edf10a41/elements - {"using":"xpath","value":"//td[@aria-colindex=\"1\"]/div/div[contains(@class, \"sapMCbBg\")]"}
RESULT: {"using":"xpath","value":"//td[@aria-colindex=\"1\"]/div/div[contains(@class, \"sapMCbBg\")]"}
COMMAND: POST /session/a995b82d0df1730148f5e6c1edf10a41/elements - {"using":"xpath","value":"//td[@aria-colindex=\"1\"]/div/div[contains(@class, \"sapMCbBg\")]"}
RESULT: {"using":"xpath","value":"//td[@aria-colindex=\"1\"]/div/div[contains(@class, \"sapMCbBg\")]"}
COMMAND: POST /session/a995b82d0df1730148f5e6c1edf10a41/elements - {"using":"xpath","value":"//td[@aria-colindex=\"1\"]/div/div[contains(@class, \"sapMCbBg\")]"}
RESULT: {"using":"xpath","value":"//td[@aria-colindex=\"1\"]/div/div[contains(@class, \"sapMCbBg\")]"}
COMMAND: POST /session/a995b82d0df1730148f5e6c1edf10a41/elements - {"using":"xpath","value":"//td[@aria-colindex=\"1\"]/div/div[contains(@class, \"sapMCbBg\")]"}
RESULT: {"using":"xpath","value":"//td[@aria-colindex=\"1\"]/div/div[contains(@class, \"sapMCbBg\")]"}
COMMAND: POST /session/a995b82d0df1730148f5e6c1edf10a41/elements - {"using":"xpath","value":"//td[@aria-colindex=\"1\"]/div/div[contains(@class, \"sapMCbBg\")]"}
RESULT: {"using":"xpath","value":"//td[@aria-colindex=\"1\"]/div/div[contains(@class, \"sapMCbBg\")]"}
COMMAND: POST /session/a995b82d0df1730148f5e6c1edf10a41/elements - {"using":"xpath","value":"//td[@aria-colindex=\"1\"]/div/div[contains(@class, \"sapMCbBg\")]"}
RESULT: {"using":"xpath","value":"//td[@aria-colindex=\"1\"]/div/div[contains(@class, \"sapMCbBg\")]"}
COMMAND: POST /session/a995b82d0df1730148f5e6c1edf10a41/elements - {"using":"xpath","value":"//td[@aria-colindex=\"1\"]/div/div[contains(@class, \"sapMCbBg\")]"}
RESULT: {"using":"xpath","value":"//td[@aria-colindex=\"1\"]/div/div[contains(@class, \"sapMCbBg\")]"}
COMMAND: POST /session/a995b82d0df1730148f5e6c1edf10a41/elements - {"using":"xpath","value":"//td[@aria-colindex=\"1\"]/div/div[contains(@class, \"sapMCbBg\")]"}
RESULT: {"using":"xpath","value":"//td[@aria-colindex=\"1\"]/div/div[contains(@class, \"sapMCbBg\")]"}
COMMAND: POST /session/a995b82d0df1730148f5e6c1edf10a41/elements - {"using":"xpath","value":"//td[@aria-colindex=\"1\"]/div/div[contains(@class, \"sapMCbBg\")]"}
RESULT: {"using":"xpath","value":"//td[@aria-colindex=\"1\"]/div/div[contains(@class, \"sapMCbBg\")]"}
COMMAND: POST /session/a995b82d0df1730148f5e6c1edf10a41/elements - {"using":"xpath","value":"//td[@aria-colindex=\"1\"]/div/div[contains(@class, \"sapMCbBg\")]"}
RESULT: {"using":"xpath","value":"//td[@aria-colindex=\"1\"]/div/div[contains(@class, \"sapMCbBg\")]"}
COMMAND: POST /session/a995b82d0df1730148f5e6c1edf10a41/elements - {"using":"xpath","value":"//td[@aria-colindex=\"1\"]/div/div[contains(@class, \"sapMCbBg\")]"}
RESULT: {"using":"xpath","value":"//td[@aria-colindex=\"1\"]/div/div[contains(@class, \"sapMCbBg\")]"}
COMMAND: POST /session/a995b82d0df1730148f5e6c1edf10a41/elements - {"using":"xpath","value":"//td[@aria-colindex=\"1\"]/div/div[contains(@class, \"sapMCbBg\")]"}
RESULT: {"using":"xpath","value":"//td[@aria-colindex=\"1\"]/div/div[contains(@class, \"sapMCbBg\")]"}
COMMAND: POST /session/a995b82d0df1730148f5e6c1edf10a41/elements - {"using":"xpath","value":"//td[@aria-colindex=\"1\"]/div/div[contains(@class, \"sapMCbBg\")]"}
RESULT: {"using":"xpath","value":"//td[@aria-colindex=\"1\"]/div/div[contains(@class, \"sapMCbBg\")]"}
COMMAND: POST /session/a995b82d0df1730148f5e6c1edf10a41/elements - {"using":"xpath","value":"//td[@aria-colindex=\"1\"]/div/div[contains(@class, \"sapMCbBg\")]"}
RESULT: {"using":"xpath","value":"//td[@aria-colindex=\"1\"]/div/div[contains(@class, \"sapMCbBg\")]"}
COMMAND: POST /session/a995b82d0df1730148f5e6c1edf10a41/elements - {"using":"xpath","value":"//td[@aria-colindex=\"1\"]/div/div[contains(@class, \"sapMCbBg\")]"}
RESULT: {"using":"xpath","value":"//td[@aria-colindex=\"1\"]/div/div[contains(@class, \"sapMCbBg\")]"}
COMMAND: POST /session/a995b82d0df1730148f5e6c1edf10a41/elements - {"using":"xpath","value":"//td[@aria-colindex=\"1\"]/div/div[contains(@class, \"sapMCbBg\")]"}
RESULT: {"using":"xpath","value":"//td[@aria-colindex=\"1\"]/div/div[contains(@class, \"sapMCbBg\")]"}
COMMAND: POST /session/a995b82d0df1730148f5e6c1edf10a41/elements - {"using":"xpath","value":"//td[@aria-colindex=\"1\"]/div/div[contains(@class, \"sapMCbBg\")]"}
RESULT: {"using":"xpath","value":"//td[@aria-colindex=\"1\"]/div/div[contains(@class, \"sapMCbBg\")]"}
COMMAND: POST /session/a995b82d0df1730148f5e6c1edf10a41/elements - {"using":"xpath","value":"//td[@aria-colindex=\"1\"]/div/div[contains(@class, \"sapMCbBg\")]"}
RESULT: {"using":"xpath","value":"//td[@aria-colindex=\"1\"]/div/div[contains(@class, \"sapMCbBg\")]"}
COMMAND: POST /session/a995b82d0df1730148f5e6c1edf10a41/elements - {"using":"xpath","value":"//td[@aria-colindex=\"1\"]/div/div[contains(@class, \"sapMCbBg\")]"}
RESULT: {"using":"xpath","value":"//td[@aria-colindex=\"1\"]/div/div[contains(@class, \"sapMCbBg\")]"}
COMMAND: POST /session/a995b82d0df1730148f5e6c1edf10a41/elements - {"using":"xpath","value":"//td[@aria-colindex=\"1\"]/div/div[contains(@class, \"sapMCbBg\")]"}
RESULT: {"using":"xpath","value":"//td[@aria-colindex=\"1\"]/div/div[contains(@class, \"sapMCbBg\")]"}
COMMAND: GET /session/a995b82d0df1730148f5e6c1edf10a41/screenshot - {}
RESULT: {}
]]></system-out>
      <system-err><![CDATA[
Error: Can't call click on element with selector "//td[@aria-colindex="1"]/div/div[contains(@class, "sapMCbBg")]" because element wasn't found
    at async UtilsPrerequisites.manageBillingsTriggerCalculation (D:\a\1\s\test\specs\BTS\prerequisites-and-utils-functions.js:2750:9)
    at async Context.<anonymous> (D:\a\1\s\test\specs\BTS\reverse-billing.spec.js:73:9)
]]></system-err>
    </testcase>
    <testcase classname="chrome.136_0_7103_93.windows.Create_Reverse_Billing_US127248" name="Should go into Billing Transfer and reverse the billing" time="56.744">
      <failure/>
      <error message="element (&quot;//input[contains(@id ,&quot;application-billingtransfer-display-component---billingWorkbench--smartFilterBar-btnBasicSearch&quot;)]&quot;) still not existing after 45000ms"/>
      <system-out><![CDATA[
COMMAND: GET /session/a995b82d0df1730148f5e6c1edf10a41/screenshot - {}
COMMAND: POST /session/a995b82d0df1730148f5e6c1edf10a41/execute/async - {"script":"<script> [1562 bytes]","args":[{"selector":{"controlType":"sap.m.GenericTile","properties":{"header":"Billing Transfer"}},"wdio_ui5_key":"sapm.GenericTile{\"header\":\"Billing Transfer\"}"}]}
RESULT: {}
RESULT: {"script":"<script> [1562 bytes]","args":[{"selector":{"controlType":"sap.m.GenericTile","properties":{"header":"Billing Transfer"}},"wdio_ui5_key":"sapm.GenericTile{\"header\":\"Billing Transfer\"}"}]}
RESULT: undefined
COMMAND: POST /session/a995b82d0df1730148f5e6c1edf10a41/elements - {"using":"xpath","value":"//span[text()='Error']"}
RESULT: {"using":"xpath","value":"//span[text()='Error']"}
COMMAND: POST /session/a995b82d0df1730148f5e6c1edf10a41/element - {"using":"xpath","value":"//input[contains(@id ,\"application-billingtransfer-display-component---billingWorkbench--smartFilterBar-btnBasicSearch\")]"}
RESULT: {"using":"xpath","value":"//input[contains(@id ,\"application-billingtransfer-display-component---billingWorkbench--smartFilterBar-btnBasicSearch\")]"}
COMMAND: POST /session/a995b82d0df1730148f5e6c1edf10a41/elements - {"using":"xpath","value":"//input[contains(@id ,\"application-billingtransfer-display-component---billingWorkbench--smartFilterBar-btnBasicSearch\")]"}
RESULT: {"using":"xpath","value":"//input[contains(@id ,\"application-billingtransfer-display-component---billingWorkbench--smartFilterBar-btnBasicSearch\")]"}
COMMAND: POST /session/a995b82d0df1730148f5e6c1edf10a41/elements - {"using":"xpath","value":"//input[contains(@id ,\"application-billingtransfer-display-component---billingWorkbench--smartFilterBar-btnBasicSearch\")]"}
RESULT: {"using":"xpath","value":"//input[contains(@id ,\"application-billingtransfer-display-component---billingWorkbench--smartFilterBar-btnBasicSearch\")]"}
COMMAND: POST /session/a995b82d0df1730148f5e6c1edf10a41/elements - {"using":"xpath","value":"//input[contains(@id ,\"application-billingtransfer-display-component---billingWorkbench--smartFilterBar-btnBasicSearch\")]"}
RESULT: {"using":"xpath","value":"//input[contains(@id ,\"application-billingtransfer-display-component---billingWorkbench--smartFilterBar-btnBasicSearch\")]"}
COMMAND: POST /session/a995b82d0df1730148f5e6c1edf10a41/elements - {"using":"xpath","value":"//input[contains(@id ,\"application-billingtransfer-display-component---billingWorkbench--smartFilterBar-btnBasicSearch\")]"}
RESULT: {"using":"xpath","value":"//input[contains(@id ,\"application-billingtransfer-display-component---billingWorkbench--smartFilterBar-btnBasicSearch\")]"}
COMMAND: POST /session/a995b82d0df1730148f5e6c1edf10a41/elements - {"using":"xpath","value":"//input[contains(@id ,\"application-billingtransfer-display-component---billingWorkbench--smartFilterBar-btnBasicSearch\")]"}
RESULT: {"using":"xpath","value":"//input[contains(@id ,\"application-billingtransfer-display-component---billingWorkbench--smartFilterBar-btnBasicSearch\")]"}
COMMAND: POST /session/a995b82d0df1730148f5e6c1edf10a41/elements - {"using":"xpath","value":"//input[contains(@id ,\"application-billingtransfer-display-component---billingWorkbench--smartFilterBar-btnBasicSearch\")]"}
RESULT: {"using":"xpath","value":"//input[contains(@id ,\"application-billingtransfer-display-component---billingWorkbench--smartFilterBar-btnBasicSearch\")]"}
COMMAND: POST /session/a995b82d0df1730148f5e6c1edf10a41/elements - {"using":"xpath","value":"//input[contains(@id ,\"application-billingtransfer-display-component---billingWorkbench--smartFilterBar-btnBasicSearch\")]"}
RESULT: {"using":"xpath","value":"//input[contains(@id ,\"application-billingtransfer-display-component---billingWorkbench--smartFilterBar-btnBasicSearch\")]"}
COMMAND: POST /session/a995b82d0df1730148f5e6c1edf10a41/elements - {"using":"xpath","value":"//input[contains(@id ,\"application-billingtransfer-display-component---billingWorkbench--smartFilterBar-btnBasicSearch\")]"}
RESULT: {"using":"xpath","value":"//input[contains(@id ,\"application-billingtransfer-display-component---billingWorkbench--smartFilterBar-btnBasicSearch\")]"}
COMMAND: POST /session/a995b82d0df1730148f5e6c1edf10a41/elements - {"using":"xpath","value":"//input[contains(@id ,\"application-billingtransfer-display-component---billingWorkbench--smartFilterBar-btnBasicSearch\")]"}
RESULT: {"using":"xpath","value":"//input[contains(@id ,\"application-billingtransfer-display-component---billingWorkbench--smartFilterBar-btnBasicSearch\")]"}
COMMAND: POST /session/a995b82d0df1730148f5e6c1edf10a41/elements - {"using":"xpath","value":"//input[contains(@id ,\"application-billingtransfer-display-component---billingWorkbench--smartFilterBar-btnBasicSearch\")]"}
RESULT: {"using":"xpath","value":"//input[contains(@id ,\"application-billingtransfer-display-component---billingWorkbench--smartFilterBar-btnBasicSearch\")]"}
COMMAND: POST /session/a995b82d0df1730148f5e6c1edf10a41/elements - {"using":"xpath","value":"//input[contains(@id ,\"application-billingtransfer-display-component---billingWorkbench--smartFilterBar-btnBasicSearch\")]"}
RESULT: {"using":"xpath","value":"//input[contains(@id ,\"application-billingtransfer-display-component---billingWorkbench--smartFilterBar-btnBasicSearch\")]"}
COMMAND: POST /session/a995b82d0df1730148f5e6c1edf10a41/elements - {"using":"xpath","value":"//input[contains(@id ,\"application-billingtransfer-display-component---billingWorkbench--smartFilterBar-btnBasicSearch\")]"}
RESULT: {"using":"xpath","value":"//input[contains(@id ,\"application-billingtransfer-display-component---billingWorkbench--smartFilterBar-btnBasicSearch\")]"}
COMMAND: POST /session/a995b82d0df1730148f5e6c1edf10a41/elements - {"using":"xpath","value":"//input[contains(@id ,\"application-billingtransfer-display-component---billingWorkbench--smartFilterBar-btnBasicSearch\")]"}
RESULT: {"using":"xpath","value":"//input[contains(@id ,\"application-billingtransfer-display-component---billingWorkbench--smartFilterBar-btnBasicSearch\")]"}
COMMAND: POST /session/a995b82d0df1730148f5e6c1edf10a41/elements - {"using":"xpath","value":"//input[contains(@id ,\"application-billingtransfer-display-component---billingWorkbench--smartFilterBar-btnBasicSearch\")]"}
RESULT: {"using":"xpath","value":"//input[contains(@id ,\"application-billingtransfer-display-component---billingWorkbench--smartFilterBar-btnBasicSearch\")]"}
COMMAND: POST /session/a995b82d0df1730148f5e6c1edf10a41/elements - {"using":"xpath","value":"//input[contains(@id ,\"application-billingtransfer-display-component---billingWorkbench--smartFilterBar-btnBasicSearch\")]"}
RESULT: {"using":"xpath","value":"//input[contains(@id ,\"application-billingtransfer-display-component---billingWorkbench--smartFilterBar-btnBasicSearch\")]"}
COMMAND: POST /session/a995b82d0df1730148f5e6c1edf10a41/elements - {"using":"xpath","value":"//input[contains(@id ,\"application-billingtransfer-display-component---billingWorkbench--smartFilterBar-btnBasicSearch\")]"}
RESULT: {"using":"xpath","value":"//input[contains(@id ,\"application-billingtransfer-display-component---billingWorkbench--smartFilterBar-btnBasicSearch\")]"}
COMMAND: POST /session/a995b82d0df1730148f5e6c1edf10a41/elements - {"using":"xpath","value":"//input[contains(@id ,\"application-billingtransfer-display-component---billingWorkbench--smartFilterBar-btnBasicSearch\")]"}
RESULT: {"using":"xpath","value":"//input[contains(@id ,\"application-billingtransfer-display-component---billingWorkbench--smartFilterBar-btnBasicSearch\")]"}
COMMAND: POST /session/a995b82d0df1730148f5e6c1edf10a41/elements - {"using":"xpath","value":"//input[contains(@id ,\"application-billingtransfer-display-component---billingWorkbench--smartFilterBar-btnBasicSearch\")]"}
RESULT: {"using":"xpath","value":"//input[contains(@id ,\"application-billingtransfer-display-component---billingWorkbench--smartFilterBar-btnBasicSearch\")]"}
COMMAND: POST /session/a995b82d0df1730148f5e6c1edf10a41/elements - {"using":"xpath","value":"//input[contains(@id ,\"application-billingtransfer-display-component---billingWorkbench--smartFilterBar-btnBasicSearch\")]"}
RESULT: {"using":"xpath","value":"//input[contains(@id ,\"application-billingtransfer-display-component---billingWorkbench--smartFilterBar-btnBasicSearch\")]"}
COMMAND: POST /session/a995b82d0df1730148f5e6c1edf10a41/elements - {"using":"xpath","value":"//input[contains(@id ,\"application-billingtransfer-display-component---billingWorkbench--smartFilterBar-btnBasicSearch\")]"}
RESULT: {"using":"xpath","value":"//input[contains(@id ,\"application-billingtransfer-display-component---billingWorkbench--smartFilterBar-btnBasicSearch\")]"}
COMMAND: POST /session/a995b82d0df1730148f5e6c1edf10a41/elements - {"using":"xpath","value":"//input[contains(@id ,\"application-billingtransfer-display-component---billingWorkbench--smartFilterBar-btnBasicSearch\")]"}
RESULT: {"using":"xpath","value":"//input[contains(@id ,\"application-billingtransfer-display-component---billingWorkbench--smartFilterBar-btnBasicSearch\")]"}
COMMAND: POST /session/a995b82d0df1730148f5e6c1edf10a41/elements - {"using":"xpath","value":"//input[contains(@id ,\"application-billingtransfer-display-component---billingWorkbench--smartFilterBar-btnBasicSearch\")]"}
RESULT: {"using":"xpath","value":"//input[contains(@id ,\"application-billingtransfer-display-component---billingWorkbench--smartFilterBar-btnBasicSearch\")]"}
COMMAND: POST /session/a995b82d0df1730148f5e6c1edf10a41/elements - {"using":"xpath","value":"//input[contains(@id ,\"application-billingtransfer-display-component---billingWorkbench--smartFilterBar-btnBasicSearch\")]"}
RESULT: {"using":"xpath","value":"//input[contains(@id ,\"application-billingtransfer-display-component---billingWorkbench--smartFilterBar-btnBasicSearch\")]"}
COMMAND: POST /session/a995b82d0df1730148f5e6c1edf10a41/elements - {"using":"xpath","value":"//input[contains(@id ,\"application-billingtransfer-display-component---billingWorkbench--smartFilterBar-btnBasicSearch\")]"}
RESULT: {"using":"xpath","value":"//input[contains(@id ,\"application-billingtransfer-display-component---billingWorkbench--smartFilterBar-btnBasicSearch\")]"}
COMMAND: POST /session/a995b82d0df1730148f5e6c1edf10a41/elements - {"using":"xpath","value":"//input[contains(@id ,\"application-billingtransfer-display-component---billingWorkbench--smartFilterBar-btnBasicSearch\")]"}
RESULT: {"using":"xpath","value":"//input[contains(@id ,\"application-billingtransfer-display-component---billingWorkbench--smartFilterBar-btnBasicSearch\")]"}
COMMAND: POST /session/a995b82d0df1730148f5e6c1edf10a41/elements - {"using":"xpath","value":"//input[contains(@id ,\"application-billingtransfer-display-component---billingWorkbench--smartFilterBar-btnBasicSearch\")]"}
RESULT: {"using":"xpath","value":"//input[contains(@id ,\"application-billingtransfer-display-component---billingWorkbench--smartFilterBar-btnBasicSearch\")]"}
COMMAND: POST /session/a995b82d0df1730148f5e6c1edf10a41/elements - {"using":"xpath","value":"//input[contains(@id ,\"application-billingtransfer-display-component---billingWorkbench--smartFilterBar-btnBasicSearch\")]"}
RESULT: {"using":"xpath","value":"//input[contains(@id ,\"application-billingtransfer-display-component---billingWorkbench--smartFilterBar-btnBasicSearch\")]"}
COMMAND: POST /session/a995b82d0df1730148f5e6c1edf10a41/elements - {"using":"xpath","value":"//input[contains(@id ,\"application-billingtransfer-display-component---billingWorkbench--smartFilterBar-btnBasicSearch\")]"}
RESULT: {"using":"xpath","value":"//input[contains(@id ,\"application-billingtransfer-display-component---billingWorkbench--smartFilterBar-btnBasicSearch\")]"}
COMMAND: POST /session/a995b82d0df1730148f5e6c1edf10a41/elements - {"using":"xpath","value":"//input[contains(@id ,\"application-billingtransfer-display-component---billingWorkbench--smartFilterBar-btnBasicSearch\")]"}
RESULT: {"using":"xpath","value":"//input[contains(@id ,\"application-billingtransfer-display-component---billingWorkbench--smartFilterBar-btnBasicSearch\")]"}
COMMAND: POST /session/a995b82d0df1730148f5e6c1edf10a41/elements - {"using":"xpath","value":"//input[contains(@id ,\"application-billingtransfer-display-component---billingWorkbench--smartFilterBar-btnBasicSearch\")]"}
RESULT: {"using":"xpath","value":"//input[contains(@id ,\"application-billingtransfer-display-component---billingWorkbench--smartFilterBar-btnBasicSearch\")]"}
COMMAND: POST /session/a995b82d0df1730148f5e6c1edf10a41/elements - {"using":"xpath","value":"//input[contains(@id ,\"application-billingtransfer-display-component---billingWorkbench--smartFilterBar-btnBasicSearch\")]"}
RESULT: {"using":"xpath","value":"//input[contains(@id ,\"application-billingtransfer-display-component---billingWorkbench--smartFilterBar-btnBasicSearch\")]"}
COMMAND: POST /session/a995b82d0df1730148f5e6c1edf10a41/elements - {"using":"xpath","value":"//input[contains(@id ,\"application-billingtransfer-display-component---billingWorkbench--smartFilterBar-btnBasicSearch\")]"}
RESULT: {"using":"xpath","value":"//input[contains(@id ,\"application-billingtransfer-display-component---billingWorkbench--smartFilterBar-btnBasicSearch\")]"}
COMMAND: POST /session/a995b82d0df1730148f5e6c1edf10a41/elements - {"using":"xpath","value":"//input[contains(@id ,\"application-billingtransfer-display-component---billingWorkbench--smartFilterBar-btnBasicSearch\")]"}
RESULT: {"using":"xpath","value":"//input[contains(@id ,\"application-billingtransfer-display-component---billingWorkbench--smartFilterBar-btnBasicSearch\")]"}
COMMAND: POST /session/a995b82d0df1730148f5e6c1edf10a41/elements - {"using":"xpath","value":"//input[contains(@id ,\"application-billingtransfer-display-component---billingWorkbench--smartFilterBar-btnBasicSearch\")]"}
RESULT: {"using":"xpath","value":"//input[contains(@id ,\"application-billingtransfer-display-component---billingWorkbench--smartFilterBar-btnBasicSearch\")]"}
COMMAND: POST /session/a995b82d0df1730148f5e6c1edf10a41/elements - {"using":"xpath","value":"//input[contains(@id ,\"application-billingtransfer-display-component---billingWorkbench--smartFilterBar-btnBasicSearch\")]"}
RESULT: {"using":"xpath","value":"//input[contains(@id ,\"application-billingtransfer-display-component---billingWorkbench--smartFilterBar-btnBasicSearch\")]"}
COMMAND: POST /session/a995b82d0df1730148f5e6c1edf10a41/elements - {"using":"xpath","value":"//input[contains(@id ,\"application-billingtransfer-display-component---billingWorkbench--smartFilterBar-btnBasicSearch\")]"}
RESULT: {"using":"xpath","value":"//input[contains(@id ,\"application-billingtransfer-display-component---billingWorkbench--smartFilterBar-btnBasicSearch\")]"}
COMMAND: POST /session/a995b82d0df1730148f5e6c1edf10a41/elements - {"using":"xpath","value":"//input[contains(@id ,\"application-billingtransfer-display-component---billingWorkbench--smartFilterBar-btnBasicSearch\")]"}
RESULT: {"using":"xpath","value":"//input[contains(@id ,\"application-billingtransfer-display-component---billingWorkbench--smartFilterBar-btnBasicSearch\")]"}
COMMAND: POST /session/a995b82d0df1730148f5e6c1edf10a41/elements - {"using":"xpath","value":"//input[contains(@id ,\"application-billingtransfer-display-component---billingWorkbench--smartFilterBar-btnBasicSearch\")]"}
RESULT: {"using":"xpath","value":"//input[contains(@id ,\"application-billingtransfer-display-component---billingWorkbench--smartFilterBar-btnBasicSearch\")]"}
COMMAND: POST /session/a995b82d0df1730148f5e6c1edf10a41/elements - {"using":"xpath","value":"//input[contains(@id ,\"application-billingtransfer-display-component---billingWorkbench--smartFilterBar-btnBasicSearch\")]"}
RESULT: {"using":"xpath","value":"//input[contains(@id ,\"application-billingtransfer-display-component---billingWorkbench--smartFilterBar-btnBasicSearch\")]"}
COMMAND: POST /session/a995b82d0df1730148f5e6c1edf10a41/elements - {"using":"xpath","value":"//input[contains(@id ,\"application-billingtransfer-display-component---billingWorkbench--smartFilterBar-btnBasicSearch\")]"}
RESULT: {"using":"xpath","value":"//input[contains(@id ,\"application-billingtransfer-display-component---billingWorkbench--smartFilterBar-btnBasicSearch\")]"}
COMMAND: POST /session/a995b82d0df1730148f5e6c1edf10a41/elements - {"using":"xpath","value":"//input[contains(@id ,\"application-billingtransfer-display-component---billingWorkbench--smartFilterBar-btnBasicSearch\")]"}
RESULT: {"using":"xpath","value":"//input[contains(@id ,\"application-billingtransfer-display-component---billingWorkbench--smartFilterBar-btnBasicSearch\")]"}
COMMAND: POST /session/a995b82d0df1730148f5e6c1edf10a41/elements - {"using":"xpath","value":"//input[contains(@id ,\"application-billingtransfer-display-component---billingWorkbench--smartFilterBar-btnBasicSearch\")]"}
RESULT: {"using":"xpath","value":"//input[contains(@id ,\"application-billingtransfer-display-component---billingWorkbench--smartFilterBar-btnBasicSearch\")]"}
COMMAND: POST /session/a995b82d0df1730148f5e6c1edf10a41/elements - {"using":"xpath","value":"//input[contains(@id ,\"application-billingtransfer-display-component---billingWorkbench--smartFilterBar-btnBasicSearch\")]"}
RESULT: {"using":"xpath","value":"//input[contains(@id ,\"application-billingtransfer-display-component---billingWorkbench--smartFilterBar-btnBasicSearch\")]"}
COMMAND: POST /session/a995b82d0df1730148f5e6c1edf10a41/elements - {"using":"xpath","value":"//input[contains(@id ,\"application-billingtransfer-display-component---billingWorkbench--smartFilterBar-btnBasicSearch\")]"}
RESULT: {"using":"xpath","value":"//input[contains(@id ,\"application-billingtransfer-display-component---billingWorkbench--smartFilterBar-btnBasicSearch\")]"}
COMMAND: POST /session/a995b82d0df1730148f5e6c1edf10a41/elements - {"using":"xpath","value":"//input[contains(@id ,\"application-billingtransfer-display-component---billingWorkbench--smartFilterBar-btnBasicSearch\")]"}
RESULT: {"using":"xpath","value":"//input[contains(@id ,\"application-billingtransfer-display-component---billingWorkbench--smartFilterBar-btnBasicSearch\")]"}
COMMAND: POST /session/a995b82d0df1730148f5e6c1edf10a41/elements - {"using":"xpath","value":"//input[contains(@id ,\"application-billingtransfer-display-component---billingWorkbench--smartFilterBar-btnBasicSearch\")]"}
RESULT: {"using":"xpath","value":"//input[contains(@id ,\"application-billingtransfer-display-component---billingWorkbench--smartFilterBar-btnBasicSearch\")]"}
COMMAND: POST /session/a995b82d0df1730148f5e6c1edf10a41/elements - {"using":"xpath","value":"//input[contains(@id ,\"application-billingtransfer-display-component---billingWorkbench--smartFilterBar-btnBasicSearch\")]"}
RESULT: {"using":"xpath","value":"//input[contains(@id ,\"application-billingtransfer-display-component---billingWorkbench--smartFilterBar-btnBasicSearch\")]"}
COMMAND: POST /session/a995b82d0df1730148f5e6c1edf10a41/elements - {"using":"xpath","value":"//input[contains(@id ,\"application-billingtransfer-display-component---billingWorkbench--smartFilterBar-btnBasicSearch\")]"}
RESULT: {"using":"xpath","value":"//input[contains(@id ,\"application-billingtransfer-display-component---billingWorkbench--smartFilterBar-btnBasicSearch\")]"}
COMMAND: POST /session/a995b82d0df1730148f5e6c1edf10a41/elements - {"using":"xpath","value":"//input[contains(@id ,\"application-billingtransfer-display-component---billingWorkbench--smartFilterBar-btnBasicSearch\")]"}
RESULT: {"using":"xpath","value":"//input[contains(@id ,\"application-billingtransfer-display-component---billingWorkbench--smartFilterBar-btnBasicSearch\")]"}
COMMAND: POST /session/a995b82d0df1730148f5e6c1edf10a41/elements - {"using":"xpath","value":"//input[contains(@id ,\"application-billingtransfer-display-component---billingWorkbench--smartFilterBar-btnBasicSearch\")]"}
RESULT: {"using":"xpath","value":"//input[contains(@id ,\"application-billingtransfer-display-component---billingWorkbench--smartFilterBar-btnBasicSearch\")]"}
COMMAND: POST /session/a995b82d0df1730148f5e6c1edf10a41/elements - {"using":"xpath","value":"//input[contains(@id ,\"application-billingtransfer-display-component---billingWorkbench--smartFilterBar-btnBasicSearch\")]"}
RESULT: {"using":"xpath","value":"//input[contains(@id ,\"application-billingtransfer-display-component---billingWorkbench--smartFilterBar-btnBasicSearch\")]"}
COMMAND: POST /session/a995b82d0df1730148f5e6c1edf10a41/elements - {"using":"xpath","value":"//input[contains(@id ,\"application-billingtransfer-display-component---billingWorkbench--smartFilterBar-btnBasicSearch\")]"}
RESULT: {"using":"xpath","value":"//input[contains(@id ,\"application-billingtransfer-display-component---billingWorkbench--smartFilterBar-btnBasicSearch\")]"}
COMMAND: POST /session/a995b82d0df1730148f5e6c1edf10a41/elements - {"using":"xpath","value":"//input[contains(@id ,\"application-billingtransfer-display-component---billingWorkbench--smartFilterBar-btnBasicSearch\")]"}
RESULT: {"using":"xpath","value":"//input[contains(@id ,\"application-billingtransfer-display-component---billingWorkbench--smartFilterBar-btnBasicSearch\")]"}
COMMAND: POST /session/a995b82d0df1730148f5e6c1edf10a41/elements - {"using":"xpath","value":"//input[contains(@id ,\"application-billingtransfer-display-component---billingWorkbench--smartFilterBar-btnBasicSearch\")]"}
RESULT: {"using":"xpath","value":"//input[contains(@id ,\"application-billingtransfer-display-component---billingWorkbench--smartFilterBar-btnBasicSearch\")]"}
COMMAND: POST /session/a995b82d0df1730148f5e6c1edf10a41/elements - {"using":"xpath","value":"//input[contains(@id ,\"application-billingtransfer-display-component---billingWorkbench--smartFilterBar-btnBasicSearch\")]"}
RESULT: {"using":"xpath","value":"//input[contains(@id ,\"application-billingtransfer-display-component---billingWorkbench--smartFilterBar-btnBasicSearch\")]"}
COMMAND: POST /session/a995b82d0df1730148f5e6c1edf10a41/elements - {"using":"xpath","value":"//input[contains(@id ,\"application-billingtransfer-display-component---billingWorkbench--smartFilterBar-btnBasicSearch\")]"}
RESULT: {"using":"xpath","value":"//input[contains(@id ,\"application-billingtransfer-display-component---billingWorkbench--smartFilterBar-btnBasicSearch\")]"}
COMMAND: POST /session/a995b82d0df1730148f5e6c1edf10a41/elements - {"using":"xpath","value":"//input[contains(@id ,\"application-billingtransfer-display-component---billingWorkbench--smartFilterBar-btnBasicSearch\")]"}
RESULT: {"using":"xpath","value":"//input[contains(@id ,\"application-billingtransfer-display-component---billingWorkbench--smartFilterBar-btnBasicSearch\")]"}
COMMAND: POST /session/a995b82d0df1730148f5e6c1edf10a41/elements - {"using":"xpath","value":"//input[contains(@id ,\"application-billingtransfer-display-component---billingWorkbench--smartFilterBar-btnBasicSearch\")]"}
RESULT: {"using":"xpath","value":"//input[contains(@id ,\"application-billingtransfer-display-component---billingWorkbench--smartFilterBar-btnBasicSearch\")]"}
COMMAND: POST /session/a995b82d0df1730148f5e6c1edf10a41/elements - {"using":"xpath","value":"//input[contains(@id ,\"application-billingtransfer-display-component---billingWorkbench--smartFilterBar-btnBasicSearch\")]"}
RESULT: {"using":"xpath","value":"//input[contains(@id ,\"application-billingtransfer-display-component---billingWorkbench--smartFilterBar-btnBasicSearch\")]"}
COMMAND: POST /session/a995b82d0df1730148f5e6c1edf10a41/elements - {"using":"xpath","value":"//input[contains(@id ,\"application-billingtransfer-display-component---billingWorkbench--smartFilterBar-btnBasicSearch\")]"}
RESULT: {"using":"xpath","value":"//input[contains(@id ,\"application-billingtransfer-display-component---billingWorkbench--smartFilterBar-btnBasicSearch\")]"}
COMMAND: POST /session/a995b82d0df1730148f5e6c1edf10a41/elements - {"using":"xpath","value":"//input[contains(@id ,\"application-billingtransfer-display-component---billingWorkbench--smartFilterBar-btnBasicSearch\")]"}
RESULT: {"using":"xpath","value":"//input[contains(@id ,\"application-billingtransfer-display-component---billingWorkbench--smartFilterBar-btnBasicSearch\")]"}
COMMAND: POST /session/a995b82d0df1730148f5e6c1edf10a41/elements - {"using":"xpath","value":"//input[contains(@id ,\"application-billingtransfer-display-component---billingWorkbench--smartFilterBar-btnBasicSearch\")]"}
RESULT: {"using":"xpath","value":"//input[contains(@id ,\"application-billingtransfer-display-component---billingWorkbench--smartFilterBar-btnBasicSearch\")]"}
COMMAND: POST /session/a995b82d0df1730148f5e6c1edf10a41/elements - {"using":"xpath","value":"//input[contains(@id ,\"application-billingtransfer-display-component---billingWorkbench--smartFilterBar-btnBasicSearch\")]"}
RESULT: {"using":"xpath","value":"//input[contains(@id ,\"application-billingtransfer-display-component---billingWorkbench--smartFilterBar-btnBasicSearch\")]"}
COMMAND: POST /session/a995b82d0df1730148f5e6c1edf10a41/elements - {"using":"xpath","value":"//input[contains(@id ,\"application-billingtransfer-display-component---billingWorkbench--smartFilterBar-btnBasicSearch\")]"}
RESULT: {"using":"xpath","value":"//input[contains(@id ,\"application-billingtransfer-display-component---billingWorkbench--smartFilterBar-btnBasicSearch\")]"}
COMMAND: POST /session/a995b82d0df1730148f5e6c1edf10a41/elements - {"using":"xpath","value":"//input[contains(@id ,\"application-billingtransfer-display-component---billingWorkbench--smartFilterBar-btnBasicSearch\")]"}
RESULT: {"using":"xpath","value":"//input[contains(@id ,\"application-billingtransfer-display-component---billingWorkbench--smartFilterBar-btnBasicSearch\")]"}
COMMAND: POST /session/a995b82d0df1730148f5e6c1edf10a41/elements - {"using":"xpath","value":"//input[contains(@id ,\"application-billingtransfer-display-component---billingWorkbench--smartFilterBar-btnBasicSearch\")]"}
RESULT: {"using":"xpath","value":"//input[contains(@id ,\"application-billingtransfer-display-component---billingWorkbench--smartFilterBar-btnBasicSearch\")]"}
COMMAND: POST /session/a995b82d0df1730148f5e6c1edf10a41/elements - {"using":"xpath","value":"//input[contains(@id ,\"application-billingtransfer-display-component---billingWorkbench--smartFilterBar-btnBasicSearch\")]"}
RESULT: {"using":"xpath","value":"//input[contains(@id ,\"application-billingtransfer-display-component---billingWorkbench--smartFilterBar-btnBasicSearch\")]"}
COMMAND: POST /session/a995b82d0df1730148f5e6c1edf10a41/elements - {"using":"xpath","value":"//input[contains(@id ,\"application-billingtransfer-display-component---billingWorkbench--smartFilterBar-btnBasicSearch\")]"}
RESULT: {"using":"xpath","value":"//input[contains(@id ,\"application-billingtransfer-display-component---billingWorkbench--smartFilterBar-btnBasicSearch\")]"}
COMMAND: POST /session/a995b82d0df1730148f5e6c1edf10a41/elements - {"using":"xpath","value":"//input[contains(@id ,\"application-billingtransfer-display-component---billingWorkbench--smartFilterBar-btnBasicSearch\")]"}
RESULT: {"using":"xpath","value":"//input[contains(@id ,\"application-billingtransfer-display-component---billingWorkbench--smartFilterBar-btnBasicSearch\")]"}
COMMAND: POST /session/a995b82d0df1730148f5e6c1edf10a41/elements - {"using":"xpath","value":"//input[contains(@id ,\"application-billingtransfer-display-component---billingWorkbench--smartFilterBar-btnBasicSearch\")]"}
RESULT: {"using":"xpath","value":"//input[contains(@id ,\"application-billingtransfer-display-component---billingWorkbench--smartFilterBar-btnBasicSearch\")]"}
COMMAND: POST /session/a995b82d0df1730148f5e6c1edf10a41/elements - {"using":"xpath","value":"//input[contains(@id ,\"application-billingtransfer-display-component---billingWorkbench--smartFilterBar-btnBasicSearch\")]"}
RESULT: {"using":"xpath","value":"//input[contains(@id ,\"application-billingtransfer-display-component---billingWorkbench--smartFilterBar-btnBasicSearch\")]"}
COMMAND: POST /session/a995b82d0df1730148f5e6c1edf10a41/elements - {"using":"xpath","value":"//input[contains(@id ,\"application-billingtransfer-display-component---billingWorkbench--smartFilterBar-btnBasicSearch\")]"}
RESULT: {"using":"xpath","value":"//input[contains(@id ,\"application-billingtransfer-display-component---billingWorkbench--smartFilterBar-btnBasicSearch\")]"}
COMMAND: POST /session/a995b82d0df1730148f5e6c1edf10a41/elements - {"using":"xpath","value":"//input[contains(@id ,\"application-billingtransfer-display-component---billingWorkbench--smartFilterBar-btnBasicSearch\")]"}
RESULT: {"using":"xpath","value":"//input[contains(@id ,\"application-billingtransfer-display-component---billingWorkbench--smartFilterBar-btnBasicSearch\")]"}
COMMAND: POST /session/a995b82d0df1730148f5e6c1edf10a41/elements - {"using":"xpath","value":"//input[contains(@id ,\"application-billingtransfer-display-component---billingWorkbench--smartFilterBar-btnBasicSearch\")]"}
RESULT: {"using":"xpath","value":"//input[contains(@id ,\"application-billingtransfer-display-component---billingWorkbench--smartFilterBar-btnBasicSearch\")]"}
COMMAND: POST /session/a995b82d0df1730148f5e6c1edf10a41/elements - {"using":"xpath","value":"//input[contains(@id ,\"application-billingtransfer-display-component---billingWorkbench--smartFilterBar-btnBasicSearch\")]"}
RESULT: {"using":"xpath","value":"//input[contains(@id ,\"application-billingtransfer-display-component---billingWorkbench--smartFilterBar-btnBasicSearch\")]"}
COMMAND: POST /session/a995b82d0df1730148f5e6c1edf10a41/elements - {"using":"xpath","value":"//input[contains(@id ,\"application-billingtransfer-display-component---billingWorkbench--smartFilterBar-btnBasicSearch\")]"}
RESULT: {"using":"xpath","value":"//input[contains(@id ,\"application-billingtransfer-display-component---billingWorkbench--smartFilterBar-btnBasicSearch\")]"}
COMMAND: POST /session/a995b82d0df1730148f5e6c1edf10a41/elements - {"using":"xpath","value":"//input[contains(@id ,\"application-billingtransfer-display-component---billingWorkbench--smartFilterBar-btnBasicSearch\")]"}
RESULT: {"using":"xpath","value":"//input[contains(@id ,\"application-billingtransfer-display-component---billingWorkbench--smartFilterBar-btnBasicSearch\")]"}
COMMAND: POST /session/a995b82d0df1730148f5e6c1edf10a41/elements - {"using":"xpath","value":"//input[contains(@id ,\"application-billingtransfer-display-component---billingWorkbench--smartFilterBar-btnBasicSearch\")]"}
RESULT: {"using":"xpath","value":"//input[contains(@id ,\"application-billingtransfer-display-component---billingWorkbench--smartFilterBar-btnBasicSearch\")]"}
COMMAND: POST /session/a995b82d0df1730148f5e6c1edf10a41/elements - {"using":"xpath","value":"//input[contains(@id ,\"application-billingtransfer-display-component---billingWorkbench--smartFilterBar-btnBasicSearch\")]"}
RESULT: {"using":"xpath","value":"//input[contains(@id ,\"application-billingtransfer-display-component---billingWorkbench--smartFilterBar-btnBasicSearch\")]"}
COMMAND: POST /session/a995b82d0df1730148f5e6c1edf10a41/elements - {"using":"xpath","value":"//input[contains(@id ,\"application-billingtransfer-display-component---billingWorkbench--smartFilterBar-btnBasicSearch\")]"}
RESULT: {"using":"xpath","value":"//input[contains(@id ,\"application-billingtransfer-display-component---billingWorkbench--smartFilterBar-btnBasicSearch\")]"}
COMMAND: POST /session/a995b82d0df1730148f5e6c1edf10a41/elements - {"using":"xpath","value":"//input[contains(@id ,\"application-billingtransfer-display-component---billingWorkbench--smartFilterBar-btnBasicSearch\")]"}
RESULT: {"using":"xpath","value":"//input[contains(@id ,\"application-billingtransfer-display-component---billingWorkbench--smartFilterBar-btnBasicSearch\")]"}
COMMAND: POST /session/a995b82d0df1730148f5e6c1edf10a41/elements - {"using":"xpath","value":"//input[contains(@id ,\"application-billingtransfer-display-component---billingWorkbench--smartFilterBar-btnBasicSearch\")]"}
RESULT: {"using":"xpath","value":"//input[contains(@id ,\"application-billingtransfer-display-component---billingWorkbench--smartFilterBar-btnBasicSearch\")]"}
COMMAND: POST /session/a995b82d0df1730148f5e6c1edf10a41/elements - {"using":"xpath","value":"//input[contains(@id ,\"application-billingtransfer-display-component---billingWorkbench--smartFilterBar-btnBasicSearch\")]"}
RESULT: {"using":"xpath","value":"//input[contains(@id ,\"application-billingtransfer-display-component---billingWorkbench--smartFilterBar-btnBasicSearch\")]"}
COMMAND: POST /session/a995b82d0df1730148f5e6c1edf10a41/elements - {"using":"xpath","value":"//input[contains(@id ,\"application-billingtransfer-display-component---billingWorkbench--smartFilterBar-btnBasicSearch\")]"}
RESULT: {"using":"xpath","value":"//input[contains(@id ,\"application-billingtransfer-display-component---billingWorkbench--smartFilterBar-btnBasicSearch\")]"}
COMMAND: POST /session/a995b82d0df1730148f5e6c1edf10a41/elements - {"using":"xpath","value":"//input[contains(@id ,\"application-billingtransfer-display-component---billingWorkbench--smartFilterBar-btnBasicSearch\")]"}
RESULT: {"using":"xpath","value":"//input[contains(@id ,\"application-billingtransfer-display-component---billingWorkbench--smartFilterBar-btnBasicSearch\")]"}
COMMAND: POST /session/a995b82d0df1730148f5e6c1edf10a41/elements - {"using":"xpath","value":"//input[contains(@id ,\"application-billingtransfer-display-component---billingWorkbench--smartFilterBar-btnBasicSearch\")]"}
RESULT: {"using":"xpath","value":"//input[contains(@id ,\"application-billingtransfer-display-component---billingWorkbench--smartFilterBar-btnBasicSearch\")]"}
COMMAND: POST /session/a995b82d0df1730148f5e6c1edf10a41/elements - {"using":"xpath","value":"//input[contains(@id ,\"application-billingtransfer-display-component---billingWorkbench--smartFilterBar-btnBasicSearch\")]"}
RESULT: {"using":"xpath","value":"//input[contains(@id ,\"application-billingtransfer-display-component---billingWorkbench--smartFilterBar-btnBasicSearch\")]"}
COMMAND: POST /session/a995b82d0df1730148f5e6c1edf10a41/elements - {"using":"xpath","value":"//input[contains(@id ,\"application-billingtransfer-display-component---billingWorkbench--smartFilterBar-btnBasicSearch\")]"}
RESULT: {"using":"xpath","value":"//input[contains(@id ,\"application-billingtransfer-display-component---billingWorkbench--smartFilterBar-btnBasicSearch\")]"}
COMMAND: POST /session/a995b82d0df1730148f5e6c1edf10a41/elements - {"using":"xpath","value":"//input[contains(@id ,\"application-billingtransfer-display-component---billingWorkbench--smartFilterBar-btnBasicSearch\")]"}
RESULT: {"using":"xpath","value":"//input[contains(@id ,\"application-billingtransfer-display-component---billingWorkbench--smartFilterBar-btnBasicSearch\")]"}
COMMAND: POST /session/a995b82d0df1730148f5e6c1edf10a41/elements - {"using":"xpath","value":"//input[contains(@id ,\"application-billingtransfer-display-component---billingWorkbench--smartFilterBar-btnBasicSearch\")]"}
RESULT: {"using":"xpath","value":"//input[contains(@id ,\"application-billingtransfer-display-component---billingWorkbench--smartFilterBar-btnBasicSearch\")]"}
COMMAND: GET /session/a995b82d0df1730148f5e6c1edf10a41/screenshot - {}
RESULT: {}
COMMAND: GET /session/a995b82d0df1730148f5e6c1edf10a41/screenshot - {}
COMMAND: GET /session/a995b82d0df1730148f5e6c1edf10a41/screenshot - {}
RESULT: {}
RESULT: {}
COMMAND: DELETE /session/a995b82d0df1730148f5e6c1edf10a41 - {}
RESULT: {}
]]></system-out>
      <system-err><![CDATA[
Error: element ("//input[contains(@id ,"application-billingtransfer-display-component---billingWorkbench--smartFilterBar-btnBasicSearch")]") still not existing after 45000ms
    at async UtilsPrerequisites.narrowDownSearchBT (D:\a\1\s\test\specs\BTS\prerequisites-and-utils-functions.js:2882:9)
    at async UtilsPrerequisites.billingTransfer (D:\a\1\s\test\specs\BTS\prerequisites-and-utils-functions.js:2807:9)
    at async Context.<anonymous> (D:\a\1\s\test\specs\BTS\reverse-billing.spec.js:95:9)
]]></system-err>
    </testcase>
  </testsuite>
</testsuites>