<?xml version="1.0" encoding="UTF-8"?>
<testsuites tests="12" failures="0" errors="0" skipped="0">
  <testsuite timestamp="2025-04-15T17:47:08" time="963.311" tests="6" failures="0" errors="0" skipped="0">
    <properties>
      <property name="specId" value="0"/>
      <property name="suiteName" value="Standard contract - add contract items by Insert Request US118222"/>
      <property name="capabilities" value="chrome.135_0_7049_42.windows"/>
      <property name="file" value="file:///D:/a/1/s/test/specs/R2C/standard-contract-add-contract-items-by-insert-request.spec.js"/>
    </properties>
    <testcase classname="chrome.135_0_7049_42.windows.Standard_contract_-_add_contract_items_by_Insert_Request_US118222" name="Should create prerequisites yard partner site material and equipment" time="286.236">
      <system-out><![CDATA[
COMMAND: POST /session/295828e4dec9e4b50cbbfbe86b51fb47/execute/async - {"script":"<script> [1562 bytes]","args":[{"selector":{"controlType":"sap.m.GenericTile","properties":{"header":"Manage Yards"}},"wdio_ui5_key":"sapm.GenericTile{\"header\":\"Manage Yards\"}"}]}
RESULT: {"script":"<script> [1562 bytes]","args":[{"selector":{"controlType":"sap.m.GenericTile","properties":{"header":"Manage Yards"}},"wdio_ui5_key":"sapm.GenericTile{\"header\":\"Manage Yards\"}"}]}
RESULT: undefined
COMMAND: POST /session/295828e4dec9e4b50cbbfbe86b51fb47/element - {"using":"xpath","value":"//*[@id=\"__tile41\"]"}
RESULT: {"using":"xpath","value":"//*[@id=\"__tile41\"]"}
COMMAND: POST /session/295828e4dec9e4b50cbbfbe86b51fb47/element/f.CDFA6E493D27092015EBC4B367807A6B.d.2B99BC4F777C3AF3E72D86CCD37BB1A2.e.116/click - {}
RESULT: {}
COMMAND: GET /session/295828e4dec9e4b50cbbfbe86b51fb47/screenshot - {}
RESULT: {}
COMMAND: POST /session/295828e4dec9e4b50cbbfbe86b51fb47/execute/async - {"script":"<script> [1562 bytes]","args":[{"selector":{"controlType":"sap.ui.core.Icon","viewName":"etm.portal.ui.manageyards.view.Master","viewId":"application-manageyards-display-component---masterYard","properties":{"src":{"regex":{"source":"add"}}}},"wdio_ui5_key":"etmportal.ui.manageyards.view.Mastersap.ui.core.Icon{\"src\":{\"regex\":{\"source\":\"add\"}}}"}]}
RESULT: {"script":"<script> [1562 bytes]","args":[{"selector":{"controlType":"sap.ui.core.Icon","viewName":"etm.portal.ui.manageyards.view.Master","viewId":"application-manageyards-display-component---masterYard","properties":{"src":{"regex":{"source":"add"}}}},"wdio_ui5_key":"etmportal.ui.manageyards.view.Mastersap.ui.core.Icon{\"src\":{\"regex\":{\"source\":\"add\"}}}"}]}
RESULT: undefined
COMMAND: POST /session/295828e4dec9e4b50cbbfbe86b51fb47/element - {"using":"xpath","value":"//*[@id=\"__button4-img\"]"}
RESULT: {"using":"xpath","value":"//*[@id=\"__button4-img\"]"}
COMMAND: POST /session/295828e4dec9e4b50cbbfbe86b51fb47/element/f.CDFA6E493D27092015EBC4B367807A6B.d.2B99BC4F777C3AF3E72D86CCD37BB1A2.e.164/click - {}
RESULT: {}
COMMAND: GET /session/295828e4dec9e4b50cbbfbe86b51fb47/screenshot - {}
RESULT: {}
COMMAND: POST /session/295828e4dec9e4b50cbbfbe86b51fb47/execute/async - {"script":"<script> [1562 bytes]","args":[{"selector":{"id":"application-manageyards-display-component---NewYard--yardId","interaction":{"idSuffix":"inner"}},"wdio_ui5_key":"applicationmanageyards-display-component---NewYard--yardId"}]}
RESULT: {"script":"<script> [1562 bytes]","args":[{"selector":{"id":"application-manageyards-display-component---NewYard--yardId","interaction":{"idSuffix":"inner"}},"wdio_ui5_key":"applicationmanageyards-display-component---NewYard--yardId"}]}
RESULT: undefined
COMMAND: POST /session/295828e4dec9e4b50cbbfbe86b51fb47/element - {"using":"xpath","value":"//*[@id=\"application-manageyards-display-component---NewYard--addressDetailDetailsName1-inner\"]"}
RESULT: {"using":"xpath","value":"//*[@id=\"application-manageyards-display-component---NewYard--addressDetailDetailsName1-inner\"]"}
COMMAND: POST /session/295828e4dec9e4b50cbbfbe86b51fb47/element/f.CDFA6E493D27092015EBC4B367807A6B.d.2B99BC4F777C3AF3E72D86CCD37BB1A2.e.378/clear - {}
RESULT: {}
COMMAND: POST /session/295828e4dec9e4b50cbbfbe86b51fb47/element/f.CDFA6E493D27092015EBC4B367807A6B.d.2B99BC4F777C3AF3E72D86CCD37BB1A2.e.378/value - {"text":"WebdriverYardg9fe"}
COMMAND: GET /session/295828e4dec9e4b50cbbfbe86b51fb47/screenshot - {}
RESULT: {"text":"WebdriverYardg9fe"}
COMMAND: POST /session/295828e4dec9e4b50cbbfbe86b51fb47/element - {"using":"xpath","value":"//*[@id=\"application-manageyards-display-component---NewYard--addressDetailDetailsLanguage-inner\"]"}
COMMAND: GET /session/295828e4dec9e4b50cbbfbe86b51fb47/screenshot - {}
RESULT: {}
RESULT: {"using":"xpath","value":"//*[@id=\"application-manageyards-display-component---NewYard--addressDetailDetailsLanguage-inner\"]"}
COMMAND: POST /session/295828e4dec9e4b50cbbfbe86b51fb47/element/f.CDFA6E493D27092015EBC4B367807A6B.d.2B99BC4F777C3AF3E72D86CCD37BB1A2.e.379/clear - {}
RESULT: {}
RESULT: {}
COMMAND: POST /session/295828e4dec9e4b50cbbfbe86b51fb47/element/f.CDFA6E493D27092015EBC4B367807A6B.d.2B99BC4F777C3AF3E72D86CCD37BB1A2.e.379/value - {"text":"Romanian"}
COMMAND: GET /session/295828e4dec9e4b50cbbfbe86b51fb47/screenshot - {}
RESULT: {"text":"Romanian"}
COMMAND: POST /session/295828e4dec9e4b50cbbfbe86b51fb47/element - {"using":"xpath","value":"//input[contains(@id ,\"application-manageyards-display-component---NewYard--addressDetailDetailsName1-inner\")]"}
COMMAND: GET /session/295828e4dec9e4b50cbbfbe86b51fb47/screenshot - {}
RESULT: {}
RESULT: {"using":"xpath","value":"//input[contains(@id ,\"application-manageyards-display-component---NewYard--addressDetailDetailsName1-inner\")]"}
COMMAND: GET /session/295828e4dec9e4b50cbbfbe86b51fb47/element/f.CDFA6E493D27092015EBC4B367807A6B.d.2B99BC4F777C3AF3E72D86CCD37BB1A2.e.378/property/value - {}
RESULT: {}
RESULT: {}
COMMAND: GET /session/295828e4dec9e4b50cbbfbe86b51fb47/screenshot - {}
RESULT: {}
COMMAND: POST /session/295828e4dec9e4b50cbbfbe86b51fb47/element - {"using":"xpath","value":"//*[@id=\"application-manageyards-display-component---NewYard--addressDetailDetailsCity1-inner\"]"}
RESULT: {"using":"xpath","value":"//*[@id=\"application-manageyards-display-component---NewYard--addressDetailDetailsCity1-inner\"]"}
COMMAND: POST /session/295828e4dec9e4b50cbbfbe86b51fb47/element/f.CDFA6E493D27092015EBC4B367807A6B.d.2B99BC4F777C3AF3E72D86CCD37BB1A2.e.381/clear - {}
RESULT: {}
COMMAND: POST /session/295828e4dec9e4b50cbbfbe86b51fb47/element/f.CDFA6E493D27092015EBC4B367807A6B.d.2B99BC4F777C3AF3E72D86CCD37BB1A2.e.381/value - {"text":"Bucuresti"}
COMMAND: GET /session/295828e4dec9e4b50cbbfbe86b51fb47/screenshot - {}
RESULT: {}
RESULT: {"text":"Bucuresti"}
COMMAND: GET /session/295828e4dec9e4b50cbbfbe86b51fb47/screenshot - {}
RESULT: {}
COMMAND: POST /session/295828e4dec9e4b50cbbfbe86b51fb47/element - {"using":"xpath","value":"//*[@id=\"application-manageyards-display-component---NewYard--addressDetailDetailsCountry-inner\"]"}
RESULT: {"using":"xpath","value":"//*[@id=\"application-manageyards-display-component---NewYard--addressDetailDetailsCountry-inner\"]"}
COMMAND: POST /session/295828e4dec9e4b50cbbfbe86b51fb47/element/f.CDFA6E493D27092015EBC4B367807A6B.d.2B99BC4F777C3AF3E72D86CCD37BB1A2.e.385/clear - {}
RESULT: {}
COMMAND: POST /session/295828e4dec9e4b50cbbfbe86b51fb47/element/f.CDFA6E493D27092015EBC4B367807A6B.d.2B99BC4F777C3AF3E72D86CCD37BB1A2.e.385/value - {"text":"Romania"}
COMMAND: GET /session/295828e4dec9e4b50cbbfbe86b51fb47/screenshot - {}
RESULT: {"text":"Romania"}
COMMAND: GET /session/295828e4dec9e4b50cbbfbe86b51fb47/screenshot - {}
RESULT: {}
RESULT: {}
COMMAND: POST /session/295828e4dec9e4b50cbbfbe86b51fb47/element - {"using":"xpath","value":"//div[contains(text(), \"Commercial\")]"}
RESULT: {"using":"xpath","value":"//div[contains(text(), \"Commercial\")]"}
COMMAND: GET /session/295828e4dec9e4b50cbbfbe86b51fb47/element/f.CDFA6E493D27092015EBC4B367807A6B.d.2B99BC4F777C3AF3E72D86CCD37BB1A2.e.575/rect - {}
RESULT: {}
COMMAND: GET /session/295828e4dec9e4b50cbbfbe86b51fb47/window/rect - {}
RESULT: {}
COMMAND: POST /session/295828e4dec9e4b50cbbfbe86b51fb47/execute/sync - {"script":"<script> [92 bytes]","args":[]}
RESULT: {"script":"<script> [92 bytes]","args":[]}
COMMAND: POST /session/295828e4dec9e4b50cbbfbe86b51fb47/actions - {"actions":[{"id":"action1","type":"wheel","parameters":{},"actions":[{"type":"scroll","x":-1841,"y":-44,"deltaX":0,"deltaY":0,"duration":0,"origin":{"element-6066-11e4-a52e-4f735466cecf":"f.CDFA6E493D27092015EBC4B367807A6B.d.2B99BC4F777C3AF3E72D86CCD37BB1A2.e.575"}}]}]}
COMMAND: GET /session/295828e4dec9e4b50cbbfbe86b51fb47/screenshot - {}
RESULT: {}
COMMAND: POST /session/295828e4dec9e4b50cbbfbe86b51fb47/execute/sync - {"script":"<script> [79 bytes]","args":[{"element-6066-11e4-a52e-4f735466cecf":"f.CDFA6E493D27092015EBC4B367807A6B.d.2B99BC4F777C3AF3E72D86CCD37BB1A2.e.575","ELEMENT":"f.CDFA6E493D27092015EBC4B367807A6B.d.2B99BC4F777C3AF3E72D86CCD37BB1A2.e.575"},{"block":"start","inline":"nearest"}]}
RESULT: {"script":"<script> [79 bytes]","args":[{"element-6066-11e4-a52e-4f735466cecf":"f.CDFA6E493D27092015EBC4B367807A6B.d.2B99BC4F777C3AF3E72D86CCD37BB1A2.e.575","ELEMENT":"f.CDFA6E493D27092015EBC4B367807A6B.d.2B99BC4F777C3AF3E72D86CCD37BB1A2.e.575"},{"block":"start","inline":"nearest"}]}
COMMAND: GET /session/295828e4dec9e4b50cbbfbe86b51fb47/screenshot - {}
RESULT: {}
COMMAND: POST /session/295828e4dec9e4b50cbbfbe86b51fb47/execute/async - {"script":"<script> [1562 bytes]","args":[{"selector":{"id":"application-manageyards-display-component---NewYard--addressEditDetailsCostObjectCstType-arrow"},"wdio_ui5_key":"applicationmanageyards-display-component---NewYard--addressEditDetailsCostObjectCstType-arrow"}]}
RESULT: {"script":"<script> [1562 bytes]","args":[{"selector":{"id":"application-manageyards-display-component---NewYard--addressEditDetailsCostObjectCstType-arrow"},"wdio_ui5_key":"applicationmanageyards-display-component---NewYard--addressEditDetailsCostObjectCstType-arrow"}]}
RESULT: undefined
COMMAND: POST /session/295828e4dec9e4b50cbbfbe86b51fb47/element - {"using":"xpath","value":"//*[@id=\"application-manageyards-display-component---NewYard--addressEditDetailsCostObjectCstType-arrow\"]"}
RESULT: {"using":"xpath","value":"//*[@id=\"application-manageyards-display-component---NewYard--addressEditDetailsCostObjectCstType-arrow\"]"}
COMMAND: POST /session/295828e4dec9e4b50cbbfbe86b51fb47/element/f.CDFA6E493D27092015EBC4B367807A6B.d.2B99BC4F777C3AF3E72D86CCD37BB1A2.e.584/click - {}
RESULT: {}
COMMAND: POST /session/295828e4dec9e4b50cbbfbe86b51fb47/element - {"using":"xpath","value":"//span[contains(text(), \"Cost Center\")]"}
COMMAND: GET /session/295828e4dec9e4b50cbbfbe86b51fb47/screenshot - {}
RESULT: {"using":"xpath","value":"//span[contains(text(), \"Cost Center\")]"}
COMMAND: POST /session/295828e4dec9e4b50cbbfbe86b51fb47/element/f.CDFA6E493D27092015EBC4B367807A6B.d.2B99BC4F777C3AF3E72D86CCD37BB1A2.e.585/click - {}
RESULT: {}
RESULT: {}
COMMAND: GET /session/295828e4dec9e4b50cbbfbe86b51fb47/screenshot - {}
RESULT: {}
COMMAND: POST /session/295828e4dec9e4b50cbbfbe86b51fb47/execute/async - {"script":"<script> [1562 bytes]","args":[{"selector":{"id":"application-manageyards-display-component---NewYard--addressNewCostObjectCstID-vhi"},"wdio_ui5_key":"applicationmanageyards-display-component---NewYard--addressNewCostObjectCstID-vhi"}]}
RESULT: {"script":"<script> [1562 bytes]","args":[{"selector":{"id":"application-manageyards-display-component---NewYard--addressNewCostObjectCstID-vhi"},"wdio_ui5_key":"applicationmanageyards-display-component---NewYard--addressNewCostObjectCstID-vhi"}]}
RESULT: undefined
COMMAND: POST /session/295828e4dec9e4b50cbbfbe86b51fb47/element - {"using":"xpath","value":"//*[@id=\"application-manageyards-display-component---NewYard--addressNewCostObjectCstID-vhi\"]"}
RESULT: {"using":"xpath","value":"//*[@id=\"application-manageyards-display-component---NewYard--addressNewCostObjectCstID-vhi\"]"}
COMMAND: POST /session/295828e4dec9e4b50cbbfbe86b51fb47/element/f.CDFA6E493D27092015EBC4B367807A6B.d.2B99BC4F777C3AF3E72D86CCD37BB1A2.e.588/click - {}
RESULT: {}
COMMAND: GET /session/295828e4dec9e4b50cbbfbe86b51fb47/screenshot - {}
RESULT: {}
COMMAND: POST /session/295828e4dec9e4b50cbbfbe86b51fb47/execute/async - {"script":"<script> [1562 bytes]","args":[{"selector":{"controlType":"sap.m.SearchField","properties":{"placeholder":"Search"},"searchOpenDialogs":true,"interaction":{"idSuffix":"I"}},"wdio_ui5_key":"sapm.SearchField{\"placeholder\":\"Search\"}"}]}
RESULT: {"script":"<script> [1562 bytes]","args":[{"selector":{"controlType":"sap.m.SearchField","properties":{"placeholder":"Search"},"searchOpenDialogs":true,"interaction":{"idSuffix":"I"}},"wdio_ui5_key":"sapm.SearchField{\"placeholder\":\"Search\"}"}]}
RESULT: undefined
COMMAND: POST /session/295828e4dec9e4b50cbbfbe86b51fb47/execute/async - {"script":"<script> [776 bytes]","args":[{"enterText":"10001013","selector":{"controlType":"sap.m.SearchField","properties":{"placeholder":"Search"},"searchOpenDialogs":true,"interaction":{"idSuffix":"I"}},"clearTextFirst":true,"interactionType":"ENTER_TEXT"}]}
RESULT: {"script":"<script> [776 bytes]","args":[{"enterText":"10001013","selector":{"controlType":"sap.m.SearchField","properties":{"placeholder":"Search"},"searchOpenDialogs":true,"interaction":{"idSuffix":"I"}},"clearTextFirst":true,"interactionType":"ENTER_TEXT"}]}
COMMAND: POST /session/295828e4dec9e4b50cbbfbe86b51fb47/actions - {"actions":[{"id":"action2","type":"key","parameters":{},"actions":[{"type":"keyDown","value":""},{"type":"pause","duration":10},{"type":"keyUp","value":""}]}]}
RESULT: {"actions":[{"id":"action2","type":"key","parameters":{},"actions":[{"type":"keyDown","value":""},{"type":"pause","duration":10},{"type":"keyUp","value":""}]}]}
COMMAND: GET /session/295828e4dec9e4b50cbbfbe86b51fb47/screenshot - {}
RESULT: {}
COMMAND: POST /session/295828e4dec9e4b50cbbfbe86b51fb47/element - {"using":"xpath","value":"//span[contains(text(), \"General Management\")]"}
RESULT: {"using":"xpath","value":"//span[contains(text(), \"General Management\")]"}
COMMAND: POST /session/295828e4dec9e4b50cbbfbe86b51fb47/element/f.CDFA6E493D27092015EBC4B367807A6B.d.2B99BC4F777C3AF3E72D86CCD37BB1A2.e.629/click - {}
RESULT: {}
COMMAND: GET /session/295828e4dec9e4b50cbbfbe86b51fb47/screenshot - {}
RESULT: {}
COMMAND: POST /session/295828e4dec9e4b50cbbfbe86b51fb47/element - {"using":"xpath","value":"//bdi[contains(text(), \"OK\")]"}
RESULT: {"using":"xpath","value":"//bdi[contains(text(), \"OK\")]"}
COMMAND: POST /session/295828e4dec9e4b50cbbfbe86b51fb47/element/f.CDFA6E493D27092015EBC4B367807A6B.d.2B99BC4F777C3AF3E72D86CCD37BB1A2.e.630/click - {}
RESULT: {}
COMMAND: GET /session/295828e4dec9e4b50cbbfbe86b51fb47/screenshot - {}
RESULT: {}
COMMAND: POST /session/295828e4dec9e4b50cbbfbe86b51fb47/execute/async - {"script":"<script> [1562 bytes]","args":[{"selector":{"controlType":"sap.m.Button","viewName":"etm.portal.ui.manageyards.view.New","viewId":"application-manageyards-display-component---NewYard","i18NText":{"propertyName":"text","key":"save"},"interaction":{"idSuffix":"inner"}},"wdio_ui5_key":"etmportal.ui.manageyards.view.Newsap.m.Button{\"propertyName\":\"text\",\"key\":\"save\"}"}]}
RESULT: {"script":"<script> [1562 bytes]","args":[{"selector":{"controlType":"sap.m.Button","viewName":"etm.portal.ui.manageyards.view.New","viewId":"application-manageyards-display-component---NewYard","i18NText":{"propertyName":"text","key":"save"},"interaction":{"idSuffix":"inner"}},"wdio_ui5_key":"etmportal.ui.manageyards.view.Newsap.m.Button{\"propertyName\":\"text\",\"key\":\"save\"}"}]}
RESULT: undefined
COMMAND: POST /session/295828e4dec9e4b50cbbfbe86b51fb47/element - {"using":"xpath","value":"//*[@id=\"__button18\"]"}
RESULT: {"using":"xpath","value":"//*[@id=\"__button18\"]"}
COMMAND: POST /session/295828e4dec9e4b50cbbfbe86b51fb47/element/f.CDFA6E493D27092015EBC4B367807A6B.d.2B99BC4F777C3AF3E72D86CCD37BB1A2.e.551/click - {}
RESULT: {}
COMMAND: GET /session/295828e4dec9e4b50cbbfbe86b51fb47/screenshot - {}
RESULT: {}
COMMAND: POST /session/295828e4dec9e4b50cbbfbe86b51fb47/element - {"using":"xpath","value":"//header/div/div[2]/div[2]/span"}
RESULT: {"using":"xpath","value":"//header/div/div[2]/div[2]/span"}
COMMAND: GET /session/295828e4dec9e4b50cbbfbe86b51fb47/element/f.CDFA6E493D27092015EBC4B367807A6B.d.2B99BC4F777C3AF3E72D86CCD37BB1A2.e.828/text - {}
RESULT: {}
COMMAND: POST /session/295828e4dec9e4b50cbbfbe86b51fb47/execute/async - {"script":"<script> [1562 bytes]","args":[{"selector":{"controlType":"sap.m.OverflowToolbarButton","viewName":"etm.portal.ui.manageyards.view.Detail","viewId":"application-manageyards-display-component---detailYard","i18NText":{"propertyName":"tooltip","key":"closeColumn"},"interaction":{"idSuffix":"inner"}},"wdio_ui5_key":"etmportal.ui.manageyards.view.Detailsap.m.OverflowToolbarButton{\"propertyName\":\"tooltip\",\"key\":\"closeColumn\"}"}]}
RESULT: {"script":"<script> [1562 bytes]","args":[{"selector":{"controlType":"sap.m.OverflowToolbarButton","viewName":"etm.portal.ui.manageyards.view.Detail","viewId":"application-manageyards-display-component---detailYard","i18NText":{"propertyName":"tooltip","key":"closeColumn"},"interaction":{"idSuffix":"inner"}},"wdio_ui5_key":"etmportal.ui.manageyards.view.Detailsap.m.OverflowToolbarButton{\"propertyName\":\"tooltip\",\"key\":\"closeColumn\"}"}]}
RESULT: undefined
COMMAND: POST /session/295828e4dec9e4b50cbbfbe86b51fb47/element - {"using":"xpath","value":"//*[@id=\"__button42\"]"}
RESULT: {"using":"xpath","value":"//*[@id=\"__button42\"]"}
COMMAND: POST /session/295828e4dec9e4b50cbbfbe86b51fb47/element/f.CDFA6E493D27092015EBC4B367807A6B.d.2B99BC4F777C3AF3E72D86CCD37BB1A2.e.830/click - {}
RESULT: {}
COMMAND: GET /session/295828e4dec9e4b50cbbfbe86b51fb47/screenshot - {}
RESULT: {}
COMMAND: POST /session/295828e4dec9e4b50cbbfbe86b51fb47/element - {"using":"css selector","value":"#shell-header-logo"}
RESULT: {"using":"css selector","value":"#shell-header-logo"}
COMMAND: POST /session/295828e4dec9e4b50cbbfbe86b51fb47/element/f.CDFA6E493D27092015EBC4B367807A6B.d.2B99BC4F777C3AF3E72D86CCD37BB1A2.e.119/click - {}
RESULT: {}
COMMAND: GET /session/295828e4dec9e4b50cbbfbe86b51fb47/screenshot - {}
RESULT: {}
COMMAND: POST /session/295828e4dec9e4b50cbbfbe86b51fb47/refresh - {}
RESULT: {}
COMMAND: GET /session/295828e4dec9e4b50cbbfbe86b51fb47/screenshot - {}
RESULT: {}
COMMAND: POST /session/295828e4dec9e4b50cbbfbe86b51fb47/refresh - {}
RESULT: {}
COMMAND: GET /session/295828e4dec9e4b50cbbfbe86b51fb47/screenshot - {}
RESULT: {}
COMMAND: POST /session/295828e4dec9e4b50cbbfbe86b51fb47/execute/async - {"script":"<script> [189 bytes]","args":[]}
RESULT: {"script":"<script> [189 bytes]","args":[]}
COMMAND: POST /session/295828e4dec9e4b50cbbfbe86b51fb47/execute/async - {"script":"<script> [123 bytes]","args":[]}
RESULT: {"script":"<script> [123 bytes]","args":[]}
COMMAND: POST /session/295828e4dec9e4b50cbbfbe86b51fb47/timeouts - {"script":"<number>"}
RESULT: {"script":"<number>"}
COMMAND: GET /session/295828e4dec9e4b50cbbfbe86b51fb47/timeouts - {}
RESULT: {}
RESULT: undefined
COMMAND: POST /session/295828e4dec9e4b50cbbfbe86b51fb47/execute/async - {"script":"<script> [2676 bytes]","args":[]}
RESULT: {"script":"<script> [2676 bytes]","args":[]}
COMMAND: POST /session/295828e4dec9e4b50cbbfbe86b51fb47/execute/async - {"script":"<script> [2342 bytes]","args":[{"protocol":"http","hostname":"0.0.0.0","path":"/","capabilities":{"browserName":"chrome","goog:chromeOptions":{"binary":"C:\\Program Files\\Google\\Chrome\\Application\\chrome.exe","args":["--start-maximized"]}},"logLevel":"warn","connectionRetryTimeout":120000,"connectionRetryCount":3,"logLevels":{},"enableDirectConnect":true,"strictSSL":true,"_":"65 more keys: [\"cacheDir\",\"port\",\"requestedCapabilities\",\"automationProtocol\",\"baseUrl\",\"waitforInterval\",\"waitforTimeout\",\"onReload\",\"beforeCommand\",\"afterCommand\",\"rootDir\",\"specs\",\"suites\",\"exclude\",\"groupLogsByTestSpec\",\"excludeDriverLogs\",\"bail\",\"framework\",\"reporters\",\"services\",\"maxInstances\",\"maxInstancesPerCapability\",\"injectGlobals\",\"filesToWatch\",\"execArgv\",\"runnerEnv\",\"runner\",\"shard\",\"specFileRetries\",\"specFileRetriesDelay\",\"specFileRetriesDeferred\",\"reporterSyncInterval\",\"reporterSyncTimeout\",\"cucumberFeaturesWithLineNumbers\",\"autoCompileOpts\",\"mochaOpts\",\"jasmineOpts\",\"cucumberOpts\",\"onPrepare\",\"onWorkerStart\",\"onWorkerEnd\",\"before\",\"beforeSession\",\"beforeSuite\",\"beforeHook\",\"beforeTest\",\"afterTest\",\"afterHook\",\"afterSuite\",\"afterSession\",\"after\",\"onComplete\",\"beforeAssertion\",\"afterAssertion\",\"beforeFeature\",\"beforeScenario\",\"beforeStep\",\"afterStep\",\"afterScenario\",\"afterFeature\",\"_\",\"suite\",\"$0\",\"ignoredWorkerServices\",\"wdi5\"]"}]}
RESULT: {"script":"<script> [2342 bytes]","args":[{"protocol":"http","hostname":"0.0.0.0","path":"/","capabilities":{"browserName":"chrome","goog:chromeOptions":{"binary":"C:\\Program Files\\Google\\Chrome\\Application\\chrome.exe","args":["--start-maximized"]}},"logLevel":"warn","connectionRetryTimeout":120000,"connectionRetryCount":3,"logLevels":{},"enableDirectConnect":true,"strictSSL":true,"_":"65 more keys: [\"cacheDir\",\"port\",\"requestedCapabilities\",\"automationProtocol\",\"baseUrl\",\"waitforInterval\",\"waitforTimeout\",\"onReload\",\"beforeCommand\",\"afterCommand\",\"rootDir\",\"specs\",\"suites\",\"exclude\",\"groupLogsByTestSpec\",\"excludeDriverLogs\",\"bail\",\"framework\",\"reporters\",\"services\",\"maxInstances\",\"maxInstancesPerCapability\",\"injectGlobals\",\"filesToWatch\",\"execArgv\",\"runnerEnv\",\"runner\",\"shard\",\"specFileRetries\",\"specFileRetriesDelay\",\"specFileRetriesDeferred\",\"reporterSyncInterval\",\"reporterSyncTimeout\",\"cucumberFeaturesWithLineNumbers\",\"autoCompileOpts\",\"mochaOpts\",\"jasmineOpts\",\"cucumberOpts\",\"onPrepare\",\"onWorkerStart\",\"onWorkerEnd\",\"before\",\"beforeSession\",\"beforeSuite\",\"beforeHook\",\"beforeTest\",\"afterTest\",\"afterHook\",\"afterSuite\",\"afterSession\",\"after\",\"onComplete\",\"beforeAssertion\",\"afterAssertion\",\"beforeFeature\",\"beforeScenario\",\"beforeStep\",\"afterStep\",\"afterScenario\",\"afterFeature\",\"_\",\"suite\",\"$0\",\"ignoredWorkerServices\",\"wdi5\"]"}]}
COMMAND: POST /session/295828e4dec9e4b50cbbfbe86b51fb47/execute/async - {"script":"<script> [21126 bytes]","args":[35000]}
RESULT: {"script":"<script> [21126 bytes]","args":[35000]}
COMMAND: POST /session/295828e4dec9e4b50cbbfbe86b51fb47/execute/async - {"script":"<script> [1562 bytes]","args":[{"selector":{"controlType":"sap.m.GenericTile","properties":{"header":"Manage Partners"}},"wdio_ui5_key":"sapm.GenericTile{\"header\":\"Manage Partners\"}"}]}
RESULT: {"script":"<script> [1562 bytes]","args":[{"selector":{"controlType":"sap.m.GenericTile","properties":{"header":"Manage Partners"}},"wdio_ui5_key":"sapm.GenericTile{\"header\":\"Manage Partners\"}"}]}
RESULT: undefined
COMMAND: POST /session/295828e4dec9e4b50cbbfbe86b51fb47/element - {"using":"xpath","value":"//*[@id=\"__tile38\"]"}
RESULT: {"using":"xpath","value":"//*[@id=\"__tile38\"]"}
COMMAND: POST /session/295828e4dec9e4b50cbbfbe86b51fb47/element/f.CDFA6E493D27092015EBC4B367807A6B.d.F18736C8CE66F51E3E6B42E8350699B5.e.1202/click - {}
RESULT: {}
COMMAND: GET /session/295828e4dec9e4b50cbbfbe86b51fb47/screenshot - {}
RESULT: {}
COMMAND: POST /session/295828e4dec9e4b50cbbfbe86b51fb47/execute/async - {"script":"<script> [1562 bytes]","args":[{"selector":{"controlType":"sap.ui.core.Icon","viewName":"etm.portal.ui.managepartners.view.Master","viewId":"application-managepartners-display-component---masterPtm","properties":{"src":{"regex":{"source":"add"}}}},"wdio_ui5_key":"etmportal.ui.managepartners.view.Mastersap.ui.core.Icon{\"src\":{\"regex\":{\"source\":\"add\"}}}"}]}
RESULT: {"script":"<script> [1562 bytes]","args":[{"selector":{"controlType":"sap.ui.core.Icon","viewName":"etm.portal.ui.managepartners.view.Master","viewId":"application-managepartners-display-component---masterPtm","properties":{"src":{"regex":{"source":"add"}}}},"wdio_ui5_key":"etmportal.ui.managepartners.view.Mastersap.ui.core.Icon{\"src\":{\"regex\":{\"source\":\"add\"}}}"}]}
RESULT: undefined
COMMAND: POST /session/295828e4dec9e4b50cbbfbe86b51fb47/element - {"using":"xpath","value":"//*[@id=\"__button4-img\"]"}
RESULT: {"using":"xpath","value":"//*[@id=\"__button4-img\"]"}
COMMAND: POST /session/295828e4dec9e4b50cbbfbe86b51fb47/element/f.CDFA6E493D27092015EBC4B367807A6B.d.F18736C8CE66F51E3E6B42E8350699B5.e.1252/click - {}
RESULT: {}
COMMAND: GET /session/295828e4dec9e4b50cbbfbe86b51fb47/screenshot - {}
RESULT: {}
COMMAND: POST /session/295828e4dec9e4b50cbbfbe86b51fb47/execute/async - {"script":"<script> [1562 bytes]","args":[{"selector":{"id":"application-managepartners-display-component---NewPartner--partnerId","interaction":{"idSuffix":"inner"}},"wdio_ui5_key":"applicationmanagepartners-display-component---NewPartner--partnerId"}]}
RESULT: {"script":"<script> [1562 bytes]","args":[{"selector":{"id":"application-managepartners-display-component---NewPartner--partnerId","interaction":{"idSuffix":"inner"}},"wdio_ui5_key":"applicationmanagepartners-display-component---NewPartner--partnerId"}]}
RESULT: undefined
COMMAND: POST /session/295828e4dec9e4b50cbbfbe86b51fb47/execute/async - {"script":"<script> [1562 bytes]","args":[{"selector":{"id":"application-managepartners-display-component---NewPartner--addressDetailDetailsName1","interaction":{"idSuffix":"inner"}},"wdio_ui5_key":"applicationmanagepartners-display-component---NewPartner--addressDetailDetailsName1"}]}
RESULT: {"script":"<script> [1562 bytes]","args":[{"selector":{"id":"application-managepartners-display-component---NewPartner--addressDetailDetailsName1","interaction":{"idSuffix":"inner"}},"wdio_ui5_key":"applicationmanagepartners-display-component---NewPartner--addressDetailDetailsName1"}]}
RESULT: undefined
COMMAND: POST /session/295828e4dec9e4b50cbbfbe86b51fb47/execute/async - {"script":"<script> [776 bytes]","args":[{"enterText":"WebdriverPartnerxl2er","selector":{"id":"application-managepartners-display-component---NewPartner--addressDetailDetailsName1","interaction":{"idSuffix":"inner"}},"clearTextFirst":true,"interactionType":"ENTER_TEXT"}]}
RESULT: {"script":"<script> [776 bytes]","args":[{"enterText":"WebdriverPartnerxl2er","selector":{"id":"application-managepartners-display-component---NewPartner--addressDetailDetailsName1","interaction":{"idSuffix":"inner"}},"clearTextFirst":true,"interactionType":"ENTER_TEXT"}]}
COMMAND: POST /session/295828e4dec9e4b50cbbfbe86b51fb47/execute/async - {"script":"<script> [1562 bytes]","args":[{"selector":{"id":"application-managepartners-display-component---NewPartner--addressDetailDetailsLanguage","interaction":{"idSuffix":"inner"}},"wdio_ui5_key":"applicationmanagepartners-display-component---NewPartner--addressDetailDetailsLanguage"}]}
RESULT: {"script":"<script> [1562 bytes]","args":[{"selector":{"id":"application-managepartners-display-component---NewPartner--addressDetailDetailsLanguage","interaction":{"idSuffix":"inner"}},"wdio_ui5_key":"applicationmanagepartners-display-component---NewPartner--addressDetailDetailsLanguage"}]}
RESULT: undefined
COMMAND: POST /session/295828e4dec9e4b50cbbfbe86b51fb47/execute/async - {"script":"<script> [776 bytes]","args":[{"enterText":"Romanian","selector":{"id":"application-managepartners-display-component---NewPartner--addressDetailDetailsLanguage","interaction":{"idSuffix":"inner"}},"clearTextFirst":true,"interactionType":"ENTER_TEXT"}]}
RESULT: {"script":"<script> [776 bytes]","args":[{"enterText":"Romanian","selector":{"id":"application-managepartners-display-component---NewPartner--addressDetailDetailsLanguage","interaction":{"idSuffix":"inner"}},"clearTextFirst":true,"interactionType":"ENTER_TEXT"}]}
COMMAND: POST /session/295828e4dec9e4b50cbbfbe86b51fb47/element - {"using":"xpath","value":"//input[contains(@id ,\"application-managepartners-display-component---NewPartner--addressDetailDetailsName1-inner\")]"}
RESULT: {"using":"xpath","value":"//input[contains(@id ,\"application-managepartners-display-component---NewPartner--addressDetailDetailsName1-inner\")]"}
COMMAND: GET /session/295828e4dec9e4b50cbbfbe86b51fb47/element/f.CDFA6E493D27092015EBC4B367807A6B.d.F18736C8CE66F51E3E6B42E8350699B5.e.1425/property/value - {}
RESULT: {}
COMMAND: POST /session/295828e4dec9e4b50cbbfbe86b51fb47/execute/async - {"script":"<script> [1562 bytes]","args":[{"selector":{"id":"application-managepartners-display-component---NewPartner--addressDetailDetailsCity1","interaction":{"idSuffix":"inner"}},"wdio_ui5_key":"applicationmanagepartners-display-component---NewPartner--addressDetailDetailsCity1"}]}
COMMAND: GET /session/295828e4dec9e4b50cbbfbe86b51fb47/screenshot - {}
RESULT: {"script":"<script> [1562 bytes]","args":[{"selector":{"id":"application-managepartners-display-component---NewPartner--addressDetailDetailsCity1","interaction":{"idSuffix":"inner"}},"wdio_ui5_key":"applicationmanagepartners-display-component---NewPartner--addressDetailDetailsCity1"}]}
RESULT: undefined
COMMAND: POST /session/295828e4dec9e4b50cbbfbe86b51fb47/execute/async - {"script":"<script> [776 bytes]","args":[{"enterText":"Bucharest","selector":{"id":"application-managepartners-display-component---NewPartner--addressDetailDetailsCity1","interaction":{"idSuffix":"inner"}},"clearTextFirst":true,"interactionType":"ENTER_TEXT"}]}
RESULT: {}
RESULT: {"script":"<script> [776 bytes]","args":[{"enterText":"Bucharest","selector":{"id":"application-managepartners-display-component---NewPartner--addressDetailDetailsCity1","interaction":{"idSuffix":"inner"}},"clearTextFirst":true,"interactionType":"ENTER_TEXT"}]}
COMMAND: POST /session/295828e4dec9e4b50cbbfbe86b51fb47/execute/async - {"script":"<script> [1562 bytes]","args":[{"selector":{"id":"application-managepartners-display-component---NewPartner--addressDetailDetailsCountry","interaction":{"idSuffix":"inner"}},"wdio_ui5_key":"applicationmanagepartners-display-component---NewPartner--addressDetailDetailsCountry"}]}
RESULT: {"script":"<script> [1562 bytes]","args":[{"selector":{"id":"application-managepartners-display-component---NewPartner--addressDetailDetailsCountry","interaction":{"idSuffix":"inner"}},"wdio_ui5_key":"applicationmanagepartners-display-component---NewPartner--addressDetailDetailsCountry"}]}
RESULT: undefined
COMMAND: POST /session/295828e4dec9e4b50cbbfbe86b51fb47/execute/async - {"script":"<script> [6424 bytes]","args":[{"element-6066-11e4-a52e-4f735466cecf":"f.CDFA6E493D27092015EBC4B367807A6B.d.F18736C8CE66F51E3E6B42E8350699B5.e.1432"},"setValue",["Romania"]]}
RESULT: {"script":"<script> [6424 bytes]","args":[{"element-6066-11e4-a52e-4f735466cecf":"f.CDFA6E493D27092015EBC4B367807A6B.d.F18736C8CE66F51E3E6B42E8350699B5.e.1432"},"setValue",["Romania"]]}
COMMAND: POST /session/295828e4dec9e4b50cbbfbe86b51fb47/execute/async - {"script":"<script> [1562 bytes]","args":[{"selector":{"id":"application-managepartners-display-component---NewPartner--partnerDetailInternal","interaction":{"idSuffix":"inner"}},"wdio_ui5_key":"applicationmanagepartners-display-component---NewPartner--partnerDetailInternal"}]}
RESULT: {"script":"<script> [1562 bytes]","args":[{"selector":{"id":"application-managepartners-display-component---NewPartner--partnerDetailInternal","interaction":{"idSuffix":"inner"}},"wdio_ui5_key":"applicationmanagepartners-display-component---NewPartner--partnerDetailInternal"}]}
RESULT: undefined
COMMAND: POST /session/295828e4dec9e4b50cbbfbe86b51fb47/execute/async - {"script":"<script> [776 bytes]","args":[{"enterText":"External partner","selector":{"id":"application-managepartners-display-component---NewPartner--partnerDetailInternal","interaction":{"idSuffix":"inner"}},"clearTextFirst":true,"interactionType":"ENTER_TEXT"}]}
RESULT: {"script":"<script> [776 bytes]","args":[{"enterText":"External partner","selector":{"id":"application-managepartners-display-component---NewPartner--partnerDetailInternal","interaction":{"idSuffix":"inner"}},"clearTextFirst":true,"interactionType":"ENTER_TEXT"}]}
COMMAND: POST /session/295828e4dec9e4b50cbbfbe86b51fb47/execute/async - {"script":"<script> [1562 bytes]","args":[{"selector":{"id":"application-managepartners-display-component---NewPartner--partnerDetailsCurrency","interaction":{"idSuffix":"inner"}},"wdio_ui5_key":"applicationmanagepartners-display-component---NewPartner--partnerDetailsCurrency"}]}
RESULT: {"script":"<script> [1562 bytes]","args":[{"selector":{"id":"application-managepartners-display-component---NewPartner--partnerDetailsCurrency","interaction":{"idSuffix":"inner"}},"wdio_ui5_key":"applicationmanagepartners-display-component---NewPartner--partnerDetailsCurrency"}]}
RESULT: undefined
COMMAND: POST /session/295828e4dec9e4b50cbbfbe86b51fb47/execute/async - {"script":"<script> [776 bytes]","args":[{"enterText":"Euro","selector":{"id":"application-managepartners-display-component---NewPartner--partnerDetailsCurrency","interaction":{"idSuffix":"inner"}},"clearTextFirst":true,"interactionType":"ENTER_TEXT"}]}
RESULT: {"script":"<script> [776 bytes]","args":[{"enterText":"Euro","selector":{"id":"application-managepartners-display-component---NewPartner--partnerDetailsCurrency","interaction":{"idSuffix":"inner"}},"clearTextFirst":true,"interactionType":"ENTER_TEXT"}]}
COMMAND: POST /session/295828e4dec9e4b50cbbfbe86b51fb47/execute/async - {"script":"<script> [1562 bytes]","args":[{"selector":{"controlType":"sap.m.Button","viewName":"etm.portal.ui.managepartners.view.NewPartner","viewId":"application-managepartners-display-component---NewPartner","properties":{"text":"Commercial"},"interaction":{"idSuffix":"BDI-content"}},"wdio_ui5_key":"etmportal.ui.managepartners.view.NewPartnersap.m.Button{\"text\":\"Commercial\"}"}]}
RESULT: {"script":"<script> [1562 bytes]","args":[{"selector":{"controlType":"sap.m.Button","viewName":"etm.portal.ui.managepartners.view.NewPartner","viewId":"application-managepartners-display-component---NewPartner","properties":{"text":"Commercial"},"interaction":{"idSuffix":"BDI-content"}},"wdio_ui5_key":"etmportal.ui.managepartners.view.NewPartnersap.m.Button{\"text\":\"Commercial\"}"}]}
RESULT: undefined
COMMAND: POST /session/295828e4dec9e4b50cbbfbe86b51fb47/element - {"using":"xpath","value":"//*[@id=\"application-managepartners-display-component---NewPartner--ObjectPageLayout-anchBar-__section5-anchor\"]"}
RESULT: {"using":"xpath","value":"//*[@id=\"application-managepartners-display-component---NewPartner--ObjectPageLayout-anchBar-__section5-anchor\"]"}
COMMAND: POST /session/295828e4dec9e4b50cbbfbe86b51fb47/element/f.CDFA6E493D27092015EBC4B367807A6B.d.F18736C8CE66F51E3E6B42E8350699B5.e.1679/click - {}
RESULT: {}
COMMAND: GET /session/295828e4dec9e4b50cbbfbe86b51fb47/screenshot - {}
RESULT: {}
COMMAND: POST /session/295828e4dec9e4b50cbbfbe86b51fb47/execute/async - {"script":"<script> [1562 bytes]","args":[{"selector":{"id":"application-managepartners-display-component---NewPartner--btnAddTableRow-img"},"wdio_ui5_key":"applicationmanagepartners-display-component---NewPartner--btnAddTableRow-img"}]}
RESULT: {"script":"<script> [1562 bytes]","args":[{"selector":{"id":"application-managepartners-display-component---NewPartner--btnAddTableRow-img"},"wdio_ui5_key":"applicationmanagepartners-display-component---NewPartner--btnAddTableRow-img"}]}
RESULT: undefined
COMMAND: POST /session/295828e4dec9e4b50cbbfbe86b51fb47/element - {"using":"xpath","value":"//*[@id=\"application-managepartners-display-component---NewPartner--btnAddTableRow-img\"]"}
RESULT: {"using":"xpath","value":"//*[@id=\"application-managepartners-display-component---NewPartner--btnAddTableRow-img\"]"}
COMMAND: POST /session/295828e4dec9e4b50cbbfbe86b51fb47/element/f.CDFA6E493D27092015EBC4B367807A6B.d.F18736C8CE66F51E3E6B42E8350699B5.e.1687/click - {}
RESULT: {}
COMMAND: POST /session/295828e4dec9e4b50cbbfbe86b51fb47/element - {"using":"xpath","value":"//input[contains(@id ,\"application-managepartners-display-component---NewPartner--assignmentYard-application-managepartners-display-component---NewPartner\")]"}
COMMAND: GET /session/295828e4dec9e4b50cbbfbe86b51fb47/screenshot - {}
RESULT: {"using":"xpath","value":"//input[contains(@id ,\"application-managepartners-display-component---NewPartner--assignmentYard-application-managepartners-display-component---NewPartner\")]"}
COMMAND: POST /session/295828e4dec9e4b50cbbfbe86b51fb47/element/f.CDFA6E493D27092015EBC4B367807A6B.d.F18736C8CE66F51E3E6B42E8350699B5.e.1690/clear - {}
RESULT: {}
RESULT: {}
COMMAND: POST /session/295828e4dec9e4b50cbbfbe86b51fb47/element/f.CDFA6E493D27092015EBC4B367807A6B.d.F18736C8CE66F51E3E6B42E8350699B5.e.1690/value - {"text":"374"}
COMMAND: GET /session/295828e4dec9e4b50cbbfbe86b51fb47/screenshot - {}
RESULT: {"text":"374"}
COMMAND: POST /session/295828e4dec9e4b50cbbfbe86b51fb47/execute/async - {"script":"<script> [1562 bytes]","args":[{"selector":{"controlType":"sap.m.Button","viewName":"etm.portal.ui.managepartners.view.NewPartner","viewId":"application-managepartners-display-component---NewPartner","i18NText":{"propertyName":"text","key":"save"},"interaction":{"idSuffix":"BDI-content"}},"wdio_ui5_key":"etmportal.ui.managepartners.view.NewPartnersap.m.Button{\"propertyName\":\"text\",\"key\":\"save\"}"}]}
COMMAND: GET /session/295828e4dec9e4b50cbbfbe86b51fb47/screenshot - {}
RESULT: {}
RESULT: {"script":"<script> [1562 bytes]","args":[{"selector":{"controlType":"sap.m.Button","viewName":"etm.portal.ui.managepartners.view.NewPartner","viewId":"application-managepartners-display-component---NewPartner","i18NText":{"propertyName":"text","key":"save"},"interaction":{"idSuffix":"BDI-content"}},"wdio_ui5_key":"etmportal.ui.managepartners.view.NewPartnersap.m.Button{\"propertyName\":\"text\",\"key\":\"save\"}"}]}
RESULT: undefined
COMMAND: POST /session/295828e4dec9e4b50cbbfbe86b51fb47/element - {"using":"xpath","value":"//*[@id=\"__button12\"]"}
RESULT: {}
RESULT: {"using":"xpath","value":"//*[@id=\"__button12\"]"}
COMMAND: POST /session/295828e4dec9e4b50cbbfbe86b51fb47/element/f.CDFA6E493D27092015EBC4B367807A6B.d.F18736C8CE66F51E3E6B42E8350699B5.e.1619/click - {}
RESULT: {}
COMMAND: GET /session/295828e4dec9e4b50cbbfbe86b51fb47/screenshot - {}
RESULT: {}
COMMAND: POST /session/295828e4dec9e4b50cbbfbe86b51fb47/element - {"using":"xpath","value":"//header/div/div[2]/div[2]/span"}
RESULT: {"using":"xpath","value":"//header/div/div[2]/div[2]/span"}
COMMAND: GET /session/295828e4dec9e4b50cbbfbe86b51fb47/element/f.CDFA6E493D27092015EBC4B367807A6B.d.F18736C8CE66F51E3E6B42E8350699B5.e.1863/text - {}
RESULT: {}
COMMAND: POST /session/295828e4dec9e4b50cbbfbe86b51fb47/element - {"using":"xpath","value":"//header/div/div/div/div/div/div[2]/div/span"}
RESULT: {"using":"xpath","value":"//header/div/div/div/div/div/div[2]/div/span"}
COMMAND: GET /session/295828e4dec9e4b50cbbfbe86b51fb47/element/f.CDFA6E493D27092015EBC4B367807A6B.d.F18736C8CE66F51E3E6B42E8350699B5.e.1864/text - {}
RESULT: {}
COMMAND: POST /session/295828e4dec9e4b50cbbfbe86b51fb47/execute/async - {"script":"<script> [1562 bytes]","args":[{"selector":{"id":"application-managepartners-display-component---detailPtm--partnerType"},"wdio_ui5_key":"applicationmanagepartners-display-component---detailPtm--partnerType"}]}
RESULT: {"script":"<script> [1562 bytes]","args":[{"selector":{"id":"application-managepartners-display-component---detailPtm--partnerType"},"wdio_ui5_key":"applicationmanagepartners-display-component---detailPtm--partnerType"}]}
RESULT: undefined
COMMAND: POST /session/295828e4dec9e4b50cbbfbe86b51fb47/execute/async - {"script":"<script> [6424 bytes]","args":[{"element-6066-11e4-a52e-4f735466cecf":"f.CDFA6E493D27092015EBC4B367807A6B.d.F18736C8CE66F51E3E6B42E8350699B5.e.1865"},"getText",[]]}
RESULT: {"script":"<script> [6424 bytes]","args":[{"element-6066-11e4-a52e-4f735466cecf":"f.CDFA6E493D27092015EBC4B367807A6B.d.F18736C8CE66F51E3E6B42E8350699B5.e.1865"},"getText",[]]}
COMMAND: POST /session/295828e4dec9e4b50cbbfbe86b51fb47/element - {"using":"css selector","value":"#shell-header-logo"}
RESULT: {"using":"css selector","value":"#shell-header-logo"}
COMMAND: POST /session/295828e4dec9e4b50cbbfbe86b51fb47/element/f.CDFA6E493D27092015EBC4B367807A6B.d.F18736C8CE66F51E3E6B42E8350699B5.e.1204/click - {}
RESULT: {}
COMMAND: GET /session/295828e4dec9e4b50cbbfbe86b51fb47/screenshot - {}
RESULT: {}
COMMAND: POST /session/295828e4dec9e4b50cbbfbe86b51fb47/execute/async - {"script":"<script> [1562 bytes]","args":[{"selector":{"controlType":"sap.m.GenericTile","properties":{"header":"Manage Sites"}},"wdio_ui5_key":"sapm.GenericTile{\"header\":\"Manage Sites\"}"}]}
RESULT: {"script":"<script> [1562 bytes]","args":[{"selector":{"controlType":"sap.m.GenericTile","properties":{"header":"Manage Sites"}},"wdio_ui5_key":"sapm.GenericTile{\"header\":\"Manage Sites\"}"}]}
RESULT: undefined
COMMAND: POST /session/295828e4dec9e4b50cbbfbe86b51fb47/element - {"using":"xpath","value":"//*[@id=\"__tile40\"]"}
RESULT: {"using":"xpath","value":"//*[@id=\"__tile40\"]"}
COMMAND: POST /session/295828e4dec9e4b50cbbfbe86b51fb47/element/f.CDFA6E493D27092015EBC4B367807A6B.d.F18736C8CE66F51E3E6B42E8350699B5.e.1867/click - {}
RESULT: {}
COMMAND: GET /session/295828e4dec9e4b50cbbfbe86b51fb47/screenshot - {}
RESULT: {}
COMMAND: POST /session/295828e4dec9e4b50cbbfbe86b51fb47/execute/async - {"script":"<script> [1562 bytes]","args":[{"selector":{"controlType":"sap.ui.core.Icon","viewName":"etm.portal.ui.managesites.view.Master","viewId":"application-managesites-display-component---masterSite","properties":{"src":{"regex":{"source":"add"}}}},"wdio_ui5_key":"etmportal.ui.managesites.view.Mastersap.ui.core.Icon{\"src\":{\"regex\":{\"source\":\"add\"}}}"}]}
RESULT: {"script":"<script> [1562 bytes]","args":[{"selector":{"controlType":"sap.ui.core.Icon","viewName":"etm.portal.ui.managesites.view.Master","viewId":"application-managesites-display-component---masterSite","properties":{"src":{"regex":{"source":"add"}}}},"wdio_ui5_key":"etmportal.ui.managesites.view.Mastersap.ui.core.Icon{\"src\":{\"regex\":{\"source\":\"add\"}}}"}]}
RESULT: undefined
COMMAND: POST /session/295828e4dec9e4b50cbbfbe86b51fb47/element - {"using":"xpath","value":"//*[@id=\"__button52-img\"]"}
RESULT: {"using":"xpath","value":"//*[@id=\"__button52-img\"]"}
COMMAND: POST /session/295828e4dec9e4b50cbbfbe86b51fb47/element/f.CDFA6E493D27092015EBC4B367807A6B.d.F18736C8CE66F51E3E6B42E8350699B5.e.1914/click - {}
RESULT: {}
COMMAND: POST /session/295828e4dec9e4b50cbbfbe86b51fb47/execute/async - {"script":"<script> [1562 bytes]","args":[{"selector":{"id":"application-managesites-display-component---NewSite--siteId","interaction":{"idSuffix":"inner"}},"wdio_ui5_key":"applicationmanagesites-display-component---NewSite--siteId"}]}
COMMAND: GET /session/295828e4dec9e4b50cbbfbe86b51fb47/screenshot - {}
RESULT: {"script":"<script> [1562 bytes]","args":[{"selector":{"id":"application-managesites-display-component---NewSite--siteId","interaction":{"idSuffix":"inner"}},"wdio_ui5_key":"applicationmanagesites-display-component---NewSite--siteId"}]}
RESULT: undefined
COMMAND: POST /session/295828e4dec9e4b50cbbfbe86b51fb47/execute/async - {"script":"<script> [1562 bytes]","args":[{"selector":{"id":"application-managesites-display-component---NewSite--addressDetailDetailsName1","interaction":{"idSuffix":"inner"}},"wdio_ui5_key":"applicationmanagesites-display-component---NewSite--addressDetailDetailsName1"}]}
RESULT: {}
RESULT: {"script":"<script> [1562 bytes]","args":[{"selector":{"id":"application-managesites-display-component---NewSite--addressDetailDetailsName1","interaction":{"idSuffix":"inner"}},"wdio_ui5_key":"applicationmanagesites-display-component---NewSite--addressDetailDetailsName1"}]}
RESULT: undefined
COMMAND: POST /session/295828e4dec9e4b50cbbfbe86b51fb47/execute/async - {"script":"<script> [776 bytes]","args":[{"enterText":"WebdriverSitetehuf","selector":{"id":"application-managesites-display-component---NewSite--addressDetailDetailsName1","interaction":{"idSuffix":"inner"}},"clearTextFirst":true,"interactionType":"ENTER_TEXT"}]}
RESULT: {"script":"<script> [776 bytes]","args":[{"enterText":"WebdriverSitetehuf","selector":{"id":"application-managesites-display-component---NewSite--addressDetailDetailsName1","interaction":{"idSuffix":"inner"}},"clearTextFirst":true,"interactionType":"ENTER_TEXT"}]}
COMMAND: POST /session/295828e4dec9e4b50cbbfbe86b51fb47/execute/async - {"script":"<script> [1562 bytes]","args":[{"selector":{"id":"application-managesites-display-component---NewSite--addressDetailDetailsLanguage","interaction":{"idSuffix":"inner"}},"wdio_ui5_key":"applicationmanagesites-display-component---NewSite--addressDetailDetailsLanguage"}]}
RESULT: {"script":"<script> [1562 bytes]","args":[{"selector":{"id":"application-managesites-display-component---NewSite--addressDetailDetailsLanguage","interaction":{"idSuffix":"inner"}},"wdio_ui5_key":"applicationmanagesites-display-component---NewSite--addressDetailDetailsLanguage"}]}
RESULT: undefined
COMMAND: POST /session/295828e4dec9e4b50cbbfbe86b51fb47/execute/async - {"script":"<script> [776 bytes]","args":[{"enterText":"Romanian","selector":{"id":"application-managesites-display-component---NewSite--addressDetailDetailsLanguage","interaction":{"idSuffix":"inner"}},"clearTextFirst":true,"interactionType":"ENTER_TEXT"}]}
RESULT: {"script":"<script> [776 bytes]","args":[{"enterText":"Romanian","selector":{"id":"application-managesites-display-component---NewSite--addressDetailDetailsLanguage","interaction":{"idSuffix":"inner"}},"clearTextFirst":true,"interactionType":"ENTER_TEXT"}]}
COMMAND: POST /session/295828e4dec9e4b50cbbfbe86b51fb47/execute/async - {"script":"<script> [1562 bytes]","args":[{"selector":{"id":"application-managesites-display-component---NewSite--addressDetailDetailsCity1","interaction":{"idSuffix":"inner"}},"wdio_ui5_key":"applicationmanagesites-display-component---NewSite--addressDetailDetailsCity1"}]}
RESULT: {"script":"<script> [1562 bytes]","args":[{"selector":{"id":"application-managesites-display-component---NewSite--addressDetailDetailsCity1","interaction":{"idSuffix":"inner"}},"wdio_ui5_key":"applicationmanagesites-display-component---NewSite--addressDetailDetailsCity1"}]}
RESULT: undefined
COMMAND: POST /session/295828e4dec9e4b50cbbfbe86b51fb47/execute/async - {"script":"<script> [776 bytes]","args":[{"enterText":"Bucharest","selector":{"id":"application-managesites-display-component---NewSite--addressDetailDetailsCity1","interaction":{"idSuffix":"inner"}},"clearTextFirst":true,"interactionType":"ENTER_TEXT"}]}
RESULT: {"script":"<script> [776 bytes]","args":[{"enterText":"Bucharest","selector":{"id":"application-managesites-display-component---NewSite--addressDetailDetailsCity1","interaction":{"idSuffix":"inner"}},"clearTextFirst":true,"interactionType":"ENTER_TEXT"}]}
COMMAND: POST /session/295828e4dec9e4b50cbbfbe86b51fb47/execute/async - {"script":"<script> [1562 bytes]","args":[{"selector":{"id":"application-managesites-display-component---NewSite--addressDetailDetailsCountry","interaction":{"idSuffix":"inner"}},"wdio_ui5_key":"applicationmanagesites-display-component---NewSite--addressDetailDetailsCountry"}]}
RESULT: {"script":"<script> [1562 bytes]","args":[{"selector":{"id":"application-managesites-display-component---NewSite--addressDetailDetailsCountry","interaction":{"idSuffix":"inner"}},"wdio_ui5_key":"applicationmanagesites-display-component---NewSite--addressDetailDetailsCountry"}]}
RESULT: undefined
COMMAND: POST /session/295828e4dec9e4b50cbbfbe86b51fb47/execute/async - {"script":"<script> [776 bytes]","args":[{"enterText":"Romania","selector":{"id":"application-managesites-display-component---NewSite--addressDetailDetailsCountry","interaction":{"idSuffix":"inner"}},"clearTextFirst":true,"interactionType":"ENTER_TEXT"}]}
RESULT: {"script":"<script> [776 bytes]","args":[{"enterText":"Romania","selector":{"id":"application-managesites-display-component---NewSite--addressDetailDetailsCountry","interaction":{"idSuffix":"inner"}},"clearTextFirst":true,"interactionType":"ENTER_TEXT"}]}
COMMAND: POST /session/295828e4dec9e4b50cbbfbe86b51fb47/element - {"using":"css selector","value":"#application-managesites-display-component---NewSite--addressDetailDetailsCalendar-inner"}
RESULT: {"using":"css selector","value":"#application-managesites-display-component---NewSite--addressDetailDetailsCalendar-inner"}
COMMAND: POST /session/295828e4dec9e4b50cbbfbe86b51fb47/element/f.CDFA6E493D27092015EBC4B367807A6B.d.F18736C8CE66F51E3E6B42E8350699B5.e.2106/clear - {}
RESULT: {}
COMMAND: POST /session/295828e4dec9e4b50cbbfbe86b51fb47/element/f.CDFA6E493D27092015EBC4B367807A6B.d.F18736C8CE66F51E3E6B42E8350699B5.e.2106/value - {"text":"Germany"}
COMMAND: GET /session/295828e4dec9e4b50cbbfbe86b51fb47/screenshot - {}
RESULT: {"text":"Germany"}
COMMAND: POST /session/295828e4dec9e4b50cbbfbe86b51fb47/execute/async - {"script":"<script> [1562 bytes]","args":[{"selector":{"id":"application-managesites-display-component---NewSite--addressEditDetailsCostObjectCstType-arrow"},"wdio_ui5_key":"applicationmanagesites-display-component---NewSite--addressEditDetailsCostObjectCstType-arrow"}]}
COMMAND: GET /session/295828e4dec9e4b50cbbfbe86b51fb47/screenshot - {}
RESULT: {}
RESULT: {"script":"<script> [1562 bytes]","args":[{"selector":{"id":"application-managesites-display-component---NewSite--addressEditDetailsCostObjectCstType-arrow"},"wdio_ui5_key":"applicationmanagesites-display-component---NewSite--addressEditDetailsCostObjectCstType-arrow"}]}
RESULT: undefined
COMMAND: POST /session/295828e4dec9e4b50cbbfbe86b51fb47/element - {"using":"xpath","value":"//*[@id=\"application-managesites-display-component---NewSite--addressEditDetailsCostObjectCstType-arrow\"]"}
RESULT: {}
RESULT: {"using":"xpath","value":"//*[@id=\"application-managesites-display-component---NewSite--addressEditDetailsCostObjectCstType-arrow\"]"}
COMMAND: POST /session/295828e4dec9e4b50cbbfbe86b51fb47/element/f.CDFA6E493D27092015EBC4B367807A6B.d.F18736C8CE66F51E3E6B42E8350699B5.e.2305/click - {}
RESULT: {}
COMMAND: POST /session/295828e4dec9e4b50cbbfbe86b51fb47/element - {"using":"xpath","value":"//span[contains(text(), \"Work Breakdown Structure\")]"}
COMMAND: GET /session/295828e4dec9e4b50cbbfbe86b51fb47/screenshot - {}
RESULT: {"using":"xpath","value":"//span[contains(text(), \"Work Breakdown Structure\")]"}
COMMAND: POST /session/295828e4dec9e4b50cbbfbe86b51fb47/element/f.CDFA6E493D27092015EBC4B367807A6B.d.F18736C8CE66F51E3E6B42E8350699B5.e.2306/click - {}
RESULT: {}
RESULT: {}
COMMAND: GET /session/295828e4dec9e4b50cbbfbe86b51fb47/screenshot - {}
RESULT: {}
COMMAND: POST /session/295828e4dec9e4b50cbbfbe86b51fb47/execute/async - {"script":"<script> [1562 bytes]","args":[{"selector":{"id":"application-managesites-display-component---NewSite--addressNewCostObjectCstID-vhi"},"wdio_ui5_key":"applicationmanagesites-display-component---NewSite--addressNewCostObjectCstID-vhi"}]}
RESULT: {"script":"<script> [1562 bytes]","args":[{"selector":{"id":"application-managesites-display-component---NewSite--addressNewCostObjectCstID-vhi"},"wdio_ui5_key":"applicationmanagesites-display-component---NewSite--addressNewCostObjectCstID-vhi"}]}
RESULT: undefined
COMMAND: POST /session/295828e4dec9e4b50cbbfbe86b51fb47/element - {"using":"xpath","value":"//*[@id=\"application-managesites-display-component---NewSite--addressNewCostObjectCstID-vhi\"]"}
RESULT: {"using":"xpath","value":"//*[@id=\"application-managesites-display-component---NewSite--addressNewCostObjectCstID-vhi\"]"}
COMMAND: POST /session/295828e4dec9e4b50cbbfbe86b51fb47/element/f.CDFA6E493D27092015EBC4B367807A6B.d.F18736C8CE66F51E3E6B42E8350699B5.e.2310/click - {}
RESULT: {}
COMMAND: GET /session/295828e4dec9e4b50cbbfbe86b51fb47/screenshot - {}
RESULT: {}
COMMAND: POST /session/295828e4dec9e4b50cbbfbe86b51fb47/execute/async - {"script":"<script> [1562 bytes]","args":[{"selector":{"controlType":"sap.m.SearchField","properties":{"placeholder":"Search"},"searchOpenDialogs":true,"interaction":{"idSuffix":"I"}},"wdio_ui5_key":"sapm.SearchField{\"placeholder\":\"Search\"}"}]}
RESULT: {"script":"<script> [1562 bytes]","args":[{"selector":{"controlType":"sap.m.SearchField","properties":{"placeholder":"Search"},"searchOpenDialogs":true,"interaction":{"idSuffix":"I"}},"wdio_ui5_key":"sapm.SearchField{\"placeholder\":\"Search\"}"}]}
RESULT: undefined
COMMAND: POST /session/295828e4dec9e4b50cbbfbe86b51fb47/execute/async - {"script":"<script> [776 bytes]","args":[{"enterText":"A1-000100-01","selector":{"controlType":"sap.m.SearchField","properties":{"placeholder":"Search"},"searchOpenDialogs":true,"interaction":{"idSuffix":"I"}},"clearTextFirst":true,"interactionType":"ENTER_TEXT"}]}
RESULT: {"script":"<script> [776 bytes]","args":[{"enterText":"A1-000100-01","selector":{"controlType":"sap.m.SearchField","properties":{"placeholder":"Search"},"searchOpenDialogs":true,"interaction":{"idSuffix":"I"}},"clearTextFirst":true,"interactionType":"ENTER_TEXT"}]}
COMMAND: POST /session/295828e4dec9e4b50cbbfbe86b51fb47/actions - {"actions":[{"id":"action3","type":"key","parameters":{},"actions":[{"type":"keyDown","value":""},{"type":"pause","duration":10},{"type":"keyUp","value":""}]}]}
RESULT: {"actions":[{"id":"action3","type":"key","parameters":{},"actions":[{"type":"keyDown","value":""},{"type":"pause","duration":10},{"type":"keyUp","value":""}]}]}
COMMAND: GET /session/295828e4dec9e4b50cbbfbe86b51fb47/screenshot - {}
RESULT: {}
COMMAND: POST /session/295828e4dec9e4b50cbbfbe86b51fb47/element - {"using":"xpath","value":"//span[contains(text(), \"Template for ETO-Process\")]"}
RESULT: {"using":"xpath","value":"//span[contains(text(), \"Template for ETO-Process\")]"}
COMMAND: POST /session/295828e4dec9e4b50cbbfbe86b51fb47/element/f.CDFA6E493D27092015EBC4B367807A6B.d.F18736C8CE66F51E3E6B42E8350699B5.e.2330/click - {}
RESULT: {}
COMMAND: GET /session/295828e4dec9e4b50cbbfbe86b51fb47/screenshot - {}
RESULT: {}
COMMAND: POST /session/295828e4dec9e4b50cbbfbe86b51fb47/element - {"using":"xpath","value":"//bdi[contains(text(), \"OK\")]"}
RESULT: {"using":"xpath","value":"//bdi[contains(text(), \"OK\")]"}
COMMAND: POST /session/295828e4dec9e4b50cbbfbe86b51fb47/element/f.CDFA6E493D27092015EBC4B367807A6B.d.F18736C8CE66F51E3E6B42E8350699B5.e.2331/click - {}
RESULT: {}
COMMAND: GET /session/295828e4dec9e4b50cbbfbe86b51fb47/screenshot - {}
RESULT: {}
COMMAND: POST /session/295828e4dec9e4b50cbbfbe86b51fb47/element - {"using":"xpath","value":"//input[@id=\"application-managesites-display-component---NewSite--addressDetailDetailsYard-inner\"]"}
RESULT: {"using":"xpath","value":"//input[@id=\"application-managesites-display-component---NewSite--addressDetailDetailsYard-inner\"]"}
COMMAND: POST /session/295828e4dec9e4b50cbbfbe86b51fb47/element/f.CDFA6E493D27092015EBC4B367807A6B.d.F18736C8CE66F51E3E6B42E8350699B5.e.2107/value - {"text":"374"}
RESULT: {"text":"374"}
COMMAND: GET /session/295828e4dec9e4b50cbbfbe86b51fb47/screenshot - {}
RESULT: {}
COMMAND: POST /session/295828e4dec9e4b50cbbfbe86b51fb47/actions - {"actions":[{"id":"action4","type":"key","parameters":{},"actions":[{"type":"keyDown","value":""},{"type":"pause","duration":10},{"type":"keyUp","value":""}]}]}
RESULT: {"actions":[{"id":"action4","type":"key","parameters":{},"actions":[{"type":"keyDown","value":""},{"type":"pause","duration":10},{"type":"keyUp","value":""}]}]}
COMMAND: GET /session/295828e4dec9e4b50cbbfbe86b51fb47/screenshot - {}
RESULT: {}
COMMAND: POST /session/295828e4dec9e4b50cbbfbe86b51fb47/element - {"using":"xpath","value":"//input[@id=\"application-managesites-display-component---NewSite--addressDetailDetailsPartner-inner\"]"}
RESULT: {"using":"xpath","value":"//input[@id=\"application-managesites-display-component---NewSite--addressDetailDetailsPartner-inner\"]"}
COMMAND: POST /session/295828e4dec9e4b50cbbfbe86b51fb47/elements - {"using":"xpath","value":"//input[@id=\"application-managesites-display-component---NewSite--addressDetailDetailsPartner-inner\"]"}
RESULT: {"using":"xpath","value":"//input[@id=\"application-managesites-display-component---NewSite--addressDetailDetailsPartner-inner\"]"}
COMMAND: POST /session/295828e4dec9e4b50cbbfbe86b51fb47/execute/async - {"script":"<script> [1562 bytes]","args":[{"selector":{"controlType":"sap.m.Button","viewName":"etm.portal.ui.managesites.view.NewSmartSite","viewId":"application-managesites-display-component---NewSite","properties":{"text":"Commercial"},"interaction":{"idSuffix":"BDI-content"}},"wdio_ui5_key":"etmportal.ui.managesites.view.NewSmartSitesap.m.Button{\"text\":\"Commercial\"}"}]}
RESULT: {"script":"<script> [1562 bytes]","args":[{"selector":{"controlType":"sap.m.Button","viewName":"etm.portal.ui.managesites.view.NewSmartSite","viewId":"application-managesites-display-component---NewSite","properties":{"text":"Commercial"},"interaction":{"idSuffix":"BDI-content"}},"wdio_ui5_key":"etmportal.ui.managesites.view.NewSmartSitesap.m.Button{\"text\":\"Commercial\"}"}]}
RESULT: undefined
COMMAND: POST /session/295828e4dec9e4b50cbbfbe86b51fb47/element - {"using":"xpath","value":"//*[@id=\"application-managesites-display-component---NewSite--ObjectPageLayout-anchBar-__section31-anchor\"]"}
RESULT: {"using":"xpath","value":"//*[@id=\"application-managesites-display-component---NewSite--ObjectPageLayout-anchBar-__section31-anchor\"]"}
COMMAND: POST /session/295828e4dec9e4b50cbbfbe86b51fb47/element/f.CDFA6E493D27092015EBC4B367807A6B.d.F18736C8CE66F51E3E6B42E8350699B5.e.2338/click - {}
RESULT: {}
COMMAND: POST /session/295828e4dec9e4b50cbbfbe86b51fb47/execute/async - {"script":"<script> [1562 bytes]","args":[{"selector":{"controlType":"sap.m.Button","viewName":"etm.portal.ui.managesites.view.NewSmartSite","viewId":"application-managesites-display-component---NewSite","i18NText":{"propertyName":"text","key":"save"},"interaction":{"idSuffix":"BDI-content"}},"wdio_ui5_key":"etmportal.ui.managesites.view.NewSmartSitesap.m.Button{\"propertyName\":\"text\",\"key\":\"save\"}"}]}
COMMAND: GET /session/295828e4dec9e4b50cbbfbe86b51fb47/screenshot - {}
RESULT: {"script":"<script> [1562 bytes]","args":[{"selector":{"controlType":"sap.m.Button","viewName":"etm.portal.ui.managesites.view.NewSmartSite","viewId":"application-managesites-display-component---NewSite","i18NText":{"propertyName":"text","key":"save"},"interaction":{"idSuffix":"BDI-content"}},"wdio_ui5_key":"etmportal.ui.managesites.view.NewSmartSitesap.m.Button{\"propertyName\":\"text\",\"key\":\"save\"}"}]}
RESULT: undefined
COMMAND: POST /session/295828e4dec9e4b50cbbfbe86b51fb47/element - {"using":"xpath","value":"//*[@id=\"__button64\"]"}
RESULT: {}
RESULT: {"using":"xpath","value":"//*[@id=\"__button64\"]"}
COMMAND: POST /session/295828e4dec9e4b50cbbfbe86b51fb47/element/f.CDFA6E493D27092015EBC4B367807A6B.d.F18736C8CE66F51E3E6B42E8350699B5.e.2280/click - {}
RESULT: {}
COMMAND: GET /session/295828e4dec9e4b50cbbfbe86b51fb47/screenshot - {}
RESULT: {}
COMMAND: POST /session/295828e4dec9e4b50cbbfbe86b51fb47/execute/async - {"script":"<script> [1562 bytes]","args":[{"selector":{"id":"application-managesites-display-component---detailSite--addressDetailDetailsYardText"},"wdio_ui5_key":"applicationmanagesites-display-component---detailSite--addressDetailDetailsYardText"}]}
RESULT: {"script":"<script> [1562 bytes]","args":[{"selector":{"id":"application-managesites-display-component---detailSite--addressDetailDetailsYardText"},"wdio_ui5_key":"applicationmanagesites-display-component---detailSite--addressDetailDetailsYardText"}]}
RESULT: undefined
COMMAND: POST /session/295828e4dec9e4b50cbbfbe86b51fb47/element - {"using":"xpath","value":"//header/div/div[2]/div[2]/span"}
RESULT: {"using":"xpath","value":"//header/div/div[2]/div[2]/span"}
COMMAND: GET /session/295828e4dec9e4b50cbbfbe86b51fb47/element/f.CDFA6E493D27092015EBC4B367807A6B.d.F18736C8CE66F51E3E6B42E8350699B5.e.2546/text - {}
RESULT: {}
COMMAND: POST /session/295828e4dec9e4b50cbbfbe86b51fb47/element - {"using":"xpath","value":"//header/div/div/div/div/div/div[2]/div/span"}
RESULT: {"using":"xpath","value":"//header/div/div/div/div/div/div[2]/div/span"}
COMMAND: GET /session/295828e4dec9e4b50cbbfbe86b51fb47/element/f.CDFA6E493D27092015EBC4B367807A6B.d.F18736C8CE66F51E3E6B42E8350699B5.e.2547/text - {}
RESULT: {}
COMMAND: POST /session/295828e4dec9e4b50cbbfbe86b51fb47/element - {"using":"css selector","value":"#shell-header-logo"}
RESULT: {"using":"css selector","value":"#shell-header-logo"}
COMMAND: POST /session/295828e4dec9e4b50cbbfbe86b51fb47/element/f.CDFA6E493D27092015EBC4B367807A6B.d.F18736C8CE66F51E3E6B42E8350699B5.e.1870/click - {}
RESULT: {}
COMMAND: GET /session/295828e4dec9e4b50cbbfbe86b51fb47/screenshot - {}
RESULT: {}
]]></system-out>
    </testcase>
    <testcase classname="chrome.135_0_7049_42.windows.Standard_contract_-_add_contract_items_by_Insert_Request_US118222" name="Should create 2 new resources and a catalog item" time="364.245">
      <system-out><![CDATA[
COMMAND: POST /session/295828e4dec9e4b50cbbfbe86b51fb47/execute/async - {"script":"<script> [1562 bytes]","args":[{"selector":{"controlType":"sap.m.GenericTile","properties":{"header":"Manage Resources"}},"wdio_ui5_key":"sapm.GenericTile{\"header\":\"Manage Resources\"}"}]}
RESULT: {"script":"<script> [1562 bytes]","args":[{"selector":{"controlType":"sap.m.GenericTile","properties":{"header":"Manage Resources"}},"wdio_ui5_key":"sapm.GenericTile{\"header\":\"Manage Resources\"}"}]}
RESULT: undefined
COMMAND: POST /session/295828e4dec9e4b50cbbfbe86b51fb47/element - {"using":"xpath","value":"//*[@id=\"__tile39\"]"}
RESULT: {"using":"xpath","value":"//*[@id=\"__tile39\"]"}
COMMAND: POST /session/295828e4dec9e4b50cbbfbe86b51fb47/element/f.CDFA6E493D27092015EBC4B367807A6B.d.F18736C8CE66F51E3E6B42E8350699B5.e.2549/click - {}
RESULT: {}
COMMAND: GET /session/295828e4dec9e4b50cbbfbe86b51fb47/screenshot - {}
RESULT: {}
RESULT: undefined
COMMAND: POST /session/295828e4dec9e4b50cbbfbe86b51fb47/element - {"using":"xpath","value":"//button[@data-kt=\"addNewRUOverflowToolbarButton\"]"}
RESULT: {"using":"xpath","value":"//button[@data-kt=\"addNewRUOverflowToolbarButton\"]"}
COMMAND: POST /session/295828e4dec9e4b50cbbfbe86b51fb47/execute/sync - {"script":"<script> [8489 bytes]","args":[{"element-6066-11e4-a52e-4f735466cecf":"f.CDFA6E493D27092015EBC4B367807A6B.d.F18736C8CE66F51E3E6B42E8350699B5.e.2591","ELEMENT":"f.CDFA6E493D27092015EBC4B367807A6B.d.F18736C8CE66F51E3E6B42E8350699B5.e.2591"}]}
RESULT: {"script":"<script> [8489 bytes]","args":[{"element-6066-11e4-a52e-4f735466cecf":"f.CDFA6E493D27092015EBC4B367807A6B.d.F18736C8CE66F51E3E6B42E8350699B5.e.2591","ELEMENT":"f.CDFA6E493D27092015EBC4B367807A6B.d.F18736C8CE66F51E3E6B42E8350699B5.e.2591"}]}
COMMAND: POST /session/295828e4dec9e4b50cbbfbe86b51fb47/element/f.CDFA6E493D27092015EBC4B367807A6B.d.F18736C8CE66F51E3E6B42E8350699B5.e.2591/click - {}
COMMAND: GET /session/295828e4dec9e4b50cbbfbe86b51fb47/screenshot - {}
RESULT: {}
COMMAND: POST /session/295828e4dec9e4b50cbbfbe86b51fb47/execute/async - {"script":"<script> [1562 bytes]","args":[{"selector":{"id":"application-manageresources-display-component---newResourceUnit--TYPE-arrow"},"wdio_ui5_key":"applicationmanageresources-display-component---newResourceUnit--TYPE-arrow"}]}
COMMAND: GET /session/295828e4dec9e4b50cbbfbe86b51fb47/screenshot - {}
RESULT: {}
RESULT: {"script":"<script> [1562 bytes]","args":[{"selector":{"id":"application-manageresources-display-component---newResourceUnit--TYPE-arrow"},"wdio_ui5_key":"applicationmanageresources-display-component---newResourceUnit--TYPE-arrow"}]}
RESULT: undefined
COMMAND: POST /session/295828e4dec9e4b50cbbfbe86b51fb47/element - {"using":"xpath","value":"//*[@id=\"application-manageresources-display-component---newResourceUnit--TYPE-arrow\"]"}
RESULT: {}
RESULT: {"using":"xpath","value":"//*[@id=\"application-manageresources-display-component---newResourceUnit--TYPE-arrow\"]"}
COMMAND: POST /session/295828e4dec9e4b50cbbfbe86b51fb47/element/f.CDFA6E493D27092015EBC4B367807A6B.d.F18736C8CE66F51E3E6B42E8350699B5.e.3001/click - {}
RESULT: {}
COMMAND: POST /session/295828e4dec9e4b50cbbfbe86b51fb47/execute/async - {"script":"<script> [1562 bytes]","args":[{"selector":{"controlType":"sap.m.StandardListItem","viewName":"reusables.view.manageresources.NewResourceUnit","viewId":"application-manageresources-display-component---newResourceUnit","properties":{"title":"Material"},"searchOpenDialogs":true,"interaction":{"idSuffix":"titleText"}},"wdio_ui5_key":"reusablesview.manageresources.NewResourceUnitsap.m.StandardListItem{\"title\":\"Material\"}"}]}
COMMAND: GET /session/295828e4dec9e4b50cbbfbe86b51fb47/screenshot - {}
RESULT: {"script":"<script> [1562 bytes]","args":[{"selector":{"controlType":"sap.m.StandardListItem","viewName":"reusables.view.manageresources.NewResourceUnit","viewId":"application-manageresources-display-component---newResourceUnit","properties":{"title":"Material"},"searchOpenDialogs":true,"interaction":{"idSuffix":"titleText"}},"wdio_ui5_key":"reusablesview.manageresources.NewResourceUnitsap.m.StandardListItem{\"title\":\"Material\"}"}]}
RESULT: undefined
COMMAND: POST /session/295828e4dec9e4b50cbbfbe86b51fb47/element - {"using":"xpath","value":"//*[@id=\"__item974\"]"}
RESULT: {}
RESULT: {"using":"xpath","value":"//*[@id=\"__item974\"]"}
COMMAND: POST /session/295828e4dec9e4b50cbbfbe86b51fb47/element/f.CDFA6E493D27092015EBC4B367807A6B.d.F18736C8CE66F51E3E6B42E8350699B5.e.3004/click - {}
RESULT: {}
COMMAND: POST /session/295828e4dec9e4b50cbbfbe86b51fb47/execute/async - {"script":"<script> [1562 bytes]","args":[{"selector":{"id":"application-manageresources-display-component---newResourceUnit--SHORT_TEXT","interaction":{"idSuffix":"inner"}},"wdio_ui5_key":"applicationmanageresources-display-component---newResourceUnit--SHORT_TEXT"}]}
COMMAND: GET /session/295828e4dec9e4b50cbbfbe86b51fb47/screenshot - {}
RESULT: {"script":"<script> [1562 bytes]","args":[{"selector":{"id":"application-manageresources-display-component---newResourceUnit--SHORT_TEXT","interaction":{"idSuffix":"inner"}},"wdio_ui5_key":"applicationmanageresources-display-component---newResourceUnit--SHORT_TEXT"}]}
RESULT: undefined
COMMAND: POST /session/295828e4dec9e4b50cbbfbe86b51fb47/execute/async - {"script":"<script> [776 bytes]","args":[{"enterText":"WebdriverRUR2Ca2zfs","selector":{"id":"application-manageresources-display-component---newResourceUnit--SHORT_TEXT","interaction":{"idSuffix":"inner"}},"clearTextFirst":true,"interactionType":"ENTER_TEXT"}]}
RESULT: {}
RESULT: {"script":"<script> [776 bytes]","args":[{"enterText":"WebdriverRUR2Ca2zfs","selector":{"id":"application-manageresources-display-component---newResourceUnit--SHORT_TEXT","interaction":{"idSuffix":"inner"}},"clearTextFirst":true,"interactionType":"ENTER_TEXT"}]}
COMMAND: POST /session/295828e4dec9e4b50cbbfbe86b51fb47/execute/async - {"script":"<script> [1562 bytes]","args":[{"selector":{"id":"application-manageresources-display-component---newResourceUnit--BASE_UNIT_OF_MEASURE-arrow"},"wdio_ui5_key":"applicationmanageresources-display-component---newResourceUnit--BASE_UNIT_OF_MEASURE-arrow"}]}
RESULT: {"script":"<script> [1562 bytes]","args":[{"selector":{"id":"application-manageresources-display-component---newResourceUnit--BASE_UNIT_OF_MEASURE-arrow"},"wdio_ui5_key":"applicationmanageresources-display-component---newResourceUnit--BASE_UNIT_OF_MEASURE-arrow"}]}
RESULT: undefined
COMMAND: POST /session/295828e4dec9e4b50cbbfbe86b51fb47/element - {"using":"xpath","value":"//*[@id=\"application-manageresources-display-component---newResourceUnit--BASE_UNIT_OF_MEASURE-arrow\"]"}
RESULT: {"using":"xpath","value":"//*[@id=\"application-manageresources-display-component---newResourceUnit--BASE_UNIT_OF_MEASURE-arrow\"]"}
COMMAND: POST /session/295828e4dec9e4b50cbbfbe86b51fb47/element/f.CDFA6E493D27092015EBC4B367807A6B.d.F18736C8CE66F51E3E6B42E8350699B5.e.3060/click - {}
RESULT: {}
COMMAND: POST /session/295828e4dec9e4b50cbbfbe86b51fb47/execute/async - {"script":"<script> [1562 bytes]","args":[{"selector":{"controlType":"sap.m.StandardListItem","viewName":"reusables.view.manageresources.NewResourceUnit","viewId":"application-manageresources-display-component---newResourceUnit","properties":{"title":"Piece"},"searchOpenDialogs":true,"interaction":{"idSuffix":"titleText"}},"wdio_ui5_key":"reusablesview.manageresources.NewResourceUnitsap.m.StandardListItem{\"title\":\"Piece\"}"}]}
COMMAND: GET /session/295828e4dec9e4b50cbbfbe86b51fb47/screenshot - {}
RESULT: {"script":"<script> [1562 bytes]","args":[{"selector":{"controlType":"sap.m.StandardListItem","viewName":"reusables.view.manageresources.NewResourceUnit","viewId":"application-manageresources-display-component---newResourceUnit","properties":{"title":"Piece"},"searchOpenDialogs":true,"interaction":{"idSuffix":"titleText"}},"wdio_ui5_key":"reusablesview.manageresources.NewResourceUnitsap.m.StandardListItem{\"title\":\"Piece\"}"}]}
RESULT: undefined
COMMAND: POST /session/295828e4dec9e4b50cbbfbe86b51fb47/element - {"using":"xpath","value":"//*[@id=\"__item1018\"]"}
RESULT: {}
RESULT: {"using":"xpath","value":"//*[@id=\"__item1018\"]"}
COMMAND: POST /session/295828e4dec9e4b50cbbfbe86b51fb47/element/f.CDFA6E493D27092015EBC4B367807A6B.d.F18736C8CE66F51E3E6B42E8350699B5.e.3062/click - {}
RESULT: {}
COMMAND: POST /session/295828e4dec9e4b50cbbfbe86b51fb47/element - {"using":"xpath","value":"//input[contains(@id ,\"application-manageresources-display-component---newResourceUnit--SHORT_TEXT-inner\")]"}
COMMAND: GET /session/295828e4dec9e4b50cbbfbe86b51fb47/screenshot - {}
RESULT: {"using":"xpath","value":"//input[contains(@id ,\"application-manageresources-display-component---newResourceUnit--SHORT_TEXT-inner\")]"}
COMMAND: GET /session/295828e4dec9e4b50cbbfbe86b51fb47/element/f.CDFA6E493D27092015EBC4B367807A6B.d.F18736C8CE66F51E3E6B42E8350699B5.e.3021/property/value - {}
RESULT: {}
RESULT: {}
COMMAND: POST /session/295828e4dec9e4b50cbbfbe86b51fb47/execute/async - {"script":"<script> [1562 bytes]","args":[{"selector":{"id":"application-manageresources-display-component---newResourceUnit--WEIGHT_UNIT-arrow"},"wdio_ui5_key":"applicationmanageresources-display-component---newResourceUnit--WEIGHT_UNIT-arrow"}]}
COMMAND: GET /session/295828e4dec9e4b50cbbfbe86b51fb47/screenshot - {}
RESULT: {"script":"<script> [1562 bytes]","args":[{"selector":{"id":"application-manageresources-display-component---newResourceUnit--WEIGHT_UNIT-arrow"},"wdio_ui5_key":"applicationmanageresources-display-component---newResourceUnit--WEIGHT_UNIT-arrow"}]}
RESULT: undefined
COMMAND: POST /session/295828e4dec9e4b50cbbfbe86b51fb47/element - {"using":"xpath","value":"//*[@id=\"application-manageresources-display-component---newResourceUnit--WEIGHT_UNIT-arrow\"]"}
RESULT: {}
RESULT: {"using":"xpath","value":"//*[@id=\"application-manageresources-display-component---newResourceUnit--WEIGHT_UNIT-arrow\"]"}
COMMAND: POST /session/295828e4dec9e4b50cbbfbe86b51fb47/element/f.CDFA6E493D27092015EBC4B367807A6B.d.F18736C8CE66F51E3E6B42E8350699B5.e.3063/click - {}
RESULT: {}
COMMAND: POST /session/295828e4dec9e4b50cbbfbe86b51fb47/execute/async - {"script":"<script> [1562 bytes]","args":[{"selector":{"controlType":"sap.m.StandardListItem","viewName":"reusables.view.manageresources.NewResourceUnit","viewId":"application-manageresources-display-component---newResourceUnit","properties":{"title":"Gram"},"searchOpenDialogs":true,"interaction":{"idSuffix":"content"}},"wdio_ui5_key":"reusablesview.manageresources.NewResourceUnitsap.m.StandardListItem{\"title\":\"Gram\"}"}]}
COMMAND: GET /session/295828e4dec9e4b50cbbfbe86b51fb47/screenshot - {}
RESULT: {"script":"<script> [1562 bytes]","args":[{"selector":{"controlType":"sap.m.StandardListItem","viewName":"reusables.view.manageresources.NewResourceUnit","viewId":"application-manageresources-display-component---newResourceUnit","properties":{"title":"Gram"},"searchOpenDialogs":true,"interaction":{"idSuffix":"content"}},"wdio_ui5_key":"reusablesview.manageresources.NewResourceUnitsap.m.StandardListItem{\"title\":\"Gram\"}"}]}
RESULT: undefined
COMMAND: POST /session/295828e4dec9e4b50cbbfbe86b51fb47/element - {"using":"xpath","value":"//*[@id=\"__item1083\"]"}
RESULT: {}
RESULT: {"using":"xpath","value":"//*[@id=\"__item1083\"]"}
COMMAND: POST /session/295828e4dec9e4b50cbbfbe86b51fb47/element/f.CDFA6E493D27092015EBC4B367807A6B.d.F18736C8CE66F51E3E6B42E8350699B5.e.3065/click - {}
RESULT: {}
COMMAND: POST /session/295828e4dec9e4b50cbbfbe86b51fb47/execute/async - {"script":"<script> [1562 bytes]","args":[{"selector":{"id":"application-manageresources-display-component---newResourceUnit--newRRUPage-OPHeaderContent-collapseBtn-img"},"wdio_ui5_key":"applicationmanageresources-display-component---newResourceUnit--newRRUPage-OPHeaderContent-collapseBtn-img"}]}
COMMAND: GET /session/295828e4dec9e4b50cbbfbe86b51fb47/screenshot - {}
RESULT: {"script":"<script> [1562 bytes]","args":[{"selector":{"id":"application-manageresources-display-component---newResourceUnit--newRRUPage-OPHeaderContent-collapseBtn-img"},"wdio_ui5_key":"applicationmanageresources-display-component---newResourceUnit--newRRUPage-OPHeaderContent-collapseBtn-img"}]}
RESULT: undefined
COMMAND: POST /session/295828e4dec9e4b50cbbfbe86b51fb47/element - {"using":"xpath","value":"//*[@id=\"application-manageresources-display-component---newResourceUnit--newRRUPage-OPHeaderContent-collapseBtn-img\"]"}
RESULT: {}
RESULT: {"using":"xpath","value":"//*[@id=\"application-manageresources-display-component---newResourceUnit--newRRUPage-OPHeaderContent-collapseBtn-img\"]"}
COMMAND: POST /session/295828e4dec9e4b50cbbfbe86b51fb47/element/f.CDFA6E493D27092015EBC4B367807A6B.d.F18736C8CE66F51E3E6B42E8350699B5.e.3011/click - {}
RESULT: {}
COMMAND: GET /session/295828e4dec9e4b50cbbfbe86b51fb47/screenshot - {}
RESULT: {}
COMMAND: POST /session/295828e4dec9e4b50cbbfbe86b51fb47/element - {"using":"xpath","value":"(//span[contains(@id ,\"application-manageresources-display-component---newResourceUnit--DIMENSION_UNIT-arrow\")])[1]"}
RESULT: {"using":"xpath","value":"(//span[contains(@id ,\"application-manageresources-display-component---newResourceUnit--DIMENSION_UNIT-arrow\")])[1]"}
COMMAND: POST /session/295828e4dec9e4b50cbbfbe86b51fb47/element/f.CDFA6E493D27092015EBC4B367807A6B.d.F18736C8CE66F51E3E6B42E8350699B5.e.3069/click - {}
RESULT: {}
COMMAND: GET /session/295828e4dec9e4b50cbbfbe86b51fb47/screenshot - {}
RESULT: {}
COMMAND: POST /session/295828e4dec9e4b50cbbfbe86b51fb47/execute/async - {"script":"<script> [1562 bytes]","args":[{"selector":{"controlType":"sap.m.StandardListItem","viewName":"reusables.view.manageresources.NewResourceUnit","viewId":"application-manageresources-display-component---newResourceUnit","properties":{"title":"Centimeter"},"searchOpenDialogs":true,"interaction":{"idSuffix":"titleText"}},"wdio_ui5_key":"reusablesview.manageresources.NewResourceUnitsap.m.StandardListItem{\"title\":\"Centimeter\"}"}]}
RESULT: {"script":"<script> [1562 bytes]","args":[{"selector":{"controlType":"sap.m.StandardListItem","viewName":"reusables.view.manageresources.NewResourceUnit","viewId":"application-manageresources-display-component---newResourceUnit","properties":{"title":"Centimeter"},"searchOpenDialogs":true,"interaction":{"idSuffix":"titleText"}},"wdio_ui5_key":"reusablesview.manageresources.NewResourceUnitsap.m.StandardListItem{\"title\":\"Centimeter\"}"}]}
RESULT: undefined
COMMAND: POST /session/295828e4dec9e4b50cbbfbe86b51fb47/element - {"using":"xpath","value":"//*[@id=\"__item1086\"]"}
RESULT: {"using":"xpath","value":"//*[@id=\"__item1086\"]"}
COMMAND: POST /session/295828e4dec9e4b50cbbfbe86b51fb47/element/f.CDFA6E493D27092015EBC4B367807A6B.d.F18736C8CE66F51E3E6B42E8350699B5.e.3073/click - {}
RESULT: {}
COMMAND: POST /session/295828e4dec9e4b50cbbfbe86b51fb47/execute/async - {"script":"<script> [1562 bytes]","args":[{"selector":{"id":"application-manageresources-display-component---newResourceUnit--newRRUPage-anchBar-application-manageresources-display-component---newResourceUnit--reference-anchor","interaction":{"idSuffix":"BDI-content"}},"wdio_ui5_key":"applicationmanageresources-display-component---newResourceUnit--newRRUPage-anchBar-application-manageresources-display-component---newResourceUnit--reference-anchor"}]}
COMMAND: GET /session/295828e4dec9e4b50cbbfbe86b51fb47/screenshot - {}
RESULT: {"script":"<script> [1562 bytes]","args":[{"selector":{"id":"application-manageresources-display-component---newResourceUnit--newRRUPage-anchBar-application-manageresources-display-component---newResourceUnit--reference-anchor","interaction":{"idSuffix":"BDI-content"}},"wdio_ui5_key":"applicationmanageresources-display-component---newResourceUnit--newRRUPage-anchBar-application-manageresources-display-component---newResourceUnit--reference-anchor"}]}
RESULT: undefined
COMMAND: POST /session/295828e4dec9e4b50cbbfbe86b51fb47/element - {"using":"xpath","value":"//*[@id=\"application-manageresources-display-component---newResourceUnit--newRRUPage-anchBar-application-manageresources-display-component---newResourceUnit--reference-anchor\"]"}
RESULT: {}
RESULT: {"using":"xpath","value":"//*[@id=\"application-manageresources-display-component---newResourceUnit--newRRUPage-anchBar-application-manageresources-display-component---newResourceUnit--reference-anchor\"]"}
COMMAND: POST /session/295828e4dec9e4b50cbbfbe86b51fb47/element/f.CDFA6E493D27092015EBC4B367807A6B.d.F18736C8CE66F51E3E6B42E8350699B5.e.3075/click - {}
RESULT: {}
COMMAND: POST /session/295828e4dec9e4b50cbbfbe86b51fb47/execute/async - {"script":"<script> [1562 bytes]","args":[{"selector":{"id":"application-manageresources-display-component---newResourceUnit--PLANNING_GROUP-arrow"},"wdio_ui5_key":"applicationmanageresources-display-component---newResourceUnit--PLANNING_GROUP-arrow"}]}
COMMAND: GET /session/295828e4dec9e4b50cbbfbe86b51fb47/screenshot - {}
RESULT: {"script":"<script> [1562 bytes]","args":[{"selector":{"id":"application-manageresources-display-component---newResourceUnit--PLANNING_GROUP-arrow"},"wdio_ui5_key":"applicationmanageresources-display-component---newResourceUnit--PLANNING_GROUP-arrow"}]}
RESULT: undefined
COMMAND: POST /session/295828e4dec9e4b50cbbfbe86b51fb47/element - {"using":"xpath","value":"//*[@id=\"application-manageresources-display-component---newResourceUnit--PLANNING_GROUP-arrow\"]"}
RESULT: {}
RESULT: {"using":"xpath","value":"//*[@id=\"application-manageresources-display-component---newResourceUnit--PLANNING_GROUP-arrow\"]"}
COMMAND: POST /session/295828e4dec9e4b50cbbfbe86b51fb47/element/f.CDFA6E493D27092015EBC4B367807A6B.d.F18736C8CE66F51E3E6B42E8350699B5.e.3079/click - {}
RESULT: {}
COMMAND: POST /session/295828e4dec9e4b50cbbfbe86b51fb47/execute/async - {"script":"<script> [1562 bytes]","args":[{"selector":{"controlType":"sap.m.StandardListItem","viewName":"reusables.view.manageresources.NewResourceUnit","viewId":"application-manageresources-display-component---newResourceUnit","properties":{"title":"Heavy Equi"},"searchOpenDialogs":true,"interaction":{"idSuffix":"content"}},"wdio_ui5_key":"reusablesview.manageresources.NewResourceUnitsap.m.StandardListItem{\"title\":\"Heavy Equi\"}"}]}
COMMAND: GET /session/295828e4dec9e4b50cbbfbe86b51fb47/screenshot - {}
RESULT: {"script":"<script> [1562 bytes]","args":[{"selector":{"controlType":"sap.m.StandardListItem","viewName":"reusables.view.manageresources.NewResourceUnit","viewId":"application-manageresources-display-component---newResourceUnit","properties":{"title":"Heavy Equi"},"searchOpenDialogs":true,"interaction":{"idSuffix":"content"}},"wdio_ui5_key":"reusablesview.manageresources.NewResourceUnitsap.m.StandardListItem{\"title\":\"Heavy Equi\"}"}]}
RESULT: undefined
COMMAND: POST /session/295828e4dec9e4b50cbbfbe86b51fb47/element - {"using":"xpath","value":"//*[@id=\"__item1094\"]"}
RESULT: {}
RESULT: {"using":"xpath","value":"//*[@id=\"__item1094\"]"}
COMMAND: POST /session/295828e4dec9e4b50cbbfbe86b51fb47/element/f.CDFA6E493D27092015EBC4B367807A6B.d.F18736C8CE66F51E3E6B42E8350699B5.e.3081/click - {}
RESULT: {}
COMMAND: GET /session/295828e4dec9e4b50cbbfbe86b51fb47/screenshot - {}
RESULT: {}
COMMAND: POST /session/295828e4dec9e4b50cbbfbe86b51fb47/execute/async - {"script":"<script> [1562 bytes]","args":[{"selector":{"id":"application-manageresources-display-component---newResourceUnit--PLANNING_INDICATOR-arrow"},"wdio_ui5_key":"applicationmanageresources-display-component---newResourceUnit--PLANNING_INDICATOR-arrow"}]}
RESULT: {"script":"<script> [1562 bytes]","args":[{"selector":{"id":"application-manageresources-display-component---newResourceUnit--PLANNING_INDICATOR-arrow"},"wdio_ui5_key":"applicationmanageresources-display-component---newResourceUnit--PLANNING_INDICATOR-arrow"}]}
RESULT: undefined
COMMAND: POST /session/295828e4dec9e4b50cbbfbe86b51fb47/element - {"using":"xpath","value":"//*[@id=\"application-manageresources-display-component---newResourceUnit--PLANNING_INDICATOR-arrow\"]"}
RESULT: {"using":"xpath","value":"//*[@id=\"application-manageresources-display-component---newResourceUnit--PLANNING_INDICATOR-arrow\"]"}
COMMAND: POST /session/295828e4dec9e4b50cbbfbe86b51fb47/element/f.CDFA6E493D27092015EBC4B367807A6B.d.F18736C8CE66F51E3E6B42E8350699B5.e.3082/click - {}
RESULT: {}
COMMAND: POST /session/295828e4dec9e4b50cbbfbe86b51fb47/execute/async - {"script":"<script> [1562 bytes]","args":[{"selector":{"controlType":"sap.m.StandardListItem","viewName":"reusables.view.manageresources.NewResourceUnit","viewId":"application-manageresources-display-component---newResourceUnit","properties":{"title":"10 - infinite"},"searchOpenDialogs":true,"interaction":{"idSuffix":"content"}},"wdio_ui5_key":"reusablesview.manageresources.NewResourceUnitsap.m.StandardListItem{\"title\":\"10 - infinite\"}"}]}
COMMAND: GET /session/295828e4dec9e4b50cbbfbe86b51fb47/screenshot - {}
RESULT: {"script":"<script> [1562 bytes]","args":[{"selector":{"controlType":"sap.m.StandardListItem","viewName":"reusables.view.manageresources.NewResourceUnit","viewId":"application-manageresources-display-component---newResourceUnit","properties":{"title":"10 - infinite"},"searchOpenDialogs":true,"interaction":{"idSuffix":"content"}},"wdio_ui5_key":"reusablesview.manageresources.NewResourceUnitsap.m.StandardListItem{\"title\":\"10 - infinite\"}"}]}
RESULT: undefined
COMMAND: POST /session/295828e4dec9e4b50cbbfbe86b51fb47/element - {"using":"xpath","value":"//*[@id=\"__item1104\"]"}
RESULT: {}
RESULT: {"using":"xpath","value":"//*[@id=\"__item1104\"]"}
COMMAND: POST /session/295828e4dec9e4b50cbbfbe86b51fb47/element/f.CDFA6E493D27092015EBC4B367807A6B.d.F18736C8CE66F51E3E6B42E8350699B5.e.3084/click - {}
RESULT: {}
COMMAND: GET /session/295828e4dec9e4b50cbbfbe86b51fb47/screenshot - {}
RESULT: {}
COMMAND: POST /session/295828e4dec9e4b50cbbfbe86b51fb47/element - {"using":"xpath","value":"//bdi[contains(text(), \"Time Segment\")]"}
RESULT: {"using":"xpath","value":"//bdi[contains(text(), \"Time Segment\")]"}
COMMAND: GET /session/295828e4dec9e4b50cbbfbe86b51fb47/element/f.CDFA6E493D27092015EBC4B367807A6B.d.F18736C8CE66F51E3E6B42E8350699B5.e.3085/rect - {}
RESULT: {}
COMMAND: GET /session/295828e4dec9e4b50cbbfbe86b51fb47/window/rect - {}
RESULT: {}
COMMAND: POST /session/295828e4dec9e4b50cbbfbe86b51fb47/execute/sync - {"script":"<script> [92 bytes]","args":[]}
RESULT: {"script":"<script> [92 bytes]","args":[]}
COMMAND: POST /session/295828e4dec9e4b50cbbfbe86b51fb47/actions - {"actions":[{"id":"action5","type":"wheel","parameters":{},"actions":[{"type":"scroll","x":-1820,"y":-21,"deltaX":0,"deltaY":0,"duration":0,"origin":{"element-6066-11e4-a52e-4f735466cecf":"f.CDFA6E493D27092015EBC4B367807A6B.d.F18736C8CE66F51E3E6B42E8350699B5.e.3085"}}]}]}
COMMAND: GET /session/295828e4dec9e4b50cbbfbe86b51fb47/screenshot - {}
RESULT: {}
COMMAND: POST /session/295828e4dec9e4b50cbbfbe86b51fb47/execute/sync - {"script":"<script> [79 bytes]","args":[{"element-6066-11e4-a52e-4f735466cecf":"f.CDFA6E493D27092015EBC4B367807A6B.d.F18736C8CE66F51E3E6B42E8350699B5.e.3085","ELEMENT":"f.CDFA6E493D27092015EBC4B367807A6B.d.F18736C8CE66F51E3E6B42E8350699B5.e.3085"},{"block":"start","inline":"nearest"}]}
RESULT: {"script":"<script> [79 bytes]","args":[{"element-6066-11e4-a52e-4f735466cecf":"f.CDFA6E493D27092015EBC4B367807A6B.d.F18736C8CE66F51E3E6B42E8350699B5.e.3085","ELEMENT":"f.CDFA6E493D27092015EBC4B367807A6B.d.F18736C8CE66F51E3E6B42E8350699B5.e.3085"},{"block":"start","inline":"nearest"}]}
COMMAND: GET /session/295828e4dec9e4b50cbbfbe86b51fb47/screenshot - {}
RESULT: {}
COMMAND: POST /session/295828e4dec9e4b50cbbfbe86b51fb47/element - {"using":"xpath","value":"//span[@id=\"application-manageresources-display-component---newResourceUnit--btnAddTimeSegment-img\"]"}
RESULT: {"using":"xpath","value":"//span[@id=\"application-manageresources-display-component---newResourceUnit--btnAddTimeSegment-img\"]"}
COMMAND: POST /session/295828e4dec9e4b50cbbfbe86b51fb47/execute/sync - {"script":"<script> [8489 bytes]","args":[{"element-6066-11e4-a52e-4f735466cecf":"f.CDFA6E493D27092015EBC4B367807A6B.d.F18736C8CE66F51E3E6B42E8350699B5.e.3088","ELEMENT":"f.CDFA6E493D27092015EBC4B367807A6B.d.F18736C8CE66F51E3E6B42E8350699B5.e.3088"}]}
RESULT: {"script":"<script> [8489 bytes]","args":[{"element-6066-11e4-a52e-4f735466cecf":"f.CDFA6E493D27092015EBC4B367807A6B.d.F18736C8CE66F51E3E6B42E8350699B5.e.3088","ELEMENT":"f.CDFA6E493D27092015EBC4B367807A6B.d.F18736C8CE66F51E3E6B42E8350699B5.e.3088"}]}
COMMAND: POST /session/295828e4dec9e4b50cbbfbe86b51fb47/element/f.CDFA6E493D27092015EBC4B367807A6B.d.F18736C8CE66F51E3E6B42E8350699B5.e.3088/click - {}
COMMAND: GET /session/295828e4dec9e4b50cbbfbe86b51fb47/screenshot - {}
RESULT: {}
COMMAND: GET /session/295828e4dec9e4b50cbbfbe86b51fb47/screenshot - {}
COMMAND: POST /session/295828e4dec9e4b50cbbfbe86b51fb47/element - {"using":"xpath","value":"//input[@id=\"application-manageresources-display-component---newResourceUnit--idRuTSAdmin-application-manageresources-display-component---newResourceUnit--RUTimeSegment-0-inner\"]"}
RESULT: {}
RESULT: {}
RESULT: {"using":"xpath","value":"//input[@id=\"application-manageresources-display-component---newResourceUnit--idRuTSAdmin-application-manageresources-display-component---newResourceUnit--RUTimeSegment-0-inner\"]"}
COMMAND: POST /session/295828e4dec9e4b50cbbfbe86b51fb47/element/f.CDFA6E493D27092015EBC4B367807A6B.d.F18736C8CE66F51E3E6B42E8350699B5.e.3091/clear - {}
RESULT: {}
COMMAND: POST /session/295828e4dec9e4b50cbbfbe86b51fb47/element/f.CDFA6E493D27092015EBC4B367807A6B.d.F18736C8CE66F51E3E6B42E8350699B5.e.3091/value - {"text":"WebdriverYardg9fe"}
COMMAND: GET /session/295828e4dec9e4b50cbbfbe86b51fb47/screenshot - {}
RESULT: {"text":"WebdriverYardg9fe"}
COMMAND: GET /session/295828e4dec9e4b50cbbfbe86b51fb47/screenshot - {}
RESULT: {}
RESULT: {}
COMMAND: POST /session/295828e4dec9e4b50cbbfbe86b51fb47/actions - {"actions":[{"id":"action6","type":"key","parameters":{},"actions":[{"type":"keyDown","value":""},{"type":"pause","duration":10},{"type":"keyUp","value":""}]}]}
RESULT: {"actions":[{"id":"action6","type":"key","parameters":{},"actions":[{"type":"keyDown","value":""},{"type":"pause","duration":10},{"type":"keyUp","value":""}]}]}
COMMAND: GET /session/295828e4dec9e4b50cbbfbe86b51fb47/screenshot - {}
RESULT: {}
COMMAND: POST /session/295828e4dec9e4b50cbbfbe86b51fb47/execute/async - {"script":"<script> [1562 bytes]","args":[{"selector":{"controlType":"sap.m.Button","viewName":"reusables.view.manageresources.NewResourceUnit","viewId":"application-manageresources-display-component---newResourceUnit","i18NText":{"propertyName":"tooltip","key":"save"},"interaction":{"idSuffix":"BDI-content"}},"wdio_ui5_key":"reusablesview.manageresources.NewResourceUnitsap.m.Button{\"propertyName\":\"tooltip\",\"key\":\"save\"}"}]}
RESULT: {"script":"<script> [1562 bytes]","args":[{"selector":{"controlType":"sap.m.Button","viewName":"reusables.view.manageresources.NewResourceUnit","viewId":"application-manageresources-display-component---newResourceUnit","i18NText":{"propertyName":"tooltip","key":"save"},"interaction":{"idSuffix":"BDI-content"}},"wdio_ui5_key":"reusablesview.manageresources.NewResourceUnitsap.m.Button{\"propertyName\":\"tooltip\",\"key\":\"save\"}"}]}
RESULT: undefined
COMMAND: POST /session/295828e4dec9e4b50cbbfbe86b51fb47/element - {"using":"xpath","value":"//*[@id=\"application-manageresources-display-component---newResourceUnit--createRuButton\"]"}
RESULT: {"using":"xpath","value":"//*[@id=\"application-manageresources-display-component---newResourceUnit--createRuButton\"]"}
COMMAND: POST /session/295828e4dec9e4b50cbbfbe86b51fb47/element/f.CDFA6E493D27092015EBC4B367807A6B.d.F18736C8CE66F51E3E6B42E8350699B5.e.3017/click - {}
RESULT: {}
COMMAND: GET /session/295828e4dec9e4b50cbbfbe86b51fb47/screenshot - {}
RESULT: {}
COMMAND: POST /session/295828e4dec9e4b50cbbfbe86b51fb47/execute/async - {"script":"<script> [1562 bytes]","args":[{"selector":{"controlType":"sap.m.Title","properties":{"text":"Success"},"searchOpenDialogs":true},"wdio_ui5_key":"sapm.Title{\"text\":\"Success\"}"}]}
RESULT: {"script":"<script> [1562 bytes]","args":[{"selector":{"controlType":"sap.m.Title","properties":{"text":"Success"},"searchOpenDialogs":true},"wdio_ui5_key":"sapm.Title{\"text\":\"Success\"}"}]}
RESULT: undefined
COMMAND: POST /session/295828e4dec9e4b50cbbfbe86b51fb47/execute/async - {"script":"<script> [6424 bytes]","args":[{"element-6066-11e4-a52e-4f735466cecf":"f.CDFA6E493D27092015EBC4B367807A6B.d.F18736C8CE66F51E3E6B42E8350699B5.e.3104"},"getText",[]]}
RESULT: {"script":"<script> [6424 bytes]","args":[{"element-6066-11e4-a52e-4f735466cecf":"f.CDFA6E493D27092015EBC4B367807A6B.d.F18736C8CE66F51E3E6B42E8350699B5.e.3104"},"getText",[]]}
COMMAND: POST /session/295828e4dec9e4b50cbbfbe86b51fb47/element - {"using":"xpath","value":"//*[contains(@id, '__text') and (contains(text(), 'successfully created') or contains(., 'successfully created'))]"}
RESULT: {"using":"xpath","value":"//*[contains(@id, '__text') and (contains(text(), 'successfully created') or contains(., 'successfully created'))]"}
COMMAND: GET /session/295828e4dec9e4b50cbbfbe86b51fb47/element/f.CDFA6E493D27092015EBC4B367807A6B.d.F18736C8CE66F51E3E6B42E8350699B5.e.3103/text - {}
RESULT: {}
COMMAND: POST /session/295828e4dec9e4b50cbbfbe86b51fb47/execute/async - {"script":"<script> [1562 bytes]","args":[{"selector":{"controlType":"sap.m.Button","properties":{"text":"Close"},"searchOpenDialogs":true,"interaction":{"idSuffix":"BDI-content"}},"wdio_ui5_key":"sapm.Button{\"text\":\"Close\"}"}]}
RESULT: {"script":"<script> [1562 bytes]","args":[{"selector":{"controlType":"sap.m.Button","properties":{"text":"Close"},"searchOpenDialogs":true,"interaction":{"idSuffix":"BDI-content"}},"wdio_ui5_key":"sapm.Button{\"text\":\"Close\"}"}]}
RESULT: undefined
COMMAND: POST /session/295828e4dec9e4b50cbbfbe86b51fb47/element - {"using":"xpath","value":"//*[@id=\"__mbox-btn-0\"]"}
RESULT: {"using":"xpath","value":"//*[@id=\"__mbox-btn-0\"]"}
COMMAND: POST /session/295828e4dec9e4b50cbbfbe86b51fb47/element/f.CDFA6E493D27092015EBC4B367807A6B.d.F18736C8CE66F51E3E6B42E8350699B5.e.3101/click - {}
RESULT: {}
COMMAND: GET /session/295828e4dec9e4b50cbbfbe86b51fb47/screenshot - {}
RESULT: {}
COMMAND: POST /session/295828e4dec9e4b50cbbfbe86b51fb47/execute/async - {"script":"<script> [1562 bytes]","args":[{"selector":{"controlType":"sap.ui.core.Icon","viewName":"etm.portal.ui.manageresources.view.Detail","viewId":"application-manageresources-display-component---detailRU","properties":{"src":{"regex":{"source":"overflow"}}}},"wdio_ui5_key":"etmportal.ui.manageresources.view.Detailsap.ui.core.Icon{\"src\":{\"regex\":{\"source\":\"overflow\"}}}"}]}
RESULT: {"script":"<script> [1562 bytes]","args":[{"selector":{"controlType":"sap.ui.core.Icon","viewName":"etm.portal.ui.manageresources.view.Detail","viewId":"application-manageresources-display-component---detailRU","properties":{"src":{"regex":{"source":"overflow"}}}},"wdio_ui5_key":"etmportal.ui.manageresources.view.Detailsap.ui.core.Icon{\"src\":{\"regex\":{\"source\":\"overflow\"}}}"}]}
RESULT: undefined
COMMAND: POST /session/295828e4dec9e4b50cbbfbe86b51fb47/element - {"using":"xpath","value":"//*[@id=\"__title36-_actionsToolbar-overflowButton-img\"]"}
RESULT: {"using":"xpath","value":"//*[@id=\"__title36-_actionsToolbar-overflowButton-img\"]"}
COMMAND: POST /session/295828e4dec9e4b50cbbfbe86b51fb47/element/f.CDFA6E493D27092015EBC4B367807A6B.d.F18736C8CE66F51E3E6B42E8350699B5.e.3136/click - {}
RESULT: {}
COMMAND: POST /session/295828e4dec9e4b50cbbfbe86b51fb47/execute/async - {"script":"<script> [1562 bytes]","args":[{"selector":{"controlType":"sap.m.Button","viewName":"etm.portal.ui.manageresources.view.Detail","viewId":"application-manageresources-display-component---detailRU","i18NText":{"propertyName":"tooltip","key":"closeColumn"},"searchOpenDialogs":true,"interaction":{"idSuffix":"inner"}},"wdio_ui5_key":"etmportal.ui.manageresources.view.Detailsap.m.Button{\"propertyName\":\"tooltip\",\"key\":\"closeColumn\"}"}]}
COMMAND: GET /session/295828e4dec9e4b50cbbfbe86b51fb47/screenshot - {}
RESULT: {"script":"<script> [1562 bytes]","args":[{"selector":{"controlType":"sap.m.Button","viewName":"etm.portal.ui.manageresources.view.Detail","viewId":"application-manageresources-display-component---detailRU","i18NText":{"propertyName":"tooltip","key":"closeColumn"},"searchOpenDialogs":true,"interaction":{"idSuffix":"inner"}},"wdio_ui5_key":"etmportal.ui.manageresources.view.Detailsap.m.Button{\"propertyName\":\"tooltip\",\"key\":\"closeColumn\"}"}]}
RESULT: undefined
COMMAND: POST /session/295828e4dec9e4b50cbbfbe86b51fb47/element - {"using":"xpath","value":"//*[@id=\"__button147\"]"}
RESULT: {}
RESULT: {"using":"xpath","value":"//*[@id=\"__button147\"]"}
COMMAND: POST /session/295828e4dec9e4b50cbbfbe86b51fb47/element/f.CDFA6E493D27092015EBC4B367807A6B.d.F18736C8CE66F51E3E6B42E8350699B5.e.3140/click - {}
RESULT: {}
COMMAND: GET /session/295828e4dec9e4b50cbbfbe86b51fb47/screenshot - {}
RESULT: {}
COMMAND: POST /session/295828e4dec9e4b50cbbfbe86b51fb47/refresh - {}
RESULT: {}
COMMAND: GET /session/295828e4dec9e4b50cbbfbe86b51fb47/screenshot - {}
RESULT: undefined
RESULT: undefined
RESULT: {}
COMMAND: POST /session/295828e4dec9e4b50cbbfbe86b51fb47/refresh - {}
RESULT: {}
COMMAND: GET /session/295828e4dec9e4b50cbbfbe86b51fb47/screenshot - {}
RESULT: {}
RESULT: undefined
COMMAND: POST /session/295828e4dec9e4b50cbbfbe86b51fb47/execute/async - {"script":"<script> [189 bytes]","args":[]}
RESULT: {"script":"<script> [189 bytes]","args":[]}
COMMAND: POST /session/295828e4dec9e4b50cbbfbe86b51fb47/execute/async - {"script":"<script> [123 bytes]","args":[]}
RESULT: {"script":"<script> [123 bytes]","args":[]}
COMMAND: POST /session/295828e4dec9e4b50cbbfbe86b51fb47/timeouts - {"script":"<number>"}
RESULT: {"script":"<number>"}
COMMAND: GET /session/295828e4dec9e4b50cbbfbe86b51fb47/timeouts - {}
RESULT: {}
RESULT: undefined
COMMAND: POST /session/295828e4dec9e4b50cbbfbe86b51fb47/execute/async - {"script":"<script> [2676 bytes]","args":[]}
RESULT: {"script":"<script> [2676 bytes]","args":[]}
COMMAND: POST /session/295828e4dec9e4b50cbbfbe86b51fb47/execute/async - {"script":"<script> [2342 bytes]","args":[{"protocol":"http","hostname":"0.0.0.0","path":"/","capabilities":{"browserName":"chrome","goog:chromeOptions":{"binary":"C:\\Program Files\\Google\\Chrome\\Application\\chrome.exe","args":["--start-maximized"]}},"logLevel":"warn","connectionRetryTimeout":120000,"connectionRetryCount":3,"logLevels":{},"enableDirectConnect":true,"strictSSL":true,"_":"65 more keys: [\"cacheDir\",\"port\",\"requestedCapabilities\",\"automationProtocol\",\"baseUrl\",\"waitforInterval\",\"waitforTimeout\",\"onReload\",\"beforeCommand\",\"afterCommand\",\"rootDir\",\"specs\",\"suites\",\"exclude\",\"groupLogsByTestSpec\",\"excludeDriverLogs\",\"bail\",\"framework\",\"reporters\",\"services\",\"maxInstances\",\"maxInstancesPerCapability\",\"injectGlobals\",\"filesToWatch\",\"execArgv\",\"runnerEnv\",\"runner\",\"shard\",\"specFileRetries\",\"specFileRetriesDelay\",\"specFileRetriesDeferred\",\"reporterSyncInterval\",\"reporterSyncTimeout\",\"cucumberFeaturesWithLineNumbers\",\"autoCompileOpts\",\"mochaOpts\",\"jasmineOpts\",\"cucumberOpts\",\"onPrepare\",\"onWorkerStart\",\"onWorkerEnd\",\"before\",\"beforeSession\",\"beforeSuite\",\"beforeHook\",\"beforeTest\",\"afterTest\",\"afterHook\",\"afterSuite\",\"afterSession\",\"after\",\"onComplete\",\"beforeAssertion\",\"afterAssertion\",\"beforeFeature\",\"beforeScenario\",\"beforeStep\",\"afterStep\",\"afterScenario\",\"afterFeature\",\"_\",\"suite\",\"$0\",\"ignoredWorkerServices\",\"wdi5\"]"}]}
RESULT: {"script":"<script> [2342 bytes]","args":[{"protocol":"http","hostname":"0.0.0.0","path":"/","capabilities":{"browserName":"chrome","goog:chromeOptions":{"binary":"C:\\Program Files\\Google\\Chrome\\Application\\chrome.exe","args":["--start-maximized"]}},"logLevel":"warn","connectionRetryTimeout":120000,"connectionRetryCount":3,"logLevels":{},"enableDirectConnect":true,"strictSSL":true,"_":"65 more keys: [\"cacheDir\",\"port\",\"requestedCapabilities\",\"automationProtocol\",\"baseUrl\",\"waitforInterval\",\"waitforTimeout\",\"onReload\",\"beforeCommand\",\"afterCommand\",\"rootDir\",\"specs\",\"suites\",\"exclude\",\"groupLogsByTestSpec\",\"excludeDriverLogs\",\"bail\",\"framework\",\"reporters\",\"services\",\"maxInstances\",\"maxInstancesPerCapability\",\"injectGlobals\",\"filesToWatch\",\"execArgv\",\"runnerEnv\",\"runner\",\"shard\",\"specFileRetries\",\"specFileRetriesDelay\",\"specFileRetriesDeferred\",\"reporterSyncInterval\",\"reporterSyncTimeout\",\"cucumberFeaturesWithLineNumbers\",\"autoCompileOpts\",\"mochaOpts\",\"jasmineOpts\",\"cucumberOpts\",\"onPrepare\",\"onWorkerStart\",\"onWorkerEnd\",\"before\",\"beforeSession\",\"beforeSuite\",\"beforeHook\",\"beforeTest\",\"afterTest\",\"afterHook\",\"afterSuite\",\"afterSession\",\"after\",\"onComplete\",\"beforeAssertion\",\"afterAssertion\",\"beforeFeature\",\"beforeScenario\",\"beforeStep\",\"afterStep\",\"afterScenario\",\"afterFeature\",\"_\",\"suite\",\"$0\",\"ignoredWorkerServices\",\"wdi5\"]"}]}
COMMAND: POST /session/295828e4dec9e4b50cbbfbe86b51fb47/execute/async - {"script":"<script> [21126 bytes]","args":[35000]}
RESULT: {"script":"<script> [21126 bytes]","args":[35000]}
COMMAND: POST /session/295828e4dec9e4b50cbbfbe86b51fb47/element - {"using":"css selector","value":"#shell-header-logo"}
RESULT: {"using":"css selector","value":"#shell-header-logo"}
COMMAND: POST /session/295828e4dec9e4b50cbbfbe86b51fb47/element/f.CDFA6E493D27092015EBC4B367807A6B.d.326A268F95DE8F898ACBB966F88C029D.e.3391/click - {}
RESULT: {}
COMMAND: GET /session/295828e4dec9e4b50cbbfbe86b51fb47/screenshot - {}
RESULT: {}
COMMAND: POST /session/295828e4dec9e4b50cbbfbe86b51fb47/execute/async - {"script":"<script> [1562 bytes]","args":[{"selector":{"controlType":"sap.m.GenericTile","properties":{"header":"Manage Resources"}},"wdio_ui5_key":"sapm.GenericTile{\"header\":\"Manage Resources\"}"}]}
RESULT: {"script":"<script> [1562 bytes]","args":[{"selector":{"controlType":"sap.m.GenericTile","properties":{"header":"Manage Resources"}},"wdio_ui5_key":"sapm.GenericTile{\"header\":\"Manage Resources\"}"}]}
RESULT: undefined
COMMAND: POST /session/295828e4dec9e4b50cbbfbe86b51fb47/element - {"using":"xpath","value":"//*[@id=\"__tile39\"]"}
RESULT: {"using":"xpath","value":"//*[@id=\"__tile39\"]"}
COMMAND: POST /session/295828e4dec9e4b50cbbfbe86b51fb47/element/f.CDFA6E493D27092015EBC4B367807A6B.d.326A268F95DE8F898ACBB966F88C029D.e.3572/click - {}
RESULT: {}
COMMAND: GET /session/295828e4dec9e4b50cbbfbe86b51fb47/screenshot - {}
RESULT: undefined
RESULT: undefined
RESULT: {}
COMMAND: POST /session/295828e4dec9e4b50cbbfbe86b51fb47/element - {"using":"xpath","value":"//button[@data-kt=\"addNewRUOverflowToolbarButton\"]"}
RESULT: {"using":"xpath","value":"//button[@data-kt=\"addNewRUOverflowToolbarButton\"]"}
COMMAND: POST /session/295828e4dec9e4b50cbbfbe86b51fb47/execute/sync - {"script":"<script> [8489 bytes]","args":[{"element-6066-11e4-a52e-4f735466cecf":"f.CDFA6E493D27092015EBC4B367807A6B.d.326A268F95DE8F898ACBB966F88C029D.e.3640","ELEMENT":"f.CDFA6E493D27092015EBC4B367807A6B.d.326A268F95DE8F898ACBB966F88C029D.e.3640"}]}
RESULT: {"script":"<script> [8489 bytes]","args":[{"element-6066-11e4-a52e-4f735466cecf":"f.CDFA6E493D27092015EBC4B367807A6B.d.326A268F95DE8F898ACBB966F88C029D.e.3640","ELEMENT":"f.CDFA6E493D27092015EBC4B367807A6B.d.326A268F95DE8F898ACBB966F88C029D.e.3640"}]}
COMMAND: POST /session/295828e4dec9e4b50cbbfbe86b51fb47/element/f.CDFA6E493D27092015EBC4B367807A6B.d.326A268F95DE8F898ACBB966F88C029D.e.3640/click - {}
COMMAND: GET /session/295828e4dec9e4b50cbbfbe86b51fb47/screenshot - {}
RESULT: {}
COMMAND: GET /session/295828e4dec9e4b50cbbfbe86b51fb47/screenshot - {}
RESULT: {}
COMMAND: POST /session/295828e4dec9e4b50cbbfbe86b51fb47/execute/async - {"script":"<script> [1562 bytes]","args":[{"selector":{"id":"application-manageresources-display-component---newResourceUnit--TYPE-arrow"},"wdio_ui5_key":"applicationmanageresources-display-component---newResourceUnit--TYPE-arrow"}]}
RESULT: {}
RESULT: {"script":"<script> [1562 bytes]","args":[{"selector":{"id":"application-manageresources-display-component---newResourceUnit--TYPE-arrow"},"wdio_ui5_key":"applicationmanageresources-display-component---newResourceUnit--TYPE-arrow"}]}
RESULT: undefined
COMMAND: POST /session/295828e4dec9e4b50cbbfbe86b51fb47/element - {"using":"xpath","value":"//*[@id=\"application-manageresources-display-component---newResourceUnit--TYPE-arrow\"]"}
RESULT: {"using":"xpath","value":"//*[@id=\"application-manageresources-display-component---newResourceUnit--TYPE-arrow\"]"}
COMMAND: POST /session/295828e4dec9e4b50cbbfbe86b51fb47/element/f.CDFA6E493D27092015EBC4B367807A6B.d.326A268F95DE8F898ACBB966F88C029D.e.3946/click - {}
RESULT: {}
COMMAND: POST /session/295828e4dec9e4b50cbbfbe86b51fb47/execute/async - {"script":"<script> [1562 bytes]","args":[{"selector":{"controlType":"sap.m.StandardListItem","viewName":"reusables.view.manageresources.NewResourceUnit","viewId":"application-manageresources-display-component---newResourceUnit","properties":{"title":"Equipment"},"searchOpenDialogs":true,"interaction":{"idSuffix":"content"}},"wdio_ui5_key":"reusablesview.manageresources.NewResourceUnitsap.m.StandardListItem{\"title\":\"Equipment\"}"}]}
COMMAND: GET /session/295828e4dec9e4b50cbbfbe86b51fb47/screenshot - {}
RESULT: {"script":"<script> [1562 bytes]","args":[{"selector":{"controlType":"sap.m.StandardListItem","viewName":"reusables.view.manageresources.NewResourceUnit","viewId":"application-manageresources-display-component---newResourceUnit","properties":{"title":"Equipment"},"searchOpenDialogs":true,"interaction":{"idSuffix":"content"}},"wdio_ui5_key":"reusablesview.manageresources.NewResourceUnitsap.m.StandardListItem{\"title\":\"Equipment\"}"}]}
RESULT: undefined
COMMAND: POST /session/295828e4dec9e4b50cbbfbe86b51fb47/element - {"using":"xpath","value":"//*[@id=\"__item181\"]"}
RESULT: {}
RESULT: {"using":"xpath","value":"//*[@id=\"__item181\"]"}
COMMAND: POST /session/295828e4dec9e4b50cbbfbe86b51fb47/element/f.CDFA6E493D27092015EBC4B367807A6B.d.326A268F95DE8F898ACBB966F88C029D.e.3949/click - {}
RESULT: {}
COMMAND: POST /session/295828e4dec9e4b50cbbfbe86b51fb47/execute/async - {"script":"<script> [1562 bytes]","args":[{"selector":{"id":"application-manageresources-display-component---newResourceUnit--resourceId","interaction":{"idSuffix":"inner"}},"wdio_ui5_key":"applicationmanageresources-display-component---newResourceUnit--resourceId"}]}
COMMAND: GET /session/295828e4dec9e4b50cbbfbe86b51fb47/screenshot - {}
RESULT: {"script":"<script> [1562 bytes]","args":[{"selector":{"id":"application-manageresources-display-component---newResourceUnit--resourceId","interaction":{"idSuffix":"inner"}},"wdio_ui5_key":"applicationmanageresources-display-component---newResourceUnit--resourceId"}]}
RESULT: undefined
COMMAND: POST /session/295828e4dec9e4b50cbbfbe86b51fb47/execute/async - {"script":"<script> [776 bytes]","args":[{"enterText":"WdIOR2cEquippmkri","selector":{"id":"application-manageresources-display-component---newResourceUnit--resourceId","interaction":{"idSuffix":"inner"}},"clearTextFirst":true,"interactionType":"ENTER_TEXT"}]}
RESULT: {}
RESULT: {"script":"<script> [776 bytes]","args":[{"enterText":"WdIOR2cEquippmkri","selector":{"id":"application-manageresources-display-component---newResourceUnit--resourceId","interaction":{"idSuffix":"inner"}},"clearTextFirst":true,"interactionType":"ENTER_TEXT"}]}
COMMAND: POST /session/295828e4dec9e4b50cbbfbe86b51fb47/execute/async - {"script":"<script> [1562 bytes]","args":[{"selector":{"id":"application-manageresources-display-component---newResourceUnit--SHORT_TEXT","interaction":{"idSuffix":"inner"}},"wdio_ui5_key":"applicationmanageresources-display-component---newResourceUnit--SHORT_TEXT"}]}
RESULT: {"script":"<script> [1562 bytes]","args":[{"selector":{"id":"application-manageresources-display-component---newResourceUnit--SHORT_TEXT","interaction":{"idSuffix":"inner"}},"wdio_ui5_key":"applicationmanageresources-display-component---newResourceUnit--SHORT_TEXT"}]}
RESULT: undefined
COMMAND: POST /session/295828e4dec9e4b50cbbfbe86b51fb47/execute/async - {"script":"<script> [776 bytes]","args":[{"enterText":"WdIOR2cEquippmkri","selector":{"id":"application-manageresources-display-component---newResourceUnit--SHORT_TEXT","interaction":{"idSuffix":"inner"}},"clearTextFirst":true,"interactionType":"ENTER_TEXT"}]}
RESULT: {"script":"<script> [776 bytes]","args":[{"enterText":"WdIOR2cEquippmkri","selector":{"id":"application-manageresources-display-component---newResourceUnit--SHORT_TEXT","interaction":{"idSuffix":"inner"}},"clearTextFirst":true,"interactionType":"ENTER_TEXT"}]}
COMMAND: POST /session/295828e4dec9e4b50cbbfbe86b51fb47/execute/async - {"script":"<script> [1562 bytes]","args":[{"selector":{"id":"application-manageresources-display-component---newResourceUnit--BASE_UNIT_OF_MEASURE","interaction":{"idSuffix":"inner"}},"wdio_ui5_key":"applicationmanageresources-display-component---newResourceUnit--BASE_UNIT_OF_MEASURE"}]}
RESULT: {"script":"<script> [1562 bytes]","args":[{"selector":{"id":"application-manageresources-display-component---newResourceUnit--BASE_UNIT_OF_MEASURE","interaction":{"idSuffix":"inner"}},"wdio_ui5_key":"applicationmanageresources-display-component---newResourceUnit--BASE_UNIT_OF_MEASURE"}]}
RESULT: undefined
COMMAND: POST /session/295828e4dec9e4b50cbbfbe86b51fb47/execute/async - {"script":"<script> [776 bytes]","args":[{"enterText":"Piece","selector":{"id":"application-manageresources-display-component---newResourceUnit--BASE_UNIT_OF_MEASURE","interaction":{"idSuffix":"inner"}},"clearTextFirst":true,"interactionType":"ENTER_TEXT"}]}
RESULT: {"script":"<script> [776 bytes]","args":[{"enterText":"Piece","selector":{"id":"application-manageresources-display-component---newResourceUnit--BASE_UNIT_OF_MEASURE","interaction":{"idSuffix":"inner"}},"clearTextFirst":true,"interactionType":"ENTER_TEXT"}]}
COMMAND: POST /session/295828e4dec9e4b50cbbfbe86b51fb47/execute/async - {"script":"<script> [1562 bytes]","args":[{"selector":{"id":"application-manageresources-display-component---newResourceUnit--WEIGHT_UNIT","interaction":{"idSuffix":"inner"}},"wdio_ui5_key":"applicationmanageresources-display-component---newResourceUnit--WEIGHT_UNIT"}]}
RESULT: {"script":"<script> [1562 bytes]","args":[{"selector":{"id":"application-manageresources-display-component---newResourceUnit--WEIGHT_UNIT","interaction":{"idSuffix":"inner"}},"wdio_ui5_key":"applicationmanageresources-display-component---newResourceUnit--WEIGHT_UNIT"}]}
RESULT: undefined
COMMAND: POST /session/295828e4dec9e4b50cbbfbe86b51fb47/execute/async - {"script":"<script> [776 bytes]","args":[{"enterText":"Gram","selector":{"id":"application-manageresources-display-component---newResourceUnit--WEIGHT_UNIT","interaction":{"idSuffix":"inner"}},"clearTextFirst":true,"interactionType":"ENTER_TEXT"}]}
RESULT: {"script":"<script> [776 bytes]","args":[{"enterText":"Gram","selector":{"id":"application-manageresources-display-component---newResourceUnit--WEIGHT_UNIT","interaction":{"idSuffix":"inner"}},"clearTextFirst":true,"interactionType":"ENTER_TEXT"}]}
COMMAND: POST /session/295828e4dec9e4b50cbbfbe86b51fb47/execute/async - {"script":"<script> [1562 bytes]","args":[{"selector":{"id":"application-manageresources-display-component---newResourceUnit--newRRUPage-OPHeaderContent-collapseBtn-img"},"wdio_ui5_key":"applicationmanageresources-display-component---newResourceUnit--newRRUPage-OPHeaderContent-collapseBtn-img"}]}
RESULT: {"script":"<script> [1562 bytes]","args":[{"selector":{"id":"application-manageresources-display-component---newResourceUnit--newRRUPage-OPHeaderContent-collapseBtn-img"},"wdio_ui5_key":"applicationmanageresources-display-component---newResourceUnit--newRRUPage-OPHeaderContent-collapseBtn-img"}]}
RESULT: undefined
COMMAND: POST /session/295828e4dec9e4b50cbbfbe86b51fb47/element - {"using":"xpath","value":"//*[@id=\"application-manageresources-display-component---newResourceUnit--newRRUPage-OPHeaderContent-collapseBtn-img\"]"}
RESULT: {"using":"xpath","value":"//*[@id=\"application-manageresources-display-component---newResourceUnit--newRRUPage-OPHeaderContent-collapseBtn-img\"]"}
COMMAND: POST /session/295828e4dec9e4b50cbbfbe86b51fb47/element/f.CDFA6E493D27092015EBC4B367807A6B.d.326A268F95DE8F898ACBB966F88C029D.e.3957/click - {}
RESULT: {}
COMMAND: GET /session/295828e4dec9e4b50cbbfbe86b51fb47/screenshot - {}
RESULT: {}
COMMAND: POST /session/295828e4dec9e4b50cbbfbe86b51fb47/element - {"using":"xpath","value":"(//span[contains(@id ,\"application-manageresources-display-component---newResourceUnit--DIMENSION_UNIT-arrow\")])[1]"}
RESULT: {"using":"xpath","value":"(//span[contains(@id ,\"application-manageresources-display-component---newResourceUnit--DIMENSION_UNIT-arrow\")])[1]"}
COMMAND: POST /session/295828e4dec9e4b50cbbfbe86b51fb47/element/f.CDFA6E493D27092015EBC4B367807A6B.d.326A268F95DE8F898ACBB966F88C029D.e.4082/click - {}
RESULT: {}
COMMAND: GET /session/295828e4dec9e4b50cbbfbe86b51fb47/screenshot - {}
RESULT: {}
COMMAND: POST /session/295828e4dec9e4b50cbbfbe86b51fb47/execute/async - {"script":"<script> [1562 bytes]","args":[{"selector":{"controlType":"sap.m.StandardListItem","viewName":"reusables.view.manageresources.NewResourceUnit","viewId":"application-manageresources-display-component---newResourceUnit","properties":{"title":"Centimeter"},"searchOpenDialogs":true,"interaction":{"idSuffix":"titleText"}},"wdio_ui5_key":"reusablesview.manageresources.NewResourceUnitsap.m.StandardListItem{\"title\":\"Centimeter\"}"}]}
RESULT: {"script":"<script> [1562 bytes]","args":[{"selector":{"controlType":"sap.m.StandardListItem","viewName":"reusables.view.manageresources.NewResourceUnit","viewId":"application-manageresources-display-component---newResourceUnit","properties":{"title":"Centimeter"},"searchOpenDialogs":true,"interaction":{"idSuffix":"titleText"}},"wdio_ui5_key":"reusablesview.manageresources.NewResourceUnitsap.m.StandardListItem{\"title\":\"Centimeter\"}"}]}
RESULT: undefined
COMMAND: POST /session/295828e4dec9e4b50cbbfbe86b51fb47/element - {"using":"xpath","value":"//*[@id=\"__item224\"]"}
RESULT: {"using":"xpath","value":"//*[@id=\"__item224\"]"}
COMMAND: POST /session/295828e4dec9e4b50cbbfbe86b51fb47/element/f.CDFA6E493D27092015EBC4B367807A6B.d.326A268F95DE8F898ACBB966F88C029D.e.4084/click - {}
RESULT: {}
COMMAND: GET /session/295828e4dec9e4b50cbbfbe86b51fb47/screenshot - {}
RESULT: {}
COMMAND: POST /session/295828e4dec9e4b50cbbfbe86b51fb47/execute/async - {"script":"<script> [1562 bytes]","args":[{"selector":{"id":"application-manageresources-display-component---newResourceUnit--newRRUPage-anchBar-application-manageresources-display-component---newResourceUnit--control-anchor","interaction":{"idSuffix":"BDI-content"}},"wdio_ui5_key":"applicationmanageresources-display-component---newResourceUnit--newRRUPage-anchBar-application-manageresources-display-component---newResourceUnit--control-anchor"}]}
RESULT: {"script":"<script> [1562 bytes]","args":[{"selector":{"id":"application-manageresources-display-component---newResourceUnit--newRRUPage-anchBar-application-manageresources-display-component---newResourceUnit--control-anchor","interaction":{"idSuffix":"BDI-content"}},"wdio_ui5_key":"applicationmanageresources-display-component---newResourceUnit--newRRUPage-anchBar-application-manageresources-display-component---newResourceUnit--control-anchor"}]}
RESULT: undefined
COMMAND: POST /session/295828e4dec9e4b50cbbfbe86b51fb47/element - {"using":"xpath","value":"//*[@id=\"application-manageresources-display-component---newResourceUnit--newRRUPage-anchBar-application-manageresources-display-component---newResourceUnit--control-anchor\"]"}
RESULT: {"using":"xpath","value":"//*[@id=\"application-manageresources-display-component---newResourceUnit--newRRUPage-anchBar-application-manageresources-display-component---newResourceUnit--control-anchor\"]"}
COMMAND: POST /session/295828e4dec9e4b50cbbfbe86b51fb47/element/f.CDFA6E493D27092015EBC4B367807A6B.d.326A268F95DE8F898ACBB966F88C029D.e.4086/click - {}
RESULT: {}
COMMAND: POST /session/295828e4dec9e4b50cbbfbe86b51fb47/execute/async - {"script":"<script> [1562 bytes]","args":[{"selector":{"id":"application-manageresources-display-component---newResourceUnit--PLANNING_GROUP","interaction":{"idSuffix":"inner"}},"wdio_ui5_key":"applicationmanageresources-display-component---newResourceUnit--PLANNING_GROUP"}]}
COMMAND: GET /session/295828e4dec9e4b50cbbfbe86b51fb47/screenshot - {}
RESULT: {"script":"<script> [1562 bytes]","args":[{"selector":{"id":"application-manageresources-display-component---newResourceUnit--PLANNING_GROUP","interaction":{"idSuffix":"inner"}},"wdio_ui5_key":"applicationmanageresources-display-component---newResourceUnit--PLANNING_GROUP"}]}
RESULT: undefined
COMMAND: POST /session/295828e4dec9e4b50cbbfbe86b51fb47/execute/async - {"script":"<script> [776 bytes]","args":[{"enterText":"Heavy Equi","selector":{"id":"application-manageresources-display-component---newResourceUnit--PLANNING_GROUP","interaction":{"idSuffix":"inner"}},"clearTextFirst":true,"interactionType":"ENTER_TEXT"}]}
RESULT: {}
RESULT: {"script":"<script> [776 bytes]","args":[{"enterText":"Heavy Equi","selector":{"id":"application-manageresources-display-component---newResourceUnit--PLANNING_GROUP","interaction":{"idSuffix":"inner"}},"clearTextFirst":true,"interactionType":"ENTER_TEXT"}]}
COMMAND: POST /session/295828e4dec9e4b50cbbfbe86b51fb47/execute/async - {"script":"<script> [1562 bytes]","args":[{"selector":{"id":"application-manageresources-display-component---newResourceUnit--ITEM_TYPE-arrow"},"wdio_ui5_key":"applicationmanageresources-display-component---newResourceUnit--ITEM_TYPE-arrow"}]}
RESULT: {"script":"<script> [1562 bytes]","args":[{"selector":{"id":"application-manageresources-display-component---newResourceUnit--ITEM_TYPE-arrow"},"wdio_ui5_key":"applicationmanageresources-display-component---newResourceUnit--ITEM_TYPE-arrow"}]}
RESULT: undefined
COMMAND: POST /session/295828e4dec9e4b50cbbfbe86b51fb47/element - {"using":"xpath","value":"//*[@id=\"application-manageresources-display-component---newResourceUnit--ITEM_TYPE-arrow\"]"}
RESULT: {"using":"xpath","value":"//*[@id=\"application-manageresources-display-component---newResourceUnit--ITEM_TYPE-arrow\"]"}
COMMAND: POST /session/295828e4dec9e4b50cbbfbe86b51fb47/element/f.CDFA6E493D27092015EBC4B367807A6B.d.326A268F95DE8F898ACBB966F88C029D.e.4091/click - {}
RESULT: {}
COMMAND: POST /session/295828e4dec9e4b50cbbfbe86b51fb47/execute/async - {"script":"<script> [1562 bytes]","args":[{"selector":{"controlType":"sap.m.StandardListItem","viewName":"reusables.view.manageresources.NewResourceUnit","viewId":"application-manageresources-display-component---newResourceUnit","properties":{"title":"Resource Unit"},"searchOpenDialogs":true,"interaction":{"idSuffix":"titleText"}},"wdio_ui5_key":"reusablesview.manageresources.NewResourceUnitsap.m.StandardListItem{\"title\":\"Resource Unit\"}"}]}
COMMAND: GET /session/295828e4dec9e4b50cbbfbe86b51fb47/screenshot - {}
RESULT: {"script":"<script> [1562 bytes]","args":[{"selector":{"controlType":"sap.m.StandardListItem","viewName":"reusables.view.manageresources.NewResourceUnit","viewId":"application-manageresources-display-component---newResourceUnit","properties":{"title":"Resource Unit"},"searchOpenDialogs":true,"interaction":{"idSuffix":"titleText"}},"wdio_ui5_key":"reusablesview.manageresources.NewResourceUnitsap.m.StandardListItem{\"title\":\"Resource Unit\"}"}]}
RESULT: undefined
COMMAND: POST /session/295828e4dec9e4b50cbbfbe86b51fb47/element - {"using":"xpath","value":"//*[@id=\"__item246\"]"}
RESULT: {}
RESULT: {"using":"xpath","value":"//*[@id=\"__item246\"]"}
COMMAND: POST /session/295828e4dec9e4b50cbbfbe86b51fb47/element/f.CDFA6E493D27092015EBC4B367807A6B.d.326A268F95DE8F898ACBB966F88C029D.e.4093/click - {}
RESULT: {}
COMMAND: POST /session/295828e4dec9e4b50cbbfbe86b51fb47/element - {"using":"xpath","value":"//bdi[contains(text(), \"Time Segment\")]"}
COMMAND: GET /session/295828e4dec9e4b50cbbfbe86b51fb47/screenshot - {}
RESULT: {"using":"xpath","value":"//bdi[contains(text(), \"Time Segment\")]"}
COMMAND: GET /session/295828e4dec9e4b50cbbfbe86b51fb47/element/f.CDFA6E493D27092015EBC4B367807A6B.d.326A268F95DE8F898ACBB966F88C029D.e.4094/rect - {}
RESULT: {}
RESULT: {}
COMMAND: GET /session/295828e4dec9e4b50cbbfbe86b51fb47/window/rect - {}
RESULT: {}
COMMAND: POST /session/295828e4dec9e4b50cbbfbe86b51fb47/execute/sync - {"script":"<script> [92 bytes]","args":[]}
RESULT: {"script":"<script> [92 bytes]","args":[]}
COMMAND: POST /session/295828e4dec9e4b50cbbfbe86b51fb47/actions - {"actions":[{"id":"action7","type":"wheel","parameters":{},"actions":[{"type":"scroll","x":-1820,"y":-21,"deltaX":0,"deltaY":0,"duration":0,"origin":{"element-6066-11e4-a52e-4f735466cecf":"f.CDFA6E493D27092015EBC4B367807A6B.d.326A268F95DE8F898ACBB966F88C029D.e.4094"}}]}]}
COMMAND: GET /session/295828e4dec9e4b50cbbfbe86b51fb47/screenshot - {}
RESULT: {}
COMMAND: POST /session/295828e4dec9e4b50cbbfbe86b51fb47/execute/sync - {"script":"<script> [79 bytes]","args":[{"element-6066-11e4-a52e-4f735466cecf":"f.CDFA6E493D27092015EBC4B367807A6B.d.326A268F95DE8F898ACBB966F88C029D.e.4094","ELEMENT":"f.CDFA6E493D27092015EBC4B367807A6B.d.326A268F95DE8F898ACBB966F88C029D.e.4094"},{"block":"start","inline":"nearest"}]}
RESULT: {"script":"<script> [79 bytes]","args":[{"element-6066-11e4-a52e-4f735466cecf":"f.CDFA6E493D27092015EBC4B367807A6B.d.326A268F95DE8F898ACBB966F88C029D.e.4094","ELEMENT":"f.CDFA6E493D27092015EBC4B367807A6B.d.326A268F95DE8F898ACBB966F88C029D.e.4094"},{"block":"start","inline":"nearest"}]}
COMMAND: POST /session/295828e4dec9e4b50cbbfbe86b51fb47/execute/async - {"script":"<script> [1562 bytes]","args":[{"selector":{"id":"application-manageresources-display-component---newResourceUnit--btnAddTimeSegment-img"},"wdio_ui5_key":"applicationmanageresources-display-component---newResourceUnit--btnAddTimeSegment-img"}]}
COMMAND: GET /session/295828e4dec9e4b50cbbfbe86b51fb47/screenshot - {}
RESULT: {"script":"<script> [1562 bytes]","args":[{"selector":{"id":"application-manageresources-display-component---newResourceUnit--btnAddTimeSegment-img"},"wdio_ui5_key":"applicationmanageresources-display-component---newResourceUnit--btnAddTimeSegment-img"}]}
RESULT: undefined
COMMAND: POST /session/295828e4dec9e4b50cbbfbe86b51fb47/element - {"using":"xpath","value":"//*[@id=\"application-manageresources-display-component---newResourceUnit--btnAddTimeSegment-img\"]"}
RESULT: {}
RESULT: {"using":"xpath","value":"//*[@id=\"application-manageresources-display-component---newResourceUnit--btnAddTimeSegment-img\"]"}
COMMAND: POST /session/295828e4dec9e4b50cbbfbe86b51fb47/element/f.CDFA6E493D27092015EBC4B367807A6B.d.326A268F95DE8F898ACBB966F88C029D.e.4095/click - {}
RESULT: {}
COMMAND: GET /session/295828e4dec9e4b50cbbfbe86b51fb47/screenshot - {}
RESULT: {}
COMMAND: POST /session/295828e4dec9e4b50cbbfbe86b51fb47/element - {"using":"xpath","value":"//input[@id=\"application-manageresources-display-component---newResourceUnit--idRuTSAdmin-application-manageresources-display-component---newResourceUnit--RUTimeSegment-0-inner\"]"}
RESULT: {"using":"xpath","value":"//input[@id=\"application-manageresources-display-component---newResourceUnit--idRuTSAdmin-application-manageresources-display-component---newResourceUnit--RUTimeSegment-0-inner\"]"}
COMMAND: POST /session/295828e4dec9e4b50cbbfbe86b51fb47/element/f.CDFA6E493D27092015EBC4B367807A6B.d.326A268F95DE8F898ACBB966F88C029D.e.4101/clear - {}
RESULT: {}
COMMAND: POST /session/295828e4dec9e4b50cbbfbe86b51fb47/element/f.CDFA6E493D27092015EBC4B367807A6B.d.326A268F95DE8F898ACBB966F88C029D.e.4101/value - {"text":"WebdriverYardg9fe"}
COMMAND: GET /session/295828e4dec9e4b50cbbfbe86b51fb47/screenshot - {}
RESULT: {"text":"WebdriverYardg9fe"}
COMMAND: GET /session/295828e4dec9e4b50cbbfbe86b51fb47/screenshot - {}
RESULT: {}
RESULT: {}
COMMAND: POST /session/295828e4dec9e4b50cbbfbe86b51fb47/actions - {"actions":[{"id":"action8","type":"key","parameters":{},"actions":[{"type":"keyDown","value":""},{"type":"pause","duration":10},{"type":"keyUp","value":""}]}]}
RESULT: {"actions":[{"id":"action8","type":"key","parameters":{},"actions":[{"type":"keyDown","value":""},{"type":"pause","duration":10},{"type":"keyUp","value":""}]}]}
COMMAND: POST /session/295828e4dec9e4b50cbbfbe86b51fb47/execute/async - {"script":"<script> [1562 bytes]","args":[{"selector":{"controlType":"sap.ui.core.Icon","viewName":"reusables.view.manageresources.NewResourceUnit","viewId":"application-manageresources-display-component---newResourceUnit","properties":{"src":{"regex":{"source":"slim\\-arrow\\-down"}}},"ancestor":{"controlType":"sap.m.ComboBox","viewName":"reusables.view.manageresources.NewResourceUnit","viewId":"application-manageresources-display-component---newResourceUnit","bindingPath":{"path":"/RESOURCE_UNIT_TIME_SEQUENCES/0","propertyPath":"COST_OBJECT_ADMIN_CST_TYPE","modelName":"oNewRruModel"}}},"wdio_ui5_key":"reusablesview.manageresources.NewResourceUnitsap.ui.core.Icon{\"src\":{\"regex\":{\"source\":\"slim\\\\-arrow\\\\-down\"}}}{\"controlType\":\"sap.m.ComboBox\",\"viewName\":\"reusables.view.manageresources.NewResourceUnit\",\"viewId\":\"application-manageresources-display-component---newResourceUnit\",\"bindingPath\":{\"path\":\"/RESOURCE_UNIT_TIME_SEQUENCES/0\",\"propertyPath\":\"COST_OBJECT_ADMIN_CST_TYPE\",\"modelName\":\"oNewRruModel\"}}"}]}
COMMAND: GET /session/295828e4dec9e4b50cbbfbe86b51fb47/screenshot - {}
RESULT: {"script":"<script> [1562 bytes]","args":[{"selector":{"controlType":"sap.ui.core.Icon","viewName":"reusables.view.manageresources.NewResourceUnit","viewId":"application-manageresources-display-component---newResourceUnit","properties":{"src":{"regex":{"source":"slim\\-arrow\\-down"}}},"ancestor":{"controlType":"sap.m.ComboBox","viewName":"reusables.view.manageresources.NewResourceUnit","viewId":"application-manageresources-display-component---newResourceUnit","bindingPath":{"path":"/RESOURCE_UNIT_TIME_SEQUENCES/0","propertyPath":"COST_OBJECT_ADMIN_CST_TYPE","modelName":"oNewRruModel"}}},"wdio_ui5_key":"reusablesview.manageresources.NewResourceUnitsap.ui.core.Icon{\"src\":{\"regex\":{\"source\":\"slim\\\\-arrow\\\\-down\"}}}{\"controlType\":\"sap.m.ComboBox\",\"viewName\":\"reusables.view.manageresources.NewResourceUnit\",\"viewId\":\"application-manageresources-display-component---newResourceUnit\",\"bindingPath\":{\"path\":\"/RESOURCE_UNIT_TIME_SEQUENCES/0\",\"propertyPath\":\"COST_OBJECT_ADMIN_CST_TYPE\",\"modelName\":\"oNewRruModel\"}}"}]}
RESULT: undefined
COMMAND: POST /session/295828e4dec9e4b50cbbfbe86b51fb47/element - {"using":"xpath","value":"//*[@id=\"__box7-application-manageresources-display-component---newResourceUnit--RUTimeSegment-0-arrow\"]"}
RESULT: {}
RESULT: {"using":"xpath","value":"//*[@id=\"__box7-application-manageresources-display-component---newResourceUnit--RUTimeSegment-0-arrow\"]"}
COMMAND: POST /session/295828e4dec9e4b50cbbfbe86b51fb47/element/f.CDFA6E493D27092015EBC4B367807A6B.d.326A268F95DE8F898ACBB966F88C029D.e.4113/click - {}
RESULT: {}
COMMAND: POST /session/295828e4dec9e4b50cbbfbe86b51fb47/execute/async - {"script":"<script> [1562 bytes]","args":[{"selector":{"controlType":"sap.m.StandardListItem","viewName":"reusables.view.manageresources.NewResourceUnit","viewId":"application-manageresources-display-component---newResourceUnit","properties":{"title":"PM Order"},"searchOpenDialogs":true,"interaction":{"idSuffix":"titleText"}},"wdio_ui5_key":"reusablesview.manageresources.NewResourceUnitsap.m.StandardListItem{\"title\":\"PM Order\"}"}]}
COMMAND: GET /session/295828e4dec9e4b50cbbfbe86b51fb47/screenshot - {}
RESULT: {"script":"<script> [1562 bytes]","args":[{"selector":{"controlType":"sap.m.StandardListItem","viewName":"reusables.view.manageresources.NewResourceUnit","viewId":"application-manageresources-display-component---newResourceUnit","properties":{"title":"PM Order"},"searchOpenDialogs":true,"interaction":{"idSuffix":"titleText"}},"wdio_ui5_key":"reusablesview.manageresources.NewResourceUnitsap.m.StandardListItem{\"title\":\"PM Order\"}"}]}
RESULT: undefined
COMMAND: POST /session/295828e4dec9e4b50cbbfbe86b51fb47/element - {"using":"xpath","value":"//*[@id=\"__item558\"]"}
RESULT: {}
RESULT: {"using":"xpath","value":"//*[@id=\"__item558\"]"}
COMMAND: POST /session/295828e4dec9e4b50cbbfbe86b51fb47/element/f.CDFA6E493D27092015EBC4B367807A6B.d.326A268F95DE8F898ACBB966F88C029D.e.4117/click - {}
RESULT: {}
COMMAND: POST /session/295828e4dec9e4b50cbbfbe86b51fb47/element - {"using":"xpath","value":"(//input[contains(@id ,\"-application-manageresources-display-component---newResourceUnit--RUTimeSegment-0-inner\")])[8]"}
COMMAND: GET /session/295828e4dec9e4b50cbbfbe86b51fb47/screenshot - {}
RESULT: {"using":"xpath","value":"(//input[contains(@id ,\"-application-manageresources-display-component---newResourceUnit--RUTimeSegment-0-inner\")])[8]"}
COMMAND: POST /session/295828e4dec9e4b50cbbfbe86b51fb47/element/f.CDFA6E493D27092015EBC4B367807A6B.d.326A268F95DE8F898ACBB966F88C029D.e.4107/clear - {}
RESULT: {}
RESULT: {}
COMMAND: POST /session/295828e4dec9e4b50cbbfbe86b51fb47/element/f.CDFA6E493D27092015EBC4B367807A6B.d.326A268F95DE8F898ACBB966F88C029D.e.4107/value - {"text":"4000360"}
COMMAND: GET /session/295828e4dec9e4b50cbbfbe86b51fb47/screenshot - {}
RESULT: {"text":"4000360"}
COMMAND: GET /session/295828e4dec9e4b50cbbfbe86b51fb47/screenshot - {}
RESULT: {}
RESULT: {}
COMMAND: POST /session/295828e4dec9e4b50cbbfbe86b51fb47/actions - {"actions":[{"id":"action9","type":"key","parameters":{},"actions":[{"type":"keyDown","value":""},{"type":"pause","duration":10},{"type":"keyUp","value":""}]}]}
RESULT: {"actions":[{"id":"action9","type":"key","parameters":{},"actions":[{"type":"keyDown","value":""},{"type":"pause","duration":10},{"type":"keyUp","value":""}]}]}
COMMAND: GET /session/295828e4dec9e4b50cbbfbe86b51fb47/screenshot - {}
RESULT: {}
COMMAND: POST /session/295828e4dec9e4b50cbbfbe86b51fb47/element - {"using":"xpath","value":"//input[contains(@id ,\"application-manageresources-display-component---newResourceUnit--newTimeSegmentFromDatePicker-application-manageresources-display-component---newResourceUnit--RUTimeSegment-0-inner\")]"}
RESULT: {"using":"xpath","value":"//input[contains(@id ,\"application-manageresources-display-component---newResourceUnit--newTimeSegmentFromDatePicker-application-manageresources-display-component---newResourceUnit--RUTimeSegment-0-inner\")]"}
COMMAND: POST /session/295828e4dec9e4b50cbbfbe86b51fb47/element/f.CDFA6E493D27092015EBC4B367807A6B.d.326A268F95DE8F898ACBB966F88C029D.e.4108/clear - {}
RESULT: {}
COMMAND: POST /session/295828e4dec9e4b50cbbfbe86b51fb47/element/f.CDFA6E493D27092015EBC4B367807A6B.d.326A268F95DE8F898ACBB966F88C029D.e.4108/clear - {}
COMMAND: GET /session/295828e4dec9e4b50cbbfbe86b51fb47/screenshot - {}
RESULT: {}
COMMAND: POST /session/295828e4dec9e4b50cbbfbe86b51fb47/element/f.CDFA6E493D27092015EBC4B367807A6B.d.326A268F95DE8F898ACBB966F88C029D.e.4108/value - {"text":"05/15/24"}
COMMAND: GET /session/295828e4dec9e4b50cbbfbe86b51fb47/screenshot - {}
RESULT: {}
RESULT: {"text":"05/15/24"}
COMMAND: POST /session/295828e4dec9e4b50cbbfbe86b51fb47/execute/async - {"script":"<script> [1562 bytes]","args":[{"selector":{"id":"application-manageresources-display-component---newResourceUnit--newRRUPage-anchBar-application-manageresources-display-component---newResourceUnit--resource-anchor","interaction":{"idSuffix":"BDI-content"}},"wdio_ui5_key":"applicationmanageresources-display-component---newResourceUnit--newRRUPage-anchBar-application-manageresources-display-component---newResourceUnit--resource-anchor"}]}
COMMAND: GET /session/295828e4dec9e4b50cbbfbe86b51fb47/screenshot - {}
RESULT: {}
RESULT: {"script":"<script> [1562 bytes]","args":[{"selector":{"id":"application-manageresources-display-component---newResourceUnit--newRRUPage-anchBar-application-manageresources-display-component---newResourceUnit--resource-anchor","interaction":{"idSuffix":"BDI-content"}},"wdio_ui5_key":"applicationmanageresources-display-component---newResourceUnit--newRRUPage-anchBar-application-manageresources-display-component---newResourceUnit--resource-anchor"}]}
RESULT: undefined
COMMAND: POST /session/295828e4dec9e4b50cbbfbe86b51fb47/element - {"using":"xpath","value":"//*[@id=\"application-manageresources-display-component---newResourceUnit--newRRUPage-anchBar-application-manageresources-display-component---newResourceUnit--resource-anchor\"]"}
RESULT: {}
RESULT: {"using":"xpath","value":"//*[@id=\"application-manageresources-display-component---newResourceUnit--newRRUPage-anchBar-application-manageresources-display-component---newResourceUnit--resource-anchor\"]"}
COMMAND: POST /session/295828e4dec9e4b50cbbfbe86b51fb47/element/f.CDFA6E493D27092015EBC4B367807A6B.d.326A268F95DE8F898ACBB966F88C029D.e.4126/click - {}
RESULT: {}
COMMAND: POST /session/295828e4dec9e4b50cbbfbe86b51fb47/execute/async - {"script":"<script> [1562 bytes]","args":[{"selector":{"id":"application-manageresources-display-component---newResourceUnit--PLANNED_DELIVERY_DATE","interaction":{"idSuffix":"inner"}},"wdio_ui5_key":"applicationmanageresources-display-component---newResourceUnit--PLANNED_DELIVERY_DATE"}]}
COMMAND: GET /session/295828e4dec9e4b50cbbfbe86b51fb47/screenshot - {}
RESULT: {"script":"<script> [1562 bytes]","args":[{"selector":{"id":"application-manageresources-display-component---newResourceUnit--PLANNED_DELIVERY_DATE","interaction":{"idSuffix":"inner"}},"wdio_ui5_key":"applicationmanageresources-display-component---newResourceUnit--PLANNED_DELIVERY_DATE"}]}
RESULT: undefined
COMMAND: POST /session/295828e4dec9e4b50cbbfbe86b51fb47/execute/async - {"script":"<script> [6424 bytes]","args":[{"element-6066-11e4-a52e-4f735466cecf":"f.CDFA6E493D27092015EBC4B367807A6B.d.326A268F95DE8F898ACBB966F88C029D.e.4003"},"setValue",["05/15/24"]]}
RESULT: {}
RESULT: {"script":"<script> [6424 bytes]","args":[{"element-6066-11e4-a52e-4f735466cecf":"f.CDFA6E493D27092015EBC4B367807A6B.d.326A268F95DE8F898ACBB966F88C029D.e.4003"},"setValue",["05/15/24"]]}
COMMAND: POST /session/295828e4dec9e4b50cbbfbe86b51fb47/execute/async - {"script":"<script> [1562 bytes]","args":[{"selector":{"id":"application-manageresources-display-component---newResourceUnit--RETIRE_PLANNED_DATE","interaction":{"idSuffix":"inner"}},"wdio_ui5_key":"applicationmanageresources-display-component---newResourceUnit--RETIRE_PLANNED_DATE"}]}
RESULT: {"script":"<script> [1562 bytes]","args":[{"selector":{"id":"application-manageresources-display-component---newResourceUnit--RETIRE_PLANNED_DATE","interaction":{"idSuffix":"inner"}},"wdio_ui5_key":"applicationmanageresources-display-component---newResourceUnit--RETIRE_PLANNED_DATE"}]}
RESULT: undefined
COMMAND: POST /session/295828e4dec9e4b50cbbfbe86b51fb47/execute/async - {"script":"<script> [776 bytes]","args":[{"enterText":"3/14/29","selector":{"id":"application-manageresources-display-component---newResourceUnit--RETIRE_PLANNED_DATE","interaction":{"idSuffix":"inner"}},"clearTextFirst":true,"interactionType":"ENTER_TEXT"}]}
RESULT: {"script":"<script> [776 bytes]","args":[{"enterText":"3/14/29","selector":{"id":"application-manageresources-display-component---newResourceUnit--RETIRE_PLANNED_DATE","interaction":{"idSuffix":"inner"}},"clearTextFirst":true,"interactionType":"ENTER_TEXT"}]}
COMMAND: POST /session/295828e4dec9e4b50cbbfbe86b51fb47/execute/async - {"script":"<script> [1562 bytes]","args":[{"selector":{"controlType":"sap.m.Button","viewName":"reusables.view.manageresources.NewResourceUnit","viewId":"application-manageresources-display-component---newResourceUnit","i18NText":{"propertyName":"tooltip","key":"save"},"interaction":{"idSuffix":"BDI-content"}},"wdio_ui5_key":"reusablesview.manageresources.NewResourceUnitsap.m.Button{\"propertyName\":\"tooltip\",\"key\":\"save\"}"}]}
RESULT: {"script":"<script> [1562 bytes]","args":[{"selector":{"controlType":"sap.m.Button","viewName":"reusables.view.manageresources.NewResourceUnit","viewId":"application-manageresources-display-component---newResourceUnit","i18NText":{"propertyName":"tooltip","key":"save"},"interaction":{"idSuffix":"BDI-content"}},"wdio_ui5_key":"reusablesview.manageresources.NewResourceUnitsap.m.Button{\"propertyName\":\"tooltip\",\"key\":\"save\"}"}]}
RESULT: undefined
COMMAND: POST /session/295828e4dec9e4b50cbbfbe86b51fb47/element - {"using":"xpath","value":"//*[@id=\"application-manageresources-display-component---newResourceUnit--createRuButton\"]"}
RESULT: {"using":"xpath","value":"//*[@id=\"application-manageresources-display-component---newResourceUnit--createRuButton\"]"}
COMMAND: POST /session/295828e4dec9e4b50cbbfbe86b51fb47/element/f.CDFA6E493D27092015EBC4B367807A6B.d.326A268F95DE8F898ACBB966F88C029D.e.3963/click - {}
RESULT: {}
COMMAND: GET /session/295828e4dec9e4b50cbbfbe86b51fb47/screenshot - {}
RESULT: {}
COMMAND: POST /session/295828e4dec9e4b50cbbfbe86b51fb47/execute/async - {"script":"<script> [1562 bytes]","args":[{"selector":{"controlType":"sap.m.Button","properties":{"text":"Close"},"searchOpenDialogs":true,"interaction":{"idSuffix":"inner"}},"wdio_ui5_key":"sapm.Button{\"text\":\"Close\"}"}]}
RESULT: {"script":"<script> [1562 bytes]","args":[{"selector":{"controlType":"sap.m.Button","properties":{"text":"Close"},"searchOpenDialogs":true,"interaction":{"idSuffix":"inner"}},"wdio_ui5_key":"sapm.Button{\"text\":\"Close\"}"}]}
RESULT: undefined
COMMAND: POST /session/295828e4dec9e4b50cbbfbe86b51fb47/element - {"using":"xpath","value":"//*[@id=\"__mbox-btn-0\"]"}
RESULT: {"using":"xpath","value":"//*[@id=\"__mbox-btn-0\"]"}
COMMAND: POST /session/295828e4dec9e4b50cbbfbe86b51fb47/element/f.CDFA6E493D27092015EBC4B367807A6B.d.326A268F95DE8F898ACBB966F88C029D.e.4133/click - {}
RESULT: {}
COMMAND: GET /session/295828e4dec9e4b50cbbfbe86b51fb47/screenshot - {}
RESULT: {}
COMMAND: POST /session/295828e4dec9e4b50cbbfbe86b51fb47/execute/async - {"script":"<script> [1562 bytes]","args":[{"selector":{"controlType":"sap.m.Text","viewName":"etm.portal.ui.manageresources.view.Detail","viewId":"application-manageresources-display-component---detailRU","bindingPath":{"propertyPath":"ID","modelName":"catalogModel"}},"wdio_ui5_key":"etmportal.ui.manageresources.view.Detailsap.m.Text{\"propertyPath\":\"ID\",\"modelName\":\"catalogModel\"}"}]}
RESULT: {"script":"<script> [1562 bytes]","args":[{"selector":{"controlType":"sap.m.Text","viewName":"etm.portal.ui.manageresources.view.Detail","viewId":"application-manageresources-display-component---detailRU","bindingPath":{"propertyPath":"ID","modelName":"catalogModel"}},"wdio_ui5_key":"etmportal.ui.manageresources.view.Detailsap.m.Text{\"propertyPath\":\"ID\",\"modelName\":\"catalogModel\"}"}]}
RESULT: undefined
COMMAND: POST /session/295828e4dec9e4b50cbbfbe86b51fb47/execute/async - {"script":"<script> [6424 bytes]","args":[{"element-6066-11e4-a52e-4f735466cecf":"f.CDFA6E493D27092015EBC4B367807A6B.d.326A268F95DE8F898ACBB966F88C029D.e.4189"},"getText",[]]}
RESULT: {"script":"<script> [6424 bytes]","args":[{"element-6066-11e4-a52e-4f735466cecf":"f.CDFA6E493D27092015EBC4B367807A6B.d.326A268F95DE8F898ACBB966F88C029D.e.4189"},"getText",[]]}
COMMAND: POST /session/295828e4dec9e4b50cbbfbe86b51fb47/element - {"using":"css selector","value":"#shell-header-logo"}
RESULT: {"using":"css selector","value":"#shell-header-logo"}
COMMAND: POST /session/295828e4dec9e4b50cbbfbe86b51fb47/element/f.CDFA6E493D27092015EBC4B367807A6B.d.326A268F95DE8F898ACBB966F88C029D.e.3575/click - {}
RESULT: {}
COMMAND: GET /session/295828e4dec9e4b50cbbfbe86b51fb47/screenshot - {}
RESULT: {}
COMMAND: POST /session/295828e4dec9e4b50cbbfbe86b51fb47/execute/async - {"script":"<script> [1562 bytes]","args":[{"selector":{"controlType":"sap.m.GenericTile","properties":{"header":"Manage Catalogs"}},"wdio_ui5_key":"sapm.GenericTile{\"header\":\"Manage Catalogs\"}"}]}
RESULT: {"script":"<script> [1562 bytes]","args":[{"selector":{"controlType":"sap.m.GenericTile","properties":{"header":"Manage Catalogs"}},"wdio_ui5_key":"sapm.GenericTile{\"header\":\"Manage Catalogs\"}"}]}
RESULT: undefined
COMMAND: POST /session/295828e4dec9e4b50cbbfbe86b51fb47/element - {"using":"xpath","value":"//*[@id=\"__tile37\"]"}
RESULT: {"using":"xpath","value":"//*[@id=\"__tile37\"]"}
COMMAND: POST /session/295828e4dec9e4b50cbbfbe86b51fb47/element/f.CDFA6E493D27092015EBC4B367807A6B.d.326A268F95DE8F898ACBB966F88C029D.e.4191/click - {}
RESULT: {}
COMMAND: GET /session/295828e4dec9e4b50cbbfbe86b51fb47/screenshot - {}
RESULT: {}
COMMAND: POST /session/295828e4dec9e4b50cbbfbe86b51fb47/execute/async - {"script":"<script> [1562 bytes]","args":[{"selector":{"controlType":"sap.m.Text","viewName":"etm.portal.ui.managecatalogs.view.MasterCatalogs","viewId":"application-managecatalogs-display-component---masterCatalogs","bindingPath":{"path":"/Catalogs('0D7502D073D53A0F1700BE067B89AFF9')","propertyPath":"DESCRIPTION","modelName":"catalogModel"}},"wdio_ui5_key":"etmportal.ui.managecatalogs.view.MasterCatalogssap.m.Text{\"path\":\"/Catalogs('0D7502D073D53A0F1700BE067B89AFF9')\",\"propertyPath\":\"DESCRIPTION\",\"modelName\":\"catalogModel\"}"}]}
RESULT: {"script":"<script> [1562 bytes]","args":[{"selector":{"controlType":"sap.m.Text","viewName":"etm.portal.ui.managecatalogs.view.MasterCatalogs","viewId":"application-managecatalogs-display-component---masterCatalogs","bindingPath":{"path":"/Catalogs('0D7502D073D53A0F1700BE067B89AFF9')","propertyPath":"DESCRIPTION","modelName":"catalogModel"}},"wdio_ui5_key":"etmportal.ui.managecatalogs.view.MasterCatalogssap.m.Text{\"path\":\"/Catalogs('0D7502D073D53A0F1700BE067B89AFF9')\",\"propertyPath\":\"DESCRIPTION\",\"modelName\":\"catalogModel\"}"}]}
RESULT: undefined
COMMAND: POST /session/295828e4dec9e4b50cbbfbe86b51fb47/element - {"using":"xpath","value":"//*[@id=\"__text939-application-managecatalogs-display-component---masterCatalogs--CatalogsTable-11\"]"}
RESULT: {"using":"xpath","value":"//*[@id=\"__text939-application-managecatalogs-display-component---masterCatalogs--CatalogsTable-11\"]"}
COMMAND: POST /session/295828e4dec9e4b50cbbfbe86b51fb47/element/f.CDFA6E493D27092015EBC4B367807A6B.d.326A268F95DE8F898ACBB966F88C029D.e.4262/click - {}
RESULT: {}
COMMAND: POST /session/295828e4dec9e4b50cbbfbe86b51fb47/execute/async - {"script":"<script> [1562 bytes]","args":[{"selector":{"controlType":"sap.ui.layout.HorizontalLayout","viewName":"etm.portal.ui.managecatalogs.view.MasterItems","viewId":"application-managecatalogs-display-component---masterCatalogItems","ancestor":{"id":"application-managecatalogs-display-component---masterCatalogItems--idCatalogItemsTree-rows-row0"}},"wdio_ui5_key":"etmportal.ui.managecatalogs.view.MasterItemssap.ui.layout.HorizontalLayout{\"id\":\"application-managecatalogs-display-component---masterCatalogItems--idCatalogItemsTree-rows-row0\"}"}]}
COMMAND: GET /session/295828e4dec9e4b50cbbfbe86b51fb47/screenshot - {}
RESULT: {"script":"<script> [1562 bytes]","args":[{"selector":{"controlType":"sap.ui.layout.HorizontalLayout","viewName":"etm.portal.ui.managecatalogs.view.MasterItems","viewId":"application-managecatalogs-display-component---masterCatalogItems","ancestor":{"id":"application-managecatalogs-display-component---masterCatalogItems--idCatalogItemsTree-rows-row0"}},"wdio_ui5_key":"etmportal.ui.managecatalogs.view.MasterItemssap.ui.layout.HorizontalLayout{\"id\":\"application-managecatalogs-display-component---masterCatalogItems--idCatalogItemsTree-rows-row0\"}"}]}
RESULT: undefined
COMMAND: POST /session/295828e4dec9e4b50cbbfbe86b51fb47/element - {"using":"xpath","value":"//*[@id=\"__layout280-__clone1575\"]"}
RESULT: {}
RESULT: {"using":"xpath","value":"//*[@id=\"__layout280-__clone1575\"]"}
COMMAND: POST /session/295828e4dec9e4b50cbbfbe86b51fb47/element/f.CDFA6E493D27092015EBC4B367807A6B.d.326A268F95DE8F898ACBB966F88C029D.e.4296/click - {}
RESULT: {}
COMMAND: GET /session/295828e4dec9e4b50cbbfbe86b51fb47/screenshot - {}
RESULT: {}
COMMAND: POST /session/295828e4dec9e4b50cbbfbe86b51fb47/execute/async - {"script":"<script> [1562 bytes]","args":[{"selector":{"controlType":"sap.m.Button","viewName":"etm.portal.ui.managecatalogs.view.Detail","viewId":"application-managecatalogs-display-component---detailCatalog","i18NText":{"propertyName":"text","key":"edit"},"interaction":{"idSuffix":"BDI-content"}},"wdio_ui5_key":"etmportal.ui.managecatalogs.view.Detailsap.m.Button{\"propertyName\":\"text\",\"key\":\"edit\"}"}]}
RESULT: {"script":"<script> [1562 bytes]","args":[{"selector":{"controlType":"sap.m.Button","viewName":"etm.portal.ui.managecatalogs.view.Detail","viewId":"application-managecatalogs-display-component---detailCatalog","i18NText":{"propertyName":"text","key":"edit"},"interaction":{"idSuffix":"BDI-content"}},"wdio_ui5_key":"etmportal.ui.managecatalogs.view.Detailsap.m.Button{\"propertyName\":\"text\",\"key\":\"edit\"}"}]}
RESULT: undefined
COMMAND: POST /session/295828e4dec9e4b50cbbfbe86b51fb47/element - {"using":"xpath","value":"//*[@id=\"__button122\"]"}
RESULT: {"using":"xpath","value":"//*[@id=\"__button122\"]"}
COMMAND: POST /session/295828e4dec9e4b50cbbfbe86b51fb47/element/f.CDFA6E493D27092015EBC4B367807A6B.d.326A268F95DE8F898ACBB966F88C029D.e.4423/click - {}
RESULT: {}
COMMAND: GET /session/295828e4dec9e4b50cbbfbe86b51fb47/screenshot - {}
RESULT: {}
COMMAND: POST /session/295828e4dec9e4b50cbbfbe86b51fb47/element - {"using":"xpath","value":"//bdi[contains(text(), \"Unlock\")]"}
RESULT: {"using":"xpath","value":"//bdi[contains(text(), \"Unlock\")]"}
COMMAND: POST /session/295828e4dec9e4b50cbbfbe86b51fb47/elements - {"using":"xpath","value":"//bdi[contains(text(), \"Unlock\")]"}
RESULT: {"using":"xpath","value":"//bdi[contains(text(), \"Unlock\")]"}
COMMAND: POST /session/295828e4dec9e4b50cbbfbe86b51fb47/execute/async - {"script":"<script> [1562 bytes]","args":[{"selector":{"controlType":"sap.ui.core.Icon","viewName":"etm.portal.ui.managecatalogs.view.Detail","viewId":"application-managecatalogs-display-component---detailCatalog","properties":{"src":{"regex":{"source":"add\\-folder"}}}},"wdio_ui5_key":"etmportal.ui.managecatalogs.view.Detailsap.ui.core.Icon{\"src\":{\"regex\":{\"source\":\"add\\\\-folder\"}}}"}]}
RESULT: {"script":"<script> [1562 bytes]","args":[{"selector":{"controlType":"sap.ui.core.Icon","viewName":"etm.portal.ui.managecatalogs.view.Detail","viewId":"application-managecatalogs-display-component---detailCatalog","properties":{"src":{"regex":{"source":"add\\-folder"}}}},"wdio_ui5_key":"etmportal.ui.managecatalogs.view.Detailsap.ui.core.Icon{\"src\":{\"regex\":{\"source\":\"add\\\\-folder\"}}}"}]}
RESULT: undefined
COMMAND: POST /session/295828e4dec9e4b50cbbfbe86b51fb47/element - {"using":"xpath","value":"//*[@id=\"__button130-img\"]"}
RESULT: {"using":"xpath","value":"//*[@id=\"__button130-img\"]"}
COMMAND: POST /session/295828e4dec9e4b50cbbfbe86b51fb47/element/f.CDFA6E493D27092015EBC4B367807A6B.d.326A268F95DE8F898ACBB966F88C029D.e.4438/click - {}
RESULT: {}
COMMAND: GET /session/295828e4dec9e4b50cbbfbe86b51fb47/screenshot - {}
RESULT: {}
COMMAND: POST /session/295828e4dec9e4b50cbbfbe86b51fb47/execute/async - {"script":"<script> [1562 bytes]","args":[{"selector":{"id":"application-managecatalogs-display-component---detailCatalog--numberInput","searchOpenDialogs":true,"interaction":{"idSuffix":"inner"}},"wdio_ui5_key":"applicationmanagecatalogs-display-component---detailCatalog--numberInput"}]}
RESULT: {"script":"<script> [1562 bytes]","args":[{"selector":{"id":"application-managecatalogs-display-component---detailCatalog--numberInput","searchOpenDialogs":true,"interaction":{"idSuffix":"inner"}},"wdio_ui5_key":"applicationmanagecatalogs-display-component---detailCatalog--numberInput"}]}
RESULT: undefined
COMMAND: POST /session/295828e4dec9e4b50cbbfbe86b51fb47/execute/async - {"script":"<script> [776 bytes]","args":[{"enterText":"Sectionmvqs7i","selector":{"id":"application-managecatalogs-display-component---detailCatalog--numberInput","searchOpenDialogs":true,"interaction":{"idSuffix":"inner"}},"clearTextFirst":true,"interactionType":"ENTER_TEXT"}]}
RESULT: {"script":"<script> [776 bytes]","args":[{"enterText":"Sectionmvqs7i","selector":{"id":"application-managecatalogs-display-component---detailCatalog--numberInput","searchOpenDialogs":true,"interaction":{"idSuffix":"inner"}},"clearTextFirst":true,"interactionType":"ENTER_TEXT"}]}
COMMAND: POST /session/295828e4dec9e4b50cbbfbe86b51fb47/element - {"using":"css selector","value":"#application-managecatalogs-display-component---detailCatalog--nameInput-inner"}
RESULT: {"using":"css selector","value":"#application-managecatalogs-display-component---detailCatalog--nameInput-inner"}
COMMAND: POST /session/295828e4dec9e4b50cbbfbe86b51fb47/elements - {"using":"css selector","value":"#application-managecatalogs-display-component---detailCatalog--nameInput-inner"}
RESULT: {"using":"css selector","value":"#application-managecatalogs-display-component---detailCatalog--nameInput-inner"}
COMMAND: POST /session/295828e4dec9e4b50cbbfbe86b51fb47/element/f.CDFA6E493D27092015EBC4B367807A6B.d.326A268F95DE8F898ACBB966F88C029D.e.4442/clear - {}
RESULT: {}
COMMAND: POST /session/295828e4dec9e4b50cbbfbe86b51fb47/element/f.CDFA6E493D27092015EBC4B367807A6B.d.326A268F95DE8F898ACBB966F88C029D.e.4442/value - {"text":"Webdriverf9kiq"}
COMMAND: GET /session/295828e4dec9e4b50cbbfbe86b51fb47/screenshot - {}
RESULT: {"text":"Webdriverf9kiq"}
COMMAND: POST /session/295828e4dec9e4b50cbbfbe86b51fb47/execute/async - {"script":"<script> [1562 bytes]","args":[{"selector":{"controlType":"sap.m.Button","viewName":"etm.portal.ui.managecatalogs.view.Detail","viewId":"application-managecatalogs-display-component---detailCatalog","i18NText":{"propertyName":"text","key":"create"},"searchOpenDialogs":true,"interaction":{"idSuffix":"BDI-content"}},"wdio_ui5_key":"etmportal.ui.managecatalogs.view.Detailsap.m.Button{\"propertyName\":\"text\",\"key\":\"create\"}"}]}
COMMAND: GET /session/295828e4dec9e4b50cbbfbe86b51fb47/screenshot - {}
RESULT: {}
RESULT: {"script":"<script> [1562 bytes]","args":[{"selector":{"controlType":"sap.m.Button","viewName":"etm.portal.ui.managecatalogs.view.Detail","viewId":"application-managecatalogs-display-component---detailCatalog","i18NText":{"propertyName":"text","key":"create"},"searchOpenDialogs":true,"interaction":{"idSuffix":"BDI-content"}},"wdio_ui5_key":"etmportal.ui.managecatalogs.view.Detailsap.m.Button{\"propertyName\":\"text\",\"key\":\"create\"}"}]}
RESULT: undefined
COMMAND: POST /session/295828e4dec9e4b50cbbfbe86b51fb47/element - {"using":"xpath","value":"//*[@id=\"__button100\"]"}
RESULT: {}
RESULT: {"using":"xpath","value":"//*[@id=\"__button100\"]"}
COMMAND: POST /session/295828e4dec9e4b50cbbfbe86b51fb47/element/f.CDFA6E493D27092015EBC4B367807A6B.d.326A268F95DE8F898ACBB966F88C029D.e.4447/click - {}
RESULT: {}
COMMAND: GET /session/295828e4dec9e4b50cbbfbe86b51fb47/screenshot - {}
RESULT: {}
COMMAND: POST /session/295828e4dec9e4b50cbbfbe86b51fb47/element - {"using":"xpath","value":"//button[@title=\"Save\"]"}
RESULT: {"using":"xpath","value":"//button[@title=\"Save\"]"}
COMMAND: POST /session/295828e4dec9e4b50cbbfbe86b51fb47/element/f.CDFA6E493D27092015EBC4B367807A6B.d.326A268F95DE8F898ACBB966F88C029D.e.4448/click - {}
RESULT: {}
COMMAND: POST /session/295828e4dec9e4b50cbbfbe86b51fb47/execute/async - {"script":"<script> [1562 bytes]","args":[{"selector":{"controlType":"sap.ui.core.Icon","viewName":"etm.portal.ui.managecatalogs.view.Detail","viewId":"application-managecatalogs-display-component---detailCatalog","properties":{"src":{"regex":{"source":"decline"}}}},"wdio_ui5_key":"etmportal.ui.managecatalogs.view.Detailsap.ui.core.Icon{\"src\":{\"regex\":{\"source\":\"decline\"}}}"}]}
COMMAND: GET /session/295828e4dec9e4b50cbbfbe86b51fb47/screenshot - {}
RESULT: {"script":"<script> [1562 bytes]","args":[{"selector":{"controlType":"sap.ui.core.Icon","viewName":"etm.portal.ui.managecatalogs.view.Detail","viewId":"application-managecatalogs-display-component---detailCatalog","properties":{"src":{"regex":{"source":"decline"}}}},"wdio_ui5_key":"etmportal.ui.managecatalogs.view.Detailsap.ui.core.Icon{\"src\":{\"regex\":{\"source\":\"decline\"}}}"}]}
RESULT: undefined
COMMAND: POST /session/295828e4dec9e4b50cbbfbe86b51fb47/element - {"using":"xpath","value":"//*[@id=\"__button125-img\"]"}
RESULT: {}
RESULT: {"using":"xpath","value":"//*[@id=\"__button125-img\"]"}
COMMAND: POST /session/295828e4dec9e4b50cbbfbe86b51fb47/element/f.CDFA6E493D27092015EBC4B367807A6B.d.326A268F95DE8F898ACBB966F88C029D.e.4453/click - {}
RESULT: {}
COMMAND: GET /session/295828e4dec9e4b50cbbfbe86b51fb47/screenshot - {}
RESULT: {}
COMMAND: POST /session/295828e4dec9e4b50cbbfbe86b51fb47/execute/async - {"script":"<script> [1562 bytes]","args":[{"selector":{"controlType":"sap.ui.core.Icon","viewName":"etm.portal.ui.managecatalogs.view.MasterItems","viewId":"application-managecatalogs-display-component---masterCatalogItems","properties":{"src":{"regex":{"source":"refresh"}}}},"wdio_ui5_key":"etmportal.ui.managecatalogs.view.MasterItemssap.ui.core.Icon{\"src\":{\"regex\":{\"source\":\"refresh\"}}}"}]}
RESULT: {"script":"<script> [1562 bytes]","args":[{"selector":{"controlType":"sap.ui.core.Icon","viewName":"etm.portal.ui.managecatalogs.view.MasterItems","viewId":"application-managecatalogs-display-component---masterCatalogItems","properties":{"src":{"regex":{"source":"refresh"}}}},"wdio_ui5_key":"etmportal.ui.managecatalogs.view.MasterItemssap.ui.core.Icon{\"src\":{\"regex\":{\"source\":\"refresh\"}}}"}]}
RESULT: undefined
COMMAND: POST /session/295828e4dec9e4b50cbbfbe86b51fb47/element - {"using":"xpath","value":"//*[@id=\"__button98-img\"]"}
RESULT: {"using":"xpath","value":"//*[@id=\"__button98-img\"]"}
COMMAND: POST /session/295828e4dec9e4b50cbbfbe86b51fb47/element/f.CDFA6E493D27092015EBC4B367807A6B.d.326A268F95DE8F898ACBB966F88C029D.e.4487/click - {}
RESULT: {}
COMMAND: POST /session/295828e4dec9e4b50cbbfbe86b51fb47/execute/async - {"script":"<script> [1562 bytes]","args":[{"selector":{"id":"application-managecatalogs-display-component---masterCatalogItems--searchItemsField","interaction":{"idSuffix":"I"}},"wdio_ui5_key":"applicationmanagecatalogs-display-component---masterCatalogItems--searchItemsField"}]}
COMMAND: GET /session/295828e4dec9e4b50cbbfbe86b51fb47/screenshot - {}
RESULT: {"script":"<script> [1562 bytes]","args":[{"selector":{"id":"application-managecatalogs-display-component---masterCatalogItems--searchItemsField","interaction":{"idSuffix":"I"}},"wdio_ui5_key":"applicationmanagecatalogs-display-component---masterCatalogItems--searchItemsField"}]}
RESULT: undefined
COMMAND: POST /session/295828e4dec9e4b50cbbfbe86b51fb47/execute/async - {"script":"<script> [776 bytes]","args":[{"enterText":"Webdriverf9kiq","selector":{"id":"application-managecatalogs-display-component---masterCatalogItems--searchItemsField","interaction":{"idSuffix":"I"}},"clearTextFirst":true,"interactionType":"ENTER_TEXT"}]}
RESULT: {}
RESULT: {"script":"<script> [776 bytes]","args":[{"enterText":"Webdriverf9kiq","selector":{"id":"application-managecatalogs-display-component---masterCatalogItems--searchItemsField","interaction":{"idSuffix":"I"}},"clearTextFirst":true,"interactionType":"ENTER_TEXT"}]}
COMMAND: POST /session/295828e4dec9e4b50cbbfbe86b51fb47/actions - {"actions":[{"id":"action10","type":"key","parameters":{},"actions":[{"type":"keyDown","value":""},{"type":"pause","duration":10},{"type":"keyUp","value":""}]}]}
RESULT: {"actions":[{"id":"action10","type":"key","parameters":{},"actions":[{"type":"keyDown","value":""},{"type":"pause","duration":10},{"type":"keyUp","value":""}]}]}
COMMAND: POST /session/295828e4dec9e4b50cbbfbe86b51fb47/element - {"using":"xpath","value":"(//span[contains(text(), \"Webdriverf9kiq\")])[1]"}
COMMAND: GET /session/295828e4dec9e4b50cbbfbe86b51fb47/screenshot - {}
RESULT: {"using":"xpath","value":"(//span[contains(text(), \"Webdriverf9kiq\")])[1]"}
COMMAND: POST /session/295828e4dec9e4b50cbbfbe86b51fb47/element/f.CDFA6E493D27092015EBC4B367807A6B.d.326A268F95DE8F898ACBB966F88C029D.e.4490/click - {}
RESULT: {}
RESULT: {}
COMMAND: GET /session/295828e4dec9e4b50cbbfbe86b51fb47/screenshot - {}
RESULT: {}
RESULT: undefined
COMMAND: POST /session/295828e4dec9e4b50cbbfbe86b51fb47/element - {"using":"xpath","value":"//*[@id=\"__button122\"]"}
RESULT: {"using":"xpath","value":"//*[@id=\"__button122\"]"}
COMMAND: POST /session/295828e4dec9e4b50cbbfbe86b51fb47/element/f.CDFA6E493D27092015EBC4B367807A6B.d.326A268F95DE8F898ACBB966F88C029D.e.4527/click - {}
RESULT: {}
COMMAND: GET /session/295828e4dec9e4b50cbbfbe86b51fb47/screenshot - {}
RESULT: {}
RESULT: undefined
COMMAND: POST /session/295828e4dec9e4b50cbbfbe86b51fb47/element - {"using":"xpath","value":"//*[@id=\"__button130-img\"]"}
RESULT: {"using":"xpath","value":"//*[@id=\"__button130-img\"]"}
COMMAND: POST /session/295828e4dec9e4b50cbbfbe86b51fb47/element/f.CDFA6E493D27092015EBC4B367807A6B.d.326A268F95DE8F898ACBB966F88C029D.e.4575/click - {}
RESULT: {}
COMMAND: GET /session/295828e4dec9e4b50cbbfbe86b51fb47/screenshot - {}
RESULT: {}
RESULT: undefined
COMMAND: POST /session/295828e4dec9e4b50cbbfbe86b51fb47/execute/async - {"script":"<script> [776 bytes]","args":[{"enterText":"SecondSection9k734","selector":{"id":"application-managecatalogs-display-component---detailCatalog--numberInput","searchOpenDialogs":true,"interaction":{"idSuffix":"inner"}},"clearTextFirst":true,"interactionType":"ENTER_TEXT"}]}
RESULT: {"script":"<script> [776 bytes]","args":[{"enterText":"SecondSection9k734","selector":{"id":"application-managecatalogs-display-component---detailCatalog--numberInput","searchOpenDialogs":true,"interaction":{"idSuffix":"inner"}},"clearTextFirst":true,"interactionType":"ENTER_TEXT"}]}
COMMAND: POST /session/295828e4dec9e4b50cbbfbe86b51fb47/element - {"using":"xpath","value":"//input[contains(@id ,\"application-managecatalogs-display-component---detailCatalog--nameInput-inner\")]"}
RESULT: {"using":"xpath","value":"//input[contains(@id ,\"application-managecatalogs-display-component---detailCatalog--nameInput-inner\")]"}
COMMAND: POST /session/295828e4dec9e4b50cbbfbe86b51fb47/elements - {"using":"xpath","value":"//input[contains(@id ,\"application-managecatalogs-display-component---detailCatalog--nameInput-inner\")]"}
RESULT: {"using":"xpath","value":"//input[contains(@id ,\"application-managecatalogs-display-component---detailCatalog--nameInput-inner\")]"}
COMMAND: POST /session/295828e4dec9e4b50cbbfbe86b51fb47/element/f.CDFA6E493D27092015EBC4B367807A6B.d.326A268F95DE8F898ACBB966F88C029D.e.4579/clear - {}
RESULT: {}
COMMAND: POST /session/295828e4dec9e4b50cbbfbe86b51fb47/element/f.CDFA6E493D27092015EBC4B367807A6B.d.326A268F95DE8F898ACBB966F88C029D.e.4579/value - {"text":"webdriversecondl6clx"}
COMMAND: GET /session/295828e4dec9e4b50cbbfbe86b51fb47/screenshot - {}
RESULT: {"text":"webdriversecondl6clx"}
RESULT: undefined
COMMAND: POST /session/295828e4dec9e4b50cbbfbe86b51fb47/element - {"using":"xpath","value":"//*[@id=\"__button100\"]"}
COMMAND: GET /session/295828e4dec9e4b50cbbfbe86b51fb47/screenshot - {}
RESULT: {}
RESULT: {"using":"xpath","value":"//*[@id=\"__button100\"]"}
COMMAND: POST /session/295828e4dec9e4b50cbbfbe86b51fb47/element/f.CDFA6E493D27092015EBC4B367807A6B.d.326A268F95DE8F898ACBB966F88C029D.e.4583/click - {}
RESULT: {}
RESULT: {}
COMMAND: GET /session/295828e4dec9e4b50cbbfbe86b51fb47/screenshot - {}
RESULT: {}
COMMAND: POST /session/295828e4dec9e4b50cbbfbe86b51fb47/element - {"using":"xpath","value":"//button[@title=\"Save\"]"}
RESULT: {"using":"xpath","value":"//button[@title=\"Save\"]"}
COMMAND: POST /session/295828e4dec9e4b50cbbfbe86b51fb47/element/f.CDFA6E493D27092015EBC4B367807A6B.d.326A268F95DE8F898ACBB966F88C029D.e.4561/click - {}
RESULT: {}
COMMAND: GET /session/295828e4dec9e4b50cbbfbe86b51fb47/screenshot - {}
RESULT: {}
RESULT: undefined
COMMAND: POST /session/295828e4dec9e4b50cbbfbe86b51fb47/element - {"using":"xpath","value":"//*[@id=\"__button125-img\"]"}
RESULT: {"using":"xpath","value":"//*[@id=\"__button125-img\"]"}
COMMAND: POST /session/295828e4dec9e4b50cbbfbe86b51fb47/element/f.CDFA6E493D27092015EBC4B367807A6B.d.326A268F95DE8F898ACBB966F88C029D.e.4534/click - {}
RESULT: {}
COMMAND: GET /session/295828e4dec9e4b50cbbfbe86b51fb47/screenshot - {}
RESULT: {}
RESULT: undefined
COMMAND: POST /session/295828e4dec9e4b50cbbfbe86b51fb47/element - {"using":"xpath","value":"//*[@id=\"__button98-img\"]"}
RESULT: {"using":"xpath","value":"//*[@id=\"__button98-img\"]"}
COMMAND: POST /session/295828e4dec9e4b50cbbfbe86b51fb47/element/f.CDFA6E493D27092015EBC4B367807A6B.d.326A268F95DE8F898ACBB966F88C029D.e.4621/click - {}
RESULT: {}
COMMAND: GET /session/295828e4dec9e4b50cbbfbe86b51fb47/screenshot - {}
RESULT: {}
RESULT: undefined
COMMAND: POST /session/295828e4dec9e4b50cbbfbe86b51fb47/execute/async - {"script":"<script> [776 bytes]","args":[{"enterText":"SecondSection9k734","selector":{"id":"application-managecatalogs-display-component---masterCatalogItems--searchItemsField","interaction":{"idSuffix":"I"}},"clearTextFirst":true,"interactionType":"ENTER_TEXT"}]}
RESULT: {"script":"<script> [776 bytes]","args":[{"enterText":"SecondSection9k734","selector":{"id":"application-managecatalogs-display-component---masterCatalogItems--searchItemsField","interaction":{"idSuffix":"I"}},"clearTextFirst":true,"interactionType":"ENTER_TEXT"}]}
COMMAND: POST /session/295828e4dec9e4b50cbbfbe86b51fb47/actions - {"actions":[{"id":"action11","type":"key","parameters":{},"actions":[{"type":"keyDown","value":""},{"type":"pause","duration":10},{"type":"keyUp","value":""}]}]}
RESULT: {"actions":[{"id":"action11","type":"key","parameters":{},"actions":[{"type":"keyDown","value":""},{"type":"pause","duration":10},{"type":"keyUp","value":""}]}]}
COMMAND: POST /session/295828e4dec9e4b50cbbfbe86b51fb47/element - {"using":"xpath","value":"(//span[contains(text(), \"SecondSection9k734\")])[1]"}
COMMAND: GET /session/295828e4dec9e4b50cbbfbe86b51fb47/screenshot - {}
RESULT: {"using":"xpath","value":"(//span[contains(text(), \"SecondSection9k734\")])[1]"}
COMMAND: POST /session/295828e4dec9e4b50cbbfbe86b51fb47/element/f.CDFA6E493D27092015EBC4B367807A6B.d.326A268F95DE8F898ACBB966F88C029D.e.4624/click - {}
RESULT: {}
RESULT: {}
COMMAND: POST /session/295828e4dec9e4b50cbbfbe86b51fb47/element - {"using":"xpath","value":"(//span[contains(text(), \"SecondSection9k734\")])[1]"}
COMMAND: GET /session/295828e4dec9e4b50cbbfbe86b51fb47/screenshot - {}
RESULT: {"using":"xpath","value":"(//span[contains(text(), \"SecondSection9k734\")])[1]"}
COMMAND: GET /session/295828e4dec9e4b50cbbfbe86b51fb47/element/f.CDFA6E493D27092015EBC4B367807A6B.d.326A268F95DE8F898ACBB966F88C029D.e.4624/text - {}
RESULT: {}
COMMAND: POST /session/295828e4dec9e4b50cbbfbe86b51fb47/element - {"using":"xpath","value":"(//span[contains(text(), \"SecondSection9k734\")])[1]"}
RESULT: {"using":"xpath","value":"(//span[contains(text(), \"SecondSection9k734\")])[1]"}
COMMAND: GET /session/295828e4dec9e4b50cbbfbe86b51fb47/element/f.CDFA6E493D27092015EBC4B367807A6B.d.326A268F95DE8F898ACBB966F88C029D.e.4624/text - {}
COMMAND: POST /session/295828e4dec9e4b50cbbfbe86b51fb47/element - {"using":"xpath","value":"(//span[contains(text(), \"SecondSection9k734\")])[1]"}
RESULT: {"using":"xpath","value":"(//span[contains(text(), \"SecondSection9k734\")])[1]"}
COMMAND: GET /session/295828e4dec9e4b50cbbfbe86b51fb47/element/f.CDFA6E493D27092015EBC4B367807A6B.d.326A268F95DE8F898ACBB966F88C029D.e.4675/text - {}
RESULT: {}
COMMAND: POST /session/295828e4dec9e4b50cbbfbe86b51fb47/refresh - {}
RESULT: {}
COMMAND: GET /session/295828e4dec9e4b50cbbfbe86b51fb47/screenshot - {}
RESULT: {}
COMMAND: POST /session/295828e4dec9e4b50cbbfbe86b51fb47/refresh - {}
RESULT: {}
COMMAND: GET /session/295828e4dec9e4b50cbbfbe86b51fb47/screenshot - {}
RESULT: {}
COMMAND: POST /session/295828e4dec9e4b50cbbfbe86b51fb47/execute/async - {"script":"<script> [189 bytes]","args":[]}
RESULT: {"script":"<script> [189 bytes]","args":[]}
COMMAND: POST /session/295828e4dec9e4b50cbbfbe86b51fb47/execute/async - {"script":"<script> [123 bytes]","args":[]}
RESULT: {"script":"<script> [123 bytes]","args":[]}
COMMAND: POST /session/295828e4dec9e4b50cbbfbe86b51fb47/timeouts - {"script":"<number>"}
RESULT: {"script":"<number>"}
COMMAND: GET /session/295828e4dec9e4b50cbbfbe86b51fb47/timeouts - {}
RESULT: {}
RESULT: undefined
COMMAND: POST /session/295828e4dec9e4b50cbbfbe86b51fb47/execute/async - {"script":"<script> [2676 bytes]","args":[]}
RESULT: {"script":"<script> [2676 bytes]","args":[]}
COMMAND: POST /session/295828e4dec9e4b50cbbfbe86b51fb47/execute/async - {"script":"<script> [2342 bytes]","args":[{"protocol":"http","hostname":"0.0.0.0","path":"/","capabilities":{"browserName":"chrome","goog:chromeOptions":{"binary":"C:\\Program Files\\Google\\Chrome\\Application\\chrome.exe","args":["--start-maximized"]}},"logLevel":"warn","connectionRetryTimeout":120000,"connectionRetryCount":3,"logLevels":{},"enableDirectConnect":true,"strictSSL":true,"_":"65 more keys: [\"cacheDir\",\"port\",\"requestedCapabilities\",\"automationProtocol\",\"baseUrl\",\"waitforInterval\",\"waitforTimeout\",\"onReload\",\"beforeCommand\",\"afterCommand\",\"rootDir\",\"specs\",\"suites\",\"exclude\",\"groupLogsByTestSpec\",\"excludeDriverLogs\",\"bail\",\"framework\",\"reporters\",\"services\",\"maxInstances\",\"maxInstancesPerCapability\",\"injectGlobals\",\"filesToWatch\",\"execArgv\",\"runnerEnv\",\"runner\",\"shard\",\"specFileRetries\",\"specFileRetriesDelay\",\"specFileRetriesDeferred\",\"reporterSyncInterval\",\"reporterSyncTimeout\",\"cucumberFeaturesWithLineNumbers\",\"autoCompileOpts\",\"mochaOpts\",\"jasmineOpts\",\"cucumberOpts\",\"onPrepare\",\"onWorkerStart\",\"onWorkerEnd\",\"before\",\"beforeSession\",\"beforeSuite\",\"beforeHook\",\"beforeTest\",\"afterTest\",\"afterHook\",\"afterSuite\",\"afterSession\",\"after\",\"onComplete\",\"beforeAssertion\",\"afterAssertion\",\"beforeFeature\",\"beforeScenario\",\"beforeStep\",\"afterStep\",\"afterScenario\",\"afterFeature\",\"_\",\"suite\",\"$0\",\"ignoredWorkerServices\",\"wdi5\"]"}]}
RESULT: {"script":"<script> [2342 bytes]","args":[{"protocol":"http","hostname":"0.0.0.0","path":"/","capabilities":{"browserName":"chrome","goog:chromeOptions":{"binary":"C:\\Program Files\\Google\\Chrome\\Application\\chrome.exe","args":["--start-maximized"]}},"logLevel":"warn","connectionRetryTimeout":120000,"connectionRetryCount":3,"logLevels":{},"enableDirectConnect":true,"strictSSL":true,"_":"65 more keys: [\"cacheDir\",\"port\",\"requestedCapabilities\",\"automationProtocol\",\"baseUrl\",\"waitforInterval\",\"waitforTimeout\",\"onReload\",\"beforeCommand\",\"afterCommand\",\"rootDir\",\"specs\",\"suites\",\"exclude\",\"groupLogsByTestSpec\",\"excludeDriverLogs\",\"bail\",\"framework\",\"reporters\",\"services\",\"maxInstances\",\"maxInstancesPerCapability\",\"injectGlobals\",\"filesToWatch\",\"execArgv\",\"runnerEnv\",\"runner\",\"shard\",\"specFileRetries\",\"specFileRetriesDelay\",\"specFileRetriesDeferred\",\"reporterSyncInterval\",\"reporterSyncTimeout\",\"cucumberFeaturesWithLineNumbers\",\"autoCompileOpts\",\"mochaOpts\",\"jasmineOpts\",\"cucumberOpts\",\"onPrepare\",\"onWorkerStart\",\"onWorkerEnd\",\"before\",\"beforeSession\",\"beforeSuite\",\"beforeHook\",\"beforeTest\",\"afterTest\",\"afterHook\",\"afterSuite\",\"afterSession\",\"after\",\"onComplete\",\"beforeAssertion\",\"afterAssertion\",\"beforeFeature\",\"beforeScenario\",\"beforeStep\",\"afterStep\",\"afterScenario\",\"afterFeature\",\"_\",\"suite\",\"$0\",\"ignoredWorkerServices\",\"wdi5\"]"}]}
COMMAND: POST /session/295828e4dec9e4b50cbbfbe86b51fb47/execute/async - {"script":"<script> [21126 bytes]","args":[35000]}
RESULT: {"script":"<script> [21126 bytes]","args":[35000]}
COMMAND: POST /session/295828e4dec9e4b50cbbfbe86b51fb47/execute/async - {"script":"<script> [1562 bytes]","args":[{"selector":{"controlType":"sap.m.Button","viewName":"etm.portal.ui.managecatalogs.view.Detail","viewId":"application-managecatalogs-display-component---detailCatalog","i18NText":{"propertyName":"text","key":"edit"},"interaction":{"idSuffix":"BDI-content"}},"wdio_ui5_key":"etmportal.ui.managecatalogs.view.Detailsap.m.Button{\"propertyName\":\"text\",\"key\":\"edit\"}"}]}
RESULT: {"script":"<script> [1562 bytes]","args":[{"selector":{"controlType":"sap.m.Button","viewName":"etm.portal.ui.managecatalogs.view.Detail","viewId":"application-managecatalogs-display-component---detailCatalog","i18NText":{"propertyName":"text","key":"edit"},"interaction":{"idSuffix":"BDI-content"}},"wdio_ui5_key":"etmportal.ui.managecatalogs.view.Detailsap.m.Button{\"propertyName\":\"text\",\"key\":\"edit\"}"}]}
RESULT: undefined
COMMAND: POST /session/295828e4dec9e4b50cbbfbe86b51fb47/element - {"using":"xpath","value":"//*[@id=\"__button25\"]"}
RESULT: {"using":"xpath","value":"//*[@id=\"__button25\"]"}
COMMAND: POST /session/295828e4dec9e4b50cbbfbe86b51fb47/element/f.CDFA6E493D27092015EBC4B367807A6B.d.BB023080BFC7D7E14526D68856DD3EDE.e.4871/click - {}
RESULT: {}
COMMAND: GET /session/295828e4dec9e4b50cbbfbe86b51fb47/screenshot - {}
RESULT: {}
COMMAND: POST /session/295828e4dec9e4b50cbbfbe86b51fb47/element - {"using":"xpath","value":"//button[contains(@title ,\"Create Catalog Item\")]"}
RESULT: {"using":"xpath","value":"//button[contains(@title ,\"Create Catalog Item\")]"}
COMMAND: POST /session/295828e4dec9e4b50cbbfbe86b51fb47/element/f.CDFA6E493D27092015EBC4B367807A6B.d.BB023080BFC7D7E14526D68856DD3EDE.e.4877/click - {}
RESULT: {}
COMMAND: POST /session/295828e4dec9e4b50cbbfbe86b51fb47/execute/async - {"script":"<script> [1562 bytes]","args":[{"selector":{"id":"application-managecatalogs-display-component---detailCatalog--newItemNumberInput","searchOpenDialogs":true,"interaction":{"idSuffix":"inner"}},"wdio_ui5_key":"applicationmanagecatalogs-display-component---detailCatalog--newItemNumberInput"}]}
COMMAND: GET /session/295828e4dec9e4b50cbbfbe86b51fb47/screenshot - {}
RESULT: {"script":"<script> [1562 bytes]","args":[{"selector":{"id":"application-managecatalogs-display-component---detailCatalog--newItemNumberInput","searchOpenDialogs":true,"interaction":{"idSuffix":"inner"}},"wdio_ui5_key":"applicationmanagecatalogs-display-component---detailCatalog--newItemNumberInput"}]}
RESULT: undefined
COMMAND: POST /session/295828e4dec9e4b50cbbfbe86b51fb47/execute/async - {"script":"<script> [776 bytes]","args":[{"enterText":"catalogItemaimir","selector":{"id":"application-managecatalogs-display-component---detailCatalog--newItemNumberInput","searchOpenDialogs":true,"interaction":{"idSuffix":"inner"}},"clearTextFirst":true,"interactionType":"ENTER_TEXT"}]}
RESULT: {}
RESULT: {"script":"<script> [776 bytes]","args":[{"enterText":"catalogItemaimir","selector":{"id":"application-managecatalogs-display-component---detailCatalog--newItemNumberInput","searchOpenDialogs":true,"interaction":{"idSuffix":"inner"}},"clearTextFirst":true,"interactionType":"ENTER_TEXT"}]}
COMMAND: POST /session/295828e4dec9e4b50cbbfbe86b51fb47/execute/async - {"script":"<script> [1562 bytes]","args":[{"selector":{"controlType":"sap.m.Input","viewName":"etm.portal.ui.managecatalogs.view.Detail","viewId":"application-managecatalogs-display-component---detailCatalog","bindingPath":{"path":"","propertyPath":"/DESCRIPTION"},"searchOpenDialogs":true,"interaction":{"idSuffix":"inner"}},"wdio_ui5_key":"etmportal.ui.managecatalogs.view.Detailsap.m.Input{\"path\":\"\",\"propertyPath\":\"/DESCRIPTION\"}"}]}
RESULT: {"script":"<script> [1562 bytes]","args":[{"selector":{"controlType":"sap.m.Input","viewName":"etm.portal.ui.managecatalogs.view.Detail","viewId":"application-managecatalogs-display-component---detailCatalog","bindingPath":{"path":"","propertyPath":"/DESCRIPTION"},"searchOpenDialogs":true,"interaction":{"idSuffix":"inner"}},"wdio_ui5_key":"etmportal.ui.managecatalogs.view.Detailsap.m.Input{\"path\":\"\",\"propertyPath\":\"/DESCRIPTION\"}"}]}
RESULT: undefined
COMMAND: POST /session/295828e4dec9e4b50cbbfbe86b51fb47/execute/async - {"script":"<script> [776 bytes]","args":[{"enterText":"catalogItemNameo58ve","selector":{"controlType":"sap.m.Input","viewName":"etm.portal.ui.managecatalogs.view.Detail","viewId":"application-managecatalogs-display-component---detailCatalog","bindingPath":{"path":"","propertyPath":"/DESCRIPTION"},"searchOpenDialogs":true,"interaction":{"idSuffix":"inner"}},"clearTextFirst":true,"interactionType":"ENTER_TEXT"}]}
RESULT: {"script":"<script> [776 bytes]","args":[{"enterText":"catalogItemNameo58ve","selector":{"controlType":"sap.m.Input","viewName":"etm.portal.ui.managecatalogs.view.Detail","viewId":"application-managecatalogs-display-component---detailCatalog","bindingPath":{"path":"","propertyPath":"/DESCRIPTION"},"searchOpenDialogs":true,"interaction":{"idSuffix":"inner"}},"clearTextFirst":true,"interactionType":"ENTER_TEXT"}]}
COMMAND: POST /session/295828e4dec9e4b50cbbfbe86b51fb47/actions - {"actions":[{"id":"action12","type":"key","parameters":{},"actions":[{"type":"keyDown","value":""},{"type":"pause","duration":10},{"type":"keyUp","value":""}]}]}
RESULT: {"actions":[{"id":"action12","type":"key","parameters":{},"actions":[{"type":"keyDown","value":""},{"type":"pause","duration":10},{"type":"keyUp","value":""}]}]}
COMMAND: GET /session/295828e4dec9e4b50cbbfbe86b51fb47/screenshot - {}
RESULT: {}
COMMAND: POST /session/295828e4dec9e4b50cbbfbe86b51fb47/actions - {"actions":[{"id":"action13","type":"key","parameters":{},"actions":[{"type":"keyDown","value":""},{"type":"pause","duration":10},{"type":"keyUp","value":""}]}]}
RESULT: {"actions":[{"id":"action13","type":"key","parameters":{},"actions":[{"type":"keyDown","value":""},{"type":"pause","duration":10},{"type":"keyUp","value":""}]}]}
COMMAND: GET /session/295828e4dec9e4b50cbbfbe86b51fb47/screenshot - {}
RESULT: {}
COMMAND: POST /session/295828e4dec9e4b50cbbfbe86b51fb47/element - {"using":"xpath","value":"//button[@title=\"Save\"]"}
RESULT: {"using":"xpath","value":"//button[@title=\"Save\"]"}
COMMAND: POST /session/295828e4dec9e4b50cbbfbe86b51fb47/element/f.CDFA6E493D27092015EBC4B367807A6B.d.BB023080BFC7D7E14526D68856DD3EDE.e.4886/click - {}
RESULT: {}
COMMAND: GET /session/295828e4dec9e4b50cbbfbe86b51fb47/screenshot - {}
RESULT: {}
COMMAND: POST /session/295828e4dec9e4b50cbbfbe86b51fb47/execute/async - {"script":"<script> [1562 bytes]","args":[{"selector":{"controlType":"sap.ui.core.Icon","viewName":"etm.portal.ui.managecatalogs.view.Detail","viewId":"application-managecatalogs-display-component---detailCatalog","properties":{"src":{"regex":{"source":"decline"}}}},"wdio_ui5_key":"etmportal.ui.managecatalogs.view.Detailsap.ui.core.Icon{\"src\":{\"regex\":{\"source\":\"decline\"}}}"}]}
RESULT: {"script":"<script> [1562 bytes]","args":[{"selector":{"controlType":"sap.ui.core.Icon","viewName":"etm.portal.ui.managecatalogs.view.Detail","viewId":"application-managecatalogs-display-component---detailCatalog","properties":{"src":{"regex":{"source":"decline"}}}},"wdio_ui5_key":"etmportal.ui.managecatalogs.view.Detailsap.ui.core.Icon{\"src\":{\"regex\":{\"source\":\"decline\"}}}"}]}
RESULT: undefined
COMMAND: POST /session/295828e4dec9e4b50cbbfbe86b51fb47/element - {"using":"xpath","value":"//*[@id=\"__button28-img\"]"}
RESULT: {"using":"xpath","value":"//*[@id=\"__button28-img\"]"}
COMMAND: POST /session/295828e4dec9e4b50cbbfbe86b51fb47/element/f.CDFA6E493D27092015EBC4B367807A6B.d.BB023080BFC7D7E14526D68856DD3EDE.e.4891/click - {}
RESULT: {}
COMMAND: GET /session/295828e4dec9e4b50cbbfbe86b51fb47/screenshot - {}
RESULT: {}
COMMAND: POST /session/295828e4dec9e4b50cbbfbe86b51fb47/execute/async - {"script":"<script> [1562 bytes]","args":[{"selector":{"controlType":"sap.ui.core.Icon","viewName":"etm.portal.ui.managecatalogs.view.MasterItems","viewId":"application-managecatalogs-display-component---masterCatalogItems","properties":{"src":{"regex":{"source":"refresh"}}}},"wdio_ui5_key":"etmportal.ui.managecatalogs.view.MasterItemssap.ui.core.Icon{\"src\":{\"regex\":{\"source\":\"refresh\"}}}"}]}
RESULT: {"script":"<script> [1562 bytes]","args":[{"selector":{"controlType":"sap.ui.core.Icon","viewName":"etm.portal.ui.managecatalogs.view.MasterItems","viewId":"application-managecatalogs-display-component---masterCatalogItems","properties":{"src":{"regex":{"source":"refresh"}}}},"wdio_ui5_key":"etmportal.ui.managecatalogs.view.MasterItemssap.ui.core.Icon{\"src\":{\"regex\":{\"source\":\"refresh\"}}}"}]}
RESULT: undefined
COMMAND: POST /session/295828e4dec9e4b50cbbfbe86b51fb47/element - {"using":"xpath","value":"//*[@id=\"__button1-img\"]"}
RESULT: {"using":"xpath","value":"//*[@id=\"__button1-img\"]"}
COMMAND: POST /session/295828e4dec9e4b50cbbfbe86b51fb47/element/f.CDFA6E493D27092015EBC4B367807A6B.d.BB023080BFC7D7E14526D68856DD3EDE.e.4926/click - {}
RESULT: {}
COMMAND: GET /session/295828e4dec9e4b50cbbfbe86b51fb47/screenshot - {}
RESULT: {}
COMMAND: POST /session/295828e4dec9e4b50cbbfbe86b51fb47/execute/async - {"script":"<script> [1562 bytes]","args":[{"selector":{"id":"application-managecatalogs-display-component---masterCatalogItems--searchItemsField","interaction":{"idSuffix":"I"}},"wdio_ui5_key":"applicationmanagecatalogs-display-component---masterCatalogItems--searchItemsField"}]}
RESULT: {"script":"<script> [1562 bytes]","args":[{"selector":{"id":"application-managecatalogs-display-component---masterCatalogItems--searchItemsField","interaction":{"idSuffix":"I"}},"wdio_ui5_key":"applicationmanagecatalogs-display-component---masterCatalogItems--searchItemsField"}]}
RESULT: undefined
COMMAND: POST /session/295828e4dec9e4b50cbbfbe86b51fb47/execute/async - {"script":"<script> [776 bytes]","args":[{"enterText":"catalogItemNameo58ve","selector":{"id":"application-managecatalogs-display-component---masterCatalogItems--searchItemsField","interaction":{"idSuffix":"I"}},"clearTextFirst":true,"interactionType":"ENTER_TEXT"}]}
RESULT: {"script":"<script> [776 bytes]","args":[{"enterText":"catalogItemNameo58ve","selector":{"id":"application-managecatalogs-display-component---masterCatalogItems--searchItemsField","interaction":{"idSuffix":"I"}},"clearTextFirst":true,"interactionType":"ENTER_TEXT"}]}
COMMAND: POST /session/295828e4dec9e4b50cbbfbe86b51fb47/actions - {"actions":[{"id":"action14","type":"key","parameters":{},"actions":[{"type":"keyDown","value":""},{"type":"pause","duration":10},{"type":"keyUp","value":""}]}]}
RESULT: {"actions":[{"id":"action14","type":"key","parameters":{},"actions":[{"type":"keyDown","value":""},{"type":"pause","duration":10},{"type":"keyUp","value":""}]}]}
COMMAND: POST /session/295828e4dec9e4b50cbbfbe86b51fb47/element - {"using":"xpath","value":"(//span[contains(text(), \"catalogItemNameo58ve\")])[1]"}
COMMAND: GET /session/295828e4dec9e4b50cbbfbe86b51fb47/screenshot - {}
RESULT: {"using":"xpath","value":"(//span[contains(text(), \"catalogItemNameo58ve\")])[1]"}
COMMAND: POST /session/295828e4dec9e4b50cbbfbe86b51fb47/element/f.CDFA6E493D27092015EBC4B367807A6B.d.BB023080BFC7D7E14526D68856DD3EDE.e.4933/click - {}
RESULT: {}
RESULT: {}
COMMAND: GET /session/295828e4dec9e4b50cbbfbe86b51fb47/screenshot - {}
RESULT: {}
COMMAND: POST /session/295828e4dec9e4b50cbbfbe86b51fb47/element - {"using":"xpath","value":"//span[contains(text(), \"catalogItemaimir\")]"}
RESULT: {"using":"xpath","value":"//span[contains(text(), \"catalogItemaimir\")]"}
COMMAND: GET /session/295828e4dec9e4b50cbbfbe86b51fb47/element/f.CDFA6E493D27092015EBC4B367807A6B.d.BB023080BFC7D7E14526D68856DD3EDE.e.4986/text - {}
RESULT: {}
]]></system-out>
    </testcase>
    <testcase classname="chrome.135_0_7049_42.windows.Standard_contract_-_add_contract_items_by_Insert_Request_US118222" name="Should assign resources to the catalog item" time="53.921">
      <system-out><![CDATA[
RESULT: undefined
COMMAND: POST /session/295828e4dec9e4b50cbbfbe86b51fb47/element - {"using":"xpath","value":"//*[@id=\"__button25\"]"}
RESULT: {"using":"xpath","value":"//*[@id=\"__button25\"]"}
COMMAND: POST /session/295828e4dec9e4b50cbbfbe86b51fb47/element/f.CDFA6E493D27092015EBC4B367807A6B.d.BB023080BFC7D7E14526D68856DD3EDE.e.4974/click - {}
COMMAND: POST /session/295828e4dec9e4b50cbbfbe86b51fb47/element - {"using":"xpath","value":"//*[@id=\"__button25\"]"}
RESULT: {"using":"xpath","value":"//*[@id=\"__button25\"]"}
COMMAND: POST /session/295828e4dec9e4b50cbbfbe86b51fb47/element/f.CDFA6E493D27092015EBC4B367807A6B.d.BB023080BFC7D7E14526D68856DD3EDE.e.4974/click - {}
COMMAND: POST /session/295828e4dec9e4b50cbbfbe86b51fb47/element - {"using":"xpath","value":"//*[@id=\"__button25\"]"}
RESULT: {"using":"xpath","value":"//*[@id=\"__button25\"]"}
COMMAND: POST /session/295828e4dec9e4b50cbbfbe86b51fb47/element/f.CDFA6E493D27092015EBC4B367807A6B.d.BB023080BFC7D7E14526D68856DD3EDE.e.4994/click - {}
RESULT: {}
COMMAND: GET /session/295828e4dec9e4b50cbbfbe86b51fb47/screenshot - {}
RESULT: {}
COMMAND: POST /session/295828e4dec9e4b50cbbfbe86b51fb47/execute/async - {"script":"<script> [1562 bytes]","args":[{"selector":{"id":"application-managecatalogs-display-component---detailCatalog--BASE_UNIT_OF_MEASURE-arrow"},"wdio_ui5_key":"applicationmanagecatalogs-display-component---detailCatalog--BASE_UNIT_OF_MEASURE-arrow"}]}
RESULT: {"script":"<script> [1562 bytes]","args":[{"selector":{"id":"application-managecatalogs-display-component---detailCatalog--BASE_UNIT_OF_MEASURE-arrow"},"wdio_ui5_key":"applicationmanagecatalogs-display-component---detailCatalog--BASE_UNIT_OF_MEASURE-arrow"}]}
RESULT: undefined
COMMAND: POST /session/295828e4dec9e4b50cbbfbe86b51fb47/element - {"using":"xpath","value":"//*[@id=\"application-managecatalogs-display-component---detailCatalog--BASE_UNIT_OF_MEASURE-arrow\"]"}
RESULT: {"using":"xpath","value":"//*[@id=\"application-managecatalogs-display-component---detailCatalog--BASE_UNIT_OF_MEASURE-arrow\"]"}
COMMAND: POST /session/295828e4dec9e4b50cbbfbe86b51fb47/element/f.CDFA6E493D27092015EBC4B367807A6B.d.BB023080BFC7D7E14526D68856DD3EDE.e.5016/click - {}
RESULT: {}
COMMAND: POST /session/295828e4dec9e4b50cbbfbe86b51fb47/execute/async - {"script":"<script> [1562 bytes]","args":[{"selector":{"controlType":"sap.m.StandardListItem","viewName":"etm.portal.ui.managecatalogs.view.Detail","viewId":"application-managecatalogs-display-component---detailCatalog","properties":{"title":"Piece"},"searchOpenDialogs":true,"interaction":{"idSuffix":"titleText"}},"wdio_ui5_key":"etmportal.ui.managecatalogs.view.Detailsap.m.StandardListItem{\"title\":\"Piece\"}"}]}
COMMAND: GET /session/295828e4dec9e4b50cbbfbe86b51fb47/screenshot - {}
RESULT: {"script":"<script> [1562 bytes]","args":[{"selector":{"controlType":"sap.m.StandardListItem","viewName":"etm.portal.ui.managecatalogs.view.Detail","viewId":"application-managecatalogs-display-component---detailCatalog","properties":{"title":"Piece"},"searchOpenDialogs":true,"interaction":{"idSuffix":"titleText"}},"wdio_ui5_key":"etmportal.ui.managecatalogs.view.Detailsap.m.StandardListItem{\"title\":\"Piece\"}"}]}
RESULT: undefined
COMMAND: POST /session/295828e4dec9e4b50cbbfbe86b51fb47/element - {"using":"xpath","value":"//*[@id=\"__item255\"]"}
RESULT: {}
RESULT: {"using":"xpath","value":"//*[@id=\"__item255\"]"}
COMMAND: POST /session/295828e4dec9e4b50cbbfbe86b51fb47/element/f.CDFA6E493D27092015EBC4B367807A6B.d.BB023080BFC7D7E14526D68856DD3EDE.e.5018/click - {}
RESULT: {}
COMMAND: POST /session/295828e4dec9e4b50cbbfbe86b51fb47/execute/async - {"script":"<script> [1562 bytes]","args":[{"selector":{"id":"application-managecatalogs-display-component---detailCatalog--ObjectPageLayout-anchBar-application-managecatalogs-display-component---detailCatalog--sectionRUs-anchor","interaction":{"idSuffix":"BDI-content"}},"wdio_ui5_key":"applicationmanagecatalogs-display-component---detailCatalog--ObjectPageLayout-anchBar-application-managecatalogs-display-component---detailCatalog--sectionRUs-anchor"}]}
COMMAND: GET /session/295828e4dec9e4b50cbbfbe86b51fb47/screenshot - {}
RESULT: {"script":"<script> [1562 bytes]","args":[{"selector":{"id":"application-managecatalogs-display-component---detailCatalog--ObjectPageLayout-anchBar-application-managecatalogs-display-component---detailCatalog--sectionRUs-anchor","interaction":{"idSuffix":"BDI-content"}},"wdio_ui5_key":"applicationmanagecatalogs-display-component---detailCatalog--ObjectPageLayout-anchBar-application-managecatalogs-display-component---detailCatalog--sectionRUs-anchor"}]}
RESULT: undefined
COMMAND: POST /session/295828e4dec9e4b50cbbfbe86b51fb47/element - {"using":"xpath","value":"//*[@id=\"application-managecatalogs-display-component---detailCatalog--ObjectPageLayout-anchBar-application-managecatalogs-display-component---detailCatalog--sectionRUs-anchor\"]"}
RESULT: {}
RESULT: {"using":"xpath","value":"//*[@id=\"application-managecatalogs-display-component---detailCatalog--ObjectPageLayout-anchBar-application-managecatalogs-display-component---detailCatalog--sectionRUs-anchor\"]"}
COMMAND: POST /session/295828e4dec9e4b50cbbfbe86b51fb47/element/f.CDFA6E493D27092015EBC4B367807A6B.d.BB023080BFC7D7E14526D68856DD3EDE.e.5020/click - {}
RESULT: {}
COMMAND: POST /session/295828e4dec9e4b50cbbfbe86b51fb47/element - {"using":"xpath","value":"//button[contains(@data-kt ,\"catalogItemAssignRuButton\")]"}
COMMAND: GET /session/295828e4dec9e4b50cbbfbe86b51fb47/screenshot - {}
RESULT: {"using":"xpath","value":"//button[contains(@data-kt ,\"catalogItemAssignRuButton\")]"}
COMMAND: POST /session/295828e4dec9e4b50cbbfbe86b51fb47/element/f.CDFA6E493D27092015EBC4B367807A6B.d.BB023080BFC7D7E14526D68856DD3EDE.e.5024/click - {}
RESULT: {}
RESULT: {}
COMMAND: GET /session/295828e4dec9e4b50cbbfbe86b51fb47/screenshot - {}
RESULT: {}
COMMAND: POST /session/295828e4dec9e4b50cbbfbe86b51fb47/actions - {"actions":[{"id":"action15","type":"key","parameters":{},"actions":[{"type":"keyDown","value":""},{"type":"pause","duration":10},{"type":"keyUp","value":""}]}]}
RESULT: {"actions":[{"id":"action15","type":"key","parameters":{},"actions":[{"type":"keyDown","value":""},{"type":"pause","duration":10},{"type":"keyUp","value":""}]}]}
COMMAND: POST /session/295828e4dec9e4b50cbbfbe86b51fb47/execute/async - {"script":"<script> [1562 bytes]","args":[{"selector":{"id":"application-managecatalogs-display-component---detailCatalog--assignRUSearchField-vhi","searchOpenDialogs":true},"wdio_ui5_key":"applicationmanagecatalogs-display-component---detailCatalog--assignRUSearchField-vhi"}]}
COMMAND: GET /session/295828e4dec9e4b50cbbfbe86b51fb47/screenshot - {}
RESULT: {"script":"<script> [1562 bytes]","args":[{"selector":{"id":"application-managecatalogs-display-component---detailCatalog--assignRUSearchField-vhi","searchOpenDialogs":true},"wdio_ui5_key":"applicationmanagecatalogs-display-component---detailCatalog--assignRUSearchField-vhi"}]}
RESULT: undefined
COMMAND: POST /session/295828e4dec9e4b50cbbfbe86b51fb47/element - {"using":"xpath","value":"//*[@id=\"application-managecatalogs-display-component---detailCatalog--assignRUSearchField-vhi\"]"}
RESULT: {}
RESULT: {"using":"xpath","value":"//*[@id=\"application-managecatalogs-display-component---detailCatalog--assignRUSearchField-vhi\"]"}
COMMAND: POST /session/295828e4dec9e4b50cbbfbe86b51fb47/element/f.CDFA6E493D27092015EBC4B367807A6B.d.BB023080BFC7D7E14526D68856DD3EDE.e.5047/click - {}
RESULT: {}
COMMAND: GET /session/295828e4dec9e4b50cbbfbe86b51fb47/screenshot - {}
RESULT: {}
COMMAND: POST /session/295828e4dec9e4b50cbbfbe86b51fb47/element - {"using":"xpath","value":"//input[contains(@id ,\"searchField-I\")]"}
RESULT: {"using":"xpath","value":"//input[contains(@id ,\"searchField-I\")]"}
COMMAND: POST /session/295828e4dec9e4b50cbbfbe86b51fb47/element/f.CDFA6E493D27092015EBC4B367807A6B.d.BB023080BFC7D7E14526D68856DD3EDE.e.5049/clear - {}
RESULT: {}
COMMAND: POST /session/295828e4dec9e4b50cbbfbe86b51fb47/element/f.CDFA6E493D27092015EBC4B367807A6B.d.BB023080BFC7D7E14526D68856DD3EDE.e.5049/value - {"text":"WdIOR2cEquippmkri"}
COMMAND: GET /session/295828e4dec9e4b50cbbfbe86b51fb47/screenshot - {}
RESULT: {"text":"WdIOR2cEquippmkri"}
COMMAND: GET /session/295828e4dec9e4b50cbbfbe86b51fb47/screenshot - {}
RESULT: {}
RESULT: {}
COMMAND: POST /session/295828e4dec9e4b50cbbfbe86b51fb47/actions - {"actions":[{"id":"action16","type":"key","parameters":{},"actions":[{"type":"keyDown","value":""},{"type":"pause","duration":10},{"type":"keyUp","value":""}]}]}
RESULT: {"actions":[{"id":"action16","type":"key","parameters":{},"actions":[{"type":"keyDown","value":""},{"type":"pause","duration":10},{"type":"keyUp","value":""}]}]}
COMMAND: GET /session/295828e4dec9e4b50cbbfbe86b51fb47/screenshot - {}
RESULT: {}
COMMAND: POST /session/295828e4dec9e4b50cbbfbe86b51fb47/actions - {"actions":[{"id":"action17","type":"key","parameters":{},"actions":[{"type":"keyDown","value":""},{"type":"pause","duration":10},{"type":"keyUp","value":""}]}]}
RESULT: {"actions":[{"id":"action17","type":"key","parameters":{},"actions":[{"type":"keyDown","value":""},{"type":"pause","duration":10},{"type":"keyUp","value":""}]}]}
COMMAND: GET /session/295828e4dec9e4b50cbbfbe86b51fb47/screenshot - {}
RESULT: {}
COMMAND: POST /session/295828e4dec9e4b50cbbfbe86b51fb47/actions - {"actions":[{"id":"action18","type":"key","parameters":{},"actions":[{"type":"keyDown","value":""},{"type":"pause","duration":10},{"type":"keyUp","value":""}]}]}
RESULT: {"actions":[{"id":"action18","type":"key","parameters":{},"actions":[{"type":"keyDown","value":""},{"type":"pause","duration":10},{"type":"keyUp","value":""}]}]}
COMMAND: GET /session/295828e4dec9e4b50cbbfbe86b51fb47/screenshot - {}
RESULT: {}
COMMAND: POST /session/295828e4dec9e4b50cbbfbe86b51fb47/element - {"using":"xpath","value":"//bdi[contains(@id ,\"application-managecatalogs-display-component---detailCatalog--RUAssignmentSaveButton-BDI-content\")]"}
RESULT: {"using":"xpath","value":"//bdi[contains(@id ,\"application-managecatalogs-display-component---detailCatalog--RUAssignmentSaveButton-BDI-content\")]"}
COMMAND: POST /session/295828e4dec9e4b50cbbfbe86b51fb47/element/f.CDFA6E493D27092015EBC4B367807A6B.d.BB023080BFC7D7E14526D68856DD3EDE.e.5070/click - {}
RESULT: {}
COMMAND: GET /session/295828e4dec9e4b50cbbfbe86b51fb47/screenshot - {}
RESULT: {}
RESULT: undefined
COMMAND: POST /session/295828e4dec9e4b50cbbfbe86b51fb47/element - {"using":"xpath","value":"//*[@id=\"application-managecatalogs-display-component---detailCatalog--ObjectPageLayout-anchBar-application-managecatalogs-display-component---detailCatalog--sectionRUs-anchor\"]"}
RESULT: {"using":"xpath","value":"//*[@id=\"application-managecatalogs-display-component---detailCatalog--ObjectPageLayout-anchBar-application-managecatalogs-display-component---detailCatalog--sectionRUs-anchor\"]"}
COMMAND: POST /session/295828e4dec9e4b50cbbfbe86b51fb47/element/f.CDFA6E493D27092015EBC4B367807A6B.d.BB023080BFC7D7E14526D68856DD3EDE.e.5106/click - {}
RESULT: {}
COMMAND: GET /session/295828e4dec9e4b50cbbfbe86b51fb47/screenshot - {}
RESULT: {}
COMMAND: POST /session/295828e4dec9e4b50cbbfbe86b51fb47/element - {"using":"xpath","value":"//button[contains(@data-kt ,\"catalogItemAssignRuButton\")]"}
RESULT: {"using":"xpath","value":"//button[contains(@data-kt ,\"catalogItemAssignRuButton\")]"}
COMMAND: POST /session/295828e4dec9e4b50cbbfbe86b51fb47/element/f.CDFA6E493D27092015EBC4B367807A6B.d.BB023080BFC7D7E14526D68856DD3EDE.e.5109/click - {}
RESULT: {}
COMMAND: GET /session/295828e4dec9e4b50cbbfbe86b51fb47/screenshot - {}
RESULT: {}
COMMAND: POST /session/295828e4dec9e4b50cbbfbe86b51fb47/actions - {"actions":[{"id":"action19","type":"key","parameters":{},"actions":[{"type":"keyDown","value":""},{"type":"pause","duration":10},{"type":"keyUp","value":""}]}]}
RESULT: {"actions":[{"id":"action19","type":"key","parameters":{},"actions":[{"type":"keyDown","value":""},{"type":"pause","duration":10},{"type":"keyUp","value":""}]}]}
RESULT: undefined
COMMAND: POST /session/295828e4dec9e4b50cbbfbe86b51fb47/element - {"using":"xpath","value":"//*[@id=\"application-managecatalogs-display-component---detailCatalog--assignRUSearchField-vhi\"]"}
COMMAND: GET /session/295828e4dec9e4b50cbbfbe86b51fb47/screenshot - {}
RESULT: {"using":"xpath","value":"//*[@id=\"application-managecatalogs-display-component---detailCatalog--assignRUSearchField-vhi\"]"}
COMMAND: POST /session/295828e4dec9e4b50cbbfbe86b51fb47/elements - {"using":"xpath","value":"//*[@id=\"application-managecatalogs-display-component---detailCatalog--assignRUSearchField-vhi\"]"}
RESULT: {}
RESULT: {"using":"xpath","value":"//*[@id=\"application-managecatalogs-display-component---detailCatalog--assignRUSearchField-vhi\"]"}
COMMAND: POST /session/295828e4dec9e4b50cbbfbe86b51fb47/element - {"using":"xpath","value":"//*[@id=\"application-managecatalogs-display-component---detailCatalog--assignRUSearchField-vhi\"]"}
RESULT: {"using":"xpath","value":"//*[@id=\"application-managecatalogs-display-component---detailCatalog--assignRUSearchField-vhi\"]"}
COMMAND: POST /session/295828e4dec9e4b50cbbfbe86b51fb47/element/f.CDFA6E493D27092015EBC4B367807A6B.d.BB023080BFC7D7E14526D68856DD3EDE.e.5125/click - {}
RESULT: {}
COMMAND: POST /session/295828e4dec9e4b50cbbfbe86b51fb47/execute/async - {"script":"<script> [1562 bytes]","args":[{"selector":{"controlType":"sap.m.SearchField","viewName":"etm.portal.ui.managecatalogs.view.Detail","viewId":"application-managecatalogs-display-component---detailCatalog","searchOpenDialogs":true,"interaction":{"idSuffix":"I"}},"wdio_ui5_key":"etmportal.ui.managecatalogs.view.Detailsap.m.SearchField"}]}
COMMAND: GET /session/295828e4dec9e4b50cbbfbe86b51fb47/screenshot - {}
RESULT: {"script":"<script> [1562 bytes]","args":[{"selector":{"controlType":"sap.m.SearchField","viewName":"etm.portal.ui.managecatalogs.view.Detail","viewId":"application-managecatalogs-display-component---detailCatalog","searchOpenDialogs":true,"interaction":{"idSuffix":"I"}},"wdio_ui5_key":"etmportal.ui.managecatalogs.view.Detailsap.m.SearchField"}]}
RESULT: undefined
COMMAND: POST /session/295828e4dec9e4b50cbbfbe86b51fb47/execute/async - {"script":"<script> [776 bytes]","args":[{"enterText":"WebdriverRUR2Ca2zfs","selector":{"controlType":"sap.m.SearchField","viewName":"etm.portal.ui.managecatalogs.view.Detail","viewId":"application-managecatalogs-display-component---detailCatalog","searchOpenDialogs":true,"interaction":{"idSuffix":"I"}},"clearTextFirst":true,"interactionType":"ENTER_TEXT"}]}
RESULT: {}
RESULT: {"script":"<script> [776 bytes]","args":[{"enterText":"WebdriverRUR2Ca2zfs","selector":{"controlType":"sap.m.SearchField","viewName":"etm.portal.ui.managecatalogs.view.Detail","viewId":"application-managecatalogs-display-component---detailCatalog","searchOpenDialogs":true,"interaction":{"idSuffix":"I"}},"clearTextFirst":true,"interactionType":"ENTER_TEXT"}]}
COMMAND: POST /session/295828e4dec9e4b50cbbfbe86b51fb47/actions - {"actions":[{"id":"action20","type":"key","parameters":{},"actions":[{"type":"keyDown","value":""},{"type":"pause","duration":10},{"type":"keyUp","value":""}]}]}
RESULT: {"actions":[{"id":"action20","type":"key","parameters":{},"actions":[{"type":"keyDown","value":""},{"type":"pause","duration":10},{"type":"keyUp","value":""}]}]}
COMMAND: GET /session/295828e4dec9e4b50cbbfbe86b51fb47/screenshot - {}
RESULT: {}
COMMAND: POST /session/295828e4dec9e4b50cbbfbe86b51fb47/element - {"using":"xpath","value":"(//span[contains(text(), \"WebdriverRUR2Ca2zfs\")])[1]"}
RESULT: {"using":"xpath","value":"(//span[contains(text(), \"WebdriverRUR2Ca2zfs\")])[1]"}
COMMAND: POST /session/295828e4dec9e4b50cbbfbe86b51fb47/element/f.CDFA6E493D27092015EBC4B367807A6B.d.BB023080BFC7D7E14526D68856DD3EDE.e.5157/click - {}
RESULT: {}
COMMAND: POST /session/295828e4dec9e4b50cbbfbe86b51fb47/execute/async - {"script":"<script> [1562 bytes]","args":[{"selector":{"id":"application-managecatalogs-display-component---detailCatalog--RUAssignmentSaveButton","searchOpenDialogs":true,"interaction":{"idSuffix":"BDI-content"}},"wdio_ui5_key":"applicationmanagecatalogs-display-component---detailCatalog--RUAssignmentSaveButton"}]}
COMMAND: GET /session/295828e4dec9e4b50cbbfbe86b51fb47/screenshot - {}
RESULT: {"script":"<script> [1562 bytes]","args":[{"selector":{"id":"application-managecatalogs-display-component---detailCatalog--RUAssignmentSaveButton","searchOpenDialogs":true,"interaction":{"idSuffix":"BDI-content"}},"wdio_ui5_key":"applicationmanagecatalogs-display-component---detailCatalog--RUAssignmentSaveButton"}]}
RESULT: undefined
COMMAND: POST /session/295828e4dec9e4b50cbbfbe86b51fb47/element - {"using":"xpath","value":"//*[@id=\"application-managecatalogs-display-component---detailCatalog--RUAssignmentSaveButton\"]"}
RESULT: {}
RESULT: {"using":"xpath","value":"//*[@id=\"application-managecatalogs-display-component---detailCatalog--RUAssignmentSaveButton\"]"}
COMMAND: POST /session/295828e4dec9e4b50cbbfbe86b51fb47/element/f.CDFA6E493D27092015EBC4B367807A6B.d.BB023080BFC7D7E14526D68856DD3EDE.e.5160/click - {}
RESULT: {}
COMMAND: GET /session/295828e4dec9e4b50cbbfbe86b51fb47/screenshot - {}
RESULT: {}
COMMAND: POST /session/295828e4dec9e4b50cbbfbe86b51fb47/element - {"using":"xpath","value":"//bdi[contains(text(), \"Save\")]"}
RESULT: {"using":"xpath","value":"//bdi[contains(text(), \"Save\")]"}
COMMAND: POST /session/295828e4dec9e4b50cbbfbe86b51fb47/element/f.CDFA6E493D27092015EBC4B367807A6B.d.BB023080BFC7D7E14526D68856DD3EDE.e.5185/click - {}
RESULT: {}
COMMAND: GET /session/295828e4dec9e4b50cbbfbe86b51fb47/screenshot - {}
RESULT: {}
COMMAND: POST /session/295828e4dec9e4b50cbbfbe86b51fb47/element - {"using":"css selector","value":"#shell-header-logo"}
RESULT: {"using":"css selector","value":"#shell-header-logo"}
COMMAND: POST /session/295828e4dec9e4b50cbbfbe86b51fb47/element/f.CDFA6E493D27092015EBC4B367807A6B.d.BB023080BFC7D7E14526D68856DD3EDE.e.4817/click - {}
RESULT: {}
COMMAND: GET /session/295828e4dec9e4b50cbbfbe86b51fb47/screenshot - {}
RESULT: {}
]]></system-out>
    </testcase>
    <testcase classname="chrome.135_0_7049_42.windows.Standard_contract_-_add_contract_items_by_Insert_Request_US118222" name="Should create a new contract" time="61.104">
      <system-out><![CDATA[
COMMAND: POST /session/295828e4dec9e4b50cbbfbe86b51fb47/execute/async - {"script":"<script> [1562 bytes]","args":[{"selector":{"controlType":"sap.m.Text","viewName":"etm.portal.ui.managecontractstile.view.Master","properties":{"text":"Manage Contracts"},"interaction":{"idSuffix":"inner"}},"wdio_ui5_key":"etmportal.ui.managecontractstile.view.Mastersap.m.Text{\"text\":\"Manage Contracts\"}"}]}
RESULT: {"script":"<script> [1562 bytes]","args":[{"selector":{"controlType":"sap.m.Text","viewName":"etm.portal.ui.managecontractstile.view.Master","properties":{"text":"Manage Contracts"},"interaction":{"idSuffix":"inner"}},"wdio_ui5_key":"etmportal.ui.managecontractstile.view.Mastersap.m.Text{\"text\":\"Manage Contracts\"}"}]}
RESULT: undefined
COMMAND: POST /session/295828e4dec9e4b50cbbfbe86b51fb47/element - {"using":"xpath","value":"//*[@id=\"__tile132-title\"]"}
RESULT: {"using":"xpath","value":"//*[@id=\"__tile132-title\"]"}
COMMAND: POST /session/295828e4dec9e4b50cbbfbe86b51fb47/element/f.CDFA6E493D27092015EBC4B367807A6B.d.BB023080BFC7D7E14526D68856DD3EDE.e.5228/click - {}
RESULT: {}
COMMAND: GET /session/295828e4dec9e4b50cbbfbe86b51fb47/screenshot - {}
RESULT: {}
RESULT: undefined
COMMAND: POST /session/295828e4dec9e4b50cbbfbe86b51fb47/element - {"using":"xpath","value":"//button[@data-kt=\"addButton\"]"}
RESULT: {"using":"xpath","value":"//button[@data-kt=\"addButton\"]"}
COMMAND: POST /session/295828e4dec9e4b50cbbfbe86b51fb47/element/f.CDFA6E493D27092015EBC4B367807A6B.d.BB023080BFC7D7E14526D68856DD3EDE.e.5272/click - {}
RESULT: {}
COMMAND: GET /session/295828e4dec9e4b50cbbfbe86b51fb47/screenshot - {}
RESULT: {}
COMMAND: POST /session/295828e4dec9e4b50cbbfbe86b51fb47/execute/async - {"script":"<script> [1562 bytes]","args":[{"selector":{"id":"application-managecontracts-display-component---AddNewContract--projectDescription","interaction":{"idSuffix":"inner"}},"wdio_ui5_key":"applicationmanagecontracts-display-component---AddNewContract--projectDescription"}]}
RESULT: {"script":"<script> [1562 bytes]","args":[{"selector":{"id":"application-managecontracts-display-component---AddNewContract--projectDescription","interaction":{"idSuffix":"inner"}},"wdio_ui5_key":"applicationmanagecontracts-display-component---AddNewContract--projectDescription"}]}
RESULT: undefined
COMMAND: POST /session/295828e4dec9e4b50cbbfbe86b51fb47/execute/async - {"script":"<script> [776 bytes]","args":[{"enterText":"WdIOR2cq5qtrg","selector":{"id":"application-managecontracts-display-component---AddNewContract--projectDescription","interaction":{"idSuffix":"inner"}},"clearTextFirst":true,"interactionType":"ENTER_TEXT"}]}
RESULT: {"script":"<script> [776 bytes]","args":[{"enterText":"WdIOR2cq5qtrg","selector":{"id":"application-managecontracts-display-component---AddNewContract--projectDescription","interaction":{"idSuffix":"inner"}},"clearTextFirst":true,"interactionType":"ENTER_TEXT"}]}
COMMAND: POST /session/295828e4dec9e4b50cbbfbe86b51fb47/element - {"using":"xpath","value":"//input[@id=\"application-managecontracts-display-component---AddNewContract--yardId-inner\"]"}
RESULT: {"using":"xpath","value":"//input[@id=\"application-managecontracts-display-component---AddNewContract--yardId-inner\"]"}
COMMAND: POST /session/295828e4dec9e4b50cbbfbe86b51fb47/element/f.CDFA6E493D27092015EBC4B367807A6B.d.BB023080BFC7D7E14526D68856DD3EDE.e.5565/clear - {}
RESULT: {}
COMMAND: POST /session/295828e4dec9e4b50cbbfbe86b51fb47/element/f.CDFA6E493D27092015EBC4B367807A6B.d.BB023080BFC7D7E14526D68856DD3EDE.e.5565/value - {"text":"WebdriverYardg9fe"}
COMMAND: GET /session/295828e4dec9e4b50cbbfbe86b51fb47/screenshot - {}
RESULT: {"text":"WebdriverYardg9fe"}
COMMAND: GET /session/295828e4dec9e4b50cbbfbe86b51fb47/screenshot - {}
RESULT: {}
RESULT: {}
COMMAND: POST /session/295828e4dec9e4b50cbbfbe86b51fb47/actions - {"actions":[{"id":"action21","type":"key","parameters":{},"actions":[{"type":"keyDown","value":""},{"type":"pause","duration":10},{"type":"keyUp","value":""}]}]}
RESULT: {"actions":[{"id":"action21","type":"key","parameters":{},"actions":[{"type":"keyDown","value":""},{"type":"pause","duration":10},{"type":"keyUp","value":""}]}]}
COMMAND: GET /session/295828e4dec9e4b50cbbfbe86b51fb47/screenshot - {}
RESULT: {}
COMMAND: POST /session/295828e4dec9e4b50cbbfbe86b51fb47/element - {"using":"xpath","value":"//input[@id=\"application-managecontracts-display-component---AddNewContract--customerSelect-inner\"]"}
RESULT: {"using":"xpath","value":"//input[@id=\"application-managecontracts-display-component---AddNewContract--customerSelect-inner\"]"}
COMMAND: POST /session/295828e4dec9e4b50cbbfbe86b51fb47/element/f.CDFA6E493D27092015EBC4B367807A6B.d.BB023080BFC7D7E14526D68856DD3EDE.e.5563/clear - {}
RESULT: {}
COMMAND: POST /session/295828e4dec9e4b50cbbfbe86b51fb47/element/f.CDFA6E493D27092015EBC4B367807A6B.d.BB023080BFC7D7E14526D68856DD3EDE.e.5563/value - {"text":"WebdriverPartnerxl2er"}
COMMAND: GET /session/295828e4dec9e4b50cbbfbe86b51fb47/screenshot - {}
RESULT: {"text":"WebdriverPartnerxl2er"}
COMMAND: GET /session/295828e4dec9e4b50cbbfbe86b51fb47/screenshot - {}
RESULT: {}
RESULT: {}
COMMAND: POST /session/295828e4dec9e4b50cbbfbe86b51fb47/actions - {"actions":[{"id":"action22","type":"key","parameters":{},"actions":[{"type":"keyDown","value":""},{"type":"pause","duration":10},{"type":"keyUp","value":""}]}]}
RESULT: {"actions":[{"id":"action22","type":"key","parameters":{},"actions":[{"type":"keyDown","value":""},{"type":"pause","duration":10},{"type":"keyUp","value":""}]}]}
COMMAND: GET /session/295828e4dec9e4b50cbbfbe86b51fb47/screenshot - {}
RESULT: {}
COMMAND: POST /session/295828e4dec9e4b50cbbfbe86b51fb47/element - {"using":"xpath","value":"//input[@id=\"application-managecontracts-display-component---AddNewContract--site-inner\"]"}
RESULT: {"using":"xpath","value":"//input[@id=\"application-managecontracts-display-component---AddNewContract--site-inner\"]"}
COMMAND: POST /session/295828e4dec9e4b50cbbfbe86b51fb47/element/f.CDFA6E493D27092015EBC4B367807A6B.d.BB023080BFC7D7E14526D68856DD3EDE.e.5564/clear - {}
RESULT: {}
COMMAND: POST /session/295828e4dec9e4b50cbbfbe86b51fb47/element/f.CDFA6E493D27092015EBC4B367807A6B.d.BB023080BFC7D7E14526D68856DD3EDE.e.5564/value - {"text":"WebdriverSitetehuf"}
COMMAND: GET /session/295828e4dec9e4b50cbbfbe86b51fb47/screenshot - {}
RESULT: {"text":"WebdriverSitetehuf"}
COMMAND: GET /session/295828e4dec9e4b50cbbfbe86b51fb47/screenshot - {}
RESULT: {}
RESULT: {}
COMMAND: POST /session/295828e4dec9e4b50cbbfbe86b51fb47/actions - {"actions":[{"id":"action23","type":"key","parameters":{},"actions":[{"type":"keyDown","value":""},{"type":"pause","duration":10},{"type":"keyUp","value":""}]}]}
RESULT: {"actions":[{"id":"action23","type":"key","parameters":{},"actions":[{"type":"keyDown","value":""},{"type":"pause","duration":10},{"type":"keyUp","value":""}]}]}
COMMAND: POST /session/295828e4dec9e4b50cbbfbe86b51fb47/element - {"using":"xpath","value":"//button[@data-kt=\"saveButton\"]"}
COMMAND: GET /session/295828e4dec9e4b50cbbfbe86b51fb47/screenshot - {}
RESULT: {"using":"xpath","value":"//button[@data-kt=\"saveButton\"]"}
COMMAND: POST /session/295828e4dec9e4b50cbbfbe86b51fb47/element/f.CDFA6E493D27092015EBC4B367807A6B.d.BB023080BFC7D7E14526D68856DD3EDE.e.5586/click - {}
RESULT: {}
RESULT: {}
COMMAND: GET /session/295828e4dec9e4b50cbbfbe86b51fb47/screenshot - {}
RESULT: {}
COMMAND: POST /session/295828e4dec9e4b50cbbfbe86b51fb47/execute/async - {"script":"<script> [1562 bytes]","args":[{"selector":{"id":"contractDetailTitleNoExpanded","viewName":"etm.portal.ui.managecontracts.view.Detail"},"wdio_ui5_key":"contractDetailTitleNoExpandedetmportal.ui.managecontracts.view.Detail"}]}
RESULT: {"script":"<script> [1562 bytes]","args":[{"selector":{"id":"contractDetailTitleNoExpanded","viewName":"etm.portal.ui.managecontracts.view.Detail"},"wdio_ui5_key":"contractDetailTitleNoExpandedetmportal.ui.managecontracts.view.Detail"}]}
RESULT: undefined
COMMAND: POST /session/295828e4dec9e4b50cbbfbe86b51fb47/execute/async - {"script":"<script> [6424 bytes]","args":[{"element-6066-11e4-a52e-4f735466cecf":"f.CDFA6E493D27092015EBC4B367807A6B.d.BB023080BFC7D7E14526D68856DD3EDE.e.5606"},"getText",[]]}
RESULT: {"script":"<script> [6424 bytes]","args":[{"element-6066-11e4-a52e-4f735466cecf":"f.CDFA6E493D27092015EBC4B367807A6B.d.BB023080BFC7D7E14526D68856DD3EDE.e.5606"},"getText",[]]}
]]></system-out>
    </testcase>
    <testcase classname="chrome.135_0_7049_42.windows.Standard_contract_-_add_contract_items_by_Insert_Request_US118222" name="Should create a new request and plan it" time="120.611">
      <system-out><![CDATA[
COMMAND: POST /session/295828e4dec9e4b50cbbfbe86b51fb47/element - {"using":"css selector","value":"#shell-header-logo"}
RESULT: {"using":"css selector","value":"#shell-header-logo"}
COMMAND: POST /session/295828e4dec9e4b50cbbfbe86b51fb47/element/f.CDFA6E493D27092015EBC4B367807A6B.d.BB023080BFC7D7E14526D68856DD3EDE.e.5231/click - {}
RESULT: {}
COMMAND: GET /session/295828e4dec9e4b50cbbfbe86b51fb47/screenshot - {}
RESULT: {}
COMMAND: POST /session/295828e4dec9e4b50cbbfbe86b51fb47/execute/async - {"script":"<script> [1562 bytes]","args":[{"selector":{"controlType":"sap.m.GenericTile","properties":{"header":"Manage Requests"}},"wdio_ui5_key":"sapm.GenericTile{\"header\":\"Manage Requests\"}"}]}
RESULT: {"script":"<script> [1562 bytes]","args":[{"selector":{"controlType":"sap.m.GenericTile","properties":{"header":"Manage Requests"}},"wdio_ui5_key":"sapm.GenericTile{\"header\":\"Manage Requests\"}"}]}
RESULT: undefined
COMMAND: POST /session/295828e4dec9e4b50cbbfbe86b51fb47/element - {"using":"xpath","value":"//*[@id=\"__tile47\"]"}
RESULT: {"using":"xpath","value":"//*[@id=\"__tile47\"]"}
COMMAND: POST /session/295828e4dec9e4b50cbbfbe86b51fb47/element/f.CDFA6E493D27092015EBC4B367807A6B.d.BB023080BFC7D7E14526D68856DD3EDE.e.5609/click - {}
RESULT: {}
COMMAND: GET /session/295828e4dec9e4b50cbbfbe86b51fb47/screenshot - {}
RESULT: {}
COMMAND: POST /session/295828e4dec9e4b50cbbfbe86b51fb47/element - {"using":"xpath","value":"//button[contains(@data-kt ,\"btnCreateNewOverflowToolbarButton\")]"}
RESULT: {"using":"xpath","value":"//button[contains(@data-kt ,\"btnCreateNewOverflowToolbarButton\")]"}
COMMAND: POST /session/295828e4dec9e4b50cbbfbe86b51fb47/elements - {"using":"xpath","value":"//button[contains(@data-kt ,\"btnCreateNewOverflowToolbarButton\")]"}
RESULT: {"using":"xpath","value":"//button[contains(@data-kt ,\"btnCreateNewOverflowToolbarButton\")]"}
COMMAND: POST /session/295828e4dec9e4b50cbbfbe86b51fb47/execute/sync - {"script":"<script> [8489 bytes]","args":[{"element-6066-11e4-a52e-4f735466cecf":"f.CDFA6E493D27092015EBC4B367807A6B.d.BB023080BFC7D7E14526D68856DD3EDE.e.5649","ELEMENT":"f.CDFA6E493D27092015EBC4B367807A6B.d.BB023080BFC7D7E14526D68856DD3EDE.e.5649"}]}
RESULT: {"script":"<script> [8489 bytes]","args":[{"element-6066-11e4-a52e-4f735466cecf":"f.CDFA6E493D27092015EBC4B367807A6B.d.BB023080BFC7D7E14526D68856DD3EDE.e.5649","ELEMENT":"f.CDFA6E493D27092015EBC4B367807A6B.d.BB023080BFC7D7E14526D68856DD3EDE.e.5649"}]}
COMMAND: GET /session/295828e4dec9e4b50cbbfbe86b51fb47/element/f.CDFA6E493D27092015EBC4B367807A6B.d.BB023080BFC7D7E14526D68856DD3EDE.e.5649/enabled - {}
COMMAND: GET /session/295828e4dec9e4b50cbbfbe86b51fb47/screenshot - {}
RESULT: {}
COMMAND: POST /session/295828e4dec9e4b50cbbfbe86b51fb47/execute/sync - {"script":"<script> [8489 bytes]","args":[{"element-6066-11e4-a52e-4f735466cecf":"f.CDFA6E493D27092015EBC4B367807A6B.d.BB023080BFC7D7E14526D68856DD3EDE.e.5649","ELEMENT":"f.CDFA6E493D27092015EBC4B367807A6B.d.BB023080BFC7D7E14526D68856DD3EDE.e.5649"}]}
COMMAND: GET /session/295828e4dec9e4b50cbbfbe86b51fb47/screenshot - {}
RESULT: {}
RESULT: {"script":"<script> [8489 bytes]","args":[{"element-6066-11e4-a52e-4f735466cecf":"f.CDFA6E493D27092015EBC4B367807A6B.d.BB023080BFC7D7E14526D68856DD3EDE.e.5649","ELEMENT":"f.CDFA6E493D27092015EBC4B367807A6B.d.BB023080BFC7D7E14526D68856DD3EDE.e.5649"}]}
COMMAND: POST /session/295828e4dec9e4b50cbbfbe86b51fb47/execute/sync - {"script":"<script> [5351 bytes]","args":[{"element-6066-11e4-a52e-4f735466cecf":"f.CDFA6E493D27092015EBC4B367807A6B.d.BB023080BFC7D7E14526D68856DD3EDE.e.5649","ELEMENT":"f.CDFA6E493D27092015EBC4B367807A6B.d.BB023080BFC7D7E14526D68856DD3EDE.e.5649"}]}
COMMAND: GET /session/295828e4dec9e4b50cbbfbe86b51fb47/screenshot - {}
RESULT: {}
RESULT: {"script":"<script> [5351 bytes]","args":[{"element-6066-11e4-a52e-4f735466cecf":"f.CDFA6E493D27092015EBC4B367807A6B.d.BB023080BFC7D7E14526D68856DD3EDE.e.5649","ELEMENT":"f.CDFA6E493D27092015EBC4B367807A6B.d.BB023080BFC7D7E14526D68856DD3EDE.e.5649"}]}
COMMAND: POST /session/295828e4dec9e4b50cbbfbe86b51fb47/element/f.CDFA6E493D27092015EBC4B367807A6B.d.BB023080BFC7D7E14526D68856DD3EDE.e.5649/click - {}
COMMAND: GET /session/295828e4dec9e4b50cbbfbe86b51fb47/screenshot - {}
RESULT: {}
RESULT: {}
COMMAND: GET /session/295828e4dec9e4b50cbbfbe86b51fb47/screenshot - {}
RESULT: {}
RESULT: {}
COMMAND: POST /session/295828e4dec9e4b50cbbfbe86b51fb47/element - {"using":"xpath","value":"//input[contains(@id ,\"yardId-inner\")]"}
RESULT: {"using":"xpath","value":"//input[contains(@id ,\"yardId-inner\")]"}
COMMAND: POST /session/295828e4dec9e4b50cbbfbe86b51fb47/execute/sync - {"script":"<script> [8489 bytes]","args":[{"element-6066-11e4-a52e-4f735466cecf":"f.CDFA6E493D27092015EBC4B367807A6B.d.BB023080BFC7D7E14526D68856DD3EDE.e.5907","ELEMENT":"f.CDFA6E493D27092015EBC4B367807A6B.d.BB023080BFC7D7E14526D68856DD3EDE.e.5907"}]}
RESULT: {"script":"<script> [8489 bytes]","args":[{"element-6066-11e4-a52e-4f735466cecf":"f.CDFA6E493D27092015EBC4B367807A6B.d.BB023080BFC7D7E14526D68856DD3EDE.e.5907","ELEMENT":"f.CDFA6E493D27092015EBC4B367807A6B.d.BB023080BFC7D7E14526D68856DD3EDE.e.5907"}]}
COMMAND: POST /session/295828e4dec9e4b50cbbfbe86b51fb47/element - {"using":"xpath","value":"//input[contains(@id ,\"requestContractNo-inner\")]"}
COMMAND: GET /session/295828e4dec9e4b50cbbfbe86b51fb47/screenshot - {}
RESULT: {"using":"xpath","value":"//input[contains(@id ,\"requestContractNo-inner\")]"}
COMMAND: POST /session/295828e4dec9e4b50cbbfbe86b51fb47/element/f.CDFA6E493D27092015EBC4B367807A6B.d.BB023080BFC7D7E14526D68856DD3EDE.e.5902/value - {"text":"10305"}
RESULT: {}
RESULT: {"text":"10305"}
COMMAND: GET /session/295828e4dec9e4b50cbbfbe86b51fb47/screenshot - {}
RESULT: {}
COMMAND: POST /session/295828e4dec9e4b50cbbfbe86b51fb47/actions - {"actions":[{"id":"action24","type":"key","parameters":{},"actions":[{"type":"keyDown","value":""},{"type":"pause","duration":10},{"type":"keyUp","value":""}]}]}
RESULT: {"actions":[{"id":"action24","type":"key","parameters":{},"actions":[{"type":"keyDown","value":""},{"type":"pause","duration":10},{"type":"keyUp","value":""}]}]}
COMMAND: GET /session/295828e4dec9e4b50cbbfbe86b51fb47/screenshot - {}
RESULT: {}
COMMAND: POST /session/295828e4dec9e4b50cbbfbe86b51fb47/execute/async - {"script":"<script> [1562 bytes]","args":[{"selector":{"controlType":"sap.ui.core.Icon","viewName":"etm.portal.ui.managerequests.view.NewRequest","properties":{"src":{"regex":{"source":"add"}}}},"wdio_ui5_key":"etmportal.ui.managerequests.view.NewRequestsap.ui.core.Icon{\"src\":{\"regex\":{\"source\":\"add\"}}}"}]}
RESULT: {"script":"<script> [1562 bytes]","args":[{"selector":{"controlType":"sap.ui.core.Icon","viewName":"etm.portal.ui.managerequests.view.NewRequest","properties":{"src":{"regex":{"source":"add"}}}},"wdio_ui5_key":"etmportal.ui.managerequests.view.NewRequestsap.ui.core.Icon{\"src\":{\"regex\":{\"source\":\"add\"}}}"}]}
RESULT: undefined
COMMAND: POST /session/295828e4dec9e4b50cbbfbe86b51fb47/element - {"using":"xpath","value":"//*[@id=\"__xmlview61--btnAddTableRow-img\"]"}
RESULT: {"using":"xpath","value":"//*[@id=\"__xmlview61--btnAddTableRow-img\"]"}
COMMAND: POST /session/295828e4dec9e4b50cbbfbe86b51fb47/element/f.CDFA6E493D27092015EBC4B367807A6B.d.BB023080BFC7D7E14526D68856DD3EDE.e.5881/click - {}
RESULT: {}
COMMAND: GET /session/295828e4dec9e4b50cbbfbe86b51fb47/screenshot - {}
RESULT: {}
COMMAND: POST /session/295828e4dec9e4b50cbbfbe86b51fb47/execute/async - {"script":"<script> [1562 bytes]","args":[{"selector":{"controlType":"sap.ui.unified.MenuItem","viewName":"etm.portal.ui.managerequests.view.NewRequest","i18NText":{"propertyName":"text","key":"standardEntry"},"searchOpenDialogs":true,"interaction":{"idSuffix":"txt"}},"wdio_ui5_key":"etmportal.ui.managerequests.view.NewRequestsap.ui.unified.MenuItem{\"propertyName\":\"text\",\"key\":\"standardEntry\"}"}]}
RESULT: {"script":"<script> [1562 bytes]","args":[{"selector":{"controlType":"sap.ui.unified.MenuItem","viewName":"etm.portal.ui.managerequests.view.NewRequest","i18NText":{"propertyName":"text","key":"standardEntry"},"searchOpenDialogs":true,"interaction":{"idSuffix":"txt"}},"wdio_ui5_key":"etmportal.ui.managerequests.view.NewRequestsap.ui.unified.MenuItem{\"propertyName\":\"text\",\"key\":\"standardEntry\"}"}]}
RESULT: undefined
COMMAND: POST /session/295828e4dec9e4b50cbbfbe86b51fb47/element - {"using":"xpath","value":"//*[@id=\"__item1596\"]"}
RESULT: {"using":"xpath","value":"//*[@id=\"__item1596\"]"}
COMMAND: POST /session/295828e4dec9e4b50cbbfbe86b51fb47/element/f.CDFA6E493D27092015EBC4B367807A6B.d.BB023080BFC7D7E14526D68856DD3EDE.e.6067/click - {}
RESULT: {}
COMMAND: GET /session/295828e4dec9e4b50cbbfbe86b51fb47/screenshot - {}
RESULT: {}
RESULT: undefined
COMMAND: POST /session/295828e4dec9e4b50cbbfbe86b51fb47/element - {"using":"xpath","value":"//*[@id=\"__xmlview61--btnAddTableRow-img\"]"}
RESULT: {"using":"xpath","value":"//*[@id=\"__xmlview61--btnAddTableRow-img\"]"}
COMMAND: POST /session/295828e4dec9e4b50cbbfbe86b51fb47/element/f.CDFA6E493D27092015EBC4B367807A6B.d.BB023080BFC7D7E14526D68856DD3EDE.e.5881/click - {}
RESULT: {}
COMMAND: GET /session/295828e4dec9e4b50cbbfbe86b51fb47/screenshot - {}
RESULT: {}
RESULT: undefined
COMMAND: POST /session/295828e4dec9e4b50cbbfbe86b51fb47/element - {"using":"xpath","value":"//*[@id=\"__item1596\"]"}
RESULT: {"using":"xpath","value":"//*[@id=\"__item1596\"]"}
COMMAND: POST /session/295828e4dec9e4b50cbbfbe86b51fb47/element/f.CDFA6E493D27092015EBC4B367807A6B.d.BB023080BFC7D7E14526D68856DD3EDE.e.6079/click - {}
RESULT: {}
COMMAND: GET /session/295828e4dec9e4b50cbbfbe86b51fb47/screenshot - {}
RESULT: {}
COMMAND: POST /session/295828e4dec9e4b50cbbfbe86b51fb47/element - {"using":"xpath","value":"(//input[contains(@id ,\"requestItemsTable-0-inner\")])[1]"}
RESULT: {"using":"xpath","value":"(//input[contains(@id ,\"requestItemsTable-0-inner\")])[1]"}
COMMAND: POST /session/295828e4dec9e4b50cbbfbe86b51fb47/element/f.CDFA6E493D27092015EBC4B367807A6B.d.BB023080BFC7D7E14526D68856DD3EDE.e.6069/clear - {}
RESULT: {}
COMMAND: POST /session/295828e4dec9e4b50cbbfbe86b51fb47/element/f.CDFA6E493D27092015EBC4B367807A6B.d.BB023080BFC7D7E14526D68856DD3EDE.e.6069/value - {"text":"catalogItemaimir"}
COMMAND: GET /session/295828e4dec9e4b50cbbfbe86b51fb47/screenshot - {}
RESULT: {"text":"catalogItemaimir"}
COMMAND: GET /session/295828e4dec9e4b50cbbfbe86b51fb47/screenshot - {}
RESULT: {}
RESULT: {}
COMMAND: POST /session/295828e4dec9e4b50cbbfbe86b51fb47/actions - {"actions":[{"id":"action25","type":"key","parameters":{},"actions":[{"type":"keyDown","value":""},{"type":"pause","duration":10},{"type":"keyUp","value":""}]}]}
RESULT: {"actions":[{"id":"action25","type":"key","parameters":{},"actions":[{"type":"keyDown","value":""},{"type":"pause","duration":10},{"type":"keyUp","value":""}]}]}
COMMAND: POST /session/295828e4dec9e4b50cbbfbe86b51fb47/element - {"using":"xpath","value":"(//input[contains(@id ,\"requestItemsTable-1-inner\")])[1]"}
COMMAND: GET /session/295828e4dec9e4b50cbbfbe86b51fb47/screenshot - {}
RESULT: {"using":"xpath","value":"(//input[contains(@id ,\"requestItemsTable-1-inner\")])[1]"}
COMMAND: POST /session/295828e4dec9e4b50cbbfbe86b51fb47/element/f.CDFA6E493D27092015EBC4B367807A6B.d.BB023080BFC7D7E14526D68856DD3EDE.e.6081/clear - {}
RESULT: {}
RESULT: {}
COMMAND: POST /session/295828e4dec9e4b50cbbfbe86b51fb47/element/f.CDFA6E493D27092015EBC4B367807A6B.d.BB023080BFC7D7E14526D68856DD3EDE.e.6081/value - {"text":"catalogItemaimir"}
COMMAND: GET /session/295828e4dec9e4b50cbbfbe86b51fb47/screenshot - {}
RESULT: {"text":"catalogItemaimir"}
COMMAND: GET /session/295828e4dec9e4b50cbbfbe86b51fb47/screenshot - {}
RESULT: {}
RESULT: {}
COMMAND: POST /session/295828e4dec9e4b50cbbfbe86b51fb47/actions - {"actions":[{"id":"action26","type":"key","parameters":{},"actions":[{"type":"keyDown","value":""},{"type":"pause","duration":10},{"type":"keyUp","value":""}]}]}
RESULT: {"actions":[{"id":"action26","type":"key","parameters":{},"actions":[{"type":"keyDown","value":""},{"type":"pause","duration":10},{"type":"keyUp","value":""}]}]}
COMMAND: GET /session/295828e4dec9e4b50cbbfbe86b51fb47/screenshot - {}
RESULT: {}
COMMAND: POST /session/295828e4dec9e4b50cbbfbe86b51fb47/execute/async - {"script":"<script> [1562 bytes]","args":[{"selector":{"controlType":"sap.ui.core.Icon","viewName":"etm.portal.ui.managerequests.view.NewRequest","properties":{"src":{"regex":{"source":"slim\\-arrow\\-down"}}},"ancestor":{"controlType":"sap.m.Button","viewName":"etm.portal.ui.managerequests.view.NewRequest","properties":{"icon":"sap-icon://slim-arrow-down"}}},"wdio_ui5_key":"etmportal.ui.managerequests.view.NewRequestsap.ui.core.Icon{\"src\":{\"regex\":{\"source\":\"slim\\\\-arrow\\\\-down\"}}}{\"controlType\":\"sap.m.Button\",\"viewName\":\"etm.portal.ui.managerequests.view.NewRequest\",\"properties\":{\"icon\":\"sap-icon://slim-arrow-down\"}}"}]}
RESULT: {"script":"<script> [1562 bytes]","args":[{"selector":{"controlType":"sap.ui.core.Icon","viewName":"etm.portal.ui.managerequests.view.NewRequest","properties":{"src":{"regex":{"source":"slim\\-arrow\\-down"}}},"ancestor":{"controlType":"sap.m.Button","viewName":"etm.portal.ui.managerequests.view.NewRequest","properties":{"icon":"sap-icon://slim-arrow-down"}}},"wdio_ui5_key":"etmportal.ui.managerequests.view.NewRequestsap.ui.core.Icon{\"src\":{\"regex\":{\"source\":\"slim\\\\-arrow\\\\-down\"}}}{\"controlType\":\"sap.m.Button\",\"viewName\":\"etm.portal.ui.managerequests.view.NewRequest\",\"properties\":{\"icon\":\"sap-icon://slim-arrow-down\"}}"}]}
RESULT: undefined
COMMAND: POST /session/295828e4dec9e4b50cbbfbe86b51fb47/element - {"using":"xpath","value":"//*[@id=\"__title48-expandBtn-img\"]"}
RESULT: {"using":"xpath","value":"//*[@id=\"__title48-expandBtn-img\"]"}
COMMAND: POST /session/295828e4dec9e4b50cbbfbe86b51fb47/element/f.CDFA6E493D27092015EBC4B367807A6B.d.BB023080BFC7D7E14526D68856DD3EDE.e.6102/click - {}
RESULT: {}
COMMAND: POST /session/295828e4dec9e4b50cbbfbe86b51fb47/element - {"using":"xpath","value":"//div[contains(@data-kt ,\"splitAllocationObjectStatus\")]"}
COMMAND: GET /session/295828e4dec9e4b50cbbfbe86b51fb47/screenshot - {}
RESULT: {"using":"xpath","value":"//div[contains(@data-kt ,\"splitAllocationObjectStatus\")]"}
COMMAND: POST /session/295828e4dec9e4b50cbbfbe86b51fb47/elements - {"using":"xpath","value":"//div[contains(@data-kt ,\"splitAllocationObjectStatus\")]"}
RESULT: {}
RESULT: {"using":"xpath","value":"//div[contains(@data-kt ,\"splitAllocationObjectStatus\")]"}
COMMAND: POST /session/295828e4dec9e4b50cbbfbe86b51fb47/execute/async - {"script":"<script> [1562 bytes]","args":[{"selector":{"controlType":"sap.ui.core.Icon","viewName":"etm.portal.ui.managerequests.view.NewRequest","properties":{"src":{"regex":{"source":"message\\-error"}}},"ancestor":{"controlType":"sap.m.ColumnListItem","viewName":"etm.portal.ui.managerequests.view.NewRequest","bindingPath":{"modelName":"newRequestItems","path":"/RequestItems/0"},"ancestor":{"id":"requestItemsTable","viewName":"etm.portal.ui.managerequests.view.NewRequest"}}},"wdio_ui5_key":"etmportal.ui.managerequests.view.NewRequestsap.ui.core.Icon{\"src\":{\"regex\":{\"source\":\"message\\\\-error\"}}}{\"controlType\":\"sap.m.ColumnListItem\",\"viewName\":\"etm.portal.ui.managerequests.view.NewRequest\",\"bindingPath\":{\"modelName\":\"newRequestItems\",\"path\":\"/RequestItems/0\"},\"ancestor\":{\"id\":\"requestItemsTable\",\"viewName\":\"etm.portal.ui.managerequests.view.NewRequest\"}}"}]}
RESULT: {"script":"<script> [1562 bytes]","args":[{"selector":{"controlType":"sap.ui.core.Icon","viewName":"etm.portal.ui.managerequests.view.NewRequest","properties":{"src":{"regex":{"source":"message\\-error"}}},"ancestor":{"controlType":"sap.m.ColumnListItem","viewName":"etm.portal.ui.managerequests.view.NewRequest","bindingPath":{"modelName":"newRequestItems","path":"/RequestItems/0"},"ancestor":{"id":"requestItemsTable","viewName":"etm.portal.ui.managerequests.view.NewRequest"}}},"wdio_ui5_key":"etmportal.ui.managerequests.view.NewRequestsap.ui.core.Icon{\"src\":{\"regex\":{\"source\":\"message\\\\-error\"}}}{\"controlType\":\"sap.m.ColumnListItem\",\"viewName\":\"etm.portal.ui.managerequests.view.NewRequest\",\"bindingPath\":{\"modelName\":\"newRequestItems\",\"path\":\"/RequestItems/0\"},\"ancestor\":{\"id\":\"requestItemsTable\",\"viewName\":\"etm.portal.ui.managerequests.view.NewRequest\"}}"}]}
RESULT: undefined
COMMAND: POST /session/295828e4dec9e4b50cbbfbe86b51fb47/element - {"using":"xpath","value":"//*[@id=\"__status15-__xmlview61--requestItemsTable-0-icon\"]"}
RESULT: {"using":"xpath","value":"//*[@id=\"__status15-__xmlview61--requestItemsTable-0-icon\"]"}
COMMAND: POST /session/295828e4dec9e4b50cbbfbe86b51fb47/element/f.CDFA6E493D27092015EBC4B367807A6B.d.BB023080BFC7D7E14526D68856DD3EDE.e.6109/click - {}
RESULT: {}
COMMAND: GET /session/295828e4dec9e4b50cbbfbe86b51fb47/screenshot - {}
RESULT: {}
COMMAND: POST /session/295828e4dec9e4b50cbbfbe86b51fb47/execute/async - {"script":"<script> [1562 bytes]","args":[{"selector":{"id":"costObjectAdminTypeComboBox","viewName":"etm.portal.ui.managerequests.view.NewRequest","searchOpenDialogs":true,"interaction":{"idSuffix":"inner"}},"wdio_ui5_key":"costObjectAdminTypeComboBoxetmportal.ui.managerequests.view.NewRequest"}]}
RESULT: {"script":"<script> [1562 bytes]","args":[{"selector":{"id":"costObjectAdminTypeComboBox","viewName":"etm.portal.ui.managerequests.view.NewRequest","searchOpenDialogs":true,"interaction":{"idSuffix":"inner"}},"wdio_ui5_key":"costObjectAdminTypeComboBoxetmportal.ui.managerequests.view.NewRequest"}]}
RESULT: undefined
COMMAND: POST /session/295828e4dec9e4b50cbbfbe86b51fb47/execute/async - {"script":"<script> [776 bytes]","args":[{"enterText":"Cost Center","selector":{"id":"costObjectAdminTypeComboBox","viewName":"etm.portal.ui.managerequests.view.NewRequest","searchOpenDialogs":true,"interaction":{"idSuffix":"inner"}},"clearTextFirst":true,"interactionType":"ENTER_TEXT"}]}
RESULT: {"script":"<script> [776 bytes]","args":[{"enterText":"Cost Center","selector":{"id":"costObjectAdminTypeComboBox","viewName":"etm.portal.ui.managerequests.view.NewRequest","searchOpenDialogs":true,"interaction":{"idSuffix":"inner"}},"clearTextFirst":true,"interactionType":"ENTER_TEXT"}]}
COMMAND: POST /session/295828e4dec9e4b50cbbfbe86b51fb47/actions - {"actions":[{"id":"action27","type":"key","parameters":{},"actions":[{"type":"keyDown","value":""},{"type":"pause","duration":10},{"type":"keyUp","value":""}]}]}
RESULT: {"actions":[{"id":"action27","type":"key","parameters":{},"actions":[{"type":"keyDown","value":""},{"type":"pause","duration":10},{"type":"keyUp","value":""}]}]}
COMMAND: GET /session/295828e4dec9e4b50cbbfbe86b51fb47/screenshot - {}
RESULT: {}
COMMAND: POST /session/295828e4dec9e4b50cbbfbe86b51fb47/execute/async - {"script":"<script> [1562 bytes]","args":[{"selector":{"controlType":"sap.ui.core.Icon","viewName":"etm.portal.ui.managerequests.view.NewRequest","properties":{"src":{"regex":{"source":"value\\-help"}}},"searchOpenDialogs":true},"wdio_ui5_key":"etmportal.ui.managerequests.view.NewRequestsap.ui.core.Icon{\"src\":{\"regex\":{\"source\":\"value\\\\-help\"}}}"}]}
RESULT: {"script":"<script> [1562 bytes]","args":[{"selector":{"controlType":"sap.ui.core.Icon","viewName":"etm.portal.ui.managerequests.view.NewRequest","properties":{"src":{"regex":{"source":"value\\-help"}}},"searchOpenDialogs":true},"wdio_ui5_key":"etmportal.ui.managerequests.view.NewRequestsap.ui.core.Icon{\"src\":{\"regex\":{\"source\":\"value\\\\-help\"}}}"}]}
RESULT: undefined
COMMAND: POST /session/295828e4dec9e4b50cbbfbe86b51fb47/element - {"using":"xpath","value":"//*[@id=\"__xmlview61--costObjectIdComboBox-vhi\"]"}
RESULT: {"using":"xpath","value":"//*[@id=\"__xmlview61--costObjectIdComboBox-vhi\"]"}
COMMAND: POST /session/295828e4dec9e4b50cbbfbe86b51fb47/element/f.CDFA6E493D27092015EBC4B367807A6B.d.BB023080BFC7D7E14526D68856DD3EDE.e.6120/click - {}
RESULT: {}
COMMAND: POST /session/295828e4dec9e4b50cbbfbe86b51fb47/execute/async - {"script":"<script> [1562 bytes]","args":[{"selector":{"controlType":"sap.m.SearchField","properties":{"placeholder":"Search"},"searchOpenDialogs":true,"interaction":{"idSuffix":"I"}},"wdio_ui5_key":"sapm.SearchField{\"placeholder\":\"Search\"}"}]}
COMMAND: GET /session/295828e4dec9e4b50cbbfbe86b51fb47/screenshot - {}
RESULT: {"script":"<script> [1562 bytes]","args":[{"selector":{"controlType":"sap.m.SearchField","properties":{"placeholder":"Search"},"searchOpenDialogs":true,"interaction":{"idSuffix":"I"}},"wdio_ui5_key":"sapm.SearchField{\"placeholder\":\"Search\"}"}]}
RESULT: undefined
COMMAND: POST /session/295828e4dec9e4b50cbbfbe86b51fb47/execute/async - {"script":"<script> [776 bytes]","args":[{"enterText":"10001013","selector":{"controlType":"sap.m.SearchField","properties":{"placeholder":"Search"},"searchOpenDialogs":true,"interaction":{"idSuffix":"I"}},"clearTextFirst":true,"interactionType":"ENTER_TEXT"}]}
RESULT: {}
RESULT: {"script":"<script> [776 bytes]","args":[{"enterText":"10001013","selector":{"controlType":"sap.m.SearchField","properties":{"placeholder":"Search"},"searchOpenDialogs":true,"interaction":{"idSuffix":"I"}},"clearTextFirst":true,"interactionType":"ENTER_TEXT"}]}
COMMAND: POST /session/295828e4dec9e4b50cbbfbe86b51fb47/actions - {"actions":[{"id":"action28","type":"key","parameters":{},"actions":[{"type":"keyDown","value":""},{"type":"pause","duration":10},{"type":"keyUp","value":""}]}]}
RESULT: {"actions":[{"id":"action28","type":"key","parameters":{},"actions":[{"type":"keyDown","value":""},{"type":"pause","duration":10},{"type":"keyUp","value":""}]}]}
COMMAND: GET /session/295828e4dec9e4b50cbbfbe86b51fb47/screenshot - {}
RESULT: {}
COMMAND: POST /session/295828e4dec9e4b50cbbfbe86b51fb47/element - {"using":"xpath","value":"//span[contains(text(), \"General Management\")]"}
RESULT: {"using":"xpath","value":"//span[contains(text(), \"General Management\")]"}
COMMAND: POST /session/295828e4dec9e4b50cbbfbe86b51fb47/element/f.CDFA6E493D27092015EBC4B367807A6B.d.BB023080BFC7D7E14526D68856DD3EDE.e.6160/click - {}
RESULT: {}
COMMAND: GET /session/295828e4dec9e4b50cbbfbe86b51fb47/screenshot - {}
RESULT: {}
COMMAND: POST /session/295828e4dec9e4b50cbbfbe86b51fb47/element - {"using":"xpath","value":"//bdi[contains(text(), \"OK\")]"}
RESULT: {"using":"xpath","value":"//bdi[contains(text(), \"OK\")]"}
COMMAND: POST /session/295828e4dec9e4b50cbbfbe86b51fb47/element/f.CDFA6E493D27092015EBC4B367807A6B.d.BB023080BFC7D7E14526D68856DD3EDE.e.6161/click - {}
RESULT: {}
COMMAND: GET /session/295828e4dec9e4b50cbbfbe86b51fb47/screenshot - {}
RESULT: {}
COMMAND: POST /session/295828e4dec9e4b50cbbfbe86b51fb47/element - {"using":"xpath","value":"(//bdi[contains(@id ,\"BDI-content\")][contains(text(), \"Save\")])[1]"}
RESULT: {"using":"xpath","value":"(//bdi[contains(@id ,\"BDI-content\")][contains(text(), \"Save\")])[1]"}
COMMAND: POST /session/295828e4dec9e4b50cbbfbe86b51fb47/element/f.CDFA6E493D27092015EBC4B367807A6B.d.BB023080BFC7D7E14526D68856DD3EDE.e.6165/click - {}
RESULT: {}
COMMAND: GET /session/295828e4dec9e4b50cbbfbe86b51fb47/screenshot - {}
RESULT: {}
COMMAND: POST /session/295828e4dec9e4b50cbbfbe86b51fb47/execute/async - {"script":"<script> [1562 bytes]","args":[{"selector":{"controlType":"sap.ui.core.Icon","viewName":"etm.portal.ui.managerequests.view.NewRequest","properties":{"src":{"regex":{"source":"message\\-error"}}},"ancestor":{"controlType":"sap.m.ColumnListItem","viewName":"etm.portal.ui.managerequests.view.NewRequest","bindingPath":{"modelName":"newRequestItems","path":"/RequestItems/1"},"ancestor":{"id":"requestItemsTable","viewName":"etm.portal.ui.managerequests.view.NewRequest"}}},"wdio_ui5_key":"etmportal.ui.managerequests.view.NewRequestsap.ui.core.Icon{\"src\":{\"regex\":{\"source\":\"message\\\\-error\"}}}{\"controlType\":\"sap.m.ColumnListItem\",\"viewName\":\"etm.portal.ui.managerequests.view.NewRequest\",\"bindingPath\":{\"modelName\":\"newRequestItems\",\"path\":\"/RequestItems/1\"},\"ancestor\":{\"id\":\"requestItemsTable\",\"viewName\":\"etm.portal.ui.managerequests.view.NewRequest\"}}"}]}
RESULT: {"script":"<script> [1562 bytes]","args":[{"selector":{"controlType":"sap.ui.core.Icon","viewName":"etm.portal.ui.managerequests.view.NewRequest","properties":{"src":{"regex":{"source":"message\\-error"}}},"ancestor":{"controlType":"sap.m.ColumnListItem","viewName":"etm.portal.ui.managerequests.view.NewRequest","bindingPath":{"modelName":"newRequestItems","path":"/RequestItems/1"},"ancestor":{"id":"requestItemsTable","viewName":"etm.portal.ui.managerequests.view.NewRequest"}}},"wdio_ui5_key":"etmportal.ui.managerequests.view.NewRequestsap.ui.core.Icon{\"src\":{\"regex\":{\"source\":\"message\\\\-error\"}}}{\"controlType\":\"sap.m.ColumnListItem\",\"viewName\":\"etm.portal.ui.managerequests.view.NewRequest\",\"bindingPath\":{\"modelName\":\"newRequestItems\",\"path\":\"/RequestItems/1\"},\"ancestor\":{\"id\":\"requestItemsTable\",\"viewName\":\"etm.portal.ui.managerequests.view.NewRequest\"}}"}]}
RESULT: undefined
COMMAND: POST /session/295828e4dec9e4b50cbbfbe86b51fb47/element - {"using":"xpath","value":"//*[@id=\"__status15-__xmlview61--requestItemsTable-1-icon\"]"}
RESULT: {"using":"xpath","value":"//*[@id=\"__status15-__xmlview61--requestItemsTable-1-icon\"]"}
COMMAND: POST /session/295828e4dec9e4b50cbbfbe86b51fb47/element/f.CDFA6E493D27092015EBC4B367807A6B.d.BB023080BFC7D7E14526D68856DD3EDE.e.6168/click - {}
RESULT: {}
COMMAND: GET /session/295828e4dec9e4b50cbbfbe86b51fb47/screenshot - {}
RESULT: {}
RESULT: undefined
COMMAND: POST /session/295828e4dec9e4b50cbbfbe86b51fb47/execute/async - {"script":"<script> [776 bytes]","args":[{"enterText":"Cost Center","selector":{"id":"costObjectAdminTypeComboBox","viewName":"etm.portal.ui.managerequests.view.NewRequest","searchOpenDialogs":true,"interaction":{"idSuffix":"inner"}},"clearTextFirst":true,"interactionType":"ENTER_TEXT"}]}
RESULT: {"script":"<script> [776 bytes]","args":[{"enterText":"Cost Center","selector":{"id":"costObjectAdminTypeComboBox","viewName":"etm.portal.ui.managerequests.view.NewRequest","searchOpenDialogs":true,"interaction":{"idSuffix":"inner"}},"clearTextFirst":true,"interactionType":"ENTER_TEXT"}]}
COMMAND: POST /session/295828e4dec9e4b50cbbfbe86b51fb47/actions - {"actions":[{"id":"action29","type":"key","parameters":{},"actions":[{"type":"keyDown","value":""},{"type":"pause","duration":10},{"type":"keyUp","value":""}]}]}
RESULT: {"actions":[{"id":"action29","type":"key","parameters":{},"actions":[{"type":"keyDown","value":""},{"type":"pause","duration":10},{"type":"keyUp","value":""}]}]}
COMMAND: GET /session/295828e4dec9e4b50cbbfbe86b51fb47/screenshot - {}
RESULT: {}
RESULT: undefined
COMMAND: POST /session/295828e4dec9e4b50cbbfbe86b51fb47/element - {"using":"xpath","value":"//*[@id=\"__xmlview61--costObjectIdComboBox-vhi\"]"}
RESULT: {"using":"xpath","value":"//*[@id=\"__xmlview61--costObjectIdComboBox-vhi\"]"}
COMMAND: POST /session/295828e4dec9e4b50cbbfbe86b51fb47/element/f.CDFA6E493D27092015EBC4B367807A6B.d.BB023080BFC7D7E14526D68856DD3EDE.e.6177/click - {}
RESULT: {}
RESULT: undefined
COMMAND: POST /session/295828e4dec9e4b50cbbfbe86b51fb47/execute/async - {"script":"<script> [776 bytes]","args":[{"enterText":"10001013","selector":{"controlType":"sap.m.SearchField","properties":{"placeholder":"Search"},"searchOpenDialogs":true,"interaction":{"idSuffix":"I"}},"clearTextFirst":true,"interactionType":"ENTER_TEXT"}]}
COMMAND: GET /session/295828e4dec9e4b50cbbfbe86b51fb47/screenshot - {}
RESULT: {"script":"<script> [776 bytes]","args":[{"enterText":"10001013","selector":{"controlType":"sap.m.SearchField","properties":{"placeholder":"Search"},"searchOpenDialogs":true,"interaction":{"idSuffix":"I"}},"clearTextFirst":true,"interactionType":"ENTER_TEXT"}]}
COMMAND: POST /session/295828e4dec9e4b50cbbfbe86b51fb47/actions - {"actions":[{"id":"action30","type":"key","parameters":{},"actions":[{"type":"keyDown","value":""},{"type":"pause","duration":10},{"type":"keyUp","value":""}]}]}
RESULT: {}
RESULT: {"actions":[{"id":"action30","type":"key","parameters":{},"actions":[{"type":"keyDown","value":""},{"type":"pause","duration":10},{"type":"keyUp","value":""}]}]}
COMMAND: GET /session/295828e4dec9e4b50cbbfbe86b51fb47/screenshot - {}
RESULT: {}
COMMAND: POST /session/295828e4dec9e4b50cbbfbe86b51fb47/element - {"using":"xpath","value":"//span[contains(text(), \"General Management\")]"}
RESULT: {"using":"xpath","value":"//span[contains(text(), \"General Management\")]"}
COMMAND: POST /session/295828e4dec9e4b50cbbfbe86b51fb47/element/f.CDFA6E493D27092015EBC4B367807A6B.d.BB023080BFC7D7E14526D68856DD3EDE.e.6215/click - {}
RESULT: {}
COMMAND: GET /session/295828e4dec9e4b50cbbfbe86b51fb47/screenshot - {}
RESULT: {}
COMMAND: POST /session/295828e4dec9e4b50cbbfbe86b51fb47/element - {"using":"xpath","value":"//bdi[contains(text(), \"OK\")]"}
RESULT: {"using":"xpath","value":"//bdi[contains(text(), \"OK\")]"}
COMMAND: POST /session/295828e4dec9e4b50cbbfbe86b51fb47/element/f.CDFA6E493D27092015EBC4B367807A6B.d.BB023080BFC7D7E14526D68856DD3EDE.e.6216/click - {}
RESULT: {}
COMMAND: GET /session/295828e4dec9e4b50cbbfbe86b51fb47/screenshot - {}
RESULT: {}
COMMAND: POST /session/295828e4dec9e4b50cbbfbe86b51fb47/element - {"using":"xpath","value":"(//bdi[contains(@id ,\"BDI-content\")][contains(text(), \"Save\")])[1]"}
RESULT: {"using":"xpath","value":"(//bdi[contains(@id ,\"BDI-content\")][contains(text(), \"Save\")])[1]"}
COMMAND: POST /session/295828e4dec9e4b50cbbfbe86b51fb47/element/f.CDFA6E493D27092015EBC4B367807A6B.d.BB023080BFC7D7E14526D68856DD3EDE.e.6220/click - {}
RESULT: {}
COMMAND: GET /session/295828e4dec9e4b50cbbfbe86b51fb47/screenshot - {}
RESULT: {}
COMMAND: POST /session/295828e4dec9e4b50cbbfbe86b51fb47/execute/async - {"script":"<script> [1562 bytes]","args":[{"selector":{"controlType":"sap.m.Button","viewName":"etm.portal.ui.managerequests.view.NewRequest","i18NText":{"propertyName":"tooltip","key":"save"},"interaction":{"idSuffix":"content"}},"wdio_ui5_key":"etmportal.ui.managerequests.view.NewRequestsap.m.Button{\"propertyName\":\"tooltip\",\"key\":\"save\"}"}]}
RESULT: {"script":"<script> [1562 bytes]","args":[{"selector":{"controlType":"sap.m.Button","viewName":"etm.portal.ui.managerequests.view.NewRequest","i18NText":{"propertyName":"tooltip","key":"save"},"interaction":{"idSuffix":"content"}},"wdio_ui5_key":"etmportal.ui.managerequests.view.NewRequestsap.m.Button{\"propertyName\":\"tooltip\",\"key\":\"save\"}"}]}
RESULT: undefined
COMMAND: POST /session/295828e4dec9e4b50cbbfbe86b51fb47/element - {"using":"xpath","value":"//*[@id=\"__button105\"]"}
RESULT: {"using":"xpath","value":"//*[@id=\"__button105\"]"}
COMMAND: POST /session/295828e4dec9e4b50cbbfbe86b51fb47/element/f.CDFA6E493D27092015EBC4B367807A6B.d.BB023080BFC7D7E14526D68856DD3EDE.e.6011/click - {}
RESULT: {}
COMMAND: GET /session/295828e4dec9e4b50cbbfbe86b51fb47/screenshot - {}
RESULT: {}
COMMAND: POST /session/295828e4dec9e4b50cbbfbe86b51fb47/execute/async - {"script":"<script> [1562 bytes]","args":[{"selector":{"controlType":"sap.m.Title","properties":{"text":"Success"},"searchOpenDialogs":true},"wdio_ui5_key":"sapm.Title{\"text\":\"Success\"}"}]}
RESULT: {"script":"<script> [1562 bytes]","args":[{"selector":{"controlType":"sap.m.Title","properties":{"text":"Success"},"searchOpenDialogs":true},"wdio_ui5_key":"sapm.Title{\"text\":\"Success\"}"}]}
RESULT: undefined
COMMAND: POST /session/295828e4dec9e4b50cbbfbe86b51fb47/execute/async - {"script":"<script> [6424 bytes]","args":[{"element-6066-11e4-a52e-4f735466cecf":"f.CDFA6E493D27092015EBC4B367807A6B.d.BB023080BFC7D7E14526D68856DD3EDE.e.6226"},"getText",[]]}
RESULT: {"script":"<script> [6424 bytes]","args":[{"element-6066-11e4-a52e-4f735466cecf":"f.CDFA6E493D27092015EBC4B367807A6B.d.BB023080BFC7D7E14526D68856DD3EDE.e.6226"},"getText",[]]}
COMMAND: POST /session/295828e4dec9e4b50cbbfbe86b51fb47/execute/async - {"script":"<script> [1562 bytes]","args":[{"selector":{"controlType":"sap.m.Button","properties":{"text":"Close"},"searchOpenDialogs":true,"interaction":{"idSuffix":"BDI-content"}},"wdio_ui5_key":"sapm.Button{\"text\":\"Close\"}"}]}
RESULT: {"script":"<script> [1562 bytes]","args":[{"selector":{"controlType":"sap.m.Button","properties":{"text":"Close"},"searchOpenDialogs":true,"interaction":{"idSuffix":"BDI-content"}},"wdio_ui5_key":"sapm.Button{\"text\":\"Close\"}"}]}
RESULT: undefined
COMMAND: POST /session/295828e4dec9e4b50cbbfbe86b51fb47/element - {"using":"xpath","value":"//*[@id=\"__mbox-btn-4\"]"}
RESULT: {"using":"xpath","value":"//*[@id=\"__mbox-btn-4\"]"}
COMMAND: POST /session/295828e4dec9e4b50cbbfbe86b51fb47/element/f.CDFA6E493D27092015EBC4B367807A6B.d.BB023080BFC7D7E14526D68856DD3EDE.e.6225/click - {}
RESULT: {}
COMMAND: GET /session/295828e4dec9e4b50cbbfbe86b51fb47/screenshot - {}
RESULT: {}
COMMAND: POST /session/295828e4dec9e4b50cbbfbe86b51fb47/execute/async - {"script":"<script> [1562 bytes]","args":[{"selector":{"controlType":"sap.m.Text","viewName":"etm.portal.ui.managerequests.view.Detail","bindingPath":{"propertyPath":"NO","modelName":"catalogModel"}},"wdio_ui5_key":"etmportal.ui.managerequests.view.Detailsap.m.Text{\"propertyPath\":\"NO\",\"modelName\":\"catalogModel\"}"}]}
RESULT: {"script":"<script> [1562 bytes]","args":[{"selector":{"controlType":"sap.m.Text","viewName":"etm.portal.ui.managerequests.view.Detail","bindingPath":{"propertyPath":"NO","modelName":"catalogModel"}},"wdio_ui5_key":"etmportal.ui.managerequests.view.Detailsap.m.Text{\"propertyPath\":\"NO\",\"modelName\":\"catalogModel\"}"}]}
RESULT: undefined
COMMAND: POST /session/295828e4dec9e4b50cbbfbe86b51fb47/execute/async - {"script":"<script> [6424 bytes]","args":[{"element-6066-11e4-a52e-4f735466cecf":"f.CDFA6E493D27092015EBC4B367807A6B.d.BB023080BFC7D7E14526D68856DD3EDE.e.6354"},"getText",[]]}
RESULT: {"script":"<script> [6424 bytes]","args":[{"element-6066-11e4-a52e-4f735466cecf":"f.CDFA6E493D27092015EBC4B367807A6B.d.BB023080BFC7D7E14526D68856DD3EDE.e.6354"},"getText",[]]}
COMMAND: POST /session/295828e4dec9e4b50cbbfbe86b51fb47/execute/async - {"script":"<script> [1562 bytes]","args":[{"selector":{"controlType":"sap.ui.core.Icon","viewName":"etm.portal.ui.managerequests.view.Detail","properties":{"src":{"regex":{"source":"date\\-time"}}},"ancestor":{"controlType":"sap.m.ColumnListItem","viewName":"etm.portal.ui.managerequests.view.Detail","bindingPath":{"path":"/SmartRequestItemsPlanningBoard(ITEM=10m,REQUEST='20137')"},"ancestor":{"id":"requestItemsTable","viewName":"etm.portal.ui.managerequests.view.Detail"}}},"wdio_ui5_key":"etmportal.ui.managerequests.view.Detailsap.ui.core.Icon{\"src\":{\"regex\":{\"source\":\"date\\\\-time\"}}}{\"controlType\":\"sap.m.ColumnListItem\",\"viewName\":\"etm.portal.ui.managerequests.view.Detail\",\"bindingPath\":{\"path\":\"/SmartRequestItemsPlanningBoard(ITEM=10m,REQUEST='20137')\"},\"ancestor\":{\"id\":\"requestItemsTable\",\"viewName\":\"etm.portal.ui.managerequests.view.Detail\"}}"}]}
RESULT: {"script":"<script> [1562 bytes]","args":[{"selector":{"controlType":"sap.ui.core.Icon","viewName":"etm.portal.ui.managerequests.view.Detail","properties":{"src":{"regex":{"source":"date\\-time"}}},"ancestor":{"controlType":"sap.m.ColumnListItem","viewName":"etm.portal.ui.managerequests.view.Detail","bindingPath":{"path":"/SmartRequestItemsPlanningBoard(ITEM=10m,REQUEST='20137')"},"ancestor":{"id":"requestItemsTable","viewName":"etm.portal.ui.managerequests.view.Detail"}}},"wdio_ui5_key":"etmportal.ui.managerequests.view.Detailsap.ui.core.Icon{\"src\":{\"regex\":{\"source\":\"date\\\\-time\"}}}{\"controlType\":\"sap.m.ColumnListItem\",\"viewName\":\"etm.portal.ui.managerequests.view.Detail\",\"bindingPath\":{\"path\":\"/SmartRequestItemsPlanningBoard(ITEM=10m,REQUEST='20137')\"},\"ancestor\":{\"id\":\"requestItemsTable\",\"viewName\":\"etm.portal.ui.managerequests.view.Detail\"}}"}]}
RESULT: undefined
COMMAND: POST /session/295828e4dec9e4b50cbbfbe86b51fb47/element - {"using":"xpath","value":"//*[@id=\"__button135-__clone5860-img\"]"}
RESULT: {"using":"xpath","value":"//*[@id=\"__button135-__clone5860-img\"]"}
COMMAND: POST /session/295828e4dec9e4b50cbbfbe86b51fb47/element/f.CDFA6E493D27092015EBC4B367807A6B.d.BB023080BFC7D7E14526D68856DD3EDE.e.6355/click - {}
RESULT: {}
COMMAND: POST /session/295828e4dec9e4b50cbbfbe86b51fb47/execute/async - {"script":"<script> [1562 bytes]","args":[{"selector":{"controlType":"sap.m.Button","viewName":"etm.portal.ui.managerequests.view.Detail","properties":{"text":"Close"},"searchOpenDialogs":true,"interaction":{"idSuffix":"BDI-content"}},"wdio_ui5_key":"etmportal.ui.managerequests.view.Detailsap.m.Button{\"text\":\"Close\"}"}]}
COMMAND: GET /session/295828e4dec9e4b50cbbfbe86b51fb47/screenshot - {}
RESULT: {"script":"<script> [1562 bytes]","args":[{"selector":{"controlType":"sap.m.Button","viewName":"etm.portal.ui.managerequests.view.Detail","properties":{"text":"Close"},"searchOpenDialogs":true,"interaction":{"idSuffix":"BDI-content"}},"wdio_ui5_key":"etmportal.ui.managerequests.view.Detailsap.m.Button{\"text\":\"Close\"}"}]}
RESULT: undefined
COMMAND: POST /session/295828e4dec9e4b50cbbfbe86b51fb47/element - {"using":"xpath","value":"//*[@id=\"__button145\"]"}
RESULT: {}
RESULT: {"using":"xpath","value":"//*[@id=\"__button145\"]"}
COMMAND: POST /session/295828e4dec9e4b50cbbfbe86b51fb47/element/f.CDFA6E493D27092015EBC4B367807A6B.d.BB023080BFC7D7E14526D68856DD3EDE.e.6358/click - {}
RESULT: {}
COMMAND: POST /session/295828e4dec9e4b50cbbfbe86b51fb47/execute/async - {"script":"<script> [1562 bytes]","args":[{"selector":{"controlType":"sap.ui.core.Icon","viewName":"etm.portal.ui.managerequests.view.Detail","properties":{"src":{"regex":{"source":"date\\-time"}}},"ancestor":{"controlType":"sap.m.ColumnListItem","viewName":"etm.portal.ui.managerequests.view.Detail","bindingPath":{"path":"/SmartRequestItemsPlanningBoard(ITEM=20m,REQUEST='20137')"},"ancestor":{"id":"requestItemsTable","viewName":"etm.portal.ui.managerequests.view.Detail"}}},"wdio_ui5_key":"etmportal.ui.managerequests.view.Detailsap.ui.core.Icon{\"src\":{\"regex\":{\"source\":\"date\\\\-time\"}}}{\"controlType\":\"sap.m.ColumnListItem\",\"viewName\":\"etm.portal.ui.managerequests.view.Detail\",\"bindingPath\":{\"path\":\"/SmartRequestItemsPlanningBoard(ITEM=20m,REQUEST='20137')\"},\"ancestor\":{\"id\":\"requestItemsTable\",\"viewName\":\"etm.portal.ui.managerequests.view.Detail\"}}"}]}
COMMAND: GET /session/295828e4dec9e4b50cbbfbe86b51fb47/screenshot - {}
RESULT: {"script":"<script> [1562 bytes]","args":[{"selector":{"controlType":"sap.ui.core.Icon","viewName":"etm.portal.ui.managerequests.view.Detail","properties":{"src":{"regex":{"source":"date\\-time"}}},"ancestor":{"controlType":"sap.m.ColumnListItem","viewName":"etm.portal.ui.managerequests.view.Detail","bindingPath":{"path":"/SmartRequestItemsPlanningBoard(ITEM=20m,REQUEST='20137')"},"ancestor":{"id":"requestItemsTable","viewName":"etm.portal.ui.managerequests.view.Detail"}}},"wdio_ui5_key":"etmportal.ui.managerequests.view.Detailsap.ui.core.Icon{\"src\":{\"regex\":{\"source\":\"date\\\\-time\"}}}{\"controlType\":\"sap.m.ColumnListItem\",\"viewName\":\"etm.portal.ui.managerequests.view.Detail\",\"bindingPath\":{\"path\":\"/SmartRequestItemsPlanningBoard(ITEM=20m,REQUEST='20137')\"},\"ancestor\":{\"id\":\"requestItemsTable\",\"viewName\":\"etm.portal.ui.managerequests.view.Detail\"}}"}]}
RESULT: undefined
COMMAND: POST /session/295828e4dec9e4b50cbbfbe86b51fb47/element - {"using":"xpath","value":"//*[@id=\"__button135-__clone5861-img\"]"}
RESULT: {}
RESULT: {"using":"xpath","value":"//*[@id=\"__button135-__clone5861-img\"]"}
COMMAND: POST /session/295828e4dec9e4b50cbbfbe86b51fb47/element/f.CDFA6E493D27092015EBC4B367807A6B.d.BB023080BFC7D7E14526D68856DD3EDE.e.6365/click - {}
RESULT: {}
RESULT: undefined
COMMAND: POST /session/295828e4dec9e4b50cbbfbe86b51fb47/element - {"using":"xpath","value":"//*[@id=\"__button145\"]"}
COMMAND: GET /session/295828e4dec9e4b50cbbfbe86b51fb47/screenshot - {}
RESULT: {"using":"xpath","value":"//*[@id=\"__button145\"]"}
COMMAND: POST /session/295828e4dec9e4b50cbbfbe86b51fb47/elements - {"using":"xpath","value":"//*[@id=\"__button145\"]"}
RESULT: {}
RESULT: {"using":"xpath","value":"//*[@id=\"__button145\"]"}
COMMAND: POST /session/295828e4dec9e4b50cbbfbe86b51fb47/element - {"using":"xpath","value":"//*[@id=\"__button145\"]"}
RESULT: {"using":"xpath","value":"//*[@id=\"__button145\"]"}
COMMAND: POST /session/295828e4dec9e4b50cbbfbe86b51fb47/element/f.CDFA6E493D27092015EBC4B367807A6B.d.BB023080BFC7D7E14526D68856DD3EDE.e.6374/click - {}
RESULT: {}
COMMAND: POST /session/295828e4dec9e4b50cbbfbe86b51fb47/element - {"using":"css selector","value":"#shell-header-logo"}
COMMAND: GET /session/295828e4dec9e4b50cbbfbe86b51fb47/screenshot - {}
RESULT: {"using":"css selector","value":"#shell-header-logo"}
COMMAND: POST /session/295828e4dec9e4b50cbbfbe86b51fb47/element/f.CDFA6E493D27092015EBC4B367807A6B.d.BB023080BFC7D7E14526D68856DD3EDE.e.5614/click - {}
RESULT: {}
RESULT: {}
COMMAND: GET /session/295828e4dec9e4b50cbbfbe86b51fb47/screenshot - {}
RESULT: {}
]]></system-out>
    </testcase>
    <testcase classname="chrome.135_0_7049_42.windows.Standard_contract_-_add_contract_items_by_Insert_Request_US118222" name="Should insert the request into the contract" time="46.529">
      <system-out><![CDATA[
COMMAND: POST /session/295828e4dec9e4b50cbbfbe86b51fb47/execute/async - {"script":"<script> [1562 bytes]","args":[{"selector":{"controlType":"sap.m.GenericTile","properties":{"header":"Manage Contracts"}},"wdio_ui5_key":"sapm.GenericTile{\"header\":\"Manage Contracts\"}"}]}
RESULT: {"script":"<script> [1562 bytes]","args":[{"selector":{"controlType":"sap.m.GenericTile","properties":{"header":"Manage Contracts"}},"wdio_ui5_key":"sapm.GenericTile{\"header\":\"Manage Contracts\"}"}]}
RESULT: undefined
COMMAND: POST /session/295828e4dec9e4b50cbbfbe86b51fb47/element - {"using":"xpath","value":"//*[@id=\"__tile132\"]"}
RESULT: {"using":"xpath","value":"//*[@id=\"__tile132\"]"}
COMMAND: POST /session/295828e4dec9e4b50cbbfbe86b51fb47/element/f.CDFA6E493D27092015EBC4B367807A6B.d.BB023080BFC7D7E14526D68856DD3EDE.e.6384/click - {}
RESULT: {}
COMMAND: GET /session/295828e4dec9e4b50cbbfbe86b51fb47/screenshot - {}
RESULT: undefined
RESULT: {}
COMMAND: POST /session/295828e4dec9e4b50cbbfbe86b51fb47/execute/async - {"script":"<script> [1562 bytes]","args":[{"selector":{"controlType":"sap.m.SearchField","viewName":"etm.portal.ui.managecontracts.view.Master","bindingPath":{"path":"","propertyPath":"/_BASIC_SEARCH_FIELD","modelName":"fi1t3rM0d31"},"interaction":{"idSuffix":"I"}},"wdio_ui5_key":"etmportal.ui.managecontracts.view.Mastersap.m.SearchField{\"path\":\"\",\"propertyPath\":\"/_BASIC_SEARCH_FIELD\",\"modelName\":\"fi1t3rM0d31\"}"}]}
RESULT: {"script":"<script> [1562 bytes]","args":[{"selector":{"controlType":"sap.m.SearchField","viewName":"etm.portal.ui.managecontracts.view.Master","bindingPath":{"path":"","propertyPath":"/_BASIC_SEARCH_FIELD","modelName":"fi1t3rM0d31"},"interaction":{"idSuffix":"I"}},"wdio_ui5_key":"etmportal.ui.managecontracts.view.Mastersap.m.SearchField{\"path\":\"\",\"propertyPath\":\"/_BASIC_SEARCH_FIELD\",\"modelName\":\"fi1t3rM0d31\"}"}]}
RESULT: undefined
COMMAND: POST /session/295828e4dec9e4b50cbbfbe86b51fb47/execute/async - {"script":"<script> [776 bytes]","args":[{"enterText":"10305","selector":{"controlType":"sap.m.SearchField","viewName":"etm.portal.ui.managecontracts.view.Master","bindingPath":{"path":"","propertyPath":"/_BASIC_SEARCH_FIELD","modelName":"fi1t3rM0d31"},"interaction":{"idSuffix":"I"}},"clearTextFirst":true,"interactionType":"ENTER_TEXT"}]}
RESULT: {"script":"<script> [776 bytes]","args":[{"enterText":"10305","selector":{"controlType":"sap.m.SearchField","viewName":"etm.portal.ui.managecontracts.view.Master","bindingPath":{"path":"","propertyPath":"/_BASIC_SEARCH_FIELD","modelName":"fi1t3rM0d31"},"interaction":{"idSuffix":"I"}},"clearTextFirst":true,"interactionType":"ENTER_TEXT"}]}
COMMAND: POST /session/295828e4dec9e4b50cbbfbe86b51fb47/actions - {"actions":[{"id":"action31","type":"key","parameters":{},"actions":[{"type":"keyDown","value":""},{"type":"pause","duration":10},{"type":"keyUp","value":""}]}]}
RESULT: {"actions":[{"id":"action31","type":"key","parameters":{},"actions":[{"type":"keyDown","value":""},{"type":"pause","duration":10},{"type":"keyUp","value":""}]}]}
COMMAND: GET /session/295828e4dec9e4b50cbbfbe86b51fb47/screenshot - {}
RESULT: {}
COMMAND: POST /session/295828e4dec9e4b50cbbfbe86b51fb47/execute/async - {"script":"<script> [1562 bytes]","args":[{"selector":{"controlType":"sap.ui.core.Icon","viewName":"etm.portal.ui.managecontracts.view.Master","properties":{"src":{"regex":{"source":"slim\\-arrow\\-right"}}}},"wdio_ui5_key":"etmportal.ui.managecontracts.view.Mastersap.ui.core.Icon{\"src\":{\"regex\":{\"source\":\"slim\\\\-arrow\\\\-right\"}}}"}]}
RESULT: {"script":"<script> [1562 bytes]","args":[{"selector":{"controlType":"sap.ui.core.Icon","viewName":"etm.portal.ui.managecontracts.view.Master","properties":{"src":{"regex":{"source":"slim\\-arrow\\-right"}}}},"wdio_ui5_key":"etmportal.ui.managecontracts.view.Mastersap.ui.core.Icon{\"src\":{\"regex\":{\"source\":\"slim\\\\-arrow\\\\-right\"}}}"}]}
RESULT: undefined
COMMAND: POST /session/295828e4dec9e4b50cbbfbe86b51fb47/element - {"using":"xpath","value":"//*[@id=\"__item1884-__clone5969-imgNav\"]"}
RESULT: {"using":"xpath","value":"//*[@id=\"__item1884-__clone5969-imgNav\"]"}
COMMAND: POST /session/295828e4dec9e4b50cbbfbe86b51fb47/element/f.CDFA6E493D27092015EBC4B367807A6B.d.BB023080BFC7D7E14526D68856DD3EDE.e.6500/click - {}
RESULT: {}
COMMAND: POST /session/295828e4dec9e4b50cbbfbe86b51fb47/execute/async - {"script":"<script> [1562 bytes]","args":[{"selector":{"id":"addRequestItemBtn","viewName":"etm.portal.ui.managecontracts.view.Detail","interaction":{"idSuffix":"BDI-content"}},"wdio_ui5_key":"addRequestItemBtnetmportal.ui.managecontracts.view.Detail"}]}
COMMAND: GET /session/295828e4dec9e4b50cbbfbe86b51fb47/screenshot - {}
RESULT: {"script":"<script> [1562 bytes]","args":[{"selector":{"id":"addRequestItemBtn","viewName":"etm.portal.ui.managecontracts.view.Detail","interaction":{"idSuffix":"BDI-content"}},"wdio_ui5_key":"addRequestItemBtnetmportal.ui.managecontracts.view.Detail"}]}
RESULT: undefined
COMMAND: POST /session/295828e4dec9e4b50cbbfbe86b51fb47/element - {"using":"xpath","value":"//*[@id=\"__xmlview64--addRequestItemBtn\"]"}
RESULT: {}
RESULT: {"using":"xpath","value":"//*[@id=\"__xmlview64--addRequestItemBtn\"]"}
COMMAND: POST /session/295828e4dec9e4b50cbbfbe86b51fb47/element/f.CDFA6E493D27092015EBC4B367807A6B.d.BB023080BFC7D7E14526D68856DD3EDE.e.6569/click - {}
RESULT: {}
COMMAND: GET /session/295828e4dec9e4b50cbbfbe86b51fb47/screenshot - {}
RESULT: {}
COMMAND: POST /session/295828e4dec9e4b50cbbfbe86b51fb47/element - {"using":"xpath","value":"//div[contains(@id ,\"popupRequestTable-sa-CbBg\")]"}
RESULT: {"using":"xpath","value":"//div[contains(@id ,\"popupRequestTable-sa-CbBg\")]"}
COMMAND: POST /session/295828e4dec9e4b50cbbfbe86b51fb47/element/f.CDFA6E493D27092015EBC4B367807A6B.d.BB023080BFC7D7E14526D68856DD3EDE.e.6689/click - {}
RESULT: {}
COMMAND: GET /session/295828e4dec9e4b50cbbfbe86b51fb47/screenshot - {}
RESULT: {}
COMMAND: POST /session/295828e4dec9e4b50cbbfbe86b51fb47/execute/async - {"script":"<script> [1562 bytes]","args":[{"selector":{"controlType":"sap.m.Button","viewName":"etm.portal.ui.managecontracts.view.Detail","i18NText":{"propertyName":"text","key":"selectionDone"},"searchOpenDialogs":true,"interaction":{"idSuffix":"BDI-content"}},"wdio_ui5_key":"etmportal.ui.managecontracts.view.Detailsap.m.Button{\"propertyName\":\"text\",\"key\":\"selectionDone\"}"}]}
RESULT: {"script":"<script> [1562 bytes]","args":[{"selector":{"controlType":"sap.m.Button","viewName":"etm.portal.ui.managecontracts.view.Detail","i18NText":{"propertyName":"text","key":"selectionDone"},"searchOpenDialogs":true,"interaction":{"idSuffix":"BDI-content"}},"wdio_ui5_key":"etmportal.ui.managecontracts.view.Detailsap.m.Button{\"propertyName\":\"text\",\"key\":\"selectionDone\"}"}]}
RESULT: undefined
COMMAND: POST /session/295828e4dec9e4b50cbbfbe86b51fb47/element - {"using":"xpath","value":"//*[@id=\"__button157\"]"}
RESULT: {"using":"xpath","value":"//*[@id=\"__button157\"]"}
COMMAND: POST /session/295828e4dec9e4b50cbbfbe86b51fb47/element/f.CDFA6E493D27092015EBC4B367807A6B.d.BB023080BFC7D7E14526D68856DD3EDE.e.6691/click - {}
RESULT: {}
COMMAND: POST /session/295828e4dec9e4b50cbbfbe86b51fb47/execute/async - {"script":"<script> [1562 bytes]","args":[{"selector":{"controlType":"sap.m.Text","properties":{"text":"Started processing request items into the contract."},"searchOpenDialogs":true},"wdio_ui5_key":"sapm.Text{\"text\":\"Started processing request items into the contract.\"}"}]}
COMMAND: GET /session/295828e4dec9e4b50cbbfbe86b51fb47/screenshot - {}
RESULT: {"script":"<script> [1562 bytes]","args":[{"selector":{"controlType":"sap.m.Text","properties":{"text":"Started processing request items into the contract."},"searchOpenDialogs":true},"wdio_ui5_key":"sapm.Text{\"text\":\"Started processing request items into the contract.\"}"}]}
RESULT: undefined
COMMAND: POST /session/295828e4dec9e4b50cbbfbe86b51fb47/execute/async - {"script":"<script> [6424 bytes]","args":[{"element-6066-11e4-a52e-4f735466cecf":"f.CDFA6E493D27092015EBC4B367807A6B.d.BB023080BFC7D7E14526D68856DD3EDE.e.6693"},"getText",[]]}
RESULT: {}
RESULT: {"script":"<script> [6424 bytes]","args":[{"element-6066-11e4-a52e-4f735466cecf":"f.CDFA6E493D27092015EBC4B367807A6B.d.BB023080BFC7D7E14526D68856DD3EDE.e.6693"},"getText",[]]}
COMMAND: POST /session/295828e4dec9e4b50cbbfbe86b51fb47/execute/async - {"script":"<script> [1562 bytes]","args":[{"selector":{"controlType":"sap.m.Button","properties":{"text":"OK"},"searchOpenDialogs":true,"interaction":{"idSuffix":"inner"}},"wdio_ui5_key":"sapm.Button{\"text\":\"OK\"}"}]}
RESULT: {"script":"<script> [1562 bytes]","args":[{"selector":{"controlType":"sap.m.Button","properties":{"text":"OK"},"searchOpenDialogs":true,"interaction":{"idSuffix":"inner"}},"wdio_ui5_key":"sapm.Button{\"text\":\"OK\"}"}]}
RESULT: undefined
COMMAND: POST /session/295828e4dec9e4b50cbbfbe86b51fb47/element - {"using":"xpath","value":"//*[@id=\"__mbox-btn-5\"]"}
RESULT: {"using":"xpath","value":"//*[@id=\"__mbox-btn-5\"]"}
COMMAND: POST /session/295828e4dec9e4b50cbbfbe86b51fb47/element/f.CDFA6E493D27092015EBC4B367807A6B.d.BB023080BFC7D7E14526D68856DD3EDE.e.6692/click - {}
RESULT: {}
COMMAND: POST /session/295828e4dec9e4b50cbbfbe86b51fb47/execute/async - {"script":"<script> [1562 bytes]","args":[{"selector":{"id":"headerBillingItemsTabFilter","viewName":"etm.portal.ui.managecontracts.view.Detail","interaction":{"idSuffix":"text"}},"wdio_ui5_key":"headerBillingItemsTabFilteretmportal.ui.managecontracts.view.Detail"}]}
COMMAND: GET /session/295828e4dec9e4b50cbbfbe86b51fb47/screenshot - {}
RESULT: {"script":"<script> [1562 bytes]","args":[{"selector":{"id":"headerBillingItemsTabFilter","viewName":"etm.portal.ui.managecontracts.view.Detail","interaction":{"idSuffix":"text"}},"wdio_ui5_key":"headerBillingItemsTabFilteretmportal.ui.managecontracts.view.Detail"}]}
RESULT: undefined
COMMAND: POST /session/295828e4dec9e4b50cbbfbe86b51fb47/element - {"using":"xpath","value":"//*[@id=\"__xmlview64--headerBillingItemsTabFilter\"]"}
RESULT: {}
RESULT: {"using":"xpath","value":"//*[@id=\"__xmlview64--headerBillingItemsTabFilter\"]"}
COMMAND: POST /session/295828e4dec9e4b50cbbfbe86b51fb47/element/f.CDFA6E493D27092015EBC4B367807A6B.d.BB023080BFC7D7E14526D68856DD3EDE.e.6703/click - {}
RESULT: {}
COMMAND: GET /session/295828e4dec9e4b50cbbfbe86b51fb47/screenshot - {}
RESULT: {}
COMMAND: POST /session/295828e4dec9e4b50cbbfbe86b51fb47/execute/async - {"script":"<script> [1562 bytes]","args":[{"selector":{"controlType":"sap.ui.core.Icon","viewName":"etm.portal.ui.managecontracts.view.Detail","properties":{"src":{"regex":{"source":"synchronize"}}}},"wdio_ui5_key":"etmportal.ui.managecontracts.view.Detailsap.ui.core.Icon{\"src\":{\"regex\":{\"source\":\"synchronize\"}}}"}]}
RESULT: {"script":"<script> [1562 bytes]","args":[{"selector":{"controlType":"sap.ui.core.Icon","viewName":"etm.portal.ui.managecontracts.view.Detail","properties":{"src":{"regex":{"source":"synchronize"}}}},"wdio_ui5_key":"etmportal.ui.managecontracts.view.Detailsap.ui.core.Icon{\"src\":{\"regex\":{\"source\":\"synchronize\"}}}"}]}
RESULT: undefined
COMMAND: POST /session/295828e4dec9e4b50cbbfbe86b51fb47/element - {"using":"xpath","value":"//*[@id=\"__xmlview64--btnToggleUpdate-img\"]"}
RESULT: {"using":"xpath","value":"//*[@id=\"__xmlview64--btnToggleUpdate-img\"]"}
COMMAND: POST /session/295828e4dec9e4b50cbbfbe86b51fb47/element/f.CDFA6E493D27092015EBC4B367807A6B.d.BB023080BFC7D7E14526D68856DD3EDE.e.6568/click - {}
RESULT: {}
COMMAND: GET /session/295828e4dec9e4b50cbbfbe86b51fb47/screenshot - {}
RESULT: {}
RESULT: undefined
COMMAND: POST /session/295828e4dec9e4b50cbbfbe86b51fb47/element - {"using":"xpath","value":"//*[@id=\"__xmlview64--headerBillingItemsTabFilter\"]"}
RESULT: {"using":"xpath","value":"//*[@id=\"__xmlview64--headerBillingItemsTabFilter\"]"}
COMMAND: POST /session/295828e4dec9e4b50cbbfbe86b51fb47/element/f.CDFA6E493D27092015EBC4B367807A6B.d.BB023080BFC7D7E14526D68856DD3EDE.e.6703/click - {}
RESULT: {}
COMMAND: POST /session/295828e4dec9e4b50cbbfbe86b51fb47/execute/async - {"script":"<script> [1562 bytes]","args":[{"selector":{"controlType":"sap.m.Title","viewName":"etm.portal.ui.managecontracts.view.Detail","properties":{"text":"Contract Items (2)"}},"wdio_ui5_key":"etmportal.ui.managecontracts.view.Detailsap.m.Title{\"text\":\"Contract Items (2)\"}"}]}
COMMAND: GET /session/295828e4dec9e4b50cbbfbe86b51fb47/screenshot - {}
RESULT: {"script":"<script> [1562 bytes]","args":[{"selector":{"controlType":"sap.m.Title","viewName":"etm.portal.ui.managecontracts.view.Detail","properties":{"text":"Contract Items (2)"}},"wdio_ui5_key":"etmportal.ui.managecontracts.view.Detailsap.m.Title{\"text\":\"Contract Items (2)\"}"}]}
RESULT: undefined
COMMAND: POST /session/295828e4dec9e4b50cbbfbe86b51fb47/execute/async - {"script":"<script> [6424 bytes]","args":[{"element-6066-11e4-a52e-4f735466cecf":"f.CDFA6E493D27092015EBC4B367807A6B.d.BB023080BFC7D7E14526D68856DD3EDE.e.6711"},"getText",[]]}
RESULT: {}
RESULT: {"script":"<script> [6424 bytes]","args":[{"element-6066-11e4-a52e-4f735466cecf":"f.CDFA6E493D27092015EBC4B367807A6B.d.BB023080BFC7D7E14526D68856DD3EDE.e.6711"},"getText",[]]}
COMMAND: POST /session/295828e4dec9e4b50cbbfbe86b51fb47/execute/async - {"script":"<script> [1562 bytes]","args":[{"selector":{"controlType":"sap.m.ObjectStatus","viewName":"etm.portal.ui.managecontracts.view.Detail","bindingPath":{"path":"/SmartContractItems(CONTRACT='10305',ITEM=10m,SUB_ITEM=0m)","propertyPath":"STATUS"}},"wdio_ui5_key":"etmportal.ui.managecontracts.view.Detailsap.m.ObjectStatus{\"path\":\"/SmartContractItems(CONTRACT='10305',ITEM=10m,SUB_ITEM=0m)\",\"propertyPath\":\"STATUS\"}"}]}
RESULT: {"script":"<script> [1562 bytes]","args":[{"selector":{"controlType":"sap.m.ObjectStatus","viewName":"etm.portal.ui.managecontracts.view.Detail","bindingPath":{"path":"/SmartContractItems(CONTRACT='10305',ITEM=10m,SUB_ITEM=0m)","propertyPath":"STATUS"}},"wdio_ui5_key":"etmportal.ui.managecontracts.view.Detailsap.m.ObjectStatus{\"path\":\"/SmartContractItems(CONTRACT='10305',ITEM=10m,SUB_ITEM=0m)\",\"propertyPath\":\"STATUS\"}"}]}
RESULT: undefined
COMMAND: POST /session/295828e4dec9e4b50cbbfbe86b51fb47/execute/async - {"script":"<script> [6424 bytes]","args":[{"element-6066-11e4-a52e-4f735466cecf":"f.CDFA6E493D27092015EBC4B367807A6B.d.BB023080BFC7D7E14526D68856DD3EDE.e.6713"},"getText",[]]}
RESULT: {"script":"<script> [6424 bytes]","args":[{"element-6066-11e4-a52e-4f735466cecf":"f.CDFA6E493D27092015EBC4B367807A6B.d.BB023080BFC7D7E14526D68856DD3EDE.e.6713"},"getText",[]]}
COMMAND: POST /session/295828e4dec9e4b50cbbfbe86b51fb47/execute/async - {"script":"<script> [1562 bytes]","args":[{"selector":{"controlType":"sap.m.ObjectStatus","viewName":"etm.portal.ui.managecontracts.view.Detail","bindingPath":{"path":"/SmartContractItems(CONTRACT='10305',ITEM=20m,SUB_ITEM=0m)","propertyPath":"STATUS"}},"wdio_ui5_key":"etmportal.ui.managecontracts.view.Detailsap.m.ObjectStatus{\"path\":\"/SmartContractItems(CONTRACT='10305',ITEM=20m,SUB_ITEM=0m)\",\"propertyPath\":\"STATUS\"}"}]}
RESULT: {"script":"<script> [1562 bytes]","args":[{"selector":{"controlType":"sap.m.ObjectStatus","viewName":"etm.portal.ui.managecontracts.view.Detail","bindingPath":{"path":"/SmartContractItems(CONTRACT='10305',ITEM=20m,SUB_ITEM=0m)","propertyPath":"STATUS"}},"wdio_ui5_key":"etmportal.ui.managecontracts.view.Detailsap.m.ObjectStatus{\"path\":\"/SmartContractItems(CONTRACT='10305',ITEM=20m,SUB_ITEM=0m)\",\"propertyPath\":\"STATUS\"}"}]}
RESULT: undefined
COMMAND: POST /session/295828e4dec9e4b50cbbfbe86b51fb47/execute/async - {"script":"<script> [6424 bytes]","args":[{"element-6066-11e4-a52e-4f735466cecf":"f.CDFA6E493D27092015EBC4B367807A6B.d.BB023080BFC7D7E14526D68856DD3EDE.e.6714"},"getText",[]]}
RESULT: {"script":"<script> [6424 bytes]","args":[{"element-6066-11e4-a52e-4f735466cecf":"f.CDFA6E493D27092015EBC4B367807A6B.d.BB023080BFC7D7E14526D68856DD3EDE.e.6714"},"getText",[]]}
]]></system-out>
    </testcase>
  </testsuite>
  <testsuite timestamp="2025-04-15T18:03:11" time="115.65" tests="1" failures="0" errors="0" skipped="0">
    <properties>
      <property name="specId" value="0"/>
      <property name="suiteName" value="Manage contracts - revert request US152962"/>
      <property name="capabilities" value="chrome.135_0_7049_42.windows"/>
      <property name="file" value="file:///D:/a/1/s/test/specs/R2C/manage-contracts-revert-request.spec.js"/>
    </properties>
    <testcase classname="chrome.135_0_7049_42.windows.Manage_contracts_-_revert_request_US152962" name="Should revert the request" time="115.648">
      <system-out><![CDATA[
COMMAND: POST /session/295828e4dec9e4b50cbbfbe86b51fb47/execute/async - {"script":"<script> [1562 bytes]","args":[{"selector":{"id":"revertPlanningBtn","viewName":"etm.portal.ui.managecontracts.view.Detail","interaction":{"idSuffix":"BDI-content"}},"wdio_ui5_key":"revertPlanningBtnetmportal.ui.managecontracts.view.Detail"}]}
RESULT: {"script":"<script> [1562 bytes]","args":[{"selector":{"id":"revertPlanningBtn","viewName":"etm.portal.ui.managecontracts.view.Detail","interaction":{"idSuffix":"BDI-content"}},"wdio_ui5_key":"revertPlanningBtnetmportal.ui.managecontracts.view.Detail"}]}
RESULT: undefined
COMMAND: POST /session/295828e4dec9e4b50cbbfbe86b51fb47/element - {"using":"xpath","value":"//*[@id=\"__xmlview64--revertPlanningBtn\"]"}
RESULT: {"using":"xpath","value":"//*[@id=\"__xmlview64--revertPlanningBtn\"]"}
COMMAND: POST /session/295828e4dec9e4b50cbbfbe86b51fb47/element/f.CDFA6E493D27092015EBC4B367807A6B.d.BB023080BFC7D7E14526D68856DD3EDE.e.6572/click - {}
RESULT: {}
COMMAND: POST /session/295828e4dec9e4b50cbbfbe86b51fb47/element - {"using":"xpath","value":"(//div[contains(@id ,\"selectMulti-CbBg\")])[2]"}
COMMAND: GET /session/295828e4dec9e4b50cbbfbe86b51fb47/screenshot - {}
RESULT: {"using":"xpath","value":"(//div[contains(@id ,\"selectMulti-CbBg\")])[2]"}
COMMAND: POST /session/295828e4dec9e4b50cbbfbe86b51fb47/element/f.CDFA6E493D27092015EBC4B367807A6B.d.BB023080BFC7D7E14526D68856DD3EDE.e.6761/click - {}
RESULT: {}
RESULT: {}
COMMAND: GET /session/295828e4dec9e4b50cbbfbe86b51fb47/screenshot - {}
RESULT: {}
COMMAND: POST /session/295828e4dec9e4b50cbbfbe86b51fb47/element - {"using":"xpath","value":"//span[contains(@id ,\"executeRevertPlanningBtn-content\")]"}
RESULT: {"using":"xpath","value":"//span[contains(@id ,\"executeRevertPlanningBtn-content\")]"}
COMMAND: POST /session/295828e4dec9e4b50cbbfbe86b51fb47/element/f.CDFA6E493D27092015EBC4B367807A6B.d.BB023080BFC7D7E14526D68856DD3EDE.e.6762/click - {}
RESULT: {}
COMMAND: GET /session/295828e4dec9e4b50cbbfbe86b51fb47/screenshot - {}
RESULT: {}
COMMAND: POST /session/295828e4dec9e4b50cbbfbe86b51fb47/actions - {"actions":[{"id":"action32","type":"key","parameters":{},"actions":[{"type":"keyDown","value":""},{"type":"pause","duration":10},{"type":"keyUp","value":""}]}]}
RESULT: {"actions":[{"id":"action32","type":"key","parameters":{},"actions":[{"type":"keyDown","value":""},{"type":"pause","duration":10},{"type":"keyUp","value":""}]}]}
COMMAND: GET /session/295828e4dec9e4b50cbbfbe86b51fb47/screenshot - {}
RESULT: {}
COMMAND: POST /session/295828e4dec9e4b50cbbfbe86b51fb47/refresh - {}
RESULT: {}
COMMAND: GET /session/295828e4dec9e4b50cbbfbe86b51fb47/screenshot - {}
RESULT: {}
RESULT: undefined
COMMAND: POST /session/295828e4dec9e4b50cbbfbe86b51fb47/refresh - {}
RESULT: {}
COMMAND: GET /session/295828e4dec9e4b50cbbfbe86b51fb47/screenshot - {}
RESULT: {}
COMMAND: POST /session/295828e4dec9e4b50cbbfbe86b51fb47/execute/async - {"script":"<script> [189 bytes]","args":[]}
RESULT: undefined
RESULT: undefined
RESULT: {"script":"<script> [189 bytes]","args":[]}
COMMAND: POST /session/295828e4dec9e4b50cbbfbe86b51fb47/execute/async - {"script":"<script> [123 bytes]","args":[]}
RESULT: {"script":"<script> [123 bytes]","args":[]}
COMMAND: POST /session/295828e4dec9e4b50cbbfbe86b51fb47/timeouts - {"script":"<number>"}
RESULT: {"script":"<number>"}
COMMAND: GET /session/295828e4dec9e4b50cbbfbe86b51fb47/timeouts - {}
RESULT: {}
RESULT: undefined
COMMAND: POST /session/295828e4dec9e4b50cbbfbe86b51fb47/execute/async - {"script":"<script> [2676 bytes]","args":[]}
RESULT: {"script":"<script> [2676 bytes]","args":[]}
COMMAND: POST /session/295828e4dec9e4b50cbbfbe86b51fb47/execute/async - {"script":"<script> [2342 bytes]","args":[{"protocol":"http","hostname":"0.0.0.0","path":"/","capabilities":{"browserName":"chrome","goog:chromeOptions":{"binary":"C:\\Program Files\\Google\\Chrome\\Application\\chrome.exe","args":["--start-maximized"]}},"logLevel":"warn","connectionRetryTimeout":120000,"connectionRetryCount":3,"logLevels":{},"enableDirectConnect":true,"strictSSL":true,"_":"65 more keys: [\"cacheDir\",\"port\",\"requestedCapabilities\",\"automationProtocol\",\"baseUrl\",\"waitforInterval\",\"waitforTimeout\",\"onReload\",\"beforeCommand\",\"afterCommand\",\"rootDir\",\"specs\",\"suites\",\"exclude\",\"groupLogsByTestSpec\",\"excludeDriverLogs\",\"bail\",\"framework\",\"reporters\",\"services\",\"maxInstances\",\"maxInstancesPerCapability\",\"injectGlobals\",\"filesToWatch\",\"execArgv\",\"runnerEnv\",\"runner\",\"shard\",\"specFileRetries\",\"specFileRetriesDelay\",\"specFileRetriesDeferred\",\"reporterSyncInterval\",\"reporterSyncTimeout\",\"cucumberFeaturesWithLineNumbers\",\"autoCompileOpts\",\"mochaOpts\",\"jasmineOpts\",\"cucumberOpts\",\"onPrepare\",\"onWorkerStart\",\"onWorkerEnd\",\"before\",\"beforeSession\",\"beforeSuite\",\"beforeHook\",\"beforeTest\",\"afterTest\",\"afterHook\",\"afterSuite\",\"afterSession\",\"after\",\"onComplete\",\"beforeAssertion\",\"afterAssertion\",\"beforeFeature\",\"beforeScenario\",\"beforeStep\",\"afterStep\",\"afterScenario\",\"afterFeature\",\"_\",\"suite\",\"$0\",\"ignoredWorkerServices\",\"wdi5\"]"}]}
RESULT: {"script":"<script> [2342 bytes]","args":[{"protocol":"http","hostname":"0.0.0.0","path":"/","capabilities":{"browserName":"chrome","goog:chromeOptions":{"binary":"C:\\Program Files\\Google\\Chrome\\Application\\chrome.exe","args":["--start-maximized"]}},"logLevel":"warn","connectionRetryTimeout":120000,"connectionRetryCount":3,"logLevels":{},"enableDirectConnect":true,"strictSSL":true,"_":"65 more keys: [\"cacheDir\",\"port\",\"requestedCapabilities\",\"automationProtocol\",\"baseUrl\",\"waitforInterval\",\"waitforTimeout\",\"onReload\",\"beforeCommand\",\"afterCommand\",\"rootDir\",\"specs\",\"suites\",\"exclude\",\"groupLogsByTestSpec\",\"excludeDriverLogs\",\"bail\",\"framework\",\"reporters\",\"services\",\"maxInstances\",\"maxInstancesPerCapability\",\"injectGlobals\",\"filesToWatch\",\"execArgv\",\"runnerEnv\",\"runner\",\"shard\",\"specFileRetries\",\"specFileRetriesDelay\",\"specFileRetriesDeferred\",\"reporterSyncInterval\",\"reporterSyncTimeout\",\"cucumberFeaturesWithLineNumbers\",\"autoCompileOpts\",\"mochaOpts\",\"jasmineOpts\",\"cucumberOpts\",\"onPrepare\",\"onWorkerStart\",\"onWorkerEnd\",\"before\",\"beforeSession\",\"beforeSuite\",\"beforeHook\",\"beforeTest\",\"afterTest\",\"afterHook\",\"afterSuite\",\"afterSession\",\"after\",\"onComplete\",\"beforeAssertion\",\"afterAssertion\",\"beforeFeature\",\"beforeScenario\",\"beforeStep\",\"afterStep\",\"afterScenario\",\"afterFeature\",\"_\",\"suite\",\"$0\",\"ignoredWorkerServices\",\"wdi5\"]"}]}
COMMAND: POST /session/295828e4dec9e4b50cbbfbe86b51fb47/execute/async - {"script":"<script> [21126 bytes]","args":[35000]}
RESULT: {"script":"<script> [21126 bytes]","args":[35000]}
COMMAND: POST /session/295828e4dec9e4b50cbbfbe86b51fb47/execute/async - {"script":"<script> [1562 bytes]","args":[{"selector":{"controlType":"sap.m.Title","viewName":"etm.portal.ui.managecontracts.view.Detail","properties":{"text":"Contract Items (1)"}},"wdio_ui5_key":"etmportal.ui.managecontracts.view.Detailsap.m.Title{\"text\":\"Contract Items (1)\"}"}]}
RESULT: {"script":"<script> [1562 bytes]","args":[{"selector":{"controlType":"sap.m.Title","viewName":"etm.portal.ui.managecontracts.view.Detail","properties":{"text":"Contract Items (1)"}},"wdio_ui5_key":"etmportal.ui.managecontracts.view.Detailsap.m.Title{\"text\":\"Contract Items (1)\"}"}]}
RESULT: undefined
COMMAND: POST /session/295828e4dec9e4b50cbbfbe86b51fb47/execute/async - {"script":"<script> [6424 bytes]","args":[{"element-6066-11e4-a52e-4f735466cecf":"f.CDFA6E493D27092015EBC4B367807A6B.d.2EB85D0E2A46B60A6AD43969E9D0F11B.e.7212"},"getText",[]]}
RESULT: {"script":"<script> [6424 bytes]","args":[{"element-6066-11e4-a52e-4f735466cecf":"f.CDFA6E493D27092015EBC4B367807A6B.d.2EB85D0E2A46B60A6AD43969E9D0F11B.e.7212"},"getText",[]]}
COMMAND: POST /session/295828e4dec9e4b50cbbfbe86b51fb47/execute/async - {"script":"<script> [1562 bytes]","args":[{"selector":{"id":"contractDetailEditBtn","viewName":"etm.portal.ui.managecontracts.view.Detail","interaction":{"idSuffix":"inner"}},"wdio_ui5_key":"contractDetailEditBtnetmportal.ui.managecontracts.view.Detail"}]}
RESULT: {"script":"<script> [1562 bytes]","args":[{"selector":{"id":"contractDetailEditBtn","viewName":"etm.portal.ui.managecontracts.view.Detail","interaction":{"idSuffix":"inner"}},"wdio_ui5_key":"contractDetailEditBtnetmportal.ui.managecontracts.view.Detail"}]}
RESULT: undefined
COMMAND: POST /session/295828e4dec9e4b50cbbfbe86b51fb47/element - {"using":"xpath","value":"//*[@id=\"__xmlview1--contractDetailEditBtn\"]"}
RESULT: {"using":"xpath","value":"//*[@id=\"__xmlview1--contractDetailEditBtn\"]"}
COMMAND: POST /session/295828e4dec9e4b50cbbfbe86b51fb47/element/f.CDFA6E493D27092015EBC4B367807A6B.d.2EB85D0E2A46B60A6AD43969E9D0F11B.e.7214/click - {}
RESULT: {}
COMMAND: GET /session/295828e4dec9e4b50cbbfbe86b51fb47/screenshot - {}
RESULT: {}
COMMAND: POST /session/295828e4dec9e4b50cbbfbe86b51fb47/element - {"using":"xpath","value":"(//span[contains(text(), \"Header Billing Items\")])[2]"}
RESULT: {"using":"xpath","value":"(//span[contains(text(), \"Header Billing Items\")])[2]"}
COMMAND: POST /session/295828e4dec9e4b50cbbfbe86b51fb47/element/f.CDFA6E493D27092015EBC4B367807A6B.d.2EB85D0E2A46B60A6AD43969E9D0F11B.e.7277/click - {}
RESULT: {}
COMMAND: GET /session/295828e4dec9e4b50cbbfbe86b51fb47/screenshot - {}
RESULT: {}
COMMAND: POST /session/295828e4dec9e4b50cbbfbe86b51fb47/element - {"using":"xpath","value":"//div[contains(@id ,\"ProductsTable-sa-CbBg\")]"}
RESULT: {"using":"xpath","value":"//div[contains(@id ,\"ProductsTable-sa-CbBg\")]"}
COMMAND: POST /session/295828e4dec9e4b50cbbfbe86b51fb47/element/f.CDFA6E493D27092015EBC4B367807A6B.d.2EB85D0E2A46B60A6AD43969E9D0F11B.e.7282/click - {}
RESULT: {}
COMMAND: GET /session/295828e4dec9e4b50cbbfbe86b51fb47/screenshot - {}
RESULT: {}
COMMAND: POST /session/295828e4dec9e4b50cbbfbe86b51fb47/execute/async - {"script":"<script> [1562 bytes]","args":[{"selector":{"id":"deleteBtn","viewName":"etm.portal.ui.managecontracts.view.EditContract","interaction":{"idSuffix":"BDI-content"}},"wdio_ui5_key":"deleteBtnetmportal.ui.managecontracts.view.EditContract"}]}
RESULT: {"script":"<script> [1562 bytes]","args":[{"selector":{"id":"deleteBtn","viewName":"etm.portal.ui.managecontracts.view.EditContract","interaction":{"idSuffix":"BDI-content"}},"wdio_ui5_key":"deleteBtnetmportal.ui.managecontracts.view.EditContract"}]}
RESULT: undefined
COMMAND: POST /session/295828e4dec9e4b50cbbfbe86b51fb47/element - {"using":"xpath","value":"//*[@id=\"__xmlview2--deleteBtn\"]"}
RESULT: {"using":"xpath","value":"//*[@id=\"__xmlview2--deleteBtn\"]"}
COMMAND: POST /session/295828e4dec9e4b50cbbfbe86b51fb47/element/f.CDFA6E493D27092015EBC4B367807A6B.d.2EB85D0E2A46B60A6AD43969E9D0F11B.e.7285/click - {}
RESULT: {}
COMMAND: POST /session/295828e4dec9e4b50cbbfbe86b51fb47/element - {"using":"xpath","value":"//bdi[contains(@id ,\"BDI-content\")][contains(text(), \"OK\")]"}
COMMAND: GET /session/295828e4dec9e4b50cbbfbe86b51fb47/screenshot - {}
RESULT: {"using":"xpath","value":"//bdi[contains(@id ,\"BDI-content\")][contains(text(), \"OK\")]"}
COMMAND: POST /session/295828e4dec9e4b50cbbfbe86b51fb47/element/f.CDFA6E493D27092015EBC4B367807A6B.d.2EB85D0E2A46B60A6AD43969E9D0F11B.e.7287/click - {}
RESULT: {}
RESULT: {}
COMMAND: GET /session/295828e4dec9e4b50cbbfbe86b51fb47/screenshot - {}
RESULT: {}
COMMAND: POST /session/295828e4dec9e4b50cbbfbe86b51fb47/element - {"using":"xpath","value":"//bdi[contains(@id ,\"BDI-content\")][contains(text(), \"Save\")]"}
RESULT: {"using":"xpath","value":"//bdi[contains(@id ,\"BDI-content\")][contains(text(), \"Save\")]"}
COMMAND: POST /session/295828e4dec9e4b50cbbfbe86b51fb47/element/f.CDFA6E493D27092015EBC4B367807A6B.d.2EB85D0E2A46B60A6AD43969E9D0F11B.e.7288/click - {}
RESULT: {}
COMMAND: GET /session/295828e4dec9e4b50cbbfbe86b51fb47/screenshot - {}
RESULT: {}
COMMAND: POST /session/295828e4dec9e4b50cbbfbe86b51fb47/element - {"using":"xpath","value":"(//span[contains(text(), \"Header Billing Items\")])[1]"}
RESULT: {"using":"xpath","value":"(//span[contains(text(), \"Header Billing Items\")])[1]"}
COMMAND: POST /session/295828e4dec9e4b50cbbfbe86b51fb47/element/f.CDFA6E493D27092015EBC4B367807A6B.d.2EB85D0E2A46B60A6AD43969E9D0F11B.e.7291/click - {}
RESULT: {}
COMMAND: GET /session/295828e4dec9e4b50cbbfbe86b51fb47/screenshot - {}
RESULT: {}
COMMAND: POST /session/295828e4dec9e4b50cbbfbe86b51fb47/execute/async - {"script":"<script> [1562 bytes]","args":[{"selector":{"controlType":"sap.m.ObjectStatus","viewName":"etm.portal.ui.managecontracts.view.Detail","bindingPath":{"path":"/SmartContractItems(CONTRACT='10305',ITEM=10m,SUB_ITEM=0m)","propertyPath":"STATUS"}},"wdio_ui5_key":"etmportal.ui.managecontracts.view.Detailsap.m.ObjectStatus{\"path\":\"/SmartContractItems(CONTRACT='10305',ITEM=10m,SUB_ITEM=0m)\",\"propertyPath\":\"STATUS\"}"}]}
RESULT: {"script":"<script> [1562 bytes]","args":[{"selector":{"controlType":"sap.m.ObjectStatus","viewName":"etm.portal.ui.managecontracts.view.Detail","bindingPath":{"path":"/SmartContractItems(CONTRACT='10305',ITEM=10m,SUB_ITEM=0m)","propertyPath":"STATUS"}},"wdio_ui5_key":"etmportal.ui.managecontracts.view.Detailsap.m.ObjectStatus{\"path\":\"/SmartContractItems(CONTRACT='10305',ITEM=10m,SUB_ITEM=0m)\",\"propertyPath\":\"STATUS\"}"}]}
RESULT: undefined
COMMAND: POST /session/295828e4dec9e4b50cbbfbe86b51fb47/execute/async - {"script":"<script> [6424 bytes]","args":[{"element-6066-11e4-a52e-4f735466cecf":"f.CDFA6E493D27092015EBC4B367807A6B.d.2EB85D0E2A46B60A6AD43969E9D0F11B.e.7295"},"getText",[]]}
RESULT: {"script":"<script> [6424 bytes]","args":[{"element-6066-11e4-a52e-4f735466cecf":"f.CDFA6E493D27092015EBC4B367807A6B.d.2EB85D0E2A46B60A6AD43969E9D0F11B.e.7295"},"getText",[]]}
COMMAND: POST /session/295828e4dec9e4b50cbbfbe86b51fb47/element - {"using":"css selector","value":"#shell-header-logo"}
RESULT: {"using":"css selector","value":"#shell-header-logo"}
COMMAND: POST /session/295828e4dec9e4b50cbbfbe86b51fb47/element/f.CDFA6E493D27092015EBC4B367807A6B.d.2EB85D0E2A46B60A6AD43969E9D0F11B.e.7175/click - {}
RESULT: {}
COMMAND: GET /session/295828e4dec9e4b50cbbfbe86b51fb47/screenshot - {}
RESULT: {}
COMMAND: POST /session/295828e4dec9e4b50cbbfbe86b51fb47/execute/async - {"script":"<script> [1562 bytes]","args":[{"selector":{"controlType":"sap.m.GenericTile","properties":{"header":"Manage Requests"}},"wdio_ui5_key":"sapm.GenericTile{\"header\":\"Manage Requests\"}"}]}
RESULT: {"script":"<script> [1562 bytes]","args":[{"selector":{"controlType":"sap.m.GenericTile","properties":{"header":"Manage Requests"}},"wdio_ui5_key":"sapm.GenericTile{\"header\":\"Manage Requests\"}"}]}
RESULT: undefined
COMMAND: POST /session/295828e4dec9e4b50cbbfbe86b51fb47/element - {"using":"xpath","value":"//*[@id=\"__tile47\"]"}
RESULT: {"using":"xpath","value":"//*[@id=\"__tile47\"]"}
COMMAND: POST /session/295828e4dec9e4b50cbbfbe86b51fb47/element/f.CDFA6E493D27092015EBC4B367807A6B.d.2EB85D0E2A46B60A6AD43969E9D0F11B.e.7311/click - {}
RESULT: {}
COMMAND: GET /session/295828e4dec9e4b50cbbfbe86b51fb47/screenshot - {}
RESULT: {}
COMMAND: POST /session/295828e4dec9e4b50cbbfbe86b51fb47/execute/async - {"script":"<script> [1562 bytes]","args":[{"selector":{"controlType":"sap.m.SearchField","viewName":"etm.portal.ui.managerequests.view.Master","bindingPath":{"path":"","propertyPath":"/_BASIC_SEARCH_FIELD","modelName":"fi1t3rM0d31"},"interaction":{"idSuffix":"I"}},"wdio_ui5_key":"etmportal.ui.managerequests.view.Mastersap.m.SearchField{\"path\":\"\",\"propertyPath\":\"/_BASIC_SEARCH_FIELD\",\"modelName\":\"fi1t3rM0d31\"}"}]}
RESULT: {"script":"<script> [1562 bytes]","args":[{"selector":{"controlType":"sap.m.SearchField","viewName":"etm.portal.ui.managerequests.view.Master","bindingPath":{"path":"","propertyPath":"/_BASIC_SEARCH_FIELD","modelName":"fi1t3rM0d31"},"interaction":{"idSuffix":"I"}},"wdio_ui5_key":"etmportal.ui.managerequests.view.Mastersap.m.SearchField{\"path\":\"\",\"propertyPath\":\"/_BASIC_SEARCH_FIELD\",\"modelName\":\"fi1t3rM0d31\"}"}]}
RESULT: undefined
COMMAND: POST /session/295828e4dec9e4b50cbbfbe86b51fb47/execute/async - {"script":"<script> [776 bytes]","args":[{"enterText":"20137","selector":{"controlType":"sap.m.SearchField","viewName":"etm.portal.ui.managerequests.view.Master","bindingPath":{"path":"","propertyPath":"/_BASIC_SEARCH_FIELD","modelName":"fi1t3rM0d31"},"interaction":{"idSuffix":"I"}},"clearTextFirst":true,"interactionType":"ENTER_TEXT"}]}
RESULT: {"script":"<script> [776 bytes]","args":[{"enterText":"20137","selector":{"controlType":"sap.m.SearchField","viewName":"etm.portal.ui.managerequests.view.Master","bindingPath":{"path":"","propertyPath":"/_BASIC_SEARCH_FIELD","modelName":"fi1t3rM0d31"},"interaction":{"idSuffix":"I"}},"clearTextFirst":true,"interactionType":"ENTER_TEXT"}]}
COMMAND: POST /session/295828e4dec9e4b50cbbfbe86b51fb47/actions - {"actions":[{"id":"action33","type":"key","parameters":{},"actions":[{"type":"keyDown","value":""},{"type":"pause","duration":10},{"type":"keyUp","value":""}]}]}
RESULT: {"actions":[{"id":"action33","type":"key","parameters":{},"actions":[{"type":"keyDown","value":""},{"type":"pause","duration":10},{"type":"keyUp","value":""}]}]}
COMMAND: GET /session/295828e4dec9e4b50cbbfbe86b51fb47/screenshot - {}
RESULT: {}
COMMAND: POST /session/295828e4dec9e4b50cbbfbe86b51fb47/execute/async - {"script":"<script> [1562 bytes]","args":[{"selector":{"controlType":"sap.m.Text","viewName":"etm.portal.ui.managerequests.view.Master","bindingPath":{"path":"/SmartManageRequests('20137')","propertyPath":"NO"}},"wdio_ui5_key":"etmportal.ui.managerequests.view.Mastersap.m.Text{\"path\":\"/SmartManageRequests('20137')\",\"propertyPath\":\"NO\"}"}]}
RESULT: {"script":"<script> [1562 bytes]","args":[{"selector":{"controlType":"sap.m.Text","viewName":"etm.portal.ui.managerequests.view.Master","bindingPath":{"path":"/SmartManageRequests('20137')","propertyPath":"NO"}},"wdio_ui5_key":"etmportal.ui.managerequests.view.Mastersap.m.Text{\"path\":\"/SmartManageRequests('20137')\",\"propertyPath\":\"NO\"}"}]}
RESULT: undefined
COMMAND: POST /session/295828e4dec9e4b50cbbfbe86b51fb47/element - {"using":"xpath","value":"//*[@id=\"__text464-__clone176\"]"}
RESULT: {"using":"xpath","value":"//*[@id=\"__text464-__clone176\"]"}
COMMAND: POST /session/295828e4dec9e4b50cbbfbe86b51fb47/element/f.CDFA6E493D27092015EBC4B367807A6B.d.2EB85D0E2A46B60A6AD43969E9D0F11B.e.7438/click - {}
RESULT: {}
COMMAND: GET /session/295828e4dec9e4b50cbbfbe86b51fb47/screenshot - {}
RESULT: {}
COMMAND: POST /session/295828e4dec9e4b50cbbfbe86b51fb47/execute/async - {"script":"<script> [1562 bytes]","args":[{"selector":{"controlType":"sap.ui.core.Icon","viewName":"etm.portal.ui.managerequests.view.Detail","properties":{"src":{"regex":{"source":"slim\\-arrow\\-up"}}}},"wdio_ui5_key":"etmportal.ui.managerequests.view.Detailsap.ui.core.Icon{\"src\":{\"regex\":{\"source\":\"slim\\\\-arrow\\\\-up\"}}}"}]}
RESULT: {"script":"<script> [1562 bytes]","args":[{"selector":{"controlType":"sap.ui.core.Icon","viewName":"etm.portal.ui.managerequests.view.Detail","properties":{"src":{"regex":{"source":"slim\\-arrow\\-up"}}}},"wdio_ui5_key":"etmportal.ui.managerequests.view.Detailsap.ui.core.Icon{\"src\":{\"regex\":{\"source\":\"slim\\\\-arrow\\\\-up\"}}}"}]}
RESULT: undefined
COMMAND: POST /session/295828e4dec9e4b50cbbfbe86b51fb47/element - {"using":"xpath","value":"//*[@id=\"__xmlview62--detailRequestPage-OPHeaderContent-collapseBtn-img\"]"}
RESULT: {"using":"xpath","value":"//*[@id=\"__xmlview62--detailRequestPage-OPHeaderContent-collapseBtn-img\"]"}
COMMAND: POST /session/295828e4dec9e4b50cbbfbe86b51fb47/element/f.CDFA6E493D27092015EBC4B367807A6B.d.2EB85D0E2A46B60A6AD43969E9D0F11B.e.7583/click - {}
RESULT: {}
COMMAND: GET /session/295828e4dec9e4b50cbbfbe86b51fb47/screenshot - {}
RESULT: {}
COMMAND: POST /session/295828e4dec9e4b50cbbfbe86b51fb47/execute/async - {"script":"<script> [1562 bytes]","args":[{"selector":{"controlType":"sap.m.Text","viewName":"etm.portal.ui.managerequests.view.Detail","bindingPath":{"path":"/SmartRequestItemsPlanningBoard(ITEM=20m,REQUEST='20137')","propertyPath":"STATUS_DESC"}},"wdio_ui5_key":"etmportal.ui.managerequests.view.Detailsap.m.Text{\"path\":\"/SmartRequestItemsPlanningBoard(ITEM=20m,REQUEST='20137')\",\"propertyPath\":\"STATUS_DESC\"}"}]}
RESULT: {"script":"<script> [1562 bytes]","args":[{"selector":{"controlType":"sap.m.Text","viewName":"etm.portal.ui.managerequests.view.Detail","bindingPath":{"path":"/SmartRequestItemsPlanningBoard(ITEM=20m,REQUEST='20137')","propertyPath":"STATUS_DESC"}},"wdio_ui5_key":"etmportal.ui.managerequests.view.Detailsap.m.Text{\"path\":\"/SmartRequestItemsPlanningBoard(ITEM=20m,REQUEST='20137')\",\"propertyPath\":\"STATUS_DESC\"}"}]}
RESULT: undefined
COMMAND: POST /session/295828e4dec9e4b50cbbfbe86b51fb47/execute/async - {"script":"<script> [6424 bytes]","args":[{"element-6066-11e4-a52e-4f735466cecf":"f.CDFA6E493D27092015EBC4B367807A6B.d.2EB85D0E2A46B60A6AD43969E9D0F11B.e.7645"},"getText",[]]}
RESULT: {"script":"<script> [6424 bytes]","args":[{"element-6066-11e4-a52e-4f735466cecf":"f.CDFA6E493D27092015EBC4B367807A6B.d.2EB85D0E2A46B60A6AD43969E9D0F11B.e.7645"},"getText",[]]}
COMMAND: POST /session/295828e4dec9e4b50cbbfbe86b51fb47/element - {"using":"css selector","value":"#shell-header-logo"}
RESULT: {"using":"css selector","value":"#shell-header-logo"}
COMMAND: POST /session/295828e4dec9e4b50cbbfbe86b51fb47/element/f.CDFA6E493D27092015EBC4B367807A6B.d.2EB85D0E2A46B60A6AD43969E9D0F11B.e.7315/click - {}
RESULT: {}
COMMAND: GET /session/295828e4dec9e4b50cbbfbe86b51fb47/screenshot - {}
RESULT: {}
]]></system-out>
    </testcase>
  </testsuite>
  <testsuite timestamp="2025-04-15T18:05:07" time="234.718" tests="4" failures="0" errors="0" skipped="0">
    <properties>
      <property name="specId" value="0"/>
      <property name="suiteName" value="Standard contract close-reopen US111278"/>
      <property name="capabilities" value="chrome.135_0_7049_42.windows"/>
      <property name="file" value="file:///D:/a/1/s/test/specs/R2C/standard-contract-close-reopen.spec.js"/>
    </properties>
    <testcase classname="chrome.135_0_7049_42.windows.Standard_contract_close-reopen_US111278" name="Should create a new contract and add an item" time="112.584">
      <system-out><![CDATA[
COMMAND: POST /session/295828e4dec9e4b50cbbfbe86b51fb47/execute/async - {"script":"<script> [1562 bytes]","args":[{"selector":{"controlType":"sap.m.Text","viewName":"etm.portal.ui.managecontractstile.view.Master","properties":{"text":"Manage Contracts"},"interaction":{"idSuffix":"inner"}},"wdio_ui5_key":"etmportal.ui.managecontractstile.view.Mastersap.m.Text{\"text\":\"Manage Contracts\"}"}]}
RESULT: {"script":"<script> [1562 bytes]","args":[{"selector":{"controlType":"sap.m.Text","viewName":"etm.portal.ui.managecontractstile.view.Master","properties":{"text":"Manage Contracts"},"interaction":{"idSuffix":"inner"}},"wdio_ui5_key":"etmportal.ui.managecontractstile.view.Mastersap.m.Text{\"text\":\"Manage Contracts\"}"}]}
RESULT: undefined
COMMAND: POST /session/295828e4dec9e4b50cbbfbe86b51fb47/element - {"using":"xpath","value":"//*[@id=\"__tile132-title\"]"}
RESULT: {"using":"xpath","value":"//*[@id=\"__tile132-title\"]"}
COMMAND: POST /session/295828e4dec9e4b50cbbfbe86b51fb47/element/f.CDFA6E493D27092015EBC4B367807A6B.d.2EB85D0E2A46B60A6AD43969E9D0F11B.e.7649/click - {}
RESULT: {}
COMMAND: GET /session/295828e4dec9e4b50cbbfbe86b51fb47/screenshot - {}
RESULT: undefined
RESULT: undefined
RESULT: {}
COMMAND: POST /session/295828e4dec9e4b50cbbfbe86b51fb47/element - {"using":"xpath","value":"//button[@data-kt=\"addButton\"]"}
RESULT: {"using":"xpath","value":"//button[@data-kt=\"addButton\"]"}
COMMAND: POST /session/295828e4dec9e4b50cbbfbe86b51fb47/element/f.CDFA6E493D27092015EBC4B367807A6B.d.2EB85D0E2A46B60A6AD43969E9D0F11B.e.7715/click - {}
RESULT: {}
COMMAND: GET /session/295828e4dec9e4b50cbbfbe86b51fb47/screenshot - {}
RESULT: {}
COMMAND: POST /session/295828e4dec9e4b50cbbfbe86b51fb47/execute/async - {"script":"<script> [1562 bytes]","args":[{"selector":{"id":"application-managecontracts-display-component---AddNewContract--projectDescription","interaction":{"idSuffix":"inner"}},"wdio_ui5_key":"applicationmanagecontracts-display-component---AddNewContract--projectDescription"}]}
RESULT: {"script":"<script> [1562 bytes]","args":[{"selector":{"id":"application-managecontracts-display-component---AddNewContract--projectDescription","interaction":{"idSuffix":"inner"}},"wdio_ui5_key":"applicationmanagecontracts-display-component---AddNewContract--projectDescription"}]}
RESULT: undefined
COMMAND: POST /session/295828e4dec9e4b50cbbfbe86b51fb47/execute/async - {"script":"<script> [776 bytes]","args":[{"enterText":"WdIOR2ciyyjh","selector":{"id":"application-managecontracts-display-component---AddNewContract--projectDescription","interaction":{"idSuffix":"inner"}},"clearTextFirst":true,"interactionType":"ENTER_TEXT"}]}
RESULT: {"script":"<script> [776 bytes]","args":[{"enterText":"WdIOR2ciyyjh","selector":{"id":"application-managecontracts-display-component---AddNewContract--projectDescription","interaction":{"idSuffix":"inner"}},"clearTextFirst":true,"interactionType":"ENTER_TEXT"}]}
COMMAND: POST /session/295828e4dec9e4b50cbbfbe86b51fb47/element - {"using":"xpath","value":"//input[@id=\"application-managecontracts-display-component---AddNewContract--yardId-inner\"]"}
RESULT: {"using":"xpath","value":"//input[@id=\"application-managecontracts-display-component---AddNewContract--yardId-inner\"]"}
COMMAND: POST /session/295828e4dec9e4b50cbbfbe86b51fb47/element/f.CDFA6E493D27092015EBC4B367807A6B.d.2EB85D0E2A46B60A6AD43969E9D0F11B.e.8013/clear - {}
RESULT: {}
COMMAND: POST /session/295828e4dec9e4b50cbbfbe86b51fb47/element/f.CDFA6E493D27092015EBC4B367807A6B.d.2EB85D0E2A46B60A6AD43969E9D0F11B.e.8013/value - {"text":"WebdriverYardg9fe"}
COMMAND: GET /session/295828e4dec9e4b50cbbfbe86b51fb47/screenshot - {}
RESULT: {"text":"WebdriverYardg9fe"}
COMMAND: GET /session/295828e4dec9e4b50cbbfbe86b51fb47/screenshot - {}
RESULT: {}
RESULT: {}
COMMAND: POST /session/295828e4dec9e4b50cbbfbe86b51fb47/actions - {"actions":[{"id":"action34","type":"key","parameters":{},"actions":[{"type":"keyDown","value":""},{"type":"pause","duration":10},{"type":"keyUp","value":""}]}]}
RESULT: {"actions":[{"id":"action34","type":"key","parameters":{},"actions":[{"type":"keyDown","value":""},{"type":"pause","duration":10},{"type":"keyUp","value":""}]}]}
COMMAND: GET /session/295828e4dec9e4b50cbbfbe86b51fb47/screenshot - {}
RESULT: {}
COMMAND: POST /session/295828e4dec9e4b50cbbfbe86b51fb47/element - {"using":"xpath","value":"//input[@id=\"application-managecontracts-display-component---AddNewContract--customerSelect-inner\"]"}
RESULT: {"using":"xpath","value":"//input[@id=\"application-managecontracts-display-component---AddNewContract--customerSelect-inner\"]"}
COMMAND: POST /session/295828e4dec9e4b50cbbfbe86b51fb47/element/f.CDFA6E493D27092015EBC4B367807A6B.d.2EB85D0E2A46B60A6AD43969E9D0F11B.e.8011/clear - {}
RESULT: {}
COMMAND: POST /session/295828e4dec9e4b50cbbfbe86b51fb47/element/f.CDFA6E493D27092015EBC4B367807A6B.d.2EB85D0E2A46B60A6AD43969E9D0F11B.e.8011/value - {"text":"WebdriverPartnerxl2er"}
COMMAND: GET /session/295828e4dec9e4b50cbbfbe86b51fb47/screenshot - {}
RESULT: {"text":"WebdriverPartnerxl2er"}
COMMAND: GET /session/295828e4dec9e4b50cbbfbe86b51fb47/screenshot - {}
RESULT: {}
RESULT: {}
COMMAND: POST /session/295828e4dec9e4b50cbbfbe86b51fb47/actions - {"actions":[{"id":"action35","type":"key","parameters":{},"actions":[{"type":"keyDown","value":""},{"type":"pause","duration":10},{"type":"keyUp","value":""}]}]}
RESULT: {"actions":[{"id":"action35","type":"key","parameters":{},"actions":[{"type":"keyDown","value":""},{"type":"pause","duration":10},{"type":"keyUp","value":""}]}]}
COMMAND: GET /session/295828e4dec9e4b50cbbfbe86b51fb47/screenshot - {}
RESULT: {}
COMMAND: POST /session/295828e4dec9e4b50cbbfbe86b51fb47/element - {"using":"xpath","value":"//input[@id=\"application-managecontracts-display-component---AddNewContract--site-inner\"]"}
RESULT: {"using":"xpath","value":"//input[@id=\"application-managecontracts-display-component---AddNewContract--site-inner\"]"}
COMMAND: POST /session/295828e4dec9e4b50cbbfbe86b51fb47/element/f.CDFA6E493D27092015EBC4B367807A6B.d.2EB85D0E2A46B60A6AD43969E9D0F11B.e.8012/clear - {}
RESULT: {}
COMMAND: POST /session/295828e4dec9e4b50cbbfbe86b51fb47/element/f.CDFA6E493D27092015EBC4B367807A6B.d.2EB85D0E2A46B60A6AD43969E9D0F11B.e.8012/value - {"text":"WebdriverSitetehuf"}
COMMAND: GET /session/295828e4dec9e4b50cbbfbe86b51fb47/screenshot - {}
RESULT: {"text":"WebdriverSitetehuf"}
COMMAND: GET /session/295828e4dec9e4b50cbbfbe86b51fb47/screenshot - {}
RESULT: {}
RESULT: {}
COMMAND: POST /session/295828e4dec9e4b50cbbfbe86b51fb47/actions - {"actions":[{"id":"action36","type":"key","parameters":{},"actions":[{"type":"keyDown","value":""},{"type":"pause","duration":10},{"type":"keyUp","value":""}]}]}
RESULT: {"actions":[{"id":"action36","type":"key","parameters":{},"actions":[{"type":"keyDown","value":""},{"type":"pause","duration":10},{"type":"keyUp","value":""}]}]}
COMMAND: POST /session/295828e4dec9e4b50cbbfbe86b51fb47/element - {"using":"xpath","value":"//button[@data-kt=\"saveButton\"]"}
COMMAND: GET /session/295828e4dec9e4b50cbbfbe86b51fb47/screenshot - {}
RESULT: {"using":"xpath","value":"//button[@data-kt=\"saveButton\"]"}
COMMAND: POST /session/295828e4dec9e4b50cbbfbe86b51fb47/element/f.CDFA6E493D27092015EBC4B367807A6B.d.2EB85D0E2A46B60A6AD43969E9D0F11B.e.8033/click - {}
RESULT: {}
RESULT: {}
COMMAND: GET /session/295828e4dec9e4b50cbbfbe86b51fb47/screenshot - {}
RESULT: {}
COMMAND: POST /session/295828e4dec9e4b50cbbfbe86b51fb47/execute/async - {"script":"<script> [1562 bytes]","args":[{"selector":{"id":"contractDetailTitleNoExpanded","viewName":"etm.portal.ui.managecontracts.view.Detail"},"wdio_ui5_key":"contractDetailTitleNoExpandedetmportal.ui.managecontracts.view.Detail"}]}
RESULT: {"script":"<script> [1562 bytes]","args":[{"selector":{"id":"contractDetailTitleNoExpanded","viewName":"etm.portal.ui.managecontracts.view.Detail"},"wdio_ui5_key":"contractDetailTitleNoExpandedetmportal.ui.managecontracts.view.Detail"}]}
RESULT: undefined
COMMAND: POST /session/295828e4dec9e4b50cbbfbe86b51fb47/execute/async - {"script":"<script> [6424 bytes]","args":[{"element-6066-11e4-a52e-4f735466cecf":"f.CDFA6E493D27092015EBC4B367807A6B.d.2EB85D0E2A46B60A6AD43969E9D0F11B.e.8113"},"getText",[]]}
RESULT: {"script":"<script> [6424 bytes]","args":[{"element-6066-11e4-a52e-4f735466cecf":"f.CDFA6E493D27092015EBC4B367807A6B.d.2EB85D0E2A46B60A6AD43969E9D0F11B.e.8113"},"getText",[]]}
COMMAND: POST /session/295828e4dec9e4b50cbbfbe86b51fb47/execute/async - {"script":"<script> [1562 bytes]","args":[{"selector":{"id":"closeContractBtn","viewName":"etm.portal.ui.managecontracts.view.Detail"},"wdio_ui5_key":"closeContractBtnetmportal.ui.managecontracts.view.Detail"}]}
RESULT: {"script":"<script> [1562 bytes]","args":[{"selector":{"id":"closeContractBtn","viewName":"etm.portal.ui.managecontracts.view.Detail"},"wdio_ui5_key":"closeContractBtnetmportal.ui.managecontracts.view.Detail"}]}
RESULT: undefined
COMMAND: POST /session/295828e4dec9e4b50cbbfbe86b51fb47/execute/async - {"script":"<script> [6424 bytes]","args":[{"element-6066-11e4-a52e-4f735466cecf":"f.CDFA6E493D27092015EBC4B367807A6B.d.2EB85D0E2A46B60A6AD43969E9D0F11B.e.8114"},"getEnabled",[]]}
RESULT: {"script":"<script> [6424 bytes]","args":[{"element-6066-11e4-a52e-4f735466cecf":"f.CDFA6E493D27092015EBC4B367807A6B.d.2EB85D0E2A46B60A6AD43969E9D0F11B.e.8114"},"getEnabled",[]]}
COMMAND: POST /session/295828e4dec9e4b50cbbfbe86b51fb47/element - {"using":"xpath","value":"//button[@data-kt=\"contractDetailEditBtnButton\"]"}
RESULT: {"using":"xpath","value":"//button[@data-kt=\"contractDetailEditBtnButton\"]"}
COMMAND: POST /session/295828e4dec9e4b50cbbfbe86b51fb47/element/f.CDFA6E493D27092015EBC4B367807A6B.d.2EB85D0E2A46B60A6AD43969E9D0F11B.e.8115/click - {}
RESULT: {}
COMMAND: GET /session/295828e4dec9e4b50cbbfbe86b51fb47/screenshot - {}
RESULT: {}
COMMAND: POST /session/295828e4dec9e4b50cbbfbe86b51fb47/element - {"using":"xpath","value":"(//span[contains(text(), \"Additional Addresses\")])[2]"}
RESULT: {"using":"xpath","value":"(//span[contains(text(), \"Additional Addresses\")])[2]"}
COMMAND: POST /session/295828e4dec9e4b50cbbfbe86b51fb47/element/f.CDFA6E493D27092015EBC4B367807A6B.d.2EB85D0E2A46B60A6AD43969E9D0F11B.e.8172/click - {}
RESULT: {}
COMMAND: GET /session/295828e4dec9e4b50cbbfbe86b51fb47/screenshot - {}
RESULT: {}
COMMAND: POST /session/295828e4dec9e4b50cbbfbe86b51fb47/element - {"using":"xpath","value":"//button[@data-kt=\"btnAddTableRowOverflowToolbarButton\"]"}
RESULT: {"using":"xpath","value":"//button[@data-kt=\"btnAddTableRowOverflowToolbarButton\"]"}
COMMAND: POST /session/295828e4dec9e4b50cbbfbe86b51fb47/element/f.CDFA6E493D27092015EBC4B367807A6B.d.2EB85D0E2A46B60A6AD43969E9D0F11B.e.8174/click - {}
RESULT: {}
COMMAND: GET /session/295828e4dec9e4b50cbbfbe86b51fb47/screenshot - {}
RESULT: {}
COMMAND: POST /session/295828e4dec9e4b50cbbfbe86b51fb47/element - {"using":"xpath","value":"//div[(text() = 'Standard Entry' or . = 'Standard Entry')]"}
RESULT: {"using":"xpath","value":"//div[(text() = 'Standard Entry' or . = 'Standard Entry')]"}
COMMAND: POST /session/295828e4dec9e4b50cbbfbe86b51fb47/element/f.CDFA6E493D27092015EBC4B367807A6B.d.2EB85D0E2A46B60A6AD43969E9D0F11B.e.8176/click - {}
RESULT: {}
COMMAND: POST /session/295828e4dec9e4b50cbbfbe86b51fb47/element - {"using":"xpath","value":"//td[6]/div/div/input[1]"}
COMMAND: GET /session/295828e4dec9e4b50cbbfbe86b51fb47/screenshot - {}
RESULT: {"using":"xpath","value":"//td[6]/div/div/input[1]"}
COMMAND: POST /session/295828e4dec9e4b50cbbfbe86b51fb47/element/f.CDFA6E493D27092015EBC4B367807A6B.d.2EB85D0E2A46B60A6AD43969E9D0F11B.e.8178/click - {}
RESULT: {}
RESULT: {}
COMMAND: POST /session/295828e4dec9e4b50cbbfbe86b51fb47/actions - {"actions":[{"id":"action37","type":"key","parameters":{},"actions":[{"type":"keyDown","value":""},{"type":"pause","duration":10},{"type":"keyUp","value":""}]}]}
COMMAND: GET /session/295828e4dec9e4b50cbbfbe86b51fb47/screenshot - {}
RESULT: {"actions":[{"id":"action37","type":"key","parameters":{},"actions":[{"type":"keyDown","value":""},{"type":"pause","duration":10},{"type":"keyUp","value":""}]}]}
COMMAND: POST /session/295828e4dec9e4b50cbbfbe86b51fb47/element - {"using":"xpath","value":"//td[6]/div/div/input[1]"}
COMMAND: GET /session/295828e4dec9e4b50cbbfbe86b51fb47/screenshot - {}
RESULT: {}
RESULT: {"using":"xpath","value":"//td[6]/div/div/input[1]"}
COMMAND: POST /session/295828e4dec9e4b50cbbfbe86b51fb47/element/f.CDFA6E493D27092015EBC4B367807A6B.d.2EB85D0E2A46B60A6AD43969E9D0F11B.e.8178/clear - {}
RESULT: {}
RESULT: {}
COMMAND: POST /session/295828e4dec9e4b50cbbfbe86b51fb47/element/f.CDFA6E493D27092015EBC4B367807A6B.d.2EB85D0E2A46B60A6AD43969E9D0F11B.e.8178/value - {"text":"Material"}
COMMAND: GET /session/295828e4dec9e4b50cbbfbe86b51fb47/screenshot - {}
RESULT: {"text":"Material"}
COMMAND: GET /session/295828e4dec9e4b50cbbfbe86b51fb47/screenshot - {}
RESULT: {}
RESULT: {}
COMMAND: POST /session/295828e4dec9e4b50cbbfbe86b51fb47/actions - {"actions":[{"id":"action38","type":"key","parameters":{},"actions":[{"type":"keyDown","value":""},{"type":"pause","duration":10},{"type":"keyUp","value":""}]}]}
RESULT: {"actions":[{"id":"action38","type":"key","parameters":{},"actions":[{"type":"keyDown","value":""},{"type":"pause","duration":10},{"type":"keyUp","value":""}]}]}
COMMAND: GET /session/295828e4dec9e4b50cbbfbe86b51fb47/screenshot - {}
RESULT: {}
COMMAND: POST /session/295828e4dec9e4b50cbbfbe86b51fb47/actions - {"actions":[{"id":"action39","type":"key","parameters":{},"actions":[{"type":"keyDown","value":""},{"type":"pause","duration":10},{"type":"keyUp","value":""}]}]}
RESULT: {"actions":[{"id":"action39","type":"key","parameters":{},"actions":[{"type":"keyDown","value":""},{"type":"pause","duration":10},{"type":"keyUp","value":""}]}]}
COMMAND: POST /session/295828e4dec9e4b50cbbfbe86b51fb47/element - {"using":"xpath","value":"//td[7]/div/div/input"}
COMMAND: GET /session/295828e4dec9e4b50cbbfbe86b51fb47/screenshot - {}
RESULT: {"using":"xpath","value":"//td[7]/div/div/input"}
COMMAND: POST /session/295828e4dec9e4b50cbbfbe86b51fb47/element/f.CDFA6E493D27092015EBC4B367807A6B.d.2EB85D0E2A46B60A6AD43969E9D0F11B.e.8191/clear - {}
RESULT: {}
RESULT: {}
COMMAND: POST /session/295828e4dec9e4b50cbbfbe86b51fb47/element/f.CDFA6E493D27092015EBC4B367807A6B.d.2EB85D0E2A46B60A6AD43969E9D0F11B.e.8191/value - {"text":"WebdriverRUR2Ca2zfs"}
COMMAND: GET /session/295828e4dec9e4b50cbbfbe86b51fb47/screenshot - {}
RESULT: {"text":"WebdriverRUR2Ca2zfs"}
COMMAND: GET /session/295828e4dec9e4b50cbbfbe86b51fb47/screenshot - {}
RESULT: {}
RESULT: {}
COMMAND: POST /session/295828e4dec9e4b50cbbfbe86b51fb47/actions - {"actions":[{"id":"action40","type":"key","parameters":{},"actions":[{"type":"keyDown","value":""},{"type":"pause","duration":10},{"type":"keyUp","value":""}]}]}
RESULT: {"actions":[{"id":"action40","type":"key","parameters":{},"actions":[{"type":"keyDown","value":""},{"type":"pause","duration":10},{"type":"keyUp","value":""}]}]}
COMMAND: GET /session/295828e4dec9e4b50cbbfbe86b51fb47/screenshot - {}
RESULT: {}
COMMAND: POST /session/295828e4dec9e4b50cbbfbe86b51fb47/actions - {"actions":[{"id":"action41","type":"key","parameters":{},"actions":[{"type":"keyDown","value":""},{"type":"pause","duration":10},{"type":"keyUp","value":""}]}]}
RESULT: {"actions":[{"id":"action41","type":"key","parameters":{},"actions":[{"type":"keyDown","value":""},{"type":"pause","duration":10},{"type":"keyUp","value":""}]}]}
COMMAND: GET /session/295828e4dec9e4b50cbbfbe86b51fb47/screenshot - {}
RESULT: {}
COMMAND: POST /session/295828e4dec9e4b50cbbfbe86b51fb47/element - {"using":"xpath","value":"(//button[@data-kt=\"saveButton\"])[2]"}
RESULT: {"using":"xpath","value":"(//button[@data-kt=\"saveButton\"])[2]"}
COMMAND: POST /session/295828e4dec9e4b50cbbfbe86b51fb47/element/f.CDFA6E493D27092015EBC4B367807A6B.d.2EB85D0E2A46B60A6AD43969E9D0F11B.e.8217/click - {}
RESULT: {}
COMMAND: GET /session/295828e4dec9e4b50cbbfbe86b51fb47/screenshot - {}
RESULT: {}
]]></system-out>
    </testcase>
    <testcase classname="chrome.135_0_7049_42.windows.Standard_contract_close-reopen_US111278" name="It should close the contract" time="20.688">
      <system-out><![CDATA[
RESULT: undefined
COMMAND: POST /session/295828e4dec9e4b50cbbfbe86b51fb47/element - {"using":"xpath","value":"//*[@id=\"__xmlview64--closeContractBtn\"]"}
RESULT: {"using":"xpath","value":"//*[@id=\"__xmlview64--closeContractBtn\"]"}
COMMAND: POST /session/295828e4dec9e4b50cbbfbe86b51fb47/element/f.CDFA6E493D27092015EBC4B367807A6B.d.2EB85D0E2A46B60A6AD43969E9D0F11B.e.8114/click - {}
RESULT: {}
COMMAND: GET /session/295828e4dec9e4b50cbbfbe86b51fb47/screenshot - {}
RESULT: {}
COMMAND: POST /session/295828e4dec9e4b50cbbfbe86b51fb47/element - {"using":"xpath","value":"//span[contains(text(), \"Do you want to close the whole contract?\")]"}
RESULT: {"using":"xpath","value":"//span[contains(text(), \"Do you want to close the whole contract?\")]"}
COMMAND: POST /session/295828e4dec9e4b50cbbfbe86b51fb47/execute/sync - {"script":"<script> [8489 bytes]","args":[{"element-6066-11e4-a52e-4f735466cecf":"f.CDFA6E493D27092015EBC4B367807A6B.d.2EB85D0E2A46B60A6AD43969E9D0F11B.e.8221","ELEMENT":"f.CDFA6E493D27092015EBC4B367807A6B.d.2EB85D0E2A46B60A6AD43969E9D0F11B.e.8221"}]}
RESULT: {"script":"<script> [8489 bytes]","args":[{"element-6066-11e4-a52e-4f735466cecf":"f.CDFA6E493D27092015EBC4B367807A6B.d.2EB85D0E2A46B60A6AD43969E9D0F11B.e.8221","ELEMENT":"f.CDFA6E493D27092015EBC4B367807A6B.d.2EB85D0E2A46B60A6AD43969E9D0F11B.e.8221"}]}
COMMAND: POST /session/295828e4dec9e4b50cbbfbe86b51fb47/element - {"using":"xpath","value":"//bdi[contains(text(), \"OK\")]"}
COMMAND: GET /session/295828e4dec9e4b50cbbfbe86b51fb47/screenshot - {}
RESULT: {"using":"xpath","value":"//bdi[contains(text(), \"OK\")]"}
COMMAND: POST /session/295828e4dec9e4b50cbbfbe86b51fb47/element/f.CDFA6E493D27092015EBC4B367807A6B.d.2EB85D0E2A46B60A6AD43969E9D0F11B.e.8222/click - {}
RESULT: {}
RESULT: {}
COMMAND: GET /session/295828e4dec9e4b50cbbfbe86b51fb47/screenshot - {}
RESULT: {}
COMMAND: POST /session/295828e4dec9e4b50cbbfbe86b51fb47/element - {"using":"xpath","value":"//input[contains(@id ,\"smartContractFilterBar-btnBasicSearch-I\")]"}
RESULT: {"using":"xpath","value":"//input[contains(@id ,\"smartContractFilterBar-btnBasicSearch-I\")]"}
COMMAND: POST /session/295828e4dec9e4b50cbbfbe86b51fb47/element/f.CDFA6E493D27092015EBC4B367807A6B.d.2EB85D0E2A46B60A6AD43969E9D0F11B.e.7659/clear - {}
RESULT: {}
COMMAND: POST /session/295828e4dec9e4b50cbbfbe86b51fb47/element/f.CDFA6E493D27092015EBC4B367807A6B.d.2EB85D0E2A46B60A6AD43969E9D0F11B.e.7659/value - {"text":"10307"}
COMMAND: GET /session/295828e4dec9e4b50cbbfbe86b51fb47/screenshot - {}
RESULT: {"text":"10307"}
COMMAND: POST /session/295828e4dec9e4b50cbbfbe86b51fb47/actions - {"actions":[{"id":"action42","type":"key","parameters":{},"actions":[{"type":"keyDown","value":""},{"type":"pause","duration":10},{"type":"keyUp","value":""}]}]}
COMMAND: GET /session/295828e4dec9e4b50cbbfbe86b51fb47/screenshot - {}
RESULT: {}
RESULT: {"actions":[{"id":"action42","type":"key","parameters":{},"actions":[{"type":"keyDown","value":""},{"type":"pause","duration":10},{"type":"keyUp","value":""}]}]}
COMMAND: GET /session/295828e4dec9e4b50cbbfbe86b51fb47/screenshot - {}
RESULT: {}
RESULT: {}
COMMAND: POST /session/295828e4dec9e4b50cbbfbe86b51fb47/execute/async - {"script":"<script> [1562 bytes]","args":[{"selector":{"controlType":"sap.ui.core.Icon","viewName":"etm.portal.ui.managecontracts.view.Master","properties":{"src":{"regex":{"source":"slim\\-arrow\\-right"}}}},"wdio_ui5_key":"etmportal.ui.managecontracts.view.Mastersap.ui.core.Icon{\"src\":{\"regex\":{\"source\":\"slim\\\\-arrow\\\\-right\"}}}"}]}
RESULT: {"script":"<script> [1562 bytes]","args":[{"selector":{"controlType":"sap.ui.core.Icon","viewName":"etm.portal.ui.managecontracts.view.Master","properties":{"src":{"regex":{"source":"slim\\-arrow\\-right"}}}},"wdio_ui5_key":"etmportal.ui.managecontracts.view.Mastersap.ui.core.Icon{\"src\":{\"regex\":{\"source\":\"slim\\\\-arrow\\\\-right\"}}}"}]}
RESULT: undefined
COMMAND: POST /session/295828e4dec9e4b50cbbfbe86b51fb47/element - {"using":"xpath","value":"//*[@id=\"__item129-__clone3502-imgNav\"]"}
RESULT: {"using":"xpath","value":"//*[@id=\"__item129-__clone3502-imgNav\"]"}
COMMAND: POST /session/295828e4dec9e4b50cbbfbe86b51fb47/element/f.CDFA6E493D27092015EBC4B367807A6B.d.2EB85D0E2A46B60A6AD43969E9D0F11B.e.8396/click - {}
RESULT: {}
COMMAND: POST /session/295828e4dec9e4b50cbbfbe86b51fb47/execute/async - {"script":"<script> [1562 bytes]","args":[{"selector":{"controlType":"sap.m.ObjectStatus","viewName":"etm.portal.ui.managecontracts.view.Detail","bindingPath":{"propertyPath":"LINK_TO_LOGISTICAL_STATUS/DESCRIPTION","modelName":"catalogModel"}},"wdio_ui5_key":"etmportal.ui.managecontracts.view.Detailsap.m.ObjectStatus{\"propertyPath\":\"LINK_TO_LOGISTICAL_STATUS/DESCRIPTION\",\"modelName\":\"catalogModel\"}"}]}
COMMAND: GET /session/295828e4dec9e4b50cbbfbe86b51fb47/screenshot - {}
RESULT: {"script":"<script> [1562 bytes]","args":[{"selector":{"controlType":"sap.m.ObjectStatus","viewName":"etm.portal.ui.managecontracts.view.Detail","bindingPath":{"propertyPath":"LINK_TO_LOGISTICAL_STATUS/DESCRIPTION","modelName":"catalogModel"}},"wdio_ui5_key":"etmportal.ui.managecontracts.view.Detailsap.m.ObjectStatus{\"propertyPath\":\"LINK_TO_LOGISTICAL_STATUS/DESCRIPTION\",\"modelName\":\"catalogModel\"}"}]}
RESULT: undefined
COMMAND: POST /session/295828e4dec9e4b50cbbfbe86b51fb47/execute/async - {"script":"<script> [6424 bytes]","args":[{"element-6066-11e4-a52e-4f735466cecf":"f.CDFA6E493D27092015EBC4B367807A6B.d.2EB85D0E2A46B60A6AD43969E9D0F11B.e.8428"},"getText",[]]}
RESULT: {}
RESULT: {"script":"<script> [6424 bytes]","args":[{"element-6066-11e4-a52e-4f735466cecf":"f.CDFA6E493D27092015EBC4B367807A6B.d.2EB85D0E2A46B60A6AD43969E9D0F11B.e.8428"},"getText",[]]}
]]></system-out>
    </testcase>
    <testcase classname="chrome.135_0_7049_42.windows.Standard_contract_close-reopen_US111278" name="Should reopen the contract" time="10.233">
      <system-out><![CDATA[
COMMAND: POST /session/295828e4dec9e4b50cbbfbe86b51fb47/execute/async - {"script":"<script> [1562 bytes]","args":[{"selector":{"id":"openContractBtn","viewName":"etm.portal.ui.managecontracts.view.Detail"},"wdio_ui5_key":"openContractBtnetmportal.ui.managecontracts.view.Detail"}]}
RESULT: {"script":"<script> [1562 bytes]","args":[{"selector":{"id":"openContractBtn","viewName":"etm.portal.ui.managecontracts.view.Detail"},"wdio_ui5_key":"openContractBtnetmportal.ui.managecontracts.view.Detail"}]}
RESULT: undefined
COMMAND: POST /session/295828e4dec9e4b50cbbfbe86b51fb47/execute/async - {"script":"<script> [6424 bytes]","args":[{"element-6066-11e4-a52e-4f735466cecf":"f.CDFA6E493D27092015EBC4B367807A6B.d.2EB85D0E2A46B60A6AD43969E9D0F11B.e.8417"},"getEnabled",[]]}
RESULT: {"script":"<script> [6424 bytes]","args":[{"element-6066-11e4-a52e-4f735466cecf":"f.CDFA6E493D27092015EBC4B367807A6B.d.2EB85D0E2A46B60A6AD43969E9D0F11B.e.8417"},"getEnabled",[]]}
COMMAND: POST /session/295828e4dec9e4b50cbbfbe86b51fb47/element - {"using":"xpath","value":"//bdi[contains(text(), \"Edit\")]"}
RESULT: {"using":"xpath","value":"//bdi[contains(text(), \"Edit\")]"}
COMMAND: POST /session/295828e4dec9e4b50cbbfbe86b51fb47/element - {"using":"xpath","value":"//bdi[contains(text(), \"Edit\")]"}
RESULT: undefined
COMMAND: POST /session/295828e4dec9e4b50cbbfbe86b51fb47/element - {"using":"xpath","value":"//*[@id=\"__xmlview64--openContractBtn\"]"}
RESULT: {"using":"xpath","value":"//*[@id=\"__xmlview64--openContractBtn\"]"}
COMMAND: POST /session/295828e4dec9e4b50cbbfbe86b51fb47/element/f.CDFA6E493D27092015EBC4B367807A6B.d.2EB85D0E2A46B60A6AD43969E9D0F11B.e.8417/click - {}
RESULT: {"using":"xpath","value":"//bdi[contains(text(), \"Edit\")]"}
RESULT: {}
COMMAND: POST /session/295828e4dec9e4b50cbbfbe86b51fb47/execute/async - {"script":"<script> [1562 bytes]","args":[{"selector":{"controlType":"sap.m.Text","properties":{"text":"Contract has been reopened successfully"},"searchOpenDialogs":true},"wdio_ui5_key":"sapm.Text{\"text\":\"Contract has been reopened successfully\"}"}]}
COMMAND: GET /session/295828e4dec9e4b50cbbfbe86b51fb47/screenshot - {}
RESULT: {"script":"<script> [1562 bytes]","args":[{"selector":{"controlType":"sap.m.Text","properties":{"text":"Contract has been reopened successfully"},"searchOpenDialogs":true},"wdio_ui5_key":"sapm.Text{\"text\":\"Contract has been reopened successfully\"}"}]}
RESULT: undefined
COMMAND: POST /session/295828e4dec9e4b50cbbfbe86b51fb47/execute/async - {"script":"<script> [6424 bytes]","args":[{"element-6066-11e4-a52e-4f735466cecf":"f.CDFA6E493D27092015EBC4B367807A6B.d.2EB85D0E2A46B60A6AD43969E9D0F11B.e.8431"},"getText",[]]}
RESULT: {}
RESULT: {"script":"<script> [6424 bytes]","args":[{"element-6066-11e4-a52e-4f735466cecf":"f.CDFA6E493D27092015EBC4B367807A6B.d.2EB85D0E2A46B60A6AD43969E9D0F11B.e.8431"},"getText",[]]}
COMMAND: POST /session/295828e4dec9e4b50cbbfbe86b51fb47/element - {"using":"xpath","value":"//bdi[contains(text(), \"OK\")]"}
RESULT: {"using":"xpath","value":"//bdi[contains(text(), \"OK\")]"}
COMMAND: POST /session/295828e4dec9e4b50cbbfbe86b51fb47/element/f.CDFA6E493D27092015EBC4B367807A6B.d.2EB85D0E2A46B60A6AD43969E9D0F11B.e.8432/click - {}
RESULT: {}
COMMAND: GET /session/295828e4dec9e4b50cbbfbe86b51fb47/screenshot - {}
RESULT: {}
COMMAND: POST /session/295828e4dec9e4b50cbbfbe86b51fb47/element - {"using":"xpath","value":"//bdi[contains(text(), \"Edit\")]"}
RESULT: undefined
COMMAND: POST /session/295828e4dec9e4b50cbbfbe86b51fb47/execute/async - {"script":"<script> [6424 bytes]","args":[{"element-6066-11e4-a52e-4f735466cecf":"f.CDFA6E493D27092015EBC4B367807A6B.d.2EB85D0E2A46B60A6AD43969E9D0F11B.e.8114"},"getEnabled",[]]}
RESULT: {"using":"xpath","value":"//bdi[contains(text(), \"Edit\")]"}
COMMAND: POST /session/295828e4dec9e4b50cbbfbe86b51fb47/execute/sync - {"script":"<script> [8489 bytes]","args":[{"element-6066-11e4-a52e-4f735466cecf":"f.CDFA6E493D27092015EBC4B367807A6B.d.2EB85D0E2A46B60A6AD43969E9D0F11B.e.8433","ELEMENT":"f.CDFA6E493D27092015EBC4B367807A6B.d.2EB85D0E2A46B60A6AD43969E9D0F11B.e.8433"}]}
COMMAND: POST /session/295828e4dec9e4b50cbbfbe86b51fb47/execute/async - {"script":"<script> [1562 bytes]","args":[{"selector":{"id":"closeContractBtn","viewName":"etm.portal.ui.managecontracts.view.Detail"},"wdio_ui5_key":"closeContractBtnetmportal.ui.managecontracts.view.Detail"}]}
RESULT: {"script":"<script> [8489 bytes]","args":[{"element-6066-11e4-a52e-4f735466cecf":"f.CDFA6E493D27092015EBC4B367807A6B.d.2EB85D0E2A46B60A6AD43969E9D0F11B.e.8433","ELEMENT":"f.CDFA6E493D27092015EBC4B367807A6B.d.2EB85D0E2A46B60A6AD43969E9D0F11B.e.8433"}]}
COMMAND: GET /session/295828e4dec9e4b50cbbfbe86b51fb47/screenshot - {}
RESULT: {"script":"<script> [1562 bytes]","args":[{"selector":{"id":"closeContractBtn","viewName":"etm.portal.ui.managecontracts.view.Detail"},"wdio_ui5_key":"closeContractBtnetmportal.ui.managecontracts.view.Detail"}]}
COMMAND: POST /session/295828e4dec9e4b50cbbfbe86b51fb47/execute/async - {"script":"<script> [6424 bytes]","args":[{"element-6066-11e4-a52e-4f735466cecf":"f.CDFA6E493D27092015EBC4B367807A6B.d.2EB85D0E2A46B60A6AD43969E9D0F11B.e.8434"},"getEnabled",[]]}
RESULT: {}
RESULT: {"script":"<script> [6424 bytes]","args":[{"element-6066-11e4-a52e-4f735466cecf":"f.CDFA6E493D27092015EBC4B367807A6B.d.2EB85D0E2A46B60A6AD43969E9D0F11B.e.8434"},"getEnabled",[]]}
]]></system-out>
    </testcase>
    <testcase classname="chrome.135_0_7049_42.windows.Standard_contract_close-reopen_US111278" name="Should verify for multiple statuses that open button is not visible" time="87.551">
      <system-out><![CDATA[
COMMAND: POST /session/295828e4dec9e4b50cbbfbe86b51fb47/execute/async - {"script":"<script> [1562 bytes]","args":[{"selector":{"controlType":"sap.ui.core.Icon","viewName":"etm.portal.ui.managecontracts.view.Detail","properties":{"src":{"regex":{"source":"decline"}}}},"wdio_ui5_key":"etmportal.ui.managecontracts.view.Detailsap.ui.core.Icon{\"src\":{\"regex\":{\"source\":\"decline\"}}}"}]}
RESULT: {"script":"<script> [1562 bytes]","args":[{"selector":{"controlType":"sap.ui.core.Icon","viewName":"etm.portal.ui.managecontracts.view.Detail","properties":{"src":{"regex":{"source":"decline"}}}},"wdio_ui5_key":"etmportal.ui.managecontracts.view.Detailsap.ui.core.Icon{\"src\":{\"regex\":{\"source\":\"decline\"}}}"}]}
RESULT: undefined
COMMAND: POST /session/295828e4dec9e4b50cbbfbe86b51fb47/element - {"using":"xpath","value":"//*[@id=\"__xmlview64--closeColumnBtn-img\"]"}
RESULT: {"using":"xpath","value":"//*[@id=\"__xmlview64--closeColumnBtn-img\"]"}
COMMAND: POST /session/295828e4dec9e4b50cbbfbe86b51fb47/element/f.CDFA6E493D27092015EBC4B367807A6B.d.2EB85D0E2A46B60A6AD43969E9D0F11B.e.8414/click - {}
RESULT: {}
COMMAND: GET /session/295828e4dec9e4b50cbbfbe86b51fb47/screenshot - {}
COMMAND: POST /session/295828e4dec9e4b50cbbfbe86b51fb47/element - {"using":"xpath","value":"//div[contains(@id ,\"smartContractFilterBar-btnBasicSearch-reset\")]"}
RESULT: {}
RESULT: {"using":"xpath","value":"//div[contains(@id ,\"smartContractFilterBar-btnBasicSearch-reset\")]"}
COMMAND: POST /session/295828e4dec9e4b50cbbfbe86b51fb47/element/f.CDFA6E493D27092015EBC4B367807A6B.d.2EB85D0E2A46B60A6AD43969E9D0F11B.e.8416/click - {}
RESULT: {}
COMMAND: GET /session/295828e4dec9e4b50cbbfbe86b51fb47/screenshot - {}
COMMAND: POST /session/295828e4dec9e4b50cbbfbe86b51fb47/execute/async - {"script":"<script> [1562 bytes]","args":[{"selector":{"controlType":"sap.ui.core.Icon","viewName":"etm.portal.ui.managecontracts.view.Master","properties":{"src":{"regex":{"source":"slim\\-arrow\\-down"}}},"ancestor":{"id":"smartContractStatusFilter","viewName":"etm.portal.ui.managecontracts.view.Master"}},"wdio_ui5_key":"etmportal.ui.managecontracts.view.Mastersap.ui.core.Icon{\"src\":{\"regex\":{\"source\":\"slim\\\\-arrow\\\\-down\"}}}{\"id\":\"smartContractStatusFilter\",\"viewName\":\"etm.portal.ui.managecontracts.view.Master\"}"}]}
RESULT: {}
RESULT: {"script":"<script> [1562 bytes]","args":[{"selector":{"controlType":"sap.ui.core.Icon","viewName":"etm.portal.ui.managecontracts.view.Master","properties":{"src":{"regex":{"source":"slim\\-arrow\\-down"}}},"ancestor":{"id":"smartContractStatusFilter","viewName":"etm.portal.ui.managecontracts.view.Master"}},"wdio_ui5_key":"etmportal.ui.managecontracts.view.Mastersap.ui.core.Icon{\"src\":{\"regex\":{\"source\":\"slim\\\\-arrow\\\\-down\"}}}{\"id\":\"smartContractStatusFilter\",\"viewName\":\"etm.portal.ui.managecontracts.view.Master\"}"}]}
RESULT: undefined
COMMAND: POST /session/295828e4dec9e4b50cbbfbe86b51fb47/element - {"using":"xpath","value":"//*[@id=\"__xmlview63--smartContractStatusFilter-arrow\"]"}
RESULT: {"using":"xpath","value":"//*[@id=\"__xmlview63--smartContractStatusFilter-arrow\"]"}
COMMAND: POST /session/295828e4dec9e4b50cbbfbe86b51fb47/element/f.CDFA6E493D27092015EBC4B367807A6B.d.2EB85D0E2A46B60A6AD43969E9D0F11B.e.8482/click - {}
RESULT: {}
COMMAND: POST /session/295828e4dec9e4b50cbbfbe86b51fb47/execute/async - {"script":"<script> [1562 bytes]","args":[{"selector":{"controlType":"sap.m.CheckBox","viewName":"etm.portal.ui.managecontracts.view.Master","properties":{"editable":true},"searchOpenDialogs":true,"ancestor":{"controlType":"sap.m.StandardListItem","viewName":"etm.portal.ui.managecontracts.view.Master","properties":{"title":"partial provided"},"searchOpenDialogs":true},"interaction":{"idSuffix":"CbBg"}},"wdio_ui5_key":"etmportal.ui.managecontracts.view.Mastersap.m.CheckBox{\"editable\":true}{\"controlType\":\"sap.m.StandardListItem\",\"viewName\":\"etm.portal.ui.managecontracts.view.Master\",\"properties\":{\"title\":\"partial provided\"},\"searchOpenDialogs\":true}"}]}
COMMAND: GET /session/295828e4dec9e4b50cbbfbe86b51fb47/screenshot - {}
RESULT: {"script":"<script> [1562 bytes]","args":[{"selector":{"controlType":"sap.m.CheckBox","viewName":"etm.portal.ui.managecontracts.view.Master","properties":{"editable":true},"searchOpenDialogs":true,"ancestor":{"controlType":"sap.m.StandardListItem","viewName":"etm.portal.ui.managecontracts.view.Master","properties":{"title":"partial provided"},"searchOpenDialogs":true},"interaction":{"idSuffix":"CbBg"}},"wdio_ui5_key":"etmportal.ui.managecontracts.view.Mastersap.m.CheckBox{\"editable\":true}{\"controlType\":\"sap.m.StandardListItem\",\"viewName\":\"etm.portal.ui.managecontracts.view.Master\",\"properties\":{\"title\":\"partial provided\"},\"searchOpenDialogs\":true}"}]}
RESULT: undefined
COMMAND: POST /session/295828e4dec9e4b50cbbfbe86b51fb47/element - {"using":"xpath","value":"//*[@id=\"__item1244-selectMulti\"]"}
RESULT: {}
RESULT: {"using":"xpath","value":"//*[@id=\"__item1244-selectMulti\"]"}
COMMAND: POST /session/295828e4dec9e4b50cbbfbe86b51fb47/element/f.CDFA6E493D27092015EBC4B367807A6B.d.2EB85D0E2A46B60A6AD43969E9D0F11B.e.8493/click - {}
RESULT: {}
COMMAND: GET /session/295828e4dec9e4b50cbbfbe86b51fb47/screenshot - {}
RESULT: {}
COMMAND: POST /session/295828e4dec9e4b50cbbfbe86b51fb47/element - {"using":"xpath","value":"(//span[contains(@title ,\"Navigation\")])[2]"}
RESULT: {"using":"xpath","value":"(//span[contains(@title ,\"Navigation\")])[2]"}
COMMAND: POST /session/295828e4dec9e4b50cbbfbe86b51fb47/element/f.CDFA6E493D27092015EBC4B367807A6B.d.2EB85D0E2A46B60A6AD43969E9D0F11B.e.8511/click - {}
RESULT: {}
COMMAND: GET /session/295828e4dec9e4b50cbbfbe86b51fb47/screenshot - {}
RESULT: {}
COMMAND: POST /session/295828e4dec9e4b50cbbfbe86b51fb47/element - {"using":"xpath","value":"//bdi[contains(@id ,\"closeContractBtn-BDI-content\")]"}
RESULT: {"using":"xpath","value":"//bdi[contains(@id ,\"closeContractBtn-BDI-content\")]"}
COMMAND: POST /session/295828e4dec9e4b50cbbfbe86b51fb47/element - {"using":"xpath","value":"//bdi[contains(@id ,\"closeContractBtn-BDI-content\")]"}
RESULT: undefined
COMMAND: POST /session/295828e4dec9e4b50cbbfbe86b51fb47/element - {"using":"xpath","value":"//*[@id=\"__xmlview64--closeColumnBtn-img\"]"}
RESULT: {"using":"xpath","value":"//*[@id=\"__xmlview64--closeColumnBtn-img\"]"}
COMMAND: POST /session/295828e4dec9e4b50cbbfbe86b51fb47/element/f.CDFA6E493D27092015EBC4B367807A6B.d.2EB85D0E2A46B60A6AD43969E9D0F11B.e.8414/click - {}
RESULT: {"using":"xpath","value":"//bdi[contains(@id ,\"closeContractBtn-BDI-content\")]"}
RESULT: {}
COMMAND: GET /session/295828e4dec9e4b50cbbfbe86b51fb47/screenshot - {}
COMMAND: POST /session/295828e4dec9e4b50cbbfbe86b51fb47/refresh - {}
RESULT: {}
RESULT: {}
COMMAND: GET /session/295828e4dec9e4b50cbbfbe86b51fb47/screenshot - {}
RESULT: {}
COMMAND: POST /session/295828e4dec9e4b50cbbfbe86b51fb47/refresh - {}
RESULT: {}
COMMAND: GET /session/295828e4dec9e4b50cbbfbe86b51fb47/screenshot - {}
COMMAND: POST /session/295828e4dec9e4b50cbbfbe86b51fb47/execute/async - {"script":"<script> [189 bytes]","args":[]}
RESULT: {}
RESULT: {"script":"<script> [189 bytes]","args":[]}
COMMAND: POST /session/295828e4dec9e4b50cbbfbe86b51fb47/execute/async - {"script":"<script> [123 bytes]","args":[]}
RESULT: {"script":"<script> [123 bytes]","args":[]}
COMMAND: POST /session/295828e4dec9e4b50cbbfbe86b51fb47/timeouts - {"script":"<number>"}
RESULT: {"script":"<number>"}
COMMAND: GET /session/295828e4dec9e4b50cbbfbe86b51fb47/timeouts - {}
RESULT: {}
RESULT: undefined
COMMAND: POST /session/295828e4dec9e4b50cbbfbe86b51fb47/execute/async - {"script":"<script> [2676 bytes]","args":[]}
RESULT: {"script":"<script> [2676 bytes]","args":[]}
COMMAND: POST /session/295828e4dec9e4b50cbbfbe86b51fb47/execute/async - {"script":"<script> [2342 bytes]","args":[{"protocol":"http","hostname":"0.0.0.0","path":"/","capabilities":{"browserName":"chrome","goog:chromeOptions":{"binary":"C:\\Program Files\\Google\\Chrome\\Application\\chrome.exe","args":["--start-maximized"]}},"logLevel":"warn","connectionRetryTimeout":120000,"connectionRetryCount":3,"logLevels":{},"enableDirectConnect":true,"strictSSL":true,"_":"65 more keys: [\"cacheDir\",\"port\",\"requestedCapabilities\",\"automationProtocol\",\"baseUrl\",\"waitforInterval\",\"waitforTimeout\",\"onReload\",\"beforeCommand\",\"afterCommand\",\"rootDir\",\"specs\",\"suites\",\"exclude\",\"groupLogsByTestSpec\",\"excludeDriverLogs\",\"bail\",\"framework\",\"reporters\",\"services\",\"maxInstances\",\"maxInstancesPerCapability\",\"injectGlobals\",\"filesToWatch\",\"execArgv\",\"runnerEnv\",\"runner\",\"shard\",\"specFileRetries\",\"specFileRetriesDelay\",\"specFileRetriesDeferred\",\"reporterSyncInterval\",\"reporterSyncTimeout\",\"cucumberFeaturesWithLineNumbers\",\"autoCompileOpts\",\"mochaOpts\",\"jasmineOpts\",\"cucumberOpts\",\"onPrepare\",\"onWorkerStart\",\"onWorkerEnd\",\"before\",\"beforeSession\",\"beforeSuite\",\"beforeHook\",\"beforeTest\",\"afterTest\",\"afterHook\",\"afterSuite\",\"afterSession\",\"after\",\"onComplete\",\"beforeAssertion\",\"afterAssertion\",\"beforeFeature\",\"beforeScenario\",\"beforeStep\",\"afterStep\",\"afterScenario\",\"afterFeature\",\"_\",\"suite\",\"$0\",\"ignoredWorkerServices\",\"wdi5\"]"}]}
RESULT: undefined
RESULT: undefined
RESULT: {"script":"<script> [2342 bytes]","args":[{"protocol":"http","hostname":"0.0.0.0","path":"/","capabilities":{"browserName":"chrome","goog:chromeOptions":{"binary":"C:\\Program Files\\Google\\Chrome\\Application\\chrome.exe","args":["--start-maximized"]}},"logLevel":"warn","connectionRetryTimeout":120000,"connectionRetryCount":3,"logLevels":{},"enableDirectConnect":true,"strictSSL":true,"_":"65 more keys: [\"cacheDir\",\"port\",\"requestedCapabilities\",\"automationProtocol\",\"baseUrl\",\"waitforInterval\",\"waitforTimeout\",\"onReload\",\"beforeCommand\",\"afterCommand\",\"rootDir\",\"specs\",\"suites\",\"exclude\",\"groupLogsByTestSpec\",\"excludeDriverLogs\",\"bail\",\"framework\",\"reporters\",\"services\",\"maxInstances\",\"maxInstancesPerCapability\",\"injectGlobals\",\"filesToWatch\",\"execArgv\",\"runnerEnv\",\"runner\",\"shard\",\"specFileRetries\",\"specFileRetriesDelay\",\"specFileRetriesDeferred\",\"reporterSyncInterval\",\"reporterSyncTimeout\",\"cucumberFeaturesWithLineNumbers\",\"autoCompileOpts\",\"mochaOpts\",\"jasmineOpts\",\"cucumberOpts\",\"onPrepare\",\"onWorkerStart\",\"onWorkerEnd\",\"before\",\"beforeSession\",\"beforeSuite\",\"beforeHook\",\"beforeTest\",\"afterTest\",\"afterHook\",\"afterSuite\",\"afterSession\",\"after\",\"onComplete\",\"beforeAssertion\",\"afterAssertion\",\"beforeFeature\",\"beforeScenario\",\"beforeStep\",\"afterStep\",\"afterScenario\",\"afterFeature\",\"_\",\"suite\",\"$0\",\"ignoredWorkerServices\",\"wdi5\"]"}]}
COMMAND: POST /session/295828e4dec9e4b50cbbfbe86b51fb47/execute/async - {"script":"<script> [21126 bytes]","args":[35000]}
RESULT: {"script":"<script> [21126 bytes]","args":[35000]}
COMMAND: POST /session/295828e4dec9e4b50cbbfbe86b51fb47/execute/async - {"script":"<script> [1562 bytes]","args":[{"selector":{"controlType":"sap.ui.core.Icon","viewName":"etm.portal.ui.managecontracts.view.Master","properties":{"src":{"regex":{"source":"slim\\-arrow\\-down"}}},"ancestor":{"id":"smartContractStatusFilter","viewName":"etm.portal.ui.managecontracts.view.Master"}},"wdio_ui5_key":"etmportal.ui.managecontracts.view.Mastersap.ui.core.Icon{\"src\":{\"regex\":{\"source\":\"slim\\\\-arrow\\\\-down\"}}}{\"id\":\"smartContractStatusFilter\",\"viewName\":\"etm.portal.ui.managecontracts.view.Master\"}"}]}
RESULT: {"script":"<script> [1562 bytes]","args":[{"selector":{"controlType":"sap.ui.core.Icon","viewName":"etm.portal.ui.managecontracts.view.Master","properties":{"src":{"regex":{"source":"slim\\-arrow\\-down"}}},"ancestor":{"id":"smartContractStatusFilter","viewName":"etm.portal.ui.managecontracts.view.Master"}},"wdio_ui5_key":"etmportal.ui.managecontracts.view.Mastersap.ui.core.Icon{\"src\":{\"regex\":{\"source\":\"slim\\\\-arrow\\\\-down\"}}}{\"id\":\"smartContractStatusFilter\",\"viewName\":\"etm.portal.ui.managecontracts.view.Master\"}"}]}
RESULT: undefined
COMMAND: POST /session/295828e4dec9e4b50cbbfbe86b51fb47/element - {"using":"xpath","value":"//*[@id=\"__xmlview0--smartContractStatusFilter-arrow\"]"}
RESULT: {"using":"xpath","value":"//*[@id=\"__xmlview0--smartContractStatusFilter-arrow\"]"}
COMMAND: POST /session/295828e4dec9e4b50cbbfbe86b51fb47/element/f.CDFA6E493D27092015EBC4B367807A6B.d.8BCE4DC5642EC90BB5D0CBEFCB20B410.e.8918/click - {}
RESULT: {}
COMMAND: GET /session/295828e4dec9e4b50cbbfbe86b51fb47/screenshot - {}
RESULT: {}
COMMAND: POST /session/295828e4dec9e4b50cbbfbe86b51fb47/execute/async - {"script":"<script> [1562 bytes]","args":[{"selector":{"controlType":"sap.m.CheckBox","viewName":"etm.portal.ui.managecontracts.view.Master","properties":{"editable":true},"searchOpenDialogs":true,"ancestor":{"controlType":"sap.m.StandardListItem","viewName":"etm.portal.ui.managecontracts.view.Master","properties":{"title":"partial billed"},"searchOpenDialogs":true},"interaction":{"idSuffix":"CbBg"}},"wdio_ui5_key":"etmportal.ui.managecontracts.view.Mastersap.m.CheckBox{\"editable\":true}{\"controlType\":\"sap.m.StandardListItem\",\"viewName\":\"etm.portal.ui.managecontracts.view.Master\",\"properties\":{\"title\":\"partial billed\"},\"searchOpenDialogs\":true}"}]}
RESULT: {"script":"<script> [1562 bytes]","args":[{"selector":{"controlType":"sap.m.CheckBox","viewName":"etm.portal.ui.managecontracts.view.Master","properties":{"editable":true},"searchOpenDialogs":true,"ancestor":{"controlType":"sap.m.StandardListItem","viewName":"etm.portal.ui.managecontracts.view.Master","properties":{"title":"partial billed"},"searchOpenDialogs":true},"interaction":{"idSuffix":"CbBg"}},"wdio_ui5_key":"etmportal.ui.managecontracts.view.Mastersap.m.CheckBox{\"editable\":true}{\"controlType\":\"sap.m.StandardListItem\",\"viewName\":\"etm.portal.ui.managecontracts.view.Master\",\"properties\":{\"title\":\"partial billed\"},\"searchOpenDialogs\":true}"}]}
RESULT: undefined
COMMAND: POST /session/295828e4dec9e4b50cbbfbe86b51fb47/element - {"using":"xpath","value":"//*[@id=\"__item41-selectMulti\"]"}
RESULT: {"using":"xpath","value":"//*[@id=\"__item41-selectMulti\"]"}
COMMAND: POST /session/295828e4dec9e4b50cbbfbe86b51fb47/element/f.CDFA6E493D27092015EBC4B367807A6B.d.8BCE4DC5642EC90BB5D0CBEFCB20B410.e.8928/click - {}
RESULT: {}
COMMAND: GET /session/295828e4dec9e4b50cbbfbe86b51fb47/screenshot - {}
RESULT: {}
COMMAND: POST /session/295828e4dec9e4b50cbbfbe86b51fb47/element - {"using":"xpath","value":"(//span[contains(@title ,\"Navigation\")])[2]"}
RESULT: {"using":"xpath","value":"(//span[contains(@title ,\"Navigation\")])[2]"}
COMMAND: POST /session/295828e4dec9e4b50cbbfbe86b51fb47/element/f.CDFA6E493D27092015EBC4B367807A6B.d.8BCE4DC5642EC90BB5D0CBEFCB20B410.e.8965/click - {}
RESULT: {}
COMMAND: GET /session/295828e4dec9e4b50cbbfbe86b51fb47/screenshot - {}
RESULT: {}
COMMAND: POST /session/295828e4dec9e4b50cbbfbe86b51fb47/element - {"using":"xpath","value":"//bdi[contains(@id ,\"closeContractBtn-BDI-content\")]"}
COMMAND: POST /session/295828e4dec9e4b50cbbfbe86b51fb47/element - {"using":"css selector","value":"#shell-header-logo"}
RESULT: {"using":"xpath","value":"//bdi[contains(@id ,\"closeContractBtn-BDI-content\")]"}
RESULT: {"using":"css selector","value":"#shell-header-logo"}
COMMAND: POST /session/295828e4dec9e4b50cbbfbe86b51fb47/element/f.CDFA6E493D27092015EBC4B367807A6B.d.8BCE4DC5642EC90BB5D0CBEFCB20B410.e.8842/click - {}
RESULT: {}
COMMAND: GET /session/295828e4dec9e4b50cbbfbe86b51fb47/screenshot - {}
RESULT: {}
]]></system-out>
    </testcase>
  </testsuite>
  <testsuite timestamp="2025-04-15T18:09:01" time="54.726" tests="1" failures="0" errors="0" skipped="0">
    <properties>
      <property name="specId" value="0"/>
      <property name="suiteName" value="Standard contract decline US151279"/>
      <property name="capabilities" value="chrome.135_0_7049_42.windows"/>
      <property name="file" value="file:///D:/a/1/s/test/specs/R2C/standard-contract-decline.spec.js"/>
    </properties>
    <testcase classname="chrome.135_0_7049_42.windows.Standard_contract_decline_US151279" name="Should decline a contract" time="51.107">
      <system-out><![CDATA[
COMMAND: POST /session/295828e4dec9e4b50cbbfbe86b51fb47/execute/async - {"script":"<script> [1562 bytes]","args":[{"selector":{"controlType":"sap.m.GenericTile","properties":{"header":"Manage Contracts"}},"wdio_ui5_key":"sapm.GenericTile{\"header\":\"Manage Contracts\"}"}]}
RESULT: {"script":"<script> [1562 bytes]","args":[{"selector":{"controlType":"sap.m.GenericTile","properties":{"header":"Manage Contracts"}},"wdio_ui5_key":"sapm.GenericTile{\"header\":\"Manage Contracts\"}"}]}
RESULT: undefined
COMMAND: POST /session/295828e4dec9e4b50cbbfbe86b51fb47/element - {"using":"xpath","value":"//*[@id=\"__tile131\"]"}
RESULT: {"using":"xpath","value":"//*[@id=\"__tile131\"]"}
COMMAND: POST /session/295828e4dec9e4b50cbbfbe86b51fb47/element/f.CDFA6E493D27092015EBC4B367807A6B.d.8BCE4DC5642EC90BB5D0CBEFCB20B410.e.9295/click - {}
RESULT: {}
COMMAND: GET /session/295828e4dec9e4b50cbbfbe86b51fb47/screenshot - {}
RESULT: {}
RESULT: undefined
RESULT: undefined
COMMAND: POST /session/295828e4dec9e4b50cbbfbe86b51fb47/element - {"using":"xpath","value":"//input[contains(@id ,\"smartContractFilterBar-btnBasicSearch-I\")]"}
RESULT: {"using":"xpath","value":"//input[contains(@id ,\"smartContractFilterBar-btnBasicSearch-I\")]"}
COMMAND: POST /session/295828e4dec9e4b50cbbfbe86b51fb47/element/f.CDFA6E493D27092015EBC4B367807A6B.d.8BCE4DC5642EC90BB5D0CBEFCB20B410.e.9305/clear - {}
RESULT: {}
COMMAND: POST /session/295828e4dec9e4b50cbbfbe86b51fb47/element/f.CDFA6E493D27092015EBC4B367807A6B.d.8BCE4DC5642EC90BB5D0CBEFCB20B410.e.9305/value - {"text":"10307"}
COMMAND: GET /session/295828e4dec9e4b50cbbfbe86b51fb47/screenshot - {}
RESULT: {"text":"10307"}
COMMAND: POST /session/295828e4dec9e4b50cbbfbe86b51fb47/actions - {"actions":[{"id":"action43","type":"key","parameters":{},"actions":[{"type":"keyDown","value":""},{"type":"pause","duration":10},{"type":"keyUp","value":""}]}]}
COMMAND: GET /session/295828e4dec9e4b50cbbfbe86b51fb47/screenshot - {}
RESULT: {}
RESULT: {"actions":[{"id":"action43","type":"key","parameters":{},"actions":[{"type":"keyDown","value":""},{"type":"pause","duration":10},{"type":"keyUp","value":""}]}]}
COMMAND: GET /session/295828e4dec9e4b50cbbfbe86b51fb47/screenshot - {}
RESULT: {}
RESULT: {}
COMMAND: POST /session/295828e4dec9e4b50cbbfbe86b51fb47/execute/async - {"script":"<script> [1562 bytes]","args":[{"selector":{"controlType":"sap.ui.core.Icon","viewName":"etm.portal.ui.managecontracts.view.Master","properties":{"src":{"regex":{"source":"slim\\-arrow\\-right"}}}},"wdio_ui5_key":"etmportal.ui.managecontracts.view.Mastersap.ui.core.Icon{\"src\":{\"regex\":{\"source\":\"slim\\\\-arrow\\\\-right\"}}}"}]}
RESULT: {"script":"<script> [1562 bytes]","args":[{"selector":{"controlType":"sap.ui.core.Icon","viewName":"etm.portal.ui.managecontracts.view.Master","properties":{"src":{"regex":{"source":"slim\\-arrow\\-right"}}}},"wdio_ui5_key":"etmportal.ui.managecontracts.view.Mastersap.ui.core.Icon{\"src\":{\"regex\":{\"source\":\"slim\\\\-arrow\\\\-right\"}}}"}]}
RESULT: undefined
COMMAND: POST /session/295828e4dec9e4b50cbbfbe86b51fb47/element - {"using":"xpath","value":"//*[@id=\"__item80-__clone207-imgNav\"]"}
RESULT: {"using":"xpath","value":"//*[@id=\"__item80-__clone207-imgNav\"]"}
COMMAND: POST /session/295828e4dec9e4b50cbbfbe86b51fb47/element/f.CDFA6E493D27092015EBC4B367807A6B.d.8BCE4DC5642EC90BB5D0CBEFCB20B410.e.9411/click - {}
RESULT: {}
COMMAND: GET /session/295828e4dec9e4b50cbbfbe86b51fb47/screenshot - {}
RESULT: {}
COMMAND: POST /session/295828e4dec9e4b50cbbfbe86b51fb47/execute/async - {"script":"<script> [1562 bytes]","args":[{"selector":{"id":"cancelContractBtn","viewName":"etm.portal.ui.managecontracts.view.Detail","interaction":{"idSuffix":"BDI-content"}},"wdio_ui5_key":"cancelContractBtnetmportal.ui.managecontracts.view.Detail"}]}
RESULT: {"script":"<script> [1562 bytes]","args":[{"selector":{"id":"cancelContractBtn","viewName":"etm.portal.ui.managecontracts.view.Detail","interaction":{"idSuffix":"BDI-content"}},"wdio_ui5_key":"cancelContractBtnetmportal.ui.managecontracts.view.Detail"}]}
RESULT: undefined
COMMAND: POST /session/295828e4dec9e4b50cbbfbe86b51fb47/element - {"using":"xpath","value":"//*[@id=\"__xmlview61--cancelContractBtn\"]"}
RESULT: {"using":"xpath","value":"//*[@id=\"__xmlview61--cancelContractBtn\"]"}
COMMAND: POST /session/295828e4dec9e4b50cbbfbe86b51fb47/element/f.CDFA6E493D27092015EBC4B367807A6B.d.8BCE4DC5642EC90BB5D0CBEFCB20B410.e.9527/click - {}
RESULT: {}
COMMAND: GET /session/295828e4dec9e4b50cbbfbe86b51fb47/screenshot - {}
RESULT: {}
COMMAND: POST /session/295828e4dec9e4b50cbbfbe86b51fb47/execute/async - {"script":"<script> [1562 bytes]","args":[{"selector":{"controlType":"sap.m.Text","properties":{"text":"Do you want to cancel the whole contract?"},"searchOpenDialogs":true},"wdio_ui5_key":"sapm.Text{\"text\":\"Do you want to cancel the whole contract?\"}"}]}
RESULT: {"script":"<script> [1562 bytes]","args":[{"selector":{"controlType":"sap.m.Text","properties":{"text":"Do you want to cancel the whole contract?"},"searchOpenDialogs":true},"wdio_ui5_key":"sapm.Text{\"text\":\"Do you want to cancel the whole contract?\"}"}]}
RESULT: undefined
COMMAND: POST /session/295828e4dec9e4b50cbbfbe86b51fb47/execute/async - {"script":"<script> [6424 bytes]","args":[{"element-6066-11e4-a52e-4f735466cecf":"f.CDFA6E493D27092015EBC4B367807A6B.d.8BCE4DC5642EC90BB5D0CBEFCB20B410.e.9573"},"getText",[]]}
RESULT: {"script":"<script> [6424 bytes]","args":[{"element-6066-11e4-a52e-4f735466cecf":"f.CDFA6E493D27092015EBC4B367807A6B.d.8BCE4DC5642EC90BB5D0CBEFCB20B410.e.9573"},"getText",[]]}
COMMAND: POST /session/295828e4dec9e4b50cbbfbe86b51fb47/element - {"using":"xpath","value":"//bdi[contains(text(), \"OK\")]"}
RESULT: {"using":"xpath","value":"//bdi[contains(text(), \"OK\")]"}
COMMAND: POST /session/295828e4dec9e4b50cbbfbe86b51fb47/element/f.CDFA6E493D27092015EBC4B367807A6B.d.8BCE4DC5642EC90BB5D0CBEFCB20B410.e.9574/click - {}
RESULT: {}
COMMAND: GET /session/295828e4dec9e4b50cbbfbe86b51fb47/screenshot - {}
RESULT: {}
COMMAND: POST /session/295828e4dec9e4b50cbbfbe86b51fb47/element - {"using":"xpath","value":"//input[contains(@id ,\"smartContractFilterBar-btnBasicSearch-I\")]"}
RESULT: {"using":"xpath","value":"//input[contains(@id ,\"smartContractFilterBar-btnBasicSearch-I\")]"}
COMMAND: POST /session/295828e4dec9e4b50cbbfbe86b51fb47/element/f.CDFA6E493D27092015EBC4B367807A6B.d.8BCE4DC5642EC90BB5D0CBEFCB20B410.e.9305/clear - {}
RESULT: {}
COMMAND: POST /session/295828e4dec9e4b50cbbfbe86b51fb47/element/f.CDFA6E493D27092015EBC4B367807A6B.d.8BCE4DC5642EC90BB5D0CBEFCB20B410.e.9305/value - {"text":"10307"}
COMMAND: GET /session/295828e4dec9e4b50cbbfbe86b51fb47/screenshot - {}
RESULT: {"text":"10307"}
COMMAND: POST /session/295828e4dec9e4b50cbbfbe86b51fb47/actions - {"actions":[{"id":"action44","type":"key","parameters":{},"actions":[{"type":"keyDown","value":""},{"type":"pause","duration":10},{"type":"keyUp","value":""}]}]}
COMMAND: GET /session/295828e4dec9e4b50cbbfbe86b51fb47/screenshot - {}
RESULT: {}
RESULT: {"actions":[{"id":"action44","type":"key","parameters":{},"actions":[{"type":"keyDown","value":""},{"type":"pause","duration":10},{"type":"keyUp","value":""}]}]}
COMMAND: GET /session/295828e4dec9e4b50cbbfbe86b51fb47/screenshot - {}
RESULT: {}
RESULT: {}
COMMAND: POST /session/295828e4dec9e4b50cbbfbe86b51fb47/execute/async - {"script":"<script> [1562 bytes]","args":[{"selector":{"controlType":"sap.m.ObjectStatus","viewName":"etm.portal.ui.managecontracts.view.Master","bindingPath":{"path":"/SmartContractHeaders('10307')","propertyPath":"STATUS_DESCRIPTION"}},"wdio_ui5_key":"etmportal.ui.managecontracts.view.Mastersap.m.ObjectStatus{\"path\":\"/SmartContractHeaders('10307')\",\"propertyPath\":\"STATUS_DESCRIPTION\"}"}]}
RESULT: {"script":"<script> [1562 bytes]","args":[{"selector":{"controlType":"sap.m.ObjectStatus","viewName":"etm.portal.ui.managecontracts.view.Master","bindingPath":{"path":"/SmartContractHeaders('10307')","propertyPath":"STATUS_DESCRIPTION"}},"wdio_ui5_key":"etmportal.ui.managecontracts.view.Mastersap.m.ObjectStatus{\"path\":\"/SmartContractHeaders('10307')\",\"propertyPath\":\"STATUS_DESCRIPTION\"}"}]}
RESULT: undefined
COMMAND: POST /session/295828e4dec9e4b50cbbfbe86b51fb47/execute/async - {"script":"<script> [6424 bytes]","args":[{"element-6066-11e4-a52e-4f735466cecf":"f.CDFA6E493D27092015EBC4B367807A6B.d.8BCE4DC5642EC90BB5D0CBEFCB20B410.e.9626"},"getText",[]]}
RESULT: {"script":"<script> [6424 bytes]","args":[{"element-6066-11e4-a52e-4f735466cecf":"f.CDFA6E493D27092015EBC4B367807A6B.d.8BCE4DC5642EC90BB5D0CBEFCB20B410.e.9626"},"getText",[]]}
RESULT: undefined
COMMAND: POST /session/295828e4dec9e4b50cbbfbe86b51fb47/element - {"using":"xpath","value":"//*[@id=\"__item80-__clone207-imgNav\"]"}
RESULT: {"using":"xpath","value":"//*[@id=\"__item80-__clone207-imgNav\"]"}
COMMAND: POST /session/295828e4dec9e4b50cbbfbe86b51fb47/element/f.CDFA6E493D27092015EBC4B367807A6B.d.8BCE4DC5642EC90BB5D0CBEFCB20B410.e.9411/click - {}
RESULT: {}
COMMAND: GET /session/295828e4dec9e4b50cbbfbe86b51fb47/screenshot - {}
RESULT: {}
COMMAND: POST /session/295828e4dec9e4b50cbbfbe86b51fb47/execute/async - {"script":"<script> [1562 bytes]","args":[{"selector":{"controlType":"sap.m.ObjectStatus","viewName":"etm.portal.ui.managecontracts.view.Detail","bindingPath":{"path":"/SmartContractItems(CONTRACT='10307',ITEM=10m,SUB_ITEM=0m)","propertyPath":"STATUS"}},"wdio_ui5_key":"etmportal.ui.managecontracts.view.Detailsap.m.ObjectStatus{\"path\":\"/SmartContractItems(CONTRACT='10307',ITEM=10m,SUB_ITEM=0m)\",\"propertyPath\":\"STATUS\"}"}]}
RESULT: {"script":"<script> [1562 bytes]","args":[{"selector":{"controlType":"sap.m.ObjectStatus","viewName":"etm.portal.ui.managecontracts.view.Detail","bindingPath":{"path":"/SmartContractItems(CONTRACT='10307',ITEM=10m,SUB_ITEM=0m)","propertyPath":"STATUS"}},"wdio_ui5_key":"etmportal.ui.managecontracts.view.Detailsap.m.ObjectStatus{\"path\":\"/SmartContractItems(CONTRACT='10307',ITEM=10m,SUB_ITEM=0m)\",\"propertyPath\":\"STATUS\"}"}]}
RESULT: undefined
COMMAND: POST /session/295828e4dec9e4b50cbbfbe86b51fb47/execute/async - {"script":"<script> [6424 bytes]","args":[{"element-6066-11e4-a52e-4f735466cecf":"f.CDFA6E493D27092015EBC4B367807A6B.d.8BCE4DC5642EC90BB5D0CBEFCB20B410.e.9652"},"getText",[]]}
RESULT: {"script":"<script> [6424 bytes]","args":[{"element-6066-11e4-a52e-4f735466cecf":"f.CDFA6E493D27092015EBC4B367807A6B.d.8BCE4DC5642EC90BB5D0CBEFCB20B410.e.9652"},"getText",[]]}
COMMAND: DELETE /session/295828e4dec9e4b50cbbfbe86b51fb47 - {}
RESULT: {}
]]></system-out>
    </testcase>
  </testsuite>
</testsuites>