<?xml version="1.0" encoding="UTF-8"?>
<testsuites tests="15" failures="8" errors="8" skipped="0">
  <testsuite timestamp="2025-04-29T16:36:19" time="1149.245" tests="6" failures="0" errors="0" skipped="0">
    <properties>
      <property name="specId" value="0" />
      <property name="suiteName" value="RU Inventory Mass State Change Multiple Items US151066" />
      <property name="capabilities" value="chrome.135_0_7049_96.windows" />
      <property name="file" value="file:///D:/a/1/s/test/specs/HTR/ru-inv-list-mass-state-change.spec.js" />
    </properties>
    <testcase classname="chrome.135_0_7049_96.windows.RU_Inventory_Mass_State_Change_Multiple_Items_US151066" name="Step 1 Should do a RU inventory mass state change on chosen yard 109 with the resources available one equipment multipart one tool pool" time="312.473">
      <system-out><![CDATA[
COMMAND: POST /session/dca704dd9986aef8fc007aa51f130b55/execute/async - {"script":"<script> [1562 bytes]","args":[{"selector":{"controlType":"sap.m.GenericTile","properties":{"header":"RU Inventory List"}},"wdio_ui5_key":"sapm.GenericTile{\"header\":\"RU Inventory List\"}"}]}
RESULT: {"script":"<script> [1562 bytes]","args":[{"selector":{"controlType":"sap.m.GenericTile","properties":{"header":"RU Inventory List"}},"wdio_ui5_key":"sapm.GenericTile{\"header\":\"RU Inventory List\"}"}]}
RESULT: undefined
COMMAND: POST /session/dca704dd9986aef8fc007aa51f130b55/element - {"using":"xpath","value":"//*[@id=\"__tile99\"]"}
RESULT: {"using":"xpath","value":"//*[@id=\"__tile99\"]"}
COMMAND: POST /session/dca704dd9986aef8fc007aa51f130b55/element/f.C7D1417AA12A98AF3022ACBAA3EFBB42.d.4A8BF049609E4FBA6BFDEAFDCDF5CAFB.e.275/click - {}
RESULT: {}
COMMAND: POST /session/dca704dd9986aef8fc007aa51f130b55/element - {"using":"xpath","value":"//button[contains(@id, \"massStateBtn\")]"}
COMMAND: GET /session/dca704dd9986aef8fc007aa51f130b55/screenshot - {}
RESULT: {"using":"xpath","value":"//button[contains(@id, \"massStateBtn\")]"}
COMMAND: POST /session/dca704dd9986aef8fc007aa51f130b55/elements - {"using":"xpath","value":"//button[contains(@id, \"massStateBtn\")]"}
RESULT: {}
RESULT: {"using":"xpath","value":"//button[contains(@id, \"massStateBtn\")]"}
COMMAND: POST /session/dca704dd9986aef8fc007aa51f130b55/elements - {"using":"xpath","value":"//button[contains(@id, \"massStateBtn\")]"}
RESULT: {"using":"xpath","value":"//button[contains(@id, \"massStateBtn\")]"}
COMMAND: POST /session/dca704dd9986aef8fc007aa51f130b55/elements - {"using":"xpath","value":"//button[contains(@id, \"massStateBtn\")]"}
RESULT: {"using":"xpath","value":"//button[contains(@id, \"massStateBtn\")]"}
COMMAND: POST /session/dca704dd9986aef8fc007aa51f130b55/elements - {"using":"xpath","value":"//button[contains(@id, \"massStateBtn\")]"}
RESULT: {"using":"xpath","value":"//button[contains(@id, \"massStateBtn\")]"}
COMMAND: POST /session/dca704dd9986aef8fc007aa51f130b55/elements - {"using":"xpath","value":"//button[contains(@id, \"massStateBtn\")]"}
RESULT: {"using":"xpath","value":"//button[contains(@id, \"massStateBtn\")]"}
COMMAND: POST /session/dca704dd9986aef8fc007aa51f130b55/elements - {"using":"xpath","value":"//button[contains(@id, \"massStateBtn\")]"}
RESULT: {"using":"xpath","value":"//button[contains(@id, \"massStateBtn\")]"}
COMMAND: POST /session/dca704dd9986aef8fc007aa51f130b55/elements - {"using":"xpath","value":"//button[contains(@id, \"massStateBtn\")]"}
RESULT: {"using":"xpath","value":"//button[contains(@id, \"massStateBtn\")]"}
COMMAND: POST /session/dca704dd9986aef8fc007aa51f130b55/elements - {"using":"xpath","value":"//button[contains(@id, \"massStateBtn\")]"}
RESULT: {"using":"xpath","value":"//button[contains(@id, \"massStateBtn\")]"}
COMMAND: POST /session/dca704dd9986aef8fc007aa51f130b55/elements - {"using":"xpath","value":"//button[contains(@id, \"massStateBtn\")]"}
RESULT: {"using":"xpath","value":"//button[contains(@id, \"massStateBtn\")]"}
COMMAND: POST /session/dca704dd9986aef8fc007aa51f130b55/elements - {"using":"xpath","value":"//button[contains(@id, \"massStateBtn\")]"}
RESULT: {"using":"xpath","value":"//button[contains(@id, \"massStateBtn\")]"}
COMMAND: POST /session/dca704dd9986aef8fc007aa51f130b55/elements - {"using":"xpath","value":"//button[contains(@id, \"massStateBtn\")]"}
RESULT: {"using":"xpath","value":"//button[contains(@id, \"massStateBtn\")]"}
COMMAND: POST /session/dca704dd9986aef8fc007aa51f130b55/elements - {"using":"xpath","value":"//button[contains(@id, \"massStateBtn\")]"}
RESULT: {"using":"xpath","value":"//button[contains(@id, \"massStateBtn\")]"}
COMMAND: POST /session/dca704dd9986aef8fc007aa51f130b55/elements - {"using":"xpath","value":"//button[contains(@id, \"massStateBtn\")]"}
RESULT: {"using":"xpath","value":"//button[contains(@id, \"massStateBtn\")]"}
COMMAND: POST /session/dca704dd9986aef8fc007aa51f130b55/elements - {"using":"xpath","value":"//button[contains(@id, \"massStateBtn\")]"}
RESULT: {"using":"xpath","value":"//button[contains(@id, \"massStateBtn\")]"}
COMMAND: POST /session/dca704dd9986aef8fc007aa51f130b55/elements - {"using":"xpath","value":"//button[contains(@id, \"massStateBtn\")]"}
RESULT: {"using":"xpath","value":"//button[contains(@id, \"massStateBtn\")]"}
COMMAND: POST /session/dca704dd9986aef8fc007aa51f130b55/elements - {"using":"xpath","value":"//button[contains(@id, \"massStateBtn\")]"}
RESULT: {"using":"xpath","value":"//button[contains(@id, \"massStateBtn\")]"}
COMMAND: POST /session/dca704dd9986aef8fc007aa51f130b55/elements - {"using":"xpath","value":"//button[contains(@id, \"massStateBtn\")]"}
RESULT: {"using":"xpath","value":"//button[contains(@id, \"massStateBtn\")]"}
COMMAND: POST /session/dca704dd9986aef8fc007aa51f130b55/elements - {"using":"xpath","value":"//button[contains(@id, \"massStateBtn\")]"}
RESULT: {"using":"xpath","value":"//button[contains(@id, \"massStateBtn\")]"}
COMMAND: POST /session/dca704dd9986aef8fc007aa51f130b55/elements - {"using":"xpath","value":"//button[contains(@id, \"massStateBtn\")]"}
RESULT: {"using":"xpath","value":"//button[contains(@id, \"massStateBtn\")]"}
COMMAND: POST /session/dca704dd9986aef8fc007aa51f130b55/elements - {"using":"xpath","value":"//button[contains(@id, \"massStateBtn\")]"}
RESULT: {"using":"xpath","value":"//button[contains(@id, \"massStateBtn\")]"}
COMMAND: POST /session/dca704dd9986aef8fc007aa51f130b55/elements - {"using":"xpath","value":"//button[contains(@id, \"massStateBtn\")]"}
RESULT: {"using":"xpath","value":"//button[contains(@id, \"massStateBtn\")]"}
COMMAND: POST /session/dca704dd9986aef8fc007aa51f130b55/elements - {"using":"xpath","value":"//button[contains(@id, \"massStateBtn\")]"}
RESULT: {"using":"xpath","value":"//button[contains(@id, \"massStateBtn\")]"}
COMMAND: POST /session/dca704dd9986aef8fc007aa51f130b55/elements - {"using":"xpath","value":"//button[contains(@id, \"massStateBtn\")]"}
RESULT: {"using":"xpath","value":"//button[contains(@id, \"massStateBtn\")]"}
COMMAND: POST /session/dca704dd9986aef8fc007aa51f130b55/elements - {"using":"xpath","value":"//button[contains(@id, \"massStateBtn\")]"}
RESULT: {"using":"xpath","value":"//button[contains(@id, \"massStateBtn\")]"}
COMMAND: POST /session/dca704dd9986aef8fc007aa51f130b55/elements - {"using":"xpath","value":"//button[contains(@id, \"massStateBtn\")]"}
RESULT: {"using":"xpath","value":"//button[contains(@id, \"massStateBtn\")]"}
COMMAND: POST /session/dca704dd9986aef8fc007aa51f130b55/elements - {"using":"xpath","value":"//button[contains(@id, \"massStateBtn\")]"}
RESULT: {"using":"xpath","value":"//button[contains(@id, \"massStateBtn\")]"}
COMMAND: POST /session/dca704dd9986aef8fc007aa51f130b55/elements - {"using":"xpath","value":"//button[contains(@id, \"massStateBtn\")]"}
RESULT: {"using":"xpath","value":"//button[contains(@id, \"massStateBtn\")]"}
COMMAND: POST /session/dca704dd9986aef8fc007aa51f130b55/elements - {"using":"xpath","value":"//button[contains(@id, \"massStateBtn\")]"}
RESULT: {"using":"xpath","value":"//button[contains(@id, \"massStateBtn\")]"}
COMMAND: POST /session/dca704dd9986aef8fc007aa51f130b55/elements - {"using":"xpath","value":"//button[contains(@id, \"massStateBtn\")]"}
RESULT: {"using":"xpath","value":"//button[contains(@id, \"massStateBtn\")]"}
COMMAND: POST /session/dca704dd9986aef8fc007aa51f130b55/elements - {"using":"xpath","value":"//button[contains(@id, \"massStateBtn\")]"}
RESULT: {"using":"xpath","value":"//button[contains(@id, \"massStateBtn\")]"}
COMMAND: POST /session/dca704dd9986aef8fc007aa51f130b55/elements - {"using":"xpath","value":"//button[contains(@id, \"massStateBtn\")]"}
RESULT: {"using":"xpath","value":"//button[contains(@id, \"massStateBtn\")]"}
COMMAND: POST /session/dca704dd9986aef8fc007aa51f130b55/elements - {"using":"xpath","value":"//button[contains(@id, \"massStateBtn\")]"}
RESULT: {"using":"xpath","value":"//button[contains(@id, \"massStateBtn\")]"}
COMMAND: POST /session/dca704dd9986aef8fc007aa51f130b55/elements - {"using":"xpath","value":"//button[contains(@id, \"massStateBtn\")]"}
RESULT: {"using":"xpath","value":"//button[contains(@id, \"massStateBtn\")]"}
COMMAND: POST /session/dca704dd9986aef8fc007aa51f130b55/elements - {"using":"xpath","value":"//button[contains(@id, \"massStateBtn\")]"}
RESULT: {"using":"xpath","value":"//button[contains(@id, \"massStateBtn\")]"}
COMMAND: POST /session/dca704dd9986aef8fc007aa51f130b55/elements - {"using":"xpath","value":"//button[contains(@id, \"massStateBtn\")]"}
RESULT: {"using":"xpath","value":"//button[contains(@id, \"massStateBtn\")]"}
COMMAND: POST /session/dca704dd9986aef8fc007aa51f130b55/elements - {"using":"xpath","value":"//button[contains(@id, \"massStateBtn\")]"}
RESULT: {"using":"xpath","value":"//button[contains(@id, \"massStateBtn\")]"}
COMMAND: POST /session/dca704dd9986aef8fc007aa51f130b55/elements - {"using":"xpath","value":"//button[contains(@id, \"massStateBtn\")]"}
RESULT: {"using":"xpath","value":"//button[contains(@id, \"massStateBtn\")]"}
COMMAND: POST /session/dca704dd9986aef8fc007aa51f130b55/elements - {"using":"xpath","value":"//button[contains(@id, \"massStateBtn\")]"}
RESULT: {"using":"xpath","value":"//button[contains(@id, \"massStateBtn\")]"}
COMMAND: POST /session/dca704dd9986aef8fc007aa51f130b55/elements - {"using":"xpath","value":"//button[contains(@id, \"massStateBtn\")]"}
RESULT: {"using":"xpath","value":"//button[contains(@id, \"massStateBtn\")]"}
COMMAND: POST /session/dca704dd9986aef8fc007aa51f130b55/elements - {"using":"xpath","value":"//button[contains(@id, \"massStateBtn\")]"}
RESULT: {"using":"xpath","value":"//button[contains(@id, \"massStateBtn\")]"}
COMMAND: POST /session/dca704dd9986aef8fc007aa51f130b55/elements - {"using":"xpath","value":"//button[contains(@id, \"massStateBtn\")]"}
RESULT: {"using":"xpath","value":"//button[contains(@id, \"massStateBtn\")]"}
COMMAND: POST /session/dca704dd9986aef8fc007aa51f130b55/elements - {"using":"xpath","value":"//button[contains(@id, \"massStateBtn\")]"}
RESULT: {"using":"xpath","value":"//button[contains(@id, \"massStateBtn\")]"}
COMMAND: POST /session/dca704dd9986aef8fc007aa51f130b55/element - {"using":"xpath","value":"//button[contains(@id, \"massStateBtn\")]"}
RESULT: {"using":"xpath","value":"//button[contains(@id, \"massStateBtn\")]"}
COMMAND: POST /session/dca704dd9986aef8fc007aa51f130b55/execute/sync - {"script":"<script> [8489 bytes]","args":[{"element-6066-11e4-a52e-4f735466cecf":"f.C7D1417AA12A98AF3022ACBAA3EFBB42.d.4A8BF049609E4FBA6BFDEAFDCDF5CAFB.e.311","ELEMENT":"f.C7D1417AA12A98AF3022ACBAA3EFBB42.d.4A8BF049609E4FBA6BFDEAFDCDF5CAFB.e.311"}]}
RESULT: {"script":"<script> [8489 bytes]","args":[{"element-6066-11e4-a52e-4f735466cecf":"f.C7D1417AA12A98AF3022ACBAA3EFBB42.d.4A8BF049609E4FBA6BFDEAFDCDF5CAFB.e.311","ELEMENT":"f.C7D1417AA12A98AF3022ACBAA3EFBB42.d.4A8BF049609E4FBA6BFDEAFDCDF5CAFB.e.311"}]}
COMMAND: GET /session/dca704dd9986aef8fc007aa51f130b55/element/f.C7D1417AA12A98AF3022ACBAA3EFBB42.d.4A8BF049609E4FBA6BFDEAFDCDF5CAFB.e.311/enabled - {}
COMMAND: GET /session/dca704dd9986aef8fc007aa51f130b55/screenshot - {}
RESULT: {}
COMMAND: POST /session/dca704dd9986aef8fc007aa51f130b55/execute/sync - {"script":"<script> [8489 bytes]","args":[{"element-6066-11e4-a52e-4f735466cecf":"f.C7D1417AA12A98AF3022ACBAA3EFBB42.d.4A8BF049609E4FBA6BFDEAFDCDF5CAFB.e.311","ELEMENT":"f.C7D1417AA12A98AF3022ACBAA3EFBB42.d.4A8BF049609E4FBA6BFDEAFDCDF5CAFB.e.311"}]}
COMMAND: GET /session/dca704dd9986aef8fc007aa51f130b55/screenshot - {}
RESULT: {}
RESULT: {"script":"<script> [8489 bytes]","args":[{"element-6066-11e4-a52e-4f735466cecf":"f.C7D1417AA12A98AF3022ACBAA3EFBB42.d.4A8BF049609E4FBA6BFDEAFDCDF5CAFB.e.311","ELEMENT":"f.C7D1417AA12A98AF3022ACBAA3EFBB42.d.4A8BF049609E4FBA6BFDEAFDCDF5CAFB.e.311"}]}
COMMAND: POST /session/dca704dd9986aef8fc007aa51f130b55/execute/sync - {"script":"<script> [5351 bytes]","args":[{"element-6066-11e4-a52e-4f735466cecf":"f.C7D1417AA12A98AF3022ACBAA3EFBB42.d.4A8BF049609E4FBA6BFDEAFDCDF5CAFB.e.311","ELEMENT":"f.C7D1417AA12A98AF3022ACBAA3EFBB42.d.4A8BF049609E4FBA6BFDEAFDCDF5CAFB.e.311"}]}
COMMAND: GET /session/dca704dd9986aef8fc007aa51f130b55/screenshot - {}
RESULT: {}
RESULT: {"script":"<script> [5351 bytes]","args":[{"element-6066-11e4-a52e-4f735466cecf":"f.C7D1417AA12A98AF3022ACBAA3EFBB42.d.4A8BF049609E4FBA6BFDEAFDCDF5CAFB.e.311","ELEMENT":"f.C7D1417AA12A98AF3022ACBAA3EFBB42.d.4A8BF049609E4FBA6BFDEAFDCDF5CAFB.e.311"}]}
COMMAND: POST /session/dca704dd9986aef8fc007aa51f130b55/element/f.C7D1417AA12A98AF3022ACBAA3EFBB42.d.4A8BF049609E4FBA6BFDEAFDCDF5CAFB.e.311/click - {}
COMMAND: GET /session/dca704dd9986aef8fc007aa51f130b55/screenshot - {}
RESULT: {}
RESULT: {}
COMMAND: GET /session/dca704dd9986aef8fc007aa51f130b55/screenshot - {}
RESULT: {}
RESULT: {}
COMMAND: POST /session/dca704dd9986aef8fc007aa51f130b55/execute/async - {"script":"<script> [1562 bytes]","args":[{"selector":{"id":"application-ruinventorylist-display-component---Master--ruLocationTypeComboBox-arrow"},"wdio_ui5_key":"applicationruinventorylist-display-component---Master--ruLocationTypeComboBox-arrow"}]}
RESULT: {"script":"<script> [1562 bytes]","args":[{"selector":{"id":"application-ruinventorylist-display-component---Master--ruLocationTypeComboBox-arrow"},"wdio_ui5_key":"applicationruinventorylist-display-component---Master--ruLocationTypeComboBox-arrow"}]}
RESULT: undefined
COMMAND: POST /session/dca704dd9986aef8fc007aa51f130b55/element - {"using":"xpath","value":"//*[@id=\"application-ruinventorylist-display-component---Master--ruLocationTypeComboBox-arrow\"]"}
RESULT: {"using":"xpath","value":"//*[@id=\"application-ruinventorylist-display-component---Master--ruLocationTypeComboBox-arrow\"]"}
COMMAND: POST /session/dca704dd9986aef8fc007aa51f130b55/element/f.C7D1417AA12A98AF3022ACBAA3EFBB42.d.4A8BF049609E4FBA6BFDEAFDCDF5CAFB.e.665/click - {}
RESULT: {}
COMMAND: GET /session/dca704dd9986aef8fc007aa51f130b55/screenshot - {}
RESULT: {}
COMMAND: POST /session/dca704dd9986aef8fc007aa51f130b55/element - {"using":"xpath","value":"//li[.//span[text()='Yard']]"}
RESULT: {"using":"xpath","value":"//li[.//span[text()='Yard']]"}
COMMAND: POST /session/dca704dd9986aef8fc007aa51f130b55/element/f.C7D1417AA12A98AF3022ACBAA3EFBB42.d.4A8BF049609E4FBA6BFDEAFDCDF5CAFB.e.666/click - {}
RESULT: {}
COMMAND: GET /session/dca704dd9986aef8fc007aa51f130b55/screenshot - {}
RESULT: {}
COMMAND: POST /session/dca704dd9986aef8fc007aa51f130b55/execute/async - {"script":"<script> [1562 bytes]","args":[{"selector":{"id":"application-ruinventorylist-display-component---Master--smartFilterBar-filterItemControl_BASIC-YARD-vhi"},"wdio_ui5_key":"applicationruinventorylist-display-component---Master--smartFilterBar-filterItemControl_BASIC-YARD-vhi"}]}
RESULT: {"script":"<script> [1562 bytes]","args":[{"selector":{"id":"application-ruinventorylist-display-component---Master--smartFilterBar-filterItemControl_BASIC-YARD-vhi"},"wdio_ui5_key":"applicationruinventorylist-display-component---Master--smartFilterBar-filterItemControl_BASIC-YARD-vhi"}]}
RESULT: undefined
COMMAND: POST /session/dca704dd9986aef8fc007aa51f130b55/element - {"using":"xpath","value":"//*[@id=\"application-ruinventorylist-display-component---Master--smartFilterBar-filterItemControl_BASIC-YARD-vhi\"]"}
RESULT: {"using":"xpath","value":"//*[@id=\"application-ruinventorylist-display-component---Master--smartFilterBar-filterItemControl_BASIC-YARD-vhi\"]"}
COMMAND: POST /session/dca704dd9986aef8fc007aa51f130b55/element/f.C7D1417AA12A98AF3022ACBAA3EFBB42.d.4A8BF049609E4FBA6BFDEAFDCDF5CAFB.e.722/click - {}
RESULT: {}
COMMAND: GET /session/dca704dd9986aef8fc007aa51f130b55/screenshot - {}
RESULT: {}
COMMAND: POST /session/dca704dd9986aef8fc007aa51f130b55/execute/async - {"script":"<script> [1562 bytes]","args":[{"selector":{"id":"application-ruinventorylist-display-component---Master--smartFilterBar-filterItemControl_BASIC-YARD-valueHelpDialog-smartFilterBar-btnBasicSearch","searchOpenDialogs":true,"interaction":{"idSuffix":"I"}},"wdio_ui5_key":"applicationruinventorylist-display-component---Master--smartFilterBar-filterItemControl_BASIC-YARD-valueHelpDialog-smartFilterBar-btnBasicSearch"}]}
RESULT: {"script":"<script> [1562 bytes]","args":[{"selector":{"id":"application-ruinventorylist-display-component---Master--smartFilterBar-filterItemControl_BASIC-YARD-valueHelpDialog-smartFilterBar-btnBasicSearch","searchOpenDialogs":true,"interaction":{"idSuffix":"I"}},"wdio_ui5_key":"applicationruinventorylist-display-component---Master--smartFilterBar-filterItemControl_BASIC-YARD-valueHelpDialog-smartFilterBar-btnBasicSearch"}]}
RESULT: undefined
COMMAND: POST /session/dca704dd9986aef8fc007aa51f130b55/execute/async - {"script":"<script> [776 bytes]","args":[{"enterText":"109","selector":{"id":"application-ruinventorylist-display-component---Master--smartFilterBar-filterItemControl_BASIC-YARD-valueHelpDialog-smartFilterBar-btnBasicSearch","searchOpenDialogs":true,"interaction":{"idSuffix":"I"}},"clearTextFirst":true,"interactionType":"ENTER_TEXT"}]}
RESULT: {"script":"<script> [776 bytes]","args":[{"enterText":"109","selector":{"id":"application-ruinventorylist-display-component---Master--smartFilterBar-filterItemControl_BASIC-YARD-valueHelpDialog-smartFilterBar-btnBasicSearch","searchOpenDialogs":true,"interaction":{"idSuffix":"I"}},"clearTextFirst":true,"interactionType":"ENTER_TEXT"}]}
COMMAND: POST /session/dca704dd9986aef8fc007aa51f130b55/actions - {"actions":[{"id":"action1","type":"key","parameters":{},"actions":[{"type":"keyDown","value":"î€‡"},{"type":"pause","duration":10},{"type":"keyUp","value":"î€‡"}]}]}
RESULT: {"actions":[{"id":"action1","type":"key","parameters":{},"actions":[{"type":"keyDown","value":"î€‡"},{"type":"pause","duration":10},{"type":"keyUp","value":"î€‡"}]}]}
COMMAND: GET /session/dca704dd9986aef8fc007aa51f130b55/screenshot - {}
RESULT: {}
COMMAND: POST /session/dca704dd9986aef8fc007aa51f130b55/elements - {"using":"xpath","value":"//table[contains(@id, \"filterItemControl_BASIC-YARD-valueHelpDialog-table-table\")]/tbody/tr"}
RESULT: {"using":"xpath","value":"//table[contains(@id, \"filterItemControl_BASIC-YARD-valueHelpDialog-table-table\")]/tbody/tr"}
COMMAND: POST /session/dca704dd9986aef8fc007aa51f130b55/element - {"using":"xpath","value":"//table[contains(@id, \"filterItemControl_BASIC-YARD-valueHelpDialog-table-table\")]/tbody/tr[1]/td[1]/div/span"}
RESULT: {"using":"xpath","value":"//table[contains(@id, \"filterItemControl_BASIC-YARD-valueHelpDialog-table-table\")]/tbody/tr[1]/td[1]/div/span"}
COMMAND: POST /session/dca704dd9986aef8fc007aa51f130b55/elements - {"using":"xpath","value":"//table[contains(@id, \"filterItemControl_BASIC-YARD-valueHelpDialog-table-table\")]/tbody/tr[1]/td[1]/div/span"}
RESULT: {"using":"xpath","value":"//table[contains(@id, \"filterItemControl_BASIC-YARD-valueHelpDialog-table-table\")]/tbody/tr[1]/td[1]/div/span"}
COMMAND: POST /session/dca704dd9986aef8fc007aa51f130b55/execute/sync - {"script":"<script> [56 bytes]","args":[{"element-6066-11e4-a52e-4f735466cecf":"f.C7D1417AA12A98AF3022ACBAA3EFBB42.d.4A8BF049609E4FBA6BFDEAFDCDF5CAFB.e.745","ELEMENT":"f.C7D1417AA12A98AF3022ACBAA3EFBB42.d.4A8BF049609E4FBA6BFDEAFDCDF5CAFB.e.745"}]}
RESULT: {"script":"<script> [56 bytes]","args":[{"element-6066-11e4-a52e-4f735466cecf":"f.C7D1417AA12A98AF3022ACBAA3EFBB42.d.4A8BF049609E4FBA6BFDEAFDCDF5CAFB.e.745","ELEMENT":"f.C7D1417AA12A98AF3022ACBAA3EFBB42.d.4A8BF049609E4FBA6BFDEAFDCDF5CAFB.e.745"}]}
COMMAND: POST /session/dca704dd9986aef8fc007aa51f130b55/element - {"using":"xpath","value":"//div[contains(@id, \"filterItemControl_BASIC-YARD-valueHelpDialog-table-rowsel0\")]"}
COMMAND: GET /session/dca704dd9986aef8fc007aa51f130b55/screenshot - {}
RESULT: {"using":"xpath","value":"//div[contains(@id, \"filterItemControl_BASIC-YARD-valueHelpDialog-table-rowsel0\")]"}
COMMAND: POST /session/dca704dd9986aef8fc007aa51f130b55/element/f.C7D1417AA12A98AF3022ACBAA3EFBB42.d.4A8BF049609E4FBA6BFDEAFDCDF5CAFB.e.746/click - {}
RESULT: {}
RESULT: {}
COMMAND: GET /session/dca704dd9986aef8fc007aa51f130b55/screenshot - {}
RESULT: {}
COMMAND: POST /session/dca704dd9986aef8fc007aa51f130b55/element - {"using":"xpath","value":"//div[contains(@id, \"smartFilterBar-filterItemControl_BASIC-YARD-valueHelpDialog-smartFilterBar-btnBasicSearch-reset\")]"}
RESULT: {"using":"xpath","value":"//div[contains(@id, \"smartFilterBar-filterItemControl_BASIC-YARD-valueHelpDialog-smartFilterBar-btnBasicSearch-reset\")]"}
COMMAND: POST /session/dca704dd9986aef8fc007aa51f130b55/element/f.C7D1417AA12A98AF3022ACBAA3EFBB42.d.4A8BF049609E4FBA6BFDEAFDCDF5CAFB.e.748/click - {}
RESULT: {}
RESULT: undefined
COMMAND: POST /session/dca704dd9986aef8fc007aa51f130b55/execute/async - {"script":"<script> [776 bytes]","args":[{"enterText":"OPA5_BST01_YARD1","selector":{"id":"application-ruinventorylist-display-component---Master--smartFilterBar-filterItemControl_BASIC-YARD-valueHelpDialog-smartFilterBar-btnBasicSearch","searchOpenDialogs":true,"interaction":{"idSuffix":"I"}},"clearTextFirst":true,"interactionType":"ENTER_TEXT"}]}
COMMAND: GET /session/dca704dd9986aef8fc007aa51f130b55/screenshot - {}
RESULT: {"script":"<script> [776 bytes]","args":[{"enterText":"OPA5_BST01_YARD1","selector":{"id":"application-ruinventorylist-display-component---Master--smartFilterBar-filterItemControl_BASIC-YARD-valueHelpDialog-smartFilterBar-btnBasicSearch","searchOpenDialogs":true,"interaction":{"idSuffix":"I"}},"clearTextFirst":true,"interactionType":"ENTER_TEXT"}]}
COMMAND: POST /session/dca704dd9986aef8fc007aa51f130b55/actions - {"actions":[{"id":"action2","type":"key","parameters":{},"actions":[{"type":"keyDown","value":"î€‡"},{"type":"pause","duration":10},{"type":"keyUp","value":"î€‡"}]}]}
RESULT: {}
RESULT: {"actions":[{"id":"action2","type":"key","parameters":{},"actions":[{"type":"keyDown","value":"î€‡"},{"type":"pause","duration":10},{"type":"keyUp","value":"î€‡"}]}]}
COMMAND: GET /session/dca704dd9986aef8fc007aa51f130b55/screenshot - {}
RESULT: {}
COMMAND: POST /session/dca704dd9986aef8fc007aa51f130b55/elements - {"using":"xpath","value":"//table[contains(@id, \"filterItemControl_BASIC-YARD-valueHelpDialog-table-table\")]/tbody/tr"}
RESULT: {"using":"xpath","value":"//table[contains(@id, \"filterItemControl_BASIC-YARD-valueHelpDialog-table-table\")]/tbody/tr"}
COMMAND: POST /session/dca704dd9986aef8fc007aa51f130b55/element - {"using":"xpath","value":"//table[contains(@id, \"filterItemControl_BASIC-YARD-valueHelpDialog-table-table\")]/tbody/tr[1]/td[1]/div/span"}
RESULT: {"using":"xpath","value":"//table[contains(@id, \"filterItemControl_BASIC-YARD-valueHelpDialog-table-table\")]/tbody/tr[1]/td[1]/div/span"}
COMMAND: POST /session/dca704dd9986aef8fc007aa51f130b55/elements - {"using":"xpath","value":"//table[contains(@id, \"filterItemControl_BASIC-YARD-valueHelpDialog-table-table\")]/tbody/tr[1]/td[1]/div/span"}
RESULT: {"using":"xpath","value":"//table[contains(@id, \"filterItemControl_BASIC-YARD-valueHelpDialog-table-table\")]/tbody/tr[1]/td[1]/div/span"}
COMMAND: POST /session/dca704dd9986aef8fc007aa51f130b55/execute/sync - {"script":"<script> [56 bytes]","args":[{"element-6066-11e4-a52e-4f735466cecf":"f.C7D1417AA12A98AF3022ACBAA3EFBB42.d.4A8BF049609E4FBA6BFDEAFDCDF5CAFB.e.745","ELEMENT":"f.C7D1417AA12A98AF3022ACBAA3EFBB42.d.4A8BF049609E4FBA6BFDEAFDCDF5CAFB.e.745"}]}
RESULT: {"script":"<script> [56 bytes]","args":[{"element-6066-11e4-a52e-4f735466cecf":"f.C7D1417AA12A98AF3022ACBAA3EFBB42.d.4A8BF049609E4FBA6BFDEAFDCDF5CAFB.e.745","ELEMENT":"f.C7D1417AA12A98AF3022ACBAA3EFBB42.d.4A8BF049609E4FBA6BFDEAFDCDF5CAFB.e.745"}]}
COMMAND: POST /session/dca704dd9986aef8fc007aa51f130b55/element - {"using":"xpath","value":"//div[contains(@id, \"filterItemControl_BASIC-YARD-valueHelpDialog-table-rowsel0\")]"}
COMMAND: GET /session/dca704dd9986aef8fc007aa51f130b55/screenshot - {}
RESULT: {"using":"xpath","value":"//div[contains(@id, \"filterItemControl_BASIC-YARD-valueHelpDialog-table-rowsel0\")]"}
COMMAND: POST /session/dca704dd9986aef8fc007aa51f130b55/element/f.C7D1417AA12A98AF3022ACBAA3EFBB42.d.4A8BF049609E4FBA6BFDEAFDCDF5CAFB.e.746/click - {}
RESULT: {}
RESULT: {}
COMMAND: GET /session/dca704dd9986aef8fc007aa51f130b55/screenshot - {}
RESULT: {}
COMMAND: POST /session/dca704dd9986aef8fc007aa51f130b55/element - {"using":"xpath","value":"(//bdi[contains(text(), \"OK\")])[1]"}
RESULT: {"using":"xpath","value":"(//bdi[contains(text(), \"OK\")])[1]"}
COMMAND: POST /session/dca704dd9986aef8fc007aa51f130b55/element/f.C7D1417AA12A98AF3022ACBAA3EFBB42.d.4A8BF049609E4FBA6BFDEAFDCDF5CAFB.e.749/click - {}
RESULT: {}
COMMAND: GET /session/dca704dd9986aef8fc007aa51f130b55/screenshot - {}
RESULT: {}
COMMAND: POST /session/dca704dd9986aef8fc007aa51f130b55/element - {"using":"xpath","value":"//span[@id=\"application-ruinventorylist-display-component---Master--smartTableRuInventoryList-header-inner\"]"}
RESULT: {"using":"xpath","value":"//span[@id=\"application-ruinventorylist-display-component---Master--smartTableRuInventoryList-header-inner\"]"}
COMMAND: POST /session/dca704dd9986aef8fc007aa51f130b55/elements - {"using":"xpath","value":"//span[@id=\"application-ruinventorylist-display-component---Master--smartTableRuInventoryList-header-inner\"]"}
RESULT: {"using":"xpath","value":"//span[@id=\"application-ruinventorylist-display-component---Master--smartTableRuInventoryList-header-inner\"]"}
COMMAND: POST /session/dca704dd9986aef8fc007aa51f130b55/execute/sync - {"script":"<script> [56 bytes]","args":[{"element-6066-11e4-a52e-4f735466cecf":"f.C7D1417AA12A98AF3022ACBAA3EFBB42.d.4A8BF049609E4FBA6BFDEAFDCDF5CAFB.e.886","ELEMENT":"f.C7D1417AA12A98AF3022ACBAA3EFBB42.d.4A8BF049609E4FBA6BFDEAFDCDF5CAFB.e.886"}]}
RESULT: {"script":"<script> [56 bytes]","args":[{"element-6066-11e4-a52e-4f735466cecf":"f.C7D1417AA12A98AF3022ACBAA3EFBB42.d.4A8BF049609E4FBA6BFDEAFDCDF5CAFB.e.886","ELEMENT":"f.C7D1417AA12A98AF3022ACBAA3EFBB42.d.4A8BF049609E4FBA6BFDEAFDCDF5CAFB.e.886"}]}
COMMAND: POST /session/dca704dd9986aef8fc007aa51f130b55/execute/async - {"script":"<script> [1562 bytes]","args":[{"selector":{"id":"application-ruinventorylist-display-component---Master--smartFilterBar-btnBasicSearch","interaction":{"idSuffix":"I"}},"wdio_ui5_key":"applicationruinventorylist-display-component---Master--smartFilterBar-btnBasicSearch"}]}
COMMAND: GET /session/dca704dd9986aef8fc007aa51f130b55/screenshot - {}
RESULT: {"script":"<script> [1562 bytes]","args":[{"selector":{"id":"application-ruinventorylist-display-component---Master--smartFilterBar-btnBasicSearch","interaction":{"idSuffix":"I"}},"wdio_ui5_key":"applicationruinventorylist-display-component---Master--smartFilterBar-btnBasicSearch"}]}
RESULT: undefined
COMMAND: POST /session/dca704dd9986aef8fc007aa51f130b55/execute/async - {"script":"<script> [776 bytes]","args":[{"enterText":"600002","selector":{"id":"application-ruinventorylist-display-component---Master--smartFilterBar-btnBasicSearch","interaction":{"idSuffix":"I"}},"clearTextFirst":true,"interactionType":"ENTER_TEXT"}]}
RESULT: {}
RESULT: {"script":"<script> [776 bytes]","args":[{"enterText":"600002","selector":{"id":"application-ruinventorylist-display-component---Master--smartFilterBar-btnBasicSearch","interaction":{"idSuffix":"I"}},"clearTextFirst":true,"interactionType":"ENTER_TEXT"}]}
COMMAND: POST /session/dca704dd9986aef8fc007aa51f130b55/actions - {"actions":[{"id":"action3","type":"key","parameters":{},"actions":[{"type":"keyDown","value":"î€‡"},{"type":"pause","duration":10},{"type":"keyUp","value":"î€‡"}]}]}
RESULT: {"actions":[{"id":"action3","type":"key","parameters":{},"actions":[{"type":"keyDown","value":"î€‡"},{"type":"pause","duration":10},{"type":"keyUp","value":"î€‡"}]}]}
COMMAND: GET /session/dca704dd9986aef8fc007aa51f130b55/screenshot - {}
RESULT: {}
COMMAND: POST /session/dca704dd9986aef8fc007aa51f130b55/element - {"using":"xpath","value":"//span[@id=\"application-ruinventorylist-display-component---Master--smartTableRuInventoryList-header-inner\"]"}
RESULT: {"using":"xpath","value":"//span[@id=\"application-ruinventorylist-display-component---Master--smartTableRuInventoryList-header-inner\"]"}
COMMAND: POST /session/dca704dd9986aef8fc007aa51f130b55/elements - {"using":"xpath","value":"//span[@id=\"application-ruinventorylist-display-component---Master--smartTableRuInventoryList-header-inner\"]"}
RESULT: {"using":"xpath","value":"//span[@id=\"application-ruinventorylist-display-component---Master--smartTableRuInventoryList-header-inner\"]"}
COMMAND: POST /session/dca704dd9986aef8fc007aa51f130b55/execute/sync - {"script":"<script> [56 bytes]","args":[{"element-6066-11e4-a52e-4f735466cecf":"f.C7D1417AA12A98AF3022ACBAA3EFBB42.d.4A8BF049609E4FBA6BFDEAFDCDF5CAFB.e.886","ELEMENT":"f.C7D1417AA12A98AF3022ACBAA3EFBB42.d.4A8BF049609E4FBA6BFDEAFDCDF5CAFB.e.886"}]}
RESULT: {"script":"<script> [56 bytes]","args":[{"element-6066-11e4-a52e-4f735466cecf":"f.C7D1417AA12A98AF3022ACBAA3EFBB42.d.4A8BF049609E4FBA6BFDEAFDCDF5CAFB.e.886","ELEMENT":"f.C7D1417AA12A98AF3022ACBAA3EFBB42.d.4A8BF049609E4FBA6BFDEAFDCDF5CAFB.e.886"}]}
COMMAND: POST /session/dca704dd9986aef8fc007aa51f130b55/element - {"using":"xpath","value":"//table[contains(@id, \"application-ruinventorylist-display-component---Master--tableRuInventoryList-listUl\")]/tbody/tr[1]/td[2]/div/div"}
COMMAND: GET /session/dca704dd9986aef8fc007aa51f130b55/screenshot - {}
RESULT: {"using":"xpath","value":"//table[contains(@id, \"application-ruinventorylist-display-component---Master--tableRuInventoryList-listUl\")]/tbody/tr[1]/td[2]/div/div"}
COMMAND: POST /session/dca704dd9986aef8fc007aa51f130b55/element/f.C7D1417AA12A98AF3022ACBAA3EFBB42.d.4A8BF049609E4FBA6BFDEAFDCDF5CAFB.e.894/click - {}
RESULT: {}
RESULT: {}
COMMAND: GET /session/dca704dd9986aef8fc007aa51f130b55/screenshot - {}
RESULT: {}
COMMAND: POST /session/dca704dd9986aef8fc007aa51f130b55/element - {"using":"xpath","value":"//div[contains(@id, \"smartFilterBar-btnBasicSearch-reset\")]"}
RESULT: {"using":"xpath","value":"//div[contains(@id, \"smartFilterBar-btnBasicSearch-reset\")]"}
COMMAND: POST /session/dca704dd9986aef8fc007aa51f130b55/element/f.C7D1417AA12A98AF3022ACBAA3EFBB42.d.4A8BF049609E4FBA6BFDEAFDCDF5CAFB.e.904/click - {}
RESULT: {}
COMMAND: GET /session/dca704dd9986aef8fc007aa51f130b55/screenshot - {}
RESULT: {}
RESULT: undefined
COMMAND: POST /session/dca704dd9986aef8fc007aa51f130b55/execute/async - {"script":"<script> [776 bytes]","args":[{"enterText":"401002","selector":{"id":"application-ruinventorylist-display-component---Master--smartFilterBar-btnBasicSearch","interaction":{"idSuffix":"I"}},"clearTextFirst":true,"interactionType":"ENTER_TEXT"}]}
RESULT: {"script":"<script> [776 bytes]","args":[{"enterText":"401002","selector":{"id":"application-ruinventorylist-display-component---Master--smartFilterBar-btnBasicSearch","interaction":{"idSuffix":"I"}},"clearTextFirst":true,"interactionType":"ENTER_TEXT"}]}
COMMAND: POST /session/dca704dd9986aef8fc007aa51f130b55/actions - {"actions":[{"id":"action4","type":"key","parameters":{},"actions":[{"type":"keyDown","value":"î€‡"},{"type":"pause","duration":10},{"type":"keyUp","value":"î€‡"}]}]}
RESULT: {"actions":[{"id":"action4","type":"key","parameters":{},"actions":[{"type":"keyDown","value":"î€‡"},{"type":"pause","duration":10},{"type":"keyUp","value":"î€‡"}]}]}
COMMAND: GET /session/dca704dd9986aef8fc007aa51f130b55/screenshot - {}
RESULT: {}
COMMAND: POST /session/dca704dd9986aef8fc007aa51f130b55/element - {"using":"xpath","value":"//span[@id=\"application-ruinventorylist-display-component---Master--smartTableRuInventoryList-header-inner\"]"}
RESULT: {"using":"xpath","value":"//span[@id=\"application-ruinventorylist-display-component---Master--smartTableRuInventoryList-header-inner\"]"}
COMMAND: POST /session/dca704dd9986aef8fc007aa51f130b55/elements - {"using":"xpath","value":"//span[@id=\"application-ruinventorylist-display-component---Master--smartTableRuInventoryList-header-inner\"]"}
RESULT: {"using":"xpath","value":"//span[@id=\"application-ruinventorylist-display-component---Master--smartTableRuInventoryList-header-inner\"]"}
COMMAND: POST /session/dca704dd9986aef8fc007aa51f130b55/execute/sync - {"script":"<script> [56 bytes]","args":[{"element-6066-11e4-a52e-4f735466cecf":"f.C7D1417AA12A98AF3022ACBAA3EFBB42.d.4A8BF049609E4FBA6BFDEAFDCDF5CAFB.e.886","ELEMENT":"f.C7D1417AA12A98AF3022ACBAA3EFBB42.d.4A8BF049609E4FBA6BFDEAFDCDF5CAFB.e.886"}]}
RESULT: {"script":"<script> [56 bytes]","args":[{"element-6066-11e4-a52e-4f735466cecf":"f.C7D1417AA12A98AF3022ACBAA3EFBB42.d.4A8BF049609E4FBA6BFDEAFDCDF5CAFB.e.886","ELEMENT":"f.C7D1417AA12A98AF3022ACBAA3EFBB42.d.4A8BF049609E4FBA6BFDEAFDCDF5CAFB.e.886"}]}
COMMAND: POST /session/dca704dd9986aef8fc007aa51f130b55/element - {"using":"xpath","value":"//table[contains(@id, \"application-ruinventorylist-display-component---Master--tableRuInventoryList-listUl\")]/tbody/tr[1]/td[2]/div/div"}
COMMAND: GET /session/dca704dd9986aef8fc007aa51f130b55/screenshot - {}
RESULT: {"using":"xpath","value":"//table[contains(@id, \"application-ruinventorylist-display-component---Master--tableRuInventoryList-listUl\")]/tbody/tr[1]/td[2]/div/div"}
COMMAND: POST /session/dca704dd9986aef8fc007aa51f130b55/element/f.C7D1417AA12A98AF3022ACBAA3EFBB42.d.4A8BF049609E4FBA6BFDEAFDCDF5CAFB.e.1047/click - {}
RESULT: {}
RESULT: {}
COMMAND: GET /session/dca704dd9986aef8fc007aa51f130b55/screenshot - {}
RESULT: {}
COMMAND: POST /session/dca704dd9986aef8fc007aa51f130b55/element - {"using":"xpath","value":"//div[contains(@id, \"smartFilterBar-btnBasicSearch-reset\")]"}
RESULT: {"using":"xpath","value":"//div[contains(@id, \"smartFilterBar-btnBasicSearch-reset\")]"}
COMMAND: POST /session/dca704dd9986aef8fc007aa51f130b55/element/f.C7D1417AA12A98AF3022ACBAA3EFBB42.d.4A8BF049609E4FBA6BFDEAFDCDF5CAFB.e.904/click - {}
RESULT: {}
COMMAND: GET /session/dca704dd9986aef8fc007aa51f130b55/screenshot - {}
RESULT: {}
COMMAND: POST /session/dca704dd9986aef8fc007aa51f130b55/element/f.C7D1417AA12A98AF3022ACBAA3EFBB42.d.4A8BF049609E4FBA6BFDEAFDCDF5CAFB.e.311/click - {}
RESULT: {}
COMMAND: GET /session/dca704dd9986aef8fc007aa51f130b55/screenshot - {}
RESULT: {}
COMMAND: POST /session/dca704dd9986aef8fc007aa51f130b55/execute/async - {"script":"<script> [1562 bytes]","args":[{"selector":{"controlType":"sap.m.Title","viewName":"etm.portal.ui.ruinventorylist.view.Master","viewId":"application-ruinventorylist-display-component---Master","properties":{"text":"Mass State Change"},"searchOpenDialogs":true},"wdio_ui5_key":"etmportal.ui.ruinventorylist.view.Mastersap.m.Title{\"text\":\"Mass State Change\"}"}]}
RESULT: {"script":"<script> [1562 bytes]","args":[{"selector":{"controlType":"sap.m.Title","viewName":"etm.portal.ui.ruinventorylist.view.Master","viewId":"application-ruinventorylist-display-component---Master","properties":{"text":"Mass State Change"},"searchOpenDialogs":true},"wdio_ui5_key":"etmportal.ui.ruinventorylist.view.Mastersap.m.Title{\"text\":\"Mass State Change\"}"}]}
RESULT: undefined
COMMAND: POST /session/dca704dd9986aef8fc007aa51f130b55/execute/async - {"script":"<script> [6424 bytes]","args":[{"element-6066-11e4-a52e-4f735466cecf":"f.C7D1417AA12A98AF3022ACBAA3EFBB42.d.4A8BF049609E4FBA6BFDEAFDCDF5CAFB.e.1209"},"getText",[]]}
RESULT: {"script":"<script> [6424 bytes]","args":[{"element-6066-11e4-a52e-4f735466cecf":"f.C7D1417AA12A98AF3022ACBAA3EFBB42.d.4A8BF049609E4FBA6BFDEAFDCDF5CAFB.e.1209"},"getText",[]]}
COMMAND: POST /session/dca704dd9986aef8fc007aa51f130b55/element - {"using":"xpath","value":"(//bdi[contains(text(), \"OK\")])[1]"}
RESULT: {"using":"xpath","value":"(//bdi[contains(text(), \"OK\")])[1]"}
COMMAND: POST /session/dca704dd9986aef8fc007aa51f130b55/element/f.C7D1417AA12A98AF3022ACBAA3EFBB42.d.4A8BF049609E4FBA6BFDEAFDCDF5CAFB.e.1210/click - {}
RESULT: {}
COMMAND: GET /session/dca704dd9986aef8fc007aa51f130b55/screenshot - {}
RESULT: {}
COMMAND: POST /session/dca704dd9986aef8fc007aa51f130b55/element - {"using":"css selector","value":"div.sapMMessageBoxError"}
RESULT: {"using":"css selector","value":"div.sapMMessageBoxError"}
COMMAND: POST /session/dca704dd9986aef8fc007aa51f130b55/elements - {"using":"css selector","value":"div.sapMMessageBoxError"}
RESULT: {"using":"css selector","value":"div.sapMMessageBoxError"}
COMMAND: POST /session/dca704dd9986aef8fc007aa51f130b55/element - {"using":"xpath","value":"(//bdi[contains(text(), \"Close\")])[1]"}
RESULT: {"using":"xpath","value":"(//bdi[contains(text(), \"Close\")])[1]"}
COMMAND: POST /session/dca704dd9986aef8fc007aa51f130b55/element/f.C7D1417AA12A98AF3022ACBAA3EFBB42.d.4A8BF049609E4FBA6BFDEAFDCDF5CAFB.e.1214/click - {}
RESULT: {}
COMMAND: GET /session/dca704dd9986aef8fc007aa51f130b55/screenshot - {}
RESULT: {}
COMMAND: POST /session/dca704dd9986aef8fc007aa51f130b55/execute/async - {"script":"<script> [1562 bytes]","args":[{"selector":{"id":"application-ruinventorylist-display-component---Master--ruStateTypes-arrow","searchOpenDialogs":true},"wdio_ui5_key":"applicationruinventorylist-display-component---Master--ruStateTypes-arrow"}]}
RESULT: {"script":"<script> [1562 bytes]","args":[{"selector":{"id":"application-ruinventorylist-display-component---Master--ruStateTypes-arrow","searchOpenDialogs":true},"wdio_ui5_key":"applicationruinventorylist-display-component---Master--ruStateTypes-arrow"}]}
RESULT: undefined
COMMAND: POST /session/dca704dd9986aef8fc007aa51f130b55/element - {"using":"xpath","value":"//*[@id=\"application-ruinventorylist-display-component---Master--ruStateTypes-arrow\"]"}
RESULT: {"using":"xpath","value":"//*[@id=\"application-ruinventorylist-display-component---Master--ruStateTypes-arrow\"]"}
COMMAND: POST /session/dca704dd9986aef8fc007aa51f130b55/element/f.C7D1417AA12A98AF3022ACBAA3EFBB42.d.4A8BF049609E4FBA6BFDEAFDCDF5CAFB.e.1216/click - {}
RESULT: {}
COMMAND: GET /session/dca704dd9986aef8fc007aa51f130b55/screenshot - {}
RESULT: {}
COMMAND: POST /session/dca704dd9986aef8fc007aa51f130b55/element - {"using":"xpath","value":"//li[.//span[text()=\"defect\"]]"}
RESULT: {"using":"xpath","value":"//li[.//span[text()=\"defect\"]]"}
COMMAND: POST /session/dca704dd9986aef8fc007aa51f130b55/element/f.C7D1417AA12A98AF3022ACBAA3EFBB42.d.4A8BF049609E4FBA6BFDEAFDCDF5CAFB.e.1217/click - {}
RESULT: {}
COMMAND: GET /session/dca704dd9986aef8fc007aa51f130b55/screenshot - {}
RESULT: {}
COMMAND: POST /session/dca704dd9986aef8fc007aa51f130b55/element - {"using":"xpath","value":"(//span[@data-kt=\"trashMassStateChangeIcon\"])[1]"}
RESULT: {"using":"xpath","value":"(//span[@data-kt=\"trashMassStateChangeIcon\"])[1]"}
COMMAND: POST /session/dca704dd9986aef8fc007aa51f130b55/element/f.C7D1417AA12A98AF3022ACBAA3EFBB42.d.4A8BF049609E4FBA6BFDEAFDCDF5CAFB.e.1218/click - {}
RESULT: {}
COMMAND: GET /session/dca704dd9986aef8fc007aa51f130b55/screenshot - {}
RESULT: {}
COMMAND: POST /session/dca704dd9986aef8fc007aa51f130b55/element - {"using":"xpath","value":"//table[contains(@id, \"massStateChangeTable-listUl\")]/tbody/tr[1]/td[11]/div/div/div/input"}
RESULT: {"using":"xpath","value":"//table[contains(@id, \"massStateChangeTable-listUl\")]/tbody/tr[1]/td[11]/div/div/div/input"}
COMMAND: GET /session/dca704dd9986aef8fc007aa51f130b55/element/f.C7D1417AA12A98AF3022ACBAA3EFBB42.d.4A8BF049609E4FBA6BFDEAFDCDF5CAFB.e.1203/property/value - {}
RESULT: {}
COMMAND: POST /session/dca704dd9986aef8fc007aa51f130b55/element - {"using":"xpath","value":"(//span[@data-kt=\"trashMassStateChangeIcon\"])[2]"}
COMMAND: GET /session/dca704dd9986aef8fc007aa51f130b55/screenshot - {}
RESULT: {"using":"xpath","value":"(//span[@data-kt=\"trashMassStateChangeIcon\"])[2]"}
COMMAND: POST /session/dca704dd9986aef8fc007aa51f130b55/element/f.C7D1417AA12A98AF3022ACBAA3EFBB42.d.4A8BF049609E4FBA6BFDEAFDCDF5CAFB.e.1220/click - {}
RESULT: {}
RESULT: {}
COMMAND: GET /session/dca704dd9986aef8fc007aa51f130b55/screenshot - {}
RESULT: {}
COMMAND: POST /session/dca704dd9986aef8fc007aa51f130b55/element - {"using":"xpath","value":"//table[contains(@id, \"massStateChangeTable-listUl\")]/tbody/tr[2]/td[11]/div/div/div/input"}
RESULT: {"using":"xpath","value":"//table[contains(@id, \"massStateChangeTable-listUl\")]/tbody/tr[2]/td[11]/div/div/div/input"}
COMMAND: GET /session/dca704dd9986aef8fc007aa51f130b55/element/f.C7D1417AA12A98AF3022ACBAA3EFBB42.d.4A8BF049609E4FBA6BFDEAFDCDF5CAFB.e.1207/property/value - {}
RESULT: {}
COMMAND: POST /session/dca704dd9986aef8fc007aa51f130b55/element - {"using":"xpath","value":"//table[contains(@id, \"massStateChangeTable-listUl\")]/tbody/tr[1]/td[10]/div/span/span[1]"}
COMMAND: GET /session/dca704dd9986aef8fc007aa51f130b55/screenshot - {}
RESULT: {"using":"xpath","value":"//table[contains(@id, \"massStateChangeTable-listUl\")]/tbody/tr[1]/td[10]/div/span/span[1]"}
COMMAND: POST /session/dca704dd9986aef8fc007aa51f130b55/execute/sync - {"script":"<script> [56 bytes]","args":[{"element-6066-11e4-a52e-4f735466cecf":"f.C7D1417AA12A98AF3022ACBAA3EFBB42.d.4A8BF049609E4FBA6BFDEAFDCDF5CAFB.e.1222","ELEMENT":"f.C7D1417AA12A98AF3022ACBAA3EFBB42.d.4A8BF049609E4FBA6BFDEAFDCDF5CAFB.e.1222"}]}
RESULT: {}
RESULT: {"script":"<script> [56 bytes]","args":[{"element-6066-11e4-a52e-4f735466cecf":"f.C7D1417AA12A98AF3022ACBAA3EFBB42.d.4A8BF049609E4FBA6BFDEAFDCDF5CAFB.e.1222","ELEMENT":"f.C7D1417AA12A98AF3022ACBAA3EFBB42.d.4A8BF049609E4FBA6BFDEAFDCDF5CAFB.e.1222"}]}
COMMAND: POST /session/dca704dd9986aef8fc007aa51f130b55/element - {"using":"xpath","value":"//table[contains(@id, \"massStateChangeTable-listUl\")]/tbody/tr[1]/td[11]/div/div/div/div[2]/span"}
COMMAND: GET /session/dca704dd9986aef8fc007aa51f130b55/screenshot - {}
RESULT: {"using":"xpath","value":"//table[contains(@id, \"massStateChangeTable-listUl\")]/tbody/tr[1]/td[11]/div/div/div/div[2]/span"}
COMMAND: POST /session/dca704dd9986aef8fc007aa51f130b55/element/f.C7D1417AA12A98AF3022ACBAA3EFBB42.d.4A8BF049609E4FBA6BFDEAFDCDF5CAFB.e.1223/click - {}
RESULT: {}
RESULT: {}
COMMAND: GET /session/dca704dd9986aef8fc007aa51f130b55/screenshot - {}
RESULT: {}
COMMAND: POST /session/dca704dd9986aef8fc007aa51f130b55/element - {"using":"xpath","value":"//table[contains(@id, \"massStateChangeTable-listUl\")]/tbody/tr[1]/td[11]/div/div/div/div[2]/span"}
RESULT: {"using":"xpath","value":"//table[contains(@id, \"massStateChangeTable-listUl\")]/tbody/tr[1]/td[11]/div/div/div/div[2]/span"}
COMMAND: POST /session/dca704dd9986aef8fc007aa51f130b55/element/f.C7D1417AA12A98AF3022ACBAA3EFBB42.d.4A8BF049609E4FBA6BFDEAFDCDF5CAFB.e.1223/click - {}
RESULT: {}
COMMAND: GET /session/dca704dd9986aef8fc007aa51f130b55/screenshot - {}
RESULT: {}
COMMAND: POST /session/dca704dd9986aef8fc007aa51f130b55/element - {"using":"xpath","value":"//table[contains(@id, \"massStateChangeTable-listUl\")]/tbody/tr[1]/td[11]/div/div/div/div[2]/span"}
RESULT: {"using":"xpath","value":"//table[contains(@id, \"massStateChangeTable-listUl\")]/tbody/tr[1]/td[11]/div/div/div/div[2]/span"}
COMMAND: POST /session/dca704dd9986aef8fc007aa51f130b55/element/f.C7D1417AA12A98AF3022ACBAA3EFBB42.d.4A8BF049609E4FBA6BFDEAFDCDF5CAFB.e.1223/click - {}
RESULT: {}
COMMAND: GET /session/dca704dd9986aef8fc007aa51f130b55/screenshot - {}
RESULT: {}
COMMAND: POST /session/dca704dd9986aef8fc007aa51f130b55/element - {"using":"xpath","value":"//table[contains(@id, \"massStateChangeTable-listUl\")]/tbody/tr[1]/td[11]/div/div/div/div[2]/span"}
RESULT: {"using":"xpath","value":"//table[contains(@id, \"massStateChangeTable-listUl\")]/tbody/tr[1]/td[11]/div/div/div/div[2]/span"}
COMMAND: POST /session/dca704dd9986aef8fc007aa51f130b55/element/f.C7D1417AA12A98AF3022ACBAA3EFBB42.d.4A8BF049609E4FBA6BFDEAFDCDF5CAFB.e.1223/click - {}
RESULT: {}
COMMAND: GET /session/dca704dd9986aef8fc007aa51f130b55/screenshot - {}
RESULT: {}
COMMAND: POST /session/dca704dd9986aef8fc007aa51f130b55/element - {"using":"xpath","value":"//table[contains(@id, \"massStateChangeTable-listUl\")]/tbody/tr[1]/td[11]/div/div/div/div[2]/span"}
RESULT: {"using":"xpath","value":"//table[contains(@id, \"massStateChangeTable-listUl\")]/tbody/tr[1]/td[11]/div/div/div/div[2]/span"}
COMMAND: POST /session/dca704dd9986aef8fc007aa51f130b55/element/f.C7D1417AA12A98AF3022ACBAA3EFBB42.d.4A8BF049609E4FBA6BFDEAFDCDF5CAFB.e.1223/click - {}
RESULT: {}
COMMAND: GET /session/dca704dd9986aef8fc007aa51f130b55/screenshot - {}
RESULT: {}
COMMAND: POST /session/dca704dd9986aef8fc007aa51f130b55/element - {"using":"xpath","value":"//table[contains(@id, \"massStateChangeTable-listUl\")]/tbody/tr[1]/td[11]/div/div/div/div[2]/span"}
RESULT: {"using":"xpath","value":"//table[contains(@id, \"massStateChangeTable-listUl\")]/tbody/tr[1]/td[11]/div/div/div/div[2]/span"}
COMMAND: POST /session/dca704dd9986aef8fc007aa51f130b55/element/f.C7D1417AA12A98AF3022ACBAA3EFBB42.d.4A8BF049609E4FBA6BFDEAFDCDF5CAFB.e.1223/click - {}
RESULT: {}
COMMAND: GET /session/dca704dd9986aef8fc007aa51f130b55/screenshot - {}
RESULT: {}
COMMAND: POST /session/dca704dd9986aef8fc007aa51f130b55/element - {"using":"xpath","value":"//table[contains(@id, \"massStateChangeTable-listUl\")]/tbody/tr[1]/td[11]/div/div/div/div[2]/span"}
RESULT: {"using":"xpath","value":"//table[contains(@id, \"massStateChangeTable-listUl\")]/tbody/tr[1]/td[11]/div/div/div/div[2]/span"}
COMMAND: POST /session/dca704dd9986aef8fc007aa51f130b55/element/f.C7D1417AA12A98AF3022ACBAA3EFBB42.d.4A8BF049609E4FBA6BFDEAFDCDF5CAFB.e.1223/click - {}
RESULT: {}
COMMAND: GET /session/dca704dd9986aef8fc007aa51f130b55/screenshot - {}
RESULT: {}
COMMAND: POST /session/dca704dd9986aef8fc007aa51f130b55/element - {"using":"xpath","value":"//table[contains(@id, \"massStateChangeTable-listUl\")]/tbody/tr[1]/td[11]/div/div/div/div[2]/span"}
RESULT: {"using":"xpath","value":"//table[contains(@id, \"massStateChangeTable-listUl\")]/tbody/tr[1]/td[11]/div/div/div/div[2]/span"}
COMMAND: POST /session/dca704dd9986aef8fc007aa51f130b55/element/f.C7D1417AA12A98AF3022ACBAA3EFBB42.d.4A8BF049609E4FBA6BFDEAFDCDF5CAFB.e.1223/click - {}
RESULT: {}
COMMAND: GET /session/dca704dd9986aef8fc007aa51f130b55/screenshot - {}
RESULT: {}
COMMAND: POST /session/dca704dd9986aef8fc007aa51f130b55/element - {"using":"xpath","value":"//table[contains(@id, \"massStateChangeTable-listUl\")]/tbody/tr[1]/td[11]/div/div/div/div[2]/span"}
RESULT: {"using":"xpath","value":"//table[contains(@id, \"massStateChangeTable-listUl\")]/tbody/tr[1]/td[11]/div/div/div/div[2]/span"}
COMMAND: POST /session/dca704dd9986aef8fc007aa51f130b55/element/f.C7D1417AA12A98AF3022ACBAA3EFBB42.d.4A8BF049609E4FBA6BFDEAFDCDF5CAFB.e.1223/click - {}
RESULT: {}
COMMAND: GET /session/dca704dd9986aef8fc007aa51f130b55/screenshot - {}
RESULT: {}
COMMAND: POST /session/dca704dd9986aef8fc007aa51f130b55/element - {"using":"xpath","value":"//table[contains(@id, \"massStateChangeTable-listUl\")]/tbody/tr[1]/td[11]/div/div/div/div[2]/span"}
RESULT: {"using":"xpath","value":"//table[contains(@id, \"massStateChangeTable-listUl\")]/tbody/tr[1]/td[11]/div/div/div/div[2]/span"}
COMMAND: POST /session/dca704dd9986aef8fc007aa51f130b55/element/f.C7D1417AA12A98AF3022ACBAA3EFBB42.d.4A8BF049609E4FBA6BFDEAFDCDF5CAFB.e.1223/click - {}
RESULT: {}
COMMAND: GET /session/dca704dd9986aef8fc007aa51f130b55/screenshot - {}
RESULT: {}
COMMAND: POST /session/dca704dd9986aef8fc007aa51f130b55/element - {"using":"xpath","value":"//table[contains(@id, \"massStateChangeTable-listUl\")]/tbody/tr[1]/td[11]/div/div/div/div[2]/span"}
RESULT: {"using":"xpath","value":"//table[contains(@id, \"massStateChangeTable-listUl\")]/tbody/tr[1]/td[11]/div/div/div/div[2]/span"}
COMMAND: POST /session/dca704dd9986aef8fc007aa51f130b55/element/f.C7D1417AA12A98AF3022ACBAA3EFBB42.d.4A8BF049609E4FBA6BFDEAFDCDF5CAFB.e.1223/click - {}
RESULT: {}
COMMAND: GET /session/dca704dd9986aef8fc007aa51f130b55/screenshot - {}
RESULT: {}
COMMAND: POST /session/dca704dd9986aef8fc007aa51f130b55/element - {"using":"xpath","value":"//table[contains(@id, \"massStateChangeTable-listUl\")]/tbody/tr[1]/td[11]/div/div/div/div[2]/span"}
RESULT: {"using":"xpath","value":"//table[contains(@id, \"massStateChangeTable-listUl\")]/tbody/tr[1]/td[11]/div/div/div/div[2]/span"}
COMMAND: POST /session/dca704dd9986aef8fc007aa51f130b55/element/f.C7D1417AA12A98AF3022ACBAA3EFBB42.d.4A8BF049609E4FBA6BFDEAFDCDF5CAFB.e.1223/click - {}
RESULT: {}
COMMAND: GET /session/dca704dd9986aef8fc007aa51f130b55/screenshot - {}
RESULT: {}
COMMAND: POST /session/dca704dd9986aef8fc007aa51f130b55/element - {"using":"xpath","value":"//table[contains(@id, \"massStateChangeTable-listUl\")]/tbody/tr[1]/td[11]/div/div/div/div[2]/span"}
RESULT: {"using":"xpath","value":"//table[contains(@id, \"massStateChangeTable-listUl\")]/tbody/tr[1]/td[11]/div/div/div/div[2]/span"}
COMMAND: POST /session/dca704dd9986aef8fc007aa51f130b55/element/f.C7D1417AA12A98AF3022ACBAA3EFBB42.d.4A8BF049609E4FBA6BFDEAFDCDF5CAFB.e.1223/click - {}
RESULT: {}
COMMAND: GET /session/dca704dd9986aef8fc007aa51f130b55/screenshot - {}
RESULT: {}
COMMAND: POST /session/dca704dd9986aef8fc007aa51f130b55/element - {"using":"xpath","value":"//table[contains(@id, \"massStateChangeTable-listUl\")]/tbody/tr[1]/td[11]/div/div/div/div[2]/span"}
RESULT: {"using":"xpath","value":"//table[contains(@id, \"massStateChangeTable-listUl\")]/tbody/tr[1]/td[11]/div/div/div/div[2]/span"}
COMMAND: POST /session/dca704dd9986aef8fc007aa51f130b55/element/f.C7D1417AA12A98AF3022ACBAA3EFBB42.d.4A8BF049609E4FBA6BFDEAFDCDF5CAFB.e.1223/click - {}
RESULT: {}
COMMAND: GET /session/dca704dd9986aef8fc007aa51f130b55/screenshot - {}
RESULT: {}
COMMAND: POST /session/dca704dd9986aef8fc007aa51f130b55/element - {"using":"xpath","value":"//table[contains(@id, \"massStateChangeTable-listUl\")]/tbody/tr[1]/td[11]/div/div/div/div[2]/span"}
RESULT: {"using":"xpath","value":"//table[contains(@id, \"massStateChangeTable-listUl\")]/tbody/tr[1]/td[11]/div/div/div/div[2]/span"}
COMMAND: POST /session/dca704dd9986aef8fc007aa51f130b55/element/f.C7D1417AA12A98AF3022ACBAA3EFBB42.d.4A8BF049609E4FBA6BFDEAFDCDF5CAFB.e.1223/click - {}
RESULT: {}
COMMAND: GET /session/dca704dd9986aef8fc007aa51f130b55/screenshot - {}
RESULT: {}
COMMAND: POST /session/dca704dd9986aef8fc007aa51f130b55/element - {"using":"xpath","value":"//table[contains(@id, \"massStateChangeTable-listUl\")]/tbody/tr[1]/td[11]/div/div/div/div[2]/span"}
RESULT: {"using":"xpath","value":"//table[contains(@id, \"massStateChangeTable-listUl\")]/tbody/tr[1]/td[11]/div/div/div/div[2]/span"}
COMMAND: POST /session/dca704dd9986aef8fc007aa51f130b55/element/f.C7D1417AA12A98AF3022ACBAA3EFBB42.d.4A8BF049609E4FBA6BFDEAFDCDF5CAFB.e.1223/click - {}
RESULT: {}
COMMAND: GET /session/dca704dd9986aef8fc007aa51f130b55/screenshot - {}
RESULT: {}
COMMAND: POST /session/dca704dd9986aef8fc007aa51f130b55/element - {"using":"xpath","value":"//table[contains(@id, \"massStateChangeTable-listUl\")]/tbody/tr[1]/td[11]/div/div/div/div[2]/span"}
RESULT: {"using":"xpath","value":"//table[contains(@id, \"massStateChangeTable-listUl\")]/tbody/tr[1]/td[11]/div/div/div/div[2]/span"}
COMMAND: POST /session/dca704dd9986aef8fc007aa51f130b55/element/f.C7D1417AA12A98AF3022ACBAA3EFBB42.d.4A8BF049609E4FBA6BFDEAFDCDF5CAFB.e.1223/click - {}
RESULT: {}
COMMAND: GET /session/dca704dd9986aef8fc007aa51f130b55/screenshot - {}
RESULT: {}
COMMAND: POST /session/dca704dd9986aef8fc007aa51f130b55/element - {"using":"xpath","value":"//table[contains(@id, \"massStateChangeTable-listUl\")]/tbody/tr[1]/td[11]/div/div/div/div[2]/span"}
RESULT: {"using":"xpath","value":"//table[contains(@id, \"massStateChangeTable-listUl\")]/tbody/tr[1]/td[11]/div/div/div/div[2]/span"}
COMMAND: POST /session/dca704dd9986aef8fc007aa51f130b55/element/f.C7D1417AA12A98AF3022ACBAA3EFBB42.d.4A8BF049609E4FBA6BFDEAFDCDF5CAFB.e.1223/click - {}
RESULT: {}
COMMAND: GET /session/dca704dd9986aef8fc007aa51f130b55/screenshot - {}
RESULT: {}
COMMAND: POST /session/dca704dd9986aef8fc007aa51f130b55/element - {"using":"xpath","value":"//table[contains(@id, \"massStateChangeTable-listUl\")]/tbody/tr[1]/td[11]/div/div/div/div[2]/span"}
RESULT: {"using":"xpath","value":"//table[contains(@id, \"massStateChangeTable-listUl\")]/tbody/tr[1]/td[11]/div/div/div/div[2]/span"}
COMMAND: POST /session/dca704dd9986aef8fc007aa51f130b55/element/f.C7D1417AA12A98AF3022ACBAA3EFBB42.d.4A8BF049609E4FBA6BFDEAFDCDF5CAFB.e.1223/click - {}
RESULT: {}
COMMAND: GET /session/dca704dd9986aef8fc007aa51f130b55/screenshot - {}
RESULT: {}
COMMAND: POST /session/dca704dd9986aef8fc007aa51f130b55/element - {"using":"xpath","value":"//table[contains(@id, \"massStateChangeTable-listUl\")]/tbody/tr[1]/td[11]/div/div/div/div[2]/span"}
RESULT: {"using":"xpath","value":"//table[contains(@id, \"massStateChangeTable-listUl\")]/tbody/tr[1]/td[11]/div/div/div/div[2]/span"}
COMMAND: POST /session/dca704dd9986aef8fc007aa51f130b55/element/f.C7D1417AA12A98AF3022ACBAA3EFBB42.d.4A8BF049609E4FBA6BFDEAFDCDF5CAFB.e.1223/click - {}
RESULT: {}
COMMAND: GET /session/dca704dd9986aef8fc007aa51f130b55/screenshot - {}
RESULT: {}
COMMAND: POST /session/dca704dd9986aef8fc007aa51f130b55/element - {"using":"xpath","value":"//table[contains(@id, \"massStateChangeTable-listUl\")]/tbody/tr[1]/td[11]/div/div/div/div[2]/span"}
RESULT: {"using":"xpath","value":"//table[contains(@id, \"massStateChangeTable-listUl\")]/tbody/tr[1]/td[11]/div/div/div/div[2]/span"}
COMMAND: POST /session/dca704dd9986aef8fc007aa51f130b55/element/f.C7D1417AA12A98AF3022ACBAA3EFBB42.d.4A8BF049609E4FBA6BFDEAFDCDF5CAFB.e.1223/click - {}
RESULT: {}
COMMAND: GET /session/dca704dd9986aef8fc007aa51f130b55/screenshot - {}
RESULT: {}
COMMAND: POST /session/dca704dd9986aef8fc007aa51f130b55/element - {"using":"xpath","value":"//table[contains(@id, \"massStateChangeTable-listUl\")]/tbody/tr[1]/td[11]/div/div/div/div[2]/span"}
RESULT: {"using":"xpath","value":"//table[contains(@id, \"massStateChangeTable-listUl\")]/tbody/tr[1]/td[11]/div/div/div/div[2]/span"}
COMMAND: POST /session/dca704dd9986aef8fc007aa51f130b55/element/f.C7D1417AA12A98AF3022ACBAA3EFBB42.d.4A8BF049609E4FBA6BFDEAFDCDF5CAFB.e.1223/click - {}
RESULT: {}
COMMAND: GET /session/dca704dd9986aef8fc007aa51f130b55/screenshot - {}
RESULT: {}
COMMAND: POST /session/dca704dd9986aef8fc007aa51f130b55/element - {"using":"xpath","value":"//table[contains(@id, \"massStateChangeTable-listUl\")]/tbody/tr[1]/td[11]/div/div/div/div[2]/span"}
RESULT: {"using":"xpath","value":"//table[contains(@id, \"massStateChangeTable-listUl\")]/tbody/tr[1]/td[11]/div/div/div/div[2]/span"}
COMMAND: POST /session/dca704dd9986aef8fc007aa51f130b55/element/f.C7D1417AA12A98AF3022ACBAA3EFBB42.d.4A8BF049609E4FBA6BFDEAFDCDF5CAFB.e.1223/click - {}
RESULT: {}
COMMAND: GET /session/dca704dd9986aef8fc007aa51f130b55/screenshot - {}
RESULT: {}
COMMAND: POST /session/dca704dd9986aef8fc007aa51f130b55/element - {"using":"xpath","value":"//table[contains(@id, \"massStateChangeTable-listUl\")]/tbody/tr[1]/td[11]/div/div/div/div[2]/span"}
RESULT: {"using":"xpath","value":"//table[contains(@id, \"massStateChangeTable-listUl\")]/tbody/tr[1]/td[11]/div/div/div/div[2]/span"}
COMMAND: POST /session/dca704dd9986aef8fc007aa51f130b55/element/f.C7D1417AA12A98AF3022ACBAA3EFBB42.d.4A8BF049609E4FBA6BFDEAFDCDF5CAFB.e.1223/click - {}
RESULT: {}
COMMAND: GET /session/dca704dd9986aef8fc007aa51f130b55/screenshot - {}
RESULT: {}
COMMAND: POST /session/dca704dd9986aef8fc007aa51f130b55/element - {"using":"xpath","value":"//table[contains(@id, \"massStateChangeTable-listUl\")]/tbody/tr[1]/td[11]/div/div/div/div[2]/span"}
RESULT: {"using":"xpath","value":"//table[contains(@id, \"massStateChangeTable-listUl\")]/tbody/tr[1]/td[11]/div/div/div/div[2]/span"}
COMMAND: POST /session/dca704dd9986aef8fc007aa51f130b55/element/f.C7D1417AA12A98AF3022ACBAA3EFBB42.d.4A8BF049609E4FBA6BFDEAFDCDF5CAFB.e.1223/click - {}
RESULT: {}
COMMAND: GET /session/dca704dd9986aef8fc007aa51f130b55/screenshot - {}
RESULT: {}
COMMAND: POST /session/dca704dd9986aef8fc007aa51f130b55/element - {"using":"xpath","value":"//table[contains(@id, \"massStateChangeTable-listUl\")]/tbody/tr[1]/td[11]/div/div/div/div[2]/span"}
RESULT: {"using":"xpath","value":"//table[contains(@id, \"massStateChangeTable-listUl\")]/tbody/tr[1]/td[11]/div/div/div/div[2]/span"}
COMMAND: POST /session/dca704dd9986aef8fc007aa51f130b55/element/f.C7D1417AA12A98AF3022ACBAA3EFBB42.d.4A8BF049609E4FBA6BFDEAFDCDF5CAFB.e.1223/click - {}
RESULT: {}
COMMAND: GET /session/dca704dd9986aef8fc007aa51f130b55/screenshot - {}
RESULT: {}
COMMAND: POST /session/dca704dd9986aef8fc007aa51f130b55/element - {"using":"xpath","value":"//table[contains(@id, \"massStateChangeTable-listUl\")]/tbody/tr[1]/td[11]/div/div/div/div[2]/span"}
RESULT: {"using":"xpath","value":"//table[contains(@id, \"massStateChangeTable-listUl\")]/tbody/tr[1]/td[11]/div/div/div/div[2]/span"}
COMMAND: POST /session/dca704dd9986aef8fc007aa51f130b55/element/f.C7D1417AA12A98AF3022ACBAA3EFBB42.d.4A8BF049609E4FBA6BFDEAFDCDF5CAFB.e.1223/click - {}
RESULT: {}
COMMAND: GET /session/dca704dd9986aef8fc007aa51f130b55/screenshot - {}
RESULT: {}
COMMAND: POST /session/dca704dd9986aef8fc007aa51f130b55/element - {"using":"xpath","value":"//table[contains(@id, \"massStateChangeTable-listUl\")]/tbody/tr[1]/td[11]/div/div/div/div[2]/span"}
RESULT: {"using":"xpath","value":"//table[contains(@id, \"massStateChangeTable-listUl\")]/tbody/tr[1]/td[11]/div/div/div/div[2]/span"}
COMMAND: POST /session/dca704dd9986aef8fc007aa51f130b55/element/f.C7D1417AA12A98AF3022ACBAA3EFBB42.d.4A8BF049609E4FBA6BFDEAFDCDF5CAFB.e.1223/click - {}
RESULT: {}
COMMAND: GET /session/dca704dd9986aef8fc007aa51f130b55/screenshot - {}
RESULT: {}
COMMAND: POST /session/dca704dd9986aef8fc007aa51f130b55/element - {"using":"xpath","value":"//table[contains(@id, \"massStateChangeTable-listUl\")]/tbody/tr[1]/td[11]/div/div/div/div[2]/span"}
RESULT: {"using":"xpath","value":"//table[contains(@id, \"massStateChangeTable-listUl\")]/tbody/tr[1]/td[11]/div/div/div/div[2]/span"}
COMMAND: POST /session/dca704dd9986aef8fc007aa51f130b55/element/f.C7D1417AA12A98AF3022ACBAA3EFBB42.d.4A8BF049609E4FBA6BFDEAFDCDF5CAFB.e.1223/click - {}
RESULT: {}
COMMAND: GET /session/dca704dd9986aef8fc007aa51f130b55/screenshot - {}
RESULT: {}
COMMAND: POST /session/dca704dd9986aef8fc007aa51f130b55/element - {"using":"xpath","value":"//table[contains(@id, \"massStateChangeTable-listUl\")]/tbody/tr[1]/td[11]/div/div/div/div[2]/span"}
RESULT: {"using":"xpath","value":"//table[contains(@id, \"massStateChangeTable-listUl\")]/tbody/tr[1]/td[11]/div/div/div/div[2]/span"}
COMMAND: POST /session/dca704dd9986aef8fc007aa51f130b55/element/f.C7D1417AA12A98AF3022ACBAA3EFBB42.d.4A8BF049609E4FBA6BFDEAFDCDF5CAFB.e.1223/click - {}
RESULT: {}
COMMAND: GET /session/dca704dd9986aef8fc007aa51f130b55/screenshot - {}
RESULT: {}
COMMAND: POST /session/dca704dd9986aef8fc007aa51f130b55/element - {"using":"xpath","value":"//table[contains(@id, \"massStateChangeTable-listUl\")]/tbody/tr[1]/td[11]/div/div/div/div[2]/span"}
RESULT: {"using":"xpath","value":"//table[contains(@id, \"massStateChangeTable-listUl\")]/tbody/tr[1]/td[11]/div/div/div/div[2]/span"}
COMMAND: POST /session/dca704dd9986aef8fc007aa51f130b55/element/f.C7D1417AA12A98AF3022ACBAA3EFBB42.d.4A8BF049609E4FBA6BFDEAFDCDF5CAFB.e.1223/click - {}
RESULT: {}
COMMAND: GET /session/dca704dd9986aef8fc007aa51f130b55/screenshot - {}
RESULT: {}
COMMAND: POST /session/dca704dd9986aef8fc007aa51f130b55/element - {"using":"xpath","value":"//table[contains(@id, \"massStateChangeTable-listUl\")]/tbody/tr[1]/td[11]/div/div/div/div[2]/span"}
RESULT: {"using":"xpath","value":"//table[contains(@id, \"massStateChangeTable-listUl\")]/tbody/tr[1]/td[11]/div/div/div/div[2]/span"}
COMMAND: POST /session/dca704dd9986aef8fc007aa51f130b55/element/f.C7D1417AA12A98AF3022ACBAA3EFBB42.d.4A8BF049609E4FBA6BFDEAFDCDF5CAFB.e.1223/click - {}
RESULT: {}
COMMAND: GET /session/dca704dd9986aef8fc007aa51f130b55/screenshot - {}
RESULT: {}
COMMAND: POST /session/dca704dd9986aef8fc007aa51f130b55/element - {"using":"xpath","value":"//table[contains(@id, \"massStateChangeTable-listUl\")]/tbody/tr[1]/td[11]/div/div/div/div[2]/span"}
RESULT: {"using":"xpath","value":"//table[contains(@id, \"massStateChangeTable-listUl\")]/tbody/tr[1]/td[11]/div/div/div/div[2]/span"}
COMMAND: POST /session/dca704dd9986aef8fc007aa51f130b55/element/f.C7D1417AA12A98AF3022ACBAA3EFBB42.d.4A8BF049609E4FBA6BFDEAFDCDF5CAFB.e.1223/click - {}
RESULT: {}
COMMAND: GET /session/dca704dd9986aef8fc007aa51f130b55/screenshot - {}
RESULT: {}
COMMAND: POST /session/dca704dd9986aef8fc007aa51f130b55/element - {"using":"xpath","value":"//table[contains(@id, \"massStateChangeTable-listUl\")]/tbody/tr[1]/td[11]/div/div/div/div[2]/span"}
RESULT: {"using":"xpath","value":"//table[contains(@id, \"massStateChangeTable-listUl\")]/tbody/tr[1]/td[11]/div/div/div/div[2]/span"}
COMMAND: POST /session/dca704dd9986aef8fc007aa51f130b55/element/f.C7D1417AA12A98AF3022ACBAA3EFBB42.d.4A8BF049609E4FBA6BFDEAFDCDF5CAFB.e.1223/click - {}
RESULT: {}
COMMAND: GET /session/dca704dd9986aef8fc007aa51f130b55/screenshot - {}
RESULT: {}
COMMAND: POST /session/dca704dd9986aef8fc007aa51f130b55/element - {"using":"xpath","value":"//table[contains(@id, \"massStateChangeTable-listUl\")]/tbody/tr[1]/td[11]/div/div/div/div[2]/span"}
RESULT: {"using":"xpath","value":"//table[contains(@id, \"massStateChangeTable-listUl\")]/tbody/tr[1]/td[11]/div/div/div/div[2]/span"}
COMMAND: POST /session/dca704dd9986aef8fc007aa51f130b55/element/f.C7D1417AA12A98AF3022ACBAA3EFBB42.d.4A8BF049609E4FBA6BFDEAFDCDF5CAFB.e.1223/click - {}
RESULT: {}
COMMAND: GET /session/dca704dd9986aef8fc007aa51f130b55/screenshot - {}
RESULT: {}
COMMAND: POST /session/dca704dd9986aef8fc007aa51f130b55/element - {"using":"xpath","value":"//table[contains(@id, \"massStateChangeTable-listUl\")]/tbody/tr[1]/td[11]/div/div/div/div[2]/span"}
RESULT: {"using":"xpath","value":"//table[contains(@id, \"massStateChangeTable-listUl\")]/tbody/tr[1]/td[11]/div/div/div/div[2]/span"}
COMMAND: POST /session/dca704dd9986aef8fc007aa51f130b55/element/f.C7D1417AA12A98AF3022ACBAA3EFBB42.d.4A8BF049609E4FBA6BFDEAFDCDF5CAFB.e.1223/click - {}
RESULT: {}
COMMAND: GET /session/dca704dd9986aef8fc007aa51f130b55/screenshot - {}
RESULT: {}
COMMAND: POST /session/dca704dd9986aef8fc007aa51f130b55/element - {"using":"xpath","value":"//table[contains(@id, \"massStateChangeTable-listUl\")]/tbody/tr[1]/td[11]/div/div/div/div[2]/span"}
RESULT: {"using":"xpath","value":"//table[contains(@id, \"massStateChangeTable-listUl\")]/tbody/tr[1]/td[11]/div/div/div/div[2]/span"}
COMMAND: POST /session/dca704dd9986aef8fc007aa51f130b55/element/f.C7D1417AA12A98AF3022ACBAA3EFBB42.d.4A8BF049609E4FBA6BFDEAFDCDF5CAFB.e.1223/click - {}
RESULT: {}
COMMAND: GET /session/dca704dd9986aef8fc007aa51f130b55/screenshot - {}
RESULT: {}
COMMAND: POST /session/dca704dd9986aef8fc007aa51f130b55/element - {"using":"xpath","value":"//table[contains(@id, \"massStateChangeTable-listUl\")]/tbody/tr[1]/td[11]/div/div/div/div[2]/span"}
RESULT: {"using":"xpath","value":"//table[contains(@id, \"massStateChangeTable-listUl\")]/tbody/tr[1]/td[11]/div/div/div/div[2]/span"}
COMMAND: POST /session/dca704dd9986aef8fc007aa51f130b55/element/f.C7D1417AA12A98AF3022ACBAA3EFBB42.d.4A8BF049609E4FBA6BFDEAFDCDF5CAFB.e.1223/click - {}
RESULT: {}
COMMAND: GET /session/dca704dd9986aef8fc007aa51f130b55/screenshot - {}
RESULT: {}
COMMAND: POST /session/dca704dd9986aef8fc007aa51f130b55/element - {"using":"xpath","value":"//table[contains(@id, \"massStateChangeTable-listUl\")]/tbody/tr[1]/td[11]/div/div/div/div[2]/span"}
RESULT: {"using":"xpath","value":"//table[contains(@id, \"massStateChangeTable-listUl\")]/tbody/tr[1]/td[11]/div/div/div/div[2]/span"}
COMMAND: POST /session/dca704dd9986aef8fc007aa51f130b55/element/f.C7D1417AA12A98AF3022ACBAA3EFBB42.d.4A8BF049609E4FBA6BFDEAFDCDF5CAFB.e.1223/click - {}
RESULT: {}
COMMAND: GET /session/dca704dd9986aef8fc007aa51f130b55/screenshot - {}
RESULT: {}
COMMAND: POST /session/dca704dd9986aef8fc007aa51f130b55/element - {"using":"xpath","value":"//table[contains(@id, \"massStateChangeTable-listUl\")]/tbody/tr[1]/td[11]/div/div/div/div[2]/span"}
RESULT: {"using":"xpath","value":"//table[contains(@id, \"massStateChangeTable-listUl\")]/tbody/tr[1]/td[11]/div/div/div/div[2]/span"}
COMMAND: POST /session/dca704dd9986aef8fc007aa51f130b55/element/f.C7D1417AA12A98AF3022ACBAA3EFBB42.d.4A8BF049609E4FBA6BFDEAFDCDF5CAFB.e.1223/click - {}
RESULT: {}
COMMAND: GET /session/dca704dd9986aef8fc007aa51f130b55/screenshot - {}
RESULT: {}
COMMAND: POST /session/dca704dd9986aef8fc007aa51f130b55/element - {"using":"xpath","value":"//table[contains(@id, \"massStateChangeTable-listUl\")]/tbody/tr[1]/td[11]/div/div/div/div[2]/span"}
RESULT: {"using":"xpath","value":"//table[contains(@id, \"massStateChangeTable-listUl\")]/tbody/tr[1]/td[11]/div/div/div/div[2]/span"}
COMMAND: POST /session/dca704dd9986aef8fc007aa51f130b55/element/f.C7D1417AA12A98AF3022ACBAA3EFBB42.d.4A8BF049609E4FBA6BFDEAFDCDF5CAFB.e.1223/click - {}
RESULT: {}
COMMAND: GET /session/dca704dd9986aef8fc007aa51f130b55/screenshot - {}
RESULT: {}
COMMAND: POST /session/dca704dd9986aef8fc007aa51f130b55/element - {"using":"xpath","value":"//table[contains(@id, \"massStateChangeTable-listUl\")]/tbody/tr[1]/td[11]/div/div/div/div[2]/span"}
RESULT: {"using":"xpath","value":"//table[contains(@id, \"massStateChangeTable-listUl\")]/tbody/tr[1]/td[11]/div/div/div/div[2]/span"}
COMMAND: POST /session/dca704dd9986aef8fc007aa51f130b55/element/f.C7D1417AA12A98AF3022ACBAA3EFBB42.d.4A8BF049609E4FBA6BFDEAFDCDF5CAFB.e.1223/click - {}
RESULT: {}
COMMAND: GET /session/dca704dd9986aef8fc007aa51f130b55/screenshot - {}
RESULT: {}
COMMAND: POST /session/dca704dd9986aef8fc007aa51f130b55/element - {"using":"xpath","value":"//table[contains(@id, \"massStateChangeTable-listUl\")]/tbody/tr[1]/td[11]/div/div/div/div[2]/span"}
RESULT: {"using":"xpath","value":"//table[contains(@id, \"massStateChangeTable-listUl\")]/tbody/tr[1]/td[11]/div/div/div/div[2]/span"}
COMMAND: POST /session/dca704dd9986aef8fc007aa51f130b55/element/f.C7D1417AA12A98AF3022ACBAA3EFBB42.d.4A8BF049609E4FBA6BFDEAFDCDF5CAFB.e.1223/click - {}
RESULT: {}
COMMAND: GET /session/dca704dd9986aef8fc007aa51f130b55/screenshot - {}
RESULT: {}
COMMAND: POST /session/dca704dd9986aef8fc007aa51f130b55/element - {"using":"xpath","value":"//table[contains(@id, \"massStateChangeTable-listUl\")]/tbody/tr[1]/td[11]/div/div/div/div[2]/span"}
RESULT: {"using":"xpath","value":"//table[contains(@id, \"massStateChangeTable-listUl\")]/tbody/tr[1]/td[11]/div/div/div/div[2]/span"}
COMMAND: POST /session/dca704dd9986aef8fc007aa51f130b55/element/f.C7D1417AA12A98AF3022ACBAA3EFBB42.d.4A8BF049609E4FBA6BFDEAFDCDF5CAFB.e.1223/click - {}
RESULT: {}
COMMAND: GET /session/dca704dd9986aef8fc007aa51f130b55/screenshot - {}
RESULT: {}
COMMAND: POST /session/dca704dd9986aef8fc007aa51f130b55/element - {"using":"xpath","value":"//table[contains(@id, \"massStateChangeTable-listUl\")]/tbody/tr[1]/td[11]/div/div/div/div[2]/span"}
RESULT: {"using":"xpath","value":"//table[contains(@id, \"massStateChangeTable-listUl\")]/tbody/tr[1]/td[11]/div/div/div/div[2]/span"}
COMMAND: POST /session/dca704dd9986aef8fc007aa51f130b55/element/f.C7D1417AA12A98AF3022ACBAA3EFBB42.d.4A8BF049609E4FBA6BFDEAFDCDF5CAFB.e.1223/click - {}
RESULT: {}
COMMAND: GET /session/dca704dd9986aef8fc007aa51f130b55/screenshot - {}
RESULT: {}
COMMAND: POST /session/dca704dd9986aef8fc007aa51f130b55/element - {"using":"xpath","value":"//table[contains(@id, \"massStateChangeTable-listUl\")]/tbody/tr[1]/td[11]/div/div/div/div[2]/span"}
RESULT: {"using":"xpath","value":"//table[contains(@id, \"massStateChangeTable-listUl\")]/tbody/tr[1]/td[11]/div/div/div/div[2]/span"}
COMMAND: POST /session/dca704dd9986aef8fc007aa51f130b55/element/f.C7D1417AA12A98AF3022ACBAA3EFBB42.d.4A8BF049609E4FBA6BFDEAFDCDF5CAFB.e.1223/click - {}
RESULT: {}
COMMAND: GET /session/dca704dd9986aef8fc007aa51f130b55/screenshot - {}
RESULT: {}
COMMAND: POST /session/dca704dd9986aef8fc007aa51f130b55/element - {"using":"xpath","value":"//table[contains(@id, \"massStateChangeTable-listUl\")]/tbody/tr[1]/td[11]/div/div/div/div[2]/span"}
RESULT: {"using":"xpath","value":"//table[contains(@id, \"massStateChangeTable-listUl\")]/tbody/tr[1]/td[11]/div/div/div/div[2]/span"}
COMMAND: POST /session/dca704dd9986aef8fc007aa51f130b55/element/f.C7D1417AA12A98AF3022ACBAA3EFBB42.d.4A8BF049609E4FBA6BFDEAFDCDF5CAFB.e.1223/click - {}
RESULT: {}
COMMAND: GET /session/dca704dd9986aef8fc007aa51f130b55/screenshot - {}
RESULT: {}
COMMAND: POST /session/dca704dd9986aef8fc007aa51f130b55/element - {"using":"xpath","value":"//table[contains(@id, \"massStateChangeTable-listUl\")]/tbody/tr[1]/td[11]/div/div/div/div[2]/span"}
RESULT: {"using":"xpath","value":"//table[contains(@id, \"massStateChangeTable-listUl\")]/tbody/tr[1]/td[11]/div/div/div/div[2]/span"}
COMMAND: POST /session/dca704dd9986aef8fc007aa51f130b55/element/f.C7D1417AA12A98AF3022ACBAA3EFBB42.d.4A8BF049609E4FBA6BFDEAFDCDF5CAFB.e.1223/click - {}
RESULT: {}
COMMAND: GET /session/dca704dd9986aef8fc007aa51f130b55/screenshot - {}
RESULT: {}
COMMAND: POST /session/dca704dd9986aef8fc007aa51f130b55/element - {"using":"xpath","value":"//table[contains(@id, \"massStateChangeTable-listUl\")]/tbody/tr[1]/td[11]/div/div/div/div[2]/span"}
RESULT: {"using":"xpath","value":"//table[contains(@id, \"massStateChangeTable-listUl\")]/tbody/tr[1]/td[11]/div/div/div/div[2]/span"}
COMMAND: POST /session/dca704dd9986aef8fc007aa51f130b55/element/f.C7D1417AA12A98AF3022ACBAA3EFBB42.d.4A8BF049609E4FBA6BFDEAFDCDF5CAFB.e.1223/click - {}
RESULT: {}
COMMAND: GET /session/dca704dd9986aef8fc007aa51f130b55/screenshot - {}
RESULT: {}
COMMAND: POST /session/dca704dd9986aef8fc007aa51f130b55/element - {"using":"xpath","value":"//table[contains(@id, \"massStateChangeTable-listUl\")]/tbody/tr[1]/td[11]/div/div/div/div[2]/span"}
RESULT: {"using":"xpath","value":"//table[contains(@id, \"massStateChangeTable-listUl\")]/tbody/tr[1]/td[11]/div/div/div/div[2]/span"}
COMMAND: POST /session/dca704dd9986aef8fc007aa51f130b55/element/f.C7D1417AA12A98AF3022ACBAA3EFBB42.d.4A8BF049609E4FBA6BFDEAFDCDF5CAFB.e.1223/click - {}
RESULT: {}
COMMAND: GET /session/dca704dd9986aef8fc007aa51f130b55/screenshot - {}
RESULT: {}
COMMAND: POST /session/dca704dd9986aef8fc007aa51f130b55/element - {"using":"xpath","value":"//table[contains(@id, \"massStateChangeTable-listUl\")]/tbody/tr[2]/td[11]/div/div/div/div[2]/span"}
RESULT: {"using":"xpath","value":"//table[contains(@id, \"massStateChangeTable-listUl\")]/tbody/tr[2]/td[11]/div/div/div/div[2]/span"}
COMMAND: POST /session/dca704dd9986aef8fc007aa51f130b55/element/f.C7D1417AA12A98AF3022ACBAA3EFBB42.d.4A8BF049609E4FBA6BFDEAFDCDF5CAFB.e.1224/click - {}
RESULT: {}
COMMAND: GET /session/dca704dd9986aef8fc007aa51f130b55/screenshot - {}
RESULT: {}
COMMAND: POST /session/dca704dd9986aef8fc007aa51f130b55/element - {"using":"xpath","value":"//table[contains(@id, \"massStateChangeTable-listUl\")]/tbody/tr[1]/td[11]/div/div/div/input"}
RESULT: {"using":"xpath","value":"//table[contains(@id, \"massStateChangeTable-listUl\")]/tbody/tr[1]/td[11]/div/div/div/input"}
COMMAND: GET /session/dca704dd9986aef8fc007aa51f130b55/element/f.C7D1417AA12A98AF3022ACBAA3EFBB42.d.4A8BF049609E4FBA6BFDEAFDCDF5CAFB.e.1203/property/value - {}
RESULT: {}
COMMAND: POST /session/dca704dd9986aef8fc007aa51f130b55/element - {"using":"xpath","value":"//table[contains(@id, \"massStateChangeTable-listUl\")]/tbody/tr[2]/td[11]/div/div/div/input"}
COMMAND: GET /session/dca704dd9986aef8fc007aa51f130b55/screenshot - {}
RESULT: {"using":"xpath","value":"//table[contains(@id, \"massStateChangeTable-listUl\")]/tbody/tr[2]/td[11]/div/div/div/input"}
COMMAND: GET /session/dca704dd9986aef8fc007aa51f130b55/element/f.C7D1417AA12A98AF3022ACBAA3EFBB42.d.4A8BF049609E4FBA6BFDEAFDCDF5CAFB.e.1207/property/value - {}
RESULT: {}
RESULT: {}
COMMAND: POST /session/dca704dd9986aef8fc007aa51f130b55/element - {"using":"xpath","value":"(//bdi[contains(text(), \"OK\")])[1]"}
COMMAND: GET /session/dca704dd9986aef8fc007aa51f130b55/screenshot - {}
RESULT: {"using":"xpath","value":"(//bdi[contains(text(), \"OK\")])[1]"}
COMMAND: POST /session/dca704dd9986aef8fc007aa51f130b55/element/f.C7D1417AA12A98AF3022ACBAA3EFBB42.d.4A8BF049609E4FBA6BFDEAFDCDF5CAFB.e.1210/click - {}
RESULT: {}
RESULT: {}
COMMAND: GET /session/dca704dd9986aef8fc007aa51f130b55/screenshot - {}
RESULT: {}
COMMAND: POST /session/dca704dd9986aef8fc007aa51f130b55/element - {"using":"xpath","value":"(//bdi[contains(text(), \"OK\")])[2]"}
RESULT: {"using":"xpath","value":"(//bdi[contains(text(), \"OK\")])[2]"}
COMMAND: POST /session/dca704dd9986aef8fc007aa51f130b55/element/f.C7D1417AA12A98AF3022ACBAA3EFBB42.d.4A8BF049609E4FBA6BFDEAFDCDF5CAFB.e.1227/click - {}
RESULT: {}
COMMAND: GET /session/dca704dd9986aef8fc007aa51f130b55/screenshot - {}
RESULT: {}
RESULT: undefined
COMMAND: POST /session/dca704dd9986aef8fc007aa51f130b55/execute/async - {"script":"<script> [776 bytes]","args":[{"enterText":"600002","selector":{"id":"application-ruinventorylist-display-component---Master--smartFilterBar-btnBasicSearch","interaction":{"idSuffix":"I"}},"clearTextFirst":true,"interactionType":"ENTER_TEXT"}]}
RESULT: {"script":"<script> [776 bytes]","args":[{"enterText":"600002","selector":{"id":"application-ruinventorylist-display-component---Master--smartFilterBar-btnBasicSearch","interaction":{"idSuffix":"I"}},"clearTextFirst":true,"interactionType":"ENTER_TEXT"}]}
COMMAND: POST /session/dca704dd9986aef8fc007aa51f130b55/actions - {"actions":[{"id":"action5","type":"key","parameters":{},"actions":[{"type":"keyDown","value":"î€‡"},{"type":"pause","duration":10},{"type":"keyUp","value":"î€‡"}]}]}
RESULT: {"actions":[{"id":"action5","type":"key","parameters":{},"actions":[{"type":"keyDown","value":"î€‡"},{"type":"pause","duration":10},{"type":"keyUp","value":"î€‡"}]}]}
COMMAND: GET /session/dca704dd9986aef8fc007aa51f130b55/screenshot - {}
RESULT: {}
COMMAND: POST /session/dca704dd9986aef8fc007aa51f130b55/element - {"using":"xpath","value":"//span[@id=\"application-ruinventorylist-display-component---Master--smartTableRuInventoryList-header-inner\"]"}
RESULT: {"using":"xpath","value":"//span[@id=\"application-ruinventorylist-display-component---Master--smartTableRuInventoryList-header-inner\"]"}
COMMAND: POST /session/dca704dd9986aef8fc007aa51f130b55/elements - {"using":"xpath","value":"//span[@id=\"application-ruinventorylist-display-component---Master--smartTableRuInventoryList-header-inner\"]"}
RESULT: {"using":"xpath","value":"//span[@id=\"application-ruinventorylist-display-component---Master--smartTableRuInventoryList-header-inner\"]"}
COMMAND: POST /session/dca704dd9986aef8fc007aa51f130b55/execute/sync - {"script":"<script> [56 bytes]","args":[{"element-6066-11e4-a52e-4f735466cecf":"f.C7D1417AA12A98AF3022ACBAA3EFBB42.d.4A8BF049609E4FBA6BFDEAFDCDF5CAFB.e.886","ELEMENT":"f.C7D1417AA12A98AF3022ACBAA3EFBB42.d.4A8BF049609E4FBA6BFDEAFDCDF5CAFB.e.886"}]}
RESULT: {"script":"<script> [56 bytes]","args":[{"element-6066-11e4-a52e-4f735466cecf":"f.C7D1417AA12A98AF3022ACBAA3EFBB42.d.4A8BF049609E4FBA6BFDEAFDCDF5CAFB.e.886","ELEMENT":"f.C7D1417AA12A98AF3022ACBAA3EFBB42.d.4A8BF049609E4FBA6BFDEAFDCDF5CAFB.e.886"}]}
COMMAND: POST /session/dca704dd9986aef8fc007aa51f130b55/element - {"using":"xpath","value":"//table[contains(@id, \"application-ruinventorylist-display-component---Master--tableRuInventoryList-listUl\")]/tbody/tr[1]/td[6]/div/span"}
COMMAND: GET /session/dca704dd9986aef8fc007aa51f130b55/screenshot - {}
RESULT: {"using":"xpath","value":"//table[contains(@id, \"application-ruinventorylist-display-component---Master--tableRuInventoryList-listUl\")]/tbody/tr[1]/td[6]/div/span"}
COMMAND: POST /session/dca704dd9986aef8fc007aa51f130b55/execute/sync - {"script":"<script> [56 bytes]","args":[{"element-6066-11e4-a52e-4f735466cecf":"f.C7D1417AA12A98AF3022ACBAA3EFBB42.d.4A8BF049609E4FBA6BFDEAFDCDF5CAFB.e.1249","ELEMENT":"f.C7D1417AA12A98AF3022ACBAA3EFBB42.d.4A8BF049609E4FBA6BFDEAFDCDF5CAFB.e.1249"}]}
RESULT: {}
RESULT: {"script":"<script> [56 bytes]","args":[{"element-6066-11e4-a52e-4f735466cecf":"f.C7D1417AA12A98AF3022ACBAA3EFBB42.d.4A8BF049609E4FBA6BFDEAFDCDF5CAFB.e.1249","ELEMENT":"f.C7D1417AA12A98AF3022ACBAA3EFBB42.d.4A8BF049609E4FBA6BFDEAFDCDF5CAFB.e.1249"}]}
COMMAND: POST /session/dca704dd9986aef8fc007aa51f130b55/element - {"using":"xpath","value":"//div[contains(@id, \"smartFilterBar-btnBasicSearch-reset\")]"}
COMMAND: GET /session/dca704dd9986aef8fc007aa51f130b55/screenshot - {}
RESULT: {"using":"xpath","value":"//div[contains(@id, \"smartFilterBar-btnBasicSearch-reset\")]"}
COMMAND: POST /session/dca704dd9986aef8fc007aa51f130b55/element/f.C7D1417AA12A98AF3022ACBAA3EFBB42.d.4A8BF049609E4FBA6BFDEAFDCDF5CAFB.e.904/click - {}
RESULT: {}
RESULT: {}
COMMAND: GET /session/dca704dd9986aef8fc007aa51f130b55/screenshot - {}
RESULT: {}
RESULT: undefined
COMMAND: POST /session/dca704dd9986aef8fc007aa51f130b55/execute/async - {"script":"<script> [776 bytes]","args":[{"enterText":"401002","selector":{"id":"application-ruinventorylist-display-component---Master--smartFilterBar-btnBasicSearch","interaction":{"idSuffix":"I"}},"clearTextFirst":true,"interactionType":"ENTER_TEXT"}]}
RESULT: {"script":"<script> [776 bytes]","args":[{"enterText":"401002","selector":{"id":"application-ruinventorylist-display-component---Master--smartFilterBar-btnBasicSearch","interaction":{"idSuffix":"I"}},"clearTextFirst":true,"interactionType":"ENTER_TEXT"}]}
COMMAND: POST /session/dca704dd9986aef8fc007aa51f130b55/actions - {"actions":[{"id":"action6","type":"key","parameters":{},"actions":[{"type":"keyDown","value":"î€‡"},{"type":"pause","duration":10},{"type":"keyUp","value":"î€‡"}]}]}
RESULT: {"actions":[{"id":"action6","type":"key","parameters":{},"actions":[{"type":"keyDown","value":"î€‡"},{"type":"pause","duration":10},{"type":"keyUp","value":"î€‡"}]}]}
COMMAND: GET /session/dca704dd9986aef8fc007aa51f130b55/screenshot - {}
RESULT: {}
COMMAND: POST /session/dca704dd9986aef8fc007aa51f130b55/element - {"using":"xpath","value":"//span[@id=\"application-ruinventorylist-display-component---Master--smartTableRuInventoryList-header-inner\"]"}
RESULT: {"using":"xpath","value":"//span[@id=\"application-ruinventorylist-display-component---Master--smartTableRuInventoryList-header-inner\"]"}
COMMAND: POST /session/dca704dd9986aef8fc007aa51f130b55/elements - {"using":"xpath","value":"//span[@id=\"application-ruinventorylist-display-component---Master--smartTableRuInventoryList-header-inner\"]"}
RESULT: {"using":"xpath","value":"//span[@id=\"application-ruinventorylist-display-component---Master--smartTableRuInventoryList-header-inner\"]"}
COMMAND: POST /session/dca704dd9986aef8fc007aa51f130b55/execute/sync - {"script":"<script> [56 bytes]","args":[{"element-6066-11e4-a52e-4f735466cecf":"f.C7D1417AA12A98AF3022ACBAA3EFBB42.d.4A8BF049609E4FBA6BFDEAFDCDF5CAFB.e.886","ELEMENT":"f.C7D1417AA12A98AF3022ACBAA3EFBB42.d.4A8BF049609E4FBA6BFDEAFDCDF5CAFB.e.886"}]}
RESULT: {"script":"<script> [56 bytes]","args":[{"element-6066-11e4-a52e-4f735466cecf":"f.C7D1417AA12A98AF3022ACBAA3EFBB42.d.4A8BF049609E4FBA6BFDEAFDCDF5CAFB.e.886","ELEMENT":"f.C7D1417AA12A98AF3022ACBAA3EFBB42.d.4A8BF049609E4FBA6BFDEAFDCDF5CAFB.e.886"}]}
COMMAND: POST /session/dca704dd9986aef8fc007aa51f130b55/element - {"using":"xpath","value":"//table[contains(@id, \"application-ruinventorylist-display-component---Master--tableRuInventoryList-listUl\")]/tbody/tr[1]/td[6]/div/span"}
COMMAND: GET /session/dca704dd9986aef8fc007aa51f130b55/screenshot - {}
RESULT: {"using":"xpath","value":"//table[contains(@id, \"application-ruinventorylist-display-component---Master--tableRuInventoryList-listUl\")]/tbody/tr[1]/td[6]/div/span"}
COMMAND: POST /session/dca704dd9986aef8fc007aa51f130b55/execute/sync - {"script":"<script> [56 bytes]","args":[{"element-6066-11e4-a52e-4f735466cecf":"f.C7D1417AA12A98AF3022ACBAA3EFBB42.d.4A8BF049609E4FBA6BFDEAFDCDF5CAFB.e.1333","ELEMENT":"f.C7D1417AA12A98AF3022ACBAA3EFBB42.d.4A8BF049609E4FBA6BFDEAFDCDF5CAFB.e.1333"}]}
RESULT: {}
RESULT: {"script":"<script> [56 bytes]","args":[{"element-6066-11e4-a52e-4f735466cecf":"f.C7D1417AA12A98AF3022ACBAA3EFBB42.d.4A8BF049609E4FBA6BFDEAFDCDF5CAFB.e.1333","ELEMENT":"f.C7D1417AA12A98AF3022ACBAA3EFBB42.d.4A8BF049609E4FBA6BFDEAFDCDF5CAFB.e.1333"}]}
COMMAND: POST /session/dca704dd9986aef8fc007aa51f130b55/element - {"using":"xpath","value":"//div[contains(@id, \"smartFilterBar-btnBasicSearch-reset\")]"}
COMMAND: GET /session/dca704dd9986aef8fc007aa51f130b55/screenshot - {}
RESULT: {"using":"xpath","value":"//div[contains(@id, \"smartFilterBar-btnBasicSearch-reset\")]"}
COMMAND: POST /session/dca704dd9986aef8fc007aa51f130b55/element/f.C7D1417AA12A98AF3022ACBAA3EFBB42.d.4A8BF049609E4FBA6BFDEAFDCDF5CAFB.e.904/click - {}
RESULT: {}
RESULT: {}
COMMAND: GET /session/dca704dd9986aef8fc007aa51f130b55/screenshot - {}
COMMAND: POST /session/dca704dd9986aef8fc007aa51f130b55/element/f.C7D1417AA12A98AF3022ACBAA3EFBB42.d.4A8BF049609E4FBA6BFDEAFDCDF5CAFB.e.311/click - {}
RESULT: {}
RESULT: {}
COMMAND: GET /session/dca704dd9986aef8fc007aa51f130b55/screenshot - {}
RESULT: {}
RESULT: undefined
COMMAND: POST /session/dca704dd9986aef8fc007aa51f130b55/execute/async - {"script":"<script> [776 bytes]","args":[{"enterText":"600002","selector":{"id":"application-ruinventorylist-display-component---Master--smartFilterBar-btnBasicSearch","interaction":{"idSuffix":"I"}},"clearTextFirst":true,"interactionType":"ENTER_TEXT"}]}
RESULT: {"script":"<script> [776 bytes]","args":[{"enterText":"600002","selector":{"id":"application-ruinventorylist-display-component---Master--smartFilterBar-btnBasicSearch","interaction":{"idSuffix":"I"}},"clearTextFirst":true,"interactionType":"ENTER_TEXT"}]}
COMMAND: POST /session/dca704dd9986aef8fc007aa51f130b55/actions - {"actions":[{"id":"action7","type":"key","parameters":{},"actions":[{"type":"keyDown","value":"î€‡"},{"type":"pause","duration":10},{"type":"keyUp","value":"î€‡"}]}]}
RESULT: {"actions":[{"id":"action7","type":"key","parameters":{},"actions":[{"type":"keyDown","value":"î€‡"},{"type":"pause","duration":10},{"type":"keyUp","value":"î€‡"}]}]}
COMMAND: GET /session/dca704dd9986aef8fc007aa51f130b55/screenshot - {}
RESULT: {}
COMMAND: POST /session/dca704dd9986aef8fc007aa51f130b55/element - {"using":"xpath","value":"//span[@id=\"application-ruinventorylist-display-component---Master--smartTableRuInventoryList-header-inner\"]"}
RESULT: {"using":"xpath","value":"//span[@id=\"application-ruinventorylist-display-component---Master--smartTableRuInventoryList-header-inner\"]"}
COMMAND: POST /session/dca704dd9986aef8fc007aa51f130b55/elements - {"using":"xpath","value":"//span[@id=\"application-ruinventorylist-display-component---Master--smartTableRuInventoryList-header-inner\"]"}
RESULT: {"using":"xpath","value":"//span[@id=\"application-ruinventorylist-display-component---Master--smartTableRuInventoryList-header-inner\"]"}
COMMAND: POST /session/dca704dd9986aef8fc007aa51f130b55/execute/sync - {"script":"<script> [56 bytes]","args":[{"element-6066-11e4-a52e-4f735466cecf":"f.C7D1417AA12A98AF3022ACBAA3EFBB42.d.4A8BF049609E4FBA6BFDEAFDCDF5CAFB.e.886","ELEMENT":"f.C7D1417AA12A98AF3022ACBAA3EFBB42.d.4A8BF049609E4FBA6BFDEAFDCDF5CAFB.e.886"}]}
RESULT: {"script":"<script> [56 bytes]","args":[{"element-6066-11e4-a52e-4f735466cecf":"f.C7D1417AA12A98AF3022ACBAA3EFBB42.d.4A8BF049609E4FBA6BFDEAFDCDF5CAFB.e.886","ELEMENT":"f.C7D1417AA12A98AF3022ACBAA3EFBB42.d.4A8BF049609E4FBA6BFDEAFDCDF5CAFB.e.886"}]}
COMMAND: POST /session/dca704dd9986aef8fc007aa51f130b55/element - {"using":"xpath","value":"//table[contains(@id, \"application-ruinventorylist-display-component---Master--tableRuInventoryList-listUl\")]/tbody/tr[1]/td[2]/div/div"}
COMMAND: GET /session/dca704dd9986aef8fc007aa51f130b55/screenshot - {}
RESULT: {"using":"xpath","value":"//table[contains(@id, \"application-ruinventorylist-display-component---Master--tableRuInventoryList-listUl\")]/tbody/tr[1]/td[2]/div/div"}
COMMAND: POST /session/dca704dd9986aef8fc007aa51f130b55/element/f.C7D1417AA12A98AF3022ACBAA3EFBB42.d.4A8BF049609E4FBA6BFDEAFDCDF5CAFB.e.1589/click - {}
RESULT: {}
RESULT: {}
COMMAND: GET /session/dca704dd9986aef8fc007aa51f130b55/screenshot - {}
RESULT: {}
COMMAND: POST /session/dca704dd9986aef8fc007aa51f130b55/element - {"using":"xpath","value":"//div[contains(@id, \"smartFilterBar-btnBasicSearch-reset\")]"}
RESULT: {"using":"xpath","value":"//div[contains(@id, \"smartFilterBar-btnBasicSearch-reset\")]"}
COMMAND: POST /session/dca704dd9986aef8fc007aa51f130b55/element/f.C7D1417AA12A98AF3022ACBAA3EFBB42.d.4A8BF049609E4FBA6BFDEAFDCDF5CAFB.e.904/click - {}
RESULT: {}
COMMAND: GET /session/dca704dd9986aef8fc007aa51f130b55/screenshot - {}
RESULT: undefined
COMMAND: POST /session/dca704dd9986aef8fc007aa51f130b55/execute/async - {"script":"<script> [776 bytes]","args":[{"enterText":"401002","selector":{"id":"application-ruinventorylist-display-component---Master--smartFilterBar-btnBasicSearch","interaction":{"idSuffix":"I"}},"clearTextFirst":true,"interactionType":"ENTER_TEXT"}]}
RESULT: {}
RESULT: {"script":"<script> [776 bytes]","args":[{"enterText":"401002","selector":{"id":"application-ruinventorylist-display-component---Master--smartFilterBar-btnBasicSearch","interaction":{"idSuffix":"I"}},"clearTextFirst":true,"interactionType":"ENTER_TEXT"}]}
COMMAND: POST /session/dca704dd9986aef8fc007aa51f130b55/actions - {"actions":[{"id":"action8","type":"key","parameters":{},"actions":[{"type":"keyDown","value":"î€‡"},{"type":"pause","duration":10},{"type":"keyUp","value":"î€‡"}]}]}
RESULT: {"actions":[{"id":"action8","type":"key","parameters":{},"actions":[{"type":"keyDown","value":"î€‡"},{"type":"pause","duration":10},{"type":"keyUp","value":"î€‡"}]}]}
COMMAND: GET /session/dca704dd9986aef8fc007aa51f130b55/screenshot - {}
RESULT: {}
COMMAND: POST /session/dca704dd9986aef8fc007aa51f130b55/element - {"using":"xpath","value":"//span[@id=\"application-ruinventorylist-display-component---Master--smartTableRuInventoryList-header-inner\"]"}
RESULT: {"using":"xpath","value":"//span[@id=\"application-ruinventorylist-display-component---Master--smartTableRuInventoryList-header-inner\"]"}
COMMAND: POST /session/dca704dd9986aef8fc007aa51f130b55/elements - {"using":"xpath","value":"//span[@id=\"application-ruinventorylist-display-component---Master--smartTableRuInventoryList-header-inner\"]"}
RESULT: {"using":"xpath","value":"//span[@id=\"application-ruinventorylist-display-component---Master--smartTableRuInventoryList-header-inner\"]"}
COMMAND: POST /session/dca704dd9986aef8fc007aa51f130b55/execute/sync - {"script":"<script> [56 bytes]","args":[{"element-6066-11e4-a52e-4f735466cecf":"f.C7D1417AA12A98AF3022ACBAA3EFBB42.d.4A8BF049609E4FBA6BFDEAFDCDF5CAFB.e.886","ELEMENT":"f.C7D1417AA12A98AF3022ACBAA3EFBB42.d.4A8BF049609E4FBA6BFDEAFDCDF5CAFB.e.886"}]}
RESULT: {"script":"<script> [56 bytes]","args":[{"element-6066-11e4-a52e-4f735466cecf":"f.C7D1417AA12A98AF3022ACBAA3EFBB42.d.4A8BF049609E4FBA6BFDEAFDCDF5CAFB.e.886","ELEMENT":"f.C7D1417AA12A98AF3022ACBAA3EFBB42.d.4A8BF049609E4FBA6BFDEAFDCDF5CAFB.e.886"}]}
COMMAND: POST /session/dca704dd9986aef8fc007aa51f130b55/element - {"using":"xpath","value":"//table[contains(@id, \"application-ruinventorylist-display-component---Master--tableRuInventoryList-listUl\")]/tbody/tr[1]/td[2]/div/div"}
COMMAND: GET /session/dca704dd9986aef8fc007aa51f130b55/screenshot - {}
RESULT: {"using":"xpath","value":"//table[contains(@id, \"application-ruinventorylist-display-component---Master--tableRuInventoryList-listUl\")]/tbody/tr[1]/td[2]/div/div"}
COMMAND: POST /session/dca704dd9986aef8fc007aa51f130b55/element/f.C7D1417AA12A98AF3022ACBAA3EFBB42.d.4A8BF049609E4FBA6BFDEAFDCDF5CAFB.e.1741/click - {}
RESULT: {}
RESULT: {}
COMMAND: GET /session/dca704dd9986aef8fc007aa51f130b55/screenshot - {}
RESULT: {}
COMMAND: POST /session/dca704dd9986aef8fc007aa51f130b55/element - {"using":"xpath","value":"//div[contains(@id, \"smartFilterBar-btnBasicSearch-reset\")]"}
RESULT: {"using":"xpath","value":"//div[contains(@id, \"smartFilterBar-btnBasicSearch-reset\")]"}
COMMAND: POST /session/dca704dd9986aef8fc007aa51f130b55/element/f.C7D1417AA12A98AF3022ACBAA3EFBB42.d.4A8BF049609E4FBA6BFDEAFDCDF5CAFB.e.904/click - {}
RESULT: {}
COMMAND: GET /session/dca704dd9986aef8fc007aa51f130b55/screenshot - {}
RESULT: {}
COMMAND: POST /session/dca704dd9986aef8fc007aa51f130b55/element/f.C7D1417AA12A98AF3022ACBAA3EFBB42.d.4A8BF049609E4FBA6BFDEAFDCDF5CAFB.e.311/click - {}
RESULT: {}
COMMAND: GET /session/dca704dd9986aef8fc007aa51f130b55/screenshot - {}
RESULT: {}
RESULT: undefined
COMMAND: POST /session/dca704dd9986aef8fc007aa51f130b55/element - {"using":"xpath","value":"//*[@id=\"application-ruinventorylist-display-component---Master--ruStateTypes-arrow\"]"}
RESULT: {"using":"xpath","value":"//*[@id=\"application-ruinventorylist-display-component---Master--ruStateTypes-arrow\"]"}
COMMAND: POST /session/dca704dd9986aef8fc007aa51f130b55/element/f.C7D1417AA12A98AF3022ACBAA3EFBB42.d.4A8BF049609E4FBA6BFDEAFDCDF5CAFB.e.1905/click - {}
RESULT: {}
COMMAND: GET /session/dca704dd9986aef8fc007aa51f130b55/screenshot - {}
RESULT: {}
COMMAND: POST /session/dca704dd9986aef8fc007aa51f130b55/element - {"using":"xpath","value":"//li[.//span[text()=\"available\"]]"}
RESULT: {"using":"xpath","value":"//li[.//span[text()=\"available\"]]"}
COMMAND: POST /session/dca704dd9986aef8fc007aa51f130b55/element/f.C7D1417AA12A98AF3022ACBAA3EFBB42.d.4A8BF049609E4FBA6BFDEAFDCDF5CAFB.e.1906/click - {}
RESULT: {}
COMMAND: GET /session/dca704dd9986aef8fc007aa51f130b55/screenshot - {}
RESULT: {}
COMMAND: POST /session/dca704dd9986aef8fc007aa51f130b55/element - {"using":"xpath","value":"(//bdi[contains(text(), \"OK\")])[1]"}
RESULT: {"using":"xpath","value":"(//bdi[contains(text(), \"OK\")])[1]"}
COMMAND: POST /session/dca704dd9986aef8fc007aa51f130b55/element/f.C7D1417AA12A98AF3022ACBAA3EFBB42.d.4A8BF049609E4FBA6BFDEAFDCDF5CAFB.e.1907/click - {}
RESULT: {}
COMMAND: GET /session/dca704dd9986aef8fc007aa51f130b55/screenshot - {}
RESULT: {}
COMMAND: POST /session/dca704dd9986aef8fc007aa51f130b55/element - {"using":"xpath","value":"(//bdi[contains(text(), \"OK\")])[2]"}
RESULT: {"using":"xpath","value":"(//bdi[contains(text(), \"OK\")])[2]"}
COMMAND: POST /session/dca704dd9986aef8fc007aa51f130b55/element/f.C7D1417AA12A98AF3022ACBAA3EFBB42.d.4A8BF049609E4FBA6BFDEAFDCDF5CAFB.e.1911/click - {}
RESULT: {}
COMMAND: GET /session/dca704dd9986aef8fc007aa51f130b55/screenshot - {}
RESULT: {}
RESULT: undefined
COMMAND: POST /session/dca704dd9986aef8fc007aa51f130b55/execute/async - {"script":"<script> [776 bytes]","args":[{"enterText":"600002","selector":{"id":"application-ruinventorylist-display-component---Master--smartFilterBar-btnBasicSearch","interaction":{"idSuffix":"I"}},"clearTextFirst":true,"interactionType":"ENTER_TEXT"}]}
RESULT: {"script":"<script> [776 bytes]","args":[{"enterText":"600002","selector":{"id":"application-ruinventorylist-display-component---Master--smartFilterBar-btnBasicSearch","interaction":{"idSuffix":"I"}},"clearTextFirst":true,"interactionType":"ENTER_TEXT"}]}
COMMAND: POST /session/dca704dd9986aef8fc007aa51f130b55/actions - {"actions":[{"id":"action9","type":"key","parameters":{},"actions":[{"type":"keyDown","value":"î€‡"},{"type":"pause","duration":10},{"type":"keyUp","value":"î€‡"}]}]}
RESULT: {"actions":[{"id":"action9","type":"key","parameters":{},"actions":[{"type":"keyDown","value":"î€‡"},{"type":"pause","duration":10},{"type":"keyUp","value":"î€‡"}]}]}
COMMAND: GET /session/dca704dd9986aef8fc007aa51f130b55/screenshot - {}
RESULT: {}
COMMAND: POST /session/dca704dd9986aef8fc007aa51f130b55/element - {"using":"xpath","value":"//span[@id=\"application-ruinventorylist-display-component---Master--smartTableRuInventoryList-header-inner\"]"}
RESULT: {"using":"xpath","value":"//span[@id=\"application-ruinventorylist-display-component---Master--smartTableRuInventoryList-header-inner\"]"}
COMMAND: POST /session/dca704dd9986aef8fc007aa51f130b55/elements - {"using":"xpath","value":"//span[@id=\"application-ruinventorylist-display-component---Master--smartTableRuInventoryList-header-inner\"]"}
RESULT: {"using":"xpath","value":"//span[@id=\"application-ruinventorylist-display-component---Master--smartTableRuInventoryList-header-inner\"]"}
COMMAND: POST /session/dca704dd9986aef8fc007aa51f130b55/execute/sync - {"script":"<script> [56 bytes]","args":[{"element-6066-11e4-a52e-4f735466cecf":"f.C7D1417AA12A98AF3022ACBAA3EFBB42.d.4A8BF049609E4FBA6BFDEAFDCDF5CAFB.e.886","ELEMENT":"f.C7D1417AA12A98AF3022ACBAA3EFBB42.d.4A8BF049609E4FBA6BFDEAFDCDF5CAFB.e.886"}]}
RESULT: {"script":"<script> [56 bytes]","args":[{"element-6066-11e4-a52e-4f735466cecf":"f.C7D1417AA12A98AF3022ACBAA3EFBB42.d.4A8BF049609E4FBA6BFDEAFDCDF5CAFB.e.886","ELEMENT":"f.C7D1417AA12A98AF3022ACBAA3EFBB42.d.4A8BF049609E4FBA6BFDEAFDCDF5CAFB.e.886"}]}
COMMAND: POST /session/dca704dd9986aef8fc007aa51f130b55/element - {"using":"xpath","value":"//table[contains(@id, \"application-ruinventorylist-display-component---Master--tableRuInventoryList-listUl\")]/tbody/tr[1]/td[6]/div/span"}
COMMAND: GET /session/dca704dd9986aef8fc007aa51f130b55/screenshot - {}
RESULT: {"using":"xpath","value":"//table[contains(@id, \"application-ruinventorylist-display-component---Master--tableRuInventoryList-listUl\")]/tbody/tr[1]/td[6]/div/span"}
COMMAND: POST /session/dca704dd9986aef8fc007aa51f130b55/execute/sync - {"script":"<script> [56 bytes]","args":[{"element-6066-11e4-a52e-4f735466cecf":"f.C7D1417AA12A98AF3022ACBAA3EFBB42.d.4A8BF049609E4FBA6BFDEAFDCDF5CAFB.e.1930","ELEMENT":"f.C7D1417AA12A98AF3022ACBAA3EFBB42.d.4A8BF049609E4FBA6BFDEAFDCDF5CAFB.e.1930"}]}
RESULT: {}
RESULT: {"script":"<script> [56 bytes]","args":[{"element-6066-11e4-a52e-4f735466cecf":"f.C7D1417AA12A98AF3022ACBAA3EFBB42.d.4A8BF049609E4FBA6BFDEAFDCDF5CAFB.e.1930","ELEMENT":"f.C7D1417AA12A98AF3022ACBAA3EFBB42.d.4A8BF049609E4FBA6BFDEAFDCDF5CAFB.e.1930"}]}
COMMAND: POST /session/dca704dd9986aef8fc007aa51f130b55/element - {"using":"xpath","value":"//div[contains(@id, \"smartFilterBar-btnBasicSearch-reset\")]"}
COMMAND: GET /session/dca704dd9986aef8fc007aa51f130b55/screenshot - {}
RESULT: {"using":"xpath","value":"//div[contains(@id, \"smartFilterBar-btnBasicSearch-reset\")]"}
COMMAND: POST /session/dca704dd9986aef8fc007aa51f130b55/element/f.C7D1417AA12A98AF3022ACBAA3EFBB42.d.4A8BF049609E4FBA6BFDEAFDCDF5CAFB.e.904/click - {}
RESULT: {}
RESULT: {}
COMMAND: GET /session/dca704dd9986aef8fc007aa51f130b55/screenshot - {}
RESULT: {}
RESULT: undefined
COMMAND: POST /session/dca704dd9986aef8fc007aa51f130b55/execute/async - {"script":"<script> [776 bytes]","args":[{"enterText":"401002","selector":{"id":"application-ruinventorylist-display-component---Master--smartFilterBar-btnBasicSearch","interaction":{"idSuffix":"I"}},"clearTextFirst":true,"interactionType":"ENTER_TEXT"}]}
RESULT: {"script":"<script> [776 bytes]","args":[{"enterText":"401002","selector":{"id":"application-ruinventorylist-display-component---Master--smartFilterBar-btnBasicSearch","interaction":{"idSuffix":"I"}},"clearTextFirst":true,"interactionType":"ENTER_TEXT"}]}
COMMAND: POST /session/dca704dd9986aef8fc007aa51f130b55/actions - {"actions":[{"id":"action10","type":"key","parameters":{},"actions":[{"type":"keyDown","value":"î€‡"},{"type":"pause","duration":10},{"type":"keyUp","value":"î€‡"}]}]}
RESULT: {"actions":[{"id":"action10","type":"key","parameters":{},"actions":[{"type":"keyDown","value":"î€‡"},{"type":"pause","duration":10},{"type":"keyUp","value":"î€‡"}]}]}
COMMAND: GET /session/dca704dd9986aef8fc007aa51f130b55/screenshot - {}
RESULT: {}
COMMAND: POST /session/dca704dd9986aef8fc007aa51f130b55/element - {"using":"xpath","value":"//span[@id=\"application-ruinventorylist-display-component---Master--smartTableRuInventoryList-header-inner\"]"}
RESULT: {"using":"xpath","value":"//span[@id=\"application-ruinventorylist-display-component---Master--smartTableRuInventoryList-header-inner\"]"}
COMMAND: POST /session/dca704dd9986aef8fc007aa51f130b55/elements - {"using":"xpath","value":"//span[@id=\"application-ruinventorylist-display-component---Master--smartTableRuInventoryList-header-inner\"]"}
RESULT: {"using":"xpath","value":"//span[@id=\"application-ruinventorylist-display-component---Master--smartTableRuInventoryList-header-inner\"]"}
COMMAND: POST /session/dca704dd9986aef8fc007aa51f130b55/execute/sync - {"script":"<script> [56 bytes]","args":[{"element-6066-11e4-a52e-4f735466cecf":"f.C7D1417AA12A98AF3022ACBAA3EFBB42.d.4A8BF049609E4FBA6BFDEAFDCDF5CAFB.e.886","ELEMENT":"f.C7D1417AA12A98AF3022ACBAA3EFBB42.d.4A8BF049609E4FBA6BFDEAFDCDF5CAFB.e.886"}]}
RESULT: {"script":"<script> [56 bytes]","args":[{"element-6066-11e4-a52e-4f735466cecf":"f.C7D1417AA12A98AF3022ACBAA3EFBB42.d.4A8BF049609E4FBA6BFDEAFDCDF5CAFB.e.886","ELEMENT":"f.C7D1417AA12A98AF3022ACBAA3EFBB42.d.4A8BF049609E4FBA6BFDEAFDCDF5CAFB.e.886"}]}
COMMAND: POST /session/dca704dd9986aef8fc007aa51f130b55/element - {"using":"xpath","value":"//table[contains(@id, \"application-ruinventorylist-display-component---Master--tableRuInventoryList-listUl\")]/tbody/tr[1]/td[6]/div/span"}
COMMAND: GET /session/dca704dd9986aef8fc007aa51f130b55/screenshot - {}
RESULT: {"using":"xpath","value":"//table[contains(@id, \"application-ruinventorylist-display-component---Master--tableRuInventoryList-listUl\")]/tbody/tr[1]/td[6]/div/span"}
COMMAND: POST /session/dca704dd9986aef8fc007aa51f130b55/execute/sync - {"script":"<script> [56 bytes]","args":[{"element-6066-11e4-a52e-4f735466cecf":"f.C7D1417AA12A98AF3022ACBAA3EFBB42.d.4A8BF049609E4FBA6BFDEAFDCDF5CAFB.e.2014","ELEMENT":"f.C7D1417AA12A98AF3022ACBAA3EFBB42.d.4A8BF049609E4FBA6BFDEAFDCDF5CAFB.e.2014"}]}
RESULT: {}
RESULT: {"script":"<script> [56 bytes]","args":[{"element-6066-11e4-a52e-4f735466cecf":"f.C7D1417AA12A98AF3022ACBAA3EFBB42.d.4A8BF049609E4FBA6BFDEAFDCDF5CAFB.e.2014","ELEMENT":"f.C7D1417AA12A98AF3022ACBAA3EFBB42.d.4A8BF049609E4FBA6BFDEAFDCDF5CAFB.e.2014"}]}
COMMAND: POST /session/dca704dd9986aef8fc007aa51f130b55/element - {"using":"xpath","value":"//div[contains(@id, \"smartFilterBar-btnBasicSearch-reset\")]"}
COMMAND: GET /session/dca704dd9986aef8fc007aa51f130b55/screenshot - {}
RESULT: {"using":"xpath","value":"//div[contains(@id, \"smartFilterBar-btnBasicSearch-reset\")]"}
COMMAND: POST /session/dca704dd9986aef8fc007aa51f130b55/element/f.C7D1417AA12A98AF3022ACBAA3EFBB42.d.4A8BF049609E4FBA6BFDEAFDCDF5CAFB.e.904/click - {}
RESULT: {}
RESULT: {}
COMMAND: GET /session/dca704dd9986aef8fc007aa51f130b55/screenshot - {}
RESULT: {}
COMMAND: POST /session/dca704dd9986aef8fc007aa51f130b55/element - {"using":"css selector","value":"#shell-header-logo"}
RESULT: {"using":"css selector","value":"#shell-header-logo"}
COMMAND: POST /session/dca704dd9986aef8fc007aa51f130b55/element/f.C7D1417AA12A98AF3022ACBAA3EFBB42.d.4A8BF049609E4FBA6BFDEAFDCDF5CAFB.e.279/click - {}
RESULT: {}
COMMAND: GET /session/dca704dd9986aef8fc007aa51f130b55/screenshot - {}
RESULT: {}
]]></system-out>
    </testcase>
    <testcase classname="chrome.135_0_7049_96.windows.RU_Inventory_Mass_State_Change_Multiple_Items_US151066" name="Prerequisite Step 2 Should create a new equipment" time="150.149">
      <system-out><![CDATA[
COMMAND: POST /session/dca704dd9986aef8fc007aa51f130b55/execute/async - {"script":"<script> [1562 bytes]","args":[{"selector":{"controlType":"sap.m.GenericTile","properties":{"header":"Manage Resources"}},"wdio_ui5_key":"sapm.GenericTile{\"header\":\"Manage Resources\"}"}]}
RESULT: {"script":"<script> [1562 bytes]","args":[{"selector":{"controlType":"sap.m.GenericTile","properties":{"header":"Manage Resources"}},"wdio_ui5_key":"sapm.GenericTile{\"header\":\"Manage Resources\"}"}]}
RESULT: undefined
COMMAND: POST /session/dca704dd9986aef8fc007aa51f130b55/element - {"using":"xpath","value":"//*[@id=\"__tile39\"]"}
RESULT: {"using":"xpath","value":"//*[@id=\"__tile39\"]"}
COMMAND: POST /session/dca704dd9986aef8fc007aa51f130b55/element/f.C7D1417AA12A98AF3022ACBAA3EFBB42.d.4A8BF049609E4FBA6BFDEAFDCDF5CAFB.e.168/click - {}
RESULT: {}
COMMAND: POST /session/dca704dd9986aef8fc007aa51f130b55/element - {"using":"xpath","value":"//button[@data-kt=\"addNewRUOverflowToolbarButton\"]"}
COMMAND: GET /session/dca704dd9986aef8fc007aa51f130b55/screenshot - {}
RESULT: {"using":"xpath","value":"//button[@data-kt=\"addNewRUOverflowToolbarButton\"]"}
COMMAND: POST /session/dca704dd9986aef8fc007aa51f130b55/elements - {"using":"xpath","value":"//button[@data-kt=\"addNewRUOverflowToolbarButton\"]"}
RESULT: {}
RESULT: {"using":"xpath","value":"//button[@data-kt=\"addNewRUOverflowToolbarButton\"]"}
COMMAND: POST /session/dca704dd9986aef8fc007aa51f130b55/elements - {"using":"xpath","value":"//button[@data-kt=\"addNewRUOverflowToolbarButton\"]"}
RESULT: {"using":"xpath","value":"//button[@data-kt=\"addNewRUOverflowToolbarButton\"]"}
COMMAND: POST /session/dca704dd9986aef8fc007aa51f130b55/elements - {"using":"xpath","value":"//button[@data-kt=\"addNewRUOverflowToolbarButton\"]"}
RESULT: {"using":"xpath","value":"//button[@data-kt=\"addNewRUOverflowToolbarButton\"]"}
COMMAND: POST /session/dca704dd9986aef8fc007aa51f130b55/elements - {"using":"xpath","value":"//button[@data-kt=\"addNewRUOverflowToolbarButton\"]"}
RESULT: {"using":"xpath","value":"//button[@data-kt=\"addNewRUOverflowToolbarButton\"]"}
COMMAND: POST /session/dca704dd9986aef8fc007aa51f130b55/elements - {"using":"xpath","value":"//button[@data-kt=\"addNewRUOverflowToolbarButton\"]"}
RESULT: {"using":"xpath","value":"//button[@data-kt=\"addNewRUOverflowToolbarButton\"]"}
COMMAND: POST /session/dca704dd9986aef8fc007aa51f130b55/element - {"using":"xpath","value":"//button[@data-kt=\"addNewRUOverflowToolbarButton\"]"}
RESULT: {"using":"xpath","value":"//button[@data-kt=\"addNewRUOverflowToolbarButton\"]"}
COMMAND: POST /session/dca704dd9986aef8fc007aa51f130b55/execute/sync - {"script":"<script> [8489 bytes]","args":[{"element-6066-11e4-a52e-4f735466cecf":"f.C7D1417AA12A98AF3022ACBAA3EFBB42.d.4A8BF049609E4FBA6BFDEAFDCDF5CAFB.e.2118","ELEMENT":"f.C7D1417AA12A98AF3022ACBAA3EFBB42.d.4A8BF049609E4FBA6BFDEAFDCDF5CAFB.e.2118"}]}
RESULT: {"script":"<script> [8489 bytes]","args":[{"element-6066-11e4-a52e-4f735466cecf":"f.C7D1417AA12A98AF3022ACBAA3EFBB42.d.4A8BF049609E4FBA6BFDEAFDCDF5CAFB.e.2118","ELEMENT":"f.C7D1417AA12A98AF3022ACBAA3EFBB42.d.4A8BF049609E4FBA6BFDEAFDCDF5CAFB.e.2118"}]}
COMMAND: GET /session/dca704dd9986aef8fc007aa51f130b55/element/f.C7D1417AA12A98AF3022ACBAA3EFBB42.d.4A8BF049609E4FBA6BFDEAFDCDF5CAFB.e.2118/enabled - {}
COMMAND: GET /session/dca704dd9986aef8fc007aa51f130b55/screenshot - {}
RESULT: {}
COMMAND: POST /session/dca704dd9986aef8fc007aa51f130b55/execute/sync - {"script":"<script> [8489 bytes]","args":[{"element-6066-11e4-a52e-4f735466cecf":"f.C7D1417AA12A98AF3022ACBAA3EFBB42.d.4A8BF049609E4FBA6BFDEAFDCDF5CAFB.e.2118","ELEMENT":"f.C7D1417AA12A98AF3022ACBAA3EFBB42.d.4A8BF049609E4FBA6BFDEAFDCDF5CAFB.e.2118"}]}
COMMAND: GET /session/dca704dd9986aef8fc007aa51f130b55/screenshot - {}
RESULT: {}
RESULT: {"script":"<script> [8489 bytes]","args":[{"element-6066-11e4-a52e-4f735466cecf":"f.C7D1417AA12A98AF3022ACBAA3EFBB42.d.4A8BF049609E4FBA6BFDEAFDCDF5CAFB.e.2118","ELEMENT":"f.C7D1417AA12A98AF3022ACBAA3EFBB42.d.4A8BF049609E4FBA6BFDEAFDCDF5CAFB.e.2118"}]}
COMMAND: POST /session/dca704dd9986aef8fc007aa51f130b55/execute/sync - {"script":"<script> [5351 bytes]","args":[{"element-6066-11e4-a52e-4f735466cecf":"f.C7D1417AA12A98AF3022ACBAA3EFBB42.d.4A8BF049609E4FBA6BFDEAFDCDF5CAFB.e.2118","ELEMENT":"f.C7D1417AA12A98AF3022ACBAA3EFBB42.d.4A8BF049609E4FBA6BFDEAFDCDF5CAFB.e.2118"}]}
COMMAND: GET /session/dca704dd9986aef8fc007aa51f130b55/screenshot - {}
RESULT: {}
RESULT: {"script":"<script> [5351 bytes]","args":[{"element-6066-11e4-a52e-4f735466cecf":"f.C7D1417AA12A98AF3022ACBAA3EFBB42.d.4A8BF049609E4FBA6BFDEAFDCDF5CAFB.e.2118","ELEMENT":"f.C7D1417AA12A98AF3022ACBAA3EFBB42.d.4A8BF049609E4FBA6BFDEAFDCDF5CAFB.e.2118"}]}
COMMAND: POST /session/dca704dd9986aef8fc007aa51f130b55/element/f.C7D1417AA12A98AF3022ACBAA3EFBB42.d.4A8BF049609E4FBA6BFDEAFDCDF5CAFB.e.2118/click - {}
COMMAND: GET /session/dca704dd9986aef8fc007aa51f130b55/screenshot - {}
RESULT: {}
RESULT: {}
COMMAND: GET /session/dca704dd9986aef8fc007aa51f130b55/screenshot - {}
COMMAND: POST /session/dca704dd9986aef8fc007aa51f130b55/execute/async - {"script":"<script> [1562 bytes]","args":[{"selector":{"id":"application-manageresources-display-component---newResourceUnit--TYPE-arrow"},"wdio_ui5_key":"applicationmanageresources-display-component---newResourceUnit--TYPE-arrow"}]}
RESULT: {}
RESULT: {}
RESULT: {"script":"<script> [1562 bytes]","args":[{"selector":{"id":"application-manageresources-display-component---newResourceUnit--TYPE-arrow"},"wdio_ui5_key":"applicationmanageresources-display-component---newResourceUnit--TYPE-arrow"}]}
RESULT: undefined
COMMAND: POST /session/dca704dd9986aef8fc007aa51f130b55/element - {"using":"xpath","value":"//*[@id=\"application-manageresources-display-component---newResourceUnit--TYPE-arrow\"]"}
RESULT: {"using":"xpath","value":"//*[@id=\"application-manageresources-display-component---newResourceUnit--TYPE-arrow\"]"}
COMMAND: POST /session/dca704dd9986aef8fc007aa51f130b55/element/f.C7D1417AA12A98AF3022ACBAA3EFBB42.d.4A8BF049609E4FBA6BFDEAFDCDF5CAFB.e.2474/click - {}
RESULT: {}
COMMAND: POST /session/dca704dd9986aef8fc007aa51f130b55/element - {"using":"xpath","value":"//input[@id=\"application-manageresources-display-component---newResourceUnit--TYPE-inner\"]"}
COMMAND: GET /session/dca704dd9986aef8fc007aa51f130b55/screenshot - {}
RESULT: {"using":"xpath","value":"//input[@id=\"application-manageresources-display-component---newResourceUnit--TYPE-inner\"]"}
COMMAND: POST /session/dca704dd9986aef8fc007aa51f130b55/element/f.C7D1417AA12A98AF3022ACBAA3EFBB42.d.4A8BF049609E4FBA6BFDEAFDCDF5CAFB.e.2470/clear - {}
RESULT: {}
RESULT: {}
COMMAND: POST /session/dca704dd9986aef8fc007aa51f130b55/element/f.C7D1417AA12A98AF3022ACBAA3EFBB42.d.4A8BF049609E4FBA6BFDEAFDCDF5CAFB.e.2470/value - {"text":"Equipment"}
COMMAND: GET /session/dca704dd9986aef8fc007aa51f130b55/screenshot - {}
RESULT: {"text":"Equipment"}
COMMAND: GET /session/dca704dd9986aef8fc007aa51f130b55/screenshot - {}
RESULT: {}
RESULT: {}
COMMAND: POST /session/dca704dd9986aef8fc007aa51f130b55/actions - {"actions":[{"id":"action11","type":"key","parameters":{},"actions":[{"type":"keyDown","value":"î€‡"},{"type":"pause","duration":10},{"type":"keyUp","value":"î€‡"}]}]}
RESULT: {"actions":[{"id":"action11","type":"key","parameters":{},"actions":[{"type":"keyDown","value":"î€‡"},{"type":"pause","duration":10},{"type":"keyUp","value":"î€‡"}]}]}
COMMAND: POST /session/dca704dd9986aef8fc007aa51f130b55/execute/async - {"script":"<script> [1562 bytes]","args":[{"selector":{"id":"application-manageresources-display-component---newResourceUnit--resourceId","interaction":{"idSuffix":"inner"}},"wdio_ui5_key":"applicationmanageresources-display-component---newResourceUnit--resourceId"}]}
COMMAND: GET /session/dca704dd9986aef8fc007aa51f130b55/screenshot - {}
RESULT: {"script":"<script> [1562 bytes]","args":[{"selector":{"id":"application-manageresources-display-component---newResourceUnit--resourceId","interaction":{"idSuffix":"inner"}},"wdio_ui5_key":"applicationmanageresources-display-component---newResourceUnit--resourceId"}]}
RESULT: undefined
COMMAND: POST /session/dca704dd9986aef8fc007aa51f130b55/execute/async - {"script":"<script> [776 bytes]","args":[{"enterText":"yRPKWD6AN1","selector":{"id":"application-manageresources-display-component---newResourceUnit--resourceId","interaction":{"idSuffix":"inner"}},"clearTextFirst":true,"interactionType":"ENTER_TEXT"}]}
RESULT: {}
RESULT: {"script":"<script> [776 bytes]","args":[{"enterText":"yRPKWD6AN1","selector":{"id":"application-manageresources-display-component---newResourceUnit--resourceId","interaction":{"idSuffix":"inner"}},"clearTextFirst":true,"interactionType":"ENTER_TEXT"}]}
COMMAND: POST /session/dca704dd9986aef8fc007aa51f130b55/execute/async - {"script":"<script> [1562 bytes]","args":[{"selector":{"id":"application-manageresources-display-component---newResourceUnit--SHORT_TEXT","interaction":{"idSuffix":"inner"}},"wdio_ui5_key":"applicationmanageresources-display-component---newResourceUnit--SHORT_TEXT"}]}
RESULT: {"script":"<script> [1562 bytes]","args":[{"selector":{"id":"application-manageresources-display-component---newResourceUnit--SHORT_TEXT","interaction":{"idSuffix":"inner"}},"wdio_ui5_key":"applicationmanageresources-display-component---newResourceUnit--SHORT_TEXT"}]}
RESULT: undefined
COMMAND: POST /session/dca704dd9986aef8fc007aa51f130b55/execute/async - {"script":"<script> [776 bytes]","args":[{"enterText":"Intercompany Equipment WDIO","selector":{"id":"application-manageresources-display-component---newResourceUnit--SHORT_TEXT","interaction":{"idSuffix":"inner"}},"clearTextFirst":true,"interactionType":"ENTER_TEXT"}]}
RESULT: {"script":"<script> [776 bytes]","args":[{"enterText":"Intercompany Equipment WDIO","selector":{"id":"application-manageresources-display-component---newResourceUnit--SHORT_TEXT","interaction":{"idSuffix":"inner"}},"clearTextFirst":true,"interactionType":"ENTER_TEXT"}]}
COMMAND: POST /session/dca704dd9986aef8fc007aa51f130b55/execute/async - {"script":"<script> [1562 bytes]","args":[{"selector":{"id":"application-manageresources-display-component---newResourceUnit--BASE_UNIT_OF_MEASURE","interaction":{"idSuffix":"inner"}},"wdio_ui5_key":"applicationmanageresources-display-component---newResourceUnit--BASE_UNIT_OF_MEASURE"}]}
RESULT: {"script":"<script> [1562 bytes]","args":[{"selector":{"id":"application-manageresources-display-component---newResourceUnit--BASE_UNIT_OF_MEASURE","interaction":{"idSuffix":"inner"}},"wdio_ui5_key":"applicationmanageresources-display-component---newResourceUnit--BASE_UNIT_OF_MEASURE"}]}
RESULT: undefined
COMMAND: POST /session/dca704dd9986aef8fc007aa51f130b55/execute/async - {"script":"<script> [776 bytes]","args":[{"enterText":"Piece","selector":{"id":"application-manageresources-display-component---newResourceUnit--BASE_UNIT_OF_MEASURE","interaction":{"idSuffix":"inner"}},"clearTextFirst":true,"interactionType":"ENTER_TEXT"}]}
RESULT: {"script":"<script> [776 bytes]","args":[{"enterText":"Piece","selector":{"id":"application-manageresources-display-component---newResourceUnit--BASE_UNIT_OF_MEASURE","interaction":{"idSuffix":"inner"}},"clearTextFirst":true,"interactionType":"ENTER_TEXT"}]}
COMMAND: POST /session/dca704dd9986aef8fc007aa51f130b55/execute/async - {"script":"<script> [1562 bytes]","args":[{"selector":{"id":"application-manageresources-display-component---newResourceUnit--WEIGHT_UNIT","interaction":{"idSuffix":"inner"}},"wdio_ui5_key":"applicationmanageresources-display-component---newResourceUnit--WEIGHT_UNIT"}]}
RESULT: {"script":"<script> [1562 bytes]","args":[{"selector":{"id":"application-manageresources-display-component---newResourceUnit--WEIGHT_UNIT","interaction":{"idSuffix":"inner"}},"wdio_ui5_key":"applicationmanageresources-display-component---newResourceUnit--WEIGHT_UNIT"}]}
RESULT: undefined
COMMAND: POST /session/dca704dd9986aef8fc007aa51f130b55/execute/async - {"script":"<script> [776 bytes]","args":[{"enterText":"Gram","selector":{"id":"application-manageresources-display-component---newResourceUnit--WEIGHT_UNIT","interaction":{"idSuffix":"inner"}},"clearTextFirst":true,"interactionType":"ENTER_TEXT"}]}
RESULT: {"script":"<script> [776 bytes]","args":[{"enterText":"Gram","selector":{"id":"application-manageresources-display-component---newResourceUnit--WEIGHT_UNIT","interaction":{"idSuffix":"inner"}},"clearTextFirst":true,"interactionType":"ENTER_TEXT"}]}
COMMAND: POST /session/dca704dd9986aef8fc007aa51f130b55/execute/async - {"script":"<script> [1562 bytes]","args":[{"selector":{"id":"application-manageresources-display-component---newResourceUnit--DIMENSION_UNIT","interaction":{"idSuffix":"inner"}},"wdio_ui5_key":"applicationmanageresources-display-component---newResourceUnit--DIMENSION_UNIT"}]}
RESULT: {"script":"<script> [1562 bytes]","args":[{"selector":{"id":"application-manageresources-display-component---newResourceUnit--DIMENSION_UNIT","interaction":{"idSuffix":"inner"}},"wdio_ui5_key":"applicationmanageresources-display-component---newResourceUnit--DIMENSION_UNIT"}]}
RESULT: undefined
COMMAND: POST /session/dca704dd9986aef8fc007aa51f130b55/execute/async - {"script":"<script> [776 bytes]","args":[{"enterText":"Meter","selector":{"id":"application-manageresources-display-component---newResourceUnit--DIMENSION_UNIT","interaction":{"idSuffix":"inner"}},"clearTextFirst":true,"interactionType":"ENTER_TEXT"}]}
RESULT: {"script":"<script> [776 bytes]","args":[{"enterText":"Meter","selector":{"id":"application-manageresources-display-component---newResourceUnit--DIMENSION_UNIT","interaction":{"idSuffix":"inner"}},"clearTextFirst":true,"interactionType":"ENTER_TEXT"}]}
COMMAND: POST /session/dca704dd9986aef8fc007aa51f130b55/execute/async - {"script":"<script> [1562 bytes]","args":[{"selector":{"id":"application-manageresources-display-component---newResourceUnit--newRRUPage-anchBar-application-manageresources-display-component---newResourceUnit--control-anchor","interaction":{"idSuffix":"BDI-content"}},"wdio_ui5_key":"applicationmanageresources-display-component---newResourceUnit--newRRUPage-anchBar-application-manageresources-display-component---newResourceUnit--control-anchor"}]}
RESULT: {"script":"<script> [1562 bytes]","args":[{"selector":{"id":"application-manageresources-display-component---newResourceUnit--newRRUPage-anchBar-application-manageresources-display-component---newResourceUnit--control-anchor","interaction":{"idSuffix":"BDI-content"}},"wdio_ui5_key":"applicationmanageresources-display-component---newResourceUnit--newRRUPage-anchBar-application-manageresources-display-component---newResourceUnit--control-anchor"}]}
RESULT: undefined
COMMAND: POST /session/dca704dd9986aef8fc007aa51f130b55/element - {"using":"xpath","value":"//*[@id=\"application-manageresources-display-component---newResourceUnit--newRRUPage-anchBar-application-manageresources-display-component---newResourceUnit--control-anchor\"]"}
RESULT: {"using":"xpath","value":"//*[@id=\"application-manageresources-display-component---newResourceUnit--newRRUPage-anchBar-application-manageresources-display-component---newResourceUnit--control-anchor\"]"}
COMMAND: POST /session/dca704dd9986aef8fc007aa51f130b55/element/f.C7D1417AA12A98AF3022ACBAA3EFBB42.d.4A8BF049609E4FBA6BFDEAFDCDF5CAFB.e.2608/click - {}
RESULT: {}
COMMAND: POST /session/dca704dd9986aef8fc007aa51f130b55/execute/async - {"script":"<script> [1562 bytes]","args":[{"selector":{"id":"application-manageresources-display-component---newResourceUnit--PLANNING_GROUP","interaction":{"idSuffix":"inner"}},"wdio_ui5_key":"applicationmanageresources-display-component---newResourceUnit--PLANNING_GROUP"}]}
COMMAND: GET /session/dca704dd9986aef8fc007aa51f130b55/screenshot - {}
RESULT: {"script":"<script> [1562 bytes]","args":[{"selector":{"id":"application-manageresources-display-component---newResourceUnit--PLANNING_GROUP","interaction":{"idSuffix":"inner"}},"wdio_ui5_key":"applicationmanageresources-display-component---newResourceUnit--PLANNING_GROUP"}]}
RESULT: undefined
COMMAND: POST /session/dca704dd9986aef8fc007aa51f130b55/execute/async - {"script":"<script> [776 bytes]","args":[{"enterText":"Heavy Equi","selector":{"id":"application-manageresources-display-component---newResourceUnit--PLANNING_GROUP","interaction":{"idSuffix":"inner"}},"clearTextFirst":true,"interactionType":"ENTER_TEXT"}]}
RESULT: {}
RESULT: {"script":"<script> [776 bytes]","args":[{"enterText":"Heavy Equi","selector":{"id":"application-manageresources-display-component---newResourceUnit--PLANNING_GROUP","interaction":{"idSuffix":"inner"}},"clearTextFirst":true,"interactionType":"ENTER_TEXT"}]}
COMMAND: POST /session/dca704dd9986aef8fc007aa51f130b55/execute/async - {"script":"<script> [1562 bytes]","args":[{"selector":{"id":"application-manageresources-display-component---newResourceUnit--ITEM_TYPE-arrow"},"wdio_ui5_key":"applicationmanageresources-display-component---newResourceUnit--ITEM_TYPE-arrow"}]}
RESULT: {"script":"<script> [1562 bytes]","args":[{"selector":{"id":"application-manageresources-display-component---newResourceUnit--ITEM_TYPE-arrow"},"wdio_ui5_key":"applicationmanageresources-display-component---newResourceUnit--ITEM_TYPE-arrow"}]}
RESULT: undefined
COMMAND: POST /session/dca704dd9986aef8fc007aa51f130b55/element - {"using":"xpath","value":"//*[@id=\"application-manageresources-display-component---newResourceUnit--ITEM_TYPE-arrow\"]"}
RESULT: {"using":"xpath","value":"//*[@id=\"application-manageresources-display-component---newResourceUnit--ITEM_TYPE-arrow\"]"}
COMMAND: POST /session/dca704dd9986aef8fc007aa51f130b55/element/f.C7D1417AA12A98AF3022ACBAA3EFBB42.d.4A8BF049609E4FBA6BFDEAFDCDF5CAFB.e.2615/click - {}
RESULT: {}
COMMAND: POST /session/dca704dd9986aef8fc007aa51f130b55/element - {"using":"xpath","value":"(//span[contains(text(), \"Resource Unit\")])[2]"}
COMMAND: GET /session/dca704dd9986aef8fc007aa51f130b55/screenshot - {}
RESULT: {"using":"xpath","value":"(//span[contains(text(), \"Resource Unit\")])[2]"}
COMMAND: POST /session/dca704dd9986aef8fc007aa51f130b55/element/f.C7D1417AA12A98AF3022ACBAA3EFBB42.d.4A8BF049609E4FBA6BFDEAFDCDF5CAFB.e.2616/click - {}
RESULT: {}
RESULT: {}
COMMAND: GET /session/dca704dd9986aef8fc007aa51f130b55/screenshot - {}
RESULT: {}
COMMAND: POST /session/dca704dd9986aef8fc007aa51f130b55/element - {"using":"css selector","value":"#application-manageresources-display-component---newResourceUnit--btnAddTimeSegment"}
RESULT: {"using":"css selector","value":"#application-manageresources-display-component---newResourceUnit--btnAddTimeSegment"}
COMMAND: GET /session/dca704dd9986aef8fc007aa51f130b55/element/f.C7D1417AA12A98AF3022ACBAA3EFBB42.d.4A8BF049609E4FBA6BFDEAFDCDF5CAFB.e.2617/rect - {}
RESULT: {}
COMMAND: GET /session/dca704dd9986aef8fc007aa51f130b55/window/rect - {}
RESULT: {}
COMMAND: POST /session/dca704dd9986aef8fc007aa51f130b55/execute/sync - {"script":"<script> [92 bytes]","args":[]}
RESULT: {"script":"<script> [92 bytes]","args":[]}
COMMAND: POST /session/dca704dd9986aef8fc007aa51f130b55/actions - {"actions":[{"id":"action12","type":"wheel","parameters":{},"actions":[{"type":"scroll","x":-1888,"y":-32,"deltaX":0,"deltaY":0,"duration":0,"origin":{"element-6066-11e4-a52e-4f735466cecf":"f.C7D1417AA12A98AF3022ACBAA3EFBB42.d.4A8BF049609E4FBA6BFDEAFDCDF5CAFB.e.2617"}}]}]}
COMMAND: GET /session/dca704dd9986aef8fc007aa51f130b55/screenshot - {}
RESULT: {}
COMMAND: POST /session/dca704dd9986aef8fc007aa51f130b55/execute/sync - {"script":"<script> [79 bytes]","args":[{"element-6066-11e4-a52e-4f735466cecf":"f.C7D1417AA12A98AF3022ACBAA3EFBB42.d.4A8BF049609E4FBA6BFDEAFDCDF5CAFB.e.2617","ELEMENT":"f.C7D1417AA12A98AF3022ACBAA3EFBB42.d.4A8BF049609E4FBA6BFDEAFDCDF5CAFB.e.2617"},{"block":"start","inline":"nearest"}]}
RESULT: {"script":"<script> [79 bytes]","args":[{"element-6066-11e4-a52e-4f735466cecf":"f.C7D1417AA12A98AF3022ACBAA3EFBB42.d.4A8BF049609E4FBA6BFDEAFDCDF5CAFB.e.2617","ELEMENT":"f.C7D1417AA12A98AF3022ACBAA3EFBB42.d.4A8BF049609E4FBA6BFDEAFDCDF5CAFB.e.2617"},{"block":"start","inline":"nearest"}]}
COMMAND: POST /session/dca704dd9986aef8fc007aa51f130b55/execute/async - {"script":"<script> [1562 bytes]","args":[{"selector":{"id":"application-manageresources-display-component---newResourceUnit--btnAddTimeSegment","interaction":{"idSuffix":"inner"}},"wdio_ui5_key":"applicationmanageresources-display-component---newResourceUnit--btnAddTimeSegment"}]}
COMMAND: GET /session/dca704dd9986aef8fc007aa51f130b55/screenshot - {}
RESULT: {"script":"<script> [1562 bytes]","args":[{"selector":{"id":"application-manageresources-display-component---newResourceUnit--btnAddTimeSegment","interaction":{"idSuffix":"inner"}},"wdio_ui5_key":"applicationmanageresources-display-component---newResourceUnit--btnAddTimeSegment"}]}
RESULT: undefined
COMMAND: POST /session/dca704dd9986aef8fc007aa51f130b55/element - {"using":"xpath","value":"//*[@id=\"application-manageresources-display-component---newResourceUnit--btnAddTimeSegment\"]"}
RESULT: {}
RESULT: {"using":"xpath","value":"//*[@id=\"application-manageresources-display-component---newResourceUnit--btnAddTimeSegment\"]"}
COMMAND: POST /session/dca704dd9986aef8fc007aa51f130b55/element/f.C7D1417AA12A98AF3022ACBAA3EFBB42.d.4A8BF049609E4FBA6BFDEAFDCDF5CAFB.e.2617/click - {}
RESULT: {}
COMMAND: GET /session/dca704dd9986aef8fc007aa51f130b55/screenshot - {}
RESULT: {}
COMMAND: POST /session/dca704dd9986aef8fc007aa51f130b55/element - {"using":"xpath","value":"//input[@id=\"application-manageresources-display-component---newResourceUnit--idRuTSAdmin-application-manageresources-display-component---newResourceUnit--RUTimeSegment-0-inner\"]"}
RESULT: {"using":"xpath","value":"//input[@id=\"application-manageresources-display-component---newResourceUnit--idRuTSAdmin-application-manageresources-display-component---newResourceUnit--RUTimeSegment-0-inner\"]"}
COMMAND: POST /session/dca704dd9986aef8fc007aa51f130b55/element/f.C7D1417AA12A98AF3022ACBAA3EFBB42.d.4A8BF049609E4FBA6BFDEAFDCDF5CAFB.e.2623/clear - {}
RESULT: {}
COMMAND: POST /session/dca704dd9986aef8fc007aa51f130b55/element/f.C7D1417AA12A98AF3022ACBAA3EFBB42.d.4A8BF049609E4FBA6BFDEAFDCDF5CAFB.e.2623/value - {"text":"109"}
COMMAND: GET /session/dca704dd9986aef8fc007aa51f130b55/screenshot - {}
RESULT: {"text":"109"}
COMMAND: GET /session/dca704dd9986aef8fc007aa51f130b55/screenshot - {}
RESULT: {}
RESULT: {}
COMMAND: POST /session/dca704dd9986aef8fc007aa51f130b55/element - {"using":"xpath","value":"//li[.//span[text()='109']]"}
RESULT: {"using":"xpath","value":"//li[.//span[text()='109']]"}
COMMAND: POST /session/dca704dd9986aef8fc007aa51f130b55/element/f.C7D1417AA12A98AF3022ACBAA3EFBB42.d.4A8BF049609E4FBA6BFDEAFDCDF5CAFB.e.2635/click - {}
RESULT: {}
COMMAND: GET /session/dca704dd9986aef8fc007aa51f130b55/screenshot - {}
RESULT: {}
COMMAND: POST /session/dca704dd9986aef8fc007aa51f130b55/element - {"using":"xpath","value":"(//span[contains(@id, \"-application-manageresources-display-component---newResourceUnit--RUTimeSegment-0-arrow\")])[6]"}
RESULT: {"using":"xpath","value":"(//span[contains(@id, \"-application-manageresources-display-component---newResourceUnit--RUTimeSegment-0-arrow\")])[6]"}
COMMAND: POST /session/dca704dd9986aef8fc007aa51f130b55/element/f.C7D1417AA12A98AF3022ACBAA3EFBB42.d.4A8BF049609E4FBA6BFDEAFDCDF5CAFB.e.2636/click - {}
RESULT: {}
COMMAND: POST /session/dca704dd9986aef8fc007aa51f130b55/element - {"using":"xpath","value":"//span[contains(text(), \"PM Order\")]"}
COMMAND: GET /session/dca704dd9986aef8fc007aa51f130b55/screenshot - {}
RESULT: {"using":"xpath","value":"//span[contains(text(), \"PM Order\")]"}
COMMAND: POST /session/dca704dd9986aef8fc007aa51f130b55/element/f.C7D1417AA12A98AF3022ACBAA3EFBB42.d.4A8BF049609E4FBA6BFDEAFDCDF5CAFB.e.2639/click - {}
RESULT: {}
RESULT: {}
COMMAND: GET /session/dca704dd9986aef8fc007aa51f130b55/screenshot - {}
RESULT: {}
COMMAND: POST /session/dca704dd9986aef8fc007aa51f130b55/element - {"using":"xpath","value":"(//span[contains(@id ,\"manageresources-display-component---newResourceUnit--RUTimeSegment-0-vhi\")])[1]"}
RESULT: {"using":"xpath","value":"(//span[contains(@id ,\"manageresources-display-component---newResourceUnit--RUTimeSegment-0-vhi\")])[1]"}
COMMAND: GET /session/dca704dd9986aef8fc007aa51f130b55/element/f.C7D1417AA12A98AF3022ACBAA3EFBB42.d.4A8BF049609E4FBA6BFDEAFDCDF5CAFB.e.2643/rect - {}
RESULT: {}
COMMAND: GET /session/dca704dd9986aef8fc007aa51f130b55/window/rect - {}
RESULT: {}
COMMAND: POST /session/dca704dd9986aef8fc007aa51f130b55/execute/sync - {"script":"<script> [92 bytes]","args":[]}
RESULT: {"script":"<script> [92 bytes]","args":[]}
COMMAND: POST /session/dca704dd9986aef8fc007aa51f130b55/actions - {"actions":[{"id":"action13","type":"wheel","parameters":{},"actions":[{"type":"scroll","x":-869,"y":-24,"deltaX":0,"deltaY":0,"duration":0,"origin":{"element-6066-11e4-a52e-4f735466cecf":"f.C7D1417AA12A98AF3022ACBAA3EFBB42.d.4A8BF049609E4FBA6BFDEAFDCDF5CAFB.e.2643"}}]}]}
COMMAND: GET /session/dca704dd9986aef8fc007aa51f130b55/screenshot - {}
RESULT: {"actions":[{"id":"action13","type":"wheel","parameters":{},"actions":[{"type":"scroll","x":-869,"y":-24,"deltaX":0,"deltaY":0,"duration":0,"origin":{"element-6066-11e4-a52e-4f735466cecf":"f.C7D1417AA12A98AF3022ACBAA3EFBB42.d.4A8BF049609E4FBA6BFDEAFDCDF5CAFB.e.2643"}}]}]}
COMMAND: DELETE /session/dca704dd9986aef8fc007aa51f130b55/actions - {}
COMMAND: GET /session/dca704dd9986aef8fc007aa51f130b55/screenshot - {}
RESULT: {}
RESULT: {}
COMMAND: GET /session/dca704dd9986aef8fc007aa51f130b55/screenshot - {}
RESULT: {}
RESULT: {}
COMMAND: POST /session/dca704dd9986aef8fc007aa51f130b55/element/f.C7D1417AA12A98AF3022ACBAA3EFBB42.d.4A8BF049609E4FBA6BFDEAFDCDF5CAFB.e.2643/click - {}
RESULT: {}
COMMAND: GET /session/dca704dd9986aef8fc007aa51f130b55/screenshot - {}
RESULT: {}
COMMAND: POST /session/dca704dd9986aef8fc007aa51f130b55/execute/async - {"script":"<script> [1562 bytes]","args":[{"selector":{"controlType":"sap.m.SearchField","properties":{"placeholder":"Search"},"searchOpenDialogs":true,"interaction":{"idSuffix":"I"}},"wdio_ui5_key":"sapm.SearchField{\"placeholder\":\"Search\"}"}]}
RESULT: {"script":"<script> [1562 bytes]","args":[{"selector":{"controlType":"sap.m.SearchField","properties":{"placeholder":"Search"},"searchOpenDialogs":true,"interaction":{"idSuffix":"I"}},"wdio_ui5_key":"sapm.SearchField{\"placeholder\":\"Search\"}"}]}
RESULT: undefined
COMMAND: POST /session/dca704dd9986aef8fc007aa51f130b55/execute/async - {"script":"<script> [776 bytes]","args":[{"enterText":"4000360","selector":{"controlType":"sap.m.SearchField","properties":{"placeholder":"Search"},"searchOpenDialogs":true,"interaction":{"idSuffix":"I"}},"clearTextFirst":true,"interactionType":"ENTER_TEXT"}]}
RESULT: {"script":"<script> [776 bytes]","args":[{"enterText":"4000360","selector":{"controlType":"sap.m.SearchField","properties":{"placeholder":"Search"},"searchOpenDialogs":true,"interaction":{"idSuffix":"I"}},"clearTextFirst":true,"interactionType":"ENTER_TEXT"}]}
COMMAND: POST /session/dca704dd9986aef8fc007aa51f130b55/actions - {"actions":[{"id":"action14","type":"key","parameters":{},"actions":[{"type":"keyDown","value":"î€‡"},{"type":"pause","duration":10},{"type":"keyUp","value":"î€‡"}]}]}
RESULT: {"actions":[{"id":"action14","type":"key","parameters":{},"actions":[{"type":"keyDown","value":"î€‡"},{"type":"pause","duration":10},{"type":"keyUp","value":"î€‡"}]}]}
COMMAND: GET /session/dca704dd9986aef8fc007aa51f130b55/screenshot - {}
RESULT: {}
COMMAND: POST /session/dca704dd9986aef8fc007aa51f130b55/element - {"using":"xpath","value":"//td/div/span[contains(text(), \"BGL Vehicles\")]"}
RESULT: {"using":"xpath","value":"//td/div/span[contains(text(), \"BGL Vehicles\")]"}
COMMAND: POST /session/dca704dd9986aef8fc007aa51f130b55/element/f.C7D1417AA12A98AF3022ACBAA3EFBB42.d.4A8BF049609E4FBA6BFDEAFDCDF5CAFB.e.2664/click - {}
RESULT: {}
COMMAND: GET /session/dca704dd9986aef8fc007aa51f130b55/screenshot - {}
RESULT: {}
COMMAND: POST /session/dca704dd9986aef8fc007aa51f130b55/element - {"using":"xpath","value":"//bdi[contains(text(), \"OK\")]"}
RESULT: {"using":"xpath","value":"//bdi[contains(text(), \"OK\")]"}
COMMAND: POST /session/dca704dd9986aef8fc007aa51f130b55/element/f.C7D1417AA12A98AF3022ACBAA3EFBB42.d.4A8BF049609E4FBA6BFDEAFDCDF5CAFB.e.2665/click - {}
RESULT: {}
COMMAND: GET /session/dca704dd9986aef8fc007aa51f130b55/screenshot - {}
RESULT: {}
COMMAND: POST /session/dca704dd9986aef8fc007aa51f130b55/execute/async - {"script":"<script> [1562 bytes]","args":[{"selector":{"id":"application-manageresources-display-component---newResourceUnit--newRRUPage-anchBar-application-manageresources-display-component---newResourceUnit--resource-anchor","interaction":{"idSuffix":"BDI-content"}},"wdio_ui5_key":"applicationmanageresources-display-component---newResourceUnit--newRRUPage-anchBar-application-manageresources-display-component---newResourceUnit--resource-anchor"}]}
RESULT: {"script":"<script> [1562 bytes]","args":[{"selector":{"id":"application-manageresources-display-component---newResourceUnit--newRRUPage-anchBar-application-manageresources-display-component---newResourceUnit--resource-anchor","interaction":{"idSuffix":"BDI-content"}},"wdio_ui5_key":"applicationmanageresources-display-component---newResourceUnit--newRRUPage-anchBar-application-manageresources-display-component---newResourceUnit--resource-anchor"}]}
RESULT: undefined
COMMAND: POST /session/dca704dd9986aef8fc007aa51f130b55/element - {"using":"xpath","value":"//*[@id=\"application-manageresources-display-component---newResourceUnit--newRRUPage-anchBar-application-manageresources-display-component---newResourceUnit--resource-anchor\"]"}
RESULT: {"using":"xpath","value":"//*[@id=\"application-manageresources-display-component---newResourceUnit--newRRUPage-anchBar-application-manageresources-display-component---newResourceUnit--resource-anchor\"]"}
COMMAND: POST /session/dca704dd9986aef8fc007aa51f130b55/element/f.C7D1417AA12A98AF3022ACBAA3EFBB42.d.4A8BF049609E4FBA6BFDEAFDCDF5CAFB.e.2669/click - {}
RESULT: {}
COMMAND: POST /session/dca704dd9986aef8fc007aa51f130b55/execute/async - {"script":"<script> [1562 bytes]","args":[{"selector":{"id":"application-manageresources-display-component---newResourceUnit--PLANNED_DELIVERY_DATE","interaction":{"idSuffix":"inner"}},"wdio_ui5_key":"applicationmanageresources-display-component---newResourceUnit--PLANNED_DELIVERY_DATE"}]}
COMMAND: GET /session/dca704dd9986aef8fc007aa51f130b55/screenshot - {}
RESULT: {}
RESULT: {"script":"<script> [1562 bytes]","args":[{"selector":{"id":"application-manageresources-display-component---newResourceUnit--PLANNED_DELIVERY_DATE","interaction":{"idSuffix":"inner"}},"wdio_ui5_key":"applicationmanageresources-display-component---newResourceUnit--PLANNED_DELIVERY_DATE"}]}
RESULT: undefined
COMMAND: POST /session/dca704dd9986aef8fc007aa51f130b55/execute/async - {"script":"<script> [6424 bytes]","args":[{"element-6066-11e4-a52e-4f735466cecf":"f.C7D1417AA12A98AF3022ACBAA3EFBB42.d.4A8BF049609E4FBA6BFDEAFDCDF5CAFB.e.2531"},"setValue",["4/29/25"]]}
RESULT: {"script":"<script> [6424 bytes]","args":[{"element-6066-11e4-a52e-4f735466cecf":"f.C7D1417AA12A98AF3022ACBAA3EFBB42.d.4A8BF049609E4FBA6BFDEAFDCDF5CAFB.e.2531"},"setValue",["4/29/25"]]}
COMMAND: POST /session/dca704dd9986aef8fc007aa51f130b55/element - {"using":"xpath","value":"//button[@data-kt=\"resourceUnitSaveButton\"]"}
RESULT: {"using":"xpath","value":"//button[@data-kt=\"resourceUnitSaveButton\"]"}
COMMAND: POST /session/dca704dd9986aef8fc007aa51f130b55/element/f.C7D1417AA12A98AF3022ACBAA3EFBB42.d.4A8BF049609E4FBA6BFDEAFDCDF5CAFB.e.2491/click - {}
RESULT: {}
COMMAND: GET /session/dca704dd9986aef8fc007aa51f130b55/screenshot - {}
RESULT: {}
COMMAND: POST /session/dca704dd9986aef8fc007aa51f130b55/element - {"using":"xpath","value":"//bdi[contains(text(), \"Close\")]"}
RESULT: {"using":"xpath","value":"//bdi[contains(text(), \"Close\")]"}
COMMAND: POST /session/dca704dd9986aef8fc007aa51f130b55/element/f.C7D1417AA12A98AF3022ACBAA3EFBB42.d.4A8BF049609E4FBA6BFDEAFDCDF5CAFB.e.2677/click - {}
RESULT: {}
COMMAND: GET /session/dca704dd9986aef8fc007aa51f130b55/screenshot - {}
RESULT: {}
COMMAND: POST /session/dca704dd9986aef8fc007aa51f130b55/element - {"using":"xpath","value":"(//button[contains(@id ,\"actionsToolbar-overflowButton\")])[1]"}
RESULT: {"using":"xpath","value":"(//button[contains(@id ,\"actionsToolbar-overflowButton\")])[1]"}
COMMAND: POST /session/dca704dd9986aef8fc007aa51f130b55/element/f.C7D1417AA12A98AF3022ACBAA3EFBB42.d.4A8BF049609E4FBA6BFDEAFDCDF5CAFB.e.2709/click - {}
RESULT: {}
COMMAND: GET /session/dca704dd9986aef8fc007aa51f130b55/screenshot - {}
RESULT: {}
COMMAND: POST /session/dca704dd9986aef8fc007aa51f130b55/element - {"using":"xpath","value":"//button[@data-kt=\"priceInfoButton\"]"}
RESULT: {"using":"xpath","value":"//button[@data-kt=\"priceInfoButton\"]"}
COMMAND: POST /session/dca704dd9986aef8fc007aa51f130b55/element/f.C7D1417AA12A98AF3022ACBAA3EFBB42.d.4A8BF049609E4FBA6BFDEAFDCDF5CAFB.e.2711/click - {}
RESULT: {}
COMMAND: GET /session/dca704dd9986aef8fc007aa51f130b55/screenshot - {}
RESULT: {}
COMMAND: POST /session/dca704dd9986aef8fc007aa51f130b55/element - {"using":"css selector","value":"#shell-header-logo"}
RESULT: {"using":"css selector","value":"#shell-header-logo"}
COMMAND: POST /session/dca704dd9986aef8fc007aa51f130b55/element/f.C7D1417AA12A98AF3022ACBAA3EFBB42.d.4A8BF049609E4FBA6BFDEAFDCDF5CAFB.e.2091/click - {}
RESULT: {}
COMMAND: GET /session/dca704dd9986aef8fc007aa51f130b55/screenshot - {}
RESULT: {}
]]></system-out>
    </testcase>
    <testcase classname="chrome.135_0_7049_96.windows.RU_Inventory_Mass_State_Change_Multiple_Items_US151066" name="Prerequisite Step 2 Should create a new material" time="110.991">
      <system-out><![CDATA[
RESULT: undefined
COMMAND: POST /session/dca704dd9986aef8fc007aa51f130b55/element - {"using":"xpath","value":"//*[@id=\"__tile39\"]"}
RESULT: {"using":"xpath","value":"//*[@id=\"__tile39\"]"}
COMMAND: POST /session/dca704dd9986aef8fc007aa51f130b55/element/f.C7D1417AA12A98AF3022ACBAA3EFBB42.d.4A8BF049609E4FBA6BFDEAFDCDF5CAFB.e.168/click - {}
RESULT: {}
COMMAND: POST /session/dca704dd9986aef8fc007aa51f130b55/element - {"using":"xpath","value":"//button[@data-kt=\"addNewRUOverflowToolbarButton\"]"}
COMMAND: GET /session/dca704dd9986aef8fc007aa51f130b55/screenshot - {}
RESULT: {"using":"xpath","value":"//button[@data-kt=\"addNewRUOverflowToolbarButton\"]"}
COMMAND: POST /session/dca704dd9986aef8fc007aa51f130b55/elements - {"using":"xpath","value":"//button[@data-kt=\"addNewRUOverflowToolbarButton\"]"}
RESULT: {}
RESULT: {"using":"xpath","value":"//button[@data-kt=\"addNewRUOverflowToolbarButton\"]"}
COMMAND: POST /session/dca704dd9986aef8fc007aa51f130b55/execute/sync - {"script":"<script> [8489 bytes]","args":[{"element-6066-11e4-a52e-4f735466cecf":"f.C7D1417AA12A98AF3022ACBAA3EFBB42.d.4A8BF049609E4FBA6BFDEAFDCDF5CAFB.e.2813","ELEMENT":"f.C7D1417AA12A98AF3022ACBAA3EFBB42.d.4A8BF049609E4FBA6BFDEAFDCDF5CAFB.e.2813"}]}
RESULT: {"script":"<script> [8489 bytes]","args":[{"element-6066-11e4-a52e-4f735466cecf":"f.C7D1417AA12A98AF3022ACBAA3EFBB42.d.4A8BF049609E4FBA6BFDEAFDCDF5CAFB.e.2813","ELEMENT":"f.C7D1417AA12A98AF3022ACBAA3EFBB42.d.4A8BF049609E4FBA6BFDEAFDCDF5CAFB.e.2813"}]}
COMMAND: GET /session/dca704dd9986aef8fc007aa51f130b55/element/f.C7D1417AA12A98AF3022ACBAA3EFBB42.d.4A8BF049609E4FBA6BFDEAFDCDF5CAFB.e.2813/enabled - {}
RESULT: {}
COMMAND: POST /session/dca704dd9986aef8fc007aa51f130b55/execute/sync - {"script":"<script> [8489 bytes]","args":[{"element-6066-11e4-a52e-4f735466cecf":"f.C7D1417AA12A98AF3022ACBAA3EFBB42.d.4A8BF049609E4FBA6BFDEAFDCDF5CAFB.e.2813","ELEMENT":"f.C7D1417AA12A98AF3022ACBAA3EFBB42.d.4A8BF049609E4FBA6BFDEAFDCDF5CAFB.e.2813"}]}
RESULT: {"script":"<script> [8489 bytes]","args":[{"element-6066-11e4-a52e-4f735466cecf":"f.C7D1417AA12A98AF3022ACBAA3EFBB42.d.4A8BF049609E4FBA6BFDEAFDCDF5CAFB.e.2813","ELEMENT":"f.C7D1417AA12A98AF3022ACBAA3EFBB42.d.4A8BF049609E4FBA6BFDEAFDCDF5CAFB.e.2813"}]}
COMMAND: POST /session/dca704dd9986aef8fc007aa51f130b55/execute/sync - {"script":"<script> [5351 bytes]","args":[{"element-6066-11e4-a52e-4f735466cecf":"f.C7D1417AA12A98AF3022ACBAA3EFBB42.d.4A8BF049609E4FBA6BFDEAFDCDF5CAFB.e.2813","ELEMENT":"f.C7D1417AA12A98AF3022ACBAA3EFBB42.d.4A8BF049609E4FBA6BFDEAFDCDF5CAFB.e.2813"}]}
COMMAND: GET /session/dca704dd9986aef8fc007aa51f130b55/screenshot - {}
COMMAND: GET /session/dca704dd9986aef8fc007aa51f130b55/screenshot - {}
COMMAND: GET /session/dca704dd9986aef8fc007aa51f130b55/screenshot - {}
RESULT: {"script":"<script> [5351 bytes]","args":[{"element-6066-11e4-a52e-4f735466cecf":"f.C7D1417AA12A98AF3022ACBAA3EFBB42.d.4A8BF049609E4FBA6BFDEAFDCDF5CAFB.e.2813","ELEMENT":"f.C7D1417AA12A98AF3022ACBAA3EFBB42.d.4A8BF049609E4FBA6BFDEAFDCDF5CAFB.e.2813"}]}
COMMAND: POST /session/dca704dd9986aef8fc007aa51f130b55/element/f.C7D1417AA12A98AF3022ACBAA3EFBB42.d.4A8BF049609E4FBA6BFDEAFDCDF5CAFB.e.2813/click - {}
COMMAND: GET /session/dca704dd9986aef8fc007aa51f130b55/screenshot - {}
RESULT: {}
RESULT: {}
RESULT: {}
COMMAND: GET /session/dca704dd9986aef8fc007aa51f130b55/screenshot - {}
RESULT: {}
RESULT: undefined
COMMAND: POST /session/dca704dd9986aef8fc007aa51f130b55/element - {"using":"xpath","value":"//*[@id=\"application-manageresources-display-component---newResourceUnit--TYPE-arrow\"]"}
RESULT: {}
RESULT: {}
RESULT: {"using":"xpath","value":"//*[@id=\"application-manageresources-display-component---newResourceUnit--TYPE-arrow\"]"}
COMMAND: POST /session/dca704dd9986aef8fc007aa51f130b55/element/f.C7D1417AA12A98AF3022ACBAA3EFBB42.d.4A8BF049609E4FBA6BFDEAFDCDF5CAFB.e.3146/click - {}
RESULT: {}
COMMAND: POST /session/dca704dd9986aef8fc007aa51f130b55/element - {"using":"xpath","value":"//input[@id=\"application-manageresources-display-component---newResourceUnit--TYPE-inner\"]"}
COMMAND: GET /session/dca704dd9986aef8fc007aa51f130b55/screenshot - {}
RESULT: {"using":"xpath","value":"//input[@id=\"application-manageresources-display-component---newResourceUnit--TYPE-inner\"]"}
COMMAND: POST /session/dca704dd9986aef8fc007aa51f130b55/element/f.C7D1417AA12A98AF3022ACBAA3EFBB42.d.4A8BF049609E4FBA6BFDEAFDCDF5CAFB.e.3142/clear - {}
RESULT: {}
RESULT: {}
COMMAND: POST /session/dca704dd9986aef8fc007aa51f130b55/element/f.C7D1417AA12A98AF3022ACBAA3EFBB42.d.4A8BF049609E4FBA6BFDEAFDCDF5CAFB.e.3142/value - {"text":"Material"}
COMMAND: GET /session/dca704dd9986aef8fc007aa51f130b55/screenshot - {}
RESULT: {"text":"Material"}
COMMAND: GET /session/dca704dd9986aef8fc007aa51f130b55/screenshot - {}
RESULT: {}
RESULT: {}
COMMAND: POST /session/dca704dd9986aef8fc007aa51f130b55/actions - {"actions":[{"id":"action15","type":"key","parameters":{},"actions":[{"type":"keyDown","value":"î€‡"},{"type":"pause","duration":10},{"type":"keyUp","value":"î€‡"}]}]}
RESULT: {"actions":[{"id":"action15","type":"key","parameters":{},"actions":[{"type":"keyDown","value":"î€‡"},{"type":"pause","duration":10},{"type":"keyUp","value":"î€‡"}]}]}
RESULT: undefined
COMMAND: POST /session/dca704dd9986aef8fc007aa51f130b55/execute/async - {"script":"<script> [776 bytes]","args":[{"enterText":"Cement WDIO","selector":{"id":"application-manageresources-display-component---newResourceUnit--SHORT_TEXT","interaction":{"idSuffix":"inner"}},"clearTextFirst":true,"interactionType":"ENTER_TEXT"}]}
COMMAND: GET /session/dca704dd9986aef8fc007aa51f130b55/screenshot - {}
RESULT: {"script":"<script> [776 bytes]","args":[{"enterText":"Cement WDIO","selector":{"id":"application-manageresources-display-component---newResourceUnit--SHORT_TEXT","interaction":{"idSuffix":"inner"}},"clearTextFirst":true,"interactionType":"ENTER_TEXT"}]}
RESULT: undefined
COMMAND: POST /session/dca704dd9986aef8fc007aa51f130b55/execute/async - {"script":"<script> [776 bytes]","args":[{"enterText":"Piece","selector":{"id":"application-manageresources-display-component---newResourceUnit--BASE_UNIT_OF_MEASURE","interaction":{"idSuffix":"inner"}},"clearTextFirst":true,"interactionType":"ENTER_TEXT"}]}
RESULT: {}
RESULT: {"script":"<script> [776 bytes]","args":[{"enterText":"Piece","selector":{"id":"application-manageresources-display-component---newResourceUnit--BASE_UNIT_OF_MEASURE","interaction":{"idSuffix":"inner"}},"clearTextFirst":true,"interactionType":"ENTER_TEXT"}]}
RESULT: undefined
COMMAND: POST /session/dca704dd9986aef8fc007aa51f130b55/execute/async - {"script":"<script> [776 bytes]","args":[{"enterText":"Gram","selector":{"id":"application-manageresources-display-component---newResourceUnit--WEIGHT_UNIT","interaction":{"idSuffix":"inner"}},"clearTextFirst":true,"interactionType":"ENTER_TEXT"}]}
RESULT: {"script":"<script> [776 bytes]","args":[{"enterText":"Gram","selector":{"id":"application-manageresources-display-component---newResourceUnit--WEIGHT_UNIT","interaction":{"idSuffix":"inner"}},"clearTextFirst":true,"interactionType":"ENTER_TEXT"}]}
RESULT: undefined
COMMAND: POST /session/dca704dd9986aef8fc007aa51f130b55/execute/async - {"script":"<script> [776 bytes]","args":[{"enterText":"Meter","selector":{"id":"application-manageresources-display-component---newResourceUnit--DIMENSION_UNIT","interaction":{"idSuffix":"inner"}},"clearTextFirst":true,"interactionType":"ENTER_TEXT"}]}
RESULT: {"script":"<script> [776 bytes]","args":[{"enterText":"Meter","selector":{"id":"application-manageresources-display-component---newResourceUnit--DIMENSION_UNIT","interaction":{"idSuffix":"inner"}},"clearTextFirst":true,"interactionType":"ENTER_TEXT"}]}
RESULT: undefined
COMMAND: POST /session/dca704dd9986aef8fc007aa51f130b55/element - {"using":"xpath","value":"//*[@id=\"application-manageresources-display-component---newResourceUnit--newRRUPage-anchBar-application-manageresources-display-component---newResourceUnit--control-anchor\"]"}
RESULT: {"using":"xpath","value":"//*[@id=\"application-manageresources-display-component---newResourceUnit--newRRUPage-anchBar-application-manageresources-display-component---newResourceUnit--control-anchor\"]"}
COMMAND: POST /session/dca704dd9986aef8fc007aa51f130b55/element/f.C7D1417AA12A98AF3022ACBAA3EFBB42.d.4A8BF049609E4FBA6BFDEAFDCDF5CAFB.e.3207/click - {}
RESULT: {}
RESULT: undefined
COMMAND: POST /session/dca704dd9986aef8fc007aa51f130b55/execute/async - {"script":"<script> [776 bytes]","args":[{"enterText":"Material","selector":{"id":"application-manageresources-display-component---newResourceUnit--PLANNING_GROUP","interaction":{"idSuffix":"inner"}},"clearTextFirst":true,"interactionType":"ENTER_TEXT"}]}
COMMAND: GET /session/dca704dd9986aef8fc007aa51f130b55/screenshot - {}
RESULT: {"script":"<script> [776 bytes]","args":[{"enterText":"Material","selector":{"id":"application-manageresources-display-component---newResourceUnit--PLANNING_GROUP","interaction":{"idSuffix":"inner"}},"clearTextFirst":true,"interactionType":"ENTER_TEXT"}]}
RESULT: {}
COMMAND: POST /session/dca704dd9986aef8fc007aa51f130b55/execute/async - {"script":"<script> [1562 bytes]","args":[{"selector":{"id":"application-manageresources-display-component---newResourceUnit--PLANNING_INDICATOR","interaction":{"idSuffix":"inner"}},"wdio_ui5_key":"applicationmanageresources-display-component---newResourceUnit--PLANNING_INDICATOR"}]}
RESULT: {"script":"<script> [1562 bytes]","args":[{"selector":{"id":"application-manageresources-display-component---newResourceUnit--PLANNING_INDICATOR","interaction":{"idSuffix":"inner"}},"wdio_ui5_key":"applicationmanageresources-display-component---newResourceUnit--PLANNING_INDICATOR"}]}
RESULT: undefined
COMMAND: POST /session/dca704dd9986aef8fc007aa51f130b55/execute/async - {"script":"<script> [776 bytes]","args":[{"enterText":"10 - infinite","selector":{"id":"application-manageresources-display-component---newResourceUnit--PLANNING_INDICATOR","interaction":{"idSuffix":"inner"}},"clearTextFirst":true,"interactionType":"ENTER_TEXT"}]}
RESULT: {"script":"<script> [776 bytes]","args":[{"enterText":"10 - infinite","selector":{"id":"application-manageresources-display-component---newResourceUnit--PLANNING_INDICATOR","interaction":{"idSuffix":"inner"}},"clearTextFirst":true,"interactionType":"ENTER_TEXT"}]}
COMMAND: POST /session/dca704dd9986aef8fc007aa51f130b55/element - {"using":"css selector","value":"#application-manageresources-display-component---newResourceUnit--btnAddTimeSegment"}
RESULT: {"using":"css selector","value":"#application-manageresources-display-component---newResourceUnit--btnAddTimeSegment"}
COMMAND: GET /session/dca704dd9986aef8fc007aa51f130b55/element/f.C7D1417AA12A98AF3022ACBAA3EFBB42.d.4A8BF049609E4FBA6BFDEAFDCDF5CAFB.e.3214/rect - {}
RESULT: {}
COMMAND: GET /session/dca704dd9986aef8fc007aa51f130b55/window/rect - {}
RESULT: {}
COMMAND: POST /session/dca704dd9986aef8fc007aa51f130b55/execute/sync - {"script":"<script> [92 bytes]","args":[]}
RESULT: {"script":"<script> [92 bytes]","args":[]}
COMMAND: POST /session/dca704dd9986aef8fc007aa51f130b55/actions - {"actions":[{"id":"action16","type":"wheel","parameters":{},"actions":[{"type":"scroll","x":-1888,"y":-32,"deltaX":0,"deltaY":0,"duration":0,"origin":{"element-6066-11e4-a52e-4f735466cecf":"f.C7D1417AA12A98AF3022ACBAA3EFBB42.d.4A8BF049609E4FBA6BFDEAFDCDF5CAFB.e.3214"}}]}]}
COMMAND: GET /session/dca704dd9986aef8fc007aa51f130b55/screenshot - {}
RESULT: {}
COMMAND: POST /session/dca704dd9986aef8fc007aa51f130b55/execute/sync - {"script":"<script> [79 bytes]","args":[{"element-6066-11e4-a52e-4f735466cecf":"f.C7D1417AA12A98AF3022ACBAA3EFBB42.d.4A8BF049609E4FBA6BFDEAFDCDF5CAFB.e.3214","ELEMENT":"f.C7D1417AA12A98AF3022ACBAA3EFBB42.d.4A8BF049609E4FBA6BFDEAFDCDF5CAFB.e.3214"},{"block":"start","inline":"nearest"}]}
RESULT: {"script":"<script> [79 bytes]","args":[{"element-6066-11e4-a52e-4f735466cecf":"f.C7D1417AA12A98AF3022ACBAA3EFBB42.d.4A8BF049609E4FBA6BFDEAFDCDF5CAFB.e.3214","ELEMENT":"f.C7D1417AA12A98AF3022ACBAA3EFBB42.d.4A8BF049609E4FBA6BFDEAFDCDF5CAFB.e.3214"},{"block":"start","inline":"nearest"}]}
RESULT: undefined
COMMAND: POST /session/dca704dd9986aef8fc007aa51f130b55/element - {"using":"xpath","value":"//*[@id=\"application-manageresources-display-component---newResourceUnit--btnAddTimeSegment\"]"}
COMMAND: GET /session/dca704dd9986aef8fc007aa51f130b55/screenshot - {}
RESULT: {"using":"xpath","value":"//*[@id=\"application-manageresources-display-component---newResourceUnit--btnAddTimeSegment\"]"}
COMMAND: POST /session/dca704dd9986aef8fc007aa51f130b55/element/f.C7D1417AA12A98AF3022ACBAA3EFBB42.d.4A8BF049609E4FBA6BFDEAFDCDF5CAFB.e.3214/click - {}
RESULT: {}
RESULT: {}
COMMAND: GET /session/dca704dd9986aef8fc007aa51f130b55/screenshot - {}
RESULT: {}
COMMAND: POST /session/dca704dd9986aef8fc007aa51f130b55/element - {"using":"xpath","value":"//input[@id=\"application-manageresources-display-component---newResourceUnit--idRuTSAdmin-application-manageresources-display-component---newResourceUnit--RUTimeSegment-0-inner\"]"}
RESULT: {"using":"xpath","value":"//input[@id=\"application-manageresources-display-component---newResourceUnit--idRuTSAdmin-application-manageresources-display-component---newResourceUnit--RUTimeSegment-0-inner\"]"}
COMMAND: POST /session/dca704dd9986aef8fc007aa51f130b55/element/f.C7D1417AA12A98AF3022ACBAA3EFBB42.d.4A8BF049609E4FBA6BFDEAFDCDF5CAFB.e.3216/clear - {}
RESULT: {}
COMMAND: POST /session/dca704dd9986aef8fc007aa51f130b55/element/f.C7D1417AA12A98AF3022ACBAA3EFBB42.d.4A8BF049609E4FBA6BFDEAFDCDF5CAFB.e.3216/value - {"text":"109"}
COMMAND: GET /session/dca704dd9986aef8fc007aa51f130b55/screenshot - {}
RESULT: {"text":"109"}
COMMAND: GET /session/dca704dd9986aef8fc007aa51f130b55/screenshot - {}
RESULT: {}
RESULT: {}
COMMAND: POST /session/dca704dd9986aef8fc007aa51f130b55/element - {"using":"xpath","value":"//li[.//span[text()='109']]"}
RESULT: {"using":"xpath","value":"//li[.//span[text()='109']]"}
COMMAND: POST /session/dca704dd9986aef8fc007aa51f130b55/element/f.C7D1417AA12A98AF3022ACBAA3EFBB42.d.4A8BF049609E4FBA6BFDEAFDCDF5CAFB.e.3227/click - {}
RESULT: {}
COMMAND: GET /session/dca704dd9986aef8fc007aa51f130b55/screenshot - {}
RESULT: {}
COMMAND: POST /session/dca704dd9986aef8fc007aa51f130b55/element - {"using":"xpath","value":"(//span[contains(@id, \"-application-manageresources-display-component---newResourceUnit--RUTimeSegment-0-arrow\")])[2]"}
RESULT: {"using":"xpath","value":"(//span[contains(@id, \"-application-manageresources-display-component---newResourceUnit--RUTimeSegment-0-arrow\")])[2]"}
COMMAND: POST /session/dca704dd9986aef8fc007aa51f130b55/element/f.C7D1417AA12A98AF3022ACBAA3EFBB42.d.4A8BF049609E4FBA6BFDEAFDCDF5CAFB.e.3228/click - {}
RESULT: {}
COMMAND: POST /session/dca704dd9986aef8fc007aa51f130b55/element - {"using":"xpath","value":"//span[contains(text(), \"PM Order\")]"}
COMMAND: GET /session/dca704dd9986aef8fc007aa51f130b55/screenshot - {}
RESULT: {"using":"xpath","value":"//span[contains(text(), \"PM Order\")]"}
COMMAND: POST /session/dca704dd9986aef8fc007aa51f130b55/element/f.C7D1417AA12A98AF3022ACBAA3EFBB42.d.4A8BF049609E4FBA6BFDEAFDCDF5CAFB.e.3229/click - {}
RESULT: {}
RESULT: {}
COMMAND: GET /session/dca704dd9986aef8fc007aa51f130b55/screenshot - {}
RESULT: {}
COMMAND: POST /session/dca704dd9986aef8fc007aa51f130b55/element - {"using":"xpath","value":"//td/div/div/div/span[contains(@id, \"newResourceUnit--RUTimeSegment-0-vhi\")][1]"}
RESULT: {"using":"xpath","value":"//td/div/div/div/span[contains(@id, \"newResourceUnit--RUTimeSegment-0-vhi\")][1]"}
COMMAND: GET /session/dca704dd9986aef8fc007aa51f130b55/element/f.C7D1417AA12A98AF3022ACBAA3EFBB42.d.4A8BF049609E4FBA6BFDEAFDCDF5CAFB.e.3233/rect - {}
RESULT: {}
COMMAND: GET /session/dca704dd9986aef8fc007aa51f130b55/window/rect - {}
RESULT: {}
COMMAND: POST /session/dca704dd9986aef8fc007aa51f130b55/execute/sync - {"script":"<script> [92 bytes]","args":[]}
RESULT: {"script":"<script> [92 bytes]","args":[]}
COMMAND: POST /session/dca704dd9986aef8fc007aa51f130b55/actions - {"actions":[{"id":"action17","type":"wheel","parameters":{},"actions":[{"type":"scroll","x":-1888,"y":-24,"deltaX":0,"deltaY":0,"duration":0,"origin":{"element-6066-11e4-a52e-4f735466cecf":"f.C7D1417AA12A98AF3022ACBAA3EFBB42.d.4A8BF049609E4FBA6BFDEAFDCDF5CAFB.e.3233"}}]}]}
COMMAND: GET /session/dca704dd9986aef8fc007aa51f130b55/screenshot - {}
RESULT: {}
COMMAND: POST /session/dca704dd9986aef8fc007aa51f130b55/execute/sync - {"script":"<script> [79 bytes]","args":[{"element-6066-11e4-a52e-4f735466cecf":"f.C7D1417AA12A98AF3022ACBAA3EFBB42.d.4A8BF049609E4FBA6BFDEAFDCDF5CAFB.e.3233","ELEMENT":"f.C7D1417AA12A98AF3022ACBAA3EFBB42.d.4A8BF049609E4FBA6BFDEAFDCDF5CAFB.e.3233"},{"block":"start","inline":"nearest"}]}
RESULT: {"script":"<script> [79 bytes]","args":[{"element-6066-11e4-a52e-4f735466cecf":"f.C7D1417AA12A98AF3022ACBAA3EFBB42.d.4A8BF049609E4FBA6BFDEAFDCDF5CAFB.e.3233","ELEMENT":"f.C7D1417AA12A98AF3022ACBAA3EFBB42.d.4A8BF049609E4FBA6BFDEAFDCDF5CAFB.e.3233"},{"block":"start","inline":"nearest"}]}
COMMAND: GET /session/dca704dd9986aef8fc007aa51f130b55/screenshot - {}
RESULT: {}
COMMAND: POST /session/dca704dd9986aef8fc007aa51f130b55/element/f.C7D1417AA12A98AF3022ACBAA3EFBB42.d.4A8BF049609E4FBA6BFDEAFDCDF5CAFB.e.3233/click - {}
RESULT: {}
COMMAND: GET /session/dca704dd9986aef8fc007aa51f130b55/screenshot - {}
RESULT: {}
RESULT: undefined
COMMAND: POST /session/dca704dd9986aef8fc007aa51f130b55/execute/async - {"script":"<script> [776 bytes]","args":[{"enterText":"4000360","selector":{"controlType":"sap.m.SearchField","properties":{"placeholder":"Search"},"searchOpenDialogs":true,"interaction":{"idSuffix":"I"}},"clearTextFirst":true,"interactionType":"ENTER_TEXT"}]}
RESULT: {"script":"<script> [776 bytes]","args":[{"enterText":"4000360","selector":{"controlType":"sap.m.SearchField","properties":{"placeholder":"Search"},"searchOpenDialogs":true,"interaction":{"idSuffix":"I"}},"clearTextFirst":true,"interactionType":"ENTER_TEXT"}]}
COMMAND: POST /session/dca704dd9986aef8fc007aa51f130b55/actions - {"actions":[{"id":"action18","type":"key","parameters":{},"actions":[{"type":"keyDown","value":"î€‡"},{"type":"pause","duration":10},{"type":"keyUp","value":"î€‡"}]}]}
RESULT: {"actions":[{"id":"action18","type":"key","parameters":{},"actions":[{"type":"keyDown","value":"î€‡"},{"type":"pause","duration":10},{"type":"keyUp","value":"î€‡"}]}]}
COMMAND: GET /session/dca704dd9986aef8fc007aa51f130b55/screenshot - {}
RESULT: {}
COMMAND: POST /session/dca704dd9986aef8fc007aa51f130b55/element - {"using":"xpath","value":"//td/div/span[contains(text(), \"BGL Vehicles\")]"}
RESULT: {"using":"xpath","value":"//td/div/span[contains(text(), \"BGL Vehicles\")]"}
COMMAND: POST /session/dca704dd9986aef8fc007aa51f130b55/element/f.C7D1417AA12A98AF3022ACBAA3EFBB42.d.4A8BF049609E4FBA6BFDEAFDCDF5CAFB.e.3252/click - {}
RESULT: {}
COMMAND: GET /session/dca704dd9986aef8fc007aa51f130b55/screenshot - {}
RESULT: {}
COMMAND: POST /session/dca704dd9986aef8fc007aa51f130b55/element - {"using":"xpath","value":"//bdi[contains(text(), \"OK\")]"}
RESULT: {"using":"xpath","value":"//bdi[contains(text(), \"OK\")]"}
COMMAND: POST /session/dca704dd9986aef8fc007aa51f130b55/element/f.C7D1417AA12A98AF3022ACBAA3EFBB42.d.4A8BF049609E4FBA6BFDEAFDCDF5CAFB.e.3253/click - {}
RESULT: {}
COMMAND: GET /session/dca704dd9986aef8fc007aa51f130b55/screenshot - {}
RESULT: {}
COMMAND: POST /session/dca704dd9986aef8fc007aa51f130b55/element - {"using":"xpath","value":"//button[@data-kt=\"resourceUnitSaveButton\"]"}
RESULT: {"using":"xpath","value":"//button[@data-kt=\"resourceUnitSaveButton\"]"}
COMMAND: POST /session/dca704dd9986aef8fc007aa51f130b55/element/f.C7D1417AA12A98AF3022ACBAA3EFBB42.d.4A8BF049609E4FBA6BFDEAFDCDF5CAFB.e.3163/click - {}
RESULT: {}
COMMAND: GET /session/dca704dd9986aef8fc007aa51f130b55/screenshot - {}
RESULT: {}
COMMAND: POST /session/dca704dd9986aef8fc007aa51f130b55/element - {"using":"xpath","value":"//bdi[contains(text(), \"Close\")]"}
RESULT: {"using":"xpath","value":"//bdi[contains(text(), \"Close\")]"}
COMMAND: POST /session/dca704dd9986aef8fc007aa51f130b55/element/f.C7D1417AA12A98AF3022ACBAA3EFBB42.d.4A8BF049609E4FBA6BFDEAFDCDF5CAFB.e.3260/click - {}
RESULT: {}
COMMAND: GET /session/dca704dd9986aef8fc007aa51f130b55/screenshot - {}
RESULT: {}
COMMAND: POST /session/dca704dd9986aef8fc007aa51f130b55/element - {"using":"xpath","value":"//header[contains(@id, 'detailRruPage-headerTitle')]/div[1]/div[2]/div[2]/span[1]"}
RESULT: {"using":"xpath","value":"//header[contains(@id, 'detailRruPage-headerTitle')]/div[1]/div[2]/div[2]/span[1]"}
COMMAND: POST /session/dca704dd9986aef8fc007aa51f130b55/elements - {"using":"xpath","value":"//header[contains(@id, 'detailRruPage-headerTitle')]/div[1]/div[2]/div[2]/span[1]"}
RESULT: {"using":"xpath","value":"//header[contains(@id, 'detailRruPage-headerTitle')]/div[1]/div[2]/div[2]/span[1]"}
COMMAND: POST /session/dca704dd9986aef8fc007aa51f130b55/execute/sync - {"script":"<script> [56 bytes]","args":[{"element-6066-11e4-a52e-4f735466cecf":"f.C7D1417AA12A98AF3022ACBAA3EFBB42.d.4A8BF049609E4FBA6BFDEAFDCDF5CAFB.e.3287","ELEMENT":"f.C7D1417AA12A98AF3022ACBAA3EFBB42.d.4A8BF049609E4FBA6BFDEAFDCDF5CAFB.e.3287"}]}
RESULT: {"script":"<script> [56 bytes]","args":[{"element-6066-11e4-a52e-4f735466cecf":"f.C7D1417AA12A98AF3022ACBAA3EFBB42.d.4A8BF049609E4FBA6BFDEAFDCDF5CAFB.e.3287","ELEMENT":"f.C7D1417AA12A98AF3022ACBAA3EFBB42.d.4A8BF049609E4FBA6BFDEAFDCDF5CAFB.e.3287"}]}
COMMAND: POST /session/dca704dd9986aef8fc007aa51f130b55/element - {"using":"css selector","value":"#shell-header-logo"}
COMMAND: GET /session/dca704dd9986aef8fc007aa51f130b55/screenshot - {}
RESULT: {"using":"css selector","value":"#shell-header-logo"}
COMMAND: POST /session/dca704dd9986aef8fc007aa51f130b55/element/f.C7D1417AA12A98AF3022ACBAA3EFBB42.d.4A8BF049609E4FBA6BFDEAFDCDF5CAFB.e.2751/click - {}
RESULT: {}
RESULT: {}
COMMAND: GET /session/dca704dd9986aef8fc007aa51f130b55/screenshot - {}
RESULT: {}
]]></system-out>
    </testcase>
    <testcase classname="chrome.135_0_7049_96.windows.RU_Inventory_Mass_State_Change_Multiple_Items_US151066" name="Prerequisite Step 2 Should do a stock increase handover for the equipment" time="97.933">
      <system-out><![CDATA[
COMMAND: POST /session/dca704dd9986aef8fc007aa51f130b55/execute/async - {"script":"<script> [1562 bytes]","args":[{"selector":{"controlType":"sap.m.Text","viewName":"etm.portal.ui.managehandoverstile.view.Master","properties":{"text":"Manage Handovers"},"interaction":{"idSuffix":"inner"}},"wdio_ui5_key":"etmportal.ui.managehandoverstile.view.Mastersap.m.Text{\"text\":\"Manage Handovers\"}"}]}
RESULT: {"script":"<script> [1562 bytes]","args":[{"selector":{"controlType":"sap.m.Text","viewName":"etm.portal.ui.managehandoverstile.view.Master","properties":{"text":"Manage Handovers"},"interaction":{"idSuffix":"inner"}},"wdio_ui5_key":"etmportal.ui.managehandoverstile.view.Mastersap.m.Text{\"text\":\"Manage Handovers\"}"}]}
RESULT: undefined
COMMAND: POST /session/dca704dd9986aef8fc007aa51f130b55/element - {"using":"xpath","value":"//*[@id=\"__tile131-title\"]"}
RESULT: {"using":"xpath","value":"//*[@id=\"__tile131-title\"]"}
COMMAND: POST /session/dca704dd9986aef8fc007aa51f130b55/element/f.C7D1417AA12A98AF3022ACBAA3EFBB42.d.4A8BF049609E4FBA6BFDEAFDCDF5CAFB.e.3292/click - {}
RESULT: {}
COMMAND: POST /session/dca704dd9986aef8fc007aa51f130b55/element - {"using":"xpath","value":"//button[@data-kt=\"masterHOAddButton\"]"}
COMMAND: GET /session/dca704dd9986aef8fc007aa51f130b55/screenshot - {}
RESULT: {"using":"xpath","value":"//button[@data-kt=\"masterHOAddButton\"]"}
COMMAND: POST /session/dca704dd9986aef8fc007aa51f130b55/elements - {"using":"xpath","value":"//button[@data-kt=\"masterHOAddButton\"]"}
RESULT: {}
RESULT: {"using":"xpath","value":"//button[@data-kt=\"masterHOAddButton\"]"}
COMMAND: POST /session/dca704dd9986aef8fc007aa51f130b55/elements - {"using":"xpath","value":"//button[@data-kt=\"masterHOAddButton\"]"}
RESULT: {"using":"xpath","value":"//button[@data-kt=\"masterHOAddButton\"]"}
COMMAND: POST /session/dca704dd9986aef8fc007aa51f130b55/elements - {"using":"xpath","value":"//button[@data-kt=\"masterHOAddButton\"]"}
RESULT: {"using":"xpath","value":"//button[@data-kt=\"masterHOAddButton\"]"}
COMMAND: POST /session/dca704dd9986aef8fc007aa51f130b55/elements - {"using":"xpath","value":"//button[@data-kt=\"masterHOAddButton\"]"}
RESULT: {"using":"xpath","value":"//button[@data-kt=\"masterHOAddButton\"]"}
COMMAND: POST /session/dca704dd9986aef8fc007aa51f130b55/elements - {"using":"xpath","value":"//button[@data-kt=\"masterHOAddButton\"]"}
RESULT: {"using":"xpath","value":"//button[@data-kt=\"masterHOAddButton\"]"}
COMMAND: POST /session/dca704dd9986aef8fc007aa51f130b55/element - {"using":"xpath","value":"//button[@data-kt=\"masterHOAddButton\"]"}
RESULT: {"using":"xpath","value":"//button[@data-kt=\"masterHOAddButton\"]"}
COMMAND: POST /session/dca704dd9986aef8fc007aa51f130b55/execute/sync - {"script":"<script> [8489 bytes]","args":[{"element-6066-11e4-a52e-4f735466cecf":"f.C7D1417AA12A98AF3022ACBAA3EFBB42.d.4A8BF049609E4FBA6BFDEAFDCDF5CAFB.e.3330","ELEMENT":"f.C7D1417AA12A98AF3022ACBAA3EFBB42.d.4A8BF049609E4FBA6BFDEAFDCDF5CAFB.e.3330"}]}
RESULT: {"script":"<script> [8489 bytes]","args":[{"element-6066-11e4-a52e-4f735466cecf":"f.C7D1417AA12A98AF3022ACBAA3EFBB42.d.4A8BF049609E4FBA6BFDEAFDCDF5CAFB.e.3330","ELEMENT":"f.C7D1417AA12A98AF3022ACBAA3EFBB42.d.4A8BF049609E4FBA6BFDEAFDCDF5CAFB.e.3330"}]}
COMMAND: GET /session/dca704dd9986aef8fc007aa51f130b55/element/f.C7D1417AA12A98AF3022ACBAA3EFBB42.d.4A8BF049609E4FBA6BFDEAFDCDF5CAFB.e.3330/enabled - {}
COMMAND: GET /session/dca704dd9986aef8fc007aa51f130b55/screenshot - {}
RESULT: {}
COMMAND: POST /session/dca704dd9986aef8fc007aa51f130b55/execute/sync - {"script":"<script> [8489 bytes]","args":[{"element-6066-11e4-a52e-4f735466cecf":"f.C7D1417AA12A98AF3022ACBAA3EFBB42.d.4A8BF049609E4FBA6BFDEAFDCDF5CAFB.e.3330","ELEMENT":"f.C7D1417AA12A98AF3022ACBAA3EFBB42.d.4A8BF049609E4FBA6BFDEAFDCDF5CAFB.e.3330"}]}
COMMAND: GET /session/dca704dd9986aef8fc007aa51f130b55/screenshot - {}
RESULT: {}
RESULT: {"script":"<script> [8489 bytes]","args":[{"element-6066-11e4-a52e-4f735466cecf":"f.C7D1417AA12A98AF3022ACBAA3EFBB42.d.4A8BF049609E4FBA6BFDEAFDCDF5CAFB.e.3330","ELEMENT":"f.C7D1417AA12A98AF3022ACBAA3EFBB42.d.4A8BF049609E4FBA6BFDEAFDCDF5CAFB.e.3330"}]}
COMMAND: POST /session/dca704dd9986aef8fc007aa51f130b55/execute/sync - {"script":"<script> [5351 bytes]","args":[{"element-6066-11e4-a52e-4f735466cecf":"f.C7D1417AA12A98AF3022ACBAA3EFBB42.d.4A8BF049609E4FBA6BFDEAFDCDF5CAFB.e.3330","ELEMENT":"f.C7D1417AA12A98AF3022ACBAA3EFBB42.d.4A8BF049609E4FBA6BFDEAFDCDF5CAFB.e.3330"}]}
COMMAND: GET /session/dca704dd9986aef8fc007aa51f130b55/screenshot - {}
RESULT: {}
RESULT: {"script":"<script> [5351 bytes]","args":[{"element-6066-11e4-a52e-4f735466cecf":"f.C7D1417AA12A98AF3022ACBAA3EFBB42.d.4A8BF049609E4FBA6BFDEAFDCDF5CAFB.e.3330","ELEMENT":"f.C7D1417AA12A98AF3022ACBAA3EFBB42.d.4A8BF049609E4FBA6BFDEAFDCDF5CAFB.e.3330"}]}
COMMAND: POST /session/dca704dd9986aef8fc007aa51f130b55/element/f.C7D1417AA12A98AF3022ACBAA3EFBB42.d.4A8BF049609E4FBA6BFDEAFDCDF5CAFB.e.3330/click - {}
COMMAND: GET /session/dca704dd9986aef8fc007aa51f130b55/screenshot - {}
RESULT: {}
RESULT: {}
COMMAND: GET /session/dca704dd9986aef8fc007aa51f130b55/screenshot - {}
COMMAND: POST /session/dca704dd9986aef8fc007aa51f130b55/element - {"using":"xpath","value":"//span[contains(@id ,\"AddNewHO--typeSelect-arrow\")]"}
RESULT: {}
RESULT: {}
RESULT: {"using":"xpath","value":"//span[contains(@id ,\"AddNewHO--typeSelect-arrow\")]"}
COMMAND: POST /session/dca704dd9986aef8fc007aa51f130b55/element/f.C7D1417AA12A98AF3022ACBAA3EFBB42.d.4A8BF049609E4FBA6BFDEAFDCDF5CAFB.e.3670/click - {}
RESULT: {}
COMMAND: GET /session/dca704dd9986aef8fc007aa51f130b55/screenshot - {}
RESULT: {}
COMMAND: POST /session/dca704dd9986aef8fc007aa51f130b55/element - {"using":"xpath","value":"(//li[contains(text(), \"stock increase yard\")])[1]"}
RESULT: {"using":"xpath","value":"(//li[contains(text(), \"stock increase yard\")])[1]"}
COMMAND: POST /session/dca704dd9986aef8fc007aa51f130b55/element/f.C7D1417AA12A98AF3022ACBAA3EFBB42.d.4A8BF049609E4FBA6BFDEAFDCDF5CAFB.e.3671/click - {}
RESULT: {}
COMMAND: GET /session/dca704dd9986aef8fc007aa51f130b55/screenshot - {}
RESULT: {}
COMMAND: POST /session/dca704dd9986aef8fc007aa51f130b55/execute/async - {"script":"<script> [1562 bytes]","args":[{"selector":{"id":"application-managehandovers-display-component---AddNewHO--dueDate","interaction":{"idSuffix":"inner"}},"wdio_ui5_key":"applicationmanagehandovers-display-component---AddNewHO--dueDate"}]}
RESULT: {"script":"<script> [1562 bytes]","args":[{"selector":{"id":"application-managehandovers-display-component---AddNewHO--dueDate","interaction":{"idSuffix":"inner"}},"wdio_ui5_key":"applicationmanagehandovers-display-component---AddNewHO--dueDate"}]}
RESULT: undefined
COMMAND: POST /session/dca704dd9986aef8fc007aa51f130b55/execute/async - {"script":"<script> [6424 bytes]","args":[{"element-6066-11e4-a52e-4f735466cecf":"f.C7D1417AA12A98AF3022ACBAA3EFBB42.d.4A8BF049609E4FBA6BFDEAFDCDF5CAFB.e.3675"},"setValue",["04/29/2025"]]}
RESULT: {"script":"<script> [6424 bytes]","args":[{"element-6066-11e4-a52e-4f735466cecf":"f.C7D1417AA12A98AF3022ACBAA3EFBB42.d.4A8BF049609E4FBA6BFDEAFDCDF5CAFB.e.3675"},"setValue",["04/29/2025"]]}
COMMAND: POST /session/dca704dd9986aef8fc007aa51f130b55/element - {"using":"xpath","value":"//input[@id=\"generalSectionFrg--receiveYard-inner\"]"}
RESULT: {"using":"xpath","value":"//input[@id=\"generalSectionFrg--receiveYard-inner\"]"}
COMMAND: POST /session/dca704dd9986aef8fc007aa51f130b55/element/f.C7D1417AA12A98AF3022ACBAA3EFBB42.d.4A8BF049609E4FBA6BFDEAFDCDF5CAFB.e.3681/clear - {}
RESULT: {}
COMMAND: POST /session/dca704dd9986aef8fc007aa51f130b55/element/f.C7D1417AA12A98AF3022ACBAA3EFBB42.d.4A8BF049609E4FBA6BFDEAFDCDF5CAFB.e.3681/value - {"text":"109"}
COMMAND: GET /session/dca704dd9986aef8fc007aa51f130b55/screenshot - {}
RESULT: {"text":"109"}
COMMAND: GET /session/dca704dd9986aef8fc007aa51f130b55/screenshot - {}
RESULT: {}
RESULT: {}
COMMAND: POST /session/dca704dd9986aef8fc007aa51f130b55/element - {"using":"xpath","value":"//li[.//span[text()='109']]"}
RESULT: {"using":"xpath","value":"//li[.//span[text()='109']]"}
COMMAND: POST /session/dca704dd9986aef8fc007aa51f130b55/element/f.C7D1417AA12A98AF3022ACBAA3EFBB42.d.4A8BF049609E4FBA6BFDEAFDCDF5CAFB.e.3697/click - {}
RESULT: {}
COMMAND: GET /session/dca704dd9986aef8fc007aa51f130b55/screenshot - {}
RESULT: {}
COMMAND: POST /session/dca704dd9986aef8fc007aa51f130b55/execute/async - {"script":"<script> [1562 bytes]","args":[{"selector":{"id":"application-managehandovers-display-component---AddNewHO--ObjectPageLayout-anchBar-application-managehandovers-display-component---AddNewHO--section4-anchor","interaction":{"idSuffix":"BDI-content"}},"wdio_ui5_key":"applicationmanagehandovers-display-component---AddNewHO--ObjectPageLayout-anchBar-application-managehandovers-display-component---AddNewHO--section4-anchor"}]}
RESULT: {"script":"<script> [1562 bytes]","args":[{"selector":{"id":"application-managehandovers-display-component---AddNewHO--ObjectPageLayout-anchBar-application-managehandovers-display-component---AddNewHO--section4-anchor","interaction":{"idSuffix":"BDI-content"}},"wdio_ui5_key":"applicationmanagehandovers-display-component---AddNewHO--ObjectPageLayout-anchBar-application-managehandovers-display-component---AddNewHO--section4-anchor"}]}
RESULT: undefined
COMMAND: POST /session/dca704dd9986aef8fc007aa51f130b55/element - {"using":"xpath","value":"//*[@id=\"application-managehandovers-display-component---AddNewHO--ObjectPageLayout-anchBar-application-managehandovers-display-component---AddNewHO--section4-anchor\"]"}
RESULT: {"using":"xpath","value":"//*[@id=\"application-managehandovers-display-component---AddNewHO--ObjectPageLayout-anchBar-application-managehandovers-display-component---AddNewHO--section4-anchor\"]"}
COMMAND: POST /session/dca704dd9986aef8fc007aa51f130b55/element/f.C7D1417AA12A98AF3022ACBAA3EFBB42.d.4A8BF049609E4FBA6BFDEAFDCDF5CAFB.e.3699/click - {}
RESULT: {}
COMMAND: POST /session/dca704dd9986aef8fc007aa51f130b55/element - {"using":"xpath","value":"//button[@aria-label=\"Add\"]"}
COMMAND: GET /session/dca704dd9986aef8fc007aa51f130b55/screenshot - {}
RESULT: {"using":"xpath","value":"//button[@aria-label=\"Add\"]"}
COMMAND: POST /session/dca704dd9986aef8fc007aa51f130b55/element/f.C7D1417AA12A98AF3022ACBAA3EFBB42.d.4A8BF049609E4FBA6BFDEAFDCDF5CAFB.e.3701/click - {}
RESULT: {}
RESULT: {}
COMMAND: GET /session/dca704dd9986aef8fc007aa51f130b55/screenshot - {}
RESULT: {}
COMMAND: POST /session/dca704dd9986aef8fc007aa51f130b55/execute/async - {"script":"<script> [1562 bytes]","args":[{"selector":{"id":"application-managehandovers-display-component---AddNewHO--smartFilterBar-btnBasicSearch","searchOpenDialogs":true,"interaction":{"idSuffix":"I"}},"wdio_ui5_key":"applicationmanagehandovers-display-component---AddNewHO--smartFilterBar-btnBasicSearch"}]}
RESULT: {"script":"<script> [1562 bytes]","args":[{"selector":{"id":"application-managehandovers-display-component---AddNewHO--smartFilterBar-btnBasicSearch","searchOpenDialogs":true,"interaction":{"idSuffix":"I"}},"wdio_ui5_key":"applicationmanagehandovers-display-component---AddNewHO--smartFilterBar-btnBasicSearch"}]}
RESULT: undefined
COMMAND: POST /session/dca704dd9986aef8fc007aa51f130b55/execute/async - {"script":"<script> [776 bytes]","args":[{"enterText":"yRPKWD6AN1","selector":{"id":"application-managehandovers-display-component---AddNewHO--smartFilterBar-btnBasicSearch","searchOpenDialogs":true,"interaction":{"idSuffix":"I"}},"clearTextFirst":true,"interactionType":"ENTER_TEXT"}]}
RESULT: {"script":"<script> [776 bytes]","args":[{"enterText":"yRPKWD6AN1","selector":{"id":"application-managehandovers-display-component---AddNewHO--smartFilterBar-btnBasicSearch","searchOpenDialogs":true,"interaction":{"idSuffix":"I"}},"clearTextFirst":true,"interactionType":"ENTER_TEXT"}]}
COMMAND: POST /session/dca704dd9986aef8fc007aa51f130b55/actions - {"actions":[{"id":"action19","type":"key","parameters":{},"actions":[{"type":"keyDown","value":"î€‡"},{"type":"pause","duration":10},{"type":"keyUp","value":"î€‡"}]}]}
RESULT: {"actions":[{"id":"action19","type":"key","parameters":{},"actions":[{"type":"keyDown","value":"î€‡"},{"type":"pause","duration":10},{"type":"keyUp","value":"î€‡"}]}]}
COMMAND: GET /session/dca704dd9986aef8fc007aa51f130b55/screenshot - {}
RESULT: {}
COMMAND: POST /session/dca704dd9986aef8fc007aa51f130b55/execute/async - {"script":"<script> [1562 bytes]","args":[{"selector":{"id":"application-managehandovers-display-component---AddNewHO--popup-sa","searchOpenDialogs":true,"interaction":{"idSuffix":"CbBg"}},"wdio_ui5_key":"applicationmanagehandovers-display-component---AddNewHO--popup-sa"}]}
RESULT: {"script":"<script> [1562 bytes]","args":[{"selector":{"id":"application-managehandovers-display-component---AddNewHO--popup-sa","searchOpenDialogs":true,"interaction":{"idSuffix":"CbBg"}},"wdio_ui5_key":"applicationmanagehandovers-display-component---AddNewHO--popup-sa"}]}
RESULT: undefined
COMMAND: POST /session/dca704dd9986aef8fc007aa51f130b55/element - {"using":"xpath","value":"//*[@id=\"application-managehandovers-display-component---AddNewHO--popup-sa\"]"}
RESULT: {"using":"xpath","value":"//*[@id=\"application-managehandovers-display-component---AddNewHO--popup-sa\"]"}
COMMAND: POST /session/dca704dd9986aef8fc007aa51f130b55/element/f.C7D1417AA12A98AF3022ACBAA3EFBB42.d.4A8BF049609E4FBA6BFDEAFDCDF5CAFB.e.3857/click - {}
RESULT: {}
COMMAND: GET /session/dca704dd9986aef8fc007aa51f130b55/screenshot - {}
RESULT: {}
COMMAND: POST /session/dca704dd9986aef8fc007aa51f130b55/element - {"using":"xpath","value":"//bdi[contains(text(), \"Select\")]"}
RESULT: {"using":"xpath","value":"//bdi[contains(text(), \"Select\")]"}
COMMAND: POST /session/dca704dd9986aef8fc007aa51f130b55/element/f.C7D1417AA12A98AF3022ACBAA3EFBB42.d.4A8BF049609E4FBA6BFDEAFDCDF5CAFB.e.3858/click - {}
RESULT: {}
COMMAND: GET /session/dca704dd9986aef8fc007aa51f130b55/screenshot - {}
RESULT: {}
COMMAND: POST /session/dca704dd9986aef8fc007aa51f130b55/element - {"using":"xpath","value":"//button[@data-kt=\"AddNewHOSaveButton\"]"}
RESULT: {"using":"xpath","value":"//button[@data-kt=\"AddNewHOSaveButton\"]"}
COMMAND: POST /session/dca704dd9986aef8fc007aa51f130b55/element/f.C7D1417AA12A98AF3022ACBAA3EFBB42.d.4A8BF049609E4FBA6BFDEAFDCDF5CAFB.e.3862/click - {}
RESULT: {}
COMMAND: GET /session/dca704dd9986aef8fc007aa51f130b55/screenshot - {}
RESULT: {}
COMMAND: POST /session/dca704dd9986aef8fc007aa51f130b55/execute/async - {"script":"<script> [1562 bytes]","args":[{"selector":{"id":"receiptDatePicker","viewName":"etm.portal.ui.managehandovers.view.DetailExecuteHO","interaction":{"idSuffix":"inner"}},"wdio_ui5_key":"receiptDatePickeretmportal.ui.managehandovers.view.DetailExecuteHO"}]}
RESULT: {"script":"<script> [1562 bytes]","args":[{"selector":{"id":"receiptDatePicker","viewName":"etm.portal.ui.managehandovers.view.DetailExecuteHO","interaction":{"idSuffix":"inner"}},"wdio_ui5_key":"receiptDatePickeretmportal.ui.managehandovers.view.DetailExecuteHO"}]}
RESULT: undefined
COMMAND: POST /session/dca704dd9986aef8fc007aa51f130b55/execute/async - {"script":"<script> [6424 bytes]","args":[{"element-6066-11e4-a52e-4f735466cecf":"f.C7D1417AA12A98AF3022ACBAA3EFBB42.d.4A8BF049609E4FBA6BFDEAFDCDF5CAFB.e.3891"},"setValue",["04/29/2025"]]}
RESULT: {"script":"<script> [6424 bytes]","args":[{"element-6066-11e4-a52e-4f735466cecf":"f.C7D1417AA12A98AF3022ACBAA3EFBB42.d.4A8BF049609E4FBA6BFDEAFDCDF5CAFB.e.3891"},"setValue",["04/29/2025"]]}
COMMAND: POST /session/dca704dd9986aef8fc007aa51f130b55/element - {"using":"xpath","value":"//button[@data-kt=\"PickingTableConfirmAllButton\"]"}
RESULT: {"using":"xpath","value":"//button[@data-kt=\"PickingTableConfirmAllButton\"]"}
COMMAND: POST /session/dca704dd9986aef8fc007aa51f130b55/element/f.C7D1417AA12A98AF3022ACBAA3EFBB42.d.4A8BF049609E4FBA6BFDEAFDCDF5CAFB.e.3907/click - {}
RESULT: {}
COMMAND: GET /session/dca704dd9986aef8fc007aa51f130b55/screenshot - {}
RESULT: {}
COMMAND: POST /session/dca704dd9986aef8fc007aa51f130b55/element - {"using":"xpath","value":"//bdi[contains(text(), \"OK\")]"}
RESULT: {"using":"xpath","value":"//bdi[contains(text(), \"OK\")]"}
COMMAND: POST /session/dca704dd9986aef8fc007aa51f130b55/element/f.C7D1417AA12A98AF3022ACBAA3EFBB42.d.4A8BF049609E4FBA6BFDEAFDCDF5CAFB.e.3910/click - {}
RESULT: {}
COMMAND: GET /session/dca704dd9986aef8fc007aa51f130b55/screenshot - {}
RESULT: {}
COMMAND: POST /session/dca704dd9986aef8fc007aa51f130b55/element - {"using":"xpath","value":"(//bdi[contains(text(), \"Receive\")])[2]"}
RESULT: {"using":"xpath","value":"(//bdi[contains(text(), \"Receive\")])[2]"}
COMMAND: POST /session/dca704dd9986aef8fc007aa51f130b55/element/f.C7D1417AA12A98AF3022ACBAA3EFBB42.d.4A8BF049609E4FBA6BFDEAFDCDF5CAFB.e.3911/click - {}
RESULT: {}
COMMAND: GET /session/dca704dd9986aef8fc007aa51f130b55/screenshot - {}
RESULT: {}
COMMAND: POST /session/dca704dd9986aef8fc007aa51f130b55/element - {"using":"css selector","value":"#shell-header-logo"}
RESULT: {"using":"css selector","value":"#shell-header-logo"}
COMMAND: POST /session/dca704dd9986aef8fc007aa51f130b55/element/f.C7D1417AA12A98AF3022ACBAA3EFBB42.d.4A8BF049609E4FBA6BFDEAFDCDF5CAFB.e.3295/click - {}
RESULT: {}
COMMAND: GET /session/dca704dd9986aef8fc007aa51f130b55/screenshot - {}
RESULT: {}
]]></system-out>
    </testcase>
    <testcase classname="chrome.135_0_7049_96.windows.RU_Inventory_Mass_State_Change_Multiple_Items_US151066" name="Prerequisite Step 2 Should do a stock increase handover for the material" time="110.09">
      <system-out><![CDATA[
RESULT: undefined
COMMAND: POST /session/dca704dd9986aef8fc007aa51f130b55/element - {"using":"xpath","value":"//*[@id=\"__tile131-title\"]"}
RESULT: {"using":"xpath","value":"//*[@id=\"__tile131-title\"]"}
COMMAND: POST /session/dca704dd9986aef8fc007aa51f130b55/element/f.C7D1417AA12A98AF3022ACBAA3EFBB42.d.4A8BF049609E4FBA6BFDEAFDCDF5CAFB.e.3292/click - {}
RESULT: {}
COMMAND: POST /session/dca704dd9986aef8fc007aa51f130b55/element - {"using":"xpath","value":"//button[@data-kt=\"masterHOAddButton\"]"}
COMMAND: GET /session/dca704dd9986aef8fc007aa51f130b55/screenshot - {}
RESULT: {"using":"xpath","value":"//button[@data-kt=\"masterHOAddButton\"]"}
COMMAND: POST /session/dca704dd9986aef8fc007aa51f130b55/elements - {"using":"xpath","value":"//button[@data-kt=\"masterHOAddButton\"]"}
RESULT: {}
RESULT: {"using":"xpath","value":"//button[@data-kt=\"masterHOAddButton\"]"}
COMMAND: POST /session/dca704dd9986aef8fc007aa51f130b55/execute/sync - {"script":"<script> [8489 bytes]","args":[{"element-6066-11e4-a52e-4f735466cecf":"f.C7D1417AA12A98AF3022ACBAA3EFBB42.d.4A8BF049609E4FBA6BFDEAFDCDF5CAFB.e.4112","ELEMENT":"f.C7D1417AA12A98AF3022ACBAA3EFBB42.d.4A8BF049609E4FBA6BFDEAFDCDF5CAFB.e.4112"}]}
RESULT: {"script":"<script> [8489 bytes]","args":[{"element-6066-11e4-a52e-4f735466cecf":"f.C7D1417AA12A98AF3022ACBAA3EFBB42.d.4A8BF049609E4FBA6BFDEAFDCDF5CAFB.e.4112","ELEMENT":"f.C7D1417AA12A98AF3022ACBAA3EFBB42.d.4A8BF049609E4FBA6BFDEAFDCDF5CAFB.e.4112"}]}
COMMAND: GET /session/dca704dd9986aef8fc007aa51f130b55/element/f.C7D1417AA12A98AF3022ACBAA3EFBB42.d.4A8BF049609E4FBA6BFDEAFDCDF5CAFB.e.4112/enabled - {}
COMMAND: GET /session/dca704dd9986aef8fc007aa51f130b55/screenshot - {}
RESULT: {}
COMMAND: POST /session/dca704dd9986aef8fc007aa51f130b55/execute/sync - {"script":"<script> [8489 bytes]","args":[{"element-6066-11e4-a52e-4f735466cecf":"f.C7D1417AA12A98AF3022ACBAA3EFBB42.d.4A8BF049609E4FBA6BFDEAFDCDF5CAFB.e.4112","ELEMENT":"f.C7D1417AA12A98AF3022ACBAA3EFBB42.d.4A8BF049609E4FBA6BFDEAFDCDF5CAFB.e.4112"}]}
COMMAND: GET /session/dca704dd9986aef8fc007aa51f130b55/screenshot - {}
RESULT: {}
RESULT: {"script":"<script> [8489 bytes]","args":[{"element-6066-11e4-a52e-4f735466cecf":"f.C7D1417AA12A98AF3022ACBAA3EFBB42.d.4A8BF049609E4FBA6BFDEAFDCDF5CAFB.e.4112","ELEMENT":"f.C7D1417AA12A98AF3022ACBAA3EFBB42.d.4A8BF049609E4FBA6BFDEAFDCDF5CAFB.e.4112"}]}
COMMAND: POST /session/dca704dd9986aef8fc007aa51f130b55/execute/sync - {"script":"<script> [5351 bytes]","args":[{"element-6066-11e4-a52e-4f735466cecf":"f.C7D1417AA12A98AF3022ACBAA3EFBB42.d.4A8BF049609E4FBA6BFDEAFDCDF5CAFB.e.4112","ELEMENT":"f.C7D1417AA12A98AF3022ACBAA3EFBB42.d.4A8BF049609E4FBA6BFDEAFDCDF5CAFB.e.4112"}]}
COMMAND: GET /session/dca704dd9986aef8fc007aa51f130b55/screenshot - {}
RESULT: {}
RESULT: {"script":"<script> [5351 bytes]","args":[{"element-6066-11e4-a52e-4f735466cecf":"f.C7D1417AA12A98AF3022ACBAA3EFBB42.d.4A8BF049609E4FBA6BFDEAFDCDF5CAFB.e.4112","ELEMENT":"f.C7D1417AA12A98AF3022ACBAA3EFBB42.d.4A8BF049609E4FBA6BFDEAFDCDF5CAFB.e.4112"}]}
COMMAND: POST /session/dca704dd9986aef8fc007aa51f130b55/element/f.C7D1417AA12A98AF3022ACBAA3EFBB42.d.4A8BF049609E4FBA6BFDEAFDCDF5CAFB.e.4112/click - {}
COMMAND: GET /session/dca704dd9986aef8fc007aa51f130b55/screenshot - {}
RESULT: {}
RESULT: {}
COMMAND: GET /session/dca704dd9986aef8fc007aa51f130b55/screenshot - {}
RESULT: {}
RESULT: {}
COMMAND: POST /session/dca704dd9986aef8fc007aa51f130b55/element - {"using":"xpath","value":"//span[contains(@id ,\"AddNewHO--typeSelect-arrow\")]"}
RESULT: {"using":"xpath","value":"//span[contains(@id ,\"AddNewHO--typeSelect-arrow\")]"}
COMMAND: POST /session/dca704dd9986aef8fc007aa51f130b55/element/f.C7D1417AA12A98AF3022ACBAA3EFBB42.d.4A8BF049609E4FBA6BFDEAFDCDF5CAFB.e.4533/click - {}
RESULT: {}
COMMAND: GET /session/dca704dd9986aef8fc007aa51f130b55/screenshot - {}
RESULT: {}
COMMAND: POST /session/dca704dd9986aef8fc007aa51f130b55/element - {"using":"xpath","value":"(//li[contains(text(), \"stock increase yard\")])[1]"}
RESULT: {"using":"xpath","value":"(//li[contains(text(), \"stock increase yard\")])[1]"}
COMMAND: POST /session/dca704dd9986aef8fc007aa51f130b55/element/f.C7D1417AA12A98AF3022ACBAA3EFBB42.d.4A8BF049609E4FBA6BFDEAFDCDF5CAFB.e.4534/click - {}
RESULT: {}
COMMAND: GET /session/dca704dd9986aef8fc007aa51f130b55/screenshot - {}
RESULT: {}
RESULT: undefined
COMMAND: POST /session/dca704dd9986aef8fc007aa51f130b55/execute/async - {"script":"<script> [6424 bytes]","args":[{"element-6066-11e4-a52e-4f735466cecf":"f.C7D1417AA12A98AF3022ACBAA3EFBB42.d.4A8BF049609E4FBA6BFDEAFDCDF5CAFB.e.3675"},"setValue",["04/29/2025"]]}
COMMAND: POST /session/dca704dd9986aef8fc007aa51f130b55/execute/async - {"script":"<script> [1562 bytes]","args":[{"selector":{"id":"application-managehandovers-display-component---AddNewHO--dueDate","interaction":{"idSuffix":"inner"}},"wdio_ui5_key":"applicationmanagehandovers-display-component---AddNewHO--dueDate"}]}
RESULT: {"script":"<script> [1562 bytes]","args":[{"selector":{"id":"application-managehandovers-display-component---AddNewHO--dueDate","interaction":{"idSuffix":"inner"}},"wdio_ui5_key":"applicationmanagehandovers-display-component---AddNewHO--dueDate"}]}
COMMAND: POST /session/dca704dd9986aef8fc007aa51f130b55/execute/async - {"script":"<script> [6424 bytes]","args":[{"element-6066-11e4-a52e-4f735466cecf":"f.C7D1417AA12A98AF3022ACBAA3EFBB42.d.4A8BF049609E4FBA6BFDEAFDCDF5CAFB.e.4538"},"setValue",["04/29/2025"]]}
RESULT: {"script":"<script> [6424 bytes]","args":[{"element-6066-11e4-a52e-4f735466cecf":"f.C7D1417AA12A98AF3022ACBAA3EFBB42.d.4A8BF049609E4FBA6BFDEAFDCDF5CAFB.e.4538"},"setValue",["04/29/2025"]]}
COMMAND: POST /session/dca704dd9986aef8fc007aa51f130b55/element - {"using":"xpath","value":"//input[@id=\"generalSectionFrg--receiveYard-inner\"]"}
RESULT: {"using":"xpath","value":"//input[@id=\"generalSectionFrg--receiveYard-inner\"]"}
COMMAND: POST /session/dca704dd9986aef8fc007aa51f130b55/element/f.C7D1417AA12A98AF3022ACBAA3EFBB42.d.4A8BF049609E4FBA6BFDEAFDCDF5CAFB.e.4544/clear - {}
RESULT: {}
COMMAND: POST /session/dca704dd9986aef8fc007aa51f130b55/element/f.C7D1417AA12A98AF3022ACBAA3EFBB42.d.4A8BF049609E4FBA6BFDEAFDCDF5CAFB.e.4544/value - {"text":"109"}
COMMAND: GET /session/dca704dd9986aef8fc007aa51f130b55/screenshot - {}
RESULT: {"text":"109"}
COMMAND: GET /session/dca704dd9986aef8fc007aa51f130b55/screenshot - {}
RESULT: {}
RESULT: {}
COMMAND: POST /session/dca704dd9986aef8fc007aa51f130b55/element - {"using":"xpath","value":"//li[.//span[text()='109']]"}
RESULT: {"using":"xpath","value":"//li[.//span[text()='109']]"}
COMMAND: POST /session/dca704dd9986aef8fc007aa51f130b55/element/f.C7D1417AA12A98AF3022ACBAA3EFBB42.d.4A8BF049609E4FBA6BFDEAFDCDF5CAFB.e.4560/click - {}
RESULT: {}
COMMAND: GET /session/dca704dd9986aef8fc007aa51f130b55/screenshot - {}
RESULT: {}
RESULT: undefined
COMMAND: POST /session/dca704dd9986aef8fc007aa51f130b55/element - {"using":"xpath","value":"//*[@id=\"application-managehandovers-display-component---AddNewHO--ObjectPageLayout-anchBar-application-managehandovers-display-component---AddNewHO--section4-anchor\"]"}
RESULT: {"using":"xpath","value":"//*[@id=\"application-managehandovers-display-component---AddNewHO--ObjectPageLayout-anchBar-application-managehandovers-display-component---AddNewHO--section4-anchor\"]"}
COMMAND: POST /session/dca704dd9986aef8fc007aa51f130b55/element/f.C7D1417AA12A98AF3022ACBAA3EFBB42.d.4A8BF049609E4FBA6BFDEAFDCDF5CAFB.e.4561/click - {}
RESULT: {}
COMMAND: POST /session/dca704dd9986aef8fc007aa51f130b55/element - {"using":"xpath","value":"//button[@aria-label=\"Add\"]"}
COMMAND: GET /session/dca704dd9986aef8fc007aa51f130b55/screenshot - {}
RESULT: {"using":"xpath","value":"//button[@aria-label=\"Add\"]"}
COMMAND: POST /session/dca704dd9986aef8fc007aa51f130b55/element/f.C7D1417AA12A98AF3022ACBAA3EFBB42.d.4A8BF049609E4FBA6BFDEAFDCDF5CAFB.e.4565/click - {}
RESULT: {}
RESULT: {}
COMMAND: GET /session/dca704dd9986aef8fc007aa51f130b55/screenshot - {}
RESULT: {}
RESULT: undefined
COMMAND: POST /session/dca704dd9986aef8fc007aa51f130b55/execute/async - {"script":"<script> [776 bytes]","args":[{"enterText":"200198","selector":{"id":"application-managehandovers-display-component---AddNewHO--smartFilterBar-btnBasicSearch","searchOpenDialogs":true,"interaction":{"idSuffix":"I"}},"clearTextFirst":true,"interactionType":"ENTER_TEXT"}]}
RESULT: {"script":"<script> [776 bytes]","args":[{"enterText":"200198","selector":{"id":"application-managehandovers-display-component---AddNewHO--smartFilterBar-btnBasicSearch","searchOpenDialogs":true,"interaction":{"idSuffix":"I"}},"clearTextFirst":true,"interactionType":"ENTER_TEXT"}]}
COMMAND: POST /session/dca704dd9986aef8fc007aa51f130b55/actions - {"actions":[{"id":"action20","type":"key","parameters":{},"actions":[{"type":"keyDown","value":"î€‡"},{"type":"pause","duration":10},{"type":"keyUp","value":"î€‡"}]}]}
RESULT: {"actions":[{"id":"action20","type":"key","parameters":{},"actions":[{"type":"keyDown","value":"î€‡"},{"type":"pause","duration":10},{"type":"keyUp","value":"î€‡"}]}]}
COMMAND: GET /session/dca704dd9986aef8fc007aa51f130b55/screenshot - {}
RESULT: {}
RESULT: undefined
COMMAND: POST /session/dca704dd9986aef8fc007aa51f130b55/element - {"using":"xpath","value":"//*[@id=\"application-managehandovers-display-component---AddNewHO--popup-sa\"]"}
RESULT: {"using":"xpath","value":"//*[@id=\"application-managehandovers-display-component---AddNewHO--popup-sa\"]"}
COMMAND: POST /session/dca704dd9986aef8fc007aa51f130b55/element/f.C7D1417AA12A98AF3022ACBAA3EFBB42.d.4A8BF049609E4FBA6BFDEAFDCDF5CAFB.e.4715/click - {}
RESULT: {}
COMMAND: GET /session/dca704dd9986aef8fc007aa51f130b55/screenshot - {}
RESULT: {}
COMMAND: POST /session/dca704dd9986aef8fc007aa51f130b55/element - {"using":"xpath","value":"//bdi[contains(text(), \"Select\")]"}
RESULT: {"using":"xpath","value":"//bdi[contains(text(), \"Select\")]"}
COMMAND: POST /session/dca704dd9986aef8fc007aa51f130b55/element/f.C7D1417AA12A98AF3022ACBAA3EFBB42.d.4A8BF049609E4FBA6BFDEAFDCDF5CAFB.e.4716/click - {}
RESULT: {}
COMMAND: GET /session/dca704dd9986aef8fc007aa51f130b55/screenshot - {}
RESULT: {}
COMMAND: POST /session/dca704dd9986aef8fc007aa51f130b55/element - {"using":"xpath","value":"//button[@data-kt=\"AddNewHOSaveButton\"]"}
RESULT: {"using":"xpath","value":"//button[@data-kt=\"AddNewHOSaveButton\"]"}
COMMAND: POST /session/dca704dd9986aef8fc007aa51f130b55/element/f.C7D1417AA12A98AF3022ACBAA3EFBB42.d.4A8BF049609E4FBA6BFDEAFDCDF5CAFB.e.4720/click - {}
RESULT: {}
COMMAND: GET /session/dca704dd9986aef8fc007aa51f130b55/screenshot - {}
RESULT: {}
RESULT: undefined
COMMAND: POST /session/dca704dd9986aef8fc007aa51f130b55/execute/async - {"script":"<script> [6424 bytes]","args":[{"element-6066-11e4-a52e-4f735466cecf":"f.C7D1417AA12A98AF3022ACBAA3EFBB42.d.4A8BF049609E4FBA6BFDEAFDCDF5CAFB.e.3891"},"setValue",["04/29/2025"]]}
COMMAND: POST /session/dca704dd9986aef8fc007aa51f130b55/execute/async - {"script":"<script> [1562 bytes]","args":[{"selector":{"id":"receiptDatePicker","viewName":"etm.portal.ui.managehandovers.view.DetailExecuteHO","interaction":{"idSuffix":"inner"}},"wdio_ui5_key":"receiptDatePickeretmportal.ui.managehandovers.view.DetailExecuteHO"}]}
RESULT: {"script":"<script> [1562 bytes]","args":[{"selector":{"id":"receiptDatePicker","viewName":"etm.portal.ui.managehandovers.view.DetailExecuteHO","interaction":{"idSuffix":"inner"}},"wdio_ui5_key":"receiptDatePickeretmportal.ui.managehandovers.view.DetailExecuteHO"}]}
COMMAND: POST /session/dca704dd9986aef8fc007aa51f130b55/execute/async - {"script":"<script> [6424 bytes]","args":[{"element-6066-11e4-a52e-4f735466cecf":"f.C7D1417AA12A98AF3022ACBAA3EFBB42.d.4A8BF049609E4FBA6BFDEAFDCDF5CAFB.e.4750"},"setValue",["04/29/2025"]]}
RESULT: {"script":"<script> [6424 bytes]","args":[{"element-6066-11e4-a52e-4f735466cecf":"f.C7D1417AA12A98AF3022ACBAA3EFBB42.d.4A8BF049609E4FBA6BFDEAFDCDF5CAFB.e.4750"},"setValue",["04/29/2025"]]}
COMMAND: POST /session/dca704dd9986aef8fc007aa51f130b55/element - {"using":"xpath","value":"//button[@data-kt=\"PickingTableConfirmAllButton\"]"}
RESULT: {"using":"xpath","value":"//button[@data-kt=\"PickingTableConfirmAllButton\"]"}
COMMAND: POST /session/dca704dd9986aef8fc007aa51f130b55/element/f.C7D1417AA12A98AF3022ACBAA3EFBB42.d.4A8BF049609E4FBA6BFDEAFDCDF5CAFB.e.4764/click - {}
RESULT: {}
COMMAND: GET /session/dca704dd9986aef8fc007aa51f130b55/screenshot - {}
RESULT: {}
COMMAND: POST /session/dca704dd9986aef8fc007aa51f130b55/element - {"using":"xpath","value":"//bdi[contains(text(), \"OK\")]"}
RESULT: {"using":"xpath","value":"//bdi[contains(text(), \"OK\")]"}
COMMAND: POST /session/dca704dd9986aef8fc007aa51f130b55/element/f.C7D1417AA12A98AF3022ACBAA3EFBB42.d.4A8BF049609E4FBA6BFDEAFDCDF5CAFB.e.4766/click - {}
RESULT: {}
COMMAND: GET /session/dca704dd9986aef8fc007aa51f130b55/screenshot - {}
RESULT: {}
COMMAND: POST /session/dca704dd9986aef8fc007aa51f130b55/element - {"using":"xpath","value":"(//bdi[contains(text(), \"Receive\")])[2]"}
RESULT: {"using":"xpath","value":"(//bdi[contains(text(), \"Receive\")])[2]"}
COMMAND: POST /session/dca704dd9986aef8fc007aa51f130b55/element/f.C7D1417AA12A98AF3022ACBAA3EFBB42.d.4A8BF049609E4FBA6BFDEAFDCDF5CAFB.e.4768/click - {}
RESULT: {}
COMMAND: GET /session/dca704dd9986aef8fc007aa51f130b55/screenshot - {}
RESULT: {}
COMMAND: POST /session/dca704dd9986aef8fc007aa51f130b55/element - {"using":"css selector","value":"#shell-header-logo"}
RESULT: {"using":"css selector","value":"#shell-header-logo"}
COMMAND: POST /session/dca704dd9986aef8fc007aa51f130b55/element/f.C7D1417AA12A98AF3022ACBAA3EFBB42.d.4A8BF049609E4FBA6BFDEAFDCDF5CAFB.e.4084/click - {}
RESULT: {}
COMMAND: GET /session/dca704dd9986aef8fc007aa51f130b55/screenshot - {}
RESULT: {}
]]></system-out>
    </testcase>
    <testcase classname="chrome.135_0_7049_96.windows.RU_Inventory_Mass_State_Change_Multiple_Items_US151066" name="Step 2 Should do a RU inventory mass state change on chosen yard 109 with the resources created one equipment one material the existing ones too" time="303.787">
      <system-out><![CDATA[
RESULT: undefined
COMMAND: POST /session/dca704dd9986aef8fc007aa51f130b55/element - {"using":"xpath","value":"//*[@id=\"__tile99\"]"}
RESULT: {"using":"xpath","value":"//*[@id=\"__tile99\"]"}
COMMAND: POST /session/dca704dd9986aef8fc007aa51f130b55/element/f.C7D1417AA12A98AF3022ACBAA3EFBB42.d.4A8BF049609E4FBA6BFDEAFDCDF5CAFB.e.275/click - {}
RESULT: {}
COMMAND: POST /session/dca704dd9986aef8fc007aa51f130b55/element - {"using":"xpath","value":"//button[contains(@id, \"massStateBtn\")]"}
COMMAND: GET /session/dca704dd9986aef8fc007aa51f130b55/screenshot - {}
RESULT: {"using":"xpath","value":"//button[contains(@id, \"massStateBtn\")]"}
COMMAND: POST /session/dca704dd9986aef8fc007aa51f130b55/elements - {"using":"xpath","value":"//button[contains(@id, \"massStateBtn\")]"}
RESULT: {}
RESULT: {"using":"xpath","value":"//button[contains(@id, \"massStateBtn\")]"}
COMMAND: POST /session/dca704dd9986aef8fc007aa51f130b55/execute/sync - {"script":"<script> [8489 bytes]","args":[{"element-6066-11e4-a52e-4f735466cecf":"f.C7D1417AA12A98AF3022ACBAA3EFBB42.d.4A8BF049609E4FBA6BFDEAFDCDF5CAFB.e.5066","ELEMENT":"f.C7D1417AA12A98AF3022ACBAA3EFBB42.d.4A8BF049609E4FBA6BFDEAFDCDF5CAFB.e.5066"}]}
RESULT: {"script":"<script> [8489 bytes]","args":[{"element-6066-11e4-a52e-4f735466cecf":"f.C7D1417AA12A98AF3022ACBAA3EFBB42.d.4A8BF049609E4FBA6BFDEAFDCDF5CAFB.e.5066","ELEMENT":"f.C7D1417AA12A98AF3022ACBAA3EFBB42.d.4A8BF049609E4FBA6BFDEAFDCDF5CAFB.e.5066"}]}
COMMAND: GET /session/dca704dd9986aef8fc007aa51f130b55/element/f.C7D1417AA12A98AF3022ACBAA3EFBB42.d.4A8BF049609E4FBA6BFDEAFDCDF5CAFB.e.5066/enabled - {}
COMMAND: GET /session/dca704dd9986aef8fc007aa51f130b55/screenshot - {}
RESULT: {}
COMMAND: POST /session/dca704dd9986aef8fc007aa51f130b55/execute/sync - {"script":"<script> [8489 bytes]","args":[{"element-6066-11e4-a52e-4f735466cecf":"f.C7D1417AA12A98AF3022ACBAA3EFBB42.d.4A8BF049609E4FBA6BFDEAFDCDF5CAFB.e.5066","ELEMENT":"f.C7D1417AA12A98AF3022ACBAA3EFBB42.d.4A8BF049609E4FBA6BFDEAFDCDF5CAFB.e.5066"}]}
COMMAND: GET /session/dca704dd9986aef8fc007aa51f130b55/screenshot - {}
RESULT: {}
RESULT: {"script":"<script> [8489 bytes]","args":[{"element-6066-11e4-a52e-4f735466cecf":"f.C7D1417AA12A98AF3022ACBAA3EFBB42.d.4A8BF049609E4FBA6BFDEAFDCDF5CAFB.e.5066","ELEMENT":"f.C7D1417AA12A98AF3022ACBAA3EFBB42.d.4A8BF049609E4FBA6BFDEAFDCDF5CAFB.e.5066"}]}
COMMAND: POST /session/dca704dd9986aef8fc007aa51f130b55/execute/sync - {"script":"<script> [5351 bytes]","args":[{"element-6066-11e4-a52e-4f735466cecf":"f.C7D1417AA12A98AF3022ACBAA3EFBB42.d.4A8BF049609E4FBA6BFDEAFDCDF5CAFB.e.5066","ELEMENT":"f.C7D1417AA12A98AF3022ACBAA3EFBB42.d.4A8BF049609E4FBA6BFDEAFDCDF5CAFB.e.5066"}]}
COMMAND: GET /session/dca704dd9986aef8fc007aa51f130b55/screenshot - {}
RESULT: {}
RESULT: {"script":"<script> [5351 bytes]","args":[{"element-6066-11e4-a52e-4f735466cecf":"f.C7D1417AA12A98AF3022ACBAA3EFBB42.d.4A8BF049609E4FBA6BFDEAFDCDF5CAFB.e.5066","ELEMENT":"f.C7D1417AA12A98AF3022ACBAA3EFBB42.d.4A8BF049609E4FBA6BFDEAFDCDF5CAFB.e.5066"}]}
COMMAND: POST /session/dca704dd9986aef8fc007aa51f130b55/element/f.C7D1417AA12A98AF3022ACBAA3EFBB42.d.4A8BF049609E4FBA6BFDEAFDCDF5CAFB.e.5066/click - {}
COMMAND: GET /session/dca704dd9986aef8fc007aa51f130b55/screenshot - {}
RESULT: {}
RESULT: {}
COMMAND: GET /session/dca704dd9986aef8fc007aa51f130b55/screenshot - {}
RESULT: {}
RESULT: {}
RESULT: undefined
COMMAND: POST /session/dca704dd9986aef8fc007aa51f130b55/element - {"using":"xpath","value":"//*[@id=\"application-ruinventorylist-display-component---Master--ruLocationTypeComboBox-arrow\"]"}
RESULT: {"using":"xpath","value":"//*[@id=\"application-ruinventorylist-display-component---Master--ruLocationTypeComboBox-arrow\"]"}
COMMAND: POST /session/dca704dd9986aef8fc007aa51f130b55/element/f.C7D1417AA12A98AF3022ACBAA3EFBB42.d.4A8BF049609E4FBA6BFDEAFDCDF5CAFB.e.5418/click - {}
RESULT: {}
COMMAND: GET /session/dca704dd9986aef8fc007aa51f130b55/screenshot - {}
RESULT: {}
COMMAND: POST /session/dca704dd9986aef8fc007aa51f130b55/element - {"using":"xpath","value":"//li[.//span[text()='Yard']]"}
RESULT: {"using":"xpath","value":"//li[.//span[text()='Yard']]"}
COMMAND: POST /session/dca704dd9986aef8fc007aa51f130b55/element/f.C7D1417AA12A98AF3022ACBAA3EFBB42.d.4A8BF049609E4FBA6BFDEAFDCDF5CAFB.e.5419/click - {}
RESULT: {}
COMMAND: GET /session/dca704dd9986aef8fc007aa51f130b55/screenshot - {}
RESULT: {}
RESULT: undefined
COMMAND: POST /session/dca704dd9986aef8fc007aa51f130b55/element - {"using":"xpath","value":"//*[@id=\"application-ruinventorylist-display-component---Master--smartFilterBar-filterItemControl_BASIC-YARD-vhi\"]"}
RESULT: {"using":"xpath","value":"//*[@id=\"application-ruinventorylist-display-component---Master--smartFilterBar-filterItemControl_BASIC-YARD-vhi\"]"}
COMMAND: POST /session/dca704dd9986aef8fc007aa51f130b55/element/f.C7D1417AA12A98AF3022ACBAA3EFBB42.d.4A8BF049609E4FBA6BFDEAFDCDF5CAFB.e.5478/click - {}
RESULT: {}
COMMAND: GET /session/dca704dd9986aef8fc007aa51f130b55/screenshot - {}
RESULT: {}
RESULT: undefined
COMMAND: POST /session/dca704dd9986aef8fc007aa51f130b55/execute/async - {"script":"<script> [776 bytes]","args":[{"enterText":"109","selector":{"id":"application-ruinventorylist-display-component---Master--smartFilterBar-filterItemControl_BASIC-YARD-valueHelpDialog-smartFilterBar-btnBasicSearch","searchOpenDialogs":true,"interaction":{"idSuffix":"I"}},"clearTextFirst":true,"interactionType":"ENTER_TEXT"}]}
RESULT: {"script":"<script> [776 bytes]","args":[{"enterText":"109","selector":{"id":"application-ruinventorylist-display-component---Master--smartFilterBar-filterItemControl_BASIC-YARD-valueHelpDialog-smartFilterBar-btnBasicSearch","searchOpenDialogs":true,"interaction":{"idSuffix":"I"}},"clearTextFirst":true,"interactionType":"ENTER_TEXT"}]}
COMMAND: POST /session/dca704dd9986aef8fc007aa51f130b55/actions - {"actions":[{"id":"action21","type":"key","parameters":{},"actions":[{"type":"keyDown","value":"î€‡"},{"type":"pause","duration":10},{"type":"keyUp","value":"î€‡"}]}]}
RESULT: {"actions":[{"id":"action21","type":"key","parameters":{},"actions":[{"type":"keyDown","value":"î€‡"},{"type":"pause","duration":10},{"type":"keyUp","value":"î€‡"}]}]}
COMMAND: GET /session/dca704dd9986aef8fc007aa51f130b55/screenshot - {}
RESULT: {}
COMMAND: POST /session/dca704dd9986aef8fc007aa51f130b55/elements - {"using":"xpath","value":"//table[contains(@id, \"filterItemControl_BASIC-YARD-valueHelpDialog-table-table\")]/tbody/tr"}
RESULT: {"using":"xpath","value":"//table[contains(@id, \"filterItemControl_BASIC-YARD-valueHelpDialog-table-table\")]/tbody/tr"}
COMMAND: POST /session/dca704dd9986aef8fc007aa51f130b55/element - {"using":"xpath","value":"//table[contains(@id, \"filterItemControl_BASIC-YARD-valueHelpDialog-table-table\")]/tbody/tr[1]/td[1]/div/span"}
RESULT: {"using":"xpath","value":"//table[contains(@id, \"filterItemControl_BASIC-YARD-valueHelpDialog-table-table\")]/tbody/tr[1]/td[1]/div/span"}
COMMAND: POST /session/dca704dd9986aef8fc007aa51f130b55/elements - {"using":"xpath","value":"//table[contains(@id, \"filterItemControl_BASIC-YARD-valueHelpDialog-table-table\")]/tbody/tr[1]/td[1]/div/span"}
RESULT: {"using":"xpath","value":"//table[contains(@id, \"filterItemControl_BASIC-YARD-valueHelpDialog-table-table\")]/tbody/tr[1]/td[1]/div/span"}
COMMAND: POST /session/dca704dd9986aef8fc007aa51f130b55/execute/sync - {"script":"<script> [56 bytes]","args":[{"element-6066-11e4-a52e-4f735466cecf":"f.C7D1417AA12A98AF3022ACBAA3EFBB42.d.4A8BF049609E4FBA6BFDEAFDCDF5CAFB.e.5497","ELEMENT":"f.C7D1417AA12A98AF3022ACBAA3EFBB42.d.4A8BF049609E4FBA6BFDEAFDCDF5CAFB.e.5497"}]}
RESULT: {"script":"<script> [56 bytes]","args":[{"element-6066-11e4-a52e-4f735466cecf":"f.C7D1417AA12A98AF3022ACBAA3EFBB42.d.4A8BF049609E4FBA6BFDEAFDCDF5CAFB.e.5497","ELEMENT":"f.C7D1417AA12A98AF3022ACBAA3EFBB42.d.4A8BF049609E4FBA6BFDEAFDCDF5CAFB.e.5497"}]}
COMMAND: POST /session/dca704dd9986aef8fc007aa51f130b55/element - {"using":"xpath","value":"//div[contains(@id, \"filterItemControl_BASIC-YARD-valueHelpDialog-table-rowsel0\")]"}
COMMAND: GET /session/dca704dd9986aef8fc007aa51f130b55/screenshot - {}
RESULT: {"using":"xpath","value":"//div[contains(@id, \"filterItemControl_BASIC-YARD-valueHelpDialog-table-rowsel0\")]"}
COMMAND: POST /session/dca704dd9986aef8fc007aa51f130b55/element/f.C7D1417AA12A98AF3022ACBAA3EFBB42.d.4A8BF049609E4FBA6BFDEAFDCDF5CAFB.e.5498/click - {}
RESULT: {}
RESULT: {}
COMMAND: GET /session/dca704dd9986aef8fc007aa51f130b55/screenshot - {}
RESULT: {}
COMMAND: POST /session/dca704dd9986aef8fc007aa51f130b55/element - {"using":"xpath","value":"//div[contains(@id, \"smartFilterBar-filterItemControl_BASIC-YARD-valueHelpDialog-smartFilterBar-btnBasicSearch-reset\")]"}
RESULT: {"using":"xpath","value":"//div[contains(@id, \"smartFilterBar-filterItemControl_BASIC-YARD-valueHelpDialog-smartFilterBar-btnBasicSearch-reset\")]"}
COMMAND: POST /session/dca704dd9986aef8fc007aa51f130b55/element/f.C7D1417AA12A98AF3022ACBAA3EFBB42.d.4A8BF049609E4FBA6BFDEAFDCDF5CAFB.e.5500/click - {}
RESULT: {}
RESULT: undefined
COMMAND: POST /session/dca704dd9986aef8fc007aa51f130b55/execute/async - {"script":"<script> [776 bytes]","args":[{"enterText":"OPA5_BST01_YARD1","selector":{"id":"application-ruinventorylist-display-component---Master--smartFilterBar-filterItemControl_BASIC-YARD-valueHelpDialog-smartFilterBar-btnBasicSearch","searchOpenDialogs":true,"interaction":{"idSuffix":"I"}},"clearTextFirst":true,"interactionType":"ENTER_TEXT"}]}
COMMAND: GET /session/dca704dd9986aef8fc007aa51f130b55/screenshot - {}
RESULT: {"script":"<script> [776 bytes]","args":[{"enterText":"OPA5_BST01_YARD1","selector":{"id":"application-ruinventorylist-display-component---Master--smartFilterBar-filterItemControl_BASIC-YARD-valueHelpDialog-smartFilterBar-btnBasicSearch","searchOpenDialogs":true,"interaction":{"idSuffix":"I"}},"clearTextFirst":true,"interactionType":"ENTER_TEXT"}]}
COMMAND: POST /session/dca704dd9986aef8fc007aa51f130b55/actions - {"actions":[{"id":"action22","type":"key","parameters":{},"actions":[{"type":"keyDown","value":"î€‡"},{"type":"pause","duration":10},{"type":"keyUp","value":"î€‡"}]}]}
RESULT: {}
RESULT: {"actions":[{"id":"action22","type":"key","parameters":{},"actions":[{"type":"keyDown","value":"î€‡"},{"type":"pause","duration":10},{"type":"keyUp","value":"î€‡"}]}]}
COMMAND: GET /session/dca704dd9986aef8fc007aa51f130b55/screenshot - {}
RESULT: {}
COMMAND: POST /session/dca704dd9986aef8fc007aa51f130b55/elements - {"using":"xpath","value":"//table[contains(@id, \"filterItemControl_BASIC-YARD-valueHelpDialog-table-table\")]/tbody/tr"}
RESULT: {"using":"xpath","value":"//table[contains(@id, \"filterItemControl_BASIC-YARD-valueHelpDialog-table-table\")]/tbody/tr"}
COMMAND: POST /session/dca704dd9986aef8fc007aa51f130b55/element - {"using":"xpath","value":"//table[contains(@id, \"filterItemControl_BASIC-YARD-valueHelpDialog-table-table\")]/tbody/tr[1]/td[1]/div/span"}
RESULT: {"using":"xpath","value":"//table[contains(@id, \"filterItemControl_BASIC-YARD-valueHelpDialog-table-table\")]/tbody/tr[1]/td[1]/div/span"}
COMMAND: POST /session/dca704dd9986aef8fc007aa51f130b55/elements - {"using":"xpath","value":"//table[contains(@id, \"filterItemControl_BASIC-YARD-valueHelpDialog-table-table\")]/tbody/tr[1]/td[1]/div/span"}
RESULT: {"using":"xpath","value":"//table[contains(@id, \"filterItemControl_BASIC-YARD-valueHelpDialog-table-table\")]/tbody/tr[1]/td[1]/div/span"}
COMMAND: POST /session/dca704dd9986aef8fc007aa51f130b55/execute/sync - {"script":"<script> [56 bytes]","args":[{"element-6066-11e4-a52e-4f735466cecf":"f.C7D1417AA12A98AF3022ACBAA3EFBB42.d.4A8BF049609E4FBA6BFDEAFDCDF5CAFB.e.5497","ELEMENT":"f.C7D1417AA12A98AF3022ACBAA3EFBB42.d.4A8BF049609E4FBA6BFDEAFDCDF5CAFB.e.5497"}]}
RESULT: {"script":"<script> [56 bytes]","args":[{"element-6066-11e4-a52e-4f735466cecf":"f.C7D1417AA12A98AF3022ACBAA3EFBB42.d.4A8BF049609E4FBA6BFDEAFDCDF5CAFB.e.5497","ELEMENT":"f.C7D1417AA12A98AF3022ACBAA3EFBB42.d.4A8BF049609E4FBA6BFDEAFDCDF5CAFB.e.5497"}]}
COMMAND: POST /session/dca704dd9986aef8fc007aa51f130b55/element - {"using":"xpath","value":"//div[contains(@id, \"filterItemControl_BASIC-YARD-valueHelpDialog-table-rowsel0\")]"}
COMMAND: GET /session/dca704dd9986aef8fc007aa51f130b55/screenshot - {}
RESULT: {"using":"xpath","value":"//div[contains(@id, \"filterItemControl_BASIC-YARD-valueHelpDialog-table-rowsel0\")]"}
COMMAND: POST /session/dca704dd9986aef8fc007aa51f130b55/element/f.C7D1417AA12A98AF3022ACBAA3EFBB42.d.4A8BF049609E4FBA6BFDEAFDCDF5CAFB.e.5498/click - {}
RESULT: {}
RESULT: {}
COMMAND: GET /session/dca704dd9986aef8fc007aa51f130b55/screenshot - {}
RESULT: {}
COMMAND: POST /session/dca704dd9986aef8fc007aa51f130b55/element - {"using":"xpath","value":"(//bdi[contains(text(), \"OK\")])[1]"}
RESULT: {"using":"xpath","value":"(//bdi[contains(text(), \"OK\")])[1]"}
COMMAND: POST /session/dca704dd9986aef8fc007aa51f130b55/element/f.C7D1417AA12A98AF3022ACBAA3EFBB42.d.4A8BF049609E4FBA6BFDEAFDCDF5CAFB.e.5501/click - {}
RESULT: {}
COMMAND: GET /session/dca704dd9986aef8fc007aa51f130b55/screenshot - {}
RESULT: {}
COMMAND: POST /session/dca704dd9986aef8fc007aa51f130b55/element - {"using":"xpath","value":"//span[@id=\"application-ruinventorylist-display-component---Master--smartTableRuInventoryList-header-inner\"]"}
RESULT: {"using":"xpath","value":"//span[@id=\"application-ruinventorylist-display-component---Master--smartTableRuInventoryList-header-inner\"]"}
COMMAND: POST /session/dca704dd9986aef8fc007aa51f130b55/elements - {"using":"xpath","value":"//span[@id=\"application-ruinventorylist-display-component---Master--smartTableRuInventoryList-header-inner\"]"}
RESULT: {"using":"xpath","value":"//span[@id=\"application-ruinventorylist-display-component---Master--smartTableRuInventoryList-header-inner\"]"}
COMMAND: POST /session/dca704dd9986aef8fc007aa51f130b55/execute/sync - {"script":"<script> [56 bytes]","args":[{"element-6066-11e4-a52e-4f735466cecf":"f.C7D1417AA12A98AF3022ACBAA3EFBB42.d.4A8BF049609E4FBA6BFDEAFDCDF5CAFB.e.5643","ELEMENT":"f.C7D1417AA12A98AF3022ACBAA3EFBB42.d.4A8BF049609E4FBA6BFDEAFDCDF5CAFB.e.5643"}]}
RESULT: {"script":"<script> [56 bytes]","args":[{"element-6066-11e4-a52e-4f735466cecf":"f.C7D1417AA12A98AF3022ACBAA3EFBB42.d.4A8BF049609E4FBA6BFDEAFDCDF5CAFB.e.5643","ELEMENT":"f.C7D1417AA12A98AF3022ACBAA3EFBB42.d.4A8BF049609E4FBA6BFDEAFDCDF5CAFB.e.5643"}]}
RESULT: undefined
COMMAND: POST /session/dca704dd9986aef8fc007aa51f130b55/execute/async - {"script":"<script> [776 bytes]","args":[{"enterText":"600002","selector":{"id":"application-ruinventorylist-display-component---Master--smartFilterBar-btnBasicSearch","interaction":{"idSuffix":"I"}},"clearTextFirst":true,"interactionType":"ENTER_TEXT"}]}
COMMAND: GET /session/dca704dd9986aef8fc007aa51f130b55/screenshot - {}
RESULT: {"script":"<script> [776 bytes]","args":[{"enterText":"600002","selector":{"id":"application-ruinventorylist-display-component---Master--smartFilterBar-btnBasicSearch","interaction":{"idSuffix":"I"}},"clearTextFirst":true,"interactionType":"ENTER_TEXT"}]}
COMMAND: POST /session/dca704dd9986aef8fc007aa51f130b55/actions - {"actions":[{"id":"action23","type":"key","parameters":{},"actions":[{"type":"keyDown","value":"î€‡"},{"type":"pause","duration":10},{"type":"keyUp","value":"î€‡"}]}]}
RESULT: {}
RESULT: {"actions":[{"id":"action23","type":"key","parameters":{},"actions":[{"type":"keyDown","value":"î€‡"},{"type":"pause","duration":10},{"type":"keyUp","value":"î€‡"}]}]}
COMMAND: GET /session/dca704dd9986aef8fc007aa51f130b55/screenshot - {}
RESULT: {}
COMMAND: POST /session/dca704dd9986aef8fc007aa51f130b55/element - {"using":"xpath","value":"//span[@id=\"application-ruinventorylist-display-component---Master--smartTableRuInventoryList-header-inner\"]"}
RESULT: {"using":"xpath","value":"//span[@id=\"application-ruinventorylist-display-component---Master--smartTableRuInventoryList-header-inner\"]"}
COMMAND: POST /session/dca704dd9986aef8fc007aa51f130b55/elements - {"using":"xpath","value":"//span[@id=\"application-ruinventorylist-display-component---Master--smartTableRuInventoryList-header-inner\"]"}
RESULT: {"using":"xpath","value":"//span[@id=\"application-ruinventorylist-display-component---Master--smartTableRuInventoryList-header-inner\"]"}
COMMAND: POST /session/dca704dd9986aef8fc007aa51f130b55/execute/sync - {"script":"<script> [56 bytes]","args":[{"element-6066-11e4-a52e-4f735466cecf":"f.C7D1417AA12A98AF3022ACBAA3EFBB42.d.4A8BF049609E4FBA6BFDEAFDCDF5CAFB.e.5643","ELEMENT":"f.C7D1417AA12A98AF3022ACBAA3EFBB42.d.4A8BF049609E4FBA6BFDEAFDCDF5CAFB.e.5643"}]}
RESULT: {"script":"<script> [56 bytes]","args":[{"element-6066-11e4-a52e-4f735466cecf":"f.C7D1417AA12A98AF3022ACBAA3EFBB42.d.4A8BF049609E4FBA6BFDEAFDCDF5CAFB.e.5643","ELEMENT":"f.C7D1417AA12A98AF3022ACBAA3EFBB42.d.4A8BF049609E4FBA6BFDEAFDCDF5CAFB.e.5643"}]}
COMMAND: POST /session/dca704dd9986aef8fc007aa51f130b55/element - {"using":"xpath","value":"//table[contains(@id, \"application-ruinventorylist-display-component---Master--tableRuInventoryList-listUl\")]/tbody/tr[1]/td[2]/div/div"}
COMMAND: GET /session/dca704dd9986aef8fc007aa51f130b55/screenshot - {}
RESULT: {"using":"xpath","value":"//table[contains(@id, \"application-ruinventorylist-display-component---Master--tableRuInventoryList-listUl\")]/tbody/tr[1]/td[2]/div/div"}
COMMAND: POST /session/dca704dd9986aef8fc007aa51f130b55/element/f.C7D1417AA12A98AF3022ACBAA3EFBB42.d.4A8BF049609E4FBA6BFDEAFDCDF5CAFB.e.5663/click - {}
RESULT: {}
RESULT: {}
COMMAND: GET /session/dca704dd9986aef8fc007aa51f130b55/screenshot - {}
RESULT: {}
COMMAND: POST /session/dca704dd9986aef8fc007aa51f130b55/element - {"using":"xpath","value":"//div[contains(@id, \"smartFilterBar-btnBasicSearch-reset\")]"}
RESULT: {"using":"xpath","value":"//div[contains(@id, \"smartFilterBar-btnBasicSearch-reset\")]"}
COMMAND: POST /session/dca704dd9986aef8fc007aa51f130b55/element/f.C7D1417AA12A98AF3022ACBAA3EFBB42.d.4A8BF049609E4FBA6BFDEAFDCDF5CAFB.e.5674/click - {}
RESULT: {}
COMMAND: GET /session/dca704dd9986aef8fc007aa51f130b55/screenshot - {}
RESULT: {}
RESULT: undefined
COMMAND: POST /session/dca704dd9986aef8fc007aa51f130b55/execute/async - {"script":"<script> [776 bytes]","args":[{"enterText":"401002","selector":{"id":"application-ruinventorylist-display-component---Master--smartFilterBar-btnBasicSearch","interaction":{"idSuffix":"I"}},"clearTextFirst":true,"interactionType":"ENTER_TEXT"}]}
RESULT: {"script":"<script> [776 bytes]","args":[{"enterText":"401002","selector":{"id":"application-ruinventorylist-display-component---Master--smartFilterBar-btnBasicSearch","interaction":{"idSuffix":"I"}},"clearTextFirst":true,"interactionType":"ENTER_TEXT"}]}
COMMAND: POST /session/dca704dd9986aef8fc007aa51f130b55/actions - {"actions":[{"id":"action24","type":"key","parameters":{},"actions":[{"type":"keyDown","value":"î€‡"},{"type":"pause","duration":10},{"type":"keyUp","value":"î€‡"}]}]}
RESULT: {"actions":[{"id":"action24","type":"key","parameters":{},"actions":[{"type":"keyDown","value":"î€‡"},{"type":"pause","duration":10},{"type":"keyUp","value":"î€‡"}]}]}
COMMAND: GET /session/dca704dd9986aef8fc007aa51f130b55/screenshot - {}
RESULT: {}
COMMAND: POST /session/dca704dd9986aef8fc007aa51f130b55/element - {"using":"xpath","value":"//span[@id=\"application-ruinventorylist-display-component---Master--smartTableRuInventoryList-header-inner\"]"}
RESULT: {"using":"xpath","value":"//span[@id=\"application-ruinventorylist-display-component---Master--smartTableRuInventoryList-header-inner\"]"}
COMMAND: POST /session/dca704dd9986aef8fc007aa51f130b55/elements - {"using":"xpath","value":"//span[@id=\"application-ruinventorylist-display-component---Master--smartTableRuInventoryList-header-inner\"]"}
RESULT: {"using":"xpath","value":"//span[@id=\"application-ruinventorylist-display-component---Master--smartTableRuInventoryList-header-inner\"]"}
COMMAND: POST /session/dca704dd9986aef8fc007aa51f130b55/execute/sync - {"script":"<script> [56 bytes]","args":[{"element-6066-11e4-a52e-4f735466cecf":"f.C7D1417AA12A98AF3022ACBAA3EFBB42.d.4A8BF049609E4FBA6BFDEAFDCDF5CAFB.e.5643","ELEMENT":"f.C7D1417AA12A98AF3022ACBAA3EFBB42.d.4A8BF049609E4FBA6BFDEAFDCDF5CAFB.e.5643"}]}
RESULT: {"script":"<script> [56 bytes]","args":[{"element-6066-11e4-a52e-4f735466cecf":"f.C7D1417AA12A98AF3022ACBAA3EFBB42.d.4A8BF049609E4FBA6BFDEAFDCDF5CAFB.e.5643","ELEMENT":"f.C7D1417AA12A98AF3022ACBAA3EFBB42.d.4A8BF049609E4FBA6BFDEAFDCDF5CAFB.e.5643"}]}
COMMAND: POST /session/dca704dd9986aef8fc007aa51f130b55/element - {"using":"xpath","value":"//table[contains(@id, \"application-ruinventorylist-display-component---Master--tableRuInventoryList-listUl\")]/tbody/tr[1]/td[2]/div/div"}
COMMAND: GET /session/dca704dd9986aef8fc007aa51f130b55/screenshot - {}
RESULT: {"using":"xpath","value":"//table[contains(@id, \"application-ruinventorylist-display-component---Master--tableRuInventoryList-listUl\")]/tbody/tr[1]/td[2]/div/div"}
COMMAND: POST /session/dca704dd9986aef8fc007aa51f130b55/element/f.C7D1417AA12A98AF3022ACBAA3EFBB42.d.4A8BF049609E4FBA6BFDEAFDCDF5CAFB.e.5819/click - {}
RESULT: {}
RESULT: {}
COMMAND: GET /session/dca704dd9986aef8fc007aa51f130b55/screenshot - {}
RESULT: {}
COMMAND: POST /session/dca704dd9986aef8fc007aa51f130b55/element - {"using":"xpath","value":"//div[contains(@id, \"smartFilterBar-btnBasicSearch-reset\")]"}
RESULT: {"using":"xpath","value":"//div[contains(@id, \"smartFilterBar-btnBasicSearch-reset\")]"}
COMMAND: POST /session/dca704dd9986aef8fc007aa51f130b55/element/f.C7D1417AA12A98AF3022ACBAA3EFBB42.d.4A8BF049609E4FBA6BFDEAFDCDF5CAFB.e.5674/click - {}
RESULT: {}
COMMAND: GET /session/dca704dd9986aef8fc007aa51f130b55/screenshot - {}
RESULT: {}
RESULT: undefined
COMMAND: POST /session/dca704dd9986aef8fc007aa51f130b55/execute/async - {"script":"<script> [776 bytes]","args":[{"enterText":"yRPKWD6AN1","selector":{"id":"application-ruinventorylist-display-component---Master--smartFilterBar-btnBasicSearch","interaction":{"idSuffix":"I"}},"clearTextFirst":true,"interactionType":"ENTER_TEXT"}]}
RESULT: {"script":"<script> [776 bytes]","args":[{"enterText":"yRPKWD6AN1","selector":{"id":"application-ruinventorylist-display-component---Master--smartFilterBar-btnBasicSearch","interaction":{"idSuffix":"I"}},"clearTextFirst":true,"interactionType":"ENTER_TEXT"}]}
COMMAND: POST /session/dca704dd9986aef8fc007aa51f130b55/actions - {"actions":[{"id":"action25","type":"key","parameters":{},"actions":[{"type":"keyDown","value":"î€‡"},{"type":"pause","duration":10},{"type":"keyUp","value":"î€‡"}]}]}
RESULT: {"actions":[{"id":"action25","type":"key","parameters":{},"actions":[{"type":"keyDown","value":"î€‡"},{"type":"pause","duration":10},{"type":"keyUp","value":"î€‡"}]}]}
COMMAND: GET /session/dca704dd9986aef8fc007aa51f130b55/screenshot - {}
RESULT: {}
COMMAND: POST /session/dca704dd9986aef8fc007aa51f130b55/element - {"using":"xpath","value":"//span[@id=\"application-ruinventorylist-display-component---Master--smartTableRuInventoryList-header-inner\"]"}
RESULT: {"using":"xpath","value":"//span[@id=\"application-ruinventorylist-display-component---Master--smartTableRuInventoryList-header-inner\"]"}
COMMAND: POST /session/dca704dd9986aef8fc007aa51f130b55/elements - {"using":"xpath","value":"//span[@id=\"application-ruinventorylist-display-component---Master--smartTableRuInventoryList-header-inner\"]"}
RESULT: {"using":"xpath","value":"//span[@id=\"application-ruinventorylist-display-component---Master--smartTableRuInventoryList-header-inner\"]"}
COMMAND: POST /session/dca704dd9986aef8fc007aa51f130b55/execute/sync - {"script":"<script> [56 bytes]","args":[{"element-6066-11e4-a52e-4f735466cecf":"f.C7D1417AA12A98AF3022ACBAA3EFBB42.d.4A8BF049609E4FBA6BFDEAFDCDF5CAFB.e.5643","ELEMENT":"f.C7D1417AA12A98AF3022ACBAA3EFBB42.d.4A8BF049609E4FBA6BFDEAFDCDF5CAFB.e.5643"}]}
RESULT: {"script":"<script> [56 bytes]","args":[{"element-6066-11e4-a52e-4f735466cecf":"f.C7D1417AA12A98AF3022ACBAA3EFBB42.d.4A8BF049609E4FBA6BFDEAFDCDF5CAFB.e.5643","ELEMENT":"f.C7D1417AA12A98AF3022ACBAA3EFBB42.d.4A8BF049609E4FBA6BFDEAFDCDF5CAFB.e.5643"}]}
COMMAND: POST /session/dca704dd9986aef8fc007aa51f130b55/element - {"using":"xpath","value":"//table[contains(@id, \"application-ruinventorylist-display-component---Master--tableRuInventoryList-listUl\")]/tbody/tr[1]/td[2]/div/div"}
COMMAND: GET /session/dca704dd9986aef8fc007aa51f130b55/screenshot - {}
RESULT: {"using":"xpath","value":"//table[contains(@id, \"application-ruinventorylist-display-component---Master--tableRuInventoryList-listUl\")]/tbody/tr[1]/td[2]/div/div"}
COMMAND: POST /session/dca704dd9986aef8fc007aa51f130b55/element/f.C7D1417AA12A98AF3022ACBAA3EFBB42.d.4A8BF049609E4FBA6BFDEAFDCDF5CAFB.e.5975/click - {}
RESULT: {}
RESULT: {}
COMMAND: GET /session/dca704dd9986aef8fc007aa51f130b55/screenshot - {}
RESULT: {}
COMMAND: POST /session/dca704dd9986aef8fc007aa51f130b55/element - {"using":"xpath","value":"//div[contains(@id, \"smartFilterBar-btnBasicSearch-reset\")]"}
RESULT: {"using":"xpath","value":"//div[contains(@id, \"smartFilterBar-btnBasicSearch-reset\")]"}
COMMAND: POST /session/dca704dd9986aef8fc007aa51f130b55/element/f.C7D1417AA12A98AF3022ACBAA3EFBB42.d.4A8BF049609E4FBA6BFDEAFDCDF5CAFB.e.5674/click - {}
RESULT: {}
COMMAND: GET /session/dca704dd9986aef8fc007aa51f130b55/screenshot - {}
RESULT: undefined
COMMAND: POST /session/dca704dd9986aef8fc007aa51f130b55/execute/async - {"script":"<script> [776 bytes]","args":[{"enterText":"200198","selector":{"id":"application-ruinventorylist-display-component---Master--smartFilterBar-btnBasicSearch","interaction":{"idSuffix":"I"}},"clearTextFirst":true,"interactionType":"ENTER_TEXT"}]}
RESULT: {}
RESULT: {"script":"<script> [776 bytes]","args":[{"enterText":"200198","selector":{"id":"application-ruinventorylist-display-component---Master--smartFilterBar-btnBasicSearch","interaction":{"idSuffix":"I"}},"clearTextFirst":true,"interactionType":"ENTER_TEXT"}]}
COMMAND: POST /session/dca704dd9986aef8fc007aa51f130b55/actions - {"actions":[{"id":"action26","type":"key","parameters":{},"actions":[{"type":"keyDown","value":"î€‡"},{"type":"pause","duration":10},{"type":"keyUp","value":"î€‡"}]}]}
RESULT: {"actions":[{"id":"action26","type":"key","parameters":{},"actions":[{"type":"keyDown","value":"î€‡"},{"type":"pause","duration":10},{"type":"keyUp","value":"î€‡"}]}]}
COMMAND: GET /session/dca704dd9986aef8fc007aa51f130b55/screenshot - {}
RESULT: {}
COMMAND: POST /session/dca704dd9986aef8fc007aa51f130b55/element - {"using":"xpath","value":"//span[@id=\"application-ruinventorylist-display-component---Master--smartTableRuInventoryList-header-inner\"]"}
RESULT: {"using":"xpath","value":"//span[@id=\"application-ruinventorylist-display-component---Master--smartTableRuInventoryList-header-inner\"]"}
COMMAND: POST /session/dca704dd9986aef8fc007aa51f130b55/elements - {"using":"xpath","value":"//span[@id=\"application-ruinventorylist-display-component---Master--smartTableRuInventoryList-header-inner\"]"}
RESULT: {"using":"xpath","value":"//span[@id=\"application-ruinventorylist-display-component---Master--smartTableRuInventoryList-header-inner\"]"}
COMMAND: POST /session/dca704dd9986aef8fc007aa51f130b55/execute/sync - {"script":"<script> [56 bytes]","args":[{"element-6066-11e4-a52e-4f735466cecf":"f.C7D1417AA12A98AF3022ACBAA3EFBB42.d.4A8BF049609E4FBA6BFDEAFDCDF5CAFB.e.5643","ELEMENT":"f.C7D1417AA12A98AF3022ACBAA3EFBB42.d.4A8BF049609E4FBA6BFDEAFDCDF5CAFB.e.5643"}]}
RESULT: {"script":"<script> [56 bytes]","args":[{"element-6066-11e4-a52e-4f735466cecf":"f.C7D1417AA12A98AF3022ACBAA3EFBB42.d.4A8BF049609E4FBA6BFDEAFDCDF5CAFB.e.5643","ELEMENT":"f.C7D1417AA12A98AF3022ACBAA3EFBB42.d.4A8BF049609E4FBA6BFDEAFDCDF5CAFB.e.5643"}]}
COMMAND: POST /session/dca704dd9986aef8fc007aa51f130b55/element - {"using":"xpath","value":"//table[contains(@id, \"application-ruinventorylist-display-component---Master--tableRuInventoryList-listUl\")]/tbody/tr[1]/td[2]/div/div"}
COMMAND: GET /session/dca704dd9986aef8fc007aa51f130b55/screenshot - {}
RESULT: {"using":"xpath","value":"//table[contains(@id, \"application-ruinventorylist-display-component---Master--tableRuInventoryList-listUl\")]/tbody/tr[1]/td[2]/div/div"}
COMMAND: POST /session/dca704dd9986aef8fc007aa51f130b55/element/f.C7D1417AA12A98AF3022ACBAA3EFBB42.d.4A8BF049609E4FBA6BFDEAFDCDF5CAFB.e.6130/click - {}
RESULT: {}
RESULT: {}
COMMAND: GET /session/dca704dd9986aef8fc007aa51f130b55/screenshot - {}
RESULT: {}
COMMAND: POST /session/dca704dd9986aef8fc007aa51f130b55/element - {"using":"xpath","value":"//div[contains(@id, \"smartFilterBar-btnBasicSearch-reset\")]"}
RESULT: {"using":"xpath","value":"//div[contains(@id, \"smartFilterBar-btnBasicSearch-reset\")]"}
COMMAND: POST /session/dca704dd9986aef8fc007aa51f130b55/element/f.C7D1417AA12A98AF3022ACBAA3EFBB42.d.4A8BF049609E4FBA6BFDEAFDCDF5CAFB.e.5674/click - {}
RESULT: {}
COMMAND: GET /session/dca704dd9986aef8fc007aa51f130b55/screenshot - {}
COMMAND: POST /session/dca704dd9986aef8fc007aa51f130b55/element/f.C7D1417AA12A98AF3022ACBAA3EFBB42.d.4A8BF049609E4FBA6BFDEAFDCDF5CAFB.e.5066/click - {}
RESULT: {}
RESULT: {}
COMMAND: GET /session/dca704dd9986aef8fc007aa51f130b55/screenshot - {}
RESULT: {}
COMMAND: POST /session/dca704dd9986aef8fc007aa51f130b55/execute/async - {"script":"<script> [1562 bytes]","args":[{"selector":{"id":"application-ruinventorylist-display-component---Master--effectiveDate","searchOpenDialogs":true,"interaction":{"idSuffix":"inner"}},"wdio_ui5_key":"applicationruinventorylist-display-component---Master--effectiveDate"}]}
RESULT: {"script":"<script> [1562 bytes]","args":[{"selector":{"id":"application-ruinventorylist-display-component---Master--effectiveDate","searchOpenDialogs":true,"interaction":{"idSuffix":"inner"}},"wdio_ui5_key":"applicationruinventorylist-display-component---Master--effectiveDate"}]}
RESULT: undefined
COMMAND: POST /session/dca704dd9986aef8fc007aa51f130b55/execute/async - {"script":"<script> [776 bytes]","args":[{"enterText":"04/28/25","selector":{"id":"application-ruinventorylist-display-component---Master--effectiveDate","searchOpenDialogs":true,"interaction":{"idSuffix":"inner"}},"clearTextFirst":true,"interactionType":"ENTER_TEXT"}]}
RESULT: {"script":"<script> [776 bytes]","args":[{"enterText":"04/28/25","selector":{"id":"application-ruinventorylist-display-component---Master--effectiveDate","searchOpenDialogs":true,"interaction":{"idSuffix":"inner"}},"clearTextFirst":true,"interactionType":"ENTER_TEXT"}]}
COMMAND: POST /session/dca704dd9986aef8fc007aa51f130b55/element - {"using":"xpath","value":"//span[contains(@data-kt,\"correctionMassStateChangeIcon\")]"}
RESULT: {"using":"xpath","value":"//span[contains(@data-kt,\"correctionMassStateChangeIcon\")]"}
COMMAND: POST /session/dca704dd9986aef8fc007aa51f130b55/elements - {"using":"xpath","value":"//span[contains(@data-kt,\"correctionMassStateChangeIcon\")]"}
RESULT: {"using":"xpath","value":"//span[contains(@data-kt,\"correctionMassStateChangeIcon\")]"}
COMMAND: POST /session/dca704dd9986aef8fc007aa51f130b55/elements - {"using":"xpath","value":"//span[contains(@data-kt,\"correctionMassStateChangeIcon\")]"}
RESULT: {"using":"xpath","value":"//span[contains(@data-kt,\"correctionMassStateChangeIcon\")]"}
RESULT: undefined
COMMAND: POST /session/dca704dd9986aef8fc007aa51f130b55/element - {"using":"xpath","value":"//*[@id=\"application-ruinventorylist-display-component---Master--ruStateTypes-arrow\"]"}
RESULT: {"using":"xpath","value":"//*[@id=\"application-ruinventorylist-display-component---Master--ruStateTypes-arrow\"]"}
COMMAND: POST /session/dca704dd9986aef8fc007aa51f130b55/element/f.C7D1417AA12A98AF3022ACBAA3EFBB42.d.4A8BF049609E4FBA6BFDEAFDCDF5CAFB.e.6327/click - {}
RESULT: {}
COMMAND: GET /session/dca704dd9986aef8fc007aa51f130b55/screenshot - {}
RESULT: {}
COMMAND: POST /session/dca704dd9986aef8fc007aa51f130b55/element - {"using":"xpath","value":"//li[.//span[text()=\"defect\"]]"}
RESULT: {"using":"xpath","value":"//li[.//span[text()=\"defect\"]]"}
COMMAND: POST /session/dca704dd9986aef8fc007aa51f130b55/element/f.C7D1417AA12A98AF3022ACBAA3EFBB42.d.4A8BF049609E4FBA6BFDEAFDCDF5CAFB.e.6328/click - {}
RESULT: {}
COMMAND: GET /session/dca704dd9986aef8fc007aa51f130b55/screenshot - {}
RESULT: {}
COMMAND: POST /session/dca704dd9986aef8fc007aa51f130b55/element - {"using":"xpath","value":"(//bdi[contains(text(), \"OK\")])[1]"}
RESULT: {"using":"xpath","value":"(//bdi[contains(text(), \"OK\")])[1]"}
COMMAND: POST /session/dca704dd9986aef8fc007aa51f130b55/element/f.C7D1417AA12A98AF3022ACBAA3EFBB42.d.4A8BF049609E4FBA6BFDEAFDCDF5CAFB.e.6329/click - {}
RESULT: {}
COMMAND: GET /session/dca704dd9986aef8fc007aa51f130b55/screenshot - {}
RESULT: {}
COMMAND: POST /session/dca704dd9986aef8fc007aa51f130b55/element - {"using":"css selector","value":"div.sapMMessageBoxError"}
RESULT: {"using":"css selector","value":"div.sapMMessageBoxError"}
COMMAND: POST /session/dca704dd9986aef8fc007aa51f130b55/elements - {"using":"css selector","value":"div.sapMMessageBoxError"}
RESULT: {"using":"css selector","value":"div.sapMMessageBoxError"}
COMMAND: POST /session/dca704dd9986aef8fc007aa51f130b55/element - {"using":"xpath","value":"//div[contains(@class, \"sapMMessageBoxError\")]/section/div/div/span"}
RESULT: {"using":"xpath","value":"//div[contains(@class, \"sapMMessageBoxError\")]/section/div/div/span"}
COMMAND: POST /session/dca704dd9986aef8fc007aa51f130b55/execute/sync - {"script":"<script> [56 bytes]","args":[{"element-6066-11e4-a52e-4f735466cecf":"f.C7D1417AA12A98AF3022ACBAA3EFBB42.d.4A8BF049609E4FBA6BFDEAFDCDF5CAFB.e.6332","ELEMENT":"f.C7D1417AA12A98AF3022ACBAA3EFBB42.d.4A8BF049609E4FBA6BFDEAFDCDF5CAFB.e.6332"}]}
RESULT: {"script":"<script> [56 bytes]","args":[{"element-6066-11e4-a52e-4f735466cecf":"f.C7D1417AA12A98AF3022ACBAA3EFBB42.d.4A8BF049609E4FBA6BFDEAFDCDF5CAFB.e.6332","ELEMENT":"f.C7D1417AA12A98AF3022ACBAA3EFBB42.d.4A8BF049609E4FBA6BFDEAFDCDF5CAFB.e.6332"}]}
COMMAND: POST /session/dca704dd9986aef8fc007aa51f130b55/element - {"using":"xpath","value":"(//bdi[contains(text(), \"Close\")])[1]"}
COMMAND: GET /session/dca704dd9986aef8fc007aa51f130b55/screenshot - {}
RESULT: {"using":"xpath","value":"(//bdi[contains(text(), \"Close\")])[1]"}
COMMAND: POST /session/dca704dd9986aef8fc007aa51f130b55/element/f.C7D1417AA12A98AF3022ACBAA3EFBB42.d.4A8BF049609E4FBA6BFDEAFDCDF5CAFB.e.6334/click - {}
RESULT: {}
RESULT: {}
COMMAND: GET /session/dca704dd9986aef8fc007aa51f130b55/screenshot - {}
RESULT: {}
RESULT: undefined
COMMAND: POST /session/dca704dd9986aef8fc007aa51f130b55/execute/async - {"script":"<script> [776 bytes]","args":[{"enterText":"04/29/25","selector":{"id":"application-ruinventorylist-display-component---Master--effectiveDate","searchOpenDialogs":true,"interaction":{"idSuffix":"inner"}},"clearTextFirst":true,"interactionType":"ENTER_TEXT"}]}
RESULT: {"script":"<script> [776 bytes]","args":[{"enterText":"04/29/25","selector":{"id":"application-ruinventorylist-display-component---Master--effectiveDate","searchOpenDialogs":true,"interaction":{"idSuffix":"inner"}},"clearTextFirst":true,"interactionType":"ENTER_TEXT"}]}
COMMAND: POST /session/dca704dd9986aef8fc007aa51f130b55/element - {"using":"xpath","value":"(//bdi[contains(text(), \"OK\")])[1]"}
RESULT: {"using":"xpath","value":"(//bdi[contains(text(), \"OK\")])[1]"}
COMMAND: POST /session/dca704dd9986aef8fc007aa51f130b55/element/f.C7D1417AA12A98AF3022ACBAA3EFBB42.d.4A8BF049609E4FBA6BFDEAFDCDF5CAFB.e.6329/click - {}
RESULT: {}
COMMAND: GET /session/dca704dd9986aef8fc007aa51f130b55/screenshot - {}
RESULT: {}
COMMAND: POST /session/dca704dd9986aef8fc007aa51f130b55/element - {"using":"xpath","value":"(//bdi[contains(text(), \"OK\")])[2]"}
RESULT: {"using":"xpath","value":"(//bdi[contains(text(), \"OK\")])[2]"}
COMMAND: POST /session/dca704dd9986aef8fc007aa51f130b55/element/f.C7D1417AA12A98AF3022ACBAA3EFBB42.d.4A8BF049609E4FBA6BFDEAFDCDF5CAFB.e.6383/click - {}
RESULT: {}
COMMAND: GET /session/dca704dd9986aef8fc007aa51f130b55/screenshot - {}
RESULT: {}
RESULT: undefined
COMMAND: POST /session/dca704dd9986aef8fc007aa51f130b55/execute/async - {"script":"<script> [776 bytes]","args":[{"enterText":"600002","selector":{"id":"application-ruinventorylist-display-component---Master--smartFilterBar-btnBasicSearch","interaction":{"idSuffix":"I"}},"clearTextFirst":true,"interactionType":"ENTER_TEXT"}]}
RESULT: {"script":"<script> [776 bytes]","args":[{"enterText":"600002","selector":{"id":"application-ruinventorylist-display-component---Master--smartFilterBar-btnBasicSearch","interaction":{"idSuffix":"I"}},"clearTextFirst":true,"interactionType":"ENTER_TEXT"}]}
COMMAND: POST /session/dca704dd9986aef8fc007aa51f130b55/actions - {"actions":[{"id":"action27","type":"key","parameters":{},"actions":[{"type":"keyDown","value":"î€‡"},{"type":"pause","duration":10},{"type":"keyUp","value":"î€‡"}]}]}
RESULT: {"actions":[{"id":"action27","type":"key","parameters":{},"actions":[{"type":"keyDown","value":"î€‡"},{"type":"pause","duration":10},{"type":"keyUp","value":"î€‡"}]}]}
COMMAND: GET /session/dca704dd9986aef8fc007aa51f130b55/screenshot - {}
RESULT: {}
COMMAND: POST /session/dca704dd9986aef8fc007aa51f130b55/element - {"using":"xpath","value":"//span[@id=\"application-ruinventorylist-display-component---Master--smartTableRuInventoryList-header-inner\"]"}
RESULT: {"using":"xpath","value":"//span[@id=\"application-ruinventorylist-display-component---Master--smartTableRuInventoryList-header-inner\"]"}
COMMAND: POST /session/dca704dd9986aef8fc007aa51f130b55/elements - {"using":"xpath","value":"//span[@id=\"application-ruinventorylist-display-component---Master--smartTableRuInventoryList-header-inner\"]"}
RESULT: {"using":"xpath","value":"//span[@id=\"application-ruinventorylist-display-component---Master--smartTableRuInventoryList-header-inner\"]"}
COMMAND: POST /session/dca704dd9986aef8fc007aa51f130b55/execute/sync - {"script":"<script> [56 bytes]","args":[{"element-6066-11e4-a52e-4f735466cecf":"f.C7D1417AA12A98AF3022ACBAA3EFBB42.d.4A8BF049609E4FBA6BFDEAFDCDF5CAFB.e.5643","ELEMENT":"f.C7D1417AA12A98AF3022ACBAA3EFBB42.d.4A8BF049609E4FBA6BFDEAFDCDF5CAFB.e.5643"}]}
RESULT: {"script":"<script> [56 bytes]","args":[{"element-6066-11e4-a52e-4f735466cecf":"f.C7D1417AA12A98AF3022ACBAA3EFBB42.d.4A8BF049609E4FBA6BFDEAFDCDF5CAFB.e.5643","ELEMENT":"f.C7D1417AA12A98AF3022ACBAA3EFBB42.d.4A8BF049609E4FBA6BFDEAFDCDF5CAFB.e.5643"}]}
COMMAND: POST /session/dca704dd9986aef8fc007aa51f130b55/element - {"using":"xpath","value":"//table[contains(@id, \"application-ruinventorylist-display-component---Master--tableRuInventoryList-listUl\")]/tbody/tr[1]/td[6]/div/span"}
COMMAND: GET /session/dca704dd9986aef8fc007aa51f130b55/screenshot - {}
RESULT: {"using":"xpath","value":"//table[contains(@id, \"application-ruinventorylist-display-component---Master--tableRuInventoryList-listUl\")]/tbody/tr[1]/td[6]/div/span"}
COMMAND: POST /session/dca704dd9986aef8fc007aa51f130b55/execute/sync - {"script":"<script> [56 bytes]","args":[{"element-6066-11e4-a52e-4f735466cecf":"f.C7D1417AA12A98AF3022ACBAA3EFBB42.d.4A8BF049609E4FBA6BFDEAFDCDF5CAFB.e.6404","ELEMENT":"f.C7D1417AA12A98AF3022ACBAA3EFBB42.d.4A8BF049609E4FBA6BFDEAFDCDF5CAFB.e.6404"}]}
RESULT: {}
RESULT: {"script":"<script> [56 bytes]","args":[{"element-6066-11e4-a52e-4f735466cecf":"f.C7D1417AA12A98AF3022ACBAA3EFBB42.d.4A8BF049609E4FBA6BFDEAFDCDF5CAFB.e.6404","ELEMENT":"f.C7D1417AA12A98AF3022ACBAA3EFBB42.d.4A8BF049609E4FBA6BFDEAFDCDF5CAFB.e.6404"}]}
COMMAND: POST /session/dca704dd9986aef8fc007aa51f130b55/element - {"using":"xpath","value":"//div[contains(@id, \"smartFilterBar-btnBasicSearch-reset\")]"}
COMMAND: GET /session/dca704dd9986aef8fc007aa51f130b55/screenshot - {}
RESULT: {"using":"xpath","value":"//div[contains(@id, \"smartFilterBar-btnBasicSearch-reset\")]"}
COMMAND: POST /session/dca704dd9986aef8fc007aa51f130b55/element/f.C7D1417AA12A98AF3022ACBAA3EFBB42.d.4A8BF049609E4FBA6BFDEAFDCDF5CAFB.e.5674/click - {}
RESULT: {}
RESULT: {}
COMMAND: GET /session/dca704dd9986aef8fc007aa51f130b55/screenshot - {}
RESULT: {}
RESULT: undefined
COMMAND: POST /session/dca704dd9986aef8fc007aa51f130b55/execute/async - {"script":"<script> [776 bytes]","args":[{"enterText":"401002","selector":{"id":"application-ruinventorylist-display-component---Master--smartFilterBar-btnBasicSearch","interaction":{"idSuffix":"I"}},"clearTextFirst":true,"interactionType":"ENTER_TEXT"}]}
RESULT: {"script":"<script> [776 bytes]","args":[{"enterText":"401002","selector":{"id":"application-ruinventorylist-display-component---Master--smartFilterBar-btnBasicSearch","interaction":{"idSuffix":"I"}},"clearTextFirst":true,"interactionType":"ENTER_TEXT"}]}
COMMAND: POST /session/dca704dd9986aef8fc007aa51f130b55/actions - {"actions":[{"id":"action28","type":"key","parameters":{},"actions":[{"type":"keyDown","value":"î€‡"},{"type":"pause","duration":10},{"type":"keyUp","value":"î€‡"}]}]}
RESULT: {"actions":[{"id":"action28","type":"key","parameters":{},"actions":[{"type":"keyDown","value":"î€‡"},{"type":"pause","duration":10},{"type":"keyUp","value":"î€‡"}]}]}
COMMAND: GET /session/dca704dd9986aef8fc007aa51f130b55/screenshot - {}
RESULT: {}
COMMAND: POST /session/dca704dd9986aef8fc007aa51f130b55/element - {"using":"xpath","value":"//span[@id=\"application-ruinventorylist-display-component---Master--smartTableRuInventoryList-header-inner\"]"}
RESULT: {"using":"xpath","value":"//span[@id=\"application-ruinventorylist-display-component---Master--smartTableRuInventoryList-header-inner\"]"}
COMMAND: POST /session/dca704dd9986aef8fc007aa51f130b55/elements - {"using":"xpath","value":"//span[@id=\"application-ruinventorylist-display-component---Master--smartTableRuInventoryList-header-inner\"]"}
RESULT: {"using":"xpath","value":"//span[@id=\"application-ruinventorylist-display-component---Master--smartTableRuInventoryList-header-inner\"]"}
COMMAND: POST /session/dca704dd9986aef8fc007aa51f130b55/execute/sync - {"script":"<script> [56 bytes]","args":[{"element-6066-11e4-a52e-4f735466cecf":"f.C7D1417AA12A98AF3022ACBAA3EFBB42.d.4A8BF049609E4FBA6BFDEAFDCDF5CAFB.e.5643","ELEMENT":"f.C7D1417AA12A98AF3022ACBAA3EFBB42.d.4A8BF049609E4FBA6BFDEAFDCDF5CAFB.e.5643"}]}
RESULT: {"script":"<script> [56 bytes]","args":[{"element-6066-11e4-a52e-4f735466cecf":"f.C7D1417AA12A98AF3022ACBAA3EFBB42.d.4A8BF049609E4FBA6BFDEAFDCDF5CAFB.e.5643","ELEMENT":"f.C7D1417AA12A98AF3022ACBAA3EFBB42.d.4A8BF049609E4FBA6BFDEAFDCDF5CAFB.e.5643"}]}
COMMAND: POST /session/dca704dd9986aef8fc007aa51f130b55/element - {"using":"xpath","value":"//table[contains(@id, \"application-ruinventorylist-display-component---Master--tableRuInventoryList-listUl\")]/tbody/tr[1]/td[6]/div/span"}
COMMAND: GET /session/dca704dd9986aef8fc007aa51f130b55/screenshot - {}
RESULT: {"using":"xpath","value":"//table[contains(@id, \"application-ruinventorylist-display-component---Master--tableRuInventoryList-listUl\")]/tbody/tr[1]/td[6]/div/span"}
COMMAND: POST /session/dca704dd9986aef8fc007aa51f130b55/execute/sync - {"script":"<script> [56 bytes]","args":[{"element-6066-11e4-a52e-4f735466cecf":"f.C7D1417AA12A98AF3022ACBAA3EFBB42.d.4A8BF049609E4FBA6BFDEAFDCDF5CAFB.e.6491","ELEMENT":"f.C7D1417AA12A98AF3022ACBAA3EFBB42.d.4A8BF049609E4FBA6BFDEAFDCDF5CAFB.e.6491"}]}
RESULT: {}
RESULT: {"script":"<script> [56 bytes]","args":[{"element-6066-11e4-a52e-4f735466cecf":"f.C7D1417AA12A98AF3022ACBAA3EFBB42.d.4A8BF049609E4FBA6BFDEAFDCDF5CAFB.e.6491","ELEMENT":"f.C7D1417AA12A98AF3022ACBAA3EFBB42.d.4A8BF049609E4FBA6BFDEAFDCDF5CAFB.e.6491"}]}
COMMAND: POST /session/dca704dd9986aef8fc007aa51f130b55/element - {"using":"xpath","value":"//div[contains(@id, \"smartFilterBar-btnBasicSearch-reset\")]"}
COMMAND: GET /session/dca704dd9986aef8fc007aa51f130b55/screenshot - {}
RESULT: {"using":"xpath","value":"//div[contains(@id, \"smartFilterBar-btnBasicSearch-reset\")]"}
COMMAND: POST /session/dca704dd9986aef8fc007aa51f130b55/element/f.C7D1417AA12A98AF3022ACBAA3EFBB42.d.4A8BF049609E4FBA6BFDEAFDCDF5CAFB.e.5674/click - {}
RESULT: {}
RESULT: {}
COMMAND: GET /session/dca704dd9986aef8fc007aa51f130b55/screenshot - {}
RESULT: {}
RESULT: undefined
COMMAND: POST /session/dca704dd9986aef8fc007aa51f130b55/execute/async - {"script":"<script> [776 bytes]","args":[{"enterText":"yRPKWD6AN1","selector":{"id":"application-ruinventorylist-display-component---Master--smartFilterBar-btnBasicSearch","interaction":{"idSuffix":"I"}},"clearTextFirst":true,"interactionType":"ENTER_TEXT"}]}
RESULT: {"script":"<script> [776 bytes]","args":[{"enterText":"yRPKWD6AN1","selector":{"id":"application-ruinventorylist-display-component---Master--smartFilterBar-btnBasicSearch","interaction":{"idSuffix":"I"}},"clearTextFirst":true,"interactionType":"ENTER_TEXT"}]}
COMMAND: POST /session/dca704dd9986aef8fc007aa51f130b55/actions - {"actions":[{"id":"action29","type":"key","parameters":{},"actions":[{"type":"keyDown","value":"î€‡"},{"type":"pause","duration":10},{"type":"keyUp","value":"î€‡"}]}]}
RESULT: {"actions":[{"id":"action29","type":"key","parameters":{},"actions":[{"type":"keyDown","value":"î€‡"},{"type":"pause","duration":10},{"type":"keyUp","value":"î€‡"}]}]}
COMMAND: GET /session/dca704dd9986aef8fc007aa51f130b55/screenshot - {}
RESULT: {}
COMMAND: POST /session/dca704dd9986aef8fc007aa51f130b55/element - {"using":"xpath","value":"//span[@id=\"application-ruinventorylist-display-component---Master--smartTableRuInventoryList-header-inner\"]"}
RESULT: {"using":"xpath","value":"//span[@id=\"application-ruinventorylist-display-component---Master--smartTableRuInventoryList-header-inner\"]"}
COMMAND: POST /session/dca704dd9986aef8fc007aa51f130b55/elements - {"using":"xpath","value":"//span[@id=\"application-ruinventorylist-display-component---Master--smartTableRuInventoryList-header-inner\"]"}
RESULT: {"using":"xpath","value":"//span[@id=\"application-ruinventorylist-display-component---Master--smartTableRuInventoryList-header-inner\"]"}
COMMAND: POST /session/dca704dd9986aef8fc007aa51f130b55/execute/sync - {"script":"<script> [56 bytes]","args":[{"element-6066-11e4-a52e-4f735466cecf":"f.C7D1417AA12A98AF3022ACBAA3EFBB42.d.4A8BF049609E4FBA6BFDEAFDCDF5CAFB.e.5643","ELEMENT":"f.C7D1417AA12A98AF3022ACBAA3EFBB42.d.4A8BF049609E4FBA6BFDEAFDCDF5CAFB.e.5643"}]}
RESULT: {"script":"<script> [56 bytes]","args":[{"element-6066-11e4-a52e-4f735466cecf":"f.C7D1417AA12A98AF3022ACBAA3EFBB42.d.4A8BF049609E4FBA6BFDEAFDCDF5CAFB.e.5643","ELEMENT":"f.C7D1417AA12A98AF3022ACBAA3EFBB42.d.4A8BF049609E4FBA6BFDEAFDCDF5CAFB.e.5643"}]}
COMMAND: POST /session/dca704dd9986aef8fc007aa51f130b55/element - {"using":"xpath","value":"//table[contains(@id, \"application-ruinventorylist-display-component---Master--tableRuInventoryList-listUl\")]/tbody/tr[1]/td[6]/div/span"}
COMMAND: GET /session/dca704dd9986aef8fc007aa51f130b55/screenshot - {}
RESULT: {"using":"xpath","value":"//table[contains(@id, \"application-ruinventorylist-display-component---Master--tableRuInventoryList-listUl\")]/tbody/tr[1]/td[6]/div/span"}
COMMAND: POST /session/dca704dd9986aef8fc007aa51f130b55/execute/sync - {"script":"<script> [56 bytes]","args":[{"element-6066-11e4-a52e-4f735466cecf":"f.C7D1417AA12A98AF3022ACBAA3EFBB42.d.4A8BF049609E4FBA6BFDEAFDCDF5CAFB.e.6578","ELEMENT":"f.C7D1417AA12A98AF3022ACBAA3EFBB42.d.4A8BF049609E4FBA6BFDEAFDCDF5CAFB.e.6578"}]}
RESULT: {}
RESULT: {"script":"<script> [56 bytes]","args":[{"element-6066-11e4-a52e-4f735466cecf":"f.C7D1417AA12A98AF3022ACBAA3EFBB42.d.4A8BF049609E4FBA6BFDEAFDCDF5CAFB.e.6578","ELEMENT":"f.C7D1417AA12A98AF3022ACBAA3EFBB42.d.4A8BF049609E4FBA6BFDEAFDCDF5CAFB.e.6578"}]}
COMMAND: POST /session/dca704dd9986aef8fc007aa51f130b55/element - {"using":"xpath","value":"//div[contains(@id, \"smartFilterBar-btnBasicSearch-reset\")]"}
COMMAND: GET /session/dca704dd9986aef8fc007aa51f130b55/screenshot - {}
RESULT: {"using":"xpath","value":"//div[contains(@id, \"smartFilterBar-btnBasicSearch-reset\")]"}
COMMAND: POST /session/dca704dd9986aef8fc007aa51f130b55/element/f.C7D1417AA12A98AF3022ACBAA3EFBB42.d.4A8BF049609E4FBA6BFDEAFDCDF5CAFB.e.5674/click - {}
RESULT: {}
RESULT: {}
COMMAND: GET /session/dca704dd9986aef8fc007aa51f130b55/screenshot - {}
RESULT: undefined
COMMAND: POST /session/dca704dd9986aef8fc007aa51f130b55/execute/async - {"script":"<script> [776 bytes]","args":[{"enterText":"200198","selector":{"id":"application-ruinventorylist-display-component---Master--smartFilterBar-btnBasicSearch","interaction":{"idSuffix":"I"}},"clearTextFirst":true,"interactionType":"ENTER_TEXT"}]}
RESULT: {}
RESULT: {"script":"<script> [776 bytes]","args":[{"enterText":"200198","selector":{"id":"application-ruinventorylist-display-component---Master--smartFilterBar-btnBasicSearch","interaction":{"idSuffix":"I"}},"clearTextFirst":true,"interactionType":"ENTER_TEXT"}]}
COMMAND: POST /session/dca704dd9986aef8fc007aa51f130b55/actions - {"actions":[{"id":"action30","type":"key","parameters":{},"actions":[{"type":"keyDown","value":"î€‡"},{"type":"pause","duration":10},{"type":"keyUp","value":"î€‡"}]}]}
RESULT: {"actions":[{"id":"action30","type":"key","parameters":{},"actions":[{"type":"keyDown","value":"î€‡"},{"type":"pause","duration":10},{"type":"keyUp","value":"î€‡"}]}]}
COMMAND: GET /session/dca704dd9986aef8fc007aa51f130b55/screenshot - {}
RESULT: {}
COMMAND: POST /session/dca704dd9986aef8fc007aa51f130b55/element - {"using":"xpath","value":"//span[@id=\"application-ruinventorylist-display-component---Master--smartTableRuInventoryList-header-inner\"]"}
RESULT: {"using":"xpath","value":"//span[@id=\"application-ruinventorylist-display-component---Master--smartTableRuInventoryList-header-inner\"]"}
COMMAND: POST /session/dca704dd9986aef8fc007aa51f130b55/elements - {"using":"xpath","value":"//span[@id=\"application-ruinventorylist-display-component---Master--smartTableRuInventoryList-header-inner\"]"}
RESULT: {"using":"xpath","value":"//span[@id=\"application-ruinventorylist-display-component---Master--smartTableRuInventoryList-header-inner\"]"}
COMMAND: POST /session/dca704dd9986aef8fc007aa51f130b55/execute/sync - {"script":"<script> [56 bytes]","args":[{"element-6066-11e4-a52e-4f735466cecf":"f.C7D1417AA12A98AF3022ACBAA3EFBB42.d.4A8BF049609E4FBA6BFDEAFDCDF5CAFB.e.5643","ELEMENT":"f.C7D1417AA12A98AF3022ACBAA3EFBB42.d.4A8BF049609E4FBA6BFDEAFDCDF5CAFB.e.5643"}]}
RESULT: {"script":"<script> [56 bytes]","args":[{"element-6066-11e4-a52e-4f735466cecf":"f.C7D1417AA12A98AF3022ACBAA3EFBB42.d.4A8BF049609E4FBA6BFDEAFDCDF5CAFB.e.5643","ELEMENT":"f.C7D1417AA12A98AF3022ACBAA3EFBB42.d.4A8BF049609E4FBA6BFDEAFDCDF5CAFB.e.5643"}]}
COMMAND: POST /session/dca704dd9986aef8fc007aa51f130b55/element - {"using":"xpath","value":"//table[contains(@id, \"application-ruinventorylist-display-component---Master--tableRuInventoryList-listUl\")]/tbody/tr[1]/td[6]/div/span"}
COMMAND: GET /session/dca704dd9986aef8fc007aa51f130b55/screenshot - {}
RESULT: {"using":"xpath","value":"//table[contains(@id, \"application-ruinventorylist-display-component---Master--tableRuInventoryList-listUl\")]/tbody/tr[1]/td[6]/div/span"}
COMMAND: POST /session/dca704dd9986aef8fc007aa51f130b55/execute/sync - {"script":"<script> [56 bytes]","args":[{"element-6066-11e4-a52e-4f735466cecf":"f.C7D1417AA12A98AF3022ACBAA3EFBB42.d.4A8BF049609E4FBA6BFDEAFDCDF5CAFB.e.6665","ELEMENT":"f.C7D1417AA12A98AF3022ACBAA3EFBB42.d.4A8BF049609E4FBA6BFDEAFDCDF5CAFB.e.6665"}]}
RESULT: {}
RESULT: {"script":"<script> [56 bytes]","args":[{"element-6066-11e4-a52e-4f735466cecf":"f.C7D1417AA12A98AF3022ACBAA3EFBB42.d.4A8BF049609E4FBA6BFDEAFDCDF5CAFB.e.6665","ELEMENT":"f.C7D1417AA12A98AF3022ACBAA3EFBB42.d.4A8BF049609E4FBA6BFDEAFDCDF5CAFB.e.6665"}]}
COMMAND: POST /session/dca704dd9986aef8fc007aa51f130b55/element - {"using":"xpath","value":"//div[contains(@id, \"smartFilterBar-btnBasicSearch-reset\")]"}
COMMAND: GET /session/dca704dd9986aef8fc007aa51f130b55/screenshot - {}
RESULT: {"using":"xpath","value":"//div[contains(@id, \"smartFilterBar-btnBasicSearch-reset\")]"}
COMMAND: POST /session/dca704dd9986aef8fc007aa51f130b55/element/f.C7D1417AA12A98AF3022ACBAA3EFBB42.d.4A8BF049609E4FBA6BFDEAFDCDF5CAFB.e.5674/click - {}
RESULT: {}
RESULT: {}
COMMAND: GET /session/dca704dd9986aef8fc007aa51f130b55/screenshot - {}
RESULT: {}
COMMAND: POST /session/dca704dd9986aef8fc007aa51f130b55/element/f.C7D1417AA12A98AF3022ACBAA3EFBB42.d.4A8BF049609E4FBA6BFDEAFDCDF5CAFB.e.5066/click - {}
RESULT: {}
COMMAND: GET /session/dca704dd9986aef8fc007aa51f130b55/screenshot - {}
RESULT: {}
RESULT: undefined
COMMAND: POST /session/dca704dd9986aef8fc007aa51f130b55/execute/async - {"script":"<script> [776 bytes]","args":[{"enterText":"600002","selector":{"id":"application-ruinventorylist-display-component---Master--smartFilterBar-btnBasicSearch","interaction":{"idSuffix":"I"}},"clearTextFirst":true,"interactionType":"ENTER_TEXT"}]}
RESULT: {"script":"<script> [776 bytes]","args":[{"enterText":"600002","selector":{"id":"application-ruinventorylist-display-component---Master--smartFilterBar-btnBasicSearch","interaction":{"idSuffix":"I"}},"clearTextFirst":true,"interactionType":"ENTER_TEXT"}]}
COMMAND: POST /session/dca704dd9986aef8fc007aa51f130b55/actions - {"actions":[{"id":"action31","type":"key","parameters":{},"actions":[{"type":"keyDown","value":"î€‡"},{"type":"pause","duration":10},{"type":"keyUp","value":"î€‡"}]}]}
RESULT: {"actions":[{"id":"action31","type":"key","parameters":{},"actions":[{"type":"keyDown","value":"î€‡"},{"type":"pause","duration":10},{"type":"keyUp","value":"î€‡"}]}]}
COMMAND: GET /session/dca704dd9986aef8fc007aa51f130b55/screenshot - {}
RESULT: {}
COMMAND: POST /session/dca704dd9986aef8fc007aa51f130b55/element - {"using":"xpath","value":"//span[@id=\"application-ruinventorylist-display-component---Master--smartTableRuInventoryList-header-inner\"]"}
RESULT: {"using":"xpath","value":"//span[@id=\"application-ruinventorylist-display-component---Master--smartTableRuInventoryList-header-inner\"]"}
COMMAND: POST /session/dca704dd9986aef8fc007aa51f130b55/elements - {"using":"xpath","value":"//span[@id=\"application-ruinventorylist-display-component---Master--smartTableRuInventoryList-header-inner\"]"}
RESULT: {"using":"xpath","value":"//span[@id=\"application-ruinventorylist-display-component---Master--smartTableRuInventoryList-header-inner\"]"}
COMMAND: POST /session/dca704dd9986aef8fc007aa51f130b55/execute/sync - {"script":"<script> [56 bytes]","args":[{"element-6066-11e4-a52e-4f735466cecf":"f.C7D1417AA12A98AF3022ACBAA3EFBB42.d.4A8BF049609E4FBA6BFDEAFDCDF5CAFB.e.5643","ELEMENT":"f.C7D1417AA12A98AF3022ACBAA3EFBB42.d.4A8BF049609E4FBA6BFDEAFDCDF5CAFB.e.5643"}]}
RESULT: {"script":"<script> [56 bytes]","args":[{"element-6066-11e4-a52e-4f735466cecf":"f.C7D1417AA12A98AF3022ACBAA3EFBB42.d.4A8BF049609E4FBA6BFDEAFDCDF5CAFB.e.5643","ELEMENT":"f.C7D1417AA12A98AF3022ACBAA3EFBB42.d.4A8BF049609E4FBA6BFDEAFDCDF5CAFB.e.5643"}]}
COMMAND: POST /session/dca704dd9986aef8fc007aa51f130b55/element - {"using":"xpath","value":"//table[contains(@id, \"application-ruinventorylist-display-component---Master--tableRuInventoryList-listUl\")]/tbody/tr[1]/td[2]/div/div"}
COMMAND: GET /session/dca704dd9986aef8fc007aa51f130b55/screenshot - {}
RESULT: {"using":"xpath","value":"//table[contains(@id, \"application-ruinventorylist-display-component---Master--tableRuInventoryList-listUl\")]/tbody/tr[1]/td[2]/div/div"}
COMMAND: POST /session/dca704dd9986aef8fc007aa51f130b55/element/f.C7D1417AA12A98AF3022ACBAA3EFBB42.d.4A8BF049609E4FBA6BFDEAFDCDF5CAFB.e.6926/click - {}
RESULT: {}
RESULT: {}
COMMAND: GET /session/dca704dd9986aef8fc007aa51f130b55/screenshot - {}
RESULT: {}
COMMAND: POST /session/dca704dd9986aef8fc007aa51f130b55/element - {"using":"xpath","value":"//div[contains(@id, \"smartFilterBar-btnBasicSearch-reset\")]"}
RESULT: {"using":"xpath","value":"//div[contains(@id, \"smartFilterBar-btnBasicSearch-reset\")]"}
COMMAND: POST /session/dca704dd9986aef8fc007aa51f130b55/element/f.C7D1417AA12A98AF3022ACBAA3EFBB42.d.4A8BF049609E4FBA6BFDEAFDCDF5CAFB.e.5674/click - {}
RESULT: {}
COMMAND: GET /session/dca704dd9986aef8fc007aa51f130b55/screenshot - {}
RESULT: {}
RESULT: undefined
COMMAND: POST /session/dca704dd9986aef8fc007aa51f130b55/execute/async - {"script":"<script> [776 bytes]","args":[{"enterText":"401002","selector":{"id":"application-ruinventorylist-display-component---Master--smartFilterBar-btnBasicSearch","interaction":{"idSuffix":"I"}},"clearTextFirst":true,"interactionType":"ENTER_TEXT"}]}
RESULT: {"script":"<script> [776 bytes]","args":[{"enterText":"401002","selector":{"id":"application-ruinventorylist-display-component---Master--smartFilterBar-btnBasicSearch","interaction":{"idSuffix":"I"}},"clearTextFirst":true,"interactionType":"ENTER_TEXT"}]}
COMMAND: POST /session/dca704dd9986aef8fc007aa51f130b55/actions - {"actions":[{"id":"action32","type":"key","parameters":{},"actions":[{"type":"keyDown","value":"î€‡"},{"type":"pause","duration":10},{"type":"keyUp","value":"î€‡"}]}]}
RESULT: {"actions":[{"id":"action32","type":"key","parameters":{},"actions":[{"type":"keyDown","value":"î€‡"},{"type":"pause","duration":10},{"type":"keyUp","value":"î€‡"}]}]}
COMMAND: GET /session/dca704dd9986aef8fc007aa51f130b55/screenshot - {}
RESULT: {}
COMMAND: POST /session/dca704dd9986aef8fc007aa51f130b55/element - {"using":"xpath","value":"//span[@id=\"application-ruinventorylist-display-component---Master--smartTableRuInventoryList-header-inner\"]"}
RESULT: {"using":"xpath","value":"//span[@id=\"application-ruinventorylist-display-component---Master--smartTableRuInventoryList-header-inner\"]"}
COMMAND: POST /session/dca704dd9986aef8fc007aa51f130b55/elements - {"using":"xpath","value":"//span[@id=\"application-ruinventorylist-display-component---Master--smartTableRuInventoryList-header-inner\"]"}
RESULT: {"using":"xpath","value":"//span[@id=\"application-ruinventorylist-display-component---Master--smartTableRuInventoryList-header-inner\"]"}
COMMAND: POST /session/dca704dd9986aef8fc007aa51f130b55/execute/sync - {"script":"<script> [56 bytes]","args":[{"element-6066-11e4-a52e-4f735466cecf":"f.C7D1417AA12A98AF3022ACBAA3EFBB42.d.4A8BF049609E4FBA6BFDEAFDCDF5CAFB.e.5643","ELEMENT":"f.C7D1417AA12A98AF3022ACBAA3EFBB42.d.4A8BF049609E4FBA6BFDEAFDCDF5CAFB.e.5643"}]}
RESULT: {"script":"<script> [56 bytes]","args":[{"element-6066-11e4-a52e-4f735466cecf":"f.C7D1417AA12A98AF3022ACBAA3EFBB42.d.4A8BF049609E4FBA6BFDEAFDCDF5CAFB.e.5643","ELEMENT":"f.C7D1417AA12A98AF3022ACBAA3EFBB42.d.4A8BF049609E4FBA6BFDEAFDCDF5CAFB.e.5643"}]}
COMMAND: POST /session/dca704dd9986aef8fc007aa51f130b55/element - {"using":"xpath","value":"//table[contains(@id, \"application-ruinventorylist-display-component---Master--tableRuInventoryList-listUl\")]/tbody/tr[1]/td[2]/div/div"}
COMMAND: GET /session/dca704dd9986aef8fc007aa51f130b55/screenshot - {}
RESULT: {"using":"xpath","value":"//table[contains(@id, \"application-ruinventorylist-display-component---Master--tableRuInventoryList-listUl\")]/tbody/tr[1]/td[2]/div/div"}
COMMAND: POST /session/dca704dd9986aef8fc007aa51f130b55/element/f.C7D1417AA12A98AF3022ACBAA3EFBB42.d.4A8BF049609E4FBA6BFDEAFDCDF5CAFB.e.7081/click - {}
RESULT: {}
RESULT: {}
COMMAND: GET /session/dca704dd9986aef8fc007aa51f130b55/screenshot - {}
RESULT: {}
COMMAND: POST /session/dca704dd9986aef8fc007aa51f130b55/element - {"using":"xpath","value":"//div[contains(@id, \"smartFilterBar-btnBasicSearch-reset\")]"}
RESULT: {"using":"xpath","value":"//div[contains(@id, \"smartFilterBar-btnBasicSearch-reset\")]"}
COMMAND: POST /session/dca704dd9986aef8fc007aa51f130b55/element/f.C7D1417AA12A98AF3022ACBAA3EFBB42.d.4A8BF049609E4FBA6BFDEAFDCDF5CAFB.e.5674/click - {}
RESULT: {}
COMMAND: GET /session/dca704dd9986aef8fc007aa51f130b55/screenshot - {}
RESULT: {}
RESULT: undefined
COMMAND: POST /session/dca704dd9986aef8fc007aa51f130b55/execute/async - {"script":"<script> [776 bytes]","args":[{"enterText":"yRPKWD6AN1","selector":{"id":"application-ruinventorylist-display-component---Master--smartFilterBar-btnBasicSearch","interaction":{"idSuffix":"I"}},"clearTextFirst":true,"interactionType":"ENTER_TEXT"}]}
RESULT: {"script":"<script> [776 bytes]","args":[{"enterText":"yRPKWD6AN1","selector":{"id":"application-ruinventorylist-display-component---Master--smartFilterBar-btnBasicSearch","interaction":{"idSuffix":"I"}},"clearTextFirst":true,"interactionType":"ENTER_TEXT"}]}
COMMAND: POST /session/dca704dd9986aef8fc007aa51f130b55/actions - {"actions":[{"id":"action33","type":"key","parameters":{},"actions":[{"type":"keyDown","value":"î€‡"},{"type":"pause","duration":10},{"type":"keyUp","value":"î€‡"}]}]}
RESULT: {"actions":[{"id":"action33","type":"key","parameters":{},"actions":[{"type":"keyDown","value":"î€‡"},{"type":"pause","duration":10},{"type":"keyUp","value":"î€‡"}]}]}
COMMAND: GET /session/dca704dd9986aef8fc007aa51f130b55/screenshot - {}
RESULT: {}
COMMAND: POST /session/dca704dd9986aef8fc007aa51f130b55/element - {"using":"xpath","value":"//span[@id=\"application-ruinventorylist-display-component---Master--smartTableRuInventoryList-header-inner\"]"}
RESULT: {"using":"xpath","value":"//span[@id=\"application-ruinventorylist-display-component---Master--smartTableRuInventoryList-header-inner\"]"}
COMMAND: POST /session/dca704dd9986aef8fc007aa51f130b55/elements - {"using":"xpath","value":"//span[@id=\"application-ruinventorylist-display-component---Master--smartTableRuInventoryList-header-inner\"]"}
RESULT: {"using":"xpath","value":"//span[@id=\"application-ruinventorylist-display-component---Master--smartTableRuInventoryList-header-inner\"]"}
COMMAND: POST /session/dca704dd9986aef8fc007aa51f130b55/execute/sync - {"script":"<script> [56 bytes]","args":[{"element-6066-11e4-a52e-4f735466cecf":"f.C7D1417AA12A98AF3022ACBAA3EFBB42.d.4A8BF049609E4FBA6BFDEAFDCDF5CAFB.e.5643","ELEMENT":"f.C7D1417AA12A98AF3022ACBAA3EFBB42.d.4A8BF049609E4FBA6BFDEAFDCDF5CAFB.e.5643"}]}
RESULT: {"script":"<script> [56 bytes]","args":[{"element-6066-11e4-a52e-4f735466cecf":"f.C7D1417AA12A98AF3022ACBAA3EFBB42.d.4A8BF049609E4FBA6BFDEAFDCDF5CAFB.e.5643","ELEMENT":"f.C7D1417AA12A98AF3022ACBAA3EFBB42.d.4A8BF049609E4FBA6BFDEAFDCDF5CAFB.e.5643"}]}
COMMAND: POST /session/dca704dd9986aef8fc007aa51f130b55/element - {"using":"xpath","value":"//table[contains(@id, \"application-ruinventorylist-display-component---Master--tableRuInventoryList-listUl\")]/tbody/tr[1]/td[2]/div/div"}
COMMAND: GET /session/dca704dd9986aef8fc007aa51f130b55/screenshot - {}
RESULT: {"using":"xpath","value":"//table[contains(@id, \"application-ruinventorylist-display-component---Master--tableRuInventoryList-listUl\")]/tbody/tr[1]/td[2]/div/div"}
COMMAND: POST /session/dca704dd9986aef8fc007aa51f130b55/element/f.C7D1417AA12A98AF3022ACBAA3EFBB42.d.4A8BF049609E4FBA6BFDEAFDCDF5CAFB.e.7235/click - {}
RESULT: {}
RESULT: {}
COMMAND: GET /session/dca704dd9986aef8fc007aa51f130b55/screenshot - {}
RESULT: {}
COMMAND: POST /session/dca704dd9986aef8fc007aa51f130b55/element - {"using":"xpath","value":"//div[contains(@id, \"smartFilterBar-btnBasicSearch-reset\")]"}
RESULT: {"using":"xpath","value":"//div[contains(@id, \"smartFilterBar-btnBasicSearch-reset\")]"}
COMMAND: POST /session/dca704dd9986aef8fc007aa51f130b55/element/f.C7D1417AA12A98AF3022ACBAA3EFBB42.d.4A8BF049609E4FBA6BFDEAFDCDF5CAFB.e.5674/click - {}
RESULT: {}
COMMAND: GET /session/dca704dd9986aef8fc007aa51f130b55/screenshot - {}
RESULT: {}
RESULT: undefined
COMMAND: POST /session/dca704dd9986aef8fc007aa51f130b55/execute/async - {"script":"<script> [776 bytes]","args":[{"enterText":"200198","selector":{"id":"application-ruinventorylist-display-component---Master--smartFilterBar-btnBasicSearch","interaction":{"idSuffix":"I"}},"clearTextFirst":true,"interactionType":"ENTER_TEXT"}]}
RESULT: {"script":"<script> [776 bytes]","args":[{"enterText":"200198","selector":{"id":"application-ruinventorylist-display-component---Master--smartFilterBar-btnBasicSearch","interaction":{"idSuffix":"I"}},"clearTextFirst":true,"interactionType":"ENTER_TEXT"}]}
COMMAND: POST /session/dca704dd9986aef8fc007aa51f130b55/actions - {"actions":[{"id":"action34","type":"key","parameters":{},"actions":[{"type":"keyDown","value":"î€‡"},{"type":"pause","duration":10},{"type":"keyUp","value":"î€‡"}]}]}
RESULT: {"actions":[{"id":"action34","type":"key","parameters":{},"actions":[{"type":"keyDown","value":"î€‡"},{"type":"pause","duration":10},{"type":"keyUp","value":"î€‡"}]}]}
COMMAND: GET /session/dca704dd9986aef8fc007aa51f130b55/screenshot - {}
RESULT: {}
COMMAND: POST /session/dca704dd9986aef8fc007aa51f130b55/element - {"using":"xpath","value":"//span[@id=\"application-ruinventorylist-display-component---Master--smartTableRuInventoryList-header-inner\"]"}
RESULT: {"using":"xpath","value":"//span[@id=\"application-ruinventorylist-display-component---Master--smartTableRuInventoryList-header-inner\"]"}
COMMAND: POST /session/dca704dd9986aef8fc007aa51f130b55/elements - {"using":"xpath","value":"//span[@id=\"application-ruinventorylist-display-component---Master--smartTableRuInventoryList-header-inner\"]"}
RESULT: {"using":"xpath","value":"//span[@id=\"application-ruinventorylist-display-component---Master--smartTableRuInventoryList-header-inner\"]"}
COMMAND: POST /session/dca704dd9986aef8fc007aa51f130b55/execute/sync - {"script":"<script> [56 bytes]","args":[{"element-6066-11e4-a52e-4f735466cecf":"f.C7D1417AA12A98AF3022ACBAA3EFBB42.d.4A8BF049609E4FBA6BFDEAFDCDF5CAFB.e.5643","ELEMENT":"f.C7D1417AA12A98AF3022ACBAA3EFBB42.d.4A8BF049609E4FBA6BFDEAFDCDF5CAFB.e.5643"}]}
RESULT: {"script":"<script> [56 bytes]","args":[{"element-6066-11e4-a52e-4f735466cecf":"f.C7D1417AA12A98AF3022ACBAA3EFBB42.d.4A8BF049609E4FBA6BFDEAFDCDF5CAFB.e.5643","ELEMENT":"f.C7D1417AA12A98AF3022ACBAA3EFBB42.d.4A8BF049609E4FBA6BFDEAFDCDF5CAFB.e.5643"}]}
COMMAND: POST /session/dca704dd9986aef8fc007aa51f130b55/element - {"using":"xpath","value":"//table[contains(@id, \"application-ruinventorylist-display-component---Master--tableRuInventoryList-listUl\")]/tbody/tr[1]/td[2]/div/div"}
COMMAND: GET /session/dca704dd9986aef8fc007aa51f130b55/screenshot - {}
RESULT: {"using":"xpath","value":"//table[contains(@id, \"application-ruinventorylist-display-component---Master--tableRuInventoryList-listUl\")]/tbody/tr[1]/td[2]/div/div"}
COMMAND: POST /session/dca704dd9986aef8fc007aa51f130b55/element/f.C7D1417AA12A98AF3022ACBAA3EFBB42.d.4A8BF049609E4FBA6BFDEAFDCDF5CAFB.e.7392/click - {}
RESULT: {}
RESULT: {}
COMMAND: GET /session/dca704dd9986aef8fc007aa51f130b55/screenshot - {}
RESULT: {}
COMMAND: POST /session/dca704dd9986aef8fc007aa51f130b55/element - {"using":"xpath","value":"//div[contains(@id, \"smartFilterBar-btnBasicSearch-reset\")]"}
RESULT: {"using":"xpath","value":"//div[contains(@id, \"smartFilterBar-btnBasicSearch-reset\")]"}
COMMAND: POST /session/dca704dd9986aef8fc007aa51f130b55/element/f.C7D1417AA12A98AF3022ACBAA3EFBB42.d.4A8BF049609E4FBA6BFDEAFDCDF5CAFB.e.5674/click - {}
RESULT: {}
COMMAND: GET /session/dca704dd9986aef8fc007aa51f130b55/screenshot - {}
RESULT: {}
COMMAND: POST /session/dca704dd9986aef8fc007aa51f130b55/element/f.C7D1417AA12A98AF3022ACBAA3EFBB42.d.4A8BF049609E4FBA6BFDEAFDCDF5CAFB.e.5066/click - {}
RESULT: {}
COMMAND: GET /session/dca704dd9986aef8fc007aa51f130b55/screenshot - {}
RESULT: {}
RESULT: undefined
COMMAND: POST /session/dca704dd9986aef8fc007aa51f130b55/element - {"using":"xpath","value":"//*[@id=\"application-ruinventorylist-display-component---Master--ruStateTypes-arrow\"]"}
RESULT: {"using":"xpath","value":"//*[@id=\"application-ruinventorylist-display-component---Master--ruStateTypes-arrow\"]"}
COMMAND: POST /session/dca704dd9986aef8fc007aa51f130b55/element/f.C7D1417AA12A98AF3022ACBAA3EFBB42.d.4A8BF049609E4FBA6BFDEAFDCDF5CAFB.e.7567/click - {}
RESULT: {}
COMMAND: GET /session/dca704dd9986aef8fc007aa51f130b55/screenshot - {}
RESULT: {}
COMMAND: POST /session/dca704dd9986aef8fc007aa51f130b55/element - {"using":"xpath","value":"//li[.//span[text()=\"available\"]]"}
RESULT: {"using":"xpath","value":"//li[.//span[text()=\"available\"]]"}
COMMAND: POST /session/dca704dd9986aef8fc007aa51f130b55/element/f.C7D1417AA12A98AF3022ACBAA3EFBB42.d.4A8BF049609E4FBA6BFDEAFDCDF5CAFB.e.7568/click - {}
RESULT: {}
COMMAND: GET /session/dca704dd9986aef8fc007aa51f130b55/screenshot - {}
RESULT: {}
COMMAND: POST /session/dca704dd9986aef8fc007aa51f130b55/element - {"using":"xpath","value":"(//bdi[contains(text(), \"OK\")])[1]"}
RESULT: {"using":"xpath","value":"(//bdi[contains(text(), \"OK\")])[1]"}
COMMAND: POST /session/dca704dd9986aef8fc007aa51f130b55/element/f.C7D1417AA12A98AF3022ACBAA3EFBB42.d.4A8BF049609E4FBA6BFDEAFDCDF5CAFB.e.7569/click - {}
RESULT: {}
COMMAND: GET /session/dca704dd9986aef8fc007aa51f130b55/screenshot - {}
RESULT: {}
COMMAND: POST /session/dca704dd9986aef8fc007aa51f130b55/element - {"using":"xpath","value":"(//bdi[contains(text(), \"OK\")])[2]"}
RESULT: {"using":"xpath","value":"(//bdi[contains(text(), \"OK\")])[2]"}
COMMAND: POST /session/dca704dd9986aef8fc007aa51f130b55/element/f.C7D1417AA12A98AF3022ACBAA3EFBB42.d.4A8BF049609E4FBA6BFDEAFDCDF5CAFB.e.7574/click - {}
RESULT: {}
COMMAND: GET /session/dca704dd9986aef8fc007aa51f130b55/screenshot - {}
RESULT: {}
RESULT: undefined
COMMAND: POST /session/dca704dd9986aef8fc007aa51f130b55/execute/async - {"script":"<script> [776 bytes]","args":[{"enterText":"600002","selector":{"id":"application-ruinventorylist-display-component---Master--smartFilterBar-btnBasicSearch","interaction":{"idSuffix":"I"}},"clearTextFirst":true,"interactionType":"ENTER_TEXT"}]}
RESULT: {"script":"<script> [776 bytes]","args":[{"enterText":"600002","selector":{"id":"application-ruinventorylist-display-component---Master--smartFilterBar-btnBasicSearch","interaction":{"idSuffix":"I"}},"clearTextFirst":true,"interactionType":"ENTER_TEXT"}]}
COMMAND: POST /session/dca704dd9986aef8fc007aa51f130b55/actions - {"actions":[{"id":"action35","type":"key","parameters":{},"actions":[{"type":"keyDown","value":"î€‡"},{"type":"pause","duration":10},{"type":"keyUp","value":"î€‡"}]}]}
RESULT: {"actions":[{"id":"action35","type":"key","parameters":{},"actions":[{"type":"keyDown","value":"î€‡"},{"type":"pause","duration":10},{"type":"keyUp","value":"î€‡"}]}]}
COMMAND: GET /session/dca704dd9986aef8fc007aa51f130b55/screenshot - {}
RESULT: {}
COMMAND: POST /session/dca704dd9986aef8fc007aa51f130b55/element - {"using":"xpath","value":"//span[@id=\"application-ruinventorylist-display-component---Master--smartTableRuInventoryList-header-inner\"]"}
RESULT: {"using":"xpath","value":"//span[@id=\"application-ruinventorylist-display-component---Master--smartTableRuInventoryList-header-inner\"]"}
COMMAND: POST /session/dca704dd9986aef8fc007aa51f130b55/elements - {"using":"xpath","value":"//span[@id=\"application-ruinventorylist-display-component---Master--smartTableRuInventoryList-header-inner\"]"}
RESULT: {"using":"xpath","value":"//span[@id=\"application-ruinventorylist-display-component---Master--smartTableRuInventoryList-header-inner\"]"}
COMMAND: POST /session/dca704dd9986aef8fc007aa51f130b55/execute/sync - {"script":"<script> [56 bytes]","args":[{"element-6066-11e4-a52e-4f735466cecf":"f.C7D1417AA12A98AF3022ACBAA3EFBB42.d.4A8BF049609E4FBA6BFDEAFDCDF5CAFB.e.5643","ELEMENT":"f.C7D1417AA12A98AF3022ACBAA3EFBB42.d.4A8BF049609E4FBA6BFDEAFDCDF5CAFB.e.5643"}]}
RESULT: {"script":"<script> [56 bytes]","args":[{"element-6066-11e4-a52e-4f735466cecf":"f.C7D1417AA12A98AF3022ACBAA3EFBB42.d.4A8BF049609E4FBA6BFDEAFDCDF5CAFB.e.5643","ELEMENT":"f.C7D1417AA12A98AF3022ACBAA3EFBB42.d.4A8BF049609E4FBA6BFDEAFDCDF5CAFB.e.5643"}]}
COMMAND: POST /session/dca704dd9986aef8fc007aa51f130b55/element - {"using":"xpath","value":"//table[contains(@id, \"application-ruinventorylist-display-component---Master--tableRuInventoryList-listUl\")]/tbody/tr[1]/td[6]/div/span"}
COMMAND: GET /session/dca704dd9986aef8fc007aa51f130b55/screenshot - {}
RESULT: {"using":"xpath","value":"//table[contains(@id, \"application-ruinventorylist-display-component---Master--tableRuInventoryList-listUl\")]/tbody/tr[1]/td[6]/div/span"}
COMMAND: POST /session/dca704dd9986aef8fc007aa51f130b55/execute/sync - {"script":"<script> [56 bytes]","args":[{"element-6066-11e4-a52e-4f735466cecf":"f.C7D1417AA12A98AF3022ACBAA3EFBB42.d.4A8BF049609E4FBA6BFDEAFDCDF5CAFB.e.7595","ELEMENT":"f.C7D1417AA12A98AF3022ACBAA3EFBB42.d.4A8BF049609E4FBA6BFDEAFDCDF5CAFB.e.7595"}]}
RESULT: {}
RESULT: {"script":"<script> [56 bytes]","args":[{"element-6066-11e4-a52e-4f735466cecf":"f.C7D1417AA12A98AF3022ACBAA3EFBB42.d.4A8BF049609E4FBA6BFDEAFDCDF5CAFB.e.7595","ELEMENT":"f.C7D1417AA12A98AF3022ACBAA3EFBB42.d.4A8BF049609E4FBA6BFDEAFDCDF5CAFB.e.7595"}]}
COMMAND: POST /session/dca704dd9986aef8fc007aa51f130b55/element - {"using":"xpath","value":"//div[contains(@id, \"smartFilterBar-btnBasicSearch-reset\")]"}
COMMAND: GET /session/dca704dd9986aef8fc007aa51f130b55/screenshot - {}
RESULT: {"using":"xpath","value":"//div[contains(@id, \"smartFilterBar-btnBasicSearch-reset\")]"}
COMMAND: POST /session/dca704dd9986aef8fc007aa51f130b55/element/f.C7D1417AA12A98AF3022ACBAA3EFBB42.d.4A8BF049609E4FBA6BFDEAFDCDF5CAFB.e.5674/click - {}
RESULT: {}
RESULT: {}
COMMAND: GET /session/dca704dd9986aef8fc007aa51f130b55/screenshot - {}
RESULT: {}
RESULT: undefined
COMMAND: POST /session/dca704dd9986aef8fc007aa51f130b55/execute/async - {"script":"<script> [776 bytes]","args":[{"enterText":"401002","selector":{"id":"application-ruinventorylist-display-component---Master--smartFilterBar-btnBasicSearch","interaction":{"idSuffix":"I"}},"clearTextFirst":true,"interactionType":"ENTER_TEXT"}]}
RESULT: {"script":"<script> [776 bytes]","args":[{"enterText":"401002","selector":{"id":"application-ruinventorylist-display-component---Master--smartFilterBar-btnBasicSearch","interaction":{"idSuffix":"I"}},"clearTextFirst":true,"interactionType":"ENTER_TEXT"}]}
COMMAND: POST /session/dca704dd9986aef8fc007aa51f130b55/actions - {"actions":[{"id":"action36","type":"key","parameters":{},"actions":[{"type":"keyDown","value":"î€‡"},{"type":"pause","duration":10},{"type":"keyUp","value":"î€‡"}]}]}
RESULT: {"actions":[{"id":"action36","type":"key","parameters":{},"actions":[{"type":"keyDown","value":"î€‡"},{"type":"pause","duration":10},{"type":"keyUp","value":"î€‡"}]}]}
COMMAND: GET /session/dca704dd9986aef8fc007aa51f130b55/screenshot - {}
RESULT: {}
COMMAND: POST /session/dca704dd9986aef8fc007aa51f130b55/element - {"using":"xpath","value":"//span[@id=\"application-ruinventorylist-display-component---Master--smartTableRuInventoryList-header-inner\"]"}
RESULT: {"using":"xpath","value":"//span[@id=\"application-ruinventorylist-display-component---Master--smartTableRuInventoryList-header-inner\"]"}
COMMAND: POST /session/dca704dd9986aef8fc007aa51f130b55/elements - {"using":"xpath","value":"//span[@id=\"application-ruinventorylist-display-component---Master--smartTableRuInventoryList-header-inner\"]"}
RESULT: {"using":"xpath","value":"//span[@id=\"application-ruinventorylist-display-component---Master--smartTableRuInventoryList-header-inner\"]"}
COMMAND: POST /session/dca704dd9986aef8fc007aa51f130b55/execute/sync - {"script":"<script> [56 bytes]","args":[{"element-6066-11e4-a52e-4f735466cecf":"f.C7D1417AA12A98AF3022ACBAA3EFBB42.d.4A8BF049609E4FBA6BFDEAFDCDF5CAFB.e.5643","ELEMENT":"f.C7D1417AA12A98AF3022ACBAA3EFBB42.d.4A8BF049609E4FBA6BFDEAFDCDF5CAFB.e.5643"}]}
RESULT: {"script":"<script> [56 bytes]","args":[{"element-6066-11e4-a52e-4f735466cecf":"f.C7D1417AA12A98AF3022ACBAA3EFBB42.d.4A8BF049609E4FBA6BFDEAFDCDF5CAFB.e.5643","ELEMENT":"f.C7D1417AA12A98AF3022ACBAA3EFBB42.d.4A8BF049609E4FBA6BFDEAFDCDF5CAFB.e.5643"}]}
COMMAND: POST /session/dca704dd9986aef8fc007aa51f130b55/element - {"using":"xpath","value":"//table[contains(@id, \"application-ruinventorylist-display-component---Master--tableRuInventoryList-listUl\")]/tbody/tr[1]/td[6]/div/span"}
COMMAND: GET /session/dca704dd9986aef8fc007aa51f130b55/screenshot - {}
RESULT: {"using":"xpath","value":"//table[contains(@id, \"application-ruinventorylist-display-component---Master--tableRuInventoryList-listUl\")]/tbody/tr[1]/td[6]/div/span"}
COMMAND: POST /session/dca704dd9986aef8fc007aa51f130b55/execute/sync - {"script":"<script> [56 bytes]","args":[{"element-6066-11e4-a52e-4f735466cecf":"f.C7D1417AA12A98AF3022ACBAA3EFBB42.d.4A8BF049609E4FBA6BFDEAFDCDF5CAFB.e.7683","ELEMENT":"f.C7D1417AA12A98AF3022ACBAA3EFBB42.d.4A8BF049609E4FBA6BFDEAFDCDF5CAFB.e.7683"}]}
RESULT: {}
RESULT: {"script":"<script> [56 bytes]","args":[{"element-6066-11e4-a52e-4f735466cecf":"f.C7D1417AA12A98AF3022ACBAA3EFBB42.d.4A8BF049609E4FBA6BFDEAFDCDF5CAFB.e.7683","ELEMENT":"f.C7D1417AA12A98AF3022ACBAA3EFBB42.d.4A8BF049609E4FBA6BFDEAFDCDF5CAFB.e.7683"}]}
COMMAND: POST /session/dca704dd9986aef8fc007aa51f130b55/element - {"using":"xpath","value":"//div[contains(@id, \"smartFilterBar-btnBasicSearch-reset\")]"}
COMMAND: GET /session/dca704dd9986aef8fc007aa51f130b55/screenshot - {}
RESULT: {"using":"xpath","value":"//div[contains(@id, \"smartFilterBar-btnBasicSearch-reset\")]"}
COMMAND: POST /session/dca704dd9986aef8fc007aa51f130b55/element/f.C7D1417AA12A98AF3022ACBAA3EFBB42.d.4A8BF049609E4FBA6BFDEAFDCDF5CAFB.e.5674/click - {}
RESULT: {}
RESULT: {}
COMMAND: GET /session/dca704dd9986aef8fc007aa51f130b55/screenshot - {}
RESULT: {}
RESULT: undefined
COMMAND: POST /session/dca704dd9986aef8fc007aa51f130b55/execute/async - {"script":"<script> [776 bytes]","args":[{"enterText":"yRPKWD6AN1","selector":{"id":"application-ruinventorylist-display-component---Master--smartFilterBar-btnBasicSearch","interaction":{"idSuffix":"I"}},"clearTextFirst":true,"interactionType":"ENTER_TEXT"}]}
RESULT: {"script":"<script> [776 bytes]","args":[{"enterText":"yRPKWD6AN1","selector":{"id":"application-ruinventorylist-display-component---Master--smartFilterBar-btnBasicSearch","interaction":{"idSuffix":"I"}},"clearTextFirst":true,"interactionType":"ENTER_TEXT"}]}
COMMAND: POST /session/dca704dd9986aef8fc007aa51f130b55/actions - {"actions":[{"id":"action37","type":"key","parameters":{},"actions":[{"type":"keyDown","value":"î€‡"},{"type":"pause","duration":10},{"type":"keyUp","value":"î€‡"}]}]}
RESULT: {"actions":[{"id":"action37","type":"key","parameters":{},"actions":[{"type":"keyDown","value":"î€‡"},{"type":"pause","duration":10},{"type":"keyUp","value":"î€‡"}]}]}
COMMAND: GET /session/dca704dd9986aef8fc007aa51f130b55/screenshot - {}
RESULT: {}
COMMAND: POST /session/dca704dd9986aef8fc007aa51f130b55/element - {"using":"xpath","value":"//span[@id=\"application-ruinventorylist-display-component---Master--smartTableRuInventoryList-header-inner\"]"}
RESULT: {"using":"xpath","value":"//span[@id=\"application-ruinventorylist-display-component---Master--smartTableRuInventoryList-header-inner\"]"}
COMMAND: POST /session/dca704dd9986aef8fc007aa51f130b55/elements - {"using":"xpath","value":"//span[@id=\"application-ruinventorylist-display-component---Master--smartTableRuInventoryList-header-inner\"]"}
RESULT: {"using":"xpath","value":"//span[@id=\"application-ruinventorylist-display-component---Master--smartTableRuInventoryList-header-inner\"]"}
COMMAND: POST /session/dca704dd9986aef8fc007aa51f130b55/execute/sync - {"script":"<script> [56 bytes]","args":[{"element-6066-11e4-a52e-4f735466cecf":"f.C7D1417AA12A98AF3022ACBAA3EFBB42.d.4A8BF049609E4FBA6BFDEAFDCDF5CAFB.e.5643","ELEMENT":"f.C7D1417AA12A98AF3022ACBAA3EFBB42.d.4A8BF049609E4FBA6BFDEAFDCDF5CAFB.e.5643"}]}
RESULT: {"script":"<script> [56 bytes]","args":[{"element-6066-11e4-a52e-4f735466cecf":"f.C7D1417AA12A98AF3022ACBAA3EFBB42.d.4A8BF049609E4FBA6BFDEAFDCDF5CAFB.e.5643","ELEMENT":"f.C7D1417AA12A98AF3022ACBAA3EFBB42.d.4A8BF049609E4FBA6BFDEAFDCDF5CAFB.e.5643"}]}
COMMAND: POST /session/dca704dd9986aef8fc007aa51f130b55/element - {"using":"xpath","value":"//table[contains(@id, \"application-ruinventorylist-display-component---Master--tableRuInventoryList-listUl\")]/tbody/tr[1]/td[6]/div/span"}
COMMAND: GET /session/dca704dd9986aef8fc007aa51f130b55/screenshot - {}
RESULT: {"using":"xpath","value":"//table[contains(@id, \"application-ruinventorylist-display-component---Master--tableRuInventoryList-listUl\")]/tbody/tr[1]/td[6]/div/span"}
COMMAND: POST /session/dca704dd9986aef8fc007aa51f130b55/execute/sync - {"script":"<script> [56 bytes]","args":[{"element-6066-11e4-a52e-4f735466cecf":"f.C7D1417AA12A98AF3022ACBAA3EFBB42.d.4A8BF049609E4FBA6BFDEAFDCDF5CAFB.e.7770","ELEMENT":"f.C7D1417AA12A98AF3022ACBAA3EFBB42.d.4A8BF049609E4FBA6BFDEAFDCDF5CAFB.e.7770"}]}
RESULT: {}
RESULT: {"script":"<script> [56 bytes]","args":[{"element-6066-11e4-a52e-4f735466cecf":"f.C7D1417AA12A98AF3022ACBAA3EFBB42.d.4A8BF049609E4FBA6BFDEAFDCDF5CAFB.e.7770","ELEMENT":"f.C7D1417AA12A98AF3022ACBAA3EFBB42.d.4A8BF049609E4FBA6BFDEAFDCDF5CAFB.e.7770"}]}
COMMAND: POST /session/dca704dd9986aef8fc007aa51f130b55/element - {"using":"xpath","value":"//div[contains(@id, \"smartFilterBar-btnBasicSearch-reset\")]"}
COMMAND: GET /session/dca704dd9986aef8fc007aa51f130b55/screenshot - {}
RESULT: {"using":"xpath","value":"//div[contains(@id, \"smartFilterBar-btnBasicSearch-reset\")]"}
COMMAND: POST /session/dca704dd9986aef8fc007aa51f130b55/element/f.C7D1417AA12A98AF3022ACBAA3EFBB42.d.4A8BF049609E4FBA6BFDEAFDCDF5CAFB.e.5674/click - {}
RESULT: {}
RESULT: {}
COMMAND: GET /session/dca704dd9986aef8fc007aa51f130b55/screenshot - {}
RESULT: undefined
COMMAND: POST /session/dca704dd9986aef8fc007aa51f130b55/execute/async - {"script":"<script> [776 bytes]","args":[{"enterText":"200198","selector":{"id":"application-ruinventorylist-display-component---Master--smartFilterBar-btnBasicSearch","interaction":{"idSuffix":"I"}},"clearTextFirst":true,"interactionType":"ENTER_TEXT"}]}
RESULT: {}
RESULT: {"script":"<script> [776 bytes]","args":[{"enterText":"200198","selector":{"id":"application-ruinventorylist-display-component---Master--smartFilterBar-btnBasicSearch","interaction":{"idSuffix":"I"}},"clearTextFirst":true,"interactionType":"ENTER_TEXT"}]}
COMMAND: POST /session/dca704dd9986aef8fc007aa51f130b55/actions - {"actions":[{"id":"action38","type":"key","parameters":{},"actions":[{"type":"keyDown","value":"î€‡"},{"type":"pause","duration":10},{"type":"keyUp","value":"î€‡"}]}]}
RESULT: {"actions":[{"id":"action38","type":"key","parameters":{},"actions":[{"type":"keyDown","value":"î€‡"},{"type":"pause","duration":10},{"type":"keyUp","value":"î€‡"}]}]}
COMMAND: GET /session/dca704dd9986aef8fc007aa51f130b55/screenshot - {}
RESULT: {}
COMMAND: POST /session/dca704dd9986aef8fc007aa51f130b55/element - {"using":"xpath","value":"//span[@id=\"application-ruinventorylist-display-component---Master--smartTableRuInventoryList-header-inner\"]"}
RESULT: {"using":"xpath","value":"//span[@id=\"application-ruinventorylist-display-component---Master--smartTableRuInventoryList-header-inner\"]"}
COMMAND: POST /session/dca704dd9986aef8fc007aa51f130b55/elements - {"using":"xpath","value":"//span[@id=\"application-ruinventorylist-display-component---Master--smartTableRuInventoryList-header-inner\"]"}
RESULT: {"using":"xpath","value":"//span[@id=\"application-ruinventorylist-display-component---Master--smartTableRuInventoryList-header-inner\"]"}
COMMAND: POST /session/dca704dd9986aef8fc007aa51f130b55/execute/sync - {"script":"<script> [56 bytes]","args":[{"element-6066-11e4-a52e-4f735466cecf":"f.C7D1417AA12A98AF3022ACBAA3EFBB42.d.4A8BF049609E4FBA6BFDEAFDCDF5CAFB.e.5643","ELEMENT":"f.C7D1417AA12A98AF3022ACBAA3EFBB42.d.4A8BF049609E4FBA6BFDEAFDCDF5CAFB.e.5643"}]}
RESULT: {"script":"<script> [56 bytes]","args":[{"element-6066-11e4-a52e-4f735466cecf":"f.C7D1417AA12A98AF3022ACBAA3EFBB42.d.4A8BF049609E4FBA6BFDEAFDCDF5CAFB.e.5643","ELEMENT":"f.C7D1417AA12A98AF3022ACBAA3EFBB42.d.4A8BF049609E4FBA6BFDEAFDCDF5CAFB.e.5643"}]}
COMMAND: POST /session/dca704dd9986aef8fc007aa51f130b55/element - {"using":"xpath","value":"//table[contains(@id, \"application-ruinventorylist-display-component---Master--tableRuInventoryList-listUl\")]/tbody/tr[1]/td[6]/div/span"}
COMMAND: GET /session/dca704dd9986aef8fc007aa51f130b55/screenshot - {}
RESULT: {"using":"xpath","value":"//table[contains(@id, \"application-ruinventorylist-display-component---Master--tableRuInventoryList-listUl\")]/tbody/tr[1]/td[6]/div/span"}
COMMAND: POST /session/dca704dd9986aef8fc007aa51f130b55/execute/sync - {"script":"<script> [56 bytes]","args":[{"element-6066-11e4-a52e-4f735466cecf":"f.C7D1417AA12A98AF3022ACBAA3EFBB42.d.4A8BF049609E4FBA6BFDEAFDCDF5CAFB.e.7856","ELEMENT":"f.C7D1417AA12A98AF3022ACBAA3EFBB42.d.4A8BF049609E4FBA6BFDEAFDCDF5CAFB.e.7856"}]}
RESULT: {}
RESULT: {"script":"<script> [56 bytes]","args":[{"element-6066-11e4-a52e-4f735466cecf":"f.C7D1417AA12A98AF3022ACBAA3EFBB42.d.4A8BF049609E4FBA6BFDEAFDCDF5CAFB.e.7856","ELEMENT":"f.C7D1417AA12A98AF3022ACBAA3EFBB42.d.4A8BF049609E4FBA6BFDEAFDCDF5CAFB.e.7856"}]}
COMMAND: POST /session/dca704dd9986aef8fc007aa51f130b55/element - {"using":"xpath","value":"//div[contains(@id, \"smartFilterBar-btnBasicSearch-reset\")]"}
COMMAND: GET /session/dca704dd9986aef8fc007aa51f130b55/screenshot - {}
RESULT: {"using":"xpath","value":"//div[contains(@id, \"smartFilterBar-btnBasicSearch-reset\")]"}
COMMAND: POST /session/dca704dd9986aef8fc007aa51f130b55/element/f.C7D1417AA12A98AF3022ACBAA3EFBB42.d.4A8BF049609E4FBA6BFDEAFDCDF5CAFB.e.5674/click - {}
RESULT: {}
RESULT: {}
COMMAND: GET /session/dca704dd9986aef8fc007aa51f130b55/screenshot - {}
RESULT: {}
COMMAND: POST /session/dca704dd9986aef8fc007aa51f130b55/element - {"using":"css selector","value":"#shell-header-logo"}
RESULT: {"using":"css selector","value":"#shell-header-logo"}
COMMAND: POST /session/dca704dd9986aef8fc007aa51f130b55/element/f.C7D1417AA12A98AF3022ACBAA3EFBB42.d.4A8BF049609E4FBA6BFDEAFDCDF5CAFB.e.5039/click - {}
RESULT: {}
COMMAND: GET /session/dca704dd9986aef8fc007aa51f130b55/screenshot - {}
RESULT: {}
COMMAND: POST /session/dca704dd9986aef8fc007aa51f130b55/element - {"using":"css selector","value":"#j_username"}
COMMAND: POST /session/dca704dd9986aef8fc007aa51f130b55/url - {"url":"https://qa-testing-00-live-etm-ui.cfapps.eu10-004.hana.ondemand.com/"}
RESULT: {"using":"css selector","value":"#j_username"}
COMMAND: POST /session/dca704dd9986aef8fc007aa51f130b55/element - {"using":"css selector","value":"#j_username"}
RESULT: {"url":"https://qa-testing-00-live-etm-ui.cfapps.eu10-004.hana.ondemand.com/"}
RESULT: undefined
COMMAND: GET /session/dca704dd9986aef8fc007aa51f130b55/screenshot - {}
RESULT: {"using":"css selector","value":"#j_username"}
COMMAND: POST /session/dca704dd9986aef8fc007aa51f130b55/element - {"using":"css selector","value":"#shell-header-logo"}
RESULT: {}
RESULT: {"using":"css selector","value":"#shell-header-logo"}
COMMAND: POST /session/dca704dd9986aef8fc007aa51f130b55/execute/sync - {"script":"<script> [8489 bytes]","args":[{"element-6066-11e4-a52e-4f735466cecf":"f.C7D1417AA12A98AF3022ACBAA3EFBB42.d.F7862900CF18ECF142A0915576DF8A7F.e.7943","ELEMENT":"f.C7D1417AA12A98AF3022ACBAA3EFBB42.d.F7862900CF18ECF142A0915576DF8A7F.e.7943"}]}
RESULT: {"script":"<script> [8489 bytes]","args":[{"element-6066-11e4-a52e-4f735466cecf":"f.C7D1417AA12A98AF3022ACBAA3EFBB42.d.F7862900CF18ECF142A0915576DF8A7F.e.7943","ELEMENT":"f.C7D1417AA12A98AF3022ACBAA3EFBB42.d.F7862900CF18ECF142A0915576DF8A7F.e.7943"}]}
COMMAND: POST /session/dca704dd9986aef8fc007aa51f130b55/element - {"using":"css selector","value":"#shell-header-logo"}
COMMAND: GET /session/dca704dd9986aef8fc007aa51f130b55/screenshot - {}
RESULT: {"using":"css selector","value":"#shell-header-logo"}
COMMAND: POST /session/dca704dd9986aef8fc007aa51f130b55/execute/sync - {"script":"<script> [8489 bytes]","args":[{"element-6066-11e4-a52e-4f735466cecf":"f.C7D1417AA12A98AF3022ACBAA3EFBB42.d.F7862900CF18ECF142A0915576DF8A7F.e.7943","ELEMENT":"f.C7D1417AA12A98AF3022ACBAA3EFBB42.d.F7862900CF18ECF142A0915576DF8A7F.e.7943"}]}
RESULT: {}
RESULT: {"script":"<script> [8489 bytes]","args":[{"element-6066-11e4-a52e-4f735466cecf":"f.C7D1417AA12A98AF3022ACBAA3EFBB42.d.F7862900CF18ECF142A0915576DF8A7F.e.7943","ELEMENT":"f.C7D1417AA12A98AF3022ACBAA3EFBB42.d.F7862900CF18ECF142A0915576DF8A7F.e.7943"}]}
COMMAND: POST /session/dca704dd9986aef8fc007aa51f130b55/execute/sync - {"script":"<script> [5351 bytes]","args":[{"element-6066-11e4-a52e-4f735466cecf":"f.C7D1417AA12A98AF3022ACBAA3EFBB42.d.F7862900CF18ECF142A0915576DF8A7F.e.7943","ELEMENT":"f.C7D1417AA12A98AF3022ACBAA3EFBB42.d.F7862900CF18ECF142A0915576DF8A7F.e.7943"}]}
COMMAND: GET /session/dca704dd9986aef8fc007aa51f130b55/screenshot - {}
RESULT: {"script":"<script> [5351 bytes]","args":[{"element-6066-11e4-a52e-4f735466cecf":"f.C7D1417AA12A98AF3022ACBAA3EFBB42.d.F7862900CF18ECF142A0915576DF8A7F.e.7943","ELEMENT":"f.C7D1417AA12A98AF3022ACBAA3EFBB42.d.F7862900CF18ECF142A0915576DF8A7F.e.7943"}]}
COMMAND: POST /session/dca704dd9986aef8fc007aa51f130b55/element - {"using":"css selector","value":"#shell-header-logo"}
COMMAND: GET /session/dca704dd9986aef8fc007aa51f130b55/screenshot - {}
RESULT: {}
RESULT: {"using":"css selector","value":"#shell-header-logo"}
COMMAND: POST /session/dca704dd9986aef8fc007aa51f130b55/element/f.C7D1417AA12A98AF3022ACBAA3EFBB42.d.F7862900CF18ECF142A0915576DF8A7F.e.7943/click - {}
RESULT: {}
RESULT: {}
COMMAND: GET /session/dca704dd9986aef8fc007aa51f130b55/screenshot - {}
RESULT: {}
COMMAND: POST /session/dca704dd9986aef8fc007aa51f130b55/execute/async - {"script":"<script> [189 bytes]","args":[]}
RESULT: {"script":"<script> [189 bytes]","args":[]}
COMMAND: POST /session/dca704dd9986aef8fc007aa51f130b55/execute/async - {"script":"<script> [123 bytes]","args":[]}
RESULT: {"script":"<script> [123 bytes]","args":[]}
COMMAND: POST /session/dca704dd9986aef8fc007aa51f130b55/timeouts - {"script":"<number>"}
RESULT: {"script":"<number>"}
COMMAND: GET /session/dca704dd9986aef8fc007aa51f130b55/timeouts - {}
RESULT: {}
RESULT: undefined
COMMAND: POST /session/dca704dd9986aef8fc007aa51f130b55/execute/async - {"script":"<script> [2676 bytes]","args":[]}
RESULT: {"script":"<script> [2676 bytes]","args":[]}
COMMAND: POST /session/dca704dd9986aef8fc007aa51f130b55/execute/async - {"script":"<script> [2342 bytes]","args":[{"protocol":"http","hostname":"0.0.0.0","path":"/","capabilities":{"browserName":"chrome","goog:chromeOptions":{"binary":"C:\\Program Files\\Google\\Chrome\\Application\\chrome.exe","args":["--start-maximized"]}},"logLevel":"warn","connectionRetryTimeout":120000,"connectionRetryCount":3,"logLevels":{},"enableDirectConnect":true,"strictSSL":true,"_":"65 more keys: [\"cacheDir\",\"port\",\"requestedCapabilities\",\"automationProtocol\",\"baseUrl\",\"waitforInterval\",\"waitforTimeout\",\"onReload\",\"beforeCommand\",\"afterCommand\",\"rootDir\",\"specs\",\"suites\",\"exclude\",\"groupLogsByTestSpec\",\"excludeDriverLogs\",\"bail\",\"framework\",\"reporters\",\"services\",\"maxInstances\",\"maxInstancesPerCapability\",\"injectGlobals\",\"filesToWatch\",\"execArgv\",\"runnerEnv\",\"runner\",\"shard\",\"specFileRetries\",\"specFileRetriesDelay\",\"specFileRetriesDeferred\",\"reporterSyncInterval\",\"reporterSyncTimeout\",\"cucumberFeaturesWithLineNumbers\",\"autoCompileOpts\",\"mochaOpts\",\"jasmineOpts\",\"cucumberOpts\",\"onPrepare\",\"onWorkerStart\",\"onWorkerEnd\",\"before\",\"beforeSession\",\"beforeSuite\",\"beforeHook\",\"beforeTest\",\"afterTest\",\"afterHook\",\"afterSuite\",\"afterSession\",\"after\",\"onComplete\",\"beforeAssertion\",\"afterAssertion\",\"beforeFeature\",\"beforeScenario\",\"beforeStep\",\"afterStep\",\"afterScenario\",\"afterFeature\",\"_\",\"suite\",\"$0\",\"ignoredWorkerServices\",\"wdi5\"]"}]}
RESULT: {"script":"<script> [2342 bytes]","args":[{"protocol":"http","hostname":"0.0.0.0","path":"/","capabilities":{"browserName":"chrome","goog:chromeOptions":{"binary":"C:\\Program Files\\Google\\Chrome\\Application\\chrome.exe","args":["--start-maximized"]}},"logLevel":"warn","connectionRetryTimeout":120000,"connectionRetryCount":3,"logLevels":{},"enableDirectConnect":true,"strictSSL":true,"_":"65 more keys: [\"cacheDir\",\"port\",\"requestedCapabilities\",\"automationProtocol\",\"baseUrl\",\"waitforInterval\",\"waitforTimeout\",\"onReload\",\"beforeCommand\",\"afterCommand\",\"rootDir\",\"specs\",\"suites\",\"exclude\",\"groupLogsByTestSpec\",\"excludeDriverLogs\",\"bail\",\"framework\",\"reporters\",\"services\",\"maxInstances\",\"maxInstancesPerCapability\",\"injectGlobals\",\"filesToWatch\",\"execArgv\",\"runnerEnv\",\"runner\",\"shard\",\"specFileRetries\",\"specFileRetriesDelay\",\"specFileRetriesDeferred\",\"reporterSyncInterval\",\"reporterSyncTimeout\",\"cucumberFeaturesWithLineNumbers\",\"autoCompileOpts\",\"mochaOpts\",\"jasmineOpts\",\"cucumberOpts\",\"onPrepare\",\"onWorkerStart\",\"onWorkerEnd\",\"before\",\"beforeSession\",\"beforeSuite\",\"beforeHook\",\"beforeTest\",\"afterTest\",\"afterHook\",\"afterSuite\",\"afterSession\",\"after\",\"onComplete\",\"beforeAssertion\",\"afterAssertion\",\"beforeFeature\",\"beforeScenario\",\"beforeStep\",\"afterStep\",\"afterScenario\",\"afterFeature\",\"_\",\"suite\",\"$0\",\"ignoredWorkerServices\",\"wdi5\"]"}]}
COMMAND: POST /session/dca704dd9986aef8fc007aa51f130b55/execute/async - {"script":"<script> [21126 bytes]","args":[35000]}
RESULT: {"script":"<script> [21126 bytes]","args":[35000]}
COMMAND: POST /session/dca704dd9986aef8fc007aa51f130b55/window/maximize - {}
RESULT: {}
COMMAND: POST /session/dca704dd9986aef8fc007aa51f130b55/execute/async - {"script":"<script> [1562 bytes]","args":[{"selector":{"id":"shell-header","interaction":{"idSuffix":"icon"}},"wdio_ui5_key":"shellheader"}]}
COMMAND: GET /session/dca704dd9986aef8fc007aa51f130b55/screenshot - {}
RESULT: {"script":"<script> [1562 bytes]","args":[{"selector":{"id":"shell-header","interaction":{"idSuffix":"icon"}},"wdio_ui5_key":"shellheader"}]}
RESULT: undefined
RESULT: {}
COMMAND: POST /session/dca704dd9986aef8fc007aa51f130b55/execute/async - {"script":"<script> [1562 bytes]","args":[{"selector":{"controlType":"sap.m.Title","i18NText":{"propertyName":"text","key":"dataCollectionAgreement"},"searchOpenDialogs":true},"wdio_ui5_key":"sapm.Title{\"propertyName\":\"text\",\"key\":\"dataCollectionAgreement\"}"}]}
RESULT: {"script":"<script> [1562 bytes]","args":[{"selector":{"controlType":"sap.m.Title","i18NText":{"propertyName":"text","key":"dataCollectionAgreement"},"searchOpenDialogs":true},"wdio_ui5_key":"sapm.Title{\"propertyName\":\"text\",\"key\":\"dataCollectionAgreement\"}"}]}
RESULT: undefined
COMMAND: POST /session/dca704dd9986aef8fc007aa51f130b55/execute/async - {"script":"<script> [1562 bytes]","args":[{"selector":{"controlType":"sap.ushell.ui.launchpad.AnchorItem","bindingPath":{"path":"/groups/1","propertyPath":"index"},"interaction":{"idSuffix":"inner"}},"wdio_ui5_key":"sapushell.ui.launchpad.AnchorItem{\"path\":\"/groups/1\",\"propertyPath\":\"index\"}"}]}
RESULT: {"script":"<script> [1562 bytes]","args":[{"selector":{"controlType":"sap.ushell.ui.launchpad.AnchorItem","bindingPath":{"path":"/groups/1","propertyPath":"index"},"interaction":{"idSuffix":"inner"}},"wdio_ui5_key":"sapushell.ui.launchpad.AnchorItem{\"path\":\"/groups/1\",\"propertyPath\":\"index\"}"}]}
RESULT: undefined
COMMAND: POST /session/dca704dd9986aef8fc007aa51f130b55/element - {"using":"xpath","value":"//*[@id=\"__item0-anchorNavigationBar-1\"]"}
RESULT: {"using":"xpath","value":"//*[@id=\"__item0-anchorNavigationBar-1\"]"}
COMMAND: POST /session/dca704dd9986aef8fc007aa51f130b55/element/f.C7D1417AA12A98AF3022ACBAA3EFBB42.d.F7862900CF18ECF142A0915576DF8A7F.e.8059/click - {}
RESULT: {}
COMMAND: GET /session/dca704dd9986aef8fc007aa51f130b55/screenshot - {}
RESULT: {}
COMMAND: POST /session/dca704dd9986aef8fc007aa51f130b55/execute/async - {"script":"<script> [1562 bytes]","args":[{"selector":{"controlType":"sap.m.GenericTile","properties":{"header":"Manage Yards"}},"wdio_ui5_key":"sapm.GenericTile{\"header\":\"Manage Yards\"}"}]}
RESULT: {"script":"<script> [1562 bytes]","args":[{"selector":{"controlType":"sap.m.GenericTile","properties":{"header":"Manage Yards"}},"wdio_ui5_key":"sapm.GenericTile{\"header\":\"Manage Yards\"}"}]}
RESULT: undefined
COMMAND: POST /session/dca704dd9986aef8fc007aa51f130b55/element - {"using":"xpath","value":"//*[@id=\"__tile33\"]"}
RESULT: {"using":"xpath","value":"//*[@id=\"__tile33\"]"}
COMMAND: POST /session/dca704dd9986aef8fc007aa51f130b55/element/f.C7D1417AA12A98AF3022ACBAA3EFBB42.d.F7862900CF18ECF142A0915576DF8A7F.e.8062/click - {}
RESULT: {}
COMMAND: GET /session/dca704dd9986aef8fc007aa51f130b55/screenshot - {}
RESULT: {}
]]></system-out>
    </testcase>
  </testsuite>
  <testsuite timestamp="2025-04-29T16:55:28" time="602.03" tests="9" failures="8" errors="8" skipped="0">
    <properties>
      <property name="specId" value="0" />
      <property name="suiteName" value="Create masterdata for Mass Change State US104416" />
      <property name="capabilities" value="chrome.135_0_7049_96.windows" />
      <property name="file" value="file:///D:/a/1/s/test/specs/HTR/create-mass-state-change.spec.js" />
    </properties>
    <testcase classname="chrome.135_0_7049_96.windows.Create_masterdata_for_Mass_Change_State_US104416" name="Mass State Change" time="11.381">
      <system-out><![CDATA[
COMMAND: POST /session/dca704dd9986aef8fc007aa51f130b55/execute/async - {"script":"<script> [1562 bytes]","args":[{"selector":{"controlType":"sap.m.GenericTile","properties":{"header":"Manage States & Performance"}},"wdio_ui5_key":"sapm.GenericTile{\"header\":\"Manage States & Performance\"}"}]}
COMMAND: GET /session/dca704dd9986aef8fc007aa51f130b55/screenshot - {}
RESULT: {"script":"<script> [1562 bytes]","args":[{"selector":{"controlType":"sap.m.GenericTile","properties":{"header":"Manage States & Performance"}},"wdio_ui5_key":"sapm.GenericTile{\"header\":\"Manage States & Performance\"}"}]}
RESULT: undefined
RESULT: {}
COMMAND: POST /session/dca704dd9986aef8fc007aa51f130b55/execute/async - {"script":"<script> [1562 bytes]","args":[{"selector":{"controlType":"sap.ui.core.Icon","viewName":"etm.portal.ui.managestatesandperformance.view.Master","viewId":"application-managestatesandperformance-display-component---stateAndPerform","properties":{"src":{"regex":{"source":"chart\\-table\\-view"}}}},"wdio_ui5_key":"etmportal.ui.managestatesandperformance.view.Mastersap.ui.core.Icon{\"src\":{\"regex\":{\"source\":\"chart\\\\-table\\\\-view\"}}}"}]}
RESULT: {"script":"<script> [1562 bytes]","args":[{"selector":{"controlType":"sap.ui.core.Icon","viewName":"etm.portal.ui.managestatesandperformance.view.Master","viewId":"application-managestatesandperformance-display-component---stateAndPerform","properties":{"src":{"regex":{"source":"chart\\-table\\-view"}}}},"wdio_ui5_key":"etmportal.ui.managestatesandperformance.view.Mastersap.ui.core.Icon{\"src\":{\"regex\":{\"source\":\"chart\\\\-table\\\\-view\"}}}"}]}
RESULT: undefined
COMMAND: POST /session/dca704dd9986aef8fc007aa51f130b55/execute/async - {"script":"<script> [1562 bytes]","args":[{"selector":{"id":"application-managestatesandperformance-display-component---stateAndPerform--smartFilterBarContracts-btnBasicSearch","interaction":{"idSuffix":"I"}},"wdio_ui5_key":"applicationmanagestatesandperformance-display-component---stateAndPerform--smartFilterBarContracts-btnBasicSearch"}]}
RESULT: {"script":"<script> [1562 bytes]","args":[{"selector":{"id":"application-managestatesandperformance-display-component---stateAndPerform--smartFilterBarContracts-btnBasicSearch","interaction":{"idSuffix":"I"}},"wdio_ui5_key":"applicationmanagestatesandperformance-display-component---stateAndPerform--smartFilterBarContracts-btnBasicSearch"}]}
RESULT: undefined
COMMAND: POST /session/dca704dd9986aef8fc007aa51f130b55/actions - {"actions":[{"id":"action39","type":"key","parameters":{},"actions":[{"type":"keyDown","value":"î€‡"},{"type":"pause","duration":10},{"type":"keyUp","value":"î€‡"}]}]}
RESULT: {"actions":[{"id":"action39","type":"key","parameters":{},"actions":[{"type":"keyDown","value":"î€‡"},{"type":"pause","duration":10},{"type":"keyUp","value":"î€‡"}]}]}
COMMAND: GET /session/dca704dd9986aef8fc007aa51f130b55/screenshot - {}
RESULT: {}
COMMAND: POST /session/dca704dd9986aef8fc007aa51f130b55/execute/async - {"script":"<script> [1562 bytes]","args":[{"selector":{"id":"application-managestatesandperformance-display-component---stateAndPerform--stateAndPerformContractItemsTable-sa","interaction":{"idSuffix":"CbBg"}},"wdio_ui5_key":"applicationmanagestatesandperformance-display-component---stateAndPerform--stateAndPerformContractItemsTable-sa"}]}
RESULT: {"script":"<script> [1562 bytes]","args":[{"selector":{"id":"application-managestatesandperformance-display-component---stateAndPerform--stateAndPerformContractItemsTable-sa","interaction":{"idSuffix":"CbBg"}},"wdio_ui5_key":"applicationmanagestatesandperformance-display-component---stateAndPerform--stateAndPerformContractItemsTable-sa"}]}
RESULT: undefined
COMMAND: POST /session/dca704dd9986aef8fc007aa51f130b55/execute/async - {"script":"<script> [1562 bytes]","args":[{"selector":{"id":"application-managestatesandperformance-display-component---stateAndPerform--btnMassStateChangeOnContracts-img"},"wdio_ui5_key":"applicationmanagestatesandperformance-display-component---stateAndPerform--btnMassStateChangeOnContracts-img"}]}
RESULT: {"script":"<script> [1562 bytes]","args":[{"selector":{"id":"application-managestatesandperformance-display-component---stateAndPerform--btnMassStateChangeOnContracts-img"},"wdio_ui5_key":"applicationmanagestatesandperformance-display-component---stateAndPerform--btnMassStateChangeOnContracts-img"}]}
RESULT: undefined
COMMAND: POST /session/dca704dd9986aef8fc007aa51f130b55/execute/async - {"script":"<script> [1562 bytes]","args":[{"selector":{"id":"application-managestatesandperformance-display-component---stateAndPerform--ruStateTypes","searchOpenDialogs":true,"interaction":{"idSuffix":"inner"}},"wdio_ui5_key":"applicationmanagestatesandperformance-display-component---stateAndPerform--ruStateTypes"}]}
RESULT: {"script":"<script> [1562 bytes]","args":[{"selector":{"id":"application-managestatesandperformance-display-component---stateAndPerform--ruStateTypes","searchOpenDialogs":true,"interaction":{"idSuffix":"inner"}},"wdio_ui5_key":"applicationmanagestatesandperformance-display-component---stateAndPerform--ruStateTypes"}]}
RESULT: undefined
COMMAND: POST /session/dca704dd9986aef8fc007aa51f130b55/execute/async - {"script":"<script> [1562 bytes]","args":[{"selector":{"controlType":"sap.m.Button","viewName":"etm.portal.ui.managestatesandperformance.view.Master","viewId":"application-managestatesandperformance-display-component---stateAndPerform","i18NText":{"propertyName":"text","key":"ok"},"searchOpenDialogs":true,"interaction":{"idSuffix":"BDI-content"}},"wdio_ui5_key":"etmportal.ui.managestatesandperformance.view.Mastersap.m.Button{\"propertyName\":\"text\",\"key\":\"ok\"}"}]}
RESULT: {"script":"<script> [1562 bytes]","args":[{"selector":{"controlType":"sap.m.Button","viewName":"etm.portal.ui.managestatesandperformance.view.Master","viewId":"application-managestatesandperformance-display-component---stateAndPerform","i18NText":{"propertyName":"text","key":"ok"},"searchOpenDialogs":true,"interaction":{"idSuffix":"BDI-content"}},"wdio_ui5_key":"etmportal.ui.managestatesandperformance.view.Mastersap.m.Button{\"propertyName\":\"text\",\"key\":\"ok\"}"}]}
RESULT: undefined
COMMAND: POST /session/dca704dd9986aef8fc007aa51f130b55/execute/async - {"script":"<script> [1562 bytes]","args":[{"selector":{"controlType":"sap.m.Button","properties":{"text":"OK"},"searchOpenDialogs":true,"ancestor":{"controlType":"sap.m.Dialog","properties":{"icon":"sap-icon://sys-help-2"},"searchOpenDialogs":true},"interaction":{"idSuffix":"BDI-content"}},"wdio_ui5_key":"sapm.Button{\"text\":\"OK\"}{\"controlType\":\"sap.m.Dialog\",\"properties\":{\"icon\":\"sap-icon://sys-help-2\"},\"searchOpenDialogs\":true}"}]}
RESULT: {"script":"<script> [1562 bytes]","args":[{"selector":{"controlType":"sap.m.Button","properties":{"text":"OK"},"searchOpenDialogs":true,"ancestor":{"controlType":"sap.m.Dialog","properties":{"icon":"sap-icon://sys-help-2"},"searchOpenDialogs":true},"interaction":{"idSuffix":"BDI-content"}},"wdio_ui5_key":"sapm.Button{\"text\":\"OK\"}{\"controlType\":\"sap.m.Dialog\",\"properties\":{\"icon\":\"sap-icon://sys-help-2\"},\"searchOpenDialogs\":true}"}]}
RESULT: undefined
COMMAND: GET /session/dca704dd9986aef8fc007aa51f130b55/screenshot - {}
RESULT: {}
COMMAND: DELETE /session/dca704dd9986aef8fc007aa51f130b55 - {}
RESULT: {}
]]></system-out>
    </testcase>
  </testsuite>
</testsuites>