<?xml version="1.0" encoding="UTF-8"?>
<testsuites tests="58" failures="0" errors="0" skipped="0">
  <testsuite timestamp="2025-04-18T17:12:15" time="988.913" tests="11" failures="0" errors="0" skipped="0">
    <properties>
      <property name="specId" value="0"/>
      <property name="suiteName" value="Billing confirm US117289"/>
      <property name="capabilities" value="chrome.135_0_7049_42.windows"/>
      <property name="file" value="file:///D:/a/1/s/test/specs/BTS/billing-confirm.spec.js"/>
    </properties>
    <testcase classname="chrome.135_0_7049_42.windows.Billing_confirm_US117289" name="Should create a new yard" time="126.708">
      <system-out><![CDATA[
COMMAND: POST /session/f10bfffe94842169a26616823eaa69fd/window/fullscreen - {}
RESULT: {}
COMMAND: POST /session/f10bfffe94842169a26616823eaa69fd/execute/async - {"script":"<script> [1562 bytes]","args":[{"selector":{"controlType":"sap.m.GenericTile","properties":{"header":"Manage Yards"}},"wdio_ui5_key":"sapm.GenericTile{\"header\":\"Manage Yards\"}"}]}
RESULT: {"script":"<script> [1562 bytes]","args":[{"selector":{"controlType":"sap.m.GenericTile","properties":{"header":"Manage Yards"}},"wdio_ui5_key":"sapm.GenericTile{\"header\":\"Manage Yards\"}"}]}
RESULT: undefined
COMMAND: POST /session/f10bfffe94842169a26616823eaa69fd/element - {"using":"xpath","value":"//*[@id=\"__tile41\"]"}
RESULT: {"using":"xpath","value":"//*[@id=\"__tile41\"]"}
COMMAND: POST /session/f10bfffe94842169a26616823eaa69fd/element/f.B31591FEBD8AE49568014889031CF3F7.d.F8BBC7ABDFBB867129161B34987763D2.e.162/click - {}
RESULT: {}
COMMAND: POST /session/f10bfffe94842169a26616823eaa69fd/element - {"using":"xpath","value":"//button[@data-kt=\"addNewYardOverflowToolbarButton\"]"}
COMMAND: GET /session/f10bfffe94842169a26616823eaa69fd/screenshot - {}
RESULT: {"using":"xpath","value":"//button[@data-kt=\"addNewYardOverflowToolbarButton\"]"}
COMMAND: POST /session/f10bfffe94842169a26616823eaa69fd/elements - {"using":"xpath","value":"//button[@data-kt=\"addNewYardOverflowToolbarButton\"]"}
RESULT: {}
RESULT: {"using":"xpath","value":"//button[@data-kt=\"addNewYardOverflowToolbarButton\"]"}
COMMAND: POST /session/f10bfffe94842169a26616823eaa69fd/elements - {"using":"xpath","value":"//button[@data-kt=\"addNewYardOverflowToolbarButton\"]"}
RESULT: {"using":"xpath","value":"//button[@data-kt=\"addNewYardOverflowToolbarButton\"]"}
COMMAND: POST /session/f10bfffe94842169a26616823eaa69fd/elements - {"using":"xpath","value":"//button[@data-kt=\"addNewYardOverflowToolbarButton\"]"}
RESULT: {"using":"xpath","value":"//button[@data-kt=\"addNewYardOverflowToolbarButton\"]"}
COMMAND: POST /session/f10bfffe94842169a26616823eaa69fd/elements - {"using":"xpath","value":"//button[@data-kt=\"addNewYardOverflowToolbarButton\"]"}
RESULT: {"using":"xpath","value":"//button[@data-kt=\"addNewYardOverflowToolbarButton\"]"}
COMMAND: POST /session/f10bfffe94842169a26616823eaa69fd/elements - {"using":"xpath","value":"//button[@data-kt=\"addNewYardOverflowToolbarButton\"]"}
RESULT: {"using":"xpath","value":"//button[@data-kt=\"addNewYardOverflowToolbarButton\"]"}
COMMAND: POST /session/f10bfffe94842169a26616823eaa69fd/elements - {"using":"xpath","value":"//button[@data-kt=\"addNewYardOverflowToolbarButton\"]"}
RESULT: {"using":"xpath","value":"//button[@data-kt=\"addNewYardOverflowToolbarButton\"]"}
COMMAND: POST /session/f10bfffe94842169a26616823eaa69fd/elements - {"using":"xpath","value":"//button[@data-kt=\"addNewYardOverflowToolbarButton\"]"}
RESULT: {"using":"xpath","value":"//button[@data-kt=\"addNewYardOverflowToolbarButton\"]"}
COMMAND: POST /session/f10bfffe94842169a26616823eaa69fd/elements - {"using":"xpath","value":"//button[@data-kt=\"addNewYardOverflowToolbarButton\"]"}
RESULT: {"using":"xpath","value":"//button[@data-kt=\"addNewYardOverflowToolbarButton\"]"}
COMMAND: POST /session/f10bfffe94842169a26616823eaa69fd/elements - {"using":"xpath","value":"//button[@data-kt=\"addNewYardOverflowToolbarButton\"]"}
RESULT: {"using":"xpath","value":"//button[@data-kt=\"addNewYardOverflowToolbarButton\"]"}
COMMAND: POST /session/f10bfffe94842169a26616823eaa69fd/elements - {"using":"xpath","value":"//button[@data-kt=\"addNewYardOverflowToolbarButton\"]"}
RESULT: {"using":"xpath","value":"//button[@data-kt=\"addNewYardOverflowToolbarButton\"]"}
COMMAND: POST /session/f10bfffe94842169a26616823eaa69fd/elements - {"using":"xpath","value":"//button[@data-kt=\"addNewYardOverflowToolbarButton\"]"}
RESULT: {"using":"xpath","value":"//button[@data-kt=\"addNewYardOverflowToolbarButton\"]"}
COMMAND: POST /session/f10bfffe94842169a26616823eaa69fd/elements - {"using":"xpath","value":"//button[@data-kt=\"addNewYardOverflowToolbarButton\"]"}
RESULT: {"using":"xpath","value":"//button[@data-kt=\"addNewYardOverflowToolbarButton\"]"}
COMMAND: POST /session/f10bfffe94842169a26616823eaa69fd/elements - {"using":"xpath","value":"//button[@data-kt=\"addNewYardOverflowToolbarButton\"]"}
RESULT: {"using":"xpath","value":"//button[@data-kt=\"addNewYardOverflowToolbarButton\"]"}
COMMAND: POST /session/f10bfffe94842169a26616823eaa69fd/elements - {"using":"xpath","value":"//button[@data-kt=\"addNewYardOverflowToolbarButton\"]"}
RESULT: {"using":"xpath","value":"//button[@data-kt=\"addNewYardOverflowToolbarButton\"]"}
COMMAND: POST /session/f10bfffe94842169a26616823eaa69fd/elements - {"using":"xpath","value":"//button[@data-kt=\"addNewYardOverflowToolbarButton\"]"}
RESULT: {"using":"xpath","value":"//button[@data-kt=\"addNewYardOverflowToolbarButton\"]"}
COMMAND: POST /session/f10bfffe94842169a26616823eaa69fd/elements - {"using":"xpath","value":"//button[@data-kt=\"addNewYardOverflowToolbarButton\"]"}
RESULT: {"using":"xpath","value":"//button[@data-kt=\"addNewYardOverflowToolbarButton\"]"}
COMMAND: POST /session/f10bfffe94842169a26616823eaa69fd/elements - {"using":"xpath","value":"//button[@data-kt=\"addNewYardOverflowToolbarButton\"]"}
RESULT: {"using":"xpath","value":"//button[@data-kt=\"addNewYardOverflowToolbarButton\"]"}
COMMAND: POST /session/f10bfffe94842169a26616823eaa69fd/elements - {"using":"xpath","value":"//button[@data-kt=\"addNewYardOverflowToolbarButton\"]"}
RESULT: {"using":"xpath","value":"//button[@data-kt=\"addNewYardOverflowToolbarButton\"]"}
COMMAND: POST /session/f10bfffe94842169a26616823eaa69fd/elements - {"using":"xpath","value":"//button[@data-kt=\"addNewYardOverflowToolbarButton\"]"}
RESULT: {"using":"xpath","value":"//button[@data-kt=\"addNewYardOverflowToolbarButton\"]"}
COMMAND: POST /session/f10bfffe94842169a26616823eaa69fd/elements - {"using":"xpath","value":"//button[@data-kt=\"addNewYardOverflowToolbarButton\"]"}
RESULT: {"using":"xpath","value":"//button[@data-kt=\"addNewYardOverflowToolbarButton\"]"}
COMMAND: POST /session/f10bfffe94842169a26616823eaa69fd/elements - {"using":"xpath","value":"//button[@data-kt=\"addNewYardOverflowToolbarButton\"]"}
RESULT: {"using":"xpath","value":"//button[@data-kt=\"addNewYardOverflowToolbarButton\"]"}
COMMAND: POST /session/f10bfffe94842169a26616823eaa69fd/elements - {"using":"xpath","value":"//button[@data-kt=\"addNewYardOverflowToolbarButton\"]"}
RESULT: {"using":"xpath","value":"//button[@data-kt=\"addNewYardOverflowToolbarButton\"]"}
COMMAND: POST /session/f10bfffe94842169a26616823eaa69fd/elements - {"using":"xpath","value":"//button[@data-kt=\"addNewYardOverflowToolbarButton\"]"}
RESULT: {"using":"xpath","value":"//button[@data-kt=\"addNewYardOverflowToolbarButton\"]"}
COMMAND: POST /session/f10bfffe94842169a26616823eaa69fd/elements - {"using":"xpath","value":"//button[@data-kt=\"addNewYardOverflowToolbarButton\"]"}
RESULT: {"using":"xpath","value":"//button[@data-kt=\"addNewYardOverflowToolbarButton\"]"}
COMMAND: POST /session/f10bfffe94842169a26616823eaa69fd/elements - {"using":"xpath","value":"//button[@data-kt=\"addNewYardOverflowToolbarButton\"]"}
RESULT: {"using":"xpath","value":"//button[@data-kt=\"addNewYardOverflowToolbarButton\"]"}
COMMAND: POST /session/f10bfffe94842169a26616823eaa69fd/elements - {"using":"xpath","value":"//button[@data-kt=\"addNewYardOverflowToolbarButton\"]"}
RESULT: {"using":"xpath","value":"//button[@data-kt=\"addNewYardOverflowToolbarButton\"]"}
COMMAND: POST /session/f10bfffe94842169a26616823eaa69fd/elements - {"using":"xpath","value":"//button[@data-kt=\"addNewYardOverflowToolbarButton\"]"}
RESULT: {"using":"xpath","value":"//button[@data-kt=\"addNewYardOverflowToolbarButton\"]"}
COMMAND: POST /session/f10bfffe94842169a26616823eaa69fd/elements - {"using":"xpath","value":"//button[@data-kt=\"addNewYardOverflowToolbarButton\"]"}
RESULT: {"using":"xpath","value":"//button[@data-kt=\"addNewYardOverflowToolbarButton\"]"}
COMMAND: POST /session/f10bfffe94842169a26616823eaa69fd/elements - {"using":"xpath","value":"//button[@data-kt=\"addNewYardOverflowToolbarButton\"]"}
RESULT: {"using":"xpath","value":"//button[@data-kt=\"addNewYardOverflowToolbarButton\"]"}
COMMAND: POST /session/f10bfffe94842169a26616823eaa69fd/elements - {"using":"xpath","value":"//button[@data-kt=\"addNewYardOverflowToolbarButton\"]"}
RESULT: {"using":"xpath","value":"//button[@data-kt=\"addNewYardOverflowToolbarButton\"]"}
COMMAND: POST /session/f10bfffe94842169a26616823eaa69fd/elements - {"using":"xpath","value":"//button[@data-kt=\"addNewYardOverflowToolbarButton\"]"}
RESULT: {"using":"xpath","value":"//button[@data-kt=\"addNewYardOverflowToolbarButton\"]"}
COMMAND: POST /session/f10bfffe94842169a26616823eaa69fd/elements - {"using":"xpath","value":"//button[@data-kt=\"addNewYardOverflowToolbarButton\"]"}
RESULT: {"using":"xpath","value":"//button[@data-kt=\"addNewYardOverflowToolbarButton\"]"}
COMMAND: POST /session/f10bfffe94842169a26616823eaa69fd/element - {"using":"xpath","value":"//button[@data-kt=\"addNewYardOverflowToolbarButton\"]"}
RESULT: {"using":"xpath","value":"//button[@data-kt=\"addNewYardOverflowToolbarButton\"]"}
COMMAND: POST /session/f10bfffe94842169a26616823eaa69fd/execute/sync - {"script":"<script> [8489 bytes]","args":[{"element-6066-11e4-a52e-4f735466cecf":"f.B31591FEBD8AE49568014889031CF3F7.d.F8BBC7ABDFBB867129161B34987763D2.e.298","ELEMENT":"f.B31591FEBD8AE49568014889031CF3F7.d.F8BBC7ABDFBB867129161B34987763D2.e.298"}]}
RESULT: {"script":"<script> [8489 bytes]","args":[{"element-6066-11e4-a52e-4f735466cecf":"f.B31591FEBD8AE49568014889031CF3F7.d.F8BBC7ABDFBB867129161B34987763D2.e.298","ELEMENT":"f.B31591FEBD8AE49568014889031CF3F7.d.F8BBC7ABDFBB867129161B34987763D2.e.298"}]}
COMMAND: GET /session/f10bfffe94842169a26616823eaa69fd/element/f.B31591FEBD8AE49568014889031CF3F7.d.F8BBC7ABDFBB867129161B34987763D2.e.298/enabled - {}
COMMAND: GET /session/f10bfffe94842169a26616823eaa69fd/screenshot - {}
RESULT: {}
COMMAND: POST /session/f10bfffe94842169a26616823eaa69fd/execute/sync - {"script":"<script> [8489 bytes]","args":[{"element-6066-11e4-a52e-4f735466cecf":"f.B31591FEBD8AE49568014889031CF3F7.d.F8BBC7ABDFBB867129161B34987763D2.e.298","ELEMENT":"f.B31591FEBD8AE49568014889031CF3F7.d.F8BBC7ABDFBB867129161B34987763D2.e.298"}]}
COMMAND: GET /session/f10bfffe94842169a26616823eaa69fd/screenshot - {}
RESULT: {}
RESULT: {"script":"<script> [8489 bytes]","args":[{"element-6066-11e4-a52e-4f735466cecf":"f.B31591FEBD8AE49568014889031CF3F7.d.F8BBC7ABDFBB867129161B34987763D2.e.298","ELEMENT":"f.B31591FEBD8AE49568014889031CF3F7.d.F8BBC7ABDFBB867129161B34987763D2.e.298"}]}
COMMAND: POST /session/f10bfffe94842169a26616823eaa69fd/execute/sync - {"script":"<script> [5351 bytes]","args":[{"element-6066-11e4-a52e-4f735466cecf":"f.B31591FEBD8AE49568014889031CF3F7.d.F8BBC7ABDFBB867129161B34987763D2.e.298","ELEMENT":"f.B31591FEBD8AE49568014889031CF3F7.d.F8BBC7ABDFBB867129161B34987763D2.e.298"}]}
COMMAND: GET /session/f10bfffe94842169a26616823eaa69fd/screenshot - {}
RESULT: {}
RESULT: {"script":"<script> [5351 bytes]","args":[{"element-6066-11e4-a52e-4f735466cecf":"f.B31591FEBD8AE49568014889031CF3F7.d.F8BBC7ABDFBB867129161B34987763D2.e.298","ELEMENT":"f.B31591FEBD8AE49568014889031CF3F7.d.F8BBC7ABDFBB867129161B34987763D2.e.298"}]}
COMMAND: POST /session/f10bfffe94842169a26616823eaa69fd/element/f.B31591FEBD8AE49568014889031CF3F7.d.F8BBC7ABDFBB867129161B34987763D2.e.298/click - {}
COMMAND: GET /session/f10bfffe94842169a26616823eaa69fd/screenshot - {}
RESULT: {}
RESULT: {}
COMMAND: GET /session/f10bfffe94842169a26616823eaa69fd/screenshot - {}
COMMAND: POST /session/f10bfffe94842169a26616823eaa69fd/element - {"using":"xpath","value":"//input[@id=\"application-manageyards-display-component---NewYard--yardId-inner\"]"}
RESULT: {}
RESULT: {}
RESULT: {"using":"xpath","value":"//input[@id=\"application-manageyards-display-component---NewYard--yardId-inner\"]"}
COMMAND: POST /session/f10bfffe94842169a26616823eaa69fd/element - {"using":"xpath","value":"//input[@id=\"application-manageyards-display-component---NewYard--yardId-inner\"]"}
RESULT: {"using":"xpath","value":"//input[@id=\"application-manageyards-display-component---NewYard--yardId-inner\"]"}
COMMAND: POST /session/f10bfffe94842169a26616823eaa69fd/execute/async - {"script":"<script> [1562 bytes]","args":[{"selector":{"id":"application-manageyards-display-component---NewYard--addressDetailDetailsName1","interaction":{"idSuffix":"inner"}},"wdio_ui5_key":"applicationmanageyards-display-component---NewYard--addressDetailDetailsName1"}]}
RESULT: {"script":"<script> [1562 bytes]","args":[{"selector":{"id":"application-manageyards-display-component---NewYard--addressDetailDetailsName1","interaction":{"idSuffix":"inner"}},"wdio_ui5_key":"applicationmanageyards-display-component---NewYard--addressDetailDetailsName1"}]}
RESULT: undefined
COMMAND: POST /session/f10bfffe94842169a26616823eaa69fd/execute/async - {"script":"<script> [776 bytes]","args":[{"enterText":"Intracompany Yard wdIO","selector":{"id":"application-manageyards-display-component---NewYard--addressDetailDetailsName1","interaction":{"idSuffix":"inner"}},"clearTextFirst":true,"interactionType":"ENTER_TEXT"}]}
RESULT: {"script":"<script> [776 bytes]","args":[{"enterText":"Intracompany Yard wdIO","selector":{"id":"application-manageyards-display-component---NewYard--addressDetailDetailsName1","interaction":{"idSuffix":"inner"}},"clearTextFirst":true,"interactionType":"ENTER_TEXT"}]}
COMMAND: POST /session/f10bfffe94842169a26616823eaa69fd/execute/async - {"script":"<script> [1562 bytes]","args":[{"selector":{"id":"application-manageyards-display-component---NewYard--addressDetailDetailsLanguage-arrow"},"wdio_ui5_key":"applicationmanageyards-display-component---NewYard--addressDetailDetailsLanguage-arrow"}]}
RESULT: {"script":"<script> [1562 bytes]","args":[{"selector":{"id":"application-manageyards-display-component---NewYard--addressDetailDetailsLanguage-arrow"},"wdio_ui5_key":"applicationmanageyards-display-component---NewYard--addressDetailDetailsLanguage-arrow"}]}
RESULT: undefined
COMMAND: POST /session/f10bfffe94842169a26616823eaa69fd/element - {"using":"xpath","value":"//*[@id=\"application-manageyards-display-component---NewYard--addressDetailDetailsLanguage-arrow\"]"}
RESULT: {"using":"xpath","value":"//*[@id=\"application-manageyards-display-component---NewYard--addressDetailDetailsLanguage-arrow\"]"}
COMMAND: POST /session/f10bfffe94842169a26616823eaa69fd/element/f.B31591FEBD8AE49568014889031CF3F7.d.F8BBC7ABDFBB867129161B34987763D2.e.728/click - {}
RESULT: {}
COMMAND: POST /session/f10bfffe94842169a26616823eaa69fd/element - {"using":"xpath","value":"//span[contains(text(), \"English\")]"}
COMMAND: GET /session/f10bfffe94842169a26616823eaa69fd/screenshot - {}
RESULT: {"using":"xpath","value":"//span[contains(text(), \"English\")]"}
COMMAND: POST /session/f10bfffe94842169a26616823eaa69fd/element/f.B31591FEBD8AE49568014889031CF3F7.d.F8BBC7ABDFBB867129161B34987763D2.e.729/click - {}
RESULT: {}
RESULT: {}
COMMAND: POST /session/f10bfffe94842169a26616823eaa69fd/execute/async - {"script":"<script> [1562 bytes]","args":[{"selector":{"id":"application-manageyards-display-component---NewYard--addressDetailDetailsCity1","interaction":{"idSuffix":"inner"}},"wdio_ui5_key":"applicationmanageyards-display-component---NewYard--addressDetailDetailsCity1"}]}
COMMAND: GET /session/f10bfffe94842169a26616823eaa69fd/screenshot - {}
RESULT: {"script":"<script> [1562 bytes]","args":[{"selector":{"id":"application-manageyards-display-component---NewYard--addressDetailDetailsCity1","interaction":{"idSuffix":"inner"}},"wdio_ui5_key":"applicationmanageyards-display-component---NewYard--addressDetailDetailsCity1"}]}
RESULT: undefined
COMMAND: POST /session/f10bfffe94842169a26616823eaa69fd/execute/async - {"script":"<script> [776 bytes]","args":[{"enterText":"Rosario","selector":{"id":"application-manageyards-display-component---NewYard--addressDetailDetailsCity1","interaction":{"idSuffix":"inner"}},"clearTextFirst":true,"interactionType":"ENTER_TEXT"}]}
RESULT: {}
RESULT: {"script":"<script> [776 bytes]","args":[{"enterText":"Rosario","selector":{"id":"application-manageyards-display-component---NewYard--addressDetailDetailsCity1","interaction":{"idSuffix":"inner"}},"clearTextFirst":true,"interactionType":"ENTER_TEXT"}]}
COMMAND: POST /session/f10bfffe94842169a26616823eaa69fd/execute/async - {"script":"<script> [1562 bytes]","args":[{"selector":{"id":"application-manageyards-display-component---NewYard--addressDetailDetailsCountry-arrow"},"wdio_ui5_key":"applicationmanageyards-display-component---NewYard--addressDetailDetailsCountry-arrow"}]}
RESULT: {"script":"<script> [1562 bytes]","args":[{"selector":{"id":"application-manageyards-display-component---NewYard--addressDetailDetailsCountry-arrow"},"wdio_ui5_key":"applicationmanageyards-display-component---NewYard--addressDetailDetailsCountry-arrow"}]}
RESULT: undefined
COMMAND: POST /session/f10bfffe94842169a26616823eaa69fd/element - {"using":"xpath","value":"//*[@id=\"application-manageyards-display-component---NewYard--addressDetailDetailsCountry-arrow\"]"}
RESULT: {"using":"xpath","value":"//*[@id=\"application-manageyards-display-component---NewYard--addressDetailDetailsCountry-arrow\"]"}
COMMAND: POST /session/f10bfffe94842169a26616823eaa69fd/element/f.B31591FEBD8AE49568014889031CF3F7.d.F8BBC7ABDFBB867129161B34987763D2.e.731/click - {}
RESULT: {}
COMMAND: POST /session/f10bfffe94842169a26616823eaa69fd/element - {"using":"xpath","value":"//span[contains(text(), \"Argentina\")]"}
COMMAND: GET /session/f10bfffe94842169a26616823eaa69fd/screenshot - {}
RESULT: {"using":"xpath","value":"//span[contains(text(), \"Argentina\")]"}
COMMAND: POST /session/f10bfffe94842169a26616823eaa69fd/element/f.B31591FEBD8AE49568014889031CF3F7.d.F8BBC7ABDFBB867129161B34987763D2.e.732/click - {}
RESULT: {}
RESULT: {}
COMMAND: POST /session/f10bfffe94842169a26616823eaa69fd/execute/async - {"script":"<script> [1562 bytes]","args":[{"selector":{"id":"application-manageyards-display-component---NewYard--addressEditDetailsCostObjectCstType-arrow"},"wdio_ui5_key":"applicationmanageyards-display-component---NewYard--addressEditDetailsCostObjectCstType-arrow"}]}
COMMAND: GET /session/f10bfffe94842169a26616823eaa69fd/screenshot - {}
RESULT: {"script":"<script> [1562 bytes]","args":[{"selector":{"id":"application-manageyards-display-component---NewYard--addressEditDetailsCostObjectCstType-arrow"},"wdio_ui5_key":"applicationmanageyards-display-component---NewYard--addressEditDetailsCostObjectCstType-arrow"}]}
RESULT: undefined
COMMAND: POST /session/f10bfffe94842169a26616823eaa69fd/element - {"using":"xpath","value":"//*[@id=\"application-manageyards-display-component---NewYard--addressEditDetailsCostObjectCstType-arrow\"]"}
RESULT: {}
RESULT: {"using":"xpath","value":"//*[@id=\"application-manageyards-display-component---NewYard--addressEditDetailsCostObjectCstType-arrow\"]"}
COMMAND: POST /session/f10bfffe94842169a26616823eaa69fd/element/f.B31591FEBD8AE49568014889031CF3F7.d.F8BBC7ABDFBB867129161B34987763D2.e.734/click - {}
RESULT: {}
COMMAND: POST /session/f10bfffe94842169a26616823eaa69fd/element - {"using":"xpath","value":"//span[contains(text(), \"Cost Center\")]"}
COMMAND: GET /session/f10bfffe94842169a26616823eaa69fd/screenshot - {}
RESULT: {"using":"xpath","value":"//span[contains(text(), \"Cost Center\")]"}
COMMAND: POST /session/f10bfffe94842169a26616823eaa69fd/element/f.B31591FEBD8AE49568014889031CF3F7.d.F8BBC7ABDFBB867129161B34987763D2.e.735/click - {}
RESULT: {}
RESULT: {}
COMMAND: GET /session/f10bfffe94842169a26616823eaa69fd/screenshot - {}
RESULT: {}
COMMAND: POST /session/f10bfffe94842169a26616823eaa69fd/element - {"using":"xpath","value":"//span[@id=\"application-manageyards-display-component---NewYard--addressNewCostObjectCstID-vhi\"]"}
RESULT: {"using":"xpath","value":"//span[@id=\"application-manageyards-display-component---NewYard--addressNewCostObjectCstID-vhi\"]"}
COMMAND: POST /session/f10bfffe94842169a26616823eaa69fd/execute/sync - {"script":"<script> [8489 bytes]","args":[{"element-6066-11e4-a52e-4f735466cecf":"f.B31591FEBD8AE49568014889031CF3F7.d.F8BBC7ABDFBB867129161B34987763D2.e.738","ELEMENT":"f.B31591FEBD8AE49568014889031CF3F7.d.F8BBC7ABDFBB867129161B34987763D2.e.738"}]}
RESULT: {"script":"<script> [8489 bytes]","args":[{"element-6066-11e4-a52e-4f735466cecf":"f.B31591FEBD8AE49568014889031CF3F7.d.F8BBC7ABDFBB867129161B34987763D2.e.738","ELEMENT":"f.B31591FEBD8AE49568014889031CF3F7.d.F8BBC7ABDFBB867129161B34987763D2.e.738"}]}
COMMAND: POST /session/f10bfffe94842169a26616823eaa69fd/execute/async - {"script":"<script> [1562 bytes]","args":[{"selector":{"id":"application-manageyards-display-component---NewYard--addressNewCostObjectCstID-vhi"},"wdio_ui5_key":"applicationmanageyards-display-component---NewYard--addressNewCostObjectCstID-vhi"}]}
COMMAND: GET /session/f10bfffe94842169a26616823eaa69fd/screenshot - {}
RESULT: {"script":"<script> [1562 bytes]","args":[{"selector":{"id":"application-manageyards-display-component---NewYard--addressNewCostObjectCstID-vhi"},"wdio_ui5_key":"applicationmanageyards-display-component---NewYard--addressNewCostObjectCstID-vhi"}]}
RESULT: undefined
COMMAND: POST /session/f10bfffe94842169a26616823eaa69fd/element - {"using":"xpath","value":"//*[@id=\"application-manageyards-display-component---NewYard--addressNewCostObjectCstID-vhi\"]"}
RESULT: {}
RESULT: {"using":"xpath","value":"//*[@id=\"application-manageyards-display-component---NewYard--addressNewCostObjectCstID-vhi\"]"}
COMMAND: POST /session/f10bfffe94842169a26616823eaa69fd/element/f.B31591FEBD8AE49568014889031CF3F7.d.F8BBC7ABDFBB867129161B34987763D2.e.738/click - {}
RESULT: {}
COMMAND: GET /session/f10bfffe94842169a26616823eaa69fd/screenshot - {}
RESULT: {}
COMMAND: POST /session/f10bfffe94842169a26616823eaa69fd/execute/async - {"script":"<script> [1562 bytes]","args":[{"selector":{"controlType":"sap.m.SearchField","properties":{"placeholder":"Search"},"searchOpenDialogs":true,"interaction":{"idSuffix":"I"}},"wdio_ui5_key":"sapm.SearchField{\"placeholder\":\"Search\"}"}]}
RESULT: {"script":"<script> [1562 bytes]","args":[{"selector":{"controlType":"sap.m.SearchField","properties":{"placeholder":"Search"},"searchOpenDialogs":true,"interaction":{"idSuffix":"I"}},"wdio_ui5_key":"sapm.SearchField{\"placeholder\":\"Search\"}"}]}
RESULT: undefined
COMMAND: POST /session/f10bfffe94842169a26616823eaa69fd/execute/async - {"script":"<script> [776 bytes]","args":[{"enterText":"10001013","selector":{"controlType":"sap.m.SearchField","properties":{"placeholder":"Search"},"searchOpenDialogs":true,"interaction":{"idSuffix":"I"}},"clearTextFirst":true,"interactionType":"ENTER_TEXT"}]}
RESULT: {"script":"<script> [776 bytes]","args":[{"enterText":"10001013","selector":{"controlType":"sap.m.SearchField","properties":{"placeholder":"Search"},"searchOpenDialogs":true,"interaction":{"idSuffix":"I"}},"clearTextFirst":true,"interactionType":"ENTER_TEXT"}]}
COMMAND: POST /session/f10bfffe94842169a26616823eaa69fd/actions - {"actions":[{"id":"action1","type":"key","parameters":{},"actions":[{"type":"keyDown","value":""},{"type":"pause","duration":10},{"type":"keyUp","value":""}]}]}
RESULT: {"actions":[{"id":"action1","type":"key","parameters":{},"actions":[{"type":"keyDown","value":""},{"type":"pause","duration":10},{"type":"keyUp","value":""}]}]}
COMMAND: GET /session/f10bfffe94842169a26616823eaa69fd/screenshot - {}
RESULT: {}
COMMAND: POST /session/f10bfffe94842169a26616823eaa69fd/element - {"using":"xpath","value":"//span[contains(text(), \"General Management\")]"}
RESULT: {"using":"xpath","value":"//span[contains(text(), \"General Management\")]"}
COMMAND: POST /session/f10bfffe94842169a26616823eaa69fd/element/f.B31591FEBD8AE49568014889031CF3F7.d.F8BBC7ABDFBB867129161B34987763D2.e.781/click - {}
RESULT: {}
COMMAND: GET /session/f10bfffe94842169a26616823eaa69fd/screenshot - {}
RESULT: {}
COMMAND: POST /session/f10bfffe94842169a26616823eaa69fd/element - {"using":"xpath","value":"//bdi[contains(text(), \"OK\")]"}
RESULT: {"using":"xpath","value":"//bdi[contains(text(), \"OK\")]"}
COMMAND: POST /session/f10bfffe94842169a26616823eaa69fd/element/f.B31591FEBD8AE49568014889031CF3F7.d.F8BBC7ABDFBB867129161B34987763D2.e.782/click - {}
RESULT: {}
COMMAND: GET /session/f10bfffe94842169a26616823eaa69fd/screenshot - {}
RESULT: {}
COMMAND: POST /session/f10bfffe94842169a26616823eaa69fd/execute/async - {"script":"<script> [1562 bytes]","args":[{"selector":{"id":"application-manageyards-display-component---NewYard--addressEditDetailsCurrency-arrow"},"wdio_ui5_key":"applicationmanageyards-display-component---NewYard--addressEditDetailsCurrency-arrow"}]}
RESULT: {"script":"<script> [1562 bytes]","args":[{"selector":{"id":"application-manageyards-display-component---NewYard--addressEditDetailsCurrency-arrow"},"wdio_ui5_key":"applicationmanageyards-display-component---NewYard--addressEditDetailsCurrency-arrow"}]}
RESULT: undefined
COMMAND: POST /session/f10bfffe94842169a26616823eaa69fd/element - {"using":"xpath","value":"//*[@id=\"application-manageyards-display-component---NewYard--addressEditDetailsCurrency-arrow\"]"}
RESULT: {"using":"xpath","value":"//*[@id=\"application-manageyards-display-component---NewYard--addressEditDetailsCurrency-arrow\"]"}
COMMAND: POST /session/f10bfffe94842169a26616823eaa69fd/element/f.B31591FEBD8AE49568014889031CF3F7.d.F8BBC7ABDFBB867129161B34987763D2.e.785/click - {}
RESULT: {}
COMMAND: POST /session/f10bfffe94842169a26616823eaa69fd/element - {"using":"xpath","value":"//span[contains(text(), \"Euro\")]"}
COMMAND: GET /session/f10bfffe94842169a26616823eaa69fd/screenshot - {}
RESULT: {"using":"xpath","value":"//span[contains(text(), \"Euro\")]"}
COMMAND: POST /session/f10bfffe94842169a26616823eaa69fd/element/f.B31591FEBD8AE49568014889031CF3F7.d.F8BBC7ABDFBB867129161B34987763D2.e.786/click - {}
RESULT: {}
RESULT: {}
COMMAND: POST /session/f10bfffe94842169a26616823eaa69fd/execute/async - {"script":"<script> [1562 bytes]","args":[{"selector":{"controlType":"sap.m.Input","viewName":"etm.portal.ui.manageyards.view.New","viewId":"application-manageyards-display-component---NewYard","bindingPath":{"path":"","propertyPath":"/CONTROLLING_AREA","modelName":"NewYardModel"},"interaction":{"idSuffix":"inner"}},"wdio_ui5_key":"etmportal.ui.manageyards.view.Newsap.m.Input{\"path\":\"\",\"propertyPath\":\"/CONTROLLING_AREA\",\"modelName\":\"NewYardModel\"}"}]}
COMMAND: GET /session/f10bfffe94842169a26616823eaa69fd/screenshot - {}
RESULT: {"script":"<script> [1562 bytes]","args":[{"selector":{"controlType":"sap.m.Input","viewName":"etm.portal.ui.manageyards.view.New","viewId":"application-manageyards-display-component---NewYard","bindingPath":{"path":"","propertyPath":"/CONTROLLING_AREA","modelName":"NewYardModel"},"interaction":{"idSuffix":"inner"}},"wdio_ui5_key":"etmportal.ui.manageyards.view.Newsap.m.Input{\"path\":\"\",\"propertyPath\":\"/CONTROLLING_AREA\",\"modelName\":\"NewYardModel\"}"}]}
RESULT: undefined
COMMAND: POST /session/f10bfffe94842169a26616823eaa69fd/execute/async - {"script":"<script> [776 bytes]","args":[{"enterText":"Z001","selector":{"controlType":"sap.m.Input","viewName":"etm.portal.ui.manageyards.view.New","viewId":"application-manageyards-display-component---NewYard","bindingPath":{"path":"","propertyPath":"/CONTROLLING_AREA","modelName":"NewYardModel"},"interaction":{"idSuffix":"inner"}},"clearTextFirst":true,"interactionType":"ENTER_TEXT"}]}
RESULT: {}
RESULT: {"script":"<script> [776 bytes]","args":[{"enterText":"Z001","selector":{"controlType":"sap.m.Input","viewName":"etm.portal.ui.manageyards.view.New","viewId":"application-manageyards-display-component---NewYard","bindingPath":{"path":"","propertyPath":"/CONTROLLING_AREA","modelName":"NewYardModel"},"interaction":{"idSuffix":"inner"}},"clearTextFirst":true,"interactionType":"ENTER_TEXT"}]}
COMMAND: POST /session/f10bfffe94842169a26616823eaa69fd/execute/async - {"script":"<script> [1562 bytes]","args":[{"selector":{"id":"application-manageyards-display-component---NewYard--companyCodeComboBox","interaction":{"idSuffix":"inner"}},"wdio_ui5_key":"applicationmanageyards-display-component---NewYard--companyCodeComboBox"}]}
RESULT: {"script":"<script> [1562 bytes]","args":[{"selector":{"id":"application-manageyards-display-component---NewYard--companyCodeComboBox","interaction":{"idSuffix":"inner"}},"wdio_ui5_key":"applicationmanageyards-display-component---NewYard--companyCodeComboBox"}]}
RESULT: undefined
COMMAND: POST /session/f10bfffe94842169a26616823eaa69fd/execute/async - {"script":"<script> [776 bytes]","args":[{"enterText":"1000","selector":{"id":"application-manageyards-display-component---NewYard--companyCodeComboBox","interaction":{"idSuffix":"inner"}},"clearTextFirst":true,"interactionType":"ENTER_TEXT"}]}
RESULT: {"script":"<script> [776 bytes]","args":[{"enterText":"1000","selector":{"id":"application-manageyards-display-component---NewYard--companyCodeComboBox","interaction":{"idSuffix":"inner"}},"clearTextFirst":true,"interactionType":"ENTER_TEXT"}]}
COMMAND: POST /session/f10bfffe94842169a26616823eaa69fd/execute/async - {"script":"<script> [1562 bytes]","args":[{"selector":{"controlType":"sap.m.Input","viewName":"etm.portal.ui.manageyards.view.New","viewId":"application-manageyards-display-component---NewYard","bindingPath":{"path":"","propertyPath":"/PLANT","modelName":"NewYardModel"},"interaction":{"idSuffix":"inner"}},"wdio_ui5_key":"etmportal.ui.manageyards.view.Newsap.m.Input{\"path\":\"\",\"propertyPath\":\"/PLANT\",\"modelName\":\"NewYardModel\"}"}]}
RESULT: {"script":"<script> [1562 bytes]","args":[{"selector":{"controlType":"sap.m.Input","viewName":"etm.portal.ui.manageyards.view.New","viewId":"application-manageyards-display-component---NewYard","bindingPath":{"path":"","propertyPath":"/PLANT","modelName":"NewYardModel"},"interaction":{"idSuffix":"inner"}},"wdio_ui5_key":"etmportal.ui.manageyards.view.Newsap.m.Input{\"path\":\"\",\"propertyPath\":\"/PLANT\",\"modelName\":\"NewYardModel\"}"}]}
RESULT: undefined
COMMAND: POST /session/f10bfffe94842169a26616823eaa69fd/execute/async - {"script":"<script> [776 bytes]","args":[{"enterText":"1001","selector":{"controlType":"sap.m.Input","viewName":"etm.portal.ui.manageyards.view.New","viewId":"application-manageyards-display-component---NewYard","bindingPath":{"path":"","propertyPath":"/PLANT","modelName":"NewYardModel"},"interaction":{"idSuffix":"inner"}},"clearTextFirst":true,"interactionType":"ENTER_TEXT"}]}
RESULT: {"script":"<script> [776 bytes]","args":[{"enterText":"1001","selector":{"controlType":"sap.m.Input","viewName":"etm.portal.ui.manageyards.view.New","viewId":"application-manageyards-display-component---NewYard","bindingPath":{"path":"","propertyPath":"/PLANT","modelName":"NewYardModel"},"interaction":{"idSuffix":"inner"}},"clearTextFirst":true,"interactionType":"ENTER_TEXT"}]}
COMMAND: POST /session/f10bfffe94842169a26616823eaa69fd/execute/async - {"script":"<script> [1562 bytes]","args":[{"selector":{"controlType":"sap.m.Input","viewName":"etm.portal.ui.manageyards.view.New","viewId":"application-manageyards-display-component---NewYard","bindingPath":{"path":"","propertyPath":"/SALES_AREA_VKORG","modelName":"NewYardModel"},"interaction":{"idSuffix":"inner"}},"wdio_ui5_key":"etmportal.ui.manageyards.view.Newsap.m.Input{\"path\":\"\",\"propertyPath\":\"/SALES_AREA_VKORG\",\"modelName\":\"NewYardModel\"}"}]}
RESULT: {"script":"<script> [1562 bytes]","args":[{"selector":{"controlType":"sap.m.Input","viewName":"etm.portal.ui.manageyards.view.New","viewId":"application-manageyards-display-component---NewYard","bindingPath":{"path":"","propertyPath":"/SALES_AREA_VKORG","modelName":"NewYardModel"},"interaction":{"idSuffix":"inner"}},"wdio_ui5_key":"etmportal.ui.manageyards.view.Newsap.m.Input{\"path\":\"\",\"propertyPath\":\"/SALES_AREA_VKORG\",\"modelName\":\"NewYardModel\"}"}]}
RESULT: undefined
COMMAND: POST /session/f10bfffe94842169a26616823eaa69fd/execute/async - {"script":"<script> [776 bytes]","args":[{"enterText":"C002","selector":{"controlType":"sap.m.Input","viewName":"etm.portal.ui.manageyards.view.New","viewId":"application-manageyards-display-component---NewYard","bindingPath":{"path":"","propertyPath":"/SALES_AREA_VKORG","modelName":"NewYardModel"},"interaction":{"idSuffix":"inner"}},"clearTextFirst":true,"interactionType":"ENTER_TEXT"}]}
RESULT: {"script":"<script> [776 bytes]","args":[{"enterText":"C002","selector":{"controlType":"sap.m.Input","viewName":"etm.portal.ui.manageyards.view.New","viewId":"application-manageyards-display-component---NewYard","bindingPath":{"path":"","propertyPath":"/SALES_AREA_VKORG","modelName":"NewYardModel"},"interaction":{"idSuffix":"inner"}},"clearTextFirst":true,"interactionType":"ENTER_TEXT"}]}
COMMAND: POST /session/f10bfffe94842169a26616823eaa69fd/execute/async - {"script":"<script> [1562 bytes]","args":[{"selector":{"controlType":"sap.m.Input","viewName":"etm.portal.ui.manageyards.view.New","viewId":"application-manageyards-display-component---NewYard","bindingPath":{"path":"","propertyPath":"/SALES_AREA_VTWEG","modelName":"NewYardModel"},"interaction":{"idSuffix":"inner"}},"wdio_ui5_key":"etmportal.ui.manageyards.view.Newsap.m.Input{\"path\":\"\",\"propertyPath\":\"/SALES_AREA_VTWEG\",\"modelName\":\"NewYardModel\"}"}]}
RESULT: {"script":"<script> [1562 bytes]","args":[{"selector":{"controlType":"sap.m.Input","viewName":"etm.portal.ui.manageyards.view.New","viewId":"application-manageyards-display-component---NewYard","bindingPath":{"path":"","propertyPath":"/SALES_AREA_VTWEG","modelName":"NewYardModel"},"interaction":{"idSuffix":"inner"}},"wdio_ui5_key":"etmportal.ui.manageyards.view.Newsap.m.Input{\"path\":\"\",\"propertyPath\":\"/SALES_AREA_VTWEG\",\"modelName\":\"NewYardModel\"}"}]}
RESULT: undefined
COMMAND: POST /session/f10bfffe94842169a26616823eaa69fd/execute/async - {"script":"<script> [776 bytes]","args":[{"enterText":"C2","selector":{"controlType":"sap.m.Input","viewName":"etm.portal.ui.manageyards.view.New","viewId":"application-manageyards-display-component---NewYard","bindingPath":{"path":"","propertyPath":"/SALES_AREA_VTWEG","modelName":"NewYardModel"},"interaction":{"idSuffix":"inner"}},"clearTextFirst":true,"interactionType":"ENTER_TEXT"}]}
RESULT: {"script":"<script> [776 bytes]","args":[{"enterText":"C2","selector":{"controlType":"sap.m.Input","viewName":"etm.portal.ui.manageyards.view.New","viewId":"application-manageyards-display-component---NewYard","bindingPath":{"path":"","propertyPath":"/SALES_AREA_VTWEG","modelName":"NewYardModel"},"interaction":{"idSuffix":"inner"}},"clearTextFirst":true,"interactionType":"ENTER_TEXT"}]}
COMMAND: POST /session/f10bfffe94842169a26616823eaa69fd/execute/async - {"script":"<script> [1562 bytes]","args":[{"selector":{"controlType":"sap.m.Input","viewName":"etm.portal.ui.manageyards.view.New","viewId":"application-manageyards-display-component---NewYard","bindingPath":{"path":"","propertyPath":"/SALES_AREA_SPART","modelName":"NewYardModel"},"interaction":{"idSuffix":"inner"}},"wdio_ui5_key":"etmportal.ui.manageyards.view.Newsap.m.Input{\"path\":\"\",\"propertyPath\":\"/SALES_AREA_SPART\",\"modelName\":\"NewYardModel\"}"}]}
RESULT: {"script":"<script> [1562 bytes]","args":[{"selector":{"controlType":"sap.m.Input","viewName":"etm.portal.ui.manageyards.view.New","viewId":"application-manageyards-display-component---NewYard","bindingPath":{"path":"","propertyPath":"/SALES_AREA_SPART","modelName":"NewYardModel"},"interaction":{"idSuffix":"inner"}},"wdio_ui5_key":"etmportal.ui.manageyards.view.Newsap.m.Input{\"path\":\"\",\"propertyPath\":\"/SALES_AREA_SPART\",\"modelName\":\"NewYardModel\"}"}]}
RESULT: undefined
COMMAND: POST /session/f10bfffe94842169a26616823eaa69fd/execute/async - {"script":"<script> [776 bytes]","args":[{"enterText":"C2","selector":{"controlType":"sap.m.Input","viewName":"etm.portal.ui.manageyards.view.New","viewId":"application-manageyards-display-component---NewYard","bindingPath":{"path":"","propertyPath":"/SALES_AREA_SPART","modelName":"NewYardModel"},"interaction":{"idSuffix":"inner"}},"clearTextFirst":true,"interactionType":"ENTER_TEXT"}]}
RESULT: {"script":"<script> [776 bytes]","args":[{"enterText":"C2","selector":{"controlType":"sap.m.Input","viewName":"etm.portal.ui.manageyards.view.New","viewId":"application-manageyards-display-component---NewYard","bindingPath":{"path":"","propertyPath":"/SALES_AREA_SPART","modelName":"NewYardModel"},"interaction":{"idSuffix":"inner"}},"clearTextFirst":true,"interactionType":"ENTER_TEXT"}]}
COMMAND: POST /session/f10bfffe94842169a26616823eaa69fd/execute/async - {"script":"<script> [1562 bytes]","args":[{"selector":{"controlType":"sap.m.Input","viewName":"etm.portal.ui.manageyards.view.New","viewId":"application-manageyards-display-component---NewYard","bindingPath":{"path":"","propertyPath":"/SHIP_POINT","modelName":"NewYardModel"},"interaction":{"idSuffix":"inner"}},"wdio_ui5_key":"etmportal.ui.manageyards.view.Newsap.m.Input{\"path\":\"\",\"propertyPath\":\"/SHIP_POINT\",\"modelName\":\"NewYardModel\"}"}]}
RESULT: {"script":"<script> [1562 bytes]","args":[{"selector":{"controlType":"sap.m.Input","viewName":"etm.portal.ui.manageyards.view.New","viewId":"application-manageyards-display-component---NewYard","bindingPath":{"path":"","propertyPath":"/SHIP_POINT","modelName":"NewYardModel"},"interaction":{"idSuffix":"inner"}},"wdio_ui5_key":"etmportal.ui.manageyards.view.Newsap.m.Input{\"path\":\"\",\"propertyPath\":\"/SHIP_POINT\",\"modelName\":\"NewYardModel\"}"}]}
RESULT: undefined
COMMAND: POST /session/f10bfffe94842169a26616823eaa69fd/execute/async - {"script":"<script> [776 bytes]","args":[{"enterText":"1710","selector":{"controlType":"sap.m.Input","viewName":"etm.portal.ui.manageyards.view.New","viewId":"application-manageyards-display-component---NewYard","bindingPath":{"path":"","propertyPath":"/SHIP_POINT","modelName":"NewYardModel"},"interaction":{"idSuffix":"inner"}},"clearTextFirst":true,"interactionType":"ENTER_TEXT"}]}
RESULT: {"script":"<script> [776 bytes]","args":[{"enterText":"1710","selector":{"controlType":"sap.m.Input","viewName":"etm.portal.ui.manageyards.view.New","viewId":"application-manageyards-display-component---NewYard","bindingPath":{"path":"","propertyPath":"/SHIP_POINT","modelName":"NewYardModel"},"interaction":{"idSuffix":"inner"}},"clearTextFirst":true,"interactionType":"ENTER_TEXT"}]}
COMMAND: POST /session/f10bfffe94842169a26616823eaa69fd/execute/async - {"script":"<script> [1562 bytes]","args":[{"selector":{"controlType":"sap.m.Input","viewName":"etm.portal.ui.manageyards.view.New","viewId":"application-manageyards-display-component---NewYard","bindingPath":{"path":"","propertyPath":"/DELIVERY_TYPE","modelName":"NewYardModel"},"interaction":{"idSuffix":"inner"}},"wdio_ui5_key":"etmportal.ui.manageyards.view.Newsap.m.Input{\"path\":\"\",\"propertyPath\":\"/DELIVERY_TYPE\",\"modelName\":\"NewYardModel\"}"}]}
RESULT: {"script":"<script> [1562 bytes]","args":[{"selector":{"controlType":"sap.m.Input","viewName":"etm.portal.ui.manageyards.view.New","viewId":"application-manageyards-display-component---NewYard","bindingPath":{"path":"","propertyPath":"/DELIVERY_TYPE","modelName":"NewYardModel"},"interaction":{"idSuffix":"inner"}},"wdio_ui5_key":"etmportal.ui.manageyards.view.Newsap.m.Input{\"path\":\"\",\"propertyPath\":\"/DELIVERY_TYPE\",\"modelName\":\"NewYardModel\"}"}]}
RESULT: undefined
COMMAND: POST /session/f10bfffe94842169a26616823eaa69fd/execute/async - {"script":"<script> [776 bytes]","args":[{"enterText":"ZL01","selector":{"controlType":"sap.m.Input","viewName":"etm.portal.ui.manageyards.view.New","viewId":"application-manageyards-display-component---NewYard","bindingPath":{"path":"","propertyPath":"/DELIVERY_TYPE","modelName":"NewYardModel"},"interaction":{"idSuffix":"inner"}},"clearTextFirst":true,"interactionType":"ENTER_TEXT"}]}
RESULT: {"script":"<script> [776 bytes]","args":[{"enterText":"ZL01","selector":{"controlType":"sap.m.Input","viewName":"etm.portal.ui.manageyards.view.New","viewId":"application-manageyards-display-component---NewYard","bindingPath":{"path":"","propertyPath":"/DELIVERY_TYPE","modelName":"NewYardModel"},"interaction":{"idSuffix":"inner"}},"clearTextFirst":true,"interactionType":"ENTER_TEXT"}]}
COMMAND: POST /session/f10bfffe94842169a26616823eaa69fd/execute/async - {"script":"<script> [1562 bytes]","args":[{"selector":{"controlType":"sap.m.Input","viewName":"etm.portal.ui.manageyards.view.New","viewId":"application-manageyards-display-component---NewYard","bindingPath":{"path":"","propertyPath":"/AUART","modelName":"NewYardModel"},"interaction":{"idSuffix":"inner"}},"wdio_ui5_key":"etmportal.ui.manageyards.view.Newsap.m.Input{\"path\":\"\",\"propertyPath\":\"/AUART\",\"modelName\":\"NewYardModel\"}"}]}
RESULT: {"script":"<script> [1562 bytes]","args":[{"selector":{"controlType":"sap.m.Input","viewName":"etm.portal.ui.manageyards.view.New","viewId":"application-manageyards-display-component---NewYard","bindingPath":{"path":"","propertyPath":"/AUART","modelName":"NewYardModel"},"interaction":{"idSuffix":"inner"}},"wdio_ui5_key":"etmportal.ui.manageyards.view.Newsap.m.Input{\"path\":\"\",\"propertyPath\":\"/AUART\",\"modelName\":\"NewYardModel\"}"}]}
RESULT: undefined
COMMAND: POST /session/f10bfffe94842169a26616823eaa69fd/execute/async - {"script":"<script> [776 bytes]","args":[{"enterText":"TA","selector":{"controlType":"sap.m.Input","viewName":"etm.portal.ui.manageyards.view.New","viewId":"application-manageyards-display-component---NewYard","bindingPath":{"path":"","propertyPath":"/AUART","modelName":"NewYardModel"},"interaction":{"idSuffix":"inner"}},"clearTextFirst":true,"interactionType":"ENTER_TEXT"}]}
RESULT: {"script":"<script> [776 bytes]","args":[{"enterText":"TA","selector":{"controlType":"sap.m.Input","viewName":"etm.portal.ui.manageyards.view.New","viewId":"application-manageyards-display-component---NewYard","bindingPath":{"path":"","propertyPath":"/AUART","modelName":"NewYardModel"},"interaction":{"idSuffix":"inner"}},"clearTextFirst":true,"interactionType":"ENTER_TEXT"}]}
COMMAND: POST /session/f10bfffe94842169a26616823eaa69fd/element - {"using":"xpath","value":"//button[@data-kt=\"newYardSaveButton\"]"}
RESULT: {"using":"xpath","value":"//button[@data-kt=\"newYardSaveButton\"]"}
COMMAND: POST /session/f10bfffe94842169a26616823eaa69fd/element/f.B31591FEBD8AE49568014889031CF3F7.d.F8BBC7ABDFBB867129161B34987763D2.e.713/click - {}
RESULT: {}
COMMAND: GET /session/f10bfffe94842169a26616823eaa69fd/screenshot - {}
COMMAND: POST /session/f10bfffe94842169a26616823eaa69fd/element - {"using":"xpath","value":"//header[contains(@id, 'ObjectPageLayout-headerTitle')]/div[1]/div[2]/div[1]/span[1]"}
RESULT: {}
RESULT: {"using":"xpath","value":"//header[contains(@id, 'ObjectPageLayout-headerTitle')]/div[1]/div[2]/div[1]/span[1]"}
COMMAND: POST /session/f10bfffe94842169a26616823eaa69fd/elements - {"using":"xpath","value":"//header[contains(@id, 'ObjectPageLayout-headerTitle')]/div[1]/div[2]/div[1]/span[1]"}
RESULT: {"using":"xpath","value":"//header[contains(@id, 'ObjectPageLayout-headerTitle')]/div[1]/div[2]/div[1]/span[1]"}
COMMAND: POST /session/f10bfffe94842169a26616823eaa69fd/execute/sync - {"script":"<script> [56 bytes]","args":[{"element-6066-11e4-a52e-4f735466cecf":"f.B31591FEBD8AE49568014889031CF3F7.d.F8BBC7ABDFBB867129161B34987763D2.e.1011","ELEMENT":"f.B31591FEBD8AE49568014889031CF3F7.d.F8BBC7ABDFBB867129161B34987763D2.e.1011"}]}
RESULT: {"script":"<script> [56 bytes]","args":[{"element-6066-11e4-a52e-4f735466cecf":"f.B31591FEBD8AE49568014889031CF3F7.d.F8BBC7ABDFBB867129161B34987763D2.e.1011","ELEMENT":"f.B31591FEBD8AE49568014889031CF3F7.d.F8BBC7ABDFBB867129161B34987763D2.e.1011"}]}
COMMAND: GET /session/f10bfffe94842169a26616823eaa69fd/screenshot - {}
RESULT: {}
COMMAND: POST /session/f10bfffe94842169a26616823eaa69fd/element - {"using":"css selector","value":"#shell-header-logo"}
RESULT: {"using":"css selector","value":"#shell-header-logo"}
COMMAND: POST /session/f10bfffe94842169a26616823eaa69fd/element/f.B31591FEBD8AE49568014889031CF3F7.d.F8BBC7ABDFBB867129161B34987763D2.e.266/click - {}
RESULT: {}
COMMAND: GET /session/f10bfffe94842169a26616823eaa69fd/screenshot - {}
RESULT: {}
COMMAND: POST /session/f10bfffe94842169a26616823eaa69fd/execute/sync - {"script":"<script> [299 bytes]","args":[["getModel","getResource"]]}
RESULT: {"script":"<script> [299 bytes]","args":[["getModel","getResource"]]}
COMMAND: GET /session/f10bfffe94842169a26616823eaa69fd/screenshot - {}
]]></system-out>
    </testcase>
    <testcase classname="chrome.135_0_7049_42.windows.Billing_confirm_US117289" name="Should create a new partner" time="131.248">
      <system-out><![CDATA[
COMMAND: POST /session/f10bfffe94842169a26616823eaa69fd/window/fullscreen - {}
RESULT: {}
RESULT: {}
COMMAND: POST /session/f10bfffe94842169a26616823eaa69fd/execute/async - {"script":"<script> [1562 bytes]","args":[{"selector":{"controlType":"sap.m.GenericTile","properties":{"header":"Manage Partners"}},"wdio_ui5_key":"sapm.GenericTile{\"header\":\"Manage Partners\"}"}]}
RESULT: {"script":"<script> [1562 bytes]","args":[{"selector":{"controlType":"sap.m.GenericTile","properties":{"header":"Manage Partners"}},"wdio_ui5_key":"sapm.GenericTile{\"header\":\"Manage Partners\"}"}]}
RESULT: undefined
COMMAND: POST /session/f10bfffe94842169a26616823eaa69fd/element - {"using":"xpath","value":"//*[@id=\"__tile38\"]"}
RESULT: {"using":"xpath","value":"//*[@id=\"__tile38\"]"}
COMMAND: POST /session/f10bfffe94842169a26616823eaa69fd/element/f.B31591FEBD8AE49568014889031CF3F7.d.F8BBC7ABDFBB867129161B34987763D2.e.153/click - {}
RESULT: {}
COMMAND: POST /session/f10bfffe94842169a26616823eaa69fd/element - {"using":"xpath","value":"//button[@data-kt=\"addButton\"]"}
COMMAND: GET /session/f10bfffe94842169a26616823eaa69fd/screenshot - {}
RESULT: {"using":"xpath","value":"//button[@data-kt=\"addButton\"]"}
COMMAND: POST /session/f10bfffe94842169a26616823eaa69fd/elements - {"using":"xpath","value":"//button[@data-kt=\"addButton\"]"}
RESULT: {}
RESULT: {"using":"xpath","value":"//button[@data-kt=\"addButton\"]"}
COMMAND: POST /session/f10bfffe94842169a26616823eaa69fd/elements - {"using":"xpath","value":"//button[@data-kt=\"addButton\"]"}
RESULT: {"using":"xpath","value":"//button[@data-kt=\"addButton\"]"}
COMMAND: POST /session/f10bfffe94842169a26616823eaa69fd/elements - {"using":"xpath","value":"//button[@data-kt=\"addButton\"]"}
RESULT: {"using":"xpath","value":"//button[@data-kt=\"addButton\"]"}
COMMAND: POST /session/f10bfffe94842169a26616823eaa69fd/elements - {"using":"xpath","value":"//button[@data-kt=\"addButton\"]"}
RESULT: {"using":"xpath","value":"//button[@data-kt=\"addButton\"]"}
COMMAND: POST /session/f10bfffe94842169a26616823eaa69fd/elements - {"using":"xpath","value":"//button[@data-kt=\"addButton\"]"}
RESULT: {"using":"xpath","value":"//button[@data-kt=\"addButton\"]"}
COMMAND: POST /session/f10bfffe94842169a26616823eaa69fd/elements - {"using":"xpath","value":"//button[@data-kt=\"addButton\"]"}
RESULT: {"using":"xpath","value":"//button[@data-kt=\"addButton\"]"}
COMMAND: POST /session/f10bfffe94842169a26616823eaa69fd/elements - {"using":"xpath","value":"//button[@data-kt=\"addButton\"]"}
RESULT: {"using":"xpath","value":"//button[@data-kt=\"addButton\"]"}
COMMAND: POST /session/f10bfffe94842169a26616823eaa69fd/elements - {"using":"xpath","value":"//button[@data-kt=\"addButton\"]"}
RESULT: {"using":"xpath","value":"//button[@data-kt=\"addButton\"]"}
COMMAND: POST /session/f10bfffe94842169a26616823eaa69fd/elements - {"using":"xpath","value":"//button[@data-kt=\"addButton\"]"}
RESULT: {"using":"xpath","value":"//button[@data-kt=\"addButton\"]"}
COMMAND: POST /session/f10bfffe94842169a26616823eaa69fd/elements - {"using":"xpath","value":"//button[@data-kt=\"addButton\"]"}
RESULT: {"using":"xpath","value":"//button[@data-kt=\"addButton\"]"}
COMMAND: POST /session/f10bfffe94842169a26616823eaa69fd/elements - {"using":"xpath","value":"//button[@data-kt=\"addButton\"]"}
RESULT: {"using":"xpath","value":"//button[@data-kt=\"addButton\"]"}
COMMAND: POST /session/f10bfffe94842169a26616823eaa69fd/elements - {"using":"xpath","value":"//button[@data-kt=\"addButton\"]"}
RESULT: {"using":"xpath","value":"//button[@data-kt=\"addButton\"]"}
COMMAND: POST /session/f10bfffe94842169a26616823eaa69fd/elements - {"using":"xpath","value":"//button[@data-kt=\"addButton\"]"}
RESULT: {"using":"xpath","value":"//button[@data-kt=\"addButton\"]"}
COMMAND: POST /session/f10bfffe94842169a26616823eaa69fd/elements - {"using":"xpath","value":"//button[@data-kt=\"addButton\"]"}
RESULT: {"using":"xpath","value":"//button[@data-kt=\"addButton\"]"}
COMMAND: POST /session/f10bfffe94842169a26616823eaa69fd/elements - {"using":"xpath","value":"//button[@data-kt=\"addButton\"]"}
RESULT: {"using":"xpath","value":"//button[@data-kt=\"addButton\"]"}
COMMAND: POST /session/f10bfffe94842169a26616823eaa69fd/elements - {"using":"xpath","value":"//button[@data-kt=\"addButton\"]"}
RESULT: {"using":"xpath","value":"//button[@data-kt=\"addButton\"]"}
COMMAND: POST /session/f10bfffe94842169a26616823eaa69fd/elements - {"using":"xpath","value":"//button[@data-kt=\"addButton\"]"}
RESULT: {"using":"xpath","value":"//button[@data-kt=\"addButton\"]"}
COMMAND: POST /session/f10bfffe94842169a26616823eaa69fd/elements - {"using":"xpath","value":"//button[@data-kt=\"addButton\"]"}
RESULT: {"using":"xpath","value":"//button[@data-kt=\"addButton\"]"}
COMMAND: POST /session/f10bfffe94842169a26616823eaa69fd/elements - {"using":"xpath","value":"//button[@data-kt=\"addButton\"]"}
RESULT: {"using":"xpath","value":"//button[@data-kt=\"addButton\"]"}
COMMAND: POST /session/f10bfffe94842169a26616823eaa69fd/elements - {"using":"xpath","value":"//button[@data-kt=\"addButton\"]"}
RESULT: {"using":"xpath","value":"//button[@data-kt=\"addButton\"]"}
COMMAND: POST /session/f10bfffe94842169a26616823eaa69fd/elements - {"using":"xpath","value":"//button[@data-kt=\"addButton\"]"}
RESULT: {"using":"xpath","value":"//button[@data-kt=\"addButton\"]"}
COMMAND: POST /session/f10bfffe94842169a26616823eaa69fd/elements - {"using":"xpath","value":"//button[@data-kt=\"addButton\"]"}
RESULT: {"using":"xpath","value":"//button[@data-kt=\"addButton\"]"}
COMMAND: POST /session/f10bfffe94842169a26616823eaa69fd/elements - {"using":"xpath","value":"//button[@data-kt=\"addButton\"]"}
RESULT: {"using":"xpath","value":"//button[@data-kt=\"addButton\"]"}
COMMAND: POST /session/f10bfffe94842169a26616823eaa69fd/elements - {"using":"xpath","value":"//button[@data-kt=\"addButton\"]"}
RESULT: {"using":"xpath","value":"//button[@data-kt=\"addButton\"]"}
COMMAND: POST /session/f10bfffe94842169a26616823eaa69fd/element - {"using":"xpath","value":"//button[@data-kt=\"addButton\"]"}
RESULT: {"using":"xpath","value":"//button[@data-kt=\"addButton\"]"}
COMMAND: POST /session/f10bfffe94842169a26616823eaa69fd/execute/sync - {"script":"<script> [8489 bytes]","args":[{"element-6066-11e4-a52e-4f735466cecf":"f.B31591FEBD8AE49568014889031CF3F7.d.F8BBC7ABDFBB867129161B34987763D2.e.1048","ELEMENT":"f.B31591FEBD8AE49568014889031CF3F7.d.F8BBC7ABDFBB867129161B34987763D2.e.1048"}]}
RESULT: {"script":"<script> [8489 bytes]","args":[{"element-6066-11e4-a52e-4f735466cecf":"f.B31591FEBD8AE49568014889031CF3F7.d.F8BBC7ABDFBB867129161B34987763D2.e.1048","ELEMENT":"f.B31591FEBD8AE49568014889031CF3F7.d.F8BBC7ABDFBB867129161B34987763D2.e.1048"}]}
COMMAND: GET /session/f10bfffe94842169a26616823eaa69fd/element/f.B31591FEBD8AE49568014889031CF3F7.d.F8BBC7ABDFBB867129161B34987763D2.e.1048/enabled - {}
COMMAND: GET /session/f10bfffe94842169a26616823eaa69fd/screenshot - {}
RESULT: {}
COMMAND: POST /session/f10bfffe94842169a26616823eaa69fd/execute/sync - {"script":"<script> [8489 bytes]","args":[{"element-6066-11e4-a52e-4f735466cecf":"f.B31591FEBD8AE49568014889031CF3F7.d.F8BBC7ABDFBB867129161B34987763D2.e.1048","ELEMENT":"f.B31591FEBD8AE49568014889031CF3F7.d.F8BBC7ABDFBB867129161B34987763D2.e.1048"}]}
COMMAND: GET /session/f10bfffe94842169a26616823eaa69fd/screenshot - {}
RESULT: {}
RESULT: {"script":"<script> [8489 bytes]","args":[{"element-6066-11e4-a52e-4f735466cecf":"f.B31591FEBD8AE49568014889031CF3F7.d.F8BBC7ABDFBB867129161B34987763D2.e.1048","ELEMENT":"f.B31591FEBD8AE49568014889031CF3F7.d.F8BBC7ABDFBB867129161B34987763D2.e.1048"}]}
COMMAND: POST /session/f10bfffe94842169a26616823eaa69fd/execute/sync - {"script":"<script> [5351 bytes]","args":[{"element-6066-11e4-a52e-4f735466cecf":"f.B31591FEBD8AE49568014889031CF3F7.d.F8BBC7ABDFBB867129161B34987763D2.e.1048","ELEMENT":"f.B31591FEBD8AE49568014889031CF3F7.d.F8BBC7ABDFBB867129161B34987763D2.e.1048"}]}
COMMAND: GET /session/f10bfffe94842169a26616823eaa69fd/screenshot - {}
RESULT: {}
RESULT: {"script":"<script> [5351 bytes]","args":[{"element-6066-11e4-a52e-4f735466cecf":"f.B31591FEBD8AE49568014889031CF3F7.d.F8BBC7ABDFBB867129161B34987763D2.e.1048","ELEMENT":"f.B31591FEBD8AE49568014889031CF3F7.d.F8BBC7ABDFBB867129161B34987763D2.e.1048"}]}
COMMAND: POST /session/f10bfffe94842169a26616823eaa69fd/element/f.B31591FEBD8AE49568014889031CF3F7.d.F8BBC7ABDFBB867129161B34987763D2.e.1048/click - {}
COMMAND: GET /session/f10bfffe94842169a26616823eaa69fd/screenshot - {}
RESULT: {}
RESULT: {}
COMMAND: GET /session/f10bfffe94842169a26616823eaa69fd/screenshot - {}
COMMAND: POST /session/f10bfffe94842169a26616823eaa69fd/execute/async - {"script":"<script> [1562 bytes]","args":[{"selector":{"id":"application-managepartners-display-component---NewPartner--addressDetailDetailsName1","interaction":{"idSuffix":"inner"}},"wdio_ui5_key":"applicationmanagepartners-display-component---NewPartner--addressDetailDetailsName1"}]}
RESULT: {}
RESULT: {}
RESULT: {"script":"<script> [1562 bytes]","args":[{"selector":{"id":"application-managepartners-display-component---NewPartner--addressDetailDetailsName1","interaction":{"idSuffix":"inner"}},"wdio_ui5_key":"applicationmanagepartners-display-component---NewPartner--addressDetailDetailsName1"}]}
RESULT: undefined
COMMAND: POST /session/f10bfffe94842169a26616823eaa69fd/execute/async - {"script":"<script> [776 bytes]","args":[{"enterText":"Intracompany Partner WDIO","selector":{"id":"application-managepartners-display-component---NewPartner--addressDetailDetailsName1","interaction":{"idSuffix":"inner"}},"clearTextFirst":true,"interactionType":"ENTER_TEXT"}]}
RESULT: {"script":"<script> [776 bytes]","args":[{"enterText":"Intracompany Partner WDIO","selector":{"id":"application-managepartners-display-component---NewPartner--addressDetailDetailsName1","interaction":{"idSuffix":"inner"}},"clearTextFirst":true,"interactionType":"ENTER_TEXT"}]}
COMMAND: POST /session/f10bfffe94842169a26616823eaa69fd/execute/async - {"script":"<script> [1562 bytes]","args":[{"selector":{"id":"application-managepartners-display-component---NewPartner--addressDetailDetailsLanguage-arrow"},"wdio_ui5_key":"applicationmanagepartners-display-component---NewPartner--addressDetailDetailsLanguage-arrow"}]}
RESULT: {"script":"<script> [1562 bytes]","args":[{"selector":{"id":"application-managepartners-display-component---NewPartner--addressDetailDetailsLanguage-arrow"},"wdio_ui5_key":"applicationmanagepartners-display-component---NewPartner--addressDetailDetailsLanguage-arrow"}]}
RESULT: undefined
COMMAND: POST /session/f10bfffe94842169a26616823eaa69fd/element - {"using":"xpath","value":"//*[@id=\"application-managepartners-display-component---NewPartner--addressDetailDetailsLanguage-arrow\"]"}
RESULT: {"using":"xpath","value":"//*[@id=\"application-managepartners-display-component---NewPartner--addressDetailDetailsLanguage-arrow\"]"}
COMMAND: POST /session/f10bfffe94842169a26616823eaa69fd/element/f.B31591FEBD8AE49568014889031CF3F7.d.F8BBC7ABDFBB867129161B34987763D2.e.1500/click - {}
RESULT: {}
COMMAND: POST /session/f10bfffe94842169a26616823eaa69fd/element - {"using":"xpath","value":"//span[contains(text(), \"English\")]"}
COMMAND: GET /session/f10bfffe94842169a26616823eaa69fd/screenshot - {}
RESULT: {"using":"xpath","value":"//span[contains(text(), \"English\")]"}
COMMAND: POST /session/f10bfffe94842169a26616823eaa69fd/element/f.B31591FEBD8AE49568014889031CF3F7.d.F8BBC7ABDFBB867129161B34987763D2.e.1501/click - {}
RESULT: {}
RESULT: {}
COMMAND: GET /session/f10bfffe94842169a26616823eaa69fd/screenshot - {}
RESULT: {}
COMMAND: POST /session/f10bfffe94842169a26616823eaa69fd/execute/async - {"script":"<script> [1562 bytes]","args":[{"selector":{"id":"application-managepartners-display-component---NewPartner--addressDetailDetailsCity1","interaction":{"idSuffix":"inner"}},"wdio_ui5_key":"applicationmanagepartners-display-component---NewPartner--addressDetailDetailsCity1"}]}
RESULT: {"script":"<script> [1562 bytes]","args":[{"selector":{"id":"application-managepartners-display-component---NewPartner--addressDetailDetailsCity1","interaction":{"idSuffix":"inner"}},"wdio_ui5_key":"applicationmanagepartners-display-component---NewPartner--addressDetailDetailsCity1"}]}
RESULT: undefined
COMMAND: POST /session/f10bfffe94842169a26616823eaa69fd/execute/async - {"script":"<script> [776 bytes]","args":[{"enterText":"Rosario","selector":{"id":"application-managepartners-display-component---NewPartner--addressDetailDetailsCity1","interaction":{"idSuffix":"inner"}},"clearTextFirst":true,"interactionType":"ENTER_TEXT"}]}
RESULT: {"script":"<script> [776 bytes]","args":[{"enterText":"Rosario","selector":{"id":"application-managepartners-display-component---NewPartner--addressDetailDetailsCity1","interaction":{"idSuffix":"inner"}},"clearTextFirst":true,"interactionType":"ENTER_TEXT"}]}
COMMAND: POST /session/f10bfffe94842169a26616823eaa69fd/execute/async - {"script":"<script> [1562 bytes]","args":[{"selector":{"id":"application-managepartners-display-component---NewPartner--addressDetailDetailsCountry-arrow"},"wdio_ui5_key":"applicationmanagepartners-display-component---NewPartner--addressDetailDetailsCountry-arrow"}]}
RESULT: {"script":"<script> [1562 bytes]","args":[{"selector":{"id":"application-managepartners-display-component---NewPartner--addressDetailDetailsCountry-arrow"},"wdio_ui5_key":"applicationmanagepartners-display-component---NewPartner--addressDetailDetailsCountry-arrow"}]}
RESULT: undefined
COMMAND: POST /session/f10bfffe94842169a26616823eaa69fd/element - {"using":"xpath","value":"//*[@id=\"application-managepartners-display-component---NewPartner--addressDetailDetailsCountry-arrow\"]"}
RESULT: {"using":"xpath","value":"//*[@id=\"application-managepartners-display-component---NewPartner--addressDetailDetailsCountry-arrow\"]"}
COMMAND: POST /session/f10bfffe94842169a26616823eaa69fd/element/f.B31591FEBD8AE49568014889031CF3F7.d.F8BBC7ABDFBB867129161B34987763D2.e.1483/click - {}
RESULT: {}
COMMAND: POST /session/f10bfffe94842169a26616823eaa69fd/element - {"using":"xpath","value":"//span[contains(text(), \"Argentina\")]"}
COMMAND: GET /session/f10bfffe94842169a26616823eaa69fd/screenshot - {}
RESULT: {"using":"xpath","value":"//span[contains(text(), \"Argentina\")]"}
COMMAND: POST /session/f10bfffe94842169a26616823eaa69fd/element/f.B31591FEBD8AE49568014889031CF3F7.d.F8BBC7ABDFBB867129161B34987763D2.e.1503/click - {}
RESULT: {}
RESULT: {}
COMMAND: GET /session/f10bfffe94842169a26616823eaa69fd/screenshot - {}
RESULT: {}
COMMAND: POST /session/f10bfffe94842169a26616823eaa69fd/element - {"using":"xpath","value":"//bdi[contains(text(), \"Commercial\")]"}
RESULT: {"using":"xpath","value":"//bdi[contains(text(), \"Commercial\")]"}
COMMAND: POST /session/f10bfffe94842169a26616823eaa69fd/element/f.B31591FEBD8AE49568014889031CF3F7.d.F8BBC7ABDFBB867129161B34987763D2.e.1504/click - {}
RESULT: {}
COMMAND: GET /session/f10bfffe94842169a26616823eaa69fd/screenshot - {}
RESULT: {}
COMMAND: POST /session/f10bfffe94842169a26616823eaa69fd/execute/async - {"script":"<script> [1562 bytes]","args":[{"selector":{"id":"application-managepartners-display-component---NewPartner--partnerDetailInternal-arrow"},"wdio_ui5_key":"applicationmanagepartners-display-component---NewPartner--partnerDetailInternal-arrow"}]}
RESULT: {"script":"<script> [1562 bytes]","args":[{"selector":{"id":"application-managepartners-display-component---NewPartner--partnerDetailInternal-arrow"},"wdio_ui5_key":"applicationmanagepartners-display-component---NewPartner--partnerDetailInternal-arrow"}]}
RESULT: undefined
COMMAND: POST /session/f10bfffe94842169a26616823eaa69fd/element - {"using":"xpath","value":"//*[@id=\"application-managepartners-display-component---NewPartner--partnerDetailInternal-arrow\"]"}
RESULT: {"using":"xpath","value":"//*[@id=\"application-managepartners-display-component---NewPartner--partnerDetailInternal-arrow\"]"}
COMMAND: POST /session/f10bfffe94842169a26616823eaa69fd/element/f.B31591FEBD8AE49568014889031CF3F7.d.F8BBC7ABDFBB867129161B34987763D2.e.1512/click - {}
RESULT: {}
COMMAND: POST /session/f10bfffe94842169a26616823eaa69fd/element - {"using":"xpath","value":"//span[contains(text(), \"Affiliated company\")]"}
COMMAND: GET /session/f10bfffe94842169a26616823eaa69fd/screenshot - {}
RESULT: {"using":"xpath","value":"//span[contains(text(), \"Affiliated company\")]"}
COMMAND: POST /session/f10bfffe94842169a26616823eaa69fd/element/f.B31591FEBD8AE49568014889031CF3F7.d.F8BBC7ABDFBB867129161B34987763D2.e.1513/click - {}
RESULT: {}
RESULT: {}
COMMAND: POST /session/f10bfffe94842169a26616823eaa69fd/execute/async - {"script":"<script> [1562 bytes]","args":[{"selector":{"id":"application-managepartners-display-component---NewPartner--partnerDetailsCurrency-arrow"},"wdio_ui5_key":"applicationmanagepartners-display-component---NewPartner--partnerDetailsCurrency-arrow"}]}
COMMAND: GET /session/f10bfffe94842169a26616823eaa69fd/screenshot - {}
RESULT: {"script":"<script> [1562 bytes]","args":[{"selector":{"id":"application-managepartners-display-component---NewPartner--partnerDetailsCurrency-arrow"},"wdio_ui5_key":"applicationmanagepartners-display-component---NewPartner--partnerDetailsCurrency-arrow"}]}
RESULT: undefined
COMMAND: POST /session/f10bfffe94842169a26616823eaa69fd/element - {"using":"xpath","value":"//*[@id=\"application-managepartners-display-component---NewPartner--partnerDetailsCurrency-arrow\"]"}
RESULT: {}
RESULT: {"using":"xpath","value":"//*[@id=\"application-managepartners-display-component---NewPartner--partnerDetailsCurrency-arrow\"]"}
COMMAND: POST /session/f10bfffe94842169a26616823eaa69fd/element/f.B31591FEBD8AE49568014889031CF3F7.d.F8BBC7ABDFBB867129161B34987763D2.e.1520/click - {}
RESULT: {}
COMMAND: POST /session/f10bfffe94842169a26616823eaa69fd/element - {"using":"xpath","value":"//span[contains(text(), \"Euro\")]"}
COMMAND: GET /session/f10bfffe94842169a26616823eaa69fd/screenshot - {}
RESULT: {"using":"xpath","value":"//span[contains(text(), \"Euro\")]"}
COMMAND: POST /session/f10bfffe94842169a26616823eaa69fd/element/f.B31591FEBD8AE49568014889031CF3F7.d.F8BBC7ABDFBB867129161B34987763D2.e.1521/click - {}
RESULT: {}
RESULT: {}
COMMAND: POST /session/f10bfffe94842169a26616823eaa69fd/execute/async - {"script":"<script> [1562 bytes]","args":[{"selector":{"id":"application-managepartners-display-component---NewPartner--addressEditDetailsCostObjectCstType-arrow"},"wdio_ui5_key":"applicationmanagepartners-display-component---NewPartner--addressEditDetailsCostObjectCstType-arrow"}]}
COMMAND: GET /session/f10bfffe94842169a26616823eaa69fd/screenshot - {}
RESULT: {"script":"<script> [1562 bytes]","args":[{"selector":{"id":"application-managepartners-display-component---NewPartner--addressEditDetailsCostObjectCstType-arrow"},"wdio_ui5_key":"applicationmanagepartners-display-component---NewPartner--addressEditDetailsCostObjectCstType-arrow"}]}
RESULT: undefined
COMMAND: POST /session/f10bfffe94842169a26616823eaa69fd/element - {"using":"xpath","value":"//*[@id=\"application-managepartners-display-component---NewPartner--addressEditDetailsCostObjectCstType-arrow\"]"}
RESULT: {}
RESULT: {"using":"xpath","value":"//*[@id=\"application-managepartners-display-component---NewPartner--addressEditDetailsCostObjectCstType-arrow\"]"}
COMMAND: POST /session/f10bfffe94842169a26616823eaa69fd/element/f.B31591FEBD8AE49568014889031CF3F7.d.F8BBC7ABDFBB867129161B34987763D2.e.1522/click - {}
RESULT: {}
COMMAND: POST /session/f10bfffe94842169a26616823eaa69fd/element - {"using":"xpath","value":"//span[contains(text(), \"Cost Center\")]"}
COMMAND: GET /session/f10bfffe94842169a26616823eaa69fd/screenshot - {}
RESULT: {"using":"xpath","value":"//span[contains(text(), \"Cost Center\")]"}
COMMAND: POST /session/f10bfffe94842169a26616823eaa69fd/element/f.B31591FEBD8AE49568014889031CF3F7.d.F8BBC7ABDFBB867129161B34987763D2.e.1523/click - {}
RESULT: {}
RESULT: {}
COMMAND: GET /session/f10bfffe94842169a26616823eaa69fd/screenshot - {}
RESULT: {}
COMMAND: POST /session/f10bfffe94842169a26616823eaa69fd/element - {"using":"xpath","value":"//span[@id=\"application-managepartners-display-component---NewPartner--addressNewCostObjectCstID-vhi\"]"}
RESULT: {"using":"xpath","value":"//span[@id=\"application-managepartners-display-component---NewPartner--addressNewCostObjectCstID-vhi\"]"}
COMMAND: POST /session/f10bfffe94842169a26616823eaa69fd/execute/sync - {"script":"<script> [8489 bytes]","args":[{"element-6066-11e4-a52e-4f735466cecf":"f.B31591FEBD8AE49568014889031CF3F7.d.F8BBC7ABDFBB867129161B34987763D2.e.1526","ELEMENT":"f.B31591FEBD8AE49568014889031CF3F7.d.F8BBC7ABDFBB867129161B34987763D2.e.1526"}]}
RESULT: {"script":"<script> [8489 bytes]","args":[{"element-6066-11e4-a52e-4f735466cecf":"f.B31591FEBD8AE49568014889031CF3F7.d.F8BBC7ABDFBB867129161B34987763D2.e.1526","ELEMENT":"f.B31591FEBD8AE49568014889031CF3F7.d.F8BBC7ABDFBB867129161B34987763D2.e.1526"}]}
COMMAND: POST /session/f10bfffe94842169a26616823eaa69fd/execute/async - {"script":"<script> [1562 bytes]","args":[{"selector":{"id":"application-managepartners-display-component---NewPartner--addressNewCostObjectCstID-vhi"},"wdio_ui5_key":"applicationmanagepartners-display-component---NewPartner--addressNewCostObjectCstID-vhi"}]}
COMMAND: GET /session/f10bfffe94842169a26616823eaa69fd/screenshot - {}
RESULT: {"script":"<script> [1562 bytes]","args":[{"selector":{"id":"application-managepartners-display-component---NewPartner--addressNewCostObjectCstID-vhi"},"wdio_ui5_key":"applicationmanagepartners-display-component---NewPartner--addressNewCostObjectCstID-vhi"}]}
RESULT: undefined
COMMAND: POST /session/f10bfffe94842169a26616823eaa69fd/element - {"using":"xpath","value":"//*[@id=\"application-managepartners-display-component---NewPartner--addressNewCostObjectCstID-vhi\"]"}
RESULT: {}
RESULT: {"using":"xpath","value":"//*[@id=\"application-managepartners-display-component---NewPartner--addressNewCostObjectCstID-vhi\"]"}
COMMAND: POST /session/f10bfffe94842169a26616823eaa69fd/element/f.B31591FEBD8AE49568014889031CF3F7.d.F8BBC7ABDFBB867129161B34987763D2.e.1526/click - {}
RESULT: {}
COMMAND: GET /session/f10bfffe94842169a26616823eaa69fd/screenshot - {}
RESULT: {}
RESULT: undefined
COMMAND: POST /session/f10bfffe94842169a26616823eaa69fd/execute/async - {"script":"<script> [776 bytes]","args":[{"enterText":"10001013","selector":{"controlType":"sap.m.SearchField","properties":{"placeholder":"Search"},"searchOpenDialogs":true,"interaction":{"idSuffix":"I"}},"clearTextFirst":true,"interactionType":"ENTER_TEXT"}]}
RESULT: {"script":"<script> [776 bytes]","args":[{"enterText":"10001013","selector":{"controlType":"sap.m.SearchField","properties":{"placeholder":"Search"},"searchOpenDialogs":true,"interaction":{"idSuffix":"I"}},"clearTextFirst":true,"interactionType":"ENTER_TEXT"}]}
COMMAND: POST /session/f10bfffe94842169a26616823eaa69fd/actions - {"actions":[{"id":"action2","type":"key","parameters":{},"actions":[{"type":"keyDown","value":""},{"type":"pause","duration":10},{"type":"keyUp","value":""}]}]}
RESULT: {"actions":[{"id":"action2","type":"key","parameters":{},"actions":[{"type":"keyDown","value":""},{"type":"pause","duration":10},{"type":"keyUp","value":""}]}]}
COMMAND: GET /session/f10bfffe94842169a26616823eaa69fd/screenshot - {}
RESULT: {}
COMMAND: POST /session/f10bfffe94842169a26616823eaa69fd/element - {"using":"xpath","value":"//span[contains(text(), \"General Management\")]"}
RESULT: {"using":"xpath","value":"//span[contains(text(), \"General Management\")]"}
COMMAND: POST /session/f10bfffe94842169a26616823eaa69fd/element/f.B31591FEBD8AE49568014889031CF3F7.d.F8BBC7ABDFBB867129161B34987763D2.e.1564/click - {}
RESULT: {}
COMMAND: GET /session/f10bfffe94842169a26616823eaa69fd/screenshot - {}
RESULT: {}
COMMAND: POST /session/f10bfffe94842169a26616823eaa69fd/element - {"using":"xpath","value":"//bdi[contains(text(), \"OK\")]"}
RESULT: {"using":"xpath","value":"//bdi[contains(text(), \"OK\")]"}
COMMAND: POST /session/f10bfffe94842169a26616823eaa69fd/element/f.B31591FEBD8AE49568014889031CF3F7.d.F8BBC7ABDFBB867129161B34987763D2.e.1565/click - {}
RESULT: {}
COMMAND: GET /session/f10bfffe94842169a26616823eaa69fd/screenshot - {}
RESULT: {}
COMMAND: POST /session/f10bfffe94842169a26616823eaa69fd/element - {"using":"xpath","value":"//input[@id=\"application-managepartners-display-component---NewPartner--companyCodeComboBox-inner\"]"}
RESULT: {"using":"xpath","value":"//input[@id=\"application-managepartners-display-component---NewPartner--companyCodeComboBox-inner\"]"}
COMMAND: POST /session/f10bfffe94842169a26616823eaa69fd/element/f.B31591FEBD8AE49568014889031CF3F7.d.F8BBC7ABDFBB867129161B34987763D2.e.1459/clear - {}
RESULT: {}
COMMAND: POST /session/f10bfffe94842169a26616823eaa69fd/element/f.B31591FEBD8AE49568014889031CF3F7.d.F8BBC7ABDFBB867129161B34987763D2.e.1459/value - {"text":"1000"}
COMMAND: GET /session/f10bfffe94842169a26616823eaa69fd/screenshot - {}
RESULT: {}
RESULT: {"text":"1000"}
COMMAND: GET /session/f10bfffe94842169a26616823eaa69fd/screenshot - {}
RESULT: {}
COMMAND: POST /session/f10bfffe94842169a26616823eaa69fd/element - {"using":"xpath","value":"//span[contains(text(), \"1000\")]"}
RESULT: {"using":"xpath","value":"//span[contains(text(), \"1000\")]"}
COMMAND: POST /session/f10bfffe94842169a26616823eaa69fd/element/f.B31591FEBD8AE49568014889031CF3F7.d.F8BBC7ABDFBB867129161B34987763D2.e.1571/click - {}
RESULT: {}
COMMAND: GET /session/f10bfffe94842169a26616823eaa69fd/screenshot - {}
RESULT: {}
COMMAND: POST /session/f10bfffe94842169a26616823eaa69fd/execute/async - {"script":"<script> [1562 bytes]","args":[{"selector":{"id":"application-managepartners-display-component---NewPartner--btnAddTableRow-img"},"wdio_ui5_key":"applicationmanagepartners-display-component---NewPartner--btnAddTableRow-img"}]}
RESULT: {"script":"<script> [1562 bytes]","args":[{"selector":{"id":"application-managepartners-display-component---NewPartner--btnAddTableRow-img"},"wdio_ui5_key":"applicationmanagepartners-display-component---NewPartner--btnAddTableRow-img"}]}
RESULT: undefined
COMMAND: POST /session/f10bfffe94842169a26616823eaa69fd/element - {"using":"xpath","value":"//*[@id=\"application-managepartners-display-component---NewPartner--btnAddTableRow-img\"]"}
RESULT: {"using":"xpath","value":"//*[@id=\"application-managepartners-display-component---NewPartner--btnAddTableRow-img\"]"}
COMMAND: POST /session/f10bfffe94842169a26616823eaa69fd/element/f.B31591FEBD8AE49568014889031CF3F7.d.F8BBC7ABDFBB867129161B34987763D2.e.1572/click - {}
RESULT: {}
COMMAND: GET /session/f10bfffe94842169a26616823eaa69fd/screenshot - {}
RESULT: {}
COMMAND: POST /session/f10bfffe94842169a26616823eaa69fd/element - {"using":"xpath","value":"//input[@id=\"application-managepartners-display-component---NewPartner--assignmentYard-application-managepartners-display-component---NewPartner--assignmentsTable-0-inner\"]"}
RESULT: {"using":"xpath","value":"//input[@id=\"application-managepartners-display-component---NewPartner--assignmentYard-application-managepartners-display-component---NewPartner--assignmentsTable-0-inner\"]"}
COMMAND: POST /session/f10bfffe94842169a26616823eaa69fd/element/f.B31591FEBD8AE49568014889031CF3F7.d.F8BBC7ABDFBB867129161B34987763D2.e.1575/clear - {}
RESULT: {}
COMMAND: POST /session/f10bfffe94842169a26616823eaa69fd/element/f.B31591FEBD8AE49568014889031CF3F7.d.F8BBC7ABDFBB867129161B34987763D2.e.1575/value - {"text":"571"}
COMMAND: GET /session/f10bfffe94842169a26616823eaa69fd/screenshot - {}
RESULT: {"text":"571"}
COMMAND: GET /session/f10bfffe94842169a26616823eaa69fd/screenshot - {}
RESULT: {}
RESULT: {}
COMMAND: POST /session/f10bfffe94842169a26616823eaa69fd/element - {"using":"xpath","value":"//li[.//span[text()='571']]"}
RESULT: {"using":"xpath","value":"//li[.//span[text()='571']]"}
COMMAND: POST /session/f10bfffe94842169a26616823eaa69fd/element/f.B31591FEBD8AE49568014889031CF3F7.d.F8BBC7ABDFBB867129161B34987763D2.e.1585/click - {}
RESULT: {}
COMMAND: GET /session/f10bfffe94842169a26616823eaa69fd/screenshot - {}
RESULT: {}
COMMAND: POST /session/f10bfffe94842169a26616823eaa69fd/actions - {"actions":[{"id":"action3","type":"key","parameters":{},"actions":[{"type":"keyDown","value":""},{"type":"pause","duration":10},{"type":"keyUp","value":""}]}]}
RESULT: {"actions":[{"id":"action3","type":"key","parameters":{},"actions":[{"type":"keyDown","value":""},{"type":"pause","duration":10},{"type":"keyUp","value":""}]}]}
COMMAND: POST /session/f10bfffe94842169a26616823eaa69fd/execute/async - {"script":"<script> [1562 bytes]","args":[{"selector":{"id":"application-managepartners-display-component---NewPartner--externalCustomerComboBox-application-managepartners-display-component---NewPartner--assignmentsTable-0-vhi"},"wdio_ui5_key":"applicationmanagepartners-display-component---NewPartner--externalCustomerComboBox-application-managepartners-display-component---NewPartner--assignmentsTable-0-vhi"}]}
COMMAND: GET /session/f10bfffe94842169a26616823eaa69fd/screenshot - {}
RESULT: {"script":"<script> [1562 bytes]","args":[{"selector":{"id":"application-managepartners-display-component---NewPartner--externalCustomerComboBox-application-managepartners-display-component---NewPartner--assignmentsTable-0-vhi"},"wdio_ui5_key":"applicationmanagepartners-display-component---NewPartner--externalCustomerComboBox-application-managepartners-display-component---NewPartner--assignmentsTable-0-vhi"}]}
RESULT: undefined
COMMAND: POST /session/f10bfffe94842169a26616823eaa69fd/element - {"using":"xpath","value":"//*[@id=\"application-managepartners-display-component---NewPartner--externalCustomerComboBox-application-managepartners-display-component---NewPartner--assignmentsTable-0-vhi\"]"}
RESULT: {}
RESULT: {"using":"xpath","value":"//*[@id=\"application-managepartners-display-component---NewPartner--externalCustomerComboBox-application-managepartners-display-component---NewPartner--assignmentsTable-0-vhi\"]"}
COMMAND: POST /session/f10bfffe94842169a26616823eaa69fd/element/f.B31591FEBD8AE49568014889031CF3F7.d.F8BBC7ABDFBB867129161B34987763D2.e.1589/click - {}
RESULT: {}
RESULT: undefined
COMMAND: POST /session/f10bfffe94842169a26616823eaa69fd/execute/async - {"script":"<script> [776 bytes]","args":[{"enterText":"300003","selector":{"controlType":"sap.m.SearchField","properties":{"placeholder":"Search"},"searchOpenDialogs":true,"interaction":{"idSuffix":"I"}},"clearTextFirst":true,"interactionType":"ENTER_TEXT"}]}
COMMAND: GET /session/f10bfffe94842169a26616823eaa69fd/screenshot - {}
RESULT: {"script":"<script> [776 bytes]","args":[{"enterText":"300003","selector":{"controlType":"sap.m.SearchField","properties":{"placeholder":"Search"},"searchOpenDialogs":true,"interaction":{"idSuffix":"I"}},"clearTextFirst":true,"interactionType":"ENTER_TEXT"}]}
COMMAND: POST /session/f10bfffe94842169a26616823eaa69fd/actions - {"actions":[{"id":"action4","type":"key","parameters":{},"actions":[{"type":"keyDown","value":""},{"type":"pause","duration":10},{"type":"keyUp","value":""}]}]}
RESULT: {}
RESULT: {"actions":[{"id":"action4","type":"key","parameters":{},"actions":[{"type":"keyDown","value":""},{"type":"pause","duration":10},{"type":"keyUp","value":""}]}]}
COMMAND: GET /session/f10bfffe94842169a26616823eaa69fd/screenshot - {}
RESULT: {}
COMMAND: POST /session/f10bfffe94842169a26616823eaa69fd/element - {"using":"xpath","value":"//span[contains(text(), \"300003\")]"}
RESULT: {"using":"xpath","value":"//span[contains(text(), \"300003\")]"}
COMMAND: POST /session/f10bfffe94842169a26616823eaa69fd/element/f.B31591FEBD8AE49568014889031CF3F7.d.F8BBC7ABDFBB867129161B34987763D2.e.1608/click - {}
RESULT: {}
COMMAND: GET /session/f10bfffe94842169a26616823eaa69fd/screenshot - {}
RESULT: {}
COMMAND: POST /session/f10bfffe94842169a26616823eaa69fd/element - {"using":"xpath","value":"//bdi[contains(text(), \"OK\")]"}
RESULT: {"using":"xpath","value":"//bdi[contains(text(), \"OK\")]"}
COMMAND: POST /session/f10bfffe94842169a26616823eaa69fd/element/f.B31591FEBD8AE49568014889031CF3F7.d.F8BBC7ABDFBB867129161B34987763D2.e.1610/click - {}
RESULT: {}
COMMAND: GET /session/f10bfffe94842169a26616823eaa69fd/screenshot - {}
RESULT: {}
COMMAND: POST /session/f10bfffe94842169a26616823eaa69fd/execute/async - {"script":"<script> [1562 bytes]","args":[{"selector":{"id":"application-managepartners-display-component---NewPartner--intercompVendorComboBox-application-managepartners-display-component---NewPartner--assignmentsTable-0-vhi"},"wdio_ui5_key":"applicationmanagepartners-display-component---NewPartner--intercompVendorComboBox-application-managepartners-display-component---NewPartner--assignmentsTable-0-vhi"}]}
RESULT: {"script":"<script> [1562 bytes]","args":[{"selector":{"id":"application-managepartners-display-component---NewPartner--intercompVendorComboBox-application-managepartners-display-component---NewPartner--assignmentsTable-0-vhi"},"wdio_ui5_key":"applicationmanagepartners-display-component---NewPartner--intercompVendorComboBox-application-managepartners-display-component---NewPartner--assignmentsTable-0-vhi"}]}
RESULT: undefined
COMMAND: POST /session/f10bfffe94842169a26616823eaa69fd/element - {"using":"xpath","value":"//*[@id=\"application-managepartners-display-component---NewPartner--intercompVendorComboBox-application-managepartners-display-component---NewPartner--assignmentsTable-0-vhi\"]"}
RESULT: {"using":"xpath","value":"//*[@id=\"application-managepartners-display-component---NewPartner--intercompVendorComboBox-application-managepartners-display-component---NewPartner--assignmentsTable-0-vhi\"]"}
COMMAND: POST /session/f10bfffe94842169a26616823eaa69fd/element/f.B31591FEBD8AE49568014889031CF3F7.d.F8BBC7ABDFBB867129161B34987763D2.e.1614/click - {}
RESULT: {}
RESULT: undefined
COMMAND: POST /session/f10bfffe94842169a26616823eaa69fd/execute/async - {"script":"<script> [776 bytes]","args":[{"enterText":"100005","selector":{"controlType":"sap.m.SearchField","properties":{"placeholder":"Search"},"searchOpenDialogs":true,"interaction":{"idSuffix":"I"}},"clearTextFirst":true,"interactionType":"ENTER_TEXT"}]}
COMMAND: GET /session/f10bfffe94842169a26616823eaa69fd/screenshot - {}
RESULT: {"script":"<script> [776 bytes]","args":[{"enterText":"100005","selector":{"controlType":"sap.m.SearchField","properties":{"placeholder":"Search"},"searchOpenDialogs":true,"interaction":{"idSuffix":"I"}},"clearTextFirst":true,"interactionType":"ENTER_TEXT"}]}
COMMAND: POST /session/f10bfffe94842169a26616823eaa69fd/actions - {"actions":[{"id":"action5","type":"key","parameters":{},"actions":[{"type":"keyDown","value":""},{"type":"pause","duration":10},{"type":"keyUp","value":""}]}]}
RESULT: {}
RESULT: {"actions":[{"id":"action5","type":"key","parameters":{},"actions":[{"type":"keyDown","value":""},{"type":"pause","duration":10},{"type":"keyUp","value":""}]}]}
COMMAND: GET /session/f10bfffe94842169a26616823eaa69fd/screenshot - {}
RESULT: {}
COMMAND: POST /session/f10bfffe94842169a26616823eaa69fd/element - {"using":"xpath","value":"//span[contains(text(), \"Penguins - Field/12345 Berlin\")]"}
RESULT: {"using":"xpath","value":"//span[contains(text(), \"Penguins - Field/12345 Berlin\")]"}
COMMAND: POST /session/f10bfffe94842169a26616823eaa69fd/element/f.B31591FEBD8AE49568014889031CF3F7.d.F8BBC7ABDFBB867129161B34987763D2.e.1633/click - {}
RESULT: {}
COMMAND: GET /session/f10bfffe94842169a26616823eaa69fd/screenshot - {}
RESULT: {}
COMMAND: POST /session/f10bfffe94842169a26616823eaa69fd/element - {"using":"xpath","value":"//bdi[contains(text(), \"OK\")]"}
RESULT: {"using":"xpath","value":"//bdi[contains(text(), \"OK\")]"}
COMMAND: POST /session/f10bfffe94842169a26616823eaa69fd/element/f.B31591FEBD8AE49568014889031CF3F7.d.F8BBC7ABDFBB867129161B34987763D2.e.1634/click - {}
RESULT: {}
COMMAND: GET /session/f10bfffe94842169a26616823eaa69fd/screenshot - {}
COMMAND: POST /session/f10bfffe94842169a26616823eaa69fd/element - {"using":"xpath","value":"//button[@data-kt=\"saveButton\"]"}
RESULT: {}
RESULT: {"using":"xpath","value":"//button[@data-kt=\"saveButton\"]"}
COMMAND: POST /session/f10bfffe94842169a26616823eaa69fd/element/f.B31591FEBD8AE49568014889031CF3F7.d.F8BBC7ABDFBB867129161B34987763D2.e.1485/click - {}
RESULT: {}
COMMAND: GET /session/f10bfffe94842169a26616823eaa69fd/screenshot - {}
RESULT: {}
COMMAND: POST /session/f10bfffe94842169a26616823eaa69fd/element - {"using":"xpath","value":"//header[contains(@id, 'ObjectPageLayout-headerTitle')]/div[1]/div[2]/div[2]/span[1]"}
RESULT: {"using":"xpath","value":"//header[contains(@id, 'ObjectPageLayout-headerTitle')]/div[1]/div[2]/div[2]/span[1]"}
COMMAND: POST /session/f10bfffe94842169a26616823eaa69fd/elements - {"using":"xpath","value":"//header[contains(@id, 'ObjectPageLayout-headerTitle')]/div[1]/div[2]/div[2]/span[1]"}
RESULT: {"using":"xpath","value":"//header[contains(@id, 'ObjectPageLayout-headerTitle')]/div[1]/div[2]/div[2]/span[1]"}
COMMAND: POST /session/f10bfffe94842169a26616823eaa69fd/execute/sync - {"script":"<script> [56 bytes]","args":[{"element-6066-11e4-a52e-4f735466cecf":"f.B31591FEBD8AE49568014889031CF3F7.d.F8BBC7ABDFBB867129161B34987763D2.e.1801","ELEMENT":"f.B31591FEBD8AE49568014889031CF3F7.d.F8BBC7ABDFBB867129161B34987763D2.e.1801"}]}
RESULT: {"script":"<script> [56 bytes]","args":[{"element-6066-11e4-a52e-4f735466cecf":"f.B31591FEBD8AE49568014889031CF3F7.d.F8BBC7ABDFBB867129161B34987763D2.e.1801","ELEMENT":"f.B31591FEBD8AE49568014889031CF3F7.d.F8BBC7ABDFBB867129161B34987763D2.e.1801"}]}
COMMAND: POST /session/f10bfffe94842169a26616823eaa69fd/element - {"using":"css selector","value":"#shell-header-logo"}
COMMAND: GET /session/f10bfffe94842169a26616823eaa69fd/screenshot - {}
RESULT: {"using":"css selector","value":"#shell-header-logo"}
COMMAND: POST /session/f10bfffe94842169a26616823eaa69fd/element/f.B31591FEBD8AE49568014889031CF3F7.d.F8BBC7ABDFBB867129161B34987763D2.e.1015/click - {}
RESULT: {}
RESULT: {}
COMMAND: GET /session/f10bfffe94842169a26616823eaa69fd/screenshot - {}
RESULT: {}
COMMAND: POST /session/f10bfffe94842169a26616823eaa69fd/execute/sync - {"script":"<script> [299 bytes]","args":[["getModel","getResource"]]}
RESULT: {"script":"<script> [299 bytes]","args":[["getModel","getResource"]]}
]]></system-out>
    </testcase>
    <testcase classname="chrome.135_0_7049_42.windows.Billing_confirm_US117289" name="Should create a new site" time="86.345">
      <system-out><![CDATA[
COMMAND: POST /session/f10bfffe94842169a26616823eaa69fd/execute/async - {"script":"<script> [1562 bytes]","args":[{"selector":{"controlType":"sap.m.TileContent","bindingPath":{"path":"","propertyPath":"/properties/info"},"ancestor":{"controlType":"sap.m.GenericTile","properties":{"header":"Manage Sites"}}},"wdio_ui5_key":"sapm.TileContent{\"path\":\"\",\"propertyPath\":\"/properties/info\"}{\"controlType\":\"sap.m.GenericTile\",\"properties\":{\"header\":\"Manage Sites\"}}"}]}
COMMAND: GET /session/f10bfffe94842169a26616823eaa69fd/screenshot - {}
RESULT: {"script":"<script> [1562 bytes]","args":[{"selector":{"controlType":"sap.m.TileContent","bindingPath":{"path":"","propertyPath":"/properties/info"},"ancestor":{"controlType":"sap.m.GenericTile","properties":{"header":"Manage Sites"}}},"wdio_ui5_key":"sapm.TileContent{\"path\":\"\",\"propertyPath\":\"/properties/info\"}{\"controlType\":\"sap.m.GenericTile\",\"properties\":{\"header\":\"Manage Sites\"}}"}]}
RESULT: undefined
COMMAND: POST /session/f10bfffe94842169a26616823eaa69fd/element - {"using":"xpath","value":"//*[@id=\"__xmlview7--numericTileContent\"]"}
RESULT: {}
RESULT: {"using":"xpath","value":"//*[@id=\"__xmlview7--numericTileContent\"]"}
COMMAND: POST /session/f10bfffe94842169a26616823eaa69fd/element/f.B31591FEBD8AE49568014889031CF3F7.d.F8BBC7ABDFBB867129161B34987763D2.e.1803/click - {}
RESULT: {}
COMMAND: POST /session/f10bfffe94842169a26616823eaa69fd/element - {"using":"xpath","value":"//button[@data-kt=\"addOverflowToolbarButton\"]"}
COMMAND: GET /session/f10bfffe94842169a26616823eaa69fd/screenshot - {}
RESULT: {"using":"xpath","value":"//button[@data-kt=\"addOverflowToolbarButton\"]"}
COMMAND: POST /session/f10bfffe94842169a26616823eaa69fd/elements - {"using":"xpath","value":"//button[@data-kt=\"addOverflowToolbarButton\"]"}
RESULT: {}
RESULT: {"using":"xpath","value":"//button[@data-kt=\"addOverflowToolbarButton\"]"}
COMMAND: POST /session/f10bfffe94842169a26616823eaa69fd/elements - {"using":"xpath","value":"//button[@data-kt=\"addOverflowToolbarButton\"]"}
RESULT: {"using":"xpath","value":"//button[@data-kt=\"addOverflowToolbarButton\"]"}
COMMAND: POST /session/f10bfffe94842169a26616823eaa69fd/elements - {"using":"xpath","value":"//button[@data-kt=\"addOverflowToolbarButton\"]"}
RESULT: {"using":"xpath","value":"//button[@data-kt=\"addOverflowToolbarButton\"]"}
COMMAND: POST /session/f10bfffe94842169a26616823eaa69fd/element - {"using":"xpath","value":"//button[@data-kt=\"addOverflowToolbarButton\"]"}
RESULT: {"using":"xpath","value":"//button[@data-kt=\"addOverflowToolbarButton\"]"}
COMMAND: POST /session/f10bfffe94842169a26616823eaa69fd/execute/sync - {"script":"<script> [8489 bytes]","args":[{"element-6066-11e4-a52e-4f735466cecf":"f.B31591FEBD8AE49568014889031CF3F7.d.F8BBC7ABDFBB867129161B34987763D2.e.1849","ELEMENT":"f.B31591FEBD8AE49568014889031CF3F7.d.F8BBC7ABDFBB867129161B34987763D2.e.1849"}]}
RESULT: {"script":"<script> [8489 bytes]","args":[{"element-6066-11e4-a52e-4f735466cecf":"f.B31591FEBD8AE49568014889031CF3F7.d.F8BBC7ABDFBB867129161B34987763D2.e.1849","ELEMENT":"f.B31591FEBD8AE49568014889031CF3F7.d.F8BBC7ABDFBB867129161B34987763D2.e.1849"}]}
COMMAND: GET /session/f10bfffe94842169a26616823eaa69fd/element/f.B31591FEBD8AE49568014889031CF3F7.d.F8BBC7ABDFBB867129161B34987763D2.e.1849/enabled - {}
COMMAND: GET /session/f10bfffe94842169a26616823eaa69fd/screenshot - {}
RESULT: {}
COMMAND: POST /session/f10bfffe94842169a26616823eaa69fd/execute/sync - {"script":"<script> [8489 bytes]","args":[{"element-6066-11e4-a52e-4f735466cecf":"f.B31591FEBD8AE49568014889031CF3F7.d.F8BBC7ABDFBB867129161B34987763D2.e.1849","ELEMENT":"f.B31591FEBD8AE49568014889031CF3F7.d.F8BBC7ABDFBB867129161B34987763D2.e.1849"}]}
COMMAND: GET /session/f10bfffe94842169a26616823eaa69fd/screenshot - {}
RESULT: {}
RESULT: {"script":"<script> [8489 bytes]","args":[{"element-6066-11e4-a52e-4f735466cecf":"f.B31591FEBD8AE49568014889031CF3F7.d.F8BBC7ABDFBB867129161B34987763D2.e.1849","ELEMENT":"f.B31591FEBD8AE49568014889031CF3F7.d.F8BBC7ABDFBB867129161B34987763D2.e.1849"}]}
COMMAND: POST /session/f10bfffe94842169a26616823eaa69fd/execute/sync - {"script":"<script> [5351 bytes]","args":[{"element-6066-11e4-a52e-4f735466cecf":"f.B31591FEBD8AE49568014889031CF3F7.d.F8BBC7ABDFBB867129161B34987763D2.e.1849","ELEMENT":"f.B31591FEBD8AE49568014889031CF3F7.d.F8BBC7ABDFBB867129161B34987763D2.e.1849"}]}
COMMAND: GET /session/f10bfffe94842169a26616823eaa69fd/screenshot - {}
RESULT: {}
RESULT: {"script":"<script> [5351 bytes]","args":[{"element-6066-11e4-a52e-4f735466cecf":"f.B31591FEBD8AE49568014889031CF3F7.d.F8BBC7ABDFBB867129161B34987763D2.e.1849","ELEMENT":"f.B31591FEBD8AE49568014889031CF3F7.d.F8BBC7ABDFBB867129161B34987763D2.e.1849"}]}
COMMAND: POST /session/f10bfffe94842169a26616823eaa69fd/element/f.B31591FEBD8AE49568014889031CF3F7.d.F8BBC7ABDFBB867129161B34987763D2.e.1849/click - {}
COMMAND: GET /session/f10bfffe94842169a26616823eaa69fd/screenshot - {}
RESULT: {}
RESULT: {}
COMMAND: GET /session/f10bfffe94842169a26616823eaa69fd/screenshot - {}
RESULT: {}
COMMAND: POST /session/f10bfffe94842169a26616823eaa69fd/execute/async - {"script":"<script> [1562 bytes]","args":[{"selector":{"id":"application-managesites-display-component---NewSite--addressDetailDetailsName1","interaction":{"idSuffix":"inner"}},"wdio_ui5_key":"applicationmanagesites-display-component---NewSite--addressDetailDetailsName1"}]}
RESULT: {}
RESULT: {"script":"<script> [1562 bytes]","args":[{"selector":{"id":"application-managesites-display-component---NewSite--addressDetailDetailsName1","interaction":{"idSuffix":"inner"}},"wdio_ui5_key":"applicationmanagesites-display-component---NewSite--addressDetailDetailsName1"}]}
RESULT: undefined
COMMAND: POST /session/f10bfffe94842169a26616823eaa69fd/execute/async - {"script":"<script> [776 bytes]","args":[{"enterText":"Intracompany Site wdIO","selector":{"id":"application-managesites-display-component---NewSite--addressDetailDetailsName1","interaction":{"idSuffix":"inner"}},"clearTextFirst":true,"interactionType":"ENTER_TEXT"}]}
RESULT: {"script":"<script> [776 bytes]","args":[{"enterText":"Intracompany Site wdIO","selector":{"id":"application-managesites-display-component---NewSite--addressDetailDetailsName1","interaction":{"idSuffix":"inner"}},"clearTextFirst":true,"interactionType":"ENTER_TEXT"}]}
COMMAND: POST /session/f10bfffe94842169a26616823eaa69fd/execute/async - {"script":"<script> [1562 bytes]","args":[{"selector":{"id":"application-managesites-display-component---NewSite--addressDetailDetailsLanguage-arrow"},"wdio_ui5_key":"applicationmanagesites-display-component---NewSite--addressDetailDetailsLanguage-arrow"}]}
RESULT: {"script":"<script> [1562 bytes]","args":[{"selector":{"id":"application-managesites-display-component---NewSite--addressDetailDetailsLanguage-arrow"},"wdio_ui5_key":"applicationmanagesites-display-component---NewSite--addressDetailDetailsLanguage-arrow"}]}
RESULT: undefined
COMMAND: POST /session/f10bfffe94842169a26616823eaa69fd/element - {"using":"xpath","value":"//*[@id=\"application-managesites-display-component---NewSite--addressDetailDetailsLanguage-arrow\"]"}
RESULT: {"using":"xpath","value":"//*[@id=\"application-managesites-display-component---NewSite--addressDetailDetailsLanguage-arrow\"]"}
COMMAND: POST /session/f10bfffe94842169a26616823eaa69fd/element/f.B31591FEBD8AE49568014889031CF3F7.d.F8BBC7ABDFBB867129161B34987763D2.e.2465/click - {}
RESULT: {}
COMMAND: POST /session/f10bfffe94842169a26616823eaa69fd/element - {"using":"xpath","value":"//span[contains(text(), \"English\")]"}
COMMAND: GET /session/f10bfffe94842169a26616823eaa69fd/screenshot - {}
RESULT: {"using":"xpath","value":"//span[contains(text(), \"English\")]"}
COMMAND: POST /session/f10bfffe94842169a26616823eaa69fd/element/f.B31591FEBD8AE49568014889031CF3F7.d.F8BBC7ABDFBB867129161B34987763D2.e.2466/click - {}
RESULT: {}
RESULT: {}
COMMAND: POST /session/f10bfffe94842169a26616823eaa69fd/execute/async - {"script":"<script> [1562 bytes]","args":[{"selector":{"id":"application-managesites-display-component---NewSite--addressDetailDetailsCity1","interaction":{"idSuffix":"inner"}},"wdio_ui5_key":"applicationmanagesites-display-component---NewSite--addressDetailDetailsCity1"}]}
COMMAND: GET /session/f10bfffe94842169a26616823eaa69fd/screenshot - {}
RESULT: {"script":"<script> [1562 bytes]","args":[{"selector":{"id":"application-managesites-display-component---NewSite--addressDetailDetailsCity1","interaction":{"idSuffix":"inner"}},"wdio_ui5_key":"applicationmanagesites-display-component---NewSite--addressDetailDetailsCity1"}]}
RESULT: undefined
COMMAND: POST /session/f10bfffe94842169a26616823eaa69fd/execute/async - {"script":"<script> [776 bytes]","args":[{"enterText":"Rosario","selector":{"id":"application-managesites-display-component---NewSite--addressDetailDetailsCity1","interaction":{"idSuffix":"inner"}},"clearTextFirst":true,"interactionType":"ENTER_TEXT"}]}
RESULT: {}
RESULT: {"script":"<script> [776 bytes]","args":[{"enterText":"Rosario","selector":{"id":"application-managesites-display-component---NewSite--addressDetailDetailsCity1","interaction":{"idSuffix":"inner"}},"clearTextFirst":true,"interactionType":"ENTER_TEXT"}]}
COMMAND: POST /session/f10bfffe94842169a26616823eaa69fd/execute/async - {"script":"<script> [1562 bytes]","args":[{"selector":{"id":"application-managesites-display-component---NewSite--addressDetailDetailsCountry-arrow"},"wdio_ui5_key":"applicationmanagesites-display-component---NewSite--addressDetailDetailsCountry-arrow"}]}
RESULT: {"script":"<script> [1562 bytes]","args":[{"selector":{"id":"application-managesites-display-component---NewSite--addressDetailDetailsCountry-arrow"},"wdio_ui5_key":"applicationmanagesites-display-component---NewSite--addressDetailDetailsCountry-arrow"}]}
RESULT: undefined
COMMAND: POST /session/f10bfffe94842169a26616823eaa69fd/element - {"using":"xpath","value":"//*[@id=\"application-managesites-display-component---NewSite--addressDetailDetailsCountry-arrow\"]"}
RESULT: {"using":"xpath","value":"//*[@id=\"application-managesites-display-component---NewSite--addressDetailDetailsCountry-arrow\"]"}
COMMAND: POST /session/f10bfffe94842169a26616823eaa69fd/element/f.B31591FEBD8AE49568014889031CF3F7.d.F8BBC7ABDFBB867129161B34987763D2.e.2468/click - {}
RESULT: {}
COMMAND: POST /session/f10bfffe94842169a26616823eaa69fd/element - {"using":"xpath","value":"//span[contains(text(), \"Argentina\")]"}
COMMAND: GET /session/f10bfffe94842169a26616823eaa69fd/screenshot - {}
RESULT: {"using":"xpath","value":"//span[contains(text(), \"Argentina\")]"}
COMMAND: POST /session/f10bfffe94842169a26616823eaa69fd/element/f.B31591FEBD8AE49568014889031CF3F7.d.F8BBC7ABDFBB867129161B34987763D2.e.2469/click - {}
RESULT: {}
RESULT: {}
COMMAND: GET /session/f10bfffe94842169a26616823eaa69fd/screenshot - {}
RESULT: {}
COMMAND: POST /session/f10bfffe94842169a26616823eaa69fd/execute/async - {"script":"<script> [1562 bytes]","args":[{"selector":{"id":"application-managesites-display-component---NewSite--addressEditDetailsCostObjectCstType-arrow"},"wdio_ui5_key":"applicationmanagesites-display-component---NewSite--addressEditDetailsCostObjectCstType-arrow"}]}
RESULT: {"script":"<script> [1562 bytes]","args":[{"selector":{"id":"application-managesites-display-component---NewSite--addressEditDetailsCostObjectCstType-arrow"},"wdio_ui5_key":"applicationmanagesites-display-component---NewSite--addressEditDetailsCostObjectCstType-arrow"}]}
RESULT: undefined
COMMAND: POST /session/f10bfffe94842169a26616823eaa69fd/element - {"using":"xpath","value":"//*[@id=\"application-managesites-display-component---NewSite--addressEditDetailsCostObjectCstType-arrow\"]"}
RESULT: {"using":"xpath","value":"//*[@id=\"application-managesites-display-component---NewSite--addressEditDetailsCostObjectCstType-arrow\"]"}
COMMAND: POST /session/f10bfffe94842169a26616823eaa69fd/element/f.B31591FEBD8AE49568014889031CF3F7.d.F8BBC7ABDFBB867129161B34987763D2.e.2471/click - {}
RESULT: {}
COMMAND: POST /session/f10bfffe94842169a26616823eaa69fd/element - {"using":"xpath","value":"//span[contains(text(), \"Cost Center\")]"}
COMMAND: GET /session/f10bfffe94842169a26616823eaa69fd/screenshot - {}
RESULT: {"using":"xpath","value":"//span[contains(text(), \"Cost Center\")]"}
COMMAND: POST /session/f10bfffe94842169a26616823eaa69fd/element/f.B31591FEBD8AE49568014889031CF3F7.d.F8BBC7ABDFBB867129161B34987763D2.e.2472/click - {}
RESULT: {}
RESULT: {}
COMMAND: GET /session/f10bfffe94842169a26616823eaa69fd/screenshot - {}
RESULT: {}
COMMAND: POST /session/f10bfffe94842169a26616823eaa69fd/element - {"using":"xpath","value":"//span[@id=\"application-managesites-display-component---NewSite--addressNewCostObjectCstID-vhi\"]"}
RESULT: {"using":"xpath","value":"//span[@id=\"application-managesites-display-component---NewSite--addressNewCostObjectCstID-vhi\"]"}
COMMAND: POST /session/f10bfffe94842169a26616823eaa69fd/execute/sync - {"script":"<script> [8489 bytes]","args":[{"element-6066-11e4-a52e-4f735466cecf":"f.B31591FEBD8AE49568014889031CF3F7.d.F8BBC7ABDFBB867129161B34987763D2.e.2476","ELEMENT":"f.B31591FEBD8AE49568014889031CF3F7.d.F8BBC7ABDFBB867129161B34987763D2.e.2476"}]}
RESULT: {"script":"<script> [8489 bytes]","args":[{"element-6066-11e4-a52e-4f735466cecf":"f.B31591FEBD8AE49568014889031CF3F7.d.F8BBC7ABDFBB867129161B34987763D2.e.2476","ELEMENT":"f.B31591FEBD8AE49568014889031CF3F7.d.F8BBC7ABDFBB867129161B34987763D2.e.2476"}]}
COMMAND: POST /session/f10bfffe94842169a26616823eaa69fd/execute/async - {"script":"<script> [1562 bytes]","args":[{"selector":{"id":"application-managesites-display-component---NewSite--addressNewCostObjectCstID-vhi"},"wdio_ui5_key":"applicationmanagesites-display-component---NewSite--addressNewCostObjectCstID-vhi"}]}
COMMAND: GET /session/f10bfffe94842169a26616823eaa69fd/screenshot - {}
RESULT: {"script":"<script> [1562 bytes]","args":[{"selector":{"id":"application-managesites-display-component---NewSite--addressNewCostObjectCstID-vhi"},"wdio_ui5_key":"applicationmanagesites-display-component---NewSite--addressNewCostObjectCstID-vhi"}]}
RESULT: undefined
COMMAND: POST /session/f10bfffe94842169a26616823eaa69fd/element - {"using":"xpath","value":"//*[@id=\"application-managesites-display-component---NewSite--addressNewCostObjectCstID-vhi\"]"}
RESULT: {}
RESULT: {"using":"xpath","value":"//*[@id=\"application-managesites-display-component---NewSite--addressNewCostObjectCstID-vhi\"]"}
COMMAND: POST /session/f10bfffe94842169a26616823eaa69fd/element/f.B31591FEBD8AE49568014889031CF3F7.d.F8BBC7ABDFBB867129161B34987763D2.e.2476/click - {}
RESULT: {}
COMMAND: GET /session/f10bfffe94842169a26616823eaa69fd/screenshot - {}
RESULT: {}
RESULT: undefined
COMMAND: POST /session/f10bfffe94842169a26616823eaa69fd/execute/async - {"script":"<script> [776 bytes]","args":[{"enterText":"10001013","selector":{"controlType":"sap.m.SearchField","properties":{"placeholder":"Search"},"searchOpenDialogs":true,"interaction":{"idSuffix":"I"}},"clearTextFirst":true,"interactionType":"ENTER_TEXT"}]}
RESULT: {"script":"<script> [776 bytes]","args":[{"enterText":"10001013","selector":{"controlType":"sap.m.SearchField","properties":{"placeholder":"Search"},"searchOpenDialogs":true,"interaction":{"idSuffix":"I"}},"clearTextFirst":true,"interactionType":"ENTER_TEXT"}]}
COMMAND: POST /session/f10bfffe94842169a26616823eaa69fd/actions - {"actions":[{"id":"action6","type":"key","parameters":{},"actions":[{"type":"keyDown","value":""},{"type":"pause","duration":10},{"type":"keyUp","value":""}]}]}
RESULT: {"actions":[{"id":"action6","type":"key","parameters":{},"actions":[{"type":"keyDown","value":""},{"type":"pause","duration":10},{"type":"keyUp","value":""}]}]}
COMMAND: GET /session/f10bfffe94842169a26616823eaa69fd/screenshot - {}
RESULT: {}
COMMAND: POST /session/f10bfffe94842169a26616823eaa69fd/element - {"using":"xpath","value":"//span[contains(text(), \"General Management\")]"}
RESULT: {"using":"xpath","value":"//span[contains(text(), \"General Management\")]"}
COMMAND: POST /session/f10bfffe94842169a26616823eaa69fd/element/f.B31591FEBD8AE49568014889031CF3F7.d.F8BBC7ABDFBB867129161B34987763D2.e.2515/click - {}
RESULT: {}
COMMAND: GET /session/f10bfffe94842169a26616823eaa69fd/screenshot - {}
RESULT: {}
COMMAND: POST /session/f10bfffe94842169a26616823eaa69fd/element - {"using":"xpath","value":"//bdi[contains(text(), \"OK\")]"}
RESULT: {"using":"xpath","value":"//bdi[contains(text(), \"OK\")]"}
COMMAND: POST /session/f10bfffe94842169a26616823eaa69fd/element/f.B31591FEBD8AE49568014889031CF3F7.d.F8BBC7ABDFBB867129161B34987763D2.e.2516/click - {}
RESULT: {}
COMMAND: GET /session/f10bfffe94842169a26616823eaa69fd/screenshot - {}
RESULT: {}
COMMAND: POST /session/f10bfffe94842169a26616823eaa69fd/element - {"using":"xpath","value":"//input[@id=\"application-managesites-display-component---NewSite--addressDetailDetailsCalendar-inner\"]"}
RESULT: {"using":"xpath","value":"//input[@id=\"application-managesites-display-component---NewSite--addressDetailDetailsCalendar-inner\"]"}
COMMAND: POST /session/f10bfffe94842169a26616823eaa69fd/element/f.B31591FEBD8AE49568014889031CF3F7.d.F8BBC7ABDFBB867129161B34987763D2.e.2265/clear - {}
RESULT: {}
COMMAND: POST /session/f10bfffe94842169a26616823eaa69fd/element/f.B31591FEBD8AE49568014889031CF3F7.d.F8BBC7ABDFBB867129161B34987763D2.e.2265/value - {"text":"Unit"}
COMMAND: GET /session/f10bfffe94842169a26616823eaa69fd/screenshot - {}
RESULT: {"text":"Unit"}
COMMAND: GET /session/f10bfffe94842169a26616823eaa69fd/screenshot - {}
RESULT: {}
RESULT: {}
COMMAND: POST /session/f10bfffe94842169a26616823eaa69fd/actions - {"actions":[{"id":"action7","type":"key","parameters":{},"actions":[{"type":"keyDown","value":""},{"type":"pause","duration":10},{"type":"keyUp","value":""}]}]}
RESULT: {"actions":[{"id":"action7","type":"key","parameters":{},"actions":[{"type":"keyDown","value":""},{"type":"pause","duration":10},{"type":"keyUp","value":""}]}]}
COMMAND: POST /session/f10bfffe94842169a26616823eaa69fd/element - {"using":"xpath","value":"//input[@id=\"application-managesites-display-component---NewSite--addressDetailDetailsYard-inner\"]"}
COMMAND: GET /session/f10bfffe94842169a26616823eaa69fd/screenshot - {}
RESULT: {"using":"xpath","value":"//input[@id=\"application-managesites-display-component---NewSite--addressDetailDetailsYard-inner\"]"}
COMMAND: POST /session/f10bfffe94842169a26616823eaa69fd/element/f.B31591FEBD8AE49568014889031CF3F7.d.F8BBC7ABDFBB867129161B34987763D2.e.2266/clear - {}
RESULT: {}
RESULT: {}
COMMAND: POST /session/f10bfffe94842169a26616823eaa69fd/element/f.B31591FEBD8AE49568014889031CF3F7.d.F8BBC7ABDFBB867129161B34987763D2.e.2266/value - {"text":"571"}
COMMAND: GET /session/f10bfffe94842169a26616823eaa69fd/screenshot - {}
RESULT: {"text":"571"}
COMMAND: GET /session/f10bfffe94842169a26616823eaa69fd/screenshot - {}
RESULT: {}
RESULT: {}
COMMAND: POST /session/f10bfffe94842169a26616823eaa69fd/element - {"using":"xpath","value":"//li[.//span[text()='571']]"}
RESULT: {"using":"xpath","value":"//li[.//span[text()='571']]"}
COMMAND: POST /session/f10bfffe94842169a26616823eaa69fd/element/f.B31591FEBD8AE49568014889031CF3F7.d.F8BBC7ABDFBB867129161B34987763D2.e.2524/click - {}
RESULT: {}
COMMAND: GET /session/f10bfffe94842169a26616823eaa69fd/screenshot - {}
RESULT: {}
COMMAND: POST /session/f10bfffe94842169a26616823eaa69fd/element - {"using":"xpath","value":"//input[@id=\"application-managesites-display-component---NewSite--addressDetailDetailsPartner-inner\"]"}
RESULT: {"using":"xpath","value":"//input[@id=\"application-managesites-display-component---NewSite--addressDetailDetailsPartner-inner\"]"}
COMMAND: POST /session/f10bfffe94842169a26616823eaa69fd/element - {"using":"xpath","value":"//input[@id=\"application-managesites-display-component---NewSite--addressDetailDetailsPartner-inner\"]"}
RESULT: {"using":"xpath","value":"//input[@id=\"application-managesites-display-component---NewSite--addressDetailDetailsPartner-inner\"]"}
COMMAND: POST /session/f10bfffe94842169a26616823eaa69fd/element - {"using":"xpath","value":"//button[@data-kt=\"saveButton\"]"}
RESULT: {"using":"xpath","value":"//button[@data-kt=\"saveButton\"]"}
COMMAND: POST /session/f10bfffe94842169a26616823eaa69fd/element/f.B31591FEBD8AE49568014889031CF3F7.d.F8BBC7ABDFBB867129161B34987763D2.e.2450/click - {}
RESULT: {}
COMMAND: GET /session/f10bfffe94842169a26616823eaa69fd/screenshot - {}
RESULT: {}
COMMAND: POST /session/f10bfffe94842169a26616823eaa69fd/element - {"using":"xpath","value":"//header[contains(@id, 'ObjectPageLayout-headerTitle')]/div[1]/div[2]/div[2]/span[1]"}
RESULT: {"using":"xpath","value":"//header[contains(@id, 'ObjectPageLayout-headerTitle')]/div[1]/div[2]/div[2]/span[1]"}
COMMAND: POST /session/f10bfffe94842169a26616823eaa69fd/elements - {"using":"xpath","value":"//header[contains(@id, 'ObjectPageLayout-headerTitle')]/div[1]/div[2]/div[2]/span[1]"}
RESULT: {"using":"xpath","value":"//header[contains(@id, 'ObjectPageLayout-headerTitle')]/div[1]/div[2]/div[2]/span[1]"}
COMMAND: POST /session/f10bfffe94842169a26616823eaa69fd/execute/sync - {"script":"<script> [56 bytes]","args":[{"element-6066-11e4-a52e-4f735466cecf":"f.B31591FEBD8AE49568014889031CF3F7.d.F8BBC7ABDFBB867129161B34987763D2.e.2725","ELEMENT":"f.B31591FEBD8AE49568014889031CF3F7.d.F8BBC7ABDFBB867129161B34987763D2.e.2725"}]}
RESULT: {"script":"<script> [56 bytes]","args":[{"element-6066-11e4-a52e-4f735466cecf":"f.B31591FEBD8AE49568014889031CF3F7.d.F8BBC7ABDFBB867129161B34987763D2.e.2725","ELEMENT":"f.B31591FEBD8AE49568014889031CF3F7.d.F8BBC7ABDFBB867129161B34987763D2.e.2725"}]}
COMMAND: POST /session/f10bfffe94842169a26616823eaa69fd/element - {"using":"css selector","value":"#shell-header-logo"}
COMMAND: GET /session/f10bfffe94842169a26616823eaa69fd/screenshot - {}
RESULT: {"using":"css selector","value":"#shell-header-logo"}
COMMAND: POST /session/f10bfffe94842169a26616823eaa69fd/element/f.B31591FEBD8AE49568014889031CF3F7.d.F8BBC7ABDFBB867129161B34987763D2.e.1807/click - {}
RESULT: {}
RESULT: {}
COMMAND: GET /session/f10bfffe94842169a26616823eaa69fd/screenshot - {}
RESULT: {}
COMMAND: POST /session/f10bfffe94842169a26616823eaa69fd/execute/sync - {"script":"<script> [299 bytes]","args":[["getModel","getResource"]]}
RESULT: {"script":"<script> [299 bytes]","args":[["getModel","getResource"]]}
]]></system-out>
    </testcase>
    <testcase classname="chrome.135_0_7049_42.windows.Billing_confirm_US117289" name="Should create a new equipment" time="117.328">
      <system-out><![CDATA[
COMMAND: GET /session/f10bfffe94842169a26616823eaa69fd/screenshot - {}
COMMAND: POST /session/f10bfffe94842169a26616823eaa69fd/execute/async - {"script":"<script> [1562 bytes]","args":[{"selector":{"controlType":"sap.m.GenericTile","properties":{"header":"Manage Resources"}},"wdio_ui5_key":"sapm.GenericTile{\"header\":\"Manage Resources\"}"}]}
RESULT: {}
RESULT: {"script":"<script> [1562 bytes]","args":[{"selector":{"controlType":"sap.m.GenericTile","properties":{"header":"Manage Resources"}},"wdio_ui5_key":"sapm.GenericTile{\"header\":\"Manage Resources\"}"}]}
RESULT: undefined
COMMAND: POST /session/f10bfffe94842169a26616823eaa69fd/element - {"using":"xpath","value":"//*[@id=\"__tile39\"]"}
RESULT: {"using":"xpath","value":"//*[@id=\"__tile39\"]"}
COMMAND: POST /session/f10bfffe94842169a26616823eaa69fd/element/f.B31591FEBD8AE49568014889031CF3F7.d.F8BBC7ABDFBB867129161B34987763D2.e.156/click - {}
RESULT: {}
COMMAND: POST /session/f10bfffe94842169a26616823eaa69fd/element - {"using":"xpath","value":"//button[@data-kt=\"addNewRUOverflowToolbarButton\"]"}
COMMAND: GET /session/f10bfffe94842169a26616823eaa69fd/screenshot - {}
RESULT: {"using":"xpath","value":"//button[@data-kt=\"addNewRUOverflowToolbarButton\"]"}
COMMAND: POST /session/f10bfffe94842169a26616823eaa69fd/elements - {"using":"xpath","value":"//button[@data-kt=\"addNewRUOverflowToolbarButton\"]"}
RESULT: {}
RESULT: {"using":"xpath","value":"//button[@data-kt=\"addNewRUOverflowToolbarButton\"]"}
COMMAND: POST /session/f10bfffe94842169a26616823eaa69fd/elements - {"using":"xpath","value":"//button[@data-kt=\"addNewRUOverflowToolbarButton\"]"}
RESULT: {"using":"xpath","value":"//button[@data-kt=\"addNewRUOverflowToolbarButton\"]"}
COMMAND: POST /session/f10bfffe94842169a26616823eaa69fd/elements - {"using":"xpath","value":"//button[@data-kt=\"addNewRUOverflowToolbarButton\"]"}
RESULT: undefined
RESULT: undefined
RESULT: {"using":"xpath","value":"//button[@data-kt=\"addNewRUOverflowToolbarButton\"]"}
COMMAND: POST /session/f10bfffe94842169a26616823eaa69fd/elements - {"using":"xpath","value":"//button[@data-kt=\"addNewRUOverflowToolbarButton\"]"}
RESULT: {"using":"xpath","value":"//button[@data-kt=\"addNewRUOverflowToolbarButton\"]"}
COMMAND: POST /session/f10bfffe94842169a26616823eaa69fd/element - {"using":"xpath","value":"//button[@data-kt=\"addNewRUOverflowToolbarButton\"]"}
RESULT: {"using":"xpath","value":"//button[@data-kt=\"addNewRUOverflowToolbarButton\"]"}
COMMAND: POST /session/f10bfffe94842169a26616823eaa69fd/execute/sync - {"script":"<script> [8489 bytes]","args":[{"element-6066-11e4-a52e-4f735466cecf":"f.B31591FEBD8AE49568014889031CF3F7.d.F8BBC7ABDFBB867129161B34987763D2.e.2767","ELEMENT":"f.B31591FEBD8AE49568014889031CF3F7.d.F8BBC7ABDFBB867129161B34987763D2.e.2767"}]}
RESULT: {"script":"<script> [8489 bytes]","args":[{"element-6066-11e4-a52e-4f735466cecf":"f.B31591FEBD8AE49568014889031CF3F7.d.F8BBC7ABDFBB867129161B34987763D2.e.2767","ELEMENT":"f.B31591FEBD8AE49568014889031CF3F7.d.F8BBC7ABDFBB867129161B34987763D2.e.2767"}]}
COMMAND: GET /session/f10bfffe94842169a26616823eaa69fd/element/f.B31591FEBD8AE49568014889031CF3F7.d.F8BBC7ABDFBB867129161B34987763D2.e.2767/enabled - {}
COMMAND: GET /session/f10bfffe94842169a26616823eaa69fd/screenshot - {}
RESULT: {}
COMMAND: POST /session/f10bfffe94842169a26616823eaa69fd/execute/sync - {"script":"<script> [8489 bytes]","args":[{"element-6066-11e4-a52e-4f735466cecf":"f.B31591FEBD8AE49568014889031CF3F7.d.F8BBC7ABDFBB867129161B34987763D2.e.2767","ELEMENT":"f.B31591FEBD8AE49568014889031CF3F7.d.F8BBC7ABDFBB867129161B34987763D2.e.2767"}]}
COMMAND: GET /session/f10bfffe94842169a26616823eaa69fd/screenshot - {}
RESULT: {}
RESULT: {"script":"<script> [8489 bytes]","args":[{"element-6066-11e4-a52e-4f735466cecf":"f.B31591FEBD8AE49568014889031CF3F7.d.F8BBC7ABDFBB867129161B34987763D2.e.2767","ELEMENT":"f.B31591FEBD8AE49568014889031CF3F7.d.F8BBC7ABDFBB867129161B34987763D2.e.2767"}]}
COMMAND: POST /session/f10bfffe94842169a26616823eaa69fd/execute/sync - {"script":"<script> [5351 bytes]","args":[{"element-6066-11e4-a52e-4f735466cecf":"f.B31591FEBD8AE49568014889031CF3F7.d.F8BBC7ABDFBB867129161B34987763D2.e.2767","ELEMENT":"f.B31591FEBD8AE49568014889031CF3F7.d.F8BBC7ABDFBB867129161B34987763D2.e.2767"}]}
COMMAND: GET /session/f10bfffe94842169a26616823eaa69fd/screenshot - {}
RESULT: {}
RESULT: {"script":"<script> [5351 bytes]","args":[{"element-6066-11e4-a52e-4f735466cecf":"f.B31591FEBD8AE49568014889031CF3F7.d.F8BBC7ABDFBB867129161B34987763D2.e.2767","ELEMENT":"f.B31591FEBD8AE49568014889031CF3F7.d.F8BBC7ABDFBB867129161B34987763D2.e.2767"}]}
COMMAND: POST /session/f10bfffe94842169a26616823eaa69fd/element/f.B31591FEBD8AE49568014889031CF3F7.d.F8BBC7ABDFBB867129161B34987763D2.e.2767/click - {}
COMMAND: GET /session/f10bfffe94842169a26616823eaa69fd/screenshot - {}
RESULT: {}
RESULT: {}
COMMAND: GET /session/f10bfffe94842169a26616823eaa69fd/screenshot - {}
RESULT: {}
RESULT: {}
COMMAND: POST /session/f10bfffe94842169a26616823eaa69fd/execute/async - {"script":"<script> [1562 bytes]","args":[{"selector":{"id":"application-manageresources-display-component---newResourceUnit--TYPE-arrow"},"wdio_ui5_key":"applicationmanageresources-display-component---newResourceUnit--TYPE-arrow"}]}
RESULT: {"script":"<script> [1562 bytes]","args":[{"selector":{"id":"application-manageresources-display-component---newResourceUnit--TYPE-arrow"},"wdio_ui5_key":"applicationmanageresources-display-component---newResourceUnit--TYPE-arrow"}]}
RESULT: undefined
COMMAND: POST /session/f10bfffe94842169a26616823eaa69fd/element - {"using":"xpath","value":"//*[@id=\"application-manageresources-display-component---newResourceUnit--TYPE-arrow\"]"}
RESULT: {"using":"xpath","value":"//*[@id=\"application-manageresources-display-component---newResourceUnit--TYPE-arrow\"]"}
COMMAND: POST /session/f10bfffe94842169a26616823eaa69fd/element/f.B31591FEBD8AE49568014889031CF3F7.d.F8BBC7ABDFBB867129161B34987763D2.e.3113/click - {}
RESULT: {}
COMMAND: POST /session/f10bfffe94842169a26616823eaa69fd/element - {"using":"xpath","value":"//input[@id=\"application-manageresources-display-component---newResourceUnit--TYPE-inner\"]"}
COMMAND: GET /session/f10bfffe94842169a26616823eaa69fd/screenshot - {}
RESULT: {"using":"xpath","value":"//input[@id=\"application-manageresources-display-component---newResourceUnit--TYPE-inner\"]"}
COMMAND: POST /session/f10bfffe94842169a26616823eaa69fd/element/f.B31591FEBD8AE49568014889031CF3F7.d.F8BBC7ABDFBB867129161B34987763D2.e.3109/clear - {}
RESULT: {}
RESULT: {}
COMMAND: POST /session/f10bfffe94842169a26616823eaa69fd/element/f.B31591FEBD8AE49568014889031CF3F7.d.F8BBC7ABDFBB867129161B34987763D2.e.3109/value - {"text":"Equipment"}
COMMAND: GET /session/f10bfffe94842169a26616823eaa69fd/screenshot - {}
RESULT: {"text":"Equipment"}
COMMAND: GET /session/f10bfffe94842169a26616823eaa69fd/screenshot - {}
RESULT: {}
RESULT: {}
COMMAND: POST /session/f10bfffe94842169a26616823eaa69fd/actions - {"actions":[{"id":"action8","type":"key","parameters":{},"actions":[{"type":"keyDown","value":""},{"type":"pause","duration":10},{"type":"keyUp","value":""}]}]}
RESULT: {"actions":[{"id":"action8","type":"key","parameters":{},"actions":[{"type":"keyDown","value":""},{"type":"pause","duration":10},{"type":"keyUp","value":""}]}]}
COMMAND: POST /session/f10bfffe94842169a26616823eaa69fd/execute/async - {"script":"<script> [1562 bytes]","args":[{"selector":{"id":"application-manageresources-display-component---newResourceUnit--resourceId","interaction":{"idSuffix":"inner"}},"wdio_ui5_key":"applicationmanageresources-display-component---newResourceUnit--resourceId"}]}
COMMAND: GET /session/f10bfffe94842169a26616823eaa69fd/screenshot - {}
RESULT: {"script":"<script> [1562 bytes]","args":[{"selector":{"id":"application-manageresources-display-component---newResourceUnit--resourceId","interaction":{"idSuffix":"inner"}},"wdio_ui5_key":"applicationmanageresources-display-component---newResourceUnit--resourceId"}]}
RESULT: undefined
COMMAND: POST /session/f10bfffe94842169a26616823eaa69fd/execute/async - {"script":"<script> [776 bytes]","args":[{"enterText":"DluHczkweB","selector":{"id":"application-manageresources-display-component---newResourceUnit--resourceId","interaction":{"idSuffix":"inner"}},"clearTextFirst":true,"interactionType":"ENTER_TEXT"}]}
RESULT: {}
RESULT: {"script":"<script> [776 bytes]","args":[{"enterText":"DluHczkweB","selector":{"id":"application-manageresources-display-component---newResourceUnit--resourceId","interaction":{"idSuffix":"inner"}},"clearTextFirst":true,"interactionType":"ENTER_TEXT"}]}
COMMAND: POST /session/f10bfffe94842169a26616823eaa69fd/execute/async - {"script":"<script> [1562 bytes]","args":[{"selector":{"id":"application-manageresources-display-component---newResourceUnit--SHORT_TEXT","interaction":{"idSuffix":"inner"}},"wdio_ui5_key":"applicationmanageresources-display-component---newResourceUnit--SHORT_TEXT"}]}
RESULT: {"script":"<script> [1562 bytes]","args":[{"selector":{"id":"application-manageresources-display-component---newResourceUnit--SHORT_TEXT","interaction":{"idSuffix":"inner"}},"wdio_ui5_key":"applicationmanageresources-display-component---newResourceUnit--SHORT_TEXT"}]}
RESULT: undefined
COMMAND: POST /session/f10bfffe94842169a26616823eaa69fd/execute/async - {"script":"<script> [776 bytes]","args":[{"enterText":"Intercompany Equipment WDIO","selector":{"id":"application-manageresources-display-component---newResourceUnit--SHORT_TEXT","interaction":{"idSuffix":"inner"}},"clearTextFirst":true,"interactionType":"ENTER_TEXT"}]}
RESULT: {"script":"<script> [776 bytes]","args":[{"enterText":"Intercompany Equipment WDIO","selector":{"id":"application-manageresources-display-component---newResourceUnit--SHORT_TEXT","interaction":{"idSuffix":"inner"}},"clearTextFirst":true,"interactionType":"ENTER_TEXT"}]}
COMMAND: POST /session/f10bfffe94842169a26616823eaa69fd/execute/async - {"script":"<script> [1562 bytes]","args":[{"selector":{"id":"application-manageresources-display-component---newResourceUnit--BASE_UNIT_OF_MEASURE","interaction":{"idSuffix":"inner"}},"wdio_ui5_key":"applicationmanageresources-display-component---newResourceUnit--BASE_UNIT_OF_MEASURE"}]}
RESULT: {"script":"<script> [1562 bytes]","args":[{"selector":{"id":"application-manageresources-display-component---newResourceUnit--BASE_UNIT_OF_MEASURE","interaction":{"idSuffix":"inner"}},"wdio_ui5_key":"applicationmanageresources-display-component---newResourceUnit--BASE_UNIT_OF_MEASURE"}]}
RESULT: undefined
COMMAND: POST /session/f10bfffe94842169a26616823eaa69fd/execute/async - {"script":"<script> [776 bytes]","args":[{"enterText":"Piece","selector":{"id":"application-manageresources-display-component---newResourceUnit--BASE_UNIT_OF_MEASURE","interaction":{"idSuffix":"inner"}},"clearTextFirst":true,"interactionType":"ENTER_TEXT"}]}
RESULT: {"script":"<script> [776 bytes]","args":[{"enterText":"Piece","selector":{"id":"application-manageresources-display-component---newResourceUnit--BASE_UNIT_OF_MEASURE","interaction":{"idSuffix":"inner"}},"clearTextFirst":true,"interactionType":"ENTER_TEXT"}]}
COMMAND: POST /session/f10bfffe94842169a26616823eaa69fd/execute/async - {"script":"<script> [1562 bytes]","args":[{"selector":{"id":"application-manageresources-display-component---newResourceUnit--WEIGHT_UNIT","interaction":{"idSuffix":"inner"}},"wdio_ui5_key":"applicationmanageresources-display-component---newResourceUnit--WEIGHT_UNIT"}]}
RESULT: {"script":"<script> [1562 bytes]","args":[{"selector":{"id":"application-manageresources-display-component---newResourceUnit--WEIGHT_UNIT","interaction":{"idSuffix":"inner"}},"wdio_ui5_key":"applicationmanageresources-display-component---newResourceUnit--WEIGHT_UNIT"}]}
RESULT: undefined
COMMAND: POST /session/f10bfffe94842169a26616823eaa69fd/execute/async - {"script":"<script> [776 bytes]","args":[{"enterText":"Gram","selector":{"id":"application-manageresources-display-component---newResourceUnit--WEIGHT_UNIT","interaction":{"idSuffix":"inner"}},"clearTextFirst":true,"interactionType":"ENTER_TEXT"}]}
RESULT: {"script":"<script> [776 bytes]","args":[{"enterText":"Gram","selector":{"id":"application-manageresources-display-component---newResourceUnit--WEIGHT_UNIT","interaction":{"idSuffix":"inner"}},"clearTextFirst":true,"interactionType":"ENTER_TEXT"}]}
COMMAND: POST /session/f10bfffe94842169a26616823eaa69fd/execute/async - {"script":"<script> [1562 bytes]","args":[{"selector":{"id":"application-manageresources-display-component---newResourceUnit--DIMENSION_UNIT","interaction":{"idSuffix":"inner"}},"wdio_ui5_key":"applicationmanageresources-display-component---newResourceUnit--DIMENSION_UNIT"}]}
RESULT: {"script":"<script> [1562 bytes]","args":[{"selector":{"id":"application-manageresources-display-component---newResourceUnit--DIMENSION_UNIT","interaction":{"idSuffix":"inner"}},"wdio_ui5_key":"applicationmanageresources-display-component---newResourceUnit--DIMENSION_UNIT"}]}
RESULT: undefined
COMMAND: POST /session/f10bfffe94842169a26616823eaa69fd/execute/async - {"script":"<script> [776 bytes]","args":[{"enterText":"Meter","selector":{"id":"application-manageresources-display-component---newResourceUnit--DIMENSION_UNIT","interaction":{"idSuffix":"inner"}},"clearTextFirst":true,"interactionType":"ENTER_TEXT"}]}
RESULT: {"script":"<script> [776 bytes]","args":[{"enterText":"Meter","selector":{"id":"application-manageresources-display-component---newResourceUnit--DIMENSION_UNIT","interaction":{"idSuffix":"inner"}},"clearTextFirst":true,"interactionType":"ENTER_TEXT"}]}
COMMAND: POST /session/f10bfffe94842169a26616823eaa69fd/execute/async - {"script":"<script> [1562 bytes]","args":[{"selector":{"id":"application-manageresources-display-component---newResourceUnit--newRRUPage-anchBar-application-manageresources-display-component---newResourceUnit--control-anchor","interaction":{"idSuffix":"BDI-content"}},"wdio_ui5_key":"applicationmanageresources-display-component---newResourceUnit--newRRUPage-anchBar-application-manageresources-display-component---newResourceUnit--control-anchor"}]}
RESULT: {"script":"<script> [1562 bytes]","args":[{"selector":{"id":"application-manageresources-display-component---newResourceUnit--newRRUPage-anchBar-application-manageresources-display-component---newResourceUnit--control-anchor","interaction":{"idSuffix":"BDI-content"}},"wdio_ui5_key":"applicationmanageresources-display-component---newResourceUnit--newRRUPage-anchBar-application-manageresources-display-component---newResourceUnit--control-anchor"}]}
RESULT: undefined
COMMAND: POST /session/f10bfffe94842169a26616823eaa69fd/element - {"using":"xpath","value":"//*[@id=\"application-manageresources-display-component---newResourceUnit--newRRUPage-anchBar-application-manageresources-display-component---newResourceUnit--control-anchor\"]"}
RESULT: {"using":"xpath","value":"//*[@id=\"application-manageresources-display-component---newResourceUnit--newRRUPage-anchBar-application-manageresources-display-component---newResourceUnit--control-anchor\"]"}
COMMAND: POST /session/f10bfffe94842169a26616823eaa69fd/element/f.B31591FEBD8AE49568014889031CF3F7.d.F8BBC7ABDFBB867129161B34987763D2.e.3244/click - {}
RESULT: {}
COMMAND: POST /session/f10bfffe94842169a26616823eaa69fd/execute/async - {"script":"<script> [1562 bytes]","args":[{"selector":{"id":"application-manageresources-display-component---newResourceUnit--PLANNING_GROUP","interaction":{"idSuffix":"inner"}},"wdio_ui5_key":"applicationmanageresources-display-component---newResourceUnit--PLANNING_GROUP"}]}
COMMAND: GET /session/f10bfffe94842169a26616823eaa69fd/screenshot - {}
RESULT: {"script":"<script> [1562 bytes]","args":[{"selector":{"id":"application-manageresources-display-component---newResourceUnit--PLANNING_GROUP","interaction":{"idSuffix":"inner"}},"wdio_ui5_key":"applicationmanageresources-display-component---newResourceUnit--PLANNING_GROUP"}]}
RESULT: undefined
COMMAND: POST /session/f10bfffe94842169a26616823eaa69fd/execute/async - {"script":"<script> [776 bytes]","args":[{"enterText":"Heavy Equi","selector":{"id":"application-manageresources-display-component---newResourceUnit--PLANNING_GROUP","interaction":{"idSuffix":"inner"}},"clearTextFirst":true,"interactionType":"ENTER_TEXT"}]}
RESULT: {}
RESULT: {"script":"<script> [776 bytes]","args":[{"enterText":"Heavy Equi","selector":{"id":"application-manageresources-display-component---newResourceUnit--PLANNING_GROUP","interaction":{"idSuffix":"inner"}},"clearTextFirst":true,"interactionType":"ENTER_TEXT"}]}
COMMAND: POST /session/f10bfffe94842169a26616823eaa69fd/execute/async - {"script":"<script> [1562 bytes]","args":[{"selector":{"id":"application-manageresources-display-component---newResourceUnit--ITEM_TYPE-arrow"},"wdio_ui5_key":"applicationmanageresources-display-component---newResourceUnit--ITEM_TYPE-arrow"}]}
RESULT: {"script":"<script> [1562 bytes]","args":[{"selector":{"id":"application-manageresources-display-component---newResourceUnit--ITEM_TYPE-arrow"},"wdio_ui5_key":"applicationmanageresources-display-component---newResourceUnit--ITEM_TYPE-arrow"}]}
RESULT: undefined
COMMAND: POST /session/f10bfffe94842169a26616823eaa69fd/element - {"using":"xpath","value":"//*[@id=\"application-manageresources-display-component---newResourceUnit--ITEM_TYPE-arrow\"]"}
RESULT: {"using":"xpath","value":"//*[@id=\"application-manageresources-display-component---newResourceUnit--ITEM_TYPE-arrow\"]"}
COMMAND: POST /session/f10bfffe94842169a26616823eaa69fd/element/f.B31591FEBD8AE49568014889031CF3F7.d.F8BBC7ABDFBB867129161B34987763D2.e.3251/click - {}
RESULT: {}
COMMAND: POST /session/f10bfffe94842169a26616823eaa69fd/element - {"using":"xpath","value":"(//span[contains(text(), \"Resource Unit\")])[2]"}
COMMAND: GET /session/f10bfffe94842169a26616823eaa69fd/screenshot - {}
RESULT: {"using":"xpath","value":"(//span[contains(text(), \"Resource Unit\")])[2]"}
COMMAND: POST /session/f10bfffe94842169a26616823eaa69fd/element/f.B31591FEBD8AE49568014889031CF3F7.d.F8BBC7ABDFBB867129161B34987763D2.e.3252/click - {}
RESULT: {}
RESULT: {}
COMMAND: GET /session/f10bfffe94842169a26616823eaa69fd/screenshot - {}
RESULT: {}
COMMAND: POST /session/f10bfffe94842169a26616823eaa69fd/element - {"using":"css selector","value":"#application-manageresources-display-component---newResourceUnit--btnAddTimeSegment"}
RESULT: {"using":"css selector","value":"#application-manageresources-display-component---newResourceUnit--btnAddTimeSegment"}
COMMAND: GET /session/f10bfffe94842169a26616823eaa69fd/element/f.B31591FEBD8AE49568014889031CF3F7.d.F8BBC7ABDFBB867129161B34987763D2.e.3253/rect - {}
RESULT: {}
COMMAND: GET /session/f10bfffe94842169a26616823eaa69fd/window/rect - {}
RESULT: {}
COMMAND: POST /session/f10bfffe94842169a26616823eaa69fd/execute/sync - {"script":"<script> [92 bytes]","args":[]}
RESULT: {"script":"<script> [92 bytes]","args":[]}
COMMAND: POST /session/f10bfffe94842169a26616823eaa69fd/actions - {"actions":[{"id":"action9","type":"wheel","parameters":{},"actions":[{"type":"scroll","x":-1888,"y":-32,"deltaX":0,"deltaY":0,"duration":0,"origin":{"element-6066-11e4-a52e-4f735466cecf":"f.B31591FEBD8AE49568014889031CF3F7.d.F8BBC7ABDFBB867129161B34987763D2.e.3253"}}]}]}
COMMAND: GET /session/f10bfffe94842169a26616823eaa69fd/screenshot - {}
RESULT: {}
COMMAND: POST /session/f10bfffe94842169a26616823eaa69fd/execute/sync - {"script":"<script> [79 bytes]","args":[{"element-6066-11e4-a52e-4f735466cecf":"f.B31591FEBD8AE49568014889031CF3F7.d.F8BBC7ABDFBB867129161B34987763D2.e.3253","ELEMENT":"f.B31591FEBD8AE49568014889031CF3F7.d.F8BBC7ABDFBB867129161B34987763D2.e.3253"},{"block":"start","inline":"nearest"}]}
RESULT: {"script":"<script> [79 bytes]","args":[{"element-6066-11e4-a52e-4f735466cecf":"f.B31591FEBD8AE49568014889031CF3F7.d.F8BBC7ABDFBB867129161B34987763D2.e.3253","ELEMENT":"f.B31591FEBD8AE49568014889031CF3F7.d.F8BBC7ABDFBB867129161B34987763D2.e.3253"},{"block":"start","inline":"nearest"}]}
COMMAND: POST /session/f10bfffe94842169a26616823eaa69fd/execute/async - {"script":"<script> [1562 bytes]","args":[{"selector":{"id":"application-manageresources-display-component---newResourceUnit--btnAddTimeSegment","interaction":{"idSuffix":"inner"}},"wdio_ui5_key":"applicationmanageresources-display-component---newResourceUnit--btnAddTimeSegment"}]}
COMMAND: GET /session/f10bfffe94842169a26616823eaa69fd/screenshot - {}
RESULT: {"script":"<script> [1562 bytes]","args":[{"selector":{"id":"application-manageresources-display-component---newResourceUnit--btnAddTimeSegment","interaction":{"idSuffix":"inner"}},"wdio_ui5_key":"applicationmanageresources-display-component---newResourceUnit--btnAddTimeSegment"}]}
RESULT: undefined
COMMAND: POST /session/f10bfffe94842169a26616823eaa69fd/element - {"using":"xpath","value":"//*[@id=\"application-manageresources-display-component---newResourceUnit--btnAddTimeSegment\"]"}
RESULT: {}
RESULT: {"using":"xpath","value":"//*[@id=\"application-manageresources-display-component---newResourceUnit--btnAddTimeSegment\"]"}
COMMAND: POST /session/f10bfffe94842169a26616823eaa69fd/element/f.B31591FEBD8AE49568014889031CF3F7.d.F8BBC7ABDFBB867129161B34987763D2.e.3253/click - {}
RESULT: {}
COMMAND: GET /session/f10bfffe94842169a26616823eaa69fd/screenshot - {}
RESULT: {}
COMMAND: POST /session/f10bfffe94842169a26616823eaa69fd/element - {"using":"xpath","value":"//input[@id=\"application-manageresources-display-component---newResourceUnit--idRuTSAdmin-application-manageresources-display-component---newResourceUnit--RUTimeSegment-0-inner\"]"}
RESULT: {"using":"xpath","value":"//input[@id=\"application-manageresources-display-component---newResourceUnit--idRuTSAdmin-application-manageresources-display-component---newResourceUnit--RUTimeSegment-0-inner\"]"}
COMMAND: POST /session/f10bfffe94842169a26616823eaa69fd/element/f.B31591FEBD8AE49568014889031CF3F7.d.F8BBC7ABDFBB867129161B34987763D2.e.3259/clear - {}
RESULT: {}
COMMAND: POST /session/f10bfffe94842169a26616823eaa69fd/element/f.B31591FEBD8AE49568014889031CF3F7.d.F8BBC7ABDFBB867129161B34987763D2.e.3259/value - {"text":"571"}
COMMAND: GET /session/f10bfffe94842169a26616823eaa69fd/screenshot - {}
RESULT: {"text":"571"}
COMMAND: GET /session/f10bfffe94842169a26616823eaa69fd/screenshot - {}
RESULT: {}
RESULT: {}
COMMAND: POST /session/f10bfffe94842169a26616823eaa69fd/element - {"using":"xpath","value":"//li[.//span[text()='571']]"}
RESULT: {"using":"xpath","value":"//li[.//span[text()='571']]"}
COMMAND: POST /session/f10bfffe94842169a26616823eaa69fd/element/f.B31591FEBD8AE49568014889031CF3F7.d.F8BBC7ABDFBB867129161B34987763D2.e.3271/click - {}
RESULT: {}
COMMAND: GET /session/f10bfffe94842169a26616823eaa69fd/screenshot - {}
RESULT: {}
COMMAND: POST /session/f10bfffe94842169a26616823eaa69fd/element - {"using":"xpath","value":"(//span[contains(@id, \"-application-manageresources-display-component---newResourceUnit--RUTimeSegment-0-arrow\")])[6]"}
RESULT: {"using":"xpath","value":"(//span[contains(@id, \"-application-manageresources-display-component---newResourceUnit--RUTimeSegment-0-arrow\")])[6]"}
COMMAND: POST /session/f10bfffe94842169a26616823eaa69fd/element/f.B31591FEBD8AE49568014889031CF3F7.d.F8BBC7ABDFBB867129161B34987763D2.e.3272/click - {}
RESULT: {}
COMMAND: POST /session/f10bfffe94842169a26616823eaa69fd/element - {"using":"xpath","value":"//span[contains(text(), \"PM Order\")]"}
COMMAND: GET /session/f10bfffe94842169a26616823eaa69fd/screenshot - {}
RESULT: {"using":"xpath","value":"//span[contains(text(), \"PM Order\")]"}
COMMAND: POST /session/f10bfffe94842169a26616823eaa69fd/element/f.B31591FEBD8AE49568014889031CF3F7.d.F8BBC7ABDFBB867129161B34987763D2.e.3275/click - {}
RESULT: {}
RESULT: {}
COMMAND: GET /session/f10bfffe94842169a26616823eaa69fd/screenshot - {}
RESULT: {}
COMMAND: POST /session/f10bfffe94842169a26616823eaa69fd/element - {"using":"xpath","value":"(//span[contains(@id ,\"manageresources-display-component---newResourceUnit--RUTimeSegment-0-vhi\")])[2]"}
RESULT: {"using":"xpath","value":"(//span[contains(@id ,\"manageresources-display-component---newResourceUnit--RUTimeSegment-0-vhi\")])[2]"}
COMMAND: POST /session/f10bfffe94842169a26616823eaa69fd/element/f.B31591FEBD8AE49568014889031CF3F7.d.F8BBC7ABDFBB867129161B34987763D2.e.3278/click - {}
RESULT: {}
COMMAND: GET /session/f10bfffe94842169a26616823eaa69fd/screenshot - {}
RESULT: {}
RESULT: undefined
COMMAND: POST /session/f10bfffe94842169a26616823eaa69fd/execute/async - {"script":"<script> [776 bytes]","args":[{"enterText":"4000360","selector":{"controlType":"sap.m.SearchField","properties":{"placeholder":"Search"},"searchOpenDialogs":true,"interaction":{"idSuffix":"I"}},"clearTextFirst":true,"interactionType":"ENTER_TEXT"}]}
RESULT: {"script":"<script> [776 bytes]","args":[{"enterText":"4000360","selector":{"controlType":"sap.m.SearchField","properties":{"placeholder":"Search"},"searchOpenDialogs":true,"interaction":{"idSuffix":"I"}},"clearTextFirst":true,"interactionType":"ENTER_TEXT"}]}
COMMAND: POST /session/f10bfffe94842169a26616823eaa69fd/actions - {"actions":[{"id":"action10","type":"key","parameters":{},"actions":[{"type":"keyDown","value":""},{"type":"pause","duration":10},{"type":"keyUp","value":""}]}]}
RESULT: {"actions":[{"id":"action10","type":"key","parameters":{},"actions":[{"type":"keyDown","value":""},{"type":"pause","duration":10},{"type":"keyUp","value":""}]}]}
COMMAND: GET /session/f10bfffe94842169a26616823eaa69fd/screenshot - {}
RESULT: {}
COMMAND: POST /session/f10bfffe94842169a26616823eaa69fd/element - {"using":"xpath","value":"//td/div/span[contains(text(), \"BGL Vehicles\")]"}
RESULT: {"using":"xpath","value":"//td/div/span[contains(text(), \"BGL Vehicles\")]"}
COMMAND: POST /session/f10bfffe94842169a26616823eaa69fd/element/f.B31591FEBD8AE49568014889031CF3F7.d.F8BBC7ABDFBB867129161B34987763D2.e.3296/click - {}
RESULT: {}
COMMAND: GET /session/f10bfffe94842169a26616823eaa69fd/screenshot - {}
RESULT: {}
COMMAND: POST /session/f10bfffe94842169a26616823eaa69fd/element - {"using":"xpath","value":"//bdi[contains(text(), \"OK\")]"}
RESULT: {"using":"xpath","value":"//bdi[contains(text(), \"OK\")]"}
COMMAND: POST /session/f10bfffe94842169a26616823eaa69fd/element/f.B31591FEBD8AE49568014889031CF3F7.d.F8BBC7ABDFBB867129161B34987763D2.e.3297/click - {}
RESULT: {}
COMMAND: GET /session/f10bfffe94842169a26616823eaa69fd/screenshot - {}
RESULT: {}
COMMAND: POST /session/f10bfffe94842169a26616823eaa69fd/execute/async - {"script":"<script> [1562 bytes]","args":[{"selector":{"id":"application-manageresources-display-component---newResourceUnit--newRRUPage-anchBar-application-manageresources-display-component---newResourceUnit--resource-anchor","interaction":{"idSuffix":"BDI-content"}},"wdio_ui5_key":"applicationmanageresources-display-component---newResourceUnit--newRRUPage-anchBar-application-manageresources-display-component---newResourceUnit--resource-anchor"}]}
RESULT: {"script":"<script> [1562 bytes]","args":[{"selector":{"id":"application-manageresources-display-component---newResourceUnit--newRRUPage-anchBar-application-manageresources-display-component---newResourceUnit--resource-anchor","interaction":{"idSuffix":"BDI-content"}},"wdio_ui5_key":"applicationmanageresources-display-component---newResourceUnit--newRRUPage-anchBar-application-manageresources-display-component---newResourceUnit--resource-anchor"}]}
RESULT: undefined
COMMAND: POST /session/f10bfffe94842169a26616823eaa69fd/element - {"using":"xpath","value":"//*[@id=\"application-manageresources-display-component---newResourceUnit--newRRUPage-anchBar-application-manageresources-display-component---newResourceUnit--resource-anchor\"]"}
RESULT: {"using":"xpath","value":"//*[@id=\"application-manageresources-display-component---newResourceUnit--newRRUPage-anchBar-application-manageresources-display-component---newResourceUnit--resource-anchor\"]"}
COMMAND: POST /session/f10bfffe94842169a26616823eaa69fd/element/f.B31591FEBD8AE49568014889031CF3F7.d.F8BBC7ABDFBB867129161B34987763D2.e.3301/click - {}
RESULT: {}
COMMAND: POST /session/f10bfffe94842169a26616823eaa69fd/execute/async - {"script":"<script> [1562 bytes]","args":[{"selector":{"id":"application-manageresources-display-component---newResourceUnit--PLANNED_DELIVERY_DATE","interaction":{"idSuffix":"inner"}},"wdio_ui5_key":"applicationmanageresources-display-component---newResourceUnit--PLANNED_DELIVERY_DATE"}]}
COMMAND: GET /session/f10bfffe94842169a26616823eaa69fd/screenshot - {}
RESULT: {"script":"<script> [1562 bytes]","args":[{"selector":{"id":"application-manageresources-display-component---newResourceUnit--PLANNED_DELIVERY_DATE","interaction":{"idSuffix":"inner"}},"wdio_ui5_key":"applicationmanageresources-display-component---newResourceUnit--PLANNED_DELIVERY_DATE"}]}
RESULT: undefined
COMMAND: POST /session/f10bfffe94842169a26616823eaa69fd/execute/async - {"script":"<script> [6424 bytes]","args":[{"element-6066-11e4-a52e-4f735466cecf":"f.B31591FEBD8AE49568014889031CF3F7.d.F8BBC7ABDFBB867129161B34987763D2.e.3167"},"setValue",["4/18/25"]]}
RESULT: {}
RESULT: {"script":"<script> [6424 bytes]","args":[{"element-6066-11e4-a52e-4f735466cecf":"f.B31591FEBD8AE49568014889031CF3F7.d.F8BBC7ABDFBB867129161B34987763D2.e.3167"},"setValue",["4/18/25"]]}
COMMAND: POST /session/f10bfffe94842169a26616823eaa69fd/element - {"using":"xpath","value":"//button[@data-kt=\"resourceUnitSaveButton\"]"}
RESULT: {"using":"xpath","value":"//button[@data-kt=\"resourceUnitSaveButton\"]"}
COMMAND: POST /session/f10bfffe94842169a26616823eaa69fd/element/f.B31591FEBD8AE49568014889031CF3F7.d.F8BBC7ABDFBB867129161B34987763D2.e.3128/click - {}
RESULT: {}
COMMAND: GET /session/f10bfffe94842169a26616823eaa69fd/screenshot - {}
RESULT: {}
COMMAND: POST /session/f10bfffe94842169a26616823eaa69fd/element - {"using":"xpath","value":"//bdi[contains(text(), \"Close\")]"}
RESULT: {"using":"xpath","value":"//bdi[contains(text(), \"Close\")]"}
COMMAND: POST /session/f10bfffe94842169a26616823eaa69fd/element/f.B31591FEBD8AE49568014889031CF3F7.d.F8BBC7ABDFBB867129161B34987763D2.e.3309/click - {}
RESULT: {}
COMMAND: GET /session/f10bfffe94842169a26616823eaa69fd/screenshot - {}
RESULT: {}
COMMAND: POST /session/f10bfffe94842169a26616823eaa69fd/element - {"using":"xpath","value":"(//button[contains(@id ,\"actionsToolbar-overflowButton\")])[1]"}
RESULT: {"using":"xpath","value":"(//button[contains(@id ,\"actionsToolbar-overflowButton\")])[1]"}
COMMAND: POST /session/f10bfffe94842169a26616823eaa69fd/element/f.B31591FEBD8AE49568014889031CF3F7.d.F8BBC7ABDFBB867129161B34987763D2.e.3361/click - {}
RESULT: {}
COMMAND: GET /session/f10bfffe94842169a26616823eaa69fd/screenshot - {}
RESULT: {}
COMMAND: POST /session/f10bfffe94842169a26616823eaa69fd/element - {"using":"xpath","value":"//button[@data-kt=\"priceInfoButton\"]"}
RESULT: {"using":"xpath","value":"//button[@data-kt=\"priceInfoButton\"]"}
COMMAND: POST /session/f10bfffe94842169a26616823eaa69fd/element/f.B31591FEBD8AE49568014889031CF3F7.d.F8BBC7ABDFBB867129161B34987763D2.e.3369/click - {}
RESULT: {}
COMMAND: GET /session/f10bfffe94842169a26616823eaa69fd/screenshot - {}
RESULT: {}
]]></system-out>
    </testcase>
    <testcase classname="chrome.135_0_7049_42.windows.Billing_confirm_US117289" name="Should create new pricing rule" time="57.397">
      <system-out><![CDATA[
COMMAND: POST /session/f10bfffe94842169a26616823eaa69fd/element - {"using":"xpath","value":"//button[@data-kt=\"addButton\"]"}
RESULT: {"using":"xpath","value":"//button[@data-kt=\"addButton\"]"}
COMMAND: POST /session/f10bfffe94842169a26616823eaa69fd/elements - {"using":"xpath","value":"//button[@data-kt=\"addButton\"]"}
RESULT: {"using":"xpath","value":"//button[@data-kt=\"addButton\"]"}
COMMAND: POST /session/f10bfffe94842169a26616823eaa69fd/execute/sync - {"script":"<script> [8489 bytes]","args":[{"element-6066-11e4-a52e-4f735466cecf":"f.B31591FEBD8AE49568014889031CF3F7.d.F8BBC7ABDFBB867129161B34987763D2.e.3405","ELEMENT":"f.B31591FEBD8AE49568014889031CF3F7.d.F8BBC7ABDFBB867129161B34987763D2.e.3405"}]}
RESULT: {"script":"<script> [8489 bytes]","args":[{"element-6066-11e4-a52e-4f735466cecf":"f.B31591FEBD8AE49568014889031CF3F7.d.F8BBC7ABDFBB867129161B34987763D2.e.3405","ELEMENT":"f.B31591FEBD8AE49568014889031CF3F7.d.F8BBC7ABDFBB867129161B34987763D2.e.3405"}]}
COMMAND: GET /session/f10bfffe94842169a26616823eaa69fd/element/f.B31591FEBD8AE49568014889031CF3F7.d.F8BBC7ABDFBB867129161B34987763D2.e.3405/enabled - {}
COMMAND: GET /session/f10bfffe94842169a26616823eaa69fd/screenshot - {}
RESULT: {}
COMMAND: POST /session/f10bfffe94842169a26616823eaa69fd/execute/sync - {"script":"<script> [8489 bytes]","args":[{"element-6066-11e4-a52e-4f735466cecf":"f.B31591FEBD8AE49568014889031CF3F7.d.F8BBC7ABDFBB867129161B34987763D2.e.3405","ELEMENT":"f.B31591FEBD8AE49568014889031CF3F7.d.F8BBC7ABDFBB867129161B34987763D2.e.3405"}]}
COMMAND: GET /session/f10bfffe94842169a26616823eaa69fd/screenshot - {}
RESULT: {}
RESULT: {"script":"<script> [8489 bytes]","args":[{"element-6066-11e4-a52e-4f735466cecf":"f.B31591FEBD8AE49568014889031CF3F7.d.F8BBC7ABDFBB867129161B34987763D2.e.3405","ELEMENT":"f.B31591FEBD8AE49568014889031CF3F7.d.F8BBC7ABDFBB867129161B34987763D2.e.3405"}]}
COMMAND: POST /session/f10bfffe94842169a26616823eaa69fd/execute/sync - {"script":"<script> [5351 bytes]","args":[{"element-6066-11e4-a52e-4f735466cecf":"f.B31591FEBD8AE49568014889031CF3F7.d.F8BBC7ABDFBB867129161B34987763D2.e.3405","ELEMENT":"f.B31591FEBD8AE49568014889031CF3F7.d.F8BBC7ABDFBB867129161B34987763D2.e.3405"}]}
COMMAND: GET /session/f10bfffe94842169a26616823eaa69fd/screenshot - {}
RESULT: {}
RESULT: {"script":"<script> [5351 bytes]","args":[{"element-6066-11e4-a52e-4f735466cecf":"f.B31591FEBD8AE49568014889031CF3F7.d.F8BBC7ABDFBB867129161B34987763D2.e.3405","ELEMENT":"f.B31591FEBD8AE49568014889031CF3F7.d.F8BBC7ABDFBB867129161B34987763D2.e.3405"}]}
COMMAND: POST /session/f10bfffe94842169a26616823eaa69fd/element/f.B31591FEBD8AE49568014889031CF3F7.d.F8BBC7ABDFBB867129161B34987763D2.e.3405/click - {}
COMMAND: GET /session/f10bfffe94842169a26616823eaa69fd/screenshot - {}
RESULT: {}
RESULT: {}
COMMAND: GET /session/f10bfffe94842169a26616823eaa69fd/screenshot - {}
RESULT: {}
COMMAND: POST /session/f10bfffe94842169a26616823eaa69fd/execute/async - {"script":"<script> [1562 bytes]","args":[{"selector":{"controlType":"sap.m.Title","viewName":"etm.portal.ui.managepricingrules.view.NewItem","viewId":"application-managepricingrules-display-component---newInfoPriceItem","properties":{"text":"New Pricing Rules - Item Level"}},"wdio_ui5_key":"etmportal.ui.managepricingrules.view.NewItemsap.m.Title{\"text\":\"New Pricing Rules - Item Level\"}"}]}
RESULT: {}
RESULT: {"script":"<script> [1562 bytes]","args":[{"selector":{"controlType":"sap.m.Title","viewName":"etm.portal.ui.managepricingrules.view.NewItem","viewId":"application-managepricingrules-display-component---newInfoPriceItem","properties":{"text":"New Pricing Rules - Item Level"}},"wdio_ui5_key":"etmportal.ui.managepricingrules.view.NewItemsap.m.Title{\"text\":\"New Pricing Rules - Item Level\"}"}]}
RESULT: undefined
COMMAND: POST /session/f10bfffe94842169a26616823eaa69fd/execute/async - {"script":"<script> [6424 bytes]","args":[{"element-6066-11e4-a52e-4f735466cecf":"f.B31591FEBD8AE49568014889031CF3F7.d.F8BBC7ABDFBB867129161B34987763D2.e.3564"},"getText",[]]}
RESULT: {"script":"<script> [6424 bytes]","args":[{"element-6066-11e4-a52e-4f735466cecf":"f.B31591FEBD8AE49568014889031CF3F7.d.F8BBC7ABDFBB867129161B34987763D2.e.3564"},"getText",[]]}
COMMAND: POST /session/f10bfffe94842169a26616823eaa69fd/execute/async - {"script":"<script> [1562 bytes]","args":[{"selector":{"id":"application-managepricingrules-display-component---newInfoPriceItem--condValidTo","interaction":{"idSuffix":"inner"}},"wdio_ui5_key":"applicationmanagepricingrules-display-component---newInfoPriceItem--condValidTo"}]}
RESULT: {"script":"<script> [1562 bytes]","args":[{"selector":{"id":"application-managepricingrules-display-component---newInfoPriceItem--condValidTo","interaction":{"idSuffix":"inner"}},"wdio_ui5_key":"applicationmanagepricingrules-display-component---newInfoPriceItem--condValidTo"}]}
RESULT: undefined
COMMAND: POST /session/f10bfffe94842169a26616823eaa69fd/execute/async - {"script":"<script> [776 bytes]","args":[{"enterText":"12/18/25","selector":{"id":"application-managepricingrules-display-component---newInfoPriceItem--condValidTo","interaction":{"idSuffix":"inner"}},"clearTextFirst":true,"interactionType":"ENTER_TEXT"}]}
RESULT: {"script":"<script> [776 bytes]","args":[{"enterText":"12/18/25","selector":{"id":"application-managepricingrules-display-component---newInfoPriceItem--condValidTo","interaction":{"idSuffix":"inner"}},"clearTextFirst":true,"interactionType":"ENTER_TEXT"}]}
COMMAND: POST /session/f10bfffe94842169a26616823eaa69fd/execute/async - {"script":"<script> [1562 bytes]","args":[{"selector":{"id":"application-managepricingrules-display-component---newInfoPriceItem--billType-arrow"},"wdio_ui5_key":"applicationmanagepricingrules-display-component---newInfoPriceItem--billType-arrow"}]}
RESULT: {"script":"<script> [1562 bytes]","args":[{"selector":{"id":"application-managepricingrules-display-component---newInfoPriceItem--billType-arrow"},"wdio_ui5_key":"applicationmanagepricingrules-display-component---newInfoPriceItem--billType-arrow"}]}
RESULT: undefined
COMMAND: POST /session/f10bfffe94842169a26616823eaa69fd/element - {"using":"xpath","value":"//*[@id=\"application-managepricingrules-display-component---newInfoPriceItem--billType-arrow\"]"}
RESULT: {"using":"xpath","value":"//*[@id=\"application-managepricingrules-display-component---newInfoPriceItem--billType-arrow\"]"}
COMMAND: POST /session/f10bfffe94842169a26616823eaa69fd/element/f.B31591FEBD8AE49568014889031CF3F7.d.F8BBC7ABDFBB867129161B34987763D2.e.3566/click - {}
RESULT: {}
COMMAND: POST /session/f10bfffe94842169a26616823eaa69fd/element - {"using":"xpath","value":"//span[contains(text(), \"TB - Time based\")]"}
COMMAND: GET /session/f10bfffe94842169a26616823eaa69fd/screenshot - {}
RESULT: {"using":"xpath","value":"//span[contains(text(), \"TB - Time based\")]"}
COMMAND: POST /session/f10bfffe94842169a26616823eaa69fd/element/f.B31591FEBD8AE49568014889031CF3F7.d.F8BBC7ABDFBB867129161B34987763D2.e.3567/click - {}
RESULT: {}
RESULT: {}
COMMAND: POST /session/f10bfffe94842169a26616823eaa69fd/execute/async - {"script":"<script> [1562 bytes]","args":[{"selector":{"id":"application-managepricingrules-display-component---newInfoPriceItem--priceProc-arrow"},"wdio_ui5_key":"applicationmanagepricingrules-display-component---newInfoPriceItem--priceProc-arrow"}]}
COMMAND: GET /session/f10bfffe94842169a26616823eaa69fd/screenshot - {}
RESULT: {"script":"<script> [1562 bytes]","args":[{"selector":{"id":"application-managepricingrules-display-component---newInfoPriceItem--priceProc-arrow"},"wdio_ui5_key":"applicationmanagepricingrules-display-component---newInfoPriceItem--priceProc-arrow"}]}
RESULT: undefined
COMMAND: POST /session/f10bfffe94842169a26616823eaa69fd/element - {"using":"xpath","value":"//*[@id=\"application-managepricingrules-display-component---newInfoPriceItem--priceProc-arrow\"]"}
RESULT: {}
RESULT: {"using":"xpath","value":"//*[@id=\"application-managepricingrules-display-component---newInfoPriceItem--priceProc-arrow\"]"}
COMMAND: POST /session/f10bfffe94842169a26616823eaa69fd/element/f.B31591FEBD8AE49568014889031CF3F7.d.F8BBC7ABDFBB867129161B34987763D2.e.3530/click - {}
RESULT: {}
COMMAND: POST /session/f10bfffe94842169a26616823eaa69fd/element - {"using":"xpath","value":"//span[contains(text(), \"TBS - Time based standard\")]"}
COMMAND: GET /session/f10bfffe94842169a26616823eaa69fd/screenshot - {}
RESULT: {"using":"xpath","value":"//span[contains(text(), \"TBS - Time based standard\")]"}
COMMAND: POST /session/f10bfffe94842169a26616823eaa69fd/element/f.B31591FEBD8AE49568014889031CF3F7.d.F8BBC7ABDFBB867129161B34987763D2.e.3568/click - {}
RESULT: {}
RESULT: {}
COMMAND: POST /session/f10bfffe94842169a26616823eaa69fd/execute/async - {"script":"<script> [1562 bytes]","args":[{"selector":{"id":"application-managepricingrules-display-component---newInfoPriceItem--calcBase-arrow"},"wdio_ui5_key":"applicationmanagepricingrules-display-component---newInfoPriceItem--calcBase-arrow"}]}
COMMAND: GET /session/f10bfffe94842169a26616823eaa69fd/screenshot - {}
RESULT: {"script":"<script> [1562 bytes]","args":[{"selector":{"id":"application-managepricingrules-display-component---newInfoPriceItem--calcBase-arrow"},"wdio_ui5_key":"applicationmanagepricingrules-display-component---newInfoPriceItem--calcBase-arrow"}]}
RESULT: undefined
COMMAND: POST /session/f10bfffe94842169a26616823eaa69fd/element - {"using":"xpath","value":"//*[@id=\"application-managepricingrules-display-component---newInfoPriceItem--calcBase-arrow\"]"}
RESULT: {}
RESULT: {"using":"xpath","value":"//*[@id=\"application-managepricingrules-display-component---newInfoPriceItem--calcBase-arrow\"]"}
COMMAND: POST /session/f10bfffe94842169a26616823eaa69fd/element/f.B31591FEBD8AE49568014889031CF3F7.d.F8BBC7ABDFBB867129161B34987763D2.e.3537/click - {}
RESULT: {}
COMMAND: GET /session/f10bfffe94842169a26616823eaa69fd/screenshot - {}
RESULT: {}
COMMAND: POST /session/f10bfffe94842169a26616823eaa69fd/element - {"using":"xpath","value":"//span[contains(text(), \"0006 - TB(calendar days)\")]"}
RESULT: {"using":"xpath","value":"//span[contains(text(), \"0006 - TB(calendar days)\")]"}
COMMAND: POST /session/f10bfffe94842169a26616823eaa69fd/element/f.B31591FEBD8AE49568014889031CF3F7.d.F8BBC7ABDFBB867129161B34987763D2.e.3569/click - {}
RESULT: {}
COMMAND: GET /session/f10bfffe94842169a26616823eaa69fd/screenshot - {}
RESULT: {}
COMMAND: POST /session/f10bfffe94842169a26616823eaa69fd/execute/async - {"script":"<script> [1562 bytes]","args":[{"selector":{"id":"application-managepricingrules-display-component---newInfoPriceItem--daysMonth","interaction":{"idSuffix":"inner"}},"wdio_ui5_key":"applicationmanagepricingrules-display-component---newInfoPriceItem--daysMonth"}]}
RESULT: {"script":"<script> [1562 bytes]","args":[{"selector":{"id":"application-managepricingrules-display-component---newInfoPriceItem--daysMonth","interaction":{"idSuffix":"inner"}},"wdio_ui5_key":"applicationmanagepricingrules-display-component---newInfoPriceItem--daysMonth"}]}
RESULT: undefined
COMMAND: POST /session/f10bfffe94842169a26616823eaa69fd/execute/async - {"script":"<script> [776 bytes]","args":[{"enterText":"30","selector":{"id":"application-managepricingrules-display-component---newInfoPriceItem--daysMonth","interaction":{"idSuffix":"inner"}},"clearTextFirst":true,"interactionType":"ENTER_TEXT"}]}
RESULT: {"script":"<script> [776 bytes]","args":[{"enterText":"30","selector":{"id":"application-managepricingrules-display-component---newInfoPriceItem--daysMonth","interaction":{"idSuffix":"inner"}},"clearTextFirst":true,"interactionType":"ENTER_TEXT"}]}
COMMAND: POST /session/f10bfffe94842169a26616823eaa69fd/element - {"using":"xpath","value":"//button[@data-kt=\"saveNewRuleButton\"]"}
RESULT: {"using":"xpath","value":"//button[@data-kt=\"saveNewRuleButton\"]"}
COMMAND: POST /session/f10bfffe94842169a26616823eaa69fd/element/f.B31591FEBD8AE49568014889031CF3F7.d.F8BBC7ABDFBB867129161B34987763D2.e.3552/click - {}
RESULT: {}
COMMAND: GET /session/f10bfffe94842169a26616823eaa69fd/screenshot - {}
RESULT: {}
COMMAND: POST /session/f10bfffe94842169a26616823eaa69fd/execute/async - {"script":"<script> [1562 bytes]","args":[{"selector":{"id":"application-managepricingrules-display-component---priceInfoItem--smartFilterBar-btnBasicSearch","interaction":{"idSuffix":"I"}},"wdio_ui5_key":"applicationmanagepricingrules-display-component---priceInfoItem--smartFilterBar-btnBasicSearch"}]}
RESULT: {"script":"<script> [1562 bytes]","args":[{"selector":{"id":"application-managepricingrules-display-component---priceInfoItem--smartFilterBar-btnBasicSearch","interaction":{"idSuffix":"I"}},"wdio_ui5_key":"applicationmanagepricingrules-display-component---priceInfoItem--smartFilterBar-btnBasicSearch"}]}
RESULT: undefined
COMMAND: POST /session/f10bfffe94842169a26616823eaa69fd/execute/async - {"script":"<script> [776 bytes]","args":[{"enterText":"DluHczkweB","selector":{"id":"application-managepricingrules-display-component---priceInfoItem--smartFilterBar-btnBasicSearch","interaction":{"idSuffix":"I"}},"clearTextFirst":true,"interactionType":"ENTER_TEXT"}]}
RESULT: {"script":"<script> [776 bytes]","args":[{"enterText":"DluHczkweB","selector":{"id":"application-managepricingrules-display-component---priceInfoItem--smartFilterBar-btnBasicSearch","interaction":{"idSuffix":"I"}},"clearTextFirst":true,"interactionType":"ENTER_TEXT"}]}
COMMAND: POST /session/f10bfffe94842169a26616823eaa69fd/actions - {"actions":[{"id":"action11","type":"key","parameters":{},"actions":[{"type":"keyDown","value":""},{"type":"pause","duration":10},{"type":"keyUp","value":""}]}]}
RESULT: {"actions":[{"id":"action11","type":"key","parameters":{},"actions":[{"type":"keyDown","value":""},{"type":"pause","duration":10},{"type":"keyUp","value":""}]}]}
COMMAND: GET /session/f10bfffe94842169a26616823eaa69fd/screenshot - {}
RESULT: {}
COMMAND: POST /session/f10bfffe94842169a26616823eaa69fd/element - {"using":"xpath","value":"//span[@id=\"application-managepricingrules-display-component---priceInfoItem--smartTable-header-inner\"]"}
RESULT: {"using":"xpath","value":"//span[@id=\"application-managepricingrules-display-component---priceInfoItem--smartTable-header-inner\"]"}
COMMAND: POST /session/f10bfffe94842169a26616823eaa69fd/elements - {"using":"xpath","value":"//span[@id=\"application-managepricingrules-display-component---priceInfoItem--smartTable-header-inner\"]"}
RESULT: {"using":"xpath","value":"//span[@id=\"application-managepricingrules-display-component---priceInfoItem--smartTable-header-inner\"]"}
COMMAND: POST /session/f10bfffe94842169a26616823eaa69fd/execute/sync - {"script":"<script> [56 bytes]","args":[{"element-6066-11e4-a52e-4f735466cecf":"f.B31591FEBD8AE49568014889031CF3F7.d.F8BBC7ABDFBB867129161B34987763D2.e.3582","ELEMENT":"f.B31591FEBD8AE49568014889031CF3F7.d.F8BBC7ABDFBB867129161B34987763D2.e.3582"}]}
RESULT: {"script":"<script> [56 bytes]","args":[{"element-6066-11e4-a52e-4f735466cecf":"f.B31591FEBD8AE49568014889031CF3F7.d.F8BBC7ABDFBB867129161B34987763D2.e.3582","ELEMENT":"f.B31591FEBD8AE49568014889031CF3F7.d.F8BBC7ABDFBB867129161B34987763D2.e.3582"}]}
COMMAND: POST /session/f10bfffe94842169a26616823eaa69fd/element - {"using":"css selector","value":"#shell-header-logo"}
COMMAND: GET /session/f10bfffe94842169a26616823eaa69fd/screenshot - {}
RESULT: {"using":"css selector","value":"#shell-header-logo"}
COMMAND: POST /session/f10bfffe94842169a26616823eaa69fd/element/f.B31591FEBD8AE49568014889031CF3F7.d.F8BBC7ABDFBB867129161B34987763D2.e.2729/click - {}
RESULT: {}
RESULT: {}
COMMAND: GET /session/f10bfffe94842169a26616823eaa69fd/screenshot - {}
RESULT: {}
]]></system-out>
    </testcase>
    <testcase classname="chrome.135_0_7049_42.windows.Billing_confirm_US117289" name="Should create new condition for equipment" time="69.073">
      <system-out><![CDATA[
COMMAND: POST /session/f10bfffe94842169a26616823eaa69fd/execute/async - {"script":"<script> [1562 bytes]","args":[{"selector":{"controlType":"sap.m.Text","properties":{"text":"Manage Conditions & Prices"},"interaction":{"idSuffix":"inner"}},"wdio_ui5_key":"sapm.Text{\"text\":\"Manage Conditions & Prices\"}"}]}
RESULT: {"script":"<script> [1562 bytes]","args":[{"selector":{"controlType":"sap.m.Text","properties":{"text":"Manage Conditions & Prices"},"interaction":{"idSuffix":"inner"}},"wdio_ui5_key":"sapm.Text{\"text\":\"Manage Conditions & Prices\"}"}]}
RESULT: undefined
COMMAND: POST /session/f10bfffe94842169a26616823eaa69fd/element - {"using":"xpath","value":"//*[@id=\"__tile53-title\"]"}
RESULT: {"using":"xpath","value":"//*[@id=\"__tile53-title\"]"}
COMMAND: POST /session/f10bfffe94842169a26616823eaa69fd/element/f.B31591FEBD8AE49568014889031CF3F7.d.F8BBC7ABDFBB867129161B34987763D2.e.3585/click - {}
RESULT: {}
COMMAND: POST /session/f10bfffe94842169a26616823eaa69fd/element - {"using":"xpath","value":"//button[@aria-label=\"Create\"]"}
COMMAND: GET /session/f10bfffe94842169a26616823eaa69fd/screenshot - {}
RESULT: {"using":"xpath","value":"//button[@aria-label=\"Create\"]"}
COMMAND: POST /session/f10bfffe94842169a26616823eaa69fd/elements - {"using":"xpath","value":"//button[@aria-label=\"Create\"]"}
RESULT: {}
RESULT: {"using":"xpath","value":"//button[@aria-label=\"Create\"]"}
COMMAND: POST /session/f10bfffe94842169a26616823eaa69fd/elements - {"using":"xpath","value":"//button[@aria-label=\"Create\"]"}
RESULT: {"using":"xpath","value":"//button[@aria-label=\"Create\"]"}
COMMAND: POST /session/f10bfffe94842169a26616823eaa69fd/elements - {"using":"xpath","value":"//button[@aria-label=\"Create\"]"}
RESULT: {"using":"xpath","value":"//button[@aria-label=\"Create\"]"}
COMMAND: POST /session/f10bfffe94842169a26616823eaa69fd/elements - {"using":"xpath","value":"//button[@aria-label=\"Create\"]"}
RESULT: {"using":"xpath","value":"//button[@aria-label=\"Create\"]"}
COMMAND: POST /session/f10bfffe94842169a26616823eaa69fd/element - {"using":"xpath","value":"//button[@aria-label=\"Create\"]"}
RESULT: {"using":"xpath","value":"//button[@aria-label=\"Create\"]"}
COMMAND: POST /session/f10bfffe94842169a26616823eaa69fd/execute/sync - {"script":"<script> [8489 bytes]","args":[{"element-6066-11e4-a52e-4f735466cecf":"f.B31591FEBD8AE49568014889031CF3F7.d.F8BBC7ABDFBB867129161B34987763D2.e.3619","ELEMENT":"f.B31591FEBD8AE49568014889031CF3F7.d.F8BBC7ABDFBB867129161B34987763D2.e.3619"}]}
RESULT: {"script":"<script> [8489 bytes]","args":[{"element-6066-11e4-a52e-4f735466cecf":"f.B31591FEBD8AE49568014889031CF3F7.d.F8BBC7ABDFBB867129161B34987763D2.e.3619","ELEMENT":"f.B31591FEBD8AE49568014889031CF3F7.d.F8BBC7ABDFBB867129161B34987763D2.e.3619"}]}
COMMAND: GET /session/f10bfffe94842169a26616823eaa69fd/element/f.B31591FEBD8AE49568014889031CF3F7.d.F8BBC7ABDFBB867129161B34987763D2.e.3619/enabled - {}
COMMAND: GET /session/f10bfffe94842169a26616823eaa69fd/screenshot - {}
RESULT: {}
COMMAND: POST /session/f10bfffe94842169a26616823eaa69fd/execute/sync - {"script":"<script> [8489 bytes]","args":[{"element-6066-11e4-a52e-4f735466cecf":"f.B31591FEBD8AE49568014889031CF3F7.d.F8BBC7ABDFBB867129161B34987763D2.e.3619","ELEMENT":"f.B31591FEBD8AE49568014889031CF3F7.d.F8BBC7ABDFBB867129161B34987763D2.e.3619"}]}
COMMAND: GET /session/f10bfffe94842169a26616823eaa69fd/screenshot - {}
RESULT: {}
RESULT: {"script":"<script> [8489 bytes]","args":[{"element-6066-11e4-a52e-4f735466cecf":"f.B31591FEBD8AE49568014889031CF3F7.d.F8BBC7ABDFBB867129161B34987763D2.e.3619","ELEMENT":"f.B31591FEBD8AE49568014889031CF3F7.d.F8BBC7ABDFBB867129161B34987763D2.e.3619"}]}
COMMAND: POST /session/f10bfffe94842169a26616823eaa69fd/execute/sync - {"script":"<script> [5351 bytes]","args":[{"element-6066-11e4-a52e-4f735466cecf":"f.B31591FEBD8AE49568014889031CF3F7.d.F8BBC7ABDFBB867129161B34987763D2.e.3619","ELEMENT":"f.B31591FEBD8AE49568014889031CF3F7.d.F8BBC7ABDFBB867129161B34987763D2.e.3619"}]}
COMMAND: GET /session/f10bfffe94842169a26616823eaa69fd/screenshot - {}
RESULT: {}
RESULT: {"script":"<script> [5351 bytes]","args":[{"element-6066-11e4-a52e-4f735466cecf":"f.B31591FEBD8AE49568014889031CF3F7.d.F8BBC7ABDFBB867129161B34987763D2.e.3619","ELEMENT":"f.B31591FEBD8AE49568014889031CF3F7.d.F8BBC7ABDFBB867129161B34987763D2.e.3619"}]}
COMMAND: POST /session/f10bfffe94842169a26616823eaa69fd/element/f.B31591FEBD8AE49568014889031CF3F7.d.F8BBC7ABDFBB867129161B34987763D2.e.3619/click - {}
COMMAND: GET /session/f10bfffe94842169a26616823eaa69fd/screenshot - {}
RESULT: {}
RESULT: {}
COMMAND: GET /session/f10bfffe94842169a26616823eaa69fd/screenshot - {}
RESULT: {}
RESULT: {}
COMMAND: POST /session/f10bfffe94842169a26616823eaa69fd/actions - {"actions":[{"id":"action12","type":"key","parameters":{},"actions":[{"type":"keyDown","value":""},{"type":"pause","duration":10},{"type":"keyUp","value":""}]}]}
RESULT: {"actions":[{"id":"action12","type":"key","parameters":{},"actions":[{"type":"keyDown","value":""},{"type":"pause","duration":10},{"type":"keyUp","value":""}]}]}
COMMAND: GET /session/f10bfffe94842169a26616823eaa69fd/screenshot - {}
RESULT: {}
COMMAND: POST /session/f10bfffe94842169a26616823eaa69fd/execute/async - {"script":"<script> [1562 bytes]","args":[{"selector":{"id":"application-manageconditionprice-display-component---newCondition--condBillCond-arrow"},"wdio_ui5_key":"applicationmanageconditionprice-display-component---newCondition--condBillCond-arrow"}]}
RESULT: {"script":"<script> [1562 bytes]","args":[{"selector":{"id":"application-manageconditionprice-display-component---newCondition--condBillCond-arrow"},"wdio_ui5_key":"applicationmanageconditionprice-display-component---newCondition--condBillCond-arrow"}]}
RESULT: undefined
COMMAND: POST /session/f10bfffe94842169a26616823eaa69fd/element - {"using":"xpath","value":"//*[@id=\"application-manageconditionprice-display-component---newCondition--condBillCond-arrow\"]"}
RESULT: {"using":"xpath","value":"//*[@id=\"application-manageconditionprice-display-component---newCondition--condBillCond-arrow\"]"}
COMMAND: POST /session/f10bfffe94842169a26616823eaa69fd/element/f.B31591FEBD8AE49568014889031CF3F7.d.F8BBC7ABDFBB867129161B34987763D2.e.3798/click - {}
RESULT: {}
COMMAND: GET /session/f10bfffe94842169a26616823eaa69fd/screenshot - {}
RESULT: {}
COMMAND: POST /session/f10bfffe94842169a26616823eaa69fd/element - {"using":"xpath","value":"//li[.//span[contains(text(), \"DISP - D&I special price\")]]"}
RESULT: {"using":"xpath","value":"//li[.//span[contains(text(), \"DISP - D&I special price\")]]"}
COMMAND: POST /session/f10bfffe94842169a26616823eaa69fd/element/f.B31591FEBD8AE49568014889031CF3F7.d.F8BBC7ABDFBB867129161B34987763D2.e.3801/click - {}
RESULT: {}
COMMAND: GET /session/f10bfffe94842169a26616823eaa69fd/screenshot - {}
RESULT: {}
COMMAND: POST /session/f10bfffe94842169a26616823eaa69fd/execute/async - {"script":"<script> [1562 bytes]","args":[{"selector":{"id":"application-manageconditionprice-display-component---newCondition--condValidTo","interaction":{"idSuffix":"inner"}},"wdio_ui5_key":"applicationmanageconditionprice-display-component---newCondition--condValidTo"}]}
RESULT: {"script":"<script> [1562 bytes]","args":[{"selector":{"id":"application-manageconditionprice-display-component---newCondition--condValidTo","interaction":{"idSuffix":"inner"}},"wdio_ui5_key":"applicationmanageconditionprice-display-component---newCondition--condValidTo"}]}
RESULT: undefined
COMMAND: POST /session/f10bfffe94842169a26616823eaa69fd/execute/async - {"script":"<script> [776 bytes]","args":[{"enterText":"12/18/25","selector":{"id":"application-manageconditionprice-display-component---newCondition--condValidTo","interaction":{"idSuffix":"inner"}},"clearTextFirst":true,"interactionType":"ENTER_TEXT"}]}
RESULT: {"script":"<script> [776 bytes]","args":[{"enterText":"12/18/25","selector":{"id":"application-manageconditionprice-display-component---newCondition--condValidTo","interaction":{"idSuffix":"inner"}},"clearTextFirst":true,"interactionType":"ENTER_TEXT"}]}
COMMAND: POST /session/f10bfffe94842169a26616823eaa69fd/element - {"using":"xpath","value":"//input[@id=\"application-manageconditionprice-display-component---newCondition--condRU-inner\"]"}
RESULT: {"using":"xpath","value":"//input[@id=\"application-manageconditionprice-display-component---newCondition--condRU-inner\"]"}
COMMAND: POST /session/f10bfffe94842169a26616823eaa69fd/element/f.B31591FEBD8AE49568014889031CF3F7.d.F8BBC7ABDFBB867129161B34987763D2.e.3663/clear - {}
RESULT: {}
COMMAND: POST /session/f10bfffe94842169a26616823eaa69fd/element/f.B31591FEBD8AE49568014889031CF3F7.d.F8BBC7ABDFBB867129161B34987763D2.e.3663/value - {"text":"DluHczkweB"}
COMMAND: GET /session/f10bfffe94842169a26616823eaa69fd/screenshot - {}
RESULT: {"text":"DluHczkweB"}
COMMAND: GET /session/f10bfffe94842169a26616823eaa69fd/screenshot - {}
RESULT: {}
RESULT: {}
COMMAND: POST /session/f10bfffe94842169a26616823eaa69fd/actions - {"actions":[{"id":"action13","type":"key","parameters":{},"actions":[{"type":"keyDown","value":""},{"type":"pause","duration":10},{"type":"keyUp","value":""}]}]}
RESULT: {"actions":[{"id":"action13","type":"key","parameters":{},"actions":[{"type":"keyDown","value":""},{"type":"pause","duration":10},{"type":"keyUp","value":""}]}]}
COMMAND: POST /session/f10bfffe94842169a26616823eaa69fd/execute/async - {"script":"<script> [1562 bytes]","args":[{"selector":{"id":"application-manageconditionprice-display-component---newCondition--condBaseQty","interaction":{"idSuffix":"inner"}},"wdio_ui5_key":"applicationmanageconditionprice-display-component---newCondition--condBaseQty"}]}
COMMAND: GET /session/f10bfffe94842169a26616823eaa69fd/screenshot - {}
RESULT: {"script":"<script> [1562 bytes]","args":[{"selector":{"id":"application-manageconditionprice-display-component---newCondition--condBaseQty","interaction":{"idSuffix":"inner"}},"wdio_ui5_key":"applicationmanageconditionprice-display-component---newCondition--condBaseQty"}]}
RESULT: undefined
COMMAND: POST /session/f10bfffe94842169a26616823eaa69fd/execute/async - {"script":"<script> [776 bytes]","args":[{"enterText":"1","selector":{"id":"application-manageconditionprice-display-component---newCondition--condBaseQty","interaction":{"idSuffix":"inner"}},"clearTextFirst":true,"interactionType":"ENTER_TEXT"}]}
RESULT: {}
RESULT: {"script":"<script> [776 bytes]","args":[{"enterText":"1","selector":{"id":"application-manageconditionprice-display-component---newCondition--condBaseQty","interaction":{"idSuffix":"inner"}},"clearTextFirst":true,"interactionType":"ENTER_TEXT"}]}
COMMAND: POST /session/f10bfffe94842169a26616823eaa69fd/execute/async - {"script":"<script> [1562 bytes]","args":[{"selector":{"id":"application-manageconditionprice-display-component---newCondition--condValue","interaction":{"idSuffix":"inner"}},"wdio_ui5_key":"applicationmanageconditionprice-display-component---newCondition--condValue"}]}
RESULT: {"script":"<script> [1562 bytes]","args":[{"selector":{"id":"application-manageconditionprice-display-component---newCondition--condValue","interaction":{"idSuffix":"inner"}},"wdio_ui5_key":"applicationmanageconditionprice-display-component---newCondition--condValue"}]}
RESULT: undefined
COMMAND: POST /session/f10bfffe94842169a26616823eaa69fd/execute/async - {"script":"<script> [776 bytes]","args":[{"enterText":"100","selector":{"id":"application-manageconditionprice-display-component---newCondition--condValue","interaction":{"idSuffix":"inner"}},"clearTextFirst":true,"interactionType":"ENTER_TEXT"}]}
RESULT: {"script":"<script> [776 bytes]","args":[{"enterText":"100","selector":{"id":"application-manageconditionprice-display-component---newCondition--condValue","interaction":{"idSuffix":"inner"}},"clearTextFirst":true,"interactionType":"ENTER_TEXT"}]}
COMMAND: POST /session/f10bfffe94842169a26616823eaa69fd/execute/async - {"script":"<script> [1562 bytes]","args":[{"selector":{"id":"application-manageconditionprice-display-component---newCondition--condCurr-arrow"},"wdio_ui5_key":"applicationmanageconditionprice-display-component---newCondition--condCurr-arrow"}]}
RESULT: {"script":"<script> [1562 bytes]","args":[{"selector":{"id":"application-manageconditionprice-display-component---newCondition--condCurr-arrow"},"wdio_ui5_key":"applicationmanageconditionprice-display-component---newCondition--condCurr-arrow"}]}
RESULT: undefined
COMMAND: POST /session/f10bfffe94842169a26616823eaa69fd/element - {"using":"xpath","value":"//*[@id=\"application-manageconditionprice-display-component---newCondition--condCurr-arrow\"]"}
RESULT: {"using":"xpath","value":"//*[@id=\"application-manageconditionprice-display-component---newCondition--condCurr-arrow\"]"}
COMMAND: POST /session/f10bfffe94842169a26616823eaa69fd/element/f.B31591FEBD8AE49568014889031CF3F7.d.F8BBC7ABDFBB867129161B34987763D2.e.3757/click - {}
RESULT: {}
COMMAND: POST /session/f10bfffe94842169a26616823eaa69fd/element - {"using":"xpath","value":"//span[contains(text(), \"Euro\")]"}
COMMAND: GET /session/f10bfffe94842169a26616823eaa69fd/screenshot - {}
RESULT: {"using":"xpath","value":"//span[contains(text(), \"Euro\")]"}
COMMAND: POST /session/f10bfffe94842169a26616823eaa69fd/element/f.B31591FEBD8AE49568014889031CF3F7.d.F8BBC7ABDFBB867129161B34987763D2.e.3838/click - {}
RESULT: {}
RESULT: {}
COMMAND: POST /session/f10bfffe94842169a26616823eaa69fd/element - {"using":"xpath","value":"//button[@data-kt=\"saveButton\"]"}
COMMAND: GET /session/f10bfffe94842169a26616823eaa69fd/screenshot - {}
RESULT: {"using":"xpath","value":"//button[@data-kt=\"saveButton\"]"}
COMMAND: POST /session/f10bfffe94842169a26616823eaa69fd/element/f.B31591FEBD8AE49568014889031CF3F7.d.F8BBC7ABDFBB867129161B34987763D2.e.3758/click - {}
RESULT: {}
RESULT: {}
COMMAND: GET /session/f10bfffe94842169a26616823eaa69fd/screenshot - {}
RESULT: {}
COMMAND: POST /session/f10bfffe94842169a26616823eaa69fd/execute/async - {"script":"<script> [1562 bytes]","args":[{"selector":{"id":"application-manageconditionprice-display-component---conditions--smartFilterBar-btnBasicSearch","interaction":{"idSuffix":"I"}},"wdio_ui5_key":"applicationmanageconditionprice-display-component---conditions--smartFilterBar-btnBasicSearch"}]}
RESULT: {"script":"<script> [1562 bytes]","args":[{"selector":{"id":"application-manageconditionprice-display-component---conditions--smartFilterBar-btnBasicSearch","interaction":{"idSuffix":"I"}},"wdio_ui5_key":"applicationmanageconditionprice-display-component---conditions--smartFilterBar-btnBasicSearch"}]}
RESULT: undefined
COMMAND: POST /session/f10bfffe94842169a26616823eaa69fd/execute/async - {"script":"<script> [776 bytes]","args":[{"enterText":"DluHczkweB","selector":{"id":"application-manageconditionprice-display-component---conditions--smartFilterBar-btnBasicSearch","interaction":{"idSuffix":"I"}},"clearTextFirst":true,"interactionType":"ENTER_TEXT"}]}
RESULT: {"script":"<script> [776 bytes]","args":[{"enterText":"DluHczkweB","selector":{"id":"application-manageconditionprice-display-component---conditions--smartFilterBar-btnBasicSearch","interaction":{"idSuffix":"I"}},"clearTextFirst":true,"interactionType":"ENTER_TEXT"}]}
COMMAND: POST /session/f10bfffe94842169a26616823eaa69fd/actions - {"actions":[{"id":"action14","type":"key","parameters":{},"actions":[{"type":"keyDown","value":""},{"type":"pause","duration":10},{"type":"keyUp","value":""}]}]}
RESULT: {"actions":[{"id":"action14","type":"key","parameters":{},"actions":[{"type":"keyDown","value":""},{"type":"pause","duration":10},{"type":"keyUp","value":""}]}]}
COMMAND: GET /session/f10bfffe94842169a26616823eaa69fd/screenshot - {}
RESULT: {}
COMMAND: POST /session/f10bfffe94842169a26616823eaa69fd/execute/async - {"script":"<script> [1562 bytes]","args":[{"selector":{"id":"application-manageconditionprice-display-component---conditions--smartFilterBar-filterItemControl_BASIC-BILL_TYPES-vhi"},"wdio_ui5_key":"applicationmanageconditionprice-display-component---conditions--smartFilterBar-filterItemControl_BASIC-BILL_TYPES-vhi"}]}
RESULT: {"script":"<script> [1562 bytes]","args":[{"selector":{"id":"application-manageconditionprice-display-component---conditions--smartFilterBar-filterItemControl_BASIC-BILL_TYPES-vhi"},"wdio_ui5_key":"applicationmanageconditionprice-display-component---conditions--smartFilterBar-filterItemControl_BASIC-BILL_TYPES-vhi"}]}
RESULT: undefined
COMMAND: POST /session/f10bfffe94842169a26616823eaa69fd/element - {"using":"xpath","value":"//*[@id=\"application-manageconditionprice-display-component---conditions--smartFilterBar-filterItemControl_BASIC-BILL_TYPES-vhi\"]"}
RESULT: {"using":"xpath","value":"//*[@id=\"application-manageconditionprice-display-component---conditions--smartFilterBar-filterItemControl_BASIC-BILL_TYPES-vhi\"]"}
COMMAND: POST /session/f10bfffe94842169a26616823eaa69fd/element/f.B31591FEBD8AE49568014889031CF3F7.d.F8BBC7ABDFBB867129161B34987763D2.e.3945/click - {}
RESULT: {}
COMMAND: POST /session/f10bfffe94842169a26616823eaa69fd/execute/async - {"script":"<script> [1562 bytes]","args":[{"selector":{"id":"application-manageconditionprice-display-component---conditions--smartFilterBar-filterItemControl_BASIC-BILL_TYPES-valueHelpDialog-smartFilterBar-btnBasicSearch","searchOpenDialogs":true,"interaction":{"idSuffix":"I"}},"wdio_ui5_key":"applicationmanageconditionprice-display-component---conditions--smartFilterBar-filterItemControl_BASIC-BILL_TYPES-valueHelpDialog-smartFilterBar-btnBasicSearch"}]}
COMMAND: GET /session/f10bfffe94842169a26616823eaa69fd/screenshot - {}
RESULT: {"script":"<script> [1562 bytes]","args":[{"selector":{"id":"application-manageconditionprice-display-component---conditions--smartFilterBar-filterItemControl_BASIC-BILL_TYPES-valueHelpDialog-smartFilterBar-btnBasicSearch","searchOpenDialogs":true,"interaction":{"idSuffix":"I"}},"wdio_ui5_key":"applicationmanageconditionprice-display-component---conditions--smartFilterBar-filterItemControl_BASIC-BILL_TYPES-valueHelpDialog-smartFilterBar-btnBasicSearch"}]}
RESULT: undefined
COMMAND: POST /session/f10bfffe94842169a26616823eaa69fd/execute/async - {"script":"<script> [776 bytes]","args":[{"enterText":"TB","selector":{"id":"application-manageconditionprice-display-component---conditions--smartFilterBar-filterItemControl_BASIC-BILL_TYPES-valueHelpDialog-smartFilterBar-btnBasicSearch","searchOpenDialogs":true,"interaction":{"idSuffix":"I"}},"clearTextFirst":true,"interactionType":"ENTER_TEXT"}]}
RESULT: {}
RESULT: {"script":"<script> [776 bytes]","args":[{"enterText":"TB","selector":{"id":"application-manageconditionprice-display-component---conditions--smartFilterBar-filterItemControl_BASIC-BILL_TYPES-valueHelpDialog-smartFilterBar-btnBasicSearch","searchOpenDialogs":true,"interaction":{"idSuffix":"I"}},"clearTextFirst":true,"interactionType":"ENTER_TEXT"}]}
COMMAND: POST /session/f10bfffe94842169a26616823eaa69fd/actions - {"actions":[{"id":"action15","type":"key","parameters":{},"actions":[{"type":"keyDown","value":""},{"type":"pause","duration":10},{"type":"keyUp","value":""}]}]}
RESULT: {"actions":[{"id":"action15","type":"key","parameters":{},"actions":[{"type":"keyDown","value":""},{"type":"pause","duration":10},{"type":"keyUp","value":""}]}]}
COMMAND: GET /session/f10bfffe94842169a26616823eaa69fd/screenshot - {}
RESULT: {}
COMMAND: POST /session/f10bfffe94842169a26616823eaa69fd/element - {"using":"xpath","value":"//div[contains(@id, 'application-manageconditionprice-display-component---conditions--smartFilterBar-filterItemControl_BASIC-BILL_TYPES-valueHelpDialog-table-rowsel0')]"}
RESULT: {"using":"xpath","value":"//div[contains(@id, 'application-manageconditionprice-display-component---conditions--smartFilterBar-filterItemControl_BASIC-BILL_TYPES-valueHelpDialog-table-rowsel0')]"}
COMMAND: POST /session/f10bfffe94842169a26616823eaa69fd/element/f.B31591FEBD8AE49568014889031CF3F7.d.F8BBC7ABDFBB867129161B34987763D2.e.3955/click - {}
RESULT: {}
COMMAND: GET /session/f10bfffe94842169a26616823eaa69fd/screenshot - {}
RESULT: {}
COMMAND: POST /session/f10bfffe94842169a26616823eaa69fd/element - {"using":"xpath","value":"//bdi[contains(text(), \"OK\")]"}
RESULT: {"using":"xpath","value":"//bdi[contains(text(), \"OK\")]"}
COMMAND: POST /session/f10bfffe94842169a26616823eaa69fd/element/f.B31591FEBD8AE49568014889031CF3F7.d.F8BBC7ABDFBB867129161B34987763D2.e.3957/click - {}
RESULT: {}
COMMAND: GET /session/f10bfffe94842169a26616823eaa69fd/screenshot - {}
RESULT: {}
COMMAND: POST /session/f10bfffe94842169a26616823eaa69fd/element - {"using":"xpath","value":"//span[@id=\"application-manageconditionprice-display-component---conditions--smartTable-header-inner\"]"}
RESULT: {"using":"xpath","value":"//span[@id=\"application-manageconditionprice-display-component---conditions--smartTable-header-inner\"]"}
COMMAND: POST /session/f10bfffe94842169a26616823eaa69fd/elements - {"using":"xpath","value":"//span[@id=\"application-manageconditionprice-display-component---conditions--smartTable-header-inner\"]"}
RESULT: {"using":"xpath","value":"//span[@id=\"application-manageconditionprice-display-component---conditions--smartTable-header-inner\"]"}
COMMAND: POST /session/f10bfffe94842169a26616823eaa69fd/execute/sync - {"script":"<script> [56 bytes]","args":[{"element-6066-11e4-a52e-4f735466cecf":"f.B31591FEBD8AE49568014889031CF3F7.d.F8BBC7ABDFBB867129161B34987763D2.e.3960","ELEMENT":"f.B31591FEBD8AE49568014889031CF3F7.d.F8BBC7ABDFBB867129161B34987763D2.e.3960"}]}
RESULT: {"script":"<script> [56 bytes]","args":[{"element-6066-11e4-a52e-4f735466cecf":"f.B31591FEBD8AE49568014889031CF3F7.d.F8BBC7ABDFBB867129161B34987763D2.e.3960","ELEMENT":"f.B31591FEBD8AE49568014889031CF3F7.d.F8BBC7ABDFBB867129161B34987763D2.e.3960"}]}
COMMAND: POST /session/f10bfffe94842169a26616823eaa69fd/element - {"using":"css selector","value":"#shell-header-logo"}
COMMAND: GET /session/f10bfffe94842169a26616823eaa69fd/screenshot - {}
RESULT: {"using":"css selector","value":"#shell-header-logo"}
COMMAND: POST /session/f10bfffe94842169a26616823eaa69fd/element/f.B31591FEBD8AE49568014889031CF3F7.d.F8BBC7ABDFBB867129161B34987763D2.e.3587/click - {}
RESULT: {}
RESULT: {}
COMMAND: GET /session/f10bfffe94842169a26616823eaa69fd/screenshot - {}
RESULT: {}
]]></system-out>
    </testcase>
    <testcase classname="chrome.135_0_7049_42.windows.Billing_confirm_US117289" name="Should do a stock increase" time="93.787">
      <system-out><![CDATA[
COMMAND: POST /session/f10bfffe94842169a26616823eaa69fd/execute/async - {"script":"<script> [1562 bytes]","args":[{"selector":{"controlType":"sap.m.Text","viewName":"etm.portal.ui.managehandoverstile.view.Master","properties":{"text":"Manage Handovers"},"interaction":{"idSuffix":"inner"}},"wdio_ui5_key":"etmportal.ui.managehandoverstile.view.Mastersap.m.Text{\"text\":\"Manage Handovers\"}"}]}
RESULT: {"script":"<script> [1562 bytes]","args":[{"selector":{"controlType":"sap.m.Text","viewName":"etm.portal.ui.managehandoverstile.view.Master","properties":{"text":"Manage Handovers"},"interaction":{"idSuffix":"inner"}},"wdio_ui5_key":"etmportal.ui.managehandoverstile.view.Mastersap.m.Text{\"text\":\"Manage Handovers\"}"}]}
RESULT: undefined
COMMAND: POST /session/f10bfffe94842169a26616823eaa69fd/element - {"using":"xpath","value":"//*[@id=\"__tile133-title\"]"}
RESULT: {"using":"xpath","value":"//*[@id=\"__tile133-title\"]"}
COMMAND: POST /session/f10bfffe94842169a26616823eaa69fd/element/f.B31591FEBD8AE49568014889031CF3F7.d.F8BBC7ABDFBB867129161B34987763D2.e.3965/click - {}
RESULT: {}
COMMAND: POST /session/f10bfffe94842169a26616823eaa69fd/element - {"using":"xpath","value":"//button[@data-kt=\"masterHOAddButton\"]"}
COMMAND: GET /session/f10bfffe94842169a26616823eaa69fd/screenshot - {}
RESULT: {"using":"xpath","value":"//button[@data-kt=\"masterHOAddButton\"]"}
COMMAND: POST /session/f10bfffe94842169a26616823eaa69fd/elements - {"using":"xpath","value":"//button[@data-kt=\"masterHOAddButton\"]"}
RESULT: {}
RESULT: {"using":"xpath","value":"//button[@data-kt=\"masterHOAddButton\"]"}
COMMAND: POST /session/f10bfffe94842169a26616823eaa69fd/elements - {"using":"xpath","value":"//button[@data-kt=\"masterHOAddButton\"]"}
RESULT: {"using":"xpath","value":"//button[@data-kt=\"masterHOAddButton\"]"}
COMMAND: POST /session/f10bfffe94842169a26616823eaa69fd/elements - {"using":"xpath","value":"//button[@data-kt=\"masterHOAddButton\"]"}
RESULT: {"using":"xpath","value":"//button[@data-kt=\"masterHOAddButton\"]"}
COMMAND: POST /session/f10bfffe94842169a26616823eaa69fd/elements - {"using":"xpath","value":"//button[@data-kt=\"masterHOAddButton\"]"}
RESULT: {"using":"xpath","value":"//button[@data-kt=\"masterHOAddButton\"]"}
COMMAND: POST /session/f10bfffe94842169a26616823eaa69fd/elements - {"using":"xpath","value":"//button[@data-kt=\"masterHOAddButton\"]"}
RESULT: {"using":"xpath","value":"//button[@data-kt=\"masterHOAddButton\"]"}
COMMAND: POST /session/f10bfffe94842169a26616823eaa69fd/elements - {"using":"xpath","value":"//button[@data-kt=\"masterHOAddButton\"]"}
RESULT: {"using":"xpath","value":"//button[@data-kt=\"masterHOAddButton\"]"}
COMMAND: POST /session/f10bfffe94842169a26616823eaa69fd/elements - {"using":"xpath","value":"//button[@data-kt=\"masterHOAddButton\"]"}
RESULT: {"using":"xpath","value":"//button[@data-kt=\"masterHOAddButton\"]"}
COMMAND: POST /session/f10bfffe94842169a26616823eaa69fd/elements - {"using":"xpath","value":"//button[@data-kt=\"masterHOAddButton\"]"}
RESULT: {"using":"xpath","value":"//button[@data-kt=\"masterHOAddButton\"]"}
COMMAND: POST /session/f10bfffe94842169a26616823eaa69fd/elements - {"using":"xpath","value":"//button[@data-kt=\"masterHOAddButton\"]"}
RESULT: {"using":"xpath","value":"//button[@data-kt=\"masterHOAddButton\"]"}
COMMAND: POST /session/f10bfffe94842169a26616823eaa69fd/elements - {"using":"xpath","value":"//button[@data-kt=\"masterHOAddButton\"]"}
RESULT: {"using":"xpath","value":"//button[@data-kt=\"masterHOAddButton\"]"}
COMMAND: POST /session/f10bfffe94842169a26616823eaa69fd/element - {"using":"xpath","value":"//button[@data-kt=\"masterHOAddButton\"]"}
RESULT: {"using":"xpath","value":"//button[@data-kt=\"masterHOAddButton\"]"}
COMMAND: POST /session/f10bfffe94842169a26616823eaa69fd/execute/sync - {"script":"<script> [8489 bytes]","args":[{"element-6066-11e4-a52e-4f735466cecf":"f.B31591FEBD8AE49568014889031CF3F7.d.F8BBC7ABDFBB867129161B34987763D2.e.3996","ELEMENT":"f.B31591FEBD8AE49568014889031CF3F7.d.F8BBC7ABDFBB867129161B34987763D2.e.3996"}]}
RESULT: {"script":"<script> [8489 bytes]","args":[{"element-6066-11e4-a52e-4f735466cecf":"f.B31591FEBD8AE49568014889031CF3F7.d.F8BBC7ABDFBB867129161B34987763D2.e.3996","ELEMENT":"f.B31591FEBD8AE49568014889031CF3F7.d.F8BBC7ABDFBB867129161B34987763D2.e.3996"}]}
COMMAND: GET /session/f10bfffe94842169a26616823eaa69fd/element/f.B31591FEBD8AE49568014889031CF3F7.d.F8BBC7ABDFBB867129161B34987763D2.e.3996/enabled - {}
COMMAND: GET /session/f10bfffe94842169a26616823eaa69fd/screenshot - {}
RESULT: {}
COMMAND: POST /session/f10bfffe94842169a26616823eaa69fd/execute/sync - {"script":"<script> [8489 bytes]","args":[{"element-6066-11e4-a52e-4f735466cecf":"f.B31591FEBD8AE49568014889031CF3F7.d.F8BBC7ABDFBB867129161B34987763D2.e.3996","ELEMENT":"f.B31591FEBD8AE49568014889031CF3F7.d.F8BBC7ABDFBB867129161B34987763D2.e.3996"}]}
COMMAND: GET /session/f10bfffe94842169a26616823eaa69fd/screenshot - {}
RESULT: {}
RESULT: {"script":"<script> [8489 bytes]","args":[{"element-6066-11e4-a52e-4f735466cecf":"f.B31591FEBD8AE49568014889031CF3F7.d.F8BBC7ABDFBB867129161B34987763D2.e.3996","ELEMENT":"f.B31591FEBD8AE49568014889031CF3F7.d.F8BBC7ABDFBB867129161B34987763D2.e.3996"}]}
COMMAND: POST /session/f10bfffe94842169a26616823eaa69fd/execute/sync - {"script":"<script> [5351 bytes]","args":[{"element-6066-11e4-a52e-4f735466cecf":"f.B31591FEBD8AE49568014889031CF3F7.d.F8BBC7ABDFBB867129161B34987763D2.e.3996","ELEMENT":"f.B31591FEBD8AE49568014889031CF3F7.d.F8BBC7ABDFBB867129161B34987763D2.e.3996"}]}
COMMAND: GET /session/f10bfffe94842169a26616823eaa69fd/screenshot - {}
RESULT: {}
RESULT: {"script":"<script> [5351 bytes]","args":[{"element-6066-11e4-a52e-4f735466cecf":"f.B31591FEBD8AE49568014889031CF3F7.d.F8BBC7ABDFBB867129161B34987763D2.e.3996","ELEMENT":"f.B31591FEBD8AE49568014889031CF3F7.d.F8BBC7ABDFBB867129161B34987763D2.e.3996"}]}
COMMAND: POST /session/f10bfffe94842169a26616823eaa69fd/element/f.B31591FEBD8AE49568014889031CF3F7.d.F8BBC7ABDFBB867129161B34987763D2.e.3996/click - {}
COMMAND: GET /session/f10bfffe94842169a26616823eaa69fd/screenshot - {}
RESULT: {}
RESULT: {}
COMMAND: GET /session/f10bfffe94842169a26616823eaa69fd/screenshot - {}
COMMAND: POST /session/f10bfffe94842169a26616823eaa69fd/element - {"using":"xpath","value":"//span[contains(@id ,\"AddNewHO--typeSelect-arrow\")]"}
RESULT: {}
RESULT: {}
RESULT: {"using":"xpath","value":"//span[contains(@id ,\"AddNewHO--typeSelect-arrow\")]"}
COMMAND: POST /session/f10bfffe94842169a26616823eaa69fd/element/f.B31591FEBD8AE49568014889031CF3F7.d.F8BBC7ABDFBB867129161B34987763D2.e.4338/click - {}
RESULT: {}
COMMAND: GET /session/f10bfffe94842169a26616823eaa69fd/screenshot - {}
RESULT: {}
COMMAND: POST /session/f10bfffe94842169a26616823eaa69fd/element - {"using":"xpath","value":"(//li[contains(text(), \"stock increase yard\")])[1]"}
RESULT: {"using":"xpath","value":"(//li[contains(text(), \"stock increase yard\")])[1]"}
COMMAND: POST /session/f10bfffe94842169a26616823eaa69fd/element/f.B31591FEBD8AE49568014889031CF3F7.d.F8BBC7ABDFBB867129161B34987763D2.e.4339/click - {}
RESULT: {}
COMMAND: GET /session/f10bfffe94842169a26616823eaa69fd/screenshot - {}
RESULT: {}
COMMAND: POST /session/f10bfffe94842169a26616823eaa69fd/execute/async - {"script":"<script> [1562 bytes]","args":[{"selector":{"id":"application-managehandovers-display-component---AddNewHO--dueDate","interaction":{"idSuffix":"inner"}},"wdio_ui5_key":"applicationmanagehandovers-display-component---AddNewHO--dueDate"}]}
RESULT: {"script":"<script> [1562 bytes]","args":[{"selector":{"id":"application-managehandovers-display-component---AddNewHO--dueDate","interaction":{"idSuffix":"inner"}},"wdio_ui5_key":"applicationmanagehandovers-display-component---AddNewHO--dueDate"}]}
RESULT: undefined
COMMAND: POST /session/f10bfffe94842169a26616823eaa69fd/execute/async - {"script":"<script> [6424 bytes]","args":[{"element-6066-11e4-a52e-4f735466cecf":"f.B31591FEBD8AE49568014889031CF3F7.d.F8BBC7ABDFBB867129161B34987763D2.e.4343"},"setValue",["04/18/2025"]]}
RESULT: {"script":"<script> [6424 bytes]","args":[{"element-6066-11e4-a52e-4f735466cecf":"f.B31591FEBD8AE49568014889031CF3F7.d.F8BBC7ABDFBB867129161B34987763D2.e.4343"},"setValue",["04/18/2025"]]}
COMMAND: POST /session/f10bfffe94842169a26616823eaa69fd/element - {"using":"xpath","value":"//input[@id=\"generalSectionFrg--receiveYard-inner\"]"}
RESULT: {"using":"xpath","value":"//input[@id=\"generalSectionFrg--receiveYard-inner\"]"}
COMMAND: POST /session/f10bfffe94842169a26616823eaa69fd/element/f.B31591FEBD8AE49568014889031CF3F7.d.F8BBC7ABDFBB867129161B34987763D2.e.4349/clear - {}
RESULT: {}
COMMAND: POST /session/f10bfffe94842169a26616823eaa69fd/element/f.B31591FEBD8AE49568014889031CF3F7.d.F8BBC7ABDFBB867129161B34987763D2.e.4349/value - {"text":"571"}
COMMAND: GET /session/f10bfffe94842169a26616823eaa69fd/screenshot - {}
RESULT: {"text":"571"}
COMMAND: GET /session/f10bfffe94842169a26616823eaa69fd/screenshot - {}
RESULT: {}
RESULT: {}
COMMAND: POST /session/f10bfffe94842169a26616823eaa69fd/element - {"using":"xpath","value":"//li[.//span[text()='571']]"}
RESULT: {"using":"xpath","value":"//li[.//span[text()='571']]"}
COMMAND: POST /session/f10bfffe94842169a26616823eaa69fd/element/f.B31591FEBD8AE49568014889031CF3F7.d.F8BBC7ABDFBB867129161B34987763D2.e.4364/click - {}
RESULT: {}
COMMAND: GET /session/f10bfffe94842169a26616823eaa69fd/screenshot - {}
RESULT: {}
COMMAND: POST /session/f10bfffe94842169a26616823eaa69fd/execute/async - {"script":"<script> [1562 bytes]","args":[{"selector":{"id":"application-managehandovers-display-component---AddNewHO--ObjectPageLayout-anchBar-application-managehandovers-display-component---AddNewHO--section4-anchor","interaction":{"idSuffix":"BDI-content"}},"wdio_ui5_key":"applicationmanagehandovers-display-component---AddNewHO--ObjectPageLayout-anchBar-application-managehandovers-display-component---AddNewHO--section4-anchor"}]}
RESULT: {"script":"<script> [1562 bytes]","args":[{"selector":{"id":"application-managehandovers-display-component---AddNewHO--ObjectPageLayout-anchBar-application-managehandovers-display-component---AddNewHO--section4-anchor","interaction":{"idSuffix":"BDI-content"}},"wdio_ui5_key":"applicationmanagehandovers-display-component---AddNewHO--ObjectPageLayout-anchBar-application-managehandovers-display-component---AddNewHO--section4-anchor"}]}
RESULT: undefined
COMMAND: POST /session/f10bfffe94842169a26616823eaa69fd/element - {"using":"xpath","value":"//*[@id=\"application-managehandovers-display-component---AddNewHO--ObjectPageLayout-anchBar-application-managehandovers-display-component---AddNewHO--section4-anchor\"]"}
RESULT: {"using":"xpath","value":"//*[@id=\"application-managehandovers-display-component---AddNewHO--ObjectPageLayout-anchBar-application-managehandovers-display-component---AddNewHO--section4-anchor\"]"}
COMMAND: POST /session/f10bfffe94842169a26616823eaa69fd/element/f.B31591FEBD8AE49568014889031CF3F7.d.F8BBC7ABDFBB867129161B34987763D2.e.4366/click - {}
RESULT: {}
COMMAND: POST /session/f10bfffe94842169a26616823eaa69fd/element - {"using":"xpath","value":"//button[@aria-label=\"Add\"]"}
COMMAND: GET /session/f10bfffe94842169a26616823eaa69fd/screenshot - {}
RESULT: {"using":"xpath","value":"//button[@aria-label=\"Add\"]"}
COMMAND: POST /session/f10bfffe94842169a26616823eaa69fd/element/f.B31591FEBD8AE49568014889031CF3F7.d.F8BBC7ABDFBB867129161B34987763D2.e.4370/click - {}
RESULT: {}
RESULT: {}
COMMAND: GET /session/f10bfffe94842169a26616823eaa69fd/screenshot - {}
RESULT: {}
COMMAND: POST /session/f10bfffe94842169a26616823eaa69fd/execute/async - {"script":"<script> [1562 bytes]","args":[{"selector":{"id":"application-managehandovers-display-component---AddNewHO--smartFilterBar-btnBasicSearch","searchOpenDialogs":true,"interaction":{"idSuffix":"I"}},"wdio_ui5_key":"applicationmanagehandovers-display-component---AddNewHO--smartFilterBar-btnBasicSearch"}]}
RESULT: {"script":"<script> [1562 bytes]","args":[{"selector":{"id":"application-managehandovers-display-component---AddNewHO--smartFilterBar-btnBasicSearch","searchOpenDialogs":true,"interaction":{"idSuffix":"I"}},"wdio_ui5_key":"applicationmanagehandovers-display-component---AddNewHO--smartFilterBar-btnBasicSearch"}]}
RESULT: undefined
COMMAND: POST /session/f10bfffe94842169a26616823eaa69fd/execute/async - {"script":"<script> [776 bytes]","args":[{"enterText":"DluHczkweB","selector":{"id":"application-managehandovers-display-component---AddNewHO--smartFilterBar-btnBasicSearch","searchOpenDialogs":true,"interaction":{"idSuffix":"I"}},"clearTextFirst":true,"interactionType":"ENTER_TEXT"}]}
RESULT: {"script":"<script> [776 bytes]","args":[{"enterText":"DluHczkweB","selector":{"id":"application-managehandovers-display-component---AddNewHO--smartFilterBar-btnBasicSearch","searchOpenDialogs":true,"interaction":{"idSuffix":"I"}},"clearTextFirst":true,"interactionType":"ENTER_TEXT"}]}
COMMAND: POST /session/f10bfffe94842169a26616823eaa69fd/actions - {"actions":[{"id":"action16","type":"key","parameters":{},"actions":[{"type":"keyDown","value":""},{"type":"pause","duration":10},{"type":"keyUp","value":""}]}]}
RESULT: {"actions":[{"id":"action16","type":"key","parameters":{},"actions":[{"type":"keyDown","value":""},{"type":"pause","duration":10},{"type":"keyUp","value":""}]}]}
COMMAND: GET /session/f10bfffe94842169a26616823eaa69fd/screenshot - {}
RESULT: {}
COMMAND: POST /session/f10bfffe94842169a26616823eaa69fd/execute/async - {"script":"<script> [1562 bytes]","args":[{"selector":{"id":"application-managehandovers-display-component---AddNewHO--popup-sa","searchOpenDialogs":true,"interaction":{"idSuffix":"CbBg"}},"wdio_ui5_key":"applicationmanagehandovers-display-component---AddNewHO--popup-sa"}]}
RESULT: {"script":"<script> [1562 bytes]","args":[{"selector":{"id":"application-managehandovers-display-component---AddNewHO--popup-sa","searchOpenDialogs":true,"interaction":{"idSuffix":"CbBg"}},"wdio_ui5_key":"applicationmanagehandovers-display-component---AddNewHO--popup-sa"}]}
RESULT: undefined
COMMAND: POST /session/f10bfffe94842169a26616823eaa69fd/element - {"using":"xpath","value":"//*[@id=\"application-managehandovers-display-component---AddNewHO--popup-sa\"]"}
RESULT: {"using":"xpath","value":"//*[@id=\"application-managehandovers-display-component---AddNewHO--popup-sa\"]"}
COMMAND: POST /session/f10bfffe94842169a26616823eaa69fd/element/f.B31591FEBD8AE49568014889031CF3F7.d.F8BBC7ABDFBB867129161B34987763D2.e.4524/click - {}
RESULT: {}
COMMAND: GET /session/f10bfffe94842169a26616823eaa69fd/screenshot - {}
RESULT: {}
COMMAND: POST /session/f10bfffe94842169a26616823eaa69fd/element - {"using":"xpath","value":"//bdi[contains(text(), \"Select\")]"}
RESULT: {"using":"xpath","value":"//bdi[contains(text(), \"Select\")]"}
COMMAND: POST /session/f10bfffe94842169a26616823eaa69fd/element/f.B31591FEBD8AE49568014889031CF3F7.d.F8BBC7ABDFBB867129161B34987763D2.e.4525/click - {}
RESULT: {}
COMMAND: GET /session/f10bfffe94842169a26616823eaa69fd/screenshot - {}
RESULT: {}
COMMAND: POST /session/f10bfffe94842169a26616823eaa69fd/element - {"using":"xpath","value":"//button[@data-kt=\"AddNewHOSaveButton\"]"}
RESULT: {"using":"xpath","value":"//button[@data-kt=\"AddNewHOSaveButton\"]"}
COMMAND: POST /session/f10bfffe94842169a26616823eaa69fd/element/f.B31591FEBD8AE49568014889031CF3F7.d.F8BBC7ABDFBB867129161B34987763D2.e.4529/click - {}
RESULT: {}
COMMAND: GET /session/f10bfffe94842169a26616823eaa69fd/screenshot - {}
RESULT: {}
COMMAND: POST /session/f10bfffe94842169a26616823eaa69fd/execute/async - {"script":"<script> [1562 bytes]","args":[{"selector":{"id":"receiptDatePicker","viewName":"etm.portal.ui.managehandovers.view.DetailExecuteHO","interaction":{"idSuffix":"inner"}},"wdio_ui5_key":"receiptDatePickeretmportal.ui.managehandovers.view.DetailExecuteHO"}]}
RESULT: {"script":"<script> [1562 bytes]","args":[{"selector":{"id":"receiptDatePicker","viewName":"etm.portal.ui.managehandovers.view.DetailExecuteHO","interaction":{"idSuffix":"inner"}},"wdio_ui5_key":"receiptDatePickeretmportal.ui.managehandovers.view.DetailExecuteHO"}]}
RESULT: undefined
COMMAND: POST /session/f10bfffe94842169a26616823eaa69fd/execute/async - {"script":"<script> [6424 bytes]","args":[{"element-6066-11e4-a52e-4f735466cecf":"f.B31591FEBD8AE49568014889031CF3F7.d.F8BBC7ABDFBB867129161B34987763D2.e.4556"},"setValue",["04/18/2025"]]}
RESULT: {"script":"<script> [6424 bytes]","args":[{"element-6066-11e4-a52e-4f735466cecf":"f.B31591FEBD8AE49568014889031CF3F7.d.F8BBC7ABDFBB867129161B34987763D2.e.4556"},"setValue",["04/18/2025"]]}
COMMAND: POST /session/f10bfffe94842169a26616823eaa69fd/element - {"using":"xpath","value":"//button[@data-kt=\"PickingTableConfirmAllButton\"]"}
RESULT: {"using":"xpath","value":"//button[@data-kt=\"PickingTableConfirmAllButton\"]"}
COMMAND: POST /session/f10bfffe94842169a26616823eaa69fd/element/f.B31591FEBD8AE49568014889031CF3F7.d.F8BBC7ABDFBB867129161B34987763D2.e.4571/click - {}
RESULT: {}
COMMAND: GET /session/f10bfffe94842169a26616823eaa69fd/screenshot - {}
RESULT: {}
COMMAND: POST /session/f10bfffe94842169a26616823eaa69fd/element - {"using":"xpath","value":"//bdi[contains(text(), \"OK\")]"}
RESULT: {"using":"xpath","value":"//bdi[contains(text(), \"OK\")]"}
COMMAND: POST /session/f10bfffe94842169a26616823eaa69fd/element/f.B31591FEBD8AE49568014889031CF3F7.d.F8BBC7ABDFBB867129161B34987763D2.e.4573/click - {}
RESULT: {}
COMMAND: GET /session/f10bfffe94842169a26616823eaa69fd/screenshot - {}
RESULT: {}
COMMAND: POST /session/f10bfffe94842169a26616823eaa69fd/element - {"using":"xpath","value":"(//bdi[contains(text(), \"Receive\")])[2]"}
RESULT: {"using":"xpath","value":"(//bdi[contains(text(), \"Receive\")])[2]"}
COMMAND: POST /session/f10bfffe94842169a26616823eaa69fd/element/f.B31591FEBD8AE49568014889031CF3F7.d.F8BBC7ABDFBB867129161B34987763D2.e.4575/click - {}
RESULT: {}
COMMAND: GET /session/f10bfffe94842169a26616823eaa69fd/screenshot - {}
RESULT: {}
COMMAND: POST /session/f10bfffe94842169a26616823eaa69fd/element - {"using":"css selector","value":"#shell-header-logo"}
RESULT: {"using":"css selector","value":"#shell-header-logo"}
COMMAND: POST /session/f10bfffe94842169a26616823eaa69fd/element/f.B31591FEBD8AE49568014889031CF3F7.d.F8BBC7ABDFBB867129161B34987763D2.e.3968/click - {}
RESULT: {}
COMMAND: GET /session/f10bfffe94842169a26616823eaa69fd/screenshot - {}
RESULT: {}
]]></system-out>
    </testcase>
    <testcase classname="chrome.135_0_7049_42.windows.Billing_confirm_US117289" name="Should create a new contract" time="57.24">
      <system-out><![CDATA[
COMMAND: POST /session/f10bfffe94842169a26616823eaa69fd/execute/async - {"script":"<script> [1562 bytes]","args":[{"selector":{"controlType":"sap.m.Text","viewName":"etm.portal.ui.managecontractstile.view.Master","properties":{"text":"Manage Contracts"},"interaction":{"idSuffix":"inner"}},"wdio_ui5_key":"etmportal.ui.managecontractstile.view.Mastersap.m.Text{\"text\":\"Manage Contracts\"}"}]}
RESULT: {"script":"<script> [1562 bytes]","args":[{"selector":{"controlType":"sap.m.Text","viewName":"etm.portal.ui.managecontractstile.view.Master","properties":{"text":"Manage Contracts"},"interaction":{"idSuffix":"inner"}},"wdio_ui5_key":"etmportal.ui.managecontractstile.view.Mastersap.m.Text{\"text\":\"Manage Contracts\"}"}]}
RESULT: undefined
COMMAND: POST /session/f10bfffe94842169a26616823eaa69fd/element - {"using":"xpath","value":"//*[@id=\"__tile130-title\"]"}
RESULT: {"using":"xpath","value":"//*[@id=\"__tile130-title\"]"}
COMMAND: POST /session/f10bfffe94842169a26616823eaa69fd/element/f.B31591FEBD8AE49568014889031CF3F7.d.F8BBC7ABDFBB867129161B34987763D2.e.4749/click - {}
RESULT: {}
COMMAND: GET /session/f10bfffe94842169a26616823eaa69fd/screenshot - {}
RESULT: {}
COMMAND: POST /session/f10bfffe94842169a26616823eaa69fd/element - {"using":"xpath","value":"//button[@data-kt=\"addButton\"]"}
RESULT: undefined
RESULT: {"using":"xpath","value":"//button[@data-kt=\"addButton\"]"}
COMMAND: POST /session/f10bfffe94842169a26616823eaa69fd/elements - {"using":"xpath","value":"//button[@data-kt=\"addButton\"]"}
RESULT: {"using":"xpath","value":"//button[@data-kt=\"addButton\"]"}
COMMAND: POST /session/f10bfffe94842169a26616823eaa69fd/execute/sync - {"script":"<script> [8489 bytes]","args":[{"element-6066-11e4-a52e-4f735466cecf":"f.B31591FEBD8AE49568014889031CF3F7.d.F8BBC7ABDFBB867129161B34987763D2.e.4777","ELEMENT":"f.B31591FEBD8AE49568014889031CF3F7.d.F8BBC7ABDFBB867129161B34987763D2.e.4777"}]}
RESULT: {"script":"<script> [8489 bytes]","args":[{"element-6066-11e4-a52e-4f735466cecf":"f.B31591FEBD8AE49568014889031CF3F7.d.F8BBC7ABDFBB867129161B34987763D2.e.4777","ELEMENT":"f.B31591FEBD8AE49568014889031CF3F7.d.F8BBC7ABDFBB867129161B34987763D2.e.4777"}]}
COMMAND: GET /session/f10bfffe94842169a26616823eaa69fd/element/f.B31591FEBD8AE49568014889031CF3F7.d.F8BBC7ABDFBB867129161B34987763D2.e.4777/enabled - {}
COMMAND: GET /session/f10bfffe94842169a26616823eaa69fd/screenshot - {}
RESULT: {}
COMMAND: POST /session/f10bfffe94842169a26616823eaa69fd/execute/sync - {"script":"<script> [8489 bytes]","args":[{"element-6066-11e4-a52e-4f735466cecf":"f.B31591FEBD8AE49568014889031CF3F7.d.F8BBC7ABDFBB867129161B34987763D2.e.4777","ELEMENT":"f.B31591FEBD8AE49568014889031CF3F7.d.F8BBC7ABDFBB867129161B34987763D2.e.4777"}]}
COMMAND: GET /session/f10bfffe94842169a26616823eaa69fd/screenshot - {}
RESULT: {}
RESULT: {"script":"<script> [8489 bytes]","args":[{"element-6066-11e4-a52e-4f735466cecf":"f.B31591FEBD8AE49568014889031CF3F7.d.F8BBC7ABDFBB867129161B34987763D2.e.4777","ELEMENT":"f.B31591FEBD8AE49568014889031CF3F7.d.F8BBC7ABDFBB867129161B34987763D2.e.4777"}]}
COMMAND: POST /session/f10bfffe94842169a26616823eaa69fd/execute/sync - {"script":"<script> [5351 bytes]","args":[{"element-6066-11e4-a52e-4f735466cecf":"f.B31591FEBD8AE49568014889031CF3F7.d.F8BBC7ABDFBB867129161B34987763D2.e.4777","ELEMENT":"f.B31591FEBD8AE49568014889031CF3F7.d.F8BBC7ABDFBB867129161B34987763D2.e.4777"}]}
COMMAND: GET /session/f10bfffe94842169a26616823eaa69fd/screenshot - {}
RESULT: {}
RESULT: {"script":"<script> [5351 bytes]","args":[{"element-6066-11e4-a52e-4f735466cecf":"f.B31591FEBD8AE49568014889031CF3F7.d.F8BBC7ABDFBB867129161B34987763D2.e.4777","ELEMENT":"f.B31591FEBD8AE49568014889031CF3F7.d.F8BBC7ABDFBB867129161B34987763D2.e.4777"}]}
COMMAND: GET /session/f10bfffe94842169a26616823eaa69fd/screenshot - {}
RESULT: {}
RESULT: {}
COMMAND: POST /session/f10bfffe94842169a26616823eaa69fd/element/f.B31591FEBD8AE49568014889031CF3F7.d.F8BBC7ABDFBB867129161B34987763D2.e.4777/click - {}
RESULT: {}
COMMAND: GET /session/f10bfffe94842169a26616823eaa69fd/screenshot - {}
RESULT: {}
COMMAND: POST /session/f10bfffe94842169a26616823eaa69fd/execute/async - {"script":"<script> [1562 bytes]","args":[{"selector":{"id":"application-managecontracts-display-component---AddNewContract--projectDescription","interaction":{"idSuffix":"inner"}},"wdio_ui5_key":"applicationmanagecontracts-display-component---AddNewContract--projectDescription"}]}
RESULT: {"script":"<script> [1562 bytes]","args":[{"selector":{"id":"application-managecontracts-display-component---AddNewContract--projectDescription","interaction":{"idSuffix":"inner"}},"wdio_ui5_key":"applicationmanagecontracts-display-component---AddNewContract--projectDescription"}]}
RESULT: undefined
COMMAND: POST /session/f10bfffe94842169a26616823eaa69fd/execute/async - {"script":"<script> [776 bytes]","args":[{"enterText":"Contract WDIO","selector":{"id":"application-managecontracts-display-component---AddNewContract--projectDescription","interaction":{"idSuffix":"inner"}},"clearTextFirst":true,"interactionType":"ENTER_TEXT"}]}
RESULT: {"script":"<script> [776 bytes]","args":[{"enterText":"Contract WDIO","selector":{"id":"application-managecontracts-display-component---AddNewContract--projectDescription","interaction":{"idSuffix":"inner"}},"clearTextFirst":true,"interactionType":"ENTER_TEXT"}]}
COMMAND: POST /session/f10bfffe94842169a26616823eaa69fd/element - {"using":"xpath","value":"//input[@id=\"application-managecontracts-display-component---AddNewContract--site-inner\"]"}
RESULT: {"using":"xpath","value":"//input[@id=\"application-managecontracts-display-component---AddNewContract--site-inner\"]"}
COMMAND: POST /session/f10bfffe94842169a26616823eaa69fd/element/f.B31591FEBD8AE49568014889031CF3F7.d.F8BBC7ABDFBB867129161B34987763D2.e.5129/clear - {}
RESULT: {}
COMMAND: POST /session/f10bfffe94842169a26616823eaa69fd/element/f.B31591FEBD8AE49568014889031CF3F7.d.F8BBC7ABDFBB867129161B34987763D2.e.5129/value - {"text":"2385"}
COMMAND: GET /session/f10bfffe94842169a26616823eaa69fd/screenshot - {}
RESULT: {"text":"2385"}
COMMAND: GET /session/f10bfffe94842169a26616823eaa69fd/screenshot - {}
RESULT: {}
RESULT: {}
COMMAND: POST /session/f10bfffe94842169a26616823eaa69fd/element - {"using":"xpath","value":"//li[.//span[text()='2385']]"}
RESULT: {"using":"xpath","value":"//li[.//span[text()='2385']]"}
COMMAND: POST /session/f10bfffe94842169a26616823eaa69fd/element/f.B31591FEBD8AE49568014889031CF3F7.d.F8BBC7ABDFBB867129161B34987763D2.e.5152/click - {}
RESULT: {}
COMMAND: GET /session/f10bfffe94842169a26616823eaa69fd/screenshot - {}
RESULT: {}
COMMAND: POST /session/f10bfffe94842169a26616823eaa69fd/element - {"using":"xpath","value":"//input[@id=\"application-managecontracts-display-component---AddNewContract--yardId-inner\"]"}
RESULT: {"using":"xpath","value":"//input[@id=\"application-managecontracts-display-component---AddNewContract--yardId-inner\"]"}
COMMAND: GET /session/f10bfffe94842169a26616823eaa69fd/element/f.B31591FEBD8AE49568014889031CF3F7.d.F8BBC7ABDFBB867129161B34987763D2.e.5130/property/value - {}
RESULT: {}
COMMAND: POST /session/f10bfffe94842169a26616823eaa69fd/element - {"using":"xpath","value":"//input[@id=\"application-managecontracts-display-component---AddNewContract--customerSelect-inner\"]"}
COMMAND: GET /session/f10bfffe94842169a26616823eaa69fd/screenshot - {}
RESULT: {"using":"xpath","value":"//input[@id=\"application-managecontracts-display-component---AddNewContract--customerSelect-inner\"]"}
COMMAND: POST /session/f10bfffe94842169a26616823eaa69fd/element/f.B31591FEBD8AE49568014889031CF3F7.d.F8BBC7ABDFBB867129161B34987763D2.e.5128/clear - {}
RESULT: {}
RESULT: {}
COMMAND: POST /session/f10bfffe94842169a26616823eaa69fd/element/f.B31591FEBD8AE49568014889031CF3F7.d.F8BBC7ABDFBB867129161B34987763D2.e.5128/value - {"text":"1425"}
COMMAND: GET /session/f10bfffe94842169a26616823eaa69fd/screenshot - {}
RESULT: {"text":"1425"}
COMMAND: GET /session/f10bfffe94842169a26616823eaa69fd/screenshot - {}
RESULT: {}
RESULT: {}
COMMAND: POST /session/f10bfffe94842169a26616823eaa69fd/element - {"using":"xpath","value":"//li[.//span[text()='1425']]"}
RESULT: {"using":"xpath","value":"//li[.//span[text()='1425']]"}
COMMAND: POST /session/f10bfffe94842169a26616823eaa69fd/element/f.B31591FEBD8AE49568014889031CF3F7.d.F8BBC7ABDFBB867129161B34987763D2.e.5155/click - {}
RESULT: {}
COMMAND: GET /session/f10bfffe94842169a26616823eaa69fd/screenshot - {}
RESULT: {}
COMMAND: POST /session/f10bfffe94842169a26616823eaa69fd/element - {"using":"xpath","value":"//button[@data-kt=\"saveButton\"]"}
RESULT: {"using":"xpath","value":"//button[@data-kt=\"saveButton\"]"}
COMMAND: POST /session/f10bfffe94842169a26616823eaa69fd/element/f.B31591FEBD8AE49568014889031CF3F7.d.F8BBC7ABDFBB867129161B34987763D2.e.5143/click - {}
RESULT: {}
COMMAND: GET /session/f10bfffe94842169a26616823eaa69fd/screenshot - {}
RESULT: {}
COMMAND: POST /session/f10bfffe94842169a26616823eaa69fd/element - {"using":"xpath","value":"//span[contains(@id ,\"contractDetailTitleNoExpanded\")]"}
RESULT: {"using":"xpath","value":"//span[contains(@id ,\"contractDetailTitleNoExpanded\")]"}
COMMAND: POST /session/f10bfffe94842169a26616823eaa69fd/elements - {"using":"xpath","value":"//span[contains(@id ,\"contractDetailTitleNoExpanded\")]"}
RESULT: {"using":"xpath","value":"//span[contains(@id ,\"contractDetailTitleNoExpanded\")]"}
COMMAND: POST /session/f10bfffe94842169a26616823eaa69fd/execute/sync - {"script":"<script> [56 bytes]","args":[{"element-6066-11e4-a52e-4f735466cecf":"f.B31591FEBD8AE49568014889031CF3F7.d.F8BBC7ABDFBB867129161B34987763D2.e.5226","ELEMENT":"f.B31591FEBD8AE49568014889031CF3F7.d.F8BBC7ABDFBB867129161B34987763D2.e.5226"}]}
RESULT: {"script":"<script> [56 bytes]","args":[{"element-6066-11e4-a52e-4f735466cecf":"f.B31591FEBD8AE49568014889031CF3F7.d.F8BBC7ABDFBB867129161B34987763D2.e.5226","ELEMENT":"f.B31591FEBD8AE49568014889031CF3F7.d.F8BBC7ABDFBB867129161B34987763D2.e.5226"}]}
COMMAND: GET /session/f10bfffe94842169a26616823eaa69fd/screenshot - {}
RESULT: {}
]]></system-out>
    </testcase>
    <testcase classname="chrome.135_0_7049_42.windows.Billing_confirm_US117289" name="Should add created equipment to contract" time="45.968">
      <system-out><![CDATA[
COMMAND: POST /session/f10bfffe94842169a26616823eaa69fd/element - {"using":"xpath","value":"//button[@data-kt=\"contractDetailEditBtnButton\"]"}
RESULT: {"using":"xpath","value":"//button[@data-kt=\"contractDetailEditBtnButton\"]"}
COMMAND: POST /session/f10bfffe94842169a26616823eaa69fd/element/f.B31591FEBD8AE49568014889031CF3F7.d.F8BBC7ABDFBB867129161B34987763D2.e.5228/click - {}
RESULT: {}
COMMAND: GET /session/f10bfffe94842169a26616823eaa69fd/screenshot - {}
RESULT: {}
COMMAND: POST /session/f10bfffe94842169a26616823eaa69fd/element - {"using":"xpath","value":"(//span[contains(text(), \"Additional Addresses\")])[2]"}
RESULT: {"using":"xpath","value":"(//span[contains(text(), \"Additional Addresses\")])[2]"}
COMMAND: POST /session/f10bfffe94842169a26616823eaa69fd/elements - {"using":"xpath","value":"(//span[contains(text(), \"Additional Addresses\")])[2]"}
RESULT: {"using":"xpath","value":"(//span[contains(text(), \"Additional Addresses\")])[2]"}
COMMAND: POST /session/f10bfffe94842169a26616823eaa69fd/elements - {"using":"xpath","value":"(//span[contains(text(), \"Additional Addresses\")])[2]"}
RESULT: {"using":"xpath","value":"(//span[contains(text(), \"Additional Addresses\")])[2]"}
COMMAND: POST /session/f10bfffe94842169a26616823eaa69fd/element - {"using":"xpath","value":"(//span[contains(text(), \"Additional Addresses\")])[2]"}
RESULT: {"using":"xpath","value":"(//span[contains(text(), \"Additional Addresses\")])[2]"}
COMMAND: POST /session/f10bfffe94842169a26616823eaa69fd/element/f.B31591FEBD8AE49568014889031CF3F7.d.F8BBC7ABDFBB867129161B34987763D2.e.5285/click - {}
RESULT: {}
COMMAND: GET /session/f10bfffe94842169a26616823eaa69fd/screenshot - {}
RESULT: {}
COMMAND: POST /session/f10bfffe94842169a26616823eaa69fd/element - {"using":"xpath","value":"//button[@data-kt=\"btnAddTableRowOverflowToolbarButton\"]"}
RESULT: {"using":"xpath","value":"//button[@data-kt=\"btnAddTableRowOverflowToolbarButton\"]"}
COMMAND: POST /session/f10bfffe94842169a26616823eaa69fd/element/f.B31591FEBD8AE49568014889031CF3F7.d.F8BBC7ABDFBB867129161B34987763D2.e.5287/click - {}
RESULT: {}
COMMAND: GET /session/f10bfffe94842169a26616823eaa69fd/screenshot - {}
RESULT: {}
COMMAND: POST /session/f10bfffe94842169a26616823eaa69fd/element - {"using":"xpath","value":"//div[(text() = 'Standard Entry' or . = 'Standard Entry')]"}
RESULT: {"using":"xpath","value":"//div[(text() = 'Standard Entry' or . = 'Standard Entry')]"}
COMMAND: POST /session/f10bfffe94842169a26616823eaa69fd/element/f.B31591FEBD8AE49568014889031CF3F7.d.F8BBC7ABDFBB867129161B34987763D2.e.5289/click - {}
RESULT: {}
COMMAND: GET /session/f10bfffe94842169a26616823eaa69fd/screenshot - {}
RESULT: {}
COMMAND: POST /session/f10bfffe94842169a26616823eaa69fd/element - {"using":"xpath","value":"//td[7]/div/div/input"}
RESULT: {"using":"xpath","value":"//td[7]/div/div/input"}
COMMAND: POST /session/f10bfffe94842169a26616823eaa69fd/element/f.B31591FEBD8AE49568014889031CF3F7.d.F8BBC7ABDFBB867129161B34987763D2.e.5298/clear - {}
RESULT: {}
COMMAND: POST /session/f10bfffe94842169a26616823eaa69fd/element/f.B31591FEBD8AE49568014889031CF3F7.d.F8BBC7ABDFBB867129161B34987763D2.e.5298/value - {"text":"DluHczkweB"}
COMMAND: GET /session/f10bfffe94842169a26616823eaa69fd/screenshot - {}
RESULT: {"text":"DluHczkweB"}
COMMAND: GET /session/f10bfffe94842169a26616823eaa69fd/screenshot - {}
RESULT: {}
RESULT: {}
COMMAND: POST /session/f10bfffe94842169a26616823eaa69fd/actions - {"actions":[{"id":"action17","type":"key","parameters":{},"actions":[{"type":"keyDown","value":""},{"type":"pause","duration":10},{"type":"keyUp","value":""}]}]}
RESULT: {"actions":[{"id":"action17","type":"key","parameters":{},"actions":[{"type":"keyDown","value":""},{"type":"pause","duration":10},{"type":"keyUp","value":""}]}]}
COMMAND: GET /session/f10bfffe94842169a26616823eaa69fd/screenshot - {}
RESULT: {}
COMMAND: POST /session/f10bfffe94842169a26616823eaa69fd/element - {"using":"xpath","value":"(//button[@data-kt=\"saveButton\"])[2]"}
RESULT: {"using":"xpath","value":"(//button[@data-kt=\"saveButton\"])[2]"}
COMMAND: POST /session/f10bfffe94842169a26616823eaa69fd/element/f.B31591FEBD8AE49568014889031CF3F7.d.F8BBC7ABDFBB867129161B34987763D2.e.5313/click - {}
RESULT: {}
COMMAND: GET /session/f10bfffe94842169a26616823eaa69fd/screenshot - {}
RESULT: {}
COMMAND: POST /session/f10bfffe94842169a26616823eaa69fd/element - {"using":"xpath","value":"//span[contains(@id ,\"contractItemsSmartTable-header-inner\")]"}
RESULT: {"using":"xpath","value":"//span[contains(@id ,\"contractItemsSmartTable-header-inner\")]"}
COMMAND: POST /session/f10bfffe94842169a26616823eaa69fd/elements - {"using":"xpath","value":"//span[contains(@id ,\"contractItemsSmartTable-header-inner\")]"}
RESULT: {"using":"xpath","value":"//span[contains(@id ,\"contractItemsSmartTable-header-inner\")]"}
COMMAND: POST /session/f10bfffe94842169a26616823eaa69fd/execute/sync - {"script":"<script> [56 bytes]","args":[{"element-6066-11e4-a52e-4f735466cecf":"f.B31591FEBD8AE49568014889031CF3F7.d.F8BBC7ABDFBB867129161B34987763D2.e.5318","ELEMENT":"f.B31591FEBD8AE49568014889031CF3F7.d.F8BBC7ABDFBB867129161B34987763D2.e.5318"}]}
RESULT: {"script":"<script> [56 bytes]","args":[{"element-6066-11e4-a52e-4f735466cecf":"f.B31591FEBD8AE49568014889031CF3F7.d.F8BBC7ABDFBB867129161B34987763D2.e.5318","ELEMENT":"f.B31591FEBD8AE49568014889031CF3F7.d.F8BBC7ABDFBB867129161B34987763D2.e.5318"}]}
COMMAND: GET /session/f10bfffe94842169a26616823eaa69fd/screenshot - {}
]]></system-out>
    </testcase>
    <testcase classname="chrome.135_0_7049_42.windows.Billing_confirm_US117289" name="Should do a provide to site handover" time="63.348">
      <system-out><![CDATA[
COMMAND: POST /session/f10bfffe94842169a26616823eaa69fd/element - {"using":"xpath","value":"//button[@data-kt=\"provideButton\"]"}
RESULT: {}
RESULT: {"using":"xpath","value":"//button[@data-kt=\"provideButton\"]"}
COMMAND: POST /session/f10bfffe94842169a26616823eaa69fd/element/f.B31591FEBD8AE49568014889031CF3F7.d.F8BBC7ABDFBB867129161B34987763D2.e.5319/click - {}
RESULT: {}
COMMAND: GET /session/f10bfffe94842169a26616823eaa69fd/screenshot - {}
RESULT: {}
RESULT: undefined
COMMAND: POST /session/f10bfffe94842169a26616823eaa69fd/execute/async - {"script":"<script> [6424 bytes]","args":[{"element-6066-11e4-a52e-4f735466cecf":"f.B31591FEBD8AE49568014889031CF3F7.d.F8BBC7ABDFBB867129161B34987763D2.e.4343"},"setValue",["04/18/2025"]]}
COMMAND: POST /session/f10bfffe94842169a26616823eaa69fd/execute/async - {"script":"<script> [1562 bytes]","args":[{"selector":{"id":"application-managehandovers-display-component---AddNewHO--dueDate","interaction":{"idSuffix":"inner"}},"wdio_ui5_key":"applicationmanagehandovers-display-component---AddNewHO--dueDate"}]}
RESULT: {"script":"<script> [1562 bytes]","args":[{"selector":{"id":"application-managehandovers-display-component---AddNewHO--dueDate","interaction":{"idSuffix":"inner"}},"wdio_ui5_key":"applicationmanagehandovers-display-component---AddNewHO--dueDate"}]}
COMMAND: POST /session/f10bfffe94842169a26616823eaa69fd/execute/async - {"script":"<script> [6424 bytes]","args":[{"element-6066-11e4-a52e-4f735466cecf":"f.B31591FEBD8AE49568014889031CF3F7.d.F8BBC7ABDFBB867129161B34987763D2.e.5405"},"setValue",["04/18/2025"]]}
RESULT: {"script":"<script> [6424 bytes]","args":[{"element-6066-11e4-a52e-4f735466cecf":"f.B31591FEBD8AE49568014889031CF3F7.d.F8BBC7ABDFBB867129161B34987763D2.e.5405"},"setValue",["04/18/2025"]]}
COMMAND: POST /session/f10bfffe94842169a26616823eaa69fd/element - {"using":"xpath","value":"//bdi[contains(text(), \"Instructions\")]"}
RESULT: {"using":"xpath","value":"//bdi[contains(text(), \"Instructions\")]"}
COMMAND: POST /session/f10bfffe94842169a26616823eaa69fd/element/f.B31591FEBD8AE49568014889031CF3F7.d.F8BBC7ABDFBB867129161B34987763D2.e.5625/click - {}
RESULT: {}
COMMAND: GET /session/f10bfffe94842169a26616823eaa69fd/screenshot - {}
RESULT: {}
COMMAND: POST /session/f10bfffe94842169a26616823eaa69fd/element - {"using":"xpath","value":"//button[@data-kt=\"AddNewHOProvideAddItemsButton\"]"}
RESULT: {"using":"xpath","value":"//button[@data-kt=\"AddNewHOProvideAddItemsButton\"]"}
COMMAND: POST /session/f10bfffe94842169a26616823eaa69fd/element/f.B31591FEBD8AE49568014889031CF3F7.d.F8BBC7ABDFBB867129161B34987763D2.e.5629/click - {}
RESULT: {}
COMMAND: GET /session/f10bfffe94842169a26616823eaa69fd/screenshot - {}
RESULT: undefined
COMMAND: POST /session/f10bfffe94842169a26616823eaa69fd/element - {"using":"xpath","value":"//*[@id=\"application-managehandovers-display-component---AddNewHO--popup-sa\"]"}
RESULT: {}
RESULT: {"using":"xpath","value":"//*[@id=\"application-managehandovers-display-component---AddNewHO--popup-sa\"]"}
COMMAND: POST /session/f10bfffe94842169a26616823eaa69fd/element/f.B31591FEBD8AE49568014889031CF3F7.d.F8BBC7ABDFBB867129161B34987763D2.e.5645/click - {}
RESULT: {}
COMMAND: GET /session/f10bfffe94842169a26616823eaa69fd/screenshot - {}
RESULT: {}
COMMAND: POST /session/f10bfffe94842169a26616823eaa69fd/element - {"using":"xpath","value":"//*[contains(@id ,\"BDI-content\")][contains(text(), \"Select\")]"}
RESULT: {"using":"xpath","value":"//*[contains(@id ,\"BDI-content\")][contains(text(), \"Select\")]"}
COMMAND: POST /session/f10bfffe94842169a26616823eaa69fd/element/f.B31591FEBD8AE49568014889031CF3F7.d.F8BBC7ABDFBB867129161B34987763D2.e.5646/click - {}
RESULT: {}
COMMAND: GET /session/f10bfffe94842169a26616823eaa69fd/screenshot - {}
RESULT: {}
COMMAND: POST /session/f10bfffe94842169a26616823eaa69fd/execute/async - {"script":"<script> [1562 bytes]","args":[{"selector":{"id":"application-managehandovers-display-component---AddNewHO--confirmCreationButton","interaction":{"idSuffix":"BDI-content"}},"wdio_ui5_key":"applicationmanagehandovers-display-component---AddNewHO--confirmCreationButton"}]}
RESULT: {"script":"<script> [1562 bytes]","args":[{"selector":{"id":"application-managehandovers-display-component---AddNewHO--confirmCreationButton","interaction":{"idSuffix":"BDI-content"}},"wdio_ui5_key":"applicationmanagehandovers-display-component---AddNewHO--confirmCreationButton"}]}
RESULT: undefined
COMMAND: POST /session/f10bfffe94842169a26616823eaa69fd/element - {"using":"xpath","value":"//*[@id=\"application-managehandovers-display-component---AddNewHO--confirmCreationButton\"]"}
RESULT: {"using":"xpath","value":"//*[@id=\"application-managehandovers-display-component---AddNewHO--confirmCreationButton\"]"}
COMMAND: POST /session/f10bfffe94842169a26616823eaa69fd/element/f.B31591FEBD8AE49568014889031CF3F7.d.F8BBC7ABDFBB867129161B34987763D2.e.5450/click - {}
RESULT: {}
COMMAND: GET /session/f10bfffe94842169a26616823eaa69fd/screenshot - {}
RESULT: {}
COMMAND: POST /session/f10bfffe94842169a26616823eaa69fd/element - {"using":"xpath","value":"//button[@data-kt=\"PickingTableConfirmAllButton\"]"}
RESULT: {"using":"xpath","value":"//button[@data-kt=\"PickingTableConfirmAllButton\"]"}
COMMAND: POST /session/f10bfffe94842169a26616823eaa69fd/elements - {"using":"xpath","value":"//button[@data-kt=\"PickingTableConfirmAllButton\"]"}
RESULT: {"using":"xpath","value":"//button[@data-kt=\"PickingTableConfirmAllButton\"]"}
COMMAND: POST /session/f10bfffe94842169a26616823eaa69fd/elements - {"using":"xpath","value":"//button[@data-kt=\"PickingTableConfirmAllButton\"]"}
RESULT: {"using":"xpath","value":"//button[@data-kt=\"PickingTableConfirmAllButton\"]"}
COMMAND: POST /session/f10bfffe94842169a26616823eaa69fd/element - {"using":"xpath","value":"//button[@data-kt=\"PickingTableConfirmAllButton\"]"}
RESULT: {"using":"xpath","value":"//button[@data-kt=\"PickingTableConfirmAllButton\"]"}
COMMAND: POST /session/f10bfffe94842169a26616823eaa69fd/element/f.B31591FEBD8AE49568014889031CF3F7.d.F8BBC7ABDFBB867129161B34987763D2.e.5683/click - {}
COMMAND: POST /session/f10bfffe94842169a26616823eaa69fd/element - {"using":"xpath","value":"//button[@data-kt=\"PickingTableConfirmAllButton\"]"}
RESULT: {"using":"xpath","value":"//button[@data-kt=\"PickingTableConfirmAllButton\"]"}
COMMAND: POST /session/f10bfffe94842169a26616823eaa69fd/element/f.B31591FEBD8AE49568014889031CF3F7.d.F8BBC7ABDFBB867129161B34987763D2.e.5683/click - {}
COMMAND: POST /session/f10bfffe94842169a26616823eaa69fd/element - {"using":"xpath","value":"//button[@data-kt=\"PickingTableConfirmAllButton\"]"}
RESULT: {"using":"xpath","value":"//button[@data-kt=\"PickingTableConfirmAllButton\"]"}
COMMAND: POST /session/f10bfffe94842169a26616823eaa69fd/element/f.B31591FEBD8AE49568014889031CF3F7.d.F8BBC7ABDFBB867129161B34987763D2.e.5705/click - {}
RESULT: {}
COMMAND: GET /session/f10bfffe94842169a26616823eaa69fd/screenshot - {}
RESULT: {}
COMMAND: POST /session/f10bfffe94842169a26616823eaa69fd/element - {"using":"xpath","value":"//bdi[contains(text(), \"OK\")]"}
RESULT: {"using":"xpath","value":"//bdi[contains(text(), \"OK\")]"}
COMMAND: POST /session/f10bfffe94842169a26616823eaa69fd/element/f.B31591FEBD8AE49568014889031CF3F7.d.F8BBC7ABDFBB867129161B34987763D2.e.5708/click - {}
RESULT: {}
COMMAND: GET /session/f10bfffe94842169a26616823eaa69fd/screenshot - {}
RESULT: {}
COMMAND: POST /session/f10bfffe94842169a26616823eaa69fd/element - {"using":"xpath","value":"//bdi[contains(text(), \"Issue\")]"}
RESULT: {"using":"xpath","value":"//bdi[contains(text(), \"Issue\")]"}
COMMAND: POST /session/f10bfffe94842169a26616823eaa69fd/element/f.B31591FEBD8AE49568014889031CF3F7.d.F8BBC7ABDFBB867129161B34987763D2.e.5709/click - {}
RESULT: {}
COMMAND: GET /session/f10bfffe94842169a26616823eaa69fd/screenshot - {}
RESULT: {}
COMMAND: POST /session/f10bfffe94842169a26616823eaa69fd/element - {"using":"css selector","value":"#shell-header-logo"}
RESULT: {"using":"css selector","value":"#shell-header-logo"}
COMMAND: POST /session/f10bfffe94842169a26616823eaa69fd/element/f.B31591FEBD8AE49568014889031CF3F7.d.F8BBC7ABDFBB867129161B34987763D2.e.4751/click - {}
RESULT: {}
COMMAND: GET /session/f10bfffe94842169a26616823eaa69fd/screenshot - {}
RESULT: {}
]]></system-out>
    </testcase>
    <testcase classname="chrome.135_0_7049_42.windows.Billing_confirm_US117289" name="Should trigger calculation" time="75.14">
      <system-out><![CDATA[
COMMAND: POST /session/f10bfffe94842169a26616823eaa69fd/execute/async - {"script":"<script> [1562 bytes]","args":[{"selector":{"controlType":"sap.m.GenericTile","properties":{"header":"Manage Billings"}},"wdio_ui5_key":"sapm.GenericTile{\"header\":\"Manage Billings\"}"}]}
RESULT: {"script":"<script> [1562 bytes]","args":[{"selector":{"controlType":"sap.m.GenericTile","properties":{"header":"Manage Billings"}},"wdio_ui5_key":"sapm.GenericTile{\"header\":\"Manage Billings\"}"}]}
RESULT: undefined
COMMAND: POST /session/f10bfffe94842169a26616823eaa69fd/element - {"using":"xpath","value":"//*[@id=\"__tile51\"]"}
RESULT: {"using":"xpath","value":"//*[@id=\"__tile51\"]"}
COMMAND: POST /session/f10bfffe94842169a26616823eaa69fd/element/f.B31591FEBD8AE49568014889031CF3F7.d.F8BBC7ABDFBB867129161B34987763D2.e.199/click - {}
RESULT: {}
COMMAND: GET /session/f10bfffe94842169a26616823eaa69fd/screenshot - {}
RESULT: {}
COMMAND: POST /session/f10bfffe94842169a26616823eaa69fd/execute/async - {"script":"<script> [1562 bytes]","args":[{"selector":{"id":"application-managebillings-display-component---billRunCalcResult--smartFilterBar-btnBasicSearch","interaction":{"idSuffix":"I"}},"wdio_ui5_key":"applicationmanagebillings-display-component---billRunCalcResult--smartFilterBar-btnBasicSearch"}]}
RESULT: {"script":"<script> [1562 bytes]","args":[{"selector":{"id":"application-managebillings-display-component---billRunCalcResult--smartFilterBar-btnBasicSearch","interaction":{"idSuffix":"I"}},"wdio_ui5_key":"applicationmanagebillings-display-component---billRunCalcResult--smartFilterBar-btnBasicSearch"}]}
RESULT: undefined
COMMAND: POST /session/f10bfffe94842169a26616823eaa69fd/execute/async - {"script":"<script> [776 bytes]","args":[{"enterText":"10456","selector":{"id":"application-managebillings-display-component---billRunCalcResult--smartFilterBar-btnBasicSearch","interaction":{"idSuffix":"I"}},"clearTextFirst":true,"interactionType":"ENTER_TEXT"}]}
RESULT: {"script":"<script> [776 bytes]","args":[{"enterText":"10456","selector":{"id":"application-managebillings-display-component---billRunCalcResult--smartFilterBar-btnBasicSearch","interaction":{"idSuffix":"I"}},"clearTextFirst":true,"interactionType":"ENTER_TEXT"}]}
COMMAND: POST /session/f10bfffe94842169a26616823eaa69fd/actions - {"actions":[{"id":"action18","type":"key","parameters":{},"actions":[{"type":"keyDown","value":""},{"type":"pause","duration":10},{"type":"keyUp","value":""}]}]}
RESULT: {"actions":[{"id":"action18","type":"key","parameters":{},"actions":[{"type":"keyDown","value":""},{"type":"pause","duration":10},{"type":"keyUp","value":""}]}]}
COMMAND: GET /session/f10bfffe94842169a26616823eaa69fd/screenshot - {}
RESULT: {}
COMMAND: POST /session/f10bfffe94842169a26616823eaa69fd/element - {"using":"xpath","value":"//td[@aria-colindex=\"1\"]/div/div[contains(@class, \"sapMCbBg\")]"}
RESULT: {"using":"xpath","value":"//td[@aria-colindex=\"1\"]/div/div[contains(@class, \"sapMCbBg\")]"}
COMMAND: POST /session/f10bfffe94842169a26616823eaa69fd/element/f.B31591FEBD8AE49568014889031CF3F7.d.F8BBC7ABDFBB867129161B34987763D2.e.6067/click - {}
RESULT: {}
COMMAND: GET /session/f10bfffe94842169a26616823eaa69fd/screenshot - {}
RESULT: {}
COMMAND: POST /session/f10bfffe94842169a26616823eaa69fd/execute/async - {"script":"<script> [1562 bytes]","args":[{"selector":{"id":"application-managebillings-display-component---billRunCalcResult--contractBillRunDate","interaction":{"idSuffix":"inner"}},"wdio_ui5_key":"applicationmanagebillings-display-component---billRunCalcResult--contractBillRunDate"}]}
RESULT: {"script":"<script> [1562 bytes]","args":[{"selector":{"id":"application-managebillings-display-component---billRunCalcResult--contractBillRunDate","interaction":{"idSuffix":"inner"}},"wdio_ui5_key":"applicationmanagebillings-display-component---billRunCalcResult--contractBillRunDate"}]}
RESULT: undefined
COMMAND: POST /session/f10bfffe94842169a26616823eaa69fd/execute/async - {"script":"<script> [776 bytes]","args":[{"enterText":"05/18/25","selector":{"id":"application-managebillings-display-component---billRunCalcResult--contractBillRunDate","interaction":{"idSuffix":"inner"}},"clearTextFirst":true,"interactionType":"ENTER_TEXT"}]}
RESULT: {"script":"<script> [776 bytes]","args":[{"enterText":"05/18/25","selector":{"id":"application-managebillings-display-component---billRunCalcResult--contractBillRunDate","interaction":{"idSuffix":"inner"}},"clearTextFirst":true,"interactionType":"ENTER_TEXT"}]}
COMMAND: POST /session/f10bfffe94842169a26616823eaa69fd/element - {"using":"xpath","value":"//bdi[contains(text(), \"Trigger Calculation\")]"}
RESULT: {"using":"xpath","value":"//bdi[contains(text(), \"Trigger Calculation\")]"}
COMMAND: POST /session/f10bfffe94842169a26616823eaa69fd/element/f.B31591FEBD8AE49568014889031CF3F7.d.F8BBC7ABDFBB867129161B34987763D2.e.6250/click - {}
RESULT: {}
COMMAND: GET /session/f10bfffe94842169a26616823eaa69fd/screenshot - {}
RESULT: {}
COMMAND: POST /session/f10bfffe94842169a26616823eaa69fd/element - {"using":"xpath","value":"(//span[contains(@id, \"imgNav\")])[1]"}
RESULT: {"using":"xpath","value":"(//span[contains(@id, \"imgNav\")])[1]"}
COMMAND: POST /session/f10bfffe94842169a26616823eaa69fd/element/f.B31591FEBD8AE49568014889031CF3F7.d.F8BBC7ABDFBB867129161B34987763D2.e.6078/click - {}
RESULT: {}
COMMAND: GET /session/f10bfffe94842169a26616823eaa69fd/screenshot - {}
RESULT: {}
COMMAND: POST /session/f10bfffe94842169a26616823eaa69fd/element - {"using":"xpath","value":"//tr/td[6]/div[1]/span[1]/span[1]"}
RESULT: {"using":"xpath","value":"//tr/td[6]/div[1]/span[1]/span[1]"}
COMMAND: GET /session/f10bfffe94842169a26616823eaa69fd/element/f.B31591FEBD8AE49568014889031CF3F7.d.F8BBC7ABDFBB867129161B34987763D2.e.6255/text - {}
RESULT: {}
COMMAND: POST /session/f10bfffe94842169a26616823eaa69fd/element - {"using":"xpath","value":"(//span[contains(@id, \"imgNav\")])[2]"}
RESULT: {"using":"xpath","value":"(//span[contains(@id, \"imgNav\")])[2]"}
COMMAND: POST /session/f10bfffe94842169a26616823eaa69fd/element/f.B31591FEBD8AE49568014889031CF3F7.d.F8BBC7ABDFBB867129161B34987763D2.e.6256/click - {}
RESULT: {}
COMMAND: GET /session/f10bfffe94842169a26616823eaa69fd/screenshot - {}
RESULT: {}
COMMAND: POST /session/f10bfffe94842169a26616823eaa69fd/element - {"using":"xpath","value":"//bdi[contains(text(), \"Business Confirm\")]"}
RESULT: {"using":"xpath","value":"//bdi[contains(text(), \"Business Confirm\")]"}
COMMAND: POST /session/f10bfffe94842169a26616823eaa69fd/element/f.B31591FEBD8AE49568014889031CF3F7.d.F8BBC7ABDFBB867129161B34987763D2.e.6329/click - {}
RESULT: {}
COMMAND: GET /session/f10bfffe94842169a26616823eaa69fd/screenshot - {}
RESULT: {}
COMMAND: POST /session/f10bfffe94842169a26616823eaa69fd/element - {"using":"xpath","value":"//bdi[contains(text(), \"Business Confirmed\")]"}
RESULT: {"using":"xpath","value":"//bdi[contains(text(), \"Business Confirmed\")]"}
COMMAND: POST /session/f10bfffe94842169a26616823eaa69fd/execute/sync - {"script":"<script> [56 bytes]","args":[{"element-6066-11e4-a52e-4f735466cecf":"f.B31591FEBD8AE49568014889031CF3F7.d.F8BBC7ABDFBB867129161B34987763D2.e.6329","ELEMENT":"f.B31591FEBD8AE49568014889031CF3F7.d.F8BBC7ABDFBB867129161B34987763D2.e.6329"}]}
RESULT: {"script":"<script> [56 bytes]","args":[{"element-6066-11e4-a52e-4f735466cecf":"f.B31591FEBD8AE49568014889031CF3F7.d.F8BBC7ABDFBB867129161B34987763D2.e.6329","ELEMENT":"f.B31591FEBD8AE49568014889031CF3F7.d.F8BBC7ABDFBB867129161B34987763D2.e.6329"}]}
COMMAND: POST /session/f10bfffe94842169a26616823eaa69fd/element - {"using":"css selector","value":"#shell-header-logo"}
COMMAND: GET /session/f10bfffe94842169a26616823eaa69fd/screenshot - {}
RESULT: {"using":"css selector","value":"#shell-header-logo"}
COMMAND: POST /session/f10bfffe94842169a26616823eaa69fd/element/f.B31591FEBD8AE49568014889031CF3F7.d.F8BBC7ABDFBB867129161B34987763D2.e.5894/click - {}
RESULT: {}
RESULT: {}
COMMAND: GET /session/f10bfffe94842169a26616823eaa69fd/screenshot - {}
RESULT: {}
COMMAND: POST /session/f10bfffe94842169a26616823eaa69fd/element - {"using":"css selector","value":"#j_username"}
COMMAND: POST /session/f10bfffe94842169a26616823eaa69fd/url - {"url":"https://qa-testing-00-live-etm-ui.cfapps.eu10-004.hana.ondemand.com/"}
RESULT: {"using":"css selector","value":"#j_username"}
COMMAND: POST /session/f10bfffe94842169a26616823eaa69fd/element - {"using":"css selector","value":"#j_username"}
RESULT: {"url":"https://qa-testing-00-live-etm-ui.cfapps.eu10-004.hana.ondemand.com/"}
RESULT: undefined
COMMAND: GET /session/f10bfffe94842169a26616823eaa69fd/screenshot - {}
RESULT: {"using":"css selector","value":"#j_username"}
COMMAND: POST /session/f10bfffe94842169a26616823eaa69fd/element - {"using":"css selector","value":"#shell-header-logo"}
RESULT: {}
RESULT: {"using":"css selector","value":"#shell-header-logo"}
COMMAND: POST /session/f10bfffe94842169a26616823eaa69fd/execute/sync - {"script":"<script> [8489 bytes]","args":[{"element-6066-11e4-a52e-4f735466cecf":"f.B31591FEBD8AE49568014889031CF3F7.d.5D597A3403FF8B27FBFE46045318825D.e.6348","ELEMENT":"f.B31591FEBD8AE49568014889031CF3F7.d.5D597A3403FF8B27FBFE46045318825D.e.6348"}]}
RESULT: {"script":"<script> [8489 bytes]","args":[{"element-6066-11e4-a52e-4f735466cecf":"f.B31591FEBD8AE49568014889031CF3F7.d.5D597A3403FF8B27FBFE46045318825D.e.6348","ELEMENT":"f.B31591FEBD8AE49568014889031CF3F7.d.5D597A3403FF8B27FBFE46045318825D.e.6348"}]}
COMMAND: POST /session/f10bfffe94842169a26616823eaa69fd/element - {"using":"css selector","value":"#shell-header-logo"}
COMMAND: GET /session/f10bfffe94842169a26616823eaa69fd/screenshot - {}
RESULT: {"using":"css selector","value":"#shell-header-logo"}
COMMAND: POST /session/f10bfffe94842169a26616823eaa69fd/execute/sync - {"script":"<script> [8489 bytes]","args":[{"element-6066-11e4-a52e-4f735466cecf":"f.B31591FEBD8AE49568014889031CF3F7.d.5D597A3403FF8B27FBFE46045318825D.e.6348","ELEMENT":"f.B31591FEBD8AE49568014889031CF3F7.d.5D597A3403FF8B27FBFE46045318825D.e.6348"}]}
RESULT: {}
RESULT: {"script":"<script> [8489 bytes]","args":[{"element-6066-11e4-a52e-4f735466cecf":"f.B31591FEBD8AE49568014889031CF3F7.d.5D597A3403FF8B27FBFE46045318825D.e.6348","ELEMENT":"f.B31591FEBD8AE49568014889031CF3F7.d.5D597A3403FF8B27FBFE46045318825D.e.6348"}]}
COMMAND: POST /session/f10bfffe94842169a26616823eaa69fd/execute/sync - {"script":"<script> [5351 bytes]","args":[{"element-6066-11e4-a52e-4f735466cecf":"f.B31591FEBD8AE49568014889031CF3F7.d.5D597A3403FF8B27FBFE46045318825D.e.6348","ELEMENT":"f.B31591FEBD8AE49568014889031CF3F7.d.5D597A3403FF8B27FBFE46045318825D.e.6348"}]}
COMMAND: GET /session/f10bfffe94842169a26616823eaa69fd/screenshot - {}
RESULT: {"script":"<script> [5351 bytes]","args":[{"element-6066-11e4-a52e-4f735466cecf":"f.B31591FEBD8AE49568014889031CF3F7.d.5D597A3403FF8B27FBFE46045318825D.e.6348","ELEMENT":"f.B31591FEBD8AE49568014889031CF3F7.d.5D597A3403FF8B27FBFE46045318825D.e.6348"}]}
COMMAND: POST /session/f10bfffe94842169a26616823eaa69fd/element - {"using":"css selector","value":"#shell-header-logo"}
COMMAND: GET /session/f10bfffe94842169a26616823eaa69fd/screenshot - {}
RESULT: {}
RESULT: {"using":"css selector","value":"#shell-header-logo"}
COMMAND: POST /session/f10bfffe94842169a26616823eaa69fd/element/f.B31591FEBD8AE49568014889031CF3F7.d.5D597A3403FF8B27FBFE46045318825D.e.6348/click - {}
RESULT: {}
RESULT: {}
COMMAND: GET /session/f10bfffe94842169a26616823eaa69fd/screenshot - {}
RESULT: {}
COMMAND: POST /session/f10bfffe94842169a26616823eaa69fd/execute/async - {"script":"<script> [189 bytes]","args":[]}
RESULT: {"script":"<script> [189 bytes]","args":[]}
COMMAND: POST /session/f10bfffe94842169a26616823eaa69fd/execute/async - {"script":"<script> [123 bytes]","args":[]}
RESULT: {"script":"<script> [123 bytes]","args":[]}
COMMAND: POST /session/f10bfffe94842169a26616823eaa69fd/timeouts - {"script":"<number>"}
RESULT: {"script":"<number>"}
COMMAND: GET /session/f10bfffe94842169a26616823eaa69fd/timeouts - {}
RESULT: {}
RESULT: undefined
COMMAND: POST /session/f10bfffe94842169a26616823eaa69fd/execute/async - {"script":"<script> [2676 bytes]","args":[]}
RESULT: {"script":"<script> [2676 bytes]","args":[]}
COMMAND: POST /session/f10bfffe94842169a26616823eaa69fd/execute/async - {"script":"<script> [2342 bytes]","args":[{"protocol":"http","hostname":"0.0.0.0","path":"/","capabilities":{"browserName":"chrome","goog:chromeOptions":{"binary":"C:\\Program Files\\Google\\Chrome\\Application\\chrome.exe","args":["--start-maximized"]}},"logLevel":"warn","connectionRetryTimeout":120000,"connectionRetryCount":3,"logLevels":{},"enableDirectConnect":true,"strictSSL":true,"_":"65 more keys: [\"cacheDir\",\"port\",\"requestedCapabilities\",\"automationProtocol\",\"baseUrl\",\"waitforInterval\",\"waitforTimeout\",\"onReload\",\"beforeCommand\",\"afterCommand\",\"rootDir\",\"specs\",\"suites\",\"exclude\",\"groupLogsByTestSpec\",\"excludeDriverLogs\",\"bail\",\"framework\",\"reporters\",\"services\",\"maxInstances\",\"maxInstancesPerCapability\",\"injectGlobals\",\"filesToWatch\",\"execArgv\",\"runnerEnv\",\"runner\",\"shard\",\"specFileRetries\",\"specFileRetriesDelay\",\"specFileRetriesDeferred\",\"reporterSyncInterval\",\"reporterSyncTimeout\",\"cucumberFeaturesWithLineNumbers\",\"autoCompileOpts\",\"mochaOpts\",\"jasmineOpts\",\"cucumberOpts\",\"onPrepare\",\"onWorkerStart\",\"onWorkerEnd\",\"before\",\"beforeSession\",\"beforeSuite\",\"beforeHook\",\"beforeTest\",\"afterTest\",\"afterHook\",\"afterSuite\",\"afterSession\",\"after\",\"onComplete\",\"beforeAssertion\",\"afterAssertion\",\"beforeFeature\",\"beforeScenario\",\"beforeStep\",\"afterStep\",\"afterScenario\",\"afterFeature\",\"_\",\"suite\",\"$0\",\"ignoredWorkerServices\",\"wdi5\"]"}]}
RESULT: {"script":"<script> [2342 bytes]","args":[{"protocol":"http","hostname":"0.0.0.0","path":"/","capabilities":{"browserName":"chrome","goog:chromeOptions":{"binary":"C:\\Program Files\\Google\\Chrome\\Application\\chrome.exe","args":["--start-maximized"]}},"logLevel":"warn","connectionRetryTimeout":120000,"connectionRetryCount":3,"logLevels":{},"enableDirectConnect":true,"strictSSL":true,"_":"65 more keys: [\"cacheDir\",\"port\",\"requestedCapabilities\",\"automationProtocol\",\"baseUrl\",\"waitforInterval\",\"waitforTimeout\",\"onReload\",\"beforeCommand\",\"afterCommand\",\"rootDir\",\"specs\",\"suites\",\"exclude\",\"groupLogsByTestSpec\",\"excludeDriverLogs\",\"bail\",\"framework\",\"reporters\",\"services\",\"maxInstances\",\"maxInstancesPerCapability\",\"injectGlobals\",\"filesToWatch\",\"execArgv\",\"runnerEnv\",\"runner\",\"shard\",\"specFileRetries\",\"specFileRetriesDelay\",\"specFileRetriesDeferred\",\"reporterSyncInterval\",\"reporterSyncTimeout\",\"cucumberFeaturesWithLineNumbers\",\"autoCompileOpts\",\"mochaOpts\",\"jasmineOpts\",\"cucumberOpts\",\"onPrepare\",\"onWorkerStart\",\"onWorkerEnd\",\"before\",\"beforeSession\",\"beforeSuite\",\"beforeHook\",\"beforeTest\",\"afterTest\",\"afterHook\",\"afterSuite\",\"afterSession\",\"after\",\"onComplete\",\"beforeAssertion\",\"afterAssertion\",\"beforeFeature\",\"beforeScenario\",\"beforeStep\",\"afterStep\",\"afterScenario\",\"afterFeature\",\"_\",\"suite\",\"$0\",\"ignoredWorkerServices\",\"wdi5\"]"}]}
COMMAND: POST /session/f10bfffe94842169a26616823eaa69fd/execute/async - {"script":"<script> [21126 bytes]","args":[35000]}
RESULT: {"script":"<script> [21126 bytes]","args":[35000]}
COMMAND: POST /session/f10bfffe94842169a26616823eaa69fd/window/maximize - {}
RESULT: {}
COMMAND: POST /session/f10bfffe94842169a26616823eaa69fd/execute/async - {"script":"<script> [1562 bytes]","args":[{"selector":{"id":"shell-header","interaction":{"idSuffix":"icon"}},"wdio_ui5_key":"shellheader"}]}
COMMAND: GET /session/f10bfffe94842169a26616823eaa69fd/screenshot - {}
RESULT: {"script":"<script> [1562 bytes]","args":[{"selector":{"id":"shell-header","interaction":{"idSuffix":"icon"}},"wdio_ui5_key":"shellheader"}]}
RESULT: undefined
COMMAND: POST /session/f10bfffe94842169a26616823eaa69fd/refresh - {}
RESULT: {}
RESULT: {}
COMMAND: GET /session/f10bfffe94842169a26616823eaa69fd/screenshot - {}
RESULT: {}
COMMAND: POST /session/f10bfffe94842169a26616823eaa69fd/refresh - {}
RESULT: {}
COMMAND: GET /session/f10bfffe94842169a26616823eaa69fd/screenshot - {}
RESULT: {}
COMMAND: POST /session/f10bfffe94842169a26616823eaa69fd/window/fullscreen - {}
RESULT: {}
COMMAND: POST /session/f10bfffe94842169a26616823eaa69fd/execute/async - {"script":"<script> [189 bytes]","args":[]}
RESULT: {"script":"<script> [189 bytes]","args":[]}
COMMAND: POST /session/f10bfffe94842169a26616823eaa69fd/execute/async - {"script":"<script> [123 bytes]","args":[]}
RESULT: {"script":"<script> [123 bytes]","args":[]}
COMMAND: POST /session/f10bfffe94842169a26616823eaa69fd/timeouts - {"script":"<number>"}
RESULT: {"script":"<number>"}
COMMAND: GET /session/f10bfffe94842169a26616823eaa69fd/timeouts - {}
RESULT: {}
RESULT: undefined
COMMAND: POST /session/f10bfffe94842169a26616823eaa69fd/execute/async - {"script":"<script> [2676 bytes]","args":[]}
RESULT: {"script":"<script> [2676 bytes]","args":[]}
COMMAND: POST /session/f10bfffe94842169a26616823eaa69fd/execute/async - {"script":"<script> [2342 bytes]","args":[{"protocol":"http","hostname":"0.0.0.0","path":"/","capabilities":{"browserName":"chrome","goog:chromeOptions":{"binary":"C:\\Program Files\\Google\\Chrome\\Application\\chrome.exe","args":["--start-maximized"]}},"logLevel":"warn","connectionRetryTimeout":120000,"connectionRetryCount":3,"logLevels":{},"enableDirectConnect":true,"strictSSL":true,"_":"65 more keys: [\"cacheDir\",\"port\",\"requestedCapabilities\",\"automationProtocol\",\"baseUrl\",\"waitforInterval\",\"waitforTimeout\",\"onReload\",\"beforeCommand\",\"afterCommand\",\"rootDir\",\"specs\",\"suites\",\"exclude\",\"groupLogsByTestSpec\",\"excludeDriverLogs\",\"bail\",\"framework\",\"reporters\",\"services\",\"maxInstances\",\"maxInstancesPerCapability\",\"injectGlobals\",\"filesToWatch\",\"execArgv\",\"runnerEnv\",\"runner\",\"shard\",\"specFileRetries\",\"specFileRetriesDelay\",\"specFileRetriesDeferred\",\"reporterSyncInterval\",\"reporterSyncTimeout\",\"cucumberFeaturesWithLineNumbers\",\"autoCompileOpts\",\"mochaOpts\",\"jasmineOpts\",\"cucumberOpts\",\"onPrepare\",\"onWorkerStart\",\"onWorkerEnd\",\"before\",\"beforeSession\",\"beforeSuite\",\"beforeHook\",\"beforeTest\",\"afterTest\",\"afterHook\",\"afterSuite\",\"afterSession\",\"after\",\"onComplete\",\"beforeAssertion\",\"afterAssertion\",\"beforeFeature\",\"beforeScenario\",\"beforeStep\",\"afterStep\",\"afterScenario\",\"afterFeature\",\"_\",\"suite\",\"$0\",\"ignoredWorkerServices\",\"wdi5\"]"}]}
RESULT: {"script":"<script> [2342 bytes]","args":[{"protocol":"http","hostname":"0.0.0.0","path":"/","capabilities":{"browserName":"chrome","goog:chromeOptions":{"binary":"C:\\Program Files\\Google\\Chrome\\Application\\chrome.exe","args":["--start-maximized"]}},"logLevel":"warn","connectionRetryTimeout":120000,"connectionRetryCount":3,"logLevels":{},"enableDirectConnect":true,"strictSSL":true,"_":"65 more keys: [\"cacheDir\",\"port\",\"requestedCapabilities\",\"automationProtocol\",\"baseUrl\",\"waitforInterval\",\"waitforTimeout\",\"onReload\",\"beforeCommand\",\"afterCommand\",\"rootDir\",\"specs\",\"suites\",\"exclude\",\"groupLogsByTestSpec\",\"excludeDriverLogs\",\"bail\",\"framework\",\"reporters\",\"services\",\"maxInstances\",\"maxInstancesPerCapability\",\"injectGlobals\",\"filesToWatch\",\"execArgv\",\"runnerEnv\",\"runner\",\"shard\",\"specFileRetries\",\"specFileRetriesDelay\",\"specFileRetriesDeferred\",\"reporterSyncInterval\",\"reporterSyncTimeout\",\"cucumberFeaturesWithLineNumbers\",\"autoCompileOpts\",\"mochaOpts\",\"jasmineOpts\",\"cucumberOpts\",\"onPrepare\",\"onWorkerStart\",\"onWorkerEnd\",\"before\",\"beforeSession\",\"beforeSuite\",\"beforeHook\",\"beforeTest\",\"afterTest\",\"afterHook\",\"afterSuite\",\"afterSession\",\"after\",\"onComplete\",\"beforeAssertion\",\"afterAssertion\",\"beforeFeature\",\"beforeScenario\",\"beforeStep\",\"afterStep\",\"afterScenario\",\"afterFeature\",\"_\",\"suite\",\"$0\",\"ignoredWorkerServices\",\"wdi5\"]"}]}
COMMAND: POST /session/f10bfffe94842169a26616823eaa69fd/execute/async - {"script":"<script> [21126 bytes]","args":[35000]}
RESULT: {"script":"<script> [21126 bytes]","args":[35000]}
]]></system-out>
    </testcase>
  </testsuite>
  <testsuite timestamp="2025-04-18T17:28:44" time="1267.198" tests="14" failures="0" errors="0" skipped="0">
    <properties>
      <property name="specId" value="0"/>
      <property name="suiteName" value="Create master data for mixed billing &amp; do billing calculation US151661"/>
      <property name="capabilities" value="chrome.135_0_7049_42.windows"/>
      <property name="file" value="file:///D:/a/1/s/test/specs/BTS/billing-calculation-mixed.spec.js"/>
    </properties>
    <testcase classname="chrome.135_0_7049_42.windows.Create_master_data_for_mixed_billing_&amp;_do_billing_calculation_US151661" name="Should create a new yard" time="121.197">
      <system-out><![CDATA[
COMMAND: POST /session/f10bfffe94842169a26616823eaa69fd/window/fullscreen - {}
RESULT: {}
COMMAND: POST /session/f10bfffe94842169a26616823eaa69fd/execute/async - {"script":"<script> [1562 bytes]","args":[{"selector":{"controlType":"sap.m.GenericTile","properties":{"header":"Manage Yards"}},"wdio_ui5_key":"sapm.GenericTile{\"header\":\"Manage Yards\"}"}]}
RESULT: {"script":"<script> [1562 bytes]","args":[{"selector":{"controlType":"sap.m.GenericTile","properties":{"header":"Manage Yards"}},"wdio_ui5_key":"sapm.GenericTile{\"header\":\"Manage Yards\"}"}]}
RESULT: undefined
COMMAND: POST /session/f10bfffe94842169a26616823eaa69fd/element - {"using":"xpath","value":"//*[@id=\"__tile41\"]"}
RESULT: {"using":"xpath","value":"//*[@id=\"__tile41\"]"}
COMMAND: POST /session/f10bfffe94842169a26616823eaa69fd/element/f.B31591FEBD8AE49568014889031CF3F7.d.E1B3E9F589E0A1768E01F1A54409F5C3.e.6508/click - {}
RESULT: {}
COMMAND: POST /session/f10bfffe94842169a26616823eaa69fd/element - {"using":"xpath","value":"//button[@data-kt=\"addNewYardOverflowToolbarButton\"]"}
COMMAND: GET /session/f10bfffe94842169a26616823eaa69fd/screenshot - {}
RESULT: {"using":"xpath","value":"//button[@data-kt=\"addNewYardOverflowToolbarButton\"]"}
COMMAND: POST /session/f10bfffe94842169a26616823eaa69fd/elements - {"using":"xpath","value":"//button[@data-kt=\"addNewYardOverflowToolbarButton\"]"}
RESULT: {}
RESULT: {"using":"xpath","value":"//button[@data-kt=\"addNewYardOverflowToolbarButton\"]"}
COMMAND: POST /session/f10bfffe94842169a26616823eaa69fd/elements - {"using":"xpath","value":"//button[@data-kt=\"addNewYardOverflowToolbarButton\"]"}
RESULT: {"using":"xpath","value":"//button[@data-kt=\"addNewYardOverflowToolbarButton\"]"}
COMMAND: POST /session/f10bfffe94842169a26616823eaa69fd/elements - {"using":"xpath","value":"//button[@data-kt=\"addNewYardOverflowToolbarButton\"]"}
RESULT: {"using":"xpath","value":"//button[@data-kt=\"addNewYardOverflowToolbarButton\"]"}
COMMAND: POST /session/f10bfffe94842169a26616823eaa69fd/elements - {"using":"xpath","value":"//button[@data-kt=\"addNewYardOverflowToolbarButton\"]"}
RESULT: {"using":"xpath","value":"//button[@data-kt=\"addNewYardOverflowToolbarButton\"]"}
COMMAND: POST /session/f10bfffe94842169a26616823eaa69fd/elements - {"using":"xpath","value":"//button[@data-kt=\"addNewYardOverflowToolbarButton\"]"}
RESULT: {"using":"xpath","value":"//button[@data-kt=\"addNewYardOverflowToolbarButton\"]"}
COMMAND: POST /session/f10bfffe94842169a26616823eaa69fd/elements - {"using":"xpath","value":"//button[@data-kt=\"addNewYardOverflowToolbarButton\"]"}
RESULT: {"using":"xpath","value":"//button[@data-kt=\"addNewYardOverflowToolbarButton\"]"}
COMMAND: POST /session/f10bfffe94842169a26616823eaa69fd/elements - {"using":"xpath","value":"//button[@data-kt=\"addNewYardOverflowToolbarButton\"]"}
RESULT: {"using":"xpath","value":"//button[@data-kt=\"addNewYardOverflowToolbarButton\"]"}
COMMAND: POST /session/f10bfffe94842169a26616823eaa69fd/elements - {"using":"xpath","value":"//button[@data-kt=\"addNewYardOverflowToolbarButton\"]"}
RESULT: {"using":"xpath","value":"//button[@data-kt=\"addNewYardOverflowToolbarButton\"]"}
COMMAND: POST /session/f10bfffe94842169a26616823eaa69fd/elements - {"using":"xpath","value":"//button[@data-kt=\"addNewYardOverflowToolbarButton\"]"}
RESULT: {"using":"xpath","value":"//button[@data-kt=\"addNewYardOverflowToolbarButton\"]"}
COMMAND: POST /session/f10bfffe94842169a26616823eaa69fd/elements - {"using":"xpath","value":"//button[@data-kt=\"addNewYardOverflowToolbarButton\"]"}
RESULT: {"using":"xpath","value":"//button[@data-kt=\"addNewYardOverflowToolbarButton\"]"}
COMMAND: POST /session/f10bfffe94842169a26616823eaa69fd/elements - {"using":"xpath","value":"//button[@data-kt=\"addNewYardOverflowToolbarButton\"]"}
RESULT: {"using":"xpath","value":"//button[@data-kt=\"addNewYardOverflowToolbarButton\"]"}
COMMAND: POST /session/f10bfffe94842169a26616823eaa69fd/elements - {"using":"xpath","value":"//button[@data-kt=\"addNewYardOverflowToolbarButton\"]"}
RESULT: {"using":"xpath","value":"//button[@data-kt=\"addNewYardOverflowToolbarButton\"]"}
COMMAND: POST /session/f10bfffe94842169a26616823eaa69fd/elements - {"using":"xpath","value":"//button[@data-kt=\"addNewYardOverflowToolbarButton\"]"}
RESULT: {"using":"xpath","value":"//button[@data-kt=\"addNewYardOverflowToolbarButton\"]"}
COMMAND: POST /session/f10bfffe94842169a26616823eaa69fd/elements - {"using":"xpath","value":"//button[@data-kt=\"addNewYardOverflowToolbarButton\"]"}
RESULT: {"using":"xpath","value":"//button[@data-kt=\"addNewYardOverflowToolbarButton\"]"}
COMMAND: POST /session/f10bfffe94842169a26616823eaa69fd/elements - {"using":"xpath","value":"//button[@data-kt=\"addNewYardOverflowToolbarButton\"]"}
RESULT: {"using":"xpath","value":"//button[@data-kt=\"addNewYardOverflowToolbarButton\"]"}
COMMAND: POST /session/f10bfffe94842169a26616823eaa69fd/elements - {"using":"xpath","value":"//button[@data-kt=\"addNewYardOverflowToolbarButton\"]"}
RESULT: {"using":"xpath","value":"//button[@data-kt=\"addNewYardOverflowToolbarButton\"]"}
COMMAND: POST /session/f10bfffe94842169a26616823eaa69fd/elements - {"using":"xpath","value":"//button[@data-kt=\"addNewYardOverflowToolbarButton\"]"}
RESULT: {"using":"xpath","value":"//button[@data-kt=\"addNewYardOverflowToolbarButton\"]"}
COMMAND: POST /session/f10bfffe94842169a26616823eaa69fd/elements - {"using":"xpath","value":"//button[@data-kt=\"addNewYardOverflowToolbarButton\"]"}
RESULT: {"using":"xpath","value":"//button[@data-kt=\"addNewYardOverflowToolbarButton\"]"}
COMMAND: POST /session/f10bfffe94842169a26616823eaa69fd/elements - {"using":"xpath","value":"//button[@data-kt=\"addNewYardOverflowToolbarButton\"]"}
RESULT: {"using":"xpath","value":"//button[@data-kt=\"addNewYardOverflowToolbarButton\"]"}
COMMAND: POST /session/f10bfffe94842169a26616823eaa69fd/elements - {"using":"xpath","value":"//button[@data-kt=\"addNewYardOverflowToolbarButton\"]"}
RESULT: {"using":"xpath","value":"//button[@data-kt=\"addNewYardOverflowToolbarButton\"]"}
COMMAND: POST /session/f10bfffe94842169a26616823eaa69fd/elements - {"using":"xpath","value":"//button[@data-kt=\"addNewYardOverflowToolbarButton\"]"}
RESULT: {"using":"xpath","value":"//button[@data-kt=\"addNewYardOverflowToolbarButton\"]"}
COMMAND: POST /session/f10bfffe94842169a26616823eaa69fd/elements - {"using":"xpath","value":"//button[@data-kt=\"addNewYardOverflowToolbarButton\"]"}
RESULT: {"using":"xpath","value":"//button[@data-kt=\"addNewYardOverflowToolbarButton\"]"}
COMMAND: POST /session/f10bfffe94842169a26616823eaa69fd/elements - {"using":"xpath","value":"//button[@data-kt=\"addNewYardOverflowToolbarButton\"]"}
RESULT: {"using":"xpath","value":"//button[@data-kt=\"addNewYardOverflowToolbarButton\"]"}
COMMAND: POST /session/f10bfffe94842169a26616823eaa69fd/elements - {"using":"xpath","value":"//button[@data-kt=\"addNewYardOverflowToolbarButton\"]"}
RESULT: {"using":"xpath","value":"//button[@data-kt=\"addNewYardOverflowToolbarButton\"]"}
COMMAND: POST /session/f10bfffe94842169a26616823eaa69fd/elements - {"using":"xpath","value":"//button[@data-kt=\"addNewYardOverflowToolbarButton\"]"}
RESULT: {"using":"xpath","value":"//button[@data-kt=\"addNewYardOverflowToolbarButton\"]"}
COMMAND: POST /session/f10bfffe94842169a26616823eaa69fd/element - {"using":"xpath","value":"//button[@data-kt=\"addNewYardOverflowToolbarButton\"]"}
RESULT: {"using":"xpath","value":"//button[@data-kt=\"addNewYardOverflowToolbarButton\"]"}
COMMAND: POST /session/f10bfffe94842169a26616823eaa69fd/execute/sync - {"script":"<script> [8489 bytes]","args":[{"element-6066-11e4-a52e-4f735466cecf":"f.B31591FEBD8AE49568014889031CF3F7.d.E1B3E9F589E0A1768E01F1A54409F5C3.e.6644","ELEMENT":"f.B31591FEBD8AE49568014889031CF3F7.d.E1B3E9F589E0A1768E01F1A54409F5C3.e.6644"}]}
RESULT: {"script":"<script> [8489 bytes]","args":[{"element-6066-11e4-a52e-4f735466cecf":"f.B31591FEBD8AE49568014889031CF3F7.d.E1B3E9F589E0A1768E01F1A54409F5C3.e.6644","ELEMENT":"f.B31591FEBD8AE49568014889031CF3F7.d.E1B3E9F589E0A1768E01F1A54409F5C3.e.6644"}]}
COMMAND: GET /session/f10bfffe94842169a26616823eaa69fd/element/f.B31591FEBD8AE49568014889031CF3F7.d.E1B3E9F589E0A1768E01F1A54409F5C3.e.6644/enabled - {}
COMMAND: GET /session/f10bfffe94842169a26616823eaa69fd/screenshot - {}
RESULT: {}
COMMAND: POST /session/f10bfffe94842169a26616823eaa69fd/execute/sync - {"script":"<script> [8489 bytes]","args":[{"element-6066-11e4-a52e-4f735466cecf":"f.B31591FEBD8AE49568014889031CF3F7.d.E1B3E9F589E0A1768E01F1A54409F5C3.e.6644","ELEMENT":"f.B31591FEBD8AE49568014889031CF3F7.d.E1B3E9F589E0A1768E01F1A54409F5C3.e.6644"}]}
COMMAND: GET /session/f10bfffe94842169a26616823eaa69fd/screenshot - {}
RESULT: {}
RESULT: {"script":"<script> [8489 bytes]","args":[{"element-6066-11e4-a52e-4f735466cecf":"f.B31591FEBD8AE49568014889031CF3F7.d.E1B3E9F589E0A1768E01F1A54409F5C3.e.6644","ELEMENT":"f.B31591FEBD8AE49568014889031CF3F7.d.E1B3E9F589E0A1768E01F1A54409F5C3.e.6644"}]}
COMMAND: POST /session/f10bfffe94842169a26616823eaa69fd/execute/sync - {"script":"<script> [5351 bytes]","args":[{"element-6066-11e4-a52e-4f735466cecf":"f.B31591FEBD8AE49568014889031CF3F7.d.E1B3E9F589E0A1768E01F1A54409F5C3.e.6644","ELEMENT":"f.B31591FEBD8AE49568014889031CF3F7.d.E1B3E9F589E0A1768E01F1A54409F5C3.e.6644"}]}
COMMAND: GET /session/f10bfffe94842169a26616823eaa69fd/screenshot - {}
RESULT: {}
RESULT: {"script":"<script> [5351 bytes]","args":[{"element-6066-11e4-a52e-4f735466cecf":"f.B31591FEBD8AE49568014889031CF3F7.d.E1B3E9F589E0A1768E01F1A54409F5C3.e.6644","ELEMENT":"f.B31591FEBD8AE49568014889031CF3F7.d.E1B3E9F589E0A1768E01F1A54409F5C3.e.6644"}]}
COMMAND: POST /session/f10bfffe94842169a26616823eaa69fd/element/f.B31591FEBD8AE49568014889031CF3F7.d.E1B3E9F589E0A1768E01F1A54409F5C3.e.6644/click - {}
COMMAND: GET /session/f10bfffe94842169a26616823eaa69fd/screenshot - {}
RESULT: {}
RESULT: {}
COMMAND: GET /session/f10bfffe94842169a26616823eaa69fd/screenshot - {}
RESULT: {}
COMMAND: POST /session/f10bfffe94842169a26616823eaa69fd/element - {"using":"xpath","value":"//input[@id=\"application-manageyards-display-component---NewYard--yardId-inner\"]"}
RESULT: {}
RESULT: {"using":"xpath","value":"//input[@id=\"application-manageyards-display-component---NewYard--yardId-inner\"]"}
COMMAND: POST /session/f10bfffe94842169a26616823eaa69fd/element - {"using":"xpath","value":"//input[@id=\"application-manageyards-display-component---NewYard--yardId-inner\"]"}
RESULT: {"using":"xpath","value":"//input[@id=\"application-manageyards-display-component---NewYard--yardId-inner\"]"}
COMMAND: POST /session/f10bfffe94842169a26616823eaa69fd/execute/async - {"script":"<script> [1562 bytes]","args":[{"selector":{"id":"application-manageyards-display-component---NewYard--addressDetailDetailsName1","interaction":{"idSuffix":"inner"}},"wdio_ui5_key":"applicationmanageyards-display-component---NewYard--addressDetailDetailsName1"}]}
RESULT: {"script":"<script> [1562 bytes]","args":[{"selector":{"id":"application-manageyards-display-component---NewYard--addressDetailDetailsName1","interaction":{"idSuffix":"inner"}},"wdio_ui5_key":"applicationmanageyards-display-component---NewYard--addressDetailDetailsName1"}]}
RESULT: undefined
COMMAND: POST /session/f10bfffe94842169a26616823eaa69fd/execute/async - {"script":"<script> [776 bytes]","args":[{"enterText":"Intercompany Yard wdIO","selector":{"id":"application-manageyards-display-component---NewYard--addressDetailDetailsName1","interaction":{"idSuffix":"inner"}},"clearTextFirst":true,"interactionType":"ENTER_TEXT"}]}
RESULT: {"script":"<script> [776 bytes]","args":[{"enterText":"Intercompany Yard wdIO","selector":{"id":"application-manageyards-display-component---NewYard--addressDetailDetailsName1","interaction":{"idSuffix":"inner"}},"clearTextFirst":true,"interactionType":"ENTER_TEXT"}]}
COMMAND: POST /session/f10bfffe94842169a26616823eaa69fd/execute/async - {"script":"<script> [1562 bytes]","args":[{"selector":{"id":"application-manageyards-display-component---NewYard--addressDetailDetailsLanguage-arrow"},"wdio_ui5_key":"applicationmanageyards-display-component---NewYard--addressDetailDetailsLanguage-arrow"}]}
RESULT: {"script":"<script> [1562 bytes]","args":[{"selector":{"id":"application-manageyards-display-component---NewYard--addressDetailDetailsLanguage-arrow"},"wdio_ui5_key":"applicationmanageyards-display-component---NewYard--addressDetailDetailsLanguage-arrow"}]}
RESULT: undefined
COMMAND: POST /session/f10bfffe94842169a26616823eaa69fd/element - {"using":"xpath","value":"//*[@id=\"application-manageyards-display-component---NewYard--addressDetailDetailsLanguage-arrow\"]"}
RESULT: {"using":"xpath","value":"//*[@id=\"application-manageyards-display-component---NewYard--addressDetailDetailsLanguage-arrow\"]"}
COMMAND: POST /session/f10bfffe94842169a26616823eaa69fd/element/f.B31591FEBD8AE49568014889031CF3F7.d.E1B3E9F589E0A1768E01F1A54409F5C3.e.7075/click - {}
RESULT: {}
COMMAND: POST /session/f10bfffe94842169a26616823eaa69fd/element - {"using":"xpath","value":"//span[contains(text(), \"English\")]"}
COMMAND: GET /session/f10bfffe94842169a26616823eaa69fd/screenshot - {}
RESULT: {"using":"xpath","value":"//span[contains(text(), \"English\")]"}
COMMAND: POST /session/f10bfffe94842169a26616823eaa69fd/element/f.B31591FEBD8AE49568014889031CF3F7.d.E1B3E9F589E0A1768E01F1A54409F5C3.e.7076/click - {}
RESULT: {}
RESULT: {}
COMMAND: POST /session/f10bfffe94842169a26616823eaa69fd/execute/async - {"script":"<script> [1562 bytes]","args":[{"selector":{"id":"application-manageyards-display-component---NewYard--addressDetailDetailsCity1","interaction":{"idSuffix":"inner"}},"wdio_ui5_key":"applicationmanageyards-display-component---NewYard--addressDetailDetailsCity1"}]}
COMMAND: GET /session/f10bfffe94842169a26616823eaa69fd/screenshot - {}
RESULT: {"script":"<script> [1562 bytes]","args":[{"selector":{"id":"application-manageyards-display-component---NewYard--addressDetailDetailsCity1","interaction":{"idSuffix":"inner"}},"wdio_ui5_key":"applicationmanageyards-display-component---NewYard--addressDetailDetailsCity1"}]}
RESULT: undefined
COMMAND: POST /session/f10bfffe94842169a26616823eaa69fd/execute/async - {"script":"<script> [776 bytes]","args":[{"enterText":"Rosario","selector":{"id":"application-manageyards-display-component---NewYard--addressDetailDetailsCity1","interaction":{"idSuffix":"inner"}},"clearTextFirst":true,"interactionType":"ENTER_TEXT"}]}
RESULT: {}
RESULT: {"script":"<script> [776 bytes]","args":[{"enterText":"Rosario","selector":{"id":"application-manageyards-display-component---NewYard--addressDetailDetailsCity1","interaction":{"idSuffix":"inner"}},"clearTextFirst":true,"interactionType":"ENTER_TEXT"}]}
COMMAND: POST /session/f10bfffe94842169a26616823eaa69fd/execute/async - {"script":"<script> [1562 bytes]","args":[{"selector":{"id":"application-manageyards-display-component---NewYard--addressDetailDetailsCountry-arrow"},"wdio_ui5_key":"applicationmanageyards-display-component---NewYard--addressDetailDetailsCountry-arrow"}]}
RESULT: {"script":"<script> [1562 bytes]","args":[{"selector":{"id":"application-manageyards-display-component---NewYard--addressDetailDetailsCountry-arrow"},"wdio_ui5_key":"applicationmanageyards-display-component---NewYard--addressDetailDetailsCountry-arrow"}]}
RESULT: undefined
COMMAND: POST /session/f10bfffe94842169a26616823eaa69fd/element - {"using":"xpath","value":"//*[@id=\"application-manageyards-display-component---NewYard--addressDetailDetailsCountry-arrow\"]"}
RESULT: {"using":"xpath","value":"//*[@id=\"application-manageyards-display-component---NewYard--addressDetailDetailsCountry-arrow\"]"}
COMMAND: POST /session/f10bfffe94842169a26616823eaa69fd/element/f.B31591FEBD8AE49568014889031CF3F7.d.E1B3E9F589E0A1768E01F1A54409F5C3.e.7078/click - {}
RESULT: {}
COMMAND: POST /session/f10bfffe94842169a26616823eaa69fd/element - {"using":"xpath","value":"//span[contains(text(), \"Argentina\")]"}
COMMAND: GET /session/f10bfffe94842169a26616823eaa69fd/screenshot - {}
RESULT: {"using":"xpath","value":"//span[contains(text(), \"Argentina\")]"}
COMMAND: POST /session/f10bfffe94842169a26616823eaa69fd/element/f.B31591FEBD8AE49568014889031CF3F7.d.E1B3E9F589E0A1768E01F1A54409F5C3.e.7080/click - {}
RESULT: {}
RESULT: {}
COMMAND: POST /session/f10bfffe94842169a26616823eaa69fd/execute/async - {"script":"<script> [1562 bytes]","args":[{"selector":{"id":"application-manageyards-display-component---NewYard--addressEditDetailsCostObjectCstType-arrow"},"wdio_ui5_key":"applicationmanageyards-display-component---NewYard--addressEditDetailsCostObjectCstType-arrow"}]}
COMMAND: GET /session/f10bfffe94842169a26616823eaa69fd/screenshot - {}
RESULT: {"script":"<script> [1562 bytes]","args":[{"selector":{"id":"application-manageyards-display-component---NewYard--addressEditDetailsCostObjectCstType-arrow"},"wdio_ui5_key":"applicationmanageyards-display-component---NewYard--addressEditDetailsCostObjectCstType-arrow"}]}
RESULT: undefined
COMMAND: POST /session/f10bfffe94842169a26616823eaa69fd/element - {"using":"xpath","value":"//*[@id=\"application-manageyards-display-component---NewYard--addressEditDetailsCostObjectCstType-arrow\"]"}
RESULT: {}
RESULT: {"using":"xpath","value":"//*[@id=\"application-manageyards-display-component---NewYard--addressEditDetailsCostObjectCstType-arrow\"]"}
COMMAND: POST /session/f10bfffe94842169a26616823eaa69fd/element/f.B31591FEBD8AE49568014889031CF3F7.d.E1B3E9F589E0A1768E01F1A54409F5C3.e.7081/click - {}
RESULT: {}
COMMAND: POST /session/f10bfffe94842169a26616823eaa69fd/element - {"using":"xpath","value":"//span[contains(text(), \"Cost Center\")]"}
COMMAND: GET /session/f10bfffe94842169a26616823eaa69fd/screenshot - {}
RESULT: {"using":"xpath","value":"//span[contains(text(), \"Cost Center\")]"}
COMMAND: POST /session/f10bfffe94842169a26616823eaa69fd/element/f.B31591FEBD8AE49568014889031CF3F7.d.E1B3E9F589E0A1768E01F1A54409F5C3.e.7082/click - {}
RESULT: {}
RESULT: {}
COMMAND: GET /session/f10bfffe94842169a26616823eaa69fd/screenshot - {}
RESULT: {}
COMMAND: POST /session/f10bfffe94842169a26616823eaa69fd/element - {"using":"xpath","value":"//span[@id=\"application-manageyards-display-component---NewYard--addressNewCostObjectCstID-vhi\"]"}
RESULT: {"using":"xpath","value":"//span[@id=\"application-manageyards-display-component---NewYard--addressNewCostObjectCstID-vhi\"]"}
COMMAND: POST /session/f10bfffe94842169a26616823eaa69fd/execute/sync - {"script":"<script> [8489 bytes]","args":[{"element-6066-11e4-a52e-4f735466cecf":"f.B31591FEBD8AE49568014889031CF3F7.d.E1B3E9F589E0A1768E01F1A54409F5C3.e.7085","ELEMENT":"f.B31591FEBD8AE49568014889031CF3F7.d.E1B3E9F589E0A1768E01F1A54409F5C3.e.7085"}]}
RESULT: {"script":"<script> [8489 bytes]","args":[{"element-6066-11e4-a52e-4f735466cecf":"f.B31591FEBD8AE49568014889031CF3F7.d.E1B3E9F589E0A1768E01F1A54409F5C3.e.7085","ELEMENT":"f.B31591FEBD8AE49568014889031CF3F7.d.E1B3E9F589E0A1768E01F1A54409F5C3.e.7085"}]}
COMMAND: POST /session/f10bfffe94842169a26616823eaa69fd/execute/async - {"script":"<script> [1562 bytes]","args":[{"selector":{"id":"application-manageyards-display-component---NewYard--addressNewCostObjectCstID-vhi"},"wdio_ui5_key":"applicationmanageyards-display-component---NewYard--addressNewCostObjectCstID-vhi"}]}
COMMAND: GET /session/f10bfffe94842169a26616823eaa69fd/screenshot - {}
RESULT: {"script":"<script> [1562 bytes]","args":[{"selector":{"id":"application-manageyards-display-component---NewYard--addressNewCostObjectCstID-vhi"},"wdio_ui5_key":"applicationmanageyards-display-component---NewYard--addressNewCostObjectCstID-vhi"}]}
RESULT: undefined
COMMAND: POST /session/f10bfffe94842169a26616823eaa69fd/element - {"using":"xpath","value":"//*[@id=\"application-manageyards-display-component---NewYard--addressNewCostObjectCstID-vhi\"]"}
RESULT: {}
RESULT: {"using":"xpath","value":"//*[@id=\"application-manageyards-display-component---NewYard--addressNewCostObjectCstID-vhi\"]"}
COMMAND: POST /session/f10bfffe94842169a26616823eaa69fd/element/f.B31591FEBD8AE49568014889031CF3F7.d.E1B3E9F589E0A1768E01F1A54409F5C3.e.7085/click - {}
RESULT: {}
COMMAND: GET /session/f10bfffe94842169a26616823eaa69fd/screenshot - {}
RESULT: {}
COMMAND: POST /session/f10bfffe94842169a26616823eaa69fd/execute/async - {"script":"<script> [1562 bytes]","args":[{"selector":{"controlType":"sap.m.SearchField","properties":{"placeholder":"Search"},"searchOpenDialogs":true,"interaction":{"idSuffix":"I"}},"wdio_ui5_key":"sapm.SearchField{\"placeholder\":\"Search\"}"}]}
RESULT: {"script":"<script> [1562 bytes]","args":[{"selector":{"controlType":"sap.m.SearchField","properties":{"placeholder":"Search"},"searchOpenDialogs":true,"interaction":{"idSuffix":"I"}},"wdio_ui5_key":"sapm.SearchField{\"placeholder\":\"Search\"}"}]}
RESULT: undefined
COMMAND: POST /session/f10bfffe94842169a26616823eaa69fd/execute/async - {"script":"<script> [776 bytes]","args":[{"enterText":"10001013","selector":{"controlType":"sap.m.SearchField","properties":{"placeholder":"Search"},"searchOpenDialogs":true,"interaction":{"idSuffix":"I"}},"clearTextFirst":true,"interactionType":"ENTER_TEXT"}]}
RESULT: {"script":"<script> [776 bytes]","args":[{"enterText":"10001013","selector":{"controlType":"sap.m.SearchField","properties":{"placeholder":"Search"},"searchOpenDialogs":true,"interaction":{"idSuffix":"I"}},"clearTextFirst":true,"interactionType":"ENTER_TEXT"}]}
COMMAND: POST /session/f10bfffe94842169a26616823eaa69fd/actions - {"actions":[{"id":"action19","type":"key","parameters":{},"actions":[{"type":"keyDown","value":""},{"type":"pause","duration":10},{"type":"keyUp","value":""}]}]}
RESULT: {"actions":[{"id":"action19","type":"key","parameters":{},"actions":[{"type":"keyDown","value":""},{"type":"pause","duration":10},{"type":"keyUp","value":""}]}]}
COMMAND: GET /session/f10bfffe94842169a26616823eaa69fd/screenshot - {}
RESULT: {}
COMMAND: POST /session/f10bfffe94842169a26616823eaa69fd/element - {"using":"xpath","value":"//span[contains(text(), \"General Management\")]"}
RESULT: {"using":"xpath","value":"//span[contains(text(), \"General Management\")]"}
COMMAND: POST /session/f10bfffe94842169a26616823eaa69fd/element/f.B31591FEBD8AE49568014889031CF3F7.d.E1B3E9F589E0A1768E01F1A54409F5C3.e.7127/click - {}
RESULT: {}
COMMAND: GET /session/f10bfffe94842169a26616823eaa69fd/screenshot - {}
RESULT: {}
COMMAND: POST /session/f10bfffe94842169a26616823eaa69fd/element - {"using":"xpath","value":"//bdi[contains(text(), \"OK\")]"}
RESULT: {"using":"xpath","value":"//bdi[contains(text(), \"OK\")]"}
COMMAND: POST /session/f10bfffe94842169a26616823eaa69fd/element/f.B31591FEBD8AE49568014889031CF3F7.d.E1B3E9F589E0A1768E01F1A54409F5C3.e.7128/click - {}
RESULT: {}
COMMAND: GET /session/f10bfffe94842169a26616823eaa69fd/screenshot - {}
RESULT: {}
COMMAND: POST /session/f10bfffe94842169a26616823eaa69fd/execute/async - {"script":"<script> [1562 bytes]","args":[{"selector":{"id":"application-manageyards-display-component---NewYard--addressEditDetailsCurrency-arrow"},"wdio_ui5_key":"applicationmanageyards-display-component---NewYard--addressEditDetailsCurrency-arrow"}]}
RESULT: {"script":"<script> [1562 bytes]","args":[{"selector":{"id":"application-manageyards-display-component---NewYard--addressEditDetailsCurrency-arrow"},"wdio_ui5_key":"applicationmanageyards-display-component---NewYard--addressEditDetailsCurrency-arrow"}]}
RESULT: undefined
COMMAND: POST /session/f10bfffe94842169a26616823eaa69fd/element - {"using":"xpath","value":"//*[@id=\"application-manageyards-display-component---NewYard--addressEditDetailsCurrency-arrow\"]"}
RESULT: {"using":"xpath","value":"//*[@id=\"application-manageyards-display-component---NewYard--addressEditDetailsCurrency-arrow\"]"}
COMMAND: POST /session/f10bfffe94842169a26616823eaa69fd/element/f.B31591FEBD8AE49568014889031CF3F7.d.E1B3E9F589E0A1768E01F1A54409F5C3.e.7131/click - {}
RESULT: {}
COMMAND: POST /session/f10bfffe94842169a26616823eaa69fd/element - {"using":"xpath","value":"//span[contains(text(), \"Euro\")]"}
COMMAND: GET /session/f10bfffe94842169a26616823eaa69fd/screenshot - {}
RESULT: {"using":"xpath","value":"//span[contains(text(), \"Euro\")]"}
COMMAND: POST /session/f10bfffe94842169a26616823eaa69fd/element/f.B31591FEBD8AE49568014889031CF3F7.d.E1B3E9F589E0A1768E01F1A54409F5C3.e.7132/click - {}
RESULT: {}
RESULT: {}
COMMAND: POST /session/f10bfffe94842169a26616823eaa69fd/execute/async - {"script":"<script> [1562 bytes]","args":[{"selector":{"controlType":"sap.m.Input","viewName":"etm.portal.ui.manageyards.view.New","viewId":"application-manageyards-display-component---NewYard","bindingPath":{"path":"","propertyPath":"/CONTROLLING_AREA","modelName":"NewYardModel"},"interaction":{"idSuffix":"inner"}},"wdio_ui5_key":"etmportal.ui.manageyards.view.Newsap.m.Input{\"path\":\"\",\"propertyPath\":\"/CONTROLLING_AREA\",\"modelName\":\"NewYardModel\"}"}]}
COMMAND: GET /session/f10bfffe94842169a26616823eaa69fd/screenshot - {}
RESULT: {"script":"<script> [1562 bytes]","args":[{"selector":{"controlType":"sap.m.Input","viewName":"etm.portal.ui.manageyards.view.New","viewId":"application-manageyards-display-component---NewYard","bindingPath":{"path":"","propertyPath":"/CONTROLLING_AREA","modelName":"NewYardModel"},"interaction":{"idSuffix":"inner"}},"wdio_ui5_key":"etmportal.ui.manageyards.view.Newsap.m.Input{\"path\":\"\",\"propertyPath\":\"/CONTROLLING_AREA\",\"modelName\":\"NewYardModel\"}"}]}
RESULT: undefined
COMMAND: POST /session/f10bfffe94842169a26616823eaa69fd/execute/async - {"script":"<script> [776 bytes]","args":[{"enterText":"Z001","selector":{"controlType":"sap.m.Input","viewName":"etm.portal.ui.manageyards.view.New","viewId":"application-manageyards-display-component---NewYard","bindingPath":{"path":"","propertyPath":"/CONTROLLING_AREA","modelName":"NewYardModel"},"interaction":{"idSuffix":"inner"}},"clearTextFirst":true,"interactionType":"ENTER_TEXT"}]}
RESULT: {}
RESULT: {"script":"<script> [776 bytes]","args":[{"enterText":"Z001","selector":{"controlType":"sap.m.Input","viewName":"etm.portal.ui.manageyards.view.New","viewId":"application-manageyards-display-component---NewYard","bindingPath":{"path":"","propertyPath":"/CONTROLLING_AREA","modelName":"NewYardModel"},"interaction":{"idSuffix":"inner"}},"clearTextFirst":true,"interactionType":"ENTER_TEXT"}]}
COMMAND: POST /session/f10bfffe94842169a26616823eaa69fd/execute/async - {"script":"<script> [1562 bytes]","args":[{"selector":{"id":"application-manageyards-display-component---NewYard--companyCodeComboBox","interaction":{"idSuffix":"inner"}},"wdio_ui5_key":"applicationmanageyards-display-component---NewYard--companyCodeComboBox"}]}
RESULT: {"script":"<script> [1562 bytes]","args":[{"selector":{"id":"application-manageyards-display-component---NewYard--companyCodeComboBox","interaction":{"idSuffix":"inner"}},"wdio_ui5_key":"applicationmanageyards-display-component---NewYard--companyCodeComboBox"}]}
RESULT: undefined
COMMAND: POST /session/f10bfffe94842169a26616823eaa69fd/execute/async - {"script":"<script> [776 bytes]","args":[{"enterText":"1000","selector":{"id":"application-manageyards-display-component---NewYard--companyCodeComboBox","interaction":{"idSuffix":"inner"}},"clearTextFirst":true,"interactionType":"ENTER_TEXT"}]}
RESULT: {"script":"<script> [776 bytes]","args":[{"enterText":"1000","selector":{"id":"application-manageyards-display-component---NewYard--companyCodeComboBox","interaction":{"idSuffix":"inner"}},"clearTextFirst":true,"interactionType":"ENTER_TEXT"}]}
COMMAND: POST /session/f10bfffe94842169a26616823eaa69fd/execute/async - {"script":"<script> [1562 bytes]","args":[{"selector":{"controlType":"sap.m.Input","viewName":"etm.portal.ui.manageyards.view.New","viewId":"application-manageyards-display-component---NewYard","bindingPath":{"path":"","propertyPath":"/PLANT","modelName":"NewYardModel"},"interaction":{"idSuffix":"inner"}},"wdio_ui5_key":"etmportal.ui.manageyards.view.Newsap.m.Input{\"path\":\"\",\"propertyPath\":\"/PLANT\",\"modelName\":\"NewYardModel\"}"}]}
RESULT: {"script":"<script> [1562 bytes]","args":[{"selector":{"controlType":"sap.m.Input","viewName":"etm.portal.ui.manageyards.view.New","viewId":"application-manageyards-display-component---NewYard","bindingPath":{"path":"","propertyPath":"/PLANT","modelName":"NewYardModel"},"interaction":{"idSuffix":"inner"}},"wdio_ui5_key":"etmportal.ui.manageyards.view.Newsap.m.Input{\"path\":\"\",\"propertyPath\":\"/PLANT\",\"modelName\":\"NewYardModel\"}"}]}
RESULT: undefined
COMMAND: POST /session/f10bfffe94842169a26616823eaa69fd/execute/async - {"script":"<script> [776 bytes]","args":[{"enterText":"1001","selector":{"controlType":"sap.m.Input","viewName":"etm.portal.ui.manageyards.view.New","viewId":"application-manageyards-display-component---NewYard","bindingPath":{"path":"","propertyPath":"/PLANT","modelName":"NewYardModel"},"interaction":{"idSuffix":"inner"}},"clearTextFirst":true,"interactionType":"ENTER_TEXT"}]}
RESULT: {"script":"<script> [776 bytes]","args":[{"enterText":"1001","selector":{"controlType":"sap.m.Input","viewName":"etm.portal.ui.manageyards.view.New","viewId":"application-manageyards-display-component---NewYard","bindingPath":{"path":"","propertyPath":"/PLANT","modelName":"NewYardModel"},"interaction":{"idSuffix":"inner"}},"clearTextFirst":true,"interactionType":"ENTER_TEXT"}]}
COMMAND: POST /session/f10bfffe94842169a26616823eaa69fd/execute/async - {"script":"<script> [1562 bytes]","args":[{"selector":{"controlType":"sap.m.Input","viewName":"etm.portal.ui.manageyards.view.New","viewId":"application-manageyards-display-component---NewYard","bindingPath":{"path":"","propertyPath":"/SALES_AREA_VKORG","modelName":"NewYardModel"},"interaction":{"idSuffix":"inner"}},"wdio_ui5_key":"etmportal.ui.manageyards.view.Newsap.m.Input{\"path\":\"\",\"propertyPath\":\"/SALES_AREA_VKORG\",\"modelName\":\"NewYardModel\"}"}]}
RESULT: {"script":"<script> [1562 bytes]","args":[{"selector":{"controlType":"sap.m.Input","viewName":"etm.portal.ui.manageyards.view.New","viewId":"application-manageyards-display-component---NewYard","bindingPath":{"path":"","propertyPath":"/SALES_AREA_VKORG","modelName":"NewYardModel"},"interaction":{"idSuffix":"inner"}},"wdio_ui5_key":"etmportal.ui.manageyards.view.Newsap.m.Input{\"path\":\"\",\"propertyPath\":\"/SALES_AREA_VKORG\",\"modelName\":\"NewYardModel\"}"}]}
RESULT: undefined
COMMAND: POST /session/f10bfffe94842169a26616823eaa69fd/execute/async - {"script":"<script> [776 bytes]","args":[{"enterText":"C002","selector":{"controlType":"sap.m.Input","viewName":"etm.portal.ui.manageyards.view.New","viewId":"application-manageyards-display-component---NewYard","bindingPath":{"path":"","propertyPath":"/SALES_AREA_VKORG","modelName":"NewYardModel"},"interaction":{"idSuffix":"inner"}},"clearTextFirst":true,"interactionType":"ENTER_TEXT"}]}
RESULT: {"script":"<script> [776 bytes]","args":[{"enterText":"C002","selector":{"controlType":"sap.m.Input","viewName":"etm.portal.ui.manageyards.view.New","viewId":"application-manageyards-display-component---NewYard","bindingPath":{"path":"","propertyPath":"/SALES_AREA_VKORG","modelName":"NewYardModel"},"interaction":{"idSuffix":"inner"}},"clearTextFirst":true,"interactionType":"ENTER_TEXT"}]}
COMMAND: POST /session/f10bfffe94842169a26616823eaa69fd/execute/async - {"script":"<script> [1562 bytes]","args":[{"selector":{"controlType":"sap.m.Input","viewName":"etm.portal.ui.manageyards.view.New","viewId":"application-manageyards-display-component---NewYard","bindingPath":{"path":"","propertyPath":"/SALES_AREA_VTWEG","modelName":"NewYardModel"},"interaction":{"idSuffix":"inner"}},"wdio_ui5_key":"etmportal.ui.manageyards.view.Newsap.m.Input{\"path\":\"\",\"propertyPath\":\"/SALES_AREA_VTWEG\",\"modelName\":\"NewYardModel\"}"}]}
RESULT: {"script":"<script> [1562 bytes]","args":[{"selector":{"controlType":"sap.m.Input","viewName":"etm.portal.ui.manageyards.view.New","viewId":"application-manageyards-display-component---NewYard","bindingPath":{"path":"","propertyPath":"/SALES_AREA_VTWEG","modelName":"NewYardModel"},"interaction":{"idSuffix":"inner"}},"wdio_ui5_key":"etmportal.ui.manageyards.view.Newsap.m.Input{\"path\":\"\",\"propertyPath\":\"/SALES_AREA_VTWEG\",\"modelName\":\"NewYardModel\"}"}]}
RESULT: undefined
COMMAND: POST /session/f10bfffe94842169a26616823eaa69fd/execute/async - {"script":"<script> [776 bytes]","args":[{"enterText":"C2","selector":{"controlType":"sap.m.Input","viewName":"etm.portal.ui.manageyards.view.New","viewId":"application-manageyards-display-component---NewYard","bindingPath":{"path":"","propertyPath":"/SALES_AREA_VTWEG","modelName":"NewYardModel"},"interaction":{"idSuffix":"inner"}},"clearTextFirst":true,"interactionType":"ENTER_TEXT"}]}
RESULT: {"script":"<script> [776 bytes]","args":[{"enterText":"C2","selector":{"controlType":"sap.m.Input","viewName":"etm.portal.ui.manageyards.view.New","viewId":"application-manageyards-display-component---NewYard","bindingPath":{"path":"","propertyPath":"/SALES_AREA_VTWEG","modelName":"NewYardModel"},"interaction":{"idSuffix":"inner"}},"clearTextFirst":true,"interactionType":"ENTER_TEXT"}]}
COMMAND: POST /session/f10bfffe94842169a26616823eaa69fd/execute/async - {"script":"<script> [1562 bytes]","args":[{"selector":{"controlType":"sap.m.Input","viewName":"etm.portal.ui.manageyards.view.New","viewId":"application-manageyards-display-component---NewYard","bindingPath":{"path":"","propertyPath":"/SALES_AREA_SPART","modelName":"NewYardModel"},"interaction":{"idSuffix":"inner"}},"wdio_ui5_key":"etmportal.ui.manageyards.view.Newsap.m.Input{\"path\":\"\",\"propertyPath\":\"/SALES_AREA_SPART\",\"modelName\":\"NewYardModel\"}"}]}
RESULT: {"script":"<script> [1562 bytes]","args":[{"selector":{"controlType":"sap.m.Input","viewName":"etm.portal.ui.manageyards.view.New","viewId":"application-manageyards-display-component---NewYard","bindingPath":{"path":"","propertyPath":"/SALES_AREA_SPART","modelName":"NewYardModel"},"interaction":{"idSuffix":"inner"}},"wdio_ui5_key":"etmportal.ui.manageyards.view.Newsap.m.Input{\"path\":\"\",\"propertyPath\":\"/SALES_AREA_SPART\",\"modelName\":\"NewYardModel\"}"}]}
RESULT: undefined
COMMAND: POST /session/f10bfffe94842169a26616823eaa69fd/execute/async - {"script":"<script> [776 bytes]","args":[{"enterText":"C2","selector":{"controlType":"sap.m.Input","viewName":"etm.portal.ui.manageyards.view.New","viewId":"application-manageyards-display-component---NewYard","bindingPath":{"path":"","propertyPath":"/SALES_AREA_SPART","modelName":"NewYardModel"},"interaction":{"idSuffix":"inner"}},"clearTextFirst":true,"interactionType":"ENTER_TEXT"}]}
RESULT: {"script":"<script> [776 bytes]","args":[{"enterText":"C2","selector":{"controlType":"sap.m.Input","viewName":"etm.portal.ui.manageyards.view.New","viewId":"application-manageyards-display-component---NewYard","bindingPath":{"path":"","propertyPath":"/SALES_AREA_SPART","modelName":"NewYardModel"},"interaction":{"idSuffix":"inner"}},"clearTextFirst":true,"interactionType":"ENTER_TEXT"}]}
COMMAND: POST /session/f10bfffe94842169a26616823eaa69fd/execute/async - {"script":"<script> [1562 bytes]","args":[{"selector":{"controlType":"sap.m.Input","viewName":"etm.portal.ui.manageyards.view.New","viewId":"application-manageyards-display-component---NewYard","bindingPath":{"path":"","propertyPath":"/SHIP_POINT","modelName":"NewYardModel"},"interaction":{"idSuffix":"inner"}},"wdio_ui5_key":"etmportal.ui.manageyards.view.Newsap.m.Input{\"path\":\"\",\"propertyPath\":\"/SHIP_POINT\",\"modelName\":\"NewYardModel\"}"}]}
RESULT: {"script":"<script> [1562 bytes]","args":[{"selector":{"controlType":"sap.m.Input","viewName":"etm.portal.ui.manageyards.view.New","viewId":"application-manageyards-display-component---NewYard","bindingPath":{"path":"","propertyPath":"/SHIP_POINT","modelName":"NewYardModel"},"interaction":{"idSuffix":"inner"}},"wdio_ui5_key":"etmportal.ui.manageyards.view.Newsap.m.Input{\"path\":\"\",\"propertyPath\":\"/SHIP_POINT\",\"modelName\":\"NewYardModel\"}"}]}
RESULT: undefined
COMMAND: POST /session/f10bfffe94842169a26616823eaa69fd/execute/async - {"script":"<script> [776 bytes]","args":[{"enterText":"1710","selector":{"controlType":"sap.m.Input","viewName":"etm.portal.ui.manageyards.view.New","viewId":"application-manageyards-display-component---NewYard","bindingPath":{"path":"","propertyPath":"/SHIP_POINT","modelName":"NewYardModel"},"interaction":{"idSuffix":"inner"}},"clearTextFirst":true,"interactionType":"ENTER_TEXT"}]}
RESULT: {"script":"<script> [776 bytes]","args":[{"enterText":"1710","selector":{"controlType":"sap.m.Input","viewName":"etm.portal.ui.manageyards.view.New","viewId":"application-manageyards-display-component---NewYard","bindingPath":{"path":"","propertyPath":"/SHIP_POINT","modelName":"NewYardModel"},"interaction":{"idSuffix":"inner"}},"clearTextFirst":true,"interactionType":"ENTER_TEXT"}]}
COMMAND: POST /session/f10bfffe94842169a26616823eaa69fd/execute/async - {"script":"<script> [1562 bytes]","args":[{"selector":{"controlType":"sap.m.Input","viewName":"etm.portal.ui.manageyards.view.New","viewId":"application-manageyards-display-component---NewYard","bindingPath":{"path":"","propertyPath":"/DELIVERY_TYPE","modelName":"NewYardModel"},"interaction":{"idSuffix":"inner"}},"wdio_ui5_key":"etmportal.ui.manageyards.view.Newsap.m.Input{\"path\":\"\",\"propertyPath\":\"/DELIVERY_TYPE\",\"modelName\":\"NewYardModel\"}"}]}
RESULT: {"script":"<script> [1562 bytes]","args":[{"selector":{"controlType":"sap.m.Input","viewName":"etm.portal.ui.manageyards.view.New","viewId":"application-manageyards-display-component---NewYard","bindingPath":{"path":"","propertyPath":"/DELIVERY_TYPE","modelName":"NewYardModel"},"interaction":{"idSuffix":"inner"}},"wdio_ui5_key":"etmportal.ui.manageyards.view.Newsap.m.Input{\"path\":\"\",\"propertyPath\":\"/DELIVERY_TYPE\",\"modelName\":\"NewYardModel\"}"}]}
RESULT: undefined
COMMAND: POST /session/f10bfffe94842169a26616823eaa69fd/execute/async - {"script":"<script> [776 bytes]","args":[{"enterText":"ZL01","selector":{"controlType":"sap.m.Input","viewName":"etm.portal.ui.manageyards.view.New","viewId":"application-manageyards-display-component---NewYard","bindingPath":{"path":"","propertyPath":"/DELIVERY_TYPE","modelName":"NewYardModel"},"interaction":{"idSuffix":"inner"}},"clearTextFirst":true,"interactionType":"ENTER_TEXT"}]}
RESULT: {"script":"<script> [776 bytes]","args":[{"enterText":"ZL01","selector":{"controlType":"sap.m.Input","viewName":"etm.portal.ui.manageyards.view.New","viewId":"application-manageyards-display-component---NewYard","bindingPath":{"path":"","propertyPath":"/DELIVERY_TYPE","modelName":"NewYardModel"},"interaction":{"idSuffix":"inner"}},"clearTextFirst":true,"interactionType":"ENTER_TEXT"}]}
COMMAND: POST /session/f10bfffe94842169a26616823eaa69fd/execute/async - {"script":"<script> [1562 bytes]","args":[{"selector":{"controlType":"sap.m.Input","viewName":"etm.portal.ui.manageyards.view.New","viewId":"application-manageyards-display-component---NewYard","bindingPath":{"path":"","propertyPath":"/AUART","modelName":"NewYardModel"},"interaction":{"idSuffix":"inner"}},"wdio_ui5_key":"etmportal.ui.manageyards.view.Newsap.m.Input{\"path\":\"\",\"propertyPath\":\"/AUART\",\"modelName\":\"NewYardModel\"}"}]}
RESULT: {"script":"<script> [1562 bytes]","args":[{"selector":{"controlType":"sap.m.Input","viewName":"etm.portal.ui.manageyards.view.New","viewId":"application-manageyards-display-component---NewYard","bindingPath":{"path":"","propertyPath":"/AUART","modelName":"NewYardModel"},"interaction":{"idSuffix":"inner"}},"wdio_ui5_key":"etmportal.ui.manageyards.view.Newsap.m.Input{\"path\":\"\",\"propertyPath\":\"/AUART\",\"modelName\":\"NewYardModel\"}"}]}
RESULT: undefined
COMMAND: POST /session/f10bfffe94842169a26616823eaa69fd/execute/async - {"script":"<script> [776 bytes]","args":[{"enterText":"TA","selector":{"controlType":"sap.m.Input","viewName":"etm.portal.ui.manageyards.view.New","viewId":"application-manageyards-display-component---NewYard","bindingPath":{"path":"","propertyPath":"/AUART","modelName":"NewYardModel"},"interaction":{"idSuffix":"inner"}},"clearTextFirst":true,"interactionType":"ENTER_TEXT"}]}
RESULT: {"script":"<script> [776 bytes]","args":[{"enterText":"TA","selector":{"controlType":"sap.m.Input","viewName":"etm.portal.ui.manageyards.view.New","viewId":"application-manageyards-display-component---NewYard","bindingPath":{"path":"","propertyPath":"/AUART","modelName":"NewYardModel"},"interaction":{"idSuffix":"inner"}},"clearTextFirst":true,"interactionType":"ENTER_TEXT"}]}
COMMAND: POST /session/f10bfffe94842169a26616823eaa69fd/element - {"using":"xpath","value":"//button[@data-kt=\"newYardSaveButton\"]"}
RESULT: {"using":"xpath","value":"//button[@data-kt=\"newYardSaveButton\"]"}
COMMAND: POST /session/f10bfffe94842169a26616823eaa69fd/element/f.B31591FEBD8AE49568014889031CF3F7.d.E1B3E9F589E0A1768E01F1A54409F5C3.e.7032/click - {}
RESULT: {}
COMMAND: GET /session/f10bfffe94842169a26616823eaa69fd/screenshot - {}
RESULT: {}
COMMAND: POST /session/f10bfffe94842169a26616823eaa69fd/element - {"using":"xpath","value":"//header[contains(@id, 'ObjectPageLayout-headerTitle')]/div[1]/div[2]/div[1]/span[1]"}
RESULT: {"using":"xpath","value":"//header[contains(@id, 'ObjectPageLayout-headerTitle')]/div[1]/div[2]/div[1]/span[1]"}
COMMAND: POST /session/f10bfffe94842169a26616823eaa69fd/elements - {"using":"xpath","value":"//header[contains(@id, 'ObjectPageLayout-headerTitle')]/div[1]/div[2]/div[1]/span[1]"}
RESULT: {"using":"xpath","value":"//header[contains(@id, 'ObjectPageLayout-headerTitle')]/div[1]/div[2]/div[1]/span[1]"}
COMMAND: POST /session/f10bfffe94842169a26616823eaa69fd/execute/sync - {"script":"<script> [56 bytes]","args":[{"element-6066-11e4-a52e-4f735466cecf":"f.B31591FEBD8AE49568014889031CF3F7.d.E1B3E9F589E0A1768E01F1A54409F5C3.e.7354","ELEMENT":"f.B31591FEBD8AE49568014889031CF3F7.d.E1B3E9F589E0A1768E01F1A54409F5C3.e.7354"}]}
RESULT: {"script":"<script> [56 bytes]","args":[{"element-6066-11e4-a52e-4f735466cecf":"f.B31591FEBD8AE49568014889031CF3F7.d.E1B3E9F589E0A1768E01F1A54409F5C3.e.7354","ELEMENT":"f.B31591FEBD8AE49568014889031CF3F7.d.E1B3E9F589E0A1768E01F1A54409F5C3.e.7354"}]}
COMMAND: GET /session/f10bfffe94842169a26616823eaa69fd/screenshot - {}
RESULT: {}
COMMAND: POST /session/f10bfffe94842169a26616823eaa69fd/element - {"using":"css selector","value":"#shell-header-logo"}
RESULT: {"using":"css selector","value":"#shell-header-logo"}
COMMAND: POST /session/f10bfffe94842169a26616823eaa69fd/element/f.B31591FEBD8AE49568014889031CF3F7.d.E1B3E9F589E0A1768E01F1A54409F5C3.e.6612/click - {}
RESULT: {}
COMMAND: GET /session/f10bfffe94842169a26616823eaa69fd/screenshot - {}
RESULT: {}
COMMAND: POST /session/f10bfffe94842169a26616823eaa69fd/execute/sync - {"script":"<script> [299 bytes]","args":[["getModel","getResource"]]}
RESULT: {"script":"<script> [299 bytes]","args":[["getModel","getResource"]]}
]]></system-out>
    </testcase>
    <testcase classname="chrome.135_0_7049_42.windows.Create_master_data_for_mixed_billing_&amp;_do_billing_calculation_US151661" name="Should create a new partner" time="126.655">
      <system-out><![CDATA[
COMMAND: GET /session/f10bfffe94842169a26616823eaa69fd/screenshot - {}
COMMAND: POST /session/f10bfffe94842169a26616823eaa69fd/window/fullscreen - {}
RESULT: {}
COMMAND: POST /session/f10bfffe94842169a26616823eaa69fd/execute/async - {"script":"<script> [1562 bytes]","args":[{"selector":{"controlType":"sap.m.GenericTile","properties":{"header":"Manage Partners"}},"wdio_ui5_key":"sapm.GenericTile{\"header\":\"Manage Partners\"}"}]}
RESULT: {}
RESULT: {"script":"<script> [1562 bytes]","args":[{"selector":{"controlType":"sap.m.GenericTile","properties":{"header":"Manage Partners"}},"wdio_ui5_key":"sapm.GenericTile{\"header\":\"Manage Partners\"}"}]}
RESULT: undefined
COMMAND: POST /session/f10bfffe94842169a26616823eaa69fd/element - {"using":"xpath","value":"//*[@id=\"__tile38\"]"}
RESULT: {"using":"xpath","value":"//*[@id=\"__tile38\"]"}
COMMAND: POST /session/f10bfffe94842169a26616823eaa69fd/element/f.B31591FEBD8AE49568014889031CF3F7.d.E1B3E9F589E0A1768E01F1A54409F5C3.e.6499/click - {}
RESULT: {}
COMMAND: POST /session/f10bfffe94842169a26616823eaa69fd/element - {"using":"xpath","value":"//button[@data-kt=\"addButton\"]"}
COMMAND: GET /session/f10bfffe94842169a26616823eaa69fd/screenshot - {}
RESULT: {"using":"xpath","value":"//button[@data-kt=\"addButton\"]"}
COMMAND: POST /session/f10bfffe94842169a26616823eaa69fd/elements - {"using":"xpath","value":"//button[@data-kt=\"addButton\"]"}
RESULT: {}
RESULT: {"using":"xpath","value":"//button[@data-kt=\"addButton\"]"}
COMMAND: POST /session/f10bfffe94842169a26616823eaa69fd/elements - {"using":"xpath","value":"//button[@data-kt=\"addButton\"]"}
RESULT: {"using":"xpath","value":"//button[@data-kt=\"addButton\"]"}
COMMAND: POST /session/f10bfffe94842169a26616823eaa69fd/elements - {"using":"xpath","value":"//button[@data-kt=\"addButton\"]"}
RESULT: {"using":"xpath","value":"//button[@data-kt=\"addButton\"]"}
COMMAND: POST /session/f10bfffe94842169a26616823eaa69fd/elements - {"using":"xpath","value":"//button[@data-kt=\"addButton\"]"}
RESULT: {"using":"xpath","value":"//button[@data-kt=\"addButton\"]"}
COMMAND: POST /session/f10bfffe94842169a26616823eaa69fd/elements - {"using":"xpath","value":"//button[@data-kt=\"addButton\"]"}
RESULT: {"using":"xpath","value":"//button[@data-kt=\"addButton\"]"}
COMMAND: POST /session/f10bfffe94842169a26616823eaa69fd/element - {"using":"xpath","value":"//button[@data-kt=\"addButton\"]"}
RESULT: {"using":"xpath","value":"//button[@data-kt=\"addButton\"]"}
COMMAND: POST /session/f10bfffe94842169a26616823eaa69fd/execute/sync - {"script":"<script> [8489 bytes]","args":[{"element-6066-11e4-a52e-4f735466cecf":"f.B31591FEBD8AE49568014889031CF3F7.d.E1B3E9F589E0A1768E01F1A54409F5C3.e.7397","ELEMENT":"f.B31591FEBD8AE49568014889031CF3F7.d.E1B3E9F589E0A1768E01F1A54409F5C3.e.7397"}]}
RESULT: {"script":"<script> [8489 bytes]","args":[{"element-6066-11e4-a52e-4f735466cecf":"f.B31591FEBD8AE49568014889031CF3F7.d.E1B3E9F589E0A1768E01F1A54409F5C3.e.7397","ELEMENT":"f.B31591FEBD8AE49568014889031CF3F7.d.E1B3E9F589E0A1768E01F1A54409F5C3.e.7397"}]}
COMMAND: GET /session/f10bfffe94842169a26616823eaa69fd/element/f.B31591FEBD8AE49568014889031CF3F7.d.E1B3E9F589E0A1768E01F1A54409F5C3.e.7397/enabled - {}
COMMAND: GET /session/f10bfffe94842169a26616823eaa69fd/screenshot - {}
RESULT: {}
COMMAND: POST /session/f10bfffe94842169a26616823eaa69fd/execute/sync - {"script":"<script> [8489 bytes]","args":[{"element-6066-11e4-a52e-4f735466cecf":"f.B31591FEBD8AE49568014889031CF3F7.d.E1B3E9F589E0A1768E01F1A54409F5C3.e.7397","ELEMENT":"f.B31591FEBD8AE49568014889031CF3F7.d.E1B3E9F589E0A1768E01F1A54409F5C3.e.7397"}]}
COMMAND: GET /session/f10bfffe94842169a26616823eaa69fd/screenshot - {}
RESULT: {}
RESULT: {"script":"<script> [8489 bytes]","args":[{"element-6066-11e4-a52e-4f735466cecf":"f.B31591FEBD8AE49568014889031CF3F7.d.E1B3E9F589E0A1768E01F1A54409F5C3.e.7397","ELEMENT":"f.B31591FEBD8AE49568014889031CF3F7.d.E1B3E9F589E0A1768E01F1A54409F5C3.e.7397"}]}
COMMAND: POST /session/f10bfffe94842169a26616823eaa69fd/execute/sync - {"script":"<script> [5351 bytes]","args":[{"element-6066-11e4-a52e-4f735466cecf":"f.B31591FEBD8AE49568014889031CF3F7.d.E1B3E9F589E0A1768E01F1A54409F5C3.e.7397","ELEMENT":"f.B31591FEBD8AE49568014889031CF3F7.d.E1B3E9F589E0A1768E01F1A54409F5C3.e.7397"}]}
COMMAND: GET /session/f10bfffe94842169a26616823eaa69fd/screenshot - {}
RESULT: {}
RESULT: {"script":"<script> [5351 bytes]","args":[{"element-6066-11e4-a52e-4f735466cecf":"f.B31591FEBD8AE49568014889031CF3F7.d.E1B3E9F589E0A1768E01F1A54409F5C3.e.7397","ELEMENT":"f.B31591FEBD8AE49568014889031CF3F7.d.E1B3E9F589E0A1768E01F1A54409F5C3.e.7397"}]}
COMMAND: POST /session/f10bfffe94842169a26616823eaa69fd/element/f.B31591FEBD8AE49568014889031CF3F7.d.E1B3E9F589E0A1768E01F1A54409F5C3.e.7397/click - {}
COMMAND: GET /session/f10bfffe94842169a26616823eaa69fd/screenshot - {}
RESULT: {}
RESULT: {}
COMMAND: GET /session/f10bfffe94842169a26616823eaa69fd/screenshot - {}
COMMAND: POST /session/f10bfffe94842169a26616823eaa69fd/execute/async - {"script":"<script> [1562 bytes]","args":[{"selector":{"id":"application-managepartners-display-component---NewPartner--addressDetailDetailsName1","interaction":{"idSuffix":"inner"}},"wdio_ui5_key":"applicationmanagepartners-display-component---NewPartner--addressDetailDetailsName1"}]}
RESULT: {}
RESULT: {}
RESULT: {"script":"<script> [1562 bytes]","args":[{"selector":{"id":"application-managepartners-display-component---NewPartner--addressDetailDetailsName1","interaction":{"idSuffix":"inner"}},"wdio_ui5_key":"applicationmanagepartners-display-component---NewPartner--addressDetailDetailsName1"}]}
RESULT: undefined
COMMAND: POST /session/f10bfffe94842169a26616823eaa69fd/execute/async - {"script":"<script> [776 bytes]","args":[{"enterText":"Intercompany Partner WDIO","selector":{"id":"application-managepartners-display-component---NewPartner--addressDetailDetailsName1","interaction":{"idSuffix":"inner"}},"clearTextFirst":true,"interactionType":"ENTER_TEXT"}]}
RESULT: {"script":"<script> [776 bytes]","args":[{"enterText":"Intercompany Partner WDIO","selector":{"id":"application-managepartners-display-component---NewPartner--addressDetailDetailsName1","interaction":{"idSuffix":"inner"}},"clearTextFirst":true,"interactionType":"ENTER_TEXT"}]}
COMMAND: POST /session/f10bfffe94842169a26616823eaa69fd/execute/async - {"script":"<script> [1562 bytes]","args":[{"selector":{"id":"application-managepartners-display-component---NewPartner--addressDetailDetailsLanguage-arrow"},"wdio_ui5_key":"applicationmanagepartners-display-component---NewPartner--addressDetailDetailsLanguage-arrow"}]}
RESULT: {"script":"<script> [1562 bytes]","args":[{"selector":{"id":"application-managepartners-display-component---NewPartner--addressDetailDetailsLanguage-arrow"},"wdio_ui5_key":"applicationmanagepartners-display-component---NewPartner--addressDetailDetailsLanguage-arrow"}]}
RESULT: undefined
COMMAND: POST /session/f10bfffe94842169a26616823eaa69fd/element - {"using":"xpath","value":"//*[@id=\"application-managepartners-display-component---NewPartner--addressDetailDetailsLanguage-arrow\"]"}
RESULT: {"using":"xpath","value":"//*[@id=\"application-managepartners-display-component---NewPartner--addressDetailDetailsLanguage-arrow\"]"}
COMMAND: POST /session/f10bfffe94842169a26616823eaa69fd/element/f.B31591FEBD8AE49568014889031CF3F7.d.E1B3E9F589E0A1768E01F1A54409F5C3.e.7843/click - {}
RESULT: {}
COMMAND: POST /session/f10bfffe94842169a26616823eaa69fd/element - {"using":"xpath","value":"//span[contains(text(), \"English\")]"}
COMMAND: GET /session/f10bfffe94842169a26616823eaa69fd/screenshot - {}
RESULT: {"using":"xpath","value":"//span[contains(text(), \"English\")]"}
COMMAND: POST /session/f10bfffe94842169a26616823eaa69fd/element/f.B31591FEBD8AE49568014889031CF3F7.d.E1B3E9F589E0A1768E01F1A54409F5C3.e.7844/click - {}
RESULT: {}
RESULT: {}
COMMAND: GET /session/f10bfffe94842169a26616823eaa69fd/screenshot - {}
RESULT: {}
COMMAND: POST /session/f10bfffe94842169a26616823eaa69fd/execute/async - {"script":"<script> [1562 bytes]","args":[{"selector":{"id":"application-managepartners-display-component---NewPartner--addressDetailDetailsCity1","interaction":{"idSuffix":"inner"}},"wdio_ui5_key":"applicationmanagepartners-display-component---NewPartner--addressDetailDetailsCity1"}]}
RESULT: {"script":"<script> [1562 bytes]","args":[{"selector":{"id":"application-managepartners-display-component---NewPartner--addressDetailDetailsCity1","interaction":{"idSuffix":"inner"}},"wdio_ui5_key":"applicationmanagepartners-display-component---NewPartner--addressDetailDetailsCity1"}]}
RESULT: undefined
COMMAND: POST /session/f10bfffe94842169a26616823eaa69fd/execute/async - {"script":"<script> [776 bytes]","args":[{"enterText":"Rosario","selector":{"id":"application-managepartners-display-component---NewPartner--addressDetailDetailsCity1","interaction":{"idSuffix":"inner"}},"clearTextFirst":true,"interactionType":"ENTER_TEXT"}]}
RESULT: {"script":"<script> [776 bytes]","args":[{"enterText":"Rosario","selector":{"id":"application-managepartners-display-component---NewPartner--addressDetailDetailsCity1","interaction":{"idSuffix":"inner"}},"clearTextFirst":true,"interactionType":"ENTER_TEXT"}]}
COMMAND: POST /session/f10bfffe94842169a26616823eaa69fd/execute/async - {"script":"<script> [1562 bytes]","args":[{"selector":{"id":"application-managepartners-display-component---NewPartner--addressDetailDetailsCountry-arrow"},"wdio_ui5_key":"applicationmanagepartners-display-component---NewPartner--addressDetailDetailsCountry-arrow"}]}
RESULT: {"script":"<script> [1562 bytes]","args":[{"selector":{"id":"application-managepartners-display-component---NewPartner--addressDetailDetailsCountry-arrow"},"wdio_ui5_key":"applicationmanagepartners-display-component---NewPartner--addressDetailDetailsCountry-arrow"}]}
RESULT: undefined
COMMAND: POST /session/f10bfffe94842169a26616823eaa69fd/element - {"using":"xpath","value":"//*[@id=\"application-managepartners-display-component---NewPartner--addressDetailDetailsCountry-arrow\"]"}
RESULT: {"using":"xpath","value":"//*[@id=\"application-managepartners-display-component---NewPartner--addressDetailDetailsCountry-arrow\"]"}
COMMAND: POST /session/f10bfffe94842169a26616823eaa69fd/element/f.B31591FEBD8AE49568014889031CF3F7.d.E1B3E9F589E0A1768E01F1A54409F5C3.e.7797/click - {}
RESULT: {}
COMMAND: POST /session/f10bfffe94842169a26616823eaa69fd/element - {"using":"xpath","value":"//span[contains(text(), \"Argentina\")]"}
COMMAND: GET /session/f10bfffe94842169a26616823eaa69fd/screenshot - {}
RESULT: {"using":"xpath","value":"//span[contains(text(), \"Argentina\")]"}
COMMAND: POST /session/f10bfffe94842169a26616823eaa69fd/element/f.B31591FEBD8AE49568014889031CF3F7.d.E1B3E9F589E0A1768E01F1A54409F5C3.e.7846/click - {}
RESULT: {}
RESULT: {}
COMMAND: GET /session/f10bfffe94842169a26616823eaa69fd/screenshot - {}
RESULT: {}
COMMAND: POST /session/f10bfffe94842169a26616823eaa69fd/element - {"using":"xpath","value":"//bdi[contains(text(), \"Commercial\")]"}
RESULT: {"using":"xpath","value":"//bdi[contains(text(), \"Commercial\")]"}
COMMAND: POST /session/f10bfffe94842169a26616823eaa69fd/element/f.B31591FEBD8AE49568014889031CF3F7.d.E1B3E9F589E0A1768E01F1A54409F5C3.e.7847/click - {}
RESULT: {}
COMMAND: GET /session/f10bfffe94842169a26616823eaa69fd/screenshot - {}
RESULT: {}
COMMAND: POST /session/f10bfffe94842169a26616823eaa69fd/execute/async - {"script":"<script> [1562 bytes]","args":[{"selector":{"id":"application-managepartners-display-component---NewPartner--partnerDetailInternal-arrow"},"wdio_ui5_key":"applicationmanagepartners-display-component---NewPartner--partnerDetailInternal-arrow"}]}
RESULT: {"script":"<script> [1562 bytes]","args":[{"selector":{"id":"application-managepartners-display-component---NewPartner--partnerDetailInternal-arrow"},"wdio_ui5_key":"applicationmanagepartners-display-component---NewPartner--partnerDetailInternal-arrow"}]}
RESULT: undefined
COMMAND: POST /session/f10bfffe94842169a26616823eaa69fd/element - {"using":"xpath","value":"//*[@id=\"application-managepartners-display-component---NewPartner--partnerDetailInternal-arrow\"]"}
RESULT: {"using":"xpath","value":"//*[@id=\"application-managepartners-display-component---NewPartner--partnerDetailInternal-arrow\"]"}
COMMAND: POST /session/f10bfffe94842169a26616823eaa69fd/element/f.B31591FEBD8AE49568014889031CF3F7.d.E1B3E9F589E0A1768E01F1A54409F5C3.e.7853/click - {}
RESULT: {}
COMMAND: POST /session/f10bfffe94842169a26616823eaa69fd/element - {"using":"xpath","value":"//span[contains(text(), \"Affiliated company\")]"}
COMMAND: GET /session/f10bfffe94842169a26616823eaa69fd/screenshot - {}
RESULT: {"using":"xpath","value":"//span[contains(text(), \"Affiliated company\")]"}
COMMAND: POST /session/f10bfffe94842169a26616823eaa69fd/element/f.B31591FEBD8AE49568014889031CF3F7.d.E1B3E9F589E0A1768E01F1A54409F5C3.e.7854/click - {}
RESULT: {}
RESULT: {}
COMMAND: POST /session/f10bfffe94842169a26616823eaa69fd/execute/async - {"script":"<script> [1562 bytes]","args":[{"selector":{"id":"application-managepartners-display-component---NewPartner--partnerDetailsCurrency-arrow"},"wdio_ui5_key":"applicationmanagepartners-display-component---NewPartner--partnerDetailsCurrency-arrow"}]}
COMMAND: GET /session/f10bfffe94842169a26616823eaa69fd/screenshot - {}
RESULT: {"script":"<script> [1562 bytes]","args":[{"selector":{"id":"application-managepartners-display-component---NewPartner--partnerDetailsCurrency-arrow"},"wdio_ui5_key":"applicationmanagepartners-display-component---NewPartner--partnerDetailsCurrency-arrow"}]}
RESULT: undefined
COMMAND: POST /session/f10bfffe94842169a26616823eaa69fd/element - {"using":"xpath","value":"//*[@id=\"application-managepartners-display-component---NewPartner--partnerDetailsCurrency-arrow\"]"}
RESULT: {}
RESULT: {"using":"xpath","value":"//*[@id=\"application-managepartners-display-component---NewPartner--partnerDetailsCurrency-arrow\"]"}
COMMAND: POST /session/f10bfffe94842169a26616823eaa69fd/element/f.B31591FEBD8AE49568014889031CF3F7.d.E1B3E9F589E0A1768E01F1A54409F5C3.e.7861/click - {}
RESULT: {}
COMMAND: POST /session/f10bfffe94842169a26616823eaa69fd/element - {"using":"xpath","value":"//span[contains(text(), \"Euro\")]"}
COMMAND: GET /session/f10bfffe94842169a26616823eaa69fd/screenshot - {}
RESULT: {"using":"xpath","value":"//span[contains(text(), \"Euro\")]"}
COMMAND: POST /session/f10bfffe94842169a26616823eaa69fd/element/f.B31591FEBD8AE49568014889031CF3F7.d.E1B3E9F589E0A1768E01F1A54409F5C3.e.7862/click - {}
RESULT: {}
RESULT: {}
COMMAND: POST /session/f10bfffe94842169a26616823eaa69fd/execute/async - {"script":"<script> [1562 bytes]","args":[{"selector":{"id":"application-managepartners-display-component---NewPartner--addressEditDetailsCostObjectCstType-arrow"},"wdio_ui5_key":"applicationmanagepartners-display-component---NewPartner--addressEditDetailsCostObjectCstType-arrow"}]}
COMMAND: GET /session/f10bfffe94842169a26616823eaa69fd/screenshot - {}
RESULT: {"script":"<script> [1562 bytes]","args":[{"selector":{"id":"application-managepartners-display-component---NewPartner--addressEditDetailsCostObjectCstType-arrow"},"wdio_ui5_key":"applicationmanagepartners-display-component---NewPartner--addressEditDetailsCostObjectCstType-arrow"}]}
RESULT: undefined
COMMAND: POST /session/f10bfffe94842169a26616823eaa69fd/element - {"using":"xpath","value":"//*[@id=\"application-managepartners-display-component---NewPartner--addressEditDetailsCostObjectCstType-arrow\"]"}
RESULT: {}
RESULT: {"using":"xpath","value":"//*[@id=\"application-managepartners-display-component---NewPartner--addressEditDetailsCostObjectCstType-arrow\"]"}
COMMAND: POST /session/f10bfffe94842169a26616823eaa69fd/element/f.B31591FEBD8AE49568014889031CF3F7.d.E1B3E9F589E0A1768E01F1A54409F5C3.e.7863/click - {}
RESULT: {}
COMMAND: POST /session/f10bfffe94842169a26616823eaa69fd/element - {"using":"xpath","value":"//span[contains(text(), \"Cost Center\")]"}
COMMAND: GET /session/f10bfffe94842169a26616823eaa69fd/screenshot - {}
RESULT: {"using":"xpath","value":"//span[contains(text(), \"Cost Center\")]"}
COMMAND: POST /session/f10bfffe94842169a26616823eaa69fd/element/f.B31591FEBD8AE49568014889031CF3F7.d.E1B3E9F589E0A1768E01F1A54409F5C3.e.7864/click - {}
RESULT: {}
RESULT: {}
COMMAND: GET /session/f10bfffe94842169a26616823eaa69fd/screenshot - {}
RESULT: {}
COMMAND: POST /session/f10bfffe94842169a26616823eaa69fd/element - {"using":"xpath","value":"//span[@id=\"application-managepartners-display-component---NewPartner--addressNewCostObjectCstID-vhi\"]"}
RESULT: {"using":"xpath","value":"//span[@id=\"application-managepartners-display-component---NewPartner--addressNewCostObjectCstID-vhi\"]"}
COMMAND: POST /session/f10bfffe94842169a26616823eaa69fd/execute/sync - {"script":"<script> [8489 bytes]","args":[{"element-6066-11e4-a52e-4f735466cecf":"f.B31591FEBD8AE49568014889031CF3F7.d.E1B3E9F589E0A1768E01F1A54409F5C3.e.7867","ELEMENT":"f.B31591FEBD8AE49568014889031CF3F7.d.E1B3E9F589E0A1768E01F1A54409F5C3.e.7867"}]}
RESULT: {"script":"<script> [8489 bytes]","args":[{"element-6066-11e4-a52e-4f735466cecf":"f.B31591FEBD8AE49568014889031CF3F7.d.E1B3E9F589E0A1768E01F1A54409F5C3.e.7867","ELEMENT":"f.B31591FEBD8AE49568014889031CF3F7.d.E1B3E9F589E0A1768E01F1A54409F5C3.e.7867"}]}
COMMAND: POST /session/f10bfffe94842169a26616823eaa69fd/execute/async - {"script":"<script> [1562 bytes]","args":[{"selector":{"id":"application-managepartners-display-component---NewPartner--addressNewCostObjectCstID-vhi"},"wdio_ui5_key":"applicationmanagepartners-display-component---NewPartner--addressNewCostObjectCstID-vhi"}]}
COMMAND: GET /session/f10bfffe94842169a26616823eaa69fd/screenshot - {}
RESULT: {"script":"<script> [1562 bytes]","args":[{"selector":{"id":"application-managepartners-display-component---NewPartner--addressNewCostObjectCstID-vhi"},"wdio_ui5_key":"applicationmanagepartners-display-component---NewPartner--addressNewCostObjectCstID-vhi"}]}
RESULT: undefined
COMMAND: POST /session/f10bfffe94842169a26616823eaa69fd/element - {"using":"xpath","value":"//*[@id=\"application-managepartners-display-component---NewPartner--addressNewCostObjectCstID-vhi\"]"}
RESULT: {}
RESULT: {"using":"xpath","value":"//*[@id=\"application-managepartners-display-component---NewPartner--addressNewCostObjectCstID-vhi\"]"}
COMMAND: POST /session/f10bfffe94842169a26616823eaa69fd/element/f.B31591FEBD8AE49568014889031CF3F7.d.E1B3E9F589E0A1768E01F1A54409F5C3.e.7867/click - {}
RESULT: {}
COMMAND: GET /session/f10bfffe94842169a26616823eaa69fd/screenshot - {}
RESULT: {}
RESULT: undefined
COMMAND: POST /session/f10bfffe94842169a26616823eaa69fd/execute/async - {"script":"<script> [776 bytes]","args":[{"enterText":"10001013","selector":{"controlType":"sap.m.SearchField","properties":{"placeholder":"Search"},"searchOpenDialogs":true,"interaction":{"idSuffix":"I"}},"clearTextFirst":true,"interactionType":"ENTER_TEXT"}]}
RESULT: {"script":"<script> [776 bytes]","args":[{"enterText":"10001013","selector":{"controlType":"sap.m.SearchField","properties":{"placeholder":"Search"},"searchOpenDialogs":true,"interaction":{"idSuffix":"I"}},"clearTextFirst":true,"interactionType":"ENTER_TEXT"}]}
COMMAND: POST /session/f10bfffe94842169a26616823eaa69fd/actions - {"actions":[{"id":"action20","type":"key","parameters":{},"actions":[{"type":"keyDown","value":""},{"type":"pause","duration":10},{"type":"keyUp","value":""}]}]}
RESULT: {"actions":[{"id":"action20","type":"key","parameters":{},"actions":[{"type":"keyDown","value":""},{"type":"pause","duration":10},{"type":"keyUp","value":""}]}]}
COMMAND: GET /session/f10bfffe94842169a26616823eaa69fd/screenshot - {}
RESULT: {}
COMMAND: POST /session/f10bfffe94842169a26616823eaa69fd/element - {"using":"xpath","value":"//span[contains(text(), \"General Management\")]"}
RESULT: {"using":"xpath","value":"//span[contains(text(), \"General Management\")]"}
COMMAND: POST /session/f10bfffe94842169a26616823eaa69fd/element/f.B31591FEBD8AE49568014889031CF3F7.d.E1B3E9F589E0A1768E01F1A54409F5C3.e.7907/click - {}
RESULT: {}
COMMAND: GET /session/f10bfffe94842169a26616823eaa69fd/screenshot - {}
RESULT: {}
COMMAND: POST /session/f10bfffe94842169a26616823eaa69fd/element - {"using":"xpath","value":"//bdi[contains(text(), \"OK\")]"}
RESULT: {"using":"xpath","value":"//bdi[contains(text(), \"OK\")]"}
COMMAND: POST /session/f10bfffe94842169a26616823eaa69fd/element/f.B31591FEBD8AE49568014889031CF3F7.d.E1B3E9F589E0A1768E01F1A54409F5C3.e.7908/click - {}
RESULT: {}
COMMAND: GET /session/f10bfffe94842169a26616823eaa69fd/screenshot - {}
RESULT: {}
COMMAND: POST /session/f10bfffe94842169a26616823eaa69fd/element - {"using":"xpath","value":"//input[@id=\"application-managepartners-display-component---NewPartner--companyCodeComboBox-inner\"]"}
RESULT: {"using":"xpath","value":"//input[@id=\"application-managepartners-display-component---NewPartner--companyCodeComboBox-inner\"]"}
COMMAND: POST /session/f10bfffe94842169a26616823eaa69fd/element/f.B31591FEBD8AE49568014889031CF3F7.d.E1B3E9F589E0A1768E01F1A54409F5C3.e.7711/clear - {}
RESULT: {}
COMMAND: POST /session/f10bfffe94842169a26616823eaa69fd/element/f.B31591FEBD8AE49568014889031CF3F7.d.E1B3E9F589E0A1768E01F1A54409F5C3.e.7711/value - {"text":"C002"}
COMMAND: GET /session/f10bfffe94842169a26616823eaa69fd/screenshot - {}
RESULT: {"text":"C002"}
COMMAND: GET /session/f10bfffe94842169a26616823eaa69fd/screenshot - {}
RESULT: {}
RESULT: {}
COMMAND: POST /session/f10bfffe94842169a26616823eaa69fd/element - {"using":"xpath","value":"//span[contains(text(), \"C002\")]"}
RESULT: {"using":"xpath","value":"//span[contains(text(), \"C002\")]"}
COMMAND: POST /session/f10bfffe94842169a26616823eaa69fd/element/f.B31591FEBD8AE49568014889031CF3F7.d.E1B3E9F589E0A1768E01F1A54409F5C3.e.7914/click - {}
RESULT: {}
COMMAND: GET /session/f10bfffe94842169a26616823eaa69fd/screenshot - {}
RESULT: {}
COMMAND: POST /session/f10bfffe94842169a26616823eaa69fd/execute/async - {"script":"<script> [1562 bytes]","args":[{"selector":{"id":"application-managepartners-display-component---NewPartner--btnAddTableRow-img"},"wdio_ui5_key":"applicationmanagepartners-display-component---NewPartner--btnAddTableRow-img"}]}
RESULT: {"script":"<script> [1562 bytes]","args":[{"selector":{"id":"application-managepartners-display-component---NewPartner--btnAddTableRow-img"},"wdio_ui5_key":"applicationmanagepartners-display-component---NewPartner--btnAddTableRow-img"}]}
RESULT: undefined
COMMAND: POST /session/f10bfffe94842169a26616823eaa69fd/element - {"using":"xpath","value":"//*[@id=\"application-managepartners-display-component---NewPartner--btnAddTableRow-img\"]"}
RESULT: {"using":"xpath","value":"//*[@id=\"application-managepartners-display-component---NewPartner--btnAddTableRow-img\"]"}
COMMAND: POST /session/f10bfffe94842169a26616823eaa69fd/element/f.B31591FEBD8AE49568014889031CF3F7.d.E1B3E9F589E0A1768E01F1A54409F5C3.e.7915/click - {}
RESULT: {}
COMMAND: GET /session/f10bfffe94842169a26616823eaa69fd/screenshot - {}
RESULT: {}
COMMAND: POST /session/f10bfffe94842169a26616823eaa69fd/element - {"using":"xpath","value":"//input[@id=\"application-managepartners-display-component---NewPartner--assignmentYard-application-managepartners-display-component---NewPartner--assignmentsTable-0-inner\"]"}
RESULT: {"using":"xpath","value":"//input[@id=\"application-managepartners-display-component---NewPartner--assignmentYard-application-managepartners-display-component---NewPartner--assignmentsTable-0-inner\"]"}
COMMAND: POST /session/f10bfffe94842169a26616823eaa69fd/element/f.B31591FEBD8AE49568014889031CF3F7.d.E1B3E9F589E0A1768E01F1A54409F5C3.e.7918/clear - {}
RESULT: {}
COMMAND: POST /session/f10bfffe94842169a26616823eaa69fd/element/f.B31591FEBD8AE49568014889031CF3F7.d.E1B3E9F589E0A1768E01F1A54409F5C3.e.7918/value - {"text":"575"}
COMMAND: GET /session/f10bfffe94842169a26616823eaa69fd/screenshot - {}
RESULT: {"text":"575"}
COMMAND: GET /session/f10bfffe94842169a26616823eaa69fd/screenshot - {}
RESULT: {}
RESULT: {}
COMMAND: POST /session/f10bfffe94842169a26616823eaa69fd/element - {"using":"xpath","value":"//li[.//span[text()='575']]"}
RESULT: {"using":"xpath","value":"//li[.//span[text()='575']]"}
COMMAND: POST /session/f10bfffe94842169a26616823eaa69fd/element/f.B31591FEBD8AE49568014889031CF3F7.d.E1B3E9F589E0A1768E01F1A54409F5C3.e.7927/click - {}
RESULT: {}
COMMAND: GET /session/f10bfffe94842169a26616823eaa69fd/screenshot - {}
RESULT: {}
COMMAND: POST /session/f10bfffe94842169a26616823eaa69fd/actions - {"actions":[{"id":"action21","type":"key","parameters":{},"actions":[{"type":"keyDown","value":""},{"type":"pause","duration":10},{"type":"keyUp","value":""}]}]}
RESULT: {"actions":[{"id":"action21","type":"key","parameters":{},"actions":[{"type":"keyDown","value":""},{"type":"pause","duration":10},{"type":"keyUp","value":""}]}]}
COMMAND: POST /session/f10bfffe94842169a26616823eaa69fd/execute/async - {"script":"<script> [1562 bytes]","args":[{"selector":{"id":"application-managepartners-display-component---NewPartner--externalCustomerComboBox-application-managepartners-display-component---NewPartner--assignmentsTable-0-vhi"},"wdio_ui5_key":"applicationmanagepartners-display-component---NewPartner--externalCustomerComboBox-application-managepartners-display-component---NewPartner--assignmentsTable-0-vhi"}]}
COMMAND: GET /session/f10bfffe94842169a26616823eaa69fd/screenshot - {}
RESULT: {"script":"<script> [1562 bytes]","args":[{"selector":{"id":"application-managepartners-display-component---NewPartner--externalCustomerComboBox-application-managepartners-display-component---NewPartner--assignmentsTable-0-vhi"},"wdio_ui5_key":"applicationmanagepartners-display-component---NewPartner--externalCustomerComboBox-application-managepartners-display-component---NewPartner--assignmentsTable-0-vhi"}]}
RESULT: undefined
COMMAND: POST /session/f10bfffe94842169a26616823eaa69fd/element - {"using":"xpath","value":"//*[@id=\"application-managepartners-display-component---NewPartner--externalCustomerComboBox-application-managepartners-display-component---NewPartner--assignmentsTable-0-vhi\"]"}
RESULT: {}
RESULT: {"using":"xpath","value":"//*[@id=\"application-managepartners-display-component---NewPartner--externalCustomerComboBox-application-managepartners-display-component---NewPartner--assignmentsTable-0-vhi\"]"}
COMMAND: POST /session/f10bfffe94842169a26616823eaa69fd/element/f.B31591FEBD8AE49568014889031CF3F7.d.E1B3E9F589E0A1768E01F1A54409F5C3.e.7931/click - {}
RESULT: {}
RESULT: undefined
COMMAND: POST /session/f10bfffe94842169a26616823eaa69fd/execute/async - {"script":"<script> [776 bytes]","args":[{"enterText":"300003","selector":{"controlType":"sap.m.SearchField","properties":{"placeholder":"Search"},"searchOpenDialogs":true,"interaction":{"idSuffix":"I"}},"clearTextFirst":true,"interactionType":"ENTER_TEXT"}]}
COMMAND: GET /session/f10bfffe94842169a26616823eaa69fd/screenshot - {}
RESULT: {"script":"<script> [776 bytes]","args":[{"enterText":"300003","selector":{"controlType":"sap.m.SearchField","properties":{"placeholder":"Search"},"searchOpenDialogs":true,"interaction":{"idSuffix":"I"}},"clearTextFirst":true,"interactionType":"ENTER_TEXT"}]}
COMMAND: POST /session/f10bfffe94842169a26616823eaa69fd/actions - {"actions":[{"id":"action22","type":"key","parameters":{},"actions":[{"type":"keyDown","value":""},{"type":"pause","duration":10},{"type":"keyUp","value":""}]}]}
RESULT: {}
RESULT: {"actions":[{"id":"action22","type":"key","parameters":{},"actions":[{"type":"keyDown","value":""},{"type":"pause","duration":10},{"type":"keyUp","value":""}]}]}
COMMAND: GET /session/f10bfffe94842169a26616823eaa69fd/screenshot - {}
RESULT: {}
COMMAND: POST /session/f10bfffe94842169a26616823eaa69fd/element - {"using":"xpath","value":"//span[contains(text(), \"300003\")]"}
RESULT: {"using":"xpath","value":"//span[contains(text(), \"300003\")]"}
COMMAND: POST /session/f10bfffe94842169a26616823eaa69fd/element/f.B31591FEBD8AE49568014889031CF3F7.d.E1B3E9F589E0A1768E01F1A54409F5C3.e.7949/click - {}
RESULT: {}
COMMAND: GET /session/f10bfffe94842169a26616823eaa69fd/screenshot - {}
RESULT: {}
COMMAND: POST /session/f10bfffe94842169a26616823eaa69fd/element - {"using":"xpath","value":"//bdi[contains(text(), \"OK\")]"}
RESULT: {"using":"xpath","value":"//bdi[contains(text(), \"OK\")]"}
COMMAND: POST /session/f10bfffe94842169a26616823eaa69fd/element/f.B31591FEBD8AE49568014889031CF3F7.d.E1B3E9F589E0A1768E01F1A54409F5C3.e.7951/click - {}
RESULT: {}
COMMAND: GET /session/f10bfffe94842169a26616823eaa69fd/screenshot - {}
RESULT: {}
COMMAND: POST /session/f10bfffe94842169a26616823eaa69fd/execute/async - {"script":"<script> [1562 bytes]","args":[{"selector":{"id":"application-managepartners-display-component---NewPartner--intercompVendorComboBox-application-managepartners-display-component---NewPartner--assignmentsTable-0-vhi"},"wdio_ui5_key":"applicationmanagepartners-display-component---NewPartner--intercompVendorComboBox-application-managepartners-display-component---NewPartner--assignmentsTable-0-vhi"}]}
RESULT: {"script":"<script> [1562 bytes]","args":[{"selector":{"id":"application-managepartners-display-component---NewPartner--intercompVendorComboBox-application-managepartners-display-component---NewPartner--assignmentsTable-0-vhi"},"wdio_ui5_key":"applicationmanagepartners-display-component---NewPartner--intercompVendorComboBox-application-managepartners-display-component---NewPartner--assignmentsTable-0-vhi"}]}
RESULT: undefined
COMMAND: POST /session/f10bfffe94842169a26616823eaa69fd/element - {"using":"xpath","value":"//*[@id=\"application-managepartners-display-component---NewPartner--intercompVendorComboBox-application-managepartners-display-component---NewPartner--assignmentsTable-0-vhi\"]"}
RESULT: {"using":"xpath","value":"//*[@id=\"application-managepartners-display-component---NewPartner--intercompVendorComboBox-application-managepartners-display-component---NewPartner--assignmentsTable-0-vhi\"]"}
COMMAND: POST /session/f10bfffe94842169a26616823eaa69fd/element/f.B31591FEBD8AE49568014889031CF3F7.d.E1B3E9F589E0A1768E01F1A54409F5C3.e.7954/click - {}
RESULT: {}
RESULT: undefined
COMMAND: POST /session/f10bfffe94842169a26616823eaa69fd/execute/async - {"script":"<script> [776 bytes]","args":[{"enterText":"100005","selector":{"controlType":"sap.m.SearchField","properties":{"placeholder":"Search"},"searchOpenDialogs":true,"interaction":{"idSuffix":"I"}},"clearTextFirst":true,"interactionType":"ENTER_TEXT"}]}
COMMAND: GET /session/f10bfffe94842169a26616823eaa69fd/screenshot - {}
RESULT: {"script":"<script> [776 bytes]","args":[{"enterText":"100005","selector":{"controlType":"sap.m.SearchField","properties":{"placeholder":"Search"},"searchOpenDialogs":true,"interaction":{"idSuffix":"I"}},"clearTextFirst":true,"interactionType":"ENTER_TEXT"}]}
COMMAND: POST /session/f10bfffe94842169a26616823eaa69fd/actions - {"actions":[{"id":"action23","type":"key","parameters":{},"actions":[{"type":"keyDown","value":""},{"type":"pause","duration":10},{"type":"keyUp","value":""}]}]}
RESULT: {}
RESULT: {"actions":[{"id":"action23","type":"key","parameters":{},"actions":[{"type":"keyDown","value":""},{"type":"pause","duration":10},{"type":"keyUp","value":""}]}]}
COMMAND: GET /session/f10bfffe94842169a26616823eaa69fd/screenshot - {}
RESULT: {}
COMMAND: POST /session/f10bfffe94842169a26616823eaa69fd/element - {"using":"xpath","value":"//span[contains(text(), \"Penguins - Field/12345 Berlin\")]"}
RESULT: {"using":"xpath","value":"//span[contains(text(), \"Penguins - Field/12345 Berlin\")]"}
COMMAND: POST /session/f10bfffe94842169a26616823eaa69fd/element/f.B31591FEBD8AE49568014889031CF3F7.d.E1B3E9F589E0A1768E01F1A54409F5C3.e.7972/click - {}
RESULT: {}
COMMAND: GET /session/f10bfffe94842169a26616823eaa69fd/screenshot - {}
RESULT: {}
COMMAND: POST /session/f10bfffe94842169a26616823eaa69fd/element - {"using":"xpath","value":"//bdi[contains(text(), \"OK\")]"}
RESULT: {"using":"xpath","value":"//bdi[contains(text(), \"OK\")]"}
COMMAND: POST /session/f10bfffe94842169a26616823eaa69fd/element/f.B31591FEBD8AE49568014889031CF3F7.d.E1B3E9F589E0A1768E01F1A54409F5C3.e.7973/click - {}
RESULT: {}
COMMAND: GET /session/f10bfffe94842169a26616823eaa69fd/screenshot - {}
RESULT: {}
COMMAND: POST /session/f10bfffe94842169a26616823eaa69fd/element - {"using":"xpath","value":"//button[@data-kt=\"saveButton\"]"}
RESULT: {"using":"xpath","value":"//button[@data-kt=\"saveButton\"]"}
COMMAND: POST /session/f10bfffe94842169a26616823eaa69fd/element/f.B31591FEBD8AE49568014889031CF3F7.d.E1B3E9F589E0A1768E01F1A54409F5C3.e.7828/click - {}
RESULT: {}
COMMAND: GET /session/f10bfffe94842169a26616823eaa69fd/screenshot - {}
RESULT: {}
COMMAND: POST /session/f10bfffe94842169a26616823eaa69fd/element - {"using":"xpath","value":"//header[contains(@id, 'ObjectPageLayout-headerTitle')]/div[1]/div[2]/div[2]/span[1]"}
RESULT: {"using":"xpath","value":"//header[contains(@id, 'ObjectPageLayout-headerTitle')]/div[1]/div[2]/div[2]/span[1]"}
COMMAND: POST /session/f10bfffe94842169a26616823eaa69fd/elements - {"using":"xpath","value":"//header[contains(@id, 'ObjectPageLayout-headerTitle')]/div[1]/div[2]/div[2]/span[1]"}
RESULT: {"using":"xpath","value":"//header[contains(@id, 'ObjectPageLayout-headerTitle')]/div[1]/div[2]/div[2]/span[1]"}
COMMAND: POST /session/f10bfffe94842169a26616823eaa69fd/execute/sync - {"script":"<script> [56 bytes]","args":[{"element-6066-11e4-a52e-4f735466cecf":"f.B31591FEBD8AE49568014889031CF3F7.d.E1B3E9F589E0A1768E01F1A54409F5C3.e.8138","ELEMENT":"f.B31591FEBD8AE49568014889031CF3F7.d.E1B3E9F589E0A1768E01F1A54409F5C3.e.8138"}]}
RESULT: {"script":"<script> [56 bytes]","args":[{"element-6066-11e4-a52e-4f735466cecf":"f.B31591FEBD8AE49568014889031CF3F7.d.E1B3E9F589E0A1768E01F1A54409F5C3.e.8138","ELEMENT":"f.B31591FEBD8AE49568014889031CF3F7.d.E1B3E9F589E0A1768E01F1A54409F5C3.e.8138"}]}
COMMAND: POST /session/f10bfffe94842169a26616823eaa69fd/element - {"using":"css selector","value":"#shell-header-logo"}
COMMAND: GET /session/f10bfffe94842169a26616823eaa69fd/screenshot - {}
RESULT: {"using":"css selector","value":"#shell-header-logo"}
COMMAND: POST /session/f10bfffe94842169a26616823eaa69fd/element/f.B31591FEBD8AE49568014889031CF3F7.d.E1B3E9F589E0A1768E01F1A54409F5C3.e.7363/click - {}
RESULT: {}
RESULT: {}
COMMAND: GET /session/f10bfffe94842169a26616823eaa69fd/screenshot - {}
RESULT: {}
COMMAND: POST /session/f10bfffe94842169a26616823eaa69fd/execute/sync - {"script":"<script> [299 bytes]","args":[["getModel","getResource"]]}
RESULT: {"script":"<script> [299 bytes]","args":[["getModel","getResource"]]}
]]></system-out>
    </testcase>
    <testcase classname="chrome.135_0_7049_42.windows.Create_master_data_for_mixed_billing_&amp;_do_billing_calculation_US151661" name="Should create a new site" time="102.538">
      <system-out><![CDATA[
COMMAND: GET /session/f10bfffe94842169a26616823eaa69fd/screenshot - {}
COMMAND: POST /session/f10bfffe94842169a26616823eaa69fd/execute/async - {"script":"<script> [1562 bytes]","args":[{"selector":{"controlType":"sap.m.TileContent","bindingPath":{"path":"","propertyPath":"/properties/info"},"ancestor":{"controlType":"sap.m.GenericTile","properties":{"header":"Manage Sites"}}},"wdio_ui5_key":"sapm.TileContent{\"path\":\"\",\"propertyPath\":\"/properties/info\"}{\"controlType\":\"sap.m.GenericTile\",\"properties\":{\"header\":\"Manage Sites\"}}"}]}
RESULT: {}
RESULT: {"script":"<script> [1562 bytes]","args":[{"selector":{"controlType":"sap.m.TileContent","bindingPath":{"path":"","propertyPath":"/properties/info"},"ancestor":{"controlType":"sap.m.GenericTile","properties":{"header":"Manage Sites"}}},"wdio_ui5_key":"sapm.TileContent{\"path\":\"\",\"propertyPath\":\"/properties/info\"}{\"controlType\":\"sap.m.GenericTile\",\"properties\":{\"header\":\"Manage Sites\"}}"}]}
RESULT: undefined
COMMAND: POST /session/f10bfffe94842169a26616823eaa69fd/element - {"using":"xpath","value":"//*[@id=\"__xmlview7--numericTileContent\"]"}
RESULT: {"using":"xpath","value":"//*[@id=\"__xmlview7--numericTileContent\"]"}
COMMAND: POST /session/f10bfffe94842169a26616823eaa69fd/element/f.B31591FEBD8AE49568014889031CF3F7.d.E1B3E9F589E0A1768E01F1A54409F5C3.e.8140/click - {}
RESULT: {}
COMMAND: POST /session/f10bfffe94842169a26616823eaa69fd/element - {"using":"xpath","value":"//button[@data-kt=\"addOverflowToolbarButton\"]"}
COMMAND: GET /session/f10bfffe94842169a26616823eaa69fd/screenshot - {}
RESULT: {"using":"xpath","value":"//button[@data-kt=\"addOverflowToolbarButton\"]"}
COMMAND: POST /session/f10bfffe94842169a26616823eaa69fd/elements - {"using":"xpath","value":"//button[@data-kt=\"addOverflowToolbarButton\"]"}
RESULT: {}
RESULT: {"using":"xpath","value":"//button[@data-kt=\"addOverflowToolbarButton\"]"}
COMMAND: POST /session/f10bfffe94842169a26616823eaa69fd/execute/sync - {"script":"<script> [8489 bytes]","args":[{"element-6066-11e4-a52e-4f735466cecf":"f.B31591FEBD8AE49568014889031CF3F7.d.E1B3E9F589E0A1768E01F1A54409F5C3.e.8286","ELEMENT":"f.B31591FEBD8AE49568014889031CF3F7.d.E1B3E9F589E0A1768E01F1A54409F5C3.e.8286"}]}
RESULT: {"script":"<script> [8489 bytes]","args":[{"element-6066-11e4-a52e-4f735466cecf":"f.B31591FEBD8AE49568014889031CF3F7.d.E1B3E9F589E0A1768E01F1A54409F5C3.e.8286","ELEMENT":"f.B31591FEBD8AE49568014889031CF3F7.d.E1B3E9F589E0A1768E01F1A54409F5C3.e.8286"}]}
COMMAND: GET /session/f10bfffe94842169a26616823eaa69fd/element/f.B31591FEBD8AE49568014889031CF3F7.d.E1B3E9F589E0A1768E01F1A54409F5C3.e.8286/enabled - {}
RESULT: {}
COMMAND: POST /session/f10bfffe94842169a26616823eaa69fd/execute/sync - {"script":"<script> [8489 bytes]","args":[{"element-6066-11e4-a52e-4f735466cecf":"f.B31591FEBD8AE49568014889031CF3F7.d.E1B3E9F589E0A1768E01F1A54409F5C3.e.8286","ELEMENT":"f.B31591FEBD8AE49568014889031CF3F7.d.E1B3E9F589E0A1768E01F1A54409F5C3.e.8286"}]}
RESULT: {"script":"<script> [8489 bytes]","args":[{"element-6066-11e4-a52e-4f735466cecf":"f.B31591FEBD8AE49568014889031CF3F7.d.E1B3E9F589E0A1768E01F1A54409F5C3.e.8286","ELEMENT":"f.B31591FEBD8AE49568014889031CF3F7.d.E1B3E9F589E0A1768E01F1A54409F5C3.e.8286"}]}
COMMAND: POST /session/f10bfffe94842169a26616823eaa69fd/execute/sync - {"script":"<script> [5351 bytes]","args":[{"element-6066-11e4-a52e-4f735466cecf":"f.B31591FEBD8AE49568014889031CF3F7.d.E1B3E9F589E0A1768E01F1A54409F5C3.e.8286","ELEMENT":"f.B31591FEBD8AE49568014889031CF3F7.d.E1B3E9F589E0A1768E01F1A54409F5C3.e.8286"}]}
RESULT: {"script":"<script> [5351 bytes]","args":[{"element-6066-11e4-a52e-4f735466cecf":"f.B31591FEBD8AE49568014889031CF3F7.d.E1B3E9F589E0A1768E01F1A54409F5C3.e.8286","ELEMENT":"f.B31591FEBD8AE49568014889031CF3F7.d.E1B3E9F589E0A1768E01F1A54409F5C3.e.8286"}]}
COMMAND: POST /session/f10bfffe94842169a26616823eaa69fd/element/f.B31591FEBD8AE49568014889031CF3F7.d.E1B3E9F589E0A1768E01F1A54409F5C3.e.8286/click - {}
COMMAND: GET /session/f10bfffe94842169a26616823eaa69fd/screenshot - {}
COMMAND: GET /session/f10bfffe94842169a26616823eaa69fd/screenshot - {}
COMMAND: GET /session/f10bfffe94842169a26616823eaa69fd/screenshot - {}
COMMAND: GET /session/f10bfffe94842169a26616823eaa69fd/screenshot - {}
RESULT: {}
COMMAND: GET /session/f10bfffe94842169a26616823eaa69fd/screenshot - {}
RESULT: {}
RESULT: {}
RESULT: {}
RESULT: {}
RESULT: {}
COMMAND: POST /session/f10bfffe94842169a26616823eaa69fd/execute/async - {"script":"<script> [1562 bytes]","args":[{"selector":{"id":"application-managesites-display-component---NewSite--addressDetailDetailsName1","interaction":{"idSuffix":"inner"}},"wdio_ui5_key":"applicationmanagesites-display-component---NewSite--addressDetailDetailsName1"}]}
RESULT: {"script":"<script> [1562 bytes]","args":[{"selector":{"id":"application-managesites-display-component---NewSite--addressDetailDetailsName1","interaction":{"idSuffix":"inner"}},"wdio_ui5_key":"applicationmanagesites-display-component---NewSite--addressDetailDetailsName1"}]}
RESULT: undefined
COMMAND: POST /session/f10bfffe94842169a26616823eaa69fd/execute/async - {"script":"<script> [776 bytes]","args":[{"enterText":"Intercompany Site wdIO","selector":{"id":"application-managesites-display-component---NewSite--addressDetailDetailsName1","interaction":{"idSuffix":"inner"}},"clearTextFirst":true,"interactionType":"ENTER_TEXT"}]}
RESULT: {"script":"<script> [776 bytes]","args":[{"enterText":"Intercompany Site wdIO","selector":{"id":"application-managesites-display-component---NewSite--addressDetailDetailsName1","interaction":{"idSuffix":"inner"}},"clearTextFirst":true,"interactionType":"ENTER_TEXT"}]}
COMMAND: POST /session/f10bfffe94842169a26616823eaa69fd/execute/async - {"script":"<script> [1562 bytes]","args":[{"selector":{"id":"application-managesites-display-component---NewSite--addressDetailDetailsLanguage-arrow"},"wdio_ui5_key":"applicationmanagesites-display-component---NewSite--addressDetailDetailsLanguage-arrow"}]}
RESULT: {"script":"<script> [1562 bytes]","args":[{"selector":{"id":"application-managesites-display-component---NewSite--addressDetailDetailsLanguage-arrow"},"wdio_ui5_key":"applicationmanagesites-display-component---NewSite--addressDetailDetailsLanguage-arrow"}]}
RESULT: undefined
COMMAND: POST /session/f10bfffe94842169a26616823eaa69fd/element - {"using":"xpath","value":"//*[@id=\"application-managesites-display-component---NewSite--addressDetailDetailsLanguage-arrow\"]"}
RESULT: {"using":"xpath","value":"//*[@id=\"application-managesites-display-component---NewSite--addressDetailDetailsLanguage-arrow\"]"}
COMMAND: POST /session/f10bfffe94842169a26616823eaa69fd/element/f.B31591FEBD8AE49568014889031CF3F7.d.E1B3E9F589E0A1768E01F1A54409F5C3.e.8781/click - {}
RESULT: {}
COMMAND: POST /session/f10bfffe94842169a26616823eaa69fd/element - {"using":"xpath","value":"//span[contains(text(), \"English\")]"}
COMMAND: GET /session/f10bfffe94842169a26616823eaa69fd/screenshot - {}
RESULT: {"using":"xpath","value":"//span[contains(text(), \"English\")]"}
COMMAND: POST /session/f10bfffe94842169a26616823eaa69fd/element/f.B31591FEBD8AE49568014889031CF3F7.d.E1B3E9F589E0A1768E01F1A54409F5C3.e.8782/click - {}
RESULT: {}
RESULT: {}
COMMAND: POST /session/f10bfffe94842169a26616823eaa69fd/execute/async - {"script":"<script> [1562 bytes]","args":[{"selector":{"id":"application-managesites-display-component---NewSite--addressDetailDetailsCity1","interaction":{"idSuffix":"inner"}},"wdio_ui5_key":"applicationmanagesites-display-component---NewSite--addressDetailDetailsCity1"}]}
COMMAND: GET /session/f10bfffe94842169a26616823eaa69fd/screenshot - {}
RESULT: {"script":"<script> [1562 bytes]","args":[{"selector":{"id":"application-managesites-display-component---NewSite--addressDetailDetailsCity1","interaction":{"idSuffix":"inner"}},"wdio_ui5_key":"applicationmanagesites-display-component---NewSite--addressDetailDetailsCity1"}]}
RESULT: undefined
COMMAND: POST /session/f10bfffe94842169a26616823eaa69fd/execute/async - {"script":"<script> [776 bytes]","args":[{"enterText":"Rosario","selector":{"id":"application-managesites-display-component---NewSite--addressDetailDetailsCity1","interaction":{"idSuffix":"inner"}},"clearTextFirst":true,"interactionType":"ENTER_TEXT"}]}
RESULT: {}
RESULT: {"script":"<script> [776 bytes]","args":[{"enterText":"Rosario","selector":{"id":"application-managesites-display-component---NewSite--addressDetailDetailsCity1","interaction":{"idSuffix":"inner"}},"clearTextFirst":true,"interactionType":"ENTER_TEXT"}]}
COMMAND: POST /session/f10bfffe94842169a26616823eaa69fd/execute/async - {"script":"<script> [1562 bytes]","args":[{"selector":{"id":"application-managesites-display-component---NewSite--addressDetailDetailsCountry-arrow"},"wdio_ui5_key":"applicationmanagesites-display-component---NewSite--addressDetailDetailsCountry-arrow"}]}
RESULT: {"script":"<script> [1562 bytes]","args":[{"selector":{"id":"application-managesites-display-component---NewSite--addressDetailDetailsCountry-arrow"},"wdio_ui5_key":"applicationmanagesites-display-component---NewSite--addressDetailDetailsCountry-arrow"}]}
RESULT: undefined
COMMAND: POST /session/f10bfffe94842169a26616823eaa69fd/element - {"using":"xpath","value":"//*[@id=\"application-managesites-display-component---NewSite--addressDetailDetailsCountry-arrow\"]"}
RESULT: {"using":"xpath","value":"//*[@id=\"application-managesites-display-component---NewSite--addressDetailDetailsCountry-arrow\"]"}
COMMAND: POST /session/f10bfffe94842169a26616823eaa69fd/element/f.B31591FEBD8AE49568014889031CF3F7.d.E1B3E9F589E0A1768E01F1A54409F5C3.e.8784/click - {}
RESULT: {}
COMMAND: POST /session/f10bfffe94842169a26616823eaa69fd/element - {"using":"xpath","value":"//span[contains(text(), \"Argentina\")]"}
COMMAND: GET /session/f10bfffe94842169a26616823eaa69fd/screenshot - {}
RESULT: {"using":"xpath","value":"//span[contains(text(), \"Argentina\")]"}
COMMAND: POST /session/f10bfffe94842169a26616823eaa69fd/element/f.B31591FEBD8AE49568014889031CF3F7.d.E1B3E9F589E0A1768E01F1A54409F5C3.e.8785/click - {}
RESULT: {}
RESULT: {}
COMMAND: GET /session/f10bfffe94842169a26616823eaa69fd/screenshot - {}
RESULT: {}
COMMAND: POST /session/f10bfffe94842169a26616823eaa69fd/execute/async - {"script":"<script> [1562 bytes]","args":[{"selector":{"id":"application-managesites-display-component---NewSite--addressEditDetailsCostObjectCstType-arrow"},"wdio_ui5_key":"applicationmanagesites-display-component---NewSite--addressEditDetailsCostObjectCstType-arrow"}]}
RESULT: {"script":"<script> [1562 bytes]","args":[{"selector":{"id":"application-managesites-display-component---NewSite--addressEditDetailsCostObjectCstType-arrow"},"wdio_ui5_key":"applicationmanagesites-display-component---NewSite--addressEditDetailsCostObjectCstType-arrow"}]}
RESULT: undefined
COMMAND: POST /session/f10bfffe94842169a26616823eaa69fd/element - {"using":"xpath","value":"//*[@id=\"application-managesites-display-component---NewSite--addressEditDetailsCostObjectCstType-arrow\"]"}
RESULT: {"using":"xpath","value":"//*[@id=\"application-managesites-display-component---NewSite--addressEditDetailsCostObjectCstType-arrow\"]"}
COMMAND: POST /session/f10bfffe94842169a26616823eaa69fd/element/f.B31591FEBD8AE49568014889031CF3F7.d.E1B3E9F589E0A1768E01F1A54409F5C3.e.8787/click - {}
RESULT: {}
COMMAND: POST /session/f10bfffe94842169a26616823eaa69fd/element - {"using":"xpath","value":"//span[contains(text(), \"Cost Center\")]"}
COMMAND: GET /session/f10bfffe94842169a26616823eaa69fd/screenshot - {}
RESULT: {"using":"xpath","value":"//span[contains(text(), \"Cost Center\")]"}
COMMAND: POST /session/f10bfffe94842169a26616823eaa69fd/element/f.B31591FEBD8AE49568014889031CF3F7.d.E1B3E9F589E0A1768E01F1A54409F5C3.e.8788/click - {}
RESULT: {}
RESULT: {}
COMMAND: GET /session/f10bfffe94842169a26616823eaa69fd/screenshot - {}
RESULT: {}
COMMAND: POST /session/f10bfffe94842169a26616823eaa69fd/element - {"using":"xpath","value":"//span[@id=\"application-managesites-display-component---NewSite--addressNewCostObjectCstID-vhi\"]"}
RESULT: {"using":"xpath","value":"//span[@id=\"application-managesites-display-component---NewSite--addressNewCostObjectCstID-vhi\"]"}
COMMAND: POST /session/f10bfffe94842169a26616823eaa69fd/execute/sync - {"script":"<script> [8489 bytes]","args":[{"element-6066-11e4-a52e-4f735466cecf":"f.B31591FEBD8AE49568014889031CF3F7.d.E1B3E9F589E0A1768E01F1A54409F5C3.e.8792","ELEMENT":"f.B31591FEBD8AE49568014889031CF3F7.d.E1B3E9F589E0A1768E01F1A54409F5C3.e.8792"}]}
RESULT: {"script":"<script> [8489 bytes]","args":[{"element-6066-11e4-a52e-4f735466cecf":"f.B31591FEBD8AE49568014889031CF3F7.d.E1B3E9F589E0A1768E01F1A54409F5C3.e.8792","ELEMENT":"f.B31591FEBD8AE49568014889031CF3F7.d.E1B3E9F589E0A1768E01F1A54409F5C3.e.8792"}]}
COMMAND: POST /session/f10bfffe94842169a26616823eaa69fd/execute/async - {"script":"<script> [1562 bytes]","args":[{"selector":{"id":"application-managesites-display-component---NewSite--addressNewCostObjectCstID-vhi"},"wdio_ui5_key":"applicationmanagesites-display-component---NewSite--addressNewCostObjectCstID-vhi"}]}
COMMAND: GET /session/f10bfffe94842169a26616823eaa69fd/screenshot - {}
RESULT: {"script":"<script> [1562 bytes]","args":[{"selector":{"id":"application-managesites-display-component---NewSite--addressNewCostObjectCstID-vhi"},"wdio_ui5_key":"applicationmanagesites-display-component---NewSite--addressNewCostObjectCstID-vhi"}]}
RESULT: undefined
COMMAND: POST /session/f10bfffe94842169a26616823eaa69fd/element - {"using":"xpath","value":"//*[@id=\"application-managesites-display-component---NewSite--addressNewCostObjectCstID-vhi\"]"}
RESULT: {}
RESULT: {"using":"xpath","value":"//*[@id=\"application-managesites-display-component---NewSite--addressNewCostObjectCstID-vhi\"]"}
COMMAND: POST /session/f10bfffe94842169a26616823eaa69fd/element/f.B31591FEBD8AE49568014889031CF3F7.d.E1B3E9F589E0A1768E01F1A54409F5C3.e.8792/click - {}
RESULT: {}
COMMAND: GET /session/f10bfffe94842169a26616823eaa69fd/screenshot - {}
RESULT: {}
RESULT: undefined
COMMAND: POST /session/f10bfffe94842169a26616823eaa69fd/execute/async - {"script":"<script> [776 bytes]","args":[{"enterText":"10001013","selector":{"controlType":"sap.m.SearchField","properties":{"placeholder":"Search"},"searchOpenDialogs":true,"interaction":{"idSuffix":"I"}},"clearTextFirst":true,"interactionType":"ENTER_TEXT"}]}
RESULT: {"script":"<script> [776 bytes]","args":[{"enterText":"10001013","selector":{"controlType":"sap.m.SearchField","properties":{"placeholder":"Search"},"searchOpenDialogs":true,"interaction":{"idSuffix":"I"}},"clearTextFirst":true,"interactionType":"ENTER_TEXT"}]}
COMMAND: POST /session/f10bfffe94842169a26616823eaa69fd/actions - {"actions":[{"id":"action24","type":"key","parameters":{},"actions":[{"type":"keyDown","value":""},{"type":"pause","duration":10},{"type":"keyUp","value":""}]}]}
RESULT: {"actions":[{"id":"action24","type":"key","parameters":{},"actions":[{"type":"keyDown","value":""},{"type":"pause","duration":10},{"type":"keyUp","value":""}]}]}
COMMAND: GET /session/f10bfffe94842169a26616823eaa69fd/screenshot - {}
RESULT: {}
COMMAND: POST /session/f10bfffe94842169a26616823eaa69fd/element - {"using":"xpath","value":"//span[contains(text(), \"General Management\")]"}
RESULT: {"using":"xpath","value":"//span[contains(text(), \"General Management\")]"}
COMMAND: POST /session/f10bfffe94842169a26616823eaa69fd/element/f.B31591FEBD8AE49568014889031CF3F7.d.E1B3E9F589E0A1768E01F1A54409F5C3.e.8833/click - {}
RESULT: {}
COMMAND: GET /session/f10bfffe94842169a26616823eaa69fd/screenshot - {}
RESULT: {}
COMMAND: POST /session/f10bfffe94842169a26616823eaa69fd/element - {"using":"xpath","value":"//bdi[contains(text(), \"OK\")]"}
RESULT: {"using":"xpath","value":"//bdi[contains(text(), \"OK\")]"}
COMMAND: POST /session/f10bfffe94842169a26616823eaa69fd/element/f.B31591FEBD8AE49568014889031CF3F7.d.E1B3E9F589E0A1768E01F1A54409F5C3.e.8834/click - {}
RESULT: {}
COMMAND: GET /session/f10bfffe94842169a26616823eaa69fd/screenshot - {}
RESULT: {}
COMMAND: POST /session/f10bfffe94842169a26616823eaa69fd/element - {"using":"xpath","value":"//input[@id=\"application-managesites-display-component---NewSite--addressDetailDetailsCalendar-inner\"]"}
RESULT: {"using":"xpath","value":"//input[@id=\"application-managesites-display-component---NewSite--addressDetailDetailsCalendar-inner\"]"}
COMMAND: POST /session/f10bfffe94842169a26616823eaa69fd/element/f.B31591FEBD8AE49568014889031CF3F7.d.E1B3E9F589E0A1768E01F1A54409F5C3.e.8622/clear - {}
RESULT: {}
COMMAND: POST /session/f10bfffe94842169a26616823eaa69fd/element/f.B31591FEBD8AE49568014889031CF3F7.d.E1B3E9F589E0A1768E01F1A54409F5C3.e.8622/value - {"text":"Unit"}
COMMAND: GET /session/f10bfffe94842169a26616823eaa69fd/screenshot - {}
RESULT: {"text":"Unit"}
RESULT: {}
COMMAND: GET /session/f10bfffe94842169a26616823eaa69fd/screenshot - {}
RESULT: {}
COMMAND: POST /session/f10bfffe94842169a26616823eaa69fd/actions - {"actions":[{"id":"action25","type":"key","parameters":{},"actions":[{"type":"keyDown","value":""},{"type":"pause","duration":10},{"type":"keyUp","value":""}]}]}
RESULT: {"actions":[{"id":"action25","type":"key","parameters":{},"actions":[{"type":"keyDown","value":""},{"type":"pause","duration":10},{"type":"keyUp","value":""}]}]}
COMMAND: POST /session/f10bfffe94842169a26616823eaa69fd/element - {"using":"xpath","value":"//input[@id=\"application-managesites-display-component---NewSite--addressDetailDetailsYard-inner\"]"}
COMMAND: GET /session/f10bfffe94842169a26616823eaa69fd/screenshot - {}
RESULT: {"using":"xpath","value":"//input[@id=\"application-managesites-display-component---NewSite--addressDetailDetailsYard-inner\"]"}
COMMAND: POST /session/f10bfffe94842169a26616823eaa69fd/element/f.B31591FEBD8AE49568014889031CF3F7.d.E1B3E9F589E0A1768E01F1A54409F5C3.e.8623/clear - {}
RESULT: {}
RESULT: {}
COMMAND: POST /session/f10bfffe94842169a26616823eaa69fd/element/f.B31591FEBD8AE49568014889031CF3F7.d.E1B3E9F589E0A1768E01F1A54409F5C3.e.8623/value - {"text":"575"}
COMMAND: GET /session/f10bfffe94842169a26616823eaa69fd/screenshot - {}
RESULT: {"text":"575"}
COMMAND: GET /session/f10bfffe94842169a26616823eaa69fd/screenshot - {}
RESULT: {}
RESULT: {}
COMMAND: POST /session/f10bfffe94842169a26616823eaa69fd/element - {"using":"xpath","value":"//li[.//span[text()='575']]"}
RESULT: {"using":"xpath","value":"//li[.//span[text()='575']]"}
COMMAND: POST /session/f10bfffe94842169a26616823eaa69fd/element/f.B31591FEBD8AE49568014889031CF3F7.d.E1B3E9F589E0A1768E01F1A54409F5C3.e.8842/click - {}
RESULT: {}
COMMAND: GET /session/f10bfffe94842169a26616823eaa69fd/screenshot - {}
RESULT: {}
COMMAND: POST /session/f10bfffe94842169a26616823eaa69fd/element - {"using":"xpath","value":"//input[@id=\"application-managesites-display-component---NewSite--addressDetailDetailsPartner-inner\"]"}
RESULT: {"using":"xpath","value":"//input[@id=\"application-managesites-display-component---NewSite--addressDetailDetailsPartner-inner\"]"}
COMMAND: POST /session/f10bfffe94842169a26616823eaa69fd/element - {"using":"xpath","value":"//input[@id=\"application-managesites-display-component---NewSite--addressDetailDetailsPartner-inner\"]"}
RESULT: {"using":"xpath","value":"//input[@id=\"application-managesites-display-component---NewSite--addressDetailDetailsPartner-inner\"]"}
COMMAND: POST /session/f10bfffe94842169a26616823eaa69fd/element - {"using":"xpath","value":"//button[@data-kt=\"saveButton\"]"}
RESULT: {"using":"xpath","value":"//button[@data-kt=\"saveButton\"]"}
COMMAND: POST /session/f10bfffe94842169a26616823eaa69fd/element/f.B31591FEBD8AE49568014889031CF3F7.d.E1B3E9F589E0A1768E01F1A54409F5C3.e.8774/click - {}
RESULT: {}
COMMAND: GET /session/f10bfffe94842169a26616823eaa69fd/screenshot - {}
RESULT: {}
COMMAND: POST /session/f10bfffe94842169a26616823eaa69fd/element - {"using":"xpath","value":"//header[contains(@id, 'ObjectPageLayout-headerTitle')]/div[1]/div[2]/div[2]/span[1]"}
RESULT: {"using":"xpath","value":"//header[contains(@id, 'ObjectPageLayout-headerTitle')]/div[1]/div[2]/div[2]/span[1]"}
COMMAND: POST /session/f10bfffe94842169a26616823eaa69fd/elements - {"using":"xpath","value":"//header[contains(@id, 'ObjectPageLayout-headerTitle')]/div[1]/div[2]/div[2]/span[1]"}
RESULT: {"using":"xpath","value":"//header[contains(@id, 'ObjectPageLayout-headerTitle')]/div[1]/div[2]/div[2]/span[1]"}
COMMAND: POST /session/f10bfffe94842169a26616823eaa69fd/execute/sync - {"script":"<script> [56 bytes]","args":[{"element-6066-11e4-a52e-4f735466cecf":"f.B31591FEBD8AE49568014889031CF3F7.d.E1B3E9F589E0A1768E01F1A54409F5C3.e.9042","ELEMENT":"f.B31591FEBD8AE49568014889031CF3F7.d.E1B3E9F589E0A1768E01F1A54409F5C3.e.9042"}]}
RESULT: {"script":"<script> [56 bytes]","args":[{"element-6066-11e4-a52e-4f735466cecf":"f.B31591FEBD8AE49568014889031CF3F7.d.E1B3E9F589E0A1768E01F1A54409F5C3.e.9042","ELEMENT":"f.B31591FEBD8AE49568014889031CF3F7.d.E1B3E9F589E0A1768E01F1A54409F5C3.e.9042"}]}
COMMAND: POST /session/f10bfffe94842169a26616823eaa69fd/element - {"using":"css selector","value":"#shell-header-logo"}
COMMAND: GET /session/f10bfffe94842169a26616823eaa69fd/screenshot - {}
RESULT: {"using":"css selector","value":"#shell-header-logo"}
COMMAND: POST /session/f10bfffe94842169a26616823eaa69fd/element/f.B31591FEBD8AE49568014889031CF3F7.d.E1B3E9F589E0A1768E01F1A54409F5C3.e.8152/click - {}
RESULT: {}
RESULT: {}
COMMAND: GET /session/f10bfffe94842169a26616823eaa69fd/screenshot - {}
RESULT: {}
COMMAND: POST /session/f10bfffe94842169a26616823eaa69fd/execute/sync - {"script":"<script> [299 bytes]","args":[["getModel","getResource"]]}
RESULT: {"script":"<script> [299 bytes]","args":[["getModel","getResource"]]}
COMMAND: GET /session/f10bfffe94842169a26616823eaa69fd/screenshot - {}
]]></system-out>
    </testcase>
    <testcase classname="chrome.135_0_7049_42.windows.Create_master_data_for_mixed_billing_&amp;_do_billing_calculation_US151661" name="Should create a new equipment and add a counter to it" time="149.69">
      <system-out><![CDATA[
COMMAND: POST /session/f10bfffe94842169a26616823eaa69fd/execute/async - {"script":"<script> [1562 bytes]","args":[{"selector":{"controlType":"sap.m.GenericTile","properties":{"header":"Manage Resources"}},"wdio_ui5_key":"sapm.GenericTile{\"header\":\"Manage Resources\"}"}]}
RESULT: {}
RESULT: {"script":"<script> [1562 bytes]","args":[{"selector":{"controlType":"sap.m.GenericTile","properties":{"header":"Manage Resources"}},"wdio_ui5_key":"sapm.GenericTile{\"header\":\"Manage Resources\"}"}]}
RESULT: undefined
COMMAND: POST /session/f10bfffe94842169a26616823eaa69fd/element - {"using":"xpath","value":"//*[@id=\"__tile39\"]"}
RESULT: {"using":"xpath","value":"//*[@id=\"__tile39\"]"}
COMMAND: POST /session/f10bfffe94842169a26616823eaa69fd/element/f.B31591FEBD8AE49568014889031CF3F7.d.E1B3E9F589E0A1768E01F1A54409F5C3.e.6502/click - {}
RESULT: {}
COMMAND: POST /session/f10bfffe94842169a26616823eaa69fd/element - {"using":"xpath","value":"//button[@data-kt=\"addNewRUOverflowToolbarButton\"]"}
COMMAND: GET /session/f10bfffe94842169a26616823eaa69fd/screenshot - {}
RESULT: {"using":"xpath","value":"//button[@data-kt=\"addNewRUOverflowToolbarButton\"]"}
COMMAND: POST /session/f10bfffe94842169a26616823eaa69fd/elements - {"using":"xpath","value":"//button[@data-kt=\"addNewRUOverflowToolbarButton\"]"}
RESULT: undefined
RESULT: undefined
RESULT: {}
RESULT: {"using":"xpath","value":"//button[@data-kt=\"addNewRUOverflowToolbarButton\"]"}
COMMAND: POST /session/f10bfffe94842169a26616823eaa69fd/element - {"using":"xpath","value":"//button[@data-kt=\"addNewRUOverflowToolbarButton\"]"}
RESULT: {"using":"xpath","value":"//button[@data-kt=\"addNewRUOverflowToolbarButton\"]"}
COMMAND: POST /session/f10bfffe94842169a26616823eaa69fd/execute/sync - {"script":"<script> [8489 bytes]","args":[{"element-6066-11e4-a52e-4f735466cecf":"f.B31591FEBD8AE49568014889031CF3F7.d.E1B3E9F589E0A1768E01F1A54409F5C3.e.9085","ELEMENT":"f.B31591FEBD8AE49568014889031CF3F7.d.E1B3E9F589E0A1768E01F1A54409F5C3.e.9085"}]}
RESULT: {"script":"<script> [8489 bytes]","args":[{"element-6066-11e4-a52e-4f735466cecf":"f.B31591FEBD8AE49568014889031CF3F7.d.E1B3E9F589E0A1768E01F1A54409F5C3.e.9085","ELEMENT":"f.B31591FEBD8AE49568014889031CF3F7.d.E1B3E9F589E0A1768E01F1A54409F5C3.e.9085"}]}
COMMAND: GET /session/f10bfffe94842169a26616823eaa69fd/element/f.B31591FEBD8AE49568014889031CF3F7.d.E1B3E9F589E0A1768E01F1A54409F5C3.e.9085/enabled - {}
COMMAND: GET /session/f10bfffe94842169a26616823eaa69fd/screenshot - {}
RESULT: {}
COMMAND: POST /session/f10bfffe94842169a26616823eaa69fd/execute/sync - {"script":"<script> [8489 bytes]","args":[{"element-6066-11e4-a52e-4f735466cecf":"f.B31591FEBD8AE49568014889031CF3F7.d.E1B3E9F589E0A1768E01F1A54409F5C3.e.9085","ELEMENT":"f.B31591FEBD8AE49568014889031CF3F7.d.E1B3E9F589E0A1768E01F1A54409F5C3.e.9085"}]}
COMMAND: GET /session/f10bfffe94842169a26616823eaa69fd/screenshot - {}
RESULT: {}
RESULT: {"script":"<script> [8489 bytes]","args":[{"element-6066-11e4-a52e-4f735466cecf":"f.B31591FEBD8AE49568014889031CF3F7.d.E1B3E9F589E0A1768E01F1A54409F5C3.e.9085","ELEMENT":"f.B31591FEBD8AE49568014889031CF3F7.d.E1B3E9F589E0A1768E01F1A54409F5C3.e.9085"}]}
COMMAND: POST /session/f10bfffe94842169a26616823eaa69fd/execute/sync - {"script":"<script> [5351 bytes]","args":[{"element-6066-11e4-a52e-4f735466cecf":"f.B31591FEBD8AE49568014889031CF3F7.d.E1B3E9F589E0A1768E01F1A54409F5C3.e.9085","ELEMENT":"f.B31591FEBD8AE49568014889031CF3F7.d.E1B3E9F589E0A1768E01F1A54409F5C3.e.9085"}]}
COMMAND: GET /session/f10bfffe94842169a26616823eaa69fd/screenshot - {}
RESULT: {}
RESULT: {"script":"<script> [5351 bytes]","args":[{"element-6066-11e4-a52e-4f735466cecf":"f.B31591FEBD8AE49568014889031CF3F7.d.E1B3E9F589E0A1768E01F1A54409F5C3.e.9085","ELEMENT":"f.B31591FEBD8AE49568014889031CF3F7.d.E1B3E9F589E0A1768E01F1A54409F5C3.e.9085"}]}
COMMAND: POST /session/f10bfffe94842169a26616823eaa69fd/element/f.B31591FEBD8AE49568014889031CF3F7.d.E1B3E9F589E0A1768E01F1A54409F5C3.e.9085/click - {}
COMMAND: GET /session/f10bfffe94842169a26616823eaa69fd/screenshot - {}
RESULT: {}
RESULT: {}
COMMAND: GET /session/f10bfffe94842169a26616823eaa69fd/screenshot - {}
COMMAND: POST /session/f10bfffe94842169a26616823eaa69fd/execute/async - {"script":"<script> [1562 bytes]","args":[{"selector":{"id":"application-manageresources-display-component---newResourceUnit--TYPE-arrow"},"wdio_ui5_key":"applicationmanageresources-display-component---newResourceUnit--TYPE-arrow"}]}
RESULT: {}
RESULT: {}
RESULT: {"script":"<script> [1562 bytes]","args":[{"selector":{"id":"application-manageresources-display-component---newResourceUnit--TYPE-arrow"},"wdio_ui5_key":"applicationmanageresources-display-component---newResourceUnit--TYPE-arrow"}]}
RESULT: undefined
COMMAND: POST /session/f10bfffe94842169a26616823eaa69fd/element - {"using":"xpath","value":"//*[@id=\"application-manageresources-display-component---newResourceUnit--TYPE-arrow\"]"}
RESULT: {"using":"xpath","value":"//*[@id=\"application-manageresources-display-component---newResourceUnit--TYPE-arrow\"]"}
COMMAND: POST /session/f10bfffe94842169a26616823eaa69fd/element/f.B31591FEBD8AE49568014889031CF3F7.d.E1B3E9F589E0A1768E01F1A54409F5C3.e.9432/click - {}
RESULT: {}
COMMAND: POST /session/f10bfffe94842169a26616823eaa69fd/element - {"using":"xpath","value":"//input[@id=\"application-manageresources-display-component---newResourceUnit--TYPE-inner\"]"}
COMMAND: GET /session/f10bfffe94842169a26616823eaa69fd/screenshot - {}
RESULT: {"using":"xpath","value":"//input[@id=\"application-manageresources-display-component---newResourceUnit--TYPE-inner\"]"}
COMMAND: POST /session/f10bfffe94842169a26616823eaa69fd/element/f.B31591FEBD8AE49568014889031CF3F7.d.E1B3E9F589E0A1768E01F1A54409F5C3.e.9428/clear - {}
RESULT: {}
RESULT: {}
COMMAND: POST /session/f10bfffe94842169a26616823eaa69fd/element/f.B31591FEBD8AE49568014889031CF3F7.d.E1B3E9F589E0A1768E01F1A54409F5C3.e.9428/value - {"text":"Equipment"}
COMMAND: GET /session/f10bfffe94842169a26616823eaa69fd/screenshot - {}
RESULT: {"text":"Equipment"}
COMMAND: GET /session/f10bfffe94842169a26616823eaa69fd/screenshot - {}
RESULT: {}
RESULT: {}
COMMAND: POST /session/f10bfffe94842169a26616823eaa69fd/actions - {"actions":[{"id":"action26","type":"key","parameters":{},"actions":[{"type":"keyDown","value":""},{"type":"pause","duration":10},{"type":"keyUp","value":""}]}]}
RESULT: {"actions":[{"id":"action26","type":"key","parameters":{},"actions":[{"type":"keyDown","value":""},{"type":"pause","duration":10},{"type":"keyUp","value":""}]}]}
COMMAND: POST /session/f10bfffe94842169a26616823eaa69fd/execute/async - {"script":"<script> [1562 bytes]","args":[{"selector":{"id":"application-manageresources-display-component---newResourceUnit--resourceId","interaction":{"idSuffix":"inner"}},"wdio_ui5_key":"applicationmanageresources-display-component---newResourceUnit--resourceId"}]}
COMMAND: GET /session/f10bfffe94842169a26616823eaa69fd/screenshot - {}
RESULT: {"script":"<script> [1562 bytes]","args":[{"selector":{"id":"application-manageresources-display-component---newResourceUnit--resourceId","interaction":{"idSuffix":"inner"}},"wdio_ui5_key":"applicationmanageresources-display-component---newResourceUnit--resourceId"}]}
RESULT: undefined
COMMAND: POST /session/f10bfffe94842169a26616823eaa69fd/execute/async - {"script":"<script> [776 bytes]","args":[{"enterText":"rXW5TMKDcW","selector":{"id":"application-manageresources-display-component---newResourceUnit--resourceId","interaction":{"idSuffix":"inner"}},"clearTextFirst":true,"interactionType":"ENTER_TEXT"}]}
RESULT: {}
RESULT: {"script":"<script> [776 bytes]","args":[{"enterText":"rXW5TMKDcW","selector":{"id":"application-manageresources-display-component---newResourceUnit--resourceId","interaction":{"idSuffix":"inner"}},"clearTextFirst":true,"interactionType":"ENTER_TEXT"}]}
COMMAND: POST /session/f10bfffe94842169a26616823eaa69fd/execute/async - {"script":"<script> [1562 bytes]","args":[{"selector":{"id":"application-manageresources-display-component---newResourceUnit--SHORT_TEXT","interaction":{"idSuffix":"inner"}},"wdio_ui5_key":"applicationmanageresources-display-component---newResourceUnit--SHORT_TEXT"}]}
RESULT: {"script":"<script> [1562 bytes]","args":[{"selector":{"id":"application-manageresources-display-component---newResourceUnit--SHORT_TEXT","interaction":{"idSuffix":"inner"}},"wdio_ui5_key":"applicationmanageresources-display-component---newResourceUnit--SHORT_TEXT"}]}
RESULT: undefined
COMMAND: POST /session/f10bfffe94842169a26616823eaa69fd/execute/async - {"script":"<script> [776 bytes]","args":[{"enterText":"Intercompany Equipment WDIO","selector":{"id":"application-manageresources-display-component---newResourceUnit--SHORT_TEXT","interaction":{"idSuffix":"inner"}},"clearTextFirst":true,"interactionType":"ENTER_TEXT"}]}
RESULT: {"script":"<script> [776 bytes]","args":[{"enterText":"Intercompany Equipment WDIO","selector":{"id":"application-manageresources-display-component---newResourceUnit--SHORT_TEXT","interaction":{"idSuffix":"inner"}},"clearTextFirst":true,"interactionType":"ENTER_TEXT"}]}
COMMAND: POST /session/f10bfffe94842169a26616823eaa69fd/execute/async - {"script":"<script> [1562 bytes]","args":[{"selector":{"id":"application-manageresources-display-component---newResourceUnit--BASE_UNIT_OF_MEASURE","interaction":{"idSuffix":"inner"}},"wdio_ui5_key":"applicationmanageresources-display-component---newResourceUnit--BASE_UNIT_OF_MEASURE"}]}
RESULT: {"script":"<script> [1562 bytes]","args":[{"selector":{"id":"application-manageresources-display-component---newResourceUnit--BASE_UNIT_OF_MEASURE","interaction":{"idSuffix":"inner"}},"wdio_ui5_key":"applicationmanageresources-display-component---newResourceUnit--BASE_UNIT_OF_MEASURE"}]}
RESULT: undefined
COMMAND: POST /session/f10bfffe94842169a26616823eaa69fd/execute/async - {"script":"<script> [776 bytes]","args":[{"enterText":"Piece","selector":{"id":"application-manageresources-display-component---newResourceUnit--BASE_UNIT_OF_MEASURE","interaction":{"idSuffix":"inner"}},"clearTextFirst":true,"interactionType":"ENTER_TEXT"}]}
RESULT: {"script":"<script> [776 bytes]","args":[{"enterText":"Piece","selector":{"id":"application-manageresources-display-component---newResourceUnit--BASE_UNIT_OF_MEASURE","interaction":{"idSuffix":"inner"}},"clearTextFirst":true,"interactionType":"ENTER_TEXT"}]}
COMMAND: POST /session/f10bfffe94842169a26616823eaa69fd/execute/async - {"script":"<script> [1562 bytes]","args":[{"selector":{"id":"application-manageresources-display-component---newResourceUnit--WEIGHT_UNIT","interaction":{"idSuffix":"inner"}},"wdio_ui5_key":"applicationmanageresources-display-component---newResourceUnit--WEIGHT_UNIT"}]}
RESULT: {"script":"<script> [1562 bytes]","args":[{"selector":{"id":"application-manageresources-display-component---newResourceUnit--WEIGHT_UNIT","interaction":{"idSuffix":"inner"}},"wdio_ui5_key":"applicationmanageresources-display-component---newResourceUnit--WEIGHT_UNIT"}]}
RESULT: undefined
COMMAND: POST /session/f10bfffe94842169a26616823eaa69fd/execute/async - {"script":"<script> [776 bytes]","args":[{"enterText":"Gram","selector":{"id":"application-manageresources-display-component---newResourceUnit--WEIGHT_UNIT","interaction":{"idSuffix":"inner"}},"clearTextFirst":true,"interactionType":"ENTER_TEXT"}]}
RESULT: {"script":"<script> [776 bytes]","args":[{"enterText":"Gram","selector":{"id":"application-manageresources-display-component---newResourceUnit--WEIGHT_UNIT","interaction":{"idSuffix":"inner"}},"clearTextFirst":true,"interactionType":"ENTER_TEXT"}]}
COMMAND: POST /session/f10bfffe94842169a26616823eaa69fd/execute/async - {"script":"<script> [1562 bytes]","args":[{"selector":{"id":"application-manageresources-display-component---newResourceUnit--DIMENSION_UNIT","interaction":{"idSuffix":"inner"}},"wdio_ui5_key":"applicationmanageresources-display-component---newResourceUnit--DIMENSION_UNIT"}]}
RESULT: {"script":"<script> [1562 bytes]","args":[{"selector":{"id":"application-manageresources-display-component---newResourceUnit--DIMENSION_UNIT","interaction":{"idSuffix":"inner"}},"wdio_ui5_key":"applicationmanageresources-display-component---newResourceUnit--DIMENSION_UNIT"}]}
RESULT: undefined
COMMAND: POST /session/f10bfffe94842169a26616823eaa69fd/execute/async - {"script":"<script> [776 bytes]","args":[{"enterText":"Meter","selector":{"id":"application-manageresources-display-component---newResourceUnit--DIMENSION_UNIT","interaction":{"idSuffix":"inner"}},"clearTextFirst":true,"interactionType":"ENTER_TEXT"}]}
RESULT: {"script":"<script> [776 bytes]","args":[{"enterText":"Meter","selector":{"id":"application-manageresources-display-component---newResourceUnit--DIMENSION_UNIT","interaction":{"idSuffix":"inner"}},"clearTextFirst":true,"interactionType":"ENTER_TEXT"}]}
COMMAND: POST /session/f10bfffe94842169a26616823eaa69fd/execute/async - {"script":"<script> [1562 bytes]","args":[{"selector":{"id":"application-manageresources-display-component---newResourceUnit--newRRUPage-anchBar-application-manageresources-display-component---newResourceUnit--control-anchor","interaction":{"idSuffix":"BDI-content"}},"wdio_ui5_key":"applicationmanageresources-display-component---newResourceUnit--newRRUPage-anchBar-application-manageresources-display-component---newResourceUnit--control-anchor"}]}
RESULT: {"script":"<script> [1562 bytes]","args":[{"selector":{"id":"application-manageresources-display-component---newResourceUnit--newRRUPage-anchBar-application-manageresources-display-component---newResourceUnit--control-anchor","interaction":{"idSuffix":"BDI-content"}},"wdio_ui5_key":"applicationmanageresources-display-component---newResourceUnit--newRRUPage-anchBar-application-manageresources-display-component---newResourceUnit--control-anchor"}]}
RESULT: undefined
COMMAND: POST /session/f10bfffe94842169a26616823eaa69fd/element - {"using":"xpath","value":"//*[@id=\"application-manageresources-display-component---newResourceUnit--newRRUPage-anchBar-application-manageresources-display-component---newResourceUnit--control-anchor\"]"}
RESULT: {"using":"xpath","value":"//*[@id=\"application-manageresources-display-component---newResourceUnit--newRRUPage-anchBar-application-manageresources-display-component---newResourceUnit--control-anchor\"]"}
COMMAND: POST /session/f10bfffe94842169a26616823eaa69fd/element/f.B31591FEBD8AE49568014889031CF3F7.d.E1B3E9F589E0A1768E01F1A54409F5C3.e.9564/click - {}
RESULT: {}
COMMAND: POST /session/f10bfffe94842169a26616823eaa69fd/execute/async - {"script":"<script> [1562 bytes]","args":[{"selector":{"id":"application-manageresources-display-component---newResourceUnit--PLANNING_GROUP","interaction":{"idSuffix":"inner"}},"wdio_ui5_key":"applicationmanageresources-display-component---newResourceUnit--PLANNING_GROUP"}]}
COMMAND: GET /session/f10bfffe94842169a26616823eaa69fd/screenshot - {}
RESULT: {"script":"<script> [1562 bytes]","args":[{"selector":{"id":"application-manageresources-display-component---newResourceUnit--PLANNING_GROUP","interaction":{"idSuffix":"inner"}},"wdio_ui5_key":"applicationmanageresources-display-component---newResourceUnit--PLANNING_GROUP"}]}
RESULT: undefined
COMMAND: POST /session/f10bfffe94842169a26616823eaa69fd/execute/async - {"script":"<script> [776 bytes]","args":[{"enterText":"Heavy Equi","selector":{"id":"application-manageresources-display-component---newResourceUnit--PLANNING_GROUP","interaction":{"idSuffix":"inner"}},"clearTextFirst":true,"interactionType":"ENTER_TEXT"}]}
RESULT: {}
RESULT: {"script":"<script> [776 bytes]","args":[{"enterText":"Heavy Equi","selector":{"id":"application-manageresources-display-component---newResourceUnit--PLANNING_GROUP","interaction":{"idSuffix":"inner"}},"clearTextFirst":true,"interactionType":"ENTER_TEXT"}]}
COMMAND: POST /session/f10bfffe94842169a26616823eaa69fd/execute/async - {"script":"<script> [1562 bytes]","args":[{"selector":{"id":"application-manageresources-display-component---newResourceUnit--ITEM_TYPE-arrow"},"wdio_ui5_key":"applicationmanageresources-display-component---newResourceUnit--ITEM_TYPE-arrow"}]}
RESULT: {"script":"<script> [1562 bytes]","args":[{"selector":{"id":"application-manageresources-display-component---newResourceUnit--ITEM_TYPE-arrow"},"wdio_ui5_key":"applicationmanageresources-display-component---newResourceUnit--ITEM_TYPE-arrow"}]}
RESULT: undefined
COMMAND: POST /session/f10bfffe94842169a26616823eaa69fd/element - {"using":"xpath","value":"//*[@id=\"application-manageresources-display-component---newResourceUnit--ITEM_TYPE-arrow\"]"}
RESULT: {"using":"xpath","value":"//*[@id=\"application-manageresources-display-component---newResourceUnit--ITEM_TYPE-arrow\"]"}
COMMAND: POST /session/f10bfffe94842169a26616823eaa69fd/element/f.B31591FEBD8AE49568014889031CF3F7.d.E1B3E9F589E0A1768E01F1A54409F5C3.e.9571/click - {}
RESULT: {}
COMMAND: POST /session/f10bfffe94842169a26616823eaa69fd/element - {"using":"xpath","value":"(//span[contains(text(), \"Resource Unit\")])[2]"}
COMMAND: GET /session/f10bfffe94842169a26616823eaa69fd/screenshot - {}
RESULT: {"using":"xpath","value":"(//span[contains(text(), \"Resource Unit\")])[2]"}
COMMAND: POST /session/f10bfffe94842169a26616823eaa69fd/element/f.B31591FEBD8AE49568014889031CF3F7.d.E1B3E9F589E0A1768E01F1A54409F5C3.e.9572/click - {}
RESULT: {}
RESULT: {}
COMMAND: GET /session/f10bfffe94842169a26616823eaa69fd/screenshot - {}
RESULT: {}
COMMAND: POST /session/f10bfffe94842169a26616823eaa69fd/element - {"using":"css selector","value":"#application-manageresources-display-component---newResourceUnit--btnAddTimeSegment"}
RESULT: {"using":"css selector","value":"#application-manageresources-display-component---newResourceUnit--btnAddTimeSegment"}
COMMAND: GET /session/f10bfffe94842169a26616823eaa69fd/element/f.B31591FEBD8AE49568014889031CF3F7.d.E1B3E9F589E0A1768E01F1A54409F5C3.e.9573/rect - {}
RESULT: {}
COMMAND: GET /session/f10bfffe94842169a26616823eaa69fd/window/rect - {}
RESULT: {}
COMMAND: POST /session/f10bfffe94842169a26616823eaa69fd/execute/sync - {"script":"<script> [92 bytes]","args":[]}
RESULT: {"script":"<script> [92 bytes]","args":[]}
COMMAND: POST /session/f10bfffe94842169a26616823eaa69fd/actions - {"actions":[{"id":"action27","type":"wheel","parameters":{},"actions":[{"type":"scroll","x":-1888,"y":-32,"deltaX":0,"deltaY":0,"duration":0,"origin":{"element-6066-11e4-a52e-4f735466cecf":"f.B31591FEBD8AE49568014889031CF3F7.d.E1B3E9F589E0A1768E01F1A54409F5C3.e.9573"}}]}]}
COMMAND: GET /session/f10bfffe94842169a26616823eaa69fd/screenshot - {}
RESULT: {}
COMMAND: POST /session/f10bfffe94842169a26616823eaa69fd/execute/sync - {"script":"<script> [79 bytes]","args":[{"element-6066-11e4-a52e-4f735466cecf":"f.B31591FEBD8AE49568014889031CF3F7.d.E1B3E9F589E0A1768E01F1A54409F5C3.e.9573","ELEMENT":"f.B31591FEBD8AE49568014889031CF3F7.d.E1B3E9F589E0A1768E01F1A54409F5C3.e.9573"},{"block":"start","inline":"nearest"}]}
RESULT: {"script":"<script> [79 bytes]","args":[{"element-6066-11e4-a52e-4f735466cecf":"f.B31591FEBD8AE49568014889031CF3F7.d.E1B3E9F589E0A1768E01F1A54409F5C3.e.9573","ELEMENT":"f.B31591FEBD8AE49568014889031CF3F7.d.E1B3E9F589E0A1768E01F1A54409F5C3.e.9573"},{"block":"start","inline":"nearest"}]}
COMMAND: POST /session/f10bfffe94842169a26616823eaa69fd/execute/async - {"script":"<script> [1562 bytes]","args":[{"selector":{"id":"application-manageresources-display-component---newResourceUnit--btnAddTimeSegment","interaction":{"idSuffix":"inner"}},"wdio_ui5_key":"applicationmanageresources-display-component---newResourceUnit--btnAddTimeSegment"}]}
COMMAND: GET /session/f10bfffe94842169a26616823eaa69fd/screenshot - {}
RESULT: {"script":"<script> [1562 bytes]","args":[{"selector":{"id":"application-manageresources-display-component---newResourceUnit--btnAddTimeSegment","interaction":{"idSuffix":"inner"}},"wdio_ui5_key":"applicationmanageresources-display-component---newResourceUnit--btnAddTimeSegment"}]}
RESULT: undefined
COMMAND: POST /session/f10bfffe94842169a26616823eaa69fd/element - {"using":"xpath","value":"//*[@id=\"application-manageresources-display-component---newResourceUnit--btnAddTimeSegment\"]"}
RESULT: {}
RESULT: {"using":"xpath","value":"//*[@id=\"application-manageresources-display-component---newResourceUnit--btnAddTimeSegment\"]"}
COMMAND: POST /session/f10bfffe94842169a26616823eaa69fd/element/f.B31591FEBD8AE49568014889031CF3F7.d.E1B3E9F589E0A1768E01F1A54409F5C3.e.9573/click - {}
RESULT: {}
COMMAND: GET /session/f10bfffe94842169a26616823eaa69fd/screenshot - {}
RESULT: {}
COMMAND: POST /session/f10bfffe94842169a26616823eaa69fd/element - {"using":"xpath","value":"//input[@id=\"application-manageresources-display-component---newResourceUnit--idRuTSAdmin-application-manageresources-display-component---newResourceUnit--RUTimeSegment-0-inner\"]"}
RESULT: {"using":"xpath","value":"//input[@id=\"application-manageresources-display-component---newResourceUnit--idRuTSAdmin-application-manageresources-display-component---newResourceUnit--RUTimeSegment-0-inner\"]"}
COMMAND: POST /session/f10bfffe94842169a26616823eaa69fd/element/f.B31591FEBD8AE49568014889031CF3F7.d.E1B3E9F589E0A1768E01F1A54409F5C3.e.9579/clear - {}
RESULT: {}
COMMAND: POST /session/f10bfffe94842169a26616823eaa69fd/element/f.B31591FEBD8AE49568014889031CF3F7.d.E1B3E9F589E0A1768E01F1A54409F5C3.e.9579/value - {"text":"575"}
COMMAND: GET /session/f10bfffe94842169a26616823eaa69fd/screenshot - {}
RESULT: {"text":"575"}
COMMAND: GET /session/f10bfffe94842169a26616823eaa69fd/screenshot - {}
RESULT: {}
RESULT: {}
COMMAND: POST /session/f10bfffe94842169a26616823eaa69fd/element - {"using":"xpath","value":"//li[.//span[text()='575']]"}
RESULT: {"using":"xpath","value":"//li[.//span[text()='575']]"}
COMMAND: POST /session/f10bfffe94842169a26616823eaa69fd/element/f.B31591FEBD8AE49568014889031CF3F7.d.E1B3E9F589E0A1768E01F1A54409F5C3.e.9594/click - {}
RESULT: {}
COMMAND: GET /session/f10bfffe94842169a26616823eaa69fd/screenshot - {}
RESULT: {}
COMMAND: POST /session/f10bfffe94842169a26616823eaa69fd/element - {"using":"xpath","value":"(//span[contains(@id, \"-application-manageresources-display-component---newResourceUnit--RUTimeSegment-0-arrow\")])[6]"}
RESULT: {"using":"xpath","value":"(//span[contains(@id, \"-application-manageresources-display-component---newResourceUnit--RUTimeSegment-0-arrow\")])[6]"}
COMMAND: POST /session/f10bfffe94842169a26616823eaa69fd/element/f.B31591FEBD8AE49568014889031CF3F7.d.E1B3E9F589E0A1768E01F1A54409F5C3.e.9595/click - {}
RESULT: {}
COMMAND: POST /session/f10bfffe94842169a26616823eaa69fd/element - {"using":"xpath","value":"//span[contains(text(), \"PM Order\")]"}
COMMAND: GET /session/f10bfffe94842169a26616823eaa69fd/screenshot - {}
RESULT: {"using":"xpath","value":"//span[contains(text(), \"PM Order\")]"}
COMMAND: POST /session/f10bfffe94842169a26616823eaa69fd/element/f.B31591FEBD8AE49568014889031CF3F7.d.E1B3E9F589E0A1768E01F1A54409F5C3.e.9598/click - {}
RESULT: {}
RESULT: {}
COMMAND: GET /session/f10bfffe94842169a26616823eaa69fd/screenshot - {}
RESULT: {}
COMMAND: POST /session/f10bfffe94842169a26616823eaa69fd/element - {"using":"xpath","value":"(//span[contains(@id ,\"manageresources-display-component---newResourceUnit--RUTimeSegment-0-vhi\")])[2]"}
RESULT: {"using":"xpath","value":"(//span[contains(@id ,\"manageresources-display-component---newResourceUnit--RUTimeSegment-0-vhi\")])[2]"}
COMMAND: POST /session/f10bfffe94842169a26616823eaa69fd/element/f.B31591FEBD8AE49568014889031CF3F7.d.E1B3E9F589E0A1768E01F1A54409F5C3.e.9601/click - {}
RESULT: {}
COMMAND: GET /session/f10bfffe94842169a26616823eaa69fd/screenshot - {}
RESULT: {}
RESULT: undefined
COMMAND: POST /session/f10bfffe94842169a26616823eaa69fd/execute/async - {"script":"<script> [776 bytes]","args":[{"enterText":"4000360","selector":{"controlType":"sap.m.SearchField","properties":{"placeholder":"Search"},"searchOpenDialogs":true,"interaction":{"idSuffix":"I"}},"clearTextFirst":true,"interactionType":"ENTER_TEXT"}]}
RESULT: {"script":"<script> [776 bytes]","args":[{"enterText":"4000360","selector":{"controlType":"sap.m.SearchField","properties":{"placeholder":"Search"},"searchOpenDialogs":true,"interaction":{"idSuffix":"I"}},"clearTextFirst":true,"interactionType":"ENTER_TEXT"}]}
COMMAND: POST /session/f10bfffe94842169a26616823eaa69fd/actions - {"actions":[{"id":"action28","type":"key","parameters":{},"actions":[{"type":"keyDown","value":""},{"type":"pause","duration":10},{"type":"keyUp","value":""}]}]}
RESULT: {"actions":[{"id":"action28","type":"key","parameters":{},"actions":[{"type":"keyDown","value":""},{"type":"pause","duration":10},{"type":"keyUp","value":""}]}]}
COMMAND: GET /session/f10bfffe94842169a26616823eaa69fd/screenshot - {}
RESULT: {}
COMMAND: POST /session/f10bfffe94842169a26616823eaa69fd/element - {"using":"xpath","value":"//td/div/span[contains(text(), \"BGL Vehicles\")]"}
RESULT: {"using":"xpath","value":"//td/div/span[contains(text(), \"BGL Vehicles\")]"}
COMMAND: POST /session/f10bfffe94842169a26616823eaa69fd/element/f.B31591FEBD8AE49568014889031CF3F7.d.E1B3E9F589E0A1768E01F1A54409F5C3.e.9619/click - {}
RESULT: {}
COMMAND: GET /session/f10bfffe94842169a26616823eaa69fd/screenshot - {}
RESULT: {}
COMMAND: POST /session/f10bfffe94842169a26616823eaa69fd/element - {"using":"xpath","value":"//bdi[contains(text(), \"OK\")]"}
RESULT: {"using":"xpath","value":"//bdi[contains(text(), \"OK\")]"}
COMMAND: POST /session/f10bfffe94842169a26616823eaa69fd/element/f.B31591FEBD8AE49568014889031CF3F7.d.E1B3E9F589E0A1768E01F1A54409F5C3.e.9620/click - {}
RESULT: {}
COMMAND: GET /session/f10bfffe94842169a26616823eaa69fd/screenshot - {}
RESULT: {}
COMMAND: POST /session/f10bfffe94842169a26616823eaa69fd/execute/async - {"script":"<script> [1562 bytes]","args":[{"selector":{"id":"application-manageresources-display-component---newResourceUnit--newRRUPage-anchBar-application-manageresources-display-component---newResourceUnit--resource-anchor","interaction":{"idSuffix":"BDI-content"}},"wdio_ui5_key":"applicationmanageresources-display-component---newResourceUnit--newRRUPage-anchBar-application-manageresources-display-component---newResourceUnit--resource-anchor"}]}
RESULT: {"script":"<script> [1562 bytes]","args":[{"selector":{"id":"application-manageresources-display-component---newResourceUnit--newRRUPage-anchBar-application-manageresources-display-component---newResourceUnit--resource-anchor","interaction":{"idSuffix":"BDI-content"}},"wdio_ui5_key":"applicationmanageresources-display-component---newResourceUnit--newRRUPage-anchBar-application-manageresources-display-component---newResourceUnit--resource-anchor"}]}
RESULT: undefined
COMMAND: POST /session/f10bfffe94842169a26616823eaa69fd/element - {"using":"xpath","value":"//*[@id=\"application-manageresources-display-component---newResourceUnit--newRRUPage-anchBar-application-manageresources-display-component---newResourceUnit--resource-anchor\"]"}
RESULT: {"using":"xpath","value":"//*[@id=\"application-manageresources-display-component---newResourceUnit--newRRUPage-anchBar-application-manageresources-display-component---newResourceUnit--resource-anchor\"]"}
COMMAND: POST /session/f10bfffe94842169a26616823eaa69fd/element/f.B31591FEBD8AE49568014889031CF3F7.d.E1B3E9F589E0A1768E01F1A54409F5C3.e.9624/click - {}
RESULT: {}
COMMAND: POST /session/f10bfffe94842169a26616823eaa69fd/execute/async - {"script":"<script> [1562 bytes]","args":[{"selector":{"id":"application-manageresources-display-component---newResourceUnit--PLANNED_DELIVERY_DATE","interaction":{"idSuffix":"inner"}},"wdio_ui5_key":"applicationmanageresources-display-component---newResourceUnit--PLANNED_DELIVERY_DATE"}]}
COMMAND: GET /session/f10bfffe94842169a26616823eaa69fd/screenshot - {}
RESULT: {"script":"<script> [1562 bytes]","args":[{"selector":{"id":"application-manageresources-display-component---newResourceUnit--PLANNED_DELIVERY_DATE","interaction":{"idSuffix":"inner"}},"wdio_ui5_key":"applicationmanageresources-display-component---newResourceUnit--PLANNED_DELIVERY_DATE"}]}
RESULT: undefined
COMMAND: POST /session/f10bfffe94842169a26616823eaa69fd/execute/async - {"script":"<script> [6424 bytes]","args":[{"element-6066-11e4-a52e-4f735466cecf":"f.B31591FEBD8AE49568014889031CF3F7.d.E1B3E9F589E0A1768E01F1A54409F5C3.e.9487"},"setValue",["4/18/25"]]}
RESULT: {}
RESULT: {"script":"<script> [6424 bytes]","args":[{"element-6066-11e4-a52e-4f735466cecf":"f.B31591FEBD8AE49568014889031CF3F7.d.E1B3E9F589E0A1768E01F1A54409F5C3.e.9487"},"setValue",["4/18/25"]]}
COMMAND: POST /session/f10bfffe94842169a26616823eaa69fd/element - {"using":"xpath","value":"//button[@data-kt=\"resourceUnitSaveButton\"]"}
RESULT: {"using":"xpath","value":"//button[@data-kt=\"resourceUnitSaveButton\"]"}
COMMAND: POST /session/f10bfffe94842169a26616823eaa69fd/element/f.B31591FEBD8AE49568014889031CF3F7.d.E1B3E9F589E0A1768E01F1A54409F5C3.e.9448/click - {}
RESULT: {}
COMMAND: GET /session/f10bfffe94842169a26616823eaa69fd/screenshot - {}
RESULT: {}
COMMAND: POST /session/f10bfffe94842169a26616823eaa69fd/element - {"using":"xpath","value":"//bdi[contains(text(), \"Close\")]"}
RESULT: {"using":"xpath","value":"//bdi[contains(text(), \"Close\")]"}
COMMAND: POST /session/f10bfffe94842169a26616823eaa69fd/element/f.B31591FEBD8AE49568014889031CF3F7.d.E1B3E9F589E0A1768E01F1A54409F5C3.e.9634/click - {}
RESULT: {}
COMMAND: GET /session/f10bfffe94842169a26616823eaa69fd/screenshot - {}
RESULT: {}
COMMAND: POST /session/f10bfffe94842169a26616823eaa69fd/element - {"using":"xpath","value":"//bdi[contains(text(), \"Edit\")]"}
RESULT: {"using":"xpath","value":"//bdi[contains(text(), \"Edit\")]"}
COMMAND: POST /session/f10bfffe94842169a26616823eaa69fd/execute/sync - {"script":"<script> [8489 bytes]","args":[{"element-6066-11e4-a52e-4f735466cecf":"f.B31591FEBD8AE49568014889031CF3F7.d.E1B3E9F589E0A1768E01F1A54409F5C3.e.9667","ELEMENT":"f.B31591FEBD8AE49568014889031CF3F7.d.E1B3E9F589E0A1768E01F1A54409F5C3.e.9667"}]}
RESULT: {"script":"<script> [8489 bytes]","args":[{"element-6066-11e4-a52e-4f735466cecf":"f.B31591FEBD8AE49568014889031CF3F7.d.E1B3E9F589E0A1768E01F1A54409F5C3.e.9667","ELEMENT":"f.B31591FEBD8AE49568014889031CF3F7.d.E1B3E9F589E0A1768E01F1A54409F5C3.e.9667"}]}
COMMAND: POST /session/f10bfffe94842169a26616823eaa69fd/element/f.B31591FEBD8AE49568014889031CF3F7.d.E1B3E9F589E0A1768E01F1A54409F5C3.e.9667/click - {}
COMMAND: GET /session/f10bfffe94842169a26616823eaa69fd/screenshot - {}
RESULT: {}
COMMAND: GET /session/f10bfffe94842169a26616823eaa69fd/screenshot - {}
RESULT: {}
RESULT: {}
COMMAND: POST /session/f10bfffe94842169a26616823eaa69fd/execute/async - {"script":"<script> [1562 bytes]","args":[{"selector":{"id":"application-manageresources-display-component---editResource--editRruPage-anchBar-application-manageresources-display-component---editResource--counters-anchor","interaction":{"idSuffix":"BDI-content"}},"wdio_ui5_key":"applicationmanageresources-display-component---editResource--editRruPage-anchBar-application-manageresources-display-component---editResource--counters-anchor"}]}
RESULT: {"script":"<script> [1562 bytes]","args":[{"selector":{"id":"application-manageresources-display-component---editResource--editRruPage-anchBar-application-manageresources-display-component---editResource--counters-anchor","interaction":{"idSuffix":"BDI-content"}},"wdio_ui5_key":"applicationmanageresources-display-component---editResource--editRruPage-anchBar-application-manageresources-display-component---editResource--counters-anchor"}]}
RESULT: undefined
COMMAND: POST /session/f10bfffe94842169a26616823eaa69fd/element - {"using":"xpath","value":"//*[@id=\"application-manageresources-display-component---editResource--editRruPage-anchBar-application-manageresources-display-component---editResource--counters-anchor\"]"}
RESULT: {"using":"xpath","value":"//*[@id=\"application-manageresources-display-component---editResource--editRruPage-anchBar-application-manageresources-display-component---editResource--counters-anchor\"]"}
COMMAND: POST /session/f10bfffe94842169a26616823eaa69fd/element/f.B31591FEBD8AE49568014889031CF3F7.d.E1B3E9F589E0A1768E01F1A54409F5C3.e.9779/click - {}
RESULT: {}
COMMAND: GET /session/f10bfffe94842169a26616823eaa69fd/screenshot - {}
RESULT: {}
COMMAND: POST /session/f10bfffe94842169a26616823eaa69fd/execute/async - {"script":"<script> [1562 bytes]","args":[{"selector":{"id":"application-manageresources-display-component---editResource--btnAddCounter-img"},"wdio_ui5_key":"applicationmanageresources-display-component---editResource--btnAddCounter-img"}]}
RESULT: {"script":"<script> [1562 bytes]","args":[{"selector":{"id":"application-manageresources-display-component---editResource--btnAddCounter-img"},"wdio_ui5_key":"applicationmanageresources-display-component---editResource--btnAddCounter-img"}]}
RESULT: undefined
COMMAND: POST /session/f10bfffe94842169a26616823eaa69fd/element - {"using":"xpath","value":"//*[@id=\"application-manageresources-display-component---editResource--btnAddCounter-img\"]"}
RESULT: {"using":"xpath","value":"//*[@id=\"application-manageresources-display-component---editResource--btnAddCounter-img\"]"}
COMMAND: POST /session/f10bfffe94842169a26616823eaa69fd/element/f.B31591FEBD8AE49568014889031CF3F7.d.E1B3E9F589E0A1768E01F1A54409F5C3.e.9813/click - {}
RESULT: {}
COMMAND: POST /session/f10bfffe94842169a26616823eaa69fd/execute/async - {"script":"<script> [1562 bytes]","args":[{"selector":{"id":"application-manageresources-display-component---editResource--COUNTER_ID-application-manageresources-display-component---editResource--RUCounters-0-arrow"},"wdio_ui5_key":"applicationmanageresources-display-component---editResource--COUNTER_ID-application-manageresources-display-component---editResource--RUCounters-0-arrow"}]}
COMMAND: GET /session/f10bfffe94842169a26616823eaa69fd/screenshot - {}
RESULT: {"script":"<script> [1562 bytes]","args":[{"selector":{"id":"application-manageresources-display-component---editResource--COUNTER_ID-application-manageresources-display-component---editResource--RUCounters-0-arrow"},"wdio_ui5_key":"applicationmanageresources-display-component---editResource--COUNTER_ID-application-manageresources-display-component---editResource--RUCounters-0-arrow"}]}
RESULT: undefined
COMMAND: POST /session/f10bfffe94842169a26616823eaa69fd/element - {"using":"xpath","value":"//*[@id=\"application-manageresources-display-component---editResource--COUNTER_ID-application-manageresources-display-component---editResource--RUCounters-0-arrow\"]"}
RESULT: {}
RESULT: {"using":"xpath","value":"//*[@id=\"application-manageresources-display-component---editResource--COUNTER_ID-application-manageresources-display-component---editResource--RUCounters-0-arrow\"]"}
COMMAND: POST /session/f10bfffe94842169a26616823eaa69fd/element/f.B31591FEBD8AE49568014889031CF3F7.d.E1B3E9F589E0A1768E01F1A54409F5C3.e.9820/click - {}
RESULT: {}
COMMAND: POST /session/f10bfffe94842169a26616823eaa69fd/execute/async - {"script":"<script> [1562 bytes]","args":[{"selector":{"controlType":"sap.m.StandardListItem","viewName":"etm.portal.ui.manageresources.view.EditResource","viewId":"application-manageresources-display-component---editResource","properties":{"title":"fuel"},"searchOpenDialogs":true,"interaction":{"idSuffix":"content"}},"wdio_ui5_key":"etmportal.ui.manageresources.view.EditResourcesap.m.StandardListItem{\"title\":\"fuel\"}"}]}
COMMAND: GET /session/f10bfffe94842169a26616823eaa69fd/screenshot - {}
RESULT: {"script":"<script> [1562 bytes]","args":[{"selector":{"controlType":"sap.m.StandardListItem","viewName":"etm.portal.ui.manageresources.view.EditResource","viewId":"application-manageresources-display-component---editResource","properties":{"title":"fuel"},"searchOpenDialogs":true,"interaction":{"idSuffix":"content"}},"wdio_ui5_key":"etmportal.ui.manageresources.view.EditResourcesap.m.StandardListItem{\"title\":\"fuel\"}"}]}
RESULT: undefined
COMMAND: POST /session/f10bfffe94842169a26616823eaa69fd/element - {"using":"xpath","value":"//*[@id=\"__item2794\"]"}
RESULT: {}
RESULT: {"using":"xpath","value":"//*[@id=\"__item2794\"]"}
COMMAND: POST /session/f10bfffe94842169a26616823eaa69fd/element/f.B31591FEBD8AE49568014889031CF3F7.d.E1B3E9F589E0A1768E01F1A54409F5C3.e.9822/click - {}
RESULT: {}
COMMAND: GET /session/f10bfffe94842169a26616823eaa69fd/screenshot - {}
RESULT: {}
COMMAND: POST /session/f10bfffe94842169a26616823eaa69fd/element - {"using":"xpath","value":"//button[@data-kt=\"saveButton\"]"}
RESULT: {"using":"xpath","value":"//button[@data-kt=\"saveButton\"]"}
COMMAND: POST /session/f10bfffe94842169a26616823eaa69fd/element/f.B31591FEBD8AE49568014889031CF3F7.d.E1B3E9F589E0A1768E01F1A54409F5C3.e.9823/click - {}
RESULT: {}
COMMAND: GET /session/f10bfffe94842169a26616823eaa69fd/screenshot - {}
RESULT: {}
COMMAND: POST /session/f10bfffe94842169a26616823eaa69fd/element - {"using":"xpath","value":"(//button[contains(@id ,\"actionsToolbar-overflowButton\")])[1]"}
RESULT: {"using":"xpath","value":"(//button[contains(@id ,\"actionsToolbar-overflowButton\")])[1]"}
COMMAND: POST /session/f10bfffe94842169a26616823eaa69fd/element/f.B31591FEBD8AE49568014889031CF3F7.d.E1B3E9F589E0A1768E01F1A54409F5C3.e.9835/click - {}
RESULT: {}
COMMAND: GET /session/f10bfffe94842169a26616823eaa69fd/screenshot - {}
RESULT: {}
COMMAND: POST /session/f10bfffe94842169a26616823eaa69fd/element - {"using":"xpath","value":"//button[@data-kt=\"priceInfoButton\"]"}
RESULT: {"using":"xpath","value":"//button[@data-kt=\"priceInfoButton\"]"}
COMMAND: POST /session/f10bfffe94842169a26616823eaa69fd/element/f.B31591FEBD8AE49568014889031CF3F7.d.E1B3E9F589E0A1768E01F1A54409F5C3.e.9837/click - {}
RESULT: {}
COMMAND: GET /session/f10bfffe94842169a26616823eaa69fd/screenshot - {}
]]></system-out>
    </testcase>
    <testcase classname="chrome.135_0_7049_42.windows.Create_master_data_for_mixed_billing_&amp;_do_billing_calculation_US151661" name="Should create a TB pricing procedure" time="56.643">
      <system-out><![CDATA[
COMMAND: POST /session/f10bfffe94842169a26616823eaa69fd/element - {"using":"xpath","value":"//button[@data-kt=\"addButton\"]"}
RESULT: {}
RESULT: {"using":"xpath","value":"//button[@data-kt=\"addButton\"]"}
COMMAND: POST /session/f10bfffe94842169a26616823eaa69fd/elements - {"using":"xpath","value":"//button[@data-kt=\"addButton\"]"}
RESULT: {"using":"xpath","value":"//button[@data-kt=\"addButton\"]"}
COMMAND: POST /session/f10bfffe94842169a26616823eaa69fd/execute/sync - {"script":"<script> [8489 bytes]","args":[{"element-6066-11e4-a52e-4f735466cecf":"f.B31591FEBD8AE49568014889031CF3F7.d.E1B3E9F589E0A1768E01F1A54409F5C3.e.9873","ELEMENT":"f.B31591FEBD8AE49568014889031CF3F7.d.E1B3E9F589E0A1768E01F1A54409F5C3.e.9873"}]}
RESULT: {"script":"<script> [8489 bytes]","args":[{"element-6066-11e4-a52e-4f735466cecf":"f.B31591FEBD8AE49568014889031CF3F7.d.E1B3E9F589E0A1768E01F1A54409F5C3.e.9873","ELEMENT":"f.B31591FEBD8AE49568014889031CF3F7.d.E1B3E9F589E0A1768E01F1A54409F5C3.e.9873"}]}
COMMAND: GET /session/f10bfffe94842169a26616823eaa69fd/element/f.B31591FEBD8AE49568014889031CF3F7.d.E1B3E9F589E0A1768E01F1A54409F5C3.e.9873/enabled - {}
COMMAND: GET /session/f10bfffe94842169a26616823eaa69fd/screenshot - {}
RESULT: {}
COMMAND: POST /session/f10bfffe94842169a26616823eaa69fd/execute/sync - {"script":"<script> [8489 bytes]","args":[{"element-6066-11e4-a52e-4f735466cecf":"f.B31591FEBD8AE49568014889031CF3F7.d.E1B3E9F589E0A1768E01F1A54409F5C3.e.9873","ELEMENT":"f.B31591FEBD8AE49568014889031CF3F7.d.E1B3E9F589E0A1768E01F1A54409F5C3.e.9873"}]}
COMMAND: GET /session/f10bfffe94842169a26616823eaa69fd/screenshot - {}
RESULT: {}
RESULT: {}
RESULT: {"script":"<script> [8489 bytes]","args":[{"element-6066-11e4-a52e-4f735466cecf":"f.B31591FEBD8AE49568014889031CF3F7.d.E1B3E9F589E0A1768E01F1A54409F5C3.e.9873","ELEMENT":"f.B31591FEBD8AE49568014889031CF3F7.d.E1B3E9F589E0A1768E01F1A54409F5C3.e.9873"}]}
COMMAND: POST /session/f10bfffe94842169a26616823eaa69fd/execute/sync - {"script":"<script> [5351 bytes]","args":[{"element-6066-11e4-a52e-4f735466cecf":"f.B31591FEBD8AE49568014889031CF3F7.d.E1B3E9F589E0A1768E01F1A54409F5C3.e.9873","ELEMENT":"f.B31591FEBD8AE49568014889031CF3F7.d.E1B3E9F589E0A1768E01F1A54409F5C3.e.9873"}]}
COMMAND: GET /session/f10bfffe94842169a26616823eaa69fd/screenshot - {}
RESULT: {"script":"<script> [5351 bytes]","args":[{"element-6066-11e4-a52e-4f735466cecf":"f.B31591FEBD8AE49568014889031CF3F7.d.E1B3E9F589E0A1768E01F1A54409F5C3.e.9873","ELEMENT":"f.B31591FEBD8AE49568014889031CF3F7.d.E1B3E9F589E0A1768E01F1A54409F5C3.e.9873"}]}
COMMAND: POST /session/f10bfffe94842169a26616823eaa69fd/element/f.B31591FEBD8AE49568014889031CF3F7.d.E1B3E9F589E0A1768E01F1A54409F5C3.e.9873/click - {}
COMMAND: GET /session/f10bfffe94842169a26616823eaa69fd/screenshot - {}
RESULT: {}
RESULT: {}
RESULT: {}
COMMAND: GET /session/f10bfffe94842169a26616823eaa69fd/screenshot - {}
RESULT: {}
COMMAND: POST /session/f10bfffe94842169a26616823eaa69fd/execute/async - {"script":"<script> [1562 bytes]","args":[{"selector":{"controlType":"sap.m.Title","viewName":"etm.portal.ui.managepricingrules.view.NewItem","viewId":"application-managepricingrules-display-component---newInfoPriceItem","properties":{"text":"New Pricing Rules - Item Level"}},"wdio_ui5_key":"etmportal.ui.managepricingrules.view.NewItemsap.m.Title{\"text\":\"New Pricing Rules - Item Level\"}"}]}
RESULT: {"script":"<script> [1562 bytes]","args":[{"selector":{"controlType":"sap.m.Title","viewName":"etm.portal.ui.managepricingrules.view.NewItem","viewId":"application-managepricingrules-display-component---newInfoPriceItem","properties":{"text":"New Pricing Rules - Item Level"}},"wdio_ui5_key":"etmportal.ui.managepricingrules.view.NewItemsap.m.Title{\"text\":\"New Pricing Rules - Item Level\"}"}]}
RESULT: undefined
COMMAND: POST /session/f10bfffe94842169a26616823eaa69fd/execute/async - {"script":"<script> [6424 bytes]","args":[{"element-6066-11e4-a52e-4f735466cecf":"f.B31591FEBD8AE49568014889031CF3F7.d.E1B3E9F589E0A1768E01F1A54409F5C3.e.10045"},"getText",[]]}
RESULT: {"script":"<script> [6424 bytes]","args":[{"element-6066-11e4-a52e-4f735466cecf":"f.B31591FEBD8AE49568014889031CF3F7.d.E1B3E9F589E0A1768E01F1A54409F5C3.e.10045"},"getText",[]]}
COMMAND: POST /session/f10bfffe94842169a26616823eaa69fd/execute/async - {"script":"<script> [1562 bytes]","args":[{"selector":{"id":"application-managepricingrules-display-component---newInfoPriceItem--condValidTo","interaction":{"idSuffix":"inner"}},"wdio_ui5_key":"applicationmanagepricingrules-display-component---newInfoPriceItem--condValidTo"}]}
RESULT: {"script":"<script> [1562 bytes]","args":[{"selector":{"id":"application-managepricingrules-display-component---newInfoPriceItem--condValidTo","interaction":{"idSuffix":"inner"}},"wdio_ui5_key":"applicationmanagepricingrules-display-component---newInfoPriceItem--condValidTo"}]}
RESULT: undefined
COMMAND: POST /session/f10bfffe94842169a26616823eaa69fd/execute/async - {"script":"<script> [776 bytes]","args":[{"enterText":"12/18/25","selector":{"id":"application-managepricingrules-display-component---newInfoPriceItem--condValidTo","interaction":{"idSuffix":"inner"}},"clearTextFirst":true,"interactionType":"ENTER_TEXT"}]}
RESULT: {"script":"<script> [776 bytes]","args":[{"enterText":"12/18/25","selector":{"id":"application-managepricingrules-display-component---newInfoPriceItem--condValidTo","interaction":{"idSuffix":"inner"}},"clearTextFirst":true,"interactionType":"ENTER_TEXT"}]}
COMMAND: POST /session/f10bfffe94842169a26616823eaa69fd/execute/async - {"script":"<script> [1562 bytes]","args":[{"selector":{"id":"application-managepricingrules-display-component---newInfoPriceItem--billType-arrow"},"wdio_ui5_key":"applicationmanagepricingrules-display-component---newInfoPriceItem--billType-arrow"}]}
RESULT: {"script":"<script> [1562 bytes]","args":[{"selector":{"id":"application-managepricingrules-display-component---newInfoPriceItem--billType-arrow"},"wdio_ui5_key":"applicationmanagepricingrules-display-component---newInfoPriceItem--billType-arrow"}]}
RESULT: undefined
COMMAND: POST /session/f10bfffe94842169a26616823eaa69fd/element - {"using":"xpath","value":"//*[@id=\"application-managepricingrules-display-component---newInfoPriceItem--billType-arrow\"]"}
RESULT: {"using":"xpath","value":"//*[@id=\"application-managepricingrules-display-component---newInfoPriceItem--billType-arrow\"]"}
COMMAND: POST /session/f10bfffe94842169a26616823eaa69fd/element/f.B31591FEBD8AE49568014889031CF3F7.d.E1B3E9F589E0A1768E01F1A54409F5C3.e.10003/click - {}
RESULT: {}
COMMAND: POST /session/f10bfffe94842169a26616823eaa69fd/element - {"using":"xpath","value":"//span[contains(text(), \"TB - Time based\")]"}
COMMAND: GET /session/f10bfffe94842169a26616823eaa69fd/screenshot - {}
RESULT: {"using":"xpath","value":"//span[contains(text(), \"TB - Time based\")]"}
COMMAND: POST /session/f10bfffe94842169a26616823eaa69fd/element/f.B31591FEBD8AE49568014889031CF3F7.d.E1B3E9F589E0A1768E01F1A54409F5C3.e.10047/click - {}
RESULT: {}
RESULT: {}
COMMAND: POST /session/f10bfffe94842169a26616823eaa69fd/execute/async - {"script":"<script> [1562 bytes]","args":[{"selector":{"id":"application-managepricingrules-display-component---newInfoPriceItem--priceProc-arrow"},"wdio_ui5_key":"applicationmanagepricingrules-display-component---newInfoPriceItem--priceProc-arrow"}]}
COMMAND: GET /session/f10bfffe94842169a26616823eaa69fd/screenshot - {}
RESULT: {"script":"<script> [1562 bytes]","args":[{"selector":{"id":"application-managepricingrules-display-component---newInfoPriceItem--priceProc-arrow"},"wdio_ui5_key":"applicationmanagepricingrules-display-component---newInfoPriceItem--priceProc-arrow"}]}
RESULT: undefined
COMMAND: POST /session/f10bfffe94842169a26616823eaa69fd/element - {"using":"xpath","value":"//*[@id=\"application-managepricingrules-display-component---newInfoPriceItem--priceProc-arrow\"]"}
RESULT: {}
RESULT: {"using":"xpath","value":"//*[@id=\"application-managepricingrules-display-component---newInfoPriceItem--priceProc-arrow\"]"}
COMMAND: POST /session/f10bfffe94842169a26616823eaa69fd/element/f.B31591FEBD8AE49568014889031CF3F7.d.E1B3E9F589E0A1768E01F1A54409F5C3.e.10010/click - {}
RESULT: {}
COMMAND: POST /session/f10bfffe94842169a26616823eaa69fd/element - {"using":"xpath","value":"//span[contains(text(), \"TB - Time based BGL\")]"}
COMMAND: GET /session/f10bfffe94842169a26616823eaa69fd/screenshot - {}
RESULT: {"using":"xpath","value":"//span[contains(text(), \"TB - Time based BGL\")]"}
COMMAND: POST /session/f10bfffe94842169a26616823eaa69fd/element/f.B31591FEBD8AE49568014889031CF3F7.d.E1B3E9F589E0A1768E01F1A54409F5C3.e.10048/click - {}
RESULT: {}
RESULT: {}
COMMAND: POST /session/f10bfffe94842169a26616823eaa69fd/execute/async - {"script":"<script> [1562 bytes]","args":[{"selector":{"id":"application-managepricingrules-display-component---newInfoPriceItem--calcBase-arrow"},"wdio_ui5_key":"applicationmanagepricingrules-display-component---newInfoPriceItem--calcBase-arrow"}]}
COMMAND: GET /session/f10bfffe94842169a26616823eaa69fd/screenshot - {}
RESULT: {"script":"<script> [1562 bytes]","args":[{"selector":{"id":"application-managepricingrules-display-component---newInfoPriceItem--calcBase-arrow"},"wdio_ui5_key":"applicationmanagepricingrules-display-component---newInfoPriceItem--calcBase-arrow"}]}
RESULT: undefined
COMMAND: POST /session/f10bfffe94842169a26616823eaa69fd/element - {"using":"xpath","value":"//*[@id=\"application-managepricingrules-display-component---newInfoPriceItem--calcBase-arrow\"]"}
RESULT: {}
RESULT: {"using":"xpath","value":"//*[@id=\"application-managepricingrules-display-component---newInfoPriceItem--calcBase-arrow\"]"}
COMMAND: POST /session/f10bfffe94842169a26616823eaa69fd/element/f.B31591FEBD8AE49568014889031CF3F7.d.E1B3E9F589E0A1768E01F1A54409F5C3.e.10017/click - {}
RESULT: {}
COMMAND: GET /session/f10bfffe94842169a26616823eaa69fd/screenshot - {}
RESULT: {}
COMMAND: POST /session/f10bfffe94842169a26616823eaa69fd/element - {"using":"xpath","value":"//span[contains(text(), \"0006 - TB(calendar days)\")]"}
RESULT: {"using":"xpath","value":"//span[contains(text(), \"0006 - TB(calendar days)\")]"}
COMMAND: POST /session/f10bfffe94842169a26616823eaa69fd/element/f.B31591FEBD8AE49568014889031CF3F7.d.E1B3E9F589E0A1768E01F1A54409F5C3.e.10049/click - {}
RESULT: {}
COMMAND: GET /session/f10bfffe94842169a26616823eaa69fd/screenshot - {}
RESULT: {}
COMMAND: POST /session/f10bfffe94842169a26616823eaa69fd/execute/async - {"script":"<script> [1562 bytes]","args":[{"selector":{"id":"application-managepricingrules-display-component---newInfoPriceItem--hoursMonth","interaction":{"idSuffix":"inner"}},"wdio_ui5_key":"applicationmanagepricingrules-display-component---newInfoPriceItem--hoursMonth"}]}
RESULT: {"script":"<script> [1562 bytes]","args":[{"selector":{"id":"application-managepricingrules-display-component---newInfoPriceItem--hoursMonth","interaction":{"idSuffix":"inner"}},"wdio_ui5_key":"applicationmanagepricingrules-display-component---newInfoPriceItem--hoursMonth"}]}
RESULT: undefined
COMMAND: POST /session/f10bfffe94842169a26616823eaa69fd/execute/async - {"script":"<script> [776 bytes]","args":[{"enterText":"160","selector":{"id":"application-managepricingrules-display-component---newInfoPriceItem--hoursMonth","interaction":{"idSuffix":"inner"}},"clearTextFirst":true,"interactionType":"ENTER_TEXT"}]}
RESULT: {"script":"<script> [776 bytes]","args":[{"enterText":"160","selector":{"id":"application-managepricingrules-display-component---newInfoPriceItem--hoursMonth","interaction":{"idSuffix":"inner"}},"clearTextFirst":true,"interactionType":"ENTER_TEXT"}]}
COMMAND: POST /session/f10bfffe94842169a26616823eaa69fd/execute/async - {"script":"<script> [1562 bytes]","args":[{"selector":{"id":"application-managepricingrules-display-component---newInfoPriceItem--daysMonth","interaction":{"idSuffix":"inner"}},"wdio_ui5_key":"applicationmanagepricingrules-display-component---newInfoPriceItem--daysMonth"}]}
RESULT: {"script":"<script> [1562 bytes]","args":[{"selector":{"id":"application-managepricingrules-display-component---newInfoPriceItem--daysMonth","interaction":{"idSuffix":"inner"}},"wdio_ui5_key":"applicationmanagepricingrules-display-component---newInfoPriceItem--daysMonth"}]}
RESULT: undefined
COMMAND: POST /session/f10bfffe94842169a26616823eaa69fd/execute/async - {"script":"<script> [776 bytes]","args":[{"enterText":"30","selector":{"id":"application-managepricingrules-display-component---newInfoPriceItem--daysMonth","interaction":{"idSuffix":"inner"}},"clearTextFirst":true,"interactionType":"ENTER_TEXT"}]}
RESULT: {"script":"<script> [776 bytes]","args":[{"enterText":"30","selector":{"id":"application-managepricingrules-display-component---newInfoPriceItem--daysMonth","interaction":{"idSuffix":"inner"}},"clearTextFirst":true,"interactionType":"ENTER_TEXT"}]}
COMMAND: POST /session/f10bfffe94842169a26616823eaa69fd/element - {"using":"xpath","value":"//button[@data-kt=\"saveNewRuleButton\"]"}
RESULT: {"using":"xpath","value":"//button[@data-kt=\"saveNewRuleButton\"]"}
COMMAND: POST /session/f10bfffe94842169a26616823eaa69fd/element/f.B31591FEBD8AE49568014889031CF3F7.d.E1B3E9F589E0A1768E01F1A54409F5C3.e.10037/click - {}
RESULT: {}
COMMAND: GET /session/f10bfffe94842169a26616823eaa69fd/screenshot - {}
RESULT: {}
COMMAND: POST /session/f10bfffe94842169a26616823eaa69fd/execute/async - {"script":"<script> [1562 bytes]","args":[{"selector":{"id":"application-managepricingrules-display-component---priceInfoItem--smartFilterBar-btnBasicSearch","interaction":{"idSuffix":"I"}},"wdio_ui5_key":"applicationmanagepricingrules-display-component---priceInfoItem--smartFilterBar-btnBasicSearch"}]}
RESULT: {"script":"<script> [1562 bytes]","args":[{"selector":{"id":"application-managepricingrules-display-component---priceInfoItem--smartFilterBar-btnBasicSearch","interaction":{"idSuffix":"I"}},"wdio_ui5_key":"applicationmanagepricingrules-display-component---priceInfoItem--smartFilterBar-btnBasicSearch"}]}
RESULT: undefined
COMMAND: POST /session/f10bfffe94842169a26616823eaa69fd/execute/async - {"script":"<script> [776 bytes]","args":[{"enterText":"rXW5TMKDcW","selector":{"id":"application-managepricingrules-display-component---priceInfoItem--smartFilterBar-btnBasicSearch","interaction":{"idSuffix":"I"}},"clearTextFirst":true,"interactionType":"ENTER_TEXT"}]}
RESULT: {"script":"<script> [776 bytes]","args":[{"enterText":"rXW5TMKDcW","selector":{"id":"application-managepricingrules-display-component---priceInfoItem--smartFilterBar-btnBasicSearch","interaction":{"idSuffix":"I"}},"clearTextFirst":true,"interactionType":"ENTER_TEXT"}]}
COMMAND: POST /session/f10bfffe94842169a26616823eaa69fd/actions - {"actions":[{"id":"action29","type":"key","parameters":{},"actions":[{"type":"keyDown","value":""},{"type":"pause","duration":10},{"type":"keyUp","value":""}]}]}
RESULT: {"actions":[{"id":"action29","type":"key","parameters":{},"actions":[{"type":"keyDown","value":""},{"type":"pause","duration":10},{"type":"keyUp","value":""}]}]}
COMMAND: GET /session/f10bfffe94842169a26616823eaa69fd/screenshot - {}
RESULT: {}
COMMAND: POST /session/f10bfffe94842169a26616823eaa69fd/element - {"using":"xpath","value":"//span[@id=\"application-managepricingrules-display-component---priceInfoItem--smartTable-header-inner\"]"}
RESULT: {"using":"xpath","value":"//span[@id=\"application-managepricingrules-display-component---priceInfoItem--smartTable-header-inner\"]"}
COMMAND: POST /session/f10bfffe94842169a26616823eaa69fd/elements - {"using":"xpath","value":"//span[@id=\"application-managepricingrules-display-component---priceInfoItem--smartTable-header-inner\"]"}
RESULT: {"using":"xpath","value":"//span[@id=\"application-managepricingrules-display-component---priceInfoItem--smartTable-header-inner\"]"}
COMMAND: POST /session/f10bfffe94842169a26616823eaa69fd/execute/sync - {"script":"<script> [56 bytes]","args":[{"element-6066-11e4-a52e-4f735466cecf":"f.B31591FEBD8AE49568014889031CF3F7.d.E1B3E9F589E0A1768E01F1A54409F5C3.e.10074","ELEMENT":"f.B31591FEBD8AE49568014889031CF3F7.d.E1B3E9F589E0A1768E01F1A54409F5C3.e.10074"}]}
RESULT: {"script":"<script> [56 bytes]","args":[{"element-6066-11e4-a52e-4f735466cecf":"f.B31591FEBD8AE49568014889031CF3F7.d.E1B3E9F589E0A1768E01F1A54409F5C3.e.10074","ELEMENT":"f.B31591FEBD8AE49568014889031CF3F7.d.E1B3E9F589E0A1768E01F1A54409F5C3.e.10074"}]}
COMMAND: POST /session/f10bfffe94842169a26616823eaa69fd/element - {"using":"css selector","value":"#shell-header-logo"}
COMMAND: GET /session/f10bfffe94842169a26616823eaa69fd/screenshot - {}
RESULT: {"using":"css selector","value":"#shell-header-logo"}
COMMAND: POST /session/f10bfffe94842169a26616823eaa69fd/element/f.B31591FEBD8AE49568014889031CF3F7.d.E1B3E9F589E0A1768E01F1A54409F5C3.e.9046/click - {}
RESULT: {}
RESULT: {}
COMMAND: GET /session/f10bfffe94842169a26616823eaa69fd/screenshot - {}
RESULT: {}
]]></system-out>
    </testcase>
    <testcase classname="chrome.135_0_7049_42.windows.Create_master_data_for_mixed_billing_&amp;_do_billing_calculation_US151661" name="Should add one time condition" time="69.608">
      <system-out><![CDATA[
COMMAND: POST /session/f10bfffe94842169a26616823eaa69fd/execute/async - {"script":"<script> [1562 bytes]","args":[{"selector":{"controlType":"sap.m.Text","properties":{"text":"Manage Conditions & Prices"},"interaction":{"idSuffix":"inner"}},"wdio_ui5_key":"sapm.Text{\"text\":\"Manage Conditions & Prices\"}"}]}
RESULT: {"script":"<script> [1562 bytes]","args":[{"selector":{"controlType":"sap.m.Text","properties":{"text":"Manage Conditions & Prices"},"interaction":{"idSuffix":"inner"}},"wdio_ui5_key":"sapm.Text{\"text\":\"Manage Conditions & Prices\"}"}]}
RESULT: undefined
COMMAND: POST /session/f10bfffe94842169a26616823eaa69fd/element - {"using":"xpath","value":"//*[@id=\"__tile53-title\"]"}
RESULT: {"using":"xpath","value":"//*[@id=\"__tile53-title\"]"}
COMMAND: POST /session/f10bfffe94842169a26616823eaa69fd/element/f.B31591FEBD8AE49568014889031CF3F7.d.E1B3E9F589E0A1768E01F1A54409F5C3.e.10077/click - {}
RESULT: {}
COMMAND: POST /session/f10bfffe94842169a26616823eaa69fd/element - {"using":"xpath","value":"//button[@aria-label=\"Create\"]"}
COMMAND: GET /session/f10bfffe94842169a26616823eaa69fd/screenshot - {}
RESULT: {"using":"xpath","value":"//button[@aria-label=\"Create\"]"}
COMMAND: POST /session/f10bfffe94842169a26616823eaa69fd/elements - {"using":"xpath","value":"//button[@aria-label=\"Create\"]"}
RESULT: {}
RESULT: {"using":"xpath","value":"//button[@aria-label=\"Create\"]"}
COMMAND: POST /session/f10bfffe94842169a26616823eaa69fd/element - {"using":"xpath","value":"//button[@aria-label=\"Create\"]"}
RESULT: {"using":"xpath","value":"//button[@aria-label=\"Create\"]"}
COMMAND: POST /session/f10bfffe94842169a26616823eaa69fd/execute/sync - {"script":"<script> [8489 bytes]","args":[{"element-6066-11e4-a52e-4f735466cecf":"f.B31591FEBD8AE49568014889031CF3F7.d.E1B3E9F589E0A1768E01F1A54409F5C3.e.10112","ELEMENT":"f.B31591FEBD8AE49568014889031CF3F7.d.E1B3E9F589E0A1768E01F1A54409F5C3.e.10112"}]}
RESULT: {"script":"<script> [8489 bytes]","args":[{"element-6066-11e4-a52e-4f735466cecf":"f.B31591FEBD8AE49568014889031CF3F7.d.E1B3E9F589E0A1768E01F1A54409F5C3.e.10112","ELEMENT":"f.B31591FEBD8AE49568014889031CF3F7.d.E1B3E9F589E0A1768E01F1A54409F5C3.e.10112"}]}
COMMAND: GET /session/f10bfffe94842169a26616823eaa69fd/element/f.B31591FEBD8AE49568014889031CF3F7.d.E1B3E9F589E0A1768E01F1A54409F5C3.e.10112/enabled - {}
COMMAND: GET /session/f10bfffe94842169a26616823eaa69fd/screenshot - {}
RESULT: {}
COMMAND: POST /session/f10bfffe94842169a26616823eaa69fd/execute/sync - {"script":"<script> [8489 bytes]","args":[{"element-6066-11e4-a52e-4f735466cecf":"f.B31591FEBD8AE49568014889031CF3F7.d.E1B3E9F589E0A1768E01F1A54409F5C3.e.10112","ELEMENT":"f.B31591FEBD8AE49568014889031CF3F7.d.E1B3E9F589E0A1768E01F1A54409F5C3.e.10112"}]}
COMMAND: GET /session/f10bfffe94842169a26616823eaa69fd/screenshot - {}
RESULT: {}
RESULT: {"script":"<script> [8489 bytes]","args":[{"element-6066-11e4-a52e-4f735466cecf":"f.B31591FEBD8AE49568014889031CF3F7.d.E1B3E9F589E0A1768E01F1A54409F5C3.e.10112","ELEMENT":"f.B31591FEBD8AE49568014889031CF3F7.d.E1B3E9F589E0A1768E01F1A54409F5C3.e.10112"}]}
COMMAND: POST /session/f10bfffe94842169a26616823eaa69fd/execute/sync - {"script":"<script> [5351 bytes]","args":[{"element-6066-11e4-a52e-4f735466cecf":"f.B31591FEBD8AE49568014889031CF3F7.d.E1B3E9F589E0A1768E01F1A54409F5C3.e.10112","ELEMENT":"f.B31591FEBD8AE49568014889031CF3F7.d.E1B3E9F589E0A1768E01F1A54409F5C3.e.10112"}]}
RESULT: {}
RESULT: {"script":"<script> [5351 bytes]","args":[{"element-6066-11e4-a52e-4f735466cecf":"f.B31591FEBD8AE49568014889031CF3F7.d.E1B3E9F589E0A1768E01F1A54409F5C3.e.10112","ELEMENT":"f.B31591FEBD8AE49568014889031CF3F7.d.E1B3E9F589E0A1768E01F1A54409F5C3.e.10112"}]}
COMMAND: POST /session/f10bfffe94842169a26616823eaa69fd/element/f.B31591FEBD8AE49568014889031CF3F7.d.E1B3E9F589E0A1768E01F1A54409F5C3.e.10112/click - {}
COMMAND: GET /session/f10bfffe94842169a26616823eaa69fd/screenshot - {}
COMMAND: GET /session/f10bfffe94842169a26616823eaa69fd/screenshot - {}
RESULT: {}
COMMAND: GET /session/f10bfffe94842169a26616823eaa69fd/screenshot - {}
RESULT: {}
RESULT: {}
RESULT: {}
COMMAND: POST /session/f10bfffe94842169a26616823eaa69fd/actions - {"actions":[{"id":"action30","type":"key","parameters":{},"actions":[{"type":"keyDown","value":""},{"type":"pause","duration":10},{"type":"keyUp","value":""}]}]}
RESULT: {"actions":[{"id":"action30","type":"key","parameters":{},"actions":[{"type":"keyDown","value":""},{"type":"pause","duration":10},{"type":"keyUp","value":""}]}]}
COMMAND: GET /session/f10bfffe94842169a26616823eaa69fd/screenshot - {}
RESULT: {}
COMMAND: POST /session/f10bfffe94842169a26616823eaa69fd/execute/async - {"script":"<script> [1562 bytes]","args":[{"selector":{"id":"application-manageconditionprice-display-component---newCondition--condBillCond-arrow"},"wdio_ui5_key":"applicationmanageconditionprice-display-component---newCondition--condBillCond-arrow"}]}
RESULT: {"script":"<script> [1562 bytes]","args":[{"selector":{"id":"application-manageconditionprice-display-component---newCondition--condBillCond-arrow"},"wdio_ui5_key":"applicationmanageconditionprice-display-component---newCondition--condBillCond-arrow"}]}
RESULT: undefined
COMMAND: POST /session/f10bfffe94842169a26616823eaa69fd/element - {"using":"xpath","value":"//*[@id=\"application-manageconditionprice-display-component---newCondition--condBillCond-arrow\"]"}
RESULT: {"using":"xpath","value":"//*[@id=\"application-manageconditionprice-display-component---newCondition--condBillCond-arrow\"]"}
COMMAND: POST /session/f10bfffe94842169a26616823eaa69fd/element/f.B31591FEBD8AE49568014889031CF3F7.d.E1B3E9F589E0A1768E01F1A54409F5C3.e.10291/click - {}
RESULT: {}
COMMAND: GET /session/f10bfffe94842169a26616823eaa69fd/screenshot - {}
RESULT: {}
COMMAND: POST /session/f10bfffe94842169a26616823eaa69fd/element - {"using":"xpath","value":"//li[.//span[contains(text(), \"SAPR - Sales price\")]]"}
RESULT: {"using":"xpath","value":"//li[.//span[contains(text(), \"SAPR - Sales price\")]]"}
COMMAND: POST /session/f10bfffe94842169a26616823eaa69fd/element/f.B31591FEBD8AE49568014889031CF3F7.d.E1B3E9F589E0A1768E01F1A54409F5C3.e.10294/click - {}
RESULT: {}
COMMAND: GET /session/f10bfffe94842169a26616823eaa69fd/screenshot - {}
RESULT: {}
COMMAND: POST /session/f10bfffe94842169a26616823eaa69fd/execute/async - {"script":"<script> [1562 bytes]","args":[{"selector":{"id":"application-manageconditionprice-display-component---newCondition--condValidTo","interaction":{"idSuffix":"inner"}},"wdio_ui5_key":"applicationmanageconditionprice-display-component---newCondition--condValidTo"}]}
RESULT: {"script":"<script> [1562 bytes]","args":[{"selector":{"id":"application-manageconditionprice-display-component---newCondition--condValidTo","interaction":{"idSuffix":"inner"}},"wdio_ui5_key":"applicationmanageconditionprice-display-component---newCondition--condValidTo"}]}
RESULT: undefined
COMMAND: POST /session/f10bfffe94842169a26616823eaa69fd/execute/async - {"script":"<script> [776 bytes]","args":[{"enterText":"12/18/25","selector":{"id":"application-manageconditionprice-display-component---newCondition--condValidTo","interaction":{"idSuffix":"inner"}},"clearTextFirst":true,"interactionType":"ENTER_TEXT"}]}
RESULT: {"script":"<script> [776 bytes]","args":[{"enterText":"12/18/25","selector":{"id":"application-manageconditionprice-display-component---newCondition--condValidTo","interaction":{"idSuffix":"inner"}},"clearTextFirst":true,"interactionType":"ENTER_TEXT"}]}
COMMAND: POST /session/f10bfffe94842169a26616823eaa69fd/element - {"using":"xpath","value":"//input[@id=\"application-manageconditionprice-display-component---newCondition--condRU-inner\"]"}
RESULT: {"using":"xpath","value":"//input[@id=\"application-manageconditionprice-display-component---newCondition--condRU-inner\"]"}
COMMAND: POST /session/f10bfffe94842169a26616823eaa69fd/element/f.B31591FEBD8AE49568014889031CF3F7.d.E1B3E9F589E0A1768E01F1A54409F5C3.e.10128/clear - {}
RESULT: {}
COMMAND: POST /session/f10bfffe94842169a26616823eaa69fd/element/f.B31591FEBD8AE49568014889031CF3F7.d.E1B3E9F589E0A1768E01F1A54409F5C3.e.10128/value - {"text":"rXW5TMKDcW"}
COMMAND: GET /session/f10bfffe94842169a26616823eaa69fd/screenshot - {}
RESULT: {"text":"rXW5TMKDcW"}
COMMAND: GET /session/f10bfffe94842169a26616823eaa69fd/screenshot - {}
RESULT: {}
RESULT: {}
COMMAND: POST /session/f10bfffe94842169a26616823eaa69fd/actions - {"actions":[{"id":"action31","type":"key","parameters":{},"actions":[{"type":"keyDown","value":""},{"type":"pause","duration":10},{"type":"keyUp","value":""}]}]}
RESULT: {"actions":[{"id":"action31","type":"key","parameters":{},"actions":[{"type":"keyDown","value":""},{"type":"pause","duration":10},{"type":"keyUp","value":""}]}]}
COMMAND: POST /session/f10bfffe94842169a26616823eaa69fd/execute/async - {"script":"<script> [1562 bytes]","args":[{"selector":{"id":"application-manageconditionprice-display-component---newCondition--condBaseQty","interaction":{"idSuffix":"inner"}},"wdio_ui5_key":"applicationmanageconditionprice-display-component---newCondition--condBaseQty"}]}
COMMAND: GET /session/f10bfffe94842169a26616823eaa69fd/screenshot - {}
RESULT: {"script":"<script> [1562 bytes]","args":[{"selector":{"id":"application-manageconditionprice-display-component---newCondition--condBaseQty","interaction":{"idSuffix":"inner"}},"wdio_ui5_key":"applicationmanageconditionprice-display-component---newCondition--condBaseQty"}]}
RESULT: undefined
COMMAND: POST /session/f10bfffe94842169a26616823eaa69fd/execute/async - {"script":"<script> [776 bytes]","args":[{"enterText":"1","selector":{"id":"application-manageconditionprice-display-component---newCondition--condBaseQty","interaction":{"idSuffix":"inner"}},"clearTextFirst":true,"interactionType":"ENTER_TEXT"}]}
RESULT: {}
RESULT: {"script":"<script> [776 bytes]","args":[{"enterText":"1","selector":{"id":"application-manageconditionprice-display-component---newCondition--condBaseQty","interaction":{"idSuffix":"inner"}},"clearTextFirst":true,"interactionType":"ENTER_TEXT"}]}
COMMAND: POST /session/f10bfffe94842169a26616823eaa69fd/execute/async - {"script":"<script> [1562 bytes]","args":[{"selector":{"id":"application-manageconditionprice-display-component---newCondition--condValue","interaction":{"idSuffix":"inner"}},"wdio_ui5_key":"applicationmanageconditionprice-display-component---newCondition--condValue"}]}
RESULT: {"script":"<script> [1562 bytes]","args":[{"selector":{"id":"application-manageconditionprice-display-component---newCondition--condValue","interaction":{"idSuffix":"inner"}},"wdio_ui5_key":"applicationmanageconditionprice-display-component---newCondition--condValue"}]}
RESULT: undefined
COMMAND: POST /session/f10bfffe94842169a26616823eaa69fd/execute/async - {"script":"<script> [776 bytes]","args":[{"enterText":"200","selector":{"id":"application-manageconditionprice-display-component---newCondition--condValue","interaction":{"idSuffix":"inner"}},"clearTextFirst":true,"interactionType":"ENTER_TEXT"}]}
RESULT: {"script":"<script> [776 bytes]","args":[{"enterText":"200","selector":{"id":"application-manageconditionprice-display-component---newCondition--condValue","interaction":{"idSuffix":"inner"}},"clearTextFirst":true,"interactionType":"ENTER_TEXT"}]}
COMMAND: POST /session/f10bfffe94842169a26616823eaa69fd/execute/async - {"script":"<script> [1562 bytes]","args":[{"selector":{"id":"application-manageconditionprice-display-component---newCondition--condCurr-arrow"},"wdio_ui5_key":"applicationmanageconditionprice-display-component---newCondition--condCurr-arrow"}]}
RESULT: {"script":"<script> [1562 bytes]","args":[{"selector":{"id":"application-manageconditionprice-display-component---newCondition--condCurr-arrow"},"wdio_ui5_key":"applicationmanageconditionprice-display-component---newCondition--condCurr-arrow"}]}
RESULT: undefined
COMMAND: POST /session/f10bfffe94842169a26616823eaa69fd/element - {"using":"xpath","value":"//*[@id=\"application-manageconditionprice-display-component---newCondition--condCurr-arrow\"]"}
RESULT: {"using":"xpath","value":"//*[@id=\"application-manageconditionprice-display-component---newCondition--condCurr-arrow\"]"}
COMMAND: POST /session/f10bfffe94842169a26616823eaa69fd/element/f.B31591FEBD8AE49568014889031CF3F7.d.E1B3E9F589E0A1768E01F1A54409F5C3.e.10250/click - {}
RESULT: {}
COMMAND: POST /session/f10bfffe94842169a26616823eaa69fd/element - {"using":"xpath","value":"//span[contains(text(), \"Euro\")]"}
COMMAND: GET /session/f10bfffe94842169a26616823eaa69fd/screenshot - {}
RESULT: {"using":"xpath","value":"//span[contains(text(), \"Euro\")]"}
COMMAND: POST /session/f10bfffe94842169a26616823eaa69fd/element/f.B31591FEBD8AE49568014889031CF3F7.d.E1B3E9F589E0A1768E01F1A54409F5C3.e.10331/click - {}
RESULT: {}
RESULT: {}
COMMAND: POST /session/f10bfffe94842169a26616823eaa69fd/element - {"using":"xpath","value":"//button[@data-kt=\"saveButton\"]"}
COMMAND: GET /session/f10bfffe94842169a26616823eaa69fd/screenshot - {}
RESULT: {"using":"xpath","value":"//button[@data-kt=\"saveButton\"]"}
COMMAND: POST /session/f10bfffe94842169a26616823eaa69fd/element/f.B31591FEBD8AE49568014889031CF3F7.d.E1B3E9F589E0A1768E01F1A54409F5C3.e.10252/click - {}
RESULT: {}
RESULT: {}
COMMAND: GET /session/f10bfffe94842169a26616823eaa69fd/screenshot - {}
RESULT: {}
COMMAND: POST /session/f10bfffe94842169a26616823eaa69fd/execute/async - {"script":"<script> [1562 bytes]","args":[{"selector":{"id":"application-manageconditionprice-display-component---conditions--smartFilterBar-btnBasicSearch","interaction":{"idSuffix":"I"}},"wdio_ui5_key":"applicationmanageconditionprice-display-component---conditions--smartFilterBar-btnBasicSearch"}]}
RESULT: {"script":"<script> [1562 bytes]","args":[{"selector":{"id":"application-manageconditionprice-display-component---conditions--smartFilterBar-btnBasicSearch","interaction":{"idSuffix":"I"}},"wdio_ui5_key":"applicationmanageconditionprice-display-component---conditions--smartFilterBar-btnBasicSearch"}]}
RESULT: undefined
COMMAND: POST /session/f10bfffe94842169a26616823eaa69fd/execute/async - {"script":"<script> [776 bytes]","args":[{"enterText":"rXW5TMKDcW","selector":{"id":"application-manageconditionprice-display-component---conditions--smartFilterBar-btnBasicSearch","interaction":{"idSuffix":"I"}},"clearTextFirst":true,"interactionType":"ENTER_TEXT"}]}
RESULT: {"script":"<script> [776 bytes]","args":[{"enterText":"rXW5TMKDcW","selector":{"id":"application-manageconditionprice-display-component---conditions--smartFilterBar-btnBasicSearch","interaction":{"idSuffix":"I"}},"clearTextFirst":true,"interactionType":"ENTER_TEXT"}]}
COMMAND: POST /session/f10bfffe94842169a26616823eaa69fd/actions - {"actions":[{"id":"action32","type":"key","parameters":{},"actions":[{"type":"keyDown","value":""},{"type":"pause","duration":10},{"type":"keyUp","value":""}]}]}
RESULT: {"actions":[{"id":"action32","type":"key","parameters":{},"actions":[{"type":"keyDown","value":""},{"type":"pause","duration":10},{"type":"keyUp","value":""}]}]}
COMMAND: GET /session/f10bfffe94842169a26616823eaa69fd/screenshot - {}
RESULT: {}
COMMAND: POST /session/f10bfffe94842169a26616823eaa69fd/execute/async - {"script":"<script> [1562 bytes]","args":[{"selector":{"id":"application-manageconditionprice-display-component---conditions--smartFilterBar-filterItemControl_BASIC-BILL_TYPES-vhi"},"wdio_ui5_key":"applicationmanageconditionprice-display-component---conditions--smartFilterBar-filterItemControl_BASIC-BILL_TYPES-vhi"}]}
RESULT: {"script":"<script> [1562 bytes]","args":[{"selector":{"id":"application-manageconditionprice-display-component---conditions--smartFilterBar-filterItemControl_BASIC-BILL_TYPES-vhi"},"wdio_ui5_key":"applicationmanageconditionprice-display-component---conditions--smartFilterBar-filterItemControl_BASIC-BILL_TYPES-vhi"}]}
RESULT: undefined
COMMAND: POST /session/f10bfffe94842169a26616823eaa69fd/element - {"using":"xpath","value":"//*[@id=\"application-manageconditionprice-display-component---conditions--smartFilterBar-filterItemControl_BASIC-BILL_TYPES-vhi\"]"}
RESULT: {"using":"xpath","value":"//*[@id=\"application-manageconditionprice-display-component---conditions--smartFilterBar-filterItemControl_BASIC-BILL_TYPES-vhi\"]"}
COMMAND: POST /session/f10bfffe94842169a26616823eaa69fd/element/f.B31591FEBD8AE49568014889031CF3F7.d.E1B3E9F589E0A1768E01F1A54409F5C3.e.10348/click - {}
RESULT: {}
COMMAND: POST /session/f10bfffe94842169a26616823eaa69fd/execute/async - {"script":"<script> [1562 bytes]","args":[{"selector":{"id":"application-manageconditionprice-display-component---conditions--smartFilterBar-filterItemControl_BASIC-BILL_TYPES-valueHelpDialog-smartFilterBar-btnBasicSearch","searchOpenDialogs":true,"interaction":{"idSuffix":"I"}},"wdio_ui5_key":"applicationmanageconditionprice-display-component---conditions--smartFilterBar-filterItemControl_BASIC-BILL_TYPES-valueHelpDialog-smartFilterBar-btnBasicSearch"}]}
COMMAND: GET /session/f10bfffe94842169a26616823eaa69fd/screenshot - {}
RESULT: {"script":"<script> [1562 bytes]","args":[{"selector":{"id":"application-manageconditionprice-display-component---conditions--smartFilterBar-filterItemControl_BASIC-BILL_TYPES-valueHelpDialog-smartFilterBar-btnBasicSearch","searchOpenDialogs":true,"interaction":{"idSuffix":"I"}},"wdio_ui5_key":"applicationmanageconditionprice-display-component---conditions--smartFilterBar-filterItemControl_BASIC-BILL_TYPES-valueHelpDialog-smartFilterBar-btnBasicSearch"}]}
RESULT: undefined
COMMAND: POST /session/f10bfffe94842169a26616823eaa69fd/execute/async - {"script":"<script> [776 bytes]","args":[{"enterText":"one","selector":{"id":"application-manageconditionprice-display-component---conditions--smartFilterBar-filterItemControl_BASIC-BILL_TYPES-valueHelpDialog-smartFilterBar-btnBasicSearch","searchOpenDialogs":true,"interaction":{"idSuffix":"I"}},"clearTextFirst":true,"interactionType":"ENTER_TEXT"}]}
RESULT: {}
RESULT: {"script":"<script> [776 bytes]","args":[{"enterText":"one","selector":{"id":"application-manageconditionprice-display-component---conditions--smartFilterBar-filterItemControl_BASIC-BILL_TYPES-valueHelpDialog-smartFilterBar-btnBasicSearch","searchOpenDialogs":true,"interaction":{"idSuffix":"I"}},"clearTextFirst":true,"interactionType":"ENTER_TEXT"}]}
COMMAND: POST /session/f10bfffe94842169a26616823eaa69fd/actions - {"actions":[{"id":"action33","type":"key","parameters":{},"actions":[{"type":"keyDown","value":""},{"type":"pause","duration":10},{"type":"keyUp","value":""}]}]}
RESULT: {"actions":[{"id":"action33","type":"key","parameters":{},"actions":[{"type":"keyDown","value":""},{"type":"pause","duration":10},{"type":"keyUp","value":""}]}]}
COMMAND: GET /session/f10bfffe94842169a26616823eaa69fd/screenshot - {}
RESULT: {}
COMMAND: POST /session/f10bfffe94842169a26616823eaa69fd/element - {"using":"xpath","value":"//div[contains(@id, 'application-manageconditionprice-display-component---conditions--smartFilterBar-filterItemControl_BASIC-BILL_TYPES-valueHelpDialog-table-rowsel0')]"}
RESULT: {"using":"xpath","value":"//div[contains(@id, 'application-manageconditionprice-display-component---conditions--smartFilterBar-filterItemControl_BASIC-BILL_TYPES-valueHelpDialog-table-rowsel0')]"}
COMMAND: POST /session/f10bfffe94842169a26616823eaa69fd/element/f.B31591FEBD8AE49568014889031CF3F7.d.E1B3E9F589E0A1768E01F1A54409F5C3.e.10356/click - {}
RESULT: {}
COMMAND: GET /session/f10bfffe94842169a26616823eaa69fd/screenshot - {}
RESULT: {}
COMMAND: POST /session/f10bfffe94842169a26616823eaa69fd/element - {"using":"xpath","value":"//bdi[contains(text(), \"OK\")]"}
RESULT: {"using":"xpath","value":"//bdi[contains(text(), \"OK\")]"}
COMMAND: POST /session/f10bfffe94842169a26616823eaa69fd/element/f.B31591FEBD8AE49568014889031CF3F7.d.E1B3E9F589E0A1768E01F1A54409F5C3.e.10358/click - {}
RESULT: {}
COMMAND: GET /session/f10bfffe94842169a26616823eaa69fd/screenshot - {}
RESULT: {}
COMMAND: POST /session/f10bfffe94842169a26616823eaa69fd/element - {"using":"xpath","value":"//span[@id=\"application-manageconditionprice-display-component---conditions--smartTable-header-inner\"]"}
RESULT: {"using":"xpath","value":"//span[@id=\"application-manageconditionprice-display-component---conditions--smartTable-header-inner\"]"}
COMMAND: POST /session/f10bfffe94842169a26616823eaa69fd/elements - {"using":"xpath","value":"//span[@id=\"application-manageconditionprice-display-component---conditions--smartTable-header-inner\"]"}
RESULT: {"using":"xpath","value":"//span[@id=\"application-manageconditionprice-display-component---conditions--smartTable-header-inner\"]"}
COMMAND: POST /session/f10bfffe94842169a26616823eaa69fd/execute/sync - {"script":"<script> [56 bytes]","args":[{"element-6066-11e4-a52e-4f735466cecf":"f.B31591FEBD8AE49568014889031CF3F7.d.E1B3E9F589E0A1768E01F1A54409F5C3.e.10361","ELEMENT":"f.B31591FEBD8AE49568014889031CF3F7.d.E1B3E9F589E0A1768E01F1A54409F5C3.e.10361"}]}
RESULT: {"script":"<script> [56 bytes]","args":[{"element-6066-11e4-a52e-4f735466cecf":"f.B31591FEBD8AE49568014889031CF3F7.d.E1B3E9F589E0A1768E01F1A54409F5C3.e.10361","ELEMENT":"f.B31591FEBD8AE49568014889031CF3F7.d.E1B3E9F589E0A1768E01F1A54409F5C3.e.10361"}]}
COMMAND: POST /session/f10bfffe94842169a26616823eaa69fd/element - {"using":"css selector","value":"#shell-header-logo"}
RESULT: {"using":"css selector","value":"#shell-header-logo"}
COMMAND: POST /session/f10bfffe94842169a26616823eaa69fd/element/f.B31591FEBD8AE49568014889031CF3F7.d.E1B3E9F589E0A1768E01F1A54409F5C3.e.10079/click - {}
COMMAND: GET /session/f10bfffe94842169a26616823eaa69fd/screenshot - {}
RESULT: {}
COMMAND: GET /session/f10bfffe94842169a26616823eaa69fd/screenshot - {}
RESULT: {}
RESULT: {}
]]></system-out>
    </testcase>
    <testcase classname="chrome.135_0_7049_42.windows.Create_master_data_for_mixed_billing_&amp;_do_billing_calculation_US151661" name="Should add performance based condition" time="75.315">
      <system-out><![CDATA[
RESULT: undefined
COMMAND: POST /session/f10bfffe94842169a26616823eaa69fd/element - {"using":"xpath","value":"//*[@id=\"__tile53-title\"]"}
RESULT: {"using":"xpath","value":"//*[@id=\"__tile53-title\"]"}
COMMAND: POST /session/f10bfffe94842169a26616823eaa69fd/element/f.B31591FEBD8AE49568014889031CF3F7.d.E1B3E9F589E0A1768E01F1A54409F5C3.e.10077/click - {}
RESULT: {}
COMMAND: POST /session/f10bfffe94842169a26616823eaa69fd/element - {"using":"xpath","value":"//button[@aria-label=\"Create\"]"}
COMMAND: GET /session/f10bfffe94842169a26616823eaa69fd/screenshot - {}
RESULT: {"using":"xpath","value":"//button[@aria-label=\"Create\"]"}
COMMAND: POST /session/f10bfffe94842169a26616823eaa69fd/elements - {"using":"xpath","value":"//button[@aria-label=\"Create\"]"}
RESULT: {}
RESULT: {"using":"xpath","value":"//button[@aria-label=\"Create\"]"}
COMMAND: POST /session/f10bfffe94842169a26616823eaa69fd/execute/sync - {"script":"<script> [8489 bytes]","args":[{"element-6066-11e4-a52e-4f735466cecf":"f.B31591FEBD8AE49568014889031CF3F7.d.E1B3E9F589E0A1768E01F1A54409F5C3.e.10403","ELEMENT":"f.B31591FEBD8AE49568014889031CF3F7.d.E1B3E9F589E0A1768E01F1A54409F5C3.e.10403"}]}
RESULT: {"script":"<script> [8489 bytes]","args":[{"element-6066-11e4-a52e-4f735466cecf":"f.B31591FEBD8AE49568014889031CF3F7.d.E1B3E9F589E0A1768E01F1A54409F5C3.e.10403","ELEMENT":"f.B31591FEBD8AE49568014889031CF3F7.d.E1B3E9F589E0A1768E01F1A54409F5C3.e.10403"}]}
COMMAND: GET /session/f10bfffe94842169a26616823eaa69fd/element/f.B31591FEBD8AE49568014889031CF3F7.d.E1B3E9F589E0A1768E01F1A54409F5C3.e.10403/enabled - {}
COMMAND: GET /session/f10bfffe94842169a26616823eaa69fd/screenshot - {}
RESULT: {}
COMMAND: POST /session/f10bfffe94842169a26616823eaa69fd/execute/sync - {"script":"<script> [8489 bytes]","args":[{"element-6066-11e4-a52e-4f735466cecf":"f.B31591FEBD8AE49568014889031CF3F7.d.E1B3E9F589E0A1768E01F1A54409F5C3.e.10403","ELEMENT":"f.B31591FEBD8AE49568014889031CF3F7.d.E1B3E9F589E0A1768E01F1A54409F5C3.e.10403"}]}
COMMAND: GET /session/f10bfffe94842169a26616823eaa69fd/screenshot - {}
RESULT: {}
RESULT: {"script":"<script> [8489 bytes]","args":[{"element-6066-11e4-a52e-4f735466cecf":"f.B31591FEBD8AE49568014889031CF3F7.d.E1B3E9F589E0A1768E01F1A54409F5C3.e.10403","ELEMENT":"f.B31591FEBD8AE49568014889031CF3F7.d.E1B3E9F589E0A1768E01F1A54409F5C3.e.10403"}]}
COMMAND: POST /session/f10bfffe94842169a26616823eaa69fd/execute/sync - {"script":"<script> [5351 bytes]","args":[{"element-6066-11e4-a52e-4f735466cecf":"f.B31591FEBD8AE49568014889031CF3F7.d.E1B3E9F589E0A1768E01F1A54409F5C3.e.10403","ELEMENT":"f.B31591FEBD8AE49568014889031CF3F7.d.E1B3E9F589E0A1768E01F1A54409F5C3.e.10403"}]}
COMMAND: GET /session/f10bfffe94842169a26616823eaa69fd/screenshot - {}
RESULT: {}
RESULT: {"script":"<script> [5351 bytes]","args":[{"element-6066-11e4-a52e-4f735466cecf":"f.B31591FEBD8AE49568014889031CF3F7.d.E1B3E9F589E0A1768E01F1A54409F5C3.e.10403","ELEMENT":"f.B31591FEBD8AE49568014889031CF3F7.d.E1B3E9F589E0A1768E01F1A54409F5C3.e.10403"}]}
COMMAND: POST /session/f10bfffe94842169a26616823eaa69fd/element/f.B31591FEBD8AE49568014889031CF3F7.d.E1B3E9F589E0A1768E01F1A54409F5C3.e.10403/click - {}
COMMAND: GET /session/f10bfffe94842169a26616823eaa69fd/screenshot - {}
RESULT: {}
RESULT: {}
COMMAND: GET /session/f10bfffe94842169a26616823eaa69fd/screenshot - {}
RESULT: {}
RESULT: {}
COMMAND: POST /session/f10bfffe94842169a26616823eaa69fd/actions - {"actions":[{"id":"action34","type":"key","parameters":{},"actions":[{"type":"keyDown","value":""},{"type":"pause","duration":10},{"type":"keyUp","value":""}]}]}
RESULT: {"actions":[{"id":"action34","type":"key","parameters":{},"actions":[{"type":"keyDown","value":""},{"type":"pause","duration":10},{"type":"keyUp","value":""}]}]}
COMMAND: GET /session/f10bfffe94842169a26616823eaa69fd/screenshot - {}
RESULT: undefined
COMMAND: POST /session/f10bfffe94842169a26616823eaa69fd/element - {"using":"xpath","value":"//*[@id=\"application-manageconditionprice-display-component---newCondition--condBillCond-arrow\"]"}
RESULT: {}
RESULT: {"using":"xpath","value":"//*[@id=\"application-manageconditionprice-display-component---newCondition--condBillCond-arrow\"]"}
COMMAND: POST /session/f10bfffe94842169a26616823eaa69fd/element/f.B31591FEBD8AE49568014889031CF3F7.d.E1B3E9F589E0A1768E01F1A54409F5C3.e.10889/click - {}
RESULT: {}
COMMAND: GET /session/f10bfffe94842169a26616823eaa69fd/screenshot - {}
RESULT: {}
COMMAND: POST /session/f10bfffe94842169a26616823eaa69fd/element - {"using":"xpath","value":"//li[.//span[contains(text(), \"PC06 - Performance Price - fuel\")]]"}
RESULT: {"using":"xpath","value":"//li[.//span[contains(text(), \"PC06 - Performance Price - fuel\")]]"}
COMMAND: POST /session/f10bfffe94842169a26616823eaa69fd/element/f.B31591FEBD8AE49568014889031CF3F7.d.E1B3E9F589E0A1768E01F1A54409F5C3.e.10892/click - {}
RESULT: {}
COMMAND: GET /session/f10bfffe94842169a26616823eaa69fd/screenshot - {}
RESULT: {}
RESULT: undefined
COMMAND: POST /session/f10bfffe94842169a26616823eaa69fd/execute/async - {"script":"<script> [776 bytes]","args":[{"enterText":"12/18/25","selector":{"id":"application-manageconditionprice-display-component---newCondition--condValidTo","interaction":{"idSuffix":"inner"}},"clearTextFirst":true,"interactionType":"ENTER_TEXT"}]}
RESULT: {"script":"<script> [776 bytes]","args":[{"enterText":"12/18/25","selector":{"id":"application-manageconditionprice-display-component---newCondition--condValidTo","interaction":{"idSuffix":"inner"}},"clearTextFirst":true,"interactionType":"ENTER_TEXT"}]}
COMMAND: POST /session/f10bfffe94842169a26616823eaa69fd/element - {"using":"xpath","value":"//input[@id=\"application-manageconditionprice-display-component---newCondition--condRU-inner\"]"}
RESULT: {"using":"xpath","value":"//input[@id=\"application-manageconditionprice-display-component---newCondition--condRU-inner\"]"}
COMMAND: POST /session/f10bfffe94842169a26616823eaa69fd/element/f.B31591FEBD8AE49568014889031CF3F7.d.E1B3E9F589E0A1768E01F1A54409F5C3.e.10569/clear - {}
RESULT: {}
COMMAND: POST /session/f10bfffe94842169a26616823eaa69fd/element/f.B31591FEBD8AE49568014889031CF3F7.d.E1B3E9F589E0A1768E01F1A54409F5C3.e.10569/value - {"text":"rXW5TMKDcW"}
COMMAND: GET /session/f10bfffe94842169a26616823eaa69fd/screenshot - {}
RESULT: {"text":"rXW5TMKDcW"}
COMMAND: GET /session/f10bfffe94842169a26616823eaa69fd/screenshot - {}
RESULT: {}
RESULT: {}
COMMAND: POST /session/f10bfffe94842169a26616823eaa69fd/actions - {"actions":[{"id":"action35","type":"key","parameters":{},"actions":[{"type":"keyDown","value":""},{"type":"pause","duration":10},{"type":"keyUp","value":""}]}]}
RESULT: {"actions":[{"id":"action35","type":"key","parameters":{},"actions":[{"type":"keyDown","value":""},{"type":"pause","duration":10},{"type":"keyUp","value":""}]}]}
RESULT: undefined
COMMAND: POST /session/f10bfffe94842169a26616823eaa69fd/execute/async - {"script":"<script> [776 bytes]","args":[{"enterText":"1","selector":{"id":"application-manageconditionprice-display-component---newCondition--condBaseQty","interaction":{"idSuffix":"inner"}},"clearTextFirst":true,"interactionType":"ENTER_TEXT"}]}
COMMAND: GET /session/f10bfffe94842169a26616823eaa69fd/screenshot - {}
RESULT: {"script":"<script> [776 bytes]","args":[{"enterText":"1","selector":{"id":"application-manageconditionprice-display-component---newCondition--condBaseQty","interaction":{"idSuffix":"inner"}},"clearTextFirst":true,"interactionType":"ENTER_TEXT"}]}
RESULT: undefined
COMMAND: POST /session/f10bfffe94842169a26616823eaa69fd/execute/async - {"script":"<script> [776 bytes]","args":[{"enterText":"10","selector":{"id":"application-manageconditionprice-display-component---newCondition--condValue","interaction":{"idSuffix":"inner"}},"clearTextFirst":true,"interactionType":"ENTER_TEXT"}]}
RESULT: {}
RESULT: {"script":"<script> [776 bytes]","args":[{"enterText":"10","selector":{"id":"application-manageconditionprice-display-component---newCondition--condValue","interaction":{"idSuffix":"inner"}},"clearTextFirst":true,"interactionType":"ENTER_TEXT"}]}
RESULT: undefined
COMMAND: POST /session/f10bfffe94842169a26616823eaa69fd/element - {"using":"xpath","value":"//*[@id=\"application-manageconditionprice-display-component---newCondition--condCurr-arrow\"]"}
RESULT: {"using":"xpath","value":"//*[@id=\"application-manageconditionprice-display-component---newCondition--condCurr-arrow\"]"}
COMMAND: POST /session/f10bfffe94842169a26616823eaa69fd/element/f.B31591FEBD8AE49568014889031CF3F7.d.E1B3E9F589E0A1768E01F1A54409F5C3.e.10848/click - {}
RESULT: {}
COMMAND: POST /session/f10bfffe94842169a26616823eaa69fd/element - {"using":"xpath","value":"//span[contains(text(), \"Euro\")]"}
COMMAND: GET /session/f10bfffe94842169a26616823eaa69fd/screenshot - {}
RESULT: {"using":"xpath","value":"//span[contains(text(), \"Euro\")]"}
COMMAND: POST /session/f10bfffe94842169a26616823eaa69fd/element/f.B31591FEBD8AE49568014889031CF3F7.d.E1B3E9F589E0A1768E01F1A54409F5C3.e.10925/click - {}
RESULT: {}
RESULT: {}
COMMAND: POST /session/f10bfffe94842169a26616823eaa69fd/element - {"using":"xpath","value":"//button[@data-kt=\"saveButton\"]"}
COMMAND: GET /session/f10bfffe94842169a26616823eaa69fd/screenshot - {}
RESULT: {"using":"xpath","value":"//button[@data-kt=\"saveButton\"]"}
COMMAND: POST /session/f10bfffe94842169a26616823eaa69fd/element/f.B31591FEBD8AE49568014889031CF3F7.d.E1B3E9F589E0A1768E01F1A54409F5C3.e.10849/click - {}
RESULT: {}
RESULT: {}
COMMAND: GET /session/f10bfffe94842169a26616823eaa69fd/screenshot - {}
RESULT: {}
RESULT: undefined
COMMAND: POST /session/f10bfffe94842169a26616823eaa69fd/execute/async - {"script":"<script> [776 bytes]","args":[{"enterText":"rXW5TMKDcW","selector":{"id":"application-manageconditionprice-display-component---conditions--smartFilterBar-btnBasicSearch","interaction":{"idSuffix":"I"}},"clearTextFirst":true,"interactionType":"ENTER_TEXT"}]}
RESULT: {"script":"<script> [776 bytes]","args":[{"enterText":"rXW5TMKDcW","selector":{"id":"application-manageconditionprice-display-component---conditions--smartFilterBar-btnBasicSearch","interaction":{"idSuffix":"I"}},"clearTextFirst":true,"interactionType":"ENTER_TEXT"}]}
COMMAND: POST /session/f10bfffe94842169a26616823eaa69fd/actions - {"actions":[{"id":"action36","type":"key","parameters":{},"actions":[{"type":"keyDown","value":""},{"type":"pause","duration":10},{"type":"keyUp","value":""}]}]}
RESULT: {"actions":[{"id":"action36","type":"key","parameters":{},"actions":[{"type":"keyDown","value":""},{"type":"pause","duration":10},{"type":"keyUp","value":""}]}]}
COMMAND: GET /session/f10bfffe94842169a26616823eaa69fd/screenshot - {}
RESULT: {}
RESULT: undefined
COMMAND: POST /session/f10bfffe94842169a26616823eaa69fd/element - {"using":"xpath","value":"//*[@id=\"application-manageconditionprice-display-component---conditions--smartFilterBar-filterItemControl_BASIC-BILL_TYPES-vhi\"]"}
RESULT: {"using":"xpath","value":"//*[@id=\"application-manageconditionprice-display-component---conditions--smartFilterBar-filterItemControl_BASIC-BILL_TYPES-vhi\"]"}
COMMAND: POST /session/f10bfffe94842169a26616823eaa69fd/element/f.B31591FEBD8AE49568014889031CF3F7.d.E1B3E9F589E0A1768E01F1A54409F5C3.e.11178/click - {}
RESULT: {}
RESULT: undefined
COMMAND: POST /session/f10bfffe94842169a26616823eaa69fd/execute/async - {"script":"<script> [776 bytes]","args":[{"enterText":"PB","selector":{"id":"application-manageconditionprice-display-component---conditions--smartFilterBar-filterItemControl_BASIC-BILL_TYPES-valueHelpDialog-smartFilterBar-btnBasicSearch","searchOpenDialogs":true,"interaction":{"idSuffix":"I"}},"clearTextFirst":true,"interactionType":"ENTER_TEXT"}]}
COMMAND: GET /session/f10bfffe94842169a26616823eaa69fd/screenshot - {}
RESULT: {"script":"<script> [776 bytes]","args":[{"enterText":"PB","selector":{"id":"application-manageconditionprice-display-component---conditions--smartFilterBar-filterItemControl_BASIC-BILL_TYPES-valueHelpDialog-smartFilterBar-btnBasicSearch","searchOpenDialogs":true,"interaction":{"idSuffix":"I"}},"clearTextFirst":true,"interactionType":"ENTER_TEXT"}]}
COMMAND: POST /session/f10bfffe94842169a26616823eaa69fd/actions - {"actions":[{"id":"action37","type":"key","parameters":{},"actions":[{"type":"keyDown","value":""},{"type":"pause","duration":10},{"type":"keyUp","value":""}]}]}
RESULT: {}
RESULT: {"actions":[{"id":"action37","type":"key","parameters":{},"actions":[{"type":"keyDown","value":""},{"type":"pause","duration":10},{"type":"keyUp","value":""}]}]}
COMMAND: GET /session/f10bfffe94842169a26616823eaa69fd/screenshot - {}
RESULT: {}
COMMAND: POST /session/f10bfffe94842169a26616823eaa69fd/element - {"using":"xpath","value":"//div[contains(@id, 'application-manageconditionprice-display-component---conditions--smartFilterBar-filterItemControl_BASIC-BILL_TYPES-valueHelpDialog-table-rowsel0')]"}
RESULT: {"using":"xpath","value":"//div[contains(@id, 'application-manageconditionprice-display-component---conditions--smartFilterBar-filterItemControl_BASIC-BILL_TYPES-valueHelpDialog-table-rowsel0')]"}
COMMAND: POST /session/f10bfffe94842169a26616823eaa69fd/element/f.B31591FEBD8AE49568014889031CF3F7.d.E1B3E9F589E0A1768E01F1A54409F5C3.e.11185/click - {}
RESULT: {}
COMMAND: GET /session/f10bfffe94842169a26616823eaa69fd/screenshot - {}
RESULT: {}
COMMAND: POST /session/f10bfffe94842169a26616823eaa69fd/element - {"using":"xpath","value":"//bdi[contains(text(), \"OK\")]"}
RESULT: {"using":"xpath","value":"//bdi[contains(text(), \"OK\")]"}
COMMAND: POST /session/f10bfffe94842169a26616823eaa69fd/element/f.B31591FEBD8AE49568014889031CF3F7.d.E1B3E9F589E0A1768E01F1A54409F5C3.e.11187/click - {}
RESULT: {}
COMMAND: GET /session/f10bfffe94842169a26616823eaa69fd/screenshot - {}
RESULT: {}
COMMAND: POST /session/f10bfffe94842169a26616823eaa69fd/element - {"using":"xpath","value":"//span[@id=\"application-manageconditionprice-display-component---conditions--smartTable-header-inner\"]"}
RESULT: {"using":"xpath","value":"//span[@id=\"application-manageconditionprice-display-component---conditions--smartTable-header-inner\"]"}
COMMAND: POST /session/f10bfffe94842169a26616823eaa69fd/elements - {"using":"xpath","value":"//span[@id=\"application-manageconditionprice-display-component---conditions--smartTable-header-inner\"]"}
RESULT: {"using":"xpath","value":"//span[@id=\"application-manageconditionprice-display-component---conditions--smartTable-header-inner\"]"}
COMMAND: POST /session/f10bfffe94842169a26616823eaa69fd/execute/sync - {"script":"<script> [56 bytes]","args":[{"element-6066-11e4-a52e-4f735466cecf":"f.B31591FEBD8AE49568014889031CF3F7.d.E1B3E9F589E0A1768E01F1A54409F5C3.e.11191","ELEMENT":"f.B31591FEBD8AE49568014889031CF3F7.d.E1B3E9F589E0A1768E01F1A54409F5C3.e.11191"}]}
RESULT: {"script":"<script> [56 bytes]","args":[{"element-6066-11e4-a52e-4f735466cecf":"f.B31591FEBD8AE49568014889031CF3F7.d.E1B3E9F589E0A1768E01F1A54409F5C3.e.11191","ELEMENT":"f.B31591FEBD8AE49568014889031CF3F7.d.E1B3E9F589E0A1768E01F1A54409F5C3.e.11191"}]}
COMMAND: POST /session/f10bfffe94842169a26616823eaa69fd/element - {"using":"css selector","value":"#shell-header-logo"}
COMMAND: GET /session/f10bfffe94842169a26616823eaa69fd/screenshot - {}
RESULT: {"using":"css selector","value":"#shell-header-logo"}
COMMAND: POST /session/f10bfffe94842169a26616823eaa69fd/element/f.B31591FEBD8AE49568014889031CF3F7.d.E1B3E9F589E0A1768E01F1A54409F5C3.e.10369/click - {}
RESULT: {}
RESULT: {}
COMMAND: GET /session/f10bfffe94842169a26616823eaa69fd/screenshot - {}
RESULT: {}
]]></system-out>
    </testcase>
    <testcase classname="chrome.135_0_7049_42.windows.Create_master_data_for_mixed_billing_&amp;_do_billing_calculation_US151661" name="Should add time based condition" time="81.785">
      <system-out><![CDATA[
RESULT: undefined
COMMAND: POST /session/f10bfffe94842169a26616823eaa69fd/element - {"using":"xpath","value":"//*[@id=\"__tile53-title\"]"}
RESULT: {"using":"xpath","value":"//*[@id=\"__tile53-title\"]"}
COMMAND: POST /session/f10bfffe94842169a26616823eaa69fd/element/f.B31591FEBD8AE49568014889031CF3F7.d.E1B3E9F589E0A1768E01F1A54409F5C3.e.10077/click - {}
RESULT: {}
COMMAND: POST /session/f10bfffe94842169a26616823eaa69fd/element - {"using":"xpath","value":"//button[@aria-label=\"Create\"]"}
COMMAND: GET /session/f10bfffe94842169a26616823eaa69fd/screenshot - {}
RESULT: {"using":"xpath","value":"//button[@aria-label=\"Create\"]"}
COMMAND: POST /session/f10bfffe94842169a26616823eaa69fd/elements - {"using":"xpath","value":"//button[@aria-label=\"Create\"]"}
RESULT: {}
RESULT: {"using":"xpath","value":"//button[@aria-label=\"Create\"]"}
COMMAND: POST /session/f10bfffe94842169a26616823eaa69fd/execute/sync - {"script":"<script> [8489 bytes]","args":[{"element-6066-11e4-a52e-4f735466cecf":"f.B31591FEBD8AE49568014889031CF3F7.d.E1B3E9F589E0A1768E01F1A54409F5C3.e.11229","ELEMENT":"f.B31591FEBD8AE49568014889031CF3F7.d.E1B3E9F589E0A1768E01F1A54409F5C3.e.11229"}]}
RESULT: {"script":"<script> [8489 bytes]","args":[{"element-6066-11e4-a52e-4f735466cecf":"f.B31591FEBD8AE49568014889031CF3F7.d.E1B3E9F589E0A1768E01F1A54409F5C3.e.11229","ELEMENT":"f.B31591FEBD8AE49568014889031CF3F7.d.E1B3E9F589E0A1768E01F1A54409F5C3.e.11229"}]}
COMMAND: GET /session/f10bfffe94842169a26616823eaa69fd/element/f.B31591FEBD8AE49568014889031CF3F7.d.E1B3E9F589E0A1768E01F1A54409F5C3.e.11229/enabled - {}
COMMAND: GET /session/f10bfffe94842169a26616823eaa69fd/screenshot - {}
RESULT: {}
COMMAND: POST /session/f10bfffe94842169a26616823eaa69fd/execute/sync - {"script":"<script> [8489 bytes]","args":[{"element-6066-11e4-a52e-4f735466cecf":"f.B31591FEBD8AE49568014889031CF3F7.d.E1B3E9F589E0A1768E01F1A54409F5C3.e.11229","ELEMENT":"f.B31591FEBD8AE49568014889031CF3F7.d.E1B3E9F589E0A1768E01F1A54409F5C3.e.11229"}]}
COMMAND: GET /session/f10bfffe94842169a26616823eaa69fd/screenshot - {}
RESULT: {}
RESULT: {"script":"<script> [8489 bytes]","args":[{"element-6066-11e4-a52e-4f735466cecf":"f.B31591FEBD8AE49568014889031CF3F7.d.E1B3E9F589E0A1768E01F1A54409F5C3.e.11229","ELEMENT":"f.B31591FEBD8AE49568014889031CF3F7.d.E1B3E9F589E0A1768E01F1A54409F5C3.e.11229"}]}
COMMAND: POST /session/f10bfffe94842169a26616823eaa69fd/execute/sync - {"script":"<script> [5351 bytes]","args":[{"element-6066-11e4-a52e-4f735466cecf":"f.B31591FEBD8AE49568014889031CF3F7.d.E1B3E9F589E0A1768E01F1A54409F5C3.e.11229","ELEMENT":"f.B31591FEBD8AE49568014889031CF3F7.d.E1B3E9F589E0A1768E01F1A54409F5C3.e.11229"}]}
COMMAND: GET /session/f10bfffe94842169a26616823eaa69fd/screenshot - {}
RESULT: {}
RESULT: {"script":"<script> [5351 bytes]","args":[{"element-6066-11e4-a52e-4f735466cecf":"f.B31591FEBD8AE49568014889031CF3F7.d.E1B3E9F589E0A1768E01F1A54409F5C3.e.11229","ELEMENT":"f.B31591FEBD8AE49568014889031CF3F7.d.E1B3E9F589E0A1768E01F1A54409F5C3.e.11229"}]}
COMMAND: POST /session/f10bfffe94842169a26616823eaa69fd/element/f.B31591FEBD8AE49568014889031CF3F7.d.E1B3E9F589E0A1768E01F1A54409F5C3.e.11229/click - {}
COMMAND: GET /session/f10bfffe94842169a26616823eaa69fd/screenshot - {}
RESULT: {}
RESULT: {}
COMMAND: GET /session/f10bfffe94842169a26616823eaa69fd/screenshot - {}
RESULT: {}
RESULT: {}
COMMAND: POST /session/f10bfffe94842169a26616823eaa69fd/actions - {"actions":[{"id":"action38","type":"key","parameters":{},"actions":[{"type":"keyDown","value":""},{"type":"pause","duration":10},{"type":"keyUp","value":""}]}]}
RESULT: {"actions":[{"id":"action38","type":"key","parameters":{},"actions":[{"type":"keyDown","value":""},{"type":"pause","duration":10},{"type":"keyUp","value":""}]}]}
COMMAND: GET /session/f10bfffe94842169a26616823eaa69fd/screenshot - {}
RESULT: {}
RESULT: undefined
COMMAND: POST /session/f10bfffe94842169a26616823eaa69fd/element - {"using":"xpath","value":"//*[@id=\"application-manageconditionprice-display-component---newCondition--condBillCond-arrow\"]"}
RESULT: {"using":"xpath","value":"//*[@id=\"application-manageconditionprice-display-component---newCondition--condBillCond-arrow\"]"}
COMMAND: POST /session/f10bfffe94842169a26616823eaa69fd/element/f.B31591FEBD8AE49568014889031CF3F7.d.E1B3E9F589E0A1768E01F1A54409F5C3.e.11681/click - {}
RESULT: {}
COMMAND: GET /session/f10bfffe94842169a26616823eaa69fd/screenshot - {}
RESULT: {}
COMMAND: POST /session/f10bfffe94842169a26616823eaa69fd/element - {"using":"xpath","value":"//li[.//span[contains(text(), \"DISP - D&I special price\")]]"}
RESULT: {"using":"xpath","value":"//li[.//span[contains(text(), \"DISP - D&I special price\")]]"}
COMMAND: POST /session/f10bfffe94842169a26616823eaa69fd/element/f.B31591FEBD8AE49568014889031CF3F7.d.E1B3E9F589E0A1768E01F1A54409F5C3.e.11706/click - {}
RESULT: {}
COMMAND: GET /session/f10bfffe94842169a26616823eaa69fd/screenshot - {}
RESULT: {}
RESULT: undefined
COMMAND: POST /session/f10bfffe94842169a26616823eaa69fd/execute/async - {"script":"<script> [776 bytes]","args":[{"enterText":"12/18/25","selector":{"id":"application-manageconditionprice-display-component---newCondition--condValidTo","interaction":{"idSuffix":"inner"}},"clearTextFirst":true,"interactionType":"ENTER_TEXT"}]}
RESULT: {"script":"<script> [776 bytes]","args":[{"enterText":"12/18/25","selector":{"id":"application-manageconditionprice-display-component---newCondition--condValidTo","interaction":{"idSuffix":"inner"}},"clearTextFirst":true,"interactionType":"ENTER_TEXT"}]}
COMMAND: POST /session/f10bfffe94842169a26616823eaa69fd/element - {"using":"xpath","value":"//input[@id=\"application-manageconditionprice-display-component---newCondition--condRU-inner\"]"}
RESULT: {"using":"xpath","value":"//input[@id=\"application-manageconditionprice-display-component---newCondition--condRU-inner\"]"}
COMMAND: POST /session/f10bfffe94842169a26616823eaa69fd/element/f.B31591FEBD8AE49568014889031CF3F7.d.E1B3E9F589E0A1768E01F1A54409F5C3.e.11431/clear - {}
RESULT: {}
COMMAND: POST /session/f10bfffe94842169a26616823eaa69fd/element/f.B31591FEBD8AE49568014889031CF3F7.d.E1B3E9F589E0A1768E01F1A54409F5C3.e.11431/value - {"text":"rXW5TMKDcW"}
COMMAND: GET /session/f10bfffe94842169a26616823eaa69fd/screenshot - {}
RESULT: {"text":"rXW5TMKDcW"}
COMMAND: GET /session/f10bfffe94842169a26616823eaa69fd/screenshot - {}
RESULT: {}
RESULT: {}
COMMAND: POST /session/f10bfffe94842169a26616823eaa69fd/actions - {"actions":[{"id":"action39","type":"key","parameters":{},"actions":[{"type":"keyDown","value":""},{"type":"pause","duration":10},{"type":"keyUp","value":""}]}]}
RESULT: {"actions":[{"id":"action39","type":"key","parameters":{},"actions":[{"type":"keyDown","value":""},{"type":"pause","duration":10},{"type":"keyUp","value":""}]}]}
RESULT: undefined
COMMAND: POST /session/f10bfffe94842169a26616823eaa69fd/execute/async - {"script":"<script> [776 bytes]","args":[{"enterText":"1","selector":{"id":"application-manageconditionprice-display-component---newCondition--condBaseQty","interaction":{"idSuffix":"inner"}},"clearTextFirst":true,"interactionType":"ENTER_TEXT"}]}
COMMAND: GET /session/f10bfffe94842169a26616823eaa69fd/screenshot - {}
RESULT: {"script":"<script> [776 bytes]","args":[{"enterText":"1","selector":{"id":"application-manageconditionprice-display-component---newCondition--condBaseQty","interaction":{"idSuffix":"inner"}},"clearTextFirst":true,"interactionType":"ENTER_TEXT"}]}
RESULT: undefined
COMMAND: POST /session/f10bfffe94842169a26616823eaa69fd/execute/async - {"script":"<script> [776 bytes]","args":[{"enterText":"100","selector":{"id":"application-manageconditionprice-display-component---newCondition--condValue","interaction":{"idSuffix":"inner"}},"clearTextFirst":true,"interactionType":"ENTER_TEXT"}]}
RESULT: {}
RESULT: {"script":"<script> [776 bytes]","args":[{"enterText":"100","selector":{"id":"application-manageconditionprice-display-component---newCondition--condValue","interaction":{"idSuffix":"inner"}},"clearTextFirst":true,"interactionType":"ENTER_TEXT"}]}
RESULT: undefined
COMMAND: POST /session/f10bfffe94842169a26616823eaa69fd/element - {"using":"xpath","value":"//*[@id=\"application-manageconditionprice-display-component---newCondition--condCurr-arrow\"]"}
RESULT: {"using":"xpath","value":"//*[@id=\"application-manageconditionprice-display-component---newCondition--condCurr-arrow\"]"}
COMMAND: POST /session/f10bfffe94842169a26616823eaa69fd/element/f.B31591FEBD8AE49568014889031CF3F7.d.E1B3E9F589E0A1768E01F1A54409F5C3.e.11667/click - {}
RESULT: {}
COMMAND: POST /session/f10bfffe94842169a26616823eaa69fd/element - {"using":"xpath","value":"//span[contains(text(), \"Euro\")]"}
COMMAND: GET /session/f10bfffe94842169a26616823eaa69fd/screenshot - {}
RESULT: {"using":"xpath","value":"//span[contains(text(), \"Euro\")]"}
COMMAND: POST /session/f10bfffe94842169a26616823eaa69fd/element/f.B31591FEBD8AE49568014889031CF3F7.d.E1B3E9F589E0A1768E01F1A54409F5C3.e.11741/click - {}
RESULT: {}
RESULT: {}
COMMAND: POST /session/f10bfffe94842169a26616823eaa69fd/element - {"using":"xpath","value":"//button[@data-kt=\"saveButton\"]"}
COMMAND: GET /session/f10bfffe94842169a26616823eaa69fd/screenshot - {}
RESULT: {"using":"xpath","value":"//button[@data-kt=\"saveButton\"]"}
COMMAND: POST /session/f10bfffe94842169a26616823eaa69fd/element/f.B31591FEBD8AE49568014889031CF3F7.d.E1B3E9F589E0A1768E01F1A54409F5C3.e.11668/click - {}
RESULT: {}
RESULT: {}
COMMAND: GET /session/f10bfffe94842169a26616823eaa69fd/screenshot - {}
RESULT: {}
RESULT: undefined
COMMAND: POST /session/f10bfffe94842169a26616823eaa69fd/execute/async - {"script":"<script> [776 bytes]","args":[{"enterText":"rXW5TMKDcW","selector":{"id":"application-manageconditionprice-display-component---conditions--smartFilterBar-btnBasicSearch","interaction":{"idSuffix":"I"}},"clearTextFirst":true,"interactionType":"ENTER_TEXT"}]}
RESULT: {"script":"<script> [776 bytes]","args":[{"enterText":"rXW5TMKDcW","selector":{"id":"application-manageconditionprice-display-component---conditions--smartFilterBar-btnBasicSearch","interaction":{"idSuffix":"I"}},"clearTextFirst":true,"interactionType":"ENTER_TEXT"}]}
COMMAND: POST /session/f10bfffe94842169a26616823eaa69fd/actions - {"actions":[{"id":"action40","type":"key","parameters":{},"actions":[{"type":"keyDown","value":""},{"type":"pause","duration":10},{"type":"keyUp","value":""}]}]}
RESULT: {"actions":[{"id":"action40","type":"key","parameters":{},"actions":[{"type":"keyDown","value":""},{"type":"pause","duration":10},{"type":"keyUp","value":""}]}]}
COMMAND: GET /session/f10bfffe94842169a26616823eaa69fd/screenshot - {}
RESULT: {}
RESULT: undefined
COMMAND: POST /session/f10bfffe94842169a26616823eaa69fd/element - {"using":"xpath","value":"//*[@id=\"application-manageconditionprice-display-component---conditions--smartFilterBar-filterItemControl_BASIC-BILL_TYPES-vhi\"]"}
RESULT: {"using":"xpath","value":"//*[@id=\"application-manageconditionprice-display-component---conditions--smartFilterBar-filterItemControl_BASIC-BILL_TYPES-vhi\"]"}
COMMAND: POST /session/f10bfffe94842169a26616823eaa69fd/element/f.B31591FEBD8AE49568014889031CF3F7.d.E1B3E9F589E0A1768E01F1A54409F5C3.e.11969/click - {}
RESULT: {}
RESULT: undefined
COMMAND: POST /session/f10bfffe94842169a26616823eaa69fd/execute/async - {"script":"<script> [776 bytes]","args":[{"enterText":"TB","selector":{"id":"application-manageconditionprice-display-component---conditions--smartFilterBar-filterItemControl_BASIC-BILL_TYPES-valueHelpDialog-smartFilterBar-btnBasicSearch","searchOpenDialogs":true,"interaction":{"idSuffix":"I"}},"clearTextFirst":true,"interactionType":"ENTER_TEXT"}]}
COMMAND: GET /session/f10bfffe94842169a26616823eaa69fd/screenshot - {}
RESULT: {"script":"<script> [776 bytes]","args":[{"enterText":"TB","selector":{"id":"application-manageconditionprice-display-component---conditions--smartFilterBar-filterItemControl_BASIC-BILL_TYPES-valueHelpDialog-smartFilterBar-btnBasicSearch","searchOpenDialogs":true,"interaction":{"idSuffix":"I"}},"clearTextFirst":true,"interactionType":"ENTER_TEXT"}]}
COMMAND: POST /session/f10bfffe94842169a26616823eaa69fd/actions - {"actions":[{"id":"action41","type":"key","parameters":{},"actions":[{"type":"keyDown","value":""},{"type":"pause","duration":10},{"type":"keyUp","value":""}]}]}
RESULT: {}
RESULT: {"actions":[{"id":"action41","type":"key","parameters":{},"actions":[{"type":"keyDown","value":""},{"type":"pause","duration":10},{"type":"keyUp","value":""}]}]}
COMMAND: GET /session/f10bfffe94842169a26616823eaa69fd/screenshot - {}
RESULT: {}
COMMAND: POST /session/f10bfffe94842169a26616823eaa69fd/element - {"using":"xpath","value":"//div[contains(@id, 'application-manageconditionprice-display-component---conditions--smartFilterBar-filterItemControl_BASIC-BILL_TYPES-valueHelpDialog-table-rowsel0')]"}
RESULT: {"using":"xpath","value":"//div[contains(@id, 'application-manageconditionprice-display-component---conditions--smartFilterBar-filterItemControl_BASIC-BILL_TYPES-valueHelpDialog-table-rowsel0')]"}
COMMAND: POST /session/f10bfffe94842169a26616823eaa69fd/element/f.B31591FEBD8AE49568014889031CF3F7.d.E1B3E9F589E0A1768E01F1A54409F5C3.e.11979/click - {}
RESULT: {}
COMMAND: GET /session/f10bfffe94842169a26616823eaa69fd/screenshot - {}
RESULT: {}
COMMAND: POST /session/f10bfffe94842169a26616823eaa69fd/element - {"using":"xpath","value":"//bdi[contains(text(), \"OK\")]"}
RESULT: {"using":"xpath","value":"//bdi[contains(text(), \"OK\")]"}
COMMAND: POST /session/f10bfffe94842169a26616823eaa69fd/element/f.B31591FEBD8AE49568014889031CF3F7.d.E1B3E9F589E0A1768E01F1A54409F5C3.e.11981/click - {}
RESULT: {}
COMMAND: GET /session/f10bfffe94842169a26616823eaa69fd/screenshot - {}
RESULT: {}
COMMAND: POST /session/f10bfffe94842169a26616823eaa69fd/element - {"using":"xpath","value":"//span[@id=\"application-manageconditionprice-display-component---conditions--smartTable-header-inner\"]"}
RESULT: {"using":"xpath","value":"//span[@id=\"application-manageconditionprice-display-component---conditions--smartTable-header-inner\"]"}
COMMAND: POST /session/f10bfffe94842169a26616823eaa69fd/elements - {"using":"xpath","value":"//span[@id=\"application-manageconditionprice-display-component---conditions--smartTable-header-inner\"]"}
RESULT: {"using":"xpath","value":"//span[@id=\"application-manageconditionprice-display-component---conditions--smartTable-header-inner\"]"}
COMMAND: POST /session/f10bfffe94842169a26616823eaa69fd/execute/sync - {"script":"<script> [56 bytes]","args":[{"element-6066-11e4-a52e-4f735466cecf":"f.B31591FEBD8AE49568014889031CF3F7.d.E1B3E9F589E0A1768E01F1A54409F5C3.e.12023","ELEMENT":"f.B31591FEBD8AE49568014889031CF3F7.d.E1B3E9F589E0A1768E01F1A54409F5C3.e.12023"}]}
RESULT: {"script":"<script> [56 bytes]","args":[{"element-6066-11e4-a52e-4f735466cecf":"f.B31591FEBD8AE49568014889031CF3F7.d.E1B3E9F589E0A1768E01F1A54409F5C3.e.12023","ELEMENT":"f.B31591FEBD8AE49568014889031CF3F7.d.E1B3E9F589E0A1768E01F1A54409F5C3.e.12023"}]}
COMMAND: POST /session/f10bfffe94842169a26616823eaa69fd/element - {"using":"css selector","value":"#shell-header-logo"}
COMMAND: GET /session/f10bfffe94842169a26616823eaa69fd/screenshot - {}
RESULT: {"using":"css selector","value":"#shell-header-logo"}
COMMAND: POST /session/f10bfffe94842169a26616823eaa69fd/element/f.B31591FEBD8AE49568014889031CF3F7.d.E1B3E9F589E0A1768E01F1A54409F5C3.e.11196/click - {}
RESULT: {}
RESULT: {}
COMMAND: GET /session/f10bfffe94842169a26616823eaa69fd/screenshot - {}
RESULT: {}
]]></system-out>
    </testcase>
    <testcase classname="chrome.135_0_7049_42.windows.Create_master_data_for_mixed_billing_&amp;_do_billing_calculation_US151661" name="Should do a stock increase handover" time="86.865">
      <system-out><![CDATA[
COMMAND: POST /session/f10bfffe94842169a26616823eaa69fd/execute/async - {"script":"<script> [1562 bytes]","args":[{"selector":{"controlType":"sap.m.Text","viewName":"etm.portal.ui.managehandoverstile.view.Master","properties":{"text":"Manage Handovers"},"interaction":{"idSuffix":"inner"}},"wdio_ui5_key":"etmportal.ui.managehandoverstile.view.Mastersap.m.Text{\"text\":\"Manage Handovers\"}"}]}
RESULT: {"script":"<script> [1562 bytes]","args":[{"selector":{"controlType":"sap.m.Text","viewName":"etm.portal.ui.managehandoverstile.view.Master","properties":{"text":"Manage Handovers"},"interaction":{"idSuffix":"inner"}},"wdio_ui5_key":"etmportal.ui.managehandoverstile.view.Mastersap.m.Text{\"text\":\"Manage Handovers\"}"}]}
RESULT: undefined
COMMAND: POST /session/f10bfffe94842169a26616823eaa69fd/element - {"using":"xpath","value":"//*[@id=\"__tile132-title\"]"}
RESULT: {"using":"xpath","value":"//*[@id=\"__tile132-title\"]"}
COMMAND: POST /session/f10bfffe94842169a26616823eaa69fd/element/f.B31591FEBD8AE49568014889031CF3F7.d.E1B3E9F589E0A1768E01F1A54409F5C3.e.12026/click - {}
RESULT: {}
COMMAND: POST /session/f10bfffe94842169a26616823eaa69fd/element - {"using":"xpath","value":"//button[@data-kt=\"masterHOAddButton\"]"}
COMMAND: GET /session/f10bfffe94842169a26616823eaa69fd/screenshot - {}
RESULT: {"using":"xpath","value":"//button[@data-kt=\"masterHOAddButton\"]"}
COMMAND: POST /session/f10bfffe94842169a26616823eaa69fd/elements - {"using":"xpath","value":"//button[@data-kt=\"masterHOAddButton\"]"}
RESULT: {}
RESULT: {"using":"xpath","value":"//button[@data-kt=\"masterHOAddButton\"]"}
COMMAND: POST /session/f10bfffe94842169a26616823eaa69fd/elements - {"using":"xpath","value":"//button[@data-kt=\"masterHOAddButton\"]"}
RESULT: {"using":"xpath","value":"//button[@data-kt=\"masterHOAddButton\"]"}
COMMAND: POST /session/f10bfffe94842169a26616823eaa69fd/elements - {"using":"xpath","value":"//button[@data-kt=\"masterHOAddButton\"]"}
RESULT: {"using":"xpath","value":"//button[@data-kt=\"masterHOAddButton\"]"}
COMMAND: POST /session/f10bfffe94842169a26616823eaa69fd/elements - {"using":"xpath","value":"//button[@data-kt=\"masterHOAddButton\"]"}
RESULT: {"using":"xpath","value":"//button[@data-kt=\"masterHOAddButton\"]"}
COMMAND: POST /session/f10bfffe94842169a26616823eaa69fd/elements - {"using":"xpath","value":"//button[@data-kt=\"masterHOAddButton\"]"}
RESULT: {"using":"xpath","value":"//button[@data-kt=\"masterHOAddButton\"]"}
COMMAND: POST /session/f10bfffe94842169a26616823eaa69fd/elements - {"using":"xpath","value":"//button[@data-kt=\"masterHOAddButton\"]"}
RESULT: {"using":"xpath","value":"//button[@data-kt=\"masterHOAddButton\"]"}
COMMAND: POST /session/f10bfffe94842169a26616823eaa69fd/elements - {"using":"xpath","value":"//button[@data-kt=\"masterHOAddButton\"]"}
RESULT: {"using":"xpath","value":"//button[@data-kt=\"masterHOAddButton\"]"}
COMMAND: POST /session/f10bfffe94842169a26616823eaa69fd/elements - {"using":"xpath","value":"//button[@data-kt=\"masterHOAddButton\"]"}
RESULT: {"using":"xpath","value":"//button[@data-kt=\"masterHOAddButton\"]"}
COMMAND: POST /session/f10bfffe94842169a26616823eaa69fd/elements - {"using":"xpath","value":"//button[@data-kt=\"masterHOAddButton\"]"}
RESULT: {"using":"xpath","value":"//button[@data-kt=\"masterHOAddButton\"]"}
COMMAND: POST /session/f10bfffe94842169a26616823eaa69fd/elements - {"using":"xpath","value":"//button[@data-kt=\"masterHOAddButton\"]"}
RESULT: {"using":"xpath","value":"//button[@data-kt=\"masterHOAddButton\"]"}
COMMAND: POST /session/f10bfffe94842169a26616823eaa69fd/elements - {"using":"xpath","value":"//button[@data-kt=\"masterHOAddButton\"]"}
RESULT: {"using":"xpath","value":"//button[@data-kt=\"masterHOAddButton\"]"}
COMMAND: POST /session/f10bfffe94842169a26616823eaa69fd/elements - {"using":"xpath","value":"//button[@data-kt=\"masterHOAddButton\"]"}
RESULT: {"using":"xpath","value":"//button[@data-kt=\"masterHOAddButton\"]"}
COMMAND: POST /session/f10bfffe94842169a26616823eaa69fd/elements - {"using":"xpath","value":"//button[@data-kt=\"masterHOAddButton\"]"}
RESULT: {"using":"xpath","value":"//button[@data-kt=\"masterHOAddButton\"]"}
COMMAND: POST /session/f10bfffe94842169a26616823eaa69fd/elements - {"using":"xpath","value":"//button[@data-kt=\"masterHOAddButton\"]"}
RESULT: {"using":"xpath","value":"//button[@data-kt=\"masterHOAddButton\"]"}
COMMAND: POST /session/f10bfffe94842169a26616823eaa69fd/elements - {"using":"xpath","value":"//button[@data-kt=\"masterHOAddButton\"]"}
RESULT: {"using":"xpath","value":"//button[@data-kt=\"masterHOAddButton\"]"}
COMMAND: POST /session/f10bfffe94842169a26616823eaa69fd/elements - {"using":"xpath","value":"//button[@data-kt=\"masterHOAddButton\"]"}
RESULT: {"using":"xpath","value":"//button[@data-kt=\"masterHOAddButton\"]"}
COMMAND: POST /session/f10bfffe94842169a26616823eaa69fd/elements - {"using":"xpath","value":"//button[@data-kt=\"masterHOAddButton\"]"}
RESULT: {"using":"xpath","value":"//button[@data-kt=\"masterHOAddButton\"]"}
COMMAND: POST /session/f10bfffe94842169a26616823eaa69fd/elements - {"using":"xpath","value":"//button[@data-kt=\"masterHOAddButton\"]"}
RESULT: {"using":"xpath","value":"//button[@data-kt=\"masterHOAddButton\"]"}
COMMAND: POST /session/f10bfffe94842169a26616823eaa69fd/elements - {"using":"xpath","value":"//button[@data-kt=\"masterHOAddButton\"]"}
RESULT: {"using":"xpath","value":"//button[@data-kt=\"masterHOAddButton\"]"}
COMMAND: POST /session/f10bfffe94842169a26616823eaa69fd/element - {"using":"xpath","value":"//button[@data-kt=\"masterHOAddButton\"]"}
RESULT: {"using":"xpath","value":"//button[@data-kt=\"masterHOAddButton\"]"}
COMMAND: POST /session/f10bfffe94842169a26616823eaa69fd/execute/sync - {"script":"<script> [8489 bytes]","args":[{"element-6066-11e4-a52e-4f735466cecf":"f.B31591FEBD8AE49568014889031CF3F7.d.E1B3E9F589E0A1768E01F1A54409F5C3.e.12056","ELEMENT":"f.B31591FEBD8AE49568014889031CF3F7.d.E1B3E9F589E0A1768E01F1A54409F5C3.e.12056"}]}
RESULT: {"script":"<script> [8489 bytes]","args":[{"element-6066-11e4-a52e-4f735466cecf":"f.B31591FEBD8AE49568014889031CF3F7.d.E1B3E9F589E0A1768E01F1A54409F5C3.e.12056","ELEMENT":"f.B31591FEBD8AE49568014889031CF3F7.d.E1B3E9F589E0A1768E01F1A54409F5C3.e.12056"}]}
COMMAND: GET /session/f10bfffe94842169a26616823eaa69fd/element/f.B31591FEBD8AE49568014889031CF3F7.d.E1B3E9F589E0A1768E01F1A54409F5C3.e.12056/enabled - {}
COMMAND: GET /session/f10bfffe94842169a26616823eaa69fd/screenshot - {}
RESULT: {}
COMMAND: POST /session/f10bfffe94842169a26616823eaa69fd/execute/sync - {"script":"<script> [8489 bytes]","args":[{"element-6066-11e4-a52e-4f735466cecf":"f.B31591FEBD8AE49568014889031CF3F7.d.E1B3E9F589E0A1768E01F1A54409F5C3.e.12056","ELEMENT":"f.B31591FEBD8AE49568014889031CF3F7.d.E1B3E9F589E0A1768E01F1A54409F5C3.e.12056"}]}
COMMAND: GET /session/f10bfffe94842169a26616823eaa69fd/screenshot - {}
RESULT: {}
RESULT: {"script":"<script> [8489 bytes]","args":[{"element-6066-11e4-a52e-4f735466cecf":"f.B31591FEBD8AE49568014889031CF3F7.d.E1B3E9F589E0A1768E01F1A54409F5C3.e.12056","ELEMENT":"f.B31591FEBD8AE49568014889031CF3F7.d.E1B3E9F589E0A1768E01F1A54409F5C3.e.12056"}]}
COMMAND: POST /session/f10bfffe94842169a26616823eaa69fd/execute/sync - {"script":"<script> [5351 bytes]","args":[{"element-6066-11e4-a52e-4f735466cecf":"f.B31591FEBD8AE49568014889031CF3F7.d.E1B3E9F589E0A1768E01F1A54409F5C3.e.12056","ELEMENT":"f.B31591FEBD8AE49568014889031CF3F7.d.E1B3E9F589E0A1768E01F1A54409F5C3.e.12056"}]}
COMMAND: GET /session/f10bfffe94842169a26616823eaa69fd/screenshot - {}
RESULT: {}
RESULT: {"script":"<script> [5351 bytes]","args":[{"element-6066-11e4-a52e-4f735466cecf":"f.B31591FEBD8AE49568014889031CF3F7.d.E1B3E9F589E0A1768E01F1A54409F5C3.e.12056","ELEMENT":"f.B31591FEBD8AE49568014889031CF3F7.d.E1B3E9F589E0A1768E01F1A54409F5C3.e.12056"}]}
COMMAND: POST /session/f10bfffe94842169a26616823eaa69fd/element/f.B31591FEBD8AE49568014889031CF3F7.d.E1B3E9F589E0A1768E01F1A54409F5C3.e.12056/click - {}
COMMAND: GET /session/f10bfffe94842169a26616823eaa69fd/screenshot - {}
RESULT: {}
RESULT: {}
COMMAND: GET /session/f10bfffe94842169a26616823eaa69fd/screenshot - {}
RESULT: {}
RESULT: {}
COMMAND: POST /session/f10bfffe94842169a26616823eaa69fd/element - {"using":"xpath","value":"//span[contains(@id ,\"AddNewHO--typeSelect-arrow\")]"}
RESULT: {"using":"xpath","value":"//span[contains(@id ,\"AddNewHO--typeSelect-arrow\")]"}
COMMAND: POST /session/f10bfffe94842169a26616823eaa69fd/element/f.B31591FEBD8AE49568014889031CF3F7.d.E1B3E9F589E0A1768E01F1A54409F5C3.e.12414/click - {}
RESULT: {}
COMMAND: GET /session/f10bfffe94842169a26616823eaa69fd/screenshot - {}
RESULT: {}
COMMAND: POST /session/f10bfffe94842169a26616823eaa69fd/element - {"using":"xpath","value":"(//li[contains(text(), \"stock increase yard\")])[1]"}
RESULT: {"using":"xpath","value":"(//li[contains(text(), \"stock increase yard\")])[1]"}
COMMAND: POST /session/f10bfffe94842169a26616823eaa69fd/element/f.B31591FEBD8AE49568014889031CF3F7.d.E1B3E9F589E0A1768E01F1A54409F5C3.e.12415/click - {}
RESULT: {}
COMMAND: GET /session/f10bfffe94842169a26616823eaa69fd/screenshot - {}
RESULT: {}
COMMAND: POST /session/f10bfffe94842169a26616823eaa69fd/execute/async - {"script":"<script> [1562 bytes]","args":[{"selector":{"id":"application-managehandovers-display-component---AddNewHO--dueDate","interaction":{"idSuffix":"inner"}},"wdio_ui5_key":"applicationmanagehandovers-display-component---AddNewHO--dueDate"}]}
RESULT: {"script":"<script> [1562 bytes]","args":[{"selector":{"id":"application-managehandovers-display-component---AddNewHO--dueDate","interaction":{"idSuffix":"inner"}},"wdio_ui5_key":"applicationmanagehandovers-display-component---AddNewHO--dueDate"}]}
RESULT: undefined
COMMAND: POST /session/f10bfffe94842169a26616823eaa69fd/execute/async - {"script":"<script> [6424 bytes]","args":[{"element-6066-11e4-a52e-4f735466cecf":"f.B31591FEBD8AE49568014889031CF3F7.d.E1B3E9F589E0A1768E01F1A54409F5C3.e.12417"},"setValue",["04/18/2025"]]}
RESULT: {"script":"<script> [6424 bytes]","args":[{"element-6066-11e4-a52e-4f735466cecf":"f.B31591FEBD8AE49568014889031CF3F7.d.E1B3E9F589E0A1768E01F1A54409F5C3.e.12417"},"setValue",["04/18/2025"]]}
COMMAND: POST /session/f10bfffe94842169a26616823eaa69fd/element - {"using":"xpath","value":"//input[@id=\"generalSectionFrg--receiveYard-inner\"]"}
RESULT: {"using":"xpath","value":"//input[@id=\"generalSectionFrg--receiveYard-inner\"]"}
COMMAND: POST /session/f10bfffe94842169a26616823eaa69fd/element/f.B31591FEBD8AE49568014889031CF3F7.d.E1B3E9F589E0A1768E01F1A54409F5C3.e.12423/clear - {}
RESULT: {}
COMMAND: POST /session/f10bfffe94842169a26616823eaa69fd/element/f.B31591FEBD8AE49568014889031CF3F7.d.E1B3E9F589E0A1768E01F1A54409F5C3.e.12423/value - {"text":"575"}
COMMAND: GET /session/f10bfffe94842169a26616823eaa69fd/screenshot - {}
RESULT: {"text":"575"}
COMMAND: GET /session/f10bfffe94842169a26616823eaa69fd/screenshot - {}
RESULT: {}
RESULT: {}
COMMAND: POST /session/f10bfffe94842169a26616823eaa69fd/element - {"using":"xpath","value":"//li[.//span[text()='575']]"}
RESULT: {"using":"xpath","value":"//li[.//span[text()='575']]"}
COMMAND: POST /session/f10bfffe94842169a26616823eaa69fd/element/f.B31591FEBD8AE49568014889031CF3F7.d.E1B3E9F589E0A1768E01F1A54409F5C3.e.12438/click - {}
RESULT: {}
COMMAND: GET /session/f10bfffe94842169a26616823eaa69fd/screenshot - {}
RESULT: {}
COMMAND: POST /session/f10bfffe94842169a26616823eaa69fd/execute/async - {"script":"<script> [1562 bytes]","args":[{"selector":{"id":"application-managehandovers-display-component---AddNewHO--ObjectPageLayout-anchBar-application-managehandovers-display-component---AddNewHO--section4-anchor","interaction":{"idSuffix":"BDI-content"}},"wdio_ui5_key":"applicationmanagehandovers-display-component---AddNewHO--ObjectPageLayout-anchBar-application-managehandovers-display-component---AddNewHO--section4-anchor"}]}
RESULT: {"script":"<script> [1562 bytes]","args":[{"selector":{"id":"application-managehandovers-display-component---AddNewHO--ObjectPageLayout-anchBar-application-managehandovers-display-component---AddNewHO--section4-anchor","interaction":{"idSuffix":"BDI-content"}},"wdio_ui5_key":"applicationmanagehandovers-display-component---AddNewHO--ObjectPageLayout-anchBar-application-managehandovers-display-component---AddNewHO--section4-anchor"}]}
RESULT: undefined
COMMAND: POST /session/f10bfffe94842169a26616823eaa69fd/element - {"using":"xpath","value":"//*[@id=\"application-managehandovers-display-component---AddNewHO--ObjectPageLayout-anchBar-application-managehandovers-display-component---AddNewHO--section4-anchor\"]"}
RESULT: {"using":"xpath","value":"//*[@id=\"application-managehandovers-display-component---AddNewHO--ObjectPageLayout-anchBar-application-managehandovers-display-component---AddNewHO--section4-anchor\"]"}
COMMAND: POST /session/f10bfffe94842169a26616823eaa69fd/element/f.B31591FEBD8AE49568014889031CF3F7.d.E1B3E9F589E0A1768E01F1A54409F5C3.e.12440/click - {}
RESULT: {}
COMMAND: POST /session/f10bfffe94842169a26616823eaa69fd/element - {"using":"xpath","value":"//button[@aria-label=\"Add\"]"}
COMMAND: GET /session/f10bfffe94842169a26616823eaa69fd/screenshot - {}
RESULT: {"using":"xpath","value":"//button[@aria-label=\"Add\"]"}
COMMAND: POST /session/f10bfffe94842169a26616823eaa69fd/element/f.B31591FEBD8AE49568014889031CF3F7.d.E1B3E9F589E0A1768E01F1A54409F5C3.e.12442/click - {}
RESULT: {}
RESULT: {}
COMMAND: GET /session/f10bfffe94842169a26616823eaa69fd/screenshot - {}
RESULT: {}
COMMAND: POST /session/f10bfffe94842169a26616823eaa69fd/execute/async - {"script":"<script> [1562 bytes]","args":[{"selector":{"id":"application-managehandovers-display-component---AddNewHO--smartFilterBar-btnBasicSearch","searchOpenDialogs":true,"interaction":{"idSuffix":"I"}},"wdio_ui5_key":"applicationmanagehandovers-display-component---AddNewHO--smartFilterBar-btnBasicSearch"}]}
RESULT: {"script":"<script> [1562 bytes]","args":[{"selector":{"id":"application-managehandovers-display-component---AddNewHO--smartFilterBar-btnBasicSearch","searchOpenDialogs":true,"interaction":{"idSuffix":"I"}},"wdio_ui5_key":"applicationmanagehandovers-display-component---AddNewHO--smartFilterBar-btnBasicSearch"}]}
RESULT: undefined
COMMAND: POST /session/f10bfffe94842169a26616823eaa69fd/execute/async - {"script":"<script> [776 bytes]","args":[{"enterText":"rXW5TMKDcW","selector":{"id":"application-managehandovers-display-component---AddNewHO--smartFilterBar-btnBasicSearch","searchOpenDialogs":true,"interaction":{"idSuffix":"I"}},"clearTextFirst":true,"interactionType":"ENTER_TEXT"}]}
RESULT: {"script":"<script> [776 bytes]","args":[{"enterText":"rXW5TMKDcW","selector":{"id":"application-managehandovers-display-component---AddNewHO--smartFilterBar-btnBasicSearch","searchOpenDialogs":true,"interaction":{"idSuffix":"I"}},"clearTextFirst":true,"interactionType":"ENTER_TEXT"}]}
COMMAND: POST /session/f10bfffe94842169a26616823eaa69fd/actions - {"actions":[{"id":"action42","type":"key","parameters":{},"actions":[{"type":"keyDown","value":""},{"type":"pause","duration":10},{"type":"keyUp","value":""}]}]}
RESULT: {"actions":[{"id":"action42","type":"key","parameters":{},"actions":[{"type":"keyDown","value":""},{"type":"pause","duration":10},{"type":"keyUp","value":""}]}]}
COMMAND: GET /session/f10bfffe94842169a26616823eaa69fd/screenshot - {}
RESULT: {}
COMMAND: POST /session/f10bfffe94842169a26616823eaa69fd/execute/async - {"script":"<script> [1562 bytes]","args":[{"selector":{"id":"application-managehandovers-display-component---AddNewHO--popup-sa","searchOpenDialogs":true,"interaction":{"idSuffix":"CbBg"}},"wdio_ui5_key":"applicationmanagehandovers-display-component---AddNewHO--popup-sa"}]}
RESULT: {"script":"<script> [1562 bytes]","args":[{"selector":{"id":"application-managehandovers-display-component---AddNewHO--popup-sa","searchOpenDialogs":true,"interaction":{"idSuffix":"CbBg"}},"wdio_ui5_key":"applicationmanagehandovers-display-component---AddNewHO--popup-sa"}]}
RESULT: undefined
COMMAND: POST /session/f10bfffe94842169a26616823eaa69fd/element - {"using":"xpath","value":"//*[@id=\"application-managehandovers-display-component---AddNewHO--popup-sa\"]"}
RESULT: {"using":"xpath","value":"//*[@id=\"application-managehandovers-display-component---AddNewHO--popup-sa\"]"}
COMMAND: POST /session/f10bfffe94842169a26616823eaa69fd/element/f.B31591FEBD8AE49568014889031CF3F7.d.E1B3E9F589E0A1768E01F1A54409F5C3.e.12597/click - {}
RESULT: {}
COMMAND: GET /session/f10bfffe94842169a26616823eaa69fd/screenshot - {}
RESULT: {}
COMMAND: POST /session/f10bfffe94842169a26616823eaa69fd/element - {"using":"xpath","value":"//bdi[contains(text(), \"Select\")]"}
RESULT: {"using":"xpath","value":"//bdi[contains(text(), \"Select\")]"}
COMMAND: POST /session/f10bfffe94842169a26616823eaa69fd/element/f.B31591FEBD8AE49568014889031CF3F7.d.E1B3E9F589E0A1768E01F1A54409F5C3.e.12598/click - {}
RESULT: {}
COMMAND: GET /session/f10bfffe94842169a26616823eaa69fd/screenshot - {}
RESULT: {}
COMMAND: POST /session/f10bfffe94842169a26616823eaa69fd/element - {"using":"xpath","value":"//button[@data-kt=\"AddNewHOSaveButton\"]"}
RESULT: {"using":"xpath","value":"//button[@data-kt=\"AddNewHOSaveButton\"]"}
COMMAND: POST /session/f10bfffe94842169a26616823eaa69fd/element/f.B31591FEBD8AE49568014889031CF3F7.d.E1B3E9F589E0A1768E01F1A54409F5C3.e.12602/click - {}
RESULT: {}
COMMAND: GET /session/f10bfffe94842169a26616823eaa69fd/screenshot - {}
COMMAND: POST /session/f10bfffe94842169a26616823eaa69fd/execute/async - {"script":"<script> [1562 bytes]","args":[{"selector":{"id":"receiptDatePicker","viewName":"etm.portal.ui.managehandovers.view.DetailExecuteHO","interaction":{"idSuffix":"inner"}},"wdio_ui5_key":"receiptDatePickeretmportal.ui.managehandovers.view.DetailExecuteHO"}]}
RESULT: {}
RESULT: {"script":"<script> [1562 bytes]","args":[{"selector":{"id":"receiptDatePicker","viewName":"etm.portal.ui.managehandovers.view.DetailExecuteHO","interaction":{"idSuffix":"inner"}},"wdio_ui5_key":"receiptDatePickeretmportal.ui.managehandovers.view.DetailExecuteHO"}]}
RESULT: undefined
COMMAND: POST /session/f10bfffe94842169a26616823eaa69fd/execute/async - {"script":"<script> [6424 bytes]","args":[{"element-6066-11e4-a52e-4f735466cecf":"f.B31591FEBD8AE49568014889031CF3F7.d.E1B3E9F589E0A1768E01F1A54409F5C3.e.12632"},"setValue",["04/18/2025"]]}
RESULT: {"script":"<script> [6424 bytes]","args":[{"element-6066-11e4-a52e-4f735466cecf":"f.B31591FEBD8AE49568014889031CF3F7.d.E1B3E9F589E0A1768E01F1A54409F5C3.e.12632"},"setValue",["04/18/2025"]]}
COMMAND: POST /session/f10bfffe94842169a26616823eaa69fd/element - {"using":"xpath","value":"//button[@data-kt=\"PickingTableConfirmAllButton\"]"}
RESULT: {"using":"xpath","value":"//button[@data-kt=\"PickingTableConfirmAllButton\"]"}
COMMAND: POST /session/f10bfffe94842169a26616823eaa69fd/element/f.B31591FEBD8AE49568014889031CF3F7.d.E1B3E9F589E0A1768E01F1A54409F5C3.e.12647/click - {}
RESULT: {}
COMMAND: GET /session/f10bfffe94842169a26616823eaa69fd/screenshot - {}
RESULT: {}
COMMAND: POST /session/f10bfffe94842169a26616823eaa69fd/element - {"using":"xpath","value":"//bdi[contains(text(), \"OK\")]"}
RESULT: {"using":"xpath","value":"//bdi[contains(text(), \"OK\")]"}
COMMAND: POST /session/f10bfffe94842169a26616823eaa69fd/element/f.B31591FEBD8AE49568014889031CF3F7.d.E1B3E9F589E0A1768E01F1A54409F5C3.e.12649/click - {}
RESULT: {}
COMMAND: GET /session/f10bfffe94842169a26616823eaa69fd/screenshot - {}
RESULT: {}
COMMAND: POST /session/f10bfffe94842169a26616823eaa69fd/element - {"using":"xpath","value":"(//bdi[contains(text(), \"Receive\")])[2]"}
RESULT: {"using":"xpath","value":"(//bdi[contains(text(), \"Receive\")])[2]"}
COMMAND: POST /session/f10bfffe94842169a26616823eaa69fd/element/f.B31591FEBD8AE49568014889031CF3F7.d.E1B3E9F589E0A1768E01F1A54409F5C3.e.12651/click - {}
RESULT: {}
COMMAND: GET /session/f10bfffe94842169a26616823eaa69fd/screenshot - {}
RESULT: {}
COMMAND: POST /session/f10bfffe94842169a26616823eaa69fd/element - {"using":"css selector","value":"#shell-header-logo"}
RESULT: {"using":"css selector","value":"#shell-header-logo"}
COMMAND: POST /session/f10bfffe94842169a26616823eaa69fd/element/f.B31591FEBD8AE49568014889031CF3F7.d.E1B3E9F589E0A1768E01F1A54409F5C3.e.12028/click - {}
RESULT: {}
COMMAND: GET /session/f10bfffe94842169a26616823eaa69fd/screenshot - {}
RESULT: {}
]]></system-out>
    </testcase>
    <testcase classname="chrome.135_0_7049_42.windows.Create_master_data_for_mixed_billing_&amp;_do_billing_calculation_US151661" name="Should create a new contract" time="66.076">
      <system-out><![CDATA[
COMMAND: POST /session/f10bfffe94842169a26616823eaa69fd/execute/async - {"script":"<script> [1562 bytes]","args":[{"selector":{"controlType":"sap.m.Text","viewName":"etm.portal.ui.managecontractstile.view.Master","properties":{"text":"Manage Contracts"},"interaction":{"idSuffix":"inner"}},"wdio_ui5_key":"etmportal.ui.managecontractstile.view.Mastersap.m.Text{\"text\":\"Manage Contracts\"}"}]}
RESULT: {"script":"<script> [1562 bytes]","args":[{"selector":{"controlType":"sap.m.Text","viewName":"etm.portal.ui.managecontractstile.view.Master","properties":{"text":"Manage Contracts"},"interaction":{"idSuffix":"inner"}},"wdio_ui5_key":"etmportal.ui.managecontractstile.view.Mastersap.m.Text{\"text\":\"Manage Contracts\"}"}]}
RESULT: undefined
COMMAND: POST /session/f10bfffe94842169a26616823eaa69fd/element - {"using":"xpath","value":"//*[@id=\"__tile131-title\"]"}
RESULT: {"using":"xpath","value":"//*[@id=\"__tile131-title\"]"}
COMMAND: POST /session/f10bfffe94842169a26616823eaa69fd/element/f.B31591FEBD8AE49568014889031CF3F7.d.E1B3E9F589E0A1768E01F1A54409F5C3.e.12825/click - {}
RESULT: {}
COMMAND: GET /session/f10bfffe94842169a26616823eaa69fd/screenshot - {}
COMMAND: POST /session/f10bfffe94842169a26616823eaa69fd/element - {"using":"xpath","value":"//button[@data-kt=\"addButton\"]"}
RESULT: {}
RESULT: undefined
RESULT: undefined
RESULT: {"using":"xpath","value":"//button[@data-kt=\"addButton\"]"}
COMMAND: POST /session/f10bfffe94842169a26616823eaa69fd/elements - {"using":"xpath","value":"//button[@data-kt=\"addButton\"]"}
RESULT: {"using":"xpath","value":"//button[@data-kt=\"addButton\"]"}
COMMAND: POST /session/f10bfffe94842169a26616823eaa69fd/execute/sync - {"script":"<script> [8489 bytes]","args":[{"element-6066-11e4-a52e-4f735466cecf":"f.B31591FEBD8AE49568014889031CF3F7.d.E1B3E9F589E0A1768E01F1A54409F5C3.e.12872","ELEMENT":"f.B31591FEBD8AE49568014889031CF3F7.d.E1B3E9F589E0A1768E01F1A54409F5C3.e.12872"}]}
RESULT: {"script":"<script> [8489 bytes]","args":[{"element-6066-11e4-a52e-4f735466cecf":"f.B31591FEBD8AE49568014889031CF3F7.d.E1B3E9F589E0A1768E01F1A54409F5C3.e.12872","ELEMENT":"f.B31591FEBD8AE49568014889031CF3F7.d.E1B3E9F589E0A1768E01F1A54409F5C3.e.12872"}]}
COMMAND: GET /session/f10bfffe94842169a26616823eaa69fd/element/f.B31591FEBD8AE49568014889031CF3F7.d.E1B3E9F589E0A1768E01F1A54409F5C3.e.12872/enabled - {}
COMMAND: GET /session/f10bfffe94842169a26616823eaa69fd/screenshot - {}
RESULT: {}
COMMAND: POST /session/f10bfffe94842169a26616823eaa69fd/execute/sync - {"script":"<script> [8489 bytes]","args":[{"element-6066-11e4-a52e-4f735466cecf":"f.B31591FEBD8AE49568014889031CF3F7.d.E1B3E9F589E0A1768E01F1A54409F5C3.e.12872","ELEMENT":"f.B31591FEBD8AE49568014889031CF3F7.d.E1B3E9F589E0A1768E01F1A54409F5C3.e.12872"}]}
COMMAND: GET /session/f10bfffe94842169a26616823eaa69fd/screenshot - {}
RESULT: {}
RESULT: {"script":"<script> [8489 bytes]","args":[{"element-6066-11e4-a52e-4f735466cecf":"f.B31591FEBD8AE49568014889031CF3F7.d.E1B3E9F589E0A1768E01F1A54409F5C3.e.12872","ELEMENT":"f.B31591FEBD8AE49568014889031CF3F7.d.E1B3E9F589E0A1768E01F1A54409F5C3.e.12872"}]}
COMMAND: POST /session/f10bfffe94842169a26616823eaa69fd/execute/sync - {"script":"<script> [5351 bytes]","args":[{"element-6066-11e4-a52e-4f735466cecf":"f.B31591FEBD8AE49568014889031CF3F7.d.E1B3E9F589E0A1768E01F1A54409F5C3.e.12872","ELEMENT":"f.B31591FEBD8AE49568014889031CF3F7.d.E1B3E9F589E0A1768E01F1A54409F5C3.e.12872"}]}
COMMAND: GET /session/f10bfffe94842169a26616823eaa69fd/screenshot - {}
RESULT: {}
RESULT: {"script":"<script> [5351 bytes]","args":[{"element-6066-11e4-a52e-4f735466cecf":"f.B31591FEBD8AE49568014889031CF3F7.d.E1B3E9F589E0A1768E01F1A54409F5C3.e.12872","ELEMENT":"f.B31591FEBD8AE49568014889031CF3F7.d.E1B3E9F589E0A1768E01F1A54409F5C3.e.12872"}]}
COMMAND: GET /session/f10bfffe94842169a26616823eaa69fd/screenshot - {}
RESULT: {}
RESULT: {}
COMMAND: POST /session/f10bfffe94842169a26616823eaa69fd/element/f.B31591FEBD8AE49568014889031CF3F7.d.E1B3E9F589E0A1768E01F1A54409F5C3.e.12872/click - {}
RESULT: {}
COMMAND: GET /session/f10bfffe94842169a26616823eaa69fd/screenshot - {}
RESULT: {}
COMMAND: POST /session/f10bfffe94842169a26616823eaa69fd/execute/async - {"script":"<script> [1562 bytes]","args":[{"selector":{"id":"application-managecontracts-display-component---AddNewContract--projectDescription","interaction":{"idSuffix":"inner"}},"wdio_ui5_key":"applicationmanagecontracts-display-component---AddNewContract--projectDescription"}]}
RESULT: {"script":"<script> [1562 bytes]","args":[{"selector":{"id":"application-managecontracts-display-component---AddNewContract--projectDescription","interaction":{"idSuffix":"inner"}},"wdio_ui5_key":"applicationmanagecontracts-display-component---AddNewContract--projectDescription"}]}
RESULT: undefined
COMMAND: POST /session/f10bfffe94842169a26616823eaa69fd/execute/async - {"script":"<script> [776 bytes]","args":[{"enterText":"Mixed Contract WDIO","selector":{"id":"application-managecontracts-display-component---AddNewContract--projectDescription","interaction":{"idSuffix":"inner"}},"clearTextFirst":true,"interactionType":"ENTER_TEXT"}]}
RESULT: {"script":"<script> [776 bytes]","args":[{"enterText":"Mixed Contract WDIO","selector":{"id":"application-managecontracts-display-component---AddNewContract--projectDescription","interaction":{"idSuffix":"inner"}},"clearTextFirst":true,"interactionType":"ENTER_TEXT"}]}
COMMAND: POST /session/f10bfffe94842169a26616823eaa69fd/element - {"using":"xpath","value":"//input[@id=\"application-managecontracts-display-component---AddNewContract--site-inner\"]"}
RESULT: {"using":"xpath","value":"//input[@id=\"application-managecontracts-display-component---AddNewContract--site-inner\"]"}
COMMAND: POST /session/f10bfffe94842169a26616823eaa69fd/element/f.B31591FEBD8AE49568014889031CF3F7.d.E1B3E9F589E0A1768E01F1A54409F5C3.e.13205/clear - {}
RESULT: {}
COMMAND: POST /session/f10bfffe94842169a26616823eaa69fd/element/f.B31591FEBD8AE49568014889031CF3F7.d.E1B3E9F589E0A1768E01F1A54409F5C3.e.13205/value - {"text":"2389"}
COMMAND: GET /session/f10bfffe94842169a26616823eaa69fd/screenshot - {}
RESULT: {"text":"2389"}
COMMAND: GET /session/f10bfffe94842169a26616823eaa69fd/screenshot - {}
RESULT: {}
RESULT: {}
COMMAND: POST /session/f10bfffe94842169a26616823eaa69fd/element - {"using":"xpath","value":"//li[.//span[text()='2389']]"}
RESULT: {"using":"xpath","value":"//li[.//span[text()='2389']]"}
COMMAND: POST /session/f10bfffe94842169a26616823eaa69fd/element/f.B31591FEBD8AE49568014889031CF3F7.d.E1B3E9F589E0A1768E01F1A54409F5C3.e.13228/click - {}
RESULT: {}
COMMAND: GET /session/f10bfffe94842169a26616823eaa69fd/screenshot - {}
RESULT: {}
COMMAND: POST /session/f10bfffe94842169a26616823eaa69fd/element - {"using":"xpath","value":"//input[@id=\"application-managecontracts-display-component---AddNewContract--yardId-inner\"]"}
RESULT: {"using":"xpath","value":"//input[@id=\"application-managecontracts-display-component---AddNewContract--yardId-inner\"]"}
COMMAND: GET /session/f10bfffe94842169a26616823eaa69fd/element/f.B31591FEBD8AE49568014889031CF3F7.d.E1B3E9F589E0A1768E01F1A54409F5C3.e.13206/property/value - {}
RESULT: {}
COMMAND: POST /session/f10bfffe94842169a26616823eaa69fd/element - {"using":"xpath","value":"//input[@id=\"application-managecontracts-display-component---AddNewContract--customerSelect-inner\"]"}
COMMAND: GET /session/f10bfffe94842169a26616823eaa69fd/screenshot - {}
RESULT: {"using":"xpath","value":"//input[@id=\"application-managecontracts-display-component---AddNewContract--customerSelect-inner\"]"}
COMMAND: POST /session/f10bfffe94842169a26616823eaa69fd/element/f.B31591FEBD8AE49568014889031CF3F7.d.E1B3E9F589E0A1768E01F1A54409F5C3.e.13204/clear - {}
RESULT: {}
RESULT: {}
COMMAND: POST /session/f10bfffe94842169a26616823eaa69fd/element/f.B31591FEBD8AE49568014889031CF3F7.d.E1B3E9F589E0A1768E01F1A54409F5C3.e.13204/value - {"text":"1430"}
COMMAND: GET /session/f10bfffe94842169a26616823eaa69fd/screenshot - {}
RESULT: {"text":"1430"}
COMMAND: GET /session/f10bfffe94842169a26616823eaa69fd/screenshot - {}
RESULT: {}
RESULT: {}
COMMAND: POST /session/f10bfffe94842169a26616823eaa69fd/element - {"using":"xpath","value":"//li[.//span[text()='1430']]"}
RESULT: {"using":"xpath","value":"//li[.//span[text()='1430']]"}
COMMAND: POST /session/f10bfffe94842169a26616823eaa69fd/element/f.B31591FEBD8AE49568014889031CF3F7.d.E1B3E9F589E0A1768E01F1A54409F5C3.e.13231/click - {}
RESULT: {}
COMMAND: GET /session/f10bfffe94842169a26616823eaa69fd/screenshot - {}
RESULT: {}
COMMAND: POST /session/f10bfffe94842169a26616823eaa69fd/element - {"using":"xpath","value":"//button[@data-kt=\"saveButton\"]"}
RESULT: {"using":"xpath","value":"//button[@data-kt=\"saveButton\"]"}
COMMAND: POST /session/f10bfffe94842169a26616823eaa69fd/element/f.B31591FEBD8AE49568014889031CF3F7.d.E1B3E9F589E0A1768E01F1A54409F5C3.e.13219/click - {}
RESULT: {}
COMMAND: GET /session/f10bfffe94842169a26616823eaa69fd/screenshot - {}
RESULT: {}
COMMAND: POST /session/f10bfffe94842169a26616823eaa69fd/element - {"using":"xpath","value":"//span[contains(@id ,\"contractDetailTitleNoExpanded\")]"}
RESULT: {"using":"xpath","value":"//span[contains(@id ,\"contractDetailTitleNoExpanded\")]"}
COMMAND: POST /session/f10bfffe94842169a26616823eaa69fd/elements - {"using":"xpath","value":"//span[contains(@id ,\"contractDetailTitleNoExpanded\")]"}
RESULT: {"using":"xpath","value":"//span[contains(@id ,\"contractDetailTitleNoExpanded\")]"}
COMMAND: POST /session/f10bfffe94842169a26616823eaa69fd/execute/sync - {"script":"<script> [56 bytes]","args":[{"element-6066-11e4-a52e-4f735466cecf":"f.B31591FEBD8AE49568014889031CF3F7.d.E1B3E9F589E0A1768E01F1A54409F5C3.e.13291","ELEMENT":"f.B31591FEBD8AE49568014889031CF3F7.d.E1B3E9F589E0A1768E01F1A54409F5C3.e.13291"}]}
RESULT: {"script":"<script> [56 bytes]","args":[{"element-6066-11e4-a52e-4f735466cecf":"f.B31591FEBD8AE49568014889031CF3F7.d.E1B3E9F589E0A1768E01F1A54409F5C3.e.13291","ELEMENT":"f.B31591FEBD8AE49568014889031CF3F7.d.E1B3E9F589E0A1768E01F1A54409F5C3.e.13291"}]}
COMMAND: GET /session/f10bfffe94842169a26616823eaa69fd/screenshot - {}
]]></system-out>
    </testcase>
    <testcase classname="chrome.135_0_7049_42.windows.Create_master_data_for_mixed_billing_&amp;_do_billing_calculation_US151661" name="Should add equipment to the contract" time="45.385">
      <system-out><![CDATA[
COMMAND: POST /session/f10bfffe94842169a26616823eaa69fd/element - {"using":"xpath","value":"//button[@data-kt=\"contractDetailEditBtnButton\"]"}
RESULT: {}
RESULT: {"using":"xpath","value":"//button[@data-kt=\"contractDetailEditBtnButton\"]"}
COMMAND: POST /session/f10bfffe94842169a26616823eaa69fd/element/f.B31591FEBD8AE49568014889031CF3F7.d.E1B3E9F589E0A1768E01F1A54409F5C3.e.13305/click - {}
RESULT: {}
COMMAND: GET /session/f10bfffe94842169a26616823eaa69fd/screenshot - {}
RESULT: {}
COMMAND: POST /session/f10bfffe94842169a26616823eaa69fd/element - {"using":"xpath","value":"(//span[contains(text(), \"Additional Addresses\")])[2]"}
RESULT: {"using":"xpath","value":"(//span[contains(text(), \"Additional Addresses\")])[2]"}
COMMAND: POST /session/f10bfffe94842169a26616823eaa69fd/element/f.B31591FEBD8AE49568014889031CF3F7.d.E1B3E9F589E0A1768E01F1A54409F5C3.e.13361/click - {}
RESULT: {}
COMMAND: GET /session/f10bfffe94842169a26616823eaa69fd/screenshot - {}
RESULT: {}
COMMAND: POST /session/f10bfffe94842169a26616823eaa69fd/element - {"using":"xpath","value":"//button[@data-kt=\"btnAddTableRowOverflowToolbarButton\"]"}
RESULT: {"using":"xpath","value":"//button[@data-kt=\"btnAddTableRowOverflowToolbarButton\"]"}
COMMAND: POST /session/f10bfffe94842169a26616823eaa69fd/element/f.B31591FEBD8AE49568014889031CF3F7.d.E1B3E9F589E0A1768E01F1A54409F5C3.e.13365/click - {}
RESULT: {}
COMMAND: GET /session/f10bfffe94842169a26616823eaa69fd/screenshot - {}
RESULT: {}
COMMAND: POST /session/f10bfffe94842169a26616823eaa69fd/element - {"using":"xpath","value":"//div[(text() = 'Standard Entry' or . = 'Standard Entry')]"}
RESULT: {"using":"xpath","value":"//div[(text() = 'Standard Entry' or . = 'Standard Entry')]"}
COMMAND: POST /session/f10bfffe94842169a26616823eaa69fd/element/f.B31591FEBD8AE49568014889031CF3F7.d.E1B3E9F589E0A1768E01F1A54409F5C3.e.13367/click - {}
RESULT: {}
COMMAND: GET /session/f10bfffe94842169a26616823eaa69fd/screenshot - {}
RESULT: {}
COMMAND: POST /session/f10bfffe94842169a26616823eaa69fd/element - {"using":"xpath","value":"//td[7]/div/div/input"}
RESULT: {"using":"xpath","value":"//td[7]/div/div/input"}
COMMAND: POST /session/f10bfffe94842169a26616823eaa69fd/element/f.B31591FEBD8AE49568014889031CF3F7.d.E1B3E9F589E0A1768E01F1A54409F5C3.e.13376/clear - {}
RESULT: {}
COMMAND: POST /session/f10bfffe94842169a26616823eaa69fd/element/f.B31591FEBD8AE49568014889031CF3F7.d.E1B3E9F589E0A1768E01F1A54409F5C3.e.13376/value - {"text":"rXW5TMKDcW"}
COMMAND: GET /session/f10bfffe94842169a26616823eaa69fd/screenshot - {}
RESULT: {"text":"rXW5TMKDcW"}
COMMAND: GET /session/f10bfffe94842169a26616823eaa69fd/screenshot - {}
RESULT: {}
RESULT: {}
COMMAND: POST /session/f10bfffe94842169a26616823eaa69fd/actions - {"actions":[{"id":"action43","type":"key","parameters":{},"actions":[{"type":"keyDown","value":""},{"type":"pause","duration":10},{"type":"keyUp","value":""}]}]}
RESULT: {"actions":[{"id":"action43","type":"key","parameters":{},"actions":[{"type":"keyDown","value":""},{"type":"pause","duration":10},{"type":"keyUp","value":""}]}]}
COMMAND: GET /session/f10bfffe94842169a26616823eaa69fd/screenshot - {}
RESULT: {}
COMMAND: POST /session/f10bfffe94842169a26616823eaa69fd/element - {"using":"xpath","value":"(//button[@data-kt=\"saveButton\"])[2]"}
RESULT: {"using":"xpath","value":"(//button[@data-kt=\"saveButton\"])[2]"}
COMMAND: POST /session/f10bfffe94842169a26616823eaa69fd/element/f.B31591FEBD8AE49568014889031CF3F7.d.E1B3E9F589E0A1768E01F1A54409F5C3.e.13391/click - {}
RESULT: {}
COMMAND: GET /session/f10bfffe94842169a26616823eaa69fd/screenshot - {}
RESULT: {}
COMMAND: POST /session/f10bfffe94842169a26616823eaa69fd/element - {"using":"xpath","value":"//span[contains(@id ,\"contractItemsSmartTable-header-inner\")]"}
RESULT: {"using":"xpath","value":"//span[contains(@id ,\"contractItemsSmartTable-header-inner\")]"}
COMMAND: POST /session/f10bfffe94842169a26616823eaa69fd/elements - {"using":"xpath","value":"//span[contains(@id ,\"contractItemsSmartTable-header-inner\")]"}
RESULT: {"using":"xpath","value":"//span[contains(@id ,\"contractItemsSmartTable-header-inner\")]"}
COMMAND: POST /session/f10bfffe94842169a26616823eaa69fd/execute/sync - {"script":"<script> [56 bytes]","args":[{"element-6066-11e4-a52e-4f735466cecf":"f.B31591FEBD8AE49568014889031CF3F7.d.E1B3E9F589E0A1768E01F1A54409F5C3.e.13397","ELEMENT":"f.B31591FEBD8AE49568014889031CF3F7.d.E1B3E9F589E0A1768E01F1A54409F5C3.e.13397"}]}
RESULT: {"script":"<script> [56 bytes]","args":[{"element-6066-11e4-a52e-4f735466cecf":"f.B31591FEBD8AE49568014889031CF3F7.d.E1B3E9F589E0A1768E01F1A54409F5C3.e.13397","ELEMENT":"f.B31591FEBD8AE49568014889031CF3F7.d.E1B3E9F589E0A1768E01F1A54409F5C3.e.13397"}]}
COMMAND: GET /session/f10bfffe94842169a26616823eaa69fd/screenshot - {}
]]></system-out>
    </testcase>
    <testcase classname="chrome.135_0_7049_42.windows.Create_master_data_for_mixed_billing_&amp;_do_billing_calculation_US151661" name="Should do a provide to site handover" time="63.021">
      <system-out><![CDATA[
COMMAND: POST /session/f10bfffe94842169a26616823eaa69fd/element - {"using":"xpath","value":"//button[@data-kt=\"provideButton\"]"}
RESULT: {}
RESULT: {"using":"xpath","value":"//button[@data-kt=\"provideButton\"]"}
COMMAND: POST /session/f10bfffe94842169a26616823eaa69fd/element/f.B31591FEBD8AE49568014889031CF3F7.d.E1B3E9F589E0A1768E01F1A54409F5C3.e.13399/click - {}
RESULT: {}
COMMAND: GET /session/f10bfffe94842169a26616823eaa69fd/screenshot - {}
RESULT: {}
RESULT: undefined
COMMAND: POST /session/f10bfffe94842169a26616823eaa69fd/execute/async - {"script":"<script> [6424 bytes]","args":[{"element-6066-11e4-a52e-4f735466cecf":"f.B31591FEBD8AE49568014889031CF3F7.d.E1B3E9F589E0A1768E01F1A54409F5C3.e.12417"},"setValue",["04/18/2025"]]}
COMMAND: POST /session/f10bfffe94842169a26616823eaa69fd/execute/async - {"script":"<script> [1562 bytes]","args":[{"selector":{"id":"application-managehandovers-display-component---AddNewHO--dueDate","interaction":{"idSuffix":"inner"}},"wdio_ui5_key":"applicationmanagehandovers-display-component---AddNewHO--dueDate"}]}
RESULT: {"script":"<script> [1562 bytes]","args":[{"selector":{"id":"application-managehandovers-display-component---AddNewHO--dueDate","interaction":{"idSuffix":"inner"}},"wdio_ui5_key":"applicationmanagehandovers-display-component---AddNewHO--dueDate"}]}
COMMAND: POST /session/f10bfffe94842169a26616823eaa69fd/execute/async - {"script":"<script> [6424 bytes]","args":[{"element-6066-11e4-a52e-4f735466cecf":"f.B31591FEBD8AE49568014889031CF3F7.d.E1B3E9F589E0A1768E01F1A54409F5C3.e.13471"},"setValue",["04/18/2025"]]}
RESULT: {"script":"<script> [6424 bytes]","args":[{"element-6066-11e4-a52e-4f735466cecf":"f.B31591FEBD8AE49568014889031CF3F7.d.E1B3E9F589E0A1768E01F1A54409F5C3.e.13471"},"setValue",["04/18/2025"]]}
COMMAND: POST /session/f10bfffe94842169a26616823eaa69fd/element - {"using":"xpath","value":"//bdi[contains(text(), \"Instructions\")]"}
RESULT: {"using":"xpath","value":"//bdi[contains(text(), \"Instructions\")]"}
COMMAND: POST /session/f10bfffe94842169a26616823eaa69fd/element/f.B31591FEBD8AE49568014889031CF3F7.d.E1B3E9F589E0A1768E01F1A54409F5C3.e.13681/click - {}
RESULT: {}
COMMAND: GET /session/f10bfffe94842169a26616823eaa69fd/screenshot - {}
RESULT: {}
COMMAND: POST /session/f10bfffe94842169a26616823eaa69fd/element - {"using":"xpath","value":"//button[@data-kt=\"AddNewHOProvideAddItemsButton\"]"}
RESULT: {"using":"xpath","value":"//button[@data-kt=\"AddNewHOProvideAddItemsButton\"]"}
COMMAND: POST /session/f10bfffe94842169a26616823eaa69fd/element/f.B31591FEBD8AE49568014889031CF3F7.d.E1B3E9F589E0A1768E01F1A54409F5C3.e.13685/click - {}
RESULT: {}
COMMAND: GET /session/f10bfffe94842169a26616823eaa69fd/screenshot - {}
RESULT: {}
RESULT: undefined
COMMAND: POST /session/f10bfffe94842169a26616823eaa69fd/element - {"using":"xpath","value":"//*[@id=\"application-managehandovers-display-component---AddNewHO--popup-sa\"]"}
RESULT: {"using":"xpath","value":"//*[@id=\"application-managehandovers-display-component---AddNewHO--popup-sa\"]"}
COMMAND: POST /session/f10bfffe94842169a26616823eaa69fd/element/f.B31591FEBD8AE49568014889031CF3F7.d.E1B3E9F589E0A1768E01F1A54409F5C3.e.13694/click - {}
RESULT: {}
COMMAND: GET /session/f10bfffe94842169a26616823eaa69fd/screenshot - {}
RESULT: {}
COMMAND: POST /session/f10bfffe94842169a26616823eaa69fd/element - {"using":"xpath","value":"//*[contains(@id ,\"BDI-content\")][contains(text(), \"Select\")]"}
RESULT: {"using":"xpath","value":"//*[contains(@id ,\"BDI-content\")][contains(text(), \"Select\")]"}
COMMAND: POST /session/f10bfffe94842169a26616823eaa69fd/element/f.B31591FEBD8AE49568014889031CF3F7.d.E1B3E9F589E0A1768E01F1A54409F5C3.e.13696/click - {}
RESULT: {}
COMMAND: GET /session/f10bfffe94842169a26616823eaa69fd/screenshot - {}
RESULT: {}
COMMAND: POST /session/f10bfffe94842169a26616823eaa69fd/execute/async - {"script":"<script> [1562 bytes]","args":[{"selector":{"id":"application-managehandovers-display-component---AddNewHO--confirmCreationButton","interaction":{"idSuffix":"BDI-content"}},"wdio_ui5_key":"applicationmanagehandovers-display-component---AddNewHO--confirmCreationButton"}]}
RESULT: {"script":"<script> [1562 bytes]","args":[{"selector":{"id":"application-managehandovers-display-component---AddNewHO--confirmCreationButton","interaction":{"idSuffix":"BDI-content"}},"wdio_ui5_key":"applicationmanagehandovers-display-component---AddNewHO--confirmCreationButton"}]}
RESULT: undefined
COMMAND: POST /session/f10bfffe94842169a26616823eaa69fd/element - {"using":"xpath","value":"//*[@id=\"application-managehandovers-display-component---AddNewHO--confirmCreationButton\"]"}
RESULT: {"using":"xpath","value":"//*[@id=\"application-managehandovers-display-component---AddNewHO--confirmCreationButton\"]"}
COMMAND: POST /session/f10bfffe94842169a26616823eaa69fd/element/f.B31591FEBD8AE49568014889031CF3F7.d.E1B3E9F589E0A1768E01F1A54409F5C3.e.13492/click - {}
RESULT: {}
COMMAND: GET /session/f10bfffe94842169a26616823eaa69fd/screenshot - {}
RESULT: {}
COMMAND: POST /session/f10bfffe94842169a26616823eaa69fd/element - {"using":"xpath","value":"//button[@data-kt=\"PickingTableConfirmAllButton\"]"}
RESULT: {"using":"xpath","value":"//button[@data-kt=\"PickingTableConfirmAllButton\"]"}
COMMAND: POST /session/f10bfffe94842169a26616823eaa69fd/element/f.B31591FEBD8AE49568014889031CF3F7.d.E1B3E9F589E0A1768E01F1A54409F5C3.e.13751/click - {}
RESULT: {}
COMMAND: GET /session/f10bfffe94842169a26616823eaa69fd/screenshot - {}
RESULT: {}
COMMAND: POST /session/f10bfffe94842169a26616823eaa69fd/element - {"using":"xpath","value":"//bdi[contains(text(), \"OK\")]"}
RESULT: {"using":"xpath","value":"//bdi[contains(text(), \"OK\")]"}
COMMAND: POST /session/f10bfffe94842169a26616823eaa69fd/element/f.B31591FEBD8AE49568014889031CF3F7.d.E1B3E9F589E0A1768E01F1A54409F5C3.e.13755/click - {}
RESULT: {}
COMMAND: GET /session/f10bfffe94842169a26616823eaa69fd/screenshot - {}
RESULT: {}
COMMAND: POST /session/f10bfffe94842169a26616823eaa69fd/element - {"using":"xpath","value":"//bdi[contains(text(), \"Ok\")]"}
RESULT: {"using":"xpath","value":"//bdi[contains(text(), \"Ok\")]"}
COMMAND: POST /session/f10bfffe94842169a26616823eaa69fd/element/f.B31591FEBD8AE49568014889031CF3F7.d.E1B3E9F589E0A1768E01F1A54409F5C3.e.13763/click - {}
RESULT: {}
COMMAND: GET /session/f10bfffe94842169a26616823eaa69fd/screenshot - {}
RESULT: {}
COMMAND: POST /session/f10bfffe94842169a26616823eaa69fd/element - {"using":"xpath","value":"//bdi[contains(text(), \"Issue\")]"}
RESULT: {"using":"xpath","value":"//bdi[contains(text(), \"Issue\")]"}
COMMAND: POST /session/f10bfffe94842169a26616823eaa69fd/element/f.B31591FEBD8AE49568014889031CF3F7.d.E1B3E9F589E0A1768E01F1A54409F5C3.e.13765/click - {}
RESULT: {}
COMMAND: GET /session/f10bfffe94842169a26616823eaa69fd/screenshot - {}
RESULT: {}
COMMAND: POST /session/f10bfffe94842169a26616823eaa69fd/element - {"using":"css selector","value":"#shell-header-logo"}
RESULT: {"using":"css selector","value":"#shell-header-logo"}
COMMAND: POST /session/f10bfffe94842169a26616823eaa69fd/element/f.B31591FEBD8AE49568014889031CF3F7.d.E1B3E9F589E0A1768E01F1A54409F5C3.e.12827/click - {}
RESULT: {}
COMMAND: GET /session/f10bfffe94842169a26616823eaa69fd/screenshot - {}
RESULT: {}
]]></system-out>
    </testcase>
    <testcase classname="chrome.135_0_7049_42.windows.Create_master_data_for_mixed_billing_&amp;_do_billing_calculation_US151661" name="Should create a few performance documents" time="105.87">
      <system-out><![CDATA[
COMMAND: POST /session/f10bfffe94842169a26616823eaa69fd/window/fullscreen - {}
RESULT: {}
COMMAND: POST /session/f10bfffe94842169a26616823eaa69fd/execute/async - {"script":"<script> [1562 bytes]","args":[{"selector":{"controlType":"sap.m.GenericTile","properties":{"header":"Manage States & Performance"}},"wdio_ui5_key":"sapm.GenericTile{\"header\":\"Manage States & Performance\"}"}]}
RESULT: {"script":"<script> [1562 bytes]","args":[{"selector":{"controlType":"sap.m.GenericTile","properties":{"header":"Manage States & Performance"}},"wdio_ui5_key":"sapm.GenericTile{\"header\":\"Manage States & Performance\"}"}]}
RESULT: undefined
COMMAND: POST /session/f10bfffe94842169a26616823eaa69fd/element - {"using":"xpath","value":"//*[@id=\"__tile56\"]"}
RESULT: {"using":"xpath","value":"//*[@id=\"__tile56\"]"}
COMMAND: POST /session/f10bfffe94842169a26616823eaa69fd/element/f.B31591FEBD8AE49568014889031CF3F7.d.E1B3E9F589E0A1768E01F1A54409F5C3.e.6609/click - {}
RESULT: {}
COMMAND: POST /session/f10bfffe94842169a26616823eaa69fd/execute/async - {"script":"<script> [1562 bytes]","args":[{"selector":{"id":"application-managestatesandperformance-display-component---stateAndPerform--smartFilterBarResources-btnBasicSearch","interaction":{"idSuffix":"I"}},"wdio_ui5_key":"applicationmanagestatesandperformance-display-component---stateAndPerform--smartFilterBarResources-btnBasicSearch"}]}
COMMAND: GET /session/f10bfffe94842169a26616823eaa69fd/screenshot - {}
RESULT: {"script":"<script> [1562 bytes]","args":[{"selector":{"id":"application-managestatesandperformance-display-component---stateAndPerform--smartFilterBarResources-btnBasicSearch","interaction":{"idSuffix":"I"}},"wdio_ui5_key":"applicationmanagestatesandperformance-display-component---stateAndPerform--smartFilterBarResources-btnBasicSearch"}]}
RESULT: undefined
COMMAND: POST /session/f10bfffe94842169a26616823eaa69fd/execute/async - {"script":"<script> [776 bytes]","args":[{"enterText":"rXW5TMKDcW","selector":{"id":"application-managestatesandperformance-display-component---stateAndPerform--smartFilterBarResources-btnBasicSearch","interaction":{"idSuffix":"I"}},"clearTextFirst":true,"interactionType":"ENTER_TEXT"}]}
RESULT: {}
RESULT: {"script":"<script> [776 bytes]","args":[{"enterText":"rXW5TMKDcW","selector":{"id":"application-managestatesandperformance-display-component---stateAndPerform--smartFilterBarResources-btnBasicSearch","interaction":{"idSuffix":"I"}},"clearTextFirst":true,"interactionType":"ENTER_TEXT"}]}
COMMAND: POST /session/f10bfffe94842169a26616823eaa69fd/actions - {"actions":[{"id":"action44","type":"key","parameters":{},"actions":[{"type":"keyDown","value":""},{"type":"pause","duration":10},{"type":"keyUp","value":""}]}]}
RESULT: {"actions":[{"id":"action44","type":"key","parameters":{},"actions":[{"type":"keyDown","value":""},{"type":"pause","duration":10},{"type":"keyUp","value":""}]}]}
COMMAND: GET /session/f10bfffe94842169a26616823eaa69fd/screenshot - {}
RESULT: {}
COMMAND: POST /session/f10bfffe94842169a26616823eaa69fd/execute/async - {"script":"<script> [1562 bytes]","args":[{"selector":{"id":"application-managestatesandperformance-display-component---stateAndPerform--stateAndPerformResourcesSmartTable-header"},"wdio_ui5_key":"applicationmanagestatesandperformance-display-component---stateAndPerform--stateAndPerformResourcesSmartTable-header"}]}
RESULT: {"script":"<script> [1562 bytes]","args":[{"selector":{"id":"application-managestatesandperformance-display-component---stateAndPerform--stateAndPerformResourcesSmartTable-header"},"wdio_ui5_key":"applicationmanagestatesandperformance-display-component---stateAndPerform--stateAndPerformResourcesSmartTable-header"}]}
RESULT: undefined
COMMAND: POST /session/f10bfffe94842169a26616823eaa69fd/execute/async - {"script":"<script> [6424 bytes]","args":[{"element-6066-11e4-a52e-4f735466cecf":"f.B31591FEBD8AE49568014889031CF3F7.d.E1B3E9F589E0A1768E01F1A54409F5C3.e.14043"},"getText",[]]}
RESULT: {"script":"<script> [6424 bytes]","args":[{"element-6066-11e4-a52e-4f735466cecf":"f.B31591FEBD8AE49568014889031CF3F7.d.E1B3E9F589E0A1768E01F1A54409F5C3.e.14043"},"getText",[]]}
COMMAND: POST /session/f10bfffe94842169a26616823eaa69fd/execute/async - {"script":"<script> [1562 bytes]","args":[{"selector":{"controlType":"sap.ui.core.Icon","viewName":"etm.portal.ui.managestatesandperformance.view.Master","viewId":"application-managestatesandperformance-display-component---stateAndPerform","properties":{"src":{"regex":{"source":"slim\\-arrow\\-right"}}}},"wdio_ui5_key":"etmportal.ui.managestatesandperformance.view.Mastersap.ui.core.Icon{\"src\":{\"regex\":{\"source\":\"slim\\\\-arrow\\\\-right\"}}}"}]}
RESULT: {"script":"<script> [1562 bytes]","args":[{"selector":{"controlType":"sap.ui.core.Icon","viewName":"etm.portal.ui.managestatesandperformance.view.Master","viewId":"application-managestatesandperformance-display-component---stateAndPerform","properties":{"src":{"regex":{"source":"slim\\-arrow\\-right"}}}},"wdio_ui5_key":"etmportal.ui.managestatesandperformance.view.Mastersap.ui.core.Icon{\"src\":{\"regex\":{\"source\":\"slim\\\\-arrow\\\\-right\"}}}"}]}
RESULT: undefined
COMMAND: POST /session/f10bfffe94842169a26616823eaa69fd/element - {"using":"xpath","value":"//*[@id=\"__item4739-__clone18039-imgNav\"]"}
RESULT: {"using":"xpath","value":"//*[@id=\"__item4739-__clone18039-imgNav\"]"}
COMMAND: POST /session/f10bfffe94842169a26616823eaa69fd/element/f.B31591FEBD8AE49568014889031CF3F7.d.E1B3E9F589E0A1768E01F1A54409F5C3.e.14042/click - {}
RESULT: {}
COMMAND: GET /session/f10bfffe94842169a26616823eaa69fd/screenshot - {}
RESULT: {}
COMMAND: POST /session/f10bfffe94842169a26616823eaa69fd/execute/async - {"script":"<script> [1562 bytes]","args":[{"selector":{"controlType":"sap.m.Button","viewName":"etm.portal.ui.managestatesandperformance.view.Detail","viewId":"application-managestatesandperformance-display-component---detailStateAndPerform","properties":{"text":"Performance Documents"}},"wdio_ui5_key":"etmportal.ui.managestatesandperformance.view.Detailsap.m.Button{\"text\":\"Performance Documents\"}"}]}
RESULT: {"script":"<script> [1562 bytes]","args":[{"selector":{"controlType":"sap.m.Button","viewName":"etm.portal.ui.managestatesandperformance.view.Detail","viewId":"application-managestatesandperformance-display-component---detailStateAndPerform","properties":{"text":"Performance Documents"}},"wdio_ui5_key":"etmportal.ui.managestatesandperformance.view.Detailsap.m.Button{\"text\":\"Performance Documents\"}"}]}
RESULT: undefined
COMMAND: POST /session/f10bfffe94842169a26616823eaa69fd/element - {"using":"xpath","value":"//*[@id=\"__item4762-button\"]"}
RESULT: {"using":"xpath","value":"//*[@id=\"__item4762-button\"]"}
COMMAND: POST /session/f10bfffe94842169a26616823eaa69fd/element/f.B31591FEBD8AE49568014889031CF3F7.d.E1B3E9F589E0A1768E01F1A54409F5C3.e.14089/click - {}
RESULT: {}
COMMAND: POST /session/f10bfffe94842169a26616823eaa69fd/execute/async - {"script":"<script> [1562 bytes]","args":[{"selector":{"controlType":"sap.m.Button","viewName":"etm.portal.ui.managestatesandperformance.view.Detail","viewId":"application-managestatesandperformance-display-component---detailStateAndPerform","i18NText":{"propertyName":"text","key":"createPerformanceDoc"},"interaction":{"idSuffix":"BDI-content"}},"wdio_ui5_key":"etmportal.ui.managestatesandperformance.view.Detailsap.m.Button{\"propertyName\":\"text\",\"key\":\"createPerformanceDoc\"}"}]}
COMMAND: GET /session/f10bfffe94842169a26616823eaa69fd/screenshot - {}
RESULT: {"script":"<script> [1562 bytes]","args":[{"selector":{"controlType":"sap.m.Button","viewName":"etm.portal.ui.managestatesandperformance.view.Detail","viewId":"application-managestatesandperformance-display-component---detailStateAndPerform","i18NText":{"propertyName":"text","key":"createPerformanceDoc"},"interaction":{"idSuffix":"BDI-content"}},"wdio_ui5_key":"etmportal.ui.managestatesandperformance.view.Detailsap.m.Button{\"propertyName\":\"text\",\"key\":\"createPerformanceDoc\"}"}]}
RESULT: undefined
COMMAND: POST /session/f10bfffe94842169a26616823eaa69fd/element - {"using":"xpath","value":"//*[@id=\"__button546\"]"}
RESULT: {}
RESULT: {"using":"xpath","value":"//*[@id=\"__button546\"]"}
COMMAND: POST /session/f10bfffe94842169a26616823eaa69fd/element/f.B31591FEBD8AE49568014889031CF3F7.d.E1B3E9F589E0A1768E01F1A54409F5C3.e.14094/click - {}
RESULT: {}
COMMAND: POST /session/f10bfffe94842169a26616823eaa69fd/execute/async - {"script":"<script> [1562 bytes]","args":[{"selector":{"id":"application-managestatesandperformance-display-component---detailStateAndPerform--perfDocDatePicker","searchOpenDialogs":true,"interaction":{"idSuffix":"inner"}},"wdio_ui5_key":"applicationmanagestatesandperformance-display-component---detailStateAndPerform--perfDocDatePicker"}]}
COMMAND: GET /session/f10bfffe94842169a26616823eaa69fd/screenshot - {}
RESULT: {"script":"<script> [1562 bytes]","args":[{"selector":{"id":"application-managestatesandperformance-display-component---detailStateAndPerform--perfDocDatePicker","searchOpenDialogs":true,"interaction":{"idSuffix":"inner"}},"wdio_ui5_key":"applicationmanagestatesandperformance-display-component---detailStateAndPerform--perfDocDatePicker"}]}
RESULT: undefined
COMMAND: POST /session/f10bfffe94842169a26616823eaa69fd/execute/async - {"script":"<script> [776 bytes]","args":[{"enterText":"04/20/25","selector":{"id":"application-managestatesandperformance-display-component---detailStateAndPerform--perfDocDatePicker","searchOpenDialogs":true,"interaction":{"idSuffix":"inner"}},"clearTextFirst":true,"interactionType":"ENTER_TEXT"}]}
RESULT: {}
RESULT: {"script":"<script> [776 bytes]","args":[{"enterText":"04/20/25","selector":{"id":"application-managestatesandperformance-display-component---detailStateAndPerform--perfDocDatePicker","searchOpenDialogs":true,"interaction":{"idSuffix":"inner"}},"clearTextFirst":true,"interactionType":"ENTER_TEXT"}]}
COMMAND: POST /session/f10bfffe94842169a26616823eaa69fd/execute/async - {"script":"<script> [1562 bytes]","args":[{"selector":{"id":"application-managestatesandperformance-display-component---detailStateAndPerform--counterValue-input","searchOpenDialogs":true,"interaction":{"idSuffix":"inner"}},"wdio_ui5_key":"applicationmanagestatesandperformance-display-component---detailStateAndPerform--counterValue-input"}]}
RESULT: {"script":"<script> [1562 bytes]","args":[{"selector":{"id":"application-managestatesandperformance-display-component---detailStateAndPerform--counterValue-input","searchOpenDialogs":true,"interaction":{"idSuffix":"inner"}},"wdio_ui5_key":"applicationmanagestatesandperformance-display-component---detailStateAndPerform--counterValue-input"}]}
RESULT: undefined
COMMAND: POST /session/f10bfffe94842169a26616823eaa69fd/execute/async - {"script":"<script> [776 bytes]","args":[{"enterText":"15.00","selector":{"id":"application-managestatesandperformance-display-component---detailStateAndPerform--counterValue-input","searchOpenDialogs":true,"interaction":{"idSuffix":"inner"}},"clearTextFirst":true,"interactionType":"ENTER_TEXT"}]}
RESULT: {"script":"<script> [776 bytes]","args":[{"enterText":"15.00","selector":{"id":"application-managestatesandperformance-display-component---detailStateAndPerform--counterValue-input","searchOpenDialogs":true,"interaction":{"idSuffix":"inner"}},"clearTextFirst":true,"interactionType":"ENTER_TEXT"}]}
COMMAND: POST /session/f10bfffe94842169a26616823eaa69fd/execute/async - {"script":"<script> [1562 bytes]","args":[{"selector":{"controlType":"sap.m.Button","viewName":"etm.portal.ui.managestatesandperformance.view.Detail","viewId":"application-managestatesandperformance-display-component---detailStateAndPerform","bindingPath":{"path":"","propertyPath":"/allowAddEdit","modelName":"oScreenModel"},"searchOpenDialogs":true,"interaction":{"idSuffix":"BDI-content"}},"wdio_ui5_key":"etmportal.ui.managestatesandperformance.view.Detailsap.m.Button{\"path\":\"\",\"propertyPath\":\"/allowAddEdit\",\"modelName\":\"oScreenModel\"}"}]}
RESULT: {"script":"<script> [1562 bytes]","args":[{"selector":{"controlType":"sap.m.Button","viewName":"etm.portal.ui.managestatesandperformance.view.Detail","viewId":"application-managestatesandperformance-display-component---detailStateAndPerform","bindingPath":{"path":"","propertyPath":"/allowAddEdit","modelName":"oScreenModel"},"searchOpenDialogs":true,"interaction":{"idSuffix":"BDI-content"}},"wdio_ui5_key":"etmportal.ui.managestatesandperformance.view.Detailsap.m.Button{\"path\":\"\",\"propertyPath\":\"/allowAddEdit\",\"modelName\":\"oScreenModel\"}"}]}
RESULT: undefined
COMMAND: POST /session/f10bfffe94842169a26616823eaa69fd/element - {"using":"xpath","value":"//*[@id=\"__button553\"]"}
RESULT: {"using":"xpath","value":"//*[@id=\"__button553\"]"}
COMMAND: POST /session/f10bfffe94842169a26616823eaa69fd/element/f.B31591FEBD8AE49568014889031CF3F7.d.E1B3E9F589E0A1768E01F1A54409F5C3.e.14115/click - {}
RESULT: {}
RESULT: undefined
COMMAND: POST /session/f10bfffe94842169a26616823eaa69fd/element - {"using":"xpath","value":"//*[@id=\"__button546\"]"}
COMMAND: GET /session/f10bfffe94842169a26616823eaa69fd/screenshot - {}
RESULT: {"using":"xpath","value":"//*[@id=\"__button546\"]"}
COMMAND: POST /session/f10bfffe94842169a26616823eaa69fd/element/f.B31591FEBD8AE49568014889031CF3F7.d.E1B3E9F589E0A1768E01F1A54409F5C3.e.14094/click - {}
RESULT: {}
RESULT: {}
RESULT: undefined
COMMAND: POST /session/f10bfffe94842169a26616823eaa69fd/execute/async - {"script":"<script> [776 bytes]","args":[{"enterText":"04/24/25","selector":{"id":"application-managestatesandperformance-display-component---detailStateAndPerform--perfDocDatePicker","searchOpenDialogs":true,"interaction":{"idSuffix":"inner"}},"clearTextFirst":true,"interactionType":"ENTER_TEXT"}]}
COMMAND: GET /session/f10bfffe94842169a26616823eaa69fd/screenshot - {}
RESULT: {"script":"<script> [776 bytes]","args":[{"enterText":"04/24/25","selector":{"id":"application-managestatesandperformance-display-component---detailStateAndPerform--perfDocDatePicker","searchOpenDialogs":true,"interaction":{"idSuffix":"inner"}},"clearTextFirst":true,"interactionType":"ENTER_TEXT"}]}
RESULT: undefined
COMMAND: POST /session/f10bfffe94842169a26616823eaa69fd/execute/async - {"script":"<script> [776 bytes]","args":[{"enterText":"20.00","selector":{"id":"application-managestatesandperformance-display-component---detailStateAndPerform--counterValue-input","searchOpenDialogs":true,"interaction":{"idSuffix":"inner"}},"clearTextFirst":true,"interactionType":"ENTER_TEXT"}]}
RESULT: {}
RESULT: {"script":"<script> [776 bytes]","args":[{"enterText":"20.00","selector":{"id":"application-managestatesandperformance-display-component---detailStateAndPerform--counterValue-input","searchOpenDialogs":true,"interaction":{"idSuffix":"inner"}},"clearTextFirst":true,"interactionType":"ENTER_TEXT"}]}
COMMAND: POST /session/f10bfffe94842169a26616823eaa69fd/actions - {"actions":[{"id":"action45","type":"key","parameters":{},"actions":[{"type":"keyDown","value":""},{"type":"keyDown","value":""},{"type":"pause","duration":10},{"type":"keyUp","value":""},{"type":"keyUp","value":""}]}]}
RESULT: {"actions":[{"id":"action45","type":"key","parameters":{},"actions":[{"type":"keyDown","value":""},{"type":"keyDown","value":""},{"type":"pause","duration":10},{"type":"keyUp","value":""},{"type":"keyUp","value":""}]}]}
COMMAND: POST /session/f10bfffe94842169a26616823eaa69fd/actions - {"actions":[{"id":"action46","type":"key","parameters":{},"actions":[{"type":"keyDown","value":""},{"type":"pause","duration":10},{"type":"keyUp","value":""}]}]}
COMMAND: GET /session/f10bfffe94842169a26616823eaa69fd/screenshot - {}
RESULT: {"actions":[{"id":"action46","type":"key","parameters":{},"actions":[{"type":"keyDown","value":""},{"type":"pause","duration":10},{"type":"keyUp","value":""}]}]}
RESULT: undefined
COMMAND: POST /session/f10bfffe94842169a26616823eaa69fd/element - {"using":"xpath","value":"//*[@id=\"__button553\"]"}
COMMAND: GET /session/f10bfffe94842169a26616823eaa69fd/screenshot - {}
RESULT: {}
RESULT: {"using":"xpath","value":"//*[@id=\"__button553\"]"}
COMMAND: POST /session/f10bfffe94842169a26616823eaa69fd/elements - {"using":"xpath","value":"//*[@id=\"__button553\"]"}
RESULT: {}
RESULT: {"using":"xpath","value":"//*[@id=\"__button553\"]"}
COMMAND: POST /session/f10bfffe94842169a26616823eaa69fd/elements - {"using":"xpath","value":"//*[@id=\"__button553\"]"}
RESULT: {"using":"xpath","value":"//*[@id=\"__button553\"]"}
COMMAND: POST /session/f10bfffe94842169a26616823eaa69fd/elements - {"using":"xpath","value":"//*[@id=\"__button553\"]"}
RESULT: {"using":"xpath","value":"//*[@id=\"__button553\"]"}
COMMAND: POST /session/f10bfffe94842169a26616823eaa69fd/elements - {"using":"xpath","value":"//*[@id=\"__button553\"]"}
RESULT: {"using":"xpath","value":"//*[@id=\"__button553\"]"}
COMMAND: POST /session/f10bfffe94842169a26616823eaa69fd/elements - {"using":"xpath","value":"//*[@id=\"__button553\"]"}
RESULT: {"using":"xpath","value":"//*[@id=\"__button553\"]"}
COMMAND: POST /session/f10bfffe94842169a26616823eaa69fd/elements - {"using":"xpath","value":"//*[@id=\"__button553\"]"}
RESULT: {"using":"xpath","value":"//*[@id=\"__button553\"]"}
COMMAND: POST /session/f10bfffe94842169a26616823eaa69fd/elements - {"using":"xpath","value":"//*[@id=\"__button553\"]"}
RESULT: {"using":"xpath","value":"//*[@id=\"__button553\"]"}
COMMAND: POST /session/f10bfffe94842169a26616823eaa69fd/elements - {"using":"xpath","value":"//*[@id=\"__button553\"]"}
RESULT: {"using":"xpath","value":"//*[@id=\"__button553\"]"}
COMMAND: POST /session/f10bfffe94842169a26616823eaa69fd/elements - {"using":"xpath","value":"//*[@id=\"__button553\"]"}
RESULT: {"using":"xpath","value":"//*[@id=\"__button553\"]"}
COMMAND: POST /session/f10bfffe94842169a26616823eaa69fd/elements - {"using":"xpath","value":"//*[@id=\"__button553\"]"}
RESULT: {"using":"xpath","value":"//*[@id=\"__button553\"]"}
COMMAND: POST /session/f10bfffe94842169a26616823eaa69fd/elements - {"using":"xpath","value":"//*[@id=\"__button553\"]"}
RESULT: {"using":"xpath","value":"//*[@id=\"__button553\"]"}
COMMAND: POST /session/f10bfffe94842169a26616823eaa69fd/elements - {"using":"xpath","value":"//*[@id=\"__button553\"]"}
RESULT: {"using":"xpath","value":"//*[@id=\"__button553\"]"}
COMMAND: POST /session/f10bfffe94842169a26616823eaa69fd/elements - {"using":"xpath","value":"//*[@id=\"__button553\"]"}
RESULT: {"using":"xpath","value":"//*[@id=\"__button553\"]"}
COMMAND: POST /session/f10bfffe94842169a26616823eaa69fd/elements - {"using":"xpath","value":"//*[@id=\"__button553\"]"}
RESULT: {"using":"xpath","value":"//*[@id=\"__button553\"]"}
COMMAND: POST /session/f10bfffe94842169a26616823eaa69fd/elements - {"using":"xpath","value":"//*[@id=\"__button553\"]"}
RESULT: {"using":"xpath","value":"//*[@id=\"__button553\"]"}
COMMAND: POST /session/f10bfffe94842169a26616823eaa69fd/elements - {"using":"xpath","value":"//*[@id=\"__button553\"]"}
RESULT: {"using":"xpath","value":"//*[@id=\"__button553\"]"}
COMMAND: POST /session/f10bfffe94842169a26616823eaa69fd/elements - {"using":"xpath","value":"//*[@id=\"__button553\"]"}
RESULT: {"using":"xpath","value":"//*[@id=\"__button553\"]"}
COMMAND: POST /session/f10bfffe94842169a26616823eaa69fd/elements - {"using":"xpath","value":"//*[@id=\"__button553\"]"}
RESULT: {"using":"xpath","value":"//*[@id=\"__button553\"]"}
COMMAND: POST /session/f10bfffe94842169a26616823eaa69fd/elements - {"using":"xpath","value":"//*[@id=\"__button553\"]"}
RESULT: {"using":"xpath","value":"//*[@id=\"__button553\"]"}
COMMAND: POST /session/f10bfffe94842169a26616823eaa69fd/elements - {"using":"xpath","value":"//*[@id=\"__button553\"]"}
RESULT: {"using":"xpath","value":"//*[@id=\"__button553\"]"}
COMMAND: POST /session/f10bfffe94842169a26616823eaa69fd/elements - {"using":"xpath","value":"//*[@id=\"__button553\"]"}
RESULT: {"using":"xpath","value":"//*[@id=\"__button553\"]"}
COMMAND: POST /session/f10bfffe94842169a26616823eaa69fd/elements - {"using":"xpath","value":"//*[@id=\"__button553\"]"}
RESULT: {"using":"xpath","value":"//*[@id=\"__button553\"]"}
COMMAND: POST /session/f10bfffe94842169a26616823eaa69fd/elements - {"using":"xpath","value":"//*[@id=\"__button553\"]"}
RESULT: {"using":"xpath","value":"//*[@id=\"__button553\"]"}
COMMAND: POST /session/f10bfffe94842169a26616823eaa69fd/elements - {"using":"xpath","value":"//*[@id=\"__button553\"]"}
RESULT: {"using":"xpath","value":"//*[@id=\"__button553\"]"}
COMMAND: POST /session/f10bfffe94842169a26616823eaa69fd/elements - {"using":"xpath","value":"//*[@id=\"__button553\"]"}
RESULT: {"using":"xpath","value":"//*[@id=\"__button553\"]"}
COMMAND: POST /session/f10bfffe94842169a26616823eaa69fd/elements - {"using":"xpath","value":"//*[@id=\"__button553\"]"}
RESULT: {"using":"xpath","value":"//*[@id=\"__button553\"]"}
COMMAND: POST /session/f10bfffe94842169a26616823eaa69fd/elements - {"using":"xpath","value":"//*[@id=\"__button553\"]"}
RESULT: {"using":"xpath","value":"//*[@id=\"__button553\"]"}
COMMAND: POST /session/f10bfffe94842169a26616823eaa69fd/elements - {"using":"xpath","value":"//*[@id=\"__button553\"]"}
RESULT: {"using":"xpath","value":"//*[@id=\"__button553\"]"}
COMMAND: POST /session/f10bfffe94842169a26616823eaa69fd/elements - {"using":"xpath","value":"//*[@id=\"__button553\"]"}
RESULT: {"using":"xpath","value":"//*[@id=\"__button553\"]"}
COMMAND: POST /session/f10bfffe94842169a26616823eaa69fd/elements - {"using":"xpath","value":"//*[@id=\"__button553\"]"}
RESULT: {"using":"xpath","value":"//*[@id=\"__button553\"]"}
COMMAND: POST /session/f10bfffe94842169a26616823eaa69fd/elements - {"using":"xpath","value":"//*[@id=\"__button553\"]"}
RESULT: {"using":"xpath","value":"//*[@id=\"__button553\"]"}
COMMAND: POST /session/f10bfffe94842169a26616823eaa69fd/elements - {"using":"xpath","value":"//*[@id=\"__button553\"]"}
RESULT: {"using":"xpath","value":"//*[@id=\"__button553\"]"}
COMMAND: POST /session/f10bfffe94842169a26616823eaa69fd/elements - {"using":"xpath","value":"//*[@id=\"__button553\"]"}
RESULT: {"using":"xpath","value":"//*[@id=\"__button553\"]"}
COMMAND: POST /session/f10bfffe94842169a26616823eaa69fd/elements - {"using":"xpath","value":"//*[@id=\"__button553\"]"}
RESULT: {"using":"xpath","value":"//*[@id=\"__button553\"]"}
COMMAND: POST /session/f10bfffe94842169a26616823eaa69fd/elements - {"using":"xpath","value":"//*[@id=\"__button553\"]"}
RESULT: {"using":"xpath","value":"//*[@id=\"__button553\"]"}
COMMAND: POST /session/f10bfffe94842169a26616823eaa69fd/elements - {"using":"xpath","value":"//*[@id=\"__button553\"]"}
RESULT: {"using":"xpath","value":"//*[@id=\"__button553\"]"}
COMMAND: POST /session/f10bfffe94842169a26616823eaa69fd/elements - {"using":"xpath","value":"//*[@id=\"__button553\"]"}
RESULT: {"using":"xpath","value":"//*[@id=\"__button553\"]"}
COMMAND: POST /session/f10bfffe94842169a26616823eaa69fd/elements - {"using":"xpath","value":"//*[@id=\"__button553\"]"}
RESULT: {"using":"xpath","value":"//*[@id=\"__button553\"]"}
COMMAND: POST /session/f10bfffe94842169a26616823eaa69fd/elements - {"using":"xpath","value":"//*[@id=\"__button553\"]"}
RESULT: {"using":"xpath","value":"//*[@id=\"__button553\"]"}
COMMAND: POST /session/f10bfffe94842169a26616823eaa69fd/elements - {"using":"xpath","value":"//*[@id=\"__button553\"]"}
RESULT: {"using":"xpath","value":"//*[@id=\"__button553\"]"}
COMMAND: POST /session/f10bfffe94842169a26616823eaa69fd/elements - {"using":"xpath","value":"//*[@id=\"__button553\"]"}
RESULT: {"using":"xpath","value":"//*[@id=\"__button553\"]"}
COMMAND: POST /session/f10bfffe94842169a26616823eaa69fd/elements - {"using":"xpath","value":"//*[@id=\"__button553\"]"}
RESULT: {"using":"xpath","value":"//*[@id=\"__button553\"]"}
COMMAND: POST /session/f10bfffe94842169a26616823eaa69fd/elements - {"using":"xpath","value":"//*[@id=\"__button553\"]"}
RESULT: {"using":"xpath","value":"//*[@id=\"__button553\"]"}
COMMAND: POST /session/f10bfffe94842169a26616823eaa69fd/elements - {"using":"xpath","value":"//*[@id=\"__button553\"]"}
RESULT: {"using":"xpath","value":"//*[@id=\"__button553\"]"}
COMMAND: POST /session/f10bfffe94842169a26616823eaa69fd/elements - {"using":"xpath","value":"//*[@id=\"__button553\"]"}
RESULT: {"using":"xpath","value":"//*[@id=\"__button553\"]"}
COMMAND: POST /session/f10bfffe94842169a26616823eaa69fd/elements - {"using":"xpath","value":"//*[@id=\"__button553\"]"}
RESULT: {"using":"xpath","value":"//*[@id=\"__button553\"]"}
COMMAND: POST /session/f10bfffe94842169a26616823eaa69fd/elements - {"using":"xpath","value":"//*[@id=\"__button553\"]"}
RESULT: {"using":"xpath","value":"//*[@id=\"__button553\"]"}
COMMAND: POST /session/f10bfffe94842169a26616823eaa69fd/elements - {"using":"xpath","value":"//*[@id=\"__button553\"]"}
RESULT: {"using":"xpath","value":"//*[@id=\"__button553\"]"}
COMMAND: POST /session/f10bfffe94842169a26616823eaa69fd/elements - {"using":"xpath","value":"//*[@id=\"__button553\"]"}
RESULT: {"using":"xpath","value":"//*[@id=\"__button553\"]"}
COMMAND: POST /session/f10bfffe94842169a26616823eaa69fd/elements - {"using":"xpath","value":"//*[@id=\"__button553\"]"}
RESULT: {"using":"xpath","value":"//*[@id=\"__button553\"]"}
COMMAND: POST /session/f10bfffe94842169a26616823eaa69fd/elements - {"using":"xpath","value":"//*[@id=\"__button553\"]"}
RESULT: {"using":"xpath","value":"//*[@id=\"__button553\"]"}
COMMAND: POST /session/f10bfffe94842169a26616823eaa69fd/elements - {"using":"xpath","value":"//*[@id=\"__button553\"]"}
RESULT: {"using":"xpath","value":"//*[@id=\"__button553\"]"}
COMMAND: POST /session/f10bfffe94842169a26616823eaa69fd/elements - {"using":"xpath","value":"//*[@id=\"__button553\"]"}
RESULT: {"using":"xpath","value":"//*[@id=\"__button553\"]"}
COMMAND: POST /session/f10bfffe94842169a26616823eaa69fd/elements - {"using":"xpath","value":"//*[@id=\"__button553\"]"}
RESULT: {"using":"xpath","value":"//*[@id=\"__button553\"]"}
COMMAND: POST /session/f10bfffe94842169a26616823eaa69fd/elements - {"using":"xpath","value":"//*[@id=\"__button553\"]"}
RESULT: {"using":"xpath","value":"//*[@id=\"__button553\"]"}
COMMAND: POST /session/f10bfffe94842169a26616823eaa69fd/elements - {"using":"xpath","value":"//*[@id=\"__button553\"]"}
RESULT: {"using":"xpath","value":"//*[@id=\"__button553\"]"}
COMMAND: POST /session/f10bfffe94842169a26616823eaa69fd/elements - {"using":"xpath","value":"//*[@id=\"__button553\"]"}
RESULT: {"using":"xpath","value":"//*[@id=\"__button553\"]"}
COMMAND: POST /session/f10bfffe94842169a26616823eaa69fd/elements - {"using":"xpath","value":"//*[@id=\"__button553\"]"}
RESULT: {"using":"xpath","value":"//*[@id=\"__button553\"]"}
COMMAND: POST /session/f10bfffe94842169a26616823eaa69fd/elements - {"using":"xpath","value":"//*[@id=\"__button553\"]"}
RESULT: {"using":"xpath","value":"//*[@id=\"__button553\"]"}
COMMAND: POST /session/f10bfffe94842169a26616823eaa69fd/elements - {"using":"xpath","value":"//*[@id=\"__button553\"]"}
RESULT: {"using":"xpath","value":"//*[@id=\"__button553\"]"}
COMMAND: POST /session/f10bfffe94842169a26616823eaa69fd/elements - {"using":"xpath","value":"//*[@id=\"__button553\"]"}
RESULT: {"using":"xpath","value":"//*[@id=\"__button553\"]"}
COMMAND: POST /session/f10bfffe94842169a26616823eaa69fd/elements - {"using":"xpath","value":"//*[@id=\"__button553\"]"}
RESULT: {"using":"xpath","value":"//*[@id=\"__button553\"]"}
COMMAND: POST /session/f10bfffe94842169a26616823eaa69fd/elements - {"using":"xpath","value":"//*[@id=\"__button553\"]"}
RESULT: {"using":"xpath","value":"//*[@id=\"__button553\"]"}
COMMAND: POST /session/f10bfffe94842169a26616823eaa69fd/elements - {"using":"xpath","value":"//*[@id=\"__button553\"]"}
RESULT: {"using":"xpath","value":"//*[@id=\"__button553\"]"}
COMMAND: POST /session/f10bfffe94842169a26616823eaa69fd/elements - {"using":"xpath","value":"//*[@id=\"__button553\"]"}
RESULT: {"using":"xpath","value":"//*[@id=\"__button553\"]"}
COMMAND: POST /session/f10bfffe94842169a26616823eaa69fd/elements - {"using":"xpath","value":"//*[@id=\"__button553\"]"}
RESULT: {"using":"xpath","value":"//*[@id=\"__button553\"]"}
COMMAND: POST /session/f10bfffe94842169a26616823eaa69fd/elements - {"using":"xpath","value":"//*[@id=\"__button553\"]"}
RESULT: {"using":"xpath","value":"//*[@id=\"__button553\"]"}
COMMAND: POST /session/f10bfffe94842169a26616823eaa69fd/elements - {"using":"xpath","value":"//*[@id=\"__button553\"]"}
RESULT: {"using":"xpath","value":"//*[@id=\"__button553\"]"}
COMMAND: POST /session/f10bfffe94842169a26616823eaa69fd/elements - {"using":"xpath","value":"//*[@id=\"__button553\"]"}
RESULT: {"using":"xpath","value":"//*[@id=\"__button553\"]"}
COMMAND: POST /session/f10bfffe94842169a26616823eaa69fd/elements - {"using":"xpath","value":"//*[@id=\"__button553\"]"}
RESULT: {"using":"xpath","value":"//*[@id=\"__button553\"]"}
COMMAND: POST /session/f10bfffe94842169a26616823eaa69fd/elements - {"using":"xpath","value":"//*[@id=\"__button553\"]"}
RESULT: {"using":"xpath","value":"//*[@id=\"__button553\"]"}
COMMAND: POST /session/f10bfffe94842169a26616823eaa69fd/elements - {"using":"xpath","value":"//*[@id=\"__button553\"]"}
RESULT: {"using":"xpath","value":"//*[@id=\"__button553\"]"}
COMMAND: POST /session/f10bfffe94842169a26616823eaa69fd/elements - {"using":"xpath","value":"//*[@id=\"__button553\"]"}
RESULT: {"using":"xpath","value":"//*[@id=\"__button553\"]"}
COMMAND: POST /session/f10bfffe94842169a26616823eaa69fd/elements - {"using":"xpath","value":"//*[@id=\"__button553\"]"}
RESULT: {"using":"xpath","value":"//*[@id=\"__button553\"]"}
COMMAND: POST /session/f10bfffe94842169a26616823eaa69fd/elements - {"using":"xpath","value":"//*[@id=\"__button553\"]"}
RESULT: {"using":"xpath","value":"//*[@id=\"__button553\"]"}
COMMAND: POST /session/f10bfffe94842169a26616823eaa69fd/elements - {"using":"xpath","value":"//*[@id=\"__button553\"]"}
RESULT: {"using":"xpath","value":"//*[@id=\"__button553\"]"}
COMMAND: POST /session/f10bfffe94842169a26616823eaa69fd/elements - {"using":"xpath","value":"//*[@id=\"__button553\"]"}
RESULT: {"using":"xpath","value":"//*[@id=\"__button553\"]"}
COMMAND: POST /session/f10bfffe94842169a26616823eaa69fd/elements - {"using":"xpath","value":"//*[@id=\"__button553\"]"}
RESULT: {"using":"xpath","value":"//*[@id=\"__button553\"]"}
COMMAND: POST /session/f10bfffe94842169a26616823eaa69fd/elements - {"using":"xpath","value":"//*[@id=\"__button553\"]"}
RESULT: {"using":"xpath","value":"//*[@id=\"__button553\"]"}
COMMAND: POST /session/f10bfffe94842169a26616823eaa69fd/elements - {"using":"xpath","value":"//*[@id=\"__button553\"]"}
RESULT: {"using":"xpath","value":"//*[@id=\"__button553\"]"}
COMMAND: POST /session/f10bfffe94842169a26616823eaa69fd/elements - {"using":"xpath","value":"//*[@id=\"__button553\"]"}
RESULT: {"using":"xpath","value":"//*[@id=\"__button553\"]"}
COMMAND: POST /session/f10bfffe94842169a26616823eaa69fd/elements - {"using":"xpath","value":"//*[@id=\"__button553\"]"}
RESULT: {"using":"xpath","value":"//*[@id=\"__button553\"]"}
COMMAND: POST /session/f10bfffe94842169a26616823eaa69fd/elements - {"using":"xpath","value":"//*[@id=\"__button553\"]"}
RESULT: {"using":"xpath","value":"//*[@id=\"__button553\"]"}
COMMAND: POST /session/f10bfffe94842169a26616823eaa69fd/elements - {"using":"xpath","value":"//*[@id=\"__button553\"]"}
RESULT: {"using":"xpath","value":"//*[@id=\"__button553\"]"}
COMMAND: POST /session/f10bfffe94842169a26616823eaa69fd/elements - {"using":"xpath","value":"//*[@id=\"__button553\"]"}
RESULT: {"using":"xpath","value":"//*[@id=\"__button553\"]"}
COMMAND: POST /session/f10bfffe94842169a26616823eaa69fd/elements - {"using":"xpath","value":"//*[@id=\"__button553\"]"}
RESULT: {"using":"xpath","value":"//*[@id=\"__button553\"]"}
COMMAND: POST /session/f10bfffe94842169a26616823eaa69fd/elements - {"using":"xpath","value":"//*[@id=\"__button553\"]"}
RESULT: {"using":"xpath","value":"//*[@id=\"__button553\"]"}
COMMAND: POST /session/f10bfffe94842169a26616823eaa69fd/elements - {"using":"xpath","value":"//*[@id=\"__button553\"]"}
RESULT: {"using":"xpath","value":"//*[@id=\"__button553\"]"}
COMMAND: POST /session/f10bfffe94842169a26616823eaa69fd/elements - {"using":"xpath","value":"//*[@id=\"__button553\"]"}
RESULT: {"using":"xpath","value":"//*[@id=\"__button553\"]"}
COMMAND: POST /session/f10bfffe94842169a26616823eaa69fd/elements - {"using":"xpath","value":"//*[@id=\"__button553\"]"}
RESULT: {"using":"xpath","value":"//*[@id=\"__button553\"]"}
COMMAND: POST /session/f10bfffe94842169a26616823eaa69fd/elements - {"using":"xpath","value":"//*[@id=\"__button553\"]"}
RESULT: {"using":"xpath","value":"//*[@id=\"__button553\"]"}
COMMAND: POST /session/f10bfffe94842169a26616823eaa69fd/elements - {"using":"xpath","value":"//*[@id=\"__button553\"]"}
RESULT: {"using":"xpath","value":"//*[@id=\"__button553\"]"}
COMMAND: POST /session/f10bfffe94842169a26616823eaa69fd/elements - {"using":"xpath","value":"//*[@id=\"__button553\"]"}
RESULT: {"using":"xpath","value":"//*[@id=\"__button553\"]"}
COMMAND: POST /session/f10bfffe94842169a26616823eaa69fd/elements - {"using":"xpath","value":"//*[@id=\"__button553\"]"}
RESULT: {"using":"xpath","value":"//*[@id=\"__button553\"]"}
COMMAND: POST /session/f10bfffe94842169a26616823eaa69fd/elements - {"using":"xpath","value":"//*[@id=\"__button553\"]"}
RESULT: {"using":"xpath","value":"//*[@id=\"__button553\"]"}
COMMAND: POST /session/f10bfffe94842169a26616823eaa69fd/elements - {"using":"xpath","value":"//*[@id=\"__button553\"]"}
RESULT: {"using":"xpath","value":"//*[@id=\"__button553\"]"}
COMMAND: POST /session/f10bfffe94842169a26616823eaa69fd/elements - {"using":"xpath","value":"//*[@id=\"__button553\"]"}
RESULT: {"using":"xpath","value":"//*[@id=\"__button553\"]"}
COMMAND: POST /session/f10bfffe94842169a26616823eaa69fd/elements - {"using":"xpath","value":"//*[@id=\"__button553\"]"}
RESULT: {"using":"xpath","value":"//*[@id=\"__button553\"]"}
COMMAND: POST /session/f10bfffe94842169a26616823eaa69fd/elements - {"using":"xpath","value":"//*[@id=\"__button553\"]"}
RESULT: {"using":"xpath","value":"//*[@id=\"__button553\"]"}
COMMAND: POST /session/f10bfffe94842169a26616823eaa69fd/elements - {"using":"xpath","value":"//*[@id=\"__button553\"]"}
RESULT: {"using":"xpath","value":"//*[@id=\"__button553\"]"}
COMMAND: POST /session/f10bfffe94842169a26616823eaa69fd/elements - {"using":"xpath","value":"//*[@id=\"__button553\"]"}
RESULT: {"using":"xpath","value":"//*[@id=\"__button553\"]"}
COMMAND: POST /session/f10bfffe94842169a26616823eaa69fd/elements - {"using":"xpath","value":"//*[@id=\"__button553\"]"}
RESULT: {"using":"xpath","value":"//*[@id=\"__button553\"]"}
COMMAND: POST /session/f10bfffe94842169a26616823eaa69fd/elements - {"using":"xpath","value":"//*[@id=\"__button553\"]"}
RESULT: {"using":"xpath","value":"//*[@id=\"__button553\"]"}
COMMAND: POST /session/f10bfffe94842169a26616823eaa69fd/elements - {"using":"xpath","value":"//*[@id=\"__button553\"]"}
RESULT: {"using":"xpath","value":"//*[@id=\"__button553\"]"}
COMMAND: POST /session/f10bfffe94842169a26616823eaa69fd/elements - {"using":"xpath","value":"//*[@id=\"__button553\"]"}
RESULT: {"using":"xpath","value":"//*[@id=\"__button553\"]"}
COMMAND: POST /session/f10bfffe94842169a26616823eaa69fd/elements - {"using":"xpath","value":"//*[@id=\"__button553\"]"}
RESULT: {"using":"xpath","value":"//*[@id=\"__button553\"]"}
COMMAND: POST /session/f10bfffe94842169a26616823eaa69fd/elements - {"using":"xpath","value":"//*[@id=\"__button553\"]"}
RESULT: {"using":"xpath","value":"//*[@id=\"__button553\"]"}
COMMAND: POST /session/f10bfffe94842169a26616823eaa69fd/elements - {"using":"xpath","value":"//*[@id=\"__button553\"]"}
RESULT: {"using":"xpath","value":"//*[@id=\"__button553\"]"}
COMMAND: POST /session/f10bfffe94842169a26616823eaa69fd/elements - {"using":"xpath","value":"//*[@id=\"__button553\"]"}
RESULT: {"using":"xpath","value":"//*[@id=\"__button553\"]"}
COMMAND: POST /session/f10bfffe94842169a26616823eaa69fd/elements - {"using":"xpath","value":"//*[@id=\"__button553\"]"}
RESULT: {"using":"xpath","value":"//*[@id=\"__button553\"]"}
COMMAND: POST /session/f10bfffe94842169a26616823eaa69fd/elements - {"using":"xpath","value":"//*[@id=\"__button553\"]"}
RESULT: {"using":"xpath","value":"//*[@id=\"__button553\"]"}
COMMAND: POST /session/f10bfffe94842169a26616823eaa69fd/elements - {"using":"xpath","value":"//*[@id=\"__button553\"]"}
RESULT: {"using":"xpath","value":"//*[@id=\"__button553\"]"}
COMMAND: POST /session/f10bfffe94842169a26616823eaa69fd/elements - {"using":"xpath","value":"//*[@id=\"__button553\"]"}
RESULT: {"using":"xpath","value":"//*[@id=\"__button553\"]"}
COMMAND: POST /session/f10bfffe94842169a26616823eaa69fd/elements - {"using":"xpath","value":"//*[@id=\"__button553\"]"}
RESULT: {"using":"xpath","value":"//*[@id=\"__button553\"]"}
COMMAND: POST /session/f10bfffe94842169a26616823eaa69fd/elements - {"using":"xpath","value":"//*[@id=\"__button553\"]"}
RESULT: {"using":"xpath","value":"//*[@id=\"__button553\"]"}
COMMAND: POST /session/f10bfffe94842169a26616823eaa69fd/elements - {"using":"xpath","value":"//*[@id=\"__button553\"]"}
RESULT: {"using":"xpath","value":"//*[@id=\"__button553\"]"}
COMMAND: POST /session/f10bfffe94842169a26616823eaa69fd/elements - {"using":"xpath","value":"//*[@id=\"__button553\"]"}
RESULT: {"using":"xpath","value":"//*[@id=\"__button553\"]"}
COMMAND: POST /session/f10bfffe94842169a26616823eaa69fd/elements - {"using":"xpath","value":"//*[@id=\"__button553\"]"}
COMMAND: POST /session/f10bfffe94842169a26616823eaa69fd/element - {"using":"css selector","value":"#shell-header-logo"}
RESULT: {"using":"xpath","value":"//*[@id=\"__button553\"]"}
RESULT: {"using":"css selector","value":"#shell-header-logo"}
COMMAND: POST /session/f10bfffe94842169a26616823eaa69fd/execute/sync - {"script":"<script> [8489 bytes]","args":[{"element-6066-11e4-a52e-4f735466cecf":"f.B31591FEBD8AE49568014889031CF3F7.d.E1B3E9F589E0A1768E01F1A54409F5C3.e.13941","ELEMENT":"f.B31591FEBD8AE49568014889031CF3F7.d.E1B3E9F589E0A1768E01F1A54409F5C3.e.13941"}]}
RESULT: {"script":"<script> [8489 bytes]","args":[{"element-6066-11e4-a52e-4f735466cecf":"f.B31591FEBD8AE49568014889031CF3F7.d.E1B3E9F589E0A1768E01F1A54409F5C3.e.13941","ELEMENT":"f.B31591FEBD8AE49568014889031CF3F7.d.E1B3E9F589E0A1768E01F1A54409F5C3.e.13941"}]}
COMMAND: POST /session/f10bfffe94842169a26616823eaa69fd/execute/sync - {"script":"<script> [5351 bytes]","args":[{"element-6066-11e4-a52e-4f735466cecf":"f.B31591FEBD8AE49568014889031CF3F7.d.E1B3E9F589E0A1768E01F1A54409F5C3.e.13941","ELEMENT":"f.B31591FEBD8AE49568014889031CF3F7.d.E1B3E9F589E0A1768E01F1A54409F5C3.e.13941"}]}
COMMAND: GET /session/f10bfffe94842169a26616823eaa69fd/screenshot - {}
RESULT: {"script":"<script> [5351 bytes]","args":[{"element-6066-11e4-a52e-4f735466cecf":"f.B31591FEBD8AE49568014889031CF3F7.d.E1B3E9F589E0A1768E01F1A54409F5C3.e.13941","ELEMENT":"f.B31591FEBD8AE49568014889031CF3F7.d.E1B3E9F589E0A1768E01F1A54409F5C3.e.13941"}]}
COMMAND: POST /session/f10bfffe94842169a26616823eaa69fd/element/f.B31591FEBD8AE49568014889031CF3F7.d.E1B3E9F589E0A1768E01F1A54409F5C3.e.13941/click - {}
COMMAND: GET /session/f10bfffe94842169a26616823eaa69fd/screenshot - {}
RESULT: {}
RESULT: {}
]]></system-out>
    </testcase>
    <testcase classname="chrome.135_0_7049_42.windows.Create_master_data_for_mixed_billing_&amp;_do_billing_calculation_US151661" name="Should go to Manage Billings and trigger calculation check the conditions applied" time="62.342">
      <system-out><![CDATA[
COMMAND: POST /session/f10bfffe94842169a26616823eaa69fd/execute/async - {"script":"<script> [1562 bytes]","args":[{"selector":{"controlType":"sap.m.GenericTile","properties":{"header":"Manage Billings"}},"wdio_ui5_key":"sapm.GenericTile{\"header\":\"Manage Billings\"}"}]}
COMMAND: GET /session/f10bfffe94842169a26616823eaa69fd/screenshot - {}
RESULT: {}
RESULT: {"script":"<script> [1562 bytes]","args":[{"selector":{"controlType":"sap.m.GenericTile","properties":{"header":"Manage Billings"}},"wdio_ui5_key":"sapm.GenericTile{\"header\":\"Manage Billings\"}"}]}
RESULT: undefined
COMMAND: POST /session/f10bfffe94842169a26616823eaa69fd/element - {"using":"xpath","value":"//*[@id=\"__tile51\"]"}
RESULT: {}
RESULT: {"using":"xpath","value":"//*[@id=\"__tile51\"]"}
COMMAND: POST /session/f10bfffe94842169a26616823eaa69fd/element/f.B31591FEBD8AE49568014889031CF3F7.d.E1B3E9F589E0A1768E01F1A54409F5C3.e.6545/click - {}
RESULT: {}
COMMAND: GET /session/f10bfffe94842169a26616823eaa69fd/screenshot - {}
COMMAND: POST /session/f10bfffe94842169a26616823eaa69fd/execute/async - {"script":"<script> [1562 bytes]","args":[{"selector":{"id":"application-managebillings-display-component---billRunCalcResult--smartFilterBar-btnBasicSearch","interaction":{"idSuffix":"I"}},"wdio_ui5_key":"applicationmanagebillings-display-component---billRunCalcResult--smartFilterBar-btnBasicSearch"}]}
RESULT: {}
RESULT: {"script":"<script> [1562 bytes]","args":[{"selector":{"id":"application-managebillings-display-component---billRunCalcResult--smartFilterBar-btnBasicSearch","interaction":{"idSuffix":"I"}},"wdio_ui5_key":"applicationmanagebillings-display-component---billRunCalcResult--smartFilterBar-btnBasicSearch"}]}
RESULT: undefined
COMMAND: POST /session/f10bfffe94842169a26616823eaa69fd/execute/async - {"script":"<script> [776 bytes]","args":[{"enterText":"10458","selector":{"id":"application-managebillings-display-component---billRunCalcResult--smartFilterBar-btnBasicSearch","interaction":{"idSuffix":"I"}},"clearTextFirst":true,"interactionType":"ENTER_TEXT"}]}
RESULT: {"script":"<script> [776 bytes]","args":[{"enterText":"10458","selector":{"id":"application-managebillings-display-component---billRunCalcResult--smartFilterBar-btnBasicSearch","interaction":{"idSuffix":"I"}},"clearTextFirst":true,"interactionType":"ENTER_TEXT"}]}
COMMAND: POST /session/f10bfffe94842169a26616823eaa69fd/actions - {"actions":[{"id":"action47","type":"key","parameters":{},"actions":[{"type":"keyDown","value":""},{"type":"pause","duration":10},{"type":"keyUp","value":""}]}]}
RESULT: {"actions":[{"id":"action47","type":"key","parameters":{},"actions":[{"type":"keyDown","value":""},{"type":"pause","duration":10},{"type":"keyUp","value":""}]}]}
COMMAND: GET /session/f10bfffe94842169a26616823eaa69fd/screenshot - {}
RESULT: {}
COMMAND: POST /session/f10bfffe94842169a26616823eaa69fd/element - {"using":"xpath","value":"//td[@aria-colindex=\"1\"]/div/div[contains(@class, \"sapMCbBg\")]"}
RESULT: {"using":"xpath","value":"//td[@aria-colindex=\"1\"]/div/div[contains(@class, \"sapMCbBg\")]"}
COMMAND: POST /session/f10bfffe94842169a26616823eaa69fd/element/f.B31591FEBD8AE49568014889031CF3F7.d.E1B3E9F589E0A1768E01F1A54409F5C3.e.14345/click - {}
RESULT: {}
COMMAND: GET /session/f10bfffe94842169a26616823eaa69fd/screenshot - {}
RESULT: {}
COMMAND: POST /session/f10bfffe94842169a26616823eaa69fd/execute/async - {"script":"<script> [1562 bytes]","args":[{"selector":{"id":"application-managebillings-display-component---billRunCalcResult--contractBillRunDate","interaction":{"idSuffix":"inner"}},"wdio_ui5_key":"applicationmanagebillings-display-component---billRunCalcResult--contractBillRunDate"}]}
RESULT: {"script":"<script> [1562 bytes]","args":[{"selector":{"id":"application-managebillings-display-component---billRunCalcResult--contractBillRunDate","interaction":{"idSuffix":"inner"}},"wdio_ui5_key":"applicationmanagebillings-display-component---billRunCalcResult--contractBillRunDate"}]}
RESULT: undefined
COMMAND: POST /session/f10bfffe94842169a26616823eaa69fd/execute/async - {"script":"<script> [776 bytes]","args":[{"enterText":"05/18/25","selector":{"id":"application-managebillings-display-component---billRunCalcResult--contractBillRunDate","interaction":{"idSuffix":"inner"}},"clearTextFirst":true,"interactionType":"ENTER_TEXT"}]}
RESULT: {"script":"<script> [776 bytes]","args":[{"enterText":"05/18/25","selector":{"id":"application-managebillings-display-component---billRunCalcResult--contractBillRunDate","interaction":{"idSuffix":"inner"}},"clearTextFirst":true,"interactionType":"ENTER_TEXT"}]}
COMMAND: POST /session/f10bfffe94842169a26616823eaa69fd/element - {"using":"xpath","value":"//bdi[contains(text(), \"Trigger Calculation\")]"}
RESULT: {"using":"xpath","value":"//bdi[contains(text(), \"Trigger Calculation\")]"}
COMMAND: POST /session/f10bfffe94842169a26616823eaa69fd/element/f.B31591FEBD8AE49568014889031CF3F7.d.E1B3E9F589E0A1768E01F1A54409F5C3.e.14395/click - {}
RESULT: {}
COMMAND: GET /session/f10bfffe94842169a26616823eaa69fd/screenshot - {}
RESULT: {}
COMMAND: POST /session/f10bfffe94842169a26616823eaa69fd/element - {"using":"xpath","value":"(//span[contains(@id, \"imgNav\")])[1]"}
RESULT: {"using":"xpath","value":"(//span[contains(@id, \"imgNav\")])[1]"}
COMMAND: POST /session/f10bfffe94842169a26616823eaa69fd/element/f.B31591FEBD8AE49568014889031CF3F7.d.E1B3E9F589E0A1768E01F1A54409F5C3.e.14346/click - {}
RESULT: {}
COMMAND: GET /session/f10bfffe94842169a26616823eaa69fd/screenshot - {}
RESULT: {}
COMMAND: POST /session/f10bfffe94842169a26616823eaa69fd/element - {"using":"xpath","value":"//tr/td[6]/div[1]/span[1]/span[1]"}
RESULT: {"using":"xpath","value":"//tr/td[6]/div[1]/span[1]/span[1]"}
COMMAND: GET /session/f10bfffe94842169a26616823eaa69fd/element/f.B31591FEBD8AE49568014889031CF3F7.d.E1B3E9F589E0A1768E01F1A54409F5C3.e.14400/text - {}
RESULT: {}
COMMAND: POST /session/f10bfffe94842169a26616823eaa69fd/element - {"using":"xpath","value":"(//span[contains(@id, \"imgNav\")])[2]"}
RESULT: {"using":"xpath","value":"(//span[contains(@id, \"imgNav\")])[2]"}
COMMAND: POST /session/f10bfffe94842169a26616823eaa69fd/element/f.B31591FEBD8AE49568014889031CF3F7.d.E1B3E9F589E0A1768E01F1A54409F5C3.e.14401/click - {}
RESULT: {}
COMMAND: POST /session/f10bfffe94842169a26616823eaa69fd/element - {"using":"xpath","value":"//bdi[contains(text(), \"Business Confirm\")]"}
COMMAND: GET /session/f10bfffe94842169a26616823eaa69fd/screenshot - {}
RESULT: {"using":"xpath","value":"//bdi[contains(text(), \"Business Confirm\")]"}
COMMAND: POST /session/f10bfffe94842169a26616823eaa69fd/elements - {"using":"xpath","value":"//bdi[contains(text(), \"Business Confirm\")]"}
RESULT: {}
RESULT: {"using":"xpath","value":"//bdi[contains(text(), \"Business Confirm\")]"}
COMMAND: POST /session/f10bfffe94842169a26616823eaa69fd/element - {"using":"xpath","value":"//bdi[contains(text(), \"Business Confirm\")]"}
RESULT: {"using":"xpath","value":"//bdi[contains(text(), \"Business Confirm\")]"}
COMMAND: POST /session/f10bfffe94842169a26616823eaa69fd/element/f.B31591FEBD8AE49568014889031CF3F7.d.E1B3E9F589E0A1768E01F1A54409F5C3.e.14403/click - {}
COMMAND: POST /session/f10bfffe94842169a26616823eaa69fd/element - {"using":"xpath","value":"//bdi[contains(text(), \"Business Confirm\")]"}
RESULT: {"using":"xpath","value":"//bdi[contains(text(), \"Business Confirm\")]"}
COMMAND: POST /session/f10bfffe94842169a26616823eaa69fd/element/f.B31591FEBD8AE49568014889031CF3F7.d.E1B3E9F589E0A1768E01F1A54409F5C3.e.14403/click - {}
COMMAND: POST /session/f10bfffe94842169a26616823eaa69fd/element - {"using":"xpath","value":"//bdi[contains(text(), \"Business Confirm\")]"}
RESULT: {"using":"xpath","value":"//bdi[contains(text(), \"Business Confirm\")]"}
COMMAND: POST /session/f10bfffe94842169a26616823eaa69fd/element/f.B31591FEBD8AE49568014889031CF3F7.d.E1B3E9F589E0A1768E01F1A54409F5C3.e.14453/click - {}
RESULT: {}
COMMAND: POST /session/f10bfffe94842169a26616823eaa69fd/element - {"using":"css selector","value":"#shell-header-logo"}
COMMAND: GET /session/f10bfffe94842169a26616823eaa69fd/screenshot - {}
RESULT: {"using":"css selector","value":"#shell-header-logo"}
COMMAND: POST /session/f10bfffe94842169a26616823eaa69fd/element/f.B31591FEBD8AE49568014889031CF3F7.d.E1B3E9F589E0A1768E01F1A54409F5C3.e.14136/click - {}
RESULT: {}
RESULT: {}
COMMAND: GET /session/f10bfffe94842169a26616823eaa69fd/screenshot - {}
RESULT: {}
COMMAND: POST /session/f10bfffe94842169a26616823eaa69fd/element - {"using":"css selector","value":"#j_username"}
COMMAND: POST /session/f10bfffe94842169a26616823eaa69fd/url - {"url":"https://qa-testing-00-live-etm-ui.cfapps.eu10-004.hana.ondemand.com/"}
RESULT: {"using":"css selector","value":"#j_username"}
COMMAND: POST /session/f10bfffe94842169a26616823eaa69fd/element - {"using":"css selector","value":"#j_username"}
RESULT: {"url":"https://qa-testing-00-live-etm-ui.cfapps.eu10-004.hana.ondemand.com/"}
RESULT: undefined
COMMAND: GET /session/f10bfffe94842169a26616823eaa69fd/screenshot - {}
RESULT: {"using":"css selector","value":"#j_username"}
COMMAND: POST /session/f10bfffe94842169a26616823eaa69fd/element - {"using":"css selector","value":"#shell-header-logo"}
RESULT: {}
RESULT: {"using":"css selector","value":"#shell-header-logo"}
COMMAND: POST /session/f10bfffe94842169a26616823eaa69fd/execute/sync - {"script":"<script> [8489 bytes]","args":[{"element-6066-11e4-a52e-4f735466cecf":"f.B31591FEBD8AE49568014889031CF3F7.d.EC346023C739B59DC213349CEAF59B1E.e.14485","ELEMENT":"f.B31591FEBD8AE49568014889031CF3F7.d.EC346023C739B59DC213349CEAF59B1E.e.14485"}]}
RESULT: {"script":"<script> [8489 bytes]","args":[{"element-6066-11e4-a52e-4f735466cecf":"f.B31591FEBD8AE49568014889031CF3F7.d.EC346023C739B59DC213349CEAF59B1E.e.14485","ELEMENT":"f.B31591FEBD8AE49568014889031CF3F7.d.EC346023C739B59DC213349CEAF59B1E.e.14485"}]}
COMMAND: POST /session/f10bfffe94842169a26616823eaa69fd/element - {"using":"css selector","value":"#shell-header-logo"}
COMMAND: GET /session/f10bfffe94842169a26616823eaa69fd/screenshot - {}
RESULT: {"using":"css selector","value":"#shell-header-logo"}
COMMAND: POST /session/f10bfffe94842169a26616823eaa69fd/execute/sync - {"script":"<script> [8489 bytes]","args":[{"element-6066-11e4-a52e-4f735466cecf":"f.B31591FEBD8AE49568014889031CF3F7.d.EC346023C739B59DC213349CEAF59B1E.e.14485","ELEMENT":"f.B31591FEBD8AE49568014889031CF3F7.d.EC346023C739B59DC213349CEAF59B1E.e.14485"}]}
RESULT: {}
RESULT: {"script":"<script> [8489 bytes]","args":[{"element-6066-11e4-a52e-4f735466cecf":"f.B31591FEBD8AE49568014889031CF3F7.d.EC346023C739B59DC213349CEAF59B1E.e.14485","ELEMENT":"f.B31591FEBD8AE49568014889031CF3F7.d.EC346023C739B59DC213349CEAF59B1E.e.14485"}]}
COMMAND: POST /session/f10bfffe94842169a26616823eaa69fd/execute/sync - {"script":"<script> [5351 bytes]","args":[{"element-6066-11e4-a52e-4f735466cecf":"f.B31591FEBD8AE49568014889031CF3F7.d.EC346023C739B59DC213349CEAF59B1E.e.14485","ELEMENT":"f.B31591FEBD8AE49568014889031CF3F7.d.EC346023C739B59DC213349CEAF59B1E.e.14485"}]}
COMMAND: GET /session/f10bfffe94842169a26616823eaa69fd/screenshot - {}
RESULT: {"script":"<script> [5351 bytes]","args":[{"element-6066-11e4-a52e-4f735466cecf":"f.B31591FEBD8AE49568014889031CF3F7.d.EC346023C739B59DC213349CEAF59B1E.e.14485","ELEMENT":"f.B31591FEBD8AE49568014889031CF3F7.d.EC346023C739B59DC213349CEAF59B1E.e.14485"}]}
COMMAND: POST /session/f10bfffe94842169a26616823eaa69fd/element - {"using":"css selector","value":"#shell-header-logo"}
COMMAND: GET /session/f10bfffe94842169a26616823eaa69fd/screenshot - {}
RESULT: {}
RESULT: {"using":"css selector","value":"#shell-header-logo"}
COMMAND: POST /session/f10bfffe94842169a26616823eaa69fd/element/f.B31591FEBD8AE49568014889031CF3F7.d.EC346023C739B59DC213349CEAF59B1E.e.14485/click - {}
RESULT: {}
RESULT: {}
COMMAND: GET /session/f10bfffe94842169a26616823eaa69fd/screenshot - {}
RESULT: {}
COMMAND: POST /session/f10bfffe94842169a26616823eaa69fd/execute/async - {"script":"<script> [189 bytes]","args":[]}
RESULT: {"script":"<script> [189 bytes]","args":[]}
COMMAND: POST /session/f10bfffe94842169a26616823eaa69fd/execute/async - {"script":"<script> [123 bytes]","args":[]}
RESULT: {"script":"<script> [123 bytes]","args":[]}
COMMAND: POST /session/f10bfffe94842169a26616823eaa69fd/timeouts - {"script":"<number>"}
RESULT: {"script":"<number>"}
COMMAND: GET /session/f10bfffe94842169a26616823eaa69fd/timeouts - {}
RESULT: {}
RESULT: undefined
COMMAND: POST /session/f10bfffe94842169a26616823eaa69fd/execute/async - {"script":"<script> [2676 bytes]","args":[]}
RESULT: {"script":"<script> [2676 bytes]","args":[]}
COMMAND: POST /session/f10bfffe94842169a26616823eaa69fd/execute/async - {"script":"<script> [2342 bytes]","args":[{"protocol":"http","hostname":"0.0.0.0","path":"/","capabilities":{"browserName":"chrome","goog:chromeOptions":{"binary":"C:\\Program Files\\Google\\Chrome\\Application\\chrome.exe","args":["--start-maximized"]}},"logLevel":"warn","connectionRetryTimeout":120000,"connectionRetryCount":3,"logLevels":{},"enableDirectConnect":true,"strictSSL":true,"_":"65 more keys: [\"cacheDir\",\"port\",\"requestedCapabilities\",\"automationProtocol\",\"baseUrl\",\"waitforInterval\",\"waitforTimeout\",\"onReload\",\"beforeCommand\",\"afterCommand\",\"rootDir\",\"specs\",\"suites\",\"exclude\",\"groupLogsByTestSpec\",\"excludeDriverLogs\",\"bail\",\"framework\",\"reporters\",\"services\",\"maxInstances\",\"maxInstancesPerCapability\",\"injectGlobals\",\"filesToWatch\",\"execArgv\",\"runnerEnv\",\"runner\",\"shard\",\"specFileRetries\",\"specFileRetriesDelay\",\"specFileRetriesDeferred\",\"reporterSyncInterval\",\"reporterSyncTimeout\",\"cucumberFeaturesWithLineNumbers\",\"autoCompileOpts\",\"mochaOpts\",\"jasmineOpts\",\"cucumberOpts\",\"onPrepare\",\"onWorkerStart\",\"onWorkerEnd\",\"before\",\"beforeSession\",\"beforeSuite\",\"beforeHook\",\"beforeTest\",\"afterTest\",\"afterHook\",\"afterSuite\",\"afterSession\",\"after\",\"onComplete\",\"beforeAssertion\",\"afterAssertion\",\"beforeFeature\",\"beforeScenario\",\"beforeStep\",\"afterStep\",\"afterScenario\",\"afterFeature\",\"_\",\"suite\",\"$0\",\"ignoredWorkerServices\",\"wdi5\"]"}]}
RESULT: {"script":"<script> [2342 bytes]","args":[{"protocol":"http","hostname":"0.0.0.0","path":"/","capabilities":{"browserName":"chrome","goog:chromeOptions":{"binary":"C:\\Program Files\\Google\\Chrome\\Application\\chrome.exe","args":["--start-maximized"]}},"logLevel":"warn","connectionRetryTimeout":120000,"connectionRetryCount":3,"logLevels":{},"enableDirectConnect":true,"strictSSL":true,"_":"65 more keys: [\"cacheDir\",\"port\",\"requestedCapabilities\",\"automationProtocol\",\"baseUrl\",\"waitforInterval\",\"waitforTimeout\",\"onReload\",\"beforeCommand\",\"afterCommand\",\"rootDir\",\"specs\",\"suites\",\"exclude\",\"groupLogsByTestSpec\",\"excludeDriverLogs\",\"bail\",\"framework\",\"reporters\",\"services\",\"maxInstances\",\"maxInstancesPerCapability\",\"injectGlobals\",\"filesToWatch\",\"execArgv\",\"runnerEnv\",\"runner\",\"shard\",\"specFileRetries\",\"specFileRetriesDelay\",\"specFileRetriesDeferred\",\"reporterSyncInterval\",\"reporterSyncTimeout\",\"cucumberFeaturesWithLineNumbers\",\"autoCompileOpts\",\"mochaOpts\",\"jasmineOpts\",\"cucumberOpts\",\"onPrepare\",\"onWorkerStart\",\"onWorkerEnd\",\"before\",\"beforeSession\",\"beforeSuite\",\"beforeHook\",\"beforeTest\",\"afterTest\",\"afterHook\",\"afterSuite\",\"afterSession\",\"after\",\"onComplete\",\"beforeAssertion\",\"afterAssertion\",\"beforeFeature\",\"beforeScenario\",\"beforeStep\",\"afterStep\",\"afterScenario\",\"afterFeature\",\"_\",\"suite\",\"$0\",\"ignoredWorkerServices\",\"wdi5\"]"}]}
COMMAND: POST /session/f10bfffe94842169a26616823eaa69fd/execute/async - {"script":"<script> [21126 bytes]","args":[35000]}
RESULT: {"script":"<script> [21126 bytes]","args":[35000]}
COMMAND: POST /session/f10bfffe94842169a26616823eaa69fd/window/maximize - {}
RESULT: {}
COMMAND: POST /session/f10bfffe94842169a26616823eaa69fd/execute/async - {"script":"<script> [1562 bytes]","args":[{"selector":{"id":"shell-header","interaction":{"idSuffix":"icon"}},"wdio_ui5_key":"shellheader"}]}
COMMAND: GET /session/f10bfffe94842169a26616823eaa69fd/screenshot - {}
RESULT: {"script":"<script> [1562 bytes]","args":[{"selector":{"id":"shell-header","interaction":{"idSuffix":"icon"}},"wdio_ui5_key":"shellheader"}]}
RESULT: undefined
COMMAND: POST /session/f10bfffe94842169a26616823eaa69fd/refresh - {}
RESULT: {}
RESULT: {}
COMMAND: GET /session/f10bfffe94842169a26616823eaa69fd/screenshot - {}
RESULT: {}
COMMAND: POST /session/f10bfffe94842169a26616823eaa69fd/refresh - {}
RESULT: {}
COMMAND: GET /session/f10bfffe94842169a26616823eaa69fd/screenshot - {}
RESULT: {}
COMMAND: POST /session/f10bfffe94842169a26616823eaa69fd/window/fullscreen - {}
RESULT: {}
COMMAND: POST /session/f10bfffe94842169a26616823eaa69fd/execute/async - {"script":"<script> [189 bytes]","args":[]}
RESULT: {"script":"<script> [189 bytes]","args":[]}
COMMAND: POST /session/f10bfffe94842169a26616823eaa69fd/execute/async - {"script":"<script> [123 bytes]","args":[]}
RESULT: {"script":"<script> [123 bytes]","args":[]}
COMMAND: POST /session/f10bfffe94842169a26616823eaa69fd/timeouts - {"script":"<number>"}
RESULT: {"script":"<number>"}
COMMAND: GET /session/f10bfffe94842169a26616823eaa69fd/timeouts - {}
RESULT: {}
RESULT: undefined
COMMAND: POST /session/f10bfffe94842169a26616823eaa69fd/execute/async - {"script":"<script> [2676 bytes]","args":[]}
RESULT: {"script":"<script> [2676 bytes]","args":[]}
COMMAND: POST /session/f10bfffe94842169a26616823eaa69fd/execute/async - {"script":"<script> [2342 bytes]","args":[{"protocol":"http","hostname":"0.0.0.0","path":"/","capabilities":{"browserName":"chrome","goog:chromeOptions":{"binary":"C:\\Program Files\\Google\\Chrome\\Application\\chrome.exe","args":["--start-maximized"]}},"logLevel":"warn","connectionRetryTimeout":120000,"connectionRetryCount":3,"logLevels":{},"enableDirectConnect":true,"strictSSL":true,"_":"65 more keys: [\"cacheDir\",\"port\",\"requestedCapabilities\",\"automationProtocol\",\"baseUrl\",\"waitforInterval\",\"waitforTimeout\",\"onReload\",\"beforeCommand\",\"afterCommand\",\"rootDir\",\"specs\",\"suites\",\"exclude\",\"groupLogsByTestSpec\",\"excludeDriverLogs\",\"bail\",\"framework\",\"reporters\",\"services\",\"maxInstances\",\"maxInstancesPerCapability\",\"injectGlobals\",\"filesToWatch\",\"execArgv\",\"runnerEnv\",\"runner\",\"shard\",\"specFileRetries\",\"specFileRetriesDelay\",\"specFileRetriesDeferred\",\"reporterSyncInterval\",\"reporterSyncTimeout\",\"cucumberFeaturesWithLineNumbers\",\"autoCompileOpts\",\"mochaOpts\",\"jasmineOpts\",\"cucumberOpts\",\"onPrepare\",\"onWorkerStart\",\"onWorkerEnd\",\"before\",\"beforeSession\",\"beforeSuite\",\"beforeHook\",\"beforeTest\",\"afterTest\",\"afterHook\",\"afterSuite\",\"afterSession\",\"after\",\"onComplete\",\"beforeAssertion\",\"afterAssertion\",\"beforeFeature\",\"beforeScenario\",\"beforeStep\",\"afterStep\",\"afterScenario\",\"afterFeature\",\"_\",\"suite\",\"$0\",\"ignoredWorkerServices\",\"wdi5\"]"}]}
RESULT: {"script":"<script> [2342 bytes]","args":[{"protocol":"http","hostname":"0.0.0.0","path":"/","capabilities":{"browserName":"chrome","goog:chromeOptions":{"binary":"C:\\Program Files\\Google\\Chrome\\Application\\chrome.exe","args":["--start-maximized"]}},"logLevel":"warn","connectionRetryTimeout":120000,"connectionRetryCount":3,"logLevels":{},"enableDirectConnect":true,"strictSSL":true,"_":"65 more keys: [\"cacheDir\",\"port\",\"requestedCapabilities\",\"automationProtocol\",\"baseUrl\",\"waitforInterval\",\"waitforTimeout\",\"onReload\",\"beforeCommand\",\"afterCommand\",\"rootDir\",\"specs\",\"suites\",\"exclude\",\"groupLogsByTestSpec\",\"excludeDriverLogs\",\"bail\",\"framework\",\"reporters\",\"services\",\"maxInstances\",\"maxInstancesPerCapability\",\"injectGlobals\",\"filesToWatch\",\"execArgv\",\"runnerEnv\",\"runner\",\"shard\",\"specFileRetries\",\"specFileRetriesDelay\",\"specFileRetriesDeferred\",\"reporterSyncInterval\",\"reporterSyncTimeout\",\"cucumberFeaturesWithLineNumbers\",\"autoCompileOpts\",\"mochaOpts\",\"jasmineOpts\",\"cucumberOpts\",\"onPrepare\",\"onWorkerStart\",\"onWorkerEnd\",\"before\",\"beforeSession\",\"beforeSuite\",\"beforeHook\",\"beforeTest\",\"afterTest\",\"afterHook\",\"afterSuite\",\"afterSession\",\"after\",\"onComplete\",\"beforeAssertion\",\"afterAssertion\",\"beforeFeature\",\"beforeScenario\",\"beforeStep\",\"afterStep\",\"afterScenario\",\"afterFeature\",\"_\",\"suite\",\"$0\",\"ignoredWorkerServices\",\"wdi5\"]"}]}
COMMAND: POST /session/f10bfffe94842169a26616823eaa69fd/execute/async - {"script":"<script> [21126 bytes]","args":[35000]}
RESULT: {"script":"<script> [21126 bytes]","args":[35000]}
]]></system-out>
    </testcase>
  </testsuite>
  <testsuite timestamp="2025-04-18T17:49:51" time="848.277" tests="13" failures="0" errors="0" skipped="0">
    <properties>
      <property name="specId" value="0"/>
      <property name="suiteName" value="Performance based billing (work days) US139742"/>
      <property name="capabilities" value="chrome.135_0_7049_42.windows"/>
      <property name="file" value="file:///D:/a/1/s/test/specs/BTS/billing-performance-workdays.spec.js"/>
    </properties>
    <testcase classname="chrome.135_0_7049_42.windows.Performance_based_billing_(work_days)_US139742" name="Should create a new yard" time="0.015">
      <system-out><![CDATA[
COMMAND: POST /session/f10bfffe94842169a26616823eaa69fd/window/fullscreen - {}
RESULT: {}
]]></system-out>
    </testcase>
    <testcase classname="chrome.135_0_7049_42.windows.Performance_based_billing_(work_days)_US139742" name="Should create a new partner" time="0.004"/>
    <testcase classname="chrome.135_0_7049_42.windows.Performance_based_billing_(work_days)_US139742" name="Should create a new site" time="0.005"/>
    <testcase classname="chrome.135_0_7049_42.windows.Performance_based_billing_(work_days)_US139742" name="Should do prerequisite steps add equipment" time="144.226">
      <system-out><![CDATA[
COMMAND: POST /session/f10bfffe94842169a26616823eaa69fd/execute/async - {"script":"<script> [1562 bytes]","args":[{"selector":{"controlType":"sap.m.GenericTile","properties":{"header":"Manage Resources"}},"wdio_ui5_key":"sapm.GenericTile{\"header\":\"Manage Resources\"}"}]}
RESULT: {"script":"<script> [1562 bytes]","args":[{"selector":{"controlType":"sap.m.GenericTile","properties":{"header":"Manage Resources"}},"wdio_ui5_key":"sapm.GenericTile{\"header\":\"Manage Resources\"}"}]}
RESULT: undefined
COMMAND: POST /session/f10bfffe94842169a26616823eaa69fd/element - {"using":"xpath","value":"//*[@id=\"__tile39\"]"}
RESULT: {"using":"xpath","value":"//*[@id=\"__tile39\"]"}
COMMAND: POST /session/f10bfffe94842169a26616823eaa69fd/element/f.B31591FEBD8AE49568014889031CF3F7.d.A80BB341687F60DEF011B147421711D0.e.14643/click - {}
RESULT: {}
COMMAND: POST /session/f10bfffe94842169a26616823eaa69fd/element - {"using":"xpath","value":"//button[@data-kt=\"addNewRUOverflowToolbarButton\"]"}
COMMAND: GET /session/f10bfffe94842169a26616823eaa69fd/screenshot - {}
RESULT: {"using":"xpath","value":"//button[@data-kt=\"addNewRUOverflowToolbarButton\"]"}
COMMAND: POST /session/f10bfffe94842169a26616823eaa69fd/elements - {"using":"xpath","value":"//button[@data-kt=\"addNewRUOverflowToolbarButton\"]"}
RESULT: {}
RESULT: {"using":"xpath","value":"//button[@data-kt=\"addNewRUOverflowToolbarButton\"]"}
COMMAND: POST /session/f10bfffe94842169a26616823eaa69fd/elements - {"using":"xpath","value":"//button[@data-kt=\"addNewRUOverflowToolbarButton\"]"}
RESULT: {"using":"xpath","value":"//button[@data-kt=\"addNewRUOverflowToolbarButton\"]"}
COMMAND: POST /session/f10bfffe94842169a26616823eaa69fd/elements - {"using":"xpath","value":"//button[@data-kt=\"addNewRUOverflowToolbarButton\"]"}
RESULT: undefined
RESULT: undefined
RESULT: {"using":"xpath","value":"//button[@data-kt=\"addNewRUOverflowToolbarButton\"]"}
COMMAND: POST /session/f10bfffe94842169a26616823eaa69fd/elements - {"using":"xpath","value":"//button[@data-kt=\"addNewRUOverflowToolbarButton\"]"}
RESULT: {"using":"xpath","value":"//button[@data-kt=\"addNewRUOverflowToolbarButton\"]"}
COMMAND: POST /session/f10bfffe94842169a26616823eaa69fd/elements - {"using":"xpath","value":"//button[@data-kt=\"addNewRUOverflowToolbarButton\"]"}
RESULT: {"using":"xpath","value":"//button[@data-kt=\"addNewRUOverflowToolbarButton\"]"}
COMMAND: POST /session/f10bfffe94842169a26616823eaa69fd/elements - {"using":"xpath","value":"//button[@data-kt=\"addNewRUOverflowToolbarButton\"]"}
RESULT: {"using":"xpath","value":"//button[@data-kt=\"addNewRUOverflowToolbarButton\"]"}
COMMAND: POST /session/f10bfffe94842169a26616823eaa69fd/elements - {"using":"xpath","value":"//button[@data-kt=\"addNewRUOverflowToolbarButton\"]"}
RESULT: {"using":"xpath","value":"//button[@data-kt=\"addNewRUOverflowToolbarButton\"]"}
COMMAND: POST /session/f10bfffe94842169a26616823eaa69fd/elements - {"using":"xpath","value":"//button[@data-kt=\"addNewRUOverflowToolbarButton\"]"}
RESULT: {"using":"xpath","value":"//button[@data-kt=\"addNewRUOverflowToolbarButton\"]"}
COMMAND: POST /session/f10bfffe94842169a26616823eaa69fd/elements - {"using":"xpath","value":"//button[@data-kt=\"addNewRUOverflowToolbarButton\"]"}
RESULT: {"using":"xpath","value":"//button[@data-kt=\"addNewRUOverflowToolbarButton\"]"}
COMMAND: POST /session/f10bfffe94842169a26616823eaa69fd/elements - {"using":"xpath","value":"//button[@data-kt=\"addNewRUOverflowToolbarButton\"]"}
RESULT: {"using":"xpath","value":"//button[@data-kt=\"addNewRUOverflowToolbarButton\"]"}
COMMAND: POST /session/f10bfffe94842169a26616823eaa69fd/elements - {"using":"xpath","value":"//button[@data-kt=\"addNewRUOverflowToolbarButton\"]"}
RESULT: {"using":"xpath","value":"//button[@data-kt=\"addNewRUOverflowToolbarButton\"]"}
COMMAND: POST /session/f10bfffe94842169a26616823eaa69fd/elements - {"using":"xpath","value":"//button[@data-kt=\"addNewRUOverflowToolbarButton\"]"}
RESULT: {"using":"xpath","value":"//button[@data-kt=\"addNewRUOverflowToolbarButton\"]"}
COMMAND: POST /session/f10bfffe94842169a26616823eaa69fd/elements - {"using":"xpath","value":"//button[@data-kt=\"addNewRUOverflowToolbarButton\"]"}
RESULT: {"using":"xpath","value":"//button[@data-kt=\"addNewRUOverflowToolbarButton\"]"}
COMMAND: POST /session/f10bfffe94842169a26616823eaa69fd/elements - {"using":"xpath","value":"//button[@data-kt=\"addNewRUOverflowToolbarButton\"]"}
RESULT: {"using":"xpath","value":"//button[@data-kt=\"addNewRUOverflowToolbarButton\"]"}
COMMAND: POST /session/f10bfffe94842169a26616823eaa69fd/elements - {"using":"xpath","value":"//button[@data-kt=\"addNewRUOverflowToolbarButton\"]"}
RESULT: {"using":"xpath","value":"//button[@data-kt=\"addNewRUOverflowToolbarButton\"]"}
COMMAND: POST /session/f10bfffe94842169a26616823eaa69fd/elements - {"using":"xpath","value":"//button[@data-kt=\"addNewRUOverflowToolbarButton\"]"}
RESULT: {"using":"xpath","value":"//button[@data-kt=\"addNewRUOverflowToolbarButton\"]"}
COMMAND: POST /session/f10bfffe94842169a26616823eaa69fd/elements - {"using":"xpath","value":"//button[@data-kt=\"addNewRUOverflowToolbarButton\"]"}
RESULT: {"using":"xpath","value":"//button[@data-kt=\"addNewRUOverflowToolbarButton\"]"}
COMMAND: POST /session/f10bfffe94842169a26616823eaa69fd/elements - {"using":"xpath","value":"//button[@data-kt=\"addNewRUOverflowToolbarButton\"]"}
RESULT: {"using":"xpath","value":"//button[@data-kt=\"addNewRUOverflowToolbarButton\"]"}
COMMAND: POST /session/f10bfffe94842169a26616823eaa69fd/elements - {"using":"xpath","value":"//button[@data-kt=\"addNewRUOverflowToolbarButton\"]"}
RESULT: {"using":"xpath","value":"//button[@data-kt=\"addNewRUOverflowToolbarButton\"]"}
COMMAND: POST /session/f10bfffe94842169a26616823eaa69fd/elements - {"using":"xpath","value":"//button[@data-kt=\"addNewRUOverflowToolbarButton\"]"}
RESULT: {"using":"xpath","value":"//button[@data-kt=\"addNewRUOverflowToolbarButton\"]"}
COMMAND: POST /session/f10bfffe94842169a26616823eaa69fd/elements - {"using":"xpath","value":"//button[@data-kt=\"addNewRUOverflowToolbarButton\"]"}
RESULT: {"using":"xpath","value":"//button[@data-kt=\"addNewRUOverflowToolbarButton\"]"}
COMMAND: POST /session/f10bfffe94842169a26616823eaa69fd/elements - {"using":"xpath","value":"//button[@data-kt=\"addNewRUOverflowToolbarButton\"]"}
RESULT: {"using":"xpath","value":"//button[@data-kt=\"addNewRUOverflowToolbarButton\"]"}
COMMAND: POST /session/f10bfffe94842169a26616823eaa69fd/elements - {"using":"xpath","value":"//button[@data-kt=\"addNewRUOverflowToolbarButton\"]"}
RESULT: {"using":"xpath","value":"//button[@data-kt=\"addNewRUOverflowToolbarButton\"]"}
COMMAND: POST /session/f10bfffe94842169a26616823eaa69fd/elements - {"using":"xpath","value":"//button[@data-kt=\"addNewRUOverflowToolbarButton\"]"}
RESULT: {"using":"xpath","value":"//button[@data-kt=\"addNewRUOverflowToolbarButton\"]"}
COMMAND: POST /session/f10bfffe94842169a26616823eaa69fd/elements - {"using":"xpath","value":"//button[@data-kt=\"addNewRUOverflowToolbarButton\"]"}
RESULT: {"using":"xpath","value":"//button[@data-kt=\"addNewRUOverflowToolbarButton\"]"}
COMMAND: POST /session/f10bfffe94842169a26616823eaa69fd/elements - {"using":"xpath","value":"//button[@data-kt=\"addNewRUOverflowToolbarButton\"]"}
RESULT: {"using":"xpath","value":"//button[@data-kt=\"addNewRUOverflowToolbarButton\"]"}
COMMAND: POST /session/f10bfffe94842169a26616823eaa69fd/elements - {"using":"xpath","value":"//button[@data-kt=\"addNewRUOverflowToolbarButton\"]"}
RESULT: {"using":"xpath","value":"//button[@data-kt=\"addNewRUOverflowToolbarButton\"]"}
COMMAND: POST /session/f10bfffe94842169a26616823eaa69fd/elements - {"using":"xpath","value":"//button[@data-kt=\"addNewRUOverflowToolbarButton\"]"}
RESULT: {"using":"xpath","value":"//button[@data-kt=\"addNewRUOverflowToolbarButton\"]"}
COMMAND: POST /session/f10bfffe94842169a26616823eaa69fd/elements - {"using":"xpath","value":"//button[@data-kt=\"addNewRUOverflowToolbarButton\"]"}
RESULT: {"using":"xpath","value":"//button[@data-kt=\"addNewRUOverflowToolbarButton\"]"}
COMMAND: POST /session/f10bfffe94842169a26616823eaa69fd/elements - {"using":"xpath","value":"//button[@data-kt=\"addNewRUOverflowToolbarButton\"]"}
RESULT: {"using":"xpath","value":"//button[@data-kt=\"addNewRUOverflowToolbarButton\"]"}
COMMAND: POST /session/f10bfffe94842169a26616823eaa69fd/elements - {"using":"xpath","value":"//button[@data-kt=\"addNewRUOverflowToolbarButton\"]"}
RESULT: {"using":"xpath","value":"//button[@data-kt=\"addNewRUOverflowToolbarButton\"]"}
COMMAND: POST /session/f10bfffe94842169a26616823eaa69fd/elements - {"using":"xpath","value":"//button[@data-kt=\"addNewRUOverflowToolbarButton\"]"}
RESULT: {"using":"xpath","value":"//button[@data-kt=\"addNewRUOverflowToolbarButton\"]"}
COMMAND: POST /session/f10bfffe94842169a26616823eaa69fd/elements - {"using":"xpath","value":"//button[@data-kt=\"addNewRUOverflowToolbarButton\"]"}
RESULT: {"using":"xpath","value":"//button[@data-kt=\"addNewRUOverflowToolbarButton\"]"}
COMMAND: POST /session/f10bfffe94842169a26616823eaa69fd/elements - {"using":"xpath","value":"//button[@data-kt=\"addNewRUOverflowToolbarButton\"]"}
RESULT: {"using":"xpath","value":"//button[@data-kt=\"addNewRUOverflowToolbarButton\"]"}
COMMAND: POST /session/f10bfffe94842169a26616823eaa69fd/elements - {"using":"xpath","value":"//button[@data-kt=\"addNewRUOverflowToolbarButton\"]"}
RESULT: {"using":"xpath","value":"//button[@data-kt=\"addNewRUOverflowToolbarButton\"]"}
COMMAND: POST /session/f10bfffe94842169a26616823eaa69fd/elements - {"using":"xpath","value":"//button[@data-kt=\"addNewRUOverflowToolbarButton\"]"}
RESULT: {"using":"xpath","value":"//button[@data-kt=\"addNewRUOverflowToolbarButton\"]"}
COMMAND: POST /session/f10bfffe94842169a26616823eaa69fd/elements - {"using":"xpath","value":"//button[@data-kt=\"addNewRUOverflowToolbarButton\"]"}
RESULT: {"using":"xpath","value":"//button[@data-kt=\"addNewRUOverflowToolbarButton\"]"}
COMMAND: POST /session/f10bfffe94842169a26616823eaa69fd/elements - {"using":"xpath","value":"//button[@data-kt=\"addNewRUOverflowToolbarButton\"]"}
RESULT: {"using":"xpath","value":"//button[@data-kt=\"addNewRUOverflowToolbarButton\"]"}
COMMAND: POST /session/f10bfffe94842169a26616823eaa69fd/elements - {"using":"xpath","value":"//button[@data-kt=\"addNewRUOverflowToolbarButton\"]"}
RESULT: {"using":"xpath","value":"//button[@data-kt=\"addNewRUOverflowToolbarButton\"]"}
COMMAND: POST /session/f10bfffe94842169a26616823eaa69fd/elements - {"using":"xpath","value":"//button[@data-kt=\"addNewRUOverflowToolbarButton\"]"}
RESULT: {"using":"xpath","value":"//button[@data-kt=\"addNewRUOverflowToolbarButton\"]"}
COMMAND: POST /session/f10bfffe94842169a26616823eaa69fd/elements - {"using":"xpath","value":"//button[@data-kt=\"addNewRUOverflowToolbarButton\"]"}
RESULT: {"using":"xpath","value":"//button[@data-kt=\"addNewRUOverflowToolbarButton\"]"}
COMMAND: POST /session/f10bfffe94842169a26616823eaa69fd/elements - {"using":"xpath","value":"//button[@data-kt=\"addNewRUOverflowToolbarButton\"]"}
RESULT: {"using":"xpath","value":"//button[@data-kt=\"addNewRUOverflowToolbarButton\"]"}
COMMAND: POST /session/f10bfffe94842169a26616823eaa69fd/elements - {"using":"xpath","value":"//button[@data-kt=\"addNewRUOverflowToolbarButton\"]"}
RESULT: {"using":"xpath","value":"//button[@data-kt=\"addNewRUOverflowToolbarButton\"]"}
COMMAND: POST /session/f10bfffe94842169a26616823eaa69fd/elements - {"using":"xpath","value":"//button[@data-kt=\"addNewRUOverflowToolbarButton\"]"}
RESULT: {"using":"xpath","value":"//button[@data-kt=\"addNewRUOverflowToolbarButton\"]"}
COMMAND: POST /session/f10bfffe94842169a26616823eaa69fd/elements - {"using":"xpath","value":"//button[@data-kt=\"addNewRUOverflowToolbarButton\"]"}
RESULT: {"using":"xpath","value":"//button[@data-kt=\"addNewRUOverflowToolbarButton\"]"}
COMMAND: POST /session/f10bfffe94842169a26616823eaa69fd/elements - {"using":"xpath","value":"//button[@data-kt=\"addNewRUOverflowToolbarButton\"]"}
RESULT: {"using":"xpath","value":"//button[@data-kt=\"addNewRUOverflowToolbarButton\"]"}
COMMAND: POST /session/f10bfffe94842169a26616823eaa69fd/elements - {"using":"xpath","value":"//button[@data-kt=\"addNewRUOverflowToolbarButton\"]"}
RESULT: {"using":"xpath","value":"//button[@data-kt=\"addNewRUOverflowToolbarButton\"]"}
COMMAND: POST /session/f10bfffe94842169a26616823eaa69fd/elements - {"using":"xpath","value":"//button[@data-kt=\"addNewRUOverflowToolbarButton\"]"}
RESULT: {"using":"xpath","value":"//button[@data-kt=\"addNewRUOverflowToolbarButton\"]"}
COMMAND: POST /session/f10bfffe94842169a26616823eaa69fd/elements - {"using":"xpath","value":"//button[@data-kt=\"addNewRUOverflowToolbarButton\"]"}
RESULT: {"using":"xpath","value":"//button[@data-kt=\"addNewRUOverflowToolbarButton\"]"}
COMMAND: POST /session/f10bfffe94842169a26616823eaa69fd/elements - {"using":"xpath","value":"//button[@data-kt=\"addNewRUOverflowToolbarButton\"]"}
RESULT: {"using":"xpath","value":"//button[@data-kt=\"addNewRUOverflowToolbarButton\"]"}
COMMAND: POST /session/f10bfffe94842169a26616823eaa69fd/elements - {"using":"xpath","value":"//button[@data-kt=\"addNewRUOverflowToolbarButton\"]"}
RESULT: {"using":"xpath","value":"//button[@data-kt=\"addNewRUOverflowToolbarButton\"]"}
COMMAND: POST /session/f10bfffe94842169a26616823eaa69fd/elements - {"using":"xpath","value":"//button[@data-kt=\"addNewRUOverflowToolbarButton\"]"}
RESULT: {"using":"xpath","value":"//button[@data-kt=\"addNewRUOverflowToolbarButton\"]"}
COMMAND: POST /session/f10bfffe94842169a26616823eaa69fd/element - {"using":"xpath","value":"//button[@data-kt=\"addNewRUOverflowToolbarButton\"]"}
RESULT: {"using":"xpath","value":"//button[@data-kt=\"addNewRUOverflowToolbarButton\"]"}
COMMAND: POST /session/f10bfffe94842169a26616823eaa69fd/execute/sync - {"script":"<script> [8489 bytes]","args":[{"element-6066-11e4-a52e-4f735466cecf":"f.B31591FEBD8AE49568014889031CF3F7.d.A80BB341687F60DEF011B147421711D0.e.14775","ELEMENT":"f.B31591FEBD8AE49568014889031CF3F7.d.A80BB341687F60DEF011B147421711D0.e.14775"}]}
RESULT: {"script":"<script> [8489 bytes]","args":[{"element-6066-11e4-a52e-4f735466cecf":"f.B31591FEBD8AE49568014889031CF3F7.d.A80BB341687F60DEF011B147421711D0.e.14775","ELEMENT":"f.B31591FEBD8AE49568014889031CF3F7.d.A80BB341687F60DEF011B147421711D0.e.14775"}]}
COMMAND: GET /session/f10bfffe94842169a26616823eaa69fd/element/f.B31591FEBD8AE49568014889031CF3F7.d.A80BB341687F60DEF011B147421711D0.e.14775/enabled - {}
COMMAND: GET /session/f10bfffe94842169a26616823eaa69fd/screenshot - {}
RESULT: {}
COMMAND: POST /session/f10bfffe94842169a26616823eaa69fd/execute/sync - {"script":"<script> [8489 bytes]","args":[{"element-6066-11e4-a52e-4f735466cecf":"f.B31591FEBD8AE49568014889031CF3F7.d.A80BB341687F60DEF011B147421711D0.e.14775","ELEMENT":"f.B31591FEBD8AE49568014889031CF3F7.d.A80BB341687F60DEF011B147421711D0.e.14775"}]}
COMMAND: GET /session/f10bfffe94842169a26616823eaa69fd/screenshot - {}
RESULT: {}
RESULT: {"script":"<script> [8489 bytes]","args":[{"element-6066-11e4-a52e-4f735466cecf":"f.B31591FEBD8AE49568014889031CF3F7.d.A80BB341687F60DEF011B147421711D0.e.14775","ELEMENT":"f.B31591FEBD8AE49568014889031CF3F7.d.A80BB341687F60DEF011B147421711D0.e.14775"}]}
COMMAND: POST /session/f10bfffe94842169a26616823eaa69fd/execute/sync - {"script":"<script> [5351 bytes]","args":[{"element-6066-11e4-a52e-4f735466cecf":"f.B31591FEBD8AE49568014889031CF3F7.d.A80BB341687F60DEF011B147421711D0.e.14775","ELEMENT":"f.B31591FEBD8AE49568014889031CF3F7.d.A80BB341687F60DEF011B147421711D0.e.14775"}]}
COMMAND: GET /session/f10bfffe94842169a26616823eaa69fd/screenshot - {}
RESULT: {}
RESULT: {"script":"<script> [5351 bytes]","args":[{"element-6066-11e4-a52e-4f735466cecf":"f.B31591FEBD8AE49568014889031CF3F7.d.A80BB341687F60DEF011B147421711D0.e.14775","ELEMENT":"f.B31591FEBD8AE49568014889031CF3F7.d.A80BB341687F60DEF011B147421711D0.e.14775"}]}
COMMAND: POST /session/f10bfffe94842169a26616823eaa69fd/element/f.B31591FEBD8AE49568014889031CF3F7.d.A80BB341687F60DEF011B147421711D0.e.14775/click - {}
RESULT: {}
COMMAND: GET /session/f10bfffe94842169a26616823eaa69fd/screenshot - {}
RESULT: {}
COMMAND: GET /session/f10bfffe94842169a26616823eaa69fd/screenshot - {}
COMMAND: POST /session/f10bfffe94842169a26616823eaa69fd/execute/async - {"script":"<script> [1562 bytes]","args":[{"selector":{"id":"application-manageresources-display-component---newResourceUnit--TYPE-arrow"},"wdio_ui5_key":"applicationmanageresources-display-component---newResourceUnit--TYPE-arrow"}]}
RESULT: {}
RESULT: {}
RESULT: {"script":"<script> [1562 bytes]","args":[{"selector":{"id":"application-manageresources-display-component---newResourceUnit--TYPE-arrow"},"wdio_ui5_key":"applicationmanageresources-display-component---newResourceUnit--TYPE-arrow"}]}
RESULT: undefined
COMMAND: POST /session/f10bfffe94842169a26616823eaa69fd/element - {"using":"xpath","value":"//*[@id=\"application-manageresources-display-component---newResourceUnit--TYPE-arrow\"]"}
RESULT: {"using":"xpath","value":"//*[@id=\"application-manageresources-display-component---newResourceUnit--TYPE-arrow\"]"}
COMMAND: POST /session/f10bfffe94842169a26616823eaa69fd/element/f.B31591FEBD8AE49568014889031CF3F7.d.A80BB341687F60DEF011B147421711D0.e.15133/click - {}
RESULT: {}
COMMAND: POST /session/f10bfffe94842169a26616823eaa69fd/element - {"using":"xpath","value":"//input[@id=\"application-manageresources-display-component---newResourceUnit--TYPE-inner\"]"}
COMMAND: GET /session/f10bfffe94842169a26616823eaa69fd/screenshot - {}
RESULT: {"using":"xpath","value":"//input[@id=\"application-manageresources-display-component---newResourceUnit--TYPE-inner\"]"}
COMMAND: POST /session/f10bfffe94842169a26616823eaa69fd/element/f.B31591FEBD8AE49568014889031CF3F7.d.A80BB341687F60DEF011B147421711D0.e.15129/clear - {}
RESULT: {}
RESULT: {}
COMMAND: POST /session/f10bfffe94842169a26616823eaa69fd/element/f.B31591FEBD8AE49568014889031CF3F7.d.A80BB341687F60DEF011B147421711D0.e.15129/value - {"text":"Equipment"}
COMMAND: GET /session/f10bfffe94842169a26616823eaa69fd/screenshot - {}
RESULT: {"text":"Equipment"}
COMMAND: GET /session/f10bfffe94842169a26616823eaa69fd/screenshot - {}
RESULT: {}
RESULT: {}
COMMAND: POST /session/f10bfffe94842169a26616823eaa69fd/actions - {"actions":[{"id":"action48","type":"key","parameters":{},"actions":[{"type":"keyDown","value":""},{"type":"pause","duration":10},{"type":"keyUp","value":""}]}]}
RESULT: {"actions":[{"id":"action48","type":"key","parameters":{},"actions":[{"type":"keyDown","value":""},{"type":"pause","duration":10},{"type":"keyUp","value":""}]}]}
COMMAND: POST /session/f10bfffe94842169a26616823eaa69fd/execute/async - {"script":"<script> [1562 bytes]","args":[{"selector":{"id":"application-manageresources-display-component---newResourceUnit--resourceId","interaction":{"idSuffix":"inner"}},"wdio_ui5_key":"applicationmanageresources-display-component---newResourceUnit--resourceId"}]}
COMMAND: GET /session/f10bfffe94842169a26616823eaa69fd/screenshot - {}
RESULT: {"script":"<script> [1562 bytes]","args":[{"selector":{"id":"application-manageresources-display-component---newResourceUnit--resourceId","interaction":{"idSuffix":"inner"}},"wdio_ui5_key":"applicationmanageresources-display-component---newResourceUnit--resourceId"}]}
RESULT: undefined
COMMAND: POST /session/f10bfffe94842169a26616823eaa69fd/execute/async - {"script":"<script> [776 bytes]","args":[{"enterText":"IQH6qvY3pQ","selector":{"id":"application-manageresources-display-component---newResourceUnit--resourceId","interaction":{"idSuffix":"inner"}},"clearTextFirst":true,"interactionType":"ENTER_TEXT"}]}
RESULT: {}
RESULT: {"script":"<script> [776 bytes]","args":[{"enterText":"IQH6qvY3pQ","selector":{"id":"application-manageresources-display-component---newResourceUnit--resourceId","interaction":{"idSuffix":"inner"}},"clearTextFirst":true,"interactionType":"ENTER_TEXT"}]}
COMMAND: POST /session/f10bfffe94842169a26616823eaa69fd/execute/async - {"script":"<script> [1562 bytes]","args":[{"selector":{"id":"application-manageresources-display-component---newResourceUnit--SHORT_TEXT","interaction":{"idSuffix":"inner"}},"wdio_ui5_key":"applicationmanageresources-display-component---newResourceUnit--SHORT_TEXT"}]}
RESULT: {"script":"<script> [1562 bytes]","args":[{"selector":{"id":"application-manageresources-display-component---newResourceUnit--SHORT_TEXT","interaction":{"idSuffix":"inner"}},"wdio_ui5_key":"applicationmanageresources-display-component---newResourceUnit--SHORT_TEXT"}]}
RESULT: undefined
COMMAND: POST /session/f10bfffe94842169a26616823eaa69fd/execute/async - {"script":"<script> [776 bytes]","args":[{"enterText":"Intercompany Equipment WDIO","selector":{"id":"application-manageresources-display-component---newResourceUnit--SHORT_TEXT","interaction":{"idSuffix":"inner"}},"clearTextFirst":true,"interactionType":"ENTER_TEXT"}]}
RESULT: {"script":"<script> [776 bytes]","args":[{"enterText":"Intercompany Equipment WDIO","selector":{"id":"application-manageresources-display-component---newResourceUnit--SHORT_TEXT","interaction":{"idSuffix":"inner"}},"clearTextFirst":true,"interactionType":"ENTER_TEXT"}]}
COMMAND: POST /session/f10bfffe94842169a26616823eaa69fd/execute/async - {"script":"<script> [1562 bytes]","args":[{"selector":{"id":"application-manageresources-display-component---newResourceUnit--BASE_UNIT_OF_MEASURE","interaction":{"idSuffix":"inner"}},"wdio_ui5_key":"applicationmanageresources-display-component---newResourceUnit--BASE_UNIT_OF_MEASURE"}]}
RESULT: {"script":"<script> [1562 bytes]","args":[{"selector":{"id":"application-manageresources-display-component---newResourceUnit--BASE_UNIT_OF_MEASURE","interaction":{"idSuffix":"inner"}},"wdio_ui5_key":"applicationmanageresources-display-component---newResourceUnit--BASE_UNIT_OF_MEASURE"}]}
RESULT: undefined
COMMAND: POST /session/f10bfffe94842169a26616823eaa69fd/execute/async - {"script":"<script> [776 bytes]","args":[{"enterText":"Piece","selector":{"id":"application-manageresources-display-component---newResourceUnit--BASE_UNIT_OF_MEASURE","interaction":{"idSuffix":"inner"}},"clearTextFirst":true,"interactionType":"ENTER_TEXT"}]}
RESULT: {"script":"<script> [776 bytes]","args":[{"enterText":"Piece","selector":{"id":"application-manageresources-display-component---newResourceUnit--BASE_UNIT_OF_MEASURE","interaction":{"idSuffix":"inner"}},"clearTextFirst":true,"interactionType":"ENTER_TEXT"}]}
COMMAND: POST /session/f10bfffe94842169a26616823eaa69fd/execute/async - {"script":"<script> [1562 bytes]","args":[{"selector":{"id":"application-manageresources-display-component---newResourceUnit--WEIGHT_UNIT","interaction":{"idSuffix":"inner"}},"wdio_ui5_key":"applicationmanageresources-display-component---newResourceUnit--WEIGHT_UNIT"}]}
RESULT: {"script":"<script> [1562 bytes]","args":[{"selector":{"id":"application-manageresources-display-component---newResourceUnit--WEIGHT_UNIT","interaction":{"idSuffix":"inner"}},"wdio_ui5_key":"applicationmanageresources-display-component---newResourceUnit--WEIGHT_UNIT"}]}
RESULT: undefined
COMMAND: POST /session/f10bfffe94842169a26616823eaa69fd/execute/async - {"script":"<script> [776 bytes]","args":[{"enterText":"Gram","selector":{"id":"application-manageresources-display-component---newResourceUnit--WEIGHT_UNIT","interaction":{"idSuffix":"inner"}},"clearTextFirst":true,"interactionType":"ENTER_TEXT"}]}
RESULT: {"script":"<script> [776 bytes]","args":[{"enterText":"Gram","selector":{"id":"application-manageresources-display-component---newResourceUnit--WEIGHT_UNIT","interaction":{"idSuffix":"inner"}},"clearTextFirst":true,"interactionType":"ENTER_TEXT"}]}
COMMAND: POST /session/f10bfffe94842169a26616823eaa69fd/execute/async - {"script":"<script> [1562 bytes]","args":[{"selector":{"id":"application-manageresources-display-component---newResourceUnit--DIMENSION_UNIT","interaction":{"idSuffix":"inner"}},"wdio_ui5_key":"applicationmanageresources-display-component---newResourceUnit--DIMENSION_UNIT"}]}
RESULT: {"script":"<script> [1562 bytes]","args":[{"selector":{"id":"application-manageresources-display-component---newResourceUnit--DIMENSION_UNIT","interaction":{"idSuffix":"inner"}},"wdio_ui5_key":"applicationmanageresources-display-component---newResourceUnit--DIMENSION_UNIT"}]}
RESULT: undefined
COMMAND: POST /session/f10bfffe94842169a26616823eaa69fd/execute/async - {"script":"<script> [776 bytes]","args":[{"enterText":"Meter","selector":{"id":"application-manageresources-display-component---newResourceUnit--DIMENSION_UNIT","interaction":{"idSuffix":"inner"}},"clearTextFirst":true,"interactionType":"ENTER_TEXT"}]}
RESULT: {"script":"<script> [776 bytes]","args":[{"enterText":"Meter","selector":{"id":"application-manageresources-display-component---newResourceUnit--DIMENSION_UNIT","interaction":{"idSuffix":"inner"}},"clearTextFirst":true,"interactionType":"ENTER_TEXT"}]}
COMMAND: POST /session/f10bfffe94842169a26616823eaa69fd/execute/async - {"script":"<script> [1562 bytes]","args":[{"selector":{"id":"application-manageresources-display-component---newResourceUnit--newRRUPage-anchBar-application-manageresources-display-component---newResourceUnit--control-anchor","interaction":{"idSuffix":"BDI-content"}},"wdio_ui5_key":"applicationmanageresources-display-component---newResourceUnit--newRRUPage-anchBar-application-manageresources-display-component---newResourceUnit--control-anchor"}]}
RESULT: {"script":"<script> [1562 bytes]","args":[{"selector":{"id":"application-manageresources-display-component---newResourceUnit--newRRUPage-anchBar-application-manageresources-display-component---newResourceUnit--control-anchor","interaction":{"idSuffix":"BDI-content"}},"wdio_ui5_key":"applicationmanageresources-display-component---newResourceUnit--newRRUPage-anchBar-application-manageresources-display-component---newResourceUnit--control-anchor"}]}
RESULT: undefined
COMMAND: POST /session/f10bfffe94842169a26616823eaa69fd/element - {"using":"xpath","value":"//*[@id=\"application-manageresources-display-component---newResourceUnit--newRRUPage-anchBar-application-manageresources-display-component---newResourceUnit--control-anchor\"]"}
RESULT: {"using":"xpath","value":"//*[@id=\"application-manageresources-display-component---newResourceUnit--newRRUPage-anchBar-application-manageresources-display-component---newResourceUnit--control-anchor\"]"}
COMMAND: POST /session/f10bfffe94842169a26616823eaa69fd/element/f.B31591FEBD8AE49568014889031CF3F7.d.A80BB341687F60DEF011B147421711D0.e.15267/click - {}
RESULT: {}
COMMAND: POST /session/f10bfffe94842169a26616823eaa69fd/execute/async - {"script":"<script> [1562 bytes]","args":[{"selector":{"id":"application-manageresources-display-component---newResourceUnit--PLANNING_GROUP","interaction":{"idSuffix":"inner"}},"wdio_ui5_key":"applicationmanageresources-display-component---newResourceUnit--PLANNING_GROUP"}]}
COMMAND: GET /session/f10bfffe94842169a26616823eaa69fd/screenshot - {}
RESULT: {"script":"<script> [1562 bytes]","args":[{"selector":{"id":"application-manageresources-display-component---newResourceUnit--PLANNING_GROUP","interaction":{"idSuffix":"inner"}},"wdio_ui5_key":"applicationmanageresources-display-component---newResourceUnit--PLANNING_GROUP"}]}
RESULT: undefined
COMMAND: POST /session/f10bfffe94842169a26616823eaa69fd/execute/async - {"script":"<script> [776 bytes]","args":[{"enterText":"Heavy Equi","selector":{"id":"application-manageresources-display-component---newResourceUnit--PLANNING_GROUP","interaction":{"idSuffix":"inner"}},"clearTextFirst":true,"interactionType":"ENTER_TEXT"}]}
RESULT: {}
RESULT: {"script":"<script> [776 bytes]","args":[{"enterText":"Heavy Equi","selector":{"id":"application-manageresources-display-component---newResourceUnit--PLANNING_GROUP","interaction":{"idSuffix":"inner"}},"clearTextFirst":true,"interactionType":"ENTER_TEXT"}]}
COMMAND: POST /session/f10bfffe94842169a26616823eaa69fd/execute/async - {"script":"<script> [1562 bytes]","args":[{"selector":{"id":"application-manageresources-display-component---newResourceUnit--ITEM_TYPE-arrow"},"wdio_ui5_key":"applicationmanageresources-display-component---newResourceUnit--ITEM_TYPE-arrow"}]}
RESULT: {"script":"<script> [1562 bytes]","args":[{"selector":{"id":"application-manageresources-display-component---newResourceUnit--ITEM_TYPE-arrow"},"wdio_ui5_key":"applicationmanageresources-display-component---newResourceUnit--ITEM_TYPE-arrow"}]}
RESULT: undefined
COMMAND: POST /session/f10bfffe94842169a26616823eaa69fd/element - {"using":"xpath","value":"//*[@id=\"application-manageresources-display-component---newResourceUnit--ITEM_TYPE-arrow\"]"}
RESULT: {"using":"xpath","value":"//*[@id=\"application-manageresources-display-component---newResourceUnit--ITEM_TYPE-arrow\"]"}
COMMAND: POST /session/f10bfffe94842169a26616823eaa69fd/element/f.B31591FEBD8AE49568014889031CF3F7.d.A80BB341687F60DEF011B147421711D0.e.15276/click - {}
RESULT: {}
COMMAND: POST /session/f10bfffe94842169a26616823eaa69fd/element - {"using":"xpath","value":"(//span[contains(text(), \"Resource Unit\")])[2]"}
COMMAND: GET /session/f10bfffe94842169a26616823eaa69fd/screenshot - {}
RESULT: {"using":"xpath","value":"(//span[contains(text(), \"Resource Unit\")])[2]"}
COMMAND: POST /session/f10bfffe94842169a26616823eaa69fd/element/f.B31591FEBD8AE49568014889031CF3F7.d.A80BB341687F60DEF011B147421711D0.e.15277/click - {}
RESULT: {}
RESULT: {}
COMMAND: GET /session/f10bfffe94842169a26616823eaa69fd/screenshot - {}
RESULT: {}
COMMAND: POST /session/f10bfffe94842169a26616823eaa69fd/element - {"using":"css selector","value":"#application-manageresources-display-component---newResourceUnit--btnAddTimeSegment"}
RESULT: {"using":"css selector","value":"#application-manageresources-display-component---newResourceUnit--btnAddTimeSegment"}
COMMAND: GET /session/f10bfffe94842169a26616823eaa69fd/element/f.B31591FEBD8AE49568014889031CF3F7.d.A80BB341687F60DEF011B147421711D0.e.15278/rect - {}
RESULT: {}
COMMAND: GET /session/f10bfffe94842169a26616823eaa69fd/window/rect - {}
RESULT: {}
COMMAND: POST /session/f10bfffe94842169a26616823eaa69fd/execute/sync - {"script":"<script> [92 bytes]","args":[]}
RESULT: {"script":"<script> [92 bytes]","args":[]}
COMMAND: POST /session/f10bfffe94842169a26616823eaa69fd/actions - {"actions":[{"id":"action49","type":"wheel","parameters":{},"actions":[{"type":"scroll","x":-1888,"y":-32,"deltaX":0,"deltaY":0,"duration":0,"origin":{"element-6066-11e4-a52e-4f735466cecf":"f.B31591FEBD8AE49568014889031CF3F7.d.A80BB341687F60DEF011B147421711D0.e.15278"}}]}]}
COMMAND: GET /session/f10bfffe94842169a26616823eaa69fd/screenshot - {}
RESULT: {}
COMMAND: POST /session/f10bfffe94842169a26616823eaa69fd/execute/sync - {"script":"<script> [79 bytes]","args":[{"element-6066-11e4-a52e-4f735466cecf":"f.B31591FEBD8AE49568014889031CF3F7.d.A80BB341687F60DEF011B147421711D0.e.15278","ELEMENT":"f.B31591FEBD8AE49568014889031CF3F7.d.A80BB341687F60DEF011B147421711D0.e.15278"},{"block":"start","inline":"nearest"}]}
RESULT: {"script":"<script> [79 bytes]","args":[{"element-6066-11e4-a52e-4f735466cecf":"f.B31591FEBD8AE49568014889031CF3F7.d.A80BB341687F60DEF011B147421711D0.e.15278","ELEMENT":"f.B31591FEBD8AE49568014889031CF3F7.d.A80BB341687F60DEF011B147421711D0.e.15278"},{"block":"start","inline":"nearest"}]}
COMMAND: POST /session/f10bfffe94842169a26616823eaa69fd/execute/async - {"script":"<script> [1562 bytes]","args":[{"selector":{"id":"application-manageresources-display-component---newResourceUnit--btnAddTimeSegment","interaction":{"idSuffix":"inner"}},"wdio_ui5_key":"applicationmanageresources-display-component---newResourceUnit--btnAddTimeSegment"}]}
COMMAND: GET /session/f10bfffe94842169a26616823eaa69fd/screenshot - {}
RESULT: {"script":"<script> [1562 bytes]","args":[{"selector":{"id":"application-manageresources-display-component---newResourceUnit--btnAddTimeSegment","interaction":{"idSuffix":"inner"}},"wdio_ui5_key":"applicationmanageresources-display-component---newResourceUnit--btnAddTimeSegment"}]}
RESULT: undefined
COMMAND: POST /session/f10bfffe94842169a26616823eaa69fd/element - {"using":"xpath","value":"//*[@id=\"application-manageresources-display-component---newResourceUnit--btnAddTimeSegment\"]"}
RESULT: {}
RESULT: {"using":"xpath","value":"//*[@id=\"application-manageresources-display-component---newResourceUnit--btnAddTimeSegment\"]"}
COMMAND: POST /session/f10bfffe94842169a26616823eaa69fd/element/f.B31591FEBD8AE49568014889031CF3F7.d.A80BB341687F60DEF011B147421711D0.e.15278/click - {}
RESULT: {}
COMMAND: GET /session/f10bfffe94842169a26616823eaa69fd/screenshot - {}
RESULT: {}
COMMAND: POST /session/f10bfffe94842169a26616823eaa69fd/element - {"using":"xpath","value":"//input[@id=\"application-manageresources-display-component---newResourceUnit--idRuTSAdmin-application-manageresources-display-component---newResourceUnit--RUTimeSegment-0-inner\"]"}
RESULT: {"using":"xpath","value":"//input[@id=\"application-manageresources-display-component---newResourceUnit--idRuTSAdmin-application-manageresources-display-component---newResourceUnit--RUTimeSegment-0-inner\"]"}
COMMAND: POST /session/f10bfffe94842169a26616823eaa69fd/element/f.B31591FEBD8AE49568014889031CF3F7.d.A80BB341687F60DEF011B147421711D0.e.15284/clear - {}
RESULT: {}
COMMAND: POST /session/f10bfffe94842169a26616823eaa69fd/element/f.B31591FEBD8AE49568014889031CF3F7.d.A80BB341687F60DEF011B147421711D0.e.15284/value - {"text":"575"}
COMMAND: GET /session/f10bfffe94842169a26616823eaa69fd/screenshot - {}
RESULT: {"text":"575"}
COMMAND: GET /session/f10bfffe94842169a26616823eaa69fd/screenshot - {}
RESULT: {}
RESULT: {}
COMMAND: POST /session/f10bfffe94842169a26616823eaa69fd/element - {"using":"xpath","value":"//li[.//span[text()='575']]"}
RESULT: {"using":"xpath","value":"//li[.//span[text()='575']]"}
COMMAND: POST /session/f10bfffe94842169a26616823eaa69fd/element/f.B31591FEBD8AE49568014889031CF3F7.d.A80BB341687F60DEF011B147421711D0.e.15298/click - {}
RESULT: {}
COMMAND: GET /session/f10bfffe94842169a26616823eaa69fd/screenshot - {}
RESULT: {}
COMMAND: POST /session/f10bfffe94842169a26616823eaa69fd/element - {"using":"xpath","value":"(//span[contains(@id, \"-application-manageresources-display-component---newResourceUnit--RUTimeSegment-0-arrow\")])[6]"}
RESULT: {"using":"xpath","value":"(//span[contains(@id, \"-application-manageresources-display-component---newResourceUnit--RUTimeSegment-0-arrow\")])[6]"}
COMMAND: POST /session/f10bfffe94842169a26616823eaa69fd/element/f.B31591FEBD8AE49568014889031CF3F7.d.A80BB341687F60DEF011B147421711D0.e.15299/click - {}
RESULT: {}
COMMAND: POST /session/f10bfffe94842169a26616823eaa69fd/element - {"using":"xpath","value":"//span[contains(text(), \"PM Order\")]"}
COMMAND: GET /session/f10bfffe94842169a26616823eaa69fd/screenshot - {}
RESULT: {"using":"xpath","value":"//span[contains(text(), \"PM Order\")]"}
COMMAND: POST /session/f10bfffe94842169a26616823eaa69fd/element/f.B31591FEBD8AE49568014889031CF3F7.d.A80BB341687F60DEF011B147421711D0.e.15302/click - {}
RESULT: {}
RESULT: {}
COMMAND: GET /session/f10bfffe94842169a26616823eaa69fd/screenshot - {}
RESULT: {}
COMMAND: POST /session/f10bfffe94842169a26616823eaa69fd/element - {"using":"xpath","value":"(//span[contains(@id ,\"manageresources-display-component---newResourceUnit--RUTimeSegment-0-vhi\")])[2]"}
RESULT: {"using":"xpath","value":"(//span[contains(@id ,\"manageresources-display-component---newResourceUnit--RUTimeSegment-0-vhi\")])[2]"}
COMMAND: POST /session/f10bfffe94842169a26616823eaa69fd/element/f.B31591FEBD8AE49568014889031CF3F7.d.A80BB341687F60DEF011B147421711D0.e.15305/click - {}
RESULT: {}
COMMAND: GET /session/f10bfffe94842169a26616823eaa69fd/screenshot - {}
RESULT: {}
COMMAND: POST /session/f10bfffe94842169a26616823eaa69fd/execute/async - {"script":"<script> [1562 bytes]","args":[{"selector":{"controlType":"sap.m.SearchField","properties":{"placeholder":"Search"},"searchOpenDialogs":true,"interaction":{"idSuffix":"I"}},"wdio_ui5_key":"sapm.SearchField{\"placeholder\":\"Search\"}"}]}
RESULT: {"script":"<script> [1562 bytes]","args":[{"selector":{"controlType":"sap.m.SearchField","properties":{"placeholder":"Search"},"searchOpenDialogs":true,"interaction":{"idSuffix":"I"}},"wdio_ui5_key":"sapm.SearchField{\"placeholder\":\"Search\"}"}]}
RESULT: undefined
COMMAND: POST /session/f10bfffe94842169a26616823eaa69fd/execute/async - {"script":"<script> [776 bytes]","args":[{"enterText":"4000360","selector":{"controlType":"sap.m.SearchField","properties":{"placeholder":"Search"},"searchOpenDialogs":true,"interaction":{"idSuffix":"I"}},"clearTextFirst":true,"interactionType":"ENTER_TEXT"}]}
RESULT: {"script":"<script> [776 bytes]","args":[{"enterText":"4000360","selector":{"controlType":"sap.m.SearchField","properties":{"placeholder":"Search"},"searchOpenDialogs":true,"interaction":{"idSuffix":"I"}},"clearTextFirst":true,"interactionType":"ENTER_TEXT"}]}
COMMAND: POST /session/f10bfffe94842169a26616823eaa69fd/actions - {"actions":[{"id":"action50","type":"key","parameters":{},"actions":[{"type":"keyDown","value":""},{"type":"pause","duration":10},{"type":"keyUp","value":""}]}]}
RESULT: {"actions":[{"id":"action50","type":"key","parameters":{},"actions":[{"type":"keyDown","value":""},{"type":"pause","duration":10},{"type":"keyUp","value":""}]}]}
COMMAND: GET /session/f10bfffe94842169a26616823eaa69fd/screenshot - {}
RESULT: {}
COMMAND: POST /session/f10bfffe94842169a26616823eaa69fd/element - {"using":"xpath","value":"//td/div/span[contains(text(), \"BGL Vehicles\")]"}
RESULT: {"using":"xpath","value":"//td/div/span[contains(text(), \"BGL Vehicles\")]"}
COMMAND: POST /session/f10bfffe94842169a26616823eaa69fd/element/f.B31591FEBD8AE49568014889031CF3F7.d.A80BB341687F60DEF011B147421711D0.e.15325/click - {}
RESULT: {}
COMMAND: GET /session/f10bfffe94842169a26616823eaa69fd/screenshot - {}
RESULT: {}
COMMAND: POST /session/f10bfffe94842169a26616823eaa69fd/element - {"using":"xpath","value":"//bdi[contains(text(), \"OK\")]"}
RESULT: {"using":"xpath","value":"//bdi[contains(text(), \"OK\")]"}
COMMAND: POST /session/f10bfffe94842169a26616823eaa69fd/element/f.B31591FEBD8AE49568014889031CF3F7.d.A80BB341687F60DEF011B147421711D0.e.15326/click - {}
RESULT: {}
COMMAND: GET /session/f10bfffe94842169a26616823eaa69fd/screenshot - {}
RESULT: {}
COMMAND: POST /session/f10bfffe94842169a26616823eaa69fd/execute/async - {"script":"<script> [1562 bytes]","args":[{"selector":{"id":"application-manageresources-display-component---newResourceUnit--newRRUPage-anchBar-application-manageresources-display-component---newResourceUnit--resource-anchor","interaction":{"idSuffix":"BDI-content"}},"wdio_ui5_key":"applicationmanageresources-display-component---newResourceUnit--newRRUPage-anchBar-application-manageresources-display-component---newResourceUnit--resource-anchor"}]}
RESULT: {"script":"<script> [1562 bytes]","args":[{"selector":{"id":"application-manageresources-display-component---newResourceUnit--newRRUPage-anchBar-application-manageresources-display-component---newResourceUnit--resource-anchor","interaction":{"idSuffix":"BDI-content"}},"wdio_ui5_key":"applicationmanageresources-display-component---newResourceUnit--newRRUPage-anchBar-application-manageresources-display-component---newResourceUnit--resource-anchor"}]}
RESULT: undefined
COMMAND: POST /session/f10bfffe94842169a26616823eaa69fd/element - {"using":"xpath","value":"//*[@id=\"application-manageresources-display-component---newResourceUnit--newRRUPage-anchBar-application-manageresources-display-component---newResourceUnit--resource-anchor\"]"}
RESULT: {"using":"xpath","value":"//*[@id=\"application-manageresources-display-component---newResourceUnit--newRRUPage-anchBar-application-manageresources-display-component---newResourceUnit--resource-anchor\"]"}
COMMAND: POST /session/f10bfffe94842169a26616823eaa69fd/element/f.B31591FEBD8AE49568014889031CF3F7.d.A80BB341687F60DEF011B147421711D0.e.15330/click - {}
RESULT: {}
COMMAND: POST /session/f10bfffe94842169a26616823eaa69fd/execute/async - {"script":"<script> [1562 bytes]","args":[{"selector":{"id":"application-manageresources-display-component---newResourceUnit--PLANNED_DELIVERY_DATE","interaction":{"idSuffix":"inner"}},"wdio_ui5_key":"applicationmanageresources-display-component---newResourceUnit--PLANNED_DELIVERY_DATE"}]}
COMMAND: GET /session/f10bfffe94842169a26616823eaa69fd/screenshot - {}
RESULT: {"script":"<script> [1562 bytes]","args":[{"selector":{"id":"application-manageresources-display-component---newResourceUnit--PLANNED_DELIVERY_DATE","interaction":{"idSuffix":"inner"}},"wdio_ui5_key":"applicationmanageresources-display-component---newResourceUnit--PLANNED_DELIVERY_DATE"}]}
RESULT: undefined
COMMAND: POST /session/f10bfffe94842169a26616823eaa69fd/execute/async - {"script":"<script> [6424 bytes]","args":[{"element-6066-11e4-a52e-4f735466cecf":"f.B31591FEBD8AE49568014889031CF3F7.d.A80BB341687F60DEF011B147421711D0.e.15190"},"setValue",["4/18/25"]]}
RESULT: {}
RESULT: {"script":"<script> [6424 bytes]","args":[{"element-6066-11e4-a52e-4f735466cecf":"f.B31591FEBD8AE49568014889031CF3F7.d.A80BB341687F60DEF011B147421711D0.e.15190"},"setValue",["4/18/25"]]}
COMMAND: POST /session/f10bfffe94842169a26616823eaa69fd/element - {"using":"xpath","value":"//button[@data-kt=\"resourceUnitSaveButton\"]"}
RESULT: {"using":"xpath","value":"//button[@data-kt=\"resourceUnitSaveButton\"]"}
COMMAND: POST /session/f10bfffe94842169a26616823eaa69fd/element/f.B31591FEBD8AE49568014889031CF3F7.d.A80BB341687F60DEF011B147421711D0.e.15150/click - {}
RESULT: {}
COMMAND: GET /session/f10bfffe94842169a26616823eaa69fd/screenshot - {}
RESULT: {}
COMMAND: POST /session/f10bfffe94842169a26616823eaa69fd/element - {"using":"xpath","value":"//bdi[contains(text(), \"Close\")]"}
RESULT: {"using":"xpath","value":"//bdi[contains(text(), \"Close\")]"}
COMMAND: POST /session/f10bfffe94842169a26616823eaa69fd/element/f.B31591FEBD8AE49568014889031CF3F7.d.A80BB341687F60DEF011B147421711D0.e.15338/click - {}
RESULT: {}
COMMAND: GET /session/f10bfffe94842169a26616823eaa69fd/screenshot - {}
RESULT: {}
COMMAND: POST /session/f10bfffe94842169a26616823eaa69fd/element - {"using":"xpath","value":"(//button[contains(@id ,\"actionsToolbar-overflowButton\")])[1]"}
RESULT: {"using":"xpath","value":"(//button[contains(@id ,\"actionsToolbar-overflowButton\")])[1]"}
COMMAND: POST /session/f10bfffe94842169a26616823eaa69fd/element/f.B31591FEBD8AE49568014889031CF3F7.d.A80BB341687F60DEF011B147421711D0.e.15395/click - {}
RESULT: {}
COMMAND: GET /session/f10bfffe94842169a26616823eaa69fd/screenshot - {}
RESULT: {}
COMMAND: POST /session/f10bfffe94842169a26616823eaa69fd/element - {"using":"xpath","value":"//button[@data-kt=\"priceInfoButton\"]"}
RESULT: {"using":"xpath","value":"//button[@data-kt=\"priceInfoButton\"]"}
COMMAND: POST /session/f10bfffe94842169a26616823eaa69fd/element/f.B31591FEBD8AE49568014889031CF3F7.d.A80BB341687F60DEF011B147421711D0.e.15397/click - {}
RESULT: {}
COMMAND: GET /session/f10bfffe94842169a26616823eaa69fd/screenshot - {}
]]></system-out>
    </testcase>
    <testcase classname="chrome.135_0_7049_42.windows.Performance_based_billing_(work_days)_US139742" name="Should create a pricing rule perf based on the equipment" time="55.256">
      <system-out><![CDATA[
COMMAND: POST /session/f10bfffe94842169a26616823eaa69fd/element - {"using":"xpath","value":"//button[@data-kt=\"addButton\"]"}
RESULT: {}
RESULT: {"using":"xpath","value":"//button[@data-kt=\"addButton\"]"}
COMMAND: POST /session/f10bfffe94842169a26616823eaa69fd/elements - {"using":"xpath","value":"//button[@data-kt=\"addButton\"]"}
RESULT: {"using":"xpath","value":"//button[@data-kt=\"addButton\"]"}
COMMAND: POST /session/f10bfffe94842169a26616823eaa69fd/elements - {"using":"xpath","value":"//button[@data-kt=\"addButton\"]"}
RESULT: {"using":"xpath","value":"//button[@data-kt=\"addButton\"]"}
COMMAND: POST /session/f10bfffe94842169a26616823eaa69fd/element - {"using":"xpath","value":"//button[@data-kt=\"addButton\"]"}
RESULT: {"using":"xpath","value":"//button[@data-kt=\"addButton\"]"}
COMMAND: POST /session/f10bfffe94842169a26616823eaa69fd/execute/sync - {"script":"<script> [8489 bytes]","args":[{"element-6066-11e4-a52e-4f735466cecf":"f.B31591FEBD8AE49568014889031CF3F7.d.A80BB341687F60DEF011B147421711D0.e.15434","ELEMENT":"f.B31591FEBD8AE49568014889031CF3F7.d.A80BB341687F60DEF011B147421711D0.e.15434"}]}
RESULT: {"script":"<script> [8489 bytes]","args":[{"element-6066-11e4-a52e-4f735466cecf":"f.B31591FEBD8AE49568014889031CF3F7.d.A80BB341687F60DEF011B147421711D0.e.15434","ELEMENT":"f.B31591FEBD8AE49568014889031CF3F7.d.A80BB341687F60DEF011B147421711D0.e.15434"}]}
COMMAND: GET /session/f10bfffe94842169a26616823eaa69fd/element/f.B31591FEBD8AE49568014889031CF3F7.d.A80BB341687F60DEF011B147421711D0.e.15434/enabled - {}
COMMAND: GET /session/f10bfffe94842169a26616823eaa69fd/screenshot - {}
RESULT: {}
COMMAND: POST /session/f10bfffe94842169a26616823eaa69fd/execute/sync - {"script":"<script> [8489 bytes]","args":[{"element-6066-11e4-a52e-4f735466cecf":"f.B31591FEBD8AE49568014889031CF3F7.d.A80BB341687F60DEF011B147421711D0.e.15434","ELEMENT":"f.B31591FEBD8AE49568014889031CF3F7.d.A80BB341687F60DEF011B147421711D0.e.15434"}]}
COMMAND: GET /session/f10bfffe94842169a26616823eaa69fd/screenshot - {}
RESULT: {}
RESULT: {"script":"<script> [8489 bytes]","args":[{"element-6066-11e4-a52e-4f735466cecf":"f.B31591FEBD8AE49568014889031CF3F7.d.A80BB341687F60DEF011B147421711D0.e.15434","ELEMENT":"f.B31591FEBD8AE49568014889031CF3F7.d.A80BB341687F60DEF011B147421711D0.e.15434"}]}
COMMAND: POST /session/f10bfffe94842169a26616823eaa69fd/execute/sync - {"script":"<script> [5351 bytes]","args":[{"element-6066-11e4-a52e-4f735466cecf":"f.B31591FEBD8AE49568014889031CF3F7.d.A80BB341687F60DEF011B147421711D0.e.15434","ELEMENT":"f.B31591FEBD8AE49568014889031CF3F7.d.A80BB341687F60DEF011B147421711D0.e.15434"}]}
COMMAND: GET /session/f10bfffe94842169a26616823eaa69fd/screenshot - {}
RESULT: {}
RESULT: {"script":"<script> [5351 bytes]","args":[{"element-6066-11e4-a52e-4f735466cecf":"f.B31591FEBD8AE49568014889031CF3F7.d.A80BB341687F60DEF011B147421711D0.e.15434","ELEMENT":"f.B31591FEBD8AE49568014889031CF3F7.d.A80BB341687F60DEF011B147421711D0.e.15434"}]}
COMMAND: POST /session/f10bfffe94842169a26616823eaa69fd/element/f.B31591FEBD8AE49568014889031CF3F7.d.A80BB341687F60DEF011B147421711D0.e.15434/click - {}
COMMAND: GET /session/f10bfffe94842169a26616823eaa69fd/screenshot - {}
RESULT: {}
RESULT: {}
COMMAND: GET /session/f10bfffe94842169a26616823eaa69fd/screenshot - {}
RESULT: {}
RESULT: {}
COMMAND: POST /session/f10bfffe94842169a26616823eaa69fd/execute/async - {"script":"<script> [1562 bytes]","args":[{"selector":{"controlType":"sap.m.Title","viewName":"etm.portal.ui.managepricingrules.view.NewItem","viewId":"application-managepricingrules-display-component---newInfoPriceItem","properties":{"text":"New Pricing Rules - Item Level"}},"wdio_ui5_key":"etmportal.ui.managepricingrules.view.NewItemsap.m.Title{\"text\":\"New Pricing Rules - Item Level\"}"}]}
RESULT: {"script":"<script> [1562 bytes]","args":[{"selector":{"controlType":"sap.m.Title","viewName":"etm.portal.ui.managepricingrules.view.NewItem","viewId":"application-managepricingrules-display-component---newInfoPriceItem","properties":{"text":"New Pricing Rules - Item Level"}},"wdio_ui5_key":"etmportal.ui.managepricingrules.view.NewItemsap.m.Title{\"text\":\"New Pricing Rules - Item Level\"}"}]}
RESULT: undefined
COMMAND: POST /session/f10bfffe94842169a26616823eaa69fd/execute/async - {"script":"<script> [6424 bytes]","args":[{"element-6066-11e4-a52e-4f735466cecf":"f.B31591FEBD8AE49568014889031CF3F7.d.A80BB341687F60DEF011B147421711D0.e.15562"},"getText",[]]}
RESULT: {"script":"<script> [6424 bytes]","args":[{"element-6066-11e4-a52e-4f735466cecf":"f.B31591FEBD8AE49568014889031CF3F7.d.A80BB341687F60DEF011B147421711D0.e.15562"},"getText",[]]}
COMMAND: POST /session/f10bfffe94842169a26616823eaa69fd/execute/async - {"script":"<script> [1562 bytes]","args":[{"selector":{"id":"application-managepricingrules-display-component---newInfoPriceItem--condValidTo","interaction":{"idSuffix":"inner"}},"wdio_ui5_key":"applicationmanagepricingrules-display-component---newInfoPriceItem--condValidTo"}]}
RESULT: {"script":"<script> [1562 bytes]","args":[{"selector":{"id":"application-managepricingrules-display-component---newInfoPriceItem--condValidTo","interaction":{"idSuffix":"inner"}},"wdio_ui5_key":"applicationmanagepricingrules-display-component---newInfoPriceItem--condValidTo"}]}
RESULT: undefined
COMMAND: POST /session/f10bfffe94842169a26616823eaa69fd/execute/async - {"script":"<script> [776 bytes]","args":[{"enterText":"12/18/25","selector":{"id":"application-managepricingrules-display-component---newInfoPriceItem--condValidTo","interaction":{"idSuffix":"inner"}},"clearTextFirst":true,"interactionType":"ENTER_TEXT"}]}
RESULT: {"script":"<script> [776 bytes]","args":[{"enterText":"12/18/25","selector":{"id":"application-managepricingrules-display-component---newInfoPriceItem--condValidTo","interaction":{"idSuffix":"inner"}},"clearTextFirst":true,"interactionType":"ENTER_TEXT"}]}
COMMAND: POST /session/f10bfffe94842169a26616823eaa69fd/execute/async - {"script":"<script> [1562 bytes]","args":[{"selector":{"id":"application-managepricingrules-display-component---newInfoPriceItem--billType-arrow"},"wdio_ui5_key":"applicationmanagepricingrules-display-component---newInfoPriceItem--billType-arrow"}]}
RESULT: {"script":"<script> [1562 bytes]","args":[{"selector":{"id":"application-managepricingrules-display-component---newInfoPriceItem--billType-arrow"},"wdio_ui5_key":"applicationmanagepricingrules-display-component---newInfoPriceItem--billType-arrow"}]}
RESULT: undefined
COMMAND: POST /session/f10bfffe94842169a26616823eaa69fd/element - {"using":"xpath","value":"//*[@id=\"application-managepricingrules-display-component---newInfoPriceItem--billType-arrow\"]"}
RESULT: {"using":"xpath","value":"//*[@id=\"application-managepricingrules-display-component---newInfoPriceItem--billType-arrow\"]"}
COMMAND: POST /session/f10bfffe94842169a26616823eaa69fd/element/f.B31591FEBD8AE49568014889031CF3F7.d.A80BB341687F60DEF011B147421711D0.e.15564/click - {}
RESULT: {}
COMMAND: POST /session/f10bfffe94842169a26616823eaa69fd/element - {"using":"xpath","value":"//span[contains(text(), \"PB - Performance based\")]"}
COMMAND: GET /session/f10bfffe94842169a26616823eaa69fd/screenshot - {}
RESULT: {"using":"xpath","value":"//span[contains(text(), \"PB - Performance based\")]"}
COMMAND: POST /session/f10bfffe94842169a26616823eaa69fd/element/f.B31591FEBD8AE49568014889031CF3F7.d.A80BB341687F60DEF011B147421711D0.e.15565/click - {}
RESULT: {}
RESULT: {}
COMMAND: POST /session/f10bfffe94842169a26616823eaa69fd/execute/async - {"script":"<script> [1562 bytes]","args":[{"selector":{"id":"application-managepricingrules-display-component---newInfoPriceItem--priceProc-arrow"},"wdio_ui5_key":"applicationmanagepricingrules-display-component---newInfoPriceItem--priceProc-arrow"}]}
COMMAND: GET /session/f10bfffe94842169a26616823eaa69fd/screenshot - {}
RESULT: {"script":"<script> [1562 bytes]","args":[{"selector":{"id":"application-managepricingrules-display-component---newInfoPriceItem--priceProc-arrow"},"wdio_ui5_key":"applicationmanagepricingrules-display-component---newInfoPriceItem--priceProc-arrow"}]}
RESULT: undefined
COMMAND: POST /session/f10bfffe94842169a26616823eaa69fd/element - {"using":"xpath","value":"//*[@id=\"application-managepricingrules-display-component---newInfoPriceItem--priceProc-arrow\"]"}
RESULT: {}
RESULT: {"using":"xpath","value":"//*[@id=\"application-managepricingrules-display-component---newInfoPriceItem--priceProc-arrow\"]"}
COMMAND: POST /session/f10bfffe94842169a26616823eaa69fd/element/f.B31591FEBD8AE49568014889031CF3F7.d.A80BB341687F60DEF011B147421711D0.e.15566/click - {}
RESULT: {}
COMMAND: POST /session/f10bfffe94842169a26616823eaa69fd/element - {"using":"xpath","value":"//span[contains(text(), \"PRF - Performance based\")]"}
COMMAND: GET /session/f10bfffe94842169a26616823eaa69fd/screenshot - {}
RESULT: {"using":"xpath","value":"//span[contains(text(), \"PRF - Performance based\")]"}
COMMAND: POST /session/f10bfffe94842169a26616823eaa69fd/element/f.B31591FEBD8AE49568014889031CF3F7.d.A80BB341687F60DEF011B147421711D0.e.15567/click - {}
RESULT: {}
RESULT: {}
COMMAND: POST /session/f10bfffe94842169a26616823eaa69fd/execute/async - {"script":"<script> [1562 bytes]","args":[{"selector":{"id":"application-managepricingrules-display-component---newInfoPriceItem--calcBase-arrow"},"wdio_ui5_key":"applicationmanagepricingrules-display-component---newInfoPriceItem--calcBase-arrow"}]}
COMMAND: GET /session/f10bfffe94842169a26616823eaa69fd/screenshot - {}
RESULT: {"script":"<script> [1562 bytes]","args":[{"selector":{"id":"application-managepricingrules-display-component---newInfoPriceItem--calcBase-arrow"},"wdio_ui5_key":"applicationmanagepricingrules-display-component---newInfoPriceItem--calcBase-arrow"}]}
RESULT: undefined
COMMAND: POST /session/f10bfffe94842169a26616823eaa69fd/element - {"using":"xpath","value":"//*[@id=\"application-managepricingrules-display-component---newInfoPriceItem--calcBase-arrow\"]"}
RESULT: {}
RESULT: {"using":"xpath","value":"//*[@id=\"application-managepricingrules-display-component---newInfoPriceItem--calcBase-arrow\"]"}
COMMAND: POST /session/f10bfffe94842169a26616823eaa69fd/element/f.B31591FEBD8AE49568014889031CF3F7.d.A80BB341687F60DEF011B147421711D0.e.15538/click - {}
RESULT: {}
COMMAND: GET /session/f10bfffe94842169a26616823eaa69fd/screenshot - {}
RESULT: {}
COMMAND: POST /session/f10bfffe94842169a26616823eaa69fd/element - {"using":"xpath","value":"//span[contains(text(), \"0007 - PB(work days)\")]"}
RESULT: {"using":"xpath","value":"//span[contains(text(), \"0007 - PB(work days)\")]"}
COMMAND: POST /session/f10bfffe94842169a26616823eaa69fd/element/f.B31591FEBD8AE49568014889031CF3F7.d.A80BB341687F60DEF011B147421711D0.e.15568/click - {}
RESULT: {}
COMMAND: GET /session/f10bfffe94842169a26616823eaa69fd/screenshot - {}
RESULT: {}
COMMAND: POST /session/f10bfffe94842169a26616823eaa69fd/execute/async - {"script":"<script> [1562 bytes]","args":[{"selector":{"id":"application-managepricingrules-display-component---newInfoPriceItem--hoursMonth","interaction":{"idSuffix":"inner"}},"wdio_ui5_key":"applicationmanagepricingrules-display-component---newInfoPriceItem--hoursMonth"}]}
RESULT: {"script":"<script> [1562 bytes]","args":[{"selector":{"id":"application-managepricingrules-display-component---newInfoPriceItem--hoursMonth","interaction":{"idSuffix":"inner"}},"wdio_ui5_key":"applicationmanagepricingrules-display-component---newInfoPriceItem--hoursMonth"}]}
RESULT: undefined
COMMAND: POST /session/f10bfffe94842169a26616823eaa69fd/execute/async - {"script":"<script> [776 bytes]","args":[{"enterText":"160","selector":{"id":"application-managepricingrules-display-component---newInfoPriceItem--hoursMonth","interaction":{"idSuffix":"inner"}},"clearTextFirst":true,"interactionType":"ENTER_TEXT"}]}
RESULT: {"script":"<script> [776 bytes]","args":[{"enterText":"160","selector":{"id":"application-managepricingrules-display-component---newInfoPriceItem--hoursMonth","interaction":{"idSuffix":"inner"}},"clearTextFirst":true,"interactionType":"ENTER_TEXT"}]}
COMMAND: POST /session/f10bfffe94842169a26616823eaa69fd/element - {"using":"xpath","value":"//button[@data-kt=\"saveNewRuleButton\"]"}
RESULT: {"using":"xpath","value":"//button[@data-kt=\"saveNewRuleButton\"]"}
COMMAND: POST /session/f10bfffe94842169a26616823eaa69fd/element/f.B31591FEBD8AE49568014889031CF3F7.d.A80BB341687F60DEF011B147421711D0.e.15550/click - {}
RESULT: {}
COMMAND: GET /session/f10bfffe94842169a26616823eaa69fd/screenshot - {}
RESULT: {}
COMMAND: POST /session/f10bfffe94842169a26616823eaa69fd/execute/async - {"script":"<script> [1562 bytes]","args":[{"selector":{"id":"application-managepricingrules-display-component---priceInfoItem--smartFilterBar-btnBasicSearch","interaction":{"idSuffix":"I"}},"wdio_ui5_key":"applicationmanagepricingrules-display-component---priceInfoItem--smartFilterBar-btnBasicSearch"}]}
RESULT: {"script":"<script> [1562 bytes]","args":[{"selector":{"id":"application-managepricingrules-display-component---priceInfoItem--smartFilterBar-btnBasicSearch","interaction":{"idSuffix":"I"}},"wdio_ui5_key":"applicationmanagepricingrules-display-component---priceInfoItem--smartFilterBar-btnBasicSearch"}]}
RESULT: undefined
COMMAND: POST /session/f10bfffe94842169a26616823eaa69fd/execute/async - {"script":"<script> [776 bytes]","args":[{"enterText":"IQH6qvY3pQ","selector":{"id":"application-managepricingrules-display-component---priceInfoItem--smartFilterBar-btnBasicSearch","interaction":{"idSuffix":"I"}},"clearTextFirst":true,"interactionType":"ENTER_TEXT"}]}
RESULT: {"script":"<script> [776 bytes]","args":[{"enterText":"IQH6qvY3pQ","selector":{"id":"application-managepricingrules-display-component---priceInfoItem--smartFilterBar-btnBasicSearch","interaction":{"idSuffix":"I"}},"clearTextFirst":true,"interactionType":"ENTER_TEXT"}]}
COMMAND: POST /session/f10bfffe94842169a26616823eaa69fd/actions - {"actions":[{"id":"action51","type":"key","parameters":{},"actions":[{"type":"keyDown","value":""},{"type":"pause","duration":10},{"type":"keyUp","value":""}]}]}
RESULT: {"actions":[{"id":"action51","type":"key","parameters":{},"actions":[{"type":"keyDown","value":""},{"type":"pause","duration":10},{"type":"keyUp","value":""}]}]}
COMMAND: GET /session/f10bfffe94842169a26616823eaa69fd/screenshot - {}
RESULT: {}
COMMAND: POST /session/f10bfffe94842169a26616823eaa69fd/element - {"using":"xpath","value":"//span[@id=\"application-managepricingrules-display-component---priceInfoItem--smartTable-header-inner\"]"}
RESULT: {"using":"xpath","value":"//span[@id=\"application-managepricingrules-display-component---priceInfoItem--smartTable-header-inner\"]"}
COMMAND: POST /session/f10bfffe94842169a26616823eaa69fd/elements - {"using":"xpath","value":"//span[@id=\"application-managepricingrules-display-component---priceInfoItem--smartTable-header-inner\"]"}
RESULT: {"using":"xpath","value":"//span[@id=\"application-managepricingrules-display-component---priceInfoItem--smartTable-header-inner\"]"}
COMMAND: POST /session/f10bfffe94842169a26616823eaa69fd/execute/sync - {"script":"<script> [56 bytes]","args":[{"element-6066-11e4-a52e-4f735466cecf":"f.B31591FEBD8AE49568014889031CF3F7.d.A80BB341687F60DEF011B147421711D0.e.15593","ELEMENT":"f.B31591FEBD8AE49568014889031CF3F7.d.A80BB341687F60DEF011B147421711D0.e.15593"}]}
RESULT: {"script":"<script> [56 bytes]","args":[{"element-6066-11e4-a52e-4f735466cecf":"f.B31591FEBD8AE49568014889031CF3F7.d.A80BB341687F60DEF011B147421711D0.e.15593","ELEMENT":"f.B31591FEBD8AE49568014889031CF3F7.d.A80BB341687F60DEF011B147421711D0.e.15593"}]}
COMMAND: POST /session/f10bfffe94842169a26616823eaa69fd/element - {"using":"css selector","value":"#shell-header-logo"}
COMMAND: GET /session/f10bfffe94842169a26616823eaa69fd/screenshot - {}
RESULT: {}
RESULT: {"using":"css selector","value":"#shell-header-logo"}
COMMAND: POST /session/f10bfffe94842169a26616823eaa69fd/element/f.B31591FEBD8AE49568014889031CF3F7.d.A80BB341687F60DEF011B147421711D0.e.14744/click - {}
RESULT: {}
COMMAND: GET /session/f10bfffe94842169a26616823eaa69fd/screenshot - {}
RESULT: {}
]]></system-out>
    </testcase>
    <testcase classname="chrome.135_0_7049_42.windows.Performance_based_billing_(work_days)_US139742" name="Should create a performance based billing condition on the equipment" time="72.69">
      <system-out><![CDATA[
COMMAND: POST /session/f10bfffe94842169a26616823eaa69fd/execute/async - {"script":"<script> [1562 bytes]","args":[{"selector":{"controlType":"sap.m.Text","properties":{"text":"Manage Conditions & Prices"},"interaction":{"idSuffix":"inner"}},"wdio_ui5_key":"sapm.Text{\"text\":\"Manage Conditions & Prices\"}"}]}
RESULT: {"script":"<script> [1562 bytes]","args":[{"selector":{"controlType":"sap.m.Text","properties":{"text":"Manage Conditions & Prices"},"interaction":{"idSuffix":"inner"}},"wdio_ui5_key":"sapm.Text{\"text\":\"Manage Conditions & Prices\"}"}]}
RESULT: undefined
COMMAND: POST /session/f10bfffe94842169a26616823eaa69fd/element - {"using":"xpath","value":"//*[@id=\"__tile53-title\"]"}
RESULT: {"using":"xpath","value":"//*[@id=\"__tile53-title\"]"}
COMMAND: POST /session/f10bfffe94842169a26616823eaa69fd/element/f.B31591FEBD8AE49568014889031CF3F7.d.A80BB341687F60DEF011B147421711D0.e.15596/click - {}
RESULT: {}
COMMAND: POST /session/f10bfffe94842169a26616823eaa69fd/element - {"using":"xpath","value":"//button[@aria-label=\"Create\"]"}
COMMAND: GET /session/f10bfffe94842169a26616823eaa69fd/screenshot - {}
RESULT: {"using":"xpath","value":"//button[@aria-label=\"Create\"]"}
COMMAND: POST /session/f10bfffe94842169a26616823eaa69fd/elements - {"using":"xpath","value":"//button[@aria-label=\"Create\"]"}
RESULT: {}
RESULT: {"using":"xpath","value":"//button[@aria-label=\"Create\"]"}
COMMAND: POST /session/f10bfffe94842169a26616823eaa69fd/element - {"using":"xpath","value":"//button[@aria-label=\"Create\"]"}
RESULT: {"using":"xpath","value":"//button[@aria-label=\"Create\"]"}
COMMAND: POST /session/f10bfffe94842169a26616823eaa69fd/execute/sync - {"script":"<script> [8489 bytes]","args":[{"element-6066-11e4-a52e-4f735466cecf":"f.B31591FEBD8AE49568014889031CF3F7.d.A80BB341687F60DEF011B147421711D0.e.15630","ELEMENT":"f.B31591FEBD8AE49568014889031CF3F7.d.A80BB341687F60DEF011B147421711D0.e.15630"}]}
RESULT: {"script":"<script> [8489 bytes]","args":[{"element-6066-11e4-a52e-4f735466cecf":"f.B31591FEBD8AE49568014889031CF3F7.d.A80BB341687F60DEF011B147421711D0.e.15630","ELEMENT":"f.B31591FEBD8AE49568014889031CF3F7.d.A80BB341687F60DEF011B147421711D0.e.15630"}]}
COMMAND: GET /session/f10bfffe94842169a26616823eaa69fd/element/f.B31591FEBD8AE49568014889031CF3F7.d.A80BB341687F60DEF011B147421711D0.e.15630/enabled - {}
COMMAND: GET /session/f10bfffe94842169a26616823eaa69fd/screenshot - {}
RESULT: {}
COMMAND: POST /session/f10bfffe94842169a26616823eaa69fd/execute/sync - {"script":"<script> [8489 bytes]","args":[{"element-6066-11e4-a52e-4f735466cecf":"f.B31591FEBD8AE49568014889031CF3F7.d.A80BB341687F60DEF011B147421711D0.e.15630","ELEMENT":"f.B31591FEBD8AE49568014889031CF3F7.d.A80BB341687F60DEF011B147421711D0.e.15630"}]}
COMMAND: GET /session/f10bfffe94842169a26616823eaa69fd/screenshot - {}
RESULT: {}
RESULT: {"script":"<script> [8489 bytes]","args":[{"element-6066-11e4-a52e-4f735466cecf":"f.B31591FEBD8AE49568014889031CF3F7.d.A80BB341687F60DEF011B147421711D0.e.15630","ELEMENT":"f.B31591FEBD8AE49568014889031CF3F7.d.A80BB341687F60DEF011B147421711D0.e.15630"}]}
COMMAND: POST /session/f10bfffe94842169a26616823eaa69fd/execute/sync - {"script":"<script> [5351 bytes]","args":[{"element-6066-11e4-a52e-4f735466cecf":"f.B31591FEBD8AE49568014889031CF3F7.d.A80BB341687F60DEF011B147421711D0.e.15630","ELEMENT":"f.B31591FEBD8AE49568014889031CF3F7.d.A80BB341687F60DEF011B147421711D0.e.15630"}]}
COMMAND: GET /session/f10bfffe94842169a26616823eaa69fd/screenshot - {}
RESULT: {}
RESULT: {"script":"<script> [5351 bytes]","args":[{"element-6066-11e4-a52e-4f735466cecf":"f.B31591FEBD8AE49568014889031CF3F7.d.A80BB341687F60DEF011B147421711D0.e.15630","ELEMENT":"f.B31591FEBD8AE49568014889031CF3F7.d.A80BB341687F60DEF011B147421711D0.e.15630"}]}
COMMAND: POST /session/f10bfffe94842169a26616823eaa69fd/element/f.B31591FEBD8AE49568014889031CF3F7.d.A80BB341687F60DEF011B147421711D0.e.15630/click - {}
COMMAND: GET /session/f10bfffe94842169a26616823eaa69fd/screenshot - {}
RESULT: {}
RESULT: {}
COMMAND: GET /session/f10bfffe94842169a26616823eaa69fd/screenshot - {}
RESULT: {}
RESULT: {}
COMMAND: POST /session/f10bfffe94842169a26616823eaa69fd/actions - {"actions":[{"id":"action52","type":"key","parameters":{},"actions":[{"type":"keyDown","value":""},{"type":"pause","duration":10},{"type":"keyUp","value":""}]}]}
RESULT: {"actions":[{"id":"action52","type":"key","parameters":{},"actions":[{"type":"keyDown","value":""},{"type":"pause","duration":10},{"type":"keyUp","value":""}]}]}
COMMAND: GET /session/f10bfffe94842169a26616823eaa69fd/screenshot - {}
RESULT: {}
COMMAND: POST /session/f10bfffe94842169a26616823eaa69fd/execute/async - {"script":"<script> [1562 bytes]","args":[{"selector":{"id":"application-manageconditionprice-display-component---newCondition--condBillCond-arrow"},"wdio_ui5_key":"applicationmanageconditionprice-display-component---newCondition--condBillCond-arrow"}]}
RESULT: {"script":"<script> [1562 bytes]","args":[{"selector":{"id":"application-manageconditionprice-display-component---newCondition--condBillCond-arrow"},"wdio_ui5_key":"applicationmanageconditionprice-display-component---newCondition--condBillCond-arrow"}]}
RESULT: undefined
COMMAND: POST /session/f10bfffe94842169a26616823eaa69fd/element - {"using":"xpath","value":"//*[@id=\"application-manageconditionprice-display-component---newCondition--condBillCond-arrow\"]"}
RESULT: {"using":"xpath","value":"//*[@id=\"application-manageconditionprice-display-component---newCondition--condBillCond-arrow\"]"}
COMMAND: POST /session/f10bfffe94842169a26616823eaa69fd/element/f.B31591FEBD8AE49568014889031CF3F7.d.A80BB341687F60DEF011B147421711D0.e.15810/click - {}
RESULT: {}
COMMAND: GET /session/f10bfffe94842169a26616823eaa69fd/screenshot - {}
RESULT: {}
COMMAND: POST /session/f10bfffe94842169a26616823eaa69fd/element - {"using":"xpath","value":"//li[.//span[contains(text(), \"PC06 - Performance Price - fuel\")]]"}
RESULT: {"using":"xpath","value":"//li[.//span[contains(text(), \"PC06 - Performance Price - fuel\")]]"}
COMMAND: POST /session/f10bfffe94842169a26616823eaa69fd/element/f.B31591FEBD8AE49568014889031CF3F7.d.A80BB341687F60DEF011B147421711D0.e.15813/click - {}
RESULT: {}
COMMAND: GET /session/f10bfffe94842169a26616823eaa69fd/screenshot - {}
RESULT: {}
COMMAND: POST /session/f10bfffe94842169a26616823eaa69fd/execute/async - {"script":"<script> [1562 bytes]","args":[{"selector":{"id":"application-manageconditionprice-display-component---newCondition--condValidTo","interaction":{"idSuffix":"inner"}},"wdio_ui5_key":"applicationmanageconditionprice-display-component---newCondition--condValidTo"}]}
RESULT: {"script":"<script> [1562 bytes]","args":[{"selector":{"id":"application-manageconditionprice-display-component---newCondition--condValidTo","interaction":{"idSuffix":"inner"}},"wdio_ui5_key":"applicationmanageconditionprice-display-component---newCondition--condValidTo"}]}
RESULT: undefined
COMMAND: POST /session/f10bfffe94842169a26616823eaa69fd/execute/async - {"script":"<script> [776 bytes]","args":[{"enterText":"12/18/25","selector":{"id":"application-manageconditionprice-display-component---newCondition--condValidTo","interaction":{"idSuffix":"inner"}},"clearTextFirst":true,"interactionType":"ENTER_TEXT"}]}
RESULT: {"script":"<script> [776 bytes]","args":[{"enterText":"12/18/25","selector":{"id":"application-manageconditionprice-display-component---newCondition--condValidTo","interaction":{"idSuffix":"inner"}},"clearTextFirst":true,"interactionType":"ENTER_TEXT"}]}
COMMAND: POST /session/f10bfffe94842169a26616823eaa69fd/element - {"using":"xpath","value":"//input[@id=\"application-manageconditionprice-display-component---newCondition--condRU-inner\"]"}
RESULT: {"using":"xpath","value":"//input[@id=\"application-manageconditionprice-display-component---newCondition--condRU-inner\"]"}
COMMAND: POST /session/f10bfffe94842169a26616823eaa69fd/element/f.B31591FEBD8AE49568014889031CF3F7.d.A80BB341687F60DEF011B147421711D0.e.15675/clear - {}
RESULT: {}
COMMAND: POST /session/f10bfffe94842169a26616823eaa69fd/element/f.B31591FEBD8AE49568014889031CF3F7.d.A80BB341687F60DEF011B147421711D0.e.15675/value - {"text":"IQH6qvY3pQ"}
COMMAND: GET /session/f10bfffe94842169a26616823eaa69fd/screenshot - {}
RESULT: {"text":"IQH6qvY3pQ"}
COMMAND: GET /session/f10bfffe94842169a26616823eaa69fd/screenshot - {}
RESULT: {}
RESULT: {}
COMMAND: POST /session/f10bfffe94842169a26616823eaa69fd/actions - {"actions":[{"id":"action53","type":"key","parameters":{},"actions":[{"type":"keyDown","value":""},{"type":"pause","duration":10},{"type":"keyUp","value":""}]}]}
RESULT: {"actions":[{"id":"action53","type":"key","parameters":{},"actions":[{"type":"keyDown","value":""},{"type":"pause","duration":10},{"type":"keyUp","value":""}]}]}
COMMAND: POST /session/f10bfffe94842169a26616823eaa69fd/execute/async - {"script":"<script> [1562 bytes]","args":[{"selector":{"id":"application-manageconditionprice-display-component---newCondition--condBaseQty","interaction":{"idSuffix":"inner"}},"wdio_ui5_key":"applicationmanageconditionprice-display-component---newCondition--condBaseQty"}]}
COMMAND: GET /session/f10bfffe94842169a26616823eaa69fd/screenshot - {}
RESULT: {"script":"<script> [1562 bytes]","args":[{"selector":{"id":"application-manageconditionprice-display-component---newCondition--condBaseQty","interaction":{"idSuffix":"inner"}},"wdio_ui5_key":"applicationmanageconditionprice-display-component---newCondition--condBaseQty"}]}
RESULT: undefined
COMMAND: POST /session/f10bfffe94842169a26616823eaa69fd/execute/async - {"script":"<script> [776 bytes]","args":[{"enterText":"1","selector":{"id":"application-manageconditionprice-display-component---newCondition--condBaseQty","interaction":{"idSuffix":"inner"}},"clearTextFirst":true,"interactionType":"ENTER_TEXT"}]}
RESULT: {}
RESULT: {"script":"<script> [776 bytes]","args":[{"enterText":"1","selector":{"id":"application-manageconditionprice-display-component---newCondition--condBaseQty","interaction":{"idSuffix":"inner"}},"clearTextFirst":true,"interactionType":"ENTER_TEXT"}]}
COMMAND: POST /session/f10bfffe94842169a26616823eaa69fd/execute/async - {"script":"<script> [1562 bytes]","args":[{"selector":{"id":"application-manageconditionprice-display-component---newCondition--condValue","interaction":{"idSuffix":"inner"}},"wdio_ui5_key":"applicationmanageconditionprice-display-component---newCondition--condValue"}]}
RESULT: {"script":"<script> [1562 bytes]","args":[{"selector":{"id":"application-manageconditionprice-display-component---newCondition--condValue","interaction":{"idSuffix":"inner"}},"wdio_ui5_key":"applicationmanageconditionprice-display-component---newCondition--condValue"}]}
RESULT: undefined
COMMAND: POST /session/f10bfffe94842169a26616823eaa69fd/execute/async - {"script":"<script> [776 bytes]","args":[{"enterText":"10","selector":{"id":"application-manageconditionprice-display-component---newCondition--condValue","interaction":{"idSuffix":"inner"}},"clearTextFirst":true,"interactionType":"ENTER_TEXT"}]}
RESULT: {"script":"<script> [776 bytes]","args":[{"enterText":"10","selector":{"id":"application-manageconditionprice-display-component---newCondition--condValue","interaction":{"idSuffix":"inner"}},"clearTextFirst":true,"interactionType":"ENTER_TEXT"}]}
COMMAND: POST /session/f10bfffe94842169a26616823eaa69fd/execute/async - {"script":"<script> [1562 bytes]","args":[{"selector":{"id":"application-manageconditionprice-display-component---newCondition--condCurr-arrow"},"wdio_ui5_key":"applicationmanageconditionprice-display-component---newCondition--condCurr-arrow"}]}
RESULT: {"script":"<script> [1562 bytes]","args":[{"selector":{"id":"application-manageconditionprice-display-component---newCondition--condCurr-arrow"},"wdio_ui5_key":"applicationmanageconditionprice-display-component---newCondition--condCurr-arrow"}]}
RESULT: undefined
COMMAND: POST /session/f10bfffe94842169a26616823eaa69fd/element - {"using":"xpath","value":"//*[@id=\"application-manageconditionprice-display-component---newCondition--condCurr-arrow\"]"}
RESULT: {"using":"xpath","value":"//*[@id=\"application-manageconditionprice-display-component---newCondition--condCurr-arrow\"]"}
COMMAND: POST /session/f10bfffe94842169a26616823eaa69fd/element/f.B31591FEBD8AE49568014889031CF3F7.d.A80BB341687F60DEF011B147421711D0.e.15767/click - {}
RESULT: {}
COMMAND: POST /session/f10bfffe94842169a26616823eaa69fd/element - {"using":"xpath","value":"//span[contains(text(), \"Euro\")]"}
COMMAND: GET /session/f10bfffe94842169a26616823eaa69fd/screenshot - {}
RESULT: {"using":"xpath","value":"//span[contains(text(), \"Euro\")]"}
COMMAND: POST /session/f10bfffe94842169a26616823eaa69fd/element/f.B31591FEBD8AE49568014889031CF3F7.d.A80BB341687F60DEF011B147421711D0.e.15848/click - {}
RESULT: {}
RESULT: {}
COMMAND: POST /session/f10bfffe94842169a26616823eaa69fd/element - {"using":"xpath","value":"//button[@data-kt=\"saveButton\"]"}
COMMAND: GET /session/f10bfffe94842169a26616823eaa69fd/screenshot - {}
RESULT: {"using":"xpath","value":"//button[@data-kt=\"saveButton\"]"}
COMMAND: POST /session/f10bfffe94842169a26616823eaa69fd/element/f.B31591FEBD8AE49568014889031CF3F7.d.A80BB341687F60DEF011B147421711D0.e.15768/click - {}
RESULT: {}
RESULT: {}
COMMAND: GET /session/f10bfffe94842169a26616823eaa69fd/screenshot - {}
RESULT: {}
COMMAND: POST /session/f10bfffe94842169a26616823eaa69fd/execute/async - {"script":"<script> [1562 bytes]","args":[{"selector":{"id":"application-manageconditionprice-display-component---conditions--smartFilterBar-btnBasicSearch","interaction":{"idSuffix":"I"}},"wdio_ui5_key":"applicationmanageconditionprice-display-component---conditions--smartFilterBar-btnBasicSearch"}]}
RESULT: {"script":"<script> [1562 bytes]","args":[{"selector":{"id":"application-manageconditionprice-display-component---conditions--smartFilterBar-btnBasicSearch","interaction":{"idSuffix":"I"}},"wdio_ui5_key":"applicationmanageconditionprice-display-component---conditions--smartFilterBar-btnBasicSearch"}]}
RESULT: undefined
COMMAND: POST /session/f10bfffe94842169a26616823eaa69fd/execute/async - {"script":"<script> [776 bytes]","args":[{"enterText":"IQH6qvY3pQ","selector":{"id":"application-manageconditionprice-display-component---conditions--smartFilterBar-btnBasicSearch","interaction":{"idSuffix":"I"}},"clearTextFirst":true,"interactionType":"ENTER_TEXT"}]}
RESULT: {"script":"<script> [776 bytes]","args":[{"enterText":"IQH6qvY3pQ","selector":{"id":"application-manageconditionprice-display-component---conditions--smartFilterBar-btnBasicSearch","interaction":{"idSuffix":"I"}},"clearTextFirst":true,"interactionType":"ENTER_TEXT"}]}
COMMAND: POST /session/f10bfffe94842169a26616823eaa69fd/actions - {"actions":[{"id":"action54","type":"key","parameters":{},"actions":[{"type":"keyDown","value":""},{"type":"pause","duration":10},{"type":"keyUp","value":""}]}]}
RESULT: {"actions":[{"id":"action54","type":"key","parameters":{},"actions":[{"type":"keyDown","value":""},{"type":"pause","duration":10},{"type":"keyUp","value":""}]}]}
COMMAND: GET /session/f10bfffe94842169a26616823eaa69fd/screenshot - {}
RESULT: {}
COMMAND: POST /session/f10bfffe94842169a26616823eaa69fd/execute/async - {"script":"<script> [1562 bytes]","args":[{"selector":{"id":"application-manageconditionprice-display-component---conditions--smartFilterBar-filterItemControl_BASIC-BILL_TYPES-vhi"},"wdio_ui5_key":"applicationmanageconditionprice-display-component---conditions--smartFilterBar-filterItemControl_BASIC-BILL_TYPES-vhi"}]}
RESULT: {"script":"<script> [1562 bytes]","args":[{"selector":{"id":"application-manageconditionprice-display-component---conditions--smartFilterBar-filterItemControl_BASIC-BILL_TYPES-vhi"},"wdio_ui5_key":"applicationmanageconditionprice-display-component---conditions--smartFilterBar-filterItemControl_BASIC-BILL_TYPES-vhi"}]}
RESULT: undefined
COMMAND: POST /session/f10bfffe94842169a26616823eaa69fd/element - {"using":"xpath","value":"//*[@id=\"application-manageconditionprice-display-component---conditions--smartFilterBar-filterItemControl_BASIC-BILL_TYPES-vhi\"]"}
RESULT: {"using":"xpath","value":"//*[@id=\"application-manageconditionprice-display-component---conditions--smartFilterBar-filterItemControl_BASIC-BILL_TYPES-vhi\"]"}
COMMAND: POST /session/f10bfffe94842169a26616823eaa69fd/element/f.B31591FEBD8AE49568014889031CF3F7.d.A80BB341687F60DEF011B147421711D0.e.15943/click - {}
RESULT: {}
COMMAND: POST /session/f10bfffe94842169a26616823eaa69fd/execute/async - {"script":"<script> [1562 bytes]","args":[{"selector":{"id":"application-manageconditionprice-display-component---conditions--smartFilterBar-filterItemControl_BASIC-BILL_TYPES-valueHelpDialog-smartFilterBar-btnBasicSearch","searchOpenDialogs":true,"interaction":{"idSuffix":"I"}},"wdio_ui5_key":"applicationmanageconditionprice-display-component---conditions--smartFilterBar-filterItemControl_BASIC-BILL_TYPES-valueHelpDialog-smartFilterBar-btnBasicSearch"}]}
COMMAND: GET /session/f10bfffe94842169a26616823eaa69fd/screenshot - {}
RESULT: {"script":"<script> [1562 bytes]","args":[{"selector":{"id":"application-manageconditionprice-display-component---conditions--smartFilterBar-filterItemControl_BASIC-BILL_TYPES-valueHelpDialog-smartFilterBar-btnBasicSearch","searchOpenDialogs":true,"interaction":{"idSuffix":"I"}},"wdio_ui5_key":"applicationmanageconditionprice-display-component---conditions--smartFilterBar-filterItemControl_BASIC-BILL_TYPES-valueHelpDialog-smartFilterBar-btnBasicSearch"}]}
RESULT: undefined
COMMAND: POST /session/f10bfffe94842169a26616823eaa69fd/execute/async - {"script":"<script> [776 bytes]","args":[{"enterText":"PB","selector":{"id":"application-manageconditionprice-display-component---conditions--smartFilterBar-filterItemControl_BASIC-BILL_TYPES-valueHelpDialog-smartFilterBar-btnBasicSearch","searchOpenDialogs":true,"interaction":{"idSuffix":"I"}},"clearTextFirst":true,"interactionType":"ENTER_TEXT"}]}
RESULT: {}
RESULT: {"script":"<script> [776 bytes]","args":[{"enterText":"PB","selector":{"id":"application-manageconditionprice-display-component---conditions--smartFilterBar-filterItemControl_BASIC-BILL_TYPES-valueHelpDialog-smartFilterBar-btnBasicSearch","searchOpenDialogs":true,"interaction":{"idSuffix":"I"}},"clearTextFirst":true,"interactionType":"ENTER_TEXT"}]}
COMMAND: POST /session/f10bfffe94842169a26616823eaa69fd/actions - {"actions":[{"id":"action55","type":"key","parameters":{},"actions":[{"type":"keyDown","value":""},{"type":"pause","duration":10},{"type":"keyUp","value":""}]}]}
RESULT: {"actions":[{"id":"action55","type":"key","parameters":{},"actions":[{"type":"keyDown","value":""},{"type":"pause","duration":10},{"type":"keyUp","value":""}]}]}
COMMAND: GET /session/f10bfffe94842169a26616823eaa69fd/screenshot - {}
RESULT: {}
COMMAND: POST /session/f10bfffe94842169a26616823eaa69fd/element - {"using":"xpath","value":"//div[contains(@id, 'application-manageconditionprice-display-component---conditions--smartFilterBar-filterItemControl_BASIC-BILL_TYPES-valueHelpDialog-table-rowsel0')]"}
RESULT: {"using":"xpath","value":"//div[contains(@id, 'application-manageconditionprice-display-component---conditions--smartFilterBar-filterItemControl_BASIC-BILL_TYPES-valueHelpDialog-table-rowsel0')]"}
COMMAND: POST /session/f10bfffe94842169a26616823eaa69fd/element/f.B31591FEBD8AE49568014889031CF3F7.d.A80BB341687F60DEF011B147421711D0.e.15952/click - {}
RESULT: {}
COMMAND: GET /session/f10bfffe94842169a26616823eaa69fd/screenshot - {}
RESULT: {}
COMMAND: POST /session/f10bfffe94842169a26616823eaa69fd/element - {"using":"xpath","value":"//bdi[contains(text(), \"OK\")]"}
RESULT: {"using":"xpath","value":"//bdi[contains(text(), \"OK\")]"}
COMMAND: POST /session/f10bfffe94842169a26616823eaa69fd/element/f.B31591FEBD8AE49568014889031CF3F7.d.A80BB341687F60DEF011B147421711D0.e.15954/click - {}
RESULT: {}
COMMAND: GET /session/f10bfffe94842169a26616823eaa69fd/screenshot - {}
RESULT: {}
COMMAND: POST /session/f10bfffe94842169a26616823eaa69fd/element - {"using":"xpath","value":"//span[@id=\"application-manageconditionprice-display-component---conditions--smartTable-header-inner\"]"}
RESULT: {"using":"xpath","value":"//span[@id=\"application-manageconditionprice-display-component---conditions--smartTable-header-inner\"]"}
COMMAND: POST /session/f10bfffe94842169a26616823eaa69fd/elements - {"using":"xpath","value":"//span[@id=\"application-manageconditionprice-display-component---conditions--smartTable-header-inner\"]"}
RESULT: {"using":"xpath","value":"//span[@id=\"application-manageconditionprice-display-component---conditions--smartTable-header-inner\"]"}
COMMAND: POST /session/f10bfffe94842169a26616823eaa69fd/execute/sync - {"script":"<script> [56 bytes]","args":[{"element-6066-11e4-a52e-4f735466cecf":"f.B31591FEBD8AE49568014889031CF3F7.d.A80BB341687F60DEF011B147421711D0.e.15957","ELEMENT":"f.B31591FEBD8AE49568014889031CF3F7.d.A80BB341687F60DEF011B147421711D0.e.15957"}]}
RESULT: {"script":"<script> [56 bytes]","args":[{"element-6066-11e4-a52e-4f735466cecf":"f.B31591FEBD8AE49568014889031CF3F7.d.A80BB341687F60DEF011B147421711D0.e.15957","ELEMENT":"f.B31591FEBD8AE49568014889031CF3F7.d.A80BB341687F60DEF011B147421711D0.e.15957"}]}
COMMAND: POST /session/f10bfffe94842169a26616823eaa69fd/element - {"using":"css selector","value":"#shell-header-logo"}
COMMAND: GET /session/f10bfffe94842169a26616823eaa69fd/screenshot - {}
RESULT: {}
RESULT: {"using":"css selector","value":"#shell-header-logo"}
COMMAND: POST /session/f10bfffe94842169a26616823eaa69fd/element/f.B31591FEBD8AE49568014889031CF3F7.d.A80BB341687F60DEF011B147421711D0.e.15598/click - {}
RESULT: {}
COMMAND: GET /session/f10bfffe94842169a26616823eaa69fd/screenshot - {}
RESULT: {}
]]></system-out>
    </testcase>
    <testcase classname="chrome.135_0_7049_42.windows.Performance_based_billing_(work_days)_US139742" name="Should add a counter to the equipment" time="61.824">
      <system-out><![CDATA[
RESULT: undefined
COMMAND: POST /session/f10bfffe94842169a26616823eaa69fd/element - {"using":"xpath","value":"//*[@id=\"__tile39\"]"}
RESULT: {"using":"xpath","value":"//*[@id=\"__tile39\"]"}
COMMAND: POST /session/f10bfffe94842169a26616823eaa69fd/element/f.B31591FEBD8AE49568014889031CF3F7.d.A80BB341687F60DEF011B147421711D0.e.14643/click - {}
RESULT: {}
COMMAND: POST /session/f10bfffe94842169a26616823eaa69fd/execute/async - {"script":"<script> [1562 bytes]","args":[{"selector":{"id":"application-manageresources-display-component---masterRU--smartFilterBar-btnBasicSearch","interaction":{"idSuffix":"I"}},"wdio_ui5_key":"applicationmanageresources-display-component---masterRU--smartFilterBar-btnBasicSearch"}]}
COMMAND: GET /session/f10bfffe94842169a26616823eaa69fd/screenshot - {}
RESULT: undefined
RESULT: undefined
RESULT: {"script":"<script> [1562 bytes]","args":[{"selector":{"id":"application-manageresources-display-component---masterRU--smartFilterBar-btnBasicSearch","interaction":{"idSuffix":"I"}},"wdio_ui5_key":"applicationmanageresources-display-component---masterRU--smartFilterBar-btnBasicSearch"}]}
RESULT: undefined
COMMAND: POST /session/f10bfffe94842169a26616823eaa69fd/execute/async - {"script":"<script> [776 bytes]","args":[{"enterText":"IQH6qvY3pQ","selector":{"id":"application-manageresources-display-component---masterRU--smartFilterBar-btnBasicSearch","interaction":{"idSuffix":"I"}},"clearTextFirst":true,"interactionType":"ENTER_TEXT"}]}
RESULT: {}
RESULT: {"script":"<script> [776 bytes]","args":[{"enterText":"IQH6qvY3pQ","selector":{"id":"application-manageresources-display-component---masterRU--smartFilterBar-btnBasicSearch","interaction":{"idSuffix":"I"}},"clearTextFirst":true,"interactionType":"ENTER_TEXT"}]}
COMMAND: POST /session/f10bfffe94842169a26616823eaa69fd/actions - {"actions":[{"id":"action56","type":"key","parameters":{},"actions":[{"type":"keyDown","value":""},{"type":"pause","duration":10},{"type":"keyUp","value":""}]}]}
RESULT: {"actions":[{"id":"action56","type":"key","parameters":{},"actions":[{"type":"keyDown","value":""},{"type":"pause","duration":10},{"type":"keyUp","value":""}]}]}
COMMAND: GET /session/f10bfffe94842169a26616823eaa69fd/screenshot - {}
RESULT: {}
COMMAND: POST /session/f10bfffe94842169a26616823eaa69fd/execute/async - {"script":"<script> [1562 bytes]","args":[{"selector":{"id":"application-manageresources-display-component---masterRU--smartTable-header"},"wdio_ui5_key":"applicationmanageresources-display-component---masterRU--smartTable-header"}]}
RESULT: {"script":"<script> [1562 bytes]","args":[{"selector":{"id":"application-manageresources-display-component---masterRU--smartTable-header"},"wdio_ui5_key":"applicationmanageresources-display-component---masterRU--smartTable-header"}]}
RESULT: undefined
COMMAND: POST /session/f10bfffe94842169a26616823eaa69fd/execute/async - {"script":"<script> [6424 bytes]","args":[{"element-6066-11e4-a52e-4f735466cecf":"f.B31591FEBD8AE49568014889031CF3F7.d.A80BB341687F60DEF011B147421711D0.e.16156"},"getText",[]]}
RESULT: {"script":"<script> [6424 bytes]","args":[{"element-6066-11e4-a52e-4f735466cecf":"f.B31591FEBD8AE49568014889031CF3F7.d.A80BB341687F60DEF011B147421711D0.e.16156"},"getText",[]]}
COMMAND: POST /session/f10bfffe94842169a26616823eaa69fd/execute/async - {"script":"<script> [1562 bytes]","args":[{"selector":{"controlType":"sap.ui.core.Icon","viewName":"etm.portal.ui.manageresources.view.Master","viewId":"application-manageresources-display-component---masterRU","properties":{"src":{"regex":{"source":"slim\\-arrow\\-right"}}}},"wdio_ui5_key":"etmportal.ui.manageresources.view.Mastersap.ui.core.Icon{\"src\":{\"regex\":{\"source\":\"slim\\\\-arrow\\\\-right\"}}}"}]}
RESULT: {"script":"<script> [1562 bytes]","args":[{"selector":{"controlType":"sap.ui.core.Icon","viewName":"etm.portal.ui.manageresources.view.Master","viewId":"application-manageresources-display-component---masterRU","properties":{"src":{"regex":{"source":"slim\\-arrow\\-right"}}}},"wdio_ui5_key":"etmportal.ui.manageresources.view.Mastersap.ui.core.Icon{\"src\":{\"regex\":{\"source\":\"slim\\\\-arrow\\\\-right\"}}}"}]}
RESULT: undefined
COMMAND: POST /session/f10bfffe94842169a26616823eaa69fd/element - {"using":"xpath","value":"//*[@id=\"__item1247-__clone3312-imgNav\"]"}
RESULT: {"using":"xpath","value":"//*[@id=\"__item1247-__clone3312-imgNav\"]"}
COMMAND: POST /session/f10bfffe94842169a26616823eaa69fd/element/f.B31591FEBD8AE49568014889031CF3F7.d.A80BB341687F60DEF011B147421711D0.e.16155/click - {}
RESULT: {}
COMMAND: GET /session/f10bfffe94842169a26616823eaa69fd/screenshot - {}
COMMAND: POST /session/f10bfffe94842169a26616823eaa69fd/element - {"using":"xpath","value":"//bdi[contains(text(), \"Edit\")]"}
RESULT: {}
RESULT: {"using":"xpath","value":"//bdi[contains(text(), \"Edit\")]"}
COMMAND: POST /session/f10bfffe94842169a26616823eaa69fd/execute/sync - {"script":"<script> [8489 bytes]","args":[{"element-6066-11e4-a52e-4f735466cecf":"f.B31591FEBD8AE49568014889031CF3F7.d.A80BB341687F60DEF011B147421711D0.e.16253","ELEMENT":"f.B31591FEBD8AE49568014889031CF3F7.d.A80BB341687F60DEF011B147421711D0.e.16253"}]}
RESULT: {"script":"<script> [8489 bytes]","args":[{"element-6066-11e4-a52e-4f735466cecf":"f.B31591FEBD8AE49568014889031CF3F7.d.A80BB341687F60DEF011B147421711D0.e.16253","ELEMENT":"f.B31591FEBD8AE49568014889031CF3F7.d.A80BB341687F60DEF011B147421711D0.e.16253"}]}
COMMAND: POST /session/f10bfffe94842169a26616823eaa69fd/element/f.B31591FEBD8AE49568014889031CF3F7.d.A80BB341687F60DEF011B147421711D0.e.16253/click - {}
COMMAND: GET /session/f10bfffe94842169a26616823eaa69fd/screenshot - {}
RESULT: {}
COMMAND: GET /session/f10bfffe94842169a26616823eaa69fd/screenshot - {}
RESULT: {}
RESULT: {}
COMMAND: POST /session/f10bfffe94842169a26616823eaa69fd/execute/async - {"script":"<script> [1562 bytes]","args":[{"selector":{"id":"application-manageresources-display-component---editResource--editRruPage-anchBar-application-manageresources-display-component---editResource--counters-anchor","interaction":{"idSuffix":"BDI-content"}},"wdio_ui5_key":"applicationmanageresources-display-component---editResource--editRruPage-anchBar-application-manageresources-display-component---editResource--counters-anchor"}]}
RESULT: {"script":"<script> [1562 bytes]","args":[{"selector":{"id":"application-manageresources-display-component---editResource--editRruPage-anchBar-application-manageresources-display-component---editResource--counters-anchor","interaction":{"idSuffix":"BDI-content"}},"wdio_ui5_key":"applicationmanageresources-display-component---editResource--editRruPage-anchBar-application-manageresources-display-component---editResource--counters-anchor"}]}
RESULT: undefined
COMMAND: POST /session/f10bfffe94842169a26616823eaa69fd/element - {"using":"xpath","value":"//*[@id=\"application-manageresources-display-component---editResource--editRruPage-anchBar-application-manageresources-display-component---editResource--counters-anchor\"]"}
RESULT: {"using":"xpath","value":"//*[@id=\"application-manageresources-display-component---editResource--editRruPage-anchBar-application-manageresources-display-component---editResource--counters-anchor\"]"}
COMMAND: POST /session/f10bfffe94842169a26616823eaa69fd/element/f.B31591FEBD8AE49568014889031CF3F7.d.A80BB341687F60DEF011B147421711D0.e.16416/click - {}
RESULT: {}
COMMAND: GET /session/f10bfffe94842169a26616823eaa69fd/screenshot - {}
RESULT: {}
COMMAND: POST /session/f10bfffe94842169a26616823eaa69fd/execute/async - {"script":"<script> [1562 bytes]","args":[{"selector":{"id":"application-manageresources-display-component---editResource--btnAddCounter-img"},"wdio_ui5_key":"applicationmanageresources-display-component---editResource--btnAddCounter-img"}]}
RESULT: {"script":"<script> [1562 bytes]","args":[{"selector":{"id":"application-manageresources-display-component---editResource--btnAddCounter-img"},"wdio_ui5_key":"applicationmanageresources-display-component---editResource--btnAddCounter-img"}]}
RESULT: undefined
COMMAND: POST /session/f10bfffe94842169a26616823eaa69fd/element - {"using":"xpath","value":"//*[@id=\"application-manageresources-display-component---editResource--btnAddCounter-img\"]"}
RESULT: {"using":"xpath","value":"//*[@id=\"application-manageresources-display-component---editResource--btnAddCounter-img\"]"}
COMMAND: POST /session/f10bfffe94842169a26616823eaa69fd/element/f.B31591FEBD8AE49568014889031CF3F7.d.A80BB341687F60DEF011B147421711D0.e.16421/click - {}
RESULT: {}
COMMAND: POST /session/f10bfffe94842169a26616823eaa69fd/execute/async - {"script":"<script> [1562 bytes]","args":[{"selector":{"id":"application-manageresources-display-component---editResource--COUNTER_ID-application-manageresources-display-component---editResource--RUCounters-0-arrow"},"wdio_ui5_key":"applicationmanageresources-display-component---editResource--COUNTER_ID-application-manageresources-display-component---editResource--RUCounters-0-arrow"}]}
COMMAND: GET /session/f10bfffe94842169a26616823eaa69fd/screenshot - {}
RESULT: {"script":"<script> [1562 bytes]","args":[{"selector":{"id":"application-manageresources-display-component---editResource--COUNTER_ID-application-manageresources-display-component---editResource--RUCounters-0-arrow"},"wdio_ui5_key":"applicationmanageresources-display-component---editResource--COUNTER_ID-application-manageresources-display-component---editResource--RUCounters-0-arrow"}]}
RESULT: undefined
COMMAND: POST /session/f10bfffe94842169a26616823eaa69fd/element - {"using":"xpath","value":"//*[@id=\"application-manageresources-display-component---editResource--COUNTER_ID-application-manageresources-display-component---editResource--RUCounters-0-arrow\"]"}
RESULT: {}
RESULT: {"using":"xpath","value":"//*[@id=\"application-manageresources-display-component---editResource--COUNTER_ID-application-manageresources-display-component---editResource--RUCounters-0-arrow\"]"}
COMMAND: POST /session/f10bfffe94842169a26616823eaa69fd/element/f.B31591FEBD8AE49568014889031CF3F7.d.A80BB341687F60DEF011B147421711D0.e.16434/click - {}
RESULT: {}
COMMAND: POST /session/f10bfffe94842169a26616823eaa69fd/execute/async - {"script":"<script> [1562 bytes]","args":[{"selector":{"controlType":"sap.m.StandardListItem","viewName":"etm.portal.ui.manageresources.view.EditResource","viewId":"application-manageresources-display-component---editResource","properties":{"title":"fuel"},"searchOpenDialogs":true,"interaction":{"idSuffix":"content"}},"wdio_ui5_key":"etmportal.ui.manageresources.view.EditResourcesap.m.StandardListItem{\"title\":\"fuel\"}"}]}
COMMAND: GET /session/f10bfffe94842169a26616823eaa69fd/screenshot - {}
RESULT: {"script":"<script> [1562 bytes]","args":[{"selector":{"controlType":"sap.m.StandardListItem","viewName":"etm.portal.ui.manageresources.view.EditResource","viewId":"application-manageresources-display-component---editResource","properties":{"title":"fuel"},"searchOpenDialogs":true,"interaction":{"idSuffix":"content"}},"wdio_ui5_key":"etmportal.ui.manageresources.view.EditResourcesap.m.StandardListItem{\"title\":\"fuel\"}"}]}
RESULT: undefined
COMMAND: POST /session/f10bfffe94842169a26616823eaa69fd/element - {"using":"xpath","value":"//*[@id=\"__item1552\"]"}
RESULT: {}
RESULT: {"using":"xpath","value":"//*[@id=\"__item1552\"]"}
COMMAND: POST /session/f10bfffe94842169a26616823eaa69fd/element/f.B31591FEBD8AE49568014889031CF3F7.d.A80BB341687F60DEF011B147421711D0.e.16436/click - {}
RESULT: {}
COMMAND: POST /session/f10bfffe94842169a26616823eaa69fd/execute/async - {"script":"<script> [1562 bytes]","args":[{"selector":{"controlType":"sap.m.Button","viewName":"etm.portal.ui.manageresources.view.EditResource","viewId":"application-manageresources-display-component---editResource","i18NText":{"propertyName":"text","key":"save"},"interaction":{"idSuffix":"BDI-content"}},"wdio_ui5_key":"etmportal.ui.manageresources.view.EditResourcesap.m.Button{\"propertyName\":\"text\",\"key\":\"save\"}"}]}
COMMAND: GET /session/f10bfffe94842169a26616823eaa69fd/screenshot - {}
RESULT: {"script":"<script> [1562 bytes]","args":[{"selector":{"controlType":"sap.m.Button","viewName":"etm.portal.ui.manageresources.view.EditResource","viewId":"application-manageresources-display-component---editResource","i18NText":{"propertyName":"text","key":"save"},"interaction":{"idSuffix":"BDI-content"}},"wdio_ui5_key":"etmportal.ui.manageresources.view.EditResourcesap.m.Button{\"propertyName\":\"text\",\"key\":\"save\"}"}]}
RESULT: undefined
COMMAND: POST /session/f10bfffe94842169a26616823eaa69fd/element - {"using":"xpath","value":"//*[@id=\"__button192\"]"}
RESULT: {}
RESULT: {"using":"xpath","value":"//*[@id=\"__button192\"]"}
COMMAND: POST /session/f10bfffe94842169a26616823eaa69fd/element/f.B31591FEBD8AE49568014889031CF3F7.d.A80BB341687F60DEF011B147421711D0.e.16438/click - {}
RESULT: {}
COMMAND: GET /session/f10bfffe94842169a26616823eaa69fd/screenshot - {}
COMMAND: POST /session/f10bfffe94842169a26616823eaa69fd/element - {"using":"css selector","value":"#shell-header-logo"}
RESULT: {}
RESULT: {"using":"css selector","value":"#shell-header-logo"}
COMMAND: POST /session/f10bfffe94842169a26616823eaa69fd/element/f.B31591FEBD8AE49568014889031CF3F7.d.A80BB341687F60DEF011B147421711D0.e.15964/click - {}
RESULT: {}
COMMAND: GET /session/f10bfffe94842169a26616823eaa69fd/screenshot - {}
RESULT: {}
]]></system-out>
    </testcase>
    <testcase classname="chrome.135_0_7049_42.windows.Performance_based_billing_(work_days)_US139742" name="Should do a stock increase on the yard for the equipment" time="94.456">
      <system-out><![CDATA[
COMMAND: POST /session/f10bfffe94842169a26616823eaa69fd/execute/async - {"script":"<script> [1562 bytes]","args":[{"selector":{"controlType":"sap.m.Text","viewName":"etm.portal.ui.managehandoverstile.view.Master","properties":{"text":"Manage Handovers"},"interaction":{"idSuffix":"inner"}},"wdio_ui5_key":"etmportal.ui.managehandoverstile.view.Mastersap.m.Text{\"text\":\"Manage Handovers\"}"}]}
RESULT: {"script":"<script> [1562 bytes]","args":[{"selector":{"controlType":"sap.m.Text","viewName":"etm.portal.ui.managehandoverstile.view.Master","properties":{"text":"Manage Handovers"},"interaction":{"idSuffix":"inner"}},"wdio_ui5_key":"etmportal.ui.managehandoverstile.view.Mastersap.m.Text{\"text\":\"Manage Handovers\"}"}]}
RESULT: undefined
COMMAND: POST /session/f10bfffe94842169a26616823eaa69fd/element - {"using":"xpath","value":"//*[@id=\"__tile133-title\"]"}
RESULT: {"using":"xpath","value":"//*[@id=\"__tile133-title\"]"}
COMMAND: POST /session/f10bfffe94842169a26616823eaa69fd/element/f.B31591FEBD8AE49568014889031CF3F7.d.A80BB341687F60DEF011B147421711D0.e.16446/click - {}
RESULT: {}
COMMAND: POST /session/f10bfffe94842169a26616823eaa69fd/element - {"using":"xpath","value":"//button[@data-kt=\"masterHOAddButton\"]"}
COMMAND: GET /session/f10bfffe94842169a26616823eaa69fd/screenshot - {}
RESULT: {"using":"xpath","value":"//button[@data-kt=\"masterHOAddButton\"]"}
COMMAND: POST /session/f10bfffe94842169a26616823eaa69fd/elements - {"using":"xpath","value":"//button[@data-kt=\"masterHOAddButton\"]"}
RESULT: {}
RESULT: {"using":"xpath","value":"//button[@data-kt=\"masterHOAddButton\"]"}
COMMAND: POST /session/f10bfffe94842169a26616823eaa69fd/elements - {"using":"xpath","value":"//button[@data-kt=\"masterHOAddButton\"]"}
RESULT: {"using":"xpath","value":"//button[@data-kt=\"masterHOAddButton\"]"}
COMMAND: POST /session/f10bfffe94842169a26616823eaa69fd/element - {"using":"xpath","value":"//button[@data-kt=\"masterHOAddButton\"]"}
RESULT: {"using":"xpath","value":"//button[@data-kt=\"masterHOAddButton\"]"}
COMMAND: POST /session/f10bfffe94842169a26616823eaa69fd/execute/sync - {"script":"<script> [8489 bytes]","args":[{"element-6066-11e4-a52e-4f735466cecf":"f.B31591FEBD8AE49568014889031CF3F7.d.A80BB341687F60DEF011B147421711D0.e.16485","ELEMENT":"f.B31591FEBD8AE49568014889031CF3F7.d.A80BB341687F60DEF011B147421711D0.e.16485"}]}
RESULT: {"script":"<script> [8489 bytes]","args":[{"element-6066-11e4-a52e-4f735466cecf":"f.B31591FEBD8AE49568014889031CF3F7.d.A80BB341687F60DEF011B147421711D0.e.16485","ELEMENT":"f.B31591FEBD8AE49568014889031CF3F7.d.A80BB341687F60DEF011B147421711D0.e.16485"}]}
COMMAND: GET /session/f10bfffe94842169a26616823eaa69fd/element/f.B31591FEBD8AE49568014889031CF3F7.d.A80BB341687F60DEF011B147421711D0.e.16485/enabled - {}
COMMAND: GET /session/f10bfffe94842169a26616823eaa69fd/screenshot - {}
RESULT: {}
COMMAND: POST /session/f10bfffe94842169a26616823eaa69fd/execute/sync - {"script":"<script> [8489 bytes]","args":[{"element-6066-11e4-a52e-4f735466cecf":"f.B31591FEBD8AE49568014889031CF3F7.d.A80BB341687F60DEF011B147421711D0.e.16485","ELEMENT":"f.B31591FEBD8AE49568014889031CF3F7.d.A80BB341687F60DEF011B147421711D0.e.16485"}]}
COMMAND: GET /session/f10bfffe94842169a26616823eaa69fd/screenshot - {}
RESULT: {}
RESULT: {"script":"<script> [8489 bytes]","args":[{"element-6066-11e4-a52e-4f735466cecf":"f.B31591FEBD8AE49568014889031CF3F7.d.A80BB341687F60DEF011B147421711D0.e.16485","ELEMENT":"f.B31591FEBD8AE49568014889031CF3F7.d.A80BB341687F60DEF011B147421711D0.e.16485"}]}
COMMAND: POST /session/f10bfffe94842169a26616823eaa69fd/execute/sync - {"script":"<script> [5351 bytes]","args":[{"element-6066-11e4-a52e-4f735466cecf":"f.B31591FEBD8AE49568014889031CF3F7.d.A80BB341687F60DEF011B147421711D0.e.16485","ELEMENT":"f.B31591FEBD8AE49568014889031CF3F7.d.A80BB341687F60DEF011B147421711D0.e.16485"}]}
COMMAND: GET /session/f10bfffe94842169a26616823eaa69fd/screenshot - {}
RESULT: {}
RESULT: {"script":"<script> [5351 bytes]","args":[{"element-6066-11e4-a52e-4f735466cecf":"f.B31591FEBD8AE49568014889031CF3F7.d.A80BB341687F60DEF011B147421711D0.e.16485","ELEMENT":"f.B31591FEBD8AE49568014889031CF3F7.d.A80BB341687F60DEF011B147421711D0.e.16485"}]}
COMMAND: POST /session/f10bfffe94842169a26616823eaa69fd/element/f.B31591FEBD8AE49568014889031CF3F7.d.A80BB341687F60DEF011B147421711D0.e.16485/click - {}
COMMAND: GET /session/f10bfffe94842169a26616823eaa69fd/screenshot - {}
RESULT: {}
RESULT: {}
COMMAND: GET /session/f10bfffe94842169a26616823eaa69fd/screenshot - {}
COMMAND: POST /session/f10bfffe94842169a26616823eaa69fd/element - {"using":"xpath","value":"//span[contains(@id ,\"AddNewHO--typeSelect-arrow\")]"}
RESULT: {}
RESULT: {}
RESULT: {"using":"xpath","value":"//span[contains(@id ,\"AddNewHO--typeSelect-arrow\")]"}
COMMAND: POST /session/f10bfffe94842169a26616823eaa69fd/element/f.B31591FEBD8AE49568014889031CF3F7.d.A80BB341687F60DEF011B147421711D0.e.16818/click - {}
RESULT: {}
COMMAND: GET /session/f10bfffe94842169a26616823eaa69fd/screenshot - {}
RESULT: {}
COMMAND: POST /session/f10bfffe94842169a26616823eaa69fd/element - {"using":"xpath","value":"(//li[contains(text(), \"stock increase yard\")])[1]"}
RESULT: {"using":"xpath","value":"(//li[contains(text(), \"stock increase yard\")])[1]"}
COMMAND: POST /session/f10bfffe94842169a26616823eaa69fd/element/f.B31591FEBD8AE49568014889031CF3F7.d.A80BB341687F60DEF011B147421711D0.e.16819/click - {}
RESULT: {}
COMMAND: GET /session/f10bfffe94842169a26616823eaa69fd/screenshot - {}
RESULT: {}
COMMAND: POST /session/f10bfffe94842169a26616823eaa69fd/execute/async - {"script":"<script> [1562 bytes]","args":[{"selector":{"id":"application-managehandovers-display-component---AddNewHO--dueDate","interaction":{"idSuffix":"inner"}},"wdio_ui5_key":"applicationmanagehandovers-display-component---AddNewHO--dueDate"}]}
RESULT: {"script":"<script> [1562 bytes]","args":[{"selector":{"id":"application-managehandovers-display-component---AddNewHO--dueDate","interaction":{"idSuffix":"inner"}},"wdio_ui5_key":"applicationmanagehandovers-display-component---AddNewHO--dueDate"}]}
RESULT: undefined
COMMAND: POST /session/f10bfffe94842169a26616823eaa69fd/execute/async - {"script":"<script> [6424 bytes]","args":[{"element-6066-11e4-a52e-4f735466cecf":"f.B31591FEBD8AE49568014889031CF3F7.d.A80BB341687F60DEF011B147421711D0.e.16823"},"setValue",["04/18/2025"]]}
RESULT: {"script":"<script> [6424 bytes]","args":[{"element-6066-11e4-a52e-4f735466cecf":"f.B31591FEBD8AE49568014889031CF3F7.d.A80BB341687F60DEF011B147421711D0.e.16823"},"setValue",["04/18/2025"]]}
COMMAND: POST /session/f10bfffe94842169a26616823eaa69fd/element - {"using":"xpath","value":"//input[@id=\"generalSectionFrg--receiveYard-inner\"]"}
RESULT: {"using":"xpath","value":"//input[@id=\"generalSectionFrg--receiveYard-inner\"]"}
COMMAND: POST /session/f10bfffe94842169a26616823eaa69fd/element/f.B31591FEBD8AE49568014889031CF3F7.d.A80BB341687F60DEF011B147421711D0.e.16829/clear - {}
RESULT: {}
COMMAND: POST /session/f10bfffe94842169a26616823eaa69fd/element/f.B31591FEBD8AE49568014889031CF3F7.d.A80BB341687F60DEF011B147421711D0.e.16829/value - {"text":"575"}
COMMAND: GET /session/f10bfffe94842169a26616823eaa69fd/screenshot - {}
RESULT: {"text":"575"}
COMMAND: GET /session/f10bfffe94842169a26616823eaa69fd/screenshot - {}
RESULT: {}
RESULT: {}
COMMAND: POST /session/f10bfffe94842169a26616823eaa69fd/element - {"using":"xpath","value":"//li[.//span[text()='575']]"}
RESULT: {"using":"xpath","value":"//li[.//span[text()='575']]"}
COMMAND: POST /session/f10bfffe94842169a26616823eaa69fd/element/f.B31591FEBD8AE49568014889031CF3F7.d.A80BB341687F60DEF011B147421711D0.e.16845/click - {}
RESULT: {}
COMMAND: GET /session/f10bfffe94842169a26616823eaa69fd/screenshot - {}
RESULT: {}
COMMAND: POST /session/f10bfffe94842169a26616823eaa69fd/execute/async - {"script":"<script> [1562 bytes]","args":[{"selector":{"id":"application-managehandovers-display-component---AddNewHO--ObjectPageLayout-anchBar-application-managehandovers-display-component---AddNewHO--section4-anchor","interaction":{"idSuffix":"BDI-content"}},"wdio_ui5_key":"applicationmanagehandovers-display-component---AddNewHO--ObjectPageLayout-anchBar-application-managehandovers-display-component---AddNewHO--section4-anchor"}]}
RESULT: {"script":"<script> [1562 bytes]","args":[{"selector":{"id":"application-managehandovers-display-component---AddNewHO--ObjectPageLayout-anchBar-application-managehandovers-display-component---AddNewHO--section4-anchor","interaction":{"idSuffix":"BDI-content"}},"wdio_ui5_key":"applicationmanagehandovers-display-component---AddNewHO--ObjectPageLayout-anchBar-application-managehandovers-display-component---AddNewHO--section4-anchor"}]}
RESULT: undefined
COMMAND: POST /session/f10bfffe94842169a26616823eaa69fd/element - {"using":"xpath","value":"//*[@id=\"application-managehandovers-display-component---AddNewHO--ObjectPageLayout-anchBar-application-managehandovers-display-component---AddNewHO--section4-anchor\"]"}
RESULT: {"using":"xpath","value":"//*[@id=\"application-managehandovers-display-component---AddNewHO--ObjectPageLayout-anchBar-application-managehandovers-display-component---AddNewHO--section4-anchor\"]"}
COMMAND: POST /session/f10bfffe94842169a26616823eaa69fd/element/f.B31591FEBD8AE49568014889031CF3F7.d.A80BB341687F60DEF011B147421711D0.e.16847/click - {}
RESULT: {}
COMMAND: POST /session/f10bfffe94842169a26616823eaa69fd/element - {"using":"xpath","value":"//button[@aria-label=\"Add\"]"}
COMMAND: GET /session/f10bfffe94842169a26616823eaa69fd/screenshot - {}
RESULT: {"using":"xpath","value":"//button[@aria-label=\"Add\"]"}
COMMAND: POST /session/f10bfffe94842169a26616823eaa69fd/element/f.B31591FEBD8AE49568014889031CF3F7.d.A80BB341687F60DEF011B147421711D0.e.16851/click - {}
RESULT: {}
RESULT: {}
COMMAND: GET /session/f10bfffe94842169a26616823eaa69fd/screenshot - {}
RESULT: {}
COMMAND: POST /session/f10bfffe94842169a26616823eaa69fd/execute/async - {"script":"<script> [1562 bytes]","args":[{"selector":{"id":"application-managehandovers-display-component---AddNewHO--smartFilterBar-btnBasicSearch","searchOpenDialogs":true,"interaction":{"idSuffix":"I"}},"wdio_ui5_key":"applicationmanagehandovers-display-component---AddNewHO--smartFilterBar-btnBasicSearch"}]}
RESULT: {"script":"<script> [1562 bytes]","args":[{"selector":{"id":"application-managehandovers-display-component---AddNewHO--smartFilterBar-btnBasicSearch","searchOpenDialogs":true,"interaction":{"idSuffix":"I"}},"wdio_ui5_key":"applicationmanagehandovers-display-component---AddNewHO--smartFilterBar-btnBasicSearch"}]}
RESULT: undefined
COMMAND: POST /session/f10bfffe94842169a26616823eaa69fd/execute/async - {"script":"<script> [776 bytes]","args":[{"enterText":"IQH6qvY3pQ","selector":{"id":"application-managehandovers-display-component---AddNewHO--smartFilterBar-btnBasicSearch","searchOpenDialogs":true,"interaction":{"idSuffix":"I"}},"clearTextFirst":true,"interactionType":"ENTER_TEXT"}]}
RESULT: {"script":"<script> [776 bytes]","args":[{"enterText":"IQH6qvY3pQ","selector":{"id":"application-managehandovers-display-component---AddNewHO--smartFilterBar-btnBasicSearch","searchOpenDialogs":true,"interaction":{"idSuffix":"I"}},"clearTextFirst":true,"interactionType":"ENTER_TEXT"}]}
COMMAND: POST /session/f10bfffe94842169a26616823eaa69fd/actions - {"actions":[{"id":"action57","type":"key","parameters":{},"actions":[{"type":"keyDown","value":""},{"type":"pause","duration":10},{"type":"keyUp","value":""}]}]}
RESULT: {"actions":[{"id":"action57","type":"key","parameters":{},"actions":[{"type":"keyDown","value":""},{"type":"pause","duration":10},{"type":"keyUp","value":""}]}]}
COMMAND: GET /session/f10bfffe94842169a26616823eaa69fd/screenshot - {}
RESULT: {}
COMMAND: POST /session/f10bfffe94842169a26616823eaa69fd/execute/async - {"script":"<script> [1562 bytes]","args":[{"selector":{"id":"application-managehandovers-display-component---AddNewHO--popup-sa","searchOpenDialogs":true,"interaction":{"idSuffix":"CbBg"}},"wdio_ui5_key":"applicationmanagehandovers-display-component---AddNewHO--popup-sa"}]}
RESULT: {"script":"<script> [1562 bytes]","args":[{"selector":{"id":"application-managehandovers-display-component---AddNewHO--popup-sa","searchOpenDialogs":true,"interaction":{"idSuffix":"CbBg"}},"wdio_ui5_key":"applicationmanagehandovers-display-component---AddNewHO--popup-sa"}]}
RESULT: undefined
COMMAND: POST /session/f10bfffe94842169a26616823eaa69fd/element - {"using":"xpath","value":"//*[@id=\"application-managehandovers-display-component---AddNewHO--popup-sa\"]"}
RESULT: {"using":"xpath","value":"//*[@id=\"application-managehandovers-display-component---AddNewHO--popup-sa\"]"}
COMMAND: POST /session/f10bfffe94842169a26616823eaa69fd/element/f.B31591FEBD8AE49568014889031CF3F7.d.A80BB341687F60DEF011B147421711D0.e.17005/click - {}
RESULT: {}
COMMAND: GET /session/f10bfffe94842169a26616823eaa69fd/screenshot - {}
RESULT: {}
COMMAND: POST /session/f10bfffe94842169a26616823eaa69fd/element - {"using":"xpath","value":"//bdi[contains(text(), \"Select\")]"}
RESULT: {"using":"xpath","value":"//bdi[contains(text(), \"Select\")]"}
COMMAND: POST /session/f10bfffe94842169a26616823eaa69fd/element/f.B31591FEBD8AE49568014889031CF3F7.d.A80BB341687F60DEF011B147421711D0.e.17006/click - {}
RESULT: {}
COMMAND: GET /session/f10bfffe94842169a26616823eaa69fd/screenshot - {}
RESULT: {}
COMMAND: POST /session/f10bfffe94842169a26616823eaa69fd/element - {"using":"xpath","value":"//button[@data-kt=\"AddNewHOSaveButton\"]"}
RESULT: {"using":"xpath","value":"//button[@data-kt=\"AddNewHOSaveButton\"]"}
COMMAND: POST /session/f10bfffe94842169a26616823eaa69fd/element/f.B31591FEBD8AE49568014889031CF3F7.d.A80BB341687F60DEF011B147421711D0.e.17010/click - {}
RESULT: {}
COMMAND: GET /session/f10bfffe94842169a26616823eaa69fd/screenshot - {}
COMMAND: POST /session/f10bfffe94842169a26616823eaa69fd/execute/async - {"script":"<script> [1562 bytes]","args":[{"selector":{"id":"receiptDatePicker","viewName":"etm.portal.ui.managehandovers.view.DetailExecuteHO","interaction":{"idSuffix":"inner"}},"wdio_ui5_key":"receiptDatePickeretmportal.ui.managehandovers.view.DetailExecuteHO"}]}
RESULT: {}
RESULT: {"script":"<script> [1562 bytes]","args":[{"selector":{"id":"receiptDatePicker","viewName":"etm.portal.ui.managehandovers.view.DetailExecuteHO","interaction":{"idSuffix":"inner"}},"wdio_ui5_key":"receiptDatePickeretmportal.ui.managehandovers.view.DetailExecuteHO"}]}
RESULT: undefined
COMMAND: POST /session/f10bfffe94842169a26616823eaa69fd/execute/async - {"script":"<script> [6424 bytes]","args":[{"element-6066-11e4-a52e-4f735466cecf":"f.B31591FEBD8AE49568014889031CF3F7.d.A80BB341687F60DEF011B147421711D0.e.17040"},"setValue",["04/18/2025"]]}
RESULT: {"script":"<script> [6424 bytes]","args":[{"element-6066-11e4-a52e-4f735466cecf":"f.B31591FEBD8AE49568014889031CF3F7.d.A80BB341687F60DEF011B147421711D0.e.17040"},"setValue",["04/18/2025"]]}
COMMAND: POST /session/f10bfffe94842169a26616823eaa69fd/element - {"using":"xpath","value":"//button[@data-kt=\"PickingTableConfirmAllButton\"]"}
RESULT: {"using":"xpath","value":"//button[@data-kt=\"PickingTableConfirmAllButton\"]"}
COMMAND: POST /session/f10bfffe94842169a26616823eaa69fd/element/f.B31591FEBD8AE49568014889031CF3F7.d.A80BB341687F60DEF011B147421711D0.e.17055/click - {}
RESULT: {}
COMMAND: GET /session/f10bfffe94842169a26616823eaa69fd/screenshot - {}
RESULT: {}
COMMAND: POST /session/f10bfffe94842169a26616823eaa69fd/element - {"using":"xpath","value":"//bdi[contains(text(), \"OK\")]"}
RESULT: {"using":"xpath","value":"//bdi[contains(text(), \"OK\")]"}
COMMAND: POST /session/f10bfffe94842169a26616823eaa69fd/element/f.B31591FEBD8AE49568014889031CF3F7.d.A80BB341687F60DEF011B147421711D0.e.17058/click - {}
RESULT: {}
COMMAND: GET /session/f10bfffe94842169a26616823eaa69fd/screenshot - {}
RESULT: {}
COMMAND: POST /session/f10bfffe94842169a26616823eaa69fd/element - {"using":"xpath","value":"(//bdi[contains(text(), \"Receive\")])[2]"}
RESULT: {"using":"xpath","value":"(//bdi[contains(text(), \"Receive\")])[2]"}
COMMAND: POST /session/f10bfffe94842169a26616823eaa69fd/element/f.B31591FEBD8AE49568014889031CF3F7.d.A80BB341687F60DEF011B147421711D0.e.17059/click - {}
RESULT: {}
COMMAND: GET /session/f10bfffe94842169a26616823eaa69fd/screenshot - {}
RESULT: {}
COMMAND: POST /session/f10bfffe94842169a26616823eaa69fd/element - {"using":"css selector","value":"#shell-header-logo"}
RESULT: {"using":"css selector","value":"#shell-header-logo"}
COMMAND: POST /session/f10bfffe94842169a26616823eaa69fd/element/f.B31591FEBD8AE49568014889031CF3F7.d.A80BB341687F60DEF011B147421711D0.e.16448/click - {}
RESULT: {}
COMMAND: GET /session/f10bfffe94842169a26616823eaa69fd/screenshot - {}
RESULT: {}
]]></system-out>
    </testcase>
    <testcase classname="chrome.135_0_7049_42.windows.Performance_based_billing_(work_days)_US139742" name="Should create a new contract" time="68.675">
      <system-out><![CDATA[
COMMAND: POST /session/f10bfffe94842169a26616823eaa69fd/execute/async - {"script":"<script> [1562 bytes]","args":[{"selector":{"controlType":"sap.m.Text","viewName":"etm.portal.ui.managecontractstile.view.Master","properties":{"text":"Manage Contracts"},"interaction":{"idSuffix":"inner"}},"wdio_ui5_key":"etmportal.ui.managecontractstile.view.Mastersap.m.Text{\"text\":\"Manage Contracts\"}"}]}
RESULT: {"script":"<script> [1562 bytes]","args":[{"selector":{"controlType":"sap.m.Text","viewName":"etm.portal.ui.managecontractstile.view.Master","properties":{"text":"Manage Contracts"},"interaction":{"idSuffix":"inner"}},"wdio_ui5_key":"etmportal.ui.managecontractstile.view.Mastersap.m.Text{\"text\":\"Manage Contracts\"}"}]}
RESULT: undefined
COMMAND: POST /session/f10bfffe94842169a26616823eaa69fd/element - {"using":"xpath","value":"//*[@id=\"__tile132-title\"]"}
RESULT: {"using":"xpath","value":"//*[@id=\"__tile132-title\"]"}
COMMAND: POST /session/f10bfffe94842169a26616823eaa69fd/element/f.B31591FEBD8AE49568014889031CF3F7.d.A80BB341687F60DEF011B147421711D0.e.17341/click - {}
RESULT: {}
COMMAND: GET /session/f10bfffe94842169a26616823eaa69fd/screenshot - {}
COMMAND: POST /session/f10bfffe94842169a26616823eaa69fd/element - {"using":"xpath","value":"//button[@data-kt=\"addButton\"]"}
RESULT: undefined
RESULT: undefined
RESULT: {}
RESULT: {"using":"xpath","value":"//button[@data-kt=\"addButton\"]"}
COMMAND: POST /session/f10bfffe94842169a26616823eaa69fd/elements - {"using":"xpath","value":"//button[@data-kt=\"addButton\"]"}
RESULT: {"using":"xpath","value":"//button[@data-kt=\"addButton\"]"}
COMMAND: POST /session/f10bfffe94842169a26616823eaa69fd/execute/sync - {"script":"<script> [8489 bytes]","args":[{"element-6066-11e4-a52e-4f735466cecf":"f.B31591FEBD8AE49568014889031CF3F7.d.A80BB341687F60DEF011B147421711D0.e.17410","ELEMENT":"f.B31591FEBD8AE49568014889031CF3F7.d.A80BB341687F60DEF011B147421711D0.e.17410"}]}
RESULT: {"script":"<script> [8489 bytes]","args":[{"element-6066-11e4-a52e-4f735466cecf":"f.B31591FEBD8AE49568014889031CF3F7.d.A80BB341687F60DEF011B147421711D0.e.17410","ELEMENT":"f.B31591FEBD8AE49568014889031CF3F7.d.A80BB341687F60DEF011B147421711D0.e.17410"}]}
COMMAND: GET /session/f10bfffe94842169a26616823eaa69fd/element/f.B31591FEBD8AE49568014889031CF3F7.d.A80BB341687F60DEF011B147421711D0.e.17410/enabled - {}
COMMAND: GET /session/f10bfffe94842169a26616823eaa69fd/screenshot - {}
RESULT: {}
COMMAND: POST /session/f10bfffe94842169a26616823eaa69fd/execute/sync - {"script":"<script> [8489 bytes]","args":[{"element-6066-11e4-a52e-4f735466cecf":"f.B31591FEBD8AE49568014889031CF3F7.d.A80BB341687F60DEF011B147421711D0.e.17410","ELEMENT":"f.B31591FEBD8AE49568014889031CF3F7.d.A80BB341687F60DEF011B147421711D0.e.17410"}]}
COMMAND: GET /session/f10bfffe94842169a26616823eaa69fd/screenshot - {}
RESULT: {}
RESULT: {"script":"<script> [8489 bytes]","args":[{"element-6066-11e4-a52e-4f735466cecf":"f.B31591FEBD8AE49568014889031CF3F7.d.A80BB341687F60DEF011B147421711D0.e.17410","ELEMENT":"f.B31591FEBD8AE49568014889031CF3F7.d.A80BB341687F60DEF011B147421711D0.e.17410"}]}
COMMAND: POST /session/f10bfffe94842169a26616823eaa69fd/execute/sync - {"script":"<script> [5351 bytes]","args":[{"element-6066-11e4-a52e-4f735466cecf":"f.B31591FEBD8AE49568014889031CF3F7.d.A80BB341687F60DEF011B147421711D0.e.17410","ELEMENT":"f.B31591FEBD8AE49568014889031CF3F7.d.A80BB341687F60DEF011B147421711D0.e.17410"}]}
COMMAND: GET /session/f10bfffe94842169a26616823eaa69fd/screenshot - {}
RESULT: {}
RESULT: {"script":"<script> [5351 bytes]","args":[{"element-6066-11e4-a52e-4f735466cecf":"f.B31591FEBD8AE49568014889031CF3F7.d.A80BB341687F60DEF011B147421711D0.e.17410","ELEMENT":"f.B31591FEBD8AE49568014889031CF3F7.d.A80BB341687F60DEF011B147421711D0.e.17410"}]}
COMMAND: GET /session/f10bfffe94842169a26616823eaa69fd/screenshot - {}
RESULT: {}
RESULT: {}
COMMAND: POST /session/f10bfffe94842169a26616823eaa69fd/element/f.B31591FEBD8AE49568014889031CF3F7.d.A80BB341687F60DEF011B147421711D0.e.17410/click - {}
RESULT: {}
COMMAND: GET /session/f10bfffe94842169a26616823eaa69fd/screenshot - {}
RESULT: {}
COMMAND: POST /session/f10bfffe94842169a26616823eaa69fd/execute/async - {"script":"<script> [1562 bytes]","args":[{"selector":{"id":"application-managecontracts-display-component---AddNewContract--projectDescription","interaction":{"idSuffix":"inner"}},"wdio_ui5_key":"applicationmanagecontracts-display-component---AddNewContract--projectDescription"}]}
RESULT: {"script":"<script> [1562 bytes]","args":[{"selector":{"id":"application-managecontracts-display-component---AddNewContract--projectDescription","interaction":{"idSuffix":"inner"}},"wdio_ui5_key":"applicationmanagecontracts-display-component---AddNewContract--projectDescription"}]}
RESULT: undefined
COMMAND: POST /session/f10bfffe94842169a26616823eaa69fd/execute/async - {"script":"<script> [776 bytes]","args":[{"enterText":"Performance Contract WDIO","selector":{"id":"application-managecontracts-display-component---AddNewContract--projectDescription","interaction":{"idSuffix":"inner"}},"clearTextFirst":true,"interactionType":"ENTER_TEXT"}]}
RESULT: {"script":"<script> [776 bytes]","args":[{"enterText":"Performance Contract WDIO","selector":{"id":"application-managecontracts-display-component---AddNewContract--projectDescription","interaction":{"idSuffix":"inner"}},"clearTextFirst":true,"interactionType":"ENTER_TEXT"}]}
COMMAND: POST /session/f10bfffe94842169a26616823eaa69fd/element - {"using":"xpath","value":"//input[@id=\"application-managecontracts-display-component---AddNewContract--site-inner\"]"}
RESULT: {"using":"xpath","value":"//input[@id=\"application-managecontracts-display-component---AddNewContract--site-inner\"]"}
COMMAND: POST /session/f10bfffe94842169a26616823eaa69fd/element/f.B31591FEBD8AE49568014889031CF3F7.d.A80BB341687F60DEF011B147421711D0.e.17743/clear - {}
RESULT: {}
COMMAND: POST /session/f10bfffe94842169a26616823eaa69fd/element/f.B31591FEBD8AE49568014889031CF3F7.d.A80BB341687F60DEF011B147421711D0.e.17743/value - {"text":"2389"}
COMMAND: GET /session/f10bfffe94842169a26616823eaa69fd/screenshot - {}
RESULT: {"text":"2389"}
COMMAND: GET /session/f10bfffe94842169a26616823eaa69fd/screenshot - {}
RESULT: {}
RESULT: {}
COMMAND: POST /session/f10bfffe94842169a26616823eaa69fd/element - {"using":"xpath","value":"//li[.//span[text()='2389']]"}
RESULT: {"using":"xpath","value":"//li[.//span[text()='2389']]"}
COMMAND: POST /session/f10bfffe94842169a26616823eaa69fd/element/f.B31591FEBD8AE49568014889031CF3F7.d.A80BB341687F60DEF011B147421711D0.e.17766/click - {}
RESULT: {}
COMMAND: GET /session/f10bfffe94842169a26616823eaa69fd/screenshot - {}
RESULT: {}
COMMAND: POST /session/f10bfffe94842169a26616823eaa69fd/element - {"using":"xpath","value":"//input[@id=\"application-managecontracts-display-component---AddNewContract--yardId-inner\"]"}
RESULT: {"using":"xpath","value":"//input[@id=\"application-managecontracts-display-component---AddNewContract--yardId-inner\"]"}
COMMAND: GET /session/f10bfffe94842169a26616823eaa69fd/element/f.B31591FEBD8AE49568014889031CF3F7.d.A80BB341687F60DEF011B147421711D0.e.17744/property/value - {}
RESULT: {}
COMMAND: POST /session/f10bfffe94842169a26616823eaa69fd/element - {"using":"xpath","value":"//input[@id=\"application-managecontracts-display-component---AddNewContract--customerSelect-inner\"]"}
COMMAND: GET /session/f10bfffe94842169a26616823eaa69fd/screenshot - {}
RESULT: {"using":"xpath","value":"//input[@id=\"application-managecontracts-display-component---AddNewContract--customerSelect-inner\"]"}
COMMAND: POST /session/f10bfffe94842169a26616823eaa69fd/element/f.B31591FEBD8AE49568014889031CF3F7.d.A80BB341687F60DEF011B147421711D0.e.17742/clear - {}
RESULT: {}
RESULT: {}
COMMAND: POST /session/f10bfffe94842169a26616823eaa69fd/element/f.B31591FEBD8AE49568014889031CF3F7.d.A80BB341687F60DEF011B147421711D0.e.17742/value - {"text":"1430"}
COMMAND: GET /session/f10bfffe94842169a26616823eaa69fd/screenshot - {}
RESULT: {"text":"1430"}
COMMAND: GET /session/f10bfffe94842169a26616823eaa69fd/screenshot - {}
RESULT: {}
RESULT: {}
COMMAND: POST /session/f10bfffe94842169a26616823eaa69fd/element - {"using":"xpath","value":"//li[.//span[text()='1430']]"}
RESULT: {"using":"xpath","value":"//li[.//span[text()='1430']]"}
COMMAND: POST /session/f10bfffe94842169a26616823eaa69fd/element/f.B31591FEBD8AE49568014889031CF3F7.d.A80BB341687F60DEF011B147421711D0.e.17769/click - {}
RESULT: {}
COMMAND: GET /session/f10bfffe94842169a26616823eaa69fd/screenshot - {}
RESULT: {}
COMMAND: POST /session/f10bfffe94842169a26616823eaa69fd/element - {"using":"xpath","value":"//button[@data-kt=\"saveButton\"]"}
RESULT: {"using":"xpath","value":"//button[@data-kt=\"saveButton\"]"}
COMMAND: POST /session/f10bfffe94842169a26616823eaa69fd/element/f.B31591FEBD8AE49568014889031CF3F7.d.A80BB341687F60DEF011B147421711D0.e.17757/click - {}
RESULT: {}
COMMAND: GET /session/f10bfffe94842169a26616823eaa69fd/screenshot - {}
RESULT: {}
COMMAND: POST /session/f10bfffe94842169a26616823eaa69fd/element - {"using":"xpath","value":"//span[contains(@id ,\"contractDetailTitleNoExpanded\")]"}
RESULT: {"using":"xpath","value":"//span[contains(@id ,\"contractDetailTitleNoExpanded\")]"}
COMMAND: POST /session/f10bfffe94842169a26616823eaa69fd/elements - {"using":"xpath","value":"//span[contains(@id ,\"contractDetailTitleNoExpanded\")]"}
RESULT: {"using":"xpath","value":"//span[contains(@id ,\"contractDetailTitleNoExpanded\")]"}
COMMAND: POST /session/f10bfffe94842169a26616823eaa69fd/execute/sync - {"script":"<script> [56 bytes]","args":[{"element-6066-11e4-a52e-4f735466cecf":"f.B31591FEBD8AE49568014889031CF3F7.d.A80BB341687F60DEF011B147421711D0.e.17841","ELEMENT":"f.B31591FEBD8AE49568014889031CF3F7.d.A80BB341687F60DEF011B147421711D0.e.17841"}]}
RESULT: {"script":"<script> [56 bytes]","args":[{"element-6066-11e4-a52e-4f735466cecf":"f.B31591FEBD8AE49568014889031CF3F7.d.A80BB341687F60DEF011B147421711D0.e.17841","ELEMENT":"f.B31591FEBD8AE49568014889031CF3F7.d.A80BB341687F60DEF011B147421711D0.e.17841"}]}
COMMAND: GET /session/f10bfffe94842169a26616823eaa69fd/screenshot - {}
RESULT: {}
]]></system-out>
    </testcase>
    <testcase classname="chrome.135_0_7049_42.windows.Performance_based_billing_(work_days)_US139742" name="Should add equipment to the contract" time="41.243">
      <system-out><![CDATA[
COMMAND: POST /session/f10bfffe94842169a26616823eaa69fd/element - {"using":"xpath","value":"//button[@data-kt=\"contractDetailEditBtnButton\"]"}
RESULT: {"using":"xpath","value":"//button[@data-kt=\"contractDetailEditBtnButton\"]"}
COMMAND: POST /session/f10bfffe94842169a26616823eaa69fd/element/f.B31591FEBD8AE49568014889031CF3F7.d.A80BB341687F60DEF011B147421711D0.e.17843/click - {}
RESULT: {}
COMMAND: GET /session/f10bfffe94842169a26616823eaa69fd/screenshot - {}
RESULT: {}
COMMAND: POST /session/f10bfffe94842169a26616823eaa69fd/element - {"using":"xpath","value":"(//span[contains(text(), \"Additional Addresses\")])[2]"}
RESULT: {"using":"xpath","value":"(//span[contains(text(), \"Additional Addresses\")])[2]"}
COMMAND: POST /session/f10bfffe94842169a26616823eaa69fd/element/f.B31591FEBD8AE49568014889031CF3F7.d.A80BB341687F60DEF011B147421711D0.e.17900/click - {}
RESULT: {}
COMMAND: GET /session/f10bfffe94842169a26616823eaa69fd/screenshot - {}
RESULT: {}
COMMAND: POST /session/f10bfffe94842169a26616823eaa69fd/element - {"using":"xpath","value":"//button[@data-kt=\"btnAddTableRowOverflowToolbarButton\"]"}
RESULT: {"using":"xpath","value":"//button[@data-kt=\"btnAddTableRowOverflowToolbarButton\"]"}
COMMAND: POST /session/f10bfffe94842169a26616823eaa69fd/element/f.B31591FEBD8AE49568014889031CF3F7.d.A80BB341687F60DEF011B147421711D0.e.17903/click - {}
RESULT: {}
COMMAND: GET /session/f10bfffe94842169a26616823eaa69fd/screenshot - {}
RESULT: {}
COMMAND: POST /session/f10bfffe94842169a26616823eaa69fd/element - {"using":"xpath","value":"//div[(text() = 'Standard Entry' or . = 'Standard Entry')]"}
RESULT: {"using":"xpath","value":"//div[(text() = 'Standard Entry' or . = 'Standard Entry')]"}
COMMAND: POST /session/f10bfffe94842169a26616823eaa69fd/element/f.B31591FEBD8AE49568014889031CF3F7.d.A80BB341687F60DEF011B147421711D0.e.17905/click - {}
RESULT: {}
COMMAND: GET /session/f10bfffe94842169a26616823eaa69fd/screenshot - {}
RESULT: {}
COMMAND: POST /session/f10bfffe94842169a26616823eaa69fd/element - {"using":"xpath","value":"//td[7]/div/div/input"}
RESULT: {"using":"xpath","value":"//td[7]/div/div/input"}
COMMAND: POST /session/f10bfffe94842169a26616823eaa69fd/element/f.B31591FEBD8AE49568014889031CF3F7.d.A80BB341687F60DEF011B147421711D0.e.17914/clear - {}
RESULT: {}
COMMAND: POST /session/f10bfffe94842169a26616823eaa69fd/element/f.B31591FEBD8AE49568014889031CF3F7.d.A80BB341687F60DEF011B147421711D0.e.17914/value - {"text":"IQH6qvY3pQ"}
COMMAND: GET /session/f10bfffe94842169a26616823eaa69fd/screenshot - {}
RESULT: {"text":"IQH6qvY3pQ"}
COMMAND: GET /session/f10bfffe94842169a26616823eaa69fd/screenshot - {}
RESULT: {}
RESULT: {}
COMMAND: POST /session/f10bfffe94842169a26616823eaa69fd/actions - {"actions":[{"id":"action58","type":"key","parameters":{},"actions":[{"type":"keyDown","value":""},{"type":"pause","duration":10},{"type":"keyUp","value":""}]}]}
RESULT: {"actions":[{"id":"action58","type":"key","parameters":{},"actions":[{"type":"keyDown","value":""},{"type":"pause","duration":10},{"type":"keyUp","value":""}]}]}
COMMAND: GET /session/f10bfffe94842169a26616823eaa69fd/screenshot - {}
RESULT: {}
COMMAND: POST /session/f10bfffe94842169a26616823eaa69fd/element - {"using":"xpath","value":"(//button[@data-kt=\"saveButton\"])[2]"}
RESULT: {"using":"xpath","value":"(//button[@data-kt=\"saveButton\"])[2]"}
COMMAND: POST /session/f10bfffe94842169a26616823eaa69fd/element/f.B31591FEBD8AE49568014889031CF3F7.d.A80BB341687F60DEF011B147421711D0.e.17929/click - {}
RESULT: {}
COMMAND: GET /session/f10bfffe94842169a26616823eaa69fd/screenshot - {}
RESULT: {}
COMMAND: POST /session/f10bfffe94842169a26616823eaa69fd/element - {"using":"xpath","value":"//span[contains(@id ,\"contractItemsSmartTable-header-inner\")]"}
RESULT: {"using":"xpath","value":"//span[contains(@id ,\"contractItemsSmartTable-header-inner\")]"}
COMMAND: POST /session/f10bfffe94842169a26616823eaa69fd/elements - {"using":"xpath","value":"//span[contains(@id ,\"contractItemsSmartTable-header-inner\")]"}
RESULT: {"using":"xpath","value":"//span[contains(@id ,\"contractItemsSmartTable-header-inner\")]"}
COMMAND: POST /session/f10bfffe94842169a26616823eaa69fd/execute/sync - {"script":"<script> [56 bytes]","args":[{"element-6066-11e4-a52e-4f735466cecf":"f.B31591FEBD8AE49568014889031CF3F7.d.A80BB341687F60DEF011B147421711D0.e.17935","ELEMENT":"f.B31591FEBD8AE49568014889031CF3F7.d.A80BB341687F60DEF011B147421711D0.e.17935"}]}
RESULT: {"script":"<script> [56 bytes]","args":[{"element-6066-11e4-a52e-4f735466cecf":"f.B31591FEBD8AE49568014889031CF3F7.d.A80BB341687F60DEF011B147421711D0.e.17935","ELEMENT":"f.B31591FEBD8AE49568014889031CF3F7.d.A80BB341687F60DEF011B147421711D0.e.17935"}]}
]]></system-out>
    </testcase>
    <testcase classname="chrome.135_0_7049_42.windows.Performance_based_billing_(work_days)_US139742" name="Should do a provide to site handover" time="75.965">
      <system-out><![CDATA[
COMMAND: POST /session/f10bfffe94842169a26616823eaa69fd/element - {"using":"xpath","value":"//button[@data-kt=\"provideButton\"]"}
COMMAND: GET /session/f10bfffe94842169a26616823eaa69fd/screenshot - {}
RESULT: {"using":"xpath","value":"//button[@data-kt=\"provideButton\"]"}
COMMAND: POST /session/f10bfffe94842169a26616823eaa69fd/element/f.B31591FEBD8AE49568014889031CF3F7.d.A80BB341687F60DEF011B147421711D0.e.17936/click - {}
RESULT: {}
RESULT: {}
COMMAND: GET /session/f10bfffe94842169a26616823eaa69fd/screenshot - {}
RESULT: undefined
COMMAND: POST /session/f10bfffe94842169a26616823eaa69fd/execute/async - {"script":"<script> [6424 bytes]","args":[{"element-6066-11e4-a52e-4f735466cecf":"f.B31591FEBD8AE49568014889031CF3F7.d.A80BB341687F60DEF011B147421711D0.e.16823"},"setValue",["04/18/2025"]]}
RESULT: {}
COMMAND: POST /session/f10bfffe94842169a26616823eaa69fd/execute/async - {"script":"<script> [1562 bytes]","args":[{"selector":{"id":"application-managehandovers-display-component---AddNewHO--dueDate","interaction":{"idSuffix":"inner"}},"wdio_ui5_key":"applicationmanagehandovers-display-component---AddNewHO--dueDate"}]}
RESULT: {"script":"<script> [1562 bytes]","args":[{"selector":{"id":"application-managehandovers-display-component---AddNewHO--dueDate","interaction":{"idSuffix":"inner"}},"wdio_ui5_key":"applicationmanagehandovers-display-component---AddNewHO--dueDate"}]}
COMMAND: POST /session/f10bfffe94842169a26616823eaa69fd/execute/async - {"script":"<script> [6424 bytes]","args":[{"element-6066-11e4-a52e-4f735466cecf":"f.B31591FEBD8AE49568014889031CF3F7.d.A80BB341687F60DEF011B147421711D0.e.18009"},"setValue",["04/18/2025"]]}
RESULT: {"script":"<script> [6424 bytes]","args":[{"element-6066-11e4-a52e-4f735466cecf":"f.B31591FEBD8AE49568014889031CF3F7.d.A80BB341687F60DEF011B147421711D0.e.18009"},"setValue",["04/18/2025"]]}
COMMAND: POST /session/f10bfffe94842169a26616823eaa69fd/element - {"using":"xpath","value":"//bdi[contains(text(), \"Instructions\")]"}
RESULT: {"using":"xpath","value":"//bdi[contains(text(), \"Instructions\")]"}
COMMAND: POST /session/f10bfffe94842169a26616823eaa69fd/element/f.B31591FEBD8AE49568014889031CF3F7.d.A80BB341687F60DEF011B147421711D0.e.18254/click - {}
RESULT: {}
COMMAND: GET /session/f10bfffe94842169a26616823eaa69fd/screenshot - {}
RESULT: {}
COMMAND: POST /session/f10bfffe94842169a26616823eaa69fd/element - {"using":"xpath","value":"//button[@data-kt=\"AddNewHOProvideAddItemsButton\"]"}
RESULT: {"using":"xpath","value":"//button[@data-kt=\"AddNewHOProvideAddItemsButton\"]"}
COMMAND: POST /session/f10bfffe94842169a26616823eaa69fd/element/f.B31591FEBD8AE49568014889031CF3F7.d.A80BB341687F60DEF011B147421711D0.e.18258/click - {}
RESULT: {}
COMMAND: GET /session/f10bfffe94842169a26616823eaa69fd/screenshot - {}
RESULT: undefined
COMMAND: POST /session/f10bfffe94842169a26616823eaa69fd/element - {"using":"xpath","value":"//*[@id=\"application-managehandovers-display-component---AddNewHO--popup-sa\"]"}
RESULT: {}
RESULT: {"using":"xpath","value":"//*[@id=\"application-managehandovers-display-component---AddNewHO--popup-sa\"]"}
COMMAND: POST /session/f10bfffe94842169a26616823eaa69fd/element/f.B31591FEBD8AE49568014889031CF3F7.d.A80BB341687F60DEF011B147421711D0.e.18273/click - {}
RESULT: {}
COMMAND: GET /session/f10bfffe94842169a26616823eaa69fd/screenshot - {}
RESULT: {}
COMMAND: POST /session/f10bfffe94842169a26616823eaa69fd/element - {"using":"xpath","value":"//*[contains(@id ,\"BDI-content\")][contains(text(), \"Select\")]"}
RESULT: {"using":"xpath","value":"//*[contains(@id ,\"BDI-content\")][contains(text(), \"Select\")]"}
COMMAND: POST /session/f10bfffe94842169a26616823eaa69fd/element/f.B31591FEBD8AE49568014889031CF3F7.d.A80BB341687F60DEF011B147421711D0.e.18275/click - {}
RESULT: {}
COMMAND: GET /session/f10bfffe94842169a26616823eaa69fd/screenshot - {}
RESULT: {}
COMMAND: POST /session/f10bfffe94842169a26616823eaa69fd/execute/async - {"script":"<script> [1562 bytes]","args":[{"selector":{"id":"application-managehandovers-display-component---AddNewHO--confirmCreationButton","interaction":{"idSuffix":"BDI-content"}},"wdio_ui5_key":"applicationmanagehandovers-display-component---AddNewHO--confirmCreationButton"}]}
RESULT: {"script":"<script> [1562 bytes]","args":[{"selector":{"id":"application-managehandovers-display-component---AddNewHO--confirmCreationButton","interaction":{"idSuffix":"BDI-content"}},"wdio_ui5_key":"applicationmanagehandovers-display-component---AddNewHO--confirmCreationButton"}]}
RESULT: undefined
COMMAND: POST /session/f10bfffe94842169a26616823eaa69fd/element - {"using":"xpath","value":"//*[@id=\"application-managehandovers-display-component---AddNewHO--confirmCreationButton\"]"}
RESULT: {"using":"xpath","value":"//*[@id=\"application-managehandovers-display-component---AddNewHO--confirmCreationButton\"]"}
COMMAND: POST /session/f10bfffe94842169a26616823eaa69fd/element/f.B31591FEBD8AE49568014889031CF3F7.d.A80BB341687F60DEF011B147421711D0.e.18055/click - {}
RESULT: {}
COMMAND: GET /session/f10bfffe94842169a26616823eaa69fd/screenshot - {}
RESULT: {}
COMMAND: POST /session/f10bfffe94842169a26616823eaa69fd/element - {"using":"xpath","value":"//button[@data-kt=\"PickingTableConfirmAllButton\"]"}
RESULT: {"using":"xpath","value":"//button[@data-kt=\"PickingTableConfirmAllButton\"]"}
COMMAND: POST /session/f10bfffe94842169a26616823eaa69fd/elements - {"using":"xpath","value":"//button[@data-kt=\"PickingTableConfirmAllButton\"]"}
RESULT: {"using":"xpath","value":"//button[@data-kt=\"PickingTableConfirmAllButton\"]"}
COMMAND: POST /session/f10bfffe94842169a26616823eaa69fd/elements - {"using":"xpath","value":"//button[@data-kt=\"PickingTableConfirmAllButton\"]"}
RESULT: {"using":"xpath","value":"//button[@data-kt=\"PickingTableConfirmAllButton\"]"}
COMMAND: POST /session/f10bfffe94842169a26616823eaa69fd/element - {"using":"xpath","value":"//button[@data-kt=\"PickingTableConfirmAllButton\"]"}
RESULT: {"using":"xpath","value":"//button[@data-kt=\"PickingTableConfirmAllButton\"]"}
COMMAND: POST /session/f10bfffe94842169a26616823eaa69fd/element/f.B31591FEBD8AE49568014889031CF3F7.d.A80BB341687F60DEF011B147421711D0.e.18311/click - {}
COMMAND: POST /session/f10bfffe94842169a26616823eaa69fd/element - {"using":"xpath","value":"//button[@data-kt=\"PickingTableConfirmAllButton\"]"}
RESULT: {"using":"xpath","value":"//button[@data-kt=\"PickingTableConfirmAllButton\"]"}
COMMAND: POST /session/f10bfffe94842169a26616823eaa69fd/element/f.B31591FEBD8AE49568014889031CF3F7.d.A80BB341687F60DEF011B147421711D0.e.18311/click - {}
COMMAND: POST /session/f10bfffe94842169a26616823eaa69fd/element - {"using":"xpath","value":"//button[@data-kt=\"PickingTableConfirmAllButton\"]"}
RESULT: {"using":"xpath","value":"//button[@data-kt=\"PickingTableConfirmAllButton\"]"}
COMMAND: POST /session/f10bfffe94842169a26616823eaa69fd/element/f.B31591FEBD8AE49568014889031CF3F7.d.A80BB341687F60DEF011B147421711D0.e.18335/click - {}
RESULT: {}
COMMAND: GET /session/f10bfffe94842169a26616823eaa69fd/screenshot - {}
RESULT: {}
COMMAND: POST /session/f10bfffe94842169a26616823eaa69fd/element - {"using":"xpath","value":"//bdi[contains(text(), \"OK\")]"}
RESULT: {"using":"xpath","value":"//bdi[contains(text(), \"OK\")]"}
COMMAND: POST /session/f10bfffe94842169a26616823eaa69fd/element/f.B31591FEBD8AE49568014889031CF3F7.d.A80BB341687F60DEF011B147421711D0.e.18337/click - {}
RESULT: {}
COMMAND: GET /session/f10bfffe94842169a26616823eaa69fd/screenshot - {}
RESULT: {}
COMMAND: POST /session/f10bfffe94842169a26616823eaa69fd/element - {"using":"xpath","value":"//bdi[contains(text(), \"Ok\")]"}
RESULT: {"using":"xpath","value":"//bdi[contains(text(), \"Ok\")]"}
COMMAND: POST /session/f10bfffe94842169a26616823eaa69fd/element/f.B31591FEBD8AE49568014889031CF3F7.d.A80BB341687F60DEF011B147421711D0.e.18346/click - {}
RESULT: {}
COMMAND: GET /session/f10bfffe94842169a26616823eaa69fd/screenshot - {}
RESULT: {}
COMMAND: POST /session/f10bfffe94842169a26616823eaa69fd/element - {"using":"xpath","value":"//bdi[contains(text(), \"Issue\")]"}
RESULT: {"using":"xpath","value":"//bdi[contains(text(), \"Issue\")]"}
COMMAND: POST /session/f10bfffe94842169a26616823eaa69fd/element/f.B31591FEBD8AE49568014889031CF3F7.d.A80BB341687F60DEF011B147421711D0.e.18348/click - {}
RESULT: {}
COMMAND: GET /session/f10bfffe94842169a26616823eaa69fd/screenshot - {}
RESULT: {}
COMMAND: POST /session/f10bfffe94842169a26616823eaa69fd/element - {"using":"css selector","value":"#shell-header-logo"}
RESULT: {"using":"css selector","value":"#shell-header-logo"}
COMMAND: POST /session/f10bfffe94842169a26616823eaa69fd/element/f.B31591FEBD8AE49568014889031CF3F7.d.A80BB341687F60DEF011B147421711D0.e.17344/click - {}
RESULT: {}
COMMAND: GET /session/f10bfffe94842169a26616823eaa69fd/screenshot - {}
RESULT: {}
]]></system-out>
    </testcase>
    <testcase classname="chrome.135_0_7049_42.windows.Performance_based_billing_(work_days)_US139742" name="Should create a few performance documents" time="106.219">
      <system-out><![CDATA[
COMMAND: POST /session/f10bfffe94842169a26616823eaa69fd/window/fullscreen - {}
RESULT: {}
COMMAND: POST /session/f10bfffe94842169a26616823eaa69fd/execute/async - {"script":"<script> [1562 bytes]","args":[{"selector":{"controlType":"sap.m.GenericTile","properties":{"header":"Manage States & Performance"}},"wdio_ui5_key":"sapm.GenericTile{\"header\":\"Manage States & Performance\"}"}]}
RESULT: {"script":"<script> [1562 bytes]","args":[{"selector":{"controlType":"sap.m.GenericTile","properties":{"header":"Manage States & Performance"}},"wdio_ui5_key":"sapm.GenericTile{\"header\":\"Manage States & Performance\"}"}]}
RESULT: undefined
COMMAND: POST /session/f10bfffe94842169a26616823eaa69fd/element - {"using":"xpath","value":"//*[@id=\"__tile56\"]"}
RESULT: {"using":"xpath","value":"//*[@id=\"__tile56\"]"}
COMMAND: POST /session/f10bfffe94842169a26616823eaa69fd/element/f.B31591FEBD8AE49568014889031CF3F7.d.A80BB341687F60DEF011B147421711D0.e.14738/click - {}
RESULT: {}
COMMAND: POST /session/f10bfffe94842169a26616823eaa69fd/element - {"using":"xpath","value":"//div[@id=\"application-managestatesandperformance-display-component---stateAndPerform--smartFilterBarResources-btnBasicSearch\"]"}
COMMAND: GET /session/f10bfffe94842169a26616823eaa69fd/screenshot - {}
RESULT: {"using":"xpath","value":"//div[@id=\"application-managestatesandperformance-display-component---stateAndPerform--smartFilterBarResources-btnBasicSearch\"]"}
COMMAND: POST /session/f10bfffe94842169a26616823eaa69fd/elements - {"using":"xpath","value":"//div[@id=\"application-managestatesandperformance-display-component---stateAndPerform--smartFilterBarResources-btnBasicSearch\"]"}
RESULT: {}
RESULT: {"using":"xpath","value":"//div[@id=\"application-managestatesandperformance-display-component---stateAndPerform--smartFilterBarResources-btnBasicSearch\"]"}
COMMAND: POST /session/f10bfffe94842169a26616823eaa69fd/element - {"using":"xpath","value":"//div[@id=\"application-managestatesandperformance-display-component---stateAndPerform--smartFilterBarResources-btnBasicSearch\"]"}
RESULT: {"using":"xpath","value":"//div[@id=\"application-managestatesandperformance-display-component---stateAndPerform--smartFilterBarResources-btnBasicSearch\"]"}
COMMAND: POST /session/f10bfffe94842169a26616823eaa69fd/execute/sync - {"script":"<script> [8489 bytes]","args":[{"element-6066-11e4-a52e-4f735466cecf":"f.B31591FEBD8AE49568014889031CF3F7.d.A80BB341687F60DEF011B147421711D0.e.18568","ELEMENT":"f.B31591FEBD8AE49568014889031CF3F7.d.A80BB341687F60DEF011B147421711D0.e.18568"}]}
RESULT: {"script":"<script> [8489 bytes]","args":[{"element-6066-11e4-a52e-4f735466cecf":"f.B31591FEBD8AE49568014889031CF3F7.d.A80BB341687F60DEF011B147421711D0.e.18568","ELEMENT":"f.B31591FEBD8AE49568014889031CF3F7.d.A80BB341687F60DEF011B147421711D0.e.18568"}]}
COMMAND: GET /session/f10bfffe94842169a26616823eaa69fd/element/f.B31591FEBD8AE49568014889031CF3F7.d.A80BB341687F60DEF011B147421711D0.e.18568/enabled - {}
COMMAND: GET /session/f10bfffe94842169a26616823eaa69fd/screenshot - {}
RESULT: {}
COMMAND: POST /session/f10bfffe94842169a26616823eaa69fd/execute/sync - {"script":"<script> [8489 bytes]","args":[{"element-6066-11e4-a52e-4f735466cecf":"f.B31591FEBD8AE49568014889031CF3F7.d.A80BB341687F60DEF011B147421711D0.e.18568","ELEMENT":"f.B31591FEBD8AE49568014889031CF3F7.d.A80BB341687F60DEF011B147421711D0.e.18568"}]}
COMMAND: GET /session/f10bfffe94842169a26616823eaa69fd/screenshot - {}
RESULT: {}
RESULT: {"script":"<script> [8489 bytes]","args":[{"element-6066-11e4-a52e-4f735466cecf":"f.B31591FEBD8AE49568014889031CF3F7.d.A80BB341687F60DEF011B147421711D0.e.18568","ELEMENT":"f.B31591FEBD8AE49568014889031CF3F7.d.A80BB341687F60DEF011B147421711D0.e.18568"}]}
COMMAND: POST /session/f10bfffe94842169a26616823eaa69fd/execute/sync - {"script":"<script> [5351 bytes]","args":[{"element-6066-11e4-a52e-4f735466cecf":"f.B31591FEBD8AE49568014889031CF3F7.d.A80BB341687F60DEF011B147421711D0.e.18568","ELEMENT":"f.B31591FEBD8AE49568014889031CF3F7.d.A80BB341687F60DEF011B147421711D0.e.18568"}]}
COMMAND: GET /session/f10bfffe94842169a26616823eaa69fd/screenshot - {}
RESULT: {}
RESULT: {"script":"<script> [5351 bytes]","args":[{"element-6066-11e4-a52e-4f735466cecf":"f.B31591FEBD8AE49568014889031CF3F7.d.A80BB341687F60DEF011B147421711D0.e.18568","ELEMENT":"f.B31591FEBD8AE49568014889031CF3F7.d.A80BB341687F60DEF011B147421711D0.e.18568"}]}
COMMAND: POST /session/f10bfffe94842169a26616823eaa69fd/execute/async - {"script":"<script> [1562 bytes]","args":[{"selector":{"id":"application-managestatesandperformance-display-component---stateAndPerform--smartFilterBarResources-btnBasicSearch","interaction":{"idSuffix":"I"}},"wdio_ui5_key":"applicationmanagestatesandperformance-display-component---stateAndPerform--smartFilterBarResources-btnBasicSearch"}]}
COMMAND: GET /session/f10bfffe94842169a26616823eaa69fd/screenshot - {}
RESULT: {}
RESULT: {"script":"<script> [1562 bytes]","args":[{"selector":{"id":"application-managestatesandperformance-display-component---stateAndPerform--smartFilterBarResources-btnBasicSearch","interaction":{"idSuffix":"I"}},"wdio_ui5_key":"applicationmanagestatesandperformance-display-component---stateAndPerform--smartFilterBarResources-btnBasicSearch"}]}
RESULT: undefined
COMMAND: POST /session/f10bfffe94842169a26616823eaa69fd/execute/async - {"script":"<script> [776 bytes]","args":[{"enterText":"IQH6qvY3pQ","selector":{"id":"application-managestatesandperformance-display-component---stateAndPerform--smartFilterBarResources-btnBasicSearch","interaction":{"idSuffix":"I"}},"clearTextFirst":true,"interactionType":"ENTER_TEXT"}]}
RESULT: {}
RESULT: {"script":"<script> [776 bytes]","args":[{"enterText":"IQH6qvY3pQ","selector":{"id":"application-managestatesandperformance-display-component---stateAndPerform--smartFilterBarResources-btnBasicSearch","interaction":{"idSuffix":"I"}},"clearTextFirst":true,"interactionType":"ENTER_TEXT"}]}
COMMAND: POST /session/f10bfffe94842169a26616823eaa69fd/actions - {"actions":[{"id":"action59","type":"key","parameters":{},"actions":[{"type":"keyDown","value":""},{"type":"pause","duration":10},{"type":"keyUp","value":""}]}]}
RESULT: {"actions":[{"id":"action59","type":"key","parameters":{},"actions":[{"type":"keyDown","value":""},{"type":"pause","duration":10},{"type":"keyUp","value":""}]}]}
COMMAND: GET /session/f10bfffe94842169a26616823eaa69fd/screenshot - {}
RESULT: {}
COMMAND: POST /session/f10bfffe94842169a26616823eaa69fd/execute/async - {"script":"<script> [1562 bytes]","args":[{"selector":{"id":"application-managestatesandperformance-display-component---stateAndPerform--stateAndPerformResourcesSmartTable-header"},"wdio_ui5_key":"applicationmanagestatesandperformance-display-component---stateAndPerform--stateAndPerformResourcesSmartTable-header"}]}
RESULT: {"script":"<script> [1562 bytes]","args":[{"selector":{"id":"application-managestatesandperformance-display-component---stateAndPerform--stateAndPerformResourcesSmartTable-header"},"wdio_ui5_key":"applicationmanagestatesandperformance-display-component---stateAndPerform--stateAndPerformResourcesSmartTable-header"}]}
RESULT: undefined
COMMAND: POST /session/f10bfffe94842169a26616823eaa69fd/execute/async - {"script":"<script> [6424 bytes]","args":[{"element-6066-11e4-a52e-4f735466cecf":"f.B31591FEBD8AE49568014889031CF3F7.d.A80BB341687F60DEF011B147421711D0.e.18631"},"getText",[]]}
RESULT: {"script":"<script> [6424 bytes]","args":[{"element-6066-11e4-a52e-4f735466cecf":"f.B31591FEBD8AE49568014889031CF3F7.d.A80BB341687F60DEF011B147421711D0.e.18631"},"getText",[]]}
COMMAND: POST /session/f10bfffe94842169a26616823eaa69fd/execute/async - {"script":"<script> [1562 bytes]","args":[{"selector":{"controlType":"sap.ui.core.Icon","viewName":"etm.portal.ui.managestatesandperformance.view.Master","viewId":"application-managestatesandperformance-display-component---stateAndPerform","properties":{"src":{"regex":{"source":"slim\\-arrow\\-right"}}}},"wdio_ui5_key":"etmportal.ui.managestatesandperformance.view.Mastersap.ui.core.Icon{\"src\":{\"regex\":{\"source\":\"slim\\\\-arrow\\\\-right\"}}}"}]}
RESULT: {"script":"<script> [1562 bytes]","args":[{"selector":{"controlType":"sap.ui.core.Icon","viewName":"etm.portal.ui.managestatesandperformance.view.Master","viewId":"application-managestatesandperformance-display-component---stateAndPerform","properties":{"src":{"regex":{"source":"slim\\-arrow\\-right"}}}},"wdio_ui5_key":"etmportal.ui.managestatesandperformance.view.Mastersap.ui.core.Icon{\"src\":{\"regex\":{\"source\":\"slim\\\\-arrow\\\\-right\"}}}"}]}
RESULT: undefined
COMMAND: POST /session/f10bfffe94842169a26616823eaa69fd/element - {"using":"xpath","value":"//*[@id=\"__item2870-__clone5280-imgNav\"]"}
RESULT: {"using":"xpath","value":"//*[@id=\"__item2870-__clone5280-imgNav\"]"}
COMMAND: POST /session/f10bfffe94842169a26616823eaa69fd/element/f.B31591FEBD8AE49568014889031CF3F7.d.A80BB341687F60DEF011B147421711D0.e.18630/click - {}
RESULT: {}
COMMAND: GET /session/f10bfffe94842169a26616823eaa69fd/screenshot - {}
RESULT: {}
COMMAND: POST /session/f10bfffe94842169a26616823eaa69fd/execute/async - {"script":"<script> [1562 bytes]","args":[{"selector":{"controlType":"sap.m.Button","viewName":"etm.portal.ui.managestatesandperformance.view.Detail","viewId":"application-managestatesandperformance-display-component---detailStateAndPerform","properties":{"text":"Performance Documents"}},"wdio_ui5_key":"etmportal.ui.managestatesandperformance.view.Detailsap.m.Button{\"text\":\"Performance Documents\"}"}]}
RESULT: {"script":"<script> [1562 bytes]","args":[{"selector":{"controlType":"sap.m.Button","viewName":"etm.portal.ui.managestatesandperformance.view.Detail","viewId":"application-managestatesandperformance-display-component---detailStateAndPerform","properties":{"text":"Performance Documents"}},"wdio_ui5_key":"etmportal.ui.managestatesandperformance.view.Detailsap.m.Button{\"text\":\"Performance Documents\"}"}]}
RESULT: undefined
COMMAND: POST /session/f10bfffe94842169a26616823eaa69fd/element - {"using":"xpath","value":"//*[@id=\"__item2893-button\"]"}
RESULT: {"using":"xpath","value":"//*[@id=\"__item2893-button\"]"}
COMMAND: POST /session/f10bfffe94842169a26616823eaa69fd/element/f.B31591FEBD8AE49568014889031CF3F7.d.A80BB341687F60DEF011B147421711D0.e.18678/click - {}
RESULT: {}
COMMAND: POST /session/f10bfffe94842169a26616823eaa69fd/execute/async - {"script":"<script> [1562 bytes]","args":[{"selector":{"controlType":"sap.m.Button","viewName":"etm.portal.ui.managestatesandperformance.view.Detail","viewId":"application-managestatesandperformance-display-component---detailStateAndPerform","i18NText":{"propertyName":"text","key":"createPerformanceDoc"},"interaction":{"idSuffix":"BDI-content"}},"wdio_ui5_key":"etmportal.ui.managestatesandperformance.view.Detailsap.m.Button{\"propertyName\":\"text\",\"key\":\"createPerformanceDoc\"}"}]}
COMMAND: GET /session/f10bfffe94842169a26616823eaa69fd/screenshot - {}
RESULT: {"script":"<script> [1562 bytes]","args":[{"selector":{"controlType":"sap.m.Button","viewName":"etm.portal.ui.managestatesandperformance.view.Detail","viewId":"application-managestatesandperformance-display-component---detailStateAndPerform","i18NText":{"propertyName":"text","key":"createPerformanceDoc"},"interaction":{"idSuffix":"BDI-content"}},"wdio_ui5_key":"etmportal.ui.managestatesandperformance.view.Detailsap.m.Button{\"propertyName\":\"text\",\"key\":\"createPerformanceDoc\"}"}]}
RESULT: undefined
COMMAND: POST /session/f10bfffe94842169a26616823eaa69fd/element - {"using":"xpath","value":"//*[@id=\"__button389\"]"}
RESULT: {}
RESULT: {"using":"xpath","value":"//*[@id=\"__button389\"]"}
COMMAND: POST /session/f10bfffe94842169a26616823eaa69fd/element/f.B31591FEBD8AE49568014889031CF3F7.d.A80BB341687F60DEF011B147421711D0.e.18682/click - {}
RESULT: {}
COMMAND: POST /session/f10bfffe94842169a26616823eaa69fd/execute/async - {"script":"<script> [1562 bytes]","args":[{"selector":{"id":"application-managestatesandperformance-display-component---detailStateAndPerform--perfDocDatePicker","searchOpenDialogs":true,"interaction":{"idSuffix":"inner"}},"wdio_ui5_key":"applicationmanagestatesandperformance-display-component---detailStateAndPerform--perfDocDatePicker"}]}
COMMAND: GET /session/f10bfffe94842169a26616823eaa69fd/screenshot - {}
RESULT: {"script":"<script> [1562 bytes]","args":[{"selector":{"id":"application-managestatesandperformance-display-component---detailStateAndPerform--perfDocDatePicker","searchOpenDialogs":true,"interaction":{"idSuffix":"inner"}},"wdio_ui5_key":"applicationmanagestatesandperformance-display-component---detailStateAndPerform--perfDocDatePicker"}]}
RESULT: undefined
COMMAND: POST /session/f10bfffe94842169a26616823eaa69fd/execute/async - {"script":"<script> [776 bytes]","args":[{"enterText":"04/20/25","selector":{"id":"application-managestatesandperformance-display-component---detailStateAndPerform--perfDocDatePicker","searchOpenDialogs":true,"interaction":{"idSuffix":"inner"}},"clearTextFirst":true,"interactionType":"ENTER_TEXT"}]}
RESULT: {}
RESULT: {"script":"<script> [776 bytes]","args":[{"enterText":"04/20/25","selector":{"id":"application-managestatesandperformance-display-component---detailStateAndPerform--perfDocDatePicker","searchOpenDialogs":true,"interaction":{"idSuffix":"inner"}},"clearTextFirst":true,"interactionType":"ENTER_TEXT"}]}
COMMAND: POST /session/f10bfffe94842169a26616823eaa69fd/execute/async - {"script":"<script> [1562 bytes]","args":[{"selector":{"id":"application-managestatesandperformance-display-component---detailStateAndPerform--counterValue-input","searchOpenDialogs":true,"interaction":{"idSuffix":"inner"}},"wdio_ui5_key":"applicationmanagestatesandperformance-display-component---detailStateAndPerform--counterValue-input"}]}
RESULT: {"script":"<script> [1562 bytes]","args":[{"selector":{"id":"application-managestatesandperformance-display-component---detailStateAndPerform--counterValue-input","searchOpenDialogs":true,"interaction":{"idSuffix":"inner"}},"wdio_ui5_key":"applicationmanagestatesandperformance-display-component---detailStateAndPerform--counterValue-input"}]}
RESULT: undefined
COMMAND: POST /session/f10bfffe94842169a26616823eaa69fd/execute/async - {"script":"<script> [776 bytes]","args":[{"enterText":"15.00","selector":{"id":"application-managestatesandperformance-display-component---detailStateAndPerform--counterValue-input","searchOpenDialogs":true,"interaction":{"idSuffix":"inner"}},"clearTextFirst":true,"interactionType":"ENTER_TEXT"}]}
RESULT: {"script":"<script> [776 bytes]","args":[{"enterText":"15.00","selector":{"id":"application-managestatesandperformance-display-component---detailStateAndPerform--counterValue-input","searchOpenDialogs":true,"interaction":{"idSuffix":"inner"}},"clearTextFirst":true,"interactionType":"ENTER_TEXT"}]}
COMMAND: POST /session/f10bfffe94842169a26616823eaa69fd/execute/async - {"script":"<script> [1562 bytes]","args":[{"selector":{"controlType":"sap.m.Button","viewName":"etm.portal.ui.managestatesandperformance.view.Detail","viewId":"application-managestatesandperformance-display-component---detailStateAndPerform","bindingPath":{"path":"","propertyPath":"/allowAddEdit","modelName":"oScreenModel"},"searchOpenDialogs":true,"interaction":{"idSuffix":"BDI-content"}},"wdio_ui5_key":"etmportal.ui.managestatesandperformance.view.Detailsap.m.Button{\"path\":\"\",\"propertyPath\":\"/allowAddEdit\",\"modelName\":\"oScreenModel\"}"}]}
RESULT: {"script":"<script> [1562 bytes]","args":[{"selector":{"controlType":"sap.m.Button","viewName":"etm.portal.ui.managestatesandperformance.view.Detail","viewId":"application-managestatesandperformance-display-component---detailStateAndPerform","bindingPath":{"path":"","propertyPath":"/allowAddEdit","modelName":"oScreenModel"},"searchOpenDialogs":true,"interaction":{"idSuffix":"BDI-content"}},"wdio_ui5_key":"etmportal.ui.managestatesandperformance.view.Detailsap.m.Button{\"path\":\"\",\"propertyPath\":\"/allowAddEdit\",\"modelName\":\"oScreenModel\"}"}]}
RESULT: undefined
COMMAND: POST /session/f10bfffe94842169a26616823eaa69fd/element - {"using":"xpath","value":"//*[@id=\"__button396\"]"}
RESULT: {"using":"xpath","value":"//*[@id=\"__button396\"]"}
COMMAND: POST /session/f10bfffe94842169a26616823eaa69fd/element/f.B31591FEBD8AE49568014889031CF3F7.d.A80BB341687F60DEF011B147421711D0.e.18702/click - {}
RESULT: {}
RESULT: undefined
COMMAND: POST /session/f10bfffe94842169a26616823eaa69fd/element - {"using":"xpath","value":"//*[@id=\"__button389\"]"}
COMMAND: GET /session/f10bfffe94842169a26616823eaa69fd/screenshot - {}
RESULT: {"using":"xpath","value":"//*[@id=\"__button389\"]"}
COMMAND: POST /session/f10bfffe94842169a26616823eaa69fd/element/f.B31591FEBD8AE49568014889031CF3F7.d.A80BB341687F60DEF011B147421711D0.e.18682/click - {}
RESULT: {}
RESULT: {}
RESULT: undefined
COMMAND: POST /session/f10bfffe94842169a26616823eaa69fd/execute/async - {"script":"<script> [776 bytes]","args":[{"enterText":"04/24/25","selector":{"id":"application-managestatesandperformance-display-component---detailStateAndPerform--perfDocDatePicker","searchOpenDialogs":true,"interaction":{"idSuffix":"inner"}},"clearTextFirst":true,"interactionType":"ENTER_TEXT"}]}
COMMAND: GET /session/f10bfffe94842169a26616823eaa69fd/screenshot - {}
RESULT: {"script":"<script> [776 bytes]","args":[{"enterText":"04/24/25","selector":{"id":"application-managestatesandperformance-display-component---detailStateAndPerform--perfDocDatePicker","searchOpenDialogs":true,"interaction":{"idSuffix":"inner"}},"clearTextFirst":true,"interactionType":"ENTER_TEXT"}]}
RESULT: undefined
COMMAND: POST /session/f10bfffe94842169a26616823eaa69fd/execute/async - {"script":"<script> [776 bytes]","args":[{"enterText":"20.00","selector":{"id":"application-managestatesandperformance-display-component---detailStateAndPerform--counterValue-input","searchOpenDialogs":true,"interaction":{"idSuffix":"inner"}},"clearTextFirst":true,"interactionType":"ENTER_TEXT"}]}
RESULT: {}
RESULT: {"script":"<script> [776 bytes]","args":[{"enterText":"20.00","selector":{"id":"application-managestatesandperformance-display-component---detailStateAndPerform--counterValue-input","searchOpenDialogs":true,"interaction":{"idSuffix":"inner"}},"clearTextFirst":true,"interactionType":"ENTER_TEXT"}]}
COMMAND: POST /session/f10bfffe94842169a26616823eaa69fd/actions - {"actions":[{"id":"action60","type":"key","parameters":{},"actions":[{"type":"keyDown","value":""},{"type":"keyDown","value":""},{"type":"pause","duration":10},{"type":"keyUp","value":""},{"type":"keyUp","value":""}]}]}
RESULT: {"actions":[{"id":"action60","type":"key","parameters":{},"actions":[{"type":"keyDown","value":""},{"type":"keyDown","value":""},{"type":"pause","duration":10},{"type":"keyUp","value":""},{"type":"keyUp","value":""}]}]}
COMMAND: POST /session/f10bfffe94842169a26616823eaa69fd/actions - {"actions":[{"id":"action61","type":"key","parameters":{},"actions":[{"type":"keyDown","value":""},{"type":"pause","duration":10},{"type":"keyUp","value":""}]}]}
COMMAND: GET /session/f10bfffe94842169a26616823eaa69fd/screenshot - {}
RESULT: {"actions":[{"id":"action61","type":"key","parameters":{},"actions":[{"type":"keyDown","value":""},{"type":"pause","duration":10},{"type":"keyUp","value":""}]}]}
RESULT: undefined
COMMAND: POST /session/f10bfffe94842169a26616823eaa69fd/element - {"using":"xpath","value":"//*[@id=\"__button396\"]"}
COMMAND: GET /session/f10bfffe94842169a26616823eaa69fd/screenshot - {}
RESULT: {}
RESULT: {}
RESULT: {"using":"xpath","value":"//*[@id=\"__button396\"]"}
COMMAND: POST /session/f10bfffe94842169a26616823eaa69fd/elements - {"using":"xpath","value":"//*[@id=\"__button396\"]"}
RESULT: {"using":"xpath","value":"//*[@id=\"__button396\"]"}
COMMAND: POST /session/f10bfffe94842169a26616823eaa69fd/elements - {"using":"xpath","value":"//*[@id=\"__button396\"]"}
RESULT: {"using":"xpath","value":"//*[@id=\"__button396\"]"}
COMMAND: POST /session/f10bfffe94842169a26616823eaa69fd/elements - {"using":"xpath","value":"//*[@id=\"__button396\"]"}
RESULT: {"using":"xpath","value":"//*[@id=\"__button396\"]"}
COMMAND: POST /session/f10bfffe94842169a26616823eaa69fd/elements - {"using":"xpath","value":"//*[@id=\"__button396\"]"}
RESULT: {"using":"xpath","value":"//*[@id=\"__button396\"]"}
COMMAND: POST /session/f10bfffe94842169a26616823eaa69fd/elements - {"using":"xpath","value":"//*[@id=\"__button396\"]"}
RESULT: {"using":"xpath","value":"//*[@id=\"__button396\"]"}
COMMAND: POST /session/f10bfffe94842169a26616823eaa69fd/elements - {"using":"xpath","value":"//*[@id=\"__button396\"]"}
RESULT: {"using":"xpath","value":"//*[@id=\"__button396\"]"}
COMMAND: POST /session/f10bfffe94842169a26616823eaa69fd/elements - {"using":"xpath","value":"//*[@id=\"__button396\"]"}
RESULT: {"using":"xpath","value":"//*[@id=\"__button396\"]"}
COMMAND: POST /session/f10bfffe94842169a26616823eaa69fd/elements - {"using":"xpath","value":"//*[@id=\"__button396\"]"}
RESULT: {"using":"xpath","value":"//*[@id=\"__button396\"]"}
COMMAND: POST /session/f10bfffe94842169a26616823eaa69fd/elements - {"using":"xpath","value":"//*[@id=\"__button396\"]"}
RESULT: {"using":"xpath","value":"//*[@id=\"__button396\"]"}
COMMAND: POST /session/f10bfffe94842169a26616823eaa69fd/elements - {"using":"xpath","value":"//*[@id=\"__button396\"]"}
RESULT: {"using":"xpath","value":"//*[@id=\"__button396\"]"}
COMMAND: POST /session/f10bfffe94842169a26616823eaa69fd/elements - {"using":"xpath","value":"//*[@id=\"__button396\"]"}
RESULT: {"using":"xpath","value":"//*[@id=\"__button396\"]"}
COMMAND: POST /session/f10bfffe94842169a26616823eaa69fd/elements - {"using":"xpath","value":"//*[@id=\"__button396\"]"}
RESULT: {"using":"xpath","value":"//*[@id=\"__button396\"]"}
COMMAND: POST /session/f10bfffe94842169a26616823eaa69fd/elements - {"using":"xpath","value":"//*[@id=\"__button396\"]"}
RESULT: {"using":"xpath","value":"//*[@id=\"__button396\"]"}
COMMAND: POST /session/f10bfffe94842169a26616823eaa69fd/elements - {"using":"xpath","value":"//*[@id=\"__button396\"]"}
RESULT: {"using":"xpath","value":"//*[@id=\"__button396\"]"}
COMMAND: POST /session/f10bfffe94842169a26616823eaa69fd/elements - {"using":"xpath","value":"//*[@id=\"__button396\"]"}
RESULT: {"using":"xpath","value":"//*[@id=\"__button396\"]"}
COMMAND: POST /session/f10bfffe94842169a26616823eaa69fd/elements - {"using":"xpath","value":"//*[@id=\"__button396\"]"}
RESULT: {"using":"xpath","value":"//*[@id=\"__button396\"]"}
COMMAND: POST /session/f10bfffe94842169a26616823eaa69fd/elements - {"using":"xpath","value":"//*[@id=\"__button396\"]"}
RESULT: {"using":"xpath","value":"//*[@id=\"__button396\"]"}
COMMAND: POST /session/f10bfffe94842169a26616823eaa69fd/elements - {"using":"xpath","value":"//*[@id=\"__button396\"]"}
RESULT: {"using":"xpath","value":"//*[@id=\"__button396\"]"}
COMMAND: POST /session/f10bfffe94842169a26616823eaa69fd/elements - {"using":"xpath","value":"//*[@id=\"__button396\"]"}
RESULT: {"using":"xpath","value":"//*[@id=\"__button396\"]"}
COMMAND: POST /session/f10bfffe94842169a26616823eaa69fd/elements - {"using":"xpath","value":"//*[@id=\"__button396\"]"}
RESULT: {"using":"xpath","value":"//*[@id=\"__button396\"]"}
COMMAND: POST /session/f10bfffe94842169a26616823eaa69fd/elements - {"using":"xpath","value":"//*[@id=\"__button396\"]"}
RESULT: {"using":"xpath","value":"//*[@id=\"__button396\"]"}
COMMAND: POST /session/f10bfffe94842169a26616823eaa69fd/elements - {"using":"xpath","value":"//*[@id=\"__button396\"]"}
RESULT: {"using":"xpath","value":"//*[@id=\"__button396\"]"}
COMMAND: POST /session/f10bfffe94842169a26616823eaa69fd/elements - {"using":"xpath","value":"//*[@id=\"__button396\"]"}
RESULT: {"using":"xpath","value":"//*[@id=\"__button396\"]"}
COMMAND: POST /session/f10bfffe94842169a26616823eaa69fd/elements - {"using":"xpath","value":"//*[@id=\"__button396\"]"}
RESULT: {"using":"xpath","value":"//*[@id=\"__button396\"]"}
COMMAND: POST /session/f10bfffe94842169a26616823eaa69fd/elements - {"using":"xpath","value":"//*[@id=\"__button396\"]"}
RESULT: {"using":"xpath","value":"//*[@id=\"__button396\"]"}
COMMAND: POST /session/f10bfffe94842169a26616823eaa69fd/elements - {"using":"xpath","value":"//*[@id=\"__button396\"]"}
RESULT: {"using":"xpath","value":"//*[@id=\"__button396\"]"}
COMMAND: POST /session/f10bfffe94842169a26616823eaa69fd/elements - {"using":"xpath","value":"//*[@id=\"__button396\"]"}
RESULT: {"using":"xpath","value":"//*[@id=\"__button396\"]"}
COMMAND: POST /session/f10bfffe94842169a26616823eaa69fd/elements - {"using":"xpath","value":"//*[@id=\"__button396\"]"}
RESULT: {"using":"xpath","value":"//*[@id=\"__button396\"]"}
COMMAND: POST /session/f10bfffe94842169a26616823eaa69fd/elements - {"using":"xpath","value":"//*[@id=\"__button396\"]"}
RESULT: {"using":"xpath","value":"//*[@id=\"__button396\"]"}
COMMAND: POST /session/f10bfffe94842169a26616823eaa69fd/elements - {"using":"xpath","value":"//*[@id=\"__button396\"]"}
RESULT: {"using":"xpath","value":"//*[@id=\"__button396\"]"}
COMMAND: POST /session/f10bfffe94842169a26616823eaa69fd/elements - {"using":"xpath","value":"//*[@id=\"__button396\"]"}
RESULT: {"using":"xpath","value":"//*[@id=\"__button396\"]"}
COMMAND: POST /session/f10bfffe94842169a26616823eaa69fd/elements - {"using":"xpath","value":"//*[@id=\"__button396\"]"}
RESULT: {"using":"xpath","value":"//*[@id=\"__button396\"]"}
COMMAND: POST /session/f10bfffe94842169a26616823eaa69fd/elements - {"using":"xpath","value":"//*[@id=\"__button396\"]"}
RESULT: {"using":"xpath","value":"//*[@id=\"__button396\"]"}
COMMAND: POST /session/f10bfffe94842169a26616823eaa69fd/elements - {"using":"xpath","value":"//*[@id=\"__button396\"]"}
RESULT: {"using":"xpath","value":"//*[@id=\"__button396\"]"}
COMMAND: POST /session/f10bfffe94842169a26616823eaa69fd/elements - {"using":"xpath","value":"//*[@id=\"__button396\"]"}
RESULT: {"using":"xpath","value":"//*[@id=\"__button396\"]"}
COMMAND: POST /session/f10bfffe94842169a26616823eaa69fd/elements - {"using":"xpath","value":"//*[@id=\"__button396\"]"}
RESULT: {"using":"xpath","value":"//*[@id=\"__button396\"]"}
COMMAND: POST /session/f10bfffe94842169a26616823eaa69fd/elements - {"using":"xpath","value":"//*[@id=\"__button396\"]"}
RESULT: {"using":"xpath","value":"//*[@id=\"__button396\"]"}
COMMAND: POST /session/f10bfffe94842169a26616823eaa69fd/elements - {"using":"xpath","value":"//*[@id=\"__button396\"]"}
RESULT: {"using":"xpath","value":"//*[@id=\"__button396\"]"}
COMMAND: POST /session/f10bfffe94842169a26616823eaa69fd/elements - {"using":"xpath","value":"//*[@id=\"__button396\"]"}
RESULT: {"using":"xpath","value":"//*[@id=\"__button396\"]"}
COMMAND: POST /session/f10bfffe94842169a26616823eaa69fd/elements - {"using":"xpath","value":"//*[@id=\"__button396\"]"}
RESULT: {"using":"xpath","value":"//*[@id=\"__button396\"]"}
COMMAND: POST /session/f10bfffe94842169a26616823eaa69fd/elements - {"using":"xpath","value":"//*[@id=\"__button396\"]"}
RESULT: {"using":"xpath","value":"//*[@id=\"__button396\"]"}
COMMAND: POST /session/f10bfffe94842169a26616823eaa69fd/elements - {"using":"xpath","value":"//*[@id=\"__button396\"]"}
RESULT: {"using":"xpath","value":"//*[@id=\"__button396\"]"}
COMMAND: POST /session/f10bfffe94842169a26616823eaa69fd/elements - {"using":"xpath","value":"//*[@id=\"__button396\"]"}
RESULT: {"using":"xpath","value":"//*[@id=\"__button396\"]"}
COMMAND: POST /session/f10bfffe94842169a26616823eaa69fd/elements - {"using":"xpath","value":"//*[@id=\"__button396\"]"}
RESULT: {"using":"xpath","value":"//*[@id=\"__button396\"]"}
COMMAND: POST /session/f10bfffe94842169a26616823eaa69fd/elements - {"using":"xpath","value":"//*[@id=\"__button396\"]"}
RESULT: {"using":"xpath","value":"//*[@id=\"__button396\"]"}
COMMAND: POST /session/f10bfffe94842169a26616823eaa69fd/elements - {"using":"xpath","value":"//*[@id=\"__button396\"]"}
RESULT: {"using":"xpath","value":"//*[@id=\"__button396\"]"}
COMMAND: POST /session/f10bfffe94842169a26616823eaa69fd/elements - {"using":"xpath","value":"//*[@id=\"__button396\"]"}
RESULT: {"using":"xpath","value":"//*[@id=\"__button396\"]"}
COMMAND: POST /session/f10bfffe94842169a26616823eaa69fd/elements - {"using":"xpath","value":"//*[@id=\"__button396\"]"}
RESULT: {"using":"xpath","value":"//*[@id=\"__button396\"]"}
COMMAND: POST /session/f10bfffe94842169a26616823eaa69fd/elements - {"using":"xpath","value":"//*[@id=\"__button396\"]"}
RESULT: {"using":"xpath","value":"//*[@id=\"__button396\"]"}
COMMAND: POST /session/f10bfffe94842169a26616823eaa69fd/elements - {"using":"xpath","value":"//*[@id=\"__button396\"]"}
RESULT: {"using":"xpath","value":"//*[@id=\"__button396\"]"}
COMMAND: POST /session/f10bfffe94842169a26616823eaa69fd/elements - {"using":"xpath","value":"//*[@id=\"__button396\"]"}
RESULT: {"using":"xpath","value":"//*[@id=\"__button396\"]"}
COMMAND: POST /session/f10bfffe94842169a26616823eaa69fd/elements - {"using":"xpath","value":"//*[@id=\"__button396\"]"}
RESULT: {"using":"xpath","value":"//*[@id=\"__button396\"]"}
COMMAND: POST /session/f10bfffe94842169a26616823eaa69fd/elements - {"using":"xpath","value":"//*[@id=\"__button396\"]"}
RESULT: {"using":"xpath","value":"//*[@id=\"__button396\"]"}
COMMAND: POST /session/f10bfffe94842169a26616823eaa69fd/elements - {"using":"xpath","value":"//*[@id=\"__button396\"]"}
RESULT: {"using":"xpath","value":"//*[@id=\"__button396\"]"}
COMMAND: POST /session/f10bfffe94842169a26616823eaa69fd/elements - {"using":"xpath","value":"//*[@id=\"__button396\"]"}
RESULT: {"using":"xpath","value":"//*[@id=\"__button396\"]"}
COMMAND: POST /session/f10bfffe94842169a26616823eaa69fd/elements - {"using":"xpath","value":"//*[@id=\"__button396\"]"}
RESULT: {"using":"xpath","value":"//*[@id=\"__button396\"]"}
COMMAND: POST /session/f10bfffe94842169a26616823eaa69fd/elements - {"using":"xpath","value":"//*[@id=\"__button396\"]"}
RESULT: {"using":"xpath","value":"//*[@id=\"__button396\"]"}
COMMAND: POST /session/f10bfffe94842169a26616823eaa69fd/elements - {"using":"xpath","value":"//*[@id=\"__button396\"]"}
RESULT: {"using":"xpath","value":"//*[@id=\"__button396\"]"}
COMMAND: POST /session/f10bfffe94842169a26616823eaa69fd/elements - {"using":"xpath","value":"//*[@id=\"__button396\"]"}
RESULT: {"using":"xpath","value":"//*[@id=\"__button396\"]"}
COMMAND: POST /session/f10bfffe94842169a26616823eaa69fd/elements - {"using":"xpath","value":"//*[@id=\"__button396\"]"}
RESULT: {"using":"xpath","value":"//*[@id=\"__button396\"]"}
COMMAND: POST /session/f10bfffe94842169a26616823eaa69fd/elements - {"using":"xpath","value":"//*[@id=\"__button396\"]"}
RESULT: {"using":"xpath","value":"//*[@id=\"__button396\"]"}
COMMAND: POST /session/f10bfffe94842169a26616823eaa69fd/elements - {"using":"xpath","value":"//*[@id=\"__button396\"]"}
RESULT: {"using":"xpath","value":"//*[@id=\"__button396\"]"}
COMMAND: POST /session/f10bfffe94842169a26616823eaa69fd/elements - {"using":"xpath","value":"//*[@id=\"__button396\"]"}
RESULT: {"using":"xpath","value":"//*[@id=\"__button396\"]"}
COMMAND: POST /session/f10bfffe94842169a26616823eaa69fd/elements - {"using":"xpath","value":"//*[@id=\"__button396\"]"}
RESULT: {"using":"xpath","value":"//*[@id=\"__button396\"]"}
COMMAND: POST /session/f10bfffe94842169a26616823eaa69fd/elements - {"using":"xpath","value":"//*[@id=\"__button396\"]"}
RESULT: {"using":"xpath","value":"//*[@id=\"__button396\"]"}
COMMAND: POST /session/f10bfffe94842169a26616823eaa69fd/elements - {"using":"xpath","value":"//*[@id=\"__button396\"]"}
RESULT: {"using":"xpath","value":"//*[@id=\"__button396\"]"}
COMMAND: POST /session/f10bfffe94842169a26616823eaa69fd/elements - {"using":"xpath","value":"//*[@id=\"__button396\"]"}
RESULT: {"using":"xpath","value":"//*[@id=\"__button396\"]"}
COMMAND: POST /session/f10bfffe94842169a26616823eaa69fd/elements - {"using":"xpath","value":"//*[@id=\"__button396\"]"}
RESULT: {"using":"xpath","value":"//*[@id=\"__button396\"]"}
COMMAND: POST /session/f10bfffe94842169a26616823eaa69fd/elements - {"using":"xpath","value":"//*[@id=\"__button396\"]"}
RESULT: {"using":"xpath","value":"//*[@id=\"__button396\"]"}
COMMAND: POST /session/f10bfffe94842169a26616823eaa69fd/elements - {"using":"xpath","value":"//*[@id=\"__button396\"]"}
RESULT: {"using":"xpath","value":"//*[@id=\"__button396\"]"}
COMMAND: POST /session/f10bfffe94842169a26616823eaa69fd/elements - {"using":"xpath","value":"//*[@id=\"__button396\"]"}
RESULT: {"using":"xpath","value":"//*[@id=\"__button396\"]"}
COMMAND: POST /session/f10bfffe94842169a26616823eaa69fd/elements - {"using":"xpath","value":"//*[@id=\"__button396\"]"}
RESULT: {"using":"xpath","value":"//*[@id=\"__button396\"]"}
COMMAND: POST /session/f10bfffe94842169a26616823eaa69fd/elements - {"using":"xpath","value":"//*[@id=\"__button396\"]"}
RESULT: {"using":"xpath","value":"//*[@id=\"__button396\"]"}
COMMAND: POST /session/f10bfffe94842169a26616823eaa69fd/elements - {"using":"xpath","value":"//*[@id=\"__button396\"]"}
RESULT: {"using":"xpath","value":"//*[@id=\"__button396\"]"}
COMMAND: POST /session/f10bfffe94842169a26616823eaa69fd/elements - {"using":"xpath","value":"//*[@id=\"__button396\"]"}
RESULT: {"using":"xpath","value":"//*[@id=\"__button396\"]"}
COMMAND: POST /session/f10bfffe94842169a26616823eaa69fd/elements - {"using":"xpath","value":"//*[@id=\"__button396\"]"}
RESULT: {"using":"xpath","value":"//*[@id=\"__button396\"]"}
COMMAND: POST /session/f10bfffe94842169a26616823eaa69fd/elements - {"using":"xpath","value":"//*[@id=\"__button396\"]"}
RESULT: {"using":"xpath","value":"//*[@id=\"__button396\"]"}
COMMAND: POST /session/f10bfffe94842169a26616823eaa69fd/elements - {"using":"xpath","value":"//*[@id=\"__button396\"]"}
RESULT: {"using":"xpath","value":"//*[@id=\"__button396\"]"}
COMMAND: POST /session/f10bfffe94842169a26616823eaa69fd/elements - {"using":"xpath","value":"//*[@id=\"__button396\"]"}
RESULT: {"using":"xpath","value":"//*[@id=\"__button396\"]"}
COMMAND: POST /session/f10bfffe94842169a26616823eaa69fd/elements - {"using":"xpath","value":"//*[@id=\"__button396\"]"}
RESULT: {"using":"xpath","value":"//*[@id=\"__button396\"]"}
COMMAND: POST /session/f10bfffe94842169a26616823eaa69fd/elements - {"using":"xpath","value":"//*[@id=\"__button396\"]"}
RESULT: {"using":"xpath","value":"//*[@id=\"__button396\"]"}
COMMAND: POST /session/f10bfffe94842169a26616823eaa69fd/elements - {"using":"xpath","value":"//*[@id=\"__button396\"]"}
RESULT: {"using":"xpath","value":"//*[@id=\"__button396\"]"}
COMMAND: POST /session/f10bfffe94842169a26616823eaa69fd/elements - {"using":"xpath","value":"//*[@id=\"__button396\"]"}
RESULT: {"using":"xpath","value":"//*[@id=\"__button396\"]"}
COMMAND: POST /session/f10bfffe94842169a26616823eaa69fd/elements - {"using":"xpath","value":"//*[@id=\"__button396\"]"}
RESULT: {"using":"xpath","value":"//*[@id=\"__button396\"]"}
COMMAND: POST /session/f10bfffe94842169a26616823eaa69fd/elements - {"using":"xpath","value":"//*[@id=\"__button396\"]"}
RESULT: {"using":"xpath","value":"//*[@id=\"__button396\"]"}
COMMAND: POST /session/f10bfffe94842169a26616823eaa69fd/elements - {"using":"xpath","value":"//*[@id=\"__button396\"]"}
RESULT: {"using":"xpath","value":"//*[@id=\"__button396\"]"}
COMMAND: POST /session/f10bfffe94842169a26616823eaa69fd/elements - {"using":"xpath","value":"//*[@id=\"__button396\"]"}
RESULT: {"using":"xpath","value":"//*[@id=\"__button396\"]"}
COMMAND: POST /session/f10bfffe94842169a26616823eaa69fd/elements - {"using":"xpath","value":"//*[@id=\"__button396\"]"}
RESULT: {"using":"xpath","value":"//*[@id=\"__button396\"]"}
COMMAND: POST /session/f10bfffe94842169a26616823eaa69fd/elements - {"using":"xpath","value":"//*[@id=\"__button396\"]"}
RESULT: {"using":"xpath","value":"//*[@id=\"__button396\"]"}
COMMAND: POST /session/f10bfffe94842169a26616823eaa69fd/elements - {"using":"xpath","value":"//*[@id=\"__button396\"]"}
RESULT: {"using":"xpath","value":"//*[@id=\"__button396\"]"}
COMMAND: POST /session/f10bfffe94842169a26616823eaa69fd/elements - {"using":"xpath","value":"//*[@id=\"__button396\"]"}
RESULT: {"using":"xpath","value":"//*[@id=\"__button396\"]"}
COMMAND: POST /session/f10bfffe94842169a26616823eaa69fd/elements - {"using":"xpath","value":"//*[@id=\"__button396\"]"}
RESULT: {"using":"xpath","value":"//*[@id=\"__button396\"]"}
COMMAND: POST /session/f10bfffe94842169a26616823eaa69fd/elements - {"using":"xpath","value":"//*[@id=\"__button396\"]"}
RESULT: {"using":"xpath","value":"//*[@id=\"__button396\"]"}
COMMAND: POST /session/f10bfffe94842169a26616823eaa69fd/elements - {"using":"xpath","value":"//*[@id=\"__button396\"]"}
RESULT: {"using":"xpath","value":"//*[@id=\"__button396\"]"}
COMMAND: POST /session/f10bfffe94842169a26616823eaa69fd/elements - {"using":"xpath","value":"//*[@id=\"__button396\"]"}
RESULT: {"using":"xpath","value":"//*[@id=\"__button396\"]"}
COMMAND: POST /session/f10bfffe94842169a26616823eaa69fd/elements - {"using":"xpath","value":"//*[@id=\"__button396\"]"}
RESULT: {"using":"xpath","value":"//*[@id=\"__button396\"]"}
COMMAND: POST /session/f10bfffe94842169a26616823eaa69fd/elements - {"using":"xpath","value":"//*[@id=\"__button396\"]"}
RESULT: {"using":"xpath","value":"//*[@id=\"__button396\"]"}
COMMAND: POST /session/f10bfffe94842169a26616823eaa69fd/elements - {"using":"xpath","value":"//*[@id=\"__button396\"]"}
RESULT: {"using":"xpath","value":"//*[@id=\"__button396\"]"}
COMMAND: POST /session/f10bfffe94842169a26616823eaa69fd/elements - {"using":"xpath","value":"//*[@id=\"__button396\"]"}
RESULT: {"using":"xpath","value":"//*[@id=\"__button396\"]"}
COMMAND: POST /session/f10bfffe94842169a26616823eaa69fd/elements - {"using":"xpath","value":"//*[@id=\"__button396\"]"}
RESULT: {"using":"xpath","value":"//*[@id=\"__button396\"]"}
COMMAND: POST /session/f10bfffe94842169a26616823eaa69fd/elements - {"using":"xpath","value":"//*[@id=\"__button396\"]"}
RESULT: {"using":"xpath","value":"//*[@id=\"__button396\"]"}
COMMAND: POST /session/f10bfffe94842169a26616823eaa69fd/elements - {"using":"xpath","value":"//*[@id=\"__button396\"]"}
RESULT: {"using":"xpath","value":"//*[@id=\"__button396\"]"}
COMMAND: POST /session/f10bfffe94842169a26616823eaa69fd/elements - {"using":"xpath","value":"//*[@id=\"__button396\"]"}
RESULT: {"using":"xpath","value":"//*[@id=\"__button396\"]"}
COMMAND: POST /session/f10bfffe94842169a26616823eaa69fd/elements - {"using":"xpath","value":"//*[@id=\"__button396\"]"}
RESULT: {"using":"xpath","value":"//*[@id=\"__button396\"]"}
COMMAND: POST /session/f10bfffe94842169a26616823eaa69fd/elements - {"using":"xpath","value":"//*[@id=\"__button396\"]"}
RESULT: {"using":"xpath","value":"//*[@id=\"__button396\"]"}
COMMAND: POST /session/f10bfffe94842169a26616823eaa69fd/elements - {"using":"xpath","value":"//*[@id=\"__button396\"]"}
RESULT: {"using":"xpath","value":"//*[@id=\"__button396\"]"}
COMMAND: POST /session/f10bfffe94842169a26616823eaa69fd/elements - {"using":"xpath","value":"//*[@id=\"__button396\"]"}
RESULT: {"using":"xpath","value":"//*[@id=\"__button396\"]"}
COMMAND: POST /session/f10bfffe94842169a26616823eaa69fd/elements - {"using":"xpath","value":"//*[@id=\"__button396\"]"}
RESULT: {"using":"xpath","value":"//*[@id=\"__button396\"]"}
COMMAND: POST /session/f10bfffe94842169a26616823eaa69fd/elements - {"using":"xpath","value":"//*[@id=\"__button396\"]"}
RESULT: {"using":"xpath","value":"//*[@id=\"__button396\"]"}
COMMAND: POST /session/f10bfffe94842169a26616823eaa69fd/elements - {"using":"xpath","value":"//*[@id=\"__button396\"]"}
RESULT: {"using":"xpath","value":"//*[@id=\"__button396\"]"}
COMMAND: POST /session/f10bfffe94842169a26616823eaa69fd/elements - {"using":"xpath","value":"//*[@id=\"__button396\"]"}
RESULT: {"using":"xpath","value":"//*[@id=\"__button396\"]"}
COMMAND: POST /session/f10bfffe94842169a26616823eaa69fd/elements - {"using":"xpath","value":"//*[@id=\"__button396\"]"}
RESULT: {"using":"xpath","value":"//*[@id=\"__button396\"]"}
COMMAND: POST /session/f10bfffe94842169a26616823eaa69fd/elements - {"using":"xpath","value":"//*[@id=\"__button396\"]"}
RESULT: {"using":"xpath","value":"//*[@id=\"__button396\"]"}
COMMAND: POST /session/f10bfffe94842169a26616823eaa69fd/elements - {"using":"xpath","value":"//*[@id=\"__button396\"]"}
RESULT: {"using":"xpath","value":"//*[@id=\"__button396\"]"}
COMMAND: POST /session/f10bfffe94842169a26616823eaa69fd/elements - {"using":"xpath","value":"//*[@id=\"__button396\"]"}
RESULT: {"using":"xpath","value":"//*[@id=\"__button396\"]"}
COMMAND: POST /session/f10bfffe94842169a26616823eaa69fd/elements - {"using":"xpath","value":"//*[@id=\"__button396\"]"}
RESULT: {"using":"xpath","value":"//*[@id=\"__button396\"]"}
COMMAND: POST /session/f10bfffe94842169a26616823eaa69fd/elements - {"using":"xpath","value":"//*[@id=\"__button396\"]"}
RESULT: {"using":"xpath","value":"//*[@id=\"__button396\"]"}
COMMAND: POST /session/f10bfffe94842169a26616823eaa69fd/elements - {"using":"xpath","value":"//*[@id=\"__button396\"]"}
RESULT: {"using":"xpath","value":"//*[@id=\"__button396\"]"}
COMMAND: POST /session/f10bfffe94842169a26616823eaa69fd/elements - {"using":"xpath","value":"//*[@id=\"__button396\"]"}
RESULT: {"using":"xpath","value":"//*[@id=\"__button396\"]"}
COMMAND: POST /session/f10bfffe94842169a26616823eaa69fd/elements - {"using":"xpath","value":"//*[@id=\"__button396\"]"}
RESULT: {"using":"xpath","value":"//*[@id=\"__button396\"]"}
COMMAND: POST /session/f10bfffe94842169a26616823eaa69fd/element - {"using":"css selector","value":"#shell-header-logo"}
RESULT: {"using":"css selector","value":"#shell-header-logo"}
COMMAND: POST /session/f10bfffe94842169a26616823eaa69fd/execute/sync - {"script":"<script> [8489 bytes]","args":[{"element-6066-11e4-a52e-4f735466cecf":"f.B31591FEBD8AE49568014889031CF3F7.d.A80BB341687F60DEF011B147421711D0.e.18529","ELEMENT":"f.B31591FEBD8AE49568014889031CF3F7.d.A80BB341687F60DEF011B147421711D0.e.18529"}]}
RESULT: {"script":"<script> [8489 bytes]","args":[{"element-6066-11e4-a52e-4f735466cecf":"f.B31591FEBD8AE49568014889031CF3F7.d.A80BB341687F60DEF011B147421711D0.e.18529","ELEMENT":"f.B31591FEBD8AE49568014889031CF3F7.d.A80BB341687F60DEF011B147421711D0.e.18529"}]}
COMMAND: POST /session/f10bfffe94842169a26616823eaa69fd/execute/sync - {"script":"<script> [5351 bytes]","args":[{"element-6066-11e4-a52e-4f735466cecf":"f.B31591FEBD8AE49568014889031CF3F7.d.A80BB341687F60DEF011B147421711D0.e.18529","ELEMENT":"f.B31591FEBD8AE49568014889031CF3F7.d.A80BB341687F60DEF011B147421711D0.e.18529"}]}
COMMAND: GET /session/f10bfffe94842169a26616823eaa69fd/screenshot - {}
RESULT: {"script":"<script> [5351 bytes]","args":[{"element-6066-11e4-a52e-4f735466cecf":"f.B31591FEBD8AE49568014889031CF3F7.d.A80BB341687F60DEF011B147421711D0.e.18529","ELEMENT":"f.B31591FEBD8AE49568014889031CF3F7.d.A80BB341687F60DEF011B147421711D0.e.18529"}]}
COMMAND: POST /session/f10bfffe94842169a26616823eaa69fd/element/f.B31591FEBD8AE49568014889031CF3F7.d.A80BB341687F60DEF011B147421711D0.e.18529/click - {}
COMMAND: GET /session/f10bfffe94842169a26616823eaa69fd/screenshot - {}
RESULT: {}
RESULT: {}
]]></system-out>
    </testcase>
    <testcase classname="chrome.135_0_7049_42.windows.Performance_based_billing_(work_days)_US139742" name="Should go to Manage Billings and trigger calculation check the conditions applied" time="65.674">
      <system-out><![CDATA[
COMMAND: POST /session/f10bfffe94842169a26616823eaa69fd/execute/async - {"script":"<script> [1562 bytes]","args":[{"selector":{"controlType":"sap.m.GenericTile","properties":{"header":"Manage Billings"}},"wdio_ui5_key":"sapm.GenericTile{\"header\":\"Manage Billings\"}"}]}
COMMAND: GET /session/f10bfffe94842169a26616823eaa69fd/screenshot - {}
RESULT: {}
RESULT: {"script":"<script> [1562 bytes]","args":[{"selector":{"controlType":"sap.m.GenericTile","properties":{"header":"Manage Billings"}},"wdio_ui5_key":"sapm.GenericTile{\"header\":\"Manage Billings\"}"}]}
RESULT: undefined
COMMAND: POST /session/f10bfffe94842169a26616823eaa69fd/element - {"using":"xpath","value":"//*[@id=\"__tile51\"]"}
RESULT: {}
RESULT: {"using":"xpath","value":"//*[@id=\"__tile51\"]"}
COMMAND: POST /session/f10bfffe94842169a26616823eaa69fd/element/f.B31591FEBD8AE49568014889031CF3F7.d.A80BB341687F60DEF011B147421711D0.e.14686/click - {}
RESULT: {}
COMMAND: GET /session/f10bfffe94842169a26616823eaa69fd/screenshot - {}
COMMAND: POST /session/f10bfffe94842169a26616823eaa69fd/execute/async - {"script":"<script> [1562 bytes]","args":[{"selector":{"id":"application-managebillings-display-component---billRunCalcResult--smartFilterBar-btnBasicSearch","interaction":{"idSuffix":"I"}},"wdio_ui5_key":"applicationmanagebillings-display-component---billRunCalcResult--smartFilterBar-btnBasicSearch"}]}
RESULT: {}
RESULT: {"script":"<script> [1562 bytes]","args":[{"selector":{"id":"application-managebillings-display-component---billRunCalcResult--smartFilterBar-btnBasicSearch","interaction":{"idSuffix":"I"}},"wdio_ui5_key":"applicationmanagebillings-display-component---billRunCalcResult--smartFilterBar-btnBasicSearch"}]}
RESULT: undefined
COMMAND: POST /session/f10bfffe94842169a26616823eaa69fd/execute/async - {"script":"<script> [776 bytes]","args":[{"enterText":"10462","selector":{"id":"application-managebillings-display-component---billRunCalcResult--smartFilterBar-btnBasicSearch","interaction":{"idSuffix":"I"}},"clearTextFirst":true,"interactionType":"ENTER_TEXT"}]}
RESULT: {"script":"<script> [776 bytes]","args":[{"enterText":"10462","selector":{"id":"application-managebillings-display-component---billRunCalcResult--smartFilterBar-btnBasicSearch","interaction":{"idSuffix":"I"}},"clearTextFirst":true,"interactionType":"ENTER_TEXT"}]}
COMMAND: POST /session/f10bfffe94842169a26616823eaa69fd/actions - {"actions":[{"id":"action62","type":"key","parameters":{},"actions":[{"type":"keyDown","value":""},{"type":"pause","duration":10},{"type":"keyUp","value":""}]}]}
RESULT: {"actions":[{"id":"action62","type":"key","parameters":{},"actions":[{"type":"keyDown","value":""},{"type":"pause","duration":10},{"type":"keyUp","value":""}]}]}
COMMAND: GET /session/f10bfffe94842169a26616823eaa69fd/screenshot - {}
RESULT: {}
COMMAND: POST /session/f10bfffe94842169a26616823eaa69fd/element - {"using":"xpath","value":"//td[@aria-colindex=\"1\"]/div/div[contains(@class, \"sapMCbBg\")]"}
RESULT: {"using":"xpath","value":"//td[@aria-colindex=\"1\"]/div/div[contains(@class, \"sapMCbBg\")]"}
COMMAND: POST /session/f10bfffe94842169a26616823eaa69fd/element/f.B31591FEBD8AE49568014889031CF3F7.d.A80BB341687F60DEF011B147421711D0.e.18929/click - {}
RESULT: {}
COMMAND: GET /session/f10bfffe94842169a26616823eaa69fd/screenshot - {}
RESULT: {}
COMMAND: POST /session/f10bfffe94842169a26616823eaa69fd/execute/async - {"script":"<script> [1562 bytes]","args":[{"selector":{"id":"application-managebillings-display-component---billRunCalcResult--contractBillRunDate","interaction":{"idSuffix":"inner"}},"wdio_ui5_key":"applicationmanagebillings-display-component---billRunCalcResult--contractBillRunDate"}]}
RESULT: {"script":"<script> [1562 bytes]","args":[{"selector":{"id":"application-managebillings-display-component---billRunCalcResult--contractBillRunDate","interaction":{"idSuffix":"inner"}},"wdio_ui5_key":"applicationmanagebillings-display-component---billRunCalcResult--contractBillRunDate"}]}
RESULT: undefined
COMMAND: POST /session/f10bfffe94842169a26616823eaa69fd/execute/async - {"script":"<script> [776 bytes]","args":[{"enterText":"05/18/25","selector":{"id":"application-managebillings-display-component---billRunCalcResult--contractBillRunDate","interaction":{"idSuffix":"inner"}},"clearTextFirst":true,"interactionType":"ENTER_TEXT"}]}
RESULT: {"script":"<script> [776 bytes]","args":[{"enterText":"05/18/25","selector":{"id":"application-managebillings-display-component---billRunCalcResult--contractBillRunDate","interaction":{"idSuffix":"inner"}},"clearTextFirst":true,"interactionType":"ENTER_TEXT"}]}
COMMAND: POST /session/f10bfffe94842169a26616823eaa69fd/element - {"using":"xpath","value":"//bdi[contains(text(), \"Trigger Calculation\")]"}
RESULT: {"using":"xpath","value":"//bdi[contains(text(), \"Trigger Calculation\")]"}
COMMAND: POST /session/f10bfffe94842169a26616823eaa69fd/element/f.B31591FEBD8AE49568014889031CF3F7.d.A80BB341687F60DEF011B147421711D0.e.18980/click - {}
RESULT: {}
COMMAND: GET /session/f10bfffe94842169a26616823eaa69fd/screenshot - {}
RESULT: {}
COMMAND: POST /session/f10bfffe94842169a26616823eaa69fd/element - {"using":"xpath","value":"(//span[contains(@id, \"imgNav\")])[1]"}
RESULT: {"using":"xpath","value":"(//span[contains(@id, \"imgNav\")])[1]"}
COMMAND: POST /session/f10bfffe94842169a26616823eaa69fd/element/f.B31591FEBD8AE49568014889031CF3F7.d.A80BB341687F60DEF011B147421711D0.e.18930/click - {}
RESULT: {}
COMMAND: GET /session/f10bfffe94842169a26616823eaa69fd/screenshot - {}
RESULT: {}
COMMAND: POST /session/f10bfffe94842169a26616823eaa69fd/element - {"using":"xpath","value":"//tr/td[6]/div[1]/span[1]/span[1]"}
RESULT: {"using":"xpath","value":"//tr/td[6]/div[1]/span[1]/span[1]"}
COMMAND: GET /session/f10bfffe94842169a26616823eaa69fd/element/f.B31591FEBD8AE49568014889031CF3F7.d.A80BB341687F60DEF011B147421711D0.e.18984/text - {}
RESULT: {}
COMMAND: POST /session/f10bfffe94842169a26616823eaa69fd/element - {"using":"xpath","value":"(//span[contains(@id, \"imgNav\")])[2]"}
RESULT: {"using":"xpath","value":"(//span[contains(@id, \"imgNav\")])[2]"}
COMMAND: POST /session/f10bfffe94842169a26616823eaa69fd/element/f.B31591FEBD8AE49568014889031CF3F7.d.A80BB341687F60DEF011B147421711D0.e.18985/click - {}
RESULT: {}
COMMAND: POST /session/f10bfffe94842169a26616823eaa69fd/element - {"using":"xpath","value":"//bdi[contains(text(), \"Business Confirm\")]"}
RESULT: {"using":"xpath","value":"//bdi[contains(text(), \"Business Confirm\")]"}
COMMAND: POST /session/f10bfffe94842169a26616823eaa69fd/elements - {"using":"xpath","value":"//bdi[contains(text(), \"Business Confirm\")]"}
RESULT: {"using":"xpath","value":"//bdi[contains(text(), \"Business Confirm\")]"}
COMMAND: GET /session/f10bfffe94842169a26616823eaa69fd/screenshot - {}
RESULT: {}
COMMAND: POST /session/f10bfffe94842169a26616823eaa69fd/elements - {"using":"xpath","value":"//bdi[contains(text(), \"Business Confirm\")]"}
RESULT: {"using":"xpath","value":"//bdi[contains(text(), \"Business Confirm\")]"}
COMMAND: POST /session/f10bfffe94842169a26616823eaa69fd/elements - {"using":"xpath","value":"//bdi[contains(text(), \"Business Confirm\")]"}
RESULT: {"using":"xpath","value":"//bdi[contains(text(), \"Business Confirm\")]"}
COMMAND: POST /session/f10bfffe94842169a26616823eaa69fd/element - {"using":"xpath","value":"//bdi[contains(text(), \"Business Confirm\")]"}
RESULT: {"using":"xpath","value":"//bdi[contains(text(), \"Business Confirm\")]"}
COMMAND: POST /session/f10bfffe94842169a26616823eaa69fd/element/f.B31591FEBD8AE49568014889031CF3F7.d.A80BB341687F60DEF011B147421711D0.e.18989/click - {}
COMMAND: POST /session/f10bfffe94842169a26616823eaa69fd/element - {"using":"xpath","value":"//bdi[contains(text(), \"Business Confirm\")]"}
RESULT: {"using":"xpath","value":"//bdi[contains(text(), \"Business Confirm\")]"}
COMMAND: POST /session/f10bfffe94842169a26616823eaa69fd/element/f.B31591FEBD8AE49568014889031CF3F7.d.A80BB341687F60DEF011B147421711D0.e.18989/click - {}
COMMAND: POST /session/f10bfffe94842169a26616823eaa69fd/element - {"using":"xpath","value":"//bdi[contains(text(), \"Business Confirm\")]"}
RESULT: {"using":"xpath","value":"//bdi[contains(text(), \"Business Confirm\")]"}
COMMAND: POST /session/f10bfffe94842169a26616823eaa69fd/element/f.B31591FEBD8AE49568014889031CF3F7.d.A80BB341687F60DEF011B147421711D0.e.19037/click - {}
RESULT: {}
COMMAND: POST /session/f10bfffe94842169a26616823eaa69fd/element - {"using":"css selector","value":"#shell-header-logo"}
COMMAND: GET /session/f10bfffe94842169a26616823eaa69fd/screenshot - {}
RESULT: {"using":"css selector","value":"#shell-header-logo"}
COMMAND: POST /session/f10bfffe94842169a26616823eaa69fd/element/f.B31591FEBD8AE49568014889031CF3F7.d.A80BB341687F60DEF011B147421711D0.e.18719/click - {}
RESULT: {}
RESULT: {}
COMMAND: GET /session/f10bfffe94842169a26616823eaa69fd/screenshot - {}
RESULT: {}
COMMAND: POST /session/f10bfffe94842169a26616823eaa69fd/element - {"using":"css selector","value":"#j_username"}
COMMAND: POST /session/f10bfffe94842169a26616823eaa69fd/url - {"url":"https://qa-testing-00-live-etm-ui.cfapps.eu10-004.hana.ondemand.com/"}
RESULT: {"using":"css selector","value":"#j_username"}
COMMAND: POST /session/f10bfffe94842169a26616823eaa69fd/element - {"using":"css selector","value":"#j_username"}
RESULT: {"url":"https://qa-testing-00-live-etm-ui.cfapps.eu10-004.hana.ondemand.com/"}
RESULT: undefined
COMMAND: GET /session/f10bfffe94842169a26616823eaa69fd/screenshot - {}
RESULT: {"using":"css selector","value":"#j_username"}
COMMAND: POST /session/f10bfffe94842169a26616823eaa69fd/element - {"using":"css selector","value":"#shell-header-logo"}
RESULT: {}
RESULT: {"using":"css selector","value":"#shell-header-logo"}
COMMAND: POST /session/f10bfffe94842169a26616823eaa69fd/execute/sync - {"script":"<script> [8489 bytes]","args":[{"element-6066-11e4-a52e-4f735466cecf":"f.B31591FEBD8AE49568014889031CF3F7.d.B7D0397484C0937115C20EEF05AA2070.e.19073","ELEMENT":"f.B31591FEBD8AE49568014889031CF3F7.d.B7D0397484C0937115C20EEF05AA2070.e.19073"}]}
RESULT: {"script":"<script> [8489 bytes]","args":[{"element-6066-11e4-a52e-4f735466cecf":"f.B31591FEBD8AE49568014889031CF3F7.d.B7D0397484C0937115C20EEF05AA2070.e.19073","ELEMENT":"f.B31591FEBD8AE49568014889031CF3F7.d.B7D0397484C0937115C20EEF05AA2070.e.19073"}]}
COMMAND: POST /session/f10bfffe94842169a26616823eaa69fd/element - {"using":"css selector","value":"#shell-header-logo"}
COMMAND: GET /session/f10bfffe94842169a26616823eaa69fd/screenshot - {}
RESULT: {"using":"css selector","value":"#shell-header-logo"}
COMMAND: POST /session/f10bfffe94842169a26616823eaa69fd/execute/sync - {"script":"<script> [8489 bytes]","args":[{"element-6066-11e4-a52e-4f735466cecf":"f.B31591FEBD8AE49568014889031CF3F7.d.B7D0397484C0937115C20EEF05AA2070.e.19073","ELEMENT":"f.B31591FEBD8AE49568014889031CF3F7.d.B7D0397484C0937115C20EEF05AA2070.e.19073"}]}
RESULT: {}
RESULT: {"script":"<script> [8489 bytes]","args":[{"element-6066-11e4-a52e-4f735466cecf":"f.B31591FEBD8AE49568014889031CF3F7.d.B7D0397484C0937115C20EEF05AA2070.e.19073","ELEMENT":"f.B31591FEBD8AE49568014889031CF3F7.d.B7D0397484C0937115C20EEF05AA2070.e.19073"}]}
COMMAND: POST /session/f10bfffe94842169a26616823eaa69fd/execute/sync - {"script":"<script> [5351 bytes]","args":[{"element-6066-11e4-a52e-4f735466cecf":"f.B31591FEBD8AE49568014889031CF3F7.d.B7D0397484C0937115C20EEF05AA2070.e.19073","ELEMENT":"f.B31591FEBD8AE49568014889031CF3F7.d.B7D0397484C0937115C20EEF05AA2070.e.19073"}]}
COMMAND: GET /session/f10bfffe94842169a26616823eaa69fd/screenshot - {}
RESULT: {"script":"<script> [5351 bytes]","args":[{"element-6066-11e4-a52e-4f735466cecf":"f.B31591FEBD8AE49568014889031CF3F7.d.B7D0397484C0937115C20EEF05AA2070.e.19073","ELEMENT":"f.B31591FEBD8AE49568014889031CF3F7.d.B7D0397484C0937115C20EEF05AA2070.e.19073"}]}
COMMAND: POST /session/f10bfffe94842169a26616823eaa69fd/element - {"using":"css selector","value":"#shell-header-logo"}
COMMAND: GET /session/f10bfffe94842169a26616823eaa69fd/screenshot - {}
RESULT: {}
RESULT: {"using":"css selector","value":"#shell-header-logo"}
COMMAND: POST /session/f10bfffe94842169a26616823eaa69fd/element/f.B31591FEBD8AE49568014889031CF3F7.d.B7D0397484C0937115C20EEF05AA2070.e.19073/click - {}
RESULT: {}
RESULT: {}
COMMAND: GET /session/f10bfffe94842169a26616823eaa69fd/screenshot - {}
RESULT: {}
COMMAND: POST /session/f10bfffe94842169a26616823eaa69fd/execute/async - {"script":"<script> [189 bytes]","args":[]}
RESULT: {"script":"<script> [189 bytes]","args":[]}
COMMAND: POST /session/f10bfffe94842169a26616823eaa69fd/execute/async - {"script":"<script> [123 bytes]","args":[]}
RESULT: {"script":"<script> [123 bytes]","args":[]}
COMMAND: POST /session/f10bfffe94842169a26616823eaa69fd/timeouts - {"script":"<number>"}
RESULT: {"script":"<number>"}
COMMAND: GET /session/f10bfffe94842169a26616823eaa69fd/timeouts - {}
RESULT: {}
RESULT: undefined
COMMAND: POST /session/f10bfffe94842169a26616823eaa69fd/execute/async - {"script":"<script> [2676 bytes]","args":[]}
RESULT: {"script":"<script> [2676 bytes]","args":[]}
COMMAND: POST /session/f10bfffe94842169a26616823eaa69fd/execute/async - {"script":"<script> [2342 bytes]","args":[{"protocol":"http","hostname":"0.0.0.0","path":"/","capabilities":{"browserName":"chrome","goog:chromeOptions":{"binary":"C:\\Program Files\\Google\\Chrome\\Application\\chrome.exe","args":["--start-maximized"]}},"logLevel":"warn","connectionRetryTimeout":120000,"connectionRetryCount":3,"logLevels":{},"enableDirectConnect":true,"strictSSL":true,"_":"65 more keys: [\"cacheDir\",\"port\",\"requestedCapabilities\",\"automationProtocol\",\"baseUrl\",\"waitforInterval\",\"waitforTimeout\",\"onReload\",\"beforeCommand\",\"afterCommand\",\"rootDir\",\"specs\",\"suites\",\"exclude\",\"groupLogsByTestSpec\",\"excludeDriverLogs\",\"bail\",\"framework\",\"reporters\",\"services\",\"maxInstances\",\"maxInstancesPerCapability\",\"injectGlobals\",\"filesToWatch\",\"execArgv\",\"runnerEnv\",\"runner\",\"shard\",\"specFileRetries\",\"specFileRetriesDelay\",\"specFileRetriesDeferred\",\"reporterSyncInterval\",\"reporterSyncTimeout\",\"cucumberFeaturesWithLineNumbers\",\"autoCompileOpts\",\"mochaOpts\",\"jasmineOpts\",\"cucumberOpts\",\"onPrepare\",\"onWorkerStart\",\"onWorkerEnd\",\"before\",\"beforeSession\",\"beforeSuite\",\"beforeHook\",\"beforeTest\",\"afterTest\",\"afterHook\",\"afterSuite\",\"afterSession\",\"after\",\"onComplete\",\"beforeAssertion\",\"afterAssertion\",\"beforeFeature\",\"beforeScenario\",\"beforeStep\",\"afterStep\",\"afterScenario\",\"afterFeature\",\"_\",\"suite\",\"$0\",\"ignoredWorkerServices\",\"wdi5\"]"}]}
RESULT: {"script":"<script> [2342 bytes]","args":[{"protocol":"http","hostname":"0.0.0.0","path":"/","capabilities":{"browserName":"chrome","goog:chromeOptions":{"binary":"C:\\Program Files\\Google\\Chrome\\Application\\chrome.exe","args":["--start-maximized"]}},"logLevel":"warn","connectionRetryTimeout":120000,"connectionRetryCount":3,"logLevels":{},"enableDirectConnect":true,"strictSSL":true,"_":"65 more keys: [\"cacheDir\",\"port\",\"requestedCapabilities\",\"automationProtocol\",\"baseUrl\",\"waitforInterval\",\"waitforTimeout\",\"onReload\",\"beforeCommand\",\"afterCommand\",\"rootDir\",\"specs\",\"suites\",\"exclude\",\"groupLogsByTestSpec\",\"excludeDriverLogs\",\"bail\",\"framework\",\"reporters\",\"services\",\"maxInstances\",\"maxInstancesPerCapability\",\"injectGlobals\",\"filesToWatch\",\"execArgv\",\"runnerEnv\",\"runner\",\"shard\",\"specFileRetries\",\"specFileRetriesDelay\",\"specFileRetriesDeferred\",\"reporterSyncInterval\",\"reporterSyncTimeout\",\"cucumberFeaturesWithLineNumbers\",\"autoCompileOpts\",\"mochaOpts\",\"jasmineOpts\",\"cucumberOpts\",\"onPrepare\",\"onWorkerStart\",\"onWorkerEnd\",\"before\",\"beforeSession\",\"beforeSuite\",\"beforeHook\",\"beforeTest\",\"afterTest\",\"afterHook\",\"afterSuite\",\"afterSession\",\"after\",\"onComplete\",\"beforeAssertion\",\"afterAssertion\",\"beforeFeature\",\"beforeScenario\",\"beforeStep\",\"afterStep\",\"afterScenario\",\"afterFeature\",\"_\",\"suite\",\"$0\",\"ignoredWorkerServices\",\"wdi5\"]"}]}
COMMAND: POST /session/f10bfffe94842169a26616823eaa69fd/execute/async - {"script":"<script> [21126 bytes]","args":[35000]}
RESULT: {"script":"<script> [21126 bytes]","args":[35000]}
COMMAND: POST /session/f10bfffe94842169a26616823eaa69fd/window/maximize - {}
RESULT: {}
COMMAND: POST /session/f10bfffe94842169a26616823eaa69fd/execute/async - {"script":"<script> [1562 bytes]","args":[{"selector":{"id":"shell-header","interaction":{"idSuffix":"icon"}},"wdio_ui5_key":"shellheader"}]}
COMMAND: GET /session/f10bfffe94842169a26616823eaa69fd/screenshot - {}
RESULT: {"script":"<script> [1562 bytes]","args":[{"selector":{"id":"shell-header","interaction":{"idSuffix":"icon"}},"wdio_ui5_key":"shellheader"}]}
RESULT: undefined
COMMAND: POST /session/f10bfffe94842169a26616823eaa69fd/refresh - {}
RESULT: {}
RESULT: {}
COMMAND: GET /session/f10bfffe94842169a26616823eaa69fd/screenshot - {}
RESULT: {}
COMMAND: POST /session/f10bfffe94842169a26616823eaa69fd/refresh - {}
RESULT: {}
COMMAND: GET /session/f10bfffe94842169a26616823eaa69fd/screenshot - {}
RESULT: {}
COMMAND: POST /session/f10bfffe94842169a26616823eaa69fd/window/fullscreen - {}
RESULT: {}
COMMAND: POST /session/f10bfffe94842169a26616823eaa69fd/execute/async - {"script":"<script> [189 bytes]","args":[]}
RESULT: {"script":"<script> [189 bytes]","args":[]}
COMMAND: POST /session/f10bfffe94842169a26616823eaa69fd/execute/async - {"script":"<script> [123 bytes]","args":[]}
RESULT: {"script":"<script> [123 bytes]","args":[]}
COMMAND: POST /session/f10bfffe94842169a26616823eaa69fd/timeouts - {"script":"<number>"}
RESULT: {"script":"<number>"}
COMMAND: GET /session/f10bfffe94842169a26616823eaa69fd/timeouts - {}
RESULT: {}
RESULT: undefined
COMMAND: POST /session/f10bfffe94842169a26616823eaa69fd/execute/async - {"script":"<script> [2676 bytes]","args":[]}
RESULT: {"script":"<script> [2676 bytes]","args":[]}
COMMAND: POST /session/f10bfffe94842169a26616823eaa69fd/execute/async - {"script":"<script> [2342 bytes]","args":[{"protocol":"http","hostname":"0.0.0.0","path":"/","capabilities":{"browserName":"chrome","goog:chromeOptions":{"binary":"C:\\Program Files\\Google\\Chrome\\Application\\chrome.exe","args":["--start-maximized"]}},"logLevel":"warn","connectionRetryTimeout":120000,"connectionRetryCount":3,"logLevels":{},"enableDirectConnect":true,"strictSSL":true,"_":"65 more keys: [\"cacheDir\",\"port\",\"requestedCapabilities\",\"automationProtocol\",\"baseUrl\",\"waitforInterval\",\"waitforTimeout\",\"onReload\",\"beforeCommand\",\"afterCommand\",\"rootDir\",\"specs\",\"suites\",\"exclude\",\"groupLogsByTestSpec\",\"excludeDriverLogs\",\"bail\",\"framework\",\"reporters\",\"services\",\"maxInstances\",\"maxInstancesPerCapability\",\"injectGlobals\",\"filesToWatch\",\"execArgv\",\"runnerEnv\",\"runner\",\"shard\",\"specFileRetries\",\"specFileRetriesDelay\",\"specFileRetriesDeferred\",\"reporterSyncInterval\",\"reporterSyncTimeout\",\"cucumberFeaturesWithLineNumbers\",\"autoCompileOpts\",\"mochaOpts\",\"jasmineOpts\",\"cucumberOpts\",\"onPrepare\",\"onWorkerStart\",\"onWorkerEnd\",\"before\",\"beforeSession\",\"beforeSuite\",\"beforeHook\",\"beforeTest\",\"afterTest\",\"afterHook\",\"afterSuite\",\"afterSession\",\"after\",\"onComplete\",\"beforeAssertion\",\"afterAssertion\",\"beforeFeature\",\"beforeScenario\",\"beforeStep\",\"afterStep\",\"afterScenario\",\"afterFeature\",\"_\",\"suite\",\"$0\",\"ignoredWorkerServices\",\"wdi5\"]"}]}
RESULT: {"script":"<script> [2342 bytes]","args":[{"protocol":"http","hostname":"0.0.0.0","path":"/","capabilities":{"browserName":"chrome","goog:chromeOptions":{"binary":"C:\\Program Files\\Google\\Chrome\\Application\\chrome.exe","args":["--start-maximized"]}},"logLevel":"warn","connectionRetryTimeout":120000,"connectionRetryCount":3,"logLevels":{},"enableDirectConnect":true,"strictSSL":true,"_":"65 more keys: [\"cacheDir\",\"port\",\"requestedCapabilities\",\"automationProtocol\",\"baseUrl\",\"waitforInterval\",\"waitforTimeout\",\"onReload\",\"beforeCommand\",\"afterCommand\",\"rootDir\",\"specs\",\"suites\",\"exclude\",\"groupLogsByTestSpec\",\"excludeDriverLogs\",\"bail\",\"framework\",\"reporters\",\"services\",\"maxInstances\",\"maxInstancesPerCapability\",\"injectGlobals\",\"filesToWatch\",\"execArgv\",\"runnerEnv\",\"runner\",\"shard\",\"specFileRetries\",\"specFileRetriesDelay\",\"specFileRetriesDeferred\",\"reporterSyncInterval\",\"reporterSyncTimeout\",\"cucumberFeaturesWithLineNumbers\",\"autoCompileOpts\",\"mochaOpts\",\"jasmineOpts\",\"cucumberOpts\",\"onPrepare\",\"onWorkerStart\",\"onWorkerEnd\",\"before\",\"beforeSession\",\"beforeSuite\",\"beforeHook\",\"beforeTest\",\"afterTest\",\"afterHook\",\"afterSuite\",\"afterSession\",\"after\",\"onComplete\",\"beforeAssertion\",\"afterAssertion\",\"beforeFeature\",\"beforeScenario\",\"beforeStep\",\"afterStep\",\"afterScenario\",\"afterFeature\",\"_\",\"suite\",\"$0\",\"ignoredWorkerServices\",\"wdi5\"]"}]}
COMMAND: POST /session/f10bfffe94842169a26616823eaa69fd/execute/async - {"script":"<script> [21126 bytes]","args":[35000]}
RESULT: {"script":"<script> [21126 bytes]","args":[35000]}
]]></system-out>
    </testcase>
  </testsuite>
  <testsuite timestamp="2025-04-18T18:03:59" time="1348.39" tests="20" failures="0" errors="0" skipped="0">
    <properties>
      <property name="specId" value="0"/>
      <property name="suiteName" value="Billing Calculation - Time based (considering transport times) US139738"/>
      <property name="capabilities" value="chrome.135_0_7049_42.windows"/>
      <property name="file" value="file:///D:/a/1/s/test/specs/BTS/billing-calculation-transp-times.spec.js"/>
    </properties>
    <testcase classname="chrome.135_0_7049_42.windows.Billing_Calculation_-_Time_based_(considering_transport_times)_US139738" name="Should create a new yard" time="0.033">
      <system-out><![CDATA[
COMMAND: POST /session/f10bfffe94842169a26616823eaa69fd/window/fullscreen - {}
RESULT: {}
]]></system-out>
    </testcase>
    <testcase classname="chrome.135_0_7049_42.windows.Billing_Calculation_-_Time_based_(considering_transport_times)_US139738" name="Should create a new partner" time="0.004"/>
    <testcase classname="chrome.135_0_7049_42.windows.Billing_Calculation_-_Time_based_(considering_transport_times)_US139738" name="Should create a new site" time="0.004"/>
    <testcase classname="chrome.135_0_7049_42.windows.Billing_Calculation_-_Time_based_(considering_transport_times)_US139738" name="Should create the 1st equipment" time="127.772">
      <system-out><![CDATA[
COMMAND: POST /session/f10bfffe94842169a26616823eaa69fd/execute/async - {"script":"<script> [1562 bytes]","args":[{"selector":{"controlType":"sap.m.GenericTile","properties":{"header":"Manage Resources"}},"wdio_ui5_key":"sapm.GenericTile{\"header\":\"Manage Resources\"}"}]}
RESULT: {"script":"<script> [1562 bytes]","args":[{"selector":{"controlType":"sap.m.GenericTile","properties":{"header":"Manage Resources"}},"wdio_ui5_key":"sapm.GenericTile{\"header\":\"Manage Resources\"}"}]}
RESULT: undefined
COMMAND: POST /session/f10bfffe94842169a26616823eaa69fd/element - {"using":"xpath","value":"//*[@id=\"__tile39\"]"}
RESULT: {"using":"xpath","value":"//*[@id=\"__tile39\"]"}
COMMAND: POST /session/f10bfffe94842169a26616823eaa69fd/element/f.B31591FEBD8AE49568014889031CF3F7.d.E75B4DED77C23904491D35DA126490C5.e.19222/click - {}
RESULT: {}
COMMAND: POST /session/f10bfffe94842169a26616823eaa69fd/element - {"using":"xpath","value":"//button[@data-kt=\"addNewRUOverflowToolbarButton\"]"}
COMMAND: GET /session/f10bfffe94842169a26616823eaa69fd/screenshot - {}
RESULT: {"using":"xpath","value":"//button[@data-kt=\"addNewRUOverflowToolbarButton\"]"}
COMMAND: POST /session/f10bfffe94842169a26616823eaa69fd/elements - {"using":"xpath","value":"//button[@data-kt=\"addNewRUOverflowToolbarButton\"]"}
RESULT: {}
RESULT: {"using":"xpath","value":"//button[@data-kt=\"addNewRUOverflowToolbarButton\"]"}
COMMAND: POST /session/f10bfffe94842169a26616823eaa69fd/elements - {"using":"xpath","value":"//button[@data-kt=\"addNewRUOverflowToolbarButton\"]"}
RESULT: {"using":"xpath","value":"//button[@data-kt=\"addNewRUOverflowToolbarButton\"]"}
RESULT: undefined
COMMAND: POST /session/f10bfffe94842169a26616823eaa69fd/elements - {"using":"xpath","value":"//button[@data-kt=\"addNewRUOverflowToolbarButton\"]"}
RESULT: {"using":"xpath","value":"//button[@data-kt=\"addNewRUOverflowToolbarButton\"]"}
COMMAND: POST /session/f10bfffe94842169a26616823eaa69fd/elements - {"using":"xpath","value":"//button[@data-kt=\"addNewRUOverflowToolbarButton\"]"}
RESULT: {"using":"xpath","value":"//button[@data-kt=\"addNewRUOverflowToolbarButton\"]"}
COMMAND: POST /session/f10bfffe94842169a26616823eaa69fd/elements - {"using":"xpath","value":"//button[@data-kt=\"addNewRUOverflowToolbarButton\"]"}
RESULT: {"using":"xpath","value":"//button[@data-kt=\"addNewRUOverflowToolbarButton\"]"}
COMMAND: POST /session/f10bfffe94842169a26616823eaa69fd/elements - {"using":"xpath","value":"//button[@data-kt=\"addNewRUOverflowToolbarButton\"]"}
RESULT: {"using":"xpath","value":"//button[@data-kt=\"addNewRUOverflowToolbarButton\"]"}
COMMAND: POST /session/f10bfffe94842169a26616823eaa69fd/elements - {"using":"xpath","value":"//button[@data-kt=\"addNewRUOverflowToolbarButton\"]"}
RESULT: {"using":"xpath","value":"//button[@data-kt=\"addNewRUOverflowToolbarButton\"]"}
COMMAND: POST /session/f10bfffe94842169a26616823eaa69fd/elements - {"using":"xpath","value":"//button[@data-kt=\"addNewRUOverflowToolbarButton\"]"}
RESULT: {"using":"xpath","value":"//button[@data-kt=\"addNewRUOverflowToolbarButton\"]"}
COMMAND: POST /session/f10bfffe94842169a26616823eaa69fd/elements - {"using":"xpath","value":"//button[@data-kt=\"addNewRUOverflowToolbarButton\"]"}
RESULT: {"using":"xpath","value":"//button[@data-kt=\"addNewRUOverflowToolbarButton\"]"}
COMMAND: POST /session/f10bfffe94842169a26616823eaa69fd/element - {"using":"xpath","value":"//button[@data-kt=\"addNewRUOverflowToolbarButton\"]"}
RESULT: {"using":"xpath","value":"//button[@data-kt=\"addNewRUOverflowToolbarButton\"]"}
COMMAND: POST /session/f10bfffe94842169a26616823eaa69fd/execute/sync - {"script":"<script> [8489 bytes]","args":[{"element-6066-11e4-a52e-4f735466cecf":"f.B31591FEBD8AE49568014889031CF3F7.d.E75B4DED77C23904491D35DA126490C5.e.19367","ELEMENT":"f.B31591FEBD8AE49568014889031CF3F7.d.E75B4DED77C23904491D35DA126490C5.e.19367"}]}
RESULT: {"script":"<script> [8489 bytes]","args":[{"element-6066-11e4-a52e-4f735466cecf":"f.B31591FEBD8AE49568014889031CF3F7.d.E75B4DED77C23904491D35DA126490C5.e.19367","ELEMENT":"f.B31591FEBD8AE49568014889031CF3F7.d.E75B4DED77C23904491D35DA126490C5.e.19367"}]}
COMMAND: GET /session/f10bfffe94842169a26616823eaa69fd/element/f.B31591FEBD8AE49568014889031CF3F7.d.E75B4DED77C23904491D35DA126490C5.e.19367/enabled - {}
COMMAND: GET /session/f10bfffe94842169a26616823eaa69fd/screenshot - {}
RESULT: {}
COMMAND: POST /session/f10bfffe94842169a26616823eaa69fd/execute/sync - {"script":"<script> [8489 bytes]","args":[{"element-6066-11e4-a52e-4f735466cecf":"f.B31591FEBD8AE49568014889031CF3F7.d.E75B4DED77C23904491D35DA126490C5.e.19367","ELEMENT":"f.B31591FEBD8AE49568014889031CF3F7.d.E75B4DED77C23904491D35DA126490C5.e.19367"}]}
COMMAND: GET /session/f10bfffe94842169a26616823eaa69fd/screenshot - {}
RESULT: {}
RESULT: {"script":"<script> [8489 bytes]","args":[{"element-6066-11e4-a52e-4f735466cecf":"f.B31591FEBD8AE49568014889031CF3F7.d.E75B4DED77C23904491D35DA126490C5.e.19367","ELEMENT":"f.B31591FEBD8AE49568014889031CF3F7.d.E75B4DED77C23904491D35DA126490C5.e.19367"}]}
COMMAND: POST /session/f10bfffe94842169a26616823eaa69fd/execute/sync - {"script":"<script> [5351 bytes]","args":[{"element-6066-11e4-a52e-4f735466cecf":"f.B31591FEBD8AE49568014889031CF3F7.d.E75B4DED77C23904491D35DA126490C5.e.19367","ELEMENT":"f.B31591FEBD8AE49568014889031CF3F7.d.E75B4DED77C23904491D35DA126490C5.e.19367"}]}
COMMAND: GET /session/f10bfffe94842169a26616823eaa69fd/screenshot - {}
RESULT: {}
RESULT: {"script":"<script> [5351 bytes]","args":[{"element-6066-11e4-a52e-4f735466cecf":"f.B31591FEBD8AE49568014889031CF3F7.d.E75B4DED77C23904491D35DA126490C5.e.19367","ELEMENT":"f.B31591FEBD8AE49568014889031CF3F7.d.E75B4DED77C23904491D35DA126490C5.e.19367"}]}
COMMAND: POST /session/f10bfffe94842169a26616823eaa69fd/element/f.B31591FEBD8AE49568014889031CF3F7.d.E75B4DED77C23904491D35DA126490C5.e.19367/click - {}
COMMAND: GET /session/f10bfffe94842169a26616823eaa69fd/screenshot - {}
RESULT: {}
RESULT: {}
COMMAND: GET /session/f10bfffe94842169a26616823eaa69fd/screenshot - {}
COMMAND: POST /session/f10bfffe94842169a26616823eaa69fd/execute/async - {"script":"<script> [1562 bytes]","args":[{"selector":{"id":"application-manageresources-display-component---newResourceUnit--TYPE-arrow"},"wdio_ui5_key":"applicationmanageresources-display-component---newResourceUnit--TYPE-arrow"}]}
RESULT: {}
RESULT: {}
RESULT: {"script":"<script> [1562 bytes]","args":[{"selector":{"id":"application-manageresources-display-component---newResourceUnit--TYPE-arrow"},"wdio_ui5_key":"applicationmanageresources-display-component---newResourceUnit--TYPE-arrow"}]}
RESULT: undefined
COMMAND: POST /session/f10bfffe94842169a26616823eaa69fd/element - {"using":"xpath","value":"//*[@id=\"application-manageresources-display-component---newResourceUnit--TYPE-arrow\"]"}
RESULT: {"using":"xpath","value":"//*[@id=\"application-manageresources-display-component---newResourceUnit--TYPE-arrow\"]"}
COMMAND: POST /session/f10bfffe94842169a26616823eaa69fd/element/f.B31591FEBD8AE49568014889031CF3F7.d.E75B4DED77C23904491D35DA126490C5.e.19764/click - {}
RESULT: {}
COMMAND: POST /session/f10bfffe94842169a26616823eaa69fd/element - {"using":"xpath","value":"//input[@id=\"application-manageresources-display-component---newResourceUnit--TYPE-inner\"]"}
COMMAND: GET /session/f10bfffe94842169a26616823eaa69fd/screenshot - {}
RESULT: {"using":"xpath","value":"//input[@id=\"application-manageresources-display-component---newResourceUnit--TYPE-inner\"]"}
COMMAND: POST /session/f10bfffe94842169a26616823eaa69fd/element/f.B31591FEBD8AE49568014889031CF3F7.d.E75B4DED77C23904491D35DA126490C5.e.19501/clear - {}
RESULT: {}
RESULT: {}
COMMAND: POST /session/f10bfffe94842169a26616823eaa69fd/element/f.B31591FEBD8AE49568014889031CF3F7.d.E75B4DED77C23904491D35DA126490C5.e.19501/value - {"text":"Equipment"}
COMMAND: GET /session/f10bfffe94842169a26616823eaa69fd/screenshot - {}
RESULT: {"text":"Equipment"}
COMMAND: GET /session/f10bfffe94842169a26616823eaa69fd/screenshot - {}
RESULT: {}
RESULT: {}
COMMAND: POST /session/f10bfffe94842169a26616823eaa69fd/actions - {"actions":[{"id":"action63","type":"key","parameters":{},"actions":[{"type":"keyDown","value":""},{"type":"pause","duration":10},{"type":"keyUp","value":""}]}]}
RESULT: {"actions":[{"id":"action63","type":"key","parameters":{},"actions":[{"type":"keyDown","value":""},{"type":"pause","duration":10},{"type":"keyUp","value":""}]}]}
COMMAND: POST /session/f10bfffe94842169a26616823eaa69fd/execute/async - {"script":"<script> [1562 bytes]","args":[{"selector":{"id":"application-manageresources-display-component---newResourceUnit--resourceId","interaction":{"idSuffix":"inner"}},"wdio_ui5_key":"applicationmanageresources-display-component---newResourceUnit--resourceId"}]}
COMMAND: GET /session/f10bfffe94842169a26616823eaa69fd/screenshot - {}
RESULT: {"script":"<script> [1562 bytes]","args":[{"selector":{"id":"application-manageresources-display-component---newResourceUnit--resourceId","interaction":{"idSuffix":"inner"}},"wdio_ui5_key":"applicationmanageresources-display-component---newResourceUnit--resourceId"}]}
RESULT: undefined
COMMAND: POST /session/f10bfffe94842169a26616823eaa69fd/execute/async - {"script":"<script> [776 bytes]","args":[{"enterText":"b81lxQmJQ6","selector":{"id":"application-manageresources-display-component---newResourceUnit--resourceId","interaction":{"idSuffix":"inner"}},"clearTextFirst":true,"interactionType":"ENTER_TEXT"}]}
RESULT: {}
RESULT: {"script":"<script> [776 bytes]","args":[{"enterText":"b81lxQmJQ6","selector":{"id":"application-manageresources-display-component---newResourceUnit--resourceId","interaction":{"idSuffix":"inner"}},"clearTextFirst":true,"interactionType":"ENTER_TEXT"}]}
COMMAND: POST /session/f10bfffe94842169a26616823eaa69fd/execute/async - {"script":"<script> [1562 bytes]","args":[{"selector":{"id":"application-manageresources-display-component---newResourceUnit--SHORT_TEXT","interaction":{"idSuffix":"inner"}},"wdio_ui5_key":"applicationmanageresources-display-component---newResourceUnit--SHORT_TEXT"}]}
RESULT: {"script":"<script> [1562 bytes]","args":[{"selector":{"id":"application-manageresources-display-component---newResourceUnit--SHORT_TEXT","interaction":{"idSuffix":"inner"}},"wdio_ui5_key":"applicationmanageresources-display-component---newResourceUnit--SHORT_TEXT"}]}
RESULT: undefined
COMMAND: POST /session/f10bfffe94842169a26616823eaa69fd/execute/async - {"script":"<script> [776 bytes]","args":[{"enterText":"Intercompany Equipment WDIO","selector":{"id":"application-manageresources-display-component---newResourceUnit--SHORT_TEXT","interaction":{"idSuffix":"inner"}},"clearTextFirst":true,"interactionType":"ENTER_TEXT"}]}
RESULT: {"script":"<script> [776 bytes]","args":[{"enterText":"Intercompany Equipment WDIO","selector":{"id":"application-manageresources-display-component---newResourceUnit--SHORT_TEXT","interaction":{"idSuffix":"inner"}},"clearTextFirst":true,"interactionType":"ENTER_TEXT"}]}
COMMAND: POST /session/f10bfffe94842169a26616823eaa69fd/execute/async - {"script":"<script> [1562 bytes]","args":[{"selector":{"id":"application-manageresources-display-component---newResourceUnit--BASE_UNIT_OF_MEASURE","interaction":{"idSuffix":"inner"}},"wdio_ui5_key":"applicationmanageresources-display-component---newResourceUnit--BASE_UNIT_OF_MEASURE"}]}
RESULT: {"script":"<script> [1562 bytes]","args":[{"selector":{"id":"application-manageresources-display-component---newResourceUnit--BASE_UNIT_OF_MEASURE","interaction":{"idSuffix":"inner"}},"wdio_ui5_key":"applicationmanageresources-display-component---newResourceUnit--BASE_UNIT_OF_MEASURE"}]}
RESULT: undefined
COMMAND: POST /session/f10bfffe94842169a26616823eaa69fd/execute/async - {"script":"<script> [776 bytes]","args":[{"enterText":"Piece","selector":{"id":"application-manageresources-display-component---newResourceUnit--BASE_UNIT_OF_MEASURE","interaction":{"idSuffix":"inner"}},"clearTextFirst":true,"interactionType":"ENTER_TEXT"}]}
RESULT: {"script":"<script> [776 bytes]","args":[{"enterText":"Piece","selector":{"id":"application-manageresources-display-component---newResourceUnit--BASE_UNIT_OF_MEASURE","interaction":{"idSuffix":"inner"}},"clearTextFirst":true,"interactionType":"ENTER_TEXT"}]}
COMMAND: POST /session/f10bfffe94842169a26616823eaa69fd/execute/async - {"script":"<script> [1562 bytes]","args":[{"selector":{"id":"application-manageresources-display-component---newResourceUnit--WEIGHT_UNIT","interaction":{"idSuffix":"inner"}},"wdio_ui5_key":"applicationmanageresources-display-component---newResourceUnit--WEIGHT_UNIT"}]}
RESULT: {"script":"<script> [1562 bytes]","args":[{"selector":{"id":"application-manageresources-display-component---newResourceUnit--WEIGHT_UNIT","interaction":{"idSuffix":"inner"}},"wdio_ui5_key":"applicationmanageresources-display-component---newResourceUnit--WEIGHT_UNIT"}]}
RESULT: undefined
COMMAND: POST /session/f10bfffe94842169a26616823eaa69fd/execute/async - {"script":"<script> [776 bytes]","args":[{"enterText":"Gram","selector":{"id":"application-manageresources-display-component---newResourceUnit--WEIGHT_UNIT","interaction":{"idSuffix":"inner"}},"clearTextFirst":true,"interactionType":"ENTER_TEXT"}]}
RESULT: {"script":"<script> [776 bytes]","args":[{"enterText":"Gram","selector":{"id":"application-manageresources-display-component---newResourceUnit--WEIGHT_UNIT","interaction":{"idSuffix":"inner"}},"clearTextFirst":true,"interactionType":"ENTER_TEXT"}]}
COMMAND: POST /session/f10bfffe94842169a26616823eaa69fd/execute/async - {"script":"<script> [1562 bytes]","args":[{"selector":{"id":"application-manageresources-display-component---newResourceUnit--DIMENSION_UNIT","interaction":{"idSuffix":"inner"}},"wdio_ui5_key":"applicationmanageresources-display-component---newResourceUnit--DIMENSION_UNIT"}]}
RESULT: {"script":"<script> [1562 bytes]","args":[{"selector":{"id":"application-manageresources-display-component---newResourceUnit--DIMENSION_UNIT","interaction":{"idSuffix":"inner"}},"wdio_ui5_key":"applicationmanageresources-display-component---newResourceUnit--DIMENSION_UNIT"}]}
RESULT: undefined
COMMAND: POST /session/f10bfffe94842169a26616823eaa69fd/execute/async - {"script":"<script> [776 bytes]","args":[{"enterText":"Meter","selector":{"id":"application-manageresources-display-component---newResourceUnit--DIMENSION_UNIT","interaction":{"idSuffix":"inner"}},"clearTextFirst":true,"interactionType":"ENTER_TEXT"}]}
RESULT: {"script":"<script> [776 bytes]","args":[{"enterText":"Meter","selector":{"id":"application-manageresources-display-component---newResourceUnit--DIMENSION_UNIT","interaction":{"idSuffix":"inner"}},"clearTextFirst":true,"interactionType":"ENTER_TEXT"}]}
COMMAND: POST /session/f10bfffe94842169a26616823eaa69fd/execute/async - {"script":"<script> [1562 bytes]","args":[{"selector":{"id":"application-manageresources-display-component---newResourceUnit--newRRUPage-anchBar-application-manageresources-display-component---newResourceUnit--control-anchor","interaction":{"idSuffix":"BDI-content"}},"wdio_ui5_key":"applicationmanageresources-display-component---newResourceUnit--newRRUPage-anchBar-application-manageresources-display-component---newResourceUnit--control-anchor"}]}
RESULT: {"script":"<script> [1562 bytes]","args":[{"selector":{"id":"application-manageresources-display-component---newResourceUnit--newRRUPage-anchBar-application-manageresources-display-component---newResourceUnit--control-anchor","interaction":{"idSuffix":"BDI-content"}},"wdio_ui5_key":"applicationmanageresources-display-component---newResourceUnit--newRRUPage-anchBar-application-manageresources-display-component---newResourceUnit--control-anchor"}]}
RESULT: undefined
COMMAND: POST /session/f10bfffe94842169a26616823eaa69fd/element - {"using":"xpath","value":"//*[@id=\"application-manageresources-display-component---newResourceUnit--newRRUPage-anchBar-application-manageresources-display-component---newResourceUnit--control-anchor\"]"}
RESULT: {"using":"xpath","value":"//*[@id=\"application-manageresources-display-component---newResourceUnit--newRRUPage-anchBar-application-manageresources-display-component---newResourceUnit--control-anchor\"]"}
COMMAND: POST /session/f10bfffe94842169a26616823eaa69fd/element/f.B31591FEBD8AE49568014889031CF3F7.d.E75B4DED77C23904491D35DA126490C5.e.19899/click - {}
RESULT: {}
COMMAND: POST /session/f10bfffe94842169a26616823eaa69fd/execute/async - {"script":"<script> [1562 bytes]","args":[{"selector":{"id":"application-manageresources-display-component---newResourceUnit--PLANNING_GROUP","interaction":{"idSuffix":"inner"}},"wdio_ui5_key":"applicationmanageresources-display-component---newResourceUnit--PLANNING_GROUP"}]}
COMMAND: GET /session/f10bfffe94842169a26616823eaa69fd/screenshot - {}
RESULT: {"script":"<script> [1562 bytes]","args":[{"selector":{"id":"application-manageresources-display-component---newResourceUnit--PLANNING_GROUP","interaction":{"idSuffix":"inner"}},"wdio_ui5_key":"applicationmanageresources-display-component---newResourceUnit--PLANNING_GROUP"}]}
RESULT: undefined
COMMAND: POST /session/f10bfffe94842169a26616823eaa69fd/execute/async - {"script":"<script> [776 bytes]","args":[{"enterText":"Heavy Equi","selector":{"id":"application-manageresources-display-component---newResourceUnit--PLANNING_GROUP","interaction":{"idSuffix":"inner"}},"clearTextFirst":true,"interactionType":"ENTER_TEXT"}]}
RESULT: {}
RESULT: {"script":"<script> [776 bytes]","args":[{"enterText":"Heavy Equi","selector":{"id":"application-manageresources-display-component---newResourceUnit--PLANNING_GROUP","interaction":{"idSuffix":"inner"}},"clearTextFirst":true,"interactionType":"ENTER_TEXT"}]}
COMMAND: POST /session/f10bfffe94842169a26616823eaa69fd/execute/async - {"script":"<script> [1562 bytes]","args":[{"selector":{"id":"application-manageresources-display-component---newResourceUnit--ITEM_TYPE-arrow"},"wdio_ui5_key":"applicationmanageresources-display-component---newResourceUnit--ITEM_TYPE-arrow"}]}
RESULT: {"script":"<script> [1562 bytes]","args":[{"selector":{"id":"application-manageresources-display-component---newResourceUnit--ITEM_TYPE-arrow"},"wdio_ui5_key":"applicationmanageresources-display-component---newResourceUnit--ITEM_TYPE-arrow"}]}
RESULT: undefined
COMMAND: POST /session/f10bfffe94842169a26616823eaa69fd/element - {"using":"xpath","value":"//*[@id=\"application-manageresources-display-component---newResourceUnit--ITEM_TYPE-arrow\"]"}
RESULT: {"using":"xpath","value":"//*[@id=\"application-manageresources-display-component---newResourceUnit--ITEM_TYPE-arrow\"]"}
COMMAND: POST /session/f10bfffe94842169a26616823eaa69fd/element/f.B31591FEBD8AE49568014889031CF3F7.d.E75B4DED77C23904491D35DA126490C5.e.19908/click - {}
RESULT: {}
COMMAND: POST /session/f10bfffe94842169a26616823eaa69fd/element - {"using":"xpath","value":"(//span[contains(text(), \"Resource Unit\")])[2]"}
COMMAND: GET /session/f10bfffe94842169a26616823eaa69fd/screenshot - {}
RESULT: {"using":"xpath","value":"(//span[contains(text(), \"Resource Unit\")])[2]"}
COMMAND: POST /session/f10bfffe94842169a26616823eaa69fd/element/f.B31591FEBD8AE49568014889031CF3F7.d.E75B4DED77C23904491D35DA126490C5.e.19909/click - {}
RESULT: {}
RESULT: {}
COMMAND: GET /session/f10bfffe94842169a26616823eaa69fd/screenshot - {}
RESULT: {}
COMMAND: POST /session/f10bfffe94842169a26616823eaa69fd/element - {"using":"css selector","value":"#application-manageresources-display-component---newResourceUnit--btnAddTimeSegment"}
RESULT: {"using":"css selector","value":"#application-manageresources-display-component---newResourceUnit--btnAddTimeSegment"}
COMMAND: GET /session/f10bfffe94842169a26616823eaa69fd/element/f.B31591FEBD8AE49568014889031CF3F7.d.E75B4DED77C23904491D35DA126490C5.e.19910/rect - {}
RESULT: {}
COMMAND: GET /session/f10bfffe94842169a26616823eaa69fd/window/rect - {}
RESULT: {}
COMMAND: POST /session/f10bfffe94842169a26616823eaa69fd/execute/sync - {"script":"<script> [92 bytes]","args":[]}
RESULT: {"script":"<script> [92 bytes]","args":[]}
COMMAND: POST /session/f10bfffe94842169a26616823eaa69fd/actions - {"actions":[{"id":"action64","type":"wheel","parameters":{},"actions":[{"type":"scroll","x":-1888,"y":-32,"deltaX":0,"deltaY":0,"duration":0,"origin":{"element-6066-11e4-a52e-4f735466cecf":"f.B31591FEBD8AE49568014889031CF3F7.d.E75B4DED77C23904491D35DA126490C5.e.19910"}}]}]}
COMMAND: GET /session/f10bfffe94842169a26616823eaa69fd/screenshot - {}
RESULT: {}
COMMAND: POST /session/f10bfffe94842169a26616823eaa69fd/execute/sync - {"script":"<script> [79 bytes]","args":[{"element-6066-11e4-a52e-4f735466cecf":"f.B31591FEBD8AE49568014889031CF3F7.d.E75B4DED77C23904491D35DA126490C5.e.19910","ELEMENT":"f.B31591FEBD8AE49568014889031CF3F7.d.E75B4DED77C23904491D35DA126490C5.e.19910"},{"block":"start","inline":"nearest"}]}
RESULT: {"script":"<script> [79 bytes]","args":[{"element-6066-11e4-a52e-4f735466cecf":"f.B31591FEBD8AE49568014889031CF3F7.d.E75B4DED77C23904491D35DA126490C5.e.19910","ELEMENT":"f.B31591FEBD8AE49568014889031CF3F7.d.E75B4DED77C23904491D35DA126490C5.e.19910"},{"block":"start","inline":"nearest"}]}
COMMAND: POST /session/f10bfffe94842169a26616823eaa69fd/execute/async - {"script":"<script> [1562 bytes]","args":[{"selector":{"id":"application-manageresources-display-component---newResourceUnit--btnAddTimeSegment","interaction":{"idSuffix":"inner"}},"wdio_ui5_key":"applicationmanageresources-display-component---newResourceUnit--btnAddTimeSegment"}]}
COMMAND: GET /session/f10bfffe94842169a26616823eaa69fd/screenshot - {}
RESULT: {"script":"<script> [1562 bytes]","args":[{"selector":{"id":"application-manageresources-display-component---newResourceUnit--btnAddTimeSegment","interaction":{"idSuffix":"inner"}},"wdio_ui5_key":"applicationmanageresources-display-component---newResourceUnit--btnAddTimeSegment"}]}
RESULT: undefined
COMMAND: POST /session/f10bfffe94842169a26616823eaa69fd/element - {"using":"xpath","value":"//*[@id=\"application-manageresources-display-component---newResourceUnit--btnAddTimeSegment\"]"}
RESULT: {}
RESULT: {"using":"xpath","value":"//*[@id=\"application-manageresources-display-component---newResourceUnit--btnAddTimeSegment\"]"}
COMMAND: POST /session/f10bfffe94842169a26616823eaa69fd/element/f.B31591FEBD8AE49568014889031CF3F7.d.E75B4DED77C23904491D35DA126490C5.e.19910/click - {}
RESULT: {}
COMMAND: GET /session/f10bfffe94842169a26616823eaa69fd/screenshot - {}
RESULT: {}
COMMAND: POST /session/f10bfffe94842169a26616823eaa69fd/element - {"using":"xpath","value":"//input[@id=\"application-manageresources-display-component---newResourceUnit--idRuTSAdmin-application-manageresources-display-component---newResourceUnit--RUTimeSegment-0-inner\"]"}
RESULT: {"using":"xpath","value":"//input[@id=\"application-manageresources-display-component---newResourceUnit--idRuTSAdmin-application-manageresources-display-component---newResourceUnit--RUTimeSegment-0-inner\"]"}
COMMAND: POST /session/f10bfffe94842169a26616823eaa69fd/element/f.B31591FEBD8AE49568014889031CF3F7.d.E75B4DED77C23904491D35DA126490C5.e.19916/clear - {}
RESULT: {}
COMMAND: POST /session/f10bfffe94842169a26616823eaa69fd/element/f.B31591FEBD8AE49568014889031CF3F7.d.E75B4DED77C23904491D35DA126490C5.e.19916/value - {"text":"571"}
COMMAND: GET /session/f10bfffe94842169a26616823eaa69fd/screenshot - {}
RESULT: {"text":"571"}
COMMAND: GET /session/f10bfffe94842169a26616823eaa69fd/screenshot - {}
RESULT: {}
RESULT: {}
COMMAND: POST /session/f10bfffe94842169a26616823eaa69fd/element - {"using":"xpath","value":"//li[.//span[text()='571']]"}
RESULT: {"using":"xpath","value":"//li[.//span[text()='571']]"}
COMMAND: POST /session/f10bfffe94842169a26616823eaa69fd/element/f.B31591FEBD8AE49568014889031CF3F7.d.E75B4DED77C23904491D35DA126490C5.e.19928/click - {}
RESULT: {}
COMMAND: GET /session/f10bfffe94842169a26616823eaa69fd/screenshot - {}
RESULT: {}
COMMAND: POST /session/f10bfffe94842169a26616823eaa69fd/element - {"using":"xpath","value":"(//span[contains(@id, \"-application-manageresources-display-component---newResourceUnit--RUTimeSegment-0-arrow\")])[6]"}
RESULT: {"using":"xpath","value":"(//span[contains(@id, \"-application-manageresources-display-component---newResourceUnit--RUTimeSegment-0-arrow\")])[6]"}
COMMAND: POST /session/f10bfffe94842169a26616823eaa69fd/element/f.B31591FEBD8AE49568014889031CF3F7.d.E75B4DED77C23904491D35DA126490C5.e.19929/click - {}
RESULT: {}
COMMAND: POST /session/f10bfffe94842169a26616823eaa69fd/element - {"using":"xpath","value":"//span[contains(text(), \"PM Order\")]"}
COMMAND: GET /session/f10bfffe94842169a26616823eaa69fd/screenshot - {}
RESULT: {"using":"xpath","value":"//span[contains(text(), \"PM Order\")]"}
COMMAND: POST /session/f10bfffe94842169a26616823eaa69fd/element/f.B31591FEBD8AE49568014889031CF3F7.d.E75B4DED77C23904491D35DA126490C5.e.19932/click - {}
RESULT: {}
RESULT: {}
COMMAND: GET /session/f10bfffe94842169a26616823eaa69fd/screenshot - {}
RESULT: {}
COMMAND: POST /session/f10bfffe94842169a26616823eaa69fd/element - {"using":"xpath","value":"(//span[contains(@id ,\"manageresources-display-component---newResourceUnit--RUTimeSegment-0-vhi\")])[2]"}
RESULT: {"using":"xpath","value":"(//span[contains(@id ,\"manageresources-display-component---newResourceUnit--RUTimeSegment-0-vhi\")])[2]"}
COMMAND: POST /session/f10bfffe94842169a26616823eaa69fd/element/f.B31591FEBD8AE49568014889031CF3F7.d.E75B4DED77C23904491D35DA126490C5.e.19935/click - {}
RESULT: {}
COMMAND: GET /session/f10bfffe94842169a26616823eaa69fd/screenshot - {}
RESULT: {}
COMMAND: POST /session/f10bfffe94842169a26616823eaa69fd/execute/async - {"script":"<script> [1562 bytes]","args":[{"selector":{"controlType":"sap.m.SearchField","properties":{"placeholder":"Search"},"searchOpenDialogs":true,"interaction":{"idSuffix":"I"}},"wdio_ui5_key":"sapm.SearchField{\"placeholder\":\"Search\"}"}]}
RESULT: {"script":"<script> [1562 bytes]","args":[{"selector":{"controlType":"sap.m.SearchField","properties":{"placeholder":"Search"},"searchOpenDialogs":true,"interaction":{"idSuffix":"I"}},"wdio_ui5_key":"sapm.SearchField{\"placeholder\":\"Search\"}"}]}
RESULT: undefined
COMMAND: POST /session/f10bfffe94842169a26616823eaa69fd/execute/async - {"script":"<script> [776 bytes]","args":[{"enterText":"4000360","selector":{"controlType":"sap.m.SearchField","properties":{"placeholder":"Search"},"searchOpenDialogs":true,"interaction":{"idSuffix":"I"}},"clearTextFirst":true,"interactionType":"ENTER_TEXT"}]}
RESULT: {"script":"<script> [776 bytes]","args":[{"enterText":"4000360","selector":{"controlType":"sap.m.SearchField","properties":{"placeholder":"Search"},"searchOpenDialogs":true,"interaction":{"idSuffix":"I"}},"clearTextFirst":true,"interactionType":"ENTER_TEXT"}]}
COMMAND: POST /session/f10bfffe94842169a26616823eaa69fd/actions - {"actions":[{"id":"action65","type":"key","parameters":{},"actions":[{"type":"keyDown","value":""},{"type":"pause","duration":10},{"type":"keyUp","value":""}]}]}
RESULT: {"actions":[{"id":"action65","type":"key","parameters":{},"actions":[{"type":"keyDown","value":""},{"type":"pause","duration":10},{"type":"keyUp","value":""}]}]}
COMMAND: GET /session/f10bfffe94842169a26616823eaa69fd/screenshot - {}
RESULT: {}
COMMAND: POST /session/f10bfffe94842169a26616823eaa69fd/element - {"using":"xpath","value":"//td/div/span[contains(text(), \"BGL Vehicles\")]"}
RESULT: {"using":"xpath","value":"//td/div/span[contains(text(), \"BGL Vehicles\")]"}
COMMAND: POST /session/f10bfffe94842169a26616823eaa69fd/element/f.B31591FEBD8AE49568014889031CF3F7.d.E75B4DED77C23904491D35DA126490C5.e.19957/click - {}
RESULT: {}
COMMAND: GET /session/f10bfffe94842169a26616823eaa69fd/screenshot - {}
RESULT: {}
COMMAND: POST /session/f10bfffe94842169a26616823eaa69fd/element - {"using":"xpath","value":"//bdi[contains(text(), \"OK\")]"}
RESULT: {"using":"xpath","value":"//bdi[contains(text(), \"OK\")]"}
COMMAND: POST /session/f10bfffe94842169a26616823eaa69fd/element/f.B31591FEBD8AE49568014889031CF3F7.d.E75B4DED77C23904491D35DA126490C5.e.19958/click - {}
RESULT: {}
COMMAND: GET /session/f10bfffe94842169a26616823eaa69fd/screenshot - {}
RESULT: {}
COMMAND: POST /session/f10bfffe94842169a26616823eaa69fd/execute/async - {"script":"<script> [1562 bytes]","args":[{"selector":{"id":"application-manageresources-display-component---newResourceUnit--newRRUPage-anchBar-application-manageresources-display-component---newResourceUnit--resource-anchor","interaction":{"idSuffix":"BDI-content"}},"wdio_ui5_key":"applicationmanageresources-display-component---newResourceUnit--newRRUPage-anchBar-application-manageresources-display-component---newResourceUnit--resource-anchor"}]}
RESULT: {"script":"<script> [1562 bytes]","args":[{"selector":{"id":"application-manageresources-display-component---newResourceUnit--newRRUPage-anchBar-application-manageresources-display-component---newResourceUnit--resource-anchor","interaction":{"idSuffix":"BDI-content"}},"wdio_ui5_key":"applicationmanageresources-display-component---newResourceUnit--newRRUPage-anchBar-application-manageresources-display-component---newResourceUnit--resource-anchor"}]}
RESULT: undefined
COMMAND: POST /session/f10bfffe94842169a26616823eaa69fd/element - {"using":"xpath","value":"//*[@id=\"application-manageresources-display-component---newResourceUnit--newRRUPage-anchBar-application-manageresources-display-component---newResourceUnit--resource-anchor\"]"}
RESULT: {"using":"xpath","value":"//*[@id=\"application-manageresources-display-component---newResourceUnit--newRRUPage-anchBar-application-manageresources-display-component---newResourceUnit--resource-anchor\"]"}
COMMAND: POST /session/f10bfffe94842169a26616823eaa69fd/element/f.B31591FEBD8AE49568014889031CF3F7.d.E75B4DED77C23904491D35DA126490C5.e.19962/click - {}
RESULT: {}
COMMAND: POST /session/f10bfffe94842169a26616823eaa69fd/execute/async - {"script":"<script> [1562 bytes]","args":[{"selector":{"id":"application-manageresources-display-component---newResourceUnit--PLANNED_DELIVERY_DATE","interaction":{"idSuffix":"inner"}},"wdio_ui5_key":"applicationmanageresources-display-component---newResourceUnit--PLANNED_DELIVERY_DATE"}]}
COMMAND: GET /session/f10bfffe94842169a26616823eaa69fd/screenshot - {}
RESULT: {"script":"<script> [1562 bytes]","args":[{"selector":{"id":"application-manageresources-display-component---newResourceUnit--PLANNED_DELIVERY_DATE","interaction":{"idSuffix":"inner"}},"wdio_ui5_key":"applicationmanageresources-display-component---newResourceUnit--PLANNED_DELIVERY_DATE"}]}
RESULT: undefined
COMMAND: POST /session/f10bfffe94842169a26616823eaa69fd/execute/async - {"script":"<script> [6424 bytes]","args":[{"element-6066-11e4-a52e-4f735466cecf":"f.B31591FEBD8AE49568014889031CF3F7.d.E75B4DED77C23904491D35DA126490C5.e.19822"},"setValue",["4/18/25"]]}
RESULT: {}
RESULT: {"script":"<script> [6424 bytes]","args":[{"element-6066-11e4-a52e-4f735466cecf":"f.B31591FEBD8AE49568014889031CF3F7.d.E75B4DED77C23904491D35DA126490C5.e.19822"},"setValue",["4/18/25"]]}
COMMAND: POST /session/f10bfffe94842169a26616823eaa69fd/element - {"using":"xpath","value":"//button[@data-kt=\"resourceUnitSaveButton\"]"}
RESULT: {"using":"xpath","value":"//button[@data-kt=\"resourceUnitSaveButton\"]"}
COMMAND: POST /session/f10bfffe94842169a26616823eaa69fd/element/f.B31591FEBD8AE49568014889031CF3F7.d.E75B4DED77C23904491D35DA126490C5.e.19782/click - {}
RESULT: {}
COMMAND: GET /session/f10bfffe94842169a26616823eaa69fd/screenshot - {}
RESULT: {}
COMMAND: POST /session/f10bfffe94842169a26616823eaa69fd/element - {"using":"xpath","value":"//bdi[contains(text(), \"Close\")]"}
RESULT: {"using":"xpath","value":"//bdi[contains(text(), \"Close\")]"}
COMMAND: POST /session/f10bfffe94842169a26616823eaa69fd/element/f.B31591FEBD8AE49568014889031CF3F7.d.E75B4DED77C23904491D35DA126490C5.e.19971/click - {}
RESULT: {}
COMMAND: GET /session/f10bfffe94842169a26616823eaa69fd/screenshot - {}
RESULT: {}
COMMAND: POST /session/f10bfffe94842169a26616823eaa69fd/element - {"using":"xpath","value":"(//button[contains(@id ,\"actionsToolbar-overflowButton\")])[1]"}
RESULT: {"using":"xpath","value":"(//button[contains(@id ,\"actionsToolbar-overflowButton\")])[1]"}
COMMAND: POST /session/f10bfffe94842169a26616823eaa69fd/element/f.B31591FEBD8AE49568014889031CF3F7.d.E75B4DED77C23904491D35DA126490C5.e.20001/click - {}
RESULT: {}
COMMAND: GET /session/f10bfffe94842169a26616823eaa69fd/screenshot - {}
RESULT: {}
COMMAND: POST /session/f10bfffe94842169a26616823eaa69fd/element - {"using":"xpath","value":"//button[@data-kt=\"priceInfoButton\"]"}
RESULT: {"using":"xpath","value":"//button[@data-kt=\"priceInfoButton\"]"}
COMMAND: POST /session/f10bfffe94842169a26616823eaa69fd/element/f.B31591FEBD8AE49568014889031CF3F7.d.E75B4DED77C23904491D35DA126490C5.e.20003/click - {}
RESULT: {}
COMMAND: GET /session/f10bfffe94842169a26616823eaa69fd/screenshot - {}
]]></system-out>
    </testcase>
    <testcase classname="chrome.135_0_7049_42.windows.Billing_Calculation_-_Time_based_(considering_transport_times)_US139738" name="Should create new pricing rule for 1st equipment" time="52.865">
      <system-out><![CDATA[
COMMAND: POST /session/f10bfffe94842169a26616823eaa69fd/element - {"using":"xpath","value":"//button[@data-kt=\"addButton\"]"}
RESULT: {}
RESULT: {"using":"xpath","value":"//button[@data-kt=\"addButton\"]"}
COMMAND: POST /session/f10bfffe94842169a26616823eaa69fd/elements - {"using":"xpath","value":"//button[@data-kt=\"addButton\"]"}
RESULT: {"using":"xpath","value":"//button[@data-kt=\"addButton\"]"}
COMMAND: POST /session/f10bfffe94842169a26616823eaa69fd/execute/sync - {"script":"<script> [8489 bytes]","args":[{"element-6066-11e4-a52e-4f735466cecf":"f.B31591FEBD8AE49568014889031CF3F7.d.E75B4DED77C23904491D35DA126490C5.e.20043","ELEMENT":"f.B31591FEBD8AE49568014889031CF3F7.d.E75B4DED77C23904491D35DA126490C5.e.20043"}]}
RESULT: {"script":"<script> [8489 bytes]","args":[{"element-6066-11e4-a52e-4f735466cecf":"f.B31591FEBD8AE49568014889031CF3F7.d.E75B4DED77C23904491D35DA126490C5.e.20043","ELEMENT":"f.B31591FEBD8AE49568014889031CF3F7.d.E75B4DED77C23904491D35DA126490C5.e.20043"}]}
COMMAND: GET /session/f10bfffe94842169a26616823eaa69fd/element/f.B31591FEBD8AE49568014889031CF3F7.d.E75B4DED77C23904491D35DA126490C5.e.20043/enabled - {}
COMMAND: GET /session/f10bfffe94842169a26616823eaa69fd/screenshot - {}
RESULT: {}
COMMAND: POST /session/f10bfffe94842169a26616823eaa69fd/execute/sync - {"script":"<script> [8489 bytes]","args":[{"element-6066-11e4-a52e-4f735466cecf":"f.B31591FEBD8AE49568014889031CF3F7.d.E75B4DED77C23904491D35DA126490C5.e.20043","ELEMENT":"f.B31591FEBD8AE49568014889031CF3F7.d.E75B4DED77C23904491D35DA126490C5.e.20043"}]}
COMMAND: GET /session/f10bfffe94842169a26616823eaa69fd/screenshot - {}
RESULT: {}
RESULT: {"script":"<script> [8489 bytes]","args":[{"element-6066-11e4-a52e-4f735466cecf":"f.B31591FEBD8AE49568014889031CF3F7.d.E75B4DED77C23904491D35DA126490C5.e.20043","ELEMENT":"f.B31591FEBD8AE49568014889031CF3F7.d.E75B4DED77C23904491D35DA126490C5.e.20043"}]}
COMMAND: POST /session/f10bfffe94842169a26616823eaa69fd/execute/sync - {"script":"<script> [5351 bytes]","args":[{"element-6066-11e4-a52e-4f735466cecf":"f.B31591FEBD8AE49568014889031CF3F7.d.E75B4DED77C23904491D35DA126490C5.e.20043","ELEMENT":"f.B31591FEBD8AE49568014889031CF3F7.d.E75B4DED77C23904491D35DA126490C5.e.20043"}]}
COMMAND: GET /session/f10bfffe94842169a26616823eaa69fd/screenshot - {}
RESULT: {}
RESULT: {"script":"<script> [5351 bytes]","args":[{"element-6066-11e4-a52e-4f735466cecf":"f.B31591FEBD8AE49568014889031CF3F7.d.E75B4DED77C23904491D35DA126490C5.e.20043","ELEMENT":"f.B31591FEBD8AE49568014889031CF3F7.d.E75B4DED77C23904491D35DA126490C5.e.20043"}]}
COMMAND: POST /session/f10bfffe94842169a26616823eaa69fd/element/f.B31591FEBD8AE49568014889031CF3F7.d.E75B4DED77C23904491D35DA126490C5.e.20043/click - {}
COMMAND: GET /session/f10bfffe94842169a26616823eaa69fd/screenshot - {}
RESULT: {}
RESULT: {}
COMMAND: GET /session/f10bfffe94842169a26616823eaa69fd/screenshot - {}
RESULT: {}
RESULT: {}
COMMAND: POST /session/f10bfffe94842169a26616823eaa69fd/execute/async - {"script":"<script> [1562 bytes]","args":[{"selector":{"controlType":"sap.m.Title","viewName":"etm.portal.ui.managepricingrules.view.NewItem","viewId":"application-managepricingrules-display-component---newInfoPriceItem","properties":{"text":"New Pricing Rules - Item Level"}},"wdio_ui5_key":"etmportal.ui.managepricingrules.view.NewItemsap.m.Title{\"text\":\"New Pricing Rules - Item Level\"}"}]}
RESULT: {"script":"<script> [1562 bytes]","args":[{"selector":{"controlType":"sap.m.Title","viewName":"etm.portal.ui.managepricingrules.view.NewItem","viewId":"application-managepricingrules-display-component---newInfoPriceItem","properties":{"text":"New Pricing Rules - Item Level"}},"wdio_ui5_key":"etmportal.ui.managepricingrules.view.NewItemsap.m.Title{\"text\":\"New Pricing Rules - Item Level\"}"}]}
RESULT: undefined
COMMAND: POST /session/f10bfffe94842169a26616823eaa69fd/execute/async - {"script":"<script> [6424 bytes]","args":[{"element-6066-11e4-a52e-4f735466cecf":"f.B31591FEBD8AE49568014889031CF3F7.d.E75B4DED77C23904491D35DA126490C5.e.20116"},"getText",[]]}
RESULT: {"script":"<script> [6424 bytes]","args":[{"element-6066-11e4-a52e-4f735466cecf":"f.B31591FEBD8AE49568014889031CF3F7.d.E75B4DED77C23904491D35DA126490C5.e.20116"},"getText",[]]}
COMMAND: POST /session/f10bfffe94842169a26616823eaa69fd/execute/async - {"script":"<script> [1562 bytes]","args":[{"selector":{"id":"application-managepricingrules-display-component---newInfoPriceItem--condValidTo","interaction":{"idSuffix":"inner"}},"wdio_ui5_key":"applicationmanagepricingrules-display-component---newInfoPriceItem--condValidTo"}]}
RESULT: {"script":"<script> [1562 bytes]","args":[{"selector":{"id":"application-managepricingrules-display-component---newInfoPriceItem--condValidTo","interaction":{"idSuffix":"inner"}},"wdio_ui5_key":"applicationmanagepricingrules-display-component---newInfoPriceItem--condValidTo"}]}
RESULT: undefined
COMMAND: POST /session/f10bfffe94842169a26616823eaa69fd/execute/async - {"script":"<script> [776 bytes]","args":[{"enterText":"12/18/25","selector":{"id":"application-managepricingrules-display-component---newInfoPriceItem--condValidTo","interaction":{"idSuffix":"inner"}},"clearTextFirst":true,"interactionType":"ENTER_TEXT"}]}
RESULT: {"script":"<script> [776 bytes]","args":[{"enterText":"12/18/25","selector":{"id":"application-managepricingrules-display-component---newInfoPriceItem--condValidTo","interaction":{"idSuffix":"inner"}},"clearTextFirst":true,"interactionType":"ENTER_TEXT"}]}
COMMAND: POST /session/f10bfffe94842169a26616823eaa69fd/execute/async - {"script":"<script> [1562 bytes]","args":[{"selector":{"id":"application-managepricingrules-display-component---newInfoPriceItem--billType-arrow"},"wdio_ui5_key":"applicationmanagepricingrules-display-component---newInfoPriceItem--billType-arrow"}]}
RESULT: {"script":"<script> [1562 bytes]","args":[{"selector":{"id":"application-managepricingrules-display-component---newInfoPriceItem--billType-arrow"},"wdio_ui5_key":"applicationmanagepricingrules-display-component---newInfoPriceItem--billType-arrow"}]}
RESULT: undefined
COMMAND: POST /session/f10bfffe94842169a26616823eaa69fd/element - {"using":"xpath","value":"//*[@id=\"application-managepricingrules-display-component---newInfoPriceItem--billType-arrow\"]"}
RESULT: {"using":"xpath","value":"//*[@id=\"application-managepricingrules-display-component---newInfoPriceItem--billType-arrow\"]"}
COMMAND: POST /session/f10bfffe94842169a26616823eaa69fd/element/f.B31591FEBD8AE49568014889031CF3F7.d.E75B4DED77C23904491D35DA126490C5.e.20173/click - {}
RESULT: {}
COMMAND: POST /session/f10bfffe94842169a26616823eaa69fd/element - {"using":"xpath","value":"//span[contains(text(), \"TB - Time based\")]"}
COMMAND: GET /session/f10bfffe94842169a26616823eaa69fd/screenshot - {}
RESULT: {"using":"xpath","value":"//span[contains(text(), \"TB - Time based\")]"}
COMMAND: POST /session/f10bfffe94842169a26616823eaa69fd/element/f.B31591FEBD8AE49568014889031CF3F7.d.E75B4DED77C23904491D35DA126490C5.e.20215/click - {}
RESULT: {}
RESULT: {}
COMMAND: POST /session/f10bfffe94842169a26616823eaa69fd/execute/async - {"script":"<script> [1562 bytes]","args":[{"selector":{"id":"application-managepricingrules-display-component---newInfoPriceItem--priceProc-arrow"},"wdio_ui5_key":"applicationmanagepricingrules-display-component---newInfoPriceItem--priceProc-arrow"}]}
COMMAND: GET /session/f10bfffe94842169a26616823eaa69fd/screenshot - {}
RESULT: {"script":"<script> [1562 bytes]","args":[{"selector":{"id":"application-managepricingrules-display-component---newInfoPriceItem--priceProc-arrow"},"wdio_ui5_key":"applicationmanagepricingrules-display-component---newInfoPriceItem--priceProc-arrow"}]}
RESULT: undefined
COMMAND: POST /session/f10bfffe94842169a26616823eaa69fd/element - {"using":"xpath","value":"//*[@id=\"application-managepricingrules-display-component---newInfoPriceItem--priceProc-arrow\"]"}
RESULT: {}
RESULT: {"using":"xpath","value":"//*[@id=\"application-managepricingrules-display-component---newInfoPriceItem--priceProc-arrow\"]"}
COMMAND: POST /session/f10bfffe94842169a26616823eaa69fd/element/f.B31591FEBD8AE49568014889031CF3F7.d.E75B4DED77C23904491D35DA126490C5.e.20180/click - {}
RESULT: {}
COMMAND: POST /session/f10bfffe94842169a26616823eaa69fd/element - {"using":"xpath","value":"//span[contains(text(), \"TBS - Time based standard\")]"}
COMMAND: GET /session/f10bfffe94842169a26616823eaa69fd/screenshot - {}
RESULT: {"using":"xpath","value":"//span[contains(text(), \"TBS - Time based standard\")]"}
COMMAND: POST /session/f10bfffe94842169a26616823eaa69fd/element/f.B31591FEBD8AE49568014889031CF3F7.d.E75B4DED77C23904491D35DA126490C5.e.20216/click - {}
RESULT: {}
RESULT: {}
COMMAND: POST /session/f10bfffe94842169a26616823eaa69fd/execute/async - {"script":"<script> [1562 bytes]","args":[{"selector":{"id":"application-managepricingrules-display-component---newInfoPriceItem--calcBase-arrow"},"wdio_ui5_key":"applicationmanagepricingrules-display-component---newInfoPriceItem--calcBase-arrow"}]}
COMMAND: GET /session/f10bfffe94842169a26616823eaa69fd/screenshot - {}
RESULT: {"script":"<script> [1562 bytes]","args":[{"selector":{"id":"application-managepricingrules-display-component---newInfoPriceItem--calcBase-arrow"},"wdio_ui5_key":"applicationmanagepricingrules-display-component---newInfoPriceItem--calcBase-arrow"}]}
RESULT: undefined
COMMAND: POST /session/f10bfffe94842169a26616823eaa69fd/element - {"using":"xpath","value":"//*[@id=\"application-managepricingrules-display-component---newInfoPriceItem--calcBase-arrow\"]"}
RESULT: {}
RESULT: {"using":"xpath","value":"//*[@id=\"application-managepricingrules-display-component---newInfoPriceItem--calcBase-arrow\"]"}
COMMAND: POST /session/f10bfffe94842169a26616823eaa69fd/element/f.B31591FEBD8AE49568014889031CF3F7.d.E75B4DED77C23904491D35DA126490C5.e.20187/click - {}
RESULT: {}
COMMAND: GET /session/f10bfffe94842169a26616823eaa69fd/screenshot - {}
RESULT: {}
COMMAND: POST /session/f10bfffe94842169a26616823eaa69fd/element - {"using":"xpath","value":"//span[contains(text(), \"0006 - TB(calendar days)\")]"}
RESULT: {"using":"xpath","value":"//span[contains(text(), \"0006 - TB(calendar days)\")]"}
COMMAND: POST /session/f10bfffe94842169a26616823eaa69fd/element/f.B31591FEBD8AE49568014889031CF3F7.d.E75B4DED77C23904491D35DA126490C5.e.20217/click - {}
RESULT: {}
COMMAND: GET /session/f10bfffe94842169a26616823eaa69fd/screenshot - {}
RESULT: {}
COMMAND: POST /session/f10bfffe94842169a26616823eaa69fd/execute/async - {"script":"<script> [1562 bytes]","args":[{"selector":{"id":"application-managepricingrules-display-component---newInfoPriceItem--daysMonth","interaction":{"idSuffix":"inner"}},"wdio_ui5_key":"applicationmanagepricingrules-display-component---newInfoPriceItem--daysMonth"}]}
RESULT: {"script":"<script> [1562 bytes]","args":[{"selector":{"id":"application-managepricingrules-display-component---newInfoPriceItem--daysMonth","interaction":{"idSuffix":"inner"}},"wdio_ui5_key":"applicationmanagepricingrules-display-component---newInfoPriceItem--daysMonth"}]}
RESULT: undefined
COMMAND: POST /session/f10bfffe94842169a26616823eaa69fd/execute/async - {"script":"<script> [776 bytes]","args":[{"enterText":"30","selector":{"id":"application-managepricingrules-display-component---newInfoPriceItem--daysMonth","interaction":{"idSuffix":"inner"}},"clearTextFirst":true,"interactionType":"ENTER_TEXT"}]}
RESULT: {"script":"<script> [776 bytes]","args":[{"enterText":"30","selector":{"id":"application-managepricingrules-display-component---newInfoPriceItem--daysMonth","interaction":{"idSuffix":"inner"}},"clearTextFirst":true,"interactionType":"ENTER_TEXT"}]}
COMMAND: POST /session/f10bfffe94842169a26616823eaa69fd/element - {"using":"xpath","value":"//button[@data-kt=\"saveNewRuleButton\"]"}
RESULT: {"using":"xpath","value":"//button[@data-kt=\"saveNewRuleButton\"]"}
COMMAND: POST /session/f10bfffe94842169a26616823eaa69fd/element/f.B31591FEBD8AE49568014889031CF3F7.d.E75B4DED77C23904491D35DA126490C5.e.20208/click - {}
RESULT: {}
COMMAND: GET /session/f10bfffe94842169a26616823eaa69fd/screenshot - {}
RESULT: {}
COMMAND: POST /session/f10bfffe94842169a26616823eaa69fd/execute/async - {"script":"<script> [1562 bytes]","args":[{"selector":{"id":"application-managepricingrules-display-component---priceInfoItem--smartFilterBar-btnBasicSearch","interaction":{"idSuffix":"I"}},"wdio_ui5_key":"applicationmanagepricingrules-display-component---priceInfoItem--smartFilterBar-btnBasicSearch"}]}
RESULT: {"script":"<script> [1562 bytes]","args":[{"selector":{"id":"application-managepricingrules-display-component---priceInfoItem--smartFilterBar-btnBasicSearch","interaction":{"idSuffix":"I"}},"wdio_ui5_key":"applicationmanagepricingrules-display-component---priceInfoItem--smartFilterBar-btnBasicSearch"}]}
RESULT: undefined
COMMAND: POST /session/f10bfffe94842169a26616823eaa69fd/execute/async - {"script":"<script> [776 bytes]","args":[{"enterText":"b81lxQmJQ6","selector":{"id":"application-managepricingrules-display-component---priceInfoItem--smartFilterBar-btnBasicSearch","interaction":{"idSuffix":"I"}},"clearTextFirst":true,"interactionType":"ENTER_TEXT"}]}
RESULT: {"script":"<script> [776 bytes]","args":[{"enterText":"b81lxQmJQ6","selector":{"id":"application-managepricingrules-display-component---priceInfoItem--smartFilterBar-btnBasicSearch","interaction":{"idSuffix":"I"}},"clearTextFirst":true,"interactionType":"ENTER_TEXT"}]}
COMMAND: POST /session/f10bfffe94842169a26616823eaa69fd/actions - {"actions":[{"id":"action66","type":"key","parameters":{},"actions":[{"type":"keyDown","value":""},{"type":"pause","duration":10},{"type":"keyUp","value":""}]}]}
RESULT: {"actions":[{"id":"action66","type":"key","parameters":{},"actions":[{"type":"keyDown","value":""},{"type":"pause","duration":10},{"type":"keyUp","value":""}]}]}
COMMAND: GET /session/f10bfffe94842169a26616823eaa69fd/screenshot - {}
RESULT: {}
COMMAND: POST /session/f10bfffe94842169a26616823eaa69fd/element - {"using":"xpath","value":"//span[@id=\"application-managepricingrules-display-component---priceInfoItem--smartTable-header-inner\"]"}
RESULT: {"using":"xpath","value":"//span[@id=\"application-managepricingrules-display-component---priceInfoItem--smartTable-header-inner\"]"}
COMMAND: POST /session/f10bfffe94842169a26616823eaa69fd/elements - {"using":"xpath","value":"//span[@id=\"application-managepricingrules-display-component---priceInfoItem--smartTable-header-inner\"]"}
RESULT: {"using":"xpath","value":"//span[@id=\"application-managepricingrules-display-component---priceInfoItem--smartTable-header-inner\"]"}
COMMAND: POST /session/f10bfffe94842169a26616823eaa69fd/execute/sync - {"script":"<script> [56 bytes]","args":[{"element-6066-11e4-a52e-4f735466cecf":"f.B31591FEBD8AE49568014889031CF3F7.d.E75B4DED77C23904491D35DA126490C5.e.20242","ELEMENT":"f.B31591FEBD8AE49568014889031CF3F7.d.E75B4DED77C23904491D35DA126490C5.e.20242"}]}
RESULT: {"script":"<script> [56 bytes]","args":[{"element-6066-11e4-a52e-4f735466cecf":"f.B31591FEBD8AE49568014889031CF3F7.d.E75B4DED77C23904491D35DA126490C5.e.20242","ELEMENT":"f.B31591FEBD8AE49568014889031CF3F7.d.E75B4DED77C23904491D35DA126490C5.e.20242"}]}
COMMAND: POST /session/f10bfffe94842169a26616823eaa69fd/element - {"using":"css selector","value":"#shell-header-logo"}
COMMAND: GET /session/f10bfffe94842169a26616823eaa69fd/screenshot - {}
RESULT: {"using":"css selector","value":"#shell-header-logo"}
COMMAND: POST /session/f10bfffe94842169a26616823eaa69fd/element/f.B31591FEBD8AE49568014889031CF3F7.d.E75B4DED77C23904491D35DA126490C5.e.19324/click - {}
RESULT: {}
RESULT: {}
COMMAND: GET /session/f10bfffe94842169a26616823eaa69fd/screenshot - {}
RESULT: {}
]]></system-out>
    </testcase>
    <testcase classname="chrome.135_0_7049_42.windows.Billing_Calculation_-_Time_based_(considering_transport_times)_US139738" name="Should create new pricing condition for 1st equipment" time="67.789">
      <system-out><![CDATA[
COMMAND: POST /session/f10bfffe94842169a26616823eaa69fd/execute/async - {"script":"<script> [1562 bytes]","args":[{"selector":{"controlType":"sap.m.Text","properties":{"text":"Manage Conditions & Prices"},"interaction":{"idSuffix":"inner"}},"wdio_ui5_key":"sapm.Text{\"text\":\"Manage Conditions & Prices\"}"}]}
RESULT: {"script":"<script> [1562 bytes]","args":[{"selector":{"controlType":"sap.m.Text","properties":{"text":"Manage Conditions & Prices"},"interaction":{"idSuffix":"inner"}},"wdio_ui5_key":"sapm.Text{\"text\":\"Manage Conditions & Prices\"}"}]}
RESULT: undefined
COMMAND: POST /session/f10bfffe94842169a26616823eaa69fd/element - {"using":"xpath","value":"//*[@id=\"__tile53-title\"]"}
RESULT: {"using":"xpath","value":"//*[@id=\"__tile53-title\"]"}
COMMAND: POST /session/f10bfffe94842169a26616823eaa69fd/element/f.B31591FEBD8AE49568014889031CF3F7.d.E75B4DED77C23904491D35DA126490C5.e.20245/click - {}
RESULT: {}
COMMAND: POST /session/f10bfffe94842169a26616823eaa69fd/element - {"using":"xpath","value":"//button[@aria-label=\"Create\"]"}
COMMAND: GET /session/f10bfffe94842169a26616823eaa69fd/screenshot - {}
RESULT: {"using":"xpath","value":"//button[@aria-label=\"Create\"]"}
COMMAND: POST /session/f10bfffe94842169a26616823eaa69fd/elements - {"using":"xpath","value":"//button[@aria-label=\"Create\"]"}
RESULT: {}
RESULT: {"using":"xpath","value":"//button[@aria-label=\"Create\"]"}
COMMAND: POST /session/f10bfffe94842169a26616823eaa69fd/elements - {"using":"xpath","value":"//button[@aria-label=\"Create\"]"}
RESULT: {"using":"xpath","value":"//button[@aria-label=\"Create\"]"}
COMMAND: POST /session/f10bfffe94842169a26616823eaa69fd/elements - {"using":"xpath","value":"//button[@aria-label=\"Create\"]"}
RESULT: {"using":"xpath","value":"//button[@aria-label=\"Create\"]"}
COMMAND: POST /session/f10bfffe94842169a26616823eaa69fd/elements - {"using":"xpath","value":"//button[@aria-label=\"Create\"]"}
RESULT: {"using":"xpath","value":"//button[@aria-label=\"Create\"]"}
COMMAND: POST /session/f10bfffe94842169a26616823eaa69fd/elements - {"using":"xpath","value":"//button[@aria-label=\"Create\"]"}
RESULT: {"using":"xpath","value":"//button[@aria-label=\"Create\"]"}
COMMAND: POST /session/f10bfffe94842169a26616823eaa69fd/element - {"using":"xpath","value":"//button[@aria-label=\"Create\"]"}
RESULT: {"using":"xpath","value":"//button[@aria-label=\"Create\"]"}
COMMAND: POST /session/f10bfffe94842169a26616823eaa69fd/execute/sync - {"script":"<script> [8489 bytes]","args":[{"element-6066-11e4-a52e-4f735466cecf":"f.B31591FEBD8AE49568014889031CF3F7.d.E75B4DED77C23904491D35DA126490C5.e.20279","ELEMENT":"f.B31591FEBD8AE49568014889031CF3F7.d.E75B4DED77C23904491D35DA126490C5.e.20279"}]}
RESULT: {"script":"<script> [8489 bytes]","args":[{"element-6066-11e4-a52e-4f735466cecf":"f.B31591FEBD8AE49568014889031CF3F7.d.E75B4DED77C23904491D35DA126490C5.e.20279","ELEMENT":"f.B31591FEBD8AE49568014889031CF3F7.d.E75B4DED77C23904491D35DA126490C5.e.20279"}]}
COMMAND: GET /session/f10bfffe94842169a26616823eaa69fd/element/f.B31591FEBD8AE49568014889031CF3F7.d.E75B4DED77C23904491D35DA126490C5.e.20279/enabled - {}
COMMAND: GET /session/f10bfffe94842169a26616823eaa69fd/screenshot - {}
RESULT: {}
COMMAND: POST /session/f10bfffe94842169a26616823eaa69fd/execute/sync - {"script":"<script> [8489 bytes]","args":[{"element-6066-11e4-a52e-4f735466cecf":"f.B31591FEBD8AE49568014889031CF3F7.d.E75B4DED77C23904491D35DA126490C5.e.20279","ELEMENT":"f.B31591FEBD8AE49568014889031CF3F7.d.E75B4DED77C23904491D35DA126490C5.e.20279"}]}
COMMAND: GET /session/f10bfffe94842169a26616823eaa69fd/screenshot - {}
RESULT: {}
RESULT: {"script":"<script> [8489 bytes]","args":[{"element-6066-11e4-a52e-4f735466cecf":"f.B31591FEBD8AE49568014889031CF3F7.d.E75B4DED77C23904491D35DA126490C5.e.20279","ELEMENT":"f.B31591FEBD8AE49568014889031CF3F7.d.E75B4DED77C23904491D35DA126490C5.e.20279"}]}
COMMAND: POST /session/f10bfffe94842169a26616823eaa69fd/execute/sync - {"script":"<script> [5351 bytes]","args":[{"element-6066-11e4-a52e-4f735466cecf":"f.B31591FEBD8AE49568014889031CF3F7.d.E75B4DED77C23904491D35DA126490C5.e.20279","ELEMENT":"f.B31591FEBD8AE49568014889031CF3F7.d.E75B4DED77C23904491D35DA126490C5.e.20279"}]}
COMMAND: GET /session/f10bfffe94842169a26616823eaa69fd/screenshot - {}
RESULT: {}
RESULT: {"script":"<script> [5351 bytes]","args":[{"element-6066-11e4-a52e-4f735466cecf":"f.B31591FEBD8AE49568014889031CF3F7.d.E75B4DED77C23904491D35DA126490C5.e.20279","ELEMENT":"f.B31591FEBD8AE49568014889031CF3F7.d.E75B4DED77C23904491D35DA126490C5.e.20279"}]}
COMMAND: POST /session/f10bfffe94842169a26616823eaa69fd/element/f.B31591FEBD8AE49568014889031CF3F7.d.E75B4DED77C23904491D35DA126490C5.e.20279/click - {}
COMMAND: GET /session/f10bfffe94842169a26616823eaa69fd/screenshot - {}
RESULT: {}
RESULT: {}
COMMAND: GET /session/f10bfffe94842169a26616823eaa69fd/screenshot - {}
RESULT: {}
RESULT: {}
COMMAND: POST /session/f10bfffe94842169a26616823eaa69fd/actions - {"actions":[{"id":"action67","type":"key","parameters":{},"actions":[{"type":"keyDown","value":""},{"type":"pause","duration":10},{"type":"keyUp","value":""}]}]}
RESULT: {"actions":[{"id":"action67","type":"key","parameters":{},"actions":[{"type":"keyDown","value":""},{"type":"pause","duration":10},{"type":"keyUp","value":""}]}]}
COMMAND: GET /session/f10bfffe94842169a26616823eaa69fd/screenshot - {}
RESULT: {}
COMMAND: POST /session/f10bfffe94842169a26616823eaa69fd/execute/async - {"script":"<script> [1562 bytes]","args":[{"selector":{"id":"application-manageconditionprice-display-component---newCondition--condBillCond-arrow"},"wdio_ui5_key":"applicationmanageconditionprice-display-component---newCondition--condBillCond-arrow"}]}
RESULT: {"script":"<script> [1562 bytes]","args":[{"selector":{"id":"application-manageconditionprice-display-component---newCondition--condBillCond-arrow"},"wdio_ui5_key":"applicationmanageconditionprice-display-component---newCondition--condBillCond-arrow"}]}
RESULT: undefined
COMMAND: POST /session/f10bfffe94842169a26616823eaa69fd/element - {"using":"xpath","value":"//*[@id=\"application-manageconditionprice-display-component---newCondition--condBillCond-arrow\"]"}
RESULT: {"using":"xpath","value":"//*[@id=\"application-manageconditionprice-display-component---newCondition--condBillCond-arrow\"]"}
COMMAND: POST /session/f10bfffe94842169a26616823eaa69fd/element/f.B31591FEBD8AE49568014889031CF3F7.d.E75B4DED77C23904491D35DA126490C5.e.20458/click - {}
RESULT: {}
COMMAND: GET /session/f10bfffe94842169a26616823eaa69fd/screenshot - {}
RESULT: {}
COMMAND: POST /session/f10bfffe94842169a26616823eaa69fd/element - {"using":"xpath","value":"//li[.//span[contains(text(), \"DISP - D&I special price\")]]"}
RESULT: {"using":"xpath","value":"//li[.//span[contains(text(), \"DISP - D&I special price\")]]"}
COMMAND: POST /session/f10bfffe94842169a26616823eaa69fd/element/f.B31591FEBD8AE49568014889031CF3F7.d.E75B4DED77C23904491D35DA126490C5.e.20461/click - {}
RESULT: {}
COMMAND: GET /session/f10bfffe94842169a26616823eaa69fd/screenshot - {}
RESULT: {}
COMMAND: POST /session/f10bfffe94842169a26616823eaa69fd/execute/async - {"script":"<script> [1562 bytes]","args":[{"selector":{"id":"application-manageconditionprice-display-component---newCondition--condValidTo","interaction":{"idSuffix":"inner"}},"wdio_ui5_key":"applicationmanageconditionprice-display-component---newCondition--condValidTo"}]}
RESULT: {"script":"<script> [1562 bytes]","args":[{"selector":{"id":"application-manageconditionprice-display-component---newCondition--condValidTo","interaction":{"idSuffix":"inner"}},"wdio_ui5_key":"applicationmanageconditionprice-display-component---newCondition--condValidTo"}]}
RESULT: undefined
COMMAND: POST /session/f10bfffe94842169a26616823eaa69fd/execute/async - {"script":"<script> [776 bytes]","args":[{"enterText":"12/18/25","selector":{"id":"application-manageconditionprice-display-component---newCondition--condValidTo","interaction":{"idSuffix":"inner"}},"clearTextFirst":true,"interactionType":"ENTER_TEXT"}]}
RESULT: {"script":"<script> [776 bytes]","args":[{"enterText":"12/18/25","selector":{"id":"application-manageconditionprice-display-component---newCondition--condValidTo","interaction":{"idSuffix":"inner"}},"clearTextFirst":true,"interactionType":"ENTER_TEXT"}]}
COMMAND: POST /session/f10bfffe94842169a26616823eaa69fd/element - {"using":"xpath","value":"//input[@id=\"application-manageconditionprice-display-component---newCondition--condRU-inner\"]"}
RESULT: {"using":"xpath","value":"//input[@id=\"application-manageconditionprice-display-component---newCondition--condRU-inner\"]"}
COMMAND: POST /session/f10bfffe94842169a26616823eaa69fd/element/f.B31591FEBD8AE49568014889031CF3F7.d.E75B4DED77C23904491D35DA126490C5.e.20323/clear - {}
RESULT: {}
COMMAND: POST /session/f10bfffe94842169a26616823eaa69fd/element/f.B31591FEBD8AE49568014889031CF3F7.d.E75B4DED77C23904491D35DA126490C5.e.20323/value - {"text":"b81lxQmJQ6"}
COMMAND: GET /session/f10bfffe94842169a26616823eaa69fd/screenshot - {}
RESULT: {"text":"b81lxQmJQ6"}
COMMAND: GET /session/f10bfffe94842169a26616823eaa69fd/screenshot - {}
RESULT: {}
RESULT: {}
COMMAND: POST /session/f10bfffe94842169a26616823eaa69fd/actions - {"actions":[{"id":"action68","type":"key","parameters":{},"actions":[{"type":"keyDown","value":""},{"type":"pause","duration":10},{"type":"keyUp","value":""}]}]}
RESULT: {"actions":[{"id":"action68","type":"key","parameters":{},"actions":[{"type":"keyDown","value":""},{"type":"pause","duration":10},{"type":"keyUp","value":""}]}]}
COMMAND: POST /session/f10bfffe94842169a26616823eaa69fd/execute/async - {"script":"<script> [1562 bytes]","args":[{"selector":{"id":"application-manageconditionprice-display-component---newCondition--condBaseQty","interaction":{"idSuffix":"inner"}},"wdio_ui5_key":"applicationmanageconditionprice-display-component---newCondition--condBaseQty"}]}
COMMAND: GET /session/f10bfffe94842169a26616823eaa69fd/screenshot - {}
RESULT: {"script":"<script> [1562 bytes]","args":[{"selector":{"id":"application-manageconditionprice-display-component---newCondition--condBaseQty","interaction":{"idSuffix":"inner"}},"wdio_ui5_key":"applicationmanageconditionprice-display-component---newCondition--condBaseQty"}]}
RESULT: undefined
COMMAND: POST /session/f10bfffe94842169a26616823eaa69fd/execute/async - {"script":"<script> [776 bytes]","args":[{"enterText":"1","selector":{"id":"application-manageconditionprice-display-component---newCondition--condBaseQty","interaction":{"idSuffix":"inner"}},"clearTextFirst":true,"interactionType":"ENTER_TEXT"}]}
RESULT: {}
RESULT: {"script":"<script> [776 bytes]","args":[{"enterText":"1","selector":{"id":"application-manageconditionprice-display-component---newCondition--condBaseQty","interaction":{"idSuffix":"inner"}},"clearTextFirst":true,"interactionType":"ENTER_TEXT"}]}
COMMAND: POST /session/f10bfffe94842169a26616823eaa69fd/execute/async - {"script":"<script> [1562 bytes]","args":[{"selector":{"id":"application-manageconditionprice-display-component---newCondition--condValue","interaction":{"idSuffix":"inner"}},"wdio_ui5_key":"applicationmanageconditionprice-display-component---newCondition--condValue"}]}
RESULT: {"script":"<script> [1562 bytes]","args":[{"selector":{"id":"application-manageconditionprice-display-component---newCondition--condValue","interaction":{"idSuffix":"inner"}},"wdio_ui5_key":"applicationmanageconditionprice-display-component---newCondition--condValue"}]}
RESULT: undefined
COMMAND: POST /session/f10bfffe94842169a26616823eaa69fd/execute/async - {"script":"<script> [776 bytes]","args":[{"enterText":"100","selector":{"id":"application-manageconditionprice-display-component---newCondition--condValue","interaction":{"idSuffix":"inner"}},"clearTextFirst":true,"interactionType":"ENTER_TEXT"}]}
RESULT: {"script":"<script> [776 bytes]","args":[{"enterText":"100","selector":{"id":"application-manageconditionprice-display-component---newCondition--condValue","interaction":{"idSuffix":"inner"}},"clearTextFirst":true,"interactionType":"ENTER_TEXT"}]}
COMMAND: POST /session/f10bfffe94842169a26616823eaa69fd/execute/async - {"script":"<script> [1562 bytes]","args":[{"selector":{"id":"application-manageconditionprice-display-component---newCondition--condCurr-arrow"},"wdio_ui5_key":"applicationmanageconditionprice-display-component---newCondition--condCurr-arrow"}]}
RESULT: {"script":"<script> [1562 bytes]","args":[{"selector":{"id":"application-manageconditionprice-display-component---newCondition--condCurr-arrow"},"wdio_ui5_key":"applicationmanageconditionprice-display-component---newCondition--condCurr-arrow"}]}
RESULT: undefined
COMMAND: POST /session/f10bfffe94842169a26616823eaa69fd/element - {"using":"xpath","value":"//*[@id=\"application-manageconditionprice-display-component---newCondition--condCurr-arrow\"]"}
RESULT: {"using":"xpath","value":"//*[@id=\"application-manageconditionprice-display-component---newCondition--condCurr-arrow\"]"}
COMMAND: POST /session/f10bfffe94842169a26616823eaa69fd/element/f.B31591FEBD8AE49568014889031CF3F7.d.E75B4DED77C23904491D35DA126490C5.e.20414/click - {}
RESULT: {}
COMMAND: POST /session/f10bfffe94842169a26616823eaa69fd/element - {"using":"xpath","value":"//span[contains(text(), \"Euro\")]"}
COMMAND: GET /session/f10bfffe94842169a26616823eaa69fd/screenshot - {}
RESULT: {"using":"xpath","value":"//span[contains(text(), \"Euro\")]"}
COMMAND: POST /session/f10bfffe94842169a26616823eaa69fd/element/f.B31591FEBD8AE49568014889031CF3F7.d.E75B4DED77C23904491D35DA126490C5.e.20498/click - {}
RESULT: {}
RESULT: {}
COMMAND: POST /session/f10bfffe94842169a26616823eaa69fd/element - {"using":"xpath","value":"//button[@data-kt=\"saveButton\"]"}
COMMAND: GET /session/f10bfffe94842169a26616823eaa69fd/screenshot - {}
RESULT: {"using":"xpath","value":"//button[@data-kt=\"saveButton\"]"}
COMMAND: POST /session/f10bfffe94842169a26616823eaa69fd/element/f.B31591FEBD8AE49568014889031CF3F7.d.E75B4DED77C23904491D35DA126490C5.e.20415/click - {}
RESULT: {}
RESULT: {}
COMMAND: GET /session/f10bfffe94842169a26616823eaa69fd/screenshot - {}
RESULT: {}
COMMAND: POST /session/f10bfffe94842169a26616823eaa69fd/execute/async - {"script":"<script> [1562 bytes]","args":[{"selector":{"id":"application-manageconditionprice-display-component---conditions--smartFilterBar-btnBasicSearch","interaction":{"idSuffix":"I"}},"wdio_ui5_key":"applicationmanageconditionprice-display-component---conditions--smartFilterBar-btnBasicSearch"}]}
RESULT: {"script":"<script> [1562 bytes]","args":[{"selector":{"id":"application-manageconditionprice-display-component---conditions--smartFilterBar-btnBasicSearch","interaction":{"idSuffix":"I"}},"wdio_ui5_key":"applicationmanageconditionprice-display-component---conditions--smartFilterBar-btnBasicSearch"}]}
RESULT: undefined
COMMAND: POST /session/f10bfffe94842169a26616823eaa69fd/execute/async - {"script":"<script> [776 bytes]","args":[{"enterText":"b81lxQmJQ6","selector":{"id":"application-manageconditionprice-display-component---conditions--smartFilterBar-btnBasicSearch","interaction":{"idSuffix":"I"}},"clearTextFirst":true,"interactionType":"ENTER_TEXT"}]}
RESULT: {"script":"<script> [776 bytes]","args":[{"enterText":"b81lxQmJQ6","selector":{"id":"application-manageconditionprice-display-component---conditions--smartFilterBar-btnBasicSearch","interaction":{"idSuffix":"I"}},"clearTextFirst":true,"interactionType":"ENTER_TEXT"}]}
COMMAND: POST /session/f10bfffe94842169a26616823eaa69fd/actions - {"actions":[{"id":"action69","type":"key","parameters":{},"actions":[{"type":"keyDown","value":""},{"type":"pause","duration":10},{"type":"keyUp","value":""}]}]}
RESULT: {"actions":[{"id":"action69","type":"key","parameters":{},"actions":[{"type":"keyDown","value":""},{"type":"pause","duration":10},{"type":"keyUp","value":""}]}]}
COMMAND: GET /session/f10bfffe94842169a26616823eaa69fd/screenshot - {}
RESULT: {}
COMMAND: POST /session/f10bfffe94842169a26616823eaa69fd/execute/async - {"script":"<script> [1562 bytes]","args":[{"selector":{"id":"application-manageconditionprice-display-component---conditions--smartFilterBar-filterItemControl_BASIC-BILL_TYPES-vhi"},"wdio_ui5_key":"applicationmanageconditionprice-display-component---conditions--smartFilterBar-filterItemControl_BASIC-BILL_TYPES-vhi"}]}
RESULT: {"script":"<script> [1562 bytes]","args":[{"selector":{"id":"application-manageconditionprice-display-component---conditions--smartFilterBar-filterItemControl_BASIC-BILL_TYPES-vhi"},"wdio_ui5_key":"applicationmanageconditionprice-display-component---conditions--smartFilterBar-filterItemControl_BASIC-BILL_TYPES-vhi"}]}
RESULT: undefined
COMMAND: POST /session/f10bfffe94842169a26616823eaa69fd/element - {"using":"xpath","value":"//*[@id=\"application-manageconditionprice-display-component---conditions--smartFilterBar-filterItemControl_BASIC-BILL_TYPES-vhi\"]"}
RESULT: {"using":"xpath","value":"//*[@id=\"application-manageconditionprice-display-component---conditions--smartFilterBar-filterItemControl_BASIC-BILL_TYPES-vhi\"]"}
COMMAND: POST /session/f10bfffe94842169a26616823eaa69fd/element/f.B31591FEBD8AE49568014889031CF3F7.d.E75B4DED77C23904491D35DA126490C5.e.20604/click - {}
RESULT: {}
COMMAND: POST /session/f10bfffe94842169a26616823eaa69fd/execute/async - {"script":"<script> [1562 bytes]","args":[{"selector":{"id":"application-manageconditionprice-display-component---conditions--smartFilterBar-filterItemControl_BASIC-BILL_TYPES-valueHelpDialog-smartFilterBar-btnBasicSearch","searchOpenDialogs":true,"interaction":{"idSuffix":"I"}},"wdio_ui5_key":"applicationmanageconditionprice-display-component---conditions--smartFilterBar-filterItemControl_BASIC-BILL_TYPES-valueHelpDialog-smartFilterBar-btnBasicSearch"}]}
COMMAND: GET /session/f10bfffe94842169a26616823eaa69fd/screenshot - {}
RESULT: {"script":"<script> [1562 bytes]","args":[{"selector":{"id":"application-manageconditionprice-display-component---conditions--smartFilterBar-filterItemControl_BASIC-BILL_TYPES-valueHelpDialog-smartFilterBar-btnBasicSearch","searchOpenDialogs":true,"interaction":{"idSuffix":"I"}},"wdio_ui5_key":"applicationmanageconditionprice-display-component---conditions--smartFilterBar-filterItemControl_BASIC-BILL_TYPES-valueHelpDialog-smartFilterBar-btnBasicSearch"}]}
RESULT: undefined
COMMAND: POST /session/f10bfffe94842169a26616823eaa69fd/execute/async - {"script":"<script> [776 bytes]","args":[{"enterText":"TB","selector":{"id":"application-manageconditionprice-display-component---conditions--smartFilterBar-filterItemControl_BASIC-BILL_TYPES-valueHelpDialog-smartFilterBar-btnBasicSearch","searchOpenDialogs":true,"interaction":{"idSuffix":"I"}},"clearTextFirst":true,"interactionType":"ENTER_TEXT"}]}
RESULT: {}
RESULT: {"script":"<script> [776 bytes]","args":[{"enterText":"TB","selector":{"id":"application-manageconditionprice-display-component---conditions--smartFilterBar-filterItemControl_BASIC-BILL_TYPES-valueHelpDialog-smartFilterBar-btnBasicSearch","searchOpenDialogs":true,"interaction":{"idSuffix":"I"}},"clearTextFirst":true,"interactionType":"ENTER_TEXT"}]}
COMMAND: POST /session/f10bfffe94842169a26616823eaa69fd/actions - {"actions":[{"id":"action70","type":"key","parameters":{},"actions":[{"type":"keyDown","value":""},{"type":"pause","duration":10},{"type":"keyUp","value":""}]}]}
RESULT: {"actions":[{"id":"action70","type":"key","parameters":{},"actions":[{"type":"keyDown","value":""},{"type":"pause","duration":10},{"type":"keyUp","value":""}]}]}
COMMAND: GET /session/f10bfffe94842169a26616823eaa69fd/screenshot - {}
RESULT: {}
COMMAND: POST /session/f10bfffe94842169a26616823eaa69fd/element - {"using":"xpath","value":"//div[contains(@id, 'application-manageconditionprice-display-component---conditions--smartFilterBar-filterItemControl_BASIC-BILL_TYPES-valueHelpDialog-table-rowsel0')]"}
RESULT: {"using":"xpath","value":"//div[contains(@id, 'application-manageconditionprice-display-component---conditions--smartFilterBar-filterItemControl_BASIC-BILL_TYPES-valueHelpDialog-table-rowsel0')]"}
COMMAND: POST /session/f10bfffe94842169a26616823eaa69fd/element/f.B31591FEBD8AE49568014889031CF3F7.d.E75B4DED77C23904491D35DA126490C5.e.20614/click - {}
RESULT: {}
COMMAND: GET /session/f10bfffe94842169a26616823eaa69fd/screenshot - {}
RESULT: {}
COMMAND: POST /session/f10bfffe94842169a26616823eaa69fd/element - {"using":"xpath","value":"//bdi[contains(text(), \"OK\")]"}
RESULT: {"using":"xpath","value":"//bdi[contains(text(), \"OK\")]"}
COMMAND: POST /session/f10bfffe94842169a26616823eaa69fd/element/f.B31591FEBD8AE49568014889031CF3F7.d.E75B4DED77C23904491D35DA126490C5.e.20616/click - {}
RESULT: {}
COMMAND: GET /session/f10bfffe94842169a26616823eaa69fd/screenshot - {}
RESULT: {}
COMMAND: POST /session/f10bfffe94842169a26616823eaa69fd/element - {"using":"xpath","value":"//span[@id=\"application-manageconditionprice-display-component---conditions--smartTable-header-inner\"]"}
RESULT: {"using":"xpath","value":"//span[@id=\"application-manageconditionprice-display-component---conditions--smartTable-header-inner\"]"}
COMMAND: POST /session/f10bfffe94842169a26616823eaa69fd/elements - {"using":"xpath","value":"//span[@id=\"application-manageconditionprice-display-component---conditions--smartTable-header-inner\"]"}
RESULT: {"using":"xpath","value":"//span[@id=\"application-manageconditionprice-display-component---conditions--smartTable-header-inner\"]"}
COMMAND: POST /session/f10bfffe94842169a26616823eaa69fd/execute/sync - {"script":"<script> [56 bytes]","args":[{"element-6066-11e4-a52e-4f735466cecf":"f.B31591FEBD8AE49568014889031CF3F7.d.E75B4DED77C23904491D35DA126490C5.e.20619","ELEMENT":"f.B31591FEBD8AE49568014889031CF3F7.d.E75B4DED77C23904491D35DA126490C5.e.20619"}]}
RESULT: {"script":"<script> [56 bytes]","args":[{"element-6066-11e4-a52e-4f735466cecf":"f.B31591FEBD8AE49568014889031CF3F7.d.E75B4DED77C23904491D35DA126490C5.e.20619","ELEMENT":"f.B31591FEBD8AE49568014889031CF3F7.d.E75B4DED77C23904491D35DA126490C5.e.20619"}]}
COMMAND: POST /session/f10bfffe94842169a26616823eaa69fd/element - {"using":"css selector","value":"#shell-header-logo"}
COMMAND: GET /session/f10bfffe94842169a26616823eaa69fd/screenshot - {}
RESULT: {"using":"css selector","value":"#shell-header-logo"}
COMMAND: POST /session/f10bfffe94842169a26616823eaa69fd/element/f.B31591FEBD8AE49568014889031CF3F7.d.E75B4DED77C23904491D35DA126490C5.e.20247/click - {}
RESULT: {}
RESULT: {}
COMMAND: GET /session/f10bfffe94842169a26616823eaa69fd/screenshot - {}
RESULT: {}
]]></system-out>
    </testcase>
    <testcase classname="chrome.135_0_7049_42.windows.Billing_Calculation_-_Time_based_(considering_transport_times)_US139738" name="Should do a stock increase for both equipments" time="89.969">
      <system-out><![CDATA[
COMMAND: POST /session/f10bfffe94842169a26616823eaa69fd/execute/async - {"script":"<script> [1562 bytes]","args":[{"selector":{"controlType":"sap.m.Text","viewName":"etm.portal.ui.managehandoverstile.view.Master","properties":{"text":"Manage Handovers"},"interaction":{"idSuffix":"inner"}},"wdio_ui5_key":"etmportal.ui.managehandoverstile.view.Mastersap.m.Text{\"text\":\"Manage Handovers\"}"}]}
RESULT: {"script":"<script> [1562 bytes]","args":[{"selector":{"controlType":"sap.m.Text","viewName":"etm.portal.ui.managehandoverstile.view.Master","properties":{"text":"Manage Handovers"},"interaction":{"idSuffix":"inner"}},"wdio_ui5_key":"etmportal.ui.managehandoverstile.view.Mastersap.m.Text{\"text\":\"Manage Handovers\"}"}]}
RESULT: undefined
COMMAND: POST /session/f10bfffe94842169a26616823eaa69fd/element - {"using":"xpath","value":"//*[@id=\"__tile132-title\"]"}
RESULT: {"using":"xpath","value":"//*[@id=\"__tile132-title\"]"}
COMMAND: POST /session/f10bfffe94842169a26616823eaa69fd/element/f.B31591FEBD8AE49568014889031CF3F7.d.E75B4DED77C23904491D35DA126490C5.e.20624/click - {}
RESULT: {}
COMMAND: POST /session/f10bfffe94842169a26616823eaa69fd/element - {"using":"xpath","value":"//button[@data-kt=\"masterHOAddButton\"]"}
COMMAND: GET /session/f10bfffe94842169a26616823eaa69fd/screenshot - {}
RESULT: {"using":"xpath","value":"//button[@data-kt=\"masterHOAddButton\"]"}
COMMAND: POST /session/f10bfffe94842169a26616823eaa69fd/elements - {"using":"xpath","value":"//button[@data-kt=\"masterHOAddButton\"]"}
RESULT: {}
RESULT: {"using":"xpath","value":"//button[@data-kt=\"masterHOAddButton\"]"}
COMMAND: POST /session/f10bfffe94842169a26616823eaa69fd/elements - {"using":"xpath","value":"//button[@data-kt=\"masterHOAddButton\"]"}
RESULT: {"using":"xpath","value":"//button[@data-kt=\"masterHOAddButton\"]"}
COMMAND: POST /session/f10bfffe94842169a26616823eaa69fd/elements - {"using":"xpath","value":"//button[@data-kt=\"masterHOAddButton\"]"}
RESULT: {"using":"xpath","value":"//button[@data-kt=\"masterHOAddButton\"]"}
COMMAND: POST /session/f10bfffe94842169a26616823eaa69fd/elements - {"using":"xpath","value":"//button[@data-kt=\"masterHOAddButton\"]"}
RESULT: {"using":"xpath","value":"//button[@data-kt=\"masterHOAddButton\"]"}
COMMAND: POST /session/f10bfffe94842169a26616823eaa69fd/elements - {"using":"xpath","value":"//button[@data-kt=\"masterHOAddButton\"]"}
RESULT: {"using":"xpath","value":"//button[@data-kt=\"masterHOAddButton\"]"}
COMMAND: POST /session/f10bfffe94842169a26616823eaa69fd/elements - {"using":"xpath","value":"//button[@data-kt=\"masterHOAddButton\"]"}
RESULT: {"using":"xpath","value":"//button[@data-kt=\"masterHOAddButton\"]"}
COMMAND: POST /session/f10bfffe94842169a26616823eaa69fd/elements - {"using":"xpath","value":"//button[@data-kt=\"masterHOAddButton\"]"}
RESULT: {"using":"xpath","value":"//button[@data-kt=\"masterHOAddButton\"]"}
COMMAND: POST /session/f10bfffe94842169a26616823eaa69fd/element - {"using":"xpath","value":"//button[@data-kt=\"masterHOAddButton\"]"}
RESULT: {"using":"xpath","value":"//button[@data-kt=\"masterHOAddButton\"]"}
COMMAND: POST /session/f10bfffe94842169a26616823eaa69fd/execute/sync - {"script":"<script> [8489 bytes]","args":[{"element-6066-11e4-a52e-4f735466cecf":"f.B31591FEBD8AE49568014889031CF3F7.d.E75B4DED77C23904491D35DA126490C5.e.20654","ELEMENT":"f.B31591FEBD8AE49568014889031CF3F7.d.E75B4DED77C23904491D35DA126490C5.e.20654"}]}
RESULT: {"script":"<script> [8489 bytes]","args":[{"element-6066-11e4-a52e-4f735466cecf":"f.B31591FEBD8AE49568014889031CF3F7.d.E75B4DED77C23904491D35DA126490C5.e.20654","ELEMENT":"f.B31591FEBD8AE49568014889031CF3F7.d.E75B4DED77C23904491D35DA126490C5.e.20654"}]}
COMMAND: GET /session/f10bfffe94842169a26616823eaa69fd/element/f.B31591FEBD8AE49568014889031CF3F7.d.E75B4DED77C23904491D35DA126490C5.e.20654/enabled - {}
COMMAND: GET /session/f10bfffe94842169a26616823eaa69fd/screenshot - {}
RESULT: {}
COMMAND: POST /session/f10bfffe94842169a26616823eaa69fd/execute/sync - {"script":"<script> [8489 bytes]","args":[{"element-6066-11e4-a52e-4f735466cecf":"f.B31591FEBD8AE49568014889031CF3F7.d.E75B4DED77C23904491D35DA126490C5.e.20654","ELEMENT":"f.B31591FEBD8AE49568014889031CF3F7.d.E75B4DED77C23904491D35DA126490C5.e.20654"}]}
COMMAND: GET /session/f10bfffe94842169a26616823eaa69fd/screenshot - {}
RESULT: {}
RESULT: {"script":"<script> [8489 bytes]","args":[{"element-6066-11e4-a52e-4f735466cecf":"f.B31591FEBD8AE49568014889031CF3F7.d.E75B4DED77C23904491D35DA126490C5.e.20654","ELEMENT":"f.B31591FEBD8AE49568014889031CF3F7.d.E75B4DED77C23904491D35DA126490C5.e.20654"}]}
COMMAND: POST /session/f10bfffe94842169a26616823eaa69fd/execute/sync - {"script":"<script> [5351 bytes]","args":[{"element-6066-11e4-a52e-4f735466cecf":"f.B31591FEBD8AE49568014889031CF3F7.d.E75B4DED77C23904491D35DA126490C5.e.20654","ELEMENT":"f.B31591FEBD8AE49568014889031CF3F7.d.E75B4DED77C23904491D35DA126490C5.e.20654"}]}
COMMAND: GET /session/f10bfffe94842169a26616823eaa69fd/screenshot - {}
RESULT: {}
RESULT: {"script":"<script> [5351 bytes]","args":[{"element-6066-11e4-a52e-4f735466cecf":"f.B31591FEBD8AE49568014889031CF3F7.d.E75B4DED77C23904491D35DA126490C5.e.20654","ELEMENT":"f.B31591FEBD8AE49568014889031CF3F7.d.E75B4DED77C23904491D35DA126490C5.e.20654"}]}
COMMAND: POST /session/f10bfffe94842169a26616823eaa69fd/element/f.B31591FEBD8AE49568014889031CF3F7.d.E75B4DED77C23904491D35DA126490C5.e.20654/click - {}
COMMAND: GET /session/f10bfffe94842169a26616823eaa69fd/screenshot - {}
RESULT: {}
RESULT: {}
COMMAND: GET /session/f10bfffe94842169a26616823eaa69fd/screenshot - {}
RESULT: {}
RESULT: {}
COMMAND: POST /session/f10bfffe94842169a26616823eaa69fd/element - {"using":"xpath","value":"//span[contains(@id ,\"AddNewHO--typeSelect-arrow\")]"}
RESULT: {"using":"xpath","value":"//span[contains(@id ,\"AddNewHO--typeSelect-arrow\")]"}
COMMAND: POST /session/f10bfffe94842169a26616823eaa69fd/element/f.B31591FEBD8AE49568014889031CF3F7.d.E75B4DED77C23904491D35DA126490C5.e.21010/click - {}
RESULT: {}
COMMAND: GET /session/f10bfffe94842169a26616823eaa69fd/screenshot - {}
RESULT: {}
COMMAND: POST /session/f10bfffe94842169a26616823eaa69fd/element - {"using":"xpath","value":"(//li[contains(text(), \"stock increase yard\")])[1]"}
RESULT: {"using":"xpath","value":"(//li[contains(text(), \"stock increase yard\")])[1]"}
COMMAND: POST /session/f10bfffe94842169a26616823eaa69fd/element/f.B31591FEBD8AE49568014889031CF3F7.d.E75B4DED77C23904491D35DA126490C5.e.21011/click - {}
RESULT: {}
COMMAND: GET /session/f10bfffe94842169a26616823eaa69fd/screenshot - {}
RESULT: {}
COMMAND: POST /session/f10bfffe94842169a26616823eaa69fd/execute/async - {"script":"<script> [1562 bytes]","args":[{"selector":{"id":"application-managehandovers-display-component---AddNewHO--dueDate","interaction":{"idSuffix":"inner"}},"wdio_ui5_key":"applicationmanagehandovers-display-component---AddNewHO--dueDate"}]}
RESULT: {"script":"<script> [1562 bytes]","args":[{"selector":{"id":"application-managehandovers-display-component---AddNewHO--dueDate","interaction":{"idSuffix":"inner"}},"wdio_ui5_key":"applicationmanagehandovers-display-component---AddNewHO--dueDate"}]}
RESULT: undefined
COMMAND: POST /session/f10bfffe94842169a26616823eaa69fd/execute/async - {"script":"<script> [6424 bytes]","args":[{"element-6066-11e4-a52e-4f735466cecf":"f.B31591FEBD8AE49568014889031CF3F7.d.E75B4DED77C23904491D35DA126490C5.e.21013"},"setValue",["04/18/2025"]]}
RESULT: {"script":"<script> [6424 bytes]","args":[{"element-6066-11e4-a52e-4f735466cecf":"f.B31591FEBD8AE49568014889031CF3F7.d.E75B4DED77C23904491D35DA126490C5.e.21013"},"setValue",["04/18/2025"]]}
COMMAND: POST /session/f10bfffe94842169a26616823eaa69fd/element - {"using":"xpath","value":"//input[@id=\"generalSectionFrg--receiveYard-inner\"]"}
RESULT: {"using":"xpath","value":"//input[@id=\"generalSectionFrg--receiveYard-inner\"]"}
COMMAND: POST /session/f10bfffe94842169a26616823eaa69fd/element/f.B31591FEBD8AE49568014889031CF3F7.d.E75B4DED77C23904491D35DA126490C5.e.21019/clear - {}
RESULT: {}
COMMAND: POST /session/f10bfffe94842169a26616823eaa69fd/element/f.B31591FEBD8AE49568014889031CF3F7.d.E75B4DED77C23904491D35DA126490C5.e.21019/value - {"text":"571"}
COMMAND: GET /session/f10bfffe94842169a26616823eaa69fd/screenshot - {}
RESULT: {"text":"571"}
COMMAND: GET /session/f10bfffe94842169a26616823eaa69fd/screenshot - {}
RESULT: {}
RESULT: {}
COMMAND: POST /session/f10bfffe94842169a26616823eaa69fd/element - {"using":"xpath","value":"//li[.//span[text()='571']]"}
RESULT: {"using":"xpath","value":"//li[.//span[text()='571']]"}
COMMAND: POST /session/f10bfffe94842169a26616823eaa69fd/element/f.B31591FEBD8AE49568014889031CF3F7.d.E75B4DED77C23904491D35DA126490C5.e.21035/click - {}
RESULT: {}
COMMAND: GET /session/f10bfffe94842169a26616823eaa69fd/screenshot - {}
RESULT: {}
COMMAND: POST /session/f10bfffe94842169a26616823eaa69fd/execute/async - {"script":"<script> [1562 bytes]","args":[{"selector":{"id":"application-managehandovers-display-component---AddNewHO--ObjectPageLayout-anchBar-application-managehandovers-display-component---AddNewHO--section4-anchor","interaction":{"idSuffix":"BDI-content"}},"wdio_ui5_key":"applicationmanagehandovers-display-component---AddNewHO--ObjectPageLayout-anchBar-application-managehandovers-display-component---AddNewHO--section4-anchor"}]}
RESULT: {"script":"<script> [1562 bytes]","args":[{"selector":{"id":"application-managehandovers-display-component---AddNewHO--ObjectPageLayout-anchBar-application-managehandovers-display-component---AddNewHO--section4-anchor","interaction":{"idSuffix":"BDI-content"}},"wdio_ui5_key":"applicationmanagehandovers-display-component---AddNewHO--ObjectPageLayout-anchBar-application-managehandovers-display-component---AddNewHO--section4-anchor"}]}
RESULT: undefined
COMMAND: POST /session/f10bfffe94842169a26616823eaa69fd/element - {"using":"xpath","value":"//*[@id=\"application-managehandovers-display-component---AddNewHO--ObjectPageLayout-anchBar-application-managehandovers-display-component---AddNewHO--section4-anchor\"]"}
RESULT: {"using":"xpath","value":"//*[@id=\"application-managehandovers-display-component---AddNewHO--ObjectPageLayout-anchBar-application-managehandovers-display-component---AddNewHO--section4-anchor\"]"}
COMMAND: POST /session/f10bfffe94842169a26616823eaa69fd/element/f.B31591FEBD8AE49568014889031CF3F7.d.E75B4DED77C23904491D35DA126490C5.e.21037/click - {}
RESULT: {}
COMMAND: POST /session/f10bfffe94842169a26616823eaa69fd/element - {"using":"xpath","value":"//button[@aria-label=\"Add\"]"}
COMMAND: GET /session/f10bfffe94842169a26616823eaa69fd/screenshot - {}
RESULT: {"using":"xpath","value":"//button[@aria-label=\"Add\"]"}
COMMAND: POST /session/f10bfffe94842169a26616823eaa69fd/element/f.B31591FEBD8AE49568014889031CF3F7.d.E75B4DED77C23904491D35DA126490C5.e.21039/click - {}
RESULT: {}
RESULT: {}
COMMAND: GET /session/f10bfffe94842169a26616823eaa69fd/screenshot - {}
RESULT: {}
COMMAND: POST /session/f10bfffe94842169a26616823eaa69fd/execute/async - {"script":"<script> [1562 bytes]","args":[{"selector":{"id":"application-managehandovers-display-component---AddNewHO--smartFilterBar-btnBasicSearch","searchOpenDialogs":true,"interaction":{"idSuffix":"I"}},"wdio_ui5_key":"applicationmanagehandovers-display-component---AddNewHO--smartFilterBar-btnBasicSearch"}]}
RESULT: {"script":"<script> [1562 bytes]","args":[{"selector":{"id":"application-managehandovers-display-component---AddNewHO--smartFilterBar-btnBasicSearch","searchOpenDialogs":true,"interaction":{"idSuffix":"I"}},"wdio_ui5_key":"applicationmanagehandovers-display-component---AddNewHO--smartFilterBar-btnBasicSearch"}]}
RESULT: undefined
COMMAND: POST /session/f10bfffe94842169a26616823eaa69fd/execute/async - {"script":"<script> [776 bytes]","args":[{"enterText":"b81lxQmJQ6","selector":{"id":"application-managehandovers-display-component---AddNewHO--smartFilterBar-btnBasicSearch","searchOpenDialogs":true,"interaction":{"idSuffix":"I"}},"clearTextFirst":true,"interactionType":"ENTER_TEXT"}]}
RESULT: {"script":"<script> [776 bytes]","args":[{"enterText":"b81lxQmJQ6","selector":{"id":"application-managehandovers-display-component---AddNewHO--smartFilterBar-btnBasicSearch","searchOpenDialogs":true,"interaction":{"idSuffix":"I"}},"clearTextFirst":true,"interactionType":"ENTER_TEXT"}]}
COMMAND: POST /session/f10bfffe94842169a26616823eaa69fd/actions - {"actions":[{"id":"action71","type":"key","parameters":{},"actions":[{"type":"keyDown","value":""},{"type":"pause","duration":10},{"type":"keyUp","value":""}]}]}
RESULT: {"actions":[{"id":"action71","type":"key","parameters":{},"actions":[{"type":"keyDown","value":""},{"type":"pause","duration":10},{"type":"keyUp","value":""}]}]}
COMMAND: GET /session/f10bfffe94842169a26616823eaa69fd/screenshot - {}
RESULT: {}
COMMAND: POST /session/f10bfffe94842169a26616823eaa69fd/execute/async - {"script":"<script> [1562 bytes]","args":[{"selector":{"id":"application-managehandovers-display-component---AddNewHO--popup-sa","searchOpenDialogs":true,"interaction":{"idSuffix":"CbBg"}},"wdio_ui5_key":"applicationmanagehandovers-display-component---AddNewHO--popup-sa"}]}
RESULT: {"script":"<script> [1562 bytes]","args":[{"selector":{"id":"application-managehandovers-display-component---AddNewHO--popup-sa","searchOpenDialogs":true,"interaction":{"idSuffix":"CbBg"}},"wdio_ui5_key":"applicationmanagehandovers-display-component---AddNewHO--popup-sa"}]}
RESULT: undefined
COMMAND: POST /session/f10bfffe94842169a26616823eaa69fd/element - {"using":"xpath","value":"//*[@id=\"application-managehandovers-display-component---AddNewHO--popup-sa\"]"}
RESULT: {"using":"xpath","value":"//*[@id=\"application-managehandovers-display-component---AddNewHO--popup-sa\"]"}
COMMAND: POST /session/f10bfffe94842169a26616823eaa69fd/element/f.B31591FEBD8AE49568014889031CF3F7.d.E75B4DED77C23904491D35DA126490C5.e.21194/click - {}
RESULT: {}
COMMAND: GET /session/f10bfffe94842169a26616823eaa69fd/screenshot - {}
RESULT: {}
COMMAND: POST /session/f10bfffe94842169a26616823eaa69fd/element - {"using":"xpath","value":"//bdi[contains(text(), \"Select\")]"}
RESULT: {"using":"xpath","value":"//bdi[contains(text(), \"Select\")]"}
COMMAND: POST /session/f10bfffe94842169a26616823eaa69fd/element/f.B31591FEBD8AE49568014889031CF3F7.d.E75B4DED77C23904491D35DA126490C5.e.21195/click - {}
RESULT: {}
COMMAND: GET /session/f10bfffe94842169a26616823eaa69fd/screenshot - {}
RESULT: {}
COMMAND: POST /session/f10bfffe94842169a26616823eaa69fd/element - {"using":"xpath","value":"//button[@data-kt=\"AddNewHOSaveButton\"]"}
RESULT: {"using":"xpath","value":"//button[@data-kt=\"AddNewHOSaveButton\"]"}
COMMAND: POST /session/f10bfffe94842169a26616823eaa69fd/element/f.B31591FEBD8AE49568014889031CF3F7.d.E75B4DED77C23904491D35DA126490C5.e.21199/click - {}
RESULT: {}
COMMAND: GET /session/f10bfffe94842169a26616823eaa69fd/screenshot - {}
RESULT: {}
COMMAND: POST /session/f10bfffe94842169a26616823eaa69fd/execute/async - {"script":"<script> [1562 bytes]","args":[{"selector":{"id":"receiptDatePicker","viewName":"etm.portal.ui.managehandovers.view.DetailExecuteHO","interaction":{"idSuffix":"inner"}},"wdio_ui5_key":"receiptDatePickeretmportal.ui.managehandovers.view.DetailExecuteHO"}]}
RESULT: {"script":"<script> [1562 bytes]","args":[{"selector":{"id":"receiptDatePicker","viewName":"etm.portal.ui.managehandovers.view.DetailExecuteHO","interaction":{"idSuffix":"inner"}},"wdio_ui5_key":"receiptDatePickeretmportal.ui.managehandovers.view.DetailExecuteHO"}]}
RESULT: undefined
COMMAND: POST /session/f10bfffe94842169a26616823eaa69fd/execute/async - {"script":"<script> [6424 bytes]","args":[{"element-6066-11e4-a52e-4f735466cecf":"f.B31591FEBD8AE49568014889031CF3F7.d.E75B4DED77C23904491D35DA126490C5.e.21228"},"setValue",["04/18/2025"]]}
RESULT: {"script":"<script> [6424 bytes]","args":[{"element-6066-11e4-a52e-4f735466cecf":"f.B31591FEBD8AE49568014889031CF3F7.d.E75B4DED77C23904491D35DA126490C5.e.21228"},"setValue",["04/18/2025"]]}
COMMAND: POST /session/f10bfffe94842169a26616823eaa69fd/element - {"using":"xpath","value":"//button[@data-kt=\"PickingTableConfirmAllButton\"]"}
RESULT: {"using":"xpath","value":"//button[@data-kt=\"PickingTableConfirmAllButton\"]"}
COMMAND: POST /session/f10bfffe94842169a26616823eaa69fd/element/f.B31591FEBD8AE49568014889031CF3F7.d.E75B4DED77C23904491D35DA126490C5.e.21244/click - {}
RESULT: {}
COMMAND: GET /session/f10bfffe94842169a26616823eaa69fd/screenshot - {}
RESULT: {}
COMMAND: POST /session/f10bfffe94842169a26616823eaa69fd/element - {"using":"xpath","value":"//bdi[contains(text(), \"OK\")]"}
RESULT: {"using":"xpath","value":"//bdi[contains(text(), \"OK\")]"}
COMMAND: POST /session/f10bfffe94842169a26616823eaa69fd/element/f.B31591FEBD8AE49568014889031CF3F7.d.E75B4DED77C23904491D35DA126490C5.e.21246/click - {}
RESULT: {}
COMMAND: GET /session/f10bfffe94842169a26616823eaa69fd/screenshot - {}
RESULT: {}
COMMAND: POST /session/f10bfffe94842169a26616823eaa69fd/element - {"using":"xpath","value":"(//bdi[contains(text(), \"Receive\")])[2]"}
RESULT: {"using":"xpath","value":"(//bdi[contains(text(), \"Receive\")])[2]"}
COMMAND: POST /session/f10bfffe94842169a26616823eaa69fd/element/f.B31591FEBD8AE49568014889031CF3F7.d.E75B4DED77C23904491D35DA126490C5.e.21248/click - {}
RESULT: {}
COMMAND: GET /session/f10bfffe94842169a26616823eaa69fd/screenshot - {}
RESULT: {}
COMMAND: POST /session/f10bfffe94842169a26616823eaa69fd/element - {"using":"css selector","value":"#shell-header-logo"}
RESULT: {"using":"css selector","value":"#shell-header-logo"}
COMMAND: POST /session/f10bfffe94842169a26616823eaa69fd/element/f.B31591FEBD8AE49568014889031CF3F7.d.E75B4DED77C23904491D35DA126490C5.e.20626/click - {}
RESULT: {}
COMMAND: GET /session/f10bfffe94842169a26616823eaa69fd/screenshot - {}
RESULT: {}
]]></system-out>
    </testcase>
    <testcase classname="chrome.135_0_7049_42.windows.Billing_Calculation_-_Time_based_(considering_transport_times)_US139738" name="Should create a new contract" time="59.953">
      <system-out><![CDATA[
COMMAND: POST /session/f10bfffe94842169a26616823eaa69fd/execute/async - {"script":"<script> [1562 bytes]","args":[{"selector":{"controlType":"sap.m.Text","viewName":"etm.portal.ui.managecontractstile.view.Master","properties":{"text":"Manage Contracts"},"interaction":{"idSuffix":"inner"}},"wdio_ui5_key":"etmportal.ui.managecontractstile.view.Mastersap.m.Text{\"text\":\"Manage Contracts\"}"}]}
RESULT: {"script":"<script> [1562 bytes]","args":[{"selector":{"controlType":"sap.m.Text","viewName":"etm.portal.ui.managecontractstile.view.Master","properties":{"text":"Manage Contracts"},"interaction":{"idSuffix":"inner"}},"wdio_ui5_key":"etmportal.ui.managecontractstile.view.Mastersap.m.Text{\"text\":\"Manage Contracts\"}"}]}
RESULT: undefined
COMMAND: POST /session/f10bfffe94842169a26616823eaa69fd/element - {"using":"xpath","value":"//*[@id=\"__tile130-title\"]"}
RESULT: {"using":"xpath","value":"//*[@id=\"__tile130-title\"]"}
COMMAND: POST /session/f10bfffe94842169a26616823eaa69fd/element/f.B31591FEBD8AE49568014889031CF3F7.d.E75B4DED77C23904491D35DA126490C5.e.21425/click - {}
RESULT: {}
COMMAND: GET /session/f10bfffe94842169a26616823eaa69fd/screenshot - {}
COMMAND: POST /session/f10bfffe94842169a26616823eaa69fd/element - {"using":"xpath","value":"//button[@data-kt=\"addButton\"]"}
RESULT: {}
RESULT: {"using":"xpath","value":"//button[@data-kt=\"addButton\"]"}
COMMAND: POST /session/f10bfffe94842169a26616823eaa69fd/elements - {"using":"xpath","value":"//button[@data-kt=\"addButton\"]"}
RESULT: {"using":"xpath","value":"//button[@data-kt=\"addButton\"]"}
RESULT: undefined
COMMAND: POST /session/f10bfffe94842169a26616823eaa69fd/elements - {"using":"xpath","value":"//button[@data-kt=\"addButton\"]"}
RESULT: {"using":"xpath","value":"//button[@data-kt=\"addButton\"]"}
COMMAND: POST /session/f10bfffe94842169a26616823eaa69fd/elements - {"using":"xpath","value":"//button[@data-kt=\"addButton\"]"}
RESULT: {"using":"xpath","value":"//button[@data-kt=\"addButton\"]"}
COMMAND: POST /session/f10bfffe94842169a26616823eaa69fd/elements - {"using":"xpath","value":"//button[@data-kt=\"addButton\"]"}
RESULT: {"using":"xpath","value":"//button[@data-kt=\"addButton\"]"}
COMMAND: POST /session/f10bfffe94842169a26616823eaa69fd/elements - {"using":"xpath","value":"//button[@data-kt=\"addButton\"]"}
RESULT: {"using":"xpath","value":"//button[@data-kt=\"addButton\"]"}
COMMAND: POST /session/f10bfffe94842169a26616823eaa69fd/element - {"using":"xpath","value":"//button[@data-kt=\"addButton\"]"}
RESULT: {"using":"xpath","value":"//button[@data-kt=\"addButton\"]"}
COMMAND: POST /session/f10bfffe94842169a26616823eaa69fd/execute/sync - {"script":"<script> [8489 bytes]","args":[{"element-6066-11e4-a52e-4f735466cecf":"f.B31591FEBD8AE49568014889031CF3F7.d.E75B4DED77C23904491D35DA126490C5.e.21472","ELEMENT":"f.B31591FEBD8AE49568014889031CF3F7.d.E75B4DED77C23904491D35DA126490C5.e.21472"}]}
RESULT: {"script":"<script> [8489 bytes]","args":[{"element-6066-11e4-a52e-4f735466cecf":"f.B31591FEBD8AE49568014889031CF3F7.d.E75B4DED77C23904491D35DA126490C5.e.21472","ELEMENT":"f.B31591FEBD8AE49568014889031CF3F7.d.E75B4DED77C23904491D35DA126490C5.e.21472"}]}
COMMAND: GET /session/f10bfffe94842169a26616823eaa69fd/element/f.B31591FEBD8AE49568014889031CF3F7.d.E75B4DED77C23904491D35DA126490C5.e.21472/enabled - {}
COMMAND: GET /session/f10bfffe94842169a26616823eaa69fd/screenshot - {}
RESULT: {}
COMMAND: POST /session/f10bfffe94842169a26616823eaa69fd/execute/sync - {"script":"<script> [8489 bytes]","args":[{"element-6066-11e4-a52e-4f735466cecf":"f.B31591FEBD8AE49568014889031CF3F7.d.E75B4DED77C23904491D35DA126490C5.e.21472","ELEMENT":"f.B31591FEBD8AE49568014889031CF3F7.d.E75B4DED77C23904491D35DA126490C5.e.21472"}]}
COMMAND: GET /session/f10bfffe94842169a26616823eaa69fd/screenshot - {}
RESULT: {}
RESULT: {"script":"<script> [8489 bytes]","args":[{"element-6066-11e4-a52e-4f735466cecf":"f.B31591FEBD8AE49568014889031CF3F7.d.E75B4DED77C23904491D35DA126490C5.e.21472","ELEMENT":"f.B31591FEBD8AE49568014889031CF3F7.d.E75B4DED77C23904491D35DA126490C5.e.21472"}]}
COMMAND: POST /session/f10bfffe94842169a26616823eaa69fd/execute/sync - {"script":"<script> [5351 bytes]","args":[{"element-6066-11e4-a52e-4f735466cecf":"f.B31591FEBD8AE49568014889031CF3F7.d.E75B4DED77C23904491D35DA126490C5.e.21472","ELEMENT":"f.B31591FEBD8AE49568014889031CF3F7.d.E75B4DED77C23904491D35DA126490C5.e.21472"}]}
COMMAND: GET /session/f10bfffe94842169a26616823eaa69fd/screenshot - {}
RESULT: {}
RESULT: {"script":"<script> [5351 bytes]","args":[{"element-6066-11e4-a52e-4f735466cecf":"f.B31591FEBD8AE49568014889031CF3F7.d.E75B4DED77C23904491D35DA126490C5.e.21472","ELEMENT":"f.B31591FEBD8AE49568014889031CF3F7.d.E75B4DED77C23904491D35DA126490C5.e.21472"}]}
COMMAND: GET /session/f10bfffe94842169a26616823eaa69fd/screenshot - {}
RESULT: {}
RESULT: {}
COMMAND: POST /session/f10bfffe94842169a26616823eaa69fd/element/f.B31591FEBD8AE49568014889031CF3F7.d.E75B4DED77C23904491D35DA126490C5.e.21472/click - {}
RESULT: {}
COMMAND: GET /session/f10bfffe94842169a26616823eaa69fd/screenshot - {}
RESULT: {}
COMMAND: POST /session/f10bfffe94842169a26616823eaa69fd/execute/async - {"script":"<script> [1562 bytes]","args":[{"selector":{"id":"application-managecontracts-display-component---AddNewContract--projectDescription","interaction":{"idSuffix":"inner"}},"wdio_ui5_key":"applicationmanagecontracts-display-component---AddNewContract--projectDescription"}]}
RESULT: {"script":"<script> [1562 bytes]","args":[{"selector":{"id":"application-managecontracts-display-component---AddNewContract--projectDescription","interaction":{"idSuffix":"inner"}},"wdio_ui5_key":"applicationmanagecontracts-display-component---AddNewContract--projectDescription"}]}
RESULT: undefined
COMMAND: POST /session/f10bfffe94842169a26616823eaa69fd/execute/async - {"script":"<script> [776 bytes]","args":[{"enterText":"Contract WDIO","selector":{"id":"application-managecontracts-display-component---AddNewContract--projectDescription","interaction":{"idSuffix":"inner"}},"clearTextFirst":true,"interactionType":"ENTER_TEXT"}]}
RESULT: {"script":"<script> [776 bytes]","args":[{"enterText":"Contract WDIO","selector":{"id":"application-managecontracts-display-component---AddNewContract--projectDescription","interaction":{"idSuffix":"inner"}},"clearTextFirst":true,"interactionType":"ENTER_TEXT"}]}
COMMAND: POST /session/f10bfffe94842169a26616823eaa69fd/element - {"using":"xpath","value":"//input[@id=\"application-managecontracts-display-component---AddNewContract--site-inner\"]"}
RESULT: {"using":"xpath","value":"//input[@id=\"application-managecontracts-display-component---AddNewContract--site-inner\"]"}
COMMAND: POST /session/f10bfffe94842169a26616823eaa69fd/element/f.B31591FEBD8AE49568014889031CF3F7.d.E75B4DED77C23904491D35DA126490C5.e.21808/clear - {}
RESULT: {}
COMMAND: POST /session/f10bfffe94842169a26616823eaa69fd/element/f.B31591FEBD8AE49568014889031CF3F7.d.E75B4DED77C23904491D35DA126490C5.e.21808/value - {"text":"2385"}
COMMAND: GET /session/f10bfffe94842169a26616823eaa69fd/screenshot - {}
RESULT: {"text":"2385"}
COMMAND: GET /session/f10bfffe94842169a26616823eaa69fd/screenshot - {}
RESULT: {}
RESULT: {}
COMMAND: POST /session/f10bfffe94842169a26616823eaa69fd/element - {"using":"xpath","value":"//li[.//span[text()='2385']]"}
RESULT: {"using":"xpath","value":"//li[.//span[text()='2385']]"}
COMMAND: POST /session/f10bfffe94842169a26616823eaa69fd/element/f.B31591FEBD8AE49568014889031CF3F7.d.E75B4DED77C23904491D35DA126490C5.e.21831/click - {}
RESULT: {}
COMMAND: GET /session/f10bfffe94842169a26616823eaa69fd/screenshot - {}
RESULT: {}
COMMAND: POST /session/f10bfffe94842169a26616823eaa69fd/element - {"using":"xpath","value":"//input[@id=\"application-managecontracts-display-component---AddNewContract--yardId-inner\"]"}
RESULT: {"using":"xpath","value":"//input[@id=\"application-managecontracts-display-component---AddNewContract--yardId-inner\"]"}
COMMAND: GET /session/f10bfffe94842169a26616823eaa69fd/element/f.B31591FEBD8AE49568014889031CF3F7.d.E75B4DED77C23904491D35DA126490C5.e.21809/property/value - {}
RESULT: {}
COMMAND: POST /session/f10bfffe94842169a26616823eaa69fd/element - {"using":"xpath","value":"//input[@id=\"application-managecontracts-display-component---AddNewContract--customerSelect-inner\"]"}
RESULT: {"using":"xpath","value":"//input[@id=\"application-managecontracts-display-component---AddNewContract--customerSelect-inner\"]"}
COMMAND: POST /session/f10bfffe94842169a26616823eaa69fd/element/f.B31591FEBD8AE49568014889031CF3F7.d.E75B4DED77C23904491D35DA126490C5.e.21807/clear - {}
RESULT: {}
COMMAND: POST /session/f10bfffe94842169a26616823eaa69fd/element/f.B31591FEBD8AE49568014889031CF3F7.d.E75B4DED77C23904491D35DA126490C5.e.21807/value - {"text":"1425"}
COMMAND: GET /session/f10bfffe94842169a26616823eaa69fd/screenshot - {}
COMMAND: GET /session/f10bfffe94842169a26616823eaa69fd/screenshot - {}
RESULT: {"text":"1425"}
RESULT: {}
COMMAND: GET /session/f10bfffe94842169a26616823eaa69fd/screenshot - {}
RESULT: {}
RESULT: {}
COMMAND: POST /session/f10bfffe94842169a26616823eaa69fd/element - {"using":"xpath","value":"//li[.//span[text()='1425']]"}
RESULT: {"using":"xpath","value":"//li[.//span[text()='1425']]"}
COMMAND: POST /session/f10bfffe94842169a26616823eaa69fd/element/f.B31591FEBD8AE49568014889031CF3F7.d.E75B4DED77C23904491D35DA126490C5.e.21834/click - {}
RESULT: {}
COMMAND: GET /session/f10bfffe94842169a26616823eaa69fd/screenshot - {}
RESULT: {}
COMMAND: POST /session/f10bfffe94842169a26616823eaa69fd/element - {"using":"xpath","value":"//button[@data-kt=\"saveButton\"]"}
RESULT: {"using":"xpath","value":"//button[@data-kt=\"saveButton\"]"}
COMMAND: POST /session/f10bfffe94842169a26616823eaa69fd/element/f.B31591FEBD8AE49568014889031CF3F7.d.E75B4DED77C23904491D35DA126490C5.e.21822/click - {}
RESULT: {}
COMMAND: GET /session/f10bfffe94842169a26616823eaa69fd/screenshot - {}
RESULT: {}
COMMAND: POST /session/f10bfffe94842169a26616823eaa69fd/element - {"using":"xpath","value":"//span[contains(@id ,\"contractDetailTitleNoExpanded\")]"}
RESULT: {"using":"xpath","value":"//span[contains(@id ,\"contractDetailTitleNoExpanded\")]"}
COMMAND: POST /session/f10bfffe94842169a26616823eaa69fd/elements - {"using":"xpath","value":"//span[contains(@id ,\"contractDetailTitleNoExpanded\")]"}
RESULT: {"using":"xpath","value":"//span[contains(@id ,\"contractDetailTitleNoExpanded\")]"}
COMMAND: POST /session/f10bfffe94842169a26616823eaa69fd/execute/sync - {"script":"<script> [56 bytes]","args":[{"element-6066-11e4-a52e-4f735466cecf":"f.B31591FEBD8AE49568014889031CF3F7.d.E75B4DED77C23904491D35DA126490C5.e.21904","ELEMENT":"f.B31591FEBD8AE49568014889031CF3F7.d.E75B4DED77C23904491D35DA126490C5.e.21904"}]}
RESULT: {"script":"<script> [56 bytes]","args":[{"element-6066-11e4-a52e-4f735466cecf":"f.B31591FEBD8AE49568014889031CF3F7.d.E75B4DED77C23904491D35DA126490C5.e.21904","ELEMENT":"f.B31591FEBD8AE49568014889031CF3F7.d.E75B4DED77C23904491D35DA126490C5.e.21904"}]}
COMMAND: GET /session/f10bfffe94842169a26616823eaa69fd/screenshot - {}
RESULT: {}
]]></system-out>
    </testcase>
    <testcase classname="chrome.135_0_7049_42.windows.Billing_Calculation_-_Time_based_(considering_transport_times)_US139738" name="Should add transport time checkbox on contract details" time="16.993">
      <system-out><![CDATA[
COMMAND: POST /session/f10bfffe94842169a26616823eaa69fd/element - {"using":"xpath","value":"//button[@data-kt=\"contractDetailEditBtnButton\"]"}
RESULT: {"using":"xpath","value":"//button[@data-kt=\"contractDetailEditBtnButton\"]"}
COMMAND: POST /session/f10bfffe94842169a26616823eaa69fd/element/f.B31591FEBD8AE49568014889031CF3F7.d.E75B4DED77C23904491D35DA126490C5.e.21907/click - {}
RESULT: {}
COMMAND: GET /session/f10bfffe94842169a26616823eaa69fd/screenshot - {}
RESULT: {}
COMMAND: POST /session/f10bfffe94842169a26616823eaa69fd/element - {"using":"xpath","value":"(//span[contains(text(), \"Contract Billing\")])[2]"}
RESULT: {"using":"xpath","value":"(//span[contains(text(), \"Contract Billing\")])[2]"}
COMMAND: POST /session/f10bfffe94842169a26616823eaa69fd/element/f.B31591FEBD8AE49568014889031CF3F7.d.E75B4DED77C23904491D35DA126490C5.e.21963/click - {}
RESULT: {}
COMMAND: GET /session/f10bfffe94842169a26616823eaa69fd/screenshot - {}
RESULT: {}
COMMAND: POST /session/f10bfffe94842169a26616823eaa69fd/element - {"using":"xpath","value":"(//div[contains(@id, \"transportTimesBilled-CbBg\")])"}
RESULT: {"using":"xpath","value":"(//div[contains(@id, \"transportTimesBilled-CbBg\")])"}
COMMAND: POST /session/f10bfffe94842169a26616823eaa69fd/element/f.B31591FEBD8AE49568014889031CF3F7.d.E75B4DED77C23904491D35DA126490C5.e.21993/click - {}
RESULT: {}
COMMAND: GET /session/f10bfffe94842169a26616823eaa69fd/screenshot - {}
RESULT: {}
COMMAND: POST /session/f10bfffe94842169a26616823eaa69fd/element - {"using":"xpath","value":"(//button[@data-kt=\"saveButton\"])[2]"}
RESULT: {"using":"xpath","value":"(//button[@data-kt=\"saveButton\"])[2]"}
COMMAND: POST /session/f10bfffe94842169a26616823eaa69fd/element/f.B31591FEBD8AE49568014889031CF3F7.d.E75B4DED77C23904491D35DA126490C5.e.21994/click - {}
RESULT: {}
COMMAND: GET /session/f10bfffe94842169a26616823eaa69fd/screenshot - {}
RESULT: {}
]]></system-out>
    </testcase>
    <testcase classname="chrome.135_0_7049_42.windows.Billing_Calculation_-_Time_based_(considering_transport_times)_US139738" name="Should add created equipment to contract" time="44.935">
      <system-out><![CDATA[
COMMAND: POST /session/f10bfffe94842169a26616823eaa69fd/element - {"using":"xpath","value":"//button[@data-kt=\"contractDetailEditBtnButton\"]"}
RESULT: {"using":"xpath","value":"//button[@data-kt=\"contractDetailEditBtnButton\"]"}
COMMAND: POST /session/f10bfffe94842169a26616823eaa69fd/element/f.B31591FEBD8AE49568014889031CF3F7.d.E75B4DED77C23904491D35DA126490C5.e.21907/click - {}
RESULT: {}
COMMAND: GET /session/f10bfffe94842169a26616823eaa69fd/screenshot - {}
RESULT: {}
COMMAND: POST /session/f10bfffe94842169a26616823eaa69fd/element - {"using":"xpath","value":"(//span[contains(text(), \"Additional Addresses\")])[2]"}
RESULT: {"using":"xpath","value":"(//span[contains(text(), \"Additional Addresses\")])[2]"}
COMMAND: POST /session/f10bfffe94842169a26616823eaa69fd/element/f.B31591FEBD8AE49568014889031CF3F7.d.E75B4DED77C23904491D35DA126490C5.e.22013/click - {}
RESULT: {}
COMMAND: GET /session/f10bfffe94842169a26616823eaa69fd/screenshot - {}
RESULT: {}
COMMAND: POST /session/f10bfffe94842169a26616823eaa69fd/element - {"using":"xpath","value":"//button[@data-kt=\"btnAddTableRowOverflowToolbarButton\"]"}
RESULT: {"using":"xpath","value":"//button[@data-kt=\"btnAddTableRowOverflowToolbarButton\"]"}
COMMAND: POST /session/f10bfffe94842169a26616823eaa69fd/element/f.B31591FEBD8AE49568014889031CF3F7.d.E75B4DED77C23904491D35DA126490C5.e.22015/click - {}
RESULT: {}
COMMAND: GET /session/f10bfffe94842169a26616823eaa69fd/screenshot - {}
RESULT: {}
COMMAND: POST /session/f10bfffe94842169a26616823eaa69fd/element - {"using":"xpath","value":"//div[(text() = 'Standard Entry' or . = 'Standard Entry')]"}
RESULT: {"using":"xpath","value":"//div[(text() = 'Standard Entry' or . = 'Standard Entry')]"}
COMMAND: POST /session/f10bfffe94842169a26616823eaa69fd/element/f.B31591FEBD8AE49568014889031CF3F7.d.E75B4DED77C23904491D35DA126490C5.e.22017/click - {}
RESULT: {}
COMMAND: GET /session/f10bfffe94842169a26616823eaa69fd/screenshot - {}
RESULT: {}
COMMAND: POST /session/f10bfffe94842169a26616823eaa69fd/element - {"using":"xpath","value":"//td[7]/div/div/input"}
RESULT: {"using":"xpath","value":"//td[7]/div/div/input"}
COMMAND: POST /session/f10bfffe94842169a26616823eaa69fd/element/f.B31591FEBD8AE49568014889031CF3F7.d.E75B4DED77C23904491D35DA126490C5.e.22026/clear - {}
RESULT: {}
COMMAND: POST /session/f10bfffe94842169a26616823eaa69fd/element/f.B31591FEBD8AE49568014889031CF3F7.d.E75B4DED77C23904491D35DA126490C5.e.22026/value - {"text":"b81lxQmJQ6"}
COMMAND: GET /session/f10bfffe94842169a26616823eaa69fd/screenshot - {}
RESULT: {"text":"b81lxQmJQ6"}
COMMAND: GET /session/f10bfffe94842169a26616823eaa69fd/screenshot - {}
RESULT: {}
RESULT: {}
COMMAND: POST /session/f10bfffe94842169a26616823eaa69fd/actions - {"actions":[{"id":"action72","type":"key","parameters":{},"actions":[{"type":"keyDown","value":""},{"type":"pause","duration":10},{"type":"keyUp","value":""}]}]}
RESULT: {"actions":[{"id":"action72","type":"key","parameters":{},"actions":[{"type":"keyDown","value":""},{"type":"pause","duration":10},{"type":"keyUp","value":""}]}]}
COMMAND: GET /session/f10bfffe94842169a26616823eaa69fd/screenshot - {}
RESULT: {}
COMMAND: POST /session/f10bfffe94842169a26616823eaa69fd/element - {"using":"xpath","value":"(//button[@data-kt=\"saveButton\"])[2]"}
RESULT: {"using":"xpath","value":"(//button[@data-kt=\"saveButton\"])[2]"}
COMMAND: POST /session/f10bfffe94842169a26616823eaa69fd/element/f.B31591FEBD8AE49568014889031CF3F7.d.E75B4DED77C23904491D35DA126490C5.e.21994/click - {}
RESULT: {}
COMMAND: GET /session/f10bfffe94842169a26616823eaa69fd/screenshot - {}
RESULT: {}
COMMAND: POST /session/f10bfffe94842169a26616823eaa69fd/element - {"using":"xpath","value":"//span[contains(@id ,\"contractItemsSmartTable-header-inner\")]"}
RESULT: {"using":"xpath","value":"//span[contains(@id ,\"contractItemsSmartTable-header-inner\")]"}
COMMAND: POST /session/f10bfffe94842169a26616823eaa69fd/elements - {"using":"xpath","value":"//span[contains(@id ,\"contractItemsSmartTable-header-inner\")]"}
RESULT: {"using":"xpath","value":"//span[contains(@id ,\"contractItemsSmartTable-header-inner\")]"}
COMMAND: POST /session/f10bfffe94842169a26616823eaa69fd/execute/sync - {"script":"<script> [56 bytes]","args":[{"element-6066-11e4-a52e-4f735466cecf":"f.B31591FEBD8AE49568014889031CF3F7.d.E75B4DED77C23904491D35DA126490C5.e.22045","ELEMENT":"f.B31591FEBD8AE49568014889031CF3F7.d.E75B4DED77C23904491D35DA126490C5.e.22045"}]}
RESULT: {"script":"<script> [56 bytes]","args":[{"element-6066-11e4-a52e-4f735466cecf":"f.B31591FEBD8AE49568014889031CF3F7.d.E75B4DED77C23904491D35DA126490C5.e.22045","ELEMENT":"f.B31591FEBD8AE49568014889031CF3F7.d.E75B4DED77C23904491D35DA126490C5.e.22045"}]}
]]></system-out>
    </testcase>
    <testcase classname="chrome.135_0_7049_42.windows.Billing_Calculation_-_Time_based_(considering_transport_times)_US139738" name="Should do a provide to site 2 step" time="136.652">
      <system-out><![CDATA[
COMMAND: GET /session/f10bfffe94842169a26616823eaa69fd/screenshot - {}
COMMAND: POST /session/f10bfffe94842169a26616823eaa69fd/element - {"using":"xpath","value":"//button[@data-kt=\"provideButton\"]"}
RESULT: {}
RESULT: {"using":"xpath","value":"//button[@data-kt=\"provideButton\"]"}
COMMAND: POST /session/f10bfffe94842169a26616823eaa69fd/element/f.B31591FEBD8AE49568014889031CF3F7.d.E75B4DED77C23904491D35DA126490C5.e.22047/click - {}
RESULT: {}
COMMAND: GET /session/f10bfffe94842169a26616823eaa69fd/screenshot - {}
RESULT: {}
COMMAND: POST /session/f10bfffe94842169a26616823eaa69fd/element - {"using":"xpath","value":"(//div[contains(@id, \"application-managehandovers-display-component---AddNewHO--oneStep-CbBg\")])"}
RESULT: {"using":"xpath","value":"(//div[contains(@id, \"application-managehandovers-display-component---AddNewHO--oneStep-CbBg\")])"}
COMMAND: POST /session/f10bfffe94842169a26616823eaa69fd/element/f.B31591FEBD8AE49568014889031CF3F7.d.E75B4DED77C23904491D35DA126490C5.e.22355/click - {}
RESULT: {}
RESULT: undefined
COMMAND: POST /session/f10bfffe94842169a26616823eaa69fd/execute/async - {"script":"<script> [6424 bytes]","args":[{"element-6066-11e4-a52e-4f735466cecf":"f.B31591FEBD8AE49568014889031CF3F7.d.E75B4DED77C23904491D35DA126490C5.e.21013"},"setValue",["04/18/2025"]]}
COMMAND: GET /session/f10bfffe94842169a26616823eaa69fd/screenshot - {}
COMMAND: POST /session/f10bfffe94842169a26616823eaa69fd/execute/async - {"script":"<script> [1562 bytes]","args":[{"selector":{"id":"application-managehandovers-display-component---AddNewHO--dueDate","interaction":{"idSuffix":"inner"}},"wdio_ui5_key":"applicationmanagehandovers-display-component---AddNewHO--dueDate"}]}
RESULT: {}
RESULT: {"script":"<script> [1562 bytes]","args":[{"selector":{"id":"application-managehandovers-display-component---AddNewHO--dueDate","interaction":{"idSuffix":"inner"}},"wdio_ui5_key":"applicationmanagehandovers-display-component---AddNewHO--dueDate"}]}
COMMAND: POST /session/f10bfffe94842169a26616823eaa69fd/execute/async - {"script":"<script> [6424 bytes]","args":[{"element-6066-11e4-a52e-4f735466cecf":"f.B31591FEBD8AE49568014889031CF3F7.d.E75B4DED77C23904491D35DA126490C5.e.22119"},"setValue",["04/18/2025"]]}
RESULT: {"script":"<script> [6424 bytes]","args":[{"element-6066-11e4-a52e-4f735466cecf":"f.B31591FEBD8AE49568014889031CF3F7.d.E75B4DED77C23904491D35DA126490C5.e.22119"},"setValue",["04/18/2025"]]}
COMMAND: POST /session/f10bfffe94842169a26616823eaa69fd/element - {"using":"xpath","value":"//bdi[contains(text(), \"Instructions\")]"}
RESULT: {"using":"xpath","value":"//bdi[contains(text(), \"Instructions\")]"}
COMMAND: POST /session/f10bfffe94842169a26616823eaa69fd/element/f.B31591FEBD8AE49568014889031CF3F7.d.E75B4DED77C23904491D35DA126490C5.e.22357/click - {}
RESULT: {}
COMMAND: GET /session/f10bfffe94842169a26616823eaa69fd/screenshot - {}
RESULT: {}
COMMAND: POST /session/f10bfffe94842169a26616823eaa69fd/element - {"using":"xpath","value":"//button[@data-kt=\"AddNewHOProvideAddItemsButton\"]"}
RESULT: {"using":"xpath","value":"//button[@data-kt=\"AddNewHOProvideAddItemsButton\"]"}
COMMAND: POST /session/f10bfffe94842169a26616823eaa69fd/element/f.B31591FEBD8AE49568014889031CF3F7.d.E75B4DED77C23904491D35DA126490C5.e.22361/click - {}
RESULT: {}
COMMAND: GET /session/f10bfffe94842169a26616823eaa69fd/screenshot - {}
RESULT: {}
RESULT: undefined
COMMAND: POST /session/f10bfffe94842169a26616823eaa69fd/element - {"using":"xpath","value":"//*[@id=\"application-managehandovers-display-component---AddNewHO--popup-sa\"]"}
RESULT: {"using":"xpath","value":"//*[@id=\"application-managehandovers-display-component---AddNewHO--popup-sa\"]"}
COMMAND: POST /session/f10bfffe94842169a26616823eaa69fd/element/f.B31591FEBD8AE49568014889031CF3F7.d.E75B4DED77C23904491D35DA126490C5.e.22377/click - {}
RESULT: {}
COMMAND: GET /session/f10bfffe94842169a26616823eaa69fd/screenshot - {}
RESULT: {}
COMMAND: POST /session/f10bfffe94842169a26616823eaa69fd/element - {"using":"xpath","value":"//*[contains(@id ,\"BDI-content\")][contains(text(), \"Select\")]"}
RESULT: {"using":"xpath","value":"//*[contains(@id ,\"BDI-content\")][contains(text(), \"Select\")]"}
COMMAND: POST /session/f10bfffe94842169a26616823eaa69fd/element/f.B31591FEBD8AE49568014889031CF3F7.d.E75B4DED77C23904491D35DA126490C5.e.22379/click - {}
RESULT: {}
COMMAND: GET /session/f10bfffe94842169a26616823eaa69fd/screenshot - {}
RESULT: {}
COMMAND: POST /session/f10bfffe94842169a26616823eaa69fd/execute/async - {"script":"<script> [1562 bytes]","args":[{"selector":{"id":"application-managehandovers-display-component---AddNewHO--confirmCreationButton","interaction":{"idSuffix":"BDI-content"}},"wdio_ui5_key":"applicationmanagehandovers-display-component---AddNewHO--confirmCreationButton"}]}
RESULT: {"script":"<script> [1562 bytes]","args":[{"selector":{"id":"application-managehandovers-display-component---AddNewHO--confirmCreationButton","interaction":{"idSuffix":"BDI-content"}},"wdio_ui5_key":"applicationmanagehandovers-display-component---AddNewHO--confirmCreationButton"}]}
RESULT: undefined
COMMAND: POST /session/f10bfffe94842169a26616823eaa69fd/element - {"using":"xpath","value":"//*[@id=\"application-managehandovers-display-component---AddNewHO--confirmCreationButton\"]"}
RESULT: {"using":"xpath","value":"//*[@id=\"application-managehandovers-display-component---AddNewHO--confirmCreationButton\"]"}
COMMAND: POST /session/f10bfffe94842169a26616823eaa69fd/element/f.B31591FEBD8AE49568014889031CF3F7.d.E75B4DED77C23904491D35DA126490C5.e.22165/click - {}
RESULT: {}
COMMAND: GET /session/f10bfffe94842169a26616823eaa69fd/screenshot - {}
RESULT: {}
COMMAND: POST /session/f10bfffe94842169a26616823eaa69fd/element - {"using":"xpath","value":"//button[@data-kt=\"PickingTableConfirmAllButton\"]"}
RESULT: {"using":"xpath","value":"//button[@data-kt=\"PickingTableConfirmAllButton\"]"}
COMMAND: POST /session/f10bfffe94842169a26616823eaa69fd/elements - {"using":"xpath","value":"//button[@data-kt=\"PickingTableConfirmAllButton\"]"}
RESULT: {"using":"xpath","value":"//button[@data-kt=\"PickingTableConfirmAllButton\"]"}
COMMAND: POST /session/f10bfffe94842169a26616823eaa69fd/elements - {"using":"xpath","value":"//button[@data-kt=\"PickingTableConfirmAllButton\"]"}
RESULT: {"using":"xpath","value":"//button[@data-kt=\"PickingTableConfirmAllButton\"]"}
COMMAND: POST /session/f10bfffe94842169a26616823eaa69fd/element - {"using":"xpath","value":"//button[@data-kt=\"PickingTableConfirmAllButton\"]"}
RESULT: {"using":"xpath","value":"//button[@data-kt=\"PickingTableConfirmAllButton\"]"}
COMMAND: POST /session/f10bfffe94842169a26616823eaa69fd/element/f.B31591FEBD8AE49568014889031CF3F7.d.E75B4DED77C23904491D35DA126490C5.e.22417/click - {}
COMMAND: POST /session/f10bfffe94842169a26616823eaa69fd/element - {"using":"xpath","value":"//button[@data-kt=\"PickingTableConfirmAllButton\"]"}
RESULT: {"using":"xpath","value":"//button[@data-kt=\"PickingTableConfirmAllButton\"]"}
COMMAND: POST /session/f10bfffe94842169a26616823eaa69fd/element/f.B31591FEBD8AE49568014889031CF3F7.d.E75B4DED77C23904491D35DA126490C5.e.22417/click - {}
COMMAND: POST /session/f10bfffe94842169a26616823eaa69fd/element - {"using":"xpath","value":"//button[@data-kt=\"PickingTableConfirmAllButton\"]"}
RESULT: {"using":"xpath","value":"//button[@data-kt=\"PickingTableConfirmAllButton\"]"}
COMMAND: POST /session/f10bfffe94842169a26616823eaa69fd/element/f.B31591FEBD8AE49568014889031CF3F7.d.E75B4DED77C23904491D35DA126490C5.e.22439/click - {}
RESULT: {}
COMMAND: GET /session/f10bfffe94842169a26616823eaa69fd/screenshot - {}
RESULT: {}
COMMAND: POST /session/f10bfffe94842169a26616823eaa69fd/element - {"using":"xpath","value":"//bdi[contains(text(), \"OK\")]"}
RESULT: {"using":"xpath","value":"//bdi[contains(text(), \"OK\")]"}
COMMAND: POST /session/f10bfffe94842169a26616823eaa69fd/element/f.B31591FEBD8AE49568014889031CF3F7.d.E75B4DED77C23904491D35DA126490C5.e.22443/click - {}
RESULT: {}
COMMAND: GET /session/f10bfffe94842169a26616823eaa69fd/screenshot - {}
RESULT: {}
COMMAND: POST /session/f10bfffe94842169a26616823eaa69fd/element - {"using":"xpath","value":"//button[@data-kt=\"execHoPickButton\"]"}
RESULT: {"using":"xpath","value":"//button[@data-kt=\"execHoPickButton\"]"}
COMMAND: POST /session/f10bfffe94842169a26616823eaa69fd/element/f.B31591FEBD8AE49568014889031CF3F7.d.E75B4DED77C23904491D35DA126490C5.e.22445/click - {}
RESULT: {}
COMMAND: GET /session/f10bfffe94842169a26616823eaa69fd/screenshot - {}
RESULT: {}
COMMAND: POST /session/f10bfffe94842169a26616823eaa69fd/element - {"using":"xpath","value":"//span[contains(@id ,\"filterItemControl_BASIC-RECEIVE_CONTRACT-vhi\")]"}
RESULT: {"using":"xpath","value":"//span[contains(@id ,\"filterItemControl_BASIC-RECEIVE_CONTRACT-vhi\")]"}
COMMAND: POST /session/f10bfffe94842169a26616823eaa69fd/element/f.B31591FEBD8AE49568014889031CF3F7.d.E75B4DED77C23904491D35DA126490C5.e.22620/click - {}
RESULT: {}
COMMAND: GET /session/f10bfffe94842169a26616823eaa69fd/screenshot - {}
RESULT: {}
COMMAND: POST /session/f10bfffe94842169a26616823eaa69fd/execute/async - {"script":"<script> [1562 bytes]","args":[{"selector":{"controlType":"sap.m.SearchField","viewName":"etm.portal.ui.managehandovers.view.MasterHO","bindingPath":{"path":"","propertyPath":"/_BASIC_SEARCH_FIELD","modelName":"fi1t3rM0d31"},"searchOpenDialogs":true,"interaction":{"idSuffix":"I"}},"wdio_ui5_key":"etmportal.ui.managehandovers.view.MasterHOsap.m.SearchField{\"path\":\"\",\"propertyPath\":\"/_BASIC_SEARCH_FIELD\",\"modelName\":\"fi1t3rM0d31\"}"}]}
RESULT: {"script":"<script> [1562 bytes]","args":[{"selector":{"controlType":"sap.m.SearchField","viewName":"etm.portal.ui.managehandovers.view.MasterHO","bindingPath":{"path":"","propertyPath":"/_BASIC_SEARCH_FIELD","modelName":"fi1t3rM0d31"},"searchOpenDialogs":true,"interaction":{"idSuffix":"I"}},"wdio_ui5_key":"etmportal.ui.managehandovers.view.MasterHOsap.m.SearchField{\"path\":\"\",\"propertyPath\":\"/_BASIC_SEARCH_FIELD\",\"modelName\":\"fi1t3rM0d31\"}"}]}
RESULT: undefined
COMMAND: POST /session/f10bfffe94842169a26616823eaa69fd/execute/async - {"script":"<script> [776 bytes]","args":[{"enterText":"10467","selector":{"controlType":"sap.m.SearchField","viewName":"etm.portal.ui.managehandovers.view.MasterHO","bindingPath":{"path":"","propertyPath":"/_BASIC_SEARCH_FIELD","modelName":"fi1t3rM0d31"},"searchOpenDialogs":true,"interaction":{"idSuffix":"I"}},"clearTextFirst":true,"interactionType":"ENTER_TEXT"}]}
RESULT: {"script":"<script> [776 bytes]","args":[{"enterText":"10467","selector":{"controlType":"sap.m.SearchField","viewName":"etm.portal.ui.managehandovers.view.MasterHO","bindingPath":{"path":"","propertyPath":"/_BASIC_SEARCH_FIELD","modelName":"fi1t3rM0d31"},"searchOpenDialogs":true,"interaction":{"idSuffix":"I"}},"clearTextFirst":true,"interactionType":"ENTER_TEXT"}]}
COMMAND: POST /session/f10bfffe94842169a26616823eaa69fd/actions - {"actions":[{"id":"action73","type":"key","parameters":{},"actions":[{"type":"keyDown","value":""},{"type":"pause","duration":10},{"type":"keyUp","value":""}]}]}
RESULT: {"actions":[{"id":"action73","type":"key","parameters":{},"actions":[{"type":"keyDown","value":""},{"type":"pause","duration":10},{"type":"keyUp","value":""}]}]}
COMMAND: GET /session/f10bfffe94842169a26616823eaa69fd/screenshot - {}
RESULT: {}
COMMAND: POST /session/f10bfffe94842169a26616823eaa69fd/element - {"using":"xpath","value":"//div[contains(@id, 'filterItemControl_BASIC-RECEIVE_CONTRACT-valueHelpDialog-table-rowsel0')]"}
RESULT: {"using":"xpath","value":"//div[contains(@id, 'filterItemControl_BASIC-RECEIVE_CONTRACT-valueHelpDialog-table-rowsel0')]"}
COMMAND: POST /session/f10bfffe94842169a26616823eaa69fd/element/f.B31591FEBD8AE49568014889031CF3F7.d.E75B4DED77C23904491D35DA126490C5.e.22630/click - {}
RESULT: {}
COMMAND: GET /session/f10bfffe94842169a26616823eaa69fd/screenshot - {}
RESULT: {}
COMMAND: POST /session/f10bfffe94842169a26616823eaa69fd/element - {"using":"xpath","value":"//bdi[contains(text(), \"OK\")]"}
RESULT: {"using":"xpath","value":"//bdi[contains(text(), \"OK\")]"}
COMMAND: POST /session/f10bfffe94842169a26616823eaa69fd/element/f.B31591FEBD8AE49568014889031CF3F7.d.E75B4DED77C23904491D35DA126490C5.e.22632/click - {}
RESULT: {}
COMMAND: GET /session/f10bfffe94842169a26616823eaa69fd/screenshot - {}
RESULT: {}
COMMAND: POST /session/f10bfffe94842169a26616823eaa69fd/element - {"using":"xpath","value":"//span[contains(@id, \"smartTable-header-inner\")]"}
RESULT: {"using":"xpath","value":"//span[contains(@id, \"smartTable-header-inner\")]"}
COMMAND: POST /session/f10bfffe94842169a26616823eaa69fd/elements - {"using":"xpath","value":"//span[contains(@id, \"smartTable-header-inner\")]"}
RESULT: {"using":"xpath","value":"//span[contains(@id, \"smartTable-header-inner\")]"}
COMMAND: POST /session/f10bfffe94842169a26616823eaa69fd/execute/sync - {"script":"<script> [56 bytes]","args":[{"element-6066-11e4-a52e-4f735466cecf":"f.B31591FEBD8AE49568014889031CF3F7.d.E75B4DED77C23904491D35DA126490C5.e.22660","ELEMENT":"f.B31591FEBD8AE49568014889031CF3F7.d.E75B4DED77C23904491D35DA126490C5.e.22660"}]}
RESULT: {"script":"<script> [56 bytes]","args":[{"element-6066-11e4-a52e-4f735466cecf":"f.B31591FEBD8AE49568014889031CF3F7.d.E75B4DED77C23904491D35DA126490C5.e.22660","ELEMENT":"f.B31591FEBD8AE49568014889031CF3F7.d.E75B4DED77C23904491D35DA126490C5.e.22660"}]}
COMMAND: POST /session/f10bfffe94842169a26616823eaa69fd/element - {"using":"xpath","value":"//table[contains(@id, \"customHandovers\")]//tbody/tr[1]/td[2]/span"}
COMMAND: GET /session/f10bfffe94842169a26616823eaa69fd/screenshot - {}
RESULT: {"using":"xpath","value":"//table[contains(@id, \"customHandovers\")]//tbody/tr[1]/td[2]/span"}
COMMAND: POST /session/f10bfffe94842169a26616823eaa69fd/execute/sync - {"script":"<script> [56 bytes]","args":[{"element-6066-11e4-a52e-4f735466cecf":"f.B31591FEBD8AE49568014889031CF3F7.d.E75B4DED77C23904491D35DA126490C5.e.22661","ELEMENT":"f.B31591FEBD8AE49568014889031CF3F7.d.E75B4DED77C23904491D35DA126490C5.e.22661"}]}
RESULT: {}
RESULT: {"script":"<script> [56 bytes]","args":[{"element-6066-11e4-a52e-4f735466cecf":"f.B31591FEBD8AE49568014889031CF3F7.d.E75B4DED77C23904491D35DA126490C5.e.22661","ELEMENT":"f.B31591FEBD8AE49568014889031CF3F7.d.E75B4DED77C23904491D35DA126490C5.e.22661"}]}
COMMAND: POST /session/f10bfffe94842169a26616823eaa69fd/element - {"using":"xpath","value":"(//span[contains(@id, \"imgNav\")])[1]"}
COMMAND: GET /session/f10bfffe94842169a26616823eaa69fd/screenshot - {}
RESULT: {}
RESULT: {"using":"xpath","value":"(//span[contains(@id, \"imgNav\")])[1]"}
COMMAND: POST /session/f10bfffe94842169a26616823eaa69fd/element/f.B31591FEBD8AE49568014889031CF3F7.d.E75B4DED77C23904491D35DA126490C5.e.22659/click - {}
RESULT: {}
COMMAND: GET /session/f10bfffe94842169a26616823eaa69fd/screenshot - {}
RESULT: {}
COMMAND: POST /session/f10bfffe94842169a26616823eaa69fd/element - {"using":"xpath","value":"//button[@data-kt=\"PickingTableConfirmAllButton\"]"}
RESULT: {"using":"xpath","value":"//button[@data-kt=\"PickingTableConfirmAllButton\"]"}
COMMAND: POST /session/f10bfffe94842169a26616823eaa69fd/element/f.B31591FEBD8AE49568014889031CF3F7.d.E75B4DED77C23904491D35DA126490C5.e.22701/click - {}
RESULT: {}
COMMAND: GET /session/f10bfffe94842169a26616823eaa69fd/screenshot - {}
RESULT: {}
COMMAND: POST /session/f10bfffe94842169a26616823eaa69fd/element - {"using":"xpath","value":"//bdi[contains(text(), \"OK\")]"}
RESULT: {"using":"xpath","value":"//bdi[contains(text(), \"OK\")]"}
COMMAND: POST /session/f10bfffe94842169a26616823eaa69fd/element/f.B31591FEBD8AE49568014889031CF3F7.d.E75B4DED77C23904491D35DA126490C5.e.22713/click - {}
RESULT: {}
COMMAND: GET /session/f10bfffe94842169a26616823eaa69fd/screenshot - {}
RESULT: {}
COMMAND: POST /session/f10bfffe94842169a26616823eaa69fd/element - {"using":"xpath","value":"//button[@data-kt=\"execHoIssueButton\"]"}
RESULT: {"using":"xpath","value":"//button[@data-kt=\"execHoIssueButton\"]"}
COMMAND: POST /session/f10bfffe94842169a26616823eaa69fd/element/f.B31591FEBD8AE49568014889031CF3F7.d.E75B4DED77C23904491D35DA126490C5.e.22715/click - {}
RESULT: {}
COMMAND: GET /session/f10bfffe94842169a26616823eaa69fd/screenshot - {}
RESULT: {}
COMMAND: POST /session/f10bfffe94842169a26616823eaa69fd/element - {"using":"xpath","value":"//input[contains(@id ,\"smartFilterBar-btnBasicSearch-I\")]"}
RESULT: {"using":"xpath","value":"//input[contains(@id ,\"smartFilterBar-btnBasicSearch-I\")]"}
COMMAND: POST /session/f10bfffe94842169a26616823eaa69fd/elements - {"using":"xpath","value":"//input[contains(@id ,\"smartFilterBar-btnBasicSearch-I\")]"}
RESULT: {"using":"xpath","value":"//input[contains(@id ,\"smartFilterBar-btnBasicSearch-I\")]"}
COMMAND: POST /session/f10bfffe94842169a26616823eaa69fd/execute/sync - {"script":"<script> [8489 bytes]","args":[{"element-6066-11e4-a52e-4f735466cecf":"f.B31591FEBD8AE49568014889031CF3F7.d.E75B4DED77C23904491D35DA126490C5.e.22118","ELEMENT":"f.B31591FEBD8AE49568014889031CF3F7.d.E75B4DED77C23904491D35DA126490C5.e.22118"}]}
RESULT: {"script":"<script> [8489 bytes]","args":[{"element-6066-11e4-a52e-4f735466cecf":"f.B31591FEBD8AE49568014889031CF3F7.d.E75B4DED77C23904491D35DA126490C5.e.22118","ELEMENT":"f.B31591FEBD8AE49568014889031CF3F7.d.E75B4DED77C23904491D35DA126490C5.e.22118"}]}
COMMAND: GET /session/f10bfffe94842169a26616823eaa69fd/element/f.B31591FEBD8AE49568014889031CF3F7.d.E75B4DED77C23904491D35DA126490C5.e.22118/enabled - {}
COMMAND: GET /session/f10bfffe94842169a26616823eaa69fd/screenshot - {}
RESULT: {}
COMMAND: POST /session/f10bfffe94842169a26616823eaa69fd/element/f.B31591FEBD8AE49568014889031CF3F7.d.E75B4DED77C23904491D35DA126490C5.e.22118/clear - {}
COMMAND: GET /session/f10bfffe94842169a26616823eaa69fd/screenshot - {}
RESULT: {}
RESULT: {}
COMMAND: POST /session/f10bfffe94842169a26616823eaa69fd/element/f.B31591FEBD8AE49568014889031CF3F7.d.E75B4DED77C23904491D35DA126490C5.e.22118/value - {"text":"30831"}
COMMAND: GET /session/f10bfffe94842169a26616823eaa69fd/screenshot - {}
RESULT: {}
RESULT: {"text":"30831"}
COMMAND: GET /session/f10bfffe94842169a26616823eaa69fd/screenshot - {}
RESULT: {}
RESULT: {}
COMMAND: POST /session/f10bfffe94842169a26616823eaa69fd/actions - {"actions":[{"id":"action74","type":"key","parameters":{},"actions":[{"type":"keyDown","value":""},{"type":"pause","duration":10},{"type":"keyUp","value":""}]}]}
RESULT: {"actions":[{"id":"action74","type":"key","parameters":{},"actions":[{"type":"keyDown","value":""},{"type":"pause","duration":10},{"type":"keyUp","value":""}]}]}
COMMAND: GET /session/f10bfffe94842169a26616823eaa69fd/screenshot - {}
RESULT: {}
COMMAND: POST /session/f10bfffe94842169a26616823eaa69fd/element - {"using":"xpath","value":"//span[contains(@id, \"smartTable-header-inner\")]"}
RESULT: {"using":"xpath","value":"//span[contains(@id, \"smartTable-header-inner\")]"}
COMMAND: POST /session/f10bfffe94842169a26616823eaa69fd/elements - {"using":"xpath","value":"//span[contains(@id, \"smartTable-header-inner\")]"}
RESULT: {"using":"xpath","value":"//span[contains(@id, \"smartTable-header-inner\")]"}
COMMAND: POST /session/f10bfffe94842169a26616823eaa69fd/execute/sync - {"script":"<script> [56 bytes]","args":[{"element-6066-11e4-a52e-4f735466cecf":"f.B31591FEBD8AE49568014889031CF3F7.d.E75B4DED77C23904491D35DA126490C5.e.22660","ELEMENT":"f.B31591FEBD8AE49568014889031CF3F7.d.E75B4DED77C23904491D35DA126490C5.e.22660"}]}
RESULT: {"script":"<script> [56 bytes]","args":[{"element-6066-11e4-a52e-4f735466cecf":"f.B31591FEBD8AE49568014889031CF3F7.d.E75B4DED77C23904491D35DA126490C5.e.22660","ELEMENT":"f.B31591FEBD8AE49568014889031CF3F7.d.E75B4DED77C23904491D35DA126490C5.e.22660"}]}
COMMAND: POST /session/f10bfffe94842169a26616823eaa69fd/elements - {"using":"xpath","value":"//thead[contains(@class, \"sapMTableTH\")]/tr/th"}
COMMAND: GET /session/f10bfffe94842169a26616823eaa69fd/screenshot - {}
RESULT: {"using":"xpath","value":"//thead[contains(@class, \"sapMTableTH\")]/tr/th"}
COMMAND: GET /session/f10bfffe94842169a26616823eaa69fd/element/f.B31591FEBD8AE49568014889031CF3F7.d.E75B4DED77C23904491D35DA126490C5.e.22759/text - {}
RESULT: {}
RESULT: {}
COMMAND: GET /session/f10bfffe94842169a26616823eaa69fd/element/f.B31591FEBD8AE49568014889031CF3F7.d.E75B4DED77C23904491D35DA126490C5.e.22760/text - {}
RESULT: {}
COMMAND: GET /session/f10bfffe94842169a26616823eaa69fd/element/f.B31591FEBD8AE49568014889031CF3F7.d.E75B4DED77C23904491D35DA126490C5.e.22112/text - {}
RESULT: {}
COMMAND: GET /session/f10bfffe94842169a26616823eaa69fd/element/f.B31591FEBD8AE49568014889031CF3F7.d.E75B4DED77C23904491D35DA126490C5.e.22114/text - {}
RESULT: {}
COMMAND: GET /session/f10bfffe94842169a26616823eaa69fd/element/f.B31591FEBD8AE49568014889031CF3F7.d.E75B4DED77C23904491D35DA126490C5.e.22718/text - {}
RESULT: {}
COMMAND: GET /session/f10bfffe94842169a26616823eaa69fd/element/f.B31591FEBD8AE49568014889031CF3F7.d.E75B4DED77C23904491D35DA126490C5.e.22719/text - {}
RESULT: {}
COMMAND: GET /session/f10bfffe94842169a26616823eaa69fd/element/f.B31591FEBD8AE49568014889031CF3F7.d.E75B4DED77C23904491D35DA126490C5.e.22720/text - {}
RESULT: {}
COMMAND: GET /session/f10bfffe94842169a26616823eaa69fd/element/f.B31591FEBD8AE49568014889031CF3F7.d.E75B4DED77C23904491D35DA126490C5.e.22721/text - {}
RESULT: {}
COMMAND: GET /session/f10bfffe94842169a26616823eaa69fd/element/f.B31591FEBD8AE49568014889031CF3F7.d.E75B4DED77C23904491D35DA126490C5.e.22722/text - {}
RESULT: {}
COMMAND: GET /session/f10bfffe94842169a26616823eaa69fd/element/f.B31591FEBD8AE49568014889031CF3F7.d.E75B4DED77C23904491D35DA126490C5.e.22723/text - {}
RESULT: {}
COMMAND: GET /session/f10bfffe94842169a26616823eaa69fd/element/f.B31591FEBD8AE49568014889031CF3F7.d.E75B4DED77C23904491D35DA126490C5.e.22724/text - {}
RESULT: {}
COMMAND: GET /session/f10bfffe94842169a26616823eaa69fd/element/f.B31591FEBD8AE49568014889031CF3F7.d.E75B4DED77C23904491D35DA126490C5.e.22725/text - {}
RESULT: {}
COMMAND: GET /session/f10bfffe94842169a26616823eaa69fd/element/f.B31591FEBD8AE49568014889031CF3F7.d.E75B4DED77C23904491D35DA126490C5.e.22726/text - {}
RESULT: {}
COMMAND: GET /session/f10bfffe94842169a26616823eaa69fd/element/f.B31591FEBD8AE49568014889031CF3F7.d.E75B4DED77C23904491D35DA126490C5.e.22115/text - {}
RESULT: {}
COMMAND: POST /session/f10bfffe94842169a26616823eaa69fd/element - {"using":"xpath","value":"//tbody[contains(@id, \"customHandoversTable-tblBody\")]/tr[1]/td[14]/div/span"}
RESULT: {"using":"xpath","value":"//tbody[contains(@id, \"customHandoversTable-tblBody\")]/tr[1]/td[14]/div/span"}
COMMAND: POST /session/f10bfffe94842169a26616823eaa69fd/execute/sync - {"script":"<script> [56 bytes]","args":[{"element-6066-11e4-a52e-4f735466cecf":"f.B31591FEBD8AE49568014889031CF3F7.d.E75B4DED77C23904491D35DA126490C5.e.22812","ELEMENT":"f.B31591FEBD8AE49568014889031CF3F7.d.E75B4DED77C23904491D35DA126490C5.e.22812"}]}
RESULT: {"script":"<script> [56 bytes]","args":[{"element-6066-11e4-a52e-4f735466cecf":"f.B31591FEBD8AE49568014889031CF3F7.d.E75B4DED77C23904491D35DA126490C5.e.22812","ELEMENT":"f.B31591FEBD8AE49568014889031CF3F7.d.E75B4DED77C23904491D35DA126490C5.e.22812"}]}
COMMAND: POST /session/f10bfffe94842169a26616823eaa69fd/element - {"using":"xpath","value":"(//span[contains(@id, \"imgNav\")])[1]"}
COMMAND: GET /session/f10bfffe94842169a26616823eaa69fd/screenshot - {}
RESULT: {"using":"xpath","value":"(//span[contains(@id, \"imgNav\")])[1]"}
COMMAND: POST /session/f10bfffe94842169a26616823eaa69fd/element/f.B31591FEBD8AE49568014889031CF3F7.d.E75B4DED77C23904491D35DA126490C5.e.22754/click - {}
RESULT: {}
RESULT: {}
COMMAND: GET /session/f10bfffe94842169a26616823eaa69fd/screenshot - {}
RESULT: {}
RESULT: undefined
COMMAND: POST /session/f10bfffe94842169a26616823eaa69fd/execute/async - {"script":"<script> [776 bytes]","args":[{"enterText":"04/25/25","selector":{"id":"receiptDatePicker","viewName":"etm.portal.ui.managehandovers.view.DetailExecuteHO","interaction":{"idSuffix":"inner"}},"clearTextFirst":true,"interactionType":"ENTER_TEXT"}]}
RESULT: {"script":"<script> [776 bytes]","args":[{"enterText":"04/25/25","selector":{"id":"receiptDatePicker","viewName":"etm.portal.ui.managehandovers.view.DetailExecuteHO","interaction":{"idSuffix":"inner"}},"clearTextFirst":true,"interactionType":"ENTER_TEXT"}]}
COMMAND: POST /session/f10bfffe94842169a26616823eaa69fd/element - {"using":"xpath","value":"//button[@data-kt=\"PickingTableConfirmAllButton\"]"}
RESULT: {"using":"xpath","value":"//button[@data-kt=\"PickingTableConfirmAllButton\"]"}
COMMAND: POST /session/f10bfffe94842169a26616823eaa69fd/element/f.B31591FEBD8AE49568014889031CF3F7.d.E75B4DED77C23904491D35DA126490C5.e.22820/click - {}
RESULT: {}
COMMAND: GET /session/f10bfffe94842169a26616823eaa69fd/screenshot - {}
RESULT: {}
COMMAND: POST /session/f10bfffe94842169a26616823eaa69fd/element - {"using":"xpath","value":"//bdi[contains(text(), \"OK\")]"}
RESULT: {"using":"xpath","value":"//bdi[contains(text(), \"OK\")]"}
COMMAND: POST /session/f10bfffe94842169a26616823eaa69fd/element/f.B31591FEBD8AE49568014889031CF3F7.d.E75B4DED77C23904491D35DA126490C5.e.22839/click - {}
RESULT: {}
COMMAND: GET /session/f10bfffe94842169a26616823eaa69fd/screenshot - {}
RESULT: {}
COMMAND: POST /session/f10bfffe94842169a26616823eaa69fd/element - {"using":"xpath","value":"//button[@data-kt= \"execHoReceiveButton\"]"}
RESULT: {"using":"xpath","value":"//button[@data-kt= \"execHoReceiveButton\"]"}
COMMAND: POST /session/f10bfffe94842169a26616823eaa69fd/element/f.B31591FEBD8AE49568014889031CF3F7.d.E75B4DED77C23904491D35DA126490C5.e.22840/click - {}
RESULT: {}
COMMAND: GET /session/f10bfffe94842169a26616823eaa69fd/screenshot - {}
RESULT: {}
COMMAND: POST /session/f10bfffe94842169a26616823eaa69fd/element - {"using":"xpath","value":"//input[contains(@id ,\"smartFilterBar-btnBasicSearch-I\")]"}
RESULT: {"using":"xpath","value":"//input[contains(@id ,\"smartFilterBar-btnBasicSearch-I\")]"}
COMMAND: POST /session/f10bfffe94842169a26616823eaa69fd/elements - {"using":"xpath","value":"//input[contains(@id ,\"smartFilterBar-btnBasicSearch-I\")]"}
RESULT: {"using":"xpath","value":"//input[contains(@id ,\"smartFilterBar-btnBasicSearch-I\")]"}
COMMAND: POST /session/f10bfffe94842169a26616823eaa69fd/execute/sync - {"script":"<script> [8489 bytes]","args":[{"element-6066-11e4-a52e-4f735466cecf":"f.B31591FEBD8AE49568014889031CF3F7.d.E75B4DED77C23904491D35DA126490C5.e.22118","ELEMENT":"f.B31591FEBD8AE49568014889031CF3F7.d.E75B4DED77C23904491D35DA126490C5.e.22118"}]}
RESULT: {"script":"<script> [8489 bytes]","args":[{"element-6066-11e4-a52e-4f735466cecf":"f.B31591FEBD8AE49568014889031CF3F7.d.E75B4DED77C23904491D35DA126490C5.e.22118","ELEMENT":"f.B31591FEBD8AE49568014889031CF3F7.d.E75B4DED77C23904491D35DA126490C5.e.22118"}]}
COMMAND: GET /session/f10bfffe94842169a26616823eaa69fd/element/f.B31591FEBD8AE49568014889031CF3F7.d.E75B4DED77C23904491D35DA126490C5.e.22118/enabled - {}
COMMAND: GET /session/f10bfffe94842169a26616823eaa69fd/screenshot - {}
RESULT: {}
COMMAND: POST /session/f10bfffe94842169a26616823eaa69fd/element/f.B31591FEBD8AE49568014889031CF3F7.d.E75B4DED77C23904491D35DA126490C5.e.22118/clear - {}
COMMAND: GET /session/f10bfffe94842169a26616823eaa69fd/screenshot - {}
RESULT: {}
RESULT: {}
COMMAND: POST /session/f10bfffe94842169a26616823eaa69fd/element/f.B31591FEBD8AE49568014889031CF3F7.d.E75B4DED77C23904491D35DA126490C5.e.22118/value - {"text":"30831"}
COMMAND: GET /session/f10bfffe94842169a26616823eaa69fd/screenshot - {}
RESULT: {}
RESULT: {"text":"30831"}
COMMAND: GET /session/f10bfffe94842169a26616823eaa69fd/screenshot - {}
RESULT: {}
RESULT: {}
COMMAND: POST /session/f10bfffe94842169a26616823eaa69fd/actions - {"actions":[{"id":"action75","type":"key","parameters":{},"actions":[{"type":"keyDown","value":""},{"type":"pause","duration":10},{"type":"keyUp","value":""}]}]}
RESULT: {"actions":[{"id":"action75","type":"key","parameters":{},"actions":[{"type":"keyDown","value":""},{"type":"pause","duration":10},{"type":"keyUp","value":""}]}]}
COMMAND: GET /session/f10bfffe94842169a26616823eaa69fd/screenshot - {}
RESULT: {}
COMMAND: POST /session/f10bfffe94842169a26616823eaa69fd/element - {"using":"xpath","value":"//span[contains(@id, \"smartTable-header-inner\")]"}
RESULT: {"using":"xpath","value":"//span[contains(@id, \"smartTable-header-inner\")]"}
COMMAND: POST /session/f10bfffe94842169a26616823eaa69fd/elements - {"using":"xpath","value":"//span[contains(@id, \"smartTable-header-inner\")]"}
RESULT: {"using":"xpath","value":"//span[contains(@id, \"smartTable-header-inner\")]"}
COMMAND: POST /session/f10bfffe94842169a26616823eaa69fd/execute/sync - {"script":"<script> [56 bytes]","args":[{"element-6066-11e4-a52e-4f735466cecf":"f.B31591FEBD8AE49568014889031CF3F7.d.E75B4DED77C23904491D35DA126490C5.e.22660","ELEMENT":"f.B31591FEBD8AE49568014889031CF3F7.d.E75B4DED77C23904491D35DA126490C5.e.22660"}]}
RESULT: {"script":"<script> [56 bytes]","args":[{"element-6066-11e4-a52e-4f735466cecf":"f.B31591FEBD8AE49568014889031CF3F7.d.E75B4DED77C23904491D35DA126490C5.e.22660","ELEMENT":"f.B31591FEBD8AE49568014889031CF3F7.d.E75B4DED77C23904491D35DA126490C5.e.22660"}]}
COMMAND: POST /session/f10bfffe94842169a26616823eaa69fd/elements - {"using":"xpath","value":"//thead[contains(@class, \"sapMTableTH\")]/tr/th"}
COMMAND: GET /session/f10bfffe94842169a26616823eaa69fd/screenshot - {}
RESULT: {"using":"xpath","value":"//thead[contains(@class, \"sapMTableTH\")]/tr/th"}
COMMAND: GET /session/f10bfffe94842169a26616823eaa69fd/element/f.B31591FEBD8AE49568014889031CF3F7.d.E75B4DED77C23904491D35DA126490C5.e.22759/text - {}
RESULT: {}
RESULT: {}
COMMAND: GET /session/f10bfffe94842169a26616823eaa69fd/element/f.B31591FEBD8AE49568014889031CF3F7.d.E75B4DED77C23904491D35DA126490C5.e.22760/text - {}
RESULT: {}
COMMAND: GET /session/f10bfffe94842169a26616823eaa69fd/element/f.B31591FEBD8AE49568014889031CF3F7.d.E75B4DED77C23904491D35DA126490C5.e.22112/text - {}
RESULT: {}
COMMAND: GET /session/f10bfffe94842169a26616823eaa69fd/element/f.B31591FEBD8AE49568014889031CF3F7.d.E75B4DED77C23904491D35DA126490C5.e.22114/text - {}
RESULT: {}
COMMAND: GET /session/f10bfffe94842169a26616823eaa69fd/element/f.B31591FEBD8AE49568014889031CF3F7.d.E75B4DED77C23904491D35DA126490C5.e.22845/text - {}
RESULT: {}
COMMAND: GET /session/f10bfffe94842169a26616823eaa69fd/element/f.B31591FEBD8AE49568014889031CF3F7.d.E75B4DED77C23904491D35DA126490C5.e.22846/text - {}
RESULT: {}
COMMAND: GET /session/f10bfffe94842169a26616823eaa69fd/element/f.B31591FEBD8AE49568014889031CF3F7.d.E75B4DED77C23904491D35DA126490C5.e.22847/text - {}
RESULT: {}
COMMAND: GET /session/f10bfffe94842169a26616823eaa69fd/element/f.B31591FEBD8AE49568014889031CF3F7.d.E75B4DED77C23904491D35DA126490C5.e.22848/text - {}
RESULT: {}
COMMAND: GET /session/f10bfffe94842169a26616823eaa69fd/element/f.B31591FEBD8AE49568014889031CF3F7.d.E75B4DED77C23904491D35DA126490C5.e.22849/text - {}
RESULT: {}
COMMAND: GET /session/f10bfffe94842169a26616823eaa69fd/element/f.B31591FEBD8AE49568014889031CF3F7.d.E75B4DED77C23904491D35DA126490C5.e.22850/text - {}
RESULT: {}
COMMAND: GET /session/f10bfffe94842169a26616823eaa69fd/element/f.B31591FEBD8AE49568014889031CF3F7.d.E75B4DED77C23904491D35DA126490C5.e.22851/text - {}
RESULT: {}
COMMAND: GET /session/f10bfffe94842169a26616823eaa69fd/element/f.B31591FEBD8AE49568014889031CF3F7.d.E75B4DED77C23904491D35DA126490C5.e.22852/text - {}
RESULT: {}
COMMAND: GET /session/f10bfffe94842169a26616823eaa69fd/element/f.B31591FEBD8AE49568014889031CF3F7.d.E75B4DED77C23904491D35DA126490C5.e.22853/text - {}
RESULT: {}
COMMAND: GET /session/f10bfffe94842169a26616823eaa69fd/element/f.B31591FEBD8AE49568014889031CF3F7.d.E75B4DED77C23904491D35DA126490C5.e.22115/text - {}
RESULT: {}
COMMAND: POST /session/f10bfffe94842169a26616823eaa69fd/element - {"using":"xpath","value":"//tbody[contains(@id, \"customHandoversTable-tblBody\")]/tr[1]/td[14]/div/span"}
RESULT: {"using":"xpath","value":"//tbody[contains(@id, \"customHandoversTable-tblBody\")]/tr[1]/td[14]/div/span"}
COMMAND: POST /session/f10bfffe94842169a26616823eaa69fd/execute/sync - {"script":"<script> [56 bytes]","args":[{"element-6066-11e4-a52e-4f735466cecf":"f.B31591FEBD8AE49568014889031CF3F7.d.E75B4DED77C23904491D35DA126490C5.e.22896","ELEMENT":"f.B31591FEBD8AE49568014889031CF3F7.d.E75B4DED77C23904491D35DA126490C5.e.22896"}]}
RESULT: {"script":"<script> [56 bytes]","args":[{"element-6066-11e4-a52e-4f735466cecf":"f.B31591FEBD8AE49568014889031CF3F7.d.E75B4DED77C23904491D35DA126490C5.e.22896","ELEMENT":"f.B31591FEBD8AE49568014889031CF3F7.d.E75B4DED77C23904491D35DA126490C5.e.22896"}]}
COMMAND: POST /session/f10bfffe94842169a26616823eaa69fd/element - {"using":"css selector","value":"#shell-header-logo"}
COMMAND: GET /session/f10bfffe94842169a26616823eaa69fd/screenshot - {}
RESULT: {"using":"css selector","value":"#shell-header-logo"}
COMMAND: POST /session/f10bfffe94842169a26616823eaa69fd/element/f.B31591FEBD8AE49568014889031CF3F7.d.E75B4DED77C23904491D35DA126490C5.e.21427/click - {}
RESULT: {}
RESULT: {}
COMMAND: GET /session/f10bfffe94842169a26616823eaa69fd/screenshot - {}
RESULT: {}
]]></system-out>
    </testcase>
    <testcase classname="chrome.135_0_7049_42.windows.Billing_Calculation_-_Time_based_(considering_transport_times)_US139738" name="Should navigate to Manage Billings and trigger contract calculation business confirm it" time="64.516">
      <system-out><![CDATA[
COMMAND: POST /session/f10bfffe94842169a26616823eaa69fd/execute/async - {"script":"<script> [1562 bytes]","args":[{"selector":{"controlType":"sap.m.GenericTile","properties":{"header":"Manage Billings"}},"wdio_ui5_key":"sapm.GenericTile{\"header\":\"Manage Billings\"}"}]}
RESULT: {"script":"<script> [1562 bytes]","args":[{"selector":{"controlType":"sap.m.GenericTile","properties":{"header":"Manage Billings"}},"wdio_ui5_key":"sapm.GenericTile{\"header\":\"Manage Billings\"}"}]}
RESULT: undefined
COMMAND: POST /session/f10bfffe94842169a26616823eaa69fd/element - {"using":"xpath","value":"//*[@id=\"__tile51\"]"}
RESULT: {"using":"xpath","value":"//*[@id=\"__tile51\"]"}
COMMAND: POST /session/f10bfffe94842169a26616823eaa69fd/element/f.B31591FEBD8AE49568014889031CF3F7.d.E75B4DED77C23904491D35DA126490C5.e.19256/click - {}
RESULT: {}
COMMAND: GET /session/f10bfffe94842169a26616823eaa69fd/screenshot - {}
RESULT: {}
COMMAND: POST /session/f10bfffe94842169a26616823eaa69fd/execute/async - {"script":"<script> [1562 bytes]","args":[{"selector":{"id":"application-managebillings-display-component---billRunCalcResult--smartFilterBar-btnBasicSearch","interaction":{"idSuffix":"I"}},"wdio_ui5_key":"applicationmanagebillings-display-component---billRunCalcResult--smartFilterBar-btnBasicSearch"}]}
RESULT: {"script":"<script> [1562 bytes]","args":[{"selector":{"id":"application-managebillings-display-component---billRunCalcResult--smartFilterBar-btnBasicSearch","interaction":{"idSuffix":"I"}},"wdio_ui5_key":"applicationmanagebillings-display-component---billRunCalcResult--smartFilterBar-btnBasicSearch"}]}
RESULT: undefined
COMMAND: POST /session/f10bfffe94842169a26616823eaa69fd/execute/async - {"script":"<script> [776 bytes]","args":[{"enterText":"10467","selector":{"id":"application-managebillings-display-component---billRunCalcResult--smartFilterBar-btnBasicSearch","interaction":{"idSuffix":"I"}},"clearTextFirst":true,"interactionType":"ENTER_TEXT"}]}
RESULT: {"script":"<script> [776 bytes]","args":[{"enterText":"10467","selector":{"id":"application-managebillings-display-component---billRunCalcResult--smartFilterBar-btnBasicSearch","interaction":{"idSuffix":"I"}},"clearTextFirst":true,"interactionType":"ENTER_TEXT"}]}
COMMAND: POST /session/f10bfffe94842169a26616823eaa69fd/actions - {"actions":[{"id":"action76","type":"key","parameters":{},"actions":[{"type":"keyDown","value":""},{"type":"pause","duration":10},{"type":"keyUp","value":""}]}]}
RESULT: {"actions":[{"id":"action76","type":"key","parameters":{},"actions":[{"type":"keyDown","value":""},{"type":"pause","duration":10},{"type":"keyUp","value":""}]}]}
COMMAND: GET /session/f10bfffe94842169a26616823eaa69fd/screenshot - {}
RESULT: {}
COMMAND: POST /session/f10bfffe94842169a26616823eaa69fd/element - {"using":"xpath","value":"//td[@aria-colindex=\"1\"]/div/div[contains(@class, \"sapMCbBg\")]"}
RESULT: {"using":"xpath","value":"//td[@aria-colindex=\"1\"]/div/div[contains(@class, \"sapMCbBg\")]"}
COMMAND: POST /session/f10bfffe94842169a26616823eaa69fd/element/f.B31591FEBD8AE49568014889031CF3F7.d.E75B4DED77C23904491D35DA126490C5.e.23119/click - {}
RESULT: {}
COMMAND: GET /session/f10bfffe94842169a26616823eaa69fd/screenshot - {}
RESULT: {}
COMMAND: POST /session/f10bfffe94842169a26616823eaa69fd/execute/async - {"script":"<script> [1562 bytes]","args":[{"selector":{"id":"application-managebillings-display-component---billRunCalcResult--contractBillRunDate","interaction":{"idSuffix":"inner"}},"wdio_ui5_key":"applicationmanagebillings-display-component---billRunCalcResult--contractBillRunDate"}]}
RESULT: {"script":"<script> [1562 bytes]","args":[{"selector":{"id":"application-managebillings-display-component---billRunCalcResult--contractBillRunDate","interaction":{"idSuffix":"inner"}},"wdio_ui5_key":"applicationmanagebillings-display-component---billRunCalcResult--contractBillRunDate"}]}
RESULT: undefined
COMMAND: POST /session/f10bfffe94842169a26616823eaa69fd/execute/async - {"script":"<script> [776 bytes]","args":[{"enterText":"04/18/25","selector":{"id":"application-managebillings-display-component---billRunCalcResult--contractBillRunDate","interaction":{"idSuffix":"inner"}},"clearTextFirst":true,"interactionType":"ENTER_TEXT"}]}
RESULT: {"script":"<script> [776 bytes]","args":[{"enterText":"04/18/25","selector":{"id":"application-managebillings-display-component---billRunCalcResult--contractBillRunDate","interaction":{"idSuffix":"inner"}},"clearTextFirst":true,"interactionType":"ENTER_TEXT"}]}
COMMAND: POST /session/f10bfffe94842169a26616823eaa69fd/element - {"using":"xpath","value":"//bdi[contains(text(), \"Trigger Calculation\")]"}
RESULT: {"using":"xpath","value":"//bdi[contains(text(), \"Trigger Calculation\")]"}
COMMAND: POST /session/f10bfffe94842169a26616823eaa69fd/element/f.B31591FEBD8AE49568014889031CF3F7.d.E75B4DED77C23904491D35DA126490C5.e.23169/click - {}
RESULT: {}
COMMAND: GET /session/f10bfffe94842169a26616823eaa69fd/screenshot - {}
RESULT: {}
COMMAND: POST /session/f10bfffe94842169a26616823eaa69fd/element - {"using":"xpath","value":"(//span[contains(@id, \"imgNav\")])[1]"}
RESULT: {"using":"xpath","value":"(//span[contains(@id, \"imgNav\")])[1]"}
COMMAND: POST /session/f10bfffe94842169a26616823eaa69fd/element/f.B31591FEBD8AE49568014889031CF3F7.d.E75B4DED77C23904491D35DA126490C5.e.23120/click - {}
RESULT: {}
COMMAND: GET /session/f10bfffe94842169a26616823eaa69fd/screenshot - {}
RESULT: {}
COMMAND: POST /session/f10bfffe94842169a26616823eaa69fd/element - {"using":"xpath","value":"//tr/td[6]/div[1]/span[1]/span[1]"}
RESULT: {"using":"xpath","value":"//tr/td[6]/div[1]/span[1]/span[1]"}
COMMAND: GET /session/f10bfffe94842169a26616823eaa69fd/element/f.B31591FEBD8AE49568014889031CF3F7.d.E75B4DED77C23904491D35DA126490C5.e.23174/text - {}
RESULT: {}
COMMAND: POST /session/f10bfffe94842169a26616823eaa69fd/element - {"using":"xpath","value":"(//span[contains(@id, \"imgNav\")])[2]"}
RESULT: {"using":"xpath","value":"(//span[contains(@id, \"imgNav\")])[2]"}
COMMAND: POST /session/f10bfffe94842169a26616823eaa69fd/element/f.B31591FEBD8AE49568014889031CF3F7.d.E75B4DED77C23904491D35DA126490C5.e.23175/click - {}
RESULT: {}
COMMAND: POST /session/f10bfffe94842169a26616823eaa69fd/element - {"using":"xpath","value":"//bdi[contains(text(), \"Business Confirm\")]"}
COMMAND: GET /session/f10bfffe94842169a26616823eaa69fd/screenshot - {}
RESULT: {}
RESULT: {"using":"xpath","value":"//bdi[contains(text(), \"Business Confirm\")]"}
COMMAND: POST /session/f10bfffe94842169a26616823eaa69fd/element/f.B31591FEBD8AE49568014889031CF3F7.d.E75B4DED77C23904491D35DA126490C5.e.23178/click - {}
RESULT: {}
COMMAND: POST /session/f10bfffe94842169a26616823eaa69fd/element - {"using":"css selector","value":"#shell-header-logo"}
COMMAND: GET /session/f10bfffe94842169a26616823eaa69fd/screenshot - {}
RESULT: {"using":"css selector","value":"#shell-header-logo"}
COMMAND: POST /session/f10bfffe94842169a26616823eaa69fd/element/f.B31591FEBD8AE49568014889031CF3F7.d.E75B4DED77C23904491D35DA126490C5.e.22900/click - {}
RESULT: {}
RESULT: {}
COMMAND: GET /session/f10bfffe94842169a26616823eaa69fd/screenshot - {}
RESULT: {}
]]></system-out>
    </testcase>
    <testcase classname="chrome.135_0_7049_42.windows.Billing_Calculation_-_Time_based_(considering_transport_times)_US139738" name="Should transfer the billing all the way to completion" time="81.024">
      <system-out><![CDATA[
COMMAND: POST /session/f10bfffe94842169a26616823eaa69fd/execute/async - {"script":"<script> [1562 bytes]","args":[{"selector":{"controlType":"sap.m.GenericTile","properties":{"header":"Billing Transfer"}},"wdio_ui5_key":"sapm.GenericTile{\"header\":\"Billing Transfer\"}"}]}
RESULT: {"script":"<script> [1562 bytes]","args":[{"selector":{"controlType":"sap.m.GenericTile","properties":{"header":"Billing Transfer"}},"wdio_ui5_key":"sapm.GenericTile{\"header\":\"Billing Transfer\"}"}]}
RESULT: undefined
COMMAND: POST /session/f10bfffe94842169a26616823eaa69fd/element - {"using":"xpath","value":"//*[@id=\"__tile50\"]"}
RESULT: {"using":"xpath","value":"//*[@id=\"__tile50\"]"}
COMMAND: POST /session/f10bfffe94842169a26616823eaa69fd/element/f.B31591FEBD8AE49568014889031CF3F7.d.E75B4DED77C23904491D35DA126490C5.e.19254/click - {}
RESULT: {}
COMMAND: POST /session/f10bfffe94842169a26616823eaa69fd/element - {"using":"xpath","value":"//input[contains(@id ,\"application-billingtransfer-display-component---billingWorkbench--smartFilterBar-btnBasicSearch\")]"}
COMMAND: GET /session/f10bfffe94842169a26616823eaa69fd/screenshot - {}
RESULT: {"using":"xpath","value":"//input[contains(@id ,\"application-billingtransfer-display-component---billingWorkbench--smartFilterBar-btnBasicSearch\")]"}
COMMAND: POST /session/f10bfffe94842169a26616823eaa69fd/elements - {"using":"xpath","value":"//input[contains(@id ,\"application-billingtransfer-display-component---billingWorkbench--smartFilterBar-btnBasicSearch\")]"}
RESULT: {}
RESULT: {"using":"xpath","value":"//input[contains(@id ,\"application-billingtransfer-display-component---billingWorkbench--smartFilterBar-btnBasicSearch\")]"}
COMMAND: POST /session/f10bfffe94842169a26616823eaa69fd/elements - {"using":"xpath","value":"//input[contains(@id ,\"application-billingtransfer-display-component---billingWorkbench--smartFilterBar-btnBasicSearch\")]"}
RESULT: {"using":"xpath","value":"//input[contains(@id ,\"application-billingtransfer-display-component---billingWorkbench--smartFilterBar-btnBasicSearch\")]"}
COMMAND: POST /session/f10bfffe94842169a26616823eaa69fd/elements - {"using":"xpath","value":"//input[contains(@id ,\"application-billingtransfer-display-component---billingWorkbench--smartFilterBar-btnBasicSearch\")]"}
RESULT: {"using":"xpath","value":"//input[contains(@id ,\"application-billingtransfer-display-component---billingWorkbench--smartFilterBar-btnBasicSearch\")]"}
COMMAND: POST /session/f10bfffe94842169a26616823eaa69fd/elements - {"using":"xpath","value":"//input[contains(@id ,\"application-billingtransfer-display-component---billingWorkbench--smartFilterBar-btnBasicSearch\")]"}
RESULT: {"using":"xpath","value":"//input[contains(@id ,\"application-billingtransfer-display-component---billingWorkbench--smartFilterBar-btnBasicSearch\")]"}
COMMAND: POST /session/f10bfffe94842169a26616823eaa69fd/elements - {"using":"xpath","value":"//input[contains(@id ,\"application-billingtransfer-display-component---billingWorkbench--smartFilterBar-btnBasicSearch\")]"}
RESULT: {"using":"xpath","value":"//input[contains(@id ,\"application-billingtransfer-display-component---billingWorkbench--smartFilterBar-btnBasicSearch\")]"}
COMMAND: POST /session/f10bfffe94842169a26616823eaa69fd/element - {"using":"xpath","value":"//input[contains(@id ,\"application-billingtransfer-display-component---billingWorkbench--smartFilterBar-btnBasicSearch\")]"}
RESULT: {"using":"xpath","value":"//input[contains(@id ,\"application-billingtransfer-display-component---billingWorkbench--smartFilterBar-btnBasicSearch\")]"}
COMMAND: POST /session/f10bfffe94842169a26616823eaa69fd/execute/sync - {"script":"<script> [8489 bytes]","args":[{"element-6066-11e4-a52e-4f735466cecf":"f.B31591FEBD8AE49568014889031CF3F7.d.E75B4DED77C23904491D35DA126490C5.e.23259","ELEMENT":"f.B31591FEBD8AE49568014889031CF3F7.d.E75B4DED77C23904491D35DA126490C5.e.23259"}]}
RESULT: {"script":"<script> [8489 bytes]","args":[{"element-6066-11e4-a52e-4f735466cecf":"f.B31591FEBD8AE49568014889031CF3F7.d.E75B4DED77C23904491D35DA126490C5.e.23259","ELEMENT":"f.B31591FEBD8AE49568014889031CF3F7.d.E75B4DED77C23904491D35DA126490C5.e.23259"}]}
COMMAND: GET /session/f10bfffe94842169a26616823eaa69fd/element/f.B31591FEBD8AE49568014889031CF3F7.d.E75B4DED77C23904491D35DA126490C5.e.23259/enabled - {}
COMMAND: GET /session/f10bfffe94842169a26616823eaa69fd/screenshot - {}
RESULT: {}
COMMAND: POST /session/f10bfffe94842169a26616823eaa69fd/element/f.B31591FEBD8AE49568014889031CF3F7.d.E75B4DED77C23904491D35DA126490C5.e.23259/click - {}
COMMAND: GET /session/f10bfffe94842169a26616823eaa69fd/screenshot - {}
RESULT: {}
RESULT: {}
RESULT: {}
COMMAND: GET /session/f10bfffe94842169a26616823eaa69fd/screenshot - {}
RESULT: {}
COMMAND: POST /session/f10bfffe94842169a26616823eaa69fd/element/f.B31591FEBD8AE49568014889031CF3F7.d.E75B4DED77C23904491D35DA126490C5.e.23259/clear - {}
RESULT: {}
COMMAND: POST /session/f10bfffe94842169a26616823eaa69fd/element/f.B31591FEBD8AE49568014889031CF3F7.d.E75B4DED77C23904491D35DA126490C5.e.23259/value - {"text":"10467"}
COMMAND: GET /session/f10bfffe94842169a26616823eaa69fd/screenshot - {}
RESULT: {"text":"10467"}
COMMAND: POST /session/f10bfffe94842169a26616823eaa69fd/actions - {"actions":[{"id":"action77","type":"key","parameters":{},"actions":[{"type":"keyDown","value":""},{"type":"pause","duration":10},{"type":"keyUp","value":""}]}]}
COMMAND: GET /session/f10bfffe94842169a26616823eaa69fd/screenshot - {}
RESULT: {}
RESULT: {"actions":[{"id":"action77","type":"key","parameters":{},"actions":[{"type":"keyDown","value":""},{"type":"pause","duration":10},{"type":"keyUp","value":""}]}]}
COMMAND: GET /session/f10bfffe94842169a26616823eaa69fd/screenshot - {}
RESULT: {}
RESULT: {}
COMMAND: POST /session/f10bfffe94842169a26616823eaa69fd/element - {"using":"xpath","value":"//span[contains(@id ,\"application-billingtransfer-display-component---billingWorkbench--smartTableBillingRuns-header-inner\")]"}
RESULT: {"using":"xpath","value":"//span[contains(@id ,\"application-billingtransfer-display-component---billingWorkbench--smartTableBillingRuns-header-inner\")]"}
COMMAND: POST /session/f10bfffe94842169a26616823eaa69fd/elements - {"using":"xpath","value":"//span[contains(@id ,\"application-billingtransfer-display-component---billingWorkbench--smartTableBillingRuns-header-inner\")]"}
RESULT: {"using":"xpath","value":"//span[contains(@id ,\"application-billingtransfer-display-component---billingWorkbench--smartTableBillingRuns-header-inner\")]"}
COMMAND: POST /session/f10bfffe94842169a26616823eaa69fd/execute/sync - {"script":"<script> [56 bytes]","args":[{"element-6066-11e4-a52e-4f735466cecf":"f.B31591FEBD8AE49568014889031CF3F7.d.E75B4DED77C23904491D35DA126490C5.e.23407","ELEMENT":"f.B31591FEBD8AE49568014889031CF3F7.d.E75B4DED77C23904491D35DA126490C5.e.23407"}]}
RESULT: {"script":"<script> [56 bytes]","args":[{"element-6066-11e4-a52e-4f735466cecf":"f.B31591FEBD8AE49568014889031CF3F7.d.E75B4DED77C23904491D35DA126490C5.e.23407","ELEMENT":"f.B31591FEBD8AE49568014889031CF3F7.d.E75B4DED77C23904491D35DA126490C5.e.23407"}]}
COMMAND: POST /session/f10bfffe94842169a26616823eaa69fd/element - {"using":"xpath","value":"//td[@aria-colindex=\"1\"]/div/div[contains(@class, \"sapMCbBg\")]"}
RESULT: {"using":"xpath","value":"//td[@aria-colindex=\"1\"]/div/div[contains(@class, \"sapMCbBg\")]"}
COMMAND: POST /session/f10bfffe94842169a26616823eaa69fd/element/f.B31591FEBD8AE49568014889031CF3F7.d.E75B4DED77C23904491D35DA126490C5.e.23371/click - {}
COMMAND: GET /session/f10bfffe94842169a26616823eaa69fd/screenshot - {}
RESULT: {}
COMMAND: GET /session/f10bfffe94842169a26616823eaa69fd/screenshot - {}
RESULT: {}
RESULT: {}
COMMAND: POST /session/f10bfffe94842169a26616823eaa69fd/element - {"using":"xpath","value":"//bdi[contains(text(), \"Check\")]"}
RESULT: {"using":"xpath","value":"//bdi[contains(text(), \"Check\")]"}
COMMAND: POST /session/f10bfffe94842169a26616823eaa69fd/element/f.B31591FEBD8AE49568014889031CF3F7.d.E75B4DED77C23904491D35DA126490C5.e.23408/click - {}
RESULT: {}
COMMAND: GET /session/f10bfffe94842169a26616823eaa69fd/screenshot - {}
RESULT: {}
COMMAND: POST /session/f10bfffe94842169a26616823eaa69fd/element - {"using":"xpath","value":"//bdi[contains(text(), \"OK\")]"}
RESULT: {"using":"xpath","value":"//bdi[contains(text(), \"OK\")]"}
COMMAND: POST /session/f10bfffe94842169a26616823eaa69fd/element/f.B31591FEBD8AE49568014889031CF3F7.d.E75B4DED77C23904491D35DA126490C5.e.23411/click - {}
RESULT: {}
COMMAND: GET /session/f10bfffe94842169a26616823eaa69fd/screenshot - {}
RESULT: {}
COMMAND: POST /session/f10bfffe94842169a26616823eaa69fd/element - {"using":"xpath","value":"(//span[contains(text(), \"CO/SD checked\")]/parent::div/preceding-sibling::div/span)[1]"}
RESULT: {"using":"xpath","value":"(//span[contains(text(), \"CO/SD checked\")]/parent::div/preceding-sibling::div/span)[1]"}
COMMAND: POST /session/f10bfffe94842169a26616823eaa69fd/element/f.B31591FEBD8AE49568014889031CF3F7.d.E75B4DED77C23904491D35DA126490C5.e.23420/click - {}
RESULT: {}
COMMAND: GET /session/f10bfffe94842169a26616823eaa69fd/screenshot - {}
RESULT: {}
COMMAND: POST /session/f10bfffe94842169a26616823eaa69fd/element - {"using":"xpath","value":"//input[contains(@id ,\"application-billingtransfer-display-component---billingWorkbench--smartFilterBar-btnBasicSearch\")]"}
RESULT: {"using":"xpath","value":"//input[contains(@id ,\"application-billingtransfer-display-component---billingWorkbench--smartFilterBar-btnBasicSearch\")]"}
COMMAND: POST /session/f10bfffe94842169a26616823eaa69fd/elements - {"using":"xpath","value":"//input[contains(@id ,\"application-billingtransfer-display-component---billingWorkbench--smartFilterBar-btnBasicSearch\")]"}
RESULT: {"using":"xpath","value":"//input[contains(@id ,\"application-billingtransfer-display-component---billingWorkbench--smartFilterBar-btnBasicSearch\")]"}
COMMAND: POST /session/f10bfffe94842169a26616823eaa69fd/execute/sync - {"script":"<script> [8489 bytes]","args":[{"element-6066-11e4-a52e-4f735466cecf":"f.B31591FEBD8AE49568014889031CF3F7.d.E75B4DED77C23904491D35DA126490C5.e.23259","ELEMENT":"f.B31591FEBD8AE49568014889031CF3F7.d.E75B4DED77C23904491D35DA126490C5.e.23259"}]}
RESULT: {"script":"<script> [8489 bytes]","args":[{"element-6066-11e4-a52e-4f735466cecf":"f.B31591FEBD8AE49568014889031CF3F7.d.E75B4DED77C23904491D35DA126490C5.e.23259","ELEMENT":"f.B31591FEBD8AE49568014889031CF3F7.d.E75B4DED77C23904491D35DA126490C5.e.23259"}]}
COMMAND: GET /session/f10bfffe94842169a26616823eaa69fd/element/f.B31591FEBD8AE49568014889031CF3F7.d.E75B4DED77C23904491D35DA126490C5.e.23259/enabled - {}
COMMAND: GET /session/f10bfffe94842169a26616823eaa69fd/screenshot - {}
RESULT: {}
COMMAND: POST /session/f10bfffe94842169a26616823eaa69fd/element/f.B31591FEBD8AE49568014889031CF3F7.d.E75B4DED77C23904491D35DA126490C5.e.23259/click - {}
COMMAND: GET /session/f10bfffe94842169a26616823eaa69fd/screenshot - {}
RESULT: {}
RESULT: {}
COMMAND: GET /session/f10bfffe94842169a26616823eaa69fd/screenshot - {}
RESULT: {}
RESULT: {}
COMMAND: POST /session/f10bfffe94842169a26616823eaa69fd/element/f.B31591FEBD8AE49568014889031CF3F7.d.E75B4DED77C23904491D35DA126490C5.e.23259/clear - {}
RESULT: {}
COMMAND: POST /session/f10bfffe94842169a26616823eaa69fd/element/f.B31591FEBD8AE49568014889031CF3F7.d.E75B4DED77C23904491D35DA126490C5.e.23259/value - {"text":"10467"}
COMMAND: GET /session/f10bfffe94842169a26616823eaa69fd/screenshot - {}
RESULT: {"text":"10467"}
COMMAND: POST /session/f10bfffe94842169a26616823eaa69fd/actions - {"actions":[{"id":"action78","type":"key","parameters":{},"actions":[{"type":"keyDown","value":""},{"type":"pause","duration":10},{"type":"keyUp","value":""}]}]}
COMMAND: GET /session/f10bfffe94842169a26616823eaa69fd/screenshot - {}
RESULT: {}
RESULT: {"actions":[{"id":"action78","type":"key","parameters":{},"actions":[{"type":"keyDown","value":""},{"type":"pause","duration":10},{"type":"keyUp","value":""}]}]}
COMMAND: GET /session/f10bfffe94842169a26616823eaa69fd/screenshot - {}
RESULT: {}
RESULT: {}
COMMAND: POST /session/f10bfffe94842169a26616823eaa69fd/element - {"using":"xpath","value":"//span[contains(@id ,\"application-billingtransfer-display-component---billingWorkbench--smartTableBillingRuns-header-inner\")]"}
RESULT: {"using":"xpath","value":"//span[contains(@id ,\"application-billingtransfer-display-component---billingWorkbench--smartTableBillingRuns-header-inner\")]"}
COMMAND: POST /session/f10bfffe94842169a26616823eaa69fd/elements - {"using":"xpath","value":"//span[contains(@id ,\"application-billingtransfer-display-component---billingWorkbench--smartTableBillingRuns-header-inner\")]"}
RESULT: {"using":"xpath","value":"//span[contains(@id ,\"application-billingtransfer-display-component---billingWorkbench--smartTableBillingRuns-header-inner\")]"}
COMMAND: POST /session/f10bfffe94842169a26616823eaa69fd/execute/sync - {"script":"<script> [56 bytes]","args":[{"element-6066-11e4-a52e-4f735466cecf":"f.B31591FEBD8AE49568014889031CF3F7.d.E75B4DED77C23904491D35DA126490C5.e.23407","ELEMENT":"f.B31591FEBD8AE49568014889031CF3F7.d.E75B4DED77C23904491D35DA126490C5.e.23407"}]}
RESULT: {"script":"<script> [56 bytes]","args":[{"element-6066-11e4-a52e-4f735466cecf":"f.B31591FEBD8AE49568014889031CF3F7.d.E75B4DED77C23904491D35DA126490C5.e.23407","ELEMENT":"f.B31591FEBD8AE49568014889031CF3F7.d.E75B4DED77C23904491D35DA126490C5.e.23407"}]}
COMMAND: POST /session/f10bfffe94842169a26616823eaa69fd/element - {"using":"xpath","value":"//td[@aria-colindex=\"1\"]/div/div[contains(@class, \"sapMCbBg\")]"}
COMMAND: GET /session/f10bfffe94842169a26616823eaa69fd/screenshot - {}
RESULT: {"using":"xpath","value":"//td[@aria-colindex=\"1\"]/div/div[contains(@class, \"sapMCbBg\")]"}
COMMAND: POST /session/f10bfffe94842169a26616823eaa69fd/element/f.B31591FEBD8AE49568014889031CF3F7.d.E75B4DED77C23904491D35DA126490C5.e.23423/click - {}
RESULT: {}
RESULT: {}
COMMAND: GET /session/f10bfffe94842169a26616823eaa69fd/screenshot - {}
RESULT: {}
COMMAND: POST /session/f10bfffe94842169a26616823eaa69fd/element - {"using":"xpath","value":"//bdi[text()=\"Transfer\"]"}
RESULT: {"using":"xpath","value":"//bdi[text()=\"Transfer\"]"}
COMMAND: POST /session/f10bfffe94842169a26616823eaa69fd/element/f.B31591FEBD8AE49568014889031CF3F7.d.E75B4DED77C23904491D35DA126490C5.e.23424/click - {}
RESULT: {}
COMMAND: GET /session/f10bfffe94842169a26616823eaa69fd/screenshot - {}
RESULT: {}
COMMAND: POST /session/f10bfffe94842169a26616823eaa69fd/element - {"using":"xpath","value":"//bdi[contains(text(), \"OK\")]"}
RESULT: {"using":"xpath","value":"//bdi[contains(text(), \"OK\")]"}
COMMAND: POST /session/f10bfffe94842169a26616823eaa69fd/element/f.B31591FEBD8AE49568014889031CF3F7.d.E75B4DED77C23904491D35DA126490C5.e.23427/click - {}
RESULT: {}
COMMAND: GET /session/f10bfffe94842169a26616823eaa69fd/screenshot - {}
RESULT: {}
COMMAND: POST /session/f10bfffe94842169a26616823eaa69fd/element - {"using":"xpath","value":"(//span[contains(text(), \"Completed\")]/parent::div/preceding-sibling::div/span)[1]"}
RESULT: {"using":"xpath","value":"(//span[contains(text(), \"Completed\")]/parent::div/preceding-sibling::div/span)[1]"}
COMMAND: POST /session/f10bfffe94842169a26616823eaa69fd/element/f.B31591FEBD8AE49568014889031CF3F7.d.E75B4DED77C23904491D35DA126490C5.e.23435/click - {}
RESULT: {}
COMMAND: POST /session/f10bfffe94842169a26616823eaa69fd/element - {"using":"xpath","value":"//input[contains(@id ,\"application-billingtransfer-display-component---billingWorkbench--smartFilterBar-btnBasicSearch\")]"}
COMMAND: GET /session/f10bfffe94842169a26616823eaa69fd/screenshot - {}
RESULT: {"using":"xpath","value":"//input[contains(@id ,\"application-billingtransfer-display-component---billingWorkbench--smartFilterBar-btnBasicSearch\")]"}
COMMAND: POST /session/f10bfffe94842169a26616823eaa69fd/elements - {"using":"xpath","value":"//input[contains(@id ,\"application-billingtransfer-display-component---billingWorkbench--smartFilterBar-btnBasicSearch\")]"}
RESULT: {}
RESULT: {"using":"xpath","value":"//input[contains(@id ,\"application-billingtransfer-display-component---billingWorkbench--smartFilterBar-btnBasicSearch\")]"}
COMMAND: POST /session/f10bfffe94842169a26616823eaa69fd/execute/sync - {"script":"<script> [8489 bytes]","args":[{"element-6066-11e4-a52e-4f735466cecf":"f.B31591FEBD8AE49568014889031CF3F7.d.E75B4DED77C23904491D35DA126490C5.e.23259","ELEMENT":"f.B31591FEBD8AE49568014889031CF3F7.d.E75B4DED77C23904491D35DA126490C5.e.23259"}]}
RESULT: {"script":"<script> [8489 bytes]","args":[{"element-6066-11e4-a52e-4f735466cecf":"f.B31591FEBD8AE49568014889031CF3F7.d.E75B4DED77C23904491D35DA126490C5.e.23259","ELEMENT":"f.B31591FEBD8AE49568014889031CF3F7.d.E75B4DED77C23904491D35DA126490C5.e.23259"}]}
COMMAND: GET /session/f10bfffe94842169a26616823eaa69fd/element/f.B31591FEBD8AE49568014889031CF3F7.d.E75B4DED77C23904491D35DA126490C5.e.23259/enabled - {}
COMMAND: GET /session/f10bfffe94842169a26616823eaa69fd/screenshot - {}
RESULT: {}
COMMAND: POST /session/f10bfffe94842169a26616823eaa69fd/element/f.B31591FEBD8AE49568014889031CF3F7.d.E75B4DED77C23904491D35DA126490C5.e.23259/click - {}
COMMAND: GET /session/f10bfffe94842169a26616823eaa69fd/screenshot - {}
RESULT: {}
RESULT: {}
COMMAND: GET /session/f10bfffe94842169a26616823eaa69fd/screenshot - {}
RESULT: {}
RESULT: {}
COMMAND: POST /session/f10bfffe94842169a26616823eaa69fd/element/f.B31591FEBD8AE49568014889031CF3F7.d.E75B4DED77C23904491D35DA126490C5.e.23259/clear - {}
RESULT: {}
COMMAND: POST /session/f10bfffe94842169a26616823eaa69fd/element/f.B31591FEBD8AE49568014889031CF3F7.d.E75B4DED77C23904491D35DA126490C5.e.23259/value - {"text":"10467"}
COMMAND: GET /session/f10bfffe94842169a26616823eaa69fd/screenshot - {}
RESULT: {"text":"10467"}
COMMAND: POST /session/f10bfffe94842169a26616823eaa69fd/actions - {"actions":[{"id":"action79","type":"key","parameters":{},"actions":[{"type":"keyDown","value":""},{"type":"pause","duration":10},{"type":"keyUp","value":""}]}]}
COMMAND: GET /session/f10bfffe94842169a26616823eaa69fd/screenshot - {}
RESULT: {}
RESULT: {"actions":[{"id":"action79","type":"key","parameters":{},"actions":[{"type":"keyDown","value":""},{"type":"pause","duration":10},{"type":"keyUp","value":""}]}]}
COMMAND: GET /session/f10bfffe94842169a26616823eaa69fd/screenshot - {}
RESULT: {}
RESULT: {}
COMMAND: POST /session/f10bfffe94842169a26616823eaa69fd/element - {"using":"xpath","value":"//span[contains(@id ,\"application-billingtransfer-display-component---billingWorkbench--smartTableBillingRuns-header-inner\")]"}
RESULT: {"using":"xpath","value":"//span[contains(@id ,\"application-billingtransfer-display-component---billingWorkbench--smartTableBillingRuns-header-inner\")]"}
COMMAND: POST /session/f10bfffe94842169a26616823eaa69fd/elements - {"using":"xpath","value":"//span[contains(@id ,\"application-billingtransfer-display-component---billingWorkbench--smartTableBillingRuns-header-inner\")]"}
RESULT: {"using":"xpath","value":"//span[contains(@id ,\"application-billingtransfer-display-component---billingWorkbench--smartTableBillingRuns-header-inner\")]"}
COMMAND: POST /session/f10bfffe94842169a26616823eaa69fd/execute/sync - {"script":"<script> [56 bytes]","args":[{"element-6066-11e4-a52e-4f735466cecf":"f.B31591FEBD8AE49568014889031CF3F7.d.E75B4DED77C23904491D35DA126490C5.e.23407","ELEMENT":"f.B31591FEBD8AE49568014889031CF3F7.d.E75B4DED77C23904491D35DA126490C5.e.23407"}]}
RESULT: {"script":"<script> [56 bytes]","args":[{"element-6066-11e4-a52e-4f735466cecf":"f.B31591FEBD8AE49568014889031CF3F7.d.E75B4DED77C23904491D35DA126490C5.e.23407","ELEMENT":"f.B31591FEBD8AE49568014889031CF3F7.d.E75B4DED77C23904491D35DA126490C5.e.23407"}]}
COMMAND: GET /session/f10bfffe94842169a26616823eaa69fd/screenshot - {}
RESULT: {}
COMMAND: POST /session/f10bfffe94842169a26616823eaa69fd/execute/sync - {"script":"<script> [56 bytes]","args":[{"element-6066-11e4-a52e-4f735466cecf":"f.B31591FEBD8AE49568014889031CF3F7.d.E75B4DED77C23904491D35DA126490C5.e.23407","ELEMENT":"f.B31591FEBD8AE49568014889031CF3F7.d.E75B4DED77C23904491D35DA126490C5.e.23407"}]}
RESULT: {"script":"<script> [56 bytes]","args":[{"element-6066-11e4-a52e-4f735466cecf":"f.B31591FEBD8AE49568014889031CF3F7.d.E75B4DED77C23904491D35DA126490C5.e.23407","ELEMENT":"f.B31591FEBD8AE49568014889031CF3F7.d.E75B4DED77C23904491D35DA126490C5.e.23407"}]}
COMMAND: GET /session/f10bfffe94842169a26616823eaa69fd/screenshot - {}
RESULT: {}
COMMAND: POST /session/f10bfffe94842169a26616823eaa69fd/execute/sync - {"script":"<script> [56 bytes]","args":[{"element-6066-11e4-a52e-4f735466cecf":"f.B31591FEBD8AE49568014889031CF3F7.d.E75B4DED77C23904491D35DA126490C5.e.23407","ELEMENT":"f.B31591FEBD8AE49568014889031CF3F7.d.E75B4DED77C23904491D35DA126490C5.e.23407"}]}
RESULT: {"script":"<script> [56 bytes]","args":[{"element-6066-11e4-a52e-4f735466cecf":"f.B31591FEBD8AE49568014889031CF3F7.d.E75B4DED77C23904491D35DA126490C5.e.23407","ELEMENT":"f.B31591FEBD8AE49568014889031CF3F7.d.E75B4DED77C23904491D35DA126490C5.e.23407"}]}
COMMAND: GET /session/f10bfffe94842169a26616823eaa69fd/screenshot - {}
RESULT: {}
COMMAND: POST /session/f10bfffe94842169a26616823eaa69fd/execute/sync - {"script":"<script> [56 bytes]","args":[{"element-6066-11e4-a52e-4f735466cecf":"f.B31591FEBD8AE49568014889031CF3F7.d.E75B4DED77C23904491D35DA126490C5.e.23407","ELEMENT":"f.B31591FEBD8AE49568014889031CF3F7.d.E75B4DED77C23904491D35DA126490C5.e.23407"}]}
RESULT: {"script":"<script> [56 bytes]","args":[{"element-6066-11e4-a52e-4f735466cecf":"f.B31591FEBD8AE49568014889031CF3F7.d.E75B4DED77C23904491D35DA126490C5.e.23407","ELEMENT":"f.B31591FEBD8AE49568014889031CF3F7.d.E75B4DED77C23904491D35DA126490C5.e.23407"}]}
COMMAND: GET /session/f10bfffe94842169a26616823eaa69fd/screenshot - {}
RESULT: {}
COMMAND: POST /session/f10bfffe94842169a26616823eaa69fd/execute/sync - {"script":"<script> [56 bytes]","args":[{"element-6066-11e4-a52e-4f735466cecf":"f.B31591FEBD8AE49568014889031CF3F7.d.E75B4DED77C23904491D35DA126490C5.e.23407","ELEMENT":"f.B31591FEBD8AE49568014889031CF3F7.d.E75B4DED77C23904491D35DA126490C5.e.23407"}]}
RESULT: {"script":"<script> [56 bytes]","args":[{"element-6066-11e4-a52e-4f735466cecf":"f.B31591FEBD8AE49568014889031CF3F7.d.E75B4DED77C23904491D35DA126490C5.e.23407","ELEMENT":"f.B31591FEBD8AE49568014889031CF3F7.d.E75B4DED77C23904491D35DA126490C5.e.23407"}]}
COMMAND: POST /session/f10bfffe94842169a26616823eaa69fd/element - {"using":"css selector","value":"#shell-header-logo"}
COMMAND: GET /session/f10bfffe94842169a26616823eaa69fd/screenshot - {}
RESULT: {}
RESULT: {"using":"css selector","value":"#shell-header-logo"}
COMMAND: POST /session/f10bfffe94842169a26616823eaa69fd/element/f.B31591FEBD8AE49568014889031CF3F7.d.E75B4DED77C23904491D35DA126490C5.e.23257/click - {}
RESULT: {}
COMMAND: GET /session/f10bfffe94842169a26616823eaa69fd/screenshot - {}
RESULT: {}
]]></system-out>
    </testcase>
    <testcase classname="chrome.135_0_7049_42.windows.Billing_Calculation_-_Time_based_(considering_transport_times)_US139738" name="Should navigate to the contract item check the billed until field value" time="44.503">
      <system-out><![CDATA[
RESULT: undefined
COMMAND: POST /session/f10bfffe94842169a26616823eaa69fd/element - {"using":"xpath","value":"//*[@id=\"__tile130-title\"]"}
RESULT: {"using":"xpath","value":"//*[@id=\"__tile130-title\"]"}
COMMAND: POST /session/f10bfffe94842169a26616823eaa69fd/element/f.B31591FEBD8AE49568014889031CF3F7.d.E75B4DED77C23904491D35DA126490C5.e.21425/click - {}
RESULT: {}
COMMAND: GET /session/f10bfffe94842169a26616823eaa69fd/screenshot - {}
RESULT: undefined
RESULT: undefined
COMMAND: POST /session/f10bfffe94842169a26616823eaa69fd/element - {"using":"xpath","value":"//button[@data-kt=\"addButton\"]"}
RESULT: {}
RESULT: {"using":"xpath","value":"//button[@data-kt=\"addButton\"]"}
COMMAND: POST /session/f10bfffe94842169a26616823eaa69fd/elements - {"using":"xpath","value":"//button[@data-kt=\"addButton\"]"}
RESULT: {"using":"xpath","value":"//button[@data-kt=\"addButton\"]"}
COMMAND: POST /session/f10bfffe94842169a26616823eaa69fd/execute/sync - {"script":"<script> [8489 bytes]","args":[{"element-6066-11e4-a52e-4f735466cecf":"f.B31591FEBD8AE49568014889031CF3F7.d.E75B4DED77C23904491D35DA126490C5.e.23464","ELEMENT":"f.B31591FEBD8AE49568014889031CF3F7.d.E75B4DED77C23904491D35DA126490C5.e.23464"}]}
RESULT: {"script":"<script> [8489 bytes]","args":[{"element-6066-11e4-a52e-4f735466cecf":"f.B31591FEBD8AE49568014889031CF3F7.d.E75B4DED77C23904491D35DA126490C5.e.23464","ELEMENT":"f.B31591FEBD8AE49568014889031CF3F7.d.E75B4DED77C23904491D35DA126490C5.e.23464"}]}
COMMAND: GET /session/f10bfffe94842169a26616823eaa69fd/element/f.B31591FEBD8AE49568014889031CF3F7.d.E75B4DED77C23904491D35DA126490C5.e.23464/enabled - {}
COMMAND: GET /session/f10bfffe94842169a26616823eaa69fd/screenshot - {}
RESULT: {}
COMMAND: POST /session/f10bfffe94842169a26616823eaa69fd/execute/sync - {"script":"<script> [8489 bytes]","args":[{"element-6066-11e4-a52e-4f735466cecf":"f.B31591FEBD8AE49568014889031CF3F7.d.E75B4DED77C23904491D35DA126490C5.e.23464","ELEMENT":"f.B31591FEBD8AE49568014889031CF3F7.d.E75B4DED77C23904491D35DA126490C5.e.23464"}]}
COMMAND: GET /session/f10bfffe94842169a26616823eaa69fd/screenshot - {}
RESULT: {}
RESULT: {"script":"<script> [8489 bytes]","args":[{"element-6066-11e4-a52e-4f735466cecf":"f.B31591FEBD8AE49568014889031CF3F7.d.E75B4DED77C23904491D35DA126490C5.e.23464","ELEMENT":"f.B31591FEBD8AE49568014889031CF3F7.d.E75B4DED77C23904491D35DA126490C5.e.23464"}]}
COMMAND: POST /session/f10bfffe94842169a26616823eaa69fd/execute/sync - {"script":"<script> [5351 bytes]","args":[{"element-6066-11e4-a52e-4f735466cecf":"f.B31591FEBD8AE49568014889031CF3F7.d.E75B4DED77C23904491D35DA126490C5.e.23464","ELEMENT":"f.B31591FEBD8AE49568014889031CF3F7.d.E75B4DED77C23904491D35DA126490C5.e.23464"}]}
COMMAND: GET /session/f10bfffe94842169a26616823eaa69fd/screenshot - {}
RESULT: {}
RESULT: {"script":"<script> [5351 bytes]","args":[{"element-6066-11e4-a52e-4f735466cecf":"f.B31591FEBD8AE49568014889031CF3F7.d.E75B4DED77C23904491D35DA126490C5.e.23464","ELEMENT":"f.B31591FEBD8AE49568014889031CF3F7.d.E75B4DED77C23904491D35DA126490C5.e.23464"}]}
COMMAND: POST /session/f10bfffe94842169a26616823eaa69fd/element - {"using":"xpath","value":"//input[contains(@id ,\"smartContractFilterBar-btnBasicSearch-I\")]"}
COMMAND: GET /session/f10bfffe94842169a26616823eaa69fd/screenshot - {}
RESULT: {}
RESULT: {"using":"xpath","value":"//input[contains(@id ,\"smartContractFilterBar-btnBasicSearch-I\")]"}
COMMAND: POST /session/f10bfffe94842169a26616823eaa69fd/elements - {"using":"xpath","value":"//input[contains(@id ,\"smartContractFilterBar-btnBasicSearch-I\")]"}
RESULT: {}
RESULT: {"using":"xpath","value":"//input[contains(@id ,\"smartContractFilterBar-btnBasicSearch-I\")]"}
COMMAND: POST /session/f10bfffe94842169a26616823eaa69fd/execute/sync - {"script":"<script> [8489 bytes]","args":[{"element-6066-11e4-a52e-4f735466cecf":"f.B31591FEBD8AE49568014889031CF3F7.d.E75B4DED77C23904491D35DA126490C5.e.23447","ELEMENT":"f.B31591FEBD8AE49568014889031CF3F7.d.E75B4DED77C23904491D35DA126490C5.e.23447"}]}
RESULT: {"script":"<script> [8489 bytes]","args":[{"element-6066-11e4-a52e-4f735466cecf":"f.B31591FEBD8AE49568014889031CF3F7.d.E75B4DED77C23904491D35DA126490C5.e.23447","ELEMENT":"f.B31591FEBD8AE49568014889031CF3F7.d.E75B4DED77C23904491D35DA126490C5.e.23447"}]}
COMMAND: GET /session/f10bfffe94842169a26616823eaa69fd/element/f.B31591FEBD8AE49568014889031CF3F7.d.E75B4DED77C23904491D35DA126490C5.e.23447/enabled - {}
COMMAND: GET /session/f10bfffe94842169a26616823eaa69fd/screenshot - {}
RESULT: {}
COMMAND: POST /session/f10bfffe94842169a26616823eaa69fd/element/f.B31591FEBD8AE49568014889031CF3F7.d.E75B4DED77C23904491D35DA126490C5.e.23447/clear - {}
COMMAND: GET /session/f10bfffe94842169a26616823eaa69fd/screenshot - {}
RESULT: {}
RESULT: {}
COMMAND: POST /session/f10bfffe94842169a26616823eaa69fd/element/f.B31591FEBD8AE49568014889031CF3F7.d.E75B4DED77C23904491D35DA126490C5.e.23447/value - {"text":"10467"}
COMMAND: GET /session/f10bfffe94842169a26616823eaa69fd/screenshot - {}
RESULT: {}
RESULT: {"text":"10467"}
COMMAND: GET /session/f10bfffe94842169a26616823eaa69fd/screenshot - {}
RESULT: {}
RESULT: {}
COMMAND: POST /session/f10bfffe94842169a26616823eaa69fd/actions - {"actions":[{"id":"action80","type":"key","parameters":{},"actions":[{"type":"keyDown","value":""},{"type":"pause","duration":10},{"type":"keyUp","value":""}]}]}
RESULT: {"actions":[{"id":"action80","type":"key","parameters":{},"actions":[{"type":"keyDown","value":""},{"type":"pause","duration":10},{"type":"keyUp","value":""}]}]}
COMMAND: GET /session/f10bfffe94842169a26616823eaa69fd/screenshot - {}
RESULT: {}
COMMAND: POST /session/f10bfffe94842169a26616823eaa69fd/element - {"using":"xpath","value":"//span[contains(@id, \"masterListContractsSmartTable-header-inner\")]"}
RESULT: {"using":"xpath","value":"//span[contains(@id, \"masterListContractsSmartTable-header-inner\")]"}
COMMAND: POST /session/f10bfffe94842169a26616823eaa69fd/elements - {"using":"xpath","value":"//span[contains(@id, \"masterListContractsSmartTable-header-inner\")]"}
RESULT: {"using":"xpath","value":"//span[contains(@id, \"masterListContractsSmartTable-header-inner\")]"}
COMMAND: POST /session/f10bfffe94842169a26616823eaa69fd/execute/sync - {"script":"<script> [56 bytes]","args":[{"element-6066-11e4-a52e-4f735466cecf":"f.B31591FEBD8AE49568014889031CF3F7.d.E75B4DED77C23904491D35DA126490C5.e.23556","ELEMENT":"f.B31591FEBD8AE49568014889031CF3F7.d.E75B4DED77C23904491D35DA126490C5.e.23556"}]}
RESULT: {"script":"<script> [56 bytes]","args":[{"element-6066-11e4-a52e-4f735466cecf":"f.B31591FEBD8AE49568014889031CF3F7.d.E75B4DED77C23904491D35DA126490C5.e.23556","ELEMENT":"f.B31591FEBD8AE49568014889031CF3F7.d.E75B4DED77C23904491D35DA126490C5.e.23556"}]}
COMMAND: POST /session/f10bfffe94842169a26616823eaa69fd/element - {"using":"xpath","value":"(//span[contains(@id, \"imgNav\")])[1]"}
COMMAND: GET /session/f10bfffe94842169a26616823eaa69fd/screenshot - {}
RESULT: {"using":"xpath","value":"(//span[contains(@id, \"imgNav\")])[1]"}
COMMAND: POST /session/f10bfffe94842169a26616823eaa69fd/element/f.B31591FEBD8AE49568014889031CF3F7.d.E75B4DED77C23904491D35DA126490C5.e.23527/click - {}
RESULT: {}
RESULT: {}
COMMAND: GET /session/f10bfffe94842169a26616823eaa69fd/screenshot - {}
RESULT: {}
COMMAND: POST /session/f10bfffe94842169a26616823eaa69fd/element - {"using":"xpath","value":"//tr[@data-kt=\"productsColumnListItem\"]//td//span[contains(@id, \"imgNav\")][1]"}
RESULT: {"using":"xpath","value":"//tr[@data-kt=\"productsColumnListItem\"]//td//span[contains(@id, \"imgNav\")][1]"}
COMMAND: POST /session/f10bfffe94842169a26616823eaa69fd/element/f.B31591FEBD8AE49568014889031CF3F7.d.E75B4DED77C23904491D35DA126490C5.e.23729/click - {}
RESULT: {}
COMMAND: GET /session/f10bfffe94842169a26616823eaa69fd/screenshot - {}
RESULT: {}
COMMAND: POST /session/f10bfffe94842169a26616823eaa69fd/element - {"using":"xpath","value":"//section[contains(@id, \"application-managecontracts-display-component---BillingItem--ObjectPageLayout-OPHeaderContent\")]/div/div/div/div/div[2]/div/div[2]/span"}
RESULT: {"using":"xpath","value":"//section[contains(@id, \"application-managecontracts-display-component---BillingItem--ObjectPageLayout-OPHeaderContent\")]/div/div/div/div/div[2]/div/div[2]/span"}
COMMAND: POST /session/f10bfffe94842169a26616823eaa69fd/execute/sync - {"script":"<script> [56 bytes]","args":[{"element-6066-11e4-a52e-4f735466cecf":"f.B31591FEBD8AE49568014889031CF3F7.d.E75B4DED77C23904491D35DA126490C5.e.23865","ELEMENT":"f.B31591FEBD8AE49568014889031CF3F7.d.E75B4DED77C23904491D35DA126490C5.e.23865"}]}
RESULT: {"script":"<script> [56 bytes]","args":[{"element-6066-11e4-a52e-4f735466cecf":"f.B31591FEBD8AE49568014889031CF3F7.d.E75B4DED77C23904491D35DA126490C5.e.23865","ELEMENT":"f.B31591FEBD8AE49568014889031CF3F7.d.E75B4DED77C23904491D35DA126490C5.e.23865"}]}
COMMAND: POST /session/f10bfffe94842169a26616823eaa69fd/element - {"using":"xpath","value":"//table[contains(@id, \"application-managecontracts-display-component---BillingItem--billingList-listUl\")]//td//*[contains(text(), \"partial billed\")]"}
COMMAND: GET /session/f10bfffe94842169a26616823eaa69fd/screenshot - {}
RESULT: {"using":"xpath","value":"//table[contains(@id, \"application-managecontracts-display-component---BillingItem--billingList-listUl\")]//td//*[contains(text(), \"partial billed\")]"}
COMMAND: POST /session/f10bfffe94842169a26616823eaa69fd/execute/sync - {"script":"<script> [56 bytes]","args":[{"element-6066-11e4-a52e-4f735466cecf":"f.B31591FEBD8AE49568014889031CF3F7.d.E75B4DED77C23904491D35DA126490C5.e.23866","ELEMENT":"f.B31591FEBD8AE49568014889031CF3F7.d.E75B4DED77C23904491D35DA126490C5.e.23866"}]}
RESULT: {}
RESULT: {"script":"<script> [56 bytes]","args":[{"element-6066-11e4-a52e-4f735466cecf":"f.B31591FEBD8AE49568014889031CF3F7.d.E75B4DED77C23904491D35DA126490C5.e.23866","ELEMENT":"f.B31591FEBD8AE49568014889031CF3F7.d.E75B4DED77C23904491D35DA126490C5.e.23866"}]}
COMMAND: POST /session/f10bfffe94842169a26616823eaa69fd/element - {"using":"css selector","value":"#shell-header-logo"}
COMMAND: GET /session/f10bfffe94842169a26616823eaa69fd/screenshot - {}
RESULT: {"using":"css selector","value":"#shell-header-logo"}
COMMAND: POST /session/f10bfffe94842169a26616823eaa69fd/element/f.B31591FEBD8AE49568014889031CF3F7.d.E75B4DED77C23904491D35DA126490C5.e.23439/click - {}
RESULT: {}
RESULT: {}
COMMAND: GET /session/f10bfffe94842169a26616823eaa69fd/screenshot - {}
RESULT: {}
]]></system-out>
    </testcase>
    <testcase classname="chrome.135_0_7049_42.windows.Billing_Calculation_-_Time_based_(considering_transport_times)_US139738" name="Should do a handover return 2 step 7 days after provide or 14 days from today receive it in 21 days" time="165.848">
      <system-out><![CDATA[
RESULT: undefined
COMMAND: POST /session/f10bfffe94842169a26616823eaa69fd/element - {"using":"xpath","value":"//*[@id=\"__tile130-title\"]"}
RESULT: {"using":"xpath","value":"//*[@id=\"__tile130-title\"]"}
COMMAND: POST /session/f10bfffe94842169a26616823eaa69fd/element/f.B31591FEBD8AE49568014889031CF3F7.d.E75B4DED77C23904491D35DA126490C5.e.21425/click - {}
RESULT: {}
COMMAND: GET /session/f10bfffe94842169a26616823eaa69fd/screenshot - {}
RESULT: {}
RESULT: undefined
COMMAND: POST /session/f10bfffe94842169a26616823eaa69fd/element - {"using":"xpath","value":"//button[@data-kt=\"addButton\"]"}
RESULT: {"using":"xpath","value":"//button[@data-kt=\"addButton\"]"}
COMMAND: POST /session/f10bfffe94842169a26616823eaa69fd/elements - {"using":"xpath","value":"//button[@data-kt=\"addButton\"]"}
RESULT: {"using":"xpath","value":"//button[@data-kt=\"addButton\"]"}
COMMAND: POST /session/f10bfffe94842169a26616823eaa69fd/execute/sync - {"script":"<script> [8489 bytes]","args":[{"element-6066-11e4-a52e-4f735466cecf":"f.B31591FEBD8AE49568014889031CF3F7.d.E75B4DED77C23904491D35DA126490C5.e.23907","ELEMENT":"f.B31591FEBD8AE49568014889031CF3F7.d.E75B4DED77C23904491D35DA126490C5.e.23907"}]}
RESULT: {"script":"<script> [8489 bytes]","args":[{"element-6066-11e4-a52e-4f735466cecf":"f.B31591FEBD8AE49568014889031CF3F7.d.E75B4DED77C23904491D35DA126490C5.e.23907","ELEMENT":"f.B31591FEBD8AE49568014889031CF3F7.d.E75B4DED77C23904491D35DA126490C5.e.23907"}]}
COMMAND: GET /session/f10bfffe94842169a26616823eaa69fd/element/f.B31591FEBD8AE49568014889031CF3F7.d.E75B4DED77C23904491D35DA126490C5.e.23907/enabled - {}
COMMAND: GET /session/f10bfffe94842169a26616823eaa69fd/screenshot - {}
RESULT: {}
COMMAND: POST /session/f10bfffe94842169a26616823eaa69fd/execute/sync - {"script":"<script> [8489 bytes]","args":[{"element-6066-11e4-a52e-4f735466cecf":"f.B31591FEBD8AE49568014889031CF3F7.d.E75B4DED77C23904491D35DA126490C5.e.23907","ELEMENT":"f.B31591FEBD8AE49568014889031CF3F7.d.E75B4DED77C23904491D35DA126490C5.e.23907"}]}
COMMAND: GET /session/f10bfffe94842169a26616823eaa69fd/screenshot - {}
RESULT: {}
RESULT: {"script":"<script> [8489 bytes]","args":[{"element-6066-11e4-a52e-4f735466cecf":"f.B31591FEBD8AE49568014889031CF3F7.d.E75B4DED77C23904491D35DA126490C5.e.23907","ELEMENT":"f.B31591FEBD8AE49568014889031CF3F7.d.E75B4DED77C23904491D35DA126490C5.e.23907"}]}
COMMAND: POST /session/f10bfffe94842169a26616823eaa69fd/execute/sync - {"script":"<script> [5351 bytes]","args":[{"element-6066-11e4-a52e-4f735466cecf":"f.B31591FEBD8AE49568014889031CF3F7.d.E75B4DED77C23904491D35DA126490C5.e.23907","ELEMENT":"f.B31591FEBD8AE49568014889031CF3F7.d.E75B4DED77C23904491D35DA126490C5.e.23907"}]}
COMMAND: GET /session/f10bfffe94842169a26616823eaa69fd/screenshot - {}
RESULT: {}
RESULT: {"script":"<script> [5351 bytes]","args":[{"element-6066-11e4-a52e-4f735466cecf":"f.B31591FEBD8AE49568014889031CF3F7.d.E75B4DED77C23904491D35DA126490C5.e.23907","ELEMENT":"f.B31591FEBD8AE49568014889031CF3F7.d.E75B4DED77C23904491D35DA126490C5.e.23907"}]}
RESULT: {}
COMMAND: GET /session/f10bfffe94842169a26616823eaa69fd/screenshot - {}
RESULT: {}
COMMAND: POST /session/f10bfffe94842169a26616823eaa69fd/element - {"using":"xpath","value":"//input[contains(@id ,\"smartContractFilterBar-btnBasicSearch-I\")]"}
RESULT: {"using":"xpath","value":"//input[contains(@id ,\"smartContractFilterBar-btnBasicSearch-I\")]"}
COMMAND: POST /session/f10bfffe94842169a26616823eaa69fd/elements - {"using":"xpath","value":"//input[contains(@id ,\"smartContractFilterBar-btnBasicSearch-I\")]"}
RESULT: {"using":"xpath","value":"//input[contains(@id ,\"smartContractFilterBar-btnBasicSearch-I\")]"}
COMMAND: POST /session/f10bfffe94842169a26616823eaa69fd/execute/sync - {"script":"<script> [8489 bytes]","args":[{"element-6066-11e4-a52e-4f735466cecf":"f.B31591FEBD8AE49568014889031CF3F7.d.E75B4DED77C23904491D35DA126490C5.e.23877","ELEMENT":"f.B31591FEBD8AE49568014889031CF3F7.d.E75B4DED77C23904491D35DA126490C5.e.23877"}]}
RESULT: {"script":"<script> [8489 bytes]","args":[{"element-6066-11e4-a52e-4f735466cecf":"f.B31591FEBD8AE49568014889031CF3F7.d.E75B4DED77C23904491D35DA126490C5.e.23877","ELEMENT":"f.B31591FEBD8AE49568014889031CF3F7.d.E75B4DED77C23904491D35DA126490C5.e.23877"}]}
COMMAND: GET /session/f10bfffe94842169a26616823eaa69fd/element/f.B31591FEBD8AE49568014889031CF3F7.d.E75B4DED77C23904491D35DA126490C5.e.23877/enabled - {}
COMMAND: GET /session/f10bfffe94842169a26616823eaa69fd/screenshot - {}
RESULT: {}
COMMAND: POST /session/f10bfffe94842169a26616823eaa69fd/element/f.B31591FEBD8AE49568014889031CF3F7.d.E75B4DED77C23904491D35DA126490C5.e.23877/clear - {}
COMMAND: GET /session/f10bfffe94842169a26616823eaa69fd/screenshot - {}
RESULT: {}
RESULT: {}
COMMAND: POST /session/f10bfffe94842169a26616823eaa69fd/element/f.B31591FEBD8AE49568014889031CF3F7.d.E75B4DED77C23904491D35DA126490C5.e.23877/value - {"text":"10467"}
COMMAND: GET /session/f10bfffe94842169a26616823eaa69fd/screenshot - {}
RESULT: {}
RESULT: {"text":"10467"}
COMMAND: GET /session/f10bfffe94842169a26616823eaa69fd/screenshot - {}
RESULT: {}
RESULT: {}
COMMAND: POST /session/f10bfffe94842169a26616823eaa69fd/actions - {"actions":[{"id":"action81","type":"key","parameters":{},"actions":[{"type":"keyDown","value":""},{"type":"pause","duration":10},{"type":"keyUp","value":""}]}]}
RESULT: {"actions":[{"id":"action81","type":"key","parameters":{},"actions":[{"type":"keyDown","value":""},{"type":"pause","duration":10},{"type":"keyUp","value":""}]}]}
COMMAND: GET /session/f10bfffe94842169a26616823eaa69fd/screenshot - {}
RESULT: {}
COMMAND: POST /session/f10bfffe94842169a26616823eaa69fd/element - {"using":"xpath","value":"//span[contains(@id, \"masterListContractsSmartTable-header-inner\")]"}
RESULT: {"using":"xpath","value":"//span[contains(@id, \"masterListContractsSmartTable-header-inner\")]"}
COMMAND: POST /session/f10bfffe94842169a26616823eaa69fd/elements - {"using":"xpath","value":"//span[contains(@id, \"masterListContractsSmartTable-header-inner\")]"}
RESULT: {"using":"xpath","value":"//span[contains(@id, \"masterListContractsSmartTable-header-inner\")]"}
COMMAND: POST /session/f10bfffe94842169a26616823eaa69fd/execute/sync - {"script":"<script> [56 bytes]","args":[{"element-6066-11e4-a52e-4f735466cecf":"f.B31591FEBD8AE49568014889031CF3F7.d.E75B4DED77C23904491D35DA126490C5.e.23982","ELEMENT":"f.B31591FEBD8AE49568014889031CF3F7.d.E75B4DED77C23904491D35DA126490C5.e.23982"}]}
RESULT: {"script":"<script> [56 bytes]","args":[{"element-6066-11e4-a52e-4f735466cecf":"f.B31591FEBD8AE49568014889031CF3F7.d.E75B4DED77C23904491D35DA126490C5.e.23982","ELEMENT":"f.B31591FEBD8AE49568014889031CF3F7.d.E75B4DED77C23904491D35DA126490C5.e.23982"}]}
COMMAND: POST /session/f10bfffe94842169a26616823eaa69fd/element - {"using":"xpath","value":"(//span[contains(@id, \"imgNav\")])[1]"}
COMMAND: GET /session/f10bfffe94842169a26616823eaa69fd/screenshot - {}
RESULT: {"using":"xpath","value":"(//span[contains(@id, \"imgNav\")])[1]"}
COMMAND: POST /session/f10bfffe94842169a26616823eaa69fd/element/f.B31591FEBD8AE49568014889031CF3F7.d.E75B4DED77C23904491D35DA126490C5.e.23940/click - {}
RESULT: {}
RESULT: {}
COMMAND: GET /session/f10bfffe94842169a26616823eaa69fd/screenshot - {}
RESULT: {}
COMMAND: POST /session/f10bfffe94842169a26616823eaa69fd/element - {"using":"xpath","value":"//button[contains(@id, \"contractDetailReturnButton\")]"}
RESULT: {"using":"xpath","value":"//button[contains(@id, \"contractDetailReturnButton\")]"}
COMMAND: POST /session/f10bfffe94842169a26616823eaa69fd/element/f.B31591FEBD8AE49568014889031CF3F7.d.E75B4DED77C23904491D35DA126490C5.e.24060/click - {}
RESULT: {}
COMMAND: GET /session/f10bfffe94842169a26616823eaa69fd/screenshot - {}
RESULT: undefined
COMMAND: POST /session/f10bfffe94842169a26616823eaa69fd/execute/async - {"script":"<script> [776 bytes]","args":[{"enterText":"05/02/25","selector":{"id":"application-managehandovers-display-component---AddNewHO--dueDate","interaction":{"idSuffix":"inner"}},"clearTextFirst":true,"interactionType":"ENTER_TEXT"}]}
RESULT: {}
RESULT: {"script":"<script> [776 bytes]","args":[{"enterText":"05/02/25","selector":{"id":"application-managehandovers-display-component---AddNewHO--dueDate","interaction":{"idSuffix":"inner"}},"clearTextFirst":true,"interactionType":"ENTER_TEXT"}]}
COMMAND: POST /session/f10bfffe94842169a26616823eaa69fd/element - {"using":"xpath","value":"//bdi[contains(text(), \"Instructions\")]"}
RESULT: {"using":"xpath","value":"//bdi[contains(text(), \"Instructions\")]"}
COMMAND: POST /session/f10bfffe94842169a26616823eaa69fd/element/f.B31591FEBD8AE49568014889031CF3F7.d.E75B4DED77C23904491D35DA126490C5.e.24461/click - {}
RESULT: {}
COMMAND: GET /session/f10bfffe94842169a26616823eaa69fd/screenshot - {}
RESULT: {}
COMMAND: POST /session/f10bfffe94842169a26616823eaa69fd/element - {"using":"xpath","value":"//button[@data-kt=\"AddNewHOProvideAddItemsButton\"]"}
RESULT: {"using":"xpath","value":"//button[@data-kt=\"AddNewHOProvideAddItemsButton\"]"}
COMMAND: POST /session/f10bfffe94842169a26616823eaa69fd/element/f.B31591FEBD8AE49568014889031CF3F7.d.E75B4DED77C23904491D35DA126490C5.e.24267/click - {}
RESULT: {}
COMMAND: GET /session/f10bfffe94842169a26616823eaa69fd/screenshot - {}
RESULT: {}
RESULT: undefined
COMMAND: POST /session/f10bfffe94842169a26616823eaa69fd/element - {"using":"xpath","value":"//*[@id=\"application-managehandovers-display-component---AddNewHO--popup-sa\"]"}
RESULT: {"using":"xpath","value":"//*[@id=\"application-managehandovers-display-component---AddNewHO--popup-sa\"]"}
COMMAND: POST /session/f10bfffe94842169a26616823eaa69fd/element/f.B31591FEBD8AE49568014889031CF3F7.d.E75B4DED77C23904491D35DA126490C5.e.24479/click - {}
RESULT: {}
COMMAND: GET /session/f10bfffe94842169a26616823eaa69fd/screenshot - {}
RESULT: {}
COMMAND: POST /session/f10bfffe94842169a26616823eaa69fd/element - {"using":"xpath","value":"//*[contains(@id ,\"BDI-content\")][contains(text(), \"Select\")]"}
RESULT: {"using":"xpath","value":"//*[contains(@id ,\"BDI-content\")][contains(text(), \"Select\")]"}
COMMAND: POST /session/f10bfffe94842169a26616823eaa69fd/element/f.B31591FEBD8AE49568014889031CF3F7.d.E75B4DED77C23904491D35DA126490C5.e.24481/click - {}
RESULT: {}
COMMAND: GET /session/f10bfffe94842169a26616823eaa69fd/screenshot - {}
RESULT: {}
COMMAND: POST /session/f10bfffe94842169a26616823eaa69fd/element - {"using":"xpath","value":"(//div[contains(@id, \"application-managehandovers-display-component---AddNewHO--oneStep-CbBg\")])"}
RESULT: {"using":"xpath","value":"(//div[contains(@id, \"application-managehandovers-display-component---AddNewHO--oneStep-CbBg\")])"}
COMMAND: POST /session/f10bfffe94842169a26616823eaa69fd/element/f.B31591FEBD8AE49568014889031CF3F7.d.E75B4DED77C23904491D35DA126490C5.e.24489/click - {}
RESULT: {}
RESULT: undefined
COMMAND: POST /session/f10bfffe94842169a26616823eaa69fd/element - {"using":"xpath","value":"//*[@id=\"application-managehandovers-display-component---AddNewHO--confirmCreationButton\"]"}
COMMAND: GET /session/f10bfffe94842169a26616823eaa69fd/screenshot - {}
RESULT: {"using":"xpath","value":"//*[@id=\"application-managehandovers-display-component---AddNewHO--confirmCreationButton\"]"}
COMMAND: POST /session/f10bfffe94842169a26616823eaa69fd/element/f.B31591FEBD8AE49568014889031CF3F7.d.E75B4DED77C23904491D35DA126490C5.e.24274/click - {}
RESULT: {}
RESULT: {}
COMMAND: GET /session/f10bfffe94842169a26616823eaa69fd/screenshot - {}
COMMAND: POST /session/f10bfffe94842169a26616823eaa69fd/element - {"using":"xpath","value":"//button[@data-kt=\"PickingTableConfirmAllButton\"]"}
RESULT: {}
RESULT: {"using":"xpath","value":"//button[@data-kt=\"PickingTableConfirmAllButton\"]"}
COMMAND: POST /session/f10bfffe94842169a26616823eaa69fd/element/f.B31591FEBD8AE49568014889031CF3F7.d.E75B4DED77C23904491D35DA126490C5.e.24538/click - {}
RESULT: {}
COMMAND: GET /session/f10bfffe94842169a26616823eaa69fd/screenshot - {}
RESULT: {}
COMMAND: POST /session/f10bfffe94842169a26616823eaa69fd/element - {"using":"xpath","value":"//bdi[contains(text(), \"OK\")]"}
RESULT: {"using":"xpath","value":"//bdi[contains(text(), \"OK\")]"}
COMMAND: POST /session/f10bfffe94842169a26616823eaa69fd/element/f.B31591FEBD8AE49568014889031CF3F7.d.E75B4DED77C23904491D35DA126490C5.e.24540/click - {}
RESULT: {}
COMMAND: GET /session/f10bfffe94842169a26616823eaa69fd/screenshot - {}
RESULT: {}
COMMAND: POST /session/f10bfffe94842169a26616823eaa69fd/element - {"using":"xpath","value":"//button[@data-kt=\"execHoPickButton\"]"}
RESULT: {"using":"xpath","value":"//button[@data-kt=\"execHoPickButton\"]"}
COMMAND: POST /session/f10bfffe94842169a26616823eaa69fd/element/f.B31591FEBD8AE49568014889031CF3F7.d.E75B4DED77C23904491D35DA126490C5.e.24542/click - {}
RESULT: {}
COMMAND: GET /session/f10bfffe94842169a26616823eaa69fd/screenshot - {}
RESULT: {}
COMMAND: POST /session/f10bfffe94842169a26616823eaa69fd/element - {"using":"xpath","value":"//span[contains(@id ,\"filterItemControl_BASIC-SEND_CONTRACT-vhi\")]"}
RESULT: {"using":"xpath","value":"//span[contains(@id ,\"filterItemControl_BASIC-SEND_CONTRACT-vhi\")]"}
COMMAND: POST /session/f10bfffe94842169a26616823eaa69fd/element/f.B31591FEBD8AE49568014889031CF3F7.d.E75B4DED77C23904491D35DA126490C5.e.24829/click - {}
RESULT: {}
COMMAND: GET /session/f10bfffe94842169a26616823eaa69fd/screenshot - {}
RESULT: {}
RESULT: undefined
COMMAND: POST /session/f10bfffe94842169a26616823eaa69fd/execute/async - {"script":"<script> [776 bytes]","args":[{"enterText":"10467","selector":{"controlType":"sap.m.SearchField","viewName":"etm.portal.ui.managehandovers.view.MasterHO","bindingPath":{"path":"","propertyPath":"/_BASIC_SEARCH_FIELD","modelName":"fi1t3rM0d31"},"searchOpenDialogs":true,"interaction":{"idSuffix":"I"}},"clearTextFirst":true,"interactionType":"ENTER_TEXT"}]}
RESULT: {"script":"<script> [776 bytes]","args":[{"enterText":"10467","selector":{"controlType":"sap.m.SearchField","viewName":"etm.portal.ui.managehandovers.view.MasterHO","bindingPath":{"path":"","propertyPath":"/_BASIC_SEARCH_FIELD","modelName":"fi1t3rM0d31"},"searchOpenDialogs":true,"interaction":{"idSuffix":"I"}},"clearTextFirst":true,"interactionType":"ENTER_TEXT"}]}
COMMAND: POST /session/f10bfffe94842169a26616823eaa69fd/actions - {"actions":[{"id":"action82","type":"key","parameters":{},"actions":[{"type":"keyDown","value":""},{"type":"pause","duration":10},{"type":"keyUp","value":""}]}]}
RESULT: {"actions":[{"id":"action82","type":"key","parameters":{},"actions":[{"type":"keyDown","value":""},{"type":"pause","duration":10},{"type":"keyUp","value":""}]}]}
COMMAND: GET /session/f10bfffe94842169a26616823eaa69fd/screenshot - {}
RESULT: {}
COMMAND: POST /session/f10bfffe94842169a26616823eaa69fd/element - {"using":"xpath","value":"//div[contains(@id, 'filterItemControl_BASIC-SEND_CONTRACT-valueHelpDialog-table-rowsel0')]"}
RESULT: {"using":"xpath","value":"//div[contains(@id, 'filterItemControl_BASIC-SEND_CONTRACT-valueHelpDialog-table-rowsel0')]"}
COMMAND: POST /session/f10bfffe94842169a26616823eaa69fd/element/f.B31591FEBD8AE49568014889031CF3F7.d.E75B4DED77C23904491D35DA126490C5.e.24837/click - {}
RESULT: {}
COMMAND: GET /session/f10bfffe94842169a26616823eaa69fd/screenshot - {}
RESULT: {}
COMMAND: POST /session/f10bfffe94842169a26616823eaa69fd/element - {"using":"xpath","value":"//bdi[contains(text(), \"OK\")]"}
RESULT: {"using":"xpath","value":"//bdi[contains(text(), \"OK\")]"}
COMMAND: POST /session/f10bfffe94842169a26616823eaa69fd/element/f.B31591FEBD8AE49568014889031CF3F7.d.E75B4DED77C23904491D35DA126490C5.e.24839/click - {}
RESULT: {}
COMMAND: GET /session/f10bfffe94842169a26616823eaa69fd/screenshot - {}
RESULT: {}
COMMAND: POST /session/f10bfffe94842169a26616823eaa69fd/element - {"using":"xpath","value":"//span[contains(@id, \"smartTable-header-inner\")]"}
RESULT: {"using":"xpath","value":"//span[contains(@id, \"smartTable-header-inner\")]"}
COMMAND: POST /session/f10bfffe94842169a26616823eaa69fd/elements - {"using":"xpath","value":"//span[contains(@id, \"smartTable-header-inner\")]"}
RESULT: {"using":"xpath","value":"//span[contains(@id, \"smartTable-header-inner\")]"}
COMMAND: POST /session/f10bfffe94842169a26616823eaa69fd/execute/sync - {"script":"<script> [56 bytes]","args":[{"element-6066-11e4-a52e-4f735466cecf":"f.B31591FEBD8AE49568014889031CF3F7.d.E75B4DED77C23904491D35DA126490C5.e.24868","ELEMENT":"f.B31591FEBD8AE49568014889031CF3F7.d.E75B4DED77C23904491D35DA126490C5.e.24868"}]}
RESULT: {"script":"<script> [56 bytes]","args":[{"element-6066-11e4-a52e-4f735466cecf":"f.B31591FEBD8AE49568014889031CF3F7.d.E75B4DED77C23904491D35DA126490C5.e.24868","ELEMENT":"f.B31591FEBD8AE49568014889031CF3F7.d.E75B4DED77C23904491D35DA126490C5.e.24868"}]}
COMMAND: POST /session/f10bfffe94842169a26616823eaa69fd/element - {"using":"xpath","value":"//table[contains(@id, \"customHandovers\")]//tbody/tr[1]/td[2]/span"}
COMMAND: GET /session/f10bfffe94842169a26616823eaa69fd/screenshot - {}
RESULT: {"using":"xpath","value":"//table[contains(@id, \"customHandovers\")]//tbody/tr[1]/td[2]/span"}
COMMAND: POST /session/f10bfffe94842169a26616823eaa69fd/execute/sync - {"script":"<script> [56 bytes]","args":[{"element-6066-11e4-a52e-4f735466cecf":"f.B31591FEBD8AE49568014889031CF3F7.d.E75B4DED77C23904491D35DA126490C5.e.24869","ELEMENT":"f.B31591FEBD8AE49568014889031CF3F7.d.E75B4DED77C23904491D35DA126490C5.e.24869"}]}
RESULT: {}
RESULT: {"script":"<script> [56 bytes]","args":[{"element-6066-11e4-a52e-4f735466cecf":"f.B31591FEBD8AE49568014889031CF3F7.d.E75B4DED77C23904491D35DA126490C5.e.24869","ELEMENT":"f.B31591FEBD8AE49568014889031CF3F7.d.E75B4DED77C23904491D35DA126490C5.e.24869"}]}
COMMAND: POST /session/f10bfffe94842169a26616823eaa69fd/element - {"using":"xpath","value":"(//span[contains(@id, \"imgNav\")])[1]"}
COMMAND: GET /session/f10bfffe94842169a26616823eaa69fd/screenshot - {}
RESULT: {"using":"xpath","value":"(//span[contains(@id, \"imgNav\")])[1]"}
COMMAND: POST /session/f10bfffe94842169a26616823eaa69fd/element/f.B31591FEBD8AE49568014889031CF3F7.d.E75B4DED77C23904491D35DA126490C5.e.24865/click - {}
RESULT: {}
RESULT: {}
COMMAND: GET /session/f10bfffe94842169a26616823eaa69fd/screenshot - {}
RESULT: {}
COMMAND: POST /session/f10bfffe94842169a26616823eaa69fd/element - {"using":"xpath","value":"//button[@data-kt=\"PickingTableConfirmAllButton\"]"}
RESULT: {"using":"xpath","value":"//button[@data-kt=\"PickingTableConfirmAllButton\"]"}
COMMAND: POST /session/f10bfffe94842169a26616823eaa69fd/element/f.B31591FEBD8AE49568014889031CF3F7.d.E75B4DED77C23904491D35DA126490C5.e.24909/click - {}
RESULT: {}
COMMAND: GET /session/f10bfffe94842169a26616823eaa69fd/screenshot - {}
RESULT: {}
COMMAND: POST /session/f10bfffe94842169a26616823eaa69fd/element - {"using":"xpath","value":"//bdi[contains(text(), \"OK\")]"}
RESULT: {"using":"xpath","value":"//bdi[contains(text(), \"OK\")]"}
COMMAND: POST /session/f10bfffe94842169a26616823eaa69fd/element/f.B31591FEBD8AE49568014889031CF3F7.d.E75B4DED77C23904491D35DA126490C5.e.24921/click - {}
RESULT: {}
COMMAND: GET /session/f10bfffe94842169a26616823eaa69fd/screenshot - {}
RESULT: {}
COMMAND: POST /session/f10bfffe94842169a26616823eaa69fd/element - {"using":"xpath","value":"//button[@data-kt=\"execHoIssueButton\"]"}
RESULT: {"using":"xpath","value":"//button[@data-kt=\"execHoIssueButton\"]"}
COMMAND: POST /session/f10bfffe94842169a26616823eaa69fd/element/f.B31591FEBD8AE49568014889031CF3F7.d.E75B4DED77C23904491D35DA126490C5.e.24923/click - {}
RESULT: {}
COMMAND: GET /session/f10bfffe94842169a26616823eaa69fd/screenshot - {}
RESULT: {}
COMMAND: POST /session/f10bfffe94842169a26616823eaa69fd/element - {"using":"xpath","value":"//input[contains(@id ,\"smartFilterBar-btnBasicSearch-I\")]"}
RESULT: {"using":"xpath","value":"//input[contains(@id ,\"smartFilterBar-btnBasicSearch-I\")]"}
COMMAND: POST /session/f10bfffe94842169a26616823eaa69fd/elements - {"using":"xpath","value":"//input[contains(@id ,\"smartFilterBar-btnBasicSearch-I\")]"}
RESULT: {"using":"xpath","value":"//input[contains(@id ,\"smartFilterBar-btnBasicSearch-I\")]"}
COMMAND: POST /session/f10bfffe94842169a26616823eaa69fd/execute/sync - {"script":"<script> [8489 bytes]","args":[{"element-6066-11e4-a52e-4f735466cecf":"f.B31591FEBD8AE49568014889031CF3F7.d.E75B4DED77C23904491D35DA126490C5.e.24231","ELEMENT":"f.B31591FEBD8AE49568014889031CF3F7.d.E75B4DED77C23904491D35DA126490C5.e.24231"}]}
RESULT: {"script":"<script> [8489 bytes]","args":[{"element-6066-11e4-a52e-4f735466cecf":"f.B31591FEBD8AE49568014889031CF3F7.d.E75B4DED77C23904491D35DA126490C5.e.24231","ELEMENT":"f.B31591FEBD8AE49568014889031CF3F7.d.E75B4DED77C23904491D35DA126490C5.e.24231"}]}
COMMAND: GET /session/f10bfffe94842169a26616823eaa69fd/element/f.B31591FEBD8AE49568014889031CF3F7.d.E75B4DED77C23904491D35DA126490C5.e.24231/enabled - {}
COMMAND: GET /session/f10bfffe94842169a26616823eaa69fd/screenshot - {}
RESULT: {}
COMMAND: POST /session/f10bfffe94842169a26616823eaa69fd/element/f.B31591FEBD8AE49568014889031CF3F7.d.E75B4DED77C23904491D35DA126490C5.e.24231/clear - {}
COMMAND: GET /session/f10bfffe94842169a26616823eaa69fd/screenshot - {}
RESULT: {}
RESULT: {}
COMMAND: POST /session/f10bfffe94842169a26616823eaa69fd/element/f.B31591FEBD8AE49568014889031CF3F7.d.E75B4DED77C23904491D35DA126490C5.e.24231/value - {"text":"30832"}
COMMAND: GET /session/f10bfffe94842169a26616823eaa69fd/screenshot - {}
RESULT: {}
RESULT: {"text":"30832"}
COMMAND: GET /session/f10bfffe94842169a26616823eaa69fd/screenshot - {}
RESULT: {}
RESULT: {}
COMMAND: POST /session/f10bfffe94842169a26616823eaa69fd/actions - {"actions":[{"id":"action83","type":"key","parameters":{},"actions":[{"type":"keyDown","value":""},{"type":"pause","duration":10},{"type":"keyUp","value":""}]}]}
RESULT: {"actions":[{"id":"action83","type":"key","parameters":{},"actions":[{"type":"keyDown","value":""},{"type":"pause","duration":10},{"type":"keyUp","value":""}]}]}
COMMAND: GET /session/f10bfffe94842169a26616823eaa69fd/screenshot - {}
RESULT: {}
COMMAND: POST /session/f10bfffe94842169a26616823eaa69fd/element - {"using":"xpath","value":"//span[contains(@id, \"smartTable-header-inner\")]"}
RESULT: {"using":"xpath","value":"//span[contains(@id, \"smartTable-header-inner\")]"}
COMMAND: POST /session/f10bfffe94842169a26616823eaa69fd/elements - {"using":"xpath","value":"//span[contains(@id, \"smartTable-header-inner\")]"}
RESULT: {"using":"xpath","value":"//span[contains(@id, \"smartTable-header-inner\")]"}
COMMAND: POST /session/f10bfffe94842169a26616823eaa69fd/execute/sync - {"script":"<script> [56 bytes]","args":[{"element-6066-11e4-a52e-4f735466cecf":"f.B31591FEBD8AE49568014889031CF3F7.d.E75B4DED77C23904491D35DA126490C5.e.24868","ELEMENT":"f.B31591FEBD8AE49568014889031CF3F7.d.E75B4DED77C23904491D35DA126490C5.e.24868"}]}
RESULT: {"script":"<script> [56 bytes]","args":[{"element-6066-11e4-a52e-4f735466cecf":"f.B31591FEBD8AE49568014889031CF3F7.d.E75B4DED77C23904491D35DA126490C5.e.24868","ELEMENT":"f.B31591FEBD8AE49568014889031CF3F7.d.E75B4DED77C23904491D35DA126490C5.e.24868"}]}
COMMAND: POST /session/f10bfffe94842169a26616823eaa69fd/elements - {"using":"xpath","value":"//thead[contains(@class, \"sapMTableTH\")]/tr/th"}
COMMAND: GET /session/f10bfffe94842169a26616823eaa69fd/screenshot - {}
RESULT: {"using":"xpath","value":"//thead[contains(@class, \"sapMTableTH\")]/tr/th"}
COMMAND: GET /session/f10bfffe94842169a26616823eaa69fd/element/f.B31591FEBD8AE49568014889031CF3F7.d.E75B4DED77C23904491D35DA126490C5.e.24967/text - {}
RESULT: {}
RESULT: {}
COMMAND: GET /session/f10bfffe94842169a26616823eaa69fd/element/f.B31591FEBD8AE49568014889031CF3F7.d.E75B4DED77C23904491D35DA126490C5.e.24968/text - {}
RESULT: {}
COMMAND: GET /session/f10bfffe94842169a26616823eaa69fd/element/f.B31591FEBD8AE49568014889031CF3F7.d.E75B4DED77C23904491D35DA126490C5.e.24225/text - {}
RESULT: {}
COMMAND: GET /session/f10bfffe94842169a26616823eaa69fd/element/f.B31591FEBD8AE49568014889031CF3F7.d.E75B4DED77C23904491D35DA126490C5.e.24227/text - {}
RESULT: {}
COMMAND: GET /session/f10bfffe94842169a26616823eaa69fd/element/f.B31591FEBD8AE49568014889031CF3F7.d.E75B4DED77C23904491D35DA126490C5.e.24926/text - {}
RESULT: {}
COMMAND: GET /session/f10bfffe94842169a26616823eaa69fd/element/f.B31591FEBD8AE49568014889031CF3F7.d.E75B4DED77C23904491D35DA126490C5.e.24927/text - {}
RESULT: {}
COMMAND: GET /session/f10bfffe94842169a26616823eaa69fd/element/f.B31591FEBD8AE49568014889031CF3F7.d.E75B4DED77C23904491D35DA126490C5.e.24928/text - {}
RESULT: {}
COMMAND: GET /session/f10bfffe94842169a26616823eaa69fd/element/f.B31591FEBD8AE49568014889031CF3F7.d.E75B4DED77C23904491D35DA126490C5.e.24929/text - {}
RESULT: {}
COMMAND: GET /session/f10bfffe94842169a26616823eaa69fd/element/f.B31591FEBD8AE49568014889031CF3F7.d.E75B4DED77C23904491D35DA126490C5.e.24930/text - {}
RESULT: {}
COMMAND: GET /session/f10bfffe94842169a26616823eaa69fd/element/f.B31591FEBD8AE49568014889031CF3F7.d.E75B4DED77C23904491D35DA126490C5.e.24931/text - {}
RESULT: {}
COMMAND: GET /session/f10bfffe94842169a26616823eaa69fd/element/f.B31591FEBD8AE49568014889031CF3F7.d.E75B4DED77C23904491D35DA126490C5.e.24932/text - {}
RESULT: {}
COMMAND: GET /session/f10bfffe94842169a26616823eaa69fd/element/f.B31591FEBD8AE49568014889031CF3F7.d.E75B4DED77C23904491D35DA126490C5.e.24933/text - {}
RESULT: {}
COMMAND: GET /session/f10bfffe94842169a26616823eaa69fd/element/f.B31591FEBD8AE49568014889031CF3F7.d.E75B4DED77C23904491D35DA126490C5.e.24934/text - {}
RESULT: {}
COMMAND: GET /session/f10bfffe94842169a26616823eaa69fd/element/f.B31591FEBD8AE49568014889031CF3F7.d.E75B4DED77C23904491D35DA126490C5.e.24228/text - {}
RESULT: {}
COMMAND: POST /session/f10bfffe94842169a26616823eaa69fd/element - {"using":"xpath","value":"//tbody[contains(@id, \"customHandoversTable-tblBody\")]/tr[1]/td[14]/div/span"}
RESULT: {"using":"xpath","value":"//tbody[contains(@id, \"customHandoversTable-tblBody\")]/tr[1]/td[14]/div/span"}
COMMAND: POST /session/f10bfffe94842169a26616823eaa69fd/execute/sync - {"script":"<script> [56 bytes]","args":[{"element-6066-11e4-a52e-4f735466cecf":"f.B31591FEBD8AE49568014889031CF3F7.d.E75B4DED77C23904491D35DA126490C5.e.25021","ELEMENT":"f.B31591FEBD8AE49568014889031CF3F7.d.E75B4DED77C23904491D35DA126490C5.e.25021"}]}
RESULT: {"script":"<script> [56 bytes]","args":[{"element-6066-11e4-a52e-4f735466cecf":"f.B31591FEBD8AE49568014889031CF3F7.d.E75B4DED77C23904491D35DA126490C5.e.25021","ELEMENT":"f.B31591FEBD8AE49568014889031CF3F7.d.E75B4DED77C23904491D35DA126490C5.e.25021"}]}
COMMAND: POST /session/f10bfffe94842169a26616823eaa69fd/element - {"using":"xpath","value":"(//span[contains(@id, \"imgNav\")])[1]"}
COMMAND: GET /session/f10bfffe94842169a26616823eaa69fd/screenshot - {}
RESULT: {"using":"xpath","value":"(//span[contains(@id, \"imgNav\")])[1]"}
COMMAND: POST /session/f10bfffe94842169a26616823eaa69fd/element/f.B31591FEBD8AE49568014889031CF3F7.d.E75B4DED77C23904491D35DA126490C5.e.24962/click - {}
RESULT: {}
RESULT: {}
COMMAND: GET /session/f10bfffe94842169a26616823eaa69fd/screenshot - {}
RESULT: {}
RESULT: undefined
COMMAND: POST /session/f10bfffe94842169a26616823eaa69fd/execute/async - {"script":"<script> [776 bytes]","args":[{"enterText":"05/09/25","selector":{"id":"receiptDatePicker","viewName":"etm.portal.ui.managehandovers.view.DetailExecuteHO","interaction":{"idSuffix":"inner"}},"clearTextFirst":true,"interactionType":"ENTER_TEXT"}]}
RESULT: {"script":"<script> [776 bytes]","args":[{"enterText":"05/09/25","selector":{"id":"receiptDatePicker","viewName":"etm.portal.ui.managehandovers.view.DetailExecuteHO","interaction":{"idSuffix":"inner"}},"clearTextFirst":true,"interactionType":"ENTER_TEXT"}]}
COMMAND: POST /session/f10bfffe94842169a26616823eaa69fd/element - {"using":"xpath","value":"//bdi[contains(text(), \"OK\")]"}
RESULT: {"using":"xpath","value":"//bdi[contains(text(), \"OK\")]"}
COMMAND: POST /session/f10bfffe94842169a26616823eaa69fd/element/f.B31591FEBD8AE49568014889031CF3F7.d.E75B4DED77C23904491D35DA126490C5.e.25049/click - {}
RESULT: {}
COMMAND: GET /session/f10bfffe94842169a26616823eaa69fd/screenshot - {}
RESULT: {}
COMMAND: POST /session/f10bfffe94842169a26616823eaa69fd/element - {"using":"xpath","value":"//button[@data-kt=\"PickingTableConfirmAllButton\"]"}
RESULT: {"using":"xpath","value":"//button[@data-kt=\"PickingTableConfirmAllButton\"]"}
COMMAND: POST /session/f10bfffe94842169a26616823eaa69fd/element/f.B31591FEBD8AE49568014889031CF3F7.d.E75B4DED77C23904491D35DA126490C5.e.25033/click - {}
RESULT: {}
COMMAND: GET /session/f10bfffe94842169a26616823eaa69fd/screenshot - {}
RESULT: {}
COMMAND: POST /session/f10bfffe94842169a26616823eaa69fd/element - {"using":"xpath","value":"//bdi[contains(text(), \"OK\")]"}
RESULT: {"using":"xpath","value":"//bdi[contains(text(), \"OK\")]"}
COMMAND: POST /session/f10bfffe94842169a26616823eaa69fd/element/f.B31591FEBD8AE49568014889031CF3F7.d.E75B4DED77C23904491D35DA126490C5.e.25063/click - {}
RESULT: {}
COMMAND: GET /session/f10bfffe94842169a26616823eaa69fd/screenshot - {}
RESULT: {}
COMMAND: POST /session/f10bfffe94842169a26616823eaa69fd/element - {"using":"xpath","value":"//button[@data-kt= \"execHoReceiveButton\"]"}
RESULT: {"using":"xpath","value":"//button[@data-kt= \"execHoReceiveButton\"]"}
COMMAND: POST /session/f10bfffe94842169a26616823eaa69fd/element/f.B31591FEBD8AE49568014889031CF3F7.d.E75B4DED77C23904491D35DA126490C5.e.25064/click - {}
RESULT: {}
COMMAND: GET /session/f10bfffe94842169a26616823eaa69fd/screenshot - {}
RESULT: {}
COMMAND: POST /session/f10bfffe94842169a26616823eaa69fd/element - {"using":"xpath","value":"//input[contains(@id ,\"smartFilterBar-btnBasicSearch-I\")]"}
RESULT: {"using":"xpath","value":"//input[contains(@id ,\"smartFilterBar-btnBasicSearch-I\")]"}
COMMAND: POST /session/f10bfffe94842169a26616823eaa69fd/elements - {"using":"xpath","value":"//input[contains(@id ,\"smartFilterBar-btnBasicSearch-I\")]"}
RESULT: {"using":"xpath","value":"//input[contains(@id ,\"smartFilterBar-btnBasicSearch-I\")]"}
COMMAND: POST /session/f10bfffe94842169a26616823eaa69fd/execute/sync - {"script":"<script> [8489 bytes]","args":[{"element-6066-11e4-a52e-4f735466cecf":"f.B31591FEBD8AE49568014889031CF3F7.d.E75B4DED77C23904491D35DA126490C5.e.24231","ELEMENT":"f.B31591FEBD8AE49568014889031CF3F7.d.E75B4DED77C23904491D35DA126490C5.e.24231"}]}
RESULT: {"script":"<script> [8489 bytes]","args":[{"element-6066-11e4-a52e-4f735466cecf":"f.B31591FEBD8AE49568014889031CF3F7.d.E75B4DED77C23904491D35DA126490C5.e.24231","ELEMENT":"f.B31591FEBD8AE49568014889031CF3F7.d.E75B4DED77C23904491D35DA126490C5.e.24231"}]}
COMMAND: GET /session/f10bfffe94842169a26616823eaa69fd/element/f.B31591FEBD8AE49568014889031CF3F7.d.E75B4DED77C23904491D35DA126490C5.e.24231/enabled - {}
COMMAND: GET /session/f10bfffe94842169a26616823eaa69fd/screenshot - {}
RESULT: {}
COMMAND: POST /session/f10bfffe94842169a26616823eaa69fd/element/f.B31591FEBD8AE49568014889031CF3F7.d.E75B4DED77C23904491D35DA126490C5.e.24231/clear - {}
COMMAND: GET /session/f10bfffe94842169a26616823eaa69fd/screenshot - {}
RESULT: {}
RESULT: {}
COMMAND: POST /session/f10bfffe94842169a26616823eaa69fd/element/f.B31591FEBD8AE49568014889031CF3F7.d.E75B4DED77C23904491D35DA126490C5.e.24231/value - {"text":"30832"}
COMMAND: GET /session/f10bfffe94842169a26616823eaa69fd/screenshot - {}
RESULT: {}
RESULT: {"text":"30832"}
COMMAND: GET /session/f10bfffe94842169a26616823eaa69fd/screenshot - {}
RESULT: {}
RESULT: {}
COMMAND: POST /session/f10bfffe94842169a26616823eaa69fd/actions - {"actions":[{"id":"action84","type":"key","parameters":{},"actions":[{"type":"keyDown","value":""},{"type":"pause","duration":10},{"type":"keyUp","value":""}]}]}
RESULT: {"actions":[{"id":"action84","type":"key","parameters":{},"actions":[{"type":"keyDown","value":""},{"type":"pause","duration":10},{"type":"keyUp","value":""}]}]}
COMMAND: GET /session/f10bfffe94842169a26616823eaa69fd/screenshot - {}
RESULT: {}
COMMAND: POST /session/f10bfffe94842169a26616823eaa69fd/element - {"using":"xpath","value":"//span[contains(@id, \"smartTable-header-inner\")]"}
RESULT: {"using":"xpath","value":"//span[contains(@id, \"smartTable-header-inner\")]"}
COMMAND: POST /session/f10bfffe94842169a26616823eaa69fd/elements - {"using":"xpath","value":"//span[contains(@id, \"smartTable-header-inner\")]"}
RESULT: {"using":"xpath","value":"//span[contains(@id, \"smartTable-header-inner\")]"}
COMMAND: POST /session/f10bfffe94842169a26616823eaa69fd/execute/sync - {"script":"<script> [56 bytes]","args":[{"element-6066-11e4-a52e-4f735466cecf":"f.B31591FEBD8AE49568014889031CF3F7.d.E75B4DED77C23904491D35DA126490C5.e.24868","ELEMENT":"f.B31591FEBD8AE49568014889031CF3F7.d.E75B4DED77C23904491D35DA126490C5.e.24868"}]}
RESULT: {"script":"<script> [56 bytes]","args":[{"element-6066-11e4-a52e-4f735466cecf":"f.B31591FEBD8AE49568014889031CF3F7.d.E75B4DED77C23904491D35DA126490C5.e.24868","ELEMENT":"f.B31591FEBD8AE49568014889031CF3F7.d.E75B4DED77C23904491D35DA126490C5.e.24868"}]}
COMMAND: POST /session/f10bfffe94842169a26616823eaa69fd/elements - {"using":"xpath","value":"//thead[contains(@class, \"sapMTableTH\")]/tr/th"}
COMMAND: GET /session/f10bfffe94842169a26616823eaa69fd/screenshot - {}
RESULT: {"using":"xpath","value":"//thead[contains(@class, \"sapMTableTH\")]/tr/th"}
COMMAND: GET /session/f10bfffe94842169a26616823eaa69fd/element/f.B31591FEBD8AE49568014889031CF3F7.d.E75B4DED77C23904491D35DA126490C5.e.24967/text - {}
RESULT: {}
RESULT: {}
COMMAND: GET /session/f10bfffe94842169a26616823eaa69fd/element/f.B31591FEBD8AE49568014889031CF3F7.d.E75B4DED77C23904491D35DA126490C5.e.24968/text - {}
RESULT: {}
COMMAND: GET /session/f10bfffe94842169a26616823eaa69fd/element/f.B31591FEBD8AE49568014889031CF3F7.d.E75B4DED77C23904491D35DA126490C5.e.24225/text - {}
RESULT: {}
COMMAND: GET /session/f10bfffe94842169a26616823eaa69fd/element/f.B31591FEBD8AE49568014889031CF3F7.d.E75B4DED77C23904491D35DA126490C5.e.24227/text - {}
RESULT: {}
COMMAND: GET /session/f10bfffe94842169a26616823eaa69fd/element/f.B31591FEBD8AE49568014889031CF3F7.d.E75B4DED77C23904491D35DA126490C5.e.25082/text - {}
RESULT: {}
COMMAND: GET /session/f10bfffe94842169a26616823eaa69fd/element/f.B31591FEBD8AE49568014889031CF3F7.d.E75B4DED77C23904491D35DA126490C5.e.25083/text - {}
RESULT: {}
COMMAND: GET /session/f10bfffe94842169a26616823eaa69fd/element/f.B31591FEBD8AE49568014889031CF3F7.d.E75B4DED77C23904491D35DA126490C5.e.25084/text - {}
RESULT: {}
COMMAND: GET /session/f10bfffe94842169a26616823eaa69fd/element/f.B31591FEBD8AE49568014889031CF3F7.d.E75B4DED77C23904491D35DA126490C5.e.25085/text - {}
RESULT: {}
COMMAND: GET /session/f10bfffe94842169a26616823eaa69fd/element/f.B31591FEBD8AE49568014889031CF3F7.d.E75B4DED77C23904491D35DA126490C5.e.25086/text - {}
RESULT: {}
COMMAND: GET /session/f10bfffe94842169a26616823eaa69fd/element/f.B31591FEBD8AE49568014889031CF3F7.d.E75B4DED77C23904491D35DA126490C5.e.25087/text - {}
RESULT: {}
COMMAND: GET /session/f10bfffe94842169a26616823eaa69fd/element/f.B31591FEBD8AE49568014889031CF3F7.d.E75B4DED77C23904491D35DA126490C5.e.25088/text - {}
RESULT: {}
COMMAND: GET /session/f10bfffe94842169a26616823eaa69fd/element/f.B31591FEBD8AE49568014889031CF3F7.d.E75B4DED77C23904491D35DA126490C5.e.25089/text - {}
RESULT: {}
COMMAND: GET /session/f10bfffe94842169a26616823eaa69fd/element/f.B31591FEBD8AE49568014889031CF3F7.d.E75B4DED77C23904491D35DA126490C5.e.25090/text - {}
RESULT: {}
COMMAND: GET /session/f10bfffe94842169a26616823eaa69fd/element/f.B31591FEBD8AE49568014889031CF3F7.d.E75B4DED77C23904491D35DA126490C5.e.24228/text - {}
RESULT: {}
COMMAND: POST /session/f10bfffe94842169a26616823eaa69fd/element - {"using":"xpath","value":"//tbody[contains(@id, \"customHandoversTable-tblBody\")]/tr[1]/td[14]/div/span"}
RESULT: {"using":"xpath","value":"//tbody[contains(@id, \"customHandoversTable-tblBody\")]/tr[1]/td[14]/div/span"}
COMMAND: POST /session/f10bfffe94842169a26616823eaa69fd/execute/sync - {"script":"<script> [56 bytes]","args":[{"element-6066-11e4-a52e-4f735466cecf":"f.B31591FEBD8AE49568014889031CF3F7.d.E75B4DED77C23904491D35DA126490C5.e.25120","ELEMENT":"f.B31591FEBD8AE49568014889031CF3F7.d.E75B4DED77C23904491D35DA126490C5.e.25120"}]}
RESULT: {"script":"<script> [56 bytes]","args":[{"element-6066-11e4-a52e-4f735466cecf":"f.B31591FEBD8AE49568014889031CF3F7.d.E75B4DED77C23904491D35DA126490C5.e.25120","ELEMENT":"f.B31591FEBD8AE49568014889031CF3F7.d.E75B4DED77C23904491D35DA126490C5.e.25120"}]}
COMMAND: POST /session/f10bfffe94842169a26616823eaa69fd/element - {"using":"css selector","value":"#shell-header-logo"}
COMMAND: GET /session/f10bfffe94842169a26616823eaa69fd/screenshot - {}
RESULT: {"using":"css selector","value":"#shell-header-logo"}
COMMAND: POST /session/f10bfffe94842169a26616823eaa69fd/element/f.B31591FEBD8AE49568014889031CF3F7.d.E75B4DED77C23904491D35DA126490C5.e.23869/click - {}
RESULT: {}
RESULT: {}
COMMAND: GET /session/f10bfffe94842169a26616823eaa69fd/screenshot - {}
RESULT: {}
]]></system-out>
    </testcase>
    <testcase classname="chrome.135_0_7049_42.windows.Billing_Calculation_-_Time_based_(considering_transport_times)_US139738" name="Should do another billing run but in around 17 days from today" time="61.342">
      <system-out><![CDATA[
RESULT: undefined
COMMAND: POST /session/f10bfffe94842169a26616823eaa69fd/element - {"using":"xpath","value":"//*[@id=\"__tile51\"]"}
RESULT: {"using":"xpath","value":"//*[@id=\"__tile51\"]"}
COMMAND: POST /session/f10bfffe94842169a26616823eaa69fd/element/f.B31591FEBD8AE49568014889031CF3F7.d.E75B4DED77C23904491D35DA126490C5.e.19256/click - {}
RESULT: {}
COMMAND: GET /session/f10bfffe94842169a26616823eaa69fd/screenshot - {}
RESULT: {}
RESULT: undefined
COMMAND: POST /session/f10bfffe94842169a26616823eaa69fd/execute/async - {"script":"<script> [776 bytes]","args":[{"enterText":"10467","selector":{"id":"application-managebillings-display-component---billRunCalcResult--smartFilterBar-btnBasicSearch","interaction":{"idSuffix":"I"}},"clearTextFirst":true,"interactionType":"ENTER_TEXT"}]}
RESULT: {"script":"<script> [776 bytes]","args":[{"enterText":"10467","selector":{"id":"application-managebillings-display-component---billRunCalcResult--smartFilterBar-btnBasicSearch","interaction":{"idSuffix":"I"}},"clearTextFirst":true,"interactionType":"ENTER_TEXT"}]}
COMMAND: POST /session/f10bfffe94842169a26616823eaa69fd/actions - {"actions":[{"id":"action85","type":"key","parameters":{},"actions":[{"type":"keyDown","value":""},{"type":"pause","duration":10},{"type":"keyUp","value":""}]}]}
RESULT: {"actions":[{"id":"action85","type":"key","parameters":{},"actions":[{"type":"keyDown","value":""},{"type":"pause","duration":10},{"type":"keyUp","value":""}]}]}
COMMAND: GET /session/f10bfffe94842169a26616823eaa69fd/screenshot - {}
RESULT: {}
COMMAND: POST /session/f10bfffe94842169a26616823eaa69fd/element - {"using":"xpath","value":"//td[@aria-colindex=\"1\"]/div/div[contains(@class, \"sapMCbBg\")]"}
RESULT: {"using":"xpath","value":"//td[@aria-colindex=\"1\"]/div/div[contains(@class, \"sapMCbBg\")]"}
COMMAND: POST /session/f10bfffe94842169a26616823eaa69fd/element/f.B31591FEBD8AE49568014889031CF3F7.d.E75B4DED77C23904491D35DA126490C5.e.25335/click - {}
RESULT: {}
COMMAND: GET /session/f10bfffe94842169a26616823eaa69fd/screenshot - {}
RESULT: {}
RESULT: undefined
COMMAND: POST /session/f10bfffe94842169a26616823eaa69fd/execute/async - {"script":"<script> [776 bytes]","args":[{"enterText":"05/05/25","selector":{"id":"application-managebillings-display-component---billRunCalcResult--contractBillRunDate","interaction":{"idSuffix":"inner"}},"clearTextFirst":true,"interactionType":"ENTER_TEXT"}]}
RESULT: {"script":"<script> [776 bytes]","args":[{"enterText":"05/05/25","selector":{"id":"application-managebillings-display-component---billRunCalcResult--contractBillRunDate","interaction":{"idSuffix":"inner"}},"clearTextFirst":true,"interactionType":"ENTER_TEXT"}]}
COMMAND: POST /session/f10bfffe94842169a26616823eaa69fd/element - {"using":"xpath","value":"//bdi[contains(text(), \"Trigger Calculation\")]"}
RESULT: {"using":"xpath","value":"//bdi[contains(text(), \"Trigger Calculation\")]"}
COMMAND: POST /session/f10bfffe94842169a26616823eaa69fd/element/f.B31591FEBD8AE49568014889031CF3F7.d.E75B4DED77C23904491D35DA126490C5.e.25385/click - {}
RESULT: {}
COMMAND: GET /session/f10bfffe94842169a26616823eaa69fd/screenshot - {}
RESULT: {}
COMMAND: POST /session/f10bfffe94842169a26616823eaa69fd/element - {"using":"xpath","value":"(//span[contains(@id, \"imgNav\")])[1]"}
RESULT: {"using":"xpath","value":"(//span[contains(@id, \"imgNav\")])[1]"}
COMMAND: POST /session/f10bfffe94842169a26616823eaa69fd/element/f.B31591FEBD8AE49568014889031CF3F7.d.E75B4DED77C23904491D35DA126490C5.e.25336/click - {}
RESULT: {}
COMMAND: GET /session/f10bfffe94842169a26616823eaa69fd/screenshot - {}
RESULT: {}
COMMAND: POST /session/f10bfffe94842169a26616823eaa69fd/element - {"using":"xpath","value":"//tr/td[6]/div[1]/span[1]/span[1]"}
RESULT: {"using":"xpath","value":"//tr/td[6]/div[1]/span[1]/span[1]"}
COMMAND: GET /session/f10bfffe94842169a26616823eaa69fd/element/f.B31591FEBD8AE49568014889031CF3F7.d.E75B4DED77C23904491D35DA126490C5.e.25390/text - {}
RESULT: {}
COMMAND: POST /session/f10bfffe94842169a26616823eaa69fd/element - {"using":"xpath","value":"(//span[contains(@id, \"imgNav\")])[2]"}
RESULT: {"using":"xpath","value":"(//span[contains(@id, \"imgNav\")])[2]"}
COMMAND: POST /session/f10bfffe94842169a26616823eaa69fd/element/f.B31591FEBD8AE49568014889031CF3F7.d.E75B4DED77C23904491D35DA126490C5.e.25391/click - {}
RESULT: {}
COMMAND: POST /session/f10bfffe94842169a26616823eaa69fd/element - {"using":"xpath","value":"//bdi[contains(text(), \"Business Confirm\")]"}
COMMAND: GET /session/f10bfffe94842169a26616823eaa69fd/screenshot - {}
RESULT: {"using":"xpath","value":"//bdi[contains(text(), \"Business Confirm\")]"}
COMMAND: POST /session/f10bfffe94842169a26616823eaa69fd/elements - {"using":"xpath","value":"//bdi[contains(text(), \"Business Confirm\")]"}
RESULT: {}
RESULT: {"using":"xpath","value":"//bdi[contains(text(), \"Business Confirm\")]"}
COMMAND: POST /session/f10bfffe94842169a26616823eaa69fd/elements - {"using":"xpath","value":"//bdi[contains(text(), \"Business Confirm\")]"}
RESULT: {"using":"xpath","value":"//bdi[contains(text(), \"Business Confirm\")]"}
COMMAND: POST /session/f10bfffe94842169a26616823eaa69fd/element - {"using":"xpath","value":"//bdi[contains(text(), \"Business Confirm\")]"}
RESULT: {"using":"xpath","value":"//bdi[contains(text(), \"Business Confirm\")]"}
COMMAND: POST /session/f10bfffe94842169a26616823eaa69fd/element/f.B31591FEBD8AE49568014889031CF3F7.d.E75B4DED77C23904491D35DA126490C5.e.25432/click - {}
RESULT: {}
COMMAND: POST /session/f10bfffe94842169a26616823eaa69fd/element - {"using":"css selector","value":"#shell-header-logo"}
COMMAND: GET /session/f10bfffe94842169a26616823eaa69fd/screenshot - {}
RESULT: {"using":"css selector","value":"#shell-header-logo"}
COMMAND: POST /session/f10bfffe94842169a26616823eaa69fd/element/f.B31591FEBD8AE49568014889031CF3F7.d.E75B4DED77C23904491D35DA126490C5.e.25124/click - {}
RESULT: {}
RESULT: {}
COMMAND: GET /session/f10bfffe94842169a26616823eaa69fd/screenshot - {}
RESULT: {}
]]></system-out>
    </testcase>
    <testcase classname="chrome.135_0_7049_42.windows.Billing_Calculation_-_Time_based_(considering_transport_times)_US139738" name="Should transfer the billing all the way to completion" time="91.64">
      <system-out><![CDATA[
RESULT: undefined
COMMAND: POST /session/f10bfffe94842169a26616823eaa69fd/element - {"using":"xpath","value":"//*[@id=\"__tile50\"]"}
RESULT: {"using":"xpath","value":"//*[@id=\"__tile50\"]"}
COMMAND: POST /session/f10bfffe94842169a26616823eaa69fd/element/f.B31591FEBD8AE49568014889031CF3F7.d.E75B4DED77C23904491D35DA126490C5.e.19254/click - {}
RESULT: {}
COMMAND: POST /session/f10bfffe94842169a26616823eaa69fd/element - {"using":"xpath","value":"//input[contains(@id ,\"application-billingtransfer-display-component---billingWorkbench--smartFilterBar-btnBasicSearch\")]"}
COMMAND: GET /session/f10bfffe94842169a26616823eaa69fd/screenshot - {}
RESULT: {"using":"xpath","value":"//input[contains(@id ,\"application-billingtransfer-display-component---billingWorkbench--smartFilterBar-btnBasicSearch\")]"}
COMMAND: POST /session/f10bfffe94842169a26616823eaa69fd/elements - {"using":"xpath","value":"//input[contains(@id ,\"application-billingtransfer-display-component---billingWorkbench--smartFilterBar-btnBasicSearch\")]"}
RESULT: {}
RESULT: {"using":"xpath","value":"//input[contains(@id ,\"application-billingtransfer-display-component---billingWorkbench--smartFilterBar-btnBasicSearch\")]"}
COMMAND: POST /session/f10bfffe94842169a26616823eaa69fd/execute/sync - {"script":"<script> [8489 bytes]","args":[{"element-6066-11e4-a52e-4f735466cecf":"f.B31591FEBD8AE49568014889031CF3F7.d.E75B4DED77C23904491D35DA126490C5.e.25461","ELEMENT":"f.B31591FEBD8AE49568014889031CF3F7.d.E75B4DED77C23904491D35DA126490C5.e.25461"}]}
RESULT: {"script":"<script> [8489 bytes]","args":[{"element-6066-11e4-a52e-4f735466cecf":"f.B31591FEBD8AE49568014889031CF3F7.d.E75B4DED77C23904491D35DA126490C5.e.25461","ELEMENT":"f.B31591FEBD8AE49568014889031CF3F7.d.E75B4DED77C23904491D35DA126490C5.e.25461"}]}
COMMAND: GET /session/f10bfffe94842169a26616823eaa69fd/element/f.B31591FEBD8AE49568014889031CF3F7.d.E75B4DED77C23904491D35DA126490C5.e.25461/enabled - {}
COMMAND: GET /session/f10bfffe94842169a26616823eaa69fd/screenshot - {}
RESULT: {}
COMMAND: POST /session/f10bfffe94842169a26616823eaa69fd/element/f.B31591FEBD8AE49568014889031CF3F7.d.E75B4DED77C23904491D35DA126490C5.e.25461/click - {}
COMMAND: GET /session/f10bfffe94842169a26616823eaa69fd/screenshot - {}
RESULT: {}
RESULT: {}
COMMAND: GET /session/f10bfffe94842169a26616823eaa69fd/screenshot - {}
RESULT: {}
RESULT: {}
COMMAND: POST /session/f10bfffe94842169a26616823eaa69fd/element/f.B31591FEBD8AE49568014889031CF3F7.d.E75B4DED77C23904491D35DA126490C5.e.25461/clear - {}
RESULT: {}
COMMAND: POST /session/f10bfffe94842169a26616823eaa69fd/element/f.B31591FEBD8AE49568014889031CF3F7.d.E75B4DED77C23904491D35DA126490C5.e.25461/value - {"text":"10467"}
COMMAND: GET /session/f10bfffe94842169a26616823eaa69fd/screenshot - {}
RESULT: {"text":"10467"}
COMMAND: POST /session/f10bfffe94842169a26616823eaa69fd/actions - {"actions":[{"id":"action86","type":"key","parameters":{},"actions":[{"type":"keyDown","value":""},{"type":"pause","duration":10},{"type":"keyUp","value":""}]}]}
COMMAND: GET /session/f10bfffe94842169a26616823eaa69fd/screenshot - {}
RESULT: {}
RESULT: {"actions":[{"id":"action86","type":"key","parameters":{},"actions":[{"type":"keyDown","value":""},{"type":"pause","duration":10},{"type":"keyUp","value":""}]}]}
COMMAND: GET /session/f10bfffe94842169a26616823eaa69fd/screenshot - {}
RESULT: {}
RESULT: {}
COMMAND: POST /session/f10bfffe94842169a26616823eaa69fd/element - {"using":"xpath","value":"//span[contains(@id ,\"application-billingtransfer-display-component---billingWorkbench--smartTableBillingRuns-header-inner\")]"}
RESULT: {"using":"xpath","value":"//span[contains(@id ,\"application-billingtransfer-display-component---billingWorkbench--smartTableBillingRuns-header-inner\")]"}
COMMAND: POST /session/f10bfffe94842169a26616823eaa69fd/elements - {"using":"xpath","value":"//span[contains(@id ,\"application-billingtransfer-display-component---billingWorkbench--smartTableBillingRuns-header-inner\")]"}
RESULT: {"using":"xpath","value":"//span[contains(@id ,\"application-billingtransfer-display-component---billingWorkbench--smartTableBillingRuns-header-inner\")]"}
COMMAND: POST /session/f10bfffe94842169a26616823eaa69fd/execute/sync - {"script":"<script> [56 bytes]","args":[{"element-6066-11e4-a52e-4f735466cecf":"f.B31591FEBD8AE49568014889031CF3F7.d.E75B4DED77C23904491D35DA126490C5.e.25614","ELEMENT":"f.B31591FEBD8AE49568014889031CF3F7.d.E75B4DED77C23904491D35DA126490C5.e.25614"}]}
RESULT: {"script":"<script> [56 bytes]","args":[{"element-6066-11e4-a52e-4f735466cecf":"f.B31591FEBD8AE49568014889031CF3F7.d.E75B4DED77C23904491D35DA126490C5.e.25614","ELEMENT":"f.B31591FEBD8AE49568014889031CF3F7.d.E75B4DED77C23904491D35DA126490C5.e.25614"}]}
COMMAND: POST /session/f10bfffe94842169a26616823eaa69fd/element - {"using":"xpath","value":"//td[@aria-colindex=\"1\"]/div/div[contains(@class, \"sapMCbBg\")]"}
COMMAND: GET /session/f10bfffe94842169a26616823eaa69fd/screenshot - {}
RESULT: {"using":"xpath","value":"//td[@aria-colindex=\"1\"]/div/div[contains(@class, \"sapMCbBg\")]"}
COMMAND: POST /session/f10bfffe94842169a26616823eaa69fd/element/f.B31591FEBD8AE49568014889031CF3F7.d.E75B4DED77C23904491D35DA126490C5.e.25607/click - {}
RESULT: {}
RESULT: {}
COMMAND: GET /session/f10bfffe94842169a26616823eaa69fd/screenshot - {}
RESULT: {}
COMMAND: POST /session/f10bfffe94842169a26616823eaa69fd/element - {"using":"xpath","value":"//bdi[contains(text(), \"Check\")]"}
RESULT: {"using":"xpath","value":"//bdi[contains(text(), \"Check\")]"}
COMMAND: POST /session/f10bfffe94842169a26616823eaa69fd/element/f.B31591FEBD8AE49568014889031CF3F7.d.E75B4DED77C23904491D35DA126490C5.e.25615/click - {}
RESULT: {}
COMMAND: GET /session/f10bfffe94842169a26616823eaa69fd/screenshot - {}
RESULT: {}
COMMAND: POST /session/f10bfffe94842169a26616823eaa69fd/element - {"using":"xpath","value":"//bdi[contains(text(), \"OK\")]"}
RESULT: {"using":"xpath","value":"//bdi[contains(text(), \"OK\")]"}
COMMAND: POST /session/f10bfffe94842169a26616823eaa69fd/element/f.B31591FEBD8AE49568014889031CF3F7.d.E75B4DED77C23904491D35DA126490C5.e.25618/click - {}
RESULT: {}
COMMAND: GET /session/f10bfffe94842169a26616823eaa69fd/screenshot - {}
RESULT: {}
COMMAND: POST /session/f10bfffe94842169a26616823eaa69fd/element - {"using":"xpath","value":"(//span[contains(text(), \"CO/SD checked\")]/parent::div/preceding-sibling::div/span)[1]"}
RESULT: {"using":"xpath","value":"(//span[contains(text(), \"CO/SD checked\")]/parent::div/preceding-sibling::div/span)[1]"}
COMMAND: POST /session/f10bfffe94842169a26616823eaa69fd/element/f.B31591FEBD8AE49568014889031CF3F7.d.E75B4DED77C23904491D35DA126490C5.e.25627/click - {}
RESULT: {}
COMMAND: GET /session/f10bfffe94842169a26616823eaa69fd/screenshot - {}
RESULT: {}
COMMAND: POST /session/f10bfffe94842169a26616823eaa69fd/element - {"using":"xpath","value":"//input[contains(@id ,\"application-billingtransfer-display-component---billingWorkbench--smartFilterBar-btnBasicSearch\")]"}
RESULT: {"using":"xpath","value":"//input[contains(@id ,\"application-billingtransfer-display-component---billingWorkbench--smartFilterBar-btnBasicSearch\")]"}
COMMAND: POST /session/f10bfffe94842169a26616823eaa69fd/elements - {"using":"xpath","value":"//input[contains(@id ,\"application-billingtransfer-display-component---billingWorkbench--smartFilterBar-btnBasicSearch\")]"}
RESULT: {"using":"xpath","value":"//input[contains(@id ,\"application-billingtransfer-display-component---billingWorkbench--smartFilterBar-btnBasicSearch\")]"}
COMMAND: POST /session/f10bfffe94842169a26616823eaa69fd/execute/sync - {"script":"<script> [8489 bytes]","args":[{"element-6066-11e4-a52e-4f735466cecf":"f.B31591FEBD8AE49568014889031CF3F7.d.E75B4DED77C23904491D35DA126490C5.e.25461","ELEMENT":"f.B31591FEBD8AE49568014889031CF3F7.d.E75B4DED77C23904491D35DA126490C5.e.25461"}]}
RESULT: {"script":"<script> [8489 bytes]","args":[{"element-6066-11e4-a52e-4f735466cecf":"f.B31591FEBD8AE49568014889031CF3F7.d.E75B4DED77C23904491D35DA126490C5.e.25461","ELEMENT":"f.B31591FEBD8AE49568014889031CF3F7.d.E75B4DED77C23904491D35DA126490C5.e.25461"}]}
COMMAND: GET /session/f10bfffe94842169a26616823eaa69fd/element/f.B31591FEBD8AE49568014889031CF3F7.d.E75B4DED77C23904491D35DA126490C5.e.25461/enabled - {}
COMMAND: GET /session/f10bfffe94842169a26616823eaa69fd/screenshot - {}
RESULT: {}
COMMAND: POST /session/f10bfffe94842169a26616823eaa69fd/element/f.B31591FEBD8AE49568014889031CF3F7.d.E75B4DED77C23904491D35DA126490C5.e.25461/click - {}
COMMAND: GET /session/f10bfffe94842169a26616823eaa69fd/screenshot - {}
RESULT: {}
RESULT: {}
COMMAND: GET /session/f10bfffe94842169a26616823eaa69fd/screenshot - {}
RESULT: {}
RESULT: {}
COMMAND: POST /session/f10bfffe94842169a26616823eaa69fd/element/f.B31591FEBD8AE49568014889031CF3F7.d.E75B4DED77C23904491D35DA126490C5.e.25461/clear - {}
RESULT: {}
COMMAND: POST /session/f10bfffe94842169a26616823eaa69fd/element/f.B31591FEBD8AE49568014889031CF3F7.d.E75B4DED77C23904491D35DA126490C5.e.25461/value - {"text":"10467"}
COMMAND: GET /session/f10bfffe94842169a26616823eaa69fd/screenshot - {}
RESULT: {"text":"10467"}
COMMAND: POST /session/f10bfffe94842169a26616823eaa69fd/actions - {"actions":[{"id":"action87","type":"key","parameters":{},"actions":[{"type":"keyDown","value":""},{"type":"pause","duration":10},{"type":"keyUp","value":""}]}]}
COMMAND: GET /session/f10bfffe94842169a26616823eaa69fd/screenshot - {}
RESULT: {}
RESULT: {"actions":[{"id":"action87","type":"key","parameters":{},"actions":[{"type":"keyDown","value":""},{"type":"pause","duration":10},{"type":"keyUp","value":""}]}]}
COMMAND: GET /session/f10bfffe94842169a26616823eaa69fd/screenshot - {}
RESULT: {}
RESULT: {}
COMMAND: POST /session/f10bfffe94842169a26616823eaa69fd/element - {"using":"xpath","value":"//span[contains(@id ,\"application-billingtransfer-display-component---billingWorkbench--smartTableBillingRuns-header-inner\")]"}
RESULT: {"using":"xpath","value":"//span[contains(@id ,\"application-billingtransfer-display-component---billingWorkbench--smartTableBillingRuns-header-inner\")]"}
COMMAND: POST /session/f10bfffe94842169a26616823eaa69fd/elements - {"using":"xpath","value":"//span[contains(@id ,\"application-billingtransfer-display-component---billingWorkbench--smartTableBillingRuns-header-inner\")]"}
RESULT: {"using":"xpath","value":"//span[contains(@id ,\"application-billingtransfer-display-component---billingWorkbench--smartTableBillingRuns-header-inner\")]"}
COMMAND: POST /session/f10bfffe94842169a26616823eaa69fd/execute/sync - {"script":"<script> [56 bytes]","args":[{"element-6066-11e4-a52e-4f735466cecf":"f.B31591FEBD8AE49568014889031CF3F7.d.E75B4DED77C23904491D35DA126490C5.e.25614","ELEMENT":"f.B31591FEBD8AE49568014889031CF3F7.d.E75B4DED77C23904491D35DA126490C5.e.25614"}]}
RESULT: {"script":"<script> [56 bytes]","args":[{"element-6066-11e4-a52e-4f735466cecf":"f.B31591FEBD8AE49568014889031CF3F7.d.E75B4DED77C23904491D35DA126490C5.e.25614","ELEMENT":"f.B31591FEBD8AE49568014889031CF3F7.d.E75B4DED77C23904491D35DA126490C5.e.25614"}]}
COMMAND: GET /session/f10bfffe94842169a26616823eaa69fd/screenshot - {}
RESULT: {}
COMMAND: POST /session/f10bfffe94842169a26616823eaa69fd/execute/sync - {"script":"<script> [56 bytes]","args":[{"element-6066-11e4-a52e-4f735466cecf":"f.B31591FEBD8AE49568014889031CF3F7.d.E75B4DED77C23904491D35DA126490C5.e.25614","ELEMENT":"f.B31591FEBD8AE49568014889031CF3F7.d.E75B4DED77C23904491D35DA126490C5.e.25614"}]}
RESULT: {"script":"<script> [56 bytes]","args":[{"element-6066-11e4-a52e-4f735466cecf":"f.B31591FEBD8AE49568014889031CF3F7.d.E75B4DED77C23904491D35DA126490C5.e.25614","ELEMENT":"f.B31591FEBD8AE49568014889031CF3F7.d.E75B4DED77C23904491D35DA126490C5.e.25614"}]}
COMMAND: GET /session/f10bfffe94842169a26616823eaa69fd/screenshot - {}
RESULT: {}
COMMAND: POST /session/f10bfffe94842169a26616823eaa69fd/execute/sync - {"script":"<script> [56 bytes]","args":[{"element-6066-11e4-a52e-4f735466cecf":"f.B31591FEBD8AE49568014889031CF3F7.d.E75B4DED77C23904491D35DA126490C5.e.25614","ELEMENT":"f.B31591FEBD8AE49568014889031CF3F7.d.E75B4DED77C23904491D35DA126490C5.e.25614"}]}
RESULT: {"script":"<script> [56 bytes]","args":[{"element-6066-11e4-a52e-4f735466cecf":"f.B31591FEBD8AE49568014889031CF3F7.d.E75B4DED77C23904491D35DA126490C5.e.25614","ELEMENT":"f.B31591FEBD8AE49568014889031CF3F7.d.E75B4DED77C23904491D35DA126490C5.e.25614"}]}
COMMAND: GET /session/f10bfffe94842169a26616823eaa69fd/screenshot - {}
RESULT: {}
COMMAND: POST /session/f10bfffe94842169a26616823eaa69fd/execute/sync - {"script":"<script> [56 bytes]","args":[{"element-6066-11e4-a52e-4f735466cecf":"f.B31591FEBD8AE49568014889031CF3F7.d.E75B4DED77C23904491D35DA126490C5.e.25614","ELEMENT":"f.B31591FEBD8AE49568014889031CF3F7.d.E75B4DED77C23904491D35DA126490C5.e.25614"}]}
RESULT: {"script":"<script> [56 bytes]","args":[{"element-6066-11e4-a52e-4f735466cecf":"f.B31591FEBD8AE49568014889031CF3F7.d.E75B4DED77C23904491D35DA126490C5.e.25614","ELEMENT":"f.B31591FEBD8AE49568014889031CF3F7.d.E75B4DED77C23904491D35DA126490C5.e.25614"}]}
COMMAND: GET /session/f10bfffe94842169a26616823eaa69fd/screenshot - {}
RESULT: {}
COMMAND: POST /session/f10bfffe94842169a26616823eaa69fd/execute/sync - {"script":"<script> [56 bytes]","args":[{"element-6066-11e4-a52e-4f735466cecf":"f.B31591FEBD8AE49568014889031CF3F7.d.E75B4DED77C23904491D35DA126490C5.e.25614","ELEMENT":"f.B31591FEBD8AE49568014889031CF3F7.d.E75B4DED77C23904491D35DA126490C5.e.25614"}]}
RESULT: {"script":"<script> [56 bytes]","args":[{"element-6066-11e4-a52e-4f735466cecf":"f.B31591FEBD8AE49568014889031CF3F7.d.E75B4DED77C23904491D35DA126490C5.e.25614","ELEMENT":"f.B31591FEBD8AE49568014889031CF3F7.d.E75B4DED77C23904491D35DA126490C5.e.25614"}]}
COMMAND: GET /session/f10bfffe94842169a26616823eaa69fd/screenshot - {}
RESULT: {}
COMMAND: POST /session/f10bfffe94842169a26616823eaa69fd/execute/sync - {"script":"<script> [56 bytes]","args":[{"element-6066-11e4-a52e-4f735466cecf":"f.B31591FEBD8AE49568014889031CF3F7.d.E75B4DED77C23904491D35DA126490C5.e.25614","ELEMENT":"f.B31591FEBD8AE49568014889031CF3F7.d.E75B4DED77C23904491D35DA126490C5.e.25614"}]}
RESULT: {"script":"<script> [56 bytes]","args":[{"element-6066-11e4-a52e-4f735466cecf":"f.B31591FEBD8AE49568014889031CF3F7.d.E75B4DED77C23904491D35DA126490C5.e.25614","ELEMENT":"f.B31591FEBD8AE49568014889031CF3F7.d.E75B4DED77C23904491D35DA126490C5.e.25614"}]}
COMMAND: GET /session/f10bfffe94842169a26616823eaa69fd/screenshot - {}
RESULT: {}
COMMAND: POST /session/f10bfffe94842169a26616823eaa69fd/execute/sync - {"script":"<script> [56 bytes]","args":[{"element-6066-11e4-a52e-4f735466cecf":"f.B31591FEBD8AE49568014889031CF3F7.d.E75B4DED77C23904491D35DA126490C5.e.25614","ELEMENT":"f.B31591FEBD8AE49568014889031CF3F7.d.E75B4DED77C23904491D35DA126490C5.e.25614"}]}
RESULT: {"script":"<script> [56 bytes]","args":[{"element-6066-11e4-a52e-4f735466cecf":"f.B31591FEBD8AE49568014889031CF3F7.d.E75B4DED77C23904491D35DA126490C5.e.25614","ELEMENT":"f.B31591FEBD8AE49568014889031CF3F7.d.E75B4DED77C23904491D35DA126490C5.e.25614"}]}
COMMAND: GET /session/f10bfffe94842169a26616823eaa69fd/screenshot - {}
RESULT: {}
COMMAND: POST /session/f10bfffe94842169a26616823eaa69fd/execute/sync - {"script":"<script> [56 bytes]","args":[{"element-6066-11e4-a52e-4f735466cecf":"f.B31591FEBD8AE49568014889031CF3F7.d.E75B4DED77C23904491D35DA126490C5.e.25614","ELEMENT":"f.B31591FEBD8AE49568014889031CF3F7.d.E75B4DED77C23904491D35DA126490C5.e.25614"}]}
RESULT: {"script":"<script> [56 bytes]","args":[{"element-6066-11e4-a52e-4f735466cecf":"f.B31591FEBD8AE49568014889031CF3F7.d.E75B4DED77C23904491D35DA126490C5.e.25614","ELEMENT":"f.B31591FEBD8AE49568014889031CF3F7.d.E75B4DED77C23904491D35DA126490C5.e.25614"}]}
COMMAND: GET /session/f10bfffe94842169a26616823eaa69fd/screenshot - {}
RESULT: {}
COMMAND: POST /session/f10bfffe94842169a26616823eaa69fd/execute/sync - {"script":"<script> [56 bytes]","args":[{"element-6066-11e4-a52e-4f735466cecf":"f.B31591FEBD8AE49568014889031CF3F7.d.E75B4DED77C23904491D35DA126490C5.e.25614","ELEMENT":"f.B31591FEBD8AE49568014889031CF3F7.d.E75B4DED77C23904491D35DA126490C5.e.25614"}]}
RESULT: {"script":"<script> [56 bytes]","args":[{"element-6066-11e4-a52e-4f735466cecf":"f.B31591FEBD8AE49568014889031CF3F7.d.E75B4DED77C23904491D35DA126490C5.e.25614","ELEMENT":"f.B31591FEBD8AE49568014889031CF3F7.d.E75B4DED77C23904491D35DA126490C5.e.25614"}]}
COMMAND: GET /session/f10bfffe94842169a26616823eaa69fd/screenshot - {}
RESULT: {}
COMMAND: POST /session/f10bfffe94842169a26616823eaa69fd/execute/sync - {"script":"<script> [56 bytes]","args":[{"element-6066-11e4-a52e-4f735466cecf":"f.B31591FEBD8AE49568014889031CF3F7.d.E75B4DED77C23904491D35DA126490C5.e.25614","ELEMENT":"f.B31591FEBD8AE49568014889031CF3F7.d.E75B4DED77C23904491D35DA126490C5.e.25614"}]}
RESULT: {"script":"<script> [56 bytes]","args":[{"element-6066-11e4-a52e-4f735466cecf":"f.B31591FEBD8AE49568014889031CF3F7.d.E75B4DED77C23904491D35DA126490C5.e.25614","ELEMENT":"f.B31591FEBD8AE49568014889031CF3F7.d.E75B4DED77C23904491D35DA126490C5.e.25614"}]}
COMMAND: GET /session/f10bfffe94842169a26616823eaa69fd/screenshot - {}
RESULT: {}
COMMAND: POST /session/f10bfffe94842169a26616823eaa69fd/execute/sync - {"script":"<script> [56 bytes]","args":[{"element-6066-11e4-a52e-4f735466cecf":"f.B31591FEBD8AE49568014889031CF3F7.d.E75B4DED77C23904491D35DA126490C5.e.25614","ELEMENT":"f.B31591FEBD8AE49568014889031CF3F7.d.E75B4DED77C23904491D35DA126490C5.e.25614"}]}
RESULT: {"script":"<script> [56 bytes]","args":[{"element-6066-11e4-a52e-4f735466cecf":"f.B31591FEBD8AE49568014889031CF3F7.d.E75B4DED77C23904491D35DA126490C5.e.25614","ELEMENT":"f.B31591FEBD8AE49568014889031CF3F7.d.E75B4DED77C23904491D35DA126490C5.e.25614"}]}
COMMAND: GET /session/f10bfffe94842169a26616823eaa69fd/screenshot - {}
RESULT: {}
COMMAND: POST /session/f10bfffe94842169a26616823eaa69fd/execute/sync - {"script":"<script> [56 bytes]","args":[{"element-6066-11e4-a52e-4f735466cecf":"f.B31591FEBD8AE49568014889031CF3F7.d.E75B4DED77C23904491D35DA126490C5.e.25614","ELEMENT":"f.B31591FEBD8AE49568014889031CF3F7.d.E75B4DED77C23904491D35DA126490C5.e.25614"}]}
RESULT: {"script":"<script> [56 bytes]","args":[{"element-6066-11e4-a52e-4f735466cecf":"f.B31591FEBD8AE49568014889031CF3F7.d.E75B4DED77C23904491D35DA126490C5.e.25614","ELEMENT":"f.B31591FEBD8AE49568014889031CF3F7.d.E75B4DED77C23904491D35DA126490C5.e.25614"}]}
COMMAND: GET /session/f10bfffe94842169a26616823eaa69fd/screenshot - {}
COMMAND: POST /session/f10bfffe94842169a26616823eaa69fd/execute/sync - {"script":"<script> [56 bytes]","args":[{"element-6066-11e4-a52e-4f735466cecf":"f.B31591FEBD8AE49568014889031CF3F7.d.E75B4DED77C23904491D35DA126490C5.e.25614","ELEMENT":"f.B31591FEBD8AE49568014889031CF3F7.d.E75B4DED77C23904491D35DA126490C5.e.25614"}]}
RESULT: {}
RESULT: {"script":"<script> [56 bytes]","args":[{"element-6066-11e4-a52e-4f735466cecf":"f.B31591FEBD8AE49568014889031CF3F7.d.E75B4DED77C23904491D35DA126490C5.e.25614","ELEMENT":"f.B31591FEBD8AE49568014889031CF3F7.d.E75B4DED77C23904491D35DA126490C5.e.25614"}]}
COMMAND: POST /session/f10bfffe94842169a26616823eaa69fd/element - {"using":"xpath","value":"//td[@aria-colindex=\"1\"]/div/div[contains(@class, \"sapMCbBg\")]"}
COMMAND: GET /session/f10bfffe94842169a26616823eaa69fd/screenshot - {}
RESULT: {"using":"xpath","value":"//td[@aria-colindex=\"1\"]/div/div[contains(@class, \"sapMCbBg\")]"}
COMMAND: POST /session/f10bfffe94842169a26616823eaa69fd/element/f.B31591FEBD8AE49568014889031CF3F7.d.E75B4DED77C23904491D35DA126490C5.e.25630/click - {}
RESULT: {}
RESULT: {}
COMMAND: GET /session/f10bfffe94842169a26616823eaa69fd/screenshot - {}
RESULT: {}
COMMAND: POST /session/f10bfffe94842169a26616823eaa69fd/element - {"using":"xpath","value":"//bdi[text()=\"Transfer\"]"}
RESULT: {"using":"xpath","value":"//bdi[text()=\"Transfer\"]"}
COMMAND: POST /session/f10bfffe94842169a26616823eaa69fd/element/f.B31591FEBD8AE49568014889031CF3F7.d.E75B4DED77C23904491D35DA126490C5.e.25631/click - {}
RESULT: {}
COMMAND: GET /session/f10bfffe94842169a26616823eaa69fd/screenshot - {}
RESULT: {}
COMMAND: POST /session/f10bfffe94842169a26616823eaa69fd/element - {"using":"xpath","value":"//bdi[contains(text(), \"OK\")]"}
RESULT: {"using":"xpath","value":"//bdi[contains(text(), \"OK\")]"}
COMMAND: POST /session/f10bfffe94842169a26616823eaa69fd/element/f.B31591FEBD8AE49568014889031CF3F7.d.E75B4DED77C23904491D35DA126490C5.e.25634/click - {}
RESULT: {}
COMMAND: GET /session/f10bfffe94842169a26616823eaa69fd/screenshot - {}
RESULT: {}
COMMAND: POST /session/f10bfffe94842169a26616823eaa69fd/element - {"using":"xpath","value":"(//span[contains(text(), \"Completed\")]/parent::div/preceding-sibling::div/span)[1]"}
RESULT: {"using":"xpath","value":"(//span[contains(text(), \"Completed\")]/parent::div/preceding-sibling::div/span)[1]"}
COMMAND: POST /session/f10bfffe94842169a26616823eaa69fd/element/f.B31591FEBD8AE49568014889031CF3F7.d.E75B4DED77C23904491D35DA126490C5.e.25643/click - {}
RESULT: {}
COMMAND: POST /session/f10bfffe94842169a26616823eaa69fd/element - {"using":"xpath","value":"//input[contains(@id ,\"application-billingtransfer-display-component---billingWorkbench--smartFilterBar-btnBasicSearch\")]"}
COMMAND: GET /session/f10bfffe94842169a26616823eaa69fd/screenshot - {}
RESULT: {"using":"xpath","value":"//input[contains(@id ,\"application-billingtransfer-display-component---billingWorkbench--smartFilterBar-btnBasicSearch\")]"}
COMMAND: POST /session/f10bfffe94842169a26616823eaa69fd/elements - {"using":"xpath","value":"//input[contains(@id ,\"application-billingtransfer-display-component---billingWorkbench--smartFilterBar-btnBasicSearch\")]"}
RESULT: {}
RESULT: {"using":"xpath","value":"//input[contains(@id ,\"application-billingtransfer-display-component---billingWorkbench--smartFilterBar-btnBasicSearch\")]"}
COMMAND: POST /session/f10bfffe94842169a26616823eaa69fd/execute/sync - {"script":"<script> [8489 bytes]","args":[{"element-6066-11e4-a52e-4f735466cecf":"f.B31591FEBD8AE49568014889031CF3F7.d.E75B4DED77C23904491D35DA126490C5.e.25461","ELEMENT":"f.B31591FEBD8AE49568014889031CF3F7.d.E75B4DED77C23904491D35DA126490C5.e.25461"}]}
RESULT: {"script":"<script> [8489 bytes]","args":[{"element-6066-11e4-a52e-4f735466cecf":"f.B31591FEBD8AE49568014889031CF3F7.d.E75B4DED77C23904491D35DA126490C5.e.25461","ELEMENT":"f.B31591FEBD8AE49568014889031CF3F7.d.E75B4DED77C23904491D35DA126490C5.e.25461"}]}
COMMAND: GET /session/f10bfffe94842169a26616823eaa69fd/element/f.B31591FEBD8AE49568014889031CF3F7.d.E75B4DED77C23904491D35DA126490C5.e.25461/enabled - {}
COMMAND: GET /session/f10bfffe94842169a26616823eaa69fd/screenshot - {}
RESULT: {}
COMMAND: POST /session/f10bfffe94842169a26616823eaa69fd/element/f.B31591FEBD8AE49568014889031CF3F7.d.E75B4DED77C23904491D35DA126490C5.e.25461/click - {}
COMMAND: GET /session/f10bfffe94842169a26616823eaa69fd/screenshot - {}
RESULT: {}
RESULT: {}
COMMAND: GET /session/f10bfffe94842169a26616823eaa69fd/screenshot - {}
RESULT: {}
RESULT: {}
COMMAND: POST /session/f10bfffe94842169a26616823eaa69fd/element/f.B31591FEBD8AE49568014889031CF3F7.d.E75B4DED77C23904491D35DA126490C5.e.25461/clear - {}
RESULT: {}
COMMAND: POST /session/f10bfffe94842169a26616823eaa69fd/element/f.B31591FEBD8AE49568014889031CF3F7.d.E75B4DED77C23904491D35DA126490C5.e.25461/value - {"text":"10467"}
COMMAND: GET /session/f10bfffe94842169a26616823eaa69fd/screenshot - {}
RESULT: {"text":"10467"}
COMMAND: POST /session/f10bfffe94842169a26616823eaa69fd/actions - {"actions":[{"id":"action88","type":"key","parameters":{},"actions":[{"type":"keyDown","value":""},{"type":"pause","duration":10},{"type":"keyUp","value":""}]}]}
COMMAND: GET /session/f10bfffe94842169a26616823eaa69fd/screenshot - {}
RESULT: {}
RESULT: {"actions":[{"id":"action88","type":"key","parameters":{},"actions":[{"type":"keyDown","value":""},{"type":"pause","duration":10},{"type":"keyUp","value":""}]}]}
COMMAND: GET /session/f10bfffe94842169a26616823eaa69fd/screenshot - {}
RESULT: {}
RESULT: {}
COMMAND: POST /session/f10bfffe94842169a26616823eaa69fd/element - {"using":"xpath","value":"//span[contains(@id ,\"application-billingtransfer-display-component---billingWorkbench--smartTableBillingRuns-header-inner\")]"}
RESULT: {"using":"xpath","value":"//span[contains(@id ,\"application-billingtransfer-display-component---billingWorkbench--smartTableBillingRuns-header-inner\")]"}
COMMAND: POST /session/f10bfffe94842169a26616823eaa69fd/elements - {"using":"xpath","value":"//span[contains(@id ,\"application-billingtransfer-display-component---billingWorkbench--smartTableBillingRuns-header-inner\")]"}
RESULT: {"using":"xpath","value":"//span[contains(@id ,\"application-billingtransfer-display-component---billingWorkbench--smartTableBillingRuns-header-inner\")]"}
COMMAND: POST /session/f10bfffe94842169a26616823eaa69fd/execute/sync - {"script":"<script> [56 bytes]","args":[{"element-6066-11e4-a52e-4f735466cecf":"f.B31591FEBD8AE49568014889031CF3F7.d.E75B4DED77C23904491D35DA126490C5.e.25614","ELEMENT":"f.B31591FEBD8AE49568014889031CF3F7.d.E75B4DED77C23904491D35DA126490C5.e.25614"}]}
RESULT: {"script":"<script> [56 bytes]","args":[{"element-6066-11e4-a52e-4f735466cecf":"f.B31591FEBD8AE49568014889031CF3F7.d.E75B4DED77C23904491D35DA126490C5.e.25614","ELEMENT":"f.B31591FEBD8AE49568014889031CF3F7.d.E75B4DED77C23904491D35DA126490C5.e.25614"}]}
COMMAND: GET /session/f10bfffe94842169a26616823eaa69fd/screenshot - {}
RESULT: {}
COMMAND: POST /session/f10bfffe94842169a26616823eaa69fd/execute/sync - {"script":"<script> [56 bytes]","args":[{"element-6066-11e4-a52e-4f735466cecf":"f.B31591FEBD8AE49568014889031CF3F7.d.E75B4DED77C23904491D35DA126490C5.e.25614","ELEMENT":"f.B31591FEBD8AE49568014889031CF3F7.d.E75B4DED77C23904491D35DA126490C5.e.25614"}]}
RESULT: {"script":"<script> [56 bytes]","args":[{"element-6066-11e4-a52e-4f735466cecf":"f.B31591FEBD8AE49568014889031CF3F7.d.E75B4DED77C23904491D35DA126490C5.e.25614","ELEMENT":"f.B31591FEBD8AE49568014889031CF3F7.d.E75B4DED77C23904491D35DA126490C5.e.25614"}]}
COMMAND: GET /session/f10bfffe94842169a26616823eaa69fd/screenshot - {}
RESULT: {}
COMMAND: POST /session/f10bfffe94842169a26616823eaa69fd/execute/sync - {"script":"<script> [56 bytes]","args":[{"element-6066-11e4-a52e-4f735466cecf":"f.B31591FEBD8AE49568014889031CF3F7.d.E75B4DED77C23904491D35DA126490C5.e.25614","ELEMENT":"f.B31591FEBD8AE49568014889031CF3F7.d.E75B4DED77C23904491D35DA126490C5.e.25614"}]}
RESULT: {"script":"<script> [56 bytes]","args":[{"element-6066-11e4-a52e-4f735466cecf":"f.B31591FEBD8AE49568014889031CF3F7.d.E75B4DED77C23904491D35DA126490C5.e.25614","ELEMENT":"f.B31591FEBD8AE49568014889031CF3F7.d.E75B4DED77C23904491D35DA126490C5.e.25614"}]}
COMMAND: GET /session/f10bfffe94842169a26616823eaa69fd/screenshot - {}
RESULT: {}
COMMAND: POST /session/f10bfffe94842169a26616823eaa69fd/execute/sync - {"script":"<script> [56 bytes]","args":[{"element-6066-11e4-a52e-4f735466cecf":"f.B31591FEBD8AE49568014889031CF3F7.d.E75B4DED77C23904491D35DA126490C5.e.25614","ELEMENT":"f.B31591FEBD8AE49568014889031CF3F7.d.E75B4DED77C23904491D35DA126490C5.e.25614"}]}
RESULT: {"script":"<script> [56 bytes]","args":[{"element-6066-11e4-a52e-4f735466cecf":"f.B31591FEBD8AE49568014889031CF3F7.d.E75B4DED77C23904491D35DA126490C5.e.25614","ELEMENT":"f.B31591FEBD8AE49568014889031CF3F7.d.E75B4DED77C23904491D35DA126490C5.e.25614"}]}
COMMAND: GET /session/f10bfffe94842169a26616823eaa69fd/screenshot - {}
RESULT: {}
COMMAND: POST /session/f10bfffe94842169a26616823eaa69fd/execute/sync - {"script":"<script> [56 bytes]","args":[{"element-6066-11e4-a52e-4f735466cecf":"f.B31591FEBD8AE49568014889031CF3F7.d.E75B4DED77C23904491D35DA126490C5.e.25614","ELEMENT":"f.B31591FEBD8AE49568014889031CF3F7.d.E75B4DED77C23904491D35DA126490C5.e.25614"}]}
RESULT: {"script":"<script> [56 bytes]","args":[{"element-6066-11e4-a52e-4f735466cecf":"f.B31591FEBD8AE49568014889031CF3F7.d.E75B4DED77C23904491D35DA126490C5.e.25614","ELEMENT":"f.B31591FEBD8AE49568014889031CF3F7.d.E75B4DED77C23904491D35DA126490C5.e.25614"}]}
COMMAND: GET /session/f10bfffe94842169a26616823eaa69fd/screenshot - {}
RESULT: {}
COMMAND: POST /session/f10bfffe94842169a26616823eaa69fd/execute/sync - {"script":"<script> [56 bytes]","args":[{"element-6066-11e4-a52e-4f735466cecf":"f.B31591FEBD8AE49568014889031CF3F7.d.E75B4DED77C23904491D35DA126490C5.e.25614","ELEMENT":"f.B31591FEBD8AE49568014889031CF3F7.d.E75B4DED77C23904491D35DA126490C5.e.25614"}]}
RESULT: {"script":"<script> [56 bytes]","args":[{"element-6066-11e4-a52e-4f735466cecf":"f.B31591FEBD8AE49568014889031CF3F7.d.E75B4DED77C23904491D35DA126490C5.e.25614","ELEMENT":"f.B31591FEBD8AE49568014889031CF3F7.d.E75B4DED77C23904491D35DA126490C5.e.25614"}]}
COMMAND: GET /session/f10bfffe94842169a26616823eaa69fd/screenshot - {}
RESULT: {}
COMMAND: POST /session/f10bfffe94842169a26616823eaa69fd/execute/sync - {"script":"<script> [56 bytes]","args":[{"element-6066-11e4-a52e-4f735466cecf":"f.B31591FEBD8AE49568014889031CF3F7.d.E75B4DED77C23904491D35DA126490C5.e.25614","ELEMENT":"f.B31591FEBD8AE49568014889031CF3F7.d.E75B4DED77C23904491D35DA126490C5.e.25614"}]}
RESULT: {"script":"<script> [56 bytes]","args":[{"element-6066-11e4-a52e-4f735466cecf":"f.B31591FEBD8AE49568014889031CF3F7.d.E75B4DED77C23904491D35DA126490C5.e.25614","ELEMENT":"f.B31591FEBD8AE49568014889031CF3F7.d.E75B4DED77C23904491D35DA126490C5.e.25614"}]}
COMMAND: GET /session/f10bfffe94842169a26616823eaa69fd/screenshot - {}
RESULT: {}
COMMAND: POST /session/f10bfffe94842169a26616823eaa69fd/execute/sync - {"script":"<script> [56 bytes]","args":[{"element-6066-11e4-a52e-4f735466cecf":"f.B31591FEBD8AE49568014889031CF3F7.d.E75B4DED77C23904491D35DA126490C5.e.25614","ELEMENT":"f.B31591FEBD8AE49568014889031CF3F7.d.E75B4DED77C23904491D35DA126490C5.e.25614"}]}
RESULT: {"script":"<script> [56 bytes]","args":[{"element-6066-11e4-a52e-4f735466cecf":"f.B31591FEBD8AE49568014889031CF3F7.d.E75B4DED77C23904491D35DA126490C5.e.25614","ELEMENT":"f.B31591FEBD8AE49568014889031CF3F7.d.E75B4DED77C23904491D35DA126490C5.e.25614"}]}
COMMAND: GET /session/f10bfffe94842169a26616823eaa69fd/screenshot - {}
RESULT: {}
COMMAND: POST /session/f10bfffe94842169a26616823eaa69fd/execute/sync - {"script":"<script> [56 bytes]","args":[{"element-6066-11e4-a52e-4f735466cecf":"f.B31591FEBD8AE49568014889031CF3F7.d.E75B4DED77C23904491D35DA126490C5.e.25614","ELEMENT":"f.B31591FEBD8AE49568014889031CF3F7.d.E75B4DED77C23904491D35DA126490C5.e.25614"}]}
RESULT: {"script":"<script> [56 bytes]","args":[{"element-6066-11e4-a52e-4f735466cecf":"f.B31591FEBD8AE49568014889031CF3F7.d.E75B4DED77C23904491D35DA126490C5.e.25614","ELEMENT":"f.B31591FEBD8AE49568014889031CF3F7.d.E75B4DED77C23904491D35DA126490C5.e.25614"}]}
COMMAND: GET /session/f10bfffe94842169a26616823eaa69fd/screenshot - {}
RESULT: {}
COMMAND: POST /session/f10bfffe94842169a26616823eaa69fd/execute/sync - {"script":"<script> [56 bytes]","args":[{"element-6066-11e4-a52e-4f735466cecf":"f.B31591FEBD8AE49568014889031CF3F7.d.E75B4DED77C23904491D35DA126490C5.e.25614","ELEMENT":"f.B31591FEBD8AE49568014889031CF3F7.d.E75B4DED77C23904491D35DA126490C5.e.25614"}]}
RESULT: {"script":"<script> [56 bytes]","args":[{"element-6066-11e4-a52e-4f735466cecf":"f.B31591FEBD8AE49568014889031CF3F7.d.E75B4DED77C23904491D35DA126490C5.e.25614","ELEMENT":"f.B31591FEBD8AE49568014889031CF3F7.d.E75B4DED77C23904491D35DA126490C5.e.25614"}]}
COMMAND: GET /session/f10bfffe94842169a26616823eaa69fd/screenshot - {}
RESULT: {}
COMMAND: POST /session/f10bfffe94842169a26616823eaa69fd/execute/sync - {"script":"<script> [56 bytes]","args":[{"element-6066-11e4-a52e-4f735466cecf":"f.B31591FEBD8AE49568014889031CF3F7.d.E75B4DED77C23904491D35DA126490C5.e.25614","ELEMENT":"f.B31591FEBD8AE49568014889031CF3F7.d.E75B4DED77C23904491D35DA126490C5.e.25614"}]}
RESULT: {"script":"<script> [56 bytes]","args":[{"element-6066-11e4-a52e-4f735466cecf":"f.B31591FEBD8AE49568014889031CF3F7.d.E75B4DED77C23904491D35DA126490C5.e.25614","ELEMENT":"f.B31591FEBD8AE49568014889031CF3F7.d.E75B4DED77C23904491D35DA126490C5.e.25614"}]}
COMMAND: GET /session/f10bfffe94842169a26616823eaa69fd/screenshot - {}
RESULT: {}
COMMAND: POST /session/f10bfffe94842169a26616823eaa69fd/execute/sync - {"script":"<script> [56 bytes]","args":[{"element-6066-11e4-a52e-4f735466cecf":"f.B31591FEBD8AE49568014889031CF3F7.d.E75B4DED77C23904491D35DA126490C5.e.25614","ELEMENT":"f.B31591FEBD8AE49568014889031CF3F7.d.E75B4DED77C23904491D35DA126490C5.e.25614"}]}
RESULT: {"script":"<script> [56 bytes]","args":[{"element-6066-11e4-a52e-4f735466cecf":"f.B31591FEBD8AE49568014889031CF3F7.d.E75B4DED77C23904491D35DA126490C5.e.25614","ELEMENT":"f.B31591FEBD8AE49568014889031CF3F7.d.E75B4DED77C23904491D35DA126490C5.e.25614"}]}
COMMAND: GET /session/f10bfffe94842169a26616823eaa69fd/screenshot - {}
RESULT: {}
COMMAND: POST /session/f10bfffe94842169a26616823eaa69fd/execute/sync - {"script":"<script> [56 bytes]","args":[{"element-6066-11e4-a52e-4f735466cecf":"f.B31591FEBD8AE49568014889031CF3F7.d.E75B4DED77C23904491D35DA126490C5.e.25614","ELEMENT":"f.B31591FEBD8AE49568014889031CF3F7.d.E75B4DED77C23904491D35DA126490C5.e.25614"}]}
RESULT: {"script":"<script> [56 bytes]","args":[{"element-6066-11e4-a52e-4f735466cecf":"f.B31591FEBD8AE49568014889031CF3F7.d.E75B4DED77C23904491D35DA126490C5.e.25614","ELEMENT":"f.B31591FEBD8AE49568014889031CF3F7.d.E75B4DED77C23904491D35DA126490C5.e.25614"}]}
COMMAND: GET /session/f10bfffe94842169a26616823eaa69fd/screenshot - {}
RESULT: {}
COMMAND: POST /session/f10bfffe94842169a26616823eaa69fd/execute/sync - {"script":"<script> [56 bytes]","args":[{"element-6066-11e4-a52e-4f735466cecf":"f.B31591FEBD8AE49568014889031CF3F7.d.E75B4DED77C23904491D35DA126490C5.e.25614","ELEMENT":"f.B31591FEBD8AE49568014889031CF3F7.d.E75B4DED77C23904491D35DA126490C5.e.25614"}]}
RESULT: {"script":"<script> [56 bytes]","args":[{"element-6066-11e4-a52e-4f735466cecf":"f.B31591FEBD8AE49568014889031CF3F7.d.E75B4DED77C23904491D35DA126490C5.e.25614","ELEMENT":"f.B31591FEBD8AE49568014889031CF3F7.d.E75B4DED77C23904491D35DA126490C5.e.25614"}]}
COMMAND: GET /session/f10bfffe94842169a26616823eaa69fd/screenshot - {}
RESULT: {}
COMMAND: POST /session/f10bfffe94842169a26616823eaa69fd/execute/sync - {"script":"<script> [56 bytes]","args":[{"element-6066-11e4-a52e-4f735466cecf":"f.B31591FEBD8AE49568014889031CF3F7.d.E75B4DED77C23904491D35DA126490C5.e.25614","ELEMENT":"f.B31591FEBD8AE49568014889031CF3F7.d.E75B4DED77C23904491D35DA126490C5.e.25614"}]}
RESULT: {"script":"<script> [56 bytes]","args":[{"element-6066-11e4-a52e-4f735466cecf":"f.B31591FEBD8AE49568014889031CF3F7.d.E75B4DED77C23904491D35DA126490C5.e.25614","ELEMENT":"f.B31591FEBD8AE49568014889031CF3F7.d.E75B4DED77C23904491D35DA126490C5.e.25614"}]}
COMMAND: GET /session/f10bfffe94842169a26616823eaa69fd/screenshot - {}
RESULT: {}
COMMAND: POST /session/f10bfffe94842169a26616823eaa69fd/execute/sync - {"script":"<script> [56 bytes]","args":[{"element-6066-11e4-a52e-4f735466cecf":"f.B31591FEBD8AE49568014889031CF3F7.d.E75B4DED77C23904491D35DA126490C5.e.25614","ELEMENT":"f.B31591FEBD8AE49568014889031CF3F7.d.E75B4DED77C23904491D35DA126490C5.e.25614"}]}
RESULT: {"script":"<script> [56 bytes]","args":[{"element-6066-11e4-a52e-4f735466cecf":"f.B31591FEBD8AE49568014889031CF3F7.d.E75B4DED77C23904491D35DA126490C5.e.25614","ELEMENT":"f.B31591FEBD8AE49568014889031CF3F7.d.E75B4DED77C23904491D35DA126490C5.e.25614"}]}
COMMAND: GET /session/f10bfffe94842169a26616823eaa69fd/screenshot - {}
RESULT: {}
COMMAND: POST /session/f10bfffe94842169a26616823eaa69fd/execute/sync - {"script":"<script> [56 bytes]","args":[{"element-6066-11e4-a52e-4f735466cecf":"f.B31591FEBD8AE49568014889031CF3F7.d.E75B4DED77C23904491D35DA126490C5.e.25614","ELEMENT":"f.B31591FEBD8AE49568014889031CF3F7.d.E75B4DED77C23904491D35DA126490C5.e.25614"}]}
RESULT: {"script":"<script> [56 bytes]","args":[{"element-6066-11e4-a52e-4f735466cecf":"f.B31591FEBD8AE49568014889031CF3F7.d.E75B4DED77C23904491D35DA126490C5.e.25614","ELEMENT":"f.B31591FEBD8AE49568014889031CF3F7.d.E75B4DED77C23904491D35DA126490C5.e.25614"}]}
COMMAND: GET /session/f10bfffe94842169a26616823eaa69fd/screenshot - {}
RESULT: {}
COMMAND: POST /session/f10bfffe94842169a26616823eaa69fd/execute/sync - {"script":"<script> [56 bytes]","args":[{"element-6066-11e4-a52e-4f735466cecf":"f.B31591FEBD8AE49568014889031CF3F7.d.E75B4DED77C23904491D35DA126490C5.e.25614","ELEMENT":"f.B31591FEBD8AE49568014889031CF3F7.d.E75B4DED77C23904491D35DA126490C5.e.25614"}]}
RESULT: {"script":"<script> [56 bytes]","args":[{"element-6066-11e4-a52e-4f735466cecf":"f.B31591FEBD8AE49568014889031CF3F7.d.E75B4DED77C23904491D35DA126490C5.e.25614","ELEMENT":"f.B31591FEBD8AE49568014889031CF3F7.d.E75B4DED77C23904491D35DA126490C5.e.25614"}]}
COMMAND: GET /session/f10bfffe94842169a26616823eaa69fd/screenshot - {}
RESULT: {}
COMMAND: POST /session/f10bfffe94842169a26616823eaa69fd/execute/sync - {"script":"<script> [56 bytes]","args":[{"element-6066-11e4-a52e-4f735466cecf":"f.B31591FEBD8AE49568014889031CF3F7.d.E75B4DED77C23904491D35DA126490C5.e.25614","ELEMENT":"f.B31591FEBD8AE49568014889031CF3F7.d.E75B4DED77C23904491D35DA126490C5.e.25614"}]}
RESULT: {"script":"<script> [56 bytes]","args":[{"element-6066-11e4-a52e-4f735466cecf":"f.B31591FEBD8AE49568014889031CF3F7.d.E75B4DED77C23904491D35DA126490C5.e.25614","ELEMENT":"f.B31591FEBD8AE49568014889031CF3F7.d.E75B4DED77C23904491D35DA126490C5.e.25614"}]}
COMMAND: GET /session/f10bfffe94842169a26616823eaa69fd/screenshot - {}
RESULT: {}
COMMAND: POST /session/f10bfffe94842169a26616823eaa69fd/execute/sync - {"script":"<script> [56 bytes]","args":[{"element-6066-11e4-a52e-4f735466cecf":"f.B31591FEBD8AE49568014889031CF3F7.d.E75B4DED77C23904491D35DA126490C5.e.25614","ELEMENT":"f.B31591FEBD8AE49568014889031CF3F7.d.E75B4DED77C23904491D35DA126490C5.e.25614"}]}
RESULT: {"script":"<script> [56 bytes]","args":[{"element-6066-11e4-a52e-4f735466cecf":"f.B31591FEBD8AE49568014889031CF3F7.d.E75B4DED77C23904491D35DA126490C5.e.25614","ELEMENT":"f.B31591FEBD8AE49568014889031CF3F7.d.E75B4DED77C23904491D35DA126490C5.e.25614"}]}
COMMAND: GET /session/f10bfffe94842169a26616823eaa69fd/screenshot - {}
COMMAND: POST /session/f10bfffe94842169a26616823eaa69fd/execute/sync - {"script":"<script> [56 bytes]","args":[{"element-6066-11e4-a52e-4f735466cecf":"f.B31591FEBD8AE49568014889031CF3F7.d.E75B4DED77C23904491D35DA126490C5.e.25614","ELEMENT":"f.B31591FEBD8AE49568014889031CF3F7.d.E75B4DED77C23904491D35DA126490C5.e.25614"}]}
RESULT: {}
RESULT: {"script":"<script> [56 bytes]","args":[{"element-6066-11e4-a52e-4f735466cecf":"f.B31591FEBD8AE49568014889031CF3F7.d.E75B4DED77C23904491D35DA126490C5.e.25614","ELEMENT":"f.B31591FEBD8AE49568014889031CF3F7.d.E75B4DED77C23904491D35DA126490C5.e.25614"}]}
COMMAND: POST /session/f10bfffe94842169a26616823eaa69fd/element - {"using":"css selector","value":"#shell-header-logo"}
COMMAND: GET /session/f10bfffe94842169a26616823eaa69fd/screenshot - {}
RESULT: {"using":"css selector","value":"#shell-header-logo"}
COMMAND: POST /session/f10bfffe94842169a26616823eaa69fd/element/f.B31591FEBD8AE49568014889031CF3F7.d.E75B4DED77C23904491D35DA126490C5.e.25459/click - {}
RESULT: {}
RESULT: {}
COMMAND: GET /session/f10bfffe94842169a26616823eaa69fd/screenshot - {}
RESULT: {}
]]></system-out>
    </testcase>
    <testcase classname="chrome.135_0_7049_42.windows.Billing_Calculation_-_Time_based_(considering_transport_times)_US139738" name="Should do another billing run but in around 25 days from today" time="59.719">
      <system-out><![CDATA[
RESULT: undefined
COMMAND: POST /session/f10bfffe94842169a26616823eaa69fd/element - {"using":"xpath","value":"//*[@id=\"__tile51\"]"}
RESULT: {"using":"xpath","value":"//*[@id=\"__tile51\"]"}
COMMAND: POST /session/f10bfffe94842169a26616823eaa69fd/element/f.B31591FEBD8AE49568014889031CF3F7.d.E75B4DED77C23904491D35DA126490C5.e.19256/click - {}
RESULT: {}
COMMAND: GET /session/f10bfffe94842169a26616823eaa69fd/screenshot - {}
RESULT: {}
RESULT: undefined
COMMAND: POST /session/f10bfffe94842169a26616823eaa69fd/execute/async - {"script":"<script> [776 bytes]","args":[{"enterText":"10467","selector":{"id":"application-managebillings-display-component---billRunCalcResult--smartFilterBar-btnBasicSearch","interaction":{"idSuffix":"I"}},"clearTextFirst":true,"interactionType":"ENTER_TEXT"}]}
RESULT: {"script":"<script> [776 bytes]","args":[{"enterText":"10467","selector":{"id":"application-managebillings-display-component---billRunCalcResult--smartFilterBar-btnBasicSearch","interaction":{"idSuffix":"I"}},"clearTextFirst":true,"interactionType":"ENTER_TEXT"}]}
COMMAND: POST /session/f10bfffe94842169a26616823eaa69fd/actions - {"actions":[{"id":"action89","type":"key","parameters":{},"actions":[{"type":"keyDown","value":""},{"type":"pause","duration":10},{"type":"keyUp","value":""}]}]}
RESULT: {"actions":[{"id":"action89","type":"key","parameters":{},"actions":[{"type":"keyDown","value":""},{"type":"pause","duration":10},{"type":"keyUp","value":""}]}]}
COMMAND: GET /session/f10bfffe94842169a26616823eaa69fd/screenshot - {}
RESULT: {}
COMMAND: POST /session/f10bfffe94842169a26616823eaa69fd/element - {"using":"xpath","value":"//td[@aria-colindex=\"1\"]/div/div[contains(@class, \"sapMCbBg\")]"}
RESULT: {"using":"xpath","value":"//td[@aria-colindex=\"1\"]/div/div[contains(@class, \"sapMCbBg\")]"}
COMMAND: POST /session/f10bfffe94842169a26616823eaa69fd/element/f.B31591FEBD8AE49568014889031CF3F7.d.E75B4DED77C23904491D35DA126490C5.e.25864/click - {}
RESULT: {}
COMMAND: GET /session/f10bfffe94842169a26616823eaa69fd/screenshot - {}
RESULT: {}
RESULT: undefined
COMMAND: POST /session/f10bfffe94842169a26616823eaa69fd/execute/async - {"script":"<script> [776 bytes]","args":[{"enterText":"05/13/25","selector":{"id":"application-managebillings-display-component---billRunCalcResult--contractBillRunDate","interaction":{"idSuffix":"inner"}},"clearTextFirst":true,"interactionType":"ENTER_TEXT"}]}
RESULT: {"script":"<script> [776 bytes]","args":[{"enterText":"05/13/25","selector":{"id":"application-managebillings-display-component---billRunCalcResult--contractBillRunDate","interaction":{"idSuffix":"inner"}},"clearTextFirst":true,"interactionType":"ENTER_TEXT"}]}
COMMAND: POST /session/f10bfffe94842169a26616823eaa69fd/element - {"using":"xpath","value":"//bdi[contains(text(), \"Trigger Calculation\")]"}
RESULT: {"using":"xpath","value":"//bdi[contains(text(), \"Trigger Calculation\")]"}
COMMAND: POST /session/f10bfffe94842169a26616823eaa69fd/element/f.B31591FEBD8AE49568014889031CF3F7.d.E75B4DED77C23904491D35DA126490C5.e.25920/click - {}
RESULT: {}
COMMAND: GET /session/f10bfffe94842169a26616823eaa69fd/screenshot - {}
RESULT: {}
COMMAND: POST /session/f10bfffe94842169a26616823eaa69fd/element - {"using":"xpath","value":"(//span[contains(@id, \"imgNav\")])[1]"}
RESULT: {"using":"xpath","value":"(//span[contains(@id, \"imgNav\")])[1]"}
COMMAND: POST /session/f10bfffe94842169a26616823eaa69fd/element/f.B31591FEBD8AE49568014889031CF3F7.d.E75B4DED77C23904491D35DA126490C5.e.25865/click - {}
RESULT: {}
COMMAND: GET /session/f10bfffe94842169a26616823eaa69fd/screenshot - {}
RESULT: {}
COMMAND: POST /session/f10bfffe94842169a26616823eaa69fd/element - {"using":"xpath","value":"//tr/td[6]/div[1]/span[1]/span[1]"}
RESULT: {"using":"xpath","value":"//tr/td[6]/div[1]/span[1]/span[1]"}
COMMAND: GET /session/f10bfffe94842169a26616823eaa69fd/element/f.B31591FEBD8AE49568014889031CF3F7.d.E75B4DED77C23904491D35DA126490C5.e.25926/text - {}
RESULT: {}
COMMAND: POST /session/f10bfffe94842169a26616823eaa69fd/element - {"using":"xpath","value":"(//span[contains(@id, \"imgNav\")])[2]"}
RESULT: {"using":"xpath","value":"(//span[contains(@id, \"imgNav\")])[2]"}
COMMAND: POST /session/f10bfffe94842169a26616823eaa69fd/element/f.B31591FEBD8AE49568014889031CF3F7.d.E75B4DED77C23904491D35DA126490C5.e.25927/click - {}
RESULT: {}
COMMAND: POST /session/f10bfffe94842169a26616823eaa69fd/element - {"using":"xpath","value":"//bdi[contains(text(), \"Business Confirm\")]"}
COMMAND: GET /session/f10bfffe94842169a26616823eaa69fd/screenshot - {}
RESULT: {"using":"xpath","value":"//bdi[contains(text(), \"Business Confirm\")]"}
COMMAND: POST /session/f10bfffe94842169a26616823eaa69fd/elements - {"using":"xpath","value":"//bdi[contains(text(), \"Business Confirm\")]"}
RESULT: {}
RESULT: {"using":"xpath","value":"//bdi[contains(text(), \"Business Confirm\")]"}
COMMAND: POST /session/f10bfffe94842169a26616823eaa69fd/element - {"using":"xpath","value":"//bdi[contains(text(), \"Business Confirm\")]"}
RESULT: {"using":"xpath","value":"//bdi[contains(text(), \"Business Confirm\")]"}
COMMAND: POST /session/f10bfffe94842169a26616823eaa69fd/element/f.B31591FEBD8AE49568014889031CF3F7.d.E75B4DED77C23904491D35DA126490C5.e.25970/click - {}
RESULT: {}
COMMAND: POST /session/f10bfffe94842169a26616823eaa69fd/element - {"using":"css selector","value":"#shell-header-logo"}
COMMAND: GET /session/f10bfffe94842169a26616823eaa69fd/screenshot - {}
RESULT: {"using":"css selector","value":"#shell-header-logo"}
COMMAND: POST /session/f10bfffe94842169a26616823eaa69fd/element/f.B31591FEBD8AE49568014889031CF3F7.d.E75B4DED77C23904491D35DA126490C5.e.25651/click - {}
RESULT: {}
RESULT: {}
COMMAND: GET /session/f10bfffe94842169a26616823eaa69fd/screenshot - {}
RESULT: {}
]]></system-out>
    </testcase>
    <testcase classname="chrome.135_0_7049_42.windows.Billing_Calculation_-_Time_based_(considering_transport_times)_US139738" name="Should transfer the billing all the way to completion" time="87.294">
      <system-out><![CDATA[
RESULT: undefined
COMMAND: POST /session/f10bfffe94842169a26616823eaa69fd/element - {"using":"xpath","value":"//*[@id=\"__tile50\"]"}
RESULT: {"using":"xpath","value":"//*[@id=\"__tile50\"]"}
COMMAND: POST /session/f10bfffe94842169a26616823eaa69fd/element/f.B31591FEBD8AE49568014889031CF3F7.d.E75B4DED77C23904491D35DA126490C5.e.19254/click - {}
RESULT: {}
COMMAND: POST /session/f10bfffe94842169a26616823eaa69fd/element - {"using":"xpath","value":"//input[contains(@id ,\"application-billingtransfer-display-component---billingWorkbench--smartFilterBar-btnBasicSearch\")]"}
COMMAND: GET /session/f10bfffe94842169a26616823eaa69fd/screenshot - {}
RESULT: {"using":"xpath","value":"//input[contains(@id ,\"application-billingtransfer-display-component---billingWorkbench--smartFilterBar-btnBasicSearch\")]"}
COMMAND: POST /session/f10bfffe94842169a26616823eaa69fd/elements - {"using":"xpath","value":"//input[contains(@id ,\"application-billingtransfer-display-component---billingWorkbench--smartFilterBar-btnBasicSearch\")]"}
RESULT: {}
RESULT: {"using":"xpath","value":"//input[contains(@id ,\"application-billingtransfer-display-component---billingWorkbench--smartFilterBar-btnBasicSearch\")]"}
COMMAND: POST /session/f10bfffe94842169a26616823eaa69fd/execute/sync - {"script":"<script> [8489 bytes]","args":[{"element-6066-11e4-a52e-4f735466cecf":"f.B31591FEBD8AE49568014889031CF3F7.d.E75B4DED77C23904491D35DA126490C5.e.25996","ELEMENT":"f.B31591FEBD8AE49568014889031CF3F7.d.E75B4DED77C23904491D35DA126490C5.e.25996"}]}
RESULT: {"script":"<script> [8489 bytes]","args":[{"element-6066-11e4-a52e-4f735466cecf":"f.B31591FEBD8AE49568014889031CF3F7.d.E75B4DED77C23904491D35DA126490C5.e.25996","ELEMENT":"f.B31591FEBD8AE49568014889031CF3F7.d.E75B4DED77C23904491D35DA126490C5.e.25996"}]}
COMMAND: GET /session/f10bfffe94842169a26616823eaa69fd/element/f.B31591FEBD8AE49568014889031CF3F7.d.E75B4DED77C23904491D35DA126490C5.e.25996/enabled - {}
COMMAND: GET /session/f10bfffe94842169a26616823eaa69fd/screenshot - {}
RESULT: {}
COMMAND: POST /session/f10bfffe94842169a26616823eaa69fd/element/f.B31591FEBD8AE49568014889031CF3F7.d.E75B4DED77C23904491D35DA126490C5.e.25996/click - {}
COMMAND: GET /session/f10bfffe94842169a26616823eaa69fd/screenshot - {}
RESULT: {}
RESULT: {}
COMMAND: GET /session/f10bfffe94842169a26616823eaa69fd/screenshot - {}
RESULT: {}
RESULT: {}
COMMAND: POST /session/f10bfffe94842169a26616823eaa69fd/element/f.B31591FEBD8AE49568014889031CF3F7.d.E75B4DED77C23904491D35DA126490C5.e.25996/clear - {}
RESULT: {}
COMMAND: POST /session/f10bfffe94842169a26616823eaa69fd/element/f.B31591FEBD8AE49568014889031CF3F7.d.E75B4DED77C23904491D35DA126490C5.e.25996/value - {"text":"10467"}
COMMAND: GET /session/f10bfffe94842169a26616823eaa69fd/screenshot - {}
RESULT: {"text":"10467"}
COMMAND: POST /session/f10bfffe94842169a26616823eaa69fd/actions - {"actions":[{"id":"action90","type":"key","parameters":{},"actions":[{"type":"keyDown","value":""},{"type":"pause","duration":10},{"type":"keyUp","value":""}]}]}
COMMAND: GET /session/f10bfffe94842169a26616823eaa69fd/screenshot - {}
RESULT: {}
RESULT: {"actions":[{"id":"action90","type":"key","parameters":{},"actions":[{"type":"keyDown","value":""},{"type":"pause","duration":10},{"type":"keyUp","value":""}]}]}
COMMAND: GET /session/f10bfffe94842169a26616823eaa69fd/screenshot - {}
RESULT: {}
RESULT: {}
COMMAND: POST /session/f10bfffe94842169a26616823eaa69fd/element - {"using":"xpath","value":"//span[contains(@id ,\"application-billingtransfer-display-component---billingWorkbench--smartTableBillingRuns-header-inner\")]"}
RESULT: {"using":"xpath","value":"//span[contains(@id ,\"application-billingtransfer-display-component---billingWorkbench--smartTableBillingRuns-header-inner\")]"}
COMMAND: POST /session/f10bfffe94842169a26616823eaa69fd/elements - {"using":"xpath","value":"//span[contains(@id ,\"application-billingtransfer-display-component---billingWorkbench--smartTableBillingRuns-header-inner\")]"}
RESULT: {"using":"xpath","value":"//span[contains(@id ,\"application-billingtransfer-display-component---billingWorkbench--smartTableBillingRuns-header-inner\")]"}
COMMAND: POST /session/f10bfffe94842169a26616823eaa69fd/execute/sync - {"script":"<script> [56 bytes]","args":[{"element-6066-11e4-a52e-4f735466cecf":"f.B31591FEBD8AE49568014889031CF3F7.d.E75B4DED77C23904491D35DA126490C5.e.26152","ELEMENT":"f.B31591FEBD8AE49568014889031CF3F7.d.E75B4DED77C23904491D35DA126490C5.e.26152"}]}
RESULT: {"script":"<script> [56 bytes]","args":[{"element-6066-11e4-a52e-4f735466cecf":"f.B31591FEBD8AE49568014889031CF3F7.d.E75B4DED77C23904491D35DA126490C5.e.26152","ELEMENT":"f.B31591FEBD8AE49568014889031CF3F7.d.E75B4DED77C23904491D35DA126490C5.e.26152"}]}
COMMAND: POST /session/f10bfffe94842169a26616823eaa69fd/element - {"using":"xpath","value":"//td[@aria-colindex=\"1\"]/div/div[contains(@class, \"sapMCbBg\")]"}
COMMAND: GET /session/f10bfffe94842169a26616823eaa69fd/screenshot - {}
RESULT: {"using":"xpath","value":"//td[@aria-colindex=\"1\"]/div/div[contains(@class, \"sapMCbBg\")]"}
COMMAND: POST /session/f10bfffe94842169a26616823eaa69fd/element/f.B31591FEBD8AE49568014889031CF3F7.d.E75B4DED77C23904491D35DA126490C5.e.26144/click - {}
RESULT: {}
RESULT: {}
COMMAND: GET /session/f10bfffe94842169a26616823eaa69fd/screenshot - {}
RESULT: {}
COMMAND: POST /session/f10bfffe94842169a26616823eaa69fd/element - {"using":"xpath","value":"//bdi[contains(text(), \"Check\")]"}
RESULT: {"using":"xpath","value":"//bdi[contains(text(), \"Check\")]"}
COMMAND: POST /session/f10bfffe94842169a26616823eaa69fd/element/f.B31591FEBD8AE49568014889031CF3F7.d.E75B4DED77C23904491D35DA126490C5.e.26153/click - {}
RESULT: {}
COMMAND: GET /session/f10bfffe94842169a26616823eaa69fd/screenshot - {}
RESULT: {}
COMMAND: POST /session/f10bfffe94842169a26616823eaa69fd/element - {"using":"xpath","value":"//bdi[contains(text(), \"OK\")]"}
RESULT: {"using":"xpath","value":"//bdi[contains(text(), \"OK\")]"}
COMMAND: POST /session/f10bfffe94842169a26616823eaa69fd/element/f.B31591FEBD8AE49568014889031CF3F7.d.E75B4DED77C23904491D35DA126490C5.e.26156/click - {}
RESULT: {}
COMMAND: GET /session/f10bfffe94842169a26616823eaa69fd/screenshot - {}
RESULT: {}
COMMAND: POST /session/f10bfffe94842169a26616823eaa69fd/element - {"using":"xpath","value":"(//span[contains(text(), \"CO/SD checked\")]/parent::div/preceding-sibling::div/span)[1]"}
RESULT: {"using":"xpath","value":"(//span[contains(text(), \"CO/SD checked\")]/parent::div/preceding-sibling::div/span)[1]"}
COMMAND: POST /session/f10bfffe94842169a26616823eaa69fd/element/f.B31591FEBD8AE49568014889031CF3F7.d.E75B4DED77C23904491D35DA126490C5.e.26165/click - {}
RESULT: {}
COMMAND: GET /session/f10bfffe94842169a26616823eaa69fd/screenshot - {}
RESULT: {}
COMMAND: POST /session/f10bfffe94842169a26616823eaa69fd/element - {"using":"xpath","value":"//input[contains(@id ,\"application-billingtransfer-display-component---billingWorkbench--smartFilterBar-btnBasicSearch\")]"}
RESULT: {"using":"xpath","value":"//input[contains(@id ,\"application-billingtransfer-display-component---billingWorkbench--smartFilterBar-btnBasicSearch\")]"}
COMMAND: POST /session/f10bfffe94842169a26616823eaa69fd/elements - {"using":"xpath","value":"//input[contains(@id ,\"application-billingtransfer-display-component---billingWorkbench--smartFilterBar-btnBasicSearch\")]"}
RESULT: {"using":"xpath","value":"//input[contains(@id ,\"application-billingtransfer-display-component---billingWorkbench--smartFilterBar-btnBasicSearch\")]"}
COMMAND: POST /session/f10bfffe94842169a26616823eaa69fd/execute/sync - {"script":"<script> [8489 bytes]","args":[{"element-6066-11e4-a52e-4f735466cecf":"f.B31591FEBD8AE49568014889031CF3F7.d.E75B4DED77C23904491D35DA126490C5.e.25996","ELEMENT":"f.B31591FEBD8AE49568014889031CF3F7.d.E75B4DED77C23904491D35DA126490C5.e.25996"}]}
RESULT: {"script":"<script> [8489 bytes]","args":[{"element-6066-11e4-a52e-4f735466cecf":"f.B31591FEBD8AE49568014889031CF3F7.d.E75B4DED77C23904491D35DA126490C5.e.25996","ELEMENT":"f.B31591FEBD8AE49568014889031CF3F7.d.E75B4DED77C23904491D35DA126490C5.e.25996"}]}
COMMAND: GET /session/f10bfffe94842169a26616823eaa69fd/element/f.B31591FEBD8AE49568014889031CF3F7.d.E75B4DED77C23904491D35DA126490C5.e.25996/enabled - {}
COMMAND: GET /session/f10bfffe94842169a26616823eaa69fd/screenshot - {}
RESULT: {}
COMMAND: POST /session/f10bfffe94842169a26616823eaa69fd/element/f.B31591FEBD8AE49568014889031CF3F7.d.E75B4DED77C23904491D35DA126490C5.e.25996/click - {}
COMMAND: GET /session/f10bfffe94842169a26616823eaa69fd/screenshot - {}
RESULT: {}
RESULT: {}
COMMAND: GET /session/f10bfffe94842169a26616823eaa69fd/screenshot - {}
RESULT: {}
RESULT: {}
COMMAND: POST /session/f10bfffe94842169a26616823eaa69fd/element/f.B31591FEBD8AE49568014889031CF3F7.d.E75B4DED77C23904491D35DA126490C5.e.25996/clear - {}
RESULT: {}
COMMAND: POST /session/f10bfffe94842169a26616823eaa69fd/element/f.B31591FEBD8AE49568014889031CF3F7.d.E75B4DED77C23904491D35DA126490C5.e.25996/value - {"text":"10467"}
COMMAND: GET /session/f10bfffe94842169a26616823eaa69fd/screenshot - {}
RESULT: {"text":"10467"}
COMMAND: POST /session/f10bfffe94842169a26616823eaa69fd/actions - {"actions":[{"id":"action91","type":"key","parameters":{},"actions":[{"type":"keyDown","value":""},{"type":"pause","duration":10},{"type":"keyUp","value":""}]}]}
COMMAND: GET /session/f10bfffe94842169a26616823eaa69fd/screenshot - {}
RESULT: {}
RESULT: {"actions":[{"id":"action91","type":"key","parameters":{},"actions":[{"type":"keyDown","value":""},{"type":"pause","duration":10},{"type":"keyUp","value":""}]}]}
COMMAND: GET /session/f10bfffe94842169a26616823eaa69fd/screenshot - {}
RESULT: {}
RESULT: {}
COMMAND: POST /session/f10bfffe94842169a26616823eaa69fd/element - {"using":"xpath","value":"//span[contains(@id ,\"application-billingtransfer-display-component---billingWorkbench--smartTableBillingRuns-header-inner\")]"}
RESULT: {"using":"xpath","value":"//span[contains(@id ,\"application-billingtransfer-display-component---billingWorkbench--smartTableBillingRuns-header-inner\")]"}
COMMAND: POST /session/f10bfffe94842169a26616823eaa69fd/elements - {"using":"xpath","value":"//span[contains(@id ,\"application-billingtransfer-display-component---billingWorkbench--smartTableBillingRuns-header-inner\")]"}
RESULT: {"using":"xpath","value":"//span[contains(@id ,\"application-billingtransfer-display-component---billingWorkbench--smartTableBillingRuns-header-inner\")]"}
COMMAND: POST /session/f10bfffe94842169a26616823eaa69fd/execute/sync - {"script":"<script> [56 bytes]","args":[{"element-6066-11e4-a52e-4f735466cecf":"f.B31591FEBD8AE49568014889031CF3F7.d.E75B4DED77C23904491D35DA126490C5.e.26152","ELEMENT":"f.B31591FEBD8AE49568014889031CF3F7.d.E75B4DED77C23904491D35DA126490C5.e.26152"}]}
RESULT: {"script":"<script> [56 bytes]","args":[{"element-6066-11e4-a52e-4f735466cecf":"f.B31591FEBD8AE49568014889031CF3F7.d.E75B4DED77C23904491D35DA126490C5.e.26152","ELEMENT":"f.B31591FEBD8AE49568014889031CF3F7.d.E75B4DED77C23904491D35DA126490C5.e.26152"}]}
COMMAND: GET /session/f10bfffe94842169a26616823eaa69fd/screenshot - {}
RESULT: {}
COMMAND: POST /session/f10bfffe94842169a26616823eaa69fd/execute/sync - {"script":"<script> [56 bytes]","args":[{"element-6066-11e4-a52e-4f735466cecf":"f.B31591FEBD8AE49568014889031CF3F7.d.E75B4DED77C23904491D35DA126490C5.e.26152","ELEMENT":"f.B31591FEBD8AE49568014889031CF3F7.d.E75B4DED77C23904491D35DA126490C5.e.26152"}]}
RESULT: {"script":"<script> [56 bytes]","args":[{"element-6066-11e4-a52e-4f735466cecf":"f.B31591FEBD8AE49568014889031CF3F7.d.E75B4DED77C23904491D35DA126490C5.e.26152","ELEMENT":"f.B31591FEBD8AE49568014889031CF3F7.d.E75B4DED77C23904491D35DA126490C5.e.26152"}]}
COMMAND: GET /session/f10bfffe94842169a26616823eaa69fd/screenshot - {}
RESULT: {}
COMMAND: POST /session/f10bfffe94842169a26616823eaa69fd/execute/sync - {"script":"<script> [56 bytes]","args":[{"element-6066-11e4-a52e-4f735466cecf":"f.B31591FEBD8AE49568014889031CF3F7.d.E75B4DED77C23904491D35DA126490C5.e.26152","ELEMENT":"f.B31591FEBD8AE49568014889031CF3F7.d.E75B4DED77C23904491D35DA126490C5.e.26152"}]}
RESULT: {"script":"<script> [56 bytes]","args":[{"element-6066-11e4-a52e-4f735466cecf":"f.B31591FEBD8AE49568014889031CF3F7.d.E75B4DED77C23904491D35DA126490C5.e.26152","ELEMENT":"f.B31591FEBD8AE49568014889031CF3F7.d.E75B4DED77C23904491D35DA126490C5.e.26152"}]}
COMMAND: GET /session/f10bfffe94842169a26616823eaa69fd/screenshot - {}
RESULT: {}
COMMAND: POST /session/f10bfffe94842169a26616823eaa69fd/execute/sync - {"script":"<script> [56 bytes]","args":[{"element-6066-11e4-a52e-4f735466cecf":"f.B31591FEBD8AE49568014889031CF3F7.d.E75B4DED77C23904491D35DA126490C5.e.26152","ELEMENT":"f.B31591FEBD8AE49568014889031CF3F7.d.E75B4DED77C23904491D35DA126490C5.e.26152"}]}
RESULT: {"script":"<script> [56 bytes]","args":[{"element-6066-11e4-a52e-4f735466cecf":"f.B31591FEBD8AE49568014889031CF3F7.d.E75B4DED77C23904491D35DA126490C5.e.26152","ELEMENT":"f.B31591FEBD8AE49568014889031CF3F7.d.E75B4DED77C23904491D35DA126490C5.e.26152"}]}
COMMAND: GET /session/f10bfffe94842169a26616823eaa69fd/screenshot - {}
RESULT: {}
COMMAND: POST /session/f10bfffe94842169a26616823eaa69fd/execute/sync - {"script":"<script> [56 bytes]","args":[{"element-6066-11e4-a52e-4f735466cecf":"f.B31591FEBD8AE49568014889031CF3F7.d.E75B4DED77C23904491D35DA126490C5.e.26152","ELEMENT":"f.B31591FEBD8AE49568014889031CF3F7.d.E75B4DED77C23904491D35DA126490C5.e.26152"}]}
RESULT: {"script":"<script> [56 bytes]","args":[{"element-6066-11e4-a52e-4f735466cecf":"f.B31591FEBD8AE49568014889031CF3F7.d.E75B4DED77C23904491D35DA126490C5.e.26152","ELEMENT":"f.B31591FEBD8AE49568014889031CF3F7.d.E75B4DED77C23904491D35DA126490C5.e.26152"}]}
COMMAND: GET /session/f10bfffe94842169a26616823eaa69fd/screenshot - {}
RESULT: {}
COMMAND: POST /session/f10bfffe94842169a26616823eaa69fd/execute/sync - {"script":"<script> [56 bytes]","args":[{"element-6066-11e4-a52e-4f735466cecf":"f.B31591FEBD8AE49568014889031CF3F7.d.E75B4DED77C23904491D35DA126490C5.e.26152","ELEMENT":"f.B31591FEBD8AE49568014889031CF3F7.d.E75B4DED77C23904491D35DA126490C5.e.26152"}]}
RESULT: {"script":"<script> [56 bytes]","args":[{"element-6066-11e4-a52e-4f735466cecf":"f.B31591FEBD8AE49568014889031CF3F7.d.E75B4DED77C23904491D35DA126490C5.e.26152","ELEMENT":"f.B31591FEBD8AE49568014889031CF3F7.d.E75B4DED77C23904491D35DA126490C5.e.26152"}]}
COMMAND: GET /session/f10bfffe94842169a26616823eaa69fd/screenshot - {}
RESULT: {}
COMMAND: POST /session/f10bfffe94842169a26616823eaa69fd/execute/sync - {"script":"<script> [56 bytes]","args":[{"element-6066-11e4-a52e-4f735466cecf":"f.B31591FEBD8AE49568014889031CF3F7.d.E75B4DED77C23904491D35DA126490C5.e.26152","ELEMENT":"f.B31591FEBD8AE49568014889031CF3F7.d.E75B4DED77C23904491D35DA126490C5.e.26152"}]}
RESULT: {"script":"<script> [56 bytes]","args":[{"element-6066-11e4-a52e-4f735466cecf":"f.B31591FEBD8AE49568014889031CF3F7.d.E75B4DED77C23904491D35DA126490C5.e.26152","ELEMENT":"f.B31591FEBD8AE49568014889031CF3F7.d.E75B4DED77C23904491D35DA126490C5.e.26152"}]}
COMMAND: GET /session/f10bfffe94842169a26616823eaa69fd/screenshot - {}
RESULT: {}
COMMAND: POST /session/f10bfffe94842169a26616823eaa69fd/execute/sync - {"script":"<script> [56 bytes]","args":[{"element-6066-11e4-a52e-4f735466cecf":"f.B31591FEBD8AE49568014889031CF3F7.d.E75B4DED77C23904491D35DA126490C5.e.26152","ELEMENT":"f.B31591FEBD8AE49568014889031CF3F7.d.E75B4DED77C23904491D35DA126490C5.e.26152"}]}
RESULT: {"script":"<script> [56 bytes]","args":[{"element-6066-11e4-a52e-4f735466cecf":"f.B31591FEBD8AE49568014889031CF3F7.d.E75B4DED77C23904491D35DA126490C5.e.26152","ELEMENT":"f.B31591FEBD8AE49568014889031CF3F7.d.E75B4DED77C23904491D35DA126490C5.e.26152"}]}
COMMAND: GET /session/f10bfffe94842169a26616823eaa69fd/screenshot - {}
RESULT: {}
COMMAND: POST /session/f10bfffe94842169a26616823eaa69fd/execute/sync - {"script":"<script> [56 bytes]","args":[{"element-6066-11e4-a52e-4f735466cecf":"f.B31591FEBD8AE49568014889031CF3F7.d.E75B4DED77C23904491D35DA126490C5.e.26152","ELEMENT":"f.B31591FEBD8AE49568014889031CF3F7.d.E75B4DED77C23904491D35DA126490C5.e.26152"}]}
RESULT: {"script":"<script> [56 bytes]","args":[{"element-6066-11e4-a52e-4f735466cecf":"f.B31591FEBD8AE49568014889031CF3F7.d.E75B4DED77C23904491D35DA126490C5.e.26152","ELEMENT":"f.B31591FEBD8AE49568014889031CF3F7.d.E75B4DED77C23904491D35DA126490C5.e.26152"}]}
COMMAND: GET /session/f10bfffe94842169a26616823eaa69fd/screenshot - {}
RESULT: {}
COMMAND: POST /session/f10bfffe94842169a26616823eaa69fd/execute/sync - {"script":"<script> [56 bytes]","args":[{"element-6066-11e4-a52e-4f735466cecf":"f.B31591FEBD8AE49568014889031CF3F7.d.E75B4DED77C23904491D35DA126490C5.e.26152","ELEMENT":"f.B31591FEBD8AE49568014889031CF3F7.d.E75B4DED77C23904491D35DA126490C5.e.26152"}]}
RESULT: {"script":"<script> [56 bytes]","args":[{"element-6066-11e4-a52e-4f735466cecf":"f.B31591FEBD8AE49568014889031CF3F7.d.E75B4DED77C23904491D35DA126490C5.e.26152","ELEMENT":"f.B31591FEBD8AE49568014889031CF3F7.d.E75B4DED77C23904491D35DA126490C5.e.26152"}]}
COMMAND: GET /session/f10bfffe94842169a26616823eaa69fd/screenshot - {}
RESULT: {}
COMMAND: POST /session/f10bfffe94842169a26616823eaa69fd/execute/sync - {"script":"<script> [56 bytes]","args":[{"element-6066-11e4-a52e-4f735466cecf":"f.B31591FEBD8AE49568014889031CF3F7.d.E75B4DED77C23904491D35DA126490C5.e.26152","ELEMENT":"f.B31591FEBD8AE49568014889031CF3F7.d.E75B4DED77C23904491D35DA126490C5.e.26152"}]}
RESULT: {"script":"<script> [56 bytes]","args":[{"element-6066-11e4-a52e-4f735466cecf":"f.B31591FEBD8AE49568014889031CF3F7.d.E75B4DED77C23904491D35DA126490C5.e.26152","ELEMENT":"f.B31591FEBD8AE49568014889031CF3F7.d.E75B4DED77C23904491D35DA126490C5.e.26152"}]}
COMMAND: GET /session/f10bfffe94842169a26616823eaa69fd/screenshot - {}
RESULT: {}
COMMAND: POST /session/f10bfffe94842169a26616823eaa69fd/execute/sync - {"script":"<script> [56 bytes]","args":[{"element-6066-11e4-a52e-4f735466cecf":"f.B31591FEBD8AE49568014889031CF3F7.d.E75B4DED77C23904491D35DA126490C5.e.26152","ELEMENT":"f.B31591FEBD8AE49568014889031CF3F7.d.E75B4DED77C23904491D35DA126490C5.e.26152"}]}
RESULT: {"script":"<script> [56 bytes]","args":[{"element-6066-11e4-a52e-4f735466cecf":"f.B31591FEBD8AE49568014889031CF3F7.d.E75B4DED77C23904491D35DA126490C5.e.26152","ELEMENT":"f.B31591FEBD8AE49568014889031CF3F7.d.E75B4DED77C23904491D35DA126490C5.e.26152"}]}
COMMAND: GET /session/f10bfffe94842169a26616823eaa69fd/screenshot - {}
RESULT: {}
COMMAND: POST /session/f10bfffe94842169a26616823eaa69fd/execute/sync - {"script":"<script> [56 bytes]","args":[{"element-6066-11e4-a52e-4f735466cecf":"f.B31591FEBD8AE49568014889031CF3F7.d.E75B4DED77C23904491D35DA126490C5.e.26152","ELEMENT":"f.B31591FEBD8AE49568014889031CF3F7.d.E75B4DED77C23904491D35DA126490C5.e.26152"}]}
RESULT: {"script":"<script> [56 bytes]","args":[{"element-6066-11e4-a52e-4f735466cecf":"f.B31591FEBD8AE49568014889031CF3F7.d.E75B4DED77C23904491D35DA126490C5.e.26152","ELEMENT":"f.B31591FEBD8AE49568014889031CF3F7.d.E75B4DED77C23904491D35DA126490C5.e.26152"}]}
COMMAND: GET /session/f10bfffe94842169a26616823eaa69fd/screenshot - {}
RESULT: {}
COMMAND: POST /session/f10bfffe94842169a26616823eaa69fd/execute/sync - {"script":"<script> [56 bytes]","args":[{"element-6066-11e4-a52e-4f735466cecf":"f.B31591FEBD8AE49568014889031CF3F7.d.E75B4DED77C23904491D35DA126490C5.e.26152","ELEMENT":"f.B31591FEBD8AE49568014889031CF3F7.d.E75B4DED77C23904491D35DA126490C5.e.26152"}]}
RESULT: {"script":"<script> [56 bytes]","args":[{"element-6066-11e4-a52e-4f735466cecf":"f.B31591FEBD8AE49568014889031CF3F7.d.E75B4DED77C23904491D35DA126490C5.e.26152","ELEMENT":"f.B31591FEBD8AE49568014889031CF3F7.d.E75B4DED77C23904491D35DA126490C5.e.26152"}]}
COMMAND: POST /session/f10bfffe94842169a26616823eaa69fd/element - {"using":"xpath","value":"//td[@aria-colindex=\"1\"]/div/div[contains(@class, \"sapMCbBg\")]"}
COMMAND: GET /session/f10bfffe94842169a26616823eaa69fd/screenshot - {}
RESULT: {"using":"xpath","value":"//td[@aria-colindex=\"1\"]/div/div[contains(@class, \"sapMCbBg\")]"}
COMMAND: POST /session/f10bfffe94842169a26616823eaa69fd/element/f.B31591FEBD8AE49568014889031CF3F7.d.E75B4DED77C23904491D35DA126490C5.e.26168/click - {}
RESULT: {}
RESULT: {}
COMMAND: GET /session/f10bfffe94842169a26616823eaa69fd/screenshot - {}
RESULT: {}
COMMAND: POST /session/f10bfffe94842169a26616823eaa69fd/element - {"using":"xpath","value":"//bdi[text()=\"Transfer\"]"}
RESULT: {"using":"xpath","value":"//bdi[text()=\"Transfer\"]"}
COMMAND: POST /session/f10bfffe94842169a26616823eaa69fd/element/f.B31591FEBD8AE49568014889031CF3F7.d.E75B4DED77C23904491D35DA126490C5.e.26169/click - {}
RESULT: {}
COMMAND: GET /session/f10bfffe94842169a26616823eaa69fd/screenshot - {}
RESULT: {}
COMMAND: POST /session/f10bfffe94842169a26616823eaa69fd/element - {"using":"xpath","value":"//bdi[contains(text(), \"OK\")]"}
RESULT: {"using":"xpath","value":"//bdi[contains(text(), \"OK\")]"}
COMMAND: POST /session/f10bfffe94842169a26616823eaa69fd/element/f.B31591FEBD8AE49568014889031CF3F7.d.E75B4DED77C23904491D35DA126490C5.e.26172/click - {}
RESULT: {}
COMMAND: GET /session/f10bfffe94842169a26616823eaa69fd/screenshot - {}
RESULT: {}
COMMAND: POST /session/f10bfffe94842169a26616823eaa69fd/element - {"using":"xpath","value":"(//span[contains(text(), \"Completed\")]/parent::div/preceding-sibling::div/span)[1]"}
RESULT: {"using":"xpath","value":"(//span[contains(text(), \"Completed\")]/parent::div/preceding-sibling::div/span)[1]"}
COMMAND: POST /session/f10bfffe94842169a26616823eaa69fd/element/f.B31591FEBD8AE49568014889031CF3F7.d.E75B4DED77C23904491D35DA126490C5.e.26180/click - {}
RESULT: {}
COMMAND: POST /session/f10bfffe94842169a26616823eaa69fd/element - {"using":"xpath","value":"//input[contains(@id ,\"application-billingtransfer-display-component---billingWorkbench--smartFilterBar-btnBasicSearch\")]"}
COMMAND: GET /session/f10bfffe94842169a26616823eaa69fd/screenshot - {}
RESULT: {"using":"xpath","value":"//input[contains(@id ,\"application-billingtransfer-display-component---billingWorkbench--smartFilterBar-btnBasicSearch\")]"}
COMMAND: POST /session/f10bfffe94842169a26616823eaa69fd/elements - {"using":"xpath","value":"//input[contains(@id ,\"application-billingtransfer-display-component---billingWorkbench--smartFilterBar-btnBasicSearch\")]"}
RESULT: {}
RESULT: {"using":"xpath","value":"//input[contains(@id ,\"application-billingtransfer-display-component---billingWorkbench--smartFilterBar-btnBasicSearch\")]"}
COMMAND: POST /session/f10bfffe94842169a26616823eaa69fd/execute/sync - {"script":"<script> [8489 bytes]","args":[{"element-6066-11e4-a52e-4f735466cecf":"f.B31591FEBD8AE49568014889031CF3F7.d.E75B4DED77C23904491D35DA126490C5.e.25996","ELEMENT":"f.B31591FEBD8AE49568014889031CF3F7.d.E75B4DED77C23904491D35DA126490C5.e.25996"}]}
RESULT: {"script":"<script> [8489 bytes]","args":[{"element-6066-11e4-a52e-4f735466cecf":"f.B31591FEBD8AE49568014889031CF3F7.d.E75B4DED77C23904491D35DA126490C5.e.25996","ELEMENT":"f.B31591FEBD8AE49568014889031CF3F7.d.E75B4DED77C23904491D35DA126490C5.e.25996"}]}
COMMAND: GET /session/f10bfffe94842169a26616823eaa69fd/element/f.B31591FEBD8AE49568014889031CF3F7.d.E75B4DED77C23904491D35DA126490C5.e.25996/enabled - {}
COMMAND: GET /session/f10bfffe94842169a26616823eaa69fd/screenshot - {}
RESULT: {}
COMMAND: POST /session/f10bfffe94842169a26616823eaa69fd/element/f.B31591FEBD8AE49568014889031CF3F7.d.E75B4DED77C23904491D35DA126490C5.e.25996/click - {}
COMMAND: GET /session/f10bfffe94842169a26616823eaa69fd/screenshot - {}
RESULT: {}
RESULT: {}
COMMAND: GET /session/f10bfffe94842169a26616823eaa69fd/screenshot - {}
RESULT: {}
RESULT: {}
COMMAND: POST /session/f10bfffe94842169a26616823eaa69fd/element/f.B31591FEBD8AE49568014889031CF3F7.d.E75B4DED77C23904491D35DA126490C5.e.25996/clear - {}
RESULT: {}
COMMAND: POST /session/f10bfffe94842169a26616823eaa69fd/element/f.B31591FEBD8AE49568014889031CF3F7.d.E75B4DED77C23904491D35DA126490C5.e.25996/value - {"text":"10467"}
COMMAND: GET /session/f10bfffe94842169a26616823eaa69fd/screenshot - {}
RESULT: {"text":"10467"}
COMMAND: POST /session/f10bfffe94842169a26616823eaa69fd/actions - {"actions":[{"id":"action92","type":"key","parameters":{},"actions":[{"type":"keyDown","value":""},{"type":"pause","duration":10},{"type":"keyUp","value":""}]}]}
COMMAND: GET /session/f10bfffe94842169a26616823eaa69fd/screenshot - {}
RESULT: {}
RESULT: {"actions":[{"id":"action92","type":"key","parameters":{},"actions":[{"type":"keyDown","value":""},{"type":"pause","duration":10},{"type":"keyUp","value":""}]}]}
COMMAND: GET /session/f10bfffe94842169a26616823eaa69fd/screenshot - {}
RESULT: {}
RESULT: {}
COMMAND: POST /session/f10bfffe94842169a26616823eaa69fd/element - {"using":"xpath","value":"//span[contains(@id ,\"application-billingtransfer-display-component---billingWorkbench--smartTableBillingRuns-header-inner\")]"}
RESULT: {"using":"xpath","value":"//span[contains(@id ,\"application-billingtransfer-display-component---billingWorkbench--smartTableBillingRuns-header-inner\")]"}
COMMAND: POST /session/f10bfffe94842169a26616823eaa69fd/elements - {"using":"xpath","value":"//span[contains(@id ,\"application-billingtransfer-display-component---billingWorkbench--smartTableBillingRuns-header-inner\")]"}
RESULT: {"using":"xpath","value":"//span[contains(@id ,\"application-billingtransfer-display-component---billingWorkbench--smartTableBillingRuns-header-inner\")]"}
COMMAND: POST /session/f10bfffe94842169a26616823eaa69fd/execute/sync - {"script":"<script> [56 bytes]","args":[{"element-6066-11e4-a52e-4f735466cecf":"f.B31591FEBD8AE49568014889031CF3F7.d.E75B4DED77C23904491D35DA126490C5.e.26152","ELEMENT":"f.B31591FEBD8AE49568014889031CF3F7.d.E75B4DED77C23904491D35DA126490C5.e.26152"}]}
RESULT: {"script":"<script> [56 bytes]","args":[{"element-6066-11e4-a52e-4f735466cecf":"f.B31591FEBD8AE49568014889031CF3F7.d.E75B4DED77C23904491D35DA126490C5.e.26152","ELEMENT":"f.B31591FEBD8AE49568014889031CF3F7.d.E75B4DED77C23904491D35DA126490C5.e.26152"}]}
COMMAND: GET /session/f10bfffe94842169a26616823eaa69fd/screenshot - {}
RESULT: {}
COMMAND: POST /session/f10bfffe94842169a26616823eaa69fd/execute/sync - {"script":"<script> [56 bytes]","args":[{"element-6066-11e4-a52e-4f735466cecf":"f.B31591FEBD8AE49568014889031CF3F7.d.E75B4DED77C23904491D35DA126490C5.e.26152","ELEMENT":"f.B31591FEBD8AE49568014889031CF3F7.d.E75B4DED77C23904491D35DA126490C5.e.26152"}]}
RESULT: {"script":"<script> [56 bytes]","args":[{"element-6066-11e4-a52e-4f735466cecf":"f.B31591FEBD8AE49568014889031CF3F7.d.E75B4DED77C23904491D35DA126490C5.e.26152","ELEMENT":"f.B31591FEBD8AE49568014889031CF3F7.d.E75B4DED77C23904491D35DA126490C5.e.26152"}]}
COMMAND: GET /session/f10bfffe94842169a26616823eaa69fd/screenshot - {}
RESULT: {}
COMMAND: POST /session/f10bfffe94842169a26616823eaa69fd/execute/sync - {"script":"<script> [56 bytes]","args":[{"element-6066-11e4-a52e-4f735466cecf":"f.B31591FEBD8AE49568014889031CF3F7.d.E75B4DED77C23904491D35DA126490C5.e.26152","ELEMENT":"f.B31591FEBD8AE49568014889031CF3F7.d.E75B4DED77C23904491D35DA126490C5.e.26152"}]}
RESULT: {"script":"<script> [56 bytes]","args":[{"element-6066-11e4-a52e-4f735466cecf":"f.B31591FEBD8AE49568014889031CF3F7.d.E75B4DED77C23904491D35DA126490C5.e.26152","ELEMENT":"f.B31591FEBD8AE49568014889031CF3F7.d.E75B4DED77C23904491D35DA126490C5.e.26152"}]}
COMMAND: GET /session/f10bfffe94842169a26616823eaa69fd/screenshot - {}
RESULT: {}
COMMAND: POST /session/f10bfffe94842169a26616823eaa69fd/execute/sync - {"script":"<script> [56 bytes]","args":[{"element-6066-11e4-a52e-4f735466cecf":"f.B31591FEBD8AE49568014889031CF3F7.d.E75B4DED77C23904491D35DA126490C5.e.26152","ELEMENT":"f.B31591FEBD8AE49568014889031CF3F7.d.E75B4DED77C23904491D35DA126490C5.e.26152"}]}
RESULT: {"script":"<script> [56 bytes]","args":[{"element-6066-11e4-a52e-4f735466cecf":"f.B31591FEBD8AE49568014889031CF3F7.d.E75B4DED77C23904491D35DA126490C5.e.26152","ELEMENT":"f.B31591FEBD8AE49568014889031CF3F7.d.E75B4DED77C23904491D35DA126490C5.e.26152"}]}
COMMAND: GET /session/f10bfffe94842169a26616823eaa69fd/screenshot - {}
RESULT: {}
COMMAND: POST /session/f10bfffe94842169a26616823eaa69fd/execute/sync - {"script":"<script> [56 bytes]","args":[{"element-6066-11e4-a52e-4f735466cecf":"f.B31591FEBD8AE49568014889031CF3F7.d.E75B4DED77C23904491D35DA126490C5.e.26152","ELEMENT":"f.B31591FEBD8AE49568014889031CF3F7.d.E75B4DED77C23904491D35DA126490C5.e.26152"}]}
RESULT: {"script":"<script> [56 bytes]","args":[{"element-6066-11e4-a52e-4f735466cecf":"f.B31591FEBD8AE49568014889031CF3F7.d.E75B4DED77C23904491D35DA126490C5.e.26152","ELEMENT":"f.B31591FEBD8AE49568014889031CF3F7.d.E75B4DED77C23904491D35DA126490C5.e.26152"}]}
COMMAND: GET /session/f10bfffe94842169a26616823eaa69fd/screenshot - {}
RESULT: {}
COMMAND: POST /session/f10bfffe94842169a26616823eaa69fd/execute/sync - {"script":"<script> [56 bytes]","args":[{"element-6066-11e4-a52e-4f735466cecf":"f.B31591FEBD8AE49568014889031CF3F7.d.E75B4DED77C23904491D35DA126490C5.e.26152","ELEMENT":"f.B31591FEBD8AE49568014889031CF3F7.d.E75B4DED77C23904491D35DA126490C5.e.26152"}]}
RESULT: {"script":"<script> [56 bytes]","args":[{"element-6066-11e4-a52e-4f735466cecf":"f.B31591FEBD8AE49568014889031CF3F7.d.E75B4DED77C23904491D35DA126490C5.e.26152","ELEMENT":"f.B31591FEBD8AE49568014889031CF3F7.d.E75B4DED77C23904491D35DA126490C5.e.26152"}]}
COMMAND: GET /session/f10bfffe94842169a26616823eaa69fd/screenshot - {}
RESULT: {}
COMMAND: POST /session/f10bfffe94842169a26616823eaa69fd/execute/sync - {"script":"<script> [56 bytes]","args":[{"element-6066-11e4-a52e-4f735466cecf":"f.B31591FEBD8AE49568014889031CF3F7.d.E75B4DED77C23904491D35DA126490C5.e.26152","ELEMENT":"f.B31591FEBD8AE49568014889031CF3F7.d.E75B4DED77C23904491D35DA126490C5.e.26152"}]}
RESULT: {"script":"<script> [56 bytes]","args":[{"element-6066-11e4-a52e-4f735466cecf":"f.B31591FEBD8AE49568014889031CF3F7.d.E75B4DED77C23904491D35DA126490C5.e.26152","ELEMENT":"f.B31591FEBD8AE49568014889031CF3F7.d.E75B4DED77C23904491D35DA126490C5.e.26152"}]}
COMMAND: GET /session/f10bfffe94842169a26616823eaa69fd/screenshot - {}
RESULT: {}
COMMAND: POST /session/f10bfffe94842169a26616823eaa69fd/execute/sync - {"script":"<script> [56 bytes]","args":[{"element-6066-11e4-a52e-4f735466cecf":"f.B31591FEBD8AE49568014889031CF3F7.d.E75B4DED77C23904491D35DA126490C5.e.26152","ELEMENT":"f.B31591FEBD8AE49568014889031CF3F7.d.E75B4DED77C23904491D35DA126490C5.e.26152"}]}
RESULT: {"script":"<script> [56 bytes]","args":[{"element-6066-11e4-a52e-4f735466cecf":"f.B31591FEBD8AE49568014889031CF3F7.d.E75B4DED77C23904491D35DA126490C5.e.26152","ELEMENT":"f.B31591FEBD8AE49568014889031CF3F7.d.E75B4DED77C23904491D35DA126490C5.e.26152"}]}
COMMAND: GET /session/f10bfffe94842169a26616823eaa69fd/screenshot - {}
RESULT: {}
COMMAND: POST /session/f10bfffe94842169a26616823eaa69fd/execute/sync - {"script":"<script> [56 bytes]","args":[{"element-6066-11e4-a52e-4f735466cecf":"f.B31591FEBD8AE49568014889031CF3F7.d.E75B4DED77C23904491D35DA126490C5.e.26152","ELEMENT":"f.B31591FEBD8AE49568014889031CF3F7.d.E75B4DED77C23904491D35DA126490C5.e.26152"}]}
RESULT: {"script":"<script> [56 bytes]","args":[{"element-6066-11e4-a52e-4f735466cecf":"f.B31591FEBD8AE49568014889031CF3F7.d.E75B4DED77C23904491D35DA126490C5.e.26152","ELEMENT":"f.B31591FEBD8AE49568014889031CF3F7.d.E75B4DED77C23904491D35DA126490C5.e.26152"}]}
COMMAND: GET /session/f10bfffe94842169a26616823eaa69fd/screenshot - {}
RESULT: {}
COMMAND: POST /session/f10bfffe94842169a26616823eaa69fd/execute/sync - {"script":"<script> [56 bytes]","args":[{"element-6066-11e4-a52e-4f735466cecf":"f.B31591FEBD8AE49568014889031CF3F7.d.E75B4DED77C23904491D35DA126490C5.e.26152","ELEMENT":"f.B31591FEBD8AE49568014889031CF3F7.d.E75B4DED77C23904491D35DA126490C5.e.26152"}]}
RESULT: {"script":"<script> [56 bytes]","args":[{"element-6066-11e4-a52e-4f735466cecf":"f.B31591FEBD8AE49568014889031CF3F7.d.E75B4DED77C23904491D35DA126490C5.e.26152","ELEMENT":"f.B31591FEBD8AE49568014889031CF3F7.d.E75B4DED77C23904491D35DA126490C5.e.26152"}]}
COMMAND: GET /session/f10bfffe94842169a26616823eaa69fd/screenshot - {}
RESULT: {}
COMMAND: POST /session/f10bfffe94842169a26616823eaa69fd/execute/sync - {"script":"<script> [56 bytes]","args":[{"element-6066-11e4-a52e-4f735466cecf":"f.B31591FEBD8AE49568014889031CF3F7.d.E75B4DED77C23904491D35DA126490C5.e.26152","ELEMENT":"f.B31591FEBD8AE49568014889031CF3F7.d.E75B4DED77C23904491D35DA126490C5.e.26152"}]}
RESULT: {"script":"<script> [56 bytes]","args":[{"element-6066-11e4-a52e-4f735466cecf":"f.B31591FEBD8AE49568014889031CF3F7.d.E75B4DED77C23904491D35DA126490C5.e.26152","ELEMENT":"f.B31591FEBD8AE49568014889031CF3F7.d.E75B4DED77C23904491D35DA126490C5.e.26152"}]}
COMMAND: GET /session/f10bfffe94842169a26616823eaa69fd/screenshot - {}
RESULT: {}
COMMAND: POST /session/f10bfffe94842169a26616823eaa69fd/execute/sync - {"script":"<script> [56 bytes]","args":[{"element-6066-11e4-a52e-4f735466cecf":"f.B31591FEBD8AE49568014889031CF3F7.d.E75B4DED77C23904491D35DA126490C5.e.26152","ELEMENT":"f.B31591FEBD8AE49568014889031CF3F7.d.E75B4DED77C23904491D35DA126490C5.e.26152"}]}
RESULT: {"script":"<script> [56 bytes]","args":[{"element-6066-11e4-a52e-4f735466cecf":"f.B31591FEBD8AE49568014889031CF3F7.d.E75B4DED77C23904491D35DA126490C5.e.26152","ELEMENT":"f.B31591FEBD8AE49568014889031CF3F7.d.E75B4DED77C23904491D35DA126490C5.e.26152"}]}
COMMAND: GET /session/f10bfffe94842169a26616823eaa69fd/screenshot - {}
RESULT: {}
COMMAND: POST /session/f10bfffe94842169a26616823eaa69fd/execute/sync - {"script":"<script> [56 bytes]","args":[{"element-6066-11e4-a52e-4f735466cecf":"f.B31591FEBD8AE49568014889031CF3F7.d.E75B4DED77C23904491D35DA126490C5.e.26152","ELEMENT":"f.B31591FEBD8AE49568014889031CF3F7.d.E75B4DED77C23904491D35DA126490C5.e.26152"}]}
RESULT: {"script":"<script> [56 bytes]","args":[{"element-6066-11e4-a52e-4f735466cecf":"f.B31591FEBD8AE49568014889031CF3F7.d.E75B4DED77C23904491D35DA126490C5.e.26152","ELEMENT":"f.B31591FEBD8AE49568014889031CF3F7.d.E75B4DED77C23904491D35DA126490C5.e.26152"}]}
COMMAND: GET /session/f10bfffe94842169a26616823eaa69fd/screenshot - {}
RESULT: {}
COMMAND: POST /session/f10bfffe94842169a26616823eaa69fd/execute/sync - {"script":"<script> [56 bytes]","args":[{"element-6066-11e4-a52e-4f735466cecf":"f.B31591FEBD8AE49568014889031CF3F7.d.E75B4DED77C23904491D35DA126490C5.e.26152","ELEMENT":"f.B31591FEBD8AE49568014889031CF3F7.d.E75B4DED77C23904491D35DA126490C5.e.26152"}]}
RESULT: {"script":"<script> [56 bytes]","args":[{"element-6066-11e4-a52e-4f735466cecf":"f.B31591FEBD8AE49568014889031CF3F7.d.E75B4DED77C23904491D35DA126490C5.e.26152","ELEMENT":"f.B31591FEBD8AE49568014889031CF3F7.d.E75B4DED77C23904491D35DA126490C5.e.26152"}]}
COMMAND: GET /session/f10bfffe94842169a26616823eaa69fd/screenshot - {}
RESULT: {}
COMMAND: POST /session/f10bfffe94842169a26616823eaa69fd/execute/sync - {"script":"<script> [56 bytes]","args":[{"element-6066-11e4-a52e-4f735466cecf":"f.B31591FEBD8AE49568014889031CF3F7.d.E75B4DED77C23904491D35DA126490C5.e.26152","ELEMENT":"f.B31591FEBD8AE49568014889031CF3F7.d.E75B4DED77C23904491D35DA126490C5.e.26152"}]}
RESULT: {"script":"<script> [56 bytes]","args":[{"element-6066-11e4-a52e-4f735466cecf":"f.B31591FEBD8AE49568014889031CF3F7.d.E75B4DED77C23904491D35DA126490C5.e.26152","ELEMENT":"f.B31591FEBD8AE49568014889031CF3F7.d.E75B4DED77C23904491D35DA126490C5.e.26152"}]}
COMMAND: GET /session/f10bfffe94842169a26616823eaa69fd/screenshot - {}
RESULT: {}
COMMAND: POST /session/f10bfffe94842169a26616823eaa69fd/execute/sync - {"script":"<script> [56 bytes]","args":[{"element-6066-11e4-a52e-4f735466cecf":"f.B31591FEBD8AE49568014889031CF3F7.d.E75B4DED77C23904491D35DA126490C5.e.26152","ELEMENT":"f.B31591FEBD8AE49568014889031CF3F7.d.E75B4DED77C23904491D35DA126490C5.e.26152"}]}
RESULT: {"script":"<script> [56 bytes]","args":[{"element-6066-11e4-a52e-4f735466cecf":"f.B31591FEBD8AE49568014889031CF3F7.d.E75B4DED77C23904491D35DA126490C5.e.26152","ELEMENT":"f.B31591FEBD8AE49568014889031CF3F7.d.E75B4DED77C23904491D35DA126490C5.e.26152"}]}
COMMAND: GET /session/f10bfffe94842169a26616823eaa69fd/screenshot - {}
RESULT: {}
COMMAND: POST /session/f10bfffe94842169a26616823eaa69fd/execute/sync - {"script":"<script> [56 bytes]","args":[{"element-6066-11e4-a52e-4f735466cecf":"f.B31591FEBD8AE49568014889031CF3F7.d.E75B4DED77C23904491D35DA126490C5.e.26152","ELEMENT":"f.B31591FEBD8AE49568014889031CF3F7.d.E75B4DED77C23904491D35DA126490C5.e.26152"}]}
RESULT: {"script":"<script> [56 bytes]","args":[{"element-6066-11e4-a52e-4f735466cecf":"f.B31591FEBD8AE49568014889031CF3F7.d.E75B4DED77C23904491D35DA126490C5.e.26152","ELEMENT":"f.B31591FEBD8AE49568014889031CF3F7.d.E75B4DED77C23904491D35DA126490C5.e.26152"}]}
COMMAND: GET /session/f10bfffe94842169a26616823eaa69fd/screenshot - {}
RESULT: {}
COMMAND: POST /session/f10bfffe94842169a26616823eaa69fd/execute/sync - {"script":"<script> [56 bytes]","args":[{"element-6066-11e4-a52e-4f735466cecf":"f.B31591FEBD8AE49568014889031CF3F7.d.E75B4DED77C23904491D35DA126490C5.e.26152","ELEMENT":"f.B31591FEBD8AE49568014889031CF3F7.d.E75B4DED77C23904491D35DA126490C5.e.26152"}]}
RESULT: {"script":"<script> [56 bytes]","args":[{"element-6066-11e4-a52e-4f735466cecf":"f.B31591FEBD8AE49568014889031CF3F7.d.E75B4DED77C23904491D35DA126490C5.e.26152","ELEMENT":"f.B31591FEBD8AE49568014889031CF3F7.d.E75B4DED77C23904491D35DA126490C5.e.26152"}]}
COMMAND: GET /session/f10bfffe94842169a26616823eaa69fd/screenshot - {}
RESULT: {}
COMMAND: POST /session/f10bfffe94842169a26616823eaa69fd/execute/sync - {"script":"<script> [56 bytes]","args":[{"element-6066-11e4-a52e-4f735466cecf":"f.B31591FEBD8AE49568014889031CF3F7.d.E75B4DED77C23904491D35DA126490C5.e.26152","ELEMENT":"f.B31591FEBD8AE49568014889031CF3F7.d.E75B4DED77C23904491D35DA126490C5.e.26152"}]}
RESULT: {"script":"<script> [56 bytes]","args":[{"element-6066-11e4-a52e-4f735466cecf":"f.B31591FEBD8AE49568014889031CF3F7.d.E75B4DED77C23904491D35DA126490C5.e.26152","ELEMENT":"f.B31591FEBD8AE49568014889031CF3F7.d.E75B4DED77C23904491D35DA126490C5.e.26152"}]}
COMMAND: GET /session/f10bfffe94842169a26616823eaa69fd/screenshot - {}
COMMAND: POST /session/f10bfffe94842169a26616823eaa69fd/execute/sync - {"script":"<script> [56 bytes]","args":[{"element-6066-11e4-a52e-4f735466cecf":"f.B31591FEBD8AE49568014889031CF3F7.d.E75B4DED77C23904491D35DA126490C5.e.26152","ELEMENT":"f.B31591FEBD8AE49568014889031CF3F7.d.E75B4DED77C23904491D35DA126490C5.e.26152"}]}
RESULT: {}
RESULT: {"script":"<script> [56 bytes]","args":[{"element-6066-11e4-a52e-4f735466cecf":"f.B31591FEBD8AE49568014889031CF3F7.d.E75B4DED77C23904491D35DA126490C5.e.26152","ELEMENT":"f.B31591FEBD8AE49568014889031CF3F7.d.E75B4DED77C23904491D35DA126490C5.e.26152"}]}
COMMAND: POST /session/f10bfffe94842169a26616823eaa69fd/element - {"using":"css selector","value":"#shell-header-logo"}
COMMAND: GET /session/f10bfffe94842169a26616823eaa69fd/screenshot - {}
RESULT: {"using":"css selector","value":"#shell-header-logo"}
COMMAND: POST /session/f10bfffe94842169a26616823eaa69fd/element/f.B31591FEBD8AE49568014889031CF3F7.d.E75B4DED77C23904491D35DA126490C5.e.25994/click - {}
RESULT: {}
RESULT: {}
COMMAND: GET /session/f10bfffe94842169a26616823eaa69fd/screenshot - {}
RESULT: {}
]]></system-out>
    </testcase>
    <testcase classname="chrome.135_0_7049_42.windows.Billing_Calculation_-_Time_based_(considering_transport_times)_US139738" name="Should navigate to the contract item check the billed until field value" time="43.26">
      <system-out><![CDATA[
RESULT: undefined
COMMAND: POST /session/f10bfffe94842169a26616823eaa69fd/element - {"using":"xpath","value":"//*[@id=\"__tile130-title\"]"}
RESULT: {"using":"xpath","value":"//*[@id=\"__tile130-title\"]"}
COMMAND: POST /session/f10bfffe94842169a26616823eaa69fd/element/f.B31591FEBD8AE49568014889031CF3F7.d.E75B4DED77C23904491D35DA126490C5.e.21425/click - {}
RESULT: {}
COMMAND: GET /session/f10bfffe94842169a26616823eaa69fd/screenshot - {}
RESULT: undefined
COMMAND: POST /session/f10bfffe94842169a26616823eaa69fd/element - {"using":"xpath","value":"//button[@data-kt=\"addButton\"]"}
RESULT: {}
RESULT: {"using":"xpath","value":"//button[@data-kt=\"addButton\"]"}
COMMAND: POST /session/f10bfffe94842169a26616823eaa69fd/elements - {"using":"xpath","value":"//button[@data-kt=\"addButton\"]"}
RESULT: {"using":"xpath","value":"//button[@data-kt=\"addButton\"]"}
COMMAND: POST /session/f10bfffe94842169a26616823eaa69fd/execute/sync - {"script":"<script> [8489 bytes]","args":[{"element-6066-11e4-a52e-4f735466cecf":"f.B31591FEBD8AE49568014889031CF3F7.d.E75B4DED77C23904491D35DA126490C5.e.26237","ELEMENT":"f.B31591FEBD8AE49568014889031CF3F7.d.E75B4DED77C23904491D35DA126490C5.e.26237"}]}
RESULT: {"script":"<script> [8489 bytes]","args":[{"element-6066-11e4-a52e-4f735466cecf":"f.B31591FEBD8AE49568014889031CF3F7.d.E75B4DED77C23904491D35DA126490C5.e.26237","ELEMENT":"f.B31591FEBD8AE49568014889031CF3F7.d.E75B4DED77C23904491D35DA126490C5.e.26237"}]}
COMMAND: GET /session/f10bfffe94842169a26616823eaa69fd/element/f.B31591FEBD8AE49568014889031CF3F7.d.E75B4DED77C23904491D35DA126490C5.e.26237/enabled - {}
COMMAND: GET /session/f10bfffe94842169a26616823eaa69fd/screenshot - {}
RESULT: {}
COMMAND: POST /session/f10bfffe94842169a26616823eaa69fd/execute/sync - {"script":"<script> [8489 bytes]","args":[{"element-6066-11e4-a52e-4f735466cecf":"f.B31591FEBD8AE49568014889031CF3F7.d.E75B4DED77C23904491D35DA126490C5.e.26237","ELEMENT":"f.B31591FEBD8AE49568014889031CF3F7.d.E75B4DED77C23904491D35DA126490C5.e.26237"}]}
COMMAND: GET /session/f10bfffe94842169a26616823eaa69fd/screenshot - {}
RESULT: {}
RESULT: {"script":"<script> [8489 bytes]","args":[{"element-6066-11e4-a52e-4f735466cecf":"f.B31591FEBD8AE49568014889031CF3F7.d.E75B4DED77C23904491D35DA126490C5.e.26237","ELEMENT":"f.B31591FEBD8AE49568014889031CF3F7.d.E75B4DED77C23904491D35DA126490C5.e.26237"}]}
COMMAND: POST /session/f10bfffe94842169a26616823eaa69fd/execute/sync - {"script":"<script> [5351 bytes]","args":[{"element-6066-11e4-a52e-4f735466cecf":"f.B31591FEBD8AE49568014889031CF3F7.d.E75B4DED77C23904491D35DA126490C5.e.26237","ELEMENT":"f.B31591FEBD8AE49568014889031CF3F7.d.E75B4DED77C23904491D35DA126490C5.e.26237"}]}
COMMAND: GET /session/f10bfffe94842169a26616823eaa69fd/screenshot - {}
RESULT: {}
RESULT: {"script":"<script> [5351 bytes]","args":[{"element-6066-11e4-a52e-4f735466cecf":"f.B31591FEBD8AE49568014889031CF3F7.d.E75B4DED77C23904491D35DA126490C5.e.26237","ELEMENT":"f.B31591FEBD8AE49568014889031CF3F7.d.E75B4DED77C23904491D35DA126490C5.e.26237"}]}
COMMAND: POST /session/f10bfffe94842169a26616823eaa69fd/element - {"using":"xpath","value":"//input[contains(@id ,\"smartContractFilterBar-btnBasicSearch-I\")]"}
COMMAND: GET /session/f10bfffe94842169a26616823eaa69fd/screenshot - {}
RESULT: {}
RESULT: {}
RESULT: {"using":"xpath","value":"//input[contains(@id ,\"smartContractFilterBar-btnBasicSearch-I\")]"}
COMMAND: POST /session/f10bfffe94842169a26616823eaa69fd/elements - {"using":"xpath","value":"//input[contains(@id ,\"smartContractFilterBar-btnBasicSearch-I\")]"}
RESULT: {"using":"xpath","value":"//input[contains(@id ,\"smartContractFilterBar-btnBasicSearch-I\")]"}
COMMAND: POST /session/f10bfffe94842169a26616823eaa69fd/execute/sync - {"script":"<script> [8489 bytes]","args":[{"element-6066-11e4-a52e-4f735466cecf":"f.B31591FEBD8AE49568014889031CF3F7.d.E75B4DED77C23904491D35DA126490C5.e.26200","ELEMENT":"f.B31591FEBD8AE49568014889031CF3F7.d.E75B4DED77C23904491D35DA126490C5.e.26200"}]}
RESULT: {"script":"<script> [8489 bytes]","args":[{"element-6066-11e4-a52e-4f735466cecf":"f.B31591FEBD8AE49568014889031CF3F7.d.E75B4DED77C23904491D35DA126490C5.e.26200","ELEMENT":"f.B31591FEBD8AE49568014889031CF3F7.d.E75B4DED77C23904491D35DA126490C5.e.26200"}]}
COMMAND: GET /session/f10bfffe94842169a26616823eaa69fd/element/f.B31591FEBD8AE49568014889031CF3F7.d.E75B4DED77C23904491D35DA126490C5.e.26200/enabled - {}
COMMAND: GET /session/f10bfffe94842169a26616823eaa69fd/screenshot - {}
RESULT: {}
COMMAND: POST /session/f10bfffe94842169a26616823eaa69fd/element/f.B31591FEBD8AE49568014889031CF3F7.d.E75B4DED77C23904491D35DA126490C5.e.26200/clear - {}
COMMAND: GET /session/f10bfffe94842169a26616823eaa69fd/screenshot - {}
RESULT: {}
RESULT: {}
COMMAND: POST /session/f10bfffe94842169a26616823eaa69fd/element/f.B31591FEBD8AE49568014889031CF3F7.d.E75B4DED77C23904491D35DA126490C5.e.26200/value - {"text":"10467"}
COMMAND: GET /session/f10bfffe94842169a26616823eaa69fd/screenshot - {}
RESULT: {}
RESULT: {"text":"10467"}
COMMAND: GET /session/f10bfffe94842169a26616823eaa69fd/screenshot - {}
RESULT: {}
RESULT: {}
COMMAND: POST /session/f10bfffe94842169a26616823eaa69fd/actions - {"actions":[{"id":"action93","type":"key","parameters":{},"actions":[{"type":"keyDown","value":""},{"type":"pause","duration":10},{"type":"keyUp","value":""}]}]}
RESULT: {"actions":[{"id":"action93","type":"key","parameters":{},"actions":[{"type":"keyDown","value":""},{"type":"pause","duration":10},{"type":"keyUp","value":""}]}]}
COMMAND: GET /session/f10bfffe94842169a26616823eaa69fd/screenshot - {}
RESULT: {}
COMMAND: POST /session/f10bfffe94842169a26616823eaa69fd/element - {"using":"xpath","value":"//span[contains(@id, \"masterListContractsSmartTable-header-inner\")]"}
RESULT: {"using":"xpath","value":"//span[contains(@id, \"masterListContractsSmartTable-header-inner\")]"}
COMMAND: POST /session/f10bfffe94842169a26616823eaa69fd/elements - {"using":"xpath","value":"//span[contains(@id, \"masterListContractsSmartTable-header-inner\")]"}
RESULT: {"using":"xpath","value":"//span[contains(@id, \"masterListContractsSmartTable-header-inner\")]"}
COMMAND: POST /session/f10bfffe94842169a26616823eaa69fd/execute/sync - {"script":"<script> [56 bytes]","args":[{"element-6066-11e4-a52e-4f735466cecf":"f.B31591FEBD8AE49568014889031CF3F7.d.E75B4DED77C23904491D35DA126490C5.e.26306","ELEMENT":"f.B31591FEBD8AE49568014889031CF3F7.d.E75B4DED77C23904491D35DA126490C5.e.26306"}]}
RESULT: {"script":"<script> [56 bytes]","args":[{"element-6066-11e4-a52e-4f735466cecf":"f.B31591FEBD8AE49568014889031CF3F7.d.E75B4DED77C23904491D35DA126490C5.e.26306","ELEMENT":"f.B31591FEBD8AE49568014889031CF3F7.d.E75B4DED77C23904491D35DA126490C5.e.26306"}]}
COMMAND: POST /session/f10bfffe94842169a26616823eaa69fd/element - {"using":"xpath","value":"(//span[contains(@id, \"imgNav\")])[1]"}
COMMAND: GET /session/f10bfffe94842169a26616823eaa69fd/screenshot - {}
RESULT: {"using":"xpath","value":"(//span[contains(@id, \"imgNav\")])[1]"}
COMMAND: POST /session/f10bfffe94842169a26616823eaa69fd/element/f.B31591FEBD8AE49568014889031CF3F7.d.E75B4DED77C23904491D35DA126490C5.e.26264/click - {}
RESULT: {}
RESULT: {}
COMMAND: GET /session/f10bfffe94842169a26616823eaa69fd/screenshot - {}
RESULT: {}
COMMAND: POST /session/f10bfffe94842169a26616823eaa69fd/element - {"using":"xpath","value":"//tr[@data-kt=\"productsColumnListItem\"]//td//span[contains(@id, \"imgNav\")][1]"}
RESULT: {"using":"xpath","value":"//tr[@data-kt=\"productsColumnListItem\"]//td//span[contains(@id, \"imgNav\")][1]"}
COMMAND: POST /session/f10bfffe94842169a26616823eaa69fd/element/f.B31591FEBD8AE49568014889031CF3F7.d.E75B4DED77C23904491D35DA126490C5.e.26471/click - {}
RESULT: {}
COMMAND: GET /session/f10bfffe94842169a26616823eaa69fd/screenshot - {}
RESULT: {}
COMMAND: POST /session/f10bfffe94842169a26616823eaa69fd/element - {"using":"xpath","value":"//section[contains(@id, \"application-managecontracts-display-component---BillingItem--ObjectPageLayout-OPHeaderContent\")]/div/div/div/div/div[2]/div/div[2]/span"}
RESULT: {"using":"xpath","value":"//section[contains(@id, \"application-managecontracts-display-component---BillingItem--ObjectPageLayout-OPHeaderContent\")]/div/div/div/div/div[2]/div/div[2]/span"}
COMMAND: POST /session/f10bfffe94842169a26616823eaa69fd/execute/sync - {"script":"<script> [56 bytes]","args":[{"element-6066-11e4-a52e-4f735466cecf":"f.B31591FEBD8AE49568014889031CF3F7.d.E75B4DED77C23904491D35DA126490C5.e.26609","ELEMENT":"f.B31591FEBD8AE49568014889031CF3F7.d.E75B4DED77C23904491D35DA126490C5.e.26609"}]}
RESULT: {"script":"<script> [56 bytes]","args":[{"element-6066-11e4-a52e-4f735466cecf":"f.B31591FEBD8AE49568014889031CF3F7.d.E75B4DED77C23904491D35DA126490C5.e.26609","ELEMENT":"f.B31591FEBD8AE49568014889031CF3F7.d.E75B4DED77C23904491D35DA126490C5.e.26609"}]}
COMMAND: POST /session/f10bfffe94842169a26616823eaa69fd/element - {"using":"xpath","value":"//table[contains(@id, \"application-managecontracts-display-component---BillingItem--billingList-listUl\")]//td//*[contains(text(), \"final billed\")]"}
COMMAND: GET /session/f10bfffe94842169a26616823eaa69fd/screenshot - {}
RESULT: {"using":"xpath","value":"//table[contains(@id, \"application-managecontracts-display-component---BillingItem--billingList-listUl\")]//td//*[contains(text(), \"final billed\")]"}
COMMAND: POST /session/f10bfffe94842169a26616823eaa69fd/execute/sync - {"script":"<script> [56 bytes]","args":[{"element-6066-11e4-a52e-4f735466cecf":"f.B31591FEBD8AE49568014889031CF3F7.d.E75B4DED77C23904491D35DA126490C5.e.26610","ELEMENT":"f.B31591FEBD8AE49568014889031CF3F7.d.E75B4DED77C23904491D35DA126490C5.e.26610"}]}
RESULT: {}
RESULT: {"script":"<script> [56 bytes]","args":[{"element-6066-11e4-a52e-4f735466cecf":"f.B31591FEBD8AE49568014889031CF3F7.d.E75B4DED77C23904491D35DA126490C5.e.26610","ELEMENT":"f.B31591FEBD8AE49568014889031CF3F7.d.E75B4DED77C23904491D35DA126490C5.e.26610"}]}
COMMAND: POST /session/f10bfffe94842169a26616823eaa69fd/element - {"using":"css selector","value":"#shell-header-logo"}
COMMAND: GET /session/f10bfffe94842169a26616823eaa69fd/screenshot - {}
RESULT: {"using":"css selector","value":"#shell-header-logo"}
COMMAND: POST /session/f10bfffe94842169a26616823eaa69fd/element/f.B31591FEBD8AE49568014889031CF3F7.d.E75B4DED77C23904491D35DA126490C5.e.26192/click - {}
RESULT: {}
RESULT: {}
COMMAND: GET /session/f10bfffe94842169a26616823eaa69fd/screenshot - {}
RESULT: {}
COMMAND: DELETE /session/f10bfffe94842169a26616823eaa69fd - {}
RESULT: {}
]]></system-out>
    </testcase>
  </testsuite>
</testsuites>