<?xml version="1.0" encoding="UTF-8"?>
<testsuites tests="80" failures="7" errors="7" skipped="0">
  <testsuite timestamp="2025-05-20T16:23:47" time="783.571" tests="8" failures="0" errors="0" skipped="0">
    <properties>
      <property name="specId" value="0" />
      <property name="suiteName" value="Stock increase - with WHM US125587" />
      <property name="capabilities" value="chrome.136_0_7103_93.windows" />
      <property name="file" value="file:///D:/a/1/s/test/specs/HTR/stock-increase.spec.js" />
    </properties>
    <testcase classname="chrome.136_0_7103_93.windows.Stock_increase_-_with_WHM_US125587" name="Should create a new WHM yard" time="124.17">
      <system-out><![CDATA[
COMMAND: POST /session/47a0cfcb1b688bc57e33978b59aaa3c6/window/fullscreen - {}
RESULT: {}
COMMAND: POST /session/47a0cfcb1b688bc57e33978b59aaa3c6/execute/async - {"script":"<script> [1562 bytes]","args":[{"selector":{"controlType":"sap.m.GenericTile","properties":{"header":"Manage Yards"}},"wdio_ui5_key":"sapm.GenericTile{\"header\":\"Manage Yards\"}"}]}
RESULT: {"script":"<script> [1562 bytes]","args":[{"selector":{"controlType":"sap.m.GenericTile","properties":{"header":"Manage Yards"}},"wdio_ui5_key":"sapm.GenericTile{\"header\":\"Manage Yards\"}"}]}
RESULT: undefined
COMMAND: POST /session/47a0cfcb1b688bc57e33978b59aaa3c6/element - {"using":"xpath","value":"//*[@id=\"__tile41\"]"}
RESULT: {"using":"xpath","value":"//*[@id=\"__tile41\"]"}
COMMAND: POST /session/47a0cfcb1b688bc57e33978b59aaa3c6/element/f.B7EBD3B9E1BF342B1CF0F76B0C9C80BF.d.EE835D1415EC8350131E87FC8B22738B.e.134/click - {}
RESULT: {}
COMMAND: GET /session/47a0cfcb1b688bc57e33978b59aaa3c6/screenshot - {}
RESULT: {}
COMMAND: POST /session/47a0cfcb1b688bc57e33978b59aaa3c6/elements - {"using":"xpath","value":"//span[text()='Error']"}
RESULT: {"using":"xpath","value":"//span[text()='Error']"}
COMMAND: POST /session/47a0cfcb1b688bc57e33978b59aaa3c6/element - {"using":"xpath","value":"//button[@data-kt=\"addNewYardOverflowToolbarButton\"]"}
RESULT: {"using":"xpath","value":"//button[@data-kt=\"addNewYardOverflowToolbarButton\"]"}
COMMAND: POST /session/47a0cfcb1b688bc57e33978b59aaa3c6/elements - {"using":"xpath","value":"//button[@data-kt=\"addNewYardOverflowToolbarButton\"]"}
RESULT: {"using":"xpath","value":"//button[@data-kt=\"addNewYardOverflowToolbarButton\"]"}
COMMAND: POST /session/47a0cfcb1b688bc57e33978b59aaa3c6/elements - {"using":"xpath","value":"//button[@data-kt=\"addNewYardOverflowToolbarButton\"]"}
RESULT: {"using":"xpath","value":"//button[@data-kt=\"addNewYardOverflowToolbarButton\"]"}
COMMAND: POST /session/47a0cfcb1b688bc57e33978b59aaa3c6/elements - {"using":"xpath","value":"//button[@data-kt=\"addNewYardOverflowToolbarButton\"]"}
RESULT: {"using":"xpath","value":"//button[@data-kt=\"addNewYardOverflowToolbarButton\"]"}
COMMAND: POST /session/47a0cfcb1b688bc57e33978b59aaa3c6/elements - {"using":"xpath","value":"//button[@data-kt=\"addNewYardOverflowToolbarButton\"]"}
RESULT: {"using":"xpath","value":"//button[@data-kt=\"addNewYardOverflowToolbarButton\"]"}
COMMAND: POST /session/47a0cfcb1b688bc57e33978b59aaa3c6/elements - {"using":"xpath","value":"//button[@data-kt=\"addNewYardOverflowToolbarButton\"]"}
RESULT: {"using":"xpath","value":"//button[@data-kt=\"addNewYardOverflowToolbarButton\"]"}
COMMAND: POST /session/47a0cfcb1b688bc57e33978b59aaa3c6/elements - {"using":"xpath","value":"//button[@data-kt=\"addNewYardOverflowToolbarButton\"]"}
RESULT: {"using":"xpath","value":"//button[@data-kt=\"addNewYardOverflowToolbarButton\"]"}
COMMAND: POST /session/47a0cfcb1b688bc57e33978b59aaa3c6/elements - {"using":"xpath","value":"//button[@data-kt=\"addNewYardOverflowToolbarButton\"]"}
RESULT: {"using":"xpath","value":"//button[@data-kt=\"addNewYardOverflowToolbarButton\"]"}
COMMAND: POST /session/47a0cfcb1b688bc57e33978b59aaa3c6/elements - {"using":"xpath","value":"//button[@data-kt=\"addNewYardOverflowToolbarButton\"]"}
RESULT: {"using":"xpath","value":"//button[@data-kt=\"addNewYardOverflowToolbarButton\"]"}
COMMAND: POST /session/47a0cfcb1b688bc57e33978b59aaa3c6/element - {"using":"xpath","value":"//button[@data-kt=\"addNewYardOverflowToolbarButton\"]"}
RESULT: {"using":"xpath","value":"//button[@data-kt=\"addNewYardOverflowToolbarButton\"]"}
COMMAND: POST /session/47a0cfcb1b688bc57e33978b59aaa3c6/execute/sync - {"script":"<script> [8489 bytes]","args":[{"element-6066-11e4-a52e-4f735466cecf":"f.B7EBD3B9E1BF342B1CF0F76B0C9C80BF.d.EE835D1415EC8350131E87FC8B22738B.e.279","ELEMENT":"f.B7EBD3B9E1BF342B1CF0F76B0C9C80BF.d.EE835D1415EC8350131E87FC8B22738B.e.279"}]}
RESULT: {"script":"<script> [8489 bytes]","args":[{"element-6066-11e4-a52e-4f735466cecf":"f.B7EBD3B9E1BF342B1CF0F76B0C9C80BF.d.EE835D1415EC8350131E87FC8B22738B.e.279","ELEMENT":"f.B7EBD3B9E1BF342B1CF0F76B0C9C80BF.d.EE835D1415EC8350131E87FC8B22738B.e.279"}]}
COMMAND: GET /session/47a0cfcb1b688bc57e33978b59aaa3c6/element/f.B7EBD3B9E1BF342B1CF0F76B0C9C80BF.d.EE835D1415EC8350131E87FC8B22738B.e.279/enabled - {}
COMMAND: GET /session/47a0cfcb1b688bc57e33978b59aaa3c6/screenshot - {}
RESULT: {}
COMMAND: POST /session/47a0cfcb1b688bc57e33978b59aaa3c6/execute/sync - {"script":"<script> [8489 bytes]","args":[{"element-6066-11e4-a52e-4f735466cecf":"f.B7EBD3B9E1BF342B1CF0F76B0C9C80BF.d.EE835D1415EC8350131E87FC8B22738B.e.279","ELEMENT":"f.B7EBD3B9E1BF342B1CF0F76B0C9C80BF.d.EE835D1415EC8350131E87FC8B22738B.e.279"}]}
COMMAND: GET /session/47a0cfcb1b688bc57e33978b59aaa3c6/screenshot - {}
RESULT: {}
RESULT: {"script":"<script> [8489 bytes]","args":[{"element-6066-11e4-a52e-4f735466cecf":"f.B7EBD3B9E1BF342B1CF0F76B0C9C80BF.d.EE835D1415EC8350131E87FC8B22738B.e.279","ELEMENT":"f.B7EBD3B9E1BF342B1CF0F76B0C9C80BF.d.EE835D1415EC8350131E87FC8B22738B.e.279"}]}
COMMAND: POST /session/47a0cfcb1b688bc57e33978b59aaa3c6/execute/sync - {"script":"<script> [5351 bytes]","args":[{"element-6066-11e4-a52e-4f735466cecf":"f.B7EBD3B9E1BF342B1CF0F76B0C9C80BF.d.EE835D1415EC8350131E87FC8B22738B.e.279","ELEMENT":"f.B7EBD3B9E1BF342B1CF0F76B0C9C80BF.d.EE835D1415EC8350131E87FC8B22738B.e.279"}]}
COMMAND: GET /session/47a0cfcb1b688bc57e33978b59aaa3c6/screenshot - {}
RESULT: {}
RESULT: {"script":"<script> [5351 bytes]","args":[{"element-6066-11e4-a52e-4f735466cecf":"f.B7EBD3B9E1BF342B1CF0F76B0C9C80BF.d.EE835D1415EC8350131E87FC8B22738B.e.279","ELEMENT":"f.B7EBD3B9E1BF342B1CF0F76B0C9C80BF.d.EE835D1415EC8350131E87FC8B22738B.e.279"}]}
COMMAND: POST /session/47a0cfcb1b688bc57e33978b59aaa3c6/element/f.B7EBD3B9E1BF342B1CF0F76B0C9C80BF.d.EE835D1415EC8350131E87FC8B22738B.e.279/click - {}
COMMAND: GET /session/47a0cfcb1b688bc57e33978b59aaa3c6/screenshot - {}
RESULT: {}
RESULT: {}
COMMAND: GET /session/47a0cfcb1b688bc57e33978b59aaa3c6/screenshot - {}
RESULT: {}
COMMAND: POST /session/47a0cfcb1b688bc57e33978b59aaa3c6/element - {"using":"xpath","value":"//input[@id=\"application-manageyards-display-component---NewYard--yardId-inner\"]"}
RESULT: {}
RESULT: {"using":"xpath","value":"//input[@id=\"application-manageyards-display-component---NewYard--yardId-inner\"]"}
COMMAND: POST /session/47a0cfcb1b688bc57e33978b59aaa3c6/element - {"using":"xpath","value":"//input[@id=\"application-manageyards-display-component---NewYard--yardId-inner\"]"}
RESULT: {"using":"xpath","value":"//input[@id=\"application-manageyards-display-component---NewYard--yardId-inner\"]"}
COMMAND: POST /session/47a0cfcb1b688bc57e33978b59aaa3c6/execute/async - {"script":"<script> [1562 bytes]","args":[{"selector":{"id":"application-manageyards-display-component---NewYard--addressDetailDetailsName1","interaction":{"idSuffix":"inner"}},"wdio_ui5_key":"applicationmanageyards-display-component---NewYard--addressDetailDetailsName1"}]}
RESULT: {"script":"<script> [1562 bytes]","args":[{"selector":{"id":"application-manageyards-display-component---NewYard--addressDetailDetailsName1","interaction":{"idSuffix":"inner"}},"wdio_ui5_key":"applicationmanageyards-display-component---NewYard--addressDetailDetailsName1"}]}
RESULT: undefined
COMMAND: POST /session/47a0cfcb1b688bc57e33978b59aaa3c6/execute/async - {"script":"<script> [776 bytes]","args":[{"enterText":"Warehouse Managed WDIO","selector":{"id":"application-manageyards-display-component---NewYard--addressDetailDetailsName1","interaction":{"idSuffix":"inner"}},"clearTextFirst":true,"interactionType":"ENTER_TEXT"}]}
RESULT: {"script":"<script> [776 bytes]","args":[{"enterText":"Warehouse Managed WDIO","selector":{"id":"application-manageyards-display-component---NewYard--addressDetailDetailsName1","interaction":{"idSuffix":"inner"}},"clearTextFirst":true,"interactionType":"ENTER_TEXT"}]}
COMMAND: POST /session/47a0cfcb1b688bc57e33978b59aaa3c6/execute/async - {"script":"<script> [1562 bytes]","args":[{"selector":{"id":"application-manageyards-display-component---NewYard--addressDetailDetailsLanguage-arrow"},"wdio_ui5_key":"applicationmanageyards-display-component---NewYard--addressDetailDetailsLanguage-arrow"}]}
RESULT: {"script":"<script> [1562 bytes]","args":[{"selector":{"id":"application-manageyards-display-component---NewYard--addressDetailDetailsLanguage-arrow"},"wdio_ui5_key":"applicationmanageyards-display-component---NewYard--addressDetailDetailsLanguage-arrow"}]}
RESULT: undefined
COMMAND: POST /session/47a0cfcb1b688bc57e33978b59aaa3c6/element - {"using":"xpath","value":"//*[@id=\"application-manageyards-display-component---NewYard--addressDetailDetailsLanguage-arrow\"]"}
RESULT: {"using":"xpath","value":"//*[@id=\"application-manageyards-display-component---NewYard--addressDetailDetailsLanguage-arrow\"]"}
COMMAND: POST /session/47a0cfcb1b688bc57e33978b59aaa3c6/element/f.B7EBD3B9E1BF342B1CF0F76B0C9C80BF.d.EE835D1415EC8350131E87FC8B22738B.e.705/click - {}
RESULT: {}
COMMAND: POST /session/47a0cfcb1b688bc57e33978b59aaa3c6/element - {"using":"xpath","value":"//span[contains(text(), \"English\")]"}
COMMAND: GET /session/47a0cfcb1b688bc57e33978b59aaa3c6/screenshot - {}
RESULT: {"using":"xpath","value":"//span[contains(text(), \"English\")]"}
COMMAND: POST /session/47a0cfcb1b688bc57e33978b59aaa3c6/element/f.B7EBD3B9E1BF342B1CF0F76B0C9C80BF.d.EE835D1415EC8350131E87FC8B22738B.e.706/click - {}
RESULT: {}
RESULT: {}
COMMAND: POST /session/47a0cfcb1b688bc57e33978b59aaa3c6/execute/async - {"script":"<script> [1562 bytes]","args":[{"selector":{"id":"application-manageyards-display-component---NewYard--addressDetailDetailsCity1","interaction":{"idSuffix":"inner"}},"wdio_ui5_key":"applicationmanageyards-display-component---NewYard--addressDetailDetailsCity1"}]}
COMMAND: GET /session/47a0cfcb1b688bc57e33978b59aaa3c6/screenshot - {}
RESULT: {"script":"<script> [1562 bytes]","args":[{"selector":{"id":"application-manageyards-display-component---NewYard--addressDetailDetailsCity1","interaction":{"idSuffix":"inner"}},"wdio_ui5_key":"applicationmanageyards-display-component---NewYard--addressDetailDetailsCity1"}]}
RESULT: undefined
COMMAND: POST /session/47a0cfcb1b688bc57e33978b59aaa3c6/execute/async - {"script":"<script> [776 bytes]","args":[{"enterText":"Rosario","selector":{"id":"application-manageyards-display-component---NewYard--addressDetailDetailsCity1","interaction":{"idSuffix":"inner"}},"clearTextFirst":true,"interactionType":"ENTER_TEXT"}]}
RESULT: {}
RESULT: {"script":"<script> [776 bytes]","args":[{"enterText":"Rosario","selector":{"id":"application-manageyards-display-component---NewYard--addressDetailDetailsCity1","interaction":{"idSuffix":"inner"}},"clearTextFirst":true,"interactionType":"ENTER_TEXT"}]}
COMMAND: POST /session/47a0cfcb1b688bc57e33978b59aaa3c6/execute/async - {"script":"<script> [1562 bytes]","args":[{"selector":{"id":"application-manageyards-display-component---NewYard--addressDetailDetailsCountry-arrow"},"wdio_ui5_key":"applicationmanageyards-display-component---NewYard--addressDetailDetailsCountry-arrow"}]}
RESULT: {"script":"<script> [1562 bytes]","args":[{"selector":{"id":"application-manageyards-display-component---NewYard--addressDetailDetailsCountry-arrow"},"wdio_ui5_key":"applicationmanageyards-display-component---NewYard--addressDetailDetailsCountry-arrow"}]}
RESULT: undefined
COMMAND: POST /session/47a0cfcb1b688bc57e33978b59aaa3c6/element - {"using":"xpath","value":"//*[@id=\"application-manageyards-display-component---NewYard--addressDetailDetailsCountry-arrow\"]"}
RESULT: {"using":"xpath","value":"//*[@id=\"application-manageyards-display-component---NewYard--addressDetailDetailsCountry-arrow\"]"}
COMMAND: POST /session/47a0cfcb1b688bc57e33978b59aaa3c6/element/f.B7EBD3B9E1BF342B1CF0F76B0C9C80BF.d.EE835D1415EC8350131E87FC8B22738B.e.708/click - {}
RESULT: {}
COMMAND: POST /session/47a0cfcb1b688bc57e33978b59aaa3c6/element - {"using":"xpath","value":"//span[contains(text(), \"Argentina\")]"}
COMMAND: GET /session/47a0cfcb1b688bc57e33978b59aaa3c6/screenshot - {}
RESULT: {"using":"xpath","value":"//span[contains(text(), \"Argentina\")]"}
COMMAND: POST /session/47a0cfcb1b688bc57e33978b59aaa3c6/element/f.B7EBD3B9E1BF342B1CF0F76B0C9C80BF.d.EE835D1415EC8350131E87FC8B22738B.e.710/click - {}
RESULT: {}
RESULT: {}
COMMAND: POST /session/47a0cfcb1b688bc57e33978b59aaa3c6/execute/async - {"script":"<script> [1562 bytes]","args":[{"selector":{"id":"application-manageyards-display-component---NewYard--addressEditDetailsCostObjectCstType-arrow"},"wdio_ui5_key":"applicationmanageyards-display-component---NewYard--addressEditDetailsCostObjectCstType-arrow"}]}
COMMAND: GET /session/47a0cfcb1b688bc57e33978b59aaa3c6/screenshot - {}
RESULT: {"script":"<script> [1562 bytes]","args":[{"selector":{"id":"application-manageyards-display-component---NewYard--addressEditDetailsCostObjectCstType-arrow"},"wdio_ui5_key":"applicationmanageyards-display-component---NewYard--addressEditDetailsCostObjectCstType-arrow"}]}
RESULT: undefined
COMMAND: POST /session/47a0cfcb1b688bc57e33978b59aaa3c6/element - {"using":"xpath","value":"//*[@id=\"application-manageyards-display-component---NewYard--addressEditDetailsCostObjectCstType-arrow\"]"}
RESULT: {}
RESULT: {"using":"xpath","value":"//*[@id=\"application-manageyards-display-component---NewYard--addressEditDetailsCostObjectCstType-arrow\"]"}
COMMAND: POST /session/47a0cfcb1b688bc57e33978b59aaa3c6/element/f.B7EBD3B9E1BF342B1CF0F76B0C9C80BF.d.EE835D1415EC8350131E87FC8B22738B.e.711/click - {}
RESULT: {}
COMMAND: POST /session/47a0cfcb1b688bc57e33978b59aaa3c6/element - {"using":"xpath","value":"//span[contains(text(), \"Cost Center\")]"}
COMMAND: GET /session/47a0cfcb1b688bc57e33978b59aaa3c6/screenshot - {}
RESULT: {"using":"xpath","value":"//span[contains(text(), \"Cost Center\")]"}
COMMAND: POST /session/47a0cfcb1b688bc57e33978b59aaa3c6/element/f.B7EBD3B9E1BF342B1CF0F76B0C9C80BF.d.EE835D1415EC8350131E87FC8B22738B.e.712/click - {}
RESULT: {}
RESULT: {}
COMMAND: GET /session/47a0cfcb1b688bc57e33978b59aaa3c6/screenshot - {}
RESULT: {}
COMMAND: POST /session/47a0cfcb1b688bc57e33978b59aaa3c6/element - {"using":"xpath","value":"//span[@id=\"application-manageyards-display-component---NewYard--addressNewCostObjectCstID-vhi\"]"}
RESULT: {"using":"xpath","value":"//span[@id=\"application-manageyards-display-component---NewYard--addressNewCostObjectCstID-vhi\"]"}
COMMAND: POST /session/47a0cfcb1b688bc57e33978b59aaa3c6/execute/sync - {"script":"<script> [8489 bytes]","args":[{"element-6066-11e4-a52e-4f735466cecf":"f.B7EBD3B9E1BF342B1CF0F76B0C9C80BF.d.EE835D1415EC8350131E87FC8B22738B.e.716","ELEMENT":"f.B7EBD3B9E1BF342B1CF0F76B0C9C80BF.d.EE835D1415EC8350131E87FC8B22738B.e.716"}]}
RESULT: {"script":"<script> [8489 bytes]","args":[{"element-6066-11e4-a52e-4f735466cecf":"f.B7EBD3B9E1BF342B1CF0F76B0C9C80BF.d.EE835D1415EC8350131E87FC8B22738B.e.716","ELEMENT":"f.B7EBD3B9E1BF342B1CF0F76B0C9C80BF.d.EE835D1415EC8350131E87FC8B22738B.e.716"}]}
COMMAND: POST /session/47a0cfcb1b688bc57e33978b59aaa3c6/execute/async - {"script":"<script> [1562 bytes]","args":[{"selector":{"id":"application-manageyards-display-component---NewYard--addressNewCostObjectCstID-vhi"},"wdio_ui5_key":"applicationmanageyards-display-component---NewYard--addressNewCostObjectCstID-vhi"}]}
COMMAND: GET /session/47a0cfcb1b688bc57e33978b59aaa3c6/screenshot - {}
RESULT: {"script":"<script> [1562 bytes]","args":[{"selector":{"id":"application-manageyards-display-component---NewYard--addressNewCostObjectCstID-vhi"},"wdio_ui5_key":"applicationmanageyards-display-component---NewYard--addressNewCostObjectCstID-vhi"}]}
RESULT: undefined
COMMAND: POST /session/47a0cfcb1b688bc57e33978b59aaa3c6/element - {"using":"xpath","value":"//*[@id=\"application-manageyards-display-component---NewYard--addressNewCostObjectCstID-vhi\"]"}
RESULT: {}
RESULT: {"using":"xpath","value":"//*[@id=\"application-manageyards-display-component---NewYard--addressNewCostObjectCstID-vhi\"]"}
COMMAND: POST /session/47a0cfcb1b688bc57e33978b59aaa3c6/element/f.B7EBD3B9E1BF342B1CF0F76B0C9C80BF.d.EE835D1415EC8350131E87FC8B22738B.e.716/click - {}
RESULT: {}
COMMAND: GET /session/47a0cfcb1b688bc57e33978b59aaa3c6/screenshot - {}
RESULT: {}
COMMAND: POST /session/47a0cfcb1b688bc57e33978b59aaa3c6/execute/async - {"script":"<script> [1562 bytes]","args":[{"selector":{"controlType":"sap.m.SearchField","properties":{"placeholder":"Search"},"searchOpenDialogs":true,"interaction":{"idSuffix":"I"}},"wdio_ui5_key":"sapm.SearchField{\"placeholder\":\"Search\"}"}]}
RESULT: {"script":"<script> [1562 bytes]","args":[{"selector":{"controlType":"sap.m.SearchField","properties":{"placeholder":"Search"},"searchOpenDialogs":true,"interaction":{"idSuffix":"I"}},"wdio_ui5_key":"sapm.SearchField{\"placeholder\":\"Search\"}"}]}
RESULT: undefined
COMMAND: POST /session/47a0cfcb1b688bc57e33978b59aaa3c6/execute/async - {"script":"<script> [776 bytes]","args":[{"enterText":"bauh_b","selector":{"controlType":"sap.m.SearchField","properties":{"placeholder":"Search"},"searchOpenDialogs":true,"interaction":{"idSuffix":"I"}},"clearTextFirst":true,"interactionType":"ENTER_TEXT"}]}
RESULT: {"script":"<script> [776 bytes]","args":[{"enterText":"bauh_b","selector":{"controlType":"sap.m.SearchField","properties":{"placeholder":"Search"},"searchOpenDialogs":true,"interaction":{"idSuffix":"I"}},"clearTextFirst":true,"interactionType":"ENTER_TEXT"}]}
COMMAND: POST /session/47a0cfcb1b688bc57e33978b59aaa3c6/actions - {"actions":[{"id":"action1","type":"key","parameters":{},"actions":[{"type":"keyDown","value":"î€‡"},{"type":"pause","duration":10},{"type":"keyUp","value":"î€‡"}]}]}
RESULT: {"actions":[{"id":"action1","type":"key","parameters":{},"actions":[{"type":"keyDown","value":"î€‡"},{"type":"pause","duration":10},{"type":"keyUp","value":"î€‡"}]}]}
COMMAND: GET /session/47a0cfcb1b688bc57e33978b59aaa3c6/screenshot - {}
RESULT: {}
COMMAND: POST /session/47a0cfcb1b688bc57e33978b59aaa3c6/element - {"using":"xpath","value":"//span[contains(text(), \"Demo Yard\")]"}
RESULT: {"using":"xpath","value":"//span[contains(text(), \"Demo Yard\")]"}
COMMAND: POST /session/47a0cfcb1b688bc57e33978b59aaa3c6/element/f.B7EBD3B9E1BF342B1CF0F76B0C9C80BF.d.EE835D1415EC8350131E87FC8B22738B.e.757/click - {}
RESULT: {}
COMMAND: GET /session/47a0cfcb1b688bc57e33978b59aaa3c6/screenshot - {}
RESULT: {}
COMMAND: POST /session/47a0cfcb1b688bc57e33978b59aaa3c6/element - {"using":"xpath","value":"//bdi[contains(text(), \"OK\")]"}
RESULT: {"using":"xpath","value":"//bdi[contains(text(), \"OK\")]"}
COMMAND: POST /session/47a0cfcb1b688bc57e33978b59aaa3c6/element/f.B7EBD3B9E1BF342B1CF0F76B0C9C80BF.d.EE835D1415EC8350131E87FC8B22738B.e.758/click - {}
RESULT: {}
COMMAND: GET /session/47a0cfcb1b688bc57e33978b59aaa3c6/screenshot - {}
RESULT: {}
COMMAND: POST /session/47a0cfcb1b688bc57e33978b59aaa3c6/execute/async - {"script":"<script> [1562 bytes]","args":[{"selector":{"id":"application-manageyards-display-component---NewYard--addressEditDetailsCurrency-arrow"},"wdio_ui5_key":"applicationmanageyards-display-component---NewYard--addressEditDetailsCurrency-arrow"}]}
RESULT: {"script":"<script> [1562 bytes]","args":[{"selector":{"id":"application-manageyards-display-component---NewYard--addressEditDetailsCurrency-arrow"},"wdio_ui5_key":"applicationmanageyards-display-component---NewYard--addressEditDetailsCurrency-arrow"}]}
RESULT: undefined
COMMAND: POST /session/47a0cfcb1b688bc57e33978b59aaa3c6/element - {"using":"xpath","value":"//*[@id=\"application-manageyards-display-component---NewYard--addressEditDetailsCurrency-arrow\"]"}
RESULT: {"using":"xpath","value":"//*[@id=\"application-manageyards-display-component---NewYard--addressEditDetailsCurrency-arrow\"]"}
COMMAND: POST /session/47a0cfcb1b688bc57e33978b59aaa3c6/element/f.B7EBD3B9E1BF342B1CF0F76B0C9C80BF.d.EE835D1415EC8350131E87FC8B22738B.e.761/click - {}
RESULT: {}
COMMAND: POST /session/47a0cfcb1b688bc57e33978b59aaa3c6/element - {"using":"xpath","value":"//span[contains(text(), \"Euro\")]"}
COMMAND: GET /session/47a0cfcb1b688bc57e33978b59aaa3c6/screenshot - {}
RESULT: {"using":"xpath","value":"//span[contains(text(), \"Euro\")]"}
COMMAND: POST /session/47a0cfcb1b688bc57e33978b59aaa3c6/element/f.B7EBD3B9E1BF342B1CF0F76B0C9C80BF.d.EE835D1415EC8350131E87FC8B22738B.e.762/click - {}
RESULT: {}
RESULT: {}
COMMAND: POST /session/47a0cfcb1b688bc57e33978b59aaa3c6/execute/async - {"script":"<script> [1562 bytes]","args":[{"selector":{"controlType":"sap.m.Input","viewName":"etm.portal.ui.manageyards.view.New","viewId":"application-manageyards-display-component---NewYard","bindingPath":{"path":"","propertyPath":"/CONTROLLING_AREA","modelName":"NewYardModel"},"interaction":{"idSuffix":"inner"}},"wdio_ui5_key":"etmportal.ui.manageyards.view.Newsap.m.Input{\"path\":\"\",\"propertyPath\":\"/CONTROLLING_AREA\",\"modelName\":\"NewYardModel\"}"}]}
COMMAND: GET /session/47a0cfcb1b688bc57e33978b59aaa3c6/screenshot - {}
RESULT: {"script":"<script> [1562 bytes]","args":[{"selector":{"controlType":"sap.m.Input","viewName":"etm.portal.ui.manageyards.view.New","viewId":"application-manageyards-display-component---NewYard","bindingPath":{"path":"","propertyPath":"/CONTROLLING_AREA","modelName":"NewYardModel"},"interaction":{"idSuffix":"inner"}},"wdio_ui5_key":"etmportal.ui.manageyards.view.Newsap.m.Input{\"path\":\"\",\"propertyPath\":\"/CONTROLLING_AREA\",\"modelName\":\"NewYardModel\"}"}]}
RESULT: undefined
COMMAND: POST /session/47a0cfcb1b688bc57e33978b59aaa3c6/execute/async - {"script":"<script> [776 bytes]","args":[{"enterText":"Z001","selector":{"controlType":"sap.m.Input","viewName":"etm.portal.ui.manageyards.view.New","viewId":"application-manageyards-display-component---NewYard","bindingPath":{"path":"","propertyPath":"/CONTROLLING_AREA","modelName":"NewYardModel"},"interaction":{"idSuffix":"inner"}},"clearTextFirst":true,"interactionType":"ENTER_TEXT"}]}
RESULT: {}
RESULT: {"script":"<script> [776 bytes]","args":[{"enterText":"Z001","selector":{"controlType":"sap.m.Input","viewName":"etm.portal.ui.manageyards.view.New","viewId":"application-manageyards-display-component---NewYard","bindingPath":{"path":"","propertyPath":"/CONTROLLING_AREA","modelName":"NewYardModel"},"interaction":{"idSuffix":"inner"}},"clearTextFirst":true,"interactionType":"ENTER_TEXT"}]}
COMMAND: POST /session/47a0cfcb1b688bc57e33978b59aaa3c6/execute/async - {"script":"<script> [1562 bytes]","args":[{"selector":{"id":"application-manageyards-display-component---NewYard--companyCodeComboBox","interaction":{"idSuffix":"inner"}},"wdio_ui5_key":"applicationmanageyards-display-component---NewYard--companyCodeComboBox"}]}
RESULT: {"script":"<script> [1562 bytes]","args":[{"selector":{"id":"application-manageyards-display-component---NewYard--companyCodeComboBox","interaction":{"idSuffix":"inner"}},"wdio_ui5_key":"applicationmanageyards-display-component---NewYard--companyCodeComboBox"}]}
RESULT: undefined
COMMAND: POST /session/47a0cfcb1b688bc57e33978b59aaa3c6/execute/async - {"script":"<script> [776 bytes]","args":[{"enterText":"1000","selector":{"id":"application-manageyards-display-component---NewYard--companyCodeComboBox","interaction":{"idSuffix":"inner"}},"clearTextFirst":true,"interactionType":"ENTER_TEXT"}]}
RESULT: {"script":"<script> [776 bytes]","args":[{"enterText":"1000","selector":{"id":"application-manageyards-display-component---NewYard--companyCodeComboBox","interaction":{"idSuffix":"inner"}},"clearTextFirst":true,"interactionType":"ENTER_TEXT"}]}
COMMAND: POST /session/47a0cfcb1b688bc57e33978b59aaa3c6/execute/async - {"script":"<script> [1562 bytes]","args":[{"selector":{"controlType":"sap.m.Input","viewName":"etm.portal.ui.manageyards.view.New","viewId":"application-manageyards-display-component---NewYard","bindingPath":{"path":"","propertyPath":"/PLANT","modelName":"NewYardModel"},"interaction":{"idSuffix":"inner"}},"wdio_ui5_key":"etmportal.ui.manageyards.view.Newsap.m.Input{\"path\":\"\",\"propertyPath\":\"/PLANT\",\"modelName\":\"NewYardModel\"}"}]}
RESULT: {"script":"<script> [1562 bytes]","args":[{"selector":{"controlType":"sap.m.Input","viewName":"etm.portal.ui.manageyards.view.New","viewId":"application-manageyards-display-component---NewYard","bindingPath":{"path":"","propertyPath":"/PLANT","modelName":"NewYardModel"},"interaction":{"idSuffix":"inner"}},"wdio_ui5_key":"etmportal.ui.manageyards.view.Newsap.m.Input{\"path\":\"\",\"propertyPath\":\"/PLANT\",\"modelName\":\"NewYardModel\"}"}]}
RESULT: undefined
COMMAND: POST /session/47a0cfcb1b688bc57e33978b59aaa3c6/execute/async - {"script":"<script> [776 bytes]","args":[{"enterText":"1001","selector":{"controlType":"sap.m.Input","viewName":"etm.portal.ui.manageyards.view.New","viewId":"application-manageyards-display-component---NewYard","bindingPath":{"path":"","propertyPath":"/PLANT","modelName":"NewYardModel"},"interaction":{"idSuffix":"inner"}},"clearTextFirst":true,"interactionType":"ENTER_TEXT"}]}
RESULT: {"script":"<script> [776 bytes]","args":[{"enterText":"1001","selector":{"controlType":"sap.m.Input","viewName":"etm.portal.ui.manageyards.view.New","viewId":"application-manageyards-display-component---NewYard","bindingPath":{"path":"","propertyPath":"/PLANT","modelName":"NewYardModel"},"interaction":{"idSuffix":"inner"}},"clearTextFirst":true,"interactionType":"ENTER_TEXT"}]}
COMMAND: POST /session/47a0cfcb1b688bc57e33978b59aaa3c6/execute/async - {"script":"<script> [1562 bytes]","args":[{"selector":{"controlType":"sap.m.Input","viewName":"etm.portal.ui.manageyards.view.New","viewId":"application-manageyards-display-component---NewYard","bindingPath":{"path":"","propertyPath":"/SALES_AREA_VKORG","modelName":"NewYardModel"},"interaction":{"idSuffix":"inner"}},"wdio_ui5_key":"etmportal.ui.manageyards.view.Newsap.m.Input{\"path\":\"\",\"propertyPath\":\"/SALES_AREA_VKORG\",\"modelName\":\"NewYardModel\"}"}]}
RESULT: {"script":"<script> [1562 bytes]","args":[{"selector":{"controlType":"sap.m.Input","viewName":"etm.portal.ui.manageyards.view.New","viewId":"application-manageyards-display-component---NewYard","bindingPath":{"path":"","propertyPath":"/SALES_AREA_VKORG","modelName":"NewYardModel"},"interaction":{"idSuffix":"inner"}},"wdio_ui5_key":"etmportal.ui.manageyards.view.Newsap.m.Input{\"path\":\"\",\"propertyPath\":\"/SALES_AREA_VKORG\",\"modelName\":\"NewYardModel\"}"}]}
RESULT: undefined
COMMAND: POST /session/47a0cfcb1b688bc57e33978b59aaa3c6/execute/async - {"script":"<script> [776 bytes]","args":[{"enterText":"C002","selector":{"controlType":"sap.m.Input","viewName":"etm.portal.ui.manageyards.view.New","viewId":"application-manageyards-display-component---NewYard","bindingPath":{"path":"","propertyPath":"/SALES_AREA_VKORG","modelName":"NewYardModel"},"interaction":{"idSuffix":"inner"}},"clearTextFirst":true,"interactionType":"ENTER_TEXT"}]}
RESULT: {"script":"<script> [776 bytes]","args":[{"enterText":"C002","selector":{"controlType":"sap.m.Input","viewName":"etm.portal.ui.manageyards.view.New","viewId":"application-manageyards-display-component---NewYard","bindingPath":{"path":"","propertyPath":"/SALES_AREA_VKORG","modelName":"NewYardModel"},"interaction":{"idSuffix":"inner"}},"clearTextFirst":true,"interactionType":"ENTER_TEXT"}]}
COMMAND: POST /session/47a0cfcb1b688bc57e33978b59aaa3c6/execute/async - {"script":"<script> [1562 bytes]","args":[{"selector":{"controlType":"sap.m.Input","viewName":"etm.portal.ui.manageyards.view.New","viewId":"application-manageyards-display-component---NewYard","bindingPath":{"path":"","propertyPath":"/SALES_AREA_VTWEG","modelName":"NewYardModel"},"interaction":{"idSuffix":"inner"}},"wdio_ui5_key":"etmportal.ui.manageyards.view.Newsap.m.Input{\"path\":\"\",\"propertyPath\":\"/SALES_AREA_VTWEG\",\"modelName\":\"NewYardModel\"}"}]}
RESULT: {"script":"<script> [1562 bytes]","args":[{"selector":{"controlType":"sap.m.Input","viewName":"etm.portal.ui.manageyards.view.New","viewId":"application-manageyards-display-component---NewYard","bindingPath":{"path":"","propertyPath":"/SALES_AREA_VTWEG","modelName":"NewYardModel"},"interaction":{"idSuffix":"inner"}},"wdio_ui5_key":"etmportal.ui.manageyards.view.Newsap.m.Input{\"path\":\"\",\"propertyPath\":\"/SALES_AREA_VTWEG\",\"modelName\":\"NewYardModel\"}"}]}
RESULT: undefined
COMMAND: POST /session/47a0cfcb1b688bc57e33978b59aaa3c6/execute/async - {"script":"<script> [776 bytes]","args":[{"enterText":"C2","selector":{"controlType":"sap.m.Input","viewName":"etm.portal.ui.manageyards.view.New","viewId":"application-manageyards-display-component---NewYard","bindingPath":{"path":"","propertyPath":"/SALES_AREA_VTWEG","modelName":"NewYardModel"},"interaction":{"idSuffix":"inner"}},"clearTextFirst":true,"interactionType":"ENTER_TEXT"}]}
RESULT: {"script":"<script> [776 bytes]","args":[{"enterText":"C2","selector":{"controlType":"sap.m.Input","viewName":"etm.portal.ui.manageyards.view.New","viewId":"application-manageyards-display-component---NewYard","bindingPath":{"path":"","propertyPath":"/SALES_AREA_VTWEG","modelName":"NewYardModel"},"interaction":{"idSuffix":"inner"}},"clearTextFirst":true,"interactionType":"ENTER_TEXT"}]}
COMMAND: POST /session/47a0cfcb1b688bc57e33978b59aaa3c6/execute/async - {"script":"<script> [1562 bytes]","args":[{"selector":{"controlType":"sap.m.Input","viewName":"etm.portal.ui.manageyards.view.New","viewId":"application-manageyards-display-component---NewYard","bindingPath":{"path":"","propertyPath":"/SALES_AREA_SPART","modelName":"NewYardModel"},"interaction":{"idSuffix":"inner"}},"wdio_ui5_key":"etmportal.ui.manageyards.view.Newsap.m.Input{\"path\":\"\",\"propertyPath\":\"/SALES_AREA_SPART\",\"modelName\":\"NewYardModel\"}"}]}
RESULT: {"script":"<script> [1562 bytes]","args":[{"selector":{"controlType":"sap.m.Input","viewName":"etm.portal.ui.manageyards.view.New","viewId":"application-manageyards-display-component---NewYard","bindingPath":{"path":"","propertyPath":"/SALES_AREA_SPART","modelName":"NewYardModel"},"interaction":{"idSuffix":"inner"}},"wdio_ui5_key":"etmportal.ui.manageyards.view.Newsap.m.Input{\"path\":\"\",\"propertyPath\":\"/SALES_AREA_SPART\",\"modelName\":\"NewYardModel\"}"}]}
RESULT: undefined
COMMAND: POST /session/47a0cfcb1b688bc57e33978b59aaa3c6/execute/async - {"script":"<script> [776 bytes]","args":[{"enterText":"C2","selector":{"controlType":"sap.m.Input","viewName":"etm.portal.ui.manageyards.view.New","viewId":"application-manageyards-display-component---NewYard","bindingPath":{"path":"","propertyPath":"/SALES_AREA_SPART","modelName":"NewYardModel"},"interaction":{"idSuffix":"inner"}},"clearTextFirst":true,"interactionType":"ENTER_TEXT"}]}
RESULT: {"script":"<script> [776 bytes]","args":[{"enterText":"C2","selector":{"controlType":"sap.m.Input","viewName":"etm.portal.ui.manageyards.view.New","viewId":"application-manageyards-display-component---NewYard","bindingPath":{"path":"","propertyPath":"/SALES_AREA_SPART","modelName":"NewYardModel"},"interaction":{"idSuffix":"inner"}},"clearTextFirst":true,"interactionType":"ENTER_TEXT"}]}
COMMAND: POST /session/47a0cfcb1b688bc57e33978b59aaa3c6/execute/async - {"script":"<script> [1562 bytes]","args":[{"selector":{"controlType":"sap.m.Input","viewName":"etm.portal.ui.manageyards.view.New","viewId":"application-manageyards-display-component---NewYard","bindingPath":{"path":"","propertyPath":"/SHIP_POINT","modelName":"NewYardModel"},"interaction":{"idSuffix":"inner"}},"wdio_ui5_key":"etmportal.ui.manageyards.view.Newsap.m.Input{\"path\":\"\",\"propertyPath\":\"/SHIP_POINT\",\"modelName\":\"NewYardModel\"}"}]}
RESULT: {"script":"<script> [1562 bytes]","args":[{"selector":{"controlType":"sap.m.Input","viewName":"etm.portal.ui.manageyards.view.New","viewId":"application-manageyards-display-component---NewYard","bindingPath":{"path":"","propertyPath":"/SHIP_POINT","modelName":"NewYardModel"},"interaction":{"idSuffix":"inner"}},"wdio_ui5_key":"etmportal.ui.manageyards.view.Newsap.m.Input{\"path\":\"\",\"propertyPath\":\"/SHIP_POINT\",\"modelName\":\"NewYardModel\"}"}]}
RESULT: undefined
COMMAND: POST /session/47a0cfcb1b688bc57e33978b59aaa3c6/execute/async - {"script":"<script> [776 bytes]","args":[{"enterText":"1710","selector":{"controlType":"sap.m.Input","viewName":"etm.portal.ui.manageyards.view.New","viewId":"application-manageyards-display-component---NewYard","bindingPath":{"path":"","propertyPath":"/SHIP_POINT","modelName":"NewYardModel"},"interaction":{"idSuffix":"inner"}},"clearTextFirst":true,"interactionType":"ENTER_TEXT"}]}
RESULT: {"script":"<script> [776 bytes]","args":[{"enterText":"1710","selector":{"controlType":"sap.m.Input","viewName":"etm.portal.ui.manageyards.view.New","viewId":"application-manageyards-display-component---NewYard","bindingPath":{"path":"","propertyPath":"/SHIP_POINT","modelName":"NewYardModel"},"interaction":{"idSuffix":"inner"}},"clearTextFirst":true,"interactionType":"ENTER_TEXT"}]}
COMMAND: POST /session/47a0cfcb1b688bc57e33978b59aaa3c6/execute/async - {"script":"<script> [1562 bytes]","args":[{"selector":{"controlType":"sap.m.Input","viewName":"etm.portal.ui.manageyards.view.New","viewId":"application-manageyards-display-component---NewYard","bindingPath":{"path":"","propertyPath":"/DELIVERY_TYPE","modelName":"NewYardModel"},"interaction":{"idSuffix":"inner"}},"wdio_ui5_key":"etmportal.ui.manageyards.view.Newsap.m.Input{\"path\":\"\",\"propertyPath\":\"/DELIVERY_TYPE\",\"modelName\":\"NewYardModel\"}"}]}
RESULT: {"script":"<script> [1562 bytes]","args":[{"selector":{"controlType":"sap.m.Input","viewName":"etm.portal.ui.manageyards.view.New","viewId":"application-manageyards-display-component---NewYard","bindingPath":{"path":"","propertyPath":"/DELIVERY_TYPE","modelName":"NewYardModel"},"interaction":{"idSuffix":"inner"}},"wdio_ui5_key":"etmportal.ui.manageyards.view.Newsap.m.Input{\"path\":\"\",\"propertyPath\":\"/DELIVERY_TYPE\",\"modelName\":\"NewYardModel\"}"}]}
RESULT: undefined
COMMAND: POST /session/47a0cfcb1b688bc57e33978b59aaa3c6/execute/async - {"script":"<script> [776 bytes]","args":[{"enterText":"ZL01","selector":{"controlType":"sap.m.Input","viewName":"etm.portal.ui.manageyards.view.New","viewId":"application-manageyards-display-component---NewYard","bindingPath":{"path":"","propertyPath":"/DELIVERY_TYPE","modelName":"NewYardModel"},"interaction":{"idSuffix":"inner"}},"clearTextFirst":true,"interactionType":"ENTER_TEXT"}]}
RESULT: {"script":"<script> [776 bytes]","args":[{"enterText":"ZL01","selector":{"controlType":"sap.m.Input","viewName":"etm.portal.ui.manageyards.view.New","viewId":"application-manageyards-display-component---NewYard","bindingPath":{"path":"","propertyPath":"/DELIVERY_TYPE","modelName":"NewYardModel"},"interaction":{"idSuffix":"inner"}},"clearTextFirst":true,"interactionType":"ENTER_TEXT"}]}
COMMAND: POST /session/47a0cfcb1b688bc57e33978b59aaa3c6/execute/async - {"script":"<script> [1562 bytes]","args":[{"selector":{"controlType":"sap.m.Input","viewName":"etm.portal.ui.manageyards.view.New","viewId":"application-manageyards-display-component---NewYard","bindingPath":{"path":"","propertyPath":"/AUART","modelName":"NewYardModel"},"interaction":{"idSuffix":"inner"}},"wdio_ui5_key":"etmportal.ui.manageyards.view.Newsap.m.Input{\"path\":\"\",\"propertyPath\":\"/AUART\",\"modelName\":\"NewYardModel\"}"}]}
RESULT: {"script":"<script> [1562 bytes]","args":[{"selector":{"controlType":"sap.m.Input","viewName":"etm.portal.ui.manageyards.view.New","viewId":"application-manageyards-display-component---NewYard","bindingPath":{"path":"","propertyPath":"/AUART","modelName":"NewYardModel"},"interaction":{"idSuffix":"inner"}},"wdio_ui5_key":"etmportal.ui.manageyards.view.Newsap.m.Input{\"path\":\"\",\"propertyPath\":\"/AUART\",\"modelName\":\"NewYardModel\"}"}]}
RESULT: undefined
COMMAND: POST /session/47a0cfcb1b688bc57e33978b59aaa3c6/execute/async - {"script":"<script> [776 bytes]","args":[{"enterText":"TA","selector":{"controlType":"sap.m.Input","viewName":"etm.portal.ui.manageyards.view.New","viewId":"application-manageyards-display-component---NewYard","bindingPath":{"path":"","propertyPath":"/AUART","modelName":"NewYardModel"},"interaction":{"idSuffix":"inner"}},"clearTextFirst":true,"interactionType":"ENTER_TEXT"}]}
RESULT: {"script":"<script> [776 bytes]","args":[{"enterText":"TA","selector":{"controlType":"sap.m.Input","viewName":"etm.portal.ui.manageyards.view.New","viewId":"application-manageyards-display-component---NewYard","bindingPath":{"path":"","propertyPath":"/AUART","modelName":"NewYardModel"},"interaction":{"idSuffix":"inner"}},"clearTextFirst":true,"interactionType":"ENTER_TEXT"}]}
COMMAND: POST /session/47a0cfcb1b688bc57e33978b59aaa3c6/execute/async - {"script":"<script> [1562 bytes]","args":[{"selector":{"id":"application-manageyards-display-component---NewYard--whmCheckBox","interaction":{"idSuffix":"CbBg"}},"wdio_ui5_key":"applicationmanageyards-display-component---NewYard--whmCheckBox"}]}
RESULT: {"script":"<script> [1562 bytes]","args":[{"selector":{"id":"application-manageyards-display-component---NewYard--whmCheckBox","interaction":{"idSuffix":"CbBg"}},"wdio_ui5_key":"applicationmanageyards-display-component---NewYard--whmCheckBox"}]}
RESULT: undefined
COMMAND: POST /session/47a0cfcb1b688bc57e33978b59aaa3c6/element - {"using":"xpath","value":"//*[@id=\"application-manageyards-display-component---NewYard--whmCheckBox\"]"}
RESULT: {"using":"xpath","value":"//*[@id=\"application-manageyards-display-component---NewYard--whmCheckBox\"]"}
COMMAND: POST /session/47a0cfcb1b688bc57e33978b59aaa3c6/element/f.B7EBD3B9E1BF342B1CF0F76B0C9C80BF.d.EE835D1415EC8350131E87FC8B22738B.e.787/click - {}
RESULT: {}
COMMAND: GET /session/47a0cfcb1b688bc57e33978b59aaa3c6/screenshot - {}
RESULT: {}
COMMAND: POST /session/47a0cfcb1b688bc57e33978b59aaa3c6/element - {"using":"xpath","value":"//button[@data-kt=\"newYardSaveButton\"]"}
RESULT: {"using":"xpath","value":"//button[@data-kt=\"newYardSaveButton\"]"}
COMMAND: POST /session/47a0cfcb1b688bc57e33978b59aaa3c6/element/f.B7EBD3B9E1BF342B1CF0F76B0C9C80BF.d.EE835D1415EC8350131E87FC8B22738B.e.667/click - {}
RESULT: {}
COMMAND: GET /session/47a0cfcb1b688bc57e33978b59aaa3c6/screenshot - {}
RESULT: {}
COMMAND: POST /session/47a0cfcb1b688bc57e33978b59aaa3c6/element - {"using":"xpath","value":"//header[contains(@id, 'ObjectPageLayout-headerTitle')]/div[1]/div[2]/div[1]/span[1]"}
RESULT: {"using":"xpath","value":"//header[contains(@id, 'ObjectPageLayout-headerTitle')]/div[1]/div[2]/div[1]/span[1]"}
COMMAND: POST /session/47a0cfcb1b688bc57e33978b59aaa3c6/elements - {"using":"xpath","value":"//header[contains(@id, 'ObjectPageLayout-headerTitle')]/div[1]/div[2]/div[1]/span[1]"}
RESULT: {"using":"xpath","value":"//header[contains(@id, 'ObjectPageLayout-headerTitle')]/div[1]/div[2]/div[1]/span[1]"}
COMMAND: POST /session/47a0cfcb1b688bc57e33978b59aaa3c6/execute/sync - {"script":"<script> [56 bytes]","args":[{"element-6066-11e4-a52e-4f735466cecf":"f.B7EBD3B9E1BF342B1CF0F76B0C9C80BF.d.EE835D1415EC8350131E87FC8B22738B.e.992","ELEMENT":"f.B7EBD3B9E1BF342B1CF0F76B0C9C80BF.d.EE835D1415EC8350131E87FC8B22738B.e.992"}]}
RESULT: {"script":"<script> [56 bytes]","args":[{"element-6066-11e4-a52e-4f735466cecf":"f.B7EBD3B9E1BF342B1CF0F76B0C9C80BF.d.EE835D1415EC8350131E87FC8B22738B.e.992","ELEMENT":"f.B7EBD3B9E1BF342B1CF0F76B0C9C80BF.d.EE835D1415EC8350131E87FC8B22738B.e.992"}]}
COMMAND: GET /session/47a0cfcb1b688bc57e33978b59aaa3c6/screenshot - {}
RESULT: {}
COMMAND: POST /session/47a0cfcb1b688bc57e33978b59aaa3c6/element - {"using":"css selector","value":"#shell-header-logo"}
RESULT: {"using":"css selector","value":"#shell-header-logo"}
COMMAND: POST /session/47a0cfcb1b688bc57e33978b59aaa3c6/element/f.B7EBD3B9E1BF342B1CF0F76B0C9C80BF.d.EE835D1415EC8350131E87FC8B22738B.e.237/click - {}
RESULT: {}
COMMAND: GET /session/47a0cfcb1b688bc57e33978b59aaa3c6/screenshot - {}
RESULT: {}
COMMAND: POST /session/47a0cfcb1b688bc57e33978b59aaa3c6/execute/sync - {"script":"<script> [299 bytes]","args":[["getModel","getResource"]]}
RESULT: {"script":"<script> [299 bytes]","args":[["getModel","getResource"]]}
COMMAND: GET /session/47a0cfcb1b688bc57e33978b59aaa3c6/screenshot - {}
]]></system-out>
    </testcase>
    <testcase classname="chrome.136_0_7103_93.windows.Stock_increase_-_with_WHM_US125587" name="Should create a new external WHM partner" time="95.183">
      <system-out><![CDATA[
COMMAND: POST /session/47a0cfcb1b688bc57e33978b59aaa3c6/window/fullscreen - {}
RESULT: {}
RESULT: {}
COMMAND: POST /session/47a0cfcb1b688bc57e33978b59aaa3c6/execute/async - {"script":"<script> [1562 bytes]","args":[{"selector":{"controlType":"sap.m.GenericTile","properties":{"header":"Manage Partners"}},"wdio_ui5_key":"sapm.GenericTile{\"header\":\"Manage Partners\"}"}]}
RESULT: {"script":"<script> [1562 bytes]","args":[{"selector":{"controlType":"sap.m.GenericTile","properties":{"header":"Manage Partners"}},"wdio_ui5_key":"sapm.GenericTile{\"header\":\"Manage Partners\"}"}]}
RESULT: undefined
COMMAND: POST /session/47a0cfcb1b688bc57e33978b59aaa3c6/element - {"using":"xpath","value":"//*[@id=\"__tile38\"]"}
RESULT: {"using":"xpath","value":"//*[@id=\"__tile38\"]"}
COMMAND: POST /session/47a0cfcb1b688bc57e33978b59aaa3c6/element/f.B7EBD3B9E1BF342B1CF0F76B0C9C80BF.d.EE835D1415EC8350131E87FC8B22738B.e.125/click - {}
RESULT: {}
COMMAND: GET /session/47a0cfcb1b688bc57e33978b59aaa3c6/screenshot - {}
RESULT: {}
COMMAND: POST /session/47a0cfcb1b688bc57e33978b59aaa3c6/elements - {"using":"xpath","value":"//span[text()='Error']"}
RESULT: {"using":"xpath","value":"//span[text()='Error']"}
COMMAND: POST /session/47a0cfcb1b688bc57e33978b59aaa3c6/element - {"using":"xpath","value":"//button[@data-kt=\"addButton\"]"}
RESULT: {"using":"xpath","value":"//button[@data-kt=\"addButton\"]"}
COMMAND: POST /session/47a0cfcb1b688bc57e33978b59aaa3c6/elements - {"using":"xpath","value":"//button[@data-kt=\"addButton\"]"}
RESULT: {"using":"xpath","value":"//button[@data-kt=\"addButton\"]"}
COMMAND: POST /session/47a0cfcb1b688bc57e33978b59aaa3c6/elements - {"using":"xpath","value":"//button[@data-kt=\"addButton\"]"}
RESULT: {"using":"xpath","value":"//button[@data-kt=\"addButton\"]"}
COMMAND: POST /session/47a0cfcb1b688bc57e33978b59aaa3c6/element - {"using":"xpath","value":"//button[@data-kt=\"addButton\"]"}
RESULT: {"using":"xpath","value":"//button[@data-kt=\"addButton\"]"}
COMMAND: POST /session/47a0cfcb1b688bc57e33978b59aaa3c6/execute/sync - {"script":"<script> [8489 bytes]","args":[{"element-6066-11e4-a52e-4f735466cecf":"f.B7EBD3B9E1BF342B1CF0F76B0C9C80BF.d.EE835D1415EC8350131E87FC8B22738B.e.1031","ELEMENT":"f.B7EBD3B9E1BF342B1CF0F76B0C9C80BF.d.EE835D1415EC8350131E87FC8B22738B.e.1031"}]}
RESULT: {"script":"<script> [8489 bytes]","args":[{"element-6066-11e4-a52e-4f735466cecf":"f.B7EBD3B9E1BF342B1CF0F76B0C9C80BF.d.EE835D1415EC8350131E87FC8B22738B.e.1031","ELEMENT":"f.B7EBD3B9E1BF342B1CF0F76B0C9C80BF.d.EE835D1415EC8350131E87FC8B22738B.e.1031"}]}
COMMAND: GET /session/47a0cfcb1b688bc57e33978b59aaa3c6/element/f.B7EBD3B9E1BF342B1CF0F76B0C9C80BF.d.EE835D1415EC8350131E87FC8B22738B.e.1031/enabled - {}
COMMAND: GET /session/47a0cfcb1b688bc57e33978b59aaa3c6/screenshot - {}
RESULT: {}
COMMAND: POST /session/47a0cfcb1b688bc57e33978b59aaa3c6/execute/sync - {"script":"<script> [8489 bytes]","args":[{"element-6066-11e4-a52e-4f735466cecf":"f.B7EBD3B9E1BF342B1CF0F76B0C9C80BF.d.EE835D1415EC8350131E87FC8B22738B.e.1031","ELEMENT":"f.B7EBD3B9E1BF342B1CF0F76B0C9C80BF.d.EE835D1415EC8350131E87FC8B22738B.e.1031"}]}
COMMAND: GET /session/47a0cfcb1b688bc57e33978b59aaa3c6/screenshot - {}
RESULT: {}
RESULT: {"script":"<script> [8489 bytes]","args":[{"element-6066-11e4-a52e-4f735466cecf":"f.B7EBD3B9E1BF342B1CF0F76B0C9C80BF.d.EE835D1415EC8350131E87FC8B22738B.e.1031","ELEMENT":"f.B7EBD3B9E1BF342B1CF0F76B0C9C80BF.d.EE835D1415EC8350131E87FC8B22738B.e.1031"}]}
COMMAND: POST /session/47a0cfcb1b688bc57e33978b59aaa3c6/execute/sync - {"script":"<script> [5351 bytes]","args":[{"element-6066-11e4-a52e-4f735466cecf":"f.B7EBD3B9E1BF342B1CF0F76B0C9C80BF.d.EE835D1415EC8350131E87FC8B22738B.e.1031","ELEMENT":"f.B7EBD3B9E1BF342B1CF0F76B0C9C80BF.d.EE835D1415EC8350131E87FC8B22738B.e.1031"}]}
COMMAND: GET /session/47a0cfcb1b688bc57e33978b59aaa3c6/screenshot - {}
RESULT: {}
RESULT: {"script":"<script> [5351 bytes]","args":[{"element-6066-11e4-a52e-4f735466cecf":"f.B7EBD3B9E1BF342B1CF0F76B0C9C80BF.d.EE835D1415EC8350131E87FC8B22738B.e.1031","ELEMENT":"f.B7EBD3B9E1BF342B1CF0F76B0C9C80BF.d.EE835D1415EC8350131E87FC8B22738B.e.1031"}]}
COMMAND: POST /session/47a0cfcb1b688bc57e33978b59aaa3c6/element/f.B7EBD3B9E1BF342B1CF0F76B0C9C80BF.d.EE835D1415EC8350131E87FC8B22738B.e.1031/click - {}
COMMAND: GET /session/47a0cfcb1b688bc57e33978b59aaa3c6/screenshot - {}
RESULT: {}
RESULT: {}
COMMAND: GET /session/47a0cfcb1b688bc57e33978b59aaa3c6/screenshot - {}
COMMAND: POST /session/47a0cfcb1b688bc57e33978b59aaa3c6/execute/async - {"script":"<script> [1562 bytes]","args":[{"selector":{"id":"application-managepartners-display-component---NewPartner--addressDetailDetailsName1","interaction":{"idSuffix":"inner"}},"wdio_ui5_key":"applicationmanagepartners-display-component---NewPartner--addressDetailDetailsName1"}]}
RESULT: {}
RESULT: {}
RESULT: {"script":"<script> [1562 bytes]","args":[{"selector":{"id":"application-managepartners-display-component---NewPartner--addressDetailDetailsName1","interaction":{"idSuffix":"inner"}},"wdio_ui5_key":"applicationmanagepartners-display-component---NewPartner--addressDetailDetailsName1"}]}
RESULT: undefined
COMMAND: POST /session/47a0cfcb1b688bc57e33978b59aaa3c6/execute/async - {"script":"<script> [776 bytes]","args":[{"enterText":"External Partner WDIO","selector":{"id":"application-managepartners-display-component---NewPartner--addressDetailDetailsName1","interaction":{"idSuffix":"inner"}},"clearTextFirst":true,"interactionType":"ENTER_TEXT"}]}
RESULT: {"script":"<script> [776 bytes]","args":[{"enterText":"External Partner WDIO","selector":{"id":"application-managepartners-display-component---NewPartner--addressDetailDetailsName1","interaction":{"idSuffix":"inner"}},"clearTextFirst":true,"interactionType":"ENTER_TEXT"}]}
COMMAND: POST /session/47a0cfcb1b688bc57e33978b59aaa3c6/execute/async - {"script":"<script> [1562 bytes]","args":[{"selector":{"id":"application-managepartners-display-component---NewPartner--addressDetailDetailsLanguage-arrow"},"wdio_ui5_key":"applicationmanagepartners-display-component---NewPartner--addressDetailDetailsLanguage-arrow"}]}
RESULT: {"script":"<script> [1562 bytes]","args":[{"selector":{"id":"application-managepartners-display-component---NewPartner--addressDetailDetailsLanguage-arrow"},"wdio_ui5_key":"applicationmanagepartners-display-component---NewPartner--addressDetailDetailsLanguage-arrow"}]}
RESULT: undefined
COMMAND: POST /session/47a0cfcb1b688bc57e33978b59aaa3c6/element - {"using":"xpath","value":"//*[@id=\"application-managepartners-display-component---NewPartner--addressDetailDetailsLanguage-arrow\"]"}
RESULT: {"using":"xpath","value":"//*[@id=\"application-managepartners-display-component---NewPartner--addressDetailDetailsLanguage-arrow\"]"}
COMMAND: POST /session/47a0cfcb1b688bc57e33978b59aaa3c6/element/f.B7EBD3B9E1BF342B1CF0F76B0C9C80BF.d.EE835D1415EC8350131E87FC8B22738B.e.1481/click - {}
RESULT: {}
COMMAND: POST /session/47a0cfcb1b688bc57e33978b59aaa3c6/element - {"using":"xpath","value":"//span[contains(text(), \"English\")]"}
COMMAND: GET /session/47a0cfcb1b688bc57e33978b59aaa3c6/screenshot - {}
RESULT: {"using":"xpath","value":"//span[contains(text(), \"English\")]"}
COMMAND: POST /session/47a0cfcb1b688bc57e33978b59aaa3c6/element/f.B7EBD3B9E1BF342B1CF0F76B0C9C80BF.d.EE835D1415EC8350131E87FC8B22738B.e.1482/click - {}
RESULT: {}
RESULT: {}
COMMAND: GET /session/47a0cfcb1b688bc57e33978b59aaa3c6/screenshot - {}
RESULT: {}
COMMAND: POST /session/47a0cfcb1b688bc57e33978b59aaa3c6/execute/async - {"script":"<script> [1562 bytes]","args":[{"selector":{"id":"application-managepartners-display-component---NewPartner--addressDetailDetailsCity1","interaction":{"idSuffix":"inner"}},"wdio_ui5_key":"applicationmanagepartners-display-component---NewPartner--addressDetailDetailsCity1"}]}
RESULT: {"script":"<script> [1562 bytes]","args":[{"selector":{"id":"application-managepartners-display-component---NewPartner--addressDetailDetailsCity1","interaction":{"idSuffix":"inner"}},"wdio_ui5_key":"applicationmanagepartners-display-component---NewPartner--addressDetailDetailsCity1"}]}
RESULT: undefined
COMMAND: POST /session/47a0cfcb1b688bc57e33978b59aaa3c6/execute/async - {"script":"<script> [776 bytes]","args":[{"enterText":"Rosario","selector":{"id":"application-managepartners-display-component---NewPartner--addressDetailDetailsCity1","interaction":{"idSuffix":"inner"}},"clearTextFirst":true,"interactionType":"ENTER_TEXT"}]}
RESULT: {"script":"<script> [776 bytes]","args":[{"enterText":"Rosario","selector":{"id":"application-managepartners-display-component---NewPartner--addressDetailDetailsCity1","interaction":{"idSuffix":"inner"}},"clearTextFirst":true,"interactionType":"ENTER_TEXT"}]}
COMMAND: POST /session/47a0cfcb1b688bc57e33978b59aaa3c6/execute/async - {"script":"<script> [1562 bytes]","args":[{"selector":{"id":"application-managepartners-display-component---NewPartner--addressDetailDetailsCountry-arrow"},"wdio_ui5_key":"applicationmanagepartners-display-component---NewPartner--addressDetailDetailsCountry-arrow"}]}
RESULT: {"script":"<script> [1562 bytes]","args":[{"selector":{"id":"application-managepartners-display-component---NewPartner--addressDetailDetailsCountry-arrow"},"wdio_ui5_key":"applicationmanagepartners-display-component---NewPartner--addressDetailDetailsCountry-arrow"}]}
RESULT: undefined
COMMAND: POST /session/47a0cfcb1b688bc57e33978b59aaa3c6/element - {"using":"xpath","value":"//*[@id=\"application-managepartners-display-component---NewPartner--addressDetailDetailsCountry-arrow\"]"}
RESULT: {"using":"xpath","value":"//*[@id=\"application-managepartners-display-component---NewPartner--addressDetailDetailsCountry-arrow\"]"}
COMMAND: POST /session/47a0cfcb1b688bc57e33978b59aaa3c6/element/f.B7EBD3B9E1BF342B1CF0F76B0C9C80BF.d.EE835D1415EC8350131E87FC8B22738B.e.1467/click - {}
RESULT: {}
COMMAND: POST /session/47a0cfcb1b688bc57e33978b59aaa3c6/element - {"using":"xpath","value":"//span[contains(text(), \"Argentina\")]"}
COMMAND: GET /session/47a0cfcb1b688bc57e33978b59aaa3c6/screenshot - {}
RESULT: {"using":"xpath","value":"//span[contains(text(), \"Argentina\")]"}
COMMAND: POST /session/47a0cfcb1b688bc57e33978b59aaa3c6/element/f.B7EBD3B9E1BF342B1CF0F76B0C9C80BF.d.EE835D1415EC8350131E87FC8B22738B.e.1484/click - {}
RESULT: {}
RESULT: {}
COMMAND: GET /session/47a0cfcb1b688bc57e33978b59aaa3c6/screenshot - {}
RESULT: {}
COMMAND: POST /session/47a0cfcb1b688bc57e33978b59aaa3c6/element - {"using":"xpath","value":"//bdi[contains(text(), \"Commercial\")]"}
RESULT: {"using":"xpath","value":"//bdi[contains(text(), \"Commercial\")]"}
COMMAND: POST /session/47a0cfcb1b688bc57e33978b59aaa3c6/element/f.B7EBD3B9E1BF342B1CF0F76B0C9C80BF.d.EE835D1415EC8350131E87FC8B22738B.e.1485/click - {}
RESULT: {}
COMMAND: GET /session/47a0cfcb1b688bc57e33978b59aaa3c6/screenshot - {}
RESULT: {}
COMMAND: POST /session/47a0cfcb1b688bc57e33978b59aaa3c6/execute/async - {"script":"<script> [1562 bytes]","args":[{"selector":{"id":"application-managepartners-display-component---NewPartner--partnerDetailInternal-arrow"},"wdio_ui5_key":"applicationmanagepartners-display-component---NewPartner--partnerDetailInternal-arrow"}]}
RESULT: {"script":"<script> [1562 bytes]","args":[{"selector":{"id":"application-managepartners-display-component---NewPartner--partnerDetailInternal-arrow"},"wdio_ui5_key":"applicationmanagepartners-display-component---NewPartner--partnerDetailInternal-arrow"}]}
RESULT: undefined
COMMAND: POST /session/47a0cfcb1b688bc57e33978b59aaa3c6/element - {"using":"xpath","value":"//*[@id=\"application-managepartners-display-component---NewPartner--partnerDetailInternal-arrow\"]"}
RESULT: {"using":"xpath","value":"//*[@id=\"application-managepartners-display-component---NewPartner--partnerDetailInternal-arrow\"]"}
COMMAND: POST /session/47a0cfcb1b688bc57e33978b59aaa3c6/element/f.B7EBD3B9E1BF342B1CF0F76B0C9C80BF.d.EE835D1415EC8350131E87FC8B22738B.e.1491/click - {}
RESULT: {}
COMMAND: POST /session/47a0cfcb1b688bc57e33978b59aaa3c6/element - {"using":"xpath","value":"//span[contains(text(), \"External partner\")]"}
COMMAND: GET /session/47a0cfcb1b688bc57e33978b59aaa3c6/screenshot - {}
RESULT: {"using":"xpath","value":"//span[contains(text(), \"External partner\")]"}
COMMAND: POST /session/47a0cfcb1b688bc57e33978b59aaa3c6/element/f.B7EBD3B9E1BF342B1CF0F76B0C9C80BF.d.EE835D1415EC8350131E87FC8B22738B.e.1492/click - {}
RESULT: {}
RESULT: {}
COMMAND: POST /session/47a0cfcb1b688bc57e33978b59aaa3c6/execute/async - {"script":"<script> [1562 bytes]","args":[{"selector":{"id":"application-managepartners-display-component---NewPartner--partnerDetailsCurrency-arrow"},"wdio_ui5_key":"applicationmanagepartners-display-component---NewPartner--partnerDetailsCurrency-arrow"}]}
COMMAND: GET /session/47a0cfcb1b688bc57e33978b59aaa3c6/screenshot - {}
RESULT: {"script":"<script> [1562 bytes]","args":[{"selector":{"id":"application-managepartners-display-component---NewPartner--partnerDetailsCurrency-arrow"},"wdio_ui5_key":"applicationmanagepartners-display-component---NewPartner--partnerDetailsCurrency-arrow"}]}
RESULT: undefined
COMMAND: POST /session/47a0cfcb1b688bc57e33978b59aaa3c6/element - {"using":"xpath","value":"//*[@id=\"application-managepartners-display-component---NewPartner--partnerDetailsCurrency-arrow\"]"}
RESULT: {}
RESULT: {"using":"xpath","value":"//*[@id=\"application-managepartners-display-component---NewPartner--partnerDetailsCurrency-arrow\"]"}
COMMAND: POST /session/47a0cfcb1b688bc57e33978b59aaa3c6/element/f.B7EBD3B9E1BF342B1CF0F76B0C9C80BF.d.EE835D1415EC8350131E87FC8B22738B.e.1497/click - {}
RESULT: {}
COMMAND: POST /session/47a0cfcb1b688bc57e33978b59aaa3c6/element - {"using":"xpath","value":"//span[contains(text(), \"US Dollar\")]"}
COMMAND: GET /session/47a0cfcb1b688bc57e33978b59aaa3c6/screenshot - {}
RESULT: {"using":"xpath","value":"//span[contains(text(), \"US Dollar\")]"}
COMMAND: POST /session/47a0cfcb1b688bc57e33978b59aaa3c6/element/f.B7EBD3B9E1BF342B1CF0F76B0C9C80BF.d.EE835D1415EC8350131E87FC8B22738B.e.1498/click - {}
RESULT: {}
RESULT: {}
COMMAND: GET /session/47a0cfcb1b688bc57e33978b59aaa3c6/screenshot - {}
RESULT: {}
COMMAND: POST /session/47a0cfcb1b688bc57e33978b59aaa3c6/element - {"using":"xpath","value":"//input[@id=\"application-managepartners-display-component---NewPartner--companyCodeComboBox-inner\"]"}
RESULT: {"using":"xpath","value":"//input[@id=\"application-managepartners-display-component---NewPartner--companyCodeComboBox-inner\"]"}
COMMAND: POST /session/47a0cfcb1b688bc57e33978b59aaa3c6/element/f.B7EBD3B9E1BF342B1CF0F76B0C9C80BF.d.EE835D1415EC8350131E87FC8B22738B.e.1356/clear - {}
RESULT: {}
COMMAND: POST /session/47a0cfcb1b688bc57e33978b59aaa3c6/element/f.B7EBD3B9E1BF342B1CF0F76B0C9C80BF.d.EE835D1415EC8350131E87FC8B22738B.e.1356/value - {"text":"C002"}
COMMAND: GET /session/47a0cfcb1b688bc57e33978b59aaa3c6/screenshot - {}
RESULT: {"text":"C002"}
COMMAND: GET /session/47a0cfcb1b688bc57e33978b59aaa3c6/screenshot - {}
RESULT: {}
RESULT: {}
COMMAND: POST /session/47a0cfcb1b688bc57e33978b59aaa3c6/element - {"using":"xpath","value":"//li[.//span[text()= \"C002\"]]"}
RESULT: {"using":"xpath","value":"//li[.//span[text()= \"C002\"]]"}
COMMAND: POST /session/47a0cfcb1b688bc57e33978b59aaa3c6/element/f.B7EBD3B9E1BF342B1CF0F76B0C9C80BF.d.EE835D1415EC8350131E87FC8B22738B.e.1502/click - {}
RESULT: {}
COMMAND: GET /session/47a0cfcb1b688bc57e33978b59aaa3c6/screenshot - {}
RESULT: {}
COMMAND: POST /session/47a0cfcb1b688bc57e33978b59aaa3c6/execute/async - {"script":"<script> [1562 bytes]","args":[{"selector":{"id":"application-managepartners-display-component---NewPartner--btnAddTableRow-img"},"wdio_ui5_key":"applicationmanagepartners-display-component---NewPartner--btnAddTableRow-img"}]}
RESULT: {"script":"<script> [1562 bytes]","args":[{"selector":{"id":"application-managepartners-display-component---NewPartner--btnAddTableRow-img"},"wdio_ui5_key":"applicationmanagepartners-display-component---NewPartner--btnAddTableRow-img"}]}
RESULT: undefined
COMMAND: POST /session/47a0cfcb1b688bc57e33978b59aaa3c6/element - {"using":"xpath","value":"//*[@id=\"application-managepartners-display-component---NewPartner--btnAddTableRow-img\"]"}
RESULT: {"using":"xpath","value":"//*[@id=\"application-managepartners-display-component---NewPartner--btnAddTableRow-img\"]"}
COMMAND: POST /session/47a0cfcb1b688bc57e33978b59aaa3c6/element/f.B7EBD3B9E1BF342B1CF0F76B0C9C80BF.d.EE835D1415EC8350131E87FC8B22738B.e.1503/click - {}
RESULT: {}
COMMAND: GET /session/47a0cfcb1b688bc57e33978b59aaa3c6/screenshot - {}
RESULT: {}
COMMAND: POST /session/47a0cfcb1b688bc57e33978b59aaa3c6/element - {"using":"xpath","value":"//input[@id=\"application-managepartners-display-component---NewPartner--assignmentYard-application-managepartners-display-component---NewPartner--assignmentsTable-0-inner\"]"}
RESULT: {"using":"xpath","value":"//input[@id=\"application-managepartners-display-component---NewPartner--assignmentYard-application-managepartners-display-component---NewPartner--assignmentsTable-0-inner\"]"}
COMMAND: POST /session/47a0cfcb1b688bc57e33978b59aaa3c6/element/f.B7EBD3B9E1BF342B1CF0F76B0C9C80BF.d.EE835D1415EC8350131E87FC8B22738B.e.1506/clear - {}
RESULT: {}
COMMAND: POST /session/47a0cfcb1b688bc57e33978b59aaa3c6/element/f.B7EBD3B9E1BF342B1CF0F76B0C9C80BF.d.EE835D1415EC8350131E87FC8B22738B.e.1506/value - {"text":"590"}
COMMAND: GET /session/47a0cfcb1b688bc57e33978b59aaa3c6/screenshot - {}
RESULT: {"text":"590"}
COMMAND: GET /session/47a0cfcb1b688bc57e33978b59aaa3c6/screenshot - {}
RESULT: {}
RESULT: {}
COMMAND: POST /session/47a0cfcb1b688bc57e33978b59aaa3c6/element - {"using":"xpath","value":"//li[.//span[text()='590']]"}
RESULT: {"using":"xpath","value":"//li[.//span[text()='590']]"}
COMMAND: POST /session/47a0cfcb1b688bc57e33978b59aaa3c6/element/f.B7EBD3B9E1BF342B1CF0F76B0C9C80BF.d.EE835D1415EC8350131E87FC8B22738B.e.1514/click - {}
RESULT: {}
COMMAND: GET /session/47a0cfcb1b688bc57e33978b59aaa3c6/screenshot - {}
RESULT: {}
COMMAND: POST /session/47a0cfcb1b688bc57e33978b59aaa3c6/actions - {"actions":[{"id":"action2","type":"key","parameters":{},"actions":[{"type":"keyDown","value":"î€‡"},{"type":"pause","duration":10},{"type":"keyUp","value":"î€‡"}]}]}
RESULT: {"actions":[{"id":"action2","type":"key","parameters":{},"actions":[{"type":"keyDown","value":"î€‡"},{"type":"pause","duration":10},{"type":"keyUp","value":"î€‡"}]}]}
COMMAND: POST /session/47a0cfcb1b688bc57e33978b59aaa3c6/element - {"using":"xpath","value":"//td[contains(@id, \"assignmentsTable-0-cell2\")]/div/div"}
COMMAND: GET /session/47a0cfcb1b688bc57e33978b59aaa3c6/screenshot - {}
RESULT: {"using":"xpath","value":"//td[contains(@id, \"assignmentsTable-0-cell2\")]/div/div"}
COMMAND: POST /session/47a0cfcb1b688bc57e33978b59aaa3c6/element/f.B7EBD3B9E1BF342B1CF0F76B0C9C80BF.d.EE835D1415EC8350131E87FC8B22738B.e.1517/click - {}
RESULT: {}
RESULT: {}
COMMAND: GET /session/47a0cfcb1b688bc57e33978b59aaa3c6/screenshot - {}
RESULT: {}
COMMAND: POST /session/47a0cfcb1b688bc57e33978b59aaa3c6/element - {"using":"xpath","value":"//button[@data-kt=\"saveButton\"]"}
RESULT: {"using":"xpath","value":"//button[@data-kt=\"saveButton\"]"}
COMMAND: POST /session/47a0cfcb1b688bc57e33978b59aaa3c6/element/f.B7EBD3B9E1BF342B1CF0F76B0C9C80BF.d.EE835D1415EC8350131E87FC8B22738B.e.1395/click - {}
RESULT: {}
COMMAND: GET /session/47a0cfcb1b688bc57e33978b59aaa3c6/screenshot - {}
RESULT: {}
COMMAND: POST /session/47a0cfcb1b688bc57e33978b59aaa3c6/element - {"using":"xpath","value":"//header[contains(@id, 'ObjectPageLayout-headerTitle')]/div[1]/div[2]/div[2]/span[1]"}
RESULT: {"using":"xpath","value":"//header[contains(@id, 'ObjectPageLayout-headerTitle')]/div[1]/div[2]/div[2]/span[1]"}
COMMAND: POST /session/47a0cfcb1b688bc57e33978b59aaa3c6/elements - {"using":"xpath","value":"//header[contains(@id, 'ObjectPageLayout-headerTitle')]/div[1]/div[2]/div[2]/span[1]"}
RESULT: {"using":"xpath","value":"//header[contains(@id, 'ObjectPageLayout-headerTitle')]/div[1]/div[2]/div[2]/span[1]"}
COMMAND: POST /session/47a0cfcb1b688bc57e33978b59aaa3c6/execute/sync - {"script":"<script> [56 bytes]","args":[{"element-6066-11e4-a52e-4f735466cecf":"f.B7EBD3B9E1BF342B1CF0F76B0C9C80BF.d.EE835D1415EC8350131E87FC8B22738B.e.1679","ELEMENT":"f.B7EBD3B9E1BF342B1CF0F76B0C9C80BF.d.EE835D1415EC8350131E87FC8B22738B.e.1679"}]}
RESULT: {"script":"<script> [56 bytes]","args":[{"element-6066-11e4-a52e-4f735466cecf":"f.B7EBD3B9E1BF342B1CF0F76B0C9C80BF.d.EE835D1415EC8350131E87FC8B22738B.e.1679","ELEMENT":"f.B7EBD3B9E1BF342B1CF0F76B0C9C80BF.d.EE835D1415EC8350131E87FC8B22738B.e.1679"}]}
COMMAND: POST /session/47a0cfcb1b688bc57e33978b59aaa3c6/element - {"using":"css selector","value":"#shell-header-logo"}
COMMAND: GET /session/47a0cfcb1b688bc57e33978b59aaa3c6/screenshot - {}
RESULT: {"using":"css selector","value":"#shell-header-logo"}
COMMAND: POST /session/47a0cfcb1b688bc57e33978b59aaa3c6/element/f.B7EBD3B9E1BF342B1CF0F76B0C9C80BF.d.EE835D1415EC8350131E87FC8B22738B.e.997/click - {}
RESULT: {}
RESULT: {}
COMMAND: GET /session/47a0cfcb1b688bc57e33978b59aaa3c6/screenshot - {}
RESULT: {}
COMMAND: POST /session/47a0cfcb1b688bc57e33978b59aaa3c6/execute/sync - {"script":"<script> [299 bytes]","args":[["getModel","getResource"]]}
RESULT: {"script":"<script> [299 bytes]","args":[["getModel","getResource"]]}
COMMAND: GET /session/47a0cfcb1b688bc57e33978b59aaa3c6/screenshot - {}
]]></system-out>
    </testcase>
    <testcase classname="chrome.136_0_7103_93.windows.Stock_increase_-_with_WHM_US125587" name="Should create a new WHM site" time="99.386">
      <system-out><![CDATA[
COMMAND: POST /session/47a0cfcb1b688bc57e33978b59aaa3c6/execute/async - {"script":"<script> [1562 bytes]","args":[{"selector":{"controlType":"sap.m.GenericTile","properties":{"header":"Manage Sites"}},"wdio_ui5_key":"sapm.GenericTile{\"header\":\"Manage Sites\"}"}]}
RESULT: {}
RESULT: {"script":"<script> [1562 bytes]","args":[{"selector":{"controlType":"sap.m.GenericTile","properties":{"header":"Manage Sites"}},"wdio_ui5_key":"sapm.GenericTile{\"header\":\"Manage Sites\"}"}]}
RESULT: undefined
COMMAND: POST /session/47a0cfcb1b688bc57e33978b59aaa3c6/element - {"using":"xpath","value":"//*[@id=\"__tile40\"]"}
RESULT: {"using":"xpath","value":"//*[@id=\"__tile40\"]"}
COMMAND: POST /session/47a0cfcb1b688bc57e33978b59aaa3c6/element/f.B7EBD3B9E1BF342B1CF0F76B0C9C80BF.d.EE835D1415EC8350131E87FC8B22738B.e.131/click - {}
RESULT: {}
COMMAND: GET /session/47a0cfcb1b688bc57e33978b59aaa3c6/screenshot - {}
RESULT: {}
COMMAND: POST /session/47a0cfcb1b688bc57e33978b59aaa3c6/elements - {"using":"xpath","value":"//span[text()='Error']"}
RESULT: {"using":"xpath","value":"//span[text()='Error']"}
COMMAND: POST /session/47a0cfcb1b688bc57e33978b59aaa3c6/element - {"using":"xpath","value":"//button[@data-kt=\"addOverflowToolbarButton\"]"}
RESULT: {"using":"xpath","value":"//button[@data-kt=\"addOverflowToolbarButton\"]"}
COMMAND: POST /session/47a0cfcb1b688bc57e33978b59aaa3c6/elements - {"using":"xpath","value":"//button[@data-kt=\"addOverflowToolbarButton\"]"}
RESULT: {"using":"xpath","value":"//button[@data-kt=\"addOverflowToolbarButton\"]"}
COMMAND: POST /session/47a0cfcb1b688bc57e33978b59aaa3c6/execute/sync - {"script":"<script> [8489 bytes]","args":[{"element-6066-11e4-a52e-4f735466cecf":"f.B7EBD3B9E1BF342B1CF0F76B0C9C80BF.d.EE835D1415EC8350131E87FC8B22738B.e.1727","ELEMENT":"f.B7EBD3B9E1BF342B1CF0F76B0C9C80BF.d.EE835D1415EC8350131E87FC8B22738B.e.1727"}]}
RESULT: {"script":"<script> [8489 bytes]","args":[{"element-6066-11e4-a52e-4f735466cecf":"f.B7EBD3B9E1BF342B1CF0F76B0C9C80BF.d.EE835D1415EC8350131E87FC8B22738B.e.1727","ELEMENT":"f.B7EBD3B9E1BF342B1CF0F76B0C9C80BF.d.EE835D1415EC8350131E87FC8B22738B.e.1727"}]}
COMMAND: GET /session/47a0cfcb1b688bc57e33978b59aaa3c6/element/f.B7EBD3B9E1BF342B1CF0F76B0C9C80BF.d.EE835D1415EC8350131E87FC8B22738B.e.1727/enabled - {}
COMMAND: GET /session/47a0cfcb1b688bc57e33978b59aaa3c6/screenshot - {}
RESULT: {}
COMMAND: POST /session/47a0cfcb1b688bc57e33978b59aaa3c6/execute/sync - {"script":"<script> [8489 bytes]","args":[{"element-6066-11e4-a52e-4f735466cecf":"f.B7EBD3B9E1BF342B1CF0F76B0C9C80BF.d.EE835D1415EC8350131E87FC8B22738B.e.1727","ELEMENT":"f.B7EBD3B9E1BF342B1CF0F76B0C9C80BF.d.EE835D1415EC8350131E87FC8B22738B.e.1727"}]}
COMMAND: GET /session/47a0cfcb1b688bc57e33978b59aaa3c6/screenshot - {}
RESULT: {}
RESULT: {"script":"<script> [8489 bytes]","args":[{"element-6066-11e4-a52e-4f735466cecf":"f.B7EBD3B9E1BF342B1CF0F76B0C9C80BF.d.EE835D1415EC8350131E87FC8B22738B.e.1727","ELEMENT":"f.B7EBD3B9E1BF342B1CF0F76B0C9C80BF.d.EE835D1415EC8350131E87FC8B22738B.e.1727"}]}
COMMAND: POST /session/47a0cfcb1b688bc57e33978b59aaa3c6/execute/sync - {"script":"<script> [5351 bytes]","args":[{"element-6066-11e4-a52e-4f735466cecf":"f.B7EBD3B9E1BF342B1CF0F76B0C9C80BF.d.EE835D1415EC8350131E87FC8B22738B.e.1727","ELEMENT":"f.B7EBD3B9E1BF342B1CF0F76B0C9C80BF.d.EE835D1415EC8350131E87FC8B22738B.e.1727"}]}
COMMAND: GET /session/47a0cfcb1b688bc57e33978b59aaa3c6/screenshot - {}
RESULT: {}
RESULT: {"script":"<script> [5351 bytes]","args":[{"element-6066-11e4-a52e-4f735466cecf":"f.B7EBD3B9E1BF342B1CF0F76B0C9C80BF.d.EE835D1415EC8350131E87FC8B22738B.e.1727","ELEMENT":"f.B7EBD3B9E1BF342B1CF0F76B0C9C80BF.d.EE835D1415EC8350131E87FC8B22738B.e.1727"}]}
COMMAND: POST /session/47a0cfcb1b688bc57e33978b59aaa3c6/element/f.B7EBD3B9E1BF342B1CF0F76B0C9C80BF.d.EE835D1415EC8350131E87FC8B22738B.e.1727/click - {}
COMMAND: GET /session/47a0cfcb1b688bc57e33978b59aaa3c6/screenshot - {}
RESULT: {}
RESULT: {}
COMMAND: GET /session/47a0cfcb1b688bc57e33978b59aaa3c6/screenshot - {}
COMMAND: POST /session/47a0cfcb1b688bc57e33978b59aaa3c6/element - {"using":"xpath","value":"//input[@id=\"application-managesites-display-component---NewSite--siteId-inner\"]"}
RESULT: {}
RESULT: {}
RESULT: {"using":"xpath","value":"//input[@id=\"application-managesites-display-component---NewSite--siteId-inner\"]"}
COMMAND: POST /session/47a0cfcb1b688bc57e33978b59aaa3c6/element - {"using":"xpath","value":"//input[@id=\"application-managesites-display-component---NewSite--siteId-inner\"]"}
RESULT: {"using":"xpath","value":"//input[@id=\"application-managesites-display-component---NewSite--siteId-inner\"]"}
COMMAND: POST /session/47a0cfcb1b688bc57e33978b59aaa3c6/execute/async - {"script":"<script> [1562 bytes]","args":[{"selector":{"id":"application-managesites-display-component---NewSite--addressDetailDetailsName1","interaction":{"idSuffix":"inner"}},"wdio_ui5_key":"applicationmanagesites-display-component---NewSite--addressDetailDetailsName1"}]}
RESULT: {"script":"<script> [1562 bytes]","args":[{"selector":{"id":"application-managesites-display-component---NewSite--addressDetailDetailsName1","interaction":{"idSuffix":"inner"}},"wdio_ui5_key":"applicationmanagesites-display-component---NewSite--addressDetailDetailsName1"}]}
RESULT: undefined
COMMAND: POST /session/47a0cfcb1b688bc57e33978b59aaa3c6/execute/async - {"script":"<script> [776 bytes]","args":[{"enterText":"Warehouse Managed Site WDIO","selector":{"id":"application-managesites-display-component---NewSite--addressDetailDetailsName1","interaction":{"idSuffix":"inner"}},"clearTextFirst":true,"interactionType":"ENTER_TEXT"}]}
RESULT: {"script":"<script> [776 bytes]","args":[{"enterText":"Warehouse Managed Site WDIO","selector":{"id":"application-managesites-display-component---NewSite--addressDetailDetailsName1","interaction":{"idSuffix":"inner"}},"clearTextFirst":true,"interactionType":"ENTER_TEXT"}]}
COMMAND: POST /session/47a0cfcb1b688bc57e33978b59aaa3c6/execute/async - {"script":"<script> [1562 bytes]","args":[{"selector":{"id":"application-managesites-display-component---NewSite--addressDetailDetailsLanguage-arrow"},"wdio_ui5_key":"applicationmanagesites-display-component---NewSite--addressDetailDetailsLanguage-arrow"}]}
RESULT: {"script":"<script> [1562 bytes]","args":[{"selector":{"id":"application-managesites-display-component---NewSite--addressDetailDetailsLanguage-arrow"},"wdio_ui5_key":"applicationmanagesites-display-component---NewSite--addressDetailDetailsLanguage-arrow"}]}
RESULT: undefined
COMMAND: POST /session/47a0cfcb1b688bc57e33978b59aaa3c6/element - {"using":"xpath","value":"//*[@id=\"application-managesites-display-component---NewSite--addressDetailDetailsLanguage-arrow\"]"}
RESULT: {"using":"xpath","value":"//*[@id=\"application-managesites-display-component---NewSite--addressDetailDetailsLanguage-arrow\"]"}
COMMAND: POST /session/47a0cfcb1b688bc57e33978b59aaa3c6/element/f.B7EBD3B9E1BF342B1CF0F76B0C9C80BF.d.EE835D1415EC8350131E87FC8B22738B.e.2357/click - {}
RESULT: {}
COMMAND: POST /session/47a0cfcb1b688bc57e33978b59aaa3c6/element - {"using":"xpath","value":"//span[contains(text(), \"English\")]"}
COMMAND: GET /session/47a0cfcb1b688bc57e33978b59aaa3c6/screenshot - {}
RESULT: {"using":"xpath","value":"//span[contains(text(), \"English\")]"}
COMMAND: POST /session/47a0cfcb1b688bc57e33978b59aaa3c6/element/f.B7EBD3B9E1BF342B1CF0F76B0C9C80BF.d.EE835D1415EC8350131E87FC8B22738B.e.2358/click - {}
RESULT: {}
RESULT: {}
COMMAND: POST /session/47a0cfcb1b688bc57e33978b59aaa3c6/execute/async - {"script":"<script> [1562 bytes]","args":[{"selector":{"id":"application-managesites-display-component---NewSite--addressDetailDetailsCity1","interaction":{"idSuffix":"inner"}},"wdio_ui5_key":"applicationmanagesites-display-component---NewSite--addressDetailDetailsCity1"}]}
COMMAND: GET /session/47a0cfcb1b688bc57e33978b59aaa3c6/screenshot - {}
RESULT: {"script":"<script> [1562 bytes]","args":[{"selector":{"id":"application-managesites-display-component---NewSite--addressDetailDetailsCity1","interaction":{"idSuffix":"inner"}},"wdio_ui5_key":"applicationmanagesites-display-component---NewSite--addressDetailDetailsCity1"}]}
RESULT: undefined
COMMAND: POST /session/47a0cfcb1b688bc57e33978b59aaa3c6/execute/async - {"script":"<script> [776 bytes]","args":[{"enterText":"Rosario","selector":{"id":"application-managesites-display-component---NewSite--addressDetailDetailsCity1","interaction":{"idSuffix":"inner"}},"clearTextFirst":true,"interactionType":"ENTER_TEXT"}]}
RESULT: {}
RESULT: {"script":"<script> [776 bytes]","args":[{"enterText":"Rosario","selector":{"id":"application-managesites-display-component---NewSite--addressDetailDetailsCity1","interaction":{"idSuffix":"inner"}},"clearTextFirst":true,"interactionType":"ENTER_TEXT"}]}
COMMAND: POST /session/47a0cfcb1b688bc57e33978b59aaa3c6/execute/async - {"script":"<script> [1562 bytes]","args":[{"selector":{"id":"application-managesites-display-component---NewSite--addressDetailDetailsCountry-arrow"},"wdio_ui5_key":"applicationmanagesites-display-component---NewSite--addressDetailDetailsCountry-arrow"}]}
RESULT: {"script":"<script> [1562 bytes]","args":[{"selector":{"id":"application-managesites-display-component---NewSite--addressDetailDetailsCountry-arrow"},"wdio_ui5_key":"applicationmanagesites-display-component---NewSite--addressDetailDetailsCountry-arrow"}]}
RESULT: undefined
COMMAND: POST /session/47a0cfcb1b688bc57e33978b59aaa3c6/element - {"using":"xpath","value":"//*[@id=\"application-managesites-display-component---NewSite--addressDetailDetailsCountry-arrow\"]"}
RESULT: {"using":"xpath","value":"//*[@id=\"application-managesites-display-component---NewSite--addressDetailDetailsCountry-arrow\"]"}
COMMAND: POST /session/47a0cfcb1b688bc57e33978b59aaa3c6/element/f.B7EBD3B9E1BF342B1CF0F76B0C9C80BF.d.EE835D1415EC8350131E87FC8B22738B.e.2360/click - {}
RESULT: {}
COMMAND: POST /session/47a0cfcb1b688bc57e33978b59aaa3c6/element - {"using":"xpath","value":"//span[contains(text(), \"Argentina\")]"}
COMMAND: GET /session/47a0cfcb1b688bc57e33978b59aaa3c6/screenshot - {}
RESULT: {"using":"xpath","value":"//span[contains(text(), \"Argentina\")]"}
COMMAND: POST /session/47a0cfcb1b688bc57e33978b59aaa3c6/element/f.B7EBD3B9E1BF342B1CF0F76B0C9C80BF.d.EE835D1415EC8350131E87FC8B22738B.e.2361/click - {}
RESULT: {}
RESULT: {}
COMMAND: GET /session/47a0cfcb1b688bc57e33978b59aaa3c6/screenshot - {}
RESULT: {}
COMMAND: POST /session/47a0cfcb1b688bc57e33978b59aaa3c6/execute/async - {"script":"<script> [1562 bytes]","args":[{"selector":{"id":"application-managesites-display-component---NewSite--addressEditDetailsCostObjectCstType-arrow"},"wdio_ui5_key":"applicationmanagesites-display-component---NewSite--addressEditDetailsCostObjectCstType-arrow"}]}
RESULT: {"script":"<script> [1562 bytes]","args":[{"selector":{"id":"application-managesites-display-component---NewSite--addressEditDetailsCostObjectCstType-arrow"},"wdio_ui5_key":"applicationmanagesites-display-component---NewSite--addressEditDetailsCostObjectCstType-arrow"}]}
RESULT: undefined
COMMAND: POST /session/47a0cfcb1b688bc57e33978b59aaa3c6/element - {"using":"xpath","value":"//*[@id=\"application-managesites-display-component---NewSite--addressEditDetailsCostObjectCstType-arrow\"]"}
RESULT: {"using":"xpath","value":"//*[@id=\"application-managesites-display-component---NewSite--addressEditDetailsCostObjectCstType-arrow\"]"}
COMMAND: POST /session/47a0cfcb1b688bc57e33978b59aaa3c6/element/f.B7EBD3B9E1BF342B1CF0F76B0C9C80BF.d.EE835D1415EC8350131E87FC8B22738B.e.2363/click - {}
RESULT: {}
COMMAND: POST /session/47a0cfcb1b688bc57e33978b59aaa3c6/element - {"using":"xpath","value":"//span[contains(text(), \"Cost Center\")]"}
COMMAND: GET /session/47a0cfcb1b688bc57e33978b59aaa3c6/screenshot - {}
RESULT: {"using":"xpath","value":"//span[contains(text(), \"Cost Center\")]"}
COMMAND: POST /session/47a0cfcb1b688bc57e33978b59aaa3c6/element/f.B7EBD3B9E1BF342B1CF0F76B0C9C80BF.d.EE835D1415EC8350131E87FC8B22738B.e.2364/click - {}
RESULT: {}
RESULT: {}
COMMAND: GET /session/47a0cfcb1b688bc57e33978b59aaa3c6/screenshot - {}
RESULT: {}
COMMAND: POST /session/47a0cfcb1b688bc57e33978b59aaa3c6/element - {"using":"xpath","value":"//span[@id=\"application-managesites-display-component---NewSite--addressNewCostObjectCstID-vhi\"]"}
RESULT: {"using":"xpath","value":"//span[@id=\"application-managesites-display-component---NewSite--addressNewCostObjectCstID-vhi\"]"}
COMMAND: POST /session/47a0cfcb1b688bc57e33978b59aaa3c6/execute/sync - {"script":"<script> [8489 bytes]","args":[{"element-6066-11e4-a52e-4f735466cecf":"f.B7EBD3B9E1BF342B1CF0F76B0C9C80BF.d.EE835D1415EC8350131E87FC8B22738B.e.2369","ELEMENT":"f.B7EBD3B9E1BF342B1CF0F76B0C9C80BF.d.EE835D1415EC8350131E87FC8B22738B.e.2369"}]}
RESULT: {"script":"<script> [8489 bytes]","args":[{"element-6066-11e4-a52e-4f735466cecf":"f.B7EBD3B9E1BF342B1CF0F76B0C9C80BF.d.EE835D1415EC8350131E87FC8B22738B.e.2369","ELEMENT":"f.B7EBD3B9E1BF342B1CF0F76B0C9C80BF.d.EE835D1415EC8350131E87FC8B22738B.e.2369"}]}
COMMAND: POST /session/47a0cfcb1b688bc57e33978b59aaa3c6/execute/async - {"script":"<script> [1562 bytes]","args":[{"selector":{"id":"application-managesites-display-component---NewSite--addressNewCostObjectCstID-vhi"},"wdio_ui5_key":"applicationmanagesites-display-component---NewSite--addressNewCostObjectCstID-vhi"}]}
COMMAND: GET /session/47a0cfcb1b688bc57e33978b59aaa3c6/screenshot - {}
RESULT: {"script":"<script> [1562 bytes]","args":[{"selector":{"id":"application-managesites-display-component---NewSite--addressNewCostObjectCstID-vhi"},"wdio_ui5_key":"applicationmanagesites-display-component---NewSite--addressNewCostObjectCstID-vhi"}]}
RESULT: undefined
COMMAND: POST /session/47a0cfcb1b688bc57e33978b59aaa3c6/element - {"using":"xpath","value":"//*[@id=\"application-managesites-display-component---NewSite--addressNewCostObjectCstID-vhi\"]"}
RESULT: {}
RESULT: {"using":"xpath","value":"//*[@id=\"application-managesites-display-component---NewSite--addressNewCostObjectCstID-vhi\"]"}
COMMAND: POST /session/47a0cfcb1b688bc57e33978b59aaa3c6/element/f.B7EBD3B9E1BF342B1CF0F76B0C9C80BF.d.EE835D1415EC8350131E87FC8B22738B.e.2369/click - {}
RESULT: {}
COMMAND: GET /session/47a0cfcb1b688bc57e33978b59aaa3c6/screenshot - {}
RESULT: {}
RESULT: undefined
COMMAND: POST /session/47a0cfcb1b688bc57e33978b59aaa3c6/execute/async - {"script":"<script> [776 bytes]","args":[{"enterText":"10001013","selector":{"controlType":"sap.m.SearchField","properties":{"placeholder":"Search"},"searchOpenDialogs":true,"interaction":{"idSuffix":"I"}},"clearTextFirst":true,"interactionType":"ENTER_TEXT"}]}
RESULT: {"script":"<script> [776 bytes]","args":[{"enterText":"10001013","selector":{"controlType":"sap.m.SearchField","properties":{"placeholder":"Search"},"searchOpenDialogs":true,"interaction":{"idSuffix":"I"}},"clearTextFirst":true,"interactionType":"ENTER_TEXT"}]}
COMMAND: POST /session/47a0cfcb1b688bc57e33978b59aaa3c6/actions - {"actions":[{"id":"action3","type":"key","parameters":{},"actions":[{"type":"keyDown","value":"î€‡"},{"type":"pause","duration":10},{"type":"keyUp","value":"î€‡"}]}]}
RESULT: {"actions":[{"id":"action3","type":"key","parameters":{},"actions":[{"type":"keyDown","value":"î€‡"},{"type":"pause","duration":10},{"type":"keyUp","value":"î€‡"}]}]}
COMMAND: GET /session/47a0cfcb1b688bc57e33978b59aaa3c6/screenshot - {}
RESULT: {}
COMMAND: POST /session/47a0cfcb1b688bc57e33978b59aaa3c6/element - {"using":"xpath","value":"//span[contains(text(), \"General Management\")]"}
RESULT: {"using":"xpath","value":"//span[contains(text(), \"General Management\")]"}
COMMAND: POST /session/47a0cfcb1b688bc57e33978b59aaa3c6/element/f.B7EBD3B9E1BF342B1CF0F76B0C9C80BF.d.EE835D1415EC8350131E87FC8B22738B.e.2408/click - {}
RESULT: {}
COMMAND: GET /session/47a0cfcb1b688bc57e33978b59aaa3c6/screenshot - {}
RESULT: {}
COMMAND: POST /session/47a0cfcb1b688bc57e33978b59aaa3c6/element - {"using":"xpath","value":"//bdi[contains(text(), \"OK\")]"}
RESULT: {"using":"xpath","value":"//bdi[contains(text(), \"OK\")]"}
COMMAND: POST /session/47a0cfcb1b688bc57e33978b59aaa3c6/element/f.B7EBD3B9E1BF342B1CF0F76B0C9C80BF.d.EE835D1415EC8350131E87FC8B22738B.e.2409/click - {}
RESULT: {}
COMMAND: GET /session/47a0cfcb1b688bc57e33978b59aaa3c6/screenshot - {}
RESULT: {}
COMMAND: POST /session/47a0cfcb1b688bc57e33978b59aaa3c6/element - {"using":"xpath","value":"//input[@id=\"application-managesites-display-component---NewSite--addressDetailDetailsCalendar-inner\"]"}
RESULT: {"using":"xpath","value":"//input[@id=\"application-managesites-display-component---NewSite--addressDetailDetailsCalendar-inner\"]"}
COMMAND: POST /session/47a0cfcb1b688bc57e33978b59aaa3c6/element/f.B7EBD3B9E1BF342B1CF0F76B0C9C80BF.d.EE835D1415EC8350131E87FC8B22738B.e.2155/clear - {}
RESULT: {}
COMMAND: POST /session/47a0cfcb1b688bc57e33978b59aaa3c6/element/f.B7EBD3B9E1BF342B1CF0F76B0C9C80BF.d.EE835D1415EC8350131E87FC8B22738B.e.2155/value - {"text":"Unit"}
COMMAND: GET /session/47a0cfcb1b688bc57e33978b59aaa3c6/screenshot - {}
RESULT: {"text":"Unit"}
COMMAND: GET /session/47a0cfcb1b688bc57e33978b59aaa3c6/screenshot - {}
RESULT: {}
RESULT: {}
COMMAND: POST /session/47a0cfcb1b688bc57e33978b59aaa3c6/actions - {"actions":[{"id":"action4","type":"key","parameters":{},"actions":[{"type":"keyDown","value":"î€‡"},{"type":"pause","duration":10},{"type":"keyUp","value":"î€‡"}]}]}
RESULT: {"actions":[{"id":"action4","type":"key","parameters":{},"actions":[{"type":"keyDown","value":"î€‡"},{"type":"pause","duration":10},{"type":"keyUp","value":"î€‡"}]}]}
COMMAND: POST /session/47a0cfcb1b688bc57e33978b59aaa3c6/element - {"using":"xpath","value":"//input[@id=\"application-managesites-display-component---NewSite--addressDetailDetailsYard-inner\"]"}
COMMAND: GET /session/47a0cfcb1b688bc57e33978b59aaa3c6/screenshot - {}
RESULT: {"using":"xpath","value":"//input[@id=\"application-managesites-display-component---NewSite--addressDetailDetailsYard-inner\"]"}
COMMAND: POST /session/47a0cfcb1b688bc57e33978b59aaa3c6/element/f.B7EBD3B9E1BF342B1CF0F76B0C9C80BF.d.EE835D1415EC8350131E87FC8B22738B.e.2156/clear - {}
RESULT: {}
RESULT: {}
COMMAND: POST /session/47a0cfcb1b688bc57e33978b59aaa3c6/element/f.B7EBD3B9E1BF342B1CF0F76B0C9C80BF.d.EE835D1415EC8350131E87FC8B22738B.e.2156/value - {"text":"590"}
COMMAND: GET /session/47a0cfcb1b688bc57e33978b59aaa3c6/screenshot - {}
RESULT: {"text":"590"}
COMMAND: GET /session/47a0cfcb1b688bc57e33978b59aaa3c6/screenshot - {}
RESULT: {}
RESULT: {}
COMMAND: POST /session/47a0cfcb1b688bc57e33978b59aaa3c6/element - {"using":"xpath","value":"//li[.//span[text()='590']]"}
RESULT: {"using":"xpath","value":"//li[.//span[text()='590']]"}
COMMAND: POST /session/47a0cfcb1b688bc57e33978b59aaa3c6/element/f.B7EBD3B9E1BF342B1CF0F76B0C9C80BF.d.EE835D1415EC8350131E87FC8B22738B.e.2417/click - {}
RESULT: {}
COMMAND: GET /session/47a0cfcb1b688bc57e33978b59aaa3c6/screenshot - {}
RESULT: {}
COMMAND: POST /session/47a0cfcb1b688bc57e33978b59aaa3c6/element - {"using":"xpath","value":"//input[@id=\"application-managesites-display-component---NewSite--addressDetailDetailsPartner-inner\"]"}
RESULT: {"using":"xpath","value":"//input[@id=\"application-managesites-display-component---NewSite--addressDetailDetailsPartner-inner\"]"}
COMMAND: POST /session/47a0cfcb1b688bc57e33978b59aaa3c6/element - {"using":"xpath","value":"//input[@id=\"application-managesites-display-component---NewSite--addressDetailDetailsPartner-inner\"]"}
RESULT: {"using":"xpath","value":"//input[@id=\"application-managesites-display-component---NewSite--addressDetailDetailsPartner-inner\"]"}
COMMAND: POST /session/47a0cfcb1b688bc57e33978b59aaa3c6/execute/async - {"script":"<script> [1562 bytes]","args":[{"selector":{"id":"application-managesites-display-component---NewSite--siteWhmCheckBox-label","interaction":{"idSuffix":"bdi"}},"wdio_ui5_key":"applicationmanagesites-display-component---NewSite--siteWhmCheckBox-label"}]}
RESULT: {"script":"<script> [1562 bytes]","args":[{"selector":{"id":"application-managesites-display-component---NewSite--siteWhmCheckBox-label","interaction":{"idSuffix":"bdi"}},"wdio_ui5_key":"applicationmanagesites-display-component---NewSite--siteWhmCheckBox-label"}]}
RESULT: undefined
COMMAND: POST /session/47a0cfcb1b688bc57e33978b59aaa3c6/element - {"using":"xpath","value":"//*[@id=\"application-managesites-display-component---NewSite--siteWhmCheckBox-label\"]"}
RESULT: {"using":"xpath","value":"//*[@id=\"application-managesites-display-component---NewSite--siteWhmCheckBox-label\"]"}
COMMAND: POST /session/47a0cfcb1b688bc57e33978b59aaa3c6/element/f.B7EBD3B9E1BF342B1CF0F76B0C9C80BF.d.EE835D1415EC8350131E87FC8B22738B.e.2419/click - {}
RESULT: {}
COMMAND: GET /session/47a0cfcb1b688bc57e33978b59aaa3c6/screenshot - {}
RESULT: {}
COMMAND: POST /session/47a0cfcb1b688bc57e33978b59aaa3c6/element - {"using":"xpath","value":"//button[@data-kt=\"saveButton\"]"}
RESULT: {"using":"xpath","value":"//button[@data-kt=\"saveButton\"]"}
COMMAND: POST /session/47a0cfcb1b688bc57e33978b59aaa3c6/element/f.B7EBD3B9E1BF342B1CF0F76B0C9C80BF.d.EE835D1415EC8350131E87FC8B22738B.e.2304/click - {}
RESULT: {}
COMMAND: GET /session/47a0cfcb1b688bc57e33978b59aaa3c6/screenshot - {}
RESULT: {}
COMMAND: POST /session/47a0cfcb1b688bc57e33978b59aaa3c6/element - {"using":"xpath","value":"//header[contains(@id, 'ObjectPageLayout-headerTitle')]/div[1]/div[2]/div[2]/span[1]"}
RESULT: {"using":"xpath","value":"//header[contains(@id, 'ObjectPageLayout-headerTitle')]/div[1]/div[2]/div[2]/span[1]"}
COMMAND: POST /session/47a0cfcb1b688bc57e33978b59aaa3c6/elements - {"using":"xpath","value":"//header[contains(@id, 'ObjectPageLayout-headerTitle')]/div[1]/div[2]/div[2]/span[1]"}
RESULT: {"using":"xpath","value":"//header[contains(@id, 'ObjectPageLayout-headerTitle')]/div[1]/div[2]/div[2]/span[1]"}
COMMAND: POST /session/47a0cfcb1b688bc57e33978b59aaa3c6/execute/sync - {"script":"<script> [56 bytes]","args":[{"element-6066-11e4-a52e-4f735466cecf":"f.B7EBD3B9E1BF342B1CF0F76B0C9C80BF.d.EE835D1415EC8350131E87FC8B22738B.e.2621","ELEMENT":"f.B7EBD3B9E1BF342B1CF0F76B0C9C80BF.d.EE835D1415EC8350131E87FC8B22738B.e.2621"}]}
RESULT: {"script":"<script> [56 bytes]","args":[{"element-6066-11e4-a52e-4f735466cecf":"f.B7EBD3B9E1BF342B1CF0F76B0C9C80BF.d.EE835D1415EC8350131E87FC8B22738B.e.2621","ELEMENT":"f.B7EBD3B9E1BF342B1CF0F76B0C9C80BF.d.EE835D1415EC8350131E87FC8B22738B.e.2621"}]}
COMMAND: POST /session/47a0cfcb1b688bc57e33978b59aaa3c6/element - {"using":"css selector","value":"#shell-header-logo"}
COMMAND: GET /session/47a0cfcb1b688bc57e33978b59aaa3c6/screenshot - {}
RESULT: {"using":"css selector","value":"#shell-header-logo"}
COMMAND: POST /session/47a0cfcb1b688bc57e33978b59aaa3c6/element/f.B7EBD3B9E1BF342B1CF0F76B0C9C80BF.d.EE835D1415EC8350131E87FC8B22738B.e.1684/click - {}
RESULT: {}
RESULT: {}
COMMAND: GET /session/47a0cfcb1b688bc57e33978b59aaa3c6/screenshot - {}
RESULT: {}
COMMAND: POST /session/47a0cfcb1b688bc57e33978b59aaa3c6/execute/sync - {"script":"<script> [299 bytes]","args":[["getModel","getResource"]]}
RESULT: {"script":"<script> [299 bytes]","args":[["getModel","getResource"]]}
]]></system-out>
    </testcase>
    <testcase classname="chrome.136_0_7103_93.windows.Stock_increase_-_with_WHM_US125587" name="Should create a new material" time="120.636">
      <system-out><![CDATA[
COMMAND: POST /session/47a0cfcb1b688bc57e33978b59aaa3c6/execute/async - {"script":"<script> [1562 bytes]","args":[{"selector":{"controlType":"sap.m.GenericTile","properties":{"header":"Manage Resources"}},"wdio_ui5_key":"sapm.GenericTile{\"header\":\"Manage Resources\"}"}]}
COMMAND: GET /session/47a0cfcb1b688bc57e33978b59aaa3c6/screenshot - {}
RESULT: {"script":"<script> [1562 bytes]","args":[{"selector":{"controlType":"sap.m.GenericTile","properties":{"header":"Manage Resources"}},"wdio_ui5_key":"sapm.GenericTile{\"header\":\"Manage Resources\"}"}]}
RESULT: undefined
COMMAND: POST /session/47a0cfcb1b688bc57e33978b59aaa3c6/element - {"using":"xpath","value":"//*[@id=\"__tile39\"]"}
RESULT: {}
RESULT: {"using":"xpath","value":"//*[@id=\"__tile39\"]"}
COMMAND: POST /session/47a0cfcb1b688bc57e33978b59aaa3c6/element/f.B7EBD3B9E1BF342B1CF0F76B0C9C80BF.d.EE835D1415EC8350131E87FC8B22738B.e.128/click - {}
RESULT: {}
COMMAND: GET /session/47a0cfcb1b688bc57e33978b59aaa3c6/screenshot - {}
RESULT: {}
COMMAND: POST /session/47a0cfcb1b688bc57e33978b59aaa3c6/elements - {"using":"xpath","value":"//span[text()='Error']"}
RESULT: {"using":"xpath","value":"//span[text()='Error']"}
COMMAND: POST /session/47a0cfcb1b688bc57e33978b59aaa3c6/element - {"using":"xpath","value":"//button[@data-kt=\"addNewRUOverflowToolbarButton\"]"}
RESULT: {"using":"xpath","value":"//button[@data-kt=\"addNewRUOverflowToolbarButton\"]"}
COMMAND: POST /session/47a0cfcb1b688bc57e33978b59aaa3c6/elements - {"using":"xpath","value":"//button[@data-kt=\"addNewRUOverflowToolbarButton\"]"}
RESULT: {"using":"xpath","value":"//button[@data-kt=\"addNewRUOverflowToolbarButton\"]"}
COMMAND: POST /session/47a0cfcb1b688bc57e33978b59aaa3c6/elements - {"using":"xpath","value":"//button[@data-kt=\"addNewRUOverflowToolbarButton\"]"}
RESULT: {"using":"xpath","value":"//button[@data-kt=\"addNewRUOverflowToolbarButton\"]"}
COMMAND: POST /session/47a0cfcb1b688bc57e33978b59aaa3c6/elements - {"using":"xpath","value":"//button[@data-kt=\"addNewRUOverflowToolbarButton\"]"}
RESULT: {"using":"xpath","value":"//button[@data-kt=\"addNewRUOverflowToolbarButton\"]"}
COMMAND: POST /session/47a0cfcb1b688bc57e33978b59aaa3c6/element - {"using":"xpath","value":"//button[@data-kt=\"addNewRUOverflowToolbarButton\"]"}
RESULT: {"using":"xpath","value":"//button[@data-kt=\"addNewRUOverflowToolbarButton\"]"}
COMMAND: POST /session/47a0cfcb1b688bc57e33978b59aaa3c6/execute/sync - {"script":"<script> [8489 bytes]","args":[{"element-6066-11e4-a52e-4f735466cecf":"f.B7EBD3B9E1BF342B1CF0F76B0C9C80BF.d.EE835D1415EC8350131E87FC8B22738B.e.2665","ELEMENT":"f.B7EBD3B9E1BF342B1CF0F76B0C9C80BF.d.EE835D1415EC8350131E87FC8B22738B.e.2665"}]}
RESULT: {"script":"<script> [8489 bytes]","args":[{"element-6066-11e4-a52e-4f735466cecf":"f.B7EBD3B9E1BF342B1CF0F76B0C9C80BF.d.EE835D1415EC8350131E87FC8B22738B.e.2665","ELEMENT":"f.B7EBD3B9E1BF342B1CF0F76B0C9C80BF.d.EE835D1415EC8350131E87FC8B22738B.e.2665"}]}
COMMAND: GET /session/47a0cfcb1b688bc57e33978b59aaa3c6/element/f.B7EBD3B9E1BF342B1CF0F76B0C9C80BF.d.EE835D1415EC8350131E87FC8B22738B.e.2665/enabled - {}
COMMAND: GET /session/47a0cfcb1b688bc57e33978b59aaa3c6/screenshot - {}
RESULT: {}
COMMAND: POST /session/47a0cfcb1b688bc57e33978b59aaa3c6/execute/sync - {"script":"<script> [8489 bytes]","args":[{"element-6066-11e4-a52e-4f735466cecf":"f.B7EBD3B9E1BF342B1CF0F76B0C9C80BF.d.EE835D1415EC8350131E87FC8B22738B.e.2665","ELEMENT":"f.B7EBD3B9E1BF342B1CF0F76B0C9C80BF.d.EE835D1415EC8350131E87FC8B22738B.e.2665"}]}
COMMAND: GET /session/47a0cfcb1b688bc57e33978b59aaa3c6/screenshot - {}
RESULT: {}
RESULT: {"script":"<script> [8489 bytes]","args":[{"element-6066-11e4-a52e-4f735466cecf":"f.B7EBD3B9E1BF342B1CF0F76B0C9C80BF.d.EE835D1415EC8350131E87FC8B22738B.e.2665","ELEMENT":"f.B7EBD3B9E1BF342B1CF0F76B0C9C80BF.d.EE835D1415EC8350131E87FC8B22738B.e.2665"}]}
COMMAND: POST /session/47a0cfcb1b688bc57e33978b59aaa3c6/execute/sync - {"script":"<script> [5351 bytes]","args":[{"element-6066-11e4-a52e-4f735466cecf":"f.B7EBD3B9E1BF342B1CF0F76B0C9C80BF.d.EE835D1415EC8350131E87FC8B22738B.e.2665","ELEMENT":"f.B7EBD3B9E1BF342B1CF0F76B0C9C80BF.d.EE835D1415EC8350131E87FC8B22738B.e.2665"}]}
COMMAND: GET /session/47a0cfcb1b688bc57e33978b59aaa3c6/screenshot - {}
RESULT: {}
RESULT: {"script":"<script> [5351 bytes]","args":[{"element-6066-11e4-a52e-4f735466cecf":"f.B7EBD3B9E1BF342B1CF0F76B0C9C80BF.d.EE835D1415EC8350131E87FC8B22738B.e.2665","ELEMENT":"f.B7EBD3B9E1BF342B1CF0F76B0C9C80BF.d.EE835D1415EC8350131E87FC8B22738B.e.2665"}]}
COMMAND: POST /session/47a0cfcb1b688bc57e33978b59aaa3c6/element/f.B7EBD3B9E1BF342B1CF0F76B0C9C80BF.d.EE835D1415EC8350131E87FC8B22738B.e.2665/click - {}
COMMAND: GET /session/47a0cfcb1b688bc57e33978b59aaa3c6/screenshot - {}
RESULT: {}
RESULT: {}
COMMAND: GET /session/47a0cfcb1b688bc57e33978b59aaa3c6/screenshot - {}
RESULT: {}
COMMAND: POST /session/47a0cfcb1b688bc57e33978b59aaa3c6/execute/async - {"script":"<script> [1562 bytes]","args":[{"selector":{"id":"application-manageresources-display-component---newResourceUnit--TYPE-arrow"},"wdio_ui5_key":"applicationmanageresources-display-component---newResourceUnit--TYPE-arrow"}]}
RESULT: {}
RESULT: {"script":"<script> [1562 bytes]","args":[{"selector":{"id":"application-manageresources-display-component---newResourceUnit--TYPE-arrow"},"wdio_ui5_key":"applicationmanageresources-display-component---newResourceUnit--TYPE-arrow"}]}
RESULT: undefined
COMMAND: POST /session/47a0cfcb1b688bc57e33978b59aaa3c6/element - {"using":"xpath","value":"//*[@id=\"application-manageresources-display-component---newResourceUnit--TYPE-arrow\"]"}
RESULT: {"using":"xpath","value":"//*[@id=\"application-manageresources-display-component---newResourceUnit--TYPE-arrow\"]"}
COMMAND: POST /session/47a0cfcb1b688bc57e33978b59aaa3c6/element/f.B7EBD3B9E1BF342B1CF0F76B0C9C80BF.d.EE835D1415EC8350131E87FC8B22738B.e.3012/click - {}
RESULT: {}
COMMAND: POST /session/47a0cfcb1b688bc57e33978b59aaa3c6/element - {"using":"xpath","value":"//input[@id=\"application-manageresources-display-component---newResourceUnit--TYPE-inner\"]"}
COMMAND: GET /session/47a0cfcb1b688bc57e33978b59aaa3c6/screenshot - {}
RESULT: {"using":"xpath","value":"//input[@id=\"application-manageresources-display-component---newResourceUnit--TYPE-inner\"]"}
COMMAND: POST /session/47a0cfcb1b688bc57e33978b59aaa3c6/element/f.B7EBD3B9E1BF342B1CF0F76B0C9C80BF.d.EE835D1415EC8350131E87FC8B22738B.e.3004/clear - {}
RESULT: {}
RESULT: {}
COMMAND: POST /session/47a0cfcb1b688bc57e33978b59aaa3c6/element/f.B7EBD3B9E1BF342B1CF0F76B0C9C80BF.d.EE835D1415EC8350131E87FC8B22738B.e.3004/value - {"text":"Material"}
COMMAND: GET /session/47a0cfcb1b688bc57e33978b59aaa3c6/screenshot - {}
RESULT: {"text":"Material"}
COMMAND: GET /session/47a0cfcb1b688bc57e33978b59aaa3c6/screenshot - {}
RESULT: {}
RESULT: {}
COMMAND: POST /session/47a0cfcb1b688bc57e33978b59aaa3c6/actions - {"actions":[{"id":"action5","type":"key","parameters":{},"actions":[{"type":"keyDown","value":"î€‡"},{"type":"pause","duration":10},{"type":"keyUp","value":"î€‡"}]}]}
RESULT: {"actions":[{"id":"action5","type":"key","parameters":{},"actions":[{"type":"keyDown","value":"î€‡"},{"type":"pause","duration":10},{"type":"keyUp","value":"î€‡"}]}]}
COMMAND: POST /session/47a0cfcb1b688bc57e33978b59aaa3c6/execute/async - {"script":"<script> [1562 bytes]","args":[{"selector":{"id":"application-manageresources-display-component---newResourceUnit--SHORT_TEXT","interaction":{"idSuffix":"inner"}},"wdio_ui5_key":"applicationmanageresources-display-component---newResourceUnit--SHORT_TEXT"}]}
COMMAND: GET /session/47a0cfcb1b688bc57e33978b59aaa3c6/screenshot - {}
RESULT: {"script":"<script> [1562 bytes]","args":[{"selector":{"id":"application-manageresources-display-component---newResourceUnit--SHORT_TEXT","interaction":{"idSuffix":"inner"}},"wdio_ui5_key":"applicationmanageresources-display-component---newResourceUnit--SHORT_TEXT"}]}
RESULT: undefined
COMMAND: POST /session/47a0cfcb1b688bc57e33978b59aaa3c6/execute/async - {"script":"<script> [776 bytes]","args":[{"enterText":"Cement WDIO","selector":{"id":"application-manageresources-display-component---newResourceUnit--SHORT_TEXT","interaction":{"idSuffix":"inner"}},"clearTextFirst":true,"interactionType":"ENTER_TEXT"}]}
RESULT: {}
RESULT: {"script":"<script> [776 bytes]","args":[{"enterText":"Cement WDIO","selector":{"id":"application-manageresources-display-component---newResourceUnit--SHORT_TEXT","interaction":{"idSuffix":"inner"}},"clearTextFirst":true,"interactionType":"ENTER_TEXT"}]}
COMMAND: POST /session/47a0cfcb1b688bc57e33978b59aaa3c6/execute/async - {"script":"<script> [1562 bytes]","args":[{"selector":{"id":"application-manageresources-display-component---newResourceUnit--BASE_UNIT_OF_MEASURE","interaction":{"idSuffix":"inner"}},"wdio_ui5_key":"applicationmanageresources-display-component---newResourceUnit--BASE_UNIT_OF_MEASURE"}]}
RESULT: {"script":"<script> [1562 bytes]","args":[{"selector":{"id":"application-manageresources-display-component---newResourceUnit--BASE_UNIT_OF_MEASURE","interaction":{"idSuffix":"inner"}},"wdio_ui5_key":"applicationmanageresources-display-component---newResourceUnit--BASE_UNIT_OF_MEASURE"}]}
RESULT: undefined
COMMAND: POST /session/47a0cfcb1b688bc57e33978b59aaa3c6/execute/async - {"script":"<script> [776 bytes]","args":[{"enterText":"Piece","selector":{"id":"application-manageresources-display-component---newResourceUnit--BASE_UNIT_OF_MEASURE","interaction":{"idSuffix":"inner"}},"clearTextFirst":true,"interactionType":"ENTER_TEXT"}]}
RESULT: {"script":"<script> [776 bytes]","args":[{"enterText":"Piece","selector":{"id":"application-manageresources-display-component---newResourceUnit--BASE_UNIT_OF_MEASURE","interaction":{"idSuffix":"inner"}},"clearTextFirst":true,"interactionType":"ENTER_TEXT"}]}
COMMAND: POST /session/47a0cfcb1b688bc57e33978b59aaa3c6/execute/async - {"script":"<script> [1562 bytes]","args":[{"selector":{"id":"application-manageresources-display-component---newResourceUnit--WEIGHT_UNIT","interaction":{"idSuffix":"inner"}},"wdio_ui5_key":"applicationmanageresources-display-component---newResourceUnit--WEIGHT_UNIT"}]}
RESULT: {"script":"<script> [1562 bytes]","args":[{"selector":{"id":"application-manageresources-display-component---newResourceUnit--WEIGHT_UNIT","interaction":{"idSuffix":"inner"}},"wdio_ui5_key":"applicationmanageresources-display-component---newResourceUnit--WEIGHT_UNIT"}]}
RESULT: undefined
COMMAND: POST /session/47a0cfcb1b688bc57e33978b59aaa3c6/execute/async - {"script":"<script> [776 bytes]","args":[{"enterText":"Gram","selector":{"id":"application-manageresources-display-component---newResourceUnit--WEIGHT_UNIT","interaction":{"idSuffix":"inner"}},"clearTextFirst":true,"interactionType":"ENTER_TEXT"}]}
RESULT: {"script":"<script> [776 bytes]","args":[{"enterText":"Gram","selector":{"id":"application-manageresources-display-component---newResourceUnit--WEIGHT_UNIT","interaction":{"idSuffix":"inner"}},"clearTextFirst":true,"interactionType":"ENTER_TEXT"}]}
COMMAND: POST /session/47a0cfcb1b688bc57e33978b59aaa3c6/execute/async - {"script":"<script> [1562 bytes]","args":[{"selector":{"id":"application-manageresources-display-component---newResourceUnit--DIMENSION_UNIT","interaction":{"idSuffix":"inner"}},"wdio_ui5_key":"applicationmanageresources-display-component---newResourceUnit--DIMENSION_UNIT"}]}
RESULT: {"script":"<script> [1562 bytes]","args":[{"selector":{"id":"application-manageresources-display-component---newResourceUnit--DIMENSION_UNIT","interaction":{"idSuffix":"inner"}},"wdio_ui5_key":"applicationmanageresources-display-component---newResourceUnit--DIMENSION_UNIT"}]}
RESULT: undefined
COMMAND: POST /session/47a0cfcb1b688bc57e33978b59aaa3c6/execute/async - {"script":"<script> [776 bytes]","args":[{"enterText":"Meter","selector":{"id":"application-manageresources-display-component---newResourceUnit--DIMENSION_UNIT","interaction":{"idSuffix":"inner"}},"clearTextFirst":true,"interactionType":"ENTER_TEXT"}]}
RESULT: {"script":"<script> [776 bytes]","args":[{"enterText":"Meter","selector":{"id":"application-manageresources-display-component---newResourceUnit--DIMENSION_UNIT","interaction":{"idSuffix":"inner"}},"clearTextFirst":true,"interactionType":"ENTER_TEXT"}]}
COMMAND: POST /session/47a0cfcb1b688bc57e33978b59aaa3c6/execute/async - {"script":"<script> [1562 bytes]","args":[{"selector":{"id":"application-manageresources-display-component---newResourceUnit--newRRUPage-anchBar-application-manageresources-display-component---newResourceUnit--control-anchor","interaction":{"idSuffix":"BDI-content"}},"wdio_ui5_key":"applicationmanageresources-display-component---newResourceUnit--newRRUPage-anchBar-application-manageresources-display-component---newResourceUnit--control-anchor"}]}
RESULT: {"script":"<script> [1562 bytes]","args":[{"selector":{"id":"application-manageresources-display-component---newResourceUnit--newRRUPage-anchBar-application-manageresources-display-component---newResourceUnit--control-anchor","interaction":{"idSuffix":"BDI-content"}},"wdio_ui5_key":"applicationmanageresources-display-component---newResourceUnit--newRRUPage-anchBar-application-manageresources-display-component---newResourceUnit--control-anchor"}]}
RESULT: undefined
COMMAND: POST /session/47a0cfcb1b688bc57e33978b59aaa3c6/element - {"using":"xpath","value":"//*[@id=\"application-manageresources-display-component---newResourceUnit--newRRUPage-anchBar-application-manageresources-display-component---newResourceUnit--control-anchor\"]"}
RESULT: {"using":"xpath","value":"//*[@id=\"application-manageresources-display-component---newResourceUnit--newRRUPage-anchBar-application-manageresources-display-component---newResourceUnit--control-anchor\"]"}
COMMAND: POST /session/47a0cfcb1b688bc57e33978b59aaa3c6/element/f.B7EBD3B9E1BF342B1CF0F76B0C9C80BF.d.EE835D1415EC8350131E87FC8B22738B.e.3076/click - {}
RESULT: {}
COMMAND: POST /session/47a0cfcb1b688bc57e33978b59aaa3c6/execute/async - {"script":"<script> [1562 bytes]","args":[{"selector":{"id":"application-manageresources-display-component---newResourceUnit--PLANNING_GROUP","interaction":{"idSuffix":"inner"}},"wdio_ui5_key":"applicationmanageresources-display-component---newResourceUnit--PLANNING_GROUP"}]}
COMMAND: GET /session/47a0cfcb1b688bc57e33978b59aaa3c6/screenshot - {}
RESULT: {"script":"<script> [1562 bytes]","args":[{"selector":{"id":"application-manageresources-display-component---newResourceUnit--PLANNING_GROUP","interaction":{"idSuffix":"inner"}},"wdio_ui5_key":"applicationmanageresources-display-component---newResourceUnit--PLANNING_GROUP"}]}
RESULT: undefined
COMMAND: POST /session/47a0cfcb1b688bc57e33978b59aaa3c6/execute/async - {"script":"<script> [776 bytes]","args":[{"enterText":"Material","selector":{"id":"application-manageresources-display-component---newResourceUnit--PLANNING_GROUP","interaction":{"idSuffix":"inner"}},"clearTextFirst":true,"interactionType":"ENTER_TEXT"}]}
RESULT: {}
RESULT: {"script":"<script> [776 bytes]","args":[{"enterText":"Material","selector":{"id":"application-manageresources-display-component---newResourceUnit--PLANNING_GROUP","interaction":{"idSuffix":"inner"}},"clearTextFirst":true,"interactionType":"ENTER_TEXT"}]}
COMMAND: POST /session/47a0cfcb1b688bc57e33978b59aaa3c6/execute/async - {"script":"<script> [1562 bytes]","args":[{"selector":{"id":"application-manageresources-display-component---newResourceUnit--PLANNING_INDICATOR","interaction":{"idSuffix":"inner"}},"wdio_ui5_key":"applicationmanageresources-display-component---newResourceUnit--PLANNING_INDICATOR"}]}
RESULT: {"script":"<script> [1562 bytes]","args":[{"selector":{"id":"application-manageresources-display-component---newResourceUnit--PLANNING_INDICATOR","interaction":{"idSuffix":"inner"}},"wdio_ui5_key":"applicationmanageresources-display-component---newResourceUnit--PLANNING_INDICATOR"}]}
RESULT: undefined
COMMAND: POST /session/47a0cfcb1b688bc57e33978b59aaa3c6/execute/async - {"script":"<script> [776 bytes]","args":[{"enterText":"10 - infinite","selector":{"id":"application-manageresources-display-component---newResourceUnit--PLANNING_INDICATOR","interaction":{"idSuffix":"inner"}},"clearTextFirst":true,"interactionType":"ENTER_TEXT"}]}
RESULT: {"script":"<script> [776 bytes]","args":[{"enterText":"10 - infinite","selector":{"id":"application-manageresources-display-component---newResourceUnit--PLANNING_INDICATOR","interaction":{"idSuffix":"inner"}},"clearTextFirst":true,"interactionType":"ENTER_TEXT"}]}
COMMAND: POST /session/47a0cfcb1b688bc57e33978b59aaa3c6/element - {"using":"css selector","value":"#application-manageresources-display-component---newResourceUnit--btnAddTimeSegment"}
RESULT: {"using":"css selector","value":"#application-manageresources-display-component---newResourceUnit--btnAddTimeSegment"}
COMMAND: GET /session/47a0cfcb1b688bc57e33978b59aaa3c6/element/f.B7EBD3B9E1BF342B1CF0F76B0C9C80BF.d.EE835D1415EC8350131E87FC8B22738B.e.3086/rect - {}
RESULT: {}
COMMAND: GET /session/47a0cfcb1b688bc57e33978b59aaa3c6/window/rect - {}
RESULT: {}
COMMAND: POST /session/47a0cfcb1b688bc57e33978b59aaa3c6/execute/sync - {"script":"<script> [92 bytes]","args":[]}
RESULT: {"script":"<script> [92 bytes]","args":[]}
COMMAND: POST /session/47a0cfcb1b688bc57e33978b59aaa3c6/actions - {"actions":[{"id":"action6","type":"wheel","parameters":{},"actions":[{"type":"scroll","x":-1888,"y":-32,"deltaX":0,"deltaY":0,"duration":0,"origin":{"element-6066-11e4-a52e-4f735466cecf":"f.B7EBD3B9E1BF342B1CF0F76B0C9C80BF.d.EE835D1415EC8350131E87FC8B22738B.e.3086"}}]}]}
COMMAND: GET /session/47a0cfcb1b688bc57e33978b59aaa3c6/screenshot - {}
RESULT: {}
COMMAND: POST /session/47a0cfcb1b688bc57e33978b59aaa3c6/execute/sync - {"script":"<script> [79 bytes]","args":[{"element-6066-11e4-a52e-4f735466cecf":"f.B7EBD3B9E1BF342B1CF0F76B0C9C80BF.d.EE835D1415EC8350131E87FC8B22738B.e.3086","ELEMENT":"f.B7EBD3B9E1BF342B1CF0F76B0C9C80BF.d.EE835D1415EC8350131E87FC8B22738B.e.3086"},{"block":"start","inline":"nearest"}]}
RESULT: {"script":"<script> [79 bytes]","args":[{"element-6066-11e4-a52e-4f735466cecf":"f.B7EBD3B9E1BF342B1CF0F76B0C9C80BF.d.EE835D1415EC8350131E87FC8B22738B.e.3086","ELEMENT":"f.B7EBD3B9E1BF342B1CF0F76B0C9C80BF.d.EE835D1415EC8350131E87FC8B22738B.e.3086"},{"block":"start","inline":"nearest"}]}
COMMAND: POST /session/47a0cfcb1b688bc57e33978b59aaa3c6/execute/async - {"script":"<script> [1562 bytes]","args":[{"selector":{"id":"application-manageresources-display-component---newResourceUnit--btnAddTimeSegment","interaction":{"idSuffix":"inner"}},"wdio_ui5_key":"applicationmanageresources-display-component---newResourceUnit--btnAddTimeSegment"}]}
COMMAND: GET /session/47a0cfcb1b688bc57e33978b59aaa3c6/screenshot - {}
RESULT: {"script":"<script> [1562 bytes]","args":[{"selector":{"id":"application-manageresources-display-component---newResourceUnit--btnAddTimeSegment","interaction":{"idSuffix":"inner"}},"wdio_ui5_key":"applicationmanageresources-display-component---newResourceUnit--btnAddTimeSegment"}]}
RESULT: undefined
COMMAND: POST /session/47a0cfcb1b688bc57e33978b59aaa3c6/element - {"using":"xpath","value":"//*[@id=\"application-manageresources-display-component---newResourceUnit--btnAddTimeSegment\"]"}
RESULT: {}
RESULT: {"using":"xpath","value":"//*[@id=\"application-manageresources-display-component---newResourceUnit--btnAddTimeSegment\"]"}
COMMAND: POST /session/47a0cfcb1b688bc57e33978b59aaa3c6/element/f.B7EBD3B9E1BF342B1CF0F76B0C9C80BF.d.EE835D1415EC8350131E87FC8B22738B.e.3086/click - {}
RESULT: {}
COMMAND: GET /session/47a0cfcb1b688bc57e33978b59aaa3c6/screenshot - {}
RESULT: {}
COMMAND: POST /session/47a0cfcb1b688bc57e33978b59aaa3c6/element - {"using":"xpath","value":"//input[@id=\"application-manageresources-display-component---newResourceUnit--idRuTSAdmin-application-manageresources-display-component---newResourceUnit--RUTimeSegment-0-inner\"]"}
RESULT: {"using":"xpath","value":"//input[@id=\"application-manageresources-display-component---newResourceUnit--idRuTSAdmin-application-manageresources-display-component---newResourceUnit--RUTimeSegment-0-inner\"]"}
COMMAND: POST /session/47a0cfcb1b688bc57e33978b59aaa3c6/element/f.B7EBD3B9E1BF342B1CF0F76B0C9C80BF.d.EE835D1415EC8350131E87FC8B22738B.e.3091/clear - {}
RESULT: {}
COMMAND: POST /session/47a0cfcb1b688bc57e33978b59aaa3c6/element/f.B7EBD3B9E1BF342B1CF0F76B0C9C80BF.d.EE835D1415EC8350131E87FC8B22738B.e.3091/value - {"text":"590"}
COMMAND: GET /session/47a0cfcb1b688bc57e33978b59aaa3c6/screenshot - {}
RESULT: {"text":"590"}
COMMAND: GET /session/47a0cfcb1b688bc57e33978b59aaa3c6/screenshot - {}
RESULT: {}
RESULT: {}
COMMAND: POST /session/47a0cfcb1b688bc57e33978b59aaa3c6/element - {"using":"xpath","value":"//li[.//span[text()='590']]"}
RESULT: {"using":"xpath","value":"//li[.//span[text()='590']]"}
COMMAND: POST /session/47a0cfcb1b688bc57e33978b59aaa3c6/element/f.B7EBD3B9E1BF342B1CF0F76B0C9C80BF.d.EE835D1415EC8350131E87FC8B22738B.e.3100/click - {}
RESULT: {}
COMMAND: GET /session/47a0cfcb1b688bc57e33978b59aaa3c6/screenshot - {}
RESULT: {}
COMMAND: POST /session/47a0cfcb1b688bc57e33978b59aaa3c6/element - {"using":"xpath","value":"(//span[contains(@id, \"-application-manageresources-display-component---newResourceUnit--RUTimeSegment-0-arrow\")])[2]"}
RESULT: {"using":"xpath","value":"(//span[contains(@id, \"-application-manageresources-display-component---newResourceUnit--RUTimeSegment-0-arrow\")])[2]"}
COMMAND: POST /session/47a0cfcb1b688bc57e33978b59aaa3c6/element/f.B7EBD3B9E1BF342B1CF0F76B0C9C80BF.d.EE835D1415EC8350131E87FC8B22738B.e.3101/click - {}
RESULT: {}
COMMAND: POST /session/47a0cfcb1b688bc57e33978b59aaa3c6/element - {"using":"xpath","value":"//span[contains(text(), \"PM Order\")]"}
COMMAND: GET /session/47a0cfcb1b688bc57e33978b59aaa3c6/screenshot - {}
RESULT: {"using":"xpath","value":"//span[contains(text(), \"PM Order\")]"}
COMMAND: POST /session/47a0cfcb1b688bc57e33978b59aaa3c6/element/f.B7EBD3B9E1BF342B1CF0F76B0C9C80BF.d.EE835D1415EC8350131E87FC8B22738B.e.3102/click - {}
RESULT: {}
RESULT: {}
COMMAND: GET /session/47a0cfcb1b688bc57e33978b59aaa3c6/screenshot - {}
RESULT: {}
COMMAND: POST /session/47a0cfcb1b688bc57e33978b59aaa3c6/element - {"using":"xpath","value":"//td/div/div/div/span[contains(@id, \"newResourceUnit--RUTimeSegment-0-vhi\")][1]"}
RESULT: {"using":"xpath","value":"//td/div/div/div/span[contains(@id, \"newResourceUnit--RUTimeSegment-0-vhi\")][1]"}
COMMAND: GET /session/47a0cfcb1b688bc57e33978b59aaa3c6/element/f.B7EBD3B9E1BF342B1CF0F76B0C9C80BF.d.EE835D1415EC8350131E87FC8B22738B.e.3106/rect - {}
RESULT: {}
COMMAND: GET /session/47a0cfcb1b688bc57e33978b59aaa3c6/window/rect - {}
RESULT: {}
COMMAND: POST /session/47a0cfcb1b688bc57e33978b59aaa3c6/execute/sync - {"script":"<script> [92 bytes]","args":[]}
RESULT: {"script":"<script> [92 bytes]","args":[]}
COMMAND: POST /session/47a0cfcb1b688bc57e33978b59aaa3c6/actions - {"actions":[{"id":"action7","type":"wheel","parameters":{},"actions":[{"type":"scroll","x":-1888,"y":-24,"deltaX":0,"deltaY":0,"duration":0,"origin":{"element-6066-11e4-a52e-4f735466cecf":"f.B7EBD3B9E1BF342B1CF0F76B0C9C80BF.d.EE835D1415EC8350131E87FC8B22738B.e.3106"}}]}]}
COMMAND: GET /session/47a0cfcb1b688bc57e33978b59aaa3c6/screenshot - {}
RESULT: {}
COMMAND: POST /session/47a0cfcb1b688bc57e33978b59aaa3c6/execute/sync - {"script":"<script> [79 bytes]","args":[{"element-6066-11e4-a52e-4f735466cecf":"f.B7EBD3B9E1BF342B1CF0F76B0C9C80BF.d.EE835D1415EC8350131E87FC8B22738B.e.3106","ELEMENT":"f.B7EBD3B9E1BF342B1CF0F76B0C9C80BF.d.EE835D1415EC8350131E87FC8B22738B.e.3106"},{"block":"start","inline":"nearest"}]}
RESULT: {"script":"<script> [79 bytes]","args":[{"element-6066-11e4-a52e-4f735466cecf":"f.B7EBD3B9E1BF342B1CF0F76B0C9C80BF.d.EE835D1415EC8350131E87FC8B22738B.e.3106","ELEMENT":"f.B7EBD3B9E1BF342B1CF0F76B0C9C80BF.d.EE835D1415EC8350131E87FC8B22738B.e.3106"},{"block":"start","inline":"nearest"}]}
COMMAND: GET /session/47a0cfcb1b688bc57e33978b59aaa3c6/screenshot - {}
RESULT: {}
COMMAND: POST /session/47a0cfcb1b688bc57e33978b59aaa3c6/element/f.B7EBD3B9E1BF342B1CF0F76B0C9C80BF.d.EE835D1415EC8350131E87FC8B22738B.e.3106/click - {}
RESULT: {}
COMMAND: GET /session/47a0cfcb1b688bc57e33978b59aaa3c6/screenshot - {}
RESULT: {}
RESULT: undefined
COMMAND: POST /session/47a0cfcb1b688bc57e33978b59aaa3c6/execute/async - {"script":"<script> [776 bytes]","args":[{"enterText":"4000360","selector":{"controlType":"sap.m.SearchField","properties":{"placeholder":"Search"},"searchOpenDialogs":true,"interaction":{"idSuffix":"I"}},"clearTextFirst":true,"interactionType":"ENTER_TEXT"}]}
RESULT: {"script":"<script> [776 bytes]","args":[{"enterText":"4000360","selector":{"controlType":"sap.m.SearchField","properties":{"placeholder":"Search"},"searchOpenDialogs":true,"interaction":{"idSuffix":"I"}},"clearTextFirst":true,"interactionType":"ENTER_TEXT"}]}
COMMAND: POST /session/47a0cfcb1b688bc57e33978b59aaa3c6/actions - {"actions":[{"id":"action8","type":"key","parameters":{},"actions":[{"type":"keyDown","value":"î€‡"},{"type":"pause","duration":10},{"type":"keyUp","value":"î€‡"}]}]}
RESULT: {"actions":[{"id":"action8","type":"key","parameters":{},"actions":[{"type":"keyDown","value":"î€‡"},{"type":"pause","duration":10},{"type":"keyUp","value":"î€‡"}]}]}
COMMAND: GET /session/47a0cfcb1b688bc57e33978b59aaa3c6/screenshot - {}
RESULT: {}
COMMAND: POST /session/47a0cfcb1b688bc57e33978b59aaa3c6/element - {"using":"xpath","value":"//td/div/span[contains(text(), \"BGL Vehicles\")]"}
RESULT: {"using":"xpath","value":"//td/div/span[contains(text(), \"BGL Vehicles\")]"}
COMMAND: POST /session/47a0cfcb1b688bc57e33978b59aaa3c6/element/f.B7EBD3B9E1BF342B1CF0F76B0C9C80BF.d.EE835D1415EC8350131E87FC8B22738B.e.3124/click - {}
RESULT: {}
COMMAND: GET /session/47a0cfcb1b688bc57e33978b59aaa3c6/screenshot - {}
RESULT: {}
COMMAND: POST /session/47a0cfcb1b688bc57e33978b59aaa3c6/element - {"using":"xpath","value":"//bdi[contains(text(), \"OK\")]"}
RESULT: {"using":"xpath","value":"//bdi[contains(text(), \"OK\")]"}
COMMAND: POST /session/47a0cfcb1b688bc57e33978b59aaa3c6/element/f.B7EBD3B9E1BF342B1CF0F76B0C9C80BF.d.EE835D1415EC8350131E87FC8B22738B.e.3125/click - {}
RESULT: {}
COMMAND: GET /session/47a0cfcb1b688bc57e33978b59aaa3c6/screenshot - {}
RESULT: {}
COMMAND: POST /session/47a0cfcb1b688bc57e33978b59aaa3c6/element - {"using":"xpath","value":"//label[contains(@class, 'sapMLabelRequired') and .//bdi[contains(text(), 'Planned Retirement')]]"}
RESULT: {"using":"xpath","value":"//label[contains(@class, 'sapMLabelRequired') and .//bdi[contains(text(), 'Planned Retirement')]]"}
COMMAND: POST /session/47a0cfcb1b688bc57e33978b59aaa3c6/elements - {"using":"xpath","value":"//label[contains(@class, 'sapMLabelRequired') and .//bdi[contains(text(), 'Planned Retirement')]]"}
RESULT: {"using":"xpath","value":"//label[contains(@class, 'sapMLabelRequired') and .//bdi[contains(text(), 'Planned Retirement')]]"}
COMMAND: POST /session/47a0cfcb1b688bc57e33978b59aaa3c6/element - {"using":"xpath","value":"//button[@data-kt=\"resourceUnitSaveButton\"]"}
RESULT: {"using":"xpath","value":"//button[@data-kt=\"resourceUnitSaveButton\"]"}
COMMAND: POST /session/47a0cfcb1b688bc57e33978b59aaa3c6/element/f.B7EBD3B9E1BF342B1CF0F76B0C9C80BF.d.EE835D1415EC8350131E87FC8B22738B.e.3029/click - {}
RESULT: {}
COMMAND: GET /session/47a0cfcb1b688bc57e33978b59aaa3c6/screenshot - {}
RESULT: {}
COMMAND: POST /session/47a0cfcb1b688bc57e33978b59aaa3c6/element - {"using":"xpath","value":"//bdi[contains(text(), \"Close\")]"}
RESULT: {"using":"xpath","value":"//bdi[contains(text(), \"Close\")]"}
COMMAND: POST /session/47a0cfcb1b688bc57e33978b59aaa3c6/element/f.B7EBD3B9E1BF342B1CF0F76B0C9C80BF.d.EE835D1415EC8350131E87FC8B22738B.e.3132/click - {}
RESULT: {}
COMMAND: GET /session/47a0cfcb1b688bc57e33978b59aaa3c6/screenshot - {}
RESULT: {}
COMMAND: POST /session/47a0cfcb1b688bc57e33978b59aaa3c6/element - {"using":"xpath","value":"//header[contains(@id, 'detailRruPage-headerTitle')]/div[1]/div[2]/div[2]/span[1]"}
RESULT: {"using":"xpath","value":"//header[contains(@id, 'detailRruPage-headerTitle')]/div[1]/div[2]/div[2]/span[1]"}
COMMAND: POST /session/47a0cfcb1b688bc57e33978b59aaa3c6/elements - {"using":"xpath","value":"//header[contains(@id, 'detailRruPage-headerTitle')]/div[1]/div[2]/div[2]/span[1]"}
RESULT: {"using":"xpath","value":"//header[contains(@id, 'detailRruPage-headerTitle')]/div[1]/div[2]/div[2]/span[1]"}
COMMAND: POST /session/47a0cfcb1b688bc57e33978b59aaa3c6/execute/sync - {"script":"<script> [56 bytes]","args":[{"element-6066-11e4-a52e-4f735466cecf":"f.B7EBD3B9E1BF342B1CF0F76B0C9C80BF.d.EE835D1415EC8350131E87FC8B22738B.e.3166","ELEMENT":"f.B7EBD3B9E1BF342B1CF0F76B0C9C80BF.d.EE835D1415EC8350131E87FC8B22738B.e.3166"}]}
RESULT: {"script":"<script> [56 bytes]","args":[{"element-6066-11e4-a52e-4f735466cecf":"f.B7EBD3B9E1BF342B1CF0F76B0C9C80BF.d.EE835D1415EC8350131E87FC8B22738B.e.3166","ELEMENT":"f.B7EBD3B9E1BF342B1CF0F76B0C9C80BF.d.EE835D1415EC8350131E87FC8B22738B.e.3166"}]}
COMMAND: POST /session/47a0cfcb1b688bc57e33978b59aaa3c6/element - {"using":"css selector","value":"#shell-header-logo"}
COMMAND: GET /session/47a0cfcb1b688bc57e33978b59aaa3c6/screenshot - {}
RESULT: {"using":"css selector","value":"#shell-header-logo"}
COMMAND: POST /session/47a0cfcb1b688bc57e33978b59aaa3c6/element/f.B7EBD3B9E1BF342B1CF0F76B0C9C80BF.d.EE835D1415EC8350131E87FC8B22738B.e.2625/click - {}
RESULT: {}
RESULT: {}
COMMAND: GET /session/47a0cfcb1b688bc57e33978b59aaa3c6/screenshot - {}
RESULT: {}
]]></system-out>
    </testcase>
    <testcase classname="chrome.136_0_7103_93.windows.Stock_increase_-_with_WHM_US125587" name="Bin Status Report Should Create New Organization yard" time="84.766">
      <system-out><![CDATA[
COMMAND: POST /session/47a0cfcb1b688bc57e33978b59aaa3c6/execute/async - {"script":"<script> [1562 bytes]","args":[{"selector":{"controlType":"sap.m.GenericTile","properties":{"header":"Bin Status Report"}},"wdio_ui5_key":"sapm.GenericTile{\"header\":\"Bin Status Report\"}"}]}
RESULT: {"script":"<script> [1562 bytes]","args":[{"selector":{"controlType":"sap.m.GenericTile","properties":{"header":"Bin Status Report"}},"wdio_ui5_key":"sapm.GenericTile{\"header\":\"Bin Status Report\"}"}]}
RESULT: undefined
COMMAND: POST /session/47a0cfcb1b688bc57e33978b59aaa3c6/element - {"using":"xpath","value":"//*[@id=\"__tile104\"]"}
RESULT: {"using":"xpath","value":"//*[@id=\"__tile104\"]"}
COMMAND: POST /session/47a0cfcb1b688bc57e33978b59aaa3c6/element/f.B7EBD3B9E1BF342B1CF0F76B0C9C80BF.d.EE835D1415EC8350131E87FC8B22738B.e.3168/click - {}
RESULT: {}
COMMAND: GET /session/47a0cfcb1b688bc57e33978b59aaa3c6/screenshot - {}
RESULT: {}
COMMAND: POST /session/47a0cfcb1b688bc57e33978b59aaa3c6/elements - {"using":"xpath","value":"//span[text()='Error']"}
RESULT: {"using":"xpath","value":"//span[text()='Error']"}
COMMAND: POST /session/47a0cfcb1b688bc57e33978b59aaa3c6/element - {"using":"xpath","value":"//button[@id=\"application-binstatusreport-display-component---warehousing--createOrgBtn\"]"}
RESULT: {"using":"xpath","value":"//button[@id=\"application-binstatusreport-display-component---warehousing--createOrgBtn\"]"}
COMMAND: POST /session/47a0cfcb1b688bc57e33978b59aaa3c6/elements - {"using":"xpath","value":"//button[@id=\"application-binstatusreport-display-component---warehousing--createOrgBtn\"]"}
RESULT: {"using":"xpath","value":"//button[@id=\"application-binstatusreport-display-component---warehousing--createOrgBtn\"]"}
COMMAND: POST /session/47a0cfcb1b688bc57e33978b59aaa3c6/execute/sync - {"script":"<script> [8489 bytes]","args":[{"element-6066-11e4-a52e-4f735466cecf":"f.B7EBD3B9E1BF342B1CF0F76B0C9C80BF.d.EE835D1415EC8350131E87FC8B22738B.e.3225","ELEMENT":"f.B7EBD3B9E1BF342B1CF0F76B0C9C80BF.d.EE835D1415EC8350131E87FC8B22738B.e.3225"}]}
RESULT: {"script":"<script> [8489 bytes]","args":[{"element-6066-11e4-a52e-4f735466cecf":"f.B7EBD3B9E1BF342B1CF0F76B0C9C80BF.d.EE835D1415EC8350131E87FC8B22738B.e.3225","ELEMENT":"f.B7EBD3B9E1BF342B1CF0F76B0C9C80BF.d.EE835D1415EC8350131E87FC8B22738B.e.3225"}]}
COMMAND: GET /session/47a0cfcb1b688bc57e33978b59aaa3c6/element/f.B7EBD3B9E1BF342B1CF0F76B0C9C80BF.d.EE835D1415EC8350131E87FC8B22738B.e.3225/enabled - {}
COMMAND: GET /session/47a0cfcb1b688bc57e33978b59aaa3c6/screenshot - {}
RESULT: {}
COMMAND: POST /session/47a0cfcb1b688bc57e33978b59aaa3c6/execute/sync - {"script":"<script> [8489 bytes]","args":[{"element-6066-11e4-a52e-4f735466cecf":"f.B7EBD3B9E1BF342B1CF0F76B0C9C80BF.d.EE835D1415EC8350131E87FC8B22738B.e.3225","ELEMENT":"f.B7EBD3B9E1BF342B1CF0F76B0C9C80BF.d.EE835D1415EC8350131E87FC8B22738B.e.3225"}]}
COMMAND: GET /session/47a0cfcb1b688bc57e33978b59aaa3c6/screenshot - {}
RESULT: {}
RESULT: {"script":"<script> [8489 bytes]","args":[{"element-6066-11e4-a52e-4f735466cecf":"f.B7EBD3B9E1BF342B1CF0F76B0C9C80BF.d.EE835D1415EC8350131E87FC8B22738B.e.3225","ELEMENT":"f.B7EBD3B9E1BF342B1CF0F76B0C9C80BF.d.EE835D1415EC8350131E87FC8B22738B.e.3225"}]}
COMMAND: POST /session/47a0cfcb1b688bc57e33978b59aaa3c6/execute/sync - {"script":"<script> [5351 bytes]","args":[{"element-6066-11e4-a52e-4f735466cecf":"f.B7EBD3B9E1BF342B1CF0F76B0C9C80BF.d.EE835D1415EC8350131E87FC8B22738B.e.3225","ELEMENT":"f.B7EBD3B9E1BF342B1CF0F76B0C9C80BF.d.EE835D1415EC8350131E87FC8B22738B.e.3225"}]}
COMMAND: GET /session/47a0cfcb1b688bc57e33978b59aaa3c6/screenshot - {}
RESULT: {}
RESULT: {"script":"<script> [5351 bytes]","args":[{"element-6066-11e4-a52e-4f735466cecf":"f.B7EBD3B9E1BF342B1CF0F76B0C9C80BF.d.EE835D1415EC8350131E87FC8B22738B.e.3225","ELEMENT":"f.B7EBD3B9E1BF342B1CF0F76B0C9C80BF.d.EE835D1415EC8350131E87FC8B22738B.e.3225"}]}
COMMAND: GET /session/47a0cfcb1b688bc57e33978b59aaa3c6/screenshot - {}
RESULT: {}
RESULT: {}
COMMAND: POST /session/47a0cfcb1b688bc57e33978b59aaa3c6/element/f.B7EBD3B9E1BF342B1CF0F76B0C9C80BF.d.EE835D1415EC8350131E87FC8B22738B.e.3225/click - {}
RESULT: {}
COMMAND: GET /session/47a0cfcb1b688bc57e33978b59aaa3c6/screenshot - {}
RESULT: {}
COMMAND: POST /session/47a0cfcb1b688bc57e33978b59aaa3c6/execute/async - {"script":"<script> [1562 bytes]","args":[{"selector":{"id":"createOrganizationPop--sectionInput","searchOpenDialogs":true,"interaction":{"idSuffix":"inner"}},"wdio_ui5_key":"createOrganizationPopsectionInput"}]}
RESULT: {"script":"<script> [1562 bytes]","args":[{"selector":{"id":"createOrganizationPop--sectionInput","searchOpenDialogs":true,"interaction":{"idSuffix":"inner"}},"wdio_ui5_key":"createOrganizationPopsectionInput"}]}
RESULT: undefined
COMMAND: POST /session/47a0cfcb1b688bc57e33978b59aaa3c6/execute/async - {"script":"<script> [776 bytes]","args":[{"enterText":"WDIO-590","selector":{"id":"createOrganizationPop--sectionInput","searchOpenDialogs":true,"interaction":{"idSuffix":"inner"}},"clearTextFirst":true,"interactionType":"ENTER_TEXT"}]}
RESULT: {"script":"<script> [776 bytes]","args":[{"enterText":"WDIO-590","selector":{"id":"createOrganizationPop--sectionInput","searchOpenDialogs":true,"interaction":{"idSuffix":"inner"}},"clearTextFirst":true,"interactionType":"ENTER_TEXT"}]}
COMMAND: POST /session/47a0cfcb1b688bc57e33978b59aaa3c6/execute/async - {"script":"<script> [1562 bytes]","args":[{"selector":{"id":"createOrganizationPop--descriptionInput","searchOpenDialogs":true,"interaction":{"idSuffix":"inner"}},"wdio_ui5_key":"createOrganizationPopdescriptionInput"}]}
RESULT: {"script":"<script> [1562 bytes]","args":[{"selector":{"id":"createOrganizationPop--descriptionInput","searchOpenDialogs":true,"interaction":{"idSuffix":"inner"}},"wdio_ui5_key":"createOrganizationPopdescriptionInput"}]}
RESULT: undefined
COMMAND: POST /session/47a0cfcb1b688bc57e33978b59aaa3c6/execute/async - {"script":"<script> [776 bytes]","args":[{"enterText":"Shipping-590","selector":{"id":"createOrganizationPop--descriptionInput","searchOpenDialogs":true,"interaction":{"idSuffix":"inner"}},"clearTextFirst":true,"interactionType":"ENTER_TEXT"}]}
RESULT: {"script":"<script> [776 bytes]","args":[{"enterText":"Shipping-590","selector":{"id":"createOrganizationPop--descriptionInput","searchOpenDialogs":true,"interaction":{"idSuffix":"inner"}},"clearTextFirst":true,"interactionType":"ENTER_TEXT"}]}
COMMAND: POST /session/47a0cfcb1b688bc57e33978b59aaa3c6/element - {"using":"css selector","value":"#createOrganizationPop--yardOrg-inner"}
RESULT: {"using":"css selector","value":"#createOrganizationPop--yardOrg-inner"}
COMMAND: POST /session/47a0cfcb1b688bc57e33978b59aaa3c6/element/f.B7EBD3B9E1BF342B1CF0F76B0C9C80BF.d.EE835D1415EC8350131E87FC8B22738B.e.3271/clear - {}
RESULT: {}
COMMAND: POST /session/47a0cfcb1b688bc57e33978b59aaa3c6/element/f.B7EBD3B9E1BF342B1CF0F76B0C9C80BF.d.EE835D1415EC8350131E87FC8B22738B.e.3271/value - {"text":"590"}
COMMAND: GET /session/47a0cfcb1b688bc57e33978b59aaa3c6/screenshot - {}
RESULT: {"text":"590"}
COMMAND: GET /session/47a0cfcb1b688bc57e33978b59aaa3c6/screenshot - {}
RESULT: {}
RESULT: {}
COMMAND: POST /session/47a0cfcb1b688bc57e33978b59aaa3c6/actions - {"actions":[{"id":"action9","type":"key","parameters":{},"actions":[{"type":"keyDown","value":"î€‡"},{"type":"pause","duration":10},{"type":"keyUp","value":"î€‡"}]}]}
RESULT: {"actions":[{"id":"action9","type":"key","parameters":{},"actions":[{"type":"keyDown","value":"î€‡"},{"type":"pause","duration":10},{"type":"keyUp","value":"î€‡"}]}]}
COMMAND: POST /session/47a0cfcb1b688bc57e33978b59aaa3c6/execute/async - {"script":"<script> [1562 bytes]","args":[{"selector":{"id":"createOrganizationPop--grZone","searchOpenDialogs":true,"interaction":{"idSuffix":"CbBg"}},"wdio_ui5_key":"createOrganizationPopgrZone"}]}
COMMAND: GET /session/47a0cfcb1b688bc57e33978b59aaa3c6/screenshot - {}
RESULT: {"script":"<script> [1562 bytes]","args":[{"selector":{"id":"createOrganizationPop--grZone","searchOpenDialogs":true,"interaction":{"idSuffix":"CbBg"}},"wdio_ui5_key":"createOrganizationPopgrZone"}]}
RESULT: undefined
COMMAND: POST /session/47a0cfcb1b688bc57e33978b59aaa3c6/element - {"using":"xpath","value":"//*[@id=\"createOrganizationPop--grZone\"]"}
RESULT: {}
RESULT: {"using":"xpath","value":"//*[@id=\"createOrganizationPop--grZone\"]"}
COMMAND: POST /session/47a0cfcb1b688bc57e33978b59aaa3c6/element/f.B7EBD3B9E1BF342B1CF0F76B0C9C80BF.d.EE835D1415EC8350131E87FC8B22738B.e.3291/click - {}
RESULT: {}
COMMAND: GET /session/47a0cfcb1b688bc57e33978b59aaa3c6/screenshot - {}
RESULT: {}
COMMAND: POST /session/47a0cfcb1b688bc57e33978b59aaa3c6/execute/async - {"script":"<script> [1562 bytes]","args":[{"selector":{"id":"createOrganizationPop--giZone","searchOpenDialogs":true,"interaction":{"idSuffix":"CbBg"}},"wdio_ui5_key":"createOrganizationPopgiZone"}]}
RESULT: {"script":"<script> [1562 bytes]","args":[{"selector":{"id":"createOrganizationPop--giZone","searchOpenDialogs":true,"interaction":{"idSuffix":"CbBg"}},"wdio_ui5_key":"createOrganizationPopgiZone"}]}
RESULT: undefined
COMMAND: POST /session/47a0cfcb1b688bc57e33978b59aaa3c6/element - {"using":"xpath","value":"//*[@id=\"createOrganizationPop--giZone\"]"}
RESULT: {"using":"xpath","value":"//*[@id=\"createOrganizationPop--giZone\"]"}
COMMAND: POST /session/47a0cfcb1b688bc57e33978b59aaa3c6/element/f.B7EBD3B9E1BF342B1CF0F76B0C9C80BF.d.EE835D1415EC8350131E87FC8B22738B.e.3293/click - {}
RESULT: {}
COMMAND: GET /session/47a0cfcb1b688bc57e33978b59aaa3c6/screenshot - {}
RESULT: {}
COMMAND: POST /session/47a0cfcb1b688bc57e33978b59aaa3c6/execute/async - {"script":"<script> [1562 bytes]","args":[{"selector":{"id":"createOrganizationPop--binNoInput","searchOpenDialogs":true,"interaction":{"idSuffix":"inner"}},"wdio_ui5_key":"createOrganizationPopbinNoInput"}]}
RESULT: {"script":"<script> [1562 bytes]","args":[{"selector":{"id":"createOrganizationPop--binNoInput","searchOpenDialogs":true,"interaction":{"idSuffix":"inner"}},"wdio_ui5_key":"createOrganizationPopbinNoInput"}]}
RESULT: undefined
COMMAND: POST /session/47a0cfcb1b688bc57e33978b59aaa3c6/execute/async - {"script":"<script> [776 bytes]","args":[{"enterText":"Bin-Wd","selector":{"id":"createOrganizationPop--binNoInput","searchOpenDialogs":true,"interaction":{"idSuffix":"inner"}},"clearTextFirst":true,"interactionType":"ENTER_TEXT"}]}
RESULT: {"script":"<script> [776 bytes]","args":[{"enterText":"Bin-Wd","selector":{"id":"createOrganizationPop--binNoInput","searchOpenDialogs":true,"interaction":{"idSuffix":"inner"}},"clearTextFirst":true,"interactionType":"ENTER_TEXT"}]}
COMMAND: POST /session/47a0cfcb1b688bc57e33978b59aaa3c6/execute/async - {"script":"<script> [1562 bytes]","args":[{"selector":{"id":"createOrganizationPop--descriptionId","searchOpenDialogs":true,"interaction":{"idSuffix":"inner"}},"wdio_ui5_key":"createOrganizationPopdescriptionId"}]}
RESULT: {"script":"<script> [1562 bytes]","args":[{"selector":{"id":"createOrganizationPop--descriptionId","searchOpenDialogs":true,"interaction":{"idSuffix":"inner"}},"wdio_ui5_key":"createOrganizationPopdescriptionId"}]}
RESULT: undefined
COMMAND: POST /session/47a0cfcb1b688bc57e33978b59aaa3c6/execute/async - {"script":"<script> [776 bytes]","args":[{"enterText":"Shipping-Wd","selector":{"id":"createOrganizationPop--descriptionId","searchOpenDialogs":true,"interaction":{"idSuffix":"inner"}},"clearTextFirst":true,"interactionType":"ENTER_TEXT"}]}
RESULT: {"script":"<script> [776 bytes]","args":[{"enterText":"Shipping-Wd","selector":{"id":"createOrganizationPop--descriptionId","searchOpenDialogs":true,"interaction":{"idSuffix":"inner"}},"clearTextFirst":true,"interactionType":"ENTER_TEXT"}]}
COMMAND: POST /session/47a0cfcb1b688bc57e33978b59aaa3c6/execute/async - {"script":"<script> [1562 bytes]","args":[{"selector":{"controlType":"sap.m.CheckBox","viewName":"etm.portal.ui.binstatusreport.view.MasterWareBins","viewId":"application-binstatusreport-display-component---warehousing","bindingPath":{"path":"","propertyPath":"/ZONE","modelName":"newBin"},"searchOpenDialogs":true,"interaction":{"idSuffix":"CbBg"}},"wdio_ui5_key":"etmportal.ui.binstatusreport.view.MasterWareBinssap.m.CheckBox{\"path\":\"\",\"propertyPath\":\"/ZONE\",\"modelName\":\"newBin\"}"}]}
RESULT: {"script":"<script> [1562 bytes]","args":[{"selector":{"controlType":"sap.m.CheckBox","viewName":"etm.portal.ui.binstatusreport.view.MasterWareBins","viewId":"application-binstatusreport-display-component---warehousing","bindingPath":{"path":"","propertyPath":"/ZONE","modelName":"newBin"},"searchOpenDialogs":true,"interaction":{"idSuffix":"CbBg"}},"wdio_ui5_key":"etmportal.ui.binstatusreport.view.MasterWareBinssap.m.CheckBox{\"path\":\"\",\"propertyPath\":\"/ZONE\",\"modelName\":\"newBin\"}"}]}
RESULT: undefined
COMMAND: POST /session/47a0cfcb1b688bc57e33978b59aaa3c6/element - {"using":"xpath","value":"//*[@id=\"__box56\"]"}
RESULT: {"using":"xpath","value":"//*[@id=\"__box56\"]"}
COMMAND: POST /session/47a0cfcb1b688bc57e33978b59aaa3c6/element/f.B7EBD3B9E1BF342B1CF0F76B0C9C80BF.d.EE835D1415EC8350131E87FC8B22738B.e.3297/click - {}
RESULT: {}
COMMAND: GET /session/47a0cfcb1b688bc57e33978b59aaa3c6/screenshot - {}
RESULT: {}
COMMAND: POST /session/47a0cfcb1b688bc57e33978b59aaa3c6/execute/async - {"script":"<script> [1562 bytes]","args":[{"selector":{"id":"createOrganizationPop--binTypesCB","searchOpenDialogs":true,"interaction":{"idSuffix":"inner"}},"wdio_ui5_key":"createOrganizationPopbinTypesCB"}]}
RESULT: {"script":"<script> [1562 bytes]","args":[{"selector":{"id":"createOrganizationPop--binTypesCB","searchOpenDialogs":true,"interaction":{"idSuffix":"inner"}},"wdio_ui5_key":"createOrganizationPopbinTypesCB"}]}
RESULT: undefined
COMMAND: POST /session/47a0cfcb1b688bc57e33978b59aaa3c6/execute/async - {"script":"<script> [776 bytes]","args":[{"enterText":"1 - General / No capacity check","selector":{"id":"createOrganizationPop--binTypesCB","searchOpenDialogs":true,"interaction":{"idSuffix":"inner"}},"clearTextFirst":true,"interactionType":"ENTER_TEXT"}]}
RESULT: {"script":"<script> [776 bytes]","args":[{"enterText":"1 - General / No capacity check","selector":{"id":"createOrganizationPop--binTypesCB","searchOpenDialogs":true,"interaction":{"idSuffix":"inner"}},"clearTextFirst":true,"interactionType":"ENTER_TEXT"}]}
COMMAND: POST /session/47a0cfcb1b688bc57e33978b59aaa3c6/actions - {"actions":[{"id":"action10","type":"key","parameters":{},"actions":[{"type":"keyDown","value":"î€‡"},{"type":"pause","duration":10},{"type":"keyUp","value":"î€‡"}]}]}
RESULT: {"actions":[{"id":"action10","type":"key","parameters":{},"actions":[{"type":"keyDown","value":"î€‡"},{"type":"pause","duration":10},{"type":"keyUp","value":"î€‡"}]}]}
COMMAND: GET /session/47a0cfcb1b688bc57e33978b59aaa3c6/screenshot - {}
RESULT: {}
COMMAND: POST /session/47a0cfcb1b688bc57e33978b59aaa3c6/execute/async - {"script":"<script> [1562 bytes]","args":[{"selector":{"id":"createOrganizationPop--finishBtn","searchOpenDialogs":true,"interaction":{"idSuffix":"BDI-content"}},"wdio_ui5_key":"createOrganizationPopfinishBtn"}]}
RESULT: {"script":"<script> [1562 bytes]","args":[{"selector":{"id":"createOrganizationPop--finishBtn","searchOpenDialogs":true,"interaction":{"idSuffix":"BDI-content"}},"wdio_ui5_key":"createOrganizationPopfinishBtn"}]}
RESULT: undefined
COMMAND: POST /session/47a0cfcb1b688bc57e33978b59aaa3c6/element - {"using":"xpath","value":"//*[@id=\"createOrganizationPop--finishBtn\"]"}
RESULT: {"using":"xpath","value":"//*[@id=\"createOrganizationPop--finishBtn\"]"}
COMMAND: POST /session/47a0cfcb1b688bc57e33978b59aaa3c6/element/f.B7EBD3B9E1BF342B1CF0F76B0C9C80BF.d.EE835D1415EC8350131E87FC8B22738B.e.3306/click - {}
RESULT: {}
COMMAND: GET /session/47a0cfcb1b688bc57e33978b59aaa3c6/screenshot - {}
RESULT: {}
COMMAND: POST /session/47a0cfcb1b688bc57e33978b59aaa3c6/element - {"using":"css selector","value":"#shell-header-logo"}
RESULT: {"using":"css selector","value":"#shell-header-logo"}
COMMAND: POST /session/47a0cfcb1b688bc57e33978b59aaa3c6/element/f.B7EBD3B9E1BF342B1CF0F76B0C9C80BF.d.EE835D1415EC8350131E87FC8B22738B.e.3175/click - {}
RESULT: {}
COMMAND: GET /session/47a0cfcb1b688bc57e33978b59aaa3c6/screenshot - {}
RESULT: {}
]]></system-out>
    </testcase>
    <testcase classname="chrome.136_0_7103_93.windows.Stock_increase_-_with_WHM_US125587" name="Bin Status Report Should Create New Organization for Site" time="80.201">
      <system-out><![CDATA[
RESULT: undefined
COMMAND: POST /session/47a0cfcb1b688bc57e33978b59aaa3c6/element - {"using":"xpath","value":"//*[@id=\"__tile104\"]"}
RESULT: {"using":"xpath","value":"//*[@id=\"__tile104\"]"}
COMMAND: POST /session/47a0cfcb1b688bc57e33978b59aaa3c6/element/f.B7EBD3B9E1BF342B1CF0F76B0C9C80BF.d.EE835D1415EC8350131E87FC8B22738B.e.3168/click - {}
RESULT: {}
COMMAND: GET /session/47a0cfcb1b688bc57e33978b59aaa3c6/screenshot - {}
COMMAND: POST /session/47a0cfcb1b688bc57e33978b59aaa3c6/elements - {"using":"xpath","value":"//span[text()='Error']"}
RESULT: {}
RESULT: {"using":"xpath","value":"//span[text()='Error']"}
COMMAND: POST /session/47a0cfcb1b688bc57e33978b59aaa3c6/element - {"using":"xpath","value":"//button[@id=\"application-binstatusreport-display-component---warehousing--createOrgBtn\"]"}
RESULT: {"using":"xpath","value":"//button[@id=\"application-binstatusreport-display-component---warehousing--createOrgBtn\"]"}
COMMAND: POST /session/47a0cfcb1b688bc57e33978b59aaa3c6/elements - {"using":"xpath","value":"//button[@id=\"application-binstatusreport-display-component---warehousing--createOrgBtn\"]"}
RESULT: {"using":"xpath","value":"//button[@id=\"application-binstatusreport-display-component---warehousing--createOrgBtn\"]"}
COMMAND: POST /session/47a0cfcb1b688bc57e33978b59aaa3c6/execute/sync - {"script":"<script> [8489 bytes]","args":[{"element-6066-11e4-a52e-4f735466cecf":"f.B7EBD3B9E1BF342B1CF0F76B0C9C80BF.d.EE835D1415EC8350131E87FC8B22738B.e.3369","ELEMENT":"f.B7EBD3B9E1BF342B1CF0F76B0C9C80BF.d.EE835D1415EC8350131E87FC8B22738B.e.3369"}]}
RESULT: {"script":"<script> [8489 bytes]","args":[{"element-6066-11e4-a52e-4f735466cecf":"f.B7EBD3B9E1BF342B1CF0F76B0C9C80BF.d.EE835D1415EC8350131E87FC8B22738B.e.3369","ELEMENT":"f.B7EBD3B9E1BF342B1CF0F76B0C9C80BF.d.EE835D1415EC8350131E87FC8B22738B.e.3369"}]}
COMMAND: GET /session/47a0cfcb1b688bc57e33978b59aaa3c6/element/f.B7EBD3B9E1BF342B1CF0F76B0C9C80BF.d.EE835D1415EC8350131E87FC8B22738B.e.3369/enabled - {}
COMMAND: GET /session/47a0cfcb1b688bc57e33978b59aaa3c6/screenshot - {}
RESULT: {}
COMMAND: POST /session/47a0cfcb1b688bc57e33978b59aaa3c6/execute/sync - {"script":"<script> [8489 bytes]","args":[{"element-6066-11e4-a52e-4f735466cecf":"f.B7EBD3B9E1BF342B1CF0F76B0C9C80BF.d.EE835D1415EC8350131E87FC8B22738B.e.3369","ELEMENT":"f.B7EBD3B9E1BF342B1CF0F76B0C9C80BF.d.EE835D1415EC8350131E87FC8B22738B.e.3369"}]}
COMMAND: GET /session/47a0cfcb1b688bc57e33978b59aaa3c6/screenshot - {}
RESULT: {}
RESULT: {"script":"<script> [8489 bytes]","args":[{"element-6066-11e4-a52e-4f735466cecf":"f.B7EBD3B9E1BF342B1CF0F76B0C9C80BF.d.EE835D1415EC8350131E87FC8B22738B.e.3369","ELEMENT":"f.B7EBD3B9E1BF342B1CF0F76B0C9C80BF.d.EE835D1415EC8350131E87FC8B22738B.e.3369"}]}
COMMAND: POST /session/47a0cfcb1b688bc57e33978b59aaa3c6/execute/sync - {"script":"<script> [5351 bytes]","args":[{"element-6066-11e4-a52e-4f735466cecf":"f.B7EBD3B9E1BF342B1CF0F76B0C9C80BF.d.EE835D1415EC8350131E87FC8B22738B.e.3369","ELEMENT":"f.B7EBD3B9E1BF342B1CF0F76B0C9C80BF.d.EE835D1415EC8350131E87FC8B22738B.e.3369"}]}
COMMAND: GET /session/47a0cfcb1b688bc57e33978b59aaa3c6/screenshot - {}
RESULT: {}
RESULT: {"script":"<script> [5351 bytes]","args":[{"element-6066-11e4-a52e-4f735466cecf":"f.B7EBD3B9E1BF342B1CF0F76B0C9C80BF.d.EE835D1415EC8350131E87FC8B22738B.e.3369","ELEMENT":"f.B7EBD3B9E1BF342B1CF0F76B0C9C80BF.d.EE835D1415EC8350131E87FC8B22738B.e.3369"}]}
COMMAND: GET /session/47a0cfcb1b688bc57e33978b59aaa3c6/screenshot - {}
RESULT: {}
RESULT: {}
COMMAND: POST /session/47a0cfcb1b688bc57e33978b59aaa3c6/element/f.B7EBD3B9E1BF342B1CF0F76B0C9C80BF.d.EE835D1415EC8350131E87FC8B22738B.e.3369/click - {}
RESULT: {}
COMMAND: GET /session/47a0cfcb1b688bc57e33978b59aaa3c6/screenshot - {}
RESULT: {}
RESULT: undefined
COMMAND: POST /session/47a0cfcb1b688bc57e33978b59aaa3c6/execute/async - {"script":"<script> [776 bytes]","args":[{"enterText":"2302","selector":{"id":"createOrganizationPop--sectionInput","searchOpenDialogs":true,"interaction":{"idSuffix":"inner"}},"clearTextFirst":true,"interactionType":"ENTER_TEXT"}]}
RESULT: {"script":"<script> [776 bytes]","args":[{"enterText":"2302","selector":{"id":"createOrganizationPop--sectionInput","searchOpenDialogs":true,"interaction":{"idSuffix":"inner"}},"clearTextFirst":true,"interactionType":"ENTER_TEXT"}]}
RESULT: undefined
COMMAND: POST /session/47a0cfcb1b688bc57e33978b59aaa3c6/execute/async - {"script":"<script> [776 bytes]","args":[{"enterText":"WDIO-2302","selector":{"id":"createOrganizationPop--descriptionInput","searchOpenDialogs":true,"interaction":{"idSuffix":"inner"}},"clearTextFirst":true,"interactionType":"ENTER_TEXT"}]}
RESULT: {"script":"<script> [776 bytes]","args":[{"enterText":"WDIO-2302","selector":{"id":"createOrganizationPop--descriptionInput","searchOpenDialogs":true,"interaction":{"idSuffix":"inner"}},"clearTextFirst":true,"interactionType":"ENTER_TEXT"}]}
COMMAND: POST /session/47a0cfcb1b688bc57e33978b59aaa3c6/element - {"using":"css selector","value":"#createOrganizationPop--siteOrg-inner"}
RESULT: {"using":"css selector","value":"#createOrganizationPop--siteOrg-inner"}
COMMAND: POST /session/47a0cfcb1b688bc57e33978b59aaa3c6/element/f.B7EBD3B9E1BF342B1CF0F76B0C9C80BF.d.EE835D1415EC8350131E87FC8B22738B.e.3386/clear - {}
RESULT: {}
COMMAND: POST /session/47a0cfcb1b688bc57e33978b59aaa3c6/element/f.B7EBD3B9E1BF342B1CF0F76B0C9C80BF.d.EE835D1415EC8350131E87FC8B22738B.e.3386/value - {"text":"2302"}
COMMAND: GET /session/47a0cfcb1b688bc57e33978b59aaa3c6/screenshot - {}
RESULT: {"text":"2302"}
COMMAND: GET /session/47a0cfcb1b688bc57e33978b59aaa3c6/screenshot - {}
RESULT: {}
RESULT: {}
COMMAND: POST /session/47a0cfcb1b688bc57e33978b59aaa3c6/actions - {"actions":[{"id":"action11","type":"key","parameters":{},"actions":[{"type":"keyDown","value":"î€‡"},{"type":"pause","duration":10},{"type":"keyUp","value":"î€‡"}]}]}
RESULT: {"actions":[{"id":"action11","type":"key","parameters":{},"actions":[{"type":"keyDown","value":"î€‡"},{"type":"pause","duration":10},{"type":"keyUp","value":"î€‡"}]}]}
RESULT: undefined
COMMAND: POST /session/47a0cfcb1b688bc57e33978b59aaa3c6/element - {"using":"xpath","value":"//*[@id=\"createOrganizationPop--giZone\"]"}
COMMAND: GET /session/47a0cfcb1b688bc57e33978b59aaa3c6/screenshot - {}
RESULT: {"using":"xpath","value":"//*[@id=\"createOrganizationPop--giZone\"]"}
COMMAND: POST /session/47a0cfcb1b688bc57e33978b59aaa3c6/element/f.B7EBD3B9E1BF342B1CF0F76B0C9C80BF.d.EE835D1415EC8350131E87FC8B22738B.e.3404/click - {}
RESULT: {}
RESULT: {}
COMMAND: GET /session/47a0cfcb1b688bc57e33978b59aaa3c6/screenshot - {}
RESULT: {}
RESULT: undefined
COMMAND: POST /session/47a0cfcb1b688bc57e33978b59aaa3c6/execute/async - {"script":"<script> [776 bytes]","args":[{"enterText":"WD-BIN","selector":{"id":"createOrganizationPop--binNoInput","searchOpenDialogs":true,"interaction":{"idSuffix":"inner"}},"clearTextFirst":true,"interactionType":"ENTER_TEXT"}]}
RESULT: {"script":"<script> [776 bytes]","args":[{"enterText":"WD-BIN","selector":{"id":"createOrganizationPop--binNoInput","searchOpenDialogs":true,"interaction":{"idSuffix":"inner"}},"clearTextFirst":true,"interactionType":"ENTER_TEXT"}]}
RESULT: undefined
COMMAND: POST /session/47a0cfcb1b688bc57e33978b59aaa3c6/execute/async - {"script":"<script> [776 bytes]","args":[{"enterText":"WD-BIN","selector":{"id":"createOrganizationPop--descriptionId","searchOpenDialogs":true,"interaction":{"idSuffix":"inner"}},"clearTextFirst":true,"interactionType":"ENTER_TEXT"}]}
RESULT: {"script":"<script> [776 bytes]","args":[{"enterText":"WD-BIN","selector":{"id":"createOrganizationPop--descriptionId","searchOpenDialogs":true,"interaction":{"idSuffix":"inner"}},"clearTextFirst":true,"interactionType":"ENTER_TEXT"}]}
COMMAND: POST /session/47a0cfcb1b688bc57e33978b59aaa3c6/execute/async - {"script":"<script> [1562 bytes]","args":[{"selector":{"controlType":"sap.m.CheckBox","viewName":"etm.portal.ui.binstatusreport.view.MasterWareBins","viewId":"application-binstatusreport-display-component---warehousing","bindingPath":{"propertyPath":"/ZONE","modelName":"newBin"},"searchOpenDialogs":true,"interaction":{"idSuffix":"CbBg"}},"wdio_ui5_key":"etmportal.ui.binstatusreport.view.MasterWareBinssap.m.CheckBox{\"propertyPath\":\"/ZONE\",\"modelName\":\"newBin\"}"}]}
RESULT: {"script":"<script> [1562 bytes]","args":[{"selector":{"controlType":"sap.m.CheckBox","viewName":"etm.portal.ui.binstatusreport.view.MasterWareBins","viewId":"application-binstatusreport-display-component---warehousing","bindingPath":{"propertyPath":"/ZONE","modelName":"newBin"},"searchOpenDialogs":true,"interaction":{"idSuffix":"CbBg"}},"wdio_ui5_key":"etmportal.ui.binstatusreport.view.MasterWareBinssap.m.CheckBox{\"propertyPath\":\"/ZONE\",\"modelName\":\"newBin\"}"}]}
RESULT: undefined
COMMAND: POST /session/47a0cfcb1b688bc57e33978b59aaa3c6/element - {"using":"xpath","value":"//*[@id=\"__box68\"]"}
RESULT: {"using":"xpath","value":"//*[@id=\"__box68\"]"}
COMMAND: POST /session/47a0cfcb1b688bc57e33978b59aaa3c6/element/f.B7EBD3B9E1BF342B1CF0F76B0C9C80BF.d.EE835D1415EC8350131E87FC8B22738B.e.3406/click - {}
RESULT: {}
COMMAND: GET /session/47a0cfcb1b688bc57e33978b59aaa3c6/screenshot - {}
RESULT: {}
RESULT: undefined
COMMAND: POST /session/47a0cfcb1b688bc57e33978b59aaa3c6/execute/async - {"script":"<script> [776 bytes]","args":[{"enterText":"1 - General / No capacity check","selector":{"id":"createOrganizationPop--binTypesCB","searchOpenDialogs":true,"interaction":{"idSuffix":"inner"}},"clearTextFirst":true,"interactionType":"ENTER_TEXT"}]}
RESULT: {"script":"<script> [776 bytes]","args":[{"enterText":"1 - General / No capacity check","selector":{"id":"createOrganizationPop--binTypesCB","searchOpenDialogs":true,"interaction":{"idSuffix":"inner"}},"clearTextFirst":true,"interactionType":"ENTER_TEXT"}]}
COMMAND: POST /session/47a0cfcb1b688bc57e33978b59aaa3c6/execute/async - {"script":"<script> [1562 bytes]","args":[{"selector":{"id":"createOrganizationPop--capacityId","searchOpenDialogs":true,"interaction":{"idSuffix":"inner"}},"wdio_ui5_key":"createOrganizationPopcapacityId"}]}
RESULT: {"script":"<script> [1562 bytes]","args":[{"selector":{"id":"createOrganizationPop--capacityId","searchOpenDialogs":true,"interaction":{"idSuffix":"inner"}},"wdio_ui5_key":"createOrganizationPopcapacityId"}]}
RESULT: undefined
COMMAND: POST /session/47a0cfcb1b688bc57e33978b59aaa3c6/actions - {"actions":[{"id":"action12","type":"key","parameters":{},"actions":[{"type":"keyDown","value":"î€‡"},{"type":"pause","duration":10},{"type":"keyUp","value":"î€‡"}]}]}
RESULT: {"actions":[{"id":"action12","type":"key","parameters":{},"actions":[{"type":"keyDown","value":"î€‡"},{"type":"pause","duration":10},{"type":"keyUp","value":"î€‡"}]}]}
COMMAND: GET /session/47a0cfcb1b688bc57e33978b59aaa3c6/screenshot - {}
RESULT: {}
RESULT: undefined
COMMAND: POST /session/47a0cfcb1b688bc57e33978b59aaa3c6/element - {"using":"xpath","value":"//*[@id=\"createOrganizationPop--finishBtn\"]"}
RESULT: {"using":"xpath","value":"//*[@id=\"createOrganizationPop--finishBtn\"]"}
COMMAND: POST /session/47a0cfcb1b688bc57e33978b59aaa3c6/element/f.B7EBD3B9E1BF342B1CF0F76B0C9C80BF.d.EE835D1415EC8350131E87FC8B22738B.e.3412/click - {}
RESULT: {}
COMMAND: GET /session/47a0cfcb1b688bc57e33978b59aaa3c6/screenshot - {}
RESULT: {}
COMMAND: POST /session/47a0cfcb1b688bc57e33978b59aaa3c6/element - {"using":"css selector","value":"#shell-header-logo"}
RESULT: {"using":"css selector","value":"#shell-header-logo"}
COMMAND: POST /session/47a0cfcb1b688bc57e33978b59aaa3c6/element/f.B7EBD3B9E1BF342B1CF0F76B0C9C80BF.d.EE835D1415EC8350131E87FC8B22738B.e.3315/click - {}
RESULT: {}
COMMAND: GET /session/47a0cfcb1b688bc57e33978b59aaa3c6/screenshot - {}
RESULT: {}
]]></system-out>
    </testcase>
    <testcase classname="chrome.136_0_7103_93.windows.Stock_increase_-_with_WHM_US125587" name="Create a Warehouse Movement for created yard" time="46.774">
      <system-out><![CDATA[
COMMAND: POST /session/47a0cfcb1b688bc57e33978b59aaa3c6/execute/async - {"script":"<script> [1562 bytes]","args":[{"selector":{"controlType":"sap.m.GenericTile","properties":{"header":"Manage Warehouse Movements"}},"wdio_ui5_key":"sapm.GenericTile{\"header\":\"Manage Warehouse Movements\"}"}]}
RESULT: {"script":"<script> [1562 bytes]","args":[{"selector":{"controlType":"sap.m.GenericTile","properties":{"header":"Manage Warehouse Movements"}},"wdio_ui5_key":"sapm.GenericTile{\"header\":\"Manage Warehouse Movements\"}"}]}
RESULT: undefined
COMMAND: POST /session/47a0cfcb1b688bc57e33978b59aaa3c6/element - {"using":"xpath","value":"//*[@id=\"__tile105\"]"}
RESULT: {"using":"xpath","value":"//*[@id=\"__tile105\"]"}
COMMAND: POST /session/47a0cfcb1b688bc57e33978b59aaa3c6/element/f.B7EBD3B9E1BF342B1CF0F76B0C9C80BF.d.EE835D1415EC8350131E87FC8B22738B.e.3416/click - {}
RESULT: {}
COMMAND: GET /session/47a0cfcb1b688bc57e33978b59aaa3c6/screenshot - {}
RESULT: {}
COMMAND: POST /session/47a0cfcb1b688bc57e33978b59aaa3c6/elements - {"using":"xpath","value":"//span[text()='Error']"}
RESULT: {"using":"xpath","value":"//span[text()='Error']"}
COMMAND: POST /session/47a0cfcb1b688bc57e33978b59aaa3c6/element - {"using":"xpath","value":"//input[@id='application-warehousemovements-display-component---warehouseMovements--smartFilterBar-filterItemControl_BASIC-YARD-inner']"}
RESULT: {"using":"xpath","value":"//input[@id='application-warehousemovements-display-component---warehouseMovements--smartFilterBar-filterItemControl_BASIC-YARD-inner']"}
COMMAND: POST /session/47a0cfcb1b688bc57e33978b59aaa3c6/elements - {"using":"xpath","value":"//input[@id='application-warehousemovements-display-component---warehouseMovements--smartFilterBar-filterItemControl_BASIC-YARD-inner']"}
RESULT: {"using":"xpath","value":"//input[@id='application-warehousemovements-display-component---warehouseMovements--smartFilterBar-filterItemControl_BASIC-YARD-inner']"}
COMMAND: POST /session/47a0cfcb1b688bc57e33978b59aaa3c6/execute/sync - {"script":"<script> [8489 bytes]","args":[{"element-6066-11e4-a52e-4f735466cecf":"f.B7EBD3B9E1BF342B1CF0F76B0C9C80BF.d.EE835D1415EC8350131E87FC8B22738B.e.3437","ELEMENT":"f.B7EBD3B9E1BF342B1CF0F76B0C9C80BF.d.EE835D1415EC8350131E87FC8B22738B.e.3437"}]}
RESULT: {"script":"<script> [8489 bytes]","args":[{"element-6066-11e4-a52e-4f735466cecf":"f.B7EBD3B9E1BF342B1CF0F76B0C9C80BF.d.EE835D1415EC8350131E87FC8B22738B.e.3437","ELEMENT":"f.B7EBD3B9E1BF342B1CF0F76B0C9C80BF.d.EE835D1415EC8350131E87FC8B22738B.e.3437"}]}
COMMAND: GET /session/47a0cfcb1b688bc57e33978b59aaa3c6/element/f.B7EBD3B9E1BF342B1CF0F76B0C9C80BF.d.EE835D1415EC8350131E87FC8B22738B.e.3437/enabled - {}
COMMAND: GET /session/47a0cfcb1b688bc57e33978b59aaa3c6/screenshot - {}
RESULT: {}
COMMAND: POST /session/47a0cfcb1b688bc57e33978b59aaa3c6/execute/sync - {"script":"<script> [8489 bytes]","args":[{"element-6066-11e4-a52e-4f735466cecf":"f.B7EBD3B9E1BF342B1CF0F76B0C9C80BF.d.EE835D1415EC8350131E87FC8B22738B.e.3437","ELEMENT":"f.B7EBD3B9E1BF342B1CF0F76B0C9C80BF.d.EE835D1415EC8350131E87FC8B22738B.e.3437"}]}
COMMAND: GET /session/47a0cfcb1b688bc57e33978b59aaa3c6/screenshot - {}
RESULT: {}
RESULT: {"script":"<script> [8489 bytes]","args":[{"element-6066-11e4-a52e-4f735466cecf":"f.B7EBD3B9E1BF342B1CF0F76B0C9C80BF.d.EE835D1415EC8350131E87FC8B22738B.e.3437","ELEMENT":"f.B7EBD3B9E1BF342B1CF0F76B0C9C80BF.d.EE835D1415EC8350131E87FC8B22738B.e.3437"}]}
COMMAND: POST /session/47a0cfcb1b688bc57e33978b59aaa3c6/execute/sync - {"script":"<script> [5351 bytes]","args":[{"element-6066-11e4-a52e-4f735466cecf":"f.B7EBD3B9E1BF342B1CF0F76B0C9C80BF.d.EE835D1415EC8350131E87FC8B22738B.e.3437","ELEMENT":"f.B7EBD3B9E1BF342B1CF0F76B0C9C80BF.d.EE835D1415EC8350131E87FC8B22738B.e.3437"}]}
COMMAND: GET /session/47a0cfcb1b688bc57e33978b59aaa3c6/screenshot - {}
RESULT: {}
RESULT: {"script":"<script> [5351 bytes]","args":[{"element-6066-11e4-a52e-4f735466cecf":"f.B7EBD3B9E1BF342B1CF0F76B0C9C80BF.d.EE835D1415EC8350131E87FC8B22738B.e.3437","ELEMENT":"f.B7EBD3B9E1BF342B1CF0F76B0C9C80BF.d.EE835D1415EC8350131E87FC8B22738B.e.3437"}]}
COMMAND: GET /session/47a0cfcb1b688bc57e33978b59aaa3c6/screenshot - {}
RESULT: {}
RESULT: {}
COMMAND: POST /session/47a0cfcb1b688bc57e33978b59aaa3c6/element/f.B7EBD3B9E1BF342B1CF0F76B0C9C80BF.d.EE835D1415EC8350131E87FC8B22738B.e.3437/clear - {}
RESULT: {}
COMMAND: POST /session/47a0cfcb1b688bc57e33978b59aaa3c6/element/f.B7EBD3B9E1BF342B1CF0F76B0C9C80BF.d.EE835D1415EC8350131E87FC8B22738B.e.3437/value - {"text":"590"}
COMMAND: GET /session/47a0cfcb1b688bc57e33978b59aaa3c6/screenshot - {}
RESULT: {"text":"590"}
COMMAND: POST /session/47a0cfcb1b688bc57e33978b59aaa3c6/actions - {"actions":[{"id":"action13","type":"key","parameters":{},"actions":[{"type":"keyDown","value":"î€‡"},{"type":"pause","duration":10},{"type":"keyUp","value":"î€‡"}]}]}
COMMAND: GET /session/47a0cfcb1b688bc57e33978b59aaa3c6/screenshot - {}
RESULT: {}
RESULT: {"actions":[{"id":"action13","type":"key","parameters":{},"actions":[{"type":"keyDown","value":"î€‡"},{"type":"pause","duration":10},{"type":"keyUp","value":"î€‡"}]}]}
COMMAND: GET /session/47a0cfcb1b688bc57e33978b59aaa3c6/screenshot - {}
RESULT: {}
RESULT: {}
COMMAND: POST /session/47a0cfcb1b688bc57e33978b59aaa3c6/element - {"using":"xpath","value":"//button[contains(@data-kt, \"MasterMovementAddOverflowToolbarButton\")]"}
RESULT: {"using":"xpath","value":"//button[contains(@data-kt, \"MasterMovementAddOverflowToolbarButton\")]"}
COMMAND: POST /session/47a0cfcb1b688bc57e33978b59aaa3c6/element/f.B7EBD3B9E1BF342B1CF0F76B0C9C80BF.d.EE835D1415EC8350131E87FC8B22738B.e.3459/click - {}
RESULT: {}
COMMAND: GET /session/47a0cfcb1b688bc57e33978b59aaa3c6/screenshot - {}
RESULT: {}
COMMAND: POST /session/47a0cfcb1b688bc57e33978b59aaa3c6/element - {"using":"xpath","value":"//*[@id=\"application-warehousemovements-display-component---addMovement--sectionsList-arrow\"]"}
RESULT: {"using":"xpath","value":"//*[@id=\"application-warehousemovements-display-component---addMovement--sectionsList-arrow\"]"}
COMMAND: POST /session/47a0cfcb1b688bc57e33978b59aaa3c6/element/f.B7EBD3B9E1BF342B1CF0F76B0C9C80BF.d.EE835D1415EC8350131E87FC8B22738B.e.3609/click - {}
RESULT: {}
COMMAND: POST /session/47a0cfcb1b688bc57e33978b59aaa3c6/actions - {"actions":[{"id":"action14","type":"key","parameters":{},"actions":[{"type":"keyDown","value":"î€•"},{"type":"pause","duration":10},{"type":"keyUp","value":"î€•"}]}]}
COMMAND: GET /session/47a0cfcb1b688bc57e33978b59aaa3c6/screenshot - {}
RESULT: {"actions":[{"id":"action14","type":"key","parameters":{},"actions":[{"type":"keyDown","value":"î€•"},{"type":"pause","duration":10},{"type":"keyUp","value":"î€•"}]}]}
COMMAND: GET /session/47a0cfcb1b688bc57e33978b59aaa3c6/screenshot - {}
RESULT: {}
RESULT: {}
COMMAND: POST /session/47a0cfcb1b688bc57e33978b59aaa3c6/actions - {"actions":[{"id":"action15","type":"key","parameters":{},"actions":[{"type":"keyDown","value":"î€‡"},{"type":"pause","duration":10},{"type":"keyUp","value":"î€‡"}]}]}
RESULT: {"actions":[{"id":"action15","type":"key","parameters":{},"actions":[{"type":"keyDown","value":"î€‡"},{"type":"pause","duration":10},{"type":"keyUp","value":"î€‡"}]}]}
COMMAND: GET /session/47a0cfcb1b688bc57e33978b59aaa3c6/screenshot - {}
RESULT: {}
COMMAND: POST /session/47a0cfcb1b688bc57e33978b59aaa3c6/element - {"using":"xpath","value":"//*[@id=\"application-warehousemovements-display-component---addMovement--saveMovementBtn-BDI-content\" and text()=\"Save\"]"}
RESULT: {"using":"xpath","value":"//*[@id=\"application-warehousemovements-display-component---addMovement--saveMovementBtn-BDI-content\" and text()=\"Save\"]"}
COMMAND: POST /session/47a0cfcb1b688bc57e33978b59aaa3c6/element/f.B7EBD3B9E1BF342B1CF0F76B0C9C80BF.d.EE835D1415EC8350131E87FC8B22738B.e.3610/click - {}
RESULT: {}
COMMAND: GET /session/47a0cfcb1b688bc57e33978b59aaa3c6/screenshot - {}
RESULT: {}
COMMAND: POST /session/47a0cfcb1b688bc57e33978b59aaa3c6/element - {"using":"css selector","value":"#shell-header-logo"}
RESULT: {"using":"css selector","value":"#shell-header-logo"}
COMMAND: POST /session/47a0cfcb1b688bc57e33978b59aaa3c6/element/f.B7EBD3B9E1BF342B1CF0F76B0C9C80BF.d.EE835D1415EC8350131E87FC8B22738B.e.3418/click - {}
RESULT: {}
COMMAND: GET /session/47a0cfcb1b688bc57e33978b59aaa3c6/screenshot - {}
RESULT: {}
]]></system-out>
    </testcase>
    <testcase classname="chrome.136_0_7103_93.windows.Stock_increase_-_with_WHM_US125587" name="Should do a stock increase handover" time="109.146">
      <system-out><![CDATA[
COMMAND: POST /session/47a0cfcb1b688bc57e33978b59aaa3c6/execute/async - {"script":"<script> [1562 bytes]","args":[{"selector":{"controlType":"sap.m.GenericTile","properties":{"header":"Manage Handovers"}},"wdio_ui5_key":"sapm.GenericTile{\"header\":\"Manage Handovers\"}"}]}
RESULT: {"script":"<script> [1562 bytes]","args":[{"selector":{"controlType":"sap.m.GenericTile","properties":{"header":"Manage Handovers"}},"wdio_ui5_key":"sapm.GenericTile{\"header\":\"Manage Handovers\"}"}]}
RESULT: undefined
COMMAND: POST /session/47a0cfcb1b688bc57e33978b59aaa3c6/element - {"using":"xpath","value":"//*[@id=\"__tile130\"]"}
RESULT: {"using":"xpath","value":"//*[@id=\"__tile130\"]"}
COMMAND: POST /session/47a0cfcb1b688bc57e33978b59aaa3c6/element/f.B7EBD3B9E1BF342B1CF0F76B0C9C80BF.d.EE835D1415EC8350131E87FC8B22738B.e.211/click - {}
RESULT: {}
COMMAND: GET /session/47a0cfcb1b688bc57e33978b59aaa3c6/screenshot - {}
RESULT: {}
COMMAND: POST /session/47a0cfcb1b688bc57e33978b59aaa3c6/elements - {"using":"xpath","value":"//span[text()='Error']"}
RESULT: {"using":"xpath","value":"//span[text()='Error']"}
COMMAND: POST /session/47a0cfcb1b688bc57e33978b59aaa3c6/element - {"using":"xpath","value":"//button[@data-kt=\"masterHOAddButton\"]"}
RESULT: {"using":"xpath","value":"//button[@data-kt=\"masterHOAddButton\"]"}
COMMAND: POST /session/47a0cfcb1b688bc57e33978b59aaa3c6/elements - {"using":"xpath","value":"//button[@data-kt=\"masterHOAddButton\"]"}
RESULT: {"using":"xpath","value":"//button[@data-kt=\"masterHOAddButton\"]"}
COMMAND: POST /session/47a0cfcb1b688bc57e33978b59aaa3c6/execute/sync - {"script":"<script> [8489 bytes]","args":[{"element-6066-11e4-a52e-4f735466cecf":"f.B7EBD3B9E1BF342B1CF0F76B0C9C80BF.d.EE835D1415EC8350131E87FC8B22738B.e.3719","ELEMENT":"f.B7EBD3B9E1BF342B1CF0F76B0C9C80BF.d.EE835D1415EC8350131E87FC8B22738B.e.3719"}]}
RESULT: {"script":"<script> [8489 bytes]","args":[{"element-6066-11e4-a52e-4f735466cecf":"f.B7EBD3B9E1BF342B1CF0F76B0C9C80BF.d.EE835D1415EC8350131E87FC8B22738B.e.3719","ELEMENT":"f.B7EBD3B9E1BF342B1CF0F76B0C9C80BF.d.EE835D1415EC8350131E87FC8B22738B.e.3719"}]}
COMMAND: GET /session/47a0cfcb1b688bc57e33978b59aaa3c6/element/f.B7EBD3B9E1BF342B1CF0F76B0C9C80BF.d.EE835D1415EC8350131E87FC8B22738B.e.3719/enabled - {}
COMMAND: GET /session/47a0cfcb1b688bc57e33978b59aaa3c6/screenshot - {}
RESULT: {}
COMMAND: POST /session/47a0cfcb1b688bc57e33978b59aaa3c6/execute/sync - {"script":"<script> [8489 bytes]","args":[{"element-6066-11e4-a52e-4f735466cecf":"f.B7EBD3B9E1BF342B1CF0F76B0C9C80BF.d.EE835D1415EC8350131E87FC8B22738B.e.3719","ELEMENT":"f.B7EBD3B9E1BF342B1CF0F76B0C9C80BF.d.EE835D1415EC8350131E87FC8B22738B.e.3719"}]}
COMMAND: GET /session/47a0cfcb1b688bc57e33978b59aaa3c6/screenshot - {}
RESULT: {}
RESULT: {"script":"<script> [8489 bytes]","args":[{"element-6066-11e4-a52e-4f735466cecf":"f.B7EBD3B9E1BF342B1CF0F76B0C9C80BF.d.EE835D1415EC8350131E87FC8B22738B.e.3719","ELEMENT":"f.B7EBD3B9E1BF342B1CF0F76B0C9C80BF.d.EE835D1415EC8350131E87FC8B22738B.e.3719"}]}
COMMAND: POST /session/47a0cfcb1b688bc57e33978b59aaa3c6/execute/sync - {"script":"<script> [5351 bytes]","args":[{"element-6066-11e4-a52e-4f735466cecf":"f.B7EBD3B9E1BF342B1CF0F76B0C9C80BF.d.EE835D1415EC8350131E87FC8B22738B.e.3719","ELEMENT":"f.B7EBD3B9E1BF342B1CF0F76B0C9C80BF.d.EE835D1415EC8350131E87FC8B22738B.e.3719"}]}
RESULT: {}
RESULT: {"script":"<script> [5351 bytes]","args":[{"element-6066-11e4-a52e-4f735466cecf":"f.B7EBD3B9E1BF342B1CF0F76B0C9C80BF.d.EE835D1415EC8350131E87FC8B22738B.e.3719","ELEMENT":"f.B7EBD3B9E1BF342B1CF0F76B0C9C80BF.d.EE835D1415EC8350131E87FC8B22738B.e.3719"}]}
COMMAND: POST /session/47a0cfcb1b688bc57e33978b59aaa3c6/element/f.B7EBD3B9E1BF342B1CF0F76B0C9C80BF.d.EE835D1415EC8350131E87FC8B22738B.e.3719/click - {}
COMMAND: GET /session/47a0cfcb1b688bc57e33978b59aaa3c6/screenshot - {}
COMMAND: GET /session/47a0cfcb1b688bc57e33978b59aaa3c6/screenshot - {}
RESULT: {}
COMMAND: GET /session/47a0cfcb1b688bc57e33978b59aaa3c6/screenshot - {}
RESULT: {}
RESULT: {}
RESULT: {}
COMMAND: POST /session/47a0cfcb1b688bc57e33978b59aaa3c6/element - {"using":"xpath","value":"//span[contains(@id ,\"AddNewHO--typeSelect-arrow\")]"}
RESULT: {"using":"xpath","value":"//span[contains(@id ,\"AddNewHO--typeSelect-arrow\")]"}
COMMAND: POST /session/47a0cfcb1b688bc57e33978b59aaa3c6/element/f.B7EBD3B9E1BF342B1CF0F76B0C9C80BF.d.EE835D1415EC8350131E87FC8B22738B.e.4069/click - {}
RESULT: {}
COMMAND: GET /session/47a0cfcb1b688bc57e33978b59aaa3c6/screenshot - {}
RESULT: {}
COMMAND: POST /session/47a0cfcb1b688bc57e33978b59aaa3c6/element - {"using":"xpath","value":"(//li[contains(text(), \"stock increase yard\")])[1]"}
RESULT: {"using":"xpath","value":"(//li[contains(text(), \"stock increase yard\")])[1]"}
COMMAND: POST /session/47a0cfcb1b688bc57e33978b59aaa3c6/element/f.B7EBD3B9E1BF342B1CF0F76B0C9C80BF.d.EE835D1415EC8350131E87FC8B22738B.e.4070/click - {}
RESULT: {}
COMMAND: GET /session/47a0cfcb1b688bc57e33978b59aaa3c6/screenshot - {}
RESULT: {}
COMMAND: POST /session/47a0cfcb1b688bc57e33978b59aaa3c6/execute/async - {"script":"<script> [1562 bytes]","args":[{"selector":{"id":"application-managehandovers-display-component---AddNewHO--dueDate","interaction":{"idSuffix":"inner"}},"wdio_ui5_key":"applicationmanagehandovers-display-component---AddNewHO--dueDate"}]}
RESULT: {"script":"<script> [1562 bytes]","args":[{"selector":{"id":"application-managehandovers-display-component---AddNewHO--dueDate","interaction":{"idSuffix":"inner"}},"wdio_ui5_key":"applicationmanagehandovers-display-component---AddNewHO--dueDate"}]}
RESULT: undefined
COMMAND: POST /session/47a0cfcb1b688bc57e33978b59aaa3c6/execute/async - {"script":"<script> [6424 bytes]","args":[{"element-6066-11e4-a52e-4f735466cecf":"f.B7EBD3B9E1BF342B1CF0F76B0C9C80BF.d.EE835D1415EC8350131E87FC8B22738B.e.4072"},"setValue",["5/20/25"]]}
RESULT: {"script":"<script> [6424 bytes]","args":[{"element-6066-11e4-a52e-4f735466cecf":"f.B7EBD3B9E1BF342B1CF0F76B0C9C80BF.d.EE835D1415EC8350131E87FC8B22738B.e.4072"},"setValue",["5/20/25"]]}
COMMAND: POST /session/47a0cfcb1b688bc57e33978b59aaa3c6/element - {"using":"xpath","value":"//input[@id=\"generalSectionFrg--receiveYard-inner\"]"}
RESULT: {"using":"xpath","value":"//input[@id=\"generalSectionFrg--receiveYard-inner\"]"}
COMMAND: POST /session/47a0cfcb1b688bc57e33978b59aaa3c6/element/f.B7EBD3B9E1BF342B1CF0F76B0C9C80BF.d.EE835D1415EC8350131E87FC8B22738B.e.4076/clear - {}
RESULT: {}
COMMAND: POST /session/47a0cfcb1b688bc57e33978b59aaa3c6/element/f.B7EBD3B9E1BF342B1CF0F76B0C9C80BF.d.EE835D1415EC8350131E87FC8B22738B.e.4076/value - {"text":"590"}
COMMAND: GET /session/47a0cfcb1b688bc57e33978b59aaa3c6/screenshot - {}
RESULT: {"text":"590"}
COMMAND: GET /session/47a0cfcb1b688bc57e33978b59aaa3c6/screenshot - {}
RESULT: {}
RESULT: {}
COMMAND: POST /session/47a0cfcb1b688bc57e33978b59aaa3c6/element - {"using":"xpath","value":"//li[.//span[text()='590']]"}
RESULT: {"using":"xpath","value":"//li[.//span[text()='590']]"}
COMMAND: POST /session/47a0cfcb1b688bc57e33978b59aaa3c6/element/f.B7EBD3B9E1BF342B1CF0F76B0C9C80BF.d.EE835D1415EC8350131E87FC8B22738B.e.4094/click - {}
RESULT: {}
COMMAND: GET /session/47a0cfcb1b688bc57e33978b59aaa3c6/screenshot - {}
RESULT: {}
COMMAND: POST /session/47a0cfcb1b688bc57e33978b59aaa3c6/execute/async - {"script":"<script> [1562 bytes]","args":[{"selector":{"id":"application-managehandovers-display-component---AddNewHO--ObjectPageLayout-anchBar-application-managehandovers-display-component---AddNewHO--section4-anchor","interaction":{"idSuffix":"BDI-content"}},"wdio_ui5_key":"applicationmanagehandovers-display-component---AddNewHO--ObjectPageLayout-anchBar-application-managehandovers-display-component---AddNewHO--section4-anchor"}]}
RESULT: {"script":"<script> [1562 bytes]","args":[{"selector":{"id":"application-managehandovers-display-component---AddNewHO--ObjectPageLayout-anchBar-application-managehandovers-display-component---AddNewHO--section4-anchor","interaction":{"idSuffix":"BDI-content"}},"wdio_ui5_key":"applicationmanagehandovers-display-component---AddNewHO--ObjectPageLayout-anchBar-application-managehandovers-display-component---AddNewHO--section4-anchor"}]}
RESULT: undefined
COMMAND: POST /session/47a0cfcb1b688bc57e33978b59aaa3c6/element - {"using":"xpath","value":"//*[@id=\"application-managehandovers-display-component---AddNewHO--ObjectPageLayout-anchBar-application-managehandovers-display-component---AddNewHO--section4-anchor\"]"}
RESULT: {"using":"xpath","value":"//*[@id=\"application-managehandovers-display-component---AddNewHO--ObjectPageLayout-anchBar-application-managehandovers-display-component---AddNewHO--section4-anchor\"]"}
COMMAND: POST /session/47a0cfcb1b688bc57e33978b59aaa3c6/element/f.B7EBD3B9E1BF342B1CF0F76B0C9C80BF.d.EE835D1415EC8350131E87FC8B22738B.e.4096/click - {}
RESULT: {}
COMMAND: POST /session/47a0cfcb1b688bc57e33978b59aaa3c6/element - {"using":"xpath","value":"//button[@aria-label=\"Add\"]"}
COMMAND: GET /session/47a0cfcb1b688bc57e33978b59aaa3c6/screenshot - {}
RESULT: {"using":"xpath","value":"//button[@aria-label=\"Add\"]"}
COMMAND: POST /session/47a0cfcb1b688bc57e33978b59aaa3c6/element/f.B7EBD3B9E1BF342B1CF0F76B0C9C80BF.d.EE835D1415EC8350131E87FC8B22738B.e.4098/click - {}
RESULT: {}
RESULT: {}
COMMAND: GET /session/47a0cfcb1b688bc57e33978b59aaa3c6/screenshot - {}
RESULT: {}
COMMAND: POST /session/47a0cfcb1b688bc57e33978b59aaa3c6/execute/async - {"script":"<script> [1562 bytes]","args":[{"selector":{"id":"application-managehandovers-display-component---AddNewHO--smartFilterBar-btnBasicSearch","searchOpenDialogs":true,"interaction":{"idSuffix":"I"}},"wdio_ui5_key":"applicationmanagehandovers-display-component---AddNewHO--smartFilterBar-btnBasicSearch"}]}
RESULT: {"script":"<script> [1562 bytes]","args":[{"selector":{"id":"application-managehandovers-display-component---AddNewHO--smartFilterBar-btnBasicSearch","searchOpenDialogs":true,"interaction":{"idSuffix":"I"}},"wdio_ui5_key":"applicationmanagehandovers-display-component---AddNewHO--smartFilterBar-btnBasicSearch"}]}
RESULT: undefined
COMMAND: POST /session/47a0cfcb1b688bc57e33978b59aaa3c6/execute/async - {"script":"<script> [776 bytes]","args":[{"enterText":"200333","selector":{"id":"application-managehandovers-display-component---AddNewHO--smartFilterBar-btnBasicSearch","searchOpenDialogs":true,"interaction":{"idSuffix":"I"}},"clearTextFirst":true,"interactionType":"ENTER_TEXT"}]}
RESULT: {"script":"<script> [776 bytes]","args":[{"enterText":"200333","selector":{"id":"application-managehandovers-display-component---AddNewHO--smartFilterBar-btnBasicSearch","searchOpenDialogs":true,"interaction":{"idSuffix":"I"}},"clearTextFirst":true,"interactionType":"ENTER_TEXT"}]}
COMMAND: POST /session/47a0cfcb1b688bc57e33978b59aaa3c6/actions - {"actions":[{"id":"action16","type":"key","parameters":{},"actions":[{"type":"keyDown","value":"î€‡"},{"type":"pause","duration":10},{"type":"keyUp","value":"î€‡"}]}]}
RESULT: {"actions":[{"id":"action16","type":"key","parameters":{},"actions":[{"type":"keyDown","value":"î€‡"},{"type":"pause","duration":10},{"type":"keyUp","value":"î€‡"}]}]}
COMMAND: GET /session/47a0cfcb1b688bc57e33978b59aaa3c6/screenshot - {}
RESULT: {}
COMMAND: POST /session/47a0cfcb1b688bc57e33978b59aaa3c6/execute/async - {"script":"<script> [1562 bytes]","args":[{"selector":{"id":"application-managehandovers-display-component---AddNewHO--popup-sa","searchOpenDialogs":true,"interaction":{"idSuffix":"CbBg"}},"wdio_ui5_key":"applicationmanagehandovers-display-component---AddNewHO--popup-sa"}]}
RESULT: {"script":"<script> [1562 bytes]","args":[{"selector":{"id":"application-managehandovers-display-component---AddNewHO--popup-sa","searchOpenDialogs":true,"interaction":{"idSuffix":"CbBg"}},"wdio_ui5_key":"applicationmanagehandovers-display-component---AddNewHO--popup-sa"}]}
RESULT: undefined
COMMAND: POST /session/47a0cfcb1b688bc57e33978b59aaa3c6/element - {"using":"xpath","value":"//*[@id=\"application-managehandovers-display-component---AddNewHO--popup-sa\"]"}
RESULT: {"using":"xpath","value":"//*[@id=\"application-managehandovers-display-component---AddNewHO--popup-sa\"]"}
COMMAND: POST /session/47a0cfcb1b688bc57e33978b59aaa3c6/element/f.B7EBD3B9E1BF342B1CF0F76B0C9C80BF.d.EE835D1415EC8350131E87FC8B22738B.e.4249/click - {}
RESULT: {}
COMMAND: GET /session/47a0cfcb1b688bc57e33978b59aaa3c6/screenshot - {}
RESULT: {}
COMMAND: POST /session/47a0cfcb1b688bc57e33978b59aaa3c6/element - {"using":"xpath","value":"//bdi[contains(text(), \"Select\")]"}
RESULT: {"using":"xpath","value":"//bdi[contains(text(), \"Select\")]"}
COMMAND: POST /session/47a0cfcb1b688bc57e33978b59aaa3c6/element/f.B7EBD3B9E1BF342B1CF0F76B0C9C80BF.d.EE835D1415EC8350131E87FC8B22738B.e.4250/click - {}
RESULT: {}
COMMAND: GET /session/47a0cfcb1b688bc57e33978b59aaa3c6/screenshot - {}
RESULT: {}
COMMAND: POST /session/47a0cfcb1b688bc57e33978b59aaa3c6/element - {"using":"xpath","value":"//button[@data-kt=\"AddNewHOSaveButton\"]"}
RESULT: {"using":"xpath","value":"//button[@data-kt=\"AddNewHOSaveButton\"]"}
COMMAND: POST /session/47a0cfcb1b688bc57e33978b59aaa3c6/element/f.B7EBD3B9E1BF342B1CF0F76B0C9C80BF.d.EE835D1415EC8350131E87FC8B22738B.e.4254/click - {}
RESULT: {}
COMMAND: GET /session/47a0cfcb1b688bc57e33978b59aaa3c6/screenshot - {}
COMMAND: POST /session/47a0cfcb1b688bc57e33978b59aaa3c6/execute/async - {"script":"<script> [1562 bytes]","args":[{"selector":{"id":"receiptDatePicker","viewName":"etm.portal.ui.managehandovers.view.DetailExecuteHO","interaction":{"idSuffix":"inner"}},"wdio_ui5_key":"receiptDatePickeretmportal.ui.managehandovers.view.DetailExecuteHO"}]}
RESULT: {}
RESULT: {"script":"<script> [1562 bytes]","args":[{"selector":{"id":"receiptDatePicker","viewName":"etm.portal.ui.managehandovers.view.DetailExecuteHO","interaction":{"idSuffix":"inner"}},"wdio_ui5_key":"receiptDatePickeretmportal.ui.managehandovers.view.DetailExecuteHO"}]}
RESULT: undefined
COMMAND: POST /session/47a0cfcb1b688bc57e33978b59aaa3c6/execute/async - {"script":"<script> [6424 bytes]","args":[{"element-6066-11e4-a52e-4f735466cecf":"f.B7EBD3B9E1BF342B1CF0F76B0C9C80BF.d.EE835D1415EC8350131E87FC8B22738B.e.4274"},"setValue",["5/20/25"]]}
RESULT: {"script":"<script> [6424 bytes]","args":[{"element-6066-11e4-a52e-4f735466cecf":"f.B7EBD3B9E1BF342B1CF0F76B0C9C80BF.d.EE835D1415EC8350131E87FC8B22738B.e.4274"},"setValue",["5/20/25"]]}
COMMAND: POST /session/47a0cfcb1b688bc57e33978b59aaa3c6/element - {"using":"xpath","value":"//button[@data-kt=\"PickingTableConfirmAllButton\"]"}
RESULT: {"using":"xpath","value":"//button[@data-kt=\"PickingTableConfirmAllButton\"]"}
COMMAND: POST /session/47a0cfcb1b688bc57e33978b59aaa3c6/element/f.B7EBD3B9E1BF342B1CF0F76B0C9C80BF.d.EE835D1415EC8350131E87FC8B22738B.e.4290/click - {}
RESULT: {}
COMMAND: GET /session/47a0cfcb1b688bc57e33978b59aaa3c6/screenshot - {}
RESULT: {}
COMMAND: POST /session/47a0cfcb1b688bc57e33978b59aaa3c6/element - {"using":"xpath","value":"//bdi[contains(text(), \"OK\")]"}
RESULT: {"using":"xpath","value":"//bdi[contains(text(), \"OK\")]"}
COMMAND: POST /session/47a0cfcb1b688bc57e33978b59aaa3c6/element/f.B7EBD3B9E1BF342B1CF0F76B0C9C80BF.d.EE835D1415EC8350131E87FC8B22738B.e.4292/click - {}
RESULT: {}
COMMAND: GET /session/47a0cfcb1b688bc57e33978b59aaa3c6/screenshot - {}
RESULT: {}
COMMAND: POST /session/47a0cfcb1b688bc57e33978b59aaa3c6/element - {"using":"xpath","value":"(//bdi[contains(text(), \"Receive\")])[2]"}
RESULT: {"using":"xpath","value":"(//bdi[contains(text(), \"Receive\")])[2]"}
COMMAND: POST /session/47a0cfcb1b688bc57e33978b59aaa3c6/element/f.B7EBD3B9E1BF342B1CF0F76B0C9C80BF.d.EE835D1415EC8350131E87FC8B22738B.e.4294/click - {}
RESULT: {}
COMMAND: GET /session/47a0cfcb1b688bc57e33978b59aaa3c6/screenshot - {}
RESULT: {}
COMMAND: POST /session/47a0cfcb1b688bc57e33978b59aaa3c6/element - {"using":"css selector","value":"#shell-header-logo"}
RESULT: {"using":"css selector","value":"#shell-header-logo"}
COMMAND: POST /session/47a0cfcb1b688bc57e33978b59aaa3c6/element/f.B7EBD3B9E1BF342B1CF0F76B0C9C80BF.d.EE835D1415EC8350131E87FC8B22738B.e.3681/click - {}
RESULT: {}
COMMAND: GET /session/47a0cfcb1b688bc57e33978b59aaa3c6/screenshot - {}
RESULT: {}
COMMAND: POST /session/47a0cfcb1b688bc57e33978b59aaa3c6/element - {"using":"css selector","value":"#j_username"}
COMMAND: POST /session/47a0cfcb1b688bc57e33978b59aaa3c6/url - {"url":"https://qa-testing-00-live-etm-ui.cfapps.eu10-004.hana.ondemand.com/"}
RESULT: {"using":"css selector","value":"#j_username"}
COMMAND: POST /session/47a0cfcb1b688bc57e33978b59aaa3c6/element - {"using":"css selector","value":"#j_username"}
RESULT: {"url":"https://qa-testing-00-live-etm-ui.cfapps.eu10-004.hana.ondemand.com/"}
RESULT: undefined
COMMAND: GET /session/47a0cfcb1b688bc57e33978b59aaa3c6/screenshot - {}
RESULT: {"using":"css selector","value":"#j_username"}
COMMAND: POST /session/47a0cfcb1b688bc57e33978b59aaa3c6/element - {"using":"css selector","value":"#shell-header-logo"}
RESULT: {}
RESULT: {"using":"css selector","value":"#shell-header-logo"}
COMMAND: POST /session/47a0cfcb1b688bc57e33978b59aaa3c6/execute/sync - {"script":"<script> [8489 bytes]","args":[{"element-6066-11e4-a52e-4f735466cecf":"f.B7EBD3B9E1BF342B1CF0F76B0C9C80BF.d.A6CDB9C8F01D8A0F4238A693B6F45B82.e.4548","ELEMENT":"f.B7EBD3B9E1BF342B1CF0F76B0C9C80BF.d.A6CDB9C8F01D8A0F4238A693B6F45B82.e.4548"}]}
RESULT: {"script":"<script> [8489 bytes]","args":[{"element-6066-11e4-a52e-4f735466cecf":"f.B7EBD3B9E1BF342B1CF0F76B0C9C80BF.d.A6CDB9C8F01D8A0F4238A693B6F45B82.e.4548","ELEMENT":"f.B7EBD3B9E1BF342B1CF0F76B0C9C80BF.d.A6CDB9C8F01D8A0F4238A693B6F45B82.e.4548"}]}
COMMAND: POST /session/47a0cfcb1b688bc57e33978b59aaa3c6/element - {"using":"css selector","value":"#shell-header-logo"}
COMMAND: GET /session/47a0cfcb1b688bc57e33978b59aaa3c6/screenshot - {}
RESULT: {"using":"css selector","value":"#shell-header-logo"}
COMMAND: POST /session/47a0cfcb1b688bc57e33978b59aaa3c6/execute/sync - {"script":"<script> [8489 bytes]","args":[{"element-6066-11e4-a52e-4f735466cecf":"f.B7EBD3B9E1BF342B1CF0F76B0C9C80BF.d.A6CDB9C8F01D8A0F4238A693B6F45B82.e.4548","ELEMENT":"f.B7EBD3B9E1BF342B1CF0F76B0C9C80BF.d.A6CDB9C8F01D8A0F4238A693B6F45B82.e.4548"}]}
RESULT: {}
RESULT: {"script":"<script> [8489 bytes]","args":[{"element-6066-11e4-a52e-4f735466cecf":"f.B7EBD3B9E1BF342B1CF0F76B0C9C80BF.d.A6CDB9C8F01D8A0F4238A693B6F45B82.e.4548","ELEMENT":"f.B7EBD3B9E1BF342B1CF0F76B0C9C80BF.d.A6CDB9C8F01D8A0F4238A693B6F45B82.e.4548"}]}
COMMAND: POST /session/47a0cfcb1b688bc57e33978b59aaa3c6/execute/sync - {"script":"<script> [5351 bytes]","args":[{"element-6066-11e4-a52e-4f735466cecf":"f.B7EBD3B9E1BF342B1CF0F76B0C9C80BF.d.A6CDB9C8F01D8A0F4238A693B6F45B82.e.4548","ELEMENT":"f.B7EBD3B9E1BF342B1CF0F76B0C9C80BF.d.A6CDB9C8F01D8A0F4238A693B6F45B82.e.4548"}]}
COMMAND: GET /session/47a0cfcb1b688bc57e33978b59aaa3c6/screenshot - {}
RESULT: {"script":"<script> [5351 bytes]","args":[{"element-6066-11e4-a52e-4f735466cecf":"f.B7EBD3B9E1BF342B1CF0F76B0C9C80BF.d.A6CDB9C8F01D8A0F4238A693B6F45B82.e.4548","ELEMENT":"f.B7EBD3B9E1BF342B1CF0F76B0C9C80BF.d.A6CDB9C8F01D8A0F4238A693B6F45B82.e.4548"}]}
COMMAND: POST /session/47a0cfcb1b688bc57e33978b59aaa3c6/element - {"using":"css selector","value":"#shell-header-logo"}
COMMAND: GET /session/47a0cfcb1b688bc57e33978b59aaa3c6/screenshot - {}
RESULT: {}
RESULT: {"using":"css selector","value":"#shell-header-logo"}
COMMAND: POST /session/47a0cfcb1b688bc57e33978b59aaa3c6/element/f.B7EBD3B9E1BF342B1CF0F76B0C9C80BF.d.A6CDB9C8F01D8A0F4238A693B6F45B82.e.4548/click - {}
RESULT: {}
RESULT: {}
COMMAND: GET /session/47a0cfcb1b688bc57e33978b59aaa3c6/screenshot - {}
RESULT: {}
COMMAND: POST /session/47a0cfcb1b688bc57e33978b59aaa3c6/execute/async - {"script":"<script> [189 bytes]","args":[]}
RESULT: {"script":"<script> [189 bytes]","args":[]}
COMMAND: POST /session/47a0cfcb1b688bc57e33978b59aaa3c6/execute/async - {"script":"<script> [123 bytes]","args":[]}
RESULT: {"script":"<script> [123 bytes]","args":[]}
COMMAND: POST /session/47a0cfcb1b688bc57e33978b59aaa3c6/timeouts - {"script":"<number>"}
RESULT: {"script":"<number>"}
COMMAND: GET /session/47a0cfcb1b688bc57e33978b59aaa3c6/timeouts - {}
RESULT: {}
RESULT: undefined
COMMAND: POST /session/47a0cfcb1b688bc57e33978b59aaa3c6/execute/async - {"script":"<script> [2676 bytes]","args":[]}
RESULT: {"script":"<script> [2676 bytes]","args":[]}
COMMAND: POST /session/47a0cfcb1b688bc57e33978b59aaa3c6/execute/async - {"script":"<script> [2342 bytes]","args":[{"protocol":"http","hostname":"0.0.0.0","path":"/","capabilities":{"browserName":"chrome","goog:chromeOptions":{"binary":"C:\\Program Files\\Google\\Chrome\\Application\\chrome.exe","args":["--start-maximized"]}},"logLevel":"warn","connectionRetryTimeout":120000,"connectionRetryCount":3,"logLevels":{},"enableDirectConnect":true,"strictSSL":true,"_":"65 more keys: [\"cacheDir\",\"port\",\"requestedCapabilities\",\"automationProtocol\",\"baseUrl\",\"waitforInterval\",\"waitforTimeout\",\"onReload\",\"beforeCommand\",\"afterCommand\",\"rootDir\",\"specs\",\"suites\",\"exclude\",\"groupLogsByTestSpec\",\"excludeDriverLogs\",\"bail\",\"framework\",\"reporters\",\"services\",\"maxInstances\",\"maxInstancesPerCapability\",\"injectGlobals\",\"filesToWatch\",\"execArgv\",\"runnerEnv\",\"runner\",\"shard\",\"specFileRetries\",\"specFileRetriesDelay\",\"specFileRetriesDeferred\",\"reporterSyncInterval\",\"reporterSyncTimeout\",\"cucumberFeaturesWithLineNumbers\",\"autoCompileOpts\",\"mochaOpts\",\"jasmineOpts\",\"cucumberOpts\",\"onPrepare\",\"onWorkerStart\",\"onWorkerEnd\",\"before\",\"beforeSession\",\"beforeSuite\",\"beforeHook\",\"beforeTest\",\"afterTest\",\"afterHook\",\"afterSuite\",\"afterSession\",\"after\",\"onComplete\",\"beforeAssertion\",\"afterAssertion\",\"beforeFeature\",\"beforeScenario\",\"beforeStep\",\"afterStep\",\"afterScenario\",\"afterFeature\",\"_\",\"suite\",\"$0\",\"ignoredWorkerServices\",\"wdi5\"]"}]}
RESULT: {"script":"<script> [2342 bytes]","args":[{"protocol":"http","hostname":"0.0.0.0","path":"/","capabilities":{"browserName":"chrome","goog:chromeOptions":{"binary":"C:\\Program Files\\Google\\Chrome\\Application\\chrome.exe","args":["--start-maximized"]}},"logLevel":"warn","connectionRetryTimeout":120000,"connectionRetryCount":3,"logLevels":{},"enableDirectConnect":true,"strictSSL":true,"_":"65 more keys: [\"cacheDir\",\"port\",\"requestedCapabilities\",\"automationProtocol\",\"baseUrl\",\"waitforInterval\",\"waitforTimeout\",\"onReload\",\"beforeCommand\",\"afterCommand\",\"rootDir\",\"specs\",\"suites\",\"exclude\",\"groupLogsByTestSpec\",\"excludeDriverLogs\",\"bail\",\"framework\",\"reporters\",\"services\",\"maxInstances\",\"maxInstancesPerCapability\",\"injectGlobals\",\"filesToWatch\",\"execArgv\",\"runnerEnv\",\"runner\",\"shard\",\"specFileRetries\",\"specFileRetriesDelay\",\"specFileRetriesDeferred\",\"reporterSyncInterval\",\"reporterSyncTimeout\",\"cucumberFeaturesWithLineNumbers\",\"autoCompileOpts\",\"mochaOpts\",\"jasmineOpts\",\"cucumberOpts\",\"onPrepare\",\"onWorkerStart\",\"onWorkerEnd\",\"before\",\"beforeSession\",\"beforeSuite\",\"beforeHook\",\"beforeTest\",\"afterTest\",\"afterHook\",\"afterSuite\",\"afterSession\",\"after\",\"onComplete\",\"beforeAssertion\",\"afterAssertion\",\"beforeFeature\",\"beforeScenario\",\"beforeStep\",\"afterStep\",\"afterScenario\",\"afterFeature\",\"_\",\"suite\",\"$0\",\"ignoredWorkerServices\",\"wdi5\"]"}]}
COMMAND: POST /session/47a0cfcb1b688bc57e33978b59aaa3c6/execute/async - {"script":"<script> [21126 bytes]","args":[35000]}
RESULT: {"script":"<script> [21126 bytes]","args":[35000]}
COMMAND: POST /session/47a0cfcb1b688bc57e33978b59aaa3c6/window/maximize - {}
RESULT: {}
COMMAND: POST /session/47a0cfcb1b688bc57e33978b59aaa3c6/execute/async - {"script":"<script> [1562 bytes]","args":[{"selector":{"id":"shell-header","interaction":{"idSuffix":"icon"}},"wdio_ui5_key":"shellheader"}]}
COMMAND: GET /session/47a0cfcb1b688bc57e33978b59aaa3c6/screenshot - {}
RESULT: {"script":"<script> [1562 bytes]","args":[{"selector":{"id":"shell-header","interaction":{"idSuffix":"icon"}},"wdio_ui5_key":"shellheader"}]}
RESULT: undefined
COMMAND: POST /session/47a0cfcb1b688bc57e33978b59aaa3c6/window/fullscreen - {}
RESULT: {}
RESULT: {}
]]></system-out>
    </testcase>
  </testsuite>
  <testsuite timestamp="2025-05-20T16:36:51" time="155.196" tests="6" failures="0" errors="0" skipped="0">
    <properties>
      <property name="specId" value="0" />
      <property name="suiteName" value="Provide to Site w/ warehouse management w/ clarification US115878" />
      <property name="capabilities" value="chrome.136_0_7103_93.windows" />
      <property name="file" value="file:///D:/a/1/s/test/specs/HTR/provide-to-site-w-warehouse-w-clarification.spec.js" />
    </properties>
    <testcase classname="chrome.136_0_7103_93.windows.Provide_to_Site_w/_warehouse_management_w/_clarification_US115878" name="Should create a new WHM yard" time="0.013">
      <system-out><![CDATA[
COMMAND: POST /session/47a0cfcb1b688bc57e33978b59aaa3c6/window/fullscreen - {}
RESULT: {}
]]></system-out>
    </testcase>
    <testcase classname="chrome.136_0_7103_93.windows.Provide_to_Site_w/_warehouse_management_w/_clarification_US115878" name="Should create a new external WHM partner" time="0.005" />
    <testcase classname="chrome.136_0_7103_93.windows.Provide_to_Site_w/_warehouse_management_w/_clarification_US115878" name="Should create a new WHM site" time="0.005" />
    <testcase classname="chrome.136_0_7103_93.windows.Provide_to_Site_w/_warehouse_management_w/_clarification_US115878" name="Should create a new material" time="129.585">
      <system-out><![CDATA[
COMMAND: POST /session/47a0cfcb1b688bc57e33978b59aaa3c6/execute/async - {"script":"<script> [1562 bytes]","args":[{"selector":{"controlType":"sap.m.GenericTile","properties":{"header":"Manage Resources"}},"wdio_ui5_key":"sapm.GenericTile{\"header\":\"Manage Resources\"}"}]}
RESULT: {"script":"<script> [1562 bytes]","args":[{"selector":{"controlType":"sap.m.GenericTile","properties":{"header":"Manage Resources"}},"wdio_ui5_key":"sapm.GenericTile{\"header\":\"Manage Resources\"}"}]}
RESULT: undefined
COMMAND: POST /session/47a0cfcb1b688bc57e33978b59aaa3c6/element - {"using":"xpath","value":"//*[@id=\"__tile50\"]"}
RESULT: {"using":"xpath","value":"//*[@id=\"__tile50\"]"}
COMMAND: POST /session/47a0cfcb1b688bc57e33978b59aaa3c6/element/f.B7EBD3B9E1BF342B1CF0F76B0C9C80BF.d.A6CDB9C8F01D8A0F4238A693B6F45B82.e.4564/click - {}
RESULT: {}
COMMAND: GET /session/47a0cfcb1b688bc57e33978b59aaa3c6/screenshot - {}
COMMAND: POST /session/47a0cfcb1b688bc57e33978b59aaa3c6/elements - {"using":"xpath","value":"//span[text()='Error']"}
RESULT: {}
RESULT: {"using":"xpath","value":"//span[text()='Error']"}
COMMAND: POST /session/47a0cfcb1b688bc57e33978b59aaa3c6/element - {"using":"xpath","value":"//button[@data-kt=\"addNewRUOverflowToolbarButton\"]"}
RESULT: {"using":"xpath","value":"//button[@data-kt=\"addNewRUOverflowToolbarButton\"]"}
COMMAND: POST /session/47a0cfcb1b688bc57e33978b59aaa3c6/elements - {"using":"xpath","value":"//button[@data-kt=\"addNewRUOverflowToolbarButton\"]"}
RESULT: {"using":"xpath","value":"//button[@data-kt=\"addNewRUOverflowToolbarButton\"]"}
COMMAND: POST /session/47a0cfcb1b688bc57e33978b59aaa3c6/execute/sync - {"script":"<script> [8489 bytes]","args":[{"element-6066-11e4-a52e-4f735466cecf":"f.B7EBD3B9E1BF342B1CF0F76B0C9C80BF.d.A6CDB9C8F01D8A0F4238A693B6F45B82.e.4665","ELEMENT":"f.B7EBD3B9E1BF342B1CF0F76B0C9C80BF.d.A6CDB9C8F01D8A0F4238A693B6F45B82.e.4665"}]}
RESULT: {"script":"<script> [8489 bytes]","args":[{"element-6066-11e4-a52e-4f735466cecf":"f.B7EBD3B9E1BF342B1CF0F76B0C9C80BF.d.A6CDB9C8F01D8A0F4238A693B6F45B82.e.4665","ELEMENT":"f.B7EBD3B9E1BF342B1CF0F76B0C9C80BF.d.A6CDB9C8F01D8A0F4238A693B6F45B82.e.4665"}]}
COMMAND: GET /session/47a0cfcb1b688bc57e33978b59aaa3c6/element/f.B7EBD3B9E1BF342B1CF0F76B0C9C80BF.d.A6CDB9C8F01D8A0F4238A693B6F45B82.e.4665/enabled - {}
COMMAND: GET /session/47a0cfcb1b688bc57e33978b59aaa3c6/screenshot - {}
RESULT: {}
COMMAND: POST /session/47a0cfcb1b688bc57e33978b59aaa3c6/execute/sync - {"script":"<script> [8489 bytes]","args":[{"element-6066-11e4-a52e-4f735466cecf":"f.B7EBD3B9E1BF342B1CF0F76B0C9C80BF.d.A6CDB9C8F01D8A0F4238A693B6F45B82.e.4665","ELEMENT":"f.B7EBD3B9E1BF342B1CF0F76B0C9C80BF.d.A6CDB9C8F01D8A0F4238A693B6F45B82.e.4665"}]}
COMMAND: GET /session/47a0cfcb1b688bc57e33978b59aaa3c6/screenshot - {}
RESULT: {}
RESULT: {"script":"<script> [8489 bytes]","args":[{"element-6066-11e4-a52e-4f735466cecf":"f.B7EBD3B9E1BF342B1CF0F76B0C9C80BF.d.A6CDB9C8F01D8A0F4238A693B6F45B82.e.4665","ELEMENT":"f.B7EBD3B9E1BF342B1CF0F76B0C9C80BF.d.A6CDB9C8F01D8A0F4238A693B6F45B82.e.4665"}]}
COMMAND: POST /session/47a0cfcb1b688bc57e33978b59aaa3c6/execute/sync - {"script":"<script> [5351 bytes]","args":[{"element-6066-11e4-a52e-4f735466cecf":"f.B7EBD3B9E1BF342B1CF0F76B0C9C80BF.d.A6CDB9C8F01D8A0F4238A693B6F45B82.e.4665","ELEMENT":"f.B7EBD3B9E1BF342B1CF0F76B0C9C80BF.d.A6CDB9C8F01D8A0F4238A693B6F45B82.e.4665"}]}
COMMAND: GET /session/47a0cfcb1b688bc57e33978b59aaa3c6/screenshot - {}
RESULT: {}
RESULT: {"script":"<script> [5351 bytes]","args":[{"element-6066-11e4-a52e-4f735466cecf":"f.B7EBD3B9E1BF342B1CF0F76B0C9C80BF.d.A6CDB9C8F01D8A0F4238A693B6F45B82.e.4665","ELEMENT":"f.B7EBD3B9E1BF342B1CF0F76B0C9C80BF.d.A6CDB9C8F01D8A0F4238A693B6F45B82.e.4665"}]}
COMMAND: POST /session/47a0cfcb1b688bc57e33978b59aaa3c6/element/f.B7EBD3B9E1BF342B1CF0F76B0C9C80BF.d.A6CDB9C8F01D8A0F4238A693B6F45B82.e.4665/click - {}
COMMAND: GET /session/47a0cfcb1b688bc57e33978b59aaa3c6/screenshot - {}
RESULT: {}
RESULT: {}
COMMAND: GET /session/47a0cfcb1b688bc57e33978b59aaa3c6/screenshot - {}
RESULT: {}
RESULT: {}
COMMAND: POST /session/47a0cfcb1b688bc57e33978b59aaa3c6/execute/async - {"script":"<script> [1562 bytes]","args":[{"selector":{"id":"application-manageresources-display-component---newResourceUnit--TYPE-arrow"},"wdio_ui5_key":"applicationmanageresources-display-component---newResourceUnit--TYPE-arrow"}]}
RESULT: {"script":"<script> [1562 bytes]","args":[{"selector":{"id":"application-manageresources-display-component---newResourceUnit--TYPE-arrow"},"wdio_ui5_key":"applicationmanageresources-display-component---newResourceUnit--TYPE-arrow"}]}
RESULT: undefined
COMMAND: POST /session/47a0cfcb1b688bc57e33978b59aaa3c6/element - {"using":"xpath","value":"//*[@id=\"application-manageresources-display-component---newResourceUnit--TYPE-arrow\"]"}
RESULT: {"using":"xpath","value":"//*[@id=\"application-manageresources-display-component---newResourceUnit--TYPE-arrow\"]"}
COMMAND: POST /session/47a0cfcb1b688bc57e33978b59aaa3c6/element/f.B7EBD3B9E1BF342B1CF0F76B0C9C80BF.d.A6CDB9C8F01D8A0F4238A693B6F45B82.e.5029/click - {}
RESULT: {}
COMMAND: POST /session/47a0cfcb1b688bc57e33978b59aaa3c6/element - {"using":"xpath","value":"//input[@id=\"application-manageresources-display-component---newResourceUnit--TYPE-inner\"]"}
COMMAND: GET /session/47a0cfcb1b688bc57e33978b59aaa3c6/screenshot - {}
RESULT: {"using":"xpath","value":"//input[@id=\"application-manageresources-display-component---newResourceUnit--TYPE-inner\"]"}
COMMAND: POST /session/47a0cfcb1b688bc57e33978b59aaa3c6/element/f.B7EBD3B9E1BF342B1CF0F76B0C9C80BF.d.A6CDB9C8F01D8A0F4238A693B6F45B82.e.5019/clear - {}
RESULT: {}
RESULT: {}
COMMAND: POST /session/47a0cfcb1b688bc57e33978b59aaa3c6/element/f.B7EBD3B9E1BF342B1CF0F76B0C9C80BF.d.A6CDB9C8F01D8A0F4238A693B6F45B82.e.5019/value - {"text":"Material"}
COMMAND: GET /session/47a0cfcb1b688bc57e33978b59aaa3c6/screenshot - {}
RESULT: {"text":"Material"}
COMMAND: GET /session/47a0cfcb1b688bc57e33978b59aaa3c6/screenshot - {}
RESULT: {}
RESULT: {}
COMMAND: POST /session/47a0cfcb1b688bc57e33978b59aaa3c6/actions - {"actions":[{"id":"action17","type":"key","parameters":{},"actions":[{"type":"keyDown","value":"î€‡"},{"type":"pause","duration":10},{"type":"keyUp","value":"î€‡"}]}]}
RESULT: {"actions":[{"id":"action17","type":"key","parameters":{},"actions":[{"type":"keyDown","value":"î€‡"},{"type":"pause","duration":10},{"type":"keyUp","value":"î€‡"}]}]}
COMMAND: POST /session/47a0cfcb1b688bc57e33978b59aaa3c6/execute/async - {"script":"<script> [1562 bytes]","args":[{"selector":{"id":"application-manageresources-display-component---newResourceUnit--SHORT_TEXT","interaction":{"idSuffix":"inner"}},"wdio_ui5_key":"applicationmanageresources-display-component---newResourceUnit--SHORT_TEXT"}]}
COMMAND: GET /session/47a0cfcb1b688bc57e33978b59aaa3c6/screenshot - {}
RESULT: {"script":"<script> [1562 bytes]","args":[{"selector":{"id":"application-manageresources-display-component---newResourceUnit--SHORT_TEXT","interaction":{"idSuffix":"inner"}},"wdio_ui5_key":"applicationmanageresources-display-component---newResourceUnit--SHORT_TEXT"}]}
RESULT: undefined
COMMAND: POST /session/47a0cfcb1b688bc57e33978b59aaa3c6/execute/async - {"script":"<script> [776 bytes]","args":[{"enterText":"Cement WDIO","selector":{"id":"application-manageresources-display-component---newResourceUnit--SHORT_TEXT","interaction":{"idSuffix":"inner"}},"clearTextFirst":true,"interactionType":"ENTER_TEXT"}]}
RESULT: {}
RESULT: {"script":"<script> [776 bytes]","args":[{"enterText":"Cement WDIO","selector":{"id":"application-manageresources-display-component---newResourceUnit--SHORT_TEXT","interaction":{"idSuffix":"inner"}},"clearTextFirst":true,"interactionType":"ENTER_TEXT"}]}
COMMAND: POST /session/47a0cfcb1b688bc57e33978b59aaa3c6/execute/async - {"script":"<script> [1562 bytes]","args":[{"selector":{"id":"application-manageresources-display-component---newResourceUnit--BASE_UNIT_OF_MEASURE","interaction":{"idSuffix":"inner"}},"wdio_ui5_key":"applicationmanageresources-display-component---newResourceUnit--BASE_UNIT_OF_MEASURE"}]}
RESULT: {"script":"<script> [1562 bytes]","args":[{"selector":{"id":"application-manageresources-display-component---newResourceUnit--BASE_UNIT_OF_MEASURE","interaction":{"idSuffix":"inner"}},"wdio_ui5_key":"applicationmanageresources-display-component---newResourceUnit--BASE_UNIT_OF_MEASURE"}]}
RESULT: undefined
COMMAND: POST /session/47a0cfcb1b688bc57e33978b59aaa3c6/execute/async - {"script":"<script> [776 bytes]","args":[{"enterText":"Piece","selector":{"id":"application-manageresources-display-component---newResourceUnit--BASE_UNIT_OF_MEASURE","interaction":{"idSuffix":"inner"}},"clearTextFirst":true,"interactionType":"ENTER_TEXT"}]}
RESULT: {"script":"<script> [776 bytes]","args":[{"enterText":"Piece","selector":{"id":"application-manageresources-display-component---newResourceUnit--BASE_UNIT_OF_MEASURE","interaction":{"idSuffix":"inner"}},"clearTextFirst":true,"interactionType":"ENTER_TEXT"}]}
COMMAND: POST /session/47a0cfcb1b688bc57e33978b59aaa3c6/execute/async - {"script":"<script> [1562 bytes]","args":[{"selector":{"id":"application-manageresources-display-component---newResourceUnit--WEIGHT_UNIT","interaction":{"idSuffix":"inner"}},"wdio_ui5_key":"applicationmanageresources-display-component---newResourceUnit--WEIGHT_UNIT"}]}
RESULT: {"script":"<script> [1562 bytes]","args":[{"selector":{"id":"application-manageresources-display-component---newResourceUnit--WEIGHT_UNIT","interaction":{"idSuffix":"inner"}},"wdio_ui5_key":"applicationmanageresources-display-component---newResourceUnit--WEIGHT_UNIT"}]}
RESULT: undefined
COMMAND: POST /session/47a0cfcb1b688bc57e33978b59aaa3c6/execute/async - {"script":"<script> [776 bytes]","args":[{"enterText":"Gram","selector":{"id":"application-manageresources-display-component---newResourceUnit--WEIGHT_UNIT","interaction":{"idSuffix":"inner"}},"clearTextFirst":true,"interactionType":"ENTER_TEXT"}]}
RESULT: {"script":"<script> [776 bytes]","args":[{"enterText":"Gram","selector":{"id":"application-manageresources-display-component---newResourceUnit--WEIGHT_UNIT","interaction":{"idSuffix":"inner"}},"clearTextFirst":true,"interactionType":"ENTER_TEXT"}]}
COMMAND: POST /session/47a0cfcb1b688bc57e33978b59aaa3c6/execute/async - {"script":"<script> [1562 bytes]","args":[{"selector":{"id":"application-manageresources-display-component---newResourceUnit--DIMENSION_UNIT","interaction":{"idSuffix":"inner"}},"wdio_ui5_key":"applicationmanageresources-display-component---newResourceUnit--DIMENSION_UNIT"}]}
RESULT: {"script":"<script> [1562 bytes]","args":[{"selector":{"id":"application-manageresources-display-component---newResourceUnit--DIMENSION_UNIT","interaction":{"idSuffix":"inner"}},"wdio_ui5_key":"applicationmanageresources-display-component---newResourceUnit--DIMENSION_UNIT"}]}
RESULT: undefined
COMMAND: POST /session/47a0cfcb1b688bc57e33978b59aaa3c6/execute/async - {"script":"<script> [776 bytes]","args":[{"enterText":"Meter","selector":{"id":"application-manageresources-display-component---newResourceUnit--DIMENSION_UNIT","interaction":{"idSuffix":"inner"}},"clearTextFirst":true,"interactionType":"ENTER_TEXT"}]}
RESULT: {"script":"<script> [776 bytes]","args":[{"enterText":"Meter","selector":{"id":"application-manageresources-display-component---newResourceUnit--DIMENSION_UNIT","interaction":{"idSuffix":"inner"}},"clearTextFirst":true,"interactionType":"ENTER_TEXT"}]}
COMMAND: POST /session/47a0cfcb1b688bc57e33978b59aaa3c6/execute/async - {"script":"<script> [1562 bytes]","args":[{"selector":{"id":"application-manageresources-display-component---newResourceUnit--newRRUPage-anchBar-application-manageresources-display-component---newResourceUnit--control-anchor","interaction":{"idSuffix":"BDI-content"}},"wdio_ui5_key":"applicationmanageresources-display-component---newResourceUnit--newRRUPage-anchBar-application-manageresources-display-component---newResourceUnit--control-anchor"}]}
RESULT: {"script":"<script> [1562 bytes]","args":[{"selector":{"id":"application-manageresources-display-component---newResourceUnit--newRRUPage-anchBar-application-manageresources-display-component---newResourceUnit--control-anchor","interaction":{"idSuffix":"BDI-content"}},"wdio_ui5_key":"applicationmanageresources-display-component---newResourceUnit--newRRUPage-anchBar-application-manageresources-display-component---newResourceUnit--control-anchor"}]}
RESULT: undefined
COMMAND: POST /session/47a0cfcb1b688bc57e33978b59aaa3c6/element - {"using":"xpath","value":"//*[@id=\"application-manageresources-display-component---newResourceUnit--newRRUPage-anchBar-application-manageresources-display-component---newResourceUnit--control-anchor\"]"}
RESULT: {"using":"xpath","value":"//*[@id=\"application-manageresources-display-component---newResourceUnit--newRRUPage-anchBar-application-manageresources-display-component---newResourceUnit--control-anchor\"]"}
COMMAND: POST /session/47a0cfcb1b688bc57e33978b59aaa3c6/element/f.B7EBD3B9E1BF342B1CF0F76B0C9C80BF.d.A6CDB9C8F01D8A0F4238A693B6F45B82.e.5095/click - {}
RESULT: {}
COMMAND: POST /session/47a0cfcb1b688bc57e33978b59aaa3c6/execute/async - {"script":"<script> [1562 bytes]","args":[{"selector":{"id":"application-manageresources-display-component---newResourceUnit--PLANNING_GROUP","interaction":{"idSuffix":"inner"}},"wdio_ui5_key":"applicationmanageresources-display-component---newResourceUnit--PLANNING_GROUP"}]}
COMMAND: GET /session/47a0cfcb1b688bc57e33978b59aaa3c6/screenshot - {}
RESULT: {"script":"<script> [1562 bytes]","args":[{"selector":{"id":"application-manageresources-display-component---newResourceUnit--PLANNING_GROUP","interaction":{"idSuffix":"inner"}},"wdio_ui5_key":"applicationmanageresources-display-component---newResourceUnit--PLANNING_GROUP"}]}
RESULT: undefined
COMMAND: POST /session/47a0cfcb1b688bc57e33978b59aaa3c6/execute/async - {"script":"<script> [776 bytes]","args":[{"enterText":"Material","selector":{"id":"application-manageresources-display-component---newResourceUnit--PLANNING_GROUP","interaction":{"idSuffix":"inner"}},"clearTextFirst":true,"interactionType":"ENTER_TEXT"}]}
RESULT: {}
RESULT: {"script":"<script> [776 bytes]","args":[{"enterText":"Material","selector":{"id":"application-manageresources-display-component---newResourceUnit--PLANNING_GROUP","interaction":{"idSuffix":"inner"}},"clearTextFirst":true,"interactionType":"ENTER_TEXT"}]}
COMMAND: POST /session/47a0cfcb1b688bc57e33978b59aaa3c6/execute/async - {"script":"<script> [1562 bytes]","args":[{"selector":{"id":"application-manageresources-display-component---newResourceUnit--PLANNING_INDICATOR","interaction":{"idSuffix":"inner"}},"wdio_ui5_key":"applicationmanageresources-display-component---newResourceUnit--PLANNING_INDICATOR"}]}
RESULT: {"script":"<script> [1562 bytes]","args":[{"selector":{"id":"application-manageresources-display-component---newResourceUnit--PLANNING_INDICATOR","interaction":{"idSuffix":"inner"}},"wdio_ui5_key":"applicationmanageresources-display-component---newResourceUnit--PLANNING_INDICATOR"}]}
RESULT: undefined
COMMAND: POST /session/47a0cfcb1b688bc57e33978b59aaa3c6/execute/async - {"script":"<script> [776 bytes]","args":[{"enterText":"10 - infinite","selector":{"id":"application-manageresources-display-component---newResourceUnit--PLANNING_INDICATOR","interaction":{"idSuffix":"inner"}},"clearTextFirst":true,"interactionType":"ENTER_TEXT"}]}
RESULT: {"script":"<script> [776 bytes]","args":[{"enterText":"10 - infinite","selector":{"id":"application-manageresources-display-component---newResourceUnit--PLANNING_INDICATOR","interaction":{"idSuffix":"inner"}},"clearTextFirst":true,"interactionType":"ENTER_TEXT"}]}
COMMAND: POST /session/47a0cfcb1b688bc57e33978b59aaa3c6/element - {"using":"css selector","value":"#application-manageresources-display-component---newResourceUnit--btnAddTimeSegment"}
RESULT: {"using":"css selector","value":"#application-manageresources-display-component---newResourceUnit--btnAddTimeSegment"}
COMMAND: GET /session/47a0cfcb1b688bc57e33978b59aaa3c6/element/f.B7EBD3B9E1BF342B1CF0F76B0C9C80BF.d.A6CDB9C8F01D8A0F4238A693B6F45B82.e.5103/rect - {}
RESULT: {}
COMMAND: GET /session/47a0cfcb1b688bc57e33978b59aaa3c6/window/rect - {}
RESULT: {}
COMMAND: POST /session/47a0cfcb1b688bc57e33978b59aaa3c6/execute/sync - {"script":"<script> [92 bytes]","args":[]}
RESULT: {"script":"<script> [92 bytes]","args":[]}
COMMAND: POST /session/47a0cfcb1b688bc57e33978b59aaa3c6/actions - {"actions":[{"id":"action18","type":"wheel","parameters":{},"actions":[{"type":"scroll","x":-1888,"y":-32,"deltaX":0,"deltaY":0,"duration":0,"origin":{"element-6066-11e4-a52e-4f735466cecf":"f.B7EBD3B9E1BF342B1CF0F76B0C9C80BF.d.A6CDB9C8F01D8A0F4238A693B6F45B82.e.5103"}}]}]}
COMMAND: GET /session/47a0cfcb1b688bc57e33978b59aaa3c6/screenshot - {}
RESULT: {}
COMMAND: POST /session/47a0cfcb1b688bc57e33978b59aaa3c6/execute/sync - {"script":"<script> [79 bytes]","args":[{"element-6066-11e4-a52e-4f735466cecf":"f.B7EBD3B9E1BF342B1CF0F76B0C9C80BF.d.A6CDB9C8F01D8A0F4238A693B6F45B82.e.5103","ELEMENT":"f.B7EBD3B9E1BF342B1CF0F76B0C9C80BF.d.A6CDB9C8F01D8A0F4238A693B6F45B82.e.5103"},{"block":"start","inline":"nearest"}]}
RESULT: {"script":"<script> [79 bytes]","args":[{"element-6066-11e4-a52e-4f735466cecf":"f.B7EBD3B9E1BF342B1CF0F76B0C9C80BF.d.A6CDB9C8F01D8A0F4238A693B6F45B82.e.5103","ELEMENT":"f.B7EBD3B9E1BF342B1CF0F76B0C9C80BF.d.A6CDB9C8F01D8A0F4238A693B6F45B82.e.5103"},{"block":"start","inline":"nearest"}]}
COMMAND: POST /session/47a0cfcb1b688bc57e33978b59aaa3c6/execute/async - {"script":"<script> [1562 bytes]","args":[{"selector":{"id":"application-manageresources-display-component---newResourceUnit--btnAddTimeSegment","interaction":{"idSuffix":"inner"}},"wdio_ui5_key":"applicationmanageresources-display-component---newResourceUnit--btnAddTimeSegment"}]}
COMMAND: GET /session/47a0cfcb1b688bc57e33978b59aaa3c6/screenshot - {}
RESULT: {"script":"<script> [1562 bytes]","args":[{"selector":{"id":"application-manageresources-display-component---newResourceUnit--btnAddTimeSegment","interaction":{"idSuffix":"inner"}},"wdio_ui5_key":"applicationmanageresources-display-component---newResourceUnit--btnAddTimeSegment"}]}
RESULT: undefined
COMMAND: POST /session/47a0cfcb1b688bc57e33978b59aaa3c6/element - {"using":"xpath","value":"//*[@id=\"application-manageresources-display-component---newResourceUnit--btnAddTimeSegment\"]"}
RESULT: {}
RESULT: {"using":"xpath","value":"//*[@id=\"application-manageresources-display-component---newResourceUnit--btnAddTimeSegment\"]"}
COMMAND: POST /session/47a0cfcb1b688bc57e33978b59aaa3c6/element/f.B7EBD3B9E1BF342B1CF0F76B0C9C80BF.d.A6CDB9C8F01D8A0F4238A693B6F45B82.e.5103/click - {}
RESULT: {}
COMMAND: GET /session/47a0cfcb1b688bc57e33978b59aaa3c6/screenshot - {}
RESULT: {}
COMMAND: POST /session/47a0cfcb1b688bc57e33978b59aaa3c6/element - {"using":"xpath","value":"//input[@id=\"application-manageresources-display-component---newResourceUnit--idRuTSAdmin-application-manageresources-display-component---newResourceUnit--RUTimeSegment-0-inner\"]"}
RESULT: {"using":"xpath","value":"//input[@id=\"application-manageresources-display-component---newResourceUnit--idRuTSAdmin-application-manageresources-display-component---newResourceUnit--RUTimeSegment-0-inner\"]"}
COMMAND: POST /session/47a0cfcb1b688bc57e33978b59aaa3c6/element/f.B7EBD3B9E1BF342B1CF0F76B0C9C80BF.d.A6CDB9C8F01D8A0F4238A693B6F45B82.e.5108/clear - {}
RESULT: {}
COMMAND: POST /session/47a0cfcb1b688bc57e33978b59aaa3c6/element/f.B7EBD3B9E1BF342B1CF0F76B0C9C80BF.d.A6CDB9C8F01D8A0F4238A693B6F45B82.e.5108/value - {"text":"590"}
COMMAND: GET /session/47a0cfcb1b688bc57e33978b59aaa3c6/screenshot - {}
RESULT: {"text":"590"}
COMMAND: GET /session/47a0cfcb1b688bc57e33978b59aaa3c6/screenshot - {}
RESULT: {}
RESULT: {}
COMMAND: POST /session/47a0cfcb1b688bc57e33978b59aaa3c6/element - {"using":"xpath","value":"//li[.//span[text()='590']]"}
RESULT: {"using":"xpath","value":"//li[.//span[text()='590']]"}
COMMAND: POST /session/47a0cfcb1b688bc57e33978b59aaa3c6/element/f.B7EBD3B9E1BF342B1CF0F76B0C9C80BF.d.A6CDB9C8F01D8A0F4238A693B6F45B82.e.5117/click - {}
RESULT: {}
COMMAND: GET /session/47a0cfcb1b688bc57e33978b59aaa3c6/screenshot - {}
RESULT: {}
COMMAND: POST /session/47a0cfcb1b688bc57e33978b59aaa3c6/element - {"using":"xpath","value":"(//span[contains(@id, \"-application-manageresources-display-component---newResourceUnit--RUTimeSegment-0-arrow\")])[2]"}
RESULT: {"using":"xpath","value":"(//span[contains(@id, \"-application-manageresources-display-component---newResourceUnit--RUTimeSegment-0-arrow\")])[2]"}
COMMAND: POST /session/47a0cfcb1b688bc57e33978b59aaa3c6/element/f.B7EBD3B9E1BF342B1CF0F76B0C9C80BF.d.A6CDB9C8F01D8A0F4238A693B6F45B82.e.5118/click - {}
RESULT: {}
COMMAND: POST /session/47a0cfcb1b688bc57e33978b59aaa3c6/element - {"using":"xpath","value":"//span[contains(text(), \"PM Order\")]"}
COMMAND: GET /session/47a0cfcb1b688bc57e33978b59aaa3c6/screenshot - {}
RESULT: {"using":"xpath","value":"//span[contains(text(), \"PM Order\")]"}
COMMAND: POST /session/47a0cfcb1b688bc57e33978b59aaa3c6/element/f.B7EBD3B9E1BF342B1CF0F76B0C9C80BF.d.A6CDB9C8F01D8A0F4238A693B6F45B82.e.5119/click - {}
RESULT: {}
RESULT: {}
COMMAND: GET /session/47a0cfcb1b688bc57e33978b59aaa3c6/screenshot - {}
RESULT: {}
COMMAND: POST /session/47a0cfcb1b688bc57e33978b59aaa3c6/element - {"using":"xpath","value":"//td/div/div/div/span[contains(@id, \"newResourceUnit--RUTimeSegment-0-vhi\")][1]"}
RESULT: {"using":"xpath","value":"//td/div/div/div/span[contains(@id, \"newResourceUnit--RUTimeSegment-0-vhi\")][1]"}
COMMAND: GET /session/47a0cfcb1b688bc57e33978b59aaa3c6/element/f.B7EBD3B9E1BF342B1CF0F76B0C9C80BF.d.A6CDB9C8F01D8A0F4238A693B6F45B82.e.5123/rect - {}
RESULT: {}
COMMAND: GET /session/47a0cfcb1b688bc57e33978b59aaa3c6/window/rect - {}
RESULT: {}
COMMAND: POST /session/47a0cfcb1b688bc57e33978b59aaa3c6/execute/sync - {"script":"<script> [92 bytes]","args":[]}
RESULT: {"script":"<script> [92 bytes]","args":[]}
COMMAND: POST /session/47a0cfcb1b688bc57e33978b59aaa3c6/actions - {"actions":[{"id":"action19","type":"wheel","parameters":{},"actions":[{"type":"scroll","x":-1888,"y":-24,"deltaX":0,"deltaY":0,"duration":0,"origin":{"element-6066-11e4-a52e-4f735466cecf":"f.B7EBD3B9E1BF342B1CF0F76B0C9C80BF.d.A6CDB9C8F01D8A0F4238A693B6F45B82.e.5123"}}]}]}
COMMAND: GET /session/47a0cfcb1b688bc57e33978b59aaa3c6/screenshot - {}
RESULT: {}
COMMAND: POST /session/47a0cfcb1b688bc57e33978b59aaa3c6/execute/sync - {"script":"<script> [79 bytes]","args":[{"element-6066-11e4-a52e-4f735466cecf":"f.B7EBD3B9E1BF342B1CF0F76B0C9C80BF.d.A6CDB9C8F01D8A0F4238A693B6F45B82.e.5123","ELEMENT":"f.B7EBD3B9E1BF342B1CF0F76B0C9C80BF.d.A6CDB9C8F01D8A0F4238A693B6F45B82.e.5123"},{"block":"start","inline":"nearest"}]}
RESULT: {"script":"<script> [79 bytes]","args":[{"element-6066-11e4-a52e-4f735466cecf":"f.B7EBD3B9E1BF342B1CF0F76B0C9C80BF.d.A6CDB9C8F01D8A0F4238A693B6F45B82.e.5123","ELEMENT":"f.B7EBD3B9E1BF342B1CF0F76B0C9C80BF.d.A6CDB9C8F01D8A0F4238A693B6F45B82.e.5123"},{"block":"start","inline":"nearest"}]}
COMMAND: GET /session/47a0cfcb1b688bc57e33978b59aaa3c6/screenshot - {}
RESULT: {}
COMMAND: POST /session/47a0cfcb1b688bc57e33978b59aaa3c6/element/f.B7EBD3B9E1BF342B1CF0F76B0C9C80BF.d.A6CDB9C8F01D8A0F4238A693B6F45B82.e.5123/click - {}
RESULT: {}
COMMAND: GET /session/47a0cfcb1b688bc57e33978b59aaa3c6/screenshot - {}
RESULT: {}
COMMAND: POST /session/47a0cfcb1b688bc57e33978b59aaa3c6/execute/async - {"script":"<script> [1562 bytes]","args":[{"selector":{"controlType":"sap.m.SearchField","properties":{"placeholder":"Search"},"searchOpenDialogs":true,"interaction":{"idSuffix":"I"}},"wdio_ui5_key":"sapm.SearchField{\"placeholder\":\"Search\"}"}]}
RESULT: {"script":"<script> [1562 bytes]","args":[{"selector":{"controlType":"sap.m.SearchField","properties":{"placeholder":"Search"},"searchOpenDialogs":true,"interaction":{"idSuffix":"I"}},"wdio_ui5_key":"sapm.SearchField{\"placeholder\":\"Search\"}"}]}
RESULT: undefined
COMMAND: POST /session/47a0cfcb1b688bc57e33978b59aaa3c6/execute/async - {"script":"<script> [776 bytes]","args":[{"enterText":"4000360","selector":{"controlType":"sap.m.SearchField","properties":{"placeholder":"Search"},"searchOpenDialogs":true,"interaction":{"idSuffix":"I"}},"clearTextFirst":true,"interactionType":"ENTER_TEXT"}]}
RESULT: {"script":"<script> [776 bytes]","args":[{"enterText":"4000360","selector":{"controlType":"sap.m.SearchField","properties":{"placeholder":"Search"},"searchOpenDialogs":true,"interaction":{"idSuffix":"I"}},"clearTextFirst":true,"interactionType":"ENTER_TEXT"}]}
COMMAND: POST /session/47a0cfcb1b688bc57e33978b59aaa3c6/actions - {"actions":[{"id":"action20","type":"key","parameters":{},"actions":[{"type":"keyDown","value":"î€‡"},{"type":"pause","duration":10},{"type":"keyUp","value":"î€‡"}]}]}
RESULT: {"actions":[{"id":"action20","type":"key","parameters":{},"actions":[{"type":"keyDown","value":"î€‡"},{"type":"pause","duration":10},{"type":"keyUp","value":"î€‡"}]}]}
COMMAND: GET /session/47a0cfcb1b688bc57e33978b59aaa3c6/screenshot - {}
RESULT: {}
COMMAND: POST /session/47a0cfcb1b688bc57e33978b59aaa3c6/element - {"using":"xpath","value":"//td/div/span[contains(text(), \"BGL Vehicles\")]"}
RESULT: {"using":"xpath","value":"//td/div/span[contains(text(), \"BGL Vehicles\")]"}
COMMAND: POST /session/47a0cfcb1b688bc57e33978b59aaa3c6/element/f.B7EBD3B9E1BF342B1CF0F76B0C9C80BF.d.A6CDB9C8F01D8A0F4238A693B6F45B82.e.5145/click - {}
RESULT: {}
COMMAND: GET /session/47a0cfcb1b688bc57e33978b59aaa3c6/screenshot - {}
RESULT: {}
COMMAND: POST /session/47a0cfcb1b688bc57e33978b59aaa3c6/element - {"using":"xpath","value":"//bdi[contains(text(), \"OK\")]"}
RESULT: {"using":"xpath","value":"//bdi[contains(text(), \"OK\")]"}
COMMAND: POST /session/47a0cfcb1b688bc57e33978b59aaa3c6/element/f.B7EBD3B9E1BF342B1CF0F76B0C9C80BF.d.A6CDB9C8F01D8A0F4238A693B6F45B82.e.5146/click - {}
RESULT: {}
COMMAND: GET /session/47a0cfcb1b688bc57e33978b59aaa3c6/screenshot - {}
RESULT: {}
COMMAND: POST /session/47a0cfcb1b688bc57e33978b59aaa3c6/element - {"using":"xpath","value":"//label[contains(@class, 'sapMLabelRequired') and .//bdi[contains(text(), 'Planned Retirement')]]"}
RESULT: {"using":"xpath","value":"//label[contains(@class, 'sapMLabelRequired') and .//bdi[contains(text(), 'Planned Retirement')]]"}
COMMAND: POST /session/47a0cfcb1b688bc57e33978b59aaa3c6/elements - {"using":"xpath","value":"//label[contains(@class, 'sapMLabelRequired') and .//bdi[contains(text(), 'Planned Retirement')]]"}
RESULT: {"using":"xpath","value":"//label[contains(@class, 'sapMLabelRequired') and .//bdi[contains(text(), 'Planned Retirement')]]"}
COMMAND: POST /session/47a0cfcb1b688bc57e33978b59aaa3c6/element - {"using":"xpath","value":"//button[@data-kt=\"resourceUnitSaveButton\"]"}
RESULT: {"using":"xpath","value":"//button[@data-kt=\"resourceUnitSaveButton\"]"}
COMMAND: POST /session/47a0cfcb1b688bc57e33978b59aaa3c6/element/f.B7EBD3B9E1BF342B1CF0F76B0C9C80BF.d.A6CDB9C8F01D8A0F4238A693B6F45B82.e.5047/click - {}
RESULT: {}
COMMAND: GET /session/47a0cfcb1b688bc57e33978b59aaa3c6/screenshot - {}
RESULT: {}
COMMAND: POST /session/47a0cfcb1b688bc57e33978b59aaa3c6/element - {"using":"xpath","value":"//bdi[contains(text(), \"Close\")]"}
RESULT: {"using":"xpath","value":"//bdi[contains(text(), \"Close\")]"}
COMMAND: POST /session/47a0cfcb1b688bc57e33978b59aaa3c6/element/f.B7EBD3B9E1BF342B1CF0F76B0C9C80BF.d.A6CDB9C8F01D8A0F4238A693B6F45B82.e.5152/click - {}
RESULT: {}
COMMAND: GET /session/47a0cfcb1b688bc57e33978b59aaa3c6/screenshot - {}
RESULT: {}
COMMAND: POST /session/47a0cfcb1b688bc57e33978b59aaa3c6/element - {"using":"xpath","value":"//header[contains(@id, 'detailRruPage-headerTitle')]/div[1]/div[2]/div[2]/span[1]"}
RESULT: {"using":"xpath","value":"//header[contains(@id, 'detailRruPage-headerTitle')]/div[1]/div[2]/div[2]/span[1]"}
COMMAND: POST /session/47a0cfcb1b688bc57e33978b59aaa3c6/elements - {"using":"xpath","value":"//header[contains(@id, 'detailRruPage-headerTitle')]/div[1]/div[2]/div[2]/span[1]"}
RESULT: {"using":"xpath","value":"//header[contains(@id, 'detailRruPage-headerTitle')]/div[1]/div[2]/div[2]/span[1]"}
COMMAND: POST /session/47a0cfcb1b688bc57e33978b59aaa3c6/execute/sync - {"script":"<script> [56 bytes]","args":[{"element-6066-11e4-a52e-4f735466cecf":"f.B7EBD3B9E1BF342B1CF0F76B0C9C80BF.d.A6CDB9C8F01D8A0F4238A693B6F45B82.e.5183","ELEMENT":"f.B7EBD3B9E1BF342B1CF0F76B0C9C80BF.d.A6CDB9C8F01D8A0F4238A693B6F45B82.e.5183"}]}
RESULT: {"script":"<script> [56 bytes]","args":[{"element-6066-11e4-a52e-4f735466cecf":"f.B7EBD3B9E1BF342B1CF0F76B0C9C80BF.d.A6CDB9C8F01D8A0F4238A693B6F45B82.e.5183","ELEMENT":"f.B7EBD3B9E1BF342B1CF0F76B0C9C80BF.d.A6CDB9C8F01D8A0F4238A693B6F45B82.e.5183"}]}
COMMAND: POST /session/47a0cfcb1b688bc57e33978b59aaa3c6/element - {"using":"css selector","value":"#shell-header-logo"}
COMMAND: GET /session/47a0cfcb1b688bc57e33978b59aaa3c6/screenshot - {}
RESULT: {"using":"css selector","value":"#shell-header-logo"}
COMMAND: POST /session/47a0cfcb1b688bc57e33978b59aaa3c6/element/f.B7EBD3B9E1BF342B1CF0F76B0C9C80BF.d.A6CDB9C8F01D8A0F4238A693B6F45B82.e.4548/click - {}
RESULT: {}
RESULT: {}
COMMAND: GET /session/47a0cfcb1b688bc57e33978b59aaa3c6/screenshot - {}
RESULT: {}
]]></system-out>
    </testcase>
    <testcase classname="chrome.136_0_7103_93.windows.Provide_to_Site_w/_warehouse_management_w/_clarification_US115878" name="Bin Status Report Should Create New Organization yard" time="0.006" />
    <testcase classname="chrome.136_0_7103_93.windows.Provide_to_Site_w/_warehouse_management_w/_clarification_US115878" name="Bin Status Report Should Create New Organization for Site" time="0.004" />
  </testsuite>
  <testsuite timestamp="2025-05-20T16:39:26" time="467.086" tests="6" failures="0" errors="0" skipped="0">
    <properties>
      <property name="specId" value="0" />
      <property name="suiteName" value="Provide to Site w/ warehouse management w clarification" />
      <property name="capabilities" value="chrome.136_0_7103_93.windows" />
      <property name="file" value="file:///D:/a/1/s/test/specs/HTR/provide-to-site-w-warehouse-w-clarification.spec.js" />
    </properties>
    <testcase classname="chrome.136_0_7103_93.windows.Provide_to_Site_w/_warehouse_management_w_clarification" name="Should do a stock increase handover" time="91.522">
      <system-out><![CDATA[
COMMAND: POST /session/47a0cfcb1b688bc57e33978b59aaa3c6/execute/async - {"script":"<script> [1562 bytes]","args":[{"selector":{"controlType":"sap.m.GenericTile","properties":{"header":"Manage Handovers"}},"wdio_ui5_key":"sapm.GenericTile{\"header\":\"Manage Handovers\"}"}]}
RESULT: {"script":"<script> [1562 bytes]","args":[{"selector":{"controlType":"sap.m.GenericTile","properties":{"header":"Manage Handovers"}},"wdio_ui5_key":"sapm.GenericTile{\"header\":\"Manage Handovers\"}"}]}
RESULT: undefined
COMMAND: POST /session/47a0cfcb1b688bc57e33978b59aaa3c6/element - {"using":"xpath","value":"//*[@id=\"__tile131\"]"}
RESULT: {"using":"xpath","value":"//*[@id=\"__tile131\"]"}
COMMAND: POST /session/47a0cfcb1b688bc57e33978b59aaa3c6/element/f.B7EBD3B9E1BF342B1CF0F76B0C9C80BF.d.A6CDB9C8F01D8A0F4238A693B6F45B82.e.4582/click - {}
RESULT: {}
COMMAND: GET /session/47a0cfcb1b688bc57e33978b59aaa3c6/screenshot - {}
COMMAND: POST /session/47a0cfcb1b688bc57e33978b59aaa3c6/elements - {"using":"xpath","value":"//span[text()='Error']"}
RESULT: {}
RESULT: {"using":"xpath","value":"//span[text()='Error']"}
COMMAND: POST /session/47a0cfcb1b688bc57e33978b59aaa3c6/element - {"using":"xpath","value":"//button[@data-kt=\"masterHOAddButton\"]"}
RESULT: {"using":"xpath","value":"//button[@data-kt=\"masterHOAddButton\"]"}
COMMAND: POST /session/47a0cfcb1b688bc57e33978b59aaa3c6/elements - {"using":"xpath","value":"//button[@data-kt=\"masterHOAddButton\"]"}
RESULT: {"using":"xpath","value":"//button[@data-kt=\"masterHOAddButton\"]"}
COMMAND: POST /session/47a0cfcb1b688bc57e33978b59aaa3c6/execute/sync - {"script":"<script> [8489 bytes]","args":[{"element-6066-11e4-a52e-4f735466cecf":"f.B7EBD3B9E1BF342B1CF0F76B0C9C80BF.d.A6CDB9C8F01D8A0F4238A693B6F45B82.e.5223","ELEMENT":"f.B7EBD3B9E1BF342B1CF0F76B0C9C80BF.d.A6CDB9C8F01D8A0F4238A693B6F45B82.e.5223"}]}
RESULT: {"script":"<script> [8489 bytes]","args":[{"element-6066-11e4-a52e-4f735466cecf":"f.B7EBD3B9E1BF342B1CF0F76B0C9C80BF.d.A6CDB9C8F01D8A0F4238A693B6F45B82.e.5223","ELEMENT":"f.B7EBD3B9E1BF342B1CF0F76B0C9C80BF.d.A6CDB9C8F01D8A0F4238A693B6F45B82.e.5223"}]}
COMMAND: GET /session/47a0cfcb1b688bc57e33978b59aaa3c6/element/f.B7EBD3B9E1BF342B1CF0F76B0C9C80BF.d.A6CDB9C8F01D8A0F4238A693B6F45B82.e.5223/enabled - {}
COMMAND: GET /session/47a0cfcb1b688bc57e33978b59aaa3c6/screenshot - {}
RESULT: {}
COMMAND: POST /session/47a0cfcb1b688bc57e33978b59aaa3c6/execute/sync - {"script":"<script> [8489 bytes]","args":[{"element-6066-11e4-a52e-4f735466cecf":"f.B7EBD3B9E1BF342B1CF0F76B0C9C80BF.d.A6CDB9C8F01D8A0F4238A693B6F45B82.e.5223","ELEMENT":"f.B7EBD3B9E1BF342B1CF0F76B0C9C80BF.d.A6CDB9C8F01D8A0F4238A693B6F45B82.e.5223"}]}
COMMAND: GET /session/47a0cfcb1b688bc57e33978b59aaa3c6/screenshot - {}
RESULT: {}
RESULT: {"script":"<script> [8489 bytes]","args":[{"element-6066-11e4-a52e-4f735466cecf":"f.B7EBD3B9E1BF342B1CF0F76B0C9C80BF.d.A6CDB9C8F01D8A0F4238A693B6F45B82.e.5223","ELEMENT":"f.B7EBD3B9E1BF342B1CF0F76B0C9C80BF.d.A6CDB9C8F01D8A0F4238A693B6F45B82.e.5223"}]}
COMMAND: POST /session/47a0cfcb1b688bc57e33978b59aaa3c6/execute/sync - {"script":"<script> [5351 bytes]","args":[{"element-6066-11e4-a52e-4f735466cecf":"f.B7EBD3B9E1BF342B1CF0F76B0C9C80BF.d.A6CDB9C8F01D8A0F4238A693B6F45B82.e.5223","ELEMENT":"f.B7EBD3B9E1BF342B1CF0F76B0C9C80BF.d.A6CDB9C8F01D8A0F4238A693B6F45B82.e.5223"}]}
COMMAND: GET /session/47a0cfcb1b688bc57e33978b59aaa3c6/screenshot - {}
RESULT: {}
RESULT: {"script":"<script> [5351 bytes]","args":[{"element-6066-11e4-a52e-4f735466cecf":"f.B7EBD3B9E1BF342B1CF0F76B0C9C80BF.d.A6CDB9C8F01D8A0F4238A693B6F45B82.e.5223","ELEMENT":"f.B7EBD3B9E1BF342B1CF0F76B0C9C80BF.d.A6CDB9C8F01D8A0F4238A693B6F45B82.e.5223"}]}
COMMAND: POST /session/47a0cfcb1b688bc57e33978b59aaa3c6/element/f.B7EBD3B9E1BF342B1CF0F76B0C9C80BF.d.A6CDB9C8F01D8A0F4238A693B6F45B82.e.5223/click - {}
COMMAND: GET /session/47a0cfcb1b688bc57e33978b59aaa3c6/screenshot - {}
RESULT: {}
RESULT: {}
COMMAND: GET /session/47a0cfcb1b688bc57e33978b59aaa3c6/screenshot - {}
RESULT: {}
COMMAND: POST /session/47a0cfcb1b688bc57e33978b59aaa3c6/element - {"using":"xpath","value":"//span[contains(@id ,\"AddNewHO--typeSelect-arrow\")]"}
RESULT: {}
RESULT: {"using":"xpath","value":"//span[contains(@id ,\"AddNewHO--typeSelect-arrow\")]"}
COMMAND: POST /session/47a0cfcb1b688bc57e33978b59aaa3c6/element/f.B7EBD3B9E1BF342B1CF0F76B0C9C80BF.d.A6CDB9C8F01D8A0F4238A693B6F45B82.e.5577/click - {}
RESULT: {}
COMMAND: GET /session/47a0cfcb1b688bc57e33978b59aaa3c6/screenshot - {}
RESULT: {}
COMMAND: POST /session/47a0cfcb1b688bc57e33978b59aaa3c6/element - {"using":"xpath","value":"(//li[contains(text(), \"stock increase yard\")])[1]"}
RESULT: {"using":"xpath","value":"(//li[contains(text(), \"stock increase yard\")])[1]"}
COMMAND: POST /session/47a0cfcb1b688bc57e33978b59aaa3c6/element/f.B7EBD3B9E1BF342B1CF0F76B0C9C80BF.d.A6CDB9C8F01D8A0F4238A693B6F45B82.e.5578/click - {}
RESULT: {}
COMMAND: GET /session/47a0cfcb1b688bc57e33978b59aaa3c6/screenshot - {}
RESULT: {}
COMMAND: POST /session/47a0cfcb1b688bc57e33978b59aaa3c6/execute/async - {"script":"<script> [1562 bytes]","args":[{"selector":{"id":"application-managehandovers-display-component---AddNewHO--dueDate","interaction":{"idSuffix":"inner"}},"wdio_ui5_key":"applicationmanagehandovers-display-component---AddNewHO--dueDate"}]}
RESULT: {"script":"<script> [1562 bytes]","args":[{"selector":{"id":"application-managehandovers-display-component---AddNewHO--dueDate","interaction":{"idSuffix":"inner"}},"wdio_ui5_key":"applicationmanagehandovers-display-component---AddNewHO--dueDate"}]}
RESULT: undefined
COMMAND: POST /session/47a0cfcb1b688bc57e33978b59aaa3c6/execute/async - {"script":"<script> [6424 bytes]","args":[{"element-6066-11e4-a52e-4f735466cecf":"f.B7EBD3B9E1BF342B1CF0F76B0C9C80BF.d.A6CDB9C8F01D8A0F4238A693B6F45B82.e.5580"},"setValue",["5/20/25"]]}
RESULT: {"script":"<script> [6424 bytes]","args":[{"element-6066-11e4-a52e-4f735466cecf":"f.B7EBD3B9E1BF342B1CF0F76B0C9C80BF.d.A6CDB9C8F01D8A0F4238A693B6F45B82.e.5580"},"setValue",["5/20/25"]]}
COMMAND: POST /session/47a0cfcb1b688bc57e33978b59aaa3c6/element - {"using":"xpath","value":"//input[@id=\"generalSectionFrg--receiveYard-inner\"]"}
RESULT: {"using":"xpath","value":"//input[@id=\"generalSectionFrg--receiveYard-inner\"]"}
COMMAND: POST /session/47a0cfcb1b688bc57e33978b59aaa3c6/element/f.B7EBD3B9E1BF342B1CF0F76B0C9C80BF.d.A6CDB9C8F01D8A0F4238A693B6F45B82.e.5584/clear - {}
RESULT: {}
COMMAND: POST /session/47a0cfcb1b688bc57e33978b59aaa3c6/element/f.B7EBD3B9E1BF342B1CF0F76B0C9C80BF.d.A6CDB9C8F01D8A0F4238A693B6F45B82.e.5584/value - {"text":"590"}
COMMAND: GET /session/47a0cfcb1b688bc57e33978b59aaa3c6/screenshot - {}
RESULT: {"text":"590"}
COMMAND: GET /session/47a0cfcb1b688bc57e33978b59aaa3c6/screenshot - {}
RESULT: {}
RESULT: {}
COMMAND: POST /session/47a0cfcb1b688bc57e33978b59aaa3c6/element - {"using":"xpath","value":"//li[.//span[text()='590']]"}
RESULT: {"using":"xpath","value":"//li[.//span[text()='590']]"}
COMMAND: POST /session/47a0cfcb1b688bc57e33978b59aaa3c6/element/f.B7EBD3B9E1BF342B1CF0F76B0C9C80BF.d.A6CDB9C8F01D8A0F4238A693B6F45B82.e.5602/click - {}
RESULT: {}
COMMAND: GET /session/47a0cfcb1b688bc57e33978b59aaa3c6/screenshot - {}
RESULT: {}
COMMAND: POST /session/47a0cfcb1b688bc57e33978b59aaa3c6/execute/async - {"script":"<script> [1562 bytes]","args":[{"selector":{"id":"application-managehandovers-display-component---AddNewHO--ObjectPageLayout-anchBar-application-managehandovers-display-component---AddNewHO--section4-anchor","interaction":{"idSuffix":"BDI-content"}},"wdio_ui5_key":"applicationmanagehandovers-display-component---AddNewHO--ObjectPageLayout-anchBar-application-managehandovers-display-component---AddNewHO--section4-anchor"}]}
RESULT: {"script":"<script> [1562 bytes]","args":[{"selector":{"id":"application-managehandovers-display-component---AddNewHO--ObjectPageLayout-anchBar-application-managehandovers-display-component---AddNewHO--section4-anchor","interaction":{"idSuffix":"BDI-content"}},"wdio_ui5_key":"applicationmanagehandovers-display-component---AddNewHO--ObjectPageLayout-anchBar-application-managehandovers-display-component---AddNewHO--section4-anchor"}]}
RESULT: undefined
COMMAND: POST /session/47a0cfcb1b688bc57e33978b59aaa3c6/element - {"using":"xpath","value":"//*[@id=\"application-managehandovers-display-component---AddNewHO--ObjectPageLayout-anchBar-application-managehandovers-display-component---AddNewHO--section4-anchor\"]"}
RESULT: {"using":"xpath","value":"//*[@id=\"application-managehandovers-display-component---AddNewHO--ObjectPageLayout-anchBar-application-managehandovers-display-component---AddNewHO--section4-anchor\"]"}
COMMAND: POST /session/47a0cfcb1b688bc57e33978b59aaa3c6/element/f.B7EBD3B9E1BF342B1CF0F76B0C9C80BF.d.A6CDB9C8F01D8A0F4238A693B6F45B82.e.5604/click - {}
RESULT: {}
COMMAND: POST /session/47a0cfcb1b688bc57e33978b59aaa3c6/element - {"using":"xpath","value":"//button[@aria-label=\"Add\"]"}
COMMAND: GET /session/47a0cfcb1b688bc57e33978b59aaa3c6/screenshot - {}
RESULT: {"using":"xpath","value":"//button[@aria-label=\"Add\"]"}
COMMAND: POST /session/47a0cfcb1b688bc57e33978b59aaa3c6/element/f.B7EBD3B9E1BF342B1CF0F76B0C9C80BF.d.A6CDB9C8F01D8A0F4238A693B6F45B82.e.5606/click - {}
RESULT: {}
RESULT: {}
COMMAND: GET /session/47a0cfcb1b688bc57e33978b59aaa3c6/screenshot - {}
RESULT: {}
COMMAND: POST /session/47a0cfcb1b688bc57e33978b59aaa3c6/execute/async - {"script":"<script> [1562 bytes]","args":[{"selector":{"id":"application-managehandovers-display-component---AddNewHO--smartFilterBar-btnBasicSearch","searchOpenDialogs":true,"interaction":{"idSuffix":"I"}},"wdio_ui5_key":"applicationmanagehandovers-display-component---AddNewHO--smartFilterBar-btnBasicSearch"}]}
RESULT: {"script":"<script> [1562 bytes]","args":[{"selector":{"id":"application-managehandovers-display-component---AddNewHO--smartFilterBar-btnBasicSearch","searchOpenDialogs":true,"interaction":{"idSuffix":"I"}},"wdio_ui5_key":"applicationmanagehandovers-display-component---AddNewHO--smartFilterBar-btnBasicSearch"}]}
RESULT: undefined
COMMAND: POST /session/47a0cfcb1b688bc57e33978b59aaa3c6/execute/async - {"script":"<script> [776 bytes]","args":[{"enterText":"200334","selector":{"id":"application-managehandovers-display-component---AddNewHO--smartFilterBar-btnBasicSearch","searchOpenDialogs":true,"interaction":{"idSuffix":"I"}},"clearTextFirst":true,"interactionType":"ENTER_TEXT"}]}
RESULT: {"script":"<script> [776 bytes]","args":[{"enterText":"200334","selector":{"id":"application-managehandovers-display-component---AddNewHO--smartFilterBar-btnBasicSearch","searchOpenDialogs":true,"interaction":{"idSuffix":"I"}},"clearTextFirst":true,"interactionType":"ENTER_TEXT"}]}
COMMAND: POST /session/47a0cfcb1b688bc57e33978b59aaa3c6/actions - {"actions":[{"id":"action21","type":"key","parameters":{},"actions":[{"type":"keyDown","value":"î€‡"},{"type":"pause","duration":10},{"type":"keyUp","value":"î€‡"}]}]}
RESULT: {"actions":[{"id":"action21","type":"key","parameters":{},"actions":[{"type":"keyDown","value":"î€‡"},{"type":"pause","duration":10},{"type":"keyUp","value":"î€‡"}]}]}
COMMAND: GET /session/47a0cfcb1b688bc57e33978b59aaa3c6/screenshot - {}
RESULT: {}
COMMAND: POST /session/47a0cfcb1b688bc57e33978b59aaa3c6/execute/async - {"script":"<script> [1562 bytes]","args":[{"selector":{"id":"application-managehandovers-display-component---AddNewHO--popup-sa","searchOpenDialogs":true,"interaction":{"idSuffix":"CbBg"}},"wdio_ui5_key":"applicationmanagehandovers-display-component---AddNewHO--popup-sa"}]}
RESULT: {"script":"<script> [1562 bytes]","args":[{"selector":{"id":"application-managehandovers-display-component---AddNewHO--popup-sa","searchOpenDialogs":true,"interaction":{"idSuffix":"CbBg"}},"wdio_ui5_key":"applicationmanagehandovers-display-component---AddNewHO--popup-sa"}]}
RESULT: undefined
COMMAND: POST /session/47a0cfcb1b688bc57e33978b59aaa3c6/element - {"using":"xpath","value":"//*[@id=\"application-managehandovers-display-component---AddNewHO--popup-sa\"]"}
RESULT: {"using":"xpath","value":"//*[@id=\"application-managehandovers-display-component---AddNewHO--popup-sa\"]"}
COMMAND: POST /session/47a0cfcb1b688bc57e33978b59aaa3c6/element/f.B7EBD3B9E1BF342B1CF0F76B0C9C80BF.d.A6CDB9C8F01D8A0F4238A693B6F45B82.e.5758/click - {}
RESULT: {}
COMMAND: GET /session/47a0cfcb1b688bc57e33978b59aaa3c6/screenshot - {}
RESULT: {}
COMMAND: POST /session/47a0cfcb1b688bc57e33978b59aaa3c6/element - {"using":"xpath","value":"//bdi[contains(text(), \"Select\")]"}
RESULT: {"using":"xpath","value":"//bdi[contains(text(), \"Select\")]"}
COMMAND: POST /session/47a0cfcb1b688bc57e33978b59aaa3c6/element/f.B7EBD3B9E1BF342B1CF0F76B0C9C80BF.d.A6CDB9C8F01D8A0F4238A693B6F45B82.e.5759/click - {}
RESULT: {}
COMMAND: GET /session/47a0cfcb1b688bc57e33978b59aaa3c6/screenshot - {}
RESULT: {}
COMMAND: POST /session/47a0cfcb1b688bc57e33978b59aaa3c6/element - {"using":"xpath","value":"//button[@data-kt=\"AddNewHOSaveButton\"]"}
RESULT: {"using":"xpath","value":"//button[@data-kt=\"AddNewHOSaveButton\"]"}
COMMAND: POST /session/47a0cfcb1b688bc57e33978b59aaa3c6/element/f.B7EBD3B9E1BF342B1CF0F76B0C9C80BF.d.A6CDB9C8F01D8A0F4238A693B6F45B82.e.5763/click - {}
RESULT: {}
COMMAND: GET /session/47a0cfcb1b688bc57e33978b59aaa3c6/screenshot - {}
RESULT: {}
COMMAND: POST /session/47a0cfcb1b688bc57e33978b59aaa3c6/execute/async - {"script":"<script> [1562 bytes]","args":[{"selector":{"id":"receiptDatePicker","viewName":"etm.portal.ui.managehandovers.view.DetailExecuteHO","interaction":{"idSuffix":"inner"}},"wdio_ui5_key":"receiptDatePickeretmportal.ui.managehandovers.view.DetailExecuteHO"}]}
RESULT: {"script":"<script> [1562 bytes]","args":[{"selector":{"id":"receiptDatePicker","viewName":"etm.portal.ui.managehandovers.view.DetailExecuteHO","interaction":{"idSuffix":"inner"}},"wdio_ui5_key":"receiptDatePickeretmportal.ui.managehandovers.view.DetailExecuteHO"}]}
RESULT: undefined
COMMAND: POST /session/47a0cfcb1b688bc57e33978b59aaa3c6/execute/async - {"script":"<script> [6424 bytes]","args":[{"element-6066-11e4-a52e-4f735466cecf":"f.B7EBD3B9E1BF342B1CF0F76B0C9C80BF.d.A6CDB9C8F01D8A0F4238A693B6F45B82.e.5783"},"setValue",["5/20/25"]]}
RESULT: {"script":"<script> [6424 bytes]","args":[{"element-6066-11e4-a52e-4f735466cecf":"f.B7EBD3B9E1BF342B1CF0F76B0C9C80BF.d.A6CDB9C8F01D8A0F4238A693B6F45B82.e.5783"},"setValue",["5/20/25"]]}
COMMAND: POST /session/47a0cfcb1b688bc57e33978b59aaa3c6/element - {"using":"xpath","value":"//button[@data-kt=\"PickingTableConfirmAllButton\"]"}
RESULT: {"using":"xpath","value":"//button[@data-kt=\"PickingTableConfirmAllButton\"]"}
COMMAND: POST /session/47a0cfcb1b688bc57e33978b59aaa3c6/element/f.B7EBD3B9E1BF342B1CF0F76B0C9C80BF.d.A6CDB9C8F01D8A0F4238A693B6F45B82.e.5799/click - {}
RESULT: {}
COMMAND: GET /session/47a0cfcb1b688bc57e33978b59aaa3c6/screenshot - {}
RESULT: {}
COMMAND: POST /session/47a0cfcb1b688bc57e33978b59aaa3c6/element - {"using":"xpath","value":"//bdi[contains(text(), \"OK\")]"}
RESULT: {"using":"xpath","value":"//bdi[contains(text(), \"OK\")]"}
COMMAND: POST /session/47a0cfcb1b688bc57e33978b59aaa3c6/element/f.B7EBD3B9E1BF342B1CF0F76B0C9C80BF.d.A6CDB9C8F01D8A0F4238A693B6F45B82.e.5801/click - {}
RESULT: {}
COMMAND: GET /session/47a0cfcb1b688bc57e33978b59aaa3c6/screenshot - {}
RESULT: {}
COMMAND: POST /session/47a0cfcb1b688bc57e33978b59aaa3c6/element - {"using":"xpath","value":"(//bdi[contains(text(), \"Receive\")])[2]"}
RESULT: {"using":"xpath","value":"(//bdi[contains(text(), \"Receive\")])[2]"}
COMMAND: POST /session/47a0cfcb1b688bc57e33978b59aaa3c6/element/f.B7EBD3B9E1BF342B1CF0F76B0C9C80BF.d.A6CDB9C8F01D8A0F4238A693B6F45B82.e.5803/click - {}
RESULT: {}
COMMAND: GET /session/47a0cfcb1b688bc57e33978b59aaa3c6/screenshot - {}
RESULT: {}
COMMAND: POST /session/47a0cfcb1b688bc57e33978b59aaa3c6/element - {"using":"css selector","value":"#shell-header-logo"}
RESULT: {"using":"css selector","value":"#shell-header-logo"}
COMMAND: POST /session/47a0cfcb1b688bc57e33978b59aaa3c6/element/f.B7EBD3B9E1BF342B1CF0F76B0C9C80BF.d.A6CDB9C8F01D8A0F4238A693B6F45B82.e.5188/click - {}
RESULT: {}
COMMAND: GET /session/47a0cfcb1b688bc57e33978b59aaa3c6/screenshot - {}
RESULT: {}
]]></system-out>
    </testcase>
    <testcase classname="chrome.136_0_7103_93.windows.Provide_to_Site_w/_warehouse_management_w_clarification" name="Should create a new contract" time="65.98">
      <system-out><![CDATA[
COMMAND: POST /session/47a0cfcb1b688bc57e33978b59aaa3c6/execute/async - {"script":"<script> [1562 bytes]","args":[{"selector":{"controlType":"sap.m.GenericTile","properties":{"header":"Manage Contracts"}},"wdio_ui5_key":"sapm.GenericTile{\"header\":\"Manage Contracts\"}"}]}
RESULT: {"script":"<script> [1562 bytes]","args":[{"selector":{"controlType":"sap.m.GenericTile","properties":{"header":"Manage Contracts"}},"wdio_ui5_key":"sapm.GenericTile{\"header\":\"Manage Contracts\"}"}]}
RESULT: undefined
COMMAND: POST /session/47a0cfcb1b688bc57e33978b59aaa3c6/element - {"using":"xpath","value":"//*[@id=\"__tile130\"]"}
RESULT: {"using":"xpath","value":"//*[@id=\"__tile130\"]"}
COMMAND: POST /session/47a0cfcb1b688bc57e33978b59aaa3c6/element/f.B7EBD3B9E1BF342B1CF0F76B0C9C80BF.d.A6CDB9C8F01D8A0F4238A693B6F45B82.e.4574/click - {}
RESULT: {}
COMMAND: GET /session/47a0cfcb1b688bc57e33978b59aaa3c6/screenshot - {}
RESULT: {}
COMMAND: POST /session/47a0cfcb1b688bc57e33978b59aaa3c6/elements - {"using":"xpath","value":"//span[text()='Error']"}
RESULT: {"using":"xpath","value":"//span[text()='Error']"}
COMMAND: POST /session/47a0cfcb1b688bc57e33978b59aaa3c6/element - {"using":"xpath","value":"//button[@data-kt=\"addButton\"]"}
RESULT: {"using":"xpath","value":"//button[@data-kt=\"addButton\"]"}
COMMAND: POST /session/47a0cfcb1b688bc57e33978b59aaa3c6/elements - {"using":"xpath","value":"//button[@data-kt=\"addButton\"]"}
RESULT: {"using":"xpath","value":"//button[@data-kt=\"addButton\"]"}
COMMAND: POST /session/47a0cfcb1b688bc57e33978b59aaa3c6/execute/sync - {"script":"<script> [8489 bytes]","args":[{"element-6066-11e4-a52e-4f735466cecf":"f.B7EBD3B9E1BF342B1CF0F76B0C9C80BF.d.A6CDB9C8F01D8A0F4238A693B6F45B82.e.6023","ELEMENT":"f.B7EBD3B9E1BF342B1CF0F76B0C9C80BF.d.A6CDB9C8F01D8A0F4238A693B6F45B82.e.6023"}]}
RESULT: {"script":"<script> [8489 bytes]","args":[{"element-6066-11e4-a52e-4f735466cecf":"f.B7EBD3B9E1BF342B1CF0F76B0C9C80BF.d.A6CDB9C8F01D8A0F4238A693B6F45B82.e.6023","ELEMENT":"f.B7EBD3B9E1BF342B1CF0F76B0C9C80BF.d.A6CDB9C8F01D8A0F4238A693B6F45B82.e.6023"}]}
COMMAND: GET /session/47a0cfcb1b688bc57e33978b59aaa3c6/element/f.B7EBD3B9E1BF342B1CF0F76B0C9C80BF.d.A6CDB9C8F01D8A0F4238A693B6F45B82.e.6023/enabled - {}
COMMAND: GET /session/47a0cfcb1b688bc57e33978b59aaa3c6/screenshot - {}
RESULT: {}
COMMAND: POST /session/47a0cfcb1b688bc57e33978b59aaa3c6/execute/sync - {"script":"<script> [8489 bytes]","args":[{"element-6066-11e4-a52e-4f735466cecf":"f.B7EBD3B9E1BF342B1CF0F76B0C9C80BF.d.A6CDB9C8F01D8A0F4238A693B6F45B82.e.6023","ELEMENT":"f.B7EBD3B9E1BF342B1CF0F76B0C9C80BF.d.A6CDB9C8F01D8A0F4238A693B6F45B82.e.6023"}]}
COMMAND: GET /session/47a0cfcb1b688bc57e33978b59aaa3c6/screenshot - {}
RESULT: {}
RESULT: {"script":"<script> [8489 bytes]","args":[{"element-6066-11e4-a52e-4f735466cecf":"f.B7EBD3B9E1BF342B1CF0F76B0C9C80BF.d.A6CDB9C8F01D8A0F4238A693B6F45B82.e.6023","ELEMENT":"f.B7EBD3B9E1BF342B1CF0F76B0C9C80BF.d.A6CDB9C8F01D8A0F4238A693B6F45B82.e.6023"}]}
COMMAND: POST /session/47a0cfcb1b688bc57e33978b59aaa3c6/execute/sync - {"script":"<script> [5351 bytes]","args":[{"element-6066-11e4-a52e-4f735466cecf":"f.B7EBD3B9E1BF342B1CF0F76B0C9C80BF.d.A6CDB9C8F01D8A0F4238A693B6F45B82.e.6023","ELEMENT":"f.B7EBD3B9E1BF342B1CF0F76B0C9C80BF.d.A6CDB9C8F01D8A0F4238A693B6F45B82.e.6023"}]}
COMMAND: GET /session/47a0cfcb1b688bc57e33978b59aaa3c6/screenshot - {}
RESULT: {}
RESULT: {"script":"<script> [5351 bytes]","args":[{"element-6066-11e4-a52e-4f735466cecf":"f.B7EBD3B9E1BF342B1CF0F76B0C9C80BF.d.A6CDB9C8F01D8A0F4238A693B6F45B82.e.6023","ELEMENT":"f.B7EBD3B9E1BF342B1CF0F76B0C9C80BF.d.A6CDB9C8F01D8A0F4238A693B6F45B82.e.6023"}]}
COMMAND: GET /session/47a0cfcb1b688bc57e33978b59aaa3c6/screenshot - {}
RESULT: {}
RESULT: {}
COMMAND: POST /session/47a0cfcb1b688bc57e33978b59aaa3c6/element/f.B7EBD3B9E1BF342B1CF0F76B0C9C80BF.d.A6CDB9C8F01D8A0F4238A693B6F45B82.e.6023/click - {}
RESULT: {}
COMMAND: GET /session/47a0cfcb1b688bc57e33978b59aaa3c6/screenshot - {}
COMMAND: POST /session/47a0cfcb1b688bc57e33978b59aaa3c6/execute/async - {"script":"<script> [1562 bytes]","args":[{"selector":{"id":"application-managecontracts-display-component---AddNewContract--projectDescription","interaction":{"idSuffix":"inner"}},"wdio_ui5_key":"applicationmanagecontracts-display-component---AddNewContract--projectDescription"}]}
RESULT: {}
RESULT: {"script":"<script> [1562 bytes]","args":[{"selector":{"id":"application-managecontracts-display-component---AddNewContract--projectDescription","interaction":{"idSuffix":"inner"}},"wdio_ui5_key":"applicationmanagecontracts-display-component---AddNewContract--projectDescription"}]}
RESULT: undefined
COMMAND: POST /session/47a0cfcb1b688bc57e33978b59aaa3c6/execute/async - {"script":"<script> [776 bytes]","args":[{"enterText":"Contract WDIO","selector":{"id":"application-managecontracts-display-component---AddNewContract--projectDescription","interaction":{"idSuffix":"inner"}},"clearTextFirst":true,"interactionType":"ENTER_TEXT"}]}
RESULT: {"script":"<script> [776 bytes]","args":[{"enterText":"Contract WDIO","selector":{"id":"application-managecontracts-display-component---AddNewContract--projectDescription","interaction":{"idSuffix":"inner"}},"clearTextFirst":true,"interactionType":"ENTER_TEXT"}]}
COMMAND: POST /session/47a0cfcb1b688bc57e33978b59aaa3c6/element - {"using":"xpath","value":"//input[@id=\"application-managecontracts-display-component---AddNewContract--site-inner\"]"}
RESULT: {"using":"xpath","value":"//input[@id=\"application-managecontracts-display-component---AddNewContract--site-inner\"]"}
COMMAND: POST /session/47a0cfcb1b688bc57e33978b59aaa3c6/element/f.B7EBD3B9E1BF342B1CF0F76B0C9C80BF.d.A6CDB9C8F01D8A0F4238A693B6F45B82.e.6383/clear - {}
RESULT: {}
COMMAND: POST /session/47a0cfcb1b688bc57e33978b59aaa3c6/element/f.B7EBD3B9E1BF342B1CF0F76B0C9C80BF.d.A6CDB9C8F01D8A0F4238A693B6F45B82.e.6383/value - {"text":"2302"}
COMMAND: GET /session/47a0cfcb1b688bc57e33978b59aaa3c6/screenshot - {}
RESULT: {"text":"2302"}
COMMAND: GET /session/47a0cfcb1b688bc57e33978b59aaa3c6/screenshot - {}
RESULT: {}
RESULT: {}
COMMAND: POST /session/47a0cfcb1b688bc57e33978b59aaa3c6/element - {"using":"xpath","value":"//li[.//span[text()='2302']]"}
RESULT: {"using":"xpath","value":"//li[.//span[text()='2302']]"}
COMMAND: POST /session/47a0cfcb1b688bc57e33978b59aaa3c6/element/f.B7EBD3B9E1BF342B1CF0F76B0C9C80BF.d.A6CDB9C8F01D8A0F4238A693B6F45B82.e.6412/click - {}
RESULT: {}
COMMAND: GET /session/47a0cfcb1b688bc57e33978b59aaa3c6/screenshot - {}
RESULT: {}
COMMAND: POST /session/47a0cfcb1b688bc57e33978b59aaa3c6/element - {"using":"xpath","value":"//input[@id=\"application-managecontracts-display-component---AddNewContract--yardId-inner\"]"}
RESULT: {"using":"xpath","value":"//input[@id=\"application-managecontracts-display-component---AddNewContract--yardId-inner\"]"}
COMMAND: GET /session/47a0cfcb1b688bc57e33978b59aaa3c6/element/f.B7EBD3B9E1BF342B1CF0F76B0C9C80BF.d.A6CDB9C8F01D8A0F4238A693B6F45B82.e.6384/property/value - {}
RESULT: {}
COMMAND: POST /session/47a0cfcb1b688bc57e33978b59aaa3c6/element - {"using":"xpath","value":"//input[@id=\"application-managecontracts-display-component---AddNewContract--customerSelect-inner\"]"}
COMMAND: GET /session/47a0cfcb1b688bc57e33978b59aaa3c6/screenshot - {}
RESULT: {"using":"xpath","value":"//input[@id=\"application-managecontracts-display-component---AddNewContract--customerSelect-inner\"]"}
COMMAND: POST /session/47a0cfcb1b688bc57e33978b59aaa3c6/element/f.B7EBD3B9E1BF342B1CF0F76B0C9C80BF.d.A6CDB9C8F01D8A0F4238A693B6F45B82.e.6382/clear - {}
RESULT: {}
RESULT: {}
COMMAND: POST /session/47a0cfcb1b688bc57e33978b59aaa3c6/element/f.B7EBD3B9E1BF342B1CF0F76B0C9C80BF.d.A6CDB9C8F01D8A0F4238A693B6F45B82.e.6382/value - {"text":"1363"}
COMMAND: GET /session/47a0cfcb1b688bc57e33978b59aaa3c6/screenshot - {}
RESULT: {"text":"1363"}
COMMAND: GET /session/47a0cfcb1b688bc57e33978b59aaa3c6/screenshot - {}
RESULT: {}
RESULT: {}
COMMAND: POST /session/47a0cfcb1b688bc57e33978b59aaa3c6/element - {"using":"xpath","value":"//li[.//span[text()='1363']]"}
RESULT: {"using":"xpath","value":"//li[.//span[text()='1363']]"}
COMMAND: POST /session/47a0cfcb1b688bc57e33978b59aaa3c6/element/f.B7EBD3B9E1BF342B1CF0F76B0C9C80BF.d.A6CDB9C8F01D8A0F4238A693B6F45B82.e.6415/click - {}
RESULT: {}
COMMAND: GET /session/47a0cfcb1b688bc57e33978b59aaa3c6/screenshot - {}
RESULT: {}
COMMAND: POST /session/47a0cfcb1b688bc57e33978b59aaa3c6/element - {"using":"xpath","value":"//button[@data-kt=\"saveButton\"]"}
RESULT: {"using":"xpath","value":"//button[@data-kt=\"saveButton\"]"}
COMMAND: POST /session/47a0cfcb1b688bc57e33978b59aaa3c6/element/f.B7EBD3B9E1BF342B1CF0F76B0C9C80BF.d.A6CDB9C8F01D8A0F4238A693B6F45B82.e.6416/click - {}
RESULT: {}
COMMAND: GET /session/47a0cfcb1b688bc57e33978b59aaa3c6/screenshot - {}
RESULT: {}
COMMAND: POST /session/47a0cfcb1b688bc57e33978b59aaa3c6/element - {"using":"xpath","value":"//span[contains(@id ,\"contractDetailTitleNoExpanded\")]"}
RESULT: {"using":"xpath","value":"//span[contains(@id ,\"contractDetailTitleNoExpanded\")]"}
COMMAND: POST /session/47a0cfcb1b688bc57e33978b59aaa3c6/elements - {"using":"xpath","value":"//span[contains(@id ,\"contractDetailTitleNoExpanded\")]"}
RESULT: {"using":"xpath","value":"//span[contains(@id ,\"contractDetailTitleNoExpanded\")]"}
COMMAND: POST /session/47a0cfcb1b688bc57e33978b59aaa3c6/execute/sync - {"script":"<script> [56 bytes]","args":[{"element-6066-11e4-a52e-4f735466cecf":"f.B7EBD3B9E1BF342B1CF0F76B0C9C80BF.d.A6CDB9C8F01D8A0F4238A693B6F45B82.e.6426","ELEMENT":"f.B7EBD3B9E1BF342B1CF0F76B0C9C80BF.d.A6CDB9C8F01D8A0F4238A693B6F45B82.e.6426"}]}
RESULT: {"script":"<script> [56 bytes]","args":[{"element-6066-11e4-a52e-4f735466cecf":"f.B7EBD3B9E1BF342B1CF0F76B0C9C80BF.d.A6CDB9C8F01D8A0F4238A693B6F45B82.e.6426","ELEMENT":"f.B7EBD3B9E1BF342B1CF0F76B0C9C80BF.d.A6CDB9C8F01D8A0F4238A693B6F45B82.e.6426"}]}
COMMAND: GET /session/47a0cfcb1b688bc57e33978b59aaa3c6/screenshot - {}
RESULT: {}
]]></system-out>
    </testcase>
    <testcase classname="chrome.136_0_7103_93.windows.Provide_to_Site_w/_warehouse_management_w_clarification" name="Should add equipment to the contract" time="55.693">
      <system-out><![CDATA[
COMMAND: POST /session/47a0cfcb1b688bc57e33978b59aaa3c6/element - {"using":"xpath","value":"//button[@data-kt=\"contractDetailEditBtnButton\"]"}
RESULT: {"using":"xpath","value":"//button[@data-kt=\"contractDetailEditBtnButton\"]"}
COMMAND: POST /session/47a0cfcb1b688bc57e33978b59aaa3c6/element/f.B7EBD3B9E1BF342B1CF0F76B0C9C80BF.d.A6CDB9C8F01D8A0F4238A693B6F45B82.e.6428/click - {}
RESULT: {}
COMMAND: GET /session/47a0cfcb1b688bc57e33978b59aaa3c6/screenshot - {}
RESULT: {}
COMMAND: POST /session/47a0cfcb1b688bc57e33978b59aaa3c6/element - {"using":"xpath","value":"(//span[contains(text(), \"Additional Addresses\")])[2]"}
RESULT: {"using":"xpath","value":"(//span[contains(text(), \"Additional Addresses\")])[2]"}
COMMAND: POST /session/47a0cfcb1b688bc57e33978b59aaa3c6/element/f.B7EBD3B9E1BF342B1CF0F76B0C9C80BF.d.A6CDB9C8F01D8A0F4238A693B6F45B82.e.6483/click - {}
RESULT: {}
COMMAND: GET /session/47a0cfcb1b688bc57e33978b59aaa3c6/screenshot - {}
RESULT: {}
COMMAND: POST /session/47a0cfcb1b688bc57e33978b59aaa3c6/element - {"using":"xpath","value":"//button[@data-kt=\"btnAddTableRowOverflowToolbarButton\"]"}
RESULT: {"using":"xpath","value":"//button[@data-kt=\"btnAddTableRowOverflowToolbarButton\"]"}
COMMAND: POST /session/47a0cfcb1b688bc57e33978b59aaa3c6/element/f.B7EBD3B9E1BF342B1CF0F76B0C9C80BF.d.A6CDB9C8F01D8A0F4238A693B6F45B82.e.6486/click - {}
RESULT: {}
COMMAND: GET /session/47a0cfcb1b688bc57e33978b59aaa3c6/screenshot - {}
RESULT: {}
COMMAND: POST /session/47a0cfcb1b688bc57e33978b59aaa3c6/element - {"using":"xpath","value":"//div[(text() = 'Standard Entry' or . = 'Standard Entry')]"}
RESULT: {"using":"xpath","value":"//div[(text() = 'Standard Entry' or . = 'Standard Entry')]"}
COMMAND: POST /session/47a0cfcb1b688bc57e33978b59aaa3c6/element/f.B7EBD3B9E1BF342B1CF0F76B0C9C80BF.d.A6CDB9C8F01D8A0F4238A693B6F45B82.e.6488/click - {}
RESULT: {}
COMMAND: GET /session/47a0cfcb1b688bc57e33978b59aaa3c6/screenshot - {}
RESULT: {}
COMMAND: POST /session/47a0cfcb1b688bc57e33978b59aaa3c6/element - {"using":"xpath","value":"//td[6]/div/div/div/span"}
RESULT: {"using":"xpath","value":"//td[6]/div/div/div/span"}
COMMAND: POST /session/47a0cfcb1b688bc57e33978b59aaa3c6/element/f.B7EBD3B9E1BF342B1CF0F76B0C9C80BF.d.A6CDB9C8F01D8A0F4238A693B6F45B82.e.6500/click - {}
RESULT: {}
COMMAND: GET /session/47a0cfcb1b688bc57e33978b59aaa3c6/screenshot - {}
RESULT: {}
COMMAND: POST /session/47a0cfcb1b688bc57e33978b59aaa3c6/element - {"using":"xpath","value":"(//span[contains(text(), \"Material\")])"}
RESULT: {"using":"xpath","value":"(//span[contains(text(), \"Material\")])"}
COMMAND: POST /session/47a0cfcb1b688bc57e33978b59aaa3c6/element/f.B7EBD3B9E1BF342B1CF0F76B0C9C80BF.d.A6CDB9C8F01D8A0F4238A693B6F45B82.e.6501/click - {}
RESULT: {}
COMMAND: GET /session/47a0cfcb1b688bc57e33978b59aaa3c6/screenshot - {}
RESULT: {}
COMMAND: POST /session/47a0cfcb1b688bc57e33978b59aaa3c6/element - {"using":"xpath","value":"//td[7]/div/div/input"}
RESULT: {"using":"xpath","value":"//td[7]/div/div/input"}
COMMAND: POST /session/47a0cfcb1b688bc57e33978b59aaa3c6/element/f.B7EBD3B9E1BF342B1CF0F76B0C9C80BF.d.A6CDB9C8F01D8A0F4238A693B6F45B82.e.6504/clear - {}
RESULT: {}
COMMAND: POST /session/47a0cfcb1b688bc57e33978b59aaa3c6/element/f.B7EBD3B9E1BF342B1CF0F76B0C9C80BF.d.A6CDB9C8F01D8A0F4238A693B6F45B82.e.6504/value - {"text":"200334"}
COMMAND: GET /session/47a0cfcb1b688bc57e33978b59aaa3c6/screenshot - {}
RESULT: {"text":"200334"}
COMMAND: GET /session/47a0cfcb1b688bc57e33978b59aaa3c6/screenshot - {}
RESULT: {}
RESULT: {}
COMMAND: POST /session/47a0cfcb1b688bc57e33978b59aaa3c6/actions - {"actions":[{"id":"action22","type":"key","parameters":{},"actions":[{"type":"keyDown","value":"î€‡"},{"type":"pause","duration":10},{"type":"keyUp","value":"î€‡"}]}]}
RESULT: {"actions":[{"id":"action22","type":"key","parameters":{},"actions":[{"type":"keyDown","value":"î€‡"},{"type":"pause","duration":10},{"type":"keyUp","value":"î€‡"}]}]}
COMMAND: GET /session/47a0cfcb1b688bc57e33978b59aaa3c6/screenshot - {}
RESULT: {}
COMMAND: POST /session/47a0cfcb1b688bc57e33978b59aaa3c6/execute/sync - {"script":"<script> [276 bytes]","args":["No pricing information was found"]}
RESULT: {"script":"<script> [276 bytes]","args":["No pricing information was found"]}
COMMAND: POST /session/47a0cfcb1b688bc57e33978b59aaa3c6/element - {"using":"xpath","value":"//bdi[contains(text(), \"OK\")]"}
COMMAND: GET /session/47a0cfcb1b688bc57e33978b59aaa3c6/screenshot - {}
RESULT: {"using":"xpath","value":"//bdi[contains(text(), \"OK\")]"}
COMMAND: POST /session/47a0cfcb1b688bc57e33978b59aaa3c6/element/f.B7EBD3B9E1BF342B1CF0F76B0C9C80BF.d.A6CDB9C8F01D8A0F4238A693B6F45B82.e.6530/click - {}
RESULT: {}
RESULT: {}
COMMAND: GET /session/47a0cfcb1b688bc57e33978b59aaa3c6/screenshot - {}
RESULT: {}
COMMAND: POST /session/47a0cfcb1b688bc57e33978b59aaa3c6/element - {"using":"xpath","value":"(//button[@data-kt=\"saveButton\"])[2]"}
RESULT: {"using":"xpath","value":"(//button[@data-kt=\"saveButton\"])[2]"}
COMMAND: POST /session/47a0cfcb1b688bc57e33978b59aaa3c6/element/f.B7EBD3B9E1BF342B1CF0F76B0C9C80BF.d.A6CDB9C8F01D8A0F4238A693B6F45B82.e.6531/click - {}
RESULT: {}
COMMAND: GET /session/47a0cfcb1b688bc57e33978b59aaa3c6/screenshot - {}
RESULT: {}
COMMAND: POST /session/47a0cfcb1b688bc57e33978b59aaa3c6/execute/sync - {"script":"<script> [276 bytes]","args":["Some contract items are having rental validity exceeding header rental validity"]}
RESULT: {"script":"<script> [276 bytes]","args":["Some contract items are having rental validity exceeding header rental validity"]}
COMMAND: GET /session/47a0cfcb1b688bc57e33978b59aaa3c6/screenshot - {}
RESULT: {}
COMMAND: POST /session/47a0cfcb1b688bc57e33978b59aaa3c6/element - {"using":"xpath","value":"//span[contains(@id ,\"contractItemsSmartTable-header-inner\")]"}
RESULT: {"using":"xpath","value":"//span[contains(@id ,\"contractItemsSmartTable-header-inner\")]"}
COMMAND: POST /session/47a0cfcb1b688bc57e33978b59aaa3c6/elements - {"using":"xpath","value":"//span[contains(@id ,\"contractItemsSmartTable-header-inner\")]"}
RESULT: {"using":"xpath","value":"//span[contains(@id ,\"contractItemsSmartTable-header-inner\")]"}
COMMAND: POST /session/47a0cfcb1b688bc57e33978b59aaa3c6/execute/sync - {"script":"<script> [56 bytes]","args":[{"element-6066-11e4-a52e-4f735466cecf":"f.B7EBD3B9E1BF342B1CF0F76B0C9C80BF.d.A6CDB9C8F01D8A0F4238A693B6F45B82.e.6535","ELEMENT":"f.B7EBD3B9E1BF342B1CF0F76B0C9C80BF.d.A6CDB9C8F01D8A0F4238A693B6F45B82.e.6535"}]}
RESULT: {"script":"<script> [56 bytes]","args":[{"element-6066-11e4-a52e-4f735466cecf":"f.B7EBD3B9E1BF342B1CF0F76B0C9C80BF.d.A6CDB9C8F01D8A0F4238A693B6F45B82.e.6535","ELEMENT":"f.B7EBD3B9E1BF342B1CF0F76B0C9C80BF.d.A6CDB9C8F01D8A0F4238A693B6F45B82.e.6535"}]}
]]></system-out>
    </testcase>
    <testcase classname="chrome.136_0_7103_93.windows.Provide_to_Site_w/_warehouse_management_w_clarification" name="Should provide to site" time="40.426">
      <system-out><![CDATA[
COMMAND: POST /session/47a0cfcb1b688bc57e33978b59aaa3c6/element - {"using":"xpath","value":"//button[@data-kt=\"provideButton\"]"}
COMMAND: GET /session/47a0cfcb1b688bc57e33978b59aaa3c6/screenshot - {}
RESULT: {"using":"xpath","value":"//button[@data-kt=\"provideButton\"]"}
COMMAND: POST /session/47a0cfcb1b688bc57e33978b59aaa3c6/element/f.B7EBD3B9E1BF342B1CF0F76B0C9C80BF.d.A6CDB9C8F01D8A0F4238A693B6F45B82.e.6536/click - {}
RESULT: {}
RESULT: {}
COMMAND: GET /session/47a0cfcb1b688bc57e33978b59aaa3c6/screenshot - {}
RESULT: undefined
COMMAND: POST /session/47a0cfcb1b688bc57e33978b59aaa3c6/execute/async - {"script":"<script> [6424 bytes]","args":[{"element-6066-11e4-a52e-4f735466cecf":"f.B7EBD3B9E1BF342B1CF0F76B0C9C80BF.d.A6CDB9C8F01D8A0F4238A693B6F45B82.e.5580"},"setValue",["05/20/25"]]}
RESULT: {}
COMMAND: POST /session/47a0cfcb1b688bc57e33978b59aaa3c6/execute/async - {"script":"<script> [1562 bytes]","args":[{"selector":{"id":"application-managehandovers-display-component---AddNewHO--dueDate","interaction":{"idSuffix":"inner"}},"wdio_ui5_key":"applicationmanagehandovers-display-component---AddNewHO--dueDate"}]}
RESULT: {"script":"<script> [1562 bytes]","args":[{"selector":{"id":"application-managehandovers-display-component---AddNewHO--dueDate","interaction":{"idSuffix":"inner"}},"wdio_ui5_key":"applicationmanagehandovers-display-component---AddNewHO--dueDate"}]}
COMMAND: POST /session/47a0cfcb1b688bc57e33978b59aaa3c6/execute/async - {"script":"<script> [6424 bytes]","args":[{"element-6066-11e4-a52e-4f735466cecf":"f.B7EBD3B9E1BF342B1CF0F76B0C9C80BF.d.A6CDB9C8F01D8A0F4238A693B6F45B82.e.6626"},"setValue",["05/20/25"]]}
RESULT: {"script":"<script> [6424 bytes]","args":[{"element-6066-11e4-a52e-4f735466cecf":"f.B7EBD3B9E1BF342B1CF0F76B0C9C80BF.d.A6CDB9C8F01D8A0F4238A693B6F45B82.e.6626"},"setValue",["05/20/25"]]}
COMMAND: POST /session/47a0cfcb1b688bc57e33978b59aaa3c6/element - {"using":"xpath","value":"//bdi[contains(text(), \"Instructions\")]"}
RESULT: {"using":"xpath","value":"//bdi[contains(text(), \"Instructions\")]"}
COMMAND: POST /session/47a0cfcb1b688bc57e33978b59aaa3c6/element/f.B7EBD3B9E1BF342B1CF0F76B0C9C80BF.d.A6CDB9C8F01D8A0F4238A693B6F45B82.e.6850/click - {}
RESULT: {}
COMMAND: GET /session/47a0cfcb1b688bc57e33978b59aaa3c6/screenshot - {}
RESULT: {}
COMMAND: POST /session/47a0cfcb1b688bc57e33978b59aaa3c6/element - {"using":"xpath","value":"//button[@data-kt=\"AddNewHOProvideAddItemsButton\"]"}
RESULT: {"using":"xpath","value":"//button[@data-kt=\"AddNewHOProvideAddItemsButton\"]"}
COMMAND: POST /session/47a0cfcb1b688bc57e33978b59aaa3c6/element/f.B7EBD3B9E1BF342B1CF0F76B0C9C80BF.d.A6CDB9C8F01D8A0F4238A693B6F45B82.e.6854/click - {}
RESULT: {}
COMMAND: GET /session/47a0cfcb1b688bc57e33978b59aaa3c6/screenshot - {}
RESULT: {}
RESULT: undefined
COMMAND: POST /session/47a0cfcb1b688bc57e33978b59aaa3c6/element - {"using":"xpath","value":"//*[@id=\"application-managehandovers-display-component---AddNewHO--popup-sa\"]"}
RESULT: {"using":"xpath","value":"//*[@id=\"application-managehandovers-display-component---AddNewHO--popup-sa\"]"}
COMMAND: POST /session/47a0cfcb1b688bc57e33978b59aaa3c6/element/f.B7EBD3B9E1BF342B1CF0F76B0C9C80BF.d.A6CDB9C8F01D8A0F4238A693B6F45B82.e.6864/click - {}
RESULT: {}
COMMAND: GET /session/47a0cfcb1b688bc57e33978b59aaa3c6/screenshot - {}
RESULT: {}
COMMAND: POST /session/47a0cfcb1b688bc57e33978b59aaa3c6/element - {"using":"xpath","value":"//*[contains(@id ,\"BDI-content\")][contains(text(), \"Select\")]"}
RESULT: {"using":"xpath","value":"//*[contains(@id ,\"BDI-content\")][contains(text(), \"Select\")]"}
COMMAND: POST /session/47a0cfcb1b688bc57e33978b59aaa3c6/element/f.B7EBD3B9E1BF342B1CF0F76B0C9C80BF.d.A6CDB9C8F01D8A0F4238A693B6F45B82.e.6865/click - {}
RESULT: {}
COMMAND: GET /session/47a0cfcb1b688bc57e33978b59aaa3c6/screenshot - {}
RESULT: {}
COMMAND: POST /session/47a0cfcb1b688bc57e33978b59aaa3c6/element - {"using":"xpath","value":"//bdi[(text() = 'Save' or . = 'Save')]"}
RESULT: {"using":"xpath","value":"//bdi[(text() = 'Save' or . = 'Save')]"}
COMMAND: POST /session/47a0cfcb1b688bc57e33978b59aaa3c6/element/f.B7EBD3B9E1BF342B1CF0F76B0C9C80BF.d.A6CDB9C8F01D8A0F4238A693B6F45B82.e.6868/click - {}
RESULT: {}
COMMAND: GET /session/47a0cfcb1b688bc57e33978b59aaa3c6/screenshot - {}
RESULT: {}
]]></system-out>
    </testcase>
    <testcase classname="chrome.136_0_7103_93.windows.Provide_to_Site_w/_warehouse_management_w_clarification" name="Should test for Handover Execution" time="148.104">
      <system-out><![CDATA[
COMMAND: POST /session/47a0cfcb1b688bc57e33978b59aaa3c6/execute/async - {"script":"<script> [1562 bytes]","args":[{"selector":{"controlType":"sap.m.Link","viewName":"etm.portal.ui.managehandovers.view.DetailExecuteHO","bindingPath":{"path":"","propertyPath":"/wmDoc","modelName":"warehouseMovModel"}},"wdio_ui5_key":"etmportal.ui.managehandovers.view.DetailExecuteHOsap.m.Link{\"path\":\"\",\"propertyPath\":\"/wmDoc\",\"modelName\":\"warehouseMovModel\"}"}]}
RESULT: {"script":"<script> [1562 bytes]","args":[{"selector":{"controlType":"sap.m.Link","viewName":"etm.portal.ui.managehandovers.view.DetailExecuteHO","bindingPath":{"path":"","propertyPath":"/wmDoc","modelName":"warehouseMovModel"}},"wdio_ui5_key":"etmportal.ui.managehandovers.view.DetailExecuteHOsap.m.Link{\"path\":\"\",\"propertyPath\":\"/wmDoc\",\"modelName\":\"warehouseMovModel\"}"}]}
RESULT: undefined
COMMAND: POST /session/47a0cfcb1b688bc57e33978b59aaa3c6/element - {"using":"xpath","value":"//*[@id=\"__link81\"]"}
RESULT: {"using":"xpath","value":"//*[@id=\"__link81\"]"}
COMMAND: POST /session/47a0cfcb1b688bc57e33978b59aaa3c6/element/f.B7EBD3B9E1BF342B1CF0F76B0C9C80BF.d.A6CDB9C8F01D8A0F4238A693B6F45B82.e.6900/click - {}
RESULT: {}
COMMAND: GET /session/47a0cfcb1b688bc57e33978b59aaa3c6/screenshot - {}
RESULT: {}
COMMAND: POST /session/47a0cfcb1b688bc57e33978b59aaa3c6/execute/async - {"script":"<script> [1562 bytes]","args":[{"selector":{"controlType":"sap.m.Link","viewName":"etm.portal.ui.managehandovers.view.DetailExecuteHO","properties":{"text":"Warehouse Overview"},"searchOpenDialogs":true},"wdio_ui5_key":"etmportal.ui.managehandovers.view.DetailExecuteHOsap.m.Link{\"text\":\"Warehouse Overview\"}"}]}
RESULT: {"script":"<script> [1562 bytes]","args":[{"selector":{"controlType":"sap.m.Link","viewName":"etm.portal.ui.managehandovers.view.DetailExecuteHO","properties":{"text":"Warehouse Overview"},"searchOpenDialogs":true},"wdio_ui5_key":"etmportal.ui.managehandovers.view.DetailExecuteHOsap.m.Link{\"text\":\"Warehouse Overview\"}"}]}
RESULT: undefined
COMMAND: POST /session/47a0cfcb1b688bc57e33978b59aaa3c6/element - {"using":"xpath","value":"//*[@id=\"__link96\"]"}
RESULT: {"using":"xpath","value":"//*[@id=\"__link96\"]"}
COMMAND: POST /session/47a0cfcb1b688bc57e33978b59aaa3c6/element/f.B7EBD3B9E1BF342B1CF0F76B0C9C80BF.d.A6CDB9C8F01D8A0F4238A693B6F45B82.e.6904/click - {}
RESULT: {}
COMMAND: GET /session/47a0cfcb1b688bc57e33978b59aaa3c6/screenshot - {}
RESULT: {}
COMMAND: POST /session/47a0cfcb1b688bc57e33978b59aaa3c6/execute/async - {"script":"<script> [1562 bytes]","args":[{"selector":{"controlType":"sap.m.Button","viewName":"etm.portal.ui.warehousemovements.view.DisplayMovement","viewId":"application-warehousemovements-display-component---displayMovement","i18NText":{"propertyName":"text","key":"execution"},"interaction":{"idSuffix":"BDI-content"}},"wdio_ui5_key":"etmportal.ui.warehousemovements.view.DisplayMovementsap.m.Button{\"propertyName\":\"text\",\"key\":\"execution\"}"}]}
RESULT: {"script":"<script> [1562 bytes]","args":[{"selector":{"controlType":"sap.m.Button","viewName":"etm.portal.ui.warehousemovements.view.DisplayMovement","viewId":"application-warehousemovements-display-component---displayMovement","i18NText":{"propertyName":"text","key":"execution"},"interaction":{"idSuffix":"BDI-content"}},"wdio_ui5_key":"etmportal.ui.warehousemovements.view.DisplayMovementsap.m.Button{\"propertyName\":\"text\",\"key\":\"execution\"}"}]}
RESULT: undefined
COMMAND: POST /session/47a0cfcb1b688bc57e33978b59aaa3c6/element - {"using":"xpath","value":"//*[@id=\"__button219\"]"}
RESULT: {"using":"xpath","value":"//*[@id=\"__button219\"]"}
COMMAND: POST /session/47a0cfcb1b688bc57e33978b59aaa3c6/element/f.B7EBD3B9E1BF342B1CF0F76B0C9C80BF.d.A6CDB9C8F01D8A0F4238A693B6F45B82.e.7078/click - {}
RESULT: {}
COMMAND: GET /session/47a0cfcb1b688bc57e33978b59aaa3c6/screenshot - {}
RESULT: {}
COMMAND: POST /session/47a0cfcb1b688bc57e33978b59aaa3c6/execute/async - {"script":"<script> [1562 bytes]","args":[{"selector":{"controlType":"sap.m.Button","viewName":"etm.portal.ui.warehousemovements.view.ExecuteMovement","viewId":"application-warehousemovements-display-component---executeMovement","properties":{"text":"Items"},"interaction":{"idSuffix":"BDI-content"}},"wdio_ui5_key":"etmportal.ui.warehousemovements.view.ExecuteMovementsap.m.Button{\"text\":\"Items\"}"}]}
RESULT: {"script":"<script> [1562 bytes]","args":[{"selector":{"controlType":"sap.m.Button","viewName":"etm.portal.ui.warehousemovements.view.ExecuteMovement","viewId":"application-warehousemovements-display-component---executeMovement","properties":{"text":"Items"},"interaction":{"idSuffix":"BDI-content"}},"wdio_ui5_key":"etmportal.ui.warehousemovements.view.ExecuteMovementsap.m.Button{\"text\":\"Items\"}"}]}
RESULT: undefined
COMMAND: POST /session/47a0cfcb1b688bc57e33978b59aaa3c6/element - {"using":"xpath","value":"//*[@id=\"__layout353-anchBar-application-warehousemovements-display-component---executeMovement--itemsSection-anchor\"]"}
RESULT: {"using":"xpath","value":"//*[@id=\"__layout353-anchBar-application-warehousemovements-display-component---executeMovement--itemsSection-anchor\"]"}
COMMAND: POST /session/47a0cfcb1b688bc57e33978b59aaa3c6/element/f.B7EBD3B9E1BF342B1CF0F76B0C9C80BF.d.A6CDB9C8F01D8A0F4238A693B6F45B82.e.7175/click - {}
RESULT: {}
COMMAND: GET /session/47a0cfcb1b688bc57e33978b59aaa3c6/screenshot - {}
RESULT: {}
COMMAND: POST /session/47a0cfcb1b688bc57e33978b59aaa3c6/execute/async - {"script":"<script> [1562 bytes]","args":[{"selector":{"controlType":"sap.m.ToggleButton","viewName":"etm.portal.ui.warehousemovements.view.ExecuteMovement","viewId":"application-warehousemovements-display-component---executeMovement","bindingPath":{"propertyPath":"STATUS","modelName":"catalogModel"},"interaction":{"idSuffix":"BDI-content"}},"wdio_ui5_key":"etmportal.ui.warehousemovements.view.ExecuteMovementsap.m.ToggleButton{\"propertyPath\":\"STATUS\",\"modelName\":\"catalogModel\"}"}]}
RESULT: {"script":"<script> [1562 bytes]","args":[{"selector":{"controlType":"sap.m.ToggleButton","viewName":"etm.portal.ui.warehousemovements.view.ExecuteMovement","viewId":"application-warehousemovements-display-component---executeMovement","bindingPath":{"propertyPath":"STATUS","modelName":"catalogModel"},"interaction":{"idSuffix":"BDI-content"}},"wdio_ui5_key":"etmportal.ui.warehousemovements.view.ExecuteMovementsap.m.ToggleButton{\"propertyPath\":\"STATUS\",\"modelName\":\"catalogModel\"}"}]}
RESULT: undefined
COMMAND: POST /session/47a0cfcb1b688bc57e33978b59aaa3c6/element - {"using":"xpath","value":"//*[@id=\"__button242-__clone3549\"]"}
RESULT: {"using":"xpath","value":"//*[@id=\"__button242-__clone3549\"]"}
COMMAND: POST /session/47a0cfcb1b688bc57e33978b59aaa3c6/element/f.B7EBD3B9E1BF342B1CF0F76B0C9C80BF.d.A6CDB9C8F01D8A0F4238A693B6F45B82.e.7146/click - {}
RESULT: {}
RESULT: undefined
COMMAND: POST /session/47a0cfcb1b688bc57e33978b59aaa3c6/element - {"using":"xpath","value":"//*[@id=\"__button242-__clone3549\"]"}
COMMAND: GET /session/47a0cfcb1b688bc57e33978b59aaa3c6/screenshot - {}
RESULT: {"using":"xpath","value":"//*[@id=\"__button242-__clone3549\"]"}
COMMAND: POST /session/47a0cfcb1b688bc57e33978b59aaa3c6/element/f.B7EBD3B9E1BF342B1CF0F76B0C9C80BF.d.A6CDB9C8F01D8A0F4238A693B6F45B82.e.7146/click - {}
RESULT: {}
RESULT: {}
COMMAND: GET /session/47a0cfcb1b688bc57e33978b59aaa3c6/screenshot - {}
RESULT: {}
COMMAND: POST /session/47a0cfcb1b688bc57e33978b59aaa3c6/element - {"using":"xpath","value":"//section[contains(@id,\"FC-NoHead\")]/div[1]/div[5]/div[2]/span"}
RESULT: {"using":"xpath","value":"//section[contains(@id,\"FC-NoHead\")]/div[1]/div[5]/div[2]/span"}
COMMAND: POST /session/47a0cfcb1b688bc57e33978b59aaa3c6/elements - {"using":"xpath","value":"//section[contains(@id,\"FC-NoHead\")]/div[1]/div[5]/div[2]/span"}
RESULT: {"using":"xpath","value":"//section[contains(@id,\"FC-NoHead\")]/div[1]/div[5]/div[2]/span"}
COMMAND: POST /session/47a0cfcb1b688bc57e33978b59aaa3c6/execute/sync - {"script":"<script> [56 bytes]","args":[{"element-6066-11e4-a52e-4f735466cecf":"f.B7EBD3B9E1BF342B1CF0F76B0C9C80BF.d.A6CDB9C8F01D8A0F4238A693B6F45B82.e.7181","ELEMENT":"f.B7EBD3B9E1BF342B1CF0F76B0C9C80BF.d.A6CDB9C8F01D8A0F4238A693B6F45B82.e.7181"}]}
RESULT: {"script":"<script> [56 bytes]","args":[{"element-6066-11e4-a52e-4f735466cecf":"f.B7EBD3B9E1BF342B1CF0F76B0C9C80BF.d.A6CDB9C8F01D8A0F4238A693B6F45B82.e.7181","ELEMENT":"f.B7EBD3B9E1BF342B1CF0F76B0C9C80BF.d.A6CDB9C8F01D8A0F4238A693B6F45B82.e.7181"}]}
COMMAND: POST /session/47a0cfcb1b688bc57e33978b59aaa3c6/actions - {"actions":[{"id":"action23","type":"key","parameters":{},"actions":[{"type":"keyDown","value":"î€‡"},{"type":"pause","duration":10},{"type":"keyUp","value":"î€‡"}]}]}
COMMAND: GET /session/47a0cfcb1b688bc57e33978b59aaa3c6/screenshot - {}
RESULT: {"actions":[{"id":"action23","type":"key","parameters":{},"actions":[{"type":"keyDown","value":"î€‡"},{"type":"pause","duration":10},{"type":"keyUp","value":"î€‡"}]}]}
COMMAND: POST /session/47a0cfcb1b688bc57e33978b59aaa3c6/execute/async - {"script":"<script> [1562 bytes]","args":[{"selector":{"id":"application-warehousemovements-display-component---executeMovement--executeId","interaction":{"idSuffix":"BDI-content"}},"wdio_ui5_key":"applicationwarehousemovements-display-component---executeMovement--executeId"}]}
COMMAND: GET /session/47a0cfcb1b688bc57e33978b59aaa3c6/screenshot - {}
RESULT: {}
RESULT: {"script":"<script> [1562 bytes]","args":[{"selector":{"id":"application-warehousemovements-display-component---executeMovement--executeId","interaction":{"idSuffix":"BDI-content"}},"wdio_ui5_key":"applicationwarehousemovements-display-component---executeMovement--executeId"}]}
RESULT: undefined
COMMAND: POST /session/47a0cfcb1b688bc57e33978b59aaa3c6/element - {"using":"xpath","value":"//*[@id=\"application-warehousemovements-display-component---executeMovement--executeId\"]"}
RESULT: {}
RESULT: {"using":"xpath","value":"//*[@id=\"application-warehousemovements-display-component---executeMovement--executeId\"]"}
COMMAND: POST /session/47a0cfcb1b688bc57e33978b59aaa3c6/element/f.B7EBD3B9E1BF342B1CF0F76B0C9C80BF.d.A6CDB9C8F01D8A0F4238A693B6F45B82.e.7140/click - {}
RESULT: {}
COMMAND: GET /session/47a0cfcb1b688bc57e33978b59aaa3c6/screenshot - {}
RESULT: {}
COMMAND: POST /session/47a0cfcb1b688bc57e33978b59aaa3c6/element - {"using":"css selector","value":"#shell-header-logo"}
RESULT: {"using":"css selector","value":"#shell-header-logo"}
COMMAND: POST /session/47a0cfcb1b688bc57e33978b59aaa3c6/element/f.B7EBD3B9E1BF342B1CF0F76B0C9C80BF.d.A6CDB9C8F01D8A0F4238A693B6F45B82.e.5978/click - {}
RESULT: {}
COMMAND: GET /session/47a0cfcb1b688bc57e33978b59aaa3c6/screenshot - {}
RESULT: {}
RESULT: undefined
COMMAND: POST /session/47a0cfcb1b688bc57e33978b59aaa3c6/element - {"using":"xpath","value":"//*[@id=\"__tile131\"]"}
RESULT: {"using":"xpath","value":"//*[@id=\"__tile131\"]"}
COMMAND: POST /session/47a0cfcb1b688bc57e33978b59aaa3c6/element/f.B7EBD3B9E1BF342B1CF0F76B0C9C80BF.d.A6CDB9C8F01D8A0F4238A693B6F45B82.e.4582/click - {}
RESULT: {}
COMMAND: GET /session/47a0cfcb1b688bc57e33978b59aaa3c6/screenshot - {}
RESULT: {}
COMMAND: POST /session/47a0cfcb1b688bc57e33978b59aaa3c6/elements - {"using":"xpath","value":"//span[text()='Error']"}
RESULT: {"using":"xpath","value":"//span[text()='Error']"}
COMMAND: POST /session/47a0cfcb1b688bc57e33978b59aaa3c6/execute/async - {"script":"<script> [1562 bytes]","args":[{"selector":{"controlType":"sap.m.SearchField","viewName":"etm.portal.ui.managehandovers.view.MasterHO","bindingPath":{"propertyPath":"/_BASIC_SEARCH_FIELD","modelName":"fi1t3rM0d31"},"interaction":{"idSuffix":"I"}},"wdio_ui5_key":"etmportal.ui.managehandovers.view.MasterHOsap.m.SearchField{\"propertyPath\":\"/_BASIC_SEARCH_FIELD\",\"modelName\":\"fi1t3rM0d31\"}"}]}
RESULT: {"script":"<script> [1562 bytes]","args":[{"selector":{"controlType":"sap.m.SearchField","viewName":"etm.portal.ui.managehandovers.view.MasterHO","bindingPath":{"propertyPath":"/_BASIC_SEARCH_FIELD","modelName":"fi1t3rM0d31"},"interaction":{"idSuffix":"I"}},"wdio_ui5_key":"etmportal.ui.managehandovers.view.MasterHOsap.m.SearchField{\"propertyPath\":\"/_BASIC_SEARCH_FIELD\",\"modelName\":\"fi1t3rM0d31\"}"}]}
RESULT: undefined
COMMAND: POST /session/47a0cfcb1b688bc57e33978b59aaa3c6/execute/async - {"script":"<script> [776 bytes]","args":[{"enterText":"30841","selector":{"controlType":"sap.m.SearchField","viewName":"etm.portal.ui.managehandovers.view.MasterHO","bindingPath":{"propertyPath":"/_BASIC_SEARCH_FIELD","modelName":"fi1t3rM0d31"},"interaction":{"idSuffix":"I"}},"clearTextFirst":true,"interactionType":"ENTER_TEXT"}]}
RESULT: {"script":"<script> [776 bytes]","args":[{"enterText":"30841","selector":{"controlType":"sap.m.SearchField","viewName":"etm.portal.ui.managehandovers.view.MasterHO","bindingPath":{"propertyPath":"/_BASIC_SEARCH_FIELD","modelName":"fi1t3rM0d31"},"interaction":{"idSuffix":"I"}},"clearTextFirst":true,"interactionType":"ENTER_TEXT"}]}
COMMAND: POST /session/47a0cfcb1b688bc57e33978b59aaa3c6/actions - {"actions":[{"id":"action24","type":"key","parameters":{},"actions":[{"type":"keyDown","value":"î€‡"},{"type":"pause","duration":10},{"type":"keyUp","value":"î€‡"}]}]}
RESULT: {"actions":[{"id":"action24","type":"key","parameters":{},"actions":[{"type":"keyDown","value":"î€‡"},{"type":"pause","duration":10},{"type":"keyUp","value":"î€‡"}]}]}
COMMAND: GET /session/47a0cfcb1b688bc57e33978b59aaa3c6/screenshot - {}
RESULT: {}
COMMAND: POST /session/47a0cfcb1b688bc57e33978b59aaa3c6/execute/async - {"script":"<script> [1562 bytes]","args":[{"selector":{"controlType":"sap.ui.core.Icon","viewName":"etm.portal.ui.managehandovers.view.MasterHO","properties":{"src":{"regex":{"source":"slim\\-arrow\\-right"}}}},"wdio_ui5_key":"etmportal.ui.managehandovers.view.MasterHOsap.ui.core.Icon{\"src\":{\"regex\":{\"source\":\"slim\\\\-arrow\\\\-right\"}}}"}]}
RESULT: {"script":"<script> [1562 bytes]","args":[{"selector":{"controlType":"sap.ui.core.Icon","viewName":"etm.portal.ui.managehandovers.view.MasterHO","properties":{"src":{"regex":{"source":"slim\\-arrow\\-right"}}}},"wdio_ui5_key":"etmportal.ui.managehandovers.view.MasterHOsap.ui.core.Icon{\"src\":{\"regex\":{\"source\":\"slim\\\\-arrow\\\\-right\"}}}"}]}
RESULT: undefined
COMMAND: POST /session/47a0cfcb1b688bc57e33978b59aaa3c6/element - {"using":"xpath","value":"//*[@id=\"__item1902-__clone3629-imgNav\"]"}
RESULT: {"using":"xpath","value":"//*[@id=\"__item1902-__clone3629-imgNav\"]"}
COMMAND: POST /session/47a0cfcb1b688bc57e33978b59aaa3c6/element/f.B7EBD3B9E1BF342B1CF0F76B0C9C80BF.d.A6CDB9C8F01D8A0F4238A693B6F45B82.e.7373/click - {}
RESULT: {}
COMMAND: GET /session/47a0cfcb1b688bc57e33978b59aaa3c6/screenshot - {}
RESULT: {}
COMMAND: POST /session/47a0cfcb1b688bc57e33978b59aaa3c6/execute/async - {"script":"<script> [1562 bytes]","args":[{"selector":{"controlType":"sap.m.Button","viewName":"etm.portal.ui.managehandovers.view.DetailExecuteHO","i18NText":{"propertyName":"text","key":"confirmAll"},"interaction":{"idSuffix":"BDI-content"}},"wdio_ui5_key":"etmportal.ui.managehandovers.view.DetailExecuteHOsap.m.Button{\"propertyName\":\"text\",\"key\":\"confirmAll\"}"}]}
RESULT: {"script":"<script> [1562 bytes]","args":[{"selector":{"controlType":"sap.m.Button","viewName":"etm.portal.ui.managehandovers.view.DetailExecuteHO","i18NText":{"propertyName":"text","key":"confirmAll"},"interaction":{"idSuffix":"BDI-content"}},"wdio_ui5_key":"etmportal.ui.managehandovers.view.DetailExecuteHOsap.m.Button{\"propertyName\":\"text\",\"key\":\"confirmAll\"}"}]}
RESULT: undefined
COMMAND: POST /session/47a0cfcb1b688bc57e33978b59aaa3c6/element - {"using":"xpath","value":"//*[@id=\"__button280\"]"}
RESULT: {"using":"xpath","value":"//*[@id=\"__button280\"]"}
COMMAND: POST /session/47a0cfcb1b688bc57e33978b59aaa3c6/element/f.B7EBD3B9E1BF342B1CF0F76B0C9C80BF.d.A6CDB9C8F01D8A0F4238A693B6F45B82.e.7452/click - {}
RESULT: {}
COMMAND: GET /session/47a0cfcb1b688bc57e33978b59aaa3c6/screenshot - {}
RESULT: {}
COMMAND: POST /session/47a0cfcb1b688bc57e33978b59aaa3c6/actions - {"actions":[{"id":"action25","type":"key","parameters":{},"actions":[{"type":"keyDown","value":"î€‡"},{"type":"pause","duration":10},{"type":"keyUp","value":"î€‡"}]}]}
RESULT: {"actions":[{"id":"action25","type":"key","parameters":{},"actions":[{"type":"keyDown","value":"î€‡"},{"type":"pause","duration":10},{"type":"keyUp","value":"î€‡"}]}]}
COMMAND: GET /session/47a0cfcb1b688bc57e33978b59aaa3c6/screenshot - {}
RESULT: {}
COMMAND: POST /session/47a0cfcb1b688bc57e33978b59aaa3c6/element - {"using":"xpath","value":"//button[@data-kt=\"execHoIssueButton\"]"}
RESULT: {"using":"xpath","value":"//button[@data-kt=\"execHoIssueButton\"]"}
COMMAND: POST /session/47a0cfcb1b688bc57e33978b59aaa3c6/element/f.B7EBD3B9E1BF342B1CF0F76B0C9C80BF.d.A6CDB9C8F01D8A0F4238A693B6F45B82.e.7461/click - {}
RESULT: {}
COMMAND: GET /session/47a0cfcb1b688bc57e33978b59aaa3c6/screenshot - {}
RESULT: {}
RESULT: undefined
COMMAND: POST /session/47a0cfcb1b688bc57e33978b59aaa3c6/execute/async - {"script":"<script> [776 bytes]","args":[{"enterText":"30841","selector":{"controlType":"sap.m.SearchField","viewName":"etm.portal.ui.managehandovers.view.MasterHO","bindingPath":{"propertyPath":"/_BASIC_SEARCH_FIELD","modelName":"fi1t3rM0d31"},"interaction":{"idSuffix":"I"}},"clearTextFirst":true,"interactionType":"ENTER_TEXT"}]}
RESULT: {"script":"<script> [776 bytes]","args":[{"enterText":"30841","selector":{"controlType":"sap.m.SearchField","viewName":"etm.portal.ui.managehandovers.view.MasterHO","bindingPath":{"propertyPath":"/_BASIC_SEARCH_FIELD","modelName":"fi1t3rM0d31"},"interaction":{"idSuffix":"I"}},"clearTextFirst":true,"interactionType":"ENTER_TEXT"}]}
COMMAND: POST /session/47a0cfcb1b688bc57e33978b59aaa3c6/actions - {"actions":[{"id":"action26","type":"key","parameters":{},"actions":[{"type":"keyDown","value":"î€‡"},{"type":"pause","duration":10},{"type":"keyUp","value":"î€‡"}]}]}
RESULT: {"actions":[{"id":"action26","type":"key","parameters":{},"actions":[{"type":"keyDown","value":"î€‡"},{"type":"pause","duration":10},{"type":"keyUp","value":"î€‡"}]}]}
COMMAND: GET /session/47a0cfcb1b688bc57e33978b59aaa3c6/screenshot - {}
RESULT: {}
COMMAND: POST /session/47a0cfcb1b688bc57e33978b59aaa3c6/element - {"using":"xpath","value":"//span[(text() = '30841' or . = '30841')]"}
RESULT: {"using":"xpath","value":"//span[(text() = '30841' or . = '30841')]"}
COMMAND: POST /session/47a0cfcb1b688bc57e33978b59aaa3c6/element/f.B7EBD3B9E1BF342B1CF0F76B0C9C80BF.d.A6CDB9C8F01D8A0F4238A693B6F45B82.e.7505/click - {}
RESULT: {}
COMMAND: GET /session/47a0cfcb1b688bc57e33978b59aaa3c6/screenshot - {}
RESULT: {}
COMMAND: POST /session/47a0cfcb1b688bc57e33978b59aaa3c6/element - {"using":"xpath","value":"//span[contains(text(), \"Instructions\")]"}
RESULT: {"using":"xpath","value":"//span[contains(text(), \"Instructions\")]"}
COMMAND: POST /session/47a0cfcb1b688bc57e33978b59aaa3c6/element/f.B7EBD3B9E1BF342B1CF0F76B0C9C80BF.d.A6CDB9C8F01D8A0F4238A693B6F45B82.e.7545/click - {}
RESULT: {}
COMMAND: GET /session/47a0cfcb1b688bc57e33978b59aaa3c6/screenshot - {}
RESULT: {}
COMMAND: POST /session/47a0cfcb1b688bc57e33978b59aaa3c6/element - {"using":"xpath","value":"//span[contains(text(), \"Instructions\")]"}
RESULT: {"using":"xpath","value":"//span[contains(text(), \"Instructions\")]"}
COMMAND: POST /session/47a0cfcb1b688bc57e33978b59aaa3c6/element/f.B7EBD3B9E1BF342B1CF0F76B0C9C80BF.d.A6CDB9C8F01D8A0F4238A693B6F45B82.e.7545/click - {}
RESULT: {}
COMMAND: GET /session/47a0cfcb1b688bc57e33978b59aaa3c6/screenshot - {}
RESULT: {}
COMMAND: POST /session/47a0cfcb1b688bc57e33978b59aaa3c6/execute/async - {"script":"<script> [1562 bytes]","args":[{"selector":{"controlType":"sap.m.ComboBox","viewName":"etm.portal.ui.managehandovers.view.DetailExecuteHO","bindingPath":{"propertyPath":"RECEIVING_SECTION","modelName":"catalogModel"},"interaction":{"idSuffix":"inner"}},"wdio_ui5_key":"etmportal.ui.managehandovers.view.DetailExecuteHOsap.m.ComboBox{\"propertyPath\":\"RECEIVING_SECTION\",\"modelName\":\"catalogModel\"}"}]}
RESULT: {"script":"<script> [1562 bytes]","args":[{"selector":{"controlType":"sap.m.ComboBox","viewName":"etm.portal.ui.managehandovers.view.DetailExecuteHO","bindingPath":{"propertyPath":"RECEIVING_SECTION","modelName":"catalogModel"},"interaction":{"idSuffix":"inner"}},"wdio_ui5_key":"etmportal.ui.managehandovers.view.DetailExecuteHOsap.m.ComboBox{\"propertyPath\":\"RECEIVING_SECTION\",\"modelName\":\"catalogModel\"}"}]}
RESULT: undefined
COMMAND: POST /session/47a0cfcb1b688bc57e33978b59aaa3c6/execute/async - {"script":"<script> [776 bytes]","args":[{"enterText":"WDIO-2302","selector":{"controlType":"sap.m.ComboBox","viewName":"etm.portal.ui.managehandovers.view.DetailExecuteHO","bindingPath":{"propertyPath":"RECEIVING_SECTION","modelName":"catalogModel"},"interaction":{"idSuffix":"inner"}},"clearTextFirst":true,"interactionType":"ENTER_TEXT"}]}
RESULT: {"script":"<script> [776 bytes]","args":[{"enterText":"WDIO-2302","selector":{"controlType":"sap.m.ComboBox","viewName":"etm.portal.ui.managehandovers.view.DetailExecuteHO","bindingPath":{"propertyPath":"RECEIVING_SECTION","modelName":"catalogModel"},"interaction":{"idSuffix":"inner"}},"clearTextFirst":true,"interactionType":"ENTER_TEXT"}]}
COMMAND: POST /session/47a0cfcb1b688bc57e33978b59aaa3c6/actions - {"actions":[{"id":"action27","type":"key","parameters":{},"actions":[{"type":"keyDown","value":"î€‡"},{"type":"pause","duration":10},{"type":"keyUp","value":"î€‡"}]}]}
RESULT: {"actions":[{"id":"action27","type":"key","parameters":{},"actions":[{"type":"keyDown","value":"î€‡"},{"type":"pause","duration":10},{"type":"keyUp","value":"î€‡"}]}]}
COMMAND: GET /session/47a0cfcb1b688bc57e33978b59aaa3c6/screenshot - {}
RESULT: {}
COMMAND: POST /session/47a0cfcb1b688bc57e33978b59aaa3c6/element - {"using":"xpath","value":"//button[@data-kt= \"execHoReceiveButton\"]"}
RESULT: {"using":"xpath","value":"//button[@data-kt= \"execHoReceiveButton\"]"}
COMMAND: POST /session/47a0cfcb1b688bc57e33978b59aaa3c6/element/f.B7EBD3B9E1BF342B1CF0F76B0C9C80BF.d.A6CDB9C8F01D8A0F4238A693B6F45B82.e.7551/click - {}
RESULT: {}
COMMAND: GET /session/47a0cfcb1b688bc57e33978b59aaa3c6/screenshot - {}
RESULT: {}
COMMAND: POST /session/47a0cfcb1b688bc57e33978b59aaa3c6/execute/async - {"script":"<script> [1562 bytes]","args":[{"selector":{"controlType":"sap.m.Button","properties":{"text":"Continue"},"searchOpenDialogs":true,"interaction":{"idSuffix":"content"}},"wdio_ui5_key":"sapm.Button{\"text\":\"Continue\"}"}]}
RESULT: {"script":"<script> [1562 bytes]","args":[{"selector":{"controlType":"sap.m.Button","properties":{"text":"Continue"},"searchOpenDialogs":true,"interaction":{"idSuffix":"content"}},"wdio_ui5_key":"sapm.Button{\"text\":\"Continue\"}"}]}
RESULT: undefined
COMMAND: POST /session/47a0cfcb1b688bc57e33978b59aaa3c6/element - {"using":"xpath","value":"//*[@id=\"__mbox-btn-6\"]"}
RESULT: {"using":"xpath","value":"//*[@id=\"__mbox-btn-6\"]"}
COMMAND: POST /session/47a0cfcb1b688bc57e33978b59aaa3c6/element/f.B7EBD3B9E1BF342B1CF0F76B0C9C80BF.d.A6CDB9C8F01D8A0F4238A693B6F45B82.e.7552/click - {}
RESULT: {}
COMMAND: GET /session/47a0cfcb1b688bc57e33978b59aaa3c6/screenshot - {}
RESULT: {}
COMMAND: POST /session/47a0cfcb1b688bc57e33978b59aaa3c6/element - {"using":"css selector","value":"#shell-header-logo"}
RESULT: {"using":"css selector","value":"#shell-header-logo"}
COMMAND: POST /session/47a0cfcb1b688bc57e33978b59aaa3c6/element/f.B7EBD3B9E1BF342B1CF0F76B0C9C80BF.d.A6CDB9C8F01D8A0F4238A693B6F45B82.e.7245/click - {}
RESULT: {}
COMMAND: GET /session/47a0cfcb1b688bc57e33978b59aaa3c6/screenshot - {}
RESULT: {}
]]></system-out>
    </testcase>
    <testcase classname="chrome.136_0_7103_93.windows.Provide_to_Site_w/_warehouse_management_w_clarification" name="Should test for Clarification" time="65.352">
      <system-out><![CDATA[
RESULT: undefined
COMMAND: POST /session/47a0cfcb1b688bc57e33978b59aaa3c6/element - {"using":"xpath","value":"//*[@id=\"__tile131\"]"}
RESULT: {"using":"xpath","value":"//*[@id=\"__tile131\"]"}
COMMAND: POST /session/47a0cfcb1b688bc57e33978b59aaa3c6/element/f.B7EBD3B9E1BF342B1CF0F76B0C9C80BF.d.A6CDB9C8F01D8A0F4238A693B6F45B82.e.4582/click - {}
RESULT: {}
COMMAND: GET /session/47a0cfcb1b688bc57e33978b59aaa3c6/screenshot - {}
COMMAND: POST /session/47a0cfcb1b688bc57e33978b59aaa3c6/elements - {"using":"xpath","value":"//span[text()='Error']"}
RESULT: {}
RESULT: {"using":"xpath","value":"//span[text()='Error']"}
RESULT: undefined
COMMAND: POST /session/47a0cfcb1b688bc57e33978b59aaa3c6/execute/async - {"script":"<script> [776 bytes]","args":[{"enterText":"30841","selector":{"controlType":"sap.m.SearchField","viewName":"etm.portal.ui.managehandovers.view.MasterHO","bindingPath":{"propertyPath":"/_BASIC_SEARCH_FIELD","modelName":"fi1t3rM0d31"},"interaction":{"idSuffix":"I"}},"clearTextFirst":true,"interactionType":"ENTER_TEXT"}]}
RESULT: {"script":"<script> [776 bytes]","args":[{"enterText":"30841","selector":{"controlType":"sap.m.SearchField","viewName":"etm.portal.ui.managehandovers.view.MasterHO","bindingPath":{"propertyPath":"/_BASIC_SEARCH_FIELD","modelName":"fi1t3rM0d31"},"interaction":{"idSuffix":"I"}},"clearTextFirst":true,"interactionType":"ENTER_TEXT"}]}
COMMAND: POST /session/47a0cfcb1b688bc57e33978b59aaa3c6/actions - {"actions":[{"id":"action28","type":"key","parameters":{},"actions":[{"type":"keyDown","value":"î€‡"},{"type":"pause","duration":10},{"type":"keyUp","value":"î€‡"}]}]}
RESULT: {"actions":[{"id":"action28","type":"key","parameters":{},"actions":[{"type":"keyDown","value":"î€‡"},{"type":"pause","duration":10},{"type":"keyUp","value":"î€‡"}]}]}
COMMAND: GET /session/47a0cfcb1b688bc57e33978b59aaa3c6/screenshot - {}
RESULT: {}
COMMAND: POST /session/47a0cfcb1b688bc57e33978b59aaa3c6/element - {"using":"xpath","value":"//span[(text() = '30841' or . = '30841')]"}
RESULT: {"using":"xpath","value":"//span[(text() = '30841' or . = '30841')]"}
COMMAND: POST /session/47a0cfcb1b688bc57e33978b59aaa3c6/element/f.B7EBD3B9E1BF342B1CF0F76B0C9C80BF.d.A6CDB9C8F01D8A0F4238A693B6F45B82.e.7689/click - {}
RESULT: {}
COMMAND: GET /session/47a0cfcb1b688bc57e33978b59aaa3c6/screenshot - {}
RESULT: {}
COMMAND: POST /session/47a0cfcb1b688bc57e33978b59aaa3c6/element - {"using":"xpath","value":"//span[contains(text(), \"Instructions\")]"}
RESULT: {"using":"xpath","value":"//span[contains(text(), \"Instructions\")]"}
COMMAND: POST /session/47a0cfcb1b688bc57e33978b59aaa3c6/element/f.B7EBD3B9E1BF342B1CF0F76B0C9C80BF.d.A6CDB9C8F01D8A0F4238A693B6F45B82.e.7791/click - {}
RESULT: {}
COMMAND: GET /session/47a0cfcb1b688bc57e33978b59aaa3c6/screenshot - {}
RESULT: {}
COMMAND: POST /session/47a0cfcb1b688bc57e33978b59aaa3c6/element - {"using":"xpath","value":"//span[contains(text(), \"Instructions\")]"}
RESULT: {"using":"xpath","value":"//span[contains(text(), \"Instructions\")]"}
COMMAND: POST /session/47a0cfcb1b688bc57e33978b59aaa3c6/element/f.B7EBD3B9E1BF342B1CF0F76B0C9C80BF.d.A6CDB9C8F01D8A0F4238A693B6F45B82.e.7791/click - {}
RESULT: {}
COMMAND: GET /session/47a0cfcb1b688bc57e33978b59aaa3c6/screenshot - {}
RESULT: {}
COMMAND: POST /session/47a0cfcb1b688bc57e33978b59aaa3c6/element - {"using":"xpath","value":"//button[.//bdi[text() = \"Refuse\"]]"}
RESULT: {"using":"xpath","value":"//button[.//bdi[text() = \"Refuse\"]]"}
COMMAND: POST /session/47a0cfcb1b688bc57e33978b59aaa3c6/element/f.B7EBD3B9E1BF342B1CF0F76B0C9C80BF.d.A6CDB9C8F01D8A0F4238A693B6F45B82.e.7796/click - {}
RESULT: {}
COMMAND: GET /session/47a0cfcb1b688bc57e33978b59aaa3c6/screenshot - {}
RESULT: {}
COMMAND: POST /session/47a0cfcb1b688bc57e33978b59aaa3c6/element - {"using":"xpath","value":"//button[@data-kt= \"execHoReceiveRefuseButton\"]"}
RESULT: {"using":"xpath","value":"//button[@data-kt= \"execHoReceiveRefuseButton\"]"}
COMMAND: POST /session/47a0cfcb1b688bc57e33978b59aaa3c6/element/f.B7EBD3B9E1BF342B1CF0F76B0C9C80BF.d.A6CDB9C8F01D8A0F4238A693B6F45B82.e.7798/click - {}
RESULT: {}
COMMAND: GET /session/47a0cfcb1b688bc57e33978b59aaa3c6/screenshot - {}
RESULT: {}
COMMAND: POST /session/47a0cfcb1b688bc57e33978b59aaa3c6/element - {"using":"css selector","value":"#shell-header-logo"}
RESULT: {"using":"css selector","value":"#shell-header-logo"}
COMMAND: POST /session/47a0cfcb1b688bc57e33978b59aaa3c6/element/f.B7EBD3B9E1BF342B1CF0F76B0C9C80BF.d.A6CDB9C8F01D8A0F4238A693B6F45B82.e.7589/click - {}
RESULT: {}
COMMAND: GET /session/47a0cfcb1b688bc57e33978b59aaa3c6/screenshot - {}
RESULT: {}
COMMAND: POST /session/47a0cfcb1b688bc57e33978b59aaa3c6/element - {"using":"css selector","value":"#j_username"}
COMMAND: POST /session/47a0cfcb1b688bc57e33978b59aaa3c6/url - {"url":"https://qa-testing-00-live-etm-ui.cfapps.eu10-004.hana.ondemand.com/"}
RESULT: {"using":"css selector","value":"#j_username"}
COMMAND: POST /session/47a0cfcb1b688bc57e33978b59aaa3c6/element - {"using":"css selector","value":"#j_username"}
RESULT: {"url":"https://qa-testing-00-live-etm-ui.cfapps.eu10-004.hana.ondemand.com/"}
RESULT: undefined
COMMAND: GET /session/47a0cfcb1b688bc57e33978b59aaa3c6/screenshot - {}
RESULT: {"using":"css selector","value":"#j_username"}
COMMAND: POST /session/47a0cfcb1b688bc57e33978b59aaa3c6/element - {"using":"css selector","value":"#shell-header-logo"}
RESULT: {}
RESULT: {"using":"css selector","value":"#shell-header-logo"}
COMMAND: POST /session/47a0cfcb1b688bc57e33978b59aaa3c6/execute/sync - {"script":"<script> [8489 bytes]","args":[{"element-6066-11e4-a52e-4f735466cecf":"f.B7EBD3B9E1BF342B1CF0F76B0C9C80BF.d.A785ED9365FDBE7B90D833B98CADF4A2.e.7848","ELEMENT":"f.B7EBD3B9E1BF342B1CF0F76B0C9C80BF.d.A785ED9365FDBE7B90D833B98CADF4A2.e.7848"}]}
RESULT: {"script":"<script> [8489 bytes]","args":[{"element-6066-11e4-a52e-4f735466cecf":"f.B7EBD3B9E1BF342B1CF0F76B0C9C80BF.d.A785ED9365FDBE7B90D833B98CADF4A2.e.7848","ELEMENT":"f.B7EBD3B9E1BF342B1CF0F76B0C9C80BF.d.A785ED9365FDBE7B90D833B98CADF4A2.e.7848"}]}
COMMAND: POST /session/47a0cfcb1b688bc57e33978b59aaa3c6/element - {"using":"css selector","value":"#shell-header-logo"}
COMMAND: GET /session/47a0cfcb1b688bc57e33978b59aaa3c6/screenshot - {}
RESULT: {"using":"css selector","value":"#shell-header-logo"}
COMMAND: POST /session/47a0cfcb1b688bc57e33978b59aaa3c6/execute/sync - {"script":"<script> [8489 bytes]","args":[{"element-6066-11e4-a52e-4f735466cecf":"f.B7EBD3B9E1BF342B1CF0F76B0C9C80BF.d.A785ED9365FDBE7B90D833B98CADF4A2.e.7848","ELEMENT":"f.B7EBD3B9E1BF342B1CF0F76B0C9C80BF.d.A785ED9365FDBE7B90D833B98CADF4A2.e.7848"}]}
RESULT: {}
RESULT: {"script":"<script> [8489 bytes]","args":[{"element-6066-11e4-a52e-4f735466cecf":"f.B7EBD3B9E1BF342B1CF0F76B0C9C80BF.d.A785ED9365FDBE7B90D833B98CADF4A2.e.7848","ELEMENT":"f.B7EBD3B9E1BF342B1CF0F76B0C9C80BF.d.A785ED9365FDBE7B90D833B98CADF4A2.e.7848"}]}
COMMAND: POST /session/47a0cfcb1b688bc57e33978b59aaa3c6/execute/sync - {"script":"<script> [5351 bytes]","args":[{"element-6066-11e4-a52e-4f735466cecf":"f.B7EBD3B9E1BF342B1CF0F76B0C9C80BF.d.A785ED9365FDBE7B90D833B98CADF4A2.e.7848","ELEMENT":"f.B7EBD3B9E1BF342B1CF0F76B0C9C80BF.d.A785ED9365FDBE7B90D833B98CADF4A2.e.7848"}]}
COMMAND: GET /session/47a0cfcb1b688bc57e33978b59aaa3c6/screenshot - {}
RESULT: {"script":"<script> [5351 bytes]","args":[{"element-6066-11e4-a52e-4f735466cecf":"f.B7EBD3B9E1BF342B1CF0F76B0C9C80BF.d.A785ED9365FDBE7B90D833B98CADF4A2.e.7848","ELEMENT":"f.B7EBD3B9E1BF342B1CF0F76B0C9C80BF.d.A785ED9365FDBE7B90D833B98CADF4A2.e.7848"}]}
COMMAND: POST /session/47a0cfcb1b688bc57e33978b59aaa3c6/element - {"using":"css selector","value":"#shell-header-logo"}
COMMAND: GET /session/47a0cfcb1b688bc57e33978b59aaa3c6/screenshot - {}
RESULT: {}
RESULT: {"using":"css selector","value":"#shell-header-logo"}
COMMAND: POST /session/47a0cfcb1b688bc57e33978b59aaa3c6/element/f.B7EBD3B9E1BF342B1CF0F76B0C9C80BF.d.A785ED9365FDBE7B90D833B98CADF4A2.e.7848/click - {}
RESULT: {}
RESULT: {}
COMMAND: GET /session/47a0cfcb1b688bc57e33978b59aaa3c6/screenshot - {}
RESULT: {}
COMMAND: POST /session/47a0cfcb1b688bc57e33978b59aaa3c6/execute/async - {"script":"<script> [189 bytes]","args":[]}
RESULT: {"script":"<script> [189 bytes]","args":[]}
COMMAND: POST /session/47a0cfcb1b688bc57e33978b59aaa3c6/execute/async - {"script":"<script> [123 bytes]","args":[]}
RESULT: {"script":"<script> [123 bytes]","args":[]}
COMMAND: POST /session/47a0cfcb1b688bc57e33978b59aaa3c6/timeouts - {"script":"<number>"}
RESULT: {"script":"<number>"}
COMMAND: GET /session/47a0cfcb1b688bc57e33978b59aaa3c6/timeouts - {}
RESULT: {}
RESULT: undefined
COMMAND: POST /session/47a0cfcb1b688bc57e33978b59aaa3c6/execute/async - {"script":"<script> [2676 bytes]","args":[]}
RESULT: {"script":"<script> [2676 bytes]","args":[]}
COMMAND: POST /session/47a0cfcb1b688bc57e33978b59aaa3c6/execute/async - {"script":"<script> [2342 bytes]","args":[{"protocol":"http","hostname":"0.0.0.0","path":"/","capabilities":{"browserName":"chrome","goog:chromeOptions":{"binary":"C:\\Program Files\\Google\\Chrome\\Application\\chrome.exe","args":["--start-maximized"]}},"logLevel":"warn","connectionRetryTimeout":120000,"connectionRetryCount":3,"logLevels":{},"enableDirectConnect":true,"strictSSL":true,"_":"65 more keys: [\"cacheDir\",\"port\",\"requestedCapabilities\",\"automationProtocol\",\"baseUrl\",\"waitforInterval\",\"waitforTimeout\",\"onReload\",\"beforeCommand\",\"afterCommand\",\"rootDir\",\"specs\",\"suites\",\"exclude\",\"groupLogsByTestSpec\",\"excludeDriverLogs\",\"bail\",\"framework\",\"reporters\",\"services\",\"maxInstances\",\"maxInstancesPerCapability\",\"injectGlobals\",\"filesToWatch\",\"execArgv\",\"runnerEnv\",\"runner\",\"shard\",\"specFileRetries\",\"specFileRetriesDelay\",\"specFileRetriesDeferred\",\"reporterSyncInterval\",\"reporterSyncTimeout\",\"cucumberFeaturesWithLineNumbers\",\"autoCompileOpts\",\"mochaOpts\",\"jasmineOpts\",\"cucumberOpts\",\"onPrepare\",\"onWorkerStart\",\"onWorkerEnd\",\"before\",\"beforeSession\",\"beforeSuite\",\"beforeHook\",\"beforeTest\",\"afterTest\",\"afterHook\",\"afterSuite\",\"afterSession\",\"after\",\"onComplete\",\"beforeAssertion\",\"afterAssertion\",\"beforeFeature\",\"beforeScenario\",\"beforeStep\",\"afterStep\",\"afterScenario\",\"afterFeature\",\"_\",\"suite\",\"$0\",\"ignoredWorkerServices\",\"wdi5\"]"}]}
RESULT: {"script":"<script> [2342 bytes]","args":[{"protocol":"http","hostname":"0.0.0.0","path":"/","capabilities":{"browserName":"chrome","goog:chromeOptions":{"binary":"C:\\Program Files\\Google\\Chrome\\Application\\chrome.exe","args":["--start-maximized"]}},"logLevel":"warn","connectionRetryTimeout":120000,"connectionRetryCount":3,"logLevels":{},"enableDirectConnect":true,"strictSSL":true,"_":"65 more keys: [\"cacheDir\",\"port\",\"requestedCapabilities\",\"automationProtocol\",\"baseUrl\",\"waitforInterval\",\"waitforTimeout\",\"onReload\",\"beforeCommand\",\"afterCommand\",\"rootDir\",\"specs\",\"suites\",\"exclude\",\"groupLogsByTestSpec\",\"excludeDriverLogs\",\"bail\",\"framework\",\"reporters\",\"services\",\"maxInstances\",\"maxInstancesPerCapability\",\"injectGlobals\",\"filesToWatch\",\"execArgv\",\"runnerEnv\",\"runner\",\"shard\",\"specFileRetries\",\"specFileRetriesDelay\",\"specFileRetriesDeferred\",\"reporterSyncInterval\",\"reporterSyncTimeout\",\"cucumberFeaturesWithLineNumbers\",\"autoCompileOpts\",\"mochaOpts\",\"jasmineOpts\",\"cucumberOpts\",\"onPrepare\",\"onWorkerStart\",\"onWorkerEnd\",\"before\",\"beforeSession\",\"beforeSuite\",\"beforeHook\",\"beforeTest\",\"afterTest\",\"afterHook\",\"afterSuite\",\"afterSession\",\"after\",\"onComplete\",\"beforeAssertion\",\"afterAssertion\",\"beforeFeature\",\"beforeScenario\",\"beforeStep\",\"afterStep\",\"afterScenario\",\"afterFeature\",\"_\",\"suite\",\"$0\",\"ignoredWorkerServices\",\"wdi5\"]"}]}
COMMAND: POST /session/47a0cfcb1b688bc57e33978b59aaa3c6/execute/async - {"script":"<script> [21126 bytes]","args":[35000]}
RESULT: {"script":"<script> [21126 bytes]","args":[35000]}
COMMAND: POST /session/47a0cfcb1b688bc57e33978b59aaa3c6/window/maximize - {}
RESULT: {}
COMMAND: POST /session/47a0cfcb1b688bc57e33978b59aaa3c6/execute/async - {"script":"<script> [1562 bytes]","args":[{"selector":{"id":"shell-header","interaction":{"idSuffix":"icon"}},"wdio_ui5_key":"shellheader"}]}
COMMAND: GET /session/47a0cfcb1b688bc57e33978b59aaa3c6/screenshot - {}
RESULT: {"script":"<script> [1562 bytes]","args":[{"selector":{"id":"shell-header","interaction":{"idSuffix":"icon"}},"wdio_ui5_key":"shellheader"}]}
RESULT: undefined
COMMAND: POST /session/47a0cfcb1b688bc57e33978b59aaa3c6/window/fullscreen - {}
RESULT: {}
RESULT: {}
]]></system-out>
    </testcase>
  </testsuite>
  <testsuite timestamp="2025-05-20T16:47:13" time="156.146" tests="6" failures="1" errors="1" skipped="0">
    <properties>
      <property name="specId" value="0" />
      <property name="suiteName" value="Provide to Site w/ warehouse management w/o clarification US113782 " />
      <property name="capabilities" value="chrome.136_0_7103_93.windows" />
      <property name="file" value="file:///D:/a/1/s/test/specs/HTR/provide-to-site-w-warehouse-wo-clarification.spec.js" />
    </properties>
    <testcase classname="chrome.136_0_7103_93.windows.Provide_to_Site_w/_warehouse_management_w/o_clarification_US113782_" name="Should create a new WHM yard" time="0.027">
      <system-out><![CDATA[
COMMAND: POST /session/47a0cfcb1b688bc57e33978b59aaa3c6/window/fullscreen - {}
RESULT: {}
]]></system-out>
    </testcase>
    <testcase classname="chrome.136_0_7103_93.windows.Provide_to_Site_w/_warehouse_management_w/o_clarification_US113782_" name="Should create a new external WHM partner" time="0.006" />
    <testcase classname="chrome.136_0_7103_93.windows.Provide_to_Site_w/_warehouse_management_w/o_clarification_US113782_" name="Should create a new WHM site" time="0.005" />
    <testcase classname="chrome.136_0_7103_93.windows.Provide_to_Site_w/_warehouse_management_w/o_clarification_US113782_" name="Bin Status Report Should Create New Organization yard" time="0.004" />
    <testcase classname="chrome.136_0_7103_93.windows.Provide_to_Site_w/_warehouse_management_w/o_clarification_US113782_" name="Bin Status Report Should Create New Organization for Site" time="0.004" />
  </testsuite>
  <testsuite timestamp="2025-05-20T16:49:49" time="280.096" tests="5" failures="5" errors="5" skipped="0">
    <properties>
      <property name="specId" value="0" />
      <property name="suiteName" value="Provide to Site w/ warehouse management wo clarification" />
      <property name="capabilities" value="chrome.136_0_7103_93.windows" />
      <property name="file" value="file:///D:/a/1/s/test/specs/HTR/provide-to-site-w-warehouse-wo-clarification.spec.js" />
    </properties>
  </testsuite>
  <testsuite timestamp="2025-05-20T16:54:29" time="518.134" tests="4" failures="0" errors="0" skipped="0">
    <properties>
      <property name="specId" value="0" />
      <property name="suiteName" value="Provide to Site w/o warehouse management w/ clarification US116605" />
      <property name="capabilities" value="chrome.136_0_7103_93.windows" />
      <property name="file" value="file:///D:/a/1/s/test/specs/HTR/provide-to-site-wo-warehouse-w-clarification.spec.js" />
    </properties>
    <testcase classname="chrome.136_0_7103_93.windows.Provide_to_Site_w/o_warehouse_management_w/_clarification_US116605" name="Should create a new yard" time="123.521">
      <system-out><![CDATA[
COMMAND: POST /session/47a0cfcb1b688bc57e33978b59aaa3c6/window/fullscreen - {}
RESULT: {}
COMMAND: POST /session/47a0cfcb1b688bc57e33978b59aaa3c6/execute/async - {"script":"<script> [1562 bytes]","args":[{"selector":{"controlType":"sap.m.GenericTile","properties":{"header":"Manage Yards"}},"wdio_ui5_key":"sapm.GenericTile{\"header\":\"Manage Yards\"}"}]}
RESULT: {"script":"<script> [1562 bytes]","args":[{"selector":{"controlType":"sap.m.GenericTile","properties":{"header":"Manage Yards"}},"wdio_ui5_key":"sapm.GenericTile{\"header\":\"Manage Yards\"}"}]}
RESULT: undefined
COMMAND: POST /session/47a0cfcb1b688bc57e33978b59aaa3c6/element - {"using":"xpath","value":"//*[@id=\"__tile33\"]"}
RESULT: {"using":"xpath","value":"//*[@id=\"__tile33\"]"}
COMMAND: POST /session/47a0cfcb1b688bc57e33978b59aaa3c6/element/f.B7EBD3B9E1BF342B1CF0F76B0C9C80BF.d.1CD6B060E664577D3AEC3D0BB0843355.e.8497/click - {}
RESULT: {}
COMMAND: GET /session/47a0cfcb1b688bc57e33978b59aaa3c6/screenshot - {}
RESULT: {}
COMMAND: POST /session/47a0cfcb1b688bc57e33978b59aaa3c6/elements - {"using":"xpath","value":"//span[text()='Error']"}
RESULT: {"using":"xpath","value":"//span[text()='Error']"}
COMMAND: POST /session/47a0cfcb1b688bc57e33978b59aaa3c6/element - {"using":"xpath","value":"//button[@data-kt=\"addNewYardOverflowToolbarButton\"]"}
RESULT: {"using":"xpath","value":"//button[@data-kt=\"addNewYardOverflowToolbarButton\"]"}
COMMAND: POST /session/47a0cfcb1b688bc57e33978b59aaa3c6/elements - {"using":"xpath","value":"//button[@data-kt=\"addNewYardOverflowToolbarButton\"]"}
RESULT: {"using":"xpath","value":"//button[@data-kt=\"addNewYardOverflowToolbarButton\"]"}
COMMAND: POST /session/47a0cfcb1b688bc57e33978b59aaa3c6/execute/sync - {"script":"<script> [8489 bytes]","args":[{"element-6066-11e4-a52e-4f735466cecf":"f.B7EBD3B9E1BF342B1CF0F76B0C9C80BF.d.1CD6B060E664577D3AEC3D0BB0843355.e.8633","ELEMENT":"f.B7EBD3B9E1BF342B1CF0F76B0C9C80BF.d.1CD6B060E664577D3AEC3D0BB0843355.e.8633"}]}
RESULT: {"script":"<script> [8489 bytes]","args":[{"element-6066-11e4-a52e-4f735466cecf":"f.B7EBD3B9E1BF342B1CF0F76B0C9C80BF.d.1CD6B060E664577D3AEC3D0BB0843355.e.8633","ELEMENT":"f.B7EBD3B9E1BF342B1CF0F76B0C9C80BF.d.1CD6B060E664577D3AEC3D0BB0843355.e.8633"}]}
COMMAND: GET /session/47a0cfcb1b688bc57e33978b59aaa3c6/element/f.B7EBD3B9E1BF342B1CF0F76B0C9C80BF.d.1CD6B060E664577D3AEC3D0BB0843355.e.8633/enabled - {}
COMMAND: GET /session/47a0cfcb1b688bc57e33978b59aaa3c6/screenshot - {}
RESULT: {}
COMMAND: POST /session/47a0cfcb1b688bc57e33978b59aaa3c6/execute/sync - {"script":"<script> [8489 bytes]","args":[{"element-6066-11e4-a52e-4f735466cecf":"f.B7EBD3B9E1BF342B1CF0F76B0C9C80BF.d.1CD6B060E664577D3AEC3D0BB0843355.e.8633","ELEMENT":"f.B7EBD3B9E1BF342B1CF0F76B0C9C80BF.d.1CD6B060E664577D3AEC3D0BB0843355.e.8633"}]}
COMMAND: GET /session/47a0cfcb1b688bc57e33978b59aaa3c6/screenshot - {}
RESULT: {}
RESULT: {"script":"<script> [8489 bytes]","args":[{"element-6066-11e4-a52e-4f735466cecf":"f.B7EBD3B9E1BF342B1CF0F76B0C9C80BF.d.1CD6B060E664577D3AEC3D0BB0843355.e.8633","ELEMENT":"f.B7EBD3B9E1BF342B1CF0F76B0C9C80BF.d.1CD6B060E664577D3AEC3D0BB0843355.e.8633"}]}
COMMAND: POST /session/47a0cfcb1b688bc57e33978b59aaa3c6/execute/sync - {"script":"<script> [5351 bytes]","args":[{"element-6066-11e4-a52e-4f735466cecf":"f.B7EBD3B9E1BF342B1CF0F76B0C9C80BF.d.1CD6B060E664577D3AEC3D0BB0843355.e.8633","ELEMENT":"f.B7EBD3B9E1BF342B1CF0F76B0C9C80BF.d.1CD6B060E664577D3AEC3D0BB0843355.e.8633"}]}
COMMAND: GET /session/47a0cfcb1b688bc57e33978b59aaa3c6/screenshot - {}
RESULT: {}
RESULT: {"script":"<script> [5351 bytes]","args":[{"element-6066-11e4-a52e-4f735466cecf":"f.B7EBD3B9E1BF342B1CF0F76B0C9C80BF.d.1CD6B060E664577D3AEC3D0BB0843355.e.8633","ELEMENT":"f.B7EBD3B9E1BF342B1CF0F76B0C9C80BF.d.1CD6B060E664577D3AEC3D0BB0843355.e.8633"}]}
COMMAND: POST /session/47a0cfcb1b688bc57e33978b59aaa3c6/element/f.B7EBD3B9E1BF342B1CF0F76B0C9C80BF.d.1CD6B060E664577D3AEC3D0BB0843355.e.8633/click - {}
COMMAND: GET /session/47a0cfcb1b688bc57e33978b59aaa3c6/screenshot - {}
RESULT: {}
RESULT: {}
COMMAND: GET /session/47a0cfcb1b688bc57e33978b59aaa3c6/screenshot - {}
COMMAND: POST /session/47a0cfcb1b688bc57e33978b59aaa3c6/element - {"using":"xpath","value":"//input[@id=\"application-manageyards-display-component---NewYard--yardId-inner\"]"}
RESULT: {}
RESULT: {}
RESULT: {"using":"xpath","value":"//input[@id=\"application-manageyards-display-component---NewYard--yardId-inner\"]"}
COMMAND: POST /session/47a0cfcb1b688bc57e33978b59aaa3c6/element - {"using":"xpath","value":"//input[@id=\"application-manageyards-display-component---NewYard--yardId-inner\"]"}
RESULT: {"using":"xpath","value":"//input[@id=\"application-manageyards-display-component---NewYard--yardId-inner\"]"}
COMMAND: POST /session/47a0cfcb1b688bc57e33978b59aaa3c6/execute/async - {"script":"<script> [1562 bytes]","args":[{"selector":{"id":"application-manageyards-display-component---NewYard--addressDetailDetailsName1","interaction":{"idSuffix":"inner"}},"wdio_ui5_key":"applicationmanageyards-display-component---NewYard--addressDetailDetailsName1"}]}
RESULT: {"script":"<script> [1562 bytes]","args":[{"selector":{"id":"application-manageyards-display-component---NewYard--addressDetailDetailsName1","interaction":{"idSuffix":"inner"}},"wdio_ui5_key":"applicationmanageyards-display-component---NewYard--addressDetailDetailsName1"}]}
RESULT: undefined
COMMAND: POST /session/47a0cfcb1b688bc57e33978b59aaa3c6/execute/async - {"script":"<script> [776 bytes]","args":[{"enterText":"Other Yard WDIO","selector":{"id":"application-manageyards-display-component---NewYard--addressDetailDetailsName1","interaction":{"idSuffix":"inner"}},"clearTextFirst":true,"interactionType":"ENTER_TEXT"}]}
RESULT: {"script":"<script> [776 bytes]","args":[{"enterText":"Other Yard WDIO","selector":{"id":"application-manageyards-display-component---NewYard--addressDetailDetailsName1","interaction":{"idSuffix":"inner"}},"clearTextFirst":true,"interactionType":"ENTER_TEXT"}]}
COMMAND: POST /session/47a0cfcb1b688bc57e33978b59aaa3c6/execute/async - {"script":"<script> [1562 bytes]","args":[{"selector":{"id":"application-manageyards-display-component---NewYard--addressDetailDetailsLanguage-arrow"},"wdio_ui5_key":"applicationmanageyards-display-component---NewYard--addressDetailDetailsLanguage-arrow"}]}
RESULT: {"script":"<script> [1562 bytes]","args":[{"selector":{"id":"application-manageyards-display-component---NewYard--addressDetailDetailsLanguage-arrow"},"wdio_ui5_key":"applicationmanageyards-display-component---NewYard--addressDetailDetailsLanguage-arrow"}]}
RESULT: undefined
COMMAND: POST /session/47a0cfcb1b688bc57e33978b59aaa3c6/element - {"using":"xpath","value":"//*[@id=\"application-manageyards-display-component---NewYard--addressDetailDetailsLanguage-arrow\"]"}
RESULT: {"using":"xpath","value":"//*[@id=\"application-manageyards-display-component---NewYard--addressDetailDetailsLanguage-arrow\"]"}
COMMAND: POST /session/47a0cfcb1b688bc57e33978b59aaa3c6/element/f.B7EBD3B9E1BF342B1CF0F76B0C9C80BF.d.1CD6B060E664577D3AEC3D0BB0843355.e.9065/click - {}
RESULT: {}
COMMAND: POST /session/47a0cfcb1b688bc57e33978b59aaa3c6/element - {"using":"xpath","value":"//span[contains(text(), \"English\")]"}
COMMAND: GET /session/47a0cfcb1b688bc57e33978b59aaa3c6/screenshot - {}
RESULT: {"using":"xpath","value":"//span[contains(text(), \"English\")]"}
COMMAND: POST /session/47a0cfcb1b688bc57e33978b59aaa3c6/element/f.B7EBD3B9E1BF342B1CF0F76B0C9C80BF.d.1CD6B060E664577D3AEC3D0BB0843355.e.9066/click - {}
RESULT: {}
RESULT: {}
COMMAND: POST /session/47a0cfcb1b688bc57e33978b59aaa3c6/execute/async - {"script":"<script> [1562 bytes]","args":[{"selector":{"id":"application-manageyards-display-component---NewYard--addressDetailDetailsCity1","interaction":{"idSuffix":"inner"}},"wdio_ui5_key":"applicationmanageyards-display-component---NewYard--addressDetailDetailsCity1"}]}
COMMAND: GET /session/47a0cfcb1b688bc57e33978b59aaa3c6/screenshot - {}
RESULT: {"script":"<script> [1562 bytes]","args":[{"selector":{"id":"application-manageyards-display-component---NewYard--addressDetailDetailsCity1","interaction":{"idSuffix":"inner"}},"wdio_ui5_key":"applicationmanageyards-display-component---NewYard--addressDetailDetailsCity1"}]}
RESULT: undefined
COMMAND: POST /session/47a0cfcb1b688bc57e33978b59aaa3c6/execute/async - {"script":"<script> [776 bytes]","args":[{"enterText":"Rosario","selector":{"id":"application-manageyards-display-component---NewYard--addressDetailDetailsCity1","interaction":{"idSuffix":"inner"}},"clearTextFirst":true,"interactionType":"ENTER_TEXT"}]}
RESULT: {}
RESULT: {"script":"<script> [776 bytes]","args":[{"enterText":"Rosario","selector":{"id":"application-manageyards-display-component---NewYard--addressDetailDetailsCity1","interaction":{"idSuffix":"inner"}},"clearTextFirst":true,"interactionType":"ENTER_TEXT"}]}
COMMAND: POST /session/47a0cfcb1b688bc57e33978b59aaa3c6/execute/async - {"script":"<script> [1562 bytes]","args":[{"selector":{"id":"application-manageyards-display-component---NewYard--addressDetailDetailsCountry-arrow"},"wdio_ui5_key":"applicationmanageyards-display-component---NewYard--addressDetailDetailsCountry-arrow"}]}
RESULT: {"script":"<script> [1562 bytes]","args":[{"selector":{"id":"application-manageyards-display-component---NewYard--addressDetailDetailsCountry-arrow"},"wdio_ui5_key":"applicationmanageyards-display-component---NewYard--addressDetailDetailsCountry-arrow"}]}
RESULT: undefined
COMMAND: POST /session/47a0cfcb1b688bc57e33978b59aaa3c6/element - {"using":"xpath","value":"//*[@id=\"application-manageyards-display-component---NewYard--addressDetailDetailsCountry-arrow\"]"}
RESULT: {"using":"xpath","value":"//*[@id=\"application-manageyards-display-component---NewYard--addressDetailDetailsCountry-arrow\"]"}
COMMAND: POST /session/47a0cfcb1b688bc57e33978b59aaa3c6/element/f.B7EBD3B9E1BF342B1CF0F76B0C9C80BF.d.1CD6B060E664577D3AEC3D0BB0843355.e.9068/click - {}
RESULT: {}
COMMAND: POST /session/47a0cfcb1b688bc57e33978b59aaa3c6/element - {"using":"xpath","value":"//span[contains(text(), \"Argentina\")]"}
COMMAND: GET /session/47a0cfcb1b688bc57e33978b59aaa3c6/screenshot - {}
RESULT: {"using":"xpath","value":"//span[contains(text(), \"Argentina\")]"}
COMMAND: POST /session/47a0cfcb1b688bc57e33978b59aaa3c6/element/f.B7EBD3B9E1BF342B1CF0F76B0C9C80BF.d.1CD6B060E664577D3AEC3D0BB0843355.e.9069/click - {}
RESULT: {}
RESULT: {}
COMMAND: POST /session/47a0cfcb1b688bc57e33978b59aaa3c6/execute/async - {"script":"<script> [1562 bytes]","args":[{"selector":{"id":"application-manageyards-display-component---NewYard--addressEditDetailsCostObjectCstType-arrow"},"wdio_ui5_key":"applicationmanageyards-display-component---NewYard--addressEditDetailsCostObjectCstType-arrow"}]}
COMMAND: GET /session/47a0cfcb1b688bc57e33978b59aaa3c6/screenshot - {}
RESULT: {"script":"<script> [1562 bytes]","args":[{"selector":{"id":"application-manageyards-display-component---NewYard--addressEditDetailsCostObjectCstType-arrow"},"wdio_ui5_key":"applicationmanageyards-display-component---NewYard--addressEditDetailsCostObjectCstType-arrow"}]}
RESULT: undefined
COMMAND: POST /session/47a0cfcb1b688bc57e33978b59aaa3c6/element - {"using":"xpath","value":"//*[@id=\"application-manageyards-display-component---NewYard--addressEditDetailsCostObjectCstType-arrow\"]"}
RESULT: {}
RESULT: {"using":"xpath","value":"//*[@id=\"application-manageyards-display-component---NewYard--addressEditDetailsCostObjectCstType-arrow\"]"}
COMMAND: POST /session/47a0cfcb1b688bc57e33978b59aaa3c6/element/f.B7EBD3B9E1BF342B1CF0F76B0C9C80BF.d.1CD6B060E664577D3AEC3D0BB0843355.e.9071/click - {}
RESULT: {}
COMMAND: POST /session/47a0cfcb1b688bc57e33978b59aaa3c6/element - {"using":"xpath","value":"//span[contains(text(), \"Cost Center\")]"}
COMMAND: GET /session/47a0cfcb1b688bc57e33978b59aaa3c6/screenshot - {}
RESULT: {"using":"xpath","value":"//span[contains(text(), \"Cost Center\")]"}
COMMAND: POST /session/47a0cfcb1b688bc57e33978b59aaa3c6/element/f.B7EBD3B9E1BF342B1CF0F76B0C9C80BF.d.1CD6B060E664577D3AEC3D0BB0843355.e.9072/click - {}
RESULT: {}
RESULT: {}
COMMAND: GET /session/47a0cfcb1b688bc57e33978b59aaa3c6/screenshot - {}
RESULT: {}
COMMAND: POST /session/47a0cfcb1b688bc57e33978b59aaa3c6/element - {"using":"xpath","value":"//span[@id=\"application-manageyards-display-component---NewYard--addressNewCostObjectCstID-vhi\"]"}
RESULT: {"using":"xpath","value":"//span[@id=\"application-manageyards-display-component---NewYard--addressNewCostObjectCstID-vhi\"]"}
COMMAND: POST /session/47a0cfcb1b688bc57e33978b59aaa3c6/execute/sync - {"script":"<script> [8489 bytes]","args":[{"element-6066-11e4-a52e-4f735466cecf":"f.B7EBD3B9E1BF342B1CF0F76B0C9C80BF.d.1CD6B060E664577D3AEC3D0BB0843355.e.9076","ELEMENT":"f.B7EBD3B9E1BF342B1CF0F76B0C9C80BF.d.1CD6B060E664577D3AEC3D0BB0843355.e.9076"}]}
RESULT: {"script":"<script> [8489 bytes]","args":[{"element-6066-11e4-a52e-4f735466cecf":"f.B7EBD3B9E1BF342B1CF0F76B0C9C80BF.d.1CD6B060E664577D3AEC3D0BB0843355.e.9076","ELEMENT":"f.B7EBD3B9E1BF342B1CF0F76B0C9C80BF.d.1CD6B060E664577D3AEC3D0BB0843355.e.9076"}]}
COMMAND: POST /session/47a0cfcb1b688bc57e33978b59aaa3c6/execute/async - {"script":"<script> [1562 bytes]","args":[{"selector":{"id":"application-manageyards-display-component---NewYard--addressNewCostObjectCstID-vhi"},"wdio_ui5_key":"applicationmanageyards-display-component---NewYard--addressNewCostObjectCstID-vhi"}]}
COMMAND: GET /session/47a0cfcb1b688bc57e33978b59aaa3c6/screenshot - {}
RESULT: {"script":"<script> [1562 bytes]","args":[{"selector":{"id":"application-manageyards-display-component---NewYard--addressNewCostObjectCstID-vhi"},"wdio_ui5_key":"applicationmanageyards-display-component---NewYard--addressNewCostObjectCstID-vhi"}]}
RESULT: undefined
COMMAND: POST /session/47a0cfcb1b688bc57e33978b59aaa3c6/element - {"using":"xpath","value":"//*[@id=\"application-manageyards-display-component---NewYard--addressNewCostObjectCstID-vhi\"]"}
RESULT: {}
RESULT: {"using":"xpath","value":"//*[@id=\"application-manageyards-display-component---NewYard--addressNewCostObjectCstID-vhi\"]"}
COMMAND: POST /session/47a0cfcb1b688bc57e33978b59aaa3c6/element/f.B7EBD3B9E1BF342B1CF0F76B0C9C80BF.d.1CD6B060E664577D3AEC3D0BB0843355.e.9076/click - {}
RESULT: {}
COMMAND: GET /session/47a0cfcb1b688bc57e33978b59aaa3c6/screenshot - {}
RESULT: {}
COMMAND: POST /session/47a0cfcb1b688bc57e33978b59aaa3c6/execute/async - {"script":"<script> [1562 bytes]","args":[{"selector":{"controlType":"sap.m.SearchField","properties":{"placeholder":"Search"},"searchOpenDialogs":true,"interaction":{"idSuffix":"I"}},"wdio_ui5_key":"sapm.SearchField{\"placeholder\":\"Search\"}"}]}
RESULT: {"script":"<script> [1562 bytes]","args":[{"selector":{"controlType":"sap.m.SearchField","properties":{"placeholder":"Search"},"searchOpenDialogs":true,"interaction":{"idSuffix":"I"}},"wdio_ui5_key":"sapm.SearchField{\"placeholder\":\"Search\"}"}]}
RESULT: undefined
COMMAND: POST /session/47a0cfcb1b688bc57e33978b59aaa3c6/execute/async - {"script":"<script> [776 bytes]","args":[{"enterText":"bauh_b","selector":{"controlType":"sap.m.SearchField","properties":{"placeholder":"Search"},"searchOpenDialogs":true,"interaction":{"idSuffix":"I"}},"clearTextFirst":true,"interactionType":"ENTER_TEXT"}]}
RESULT: {"script":"<script> [776 bytes]","args":[{"enterText":"bauh_b","selector":{"controlType":"sap.m.SearchField","properties":{"placeholder":"Search"},"searchOpenDialogs":true,"interaction":{"idSuffix":"I"}},"clearTextFirst":true,"interactionType":"ENTER_TEXT"}]}
COMMAND: POST /session/47a0cfcb1b688bc57e33978b59aaa3c6/actions - {"actions":[{"id":"action31","type":"key","parameters":{},"actions":[{"type":"keyDown","value":"î€‡"},{"type":"pause","duration":10},{"type":"keyUp","value":"î€‡"}]}]}
RESULT: {"actions":[{"id":"action31","type":"key","parameters":{},"actions":[{"type":"keyDown","value":"î€‡"},{"type":"pause","duration":10},{"type":"keyUp","value":"î€‡"}]}]}
COMMAND: GET /session/47a0cfcb1b688bc57e33978b59aaa3c6/screenshot - {}
RESULT: {}
COMMAND: POST /session/47a0cfcb1b688bc57e33978b59aaa3c6/element - {"using":"xpath","value":"//span[contains(text(), \"Demo Yard\")]"}
RESULT: {"using":"xpath","value":"//span[contains(text(), \"Demo Yard\")]"}
COMMAND: POST /session/47a0cfcb1b688bc57e33978b59aaa3c6/element/f.B7EBD3B9E1BF342B1CF0F76B0C9C80BF.d.1CD6B060E664577D3AEC3D0BB0843355.e.9118/click - {}
RESULT: {}
COMMAND: GET /session/47a0cfcb1b688bc57e33978b59aaa3c6/screenshot - {}
RESULT: {}
COMMAND: POST /session/47a0cfcb1b688bc57e33978b59aaa3c6/element - {"using":"xpath","value":"//bdi[contains(text(), \"OK\")]"}
RESULT: {"using":"xpath","value":"//bdi[contains(text(), \"OK\")]"}
COMMAND: POST /session/47a0cfcb1b688bc57e33978b59aaa3c6/element/f.B7EBD3B9E1BF342B1CF0F76B0C9C80BF.d.1CD6B060E664577D3AEC3D0BB0843355.e.9119/click - {}
RESULT: {}
COMMAND: GET /session/47a0cfcb1b688bc57e33978b59aaa3c6/screenshot - {}
RESULT: {}
COMMAND: POST /session/47a0cfcb1b688bc57e33978b59aaa3c6/execute/async - {"script":"<script> [1562 bytes]","args":[{"selector":{"id":"application-manageyards-display-component---NewYard--addressEditDetailsCurrency-arrow"},"wdio_ui5_key":"applicationmanageyards-display-component---NewYard--addressEditDetailsCurrency-arrow"}]}
RESULT: {"script":"<script> [1562 bytes]","args":[{"selector":{"id":"application-manageyards-display-component---NewYard--addressEditDetailsCurrency-arrow"},"wdio_ui5_key":"applicationmanageyards-display-component---NewYard--addressEditDetailsCurrency-arrow"}]}
RESULT: undefined
COMMAND: POST /session/47a0cfcb1b688bc57e33978b59aaa3c6/element - {"using":"xpath","value":"//*[@id=\"application-manageyards-display-component---NewYard--addressEditDetailsCurrency-arrow\"]"}
RESULT: {"using":"xpath","value":"//*[@id=\"application-manageyards-display-component---NewYard--addressEditDetailsCurrency-arrow\"]"}
COMMAND: POST /session/47a0cfcb1b688bc57e33978b59aaa3c6/element/f.B7EBD3B9E1BF342B1CF0F76B0C9C80BF.d.1CD6B060E664577D3AEC3D0BB0843355.e.9122/click - {}
RESULT: {}
COMMAND: POST /session/47a0cfcb1b688bc57e33978b59aaa3c6/element - {"using":"xpath","value":"//span[contains(text(), \"Euro\")]"}
COMMAND: GET /session/47a0cfcb1b688bc57e33978b59aaa3c6/screenshot - {}
RESULT: {"using":"xpath","value":"//span[contains(text(), \"Euro\")]"}
COMMAND: POST /session/47a0cfcb1b688bc57e33978b59aaa3c6/element/f.B7EBD3B9E1BF342B1CF0F76B0C9C80BF.d.1CD6B060E664577D3AEC3D0BB0843355.e.9123/click - {}
RESULT: {}
RESULT: {}
COMMAND: POST /session/47a0cfcb1b688bc57e33978b59aaa3c6/execute/async - {"script":"<script> [1562 bytes]","args":[{"selector":{"controlType":"sap.m.Input","viewName":"etm.portal.ui.manageyards.view.New","viewId":"application-manageyards-display-component---NewYard","bindingPath":{"path":"","propertyPath":"/CONTROLLING_AREA","modelName":"NewYardModel"},"interaction":{"idSuffix":"inner"}},"wdio_ui5_key":"etmportal.ui.manageyards.view.Newsap.m.Input{\"path\":\"\",\"propertyPath\":\"/CONTROLLING_AREA\",\"modelName\":\"NewYardModel\"}"}]}
COMMAND: GET /session/47a0cfcb1b688bc57e33978b59aaa3c6/screenshot - {}
RESULT: {"script":"<script> [1562 bytes]","args":[{"selector":{"controlType":"sap.m.Input","viewName":"etm.portal.ui.manageyards.view.New","viewId":"application-manageyards-display-component---NewYard","bindingPath":{"path":"","propertyPath":"/CONTROLLING_AREA","modelName":"NewYardModel"},"interaction":{"idSuffix":"inner"}},"wdio_ui5_key":"etmportal.ui.manageyards.view.Newsap.m.Input{\"path\":\"\",\"propertyPath\":\"/CONTROLLING_AREA\",\"modelName\":\"NewYardModel\"}"}]}
RESULT: undefined
COMMAND: POST /session/47a0cfcb1b688bc57e33978b59aaa3c6/execute/async - {"script":"<script> [776 bytes]","args":[{"enterText":"Z001","selector":{"controlType":"sap.m.Input","viewName":"etm.portal.ui.manageyards.view.New","viewId":"application-manageyards-display-component---NewYard","bindingPath":{"path":"","propertyPath":"/CONTROLLING_AREA","modelName":"NewYardModel"},"interaction":{"idSuffix":"inner"}},"clearTextFirst":true,"interactionType":"ENTER_TEXT"}]}
RESULT: {}
RESULT: {"script":"<script> [776 bytes]","args":[{"enterText":"Z001","selector":{"controlType":"sap.m.Input","viewName":"etm.portal.ui.manageyards.view.New","viewId":"application-manageyards-display-component---NewYard","bindingPath":{"path":"","propertyPath":"/CONTROLLING_AREA","modelName":"NewYardModel"},"interaction":{"idSuffix":"inner"}},"clearTextFirst":true,"interactionType":"ENTER_TEXT"}]}
COMMAND: POST /session/47a0cfcb1b688bc57e33978b59aaa3c6/execute/async - {"script":"<script> [1562 bytes]","args":[{"selector":{"id":"application-manageyards-display-component---NewYard--companyCodeComboBox","interaction":{"idSuffix":"inner"}},"wdio_ui5_key":"applicationmanageyards-display-component---NewYard--companyCodeComboBox"}]}
RESULT: {"script":"<script> [1562 bytes]","args":[{"selector":{"id":"application-manageyards-display-component---NewYard--companyCodeComboBox","interaction":{"idSuffix":"inner"}},"wdio_ui5_key":"applicationmanageyards-display-component---NewYard--companyCodeComboBox"}]}
RESULT: undefined
COMMAND: POST /session/47a0cfcb1b688bc57e33978b59aaa3c6/execute/async - {"script":"<script> [776 bytes]","args":[{"enterText":"1000","selector":{"id":"application-manageyards-display-component---NewYard--companyCodeComboBox","interaction":{"idSuffix":"inner"}},"clearTextFirst":true,"interactionType":"ENTER_TEXT"}]}
RESULT: {"script":"<script> [776 bytes]","args":[{"enterText":"1000","selector":{"id":"application-manageyards-display-component---NewYard--companyCodeComboBox","interaction":{"idSuffix":"inner"}},"clearTextFirst":true,"interactionType":"ENTER_TEXT"}]}
COMMAND: POST /session/47a0cfcb1b688bc57e33978b59aaa3c6/execute/async - {"script":"<script> [1562 bytes]","args":[{"selector":{"controlType":"sap.m.Input","viewName":"etm.portal.ui.manageyards.view.New","viewId":"application-manageyards-display-component---NewYard","bindingPath":{"path":"","propertyPath":"/PLANT","modelName":"NewYardModel"},"interaction":{"idSuffix":"inner"}},"wdio_ui5_key":"etmportal.ui.manageyards.view.Newsap.m.Input{\"path\":\"\",\"propertyPath\":\"/PLANT\",\"modelName\":\"NewYardModel\"}"}]}
RESULT: {"script":"<script> [1562 bytes]","args":[{"selector":{"controlType":"sap.m.Input","viewName":"etm.portal.ui.manageyards.view.New","viewId":"application-manageyards-display-component---NewYard","bindingPath":{"path":"","propertyPath":"/PLANT","modelName":"NewYardModel"},"interaction":{"idSuffix":"inner"}},"wdio_ui5_key":"etmportal.ui.manageyards.view.Newsap.m.Input{\"path\":\"\",\"propertyPath\":\"/PLANT\",\"modelName\":\"NewYardModel\"}"}]}
RESULT: undefined
COMMAND: POST /session/47a0cfcb1b688bc57e33978b59aaa3c6/execute/async - {"script":"<script> [776 bytes]","args":[{"enterText":"1001","selector":{"controlType":"sap.m.Input","viewName":"etm.portal.ui.manageyards.view.New","viewId":"application-manageyards-display-component---NewYard","bindingPath":{"path":"","propertyPath":"/PLANT","modelName":"NewYardModel"},"interaction":{"idSuffix":"inner"}},"clearTextFirst":true,"interactionType":"ENTER_TEXT"}]}
RESULT: {"script":"<script> [776 bytes]","args":[{"enterText":"1001","selector":{"controlType":"sap.m.Input","viewName":"etm.portal.ui.manageyards.view.New","viewId":"application-manageyards-display-component---NewYard","bindingPath":{"path":"","propertyPath":"/PLANT","modelName":"NewYardModel"},"interaction":{"idSuffix":"inner"}},"clearTextFirst":true,"interactionType":"ENTER_TEXT"}]}
COMMAND: POST /session/47a0cfcb1b688bc57e33978b59aaa3c6/execute/async - {"script":"<script> [1562 bytes]","args":[{"selector":{"controlType":"sap.m.Input","viewName":"etm.portal.ui.manageyards.view.New","viewId":"application-manageyards-display-component---NewYard","bindingPath":{"path":"","propertyPath":"/SALES_AREA_VKORG","modelName":"NewYardModel"},"interaction":{"idSuffix":"inner"}},"wdio_ui5_key":"etmportal.ui.manageyards.view.Newsap.m.Input{\"path\":\"\",\"propertyPath\":\"/SALES_AREA_VKORG\",\"modelName\":\"NewYardModel\"}"}]}
RESULT: {"script":"<script> [1562 bytes]","args":[{"selector":{"controlType":"sap.m.Input","viewName":"etm.portal.ui.manageyards.view.New","viewId":"application-manageyards-display-component---NewYard","bindingPath":{"path":"","propertyPath":"/SALES_AREA_VKORG","modelName":"NewYardModel"},"interaction":{"idSuffix":"inner"}},"wdio_ui5_key":"etmportal.ui.manageyards.view.Newsap.m.Input{\"path\":\"\",\"propertyPath\":\"/SALES_AREA_VKORG\",\"modelName\":\"NewYardModel\"}"}]}
RESULT: undefined
COMMAND: POST /session/47a0cfcb1b688bc57e33978b59aaa3c6/execute/async - {"script":"<script> [776 bytes]","args":[{"enterText":"C002","selector":{"controlType":"sap.m.Input","viewName":"etm.portal.ui.manageyards.view.New","viewId":"application-manageyards-display-component---NewYard","bindingPath":{"path":"","propertyPath":"/SALES_AREA_VKORG","modelName":"NewYardModel"},"interaction":{"idSuffix":"inner"}},"clearTextFirst":true,"interactionType":"ENTER_TEXT"}]}
RESULT: {"script":"<script> [776 bytes]","args":[{"enterText":"C002","selector":{"controlType":"sap.m.Input","viewName":"etm.portal.ui.manageyards.view.New","viewId":"application-manageyards-display-component---NewYard","bindingPath":{"path":"","propertyPath":"/SALES_AREA_VKORG","modelName":"NewYardModel"},"interaction":{"idSuffix":"inner"}},"clearTextFirst":true,"interactionType":"ENTER_TEXT"}]}
COMMAND: POST /session/47a0cfcb1b688bc57e33978b59aaa3c6/execute/async - {"script":"<script> [1562 bytes]","args":[{"selector":{"controlType":"sap.m.Input","viewName":"etm.portal.ui.manageyards.view.New","viewId":"application-manageyards-display-component---NewYard","bindingPath":{"path":"","propertyPath":"/SALES_AREA_VTWEG","modelName":"NewYardModel"},"interaction":{"idSuffix":"inner"}},"wdio_ui5_key":"etmportal.ui.manageyards.view.Newsap.m.Input{\"path\":\"\",\"propertyPath\":\"/SALES_AREA_VTWEG\",\"modelName\":\"NewYardModel\"}"}]}
RESULT: {"script":"<script> [1562 bytes]","args":[{"selector":{"controlType":"sap.m.Input","viewName":"etm.portal.ui.manageyards.view.New","viewId":"application-manageyards-display-component---NewYard","bindingPath":{"path":"","propertyPath":"/SALES_AREA_VTWEG","modelName":"NewYardModel"},"interaction":{"idSuffix":"inner"}},"wdio_ui5_key":"etmportal.ui.manageyards.view.Newsap.m.Input{\"path\":\"\",\"propertyPath\":\"/SALES_AREA_VTWEG\",\"modelName\":\"NewYardModel\"}"}]}
RESULT: undefined
COMMAND: POST /session/47a0cfcb1b688bc57e33978b59aaa3c6/execute/async - {"script":"<script> [776 bytes]","args":[{"enterText":"C2","selector":{"controlType":"sap.m.Input","viewName":"etm.portal.ui.manageyards.view.New","viewId":"application-manageyards-display-component---NewYard","bindingPath":{"path":"","propertyPath":"/SALES_AREA_VTWEG","modelName":"NewYardModel"},"interaction":{"idSuffix":"inner"}},"clearTextFirst":true,"interactionType":"ENTER_TEXT"}]}
RESULT: {"script":"<script> [776 bytes]","args":[{"enterText":"C2","selector":{"controlType":"sap.m.Input","viewName":"etm.portal.ui.manageyards.view.New","viewId":"application-manageyards-display-component---NewYard","bindingPath":{"path":"","propertyPath":"/SALES_AREA_VTWEG","modelName":"NewYardModel"},"interaction":{"idSuffix":"inner"}},"clearTextFirst":true,"interactionType":"ENTER_TEXT"}]}
COMMAND: POST /session/47a0cfcb1b688bc57e33978b59aaa3c6/execute/async - {"script":"<script> [1562 bytes]","args":[{"selector":{"controlType":"sap.m.Input","viewName":"etm.portal.ui.manageyards.view.New","viewId":"application-manageyards-display-component---NewYard","bindingPath":{"path":"","propertyPath":"/SALES_AREA_SPART","modelName":"NewYardModel"},"interaction":{"idSuffix":"inner"}},"wdio_ui5_key":"etmportal.ui.manageyards.view.Newsap.m.Input{\"path\":\"\",\"propertyPath\":\"/SALES_AREA_SPART\",\"modelName\":\"NewYardModel\"}"}]}
RESULT: {"script":"<script> [1562 bytes]","args":[{"selector":{"controlType":"sap.m.Input","viewName":"etm.portal.ui.manageyards.view.New","viewId":"application-manageyards-display-component---NewYard","bindingPath":{"path":"","propertyPath":"/SALES_AREA_SPART","modelName":"NewYardModel"},"interaction":{"idSuffix":"inner"}},"wdio_ui5_key":"etmportal.ui.manageyards.view.Newsap.m.Input{\"path\":\"\",\"propertyPath\":\"/SALES_AREA_SPART\",\"modelName\":\"NewYardModel\"}"}]}
RESULT: undefined
COMMAND: POST /session/47a0cfcb1b688bc57e33978b59aaa3c6/execute/async - {"script":"<script> [776 bytes]","args":[{"enterText":"C2","selector":{"controlType":"sap.m.Input","viewName":"etm.portal.ui.manageyards.view.New","viewId":"application-manageyards-display-component---NewYard","bindingPath":{"path":"","propertyPath":"/SALES_AREA_SPART","modelName":"NewYardModel"},"interaction":{"idSuffix":"inner"}},"clearTextFirst":true,"interactionType":"ENTER_TEXT"}]}
RESULT: {"script":"<script> [776 bytes]","args":[{"enterText":"C2","selector":{"controlType":"sap.m.Input","viewName":"etm.portal.ui.manageyards.view.New","viewId":"application-manageyards-display-component---NewYard","bindingPath":{"path":"","propertyPath":"/SALES_AREA_SPART","modelName":"NewYardModel"},"interaction":{"idSuffix":"inner"}},"clearTextFirst":true,"interactionType":"ENTER_TEXT"}]}
COMMAND: POST /session/47a0cfcb1b688bc57e33978b59aaa3c6/execute/async - {"script":"<script> [1562 bytes]","args":[{"selector":{"controlType":"sap.m.Input","viewName":"etm.portal.ui.manageyards.view.New","viewId":"application-manageyards-display-component---NewYard","bindingPath":{"path":"","propertyPath":"/SHIP_POINT","modelName":"NewYardModel"},"interaction":{"idSuffix":"inner"}},"wdio_ui5_key":"etmportal.ui.manageyards.view.Newsap.m.Input{\"path\":\"\",\"propertyPath\":\"/SHIP_POINT\",\"modelName\":\"NewYardModel\"}"}]}
RESULT: {"script":"<script> [1562 bytes]","args":[{"selector":{"controlType":"sap.m.Input","viewName":"etm.portal.ui.manageyards.view.New","viewId":"application-manageyards-display-component---NewYard","bindingPath":{"path":"","propertyPath":"/SHIP_POINT","modelName":"NewYardModel"},"interaction":{"idSuffix":"inner"}},"wdio_ui5_key":"etmportal.ui.manageyards.view.Newsap.m.Input{\"path\":\"\",\"propertyPath\":\"/SHIP_POINT\",\"modelName\":\"NewYardModel\"}"}]}
RESULT: undefined
COMMAND: POST /session/47a0cfcb1b688bc57e33978b59aaa3c6/execute/async - {"script":"<script> [776 bytes]","args":[{"enterText":"1710","selector":{"controlType":"sap.m.Input","viewName":"etm.portal.ui.manageyards.view.New","viewId":"application-manageyards-display-component---NewYard","bindingPath":{"path":"","propertyPath":"/SHIP_POINT","modelName":"NewYardModel"},"interaction":{"idSuffix":"inner"}},"clearTextFirst":true,"interactionType":"ENTER_TEXT"}]}
RESULT: {"script":"<script> [776 bytes]","args":[{"enterText":"1710","selector":{"controlType":"sap.m.Input","viewName":"etm.portal.ui.manageyards.view.New","viewId":"application-manageyards-display-component---NewYard","bindingPath":{"path":"","propertyPath":"/SHIP_POINT","modelName":"NewYardModel"},"interaction":{"idSuffix":"inner"}},"clearTextFirst":true,"interactionType":"ENTER_TEXT"}]}
COMMAND: POST /session/47a0cfcb1b688bc57e33978b59aaa3c6/execute/async - {"script":"<script> [1562 bytes]","args":[{"selector":{"controlType":"sap.m.Input","viewName":"etm.portal.ui.manageyards.view.New","viewId":"application-manageyards-display-component---NewYard","bindingPath":{"path":"","propertyPath":"/DELIVERY_TYPE","modelName":"NewYardModel"},"interaction":{"idSuffix":"inner"}},"wdio_ui5_key":"etmportal.ui.manageyards.view.Newsap.m.Input{\"path\":\"\",\"propertyPath\":\"/DELIVERY_TYPE\",\"modelName\":\"NewYardModel\"}"}]}
RESULT: {"script":"<script> [1562 bytes]","args":[{"selector":{"controlType":"sap.m.Input","viewName":"etm.portal.ui.manageyards.view.New","viewId":"application-manageyards-display-component---NewYard","bindingPath":{"path":"","propertyPath":"/DELIVERY_TYPE","modelName":"NewYardModel"},"interaction":{"idSuffix":"inner"}},"wdio_ui5_key":"etmportal.ui.manageyards.view.Newsap.m.Input{\"path\":\"\",\"propertyPath\":\"/DELIVERY_TYPE\",\"modelName\":\"NewYardModel\"}"}]}
RESULT: undefined
COMMAND: POST /session/47a0cfcb1b688bc57e33978b59aaa3c6/execute/async - {"script":"<script> [776 bytes]","args":[{"enterText":"ZL01","selector":{"controlType":"sap.m.Input","viewName":"etm.portal.ui.manageyards.view.New","viewId":"application-manageyards-display-component---NewYard","bindingPath":{"path":"","propertyPath":"/DELIVERY_TYPE","modelName":"NewYardModel"},"interaction":{"idSuffix":"inner"}},"clearTextFirst":true,"interactionType":"ENTER_TEXT"}]}
RESULT: {"script":"<script> [776 bytes]","args":[{"enterText":"ZL01","selector":{"controlType":"sap.m.Input","viewName":"etm.portal.ui.manageyards.view.New","viewId":"application-manageyards-display-component---NewYard","bindingPath":{"path":"","propertyPath":"/DELIVERY_TYPE","modelName":"NewYardModel"},"interaction":{"idSuffix":"inner"}},"clearTextFirst":true,"interactionType":"ENTER_TEXT"}]}
COMMAND: POST /session/47a0cfcb1b688bc57e33978b59aaa3c6/execute/async - {"script":"<script> [1562 bytes]","args":[{"selector":{"controlType":"sap.m.Input","viewName":"etm.portal.ui.manageyards.view.New","viewId":"application-manageyards-display-component---NewYard","bindingPath":{"path":"","propertyPath":"/AUART","modelName":"NewYardModel"},"interaction":{"idSuffix":"inner"}},"wdio_ui5_key":"etmportal.ui.manageyards.view.Newsap.m.Input{\"path\":\"\",\"propertyPath\":\"/AUART\",\"modelName\":\"NewYardModel\"}"}]}
RESULT: {"script":"<script> [1562 bytes]","args":[{"selector":{"controlType":"sap.m.Input","viewName":"etm.portal.ui.manageyards.view.New","viewId":"application-manageyards-display-component---NewYard","bindingPath":{"path":"","propertyPath":"/AUART","modelName":"NewYardModel"},"interaction":{"idSuffix":"inner"}},"wdio_ui5_key":"etmportal.ui.manageyards.view.Newsap.m.Input{\"path\":\"\",\"propertyPath\":\"/AUART\",\"modelName\":\"NewYardModel\"}"}]}
RESULT: undefined
COMMAND: POST /session/47a0cfcb1b688bc57e33978b59aaa3c6/execute/async - {"script":"<script> [776 bytes]","args":[{"enterText":"TA","selector":{"controlType":"sap.m.Input","viewName":"etm.portal.ui.manageyards.view.New","viewId":"application-manageyards-display-component---NewYard","bindingPath":{"path":"","propertyPath":"/AUART","modelName":"NewYardModel"},"interaction":{"idSuffix":"inner"}},"clearTextFirst":true,"interactionType":"ENTER_TEXT"}]}
RESULT: {"script":"<script> [776 bytes]","args":[{"enterText":"TA","selector":{"controlType":"sap.m.Input","viewName":"etm.portal.ui.manageyards.view.New","viewId":"application-manageyards-display-component---NewYard","bindingPath":{"path":"","propertyPath":"/AUART","modelName":"NewYardModel"},"interaction":{"idSuffix":"inner"}},"clearTextFirst":true,"interactionType":"ENTER_TEXT"}]}
COMMAND: POST /session/47a0cfcb1b688bc57e33978b59aaa3c6/element - {"using":"xpath","value":"//button[@data-kt=\"newYardSaveButton\"]"}
RESULT: {"using":"xpath","value":"//button[@data-kt=\"newYardSaveButton\"]"}
COMMAND: POST /session/47a0cfcb1b688bc57e33978b59aaa3c6/element/f.B7EBD3B9E1BF342B1CF0F76B0C9C80BF.d.1CD6B060E664577D3AEC3D0BB0843355.e.9025/click - {}
RESULT: {}
COMMAND: GET /session/47a0cfcb1b688bc57e33978b59aaa3c6/screenshot - {}
RESULT: {}
COMMAND: POST /session/47a0cfcb1b688bc57e33978b59aaa3c6/element - {"using":"xpath","value":"//header[contains(@id, 'ObjectPageLayout-headerTitle')]/div[1]/div[2]/div[1]/span[1]"}
RESULT: {"using":"xpath","value":"//header[contains(@id, 'ObjectPageLayout-headerTitle')]/div[1]/div[2]/div[1]/span[1]"}
COMMAND: POST /session/47a0cfcb1b688bc57e33978b59aaa3c6/elements - {"using":"xpath","value":"//header[contains(@id, 'ObjectPageLayout-headerTitle')]/div[1]/div[2]/div[1]/span[1]"}
RESULT: {"using":"xpath","value":"//header[contains(@id, 'ObjectPageLayout-headerTitle')]/div[1]/div[2]/div[1]/span[1]"}
COMMAND: POST /session/47a0cfcb1b688bc57e33978b59aaa3c6/execute/sync - {"script":"<script> [56 bytes]","args":[{"element-6066-11e4-a52e-4f735466cecf":"f.B7EBD3B9E1BF342B1CF0F76B0C9C80BF.d.1CD6B060E664577D3AEC3D0BB0843355.e.9348","ELEMENT":"f.B7EBD3B9E1BF342B1CF0F76B0C9C80BF.d.1CD6B060E664577D3AEC3D0BB0843355.e.9348"}]}
RESULT: {"script":"<script> [56 bytes]","args":[{"element-6066-11e4-a52e-4f735466cecf":"f.B7EBD3B9E1BF342B1CF0F76B0C9C80BF.d.1CD6B060E664577D3AEC3D0BB0843355.e.9348","ELEMENT":"f.B7EBD3B9E1BF342B1CF0F76B0C9C80BF.d.1CD6B060E664577D3AEC3D0BB0843355.e.9348"}]}
COMMAND: GET /session/47a0cfcb1b688bc57e33978b59aaa3c6/screenshot - {}
RESULT: {}
COMMAND: POST /session/47a0cfcb1b688bc57e33978b59aaa3c6/element - {"using":"css selector","value":"#shell-header-logo"}
RESULT: {"using":"css selector","value":"#shell-header-logo"}
COMMAND: POST /session/47a0cfcb1b688bc57e33978b59aaa3c6/element/f.B7EBD3B9E1BF342B1CF0F76B0C9C80BF.d.1CD6B060E664577D3AEC3D0BB0843355.e.8475/click - {}
RESULT: {}
COMMAND: GET /session/47a0cfcb1b688bc57e33978b59aaa3c6/screenshot - {}
RESULT: {}
COMMAND: POST /session/47a0cfcb1b688bc57e33978b59aaa3c6/execute/sync - {"script":"<script> [299 bytes]","args":[["getModel","getResource"]]}
RESULT: {"script":"<script> [299 bytes]","args":[["getModel","getResource"]]}
]]></system-out>
    </testcase>
    <testcase classname="chrome.136_0_7103_93.windows.Provide_to_Site_w/o_warehouse_management_w/_clarification_US116605" name="Should create a new external partner" time="92.606">
      <system-out><![CDATA[
COMMAND: POST /session/47a0cfcb1b688bc57e33978b59aaa3c6/window/fullscreen - {}
COMMAND: GET /session/47a0cfcb1b688bc57e33978b59aaa3c6/screenshot - {}
RESULT: {}
COMMAND: POST /session/47a0cfcb1b688bc57e33978b59aaa3c6/execute/async - {"script":"<script> [1562 bytes]","args":[{"selector":{"controlType":"sap.m.GenericTile","properties":{"header":"Manage Partners"}},"wdio_ui5_key":"sapm.GenericTile{\"header\":\"Manage Partners\"}"}]}
RESULT: {}
RESULT: {"script":"<script> [1562 bytes]","args":[{"selector":{"controlType":"sap.m.GenericTile","properties":{"header":"Manage Partners"}},"wdio_ui5_key":"sapm.GenericTile{\"header\":\"Manage Partners\"}"}]}
RESULT: undefined
COMMAND: POST /session/47a0cfcb1b688bc57e33978b59aaa3c6/element - {"using":"xpath","value":"//*[@id=\"__tile30\"]"}
RESULT: {"using":"xpath","value":"//*[@id=\"__tile30\"]"}
COMMAND: POST /session/47a0cfcb1b688bc57e33978b59aaa3c6/element/f.B7EBD3B9E1BF342B1CF0F76B0C9C80BF.d.1CD6B060E664577D3AEC3D0BB0843355.e.8488/click - {}
RESULT: {}
COMMAND: GET /session/47a0cfcb1b688bc57e33978b59aaa3c6/screenshot - {}
RESULT: {}
COMMAND: POST /session/47a0cfcb1b688bc57e33978b59aaa3c6/elements - {"using":"xpath","value":"//span[text()='Error']"}
RESULT: {"using":"xpath","value":"//span[text()='Error']"}
COMMAND: POST /session/47a0cfcb1b688bc57e33978b59aaa3c6/element - {"using":"xpath","value":"//button[@data-kt=\"addButton\"]"}
RESULT: {"using":"xpath","value":"//button[@data-kt=\"addButton\"]"}
COMMAND: POST /session/47a0cfcb1b688bc57e33978b59aaa3c6/elements - {"using":"xpath","value":"//button[@data-kt=\"addButton\"]"}
RESULT: {"using":"xpath","value":"//button[@data-kt=\"addButton\"]"}
COMMAND: POST /session/47a0cfcb1b688bc57e33978b59aaa3c6/execute/sync - {"script":"<script> [8489 bytes]","args":[{"element-6066-11e4-a52e-4f735466cecf":"f.B7EBD3B9E1BF342B1CF0F76B0C9C80BF.d.1CD6B060E664577D3AEC3D0BB0843355.e.9387","ELEMENT":"f.B7EBD3B9E1BF342B1CF0F76B0C9C80BF.d.1CD6B060E664577D3AEC3D0BB0843355.e.9387"}]}
RESULT: {"script":"<script> [8489 bytes]","args":[{"element-6066-11e4-a52e-4f735466cecf":"f.B7EBD3B9E1BF342B1CF0F76B0C9C80BF.d.1CD6B060E664577D3AEC3D0BB0843355.e.9387","ELEMENT":"f.B7EBD3B9E1BF342B1CF0F76B0C9C80BF.d.1CD6B060E664577D3AEC3D0BB0843355.e.9387"}]}
COMMAND: GET /session/47a0cfcb1b688bc57e33978b59aaa3c6/element/f.B7EBD3B9E1BF342B1CF0F76B0C9C80BF.d.1CD6B060E664577D3AEC3D0BB0843355.e.9387/enabled - {}
COMMAND: GET /session/47a0cfcb1b688bc57e33978b59aaa3c6/screenshot - {}
RESULT: {}
COMMAND: POST /session/47a0cfcb1b688bc57e33978b59aaa3c6/execute/sync - {"script":"<script> [8489 bytes]","args":[{"element-6066-11e4-a52e-4f735466cecf":"f.B7EBD3B9E1BF342B1CF0F76B0C9C80BF.d.1CD6B060E664577D3AEC3D0BB0843355.e.9387","ELEMENT":"f.B7EBD3B9E1BF342B1CF0F76B0C9C80BF.d.1CD6B060E664577D3AEC3D0BB0843355.e.9387"}]}
COMMAND: GET /session/47a0cfcb1b688bc57e33978b59aaa3c6/screenshot - {}
RESULT: {}
RESULT: {"script":"<script> [8489 bytes]","args":[{"element-6066-11e4-a52e-4f735466cecf":"f.B7EBD3B9E1BF342B1CF0F76B0C9C80BF.d.1CD6B060E664577D3AEC3D0BB0843355.e.9387","ELEMENT":"f.B7EBD3B9E1BF342B1CF0F76B0C9C80BF.d.1CD6B060E664577D3AEC3D0BB0843355.e.9387"}]}
COMMAND: POST /session/47a0cfcb1b688bc57e33978b59aaa3c6/execute/sync - {"script":"<script> [5351 bytes]","args":[{"element-6066-11e4-a52e-4f735466cecf":"f.B7EBD3B9E1BF342B1CF0F76B0C9C80BF.d.1CD6B060E664577D3AEC3D0BB0843355.e.9387","ELEMENT":"f.B7EBD3B9E1BF342B1CF0F76B0C9C80BF.d.1CD6B060E664577D3AEC3D0BB0843355.e.9387"}]}
COMMAND: GET /session/47a0cfcb1b688bc57e33978b59aaa3c6/screenshot - {}
RESULT: {}
RESULT: {"script":"<script> [5351 bytes]","args":[{"element-6066-11e4-a52e-4f735466cecf":"f.B7EBD3B9E1BF342B1CF0F76B0C9C80BF.d.1CD6B060E664577D3AEC3D0BB0843355.e.9387","ELEMENT":"f.B7EBD3B9E1BF342B1CF0F76B0C9C80BF.d.1CD6B060E664577D3AEC3D0BB0843355.e.9387"}]}
COMMAND: POST /session/47a0cfcb1b688bc57e33978b59aaa3c6/element/f.B7EBD3B9E1BF342B1CF0F76B0C9C80BF.d.1CD6B060E664577D3AEC3D0BB0843355.e.9387/click - {}
COMMAND: GET /session/47a0cfcb1b688bc57e33978b59aaa3c6/screenshot - {}
RESULT: {}
RESULT: {}
COMMAND: GET /session/47a0cfcb1b688bc57e33978b59aaa3c6/screenshot - {}
RESULT: {}
RESULT: {}
COMMAND: POST /session/47a0cfcb1b688bc57e33978b59aaa3c6/execute/async - {"script":"<script> [1562 bytes]","args":[{"selector":{"id":"application-managepartners-display-component---NewPartner--addressDetailDetailsName1","interaction":{"idSuffix":"inner"}},"wdio_ui5_key":"applicationmanagepartners-display-component---NewPartner--addressDetailDetailsName1"}]}
RESULT: {"script":"<script> [1562 bytes]","args":[{"selector":{"id":"application-managepartners-display-component---NewPartner--addressDetailDetailsName1","interaction":{"idSuffix":"inner"}},"wdio_ui5_key":"applicationmanagepartners-display-component---NewPartner--addressDetailDetailsName1"}]}
RESULT: undefined
COMMAND: POST /session/47a0cfcb1b688bc57e33978b59aaa3c6/execute/async - {"script":"<script> [776 bytes]","args":[{"enterText":"External Partner WDIO","selector":{"id":"application-managepartners-display-component---NewPartner--addressDetailDetailsName1","interaction":{"idSuffix":"inner"}},"clearTextFirst":true,"interactionType":"ENTER_TEXT"}]}
RESULT: {"script":"<script> [776 bytes]","args":[{"enterText":"External Partner WDIO","selector":{"id":"application-managepartners-display-component---NewPartner--addressDetailDetailsName1","interaction":{"idSuffix":"inner"}},"clearTextFirst":true,"interactionType":"ENTER_TEXT"}]}
COMMAND: POST /session/47a0cfcb1b688bc57e33978b59aaa3c6/execute/async - {"script":"<script> [1562 bytes]","args":[{"selector":{"id":"application-managepartners-display-component---NewPartner--addressDetailDetailsLanguage-arrow"},"wdio_ui5_key":"applicationmanagepartners-display-component---NewPartner--addressDetailDetailsLanguage-arrow"}]}
RESULT: {"script":"<script> [1562 bytes]","args":[{"selector":{"id":"application-managepartners-display-component---NewPartner--addressDetailDetailsLanguage-arrow"},"wdio_ui5_key":"applicationmanagepartners-display-component---NewPartner--addressDetailDetailsLanguage-arrow"}]}
RESULT: undefined
COMMAND: POST /session/47a0cfcb1b688bc57e33978b59aaa3c6/element - {"using":"xpath","value":"//*[@id=\"application-managepartners-display-component---NewPartner--addressDetailDetailsLanguage-arrow\"]"}
RESULT: {"using":"xpath","value":"//*[@id=\"application-managepartners-display-component---NewPartner--addressDetailDetailsLanguage-arrow\"]"}
COMMAND: POST /session/47a0cfcb1b688bc57e33978b59aaa3c6/element/f.B7EBD3B9E1BF342B1CF0F76B0C9C80BF.d.1CD6B060E664577D3AEC3D0BB0843355.e.9841/click - {}
RESULT: {}
COMMAND: POST /session/47a0cfcb1b688bc57e33978b59aaa3c6/element - {"using":"xpath","value":"//span[contains(text(), \"English\")]"}
COMMAND: GET /session/47a0cfcb1b688bc57e33978b59aaa3c6/screenshot - {}
RESULT: {"using":"xpath","value":"//span[contains(text(), \"English\")]"}
COMMAND: POST /session/47a0cfcb1b688bc57e33978b59aaa3c6/element/f.B7EBD3B9E1BF342B1CF0F76B0C9C80BF.d.1CD6B060E664577D3AEC3D0BB0843355.e.9842/click - {}
RESULT: {}
RESULT: {}
COMMAND: GET /session/47a0cfcb1b688bc57e33978b59aaa3c6/screenshot - {}
RESULT: {}
COMMAND: POST /session/47a0cfcb1b688bc57e33978b59aaa3c6/execute/async - {"script":"<script> [1562 bytes]","args":[{"selector":{"id":"application-managepartners-display-component---NewPartner--addressDetailDetailsCity1","interaction":{"idSuffix":"inner"}},"wdio_ui5_key":"applicationmanagepartners-display-component---NewPartner--addressDetailDetailsCity1"}]}
RESULT: {"script":"<script> [1562 bytes]","args":[{"selector":{"id":"application-managepartners-display-component---NewPartner--addressDetailDetailsCity1","interaction":{"idSuffix":"inner"}},"wdio_ui5_key":"applicationmanagepartners-display-component---NewPartner--addressDetailDetailsCity1"}]}
RESULT: undefined
COMMAND: POST /session/47a0cfcb1b688bc57e33978b59aaa3c6/execute/async - {"script":"<script> [776 bytes]","args":[{"enterText":"Rosario","selector":{"id":"application-managepartners-display-component---NewPartner--addressDetailDetailsCity1","interaction":{"idSuffix":"inner"}},"clearTextFirst":true,"interactionType":"ENTER_TEXT"}]}
RESULT: {"script":"<script> [776 bytes]","args":[{"enterText":"Rosario","selector":{"id":"application-managepartners-display-component---NewPartner--addressDetailDetailsCity1","interaction":{"idSuffix":"inner"}},"clearTextFirst":true,"interactionType":"ENTER_TEXT"}]}
COMMAND: POST /session/47a0cfcb1b688bc57e33978b59aaa3c6/execute/async - {"script":"<script> [1562 bytes]","args":[{"selector":{"id":"application-managepartners-display-component---NewPartner--addressDetailDetailsCountry-arrow"},"wdio_ui5_key":"applicationmanagepartners-display-component---NewPartner--addressDetailDetailsCountry-arrow"}]}
RESULT: {"script":"<script> [1562 bytes]","args":[{"selector":{"id":"application-managepartners-display-component---NewPartner--addressDetailDetailsCountry-arrow"},"wdio_ui5_key":"applicationmanagepartners-display-component---NewPartner--addressDetailDetailsCountry-arrow"}]}
RESULT: undefined
COMMAND: POST /session/47a0cfcb1b688bc57e33978b59aaa3c6/element - {"using":"xpath","value":"//*[@id=\"application-managepartners-display-component---NewPartner--addressDetailDetailsCountry-arrow\"]"}
RESULT: {"using":"xpath","value":"//*[@id=\"application-managepartners-display-component---NewPartner--addressDetailDetailsCountry-arrow\"]"}
COMMAND: POST /session/47a0cfcb1b688bc57e33978b59aaa3c6/element/f.B7EBD3B9E1BF342B1CF0F76B0C9C80BF.d.1CD6B060E664577D3AEC3D0BB0843355.e.9828/click - {}
RESULT: {}
COMMAND: POST /session/47a0cfcb1b688bc57e33978b59aaa3c6/element - {"using":"xpath","value":"//span[contains(text(), \"Argentina\")]"}
COMMAND: GET /session/47a0cfcb1b688bc57e33978b59aaa3c6/screenshot - {}
RESULT: {"using":"xpath","value":"//span[contains(text(), \"Argentina\")]"}
COMMAND: POST /session/47a0cfcb1b688bc57e33978b59aaa3c6/element/f.B7EBD3B9E1BF342B1CF0F76B0C9C80BF.d.1CD6B060E664577D3AEC3D0BB0843355.e.9844/click - {}
RESULT: {}
RESULT: {}
COMMAND: GET /session/47a0cfcb1b688bc57e33978b59aaa3c6/screenshot - {}
RESULT: {}
COMMAND: POST /session/47a0cfcb1b688bc57e33978b59aaa3c6/element - {"using":"xpath","value":"//bdi[contains(text(), \"Commercial\")]"}
RESULT: {"using":"xpath","value":"//bdi[contains(text(), \"Commercial\")]"}
COMMAND: POST /session/47a0cfcb1b688bc57e33978b59aaa3c6/element/f.B7EBD3B9E1BF342B1CF0F76B0C9C80BF.d.1CD6B060E664577D3AEC3D0BB0843355.e.9845/click - {}
RESULT: {}
COMMAND: GET /session/47a0cfcb1b688bc57e33978b59aaa3c6/screenshot - {}
RESULT: {}
COMMAND: POST /session/47a0cfcb1b688bc57e33978b59aaa3c6/execute/async - {"script":"<script> [1562 bytes]","args":[{"selector":{"id":"application-managepartners-display-component---NewPartner--partnerDetailInternal-arrow"},"wdio_ui5_key":"applicationmanagepartners-display-component---NewPartner--partnerDetailInternal-arrow"}]}
RESULT: {"script":"<script> [1562 bytes]","args":[{"selector":{"id":"application-managepartners-display-component---NewPartner--partnerDetailInternal-arrow"},"wdio_ui5_key":"applicationmanagepartners-display-component---NewPartner--partnerDetailInternal-arrow"}]}
RESULT: undefined
COMMAND: POST /session/47a0cfcb1b688bc57e33978b59aaa3c6/element - {"using":"xpath","value":"//*[@id=\"application-managepartners-display-component---NewPartner--partnerDetailInternal-arrow\"]"}
RESULT: {"using":"xpath","value":"//*[@id=\"application-managepartners-display-component---NewPartner--partnerDetailInternal-arrow\"]"}
COMMAND: POST /session/47a0cfcb1b688bc57e33978b59aaa3c6/element/f.B7EBD3B9E1BF342B1CF0F76B0C9C80BF.d.1CD6B060E664577D3AEC3D0BB0843355.e.9851/click - {}
RESULT: {}
COMMAND: POST /session/47a0cfcb1b688bc57e33978b59aaa3c6/element - {"using":"xpath","value":"//span[contains(text(), \"External partner\")]"}
COMMAND: GET /session/47a0cfcb1b688bc57e33978b59aaa3c6/screenshot - {}
RESULT: {"using":"xpath","value":"//span[contains(text(), \"External partner\")]"}
COMMAND: POST /session/47a0cfcb1b688bc57e33978b59aaa3c6/element/f.B7EBD3B9E1BF342B1CF0F76B0C9C80BF.d.1CD6B060E664577D3AEC3D0BB0843355.e.9852/click - {}
RESULT: {}
RESULT: {}
COMMAND: POST /session/47a0cfcb1b688bc57e33978b59aaa3c6/execute/async - {"script":"<script> [1562 bytes]","args":[{"selector":{"id":"application-managepartners-display-component---NewPartner--partnerDetailsCurrency-arrow"},"wdio_ui5_key":"applicationmanagepartners-display-component---NewPartner--partnerDetailsCurrency-arrow"}]}
COMMAND: GET /session/47a0cfcb1b688bc57e33978b59aaa3c6/screenshot - {}
RESULT: {"script":"<script> [1562 bytes]","args":[{"selector":{"id":"application-managepartners-display-component---NewPartner--partnerDetailsCurrency-arrow"},"wdio_ui5_key":"applicationmanagepartners-display-component---NewPartner--partnerDetailsCurrency-arrow"}]}
RESULT: undefined
COMMAND: POST /session/47a0cfcb1b688bc57e33978b59aaa3c6/element - {"using":"xpath","value":"//*[@id=\"application-managepartners-display-component---NewPartner--partnerDetailsCurrency-arrow\"]"}
RESULT: {}
RESULT: {"using":"xpath","value":"//*[@id=\"application-managepartners-display-component---NewPartner--partnerDetailsCurrency-arrow\"]"}
COMMAND: POST /session/47a0cfcb1b688bc57e33978b59aaa3c6/element/f.B7EBD3B9E1BF342B1CF0F76B0C9C80BF.d.1CD6B060E664577D3AEC3D0BB0843355.e.9857/click - {}
RESULT: {}
COMMAND: POST /session/47a0cfcb1b688bc57e33978b59aaa3c6/element - {"using":"xpath","value":"//span[contains(text(), \"US Dollar\")]"}
COMMAND: GET /session/47a0cfcb1b688bc57e33978b59aaa3c6/screenshot - {}
RESULT: {"using":"xpath","value":"//span[contains(text(), \"US Dollar\")]"}
COMMAND: POST /session/47a0cfcb1b688bc57e33978b59aaa3c6/element/f.B7EBD3B9E1BF342B1CF0F76B0C9C80BF.d.1CD6B060E664577D3AEC3D0BB0843355.e.9858/click - {}
RESULT: {}
RESULT: {}
COMMAND: GET /session/47a0cfcb1b688bc57e33978b59aaa3c6/screenshot - {}
RESULT: {}
COMMAND: POST /session/47a0cfcb1b688bc57e33978b59aaa3c6/element - {"using":"xpath","value":"//input[@id=\"application-managepartners-display-component---NewPartner--companyCodeComboBox-inner\"]"}
RESULT: {"using":"xpath","value":"//input[@id=\"application-managepartners-display-component---NewPartner--companyCodeComboBox-inner\"]"}
COMMAND: POST /session/47a0cfcb1b688bc57e33978b59aaa3c6/element/f.B7EBD3B9E1BF342B1CF0F76B0C9C80BF.d.1CD6B060E664577D3AEC3D0BB0843355.e.9710/clear - {}
RESULT: {}
COMMAND: POST /session/47a0cfcb1b688bc57e33978b59aaa3c6/element/f.B7EBD3B9E1BF342B1CF0F76B0C9C80BF.d.1CD6B060E664577D3AEC3D0BB0843355.e.9710/value - {"text":"C002"}
COMMAND: GET /session/47a0cfcb1b688bc57e33978b59aaa3c6/screenshot - {}
RESULT: {"text":"C002"}
COMMAND: GET /session/47a0cfcb1b688bc57e33978b59aaa3c6/screenshot - {}
RESULT: {}
RESULT: {}
COMMAND: POST /session/47a0cfcb1b688bc57e33978b59aaa3c6/element - {"using":"xpath","value":"//li[.//span[text()= \"C002\"]]"}
RESULT: {"using":"xpath","value":"//li[.//span[text()= \"C002\"]]"}
COMMAND: POST /session/47a0cfcb1b688bc57e33978b59aaa3c6/element/f.B7EBD3B9E1BF342B1CF0F76B0C9C80BF.d.1CD6B060E664577D3AEC3D0BB0843355.e.9862/click - {}
RESULT: {}
COMMAND: GET /session/47a0cfcb1b688bc57e33978b59aaa3c6/screenshot - {}
RESULT: {}
COMMAND: POST /session/47a0cfcb1b688bc57e33978b59aaa3c6/execute/async - {"script":"<script> [1562 bytes]","args":[{"selector":{"id":"application-managepartners-display-component---NewPartner--btnAddTableRow-img"},"wdio_ui5_key":"applicationmanagepartners-display-component---NewPartner--btnAddTableRow-img"}]}
RESULT: {"script":"<script> [1562 bytes]","args":[{"selector":{"id":"application-managepartners-display-component---NewPartner--btnAddTableRow-img"},"wdio_ui5_key":"applicationmanagepartners-display-component---NewPartner--btnAddTableRow-img"}]}
RESULT: undefined
COMMAND: POST /session/47a0cfcb1b688bc57e33978b59aaa3c6/element - {"using":"xpath","value":"//*[@id=\"application-managepartners-display-component---NewPartner--btnAddTableRow-img\"]"}
RESULT: {"using":"xpath","value":"//*[@id=\"application-managepartners-display-component---NewPartner--btnAddTableRow-img\"]"}
COMMAND: POST /session/47a0cfcb1b688bc57e33978b59aaa3c6/element/f.B7EBD3B9E1BF342B1CF0F76B0C9C80BF.d.1CD6B060E664577D3AEC3D0BB0843355.e.9863/click - {}
RESULT: {}
COMMAND: GET /session/47a0cfcb1b688bc57e33978b59aaa3c6/screenshot - {}
RESULT: {}
COMMAND: POST /session/47a0cfcb1b688bc57e33978b59aaa3c6/element - {"using":"xpath","value":"//input[@id=\"application-managepartners-display-component---NewPartner--assignmentYard-application-managepartners-display-component---NewPartner--assignmentsTable-0-inner\"]"}
RESULT: {"using":"xpath","value":"//input[@id=\"application-managepartners-display-component---NewPartner--assignmentYard-application-managepartners-display-component---NewPartner--assignmentsTable-0-inner\"]"}
COMMAND: POST /session/47a0cfcb1b688bc57e33978b59aaa3c6/element/f.B7EBD3B9E1BF342B1CF0F76B0C9C80BF.d.1CD6B060E664577D3AEC3D0BB0843355.e.9866/clear - {}
RESULT: {}
COMMAND: POST /session/47a0cfcb1b688bc57e33978b59aaa3c6/element/f.B7EBD3B9E1BF342B1CF0F76B0C9C80BF.d.1CD6B060E664577D3AEC3D0BB0843355.e.9866/value - {"text":"595"}
COMMAND: GET /session/47a0cfcb1b688bc57e33978b59aaa3c6/screenshot - {}
RESULT: {"text":"595"}
COMMAND: GET /session/47a0cfcb1b688bc57e33978b59aaa3c6/screenshot - {}
RESULT: {}
RESULT: {}
COMMAND: POST /session/47a0cfcb1b688bc57e33978b59aaa3c6/element - {"using":"xpath","value":"//li[.//span[text()='595']]"}
RESULT: {"using":"xpath","value":"//li[.//span[text()='595']]"}
COMMAND: POST /session/47a0cfcb1b688bc57e33978b59aaa3c6/element/f.B7EBD3B9E1BF342B1CF0F76B0C9C80BF.d.1CD6B060E664577D3AEC3D0BB0843355.e.9874/click - {}
RESULT: {}
COMMAND: GET /session/47a0cfcb1b688bc57e33978b59aaa3c6/screenshot - {}
RESULT: {}
COMMAND: POST /session/47a0cfcb1b688bc57e33978b59aaa3c6/actions - {"actions":[{"id":"action32","type":"key","parameters":{},"actions":[{"type":"keyDown","value":"î€‡"},{"type":"pause","duration":10},{"type":"keyUp","value":"î€‡"}]}]}
RESULT: {"actions":[{"id":"action32","type":"key","parameters":{},"actions":[{"type":"keyDown","value":"î€‡"},{"type":"pause","duration":10},{"type":"keyUp","value":"î€‡"}]}]}
COMMAND: POST /session/47a0cfcb1b688bc57e33978b59aaa3c6/element - {"using":"xpath","value":"//td[contains(@id, \"assignmentsTable-0-cell2\")]/div/div"}
COMMAND: GET /session/47a0cfcb1b688bc57e33978b59aaa3c6/screenshot - {}
RESULT: {"using":"xpath","value":"//td[contains(@id, \"assignmentsTable-0-cell2\")]/div/div"}
COMMAND: POST /session/47a0cfcb1b688bc57e33978b59aaa3c6/element/f.B7EBD3B9E1BF342B1CF0F76B0C9C80BF.d.1CD6B060E664577D3AEC3D0BB0843355.e.9877/click - {}
RESULT: {}
RESULT: {}
COMMAND: GET /session/47a0cfcb1b688bc57e33978b59aaa3c6/screenshot - {}
RESULT: {}
COMMAND: POST /session/47a0cfcb1b688bc57e33978b59aaa3c6/element - {"using":"xpath","value":"//button[@data-kt=\"saveButton\"]"}
RESULT: {"using":"xpath","value":"//button[@data-kt=\"saveButton\"]"}
COMMAND: POST /session/47a0cfcb1b688bc57e33978b59aaa3c6/element/f.B7EBD3B9E1BF342B1CF0F76B0C9C80BF.d.1CD6B060E664577D3AEC3D0BB0843355.e.9745/click - {}
RESULT: {}
COMMAND: GET /session/47a0cfcb1b688bc57e33978b59aaa3c6/screenshot - {}
RESULT: {}
COMMAND: POST /session/47a0cfcb1b688bc57e33978b59aaa3c6/element - {"using":"xpath","value":"//header[contains(@id, 'ObjectPageLayout-headerTitle')]/div[1]/div[2]/div[2]/span[1]"}
RESULT: {"using":"xpath","value":"//header[contains(@id, 'ObjectPageLayout-headerTitle')]/div[1]/div[2]/div[2]/span[1]"}
COMMAND: POST /session/47a0cfcb1b688bc57e33978b59aaa3c6/elements - {"using":"xpath","value":"//header[contains(@id, 'ObjectPageLayout-headerTitle')]/div[1]/div[2]/div[2]/span[1]"}
RESULT: {"using":"xpath","value":"//header[contains(@id, 'ObjectPageLayout-headerTitle')]/div[1]/div[2]/div[2]/span[1]"}
COMMAND: POST /session/47a0cfcb1b688bc57e33978b59aaa3c6/execute/sync - {"script":"<script> [56 bytes]","args":[{"element-6066-11e4-a52e-4f735466cecf":"f.B7EBD3B9E1BF342B1CF0F76B0C9C80BF.d.1CD6B060E664577D3AEC3D0BB0843355.e.10041","ELEMENT":"f.B7EBD3B9E1BF342B1CF0F76B0C9C80BF.d.1CD6B060E664577D3AEC3D0BB0843355.e.10041"}]}
RESULT: {"script":"<script> [56 bytes]","args":[{"element-6066-11e4-a52e-4f735466cecf":"f.B7EBD3B9E1BF342B1CF0F76B0C9C80BF.d.1CD6B060E664577D3AEC3D0BB0843355.e.10041","ELEMENT":"f.B7EBD3B9E1BF342B1CF0F76B0C9C80BF.d.1CD6B060E664577D3AEC3D0BB0843355.e.10041"}]}
COMMAND: POST /session/47a0cfcb1b688bc57e33978b59aaa3c6/element - {"using":"css selector","value":"#shell-header-logo"}
COMMAND: GET /session/47a0cfcb1b688bc57e33978b59aaa3c6/screenshot - {}
RESULT: {"using":"css selector","value":"#shell-header-logo"}
COMMAND: POST /session/47a0cfcb1b688bc57e33978b59aaa3c6/element/f.B7EBD3B9E1BF342B1CF0F76B0C9C80BF.d.1CD6B060E664577D3AEC3D0BB0843355.e.9353/click - {}
RESULT: {}
RESULT: {}
COMMAND: GET /session/47a0cfcb1b688bc57e33978b59aaa3c6/screenshot - {}
RESULT: {}
COMMAND: POST /session/47a0cfcb1b688bc57e33978b59aaa3c6/execute/sync - {"script":"<script> [299 bytes]","args":[["getModel","getResource"]]}
RESULT: {"script":"<script> [299 bytes]","args":[["getModel","getResource"]]}
COMMAND: GET /session/47a0cfcb1b688bc57e33978b59aaa3c6/screenshot - {}
]]></system-out>
    </testcase>
    <testcase classname="chrome.136_0_7103_93.windows.Provide_to_Site_w/o_warehouse_management_w/_clarification_US116605" name="Should create a new site" time="154.58">
      <system-out><![CDATA[
COMMAND: POST /session/47a0cfcb1b688bc57e33978b59aaa3c6/execute/async - {"script":"<script> [1562 bytes]","args":[{"selector":{"controlType":"sap.m.GenericTile","properties":{"header":"Manage Sites"}},"wdio_ui5_key":"sapm.GenericTile{\"header\":\"Manage Sites\"}"}]}
RESULT: {}
RESULT: {"script":"<script> [1562 bytes]","args":[{"selector":{"controlType":"sap.m.GenericTile","properties":{"header":"Manage Sites"}},"wdio_ui5_key":"sapm.GenericTile{\"header\":\"Manage Sites\"}"}]}
RESULT: undefined
COMMAND: POST /session/47a0cfcb1b688bc57e33978b59aaa3c6/element - {"using":"xpath","value":"//*[@id=\"__tile32\"]"}
RESULT: {"using":"xpath","value":"//*[@id=\"__tile32\"]"}
COMMAND: POST /session/47a0cfcb1b688bc57e33978b59aaa3c6/element/f.B7EBD3B9E1BF342B1CF0F76B0C9C80BF.d.1CD6B060E664577D3AEC3D0BB0843355.e.8494/click - {}
RESULT: {}
COMMAND: GET /session/47a0cfcb1b688bc57e33978b59aaa3c6/screenshot - {}
RESULT: {}
COMMAND: POST /session/47a0cfcb1b688bc57e33978b59aaa3c6/elements - {"using":"xpath","value":"//span[text()='Error']"}
RESULT: {"using":"xpath","value":"//span[text()='Error']"}
COMMAND: POST /session/47a0cfcb1b688bc57e33978b59aaa3c6/element - {"using":"xpath","value":"//button[@data-kt=\"addOverflowToolbarButton\"]"}
RESULT: {"using":"xpath","value":"//button[@data-kt=\"addOverflowToolbarButton\"]"}
COMMAND: POST /session/47a0cfcb1b688bc57e33978b59aaa3c6/elements - {"using":"xpath","value":"//button[@data-kt=\"addOverflowToolbarButton\"]"}
RESULT: {"using":"xpath","value":"//button[@data-kt=\"addOverflowToolbarButton\"]"}
COMMAND: POST /session/47a0cfcb1b688bc57e33978b59aaa3c6/execute/sync - {"script":"<script> [8489 bytes]","args":[{"element-6066-11e4-a52e-4f735466cecf":"f.B7EBD3B9E1BF342B1CF0F76B0C9C80BF.d.1CD6B060E664577D3AEC3D0BB0843355.e.10088","ELEMENT":"f.B7EBD3B9E1BF342B1CF0F76B0C9C80BF.d.1CD6B060E664577D3AEC3D0BB0843355.e.10088"}]}
RESULT: {"script":"<script> [8489 bytes]","args":[{"element-6066-11e4-a52e-4f735466cecf":"f.B7EBD3B9E1BF342B1CF0F76B0C9C80BF.d.1CD6B060E664577D3AEC3D0BB0843355.e.10088","ELEMENT":"f.B7EBD3B9E1BF342B1CF0F76B0C9C80BF.d.1CD6B060E664577D3AEC3D0BB0843355.e.10088"}]}
COMMAND: GET /session/47a0cfcb1b688bc57e33978b59aaa3c6/element/f.B7EBD3B9E1BF342B1CF0F76B0C9C80BF.d.1CD6B060E664577D3AEC3D0BB0843355.e.10088/enabled - {}
COMMAND: GET /session/47a0cfcb1b688bc57e33978b59aaa3c6/screenshot - {}
RESULT: {}
COMMAND: POST /session/47a0cfcb1b688bc57e33978b59aaa3c6/execute/sync - {"script":"<script> [8489 bytes]","args":[{"element-6066-11e4-a52e-4f735466cecf":"f.B7EBD3B9E1BF342B1CF0F76B0C9C80BF.d.1CD6B060E664577D3AEC3D0BB0843355.e.10088","ELEMENT":"f.B7EBD3B9E1BF342B1CF0F76B0C9C80BF.d.1CD6B060E664577D3AEC3D0BB0843355.e.10088"}]}
COMMAND: GET /session/47a0cfcb1b688bc57e33978b59aaa3c6/screenshot - {}
RESULT: {}
RESULT: {"script":"<script> [8489 bytes]","args":[{"element-6066-11e4-a52e-4f735466cecf":"f.B7EBD3B9E1BF342B1CF0F76B0C9C80BF.d.1CD6B060E664577D3AEC3D0BB0843355.e.10088","ELEMENT":"f.B7EBD3B9E1BF342B1CF0F76B0C9C80BF.d.1CD6B060E664577D3AEC3D0BB0843355.e.10088"}]}
COMMAND: POST /session/47a0cfcb1b688bc57e33978b59aaa3c6/execute/sync - {"script":"<script> [5351 bytes]","args":[{"element-6066-11e4-a52e-4f735466cecf":"f.B7EBD3B9E1BF342B1CF0F76B0C9C80BF.d.1CD6B060E664577D3AEC3D0BB0843355.e.10088","ELEMENT":"f.B7EBD3B9E1BF342B1CF0F76B0C9C80BF.d.1CD6B060E664577D3AEC3D0BB0843355.e.10088"}]}
COMMAND: GET /session/47a0cfcb1b688bc57e33978b59aaa3c6/screenshot - {}
RESULT: {}
RESULT: {"script":"<script> [5351 bytes]","args":[{"element-6066-11e4-a52e-4f735466cecf":"f.B7EBD3B9E1BF342B1CF0F76B0C9C80BF.d.1CD6B060E664577D3AEC3D0BB0843355.e.10088","ELEMENT":"f.B7EBD3B9E1BF342B1CF0F76B0C9C80BF.d.1CD6B060E664577D3AEC3D0BB0843355.e.10088"}]}
COMMAND: POST /session/47a0cfcb1b688bc57e33978b59aaa3c6/element/f.B7EBD3B9E1BF342B1CF0F76B0C9C80BF.d.1CD6B060E664577D3AEC3D0BB0843355.e.10088/click - {}
COMMAND: GET /session/47a0cfcb1b688bc57e33978b59aaa3c6/screenshot - {}
RESULT: {}
RESULT: {}
COMMAND: GET /session/47a0cfcb1b688bc57e33978b59aaa3c6/screenshot - {}
RESULT: {}
COMMAND: POST /session/47a0cfcb1b688bc57e33978b59aaa3c6/element - {"using":"xpath","value":"//input[@id=\"application-managesites-display-component---NewSite--siteId-inner\"]"}
RESULT: {}
RESULT: {"using":"xpath","value":"//input[@id=\"application-managesites-display-component---NewSite--siteId-inner\"]"}
COMMAND: POST /session/47a0cfcb1b688bc57e33978b59aaa3c6/element - {"using":"xpath","value":"//input[@id=\"application-managesites-display-component---NewSite--siteId-inner\"]"}
RESULT: {"using":"xpath","value":"//input[@id=\"application-managesites-display-component---NewSite--siteId-inner\"]"}
COMMAND: POST /session/47a0cfcb1b688bc57e33978b59aaa3c6/execute/async - {"script":"<script> [1562 bytes]","args":[{"selector":{"id":"application-managesites-display-component---NewSite--addressDetailDetailsName1","interaction":{"idSuffix":"inner"}},"wdio_ui5_key":"applicationmanagesites-display-component---NewSite--addressDetailDetailsName1"}]}
RESULT: {"script":"<script> [1562 bytes]","args":[{"selector":{"id":"application-managesites-display-component---NewSite--addressDetailDetailsName1","interaction":{"idSuffix":"inner"}},"wdio_ui5_key":"applicationmanagesites-display-component---NewSite--addressDetailDetailsName1"}]}
RESULT: undefined
COMMAND: POST /session/47a0cfcb1b688bc57e33978b59aaa3c6/execute/async - {"script":"<script> [776 bytes]","args":[{"enterText":"Other Type Site WDIO","selector":{"id":"application-managesites-display-component---NewSite--addressDetailDetailsName1","interaction":{"idSuffix":"inner"}},"clearTextFirst":true,"interactionType":"ENTER_TEXT"}]}
RESULT: {"script":"<script> [776 bytes]","args":[{"enterText":"Other Type Site WDIO","selector":{"id":"application-managesites-display-component---NewSite--addressDetailDetailsName1","interaction":{"idSuffix":"inner"}},"clearTextFirst":true,"interactionType":"ENTER_TEXT"}]}
COMMAND: POST /session/47a0cfcb1b688bc57e33978b59aaa3c6/execute/async - {"script":"<script> [1562 bytes]","args":[{"selector":{"id":"application-managesites-display-component---NewSite--addressDetailDetailsLanguage-arrow"},"wdio_ui5_key":"applicationmanagesites-display-component---NewSite--addressDetailDetailsLanguage-arrow"}]}
RESULT: {"script":"<script> [1562 bytes]","args":[{"selector":{"id":"application-managesites-display-component---NewSite--addressDetailDetailsLanguage-arrow"},"wdio_ui5_key":"applicationmanagesites-display-component---NewSite--addressDetailDetailsLanguage-arrow"}]}
RESULT: undefined
COMMAND: POST /session/47a0cfcb1b688bc57e33978b59aaa3c6/element - {"using":"xpath","value":"//*[@id=\"application-managesites-display-component---NewSite--addressDetailDetailsLanguage-arrow\"]"}
RESULT: {"using":"xpath","value":"//*[@id=\"application-managesites-display-component---NewSite--addressDetailDetailsLanguage-arrow\"]"}
COMMAND: POST /session/47a0cfcb1b688bc57e33978b59aaa3c6/element/f.B7EBD3B9E1BF342B1CF0F76B0C9C80BF.d.1CD6B060E664577D3AEC3D0BB0843355.e.10545/click - {}
RESULT: {}
COMMAND: POST /session/47a0cfcb1b688bc57e33978b59aaa3c6/element - {"using":"xpath","value":"//span[contains(text(), \"English\")]"}
COMMAND: GET /session/47a0cfcb1b688bc57e33978b59aaa3c6/screenshot - {}
RESULT: {"using":"xpath","value":"//span[contains(text(), \"English\")]"}
COMMAND: POST /session/47a0cfcb1b688bc57e33978b59aaa3c6/element/f.B7EBD3B9E1BF342B1CF0F76B0C9C80BF.d.1CD6B060E664577D3AEC3D0BB0843355.e.10546/click - {}
RESULT: {}
RESULT: {}
COMMAND: POST /session/47a0cfcb1b688bc57e33978b59aaa3c6/execute/async - {"script":"<script> [1562 bytes]","args":[{"selector":{"id":"application-managesites-display-component---NewSite--addressDetailDetailsCity1","interaction":{"idSuffix":"inner"}},"wdio_ui5_key":"applicationmanagesites-display-component---NewSite--addressDetailDetailsCity1"}]}
COMMAND: GET /session/47a0cfcb1b688bc57e33978b59aaa3c6/screenshot - {}
RESULT: {"script":"<script> [1562 bytes]","args":[{"selector":{"id":"application-managesites-display-component---NewSite--addressDetailDetailsCity1","interaction":{"idSuffix":"inner"}},"wdio_ui5_key":"applicationmanagesites-display-component---NewSite--addressDetailDetailsCity1"}]}
RESULT: undefined
COMMAND: POST /session/47a0cfcb1b688bc57e33978b59aaa3c6/execute/async - {"script":"<script> [776 bytes]","args":[{"enterText":"Rosario","selector":{"id":"application-managesites-display-component---NewSite--addressDetailDetailsCity1","interaction":{"idSuffix":"inner"}},"clearTextFirst":true,"interactionType":"ENTER_TEXT"}]}
RESULT: {}
RESULT: {"script":"<script> [776 bytes]","args":[{"enterText":"Rosario","selector":{"id":"application-managesites-display-component---NewSite--addressDetailDetailsCity1","interaction":{"idSuffix":"inner"}},"clearTextFirst":true,"interactionType":"ENTER_TEXT"}]}
COMMAND: POST /session/47a0cfcb1b688bc57e33978b59aaa3c6/execute/async - {"script":"<script> [1562 bytes]","args":[{"selector":{"id":"application-managesites-display-component---NewSite--addressDetailDetailsCountry-arrow"},"wdio_ui5_key":"applicationmanagesites-display-component---NewSite--addressDetailDetailsCountry-arrow"}]}
RESULT: {"script":"<script> [1562 bytes]","args":[{"selector":{"id":"application-managesites-display-component---NewSite--addressDetailDetailsCountry-arrow"},"wdio_ui5_key":"applicationmanagesites-display-component---NewSite--addressDetailDetailsCountry-arrow"}]}
RESULT: undefined
COMMAND: POST /session/47a0cfcb1b688bc57e33978b59aaa3c6/element - {"using":"xpath","value":"//*[@id=\"application-managesites-display-component---NewSite--addressDetailDetailsCountry-arrow\"]"}
RESULT: {"using":"xpath","value":"//*[@id=\"application-managesites-display-component---NewSite--addressDetailDetailsCountry-arrow\"]"}
COMMAND: POST /session/47a0cfcb1b688bc57e33978b59aaa3c6/element/f.B7EBD3B9E1BF342B1CF0F76B0C9C80BF.d.1CD6B060E664577D3AEC3D0BB0843355.e.10548/click - {}
RESULT: {}
COMMAND: POST /session/47a0cfcb1b688bc57e33978b59aaa3c6/element - {"using":"xpath","value":"//span[contains(text(), \"Argentina\")]"}
COMMAND: GET /session/47a0cfcb1b688bc57e33978b59aaa3c6/screenshot - {}
RESULT: {"using":"xpath","value":"//span[contains(text(), \"Argentina\")]"}
COMMAND: POST /session/47a0cfcb1b688bc57e33978b59aaa3c6/element/f.B7EBD3B9E1BF342B1CF0F76B0C9C80BF.d.1CD6B060E664577D3AEC3D0BB0843355.e.10549/click - {}
RESULT: {}
RESULT: {}
COMMAND: GET /session/47a0cfcb1b688bc57e33978b59aaa3c6/screenshot - {}
RESULT: {}
COMMAND: POST /session/47a0cfcb1b688bc57e33978b59aaa3c6/execute/async - {"script":"<script> [1562 bytes]","args":[{"selector":{"id":"application-managesites-display-component---NewSite--addressEditDetailsCostObjectCstType-arrow"},"wdio_ui5_key":"applicationmanagesites-display-component---NewSite--addressEditDetailsCostObjectCstType-arrow"}]}
RESULT: {"script":"<script> [1562 bytes]","args":[{"selector":{"id":"application-managesites-display-component---NewSite--addressEditDetailsCostObjectCstType-arrow"},"wdio_ui5_key":"applicationmanagesites-display-component---NewSite--addressEditDetailsCostObjectCstType-arrow"}]}
RESULT: undefined
COMMAND: POST /session/47a0cfcb1b688bc57e33978b59aaa3c6/element - {"using":"xpath","value":"//*[@id=\"application-managesites-display-component---NewSite--addressEditDetailsCostObjectCstType-arrow\"]"}
RESULT: {"using":"xpath","value":"//*[@id=\"application-managesites-display-component---NewSite--addressEditDetailsCostObjectCstType-arrow\"]"}
COMMAND: POST /session/47a0cfcb1b688bc57e33978b59aaa3c6/element/f.B7EBD3B9E1BF342B1CF0F76B0C9C80BF.d.1CD6B060E664577D3AEC3D0BB0843355.e.10551/click - {}
RESULT: {}
COMMAND: POST /session/47a0cfcb1b688bc57e33978b59aaa3c6/element - {"using":"xpath","value":"//span[contains(text(), \"Cost Center\")]"}
COMMAND: GET /session/47a0cfcb1b688bc57e33978b59aaa3c6/screenshot - {}
RESULT: {"using":"xpath","value":"//span[contains(text(), \"Cost Center\")]"}
COMMAND: POST /session/47a0cfcb1b688bc57e33978b59aaa3c6/element/f.B7EBD3B9E1BF342B1CF0F76B0C9C80BF.d.1CD6B060E664577D3AEC3D0BB0843355.e.10552/click - {}
RESULT: {}
RESULT: {}
COMMAND: GET /session/47a0cfcb1b688bc57e33978b59aaa3c6/screenshot - {}
RESULT: {}
COMMAND: POST /session/47a0cfcb1b688bc57e33978b59aaa3c6/element - {"using":"xpath","value":"//span[@id=\"application-managesites-display-component---NewSite--addressNewCostObjectCstID-vhi\"]"}
RESULT: {"using":"xpath","value":"//span[@id=\"application-managesites-display-component---NewSite--addressNewCostObjectCstID-vhi\"]"}
COMMAND: POST /session/47a0cfcb1b688bc57e33978b59aaa3c6/execute/sync - {"script":"<script> [8489 bytes]","args":[{"element-6066-11e4-a52e-4f735466cecf":"f.B7EBD3B9E1BF342B1CF0F76B0C9C80BF.d.1CD6B060E664577D3AEC3D0BB0843355.e.10557","ELEMENT":"f.B7EBD3B9E1BF342B1CF0F76B0C9C80BF.d.1CD6B060E664577D3AEC3D0BB0843355.e.10557"}]}
RESULT: {"script":"<script> [8489 bytes]","args":[{"element-6066-11e4-a52e-4f735466cecf":"f.B7EBD3B9E1BF342B1CF0F76B0C9C80BF.d.1CD6B060E664577D3AEC3D0BB0843355.e.10557","ELEMENT":"f.B7EBD3B9E1BF342B1CF0F76B0C9C80BF.d.1CD6B060E664577D3AEC3D0BB0843355.e.10557"}]}
COMMAND: POST /session/47a0cfcb1b688bc57e33978b59aaa3c6/execute/async - {"script":"<script> [1562 bytes]","args":[{"selector":{"id":"application-managesites-display-component---NewSite--addressNewCostObjectCstID-vhi"},"wdio_ui5_key":"applicationmanagesites-display-component---NewSite--addressNewCostObjectCstID-vhi"}]}
COMMAND: GET /session/47a0cfcb1b688bc57e33978b59aaa3c6/screenshot - {}
RESULT: {"script":"<script> [1562 bytes]","args":[{"selector":{"id":"application-managesites-display-component---NewSite--addressNewCostObjectCstID-vhi"},"wdio_ui5_key":"applicationmanagesites-display-component---NewSite--addressNewCostObjectCstID-vhi"}]}
RESULT: undefined
COMMAND: POST /session/47a0cfcb1b688bc57e33978b59aaa3c6/element - {"using":"xpath","value":"//*[@id=\"application-managesites-display-component---NewSite--addressNewCostObjectCstID-vhi\"]"}
RESULT: {}
RESULT: {"using":"xpath","value":"//*[@id=\"application-managesites-display-component---NewSite--addressNewCostObjectCstID-vhi\"]"}
COMMAND: POST /session/47a0cfcb1b688bc57e33978b59aaa3c6/element/f.B7EBD3B9E1BF342B1CF0F76B0C9C80BF.d.1CD6B060E664577D3AEC3D0BB0843355.e.10557/click - {}
RESULT: {}
COMMAND: GET /session/47a0cfcb1b688bc57e33978b59aaa3c6/screenshot - {}
RESULT: {}
RESULT: undefined
COMMAND: POST /session/47a0cfcb1b688bc57e33978b59aaa3c6/execute/async - {"script":"<script> [776 bytes]","args":[{"enterText":"10001013","selector":{"controlType":"sap.m.SearchField","properties":{"placeholder":"Search"},"searchOpenDialogs":true,"interaction":{"idSuffix":"I"}},"clearTextFirst":true,"interactionType":"ENTER_TEXT"}]}
RESULT: {"script":"<script> [776 bytes]","args":[{"enterText":"10001013","selector":{"controlType":"sap.m.SearchField","properties":{"placeholder":"Search"},"searchOpenDialogs":true,"interaction":{"idSuffix":"I"}},"clearTextFirst":true,"interactionType":"ENTER_TEXT"}]}
COMMAND: POST /session/47a0cfcb1b688bc57e33978b59aaa3c6/actions - {"actions":[{"id":"action33","type":"key","parameters":{},"actions":[{"type":"keyDown","value":"î€‡"},{"type":"pause","duration":10},{"type":"keyUp","value":"î€‡"}]}]}
RESULT: {"actions":[{"id":"action33","type":"key","parameters":{},"actions":[{"type":"keyDown","value":"î€‡"},{"type":"pause","duration":10},{"type":"keyUp","value":"î€‡"}]}]}
COMMAND: GET /session/47a0cfcb1b688bc57e33978b59aaa3c6/screenshot - {}
RESULT: {}
COMMAND: POST /session/47a0cfcb1b688bc57e33978b59aaa3c6/element - {"using":"xpath","value":"//span[contains(text(), \"General Management\")]"}
RESULT: {"using":"xpath","value":"//span[contains(text(), \"General Management\")]"}
COMMAND: POST /session/47a0cfcb1b688bc57e33978b59aaa3c6/element/f.B7EBD3B9E1BF342B1CF0F76B0C9C80BF.d.1CD6B060E664577D3AEC3D0BB0843355.e.10596/click - {}
RESULT: {}
COMMAND: GET /session/47a0cfcb1b688bc57e33978b59aaa3c6/screenshot - {}
RESULT: {}
COMMAND: POST /session/47a0cfcb1b688bc57e33978b59aaa3c6/element - {"using":"xpath","value":"//bdi[contains(text(), \"OK\")]"}
RESULT: {"using":"xpath","value":"//bdi[contains(text(), \"OK\")]"}
COMMAND: POST /session/47a0cfcb1b688bc57e33978b59aaa3c6/element/f.B7EBD3B9E1BF342B1CF0F76B0C9C80BF.d.1CD6B060E664577D3AEC3D0BB0843355.e.10597/click - {}
RESULT: {}
COMMAND: GET /session/47a0cfcb1b688bc57e33978b59aaa3c6/screenshot - {}
RESULT: {}
COMMAND: POST /session/47a0cfcb1b688bc57e33978b59aaa3c6/element - {"using":"xpath","value":"//input[@id=\"application-managesites-display-component---NewSite--addressDetailDetailsCalendar-inner\"]"}
RESULT: {"using":"xpath","value":"//input[@id=\"application-managesites-display-component---NewSite--addressDetailDetailsCalendar-inner\"]"}
COMMAND: POST /session/47a0cfcb1b688bc57e33978b59aaa3c6/element/f.B7EBD3B9E1BF342B1CF0F76B0C9C80BF.d.1CD6B060E664577D3AEC3D0BB0843355.e.10356/clear - {}
RESULT: {}
COMMAND: POST /session/47a0cfcb1b688bc57e33978b59aaa3c6/element/f.B7EBD3B9E1BF342B1CF0F76B0C9C80BF.d.1CD6B060E664577D3AEC3D0BB0843355.e.10356/value - {"text":"Unit"}
COMMAND: GET /session/47a0cfcb1b688bc57e33978b59aaa3c6/screenshot - {}
RESULT: {"text":"Unit"}
COMMAND: GET /session/47a0cfcb1b688bc57e33978b59aaa3c6/screenshot - {}
RESULT: {}
RESULT: {}
COMMAND: POST /session/47a0cfcb1b688bc57e33978b59aaa3c6/actions - {"actions":[{"id":"action34","type":"key","parameters":{},"actions":[{"type":"keyDown","value":"î€‡"},{"type":"pause","duration":10},{"type":"keyUp","value":"î€‡"}]}]}
RESULT: {"actions":[{"id":"action34","type":"key","parameters":{},"actions":[{"type":"keyDown","value":"î€‡"},{"type":"pause","duration":10},{"type":"keyUp","value":"î€‡"}]}]}
COMMAND: POST /session/47a0cfcb1b688bc57e33978b59aaa3c6/element - {"using":"xpath","value":"//input[@id=\"application-managesites-display-component---NewSite--addressDetailDetailsYard-inner\"]"}
COMMAND: GET /session/47a0cfcb1b688bc57e33978b59aaa3c6/screenshot - {}
RESULT: {"using":"xpath","value":"//input[@id=\"application-managesites-display-component---NewSite--addressDetailDetailsYard-inner\"]"}
COMMAND: POST /session/47a0cfcb1b688bc57e33978b59aaa3c6/element/f.B7EBD3B9E1BF342B1CF0F76B0C9C80BF.d.1CD6B060E664577D3AEC3D0BB0843355.e.10357/clear - {}
RESULT: {}
RESULT: {}
COMMAND: POST /session/47a0cfcb1b688bc57e33978b59aaa3c6/element/f.B7EBD3B9E1BF342B1CF0F76B0C9C80BF.d.1CD6B060E664577D3AEC3D0BB0843355.e.10357/value - {"text":"595"}
COMMAND: GET /session/47a0cfcb1b688bc57e33978b59aaa3c6/screenshot - {}
RESULT: {"text":"595"}
COMMAND: GET /session/47a0cfcb1b688bc57e33978b59aaa3c6/screenshot - {}
RESULT: {}
RESULT: {}
COMMAND: POST /session/47a0cfcb1b688bc57e33978b59aaa3c6/element - {"using":"xpath","value":"//li[.//span[text()='595']]"}
RESULT: {"using":"xpath","value":"//li[.//span[text()='595']]"}
COMMAND: POST /session/47a0cfcb1b688bc57e33978b59aaa3c6/element/f.B7EBD3B9E1BF342B1CF0F76B0C9C80BF.d.1CD6B060E664577D3AEC3D0BB0843355.e.10605/click - {}
RESULT: {}
COMMAND: GET /session/47a0cfcb1b688bc57e33978b59aaa3c6/screenshot - {}
RESULT: {}
COMMAND: POST /session/47a0cfcb1b688bc57e33978b59aaa3c6/element - {"using":"xpath","value":"//input[@id=\"application-managesites-display-component---NewSite--addressDetailDetailsPartner-inner\"]"}
RESULT: {"using":"xpath","value":"//input[@id=\"application-managesites-display-component---NewSite--addressDetailDetailsPartner-inner\"]"}
COMMAND: POST /session/47a0cfcb1b688bc57e33978b59aaa3c6/element - {"using":"xpath","value":"//input[@id=\"application-managesites-display-component---NewSite--addressDetailDetailsPartner-inner\"]"}
RESULT: {"using":"xpath","value":"//input[@id=\"application-managesites-display-component---NewSite--addressDetailDetailsPartner-inner\"]"}
COMMAND: POST /session/47a0cfcb1b688bc57e33978b59aaa3c6/element - {"using":"xpath","value":"//button[@data-kt=\"saveButton\"]"}
RESULT: {"using":"xpath","value":"//button[@data-kt=\"saveButton\"]"}
COMMAND: POST /session/47a0cfcb1b688bc57e33978b59aaa3c6/element/f.B7EBD3B9E1BF342B1CF0F76B0C9C80BF.d.1CD6B060E664577D3AEC3D0BB0843355.e.10472/click - {}
RESULT: {}
COMMAND: GET /session/47a0cfcb1b688bc57e33978b59aaa3c6/screenshot - {}
COMMAND: POST /session/47a0cfcb1b688bc57e33978b59aaa3c6/element - {"using":"xpath","value":"//header[contains(@id, 'ObjectPageLayout-headerTitle')]/div[1]/div[2]/div[2]/span[1]"}
RESULT: {}
RESULT: {"using":"xpath","value":"//header[contains(@id, 'ObjectPageLayout-headerTitle')]/div[1]/div[2]/div[2]/span[1]"}
COMMAND: POST /session/47a0cfcb1b688bc57e33978b59aaa3c6/elements - {"using":"xpath","value":"//header[contains(@id, 'ObjectPageLayout-headerTitle')]/div[1]/div[2]/div[2]/span[1]"}
RESULT: {"using":"xpath","value":"//header[contains(@id, 'ObjectPageLayout-headerTitle')]/div[1]/div[2]/div[2]/span[1]"}
COMMAND: POST /session/47a0cfcb1b688bc57e33978b59aaa3c6/execute/sync - {"script":"<script> [56 bytes]","args":[{"element-6066-11e4-a52e-4f735466cecf":"f.B7EBD3B9E1BF342B1CF0F76B0C9C80BF.d.1CD6B060E664577D3AEC3D0BB0843355.e.10809","ELEMENT":"f.B7EBD3B9E1BF342B1CF0F76B0C9C80BF.d.1CD6B060E664577D3AEC3D0BB0843355.e.10809"}]}
RESULT: {"script":"<script> [56 bytes]","args":[{"element-6066-11e4-a52e-4f735466cecf":"f.B7EBD3B9E1BF342B1CF0F76B0C9C80BF.d.1CD6B060E664577D3AEC3D0BB0843355.e.10809","ELEMENT":"f.B7EBD3B9E1BF342B1CF0F76B0C9C80BF.d.1CD6B060E664577D3AEC3D0BB0843355.e.10809"}]}
COMMAND: POST /session/47a0cfcb1b688bc57e33978b59aaa3c6/element - {"using":"css selector","value":"#shell-header-logo"}
COMMAND: GET /session/47a0cfcb1b688bc57e33978b59aaa3c6/screenshot - {}
RESULT: {"using":"css selector","value":"#shell-header-logo"}
COMMAND: POST /session/47a0cfcb1b688bc57e33978b59aaa3c6/element/f.B7EBD3B9E1BF342B1CF0F76B0C9C80BF.d.1CD6B060E664577D3AEC3D0BB0843355.e.10046/click - {}
RESULT: {}
RESULT: {}
COMMAND: GET /session/47a0cfcb1b688bc57e33978b59aaa3c6/screenshot - {}
RESULT: {}
COMMAND: POST /session/47a0cfcb1b688bc57e33978b59aaa3c6/execute/sync - {"script":"<script> [299 bytes]","args":[["getModel","getResource"]]}
RESULT: {"script":"<script> [299 bytes]","args":[["getModel","getResource"]]}
COMMAND: POST /session/47a0cfcb1b688bc57e33978b59aaa3c6/actions - {"actions":[{"id":"action35","type":"key","parameters":{},"actions":[{"type":"keyDown","value":"î€‡"},{"type":"pause","duration":10},{"type":"keyUp","value":"î€‡"}]}]}
COMMAND: GET /session/47a0cfcb1b688bc57e33978b59aaa3c6/screenshot - {}
RESULT: {"actions":[{"id":"action35","type":"key","parameters":{},"actions":[{"type":"keyDown","value":"î€‡"},{"type":"pause","duration":10},{"type":"keyUp","value":"î€‡"}]}]}
COMMAND: GET /session/47a0cfcb1b688bc57e33978b59aaa3c6/screenshot - {}
RESULT: {}
RESULT: {}
COMMAND: POST /session/47a0cfcb1b688bc57e33978b59aaa3c6/refresh - {}
RESULT: {}
COMMAND: GET /session/47a0cfcb1b688bc57e33978b59aaa3c6/screenshot - {}
RESULT: {}
COMMAND: POST /session/47a0cfcb1b688bc57e33978b59aaa3c6/refresh - {}
RESULT: {}
COMMAND: GET /session/47a0cfcb1b688bc57e33978b59aaa3c6/screenshot - {}
RESULT: {}
COMMAND: POST /session/47a0cfcb1b688bc57e33978b59aaa3c6/window/fullscreen - {}
RESULT: {}
COMMAND: POST /session/47a0cfcb1b688bc57e33978b59aaa3c6/execute/async - {"script":"<script> [189 bytes]","args":[]}
RESULT: {"script":"<script> [189 bytes]","args":[]}
COMMAND: POST /session/47a0cfcb1b688bc57e33978b59aaa3c6/execute/async - {"script":"<script> [123 bytes]","args":[]}
RESULT: {"script":"<script> [123 bytes]","args":[]}
COMMAND: POST /session/47a0cfcb1b688bc57e33978b59aaa3c6/timeouts - {"script":"<number>"}
RESULT: {"script":"<number>"}
COMMAND: GET /session/47a0cfcb1b688bc57e33978b59aaa3c6/timeouts - {}
RESULT: {}
RESULT: undefined
COMMAND: POST /session/47a0cfcb1b688bc57e33978b59aaa3c6/execute/async - {"script":"<script> [2676 bytes]","args":[]}
RESULT: {"script":"<script> [2676 bytes]","args":[]}
COMMAND: POST /session/47a0cfcb1b688bc57e33978b59aaa3c6/execute/async - {"script":"<script> [2342 bytes]","args":[{"protocol":"http","hostname":"0.0.0.0","path":"/","capabilities":{"browserName":"chrome","goog:chromeOptions":{"binary":"C:\\Program Files\\Google\\Chrome\\Application\\chrome.exe","args":["--start-maximized"]}},"logLevel":"warn","connectionRetryTimeout":120000,"connectionRetryCount":3,"logLevels":{},"enableDirectConnect":true,"strictSSL":true,"_":"65 more keys: [\"cacheDir\",\"port\",\"requestedCapabilities\",\"automationProtocol\",\"baseUrl\",\"waitforInterval\",\"waitforTimeout\",\"onReload\",\"beforeCommand\",\"afterCommand\",\"rootDir\",\"specs\",\"suites\",\"exclude\",\"groupLogsByTestSpec\",\"excludeDriverLogs\",\"bail\",\"framework\",\"reporters\",\"services\",\"maxInstances\",\"maxInstancesPerCapability\",\"injectGlobals\",\"filesToWatch\",\"execArgv\",\"runnerEnv\",\"runner\",\"shard\",\"specFileRetries\",\"specFileRetriesDelay\",\"specFileRetriesDeferred\",\"reporterSyncInterval\",\"reporterSyncTimeout\",\"cucumberFeaturesWithLineNumbers\",\"autoCompileOpts\",\"mochaOpts\",\"jasmineOpts\",\"cucumberOpts\",\"onPrepare\",\"onWorkerStart\",\"onWorkerEnd\",\"before\",\"beforeSession\",\"beforeSuite\",\"beforeHook\",\"beforeTest\",\"afterTest\",\"afterHook\",\"afterSuite\",\"afterSession\",\"after\",\"onComplete\",\"beforeAssertion\",\"afterAssertion\",\"beforeFeature\",\"beforeScenario\",\"beforeStep\",\"afterStep\",\"afterScenario\",\"afterFeature\",\"_\",\"suite\",\"$0\",\"ignoredWorkerServices\",\"wdi5\"]"}]}
RESULT: {"script":"<script> [2342 bytes]","args":[{"protocol":"http","hostname":"0.0.0.0","path":"/","capabilities":{"browserName":"chrome","goog:chromeOptions":{"binary":"C:\\Program Files\\Google\\Chrome\\Application\\chrome.exe","args":["--start-maximized"]}},"logLevel":"warn","connectionRetryTimeout":120000,"connectionRetryCount":3,"logLevels":{},"enableDirectConnect":true,"strictSSL":true,"_":"65 more keys: [\"cacheDir\",\"port\",\"requestedCapabilities\",\"automationProtocol\",\"baseUrl\",\"waitforInterval\",\"waitforTimeout\",\"onReload\",\"beforeCommand\",\"afterCommand\",\"rootDir\",\"specs\",\"suites\",\"exclude\",\"groupLogsByTestSpec\",\"excludeDriverLogs\",\"bail\",\"framework\",\"reporters\",\"services\",\"maxInstances\",\"maxInstancesPerCapability\",\"injectGlobals\",\"filesToWatch\",\"execArgv\",\"runnerEnv\",\"runner\",\"shard\",\"specFileRetries\",\"specFileRetriesDelay\",\"specFileRetriesDeferred\",\"reporterSyncInterval\",\"reporterSyncTimeout\",\"cucumberFeaturesWithLineNumbers\",\"autoCompileOpts\",\"mochaOpts\",\"jasmineOpts\",\"cucumberOpts\",\"onPrepare\",\"onWorkerStart\",\"onWorkerEnd\",\"before\",\"beforeSession\",\"beforeSuite\",\"beforeHook\",\"beforeTest\",\"afterTest\",\"afterHook\",\"afterSuite\",\"afterSession\",\"after\",\"onComplete\",\"beforeAssertion\",\"afterAssertion\",\"beforeFeature\",\"beforeScenario\",\"beforeStep\",\"afterStep\",\"afterScenario\",\"afterFeature\",\"_\",\"suite\",\"$0\",\"ignoredWorkerServices\",\"wdi5\"]"}]}
COMMAND: POST /session/47a0cfcb1b688bc57e33978b59aaa3c6/execute/async - {"script":"<script> [21126 bytes]","args":[35000]}
RESULT: {"script":"<script> [21126 bytes]","args":[35000]}
COMMAND: POST /session/47a0cfcb1b688bc57e33978b59aaa3c6/window/fullscreen - {}
RESULT: {}
]]></system-out>
    </testcase>
    <testcase classname="chrome.136_0_7103_93.windows.Provide_to_Site_w/o_warehouse_management_w/_clarification_US116605" name="Should create a new material" time="126.788">
      <system-out><![CDATA[
COMMAND: POST /session/47a0cfcb1b688bc57e33978b59aaa3c6/execute/async - {"script":"<script> [1562 bytes]","args":[{"selector":{"controlType":"sap.m.GenericTile","properties":{"header":"Manage Resources"}},"wdio_ui5_key":"sapm.GenericTile{\"header\":\"Manage Resources\"}"}]}
RESULT: {"script":"<script> [1562 bytes]","args":[{"selector":{"controlType":"sap.m.GenericTile","properties":{"header":"Manage Resources"}},"wdio_ui5_key":"sapm.GenericTile{\"header\":\"Manage Resources\"}"}]}
RESULT: undefined
COMMAND: POST /session/47a0cfcb1b688bc57e33978b59aaa3c6/element - {"using":"xpath","value":"//*[@id=\"__tile31\"]"}
RESULT: {"using":"xpath","value":"//*[@id=\"__tile31\"]"}
COMMAND: POST /session/47a0cfcb1b688bc57e33978b59aaa3c6/element/f.B7EBD3B9E1BF342B1CF0F76B0C9C80BF.d.BBDA01A2203CC4FA5170C360DB20A019.e.10891/click - {}
RESULT: {}
COMMAND: GET /session/47a0cfcb1b688bc57e33978b59aaa3c6/screenshot - {}
RESULT: {}
COMMAND: POST /session/47a0cfcb1b688bc57e33978b59aaa3c6/elements - {"using":"xpath","value":"//span[text()='Error']"}
RESULT: {"using":"xpath","value":"//span[text()='Error']"}
COMMAND: POST /session/47a0cfcb1b688bc57e33978b59aaa3c6/element - {"using":"xpath","value":"//button[@data-kt=\"addNewRUOverflowToolbarButton\"]"}
RESULT: {"using":"xpath","value":"//button[@data-kt=\"addNewRUOverflowToolbarButton\"]"}
COMMAND: POST /session/47a0cfcb1b688bc57e33978b59aaa3c6/elements - {"using":"xpath","value":"//button[@data-kt=\"addNewRUOverflowToolbarButton\"]"}
RESULT: {"using":"xpath","value":"//button[@data-kt=\"addNewRUOverflowToolbarButton\"]"}
COMMAND: POST /session/47a0cfcb1b688bc57e33978b59aaa3c6/elements - {"using":"xpath","value":"//button[@data-kt=\"addNewRUOverflowToolbarButton\"]"}
RESULT: {"using":"xpath","value":"//button[@data-kt=\"addNewRUOverflowToolbarButton\"]"}
COMMAND: POST /session/47a0cfcb1b688bc57e33978b59aaa3c6/element - {"using":"xpath","value":"//button[@data-kt=\"addNewRUOverflowToolbarButton\"]"}
RESULT: {"using":"xpath","value":"//button[@data-kt=\"addNewRUOverflowToolbarButton\"]"}
COMMAND: POST /session/47a0cfcb1b688bc57e33978b59aaa3c6/execute/sync - {"script":"<script> [8489 bytes]","args":[{"element-6066-11e4-a52e-4f735466cecf":"f.B7EBD3B9E1BF342B1CF0F76B0C9C80BF.d.BBDA01A2203CC4FA5170C360DB20A019.e.10998","ELEMENT":"f.B7EBD3B9E1BF342B1CF0F76B0C9C80BF.d.BBDA01A2203CC4FA5170C360DB20A019.e.10998"}]}
RESULT: {"script":"<script> [8489 bytes]","args":[{"element-6066-11e4-a52e-4f735466cecf":"f.B7EBD3B9E1BF342B1CF0F76B0C9C80BF.d.BBDA01A2203CC4FA5170C360DB20A019.e.10998","ELEMENT":"f.B7EBD3B9E1BF342B1CF0F76B0C9C80BF.d.BBDA01A2203CC4FA5170C360DB20A019.e.10998"}]}
COMMAND: GET /session/47a0cfcb1b688bc57e33978b59aaa3c6/element/f.B7EBD3B9E1BF342B1CF0F76B0C9C80BF.d.BBDA01A2203CC4FA5170C360DB20A019.e.10998/enabled - {}
COMMAND: GET /session/47a0cfcb1b688bc57e33978b59aaa3c6/screenshot - {}
RESULT: {}
COMMAND: POST /session/47a0cfcb1b688bc57e33978b59aaa3c6/execute/sync - {"script":"<script> [8489 bytes]","args":[{"element-6066-11e4-a52e-4f735466cecf":"f.B7EBD3B9E1BF342B1CF0F76B0C9C80BF.d.BBDA01A2203CC4FA5170C360DB20A019.e.10998","ELEMENT":"f.B7EBD3B9E1BF342B1CF0F76B0C9C80BF.d.BBDA01A2203CC4FA5170C360DB20A019.e.10998"}]}
COMMAND: GET /session/47a0cfcb1b688bc57e33978b59aaa3c6/screenshot - {}
RESULT: {}
RESULT: {"script":"<script> [8489 bytes]","args":[{"element-6066-11e4-a52e-4f735466cecf":"f.B7EBD3B9E1BF342B1CF0F76B0C9C80BF.d.BBDA01A2203CC4FA5170C360DB20A019.e.10998","ELEMENT":"f.B7EBD3B9E1BF342B1CF0F76B0C9C80BF.d.BBDA01A2203CC4FA5170C360DB20A019.e.10998"}]}
COMMAND: POST /session/47a0cfcb1b688bc57e33978b59aaa3c6/execute/sync - {"script":"<script> [5351 bytes]","args":[{"element-6066-11e4-a52e-4f735466cecf":"f.B7EBD3B9E1BF342B1CF0F76B0C9C80BF.d.BBDA01A2203CC4FA5170C360DB20A019.e.10998","ELEMENT":"f.B7EBD3B9E1BF342B1CF0F76B0C9C80BF.d.BBDA01A2203CC4FA5170C360DB20A019.e.10998"}]}
COMMAND: GET /session/47a0cfcb1b688bc57e33978b59aaa3c6/screenshot - {}
RESULT: {}
RESULT: {"script":"<script> [5351 bytes]","args":[{"element-6066-11e4-a52e-4f735466cecf":"f.B7EBD3B9E1BF342B1CF0F76B0C9C80BF.d.BBDA01A2203CC4FA5170C360DB20A019.e.10998","ELEMENT":"f.B7EBD3B9E1BF342B1CF0F76B0C9C80BF.d.BBDA01A2203CC4FA5170C360DB20A019.e.10998"}]}
COMMAND: POST /session/47a0cfcb1b688bc57e33978b59aaa3c6/element/f.B7EBD3B9E1BF342B1CF0F76B0C9C80BF.d.BBDA01A2203CC4FA5170C360DB20A019.e.10998/click - {}
COMMAND: GET /session/47a0cfcb1b688bc57e33978b59aaa3c6/screenshot - {}
RESULT: {}
RESULT: {}
COMMAND: GET /session/47a0cfcb1b688bc57e33978b59aaa3c6/screenshot - {}
RESULT: {}
RESULT: {}
COMMAND: POST /session/47a0cfcb1b688bc57e33978b59aaa3c6/execute/async - {"script":"<script> [1562 bytes]","args":[{"selector":{"id":"application-manageresources-display-component---newResourceUnit--TYPE-arrow"},"wdio_ui5_key":"applicationmanageresources-display-component---newResourceUnit--TYPE-arrow"}]}
RESULT: {"script":"<script> [1562 bytes]","args":[{"selector":{"id":"application-manageresources-display-component---newResourceUnit--TYPE-arrow"},"wdio_ui5_key":"applicationmanageresources-display-component---newResourceUnit--TYPE-arrow"}]}
RESULT: undefined
COMMAND: POST /session/47a0cfcb1b688bc57e33978b59aaa3c6/element - {"using":"xpath","value":"//*[@id=\"application-manageresources-display-component---newResourceUnit--TYPE-arrow\"]"}
RESULT: {"using":"xpath","value":"//*[@id=\"application-manageresources-display-component---newResourceUnit--TYPE-arrow\"]"}
COMMAND: POST /session/47a0cfcb1b688bc57e33978b59aaa3c6/element/f.B7EBD3B9E1BF342B1CF0F76B0C9C80BF.d.BBDA01A2203CC4FA5170C360DB20A019.e.11357/click - {}
RESULT: {}
COMMAND: POST /session/47a0cfcb1b688bc57e33978b59aaa3c6/element - {"using":"xpath","value":"//input[@id=\"application-manageresources-display-component---newResourceUnit--TYPE-inner\"]"}
COMMAND: GET /session/47a0cfcb1b688bc57e33978b59aaa3c6/screenshot - {}
RESULT: {"using":"xpath","value":"//input[@id=\"application-manageresources-display-component---newResourceUnit--TYPE-inner\"]"}
COMMAND: POST /session/47a0cfcb1b688bc57e33978b59aaa3c6/element/f.B7EBD3B9E1BF342B1CF0F76B0C9C80BF.d.BBDA01A2203CC4FA5170C360DB20A019.e.11349/clear - {}
RESULT: {}
RESULT: {}
COMMAND: POST /session/47a0cfcb1b688bc57e33978b59aaa3c6/element/f.B7EBD3B9E1BF342B1CF0F76B0C9C80BF.d.BBDA01A2203CC4FA5170C360DB20A019.e.11349/value - {"text":"Material"}
COMMAND: GET /session/47a0cfcb1b688bc57e33978b59aaa3c6/screenshot - {}
RESULT: {"text":"Material"}
COMMAND: GET /session/47a0cfcb1b688bc57e33978b59aaa3c6/screenshot - {}
RESULT: {}
RESULT: {}
COMMAND: POST /session/47a0cfcb1b688bc57e33978b59aaa3c6/actions - {"actions":[{"id":"action36","type":"key","parameters":{},"actions":[{"type":"keyDown","value":"î€‡"},{"type":"pause","duration":10},{"type":"keyUp","value":"î€‡"}]}]}
RESULT: {"actions":[{"id":"action36","type":"key","parameters":{},"actions":[{"type":"keyDown","value":"î€‡"},{"type":"pause","duration":10},{"type":"keyUp","value":"î€‡"}]}]}
COMMAND: POST /session/47a0cfcb1b688bc57e33978b59aaa3c6/execute/async - {"script":"<script> [1562 bytes]","args":[{"selector":{"id":"application-manageresources-display-component---newResourceUnit--SHORT_TEXT","interaction":{"idSuffix":"inner"}},"wdio_ui5_key":"applicationmanageresources-display-component---newResourceUnit--SHORT_TEXT"}]}
COMMAND: GET /session/47a0cfcb1b688bc57e33978b59aaa3c6/screenshot - {}
RESULT: {"script":"<script> [1562 bytes]","args":[{"selector":{"id":"application-manageresources-display-component---newResourceUnit--SHORT_TEXT","interaction":{"idSuffix":"inner"}},"wdio_ui5_key":"applicationmanageresources-display-component---newResourceUnit--SHORT_TEXT"}]}
RESULT: undefined
COMMAND: POST /session/47a0cfcb1b688bc57e33978b59aaa3c6/execute/async - {"script":"<script> [776 bytes]","args":[{"enterText":"Cement WDIO","selector":{"id":"application-manageresources-display-component---newResourceUnit--SHORT_TEXT","interaction":{"idSuffix":"inner"}},"clearTextFirst":true,"interactionType":"ENTER_TEXT"}]}
RESULT: {}
RESULT: {"script":"<script> [776 bytes]","args":[{"enterText":"Cement WDIO","selector":{"id":"application-manageresources-display-component---newResourceUnit--SHORT_TEXT","interaction":{"idSuffix":"inner"}},"clearTextFirst":true,"interactionType":"ENTER_TEXT"}]}
COMMAND: POST /session/47a0cfcb1b688bc57e33978b59aaa3c6/execute/async - {"script":"<script> [1562 bytes]","args":[{"selector":{"id":"application-manageresources-display-component---newResourceUnit--BASE_UNIT_OF_MEASURE","interaction":{"idSuffix":"inner"}},"wdio_ui5_key":"applicationmanageresources-display-component---newResourceUnit--BASE_UNIT_OF_MEASURE"}]}
RESULT: {"script":"<script> [1562 bytes]","args":[{"selector":{"id":"application-manageresources-display-component---newResourceUnit--BASE_UNIT_OF_MEASURE","interaction":{"idSuffix":"inner"}},"wdio_ui5_key":"applicationmanageresources-display-component---newResourceUnit--BASE_UNIT_OF_MEASURE"}]}
RESULT: undefined
COMMAND: POST /session/47a0cfcb1b688bc57e33978b59aaa3c6/execute/async - {"script":"<script> [776 bytes]","args":[{"enterText":"Piece","selector":{"id":"application-manageresources-display-component---newResourceUnit--BASE_UNIT_OF_MEASURE","interaction":{"idSuffix":"inner"}},"clearTextFirst":true,"interactionType":"ENTER_TEXT"}]}
RESULT: {"script":"<script> [776 bytes]","args":[{"enterText":"Piece","selector":{"id":"application-manageresources-display-component---newResourceUnit--BASE_UNIT_OF_MEASURE","interaction":{"idSuffix":"inner"}},"clearTextFirst":true,"interactionType":"ENTER_TEXT"}]}
COMMAND: POST /session/47a0cfcb1b688bc57e33978b59aaa3c6/execute/async - {"script":"<script> [1562 bytes]","args":[{"selector":{"id":"application-manageresources-display-component---newResourceUnit--WEIGHT_UNIT","interaction":{"idSuffix":"inner"}},"wdio_ui5_key":"applicationmanageresources-display-component---newResourceUnit--WEIGHT_UNIT"}]}
RESULT: {"script":"<script> [1562 bytes]","args":[{"selector":{"id":"application-manageresources-display-component---newResourceUnit--WEIGHT_UNIT","interaction":{"idSuffix":"inner"}},"wdio_ui5_key":"applicationmanageresources-display-component---newResourceUnit--WEIGHT_UNIT"}]}
RESULT: undefined
COMMAND: POST /session/47a0cfcb1b688bc57e33978b59aaa3c6/execute/async - {"script":"<script> [776 bytes]","args":[{"enterText":"Gram","selector":{"id":"application-manageresources-display-component---newResourceUnit--WEIGHT_UNIT","interaction":{"idSuffix":"inner"}},"clearTextFirst":true,"interactionType":"ENTER_TEXT"}]}
RESULT: {"script":"<script> [776 bytes]","args":[{"enterText":"Gram","selector":{"id":"application-manageresources-display-component---newResourceUnit--WEIGHT_UNIT","interaction":{"idSuffix":"inner"}},"clearTextFirst":true,"interactionType":"ENTER_TEXT"}]}
COMMAND: POST /session/47a0cfcb1b688bc57e33978b59aaa3c6/execute/async - {"script":"<script> [1562 bytes]","args":[{"selector":{"id":"application-manageresources-display-component---newResourceUnit--DIMENSION_UNIT","interaction":{"idSuffix":"inner"}},"wdio_ui5_key":"applicationmanageresources-display-component---newResourceUnit--DIMENSION_UNIT"}]}
RESULT: {"script":"<script> [1562 bytes]","args":[{"selector":{"id":"application-manageresources-display-component---newResourceUnit--DIMENSION_UNIT","interaction":{"idSuffix":"inner"}},"wdio_ui5_key":"applicationmanageresources-display-component---newResourceUnit--DIMENSION_UNIT"}]}
RESULT: undefined
COMMAND: POST /session/47a0cfcb1b688bc57e33978b59aaa3c6/execute/async - {"script":"<script> [776 bytes]","args":[{"enterText":"Meter","selector":{"id":"application-manageresources-display-component---newResourceUnit--DIMENSION_UNIT","interaction":{"idSuffix":"inner"}},"clearTextFirst":true,"interactionType":"ENTER_TEXT"}]}
RESULT: {"script":"<script> [776 bytes]","args":[{"enterText":"Meter","selector":{"id":"application-manageresources-display-component---newResourceUnit--DIMENSION_UNIT","interaction":{"idSuffix":"inner"}},"clearTextFirst":true,"interactionType":"ENTER_TEXT"}]}
COMMAND: POST /session/47a0cfcb1b688bc57e33978b59aaa3c6/execute/async - {"script":"<script> [1562 bytes]","args":[{"selector":{"id":"application-manageresources-display-component---newResourceUnit--newRRUPage-anchBar-application-manageresources-display-component---newResourceUnit--control-anchor","interaction":{"idSuffix":"BDI-content"}},"wdio_ui5_key":"applicationmanageresources-display-component---newResourceUnit--newRRUPage-anchBar-application-manageresources-display-component---newResourceUnit--control-anchor"}]}
RESULT: {"script":"<script> [1562 bytes]","args":[{"selector":{"id":"application-manageresources-display-component---newResourceUnit--newRRUPage-anchBar-application-manageresources-display-component---newResourceUnit--control-anchor","interaction":{"idSuffix":"BDI-content"}},"wdio_ui5_key":"applicationmanageresources-display-component---newResourceUnit--newRRUPage-anchBar-application-manageresources-display-component---newResourceUnit--control-anchor"}]}
RESULT: undefined
COMMAND: POST /session/47a0cfcb1b688bc57e33978b59aaa3c6/element - {"using":"xpath","value":"//*[@id=\"application-manageresources-display-component---newResourceUnit--newRRUPage-anchBar-application-manageresources-display-component---newResourceUnit--control-anchor\"]"}
RESULT: {"using":"xpath","value":"//*[@id=\"application-manageresources-display-component---newResourceUnit--newRRUPage-anchBar-application-manageresources-display-component---newResourceUnit--control-anchor\"]"}
COMMAND: POST /session/47a0cfcb1b688bc57e33978b59aaa3c6/element/f.B7EBD3B9E1BF342B1CF0F76B0C9C80BF.d.BBDA01A2203CC4FA5170C360DB20A019.e.11424/click - {}
RESULT: {}
COMMAND: POST /session/47a0cfcb1b688bc57e33978b59aaa3c6/execute/async - {"script":"<script> [1562 bytes]","args":[{"selector":{"id":"application-manageresources-display-component---newResourceUnit--PLANNING_GROUP","interaction":{"idSuffix":"inner"}},"wdio_ui5_key":"applicationmanageresources-display-component---newResourceUnit--PLANNING_GROUP"}]}
COMMAND: GET /session/47a0cfcb1b688bc57e33978b59aaa3c6/screenshot - {}
RESULT: {"script":"<script> [1562 bytes]","args":[{"selector":{"id":"application-manageresources-display-component---newResourceUnit--PLANNING_GROUP","interaction":{"idSuffix":"inner"}},"wdio_ui5_key":"applicationmanageresources-display-component---newResourceUnit--PLANNING_GROUP"}]}
RESULT: undefined
COMMAND: POST /session/47a0cfcb1b688bc57e33978b59aaa3c6/execute/async - {"script":"<script> [776 bytes]","args":[{"enterText":"Material","selector":{"id":"application-manageresources-display-component---newResourceUnit--PLANNING_GROUP","interaction":{"idSuffix":"inner"}},"clearTextFirst":true,"interactionType":"ENTER_TEXT"}]}
RESULT: {}
RESULT: {"script":"<script> [776 bytes]","args":[{"enterText":"Material","selector":{"id":"application-manageresources-display-component---newResourceUnit--PLANNING_GROUP","interaction":{"idSuffix":"inner"}},"clearTextFirst":true,"interactionType":"ENTER_TEXT"}]}
COMMAND: POST /session/47a0cfcb1b688bc57e33978b59aaa3c6/execute/async - {"script":"<script> [1562 bytes]","args":[{"selector":{"id":"application-manageresources-display-component---newResourceUnit--PLANNING_INDICATOR","interaction":{"idSuffix":"inner"}},"wdio_ui5_key":"applicationmanageresources-display-component---newResourceUnit--PLANNING_INDICATOR"}]}
RESULT: {"script":"<script> [1562 bytes]","args":[{"selector":{"id":"application-manageresources-display-component---newResourceUnit--PLANNING_INDICATOR","interaction":{"idSuffix":"inner"}},"wdio_ui5_key":"applicationmanageresources-display-component---newResourceUnit--PLANNING_INDICATOR"}]}
RESULT: undefined
COMMAND: POST /session/47a0cfcb1b688bc57e33978b59aaa3c6/execute/async - {"script":"<script> [776 bytes]","args":[{"enterText":"10 - infinite","selector":{"id":"application-manageresources-display-component---newResourceUnit--PLANNING_INDICATOR","interaction":{"idSuffix":"inner"}},"clearTextFirst":true,"interactionType":"ENTER_TEXT"}]}
RESULT: {"script":"<script> [776 bytes]","args":[{"enterText":"10 - infinite","selector":{"id":"application-manageresources-display-component---newResourceUnit--PLANNING_INDICATOR","interaction":{"idSuffix":"inner"}},"clearTextFirst":true,"interactionType":"ENTER_TEXT"}]}
COMMAND: POST /session/47a0cfcb1b688bc57e33978b59aaa3c6/element - {"using":"css selector","value":"#application-manageresources-display-component---newResourceUnit--btnAddTimeSegment"}
RESULT: {"using":"css selector","value":"#application-manageresources-display-component---newResourceUnit--btnAddTimeSegment"}
COMMAND: GET /session/47a0cfcb1b688bc57e33978b59aaa3c6/element/f.B7EBD3B9E1BF342B1CF0F76B0C9C80BF.d.BBDA01A2203CC4FA5170C360DB20A019.e.11432/rect - {}
RESULT: {}
COMMAND: GET /session/47a0cfcb1b688bc57e33978b59aaa3c6/window/rect - {}
RESULT: {}
COMMAND: POST /session/47a0cfcb1b688bc57e33978b59aaa3c6/execute/sync - {"script":"<script> [92 bytes]","args":[]}
RESULT: {"script":"<script> [92 bytes]","args":[]}
COMMAND: POST /session/47a0cfcb1b688bc57e33978b59aaa3c6/actions - {"actions":[{"id":"action37","type":"wheel","parameters":{},"actions":[{"type":"scroll","x":-1888,"y":-32,"deltaX":0,"deltaY":0,"duration":0,"origin":{"element-6066-11e4-a52e-4f735466cecf":"f.B7EBD3B9E1BF342B1CF0F76B0C9C80BF.d.BBDA01A2203CC4FA5170C360DB20A019.e.11432"}}]}]}
COMMAND: GET /session/47a0cfcb1b688bc57e33978b59aaa3c6/screenshot - {}
RESULT: {}
COMMAND: POST /session/47a0cfcb1b688bc57e33978b59aaa3c6/execute/sync - {"script":"<script> [79 bytes]","args":[{"element-6066-11e4-a52e-4f735466cecf":"f.B7EBD3B9E1BF342B1CF0F76B0C9C80BF.d.BBDA01A2203CC4FA5170C360DB20A019.e.11432","ELEMENT":"f.B7EBD3B9E1BF342B1CF0F76B0C9C80BF.d.BBDA01A2203CC4FA5170C360DB20A019.e.11432"},{"block":"start","inline":"nearest"}]}
RESULT: {"script":"<script> [79 bytes]","args":[{"element-6066-11e4-a52e-4f735466cecf":"f.B7EBD3B9E1BF342B1CF0F76B0C9C80BF.d.BBDA01A2203CC4FA5170C360DB20A019.e.11432","ELEMENT":"f.B7EBD3B9E1BF342B1CF0F76B0C9C80BF.d.BBDA01A2203CC4FA5170C360DB20A019.e.11432"},{"block":"start","inline":"nearest"}]}
COMMAND: POST /session/47a0cfcb1b688bc57e33978b59aaa3c6/execute/async - {"script":"<script> [1562 bytes]","args":[{"selector":{"id":"application-manageresources-display-component---newResourceUnit--btnAddTimeSegment","interaction":{"idSuffix":"inner"}},"wdio_ui5_key":"applicationmanageresources-display-component---newResourceUnit--btnAddTimeSegment"}]}
COMMAND: GET /session/47a0cfcb1b688bc57e33978b59aaa3c6/screenshot - {}
RESULT: {"script":"<script> [1562 bytes]","args":[{"selector":{"id":"application-manageresources-display-component---newResourceUnit--btnAddTimeSegment","interaction":{"idSuffix":"inner"}},"wdio_ui5_key":"applicationmanageresources-display-component---newResourceUnit--btnAddTimeSegment"}]}
RESULT: undefined
COMMAND: POST /session/47a0cfcb1b688bc57e33978b59aaa3c6/element - {"using":"xpath","value":"//*[@id=\"application-manageresources-display-component---newResourceUnit--btnAddTimeSegment\"]"}
RESULT: {}
RESULT: {"using":"xpath","value":"//*[@id=\"application-manageresources-display-component---newResourceUnit--btnAddTimeSegment\"]"}
COMMAND: POST /session/47a0cfcb1b688bc57e33978b59aaa3c6/element/f.B7EBD3B9E1BF342B1CF0F76B0C9C80BF.d.BBDA01A2203CC4FA5170C360DB20A019.e.11432/click - {}
RESULT: {}
COMMAND: GET /session/47a0cfcb1b688bc57e33978b59aaa3c6/screenshot - {}
RESULT: {}
COMMAND: POST /session/47a0cfcb1b688bc57e33978b59aaa3c6/element - {"using":"xpath","value":"//input[@id=\"application-manageresources-display-component---newResourceUnit--idRuTSAdmin-application-manageresources-display-component---newResourceUnit--RUTimeSegment-0-inner\"]"}
RESULT: {"using":"xpath","value":"//input[@id=\"application-manageresources-display-component---newResourceUnit--idRuTSAdmin-application-manageresources-display-component---newResourceUnit--RUTimeSegment-0-inner\"]"}
COMMAND: POST /session/47a0cfcb1b688bc57e33978b59aaa3c6/element/f.B7EBD3B9E1BF342B1CF0F76B0C9C80BF.d.BBDA01A2203CC4FA5170C360DB20A019.e.11437/clear - {}
RESULT: {}
COMMAND: POST /session/47a0cfcb1b688bc57e33978b59aaa3c6/element/f.B7EBD3B9E1BF342B1CF0F76B0C9C80BF.d.BBDA01A2203CC4FA5170C360DB20A019.e.11437/value - {"text":"595"}
COMMAND: GET /session/47a0cfcb1b688bc57e33978b59aaa3c6/screenshot - {}
RESULT: {"text":"595"}
COMMAND: GET /session/47a0cfcb1b688bc57e33978b59aaa3c6/screenshot - {}
RESULT: {}
RESULT: {}
COMMAND: POST /session/47a0cfcb1b688bc57e33978b59aaa3c6/element - {"using":"xpath","value":"//li[.//span[text()='595']]"}
RESULT: {"using":"xpath","value":"//li[.//span[text()='595']]"}
COMMAND: POST /session/47a0cfcb1b688bc57e33978b59aaa3c6/element/f.B7EBD3B9E1BF342B1CF0F76B0C9C80BF.d.BBDA01A2203CC4FA5170C360DB20A019.e.11447/click - {}
RESULT: {}
COMMAND: GET /session/47a0cfcb1b688bc57e33978b59aaa3c6/screenshot - {}
RESULT: {}
COMMAND: POST /session/47a0cfcb1b688bc57e33978b59aaa3c6/element - {"using":"xpath","value":"(//span[contains(@id, \"-application-manageresources-display-component---newResourceUnit--RUTimeSegment-0-arrow\")])[2]"}
RESULT: {"using":"xpath","value":"(//span[contains(@id, \"-application-manageresources-display-component---newResourceUnit--RUTimeSegment-0-arrow\")])[2]"}
COMMAND: POST /session/47a0cfcb1b688bc57e33978b59aaa3c6/element/f.B7EBD3B9E1BF342B1CF0F76B0C9C80BF.d.BBDA01A2203CC4FA5170C360DB20A019.e.11448/click - {}
RESULT: {}
COMMAND: POST /session/47a0cfcb1b688bc57e33978b59aaa3c6/element - {"using":"xpath","value":"//span[contains(text(), \"PM Order\")]"}
COMMAND: GET /session/47a0cfcb1b688bc57e33978b59aaa3c6/screenshot - {}
RESULT: {"using":"xpath","value":"//span[contains(text(), \"PM Order\")]"}
COMMAND: POST /session/47a0cfcb1b688bc57e33978b59aaa3c6/element/f.B7EBD3B9E1BF342B1CF0F76B0C9C80BF.d.BBDA01A2203CC4FA5170C360DB20A019.e.11449/click - {}
RESULT: {}
RESULT: {}
COMMAND: GET /session/47a0cfcb1b688bc57e33978b59aaa3c6/screenshot - {}
RESULT: {}
COMMAND: POST /session/47a0cfcb1b688bc57e33978b59aaa3c6/element - {"using":"xpath","value":"//td/div/div/div/span[contains(@id, \"newResourceUnit--RUTimeSegment-0-vhi\")][1]"}
RESULT: {"using":"xpath","value":"//td/div/div/div/span[contains(@id, \"newResourceUnit--RUTimeSegment-0-vhi\")][1]"}
COMMAND: GET /session/47a0cfcb1b688bc57e33978b59aaa3c6/element/f.B7EBD3B9E1BF342B1CF0F76B0C9C80BF.d.BBDA01A2203CC4FA5170C360DB20A019.e.11453/rect - {}
RESULT: {}
COMMAND: GET /session/47a0cfcb1b688bc57e33978b59aaa3c6/window/rect - {}
RESULT: {}
COMMAND: POST /session/47a0cfcb1b688bc57e33978b59aaa3c6/execute/sync - {"script":"<script> [92 bytes]","args":[]}
RESULT: {"script":"<script> [92 bytes]","args":[]}
COMMAND: POST /session/47a0cfcb1b688bc57e33978b59aaa3c6/actions - {"actions":[{"id":"action38","type":"wheel","parameters":{},"actions":[{"type":"scroll","x":-1888,"y":-24,"deltaX":0,"deltaY":0,"duration":0,"origin":{"element-6066-11e4-a52e-4f735466cecf":"f.B7EBD3B9E1BF342B1CF0F76B0C9C80BF.d.BBDA01A2203CC4FA5170C360DB20A019.e.11453"}}]}]}
COMMAND: GET /session/47a0cfcb1b688bc57e33978b59aaa3c6/screenshot - {}
RESULT: {}
COMMAND: POST /session/47a0cfcb1b688bc57e33978b59aaa3c6/execute/sync - {"script":"<script> [79 bytes]","args":[{"element-6066-11e4-a52e-4f735466cecf":"f.B7EBD3B9E1BF342B1CF0F76B0C9C80BF.d.BBDA01A2203CC4FA5170C360DB20A019.e.11453","ELEMENT":"f.B7EBD3B9E1BF342B1CF0F76B0C9C80BF.d.BBDA01A2203CC4FA5170C360DB20A019.e.11453"},{"block":"start","inline":"nearest"}]}
RESULT: {"script":"<script> [79 bytes]","args":[{"element-6066-11e4-a52e-4f735466cecf":"f.B7EBD3B9E1BF342B1CF0F76B0C9C80BF.d.BBDA01A2203CC4FA5170C360DB20A019.e.11453","ELEMENT":"f.B7EBD3B9E1BF342B1CF0F76B0C9C80BF.d.BBDA01A2203CC4FA5170C360DB20A019.e.11453"},{"block":"start","inline":"nearest"}]}
COMMAND: GET /session/47a0cfcb1b688bc57e33978b59aaa3c6/screenshot - {}
RESULT: {}
COMMAND: POST /session/47a0cfcb1b688bc57e33978b59aaa3c6/element/f.B7EBD3B9E1BF342B1CF0F76B0C9C80BF.d.BBDA01A2203CC4FA5170C360DB20A019.e.11453/click - {}
RESULT: {}
COMMAND: GET /session/47a0cfcb1b688bc57e33978b59aaa3c6/screenshot - {}
RESULT: {}
COMMAND: POST /session/47a0cfcb1b688bc57e33978b59aaa3c6/execute/async - {"script":"<script> [1562 bytes]","args":[{"selector":{"controlType":"sap.m.SearchField","properties":{"placeholder":"Search"},"searchOpenDialogs":true,"interaction":{"idSuffix":"I"}},"wdio_ui5_key":"sapm.SearchField{\"placeholder\":\"Search\"}"}]}
RESULT: {"script":"<script> [1562 bytes]","args":[{"selector":{"controlType":"sap.m.SearchField","properties":{"placeholder":"Search"},"searchOpenDialogs":true,"interaction":{"idSuffix":"I"}},"wdio_ui5_key":"sapm.SearchField{\"placeholder\":\"Search\"}"}]}
RESULT: undefined
COMMAND: POST /session/47a0cfcb1b688bc57e33978b59aaa3c6/execute/async - {"script":"<script> [776 bytes]","args":[{"enterText":"4000360","selector":{"controlType":"sap.m.SearchField","properties":{"placeholder":"Search"},"searchOpenDialogs":true,"interaction":{"idSuffix":"I"}},"clearTextFirst":true,"interactionType":"ENTER_TEXT"}]}
RESULT: {"script":"<script> [776 bytes]","args":[{"enterText":"4000360","selector":{"controlType":"sap.m.SearchField","properties":{"placeholder":"Search"},"searchOpenDialogs":true,"interaction":{"idSuffix":"I"}},"clearTextFirst":true,"interactionType":"ENTER_TEXT"}]}
COMMAND: POST /session/47a0cfcb1b688bc57e33978b59aaa3c6/actions - {"actions":[{"id":"action39","type":"key","parameters":{},"actions":[{"type":"keyDown","value":"î€‡"},{"type":"pause","duration":10},{"type":"keyUp","value":"î€‡"}]}]}
RESULT: {"actions":[{"id":"action39","type":"key","parameters":{},"actions":[{"type":"keyDown","value":"î€‡"},{"type":"pause","duration":10},{"type":"keyUp","value":"î€‡"}]}]}
COMMAND: GET /session/47a0cfcb1b688bc57e33978b59aaa3c6/screenshot - {}
RESULT: {}
COMMAND: POST /session/47a0cfcb1b688bc57e33978b59aaa3c6/element - {"using":"xpath","value":"//td/div/span[contains(text(), \"BGL Vehicles\")]"}
RESULT: {"using":"xpath","value":"//td/div/span[contains(text(), \"BGL Vehicles\")]"}
COMMAND: POST /session/47a0cfcb1b688bc57e33978b59aaa3c6/element/f.B7EBD3B9E1BF342B1CF0F76B0C9C80BF.d.BBDA01A2203CC4FA5170C360DB20A019.e.11474/click - {}
RESULT: {}
COMMAND: GET /session/47a0cfcb1b688bc57e33978b59aaa3c6/screenshot - {}
RESULT: {}
COMMAND: POST /session/47a0cfcb1b688bc57e33978b59aaa3c6/element - {"using":"xpath","value":"//bdi[contains(text(), \"OK\")]"}
RESULT: {"using":"xpath","value":"//bdi[contains(text(), \"OK\")]"}
COMMAND: POST /session/47a0cfcb1b688bc57e33978b59aaa3c6/element/f.B7EBD3B9E1BF342B1CF0F76B0C9C80BF.d.BBDA01A2203CC4FA5170C360DB20A019.e.11475/click - {}
RESULT: {}
COMMAND: GET /session/47a0cfcb1b688bc57e33978b59aaa3c6/screenshot - {}
RESULT: {}
COMMAND: POST /session/47a0cfcb1b688bc57e33978b59aaa3c6/element - {"using":"xpath","value":"//label[contains(@class, 'sapMLabelRequired') and .//bdi[contains(text(), 'Planned Retirement')]]"}
RESULT: {"using":"xpath","value":"//label[contains(@class, 'sapMLabelRequired') and .//bdi[contains(text(), 'Planned Retirement')]]"}
COMMAND: POST /session/47a0cfcb1b688bc57e33978b59aaa3c6/elements - {"using":"xpath","value":"//label[contains(@class, 'sapMLabelRequired') and .//bdi[contains(text(), 'Planned Retirement')]]"}
RESULT: {"using":"xpath","value":"//label[contains(@class, 'sapMLabelRequired') and .//bdi[contains(text(), 'Planned Retirement')]]"}
COMMAND: POST /session/47a0cfcb1b688bc57e33978b59aaa3c6/element - {"using":"xpath","value":"//button[@data-kt=\"resourceUnitSaveButton\"]"}
RESULT: {"using":"xpath","value":"//button[@data-kt=\"resourceUnitSaveButton\"]"}
COMMAND: POST /session/47a0cfcb1b688bc57e33978b59aaa3c6/element/f.B7EBD3B9E1BF342B1CF0F76B0C9C80BF.d.BBDA01A2203CC4FA5170C360DB20A019.e.11376/click - {}
RESULT: {}
COMMAND: GET /session/47a0cfcb1b688bc57e33978b59aaa3c6/screenshot - {}
RESULT: {}
COMMAND: POST /session/47a0cfcb1b688bc57e33978b59aaa3c6/element - {"using":"xpath","value":"//bdi[contains(text(), \"Close\")]"}
RESULT: {"using":"xpath","value":"//bdi[contains(text(), \"Close\")]"}
COMMAND: POST /session/47a0cfcb1b688bc57e33978b59aaa3c6/element/f.B7EBD3B9E1BF342B1CF0F76B0C9C80BF.d.BBDA01A2203CC4FA5170C360DB20A019.e.11482/click - {}
RESULT: {}
COMMAND: GET /session/47a0cfcb1b688bc57e33978b59aaa3c6/screenshot - {}
RESULT: {}
COMMAND: POST /session/47a0cfcb1b688bc57e33978b59aaa3c6/element - {"using":"xpath","value":"//header[contains(@id, 'detailRruPage-headerTitle')]/div[1]/div[2]/div[2]/span[1]"}
RESULT: {"using":"xpath","value":"//header[contains(@id, 'detailRruPage-headerTitle')]/div[1]/div[2]/div[2]/span[1]"}
COMMAND: POST /session/47a0cfcb1b688bc57e33978b59aaa3c6/elements - {"using":"xpath","value":"//header[contains(@id, 'detailRruPage-headerTitle')]/div[1]/div[2]/div[2]/span[1]"}
RESULT: {"using":"xpath","value":"//header[contains(@id, 'detailRruPage-headerTitle')]/div[1]/div[2]/div[2]/span[1]"}
COMMAND: POST /session/47a0cfcb1b688bc57e33978b59aaa3c6/execute/sync - {"script":"<script> [56 bytes]","args":[{"element-6066-11e4-a52e-4f735466cecf":"f.B7EBD3B9E1BF342B1CF0F76B0C9C80BF.d.BBDA01A2203CC4FA5170C360DB20A019.e.11510","ELEMENT":"f.B7EBD3B9E1BF342B1CF0F76B0C9C80BF.d.BBDA01A2203CC4FA5170C360DB20A019.e.11510"}]}
RESULT: {"script":"<script> [56 bytes]","args":[{"element-6066-11e4-a52e-4f735466cecf":"f.B7EBD3B9E1BF342B1CF0F76B0C9C80BF.d.BBDA01A2203CC4FA5170C360DB20A019.e.11510","ELEMENT":"f.B7EBD3B9E1BF342B1CF0F76B0C9C80BF.d.BBDA01A2203CC4FA5170C360DB20A019.e.11510"}]}
COMMAND: POST /session/47a0cfcb1b688bc57e33978b59aaa3c6/element - {"using":"css selector","value":"#shell-header-logo"}
COMMAND: GET /session/47a0cfcb1b688bc57e33978b59aaa3c6/screenshot - {}
RESULT: {"using":"css selector","value":"#shell-header-logo"}
COMMAND: POST /session/47a0cfcb1b688bc57e33978b59aaa3c6/element/f.B7EBD3B9E1BF342B1CF0F76B0C9C80BF.d.BBDA01A2203CC4FA5170C360DB20A019.e.10968/click - {}
RESULT: {}
RESULT: {}
COMMAND: GET /session/47a0cfcb1b688bc57e33978b59aaa3c6/screenshot - {}
RESULT: {}
]]></system-out>
    </testcase>
  </testsuite>
  <testsuite timestamp="2025-05-20T17:03:08" time="375.957" tests="6" failures="0" errors="0" skipped="0">
    <properties>
      <property name="specId" value="0" />
      <property name="suiteName" value="Provide to Site w/o warehouse management w clarification" />
      <property name="capabilities" value="chrome.136_0_7103_93.windows" />
      <property name="file" value="file:///D:/a/1/s/test/specs/HTR/provide-to-site-wo-warehouse-w-clarification.spec.js" />
    </properties>
    <testcase classname="chrome.136_0_7103_93.windows.Provide_to_Site_w/o_warehouse_management_w_clarification" name="Should do a stock increase handover" time="91.692">
      <system-out><![CDATA[
COMMAND: POST /session/47a0cfcb1b688bc57e33978b59aaa3c6/execute/async - {"script":"<script> [1562 bytes]","args":[{"selector":{"controlType":"sap.m.GenericTile","properties":{"header":"Manage Handovers"}},"wdio_ui5_key":"sapm.GenericTile{\"header\":\"Manage Handovers\"}"}]}
RESULT: {"script":"<script> [1562 bytes]","args":[{"selector":{"controlType":"sap.m.GenericTile","properties":{"header":"Manage Handovers"}},"wdio_ui5_key":"sapm.GenericTile{\"header\":\"Manage Handovers\"}"}]}
RESULT: undefined
COMMAND: POST /session/47a0cfcb1b688bc57e33978b59aaa3c6/element - {"using":"xpath","value":"//*[@id=\"__tile132\"]"}
RESULT: {"using":"xpath","value":"//*[@id=\"__tile132\"]"}
COMMAND: POST /session/47a0cfcb1b688bc57e33978b59aaa3c6/element/f.B7EBD3B9E1BF342B1CF0F76B0C9C80BF.d.BBDA01A2203CC4FA5170C360DB20A019.e.10918/click - {}
RESULT: {}
COMMAND: GET /session/47a0cfcb1b688bc57e33978b59aaa3c6/screenshot - {}
RESULT: {}
COMMAND: POST /session/47a0cfcb1b688bc57e33978b59aaa3c6/elements - {"using":"xpath","value":"//span[text()='Error']"}
RESULT: {"using":"xpath","value":"//span[text()='Error']"}
COMMAND: POST /session/47a0cfcb1b688bc57e33978b59aaa3c6/element - {"using":"xpath","value":"//button[@data-kt=\"masterHOAddButton\"]"}
RESULT: {"using":"xpath","value":"//button[@data-kt=\"masterHOAddButton\"]"}
COMMAND: POST /session/47a0cfcb1b688bc57e33978b59aaa3c6/elements - {"using":"xpath","value":"//button[@data-kt=\"masterHOAddButton\"]"}
RESULT: {"using":"xpath","value":"//button[@data-kt=\"masterHOAddButton\"]"}
COMMAND: POST /session/47a0cfcb1b688bc57e33978b59aaa3c6/execute/sync - {"script":"<script> [8489 bytes]","args":[{"element-6066-11e4-a52e-4f735466cecf":"f.B7EBD3B9E1BF342B1CF0F76B0C9C80BF.d.BBDA01A2203CC4FA5170C360DB20A019.e.11551","ELEMENT":"f.B7EBD3B9E1BF342B1CF0F76B0C9C80BF.d.BBDA01A2203CC4FA5170C360DB20A019.e.11551"}]}
RESULT: {"script":"<script> [8489 bytes]","args":[{"element-6066-11e4-a52e-4f735466cecf":"f.B7EBD3B9E1BF342B1CF0F76B0C9C80BF.d.BBDA01A2203CC4FA5170C360DB20A019.e.11551","ELEMENT":"f.B7EBD3B9E1BF342B1CF0F76B0C9C80BF.d.BBDA01A2203CC4FA5170C360DB20A019.e.11551"}]}
COMMAND: GET /session/47a0cfcb1b688bc57e33978b59aaa3c6/element/f.B7EBD3B9E1BF342B1CF0F76B0C9C80BF.d.BBDA01A2203CC4FA5170C360DB20A019.e.11551/enabled - {}
COMMAND: GET /session/47a0cfcb1b688bc57e33978b59aaa3c6/screenshot - {}
RESULT: {}
COMMAND: POST /session/47a0cfcb1b688bc57e33978b59aaa3c6/execute/sync - {"script":"<script> [8489 bytes]","args":[{"element-6066-11e4-a52e-4f735466cecf":"f.B7EBD3B9E1BF342B1CF0F76B0C9C80BF.d.BBDA01A2203CC4FA5170C360DB20A019.e.11551","ELEMENT":"f.B7EBD3B9E1BF342B1CF0F76B0C9C80BF.d.BBDA01A2203CC4FA5170C360DB20A019.e.11551"}]}
COMMAND: GET /session/47a0cfcb1b688bc57e33978b59aaa3c6/screenshot - {}
RESULT: {}
RESULT: {"script":"<script> [8489 bytes]","args":[{"element-6066-11e4-a52e-4f735466cecf":"f.B7EBD3B9E1BF342B1CF0F76B0C9C80BF.d.BBDA01A2203CC4FA5170C360DB20A019.e.11551","ELEMENT":"f.B7EBD3B9E1BF342B1CF0F76B0C9C80BF.d.BBDA01A2203CC4FA5170C360DB20A019.e.11551"}]}
COMMAND: POST /session/47a0cfcb1b688bc57e33978b59aaa3c6/execute/sync - {"script":"<script> [5351 bytes]","args":[{"element-6066-11e4-a52e-4f735466cecf":"f.B7EBD3B9E1BF342B1CF0F76B0C9C80BF.d.BBDA01A2203CC4FA5170C360DB20A019.e.11551","ELEMENT":"f.B7EBD3B9E1BF342B1CF0F76B0C9C80BF.d.BBDA01A2203CC4FA5170C360DB20A019.e.11551"}]}
COMMAND: GET /session/47a0cfcb1b688bc57e33978b59aaa3c6/screenshot - {}
RESULT: {}
RESULT: {"script":"<script> [5351 bytes]","args":[{"element-6066-11e4-a52e-4f735466cecf":"f.B7EBD3B9E1BF342B1CF0F76B0C9C80BF.d.BBDA01A2203CC4FA5170C360DB20A019.e.11551","ELEMENT":"f.B7EBD3B9E1BF342B1CF0F76B0C9C80BF.d.BBDA01A2203CC4FA5170C360DB20A019.e.11551"}]}
COMMAND: POST /session/47a0cfcb1b688bc57e33978b59aaa3c6/element/f.B7EBD3B9E1BF342B1CF0F76B0C9C80BF.d.BBDA01A2203CC4FA5170C360DB20A019.e.11551/click - {}
COMMAND: GET /session/47a0cfcb1b688bc57e33978b59aaa3c6/screenshot - {}
RESULT: {}
RESULT: {}
COMMAND: GET /session/47a0cfcb1b688bc57e33978b59aaa3c6/screenshot - {}
COMMAND: POST /session/47a0cfcb1b688bc57e33978b59aaa3c6/element - {"using":"xpath","value":"//span[contains(@id ,\"AddNewHO--typeSelect-arrow\")]"}
RESULT: {}
RESULT: {}
RESULT: {"using":"xpath","value":"//span[contains(@id ,\"AddNewHO--typeSelect-arrow\")]"}
COMMAND: POST /session/47a0cfcb1b688bc57e33978b59aaa3c6/element/f.B7EBD3B9E1BF342B1CF0F76B0C9C80BF.d.BBDA01A2203CC4FA5170C360DB20A019.e.11886/click - {}
RESULT: {}
COMMAND: GET /session/47a0cfcb1b688bc57e33978b59aaa3c6/screenshot - {}
RESULT: {}
COMMAND: POST /session/47a0cfcb1b688bc57e33978b59aaa3c6/element - {"using":"xpath","value":"(//li[contains(text(), \"stock increase yard\")])[1]"}
RESULT: {"using":"xpath","value":"(//li[contains(text(), \"stock increase yard\")])[1]"}
COMMAND: POST /session/47a0cfcb1b688bc57e33978b59aaa3c6/element/f.B7EBD3B9E1BF342B1CF0F76B0C9C80BF.d.BBDA01A2203CC4FA5170C360DB20A019.e.11887/click - {}
RESULT: {}
COMMAND: GET /session/47a0cfcb1b688bc57e33978b59aaa3c6/screenshot - {}
RESULT: {}
COMMAND: POST /session/47a0cfcb1b688bc57e33978b59aaa3c6/execute/async - {"script":"<script> [1562 bytes]","args":[{"selector":{"id":"application-managehandovers-display-component---AddNewHO--dueDate","interaction":{"idSuffix":"inner"}},"wdio_ui5_key":"applicationmanagehandovers-display-component---AddNewHO--dueDate"}]}
RESULT: {"script":"<script> [1562 bytes]","args":[{"selector":{"id":"application-managehandovers-display-component---AddNewHO--dueDate","interaction":{"idSuffix":"inner"}},"wdio_ui5_key":"applicationmanagehandovers-display-component---AddNewHO--dueDate"}]}
RESULT: undefined
COMMAND: POST /session/47a0cfcb1b688bc57e33978b59aaa3c6/execute/async - {"script":"<script> [6424 bytes]","args":[{"element-6066-11e4-a52e-4f735466cecf":"f.B7EBD3B9E1BF342B1CF0F76B0C9C80BF.d.BBDA01A2203CC4FA5170C360DB20A019.e.11889"},"setValue",["5/20/25"]]}
RESULT: {"script":"<script> [6424 bytes]","args":[{"element-6066-11e4-a52e-4f735466cecf":"f.B7EBD3B9E1BF342B1CF0F76B0C9C80BF.d.BBDA01A2203CC4FA5170C360DB20A019.e.11889"},"setValue",["5/20/25"]]}
COMMAND: POST /session/47a0cfcb1b688bc57e33978b59aaa3c6/element - {"using":"xpath","value":"//input[@id=\"generalSectionFrg--receiveYard-inner\"]"}
RESULT: {"using":"xpath","value":"//input[@id=\"generalSectionFrg--receiveYard-inner\"]"}
COMMAND: POST /session/47a0cfcb1b688bc57e33978b59aaa3c6/element/f.B7EBD3B9E1BF342B1CF0F76B0C9C80BF.d.BBDA01A2203CC4FA5170C360DB20A019.e.11893/clear - {}
RESULT: {}
COMMAND: POST /session/47a0cfcb1b688bc57e33978b59aaa3c6/element/f.B7EBD3B9E1BF342B1CF0F76B0C9C80BF.d.BBDA01A2203CC4FA5170C360DB20A019.e.11893/value - {"text":"595"}
COMMAND: GET /session/47a0cfcb1b688bc57e33978b59aaa3c6/screenshot - {}
RESULT: {"text":"595"}
COMMAND: GET /session/47a0cfcb1b688bc57e33978b59aaa3c6/screenshot - {}
RESULT: {}
RESULT: {}
COMMAND: POST /session/47a0cfcb1b688bc57e33978b59aaa3c6/element - {"using":"xpath","value":"//li[.//span[text()='595']]"}
RESULT: {"using":"xpath","value":"//li[.//span[text()='595']]"}
COMMAND: POST /session/47a0cfcb1b688bc57e33978b59aaa3c6/element/f.B7EBD3B9E1BF342B1CF0F76B0C9C80BF.d.BBDA01A2203CC4FA5170C360DB20A019.e.11911/click - {}
RESULT: {}
COMMAND: GET /session/47a0cfcb1b688bc57e33978b59aaa3c6/screenshot - {}
RESULT: {}
COMMAND: POST /session/47a0cfcb1b688bc57e33978b59aaa3c6/execute/async - {"script":"<script> [1562 bytes]","args":[{"selector":{"id":"application-managehandovers-display-component---AddNewHO--ObjectPageLayout-anchBar-application-managehandovers-display-component---AddNewHO--section4-anchor","interaction":{"idSuffix":"BDI-content"}},"wdio_ui5_key":"applicationmanagehandovers-display-component---AddNewHO--ObjectPageLayout-anchBar-application-managehandovers-display-component---AddNewHO--section4-anchor"}]}
RESULT: {"script":"<script> [1562 bytes]","args":[{"selector":{"id":"application-managehandovers-display-component---AddNewHO--ObjectPageLayout-anchBar-application-managehandovers-display-component---AddNewHO--section4-anchor","interaction":{"idSuffix":"BDI-content"}},"wdio_ui5_key":"applicationmanagehandovers-display-component---AddNewHO--ObjectPageLayout-anchBar-application-managehandovers-display-component---AddNewHO--section4-anchor"}]}
RESULT: undefined
COMMAND: POST /session/47a0cfcb1b688bc57e33978b59aaa3c6/element - {"using":"xpath","value":"//*[@id=\"application-managehandovers-display-component---AddNewHO--ObjectPageLayout-anchBar-application-managehandovers-display-component---AddNewHO--section4-anchor\"]"}
RESULT: {"using":"xpath","value":"//*[@id=\"application-managehandovers-display-component---AddNewHO--ObjectPageLayout-anchBar-application-managehandovers-display-component---AddNewHO--section4-anchor\"]"}
COMMAND: POST /session/47a0cfcb1b688bc57e33978b59aaa3c6/element/f.B7EBD3B9E1BF342B1CF0F76B0C9C80BF.d.BBDA01A2203CC4FA5170C360DB20A019.e.11913/click - {}
RESULT: {}
COMMAND: POST /session/47a0cfcb1b688bc57e33978b59aaa3c6/element - {"using":"xpath","value":"//button[@aria-label=\"Add\"]"}
COMMAND: GET /session/47a0cfcb1b688bc57e33978b59aaa3c6/screenshot - {}
RESULT: {"using":"xpath","value":"//button[@aria-label=\"Add\"]"}
COMMAND: POST /session/47a0cfcb1b688bc57e33978b59aaa3c6/element/f.B7EBD3B9E1BF342B1CF0F76B0C9C80BF.d.BBDA01A2203CC4FA5170C360DB20A019.e.11917/click - {}
RESULT: {}
RESULT: {}
COMMAND: GET /session/47a0cfcb1b688bc57e33978b59aaa3c6/screenshot - {}
RESULT: {}
COMMAND: POST /session/47a0cfcb1b688bc57e33978b59aaa3c6/execute/async - {"script":"<script> [1562 bytes]","args":[{"selector":{"id":"application-managehandovers-display-component---AddNewHO--smartFilterBar-btnBasicSearch","searchOpenDialogs":true,"interaction":{"idSuffix":"I"}},"wdio_ui5_key":"applicationmanagehandovers-display-component---AddNewHO--smartFilterBar-btnBasicSearch"}]}
RESULT: {"script":"<script> [1562 bytes]","args":[{"selector":{"id":"application-managehandovers-display-component---AddNewHO--smartFilterBar-btnBasicSearch","searchOpenDialogs":true,"interaction":{"idSuffix":"I"}},"wdio_ui5_key":"applicationmanagehandovers-display-component---AddNewHO--smartFilterBar-btnBasicSearch"}]}
RESULT: undefined
COMMAND: POST /session/47a0cfcb1b688bc57e33978b59aaa3c6/execute/async - {"script":"<script> [776 bytes]","args":[{"enterText":"200339","selector":{"id":"application-managehandovers-display-component---AddNewHO--smartFilterBar-btnBasicSearch","searchOpenDialogs":true,"interaction":{"idSuffix":"I"}},"clearTextFirst":true,"interactionType":"ENTER_TEXT"}]}
RESULT: {"script":"<script> [776 bytes]","args":[{"enterText":"200339","selector":{"id":"application-managehandovers-display-component---AddNewHO--smartFilterBar-btnBasicSearch","searchOpenDialogs":true,"interaction":{"idSuffix":"I"}},"clearTextFirst":true,"interactionType":"ENTER_TEXT"}]}
COMMAND: POST /session/47a0cfcb1b688bc57e33978b59aaa3c6/actions - {"actions":[{"id":"action40","type":"key","parameters":{},"actions":[{"type":"keyDown","value":"î€‡"},{"type":"pause","duration":10},{"type":"keyUp","value":"î€‡"}]}]}
RESULT: {"actions":[{"id":"action40","type":"key","parameters":{},"actions":[{"type":"keyDown","value":"î€‡"},{"type":"pause","duration":10},{"type":"keyUp","value":"î€‡"}]}]}
COMMAND: GET /session/47a0cfcb1b688bc57e33978b59aaa3c6/screenshot - {}
RESULT: {}
COMMAND: POST /session/47a0cfcb1b688bc57e33978b59aaa3c6/execute/async - {"script":"<script> [1562 bytes]","args":[{"selector":{"id":"application-managehandovers-display-component---AddNewHO--popup-sa","searchOpenDialogs":true,"interaction":{"idSuffix":"CbBg"}},"wdio_ui5_key":"applicationmanagehandovers-display-component---AddNewHO--popup-sa"}]}
RESULT: {"script":"<script> [1562 bytes]","args":[{"selector":{"id":"application-managehandovers-display-component---AddNewHO--popup-sa","searchOpenDialogs":true,"interaction":{"idSuffix":"CbBg"}},"wdio_ui5_key":"applicationmanagehandovers-display-component---AddNewHO--popup-sa"}]}
RESULT: undefined
COMMAND: POST /session/47a0cfcb1b688bc57e33978b59aaa3c6/element - {"using":"xpath","value":"//*[@id=\"application-managehandovers-display-component---AddNewHO--popup-sa\"]"}
RESULT: {"using":"xpath","value":"//*[@id=\"application-managehandovers-display-component---AddNewHO--popup-sa\"]"}
COMMAND: POST /session/47a0cfcb1b688bc57e33978b59aaa3c6/element/f.B7EBD3B9E1BF342B1CF0F76B0C9C80BF.d.BBDA01A2203CC4FA5170C360DB20A019.e.12070/click - {}
RESULT: {}
COMMAND: GET /session/47a0cfcb1b688bc57e33978b59aaa3c6/screenshot - {}
RESULT: {}
COMMAND: POST /session/47a0cfcb1b688bc57e33978b59aaa3c6/element - {"using":"xpath","value":"//bdi[contains(text(), \"Select\")]"}
RESULT: {"using":"xpath","value":"//bdi[contains(text(), \"Select\")]"}
COMMAND: POST /session/47a0cfcb1b688bc57e33978b59aaa3c6/element/f.B7EBD3B9E1BF342B1CF0F76B0C9C80BF.d.BBDA01A2203CC4FA5170C360DB20A019.e.12071/click - {}
RESULT: {}
COMMAND: GET /session/47a0cfcb1b688bc57e33978b59aaa3c6/screenshot - {}
RESULT: {}
COMMAND: POST /session/47a0cfcb1b688bc57e33978b59aaa3c6/element - {"using":"xpath","value":"//button[@data-kt=\"AddNewHOSaveButton\"]"}
RESULT: {"using":"xpath","value":"//button[@data-kt=\"AddNewHOSaveButton\"]"}
COMMAND: POST /session/47a0cfcb1b688bc57e33978b59aaa3c6/element/f.B7EBD3B9E1BF342B1CF0F76B0C9C80BF.d.BBDA01A2203CC4FA5170C360DB20A019.e.12075/click - {}
RESULT: {}
COMMAND: GET /session/47a0cfcb1b688bc57e33978b59aaa3c6/screenshot - {}
RESULT: {}
COMMAND: POST /session/47a0cfcb1b688bc57e33978b59aaa3c6/execute/async - {"script":"<script> [1562 bytes]","args":[{"selector":{"id":"receiptDatePicker","viewName":"etm.portal.ui.managehandovers.view.DetailExecuteHO","interaction":{"idSuffix":"inner"}},"wdio_ui5_key":"receiptDatePickeretmportal.ui.managehandovers.view.DetailExecuteHO"}]}
RESULT: {"script":"<script> [1562 bytes]","args":[{"selector":{"id":"receiptDatePicker","viewName":"etm.portal.ui.managehandovers.view.DetailExecuteHO","interaction":{"idSuffix":"inner"}},"wdio_ui5_key":"receiptDatePickeretmportal.ui.managehandovers.view.DetailExecuteHO"}]}
RESULT: undefined
COMMAND: POST /session/47a0cfcb1b688bc57e33978b59aaa3c6/execute/async - {"script":"<script> [6424 bytes]","args":[{"element-6066-11e4-a52e-4f735466cecf":"f.B7EBD3B9E1BF342B1CF0F76B0C9C80BF.d.BBDA01A2203CC4FA5170C360DB20A019.e.12093"},"setValue",["5/20/25"]]}
RESULT: {"script":"<script> [6424 bytes]","args":[{"element-6066-11e4-a52e-4f735466cecf":"f.B7EBD3B9E1BF342B1CF0F76B0C9C80BF.d.BBDA01A2203CC4FA5170C360DB20A019.e.12093"},"setValue",["5/20/25"]]}
COMMAND: POST /session/47a0cfcb1b688bc57e33978b59aaa3c6/element - {"using":"xpath","value":"//button[@data-kt=\"PickingTableConfirmAllButton\"]"}
RESULT: {"using":"xpath","value":"//button[@data-kt=\"PickingTableConfirmAllButton\"]"}
COMMAND: POST /session/47a0cfcb1b688bc57e33978b59aaa3c6/element/f.B7EBD3B9E1BF342B1CF0F76B0C9C80BF.d.BBDA01A2203CC4FA5170C360DB20A019.e.12108/click - {}
RESULT: {}
COMMAND: GET /session/47a0cfcb1b688bc57e33978b59aaa3c6/screenshot - {}
RESULT: {}
COMMAND: POST /session/47a0cfcb1b688bc57e33978b59aaa3c6/element - {"using":"xpath","value":"//bdi[contains(text(), \"OK\")]"}
RESULT: {"using":"xpath","value":"//bdi[contains(text(), \"OK\")]"}
COMMAND: POST /session/47a0cfcb1b688bc57e33978b59aaa3c6/element/f.B7EBD3B9E1BF342B1CF0F76B0C9C80BF.d.BBDA01A2203CC4FA5170C360DB20A019.e.12110/click - {}
RESULT: {}
COMMAND: GET /session/47a0cfcb1b688bc57e33978b59aaa3c6/screenshot - {}
RESULT: {}
COMMAND: POST /session/47a0cfcb1b688bc57e33978b59aaa3c6/element - {"using":"xpath","value":"(//bdi[contains(text(), \"Receive\")])[2]"}
RESULT: {"using":"xpath","value":"(//bdi[contains(text(), \"Receive\")])[2]"}
COMMAND: POST /session/47a0cfcb1b688bc57e33978b59aaa3c6/element/f.B7EBD3B9E1BF342B1CF0F76B0C9C80BF.d.BBDA01A2203CC4FA5170C360DB20A019.e.12112/click - {}
RESULT: {}
COMMAND: GET /session/47a0cfcb1b688bc57e33978b59aaa3c6/screenshot - {}
RESULT: {}
COMMAND: POST /session/47a0cfcb1b688bc57e33978b59aaa3c6/element - {"using":"css selector","value":"#shell-header-logo"}
RESULT: {"using":"css selector","value":"#shell-header-logo"}
COMMAND: POST /session/47a0cfcb1b688bc57e33978b59aaa3c6/element/f.B7EBD3B9E1BF342B1CF0F76B0C9C80BF.d.BBDA01A2203CC4FA5170C360DB20A019.e.11513/click - {}
RESULT: {}
COMMAND: GET /session/47a0cfcb1b688bc57e33978b59aaa3c6/screenshot - {}
RESULT: {}
]]></system-out>
    </testcase>
    <testcase classname="chrome.136_0_7103_93.windows.Provide_to_Site_w/o_warehouse_management_w_clarification" name="Should create a new contract" time="64.519">
      <system-out><![CDATA[
COMMAND: POST /session/47a0cfcb1b688bc57e33978b59aaa3c6/execute/async - {"script":"<script> [1562 bytes]","args":[{"selector":{"controlType":"sap.m.GenericTile","properties":{"header":"Manage Contracts"}},"wdio_ui5_key":"sapm.GenericTile{\"header\":\"Manage Contracts\"}"}]}
RESULT: {"script":"<script> [1562 bytes]","args":[{"selector":{"controlType":"sap.m.GenericTile","properties":{"header":"Manage Contracts"}},"wdio_ui5_key":"sapm.GenericTile{\"header\":\"Manage Contracts\"}"}]}
RESULT: undefined
COMMAND: POST /session/47a0cfcb1b688bc57e33978b59aaa3c6/element - {"using":"xpath","value":"//*[@id=\"__tile130\"]"}
RESULT: {"using":"xpath","value":"//*[@id=\"__tile130\"]"}
COMMAND: POST /session/47a0cfcb1b688bc57e33978b59aaa3c6/element/f.B7EBD3B9E1BF342B1CF0F76B0C9C80BF.d.BBDA01A2203CC4FA5170C360DB20A019.e.10907/click - {}
RESULT: {}
COMMAND: GET /session/47a0cfcb1b688bc57e33978b59aaa3c6/screenshot - {}
RESULT: {}
COMMAND: POST /session/47a0cfcb1b688bc57e33978b59aaa3c6/elements - {"using":"xpath","value":"//span[text()='Error']"}
RESULT: undefined
RESULT: undefined
RESULT: {"using":"xpath","value":"//span[text()='Error']"}
COMMAND: POST /session/47a0cfcb1b688bc57e33978b59aaa3c6/element - {"using":"xpath","value":"//button[@data-kt=\"addButton\"]"}
RESULT: {"using":"xpath","value":"//button[@data-kt=\"addButton\"]"}
COMMAND: POST /session/47a0cfcb1b688bc57e33978b59aaa3c6/elements - {"using":"xpath","value":"//button[@data-kt=\"addButton\"]"}
RESULT: {"using":"xpath","value":"//button[@data-kt=\"addButton\"]"}
COMMAND: POST /session/47a0cfcb1b688bc57e33978b59aaa3c6/execute/sync - {"script":"<script> [8489 bytes]","args":[{"element-6066-11e4-a52e-4f735466cecf":"f.B7EBD3B9E1BF342B1CF0F76B0C9C80BF.d.BBDA01A2203CC4FA5170C360DB20A019.e.12329","ELEMENT":"f.B7EBD3B9E1BF342B1CF0F76B0C9C80BF.d.BBDA01A2203CC4FA5170C360DB20A019.e.12329"}]}
RESULT: {"script":"<script> [8489 bytes]","args":[{"element-6066-11e4-a52e-4f735466cecf":"f.B7EBD3B9E1BF342B1CF0F76B0C9C80BF.d.BBDA01A2203CC4FA5170C360DB20A019.e.12329","ELEMENT":"f.B7EBD3B9E1BF342B1CF0F76B0C9C80BF.d.BBDA01A2203CC4FA5170C360DB20A019.e.12329"}]}
COMMAND: GET /session/47a0cfcb1b688bc57e33978b59aaa3c6/element/f.B7EBD3B9E1BF342B1CF0F76B0C9C80BF.d.BBDA01A2203CC4FA5170C360DB20A019.e.12329/enabled - {}
COMMAND: GET /session/47a0cfcb1b688bc57e33978b59aaa3c6/screenshot - {}
RESULT: {}
COMMAND: POST /session/47a0cfcb1b688bc57e33978b59aaa3c6/execute/sync - {"script":"<script> [8489 bytes]","args":[{"element-6066-11e4-a52e-4f735466cecf":"f.B7EBD3B9E1BF342B1CF0F76B0C9C80BF.d.BBDA01A2203CC4FA5170C360DB20A019.e.12329","ELEMENT":"f.B7EBD3B9E1BF342B1CF0F76B0C9C80BF.d.BBDA01A2203CC4FA5170C360DB20A019.e.12329"}]}
COMMAND: GET /session/47a0cfcb1b688bc57e33978b59aaa3c6/screenshot - {}
RESULT: {}
RESULT: {"script":"<script> [8489 bytes]","args":[{"element-6066-11e4-a52e-4f735466cecf":"f.B7EBD3B9E1BF342B1CF0F76B0C9C80BF.d.BBDA01A2203CC4FA5170C360DB20A019.e.12329","ELEMENT":"f.B7EBD3B9E1BF342B1CF0F76B0C9C80BF.d.BBDA01A2203CC4FA5170C360DB20A019.e.12329"}]}
COMMAND: POST /session/47a0cfcb1b688bc57e33978b59aaa3c6/execute/sync - {"script":"<script> [5351 bytes]","args":[{"element-6066-11e4-a52e-4f735466cecf":"f.B7EBD3B9E1BF342B1CF0F76B0C9C80BF.d.BBDA01A2203CC4FA5170C360DB20A019.e.12329","ELEMENT":"f.B7EBD3B9E1BF342B1CF0F76B0C9C80BF.d.BBDA01A2203CC4FA5170C360DB20A019.e.12329"}]}
COMMAND: GET /session/47a0cfcb1b688bc57e33978b59aaa3c6/screenshot - {}
RESULT: {}
RESULT: {"script":"<script> [5351 bytes]","args":[{"element-6066-11e4-a52e-4f735466cecf":"f.B7EBD3B9E1BF342B1CF0F76B0C9C80BF.d.BBDA01A2203CC4FA5170C360DB20A019.e.12329","ELEMENT":"f.B7EBD3B9E1BF342B1CF0F76B0C9C80BF.d.BBDA01A2203CC4FA5170C360DB20A019.e.12329"}]}
COMMAND: GET /session/47a0cfcb1b688bc57e33978b59aaa3c6/screenshot - {}
RESULT: {}
RESULT: {}
COMMAND: POST /session/47a0cfcb1b688bc57e33978b59aaa3c6/element/f.B7EBD3B9E1BF342B1CF0F76B0C9C80BF.d.BBDA01A2203CC4FA5170C360DB20A019.e.12329/click - {}
RESULT: {}
COMMAND: GET /session/47a0cfcb1b688bc57e33978b59aaa3c6/screenshot - {}
COMMAND: POST /session/47a0cfcb1b688bc57e33978b59aaa3c6/execute/async - {"script":"<script> [1562 bytes]","args":[{"selector":{"id":"application-managecontracts-display-component---AddNewContract--projectDescription","interaction":{"idSuffix":"inner"}},"wdio_ui5_key":"applicationmanagecontracts-display-component---AddNewContract--projectDescription"}]}
RESULT: {}
RESULT: {"script":"<script> [1562 bytes]","args":[{"selector":{"id":"application-managecontracts-display-component---AddNewContract--projectDescription","interaction":{"idSuffix":"inner"}},"wdio_ui5_key":"applicationmanagecontracts-display-component---AddNewContract--projectDescription"}]}
RESULT: undefined
COMMAND: POST /session/47a0cfcb1b688bc57e33978b59aaa3c6/execute/async - {"script":"<script> [776 bytes]","args":[{"enterText":"Contract WDIO","selector":{"id":"application-managecontracts-display-component---AddNewContract--projectDescription","interaction":{"idSuffix":"inner"}},"clearTextFirst":true,"interactionType":"ENTER_TEXT"}]}
RESULT: {"script":"<script> [776 bytes]","args":[{"enterText":"Contract WDIO","selector":{"id":"application-managecontracts-display-component---AddNewContract--projectDescription","interaction":{"idSuffix":"inner"}},"clearTextFirst":true,"interactionType":"ENTER_TEXT"}]}
COMMAND: POST /session/47a0cfcb1b688bc57e33978b59aaa3c6/element - {"using":"xpath","value":"//input[@id=\"application-managecontracts-display-component---AddNewContract--site-inner\"]"}
RESULT: {"using":"xpath","value":"//input[@id=\"application-managecontracts-display-component---AddNewContract--site-inner\"]"}
COMMAND: POST /session/47a0cfcb1b688bc57e33978b59aaa3c6/element/f.B7EBD3B9E1BF342B1CF0F76B0C9C80BF.d.BBDA01A2203CC4FA5170C360DB20A019.e.12726/clear - {}
RESULT: {}
COMMAND: POST /session/47a0cfcb1b688bc57e33978b59aaa3c6/element/f.B7EBD3B9E1BF342B1CF0F76B0C9C80BF.d.BBDA01A2203CC4FA5170C360DB20A019.e.12726/value - {"text":"2304"}
COMMAND: GET /session/47a0cfcb1b688bc57e33978b59aaa3c6/screenshot - {}
RESULT: {"text":"2304"}
COMMAND: GET /session/47a0cfcb1b688bc57e33978b59aaa3c6/screenshot - {}
RESULT: {}
RESULT: {}
COMMAND: POST /session/47a0cfcb1b688bc57e33978b59aaa3c6/element - {"using":"xpath","value":"//li[.//span[text()='2304']]"}
RESULT: {"using":"xpath","value":"//li[.//span[text()='2304']]"}
COMMAND: POST /session/47a0cfcb1b688bc57e33978b59aaa3c6/element/f.B7EBD3B9E1BF342B1CF0F76B0C9C80BF.d.BBDA01A2203CC4FA5170C360DB20A019.e.12755/click - {}
RESULT: {}
COMMAND: GET /session/47a0cfcb1b688bc57e33978b59aaa3c6/screenshot - {}
RESULT: {}
COMMAND: POST /session/47a0cfcb1b688bc57e33978b59aaa3c6/element - {"using":"xpath","value":"//input[@id=\"application-managecontracts-display-component---AddNewContract--yardId-inner\"]"}
RESULT: {"using":"xpath","value":"//input[@id=\"application-managecontracts-display-component---AddNewContract--yardId-inner\"]"}
COMMAND: GET /session/47a0cfcb1b688bc57e33978b59aaa3c6/element/f.B7EBD3B9E1BF342B1CF0F76B0C9C80BF.d.BBDA01A2203CC4FA5170C360DB20A019.e.12727/property/value - {}
RESULT: {}
COMMAND: POST /session/47a0cfcb1b688bc57e33978b59aaa3c6/element - {"using":"xpath","value":"//input[@id=\"application-managecontracts-display-component---AddNewContract--customerSelect-inner\"]"}
COMMAND: GET /session/47a0cfcb1b688bc57e33978b59aaa3c6/screenshot - {}
RESULT: {"using":"xpath","value":"//input[@id=\"application-managecontracts-display-component---AddNewContract--customerSelect-inner\"]"}
COMMAND: POST /session/47a0cfcb1b688bc57e33978b59aaa3c6/element/f.B7EBD3B9E1BF342B1CF0F76B0C9C80BF.d.BBDA01A2203CC4FA5170C360DB20A019.e.12725/clear - {}
RESULT: {}
RESULT: {}
COMMAND: POST /session/47a0cfcb1b688bc57e33978b59aaa3c6/element/f.B7EBD3B9E1BF342B1CF0F76B0C9C80BF.d.BBDA01A2203CC4FA5170C360DB20A019.e.12725/value - {"text":"1365"}
COMMAND: GET /session/47a0cfcb1b688bc57e33978b59aaa3c6/screenshot - {}
RESULT: {"text":"1365"}
COMMAND: GET /session/47a0cfcb1b688bc57e33978b59aaa3c6/screenshot - {}
RESULT: {}
RESULT: {}
COMMAND: POST /session/47a0cfcb1b688bc57e33978b59aaa3c6/element - {"using":"xpath","value":"//li[.//span[text()='1365']]"}
RESULT: {"using":"xpath","value":"//li[.//span[text()='1365']]"}
COMMAND: POST /session/47a0cfcb1b688bc57e33978b59aaa3c6/element/f.B7EBD3B9E1BF342B1CF0F76B0C9C80BF.d.BBDA01A2203CC4FA5170C360DB20A019.e.12758/click - {}
RESULT: {}
COMMAND: GET /session/47a0cfcb1b688bc57e33978b59aaa3c6/screenshot - {}
RESULT: {}
COMMAND: POST /session/47a0cfcb1b688bc57e33978b59aaa3c6/element - {"using":"xpath","value":"//button[@data-kt=\"saveButton\"]"}
RESULT: {"using":"xpath","value":"//button[@data-kt=\"saveButton\"]"}
COMMAND: POST /session/47a0cfcb1b688bc57e33978b59aaa3c6/element/f.B7EBD3B9E1BF342B1CF0F76B0C9C80BF.d.BBDA01A2203CC4FA5170C360DB20A019.e.12759/click - {}
RESULT: {}
COMMAND: GET /session/47a0cfcb1b688bc57e33978b59aaa3c6/screenshot - {}
RESULT: {}
COMMAND: POST /session/47a0cfcb1b688bc57e33978b59aaa3c6/element - {"using":"xpath","value":"//span[contains(@id ,\"contractDetailTitleNoExpanded\")]"}
RESULT: {"using":"xpath","value":"//span[contains(@id ,\"contractDetailTitleNoExpanded\")]"}
COMMAND: POST /session/47a0cfcb1b688bc57e33978b59aaa3c6/elements - {"using":"xpath","value":"//span[contains(@id ,\"contractDetailTitleNoExpanded\")]"}
RESULT: {"using":"xpath","value":"//span[contains(@id ,\"contractDetailTitleNoExpanded\")]"}
COMMAND: POST /session/47a0cfcb1b688bc57e33978b59aaa3c6/execute/sync - {"script":"<script> [56 bytes]","args":[{"element-6066-11e4-a52e-4f735466cecf":"f.B7EBD3B9E1BF342B1CF0F76B0C9C80BF.d.BBDA01A2203CC4FA5170C360DB20A019.e.12769","ELEMENT":"f.B7EBD3B9E1BF342B1CF0F76B0C9C80BF.d.BBDA01A2203CC4FA5170C360DB20A019.e.12769"}]}
RESULT: {"script":"<script> [56 bytes]","args":[{"element-6066-11e4-a52e-4f735466cecf":"f.B7EBD3B9E1BF342B1CF0F76B0C9C80BF.d.BBDA01A2203CC4FA5170C360DB20A019.e.12769","ELEMENT":"f.B7EBD3B9E1BF342B1CF0F76B0C9C80BF.d.BBDA01A2203CC4FA5170C360DB20A019.e.12769"}]}
COMMAND: GET /session/47a0cfcb1b688bc57e33978b59aaa3c6/screenshot - {}
RESULT: {}
]]></system-out>
    </testcase>
    <testcase classname="chrome.136_0_7103_93.windows.Provide_to_Site_w/o_warehouse_management_w_clarification" name="Should add equipment to the contract" time="56.822">
      <system-out><![CDATA[
COMMAND: POST /session/47a0cfcb1b688bc57e33978b59aaa3c6/element - {"using":"xpath","value":"//button[@data-kt=\"contractDetailEditBtnButton\"]"}
RESULT: {"using":"xpath","value":"//button[@data-kt=\"contractDetailEditBtnButton\"]"}
COMMAND: POST /session/47a0cfcb1b688bc57e33978b59aaa3c6/element/f.B7EBD3B9E1BF342B1CF0F76B0C9C80BF.d.BBDA01A2203CC4FA5170C360DB20A019.e.12772/click - {}
RESULT: {}
COMMAND: GET /session/47a0cfcb1b688bc57e33978b59aaa3c6/screenshot - {}
RESULT: {}
COMMAND: POST /session/47a0cfcb1b688bc57e33978b59aaa3c6/element - {"using":"xpath","value":"(//span[contains(text(), \"Additional Addresses\")])[2]"}
RESULT: {"using":"xpath","value":"(//span[contains(text(), \"Additional Addresses\")])[2]"}
COMMAND: POST /session/47a0cfcb1b688bc57e33978b59aaa3c6/element/f.B7EBD3B9E1BF342B1CF0F76B0C9C80BF.d.BBDA01A2203CC4FA5170C360DB20A019.e.12827/click - {}
RESULT: {}
COMMAND: GET /session/47a0cfcb1b688bc57e33978b59aaa3c6/screenshot - {}
RESULT: {}
COMMAND: POST /session/47a0cfcb1b688bc57e33978b59aaa3c6/element - {"using":"xpath","value":"//button[@data-kt=\"btnAddTableRowOverflowToolbarButton\"]"}
RESULT: {"using":"xpath","value":"//button[@data-kt=\"btnAddTableRowOverflowToolbarButton\"]"}
COMMAND: POST /session/47a0cfcb1b688bc57e33978b59aaa3c6/element/f.B7EBD3B9E1BF342B1CF0F76B0C9C80BF.d.BBDA01A2203CC4FA5170C360DB20A019.e.12830/click - {}
RESULT: {}
COMMAND: GET /session/47a0cfcb1b688bc57e33978b59aaa3c6/screenshot - {}
RESULT: {}
COMMAND: POST /session/47a0cfcb1b688bc57e33978b59aaa3c6/element - {"using":"xpath","value":"//div[(text() = 'Standard Entry' or . = 'Standard Entry')]"}
RESULT: {"using":"xpath","value":"//div[(text() = 'Standard Entry' or . = 'Standard Entry')]"}
COMMAND: POST /session/47a0cfcb1b688bc57e33978b59aaa3c6/element/f.B7EBD3B9E1BF342B1CF0F76B0C9C80BF.d.BBDA01A2203CC4FA5170C360DB20A019.e.12832/click - {}
RESULT: {}
COMMAND: GET /session/47a0cfcb1b688bc57e33978b59aaa3c6/screenshot - {}
RESULT: {}
COMMAND: POST /session/47a0cfcb1b688bc57e33978b59aaa3c6/element - {"using":"xpath","value":"//td[6]/div/div/div/span"}
RESULT: {"using":"xpath","value":"//td[6]/div/div/div/span"}
COMMAND: POST /session/47a0cfcb1b688bc57e33978b59aaa3c6/element/f.B7EBD3B9E1BF342B1CF0F76B0C9C80BF.d.BBDA01A2203CC4FA5170C360DB20A019.e.12844/click - {}
RESULT: {}
COMMAND: GET /session/47a0cfcb1b688bc57e33978b59aaa3c6/screenshot - {}
RESULT: {}
COMMAND: POST /session/47a0cfcb1b688bc57e33978b59aaa3c6/element - {"using":"xpath","value":"(//span[contains(text(), \"Material\")])"}
RESULT: {"using":"xpath","value":"(//span[contains(text(), \"Material\")])"}
COMMAND: POST /session/47a0cfcb1b688bc57e33978b59aaa3c6/element/f.B7EBD3B9E1BF342B1CF0F76B0C9C80BF.d.BBDA01A2203CC4FA5170C360DB20A019.e.12845/click - {}
RESULT: {}
COMMAND: GET /session/47a0cfcb1b688bc57e33978b59aaa3c6/screenshot - {}
RESULT: {}
COMMAND: POST /session/47a0cfcb1b688bc57e33978b59aaa3c6/element - {"using":"xpath","value":"//td[7]/div/div/input"}
RESULT: {"using":"xpath","value":"//td[7]/div/div/input"}
COMMAND: POST /session/47a0cfcb1b688bc57e33978b59aaa3c6/element/f.B7EBD3B9E1BF342B1CF0F76B0C9C80BF.d.BBDA01A2203CC4FA5170C360DB20A019.e.12849/clear - {}
RESULT: {}
COMMAND: POST /session/47a0cfcb1b688bc57e33978b59aaa3c6/element/f.B7EBD3B9E1BF342B1CF0F76B0C9C80BF.d.BBDA01A2203CC4FA5170C360DB20A019.e.12849/value - {"text":"200339"}
COMMAND: GET /session/47a0cfcb1b688bc57e33978b59aaa3c6/screenshot - {}
RESULT: {"text":"200339"}
COMMAND: GET /session/47a0cfcb1b688bc57e33978b59aaa3c6/screenshot - {}
RESULT: {}
RESULT: {}
COMMAND: POST /session/47a0cfcb1b688bc57e33978b59aaa3c6/actions - {"actions":[{"id":"action41","type":"key","parameters":{},"actions":[{"type":"keyDown","value":"î€‡"},{"type":"pause","duration":10},{"type":"keyUp","value":"î€‡"}]}]}
RESULT: {"actions":[{"id":"action41","type":"key","parameters":{},"actions":[{"type":"keyDown","value":"î€‡"},{"type":"pause","duration":10},{"type":"keyUp","value":"î€‡"}]}]}
COMMAND: GET /session/47a0cfcb1b688bc57e33978b59aaa3c6/screenshot - {}
RESULT: {}
COMMAND: POST /session/47a0cfcb1b688bc57e33978b59aaa3c6/execute/sync - {"script":"<script> [276 bytes]","args":["No pricing information was found"]}
RESULT: {"script":"<script> [276 bytes]","args":["No pricing information was found"]}
COMMAND: POST /session/47a0cfcb1b688bc57e33978b59aaa3c6/element - {"using":"xpath","value":"//bdi[contains(text(), \"OK\")]"}
COMMAND: GET /session/47a0cfcb1b688bc57e33978b59aaa3c6/screenshot - {}
RESULT: {"using":"xpath","value":"//bdi[contains(text(), \"OK\")]"}
COMMAND: POST /session/47a0cfcb1b688bc57e33978b59aaa3c6/element/f.B7EBD3B9E1BF342B1CF0F76B0C9C80BF.d.BBDA01A2203CC4FA5170C360DB20A019.e.12875/click - {}
RESULT: {}
RESULT: {}
COMMAND: GET /session/47a0cfcb1b688bc57e33978b59aaa3c6/screenshot - {}
RESULT: {}
COMMAND: POST /session/47a0cfcb1b688bc57e33978b59aaa3c6/element - {"using":"xpath","value":"(//button[@data-kt=\"saveButton\"])[2]"}
RESULT: {"using":"xpath","value":"(//button[@data-kt=\"saveButton\"])[2]"}
COMMAND: POST /session/47a0cfcb1b688bc57e33978b59aaa3c6/element/f.B7EBD3B9E1BF342B1CF0F76B0C9C80BF.d.BBDA01A2203CC4FA5170C360DB20A019.e.12876/click - {}
RESULT: {}
COMMAND: GET /session/47a0cfcb1b688bc57e33978b59aaa3c6/screenshot - {}
RESULT: {}
COMMAND: POST /session/47a0cfcb1b688bc57e33978b59aaa3c6/execute/sync - {"script":"<script> [276 bytes]","args":["Some contract items are having rental validity exceeding header rental validity"]}
RESULT: {"script":"<script> [276 bytes]","args":["Some contract items are having rental validity exceeding header rental validity"]}
COMMAND: GET /session/47a0cfcb1b688bc57e33978b59aaa3c6/screenshot - {}
RESULT: {}
COMMAND: POST /session/47a0cfcb1b688bc57e33978b59aaa3c6/element - {"using":"xpath","value":"//span[contains(@id ,\"contractItemsSmartTable-header-inner\")]"}
RESULT: {"using":"xpath","value":"//span[contains(@id ,\"contractItemsSmartTable-header-inner\")]"}
COMMAND: POST /session/47a0cfcb1b688bc57e33978b59aaa3c6/elements - {"using":"xpath","value":"//span[contains(@id ,\"contractItemsSmartTable-header-inner\")]"}
RESULT: {"using":"xpath","value":"//span[contains(@id ,\"contractItemsSmartTable-header-inner\")]"}
COMMAND: POST /session/47a0cfcb1b688bc57e33978b59aaa3c6/execute/sync - {"script":"<script> [56 bytes]","args":[{"element-6066-11e4-a52e-4f735466cecf":"f.B7EBD3B9E1BF342B1CF0F76B0C9C80BF.d.BBDA01A2203CC4FA5170C360DB20A019.e.12880","ELEMENT":"f.B7EBD3B9E1BF342B1CF0F76B0C9C80BF.d.BBDA01A2203CC4FA5170C360DB20A019.e.12880"}]}
RESULT: {"script":"<script> [56 bytes]","args":[{"element-6066-11e4-a52e-4f735466cecf":"f.B7EBD3B9E1BF342B1CF0F76B0C9C80BF.d.BBDA01A2203CC4FA5170C360DB20A019.e.12880","ELEMENT":"f.B7EBD3B9E1BF342B1CF0F76B0C9C80BF.d.BBDA01A2203CC4FA5170C360DB20A019.e.12880"}]}
]]></system-out>
    </testcase>
    <testcase classname="chrome.136_0_7103_93.windows.Provide_to_Site_w/o_warehouse_management_w_clarification" name="Should do provide to site" time="150.047">
      <system-out><![CDATA[
COMMAND: POST /session/47a0cfcb1b688bc57e33978b59aaa3c6/element - {"using":"xpath","value":"//button[@data-kt=\"provideButton\"]"}
COMMAND: GET /session/47a0cfcb1b688bc57e33978b59aaa3c6/screenshot - {}
RESULT: {"using":"xpath","value":"//button[@data-kt=\"provideButton\"]"}
COMMAND: POST /session/47a0cfcb1b688bc57e33978b59aaa3c6/element/f.B7EBD3B9E1BF342B1CF0F76B0C9C80BF.d.BBDA01A2203CC4FA5170C360DB20A019.e.12881/click - {}
RESULT: {}
RESULT: {}
COMMAND: GET /session/47a0cfcb1b688bc57e33978b59aaa3c6/screenshot - {}
RESULT: {}
COMMAND: POST /session/47a0cfcb1b688bc57e33978b59aaa3c6/element - {"using":"xpath","value":"(//div[contains(@id, \"application-managehandovers-display-component---AddNewHO--oneStep-CbBg\")])"}
RESULT: {"using":"xpath","value":"(//div[contains(@id, \"application-managehandovers-display-component---AddNewHO--oneStep-CbBg\")])"}
COMMAND: POST /session/47a0cfcb1b688bc57e33978b59aaa3c6/element - {"using":"xpath","value":"(//div[contains(@id, \"application-managehandovers-display-component---AddNewHO--oneStep-CbBg\")])/input"}
RESULT: {"using":"xpath","value":"(//div[contains(@id, \"application-managehandovers-display-component---AddNewHO--oneStep-CbBg\")])/input"}
COMMAND: GET /session/47a0cfcb1b688bc57e33978b59aaa3c6/element/f.B7EBD3B9E1BF342B1CF0F76B0C9C80BF.d.BBDA01A2203CC4FA5170C360DB20A019.e.12959/attribute/checked - {}
RESULT: {}
RESULT: undefined
COMMAND: POST /session/47a0cfcb1b688bc57e33978b59aaa3c6/execute/async - {"script":"<script> [6424 bytes]","args":[{"element-6066-11e4-a52e-4f735466cecf":"f.B7EBD3B9E1BF342B1CF0F76B0C9C80BF.d.BBDA01A2203CC4FA5170C360DB20A019.e.11889"},"setValue",["05/20/25"]]}
COMMAND: POST /session/47a0cfcb1b688bc57e33978b59aaa3c6/element/f.B7EBD3B9E1BF342B1CF0F76B0C9C80BF.d.BBDA01A2203CC4FA5170C360DB20A019.e.13185/click - {}
COMMAND: POST /session/47a0cfcb1b688bc57e33978b59aaa3c6/execute/async - {"script":"<script> [1562 bytes]","args":[{"selector":{"id":"application-managehandovers-display-component---AddNewHO--dueDate","interaction":{"idSuffix":"inner"}},"wdio_ui5_key":"applicationmanagehandovers-display-component---AddNewHO--dueDate"}]}
RESULT: {}
COMMAND: GET /session/47a0cfcb1b688bc57e33978b59aaa3c6/screenshot - {}
RESULT: {"script":"<script> [1562 bytes]","args":[{"selector":{"id":"application-managehandovers-display-component---AddNewHO--dueDate","interaction":{"idSuffix":"inner"}},"wdio_ui5_key":"applicationmanagehandovers-display-component---AddNewHO--dueDate"}]}
COMMAND: POST /session/47a0cfcb1b688bc57e33978b59aaa3c6/execute/async - {"script":"<script> [6424 bytes]","args":[{"element-6066-11e4-a52e-4f735466cecf":"f.B7EBD3B9E1BF342B1CF0F76B0C9C80BF.d.BBDA01A2203CC4FA5170C360DB20A019.e.12957"},"setValue",["05/20/25"]]}
RESULT: {}
RESULT: {"script":"<script> [6424 bytes]","args":[{"element-6066-11e4-a52e-4f735466cecf":"f.B7EBD3B9E1BF342B1CF0F76B0C9C80BF.d.BBDA01A2203CC4FA5170C360DB20A019.e.12957"},"setValue",["05/20/25"]]}
COMMAND: POST /session/47a0cfcb1b688bc57e33978b59aaa3c6/element - {"using":"xpath","value":"//bdi[contains(text(), \"Instructions\")]"}
RESULT: {"using":"xpath","value":"//bdi[contains(text(), \"Instructions\")]"}
COMMAND: POST /session/47a0cfcb1b688bc57e33978b59aaa3c6/element/f.B7EBD3B9E1BF342B1CF0F76B0C9C80BF.d.BBDA01A2203CC4FA5170C360DB20A019.e.13189/click - {}
RESULT: {}
COMMAND: GET /session/47a0cfcb1b688bc57e33978b59aaa3c6/screenshot - {}
RESULT: {}
COMMAND: POST /session/47a0cfcb1b688bc57e33978b59aaa3c6/element - {"using":"xpath","value":"//button[@data-kt=\"AddNewHOProvideAddItemsButton\"]"}
RESULT: {"using":"xpath","value":"//button[@data-kt=\"AddNewHOProvideAddItemsButton\"]"}
COMMAND: POST /session/47a0cfcb1b688bc57e33978b59aaa3c6/element/f.B7EBD3B9E1BF342B1CF0F76B0C9C80BF.d.BBDA01A2203CC4FA5170C360DB20A019.e.13194/click - {}
RESULT: {}
COMMAND: GET /session/47a0cfcb1b688bc57e33978b59aaa3c6/screenshot - {}
RESULT: {}
RESULT: undefined
COMMAND: POST /session/47a0cfcb1b688bc57e33978b59aaa3c6/element - {"using":"xpath","value":"//*[@id=\"application-managehandovers-display-component---AddNewHO--popup-sa\"]"}
RESULT: {"using":"xpath","value":"//*[@id=\"application-managehandovers-display-component---AddNewHO--popup-sa\"]"}
COMMAND: POST /session/47a0cfcb1b688bc57e33978b59aaa3c6/element/f.B7EBD3B9E1BF342B1CF0F76B0C9C80BF.d.BBDA01A2203CC4FA5170C360DB20A019.e.13204/click - {}
RESULT: {}
COMMAND: GET /session/47a0cfcb1b688bc57e33978b59aaa3c6/screenshot - {}
RESULT: {}
COMMAND: POST /session/47a0cfcb1b688bc57e33978b59aaa3c6/element - {"using":"xpath","value":"//*[contains(@id ,\"BDI-content\")][contains(text(), \"Select\")]"}
RESULT: {"using":"xpath","value":"//*[contains(@id ,\"BDI-content\")][contains(text(), \"Select\")]"}
COMMAND: POST /session/47a0cfcb1b688bc57e33978b59aaa3c6/element/f.B7EBD3B9E1BF342B1CF0F76B0C9C80BF.d.BBDA01A2203CC4FA5170C360DB20A019.e.13205/click - {}
RESULT: {}
COMMAND: GET /session/47a0cfcb1b688bc57e33978b59aaa3c6/screenshot - {}
RESULT: {}
COMMAND: POST /session/47a0cfcb1b688bc57e33978b59aaa3c6/execute/async - {"script":"<script> [1562 bytes]","args":[{"selector":{"id":"application-managehandovers-display-component---AddNewHO--confirmCreationButton","interaction":{"idSuffix":"BDI-content"}},"wdio_ui5_key":"applicationmanagehandovers-display-component---AddNewHO--confirmCreationButton"}]}
RESULT: {"script":"<script> [1562 bytes]","args":[{"selector":{"id":"application-managehandovers-display-component---AddNewHO--confirmCreationButton","interaction":{"idSuffix":"BDI-content"}},"wdio_ui5_key":"applicationmanagehandovers-display-component---AddNewHO--confirmCreationButton"}]}
RESULT: undefined
COMMAND: POST /session/47a0cfcb1b688bc57e33978b59aaa3c6/element - {"using":"xpath","value":"//*[@id=\"application-managehandovers-display-component---AddNewHO--confirmCreationButton\"]"}
RESULT: {"using":"xpath","value":"//*[@id=\"application-managehandovers-display-component---AddNewHO--confirmCreationButton\"]"}
COMMAND: POST /session/47a0cfcb1b688bc57e33978b59aaa3c6/element/f.B7EBD3B9E1BF342B1CF0F76B0C9C80BF.d.BBDA01A2203CC4FA5170C360DB20A019.e.13002/click - {}
RESULT: {}
COMMAND: GET /session/47a0cfcb1b688bc57e33978b59aaa3c6/screenshot - {}
RESULT: {}
COMMAND: POST /session/47a0cfcb1b688bc57e33978b59aaa3c6/execute/async - {"script":"<script> [1562 bytes]","args":[{"selector":{"id":"issueDatePicker","viewName":"etm.portal.ui.managehandovers.view.DetailExecuteHO","interaction":{"idSuffix":"inner"}},"wdio_ui5_key":"issueDatePickeretmportal.ui.managehandovers.view.DetailExecuteHO"}]}
RESULT: {"script":"<script> [1562 bytes]","args":[{"selector":{"id":"issueDatePicker","viewName":"etm.portal.ui.managehandovers.view.DetailExecuteHO","interaction":{"idSuffix":"inner"}},"wdio_ui5_key":"issueDatePickeretmportal.ui.managehandovers.view.DetailExecuteHO"}]}
RESULT: undefined
COMMAND: POST /session/47a0cfcb1b688bc57e33978b59aaa3c6/execute/async - {"script":"<script> [776 bytes]","args":[{"enterText":"5/20/25","selector":{"id":"issueDatePicker","viewName":"etm.portal.ui.managehandovers.view.DetailExecuteHO","interaction":{"idSuffix":"inner"}},"clearTextFirst":true,"interactionType":"ENTER_TEXT"}]}
RESULT: {"script":"<script> [776 bytes]","args":[{"enterText":"5/20/25","selector":{"id":"issueDatePicker","viewName":"etm.portal.ui.managehandovers.view.DetailExecuteHO","interaction":{"idSuffix":"inner"}},"clearTextFirst":true,"interactionType":"ENTER_TEXT"}]}
COMMAND: POST /session/47a0cfcb1b688bc57e33978b59aaa3c6/element - {"using":"xpath","value":"//bdi[contains(text(), \"OK\")]"}
RESULT: {"using":"xpath","value":"//bdi[contains(text(), \"OK\")]"}
COMMAND: POST /session/47a0cfcb1b688bc57e33978b59aaa3c6/element/f.B7EBD3B9E1BF342B1CF0F76B0C9C80BF.d.BBDA01A2203CC4FA5170C360DB20A019.e.13250/click - {}
RESULT: {}
COMMAND: GET /session/47a0cfcb1b688bc57e33978b59aaa3c6/screenshot - {}
RESULT: {}
COMMAND: POST /session/47a0cfcb1b688bc57e33978b59aaa3c6/element - {"using":"xpath","value":"//button[@data-kt=\"PickingTableConfirmAllButton\"]"}
RESULT: {"using":"xpath","value":"//button[@data-kt=\"PickingTableConfirmAllButton\"]"}
COMMAND: POST /session/47a0cfcb1b688bc57e33978b59aaa3c6/element/f.B7EBD3B9E1BF342B1CF0F76B0C9C80BF.d.BBDA01A2203CC4FA5170C360DB20A019.e.13256/click - {}
RESULT: {}
COMMAND: GET /session/47a0cfcb1b688bc57e33978b59aaa3c6/screenshot - {}
RESULT: {}
COMMAND: POST /session/47a0cfcb1b688bc57e33978b59aaa3c6/element - {"using":"xpath","value":"//bdi[contains(text(), \"OK\")]"}
RESULT: {"using":"xpath","value":"//bdi[contains(text(), \"OK\")]"}
COMMAND: POST /session/47a0cfcb1b688bc57e33978b59aaa3c6/element/f.B7EBD3B9E1BF342B1CF0F76B0C9C80BF.d.BBDA01A2203CC4FA5170C360DB20A019.e.13259/click - {}
RESULT: {}
COMMAND: GET /session/47a0cfcb1b688bc57e33978b59aaa3c6/screenshot - {}
RESULT: {}
COMMAND: POST /session/47a0cfcb1b688bc57e33978b59aaa3c6/element - {"using":"xpath","value":"//button[@data-kt=\"execHoPickButton\"]"}
RESULT: {"using":"xpath","value":"//button[@data-kt=\"execHoPickButton\"]"}
COMMAND: POST /session/47a0cfcb1b688bc57e33978b59aaa3c6/element/f.B7EBD3B9E1BF342B1CF0F76B0C9C80BF.d.BBDA01A2203CC4FA5170C360DB20A019.e.13261/click - {}
RESULT: {}
COMMAND: GET /session/47a0cfcb1b688bc57e33978b59aaa3c6/screenshot - {}
RESULT: {}
COMMAND: POST /session/47a0cfcb1b688bc57e33978b59aaa3c6/element - {"using":"xpath","value":"//span[contains(@id ,\"filterItemControl_BASIC-RECEIVE_CONTRACT-vhi\")]"}
RESULT: {"using":"xpath","value":"//span[contains(@id ,\"filterItemControl_BASIC-RECEIVE_CONTRACT-vhi\")]"}
COMMAND: POST /session/47a0cfcb1b688bc57e33978b59aaa3c6/element/f.B7EBD3B9E1BF342B1CF0F76B0C9C80BF.d.BBDA01A2203CC4FA5170C360DB20A019.e.13619/click - {}
RESULT: {}
COMMAND: GET /session/47a0cfcb1b688bc57e33978b59aaa3c6/screenshot - {}
RESULT: {}
COMMAND: POST /session/47a0cfcb1b688bc57e33978b59aaa3c6/execute/async - {"script":"<script> [1562 bytes]","args":[{"selector":{"controlType":"sap.m.SearchField","viewName":"etm.portal.ui.managehandovers.view.MasterHO","bindingPath":{"path":"","propertyPath":"/_BASIC_SEARCH_FIELD","modelName":"fi1t3rM0d31"},"searchOpenDialogs":true,"interaction":{"idSuffix":"I"}},"wdio_ui5_key":"etmportal.ui.managehandovers.view.MasterHOsap.m.SearchField{\"path\":\"\",\"propertyPath\":\"/_BASIC_SEARCH_FIELD\",\"modelName\":\"fi1t3rM0d31\"}"}]}
RESULT: {"script":"<script> [1562 bytes]","args":[{"selector":{"controlType":"sap.m.SearchField","viewName":"etm.portal.ui.managehandovers.view.MasterHO","bindingPath":{"path":"","propertyPath":"/_BASIC_SEARCH_FIELD","modelName":"fi1t3rM0d31"},"searchOpenDialogs":true,"interaction":{"idSuffix":"I"}},"wdio_ui5_key":"etmportal.ui.managehandovers.view.MasterHOsap.m.SearchField{\"path\":\"\",\"propertyPath\":\"/_BASIC_SEARCH_FIELD\",\"modelName\":\"fi1t3rM0d31\"}"}]}
RESULT: undefined
COMMAND: POST /session/47a0cfcb1b688bc57e33978b59aaa3c6/execute/async - {"script":"<script> [776 bytes]","args":[{"enterText":"10431","selector":{"controlType":"sap.m.SearchField","viewName":"etm.portal.ui.managehandovers.view.MasterHO","bindingPath":{"path":"","propertyPath":"/_BASIC_SEARCH_FIELD","modelName":"fi1t3rM0d31"},"searchOpenDialogs":true,"interaction":{"idSuffix":"I"}},"clearTextFirst":true,"interactionType":"ENTER_TEXT"}]}
RESULT: {"script":"<script> [776 bytes]","args":[{"enterText":"10431","selector":{"controlType":"sap.m.SearchField","viewName":"etm.portal.ui.managehandovers.view.MasterHO","bindingPath":{"path":"","propertyPath":"/_BASIC_SEARCH_FIELD","modelName":"fi1t3rM0d31"},"searchOpenDialogs":true,"interaction":{"idSuffix":"I"}},"clearTextFirst":true,"interactionType":"ENTER_TEXT"}]}
COMMAND: POST /session/47a0cfcb1b688bc57e33978b59aaa3c6/actions - {"actions":[{"id":"action42","type":"key","parameters":{},"actions":[{"type":"keyDown","value":"î€‡"},{"type":"pause","duration":10},{"type":"keyUp","value":"î€‡"}]}]}
RESULT: {"actions":[{"id":"action42","type":"key","parameters":{},"actions":[{"type":"keyDown","value":"î€‡"},{"type":"pause","duration":10},{"type":"keyUp","value":"î€‡"}]}]}
COMMAND: GET /session/47a0cfcb1b688bc57e33978b59aaa3c6/screenshot - {}
RESULT: {}
COMMAND: POST /session/47a0cfcb1b688bc57e33978b59aaa3c6/element - {"using":"xpath","value":"//div[contains(@id, 'filterItemControl_BASIC-RECEIVE_CONTRACT-valueHelpDialog-table-rowsel0')]"}
RESULT: {"using":"xpath","value":"//div[contains(@id, 'filterItemControl_BASIC-RECEIVE_CONTRACT-valueHelpDialog-table-rowsel0')]"}
COMMAND: POST /session/47a0cfcb1b688bc57e33978b59aaa3c6/element/f.B7EBD3B9E1BF342B1CF0F76B0C9C80BF.d.BBDA01A2203CC4FA5170C360DB20A019.e.13628/click - {}
RESULT: {}
COMMAND: GET /session/47a0cfcb1b688bc57e33978b59aaa3c6/screenshot - {}
RESULT: {}
COMMAND: POST /session/47a0cfcb1b688bc57e33978b59aaa3c6/element - {"using":"xpath","value":"//bdi[contains(text(), \"OK\")]"}
RESULT: {"using":"xpath","value":"//bdi[contains(text(), \"OK\")]"}
COMMAND: POST /session/47a0cfcb1b688bc57e33978b59aaa3c6/element/f.B7EBD3B9E1BF342B1CF0F76B0C9C80BF.d.BBDA01A2203CC4FA5170C360DB20A019.e.13630/click - {}
RESULT: {}
COMMAND: GET /session/47a0cfcb1b688bc57e33978b59aaa3c6/screenshot - {}
RESULT: {}
COMMAND: POST /session/47a0cfcb1b688bc57e33978b59aaa3c6/element - {"using":"xpath","value":"//span[contains(@id, \"smartTable-header-inner\")]"}
RESULT: {"using":"xpath","value":"//span[contains(@id, \"smartTable-header-inner\")]"}
COMMAND: POST /session/47a0cfcb1b688bc57e33978b59aaa3c6/elements - {"using":"xpath","value":"//span[contains(@id, \"smartTable-header-inner\")]"}
RESULT: {"using":"xpath","value":"//span[contains(@id, \"smartTable-header-inner\")]"}
COMMAND: POST /session/47a0cfcb1b688bc57e33978b59aaa3c6/execute/sync - {"script":"<script> [56 bytes]","args":[{"element-6066-11e4-a52e-4f735466cecf":"f.B7EBD3B9E1BF342B1CF0F76B0C9C80BF.d.BBDA01A2203CC4FA5170C360DB20A019.e.13657","ELEMENT":"f.B7EBD3B9E1BF342B1CF0F76B0C9C80BF.d.BBDA01A2203CC4FA5170C360DB20A019.e.13657"}]}
RESULT: {"script":"<script> [56 bytes]","args":[{"element-6066-11e4-a52e-4f735466cecf":"f.B7EBD3B9E1BF342B1CF0F76B0C9C80BF.d.BBDA01A2203CC4FA5170C360DB20A019.e.13657","ELEMENT":"f.B7EBD3B9E1BF342B1CF0F76B0C9C80BF.d.BBDA01A2203CC4FA5170C360DB20A019.e.13657"}]}
COMMAND: POST /session/47a0cfcb1b688bc57e33978b59aaa3c6/element - {"using":"xpath","value":"//table[contains(@id, \"customHandovers\")]//tbody/tr[1]/td[2]/span"}
COMMAND: GET /session/47a0cfcb1b688bc57e33978b59aaa3c6/screenshot - {}
RESULT: {"using":"xpath","value":"//table[contains(@id, \"customHandovers\")]//tbody/tr[1]/td[2]/span"}
COMMAND: POST /session/47a0cfcb1b688bc57e33978b59aaa3c6/execute/sync - {"script":"<script> [56 bytes]","args":[{"element-6066-11e4-a52e-4f735466cecf":"f.B7EBD3B9E1BF342B1CF0F76B0C9C80BF.d.BBDA01A2203CC4FA5170C360DB20A019.e.13658","ELEMENT":"f.B7EBD3B9E1BF342B1CF0F76B0C9C80BF.d.BBDA01A2203CC4FA5170C360DB20A019.e.13658"}]}
RESULT: {}
RESULT: {"script":"<script> [56 bytes]","args":[{"element-6066-11e4-a52e-4f735466cecf":"f.B7EBD3B9E1BF342B1CF0F76B0C9C80BF.d.BBDA01A2203CC4FA5170C360DB20A019.e.13658","ELEMENT":"f.B7EBD3B9E1BF342B1CF0F76B0C9C80BF.d.BBDA01A2203CC4FA5170C360DB20A019.e.13658"}]}
COMMAND: POST /session/47a0cfcb1b688bc57e33978b59aaa3c6/element - {"using":"xpath","value":"(//span[contains(@id, \"imgNav\")])[1]"}
COMMAND: GET /session/47a0cfcb1b688bc57e33978b59aaa3c6/screenshot - {}
RESULT: {"using":"xpath","value":"(//span[contains(@id, \"imgNav\")])[1]"}
COMMAND: POST /session/47a0cfcb1b688bc57e33978b59aaa3c6/element/f.B7EBD3B9E1BF342B1CF0F76B0C9C80BF.d.BBDA01A2203CC4FA5170C360DB20A019.e.13654/click - {}
RESULT: {}
RESULT: {}
COMMAND: GET /session/47a0cfcb1b688bc57e33978b59aaa3c6/screenshot - {}
RESULT: {}
RESULT: undefined
COMMAND: POST /session/47a0cfcb1b688bc57e33978b59aaa3c6/execute/async - {"script":"<script> [776 bytes]","args":[{"enterText":"5/20/25","selector":{"id":"issueDatePicker","viewName":"etm.portal.ui.managehandovers.view.DetailExecuteHO","interaction":{"idSuffix":"inner"}},"clearTextFirst":true,"interactionType":"ENTER_TEXT"}]}
RESULT: {"script":"<script> [776 bytes]","args":[{"enterText":"5/20/25","selector":{"id":"issueDatePicker","viewName":"etm.portal.ui.managehandovers.view.DetailExecuteHO","interaction":{"idSuffix":"inner"}},"clearTextFirst":true,"interactionType":"ENTER_TEXT"}]}
COMMAND: POST /session/47a0cfcb1b688bc57e33978b59aaa3c6/element - {"using":"xpath","value":"//button[@data-kt=\"PickingTableConfirmAllButton\"]"}
RESULT: {"using":"xpath","value":"//button[@data-kt=\"PickingTableConfirmAllButton\"]"}
COMMAND: POST /session/47a0cfcb1b688bc57e33978b59aaa3c6/element/f.B7EBD3B9E1BF342B1CF0F76B0C9C80BF.d.BBDA01A2203CC4FA5170C360DB20A019.e.13697/click - {}
RESULT: {}
COMMAND: GET /session/47a0cfcb1b688bc57e33978b59aaa3c6/screenshot - {}
RESULT: {}
COMMAND: POST /session/47a0cfcb1b688bc57e33978b59aaa3c6/element - {"using":"xpath","value":"//bdi[contains(text(), \"OK\")]"}
RESULT: {"using":"xpath","value":"//bdi[contains(text(), \"OK\")]"}
COMMAND: POST /session/47a0cfcb1b688bc57e33978b59aaa3c6/element/f.B7EBD3B9E1BF342B1CF0F76B0C9C80BF.d.BBDA01A2203CC4FA5170C360DB20A019.e.13709/click - {}
RESULT: {}
COMMAND: GET /session/47a0cfcb1b688bc57e33978b59aaa3c6/screenshot - {}
RESULT: {}
COMMAND: POST /session/47a0cfcb1b688bc57e33978b59aaa3c6/element - {"using":"xpath","value":"//button[@data-kt=\"execHoIssueButton\"]"}
RESULT: {"using":"xpath","value":"//button[@data-kt=\"execHoIssueButton\"]"}
COMMAND: POST /session/47a0cfcb1b688bc57e33978b59aaa3c6/element/f.B7EBD3B9E1BF342B1CF0F76B0C9C80BF.d.BBDA01A2203CC4FA5170C360DB20A019.e.13710/click - {}
RESULT: {}
COMMAND: GET /session/47a0cfcb1b688bc57e33978b59aaa3c6/screenshot - {}
RESULT: {}
COMMAND: POST /session/47a0cfcb1b688bc57e33978b59aaa3c6/element - {"using":"xpath","value":"//input[contains(@id ,\"smartFilterBar-btnBasicSearch-I\")]"}
RESULT: {"using":"xpath","value":"//input[contains(@id ,\"smartFilterBar-btnBasicSearch-I\")]"}
COMMAND: POST /session/47a0cfcb1b688bc57e33978b59aaa3c6/elements - {"using":"xpath","value":"//input[contains(@id ,\"smartFilterBar-btnBasicSearch-I\")]"}
RESULT: {"using":"xpath","value":"//input[contains(@id ,\"smartFilterBar-btnBasicSearch-I\")]"}
COMMAND: POST /session/47a0cfcb1b688bc57e33978b59aaa3c6/execute/sync - {"script":"<script> [8489 bytes]","args":[{"element-6066-11e4-a52e-4f735466cecf":"f.B7EBD3B9E1BF342B1CF0F76B0C9C80BF.d.BBDA01A2203CC4FA5170C360DB20A019.e.12956","ELEMENT":"f.B7EBD3B9E1BF342B1CF0F76B0C9C80BF.d.BBDA01A2203CC4FA5170C360DB20A019.e.12956"}]}
RESULT: {"script":"<script> [8489 bytes]","args":[{"element-6066-11e4-a52e-4f735466cecf":"f.B7EBD3B9E1BF342B1CF0F76B0C9C80BF.d.BBDA01A2203CC4FA5170C360DB20A019.e.12956","ELEMENT":"f.B7EBD3B9E1BF342B1CF0F76B0C9C80BF.d.BBDA01A2203CC4FA5170C360DB20A019.e.12956"}]}
COMMAND: GET /session/47a0cfcb1b688bc57e33978b59aaa3c6/element/f.B7EBD3B9E1BF342B1CF0F76B0C9C80BF.d.BBDA01A2203CC4FA5170C360DB20A019.e.12956/enabled - {}
COMMAND: GET /session/47a0cfcb1b688bc57e33978b59aaa3c6/screenshot - {}
RESULT: {}
COMMAND: POST /session/47a0cfcb1b688bc57e33978b59aaa3c6/element/f.B7EBD3B9E1BF342B1CF0F76B0C9C80BF.d.BBDA01A2203CC4FA5170C360DB20A019.e.12956/clear - {}
COMMAND: GET /session/47a0cfcb1b688bc57e33978b59aaa3c6/screenshot - {}
RESULT: {}
RESULT: {}
COMMAND: POST /session/47a0cfcb1b688bc57e33978b59aaa3c6/element/f.B7EBD3B9E1BF342B1CF0F76B0C9C80BF.d.BBDA01A2203CC4FA5170C360DB20A019.e.12956/value - {"text":"30854"}
COMMAND: GET /session/47a0cfcb1b688bc57e33978b59aaa3c6/screenshot - {}
RESULT: {}
RESULT: {"text":"30854"}
COMMAND: GET /session/47a0cfcb1b688bc57e33978b59aaa3c6/screenshot - {}
RESULT: {}
RESULT: {}
COMMAND: POST /session/47a0cfcb1b688bc57e33978b59aaa3c6/actions - {"actions":[{"id":"action43","type":"key","parameters":{},"actions":[{"type":"keyDown","value":"î€‡"},{"type":"pause","duration":10},{"type":"keyUp","value":"î€‡"}]}]}
RESULT: {"actions":[{"id":"action43","type":"key","parameters":{},"actions":[{"type":"keyDown","value":"î€‡"},{"type":"pause","duration":10},{"type":"keyUp","value":"î€‡"}]}]}
COMMAND: GET /session/47a0cfcb1b688bc57e33978b59aaa3c6/screenshot - {}
RESULT: {}
COMMAND: POST /session/47a0cfcb1b688bc57e33978b59aaa3c6/element - {"using":"xpath","value":"//span[contains(@id, \"smartTable-header-inner\")]"}
RESULT: {"using":"xpath","value":"//span[contains(@id, \"smartTable-header-inner\")]"}
COMMAND: POST /session/47a0cfcb1b688bc57e33978b59aaa3c6/elements - {"using":"xpath","value":"//span[contains(@id, \"smartTable-header-inner\")]"}
RESULT: {"using":"xpath","value":"//span[contains(@id, \"smartTable-header-inner\")]"}
COMMAND: POST /session/47a0cfcb1b688bc57e33978b59aaa3c6/execute/sync - {"script":"<script> [56 bytes]","args":[{"element-6066-11e4-a52e-4f735466cecf":"f.B7EBD3B9E1BF342B1CF0F76B0C9C80BF.d.BBDA01A2203CC4FA5170C360DB20A019.e.13657","ELEMENT":"f.B7EBD3B9E1BF342B1CF0F76B0C9C80BF.d.BBDA01A2203CC4FA5170C360DB20A019.e.13657"}]}
RESULT: {"script":"<script> [56 bytes]","args":[{"element-6066-11e4-a52e-4f735466cecf":"f.B7EBD3B9E1BF342B1CF0F76B0C9C80BF.d.BBDA01A2203CC4FA5170C360DB20A019.e.13657","ELEMENT":"f.B7EBD3B9E1BF342B1CF0F76B0C9C80BF.d.BBDA01A2203CC4FA5170C360DB20A019.e.13657"}]}
COMMAND: POST /session/47a0cfcb1b688bc57e33978b59aaa3c6/elements - {"using":"xpath","value":"//thead[contains(@class, \"sapMTableTH\")]/tr/th"}
COMMAND: GET /session/47a0cfcb1b688bc57e33978b59aaa3c6/screenshot - {}
RESULT: {"using":"xpath","value":"//thead[contains(@class, \"sapMTableTH\")]/tr/th"}
COMMAND: GET /session/47a0cfcb1b688bc57e33978b59aaa3c6/element/f.B7EBD3B9E1BF342B1CF0F76B0C9C80BF.d.BBDA01A2203CC4FA5170C360DB20A019.e.13745/text - {}
RESULT: {}
RESULT: {}
COMMAND: GET /session/47a0cfcb1b688bc57e33978b59aaa3c6/element/f.B7EBD3B9E1BF342B1CF0F76B0C9C80BF.d.BBDA01A2203CC4FA5170C360DB20A019.e.13746/text - {}
RESULT: {}
COMMAND: GET /session/47a0cfcb1b688bc57e33978b59aaa3c6/element/f.B7EBD3B9E1BF342B1CF0F76B0C9C80BF.d.BBDA01A2203CC4FA5170C360DB20A019.e.12950/text - {}
RESULT: {}
COMMAND: GET /session/47a0cfcb1b688bc57e33978b59aaa3c6/element/f.B7EBD3B9E1BF342B1CF0F76B0C9C80BF.d.BBDA01A2203CC4FA5170C360DB20A019.e.12952/text - {}
RESULT: {}
COMMAND: GET /session/47a0cfcb1b688bc57e33978b59aaa3c6/element/f.B7EBD3B9E1BF342B1CF0F76B0C9C80BF.d.BBDA01A2203CC4FA5170C360DB20A019.e.13727/text - {}
RESULT: {}
COMMAND: GET /session/47a0cfcb1b688bc57e33978b59aaa3c6/element/f.B7EBD3B9E1BF342B1CF0F76B0C9C80BF.d.BBDA01A2203CC4FA5170C360DB20A019.e.13728/text - {}
RESULT: {}
COMMAND: GET /session/47a0cfcb1b688bc57e33978b59aaa3c6/element/f.B7EBD3B9E1BF342B1CF0F76B0C9C80BF.d.BBDA01A2203CC4FA5170C360DB20A019.e.13729/text - {}
RESULT: {}
COMMAND: GET /session/47a0cfcb1b688bc57e33978b59aaa3c6/element/f.B7EBD3B9E1BF342B1CF0F76B0C9C80BF.d.BBDA01A2203CC4FA5170C360DB20A019.e.13730/text - {}
RESULT: {}
COMMAND: GET /session/47a0cfcb1b688bc57e33978b59aaa3c6/element/f.B7EBD3B9E1BF342B1CF0F76B0C9C80BF.d.BBDA01A2203CC4FA5170C360DB20A019.e.13731/text - {}
RESULT: {}
COMMAND: GET /session/47a0cfcb1b688bc57e33978b59aaa3c6/element/f.B7EBD3B9E1BF342B1CF0F76B0C9C80BF.d.BBDA01A2203CC4FA5170C360DB20A019.e.13732/text - {}
RESULT: {}
COMMAND: GET /session/47a0cfcb1b688bc57e33978b59aaa3c6/element/f.B7EBD3B9E1BF342B1CF0F76B0C9C80BF.d.BBDA01A2203CC4FA5170C360DB20A019.e.13733/text - {}
RESULT: {}
COMMAND: GET /session/47a0cfcb1b688bc57e33978b59aaa3c6/element/f.B7EBD3B9E1BF342B1CF0F76B0C9C80BF.d.BBDA01A2203CC4FA5170C360DB20A019.e.13734/text - {}
RESULT: {}
COMMAND: GET /session/47a0cfcb1b688bc57e33978b59aaa3c6/element/f.B7EBD3B9E1BF342B1CF0F76B0C9C80BF.d.BBDA01A2203CC4FA5170C360DB20A019.e.13735/text - {}
RESULT: {}
COMMAND: GET /session/47a0cfcb1b688bc57e33978b59aaa3c6/element/f.B7EBD3B9E1BF342B1CF0F76B0C9C80BF.d.BBDA01A2203CC4FA5170C360DB20A019.e.12953/text - {}
RESULT: {}
COMMAND: POST /session/47a0cfcb1b688bc57e33978b59aaa3c6/element - {"using":"xpath","value":"//tbody[contains(@id, \"customHandoversTable-tblBody\")]/tr[1]/td[14]/div/span"}
RESULT: {"using":"xpath","value":"//tbody[contains(@id, \"customHandoversTable-tblBody\")]/tr[1]/td[14]/div/span"}
COMMAND: POST /session/47a0cfcb1b688bc57e33978b59aaa3c6/execute/sync - {"script":"<script> [56 bytes]","args":[{"element-6066-11e4-a52e-4f735466cecf":"f.B7EBD3B9E1BF342B1CF0F76B0C9C80BF.d.BBDA01A2203CC4FA5170C360DB20A019.e.13798","ELEMENT":"f.B7EBD3B9E1BF342B1CF0F76B0C9C80BF.d.BBDA01A2203CC4FA5170C360DB20A019.e.13798"}]}
RESULT: {"script":"<script> [56 bytes]","args":[{"element-6066-11e4-a52e-4f735466cecf":"f.B7EBD3B9E1BF342B1CF0F76B0C9C80BF.d.BBDA01A2203CC4FA5170C360DB20A019.e.13798","ELEMENT":"f.B7EBD3B9E1BF342B1CF0F76B0C9C80BF.d.BBDA01A2203CC4FA5170C360DB20A019.e.13798"}]}
COMMAND: POST /session/47a0cfcb1b688bc57e33978b59aaa3c6/element - {"using":"xpath","value":"(//span[contains(@id, \"imgNav\")])[1]"}
COMMAND: GET /session/47a0cfcb1b688bc57e33978b59aaa3c6/screenshot - {}
RESULT: {"using":"xpath","value":"(//span[contains(@id, \"imgNav\")])[1]"}
COMMAND: POST /session/47a0cfcb1b688bc57e33978b59aaa3c6/element/f.B7EBD3B9E1BF342B1CF0F76B0C9C80BF.d.BBDA01A2203CC4FA5170C360DB20A019.e.13799/click - {}
RESULT: {}
RESULT: {}
COMMAND: GET /session/47a0cfcb1b688bc57e33978b59aaa3c6/screenshot - {}
RESULT: {}
RESULT: undefined
COMMAND: POST /session/47a0cfcb1b688bc57e33978b59aaa3c6/execute/async - {"script":"<script> [776 bytes]","args":[{"enterText":"05/20/25","selector":{"id":"receiptDatePicker","viewName":"etm.portal.ui.managehandovers.view.DetailExecuteHO","interaction":{"idSuffix":"inner"}},"clearTextFirst":true,"interactionType":"ENTER_TEXT"}]}
RESULT: {"script":"<script> [776 bytes]","args":[{"enterText":"05/20/25","selector":{"id":"receiptDatePicker","viewName":"etm.portal.ui.managehandovers.view.DetailExecuteHO","interaction":{"idSuffix":"inner"}},"clearTextFirst":true,"interactionType":"ENTER_TEXT"}]}
COMMAND: POST /session/47a0cfcb1b688bc57e33978b59aaa3c6/element - {"using":"xpath","value":"//bdi[contains(text(), \"OK\")]"}
RESULT: {"using":"xpath","value":"//bdi[contains(text(), \"OK\")]"}
COMMAND: POST /session/47a0cfcb1b688bc57e33978b59aaa3c6/element/f.B7EBD3B9E1BF342B1CF0F76B0C9C80BF.d.BBDA01A2203CC4FA5170C360DB20A019.e.13832/click - {}
RESULT: {}
COMMAND: GET /session/47a0cfcb1b688bc57e33978b59aaa3c6/screenshot - {}
RESULT: {}
COMMAND: POST /session/47a0cfcb1b688bc57e33978b59aaa3c6/element - {"using":"xpath","value":"//button[@data-kt=\"PickingTableConfirmAllButton\"]"}
RESULT: {"using":"xpath","value":"//button[@data-kt=\"PickingTableConfirmAllButton\"]"}
COMMAND: POST /session/47a0cfcb1b688bc57e33978b59aaa3c6/element/f.B7EBD3B9E1BF342B1CF0F76B0C9C80BF.d.BBDA01A2203CC4FA5170C360DB20A019.e.13818/click - {}
RESULT: {}
COMMAND: GET /session/47a0cfcb1b688bc57e33978b59aaa3c6/screenshot - {}
RESULT: {}
COMMAND: POST /session/47a0cfcb1b688bc57e33978b59aaa3c6/element - {"using":"xpath","value":"//bdi[contains(text(), \"OK\")]"}
RESULT: {"using":"xpath","value":"//bdi[contains(text(), \"OK\")]"}
COMMAND: POST /session/47a0cfcb1b688bc57e33978b59aaa3c6/element/f.B7EBD3B9E1BF342B1CF0F76B0C9C80BF.d.BBDA01A2203CC4FA5170C360DB20A019.e.13844/click - {}
RESULT: {}
COMMAND: GET /session/47a0cfcb1b688bc57e33978b59aaa3c6/screenshot - {}
RESULT: {}
COMMAND: POST /session/47a0cfcb1b688bc57e33978b59aaa3c6/element - {"using":"xpath","value":"//button[@data-kt= \"execHoReceiveButton\"]"}
RESULT: {"using":"xpath","value":"//button[@data-kt= \"execHoReceiveButton\"]"}
COMMAND: POST /session/47a0cfcb1b688bc57e33978b59aaa3c6/element/f.B7EBD3B9E1BF342B1CF0F76B0C9C80BF.d.BBDA01A2203CC4FA5170C360DB20A019.e.13845/click - {}
RESULT: {}
COMMAND: GET /session/47a0cfcb1b688bc57e33978b59aaa3c6/screenshot - {}
RESULT: {}
COMMAND: POST /session/47a0cfcb1b688bc57e33978b59aaa3c6/element - {"using":"xpath","value":"//input[contains(@id ,\"smartFilterBar-btnBasicSearch-I\")]"}
RESULT: {"using":"xpath","value":"//input[contains(@id ,\"smartFilterBar-btnBasicSearch-I\")]"}
COMMAND: POST /session/47a0cfcb1b688bc57e33978b59aaa3c6/elements - {"using":"xpath","value":"//input[contains(@id ,\"smartFilterBar-btnBasicSearch-I\")]"}
RESULT: {"using":"xpath","value":"//input[contains(@id ,\"smartFilterBar-btnBasicSearch-I\")]"}
COMMAND: POST /session/47a0cfcb1b688bc57e33978b59aaa3c6/execute/sync - {"script":"<script> [8489 bytes]","args":[{"element-6066-11e4-a52e-4f735466cecf":"f.B7EBD3B9E1BF342B1CF0F76B0C9C80BF.d.BBDA01A2203CC4FA5170C360DB20A019.e.12956","ELEMENT":"f.B7EBD3B9E1BF342B1CF0F76B0C9C80BF.d.BBDA01A2203CC4FA5170C360DB20A019.e.12956"}]}
RESULT: {"script":"<script> [8489 bytes]","args":[{"element-6066-11e4-a52e-4f735466cecf":"f.B7EBD3B9E1BF342B1CF0F76B0C9C80BF.d.BBDA01A2203CC4FA5170C360DB20A019.e.12956","ELEMENT":"f.B7EBD3B9E1BF342B1CF0F76B0C9C80BF.d.BBDA01A2203CC4FA5170C360DB20A019.e.12956"}]}
COMMAND: GET /session/47a0cfcb1b688bc57e33978b59aaa3c6/element/f.B7EBD3B9E1BF342B1CF0F76B0C9C80BF.d.BBDA01A2203CC4FA5170C360DB20A019.e.12956/enabled - {}
COMMAND: GET /session/47a0cfcb1b688bc57e33978b59aaa3c6/screenshot - {}
RESULT: {}
COMMAND: POST /session/47a0cfcb1b688bc57e33978b59aaa3c6/element/f.B7EBD3B9E1BF342B1CF0F76B0C9C80BF.d.BBDA01A2203CC4FA5170C360DB20A019.e.12956/clear - {}
COMMAND: GET /session/47a0cfcb1b688bc57e33978b59aaa3c6/screenshot - {}
RESULT: {}
RESULT: {}
COMMAND: POST /session/47a0cfcb1b688bc57e33978b59aaa3c6/element/f.B7EBD3B9E1BF342B1CF0F76B0C9C80BF.d.BBDA01A2203CC4FA5170C360DB20A019.e.12956/value - {"text":"30854"}
COMMAND: GET /session/47a0cfcb1b688bc57e33978b59aaa3c6/screenshot - {}
RESULT: {}
RESULT: {"text":"30854"}
COMMAND: GET /session/47a0cfcb1b688bc57e33978b59aaa3c6/screenshot - {}
RESULT: {}
RESULT: {}
COMMAND: POST /session/47a0cfcb1b688bc57e33978b59aaa3c6/actions - {"actions":[{"id":"action44","type":"key","parameters":{},"actions":[{"type":"keyDown","value":"î€‡"},{"type":"pause","duration":10},{"type":"keyUp","value":"î€‡"}]}]}
RESULT: {"actions":[{"id":"action44","type":"key","parameters":{},"actions":[{"type":"keyDown","value":"î€‡"},{"type":"pause","duration":10},{"type":"keyUp","value":"î€‡"}]}]}
COMMAND: GET /session/47a0cfcb1b688bc57e33978b59aaa3c6/screenshot - {}
RESULT: {}
COMMAND: POST /session/47a0cfcb1b688bc57e33978b59aaa3c6/element - {"using":"xpath","value":"//span[contains(@id, \"smartTable-header-inner\")]"}
RESULT: {"using":"xpath","value":"//span[contains(@id, \"smartTable-header-inner\")]"}
COMMAND: POST /session/47a0cfcb1b688bc57e33978b59aaa3c6/elements - {"using":"xpath","value":"//span[contains(@id, \"smartTable-header-inner\")]"}
RESULT: {"using":"xpath","value":"//span[contains(@id, \"smartTable-header-inner\")]"}
COMMAND: POST /session/47a0cfcb1b688bc57e33978b59aaa3c6/execute/sync - {"script":"<script> [56 bytes]","args":[{"element-6066-11e4-a52e-4f735466cecf":"f.B7EBD3B9E1BF342B1CF0F76B0C9C80BF.d.BBDA01A2203CC4FA5170C360DB20A019.e.13657","ELEMENT":"f.B7EBD3B9E1BF342B1CF0F76B0C9C80BF.d.BBDA01A2203CC4FA5170C360DB20A019.e.13657"}]}
RESULT: {"script":"<script> [56 bytes]","args":[{"element-6066-11e4-a52e-4f735466cecf":"f.B7EBD3B9E1BF342B1CF0F76B0C9C80BF.d.BBDA01A2203CC4FA5170C360DB20A019.e.13657","ELEMENT":"f.B7EBD3B9E1BF342B1CF0F76B0C9C80BF.d.BBDA01A2203CC4FA5170C360DB20A019.e.13657"}]}
COMMAND: POST /session/47a0cfcb1b688bc57e33978b59aaa3c6/elements - {"using":"xpath","value":"//thead[contains(@class, \"sapMTableTH\")]/tr/th"}
COMMAND: GET /session/47a0cfcb1b688bc57e33978b59aaa3c6/screenshot - {}
RESULT: {"using":"xpath","value":"//thead[contains(@class, \"sapMTableTH\")]/tr/th"}
COMMAND: GET /session/47a0cfcb1b688bc57e33978b59aaa3c6/element/f.B7EBD3B9E1BF342B1CF0F76B0C9C80BF.d.BBDA01A2203CC4FA5170C360DB20A019.e.13745/text - {}
RESULT: {}
RESULT: {}
COMMAND: GET /session/47a0cfcb1b688bc57e33978b59aaa3c6/element/f.B7EBD3B9E1BF342B1CF0F76B0C9C80BF.d.BBDA01A2203CC4FA5170C360DB20A019.e.13746/text - {}
RESULT: {}
COMMAND: GET /session/47a0cfcb1b688bc57e33978b59aaa3c6/element/f.B7EBD3B9E1BF342B1CF0F76B0C9C80BF.d.BBDA01A2203CC4FA5170C360DB20A019.e.12950/text - {}
RESULT: {}
COMMAND: GET /session/47a0cfcb1b688bc57e33978b59aaa3c6/element/f.B7EBD3B9E1BF342B1CF0F76B0C9C80BF.d.BBDA01A2203CC4FA5170C360DB20A019.e.12952/text - {}
RESULT: {}
COMMAND: GET /session/47a0cfcb1b688bc57e33978b59aaa3c6/element/f.B7EBD3B9E1BF342B1CF0F76B0C9C80BF.d.BBDA01A2203CC4FA5170C360DB20A019.e.13850/text - {}
RESULT: {}
COMMAND: GET /session/47a0cfcb1b688bc57e33978b59aaa3c6/element/f.B7EBD3B9E1BF342B1CF0F76B0C9C80BF.d.BBDA01A2203CC4FA5170C360DB20A019.e.13851/text - {}
RESULT: {}
COMMAND: GET /session/47a0cfcb1b688bc57e33978b59aaa3c6/element/f.B7EBD3B9E1BF342B1CF0F76B0C9C80BF.d.BBDA01A2203CC4FA5170C360DB20A019.e.13852/text - {}
RESULT: {}
COMMAND: GET /session/47a0cfcb1b688bc57e33978b59aaa3c6/element/f.B7EBD3B9E1BF342B1CF0F76B0C9C80BF.d.BBDA01A2203CC4FA5170C360DB20A019.e.13853/text - {}
RESULT: {}
COMMAND: GET /session/47a0cfcb1b688bc57e33978b59aaa3c6/element/f.B7EBD3B9E1BF342B1CF0F76B0C9C80BF.d.BBDA01A2203CC4FA5170C360DB20A019.e.13854/text - {}
RESULT: {}
COMMAND: GET /session/47a0cfcb1b688bc57e33978b59aaa3c6/element/f.B7EBD3B9E1BF342B1CF0F76B0C9C80BF.d.BBDA01A2203CC4FA5170C360DB20A019.e.13855/text - {}
RESULT: {}
COMMAND: GET /session/47a0cfcb1b688bc57e33978b59aaa3c6/element/f.B7EBD3B9E1BF342B1CF0F76B0C9C80BF.d.BBDA01A2203CC4FA5170C360DB20A019.e.13856/text - {}
RESULT: {}
COMMAND: GET /session/47a0cfcb1b688bc57e33978b59aaa3c6/element/f.B7EBD3B9E1BF342B1CF0F76B0C9C80BF.d.BBDA01A2203CC4FA5170C360DB20A019.e.13857/text - {}
RESULT: {}
COMMAND: GET /session/47a0cfcb1b688bc57e33978b59aaa3c6/element/f.B7EBD3B9E1BF342B1CF0F76B0C9C80BF.d.BBDA01A2203CC4FA5170C360DB20A019.e.13858/text - {}
RESULT: {}
COMMAND: GET /session/47a0cfcb1b688bc57e33978b59aaa3c6/element/f.B7EBD3B9E1BF342B1CF0F76B0C9C80BF.d.BBDA01A2203CC4FA5170C360DB20A019.e.12953/text - {}
RESULT: {}
COMMAND: POST /session/47a0cfcb1b688bc57e33978b59aaa3c6/element - {"using":"xpath","value":"//tbody[contains(@id, \"customHandoversTable-tblBody\")]/tr[1]/td[14]/div/span"}
RESULT: {"using":"xpath","value":"//tbody[contains(@id, \"customHandoversTable-tblBody\")]/tr[1]/td[14]/div/span"}
COMMAND: POST /session/47a0cfcb1b688bc57e33978b59aaa3c6/execute/sync - {"script":"<script> [56 bytes]","args":[{"element-6066-11e4-a52e-4f735466cecf":"f.B7EBD3B9E1BF342B1CF0F76B0C9C80BF.d.BBDA01A2203CC4FA5170C360DB20A019.e.13899","ELEMENT":"f.B7EBD3B9E1BF342B1CF0F76B0C9C80BF.d.BBDA01A2203CC4FA5170C360DB20A019.e.13899"}]}
RESULT: {"script":"<script> [56 bytes]","args":[{"element-6066-11e4-a52e-4f735466cecf":"f.B7EBD3B9E1BF342B1CF0F76B0C9C80BF.d.BBDA01A2203CC4FA5170C360DB20A019.e.13899","ELEMENT":"f.B7EBD3B9E1BF342B1CF0F76B0C9C80BF.d.BBDA01A2203CC4FA5170C360DB20A019.e.13899"}]}
]]></system-out>
    </testcase>
    <testcase classname="chrome.136_0_7103_93.windows.Provide_to_Site_w/o_warehouse_management_w_clarification" name="Should Test for Handover Execution" time="12.86">
      <system-out><![CDATA[
COMMAND: POST /session/47a0cfcb1b688bc57e33978b59aaa3c6/element - {"using":"xpath","value":"(//span[contains(@id, \"imgNav\")])[1]"}
COMMAND: GET /session/47a0cfcb1b688bc57e33978b59aaa3c6/screenshot - {}
RESULT: {"using":"xpath","value":"(//span[contains(@id, \"imgNav\")])[1]"}
COMMAND: POST /session/47a0cfcb1b688bc57e33978b59aaa3c6/element/f.B7EBD3B9E1BF342B1CF0F76B0C9C80BF.d.BBDA01A2203CC4FA5170C360DB20A019.e.13877/click - {}
RESULT: {}
RESULT: {}
COMMAND: GET /session/47a0cfcb1b688bc57e33978b59aaa3c6/screenshot - {}
RESULT: {}
COMMAND: POST /session/47a0cfcb1b688bc57e33978b59aaa3c6/element - {"using":"css selector","value":"#shell-header-logo"}
RESULT: {"using":"css selector","value":"#shell-header-logo"}
COMMAND: POST /session/47a0cfcb1b688bc57e33978b59aaa3c6/element/f.B7EBD3B9E1BF342B1CF0F76B0C9C80BF.d.BBDA01A2203CC4FA5170C360DB20A019.e.12284/click - {}
RESULT: {}
COMMAND: GET /session/47a0cfcb1b688bc57e33978b59aaa3c6/screenshot - {}
RESULT: {}
]]></system-out>
    </testcase>
    <testcase classname="chrome.136_0_7103_93.windows.Provide_to_Site_w/o_warehouse_management_w_clarification" name="Should test for Clarification" time="0.01">
      <system-out><![CDATA[
COMMAND: POST /session/47a0cfcb1b688bc57e33978b59aaa3c6/element - {"using":"css selector","value":"#j_username"}
COMMAND: POST /session/47a0cfcb1b688bc57e33978b59aaa3c6/url - {"url":"https://qa-testing-00-live-etm-ui.cfapps.eu10-004.hana.ondemand.com/"}
RESULT: {"using":"css selector","value":"#j_username"}
COMMAND: POST /session/47a0cfcb1b688bc57e33978b59aaa3c6/element - {"using":"css selector","value":"#j_username"}
RESULT: {"url":"https://qa-testing-00-live-etm-ui.cfapps.eu10-004.hana.ondemand.com/"}
RESULT: undefined
COMMAND: GET /session/47a0cfcb1b688bc57e33978b59aaa3c6/screenshot - {}
RESULT: {"using":"css selector","value":"#j_username"}
COMMAND: POST /session/47a0cfcb1b688bc57e33978b59aaa3c6/element - {"using":"css selector","value":"#shell-header-logo"}
RESULT: {}
RESULT: {"using":"css selector","value":"#shell-header-logo"}
COMMAND: POST /session/47a0cfcb1b688bc57e33978b59aaa3c6/execute/sync - {"script":"<script> [8489 bytes]","args":[{"element-6066-11e4-a52e-4f735466cecf":"f.B7EBD3B9E1BF342B1CF0F76B0C9C80BF.d.8619B116082CFA4DFB7F54DF9E3B3214.e.13949","ELEMENT":"f.B7EBD3B9E1BF342B1CF0F76B0C9C80BF.d.8619B116082CFA4DFB7F54DF9E3B3214.e.13949"}]}
RESULT: {"script":"<script> [8489 bytes]","args":[{"element-6066-11e4-a52e-4f735466cecf":"f.B7EBD3B9E1BF342B1CF0F76B0C9C80BF.d.8619B116082CFA4DFB7F54DF9E3B3214.e.13949","ELEMENT":"f.B7EBD3B9E1BF342B1CF0F76B0C9C80BF.d.8619B116082CFA4DFB7F54DF9E3B3214.e.13949"}]}
COMMAND: POST /session/47a0cfcb1b688bc57e33978b59aaa3c6/element - {"using":"css selector","value":"#shell-header-logo"}
COMMAND: GET /session/47a0cfcb1b688bc57e33978b59aaa3c6/screenshot - {}
RESULT: {"using":"css selector","value":"#shell-header-logo"}
COMMAND: POST /session/47a0cfcb1b688bc57e33978b59aaa3c6/execute/sync - {"script":"<script> [8489 bytes]","args":[{"element-6066-11e4-a52e-4f735466cecf":"f.B7EBD3B9E1BF342B1CF0F76B0C9C80BF.d.8619B116082CFA4DFB7F54DF9E3B3214.e.13949","ELEMENT":"f.B7EBD3B9E1BF342B1CF0F76B0C9C80BF.d.8619B116082CFA4DFB7F54DF9E3B3214.e.13949"}]}
RESULT: {}
RESULT: {"script":"<script> [8489 bytes]","args":[{"element-6066-11e4-a52e-4f735466cecf":"f.B7EBD3B9E1BF342B1CF0F76B0C9C80BF.d.8619B116082CFA4DFB7F54DF9E3B3214.e.13949","ELEMENT":"f.B7EBD3B9E1BF342B1CF0F76B0C9C80BF.d.8619B116082CFA4DFB7F54DF9E3B3214.e.13949"}]}
COMMAND: POST /session/47a0cfcb1b688bc57e33978b59aaa3c6/execute/sync - {"script":"<script> [5351 bytes]","args":[{"element-6066-11e4-a52e-4f735466cecf":"f.B7EBD3B9E1BF342B1CF0F76B0C9C80BF.d.8619B116082CFA4DFB7F54DF9E3B3214.e.13949","ELEMENT":"f.B7EBD3B9E1BF342B1CF0F76B0C9C80BF.d.8619B116082CFA4DFB7F54DF9E3B3214.e.13949"}]}
COMMAND: GET /session/47a0cfcb1b688bc57e33978b59aaa3c6/screenshot - {}
RESULT: {"script":"<script> [5351 bytes]","args":[{"element-6066-11e4-a52e-4f735466cecf":"f.B7EBD3B9E1BF342B1CF0F76B0C9C80BF.d.8619B116082CFA4DFB7F54DF9E3B3214.e.13949","ELEMENT":"f.B7EBD3B9E1BF342B1CF0F76B0C9C80BF.d.8619B116082CFA4DFB7F54DF9E3B3214.e.13949"}]}
COMMAND: POST /session/47a0cfcb1b688bc57e33978b59aaa3c6/element - {"using":"css selector","value":"#shell-header-logo"}
COMMAND: GET /session/47a0cfcb1b688bc57e33978b59aaa3c6/screenshot - {}
RESULT: {}
RESULT: {"using":"css selector","value":"#shell-header-logo"}
COMMAND: POST /session/47a0cfcb1b688bc57e33978b59aaa3c6/element/f.B7EBD3B9E1BF342B1CF0F76B0C9C80BF.d.8619B116082CFA4DFB7F54DF9E3B3214.e.13949/click - {}
RESULT: {}
RESULT: {}
COMMAND: GET /session/47a0cfcb1b688bc57e33978b59aaa3c6/screenshot - {}
RESULT: {}
COMMAND: POST /session/47a0cfcb1b688bc57e33978b59aaa3c6/execute/async - {"script":"<script> [189 bytes]","args":[]}
RESULT: {"script":"<script> [189 bytes]","args":[]}
COMMAND: POST /session/47a0cfcb1b688bc57e33978b59aaa3c6/execute/async - {"script":"<script> [123 bytes]","args":[]}
RESULT: {"script":"<script> [123 bytes]","args":[]}
COMMAND: POST /session/47a0cfcb1b688bc57e33978b59aaa3c6/timeouts - {"script":"<number>"}
RESULT: {"script":"<number>"}
COMMAND: GET /session/47a0cfcb1b688bc57e33978b59aaa3c6/timeouts - {}
RESULT: {}
RESULT: undefined
COMMAND: POST /session/47a0cfcb1b688bc57e33978b59aaa3c6/execute/async - {"script":"<script> [2676 bytes]","args":[]}
RESULT: {"script":"<script> [2676 bytes]","args":[]}
COMMAND: POST /session/47a0cfcb1b688bc57e33978b59aaa3c6/execute/async - {"script":"<script> [2342 bytes]","args":[{"protocol":"http","hostname":"0.0.0.0","path":"/","capabilities":{"browserName":"chrome","goog:chromeOptions":{"binary":"C:\\Program Files\\Google\\Chrome\\Application\\chrome.exe","args":["--start-maximized"]}},"logLevel":"warn","connectionRetryTimeout":120000,"connectionRetryCount":3,"logLevels":{},"enableDirectConnect":true,"strictSSL":true,"_":"65 more keys: [\"cacheDir\",\"port\",\"requestedCapabilities\",\"automationProtocol\",\"baseUrl\",\"waitforInterval\",\"waitforTimeout\",\"onReload\",\"beforeCommand\",\"afterCommand\",\"rootDir\",\"specs\",\"suites\",\"exclude\",\"groupLogsByTestSpec\",\"excludeDriverLogs\",\"bail\",\"framework\",\"reporters\",\"services\",\"maxInstances\",\"maxInstancesPerCapability\",\"injectGlobals\",\"filesToWatch\",\"execArgv\",\"runnerEnv\",\"runner\",\"shard\",\"specFileRetries\",\"specFileRetriesDelay\",\"specFileRetriesDeferred\",\"reporterSyncInterval\",\"reporterSyncTimeout\",\"cucumberFeaturesWithLineNumbers\",\"autoCompileOpts\",\"mochaOpts\",\"jasmineOpts\",\"cucumberOpts\",\"onPrepare\",\"onWorkerStart\",\"onWorkerEnd\",\"before\",\"beforeSession\",\"beforeSuite\",\"beforeHook\",\"beforeTest\",\"afterTest\",\"afterHook\",\"afterSuite\",\"afterSession\",\"after\",\"onComplete\",\"beforeAssertion\",\"afterAssertion\",\"beforeFeature\",\"beforeScenario\",\"beforeStep\",\"afterStep\",\"afterScenario\",\"afterFeature\",\"_\",\"suite\",\"$0\",\"ignoredWorkerServices\",\"wdi5\"]"}]}
RESULT: {"script":"<script> [2342 bytes]","args":[{"protocol":"http","hostname":"0.0.0.0","path":"/","capabilities":{"browserName":"chrome","goog:chromeOptions":{"binary":"C:\\Program Files\\Google\\Chrome\\Application\\chrome.exe","args":["--start-maximized"]}},"logLevel":"warn","connectionRetryTimeout":120000,"connectionRetryCount":3,"logLevels":{},"enableDirectConnect":true,"strictSSL":true,"_":"65 more keys: [\"cacheDir\",\"port\",\"requestedCapabilities\",\"automationProtocol\",\"baseUrl\",\"waitforInterval\",\"waitforTimeout\",\"onReload\",\"beforeCommand\",\"afterCommand\",\"rootDir\",\"specs\",\"suites\",\"exclude\",\"groupLogsByTestSpec\",\"excludeDriverLogs\",\"bail\",\"framework\",\"reporters\",\"services\",\"maxInstances\",\"maxInstancesPerCapability\",\"injectGlobals\",\"filesToWatch\",\"execArgv\",\"runnerEnv\",\"runner\",\"shard\",\"specFileRetries\",\"specFileRetriesDelay\",\"specFileRetriesDeferred\",\"reporterSyncInterval\",\"reporterSyncTimeout\",\"cucumberFeaturesWithLineNumbers\",\"autoCompileOpts\",\"mochaOpts\",\"jasmineOpts\",\"cucumberOpts\",\"onPrepare\",\"onWorkerStart\",\"onWorkerEnd\",\"before\",\"beforeSession\",\"beforeSuite\",\"beforeHook\",\"beforeTest\",\"afterTest\",\"afterHook\",\"afterSuite\",\"afterSession\",\"after\",\"onComplete\",\"beforeAssertion\",\"afterAssertion\",\"beforeFeature\",\"beforeScenario\",\"beforeStep\",\"afterStep\",\"afterScenario\",\"afterFeature\",\"_\",\"suite\",\"$0\",\"ignoredWorkerServices\",\"wdi5\"]"}]}
COMMAND: POST /session/47a0cfcb1b688bc57e33978b59aaa3c6/execute/async - {"script":"<script> [21126 bytes]","args":[35000]}
RESULT: {"script":"<script> [21126 bytes]","args":[35000]}
COMMAND: POST /session/47a0cfcb1b688bc57e33978b59aaa3c6/window/maximize - {}
RESULT: {}
COMMAND: POST /session/47a0cfcb1b688bc57e33978b59aaa3c6/execute/async - {"script":"<script> [1562 bytes]","args":[{"selector":{"id":"shell-header","interaction":{"idSuffix":"icon"}},"wdio_ui5_key":"shellheader"}]}
COMMAND: GET /session/47a0cfcb1b688bc57e33978b59aaa3c6/screenshot - {}
RESULT: {"script":"<script> [1562 bytes]","args":[{"selector":{"id":"shell-header","interaction":{"idSuffix":"icon"}},"wdio_ui5_key":"shellheader"}]}
RESULT: undefined
COMMAND: POST /session/47a0cfcb1b688bc57e33978b59aaa3c6/window/fullscreen - {}
RESULT: {}
RESULT: {}
]]></system-out>
    </testcase>
  </testsuite>
  <testsuite timestamp="2025-05-20T17:09:24" time="140.113" tests="4" failures="0" errors="0" skipped="0">
    <properties>
      <property name="specId" value="0" />
      <property name="suiteName" value="Provide to Site w/o warehouse management w/o clarification US116612" />
      <property name="capabilities" value="chrome.136_0_7103_93.windows" />
      <property name="file" value="file:///D:/a/1/s/test/specs/HTR/provide-to-site-wo-warehouse-wo-clarification.spec.js" />
    </properties>
    <testcase classname="chrome.136_0_7103_93.windows.Provide_to_Site_w/o_warehouse_management_w/o_clarification_US116612" name="Should create a new yard" time="0.017">
      <system-out><![CDATA[
COMMAND: POST /session/47a0cfcb1b688bc57e33978b59aaa3c6/window/fullscreen - {}
RESULT: {}
]]></system-out>
    </testcase>
    <testcase classname="chrome.136_0_7103_93.windows.Provide_to_Site_w/o_warehouse_management_w/o_clarification_US116612" name="Should create a new external partner" time="0.004" />
    <testcase classname="chrome.136_0_7103_93.windows.Provide_to_Site_w/o_warehouse_management_w/o_clarification_US116612" name="Should create a new site" time="0.003" />
    <testcase classname="chrome.136_0_7103_93.windows.Provide_to_Site_w/o_warehouse_management_w/o_clarification_US116612" name="Should create a new material" time="122.601">
      <system-out><![CDATA[
COMMAND: POST /session/47a0cfcb1b688bc57e33978b59aaa3c6/execute/async - {"script":"<script> [1562 bytes]","args":[{"selector":{"controlType":"sap.m.GenericTile","properties":{"header":"Manage Resources"}},"wdio_ui5_key":"sapm.GenericTile{\"header\":\"Manage Resources\"}"}]}
RESULT: {"script":"<script> [1562 bytes]","args":[{"selector":{"controlType":"sap.m.GenericTile","properties":{"header":"Manage Resources"}},"wdio_ui5_key":"sapm.GenericTile{\"header\":\"Manage Resources\"}"}]}
RESULT: undefined
COMMAND: POST /session/47a0cfcb1b688bc57e33978b59aaa3c6/element - {"using":"xpath","value":"//*[@id=\"__tile31\"]"}
RESULT: {"using":"xpath","value":"//*[@id=\"__tile31\"]"}
COMMAND: POST /session/47a0cfcb1b688bc57e33978b59aaa3c6/element/f.B7EBD3B9E1BF342B1CF0F76B0C9C80BF.d.8619B116082CFA4DFB7F54DF9E3B3214.e.13969/click - {}
RESULT: {}
COMMAND: GET /session/47a0cfcb1b688bc57e33978b59aaa3c6/screenshot - {}
RESULT: {}
COMMAND: POST /session/47a0cfcb1b688bc57e33978b59aaa3c6/elements - {"using":"xpath","value":"//span[text()='Error']"}
RESULT: {"using":"xpath","value":"//span[text()='Error']"}
COMMAND: POST /session/47a0cfcb1b688bc57e33978b59aaa3c6/element - {"using":"xpath","value":"//button[@data-kt=\"addNewRUOverflowToolbarButton\"]"}
RESULT: {"using":"xpath","value":"//button[@data-kt=\"addNewRUOverflowToolbarButton\"]"}
COMMAND: POST /session/47a0cfcb1b688bc57e33978b59aaa3c6/elements - {"using":"xpath","value":"//button[@data-kt=\"addNewRUOverflowToolbarButton\"]"}
RESULT: {"using":"xpath","value":"//button[@data-kt=\"addNewRUOverflowToolbarButton\"]"}
COMMAND: POST /session/47a0cfcb1b688bc57e33978b59aaa3c6/execute/sync - {"script":"<script> [8489 bytes]","args":[{"element-6066-11e4-a52e-4f735466cecf":"f.B7EBD3B9E1BF342B1CF0F76B0C9C80BF.d.8619B116082CFA4DFB7F54DF9E3B3214.e.14097","ELEMENT":"f.B7EBD3B9E1BF342B1CF0F76B0C9C80BF.d.8619B116082CFA4DFB7F54DF9E3B3214.e.14097"}]}
RESULT: {"script":"<script> [8489 bytes]","args":[{"element-6066-11e4-a52e-4f735466cecf":"f.B7EBD3B9E1BF342B1CF0F76B0C9C80BF.d.8619B116082CFA4DFB7F54DF9E3B3214.e.14097","ELEMENT":"f.B7EBD3B9E1BF342B1CF0F76B0C9C80BF.d.8619B116082CFA4DFB7F54DF9E3B3214.e.14097"}]}
COMMAND: GET /session/47a0cfcb1b688bc57e33978b59aaa3c6/element/f.B7EBD3B9E1BF342B1CF0F76B0C9C80BF.d.8619B116082CFA4DFB7F54DF9E3B3214.e.14097/enabled - {}
COMMAND: GET /session/47a0cfcb1b688bc57e33978b59aaa3c6/screenshot - {}
RESULT: {}
RESULT: {}
COMMAND: POST /session/47a0cfcb1b688bc57e33978b59aaa3c6/execute/sync - {"script":"<script> [8489 bytes]","args":[{"element-6066-11e4-a52e-4f735466cecf":"f.B7EBD3B9E1BF342B1CF0F76B0C9C80BF.d.8619B116082CFA4DFB7F54DF9E3B3214.e.14097","ELEMENT":"f.B7EBD3B9E1BF342B1CF0F76B0C9C80BF.d.8619B116082CFA4DFB7F54DF9E3B3214.e.14097"}]}
COMMAND: GET /session/47a0cfcb1b688bc57e33978b59aaa3c6/screenshot - {}
RESULT: {"script":"<script> [8489 bytes]","args":[{"element-6066-11e4-a52e-4f735466cecf":"f.B7EBD3B9E1BF342B1CF0F76B0C9C80BF.d.8619B116082CFA4DFB7F54DF9E3B3214.e.14097","ELEMENT":"f.B7EBD3B9E1BF342B1CF0F76B0C9C80BF.d.8619B116082CFA4DFB7F54DF9E3B3214.e.14097"}]}
COMMAND: POST /session/47a0cfcb1b688bc57e33978b59aaa3c6/execute/sync - {"script":"<script> [5351 bytes]","args":[{"element-6066-11e4-a52e-4f735466cecf":"f.B7EBD3B9E1BF342B1CF0F76B0C9C80BF.d.8619B116082CFA4DFB7F54DF9E3B3214.e.14097","ELEMENT":"f.B7EBD3B9E1BF342B1CF0F76B0C9C80BF.d.8619B116082CFA4DFB7F54DF9E3B3214.e.14097"}]}
COMMAND: GET /session/47a0cfcb1b688bc57e33978b59aaa3c6/screenshot - {}
RESULT: {}
RESULT: {"script":"<script> [5351 bytes]","args":[{"element-6066-11e4-a52e-4f735466cecf":"f.B7EBD3B9E1BF342B1CF0F76B0C9C80BF.d.8619B116082CFA4DFB7F54DF9E3B3214.e.14097","ELEMENT":"f.B7EBD3B9E1BF342B1CF0F76B0C9C80BF.d.8619B116082CFA4DFB7F54DF9E3B3214.e.14097"}]}
COMMAND: POST /session/47a0cfcb1b688bc57e33978b59aaa3c6/element/f.B7EBD3B9E1BF342B1CF0F76B0C9C80BF.d.8619B116082CFA4DFB7F54DF9E3B3214.e.14097/click - {}
COMMAND: GET /session/47a0cfcb1b688bc57e33978b59aaa3c6/screenshot - {}
RESULT: {}
RESULT: {}
COMMAND: GET /session/47a0cfcb1b688bc57e33978b59aaa3c6/screenshot - {}
COMMAND: POST /session/47a0cfcb1b688bc57e33978b59aaa3c6/execute/async - {"script":"<script> [1562 bytes]","args":[{"selector":{"id":"application-manageresources-display-component---newResourceUnit--TYPE-arrow"},"wdio_ui5_key":"applicationmanageresources-display-component---newResourceUnit--TYPE-arrow"}]}
RESULT: {}
RESULT: {}
RESULT: {"script":"<script> [1562 bytes]","args":[{"selector":{"id":"application-manageresources-display-component---newResourceUnit--TYPE-arrow"},"wdio_ui5_key":"applicationmanageresources-display-component---newResourceUnit--TYPE-arrow"}]}
RESULT: undefined
COMMAND: POST /session/47a0cfcb1b688bc57e33978b59aaa3c6/element - {"using":"xpath","value":"//*[@id=\"application-manageresources-display-component---newResourceUnit--TYPE-arrow\"]"}
RESULT: {"using":"xpath","value":"//*[@id=\"application-manageresources-display-component---newResourceUnit--TYPE-arrow\"]"}
COMMAND: POST /session/47a0cfcb1b688bc57e33978b59aaa3c6/element/f.B7EBD3B9E1BF342B1CF0F76B0C9C80BF.d.8619B116082CFA4DFB7F54DF9E3B3214.e.14456/click - {}
RESULT: {}
COMMAND: POST /session/47a0cfcb1b688bc57e33978b59aaa3c6/element - {"using":"xpath","value":"//input[@id=\"application-manageresources-display-component---newResourceUnit--TYPE-inner\"]"}
COMMAND: GET /session/47a0cfcb1b688bc57e33978b59aaa3c6/screenshot - {}
RESULT: {"using":"xpath","value":"//input[@id=\"application-manageresources-display-component---newResourceUnit--TYPE-inner\"]"}
COMMAND: POST /session/47a0cfcb1b688bc57e33978b59aaa3c6/element/f.B7EBD3B9E1BF342B1CF0F76B0C9C80BF.d.8619B116082CFA4DFB7F54DF9E3B3214.e.14448/clear - {}
RESULT: {}
RESULT: {}
COMMAND: POST /session/47a0cfcb1b688bc57e33978b59aaa3c6/element/f.B7EBD3B9E1BF342B1CF0F76B0C9C80BF.d.8619B116082CFA4DFB7F54DF9E3B3214.e.14448/value - {"text":"Material"}
COMMAND: GET /session/47a0cfcb1b688bc57e33978b59aaa3c6/screenshot - {}
RESULT: {"text":"Material"}
COMMAND: GET /session/47a0cfcb1b688bc57e33978b59aaa3c6/screenshot - {}
RESULT: {}
RESULT: {}
COMMAND: POST /session/47a0cfcb1b688bc57e33978b59aaa3c6/actions - {"actions":[{"id":"action45","type":"key","parameters":{},"actions":[{"type":"keyDown","value":"î€‡"},{"type":"pause","duration":10},{"type":"keyUp","value":"î€‡"}]}]}
RESULT: {"actions":[{"id":"action45","type":"key","parameters":{},"actions":[{"type":"keyDown","value":"î€‡"},{"type":"pause","duration":10},{"type":"keyUp","value":"î€‡"}]}]}
COMMAND: POST /session/47a0cfcb1b688bc57e33978b59aaa3c6/execute/async - {"script":"<script> [1562 bytes]","args":[{"selector":{"id":"application-manageresources-display-component---newResourceUnit--SHORT_TEXT","interaction":{"idSuffix":"inner"}},"wdio_ui5_key":"applicationmanageresources-display-component---newResourceUnit--SHORT_TEXT"}]}
COMMAND: GET /session/47a0cfcb1b688bc57e33978b59aaa3c6/screenshot - {}
RESULT: {"script":"<script> [1562 bytes]","args":[{"selector":{"id":"application-manageresources-display-component---newResourceUnit--SHORT_TEXT","interaction":{"idSuffix":"inner"}},"wdio_ui5_key":"applicationmanageresources-display-component---newResourceUnit--SHORT_TEXT"}]}
RESULT: undefined
COMMAND: POST /session/47a0cfcb1b688bc57e33978b59aaa3c6/execute/async - {"script":"<script> [776 bytes]","args":[{"enterText":"Cement WDIO","selector":{"id":"application-manageresources-display-component---newResourceUnit--SHORT_TEXT","interaction":{"idSuffix":"inner"}},"clearTextFirst":true,"interactionType":"ENTER_TEXT"}]}
RESULT: {}
RESULT: {"script":"<script> [776 bytes]","args":[{"enterText":"Cement WDIO","selector":{"id":"application-manageresources-display-component---newResourceUnit--SHORT_TEXT","interaction":{"idSuffix":"inner"}},"clearTextFirst":true,"interactionType":"ENTER_TEXT"}]}
COMMAND: POST /session/47a0cfcb1b688bc57e33978b59aaa3c6/execute/async - {"script":"<script> [1562 bytes]","args":[{"selector":{"id":"application-manageresources-display-component---newResourceUnit--BASE_UNIT_OF_MEASURE","interaction":{"idSuffix":"inner"}},"wdio_ui5_key":"applicationmanageresources-display-component---newResourceUnit--BASE_UNIT_OF_MEASURE"}]}
RESULT: {"script":"<script> [1562 bytes]","args":[{"selector":{"id":"application-manageresources-display-component---newResourceUnit--BASE_UNIT_OF_MEASURE","interaction":{"idSuffix":"inner"}},"wdio_ui5_key":"applicationmanageresources-display-component---newResourceUnit--BASE_UNIT_OF_MEASURE"}]}
RESULT: undefined
COMMAND: POST /session/47a0cfcb1b688bc57e33978b59aaa3c6/execute/async - {"script":"<script> [776 bytes]","args":[{"enterText":"Piece","selector":{"id":"application-manageresources-display-component---newResourceUnit--BASE_UNIT_OF_MEASURE","interaction":{"idSuffix":"inner"}},"clearTextFirst":true,"interactionType":"ENTER_TEXT"}]}
RESULT: {"script":"<script> [776 bytes]","args":[{"enterText":"Piece","selector":{"id":"application-manageresources-display-component---newResourceUnit--BASE_UNIT_OF_MEASURE","interaction":{"idSuffix":"inner"}},"clearTextFirst":true,"interactionType":"ENTER_TEXT"}]}
COMMAND: POST /session/47a0cfcb1b688bc57e33978b59aaa3c6/execute/async - {"script":"<script> [1562 bytes]","args":[{"selector":{"id":"application-manageresources-display-component---newResourceUnit--WEIGHT_UNIT","interaction":{"idSuffix":"inner"}},"wdio_ui5_key":"applicationmanageresources-display-component---newResourceUnit--WEIGHT_UNIT"}]}
RESULT: {"script":"<script> [1562 bytes]","args":[{"selector":{"id":"application-manageresources-display-component---newResourceUnit--WEIGHT_UNIT","interaction":{"idSuffix":"inner"}},"wdio_ui5_key":"applicationmanageresources-display-component---newResourceUnit--WEIGHT_UNIT"}]}
RESULT: undefined
COMMAND: POST /session/47a0cfcb1b688bc57e33978b59aaa3c6/execute/async - {"script":"<script> [776 bytes]","args":[{"enterText":"Gram","selector":{"id":"application-manageresources-display-component---newResourceUnit--WEIGHT_UNIT","interaction":{"idSuffix":"inner"}},"clearTextFirst":true,"interactionType":"ENTER_TEXT"}]}
RESULT: {"script":"<script> [776 bytes]","args":[{"enterText":"Gram","selector":{"id":"application-manageresources-display-component---newResourceUnit--WEIGHT_UNIT","interaction":{"idSuffix":"inner"}},"clearTextFirst":true,"interactionType":"ENTER_TEXT"}]}
COMMAND: POST /session/47a0cfcb1b688bc57e33978b59aaa3c6/execute/async - {"script":"<script> [1562 bytes]","args":[{"selector":{"id":"application-manageresources-display-component---newResourceUnit--DIMENSION_UNIT","interaction":{"idSuffix":"inner"}},"wdio_ui5_key":"applicationmanageresources-display-component---newResourceUnit--DIMENSION_UNIT"}]}
RESULT: {"script":"<script> [1562 bytes]","args":[{"selector":{"id":"application-manageresources-display-component---newResourceUnit--DIMENSION_UNIT","interaction":{"idSuffix":"inner"}},"wdio_ui5_key":"applicationmanageresources-display-component---newResourceUnit--DIMENSION_UNIT"}]}
RESULT: undefined
COMMAND: POST /session/47a0cfcb1b688bc57e33978b59aaa3c6/execute/async - {"script":"<script> [776 bytes]","args":[{"enterText":"Meter","selector":{"id":"application-manageresources-display-component---newResourceUnit--DIMENSION_UNIT","interaction":{"idSuffix":"inner"}},"clearTextFirst":true,"interactionType":"ENTER_TEXT"}]}
RESULT: {"script":"<script> [776 bytes]","args":[{"enterText":"Meter","selector":{"id":"application-manageresources-display-component---newResourceUnit--DIMENSION_UNIT","interaction":{"idSuffix":"inner"}},"clearTextFirst":true,"interactionType":"ENTER_TEXT"}]}
COMMAND: POST /session/47a0cfcb1b688bc57e33978b59aaa3c6/execute/async - {"script":"<script> [1562 bytes]","args":[{"selector":{"id":"application-manageresources-display-component---newResourceUnit--newRRUPage-anchBar-application-manageresources-display-component---newResourceUnit--control-anchor","interaction":{"idSuffix":"BDI-content"}},"wdio_ui5_key":"applicationmanageresources-display-component---newResourceUnit--newRRUPage-anchBar-application-manageresources-display-component---newResourceUnit--control-anchor"}]}
RESULT: {"script":"<script> [1562 bytes]","args":[{"selector":{"id":"application-manageresources-display-component---newResourceUnit--newRRUPage-anchBar-application-manageresources-display-component---newResourceUnit--control-anchor","interaction":{"idSuffix":"BDI-content"}},"wdio_ui5_key":"applicationmanageresources-display-component---newResourceUnit--newRRUPage-anchBar-application-manageresources-display-component---newResourceUnit--control-anchor"}]}
RESULT: undefined
COMMAND: POST /session/47a0cfcb1b688bc57e33978b59aaa3c6/element - {"using":"xpath","value":"//*[@id=\"application-manageresources-display-component---newResourceUnit--newRRUPage-anchBar-application-manageresources-display-component---newResourceUnit--control-anchor\"]"}
RESULT: {"using":"xpath","value":"//*[@id=\"application-manageresources-display-component---newResourceUnit--newRRUPage-anchBar-application-manageresources-display-component---newResourceUnit--control-anchor\"]"}
COMMAND: POST /session/47a0cfcb1b688bc57e33978b59aaa3c6/element/f.B7EBD3B9E1BF342B1CF0F76B0C9C80BF.d.8619B116082CFA4DFB7F54DF9E3B3214.e.14523/click - {}
RESULT: {}
COMMAND: POST /session/47a0cfcb1b688bc57e33978b59aaa3c6/execute/async - {"script":"<script> [1562 bytes]","args":[{"selector":{"id":"application-manageresources-display-component---newResourceUnit--PLANNING_GROUP","interaction":{"idSuffix":"inner"}},"wdio_ui5_key":"applicationmanageresources-display-component---newResourceUnit--PLANNING_GROUP"}]}
COMMAND: GET /session/47a0cfcb1b688bc57e33978b59aaa3c6/screenshot - {}
RESULT: {"script":"<script> [1562 bytes]","args":[{"selector":{"id":"application-manageresources-display-component---newResourceUnit--PLANNING_GROUP","interaction":{"idSuffix":"inner"}},"wdio_ui5_key":"applicationmanageresources-display-component---newResourceUnit--PLANNING_GROUP"}]}
RESULT: undefined
COMMAND: POST /session/47a0cfcb1b688bc57e33978b59aaa3c6/execute/async - {"script":"<script> [776 bytes]","args":[{"enterText":"Material","selector":{"id":"application-manageresources-display-component---newResourceUnit--PLANNING_GROUP","interaction":{"idSuffix":"inner"}},"clearTextFirst":true,"interactionType":"ENTER_TEXT"}]}
RESULT: {}
RESULT: {"script":"<script> [776 bytes]","args":[{"enterText":"Material","selector":{"id":"application-manageresources-display-component---newResourceUnit--PLANNING_GROUP","interaction":{"idSuffix":"inner"}},"clearTextFirst":true,"interactionType":"ENTER_TEXT"}]}
COMMAND: POST /session/47a0cfcb1b688bc57e33978b59aaa3c6/execute/async - {"script":"<script> [1562 bytes]","args":[{"selector":{"id":"application-manageresources-display-component---newResourceUnit--PLANNING_INDICATOR","interaction":{"idSuffix":"inner"}},"wdio_ui5_key":"applicationmanageresources-display-component---newResourceUnit--PLANNING_INDICATOR"}]}
RESULT: {"script":"<script> [1562 bytes]","args":[{"selector":{"id":"application-manageresources-display-component---newResourceUnit--PLANNING_INDICATOR","interaction":{"idSuffix":"inner"}},"wdio_ui5_key":"applicationmanageresources-display-component---newResourceUnit--PLANNING_INDICATOR"}]}
RESULT: undefined
COMMAND: POST /session/47a0cfcb1b688bc57e33978b59aaa3c6/execute/async - {"script":"<script> [776 bytes]","args":[{"enterText":"10 - infinite","selector":{"id":"application-manageresources-display-component---newResourceUnit--PLANNING_INDICATOR","interaction":{"idSuffix":"inner"}},"clearTextFirst":true,"interactionType":"ENTER_TEXT"}]}
RESULT: {"script":"<script> [776 bytes]","args":[{"enterText":"10 - infinite","selector":{"id":"application-manageresources-display-component---newResourceUnit--PLANNING_INDICATOR","interaction":{"idSuffix":"inner"}},"clearTextFirst":true,"interactionType":"ENTER_TEXT"}]}
COMMAND: POST /session/47a0cfcb1b688bc57e33978b59aaa3c6/element - {"using":"css selector","value":"#application-manageresources-display-component---newResourceUnit--btnAddTimeSegment"}
RESULT: {"using":"css selector","value":"#application-manageresources-display-component---newResourceUnit--btnAddTimeSegment"}
COMMAND: GET /session/47a0cfcb1b688bc57e33978b59aaa3c6/element/f.B7EBD3B9E1BF342B1CF0F76B0C9C80BF.d.8619B116082CFA4DFB7F54DF9E3B3214.e.14531/rect - {}
RESULT: {}
COMMAND: GET /session/47a0cfcb1b688bc57e33978b59aaa3c6/window/rect - {}
RESULT: {}
COMMAND: POST /session/47a0cfcb1b688bc57e33978b59aaa3c6/execute/sync - {"script":"<script> [92 bytes]","args":[]}
RESULT: {"script":"<script> [92 bytes]","args":[]}
COMMAND: POST /session/47a0cfcb1b688bc57e33978b59aaa3c6/actions - {"actions":[{"id":"action46","type":"wheel","parameters":{},"actions":[{"type":"scroll","x":-1888,"y":-32,"deltaX":0,"deltaY":0,"duration":0,"origin":{"element-6066-11e4-a52e-4f735466cecf":"f.B7EBD3B9E1BF342B1CF0F76B0C9C80BF.d.8619B116082CFA4DFB7F54DF9E3B3214.e.14531"}}]}]}
COMMAND: GET /session/47a0cfcb1b688bc57e33978b59aaa3c6/screenshot - {}
RESULT: {}
COMMAND: POST /session/47a0cfcb1b688bc57e33978b59aaa3c6/execute/sync - {"script":"<script> [79 bytes]","args":[{"element-6066-11e4-a52e-4f735466cecf":"f.B7EBD3B9E1BF342B1CF0F76B0C9C80BF.d.8619B116082CFA4DFB7F54DF9E3B3214.e.14531","ELEMENT":"f.B7EBD3B9E1BF342B1CF0F76B0C9C80BF.d.8619B116082CFA4DFB7F54DF9E3B3214.e.14531"},{"block":"start","inline":"nearest"}]}
RESULT: {"script":"<script> [79 bytes]","args":[{"element-6066-11e4-a52e-4f735466cecf":"f.B7EBD3B9E1BF342B1CF0F76B0C9C80BF.d.8619B116082CFA4DFB7F54DF9E3B3214.e.14531","ELEMENT":"f.B7EBD3B9E1BF342B1CF0F76B0C9C80BF.d.8619B116082CFA4DFB7F54DF9E3B3214.e.14531"},{"block":"start","inline":"nearest"}]}
COMMAND: POST /session/47a0cfcb1b688bc57e33978b59aaa3c6/execute/async - {"script":"<script> [1562 bytes]","args":[{"selector":{"id":"application-manageresources-display-component---newResourceUnit--btnAddTimeSegment","interaction":{"idSuffix":"inner"}},"wdio_ui5_key":"applicationmanageresources-display-component---newResourceUnit--btnAddTimeSegment"}]}
COMMAND: GET /session/47a0cfcb1b688bc57e33978b59aaa3c6/screenshot - {}
RESULT: {"script":"<script> [1562 bytes]","args":[{"selector":{"id":"application-manageresources-display-component---newResourceUnit--btnAddTimeSegment","interaction":{"idSuffix":"inner"}},"wdio_ui5_key":"applicationmanageresources-display-component---newResourceUnit--btnAddTimeSegment"}]}
RESULT: undefined
COMMAND: POST /session/47a0cfcb1b688bc57e33978b59aaa3c6/element - {"using":"xpath","value":"//*[@id=\"application-manageresources-display-component---newResourceUnit--btnAddTimeSegment\"]"}
RESULT: {}
RESULT: {"using":"xpath","value":"//*[@id=\"application-manageresources-display-component---newResourceUnit--btnAddTimeSegment\"]"}
COMMAND: POST /session/47a0cfcb1b688bc57e33978b59aaa3c6/element/f.B7EBD3B9E1BF342B1CF0F76B0C9C80BF.d.8619B116082CFA4DFB7F54DF9E3B3214.e.14531/click - {}
RESULT: {}
COMMAND: GET /session/47a0cfcb1b688bc57e33978b59aaa3c6/screenshot - {}
RESULT: {}
COMMAND: POST /session/47a0cfcb1b688bc57e33978b59aaa3c6/element - {"using":"xpath","value":"//input[@id=\"application-manageresources-display-component---newResourceUnit--idRuTSAdmin-application-manageresources-display-component---newResourceUnit--RUTimeSegment-0-inner\"]"}
RESULT: {"using":"xpath","value":"//input[@id=\"application-manageresources-display-component---newResourceUnit--idRuTSAdmin-application-manageresources-display-component---newResourceUnit--RUTimeSegment-0-inner\"]"}
COMMAND: POST /session/47a0cfcb1b688bc57e33978b59aaa3c6/element/f.B7EBD3B9E1BF342B1CF0F76B0C9C80BF.d.8619B116082CFA4DFB7F54DF9E3B3214.e.14536/clear - {}
RESULT: {}
COMMAND: POST /session/47a0cfcb1b688bc57e33978b59aaa3c6/element/f.B7EBD3B9E1BF342B1CF0F76B0C9C80BF.d.8619B116082CFA4DFB7F54DF9E3B3214.e.14536/value - {"text":"595"}
COMMAND: GET /session/47a0cfcb1b688bc57e33978b59aaa3c6/screenshot - {}
RESULT: {"text":"595"}
COMMAND: GET /session/47a0cfcb1b688bc57e33978b59aaa3c6/screenshot - {}
RESULT: {}
RESULT: {}
COMMAND: POST /session/47a0cfcb1b688bc57e33978b59aaa3c6/element - {"using":"xpath","value":"//li[.//span[text()='595']]"}
RESULT: {"using":"xpath","value":"//li[.//span[text()='595']]"}
COMMAND: POST /session/47a0cfcb1b688bc57e33978b59aaa3c6/element/f.B7EBD3B9E1BF342B1CF0F76B0C9C80BF.d.8619B116082CFA4DFB7F54DF9E3B3214.e.14545/click - {}
RESULT: {}
COMMAND: GET /session/47a0cfcb1b688bc57e33978b59aaa3c6/screenshot - {}
RESULT: {}
COMMAND: POST /session/47a0cfcb1b688bc57e33978b59aaa3c6/element - {"using":"xpath","value":"(//span[contains(@id, \"-application-manageresources-display-component---newResourceUnit--RUTimeSegment-0-arrow\")])[2]"}
RESULT: {"using":"xpath","value":"(//span[contains(@id, \"-application-manageresources-display-component---newResourceUnit--RUTimeSegment-0-arrow\")])[2]"}
COMMAND: POST /session/47a0cfcb1b688bc57e33978b59aaa3c6/element/f.B7EBD3B9E1BF342B1CF0F76B0C9C80BF.d.8619B116082CFA4DFB7F54DF9E3B3214.e.14546/click - {}
RESULT: {}
COMMAND: POST /session/47a0cfcb1b688bc57e33978b59aaa3c6/element - {"using":"xpath","value":"//span[contains(text(), \"PM Order\")]"}
COMMAND: GET /session/47a0cfcb1b688bc57e33978b59aaa3c6/screenshot - {}
RESULT: {"using":"xpath","value":"//span[contains(text(), \"PM Order\")]"}
COMMAND: POST /session/47a0cfcb1b688bc57e33978b59aaa3c6/element/f.B7EBD3B9E1BF342B1CF0F76B0C9C80BF.d.8619B116082CFA4DFB7F54DF9E3B3214.e.14547/click - {}
RESULT: {}
RESULT: {}
COMMAND: GET /session/47a0cfcb1b688bc57e33978b59aaa3c6/screenshot - {}
RESULT: {}
COMMAND: POST /session/47a0cfcb1b688bc57e33978b59aaa3c6/element - {"using":"xpath","value":"//td/div/div/div/span[contains(@id, \"newResourceUnit--RUTimeSegment-0-vhi\")][1]"}
RESULT: {"using":"xpath","value":"//td/div/div/div/span[contains(@id, \"newResourceUnit--RUTimeSegment-0-vhi\")][1]"}
COMMAND: GET /session/47a0cfcb1b688bc57e33978b59aaa3c6/element/f.B7EBD3B9E1BF342B1CF0F76B0C9C80BF.d.8619B116082CFA4DFB7F54DF9E3B3214.e.14551/rect - {}
RESULT: {}
COMMAND: GET /session/47a0cfcb1b688bc57e33978b59aaa3c6/window/rect - {}
RESULT: {}
COMMAND: POST /session/47a0cfcb1b688bc57e33978b59aaa3c6/execute/sync - {"script":"<script> [92 bytes]","args":[]}
RESULT: {"script":"<script> [92 bytes]","args":[]}
COMMAND: POST /session/47a0cfcb1b688bc57e33978b59aaa3c6/actions - {"actions":[{"id":"action47","type":"wheel","parameters":{},"actions":[{"type":"scroll","x":-1888,"y":-24,"deltaX":0,"deltaY":0,"duration":0,"origin":{"element-6066-11e4-a52e-4f735466cecf":"f.B7EBD3B9E1BF342B1CF0F76B0C9C80BF.d.8619B116082CFA4DFB7F54DF9E3B3214.e.14551"}}]}]}
COMMAND: GET /session/47a0cfcb1b688bc57e33978b59aaa3c6/screenshot - {}
RESULT: {}
COMMAND: POST /session/47a0cfcb1b688bc57e33978b59aaa3c6/execute/sync - {"script":"<script> [79 bytes]","args":[{"element-6066-11e4-a52e-4f735466cecf":"f.B7EBD3B9E1BF342B1CF0F76B0C9C80BF.d.8619B116082CFA4DFB7F54DF9E3B3214.e.14551","ELEMENT":"f.B7EBD3B9E1BF342B1CF0F76B0C9C80BF.d.8619B116082CFA4DFB7F54DF9E3B3214.e.14551"},{"block":"start","inline":"nearest"}]}
RESULT: {"script":"<script> [79 bytes]","args":[{"element-6066-11e4-a52e-4f735466cecf":"f.B7EBD3B9E1BF342B1CF0F76B0C9C80BF.d.8619B116082CFA4DFB7F54DF9E3B3214.e.14551","ELEMENT":"f.B7EBD3B9E1BF342B1CF0F76B0C9C80BF.d.8619B116082CFA4DFB7F54DF9E3B3214.e.14551"},{"block":"start","inline":"nearest"}]}
COMMAND: GET /session/47a0cfcb1b688bc57e33978b59aaa3c6/screenshot - {}
RESULT: {}
COMMAND: POST /session/47a0cfcb1b688bc57e33978b59aaa3c6/element/f.B7EBD3B9E1BF342B1CF0F76B0C9C80BF.d.8619B116082CFA4DFB7F54DF9E3B3214.e.14551/click - {}
RESULT: {}
COMMAND: GET /session/47a0cfcb1b688bc57e33978b59aaa3c6/screenshot - {}
RESULT: {}
COMMAND: POST /session/47a0cfcb1b688bc57e33978b59aaa3c6/execute/async - {"script":"<script> [1562 bytes]","args":[{"selector":{"controlType":"sap.m.SearchField","properties":{"placeholder":"Search"},"searchOpenDialogs":true,"interaction":{"idSuffix":"I"}},"wdio_ui5_key":"sapm.SearchField{\"placeholder\":\"Search\"}"}]}
RESULT: {"script":"<script> [1562 bytes]","args":[{"selector":{"controlType":"sap.m.SearchField","properties":{"placeholder":"Search"},"searchOpenDialogs":true,"interaction":{"idSuffix":"I"}},"wdio_ui5_key":"sapm.SearchField{\"placeholder\":\"Search\"}"}]}
RESULT: undefined
COMMAND: POST /session/47a0cfcb1b688bc57e33978b59aaa3c6/execute/async - {"script":"<script> [776 bytes]","args":[{"enterText":"4000360","selector":{"controlType":"sap.m.SearchField","properties":{"placeholder":"Search"},"searchOpenDialogs":true,"interaction":{"idSuffix":"I"}},"clearTextFirst":true,"interactionType":"ENTER_TEXT"}]}
RESULT: {"script":"<script> [776 bytes]","args":[{"enterText":"4000360","selector":{"controlType":"sap.m.SearchField","properties":{"placeholder":"Search"},"searchOpenDialogs":true,"interaction":{"idSuffix":"I"}},"clearTextFirst":true,"interactionType":"ENTER_TEXT"}]}
COMMAND: POST /session/47a0cfcb1b688bc57e33978b59aaa3c6/actions - {"actions":[{"id":"action48","type":"key","parameters":{},"actions":[{"type":"keyDown","value":"î€‡"},{"type":"pause","duration":10},{"type":"keyUp","value":"î€‡"}]}]}
RESULT: {"actions":[{"id":"action48","type":"key","parameters":{},"actions":[{"type":"keyDown","value":"î€‡"},{"type":"pause","duration":10},{"type":"keyUp","value":"î€‡"}]}]}
COMMAND: GET /session/47a0cfcb1b688bc57e33978b59aaa3c6/screenshot - {}
RESULT: {}
COMMAND: POST /session/47a0cfcb1b688bc57e33978b59aaa3c6/element - {"using":"xpath","value":"//td/div/span[contains(text(), \"BGL Vehicles\")]"}
RESULT: {"using":"xpath","value":"//td/div/span[contains(text(), \"BGL Vehicles\")]"}
COMMAND: POST /session/47a0cfcb1b688bc57e33978b59aaa3c6/element/f.B7EBD3B9E1BF342B1CF0F76B0C9C80BF.d.8619B116082CFA4DFB7F54DF9E3B3214.e.14572/click - {}
RESULT: {}
COMMAND: GET /session/47a0cfcb1b688bc57e33978b59aaa3c6/screenshot - {}
RESULT: {}
COMMAND: POST /session/47a0cfcb1b688bc57e33978b59aaa3c6/element - {"using":"xpath","value":"//bdi[contains(text(), \"OK\")]"}
RESULT: {"using":"xpath","value":"//bdi[contains(text(), \"OK\")]"}
COMMAND: POST /session/47a0cfcb1b688bc57e33978b59aaa3c6/element/f.B7EBD3B9E1BF342B1CF0F76B0C9C80BF.d.8619B116082CFA4DFB7F54DF9E3B3214.e.14573/click - {}
RESULT: {}
COMMAND: GET /session/47a0cfcb1b688bc57e33978b59aaa3c6/screenshot - {}
RESULT: {}
COMMAND: POST /session/47a0cfcb1b688bc57e33978b59aaa3c6/element - {"using":"xpath","value":"//label[contains(@class, 'sapMLabelRequired') and .//bdi[contains(text(), 'Planned Retirement')]]"}
RESULT: {"using":"xpath","value":"//label[contains(@class, 'sapMLabelRequired') and .//bdi[contains(text(), 'Planned Retirement')]]"}
COMMAND: POST /session/47a0cfcb1b688bc57e33978b59aaa3c6/elements - {"using":"xpath","value":"//label[contains(@class, 'sapMLabelRequired') and .//bdi[contains(text(), 'Planned Retirement')]]"}
RESULT: {"using":"xpath","value":"//label[contains(@class, 'sapMLabelRequired') and .//bdi[contains(text(), 'Planned Retirement')]]"}
COMMAND: POST /session/47a0cfcb1b688bc57e33978b59aaa3c6/element - {"using":"xpath","value":"//button[@data-kt=\"resourceUnitSaveButton\"]"}
RESULT: {"using":"xpath","value":"//button[@data-kt=\"resourceUnitSaveButton\"]"}
COMMAND: POST /session/47a0cfcb1b688bc57e33978b59aaa3c6/element/f.B7EBD3B9E1BF342B1CF0F76B0C9C80BF.d.8619B116082CFA4DFB7F54DF9E3B3214.e.14475/click - {}
RESULT: {}
COMMAND: GET /session/47a0cfcb1b688bc57e33978b59aaa3c6/screenshot - {}
RESULT: {}
COMMAND: POST /session/47a0cfcb1b688bc57e33978b59aaa3c6/element - {"using":"xpath","value":"//bdi[contains(text(), \"Close\")]"}
RESULT: {"using":"xpath","value":"//bdi[contains(text(), \"Close\")]"}
COMMAND: POST /session/47a0cfcb1b688bc57e33978b59aaa3c6/element/f.B7EBD3B9E1BF342B1CF0F76B0C9C80BF.d.8619B116082CFA4DFB7F54DF9E3B3214.e.14580/click - {}
RESULT: {}
COMMAND: GET /session/47a0cfcb1b688bc57e33978b59aaa3c6/screenshot - {}
RESULT: {}
COMMAND: POST /session/47a0cfcb1b688bc57e33978b59aaa3c6/element - {"using":"xpath","value":"//header[contains(@id, 'detailRruPage-headerTitle')]/div[1]/div[2]/div[2]/span[1]"}
RESULT: {"using":"xpath","value":"//header[contains(@id, 'detailRruPage-headerTitle')]/div[1]/div[2]/div[2]/span[1]"}
COMMAND: POST /session/47a0cfcb1b688bc57e33978b59aaa3c6/elements - {"using":"xpath","value":"//header[contains(@id, 'detailRruPage-headerTitle')]/div[1]/div[2]/div[2]/span[1]"}
RESULT: {"using":"xpath","value":"//header[contains(@id, 'detailRruPage-headerTitle')]/div[1]/div[2]/div[2]/span[1]"}
COMMAND: POST /session/47a0cfcb1b688bc57e33978b59aaa3c6/execute/sync - {"script":"<script> [56 bytes]","args":[{"element-6066-11e4-a52e-4f735466cecf":"f.B7EBD3B9E1BF342B1CF0F76B0C9C80BF.d.8619B116082CFA4DFB7F54DF9E3B3214.e.14607","ELEMENT":"f.B7EBD3B9E1BF342B1CF0F76B0C9C80BF.d.8619B116082CFA4DFB7F54DF9E3B3214.e.14607"}]}
RESULT: {"script":"<script> [56 bytes]","args":[{"element-6066-11e4-a52e-4f735466cecf":"f.B7EBD3B9E1BF342B1CF0F76B0C9C80BF.d.8619B116082CFA4DFB7F54DF9E3B3214.e.14607","ELEMENT":"f.B7EBD3B9E1BF342B1CF0F76B0C9C80BF.d.8619B116082CFA4DFB7F54DF9E3B3214.e.14607"}]}
COMMAND: POST /session/47a0cfcb1b688bc57e33978b59aaa3c6/element - {"using":"css selector","value":"#shell-header-logo"}
COMMAND: GET /session/47a0cfcb1b688bc57e33978b59aaa3c6/screenshot - {}
RESULT: {"using":"css selector","value":"#shell-header-logo"}
COMMAND: POST /session/47a0cfcb1b688bc57e33978b59aaa3c6/element/f.B7EBD3B9E1BF342B1CF0F76B0C9C80BF.d.8619B116082CFA4DFB7F54DF9E3B3214.e.13949/click - {}
RESULT: {}
RESULT: {}
COMMAND: GET /session/47a0cfcb1b688bc57e33978b59aaa3c6/screenshot - {}
RESULT: {}
]]></system-out>
    </testcase>
  </testsuite>
  <testsuite timestamp="2025-05-20T17:11:44" time="374.587" tests="6" failures="0" errors="0" skipped="0">
    <properties>
      <property name="specId" value="0" />
      <property name="suiteName" value="Provide to Site w/o warehouse management w/o clarification" />
      <property name="capabilities" value="chrome.136_0_7103_93.windows" />
      <property name="file" value="file:///D:/a/1/s/test/specs/HTR/provide-to-site-wo-warehouse-wo-clarification.spec.js" />
    </properties>
    <testcase classname="chrome.136_0_7103_93.windows.Provide_to_Site_w/o_warehouse_management_w/o_clarification" name="Should do a stock increase handover" time="89.452">
      <system-out><![CDATA[
COMMAND: POST /session/47a0cfcb1b688bc57e33978b59aaa3c6/execute/async - {"script":"<script> [1562 bytes]","args":[{"selector":{"controlType":"sap.m.GenericTile","properties":{"header":"Manage Handovers"}},"wdio_ui5_key":"sapm.GenericTile{\"header\":\"Manage Handovers\"}"}]}
RESULT: {"script":"<script> [1562 bytes]","args":[{"selector":{"controlType":"sap.m.GenericTile","properties":{"header":"Manage Handovers"}},"wdio_ui5_key":"sapm.GenericTile{\"header\":\"Manage Handovers\"}"}]}
RESULT: undefined
COMMAND: POST /session/47a0cfcb1b688bc57e33978b59aaa3c6/element - {"using":"xpath","value":"//*[@id=\"__tile132\"]"}
RESULT: {"using":"xpath","value":"//*[@id=\"__tile132\"]"}
COMMAND: POST /session/47a0cfcb1b688bc57e33978b59aaa3c6/element/f.B7EBD3B9E1BF342B1CF0F76B0C9C80BF.d.8619B116082CFA4DFB7F54DF9E3B3214.e.13996/click - {}
RESULT: {}
COMMAND: GET /session/47a0cfcb1b688bc57e33978b59aaa3c6/screenshot - {}
RESULT: {}
COMMAND: POST /session/47a0cfcb1b688bc57e33978b59aaa3c6/elements - {"using":"xpath","value":"//span[text()='Error']"}
RESULT: {"using":"xpath","value":"//span[text()='Error']"}
COMMAND: POST /session/47a0cfcb1b688bc57e33978b59aaa3c6/element - {"using":"xpath","value":"//button[@data-kt=\"masterHOAddButton\"]"}
RESULT: {"using":"xpath","value":"//button[@data-kt=\"masterHOAddButton\"]"}
COMMAND: POST /session/47a0cfcb1b688bc57e33978b59aaa3c6/elements - {"using":"xpath","value":"//button[@data-kt=\"masterHOAddButton\"]"}
RESULT: {"using":"xpath","value":"//button[@data-kt=\"masterHOAddButton\"]"}
COMMAND: POST /session/47a0cfcb1b688bc57e33978b59aaa3c6/execute/sync - {"script":"<script> [8489 bytes]","args":[{"element-6066-11e4-a52e-4f735466cecf":"f.B7EBD3B9E1BF342B1CF0F76B0C9C80BF.d.8619B116082CFA4DFB7F54DF9E3B3214.e.14645","ELEMENT":"f.B7EBD3B9E1BF342B1CF0F76B0C9C80BF.d.8619B116082CFA4DFB7F54DF9E3B3214.e.14645"}]}
RESULT: {"script":"<script> [8489 bytes]","args":[{"element-6066-11e4-a52e-4f735466cecf":"f.B7EBD3B9E1BF342B1CF0F76B0C9C80BF.d.8619B116082CFA4DFB7F54DF9E3B3214.e.14645","ELEMENT":"f.B7EBD3B9E1BF342B1CF0F76B0C9C80BF.d.8619B116082CFA4DFB7F54DF9E3B3214.e.14645"}]}
COMMAND: GET /session/47a0cfcb1b688bc57e33978b59aaa3c6/element/f.B7EBD3B9E1BF342B1CF0F76B0C9C80BF.d.8619B116082CFA4DFB7F54DF9E3B3214.e.14645/enabled - {}
COMMAND: GET /session/47a0cfcb1b688bc57e33978b59aaa3c6/screenshot - {}
RESULT: {}
COMMAND: POST /session/47a0cfcb1b688bc57e33978b59aaa3c6/execute/sync - {"script":"<script> [8489 bytes]","args":[{"element-6066-11e4-a52e-4f735466cecf":"f.B7EBD3B9E1BF342B1CF0F76B0C9C80BF.d.8619B116082CFA4DFB7F54DF9E3B3214.e.14645","ELEMENT":"f.B7EBD3B9E1BF342B1CF0F76B0C9C80BF.d.8619B116082CFA4DFB7F54DF9E3B3214.e.14645"}]}
COMMAND: GET /session/47a0cfcb1b688bc57e33978b59aaa3c6/screenshot - {}
RESULT: {}
RESULT: {}
RESULT: {"script":"<script> [8489 bytes]","args":[{"element-6066-11e4-a52e-4f735466cecf":"f.B7EBD3B9E1BF342B1CF0F76B0C9C80BF.d.8619B116082CFA4DFB7F54DF9E3B3214.e.14645","ELEMENT":"f.B7EBD3B9E1BF342B1CF0F76B0C9C80BF.d.8619B116082CFA4DFB7F54DF9E3B3214.e.14645"}]}
COMMAND: POST /session/47a0cfcb1b688bc57e33978b59aaa3c6/execute/sync - {"script":"<script> [5351 bytes]","args":[{"element-6066-11e4-a52e-4f735466cecf":"f.B7EBD3B9E1BF342B1CF0F76B0C9C80BF.d.8619B116082CFA4DFB7F54DF9E3B3214.e.14645","ELEMENT":"f.B7EBD3B9E1BF342B1CF0F76B0C9C80BF.d.8619B116082CFA4DFB7F54DF9E3B3214.e.14645"}]}
COMMAND: GET /session/47a0cfcb1b688bc57e33978b59aaa3c6/screenshot - {}
RESULT: {"script":"<script> [5351 bytes]","args":[{"element-6066-11e4-a52e-4f735466cecf":"f.B7EBD3B9E1BF342B1CF0F76B0C9C80BF.d.8619B116082CFA4DFB7F54DF9E3B3214.e.14645","ELEMENT":"f.B7EBD3B9E1BF342B1CF0F76B0C9C80BF.d.8619B116082CFA4DFB7F54DF9E3B3214.e.14645"}]}
COMMAND: POST /session/47a0cfcb1b688bc57e33978b59aaa3c6/element/f.B7EBD3B9E1BF342B1CF0F76B0C9C80BF.d.8619B116082CFA4DFB7F54DF9E3B3214.e.14645/click - {}
COMMAND: GET /session/47a0cfcb1b688bc57e33978b59aaa3c6/screenshot - {}
RESULT: {}
RESULT: {}
COMMAND: GET /session/47a0cfcb1b688bc57e33978b59aaa3c6/screenshot - {}
COMMAND: POST /session/47a0cfcb1b688bc57e33978b59aaa3c6/element - {"using":"xpath","value":"//span[contains(@id ,\"AddNewHO--typeSelect-arrow\")]"}
RESULT: {}
RESULT: {}
RESULT: {"using":"xpath","value":"//span[contains(@id ,\"AddNewHO--typeSelect-arrow\")]"}
COMMAND: POST /session/47a0cfcb1b688bc57e33978b59aaa3c6/element/f.B7EBD3B9E1BF342B1CF0F76B0C9C80BF.d.8619B116082CFA4DFB7F54DF9E3B3214.e.15002/click - {}
RESULT: {}
COMMAND: GET /session/47a0cfcb1b688bc57e33978b59aaa3c6/screenshot - {}
RESULT: {}
COMMAND: POST /session/47a0cfcb1b688bc57e33978b59aaa3c6/element - {"using":"xpath","value":"(//li[contains(text(), \"stock increase yard\")])[1]"}
RESULT: {"using":"xpath","value":"(//li[contains(text(), \"stock increase yard\")])[1]"}
COMMAND: POST /session/47a0cfcb1b688bc57e33978b59aaa3c6/element/f.B7EBD3B9E1BF342B1CF0F76B0C9C80BF.d.8619B116082CFA4DFB7F54DF9E3B3214.e.15003/click - {}
RESULT: {}
COMMAND: GET /session/47a0cfcb1b688bc57e33978b59aaa3c6/screenshot - {}
RESULT: {}
COMMAND: POST /session/47a0cfcb1b688bc57e33978b59aaa3c6/execute/async - {"script":"<script> [1562 bytes]","args":[{"selector":{"id":"application-managehandovers-display-component---AddNewHO--dueDate","interaction":{"idSuffix":"inner"}},"wdio_ui5_key":"applicationmanagehandovers-display-component---AddNewHO--dueDate"}]}
RESULT: {"script":"<script> [1562 bytes]","args":[{"selector":{"id":"application-managehandovers-display-component---AddNewHO--dueDate","interaction":{"idSuffix":"inner"}},"wdio_ui5_key":"applicationmanagehandovers-display-component---AddNewHO--dueDate"}]}
RESULT: undefined
COMMAND: POST /session/47a0cfcb1b688bc57e33978b59aaa3c6/execute/async - {"script":"<script> [6424 bytes]","args":[{"element-6066-11e4-a52e-4f735466cecf":"f.B7EBD3B9E1BF342B1CF0F76B0C9C80BF.d.8619B116082CFA4DFB7F54DF9E3B3214.e.15005"},"setValue",["5/20/25"]]}
RESULT: {"script":"<script> [6424 bytes]","args":[{"element-6066-11e4-a52e-4f735466cecf":"f.B7EBD3B9E1BF342B1CF0F76B0C9C80BF.d.8619B116082CFA4DFB7F54DF9E3B3214.e.15005"},"setValue",["5/20/25"]]}
COMMAND: POST /session/47a0cfcb1b688bc57e33978b59aaa3c6/element - {"using":"xpath","value":"//input[@id=\"generalSectionFrg--receiveYard-inner\"]"}
RESULT: {"using":"xpath","value":"//input[@id=\"generalSectionFrg--receiveYard-inner\"]"}
COMMAND: POST /session/47a0cfcb1b688bc57e33978b59aaa3c6/element/f.B7EBD3B9E1BF342B1CF0F76B0C9C80BF.d.8619B116082CFA4DFB7F54DF9E3B3214.e.15009/clear - {}
RESULT: {}
COMMAND: POST /session/47a0cfcb1b688bc57e33978b59aaa3c6/element/f.B7EBD3B9E1BF342B1CF0F76B0C9C80BF.d.8619B116082CFA4DFB7F54DF9E3B3214.e.15009/value - {"text":"595"}
COMMAND: GET /session/47a0cfcb1b688bc57e33978b59aaa3c6/screenshot - {}
RESULT: {"text":"595"}
COMMAND: GET /session/47a0cfcb1b688bc57e33978b59aaa3c6/screenshot - {}
RESULT: {}
RESULT: {}
COMMAND: POST /session/47a0cfcb1b688bc57e33978b59aaa3c6/element - {"using":"xpath","value":"//li[.//span[text()='595']]"}
RESULT: {"using":"xpath","value":"//li[.//span[text()='595']]"}
COMMAND: POST /session/47a0cfcb1b688bc57e33978b59aaa3c6/element/f.B7EBD3B9E1BF342B1CF0F76B0C9C80BF.d.8619B116082CFA4DFB7F54DF9E3B3214.e.15027/click - {}
RESULT: {}
COMMAND: GET /session/47a0cfcb1b688bc57e33978b59aaa3c6/screenshot - {}
RESULT: {}
COMMAND: POST /session/47a0cfcb1b688bc57e33978b59aaa3c6/execute/async - {"script":"<script> [1562 bytes]","args":[{"selector":{"id":"application-managehandovers-display-component---AddNewHO--ObjectPageLayout-anchBar-application-managehandovers-display-component---AddNewHO--section4-anchor","interaction":{"idSuffix":"BDI-content"}},"wdio_ui5_key":"applicationmanagehandovers-display-component---AddNewHO--ObjectPageLayout-anchBar-application-managehandovers-display-component---AddNewHO--section4-anchor"}]}
RESULT: {"script":"<script> [1562 bytes]","args":[{"selector":{"id":"application-managehandovers-display-component---AddNewHO--ObjectPageLayout-anchBar-application-managehandovers-display-component---AddNewHO--section4-anchor","interaction":{"idSuffix":"BDI-content"}},"wdio_ui5_key":"applicationmanagehandovers-display-component---AddNewHO--ObjectPageLayout-anchBar-application-managehandovers-display-component---AddNewHO--section4-anchor"}]}
RESULT: undefined
COMMAND: POST /session/47a0cfcb1b688bc57e33978b59aaa3c6/element - {"using":"xpath","value":"//*[@id=\"application-managehandovers-display-component---AddNewHO--ObjectPageLayout-anchBar-application-managehandovers-display-component---AddNewHO--section4-anchor\"]"}
RESULT: {"using":"xpath","value":"//*[@id=\"application-managehandovers-display-component---AddNewHO--ObjectPageLayout-anchBar-application-managehandovers-display-component---AddNewHO--section4-anchor\"]"}
COMMAND: POST /session/47a0cfcb1b688bc57e33978b59aaa3c6/element/f.B7EBD3B9E1BF342B1CF0F76B0C9C80BF.d.8619B116082CFA4DFB7F54DF9E3B3214.e.15029/click - {}
RESULT: {}
COMMAND: POST /session/47a0cfcb1b688bc57e33978b59aaa3c6/element - {"using":"xpath","value":"//button[@aria-label=\"Add\"]"}
COMMAND: GET /session/47a0cfcb1b688bc57e33978b59aaa3c6/screenshot - {}
RESULT: {"using":"xpath","value":"//button[@aria-label=\"Add\"]"}
COMMAND: POST /session/47a0cfcb1b688bc57e33978b59aaa3c6/element/f.B7EBD3B9E1BF342B1CF0F76B0C9C80BF.d.8619B116082CFA4DFB7F54DF9E3B3214.e.15031/click - {}
RESULT: {}
RESULT: {}
COMMAND: GET /session/47a0cfcb1b688bc57e33978b59aaa3c6/screenshot - {}
RESULT: {}
COMMAND: POST /session/47a0cfcb1b688bc57e33978b59aaa3c6/execute/async - {"script":"<script> [1562 bytes]","args":[{"selector":{"id":"application-managehandovers-display-component---AddNewHO--smartFilterBar-btnBasicSearch","searchOpenDialogs":true,"interaction":{"idSuffix":"I"}},"wdio_ui5_key":"applicationmanagehandovers-display-component---AddNewHO--smartFilterBar-btnBasicSearch"}]}
RESULT: {"script":"<script> [1562 bytes]","args":[{"selector":{"id":"application-managehandovers-display-component---AddNewHO--smartFilterBar-btnBasicSearch","searchOpenDialogs":true,"interaction":{"idSuffix":"I"}},"wdio_ui5_key":"applicationmanagehandovers-display-component---AddNewHO--smartFilterBar-btnBasicSearch"}]}
RESULT: undefined
COMMAND: POST /session/47a0cfcb1b688bc57e33978b59aaa3c6/execute/async - {"script":"<script> [776 bytes]","args":[{"enterText":"200341","selector":{"id":"application-managehandovers-display-component---AddNewHO--smartFilterBar-btnBasicSearch","searchOpenDialogs":true,"interaction":{"idSuffix":"I"}},"clearTextFirst":true,"interactionType":"ENTER_TEXT"}]}
RESULT: {"script":"<script> [776 bytes]","args":[{"enterText":"200341","selector":{"id":"application-managehandovers-display-component---AddNewHO--smartFilterBar-btnBasicSearch","searchOpenDialogs":true,"interaction":{"idSuffix":"I"}},"clearTextFirst":true,"interactionType":"ENTER_TEXT"}]}
COMMAND: POST /session/47a0cfcb1b688bc57e33978b59aaa3c6/actions - {"actions":[{"id":"action49","type":"key","parameters":{},"actions":[{"type":"keyDown","value":"î€‡"},{"type":"pause","duration":10},{"type":"keyUp","value":"î€‡"}]}]}
RESULT: {"actions":[{"id":"action49","type":"key","parameters":{},"actions":[{"type":"keyDown","value":"î€‡"},{"type":"pause","duration":10},{"type":"keyUp","value":"î€‡"}]}]}
COMMAND: GET /session/47a0cfcb1b688bc57e33978b59aaa3c6/screenshot - {}
RESULT: {}
COMMAND: POST /session/47a0cfcb1b688bc57e33978b59aaa3c6/execute/async - {"script":"<script> [1562 bytes]","args":[{"selector":{"id":"application-managehandovers-display-component---AddNewHO--popup-sa","searchOpenDialogs":true,"interaction":{"idSuffix":"CbBg"}},"wdio_ui5_key":"applicationmanagehandovers-display-component---AddNewHO--popup-sa"}]}
RESULT: {"script":"<script> [1562 bytes]","args":[{"selector":{"id":"application-managehandovers-display-component---AddNewHO--popup-sa","searchOpenDialogs":true,"interaction":{"idSuffix":"CbBg"}},"wdio_ui5_key":"applicationmanagehandovers-display-component---AddNewHO--popup-sa"}]}
RESULT: undefined
COMMAND: POST /session/47a0cfcb1b688bc57e33978b59aaa3c6/element - {"using":"xpath","value":"//*[@id=\"application-managehandovers-display-component---AddNewHO--popup-sa\"]"}
RESULT: {"using":"xpath","value":"//*[@id=\"application-managehandovers-display-component---AddNewHO--popup-sa\"]"}
COMMAND: POST /session/47a0cfcb1b688bc57e33978b59aaa3c6/element/f.B7EBD3B9E1BF342B1CF0F76B0C9C80BF.d.8619B116082CFA4DFB7F54DF9E3B3214.e.15185/click - {}
RESULT: {}
COMMAND: GET /session/47a0cfcb1b688bc57e33978b59aaa3c6/screenshot - {}
RESULT: {}
COMMAND: POST /session/47a0cfcb1b688bc57e33978b59aaa3c6/element - {"using":"xpath","value":"//bdi[contains(text(), \"Select\")]"}
RESULT: {"using":"xpath","value":"//bdi[contains(text(), \"Select\")]"}
COMMAND: POST /session/47a0cfcb1b688bc57e33978b59aaa3c6/element/f.B7EBD3B9E1BF342B1CF0F76B0C9C80BF.d.8619B116082CFA4DFB7F54DF9E3B3214.e.15186/click - {}
RESULT: {}
COMMAND: GET /session/47a0cfcb1b688bc57e33978b59aaa3c6/screenshot - {}
RESULT: {}
COMMAND: POST /session/47a0cfcb1b688bc57e33978b59aaa3c6/element - {"using":"xpath","value":"//button[@data-kt=\"AddNewHOSaveButton\"]"}
RESULT: {"using":"xpath","value":"//button[@data-kt=\"AddNewHOSaveButton\"]"}
COMMAND: POST /session/47a0cfcb1b688bc57e33978b59aaa3c6/element/f.B7EBD3B9E1BF342B1CF0F76B0C9C80BF.d.8619B116082CFA4DFB7F54DF9E3B3214.e.15190/click - {}
RESULT: {}
COMMAND: GET /session/47a0cfcb1b688bc57e33978b59aaa3c6/screenshot - {}
RESULT: {}
COMMAND: POST /session/47a0cfcb1b688bc57e33978b59aaa3c6/execute/async - {"script":"<script> [1562 bytes]","args":[{"selector":{"id":"receiptDatePicker","viewName":"etm.portal.ui.managehandovers.view.DetailExecuteHO","interaction":{"idSuffix":"inner"}},"wdio_ui5_key":"receiptDatePickeretmportal.ui.managehandovers.view.DetailExecuteHO"}]}
RESULT: {"script":"<script> [1562 bytes]","args":[{"selector":{"id":"receiptDatePicker","viewName":"etm.portal.ui.managehandovers.view.DetailExecuteHO","interaction":{"idSuffix":"inner"}},"wdio_ui5_key":"receiptDatePickeretmportal.ui.managehandovers.view.DetailExecuteHO"}]}
RESULT: undefined
COMMAND: POST /session/47a0cfcb1b688bc57e33978b59aaa3c6/execute/async - {"script":"<script> [6424 bytes]","args":[{"element-6066-11e4-a52e-4f735466cecf":"f.B7EBD3B9E1BF342B1CF0F76B0C9C80BF.d.8619B116082CFA4DFB7F54DF9E3B3214.e.15225"},"setValue",["5/20/25"]]}
RESULT: {"script":"<script> [6424 bytes]","args":[{"element-6066-11e4-a52e-4f735466cecf":"f.B7EBD3B9E1BF342B1CF0F76B0C9C80BF.d.8619B116082CFA4DFB7F54DF9E3B3214.e.15225"},"setValue",["5/20/25"]]}
COMMAND: POST /session/47a0cfcb1b688bc57e33978b59aaa3c6/element - {"using":"xpath","value":"//button[@data-kt=\"PickingTableConfirmAllButton\"]"}
RESULT: {"using":"xpath","value":"//button[@data-kt=\"PickingTableConfirmAllButton\"]"}
COMMAND: POST /session/47a0cfcb1b688bc57e33978b59aaa3c6/element/f.B7EBD3B9E1BF342B1CF0F76B0C9C80BF.d.8619B116082CFA4DFB7F54DF9E3B3214.e.15238/click - {}
RESULT: {}
COMMAND: GET /session/47a0cfcb1b688bc57e33978b59aaa3c6/screenshot - {}
RESULT: {}
COMMAND: POST /session/47a0cfcb1b688bc57e33978b59aaa3c6/element - {"using":"xpath","value":"//bdi[contains(text(), \"OK\")]"}
RESULT: {"using":"xpath","value":"//bdi[contains(text(), \"OK\")]"}
COMMAND: POST /session/47a0cfcb1b688bc57e33978b59aaa3c6/element/f.B7EBD3B9E1BF342B1CF0F76B0C9C80BF.d.8619B116082CFA4DFB7F54DF9E3B3214.e.15240/click - {}
RESULT: {}
COMMAND: GET /session/47a0cfcb1b688bc57e33978b59aaa3c6/screenshot - {}
RESULT: {}
COMMAND: POST /session/47a0cfcb1b688bc57e33978b59aaa3c6/element - {"using":"xpath","value":"(//bdi[contains(text(), \"Receive\")])[2]"}
RESULT: {"using":"xpath","value":"(//bdi[contains(text(), \"Receive\")])[2]"}
COMMAND: POST /session/47a0cfcb1b688bc57e33978b59aaa3c6/element/f.B7EBD3B9E1BF342B1CF0F76B0C9C80BF.d.8619B116082CFA4DFB7F54DF9E3B3214.e.15242/click - {}
RESULT: {}
COMMAND: GET /session/47a0cfcb1b688bc57e33978b59aaa3c6/screenshot - {}
RESULT: {}
COMMAND: POST /session/47a0cfcb1b688bc57e33978b59aaa3c6/element - {"using":"css selector","value":"#shell-header-logo"}
RESULT: {"using":"css selector","value":"#shell-header-logo"}
COMMAND: POST /session/47a0cfcb1b688bc57e33978b59aaa3c6/element/f.B7EBD3B9E1BF342B1CF0F76B0C9C80BF.d.8619B116082CFA4DFB7F54DF9E3B3214.e.14612/click - {}
RESULT: {}
COMMAND: GET /session/47a0cfcb1b688bc57e33978b59aaa3c6/screenshot - {}
RESULT: {}
]]></system-out>
    </testcase>
    <testcase classname="chrome.136_0_7103_93.windows.Provide_to_Site_w/o_warehouse_management_w/o_clarification" name="Should create a new contract" time="61.422">
      <system-out><![CDATA[
COMMAND: POST /session/47a0cfcb1b688bc57e33978b59aaa3c6/execute/async - {"script":"<script> [1562 bytes]","args":[{"selector":{"controlType":"sap.m.GenericTile","properties":{"header":"Manage Contracts"}},"wdio_ui5_key":"sapm.GenericTile{\"header\":\"Manage Contracts\"}"}]}
RESULT: {"script":"<script> [1562 bytes]","args":[{"selector":{"controlType":"sap.m.GenericTile","properties":{"header":"Manage Contracts"}},"wdio_ui5_key":"sapm.GenericTile{\"header\":\"Manage Contracts\"}"}]}
RESULT: undefined
COMMAND: POST /session/47a0cfcb1b688bc57e33978b59aaa3c6/element - {"using":"xpath","value":"//*[@id=\"__tile130\"]"}
RESULT: {"using":"xpath","value":"//*[@id=\"__tile130\"]"}
COMMAND: POST /session/47a0cfcb1b688bc57e33978b59aaa3c6/element/f.B7EBD3B9E1BF342B1CF0F76B0C9C80BF.d.8619B116082CFA4DFB7F54DF9E3B3214.e.13985/click - {}
RESULT: {}
COMMAND: GET /session/47a0cfcb1b688bc57e33978b59aaa3c6/screenshot - {}
RESULT: {}
COMMAND: POST /session/47a0cfcb1b688bc57e33978b59aaa3c6/elements - {"using":"xpath","value":"//span[text()='Error']"}
RESULT: {"using":"xpath","value":"//span[text()='Error']"}
COMMAND: POST /session/47a0cfcb1b688bc57e33978b59aaa3c6/element - {"using":"xpath","value":"//button[@data-kt=\"addButton\"]"}
RESULT: {"using":"xpath","value":"//button[@data-kt=\"addButton\"]"}
COMMAND: POST /session/47a0cfcb1b688bc57e33978b59aaa3c6/elements - {"using":"xpath","value":"//button[@data-kt=\"addButton\"]"}
RESULT: {"using":"xpath","value":"//button[@data-kt=\"addButton\"]"}
COMMAND: POST /session/47a0cfcb1b688bc57e33978b59aaa3c6/execute/sync - {"script":"<script> [8489 bytes]","args":[{"element-6066-11e4-a52e-4f735466cecf":"f.B7EBD3B9E1BF342B1CF0F76B0C9C80BF.d.8619B116082CFA4DFB7F54DF9E3B3214.e.15457","ELEMENT":"f.B7EBD3B9E1BF342B1CF0F76B0C9C80BF.d.8619B116082CFA4DFB7F54DF9E3B3214.e.15457"}]}
RESULT: {"script":"<script> [8489 bytes]","args":[{"element-6066-11e4-a52e-4f735466cecf":"f.B7EBD3B9E1BF342B1CF0F76B0C9C80BF.d.8619B116082CFA4DFB7F54DF9E3B3214.e.15457","ELEMENT":"f.B7EBD3B9E1BF342B1CF0F76B0C9C80BF.d.8619B116082CFA4DFB7F54DF9E3B3214.e.15457"}]}
COMMAND: GET /session/47a0cfcb1b688bc57e33978b59aaa3c6/element/f.B7EBD3B9E1BF342B1CF0F76B0C9C80BF.d.8619B116082CFA4DFB7F54DF9E3B3214.e.15457/enabled - {}
COMMAND: GET /session/47a0cfcb1b688bc57e33978b59aaa3c6/screenshot - {}
RESULT: {}
COMMAND: POST /session/47a0cfcb1b688bc57e33978b59aaa3c6/execute/sync - {"script":"<script> [8489 bytes]","args":[{"element-6066-11e4-a52e-4f735466cecf":"f.B7EBD3B9E1BF342B1CF0F76B0C9C80BF.d.8619B116082CFA4DFB7F54DF9E3B3214.e.15457","ELEMENT":"f.B7EBD3B9E1BF342B1CF0F76B0C9C80BF.d.8619B116082CFA4DFB7F54DF9E3B3214.e.15457"}]}
COMMAND: GET /session/47a0cfcb1b688bc57e33978b59aaa3c6/screenshot - {}
RESULT: {}
RESULT: {"script":"<script> [8489 bytes]","args":[{"element-6066-11e4-a52e-4f735466cecf":"f.B7EBD3B9E1BF342B1CF0F76B0C9C80BF.d.8619B116082CFA4DFB7F54DF9E3B3214.e.15457","ELEMENT":"f.B7EBD3B9E1BF342B1CF0F76B0C9C80BF.d.8619B116082CFA4DFB7F54DF9E3B3214.e.15457"}]}
COMMAND: POST /session/47a0cfcb1b688bc57e33978b59aaa3c6/execute/sync - {"script":"<script> [5351 bytes]","args":[{"element-6066-11e4-a52e-4f735466cecf":"f.B7EBD3B9E1BF342B1CF0F76B0C9C80BF.d.8619B116082CFA4DFB7F54DF9E3B3214.e.15457","ELEMENT":"f.B7EBD3B9E1BF342B1CF0F76B0C9C80BF.d.8619B116082CFA4DFB7F54DF9E3B3214.e.15457"}]}
COMMAND: GET /session/47a0cfcb1b688bc57e33978b59aaa3c6/screenshot - {}
RESULT: {}
RESULT: {"script":"<script> [5351 bytes]","args":[{"element-6066-11e4-a52e-4f735466cecf":"f.B7EBD3B9E1BF342B1CF0F76B0C9C80BF.d.8619B116082CFA4DFB7F54DF9E3B3214.e.15457","ELEMENT":"f.B7EBD3B9E1BF342B1CF0F76B0C9C80BF.d.8619B116082CFA4DFB7F54DF9E3B3214.e.15457"}]}
COMMAND: GET /session/47a0cfcb1b688bc57e33978b59aaa3c6/screenshot - {}
RESULT: {}
RESULT: {}
COMMAND: POST /session/47a0cfcb1b688bc57e33978b59aaa3c6/element/f.B7EBD3B9E1BF342B1CF0F76B0C9C80BF.d.8619B116082CFA4DFB7F54DF9E3B3214.e.15457/click - {}
RESULT: {}
COMMAND: GET /session/47a0cfcb1b688bc57e33978b59aaa3c6/screenshot - {}
COMMAND: POST /session/47a0cfcb1b688bc57e33978b59aaa3c6/execute/async - {"script":"<script> [1562 bytes]","args":[{"selector":{"id":"application-managecontracts-display-component---AddNewContract--projectDescription","interaction":{"idSuffix":"inner"}},"wdio_ui5_key":"applicationmanagecontracts-display-component---AddNewContract--projectDescription"}]}
RESULT: {}
RESULT: {"script":"<script> [1562 bytes]","args":[{"selector":{"id":"application-managecontracts-display-component---AddNewContract--projectDescription","interaction":{"idSuffix":"inner"}},"wdio_ui5_key":"applicationmanagecontracts-display-component---AddNewContract--projectDescription"}]}
RESULT: undefined
COMMAND: POST /session/47a0cfcb1b688bc57e33978b59aaa3c6/execute/async - {"script":"<script> [776 bytes]","args":[{"enterText":"Contract WDIO","selector":{"id":"application-managecontracts-display-component---AddNewContract--projectDescription","interaction":{"idSuffix":"inner"}},"clearTextFirst":true,"interactionType":"ENTER_TEXT"}]}
RESULT: {"script":"<script> [776 bytes]","args":[{"enterText":"Contract WDIO","selector":{"id":"application-managecontracts-display-component---AddNewContract--projectDescription","interaction":{"idSuffix":"inner"}},"clearTextFirst":true,"interactionType":"ENTER_TEXT"}]}
COMMAND: POST /session/47a0cfcb1b688bc57e33978b59aaa3c6/element - {"using":"xpath","value":"//input[@id=\"application-managecontracts-display-component---AddNewContract--site-inner\"]"}
RESULT: {"using":"xpath","value":"//input[@id=\"application-managecontracts-display-component---AddNewContract--site-inner\"]"}
COMMAND: POST /session/47a0cfcb1b688bc57e33978b59aaa3c6/element/f.B7EBD3B9E1BF342B1CF0F76B0C9C80BF.d.8619B116082CFA4DFB7F54DF9E3B3214.e.15817/clear - {}
RESULT: {}
COMMAND: POST /session/47a0cfcb1b688bc57e33978b59aaa3c6/element/f.B7EBD3B9E1BF342B1CF0F76B0C9C80BF.d.8619B116082CFA4DFB7F54DF9E3B3214.e.15817/value - {"text":"2304"}
COMMAND: GET /session/47a0cfcb1b688bc57e33978b59aaa3c6/screenshot - {}
RESULT: {"text":"2304"}
COMMAND: GET /session/47a0cfcb1b688bc57e33978b59aaa3c6/screenshot - {}
RESULT: {}
RESULT: {}
COMMAND: POST /session/47a0cfcb1b688bc57e33978b59aaa3c6/element - {"using":"xpath","value":"//li[.//span[text()='2304']]"}
RESULT: {"using":"xpath","value":"//li[.//span[text()='2304']]"}
COMMAND: POST /session/47a0cfcb1b688bc57e33978b59aaa3c6/element/f.B7EBD3B9E1BF342B1CF0F76B0C9C80BF.d.8619B116082CFA4DFB7F54DF9E3B3214.e.15846/click - {}
RESULT: {}
COMMAND: GET /session/47a0cfcb1b688bc57e33978b59aaa3c6/screenshot - {}
RESULT: {}
COMMAND: POST /session/47a0cfcb1b688bc57e33978b59aaa3c6/element - {"using":"xpath","value":"//input[@id=\"application-managecontracts-display-component---AddNewContract--yardId-inner\"]"}
RESULT: {"using":"xpath","value":"//input[@id=\"application-managecontracts-display-component---AddNewContract--yardId-inner\"]"}
COMMAND: GET /session/47a0cfcb1b688bc57e33978b59aaa3c6/element/f.B7EBD3B9E1BF342B1CF0F76B0C9C80BF.d.8619B116082CFA4DFB7F54DF9E3B3214.e.15818/property/value - {}
RESULT: {}
COMMAND: POST /session/47a0cfcb1b688bc57e33978b59aaa3c6/element - {"using":"xpath","value":"//input[@id=\"application-managecontracts-display-component---AddNewContract--customerSelect-inner\"]"}
COMMAND: GET /session/47a0cfcb1b688bc57e33978b59aaa3c6/screenshot - {}
RESULT: {"using":"xpath","value":"//input[@id=\"application-managecontracts-display-component---AddNewContract--customerSelect-inner\"]"}
COMMAND: POST /session/47a0cfcb1b688bc57e33978b59aaa3c6/element/f.B7EBD3B9E1BF342B1CF0F76B0C9C80BF.d.8619B116082CFA4DFB7F54DF9E3B3214.e.15816/clear - {}
RESULT: {}
RESULT: {}
COMMAND: POST /session/47a0cfcb1b688bc57e33978b59aaa3c6/element/f.B7EBD3B9E1BF342B1CF0F76B0C9C80BF.d.8619B116082CFA4DFB7F54DF9E3B3214.e.15816/value - {"text":"1365"}
COMMAND: GET /session/47a0cfcb1b688bc57e33978b59aaa3c6/screenshot - {}
RESULT: {"text":"1365"}
COMMAND: GET /session/47a0cfcb1b688bc57e33978b59aaa3c6/screenshot - {}
RESULT: {}
RESULT: {}
COMMAND: POST /session/47a0cfcb1b688bc57e33978b59aaa3c6/element - {"using":"xpath","value":"//li[.//span[text()='1365']]"}
RESULT: {"using":"xpath","value":"//li[.//span[text()='1365']]"}
COMMAND: POST /session/47a0cfcb1b688bc57e33978b59aaa3c6/element/f.B7EBD3B9E1BF342B1CF0F76B0C9C80BF.d.8619B116082CFA4DFB7F54DF9E3B3214.e.15849/click - {}
RESULT: {}
COMMAND: GET /session/47a0cfcb1b688bc57e33978b59aaa3c6/screenshot - {}
RESULT: {}
COMMAND: POST /session/47a0cfcb1b688bc57e33978b59aaa3c6/element - {"using":"xpath","value":"//button[@data-kt=\"saveButton\"]"}
RESULT: {"using":"xpath","value":"//button[@data-kt=\"saveButton\"]"}
COMMAND: POST /session/47a0cfcb1b688bc57e33978b59aaa3c6/element/f.B7EBD3B9E1BF342B1CF0F76B0C9C80BF.d.8619B116082CFA4DFB7F54DF9E3B3214.e.15850/click - {}
RESULT: {}
COMMAND: GET /session/47a0cfcb1b688bc57e33978b59aaa3c6/screenshot - {}
RESULT: {}
COMMAND: POST /session/47a0cfcb1b688bc57e33978b59aaa3c6/element - {"using":"xpath","value":"//span[contains(@id ,\"contractDetailTitleNoExpanded\")]"}
RESULT: {"using":"xpath","value":"//span[contains(@id ,\"contractDetailTitleNoExpanded\")]"}
COMMAND: POST /session/47a0cfcb1b688bc57e33978b59aaa3c6/elements - {"using":"xpath","value":"//span[contains(@id ,\"contractDetailTitleNoExpanded\")]"}
RESULT: {"using":"xpath","value":"//span[contains(@id ,\"contractDetailTitleNoExpanded\")]"}
COMMAND: POST /session/47a0cfcb1b688bc57e33978b59aaa3c6/execute/sync - {"script":"<script> [56 bytes]","args":[{"element-6066-11e4-a52e-4f735466cecf":"f.B7EBD3B9E1BF342B1CF0F76B0C9C80BF.d.8619B116082CFA4DFB7F54DF9E3B3214.e.15921","ELEMENT":"f.B7EBD3B9E1BF342B1CF0F76B0C9C80BF.d.8619B116082CFA4DFB7F54DF9E3B3214.e.15921"}]}
RESULT: {"script":"<script> [56 bytes]","args":[{"element-6066-11e4-a52e-4f735466cecf":"f.B7EBD3B9E1BF342B1CF0F76B0C9C80BF.d.8619B116082CFA4DFB7F54DF9E3B3214.e.15921","ELEMENT":"f.B7EBD3B9E1BF342B1CF0F76B0C9C80BF.d.8619B116082CFA4DFB7F54DF9E3B3214.e.15921"}]}
COMMAND: GET /session/47a0cfcb1b688bc57e33978b59aaa3c6/screenshot - {}
RESULT: {}
]]></system-out>
    </testcase>
    <testcase classname="chrome.136_0_7103_93.windows.Provide_to_Site_w/o_warehouse_management_w/o_clarification" name="Should add equipment to the contract" time="59.357">
      <system-out><![CDATA[
COMMAND: POST /session/47a0cfcb1b688bc57e33978b59aaa3c6/element - {"using":"xpath","value":"//button[@data-kt=\"contractDetailEditBtnButton\"]"}
RESULT: {"using":"xpath","value":"//button[@data-kt=\"contractDetailEditBtnButton\"]"}
COMMAND: POST /session/47a0cfcb1b688bc57e33978b59aaa3c6/element/f.B7EBD3B9E1BF342B1CF0F76B0C9C80BF.d.8619B116082CFA4DFB7F54DF9E3B3214.e.15923/click - {}
RESULT: {}
COMMAND: GET /session/47a0cfcb1b688bc57e33978b59aaa3c6/screenshot - {}
RESULT: {}
COMMAND: POST /session/47a0cfcb1b688bc57e33978b59aaa3c6/element - {"using":"xpath","value":"(//span[contains(text(), \"Additional Addresses\")])[2]"}
RESULT: {"using":"xpath","value":"(//span[contains(text(), \"Additional Addresses\")])[2]"}
COMMAND: POST /session/47a0cfcb1b688bc57e33978b59aaa3c6/element/f.B7EBD3B9E1BF342B1CF0F76B0C9C80BF.d.8619B116082CFA4DFB7F54DF9E3B3214.e.15979/click - {}
RESULT: {}
COMMAND: GET /session/47a0cfcb1b688bc57e33978b59aaa3c6/screenshot - {}
RESULT: {}
COMMAND: POST /session/47a0cfcb1b688bc57e33978b59aaa3c6/element - {"using":"xpath","value":"//button[@data-kt=\"btnAddTableRowOverflowToolbarButton\"]"}
RESULT: {"using":"xpath","value":"//button[@data-kt=\"btnAddTableRowOverflowToolbarButton\"]"}
COMMAND: POST /session/47a0cfcb1b688bc57e33978b59aaa3c6/element/f.B7EBD3B9E1BF342B1CF0F76B0C9C80BF.d.8619B116082CFA4DFB7F54DF9E3B3214.e.15981/click - {}
RESULT: {}
COMMAND: GET /session/47a0cfcb1b688bc57e33978b59aaa3c6/screenshot - {}
RESULT: {}
COMMAND: POST /session/47a0cfcb1b688bc57e33978b59aaa3c6/element - {"using":"xpath","value":"//div[(text() = 'Standard Entry' or . = 'Standard Entry')]"}
RESULT: {"using":"xpath","value":"//div[(text() = 'Standard Entry' or . = 'Standard Entry')]"}
COMMAND: POST /session/47a0cfcb1b688bc57e33978b59aaa3c6/element/f.B7EBD3B9E1BF342B1CF0F76B0C9C80BF.d.8619B116082CFA4DFB7F54DF9E3B3214.e.15983/click - {}
RESULT: {}
COMMAND: GET /session/47a0cfcb1b688bc57e33978b59aaa3c6/screenshot - {}
RESULT: {}
COMMAND: POST /session/47a0cfcb1b688bc57e33978b59aaa3c6/element - {"using":"xpath","value":"//td[6]/div/div/div/span"}
RESULT: {"using":"xpath","value":"//td[6]/div/div/div/span"}
COMMAND: POST /session/47a0cfcb1b688bc57e33978b59aaa3c6/element/f.B7EBD3B9E1BF342B1CF0F76B0C9C80BF.d.8619B116082CFA4DFB7F54DF9E3B3214.e.15995/click - {}
RESULT: {}
COMMAND: GET /session/47a0cfcb1b688bc57e33978b59aaa3c6/screenshot - {}
RESULT: {}
COMMAND: POST /session/47a0cfcb1b688bc57e33978b59aaa3c6/element - {"using":"xpath","value":"(//span[contains(text(), \"Material\")])"}
RESULT: {"using":"xpath","value":"(//span[contains(text(), \"Material\")])"}
COMMAND: POST /session/47a0cfcb1b688bc57e33978b59aaa3c6/element/f.B7EBD3B9E1BF342B1CF0F76B0C9C80BF.d.8619B116082CFA4DFB7F54DF9E3B3214.e.15996/click - {}
RESULT: {}
COMMAND: GET /session/47a0cfcb1b688bc57e33978b59aaa3c6/screenshot - {}
RESULT: {}
COMMAND: POST /session/47a0cfcb1b688bc57e33978b59aaa3c6/element - {"using":"xpath","value":"//td[7]/div/div/input"}
RESULT: {"using":"xpath","value":"//td[7]/div/div/input"}
COMMAND: POST /session/47a0cfcb1b688bc57e33978b59aaa3c6/element/f.B7EBD3B9E1BF342B1CF0F76B0C9C80BF.d.8619B116082CFA4DFB7F54DF9E3B3214.e.16000/clear - {}
RESULT: {}
COMMAND: POST /session/47a0cfcb1b688bc57e33978b59aaa3c6/element/f.B7EBD3B9E1BF342B1CF0F76B0C9C80BF.d.8619B116082CFA4DFB7F54DF9E3B3214.e.16000/value - {"text":"200341"}
COMMAND: GET /session/47a0cfcb1b688bc57e33978b59aaa3c6/screenshot - {}
RESULT: {"text":"200341"}
COMMAND: GET /session/47a0cfcb1b688bc57e33978b59aaa3c6/screenshot - {}
RESULT: {}
RESULT: {}
COMMAND: POST /session/47a0cfcb1b688bc57e33978b59aaa3c6/actions - {"actions":[{"id":"action50","type":"key","parameters":{},"actions":[{"type":"keyDown","value":"î€‡"},{"type":"pause","duration":10},{"type":"keyUp","value":"î€‡"}]}]}
RESULT: {"actions":[{"id":"action50","type":"key","parameters":{},"actions":[{"type":"keyDown","value":"î€‡"},{"type":"pause","duration":10},{"type":"keyUp","value":"î€‡"}]}]}
COMMAND: GET /session/47a0cfcb1b688bc57e33978b59aaa3c6/screenshot - {}
RESULT: {}
COMMAND: POST /session/47a0cfcb1b688bc57e33978b59aaa3c6/execute/sync - {"script":"<script> [276 bytes]","args":["No pricing information was found"]}
RESULT: {"script":"<script> [276 bytes]","args":["No pricing information was found"]}
COMMAND: POST /session/47a0cfcb1b688bc57e33978b59aaa3c6/element - {"using":"xpath","value":"//bdi[contains(text(), \"OK\")]"}
COMMAND: GET /session/47a0cfcb1b688bc57e33978b59aaa3c6/screenshot - {}
RESULT: {"using":"xpath","value":"//bdi[contains(text(), \"OK\")]"}
COMMAND: POST /session/47a0cfcb1b688bc57e33978b59aaa3c6/element/f.B7EBD3B9E1BF342B1CF0F76B0C9C80BF.d.8619B116082CFA4DFB7F54DF9E3B3214.e.16026/click - {}
RESULT: {}
RESULT: {}
COMMAND: GET /session/47a0cfcb1b688bc57e33978b59aaa3c6/screenshot - {}
RESULT: {}
COMMAND: POST /session/47a0cfcb1b688bc57e33978b59aaa3c6/element - {"using":"xpath","value":"(//button[@data-kt=\"saveButton\"])[2]"}
RESULT: {"using":"xpath","value":"(//button[@data-kt=\"saveButton\"])[2]"}
COMMAND: POST /session/47a0cfcb1b688bc57e33978b59aaa3c6/element/f.B7EBD3B9E1BF342B1CF0F76B0C9C80BF.d.8619B116082CFA4DFB7F54DF9E3B3214.e.16027/click - {}
RESULT: {}
COMMAND: GET /session/47a0cfcb1b688bc57e33978b59aaa3c6/screenshot - {}
RESULT: {}
COMMAND: POST /session/47a0cfcb1b688bc57e33978b59aaa3c6/execute/sync - {"script":"<script> [276 bytes]","args":["Some contract items are having rental validity exceeding header rental validity"]}
RESULT: {"script":"<script> [276 bytes]","args":["Some contract items are having rental validity exceeding header rental validity"]}
COMMAND: GET /session/47a0cfcb1b688bc57e33978b59aaa3c6/screenshot - {}
RESULT: {}
COMMAND: POST /session/47a0cfcb1b688bc57e33978b59aaa3c6/element - {"using":"xpath","value":"//span[contains(@id ,\"contractItemsSmartTable-header-inner\")]"}
RESULT: {"using":"xpath","value":"//span[contains(@id ,\"contractItemsSmartTable-header-inner\")]"}
COMMAND: POST /session/47a0cfcb1b688bc57e33978b59aaa3c6/elements - {"using":"xpath","value":"//span[contains(@id ,\"contractItemsSmartTable-header-inner\")]"}
RESULT: {"using":"xpath","value":"//span[contains(@id ,\"contractItemsSmartTable-header-inner\")]"}
COMMAND: POST /session/47a0cfcb1b688bc57e33978b59aaa3c6/execute/sync - {"script":"<script> [56 bytes]","args":[{"element-6066-11e4-a52e-4f735466cecf":"f.B7EBD3B9E1BF342B1CF0F76B0C9C80BF.d.8619B116082CFA4DFB7F54DF9E3B3214.e.16031","ELEMENT":"f.B7EBD3B9E1BF342B1CF0F76B0C9C80BF.d.8619B116082CFA4DFB7F54DF9E3B3214.e.16031"}]}
RESULT: {"script":"<script> [56 bytes]","args":[{"element-6066-11e4-a52e-4f735466cecf":"f.B7EBD3B9E1BF342B1CF0F76B0C9C80BF.d.8619B116082CFA4DFB7F54DF9E3B3214.e.16031","ELEMENT":"f.B7EBD3B9E1BF342B1CF0F76B0C9C80BF.d.8619B116082CFA4DFB7F54DF9E3B3214.e.16031"}]}
]]></system-out>
    </testcase>
    <testcase classname="chrome.136_0_7103_93.windows.Provide_to_Site_w/o_warehouse_management_w/o_clarification" name="Should do provide to site" time="148.936">
      <system-out><![CDATA[
COMMAND: GET /session/47a0cfcb1b688bc57e33978b59aaa3c6/screenshot - {}
COMMAND: POST /session/47a0cfcb1b688bc57e33978b59aaa3c6/element - {"using":"xpath","value":"//button[@data-kt=\"provideButton\"]"}
RESULT: {}
RESULT: {"using":"xpath","value":"//button[@data-kt=\"provideButton\"]"}
COMMAND: POST /session/47a0cfcb1b688bc57e33978b59aaa3c6/element/f.B7EBD3B9E1BF342B1CF0F76B0C9C80BF.d.8619B116082CFA4DFB7F54DF9E3B3214.e.16032/click - {}
RESULT: {}
COMMAND: GET /session/47a0cfcb1b688bc57e33978b59aaa3c6/screenshot - {}
RESULT: {}
COMMAND: POST /session/47a0cfcb1b688bc57e33978b59aaa3c6/element - {"using":"xpath","value":"(//div[contains(@id, \"application-managehandovers-display-component---AddNewHO--oneStep-CbBg\")])"}
RESULT: {"using":"xpath","value":"(//div[contains(@id, \"application-managehandovers-display-component---AddNewHO--oneStep-CbBg\")])"}
COMMAND: POST /session/47a0cfcb1b688bc57e33978b59aaa3c6/element - {"using":"xpath","value":"(//div[contains(@id, \"application-managehandovers-display-component---AddNewHO--oneStep-CbBg\")])/input"}
RESULT: {"using":"xpath","value":"(//div[contains(@id, \"application-managehandovers-display-component---AddNewHO--oneStep-CbBg\")])/input"}
COMMAND: GET /session/47a0cfcb1b688bc57e33978b59aaa3c6/element/f.B7EBD3B9E1BF342B1CF0F76B0C9C80BF.d.8619B116082CFA4DFB7F54DF9E3B3214.e.16110/attribute/checked - {}
RESULT: {}
RESULT: undefined
COMMAND: POST /session/47a0cfcb1b688bc57e33978b59aaa3c6/execute/async - {"script":"<script> [6424 bytes]","args":[{"element-6066-11e4-a52e-4f735466cecf":"f.B7EBD3B9E1BF342B1CF0F76B0C9C80BF.d.8619B116082CFA4DFB7F54DF9E3B3214.e.15005"},"setValue",["05/20/25"]]}
COMMAND: POST /session/47a0cfcb1b688bc57e33978b59aaa3c6/element/f.B7EBD3B9E1BF342B1CF0F76B0C9C80BF.d.8619B116082CFA4DFB7F54DF9E3B3214.e.16339/click - {}
COMMAND: POST /session/47a0cfcb1b688bc57e33978b59aaa3c6/execute/async - {"script":"<script> [1562 bytes]","args":[{"selector":{"id":"application-managehandovers-display-component---AddNewHO--dueDate","interaction":{"idSuffix":"inner"}},"wdio_ui5_key":"applicationmanagehandovers-display-component---AddNewHO--dueDate"}]}
RESULT: {}
COMMAND: GET /session/47a0cfcb1b688bc57e33978b59aaa3c6/screenshot - {}
RESULT: {"script":"<script> [1562 bytes]","args":[{"selector":{"id":"application-managehandovers-display-component---AddNewHO--dueDate","interaction":{"idSuffix":"inner"}},"wdio_ui5_key":"applicationmanagehandovers-display-component---AddNewHO--dueDate"}]}
COMMAND: POST /session/47a0cfcb1b688bc57e33978b59aaa3c6/execute/async - {"script":"<script> [6424 bytes]","args":[{"element-6066-11e4-a52e-4f735466cecf":"f.B7EBD3B9E1BF342B1CF0F76B0C9C80BF.d.8619B116082CFA4DFB7F54DF9E3B3214.e.16108"},"setValue",["05/20/25"]]}
RESULT: {}
RESULT: {"script":"<script> [6424 bytes]","args":[{"element-6066-11e4-a52e-4f735466cecf":"f.B7EBD3B9E1BF342B1CF0F76B0C9C80BF.d.8619B116082CFA4DFB7F54DF9E3B3214.e.16108"},"setValue",["05/20/25"]]}
COMMAND: POST /session/47a0cfcb1b688bc57e33978b59aaa3c6/element - {"using":"xpath","value":"//bdi[contains(text(), \"Instructions\")]"}
RESULT: {"using":"xpath","value":"//bdi[contains(text(), \"Instructions\")]"}
COMMAND: POST /session/47a0cfcb1b688bc57e33978b59aaa3c6/element/f.B7EBD3B9E1BF342B1CF0F76B0C9C80BF.d.8619B116082CFA4DFB7F54DF9E3B3214.e.16341/click - {}
RESULT: {}
COMMAND: GET /session/47a0cfcb1b688bc57e33978b59aaa3c6/screenshot - {}
RESULT: {}
COMMAND: POST /session/47a0cfcb1b688bc57e33978b59aaa3c6/element - {"using":"xpath","value":"//button[@data-kt=\"AddNewHOProvideAddItemsButton\"]"}
RESULT: {"using":"xpath","value":"//button[@data-kt=\"AddNewHOProvideAddItemsButton\"]"}
COMMAND: POST /session/47a0cfcb1b688bc57e33978b59aaa3c6/element/f.B7EBD3B9E1BF342B1CF0F76B0C9C80BF.d.8619B116082CFA4DFB7F54DF9E3B3214.e.16346/click - {}
RESULT: {}
COMMAND: GET /session/47a0cfcb1b688bc57e33978b59aaa3c6/screenshot - {}
RESULT: {}
RESULT: undefined
COMMAND: POST /session/47a0cfcb1b688bc57e33978b59aaa3c6/element - {"using":"xpath","value":"//*[@id=\"application-managehandovers-display-component---AddNewHO--popup-sa\"]"}
RESULT: {"using":"xpath","value":"//*[@id=\"application-managehandovers-display-component---AddNewHO--popup-sa\"]"}
COMMAND: POST /session/47a0cfcb1b688bc57e33978b59aaa3c6/element/f.B7EBD3B9E1BF342B1CF0F76B0C9C80BF.d.8619B116082CFA4DFB7F54DF9E3B3214.e.16356/click - {}
RESULT: {}
COMMAND: GET /session/47a0cfcb1b688bc57e33978b59aaa3c6/screenshot - {}
RESULT: {}
COMMAND: POST /session/47a0cfcb1b688bc57e33978b59aaa3c6/element - {"using":"xpath","value":"//*[contains(@id ,\"BDI-content\")][contains(text(), \"Select\")]"}
RESULT: {"using":"xpath","value":"//*[contains(@id ,\"BDI-content\")][contains(text(), \"Select\")]"}
COMMAND: POST /session/47a0cfcb1b688bc57e33978b59aaa3c6/element/f.B7EBD3B9E1BF342B1CF0F76B0C9C80BF.d.8619B116082CFA4DFB7F54DF9E3B3214.e.16357/click - {}
RESULT: {}
COMMAND: GET /session/47a0cfcb1b688bc57e33978b59aaa3c6/screenshot - {}
RESULT: {}
COMMAND: POST /session/47a0cfcb1b688bc57e33978b59aaa3c6/execute/async - {"script":"<script> [1562 bytes]","args":[{"selector":{"id":"application-managehandovers-display-component---AddNewHO--confirmCreationButton","interaction":{"idSuffix":"BDI-content"}},"wdio_ui5_key":"applicationmanagehandovers-display-component---AddNewHO--confirmCreationButton"}]}
RESULT: {"script":"<script> [1562 bytes]","args":[{"selector":{"id":"application-managehandovers-display-component---AddNewHO--confirmCreationButton","interaction":{"idSuffix":"BDI-content"}},"wdio_ui5_key":"applicationmanagehandovers-display-component---AddNewHO--confirmCreationButton"}]}
RESULT: undefined
COMMAND: POST /session/47a0cfcb1b688bc57e33978b59aaa3c6/element - {"using":"xpath","value":"//*[@id=\"application-managehandovers-display-component---AddNewHO--confirmCreationButton\"]"}
RESULT: {"using":"xpath","value":"//*[@id=\"application-managehandovers-display-component---AddNewHO--confirmCreationButton\"]"}
COMMAND: POST /session/47a0cfcb1b688bc57e33978b59aaa3c6/element/f.B7EBD3B9E1BF342B1CF0F76B0C9C80BF.d.8619B116082CFA4DFB7F54DF9E3B3214.e.16153/click - {}
RESULT: {}
COMMAND: GET /session/47a0cfcb1b688bc57e33978b59aaa3c6/screenshot - {}
RESULT: {}
COMMAND: POST /session/47a0cfcb1b688bc57e33978b59aaa3c6/execute/async - {"script":"<script> [1562 bytes]","args":[{"selector":{"id":"issueDatePicker","viewName":"etm.portal.ui.managehandovers.view.DetailExecuteHO","interaction":{"idSuffix":"inner"}},"wdio_ui5_key":"issueDatePickeretmportal.ui.managehandovers.view.DetailExecuteHO"}]}
RESULT: {"script":"<script> [1562 bytes]","args":[{"selector":{"id":"issueDatePicker","viewName":"etm.portal.ui.managehandovers.view.DetailExecuteHO","interaction":{"idSuffix":"inner"}},"wdio_ui5_key":"issueDatePickeretmportal.ui.managehandovers.view.DetailExecuteHO"}]}
RESULT: undefined
COMMAND: POST /session/47a0cfcb1b688bc57e33978b59aaa3c6/execute/async - {"script":"<script> [776 bytes]","args":[{"enterText":"5/20/25","selector":{"id":"issueDatePicker","viewName":"etm.portal.ui.managehandovers.view.DetailExecuteHO","interaction":{"idSuffix":"inner"}},"clearTextFirst":true,"interactionType":"ENTER_TEXT"}]}
RESULT: {"script":"<script> [776 bytes]","args":[{"enterText":"5/20/25","selector":{"id":"issueDatePicker","viewName":"etm.portal.ui.managehandovers.view.DetailExecuteHO","interaction":{"idSuffix":"inner"}},"clearTextFirst":true,"interactionType":"ENTER_TEXT"}]}
COMMAND: POST /session/47a0cfcb1b688bc57e33978b59aaa3c6/element - {"using":"xpath","value":"//bdi[contains(text(), \"OK\")]"}
RESULT: {"using":"xpath","value":"//bdi[contains(text(), \"OK\")]"}
COMMAND: POST /session/47a0cfcb1b688bc57e33978b59aaa3c6/element/f.B7EBD3B9E1BF342B1CF0F76B0C9C80BF.d.8619B116082CFA4DFB7F54DF9E3B3214.e.16400/click - {}
RESULT: {}
COMMAND: GET /session/47a0cfcb1b688bc57e33978b59aaa3c6/screenshot - {}
RESULT: {}
COMMAND: POST /session/47a0cfcb1b688bc57e33978b59aaa3c6/element - {"using":"xpath","value":"//button[@data-kt=\"PickingTableConfirmAllButton\"]"}
RESULT: {"using":"xpath","value":"//button[@data-kt=\"PickingTableConfirmAllButton\"]"}
COMMAND: POST /session/47a0cfcb1b688bc57e33978b59aaa3c6/element/f.B7EBD3B9E1BF342B1CF0F76B0C9C80BF.d.8619B116082CFA4DFB7F54DF9E3B3214.e.16407/click - {}
RESULT: {}
COMMAND: GET /session/47a0cfcb1b688bc57e33978b59aaa3c6/screenshot - {}
RESULT: {}
COMMAND: POST /session/47a0cfcb1b688bc57e33978b59aaa3c6/element - {"using":"xpath","value":"//bdi[contains(text(), \"OK\")]"}
RESULT: {"using":"xpath","value":"//bdi[contains(text(), \"OK\")]"}
COMMAND: POST /session/47a0cfcb1b688bc57e33978b59aaa3c6/element/f.B7EBD3B9E1BF342B1CF0F76B0C9C80BF.d.8619B116082CFA4DFB7F54DF9E3B3214.e.16411/click - {}
RESULT: {}
COMMAND: GET /session/47a0cfcb1b688bc57e33978b59aaa3c6/screenshot - {}
RESULT: {}
COMMAND: POST /session/47a0cfcb1b688bc57e33978b59aaa3c6/element - {"using":"xpath","value":"//button[@data-kt=\"execHoPickButton\"]"}
RESULT: {"using":"xpath","value":"//button[@data-kt=\"execHoPickButton\"]"}
COMMAND: POST /session/47a0cfcb1b688bc57e33978b59aaa3c6/element/f.B7EBD3B9E1BF342B1CF0F76B0C9C80BF.d.8619B116082CFA4DFB7F54DF9E3B3214.e.16412/click - {}
RESULT: {}
COMMAND: GET /session/47a0cfcb1b688bc57e33978b59aaa3c6/screenshot - {}
RESULT: {}
COMMAND: POST /session/47a0cfcb1b688bc57e33978b59aaa3c6/element - {"using":"xpath","value":"//span[contains(@id ,\"filterItemControl_BASIC-RECEIVE_CONTRACT-vhi\")]"}
RESULT: {"using":"xpath","value":"//span[contains(@id ,\"filterItemControl_BASIC-RECEIVE_CONTRACT-vhi\")]"}
COMMAND: POST /session/47a0cfcb1b688bc57e33978b59aaa3c6/element/f.B7EBD3B9E1BF342B1CF0F76B0C9C80BF.d.8619B116082CFA4DFB7F54DF9E3B3214.e.16588/click - {}
RESULT: {}
COMMAND: GET /session/47a0cfcb1b688bc57e33978b59aaa3c6/screenshot - {}
RESULT: {}
COMMAND: POST /session/47a0cfcb1b688bc57e33978b59aaa3c6/execute/async - {"script":"<script> [1562 bytes]","args":[{"selector":{"controlType":"sap.m.SearchField","viewName":"etm.portal.ui.managehandovers.view.MasterHO","bindingPath":{"path":"","propertyPath":"/_BASIC_SEARCH_FIELD","modelName":"fi1t3rM0d31"},"searchOpenDialogs":true,"interaction":{"idSuffix":"I"}},"wdio_ui5_key":"etmportal.ui.managehandovers.view.MasterHOsap.m.SearchField{\"path\":\"\",\"propertyPath\":\"/_BASIC_SEARCH_FIELD\",\"modelName\":\"fi1t3rM0d31\"}"}]}
RESULT: {"script":"<script> [1562 bytes]","args":[{"selector":{"controlType":"sap.m.SearchField","viewName":"etm.portal.ui.managehandovers.view.MasterHO","bindingPath":{"path":"","propertyPath":"/_BASIC_SEARCH_FIELD","modelName":"fi1t3rM0d31"},"searchOpenDialogs":true,"interaction":{"idSuffix":"I"}},"wdio_ui5_key":"etmportal.ui.managehandovers.view.MasterHOsap.m.SearchField{\"path\":\"\",\"propertyPath\":\"/_BASIC_SEARCH_FIELD\",\"modelName\":\"fi1t3rM0d31\"}"}]}
RESULT: undefined
COMMAND: POST /session/47a0cfcb1b688bc57e33978b59aaa3c6/execute/async - {"script":"<script> [776 bytes]","args":[{"enterText":"10432","selector":{"controlType":"sap.m.SearchField","viewName":"etm.portal.ui.managehandovers.view.MasterHO","bindingPath":{"path":"","propertyPath":"/_BASIC_SEARCH_FIELD","modelName":"fi1t3rM0d31"},"searchOpenDialogs":true,"interaction":{"idSuffix":"I"}},"clearTextFirst":true,"interactionType":"ENTER_TEXT"}]}
RESULT: {"script":"<script> [776 bytes]","args":[{"enterText":"10432","selector":{"controlType":"sap.m.SearchField","viewName":"etm.portal.ui.managehandovers.view.MasterHO","bindingPath":{"path":"","propertyPath":"/_BASIC_SEARCH_FIELD","modelName":"fi1t3rM0d31"},"searchOpenDialogs":true,"interaction":{"idSuffix":"I"}},"clearTextFirst":true,"interactionType":"ENTER_TEXT"}]}
COMMAND: POST /session/47a0cfcb1b688bc57e33978b59aaa3c6/actions - {"actions":[{"id":"action51","type":"key","parameters":{},"actions":[{"type":"keyDown","value":"î€‡"},{"type":"pause","duration":10},{"type":"keyUp","value":"î€‡"}]}]}
RESULT: {"actions":[{"id":"action51","type":"key","parameters":{},"actions":[{"type":"keyDown","value":"î€‡"},{"type":"pause","duration":10},{"type":"keyUp","value":"î€‡"}]}]}
COMMAND: GET /session/47a0cfcb1b688bc57e33978b59aaa3c6/screenshot - {}
RESULT: {}
COMMAND: POST /session/47a0cfcb1b688bc57e33978b59aaa3c6/element - {"using":"xpath","value":"//div[contains(@id, 'filterItemControl_BASIC-RECEIVE_CONTRACT-valueHelpDialog-table-rowsel0')]"}
RESULT: {"using":"xpath","value":"//div[contains(@id, 'filterItemControl_BASIC-RECEIVE_CONTRACT-valueHelpDialog-table-rowsel0')]"}
COMMAND: POST /session/47a0cfcb1b688bc57e33978b59aaa3c6/element/f.B7EBD3B9E1BF342B1CF0F76B0C9C80BF.d.8619B116082CFA4DFB7F54DF9E3B3214.e.16598/click - {}
RESULT: {}
COMMAND: GET /session/47a0cfcb1b688bc57e33978b59aaa3c6/screenshot - {}
RESULT: {}
COMMAND: POST /session/47a0cfcb1b688bc57e33978b59aaa3c6/element - {"using":"xpath","value":"//bdi[contains(text(), \"OK\")]"}
RESULT: {"using":"xpath","value":"//bdi[contains(text(), \"OK\")]"}
COMMAND: POST /session/47a0cfcb1b688bc57e33978b59aaa3c6/element/f.B7EBD3B9E1BF342B1CF0F76B0C9C80BF.d.8619B116082CFA4DFB7F54DF9E3B3214.e.16600/click - {}
RESULT: {}
COMMAND: GET /session/47a0cfcb1b688bc57e33978b59aaa3c6/screenshot - {}
RESULT: {}
COMMAND: POST /session/47a0cfcb1b688bc57e33978b59aaa3c6/element - {"using":"xpath","value":"//span[contains(@id, \"smartTable-header-inner\")]"}
RESULT: {"using":"xpath","value":"//span[contains(@id, \"smartTable-header-inner\")]"}
COMMAND: POST /session/47a0cfcb1b688bc57e33978b59aaa3c6/elements - {"using":"xpath","value":"//span[contains(@id, \"smartTable-header-inner\")]"}
RESULT: {"using":"xpath","value":"//span[contains(@id, \"smartTable-header-inner\")]"}
COMMAND: POST /session/47a0cfcb1b688bc57e33978b59aaa3c6/execute/sync - {"script":"<script> [56 bytes]","args":[{"element-6066-11e4-a52e-4f735466cecf":"f.B7EBD3B9E1BF342B1CF0F76B0C9C80BF.d.8619B116082CFA4DFB7F54DF9E3B3214.e.16628","ELEMENT":"f.B7EBD3B9E1BF342B1CF0F76B0C9C80BF.d.8619B116082CFA4DFB7F54DF9E3B3214.e.16628"}]}
RESULT: {"script":"<script> [56 bytes]","args":[{"element-6066-11e4-a52e-4f735466cecf":"f.B7EBD3B9E1BF342B1CF0F76B0C9C80BF.d.8619B116082CFA4DFB7F54DF9E3B3214.e.16628","ELEMENT":"f.B7EBD3B9E1BF342B1CF0F76B0C9C80BF.d.8619B116082CFA4DFB7F54DF9E3B3214.e.16628"}]}
COMMAND: POST /session/47a0cfcb1b688bc57e33978b59aaa3c6/element - {"using":"xpath","value":"//table[contains(@id, \"customHandovers\")]//tbody/tr[1]/td[2]/span"}
COMMAND: GET /session/47a0cfcb1b688bc57e33978b59aaa3c6/screenshot - {}
RESULT: {"using":"xpath","value":"//table[contains(@id, \"customHandovers\")]//tbody/tr[1]/td[2]/span"}
COMMAND: POST /session/47a0cfcb1b688bc57e33978b59aaa3c6/execute/sync - {"script":"<script> [56 bytes]","args":[{"element-6066-11e4-a52e-4f735466cecf":"f.B7EBD3B9E1BF342B1CF0F76B0C9C80BF.d.8619B116082CFA4DFB7F54DF9E3B3214.e.16629","ELEMENT":"f.B7EBD3B9E1BF342B1CF0F76B0C9C80BF.d.8619B116082CFA4DFB7F54DF9E3B3214.e.16629"}]}
RESULT: {}
RESULT: {"script":"<script> [56 bytes]","args":[{"element-6066-11e4-a52e-4f735466cecf":"f.B7EBD3B9E1BF342B1CF0F76B0C9C80BF.d.8619B116082CFA4DFB7F54DF9E3B3214.e.16629","ELEMENT":"f.B7EBD3B9E1BF342B1CF0F76B0C9C80BF.d.8619B116082CFA4DFB7F54DF9E3B3214.e.16629"}]}
COMMAND: POST /session/47a0cfcb1b688bc57e33978b59aaa3c6/element - {"using":"xpath","value":"(//span[contains(@id, \"imgNav\")])[1]"}
COMMAND: GET /session/47a0cfcb1b688bc57e33978b59aaa3c6/screenshot - {}
RESULT: {"using":"xpath","value":"(//span[contains(@id, \"imgNav\")])[1]"}
COMMAND: POST /session/47a0cfcb1b688bc57e33978b59aaa3c6/element/f.B7EBD3B9E1BF342B1CF0F76B0C9C80BF.d.8619B116082CFA4DFB7F54DF9E3B3214.e.16626/click - {}
RESULT: {}
RESULT: {}
COMMAND: GET /session/47a0cfcb1b688bc57e33978b59aaa3c6/screenshot - {}
RESULT: {}
RESULT: undefined
COMMAND: POST /session/47a0cfcb1b688bc57e33978b59aaa3c6/execute/async - {"script":"<script> [776 bytes]","args":[{"enterText":"5/20/25","selector":{"id":"issueDatePicker","viewName":"etm.portal.ui.managehandovers.view.DetailExecuteHO","interaction":{"idSuffix":"inner"}},"clearTextFirst":true,"interactionType":"ENTER_TEXT"}]}
RESULT: {"script":"<script> [776 bytes]","args":[{"enterText":"5/20/25","selector":{"id":"issueDatePicker","viewName":"etm.portal.ui.managehandovers.view.DetailExecuteHO","interaction":{"idSuffix":"inner"}},"clearTextFirst":true,"interactionType":"ENTER_TEXT"}]}
COMMAND: POST /session/47a0cfcb1b688bc57e33978b59aaa3c6/element - {"using":"xpath","value":"//button[@data-kt=\"PickingTableConfirmAllButton\"]"}
RESULT: {"using":"xpath","value":"//button[@data-kt=\"PickingTableConfirmAllButton\"]"}
COMMAND: POST /session/47a0cfcb1b688bc57e33978b59aaa3c6/element/f.B7EBD3B9E1BF342B1CF0F76B0C9C80BF.d.8619B116082CFA4DFB7F54DF9E3B3214.e.16668/click - {}
RESULT: {}
COMMAND: GET /session/47a0cfcb1b688bc57e33978b59aaa3c6/screenshot - {}
RESULT: {}
COMMAND: POST /session/47a0cfcb1b688bc57e33978b59aaa3c6/element - {"using":"xpath","value":"//bdi[contains(text(), \"OK\")]"}
RESULT: {"using":"xpath","value":"//bdi[contains(text(), \"OK\")]"}
COMMAND: POST /session/47a0cfcb1b688bc57e33978b59aaa3c6/element/f.B7EBD3B9E1BF342B1CF0F76B0C9C80BF.d.8619B116082CFA4DFB7F54DF9E3B3214.e.16680/click - {}
RESULT: {}
COMMAND: GET /session/47a0cfcb1b688bc57e33978b59aaa3c6/screenshot - {}
RESULT: {}
COMMAND: POST /session/47a0cfcb1b688bc57e33978b59aaa3c6/element - {"using":"xpath","value":"//button[@data-kt=\"execHoIssueButton\"]"}
RESULT: {"using":"xpath","value":"//button[@data-kt=\"execHoIssueButton\"]"}
COMMAND: POST /session/47a0cfcb1b688bc57e33978b59aaa3c6/element/f.B7EBD3B9E1BF342B1CF0F76B0C9C80BF.d.8619B116082CFA4DFB7F54DF9E3B3214.e.16681/click - {}
RESULT: {}
COMMAND: GET /session/47a0cfcb1b688bc57e33978b59aaa3c6/screenshot - {}
RESULT: {}
COMMAND: POST /session/47a0cfcb1b688bc57e33978b59aaa3c6/element - {"using":"xpath","value":"//input[contains(@id ,\"smartFilterBar-btnBasicSearch-I\")]"}
RESULT: {"using":"xpath","value":"//input[contains(@id ,\"smartFilterBar-btnBasicSearch-I\")]"}
COMMAND: POST /session/47a0cfcb1b688bc57e33978b59aaa3c6/elements - {"using":"xpath","value":"//input[contains(@id ,\"smartFilterBar-btnBasicSearch-I\")]"}
RESULT: {"using":"xpath","value":"//input[contains(@id ,\"smartFilterBar-btnBasicSearch-I\")]"}
COMMAND: POST /session/47a0cfcb1b688bc57e33978b59aaa3c6/execute/sync - {"script":"<script> [8489 bytes]","args":[{"element-6066-11e4-a52e-4f735466cecf":"f.B7EBD3B9E1BF342B1CF0F76B0C9C80BF.d.8619B116082CFA4DFB7F54DF9E3B3214.e.16107","ELEMENT":"f.B7EBD3B9E1BF342B1CF0F76B0C9C80BF.d.8619B116082CFA4DFB7F54DF9E3B3214.e.16107"}]}
RESULT: {"script":"<script> [8489 bytes]","args":[{"element-6066-11e4-a52e-4f735466cecf":"f.B7EBD3B9E1BF342B1CF0F76B0C9C80BF.d.8619B116082CFA4DFB7F54DF9E3B3214.e.16107","ELEMENT":"f.B7EBD3B9E1BF342B1CF0F76B0C9C80BF.d.8619B116082CFA4DFB7F54DF9E3B3214.e.16107"}]}
COMMAND: GET /session/47a0cfcb1b688bc57e33978b59aaa3c6/element/f.B7EBD3B9E1BF342B1CF0F76B0C9C80BF.d.8619B116082CFA4DFB7F54DF9E3B3214.e.16107/enabled - {}
COMMAND: GET /session/47a0cfcb1b688bc57e33978b59aaa3c6/screenshot - {}
RESULT: {}
COMMAND: POST /session/47a0cfcb1b688bc57e33978b59aaa3c6/element/f.B7EBD3B9E1BF342B1CF0F76B0C9C80BF.d.8619B116082CFA4DFB7F54DF9E3B3214.e.16107/clear - {}
COMMAND: GET /session/47a0cfcb1b688bc57e33978b59aaa3c6/screenshot - {}
RESULT: {}
RESULT: {}
COMMAND: POST /session/47a0cfcb1b688bc57e33978b59aaa3c6/element/f.B7EBD3B9E1BF342B1CF0F76B0C9C80BF.d.8619B116082CFA4DFB7F54DF9E3B3214.e.16107/value - {"text":"30856"}
COMMAND: GET /session/47a0cfcb1b688bc57e33978b59aaa3c6/screenshot - {}
RESULT: {}
RESULT: {"text":"30856"}
COMMAND: GET /session/47a0cfcb1b688bc57e33978b59aaa3c6/screenshot - {}
RESULT: {}
RESULT: {}
COMMAND: POST /session/47a0cfcb1b688bc57e33978b59aaa3c6/actions - {"actions":[{"id":"action52","type":"key","parameters":{},"actions":[{"type":"keyDown","value":"î€‡"},{"type":"pause","duration":10},{"type":"keyUp","value":"î€‡"}]}]}
RESULT: {"actions":[{"id":"action52","type":"key","parameters":{},"actions":[{"type":"keyDown","value":"î€‡"},{"type":"pause","duration":10},{"type":"keyUp","value":"î€‡"}]}]}
COMMAND: GET /session/47a0cfcb1b688bc57e33978b59aaa3c6/screenshot - {}
RESULT: {}
COMMAND: POST /session/47a0cfcb1b688bc57e33978b59aaa3c6/element - {"using":"xpath","value":"//span[contains(@id, \"smartTable-header-inner\")]"}
RESULT: {"using":"xpath","value":"//span[contains(@id, \"smartTable-header-inner\")]"}
COMMAND: POST /session/47a0cfcb1b688bc57e33978b59aaa3c6/elements - {"using":"xpath","value":"//span[contains(@id, \"smartTable-header-inner\")]"}
RESULT: {"using":"xpath","value":"//span[contains(@id, \"smartTable-header-inner\")]"}
COMMAND: POST /session/47a0cfcb1b688bc57e33978b59aaa3c6/execute/sync - {"script":"<script> [56 bytes]","args":[{"element-6066-11e4-a52e-4f735466cecf":"f.B7EBD3B9E1BF342B1CF0F76B0C9C80BF.d.8619B116082CFA4DFB7F54DF9E3B3214.e.16628","ELEMENT":"f.B7EBD3B9E1BF342B1CF0F76B0C9C80BF.d.8619B116082CFA4DFB7F54DF9E3B3214.e.16628"}]}
RESULT: {"script":"<script> [56 bytes]","args":[{"element-6066-11e4-a52e-4f735466cecf":"f.B7EBD3B9E1BF342B1CF0F76B0C9C80BF.d.8619B116082CFA4DFB7F54DF9E3B3214.e.16628","ELEMENT":"f.B7EBD3B9E1BF342B1CF0F76B0C9C80BF.d.8619B116082CFA4DFB7F54DF9E3B3214.e.16628"}]}
COMMAND: POST /session/47a0cfcb1b688bc57e33978b59aaa3c6/elements - {"using":"xpath","value":"//thead[contains(@class, \"sapMTableTH\")]/tr/th"}
COMMAND: GET /session/47a0cfcb1b688bc57e33978b59aaa3c6/screenshot - {}
RESULT: {"using":"xpath","value":"//thead[contains(@class, \"sapMTableTH\")]/tr/th"}
COMMAND: GET /session/47a0cfcb1b688bc57e33978b59aaa3c6/element/f.B7EBD3B9E1BF342B1CF0F76B0C9C80BF.d.8619B116082CFA4DFB7F54DF9E3B3214.e.16717/text - {}
RESULT: {}
RESULT: {}
COMMAND: GET /session/47a0cfcb1b688bc57e33978b59aaa3c6/element/f.B7EBD3B9E1BF342B1CF0F76B0C9C80BF.d.8619B116082CFA4DFB7F54DF9E3B3214.e.16718/text - {}
RESULT: {}
COMMAND: GET /session/47a0cfcb1b688bc57e33978b59aaa3c6/element/f.B7EBD3B9E1BF342B1CF0F76B0C9C80BF.d.8619B116082CFA4DFB7F54DF9E3B3214.e.16101/text - {}
RESULT: {}
COMMAND: GET /session/47a0cfcb1b688bc57e33978b59aaa3c6/element/f.B7EBD3B9E1BF342B1CF0F76B0C9C80BF.d.8619B116082CFA4DFB7F54DF9E3B3214.e.16103/text - {}
RESULT: {}
COMMAND: GET /session/47a0cfcb1b688bc57e33978b59aaa3c6/element/f.B7EBD3B9E1BF342B1CF0F76B0C9C80BF.d.8619B116082CFA4DFB7F54DF9E3B3214.e.16686/text - {}
RESULT: {}
COMMAND: GET /session/47a0cfcb1b688bc57e33978b59aaa3c6/element/f.B7EBD3B9E1BF342B1CF0F76B0C9C80BF.d.8619B116082CFA4DFB7F54DF9E3B3214.e.16687/text - {}
RESULT: {}
COMMAND: GET /session/47a0cfcb1b688bc57e33978b59aaa3c6/element/f.B7EBD3B9E1BF342B1CF0F76B0C9C80BF.d.8619B116082CFA4DFB7F54DF9E3B3214.e.16688/text - {}
RESULT: {}
COMMAND: GET /session/47a0cfcb1b688bc57e33978b59aaa3c6/element/f.B7EBD3B9E1BF342B1CF0F76B0C9C80BF.d.8619B116082CFA4DFB7F54DF9E3B3214.e.16689/text - {}
RESULT: {}
COMMAND: GET /session/47a0cfcb1b688bc57e33978b59aaa3c6/element/f.B7EBD3B9E1BF342B1CF0F76B0C9C80BF.d.8619B116082CFA4DFB7F54DF9E3B3214.e.16690/text - {}
RESULT: {}
COMMAND: GET /session/47a0cfcb1b688bc57e33978b59aaa3c6/element/f.B7EBD3B9E1BF342B1CF0F76B0C9C80BF.d.8619B116082CFA4DFB7F54DF9E3B3214.e.16691/text - {}
RESULT: {}
COMMAND: GET /session/47a0cfcb1b688bc57e33978b59aaa3c6/element/f.B7EBD3B9E1BF342B1CF0F76B0C9C80BF.d.8619B116082CFA4DFB7F54DF9E3B3214.e.16692/text - {}
RESULT: {}
COMMAND: GET /session/47a0cfcb1b688bc57e33978b59aaa3c6/element/f.B7EBD3B9E1BF342B1CF0F76B0C9C80BF.d.8619B116082CFA4DFB7F54DF9E3B3214.e.16693/text - {}
RESULT: {}
COMMAND: GET /session/47a0cfcb1b688bc57e33978b59aaa3c6/element/f.B7EBD3B9E1BF342B1CF0F76B0C9C80BF.d.8619B116082CFA4DFB7F54DF9E3B3214.e.16694/text - {}
RESULT: {}
COMMAND: GET /session/47a0cfcb1b688bc57e33978b59aaa3c6/element/f.B7EBD3B9E1BF342B1CF0F76B0C9C80BF.d.8619B116082CFA4DFB7F54DF9E3B3214.e.16104/text - {}
RESULT: {}
COMMAND: POST /session/47a0cfcb1b688bc57e33978b59aaa3c6/element - {"using":"xpath","value":"//tbody[contains(@id, \"customHandoversTable-tblBody\")]/tr[1]/td[14]/div/span"}
RESULT: {"using":"xpath","value":"//tbody[contains(@id, \"customHandoversTable-tblBody\")]/tr[1]/td[14]/div/span"}
COMMAND: POST /session/47a0cfcb1b688bc57e33978b59aaa3c6/execute/sync - {"script":"<script> [56 bytes]","args":[{"element-6066-11e4-a52e-4f735466cecf":"f.B7EBD3B9E1BF342B1CF0F76B0C9C80BF.d.8619B116082CFA4DFB7F54DF9E3B3214.e.16770","ELEMENT":"f.B7EBD3B9E1BF342B1CF0F76B0C9C80BF.d.8619B116082CFA4DFB7F54DF9E3B3214.e.16770"}]}
RESULT: {"script":"<script> [56 bytes]","args":[{"element-6066-11e4-a52e-4f735466cecf":"f.B7EBD3B9E1BF342B1CF0F76B0C9C80BF.d.8619B116082CFA4DFB7F54DF9E3B3214.e.16770","ELEMENT":"f.B7EBD3B9E1BF342B1CF0F76B0C9C80BF.d.8619B116082CFA4DFB7F54DF9E3B3214.e.16770"}]}
COMMAND: POST /session/47a0cfcb1b688bc57e33978b59aaa3c6/element - {"using":"xpath","value":"(//span[contains(@id, \"imgNav\")])[1]"}
COMMAND: GET /session/47a0cfcb1b688bc57e33978b59aaa3c6/screenshot - {}
RESULT: {"using":"xpath","value":"(//span[contains(@id, \"imgNav\")])[1]"}
COMMAND: POST /session/47a0cfcb1b688bc57e33978b59aaa3c6/element/f.B7EBD3B9E1BF342B1CF0F76B0C9C80BF.d.8619B116082CFA4DFB7F54DF9E3B3214.e.16771/click - {}
RESULT: {}
RESULT: {}
COMMAND: GET /session/47a0cfcb1b688bc57e33978b59aaa3c6/screenshot - {}
RESULT: {}
RESULT: undefined
COMMAND: POST /session/47a0cfcb1b688bc57e33978b59aaa3c6/execute/async - {"script":"<script> [776 bytes]","args":[{"enterText":"05/20/25","selector":{"id":"receiptDatePicker","viewName":"etm.portal.ui.managehandovers.view.DetailExecuteHO","interaction":{"idSuffix":"inner"}},"clearTextFirst":true,"interactionType":"ENTER_TEXT"}]}
RESULT: {"script":"<script> [776 bytes]","args":[{"enterText":"05/20/25","selector":{"id":"receiptDatePicker","viewName":"etm.portal.ui.managehandovers.view.DetailExecuteHO","interaction":{"idSuffix":"inner"}},"clearTextFirst":true,"interactionType":"ENTER_TEXT"}]}
COMMAND: POST /session/47a0cfcb1b688bc57e33978b59aaa3c6/element - {"using":"xpath","value":"//bdi[contains(text(), \"OK\")]"}
RESULT: {"using":"xpath","value":"//bdi[contains(text(), \"OK\")]"}
COMMAND: POST /session/47a0cfcb1b688bc57e33978b59aaa3c6/element/f.B7EBD3B9E1BF342B1CF0F76B0C9C80BF.d.8619B116082CFA4DFB7F54DF9E3B3214.e.16804/click - {}
RESULT: {}
COMMAND: GET /session/47a0cfcb1b688bc57e33978b59aaa3c6/screenshot - {}
RESULT: {}
COMMAND: POST /session/47a0cfcb1b688bc57e33978b59aaa3c6/element - {"using":"xpath","value":"//button[@data-kt=\"PickingTableConfirmAllButton\"]"}
RESULT: {"using":"xpath","value":"//button[@data-kt=\"PickingTableConfirmAllButton\"]"}
COMMAND: POST /session/47a0cfcb1b688bc57e33978b59aaa3c6/element/f.B7EBD3B9E1BF342B1CF0F76B0C9C80BF.d.8619B116082CFA4DFB7F54DF9E3B3214.e.16790/click - {}
RESULT: {}
COMMAND: GET /session/47a0cfcb1b688bc57e33978b59aaa3c6/screenshot - {}
RESULT: {}
COMMAND: POST /session/47a0cfcb1b688bc57e33978b59aaa3c6/element - {"using":"xpath","value":"//bdi[contains(text(), \"OK\")]"}
RESULT: {"using":"xpath","value":"//bdi[contains(text(), \"OK\")]"}
COMMAND: POST /session/47a0cfcb1b688bc57e33978b59aaa3c6/element/f.B7EBD3B9E1BF342B1CF0F76B0C9C80BF.d.8619B116082CFA4DFB7F54DF9E3B3214.e.16815/click - {}
RESULT: {}
COMMAND: GET /session/47a0cfcb1b688bc57e33978b59aaa3c6/screenshot - {}
RESULT: {}
COMMAND: POST /session/47a0cfcb1b688bc57e33978b59aaa3c6/element - {"using":"xpath","value":"//button[@data-kt= \"execHoReceiveButton\"]"}
RESULT: {"using":"xpath","value":"//button[@data-kt= \"execHoReceiveButton\"]"}
COMMAND: POST /session/47a0cfcb1b688bc57e33978b59aaa3c6/element/f.B7EBD3B9E1BF342B1CF0F76B0C9C80BF.d.8619B116082CFA4DFB7F54DF9E3B3214.e.16817/click - {}
RESULT: {}
COMMAND: GET /session/47a0cfcb1b688bc57e33978b59aaa3c6/screenshot - {}
RESULT: {}
COMMAND: POST /session/47a0cfcb1b688bc57e33978b59aaa3c6/element - {"using":"xpath","value":"//input[contains(@id ,\"smartFilterBar-btnBasicSearch-I\")]"}
RESULT: {"using":"xpath","value":"//input[contains(@id ,\"smartFilterBar-btnBasicSearch-I\")]"}
COMMAND: POST /session/47a0cfcb1b688bc57e33978b59aaa3c6/elements - {"using":"xpath","value":"//input[contains(@id ,\"smartFilterBar-btnBasicSearch-I\")]"}
RESULT: {"using":"xpath","value":"//input[contains(@id ,\"smartFilterBar-btnBasicSearch-I\")]"}
COMMAND: POST /session/47a0cfcb1b688bc57e33978b59aaa3c6/execute/sync - {"script":"<script> [8489 bytes]","args":[{"element-6066-11e4-a52e-4f735466cecf":"f.B7EBD3B9E1BF342B1CF0F76B0C9C80BF.d.8619B116082CFA4DFB7F54DF9E3B3214.e.16107","ELEMENT":"f.B7EBD3B9E1BF342B1CF0F76B0C9C80BF.d.8619B116082CFA4DFB7F54DF9E3B3214.e.16107"}]}
RESULT: {"script":"<script> [8489 bytes]","args":[{"element-6066-11e4-a52e-4f735466cecf":"f.B7EBD3B9E1BF342B1CF0F76B0C9C80BF.d.8619B116082CFA4DFB7F54DF9E3B3214.e.16107","ELEMENT":"f.B7EBD3B9E1BF342B1CF0F76B0C9C80BF.d.8619B116082CFA4DFB7F54DF9E3B3214.e.16107"}]}
COMMAND: GET /session/47a0cfcb1b688bc57e33978b59aaa3c6/element/f.B7EBD3B9E1BF342B1CF0F76B0C9C80BF.d.8619B116082CFA4DFB7F54DF9E3B3214.e.16107/enabled - {}
COMMAND: GET /session/47a0cfcb1b688bc57e33978b59aaa3c6/screenshot - {}
RESULT: {}
COMMAND: POST /session/47a0cfcb1b688bc57e33978b59aaa3c6/element/f.B7EBD3B9E1BF342B1CF0F76B0C9C80BF.d.8619B116082CFA4DFB7F54DF9E3B3214.e.16107/clear - {}
COMMAND: GET /session/47a0cfcb1b688bc57e33978b59aaa3c6/screenshot - {}
RESULT: {}
RESULT: {}
COMMAND: POST /session/47a0cfcb1b688bc57e33978b59aaa3c6/element/f.B7EBD3B9E1BF342B1CF0F76B0C9C80BF.d.8619B116082CFA4DFB7F54DF9E3B3214.e.16107/value - {"text":"30856"}
COMMAND: GET /session/47a0cfcb1b688bc57e33978b59aaa3c6/screenshot - {}
RESULT: {}
RESULT: {"text":"30856"}
COMMAND: GET /session/47a0cfcb1b688bc57e33978b59aaa3c6/screenshot - {}
RESULT: {}
RESULT: {}
COMMAND: POST /session/47a0cfcb1b688bc57e33978b59aaa3c6/actions - {"actions":[{"id":"action53","type":"key","parameters":{},"actions":[{"type":"keyDown","value":"î€‡"},{"type":"pause","duration":10},{"type":"keyUp","value":"î€‡"}]}]}
RESULT: {"actions":[{"id":"action53","type":"key","parameters":{},"actions":[{"type":"keyDown","value":"î€‡"},{"type":"pause","duration":10},{"type":"keyUp","value":"î€‡"}]}]}
COMMAND: GET /session/47a0cfcb1b688bc57e33978b59aaa3c6/screenshot - {}
RESULT: {}
COMMAND: POST /session/47a0cfcb1b688bc57e33978b59aaa3c6/element - {"using":"xpath","value":"//span[contains(@id, \"smartTable-header-inner\")]"}
RESULT: {"using":"xpath","value":"//span[contains(@id, \"smartTable-header-inner\")]"}
COMMAND: POST /session/47a0cfcb1b688bc57e33978b59aaa3c6/elements - {"using":"xpath","value":"//span[contains(@id, \"smartTable-header-inner\")]"}
RESULT: {"using":"xpath","value":"//span[contains(@id, \"smartTable-header-inner\")]"}
COMMAND: POST /session/47a0cfcb1b688bc57e33978b59aaa3c6/execute/sync - {"script":"<script> [56 bytes]","args":[{"element-6066-11e4-a52e-4f735466cecf":"f.B7EBD3B9E1BF342B1CF0F76B0C9C80BF.d.8619B116082CFA4DFB7F54DF9E3B3214.e.16628","ELEMENT":"f.B7EBD3B9E1BF342B1CF0F76B0C9C80BF.d.8619B116082CFA4DFB7F54DF9E3B3214.e.16628"}]}
RESULT: {"script":"<script> [56 bytes]","args":[{"element-6066-11e4-a52e-4f735466cecf":"f.B7EBD3B9E1BF342B1CF0F76B0C9C80BF.d.8619B116082CFA4DFB7F54DF9E3B3214.e.16628","ELEMENT":"f.B7EBD3B9E1BF342B1CF0F76B0C9C80BF.d.8619B116082CFA4DFB7F54DF9E3B3214.e.16628"}]}
COMMAND: POST /session/47a0cfcb1b688bc57e33978b59aaa3c6/elements - {"using":"xpath","value":"//thead[contains(@class, \"sapMTableTH\")]/tr/th"}
COMMAND: GET /session/47a0cfcb1b688bc57e33978b59aaa3c6/screenshot - {}
RESULT: {"using":"xpath","value":"//thead[contains(@class, \"sapMTableTH\")]/tr/th"}
COMMAND: GET /session/47a0cfcb1b688bc57e33978b59aaa3c6/element/f.B7EBD3B9E1BF342B1CF0F76B0C9C80BF.d.8619B116082CFA4DFB7F54DF9E3B3214.e.16717/text - {}
RESULT: {}
RESULT: {}
COMMAND: GET /session/47a0cfcb1b688bc57e33978b59aaa3c6/element/f.B7EBD3B9E1BF342B1CF0F76B0C9C80BF.d.8619B116082CFA4DFB7F54DF9E3B3214.e.16718/text - {}
RESULT: {}
COMMAND: GET /session/47a0cfcb1b688bc57e33978b59aaa3c6/element/f.B7EBD3B9E1BF342B1CF0F76B0C9C80BF.d.8619B116082CFA4DFB7F54DF9E3B3214.e.16101/text - {}
RESULT: {}
COMMAND: GET /session/47a0cfcb1b688bc57e33978b59aaa3c6/element/f.B7EBD3B9E1BF342B1CF0F76B0C9C80BF.d.8619B116082CFA4DFB7F54DF9E3B3214.e.16103/text - {}
RESULT: {}
COMMAND: GET /session/47a0cfcb1b688bc57e33978b59aaa3c6/element/f.B7EBD3B9E1BF342B1CF0F76B0C9C80BF.d.8619B116082CFA4DFB7F54DF9E3B3214.e.16821/text - {}
RESULT: {}
COMMAND: GET /session/47a0cfcb1b688bc57e33978b59aaa3c6/element/f.B7EBD3B9E1BF342B1CF0F76B0C9C80BF.d.8619B116082CFA4DFB7F54DF9E3B3214.e.16822/text - {}
RESULT: {}
COMMAND: GET /session/47a0cfcb1b688bc57e33978b59aaa3c6/element/f.B7EBD3B9E1BF342B1CF0F76B0C9C80BF.d.8619B116082CFA4DFB7F54DF9E3B3214.e.16823/text - {}
RESULT: {}
COMMAND: GET /session/47a0cfcb1b688bc57e33978b59aaa3c6/element/f.B7EBD3B9E1BF342B1CF0F76B0C9C80BF.d.8619B116082CFA4DFB7F54DF9E3B3214.e.16824/text - {}
RESULT: {}
COMMAND: GET /session/47a0cfcb1b688bc57e33978b59aaa3c6/element/f.B7EBD3B9E1BF342B1CF0F76B0C9C80BF.d.8619B116082CFA4DFB7F54DF9E3B3214.e.16825/text - {}
RESULT: {}
COMMAND: GET /session/47a0cfcb1b688bc57e33978b59aaa3c6/element/f.B7EBD3B9E1BF342B1CF0F76B0C9C80BF.d.8619B116082CFA4DFB7F54DF9E3B3214.e.16826/text - {}
RESULT: {}
COMMAND: GET /session/47a0cfcb1b688bc57e33978b59aaa3c6/element/f.B7EBD3B9E1BF342B1CF0F76B0C9C80BF.d.8619B116082CFA4DFB7F54DF9E3B3214.e.16827/text - {}
RESULT: {}
COMMAND: GET /session/47a0cfcb1b688bc57e33978b59aaa3c6/element/f.B7EBD3B9E1BF342B1CF0F76B0C9C80BF.d.8619B116082CFA4DFB7F54DF9E3B3214.e.16828/text - {}
RESULT: {}
COMMAND: GET /session/47a0cfcb1b688bc57e33978b59aaa3c6/element/f.B7EBD3B9E1BF342B1CF0F76B0C9C80BF.d.8619B116082CFA4DFB7F54DF9E3B3214.e.16829/text - {}
RESULT: {}
COMMAND: GET /session/47a0cfcb1b688bc57e33978b59aaa3c6/element/f.B7EBD3B9E1BF342B1CF0F76B0C9C80BF.d.8619B116082CFA4DFB7F54DF9E3B3214.e.16104/text - {}
RESULT: {}
COMMAND: POST /session/47a0cfcb1b688bc57e33978b59aaa3c6/element - {"using":"xpath","value":"//tbody[contains(@id, \"customHandoversTable-tblBody\")]/tr[1]/td[14]/div/span"}
RESULT: {"using":"xpath","value":"//tbody[contains(@id, \"customHandoversTable-tblBody\")]/tr[1]/td[14]/div/span"}
COMMAND: POST /session/47a0cfcb1b688bc57e33978b59aaa3c6/execute/sync - {"script":"<script> [56 bytes]","args":[{"element-6066-11e4-a52e-4f735466cecf":"f.B7EBD3B9E1BF342B1CF0F76B0C9C80BF.d.8619B116082CFA4DFB7F54DF9E3B3214.e.16872","ELEMENT":"f.B7EBD3B9E1BF342B1CF0F76B0C9C80BF.d.8619B116082CFA4DFB7F54DF9E3B3214.e.16872"}]}
RESULT: {"script":"<script> [56 bytes]","args":[{"element-6066-11e4-a52e-4f735466cecf":"f.B7EBD3B9E1BF342B1CF0F76B0C9C80BF.d.8619B116082CFA4DFB7F54DF9E3B3214.e.16872","ELEMENT":"f.B7EBD3B9E1BF342B1CF0F76B0C9C80BF.d.8619B116082CFA4DFB7F54DF9E3B3214.e.16872"}]}
]]></system-out>
    </testcase>
    <testcase classname="chrome.136_0_7103_93.windows.Provide_to_Site_w/o_warehouse_management_w/o_clarification" name="Should Test for Handover Execution" time="15.402">
      <system-out><![CDATA[
COMMAND: GET /session/47a0cfcb1b688bc57e33978b59aaa3c6/screenshot - {}
COMMAND: POST /session/47a0cfcb1b688bc57e33978b59aaa3c6/element - {"using":"xpath","value":"(//span[contains(@id, \"imgNav\")])[1]"}
RESULT: {}
RESULT: {"using":"xpath","value":"(//span[contains(@id, \"imgNav\")])[1]"}
COMMAND: POST /session/47a0cfcb1b688bc57e33978b59aaa3c6/element/f.B7EBD3B9E1BF342B1CF0F76B0C9C80BF.d.8619B116082CFA4DFB7F54DF9E3B3214.e.16873/click - {}
RESULT: {}
COMMAND: GET /session/47a0cfcb1b688bc57e33978b59aaa3c6/screenshot - {}
COMMAND: POST /session/47a0cfcb1b688bc57e33978b59aaa3c6/element - {"using":"css selector","value":"#shell-header-logo"}
RESULT: {}
RESULT: {"using":"css selector","value":"#shell-header-logo"}
COMMAND: POST /session/47a0cfcb1b688bc57e33978b59aaa3c6/element/f.B7EBD3B9E1BF342B1CF0F76B0C9C80BF.d.8619B116082CFA4DFB7F54DF9E3B3214.e.15413/click - {}
RESULT: {}
COMMAND: GET /session/47a0cfcb1b688bc57e33978b59aaa3c6/screenshot - {}
RESULT: {}
]]></system-out>
    </testcase>
    <testcase classname="chrome.136_0_7103_93.windows.Provide_to_Site_w/o_warehouse_management_w/o_clarification" name="Should test for Clarification" time="0.008">
      <system-out><![CDATA[
COMMAND: POST /session/47a0cfcb1b688bc57e33978b59aaa3c6/element - {"using":"css selector","value":"#j_username"}
COMMAND: POST /session/47a0cfcb1b688bc57e33978b59aaa3c6/url - {"url":"https://qa-testing-00-live-etm-ui.cfapps.eu10-004.hana.ondemand.com/"}
RESULT: {"using":"css selector","value":"#j_username"}
COMMAND: POST /session/47a0cfcb1b688bc57e33978b59aaa3c6/element - {"using":"css selector","value":"#j_username"}
RESULT: {"url":"https://qa-testing-00-live-etm-ui.cfapps.eu10-004.hana.ondemand.com/"}
RESULT: undefined
COMMAND: GET /session/47a0cfcb1b688bc57e33978b59aaa3c6/screenshot - {}
RESULT: {"using":"css selector","value":"#j_username"}
COMMAND: POST /session/47a0cfcb1b688bc57e33978b59aaa3c6/element - {"using":"css selector","value":"#shell-header-logo"}
RESULT: {}
RESULT: {"using":"css selector","value":"#shell-header-logo"}
COMMAND: POST /session/47a0cfcb1b688bc57e33978b59aaa3c6/execute/sync - {"script":"<script> [8489 bytes]","args":[{"element-6066-11e4-a52e-4f735466cecf":"f.B7EBD3B9E1BF342B1CF0F76B0C9C80BF.d.31099742272A551CF24D32959D8C9CAB.e.16924","ELEMENT":"f.B7EBD3B9E1BF342B1CF0F76B0C9C80BF.d.31099742272A551CF24D32959D8C9CAB.e.16924"}]}
RESULT: {"script":"<script> [8489 bytes]","args":[{"element-6066-11e4-a52e-4f735466cecf":"f.B7EBD3B9E1BF342B1CF0F76B0C9C80BF.d.31099742272A551CF24D32959D8C9CAB.e.16924","ELEMENT":"f.B7EBD3B9E1BF342B1CF0F76B0C9C80BF.d.31099742272A551CF24D32959D8C9CAB.e.16924"}]}
COMMAND: POST /session/47a0cfcb1b688bc57e33978b59aaa3c6/element - {"using":"css selector","value":"#shell-header-logo"}
COMMAND: GET /session/47a0cfcb1b688bc57e33978b59aaa3c6/screenshot - {}
RESULT: {"using":"css selector","value":"#shell-header-logo"}
COMMAND: POST /session/47a0cfcb1b688bc57e33978b59aaa3c6/execute/sync - {"script":"<script> [8489 bytes]","args":[{"element-6066-11e4-a52e-4f735466cecf":"f.B7EBD3B9E1BF342B1CF0F76B0C9C80BF.d.31099742272A551CF24D32959D8C9CAB.e.16924","ELEMENT":"f.B7EBD3B9E1BF342B1CF0F76B0C9C80BF.d.31099742272A551CF24D32959D8C9CAB.e.16924"}]}
RESULT: {}
RESULT: {"script":"<script> [8489 bytes]","args":[{"element-6066-11e4-a52e-4f735466cecf":"f.B7EBD3B9E1BF342B1CF0F76B0C9C80BF.d.31099742272A551CF24D32959D8C9CAB.e.16924","ELEMENT":"f.B7EBD3B9E1BF342B1CF0F76B0C9C80BF.d.31099742272A551CF24D32959D8C9CAB.e.16924"}]}
COMMAND: POST /session/47a0cfcb1b688bc57e33978b59aaa3c6/execute/sync - {"script":"<script> [5351 bytes]","args":[{"element-6066-11e4-a52e-4f735466cecf":"f.B7EBD3B9E1BF342B1CF0F76B0C9C80BF.d.31099742272A551CF24D32959D8C9CAB.e.16924","ELEMENT":"f.B7EBD3B9E1BF342B1CF0F76B0C9C80BF.d.31099742272A551CF24D32959D8C9CAB.e.16924"}]}
COMMAND: GET /session/47a0cfcb1b688bc57e33978b59aaa3c6/screenshot - {}
RESULT: {"script":"<script> [5351 bytes]","args":[{"element-6066-11e4-a52e-4f735466cecf":"f.B7EBD3B9E1BF342B1CF0F76B0C9C80BF.d.31099742272A551CF24D32959D8C9CAB.e.16924","ELEMENT":"f.B7EBD3B9E1BF342B1CF0F76B0C9C80BF.d.31099742272A551CF24D32959D8C9CAB.e.16924"}]}
COMMAND: POST /session/47a0cfcb1b688bc57e33978b59aaa3c6/element - {"using":"css selector","value":"#shell-header-logo"}
COMMAND: GET /session/47a0cfcb1b688bc57e33978b59aaa3c6/screenshot - {}
RESULT: {}
RESULT: {"using":"css selector","value":"#shell-header-logo"}
COMMAND: POST /session/47a0cfcb1b688bc57e33978b59aaa3c6/element/f.B7EBD3B9E1BF342B1CF0F76B0C9C80BF.d.31099742272A551CF24D32959D8C9CAB.e.16924/click - {}
RESULT: {}
RESULT: {}
COMMAND: GET /session/47a0cfcb1b688bc57e33978b59aaa3c6/screenshot - {}
RESULT: {}
COMMAND: POST /session/47a0cfcb1b688bc57e33978b59aaa3c6/execute/async - {"script":"<script> [189 bytes]","args":[]}
RESULT: {"script":"<script> [189 bytes]","args":[]}
COMMAND: POST /session/47a0cfcb1b688bc57e33978b59aaa3c6/execute/async - {"script":"<script> [123 bytes]","args":[]}
RESULT: {"script":"<script> [123 bytes]","args":[]}
COMMAND: POST /session/47a0cfcb1b688bc57e33978b59aaa3c6/timeouts - {"script":"<number>"}
RESULT: {"script":"<number>"}
COMMAND: GET /session/47a0cfcb1b688bc57e33978b59aaa3c6/timeouts - {}
RESULT: {}
RESULT: undefined
COMMAND: POST /session/47a0cfcb1b688bc57e33978b59aaa3c6/execute/async - {"script":"<script> [2676 bytes]","args":[]}
RESULT: {"script":"<script> [2676 bytes]","args":[]}
COMMAND: POST /session/47a0cfcb1b688bc57e33978b59aaa3c6/execute/async - {"script":"<script> [2342 bytes]","args":[{"protocol":"http","hostname":"0.0.0.0","path":"/","capabilities":{"browserName":"chrome","goog:chromeOptions":{"binary":"C:\\Program Files\\Google\\Chrome\\Application\\chrome.exe","args":["--start-maximized"]}},"logLevel":"warn","connectionRetryTimeout":120000,"connectionRetryCount":3,"logLevels":{},"enableDirectConnect":true,"strictSSL":true,"_":"65 more keys: [\"cacheDir\",\"port\",\"requestedCapabilities\",\"automationProtocol\",\"baseUrl\",\"waitforInterval\",\"waitforTimeout\",\"onReload\",\"beforeCommand\",\"afterCommand\",\"rootDir\",\"specs\",\"suites\",\"exclude\",\"groupLogsByTestSpec\",\"excludeDriverLogs\",\"bail\",\"framework\",\"reporters\",\"services\",\"maxInstances\",\"maxInstancesPerCapability\",\"injectGlobals\",\"filesToWatch\",\"execArgv\",\"runnerEnv\",\"runner\",\"shard\",\"specFileRetries\",\"specFileRetriesDelay\",\"specFileRetriesDeferred\",\"reporterSyncInterval\",\"reporterSyncTimeout\",\"cucumberFeaturesWithLineNumbers\",\"autoCompileOpts\",\"mochaOpts\",\"jasmineOpts\",\"cucumberOpts\",\"onPrepare\",\"onWorkerStart\",\"onWorkerEnd\",\"before\",\"beforeSession\",\"beforeSuite\",\"beforeHook\",\"beforeTest\",\"afterTest\",\"afterHook\",\"afterSuite\",\"afterSession\",\"after\",\"onComplete\",\"beforeAssertion\",\"afterAssertion\",\"beforeFeature\",\"beforeScenario\",\"beforeStep\",\"afterStep\",\"afterScenario\",\"afterFeature\",\"_\",\"suite\",\"$0\",\"ignoredWorkerServices\",\"wdi5\"]"}]}
RESULT: {"script":"<script> [2342 bytes]","args":[{"protocol":"http","hostname":"0.0.0.0","path":"/","capabilities":{"browserName":"chrome","goog:chromeOptions":{"binary":"C:\\Program Files\\Google\\Chrome\\Application\\chrome.exe","args":["--start-maximized"]}},"logLevel":"warn","connectionRetryTimeout":120000,"connectionRetryCount":3,"logLevels":{},"enableDirectConnect":true,"strictSSL":true,"_":"65 more keys: [\"cacheDir\",\"port\",\"requestedCapabilities\",\"automationProtocol\",\"baseUrl\",\"waitforInterval\",\"waitforTimeout\",\"onReload\",\"beforeCommand\",\"afterCommand\",\"rootDir\",\"specs\",\"suites\",\"exclude\",\"groupLogsByTestSpec\",\"excludeDriverLogs\",\"bail\",\"framework\",\"reporters\",\"services\",\"maxInstances\",\"maxInstancesPerCapability\",\"injectGlobals\",\"filesToWatch\",\"execArgv\",\"runnerEnv\",\"runner\",\"shard\",\"specFileRetries\",\"specFileRetriesDelay\",\"specFileRetriesDeferred\",\"reporterSyncInterval\",\"reporterSyncTimeout\",\"cucumberFeaturesWithLineNumbers\",\"autoCompileOpts\",\"mochaOpts\",\"jasmineOpts\",\"cucumberOpts\",\"onPrepare\",\"onWorkerStart\",\"onWorkerEnd\",\"before\",\"beforeSession\",\"beforeSuite\",\"beforeHook\",\"beforeTest\",\"afterTest\",\"afterHook\",\"afterSuite\",\"afterSession\",\"after\",\"onComplete\",\"beforeAssertion\",\"afterAssertion\",\"beforeFeature\",\"beforeScenario\",\"beforeStep\",\"afterStep\",\"afterScenario\",\"afterFeature\",\"_\",\"suite\",\"$0\",\"ignoredWorkerServices\",\"wdi5\"]"}]}
COMMAND: POST /session/47a0cfcb1b688bc57e33978b59aaa3c6/execute/async - {"script":"<script> [21126 bytes]","args":[35000]}
RESULT: {"script":"<script> [21126 bytes]","args":[35000]}
COMMAND: POST /session/47a0cfcb1b688bc57e33978b59aaa3c6/window/maximize - {}
RESULT: {}
COMMAND: POST /session/47a0cfcb1b688bc57e33978b59aaa3c6/execute/async - {"script":"<script> [1562 bytes]","args":[{"selector":{"id":"shell-header","interaction":{"idSuffix":"icon"}},"wdio_ui5_key":"shellheader"}]}
COMMAND: GET /session/47a0cfcb1b688bc57e33978b59aaa3c6/screenshot - {}
RESULT: {"script":"<script> [1562 bytes]","args":[{"selector":{"id":"shell-header","interaction":{"idSuffix":"icon"}},"wdio_ui5_key":"shellheader"}]}
RESULT: undefined
COMMAND: POST /session/47a0cfcb1b688bc57e33978b59aaa3c6/refresh - {}
RESULT: {}
RESULT: {}
COMMAND: GET /session/47a0cfcb1b688bc57e33978b59aaa3c6/screenshot - {}
RESULT: {}
COMMAND: POST /session/47a0cfcb1b688bc57e33978b59aaa3c6/refresh - {}
RESULT: {}
COMMAND: GET /session/47a0cfcb1b688bc57e33978b59aaa3c6/screenshot - {}
RESULT: {}
COMMAND: POST /session/47a0cfcb1b688bc57e33978b59aaa3c6/window/fullscreen - {}
RESULT: {}
COMMAND: POST /session/47a0cfcb1b688bc57e33978b59aaa3c6/execute/async - {"script":"<script> [189 bytes]","args":[]}
RESULT: {"script":"<script> [189 bytes]","args":[]}
COMMAND: POST /session/47a0cfcb1b688bc57e33978b59aaa3c6/execute/async - {"script":"<script> [123 bytes]","args":[]}
RESULT: {"script":"<script> [123 bytes]","args":[]}
COMMAND: POST /session/47a0cfcb1b688bc57e33978b59aaa3c6/timeouts - {"script":"<number>"}
RESULT: {"script":"<number>"}
COMMAND: GET /session/47a0cfcb1b688bc57e33978b59aaa3c6/timeouts - {}
RESULT: {}
RESULT: undefined
COMMAND: POST /session/47a0cfcb1b688bc57e33978b59aaa3c6/execute/async - {"script":"<script> [2676 bytes]","args":[]}
RESULT: {"script":"<script> [2676 bytes]","args":[]}
COMMAND: POST /session/47a0cfcb1b688bc57e33978b59aaa3c6/execute/async - {"script":"<script> [2342 bytes]","args":[{"protocol":"http","hostname":"0.0.0.0","path":"/","capabilities":{"browserName":"chrome","goog:chromeOptions":{"binary":"C:\\Program Files\\Google\\Chrome\\Application\\chrome.exe","args":["--start-maximized"]}},"logLevel":"warn","connectionRetryTimeout":120000,"connectionRetryCount":3,"logLevels":{},"enableDirectConnect":true,"strictSSL":true,"_":"65 more keys: [\"cacheDir\",\"port\",\"requestedCapabilities\",\"automationProtocol\",\"baseUrl\",\"waitforInterval\",\"waitforTimeout\",\"onReload\",\"beforeCommand\",\"afterCommand\",\"rootDir\",\"specs\",\"suites\",\"exclude\",\"groupLogsByTestSpec\",\"excludeDriverLogs\",\"bail\",\"framework\",\"reporters\",\"services\",\"maxInstances\",\"maxInstancesPerCapability\",\"injectGlobals\",\"filesToWatch\",\"execArgv\",\"runnerEnv\",\"runner\",\"shard\",\"specFileRetries\",\"specFileRetriesDelay\",\"specFileRetriesDeferred\",\"reporterSyncInterval\",\"reporterSyncTimeout\",\"cucumberFeaturesWithLineNumbers\",\"autoCompileOpts\",\"mochaOpts\",\"jasmineOpts\",\"cucumberOpts\",\"onPrepare\",\"onWorkerStart\",\"onWorkerEnd\",\"before\",\"beforeSession\",\"beforeSuite\",\"beforeHook\",\"beforeTest\",\"afterTest\",\"afterHook\",\"afterSuite\",\"afterSession\",\"after\",\"onComplete\",\"beforeAssertion\",\"afterAssertion\",\"beforeFeature\",\"beforeScenario\",\"beforeStep\",\"afterStep\",\"afterScenario\",\"afterFeature\",\"_\",\"suite\",\"$0\",\"ignoredWorkerServices\",\"wdi5\"]"}]}
RESULT: {"script":"<script> [2342 bytes]","args":[{"protocol":"http","hostname":"0.0.0.0","path":"/","capabilities":{"browserName":"chrome","goog:chromeOptions":{"binary":"C:\\Program Files\\Google\\Chrome\\Application\\chrome.exe","args":["--start-maximized"]}},"logLevel":"warn","connectionRetryTimeout":120000,"connectionRetryCount":3,"logLevels":{},"enableDirectConnect":true,"strictSSL":true,"_":"65 more keys: [\"cacheDir\",\"port\",\"requestedCapabilities\",\"automationProtocol\",\"baseUrl\",\"waitforInterval\",\"waitforTimeout\",\"onReload\",\"beforeCommand\",\"afterCommand\",\"rootDir\",\"specs\",\"suites\",\"exclude\",\"groupLogsByTestSpec\",\"excludeDriverLogs\",\"bail\",\"framework\",\"reporters\",\"services\",\"maxInstances\",\"maxInstancesPerCapability\",\"injectGlobals\",\"filesToWatch\",\"execArgv\",\"runnerEnv\",\"runner\",\"shard\",\"specFileRetries\",\"specFileRetriesDelay\",\"specFileRetriesDeferred\",\"reporterSyncInterval\",\"reporterSyncTimeout\",\"cucumberFeaturesWithLineNumbers\",\"autoCompileOpts\",\"mochaOpts\",\"jasmineOpts\",\"cucumberOpts\",\"onPrepare\",\"onWorkerStart\",\"onWorkerEnd\",\"before\",\"beforeSession\",\"beforeSuite\",\"beforeHook\",\"beforeTest\",\"afterTest\",\"afterHook\",\"afterSuite\",\"afterSession\",\"after\",\"onComplete\",\"beforeAssertion\",\"afterAssertion\",\"beforeFeature\",\"beforeScenario\",\"beforeStep\",\"afterStep\",\"afterScenario\",\"afterFeature\",\"_\",\"suite\",\"$0\",\"ignoredWorkerServices\",\"wdi5\"]"}]}
COMMAND: POST /session/47a0cfcb1b688bc57e33978b59aaa3c6/execute/async - {"script":"<script> [21126 bytes]","args":[35000]}
RESULT: {"script":"<script> [21126 bytes]","args":[35000]}
]]></system-out>
    </testcase>
  </testsuite>
  <testsuite timestamp="2025-05-20T17:17:58" time="172.709" tests="6" failures="0" errors="0" skipped="0">
    <properties>
      <property name="specId" value="0" />
      <property name="suiteName" value="Return from Site w/ warehouse management w/ clarification US125588" />
      <property name="capabilities" value="chrome.136_0_7103_93.windows" />
      <property name="file" value="file:///D:/a/1/s/test/specs/HTR/return-from-site-w-warehouse-management-w-clarification.spec.js" />
    </properties>
    <testcase classname="chrome.136_0_7103_93.windows.Return_from_Site_w/_warehouse_management_w/_clarification_US125588" name="Should create a new WHM yard" time="0.03">
      <system-out><![CDATA[
COMMAND: POST /session/47a0cfcb1b688bc57e33978b59aaa3c6/window/fullscreen - {}
RESULT: {}
]]></system-out>
    </testcase>
    <testcase classname="chrome.136_0_7103_93.windows.Return_from_Site_w/_warehouse_management_w/_clarification_US125588" name="Should create a new external WHM partner" time="0.004" />
    <testcase classname="chrome.136_0_7103_93.windows.Return_from_Site_w/_warehouse_management_w/_clarification_US125588" name="Should create a new WHM site" time="0.004" />
    <testcase classname="chrome.136_0_7103_93.windows.Return_from_Site_w/_warehouse_management_w/_clarification_US125588" name="Should create a new material" time="124.942">
      <system-out><![CDATA[
COMMAND: POST /session/47a0cfcb1b688bc57e33978b59aaa3c6/execute/async - {"script":"<script> [1562 bytes]","args":[{"selector":{"controlType":"sap.m.GenericTile","properties":{"header":"Manage Resources"}},"wdio_ui5_key":"sapm.GenericTile{\"header\":\"Manage Resources\"}"}]}
RESULT: {"script":"<script> [1562 bytes]","args":[{"selector":{"controlType":"sap.m.GenericTile","properties":{"header":"Manage Resources"}},"wdio_ui5_key":"sapm.GenericTile{\"header\":\"Manage Resources\"}"}]}
RESULT: undefined
COMMAND: POST /session/47a0cfcb1b688bc57e33978b59aaa3c6/element - {"using":"xpath","value":"//*[@id=\"__tile39\"]"}
RESULT: {"using":"xpath","value":"//*[@id=\"__tile39\"]"}
COMMAND: POST /session/47a0cfcb1b688bc57e33978b59aaa3c6/element/f.B7EBD3B9E1BF342B1CF0F76B0C9C80BF.d.F551CF48CB6F00274BC475648DF4B834.e.17086/click - {}
RESULT: {}
COMMAND: GET /session/47a0cfcb1b688bc57e33978b59aaa3c6/screenshot - {}
RESULT: {}
COMMAND: POST /session/47a0cfcb1b688bc57e33978b59aaa3c6/elements - {"using":"xpath","value":"//span[text()='Error']"}
RESULT: {"using":"xpath","value":"//span[text()='Error']"}
COMMAND: POST /session/47a0cfcb1b688bc57e33978b59aaa3c6/element - {"using":"xpath","value":"//button[@data-kt=\"addNewRUOverflowToolbarButton\"]"}
RESULT: {"using":"xpath","value":"//button[@data-kt=\"addNewRUOverflowToolbarButton\"]"}
COMMAND: POST /session/47a0cfcb1b688bc57e33978b59aaa3c6/elements - {"using":"xpath","value":"//button[@data-kt=\"addNewRUOverflowToolbarButton\"]"}
RESULT: {"using":"xpath","value":"//button[@data-kt=\"addNewRUOverflowToolbarButton\"]"}
COMMAND: POST /session/47a0cfcb1b688bc57e33978b59aaa3c6/elements - {"using":"xpath","value":"//button[@data-kt=\"addNewRUOverflowToolbarButton\"]"}
RESULT: {"using":"xpath","value":"//button[@data-kt=\"addNewRUOverflowToolbarButton\"]"}
COMMAND: POST /session/47a0cfcb1b688bc57e33978b59aaa3c6/element - {"using":"xpath","value":"//button[@data-kt=\"addNewRUOverflowToolbarButton\"]"}
RESULT: {"using":"xpath","value":"//button[@data-kt=\"addNewRUOverflowToolbarButton\"]"}
COMMAND: POST /session/47a0cfcb1b688bc57e33978b59aaa3c6/execute/sync - {"script":"<script> [8489 bytes]","args":[{"element-6066-11e4-a52e-4f735466cecf":"f.B7EBD3B9E1BF342B1CF0F76B0C9C80BF.d.F551CF48CB6F00274BC475648DF4B834.e.17224","ELEMENT":"f.B7EBD3B9E1BF342B1CF0F76B0C9C80BF.d.F551CF48CB6F00274BC475648DF4B834.e.17224"}]}
RESULT: {"script":"<script> [8489 bytes]","args":[{"element-6066-11e4-a52e-4f735466cecf":"f.B7EBD3B9E1BF342B1CF0F76B0C9C80BF.d.F551CF48CB6F00274BC475648DF4B834.e.17224","ELEMENT":"f.B7EBD3B9E1BF342B1CF0F76B0C9C80BF.d.F551CF48CB6F00274BC475648DF4B834.e.17224"}]}
COMMAND: GET /session/47a0cfcb1b688bc57e33978b59aaa3c6/element/f.B7EBD3B9E1BF342B1CF0F76B0C9C80BF.d.F551CF48CB6F00274BC475648DF4B834.e.17224/enabled - {}
COMMAND: GET /session/47a0cfcb1b688bc57e33978b59aaa3c6/screenshot - {}
RESULT: {}
COMMAND: POST /session/47a0cfcb1b688bc57e33978b59aaa3c6/execute/sync - {"script":"<script> [8489 bytes]","args":[{"element-6066-11e4-a52e-4f735466cecf":"f.B7EBD3B9E1BF342B1CF0F76B0C9C80BF.d.F551CF48CB6F00274BC475648DF4B834.e.17224","ELEMENT":"f.B7EBD3B9E1BF342B1CF0F76B0C9C80BF.d.F551CF48CB6F00274BC475648DF4B834.e.17224"}]}
COMMAND: GET /session/47a0cfcb1b688bc57e33978b59aaa3c6/screenshot - {}
RESULT: {}
RESULT: {"script":"<script> [8489 bytes]","args":[{"element-6066-11e4-a52e-4f735466cecf":"f.B7EBD3B9E1BF342B1CF0F76B0C9C80BF.d.F551CF48CB6F00274BC475648DF4B834.e.17224","ELEMENT":"f.B7EBD3B9E1BF342B1CF0F76B0C9C80BF.d.F551CF48CB6F00274BC475648DF4B834.e.17224"}]}
COMMAND: POST /session/47a0cfcb1b688bc57e33978b59aaa3c6/execute/sync - {"script":"<script> [5351 bytes]","args":[{"element-6066-11e4-a52e-4f735466cecf":"f.B7EBD3B9E1BF342B1CF0F76B0C9C80BF.d.F551CF48CB6F00274BC475648DF4B834.e.17224","ELEMENT":"f.B7EBD3B9E1BF342B1CF0F76B0C9C80BF.d.F551CF48CB6F00274BC475648DF4B834.e.17224"}]}
COMMAND: GET /session/47a0cfcb1b688bc57e33978b59aaa3c6/screenshot - {}
RESULT: {}
RESULT: {"script":"<script> [5351 bytes]","args":[{"element-6066-11e4-a52e-4f735466cecf":"f.B7EBD3B9E1BF342B1CF0F76B0C9C80BF.d.F551CF48CB6F00274BC475648DF4B834.e.17224","ELEMENT":"f.B7EBD3B9E1BF342B1CF0F76B0C9C80BF.d.F551CF48CB6F00274BC475648DF4B834.e.17224"}]}
COMMAND: POST /session/47a0cfcb1b688bc57e33978b59aaa3c6/element/f.B7EBD3B9E1BF342B1CF0F76B0C9C80BF.d.F551CF48CB6F00274BC475648DF4B834.e.17224/click - {}
COMMAND: GET /session/47a0cfcb1b688bc57e33978b59aaa3c6/screenshot - {}
RESULT: {}
RESULT: {}
COMMAND: GET /session/47a0cfcb1b688bc57e33978b59aaa3c6/screenshot - {}
RESULT: {}
RESULT: {}
COMMAND: POST /session/47a0cfcb1b688bc57e33978b59aaa3c6/execute/async - {"script":"<script> [1562 bytes]","args":[{"selector":{"id":"application-manageresources-display-component---newResourceUnit--TYPE-arrow"},"wdio_ui5_key":"applicationmanageresources-display-component---newResourceUnit--TYPE-arrow"}]}
RESULT: {"script":"<script> [1562 bytes]","args":[{"selector":{"id":"application-manageresources-display-component---newResourceUnit--TYPE-arrow"},"wdio_ui5_key":"applicationmanageresources-display-component---newResourceUnit--TYPE-arrow"}]}
RESULT: undefined
COMMAND: POST /session/47a0cfcb1b688bc57e33978b59aaa3c6/element - {"using":"xpath","value":"//*[@id=\"application-manageresources-display-component---newResourceUnit--TYPE-arrow\"]"}
RESULT: {"using":"xpath","value":"//*[@id=\"application-manageresources-display-component---newResourceUnit--TYPE-arrow\"]"}
COMMAND: POST /session/47a0cfcb1b688bc57e33978b59aaa3c6/element/f.B7EBD3B9E1BF342B1CF0F76B0C9C80BF.d.F551CF48CB6F00274BC475648DF4B834.e.17587/click - {}
RESULT: {}
COMMAND: POST /session/47a0cfcb1b688bc57e33978b59aaa3c6/element - {"using":"xpath","value":"//input[@id=\"application-manageresources-display-component---newResourceUnit--TYPE-inner\"]"}
COMMAND: GET /session/47a0cfcb1b688bc57e33978b59aaa3c6/screenshot - {}
RESULT: {"using":"xpath","value":"//input[@id=\"application-manageresources-display-component---newResourceUnit--TYPE-inner\"]"}
COMMAND: POST /session/47a0cfcb1b688bc57e33978b59aaa3c6/element/f.B7EBD3B9E1BF342B1CF0F76B0C9C80BF.d.F551CF48CB6F00274BC475648DF4B834.e.17577/clear - {}
RESULT: {}
RESULT: {}
COMMAND: POST /session/47a0cfcb1b688bc57e33978b59aaa3c6/element/f.B7EBD3B9E1BF342B1CF0F76B0C9C80BF.d.F551CF48CB6F00274BC475648DF4B834.e.17577/value - {"text":"Material"}
COMMAND: GET /session/47a0cfcb1b688bc57e33978b59aaa3c6/screenshot - {}
RESULT: {"text":"Material"}
COMMAND: GET /session/47a0cfcb1b688bc57e33978b59aaa3c6/screenshot - {}
RESULT: {}
RESULT: {}
COMMAND: POST /session/47a0cfcb1b688bc57e33978b59aaa3c6/actions - {"actions":[{"id":"action54","type":"key","parameters":{},"actions":[{"type":"keyDown","value":"î€‡"},{"type":"pause","duration":10},{"type":"keyUp","value":"î€‡"}]}]}
RESULT: {"actions":[{"id":"action54","type":"key","parameters":{},"actions":[{"type":"keyDown","value":"î€‡"},{"type":"pause","duration":10},{"type":"keyUp","value":"î€‡"}]}]}
COMMAND: POST /session/47a0cfcb1b688bc57e33978b59aaa3c6/execute/async - {"script":"<script> [1562 bytes]","args":[{"selector":{"id":"application-manageresources-display-component---newResourceUnit--SHORT_TEXT","interaction":{"idSuffix":"inner"}},"wdio_ui5_key":"applicationmanageresources-display-component---newResourceUnit--SHORT_TEXT"}]}
COMMAND: GET /session/47a0cfcb1b688bc57e33978b59aaa3c6/screenshot - {}
RESULT: {"script":"<script> [1562 bytes]","args":[{"selector":{"id":"application-manageresources-display-component---newResourceUnit--SHORT_TEXT","interaction":{"idSuffix":"inner"}},"wdio_ui5_key":"applicationmanageresources-display-component---newResourceUnit--SHORT_TEXT"}]}
RESULT: undefined
COMMAND: POST /session/47a0cfcb1b688bc57e33978b59aaa3c6/execute/async - {"script":"<script> [776 bytes]","args":[{"enterText":"Cement WDIO","selector":{"id":"application-manageresources-display-component---newResourceUnit--SHORT_TEXT","interaction":{"idSuffix":"inner"}},"clearTextFirst":true,"interactionType":"ENTER_TEXT"}]}
RESULT: {}
RESULT: {"script":"<script> [776 bytes]","args":[{"enterText":"Cement WDIO","selector":{"id":"application-manageresources-display-component---newResourceUnit--SHORT_TEXT","interaction":{"idSuffix":"inner"}},"clearTextFirst":true,"interactionType":"ENTER_TEXT"}]}
COMMAND: POST /session/47a0cfcb1b688bc57e33978b59aaa3c6/execute/async - {"script":"<script> [1562 bytes]","args":[{"selector":{"id":"application-manageresources-display-component---newResourceUnit--BASE_UNIT_OF_MEASURE","interaction":{"idSuffix":"inner"}},"wdio_ui5_key":"applicationmanageresources-display-component---newResourceUnit--BASE_UNIT_OF_MEASURE"}]}
RESULT: {"script":"<script> [1562 bytes]","args":[{"selector":{"id":"application-manageresources-display-component---newResourceUnit--BASE_UNIT_OF_MEASURE","interaction":{"idSuffix":"inner"}},"wdio_ui5_key":"applicationmanageresources-display-component---newResourceUnit--BASE_UNIT_OF_MEASURE"}]}
RESULT: undefined
COMMAND: POST /session/47a0cfcb1b688bc57e33978b59aaa3c6/execute/async - {"script":"<script> [776 bytes]","args":[{"enterText":"Piece","selector":{"id":"application-manageresources-display-component---newResourceUnit--BASE_UNIT_OF_MEASURE","interaction":{"idSuffix":"inner"}},"clearTextFirst":true,"interactionType":"ENTER_TEXT"}]}
RESULT: {"script":"<script> [776 bytes]","args":[{"enterText":"Piece","selector":{"id":"application-manageresources-display-component---newResourceUnit--BASE_UNIT_OF_MEASURE","interaction":{"idSuffix":"inner"}},"clearTextFirst":true,"interactionType":"ENTER_TEXT"}]}
COMMAND: POST /session/47a0cfcb1b688bc57e33978b59aaa3c6/execute/async - {"script":"<script> [1562 bytes]","args":[{"selector":{"id":"application-manageresources-display-component---newResourceUnit--WEIGHT_UNIT","interaction":{"idSuffix":"inner"}},"wdio_ui5_key":"applicationmanageresources-display-component---newResourceUnit--WEIGHT_UNIT"}]}
RESULT: {"script":"<script> [1562 bytes]","args":[{"selector":{"id":"application-manageresources-display-component---newResourceUnit--WEIGHT_UNIT","interaction":{"idSuffix":"inner"}},"wdio_ui5_key":"applicationmanageresources-display-component---newResourceUnit--WEIGHT_UNIT"}]}
RESULT: undefined
COMMAND: POST /session/47a0cfcb1b688bc57e33978b59aaa3c6/execute/async - {"script":"<script> [776 bytes]","args":[{"enterText":"Gram","selector":{"id":"application-manageresources-display-component---newResourceUnit--WEIGHT_UNIT","interaction":{"idSuffix":"inner"}},"clearTextFirst":true,"interactionType":"ENTER_TEXT"}]}
RESULT: {"script":"<script> [776 bytes]","args":[{"enterText":"Gram","selector":{"id":"application-manageresources-display-component---newResourceUnit--WEIGHT_UNIT","interaction":{"idSuffix":"inner"}},"clearTextFirst":true,"interactionType":"ENTER_TEXT"}]}
COMMAND: POST /session/47a0cfcb1b688bc57e33978b59aaa3c6/execute/async - {"script":"<script> [1562 bytes]","args":[{"selector":{"id":"application-manageresources-display-component---newResourceUnit--DIMENSION_UNIT","interaction":{"idSuffix":"inner"}},"wdio_ui5_key":"applicationmanageresources-display-component---newResourceUnit--DIMENSION_UNIT"}]}
RESULT: {"script":"<script> [1562 bytes]","args":[{"selector":{"id":"application-manageresources-display-component---newResourceUnit--DIMENSION_UNIT","interaction":{"idSuffix":"inner"}},"wdio_ui5_key":"applicationmanageresources-display-component---newResourceUnit--DIMENSION_UNIT"}]}
RESULT: undefined
COMMAND: POST /session/47a0cfcb1b688bc57e33978b59aaa3c6/execute/async - {"script":"<script> [776 bytes]","args":[{"enterText":"Meter","selector":{"id":"application-manageresources-display-component---newResourceUnit--DIMENSION_UNIT","interaction":{"idSuffix":"inner"}},"clearTextFirst":true,"interactionType":"ENTER_TEXT"}]}
RESULT: {"script":"<script> [776 bytes]","args":[{"enterText":"Meter","selector":{"id":"application-manageresources-display-component---newResourceUnit--DIMENSION_UNIT","interaction":{"idSuffix":"inner"}},"clearTextFirst":true,"interactionType":"ENTER_TEXT"}]}
COMMAND: POST /session/47a0cfcb1b688bc57e33978b59aaa3c6/execute/async - {"script":"<script> [1562 bytes]","args":[{"selector":{"id":"application-manageresources-display-component---newResourceUnit--newRRUPage-anchBar-application-manageresources-display-component---newResourceUnit--control-anchor","interaction":{"idSuffix":"BDI-content"}},"wdio_ui5_key":"applicationmanageresources-display-component---newResourceUnit--newRRUPage-anchBar-application-manageresources-display-component---newResourceUnit--control-anchor"}]}
RESULT: {"script":"<script> [1562 bytes]","args":[{"selector":{"id":"application-manageresources-display-component---newResourceUnit--newRRUPage-anchBar-application-manageresources-display-component---newResourceUnit--control-anchor","interaction":{"idSuffix":"BDI-content"}},"wdio_ui5_key":"applicationmanageresources-display-component---newResourceUnit--newRRUPage-anchBar-application-manageresources-display-component---newResourceUnit--control-anchor"}]}
RESULT: undefined
COMMAND: POST /session/47a0cfcb1b688bc57e33978b59aaa3c6/element - {"using":"xpath","value":"//*[@id=\"application-manageresources-display-component---newResourceUnit--newRRUPage-anchBar-application-manageresources-display-component---newResourceUnit--control-anchor\"]"}
RESULT: {"using":"xpath","value":"//*[@id=\"application-manageresources-display-component---newResourceUnit--newRRUPage-anchBar-application-manageresources-display-component---newResourceUnit--control-anchor\"]"}
COMMAND: POST /session/47a0cfcb1b688bc57e33978b59aaa3c6/element/f.B7EBD3B9E1BF342B1CF0F76B0C9C80BF.d.F551CF48CB6F00274BC475648DF4B834.e.17653/click - {}
RESULT: {}
COMMAND: POST /session/47a0cfcb1b688bc57e33978b59aaa3c6/execute/async - {"script":"<script> [1562 bytes]","args":[{"selector":{"id":"application-manageresources-display-component---newResourceUnit--PLANNING_GROUP","interaction":{"idSuffix":"inner"}},"wdio_ui5_key":"applicationmanageresources-display-component---newResourceUnit--PLANNING_GROUP"}]}
COMMAND: GET /session/47a0cfcb1b688bc57e33978b59aaa3c6/screenshot - {}
RESULT: {"script":"<script> [1562 bytes]","args":[{"selector":{"id":"application-manageresources-display-component---newResourceUnit--PLANNING_GROUP","interaction":{"idSuffix":"inner"}},"wdio_ui5_key":"applicationmanageresources-display-component---newResourceUnit--PLANNING_GROUP"}]}
RESULT: undefined
COMMAND: POST /session/47a0cfcb1b688bc57e33978b59aaa3c6/execute/async - {"script":"<script> [776 bytes]","args":[{"enterText":"Material","selector":{"id":"application-manageresources-display-component---newResourceUnit--PLANNING_GROUP","interaction":{"idSuffix":"inner"}},"clearTextFirst":true,"interactionType":"ENTER_TEXT"}]}
RESULT: {}
RESULT: {"script":"<script> [776 bytes]","args":[{"enterText":"Material","selector":{"id":"application-manageresources-display-component---newResourceUnit--PLANNING_GROUP","interaction":{"idSuffix":"inner"}},"clearTextFirst":true,"interactionType":"ENTER_TEXT"}]}
COMMAND: POST /session/47a0cfcb1b688bc57e33978b59aaa3c6/execute/async - {"script":"<script> [1562 bytes]","args":[{"selector":{"id":"application-manageresources-display-component---newResourceUnit--PLANNING_INDICATOR","interaction":{"idSuffix":"inner"}},"wdio_ui5_key":"applicationmanageresources-display-component---newResourceUnit--PLANNING_INDICATOR"}]}
RESULT: {"script":"<script> [1562 bytes]","args":[{"selector":{"id":"application-manageresources-display-component---newResourceUnit--PLANNING_INDICATOR","interaction":{"idSuffix":"inner"}},"wdio_ui5_key":"applicationmanageresources-display-component---newResourceUnit--PLANNING_INDICATOR"}]}
RESULT: undefined
COMMAND: POST /session/47a0cfcb1b688bc57e33978b59aaa3c6/execute/async - {"script":"<script> [776 bytes]","args":[{"enterText":"10 - infinite","selector":{"id":"application-manageresources-display-component---newResourceUnit--PLANNING_INDICATOR","interaction":{"idSuffix":"inner"}},"clearTextFirst":true,"interactionType":"ENTER_TEXT"}]}
RESULT: {"script":"<script> [776 bytes]","args":[{"enterText":"10 - infinite","selector":{"id":"application-manageresources-display-component---newResourceUnit--PLANNING_INDICATOR","interaction":{"idSuffix":"inner"}},"clearTextFirst":true,"interactionType":"ENTER_TEXT"}]}
COMMAND: POST /session/47a0cfcb1b688bc57e33978b59aaa3c6/element - {"using":"css selector","value":"#application-manageresources-display-component---newResourceUnit--btnAddTimeSegment"}
RESULT: {"using":"css selector","value":"#application-manageresources-display-component---newResourceUnit--btnAddTimeSegment"}
COMMAND: GET /session/47a0cfcb1b688bc57e33978b59aaa3c6/element/f.B7EBD3B9E1BF342B1CF0F76B0C9C80BF.d.F551CF48CB6F00274BC475648DF4B834.e.17661/rect - {}
RESULT: {}
COMMAND: GET /session/47a0cfcb1b688bc57e33978b59aaa3c6/window/rect - {}
RESULT: {}
COMMAND: POST /session/47a0cfcb1b688bc57e33978b59aaa3c6/execute/sync - {"script":"<script> [92 bytes]","args":[]}
RESULT: {"script":"<script> [92 bytes]","args":[]}
COMMAND: POST /session/47a0cfcb1b688bc57e33978b59aaa3c6/actions - {"actions":[{"id":"action55","type":"wheel","parameters":{},"actions":[{"type":"scroll","x":-1888,"y":-32,"deltaX":0,"deltaY":0,"duration":0,"origin":{"element-6066-11e4-a52e-4f735466cecf":"f.B7EBD3B9E1BF342B1CF0F76B0C9C80BF.d.F551CF48CB6F00274BC475648DF4B834.e.17661"}}]}]}
COMMAND: GET /session/47a0cfcb1b688bc57e33978b59aaa3c6/screenshot - {}
RESULT: {}
COMMAND: POST /session/47a0cfcb1b688bc57e33978b59aaa3c6/execute/sync - {"script":"<script> [79 bytes]","args":[{"element-6066-11e4-a52e-4f735466cecf":"f.B7EBD3B9E1BF342B1CF0F76B0C9C80BF.d.F551CF48CB6F00274BC475648DF4B834.e.17661","ELEMENT":"f.B7EBD3B9E1BF342B1CF0F76B0C9C80BF.d.F551CF48CB6F00274BC475648DF4B834.e.17661"},{"block":"start","inline":"nearest"}]}
RESULT: {"script":"<script> [79 bytes]","args":[{"element-6066-11e4-a52e-4f735466cecf":"f.B7EBD3B9E1BF342B1CF0F76B0C9C80BF.d.F551CF48CB6F00274BC475648DF4B834.e.17661","ELEMENT":"f.B7EBD3B9E1BF342B1CF0F76B0C9C80BF.d.F551CF48CB6F00274BC475648DF4B834.e.17661"},{"block":"start","inline":"nearest"}]}
COMMAND: POST /session/47a0cfcb1b688bc57e33978b59aaa3c6/execute/async - {"script":"<script> [1562 bytes]","args":[{"selector":{"id":"application-manageresources-display-component---newResourceUnit--btnAddTimeSegment","interaction":{"idSuffix":"inner"}},"wdio_ui5_key":"applicationmanageresources-display-component---newResourceUnit--btnAddTimeSegment"}]}
COMMAND: GET /session/47a0cfcb1b688bc57e33978b59aaa3c6/screenshot - {}
RESULT: {"script":"<script> [1562 bytes]","args":[{"selector":{"id":"application-manageresources-display-component---newResourceUnit--btnAddTimeSegment","interaction":{"idSuffix":"inner"}},"wdio_ui5_key":"applicationmanageresources-display-component---newResourceUnit--btnAddTimeSegment"}]}
RESULT: undefined
COMMAND: POST /session/47a0cfcb1b688bc57e33978b59aaa3c6/element - {"using":"xpath","value":"//*[@id=\"application-manageresources-display-component---newResourceUnit--btnAddTimeSegment\"]"}
RESULT: {}
RESULT: {"using":"xpath","value":"//*[@id=\"application-manageresources-display-component---newResourceUnit--btnAddTimeSegment\"]"}
COMMAND: POST /session/47a0cfcb1b688bc57e33978b59aaa3c6/element/f.B7EBD3B9E1BF342B1CF0F76B0C9C80BF.d.F551CF48CB6F00274BC475648DF4B834.e.17661/click - {}
RESULT: {}
COMMAND: GET /session/47a0cfcb1b688bc57e33978b59aaa3c6/screenshot - {}
RESULT: {}
COMMAND: POST /session/47a0cfcb1b688bc57e33978b59aaa3c6/element - {"using":"xpath","value":"//input[@id=\"application-manageresources-display-component---newResourceUnit--idRuTSAdmin-application-manageresources-display-component---newResourceUnit--RUTimeSegment-0-inner\"]"}
RESULT: {"using":"xpath","value":"//input[@id=\"application-manageresources-display-component---newResourceUnit--idRuTSAdmin-application-manageresources-display-component---newResourceUnit--RUTimeSegment-0-inner\"]"}
COMMAND: POST /session/47a0cfcb1b688bc57e33978b59aaa3c6/element/f.B7EBD3B9E1BF342B1CF0F76B0C9C80BF.d.F551CF48CB6F00274BC475648DF4B834.e.17666/clear - {}
RESULT: {}
COMMAND: POST /session/47a0cfcb1b688bc57e33978b59aaa3c6/element/f.B7EBD3B9E1BF342B1CF0F76B0C9C80BF.d.F551CF48CB6F00274BC475648DF4B834.e.17666/value - {"text":"590"}
COMMAND: GET /session/47a0cfcb1b688bc57e33978b59aaa3c6/screenshot - {}
RESULT: {"text":"590"}
COMMAND: GET /session/47a0cfcb1b688bc57e33978b59aaa3c6/screenshot - {}
RESULT: {}
RESULT: {}
COMMAND: POST /session/47a0cfcb1b688bc57e33978b59aaa3c6/element - {"using":"xpath","value":"//li[.//span[text()='590']]"}
RESULT: {"using":"xpath","value":"//li[.//span[text()='590']]"}
COMMAND: POST /session/47a0cfcb1b688bc57e33978b59aaa3c6/element/f.B7EBD3B9E1BF342B1CF0F76B0C9C80BF.d.F551CF48CB6F00274BC475648DF4B834.e.17677/click - {}
RESULT: {}
COMMAND: GET /session/47a0cfcb1b688bc57e33978b59aaa3c6/screenshot - {}
RESULT: {}
COMMAND: POST /session/47a0cfcb1b688bc57e33978b59aaa3c6/element - {"using":"xpath","value":"(//span[contains(@id, \"-application-manageresources-display-component---newResourceUnit--RUTimeSegment-0-arrow\")])[2]"}
RESULT: {"using":"xpath","value":"(//span[contains(@id, \"-application-manageresources-display-component---newResourceUnit--RUTimeSegment-0-arrow\")])[2]"}
COMMAND: POST /session/47a0cfcb1b688bc57e33978b59aaa3c6/element/f.B7EBD3B9E1BF342B1CF0F76B0C9C80BF.d.F551CF48CB6F00274BC475648DF4B834.e.17678/click - {}
RESULT: {}
COMMAND: POST /session/47a0cfcb1b688bc57e33978b59aaa3c6/element - {"using":"xpath","value":"//span[contains(text(), \"PM Order\")]"}
COMMAND: GET /session/47a0cfcb1b688bc57e33978b59aaa3c6/screenshot - {}
RESULT: {"using":"xpath","value":"//span[contains(text(), \"PM Order\")]"}
COMMAND: POST /session/47a0cfcb1b688bc57e33978b59aaa3c6/element/f.B7EBD3B9E1BF342B1CF0F76B0C9C80BF.d.F551CF48CB6F00274BC475648DF4B834.e.17679/click - {}
RESULT: {}
RESULT: {}
COMMAND: GET /session/47a0cfcb1b688bc57e33978b59aaa3c6/screenshot - {}
RESULT: {}
COMMAND: POST /session/47a0cfcb1b688bc57e33978b59aaa3c6/element - {"using":"xpath","value":"//td/div/div/div/span[contains(@id, \"newResourceUnit--RUTimeSegment-0-vhi\")][1]"}
RESULT: {"using":"xpath","value":"//td/div/div/div/span[contains(@id, \"newResourceUnit--RUTimeSegment-0-vhi\")][1]"}
COMMAND: GET /session/47a0cfcb1b688bc57e33978b59aaa3c6/element/f.B7EBD3B9E1BF342B1CF0F76B0C9C80BF.d.F551CF48CB6F00274BC475648DF4B834.e.17683/rect - {}
RESULT: {}
COMMAND: GET /session/47a0cfcb1b688bc57e33978b59aaa3c6/window/rect - {}
RESULT: {}
COMMAND: POST /session/47a0cfcb1b688bc57e33978b59aaa3c6/execute/sync - {"script":"<script> [92 bytes]","args":[]}
RESULT: {"script":"<script> [92 bytes]","args":[]}
COMMAND: POST /session/47a0cfcb1b688bc57e33978b59aaa3c6/actions - {"actions":[{"id":"action56","type":"wheel","parameters":{},"actions":[{"type":"scroll","x":-1888,"y":-24,"deltaX":0,"deltaY":0,"duration":0,"origin":{"element-6066-11e4-a52e-4f735466cecf":"f.B7EBD3B9E1BF342B1CF0F76B0C9C80BF.d.F551CF48CB6F00274BC475648DF4B834.e.17683"}}]}]}
COMMAND: GET /session/47a0cfcb1b688bc57e33978b59aaa3c6/screenshot - {}
RESULT: {}
COMMAND: POST /session/47a0cfcb1b688bc57e33978b59aaa3c6/execute/sync - {"script":"<script> [79 bytes]","args":[{"element-6066-11e4-a52e-4f735466cecf":"f.B7EBD3B9E1BF342B1CF0F76B0C9C80BF.d.F551CF48CB6F00274BC475648DF4B834.e.17683","ELEMENT":"f.B7EBD3B9E1BF342B1CF0F76B0C9C80BF.d.F551CF48CB6F00274BC475648DF4B834.e.17683"},{"block":"start","inline":"nearest"}]}
RESULT: {"script":"<script> [79 bytes]","args":[{"element-6066-11e4-a52e-4f735466cecf":"f.B7EBD3B9E1BF342B1CF0F76B0C9C80BF.d.F551CF48CB6F00274BC475648DF4B834.e.17683","ELEMENT":"f.B7EBD3B9E1BF342B1CF0F76B0C9C80BF.d.F551CF48CB6F00274BC475648DF4B834.e.17683"},{"block":"start","inline":"nearest"}]}
COMMAND: GET /session/47a0cfcb1b688bc57e33978b59aaa3c6/screenshot - {}
RESULT: {}
COMMAND: POST /session/47a0cfcb1b688bc57e33978b59aaa3c6/element/f.B7EBD3B9E1BF342B1CF0F76B0C9C80BF.d.F551CF48CB6F00274BC475648DF4B834.e.17683/click - {}
RESULT: {}
COMMAND: GET /session/47a0cfcb1b688bc57e33978b59aaa3c6/screenshot - {}
RESULT: {}
COMMAND: POST /session/47a0cfcb1b688bc57e33978b59aaa3c6/execute/async - {"script":"<script> [1562 bytes]","args":[{"selector":{"controlType":"sap.m.SearchField","properties":{"placeholder":"Search"},"searchOpenDialogs":true,"interaction":{"idSuffix":"I"}},"wdio_ui5_key":"sapm.SearchField{\"placeholder\":\"Search\"}"}]}
RESULT: {"script":"<script> [1562 bytes]","args":[{"selector":{"controlType":"sap.m.SearchField","properties":{"placeholder":"Search"},"searchOpenDialogs":true,"interaction":{"idSuffix":"I"}},"wdio_ui5_key":"sapm.SearchField{\"placeholder\":\"Search\"}"}]}
RESULT: undefined
COMMAND: POST /session/47a0cfcb1b688bc57e33978b59aaa3c6/execute/async - {"script":"<script> [776 bytes]","args":[{"enterText":"4000360","selector":{"controlType":"sap.m.SearchField","properties":{"placeholder":"Search"},"searchOpenDialogs":true,"interaction":{"idSuffix":"I"}},"clearTextFirst":true,"interactionType":"ENTER_TEXT"}]}
RESULT: {"script":"<script> [776 bytes]","args":[{"enterText":"4000360","selector":{"controlType":"sap.m.SearchField","properties":{"placeholder":"Search"},"searchOpenDialogs":true,"interaction":{"idSuffix":"I"}},"clearTextFirst":true,"interactionType":"ENTER_TEXT"}]}
COMMAND: POST /session/47a0cfcb1b688bc57e33978b59aaa3c6/actions - {"actions":[{"id":"action57","type":"key","parameters":{},"actions":[{"type":"keyDown","value":"î€‡"},{"type":"pause","duration":10},{"type":"keyUp","value":"î€‡"}]}]}
RESULT: {"actions":[{"id":"action57","type":"key","parameters":{},"actions":[{"type":"keyDown","value":"î€‡"},{"type":"pause","duration":10},{"type":"keyUp","value":"î€‡"}]}]}
COMMAND: GET /session/47a0cfcb1b688bc57e33978b59aaa3c6/screenshot - {}
RESULT: {}
COMMAND: POST /session/47a0cfcb1b688bc57e33978b59aaa3c6/element - {"using":"xpath","value":"//td/div/span[contains(text(), \"BGL Vehicles\")]"}
RESULT: {"using":"xpath","value":"//td/div/span[contains(text(), \"BGL Vehicles\")]"}
COMMAND: POST /session/47a0cfcb1b688bc57e33978b59aaa3c6/element/f.B7EBD3B9E1BF342B1CF0F76B0C9C80BF.d.F551CF48CB6F00274BC475648DF4B834.e.17703/click - {}
RESULT: {}
COMMAND: GET /session/47a0cfcb1b688bc57e33978b59aaa3c6/screenshot - {}
RESULT: {}
COMMAND: POST /session/47a0cfcb1b688bc57e33978b59aaa3c6/element - {"using":"xpath","value":"//bdi[contains(text(), \"OK\")]"}
RESULT: {"using":"xpath","value":"//bdi[contains(text(), \"OK\")]"}
COMMAND: POST /session/47a0cfcb1b688bc57e33978b59aaa3c6/element/f.B7EBD3B9E1BF342B1CF0F76B0C9C80BF.d.F551CF48CB6F00274BC475648DF4B834.e.17704/click - {}
RESULT: {}
COMMAND: GET /session/47a0cfcb1b688bc57e33978b59aaa3c6/screenshot - {}
RESULT: {}
COMMAND: POST /session/47a0cfcb1b688bc57e33978b59aaa3c6/element - {"using":"xpath","value":"//label[contains(@class, 'sapMLabelRequired') and .//bdi[contains(text(), 'Planned Retirement')]]"}
RESULT: {"using":"xpath","value":"//label[contains(@class, 'sapMLabelRequired') and .//bdi[contains(text(), 'Planned Retirement')]]"}
COMMAND: POST /session/47a0cfcb1b688bc57e33978b59aaa3c6/elements - {"using":"xpath","value":"//label[contains(@class, 'sapMLabelRequired') and .//bdi[contains(text(), 'Planned Retirement')]]"}
RESULT: {"using":"xpath","value":"//label[contains(@class, 'sapMLabelRequired') and .//bdi[contains(text(), 'Planned Retirement')]]"}
COMMAND: POST /session/47a0cfcb1b688bc57e33978b59aaa3c6/element - {"using":"xpath","value":"//button[@data-kt=\"resourceUnitSaveButton\"]"}
RESULT: {"using":"xpath","value":"//button[@data-kt=\"resourceUnitSaveButton\"]"}
COMMAND: POST /session/47a0cfcb1b688bc57e33978b59aaa3c6/element/f.B7EBD3B9E1BF342B1CF0F76B0C9C80BF.d.F551CF48CB6F00274BC475648DF4B834.e.17605/click - {}
RESULT: {}
COMMAND: GET /session/47a0cfcb1b688bc57e33978b59aaa3c6/screenshot - {}
RESULT: {}
COMMAND: POST /session/47a0cfcb1b688bc57e33978b59aaa3c6/element - {"using":"xpath","value":"//bdi[contains(text(), \"Close\")]"}
RESULT: {"using":"xpath","value":"//bdi[contains(text(), \"Close\")]"}
COMMAND: POST /session/47a0cfcb1b688bc57e33978b59aaa3c6/element/f.B7EBD3B9E1BF342B1CF0F76B0C9C80BF.d.F551CF48CB6F00274BC475648DF4B834.e.17710/click - {}
RESULT: {}
COMMAND: GET /session/47a0cfcb1b688bc57e33978b59aaa3c6/screenshot - {}
RESULT: {}
COMMAND: POST /session/47a0cfcb1b688bc57e33978b59aaa3c6/element - {"using":"xpath","value":"//header[contains(@id, 'detailRruPage-headerTitle')]/div[1]/div[2]/div[2]/span[1]"}
RESULT: {"using":"xpath","value":"//header[contains(@id, 'detailRruPage-headerTitle')]/div[1]/div[2]/div[2]/span[1]"}
COMMAND: POST /session/47a0cfcb1b688bc57e33978b59aaa3c6/elements - {"using":"xpath","value":"//header[contains(@id, 'detailRruPage-headerTitle')]/div[1]/div[2]/div[2]/span[1]"}
RESULT: {"using":"xpath","value":"//header[contains(@id, 'detailRruPage-headerTitle')]/div[1]/div[2]/div[2]/span[1]"}
COMMAND: POST /session/47a0cfcb1b688bc57e33978b59aaa3c6/execute/sync - {"script":"<script> [56 bytes]","args":[{"element-6066-11e4-a52e-4f735466cecf":"f.B7EBD3B9E1BF342B1CF0F76B0C9C80BF.d.F551CF48CB6F00274BC475648DF4B834.e.17742","ELEMENT":"f.B7EBD3B9E1BF342B1CF0F76B0C9C80BF.d.F551CF48CB6F00274BC475648DF4B834.e.17742"}]}
RESULT: {"script":"<script> [56 bytes]","args":[{"element-6066-11e4-a52e-4f735466cecf":"f.B7EBD3B9E1BF342B1CF0F76B0C9C80BF.d.F551CF48CB6F00274BC475648DF4B834.e.17742","ELEMENT":"f.B7EBD3B9E1BF342B1CF0F76B0C9C80BF.d.F551CF48CB6F00274BC475648DF4B834.e.17742"}]}
COMMAND: POST /session/47a0cfcb1b688bc57e33978b59aaa3c6/element - {"using":"css selector","value":"#shell-header-logo"}
COMMAND: GET /session/47a0cfcb1b688bc57e33978b59aaa3c6/screenshot - {}
RESULT: {"using":"css selector","value":"#shell-header-logo"}
COMMAND: POST /session/47a0cfcb1b688bc57e33978b59aaa3c6/element/f.B7EBD3B9E1BF342B1CF0F76B0C9C80BF.d.F551CF48CB6F00274BC475648DF4B834.e.17194/click - {}
RESULT: {}
RESULT: {}
COMMAND: GET /session/47a0cfcb1b688bc57e33978b59aaa3c6/screenshot - {}
RESULT: {}
]]></system-out>
    </testcase>
    <testcase classname="chrome.136_0_7103_93.windows.Return_from_Site_w/_warehouse_management_w/_clarification_US125588" name="Bin Status Report Should Create New Organization yard" time="0.007" />
    <testcase classname="chrome.136_0_7103_93.windows.Return_from_Site_w/_warehouse_management_w/_clarification_US125588" name="Bin Status Report Should Create New Organization for Site" time="0.004" />
  </testsuite>
  <testsuite timestamp="2025-05-20T17:20:51" time="494.837" tests="7" failures="1" errors="1" skipped="0">
    <properties>
      <property name="specId" value="0" />
      <property name="suiteName" value="Return from Site w/ warehouse management w clarification" />
      <property name="capabilities" value="chrome.136_0_7103_93.windows" />
      <property name="file" value="file:///D:/a/1/s/test/specs/HTR/return-from-site-w-warehouse-management-w-clarification.spec.js" />
    </properties>
    <testcase classname="chrome.136_0_7103_93.windows.Return_from_Site_w/_warehouse_management_w_clarification" name="Should do a stock increase handover" time="95.559">
      <system-out><![CDATA[
COMMAND: POST /session/47a0cfcb1b688bc57e33978b59aaa3c6/execute/async - {"script":"<script> [1562 bytes]","args":[{"selector":{"controlType":"sap.m.GenericTile","properties":{"header":"Manage Handovers"}},"wdio_ui5_key":"sapm.GenericTile{\"header\":\"Manage Handovers\"}"}]}
RESULT: {"script":"<script> [1562 bytes]","args":[{"selector":{"controlType":"sap.m.GenericTile","properties":{"header":"Manage Handovers"}},"wdio_ui5_key":"sapm.GenericTile{\"header\":\"Manage Handovers\"}"}]}
RESULT: undefined
COMMAND: POST /session/47a0cfcb1b688bc57e33978b59aaa3c6/element - {"using":"xpath","value":"//*[@id=\"__tile133\"]"}
RESULT: {"using":"xpath","value":"//*[@id=\"__tile133\"]"}
COMMAND: POST /session/47a0cfcb1b688bc57e33978b59aaa3c6/element/f.B7EBD3B9E1BF342B1CF0F76B0C9C80BF.d.F551CF48CB6F00274BC475648DF4B834.e.17170/click - {}
RESULT: {}
COMMAND: GET /session/47a0cfcb1b688bc57e33978b59aaa3c6/screenshot - {}
RESULT: {}
COMMAND: POST /session/47a0cfcb1b688bc57e33978b59aaa3c6/elements - {"using":"xpath","value":"//span[text()='Error']"}
RESULT: {"using":"xpath","value":"//span[text()='Error']"}
COMMAND: POST /session/47a0cfcb1b688bc57e33978b59aaa3c6/element - {"using":"xpath","value":"//button[@data-kt=\"masterHOAddButton\"]"}
RESULT: {"using":"xpath","value":"//button[@data-kt=\"masterHOAddButton\"]"}
COMMAND: POST /session/47a0cfcb1b688bc57e33978b59aaa3c6/elements - {"using":"xpath","value":"//button[@data-kt=\"masterHOAddButton\"]"}
RESULT: {"using":"xpath","value":"//button[@data-kt=\"masterHOAddButton\"]"}
COMMAND: POST /session/47a0cfcb1b688bc57e33978b59aaa3c6/elements - {"using":"xpath","value":"//button[@data-kt=\"masterHOAddButton\"]"}
RESULT: {"using":"xpath","value":"//button[@data-kt=\"masterHOAddButton\"]"}
COMMAND: POST /session/47a0cfcb1b688bc57e33978b59aaa3c6/elements - {"using":"xpath","value":"//button[@data-kt=\"masterHOAddButton\"]"}
RESULT: {"using":"xpath","value":"//button[@data-kt=\"masterHOAddButton\"]"}
COMMAND: POST /session/47a0cfcb1b688bc57e33978b59aaa3c6/elements - {"using":"xpath","value":"//button[@data-kt=\"masterHOAddButton\"]"}
RESULT: {"using":"xpath","value":"//button[@data-kt=\"masterHOAddButton\"]"}
COMMAND: POST /session/47a0cfcb1b688bc57e33978b59aaa3c6/elements - {"using":"xpath","value":"//button[@data-kt=\"masterHOAddButton\"]"}
RESULT: {"using":"xpath","value":"//button[@data-kt=\"masterHOAddButton\"]"}
COMMAND: POST /session/47a0cfcb1b688bc57e33978b59aaa3c6/elements - {"using":"xpath","value":"//button[@data-kt=\"masterHOAddButton\"]"}
RESULT: {"using":"xpath","value":"//button[@data-kt=\"masterHOAddButton\"]"}
COMMAND: POST /session/47a0cfcb1b688bc57e33978b59aaa3c6/elements - {"using":"xpath","value":"//button[@data-kt=\"masterHOAddButton\"]"}
RESULT: {"using":"xpath","value":"//button[@data-kt=\"masterHOAddButton\"]"}
COMMAND: POST /session/47a0cfcb1b688bc57e33978b59aaa3c6/elements - {"using":"xpath","value":"//button[@data-kt=\"masterHOAddButton\"]"}
RESULT: {"using":"xpath","value":"//button[@data-kt=\"masterHOAddButton\"]"}
COMMAND: POST /session/47a0cfcb1b688bc57e33978b59aaa3c6/elements - {"using":"xpath","value":"//button[@data-kt=\"masterHOAddButton\"]"}
RESULT: {"using":"xpath","value":"//button[@data-kt=\"masterHOAddButton\"]"}
COMMAND: POST /session/47a0cfcb1b688bc57e33978b59aaa3c6/elements - {"using":"xpath","value":"//button[@data-kt=\"masterHOAddButton\"]"}
RESULT: {"using":"xpath","value":"//button[@data-kt=\"masterHOAddButton\"]"}
COMMAND: POST /session/47a0cfcb1b688bc57e33978b59aaa3c6/element - {"using":"xpath","value":"//button[@data-kt=\"masterHOAddButton\"]"}
RESULT: {"using":"xpath","value":"//button[@data-kt=\"masterHOAddButton\"]"}
COMMAND: POST /session/47a0cfcb1b688bc57e33978b59aaa3c6/execute/sync - {"script":"<script> [8489 bytes]","args":[{"element-6066-11e4-a52e-4f735466cecf":"f.B7EBD3B9E1BF342B1CF0F76B0C9C80BF.d.F551CF48CB6F00274BC475648DF4B834.e.17770","ELEMENT":"f.B7EBD3B9E1BF342B1CF0F76B0C9C80BF.d.F551CF48CB6F00274BC475648DF4B834.e.17770"}]}
RESULT: {"script":"<script> [8489 bytes]","args":[{"element-6066-11e4-a52e-4f735466cecf":"f.B7EBD3B9E1BF342B1CF0F76B0C9C80BF.d.F551CF48CB6F00274BC475648DF4B834.e.17770","ELEMENT":"f.B7EBD3B9E1BF342B1CF0F76B0C9C80BF.d.F551CF48CB6F00274BC475648DF4B834.e.17770"}]}
COMMAND: GET /session/47a0cfcb1b688bc57e33978b59aaa3c6/element/f.B7EBD3B9E1BF342B1CF0F76B0C9C80BF.d.F551CF48CB6F00274BC475648DF4B834.e.17770/enabled - {}
COMMAND: GET /session/47a0cfcb1b688bc57e33978b59aaa3c6/screenshot - {}
RESULT: {}
COMMAND: POST /session/47a0cfcb1b688bc57e33978b59aaa3c6/execute/sync - {"script":"<script> [8489 bytes]","args":[{"element-6066-11e4-a52e-4f735466cecf":"f.B7EBD3B9E1BF342B1CF0F76B0C9C80BF.d.F551CF48CB6F00274BC475648DF4B834.e.17770","ELEMENT":"f.B7EBD3B9E1BF342B1CF0F76B0C9C80BF.d.F551CF48CB6F00274BC475648DF4B834.e.17770"}]}
COMMAND: GET /session/47a0cfcb1b688bc57e33978b59aaa3c6/screenshot - {}
RESULT: {}
RESULT: {"script":"<script> [8489 bytes]","args":[{"element-6066-11e4-a52e-4f735466cecf":"f.B7EBD3B9E1BF342B1CF0F76B0C9C80BF.d.F551CF48CB6F00274BC475648DF4B834.e.17770","ELEMENT":"f.B7EBD3B9E1BF342B1CF0F76B0C9C80BF.d.F551CF48CB6F00274BC475648DF4B834.e.17770"}]}
COMMAND: POST /session/47a0cfcb1b688bc57e33978b59aaa3c6/execute/sync - {"script":"<script> [5351 bytes]","args":[{"element-6066-11e4-a52e-4f735466cecf":"f.B7EBD3B9E1BF342B1CF0F76B0C9C80BF.d.F551CF48CB6F00274BC475648DF4B834.e.17770","ELEMENT":"f.B7EBD3B9E1BF342B1CF0F76B0C9C80BF.d.F551CF48CB6F00274BC475648DF4B834.e.17770"}]}
COMMAND: GET /session/47a0cfcb1b688bc57e33978b59aaa3c6/screenshot - {}
RESULT: {}
RESULT: {"script":"<script> [5351 bytes]","args":[{"element-6066-11e4-a52e-4f735466cecf":"f.B7EBD3B9E1BF342B1CF0F76B0C9C80BF.d.F551CF48CB6F00274BC475648DF4B834.e.17770","ELEMENT":"f.B7EBD3B9E1BF342B1CF0F76B0C9C80BF.d.F551CF48CB6F00274BC475648DF4B834.e.17770"}]}
COMMAND: POST /session/47a0cfcb1b688bc57e33978b59aaa3c6/element/f.B7EBD3B9E1BF342B1CF0F76B0C9C80BF.d.F551CF48CB6F00274BC475648DF4B834.e.17770/click - {}
COMMAND: GET /session/47a0cfcb1b688bc57e33978b59aaa3c6/screenshot - {}
RESULT: {}
RESULT: {}
COMMAND: GET /session/47a0cfcb1b688bc57e33978b59aaa3c6/screenshot - {}
COMMAND: POST /session/47a0cfcb1b688bc57e33978b59aaa3c6/element - {"using":"xpath","value":"//span[contains(@id ,\"AddNewHO--typeSelect-arrow\")]"}
RESULT: {}
RESULT: {}
RESULT: {"using":"xpath","value":"//span[contains(@id ,\"AddNewHO--typeSelect-arrow\")]"}
COMMAND: POST /session/47a0cfcb1b688bc57e33978b59aaa3c6/element/f.B7EBD3B9E1BF342B1CF0F76B0C9C80BF.d.F551CF48CB6F00274BC475648DF4B834.e.18119/click - {}
RESULT: {}
COMMAND: GET /session/47a0cfcb1b688bc57e33978b59aaa3c6/screenshot - {}
RESULT: {}
COMMAND: POST /session/47a0cfcb1b688bc57e33978b59aaa3c6/element - {"using":"xpath","value":"(//li[contains(text(), \"stock increase yard\")])[1]"}
RESULT: {"using":"xpath","value":"(//li[contains(text(), \"stock increase yard\")])[1]"}
COMMAND: POST /session/47a0cfcb1b688bc57e33978b59aaa3c6/element/f.B7EBD3B9E1BF342B1CF0F76B0C9C80BF.d.F551CF48CB6F00274BC475648DF4B834.e.18120/click - {}
RESULT: {}
COMMAND: GET /session/47a0cfcb1b688bc57e33978b59aaa3c6/screenshot - {}
RESULT: {}
COMMAND: POST /session/47a0cfcb1b688bc57e33978b59aaa3c6/execute/async - {"script":"<script> [1562 bytes]","args":[{"selector":{"id":"application-managehandovers-display-component---AddNewHO--dueDate","interaction":{"idSuffix":"inner"}},"wdio_ui5_key":"applicationmanagehandovers-display-component---AddNewHO--dueDate"}]}
RESULT: {"script":"<script> [1562 bytes]","args":[{"selector":{"id":"application-managehandovers-display-component---AddNewHO--dueDate","interaction":{"idSuffix":"inner"}},"wdio_ui5_key":"applicationmanagehandovers-display-component---AddNewHO--dueDate"}]}
RESULT: undefined
COMMAND: POST /session/47a0cfcb1b688bc57e33978b59aaa3c6/execute/async - {"script":"<script> [6424 bytes]","args":[{"element-6066-11e4-a52e-4f735466cecf":"f.B7EBD3B9E1BF342B1CF0F76B0C9C80BF.d.F551CF48CB6F00274BC475648DF4B834.e.18122"},"setValue",["5/20/25"]]}
RESULT: {"script":"<script> [6424 bytes]","args":[{"element-6066-11e4-a52e-4f735466cecf":"f.B7EBD3B9E1BF342B1CF0F76B0C9C80BF.d.F551CF48CB6F00274BC475648DF4B834.e.18122"},"setValue",["5/20/25"]]}
COMMAND: POST /session/47a0cfcb1b688bc57e33978b59aaa3c6/element - {"using":"xpath","value":"//input[@id=\"generalSectionFrg--receiveYard-inner\"]"}
RESULT: {"using":"xpath","value":"//input[@id=\"generalSectionFrg--receiveYard-inner\"]"}
COMMAND: POST /session/47a0cfcb1b688bc57e33978b59aaa3c6/element/f.B7EBD3B9E1BF342B1CF0F76B0C9C80BF.d.F551CF48CB6F00274BC475648DF4B834.e.18126/clear - {}
RESULT: {}
COMMAND: POST /session/47a0cfcb1b688bc57e33978b59aaa3c6/element/f.B7EBD3B9E1BF342B1CF0F76B0C9C80BF.d.F551CF48CB6F00274BC475648DF4B834.e.18126/value - {"text":"590"}
COMMAND: GET /session/47a0cfcb1b688bc57e33978b59aaa3c6/screenshot - {}
RESULT: {"text":"590"}
COMMAND: GET /session/47a0cfcb1b688bc57e33978b59aaa3c6/screenshot - {}
RESULT: {}
RESULT: {}
COMMAND: POST /session/47a0cfcb1b688bc57e33978b59aaa3c6/element - {"using":"xpath","value":"//li[.//span[text()='590']]"}
RESULT: {"using":"xpath","value":"//li[.//span[text()='590']]"}
COMMAND: POST /session/47a0cfcb1b688bc57e33978b59aaa3c6/element/f.B7EBD3B9E1BF342B1CF0F76B0C9C80BF.d.F551CF48CB6F00274BC475648DF4B834.e.18142/click - {}
RESULT: {}
COMMAND: GET /session/47a0cfcb1b688bc57e33978b59aaa3c6/screenshot - {}
RESULT: {}
COMMAND: POST /session/47a0cfcb1b688bc57e33978b59aaa3c6/execute/async - {"script":"<script> [1562 bytes]","args":[{"selector":{"id":"application-managehandovers-display-component---AddNewHO--ObjectPageLayout-anchBar-application-managehandovers-display-component---AddNewHO--section4-anchor","interaction":{"idSuffix":"BDI-content"}},"wdio_ui5_key":"applicationmanagehandovers-display-component---AddNewHO--ObjectPageLayout-anchBar-application-managehandovers-display-component---AddNewHO--section4-anchor"}]}
RESULT: {"script":"<script> [1562 bytes]","args":[{"selector":{"id":"application-managehandovers-display-component---AddNewHO--ObjectPageLayout-anchBar-application-managehandovers-display-component---AddNewHO--section4-anchor","interaction":{"idSuffix":"BDI-content"}},"wdio_ui5_key":"applicationmanagehandovers-display-component---AddNewHO--ObjectPageLayout-anchBar-application-managehandovers-display-component---AddNewHO--section4-anchor"}]}
RESULT: undefined
COMMAND: POST /session/47a0cfcb1b688bc57e33978b59aaa3c6/element - {"using":"xpath","value":"//*[@id=\"application-managehandovers-display-component---AddNewHO--ObjectPageLayout-anchBar-application-managehandovers-display-component---AddNewHO--section4-anchor\"]"}
RESULT: {"using":"xpath","value":"//*[@id=\"application-managehandovers-display-component---AddNewHO--ObjectPageLayout-anchBar-application-managehandovers-display-component---AddNewHO--section4-anchor\"]"}
COMMAND: POST /session/47a0cfcb1b688bc57e33978b59aaa3c6/element/f.B7EBD3B9E1BF342B1CF0F76B0C9C80BF.d.F551CF48CB6F00274BC475648DF4B834.e.18144/click - {}
RESULT: {}
COMMAND: POST /session/47a0cfcb1b688bc57e33978b59aaa3c6/element - {"using":"xpath","value":"//button[@aria-label=\"Add\"]"}
COMMAND: GET /session/47a0cfcb1b688bc57e33978b59aaa3c6/screenshot - {}
RESULT: {"using":"xpath","value":"//button[@aria-label=\"Add\"]"}
COMMAND: POST /session/47a0cfcb1b688bc57e33978b59aaa3c6/element/f.B7EBD3B9E1BF342B1CF0F76B0C9C80BF.d.F551CF48CB6F00274BC475648DF4B834.e.18146/click - {}
RESULT: {}
RESULT: {}
COMMAND: GET /session/47a0cfcb1b688bc57e33978b59aaa3c6/screenshot - {}
RESULT: {}
COMMAND: POST /session/47a0cfcb1b688bc57e33978b59aaa3c6/execute/async - {"script":"<script> [1562 bytes]","args":[{"selector":{"id":"application-managehandovers-display-component---AddNewHO--smartFilterBar-btnBasicSearch","searchOpenDialogs":true,"interaction":{"idSuffix":"I"}},"wdio_ui5_key":"applicationmanagehandovers-display-component---AddNewHO--smartFilterBar-btnBasicSearch"}]}
RESULT: {"script":"<script> [1562 bytes]","args":[{"selector":{"id":"application-managehandovers-display-component---AddNewHO--smartFilterBar-btnBasicSearch","searchOpenDialogs":true,"interaction":{"idSuffix":"I"}},"wdio_ui5_key":"applicationmanagehandovers-display-component---AddNewHO--smartFilterBar-btnBasicSearch"}]}
RESULT: undefined
COMMAND: POST /session/47a0cfcb1b688bc57e33978b59aaa3c6/execute/async - {"script":"<script> [776 bytes]","args":[{"enterText":"200343","selector":{"id":"application-managehandovers-display-component---AddNewHO--smartFilterBar-btnBasicSearch","searchOpenDialogs":true,"interaction":{"idSuffix":"I"}},"clearTextFirst":true,"interactionType":"ENTER_TEXT"}]}
RESULT: {"script":"<script> [776 bytes]","args":[{"enterText":"200343","selector":{"id":"application-managehandovers-display-component---AddNewHO--smartFilterBar-btnBasicSearch","searchOpenDialogs":true,"interaction":{"idSuffix":"I"}},"clearTextFirst":true,"interactionType":"ENTER_TEXT"}]}
COMMAND: POST /session/47a0cfcb1b688bc57e33978b59aaa3c6/actions - {"actions":[{"id":"action58","type":"key","parameters":{},"actions":[{"type":"keyDown","value":"î€‡"},{"type":"pause","duration":10},{"type":"keyUp","value":"î€‡"}]}]}
RESULT: {"actions":[{"id":"action58","type":"key","parameters":{},"actions":[{"type":"keyDown","value":"î€‡"},{"type":"pause","duration":10},{"type":"keyUp","value":"î€‡"}]}]}
COMMAND: GET /session/47a0cfcb1b688bc57e33978b59aaa3c6/screenshot - {}
RESULT: {}
COMMAND: POST /session/47a0cfcb1b688bc57e33978b59aaa3c6/execute/async - {"script":"<script> [1562 bytes]","args":[{"selector":{"id":"application-managehandovers-display-component---AddNewHO--popup-sa","searchOpenDialogs":true,"interaction":{"idSuffix":"CbBg"}},"wdio_ui5_key":"applicationmanagehandovers-display-component---AddNewHO--popup-sa"}]}
RESULT: {"script":"<script> [1562 bytes]","args":[{"selector":{"id":"application-managehandovers-display-component---AddNewHO--popup-sa","searchOpenDialogs":true,"interaction":{"idSuffix":"CbBg"}},"wdio_ui5_key":"applicationmanagehandovers-display-component---AddNewHO--popup-sa"}]}
RESULT: undefined
COMMAND: POST /session/47a0cfcb1b688bc57e33978b59aaa3c6/element - {"using":"xpath","value":"//*[@id=\"application-managehandovers-display-component---AddNewHO--popup-sa\"]"}
RESULT: {"using":"xpath","value":"//*[@id=\"application-managehandovers-display-component---AddNewHO--popup-sa\"]"}
COMMAND: POST /session/47a0cfcb1b688bc57e33978b59aaa3c6/element/f.B7EBD3B9E1BF342B1CF0F76B0C9C80BF.d.F551CF48CB6F00274BC475648DF4B834.e.18299/click - {}
RESULT: {}
COMMAND: GET /session/47a0cfcb1b688bc57e33978b59aaa3c6/screenshot - {}
RESULT: {}
COMMAND: POST /session/47a0cfcb1b688bc57e33978b59aaa3c6/element - {"using":"xpath","value":"//bdi[contains(text(), \"Select\")]"}
RESULT: {"using":"xpath","value":"//bdi[contains(text(), \"Select\")]"}
COMMAND: POST /session/47a0cfcb1b688bc57e33978b59aaa3c6/element/f.B7EBD3B9E1BF342B1CF0F76B0C9C80BF.d.F551CF48CB6F00274BC475648DF4B834.e.18300/click - {}
RESULT: {}
COMMAND: GET /session/47a0cfcb1b688bc57e33978b59aaa3c6/screenshot - {}
RESULT: {}
COMMAND: POST /session/47a0cfcb1b688bc57e33978b59aaa3c6/element - {"using":"xpath","value":"//button[@data-kt=\"AddNewHOSaveButton\"]"}
RESULT: {"using":"xpath","value":"//button[@data-kt=\"AddNewHOSaveButton\"]"}
COMMAND: POST /session/47a0cfcb1b688bc57e33978b59aaa3c6/element/f.B7EBD3B9E1BF342B1CF0F76B0C9C80BF.d.F551CF48CB6F00274BC475648DF4B834.e.18304/click - {}
RESULT: {}
COMMAND: GET /session/47a0cfcb1b688bc57e33978b59aaa3c6/screenshot - {}
RESULT: {}
COMMAND: POST /session/47a0cfcb1b688bc57e33978b59aaa3c6/execute/async - {"script":"<script> [1562 bytes]","args":[{"selector":{"id":"receiptDatePicker","viewName":"etm.portal.ui.managehandovers.view.DetailExecuteHO","interaction":{"idSuffix":"inner"}},"wdio_ui5_key":"receiptDatePickeretmportal.ui.managehandovers.view.DetailExecuteHO"}]}
RESULT: {"script":"<script> [1562 bytes]","args":[{"selector":{"id":"receiptDatePicker","viewName":"etm.portal.ui.managehandovers.view.DetailExecuteHO","interaction":{"idSuffix":"inner"}},"wdio_ui5_key":"receiptDatePickeretmportal.ui.managehandovers.view.DetailExecuteHO"}]}
RESULT: undefined
COMMAND: POST /session/47a0cfcb1b688bc57e33978b59aaa3c6/execute/async - {"script":"<script> [6424 bytes]","args":[{"element-6066-11e4-a52e-4f735466cecf":"f.B7EBD3B9E1BF342B1CF0F76B0C9C80BF.d.F551CF48CB6F00274BC475648DF4B834.e.18322"},"setValue",["5/20/25"]]}
RESULT: {"script":"<script> [6424 bytes]","args":[{"element-6066-11e4-a52e-4f735466cecf":"f.B7EBD3B9E1BF342B1CF0F76B0C9C80BF.d.F551CF48CB6F00274BC475648DF4B834.e.18322"},"setValue",["5/20/25"]]}
COMMAND: POST /session/47a0cfcb1b688bc57e33978b59aaa3c6/element - {"using":"xpath","value":"//button[@data-kt=\"PickingTableConfirmAllButton\"]"}
RESULT: {"using":"xpath","value":"//button[@data-kt=\"PickingTableConfirmAllButton\"]"}
COMMAND: POST /session/47a0cfcb1b688bc57e33978b59aaa3c6/element/f.B7EBD3B9E1BF342B1CF0F76B0C9C80BF.d.F551CF48CB6F00274BC475648DF4B834.e.18339/click - {}
RESULT: {}
COMMAND: GET /session/47a0cfcb1b688bc57e33978b59aaa3c6/screenshot - {}
RESULT: {}
COMMAND: POST /session/47a0cfcb1b688bc57e33978b59aaa3c6/element - {"using":"xpath","value":"//bdi[contains(text(), \"OK\")]"}
RESULT: {"using":"xpath","value":"//bdi[contains(text(), \"OK\")]"}
COMMAND: POST /session/47a0cfcb1b688bc57e33978b59aaa3c6/element/f.B7EBD3B9E1BF342B1CF0F76B0C9C80BF.d.F551CF48CB6F00274BC475648DF4B834.e.18341/click - {}
RESULT: {}
COMMAND: GET /session/47a0cfcb1b688bc57e33978b59aaa3c6/screenshot - {}
RESULT: {}
COMMAND: POST /session/47a0cfcb1b688bc57e33978b59aaa3c6/element - {"using":"xpath","value":"(//bdi[contains(text(), \"Receive\")])[2]"}
RESULT: {"using":"xpath","value":"(//bdi[contains(text(), \"Receive\")])[2]"}
COMMAND: POST /session/47a0cfcb1b688bc57e33978b59aaa3c6/element/f.B7EBD3B9E1BF342B1CF0F76B0C9C80BF.d.F551CF48CB6F00274BC475648DF4B834.e.18343/click - {}
RESULT: {}
COMMAND: GET /session/47a0cfcb1b688bc57e33978b59aaa3c6/screenshot - {}
RESULT: {}
COMMAND: POST /session/47a0cfcb1b688bc57e33978b59aaa3c6/element - {"using":"css selector","value":"#shell-header-logo"}
RESULT: {"using":"css selector","value":"#shell-header-logo"}
COMMAND: POST /session/47a0cfcb1b688bc57e33978b59aaa3c6/element/f.B7EBD3B9E1BF342B1CF0F76B0C9C80BF.d.F551CF48CB6F00274BC475648DF4B834.e.17745/click - {}
RESULT: {}
COMMAND: GET /session/47a0cfcb1b688bc57e33978b59aaa3c6/screenshot - {}
RESULT: {}
]]></system-out>
    </testcase>
    <testcase classname="chrome.136_0_7103_93.windows.Return_from_Site_w/_warehouse_management_w_clarification" name="Should create a new contract" time="71.375">
      <system-out><![CDATA[
COMMAND: POST /session/47a0cfcb1b688bc57e33978b59aaa3c6/execute/async - {"script":"<script> [1562 bytes]","args":[{"selector":{"controlType":"sap.m.GenericTile","properties":{"header":"Manage Contracts"}},"wdio_ui5_key":"sapm.GenericTile{\"header\":\"Manage Contracts\"}"}]}
RESULT: {"script":"<script> [1562 bytes]","args":[{"selector":{"controlType":"sap.m.GenericTile","properties":{"header":"Manage Contracts"}},"wdio_ui5_key":"sapm.GenericTile{\"header\":\"Manage Contracts\"}"}]}
RESULT: undefined
COMMAND: POST /session/47a0cfcb1b688bc57e33978b59aaa3c6/element - {"using":"xpath","value":"//*[@id=\"__tile130\"]"}
RESULT: {"using":"xpath","value":"//*[@id=\"__tile130\"]"}
COMMAND: POST /session/47a0cfcb1b688bc57e33978b59aaa3c6/element/f.B7EBD3B9E1BF342B1CF0F76B0C9C80BF.d.F551CF48CB6F00274BC475648DF4B834.e.17102/click - {}
RESULT: {}
COMMAND: GET /session/47a0cfcb1b688bc57e33978b59aaa3c6/screenshot - {}
RESULT: {}
COMMAND: POST /session/47a0cfcb1b688bc57e33978b59aaa3c6/elements - {"using":"xpath","value":"//span[text()='Error']"}
RESULT: {"using":"xpath","value":"//span[text()='Error']"}
COMMAND: POST /session/47a0cfcb1b688bc57e33978b59aaa3c6/element - {"using":"xpath","value":"//button[@data-kt=\"addButton\"]"}
RESULT: {"using":"xpath","value":"//button[@data-kt=\"addButton\"]"}
COMMAND: POST /session/47a0cfcb1b688bc57e33978b59aaa3c6/elements - {"using":"xpath","value":"//button[@data-kt=\"addButton\"]"}
RESULT: {"using":"xpath","value":"//button[@data-kt=\"addButton\"]"}
COMMAND: POST /session/47a0cfcb1b688bc57e33978b59aaa3c6/execute/sync - {"script":"<script> [8489 bytes]","args":[{"element-6066-11e4-a52e-4f735466cecf":"f.B7EBD3B9E1BF342B1CF0F76B0C9C80BF.d.F551CF48CB6F00274BC475648DF4B834.e.18661","ELEMENT":"f.B7EBD3B9E1BF342B1CF0F76B0C9C80BF.d.F551CF48CB6F00274BC475648DF4B834.e.18661"}]}
RESULT: {"script":"<script> [8489 bytes]","args":[{"element-6066-11e4-a52e-4f735466cecf":"f.B7EBD3B9E1BF342B1CF0F76B0C9C80BF.d.F551CF48CB6F00274BC475648DF4B834.e.18661","ELEMENT":"f.B7EBD3B9E1BF342B1CF0F76B0C9C80BF.d.F551CF48CB6F00274BC475648DF4B834.e.18661"}]}
COMMAND: GET /session/47a0cfcb1b688bc57e33978b59aaa3c6/element/f.B7EBD3B9E1BF342B1CF0F76B0C9C80BF.d.F551CF48CB6F00274BC475648DF4B834.e.18661/enabled - {}
COMMAND: GET /session/47a0cfcb1b688bc57e33978b59aaa3c6/screenshot - {}
RESULT: {}
COMMAND: POST /session/47a0cfcb1b688bc57e33978b59aaa3c6/execute/sync - {"script":"<script> [8489 bytes]","args":[{"element-6066-11e4-a52e-4f735466cecf":"f.B7EBD3B9E1BF342B1CF0F76B0C9C80BF.d.F551CF48CB6F00274BC475648DF4B834.e.18661","ELEMENT":"f.B7EBD3B9E1BF342B1CF0F76B0C9C80BF.d.F551CF48CB6F00274BC475648DF4B834.e.18661"}]}
COMMAND: GET /session/47a0cfcb1b688bc57e33978b59aaa3c6/screenshot - {}
RESULT: {}
RESULT: {"script":"<script> [8489 bytes]","args":[{"element-6066-11e4-a52e-4f735466cecf":"f.B7EBD3B9E1BF342B1CF0F76B0C9C80BF.d.F551CF48CB6F00274BC475648DF4B834.e.18661","ELEMENT":"f.B7EBD3B9E1BF342B1CF0F76B0C9C80BF.d.F551CF48CB6F00274BC475648DF4B834.e.18661"}]}
COMMAND: POST /session/47a0cfcb1b688bc57e33978b59aaa3c6/execute/sync - {"script":"<script> [5351 bytes]","args":[{"element-6066-11e4-a52e-4f735466cecf":"f.B7EBD3B9E1BF342B1CF0F76B0C9C80BF.d.F551CF48CB6F00274BC475648DF4B834.e.18661","ELEMENT":"f.B7EBD3B9E1BF342B1CF0F76B0C9C80BF.d.F551CF48CB6F00274BC475648DF4B834.e.18661"}]}
COMMAND: GET /session/47a0cfcb1b688bc57e33978b59aaa3c6/screenshot - {}
RESULT: {}
RESULT: {"script":"<script> [5351 bytes]","args":[{"element-6066-11e4-a52e-4f735466cecf":"f.B7EBD3B9E1BF342B1CF0F76B0C9C80BF.d.F551CF48CB6F00274BC475648DF4B834.e.18661","ELEMENT":"f.B7EBD3B9E1BF342B1CF0F76B0C9C80BF.d.F551CF48CB6F00274BC475648DF4B834.e.18661"}]}
COMMAND: GET /session/47a0cfcb1b688bc57e33978b59aaa3c6/screenshot - {}
RESULT: {}
RESULT: {}
COMMAND: POST /session/47a0cfcb1b688bc57e33978b59aaa3c6/element/f.B7EBD3B9E1BF342B1CF0F76B0C9C80BF.d.F551CF48CB6F00274BC475648DF4B834.e.18661/click - {}
RESULT: {}
COMMAND: GET /session/47a0cfcb1b688bc57e33978b59aaa3c6/screenshot - {}
COMMAND: POST /session/47a0cfcb1b688bc57e33978b59aaa3c6/execute/async - {"script":"<script> [1562 bytes]","args":[{"selector":{"id":"application-managecontracts-display-component---AddNewContract--projectDescription","interaction":{"idSuffix":"inner"}},"wdio_ui5_key":"applicationmanagecontracts-display-component---AddNewContract--projectDescription"}]}
RESULT: {}
RESULT: {"script":"<script> [1562 bytes]","args":[{"selector":{"id":"application-managecontracts-display-component---AddNewContract--projectDescription","interaction":{"idSuffix":"inner"}},"wdio_ui5_key":"applicationmanagecontracts-display-component---AddNewContract--projectDescription"}]}
RESULT: undefined
COMMAND: POST /session/47a0cfcb1b688bc57e33978b59aaa3c6/execute/async - {"script":"<script> [776 bytes]","args":[{"enterText":"Contract WDIO","selector":{"id":"application-managecontracts-display-component---AddNewContract--projectDescription","interaction":{"idSuffix":"inner"}},"clearTextFirst":true,"interactionType":"ENTER_TEXT"}]}
RESULT: {"script":"<script> [776 bytes]","args":[{"enterText":"Contract WDIO","selector":{"id":"application-managecontracts-display-component---AddNewContract--projectDescription","interaction":{"idSuffix":"inner"}},"clearTextFirst":true,"interactionType":"ENTER_TEXT"}]}
COMMAND: POST /session/47a0cfcb1b688bc57e33978b59aaa3c6/element - {"using":"xpath","value":"//input[@id=\"application-managecontracts-display-component---AddNewContract--site-inner\"]"}
RESULT: {"using":"xpath","value":"//input[@id=\"application-managecontracts-display-component---AddNewContract--site-inner\"]"}
COMMAND: POST /session/47a0cfcb1b688bc57e33978b59aaa3c6/element/f.B7EBD3B9E1BF342B1CF0F76B0C9C80BF.d.F551CF48CB6F00274BC475648DF4B834.e.19030/clear - {}
RESULT: {}
COMMAND: POST /session/47a0cfcb1b688bc57e33978b59aaa3c6/element/f.B7EBD3B9E1BF342B1CF0F76B0C9C80BF.d.F551CF48CB6F00274BC475648DF4B834.e.19030/value - {"text":"2302"}
COMMAND: GET /session/47a0cfcb1b688bc57e33978b59aaa3c6/screenshot - {}
RESULT: {"text":"2302"}
COMMAND: GET /session/47a0cfcb1b688bc57e33978b59aaa3c6/screenshot - {}
RESULT: {}
RESULT: {}
COMMAND: POST /session/47a0cfcb1b688bc57e33978b59aaa3c6/element - {"using":"xpath","value":"//li[.//span[text()='2302']]"}
RESULT: {"using":"xpath","value":"//li[.//span[text()='2302']]"}
COMMAND: POST /session/47a0cfcb1b688bc57e33978b59aaa3c6/element/f.B7EBD3B9E1BF342B1CF0F76B0C9C80BF.d.F551CF48CB6F00274BC475648DF4B834.e.19059/click - {}
RESULT: {}
COMMAND: GET /session/47a0cfcb1b688bc57e33978b59aaa3c6/screenshot - {}
RESULT: {}
COMMAND: POST /session/47a0cfcb1b688bc57e33978b59aaa3c6/element - {"using":"xpath","value":"//input[@id=\"application-managecontracts-display-component---AddNewContract--yardId-inner\"]"}
RESULT: {"using":"xpath","value":"//input[@id=\"application-managecontracts-display-component---AddNewContract--yardId-inner\"]"}
COMMAND: GET /session/47a0cfcb1b688bc57e33978b59aaa3c6/element/f.B7EBD3B9E1BF342B1CF0F76B0C9C80BF.d.F551CF48CB6F00274BC475648DF4B834.e.19031/property/value - {}
RESULT: {}
COMMAND: POST /session/47a0cfcb1b688bc57e33978b59aaa3c6/element - {"using":"xpath","value":"//input[@id=\"application-managecontracts-display-component---AddNewContract--customerSelect-inner\"]"}
COMMAND: GET /session/47a0cfcb1b688bc57e33978b59aaa3c6/screenshot - {}
RESULT: {"using":"xpath","value":"//input[@id=\"application-managecontracts-display-component---AddNewContract--customerSelect-inner\"]"}
COMMAND: POST /session/47a0cfcb1b688bc57e33978b59aaa3c6/element/f.B7EBD3B9E1BF342B1CF0F76B0C9C80BF.d.F551CF48CB6F00274BC475648DF4B834.e.19029/clear - {}
RESULT: {}
RESULT: {}
COMMAND: POST /session/47a0cfcb1b688bc57e33978b59aaa3c6/element/f.B7EBD3B9E1BF342B1CF0F76B0C9C80BF.d.F551CF48CB6F00274BC475648DF4B834.e.19029/value - {"text":"1363"}
COMMAND: GET /session/47a0cfcb1b688bc57e33978b59aaa3c6/screenshot - {}
RESULT: {"text":"1363"}
COMMAND: GET /session/47a0cfcb1b688bc57e33978b59aaa3c6/screenshot - {}
RESULT: {}
RESULT: {}
COMMAND: POST /session/47a0cfcb1b688bc57e33978b59aaa3c6/element - {"using":"xpath","value":"//li[.//span[text()='1363']]"}
RESULT: {"using":"xpath","value":"//li[.//span[text()='1363']]"}
COMMAND: POST /session/47a0cfcb1b688bc57e33978b59aaa3c6/element/f.B7EBD3B9E1BF342B1CF0F76B0C9C80BF.d.F551CF48CB6F00274BC475648DF4B834.e.19062/click - {}
RESULT: {}
COMMAND: GET /session/47a0cfcb1b688bc57e33978b59aaa3c6/screenshot - {}
RESULT: {}
COMMAND: POST /session/47a0cfcb1b688bc57e33978b59aaa3c6/element - {"using":"xpath","value":"//button[@data-kt=\"saveButton\"]"}
RESULT: {"using":"xpath","value":"//button[@data-kt=\"saveButton\"]"}
COMMAND: POST /session/47a0cfcb1b688bc57e33978b59aaa3c6/element/f.B7EBD3B9E1BF342B1CF0F76B0C9C80BF.d.F551CF48CB6F00274BC475648DF4B834.e.19063/click - {}
RESULT: {}
COMMAND: GET /session/47a0cfcb1b688bc57e33978b59aaa3c6/screenshot - {}
RESULT: {}
COMMAND: POST /session/47a0cfcb1b688bc57e33978b59aaa3c6/element - {"using":"xpath","value":"//span[contains(@id ,\"contractDetailTitleNoExpanded\")]"}
RESULT: {"using":"xpath","value":"//span[contains(@id ,\"contractDetailTitleNoExpanded\")]"}
COMMAND: POST /session/47a0cfcb1b688bc57e33978b59aaa3c6/elements - {"using":"xpath","value":"//span[contains(@id ,\"contractDetailTitleNoExpanded\")]"}
RESULT: {"using":"xpath","value":"//span[contains(@id ,\"contractDetailTitleNoExpanded\")]"}
COMMAND: POST /session/47a0cfcb1b688bc57e33978b59aaa3c6/execute/sync - {"script":"<script> [56 bytes]","args":[{"element-6066-11e4-a52e-4f735466cecf":"f.B7EBD3B9E1BF342B1CF0F76B0C9C80BF.d.F551CF48CB6F00274BC475648DF4B834.e.19094","ELEMENT":"f.B7EBD3B9E1BF342B1CF0F76B0C9C80BF.d.F551CF48CB6F00274BC475648DF4B834.e.19094"}]}
RESULT: {"script":"<script> [56 bytes]","args":[{"element-6066-11e4-a52e-4f735466cecf":"f.B7EBD3B9E1BF342B1CF0F76B0C9C80BF.d.F551CF48CB6F00274BC475648DF4B834.e.19094","ELEMENT":"f.B7EBD3B9E1BF342B1CF0F76B0C9C80BF.d.F551CF48CB6F00274BC475648DF4B834.e.19094"}]}
COMMAND: GET /session/47a0cfcb1b688bc57e33978b59aaa3c6/screenshot - {}
RESULT: {}
]]></system-out>
    </testcase>
    <testcase classname="chrome.136_0_7103_93.windows.Return_from_Site_w/_warehouse_management_w_clarification" name="Should add equipment to the contract" time="57.078">
      <system-out><![CDATA[
COMMAND: POST /session/47a0cfcb1b688bc57e33978b59aaa3c6/element - {"using":"xpath","value":"//button[@data-kt=\"contractDetailEditBtnButton\"]"}
RESULT: {"using":"xpath","value":"//button[@data-kt=\"contractDetailEditBtnButton\"]"}
COMMAND: POST /session/47a0cfcb1b688bc57e33978b59aaa3c6/element/f.B7EBD3B9E1BF342B1CF0F76B0C9C80BF.d.F551CF48CB6F00274BC475648DF4B834.e.19096/click - {}
RESULT: {}
COMMAND: GET /session/47a0cfcb1b688bc57e33978b59aaa3c6/screenshot - {}
RESULT: {}
COMMAND: POST /session/47a0cfcb1b688bc57e33978b59aaa3c6/element - {"using":"xpath","value":"(//span[contains(text(), \"Additional Addresses\")])[2]"}
RESULT: {"using":"xpath","value":"(//span[contains(text(), \"Additional Addresses\")])[2]"}
COMMAND: POST /session/47a0cfcb1b688bc57e33978b59aaa3c6/element/f.B7EBD3B9E1BF342B1CF0F76B0C9C80BF.d.F551CF48CB6F00274BC475648DF4B834.e.19152/click - {}
RESULT: {}
COMMAND: GET /session/47a0cfcb1b688bc57e33978b59aaa3c6/screenshot - {}
RESULT: {}
COMMAND: POST /session/47a0cfcb1b688bc57e33978b59aaa3c6/element - {"using":"xpath","value":"//button[@data-kt=\"btnAddTableRowOverflowToolbarButton\"]"}
RESULT: {"using":"xpath","value":"//button[@data-kt=\"btnAddTableRowOverflowToolbarButton\"]"}
COMMAND: POST /session/47a0cfcb1b688bc57e33978b59aaa3c6/element/f.B7EBD3B9E1BF342B1CF0F76B0C9C80BF.d.F551CF48CB6F00274BC475648DF4B834.e.19155/click - {}
RESULT: {}
COMMAND: GET /session/47a0cfcb1b688bc57e33978b59aaa3c6/screenshot - {}
RESULT: {}
COMMAND: POST /session/47a0cfcb1b688bc57e33978b59aaa3c6/element - {"using":"xpath","value":"//div[(text() = 'Standard Entry' or . = 'Standard Entry')]"}
RESULT: {"using":"xpath","value":"//div[(text() = 'Standard Entry' or . = 'Standard Entry')]"}
COMMAND: POST /session/47a0cfcb1b688bc57e33978b59aaa3c6/element/f.B7EBD3B9E1BF342B1CF0F76B0C9C80BF.d.F551CF48CB6F00274BC475648DF4B834.e.19157/click - {}
RESULT: {}
COMMAND: GET /session/47a0cfcb1b688bc57e33978b59aaa3c6/screenshot - {}
RESULT: {}
COMMAND: POST /session/47a0cfcb1b688bc57e33978b59aaa3c6/element - {"using":"xpath","value":"//td[6]/div/div/div/span"}
RESULT: {"using":"xpath","value":"//td[6]/div/div/div/span"}
COMMAND: POST /session/47a0cfcb1b688bc57e33978b59aaa3c6/element/f.B7EBD3B9E1BF342B1CF0F76B0C9C80BF.d.F551CF48CB6F00274BC475648DF4B834.e.19169/click - {}
RESULT: {}
COMMAND: GET /session/47a0cfcb1b688bc57e33978b59aaa3c6/screenshot - {}
RESULT: {}
COMMAND: POST /session/47a0cfcb1b688bc57e33978b59aaa3c6/element - {"using":"xpath","value":"(//span[contains(text(), \"Material\")])"}
RESULT: {"using":"xpath","value":"(//span[contains(text(), \"Material\")])"}
COMMAND: POST /session/47a0cfcb1b688bc57e33978b59aaa3c6/element/f.B7EBD3B9E1BF342B1CF0F76B0C9C80BF.d.F551CF48CB6F00274BC475648DF4B834.e.19170/click - {}
RESULT: {}
COMMAND: GET /session/47a0cfcb1b688bc57e33978b59aaa3c6/screenshot - {}
RESULT: {}
COMMAND: POST /session/47a0cfcb1b688bc57e33978b59aaa3c6/element - {"using":"xpath","value":"//td[7]/div/div/input"}
RESULT: {"using":"xpath","value":"//td[7]/div/div/input"}
COMMAND: POST /session/47a0cfcb1b688bc57e33978b59aaa3c6/element/f.B7EBD3B9E1BF342B1CF0F76B0C9C80BF.d.F551CF48CB6F00274BC475648DF4B834.e.19173/clear - {}
RESULT: {}
COMMAND: POST /session/47a0cfcb1b688bc57e33978b59aaa3c6/element/f.B7EBD3B9E1BF342B1CF0F76B0C9C80BF.d.F551CF48CB6F00274BC475648DF4B834.e.19173/value - {"text":"200343"}
COMMAND: GET /session/47a0cfcb1b688bc57e33978b59aaa3c6/screenshot - {}
RESULT: {"text":"200343"}
COMMAND: GET /session/47a0cfcb1b688bc57e33978b59aaa3c6/screenshot - {}
RESULT: {}
RESULT: {}
COMMAND: POST /session/47a0cfcb1b688bc57e33978b59aaa3c6/actions - {"actions":[{"id":"action59","type":"key","parameters":{},"actions":[{"type":"keyDown","value":"î€‡"},{"type":"pause","duration":10},{"type":"keyUp","value":"î€‡"}]}]}
RESULT: {"actions":[{"id":"action59","type":"key","parameters":{},"actions":[{"type":"keyDown","value":"î€‡"},{"type":"pause","duration":10},{"type":"keyUp","value":"î€‡"}]}]}
COMMAND: GET /session/47a0cfcb1b688bc57e33978b59aaa3c6/screenshot - {}
RESULT: {}
COMMAND: POST /session/47a0cfcb1b688bc57e33978b59aaa3c6/execute/sync - {"script":"<script> [276 bytes]","args":["No pricing information was found"]}
RESULT: {"script":"<script> [276 bytes]","args":["No pricing information was found"]}
COMMAND: POST /session/47a0cfcb1b688bc57e33978b59aaa3c6/element - {"using":"xpath","value":"//bdi[contains(text(), \"OK\")]"}
COMMAND: GET /session/47a0cfcb1b688bc57e33978b59aaa3c6/screenshot - {}
RESULT: {"using":"xpath","value":"//bdi[contains(text(), \"OK\")]"}
COMMAND: POST /session/47a0cfcb1b688bc57e33978b59aaa3c6/element/f.B7EBD3B9E1BF342B1CF0F76B0C9C80BF.d.F551CF48CB6F00274BC475648DF4B834.e.19199/click - {}
RESULT: {}
RESULT: {}
COMMAND: GET /session/47a0cfcb1b688bc57e33978b59aaa3c6/screenshot - {}
RESULT: {}
COMMAND: POST /session/47a0cfcb1b688bc57e33978b59aaa3c6/element - {"using":"xpath","value":"(//button[@data-kt=\"saveButton\"])[2]"}
RESULT: {"using":"xpath","value":"(//button[@data-kt=\"saveButton\"])[2]"}
COMMAND: POST /session/47a0cfcb1b688bc57e33978b59aaa3c6/element/f.B7EBD3B9E1BF342B1CF0F76B0C9C80BF.d.F551CF48CB6F00274BC475648DF4B834.e.19200/click - {}
RESULT: {}
COMMAND: GET /session/47a0cfcb1b688bc57e33978b59aaa3c6/screenshot - {}
RESULT: {}
COMMAND: POST /session/47a0cfcb1b688bc57e33978b59aaa3c6/execute/sync - {"script":"<script> [276 bytes]","args":["Some contract items are having rental validity exceeding header rental validity"]}
RESULT: {"script":"<script> [276 bytes]","args":["Some contract items are having rental validity exceeding header rental validity"]}
COMMAND: GET /session/47a0cfcb1b688bc57e33978b59aaa3c6/screenshot - {}
RESULT: {}
COMMAND: POST /session/47a0cfcb1b688bc57e33978b59aaa3c6/element - {"using":"xpath","value":"//span[contains(@id ,\"contractItemsSmartTable-header-inner\")]"}
RESULT: {"using":"xpath","value":"//span[contains(@id ,\"contractItemsSmartTable-header-inner\")]"}
COMMAND: POST /session/47a0cfcb1b688bc57e33978b59aaa3c6/elements - {"using":"xpath","value":"//span[contains(@id ,\"contractItemsSmartTable-header-inner\")]"}
RESULT: {"using":"xpath","value":"//span[contains(@id ,\"contractItemsSmartTable-header-inner\")]"}
COMMAND: POST /session/47a0cfcb1b688bc57e33978b59aaa3c6/execute/sync - {"script":"<script> [56 bytes]","args":[{"element-6066-11e4-a52e-4f735466cecf":"f.B7EBD3B9E1BF342B1CF0F76B0C9C80BF.d.F551CF48CB6F00274BC475648DF4B834.e.19204","ELEMENT":"f.B7EBD3B9E1BF342B1CF0F76B0C9C80BF.d.F551CF48CB6F00274BC475648DF4B834.e.19204"}]}
RESULT: {"script":"<script> [56 bytes]","args":[{"element-6066-11e4-a52e-4f735466cecf":"f.B7EBD3B9E1BF342B1CF0F76B0C9C80BF.d.F551CF48CB6F00274BC475648DF4B834.e.19204","ELEMENT":"f.B7EBD3B9E1BF342B1CF0F76B0C9C80BF.d.F551CF48CB6F00274BC475648DF4B834.e.19204"}]}
]]></system-out>
    </testcase>
    <testcase classname="chrome.136_0_7103_93.windows.Return_from_Site_w/_warehouse_management_w_clarification" name="Should provide to site" time="41.059">
      <system-out><![CDATA[
COMMAND: POST /session/47a0cfcb1b688bc57e33978b59aaa3c6/element - {"using":"xpath","value":"//button[@data-kt=\"provideButton\"]"}
COMMAND: GET /session/47a0cfcb1b688bc57e33978b59aaa3c6/screenshot - {}
RESULT: {"using":"xpath","value":"//button[@data-kt=\"provideButton\"]"}
COMMAND: POST /session/47a0cfcb1b688bc57e33978b59aaa3c6/element/f.B7EBD3B9E1BF342B1CF0F76B0C9C80BF.d.F551CF48CB6F00274BC475648DF4B834.e.19205/click - {}
RESULT: {}
RESULT: {}
COMMAND: GET /session/47a0cfcb1b688bc57e33978b59aaa3c6/screenshot - {}
RESULT: {}
RESULT: undefined
COMMAND: POST /session/47a0cfcb1b688bc57e33978b59aaa3c6/execute/async - {"script":"<script> [6424 bytes]","args":[{"element-6066-11e4-a52e-4f735466cecf":"f.B7EBD3B9E1BF342B1CF0F76B0C9C80BF.d.F551CF48CB6F00274BC475648DF4B834.e.18122"},"setValue",["05/20/25"]]}
COMMAND: POST /session/47a0cfcb1b688bc57e33978b59aaa3c6/execute/async - {"script":"<script> [1562 bytes]","args":[{"selector":{"id":"application-managehandovers-display-component---AddNewHO--dueDate","interaction":{"idSuffix":"inner"}},"wdio_ui5_key":"applicationmanagehandovers-display-component---AddNewHO--dueDate"}]}
RESULT: {"script":"<script> [1562 bytes]","args":[{"selector":{"id":"application-managehandovers-display-component---AddNewHO--dueDate","interaction":{"idSuffix":"inner"}},"wdio_ui5_key":"applicationmanagehandovers-display-component---AddNewHO--dueDate"}]}
COMMAND: POST /session/47a0cfcb1b688bc57e33978b59aaa3c6/execute/async - {"script":"<script> [6424 bytes]","args":[{"element-6066-11e4-a52e-4f735466cecf":"f.B7EBD3B9E1BF342B1CF0F76B0C9C80BF.d.F551CF48CB6F00274BC475648DF4B834.e.19281"},"setValue",["05/20/25"]]}
RESULT: {"script":"<script> [6424 bytes]","args":[{"element-6066-11e4-a52e-4f735466cecf":"f.B7EBD3B9E1BF342B1CF0F76B0C9C80BF.d.F551CF48CB6F00274BC475648DF4B834.e.19281"},"setValue",["05/20/25"]]}
COMMAND: POST /session/47a0cfcb1b688bc57e33978b59aaa3c6/element - {"using":"xpath","value":"//bdi[contains(text(), \"Instructions\")]"}
RESULT: {"using":"xpath","value":"//bdi[contains(text(), \"Instructions\")]"}
COMMAND: POST /session/47a0cfcb1b688bc57e33978b59aaa3c6/element/f.B7EBD3B9E1BF342B1CF0F76B0C9C80BF.d.F551CF48CB6F00274BC475648DF4B834.e.19512/click - {}
RESULT: {}
COMMAND: GET /session/47a0cfcb1b688bc57e33978b59aaa3c6/screenshot - {}
RESULT: {}
COMMAND: POST /session/47a0cfcb1b688bc57e33978b59aaa3c6/element - {"using":"xpath","value":"//button[@data-kt=\"AddNewHOProvideAddItemsButton\"]"}
RESULT: {"using":"xpath","value":"//button[@data-kt=\"AddNewHOProvideAddItemsButton\"]"}
COMMAND: POST /session/47a0cfcb1b688bc57e33978b59aaa3c6/element/f.B7EBD3B9E1BF342B1CF0F76B0C9C80BF.d.F551CF48CB6F00274BC475648DF4B834.e.19516/click - {}
RESULT: {}
COMMAND: GET /session/47a0cfcb1b688bc57e33978b59aaa3c6/screenshot - {}
RESULT: {}
RESULT: undefined
COMMAND: POST /session/47a0cfcb1b688bc57e33978b59aaa3c6/element - {"using":"xpath","value":"//*[@id=\"application-managehandovers-display-component---AddNewHO--popup-sa\"]"}
RESULT: {"using":"xpath","value":"//*[@id=\"application-managehandovers-display-component---AddNewHO--popup-sa\"]"}
COMMAND: POST /session/47a0cfcb1b688bc57e33978b59aaa3c6/element/f.B7EBD3B9E1BF342B1CF0F76B0C9C80BF.d.F551CF48CB6F00274BC475648DF4B834.e.19526/click - {}
RESULT: {}
COMMAND: GET /session/47a0cfcb1b688bc57e33978b59aaa3c6/screenshot - {}
RESULT: {}
COMMAND: POST /session/47a0cfcb1b688bc57e33978b59aaa3c6/element - {"using":"xpath","value":"//*[contains(@id ,\"BDI-content\")][contains(text(), \"Select\")]"}
RESULT: {"using":"xpath","value":"//*[contains(@id ,\"BDI-content\")][contains(text(), \"Select\")]"}
COMMAND: POST /session/47a0cfcb1b688bc57e33978b59aaa3c6/element/f.B7EBD3B9E1BF342B1CF0F76B0C9C80BF.d.F551CF48CB6F00274BC475648DF4B834.e.19527/click - {}
RESULT: {}
COMMAND: GET /session/47a0cfcb1b688bc57e33978b59aaa3c6/screenshot - {}
RESULT: {}
COMMAND: POST /session/47a0cfcb1b688bc57e33978b59aaa3c6/element - {"using":"xpath","value":"//bdi[(text() = 'Save' or . = 'Save')]"}
RESULT: {"using":"xpath","value":"//bdi[(text() = 'Save' or . = 'Save')]"}
COMMAND: POST /session/47a0cfcb1b688bc57e33978b59aaa3c6/element/f.B7EBD3B9E1BF342B1CF0F76B0C9C80BF.d.F551CF48CB6F00274BC475648DF4B834.e.19530/click - {}
RESULT: {}
COMMAND: GET /session/47a0cfcb1b688bc57e33978b59aaa3c6/screenshot - {}
RESULT: {}
]]></system-out>
    </testcase>
    <testcase classname="chrome.136_0_7103_93.windows.Return_from_Site_w/_warehouse_management_w_clarification" name="Should test for Handover Execution" time="157.403">
      <system-out><![CDATA[
COMMAND: POST /session/47a0cfcb1b688bc57e33978b59aaa3c6/execute/async - {"script":"<script> [1562 bytes]","args":[{"selector":{"controlType":"sap.m.Link","viewName":"etm.portal.ui.managehandovers.view.DetailExecuteHO","bindingPath":{"path":"","propertyPath":"/wmDoc","modelName":"warehouseMovModel"}},"wdio_ui5_key":"etmportal.ui.managehandovers.view.DetailExecuteHOsap.m.Link{\"path\":\"\",\"propertyPath\":\"/wmDoc\",\"modelName\":\"warehouseMovModel\"}"}]}
RESULT: {"script":"<script> [1562 bytes]","args":[{"selector":{"controlType":"sap.m.Link","viewName":"etm.portal.ui.managehandovers.view.DetailExecuteHO","bindingPath":{"path":"","propertyPath":"/wmDoc","modelName":"warehouseMovModel"}},"wdio_ui5_key":"etmportal.ui.managehandovers.view.DetailExecuteHOsap.m.Link{\"path\":\"\",\"propertyPath\":\"/wmDoc\",\"modelName\":\"warehouseMovModel\"}"}]}
RESULT: undefined
COMMAND: POST /session/47a0cfcb1b688bc57e33978b59aaa3c6/element - {"using":"xpath","value":"//*[@id=\"__link81\"]"}
RESULT: {"using":"xpath","value":"//*[@id=\"__link81\"]"}
COMMAND: POST /session/47a0cfcb1b688bc57e33978b59aaa3c6/element/f.B7EBD3B9E1BF342B1CF0F76B0C9C80BF.d.F551CF48CB6F00274BC475648DF4B834.e.19561/click - {}
RESULT: {}
COMMAND: GET /session/47a0cfcb1b688bc57e33978b59aaa3c6/screenshot - {}
RESULT: {}
COMMAND: POST /session/47a0cfcb1b688bc57e33978b59aaa3c6/execute/async - {"script":"<script> [1562 bytes]","args":[{"selector":{"controlType":"sap.m.Link","viewName":"etm.portal.ui.managehandovers.view.DetailExecuteHO","properties":{"text":"Warehouse Overview"},"searchOpenDialogs":true},"wdio_ui5_key":"etmportal.ui.managehandovers.view.DetailExecuteHOsap.m.Link{\"text\":\"Warehouse Overview\"}"}]}
RESULT: {"script":"<script> [1562 bytes]","args":[{"selector":{"controlType":"sap.m.Link","viewName":"etm.portal.ui.managehandovers.view.DetailExecuteHO","properties":{"text":"Warehouse Overview"},"searchOpenDialogs":true},"wdio_ui5_key":"etmportal.ui.managehandovers.view.DetailExecuteHOsap.m.Link{\"text\":\"Warehouse Overview\"}"}]}
RESULT: undefined
COMMAND: POST /session/47a0cfcb1b688bc57e33978b59aaa3c6/element - {"using":"xpath","value":"//*[@id=\"__link96\"]"}
RESULT: {"using":"xpath","value":"//*[@id=\"__link96\"]"}
COMMAND: POST /session/47a0cfcb1b688bc57e33978b59aaa3c6/element/f.B7EBD3B9E1BF342B1CF0F76B0C9C80BF.d.F551CF48CB6F00274BC475648DF4B834.e.19565/click - {}
RESULT: {}
COMMAND: GET /session/47a0cfcb1b688bc57e33978b59aaa3c6/screenshot - {}
COMMAND: POST /session/47a0cfcb1b688bc57e33978b59aaa3c6/execute/async - {"script":"<script> [1562 bytes]","args":[{"selector":{"controlType":"sap.m.Button","viewName":"etm.portal.ui.warehousemovements.view.DisplayMovement","viewId":"application-warehousemovements-display-component---displayMovement","i18NText":{"propertyName":"text","key":"execution"},"interaction":{"idSuffix":"BDI-content"}},"wdio_ui5_key":"etmportal.ui.warehousemovements.view.DisplayMovementsap.m.Button{\"propertyName\":\"text\",\"key\":\"execution\"}"}]}
RESULT: {}
RESULT: {"script":"<script> [1562 bytes]","args":[{"selector":{"controlType":"sap.m.Button","viewName":"etm.portal.ui.warehousemovements.view.DisplayMovement","viewId":"application-warehousemovements-display-component---displayMovement","i18NText":{"propertyName":"text","key":"execution"},"interaction":{"idSuffix":"BDI-content"}},"wdio_ui5_key":"etmportal.ui.warehousemovements.view.DisplayMovementsap.m.Button{\"propertyName\":\"text\",\"key\":\"execution\"}"}]}
RESULT: undefined
COMMAND: POST /session/47a0cfcb1b688bc57e33978b59aaa3c6/element - {"using":"xpath","value":"//*[@id=\"__button219\"]"}
RESULT: {"using":"xpath","value":"//*[@id=\"__button219\"]"}
COMMAND: POST /session/47a0cfcb1b688bc57e33978b59aaa3c6/element/f.B7EBD3B9E1BF342B1CF0F76B0C9C80BF.d.F551CF48CB6F00274BC475648DF4B834.e.19700/click - {}
RESULT: {}
COMMAND: GET /session/47a0cfcb1b688bc57e33978b59aaa3c6/screenshot - {}
RESULT: {}
COMMAND: POST /session/47a0cfcb1b688bc57e33978b59aaa3c6/execute/async - {"script":"<script> [1562 bytes]","args":[{"selector":{"controlType":"sap.m.Button","viewName":"etm.portal.ui.warehousemovements.view.ExecuteMovement","viewId":"application-warehousemovements-display-component---executeMovement","properties":{"text":"Items"},"interaction":{"idSuffix":"BDI-content"}},"wdio_ui5_key":"etmportal.ui.warehousemovements.view.ExecuteMovementsap.m.Button{\"text\":\"Items\"}"}]}
RESULT: {"script":"<script> [1562 bytes]","args":[{"selector":{"controlType":"sap.m.Button","viewName":"etm.portal.ui.warehousemovements.view.ExecuteMovement","viewId":"application-warehousemovements-display-component---executeMovement","properties":{"text":"Items"},"interaction":{"idSuffix":"BDI-content"}},"wdio_ui5_key":"etmportal.ui.warehousemovements.view.ExecuteMovementsap.m.Button{\"text\":\"Items\"}"}]}
RESULT: undefined
COMMAND: POST /session/47a0cfcb1b688bc57e33978b59aaa3c6/element - {"using":"xpath","value":"//*[@id=\"__layout353-anchBar-application-warehousemovements-display-component---executeMovement--itemsSection-anchor\"]"}
RESULT: {"using":"xpath","value":"//*[@id=\"__layout353-anchBar-application-warehousemovements-display-component---executeMovement--itemsSection-anchor\"]"}
COMMAND: POST /session/47a0cfcb1b688bc57e33978b59aaa3c6/element/f.B7EBD3B9E1BF342B1CF0F76B0C9C80BF.d.F551CF48CB6F00274BC475648DF4B834.e.19801/click - {}
RESULT: {}
COMMAND: GET /session/47a0cfcb1b688bc57e33978b59aaa3c6/screenshot - {}
RESULT: {}
COMMAND: POST /session/47a0cfcb1b688bc57e33978b59aaa3c6/execute/async - {"script":"<script> [1562 bytes]","args":[{"selector":{"controlType":"sap.m.ToggleButton","viewName":"etm.portal.ui.warehousemovements.view.ExecuteMovement","viewId":"application-warehousemovements-display-component---executeMovement","bindingPath":{"propertyPath":"STATUS","modelName":"catalogModel"},"interaction":{"idSuffix":"BDI-content"}},"wdio_ui5_key":"etmportal.ui.warehousemovements.view.ExecuteMovementsap.m.ToggleButton{\"propertyPath\":\"STATUS\",\"modelName\":\"catalogModel\"}"}]}
RESULT: {"script":"<script> [1562 bytes]","args":[{"selector":{"controlType":"sap.m.ToggleButton","viewName":"etm.portal.ui.warehousemovements.view.ExecuteMovement","viewId":"application-warehousemovements-display-component---executeMovement","bindingPath":{"propertyPath":"STATUS","modelName":"catalogModel"},"interaction":{"idSuffix":"BDI-content"}},"wdio_ui5_key":"etmportal.ui.warehousemovements.view.ExecuteMovementsap.m.ToggleButton{\"propertyPath\":\"STATUS\",\"modelName\":\"catalogModel\"}"}]}
RESULT: undefined
COMMAND: POST /session/47a0cfcb1b688bc57e33978b59aaa3c6/element - {"using":"xpath","value":"//*[@id=\"__button242-__clone4139\"]"}
RESULT: {"using":"xpath","value":"//*[@id=\"__button242-__clone4139\"]"}
COMMAND: POST /session/47a0cfcb1b688bc57e33978b59aaa3c6/element/f.B7EBD3B9E1BF342B1CF0F76B0C9C80BF.d.F551CF48CB6F00274BC475648DF4B834.e.19772/click - {}
RESULT: {}
RESULT: undefined
COMMAND: POST /session/47a0cfcb1b688bc57e33978b59aaa3c6/element - {"using":"xpath","value":"//*[@id=\"__button242-__clone4139\"]"}
COMMAND: GET /session/47a0cfcb1b688bc57e33978b59aaa3c6/screenshot - {}
RESULT: {"using":"xpath","value":"//*[@id=\"__button242-__clone4139\"]"}
COMMAND: POST /session/47a0cfcb1b688bc57e33978b59aaa3c6/element/f.B7EBD3B9E1BF342B1CF0F76B0C9C80BF.d.F551CF48CB6F00274BC475648DF4B834.e.19772/click - {}
RESULT: {}
RESULT: {}
COMMAND: GET /session/47a0cfcb1b688bc57e33978b59aaa3c6/screenshot - {}
RESULT: {}
COMMAND: POST /session/47a0cfcb1b688bc57e33978b59aaa3c6/element - {"using":"xpath","value":"//section[contains(@id,\"FC-NoHead\")]/div[1]/div[5]/div[2]/span"}
RESULT: {"using":"xpath","value":"//section[contains(@id,\"FC-NoHead\")]/div[1]/div[5]/div[2]/span"}
COMMAND: POST /session/47a0cfcb1b688bc57e33978b59aaa3c6/elements - {"using":"xpath","value":"//section[contains(@id,\"FC-NoHead\")]/div[1]/div[5]/div[2]/span"}
RESULT: {"using":"xpath","value":"//section[contains(@id,\"FC-NoHead\")]/div[1]/div[5]/div[2]/span"}
COMMAND: POST /session/47a0cfcb1b688bc57e33978b59aaa3c6/execute/sync - {"script":"<script> [56 bytes]","args":[{"element-6066-11e4-a52e-4f735466cecf":"f.B7EBD3B9E1BF342B1CF0F76B0C9C80BF.d.F551CF48CB6F00274BC475648DF4B834.e.19807","ELEMENT":"f.B7EBD3B9E1BF342B1CF0F76B0C9C80BF.d.F551CF48CB6F00274BC475648DF4B834.e.19807"}]}
RESULT: {"script":"<script> [56 bytes]","args":[{"element-6066-11e4-a52e-4f735466cecf":"f.B7EBD3B9E1BF342B1CF0F76B0C9C80BF.d.F551CF48CB6F00274BC475648DF4B834.e.19807","ELEMENT":"f.B7EBD3B9E1BF342B1CF0F76B0C9C80BF.d.F551CF48CB6F00274BC475648DF4B834.e.19807"}]}
COMMAND: POST /session/47a0cfcb1b688bc57e33978b59aaa3c6/actions - {"actions":[{"id":"action60","type":"key","parameters":{},"actions":[{"type":"keyDown","value":"î€‡"},{"type":"pause","duration":10},{"type":"keyUp","value":"î€‡"}]}]}
COMMAND: GET /session/47a0cfcb1b688bc57e33978b59aaa3c6/screenshot - {}
RESULT: {"actions":[{"id":"action60","type":"key","parameters":{},"actions":[{"type":"keyDown","value":"î€‡"},{"type":"pause","duration":10},{"type":"keyUp","value":"î€‡"}]}]}
COMMAND: POST /session/47a0cfcb1b688bc57e33978b59aaa3c6/execute/async - {"script":"<script> [1562 bytes]","args":[{"selector":{"id":"application-warehousemovements-display-component---executeMovement--executeId","interaction":{"idSuffix":"BDI-content"}},"wdio_ui5_key":"applicationwarehousemovements-display-component---executeMovement--executeId"}]}
COMMAND: GET /session/47a0cfcb1b688bc57e33978b59aaa3c6/screenshot - {}
RESULT: {}
RESULT: {"script":"<script> [1562 bytes]","args":[{"selector":{"id":"application-warehousemovements-display-component---executeMovement--executeId","interaction":{"idSuffix":"BDI-content"}},"wdio_ui5_key":"applicationwarehousemovements-display-component---executeMovement--executeId"}]}
RESULT: undefined
COMMAND: POST /session/47a0cfcb1b688bc57e33978b59aaa3c6/element - {"using":"xpath","value":"//*[@id=\"application-warehousemovements-display-component---executeMovement--executeId\"]"}
RESULT: {}
RESULT: {"using":"xpath","value":"//*[@id=\"application-warehousemovements-display-component---executeMovement--executeId\"]"}
COMMAND: POST /session/47a0cfcb1b688bc57e33978b59aaa3c6/element/f.B7EBD3B9E1BF342B1CF0F76B0C9C80BF.d.F551CF48CB6F00274BC475648DF4B834.e.19766/click - {}
RESULT: {}
COMMAND: GET /session/47a0cfcb1b688bc57e33978b59aaa3c6/screenshot - {}
RESULT: {}
COMMAND: POST /session/47a0cfcb1b688bc57e33978b59aaa3c6/element - {"using":"css selector","value":"#shell-header-logo"}
RESULT: {"using":"css selector","value":"#shell-header-logo"}
COMMAND: POST /session/47a0cfcb1b688bc57e33978b59aaa3c6/element/f.B7EBD3B9E1BF342B1CF0F76B0C9C80BF.d.F551CF48CB6F00274BC475648DF4B834.e.18629/click - {}
RESULT: {}
COMMAND: GET /session/47a0cfcb1b688bc57e33978b59aaa3c6/screenshot - {}
RESULT: {}
RESULT: undefined
COMMAND: POST /session/47a0cfcb1b688bc57e33978b59aaa3c6/element - {"using":"xpath","value":"//*[@id=\"__tile133\"]"}
RESULT: {"using":"xpath","value":"//*[@id=\"__tile133\"]"}
COMMAND: POST /session/47a0cfcb1b688bc57e33978b59aaa3c6/element/f.B7EBD3B9E1BF342B1CF0F76B0C9C80BF.d.F551CF48CB6F00274BC475648DF4B834.e.17170/click - {}
RESULT: {}
COMMAND: GET /session/47a0cfcb1b688bc57e33978b59aaa3c6/screenshot - {}
RESULT: {}
COMMAND: POST /session/47a0cfcb1b688bc57e33978b59aaa3c6/elements - {"using":"xpath","value":"//span[text()='Error']"}
RESULT: {"using":"xpath","value":"//span[text()='Error']"}
COMMAND: POST /session/47a0cfcb1b688bc57e33978b59aaa3c6/execute/async - {"script":"<script> [1562 bytes]","args":[{"selector":{"controlType":"sap.m.SearchField","viewName":"etm.portal.ui.managehandovers.view.MasterHO","bindingPath":{"propertyPath":"/_BASIC_SEARCH_FIELD","modelName":"fi1t3rM0d31"},"interaction":{"idSuffix":"I"}},"wdio_ui5_key":"etmportal.ui.managehandovers.view.MasterHOsap.m.SearchField{\"propertyPath\":\"/_BASIC_SEARCH_FIELD\",\"modelName\":\"fi1t3rM0d31\"}"}]}
RESULT: {"script":"<script> [1562 bytes]","args":[{"selector":{"controlType":"sap.m.SearchField","viewName":"etm.portal.ui.managehandovers.view.MasterHO","bindingPath":{"propertyPath":"/_BASIC_SEARCH_FIELD","modelName":"fi1t3rM0d31"},"interaction":{"idSuffix":"I"}},"wdio_ui5_key":"etmportal.ui.managehandovers.view.MasterHOsap.m.SearchField{\"propertyPath\":\"/_BASIC_SEARCH_FIELD\",\"modelName\":\"fi1t3rM0d31\"}"}]}
RESULT: undefined
COMMAND: POST /session/47a0cfcb1b688bc57e33978b59aaa3c6/execute/async - {"script":"<script> [776 bytes]","args":[{"enterText":"30860","selector":{"controlType":"sap.m.SearchField","viewName":"etm.portal.ui.managehandovers.view.MasterHO","bindingPath":{"propertyPath":"/_BASIC_SEARCH_FIELD","modelName":"fi1t3rM0d31"},"interaction":{"idSuffix":"I"}},"clearTextFirst":true,"interactionType":"ENTER_TEXT"}]}
RESULT: {"script":"<script> [776 bytes]","args":[{"enterText":"30860","selector":{"controlType":"sap.m.SearchField","viewName":"etm.portal.ui.managehandovers.view.MasterHO","bindingPath":{"propertyPath":"/_BASIC_SEARCH_FIELD","modelName":"fi1t3rM0d31"},"interaction":{"idSuffix":"I"}},"clearTextFirst":true,"interactionType":"ENTER_TEXT"}]}
COMMAND: POST /session/47a0cfcb1b688bc57e33978b59aaa3c6/actions - {"actions":[{"id":"action61","type":"key","parameters":{},"actions":[{"type":"keyDown","value":"î€‡"},{"type":"pause","duration":10},{"type":"keyUp","value":"î€‡"}]}]}
RESULT: {"actions":[{"id":"action61","type":"key","parameters":{},"actions":[{"type":"keyDown","value":"î€‡"},{"type":"pause","duration":10},{"type":"keyUp","value":"î€‡"}]}]}
COMMAND: GET /session/47a0cfcb1b688bc57e33978b59aaa3c6/screenshot - {}
RESULT: {}
COMMAND: POST /session/47a0cfcb1b688bc57e33978b59aaa3c6/execute/async - {"script":"<script> [1562 bytes]","args":[{"selector":{"controlType":"sap.ui.core.Icon","viewName":"etm.portal.ui.managehandovers.view.MasterHO","properties":{"src":{"regex":{"source":"slim\\-arrow\\-right"}}}},"wdio_ui5_key":"etmportal.ui.managehandovers.view.MasterHOsap.ui.core.Icon{\"src\":{\"regex\":{\"source\":\"slim\\\\-arrow\\\\-right\"}}}"}]}
RESULT: {"script":"<script> [1562 bytes]","args":[{"selector":{"controlType":"sap.ui.core.Icon","viewName":"etm.portal.ui.managehandovers.view.MasterHO","properties":{"src":{"regex":{"source":"slim\\-arrow\\-right"}}}},"wdio_ui5_key":"etmportal.ui.managehandovers.view.MasterHOsap.ui.core.Icon{\"src\":{\"regex\":{\"source\":\"slim\\\\-arrow\\\\-right\"}}}"}]}
RESULT: undefined
COMMAND: POST /session/47a0cfcb1b688bc57e33978b59aaa3c6/element - {"using":"xpath","value":"//*[@id=\"__item2108-__clone4218-imgNav\"]"}
RESULT: {"using":"xpath","value":"//*[@id=\"__item2108-__clone4218-imgNav\"]"}
COMMAND: POST /session/47a0cfcb1b688bc57e33978b59aaa3c6/element/f.B7EBD3B9E1BF342B1CF0F76B0C9C80BF.d.F551CF48CB6F00274BC475648DF4B834.e.20147/click - {}
RESULT: {}
COMMAND: GET /session/47a0cfcb1b688bc57e33978b59aaa3c6/screenshot - {}
RESULT: {}
COMMAND: POST /session/47a0cfcb1b688bc57e33978b59aaa3c6/execute/async - {"script":"<script> [1562 bytes]","args":[{"selector":{"controlType":"sap.m.Button","viewName":"etm.portal.ui.managehandovers.view.DetailExecuteHO","i18NText":{"propertyName":"text","key":"confirmAll"},"interaction":{"idSuffix":"BDI-content"}},"wdio_ui5_key":"etmportal.ui.managehandovers.view.DetailExecuteHOsap.m.Button{\"propertyName\":\"text\",\"key\":\"confirmAll\"}"}]}
RESULT: {"script":"<script> [1562 bytes]","args":[{"selector":{"controlType":"sap.m.Button","viewName":"etm.portal.ui.managehandovers.view.DetailExecuteHO","i18NText":{"propertyName":"text","key":"confirmAll"},"interaction":{"idSuffix":"BDI-content"}},"wdio_ui5_key":"etmportal.ui.managehandovers.view.DetailExecuteHOsap.m.Button{\"propertyName\":\"text\",\"key\":\"confirmAll\"}"}]}
RESULT: undefined
COMMAND: POST /session/47a0cfcb1b688bc57e33978b59aaa3c6/element - {"using":"xpath","value":"//*[@id=\"__button280\"]"}
RESULT: {"using":"xpath","value":"//*[@id=\"__button280\"]"}
COMMAND: POST /session/47a0cfcb1b688bc57e33978b59aaa3c6/element/f.B7EBD3B9E1BF342B1CF0F76B0C9C80BF.d.F551CF48CB6F00274BC475648DF4B834.e.20230/click - {}
RESULT: {}
COMMAND: GET /session/47a0cfcb1b688bc57e33978b59aaa3c6/screenshot - {}
RESULT: {}
COMMAND: POST /session/47a0cfcb1b688bc57e33978b59aaa3c6/actions - {"actions":[{"id":"action62","type":"key","parameters":{},"actions":[{"type":"keyDown","value":"î€‡"},{"type":"pause","duration":10},{"type":"keyUp","value":"î€‡"}]}]}
RESULT: {"actions":[{"id":"action62","type":"key","parameters":{},"actions":[{"type":"keyDown","value":"î€‡"},{"type":"pause","duration":10},{"type":"keyUp","value":"î€‡"}]}]}
COMMAND: GET /session/47a0cfcb1b688bc57e33978b59aaa3c6/screenshot - {}
RESULT: {}
COMMAND: POST /session/47a0cfcb1b688bc57e33978b59aaa3c6/element - {"using":"xpath","value":"//button[@data-kt=\"execHoIssueButton\"]"}
RESULT: {"using":"xpath","value":"//button[@data-kt=\"execHoIssueButton\"]"}
COMMAND: POST /session/47a0cfcb1b688bc57e33978b59aaa3c6/element/f.B7EBD3B9E1BF342B1CF0F76B0C9C80BF.d.F551CF48CB6F00274BC475648DF4B834.e.20237/click - {}
RESULT: {}
COMMAND: GET /session/47a0cfcb1b688bc57e33978b59aaa3c6/screenshot - {}
RESULT: {}
RESULT: undefined
COMMAND: POST /session/47a0cfcb1b688bc57e33978b59aaa3c6/execute/async - {"script":"<script> [776 bytes]","args":[{"enterText":"30860","selector":{"controlType":"sap.m.SearchField","viewName":"etm.portal.ui.managehandovers.view.MasterHO","bindingPath":{"propertyPath":"/_BASIC_SEARCH_FIELD","modelName":"fi1t3rM0d31"},"interaction":{"idSuffix":"I"}},"clearTextFirst":true,"interactionType":"ENTER_TEXT"}]}
RESULT: {"script":"<script> [776 bytes]","args":[{"enterText":"30860","selector":{"controlType":"sap.m.SearchField","viewName":"etm.portal.ui.managehandovers.view.MasterHO","bindingPath":{"propertyPath":"/_BASIC_SEARCH_FIELD","modelName":"fi1t3rM0d31"},"interaction":{"idSuffix":"I"}},"clearTextFirst":true,"interactionType":"ENTER_TEXT"}]}
COMMAND: POST /session/47a0cfcb1b688bc57e33978b59aaa3c6/actions - {"actions":[{"id":"action63","type":"key","parameters":{},"actions":[{"type":"keyDown","value":"î€‡"},{"type":"pause","duration":10},{"type":"keyUp","value":"î€‡"}]}]}
RESULT: {"actions":[{"id":"action63","type":"key","parameters":{},"actions":[{"type":"keyDown","value":"î€‡"},{"type":"pause","duration":10},{"type":"keyUp","value":"î€‡"}]}]}
COMMAND: GET /session/47a0cfcb1b688bc57e33978b59aaa3c6/screenshot - {}
RESULT: {}
COMMAND: POST /session/47a0cfcb1b688bc57e33978b59aaa3c6/element - {"using":"xpath","value":"//span[(text() = '30860' or . = '30860')]"}
RESULT: {"using":"xpath","value":"//span[(text() = '30860' or . = '30860')]"}
COMMAND: POST /session/47a0cfcb1b688bc57e33978b59aaa3c6/element/f.B7EBD3B9E1BF342B1CF0F76B0C9C80BF.d.F551CF48CB6F00274BC475648DF4B834.e.20282/click - {}
RESULT: {}
COMMAND: GET /session/47a0cfcb1b688bc57e33978b59aaa3c6/screenshot - {}
RESULT: {}
COMMAND: POST /session/47a0cfcb1b688bc57e33978b59aaa3c6/element - {"using":"xpath","value":"//span[contains(text(), \"Instructions\")]"}
RESULT: {"using":"xpath","value":"//span[contains(text(), \"Instructions\")]"}
COMMAND: POST /session/47a0cfcb1b688bc57e33978b59aaa3c6/element/f.B7EBD3B9E1BF342B1CF0F76B0C9C80BF.d.F551CF48CB6F00274BC475648DF4B834.e.20322/click - {}
RESULT: {}
COMMAND: GET /session/47a0cfcb1b688bc57e33978b59aaa3c6/screenshot - {}
RESULT: {}
COMMAND: POST /session/47a0cfcb1b688bc57e33978b59aaa3c6/element - {"using":"xpath","value":"//span[contains(text(), \"Instructions\")]"}
RESULT: {"using":"xpath","value":"//span[contains(text(), \"Instructions\")]"}
COMMAND: POST /session/47a0cfcb1b688bc57e33978b59aaa3c6/element/f.B7EBD3B9E1BF342B1CF0F76B0C9C80BF.d.F551CF48CB6F00274BC475648DF4B834.e.20322/click - {}
RESULT: {}
COMMAND: GET /session/47a0cfcb1b688bc57e33978b59aaa3c6/screenshot - {}
RESULT: {}
COMMAND: POST /session/47a0cfcb1b688bc57e33978b59aaa3c6/execute/async - {"script":"<script> [1562 bytes]","args":[{"selector":{"controlType":"sap.m.ComboBox","viewName":"etm.portal.ui.managehandovers.view.DetailExecuteHO","bindingPath":{"propertyPath":"RECEIVING_SECTION","modelName":"catalogModel"},"interaction":{"idSuffix":"inner"}},"wdio_ui5_key":"etmportal.ui.managehandovers.view.DetailExecuteHOsap.m.ComboBox{\"propertyPath\":\"RECEIVING_SECTION\",\"modelName\":\"catalogModel\"}"}]}
RESULT: {"script":"<script> [1562 bytes]","args":[{"selector":{"controlType":"sap.m.ComboBox","viewName":"etm.portal.ui.managehandovers.view.DetailExecuteHO","bindingPath":{"propertyPath":"RECEIVING_SECTION","modelName":"catalogModel"},"interaction":{"idSuffix":"inner"}},"wdio_ui5_key":"etmportal.ui.managehandovers.view.DetailExecuteHOsap.m.ComboBox{\"propertyPath\":\"RECEIVING_SECTION\",\"modelName\":\"catalogModel\"}"}]}
RESULT: undefined
COMMAND: POST /session/47a0cfcb1b688bc57e33978b59aaa3c6/execute/async - {"script":"<script> [776 bytes]","args":[{"enterText":"WDIO-2302","selector":{"controlType":"sap.m.ComboBox","viewName":"etm.portal.ui.managehandovers.view.DetailExecuteHO","bindingPath":{"propertyPath":"RECEIVING_SECTION","modelName":"catalogModel"},"interaction":{"idSuffix":"inner"}},"clearTextFirst":true,"interactionType":"ENTER_TEXT"}]}
RESULT: {"script":"<script> [776 bytes]","args":[{"enterText":"WDIO-2302","selector":{"controlType":"sap.m.ComboBox","viewName":"etm.portal.ui.managehandovers.view.DetailExecuteHO","bindingPath":{"propertyPath":"RECEIVING_SECTION","modelName":"catalogModel"},"interaction":{"idSuffix":"inner"}},"clearTextFirst":true,"interactionType":"ENTER_TEXT"}]}
COMMAND: POST /session/47a0cfcb1b688bc57e33978b59aaa3c6/actions - {"actions":[{"id":"action64","type":"key","parameters":{},"actions":[{"type":"keyDown","value":"î€‡"},{"type":"pause","duration":10},{"type":"keyUp","value":"î€‡"}]}]}
RESULT: {"actions":[{"id":"action64","type":"key","parameters":{},"actions":[{"type":"keyDown","value":"î€‡"},{"type":"pause","duration":10},{"type":"keyUp","value":"î€‡"}]}]}
COMMAND: GET /session/47a0cfcb1b688bc57e33978b59aaa3c6/screenshot - {}
RESULT: {}
COMMAND: POST /session/47a0cfcb1b688bc57e33978b59aaa3c6/element - {"using":"xpath","value":"//button[@data-kt= \"execHoReceiveButton\"]"}
RESULT: {"using":"xpath","value":"//button[@data-kt= \"execHoReceiveButton\"]"}
COMMAND: POST /session/47a0cfcb1b688bc57e33978b59aaa3c6/element/f.B7EBD3B9E1BF342B1CF0F76B0C9C80BF.d.F551CF48CB6F00274BC475648DF4B834.e.20327/click - {}
RESULT: {}
COMMAND: GET /session/47a0cfcb1b688bc57e33978b59aaa3c6/screenshot - {}
RESULT: {}
COMMAND: POST /session/47a0cfcb1b688bc57e33978b59aaa3c6/execute/async - {"script":"<script> [1562 bytes]","args":[{"selector":{"controlType":"sap.m.Button","properties":{"text":"Continue"},"searchOpenDialogs":true,"interaction":{"idSuffix":"content"}},"wdio_ui5_key":"sapm.Button{\"text\":\"Continue\"}"}]}
RESULT: {"script":"<script> [1562 bytes]","args":[{"selector":{"controlType":"sap.m.Button","properties":{"text":"Continue"},"searchOpenDialogs":true,"interaction":{"idSuffix":"content"}},"wdio_ui5_key":"sapm.Button{\"text\":\"Continue\"}"}]}
RESULT: undefined
COMMAND: POST /session/47a0cfcb1b688bc57e33978b59aaa3c6/element - {"using":"xpath","value":"//*[@id=\"__mbox-btn-6\"]"}
RESULT: {"using":"xpath","value":"//*[@id=\"__mbox-btn-6\"]"}
COMMAND: POST /session/47a0cfcb1b688bc57e33978b59aaa3c6/element/f.B7EBD3B9E1BF342B1CF0F76B0C9C80BF.d.F551CF48CB6F00274BC475648DF4B834.e.20328/click - {}
RESULT: {}
COMMAND: GET /session/47a0cfcb1b688bc57e33978b59aaa3c6/screenshot - {}
RESULT: {}
COMMAND: POST /session/47a0cfcb1b688bc57e33978b59aaa3c6/element - {"using":"css selector","value":"#shell-header-logo"}
RESULT: {"using":"css selector","value":"#shell-header-logo"}
COMMAND: POST /session/47a0cfcb1b688bc57e33978b59aaa3c6/element/f.B7EBD3B9E1BF342B1CF0F76B0C9C80BF.d.F551CF48CB6F00274BC475648DF4B834.e.19887/click - {}
RESULT: {}
COMMAND: GET /session/47a0cfcb1b688bc57e33978b59aaa3c6/screenshot - {}
RESULT: {}
]]></system-out>
    </testcase>
    <testcase classname="chrome.136_0_7103_93.windows.Return_from_Site_w/_warehouse_management_w_clarification" name="Should test for Clarification" time="64.922">
      <system-out><![CDATA[
RESULT: undefined
COMMAND: POST /session/47a0cfcb1b688bc57e33978b59aaa3c6/element - {"using":"xpath","value":"//*[@id=\"__tile133\"]"}
RESULT: {"using":"xpath","value":"//*[@id=\"__tile133\"]"}
COMMAND: POST /session/47a0cfcb1b688bc57e33978b59aaa3c6/element/f.B7EBD3B9E1BF342B1CF0F76B0C9C80BF.d.F551CF48CB6F00274BC475648DF4B834.e.17170/click - {}
RESULT: {}
COMMAND: GET /session/47a0cfcb1b688bc57e33978b59aaa3c6/screenshot - {}
RESULT: {}
COMMAND: POST /session/47a0cfcb1b688bc57e33978b59aaa3c6/elements - {"using":"xpath","value":"//span[text()='Error']"}
RESULT: {"using":"xpath","value":"//span[text()='Error']"}
RESULT: undefined
COMMAND: POST /session/47a0cfcb1b688bc57e33978b59aaa3c6/execute/async - {"script":"<script> [776 bytes]","args":[{"enterText":"30860","selector":{"controlType":"sap.m.SearchField","viewName":"etm.portal.ui.managehandovers.view.MasterHO","bindingPath":{"propertyPath":"/_BASIC_SEARCH_FIELD","modelName":"fi1t3rM0d31"},"interaction":{"idSuffix":"I"}},"clearTextFirst":true,"interactionType":"ENTER_TEXT"}]}
RESULT: {"script":"<script> [776 bytes]","args":[{"enterText":"30860","selector":{"controlType":"sap.m.SearchField","viewName":"etm.portal.ui.managehandovers.view.MasterHO","bindingPath":{"propertyPath":"/_BASIC_SEARCH_FIELD","modelName":"fi1t3rM0d31"},"interaction":{"idSuffix":"I"}},"clearTextFirst":true,"interactionType":"ENTER_TEXT"}]}
COMMAND: POST /session/47a0cfcb1b688bc57e33978b59aaa3c6/actions - {"actions":[{"id":"action65","type":"key","parameters":{},"actions":[{"type":"keyDown","value":"î€‡"},{"type":"pause","duration":10},{"type":"keyUp","value":"î€‡"}]}]}
RESULT: {"actions":[{"id":"action65","type":"key","parameters":{},"actions":[{"type":"keyDown","value":"î€‡"},{"type":"pause","duration":10},{"type":"keyUp","value":"î€‡"}]}]}
COMMAND: GET /session/47a0cfcb1b688bc57e33978b59aaa3c6/screenshot - {}
RESULT: {}
COMMAND: POST /session/47a0cfcb1b688bc57e33978b59aaa3c6/element - {"using":"xpath","value":"//span[(text() = '30860' or . = '30860')]"}
RESULT: {"using":"xpath","value":"//span[(text() = '30860' or . = '30860')]"}
COMMAND: POST /session/47a0cfcb1b688bc57e33978b59aaa3c6/element/f.B7EBD3B9E1BF342B1CF0F76B0C9C80BF.d.F551CF48CB6F00274BC475648DF4B834.e.20484/click - {}
RESULT: {}
COMMAND: GET /session/47a0cfcb1b688bc57e33978b59aaa3c6/screenshot - {}
RESULT: {}
COMMAND: POST /session/47a0cfcb1b688bc57e33978b59aaa3c6/element - {"using":"xpath","value":"//span[contains(text(), \"Instructions\")]"}
RESULT: {"using":"xpath","value":"//span[contains(text(), \"Instructions\")]"}
COMMAND: POST /session/47a0cfcb1b688bc57e33978b59aaa3c6/element/f.B7EBD3B9E1BF342B1CF0F76B0C9C80BF.d.F551CF48CB6F00274BC475648DF4B834.e.20569/click - {}
RESULT: {}
COMMAND: GET /session/47a0cfcb1b688bc57e33978b59aaa3c6/screenshot - {}
RESULT: {}
COMMAND: POST /session/47a0cfcb1b688bc57e33978b59aaa3c6/element - {"using":"xpath","value":"//span[contains(text(), \"Instructions\")]"}
RESULT: {"using":"xpath","value":"//span[contains(text(), \"Instructions\")]"}
COMMAND: POST /session/47a0cfcb1b688bc57e33978b59aaa3c6/element/f.B7EBD3B9E1BF342B1CF0F76B0C9C80BF.d.F551CF48CB6F00274BC475648DF4B834.e.20569/click - {}
RESULT: {}
COMMAND: GET /session/47a0cfcb1b688bc57e33978b59aaa3c6/screenshot - {}
RESULT: {}
COMMAND: POST /session/47a0cfcb1b688bc57e33978b59aaa3c6/element - {"using":"xpath","value":"//button[.//bdi[text() = \"Refuse\"]]"}
RESULT: {"using":"xpath","value":"//button[.//bdi[text() = \"Refuse\"]]"}
COMMAND: POST /session/47a0cfcb1b688bc57e33978b59aaa3c6/element/f.B7EBD3B9E1BF342B1CF0F76B0C9C80BF.d.F551CF48CB6F00274BC475648DF4B834.e.20574/click - {}
RESULT: {}
COMMAND: GET /session/47a0cfcb1b688bc57e33978b59aaa3c6/screenshot - {}
RESULT: {}
COMMAND: POST /session/47a0cfcb1b688bc57e33978b59aaa3c6/element - {"using":"xpath","value":"//button[@data-kt= \"execHoReceiveRefuseButton\"]"}
RESULT: {"using":"xpath","value":"//button[@data-kt= \"execHoReceiveRefuseButton\"]"}
COMMAND: POST /session/47a0cfcb1b688bc57e33978b59aaa3c6/element/f.B7EBD3B9E1BF342B1CF0F76B0C9C80BF.d.F551CF48CB6F00274BC475648DF4B834.e.20576/click - {}
RESULT: {}
COMMAND: GET /session/47a0cfcb1b688bc57e33978b59aaa3c6/screenshot - {}
RESULT: {}
]]></system-out>
    </testcase>
  </testsuite>
  <testsuite timestamp="2025-05-20T17:29:06" time="449.33" tests="9" failures="0" errors="0" skipped="0">
    <properties>
      <property name="specId" value="0" />
      <property name="suiteName" value="Create masterdata for Yard Overview - trigger provide US130988" />
      <property name="capabilities" value="chrome.136_0_7103_93.windows" />
      <property name="file" value="file:///D:/a/1/s/test/specs/HTR/stock-decrease.spec.js" />
    </properties>
    <testcase classname="chrome.136_0_7103_93.windows.Create_masterdata_for_Yard_Overview_-_trigger_provide_US130988" name="Should create a new WHM yard" time="0.029">
      <system-out><![CDATA[
COMMAND: POST /session/47a0cfcb1b688bc57e33978b59aaa3c6/window/fullscreen - {}
RESULT: {}
]]></system-out>
    </testcase>
    <testcase classname="chrome.136_0_7103_93.windows.Create_masterdata_for_Yard_Overview_-_trigger_provide_US130988" name="Should create a new partner" time="0.004" />
    <testcase classname="chrome.136_0_7103_93.windows.Create_masterdata_for_Yard_Overview_-_trigger_provide_US130988" name="Should create a new site" time="0.004" />
    <testcase classname="chrome.136_0_7103_93.windows.Create_masterdata_for_Yard_Overview_-_trigger_provide_US130988" name="Should create a new material" time="131.231">
      <system-out><![CDATA[
COMMAND: POST /session/47a0cfcb1b688bc57e33978b59aaa3c6/execute/async - {"script":"<script> [1562 bytes]","args":[{"selector":{"controlType":"sap.m.GenericTile","properties":{"header":"Manage Resources"}},"wdio_ui5_key":"sapm.GenericTile{\"header\":\"Manage Resources\"}"}]}
RESULT: {"script":"<script> [1562 bytes]","args":[{"selector":{"controlType":"sap.m.GenericTile","properties":{"header":"Manage Resources"}},"wdio_ui5_key":"sapm.GenericTile{\"header\":\"Manage Resources\"}"}]}
RESULT: undefined
COMMAND: POST /session/47a0cfcb1b688bc57e33978b59aaa3c6/element - {"using":"xpath","value":"//*[@id=\"__tile31\"]"}
RESULT: {"using":"xpath","value":"//*[@id=\"__tile31\"]"}
COMMAND: POST /session/47a0cfcb1b688bc57e33978b59aaa3c6/element/f.B7EBD3B9E1BF342B1CF0F76B0C9C80BF.d.0387C0556C3CA04F5E3E0527E9D1CA5E.e.20650/click - {}
RESULT: {}
COMMAND: GET /session/47a0cfcb1b688bc57e33978b59aaa3c6/screenshot - {}
RESULT: {}
COMMAND: POST /session/47a0cfcb1b688bc57e33978b59aaa3c6/elements - {"using":"xpath","value":"//span[text()='Error']"}
RESULT: {"using":"xpath","value":"//span[text()='Error']"}
COMMAND: POST /session/47a0cfcb1b688bc57e33978b59aaa3c6/element - {"using":"xpath","value":"//button[@data-kt=\"addNewRUOverflowToolbarButton\"]"}
RESULT: {"using":"xpath","value":"//button[@data-kt=\"addNewRUOverflowToolbarButton\"]"}
COMMAND: POST /session/47a0cfcb1b688bc57e33978b59aaa3c6/elements - {"using":"xpath","value":"//button[@data-kt=\"addNewRUOverflowToolbarButton\"]"}
RESULT: {"using":"xpath","value":"//button[@data-kt=\"addNewRUOverflowToolbarButton\"]"}
COMMAND: POST /session/47a0cfcb1b688bc57e33978b59aaa3c6/execute/sync - {"script":"<script> [8489 bytes]","args":[{"element-6066-11e4-a52e-4f735466cecf":"f.B7EBD3B9E1BF342B1CF0F76B0C9C80BF.d.0387C0556C3CA04F5E3E0527E9D1CA5E.e.20775","ELEMENT":"f.B7EBD3B9E1BF342B1CF0F76B0C9C80BF.d.0387C0556C3CA04F5E3E0527E9D1CA5E.e.20775"}]}
RESULT: {"script":"<script> [8489 bytes]","args":[{"element-6066-11e4-a52e-4f735466cecf":"f.B7EBD3B9E1BF342B1CF0F76B0C9C80BF.d.0387C0556C3CA04F5E3E0527E9D1CA5E.e.20775","ELEMENT":"f.B7EBD3B9E1BF342B1CF0F76B0C9C80BF.d.0387C0556C3CA04F5E3E0527E9D1CA5E.e.20775"}]}
COMMAND: GET /session/47a0cfcb1b688bc57e33978b59aaa3c6/element/f.B7EBD3B9E1BF342B1CF0F76B0C9C80BF.d.0387C0556C3CA04F5E3E0527E9D1CA5E.e.20775/enabled - {}
COMMAND: GET /session/47a0cfcb1b688bc57e33978b59aaa3c6/screenshot - {}
RESULT: {}
COMMAND: POST /session/47a0cfcb1b688bc57e33978b59aaa3c6/execute/sync - {"script":"<script> [8489 bytes]","args":[{"element-6066-11e4-a52e-4f735466cecf":"f.B7EBD3B9E1BF342B1CF0F76B0C9C80BF.d.0387C0556C3CA04F5E3E0527E9D1CA5E.e.20775","ELEMENT":"f.B7EBD3B9E1BF342B1CF0F76B0C9C80BF.d.0387C0556C3CA04F5E3E0527E9D1CA5E.e.20775"}]}
COMMAND: GET /session/47a0cfcb1b688bc57e33978b59aaa3c6/screenshot - {}
RESULT: {}
RESULT: {"script":"<script> [8489 bytes]","args":[{"element-6066-11e4-a52e-4f735466cecf":"f.B7EBD3B9E1BF342B1CF0F76B0C9C80BF.d.0387C0556C3CA04F5E3E0527E9D1CA5E.e.20775","ELEMENT":"f.B7EBD3B9E1BF342B1CF0F76B0C9C80BF.d.0387C0556C3CA04F5E3E0527E9D1CA5E.e.20775"}]}
COMMAND: POST /session/47a0cfcb1b688bc57e33978b59aaa3c6/execute/sync - {"script":"<script> [5351 bytes]","args":[{"element-6066-11e4-a52e-4f735466cecf":"f.B7EBD3B9E1BF342B1CF0F76B0C9C80BF.d.0387C0556C3CA04F5E3E0527E9D1CA5E.e.20775","ELEMENT":"f.B7EBD3B9E1BF342B1CF0F76B0C9C80BF.d.0387C0556C3CA04F5E3E0527E9D1CA5E.e.20775"}]}
RESULT: {}
COMMAND: GET /session/47a0cfcb1b688bc57e33978b59aaa3c6/screenshot - {}
RESULT: {"script":"<script> [5351 bytes]","args":[{"element-6066-11e4-a52e-4f735466cecf":"f.B7EBD3B9E1BF342B1CF0F76B0C9C80BF.d.0387C0556C3CA04F5E3E0527E9D1CA5E.e.20775","ELEMENT":"f.B7EBD3B9E1BF342B1CF0F76B0C9C80BF.d.0387C0556C3CA04F5E3E0527E9D1CA5E.e.20775"}]}
COMMAND: POST /session/47a0cfcb1b688bc57e33978b59aaa3c6/element/f.B7EBD3B9E1BF342B1CF0F76B0C9C80BF.d.0387C0556C3CA04F5E3E0527E9D1CA5E.e.20775/click - {}
COMMAND: GET /session/47a0cfcb1b688bc57e33978b59aaa3c6/screenshot - {}
RESULT: {}
RESULT: {}
COMMAND: GET /session/47a0cfcb1b688bc57e33978b59aaa3c6/screenshot - {}
RESULT: {}
COMMAND: POST /session/47a0cfcb1b688bc57e33978b59aaa3c6/execute/async - {"script":"<script> [1562 bytes]","args":[{"selector":{"id":"application-manageresources-display-component---newResourceUnit--TYPE-arrow"},"wdio_ui5_key":"applicationmanageresources-display-component---newResourceUnit--TYPE-arrow"}]}
RESULT: {}
RESULT: {"script":"<script> [1562 bytes]","args":[{"selector":{"id":"application-manageresources-display-component---newResourceUnit--TYPE-arrow"},"wdio_ui5_key":"applicationmanageresources-display-component---newResourceUnit--TYPE-arrow"}]}
RESULT: undefined
COMMAND: POST /session/47a0cfcb1b688bc57e33978b59aaa3c6/element - {"using":"xpath","value":"//*[@id=\"application-manageresources-display-component---newResourceUnit--TYPE-arrow\"]"}
RESULT: {"using":"xpath","value":"//*[@id=\"application-manageresources-display-component---newResourceUnit--TYPE-arrow\"]"}
COMMAND: POST /session/47a0cfcb1b688bc57e33978b59aaa3c6/element/f.B7EBD3B9E1BF342B1CF0F76B0C9C80BF.d.0387C0556C3CA04F5E3E0527E9D1CA5E.e.21138/click - {}
RESULT: {}
COMMAND: POST /session/47a0cfcb1b688bc57e33978b59aaa3c6/element - {"using":"xpath","value":"//input[@id=\"application-manageresources-display-component---newResourceUnit--TYPE-inner\"]"}
COMMAND: GET /session/47a0cfcb1b688bc57e33978b59aaa3c6/screenshot - {}
RESULT: {"using":"xpath","value":"//input[@id=\"application-manageresources-display-component---newResourceUnit--TYPE-inner\"]"}
COMMAND: POST /session/47a0cfcb1b688bc57e33978b59aaa3c6/element/f.B7EBD3B9E1BF342B1CF0F76B0C9C80BF.d.0387C0556C3CA04F5E3E0527E9D1CA5E.e.21132/clear - {}
RESULT: {}
RESULT: {}
COMMAND: POST /session/47a0cfcb1b688bc57e33978b59aaa3c6/element/f.B7EBD3B9E1BF342B1CF0F76B0C9C80BF.d.0387C0556C3CA04F5E3E0527E9D1CA5E.e.21132/value - {"text":"Material"}
COMMAND: GET /session/47a0cfcb1b688bc57e33978b59aaa3c6/screenshot - {}
RESULT: {"text":"Material"}
COMMAND: GET /session/47a0cfcb1b688bc57e33978b59aaa3c6/screenshot - {}
RESULT: {}
RESULT: {}
COMMAND: POST /session/47a0cfcb1b688bc57e33978b59aaa3c6/actions - {"actions":[{"id":"action66","type":"key","parameters":{},"actions":[{"type":"keyDown","value":"î€‡"},{"type":"pause","duration":10},{"type":"keyUp","value":"î€‡"}]}]}
RESULT: {"actions":[{"id":"action66","type":"key","parameters":{},"actions":[{"type":"keyDown","value":"î€‡"},{"type":"pause","duration":10},{"type":"keyUp","value":"î€‡"}]}]}
COMMAND: POST /session/47a0cfcb1b688bc57e33978b59aaa3c6/execute/async - {"script":"<script> [1562 bytes]","args":[{"selector":{"id":"application-manageresources-display-component---newResourceUnit--SHORT_TEXT","interaction":{"idSuffix":"inner"}},"wdio_ui5_key":"applicationmanageresources-display-component---newResourceUnit--SHORT_TEXT"}]}
COMMAND: GET /session/47a0cfcb1b688bc57e33978b59aaa3c6/screenshot - {}
RESULT: {"script":"<script> [1562 bytes]","args":[{"selector":{"id":"application-manageresources-display-component---newResourceUnit--SHORT_TEXT","interaction":{"idSuffix":"inner"}},"wdio_ui5_key":"applicationmanageresources-display-component---newResourceUnit--SHORT_TEXT"}]}
RESULT: undefined
COMMAND: POST /session/47a0cfcb1b688bc57e33978b59aaa3c6/execute/async - {"script":"<script> [776 bytes]","args":[{"enterText":"Cement WDIO","selector":{"id":"application-manageresources-display-component---newResourceUnit--SHORT_TEXT","interaction":{"idSuffix":"inner"}},"clearTextFirst":true,"interactionType":"ENTER_TEXT"}]}
RESULT: {}
RESULT: {"script":"<script> [776 bytes]","args":[{"enterText":"Cement WDIO","selector":{"id":"application-manageresources-display-component---newResourceUnit--SHORT_TEXT","interaction":{"idSuffix":"inner"}},"clearTextFirst":true,"interactionType":"ENTER_TEXT"}]}
COMMAND: POST /session/47a0cfcb1b688bc57e33978b59aaa3c6/execute/async - {"script":"<script> [1562 bytes]","args":[{"selector":{"id":"application-manageresources-display-component---newResourceUnit--BASE_UNIT_OF_MEASURE","interaction":{"idSuffix":"inner"}},"wdio_ui5_key":"applicationmanageresources-display-component---newResourceUnit--BASE_UNIT_OF_MEASURE"}]}
RESULT: {"script":"<script> [1562 bytes]","args":[{"selector":{"id":"application-manageresources-display-component---newResourceUnit--BASE_UNIT_OF_MEASURE","interaction":{"idSuffix":"inner"}},"wdio_ui5_key":"applicationmanageresources-display-component---newResourceUnit--BASE_UNIT_OF_MEASURE"}]}
RESULT: undefined
COMMAND: POST /session/47a0cfcb1b688bc57e33978b59aaa3c6/execute/async - {"script":"<script> [776 bytes]","args":[{"enterText":"Piece","selector":{"id":"application-manageresources-display-component---newResourceUnit--BASE_UNIT_OF_MEASURE","interaction":{"idSuffix":"inner"}},"clearTextFirst":true,"interactionType":"ENTER_TEXT"}]}
RESULT: {"script":"<script> [776 bytes]","args":[{"enterText":"Piece","selector":{"id":"application-manageresources-display-component---newResourceUnit--BASE_UNIT_OF_MEASURE","interaction":{"idSuffix":"inner"}},"clearTextFirst":true,"interactionType":"ENTER_TEXT"}]}
COMMAND: POST /session/47a0cfcb1b688bc57e33978b59aaa3c6/execute/async - {"script":"<script> [1562 bytes]","args":[{"selector":{"id":"application-manageresources-display-component---newResourceUnit--WEIGHT_UNIT","interaction":{"idSuffix":"inner"}},"wdio_ui5_key":"applicationmanageresources-display-component---newResourceUnit--WEIGHT_UNIT"}]}
RESULT: {"script":"<script> [1562 bytes]","args":[{"selector":{"id":"application-manageresources-display-component---newResourceUnit--WEIGHT_UNIT","interaction":{"idSuffix":"inner"}},"wdio_ui5_key":"applicationmanageresources-display-component---newResourceUnit--WEIGHT_UNIT"}]}
RESULT: undefined
COMMAND: POST /session/47a0cfcb1b688bc57e33978b59aaa3c6/execute/async - {"script":"<script> [776 bytes]","args":[{"enterText":"Gram","selector":{"id":"application-manageresources-display-component---newResourceUnit--WEIGHT_UNIT","interaction":{"idSuffix":"inner"}},"clearTextFirst":true,"interactionType":"ENTER_TEXT"}]}
RESULT: {"script":"<script> [776 bytes]","args":[{"enterText":"Gram","selector":{"id":"application-manageresources-display-component---newResourceUnit--WEIGHT_UNIT","interaction":{"idSuffix":"inner"}},"clearTextFirst":true,"interactionType":"ENTER_TEXT"}]}
COMMAND: POST /session/47a0cfcb1b688bc57e33978b59aaa3c6/execute/async - {"script":"<script> [1562 bytes]","args":[{"selector":{"id":"application-manageresources-display-component---newResourceUnit--DIMENSION_UNIT","interaction":{"idSuffix":"inner"}},"wdio_ui5_key":"applicationmanageresources-display-component---newResourceUnit--DIMENSION_UNIT"}]}
RESULT: {"script":"<script> [1562 bytes]","args":[{"selector":{"id":"application-manageresources-display-component---newResourceUnit--DIMENSION_UNIT","interaction":{"idSuffix":"inner"}},"wdio_ui5_key":"applicationmanageresources-display-component---newResourceUnit--DIMENSION_UNIT"}]}
RESULT: undefined
COMMAND: POST /session/47a0cfcb1b688bc57e33978b59aaa3c6/execute/async - {"script":"<script> [776 bytes]","args":[{"enterText":"Meter","selector":{"id":"application-manageresources-display-component---newResourceUnit--DIMENSION_UNIT","interaction":{"idSuffix":"inner"}},"clearTextFirst":true,"interactionType":"ENTER_TEXT"}]}
RESULT: {"script":"<script> [776 bytes]","args":[{"enterText":"Meter","selector":{"id":"application-manageresources-display-component---newResourceUnit--DIMENSION_UNIT","interaction":{"idSuffix":"inner"}},"clearTextFirst":true,"interactionType":"ENTER_TEXT"}]}
COMMAND: POST /session/47a0cfcb1b688bc57e33978b59aaa3c6/execute/async - {"script":"<script> [1562 bytes]","args":[{"selector":{"id":"application-manageresources-display-component---newResourceUnit--newRRUPage-anchBar-application-manageresources-display-component---newResourceUnit--control-anchor","interaction":{"idSuffix":"BDI-content"}},"wdio_ui5_key":"applicationmanageresources-display-component---newResourceUnit--newRRUPage-anchBar-application-manageresources-display-component---newResourceUnit--control-anchor"}]}
RESULT: {"script":"<script> [1562 bytes]","args":[{"selector":{"id":"application-manageresources-display-component---newResourceUnit--newRRUPage-anchBar-application-manageresources-display-component---newResourceUnit--control-anchor","interaction":{"idSuffix":"BDI-content"}},"wdio_ui5_key":"applicationmanageresources-display-component---newResourceUnit--newRRUPage-anchBar-application-manageresources-display-component---newResourceUnit--control-anchor"}]}
RESULT: undefined
COMMAND: POST /session/47a0cfcb1b688bc57e33978b59aaa3c6/element - {"using":"xpath","value":"//*[@id=\"application-manageresources-display-component---newResourceUnit--newRRUPage-anchBar-application-manageresources-display-component---newResourceUnit--control-anchor\"]"}
RESULT: {"using":"xpath","value":"//*[@id=\"application-manageresources-display-component---newResourceUnit--newRRUPage-anchBar-application-manageresources-display-component---newResourceUnit--control-anchor\"]"}
COMMAND: POST /session/47a0cfcb1b688bc57e33978b59aaa3c6/element/f.B7EBD3B9E1BF342B1CF0F76B0C9C80BF.d.0387C0556C3CA04F5E3E0527E9D1CA5E.e.21203/click - {}
RESULT: {}
COMMAND: POST /session/47a0cfcb1b688bc57e33978b59aaa3c6/execute/async - {"script":"<script> [1562 bytes]","args":[{"selector":{"id":"application-manageresources-display-component---newResourceUnit--PLANNING_GROUP","interaction":{"idSuffix":"inner"}},"wdio_ui5_key":"applicationmanageresources-display-component---newResourceUnit--PLANNING_GROUP"}]}
COMMAND: GET /session/47a0cfcb1b688bc57e33978b59aaa3c6/screenshot - {}
RESULT: {"script":"<script> [1562 bytes]","args":[{"selector":{"id":"application-manageresources-display-component---newResourceUnit--PLANNING_GROUP","interaction":{"idSuffix":"inner"}},"wdio_ui5_key":"applicationmanageresources-display-component---newResourceUnit--PLANNING_GROUP"}]}
RESULT: undefined
COMMAND: POST /session/47a0cfcb1b688bc57e33978b59aaa3c6/execute/async - {"script":"<script> [776 bytes]","args":[{"enterText":"Material","selector":{"id":"application-manageresources-display-component---newResourceUnit--PLANNING_GROUP","interaction":{"idSuffix":"inner"}},"clearTextFirst":true,"interactionType":"ENTER_TEXT"}]}
RESULT: {}
RESULT: {"script":"<script> [776 bytes]","args":[{"enterText":"Material","selector":{"id":"application-manageresources-display-component---newResourceUnit--PLANNING_GROUP","interaction":{"idSuffix":"inner"}},"clearTextFirst":true,"interactionType":"ENTER_TEXT"}]}
COMMAND: POST /session/47a0cfcb1b688bc57e33978b59aaa3c6/execute/async - {"script":"<script> [1562 bytes]","args":[{"selector":{"id":"application-manageresources-display-component---newResourceUnit--PLANNING_INDICATOR","interaction":{"idSuffix":"inner"}},"wdio_ui5_key":"applicationmanageresources-display-component---newResourceUnit--PLANNING_INDICATOR"}]}
RESULT: {"script":"<script> [1562 bytes]","args":[{"selector":{"id":"application-manageresources-display-component---newResourceUnit--PLANNING_INDICATOR","interaction":{"idSuffix":"inner"}},"wdio_ui5_key":"applicationmanageresources-display-component---newResourceUnit--PLANNING_INDICATOR"}]}
RESULT: undefined
COMMAND: POST /session/47a0cfcb1b688bc57e33978b59aaa3c6/execute/async - {"script":"<script> [776 bytes]","args":[{"enterText":"10 - infinite","selector":{"id":"application-manageresources-display-component---newResourceUnit--PLANNING_INDICATOR","interaction":{"idSuffix":"inner"}},"clearTextFirst":true,"interactionType":"ENTER_TEXT"}]}
RESULT: {"script":"<script> [776 bytes]","args":[{"enterText":"10 - infinite","selector":{"id":"application-manageresources-display-component---newResourceUnit--PLANNING_INDICATOR","interaction":{"idSuffix":"inner"}},"clearTextFirst":true,"interactionType":"ENTER_TEXT"}]}
COMMAND: POST /session/47a0cfcb1b688bc57e33978b59aaa3c6/element - {"using":"css selector","value":"#application-manageresources-display-component---newResourceUnit--btnAddTimeSegment"}
RESULT: {"using":"css selector","value":"#application-manageresources-display-component---newResourceUnit--btnAddTimeSegment"}
COMMAND: GET /session/47a0cfcb1b688bc57e33978b59aaa3c6/element/f.B7EBD3B9E1BF342B1CF0F76B0C9C80BF.d.0387C0556C3CA04F5E3E0527E9D1CA5E.e.21213/rect - {}
RESULT: {}
COMMAND: GET /session/47a0cfcb1b688bc57e33978b59aaa3c6/window/rect - {}
RESULT: {}
COMMAND: POST /session/47a0cfcb1b688bc57e33978b59aaa3c6/execute/sync - {"script":"<script> [92 bytes]","args":[]}
RESULT: {"script":"<script> [92 bytes]","args":[]}
COMMAND: POST /session/47a0cfcb1b688bc57e33978b59aaa3c6/actions - {"actions":[{"id":"action67","type":"wheel","parameters":{},"actions":[{"type":"scroll","x":-1888,"y":-32,"deltaX":0,"deltaY":0,"duration":0,"origin":{"element-6066-11e4-a52e-4f735466cecf":"f.B7EBD3B9E1BF342B1CF0F76B0C9C80BF.d.0387C0556C3CA04F5E3E0527E9D1CA5E.e.21213"}}]}]}
COMMAND: GET /session/47a0cfcb1b688bc57e33978b59aaa3c6/screenshot - {}
RESULT: {}
COMMAND: POST /session/47a0cfcb1b688bc57e33978b59aaa3c6/execute/sync - {"script":"<script> [79 bytes]","args":[{"element-6066-11e4-a52e-4f735466cecf":"f.B7EBD3B9E1BF342B1CF0F76B0C9C80BF.d.0387C0556C3CA04F5E3E0527E9D1CA5E.e.21213","ELEMENT":"f.B7EBD3B9E1BF342B1CF0F76B0C9C80BF.d.0387C0556C3CA04F5E3E0527E9D1CA5E.e.21213"},{"block":"start","inline":"nearest"}]}
RESULT: {"script":"<script> [79 bytes]","args":[{"element-6066-11e4-a52e-4f735466cecf":"f.B7EBD3B9E1BF342B1CF0F76B0C9C80BF.d.0387C0556C3CA04F5E3E0527E9D1CA5E.e.21213","ELEMENT":"f.B7EBD3B9E1BF342B1CF0F76B0C9C80BF.d.0387C0556C3CA04F5E3E0527E9D1CA5E.e.21213"},{"block":"start","inline":"nearest"}]}
COMMAND: POST /session/47a0cfcb1b688bc57e33978b59aaa3c6/execute/async - {"script":"<script> [1562 bytes]","args":[{"selector":{"id":"application-manageresources-display-component---newResourceUnit--btnAddTimeSegment","interaction":{"idSuffix":"inner"}},"wdio_ui5_key":"applicationmanageresources-display-component---newResourceUnit--btnAddTimeSegment"}]}
COMMAND: GET /session/47a0cfcb1b688bc57e33978b59aaa3c6/screenshot - {}
RESULT: {"script":"<script> [1562 bytes]","args":[{"selector":{"id":"application-manageresources-display-component---newResourceUnit--btnAddTimeSegment","interaction":{"idSuffix":"inner"}},"wdio_ui5_key":"applicationmanageresources-display-component---newResourceUnit--btnAddTimeSegment"}]}
RESULT: undefined
COMMAND: POST /session/47a0cfcb1b688bc57e33978b59aaa3c6/element - {"using":"xpath","value":"//*[@id=\"application-manageresources-display-component---newResourceUnit--btnAddTimeSegment\"]"}
RESULT: {}
RESULT: {"using":"xpath","value":"//*[@id=\"application-manageresources-display-component---newResourceUnit--btnAddTimeSegment\"]"}
COMMAND: POST /session/47a0cfcb1b688bc57e33978b59aaa3c6/element/f.B7EBD3B9E1BF342B1CF0F76B0C9C80BF.d.0387C0556C3CA04F5E3E0527E9D1CA5E.e.21213/click - {}
RESULT: {}
COMMAND: GET /session/47a0cfcb1b688bc57e33978b59aaa3c6/screenshot - {}
RESULT: {}
COMMAND: POST /session/47a0cfcb1b688bc57e33978b59aaa3c6/element - {"using":"xpath","value":"//input[@id=\"application-manageresources-display-component---newResourceUnit--idRuTSAdmin-application-manageresources-display-component---newResourceUnit--RUTimeSegment-0-inner\"]"}
RESULT: {"using":"xpath","value":"//input[@id=\"application-manageresources-display-component---newResourceUnit--idRuTSAdmin-application-manageresources-display-component---newResourceUnit--RUTimeSegment-0-inner\"]"}
COMMAND: POST /session/47a0cfcb1b688bc57e33978b59aaa3c6/element/f.B7EBD3B9E1BF342B1CF0F76B0C9C80BF.d.0387C0556C3CA04F5E3E0527E9D1CA5E.e.21218/clear - {}
RESULT: {}
COMMAND: POST /session/47a0cfcb1b688bc57e33978b59aaa3c6/element/f.B7EBD3B9E1BF342B1CF0F76B0C9C80BF.d.0387C0556C3CA04F5E3E0527E9D1CA5E.e.21218/value - {"text":"590"}
COMMAND: GET /session/47a0cfcb1b688bc57e33978b59aaa3c6/screenshot - {}
RESULT: {"text":"590"}
COMMAND: GET /session/47a0cfcb1b688bc57e33978b59aaa3c6/screenshot - {}
RESULT: {}
RESULT: {}
COMMAND: POST /session/47a0cfcb1b688bc57e33978b59aaa3c6/element - {"using":"xpath","value":"//li[.//span[text()='590']]"}
RESULT: {"using":"xpath","value":"//li[.//span[text()='590']]"}
COMMAND: POST /session/47a0cfcb1b688bc57e33978b59aaa3c6/element/f.B7EBD3B9E1BF342B1CF0F76B0C9C80BF.d.0387C0556C3CA04F5E3E0527E9D1CA5E.e.21229/click - {}
RESULT: {}
COMMAND: GET /session/47a0cfcb1b688bc57e33978b59aaa3c6/screenshot - {}
RESULT: {}
COMMAND: POST /session/47a0cfcb1b688bc57e33978b59aaa3c6/element - {"using":"xpath","value":"(//span[contains(@id, \"-application-manageresources-display-component---newResourceUnit--RUTimeSegment-0-arrow\")])[2]"}
RESULT: {"using":"xpath","value":"(//span[contains(@id, \"-application-manageresources-display-component---newResourceUnit--RUTimeSegment-0-arrow\")])[2]"}
COMMAND: POST /session/47a0cfcb1b688bc57e33978b59aaa3c6/element/f.B7EBD3B9E1BF342B1CF0F76B0C9C80BF.d.0387C0556C3CA04F5E3E0527E9D1CA5E.e.21230/click - {}
RESULT: {}
COMMAND: POST /session/47a0cfcb1b688bc57e33978b59aaa3c6/element - {"using":"xpath","value":"//span[contains(text(), \"PM Order\")]"}
COMMAND: GET /session/47a0cfcb1b688bc57e33978b59aaa3c6/screenshot - {}
RESULT: {"using":"xpath","value":"//span[contains(text(), \"PM Order\")]"}
COMMAND: POST /session/47a0cfcb1b688bc57e33978b59aaa3c6/element/f.B7EBD3B9E1BF342B1CF0F76B0C9C80BF.d.0387C0556C3CA04F5E3E0527E9D1CA5E.e.21231/click - {}
RESULT: {}
RESULT: {}
COMMAND: GET /session/47a0cfcb1b688bc57e33978b59aaa3c6/screenshot - {}
RESULT: {}
COMMAND: POST /session/47a0cfcb1b688bc57e33978b59aaa3c6/element - {"using":"xpath","value":"//td/div/div/div/span[contains(@id, \"newResourceUnit--RUTimeSegment-0-vhi\")][1]"}
RESULT: {"using":"xpath","value":"//td/div/div/div/span[contains(@id, \"newResourceUnit--RUTimeSegment-0-vhi\")][1]"}
COMMAND: GET /session/47a0cfcb1b688bc57e33978b59aaa3c6/element/f.B7EBD3B9E1BF342B1CF0F76B0C9C80BF.d.0387C0556C3CA04F5E3E0527E9D1CA5E.e.21235/rect - {}
RESULT: {}
COMMAND: GET /session/47a0cfcb1b688bc57e33978b59aaa3c6/window/rect - {}
RESULT: {}
COMMAND: POST /session/47a0cfcb1b688bc57e33978b59aaa3c6/execute/sync - {"script":"<script> [92 bytes]","args":[]}
RESULT: {"script":"<script> [92 bytes]","args":[]}
COMMAND: POST /session/47a0cfcb1b688bc57e33978b59aaa3c6/actions - {"actions":[{"id":"action68","type":"wheel","parameters":{},"actions":[{"type":"scroll","x":-1888,"y":-24,"deltaX":0,"deltaY":0,"duration":0,"origin":{"element-6066-11e4-a52e-4f735466cecf":"f.B7EBD3B9E1BF342B1CF0F76B0C9C80BF.d.0387C0556C3CA04F5E3E0527E9D1CA5E.e.21235"}}]}]}
COMMAND: GET /session/47a0cfcb1b688bc57e33978b59aaa3c6/screenshot - {}
RESULT: {}
COMMAND: POST /session/47a0cfcb1b688bc57e33978b59aaa3c6/execute/sync - {"script":"<script> [79 bytes]","args":[{"element-6066-11e4-a52e-4f735466cecf":"f.B7EBD3B9E1BF342B1CF0F76B0C9C80BF.d.0387C0556C3CA04F5E3E0527E9D1CA5E.e.21235","ELEMENT":"f.B7EBD3B9E1BF342B1CF0F76B0C9C80BF.d.0387C0556C3CA04F5E3E0527E9D1CA5E.e.21235"},{"block":"start","inline":"nearest"}]}
RESULT: {"script":"<script> [79 bytes]","args":[{"element-6066-11e4-a52e-4f735466cecf":"f.B7EBD3B9E1BF342B1CF0F76B0C9C80BF.d.0387C0556C3CA04F5E3E0527E9D1CA5E.e.21235","ELEMENT":"f.B7EBD3B9E1BF342B1CF0F76B0C9C80BF.d.0387C0556C3CA04F5E3E0527E9D1CA5E.e.21235"},{"block":"start","inline":"nearest"}]}
COMMAND: GET /session/47a0cfcb1b688bc57e33978b59aaa3c6/screenshot - {}
RESULT: {}
COMMAND: POST /session/47a0cfcb1b688bc57e33978b59aaa3c6/element/f.B7EBD3B9E1BF342B1CF0F76B0C9C80BF.d.0387C0556C3CA04F5E3E0527E9D1CA5E.e.21235/click - {}
RESULT: {}
COMMAND: GET /session/47a0cfcb1b688bc57e33978b59aaa3c6/screenshot - {}
RESULT: {}
COMMAND: POST /session/47a0cfcb1b688bc57e33978b59aaa3c6/execute/async - {"script":"<script> [1562 bytes]","args":[{"selector":{"controlType":"sap.m.SearchField","properties":{"placeholder":"Search"},"searchOpenDialogs":true,"interaction":{"idSuffix":"I"}},"wdio_ui5_key":"sapm.SearchField{\"placeholder\":\"Search\"}"}]}
RESULT: {"script":"<script> [1562 bytes]","args":[{"selector":{"controlType":"sap.m.SearchField","properties":{"placeholder":"Search"},"searchOpenDialogs":true,"interaction":{"idSuffix":"I"}},"wdio_ui5_key":"sapm.SearchField{\"placeholder\":\"Search\"}"}]}
RESULT: undefined
COMMAND: POST /session/47a0cfcb1b688bc57e33978b59aaa3c6/execute/async - {"script":"<script> [776 bytes]","args":[{"enterText":"4000360","selector":{"controlType":"sap.m.SearchField","properties":{"placeholder":"Search"},"searchOpenDialogs":true,"interaction":{"idSuffix":"I"}},"clearTextFirst":true,"interactionType":"ENTER_TEXT"}]}
RESULT: {"script":"<script> [776 bytes]","args":[{"enterText":"4000360","selector":{"controlType":"sap.m.SearchField","properties":{"placeholder":"Search"},"searchOpenDialogs":true,"interaction":{"idSuffix":"I"}},"clearTextFirst":true,"interactionType":"ENTER_TEXT"}]}
COMMAND: POST /session/47a0cfcb1b688bc57e33978b59aaa3c6/actions - {"actions":[{"id":"action69","type":"key","parameters":{},"actions":[{"type":"keyDown","value":"î€‡"},{"type":"pause","duration":10},{"type":"keyUp","value":"î€‡"}]}]}
RESULT: {"actions":[{"id":"action69","type":"key","parameters":{},"actions":[{"type":"keyDown","value":"î€‡"},{"type":"pause","duration":10},{"type":"keyUp","value":"î€‡"}]}]}
COMMAND: GET /session/47a0cfcb1b688bc57e33978b59aaa3c6/screenshot - {}
RESULT: {}
COMMAND: POST /session/47a0cfcb1b688bc57e33978b59aaa3c6/element - {"using":"xpath","value":"//td/div/span[contains(text(), \"BGL Vehicles\")]"}
RESULT: {"using":"xpath","value":"//td/div/span[contains(text(), \"BGL Vehicles\")]"}
COMMAND: POST /session/47a0cfcb1b688bc57e33978b59aaa3c6/element/f.B7EBD3B9E1BF342B1CF0F76B0C9C80BF.d.0387C0556C3CA04F5E3E0527E9D1CA5E.e.21257/click - {}
RESULT: {}
COMMAND: GET /session/47a0cfcb1b688bc57e33978b59aaa3c6/screenshot - {}
RESULT: {}
COMMAND: POST /session/47a0cfcb1b688bc57e33978b59aaa3c6/element - {"using":"xpath","value":"//bdi[contains(text(), \"OK\")]"}
RESULT: {"using":"xpath","value":"//bdi[contains(text(), \"OK\")]"}
COMMAND: POST /session/47a0cfcb1b688bc57e33978b59aaa3c6/element/f.B7EBD3B9E1BF342B1CF0F76B0C9C80BF.d.0387C0556C3CA04F5E3E0527E9D1CA5E.e.21258/click - {}
RESULT: {}
COMMAND: GET /session/47a0cfcb1b688bc57e33978b59aaa3c6/screenshot - {}
RESULT: {}
COMMAND: POST /session/47a0cfcb1b688bc57e33978b59aaa3c6/element - {"using":"xpath","value":"//label[contains(@class, 'sapMLabelRequired') and .//bdi[contains(text(), 'Planned Retirement')]]"}
RESULT: {"using":"xpath","value":"//label[contains(@class, 'sapMLabelRequired') and .//bdi[contains(text(), 'Planned Retirement')]]"}
COMMAND: POST /session/47a0cfcb1b688bc57e33978b59aaa3c6/elements - {"using":"xpath","value":"//label[contains(@class, 'sapMLabelRequired') and .//bdi[contains(text(), 'Planned Retirement')]]"}
RESULT: {"using":"xpath","value":"//label[contains(@class, 'sapMLabelRequired') and .//bdi[contains(text(), 'Planned Retirement')]]"}
COMMAND: POST /session/47a0cfcb1b688bc57e33978b59aaa3c6/element - {"using":"xpath","value":"//button[@data-kt=\"resourceUnitSaveButton\"]"}
RESULT: {"using":"xpath","value":"//button[@data-kt=\"resourceUnitSaveButton\"]"}
COMMAND: POST /session/47a0cfcb1b688bc57e33978b59aaa3c6/element/f.B7EBD3B9E1BF342B1CF0F76B0C9C80BF.d.0387C0556C3CA04F5E3E0527E9D1CA5E.e.21155/click - {}
RESULT: {}
COMMAND: GET /session/47a0cfcb1b688bc57e33978b59aaa3c6/screenshot - {}
RESULT: {}
COMMAND: POST /session/47a0cfcb1b688bc57e33978b59aaa3c6/element - {"using":"xpath","value":"//bdi[contains(text(), \"Close\")]"}
RESULT: {"using":"xpath","value":"//bdi[contains(text(), \"Close\")]"}
COMMAND: POST /session/47a0cfcb1b688bc57e33978b59aaa3c6/element/f.B7EBD3B9E1BF342B1CF0F76B0C9C80BF.d.0387C0556C3CA04F5E3E0527E9D1CA5E.e.21265/click - {}
RESULT: {}
COMMAND: GET /session/47a0cfcb1b688bc57e33978b59aaa3c6/screenshot - {}
RESULT: {}
COMMAND: POST /session/47a0cfcb1b688bc57e33978b59aaa3c6/element - {"using":"xpath","value":"//header[contains(@id, 'detailRruPage-headerTitle')]/div[1]/div[2]/div[2]/span[1]"}
RESULT: {"using":"xpath","value":"//header[contains(@id, 'detailRruPage-headerTitle')]/div[1]/div[2]/div[2]/span[1]"}
COMMAND: POST /session/47a0cfcb1b688bc57e33978b59aaa3c6/elements - {"using":"xpath","value":"//header[contains(@id, 'detailRruPage-headerTitle')]/div[1]/div[2]/div[2]/span[1]"}
RESULT: {"using":"xpath","value":"//header[contains(@id, 'detailRruPage-headerTitle')]/div[1]/div[2]/div[2]/span[1]"}
COMMAND: POST /session/47a0cfcb1b688bc57e33978b59aaa3c6/execute/sync - {"script":"<script> [56 bytes]","args":[{"element-6066-11e4-a52e-4f735466cecf":"f.B7EBD3B9E1BF342B1CF0F76B0C9C80BF.d.0387C0556C3CA04F5E3E0527E9D1CA5E.e.21294","ELEMENT":"f.B7EBD3B9E1BF342B1CF0F76B0C9C80BF.d.0387C0556C3CA04F5E3E0527E9D1CA5E.e.21294"}]}
RESULT: {"script":"<script> [56 bytes]","args":[{"element-6066-11e4-a52e-4f735466cecf":"f.B7EBD3B9E1BF342B1CF0F76B0C9C80BF.d.0387C0556C3CA04F5E3E0527E9D1CA5E.e.21294","ELEMENT":"f.B7EBD3B9E1BF342B1CF0F76B0C9C80BF.d.0387C0556C3CA04F5E3E0527E9D1CA5E.e.21294"}]}
COMMAND: POST /session/47a0cfcb1b688bc57e33978b59aaa3c6/element - {"using":"css selector","value":"#shell-header-logo"}
COMMAND: GET /session/47a0cfcb1b688bc57e33978b59aaa3c6/screenshot - {}
RESULT: {"using":"css selector","value":"#shell-header-logo"}
COMMAND: POST /session/47a0cfcb1b688bc57e33978b59aaa3c6/element/f.B7EBD3B9E1BF342B1CF0F76B0C9C80BF.d.0387C0556C3CA04F5E3E0527E9D1CA5E.e.20633/click - {}
RESULT: {}
RESULT: {}
COMMAND: GET /session/47a0cfcb1b688bc57e33978b59aaa3c6/screenshot - {}
RESULT: {}
]]></system-out>
    </testcase>
    <testcase classname="chrome.136_0_7103_93.windows.Create_masterdata_for_Yard_Overview_-_trigger_provide_US130988" name="Bin Status Report Should Create New Organization yard" time="0.004" />
    <testcase classname="chrome.136_0_7103_93.windows.Create_masterdata_for_Yard_Overview_-_trigger_provide_US130988" name="Create a Warehouse Movement for created yard" time="47.276">
      <system-out><![CDATA[
COMMAND: POST /session/47a0cfcb1b688bc57e33978b59aaa3c6/execute/async - {"script":"<script> [1562 bytes]","args":[{"selector":{"controlType":"sap.m.GenericTile","properties":{"header":"Manage Warehouse Movements"}},"wdio_ui5_key":"sapm.GenericTile{\"header\":\"Manage Warehouse Movements\"}"}]}
RESULT: {"script":"<script> [1562 bytes]","args":[{"selector":{"controlType":"sap.m.GenericTile","properties":{"header":"Manage Warehouse Movements"}},"wdio_ui5_key":"sapm.GenericTile{\"header\":\"Manage Warehouse Movements\"}"}]}
RESULT: undefined
COMMAND: POST /session/47a0cfcb1b688bc57e33978b59aaa3c6/element - {"using":"xpath","value":"//*[@id=\"__tile105\"]"}
RESULT: {"using":"xpath","value":"//*[@id=\"__tile105\"]"}
COMMAND: POST /session/47a0cfcb1b688bc57e33978b59aaa3c6/element/f.B7EBD3B9E1BF342B1CF0F76B0C9C80BF.d.0387C0556C3CA04F5E3E0527E9D1CA5E.e.21296/click - {}
RESULT: {}
COMMAND: POST /session/47a0cfcb1b688bc57e33978b59aaa3c6/element - {"using":"xpath","value":"//input[@id='application-warehousemovements-display-component---warehouseMovements--smartFilterBar-filterItemControl_BASIC-YARD-inner']"}
COMMAND: GET /session/47a0cfcb1b688bc57e33978b59aaa3c6/screenshot - {}
RESULT: {"using":"xpath","value":"//input[@id='application-warehousemovements-display-component---warehouseMovements--smartFilterBar-filterItemControl_BASIC-YARD-inner']"}
COMMAND: POST /session/47a0cfcb1b688bc57e33978b59aaa3c6/elements - {"using":"xpath","value":"//input[@id='application-warehousemovements-display-component---warehouseMovements--smartFilterBar-filterItemControl_BASIC-YARD-inner']"}
RESULT: {}
RESULT: {"using":"xpath","value":"//input[@id='application-warehousemovements-display-component---warehouseMovements--smartFilterBar-filterItemControl_BASIC-YARD-inner']"}
COMMAND: POST /session/47a0cfcb1b688bc57e33978b59aaa3c6/element - {"using":"xpath","value":"//input[@id='application-warehousemovements-display-component---warehouseMovements--smartFilterBar-filterItemControl_BASIC-YARD-inner']"}
RESULT: {"using":"xpath","value":"//input[@id='application-warehousemovements-display-component---warehouseMovements--smartFilterBar-filterItemControl_BASIC-YARD-inner']"}
COMMAND: POST /session/47a0cfcb1b688bc57e33978b59aaa3c6/execute/sync - {"script":"<script> [8489 bytes]","args":[{"element-6066-11e4-a52e-4f735466cecf":"f.B7EBD3B9E1BF342B1CF0F76B0C9C80BF.d.0387C0556C3CA04F5E3E0527E9D1CA5E.e.21305","ELEMENT":"f.B7EBD3B9E1BF342B1CF0F76B0C9C80BF.d.0387C0556C3CA04F5E3E0527E9D1CA5E.e.21305"}]}
RESULT: {"script":"<script> [8489 bytes]","args":[{"element-6066-11e4-a52e-4f735466cecf":"f.B7EBD3B9E1BF342B1CF0F76B0C9C80BF.d.0387C0556C3CA04F5E3E0527E9D1CA5E.e.21305","ELEMENT":"f.B7EBD3B9E1BF342B1CF0F76B0C9C80BF.d.0387C0556C3CA04F5E3E0527E9D1CA5E.e.21305"}]}
COMMAND: GET /session/47a0cfcb1b688bc57e33978b59aaa3c6/element/f.B7EBD3B9E1BF342B1CF0F76B0C9C80BF.d.0387C0556C3CA04F5E3E0527E9D1CA5E.e.21305/enabled - {}
COMMAND: GET /session/47a0cfcb1b688bc57e33978b59aaa3c6/screenshot - {}
RESULT: {}
COMMAND: POST /session/47a0cfcb1b688bc57e33978b59aaa3c6/execute/sync - {"script":"<script> [8489 bytes]","args":[{"element-6066-11e4-a52e-4f735466cecf":"f.B7EBD3B9E1BF342B1CF0F76B0C9C80BF.d.0387C0556C3CA04F5E3E0527E9D1CA5E.e.21305","ELEMENT":"f.B7EBD3B9E1BF342B1CF0F76B0C9C80BF.d.0387C0556C3CA04F5E3E0527E9D1CA5E.e.21305"}]}
COMMAND: GET /session/47a0cfcb1b688bc57e33978b59aaa3c6/screenshot - {}
RESULT: {}
RESULT: {"script":"<script> [8489 bytes]","args":[{"element-6066-11e4-a52e-4f735466cecf":"f.B7EBD3B9E1BF342B1CF0F76B0C9C80BF.d.0387C0556C3CA04F5E3E0527E9D1CA5E.e.21305","ELEMENT":"f.B7EBD3B9E1BF342B1CF0F76B0C9C80BF.d.0387C0556C3CA04F5E3E0527E9D1CA5E.e.21305"}]}
COMMAND: POST /session/47a0cfcb1b688bc57e33978b59aaa3c6/execute/sync - {"script":"<script> [5351 bytes]","args":[{"element-6066-11e4-a52e-4f735466cecf":"f.B7EBD3B9E1BF342B1CF0F76B0C9C80BF.d.0387C0556C3CA04F5E3E0527E9D1CA5E.e.21305","ELEMENT":"f.B7EBD3B9E1BF342B1CF0F76B0C9C80BF.d.0387C0556C3CA04F5E3E0527E9D1CA5E.e.21305"}]}
COMMAND: GET /session/47a0cfcb1b688bc57e33978b59aaa3c6/screenshot - {}
RESULT: {}
RESULT: {"script":"<script> [5351 bytes]","args":[{"element-6066-11e4-a52e-4f735466cecf":"f.B7EBD3B9E1BF342B1CF0F76B0C9C80BF.d.0387C0556C3CA04F5E3E0527E9D1CA5E.e.21305","ELEMENT":"f.B7EBD3B9E1BF342B1CF0F76B0C9C80BF.d.0387C0556C3CA04F5E3E0527E9D1CA5E.e.21305"}]}
COMMAND: GET /session/47a0cfcb1b688bc57e33978b59aaa3c6/screenshot - {}
RESULT: {}
RESULT: {}
COMMAND: POST /session/47a0cfcb1b688bc57e33978b59aaa3c6/element/f.B7EBD3B9E1BF342B1CF0F76B0C9C80BF.d.0387C0556C3CA04F5E3E0527E9D1CA5E.e.21305/clear - {}
RESULT: {}
COMMAND: POST /session/47a0cfcb1b688bc57e33978b59aaa3c6/element/f.B7EBD3B9E1BF342B1CF0F76B0C9C80BF.d.0387C0556C3CA04F5E3E0527E9D1CA5E.e.21305/value - {"text":"590"}
COMMAND: GET /session/47a0cfcb1b688bc57e33978b59aaa3c6/screenshot - {}
RESULT: {"text":"590"}
COMMAND: POST /session/47a0cfcb1b688bc57e33978b59aaa3c6/actions - {"actions":[{"id":"action70","type":"key","parameters":{},"actions":[{"type":"keyDown","value":"î€‡"},{"type":"pause","duration":10},{"type":"keyUp","value":"î€‡"}]}]}
COMMAND: GET /session/47a0cfcb1b688bc57e33978b59aaa3c6/screenshot - {}
RESULT: {}
RESULT: {"actions":[{"id":"action70","type":"key","parameters":{},"actions":[{"type":"keyDown","value":"î€‡"},{"type":"pause","duration":10},{"type":"keyUp","value":"î€‡"}]}]}
COMMAND: GET /session/47a0cfcb1b688bc57e33978b59aaa3c6/screenshot - {}
RESULT: {}
RESULT: {}
COMMAND: POST /session/47a0cfcb1b688bc57e33978b59aaa3c6/element - {"using":"xpath","value":"//button[contains(@data-kt, \"MasterMovementAddOverflowToolbarButton\")]"}
RESULT: {"using":"xpath","value":"//button[contains(@data-kt, \"MasterMovementAddOverflowToolbarButton\")]"}
COMMAND: POST /session/47a0cfcb1b688bc57e33978b59aaa3c6/element/f.B7EBD3B9E1BF342B1CF0F76B0C9C80BF.d.0387C0556C3CA04F5E3E0527E9D1CA5E.e.21344/click - {}
RESULT: {}
COMMAND: GET /session/47a0cfcb1b688bc57e33978b59aaa3c6/screenshot - {}
RESULT: {}
COMMAND: POST /session/47a0cfcb1b688bc57e33978b59aaa3c6/element - {"using":"xpath","value":"//*[@id=\"application-warehousemovements-display-component---addMovement--sectionsList-arrow\"]"}
RESULT: {"using":"xpath","value":"//*[@id=\"application-warehousemovements-display-component---addMovement--sectionsList-arrow\"]"}
COMMAND: POST /session/47a0cfcb1b688bc57e33978b59aaa3c6/element/f.B7EBD3B9E1BF342B1CF0F76B0C9C80BF.d.0387C0556C3CA04F5E3E0527E9D1CA5E.e.21533/click - {}
RESULT: {}
COMMAND: POST /session/47a0cfcb1b688bc57e33978b59aaa3c6/actions - {"actions":[{"id":"action71","type":"key","parameters":{},"actions":[{"type":"keyDown","value":"î€•"},{"type":"pause","duration":10},{"type":"keyUp","value":"î€•"}]}]}
COMMAND: GET /session/47a0cfcb1b688bc57e33978b59aaa3c6/screenshot - {}
RESULT: {"actions":[{"id":"action71","type":"key","parameters":{},"actions":[{"type":"keyDown","value":"î€•"},{"type":"pause","duration":10},{"type":"keyUp","value":"î€•"}]}]}
COMMAND: GET /session/47a0cfcb1b688bc57e33978b59aaa3c6/screenshot - {}
RESULT: {}
RESULT: {}
COMMAND: POST /session/47a0cfcb1b688bc57e33978b59aaa3c6/actions - {"actions":[{"id":"action72","type":"key","parameters":{},"actions":[{"type":"keyDown","value":"î€‡"},{"type":"pause","duration":10},{"type":"keyUp","value":"î€‡"}]}]}
RESULT: {"actions":[{"id":"action72","type":"key","parameters":{},"actions":[{"type":"keyDown","value":"î€‡"},{"type":"pause","duration":10},{"type":"keyUp","value":"î€‡"}]}]}
COMMAND: GET /session/47a0cfcb1b688bc57e33978b59aaa3c6/screenshot - {}
RESULT: {}
COMMAND: POST /session/47a0cfcb1b688bc57e33978b59aaa3c6/element - {"using":"xpath","value":"//*[@id=\"application-warehousemovements-display-component---addMovement--saveMovementBtn-BDI-content\" and text()=\"Save\"]"}
RESULT: {"using":"xpath","value":"//*[@id=\"application-warehousemovements-display-component---addMovement--saveMovementBtn-BDI-content\" and text()=\"Save\"]"}
COMMAND: POST /session/47a0cfcb1b688bc57e33978b59aaa3c6/element/f.B7EBD3B9E1BF342B1CF0F76B0C9C80BF.d.0387C0556C3CA04F5E3E0527E9D1CA5E.e.21534/click - {}
RESULT: {}
COMMAND: GET /session/47a0cfcb1b688bc57e33978b59aaa3c6/screenshot - {}
RESULT: {}
COMMAND: POST /session/47a0cfcb1b688bc57e33978b59aaa3c6/element - {"using":"css selector","value":"#shell-header-logo"}
RESULT: {"using":"css selector","value":"#shell-header-logo"}
COMMAND: POST /session/47a0cfcb1b688bc57e33978b59aaa3c6/element/f.B7EBD3B9E1BF342B1CF0F76B0C9C80BF.d.0387C0556C3CA04F5E3E0527E9D1CA5E.e.21300/click - {}
RESULT: {}
COMMAND: GET /session/47a0cfcb1b688bc57e33978b59aaa3c6/screenshot - {}
RESULT: {}
]]></system-out>
    </testcase>
    <testcase classname="chrome.136_0_7103_93.windows.Create_masterdata_for_Yard_Overview_-_trigger_provide_US130988" name="Should do a stock increase handover for equipment" time="88.992">
      <system-out><![CDATA[
COMMAND: POST /session/47a0cfcb1b688bc57e33978b59aaa3c6/execute/async - {"script":"<script> [1562 bytes]","args":[{"selector":{"controlType":"sap.m.GenericTile","properties":{"header":"Manage Handovers"}},"wdio_ui5_key":"sapm.GenericTile{\"header\":\"Manage Handovers\"}"}]}
RESULT: {"script":"<script> [1562 bytes]","args":[{"selector":{"controlType":"sap.m.GenericTile","properties":{"header":"Manage Handovers"}},"wdio_ui5_key":"sapm.GenericTile{\"header\":\"Manage Handovers\"}"}]}
RESULT: undefined
COMMAND: POST /session/47a0cfcb1b688bc57e33978b59aaa3c6/element - {"using":"xpath","value":"//*[@id=\"__tile131\"]"}
RESULT: {"using":"xpath","value":"//*[@id=\"__tile131\"]"}
COMMAND: POST /session/47a0cfcb1b688bc57e33978b59aaa3c6/element/f.B7EBD3B9E1BF342B1CF0F76B0C9C80BF.d.0387C0556C3CA04F5E3E0527E9D1CA5E.e.20677/click - {}
RESULT: {}
COMMAND: GET /session/47a0cfcb1b688bc57e33978b59aaa3c6/screenshot - {}
RESULT: {}
COMMAND: POST /session/47a0cfcb1b688bc57e33978b59aaa3c6/elements - {"using":"xpath","value":"//span[text()='Error']"}
RESULT: {"using":"xpath","value":"//span[text()='Error']"}
COMMAND: POST /session/47a0cfcb1b688bc57e33978b59aaa3c6/element - {"using":"xpath","value":"//button[@data-kt=\"masterHOAddButton\"]"}
RESULT: {"using":"xpath","value":"//button[@data-kt=\"masterHOAddButton\"]"}
COMMAND: POST /session/47a0cfcb1b688bc57e33978b59aaa3c6/elements - {"using":"xpath","value":"//button[@data-kt=\"masterHOAddButton\"]"}
RESULT: {"using":"xpath","value":"//button[@data-kt=\"masterHOAddButton\"]"}
COMMAND: POST /session/47a0cfcb1b688bc57e33978b59aaa3c6/execute/sync - {"script":"<script> [8489 bytes]","args":[{"element-6066-11e4-a52e-4f735466cecf":"f.B7EBD3B9E1BF342B1CF0F76B0C9C80BF.d.0387C0556C3CA04F5E3E0527E9D1CA5E.e.21686","ELEMENT":"f.B7EBD3B9E1BF342B1CF0F76B0C9C80BF.d.0387C0556C3CA04F5E3E0527E9D1CA5E.e.21686"}]}
RESULT: {"script":"<script> [8489 bytes]","args":[{"element-6066-11e4-a52e-4f735466cecf":"f.B7EBD3B9E1BF342B1CF0F76B0C9C80BF.d.0387C0556C3CA04F5E3E0527E9D1CA5E.e.21686","ELEMENT":"f.B7EBD3B9E1BF342B1CF0F76B0C9C80BF.d.0387C0556C3CA04F5E3E0527E9D1CA5E.e.21686"}]}
COMMAND: GET /session/47a0cfcb1b688bc57e33978b59aaa3c6/element/f.B7EBD3B9E1BF342B1CF0F76B0C9C80BF.d.0387C0556C3CA04F5E3E0527E9D1CA5E.e.21686/enabled - {}
COMMAND: GET /session/47a0cfcb1b688bc57e33978b59aaa3c6/screenshot - {}
RESULT: {}
COMMAND: POST /session/47a0cfcb1b688bc57e33978b59aaa3c6/execute/sync - {"script":"<script> [8489 bytes]","args":[{"element-6066-11e4-a52e-4f735466cecf":"f.B7EBD3B9E1BF342B1CF0F76B0C9C80BF.d.0387C0556C3CA04F5E3E0527E9D1CA5E.e.21686","ELEMENT":"f.B7EBD3B9E1BF342B1CF0F76B0C9C80BF.d.0387C0556C3CA04F5E3E0527E9D1CA5E.e.21686"}]}
COMMAND: GET /session/47a0cfcb1b688bc57e33978b59aaa3c6/screenshot - {}
RESULT: {}
RESULT: {"script":"<script> [8489 bytes]","args":[{"element-6066-11e4-a52e-4f735466cecf":"f.B7EBD3B9E1BF342B1CF0F76B0C9C80BF.d.0387C0556C3CA04F5E3E0527E9D1CA5E.e.21686","ELEMENT":"f.B7EBD3B9E1BF342B1CF0F76B0C9C80BF.d.0387C0556C3CA04F5E3E0527E9D1CA5E.e.21686"}]}
COMMAND: POST /session/47a0cfcb1b688bc57e33978b59aaa3c6/execute/sync - {"script":"<script> [5351 bytes]","args":[{"element-6066-11e4-a52e-4f735466cecf":"f.B7EBD3B9E1BF342B1CF0F76B0C9C80BF.d.0387C0556C3CA04F5E3E0527E9D1CA5E.e.21686","ELEMENT":"f.B7EBD3B9E1BF342B1CF0F76B0C9C80BF.d.0387C0556C3CA04F5E3E0527E9D1CA5E.e.21686"}]}
COMMAND: GET /session/47a0cfcb1b688bc57e33978b59aaa3c6/screenshot - {}
RESULT: {}
RESULT: {"script":"<script> [5351 bytes]","args":[{"element-6066-11e4-a52e-4f735466cecf":"f.B7EBD3B9E1BF342B1CF0F76B0C9C80BF.d.0387C0556C3CA04F5E3E0527E9D1CA5E.e.21686","ELEMENT":"f.B7EBD3B9E1BF342B1CF0F76B0C9C80BF.d.0387C0556C3CA04F5E3E0527E9D1CA5E.e.21686"}]}
COMMAND: POST /session/47a0cfcb1b688bc57e33978b59aaa3c6/element/f.B7EBD3B9E1BF342B1CF0F76B0C9C80BF.d.0387C0556C3CA04F5E3E0527E9D1CA5E.e.21686/click - {}
COMMAND: GET /session/47a0cfcb1b688bc57e33978b59aaa3c6/screenshot - {}
RESULT: {}
RESULT: {}
COMMAND: GET /session/47a0cfcb1b688bc57e33978b59aaa3c6/screenshot - {}
COMMAND: POST /session/47a0cfcb1b688bc57e33978b59aaa3c6/element - {"using":"xpath","value":"//span[contains(@id ,\"AddNewHO--typeSelect-arrow\")]"}
RESULT: {}
RESULT: {}
RESULT: {"using":"xpath","value":"//span[contains(@id ,\"AddNewHO--typeSelect-arrow\")]"}
COMMAND: POST /session/47a0cfcb1b688bc57e33978b59aaa3c6/element/f.B7EBD3B9E1BF342B1CF0F76B0C9C80BF.d.0387C0556C3CA04F5E3E0527E9D1CA5E.e.22023/click - {}
RESULT: {}
COMMAND: GET /session/47a0cfcb1b688bc57e33978b59aaa3c6/screenshot - {}
RESULT: {}
COMMAND: POST /session/47a0cfcb1b688bc57e33978b59aaa3c6/element - {"using":"xpath","value":"(//li[contains(text(), \"stock increase yard\")])[1]"}
RESULT: {"using":"xpath","value":"(//li[contains(text(), \"stock increase yard\")])[1]"}
COMMAND: POST /session/47a0cfcb1b688bc57e33978b59aaa3c6/element/f.B7EBD3B9E1BF342B1CF0F76B0C9C80BF.d.0387C0556C3CA04F5E3E0527E9D1CA5E.e.22024/click - {}
RESULT: {}
COMMAND: GET /session/47a0cfcb1b688bc57e33978b59aaa3c6/screenshot - {}
RESULT: {}
COMMAND: POST /session/47a0cfcb1b688bc57e33978b59aaa3c6/execute/async - {"script":"<script> [1562 bytes]","args":[{"selector":{"id":"application-managehandovers-display-component---AddNewHO--dueDate","interaction":{"idSuffix":"inner"}},"wdio_ui5_key":"applicationmanagehandovers-display-component---AddNewHO--dueDate"}]}
RESULT: {"script":"<script> [1562 bytes]","args":[{"selector":{"id":"application-managehandovers-display-component---AddNewHO--dueDate","interaction":{"idSuffix":"inner"}},"wdio_ui5_key":"applicationmanagehandovers-display-component---AddNewHO--dueDate"}]}
RESULT: undefined
COMMAND: POST /session/47a0cfcb1b688bc57e33978b59aaa3c6/execute/async - {"script":"<script> [6424 bytes]","args":[{"element-6066-11e4-a52e-4f735466cecf":"f.B7EBD3B9E1BF342B1CF0F76B0C9C80BF.d.0387C0556C3CA04F5E3E0527E9D1CA5E.e.22026"},"setValue",["5/20/25"]]}
RESULT: {"script":"<script> [6424 bytes]","args":[{"element-6066-11e4-a52e-4f735466cecf":"f.B7EBD3B9E1BF342B1CF0F76B0C9C80BF.d.0387C0556C3CA04F5E3E0527E9D1CA5E.e.22026"},"setValue",["5/20/25"]]}
COMMAND: POST /session/47a0cfcb1b688bc57e33978b59aaa3c6/element - {"using":"xpath","value":"//input[@id=\"generalSectionFrg--receiveYard-inner\"]"}
RESULT: {"using":"xpath","value":"//input[@id=\"generalSectionFrg--receiveYard-inner\"]"}
COMMAND: POST /session/47a0cfcb1b688bc57e33978b59aaa3c6/element/f.B7EBD3B9E1BF342B1CF0F76B0C9C80BF.d.0387C0556C3CA04F5E3E0527E9D1CA5E.e.22030/clear - {}
RESULT: {}
COMMAND: POST /session/47a0cfcb1b688bc57e33978b59aaa3c6/element/f.B7EBD3B9E1BF342B1CF0F76B0C9C80BF.d.0387C0556C3CA04F5E3E0527E9D1CA5E.e.22030/value - {"text":"590"}
COMMAND: GET /session/47a0cfcb1b688bc57e33978b59aaa3c6/screenshot - {}
RESULT: {"text":"590"}
COMMAND: GET /session/47a0cfcb1b688bc57e33978b59aaa3c6/screenshot - {}
RESULT: {}
RESULT: {}
COMMAND: POST /session/47a0cfcb1b688bc57e33978b59aaa3c6/element - {"using":"xpath","value":"//li[.//span[text()='590']]"}
RESULT: {"using":"xpath","value":"//li[.//span[text()='590']]"}
COMMAND: POST /session/47a0cfcb1b688bc57e33978b59aaa3c6/element/f.B7EBD3B9E1BF342B1CF0F76B0C9C80BF.d.0387C0556C3CA04F5E3E0527E9D1CA5E.e.22048/click - {}
RESULT: {}
COMMAND: GET /session/47a0cfcb1b688bc57e33978b59aaa3c6/screenshot - {}
RESULT: {}
COMMAND: POST /session/47a0cfcb1b688bc57e33978b59aaa3c6/execute/async - {"script":"<script> [1562 bytes]","args":[{"selector":{"id":"application-managehandovers-display-component---AddNewHO--ObjectPageLayout-anchBar-application-managehandovers-display-component---AddNewHO--section4-anchor","interaction":{"idSuffix":"BDI-content"}},"wdio_ui5_key":"applicationmanagehandovers-display-component---AddNewHO--ObjectPageLayout-anchBar-application-managehandovers-display-component---AddNewHO--section4-anchor"}]}
RESULT: {"script":"<script> [1562 bytes]","args":[{"selector":{"id":"application-managehandovers-display-component---AddNewHO--ObjectPageLayout-anchBar-application-managehandovers-display-component---AddNewHO--section4-anchor","interaction":{"idSuffix":"BDI-content"}},"wdio_ui5_key":"applicationmanagehandovers-display-component---AddNewHO--ObjectPageLayout-anchBar-application-managehandovers-display-component---AddNewHO--section4-anchor"}]}
RESULT: undefined
COMMAND: POST /session/47a0cfcb1b688bc57e33978b59aaa3c6/element - {"using":"xpath","value":"//*[@id=\"application-managehandovers-display-component---AddNewHO--ObjectPageLayout-anchBar-application-managehandovers-display-component---AddNewHO--section4-anchor\"]"}
RESULT: {"using":"xpath","value":"//*[@id=\"application-managehandovers-display-component---AddNewHO--ObjectPageLayout-anchBar-application-managehandovers-display-component---AddNewHO--section4-anchor\"]"}
COMMAND: POST /session/47a0cfcb1b688bc57e33978b59aaa3c6/element/f.B7EBD3B9E1BF342B1CF0F76B0C9C80BF.d.0387C0556C3CA04F5E3E0527E9D1CA5E.e.22050/click - {}
RESULT: {}
COMMAND: POST /session/47a0cfcb1b688bc57e33978b59aaa3c6/element - {"using":"xpath","value":"//button[@aria-label=\"Add\"]"}
COMMAND: GET /session/47a0cfcb1b688bc57e33978b59aaa3c6/screenshot - {}
RESULT: {"using":"xpath","value":"//button[@aria-label=\"Add\"]"}
COMMAND: POST /session/47a0cfcb1b688bc57e33978b59aaa3c6/element/f.B7EBD3B9E1BF342B1CF0F76B0C9C80BF.d.0387C0556C3CA04F5E3E0527E9D1CA5E.e.22052/click - {}
RESULT: {}
RESULT: {}
COMMAND: GET /session/47a0cfcb1b688bc57e33978b59aaa3c6/screenshot - {}
RESULT: {}
COMMAND: POST /session/47a0cfcb1b688bc57e33978b59aaa3c6/execute/async - {"script":"<script> [1562 bytes]","args":[{"selector":{"id":"application-managehandovers-display-component---AddNewHO--smartFilterBar-btnBasicSearch","searchOpenDialogs":true,"interaction":{"idSuffix":"I"}},"wdio_ui5_key":"applicationmanagehandovers-display-component---AddNewHO--smartFilterBar-btnBasicSearch"}]}
RESULT: {"script":"<script> [1562 bytes]","args":[{"selector":{"id":"application-managehandovers-display-component---AddNewHO--smartFilterBar-btnBasicSearch","searchOpenDialogs":true,"interaction":{"idSuffix":"I"}},"wdio_ui5_key":"applicationmanagehandovers-display-component---AddNewHO--smartFilterBar-btnBasicSearch"}]}
RESULT: undefined
COMMAND: POST /session/47a0cfcb1b688bc57e33978b59aaa3c6/execute/async - {"script":"<script> [776 bytes]","args":[{"enterText":"200344","selector":{"id":"application-managehandovers-display-component---AddNewHO--smartFilterBar-btnBasicSearch","searchOpenDialogs":true,"interaction":{"idSuffix":"I"}},"clearTextFirst":true,"interactionType":"ENTER_TEXT"}]}
RESULT: {"script":"<script> [776 bytes]","args":[{"enterText":"200344","selector":{"id":"application-managehandovers-display-component---AddNewHO--smartFilterBar-btnBasicSearch","searchOpenDialogs":true,"interaction":{"idSuffix":"I"}},"clearTextFirst":true,"interactionType":"ENTER_TEXT"}]}
COMMAND: POST /session/47a0cfcb1b688bc57e33978b59aaa3c6/actions - {"actions":[{"id":"action73","type":"key","parameters":{},"actions":[{"type":"keyDown","value":"î€‡"},{"type":"pause","duration":10},{"type":"keyUp","value":"î€‡"}]}]}
RESULT: {"actions":[{"id":"action73","type":"key","parameters":{},"actions":[{"type":"keyDown","value":"î€‡"},{"type":"pause","duration":10},{"type":"keyUp","value":"î€‡"}]}]}
COMMAND: GET /session/47a0cfcb1b688bc57e33978b59aaa3c6/screenshot - {}
RESULT: {}
COMMAND: POST /session/47a0cfcb1b688bc57e33978b59aaa3c6/execute/async - {"script":"<script> [1562 bytes]","args":[{"selector":{"id":"application-managehandovers-display-component---AddNewHO--popup-sa","searchOpenDialogs":true,"interaction":{"idSuffix":"CbBg"}},"wdio_ui5_key":"applicationmanagehandovers-display-component---AddNewHO--popup-sa"}]}
RESULT: {"script":"<script> [1562 bytes]","args":[{"selector":{"id":"application-managehandovers-display-component---AddNewHO--popup-sa","searchOpenDialogs":true,"interaction":{"idSuffix":"CbBg"}},"wdio_ui5_key":"applicationmanagehandovers-display-component---AddNewHO--popup-sa"}]}
RESULT: undefined
COMMAND: POST /session/47a0cfcb1b688bc57e33978b59aaa3c6/element - {"using":"xpath","value":"//*[@id=\"application-managehandovers-display-component---AddNewHO--popup-sa\"]"}
RESULT: {"using":"xpath","value":"//*[@id=\"application-managehandovers-display-component---AddNewHO--popup-sa\"]"}
COMMAND: POST /session/47a0cfcb1b688bc57e33978b59aaa3c6/element/f.B7EBD3B9E1BF342B1CF0F76B0C9C80BF.d.0387C0556C3CA04F5E3E0527E9D1CA5E.e.22206/click - {}
RESULT: {}
COMMAND: GET /session/47a0cfcb1b688bc57e33978b59aaa3c6/screenshot - {}
RESULT: {}
COMMAND: POST /session/47a0cfcb1b688bc57e33978b59aaa3c6/element - {"using":"xpath","value":"//bdi[contains(text(), \"Select\")]"}
RESULT: {"using":"xpath","value":"//bdi[contains(text(), \"Select\")]"}
COMMAND: POST /session/47a0cfcb1b688bc57e33978b59aaa3c6/element/f.B7EBD3B9E1BF342B1CF0F76B0C9C80BF.d.0387C0556C3CA04F5E3E0527E9D1CA5E.e.22207/click - {}
RESULT: {}
COMMAND: GET /session/47a0cfcb1b688bc57e33978b59aaa3c6/screenshot - {}
RESULT: {}
COMMAND: POST /session/47a0cfcb1b688bc57e33978b59aaa3c6/element - {"using":"xpath","value":"//button[@data-kt=\"AddNewHOSaveButton\"]"}
RESULT: {"using":"xpath","value":"//button[@data-kt=\"AddNewHOSaveButton\"]"}
COMMAND: POST /session/47a0cfcb1b688bc57e33978b59aaa3c6/element/f.B7EBD3B9E1BF342B1CF0F76B0C9C80BF.d.0387C0556C3CA04F5E3E0527E9D1CA5E.e.22211/click - {}
RESULT: {}
COMMAND: GET /session/47a0cfcb1b688bc57e33978b59aaa3c6/screenshot - {}
RESULT: {}
COMMAND: POST /session/47a0cfcb1b688bc57e33978b59aaa3c6/execute/async - {"script":"<script> [1562 bytes]","args":[{"selector":{"id":"receiptDatePicker","viewName":"etm.portal.ui.managehandovers.view.DetailExecuteHO","interaction":{"idSuffix":"inner"}},"wdio_ui5_key":"receiptDatePickeretmportal.ui.managehandovers.view.DetailExecuteHO"}]}
RESULT: {"script":"<script> [1562 bytes]","args":[{"selector":{"id":"receiptDatePicker","viewName":"etm.portal.ui.managehandovers.view.DetailExecuteHO","interaction":{"idSuffix":"inner"}},"wdio_ui5_key":"receiptDatePickeretmportal.ui.managehandovers.view.DetailExecuteHO"}]}
RESULT: undefined
COMMAND: POST /session/47a0cfcb1b688bc57e33978b59aaa3c6/execute/async - {"script":"<script> [6424 bytes]","args":[{"element-6066-11e4-a52e-4f735466cecf":"f.B7EBD3B9E1BF342B1CF0F76B0C9C80BF.d.0387C0556C3CA04F5E3E0527E9D1CA5E.e.22231"},"setValue",["5/20/25"]]}
RESULT: {"script":"<script> [6424 bytes]","args":[{"element-6066-11e4-a52e-4f735466cecf":"f.B7EBD3B9E1BF342B1CF0F76B0C9C80BF.d.0387C0556C3CA04F5E3E0527E9D1CA5E.e.22231"},"setValue",["5/20/25"]]}
COMMAND: POST /session/47a0cfcb1b688bc57e33978b59aaa3c6/element - {"using":"xpath","value":"//button[@data-kt=\"PickingTableConfirmAllButton\"]"}
RESULT: {"using":"xpath","value":"//button[@data-kt=\"PickingTableConfirmAllButton\"]"}
COMMAND: POST /session/47a0cfcb1b688bc57e33978b59aaa3c6/element/f.B7EBD3B9E1BF342B1CF0F76B0C9C80BF.d.0387C0556C3CA04F5E3E0527E9D1CA5E.e.22247/click - {}
RESULT: {}
COMMAND: GET /session/47a0cfcb1b688bc57e33978b59aaa3c6/screenshot - {}
RESULT: {}
COMMAND: POST /session/47a0cfcb1b688bc57e33978b59aaa3c6/element - {"using":"xpath","value":"//bdi[contains(text(), \"OK\")]"}
RESULT: {"using":"xpath","value":"//bdi[contains(text(), \"OK\")]"}
COMMAND: POST /session/47a0cfcb1b688bc57e33978b59aaa3c6/element/f.B7EBD3B9E1BF342B1CF0F76B0C9C80BF.d.0387C0556C3CA04F5E3E0527E9D1CA5E.e.22249/click - {}
RESULT: {}
COMMAND: GET /session/47a0cfcb1b688bc57e33978b59aaa3c6/screenshot - {}
RESULT: {}
COMMAND: POST /session/47a0cfcb1b688bc57e33978b59aaa3c6/element - {"using":"xpath","value":"(//bdi[contains(text(), \"Receive\")])[2]"}
RESULT: {"using":"xpath","value":"(//bdi[contains(text(), \"Receive\")])[2]"}
COMMAND: POST /session/47a0cfcb1b688bc57e33978b59aaa3c6/element/f.B7EBD3B9E1BF342B1CF0F76B0C9C80BF.d.0387C0556C3CA04F5E3E0527E9D1CA5E.e.22251/click - {}
RESULT: {}
COMMAND: GET /session/47a0cfcb1b688bc57e33978b59aaa3c6/screenshot - {}
RESULT: {}
COMMAND: POST /session/47a0cfcb1b688bc57e33978b59aaa3c6/element - {"using":"css selector","value":"#shell-header-logo"}
RESULT: {"using":"css selector","value":"#shell-header-logo"}
COMMAND: POST /session/47a0cfcb1b688bc57e33978b59aaa3c6/element/f.B7EBD3B9E1BF342B1CF0F76B0C9C80BF.d.0387C0556C3CA04F5E3E0527E9D1CA5E.e.21651/click - {}
RESULT: {}
COMMAND: GET /session/47a0cfcb1b688bc57e33978b59aaa3c6/screenshot - {}
RESULT: {}
]]></system-out>
    </testcase>
    <testcase classname="chrome.136_0_7103_93.windows.Create_masterdata_for_Yard_Overview_-_trigger_provide_US130988" name="Set status to defect" time="58.017">
      <system-out><![CDATA[
COMMAND: POST /session/47a0cfcb1b688bc57e33978b59aaa3c6/execute/async - {"script":"<script> [1562 bytes]","args":[{"selector":{"controlType":"sap.m.GenericTile","properties":{"header":"Manage States & Performance"}},"wdio_ui5_key":"sapm.GenericTile{\"header\":\"Manage States & Performance\"}"}]}
RESULT: {"script":"<script> [1562 bytes]","args":[{"selector":{"controlType":"sap.m.GenericTile","properties":{"header":"Manage States & Performance"}},"wdio_ui5_key":"sapm.GenericTile{\"header\":\"Manage States & Performance\"}"}]}
RESULT: undefined
COMMAND: POST /session/47a0cfcb1b688bc57e33978b59aaa3c6/element - {"using":"xpath","value":"//*[@id=\"__tile96\"]"}
RESULT: {"using":"xpath","value":"//*[@id=\"__tile96\"]"}
COMMAND: POST /session/47a0cfcb1b688bc57e33978b59aaa3c6/element/f.B7EBD3B9E1BF342B1CF0F76B0C9C80BF.d.0387C0556C3CA04F5E3E0527E9D1CA5E.e.20722/click - {}
RESULT: {}
COMMAND: GET /session/47a0cfcb1b688bc57e33978b59aaa3c6/screenshot - {}
RESULT: {}
COMMAND: POST /session/47a0cfcb1b688bc57e33978b59aaa3c6/elements - {"using":"xpath","value":"//span[text()='Error']"}
RESULT: {"using":"xpath","value":"//span[text()='Error']"}
COMMAND: POST /session/47a0cfcb1b688bc57e33978b59aaa3c6/execute/async - {"script":"<script> [1562 bytes]","args":[{"selector":{"controlType":"sap.ui.core.Icon","viewName":"etm.portal.ui.managestatesandperformance.view.Master","viewId":"application-managestatesandperformance-display-component---stateAndPerform","properties":{"src":{"regex":{"source":"inventory"}}}},"wdio_ui5_key":"etmportal.ui.managestatesandperformance.view.Mastersap.ui.core.Icon{\"src\":{\"regex\":{\"source\":\"inventory\"}}}"}]}
RESULT: {"script":"<script> [1562 bytes]","args":[{"selector":{"controlType":"sap.ui.core.Icon","viewName":"etm.portal.ui.managestatesandperformance.view.Master","viewId":"application-managestatesandperformance-display-component---stateAndPerform","properties":{"src":{"regex":{"source":"inventory"}}}},"wdio_ui5_key":"etmportal.ui.managestatesandperformance.view.Mastersap.ui.core.Icon{\"src\":{\"regex\":{\"source\":\"inventory\"}}}"}]}
RESULT: undefined
COMMAND: POST /session/47a0cfcb1b688bc57e33978b59aaa3c6/element - {"using":"xpath","value":"//*[@id=\"__filter57-icon\"]"}
RESULT: {"using":"xpath","value":"//*[@id=\"__filter57-icon\"]"}
COMMAND: POST /session/47a0cfcb1b688bc57e33978b59aaa3c6/element/f.B7EBD3B9E1BF342B1CF0F76B0C9C80BF.d.0387C0556C3CA04F5E3E0527E9D1CA5E.e.22514/click - {}
RESULT: {}
COMMAND: POST /session/47a0cfcb1b688bc57e33978b59aaa3c6/execute/async - {"script":"<script> [1562 bytes]","args":[{"selector":{"id":"application-managestatesandperformance-display-component---stateAndPerform--smartFilterBarYard-btnBasicSearch","interaction":{"idSuffix":"I"}},"wdio_ui5_key":"applicationmanagestatesandperformance-display-component---stateAndPerform--smartFilterBarYard-btnBasicSearch"}]}
COMMAND: GET /session/47a0cfcb1b688bc57e33978b59aaa3c6/screenshot - {}
RESULT: {"script":"<script> [1562 bytes]","args":[{"selector":{"id":"application-managestatesandperformance-display-component---stateAndPerform--smartFilterBarYard-btnBasicSearch","interaction":{"idSuffix":"I"}},"wdio_ui5_key":"applicationmanagestatesandperformance-display-component---stateAndPerform--smartFilterBarYard-btnBasicSearch"}]}
RESULT: undefined
COMMAND: POST /session/47a0cfcb1b688bc57e33978b59aaa3c6/execute/async - {"script":"<script> [776 bytes]","args":[{"enterText":"200344","selector":{"id":"application-managestatesandperformance-display-component---stateAndPerform--smartFilterBarYard-btnBasicSearch","interaction":{"idSuffix":"I"}},"clearTextFirst":true,"interactionType":"ENTER_TEXT"}]}
RESULT: {}
RESULT: {"script":"<script> [776 bytes]","args":[{"enterText":"200344","selector":{"id":"application-managestatesandperformance-display-component---stateAndPerform--smartFilterBarYard-btnBasicSearch","interaction":{"idSuffix":"I"}},"clearTextFirst":true,"interactionType":"ENTER_TEXT"}]}
COMMAND: POST /session/47a0cfcb1b688bc57e33978b59aaa3c6/actions - {"actions":[{"id":"action74","type":"key","parameters":{},"actions":[{"type":"keyDown","value":"î€‡"},{"type":"pause","duration":10},{"type":"keyUp","value":"î€‡"}]}]}
RESULT: {"actions":[{"id":"action74","type":"key","parameters":{},"actions":[{"type":"keyDown","value":"î€‡"},{"type":"pause","duration":10},{"type":"keyUp","value":"î€‡"}]}]}
COMMAND: GET /session/47a0cfcb1b688bc57e33978b59aaa3c6/screenshot - {}
RESULT: {}
COMMAND: POST /session/47a0cfcb1b688bc57e33978b59aaa3c6/element - {"using":"xpath","value":"(//span[contains(@id, \"imgNav\")])[1]"}
RESULT: {"using":"xpath","value":"(//span[contains(@id, \"imgNav\")])[1]"}
COMMAND: POST /session/47a0cfcb1b688bc57e33978b59aaa3c6/element/f.B7EBD3B9E1BF342B1CF0F76B0C9C80BF.d.0387C0556C3CA04F5E3E0527E9D1CA5E.e.22593/click - {}
RESULT: {}
COMMAND: GET /session/47a0cfcb1b688bc57e33978b59aaa3c6/screenshot - {}
RESULT: {}
COMMAND: POST /session/47a0cfcb1b688bc57e33978b59aaa3c6/execute/async - {"script":"<script> [1562 bytes]","args":[{"selector":{"controlType":"sap.m.Button","viewName":"etm.portal.ui.managestatesandperformance.view.Detail","viewId":"application-managestatesandperformance-display-component---detailStateAndPerform","i18NText":{"propertyName":"text","key":"createStateChange"},"interaction":{"idSuffix":"content"}},"wdio_ui5_key":"etmportal.ui.managestatesandperformance.view.Detailsap.m.Button{\"propertyName\":\"text\",\"key\":\"createStateChange\"}"}]}
RESULT: {"script":"<script> [1562 bytes]","args":[{"selector":{"controlType":"sap.m.Button","viewName":"etm.portal.ui.managestatesandperformance.view.Detail","viewId":"application-managestatesandperformance-display-component---detailStateAndPerform","i18NText":{"propertyName":"text","key":"createStateChange"},"interaction":{"idSuffix":"content"}},"wdio_ui5_key":"etmportal.ui.managestatesandperformance.view.Detailsap.m.Button{\"propertyName\":\"text\",\"key\":\"createStateChange\"}"}]}
RESULT: undefined
COMMAND: POST /session/47a0cfcb1b688bc57e33978b59aaa3c6/element - {"using":"xpath","value":"//*[@id=\"__button163\"]"}
RESULT: {"using":"xpath","value":"//*[@id=\"__button163\"]"}
COMMAND: POST /session/47a0cfcb1b688bc57e33978b59aaa3c6/element/f.B7EBD3B9E1BF342B1CF0F76B0C9C80BF.d.0387C0556C3CA04F5E3E0527E9D1CA5E.e.22636/click - {}
RESULT: {}
COMMAND: GET /session/47a0cfcb1b688bc57e33978b59aaa3c6/screenshot - {}
RESULT: {}
COMMAND: POST /session/47a0cfcb1b688bc57e33978b59aaa3c6/execute/async - {"script":"<script> [1562 bytes]","args":[{"selector":{"id":"addStateDialog--stateSelect","searchOpenDialogs":true,"interaction":{"idSuffix":"arrow"}},"wdio_ui5_key":"addStateDialogstateSelect"}]}
RESULT: {"script":"<script> [1562 bytes]","args":[{"selector":{"id":"addStateDialog--stateSelect","searchOpenDialogs":true,"interaction":{"idSuffix":"arrow"}},"wdio_ui5_key":"addStateDialogstateSelect"}]}
RESULT: undefined
COMMAND: POST /session/47a0cfcb1b688bc57e33978b59aaa3c6/element - {"using":"xpath","value":"//*[@id=\"addStateDialog--stateSelect\"]"}
RESULT: {"using":"xpath","value":"//*[@id=\"addStateDialog--stateSelect\"]"}
COMMAND: POST /session/47a0cfcb1b688bc57e33978b59aaa3c6/element/f.B7EBD3B9E1BF342B1CF0F76B0C9C80BF.d.0387C0556C3CA04F5E3E0527E9D1CA5E.e.22663/click - {}
RESULT: {}
COMMAND: GET /session/47a0cfcb1b688bc57e33978b59aaa3c6/screenshot - {}
RESULT: {}
COMMAND: POST /session/47a0cfcb1b688bc57e33978b59aaa3c6/element - {"using":"xpath","value":"//li[text()=\"defect\"]"}
RESULT: {"using":"xpath","value":"//li[text()=\"defect\"]"}
COMMAND: POST /session/47a0cfcb1b688bc57e33978b59aaa3c6/element/f.B7EBD3B9E1BF342B1CF0F76B0C9C80BF.d.0387C0556C3CA04F5E3E0527E9D1CA5E.e.22666/click - {}
RESULT: {}
COMMAND: GET /session/47a0cfcb1b688bc57e33978b59aaa3c6/screenshot - {}
RESULT: {}
COMMAND: POST /session/47a0cfcb1b688bc57e33978b59aaa3c6/element - {"using":"xpath","value":"//span[contains(@id,\"incrementBtn\")]"}
RESULT: {"using":"xpath","value":"//span[contains(@id,\"incrementBtn\")]"}
COMMAND: POST /session/47a0cfcb1b688bc57e33978b59aaa3c6/element/f.B7EBD3B9E1BF342B1CF0F76B0C9C80BF.d.0387C0556C3CA04F5E3E0527E9D1CA5E.e.22667/click - {}
RESULT: {}
COMMAND: GET /session/47a0cfcb1b688bc57e33978b59aaa3c6/screenshot - {}
RESULT: {}
COMMAND: POST /session/47a0cfcb1b688bc57e33978b59aaa3c6/element - {"using":"xpath","value":"//button[@data-kt=\"confirmAddStateButton\"]"}
RESULT: {"using":"xpath","value":"//button[@data-kt=\"confirmAddStateButton\"]"}
COMMAND: POST /session/47a0cfcb1b688bc57e33978b59aaa3c6/element/f.B7EBD3B9E1BF342B1CF0F76B0C9C80BF.d.0387C0556C3CA04F5E3E0527E9D1CA5E.e.22668/click - {}
RESULT: {}
COMMAND: GET /session/47a0cfcb1b688bc57e33978b59aaa3c6/screenshot - {}
RESULT: {}
COMMAND: POST /session/47a0cfcb1b688bc57e33978b59aaa3c6/element - {"using":"css selector","value":"#shell-header-logo"}
RESULT: {"using":"css selector","value":"#shell-header-logo"}
COMMAND: POST /session/47a0cfcb1b688bc57e33978b59aaa3c6/element/f.B7EBD3B9E1BF342B1CF0F76B0C9C80BF.d.0387C0556C3CA04F5E3E0527E9D1CA5E.e.22427/click - {}
RESULT: {}
COMMAND: GET /session/47a0cfcb1b688bc57e33978b59aaa3c6/screenshot - {}
RESULT: {}
]]></system-out>
    </testcase>
    <testcase classname="chrome.136_0_7103_93.windows.Create_masterdata_for_Yard_Overview_-_trigger_provide_US130988" name="Should do a Stock Decrease" time="99.205">
      <system-out><![CDATA[
RESULT: undefined
COMMAND: POST /session/47a0cfcb1b688bc57e33978b59aaa3c6/element - {"using":"xpath","value":"//*[@id=\"__tile131\"]"}
RESULT: {"using":"xpath","value":"//*[@id=\"__tile131\"]"}
COMMAND: POST /session/47a0cfcb1b688bc57e33978b59aaa3c6/element/f.B7EBD3B9E1BF342B1CF0F76B0C9C80BF.d.0387C0556C3CA04F5E3E0527E9D1CA5E.e.20677/click - {}
RESULT: {}
COMMAND: GET /session/47a0cfcb1b688bc57e33978b59aaa3c6/screenshot - {}
RESULT: {}
COMMAND: POST /session/47a0cfcb1b688bc57e33978b59aaa3c6/elements - {"using":"xpath","value":"//span[text()='Error']"}
RESULT: {"using":"xpath","value":"//span[text()='Error']"}
COMMAND: POST /session/47a0cfcb1b688bc57e33978b59aaa3c6/element - {"using":"xpath","value":"//button[@data-kt=\"masterHOAddButton\"]"}
RESULT: {"using":"xpath","value":"//button[@data-kt=\"masterHOAddButton\"]"}
COMMAND: POST /session/47a0cfcb1b688bc57e33978b59aaa3c6/elements - {"using":"xpath","value":"//button[@data-kt=\"masterHOAddButton\"]"}
RESULT: {"using":"xpath","value":"//button[@data-kt=\"masterHOAddButton\"]"}
COMMAND: POST /session/47a0cfcb1b688bc57e33978b59aaa3c6/execute/sync - {"script":"<script> [8489 bytes]","args":[{"element-6066-11e4-a52e-4f735466cecf":"f.B7EBD3B9E1BF342B1CF0F76B0C9C80BF.d.0387C0556C3CA04F5E3E0527E9D1CA5E.e.22723","ELEMENT":"f.B7EBD3B9E1BF342B1CF0F76B0C9C80BF.d.0387C0556C3CA04F5E3E0527E9D1CA5E.e.22723"}]}
RESULT: {"script":"<script> [8489 bytes]","args":[{"element-6066-11e4-a52e-4f735466cecf":"f.B7EBD3B9E1BF342B1CF0F76B0C9C80BF.d.0387C0556C3CA04F5E3E0527E9D1CA5E.e.22723","ELEMENT":"f.B7EBD3B9E1BF342B1CF0F76B0C9C80BF.d.0387C0556C3CA04F5E3E0527E9D1CA5E.e.22723"}]}
COMMAND: GET /session/47a0cfcb1b688bc57e33978b59aaa3c6/element/f.B7EBD3B9E1BF342B1CF0F76B0C9C80BF.d.0387C0556C3CA04F5E3E0527E9D1CA5E.e.22723/enabled - {}
COMMAND: GET /session/47a0cfcb1b688bc57e33978b59aaa3c6/screenshot - {}
RESULT: {}
COMMAND: POST /session/47a0cfcb1b688bc57e33978b59aaa3c6/execute/sync - {"script":"<script> [8489 bytes]","args":[{"element-6066-11e4-a52e-4f735466cecf":"f.B7EBD3B9E1BF342B1CF0F76B0C9C80BF.d.0387C0556C3CA04F5E3E0527E9D1CA5E.e.22723","ELEMENT":"f.B7EBD3B9E1BF342B1CF0F76B0C9C80BF.d.0387C0556C3CA04F5E3E0527E9D1CA5E.e.22723"}]}
COMMAND: GET /session/47a0cfcb1b688bc57e33978b59aaa3c6/screenshot - {}
RESULT: {}
RESULT: {"script":"<script> [8489 bytes]","args":[{"element-6066-11e4-a52e-4f735466cecf":"f.B7EBD3B9E1BF342B1CF0F76B0C9C80BF.d.0387C0556C3CA04F5E3E0527E9D1CA5E.e.22723","ELEMENT":"f.B7EBD3B9E1BF342B1CF0F76B0C9C80BF.d.0387C0556C3CA04F5E3E0527E9D1CA5E.e.22723"}]}
COMMAND: POST /session/47a0cfcb1b688bc57e33978b59aaa3c6/execute/sync - {"script":"<script> [5351 bytes]","args":[{"element-6066-11e4-a52e-4f735466cecf":"f.B7EBD3B9E1BF342B1CF0F76B0C9C80BF.d.0387C0556C3CA04F5E3E0527E9D1CA5E.e.22723","ELEMENT":"f.B7EBD3B9E1BF342B1CF0F76B0C9C80BF.d.0387C0556C3CA04F5E3E0527E9D1CA5E.e.22723"}]}
COMMAND: GET /session/47a0cfcb1b688bc57e33978b59aaa3c6/screenshot - {}
RESULT: {}
RESULT: {"script":"<script> [5351 bytes]","args":[{"element-6066-11e4-a52e-4f735466cecf":"f.B7EBD3B9E1BF342B1CF0F76B0C9C80BF.d.0387C0556C3CA04F5E3E0527E9D1CA5E.e.22723","ELEMENT":"f.B7EBD3B9E1BF342B1CF0F76B0C9C80BF.d.0387C0556C3CA04F5E3E0527E9D1CA5E.e.22723"}]}
COMMAND: POST /session/47a0cfcb1b688bc57e33978b59aaa3c6/element/f.B7EBD3B9E1BF342B1CF0F76B0C9C80BF.d.0387C0556C3CA04F5E3E0527E9D1CA5E.e.22723/click - {}
COMMAND: GET /session/47a0cfcb1b688bc57e33978b59aaa3c6/screenshot - {}
RESULT: {}
RESULT: {}
COMMAND: GET /session/47a0cfcb1b688bc57e33978b59aaa3c6/screenshot - {}
COMMAND: POST /session/47a0cfcb1b688bc57e33978b59aaa3c6/element - {"using":"xpath","value":"//span[contains(@id ,\"AddNewHO--typeSelect-arrow\")]"}
RESULT: {}
RESULT: {}
RESULT: {"using":"xpath","value":"//span[contains(@id ,\"AddNewHO--typeSelect-arrow\")]"}
COMMAND: POST /session/47a0cfcb1b688bc57e33978b59aaa3c6/element/f.B7EBD3B9E1BF342B1CF0F76B0C9C80BF.d.0387C0556C3CA04F5E3E0527E9D1CA5E.e.23124/click - {}
RESULT: {}
COMMAND: GET /session/47a0cfcb1b688bc57e33978b59aaa3c6/screenshot - {}
RESULT: {}
COMMAND: POST /session/47a0cfcb1b688bc57e33978b59aaa3c6/element - {"using":"xpath","value":"(//li[contains(text(), \"stock decrease yard\")])[1]"}
RESULT: {"using":"xpath","value":"(//li[contains(text(), \"stock decrease yard\")])[1]"}
COMMAND: POST /session/47a0cfcb1b688bc57e33978b59aaa3c6/element/f.B7EBD3B9E1BF342B1CF0F76B0C9C80BF.d.0387C0556C3CA04F5E3E0527E9D1CA5E.e.23125/click - {}
RESULT: {}
COMMAND: GET /session/47a0cfcb1b688bc57e33978b59aaa3c6/screenshot - {}
RESULT: {}
RESULT: undefined
COMMAND: POST /session/47a0cfcb1b688bc57e33978b59aaa3c6/execute/async - {"script":"<script> [6424 bytes]","args":[{"element-6066-11e4-a52e-4f735466cecf":"f.B7EBD3B9E1BF342B1CF0F76B0C9C80BF.d.0387C0556C3CA04F5E3E0527E9D1CA5E.e.22026"},"setValue",["5/20/25"]]}
COMMAND: POST /session/47a0cfcb1b688bc57e33978b59aaa3c6/execute/async - {"script":"<script> [1562 bytes]","args":[{"selector":{"id":"application-managehandovers-display-component---AddNewHO--dueDate","interaction":{"idSuffix":"inner"}},"wdio_ui5_key":"applicationmanagehandovers-display-component---AddNewHO--dueDate"}]}
RESULT: {"script":"<script> [1562 bytes]","args":[{"selector":{"id":"application-managehandovers-display-component---AddNewHO--dueDate","interaction":{"idSuffix":"inner"}},"wdio_ui5_key":"applicationmanagehandovers-display-component---AddNewHO--dueDate"}]}
COMMAND: POST /session/47a0cfcb1b688bc57e33978b59aaa3c6/execute/async - {"script":"<script> [6424 bytes]","args":[{"element-6066-11e4-a52e-4f735466cecf":"f.B7EBD3B9E1BF342B1CF0F76B0C9C80BF.d.0387C0556C3CA04F5E3E0527E9D1CA5E.e.23139"},"setValue",["5/20/25"]]}
RESULT: {"script":"<script> [6424 bytes]","args":[{"element-6066-11e4-a52e-4f735466cecf":"f.B7EBD3B9E1BF342B1CF0F76B0C9C80BF.d.0387C0556C3CA04F5E3E0527E9D1CA5E.e.23139"},"setValue",["5/20/25"]]}
COMMAND: POST /session/47a0cfcb1b688bc57e33978b59aaa3c6/element - {"using":"xpath","value":"//input[@id=\"generalSectionFrg--sendYard-inner\"]"}
RESULT: {"using":"xpath","value":"//input[@id=\"generalSectionFrg--sendYard-inner\"]"}
COMMAND: POST /session/47a0cfcb1b688bc57e33978b59aaa3c6/element/f.B7EBD3B9E1BF342B1CF0F76B0C9C80BF.d.0387C0556C3CA04F5E3E0527E9D1CA5E.e.23143/clear - {}
RESULT: {}
COMMAND: POST /session/47a0cfcb1b688bc57e33978b59aaa3c6/element/f.B7EBD3B9E1BF342B1CF0F76B0C9C80BF.d.0387C0556C3CA04F5E3E0527E9D1CA5E.e.23143/value - {"text":"590"}
COMMAND: GET /session/47a0cfcb1b688bc57e33978b59aaa3c6/screenshot - {}
RESULT: {"text":"590"}
COMMAND: GET /session/47a0cfcb1b688bc57e33978b59aaa3c6/screenshot - {}
RESULT: {}
RESULT: {}
COMMAND: POST /session/47a0cfcb1b688bc57e33978b59aaa3c6/element - {"using":"xpath","value":"//li[.//span[text()='590']]"}
RESULT: {"using":"xpath","value":"//li[.//span[text()='590']]"}
COMMAND: POST /session/47a0cfcb1b688bc57e33978b59aaa3c6/element/f.B7EBD3B9E1BF342B1CF0F76B0C9C80BF.d.0387C0556C3CA04F5E3E0527E9D1CA5E.e.23161/click - {}
RESULT: {}
COMMAND: GET /session/47a0cfcb1b688bc57e33978b59aaa3c6/screenshot - {}
RESULT: {}
COMMAND: POST /session/47a0cfcb1b688bc57e33978b59aaa3c6/execute/async - {"script":"<script> [1562 bytes]","args":[{"selector":{"controlType":"sap.ui.core.Icon","viewName":"etm.portal.ui.managehandovers.view.AddNewHO","viewId":"application-managehandovers-display-component---AddNewHO","properties":{"src":{"regex":{"source":"slim\\-arrow\\-down"}}},"ancestor":{"controlType":"etm.portal.ui.reusables.customControls.LiveSearchComboBox","viewName":"etm.portal.ui.managehandovers.view.AddNewHO","viewId":"application-managehandovers-display-component---AddNewHO","bindingPath":{"path":"","propertyPath":"/FORWARDER","modelName":"hoItemsModel"}}},"wdio_ui5_key":"etmportal.ui.managehandovers.view.AddNewHOsap.ui.core.Icon{\"src\":{\"regex\":{\"source\":\"slim\\\\-arrow\\\\-down\"}}}{\"controlType\":\"etm.portal.ui.reusables.customControls.LiveSearchComboBox\",\"viewName\":\"etm.portal.ui.managehandovers.view.AddNewHO\",\"viewId\":\"application-managehandovers-display-component---AddNewHO\",\"bindingPath\":{\"path\":\"\",\"propertyPath\":\"/FORWARDER\",\"modelName\":\"hoItemsModel\"}}"}]}
RESULT: {"script":"<script> [1562 bytes]","args":[{"selector":{"controlType":"sap.ui.core.Icon","viewName":"etm.portal.ui.managehandovers.view.AddNewHO","viewId":"application-managehandovers-display-component---AddNewHO","properties":{"src":{"regex":{"source":"slim\\-arrow\\-down"}}},"ancestor":{"controlType":"etm.portal.ui.reusables.customControls.LiveSearchComboBox","viewName":"etm.portal.ui.managehandovers.view.AddNewHO","viewId":"application-managehandovers-display-component---AddNewHO","bindingPath":{"path":"","propertyPath":"/FORWARDER","modelName":"hoItemsModel"}}},"wdio_ui5_key":"etmportal.ui.managehandovers.view.AddNewHOsap.ui.core.Icon{\"src\":{\"regex\":{\"source\":\"slim\\\\-arrow\\\\-down\"}}}{\"controlType\":\"etm.portal.ui.reusables.customControls.LiveSearchComboBox\",\"viewName\":\"etm.portal.ui.managehandovers.view.AddNewHO\",\"viewId\":\"application-managehandovers-display-component---AddNewHO\",\"bindingPath\":{\"path\":\"\",\"propertyPath\":\"/FORWARDER\",\"modelName\":\"hoItemsModel\"}}"}]}
RESULT: undefined
COMMAND: POST /session/47a0cfcb1b688bc57e33978b59aaa3c6/element - {"using":"xpath","value":"//*[@id=\"__box41-arrow\"]"}
RESULT: {"using":"xpath","value":"//*[@id=\"__box41-arrow\"]"}
COMMAND: POST /session/47a0cfcb1b688bc57e33978b59aaa3c6/element/f.B7EBD3B9E1BF342B1CF0F76B0C9C80BF.d.0387C0556C3CA04F5E3E0527E9D1CA5E.e.23162/click - {}
RESULT: {}
COMMAND: GET /session/47a0cfcb1b688bc57e33978b59aaa3c6/screenshot - {}
RESULT: {}
COMMAND: POST /session/47a0cfcb1b688bc57e33978b59aaa3c6/execute/async - {"script":"<script> [1562 bytes]","args":[{"selector":{"controlType":"sap.m.StandardListItem","viewName":"etm.portal.ui.managehandovers.view.AddNewHO","viewId":"application-managehandovers-display-component---AddNewHO","properties":{"title":"1002 - Test "},"searchOpenDialogs":true,"interaction":{"idSuffix":"content"}},"wdio_ui5_key":"etmportal.ui.managehandovers.view.AddNewHOsap.m.StandardListItem{\"title\":\"1002 - Test \"}"}]}
RESULT: {"script":"<script> [1562 bytes]","args":[{"selector":{"controlType":"sap.m.StandardListItem","viewName":"etm.portal.ui.managehandovers.view.AddNewHO","viewId":"application-managehandovers-display-component---AddNewHO","properties":{"title":"1002 - Test "},"searchOpenDialogs":true,"interaction":{"idSuffix":"content"}},"wdio_ui5_key":"etmportal.ui.managehandovers.view.AddNewHOsap.m.StandardListItem{\"title\":\"1002 - Test \"}"}]}
RESULT: undefined
COMMAND: POST /session/47a0cfcb1b688bc57e33978b59aaa3c6/element - {"using":"xpath","value":"//*[@id=\"__item1417\"]"}
RESULT: {"using":"xpath","value":"//*[@id=\"__item1417\"]"}
COMMAND: POST /session/47a0cfcb1b688bc57e33978b59aaa3c6/element/f.B7EBD3B9E1BF342B1CF0F76B0C9C80BF.d.0387C0556C3CA04F5E3E0527E9D1CA5E.e.23165/click - {}
RESULT: {}
COMMAND: GET /session/47a0cfcb1b688bc57e33978b59aaa3c6/screenshot - {}
RESULT: {}
COMMAND: POST /session/47a0cfcb1b688bc57e33978b59aaa3c6/execute/async - {"script":"<script> [1562 bytes]","args":[{"selector":{"controlType":"sap.m.Input","viewName":"etm.portal.ui.managehandovers.view.AddNewHO","viewId":"application-managehandovers-display-component---AddNewHO","bindingPath":{"path":"","propertyPath":"/DRIVER","modelName":"hoItemsModel"},"interaction":{"idSuffix":"inner"}},"wdio_ui5_key":"etmportal.ui.managehandovers.view.AddNewHOsap.m.Input{\"path\":\"\",\"propertyPath\":\"/DRIVER\",\"modelName\":\"hoItemsModel\"}"}]}
RESULT: {"script":"<script> [1562 bytes]","args":[{"selector":{"controlType":"sap.m.Input","viewName":"etm.portal.ui.managehandovers.view.AddNewHO","viewId":"application-managehandovers-display-component---AddNewHO","bindingPath":{"path":"","propertyPath":"/DRIVER","modelName":"hoItemsModel"},"interaction":{"idSuffix":"inner"}},"wdio_ui5_key":"etmportal.ui.managehandovers.view.AddNewHOsap.m.Input{\"path\":\"\",\"propertyPath\":\"/DRIVER\",\"modelName\":\"hoItemsModel\"}"}]}
RESULT: undefined
COMMAND: POST /session/47a0cfcb1b688bc57e33978b59aaa3c6/execute/async - {"script":"<script> [776 bytes]","args":[{"enterText":"StockDecrease Driver","selector":{"controlType":"sap.m.Input","viewName":"etm.portal.ui.managehandovers.view.AddNewHO","viewId":"application-managehandovers-display-component---AddNewHO","bindingPath":{"path":"","propertyPath":"/DRIVER","modelName":"hoItemsModel"},"interaction":{"idSuffix":"inner"}},"clearTextFirst":true,"interactionType":"ENTER_TEXT"}]}
RESULT: {"script":"<script> [776 bytes]","args":[{"enterText":"StockDecrease Driver","selector":{"controlType":"sap.m.Input","viewName":"etm.portal.ui.managehandovers.view.AddNewHO","viewId":"application-managehandovers-display-component---AddNewHO","bindingPath":{"path":"","propertyPath":"/DRIVER","modelName":"hoItemsModel"},"interaction":{"idSuffix":"inner"}},"clearTextFirst":true,"interactionType":"ENTER_TEXT"}]}
COMMAND: POST /session/47a0cfcb1b688bc57e33978b59aaa3c6/execute/async - {"script":"<script> [1562 bytes]","args":[{"selector":{"id":"application-managehandovers-display-component---AddNewHO--responsibleCB-arrow"},"wdio_ui5_key":"applicationmanagehandovers-display-component---AddNewHO--responsibleCB-arrow"}]}
RESULT: {"script":"<script> [1562 bytes]","args":[{"selector":{"id":"application-managehandovers-display-component---AddNewHO--responsibleCB-arrow"},"wdio_ui5_key":"applicationmanagehandovers-display-component---AddNewHO--responsibleCB-arrow"}]}
RESULT: undefined
COMMAND: POST /session/47a0cfcb1b688bc57e33978b59aaa3c6/element - {"using":"xpath","value":"//*[@id=\"application-managehandovers-display-component---AddNewHO--responsibleCB-arrow\"]"}
RESULT: {"using":"xpath","value":"//*[@id=\"application-managehandovers-display-component---AddNewHO--responsibleCB-arrow\"]"}
COMMAND: POST /session/47a0cfcb1b688bc57e33978b59aaa3c6/element/f.B7EBD3B9E1BF342B1CF0F76B0C9C80BF.d.0387C0556C3CA04F5E3E0527E9D1CA5E.e.23167/click - {}
RESULT: {}
COMMAND: GET /session/47a0cfcb1b688bc57e33978b59aaa3c6/screenshot - {}
RESULT: {}
COMMAND: POST /session/47a0cfcb1b688bc57e33978b59aaa3c6/execute/async - {"script":"<script> [1562 bytes]","args":[{"selector":{"controlType":"sap.m.StandardListItem","viewName":"etm.portal.ui.managehandovers.view.AddNewHO","viewId":"application-managehandovers-display-component---AddNewHO","properties":{"title":"1 - Test unit Update "},"searchOpenDialogs":true},"wdio_ui5_key":"etmportal.ui.managehandovers.view.AddNewHOsap.m.StandardListItem{\"title\":\"1 - Test unit Update \"}"}]}
RESULT: {"script":"<script> [1562 bytes]","args":[{"selector":{"controlType":"sap.m.StandardListItem","viewName":"etm.portal.ui.managehandovers.view.AddNewHO","viewId":"application-managehandovers-display-component---AddNewHO","properties":{"title":"1 - Test unit Update "},"searchOpenDialogs":true},"wdio_ui5_key":"etmportal.ui.managehandovers.view.AddNewHOsap.m.StandardListItem{\"title\":\"1 - Test unit Update \"}"}]}
RESULT: undefined
COMMAND: POST /session/47a0cfcb1b688bc57e33978b59aaa3c6/element - {"using":"xpath","value":"//*[@id=\"__item1516\"]"}
RESULT: {"using":"xpath","value":"//*[@id=\"__item1516\"]"}
COMMAND: POST /session/47a0cfcb1b688bc57e33978b59aaa3c6/element/f.B7EBD3B9E1BF342B1CF0F76B0C9C80BF.d.0387C0556C3CA04F5E3E0527E9D1CA5E.e.23168/click - {}
RESULT: {}
COMMAND: GET /session/47a0cfcb1b688bc57e33978b59aaa3c6/screenshot - {}
RESULT: {}
RESULT: undefined
COMMAND: POST /session/47a0cfcb1b688bc57e33978b59aaa3c6/element - {"using":"xpath","value":"//*[@id=\"application-managehandovers-display-component---AddNewHO--ObjectPageLayout-anchBar-application-managehandovers-display-component---AddNewHO--section4-anchor\"]"}
RESULT: {"using":"xpath","value":"//*[@id=\"application-managehandovers-display-component---AddNewHO--ObjectPageLayout-anchBar-application-managehandovers-display-component---AddNewHO--section4-anchor\"]"}
COMMAND: POST /session/47a0cfcb1b688bc57e33978b59aaa3c6/element/f.B7EBD3B9E1BF342B1CF0F76B0C9C80BF.d.0387C0556C3CA04F5E3E0527E9D1CA5E.e.23169/click - {}
RESULT: {}
COMMAND: GET /session/47a0cfcb1b688bc57e33978b59aaa3c6/screenshot - {}
RESULT: {}
COMMAND: POST /session/47a0cfcb1b688bc57e33978b59aaa3c6/execute/async - {"script":"<script> [1562 bytes]","args":[{"selector":{"controlType":"sap.ui.core.Icon","viewName":"etm.portal.ui.managehandovers.view.AddNewHO","viewId":"application-managehandovers-display-component---AddNewHO","properties":{"src":{"regex":{"source":"add"}}}},"wdio_ui5_key":"etmportal.ui.managehandovers.view.AddNewHOsap.ui.core.Icon{\"src\":{\"regex\":{\"source\":\"add\"}}}"}]}
RESULT: {"script":"<script> [1562 bytes]","args":[{"selector":{"controlType":"sap.ui.core.Icon","viewName":"etm.portal.ui.managehandovers.view.AddNewHO","viewId":"application-managehandovers-display-component---AddNewHO","properties":{"src":{"regex":{"source":"add"}}}},"wdio_ui5_key":"etmportal.ui.managehandovers.view.AddNewHOsap.ui.core.Icon{\"src\":{\"regex\":{\"source\":\"add\"}}}"}]}
RESULT: undefined
COMMAND: POST /session/47a0cfcb1b688bc57e33978b59aaa3c6/element - {"using":"xpath","value":"//*[@id=\"__button193-img\"]"}
RESULT: {"using":"xpath","value":"//*[@id=\"__button193-img\"]"}
COMMAND: POST /session/47a0cfcb1b688bc57e33978b59aaa3c6/element/f.B7EBD3B9E1BF342B1CF0F76B0C9C80BF.d.0387C0556C3CA04F5E3E0527E9D1CA5E.e.23172/click - {}
RESULT: {}
RESULT: undefined
COMMAND: POST /session/47a0cfcb1b688bc57e33978b59aaa3c6/execute/async - {"script":"<script> [776 bytes]","args":[{"enterText":"200344","selector":{"id":"application-managehandovers-display-component---AddNewHO--smartFilterBar-btnBasicSearch","searchOpenDialogs":true,"interaction":{"idSuffix":"I"}},"clearTextFirst":true,"interactionType":"ENTER_TEXT"}]}
COMMAND: GET /session/47a0cfcb1b688bc57e33978b59aaa3c6/screenshot - {}
RESULT: {"script":"<script> [776 bytes]","args":[{"enterText":"200344","selector":{"id":"application-managehandovers-display-component---AddNewHO--smartFilterBar-btnBasicSearch","searchOpenDialogs":true,"interaction":{"idSuffix":"I"}},"clearTextFirst":true,"interactionType":"ENTER_TEXT"}]}
RESULT: {}
RESULT: undefined
COMMAND: POST /session/47a0cfcb1b688bc57e33978b59aaa3c6/element - {"using":"xpath","value":"//*[@id=\"application-managehandovers-display-component---AddNewHO--popup-sa\"]"}
RESULT: {"using":"xpath","value":"//*[@id=\"application-managehandovers-display-component---AddNewHO--popup-sa\"]"}
COMMAND: POST /session/47a0cfcb1b688bc57e33978b59aaa3c6/element/f.B7EBD3B9E1BF342B1CF0F76B0C9C80BF.d.0387C0556C3CA04F5E3E0527E9D1CA5E.e.23208/click - {}
RESULT: {}
COMMAND: GET /session/47a0cfcb1b688bc57e33978b59aaa3c6/screenshot - {}
RESULT: {}
COMMAND: POST /session/47a0cfcb1b688bc57e33978b59aaa3c6/element - {"using":"xpath","value":"//*[contains(@id ,\"BDI-content\")][contains(text(), \"Select\")]"}
RESULT: {"using":"xpath","value":"//*[contains(@id ,\"BDI-content\")][contains(text(), \"Select\")]"}
COMMAND: POST /session/47a0cfcb1b688bc57e33978b59aaa3c6/element/f.B7EBD3B9E1BF342B1CF0F76B0C9C80BF.d.0387C0556C3CA04F5E3E0527E9D1CA5E.e.23209/click - {}
RESULT: {}
COMMAND: POST /session/47a0cfcb1b688bc57e33978b59aaa3c6/execute/async - {"script":"<script> [1562 bytes]","args":[{"selector":{"controlType":"sap.m.Button","viewName":"etm.portal.ui.managehandovers.view.AddNewHO","viewId":"application-managehandovers-display-component---AddNewHO","bindingPath":{"path":"/items/0","propertyPath":"QUANTITY","modelName":"hoItemsModel"},"interaction":{"idSuffix":"inner"}},"wdio_ui5_key":"etmportal.ui.managehandovers.view.AddNewHOsap.m.Button{\"path\":\"/items/0\",\"propertyPath\":\"QUANTITY\",\"modelName\":\"hoItemsModel\"}"}]}
COMMAND: GET /session/47a0cfcb1b688bc57e33978b59aaa3c6/screenshot - {}
RESULT: {"script":"<script> [1562 bytes]","args":[{"selector":{"controlType":"sap.m.Button","viewName":"etm.portal.ui.managehandovers.view.AddNewHO","viewId":"application-managehandovers-display-component---AddNewHO","bindingPath":{"path":"/items/0","propertyPath":"QUANTITY","modelName":"hoItemsModel"},"interaction":{"idSuffix":"inner"}},"wdio_ui5_key":"etmportal.ui.managehandovers.view.AddNewHOsap.m.Button{\"path\":\"/items/0\",\"propertyPath\":\"QUANTITY\",\"modelName\":\"hoItemsModel\"}"}]}
RESULT: undefined
COMMAND: POST /session/47a0cfcb1b688bc57e33978b59aaa3c6/element - {"using":"xpath","value":"//*[@id=\"__button194-__clone3343\"]"}
RESULT: {}
RESULT: {"using":"xpath","value":"//*[@id=\"__button194-__clone3343\"]"}
COMMAND: POST /session/47a0cfcb1b688bc57e33978b59aaa3c6/element/f.B7EBD3B9E1BF342B1CF0F76B0C9C80BF.d.0387C0556C3CA04F5E3E0527E9D1CA5E.e.23213/click - {}
RESULT: {}
COMMAND: POST /session/47a0cfcb1b688bc57e33978b59aaa3c6/execute/async - {"script":"<script> [1562 bytes]","args":[{"selector":{"controlType":"sap.m.NumericInput","viewName":"etm.portal.ui.managehandovers.view.AddNewHO","viewId":"application-managehandovers-display-component---AddNewHO","properties":{"value":"0"},"searchOpenDialogs":true,"interaction":{"idSuffix":"inner"}},"wdio_ui5_key":"etmportal.ui.managehandovers.view.AddNewHOsap.m.NumericInput{\"value\":\"0\"}"}]}
COMMAND: GET /session/47a0cfcb1b688bc57e33978b59aaa3c6/screenshot - {}
RESULT: {}
RESULT: {"script":"<script> [1562 bytes]","args":[{"selector":{"controlType":"sap.m.NumericInput","viewName":"etm.portal.ui.managehandovers.view.AddNewHO","viewId":"application-managehandovers-display-component---AddNewHO","properties":{"value":"0"},"searchOpenDialogs":true,"interaction":{"idSuffix":"inner"}},"wdio_ui5_key":"etmportal.ui.managehandovers.view.AddNewHOsap.m.NumericInput{\"value\":\"0\"}"}]}
RESULT: undefined
COMMAND: POST /session/47a0cfcb1b688bc57e33978b59aaa3c6/execute/async - {"script":"<script> [776 bytes]","args":[{"enterText":"1","selector":{"controlType":"sap.m.NumericInput","viewName":"etm.portal.ui.managehandovers.view.AddNewHO","viewId":"application-managehandovers-display-component---AddNewHO","properties":{"value":"0"},"searchOpenDialogs":true,"interaction":{"idSuffix":"inner"}},"clearTextFirst":true,"interactionType":"ENTER_TEXT"}]}
RESULT: {"script":"<script> [776 bytes]","args":[{"enterText":"1","selector":{"controlType":"sap.m.NumericInput","viewName":"etm.portal.ui.managehandovers.view.AddNewHO","viewId":"application-managehandovers-display-component---AddNewHO","properties":{"value":"0"},"searchOpenDialogs":true,"interaction":{"idSuffix":"inner"}},"clearTextFirst":true,"interactionType":"ENTER_TEXT"}]}
COMMAND: POST /session/47a0cfcb1b688bc57e33978b59aaa3c6/execute/async - {"script":"<script> [1562 bytes]","args":[{"selector":{"controlType":"sap.m.Button","viewName":"etm.portal.ui.managehandovers.view.AddNewHO","viewId":"application-managehandovers-display-component---AddNewHO","i18NText":{"propertyName":"text","key":"confirm"},"searchOpenDialogs":true,"interaction":{"idSuffix":"BDI-content"}},"wdio_ui5_key":"etmportal.ui.managehandovers.view.AddNewHOsap.m.Button{\"propertyName\":\"text\",\"key\":\"confirm\"}"}]}
RESULT: {"script":"<script> [1562 bytes]","args":[{"selector":{"controlType":"sap.m.Button","viewName":"etm.portal.ui.managehandovers.view.AddNewHO","viewId":"application-managehandovers-display-component---AddNewHO","i18NText":{"propertyName":"text","key":"confirm"},"searchOpenDialogs":true,"interaction":{"idSuffix":"BDI-content"}},"wdio_ui5_key":"etmportal.ui.managehandovers.view.AddNewHOsap.m.Button{\"propertyName\":\"text\",\"key\":\"confirm\"}"}]}
RESULT: undefined
COMMAND: POST /session/47a0cfcb1b688bc57e33978b59aaa3c6/element - {"using":"xpath","value":"//*[@id=\"__button197\"]"}
RESULT: {"using":"xpath","value":"//*[@id=\"__button197\"]"}
COMMAND: POST /session/47a0cfcb1b688bc57e33978b59aaa3c6/element/f.B7EBD3B9E1BF342B1CF0F76B0C9C80BF.d.0387C0556C3CA04F5E3E0527E9D1CA5E.e.23214/click - {}
RESULT: {}
COMMAND: POST /session/47a0cfcb1b688bc57e33978b59aaa3c6/execute/async - {"script":"<script> [1562 bytes]","args":[{"selector":{"id":"application-managehandovers-display-component---AddNewHO--confirmCreationButton","interaction":{"idSuffix":"inner"}},"wdio_ui5_key":"applicationmanagehandovers-display-component---AddNewHO--confirmCreationButton"}]}
COMMAND: GET /session/47a0cfcb1b688bc57e33978b59aaa3c6/screenshot - {}
RESULT: {"script":"<script> [1562 bytes]","args":[{"selector":{"id":"application-managehandovers-display-component---AddNewHO--confirmCreationButton","interaction":{"idSuffix":"inner"}},"wdio_ui5_key":"applicationmanagehandovers-display-component---AddNewHO--confirmCreationButton"}]}
RESULT: undefined
COMMAND: POST /session/47a0cfcb1b688bc57e33978b59aaa3c6/element - {"using":"xpath","value":"//*[@id=\"application-managehandovers-display-component---AddNewHO--confirmCreationButton\"]"}
RESULT: {}
RESULT: {"using":"xpath","value":"//*[@id=\"application-managehandovers-display-component---AddNewHO--confirmCreationButton\"]"}
COMMAND: POST /session/47a0cfcb1b688bc57e33978b59aaa3c6/element/f.B7EBD3B9E1BF342B1CF0F76B0C9C80BF.d.0387C0556C3CA04F5E3E0527E9D1CA5E.e.23225/click - {}
RESULT: {}
COMMAND: GET /session/47a0cfcb1b688bc57e33978b59aaa3c6/screenshot - {}
RESULT: {}
RESULT: undefined
COMMAND: POST /session/47a0cfcb1b688bc57e33978b59aaa3c6/execute/async - {"script":"<script> [776 bytes]","args":[{"enterText":"5/20/25","selector":{"id":"receiptDatePicker","viewName":"etm.portal.ui.managehandovers.view.DetailExecuteHO","interaction":{"idSuffix":"inner"}},"clearTextFirst":true,"interactionType":"ENTER_TEXT"}]}
RESULT: {"script":"<script> [776 bytes]","args":[{"enterText":"5/20/25","selector":{"id":"receiptDatePicker","viewName":"etm.portal.ui.managehandovers.view.DetailExecuteHO","interaction":{"idSuffix":"inner"}},"clearTextFirst":true,"interactionType":"ENTER_TEXT"}]}
COMMAND: POST /session/47a0cfcb1b688bc57e33978b59aaa3c6/execute/async - {"script":"<script> [1562 bytes]","args":[{"selector":{"controlType":"sap.m.Button","viewName":"etm.portal.ui.managehandovers.view.DetailExecuteHO","i18NText":{"propertyName":"text","key":"confirmAll"},"interaction":{"idSuffix":"BDI-content"}},"wdio_ui5_key":"etmportal.ui.managehandovers.view.DetailExecuteHOsap.m.Button{\"propertyName\":\"text\",\"key\":\"confirmAll\"}"}]}
RESULT: {"script":"<script> [1562 bytes]","args":[{"selector":{"controlType":"sap.m.Button","viewName":"etm.portal.ui.managehandovers.view.DetailExecuteHO","i18NText":{"propertyName":"text","key":"confirmAll"},"interaction":{"idSuffix":"BDI-content"}},"wdio_ui5_key":"etmportal.ui.managehandovers.view.DetailExecuteHOsap.m.Button{\"propertyName\":\"text\",\"key\":\"confirmAll\"}"}]}
RESULT: undefined
COMMAND: POST /session/47a0cfcb1b688bc57e33978b59aaa3c6/element - {"using":"xpath","value":"//*[@id=\"__button225\"]"}
RESULT: {"using":"xpath","value":"//*[@id=\"__button225\"]"}
COMMAND: POST /session/47a0cfcb1b688bc57e33978b59aaa3c6/element/f.B7EBD3B9E1BF342B1CF0F76B0C9C80BF.d.0387C0556C3CA04F5E3E0527E9D1CA5E.e.23257/click - {}
RESULT: {}
COMMAND: GET /session/47a0cfcb1b688bc57e33978b59aaa3c6/screenshot - {}
RESULT: {}
COMMAND: POST /session/47a0cfcb1b688bc57e33978b59aaa3c6/execute/async - {"script":"<script> [1562 bytes]","args":[{"selector":{"controlType":"sap.m.Button","properties":{"text":"OK"},"searchOpenDialogs":true,"interaction":{"idSuffix":"inner"}},"wdio_ui5_key":"sapm.Button{\"text\":\"OK\"}"}]}
RESULT: {"script":"<script> [1562 bytes]","args":[{"selector":{"controlType":"sap.m.Button","properties":{"text":"OK"},"searchOpenDialogs":true,"interaction":{"idSuffix":"inner"}},"wdio_ui5_key":"sapm.Button{\"text\":\"OK\"}"}]}
RESULT: undefined
COMMAND: POST /session/47a0cfcb1b688bc57e33978b59aaa3c6/element - {"using":"xpath","value":"//*[@id=\"__mbox-btn-3\"]"}
RESULT: {"using":"xpath","value":"//*[@id=\"__mbox-btn-3\"]"}
COMMAND: POST /session/47a0cfcb1b688bc57e33978b59aaa3c6/element/f.B7EBD3B9E1BF342B1CF0F76B0C9C80BF.d.0387C0556C3CA04F5E3E0527E9D1CA5E.e.23258/click - {}
RESULT: {}
COMMAND: GET /session/47a0cfcb1b688bc57e33978b59aaa3c6/screenshot - {}
RESULT: {}
COMMAND: POST /session/47a0cfcb1b688bc57e33978b59aaa3c6/element - {"using":"xpath","value":"//bdi[contains(text(), \"Issue\")]"}
RESULT: {"using":"xpath","value":"//bdi[contains(text(), \"Issue\")]"}
COMMAND: POST /session/47a0cfcb1b688bc57e33978b59aaa3c6/element/f.B7EBD3B9E1BF342B1CF0F76B0C9C80BF.d.0387C0556C3CA04F5E3E0527E9D1CA5E.e.23261/click - {}
RESULT: {}
COMMAND: GET /session/47a0cfcb1b688bc57e33978b59aaa3c6/screenshot - {}
RESULT: {}
COMMAND: POST /session/47a0cfcb1b688bc57e33978b59aaa3c6/element - {"using":"css selector","value":"#shell-header-logo"}
RESULT: {"using":"css selector","value":"#shell-header-logo"}
COMMAND: POST /session/47a0cfcb1b688bc57e33978b59aaa3c6/element/f.B7EBD3B9E1BF342B1CF0F76B0C9C80BF.d.0387C0556C3CA04F5E3E0527E9D1CA5E.e.22673/click - {}
RESULT: {}
COMMAND: GET /session/47a0cfcb1b688bc57e33978b59aaa3c6/screenshot - {}
RESULT: {}
COMMAND: POST /session/47a0cfcb1b688bc57e33978b59aaa3c6/element - {"using":"css selector","value":"#j_username"}
COMMAND: POST /session/47a0cfcb1b688bc57e33978b59aaa3c6/url - {"url":"https://qa-testing-00-live-etm-ui.cfapps.eu10-004.hana.ondemand.com/"}
RESULT: {"using":"css selector","value":"#j_username"}
COMMAND: POST /session/47a0cfcb1b688bc57e33978b59aaa3c6/element - {"using":"css selector","value":"#j_username"}
RESULT: {"url":"https://qa-testing-00-live-etm-ui.cfapps.eu10-004.hana.ondemand.com/"}
RESULT: undefined
COMMAND: GET /session/47a0cfcb1b688bc57e33978b59aaa3c6/screenshot - {}
RESULT: {"using":"css selector","value":"#j_username"}
COMMAND: POST /session/47a0cfcb1b688bc57e33978b59aaa3c6/element - {"using":"css selector","value":"#shell-header-logo"}
RESULT: {}
RESULT: {"using":"css selector","value":"#shell-header-logo"}
COMMAND: POST /session/47a0cfcb1b688bc57e33978b59aaa3c6/execute/sync - {"script":"<script> [8489 bytes]","args":[{"element-6066-11e4-a52e-4f735466cecf":"f.B7EBD3B9E1BF342B1CF0F76B0C9C80BF.d.D91FFD053D960FCF158B44282462A8BA.e.23436","ELEMENT":"f.B7EBD3B9E1BF342B1CF0F76B0C9C80BF.d.D91FFD053D960FCF158B44282462A8BA.e.23436"}]}
RESULT: {"script":"<script> [8489 bytes]","args":[{"element-6066-11e4-a52e-4f735466cecf":"f.B7EBD3B9E1BF342B1CF0F76B0C9C80BF.d.D91FFD053D960FCF158B44282462A8BA.e.23436","ELEMENT":"f.B7EBD3B9E1BF342B1CF0F76B0C9C80BF.d.D91FFD053D960FCF158B44282462A8BA.e.23436"}]}
COMMAND: POST /session/47a0cfcb1b688bc57e33978b59aaa3c6/element - {"using":"css selector","value":"#shell-header-logo"}
COMMAND: GET /session/47a0cfcb1b688bc57e33978b59aaa3c6/screenshot - {}
RESULT: {"using":"css selector","value":"#shell-header-logo"}
COMMAND: POST /session/47a0cfcb1b688bc57e33978b59aaa3c6/execute/sync - {"script":"<script> [8489 bytes]","args":[{"element-6066-11e4-a52e-4f735466cecf":"f.B7EBD3B9E1BF342B1CF0F76B0C9C80BF.d.D91FFD053D960FCF158B44282462A8BA.e.23436","ELEMENT":"f.B7EBD3B9E1BF342B1CF0F76B0C9C80BF.d.D91FFD053D960FCF158B44282462A8BA.e.23436"}]}
RESULT: {}
RESULT: {"script":"<script> [8489 bytes]","args":[{"element-6066-11e4-a52e-4f735466cecf":"f.B7EBD3B9E1BF342B1CF0F76B0C9C80BF.d.D91FFD053D960FCF158B44282462A8BA.e.23436","ELEMENT":"f.B7EBD3B9E1BF342B1CF0F76B0C9C80BF.d.D91FFD053D960FCF158B44282462A8BA.e.23436"}]}
COMMAND: POST /session/47a0cfcb1b688bc57e33978b59aaa3c6/execute/sync - {"script":"<script> [5351 bytes]","args":[{"element-6066-11e4-a52e-4f735466cecf":"f.B7EBD3B9E1BF342B1CF0F76B0C9C80BF.d.D91FFD053D960FCF158B44282462A8BA.e.23436","ELEMENT":"f.B7EBD3B9E1BF342B1CF0F76B0C9C80BF.d.D91FFD053D960FCF158B44282462A8BA.e.23436"}]}
COMMAND: GET /session/47a0cfcb1b688bc57e33978b59aaa3c6/screenshot - {}
RESULT: {"script":"<script> [5351 bytes]","args":[{"element-6066-11e4-a52e-4f735466cecf":"f.B7EBD3B9E1BF342B1CF0F76B0C9C80BF.d.D91FFD053D960FCF158B44282462A8BA.e.23436","ELEMENT":"f.B7EBD3B9E1BF342B1CF0F76B0C9C80BF.d.D91FFD053D960FCF158B44282462A8BA.e.23436"}]}
COMMAND: POST /session/47a0cfcb1b688bc57e33978b59aaa3c6/element - {"using":"css selector","value":"#shell-header-logo"}
COMMAND: GET /session/47a0cfcb1b688bc57e33978b59aaa3c6/screenshot - {}
RESULT: {}
RESULT: {"using":"css selector","value":"#shell-header-logo"}
COMMAND: POST /session/47a0cfcb1b688bc57e33978b59aaa3c6/element/f.B7EBD3B9E1BF342B1CF0F76B0C9C80BF.d.D91FFD053D960FCF158B44282462A8BA.e.23436/click - {}
RESULT: {}
RESULT: {}
COMMAND: GET /session/47a0cfcb1b688bc57e33978b59aaa3c6/screenshot - {}
RESULT: {}
COMMAND: POST /session/47a0cfcb1b688bc57e33978b59aaa3c6/execute/async - {"script":"<script> [189 bytes]","args":[]}
RESULT: {"script":"<script> [189 bytes]","args":[]}
COMMAND: POST /session/47a0cfcb1b688bc57e33978b59aaa3c6/execute/async - {"script":"<script> [123 bytes]","args":[]}
RESULT: {"script":"<script> [123 bytes]","args":[]}
COMMAND: POST /session/47a0cfcb1b688bc57e33978b59aaa3c6/timeouts - {"script":"<number>"}
RESULT: {"script":"<number>"}
COMMAND: GET /session/47a0cfcb1b688bc57e33978b59aaa3c6/timeouts - {}
RESULT: {}
RESULT: undefined
COMMAND: POST /session/47a0cfcb1b688bc57e33978b59aaa3c6/execute/async - {"script":"<script> [2676 bytes]","args":[]}
RESULT: {"script":"<script> [2676 bytes]","args":[]}
COMMAND: POST /session/47a0cfcb1b688bc57e33978b59aaa3c6/execute/async - {"script":"<script> [2342 bytes]","args":[{"protocol":"http","hostname":"0.0.0.0","path":"/","capabilities":{"browserName":"chrome","goog:chromeOptions":{"binary":"C:\\Program Files\\Google\\Chrome\\Application\\chrome.exe","args":["--start-maximized"]}},"logLevel":"warn","connectionRetryTimeout":120000,"connectionRetryCount":3,"logLevels":{},"enableDirectConnect":true,"strictSSL":true,"_":"65 more keys: [\"cacheDir\",\"port\",\"requestedCapabilities\",\"automationProtocol\",\"baseUrl\",\"waitforInterval\",\"waitforTimeout\",\"onReload\",\"beforeCommand\",\"afterCommand\",\"rootDir\",\"specs\",\"suites\",\"exclude\",\"groupLogsByTestSpec\",\"excludeDriverLogs\",\"bail\",\"framework\",\"reporters\",\"services\",\"maxInstances\",\"maxInstancesPerCapability\",\"injectGlobals\",\"filesToWatch\",\"execArgv\",\"runnerEnv\",\"runner\",\"shard\",\"specFileRetries\",\"specFileRetriesDelay\",\"specFileRetriesDeferred\",\"reporterSyncInterval\",\"reporterSyncTimeout\",\"cucumberFeaturesWithLineNumbers\",\"autoCompileOpts\",\"mochaOpts\",\"jasmineOpts\",\"cucumberOpts\",\"onPrepare\",\"onWorkerStart\",\"onWorkerEnd\",\"before\",\"beforeSession\",\"beforeSuite\",\"beforeHook\",\"beforeTest\",\"afterTest\",\"afterHook\",\"afterSuite\",\"afterSession\",\"after\",\"onComplete\",\"beforeAssertion\",\"afterAssertion\",\"beforeFeature\",\"beforeScenario\",\"beforeStep\",\"afterStep\",\"afterScenario\",\"afterFeature\",\"_\",\"suite\",\"$0\",\"ignoredWorkerServices\",\"wdi5\"]"}]}
RESULT: {"script":"<script> [2342 bytes]","args":[{"protocol":"http","hostname":"0.0.0.0","path":"/","capabilities":{"browserName":"chrome","goog:chromeOptions":{"binary":"C:\\Program Files\\Google\\Chrome\\Application\\chrome.exe","args":["--start-maximized"]}},"logLevel":"warn","connectionRetryTimeout":120000,"connectionRetryCount":3,"logLevels":{},"enableDirectConnect":true,"strictSSL":true,"_":"65 more keys: [\"cacheDir\",\"port\",\"requestedCapabilities\",\"automationProtocol\",\"baseUrl\",\"waitforInterval\",\"waitforTimeout\",\"onReload\",\"beforeCommand\",\"afterCommand\",\"rootDir\",\"specs\",\"suites\",\"exclude\",\"groupLogsByTestSpec\",\"excludeDriverLogs\",\"bail\",\"framework\",\"reporters\",\"services\",\"maxInstances\",\"maxInstancesPerCapability\",\"injectGlobals\",\"filesToWatch\",\"execArgv\",\"runnerEnv\",\"runner\",\"shard\",\"specFileRetries\",\"specFileRetriesDelay\",\"specFileRetriesDeferred\",\"reporterSyncInterval\",\"reporterSyncTimeout\",\"cucumberFeaturesWithLineNumbers\",\"autoCompileOpts\",\"mochaOpts\",\"jasmineOpts\",\"cucumberOpts\",\"onPrepare\",\"onWorkerStart\",\"onWorkerEnd\",\"before\",\"beforeSession\",\"beforeSuite\",\"beforeHook\",\"beforeTest\",\"afterTest\",\"afterHook\",\"afterSuite\",\"afterSession\",\"after\",\"onComplete\",\"beforeAssertion\",\"afterAssertion\",\"beforeFeature\",\"beforeScenario\",\"beforeStep\",\"afterStep\",\"afterScenario\",\"afterFeature\",\"_\",\"suite\",\"$0\",\"ignoredWorkerServices\",\"wdi5\"]"}]}
COMMAND: POST /session/47a0cfcb1b688bc57e33978b59aaa3c6/execute/async - {"script":"<script> [21126 bytes]","args":[35000]}
RESULT: {"script":"<script> [21126 bytes]","args":[35000]}
COMMAND: POST /session/47a0cfcb1b688bc57e33978b59aaa3c6/window/maximize - {}
RESULT: {}
COMMAND: POST /session/47a0cfcb1b688bc57e33978b59aaa3c6/execute/async - {"script":"<script> [1562 bytes]","args":[{"selector":{"id":"shell-header","interaction":{"idSuffix":"icon"}},"wdio_ui5_key":"shellheader"}]}
COMMAND: GET /session/47a0cfcb1b688bc57e33978b59aaa3c6/screenshot - {}
RESULT: {"script":"<script> [1562 bytes]","args":[{"selector":{"id":"shell-header","interaction":{"idSuffix":"icon"}},"wdio_ui5_key":"shellheader"}]}
RESULT: undefined
COMMAND: POST /session/47a0cfcb1b688bc57e33978b59aaa3c6/window/fullscreen - {}
RESULT: {}
RESULT: {}
]]></system-out>
    </testcase>
  </testsuite>
  <testsuite timestamp="2025-05-20T17:36:35" time="724.9" tests="7" failures="0" errors="0" skipped="0">
    <properties>
      <property name="specId" value="0" />
      <property name="suiteName" value="Transfer Yard to Yard US131076" />
      <property name="capabilities" value="chrome.136_0_7103_93.windows" />
      <property name="file" value="file:///D:/a/1/s/test/specs/HTR/transfer-yard-to-yard.spec.js" />
    </properties>
    <testcase classname="chrome.136_0_7103_93.windows.Transfer_Yard_to_Yard_US131076" name="Should create a new yard" time="0.023">
      <system-out><![CDATA[
COMMAND: POST /session/47a0cfcb1b688bc57e33978b59aaa3c6/window/fullscreen - {}
RESULT: {}
]]></system-out>
    </testcase>
    <testcase classname="chrome.136_0_7103_93.windows.Transfer_Yard_to_Yard_US131076" name="Should create a new 2nd yard" time="126.763">
      <system-out><![CDATA[
COMMAND: POST /session/47a0cfcb1b688bc57e33978b59aaa3c6/window/fullscreen - {}
RESULT: {}
COMMAND: POST /session/47a0cfcb1b688bc57e33978b59aaa3c6/execute/async - {"script":"<script> [1562 bytes]","args":[{"selector":{"controlType":"sap.m.GenericTile","properties":{"header":"Manage Yards"}},"wdio_ui5_key":"sapm.GenericTile{\"header\":\"Manage Yards\"}"}]}
RESULT: {"script":"<script> [1562 bytes]","args":[{"selector":{"controlType":"sap.m.GenericTile","properties":{"header":"Manage Yards"}},"wdio_ui5_key":"sapm.GenericTile{\"header\":\"Manage Yards\"}"}]}
RESULT: undefined
COMMAND: POST /session/47a0cfcb1b688bc57e33978b59aaa3c6/element - {"using":"xpath","value":"//*[@id=\"__tile33\"]"}
RESULT: {"using":"xpath","value":"//*[@id=\"__tile33\"]"}
COMMAND: POST /session/47a0cfcb1b688bc57e33978b59aaa3c6/element/f.B7EBD3B9E1BF342B1CF0F76B0C9C80BF.d.D91FFD053D960FCF158B44282462A8BA.e.23467/click - {}
RESULT: {}
COMMAND: GET /session/47a0cfcb1b688bc57e33978b59aaa3c6/screenshot - {}
RESULT: {}
COMMAND: POST /session/47a0cfcb1b688bc57e33978b59aaa3c6/elements - {"using":"xpath","value":"//span[text()='Error']"}
RESULT: {"using":"xpath","value":"//span[text()='Error']"}
COMMAND: POST /session/47a0cfcb1b688bc57e33978b59aaa3c6/element - {"using":"xpath","value":"//button[@data-kt=\"addNewYardOverflowToolbarButton\"]"}
RESULT: {"using":"xpath","value":"//button[@data-kt=\"addNewYardOverflowToolbarButton\"]"}
COMMAND: POST /session/47a0cfcb1b688bc57e33978b59aaa3c6/elements - {"using":"xpath","value":"//button[@data-kt=\"addNewYardOverflowToolbarButton\"]"}
RESULT: {"using":"xpath","value":"//button[@data-kt=\"addNewYardOverflowToolbarButton\"]"}
COMMAND: POST /session/47a0cfcb1b688bc57e33978b59aaa3c6/elements - {"using":"xpath","value":"//button[@data-kt=\"addNewYardOverflowToolbarButton\"]"}
RESULT: {"using":"xpath","value":"//button[@data-kt=\"addNewYardOverflowToolbarButton\"]"}
COMMAND: POST /session/47a0cfcb1b688bc57e33978b59aaa3c6/element - {"using":"xpath","value":"//button[@data-kt=\"addNewYardOverflowToolbarButton\"]"}
RESULT: {"using":"xpath","value":"//button[@data-kt=\"addNewYardOverflowToolbarButton\"]"}
COMMAND: POST /session/47a0cfcb1b688bc57e33978b59aaa3c6/execute/sync - {"script":"<script> [8489 bytes]","args":[{"element-6066-11e4-a52e-4f735466cecf":"f.B7EBD3B9E1BF342B1CF0F76B0C9C80BF.d.D91FFD053D960FCF158B44282462A8BA.e.23601","ELEMENT":"f.B7EBD3B9E1BF342B1CF0F76B0C9C80BF.d.D91FFD053D960FCF158B44282462A8BA.e.23601"}]}
RESULT: {"script":"<script> [8489 bytes]","args":[{"element-6066-11e4-a52e-4f735466cecf":"f.B7EBD3B9E1BF342B1CF0F76B0C9C80BF.d.D91FFD053D960FCF158B44282462A8BA.e.23601","ELEMENT":"f.B7EBD3B9E1BF342B1CF0F76B0C9C80BF.d.D91FFD053D960FCF158B44282462A8BA.e.23601"}]}
COMMAND: GET /session/47a0cfcb1b688bc57e33978b59aaa3c6/element/f.B7EBD3B9E1BF342B1CF0F76B0C9C80BF.d.D91FFD053D960FCF158B44282462A8BA.e.23601/enabled - {}
COMMAND: GET /session/47a0cfcb1b688bc57e33978b59aaa3c6/screenshot - {}
RESULT: {}
COMMAND: POST /session/47a0cfcb1b688bc57e33978b59aaa3c6/execute/sync - {"script":"<script> [8489 bytes]","args":[{"element-6066-11e4-a52e-4f735466cecf":"f.B7EBD3B9E1BF342B1CF0F76B0C9C80BF.d.D91FFD053D960FCF158B44282462A8BA.e.23601","ELEMENT":"f.B7EBD3B9E1BF342B1CF0F76B0C9C80BF.d.D91FFD053D960FCF158B44282462A8BA.e.23601"}]}
COMMAND: GET /session/47a0cfcb1b688bc57e33978b59aaa3c6/screenshot - {}
RESULT: {}
RESULT: {"script":"<script> [8489 bytes]","args":[{"element-6066-11e4-a52e-4f735466cecf":"f.B7EBD3B9E1BF342B1CF0F76B0C9C80BF.d.D91FFD053D960FCF158B44282462A8BA.e.23601","ELEMENT":"f.B7EBD3B9E1BF342B1CF0F76B0C9C80BF.d.D91FFD053D960FCF158B44282462A8BA.e.23601"}]}
COMMAND: POST /session/47a0cfcb1b688bc57e33978b59aaa3c6/execute/sync - {"script":"<script> [5351 bytes]","args":[{"element-6066-11e4-a52e-4f735466cecf":"f.B7EBD3B9E1BF342B1CF0F76B0C9C80BF.d.D91FFD053D960FCF158B44282462A8BA.e.23601","ELEMENT":"f.B7EBD3B9E1BF342B1CF0F76B0C9C80BF.d.D91FFD053D960FCF158B44282462A8BA.e.23601"}]}
COMMAND: GET /session/47a0cfcb1b688bc57e33978b59aaa3c6/screenshot - {}
RESULT: {}
RESULT: {"script":"<script> [5351 bytes]","args":[{"element-6066-11e4-a52e-4f735466cecf":"f.B7EBD3B9E1BF342B1CF0F76B0C9C80BF.d.D91FFD053D960FCF158B44282462A8BA.e.23601","ELEMENT":"f.B7EBD3B9E1BF342B1CF0F76B0C9C80BF.d.D91FFD053D960FCF158B44282462A8BA.e.23601"}]}
COMMAND: POST /session/47a0cfcb1b688bc57e33978b59aaa3c6/element/f.B7EBD3B9E1BF342B1CF0F76B0C9C80BF.d.D91FFD053D960FCF158B44282462A8BA.e.23601/click - {}
COMMAND: GET /session/47a0cfcb1b688bc57e33978b59aaa3c6/screenshot - {}
RESULT: {}
RESULT: {}
COMMAND: GET /session/47a0cfcb1b688bc57e33978b59aaa3c6/screenshot - {}
COMMAND: POST /session/47a0cfcb1b688bc57e33978b59aaa3c6/element - {"using":"xpath","value":"//input[@id=\"application-manageyards-display-component---NewYard--yardId-inner\"]"}
RESULT: {}
RESULT: {}
RESULT: {"using":"xpath","value":"//input[@id=\"application-manageyards-display-component---NewYard--yardId-inner\"]"}
COMMAND: POST /session/47a0cfcb1b688bc57e33978b59aaa3c6/element - {"using":"xpath","value":"//input[@id=\"application-manageyards-display-component---NewYard--yardId-inner\"]"}
RESULT: {"using":"xpath","value":"//input[@id=\"application-manageyards-display-component---NewYard--yardId-inner\"]"}
COMMAND: POST /session/47a0cfcb1b688bc57e33978b59aaa3c6/execute/async - {"script":"<script> [1562 bytes]","args":[{"selector":{"id":"application-manageyards-display-component---NewYard--addressDetailDetailsName1","interaction":{"idSuffix":"inner"}},"wdio_ui5_key":"applicationmanageyards-display-component---NewYard--addressDetailDetailsName1"}]}
RESULT: {"script":"<script> [1562 bytes]","args":[{"selector":{"id":"application-manageyards-display-component---NewYard--addressDetailDetailsName1","interaction":{"idSuffix":"inner"}},"wdio_ui5_key":"applicationmanageyards-display-component---NewYard--addressDetailDetailsName1"}]}
RESULT: undefined
COMMAND: POST /session/47a0cfcb1b688bc57e33978b59aaa3c6/execute/async - {"script":"<script> [776 bytes]","args":[{"enterText":"Intracompany Yard wdIO","selector":{"id":"application-manageyards-display-component---NewYard--addressDetailDetailsName1","interaction":{"idSuffix":"inner"}},"clearTextFirst":true,"interactionType":"ENTER_TEXT"}]}
RESULT: {"script":"<script> [776 bytes]","args":[{"enterText":"Intracompany Yard wdIO","selector":{"id":"application-manageyards-display-component---NewYard--addressDetailDetailsName1","interaction":{"idSuffix":"inner"}},"clearTextFirst":true,"interactionType":"ENTER_TEXT"}]}
COMMAND: POST /session/47a0cfcb1b688bc57e33978b59aaa3c6/execute/async - {"script":"<script> [1562 bytes]","args":[{"selector":{"id":"application-manageyards-display-component---NewYard--addressDetailDetailsLanguage-arrow"},"wdio_ui5_key":"applicationmanageyards-display-component---NewYard--addressDetailDetailsLanguage-arrow"}]}
RESULT: {"script":"<script> [1562 bytes]","args":[{"selector":{"id":"application-manageyards-display-component---NewYard--addressDetailDetailsLanguage-arrow"},"wdio_ui5_key":"applicationmanageyards-display-component---NewYard--addressDetailDetailsLanguage-arrow"}]}
RESULT: undefined
COMMAND: POST /session/47a0cfcb1b688bc57e33978b59aaa3c6/element - {"using":"xpath","value":"//*[@id=\"application-manageyards-display-component---NewYard--addressDetailDetailsLanguage-arrow\"]"}
RESULT: {"using":"xpath","value":"//*[@id=\"application-manageyards-display-component---NewYard--addressDetailDetailsLanguage-arrow\"]"}
COMMAND: POST /session/47a0cfcb1b688bc57e33978b59aaa3c6/element/f.B7EBD3B9E1BF342B1CF0F76B0C9C80BF.d.D91FFD053D960FCF158B44282462A8BA.e.24024/click - {}
RESULT: {}
COMMAND: POST /session/47a0cfcb1b688bc57e33978b59aaa3c6/element - {"using":"xpath","value":"//span[contains(text(), \"English\")]"}
COMMAND: GET /session/47a0cfcb1b688bc57e33978b59aaa3c6/screenshot - {}
RESULT: {"using":"xpath","value":"//span[contains(text(), \"English\")]"}
COMMAND: POST /session/47a0cfcb1b688bc57e33978b59aaa3c6/element/f.B7EBD3B9E1BF342B1CF0F76B0C9C80BF.d.D91FFD053D960FCF158B44282462A8BA.e.24025/click - {}
RESULT: {}
RESULT: {}
COMMAND: POST /session/47a0cfcb1b688bc57e33978b59aaa3c6/execute/async - {"script":"<script> [1562 bytes]","args":[{"selector":{"id":"application-manageyards-display-component---NewYard--addressDetailDetailsCity1","interaction":{"idSuffix":"inner"}},"wdio_ui5_key":"applicationmanageyards-display-component---NewYard--addressDetailDetailsCity1"}]}
COMMAND: GET /session/47a0cfcb1b688bc57e33978b59aaa3c6/screenshot - {}
RESULT: {"script":"<script> [1562 bytes]","args":[{"selector":{"id":"application-manageyards-display-component---NewYard--addressDetailDetailsCity1","interaction":{"idSuffix":"inner"}},"wdio_ui5_key":"applicationmanageyards-display-component---NewYard--addressDetailDetailsCity1"}]}
RESULT: undefined
COMMAND: POST /session/47a0cfcb1b688bc57e33978b59aaa3c6/execute/async - {"script":"<script> [776 bytes]","args":[{"enterText":"Rosario","selector":{"id":"application-manageyards-display-component---NewYard--addressDetailDetailsCity1","interaction":{"idSuffix":"inner"}},"clearTextFirst":true,"interactionType":"ENTER_TEXT"}]}
RESULT: {}
RESULT: {"script":"<script> [776 bytes]","args":[{"enterText":"Rosario","selector":{"id":"application-manageyards-display-component---NewYard--addressDetailDetailsCity1","interaction":{"idSuffix":"inner"}},"clearTextFirst":true,"interactionType":"ENTER_TEXT"}]}
COMMAND: POST /session/47a0cfcb1b688bc57e33978b59aaa3c6/execute/async - {"script":"<script> [1562 bytes]","args":[{"selector":{"id":"application-manageyards-display-component---NewYard--addressDetailDetailsCountry-arrow"},"wdio_ui5_key":"applicationmanageyards-display-component---NewYard--addressDetailDetailsCountry-arrow"}]}
RESULT: {"script":"<script> [1562 bytes]","args":[{"selector":{"id":"application-manageyards-display-component---NewYard--addressDetailDetailsCountry-arrow"},"wdio_ui5_key":"applicationmanageyards-display-component---NewYard--addressDetailDetailsCountry-arrow"}]}
RESULT: undefined
COMMAND: POST /session/47a0cfcb1b688bc57e33978b59aaa3c6/element - {"using":"xpath","value":"//*[@id=\"application-manageyards-display-component---NewYard--addressDetailDetailsCountry-arrow\"]"}
RESULT: {"using":"xpath","value":"//*[@id=\"application-manageyards-display-component---NewYard--addressDetailDetailsCountry-arrow\"]"}
COMMAND: POST /session/47a0cfcb1b688bc57e33978b59aaa3c6/element/f.B7EBD3B9E1BF342B1CF0F76B0C9C80BF.d.D91FFD053D960FCF158B44282462A8BA.e.24027/click - {}
RESULT: {}
COMMAND: POST /session/47a0cfcb1b688bc57e33978b59aaa3c6/element - {"using":"xpath","value":"//span[contains(text(), \"Argentina\")]"}
COMMAND: GET /session/47a0cfcb1b688bc57e33978b59aaa3c6/screenshot - {}
RESULT: {"using":"xpath","value":"//span[contains(text(), \"Argentina\")]"}
COMMAND: POST /session/47a0cfcb1b688bc57e33978b59aaa3c6/element/f.B7EBD3B9E1BF342B1CF0F76B0C9C80BF.d.D91FFD053D960FCF158B44282462A8BA.e.24028/click - {}
RESULT: {}
RESULT: {}
COMMAND: POST /session/47a0cfcb1b688bc57e33978b59aaa3c6/execute/async - {"script":"<script> [1562 bytes]","args":[{"selector":{"id":"application-manageyards-display-component---NewYard--addressEditDetailsCostObjectCstType-arrow"},"wdio_ui5_key":"applicationmanageyards-display-component---NewYard--addressEditDetailsCostObjectCstType-arrow"}]}
COMMAND: GET /session/47a0cfcb1b688bc57e33978b59aaa3c6/screenshot - {}
RESULT: {"script":"<script> [1562 bytes]","args":[{"selector":{"id":"application-manageyards-display-component---NewYard--addressEditDetailsCostObjectCstType-arrow"},"wdio_ui5_key":"applicationmanageyards-display-component---NewYard--addressEditDetailsCostObjectCstType-arrow"}]}
RESULT: undefined
COMMAND: POST /session/47a0cfcb1b688bc57e33978b59aaa3c6/element - {"using":"xpath","value":"//*[@id=\"application-manageyards-display-component---NewYard--addressEditDetailsCostObjectCstType-arrow\"]"}
RESULT: {}
RESULT: {"using":"xpath","value":"//*[@id=\"application-manageyards-display-component---NewYard--addressEditDetailsCostObjectCstType-arrow\"]"}
COMMAND: POST /session/47a0cfcb1b688bc57e33978b59aaa3c6/element/f.B7EBD3B9E1BF342B1CF0F76B0C9C80BF.d.D91FFD053D960FCF158B44282462A8BA.e.24030/click - {}
RESULT: {}
COMMAND: POST /session/47a0cfcb1b688bc57e33978b59aaa3c6/element - {"using":"xpath","value":"//span[contains(text(), \"Cost Center\")]"}
COMMAND: GET /session/47a0cfcb1b688bc57e33978b59aaa3c6/screenshot - {}
RESULT: {"using":"xpath","value":"//span[contains(text(), \"Cost Center\")]"}
COMMAND: POST /session/47a0cfcb1b688bc57e33978b59aaa3c6/element/f.B7EBD3B9E1BF342B1CF0F76B0C9C80BF.d.D91FFD053D960FCF158B44282462A8BA.e.24031/click - {}
RESULT: {}
RESULT: {}
COMMAND: GET /session/47a0cfcb1b688bc57e33978b59aaa3c6/screenshot - {}
RESULT: {}
COMMAND: POST /session/47a0cfcb1b688bc57e33978b59aaa3c6/element - {"using":"xpath","value":"//span[@id=\"application-manageyards-display-component---NewYard--addressNewCostObjectCstID-vhi\"]"}
RESULT: {"using":"xpath","value":"//span[@id=\"application-manageyards-display-component---NewYard--addressNewCostObjectCstID-vhi\"]"}
COMMAND: POST /session/47a0cfcb1b688bc57e33978b59aaa3c6/execute/sync - {"script":"<script> [8489 bytes]","args":[{"element-6066-11e4-a52e-4f735466cecf":"f.B7EBD3B9E1BF342B1CF0F76B0C9C80BF.d.D91FFD053D960FCF158B44282462A8BA.e.24035","ELEMENT":"f.B7EBD3B9E1BF342B1CF0F76B0C9C80BF.d.D91FFD053D960FCF158B44282462A8BA.e.24035"}]}
RESULT: {"script":"<script> [8489 bytes]","args":[{"element-6066-11e4-a52e-4f735466cecf":"f.B7EBD3B9E1BF342B1CF0F76B0C9C80BF.d.D91FFD053D960FCF158B44282462A8BA.e.24035","ELEMENT":"f.B7EBD3B9E1BF342B1CF0F76B0C9C80BF.d.D91FFD053D960FCF158B44282462A8BA.e.24035"}]}
COMMAND: POST /session/47a0cfcb1b688bc57e33978b59aaa3c6/execute/async - {"script":"<script> [1562 bytes]","args":[{"selector":{"id":"application-manageyards-display-component---NewYard--addressNewCostObjectCstID-vhi"},"wdio_ui5_key":"applicationmanageyards-display-component---NewYard--addressNewCostObjectCstID-vhi"}]}
COMMAND: GET /session/47a0cfcb1b688bc57e33978b59aaa3c6/screenshot - {}
RESULT: {"script":"<script> [1562 bytes]","args":[{"selector":{"id":"application-manageyards-display-component---NewYard--addressNewCostObjectCstID-vhi"},"wdio_ui5_key":"applicationmanageyards-display-component---NewYard--addressNewCostObjectCstID-vhi"}]}
RESULT: undefined
COMMAND: POST /session/47a0cfcb1b688bc57e33978b59aaa3c6/element - {"using":"xpath","value":"//*[@id=\"application-manageyards-display-component---NewYard--addressNewCostObjectCstID-vhi\"]"}
RESULT: {}
RESULT: {"using":"xpath","value":"//*[@id=\"application-manageyards-display-component---NewYard--addressNewCostObjectCstID-vhi\"]"}
COMMAND: POST /session/47a0cfcb1b688bc57e33978b59aaa3c6/element/f.B7EBD3B9E1BF342B1CF0F76B0C9C80BF.d.D91FFD053D960FCF158B44282462A8BA.e.24035/click - {}
RESULT: {}
COMMAND: GET /session/47a0cfcb1b688bc57e33978b59aaa3c6/screenshot - {}
RESULT: {}
COMMAND: POST /session/47a0cfcb1b688bc57e33978b59aaa3c6/execute/async - {"script":"<script> [1562 bytes]","args":[{"selector":{"controlType":"sap.m.SearchField","properties":{"placeholder":"Search"},"searchOpenDialogs":true,"interaction":{"idSuffix":"I"}},"wdio_ui5_key":"sapm.SearchField{\"placeholder\":\"Search\"}"}]}
RESULT: {"script":"<script> [1562 bytes]","args":[{"selector":{"controlType":"sap.m.SearchField","properties":{"placeholder":"Search"},"searchOpenDialogs":true,"interaction":{"idSuffix":"I"}},"wdio_ui5_key":"sapm.SearchField{\"placeholder\":\"Search\"}"}]}
RESULT: undefined
COMMAND: POST /session/47a0cfcb1b688bc57e33978b59aaa3c6/execute/async - {"script":"<script> [776 bytes]","args":[{"enterText":"bauh_b","selector":{"controlType":"sap.m.SearchField","properties":{"placeholder":"Search"},"searchOpenDialogs":true,"interaction":{"idSuffix":"I"}},"clearTextFirst":true,"interactionType":"ENTER_TEXT"}]}
RESULT: {"script":"<script> [776 bytes]","args":[{"enterText":"bauh_b","selector":{"controlType":"sap.m.SearchField","properties":{"placeholder":"Search"},"searchOpenDialogs":true,"interaction":{"idSuffix":"I"}},"clearTextFirst":true,"interactionType":"ENTER_TEXT"}]}
COMMAND: POST /session/47a0cfcb1b688bc57e33978b59aaa3c6/actions - {"actions":[{"id":"action75","type":"key","parameters":{},"actions":[{"type":"keyDown","value":"î€‡"},{"type":"pause","duration":10},{"type":"keyUp","value":"î€‡"}]}]}
RESULT: {"actions":[{"id":"action75","type":"key","parameters":{},"actions":[{"type":"keyDown","value":"î€‡"},{"type":"pause","duration":10},{"type":"keyUp","value":"î€‡"}]}]}
COMMAND: GET /session/47a0cfcb1b688bc57e33978b59aaa3c6/screenshot - {}
RESULT: {}
COMMAND: POST /session/47a0cfcb1b688bc57e33978b59aaa3c6/element - {"using":"xpath","value":"//span[contains(text(), \"Demo Yard\")]"}
RESULT: {"using":"xpath","value":"//span[contains(text(), \"Demo Yard\")]"}
COMMAND: POST /session/47a0cfcb1b688bc57e33978b59aaa3c6/element/f.B7EBD3B9E1BF342B1CF0F76B0C9C80BF.d.D91FFD053D960FCF158B44282462A8BA.e.24075/click - {}
RESULT: {}
COMMAND: GET /session/47a0cfcb1b688bc57e33978b59aaa3c6/screenshot - {}
RESULT: {}
COMMAND: POST /session/47a0cfcb1b688bc57e33978b59aaa3c6/element - {"using":"xpath","value":"//bdi[contains(text(), \"OK\")]"}
RESULT: {"using":"xpath","value":"//bdi[contains(text(), \"OK\")]"}
COMMAND: POST /session/47a0cfcb1b688bc57e33978b59aaa3c6/element/f.B7EBD3B9E1BF342B1CF0F76B0C9C80BF.d.D91FFD053D960FCF158B44282462A8BA.e.24076/click - {}
RESULT: {}
COMMAND: GET /session/47a0cfcb1b688bc57e33978b59aaa3c6/screenshot - {}
RESULT: {}
COMMAND: POST /session/47a0cfcb1b688bc57e33978b59aaa3c6/execute/async - {"script":"<script> [1562 bytes]","args":[{"selector":{"id":"application-manageyards-display-component---NewYard--addressEditDetailsCurrency-arrow"},"wdio_ui5_key":"applicationmanageyards-display-component---NewYard--addressEditDetailsCurrency-arrow"}]}
RESULT: {"script":"<script> [1562 bytes]","args":[{"selector":{"id":"application-manageyards-display-component---NewYard--addressEditDetailsCurrency-arrow"},"wdio_ui5_key":"applicationmanageyards-display-component---NewYard--addressEditDetailsCurrency-arrow"}]}
RESULT: undefined
COMMAND: POST /session/47a0cfcb1b688bc57e33978b59aaa3c6/element - {"using":"xpath","value":"//*[@id=\"application-manageyards-display-component---NewYard--addressEditDetailsCurrency-arrow\"]"}
RESULT: {"using":"xpath","value":"//*[@id=\"application-manageyards-display-component---NewYard--addressEditDetailsCurrency-arrow\"]"}
COMMAND: POST /session/47a0cfcb1b688bc57e33978b59aaa3c6/element/f.B7EBD3B9E1BF342B1CF0F76B0C9C80BF.d.D91FFD053D960FCF158B44282462A8BA.e.24079/click - {}
RESULT: {}
COMMAND: POST /session/47a0cfcb1b688bc57e33978b59aaa3c6/element - {"using":"xpath","value":"//span[contains(text(), \"Euro\")]"}
COMMAND: GET /session/47a0cfcb1b688bc57e33978b59aaa3c6/screenshot - {}
RESULT: {"using":"xpath","value":"//span[contains(text(), \"Euro\")]"}
COMMAND: POST /session/47a0cfcb1b688bc57e33978b59aaa3c6/element/f.B7EBD3B9E1BF342B1CF0F76B0C9C80BF.d.D91FFD053D960FCF158B44282462A8BA.e.24080/click - {}
RESULT: {}
RESULT: {}
COMMAND: POST /session/47a0cfcb1b688bc57e33978b59aaa3c6/execute/async - {"script":"<script> [1562 bytes]","args":[{"selector":{"controlType":"sap.m.Input","viewName":"etm.portal.ui.manageyards.view.New","viewId":"application-manageyards-display-component---NewYard","bindingPath":{"path":"","propertyPath":"/CONTROLLING_AREA","modelName":"NewYardModel"},"interaction":{"idSuffix":"inner"}},"wdio_ui5_key":"etmportal.ui.manageyards.view.Newsap.m.Input{\"path\":\"\",\"propertyPath\":\"/CONTROLLING_AREA\",\"modelName\":\"NewYardModel\"}"}]}
COMMAND: GET /session/47a0cfcb1b688bc57e33978b59aaa3c6/screenshot - {}
RESULT: {"script":"<script> [1562 bytes]","args":[{"selector":{"controlType":"sap.m.Input","viewName":"etm.portal.ui.manageyards.view.New","viewId":"application-manageyards-display-component---NewYard","bindingPath":{"path":"","propertyPath":"/CONTROLLING_AREA","modelName":"NewYardModel"},"interaction":{"idSuffix":"inner"}},"wdio_ui5_key":"etmportal.ui.manageyards.view.Newsap.m.Input{\"path\":\"\",\"propertyPath\":\"/CONTROLLING_AREA\",\"modelName\":\"NewYardModel\"}"}]}
RESULT: undefined
COMMAND: POST /session/47a0cfcb1b688bc57e33978b59aaa3c6/execute/async - {"script":"<script> [776 bytes]","args":[{"enterText":"Z001","selector":{"controlType":"sap.m.Input","viewName":"etm.portal.ui.manageyards.view.New","viewId":"application-manageyards-display-component---NewYard","bindingPath":{"path":"","propertyPath":"/CONTROLLING_AREA","modelName":"NewYardModel"},"interaction":{"idSuffix":"inner"}},"clearTextFirst":true,"interactionType":"ENTER_TEXT"}]}
RESULT: {}
RESULT: {"script":"<script> [776 bytes]","args":[{"enterText":"Z001","selector":{"controlType":"sap.m.Input","viewName":"etm.portal.ui.manageyards.view.New","viewId":"application-manageyards-display-component---NewYard","bindingPath":{"path":"","propertyPath":"/CONTROLLING_AREA","modelName":"NewYardModel"},"interaction":{"idSuffix":"inner"}},"clearTextFirst":true,"interactionType":"ENTER_TEXT"}]}
COMMAND: POST /session/47a0cfcb1b688bc57e33978b59aaa3c6/execute/async - {"script":"<script> [1562 bytes]","args":[{"selector":{"id":"application-manageyards-display-component---NewYard--companyCodeComboBox","interaction":{"idSuffix":"inner"}},"wdio_ui5_key":"applicationmanageyards-display-component---NewYard--companyCodeComboBox"}]}
RESULT: {"script":"<script> [1562 bytes]","args":[{"selector":{"id":"application-manageyards-display-component---NewYard--companyCodeComboBox","interaction":{"idSuffix":"inner"}},"wdio_ui5_key":"applicationmanageyards-display-component---NewYard--companyCodeComboBox"}]}
RESULT: undefined
COMMAND: POST /session/47a0cfcb1b688bc57e33978b59aaa3c6/execute/async - {"script":"<script> [776 bytes]","args":[{"enterText":"1000","selector":{"id":"application-manageyards-display-component---NewYard--companyCodeComboBox","interaction":{"idSuffix":"inner"}},"clearTextFirst":true,"interactionType":"ENTER_TEXT"}]}
RESULT: {"script":"<script> [776 bytes]","args":[{"enterText":"1000","selector":{"id":"application-manageyards-display-component---NewYard--companyCodeComboBox","interaction":{"idSuffix":"inner"}},"clearTextFirst":true,"interactionType":"ENTER_TEXT"}]}
COMMAND: POST /session/47a0cfcb1b688bc57e33978b59aaa3c6/execute/async - {"script":"<script> [1562 bytes]","args":[{"selector":{"controlType":"sap.m.Input","viewName":"etm.portal.ui.manageyards.view.New","viewId":"application-manageyards-display-component---NewYard","bindingPath":{"path":"","propertyPath":"/PLANT","modelName":"NewYardModel"},"interaction":{"idSuffix":"inner"}},"wdio_ui5_key":"etmportal.ui.manageyards.view.Newsap.m.Input{\"path\":\"\",\"propertyPath\":\"/PLANT\",\"modelName\":\"NewYardModel\"}"}]}
RESULT: {"script":"<script> [1562 bytes]","args":[{"selector":{"controlType":"sap.m.Input","viewName":"etm.portal.ui.manageyards.view.New","viewId":"application-manageyards-display-component---NewYard","bindingPath":{"path":"","propertyPath":"/PLANT","modelName":"NewYardModel"},"interaction":{"idSuffix":"inner"}},"wdio_ui5_key":"etmportal.ui.manageyards.view.Newsap.m.Input{\"path\":\"\",\"propertyPath\":\"/PLANT\",\"modelName\":\"NewYardModel\"}"}]}
RESULT: undefined
COMMAND: POST /session/47a0cfcb1b688bc57e33978b59aaa3c6/execute/async - {"script":"<script> [776 bytes]","args":[{"enterText":"1001","selector":{"controlType":"sap.m.Input","viewName":"etm.portal.ui.manageyards.view.New","viewId":"application-manageyards-display-component---NewYard","bindingPath":{"path":"","propertyPath":"/PLANT","modelName":"NewYardModel"},"interaction":{"idSuffix":"inner"}},"clearTextFirst":true,"interactionType":"ENTER_TEXT"}]}
RESULT: {"script":"<script> [776 bytes]","args":[{"enterText":"1001","selector":{"controlType":"sap.m.Input","viewName":"etm.portal.ui.manageyards.view.New","viewId":"application-manageyards-display-component---NewYard","bindingPath":{"path":"","propertyPath":"/PLANT","modelName":"NewYardModel"},"interaction":{"idSuffix":"inner"}},"clearTextFirst":true,"interactionType":"ENTER_TEXT"}]}
COMMAND: POST /session/47a0cfcb1b688bc57e33978b59aaa3c6/execute/async - {"script":"<script> [1562 bytes]","args":[{"selector":{"controlType":"sap.m.Input","viewName":"etm.portal.ui.manageyards.view.New","viewId":"application-manageyards-display-component---NewYard","bindingPath":{"path":"","propertyPath":"/SALES_AREA_VKORG","modelName":"NewYardModel"},"interaction":{"idSuffix":"inner"}},"wdio_ui5_key":"etmportal.ui.manageyards.view.Newsap.m.Input{\"path\":\"\",\"propertyPath\":\"/SALES_AREA_VKORG\",\"modelName\":\"NewYardModel\"}"}]}
RESULT: {"script":"<script> [1562 bytes]","args":[{"selector":{"controlType":"sap.m.Input","viewName":"etm.portal.ui.manageyards.view.New","viewId":"application-manageyards-display-component---NewYard","bindingPath":{"path":"","propertyPath":"/SALES_AREA_VKORG","modelName":"NewYardModel"},"interaction":{"idSuffix":"inner"}},"wdio_ui5_key":"etmportal.ui.manageyards.view.Newsap.m.Input{\"path\":\"\",\"propertyPath\":\"/SALES_AREA_VKORG\",\"modelName\":\"NewYardModel\"}"}]}
RESULT: undefined
COMMAND: POST /session/47a0cfcb1b688bc57e33978b59aaa3c6/execute/async - {"script":"<script> [776 bytes]","args":[{"enterText":"C002","selector":{"controlType":"sap.m.Input","viewName":"etm.portal.ui.manageyards.view.New","viewId":"application-manageyards-display-component---NewYard","bindingPath":{"path":"","propertyPath":"/SALES_AREA_VKORG","modelName":"NewYardModel"},"interaction":{"idSuffix":"inner"}},"clearTextFirst":true,"interactionType":"ENTER_TEXT"}]}
RESULT: {"script":"<script> [776 bytes]","args":[{"enterText":"C002","selector":{"controlType":"sap.m.Input","viewName":"etm.portal.ui.manageyards.view.New","viewId":"application-manageyards-display-component---NewYard","bindingPath":{"path":"","propertyPath":"/SALES_AREA_VKORG","modelName":"NewYardModel"},"interaction":{"idSuffix":"inner"}},"clearTextFirst":true,"interactionType":"ENTER_TEXT"}]}
COMMAND: POST /session/47a0cfcb1b688bc57e33978b59aaa3c6/execute/async - {"script":"<script> [1562 bytes]","args":[{"selector":{"controlType":"sap.m.Input","viewName":"etm.portal.ui.manageyards.view.New","viewId":"application-manageyards-display-component---NewYard","bindingPath":{"path":"","propertyPath":"/SALES_AREA_VTWEG","modelName":"NewYardModel"},"interaction":{"idSuffix":"inner"}},"wdio_ui5_key":"etmportal.ui.manageyards.view.Newsap.m.Input{\"path\":\"\",\"propertyPath\":\"/SALES_AREA_VTWEG\",\"modelName\":\"NewYardModel\"}"}]}
RESULT: {"script":"<script> [1562 bytes]","args":[{"selector":{"controlType":"sap.m.Input","viewName":"etm.portal.ui.manageyards.view.New","viewId":"application-manageyards-display-component---NewYard","bindingPath":{"path":"","propertyPath":"/SALES_AREA_VTWEG","modelName":"NewYardModel"},"interaction":{"idSuffix":"inner"}},"wdio_ui5_key":"etmportal.ui.manageyards.view.Newsap.m.Input{\"path\":\"\",\"propertyPath\":\"/SALES_AREA_VTWEG\",\"modelName\":\"NewYardModel\"}"}]}
RESULT: undefined
COMMAND: POST /session/47a0cfcb1b688bc57e33978b59aaa3c6/execute/async - {"script":"<script> [776 bytes]","args":[{"enterText":"C2","selector":{"controlType":"sap.m.Input","viewName":"etm.portal.ui.manageyards.view.New","viewId":"application-manageyards-display-component---NewYard","bindingPath":{"path":"","propertyPath":"/SALES_AREA_VTWEG","modelName":"NewYardModel"},"interaction":{"idSuffix":"inner"}},"clearTextFirst":true,"interactionType":"ENTER_TEXT"}]}
RESULT: {"script":"<script> [776 bytes]","args":[{"enterText":"C2","selector":{"controlType":"sap.m.Input","viewName":"etm.portal.ui.manageyards.view.New","viewId":"application-manageyards-display-component---NewYard","bindingPath":{"path":"","propertyPath":"/SALES_AREA_VTWEG","modelName":"NewYardModel"},"interaction":{"idSuffix":"inner"}},"clearTextFirst":true,"interactionType":"ENTER_TEXT"}]}
COMMAND: POST /session/47a0cfcb1b688bc57e33978b59aaa3c6/execute/async - {"script":"<script> [1562 bytes]","args":[{"selector":{"controlType":"sap.m.Input","viewName":"etm.portal.ui.manageyards.view.New","viewId":"application-manageyards-display-component---NewYard","bindingPath":{"path":"","propertyPath":"/SALES_AREA_SPART","modelName":"NewYardModel"},"interaction":{"idSuffix":"inner"}},"wdio_ui5_key":"etmportal.ui.manageyards.view.Newsap.m.Input{\"path\":\"\",\"propertyPath\":\"/SALES_AREA_SPART\",\"modelName\":\"NewYardModel\"}"}]}
RESULT: {"script":"<script> [1562 bytes]","args":[{"selector":{"controlType":"sap.m.Input","viewName":"etm.portal.ui.manageyards.view.New","viewId":"application-manageyards-display-component---NewYard","bindingPath":{"path":"","propertyPath":"/SALES_AREA_SPART","modelName":"NewYardModel"},"interaction":{"idSuffix":"inner"}},"wdio_ui5_key":"etmportal.ui.manageyards.view.Newsap.m.Input{\"path\":\"\",\"propertyPath\":\"/SALES_AREA_SPART\",\"modelName\":\"NewYardModel\"}"}]}
RESULT: undefined
COMMAND: POST /session/47a0cfcb1b688bc57e33978b59aaa3c6/execute/async - {"script":"<script> [776 bytes]","args":[{"enterText":"C2","selector":{"controlType":"sap.m.Input","viewName":"etm.portal.ui.manageyards.view.New","viewId":"application-manageyards-display-component---NewYard","bindingPath":{"path":"","propertyPath":"/SALES_AREA_SPART","modelName":"NewYardModel"},"interaction":{"idSuffix":"inner"}},"clearTextFirst":true,"interactionType":"ENTER_TEXT"}]}
RESULT: {"script":"<script> [776 bytes]","args":[{"enterText":"C2","selector":{"controlType":"sap.m.Input","viewName":"etm.portal.ui.manageyards.view.New","viewId":"application-manageyards-display-component---NewYard","bindingPath":{"path":"","propertyPath":"/SALES_AREA_SPART","modelName":"NewYardModel"},"interaction":{"idSuffix":"inner"}},"clearTextFirst":true,"interactionType":"ENTER_TEXT"}]}
COMMAND: POST /session/47a0cfcb1b688bc57e33978b59aaa3c6/execute/async - {"script":"<script> [1562 bytes]","args":[{"selector":{"controlType":"sap.m.Input","viewName":"etm.portal.ui.manageyards.view.New","viewId":"application-manageyards-display-component---NewYard","bindingPath":{"path":"","propertyPath":"/SHIP_POINT","modelName":"NewYardModel"},"interaction":{"idSuffix":"inner"}},"wdio_ui5_key":"etmportal.ui.manageyards.view.Newsap.m.Input{\"path\":\"\",\"propertyPath\":\"/SHIP_POINT\",\"modelName\":\"NewYardModel\"}"}]}
RESULT: {"script":"<script> [1562 bytes]","args":[{"selector":{"controlType":"sap.m.Input","viewName":"etm.portal.ui.manageyards.view.New","viewId":"application-manageyards-display-component---NewYard","bindingPath":{"path":"","propertyPath":"/SHIP_POINT","modelName":"NewYardModel"},"interaction":{"idSuffix":"inner"}},"wdio_ui5_key":"etmportal.ui.manageyards.view.Newsap.m.Input{\"path\":\"\",\"propertyPath\":\"/SHIP_POINT\",\"modelName\":\"NewYardModel\"}"}]}
RESULT: undefined
COMMAND: POST /session/47a0cfcb1b688bc57e33978b59aaa3c6/execute/async - {"script":"<script> [776 bytes]","args":[{"enterText":"1710","selector":{"controlType":"sap.m.Input","viewName":"etm.portal.ui.manageyards.view.New","viewId":"application-manageyards-display-component---NewYard","bindingPath":{"path":"","propertyPath":"/SHIP_POINT","modelName":"NewYardModel"},"interaction":{"idSuffix":"inner"}},"clearTextFirst":true,"interactionType":"ENTER_TEXT"}]}
RESULT: {"script":"<script> [776 bytes]","args":[{"enterText":"1710","selector":{"controlType":"sap.m.Input","viewName":"etm.portal.ui.manageyards.view.New","viewId":"application-manageyards-display-component---NewYard","bindingPath":{"path":"","propertyPath":"/SHIP_POINT","modelName":"NewYardModel"},"interaction":{"idSuffix":"inner"}},"clearTextFirst":true,"interactionType":"ENTER_TEXT"}]}
COMMAND: POST /session/47a0cfcb1b688bc57e33978b59aaa3c6/execute/async - {"script":"<script> [1562 bytes]","args":[{"selector":{"controlType":"sap.m.Input","viewName":"etm.portal.ui.manageyards.view.New","viewId":"application-manageyards-display-component---NewYard","bindingPath":{"path":"","propertyPath":"/DELIVERY_TYPE","modelName":"NewYardModel"},"interaction":{"idSuffix":"inner"}},"wdio_ui5_key":"etmportal.ui.manageyards.view.Newsap.m.Input{\"path\":\"\",\"propertyPath\":\"/DELIVERY_TYPE\",\"modelName\":\"NewYardModel\"}"}]}
RESULT: {"script":"<script> [1562 bytes]","args":[{"selector":{"controlType":"sap.m.Input","viewName":"etm.portal.ui.manageyards.view.New","viewId":"application-manageyards-display-component---NewYard","bindingPath":{"path":"","propertyPath":"/DELIVERY_TYPE","modelName":"NewYardModel"},"interaction":{"idSuffix":"inner"}},"wdio_ui5_key":"etmportal.ui.manageyards.view.Newsap.m.Input{\"path\":\"\",\"propertyPath\":\"/DELIVERY_TYPE\",\"modelName\":\"NewYardModel\"}"}]}
RESULT: undefined
COMMAND: POST /session/47a0cfcb1b688bc57e33978b59aaa3c6/execute/async - {"script":"<script> [776 bytes]","args":[{"enterText":"ZL01","selector":{"controlType":"sap.m.Input","viewName":"etm.portal.ui.manageyards.view.New","viewId":"application-manageyards-display-component---NewYard","bindingPath":{"path":"","propertyPath":"/DELIVERY_TYPE","modelName":"NewYardModel"},"interaction":{"idSuffix":"inner"}},"clearTextFirst":true,"interactionType":"ENTER_TEXT"}]}
RESULT: {"script":"<script> [776 bytes]","args":[{"enterText":"ZL01","selector":{"controlType":"sap.m.Input","viewName":"etm.portal.ui.manageyards.view.New","viewId":"application-manageyards-display-component---NewYard","bindingPath":{"path":"","propertyPath":"/DELIVERY_TYPE","modelName":"NewYardModel"},"interaction":{"idSuffix":"inner"}},"clearTextFirst":true,"interactionType":"ENTER_TEXT"}]}
COMMAND: POST /session/47a0cfcb1b688bc57e33978b59aaa3c6/execute/async - {"script":"<script> [1562 bytes]","args":[{"selector":{"controlType":"sap.m.Input","viewName":"etm.portal.ui.manageyards.view.New","viewId":"application-manageyards-display-component---NewYard","bindingPath":{"path":"","propertyPath":"/AUART","modelName":"NewYardModel"},"interaction":{"idSuffix":"inner"}},"wdio_ui5_key":"etmportal.ui.manageyards.view.Newsap.m.Input{\"path\":\"\",\"propertyPath\":\"/AUART\",\"modelName\":\"NewYardModel\"}"}]}
RESULT: {"script":"<script> [1562 bytes]","args":[{"selector":{"controlType":"sap.m.Input","viewName":"etm.portal.ui.manageyards.view.New","viewId":"application-manageyards-display-component---NewYard","bindingPath":{"path":"","propertyPath":"/AUART","modelName":"NewYardModel"},"interaction":{"idSuffix":"inner"}},"wdio_ui5_key":"etmportal.ui.manageyards.view.Newsap.m.Input{\"path\":\"\",\"propertyPath\":\"/AUART\",\"modelName\":\"NewYardModel\"}"}]}
RESULT: undefined
COMMAND: POST /session/47a0cfcb1b688bc57e33978b59aaa3c6/execute/async - {"script":"<script> [776 bytes]","args":[{"enterText":"TA","selector":{"controlType":"sap.m.Input","viewName":"etm.portal.ui.manageyards.view.New","viewId":"application-manageyards-display-component---NewYard","bindingPath":{"path":"","propertyPath":"/AUART","modelName":"NewYardModel"},"interaction":{"idSuffix":"inner"}},"clearTextFirst":true,"interactionType":"ENTER_TEXT"}]}
RESULT: {"script":"<script> [776 bytes]","args":[{"enterText":"TA","selector":{"controlType":"sap.m.Input","viewName":"etm.portal.ui.manageyards.view.New","viewId":"application-manageyards-display-component---NewYard","bindingPath":{"path":"","propertyPath":"/AUART","modelName":"NewYardModel"},"interaction":{"idSuffix":"inner"}},"clearTextFirst":true,"interactionType":"ENTER_TEXT"}]}
COMMAND: POST /session/47a0cfcb1b688bc57e33978b59aaa3c6/element - {"using":"xpath","value":"//button[@data-kt=\"newYardSaveButton\"]"}
RESULT: {"using":"xpath","value":"//button[@data-kt=\"newYardSaveButton\"]"}
COMMAND: POST /session/47a0cfcb1b688bc57e33978b59aaa3c6/element/f.B7EBD3B9E1BF342B1CF0F76B0C9C80BF.d.D91FFD053D960FCF158B44282462A8BA.e.23986/click - {}
RESULT: {}
COMMAND: GET /session/47a0cfcb1b688bc57e33978b59aaa3c6/screenshot - {}
RESULT: {}
COMMAND: POST /session/47a0cfcb1b688bc57e33978b59aaa3c6/element - {"using":"xpath","value":"//header[contains(@id, 'ObjectPageLayout-headerTitle')]/div[1]/div[2]/div[1]/span[1]"}
RESULT: {"using":"xpath","value":"//header[contains(@id, 'ObjectPageLayout-headerTitle')]/div[1]/div[2]/div[1]/span[1]"}
COMMAND: POST /session/47a0cfcb1b688bc57e33978b59aaa3c6/elements - {"using":"xpath","value":"//header[contains(@id, 'ObjectPageLayout-headerTitle')]/div[1]/div[2]/div[1]/span[1]"}
RESULT: {"using":"xpath","value":"//header[contains(@id, 'ObjectPageLayout-headerTitle')]/div[1]/div[2]/div[1]/span[1]"}
COMMAND: POST /session/47a0cfcb1b688bc57e33978b59aaa3c6/execute/sync - {"script":"<script> [56 bytes]","args":[{"element-6066-11e4-a52e-4f735466cecf":"f.B7EBD3B9E1BF342B1CF0F76B0C9C80BF.d.D91FFD053D960FCF158B44282462A8BA.e.24292","ELEMENT":"f.B7EBD3B9E1BF342B1CF0F76B0C9C80BF.d.D91FFD053D960FCF158B44282462A8BA.e.24292"}]}
RESULT: {"script":"<script> [56 bytes]","args":[{"element-6066-11e4-a52e-4f735466cecf":"f.B7EBD3B9E1BF342B1CF0F76B0C9C80BF.d.D91FFD053D960FCF158B44282462A8BA.e.24292","ELEMENT":"f.B7EBD3B9E1BF342B1CF0F76B0C9C80BF.d.D91FFD053D960FCF158B44282462A8BA.e.24292"}]}
COMMAND: GET /session/47a0cfcb1b688bc57e33978b59aaa3c6/screenshot - {}
RESULT: {}
COMMAND: POST /session/47a0cfcb1b688bc57e33978b59aaa3c6/element - {"using":"css selector","value":"#shell-header-logo"}
RESULT: {"using":"css selector","value":"#shell-header-logo"}
COMMAND: POST /session/47a0cfcb1b688bc57e33978b59aaa3c6/element/f.B7EBD3B9E1BF342B1CF0F76B0C9C80BF.d.D91FFD053D960FCF158B44282462A8BA.e.23436/click - {}
RESULT: {}
COMMAND: GET /session/47a0cfcb1b688bc57e33978b59aaa3c6/screenshot - {}
RESULT: {}
COMMAND: POST /session/47a0cfcb1b688bc57e33978b59aaa3c6/execute/sync - {"script":"<script> [299 bytes]","args":[["getModel","getResource"]]}
RESULT: {"script":"<script> [299 bytes]","args":[["getModel","getResource"]]}
]]></system-out>
    </testcase>
    <testcase classname="chrome.136_0_7103_93.windows.Transfer_Yard_to_Yard_US131076" name="Should create an equipment" time="144.006">
      <system-out><![CDATA[
COMMAND: GET /session/47a0cfcb1b688bc57e33978b59aaa3c6/screenshot - {}
COMMAND: POST /session/47a0cfcb1b688bc57e33978b59aaa3c6/execute/async - {"script":"<script> [1562 bytes]","args":[{"selector":{"controlType":"sap.m.GenericTile","properties":{"header":"Manage Resources"}},"wdio_ui5_key":"sapm.GenericTile{\"header\":\"Manage Resources\"}"}]}
RESULT: {}
RESULT: {"script":"<script> [1562 bytes]","args":[{"selector":{"controlType":"sap.m.GenericTile","properties":{"header":"Manage Resources"}},"wdio_ui5_key":"sapm.GenericTile{\"header\":\"Manage Resources\"}"}]}
RESULT: undefined
COMMAND: POST /session/47a0cfcb1b688bc57e33978b59aaa3c6/element - {"using":"xpath","value":"//*[@id=\"__tile31\"]"}
RESULT: {"using":"xpath","value":"//*[@id=\"__tile31\"]"}
COMMAND: POST /session/47a0cfcb1b688bc57e33978b59aaa3c6/element/f.B7EBD3B9E1BF342B1CF0F76B0C9C80BF.d.D91FFD053D960FCF158B44282462A8BA.e.23461/click - {}
RESULT: {}
COMMAND: GET /session/47a0cfcb1b688bc57e33978b59aaa3c6/screenshot - {}
RESULT: {}
COMMAND: POST /session/47a0cfcb1b688bc57e33978b59aaa3c6/elements - {"using":"xpath","value":"//span[text()='Error']"}
RESULT: {"using":"xpath","value":"//span[text()='Error']"}
COMMAND: POST /session/47a0cfcb1b688bc57e33978b59aaa3c6/element - {"using":"xpath","value":"//button[@data-kt=\"addNewRUOverflowToolbarButton\"]"}
RESULT: {"using":"xpath","value":"//button[@data-kt=\"addNewRUOverflowToolbarButton\"]"}
COMMAND: POST /session/47a0cfcb1b688bc57e33978b59aaa3c6/elements - {"using":"xpath","value":"//button[@data-kt=\"addNewRUOverflowToolbarButton\"]"}
RESULT: {"using":"xpath","value":"//button[@data-kt=\"addNewRUOverflowToolbarButton\"]"}
COMMAND: POST /session/47a0cfcb1b688bc57e33978b59aaa3c6/execute/sync - {"script":"<script> [8489 bytes]","args":[{"element-6066-11e4-a52e-4f735466cecf":"f.B7EBD3B9E1BF342B1CF0F76B0C9C80BF.d.D91FFD053D960FCF158B44282462A8BA.e.24325","ELEMENT":"f.B7EBD3B9E1BF342B1CF0F76B0C9C80BF.d.D91FFD053D960FCF158B44282462A8BA.e.24325"}]}
RESULT: {"script":"<script> [8489 bytes]","args":[{"element-6066-11e4-a52e-4f735466cecf":"f.B7EBD3B9E1BF342B1CF0F76B0C9C80BF.d.D91FFD053D960FCF158B44282462A8BA.e.24325","ELEMENT":"f.B7EBD3B9E1BF342B1CF0F76B0C9C80BF.d.D91FFD053D960FCF158B44282462A8BA.e.24325"}]}
COMMAND: GET /session/47a0cfcb1b688bc57e33978b59aaa3c6/element/f.B7EBD3B9E1BF342B1CF0F76B0C9C80BF.d.D91FFD053D960FCF158B44282462A8BA.e.24325/enabled - {}
COMMAND: GET /session/47a0cfcb1b688bc57e33978b59aaa3c6/screenshot - {}
RESULT: {}
COMMAND: POST /session/47a0cfcb1b688bc57e33978b59aaa3c6/execute/sync - {"script":"<script> [8489 bytes]","args":[{"element-6066-11e4-a52e-4f735466cecf":"f.B7EBD3B9E1BF342B1CF0F76B0C9C80BF.d.D91FFD053D960FCF158B44282462A8BA.e.24325","ELEMENT":"f.B7EBD3B9E1BF342B1CF0F76B0C9C80BF.d.D91FFD053D960FCF158B44282462A8BA.e.24325"}]}
COMMAND: GET /session/47a0cfcb1b688bc57e33978b59aaa3c6/screenshot - {}
RESULT: {}
RESULT: {"script":"<script> [8489 bytes]","args":[{"element-6066-11e4-a52e-4f735466cecf":"f.B7EBD3B9E1BF342B1CF0F76B0C9C80BF.d.D91FFD053D960FCF158B44282462A8BA.e.24325","ELEMENT":"f.B7EBD3B9E1BF342B1CF0F76B0C9C80BF.d.D91FFD053D960FCF158B44282462A8BA.e.24325"}]}
COMMAND: POST /session/47a0cfcb1b688bc57e33978b59aaa3c6/execute/sync - {"script":"<script> [5351 bytes]","args":[{"element-6066-11e4-a52e-4f735466cecf":"f.B7EBD3B9E1BF342B1CF0F76B0C9C80BF.d.D91FFD053D960FCF158B44282462A8BA.e.24325","ELEMENT":"f.B7EBD3B9E1BF342B1CF0F76B0C9C80BF.d.D91FFD053D960FCF158B44282462A8BA.e.24325"}]}
COMMAND: GET /session/47a0cfcb1b688bc57e33978b59aaa3c6/screenshot - {}
RESULT: {}
RESULT: {"script":"<script> [5351 bytes]","args":[{"element-6066-11e4-a52e-4f735466cecf":"f.B7EBD3B9E1BF342B1CF0F76B0C9C80BF.d.D91FFD053D960FCF158B44282462A8BA.e.24325","ELEMENT":"f.B7EBD3B9E1BF342B1CF0F76B0C9C80BF.d.D91FFD053D960FCF158B44282462A8BA.e.24325"}]}
COMMAND: POST /session/47a0cfcb1b688bc57e33978b59aaa3c6/element/f.B7EBD3B9E1BF342B1CF0F76B0C9C80BF.d.D91FFD053D960FCF158B44282462A8BA.e.24325/click - {}
COMMAND: GET /session/47a0cfcb1b688bc57e33978b59aaa3c6/screenshot - {}
RESULT: {}
RESULT: {}
COMMAND: GET /session/47a0cfcb1b688bc57e33978b59aaa3c6/screenshot - {}
COMMAND: POST /session/47a0cfcb1b688bc57e33978b59aaa3c6/execute/async - {"script":"<script> [1562 bytes]","args":[{"selector":{"id":"application-manageresources-display-component---newResourceUnit--TYPE-arrow"},"wdio_ui5_key":"applicationmanageresources-display-component---newResourceUnit--TYPE-arrow"}]}
RESULT: {}
RESULT: {}
RESULT: {"script":"<script> [1562 bytes]","args":[{"selector":{"id":"application-manageresources-display-component---newResourceUnit--TYPE-arrow"},"wdio_ui5_key":"applicationmanageresources-display-component---newResourceUnit--TYPE-arrow"}]}
RESULT: undefined
COMMAND: POST /session/47a0cfcb1b688bc57e33978b59aaa3c6/element - {"using":"xpath","value":"//*[@id=\"application-manageresources-display-component---newResourceUnit--TYPE-arrow\"]"}
RESULT: {"using":"xpath","value":"//*[@id=\"application-manageresources-display-component---newResourceUnit--TYPE-arrow\"]"}
COMMAND: POST /session/47a0cfcb1b688bc57e33978b59aaa3c6/element/f.B7EBD3B9E1BF342B1CF0F76B0C9C80BF.d.D91FFD053D960FCF158B44282462A8BA.e.24686/click - {}
RESULT: {}
COMMAND: POST /session/47a0cfcb1b688bc57e33978b59aaa3c6/element - {"using":"xpath","value":"//input[@id=\"application-manageresources-display-component---newResourceUnit--TYPE-inner\"]"}
COMMAND: GET /session/47a0cfcb1b688bc57e33978b59aaa3c6/screenshot - {}
RESULT: {"using":"xpath","value":"//input[@id=\"application-manageresources-display-component---newResourceUnit--TYPE-inner\"]"}
COMMAND: POST /session/47a0cfcb1b688bc57e33978b59aaa3c6/element/f.B7EBD3B9E1BF342B1CF0F76B0C9C80BF.d.D91FFD053D960FCF158B44282462A8BA.e.24676/clear - {}
RESULT: {}
RESULT: {}
COMMAND: POST /session/47a0cfcb1b688bc57e33978b59aaa3c6/element/f.B7EBD3B9E1BF342B1CF0F76B0C9C80BF.d.D91FFD053D960FCF158B44282462A8BA.e.24676/value - {"text":"Equipment"}
COMMAND: GET /session/47a0cfcb1b688bc57e33978b59aaa3c6/screenshot - {}
RESULT: {"text":"Equipment"}
COMMAND: GET /session/47a0cfcb1b688bc57e33978b59aaa3c6/screenshot - {}
RESULT: {}
RESULT: {}
COMMAND: POST /session/47a0cfcb1b688bc57e33978b59aaa3c6/actions - {"actions":[{"id":"action76","type":"key","parameters":{},"actions":[{"type":"keyDown","value":"î€‡"},{"type":"pause","duration":10},{"type":"keyUp","value":"î€‡"}]}]}
RESULT: {"actions":[{"id":"action76","type":"key","parameters":{},"actions":[{"type":"keyDown","value":"î€‡"},{"type":"pause","duration":10},{"type":"keyUp","value":"î€‡"}]}]}
COMMAND: POST /session/47a0cfcb1b688bc57e33978b59aaa3c6/execute/async - {"script":"<script> [1562 bytes]","args":[{"selector":{"id":"application-manageresources-display-component---newResourceUnit--resourceId","interaction":{"idSuffix":"inner"}},"wdio_ui5_key":"applicationmanageresources-display-component---newResourceUnit--resourceId"}]}
COMMAND: GET /session/47a0cfcb1b688bc57e33978b59aaa3c6/screenshot - {}
RESULT: {"script":"<script> [1562 bytes]","args":[{"selector":{"id":"application-manageresources-display-component---newResourceUnit--resourceId","interaction":{"idSuffix":"inner"}},"wdio_ui5_key":"applicationmanageresources-display-component---newResourceUnit--resourceId"}]}
RESULT: undefined
COMMAND: POST /session/47a0cfcb1b688bc57e33978b59aaa3c6/execute/async - {"script":"<script> [776 bytes]","args":[{"enterText":"BfaYNxW1Nk","selector":{"id":"application-manageresources-display-component---newResourceUnit--resourceId","interaction":{"idSuffix":"inner"}},"clearTextFirst":true,"interactionType":"ENTER_TEXT"}]}
RESULT: {}
RESULT: {"script":"<script> [776 bytes]","args":[{"enterText":"BfaYNxW1Nk","selector":{"id":"application-manageresources-display-component---newResourceUnit--resourceId","interaction":{"idSuffix":"inner"}},"clearTextFirst":true,"interactionType":"ENTER_TEXT"}]}
COMMAND: POST /session/47a0cfcb1b688bc57e33978b59aaa3c6/execute/async - {"script":"<script> [1562 bytes]","args":[{"selector":{"id":"application-manageresources-display-component---newResourceUnit--SHORT_TEXT","interaction":{"idSuffix":"inner"}},"wdio_ui5_key":"applicationmanageresources-display-component---newResourceUnit--SHORT_TEXT"}]}
RESULT: {"script":"<script> [1562 bytes]","args":[{"selector":{"id":"application-manageresources-display-component---newResourceUnit--SHORT_TEXT","interaction":{"idSuffix":"inner"}},"wdio_ui5_key":"applicationmanageresources-display-component---newResourceUnit--SHORT_TEXT"}]}
RESULT: undefined
COMMAND: POST /session/47a0cfcb1b688bc57e33978b59aaa3c6/execute/async - {"script":"<script> [776 bytes]","args":[{"enterText":"Intercompany Equipment WDIO","selector":{"id":"application-manageresources-display-component---newResourceUnit--SHORT_TEXT","interaction":{"idSuffix":"inner"}},"clearTextFirst":true,"interactionType":"ENTER_TEXT"}]}
RESULT: {"script":"<script> [776 bytes]","args":[{"enterText":"Intercompany Equipment WDIO","selector":{"id":"application-manageresources-display-component---newResourceUnit--SHORT_TEXT","interaction":{"idSuffix":"inner"}},"clearTextFirst":true,"interactionType":"ENTER_TEXT"}]}
COMMAND: POST /session/47a0cfcb1b688bc57e33978b59aaa3c6/execute/async - {"script":"<script> [1562 bytes]","args":[{"selector":{"id":"application-manageresources-display-component---newResourceUnit--BASE_UNIT_OF_MEASURE","interaction":{"idSuffix":"inner"}},"wdio_ui5_key":"applicationmanageresources-display-component---newResourceUnit--BASE_UNIT_OF_MEASURE"}]}
RESULT: {"script":"<script> [1562 bytes]","args":[{"selector":{"id":"application-manageresources-display-component---newResourceUnit--BASE_UNIT_OF_MEASURE","interaction":{"idSuffix":"inner"}},"wdio_ui5_key":"applicationmanageresources-display-component---newResourceUnit--BASE_UNIT_OF_MEASURE"}]}
RESULT: undefined
COMMAND: POST /session/47a0cfcb1b688bc57e33978b59aaa3c6/execute/async - {"script":"<script> [776 bytes]","args":[{"enterText":"Piece","selector":{"id":"application-manageresources-display-component---newResourceUnit--BASE_UNIT_OF_MEASURE","interaction":{"idSuffix":"inner"}},"clearTextFirst":true,"interactionType":"ENTER_TEXT"}]}
RESULT: {"script":"<script> [776 bytes]","args":[{"enterText":"Piece","selector":{"id":"application-manageresources-display-component---newResourceUnit--BASE_UNIT_OF_MEASURE","interaction":{"idSuffix":"inner"}},"clearTextFirst":true,"interactionType":"ENTER_TEXT"}]}
COMMAND: POST /session/47a0cfcb1b688bc57e33978b59aaa3c6/execute/async - {"script":"<script> [1562 bytes]","args":[{"selector":{"id":"application-manageresources-display-component---newResourceUnit--WEIGHT_UNIT","interaction":{"idSuffix":"inner"}},"wdio_ui5_key":"applicationmanageresources-display-component---newResourceUnit--WEIGHT_UNIT"}]}
RESULT: {"script":"<script> [1562 bytes]","args":[{"selector":{"id":"application-manageresources-display-component---newResourceUnit--WEIGHT_UNIT","interaction":{"idSuffix":"inner"}},"wdio_ui5_key":"applicationmanageresources-display-component---newResourceUnit--WEIGHT_UNIT"}]}
RESULT: undefined
COMMAND: POST /session/47a0cfcb1b688bc57e33978b59aaa3c6/execute/async - {"script":"<script> [776 bytes]","args":[{"enterText":"Gram","selector":{"id":"application-manageresources-display-component---newResourceUnit--WEIGHT_UNIT","interaction":{"idSuffix":"inner"}},"clearTextFirst":true,"interactionType":"ENTER_TEXT"}]}
RESULT: {"script":"<script> [776 bytes]","args":[{"enterText":"Gram","selector":{"id":"application-manageresources-display-component---newResourceUnit--WEIGHT_UNIT","interaction":{"idSuffix":"inner"}},"clearTextFirst":true,"interactionType":"ENTER_TEXT"}]}
COMMAND: POST /session/47a0cfcb1b688bc57e33978b59aaa3c6/execute/async - {"script":"<script> [1562 bytes]","args":[{"selector":{"id":"application-manageresources-display-component---newResourceUnit--DIMENSION_UNIT","interaction":{"idSuffix":"inner"}},"wdio_ui5_key":"applicationmanageresources-display-component---newResourceUnit--DIMENSION_UNIT"}]}
RESULT: {"script":"<script> [1562 bytes]","args":[{"selector":{"id":"application-manageresources-display-component---newResourceUnit--DIMENSION_UNIT","interaction":{"idSuffix":"inner"}},"wdio_ui5_key":"applicationmanageresources-display-component---newResourceUnit--DIMENSION_UNIT"}]}
RESULT: undefined
COMMAND: POST /session/47a0cfcb1b688bc57e33978b59aaa3c6/execute/async - {"script":"<script> [776 bytes]","args":[{"enterText":"Meter","selector":{"id":"application-manageresources-display-component---newResourceUnit--DIMENSION_UNIT","interaction":{"idSuffix":"inner"}},"clearTextFirst":true,"interactionType":"ENTER_TEXT"}]}
RESULT: {"script":"<script> [776 bytes]","args":[{"enterText":"Meter","selector":{"id":"application-manageresources-display-component---newResourceUnit--DIMENSION_UNIT","interaction":{"idSuffix":"inner"}},"clearTextFirst":true,"interactionType":"ENTER_TEXT"}]}
COMMAND: POST /session/47a0cfcb1b688bc57e33978b59aaa3c6/execute/async - {"script":"<script> [1562 bytes]","args":[{"selector":{"id":"application-manageresources-display-component---newResourceUnit--newRRUPage-anchBar-application-manageresources-display-component---newResourceUnit--control-anchor","interaction":{"idSuffix":"BDI-content"}},"wdio_ui5_key":"applicationmanageresources-display-component---newResourceUnit--newRRUPage-anchBar-application-manageresources-display-component---newResourceUnit--control-anchor"}]}
RESULT: {"script":"<script> [1562 bytes]","args":[{"selector":{"id":"application-manageresources-display-component---newResourceUnit--newRRUPage-anchBar-application-manageresources-display-component---newResourceUnit--control-anchor","interaction":{"idSuffix":"BDI-content"}},"wdio_ui5_key":"applicationmanageresources-display-component---newResourceUnit--newRRUPage-anchBar-application-manageresources-display-component---newResourceUnit--control-anchor"}]}
RESULT: undefined
COMMAND: POST /session/47a0cfcb1b688bc57e33978b59aaa3c6/element - {"using":"xpath","value":"//*[@id=\"application-manageresources-display-component---newResourceUnit--newRRUPage-anchBar-application-manageresources-display-component---newResourceUnit--control-anchor\"]"}
RESULT: {"using":"xpath","value":"//*[@id=\"application-manageresources-display-component---newResourceUnit--newRRUPage-anchBar-application-manageresources-display-component---newResourceUnit--control-anchor\"]"}
COMMAND: POST /session/47a0cfcb1b688bc57e33978b59aaa3c6/element/f.B7EBD3B9E1BF342B1CF0F76B0C9C80BF.d.D91FFD053D960FCF158B44282462A8BA.e.24817/click - {}
RESULT: {}
COMMAND: POST /session/47a0cfcb1b688bc57e33978b59aaa3c6/execute/async - {"script":"<script> [1562 bytes]","args":[{"selector":{"id":"application-manageresources-display-component---newResourceUnit--PLANNING_GROUP","interaction":{"idSuffix":"inner"}},"wdio_ui5_key":"applicationmanageresources-display-component---newResourceUnit--PLANNING_GROUP"}]}
COMMAND: GET /session/47a0cfcb1b688bc57e33978b59aaa3c6/screenshot - {}
RESULT: {"script":"<script> [1562 bytes]","args":[{"selector":{"id":"application-manageresources-display-component---newResourceUnit--PLANNING_GROUP","interaction":{"idSuffix":"inner"}},"wdio_ui5_key":"applicationmanageresources-display-component---newResourceUnit--PLANNING_GROUP"}]}
RESULT: undefined
COMMAND: POST /session/47a0cfcb1b688bc57e33978b59aaa3c6/execute/async - {"script":"<script> [776 bytes]","args":[{"enterText":"Heavy Equi","selector":{"id":"application-manageresources-display-component---newResourceUnit--PLANNING_GROUP","interaction":{"idSuffix":"inner"}},"clearTextFirst":true,"interactionType":"ENTER_TEXT"}]}
RESULT: {}
RESULT: {"script":"<script> [776 bytes]","args":[{"enterText":"Heavy Equi","selector":{"id":"application-manageresources-display-component---newResourceUnit--PLANNING_GROUP","interaction":{"idSuffix":"inner"}},"clearTextFirst":true,"interactionType":"ENTER_TEXT"}]}
COMMAND: POST /session/47a0cfcb1b688bc57e33978b59aaa3c6/execute/async - {"script":"<script> [1562 bytes]","args":[{"selector":{"id":"application-manageresources-display-component---newResourceUnit--ITEM_TYPE-arrow"},"wdio_ui5_key":"applicationmanageresources-display-component---newResourceUnit--ITEM_TYPE-arrow"}]}
RESULT: {"script":"<script> [1562 bytes]","args":[{"selector":{"id":"application-manageresources-display-component---newResourceUnit--ITEM_TYPE-arrow"},"wdio_ui5_key":"applicationmanageresources-display-component---newResourceUnit--ITEM_TYPE-arrow"}]}
RESULT: undefined
COMMAND: POST /session/47a0cfcb1b688bc57e33978b59aaa3c6/element - {"using":"xpath","value":"//*[@id=\"application-manageresources-display-component---newResourceUnit--ITEM_TYPE-arrow\"]"}
RESULT: {"using":"xpath","value":"//*[@id=\"application-manageresources-display-component---newResourceUnit--ITEM_TYPE-arrow\"]"}
COMMAND: POST /session/47a0cfcb1b688bc57e33978b59aaa3c6/element/f.B7EBD3B9E1BF342B1CF0F76B0C9C80BF.d.D91FFD053D960FCF158B44282462A8BA.e.24824/click - {}
RESULT: {}
COMMAND: POST /session/47a0cfcb1b688bc57e33978b59aaa3c6/element - {"using":"xpath","value":"(//span[contains(text(), \"Resource Unit\")])[2]"}
COMMAND: GET /session/47a0cfcb1b688bc57e33978b59aaa3c6/screenshot - {}
RESULT: {"using":"xpath","value":"(//span[contains(text(), \"Resource Unit\")])[2]"}
COMMAND: POST /session/47a0cfcb1b688bc57e33978b59aaa3c6/element/f.B7EBD3B9E1BF342B1CF0F76B0C9C80BF.d.D91FFD053D960FCF158B44282462A8BA.e.24825/click - {}
RESULT: {}
RESULT: {}
COMMAND: GET /session/47a0cfcb1b688bc57e33978b59aaa3c6/screenshot - {}
RESULT: {}
COMMAND: POST /session/47a0cfcb1b688bc57e33978b59aaa3c6/element - {"using":"css selector","value":"#application-manageresources-display-component---newResourceUnit--btnAddTimeSegment"}
RESULT: {"using":"css selector","value":"#application-manageresources-display-component---newResourceUnit--btnAddTimeSegment"}
COMMAND: GET /session/47a0cfcb1b688bc57e33978b59aaa3c6/element/f.B7EBD3B9E1BF342B1CF0F76B0C9C80BF.d.D91FFD053D960FCF158B44282462A8BA.e.24826/rect - {}
RESULT: {}
COMMAND: GET /session/47a0cfcb1b688bc57e33978b59aaa3c6/window/rect - {}
RESULT: {}
COMMAND: POST /session/47a0cfcb1b688bc57e33978b59aaa3c6/execute/sync - {"script":"<script> [92 bytes]","args":[]}
RESULT: {"script":"<script> [92 bytes]","args":[]}
COMMAND: POST /session/47a0cfcb1b688bc57e33978b59aaa3c6/actions - {"actions":[{"id":"action77","type":"wheel","parameters":{},"actions":[{"type":"scroll","x":-1888,"y":-32,"deltaX":0,"deltaY":0,"duration":0,"origin":{"element-6066-11e4-a52e-4f735466cecf":"f.B7EBD3B9E1BF342B1CF0F76B0C9C80BF.d.D91FFD053D960FCF158B44282462A8BA.e.24826"}}]}]}
COMMAND: GET /session/47a0cfcb1b688bc57e33978b59aaa3c6/screenshot - {}
RESULT: {}
COMMAND: POST /session/47a0cfcb1b688bc57e33978b59aaa3c6/execute/sync - {"script":"<script> [79 bytes]","args":[{"element-6066-11e4-a52e-4f735466cecf":"f.B7EBD3B9E1BF342B1CF0F76B0C9C80BF.d.D91FFD053D960FCF158B44282462A8BA.e.24826","ELEMENT":"f.B7EBD3B9E1BF342B1CF0F76B0C9C80BF.d.D91FFD053D960FCF158B44282462A8BA.e.24826"},{"block":"start","inline":"nearest"}]}
RESULT: {"script":"<script> [79 bytes]","args":[{"element-6066-11e4-a52e-4f735466cecf":"f.B7EBD3B9E1BF342B1CF0F76B0C9C80BF.d.D91FFD053D960FCF158B44282462A8BA.e.24826","ELEMENT":"f.B7EBD3B9E1BF342B1CF0F76B0C9C80BF.d.D91FFD053D960FCF158B44282462A8BA.e.24826"},{"block":"start","inline":"nearest"}]}
COMMAND: POST /session/47a0cfcb1b688bc57e33978b59aaa3c6/execute/async - {"script":"<script> [1562 bytes]","args":[{"selector":{"id":"application-manageresources-display-component---newResourceUnit--btnAddTimeSegment","interaction":{"idSuffix":"inner"}},"wdio_ui5_key":"applicationmanageresources-display-component---newResourceUnit--btnAddTimeSegment"}]}
COMMAND: GET /session/47a0cfcb1b688bc57e33978b59aaa3c6/screenshot - {}
RESULT: {"script":"<script> [1562 bytes]","args":[{"selector":{"id":"application-manageresources-display-component---newResourceUnit--btnAddTimeSegment","interaction":{"idSuffix":"inner"}},"wdio_ui5_key":"applicationmanageresources-display-component---newResourceUnit--btnAddTimeSegment"}]}
RESULT: undefined
COMMAND: POST /session/47a0cfcb1b688bc57e33978b59aaa3c6/element - {"using":"xpath","value":"//*[@id=\"application-manageresources-display-component---newResourceUnit--btnAddTimeSegment\"]"}
RESULT: {}
RESULT: {"using":"xpath","value":"//*[@id=\"application-manageresources-display-component---newResourceUnit--btnAddTimeSegment\"]"}
COMMAND: POST /session/47a0cfcb1b688bc57e33978b59aaa3c6/element/f.B7EBD3B9E1BF342B1CF0F76B0C9C80BF.d.D91FFD053D960FCF158B44282462A8BA.e.24826/click - {}
RESULT: {}
COMMAND: GET /session/47a0cfcb1b688bc57e33978b59aaa3c6/screenshot - {}
RESULT: {}
COMMAND: POST /session/47a0cfcb1b688bc57e33978b59aaa3c6/element - {"using":"xpath","value":"//input[@id=\"application-manageresources-display-component---newResourceUnit--idRuTSAdmin-application-manageresources-display-component---newResourceUnit--RUTimeSegment-0-inner\"]"}
RESULT: {"using":"xpath","value":"//input[@id=\"application-manageresources-display-component---newResourceUnit--idRuTSAdmin-application-manageresources-display-component---newResourceUnit--RUTimeSegment-0-inner\"]"}
COMMAND: POST /session/47a0cfcb1b688bc57e33978b59aaa3c6/element/f.B7EBD3B9E1BF342B1CF0F76B0C9C80BF.d.D91FFD053D960FCF158B44282462A8BA.e.24832/clear - {}
RESULT: {}
COMMAND: POST /session/47a0cfcb1b688bc57e33978b59aaa3c6/element/f.B7EBD3B9E1BF342B1CF0F76B0C9C80BF.d.D91FFD053D960FCF158B44282462A8BA.e.24832/value - {"text":"595"}
COMMAND: GET /session/47a0cfcb1b688bc57e33978b59aaa3c6/screenshot - {}
RESULT: {"text":"595"}
COMMAND: GET /session/47a0cfcb1b688bc57e33978b59aaa3c6/screenshot - {}
RESULT: {}
RESULT: {}
COMMAND: POST /session/47a0cfcb1b688bc57e33978b59aaa3c6/element - {"using":"xpath","value":"//li[.//span[text()='595']]"}
RESULT: {"using":"xpath","value":"//li[.//span[text()='595']]"}
COMMAND: POST /session/47a0cfcb1b688bc57e33978b59aaa3c6/element/f.B7EBD3B9E1BF342B1CF0F76B0C9C80BF.d.D91FFD053D960FCF158B44282462A8BA.e.24844/click - {}
RESULT: {}
COMMAND: GET /session/47a0cfcb1b688bc57e33978b59aaa3c6/screenshot - {}
RESULT: {}
COMMAND: POST /session/47a0cfcb1b688bc57e33978b59aaa3c6/element - {"using":"xpath","value":"(//span[contains(@id, \"-application-manageresources-display-component---newResourceUnit--RUTimeSegment-0-arrow\")])[6]"}
RESULT: {"using":"xpath","value":"(//span[contains(@id, \"-application-manageresources-display-component---newResourceUnit--RUTimeSegment-0-arrow\")])[6]"}
COMMAND: POST /session/47a0cfcb1b688bc57e33978b59aaa3c6/element/f.B7EBD3B9E1BF342B1CF0F76B0C9C80BF.d.D91FFD053D960FCF158B44282462A8BA.e.24845/click - {}
RESULT: {}
COMMAND: GET /session/47a0cfcb1b688bc57e33978b59aaa3c6/screenshot - {}
RESULT: {}
COMMAND: POST /session/47a0cfcb1b688bc57e33978b59aaa3c6/element - {"using":"xpath","value":"//span[contains(text(), \"PM Order\")]"}
RESULT: {"using":"xpath","value":"//span[contains(text(), \"PM Order\")]"}
COMMAND: POST /session/47a0cfcb1b688bc57e33978b59aaa3c6/element/f.B7EBD3B9E1BF342B1CF0F76B0C9C80BF.d.D91FFD053D960FCF158B44282462A8BA.e.24848/click - {}
RESULT: {}
COMMAND: GET /session/47a0cfcb1b688bc57e33978b59aaa3c6/screenshot - {}
RESULT: {}
COMMAND: POST /session/47a0cfcb1b688bc57e33978b59aaa3c6/element - {"using":"xpath","value":"(//span[contains(@id ,\"manageresources-display-component---newResourceUnit--RUTimeSegment-0-vhi\")])[1]"}
RESULT: {"using":"xpath","value":"(//span[contains(@id ,\"manageresources-display-component---newResourceUnit--RUTimeSegment-0-vhi\")])[1]"}
COMMAND: GET /session/47a0cfcb1b688bc57e33978b59aaa3c6/element/f.B7EBD3B9E1BF342B1CF0F76B0C9C80BF.d.D91FFD053D960FCF158B44282462A8BA.e.24852/rect - {}
RESULT: {}
COMMAND: GET /session/47a0cfcb1b688bc57e33978b59aaa3c6/window/rect - {}
RESULT: {}
COMMAND: POST /session/47a0cfcb1b688bc57e33978b59aaa3c6/execute/sync - {"script":"<script> [92 bytes]","args":[]}
RESULT: {"script":"<script> [92 bytes]","args":[]}
COMMAND: POST /session/47a0cfcb1b688bc57e33978b59aaa3c6/actions - {"actions":[{"id":"action78","type":"wheel","parameters":{},"actions":[{"type":"scroll","x":-869,"y":-24,"deltaX":0,"deltaY":0,"duration":0,"origin":{"element-6066-11e4-a52e-4f735466cecf":"f.B7EBD3B9E1BF342B1CF0F76B0C9C80BF.d.D91FFD053D960FCF158B44282462A8BA.e.24852"}}]}]}
COMMAND: GET /session/47a0cfcb1b688bc57e33978b59aaa3c6/screenshot - {}
RESULT: {"actions":[{"id":"action78","type":"wheel","parameters":{},"actions":[{"type":"scroll","x":-869,"y":-24,"deltaX":0,"deltaY":0,"duration":0,"origin":{"element-6066-11e4-a52e-4f735466cecf":"f.B7EBD3B9E1BF342B1CF0F76B0C9C80BF.d.D91FFD053D960FCF158B44282462A8BA.e.24852"}}]}]}
COMMAND: DELETE /session/47a0cfcb1b688bc57e33978b59aaa3c6/actions - {}
COMMAND: GET /session/47a0cfcb1b688bc57e33978b59aaa3c6/screenshot - {}
RESULT: {}
RESULT: {}
COMMAND: GET /session/47a0cfcb1b688bc57e33978b59aaa3c6/screenshot - {}
RESULT: {}
RESULT: {}
COMMAND: POST /session/47a0cfcb1b688bc57e33978b59aaa3c6/element/f.B7EBD3B9E1BF342B1CF0F76B0C9C80BF.d.D91FFD053D960FCF158B44282462A8BA.e.24852/click - {}
RESULT: {}
COMMAND: GET /session/47a0cfcb1b688bc57e33978b59aaa3c6/screenshot - {}
RESULT: {}
RESULT: undefined
COMMAND: POST /session/47a0cfcb1b688bc57e33978b59aaa3c6/execute/async - {"script":"<script> [776 bytes]","args":[{"enterText":"4000360","selector":{"controlType":"sap.m.SearchField","properties":{"placeholder":"Search"},"searchOpenDialogs":true,"interaction":{"idSuffix":"I"}},"clearTextFirst":true,"interactionType":"ENTER_TEXT"}]}
RESULT: {"script":"<script> [776 bytes]","args":[{"enterText":"4000360","selector":{"controlType":"sap.m.SearchField","properties":{"placeholder":"Search"},"searchOpenDialogs":true,"interaction":{"idSuffix":"I"}},"clearTextFirst":true,"interactionType":"ENTER_TEXT"}]}
COMMAND: POST /session/47a0cfcb1b688bc57e33978b59aaa3c6/actions - {"actions":[{"id":"action79","type":"key","parameters":{},"actions":[{"type":"keyDown","value":"î€‡"},{"type":"pause","duration":10},{"type":"keyUp","value":"î€‡"}]}]}
RESULT: {"actions":[{"id":"action79","type":"key","parameters":{},"actions":[{"type":"keyDown","value":"î€‡"},{"type":"pause","duration":10},{"type":"keyUp","value":"î€‡"}]}]}
COMMAND: GET /session/47a0cfcb1b688bc57e33978b59aaa3c6/screenshot - {}
RESULT: {}
COMMAND: POST /session/47a0cfcb1b688bc57e33978b59aaa3c6/element - {"using":"xpath","value":"//td/div/span[contains(text(), \"BGL Vehicles\")]"}
RESULT: {"using":"xpath","value":"//td/div/span[contains(text(), \"BGL Vehicles\")]"}
COMMAND: POST /session/47a0cfcb1b688bc57e33978b59aaa3c6/element/f.B7EBD3B9E1BF342B1CF0F76B0C9C80BF.d.D91FFD053D960FCF158B44282462A8BA.e.24871/click - {}
RESULT: {}
COMMAND: GET /session/47a0cfcb1b688bc57e33978b59aaa3c6/screenshot - {}
RESULT: {}
COMMAND: POST /session/47a0cfcb1b688bc57e33978b59aaa3c6/element - {"using":"xpath","value":"//bdi[contains(text(), \"OK\")]"}
RESULT: {"using":"xpath","value":"//bdi[contains(text(), \"OK\")]"}
COMMAND: POST /session/47a0cfcb1b688bc57e33978b59aaa3c6/element/f.B7EBD3B9E1BF342B1CF0F76B0C9C80BF.d.D91FFD053D960FCF158B44282462A8BA.e.24872/click - {}
RESULT: {}
COMMAND: GET /session/47a0cfcb1b688bc57e33978b59aaa3c6/screenshot - {}
RESULT: {}
COMMAND: POST /session/47a0cfcb1b688bc57e33978b59aaa3c6/execute/async - {"script":"<script> [1562 bytes]","args":[{"selector":{"id":"application-manageresources-display-component---newResourceUnit--newRRUPage-anchBar-application-manageresources-display-component---newResourceUnit--resource-anchor","interaction":{"idSuffix":"BDI-content"}},"wdio_ui5_key":"applicationmanageresources-display-component---newResourceUnit--newRRUPage-anchBar-application-manageresources-display-component---newResourceUnit--resource-anchor"}]}
RESULT: {"script":"<script> [1562 bytes]","args":[{"selector":{"id":"application-manageresources-display-component---newResourceUnit--newRRUPage-anchBar-application-manageresources-display-component---newResourceUnit--resource-anchor","interaction":{"idSuffix":"BDI-content"}},"wdio_ui5_key":"applicationmanageresources-display-component---newResourceUnit--newRRUPage-anchBar-application-manageresources-display-component---newResourceUnit--resource-anchor"}]}
RESULT: undefined
COMMAND: POST /session/47a0cfcb1b688bc57e33978b59aaa3c6/element - {"using":"xpath","value":"//*[@id=\"application-manageresources-display-component---newResourceUnit--newRRUPage-anchBar-application-manageresources-display-component---newResourceUnit--resource-anchor\"]"}
RESULT: {"using":"xpath","value":"//*[@id=\"application-manageresources-display-component---newResourceUnit--newRRUPage-anchBar-application-manageresources-display-component---newResourceUnit--resource-anchor\"]"}
COMMAND: POST /session/47a0cfcb1b688bc57e33978b59aaa3c6/element/f.B7EBD3B9E1BF342B1CF0F76B0C9C80BF.d.D91FFD053D960FCF158B44282462A8BA.e.24876/click - {}
RESULT: {}
COMMAND: POST /session/47a0cfcb1b688bc57e33978b59aaa3c6/execute/async - {"script":"<script> [1562 bytes]","args":[{"selector":{"id":"application-manageresources-display-component---newResourceUnit--PLANNED_DELIVERY_DATE","interaction":{"idSuffix":"inner"}},"wdio_ui5_key":"applicationmanageresources-display-component---newResourceUnit--PLANNED_DELIVERY_DATE"}]}
COMMAND: GET /session/47a0cfcb1b688bc57e33978b59aaa3c6/screenshot - {}
RESULT: {}
RESULT: {"script":"<script> [1562 bytes]","args":[{"selector":{"id":"application-manageresources-display-component---newResourceUnit--PLANNED_DELIVERY_DATE","interaction":{"idSuffix":"inner"}},"wdio_ui5_key":"applicationmanageresources-display-component---newResourceUnit--PLANNED_DELIVERY_DATE"}]}
RESULT: undefined
COMMAND: POST /session/47a0cfcb1b688bc57e33978b59aaa3c6/execute/async - {"script":"<script> [6424 bytes]","args":[{"element-6066-11e4-a52e-4f735466cecf":"f.B7EBD3B9E1BF342B1CF0F76B0C9C80BF.d.D91FFD053D960FCF158B44282462A8BA.e.24742"},"setValue",["5/20/25"]]}
RESULT: {"script":"<script> [6424 bytes]","args":[{"element-6066-11e4-a52e-4f735466cecf":"f.B7EBD3B9E1BF342B1CF0F76B0C9C80BF.d.D91FFD053D960FCF158B44282462A8BA.e.24742"},"setValue",["5/20/25"]]}
COMMAND: POST /session/47a0cfcb1b688bc57e33978b59aaa3c6/element - {"using":"xpath","value":"//label[contains(@class, 'sapMLabelRequired') and .//bdi[contains(text(), 'Planned Retirement')]]"}
RESULT: {"using":"xpath","value":"//label[contains(@class, 'sapMLabelRequired') and .//bdi[contains(text(), 'Planned Retirement')]]"}
COMMAND: POST /session/47a0cfcb1b688bc57e33978b59aaa3c6/elements - {"using":"xpath","value":"//label[contains(@class, 'sapMLabelRequired') and .//bdi[contains(text(), 'Planned Retirement')]]"}
RESULT: {"using":"xpath","value":"//label[contains(@class, 'sapMLabelRequired') and .//bdi[contains(text(), 'Planned Retirement')]]"}
COMMAND: POST /session/47a0cfcb1b688bc57e33978b59aaa3c6/element - {"using":"xpath","value":"//button[@data-kt=\"resourceUnitSaveButton\"]"}
RESULT: {"using":"xpath","value":"//button[@data-kt=\"resourceUnitSaveButton\"]"}
COMMAND: POST /session/47a0cfcb1b688bc57e33978b59aaa3c6/element/f.B7EBD3B9E1BF342B1CF0F76B0C9C80BF.d.D91FFD053D960FCF158B44282462A8BA.e.24702/click - {}
RESULT: {}
COMMAND: GET /session/47a0cfcb1b688bc57e33978b59aaa3c6/screenshot - {}
RESULT: {}
COMMAND: POST /session/47a0cfcb1b688bc57e33978b59aaa3c6/element - {"using":"xpath","value":"//bdi[contains(text(), \"Close\")]"}
RESULT: {"using":"xpath","value":"//bdi[contains(text(), \"Close\")]"}
COMMAND: POST /session/47a0cfcb1b688bc57e33978b59aaa3c6/element/f.B7EBD3B9E1BF342B1CF0F76B0C9C80BF.d.D91FFD053D960FCF158B44282462A8BA.e.24886/click - {}
RESULT: {}
COMMAND: GET /session/47a0cfcb1b688bc57e33978b59aaa3c6/screenshot - {}
RESULT: {}
COMMAND: POST /session/47a0cfcb1b688bc57e33978b59aaa3c6/element - {"using":"xpath","value":"(//button[contains(@id ,\"actionsToolbar-overflowButton\")])[1]"}
RESULT: {"using":"xpath","value":"(//button[contains(@id ,\"actionsToolbar-overflowButton\")])[1]"}
COMMAND: POST /session/47a0cfcb1b688bc57e33978b59aaa3c6/element/f.B7EBD3B9E1BF342B1CF0F76B0C9C80BF.d.D91FFD053D960FCF158B44282462A8BA.e.24917/click - {}
RESULT: {}
COMMAND: GET /session/47a0cfcb1b688bc57e33978b59aaa3c6/screenshot - {}
RESULT: {}
COMMAND: POST /session/47a0cfcb1b688bc57e33978b59aaa3c6/element - {"using":"xpath","value":"//button[@data-kt=\"priceInfoButton\"]"}
RESULT: {"using":"xpath","value":"//button[@data-kt=\"priceInfoButton\"]"}
COMMAND: POST /session/47a0cfcb1b688bc57e33978b59aaa3c6/element/f.B7EBD3B9E1BF342B1CF0F76B0C9C80BF.d.D91FFD053D960FCF158B44282462A8BA.e.24919/click - {}
RESULT: {}
COMMAND: GET /session/47a0cfcb1b688bc57e33978b59aaa3c6/screenshot - {}
RESULT: {}
COMMAND: POST /session/47a0cfcb1b688bc57e33978b59aaa3c6/element - {"using":"css selector","value":"#shell-header-logo"}
RESULT: {"using":"css selector","value":"#shell-header-logo"}
COMMAND: POST /session/47a0cfcb1b688bc57e33978b59aaa3c6/element/f.B7EBD3B9E1BF342B1CF0F76B0C9C80BF.d.D91FFD053D960FCF158B44282462A8BA.e.24297/click - {}
RESULT: {}
COMMAND: GET /session/47a0cfcb1b688bc57e33978b59aaa3c6/screenshot - {}
RESULT: {}
]]></system-out>
    </testcase>
    <testcase classname="chrome.136_0_7103_93.windows.Transfer_Yard_to_Yard_US131076" name="Prereq Should create a new equipment multipart" time="127.458">
      <system-out><![CDATA[
RESULT: undefined
COMMAND: POST /session/47a0cfcb1b688bc57e33978b59aaa3c6/element - {"using":"xpath","value":"//*[@id=\"__tile31\"]"}
RESULT: {"using":"xpath","value":"//*[@id=\"__tile31\"]"}
COMMAND: POST /session/47a0cfcb1b688bc57e33978b59aaa3c6/element/f.B7EBD3B9E1BF342B1CF0F76B0C9C80BF.d.D91FFD053D960FCF158B44282462A8BA.e.23461/click - {}
RESULT: {}
COMMAND: GET /session/47a0cfcb1b688bc57e33978b59aaa3c6/screenshot - {}
RESULT: {}
COMMAND: POST /session/47a0cfcb1b688bc57e33978b59aaa3c6/elements - {"using":"xpath","value":"//span[text()='Error']"}
RESULT: {"using":"xpath","value":"//span[text()='Error']"}
COMMAND: POST /session/47a0cfcb1b688bc57e33978b59aaa3c6/element - {"using":"xpath","value":"//button[@data-kt=\"addNewRUOverflowToolbarButton\"]"}
RESULT: {"using":"xpath","value":"//button[@data-kt=\"addNewRUOverflowToolbarButton\"]"}
COMMAND: POST /session/47a0cfcb1b688bc57e33978b59aaa3c6/elements - {"using":"xpath","value":"//button[@data-kt=\"addNewRUOverflowToolbarButton\"]"}
RESULT: {"using":"xpath","value":"//button[@data-kt=\"addNewRUOverflowToolbarButton\"]"}
COMMAND: POST /session/47a0cfcb1b688bc57e33978b59aaa3c6/execute/sync - {"script":"<script> [8489 bytes]","args":[{"element-6066-11e4-a52e-4f735466cecf":"f.B7EBD3B9E1BF342B1CF0F76B0C9C80BF.d.D91FFD053D960FCF158B44282462A8BA.e.24998","ELEMENT":"f.B7EBD3B9E1BF342B1CF0F76B0C9C80BF.d.D91FFD053D960FCF158B44282462A8BA.e.24998"}]}
RESULT: {"script":"<script> [8489 bytes]","args":[{"element-6066-11e4-a52e-4f735466cecf":"f.B7EBD3B9E1BF342B1CF0F76B0C9C80BF.d.D91FFD053D960FCF158B44282462A8BA.e.24998","ELEMENT":"f.B7EBD3B9E1BF342B1CF0F76B0C9C80BF.d.D91FFD053D960FCF158B44282462A8BA.e.24998"}]}
COMMAND: GET /session/47a0cfcb1b688bc57e33978b59aaa3c6/element/f.B7EBD3B9E1BF342B1CF0F76B0C9C80BF.d.D91FFD053D960FCF158B44282462A8BA.e.24998/enabled - {}
COMMAND: GET /session/47a0cfcb1b688bc57e33978b59aaa3c6/screenshot - {}
RESULT: {}
COMMAND: POST /session/47a0cfcb1b688bc57e33978b59aaa3c6/execute/sync - {"script":"<script> [8489 bytes]","args":[{"element-6066-11e4-a52e-4f735466cecf":"f.B7EBD3B9E1BF342B1CF0F76B0C9C80BF.d.D91FFD053D960FCF158B44282462A8BA.e.24998","ELEMENT":"f.B7EBD3B9E1BF342B1CF0F76B0C9C80BF.d.D91FFD053D960FCF158B44282462A8BA.e.24998"}]}
COMMAND: GET /session/47a0cfcb1b688bc57e33978b59aaa3c6/screenshot - {}
RESULT: {}
RESULT: {"script":"<script> [8489 bytes]","args":[{"element-6066-11e4-a52e-4f735466cecf":"f.B7EBD3B9E1BF342B1CF0F76B0C9C80BF.d.D91FFD053D960FCF158B44282462A8BA.e.24998","ELEMENT":"f.B7EBD3B9E1BF342B1CF0F76B0C9C80BF.d.D91FFD053D960FCF158B44282462A8BA.e.24998"}]}
COMMAND: POST /session/47a0cfcb1b688bc57e33978b59aaa3c6/execute/sync - {"script":"<script> [5351 bytes]","args":[{"element-6066-11e4-a52e-4f735466cecf":"f.B7EBD3B9E1BF342B1CF0F76B0C9C80BF.d.D91FFD053D960FCF158B44282462A8BA.e.24998","ELEMENT":"f.B7EBD3B9E1BF342B1CF0F76B0C9C80BF.d.D91FFD053D960FCF158B44282462A8BA.e.24998"}]}
COMMAND: GET /session/47a0cfcb1b688bc57e33978b59aaa3c6/screenshot - {}
RESULT: {}
RESULT: {"script":"<script> [5351 bytes]","args":[{"element-6066-11e4-a52e-4f735466cecf":"f.B7EBD3B9E1BF342B1CF0F76B0C9C80BF.d.D91FFD053D960FCF158B44282462A8BA.e.24998","ELEMENT":"f.B7EBD3B9E1BF342B1CF0F76B0C9C80BF.d.D91FFD053D960FCF158B44282462A8BA.e.24998"}]}
COMMAND: POST /session/47a0cfcb1b688bc57e33978b59aaa3c6/element/f.B7EBD3B9E1BF342B1CF0F76B0C9C80BF.d.D91FFD053D960FCF158B44282462A8BA.e.24998/click - {}
COMMAND: GET /session/47a0cfcb1b688bc57e33978b59aaa3c6/screenshot - {}
RESULT: {}
RESULT: {}
COMMAND: GET /session/47a0cfcb1b688bc57e33978b59aaa3c6/screenshot - {}
RESULT: undefined
COMMAND: POST /session/47a0cfcb1b688bc57e33978b59aaa3c6/element - {"using":"xpath","value":"//*[@id=\"application-manageresources-display-component---newResourceUnit--TYPE-arrow\"]"}
RESULT: {}
RESULT: {}
RESULT: {"using":"xpath","value":"//*[@id=\"application-manageresources-display-component---newResourceUnit--TYPE-arrow\"]"}
COMMAND: POST /session/47a0cfcb1b688bc57e33978b59aaa3c6/element/f.B7EBD3B9E1BF342B1CF0F76B0C9C80BF.d.D91FFD053D960FCF158B44282462A8BA.e.25350/click - {}
RESULT: {}
COMMAND: POST /session/47a0cfcb1b688bc57e33978b59aaa3c6/element - {"using":"xpath","value":"//input[@id=\"application-manageresources-display-component---newResourceUnit--TYPE-inner\"]"}
COMMAND: GET /session/47a0cfcb1b688bc57e33978b59aaa3c6/screenshot - {}
RESULT: {"using":"xpath","value":"//input[@id=\"application-manageresources-display-component---newResourceUnit--TYPE-inner\"]"}
COMMAND: POST /session/47a0cfcb1b688bc57e33978b59aaa3c6/element/f.B7EBD3B9E1BF342B1CF0F76B0C9C80BF.d.D91FFD053D960FCF158B44282462A8BA.e.25340/clear - {}
RESULT: {}
RESULT: {}
COMMAND: POST /session/47a0cfcb1b688bc57e33978b59aaa3c6/element/f.B7EBD3B9E1BF342B1CF0F76B0C9C80BF.d.D91FFD053D960FCF158B44282462A8BA.e.25340/value - {"text":"Equi Multipart"}
COMMAND: GET /session/47a0cfcb1b688bc57e33978b59aaa3c6/screenshot - {}
RESULT: {"text":"Equi Multipart"}
COMMAND: GET /session/47a0cfcb1b688bc57e33978b59aaa3c6/screenshot - {}
RESULT: {}
RESULT: {}
COMMAND: POST /session/47a0cfcb1b688bc57e33978b59aaa3c6/actions - {"actions":[{"id":"action80","type":"key","parameters":{},"actions":[{"type":"keyDown","value":"î€‡"},{"type":"pause","duration":10},{"type":"keyUp","value":"î€‡"}]}]}
RESULT: {"actions":[{"id":"action80","type":"key","parameters":{},"actions":[{"type":"keyDown","value":"î€‡"},{"type":"pause","duration":10},{"type":"keyUp","value":"î€‡"}]}]}
RESULT: undefined
COMMAND: POST /session/47a0cfcb1b688bc57e33978b59aaa3c6/execute/async - {"script":"<script> [776 bytes]","args":[{"enterText":"Equipment Multipart WDIO","selector":{"id":"application-manageresources-display-component---newResourceUnit--SHORT_TEXT","interaction":{"idSuffix":"inner"}},"clearTextFirst":true,"interactionType":"ENTER_TEXT"}]}
COMMAND: GET /session/47a0cfcb1b688bc57e33978b59aaa3c6/screenshot - {}
RESULT: {"script":"<script> [776 bytes]","args":[{"enterText":"Equipment Multipart WDIO","selector":{"id":"application-manageresources-display-component---newResourceUnit--SHORT_TEXT","interaction":{"idSuffix":"inner"}},"clearTextFirst":true,"interactionType":"ENTER_TEXT"}]}
RESULT: undefined
COMMAND: POST /session/47a0cfcb1b688bc57e33978b59aaa3c6/execute/async - {"script":"<script> [776 bytes]","args":[{"enterText":"Piece","selector":{"id":"application-manageresources-display-component---newResourceUnit--BASE_UNIT_OF_MEASURE","interaction":{"idSuffix":"inner"}},"clearTextFirst":true,"interactionType":"ENTER_TEXT"}]}
RESULT: {}
RESULT: {"script":"<script> [776 bytes]","args":[{"enterText":"Piece","selector":{"id":"application-manageresources-display-component---newResourceUnit--BASE_UNIT_OF_MEASURE","interaction":{"idSuffix":"inner"}},"clearTextFirst":true,"interactionType":"ENTER_TEXT"}]}
RESULT: undefined
COMMAND: POST /session/47a0cfcb1b688bc57e33978b59aaa3c6/execute/async - {"script":"<script> [776 bytes]","args":[{"enterText":"Gram","selector":{"id":"application-manageresources-display-component---newResourceUnit--WEIGHT_UNIT","interaction":{"idSuffix":"inner"}},"clearTextFirst":true,"interactionType":"ENTER_TEXT"}]}
RESULT: {"script":"<script> [776 bytes]","args":[{"enterText":"Gram","selector":{"id":"application-manageresources-display-component---newResourceUnit--WEIGHT_UNIT","interaction":{"idSuffix":"inner"}},"clearTextFirst":true,"interactionType":"ENTER_TEXT"}]}
RESULT: undefined
COMMAND: POST /session/47a0cfcb1b688bc57e33978b59aaa3c6/execute/async - {"script":"<script> [776 bytes]","args":[{"enterText":"Meter","selector":{"id":"application-manageresources-display-component---newResourceUnit--DIMENSION_UNIT","interaction":{"idSuffix":"inner"}},"clearTextFirst":true,"interactionType":"ENTER_TEXT"}]}
RESULT: {"script":"<script> [776 bytes]","args":[{"enterText":"Meter","selector":{"id":"application-manageresources-display-component---newResourceUnit--DIMENSION_UNIT","interaction":{"idSuffix":"inner"}},"clearTextFirst":true,"interactionType":"ENTER_TEXT"}]}
RESULT: undefined
COMMAND: POST /session/47a0cfcb1b688bc57e33978b59aaa3c6/element - {"using":"xpath","value":"//*[@id=\"application-manageresources-display-component---newResourceUnit--newRRUPage-anchBar-application-manageresources-display-component---newResourceUnit--control-anchor\"]"}
RESULT: {"using":"xpath","value":"//*[@id=\"application-manageresources-display-component---newResourceUnit--newRRUPage-anchBar-application-manageresources-display-component---newResourceUnit--control-anchor\"]"}
COMMAND: POST /session/47a0cfcb1b688bc57e33978b59aaa3c6/element/f.B7EBD3B9E1BF342B1CF0F76B0C9C80BF.d.D91FFD053D960FCF158B44282462A8BA.e.25412/click - {}
RESULT: {}
RESULT: undefined
COMMAND: POST /session/47a0cfcb1b688bc57e33978b59aaa3c6/execute/async - {"script":"<script> [776 bytes]","args":[{"enterText":"Heavy Equi","selector":{"id":"application-manageresources-display-component---newResourceUnit--PLANNING_GROUP","interaction":{"idSuffix":"inner"}},"clearTextFirst":true,"interactionType":"ENTER_TEXT"}]}
COMMAND: GET /session/47a0cfcb1b688bc57e33978b59aaa3c6/screenshot - {}
RESULT: {"script":"<script> [776 bytes]","args":[{"enterText":"Heavy Equi","selector":{"id":"application-manageresources-display-component---newResourceUnit--PLANNING_GROUP","interaction":{"idSuffix":"inner"}},"clearTextFirst":true,"interactionType":"ENTER_TEXT"}]}
RESULT: {}
COMMAND: POST /session/47a0cfcb1b688bc57e33978b59aaa3c6/execute/async - {"script":"<script> [1562 bytes]","args":[{"selector":{"id":"application-manageresources-display-component---newResourceUnit--PLANNING_INDICATOR","interaction":{"idSuffix":"inner"}},"wdio_ui5_key":"applicationmanageresources-display-component---newResourceUnit--PLANNING_INDICATOR"}]}
RESULT: {"script":"<script> [1562 bytes]","args":[{"selector":{"id":"application-manageresources-display-component---newResourceUnit--PLANNING_INDICATOR","interaction":{"idSuffix":"inner"}},"wdio_ui5_key":"applicationmanageresources-display-component---newResourceUnit--PLANNING_INDICATOR"}]}
RESULT: undefined
COMMAND: POST /session/47a0cfcb1b688bc57e33978b59aaa3c6/execute/async - {"script":"<script> [776 bytes]","args":[{"enterText":"10 - infinite","selector":{"id":"application-manageresources-display-component---newResourceUnit--PLANNING_INDICATOR","interaction":{"idSuffix":"inner"}},"clearTextFirst":true,"interactionType":"ENTER_TEXT"}]}
RESULT: {"script":"<script> [776 bytes]","args":[{"enterText":"10 - infinite","selector":{"id":"application-manageresources-display-component---newResourceUnit--PLANNING_INDICATOR","interaction":{"idSuffix":"inner"}},"clearTextFirst":true,"interactionType":"ENTER_TEXT"}]}
RESULT: undefined
COMMAND: POST /session/47a0cfcb1b688bc57e33978b59aaa3c6/element - {"using":"xpath","value":"//*[@id=\"application-manageresources-display-component---newResourceUnit--ITEM_TYPE-arrow\"]"}
RESULT: {"using":"xpath","value":"//*[@id=\"application-manageresources-display-component---newResourceUnit--ITEM_TYPE-arrow\"]"}
COMMAND: POST /session/47a0cfcb1b688bc57e33978b59aaa3c6/element/f.B7EBD3B9E1BF342B1CF0F76B0C9C80BF.d.D91FFD053D960FCF158B44282462A8BA.e.25419/click - {}
RESULT: {}
COMMAND: GET /session/47a0cfcb1b688bc57e33978b59aaa3c6/screenshot - {}
RESULT: {}
COMMAND: POST /session/47a0cfcb1b688bc57e33978b59aaa3c6/execute/async - {"script":"<script> [1562 bytes]","args":[{"selector":{"controlType":"sap.m.StandardListItem","viewName":"reusables.view.manageresources.NewResourceUnit","viewId":"application-manageresources-display-component---newResourceUnit","properties":{"title":"Pool Equipment"},"searchOpenDialogs":true,"interaction":{"idSuffix":"content"}},"wdio_ui5_key":"reusablesview.manageresources.NewResourceUnitsap.m.StandardListItem{\"title\":\"Pool Equipment\"}"}]}
RESULT: {"script":"<script> [1562 bytes]","args":[{"selector":{"controlType":"sap.m.StandardListItem","viewName":"reusables.view.manageresources.NewResourceUnit","viewId":"application-manageresources-display-component---newResourceUnit","properties":{"title":"Pool Equipment"},"searchOpenDialogs":true,"interaction":{"idSuffix":"content"}},"wdio_ui5_key":"reusablesview.manageresources.NewResourceUnitsap.m.StandardListItem{\"title\":\"Pool Equipment\"}"}]}
RESULT: undefined
COMMAND: POST /session/47a0cfcb1b688bc57e33978b59aaa3c6/element - {"using":"xpath","value":"//*[@id=\"__item1339\"]"}
RESULT: {"using":"xpath","value":"//*[@id=\"__item1339\"]"}
COMMAND: POST /session/47a0cfcb1b688bc57e33978b59aaa3c6/element/f.B7EBD3B9E1BF342B1CF0F76B0C9C80BF.d.D91FFD053D960FCF158B44282462A8BA.e.25421/click - {}
RESULT: {}
COMMAND: GET /session/47a0cfcb1b688bc57e33978b59aaa3c6/screenshot - {}
RESULT: {}
COMMAND: POST /session/47a0cfcb1b688bc57e33978b59aaa3c6/element - {"using":"css selector","value":"#application-manageresources-display-component---newResourceUnit--btnAddTimeSegment"}
RESULT: {"using":"css selector","value":"#application-manageresources-display-component---newResourceUnit--btnAddTimeSegment"}
COMMAND: GET /session/47a0cfcb1b688bc57e33978b59aaa3c6/element/f.B7EBD3B9E1BF342B1CF0F76B0C9C80BF.d.D91FFD053D960FCF158B44282462A8BA.e.25422/rect - {}
RESULT: {}
COMMAND: GET /session/47a0cfcb1b688bc57e33978b59aaa3c6/window/rect - {}
RESULT: {}
COMMAND: POST /session/47a0cfcb1b688bc57e33978b59aaa3c6/execute/sync - {"script":"<script> [92 bytes]","args":[]}
RESULT: {"script":"<script> [92 bytes]","args":[]}
COMMAND: POST /session/47a0cfcb1b688bc57e33978b59aaa3c6/actions - {"actions":[{"id":"action81","type":"wheel","parameters":{},"actions":[{"type":"scroll","x":-1888,"y":-32,"deltaX":0,"deltaY":0,"duration":0,"origin":{"element-6066-11e4-a52e-4f735466cecf":"f.B7EBD3B9E1BF342B1CF0F76B0C9C80BF.d.D91FFD053D960FCF158B44282462A8BA.e.25422"}}]}]}
COMMAND: GET /session/47a0cfcb1b688bc57e33978b59aaa3c6/screenshot - {}
RESULT: {}
COMMAND: POST /session/47a0cfcb1b688bc57e33978b59aaa3c6/execute/sync - {"script":"<script> [79 bytes]","args":[{"element-6066-11e4-a52e-4f735466cecf":"f.B7EBD3B9E1BF342B1CF0F76B0C9C80BF.d.D91FFD053D960FCF158B44282462A8BA.e.25422","ELEMENT":"f.B7EBD3B9E1BF342B1CF0F76B0C9C80BF.d.D91FFD053D960FCF158B44282462A8BA.e.25422"},{"block":"start","inline":"nearest"}]}
RESULT: {"script":"<script> [79 bytes]","args":[{"element-6066-11e4-a52e-4f735466cecf":"f.B7EBD3B9E1BF342B1CF0F76B0C9C80BF.d.D91FFD053D960FCF158B44282462A8BA.e.25422","ELEMENT":"f.B7EBD3B9E1BF342B1CF0F76B0C9C80BF.d.D91FFD053D960FCF158B44282462A8BA.e.25422"},{"block":"start","inline":"nearest"}]}
RESULT: undefined
COMMAND: POST /session/47a0cfcb1b688bc57e33978b59aaa3c6/element - {"using":"xpath","value":"//*[@id=\"application-manageresources-display-component---newResourceUnit--btnAddTimeSegment\"]"}
COMMAND: GET /session/47a0cfcb1b688bc57e33978b59aaa3c6/screenshot - {}
RESULT: {"using":"xpath","value":"//*[@id=\"application-manageresources-display-component---newResourceUnit--btnAddTimeSegment\"]"}
COMMAND: POST /session/47a0cfcb1b688bc57e33978b59aaa3c6/element/f.B7EBD3B9E1BF342B1CF0F76B0C9C80BF.d.D91FFD053D960FCF158B44282462A8BA.e.25422/click - {}
RESULT: {}
RESULT: {}
COMMAND: GET /session/47a0cfcb1b688bc57e33978b59aaa3c6/screenshot - {}
RESULT: {}
COMMAND: POST /session/47a0cfcb1b688bc57e33978b59aaa3c6/element - {"using":"xpath","value":"//input[@id=\"application-manageresources-display-component---newResourceUnit--idRuTSAdmin-application-manageresources-display-component---newResourceUnit--RUTimeSegment-0-inner\"]"}
RESULT: {"using":"xpath","value":"//input[@id=\"application-manageresources-display-component---newResourceUnit--idRuTSAdmin-application-manageresources-display-component---newResourceUnit--RUTimeSegment-0-inner\"]"}
COMMAND: POST /session/47a0cfcb1b688bc57e33978b59aaa3c6/element/f.B7EBD3B9E1BF342B1CF0F76B0C9C80BF.d.D91FFD053D960FCF158B44282462A8BA.e.25427/clear - {}
RESULT: {}
COMMAND: POST /session/47a0cfcb1b688bc57e33978b59aaa3c6/element/f.B7EBD3B9E1BF342B1CF0F76B0C9C80BF.d.D91FFD053D960FCF158B44282462A8BA.e.25427/value - {"text":"595"}
COMMAND: GET /session/47a0cfcb1b688bc57e33978b59aaa3c6/screenshot - {}
RESULT: {"text":"595"}
COMMAND: GET /session/47a0cfcb1b688bc57e33978b59aaa3c6/screenshot - {}
RESULT: {}
RESULT: {}
COMMAND: POST /session/47a0cfcb1b688bc57e33978b59aaa3c6/element - {"using":"xpath","value":"//li[.//span[text()='595']]"}
RESULT: {"using":"xpath","value":"//li[.//span[text()='595']]"}
COMMAND: POST /session/47a0cfcb1b688bc57e33978b59aaa3c6/element/f.B7EBD3B9E1BF342B1CF0F76B0C9C80BF.d.D91FFD053D960FCF158B44282462A8BA.e.25440/click - {}
RESULT: {}
COMMAND: GET /session/47a0cfcb1b688bc57e33978b59aaa3c6/screenshot - {}
RESULT: {}
COMMAND: POST /session/47a0cfcb1b688bc57e33978b59aaa3c6/element - {"using":"xpath","value":"(//span[contains(@id, \"-application-manageresources-display-component---newResourceUnit--RUTimeSegment-0-arrow\")])[5]"}
RESULT: {"using":"xpath","value":"(//span[contains(@id, \"-application-manageresources-display-component---newResourceUnit--RUTimeSegment-0-arrow\")])[5]"}
COMMAND: POST /session/47a0cfcb1b688bc57e33978b59aaa3c6/element/f.B7EBD3B9E1BF342B1CF0F76B0C9C80BF.d.D91FFD053D960FCF158B44282462A8BA.e.25441/click - {}
RESULT: {}
COMMAND: GET /session/47a0cfcb1b688bc57e33978b59aaa3c6/screenshot - {}
RESULT: {}
COMMAND: POST /session/47a0cfcb1b688bc57e33978b59aaa3c6/element - {"using":"xpath","value":"//span[contains(text(), \"PM Order\")]"}
RESULT: {"using":"xpath","value":"//span[contains(text(), \"PM Order\")]"}
COMMAND: POST /session/47a0cfcb1b688bc57e33978b59aaa3c6/element/f.B7EBD3B9E1BF342B1CF0F76B0C9C80BF.d.D91FFD053D960FCF158B44282462A8BA.e.25442/click - {}
RESULT: {}
COMMAND: GET /session/47a0cfcb1b688bc57e33978b59aaa3c6/screenshot - {}
RESULT: {}
COMMAND: POST /session/47a0cfcb1b688bc57e33978b59aaa3c6/element - {"using":"xpath","value":"(//span[contains(@id ,\"manageresources-display-component---newResourceUnit--RUTimeSegment-0-vhi\")])[1]"}
RESULT: {"using":"xpath","value":"(//span[contains(@id ,\"manageresources-display-component---newResourceUnit--RUTimeSegment-0-vhi\")])[1]"}
COMMAND: GET /session/47a0cfcb1b688bc57e33978b59aaa3c6/element/f.B7EBD3B9E1BF342B1CF0F76B0C9C80BF.d.D91FFD053D960FCF158B44282462A8BA.e.25446/rect - {}
RESULT: {}
COMMAND: GET /session/47a0cfcb1b688bc57e33978b59aaa3c6/window/rect - {}
RESULT: {}
COMMAND: POST /session/47a0cfcb1b688bc57e33978b59aaa3c6/execute/sync - {"script":"<script> [92 bytes]","args":[]}
RESULT: {"script":"<script> [92 bytes]","args":[]}
COMMAND: POST /session/47a0cfcb1b688bc57e33978b59aaa3c6/actions - {"actions":[{"id":"action82","type":"wheel","parameters":{},"actions":[{"type":"scroll","x":-1888,"y":-24,"deltaX":0,"deltaY":0,"duration":0,"origin":{"element-6066-11e4-a52e-4f735466cecf":"f.B7EBD3B9E1BF342B1CF0F76B0C9C80BF.d.D91FFD053D960FCF158B44282462A8BA.e.25446"}}]}]}
COMMAND: GET /session/47a0cfcb1b688bc57e33978b59aaa3c6/screenshot - {}
RESULT: {}
COMMAND: POST /session/47a0cfcb1b688bc57e33978b59aaa3c6/execute/sync - {"script":"<script> [79 bytes]","args":[{"element-6066-11e4-a52e-4f735466cecf":"f.B7EBD3B9E1BF342B1CF0F76B0C9C80BF.d.D91FFD053D960FCF158B44282462A8BA.e.25446","ELEMENT":"f.B7EBD3B9E1BF342B1CF0F76B0C9C80BF.d.D91FFD053D960FCF158B44282462A8BA.e.25446"},{"block":"start","inline":"nearest"}]}
RESULT: {"script":"<script> [79 bytes]","args":[{"element-6066-11e4-a52e-4f735466cecf":"f.B7EBD3B9E1BF342B1CF0F76B0C9C80BF.d.D91FFD053D960FCF158B44282462A8BA.e.25446","ELEMENT":"f.B7EBD3B9E1BF342B1CF0F76B0C9C80BF.d.D91FFD053D960FCF158B44282462A8BA.e.25446"},{"block":"start","inline":"nearest"}]}
COMMAND: GET /session/47a0cfcb1b688bc57e33978b59aaa3c6/screenshot - {}
RESULT: {}
COMMAND: POST /session/47a0cfcb1b688bc57e33978b59aaa3c6/element/f.B7EBD3B9E1BF342B1CF0F76B0C9C80BF.d.D91FFD053D960FCF158B44282462A8BA.e.25446/click - {}
RESULT: {}
COMMAND: GET /session/47a0cfcb1b688bc57e33978b59aaa3c6/screenshot - {}
RESULT: {}
RESULT: undefined
COMMAND: POST /session/47a0cfcb1b688bc57e33978b59aaa3c6/execute/async - {"script":"<script> [776 bytes]","args":[{"enterText":"4000360","selector":{"controlType":"sap.m.SearchField","properties":{"placeholder":"Search"},"searchOpenDialogs":true,"interaction":{"idSuffix":"I"}},"clearTextFirst":true,"interactionType":"ENTER_TEXT"}]}
RESULT: {"script":"<script> [776 bytes]","args":[{"enterText":"4000360","selector":{"controlType":"sap.m.SearchField","properties":{"placeholder":"Search"},"searchOpenDialogs":true,"interaction":{"idSuffix":"I"}},"clearTextFirst":true,"interactionType":"ENTER_TEXT"}]}
COMMAND: POST /session/47a0cfcb1b688bc57e33978b59aaa3c6/actions - {"actions":[{"id":"action83","type":"key","parameters":{},"actions":[{"type":"keyDown","value":"î€‡"},{"type":"pause","duration":10},{"type":"keyUp","value":"î€‡"}]}]}
RESULT: {"actions":[{"id":"action83","type":"key","parameters":{},"actions":[{"type":"keyDown","value":"î€‡"},{"type":"pause","duration":10},{"type":"keyUp","value":"î€‡"}]}]}
COMMAND: GET /session/47a0cfcb1b688bc57e33978b59aaa3c6/screenshot - {}
RESULT: {}
COMMAND: POST /session/47a0cfcb1b688bc57e33978b59aaa3c6/element - {"using":"xpath","value":"//td/div/span[contains(text(), \"BGL Vehicles\")]"}
RESULT: {"using":"xpath","value":"//td/div/span[contains(text(), \"BGL Vehicles\")]"}
COMMAND: POST /session/47a0cfcb1b688bc57e33978b59aaa3c6/element/f.B7EBD3B9E1BF342B1CF0F76B0C9C80BF.d.D91FFD053D960FCF158B44282462A8BA.e.25466/click - {}
RESULT: {}
COMMAND: GET /session/47a0cfcb1b688bc57e33978b59aaa3c6/screenshot - {}
RESULT: {}
COMMAND: POST /session/47a0cfcb1b688bc57e33978b59aaa3c6/element - {"using":"xpath","value":"//bdi[contains(text(), \"OK\")]"}
RESULT: {"using":"xpath","value":"//bdi[contains(text(), \"OK\")]"}
COMMAND: POST /session/47a0cfcb1b688bc57e33978b59aaa3c6/element/f.B7EBD3B9E1BF342B1CF0F76B0C9C80BF.d.D91FFD053D960FCF158B44282462A8BA.e.25467/click - {}
RESULT: {}
COMMAND: GET /session/47a0cfcb1b688bc57e33978b59aaa3c6/screenshot - {}
RESULT: {}
COMMAND: POST /session/47a0cfcb1b688bc57e33978b59aaa3c6/element - {"using":"xpath","value":"//label[contains(@class, 'sapMLabelRequired') and .//bdi[contains(text(), 'Planned Retirement')]]"}
RESULT: {"using":"xpath","value":"//label[contains(@class, 'sapMLabelRequired') and .//bdi[contains(text(), 'Planned Retirement')]]"}
COMMAND: POST /session/47a0cfcb1b688bc57e33978b59aaa3c6/elements - {"using":"xpath","value":"//label[contains(@class, 'sapMLabelRequired') and .//bdi[contains(text(), 'Planned Retirement')]]"}
RESULT: {"using":"xpath","value":"//label[contains(@class, 'sapMLabelRequired') and .//bdi[contains(text(), 'Planned Retirement')]]"}
COMMAND: POST /session/47a0cfcb1b688bc57e33978b59aaa3c6/element - {"using":"xpath","value":"//button[@data-kt=\"resourceUnitSaveButton\"]"}
RESULT: {"using":"xpath","value":"//button[@data-kt=\"resourceUnitSaveButton\"]"}
COMMAND: POST /session/47a0cfcb1b688bc57e33978b59aaa3c6/element/f.B7EBD3B9E1BF342B1CF0F76B0C9C80BF.d.D91FFD053D960FCF158B44282462A8BA.e.25366/click - {}
RESULT: {}
COMMAND: GET /session/47a0cfcb1b688bc57e33978b59aaa3c6/screenshot - {}
RESULT: {}
COMMAND: POST /session/47a0cfcb1b688bc57e33978b59aaa3c6/element - {"using":"xpath","value":"//bdi[contains(text(), \"Close\")]"}
RESULT: {"using":"xpath","value":"//bdi[contains(text(), \"Close\")]"}
COMMAND: POST /session/47a0cfcb1b688bc57e33978b59aaa3c6/element/f.B7EBD3B9E1BF342B1CF0F76B0C9C80BF.d.D91FFD053D960FCF158B44282462A8BA.e.25474/click - {}
RESULT: {}
COMMAND: GET /session/47a0cfcb1b688bc57e33978b59aaa3c6/screenshot - {}
RESULT: {}
COMMAND: POST /session/47a0cfcb1b688bc57e33978b59aaa3c6/element - {"using":"xpath","value":"//header[contains(@id, 'detailRruPage-headerTitle')]/div[1]/div[2]/div[2]/span[1]"}
RESULT: {"using":"xpath","value":"//header[contains(@id, 'detailRruPage-headerTitle')]/div[1]/div[2]/div[2]/span[1]"}
COMMAND: POST /session/47a0cfcb1b688bc57e33978b59aaa3c6/elements - {"using":"xpath","value":"//header[contains(@id, 'detailRruPage-headerTitle')]/div[1]/div[2]/div[2]/span[1]"}
RESULT: {"using":"xpath","value":"//header[contains(@id, 'detailRruPage-headerTitle')]/div[1]/div[2]/div[2]/span[1]"}
COMMAND: POST /session/47a0cfcb1b688bc57e33978b59aaa3c6/execute/sync - {"script":"<script> [56 bytes]","args":[{"element-6066-11e4-a52e-4f735466cecf":"f.B7EBD3B9E1BF342B1CF0F76B0C9C80BF.d.D91FFD053D960FCF158B44282462A8BA.e.25508","ELEMENT":"f.B7EBD3B9E1BF342B1CF0F76B0C9C80BF.d.D91FFD053D960FCF158B44282462A8BA.e.25508"}]}
RESULT: {"script":"<script> [56 bytes]","args":[{"element-6066-11e4-a52e-4f735466cecf":"f.B7EBD3B9E1BF342B1CF0F76B0C9C80BF.d.D91FFD053D960FCF158B44282462A8BA.e.25508","ELEMENT":"f.B7EBD3B9E1BF342B1CF0F76B0C9C80BF.d.D91FFD053D960FCF158B44282462A8BA.e.25508"}]}
COMMAND: POST /session/47a0cfcb1b688bc57e33978b59aaa3c6/element - {"using":"css selector","value":"#shell-header-logo"}
COMMAND: GET /session/47a0cfcb1b688bc57e33978b59aaa3c6/screenshot - {}
RESULT: {"using":"css selector","value":"#shell-header-logo"}
COMMAND: POST /session/47a0cfcb1b688bc57e33978b59aaa3c6/element/f.B7EBD3B9E1BF342B1CF0F76B0C9C80BF.d.D91FFD053D960FCF158B44282462A8BA.e.24958/click - {}
RESULT: {}
RESULT: {}
COMMAND: GET /session/47a0cfcb1b688bc57e33978b59aaa3c6/screenshot - {}
RESULT: {}
]]></system-out>
    </testcase>
    <testcase classname="chrome.136_0_7103_93.windows.Transfer_Yard_to_Yard_US131076" name="Should do a stock increase handover for equipment" time="86.932">
      <system-out><![CDATA[
COMMAND: POST /session/47a0cfcb1b688bc57e33978b59aaa3c6/execute/async - {"script":"<script> [1562 bytes]","args":[{"selector":{"controlType":"sap.m.GenericTile","properties":{"header":"Manage Handovers"}},"wdio_ui5_key":"sapm.GenericTile{\"header\":\"Manage Handovers\"}"}]}
RESULT: {"script":"<script> [1562 bytes]","args":[{"selector":{"controlType":"sap.m.GenericTile","properties":{"header":"Manage Handovers"}},"wdio_ui5_key":"sapm.GenericTile{\"header\":\"Manage Handovers\"}"}]}
RESULT: undefined
COMMAND: POST /session/47a0cfcb1b688bc57e33978b59aaa3c6/element - {"using":"xpath","value":"//*[@id=\"__tile130\"]"}
RESULT: {"using":"xpath","value":"//*[@id=\"__tile130\"]"}
COMMAND: POST /session/47a0cfcb1b688bc57e33978b59aaa3c6/element/f.B7EBD3B9E1BF342B1CF0F76B0C9C80BF.d.D91FFD053D960FCF158B44282462A8BA.e.23488/click - {}
RESULT: {}
COMMAND: GET /session/47a0cfcb1b688bc57e33978b59aaa3c6/screenshot - {}
RESULT: {}
COMMAND: POST /session/47a0cfcb1b688bc57e33978b59aaa3c6/elements - {"using":"xpath","value":"//span[text()='Error']"}
RESULT: {"using":"xpath","value":"//span[text()='Error']"}
COMMAND: POST /session/47a0cfcb1b688bc57e33978b59aaa3c6/element - {"using":"xpath","value":"//button[@data-kt=\"masterHOAddButton\"]"}
RESULT: {"using":"xpath","value":"//button[@data-kt=\"masterHOAddButton\"]"}
COMMAND: POST /session/47a0cfcb1b688bc57e33978b59aaa3c6/elements - {"using":"xpath","value":"//button[@data-kt=\"masterHOAddButton\"]"}
RESULT: {"using":"xpath","value":"//button[@data-kt=\"masterHOAddButton\"]"}
COMMAND: POST /session/47a0cfcb1b688bc57e33978b59aaa3c6/execute/sync - {"script":"<script> [8489 bytes]","args":[{"element-6066-11e4-a52e-4f735466cecf":"f.B7EBD3B9E1BF342B1CF0F76B0C9C80BF.d.D91FFD053D960FCF158B44282462A8BA.e.25548","ELEMENT":"f.B7EBD3B9E1BF342B1CF0F76B0C9C80BF.d.D91FFD053D960FCF158B44282462A8BA.e.25548"}]}
RESULT: {"script":"<script> [8489 bytes]","args":[{"element-6066-11e4-a52e-4f735466cecf":"f.B7EBD3B9E1BF342B1CF0F76B0C9C80BF.d.D91FFD053D960FCF158B44282462A8BA.e.25548","ELEMENT":"f.B7EBD3B9E1BF342B1CF0F76B0C9C80BF.d.D91FFD053D960FCF158B44282462A8BA.e.25548"}]}
COMMAND: GET /session/47a0cfcb1b688bc57e33978b59aaa3c6/element/f.B7EBD3B9E1BF342B1CF0F76B0C9C80BF.d.D91FFD053D960FCF158B44282462A8BA.e.25548/enabled - {}
COMMAND: GET /session/47a0cfcb1b688bc57e33978b59aaa3c6/screenshot - {}
RESULT: {}
COMMAND: POST /session/47a0cfcb1b688bc57e33978b59aaa3c6/execute/sync - {"script":"<script> [8489 bytes]","args":[{"element-6066-11e4-a52e-4f735466cecf":"f.B7EBD3B9E1BF342B1CF0F76B0C9C80BF.d.D91FFD053D960FCF158B44282462A8BA.e.25548","ELEMENT":"f.B7EBD3B9E1BF342B1CF0F76B0C9C80BF.d.D91FFD053D960FCF158B44282462A8BA.e.25548"}]}
COMMAND: GET /session/47a0cfcb1b688bc57e33978b59aaa3c6/screenshot - {}
RESULT: {}
RESULT: {"script":"<script> [8489 bytes]","args":[{"element-6066-11e4-a52e-4f735466cecf":"f.B7EBD3B9E1BF342B1CF0F76B0C9C80BF.d.D91FFD053D960FCF158B44282462A8BA.e.25548","ELEMENT":"f.B7EBD3B9E1BF342B1CF0F76B0C9C80BF.d.D91FFD053D960FCF158B44282462A8BA.e.25548"}]}
COMMAND: POST /session/47a0cfcb1b688bc57e33978b59aaa3c6/execute/sync - {"script":"<script> [5351 bytes]","args":[{"element-6066-11e4-a52e-4f735466cecf":"f.B7EBD3B9E1BF342B1CF0F76B0C9C80BF.d.D91FFD053D960FCF158B44282462A8BA.e.25548","ELEMENT":"f.B7EBD3B9E1BF342B1CF0F76B0C9C80BF.d.D91FFD053D960FCF158B44282462A8BA.e.25548"}]}
COMMAND: GET /session/47a0cfcb1b688bc57e33978b59aaa3c6/screenshot - {}
RESULT: {}
RESULT: {"script":"<script> [5351 bytes]","args":[{"element-6066-11e4-a52e-4f735466cecf":"f.B7EBD3B9E1BF342B1CF0F76B0C9C80BF.d.D91FFD053D960FCF158B44282462A8BA.e.25548","ELEMENT":"f.B7EBD3B9E1BF342B1CF0F76B0C9C80BF.d.D91FFD053D960FCF158B44282462A8BA.e.25548"}]}
COMMAND: POST /session/47a0cfcb1b688bc57e33978b59aaa3c6/element/f.B7EBD3B9E1BF342B1CF0F76B0C9C80BF.d.D91FFD053D960FCF158B44282462A8BA.e.25548/click - {}
COMMAND: GET /session/47a0cfcb1b688bc57e33978b59aaa3c6/screenshot - {}
RESULT: {}
RESULT: {}
COMMAND: GET /session/47a0cfcb1b688bc57e33978b59aaa3c6/screenshot - {}
RESULT: {}
RESULT: {}
COMMAND: POST /session/47a0cfcb1b688bc57e33978b59aaa3c6/element - {"using":"xpath","value":"//span[contains(@id ,\"AddNewHO--typeSelect-arrow\")]"}
RESULT: {"using":"xpath","value":"//span[contains(@id ,\"AddNewHO--typeSelect-arrow\")]"}
COMMAND: POST /session/47a0cfcb1b688bc57e33978b59aaa3c6/element/f.B7EBD3B9E1BF342B1CF0F76B0C9C80BF.d.D91FFD053D960FCF158B44282462A8BA.e.25902/click - {}
RESULT: {}
COMMAND: GET /session/47a0cfcb1b688bc57e33978b59aaa3c6/screenshot - {}
RESULT: {}
COMMAND: POST /session/47a0cfcb1b688bc57e33978b59aaa3c6/element - {"using":"xpath","value":"(//li[contains(text(), \"stock increase yard\")])[1]"}
RESULT: {"using":"xpath","value":"(//li[contains(text(), \"stock increase yard\")])[1]"}
COMMAND: POST /session/47a0cfcb1b688bc57e33978b59aaa3c6/element/f.B7EBD3B9E1BF342B1CF0F76B0C9C80BF.d.D91FFD053D960FCF158B44282462A8BA.e.25903/click - {}
RESULT: {}
COMMAND: GET /session/47a0cfcb1b688bc57e33978b59aaa3c6/screenshot - {}
RESULT: {}
COMMAND: POST /session/47a0cfcb1b688bc57e33978b59aaa3c6/execute/async - {"script":"<script> [1562 bytes]","args":[{"selector":{"id":"application-managehandovers-display-component---AddNewHO--dueDate","interaction":{"idSuffix":"inner"}},"wdio_ui5_key":"applicationmanagehandovers-display-component---AddNewHO--dueDate"}]}
RESULT: {"script":"<script> [1562 bytes]","args":[{"selector":{"id":"application-managehandovers-display-component---AddNewHO--dueDate","interaction":{"idSuffix":"inner"}},"wdio_ui5_key":"applicationmanagehandovers-display-component---AddNewHO--dueDate"}]}
RESULT: undefined
COMMAND: POST /session/47a0cfcb1b688bc57e33978b59aaa3c6/execute/async - {"script":"<script> [6424 bytes]","args":[{"element-6066-11e4-a52e-4f735466cecf":"f.B7EBD3B9E1BF342B1CF0F76B0C9C80BF.d.D91FFD053D960FCF158B44282462A8BA.e.25905"},"setValue",["5/20/25"]]}
RESULT: {"script":"<script> [6424 bytes]","args":[{"element-6066-11e4-a52e-4f735466cecf":"f.B7EBD3B9E1BF342B1CF0F76B0C9C80BF.d.D91FFD053D960FCF158B44282462A8BA.e.25905"},"setValue",["5/20/25"]]}
COMMAND: POST /session/47a0cfcb1b688bc57e33978b59aaa3c6/element - {"using":"xpath","value":"//input[@id=\"generalSectionFrg--receiveYard-inner\"]"}
RESULT: {"using":"xpath","value":"//input[@id=\"generalSectionFrg--receiveYard-inner\"]"}
COMMAND: POST /session/47a0cfcb1b688bc57e33978b59aaa3c6/element/f.B7EBD3B9E1BF342B1CF0F76B0C9C80BF.d.D91FFD053D960FCF158B44282462A8BA.e.25909/clear - {}
RESULT: {}
COMMAND: POST /session/47a0cfcb1b688bc57e33978b59aaa3c6/element/f.B7EBD3B9E1BF342B1CF0F76B0C9C80BF.d.D91FFD053D960FCF158B44282462A8BA.e.25909/value - {"text":"595"}
COMMAND: GET /session/47a0cfcb1b688bc57e33978b59aaa3c6/screenshot - {}
RESULT: {"text":"595"}
COMMAND: GET /session/47a0cfcb1b688bc57e33978b59aaa3c6/screenshot - {}
RESULT: {}
RESULT: {}
COMMAND: POST /session/47a0cfcb1b688bc57e33978b59aaa3c6/element - {"using":"xpath","value":"//li[.//span[text()='595']]"}
RESULT: {"using":"xpath","value":"//li[.//span[text()='595']]"}
COMMAND: POST /session/47a0cfcb1b688bc57e33978b59aaa3c6/element/f.B7EBD3B9E1BF342B1CF0F76B0C9C80BF.d.D91FFD053D960FCF158B44282462A8BA.e.25925/click - {}
RESULT: {}
COMMAND: GET /session/47a0cfcb1b688bc57e33978b59aaa3c6/screenshot - {}
RESULT: {}
COMMAND: POST /session/47a0cfcb1b688bc57e33978b59aaa3c6/execute/async - {"script":"<script> [1562 bytes]","args":[{"selector":{"id":"application-managehandovers-display-component---AddNewHO--ObjectPageLayout-anchBar-application-managehandovers-display-component---AddNewHO--section4-anchor","interaction":{"idSuffix":"BDI-content"}},"wdio_ui5_key":"applicationmanagehandovers-display-component---AddNewHO--ObjectPageLayout-anchBar-application-managehandovers-display-component---AddNewHO--section4-anchor"}]}
RESULT: {"script":"<script> [1562 bytes]","args":[{"selector":{"id":"application-managehandovers-display-component---AddNewHO--ObjectPageLayout-anchBar-application-managehandovers-display-component---AddNewHO--section4-anchor","interaction":{"idSuffix":"BDI-content"}},"wdio_ui5_key":"applicationmanagehandovers-display-component---AddNewHO--ObjectPageLayout-anchBar-application-managehandovers-display-component---AddNewHO--section4-anchor"}]}
RESULT: undefined
COMMAND: POST /session/47a0cfcb1b688bc57e33978b59aaa3c6/element - {"using":"xpath","value":"//*[@id=\"application-managehandovers-display-component---AddNewHO--ObjectPageLayout-anchBar-application-managehandovers-display-component---AddNewHO--section4-anchor\"]"}
RESULT: {"using":"xpath","value":"//*[@id=\"application-managehandovers-display-component---AddNewHO--ObjectPageLayout-anchBar-application-managehandovers-display-component---AddNewHO--section4-anchor\"]"}
COMMAND: POST /session/47a0cfcb1b688bc57e33978b59aaa3c6/element/f.B7EBD3B9E1BF342B1CF0F76B0C9C80BF.d.D91FFD053D960FCF158B44282462A8BA.e.25927/click - {}
RESULT: {}
COMMAND: POST /session/47a0cfcb1b688bc57e33978b59aaa3c6/element - {"using":"xpath","value":"//button[@aria-label=\"Add\"]"}
COMMAND: GET /session/47a0cfcb1b688bc57e33978b59aaa3c6/screenshot - {}
RESULT: {"using":"xpath","value":"//button[@aria-label=\"Add\"]"}
COMMAND: POST /session/47a0cfcb1b688bc57e33978b59aaa3c6/element/f.B7EBD3B9E1BF342B1CF0F76B0C9C80BF.d.D91FFD053D960FCF158B44282462A8BA.e.25929/click - {}
RESULT: {}
RESULT: {}
COMMAND: GET /session/47a0cfcb1b688bc57e33978b59aaa3c6/screenshot - {}
RESULT: {}
COMMAND: POST /session/47a0cfcb1b688bc57e33978b59aaa3c6/execute/async - {"script":"<script> [1562 bytes]","args":[{"selector":{"id":"application-managehandovers-display-component---AddNewHO--smartFilterBar-btnBasicSearch","searchOpenDialogs":true,"interaction":{"idSuffix":"I"}},"wdio_ui5_key":"applicationmanagehandovers-display-component---AddNewHO--smartFilterBar-btnBasicSearch"}]}
RESULT: {"script":"<script> [1562 bytes]","args":[{"selector":{"id":"application-managehandovers-display-component---AddNewHO--smartFilterBar-btnBasicSearch","searchOpenDialogs":true,"interaction":{"idSuffix":"I"}},"wdio_ui5_key":"applicationmanagehandovers-display-component---AddNewHO--smartFilterBar-btnBasicSearch"}]}
RESULT: undefined
COMMAND: POST /session/47a0cfcb1b688bc57e33978b59aaa3c6/execute/async - {"script":"<script> [776 bytes]","args":[{"enterText":"BfaYNxW1Nk","selector":{"id":"application-managehandovers-display-component---AddNewHO--smartFilterBar-btnBasicSearch","searchOpenDialogs":true,"interaction":{"idSuffix":"I"}},"clearTextFirst":true,"interactionType":"ENTER_TEXT"}]}
RESULT: {"script":"<script> [776 bytes]","args":[{"enterText":"BfaYNxW1Nk","selector":{"id":"application-managehandovers-display-component---AddNewHO--smartFilterBar-btnBasicSearch","searchOpenDialogs":true,"interaction":{"idSuffix":"I"}},"clearTextFirst":true,"interactionType":"ENTER_TEXT"}]}
COMMAND: POST /session/47a0cfcb1b688bc57e33978b59aaa3c6/actions - {"actions":[{"id":"action84","type":"key","parameters":{},"actions":[{"type":"keyDown","value":"î€‡"},{"type":"pause","duration":10},{"type":"keyUp","value":"î€‡"}]}]}
RESULT: {"actions":[{"id":"action84","type":"key","parameters":{},"actions":[{"type":"keyDown","value":"î€‡"},{"type":"pause","duration":10},{"type":"keyUp","value":"î€‡"}]}]}
COMMAND: GET /session/47a0cfcb1b688bc57e33978b59aaa3c6/screenshot - {}
RESULT: {}
COMMAND: POST /session/47a0cfcb1b688bc57e33978b59aaa3c6/execute/async - {"script":"<script> [1562 bytes]","args":[{"selector":{"id":"application-managehandovers-display-component---AddNewHO--popup-sa","searchOpenDialogs":true,"interaction":{"idSuffix":"CbBg"}},"wdio_ui5_key":"applicationmanagehandovers-display-component---AddNewHO--popup-sa"}]}
RESULT: {"script":"<script> [1562 bytes]","args":[{"selector":{"id":"application-managehandovers-display-component---AddNewHO--popup-sa","searchOpenDialogs":true,"interaction":{"idSuffix":"CbBg"}},"wdio_ui5_key":"applicationmanagehandovers-display-component---AddNewHO--popup-sa"}]}
RESULT: undefined
COMMAND: POST /session/47a0cfcb1b688bc57e33978b59aaa3c6/element - {"using":"xpath","value":"//*[@id=\"application-managehandovers-display-component---AddNewHO--popup-sa\"]"}
RESULT: {"using":"xpath","value":"//*[@id=\"application-managehandovers-display-component---AddNewHO--popup-sa\"]"}
COMMAND: POST /session/47a0cfcb1b688bc57e33978b59aaa3c6/element/f.B7EBD3B9E1BF342B1CF0F76B0C9C80BF.d.D91FFD053D960FCF158B44282462A8BA.e.26084/click - {}
RESULT: {}
COMMAND: GET /session/47a0cfcb1b688bc57e33978b59aaa3c6/screenshot - {}
RESULT: {}
COMMAND: POST /session/47a0cfcb1b688bc57e33978b59aaa3c6/element - {"using":"xpath","value":"//bdi[contains(text(), \"Select\")]"}
RESULT: {"using":"xpath","value":"//bdi[contains(text(), \"Select\")]"}
COMMAND: POST /session/47a0cfcb1b688bc57e33978b59aaa3c6/element/f.B7EBD3B9E1BF342B1CF0F76B0C9C80BF.d.D91FFD053D960FCF158B44282462A8BA.e.26085/click - {}
RESULT: {}
COMMAND: GET /session/47a0cfcb1b688bc57e33978b59aaa3c6/screenshot - {}
RESULT: {}
COMMAND: POST /session/47a0cfcb1b688bc57e33978b59aaa3c6/element - {"using":"xpath","value":"//button[@data-kt=\"AddNewHOSaveButton\"]"}
RESULT: {"using":"xpath","value":"//button[@data-kt=\"AddNewHOSaveButton\"]"}
COMMAND: POST /session/47a0cfcb1b688bc57e33978b59aaa3c6/element/f.B7EBD3B9E1BF342B1CF0F76B0C9C80BF.d.D91FFD053D960FCF158B44282462A8BA.e.26089/click - {}
RESULT: {}
COMMAND: GET /session/47a0cfcb1b688bc57e33978b59aaa3c6/screenshot - {}
RESULT: {}
COMMAND: POST /session/47a0cfcb1b688bc57e33978b59aaa3c6/execute/async - {"script":"<script> [1562 bytes]","args":[{"selector":{"id":"receiptDatePicker","viewName":"etm.portal.ui.managehandovers.view.DetailExecuteHO","interaction":{"idSuffix":"inner"}},"wdio_ui5_key":"receiptDatePickeretmportal.ui.managehandovers.view.DetailExecuteHO"}]}
RESULT: {"script":"<script> [1562 bytes]","args":[{"selector":{"id":"receiptDatePicker","viewName":"etm.portal.ui.managehandovers.view.DetailExecuteHO","interaction":{"idSuffix":"inner"}},"wdio_ui5_key":"receiptDatePickeretmportal.ui.managehandovers.view.DetailExecuteHO"}]}
RESULT: undefined
COMMAND: POST /session/47a0cfcb1b688bc57e33978b59aaa3c6/execute/async - {"script":"<script> [6424 bytes]","args":[{"element-6066-11e4-a52e-4f735466cecf":"f.B7EBD3B9E1BF342B1CF0F76B0C9C80BF.d.D91FFD053D960FCF158B44282462A8BA.e.26126"},"setValue",["5/20/25"]]}
RESULT: {"script":"<script> [6424 bytes]","args":[{"element-6066-11e4-a52e-4f735466cecf":"f.B7EBD3B9E1BF342B1CF0F76B0C9C80BF.d.D91FFD053D960FCF158B44282462A8BA.e.26126"},"setValue",["5/20/25"]]}
COMMAND: POST /session/47a0cfcb1b688bc57e33978b59aaa3c6/element - {"using":"xpath","value":"//button[@data-kt=\"PickingTableConfirmAllButton\"]"}
RESULT: {"using":"xpath","value":"//button[@data-kt=\"PickingTableConfirmAllButton\"]"}
COMMAND: POST /session/47a0cfcb1b688bc57e33978b59aaa3c6/element/f.B7EBD3B9E1BF342B1CF0F76B0C9C80BF.d.D91FFD053D960FCF158B44282462A8BA.e.26141/click - {}
RESULT: {}
COMMAND: GET /session/47a0cfcb1b688bc57e33978b59aaa3c6/screenshot - {}
RESULT: {}
COMMAND: POST /session/47a0cfcb1b688bc57e33978b59aaa3c6/element - {"using":"xpath","value":"//bdi[contains(text(), \"OK\")]"}
RESULT: {"using":"xpath","value":"//bdi[contains(text(), \"OK\")]"}
COMMAND: POST /session/47a0cfcb1b688bc57e33978b59aaa3c6/element/f.B7EBD3B9E1BF342B1CF0F76B0C9C80BF.d.D91FFD053D960FCF158B44282462A8BA.e.26143/click - {}
RESULT: {}
COMMAND: GET /session/47a0cfcb1b688bc57e33978b59aaa3c6/screenshot - {}
RESULT: {}
COMMAND: POST /session/47a0cfcb1b688bc57e33978b59aaa3c6/element - {"using":"xpath","value":"(//bdi[contains(text(), \"Receive\")])[2]"}
RESULT: {"using":"xpath","value":"(//bdi[contains(text(), \"Receive\")])[2]"}
COMMAND: POST /session/47a0cfcb1b688bc57e33978b59aaa3c6/element/f.B7EBD3B9E1BF342B1CF0F76B0C9C80BF.d.D91FFD053D960FCF158B44282462A8BA.e.26145/click - {}
RESULT: {}
COMMAND: GET /session/47a0cfcb1b688bc57e33978b59aaa3c6/screenshot - {}
RESULT: {}
COMMAND: POST /session/47a0cfcb1b688bc57e33978b59aaa3c6/element - {"using":"css selector","value":"#shell-header-logo"}
RESULT: {"using":"css selector","value":"#shell-header-logo"}
COMMAND: POST /session/47a0cfcb1b688bc57e33978b59aaa3c6/element/f.B7EBD3B9E1BF342B1CF0F76B0C9C80BF.d.D91FFD053D960FCF158B44282462A8BA.e.25511/click - {}
RESULT: {}
COMMAND: GET /session/47a0cfcb1b688bc57e33978b59aaa3c6/screenshot - {}
RESULT: {}
]]></system-out>
    </testcase>
    <testcase classname="chrome.136_0_7103_93.windows.Transfer_Yard_to_Yard_US131076" name="Should do a stock increase handover for equipment multipart" time="96.588">
      <system-out><![CDATA[
RESULT: undefined
COMMAND: POST /session/47a0cfcb1b688bc57e33978b59aaa3c6/element - {"using":"xpath","value":"//*[@id=\"__tile130\"]"}
RESULT: {"using":"xpath","value":"//*[@id=\"__tile130\"]"}
COMMAND: POST /session/47a0cfcb1b688bc57e33978b59aaa3c6/element/f.B7EBD3B9E1BF342B1CF0F76B0C9C80BF.d.D91FFD053D960FCF158B44282462A8BA.e.23488/click - {}
RESULT: {}
COMMAND: GET /session/47a0cfcb1b688bc57e33978b59aaa3c6/screenshot - {}
RESULT: {}
COMMAND: POST /session/47a0cfcb1b688bc57e33978b59aaa3c6/elements - {"using":"xpath","value":"//span[text()='Error']"}
RESULT: {"using":"xpath","value":"//span[text()='Error']"}
COMMAND: POST /session/47a0cfcb1b688bc57e33978b59aaa3c6/element - {"using":"xpath","value":"//button[@data-kt=\"masterHOAddButton\"]"}
RESULT: {"using":"xpath","value":"//button[@data-kt=\"masterHOAddButton\"]"}
COMMAND: POST /session/47a0cfcb1b688bc57e33978b59aaa3c6/elements - {"using":"xpath","value":"//button[@data-kt=\"masterHOAddButton\"]"}
RESULT: {"using":"xpath","value":"//button[@data-kt=\"masterHOAddButton\"]"}
COMMAND: POST /session/47a0cfcb1b688bc57e33978b59aaa3c6/execute/sync - {"script":"<script> [8489 bytes]","args":[{"element-6066-11e4-a52e-4f735466cecf":"f.B7EBD3B9E1BF342B1CF0F76B0C9C80BF.d.D91FFD053D960FCF158B44282462A8BA.e.26526","ELEMENT":"f.B7EBD3B9E1BF342B1CF0F76B0C9C80BF.d.D91FFD053D960FCF158B44282462A8BA.e.26526"}]}
RESULT: {"script":"<script> [8489 bytes]","args":[{"element-6066-11e4-a52e-4f735466cecf":"f.B7EBD3B9E1BF342B1CF0F76B0C9C80BF.d.D91FFD053D960FCF158B44282462A8BA.e.26526","ELEMENT":"f.B7EBD3B9E1BF342B1CF0F76B0C9C80BF.d.D91FFD053D960FCF158B44282462A8BA.e.26526"}]}
COMMAND: GET /session/47a0cfcb1b688bc57e33978b59aaa3c6/element/f.B7EBD3B9E1BF342B1CF0F76B0C9C80BF.d.D91FFD053D960FCF158B44282462A8BA.e.26526/enabled - {}
COMMAND: GET /session/47a0cfcb1b688bc57e33978b59aaa3c6/screenshot - {}
RESULT: {}
COMMAND: POST /session/47a0cfcb1b688bc57e33978b59aaa3c6/execute/sync - {"script":"<script> [8489 bytes]","args":[{"element-6066-11e4-a52e-4f735466cecf":"f.B7EBD3B9E1BF342B1CF0F76B0C9C80BF.d.D91FFD053D960FCF158B44282462A8BA.e.26526","ELEMENT":"f.B7EBD3B9E1BF342B1CF0F76B0C9C80BF.d.D91FFD053D960FCF158B44282462A8BA.e.26526"}]}
COMMAND: GET /session/47a0cfcb1b688bc57e33978b59aaa3c6/screenshot - {}
RESULT: {}
RESULT: {"script":"<script> [8489 bytes]","args":[{"element-6066-11e4-a52e-4f735466cecf":"f.B7EBD3B9E1BF342B1CF0F76B0C9C80BF.d.D91FFD053D960FCF158B44282462A8BA.e.26526","ELEMENT":"f.B7EBD3B9E1BF342B1CF0F76B0C9C80BF.d.D91FFD053D960FCF158B44282462A8BA.e.26526"}]}
COMMAND: POST /session/47a0cfcb1b688bc57e33978b59aaa3c6/execute/sync - {"script":"<script> [5351 bytes]","args":[{"element-6066-11e4-a52e-4f735466cecf":"f.B7EBD3B9E1BF342B1CF0F76B0C9C80BF.d.D91FFD053D960FCF158B44282462A8BA.e.26526","ELEMENT":"f.B7EBD3B9E1BF342B1CF0F76B0C9C80BF.d.D91FFD053D960FCF158B44282462A8BA.e.26526"}]}
COMMAND: GET /session/47a0cfcb1b688bc57e33978b59aaa3c6/screenshot - {}
RESULT: {}
RESULT: {"script":"<script> [5351 bytes]","args":[{"element-6066-11e4-a52e-4f735466cecf":"f.B7EBD3B9E1BF342B1CF0F76B0C9C80BF.d.D91FFD053D960FCF158B44282462A8BA.e.26526","ELEMENT":"f.B7EBD3B9E1BF342B1CF0F76B0C9C80BF.d.D91FFD053D960FCF158B44282462A8BA.e.26526"}]}
COMMAND: POST /session/47a0cfcb1b688bc57e33978b59aaa3c6/element/f.B7EBD3B9E1BF342B1CF0F76B0C9C80BF.d.D91FFD053D960FCF158B44282462A8BA.e.26526/click - {}
COMMAND: GET /session/47a0cfcb1b688bc57e33978b59aaa3c6/screenshot - {}
RESULT: {}
RESULT: {}
COMMAND: GET /session/47a0cfcb1b688bc57e33978b59aaa3c6/screenshot - {}
COMMAND: POST /session/47a0cfcb1b688bc57e33978b59aaa3c6/element - {"using":"xpath","value":"//span[contains(@id ,\"AddNewHO--typeSelect-arrow\")]"}
RESULT: {}
RESULT: {}
RESULT: {"using":"xpath","value":"//span[contains(@id ,\"AddNewHO--typeSelect-arrow\")]"}
COMMAND: POST /session/47a0cfcb1b688bc57e33978b59aaa3c6/element/f.B7EBD3B9E1BF342B1CF0F76B0C9C80BF.d.D91FFD053D960FCF158B44282462A8BA.e.26924/click - {}
RESULT: {}
COMMAND: GET /session/47a0cfcb1b688bc57e33978b59aaa3c6/screenshot - {}
RESULT: {}
COMMAND: POST /session/47a0cfcb1b688bc57e33978b59aaa3c6/element - {"using":"xpath","value":"(//li[contains(text(), \"stock increase yard\")])[1]"}
RESULT: {"using":"xpath","value":"(//li[contains(text(), \"stock increase yard\")])[1]"}
COMMAND: POST /session/47a0cfcb1b688bc57e33978b59aaa3c6/element/f.B7EBD3B9E1BF342B1CF0F76B0C9C80BF.d.D91FFD053D960FCF158B44282462A8BA.e.26925/click - {}
RESULT: {}
COMMAND: GET /session/47a0cfcb1b688bc57e33978b59aaa3c6/screenshot - {}
RESULT: {}
RESULT: undefined
COMMAND: POST /session/47a0cfcb1b688bc57e33978b59aaa3c6/execute/async - {"script":"<script> [6424 bytes]","args":[{"element-6066-11e4-a52e-4f735466cecf":"f.B7EBD3B9E1BF342B1CF0F76B0C9C80BF.d.D91FFD053D960FCF158B44282462A8BA.e.25905"},"setValue",["5/20/25"]]}
COMMAND: POST /session/47a0cfcb1b688bc57e33978b59aaa3c6/execute/async - {"script":"<script> [1562 bytes]","args":[{"selector":{"id":"application-managehandovers-display-component---AddNewHO--dueDate","interaction":{"idSuffix":"inner"}},"wdio_ui5_key":"applicationmanagehandovers-display-component---AddNewHO--dueDate"}]}
RESULT: {"script":"<script> [1562 bytes]","args":[{"selector":{"id":"application-managehandovers-display-component---AddNewHO--dueDate","interaction":{"idSuffix":"inner"}},"wdio_ui5_key":"applicationmanagehandovers-display-component---AddNewHO--dueDate"}]}
COMMAND: POST /session/47a0cfcb1b688bc57e33978b59aaa3c6/execute/async - {"script":"<script> [6424 bytes]","args":[{"element-6066-11e4-a52e-4f735466cecf":"f.B7EBD3B9E1BF342B1CF0F76B0C9C80BF.d.D91FFD053D960FCF158B44282462A8BA.e.26927"},"setValue",["5/20/25"]]}
RESULT: {"script":"<script> [6424 bytes]","args":[{"element-6066-11e4-a52e-4f735466cecf":"f.B7EBD3B9E1BF342B1CF0F76B0C9C80BF.d.D91FFD053D960FCF158B44282462A8BA.e.26927"},"setValue",["5/20/25"]]}
COMMAND: POST /session/47a0cfcb1b688bc57e33978b59aaa3c6/element - {"using":"xpath","value":"//input[@id=\"generalSectionFrg--receiveYard-inner\"]"}
RESULT: {"using":"xpath","value":"//input[@id=\"generalSectionFrg--receiveYard-inner\"]"}
COMMAND: POST /session/47a0cfcb1b688bc57e33978b59aaa3c6/element/f.B7EBD3B9E1BF342B1CF0F76B0C9C80BF.d.D91FFD053D960FCF158B44282462A8BA.e.26931/clear - {}
RESULT: {}
COMMAND: POST /session/47a0cfcb1b688bc57e33978b59aaa3c6/element/f.B7EBD3B9E1BF342B1CF0F76B0C9C80BF.d.D91FFD053D960FCF158B44282462A8BA.e.26931/value - {"text":"595"}
COMMAND: GET /session/47a0cfcb1b688bc57e33978b59aaa3c6/screenshot - {}
RESULT: {"text":"595"}
COMMAND: GET /session/47a0cfcb1b688bc57e33978b59aaa3c6/screenshot - {}
RESULT: {}
RESULT: {}
COMMAND: POST /session/47a0cfcb1b688bc57e33978b59aaa3c6/element - {"using":"xpath","value":"//li[.//span[text()='595']]"}
RESULT: {"using":"xpath","value":"//li[.//span[text()='595']]"}
COMMAND: POST /session/47a0cfcb1b688bc57e33978b59aaa3c6/element/f.B7EBD3B9E1BF342B1CF0F76B0C9C80BF.d.D91FFD053D960FCF158B44282462A8BA.e.26949/click - {}
RESULT: {}
COMMAND: GET /session/47a0cfcb1b688bc57e33978b59aaa3c6/screenshot - {}
RESULT: {}
RESULT: undefined
COMMAND: POST /session/47a0cfcb1b688bc57e33978b59aaa3c6/element - {"using":"xpath","value":"//*[@id=\"application-managehandovers-display-component---AddNewHO--ObjectPageLayout-anchBar-application-managehandovers-display-component---AddNewHO--section4-anchor\"]"}
RESULT: {"using":"xpath","value":"//*[@id=\"application-managehandovers-display-component---AddNewHO--ObjectPageLayout-anchBar-application-managehandovers-display-component---AddNewHO--section4-anchor\"]"}
COMMAND: POST /session/47a0cfcb1b688bc57e33978b59aaa3c6/element/f.B7EBD3B9E1BF342B1CF0F76B0C9C80BF.d.D91FFD053D960FCF158B44282462A8BA.e.26950/click - {}
RESULT: {}
COMMAND: POST /session/47a0cfcb1b688bc57e33978b59aaa3c6/element - {"using":"xpath","value":"//button[@aria-label=\"Add\"]"}
COMMAND: GET /session/47a0cfcb1b688bc57e33978b59aaa3c6/screenshot - {}
RESULT: {"using":"xpath","value":"//button[@aria-label=\"Add\"]"}
COMMAND: POST /session/47a0cfcb1b688bc57e33978b59aaa3c6/element/f.B7EBD3B9E1BF342B1CF0F76B0C9C80BF.d.D91FFD053D960FCF158B44282462A8BA.e.26952/click - {}
RESULT: {}
RESULT: {}
COMMAND: GET /session/47a0cfcb1b688bc57e33978b59aaa3c6/screenshot - {}
RESULT: {}
RESULT: undefined
COMMAND: POST /session/47a0cfcb1b688bc57e33978b59aaa3c6/execute/async - {"script":"<script> [776 bytes]","args":[{"enterText":"400049","selector":{"id":"application-managehandovers-display-component---AddNewHO--smartFilterBar-btnBasicSearch","searchOpenDialogs":true,"interaction":{"idSuffix":"I"}},"clearTextFirst":true,"interactionType":"ENTER_TEXT"}]}
RESULT: {"script":"<script> [776 bytes]","args":[{"enterText":"400049","selector":{"id":"application-managehandovers-display-component---AddNewHO--smartFilterBar-btnBasicSearch","searchOpenDialogs":true,"interaction":{"idSuffix":"I"}},"clearTextFirst":true,"interactionType":"ENTER_TEXT"}]}
COMMAND: POST /session/47a0cfcb1b688bc57e33978b59aaa3c6/actions - {"actions":[{"id":"action85","type":"key","parameters":{},"actions":[{"type":"keyDown","value":"î€‡"},{"type":"pause","duration":10},{"type":"keyUp","value":"î€‡"}]}]}
RESULT: {"actions":[{"id":"action85","type":"key","parameters":{},"actions":[{"type":"keyDown","value":"î€‡"},{"type":"pause","duration":10},{"type":"keyUp","value":"î€‡"}]}]}
COMMAND: GET /session/47a0cfcb1b688bc57e33978b59aaa3c6/screenshot - {}
RESULT: {}
RESULT: undefined
COMMAND: POST /session/47a0cfcb1b688bc57e33978b59aaa3c6/element - {"using":"xpath","value":"//*[@id=\"application-managehandovers-display-component---AddNewHO--popup-sa\"]"}
RESULT: {"using":"xpath","value":"//*[@id=\"application-managehandovers-display-component---AddNewHO--popup-sa\"]"}
COMMAND: POST /session/47a0cfcb1b688bc57e33978b59aaa3c6/element/f.B7EBD3B9E1BF342B1CF0F76B0C9C80BF.d.D91FFD053D960FCF158B44282462A8BA.e.27102/click - {}
RESULT: {}
COMMAND: GET /session/47a0cfcb1b688bc57e33978b59aaa3c6/screenshot - {}
RESULT: {}
COMMAND: POST /session/47a0cfcb1b688bc57e33978b59aaa3c6/element - {"using":"xpath","value":"//bdi[contains(text(), \"Select\")]"}
RESULT: {"using":"xpath","value":"//bdi[contains(text(), \"Select\")]"}
COMMAND: POST /session/47a0cfcb1b688bc57e33978b59aaa3c6/element/f.B7EBD3B9E1BF342B1CF0F76B0C9C80BF.d.D91FFD053D960FCF158B44282462A8BA.e.27103/click - {}
RESULT: {}
COMMAND: GET /session/47a0cfcb1b688bc57e33978b59aaa3c6/screenshot - {}
RESULT: {}
COMMAND: POST /session/47a0cfcb1b688bc57e33978b59aaa3c6/element - {"using":"xpath","value":"//button[@data-kt=\"AddNewHOSaveButton\"]"}
RESULT: {"using":"xpath","value":"//button[@data-kt=\"AddNewHOSaveButton\"]"}
COMMAND: POST /session/47a0cfcb1b688bc57e33978b59aaa3c6/element/f.B7EBD3B9E1BF342B1CF0F76B0C9C80BF.d.D91FFD053D960FCF158B44282462A8BA.e.27107/click - {}
RESULT: {}
COMMAND: GET /session/47a0cfcb1b688bc57e33978b59aaa3c6/screenshot - {}
RESULT: {}
RESULT: undefined
COMMAND: POST /session/47a0cfcb1b688bc57e33978b59aaa3c6/execute/async - {"script":"<script> [6424 bytes]","args":[{"element-6066-11e4-a52e-4f735466cecf":"f.B7EBD3B9E1BF342B1CF0F76B0C9C80BF.d.D91FFD053D960FCF158B44282462A8BA.e.26126"},"setValue",["5/20/25"]]}
COMMAND: POST /session/47a0cfcb1b688bc57e33978b59aaa3c6/execute/async - {"script":"<script> [1562 bytes]","args":[{"selector":{"id":"receiptDatePicker","viewName":"etm.portal.ui.managehandovers.view.DetailExecuteHO","interaction":{"idSuffix":"inner"}},"wdio_ui5_key":"receiptDatePickeretmportal.ui.managehandovers.view.DetailExecuteHO"}]}
RESULT: {"script":"<script> [1562 bytes]","args":[{"selector":{"id":"receiptDatePicker","viewName":"etm.portal.ui.managehandovers.view.DetailExecuteHO","interaction":{"idSuffix":"inner"}},"wdio_ui5_key":"receiptDatePickeretmportal.ui.managehandovers.view.DetailExecuteHO"}]}
COMMAND: POST /session/47a0cfcb1b688bc57e33978b59aaa3c6/execute/async - {"script":"<script> [6424 bytes]","args":[{"element-6066-11e4-a52e-4f735466cecf":"f.B7EBD3B9E1BF342B1CF0F76B0C9C80BF.d.D91FFD053D960FCF158B44282462A8BA.e.27127"},"setValue",["5/20/25"]]}
RESULT: {"script":"<script> [6424 bytes]","args":[{"element-6066-11e4-a52e-4f735466cecf":"f.B7EBD3B9E1BF342B1CF0F76B0C9C80BF.d.D91FFD053D960FCF158B44282462A8BA.e.27127"},"setValue",["5/20/25"]]}
COMMAND: POST /session/47a0cfcb1b688bc57e33978b59aaa3c6/element - {"using":"xpath","value":"//button[@data-kt=\"PickingTableConfirmAllButton\"]"}
RESULT: {"using":"xpath","value":"//button[@data-kt=\"PickingTableConfirmAllButton\"]"}
COMMAND: POST /session/47a0cfcb1b688bc57e33978b59aaa3c6/element/f.B7EBD3B9E1BF342B1CF0F76B0C9C80BF.d.D91FFD053D960FCF158B44282462A8BA.e.27140/click - {}
RESULT: {}
COMMAND: GET /session/47a0cfcb1b688bc57e33978b59aaa3c6/screenshot - {}
RESULT: {}
COMMAND: POST /session/47a0cfcb1b688bc57e33978b59aaa3c6/element - {"using":"xpath","value":"//bdi[contains(text(), \"OK\")]"}
RESULT: {"using":"xpath","value":"//bdi[contains(text(), \"OK\")]"}
COMMAND: POST /session/47a0cfcb1b688bc57e33978b59aaa3c6/element/f.B7EBD3B9E1BF342B1CF0F76B0C9C80BF.d.D91FFD053D960FCF158B44282462A8BA.e.27142/click - {}
RESULT: {}
COMMAND: GET /session/47a0cfcb1b688bc57e33978b59aaa3c6/screenshot - {}
RESULT: {}
COMMAND: POST /session/47a0cfcb1b688bc57e33978b59aaa3c6/element - {"using":"xpath","value":"(//bdi[contains(text(), \"Receive\")])[2]"}
RESULT: {"using":"xpath","value":"(//bdi[contains(text(), \"Receive\")])[2]"}
COMMAND: POST /session/47a0cfcb1b688bc57e33978b59aaa3c6/element/f.B7EBD3B9E1BF342B1CF0F76B0C9C80BF.d.D91FFD053D960FCF158B44282462A8BA.e.27144/click - {}
RESULT: {}
COMMAND: GET /session/47a0cfcb1b688bc57e33978b59aaa3c6/screenshot - {}
RESULT: {}
COMMAND: POST /session/47a0cfcb1b688bc57e33978b59aaa3c6/element - {"using":"css selector","value":"#shell-header-logo"}
RESULT: {"using":"css selector","value":"#shell-header-logo"}
COMMAND: POST /session/47a0cfcb1b688bc57e33978b59aaa3c6/element/f.B7EBD3B9E1BF342B1CF0F76B0C9C80BF.d.D91FFD053D960FCF158B44282462A8BA.e.26476/click - {}
RESULT: {}
COMMAND: GET /session/47a0cfcb1b688bc57e33978b59aaa3c6/screenshot - {}
RESULT: {}
]]></system-out>
    </testcase>
    <testcase classname="chrome.136_0_7103_93.windows.Transfer_Yard_to_Yard_US131076" name="Should create a yard to yard transfer handover" time="129.263">
      <system-out><![CDATA[
RESULT: undefined
COMMAND: POST /session/47a0cfcb1b688bc57e33978b59aaa3c6/element - {"using":"xpath","value":"//*[@id=\"__tile130\"]"}
RESULT: {"using":"xpath","value":"//*[@id=\"__tile130\"]"}
COMMAND: POST /session/47a0cfcb1b688bc57e33978b59aaa3c6/element/f.B7EBD3B9E1BF342B1CF0F76B0C9C80BF.d.D91FFD053D960FCF158B44282462A8BA.e.23488/click - {}
RESULT: {}
COMMAND: GET /session/47a0cfcb1b688bc57e33978b59aaa3c6/screenshot - {}
RESULT: {}
COMMAND: POST /session/47a0cfcb1b688bc57e33978b59aaa3c6/elements - {"using":"xpath","value":"//span[text()='Error']"}
RESULT: {"using":"xpath","value":"//span[text()='Error']"}
COMMAND: POST /session/47a0cfcb1b688bc57e33978b59aaa3c6/element - {"using":"xpath","value":"//button[@data-kt=\"masterHOAddButton\"]"}
RESULT: {"using":"xpath","value":"//button[@data-kt=\"masterHOAddButton\"]"}
COMMAND: POST /session/47a0cfcb1b688bc57e33978b59aaa3c6/elements - {"using":"xpath","value":"//button[@data-kt=\"masterHOAddButton\"]"}
RESULT: {"using":"xpath","value":"//button[@data-kt=\"masterHOAddButton\"]"}
COMMAND: POST /session/47a0cfcb1b688bc57e33978b59aaa3c6/execute/sync - {"script":"<script> [8489 bytes]","args":[{"element-6066-11e4-a52e-4f735466cecf":"f.B7EBD3B9E1BF342B1CF0F76B0C9C80BF.d.D91FFD053D960FCF158B44282462A8BA.e.27465","ELEMENT":"f.B7EBD3B9E1BF342B1CF0F76B0C9C80BF.d.D91FFD053D960FCF158B44282462A8BA.e.27465"}]}
RESULT: {"script":"<script> [8489 bytes]","args":[{"element-6066-11e4-a52e-4f735466cecf":"f.B7EBD3B9E1BF342B1CF0F76B0C9C80BF.d.D91FFD053D960FCF158B44282462A8BA.e.27465","ELEMENT":"f.B7EBD3B9E1BF342B1CF0F76B0C9C80BF.d.D91FFD053D960FCF158B44282462A8BA.e.27465"}]}
COMMAND: GET /session/47a0cfcb1b688bc57e33978b59aaa3c6/element/f.B7EBD3B9E1BF342B1CF0F76B0C9C80BF.d.D91FFD053D960FCF158B44282462A8BA.e.27465/enabled - {}
COMMAND: GET /session/47a0cfcb1b688bc57e33978b59aaa3c6/screenshot - {}
RESULT: {}
COMMAND: POST /session/47a0cfcb1b688bc57e33978b59aaa3c6/execute/sync - {"script":"<script> [8489 bytes]","args":[{"element-6066-11e4-a52e-4f735466cecf":"f.B7EBD3B9E1BF342B1CF0F76B0C9C80BF.d.D91FFD053D960FCF158B44282462A8BA.e.27465","ELEMENT":"f.B7EBD3B9E1BF342B1CF0F76B0C9C80BF.d.D91FFD053D960FCF158B44282462A8BA.e.27465"}]}
COMMAND: GET /session/47a0cfcb1b688bc57e33978b59aaa3c6/screenshot - {}
RESULT: {}
RESULT: {"script":"<script> [8489 bytes]","args":[{"element-6066-11e4-a52e-4f735466cecf":"f.B7EBD3B9E1BF342B1CF0F76B0C9C80BF.d.D91FFD053D960FCF158B44282462A8BA.e.27465","ELEMENT":"f.B7EBD3B9E1BF342B1CF0F76B0C9C80BF.d.D91FFD053D960FCF158B44282462A8BA.e.27465"}]}
COMMAND: POST /session/47a0cfcb1b688bc57e33978b59aaa3c6/execute/sync - {"script":"<script> [5351 bytes]","args":[{"element-6066-11e4-a52e-4f735466cecf":"f.B7EBD3B9E1BF342B1CF0F76B0C9C80BF.d.D91FFD053D960FCF158B44282462A8BA.e.27465","ELEMENT":"f.B7EBD3B9E1BF342B1CF0F76B0C9C80BF.d.D91FFD053D960FCF158B44282462A8BA.e.27465"}]}
COMMAND: GET /session/47a0cfcb1b688bc57e33978b59aaa3c6/screenshot - {}
RESULT: {}
RESULT: {"script":"<script> [5351 bytes]","args":[{"element-6066-11e4-a52e-4f735466cecf":"f.B7EBD3B9E1BF342B1CF0F76B0C9C80BF.d.D91FFD053D960FCF158B44282462A8BA.e.27465","ELEMENT":"f.B7EBD3B9E1BF342B1CF0F76B0C9C80BF.d.D91FFD053D960FCF158B44282462A8BA.e.27465"}]}
COMMAND: POST /session/47a0cfcb1b688bc57e33978b59aaa3c6/element/f.B7EBD3B9E1BF342B1CF0F76B0C9C80BF.d.D91FFD053D960FCF158B44282462A8BA.e.27465/click - {}
COMMAND: GET /session/47a0cfcb1b688bc57e33978b59aaa3c6/screenshot - {}
RESULT: {}
RESULT: {}
COMMAND: GET /session/47a0cfcb1b688bc57e33978b59aaa3c6/screenshot - {}
RESULT: {}
COMMAND: POST /session/47a0cfcb1b688bc57e33978b59aaa3c6/element - {"using":"xpath","value":"//span[contains(@id ,\"AddNewHO--typeSelect-arrow\")]"}
RESULT: {}
RESULT: {"using":"xpath","value":"//span[contains(@id ,\"AddNewHO--typeSelect-arrow\")]"}
COMMAND: POST /session/47a0cfcb1b688bc57e33978b59aaa3c6/element/f.B7EBD3B9E1BF342B1CF0F76B0C9C80BF.d.D91FFD053D960FCF158B44282462A8BA.e.27865/click - {}
RESULT: {}
COMMAND: GET /session/47a0cfcb1b688bc57e33978b59aaa3c6/screenshot - {}
RESULT: {}
COMMAND: POST /session/47a0cfcb1b688bc57e33978b59aaa3c6/element - {"using":"xpath","value":"(//li[contains(text(), \"transfer\")])[1]"}
RESULT: {"using":"xpath","value":"(//li[contains(text(), \"transfer\")])[1]"}
COMMAND: POST /session/47a0cfcb1b688bc57e33978b59aaa3c6/element/f.B7EBD3B9E1BF342B1CF0F76B0C9C80BF.d.D91FFD053D960FCF158B44282462A8BA.e.27866/click - {}
RESULT: {}
COMMAND: GET /session/47a0cfcb1b688bc57e33978b59aaa3c6/screenshot - {}
RESULT: {}
RESULT: undefined
COMMAND: POST /session/47a0cfcb1b688bc57e33978b59aaa3c6/execute/async - {"script":"<script> [6424 bytes]","args":[{"element-6066-11e4-a52e-4f735466cecf":"f.B7EBD3B9E1BF342B1CF0F76B0C9C80BF.d.D91FFD053D960FCF158B44282462A8BA.e.25905"},"setValue",["05/20/25"]]}
COMMAND: POST /session/47a0cfcb1b688bc57e33978b59aaa3c6/execute/async - {"script":"<script> [1562 bytes]","args":[{"selector":{"id":"application-managehandovers-display-component---AddNewHO--dueDate","interaction":{"idSuffix":"inner"}},"wdio_ui5_key":"applicationmanagehandovers-display-component---AddNewHO--dueDate"}]}
RESULT: {"script":"<script> [1562 bytes]","args":[{"selector":{"id":"application-managehandovers-display-component---AddNewHO--dueDate","interaction":{"idSuffix":"inner"}},"wdio_ui5_key":"applicationmanagehandovers-display-component---AddNewHO--dueDate"}]}
COMMAND: POST /session/47a0cfcb1b688bc57e33978b59aaa3c6/execute/async - {"script":"<script> [6424 bytes]","args":[{"element-6066-11e4-a52e-4f735466cecf":"f.B7EBD3B9E1BF342B1CF0F76B0C9C80BF.d.D91FFD053D960FCF158B44282462A8BA.e.27868"},"setValue",["05/20/25"]]}
RESULT: {"script":"<script> [6424 bytes]","args":[{"element-6066-11e4-a52e-4f735466cecf":"f.B7EBD3B9E1BF342B1CF0F76B0C9C80BF.d.D91FFD053D960FCF158B44282462A8BA.e.27868"},"setValue",["05/20/25"]]}
COMMAND: POST /session/47a0cfcb1b688bc57e33978b59aaa3c6/element - {"using":"xpath","value":"//input[@id=\"generalSectionFrg--sendYard-inner\"]"}
RESULT: {"using":"xpath","value":"//input[@id=\"generalSectionFrg--sendYard-inner\"]"}
COMMAND: POST /session/47a0cfcb1b688bc57e33978b59aaa3c6/element/f.B7EBD3B9E1BF342B1CF0F76B0C9C80BF.d.D91FFD053D960FCF158B44282462A8BA.e.27872/clear - {}
RESULT: {}
COMMAND: POST /session/47a0cfcb1b688bc57e33978b59aaa3c6/element/f.B7EBD3B9E1BF342B1CF0F76B0C9C80BF.d.D91FFD053D960FCF158B44282462A8BA.e.27872/value - {"text":"595"}
COMMAND: GET /session/47a0cfcb1b688bc57e33978b59aaa3c6/screenshot - {}
RESULT: {"text":"595"}
COMMAND: GET /session/47a0cfcb1b688bc57e33978b59aaa3c6/screenshot - {}
RESULT: {}
RESULT: {}
COMMAND: POST /session/47a0cfcb1b688bc57e33978b59aaa3c6/element - {"using":"xpath","value":"//li[.//span[text()='595']]"}
RESULT: {"using":"xpath","value":"//li[.//span[text()='595']]"}
COMMAND: POST /session/47a0cfcb1b688bc57e33978b59aaa3c6/element/f.B7EBD3B9E1BF342B1CF0F76B0C9C80BF.d.D91FFD053D960FCF158B44282462A8BA.e.27891/click - {}
RESULT: {}
COMMAND: GET /session/47a0cfcb1b688bc57e33978b59aaa3c6/screenshot - {}
RESULT: {}
COMMAND: POST /session/47a0cfcb1b688bc57e33978b59aaa3c6/element - {"using":"xpath","value":"//input[@id=\"generalSectionFrg--receiveYard-inner\"]"}
RESULT: {"using":"xpath","value":"//input[@id=\"generalSectionFrg--receiveYard-inner\"]"}
COMMAND: POST /session/47a0cfcb1b688bc57e33978b59aaa3c6/element/f.B7EBD3B9E1BF342B1CF0F76B0C9C80BF.d.D91FFD053D960FCF158B44282462A8BA.e.27873/clear - {}
RESULT: {}
COMMAND: POST /session/47a0cfcb1b688bc57e33978b59aaa3c6/element/f.B7EBD3B9E1BF342B1CF0F76B0C9C80BF.d.D91FFD053D960FCF158B44282462A8BA.e.27873/value - {"text":"602"}
COMMAND: GET /session/47a0cfcb1b688bc57e33978b59aaa3c6/screenshot - {}
RESULT: {"text":"602"}
COMMAND: GET /session/47a0cfcb1b688bc57e33978b59aaa3c6/screenshot - {}
RESULT: {}
RESULT: {}
COMMAND: POST /session/47a0cfcb1b688bc57e33978b59aaa3c6/element - {"using":"xpath","value":"//li[.//span[text()='602']]"}
RESULT: {"using":"xpath","value":"//li[.//span[text()='602']]"}
COMMAND: POST /session/47a0cfcb1b688bc57e33978b59aaa3c6/element/f.B7EBD3B9E1BF342B1CF0F76B0C9C80BF.d.D91FFD053D960FCF158B44282462A8BA.e.27893/click - {}
RESULT: {}
COMMAND: GET /session/47a0cfcb1b688bc57e33978b59aaa3c6/screenshot - {}
RESULT: {}
RESULT: undefined
COMMAND: POST /session/47a0cfcb1b688bc57e33978b59aaa3c6/element - {"using":"xpath","value":"//*[@id=\"application-managehandovers-display-component---AddNewHO--ObjectPageLayout-anchBar-application-managehandovers-display-component---AddNewHO--section4-anchor\"]"}
RESULT: {"using":"xpath","value":"//*[@id=\"application-managehandovers-display-component---AddNewHO--ObjectPageLayout-anchBar-application-managehandovers-display-component---AddNewHO--section4-anchor\"]"}
COMMAND: POST /session/47a0cfcb1b688bc57e33978b59aaa3c6/element/f.B7EBD3B9E1BF342B1CF0F76B0C9C80BF.d.D91FFD053D960FCF158B44282462A8BA.e.27894/click - {}
RESULT: {}
COMMAND: GET /session/47a0cfcb1b688bc57e33978b59aaa3c6/screenshot - {}
RESULT: {}
COMMAND: POST /session/47a0cfcb1b688bc57e33978b59aaa3c6/element - {"using":"xpath","value":"//button[@data-kt=\"AddNewHOProvideAddItemsButton\"]"}
RESULT: {"using":"xpath","value":"//button[@data-kt=\"AddNewHOProvideAddItemsButton\"]"}
COMMAND: POST /session/47a0cfcb1b688bc57e33978b59aaa3c6/element/f.B7EBD3B9E1BF342B1CF0F76B0C9C80BF.d.D91FFD053D960FCF158B44282462A8BA.e.27897/click - {}
RESULT: {}
COMMAND: GET /session/47a0cfcb1b688bc57e33978b59aaa3c6/screenshot - {}
RESULT: {}
COMMAND: POST /session/47a0cfcb1b688bc57e33978b59aaa3c6/element - {"using":"xpath","value":"//div[contains(@id,\"AddNewHO--TransferHOTypesRuDialogTable-sa-CbBg\")]"}
RESULT: {"using":"xpath","value":"//div[contains(@id,\"AddNewHO--TransferHOTypesRuDialogTable-sa-CbBg\")]"}
COMMAND: POST /session/47a0cfcb1b688bc57e33978b59aaa3c6/element/f.B7EBD3B9E1BF342B1CF0F76B0C9C80BF.d.D91FFD053D960FCF158B44282462A8BA.e.27913/click - {}
RESULT: {}
COMMAND: GET /session/47a0cfcb1b688bc57e33978b59aaa3c6/screenshot - {}
RESULT: {}
COMMAND: POST /session/47a0cfcb1b688bc57e33978b59aaa3c6/element - {"using":"xpath","value":"//table[contains(@id,\"AddNewHO--TransferHOTypesRuDialogTable-listUl\")]/tbody/tr[1]/td[6]/div/div/input"}
RESULT: {"using":"xpath","value":"//table[contains(@id,\"AddNewHO--TransferHOTypesRuDialogTable-listUl\")]/tbody/tr[1]/td[6]/div/div/input"}
COMMAND: POST /session/47a0cfcb1b688bc57e33978b59aaa3c6/element/f.B7EBD3B9E1BF342B1CF0F76B0C9C80BF.d.D91FFD053D960FCF158B44282462A8BA.e.27904/clear - {}
RESULT: {}
COMMAND: POST /session/47a0cfcb1b688bc57e33978b59aaa3c6/element/f.B7EBD3B9E1BF342B1CF0F76B0C9C80BF.d.D91FFD053D960FCF158B44282462A8BA.e.27904/value - {"text":"1"}
COMMAND: GET /session/47a0cfcb1b688bc57e33978b59aaa3c6/screenshot - {}
RESULT: {"text":"1"}
COMMAND: GET /session/47a0cfcb1b688bc57e33978b59aaa3c6/screenshot - {}
RESULT: {}
RESULT: {}
COMMAND: POST /session/47a0cfcb1b688bc57e33978b59aaa3c6/element - {"using":"xpath","value":"//bdi[contains(text(), \"OK\")]"}
RESULT: {"using":"xpath","value":"//bdi[contains(text(), \"OK\")]"}
COMMAND: POST /session/47a0cfcb1b688bc57e33978b59aaa3c6/element/f.B7EBD3B9E1BF342B1CF0F76B0C9C80BF.d.D91FFD053D960FCF158B44282462A8BA.e.27916/click - {}
RESULT: {}
COMMAND: GET /session/47a0cfcb1b688bc57e33978b59aaa3c6/screenshot - {}
RESULT: {}
COMMAND: POST /session/47a0cfcb1b688bc57e33978b59aaa3c6/execute/async - {"script":"<script> [1562 bytes]","args":[{"selector":{"id":"application-managehandovers-display-component---AddNewHO--confirmCreationButton","interaction":{"idSuffix":"BDI-content"}},"wdio_ui5_key":"applicationmanagehandovers-display-component---AddNewHO--confirmCreationButton"}]}
RESULT: {"script":"<script> [1562 bytes]","args":[{"selector":{"id":"application-managehandovers-display-component---AddNewHO--confirmCreationButton","interaction":{"idSuffix":"BDI-content"}},"wdio_ui5_key":"applicationmanagehandovers-display-component---AddNewHO--confirmCreationButton"}]}
RESULT: undefined
COMMAND: POST /session/47a0cfcb1b688bc57e33978b59aaa3c6/element - {"using":"xpath","value":"//*[@id=\"application-managehandovers-display-component---AddNewHO--confirmCreationButton\"]"}
RESULT: {"using":"xpath","value":"//*[@id=\"application-managehandovers-display-component---AddNewHO--confirmCreationButton\"]"}
COMMAND: POST /session/47a0cfcb1b688bc57e33978b59aaa3c6/element/f.B7EBD3B9E1BF342B1CF0F76B0C9C80BF.d.D91FFD053D960FCF158B44282462A8BA.e.27923/click - {}
RESULT: {}
COMMAND: GET /session/47a0cfcb1b688bc57e33978b59aaa3c6/screenshot - {}
RESULT: {}
COMMAND: POST /session/47a0cfcb1b688bc57e33978b59aaa3c6/element - {"using":"xpath","value":"(//section[contains(@id,\"headerContentForm--FC-NoHead\")])[2]/div[1]/div[5]/div[2]/div/span"}
RESULT: {"using":"xpath","value":"(//section[contains(@id,\"headerContentForm--FC-NoHead\")])[2]/div[1]/div[5]/div[2]/div/span"}
COMMAND: POST /session/47a0cfcb1b688bc57e33978b59aaa3c6/execute/sync - {"script":"<script> [56 bytes]","args":[{"element-6066-11e4-a52e-4f735466cecf":"f.B7EBD3B9E1BF342B1CF0F76B0C9C80BF.d.D91FFD053D960FCF158B44282462A8BA.e.27978","ELEMENT":"f.B7EBD3B9E1BF342B1CF0F76B0C9C80BF.d.D91FFD053D960FCF158B44282462A8BA.e.27978"}]}
RESULT: {"script":"<script> [56 bytes]","args":[{"element-6066-11e4-a52e-4f735466cecf":"f.B7EBD3B9E1BF342B1CF0F76B0C9C80BF.d.D91FFD053D960FCF158B44282462A8BA.e.27978","ELEMENT":"f.B7EBD3B9E1BF342B1CF0F76B0C9C80BF.d.D91FFD053D960FCF158B44282462A8BA.e.27978"}]}
COMMAND: POST /session/47a0cfcb1b688bc57e33978b59aaa3c6/execute/async - {"script":"<script> [1562 bytes]","args":[{"selector":{"id":"issueDatePicker","viewName":"etm.portal.ui.managehandovers.view.DetailExecuteHO","interaction":{"idSuffix":"inner"}},"wdio_ui5_key":"issueDatePickeretmportal.ui.managehandovers.view.DetailExecuteHO"}]}
COMMAND: GET /session/47a0cfcb1b688bc57e33978b59aaa3c6/screenshot - {}
RESULT: {"script":"<script> [1562 bytes]","args":[{"selector":{"id":"issueDatePicker","viewName":"etm.portal.ui.managehandovers.view.DetailExecuteHO","interaction":{"idSuffix":"inner"}},"wdio_ui5_key":"issueDatePickeretmportal.ui.managehandovers.view.DetailExecuteHO"}]}
RESULT: undefined
COMMAND: POST /session/47a0cfcb1b688bc57e33978b59aaa3c6/execute/async - {"script":"<script> [776 bytes]","args":[{"enterText":"05/20/25","selector":{"id":"issueDatePicker","viewName":"etm.portal.ui.managehandovers.view.DetailExecuteHO","interaction":{"idSuffix":"inner"}},"clearTextFirst":true,"interactionType":"ENTER_TEXT"}]}
RESULT: {}
RESULT: {"script":"<script> [776 bytes]","args":[{"enterText":"05/20/25","selector":{"id":"issueDatePicker","viewName":"etm.portal.ui.managehandovers.view.DetailExecuteHO","interaction":{"idSuffix":"inner"}},"clearTextFirst":true,"interactionType":"ENTER_TEXT"}]}
COMMAND: POST /session/47a0cfcb1b688bc57e33978b59aaa3c6/element - {"using":"xpath","value":"//bdi[contains(text(), \"OK\")]"}
RESULT: {"using":"xpath","value":"//bdi[contains(text(), \"OK\")]"}
COMMAND: POST /session/47a0cfcb1b688bc57e33978b59aaa3c6/element/f.B7EBD3B9E1BF342B1CF0F76B0C9C80BF.d.D91FFD053D960FCF158B44282462A8BA.e.27985/click - {}
RESULT: {}
COMMAND: GET /session/47a0cfcb1b688bc57e33978b59aaa3c6/screenshot - {}
RESULT: {}
COMMAND: POST /session/47a0cfcb1b688bc57e33978b59aaa3c6/execute/async - {"script":"<script> [1562 bytes]","args":[{"selector":{"controlType":"sap.m.Button","viewName":"etm.portal.ui.managehandovers.view.DetailExecuteHO","i18NText":{"propertyName":"text","key":"pickQty"},"interaction":{"idSuffix":"content"}},"wdio_ui5_key":"etmportal.ui.managehandovers.view.DetailExecuteHOsap.m.Button{\"propertyName\":\"text\",\"key\":\"pickQty\"}"}]}
RESULT: {"script":"<script> [1562 bytes]","args":[{"selector":{"controlType":"sap.m.Button","viewName":"etm.portal.ui.managehandovers.view.DetailExecuteHO","i18NText":{"propertyName":"text","key":"pickQty"},"interaction":{"idSuffix":"content"}},"wdio_ui5_key":"etmportal.ui.managehandovers.view.DetailExecuteHOsap.m.Button{\"propertyName\":\"text\",\"key\":\"pickQty\"}"}]}
RESULT: undefined
COMMAND: POST /session/47a0cfcb1b688bc57e33978b59aaa3c6/element - {"using":"xpath","value":"//*[@id=\"__button384\"]"}
RESULT: {"using":"xpath","value":"//*[@id=\"__button384\"]"}
COMMAND: POST /session/47a0cfcb1b688bc57e33978b59aaa3c6/element/f.B7EBD3B9E1BF342B1CF0F76B0C9C80BF.d.D91FFD053D960FCF158B44282462A8BA.e.27992/click - {}
RESULT: {}
COMMAND: GET /session/47a0cfcb1b688bc57e33978b59aaa3c6/screenshot - {}
RESULT: {}
COMMAND: POST /session/47a0cfcb1b688bc57e33978b59aaa3c6/execute/async - {"script":"<script> [1562 bytes]","args":[{"selector":{"controlType":"sap.m.NumericInput","viewName":"etm.portal.ui.managehandovers.view.DetailExecuteHO","properties":{"value":"0"},"searchOpenDialogs":true,"interaction":{"idSuffix":"inner"}},"wdio_ui5_key":"etmportal.ui.managehandovers.view.DetailExecuteHOsap.m.NumericInput{\"value\":\"0\"}"}]}
RESULT: {"script":"<script> [1562 bytes]","args":[{"selector":{"controlType":"sap.m.NumericInput","viewName":"etm.portal.ui.managehandovers.view.DetailExecuteHO","properties":{"value":"0"},"searchOpenDialogs":true,"interaction":{"idSuffix":"inner"}},"wdio_ui5_key":"etmportal.ui.managehandovers.view.DetailExecuteHOsap.m.NumericInput{\"value\":\"0\"}"}]}
RESULT: undefined
COMMAND: POST /session/47a0cfcb1b688bc57e33978b59aaa3c6/execute/async - {"script":"<script> [1562 bytes]","args":[{"selector":{"id":"statesDialog--okBttnStatesDialog","searchOpenDialogs":true,"interaction":{"idSuffix":"BDI-content"}},"wdio_ui5_key":"statesDialogokBttnStatesDialog"}]}
RESULT: {"script":"<script> [1562 bytes]","args":[{"selector":{"id":"statesDialog--okBttnStatesDialog","searchOpenDialogs":true,"interaction":{"idSuffix":"BDI-content"}},"wdio_ui5_key":"statesDialogokBttnStatesDialog"}]}
RESULT: undefined
COMMAND: POST /session/47a0cfcb1b688bc57e33978b59aaa3c6/element - {"using":"xpath","value":"//*[@id=\"statesDialog--okBttnStatesDialog\"]"}
RESULT: {"using":"xpath","value":"//*[@id=\"statesDialog--okBttnStatesDialog\"]"}
COMMAND: POST /session/47a0cfcb1b688bc57e33978b59aaa3c6/element/f.B7EBD3B9E1BF342B1CF0F76B0C9C80BF.d.D91FFD053D960FCF158B44282462A8BA.e.27999/click - {}
RESULT: {}
COMMAND: GET /session/47a0cfcb1b688bc57e33978b59aaa3c6/screenshot - {}
RESULT: {}
COMMAND: POST /session/47a0cfcb1b688bc57e33978b59aaa3c6/element - {"using":"xpath","value":"//button[@data-kt=\"PickingTableConfirmAllButton\"]"}
RESULT: {"using":"xpath","value":"//button[@data-kt=\"PickingTableConfirmAllButton\"]"}
COMMAND: POST /session/47a0cfcb1b688bc57e33978b59aaa3c6/element/f.B7EBD3B9E1BF342B1CF0F76B0C9C80BF.d.D91FFD053D960FCF158B44282462A8BA.e.28005/click - {}
RESULT: {}
COMMAND: GET /session/47a0cfcb1b688bc57e33978b59aaa3c6/screenshot - {}
RESULT: {}
COMMAND: POST /session/47a0cfcb1b688bc57e33978b59aaa3c6/element - {"using":"xpath","value":"//bdi[contains(text(), \"OK\")]"}
RESULT: {"using":"xpath","value":"//bdi[contains(text(), \"OK\")]"}
COMMAND: POST /session/47a0cfcb1b688bc57e33978b59aaa3c6/element/f.B7EBD3B9E1BF342B1CF0F76B0C9C80BF.d.D91FFD053D960FCF158B44282462A8BA.e.28008/click - {}
RESULT: {}
COMMAND: GET /session/47a0cfcb1b688bc57e33978b59aaa3c6/screenshot - {}
RESULT: {}
COMMAND: POST /session/47a0cfcb1b688bc57e33978b59aaa3c6/element - {"using":"xpath","value":"//header[contains(@id,\"headerTitle\") and @aria-roledescription=\"Object page header\"]/div[1]/div[2]/div[1]/span"}
RESULT: {"using":"xpath","value":"//header[contains(@id,\"headerTitle\") and @aria-roledescription=\"Object page header\"]/div[1]/div[2]/div[1]/span"}
COMMAND: POST /session/47a0cfcb1b688bc57e33978b59aaa3c6/elements - {"using":"xpath","value":"//header[contains(@id,\"headerTitle\") and @aria-roledescription=\"Object page header\"]/div[1]/div[2]/div[1]/span"}
RESULT: {"using":"xpath","value":"//header[contains(@id,\"headerTitle\") and @aria-roledescription=\"Object page header\"]/div[1]/div[2]/div[1]/span"}
COMMAND: POST /session/47a0cfcb1b688bc57e33978b59aaa3c6/execute/sync - {"script":"<script> [56 bytes]","args":[{"element-6066-11e4-a52e-4f735466cecf":"f.B7EBD3B9E1BF342B1CF0F76B0C9C80BF.d.D91FFD053D960FCF158B44282462A8BA.e.28010","ELEMENT":"f.B7EBD3B9E1BF342B1CF0F76B0C9C80BF.d.D91FFD053D960FCF158B44282462A8BA.e.28010"}]}
RESULT: {"script":"<script> [56 bytes]","args":[{"element-6066-11e4-a52e-4f735466cecf":"f.B7EBD3B9E1BF342B1CF0F76B0C9C80BF.d.D91FFD053D960FCF158B44282462A8BA.e.28010","ELEMENT":"f.B7EBD3B9E1BF342B1CF0F76B0C9C80BF.d.D91FFD053D960FCF158B44282462A8BA.e.28010"}]}
COMMAND: POST /session/47a0cfcb1b688bc57e33978b59aaa3c6/element - {"using":"xpath","value":"//bdi[contains(text(), \"Issue\")]"}
COMMAND: GET /session/47a0cfcb1b688bc57e33978b59aaa3c6/screenshot - {}
RESULT: {"using":"xpath","value":"//bdi[contains(text(), \"Issue\")]"}
COMMAND: POST /session/47a0cfcb1b688bc57e33978b59aaa3c6/element/f.B7EBD3B9E1BF342B1CF0F76B0C9C80BF.d.D91FFD053D960FCF158B44282462A8BA.e.28011/click - {}
RESULT: {}
RESULT: {}
COMMAND: GET /session/47a0cfcb1b688bc57e33978b59aaa3c6/screenshot - {}
RESULT: {}
COMMAND: POST /session/47a0cfcb1b688bc57e33978b59aaa3c6/element - {"using":"xpath","value":"//input[contains(@id ,\"smartFilterBar-btnBasicSearch-I\")]"}
RESULT: {"using":"xpath","value":"//input[contains(@id ,\"smartFilterBar-btnBasicSearch-I\")]"}
COMMAND: POST /session/47a0cfcb1b688bc57e33978b59aaa3c6/elements - {"using":"xpath","value":"//input[contains(@id ,\"smartFilterBar-btnBasicSearch-I\")]"}
RESULT: {"using":"xpath","value":"//input[contains(@id ,\"smartFilterBar-btnBasicSearch-I\")]"}
COMMAND: POST /session/47a0cfcb1b688bc57e33978b59aaa3c6/execute/sync - {"script":"<script> [8489 bytes]","args":[{"element-6066-11e4-a52e-4f735466cecf":"f.B7EBD3B9E1BF342B1CF0F76B0C9C80BF.d.D91FFD053D960FCF158B44282462A8BA.e.27417","ELEMENT":"f.B7EBD3B9E1BF342B1CF0F76B0C9C80BF.d.D91FFD053D960FCF158B44282462A8BA.e.27417"}]}
RESULT: {"script":"<script> [8489 bytes]","args":[{"element-6066-11e4-a52e-4f735466cecf":"f.B7EBD3B9E1BF342B1CF0F76B0C9C80BF.d.D91FFD053D960FCF158B44282462A8BA.e.27417","ELEMENT":"f.B7EBD3B9E1BF342B1CF0F76B0C9C80BF.d.D91FFD053D960FCF158B44282462A8BA.e.27417"}]}
COMMAND: GET /session/47a0cfcb1b688bc57e33978b59aaa3c6/element/f.B7EBD3B9E1BF342B1CF0F76B0C9C80BF.d.D91FFD053D960FCF158B44282462A8BA.e.27417/enabled - {}
COMMAND: GET /session/47a0cfcb1b688bc57e33978b59aaa3c6/screenshot - {}
RESULT: {}
COMMAND: POST /session/47a0cfcb1b688bc57e33978b59aaa3c6/element/f.B7EBD3B9E1BF342B1CF0F76B0C9C80BF.d.D91FFD053D960FCF158B44282462A8BA.e.27417/clear - {}
COMMAND: GET /session/47a0cfcb1b688bc57e33978b59aaa3c6/screenshot - {}
RESULT: {}
RESULT: {}
COMMAND: POST /session/47a0cfcb1b688bc57e33978b59aaa3c6/element/f.B7EBD3B9E1BF342B1CF0F76B0C9C80BF.d.D91FFD053D960FCF158B44282462A8BA.e.27417/value - {"text":"30869"}
COMMAND: GET /session/47a0cfcb1b688bc57e33978b59aaa3c6/screenshot - {}
RESULT: {}
RESULT: {"text":"30869"}
COMMAND: GET /session/47a0cfcb1b688bc57e33978b59aaa3c6/screenshot - {}
RESULT: {}
RESULT: {}
COMMAND: POST /session/47a0cfcb1b688bc57e33978b59aaa3c6/actions - {"actions":[{"id":"action86","type":"key","parameters":{},"actions":[{"type":"keyDown","value":"î€‡"},{"type":"pause","duration":10},{"type":"keyUp","value":"î€‡"}]}]}
RESULT: {"actions":[{"id":"action86","type":"key","parameters":{},"actions":[{"type":"keyDown","value":"î€‡"},{"type":"pause","duration":10},{"type":"keyUp","value":"î€‡"}]}]}
COMMAND: GET /session/47a0cfcb1b688bc57e33978b59aaa3c6/screenshot - {}
RESULT: {}
COMMAND: POST /session/47a0cfcb1b688bc57e33978b59aaa3c6/element - {"using":"xpath","value":"//span[contains(@id, \"smartTable-header-inner\")]"}
RESULT: {"using":"xpath","value":"//span[contains(@id, \"smartTable-header-inner\")]"}
COMMAND: POST /session/47a0cfcb1b688bc57e33978b59aaa3c6/elements - {"using":"xpath","value":"//span[contains(@id, \"smartTable-header-inner\")]"}
RESULT: {"using":"xpath","value":"//span[contains(@id, \"smartTable-header-inner\")]"}
COMMAND: POST /session/47a0cfcb1b688bc57e33978b59aaa3c6/execute/sync - {"script":"<script> [56 bytes]","args":[{"element-6066-11e4-a52e-4f735466cecf":"f.B7EBD3B9E1BF342B1CF0F76B0C9C80BF.d.D91FFD053D960FCF158B44282462A8BA.e.28203","ELEMENT":"f.B7EBD3B9E1BF342B1CF0F76B0C9C80BF.d.D91FFD053D960FCF158B44282462A8BA.e.28203"}]}
RESULT: {"script":"<script> [56 bytes]","args":[{"element-6066-11e4-a52e-4f735466cecf":"f.B7EBD3B9E1BF342B1CF0F76B0C9C80BF.d.D91FFD053D960FCF158B44282462A8BA.e.28203","ELEMENT":"f.B7EBD3B9E1BF342B1CF0F76B0C9C80BF.d.D91FFD053D960FCF158B44282462A8BA.e.28203"}]}
COMMAND: POST /session/47a0cfcb1b688bc57e33978b59aaa3c6/element - {"using":"xpath","value":"(//span[contains(@id, \"imgNav\")])[1]"}
COMMAND: GET /session/47a0cfcb1b688bc57e33978b59aaa3c6/screenshot - {}
RESULT: {"using":"xpath","value":"(//span[contains(@id, \"imgNav\")])[1]"}
COMMAND: POST /session/47a0cfcb1b688bc57e33978b59aaa3c6/element/f.B7EBD3B9E1BF342B1CF0F76B0C9C80BF.d.D91FFD053D960FCF158B44282462A8BA.e.28201/click - {}
RESULT: {}
RESULT: {}
COMMAND: GET /session/47a0cfcb1b688bc57e33978b59aaa3c6/screenshot - {}
RESULT: {}
COMMAND: POST /session/47a0cfcb1b688bc57e33978b59aaa3c6/execute/async - {"script":"<script> [1562 bytes]","args":[{"selector":{"controlType":"sap.m.ObjectStatus","viewName":"etm.portal.ui.managehandovers.view.DetailManageHO","viewId":"application-managehandovers-display-component---detailManageHO","bindingPath":{"propertyPath":"LINK_TO_STATUS/DESCRIPTION","modelName":"catalogModel"}},"wdio_ui5_key":"etmportal.ui.managehandovers.view.DetailManageHOsap.m.ObjectStatus{\"propertyPath\":\"LINK_TO_STATUS/DESCRIPTION\",\"modelName\":\"catalogModel\"}"}]}
RESULT: {"script":"<script> [1562 bytes]","args":[{"selector":{"controlType":"sap.m.ObjectStatus","viewName":"etm.portal.ui.managehandovers.view.DetailManageHO","viewId":"application-managehandovers-display-component---detailManageHO","bindingPath":{"propertyPath":"LINK_TO_STATUS/DESCRIPTION","modelName":"catalogModel"}},"wdio_ui5_key":"etmportal.ui.managehandovers.view.DetailManageHOsap.m.ObjectStatus{\"propertyPath\":\"LINK_TO_STATUS/DESCRIPTION\",\"modelName\":\"catalogModel\"}"}]}
RESULT: undefined
COMMAND: POST /session/47a0cfcb1b688bc57e33978b59aaa3c6/execute/async - {"script":"<script> [6424 bytes]","args":[{"element-6066-11e4-a52e-4f735466cecf":"f.B7EBD3B9E1BF342B1CF0F76B0C9C80BF.d.D91FFD053D960FCF158B44282462A8BA.e.28244"},"getText",[]]}
RESULT: {"script":"<script> [6424 bytes]","args":[{"element-6066-11e4-a52e-4f735466cecf":"f.B7EBD3B9E1BF342B1CF0F76B0C9C80BF.d.D91FFD053D960FCF158B44282462A8BA.e.28244"},"getText",[]]}
COMMAND: POST /session/47a0cfcb1b688bc57e33978b59aaa3c6/element - {"using":"xpath","value":"//header[contains(@id ,\"detailManageHO--ObjectPageLayout-headerTitle\")]/div[1]/div[2]/div[1]/div[1]/div[1]/div[2]/div/span"}
RESULT: {"using":"xpath","value":"//header[contains(@id ,\"detailManageHO--ObjectPageLayout-headerTitle\")]/div[1]/div[2]/div[1]/div[1]/div[1]/div[2]/div/span"}
COMMAND: POST /session/47a0cfcb1b688bc57e33978b59aaa3c6/execute/sync - {"script":"<script> [56 bytes]","args":[{"element-6066-11e4-a52e-4f735466cecf":"f.B7EBD3B9E1BF342B1CF0F76B0C9C80BF.d.D91FFD053D960FCF158B44282462A8BA.e.28245","ELEMENT":"f.B7EBD3B9E1BF342B1CF0F76B0C9C80BF.d.D91FFD053D960FCF158B44282462A8BA.e.28245"}]}
RESULT: {"script":"<script> [56 bytes]","args":[{"element-6066-11e4-a52e-4f735466cecf":"f.B7EBD3B9E1BF342B1CF0F76B0C9C80BF.d.D91FFD053D960FCF158B44282462A8BA.e.28245","ELEMENT":"f.B7EBD3B9E1BF342B1CF0F76B0C9C80BF.d.D91FFD053D960FCF158B44282462A8BA.e.28245"}]}
COMMAND: GET /session/47a0cfcb1b688bc57e33978b59aaa3c6/screenshot - {}
RESULT: {}
COMMAND: DELETE /session/47a0cfcb1b688bc57e33978b59aaa3c6 - {}
RESULT: {}
]]></system-out>
    </testcase>
  </testsuite>
</testsuites>