<?xml version="1.0" encoding="UTF-8"?>
<testsuites tests="5" failures="0" errors="0" skipped="0">
  <testsuite timestamp="2025-05-05T17:59:50" time="332.846" tests="5" failures="0" errors="0" skipped="0">
    <properties>
      <property name="specId" value="0" />
      <property name="suiteName" value="Address Management Tests US151165 US151160" />
      <property name="capabilities" value="chrome.135_0_7049_115.windows" />
      <property name="file" value="file:///D:/a/1/s/test/specs/BTS/address-management.spec.js" />
    </properties>
    <testcase classname="chrome.135_0_7049_115.windows.Address_Management_Tests_US151165_US151160" name="Step 1 Will check existence of address created with generated name if none then we create" time="70.078">
      <system-out><![CDATA[
COMMAND: POST /session/810fb078ee6c27b9cde6a2b001d9f929/execute/async - {"script":"<script> [1562 bytes]","args":[{"selector":{"controlType":"sap.m.GenericTile","properties":{"header":"Address Management"}},"wdio_ui5_key":"sapm.GenericTile{\"header\":\"Address Management\"}"}]}
RESULT: {"script":"<script> [1562 bytes]","args":[{"selector":{"controlType":"sap.m.GenericTile","properties":{"header":"Address Management"}},"wdio_ui5_key":"sapm.GenericTile{\"header\":\"Address Management\"}"}]}
RESULT: undefined
COMMAND: POST /session/810fb078ee6c27b9cde6a2b001d9f929/element - {"using":"xpath","value":"//*[@id=\"__tile33\"]"}
RESULT: {"using":"xpath","value":"//*[@id=\"__tile33\"]"}
COMMAND: POST /session/810fb078ee6c27b9cde6a2b001d9f929/element/f.50BAB3B0BB463FB28F3DF8F18CFC1199.d.935191EABA67FDB06F60E5C4948A3676.e.234/click - {}
RESULT: {}
COMMAND: POST /session/810fb078ee6c27b9cde6a2b001d9f929/element - {"using":"xpath","value":"//button[@data-kt=\"addButton\"]"}
COMMAND: GET /session/810fb078ee6c27b9cde6a2b001d9f929/screenshot - {}
RESULT: {"using":"xpath","value":"//button[@data-kt=\"addButton\"]"}
COMMAND: POST /session/810fb078ee6c27b9cde6a2b001d9f929/elements - {"using":"xpath","value":"//button[@data-kt=\"addButton\"]"}
RESULT: {}
RESULT: {"using":"xpath","value":"//button[@data-kt=\"addButton\"]"}
COMMAND: POST /session/810fb078ee6c27b9cde6a2b001d9f929/elements - {"using":"xpath","value":"//button[@data-kt=\"addButton\"]"}
RESULT: {"using":"xpath","value":"//button[@data-kt=\"addButton\"]"}
COMMAND: POST /session/810fb078ee6c27b9cde6a2b001d9f929/elements - {"using":"xpath","value":"//button[@data-kt=\"addButton\"]"}
RESULT: {"using":"xpath","value":"//button[@data-kt=\"addButton\"]"}
COMMAND: POST /session/810fb078ee6c27b9cde6a2b001d9f929/elements - {"using":"xpath","value":"//button[@data-kt=\"addButton\"]"}
RESULT: {"using":"xpath","value":"//button[@data-kt=\"addButton\"]"}
COMMAND: POST /session/810fb078ee6c27b9cde6a2b001d9f929/elements - {"using":"xpath","value":"//button[@data-kt=\"addButton\"]"}
RESULT: {"using":"xpath","value":"//button[@data-kt=\"addButton\"]"}
COMMAND: POST /session/810fb078ee6c27b9cde6a2b001d9f929/elements - {"using":"xpath","value":"//button[@data-kt=\"addButton\"]"}
RESULT: {"using":"xpath","value":"//button[@data-kt=\"addButton\"]"}
COMMAND: POST /session/810fb078ee6c27b9cde6a2b001d9f929/elements - {"using":"xpath","value":"//button[@data-kt=\"addButton\"]"}
RESULT: {"using":"xpath","value":"//button[@data-kt=\"addButton\"]"}
COMMAND: POST /session/810fb078ee6c27b9cde6a2b001d9f929/elements - {"using":"xpath","value":"//button[@data-kt=\"addButton\"]"}
RESULT: {"using":"xpath","value":"//button[@data-kt=\"addButton\"]"}
COMMAND: POST /session/810fb078ee6c27b9cde6a2b001d9f929/elements - {"using":"xpath","value":"//button[@data-kt=\"addButton\"]"}
RESULT: {"using":"xpath","value":"//button[@data-kt=\"addButton\"]"}
COMMAND: POST /session/810fb078ee6c27b9cde6a2b001d9f929/elements - {"using":"xpath","value":"//button[@data-kt=\"addButton\"]"}
RESULT: {"using":"xpath","value":"//button[@data-kt=\"addButton\"]"}
COMMAND: POST /session/810fb078ee6c27b9cde6a2b001d9f929/elements - {"using":"xpath","value":"//button[@data-kt=\"addButton\"]"}
RESULT: {"using":"xpath","value":"//button[@data-kt=\"addButton\"]"}
COMMAND: POST /session/810fb078ee6c27b9cde6a2b001d9f929/elements - {"using":"xpath","value":"//button[@data-kt=\"addButton\"]"}
RESULT: {"using":"xpath","value":"//button[@data-kt=\"addButton\"]"}
COMMAND: POST /session/810fb078ee6c27b9cde6a2b001d9f929/elements - {"using":"xpath","value":"//button[@data-kt=\"addButton\"]"}
RESULT: {"using":"xpath","value":"//button[@data-kt=\"addButton\"]"}
COMMAND: POST /session/810fb078ee6c27b9cde6a2b001d9f929/elements - {"using":"xpath","value":"//button[@data-kt=\"addButton\"]"}
RESULT: {"using":"xpath","value":"//button[@data-kt=\"addButton\"]"}
COMMAND: POST /session/810fb078ee6c27b9cde6a2b001d9f929/elements - {"using":"xpath","value":"//button[@data-kt=\"addButton\"]"}
RESULT: {"using":"xpath","value":"//button[@data-kt=\"addButton\"]"}
COMMAND: POST /session/810fb078ee6c27b9cde6a2b001d9f929/elements - {"using":"xpath","value":"//button[@data-kt=\"addButton\"]"}
RESULT: {"using":"xpath","value":"//button[@data-kt=\"addButton\"]"}
COMMAND: POST /session/810fb078ee6c27b9cde6a2b001d9f929/elements - {"using":"xpath","value":"//button[@data-kt=\"addButton\"]"}
RESULT: {"using":"xpath","value":"//button[@data-kt=\"addButton\"]"}
COMMAND: POST /session/810fb078ee6c27b9cde6a2b001d9f929/elements - {"using":"xpath","value":"//button[@data-kt=\"addButton\"]"}
RESULT: {"using":"xpath","value":"//button[@data-kt=\"addButton\"]"}
COMMAND: POST /session/810fb078ee6c27b9cde6a2b001d9f929/elements - {"using":"xpath","value":"//button[@data-kt=\"addButton\"]"}
RESULT: {"using":"xpath","value":"//button[@data-kt=\"addButton\"]"}
COMMAND: POST /session/810fb078ee6c27b9cde6a2b001d9f929/elements - {"using":"xpath","value":"//button[@data-kt=\"addButton\"]"}
RESULT: {"using":"xpath","value":"//button[@data-kt=\"addButton\"]"}
COMMAND: POST /session/810fb078ee6c27b9cde6a2b001d9f929/elements - {"using":"xpath","value":"//button[@data-kt=\"addButton\"]"}
RESULT: {"using":"xpath","value":"//button[@data-kt=\"addButton\"]"}
COMMAND: POST /session/810fb078ee6c27b9cde6a2b001d9f929/elements - {"using":"xpath","value":"//button[@data-kt=\"addButton\"]"}
RESULT: {"using":"xpath","value":"//button[@data-kt=\"addButton\"]"}
COMMAND: POST /session/810fb078ee6c27b9cde6a2b001d9f929/elements - {"using":"xpath","value":"//button[@data-kt=\"addButton\"]"}
RESULT: {"using":"xpath","value":"//button[@data-kt=\"addButton\"]"}
COMMAND: POST /session/810fb078ee6c27b9cde6a2b001d9f929/elements - {"using":"xpath","value":"//button[@data-kt=\"addButton\"]"}
RESULT: {"using":"xpath","value":"//button[@data-kt=\"addButton\"]"}
COMMAND: POST /session/810fb078ee6c27b9cde6a2b001d9f929/elements - {"using":"xpath","value":"//button[@data-kt=\"addButton\"]"}
RESULT: {"using":"xpath","value":"//button[@data-kt=\"addButton\"]"}
COMMAND: POST /session/810fb078ee6c27b9cde6a2b001d9f929/elements - {"using":"xpath","value":"//button[@data-kt=\"addButton\"]"}
RESULT: {"using":"xpath","value":"//button[@data-kt=\"addButton\"]"}
COMMAND: POST /session/810fb078ee6c27b9cde6a2b001d9f929/elements - {"using":"xpath","value":"//button[@data-kt=\"addButton\"]"}
RESULT: {"using":"xpath","value":"//button[@data-kt=\"addButton\"]"}
COMMAND: POST /session/810fb078ee6c27b9cde6a2b001d9f929/element - {"using":"xpath","value":"//button[@data-kt=\"addButton\"]"}
RESULT: {"using":"xpath","value":"//button[@data-kt=\"addButton\"]"}
COMMAND: POST /session/810fb078ee6c27b9cde6a2b001d9f929/execute/sync - {"script":"<script> [8489 bytes]","args":[{"element-6066-11e4-a52e-4f735466cecf":"f.50BAB3B0BB463FB28F3DF8F18CFC1199.d.935191EABA67FDB06F60E5C4948A3676.e.320","ELEMENT":"f.50BAB3B0BB463FB28F3DF8F18CFC1199.d.935191EABA67FDB06F60E5C4948A3676.e.320"}]}
RESULT: {"script":"<script> [8489 bytes]","args":[{"element-6066-11e4-a52e-4f735466cecf":"f.50BAB3B0BB463FB28F3DF8F18CFC1199.d.935191EABA67FDB06F60E5C4948A3676.e.320","ELEMENT":"f.50BAB3B0BB463FB28F3DF8F18CFC1199.d.935191EABA67FDB06F60E5C4948A3676.e.320"}]}
COMMAND: GET /session/810fb078ee6c27b9cde6a2b001d9f929/element/f.50BAB3B0BB463FB28F3DF8F18CFC1199.d.935191EABA67FDB06F60E5C4948A3676.e.320/enabled - {}
COMMAND: GET /session/810fb078ee6c27b9cde6a2b001d9f929/screenshot - {}
RESULT: {}
COMMAND: POST /session/810fb078ee6c27b9cde6a2b001d9f929/execute/sync - {"script":"<script> [8489 bytes]","args":[{"element-6066-11e4-a52e-4f735466cecf":"f.50BAB3B0BB463FB28F3DF8F18CFC1199.d.935191EABA67FDB06F60E5C4948A3676.e.320","ELEMENT":"f.50BAB3B0BB463FB28F3DF8F18CFC1199.d.935191EABA67FDB06F60E5C4948A3676.e.320"}]}
COMMAND: GET /session/810fb078ee6c27b9cde6a2b001d9f929/screenshot - {}
RESULT: {}
RESULT: {"script":"<script> [8489 bytes]","args":[{"element-6066-11e4-a52e-4f735466cecf":"f.50BAB3B0BB463FB28F3DF8F18CFC1199.d.935191EABA67FDB06F60E5C4948A3676.e.320","ELEMENT":"f.50BAB3B0BB463FB28F3DF8F18CFC1199.d.935191EABA67FDB06F60E5C4948A3676.e.320"}]}
COMMAND: POST /session/810fb078ee6c27b9cde6a2b001d9f929/execute/sync - {"script":"<script> [5351 bytes]","args":[{"element-6066-11e4-a52e-4f735466cecf":"f.50BAB3B0BB463FB28F3DF8F18CFC1199.d.935191EABA67FDB06F60E5C4948A3676.e.320","ELEMENT":"f.50BAB3B0BB463FB28F3DF8F18CFC1199.d.935191EABA67FDB06F60E5C4948A3676.e.320"}]}
RESULT: {}
RESULT: {"script":"<script> [5351 bytes]","args":[{"element-6066-11e4-a52e-4f735466cecf":"f.50BAB3B0BB463FB28F3DF8F18CFC1199.d.935191EABA67FDB06F60E5C4948A3676.e.320","ELEMENT":"f.50BAB3B0BB463FB28F3DF8F18CFC1199.d.935191EABA67FDB06F60E5C4948A3676.e.320"}]}
COMMAND: GET /session/810fb078ee6c27b9cde6a2b001d9f929/screenshot - {}
COMMAND: GET /session/810fb078ee6c27b9cde6a2b001d9f929/screenshot - {}
RESULT: {}
RESULT: {}
COMMAND: POST /session/810fb078ee6c27b9cde6a2b001d9f929/execute/async - {"script":"<script> [1562 bytes]","args":[{"selector":{"id":"application-addressmanagement-display-component---masterAdm--smartFilterBar-btnBasicSearch","interaction":{"idSuffix":"I"}},"wdio_ui5_key":"applicationaddressmanagement-display-component---masterAdm--smartFilterBar-btnBasicSearch"}]}
RESULT: {"script":"<script> [1562 bytes]","args":[{"selector":{"id":"application-addressmanagement-display-component---masterAdm--smartFilterBar-btnBasicSearch","interaction":{"idSuffix":"I"}},"wdio_ui5_key":"applicationaddressmanagement-display-component---masterAdm--smartFilterBar-btnBasicSearch"}]}
RESULT: undefined
COMMAND: POST /session/810fb078ee6c27b9cde6a2b001d9f929/execute/async - {"script":"<script> [776 bytes]","args":[{"enterText":"Su0f2HIXak","selector":{"id":"application-addressmanagement-display-component---masterAdm--smartFilterBar-btnBasicSearch","interaction":{"idSuffix":"I"}},"clearTextFirst":true,"interactionType":"ENTER_TEXT"}]}
RESULT: {"script":"<script> [776 bytes]","args":[{"enterText":"Su0f2HIXak","selector":{"id":"application-addressmanagement-display-component---masterAdm--smartFilterBar-btnBasicSearch","interaction":{"idSuffix":"I"}},"clearTextFirst":true,"interactionType":"ENTER_TEXT"}]}
COMMAND: POST /session/810fb078ee6c27b9cde6a2b001d9f929/actions - {"actions":[{"id":"action1","type":"key","parameters":{},"actions":[{"type":"keyDown","value":"î€‡"},{"type":"pause","duration":10},{"type":"keyUp","value":"î€‡"}]}]}
RESULT: {"actions":[{"id":"action1","type":"key","parameters":{},"actions":[{"type":"keyDown","value":"î€‡"},{"type":"pause","duration":10},{"type":"keyUp","value":"î€‡"}]}]}
COMMAND: GET /session/810fb078ee6c27b9cde6a2b001d9f929/screenshot - {}
RESULT: {}
COMMAND: POST /session/810fb078ee6c27b9cde6a2b001d9f929/elements - {"using":"xpath","value":"//table[contains(@id, \"customPersonsAddressesTable-listUl\")]/tbody/tr"}
RESULT: {"using":"xpath","value":"//table[contains(@id, \"customPersonsAddressesTable-listUl\")]/tbody/tr"}
COMMAND: POST /session/810fb078ee6c27b9cde6a2b001d9f929/element - {"using":"xpath","value":"//table[contains(@id, \"customPersonsAddressesTable-listUl\")]/tbody/tr[1]/td[5]/span/span"}
RESULT: {"using":"xpath","value":"//table[contains(@id, \"customPersonsAddressesTable-listUl\")]/tbody/tr[1]/td[5]/span/span"}
COMMAND: POST /session/810fb078ee6c27b9cde6a2b001d9f929/element - {"using":"xpath","value":"//table[contains(@id, \"customPersonsAddressesTable-listUl\")]/tbody/tr[1]/td[3]/span"}
RESULT: {"using":"xpath","value":"//table[contains(@id, \"customPersonsAddressesTable-listUl\")]/tbody/tr[1]/td[3]/span"}
COMMAND: POST /session/810fb078ee6c27b9cde6a2b001d9f929/elements - {"using":"xpath","value":"//table[contains(@id, \"customPersonsAddressesTable-listUl\")]/tbody/tr[1]/td[5]/span/span"}
RESULT: {"using":"xpath","value":"//table[contains(@id, \"customPersonsAddressesTable-listUl\")]/tbody/tr[1]/td[5]/span/span"}
COMMAND: POST /session/810fb078ee6c27b9cde6a2b001d9f929/element - {"using":"xpath","value":"//span[@id=\"application-addressmanagement-display-component---masterAdm--smartTable-header-inner\"]"}
RESULT: {"using":"xpath","value":"//span[@id=\"application-addressmanagement-display-component---masterAdm--smartTable-header-inner\"]"}
COMMAND: POST /session/810fb078ee6c27b9cde6a2b001d9f929/elements - {"using":"xpath","value":"//span[@id=\"application-addressmanagement-display-component---masterAdm--smartTable-header-inner\"]"}
RESULT: {"using":"xpath","value":"//span[@id=\"application-addressmanagement-display-component---masterAdm--smartTable-header-inner\"]"}
COMMAND: POST /session/810fb078ee6c27b9cde6a2b001d9f929/execute/sync - {"script":"<script> [56 bytes]","args":[{"element-6066-11e4-a52e-4f735466cecf":"f.50BAB3B0BB463FB28F3DF8F18CFC1199.d.935191EABA67FDB06F60E5C4948A3676.e.461","ELEMENT":"f.50BAB3B0BB463FB28F3DF8F18CFC1199.d.935191EABA67FDB06F60E5C4948A3676.e.461"}]}
RESULT: {"script":"<script> [56 bytes]","args":[{"element-6066-11e4-a52e-4f735466cecf":"f.50BAB3B0BB463FB28F3DF8F18CFC1199.d.935191EABA67FDB06F60E5C4948A3676.e.461","ELEMENT":"f.50BAB3B0BB463FB28F3DF8F18CFC1199.d.935191EABA67FDB06F60E5C4948A3676.e.461"}]}
COMMAND: POST /session/810fb078ee6c27b9cde6a2b001d9f929/element - {"using":"xpath","value":"//button[@data-kt=\"addButton\"]"}
COMMAND: GET /session/810fb078ee6c27b9cde6a2b001d9f929/screenshot - {}
RESULT: {"using":"xpath","value":"//button[@data-kt=\"addButton\"]"}
COMMAND: POST /session/810fb078ee6c27b9cde6a2b001d9f929/element/f.50BAB3B0BB463FB28F3DF8F18CFC1199.d.935191EABA67FDB06F60E5C4948A3676.e.320/click - {}
RESULT: {}
RESULT: {}
COMMAND: GET /session/810fb078ee6c27b9cde6a2b001d9f929/screenshot - {}
RESULT: {}
COMMAND: POST /session/810fb078ee6c27b9cde6a2b001d9f929/execute/async - {"script":"<script> [1562 bytes]","args":[{"selector":{"controlType":"sap.ui.core.Icon","viewName":"etm.portal.ui.addressmanagement.view.NewAddress","properties":{"src":{"regex":{"source":"slim\\-arrow\\-down"}}},"ancestor":{"id":"addressTitle","viewName":"etm.portal.ui.addressmanagement.view.NewAddress"}},"wdio_ui5_key":"etmportal.ui.addressmanagement.view.NewAddresssap.ui.core.Icon{\"src\":{\"regex\":{\"source\":\"slim\\\\-arrow\\\\-down\"}}}{\"id\":\"addressTitle\",\"viewName\":\"etm.portal.ui.addressmanagement.view.NewAddress\"}"}]}
RESULT: {"script":"<script> [1562 bytes]","args":[{"selector":{"controlType":"sap.ui.core.Icon","viewName":"etm.portal.ui.addressmanagement.view.NewAddress","properties":{"src":{"regex":{"source":"slim\\-arrow\\-down"}}},"ancestor":{"id":"addressTitle","viewName":"etm.portal.ui.addressmanagement.view.NewAddress"}},"wdio_ui5_key":"etmportal.ui.addressmanagement.view.NewAddresssap.ui.core.Icon{\"src\":{\"regex\":{\"source\":\"slim\\\\-arrow\\\\-down\"}}}{\"id\":\"addressTitle\",\"viewName\":\"etm.portal.ui.addressmanagement.view.NewAddress\"}"}]}
RESULT: undefined
COMMAND: POST /session/810fb078ee6c27b9cde6a2b001d9f929/element - {"using":"xpath","value":"//*[@id=\"__xmlview58--addressTitle-arrow\"]"}
RESULT: {"using":"xpath","value":"//*[@id=\"__xmlview58--addressTitle-arrow\"]"}
COMMAND: POST /session/810fb078ee6c27b9cde6a2b001d9f929/element/f.50BAB3B0BB463FB28F3DF8F18CFC1199.d.935191EABA67FDB06F60E5C4948A3676.e.492/click - {}
RESULT: {}
COMMAND: GET /session/810fb078ee6c27b9cde6a2b001d9f929/screenshot - {}
RESULT: {}
COMMAND: POST /session/810fb078ee6c27b9cde6a2b001d9f929/element - {"using":"xpath","value":"//li[.//span[text()=\"Dr.\"]]"}
RESULT: {"using":"xpath","value":"//li[.//span[text()=\"Dr.\"]]"}
COMMAND: POST /session/810fb078ee6c27b9cde6a2b001d9f929/element/f.50BAB3B0BB463FB28F3DF8F18CFC1199.d.935191EABA67FDB06F60E5C4948A3676.e.603/click - {}
RESULT: {}
COMMAND: POST /session/810fb078ee6c27b9cde6a2b001d9f929/execute/async - {"script":"<script> [1562 bytes]","args":[{"selector":{"controlType":"sap.ui.core.Icon","viewName":"etm.portal.ui.addressmanagement.view.NewAddress","properties":{"src":{"regex":{"source":"slim\\-arrow\\-down"}}},"ancestor":{"id":"addressDetailDetailsLanguage","viewName":"etm.portal.ui.addressmanagement.view.NewAddress"}},"wdio_ui5_key":"etmportal.ui.addressmanagement.view.NewAddresssap.ui.core.Icon{\"src\":{\"regex\":{\"source\":\"slim\\\\-arrow\\\\-down\"}}}{\"id\":\"addressDetailDetailsLanguage\",\"viewName\":\"etm.portal.ui.addressmanagement.view.NewAddress\"}"}]}
COMMAND: GET /session/810fb078ee6c27b9cde6a2b001d9f929/screenshot - {}
RESULT: {"script":"<script> [1562 bytes]","args":[{"selector":{"controlType":"sap.ui.core.Icon","viewName":"etm.portal.ui.addressmanagement.view.NewAddress","properties":{"src":{"regex":{"source":"slim\\-arrow\\-down"}}},"ancestor":{"id":"addressDetailDetailsLanguage","viewName":"etm.portal.ui.addressmanagement.view.NewAddress"}},"wdio_ui5_key":"etmportal.ui.addressmanagement.view.NewAddresssap.ui.core.Icon{\"src\":{\"regex\":{\"source\":\"slim\\\\-arrow\\\\-down\"}}}{\"id\":\"addressDetailDetailsLanguage\",\"viewName\":\"etm.portal.ui.addressmanagement.view.NewAddress\"}"}]}
RESULT: undefined
COMMAND: POST /session/810fb078ee6c27b9cde6a2b001d9f929/element - {"using":"xpath","value":"//*[@id=\"__xmlview58--addressDetailDetailsLanguage-arrow\"]"}
RESULT: {}
RESULT: {"using":"xpath","value":"//*[@id=\"__xmlview58--addressDetailDetailsLanguage-arrow\"]"}
COMMAND: POST /session/810fb078ee6c27b9cde6a2b001d9f929/element/f.50BAB3B0BB463FB28F3DF8F18CFC1199.d.935191EABA67FDB06F60E5C4948A3676.e.505/click - {}
RESULT: {}
COMMAND: GET /session/810fb078ee6c27b9cde6a2b001d9f929/screenshot - {}
RESULT: {}
COMMAND: POST /session/810fb078ee6c27b9cde6a2b001d9f929/element - {"using":"xpath","value":"//span[contains(text(), \"English\")]"}
RESULT: {"using":"xpath","value":"//span[contains(text(), \"English\")]"}
COMMAND: POST /session/810fb078ee6c27b9cde6a2b001d9f929/element/f.50BAB3B0BB463FB28F3DF8F18CFC1199.d.935191EABA67FDB06F60E5C4948A3676.e.604/click - {}
RESULT: {}
COMMAND: POST /session/810fb078ee6c27b9cde6a2b001d9f929/execute/async - {"script":"<script> [1562 bytes]","args":[{"selector":{"controlType":"sap.m.Input","viewName":"etm.portal.ui.addressmanagement.view.NewAddress","labelFor":{"text":"Name"},"interaction":{"idSuffix":"inner"}},"wdio_ui5_key":"etmportal.ui.addressmanagement.view.NewAddresssap.m.Input{\"text\":\"Name\"}"}]}
COMMAND: GET /session/810fb078ee6c27b9cde6a2b001d9f929/screenshot - {}
RESULT: {"script":"<script> [1562 bytes]","args":[{"selector":{"controlType":"sap.m.Input","viewName":"etm.portal.ui.addressmanagement.view.NewAddress","labelFor":{"text":"Name"},"interaction":{"idSuffix":"inner"}},"wdio_ui5_key":"etmportal.ui.addressmanagement.view.NewAddresssap.m.Input{\"text\":\"Name\"}"}]}
RESULT: undefined
COMMAND: POST /session/810fb078ee6c27b9cde6a2b001d9f929/execute/async - {"script":"<script> [776 bytes]","args":[{"enterText":"Su0f2HIXak","selector":{"controlType":"sap.m.Input","viewName":"etm.portal.ui.addressmanagement.view.NewAddress","labelFor":{"text":"Name"},"interaction":{"idSuffix":"inner"}},"clearTextFirst":true,"interactionType":"ENTER_TEXT"}]}
RESULT: {}
RESULT: {"script":"<script> [776 bytes]","args":[{"enterText":"Su0f2HIXak","selector":{"controlType":"sap.m.Input","viewName":"etm.portal.ui.addressmanagement.view.NewAddress","labelFor":{"text":"Name"},"interaction":{"idSuffix":"inner"}},"clearTextFirst":true,"interactionType":"ENTER_TEXT"}]}
COMMAND: POST /session/810fb078ee6c27b9cde6a2b001d9f929/element - {"using":"xpath","value":"//button[@title=\"Save\"]"}
RESULT: {"using":"xpath","value":"//button[@title=\"Save\"]"}
COMMAND: POST /session/810fb078ee6c27b9cde6a2b001d9f929/element/f.50BAB3B0BB463FB28F3DF8F18CFC1199.d.935191EABA67FDB06F60E5C4948A3676.e.594/click - {}
RESULT: {}
COMMAND: GET /session/810fb078ee6c27b9cde6a2b001d9f929/screenshot - {}
RESULT: {}
COMMAND: POST /session/810fb078ee6c27b9cde6a2b001d9f929/element - {"using":"xpath","value":"//header[contains(@id, \"application-addressmanagement-display-component---detailAdm--ObjectPageLayout-headerTitle\")]/div[1]/div[3]/div[2]/span"}
RESULT: {"using":"xpath","value":"//header[contains(@id, \"application-addressmanagement-display-component---detailAdm--ObjectPageLayout-headerTitle\")]/div[1]/div[3]/div[2]/span"}
COMMAND: POST /session/810fb078ee6c27b9cde6a2b001d9f929/elements - {"using":"xpath","value":"//header[contains(@id, \"application-addressmanagement-display-component---detailAdm--ObjectPageLayout-headerTitle\")]/div[1]/div[3]/div[2]/span"}
RESULT: {"using":"xpath","value":"//header[contains(@id, \"application-addressmanagement-display-component---detailAdm--ObjectPageLayout-headerTitle\")]/div[1]/div[3]/div[2]/span"}
COMMAND: POST /session/810fb078ee6c27b9cde6a2b001d9f929/execute/sync - {"script":"<script> [56 bytes]","args":[{"element-6066-11e4-a52e-4f735466cecf":"f.50BAB3B0BB463FB28F3DF8F18CFC1199.d.935191EABA67FDB06F60E5C4948A3676.e.625","ELEMENT":"f.50BAB3B0BB463FB28F3DF8F18CFC1199.d.935191EABA67FDB06F60E5C4948A3676.e.625"}]}
RESULT: {"script":"<script> [56 bytes]","args":[{"element-6066-11e4-a52e-4f735466cecf":"f.50BAB3B0BB463FB28F3DF8F18CFC1199.d.935191EABA67FDB06F60E5C4948A3676.e.625","ELEMENT":"f.50BAB3B0BB463FB28F3DF8F18CFC1199.d.935191EABA67FDB06F60E5C4948A3676.e.625"}]}
COMMAND: GET /session/810fb078ee6c27b9cde6a2b001d9f929/screenshot - {}
RESULT: {}
COMMAND: POST /session/810fb078ee6c27b9cde6a2b001d9f929/element - {"using":"css selector","value":"#shell-header-logo"}
RESULT: {"using":"css selector","value":"#shell-header-logo"}
COMMAND: POST /session/810fb078ee6c27b9cde6a2b001d9f929/element/f.50BAB3B0BB463FB28F3DF8F18CFC1199.d.935191EABA67FDB06F60E5C4948A3676.e.283/click - {}
RESULT: {}
COMMAND: GET /session/810fb078ee6c27b9cde6a2b001d9f929/screenshot - {}
RESULT: {}
]]></system-out>
    </testcase>
    <testcase classname="chrome.135_0_7049_115.windows.Address_Management_Tests_US151165_US151160" name="Step 2 Should deactivate the created address in earlier step US151165" time="40.603">
      <system-out><![CDATA[
RESULT: undefined
COMMAND: POST /session/810fb078ee6c27b9cde6a2b001d9f929/element - {"using":"xpath","value":"//*[@id=\"__tile33\"]"}
RESULT: {"using":"xpath","value":"//*[@id=\"__tile33\"]"}
COMMAND: POST /session/810fb078ee6c27b9cde6a2b001d9f929/element/f.50BAB3B0BB463FB28F3DF8F18CFC1199.d.935191EABA67FDB06F60E5C4948A3676.e.234/click - {}
RESULT: {}
COMMAND: POST /session/810fb078ee6c27b9cde6a2b001d9f929/element - {"using":"xpath","value":"//button[@data-kt=\"addButton\"]"}
COMMAND: GET /session/810fb078ee6c27b9cde6a2b001d9f929/screenshot - {}
RESULT: {"using":"xpath","value":"//button[@data-kt=\"addButton\"]"}
COMMAND: POST /session/810fb078ee6c27b9cde6a2b001d9f929/elements - {"using":"xpath","value":"//button[@data-kt=\"addButton\"]"}
RESULT: {}
RESULT: {"using":"xpath","value":"//button[@data-kt=\"addButton\"]"}
COMMAND: POST /session/810fb078ee6c27b9cde6a2b001d9f929/execute/sync - {"script":"<script> [8489 bytes]","args":[{"element-6066-11e4-a52e-4f735466cecf":"f.50BAB3B0BB463FB28F3DF8F18CFC1199.d.935191EABA67FDB06F60E5C4948A3676.e.693","ELEMENT":"f.50BAB3B0BB463FB28F3DF8F18CFC1199.d.935191EABA67FDB06F60E5C4948A3676.e.693"}]}
RESULT: {"script":"<script> [8489 bytes]","args":[{"element-6066-11e4-a52e-4f735466cecf":"f.50BAB3B0BB463FB28F3DF8F18CFC1199.d.935191EABA67FDB06F60E5C4948A3676.e.693","ELEMENT":"f.50BAB3B0BB463FB28F3DF8F18CFC1199.d.935191EABA67FDB06F60E5C4948A3676.e.693"}]}
COMMAND: GET /session/810fb078ee6c27b9cde6a2b001d9f929/element/f.50BAB3B0BB463FB28F3DF8F18CFC1199.d.935191EABA67FDB06F60E5C4948A3676.e.693/enabled - {}
COMMAND: GET /session/810fb078ee6c27b9cde6a2b001d9f929/screenshot - {}
RESULT: {}
COMMAND: POST /session/810fb078ee6c27b9cde6a2b001d9f929/execute/sync - {"script":"<script> [8489 bytes]","args":[{"element-6066-11e4-a52e-4f735466cecf":"f.50BAB3B0BB463FB28F3DF8F18CFC1199.d.935191EABA67FDB06F60E5C4948A3676.e.693","ELEMENT":"f.50BAB3B0BB463FB28F3DF8F18CFC1199.d.935191EABA67FDB06F60E5C4948A3676.e.693"}]}
COMMAND: GET /session/810fb078ee6c27b9cde6a2b001d9f929/screenshot - {}
RESULT: {}
RESULT: {"script":"<script> [8489 bytes]","args":[{"element-6066-11e4-a52e-4f735466cecf":"f.50BAB3B0BB463FB28F3DF8F18CFC1199.d.935191EABA67FDB06F60E5C4948A3676.e.693","ELEMENT":"f.50BAB3B0BB463FB28F3DF8F18CFC1199.d.935191EABA67FDB06F60E5C4948A3676.e.693"}]}
COMMAND: POST /session/810fb078ee6c27b9cde6a2b001d9f929/execute/sync - {"script":"<script> [5351 bytes]","args":[{"element-6066-11e4-a52e-4f735466cecf":"f.50BAB3B0BB463FB28F3DF8F18CFC1199.d.935191EABA67FDB06F60E5C4948A3676.e.693","ELEMENT":"f.50BAB3B0BB463FB28F3DF8F18CFC1199.d.935191EABA67FDB06F60E5C4948A3676.e.693"}]}
COMMAND: GET /session/810fb078ee6c27b9cde6a2b001d9f929/screenshot - {}
RESULT: {}
RESULT: {"script":"<script> [5351 bytes]","args":[{"element-6066-11e4-a52e-4f735466cecf":"f.50BAB3B0BB463FB28F3DF8F18CFC1199.d.935191EABA67FDB06F60E5C4948A3676.e.693","ELEMENT":"f.50BAB3B0BB463FB28F3DF8F18CFC1199.d.935191EABA67FDB06F60E5C4948A3676.e.693"}]}
COMMAND: GET /session/810fb078ee6c27b9cde6a2b001d9f929/screenshot - {}
RESULT: {}
RESULT: {}
RESULT: undefined
COMMAND: POST /session/810fb078ee6c27b9cde6a2b001d9f929/execute/async - {"script":"<script> [776 bytes]","args":[{"enterText":"Su0f2HIXak","selector":{"id":"application-addressmanagement-display-component---masterAdm--smartFilterBar-btnBasicSearch","interaction":{"idSuffix":"I"}},"clearTextFirst":true,"interactionType":"ENTER_TEXT"}]}
RESULT: {"script":"<script> [776 bytes]","args":[{"enterText":"Su0f2HIXak","selector":{"id":"application-addressmanagement-display-component---masterAdm--smartFilterBar-btnBasicSearch","interaction":{"idSuffix":"I"}},"clearTextFirst":true,"interactionType":"ENTER_TEXT"}]}
COMMAND: POST /session/810fb078ee6c27b9cde6a2b001d9f929/actions - {"actions":[{"id":"action2","type":"key","parameters":{},"actions":[{"type":"keyDown","value":"î€‡"},{"type":"pause","duration":10},{"type":"keyUp","value":"î€‡"}]}]}
RESULT: {"actions":[{"id":"action2","type":"key","parameters":{},"actions":[{"type":"keyDown","value":"î€‡"},{"type":"pause","duration":10},{"type":"keyUp","value":"î€‡"}]}]}
COMMAND: GET /session/810fb078ee6c27b9cde6a2b001d9f929/screenshot - {}
RESULT: {}
COMMAND: POST /session/810fb078ee6c27b9cde6a2b001d9f929/elements - {"using":"xpath","value":"//table[contains(@id, \"customPersonsAddressesTable-listUl\")]/tbody/tr"}
RESULT: {"using":"xpath","value":"//table[contains(@id, \"customPersonsAddressesTable-listUl\")]/tbody/tr"}
COMMAND: POST /session/810fb078ee6c27b9cde6a2b001d9f929/element - {"using":"xpath","value":"//table[contains(@id, \"customPersonsAddressesTable-listUl\")]/tbody/tr[1]/td[5]/span/span"}
RESULT: {"using":"xpath","value":"//table[contains(@id, \"customPersonsAddressesTable-listUl\")]/tbody/tr[1]/td[5]/span/span"}
COMMAND: POST /session/810fb078ee6c27b9cde6a2b001d9f929/element - {"using":"xpath","value":"//table[contains(@id, \"customPersonsAddressesTable-listUl\")]/tbody/tr[1]/td[3]/span"}
RESULT: {"using":"xpath","value":"//table[contains(@id, \"customPersonsAddressesTable-listUl\")]/tbody/tr[1]/td[3]/span"}
COMMAND: POST /session/810fb078ee6c27b9cde6a2b001d9f929/elements - {"using":"xpath","value":"//table[contains(@id, \"customPersonsAddressesTable-listUl\")]/tbody/tr[1]/td[5]/span/span"}
RESULT: {"using":"xpath","value":"//table[contains(@id, \"customPersonsAddressesTable-listUl\")]/tbody/tr[1]/td[5]/span/span"}
COMMAND: POST /session/810fb078ee6c27b9cde6a2b001d9f929/execute/sync - {"script":"<script> [56 bytes]","args":[{"element-6066-11e4-a52e-4f735466cecf":"f.50BAB3B0BB463FB28F3DF8F18CFC1199.d.935191EABA67FDB06F60E5C4948A3676.e.827","ELEMENT":"f.50BAB3B0BB463FB28F3DF8F18CFC1199.d.935191EABA67FDB06F60E5C4948A3676.e.827"}]}
RESULT: {"script":"<script> [56 bytes]","args":[{"element-6066-11e4-a52e-4f735466cecf":"f.50BAB3B0BB463FB28F3DF8F18CFC1199.d.935191EABA67FDB06F60E5C4948A3676.e.827","ELEMENT":"f.50BAB3B0BB463FB28F3DF8F18CFC1199.d.935191EABA67FDB06F60E5C4948A3676.e.827"}]}
COMMAND: POST /session/810fb078ee6c27b9cde6a2b001d9f929/execute/sync - {"script":"<script> [56 bytes]","args":[{"element-6066-11e4-a52e-4f735466cecf":"f.50BAB3B0BB463FB28F3DF8F18CFC1199.d.935191EABA67FDB06F60E5C4948A3676.e.828","ELEMENT":"f.50BAB3B0BB463FB28F3DF8F18CFC1199.d.935191EABA67FDB06F60E5C4948A3676.e.828"}]}
COMMAND: GET /session/810fb078ee6c27b9cde6a2b001d9f929/screenshot - {}
RESULT: {"script":"<script> [56 bytes]","args":[{"element-6066-11e4-a52e-4f735466cecf":"f.50BAB3B0BB463FB28F3DF8F18CFC1199.d.935191EABA67FDB06F60E5C4948A3676.e.828","ELEMENT":"f.50BAB3B0BB463FB28F3DF8F18CFC1199.d.935191EABA67FDB06F60E5C4948A3676.e.828"}]}
COMMAND: POST /session/810fb078ee6c27b9cde6a2b001d9f929/element - {"using":"xpath","value":"//table[contains(@id, \"customPersonsAddressesTable-listUl\")]/tbody/tr[1]/td[10]/div/span"}
COMMAND: GET /session/810fb078ee6c27b9cde6a2b001d9f929/screenshot - {}
RESULT: {}
RESULT: {"using":"xpath","value":"//table[contains(@id, \"customPersonsAddressesTable-listUl\")]/tbody/tr[1]/td[10]/div/span"}
COMMAND: POST /session/810fb078ee6c27b9cde6a2b001d9f929/execute/sync - {"script":"<script> [56 bytes]","args":[{"element-6066-11e4-a52e-4f735466cecf":"f.50BAB3B0BB463FB28F3DF8F18CFC1199.d.935191EABA67FDB06F60E5C4948A3676.e.829","ELEMENT":"f.50BAB3B0BB463FB28F3DF8F18CFC1199.d.935191EABA67FDB06F60E5C4948A3676.e.829"}]}
RESULT: {}
RESULT: {"script":"<script> [56 bytes]","args":[{"element-6066-11e4-a52e-4f735466cecf":"f.50BAB3B0BB463FB28F3DF8F18CFC1199.d.935191EABA67FDB06F60E5C4948A3676.e.829","ELEMENT":"f.50BAB3B0BB463FB28F3DF8F18CFC1199.d.935191EABA67FDB06F60E5C4948A3676.e.829"}]}
COMMAND: POST /session/810fb078ee6c27b9cde6a2b001d9f929/element - {"using":"xpath","value":"//table[contains(@id, \"customPersonsAddressesTable-listUl\")]/tbody/tr[1]/td[2]/div/div"}
COMMAND: GET /session/810fb078ee6c27b9cde6a2b001d9f929/screenshot - {}
RESULT: {"using":"xpath","value":"//table[contains(@id, \"customPersonsAddressesTable-listUl\")]/tbody/tr[1]/td[2]/div/div"}
COMMAND: POST /session/810fb078ee6c27b9cde6a2b001d9f929/element/f.50BAB3B0BB463FB28F3DF8F18CFC1199.d.935191EABA67FDB06F60E5C4948A3676.e.830/click - {}
RESULT: {}
RESULT: {}
COMMAND: GET /session/810fb078ee6c27b9cde6a2b001d9f929/screenshot - {}
RESULT: {}
COMMAND: POST /session/810fb078ee6c27b9cde6a2b001d9f929/element - {"using":"xpath","value":"//bdi[contains(text(), \"Deactivate\")]"}
RESULT: {"using":"xpath","value":"//bdi[contains(text(), \"Deactivate\")]"}
COMMAND: POST /session/810fb078ee6c27b9cde6a2b001d9f929/element/f.50BAB3B0BB463FB28F3DF8F18CFC1199.d.935191EABA67FDB06F60E5C4948A3676.e.831/click - {}
RESULT: {}
COMMAND: GET /session/810fb078ee6c27b9cde6a2b001d9f929/screenshot - {}
RESULT: {}
COMMAND: POST /session/810fb078ee6c27b9cde6a2b001d9f929/element - {"using":"xpath","value":"//bdi[contains(text(), \"Yes\")]"}
RESULT: {"using":"xpath","value":"//bdi[contains(text(), \"Yes\")]"}
COMMAND: POST /session/810fb078ee6c27b9cde6a2b001d9f929/element/f.50BAB3B0BB463FB28F3DF8F18CFC1199.d.935191EABA67FDB06F60E5C4948A3676.e.833/click - {}
RESULT: {}
COMMAND: GET /session/810fb078ee6c27b9cde6a2b001d9f929/screenshot - {}
RESULT: {}
COMMAND: POST /session/810fb078ee6c27b9cde6a2b001d9f929/element - {"using":"xpath","value":"//table[contains(@id, \"customPersonsAddressesTable-listUl\")]/tbody/tr[1]/td[10]/div/span"}
RESULT: {"using":"xpath","value":"//table[contains(@id, \"customPersonsAddressesTable-listUl\")]/tbody/tr[1]/td[10]/div/span"}
COMMAND: POST /session/810fb078ee6c27b9cde6a2b001d9f929/execute/sync - {"script":"<script> [56 bytes]","args":[{"element-6066-11e4-a52e-4f735466cecf":"f.50BAB3B0BB463FB28F3DF8F18CFC1199.d.935191EABA67FDB06F60E5C4948A3676.e.829","ELEMENT":"f.50BAB3B0BB463FB28F3DF8F18CFC1199.d.935191EABA67FDB06F60E5C4948A3676.e.829"}]}
RESULT: {"script":"<script> [56 bytes]","args":[{"element-6066-11e4-a52e-4f735466cecf":"f.50BAB3B0BB463FB28F3DF8F18CFC1199.d.935191EABA67FDB06F60E5C4948A3676.e.829","ELEMENT":"f.50BAB3B0BB463FB28F3DF8F18CFC1199.d.935191EABA67FDB06F60E5C4948A3676.e.829"}]}
COMMAND: GET /session/810fb078ee6c27b9cde6a2b001d9f929/screenshot - {}
RESULT: {}
COMMAND: POST /session/810fb078ee6c27b9cde6a2b001d9f929/element - {"using":"css selector","value":"#shell-header-logo"}
RESULT: {"using":"css selector","value":"#shell-header-logo"}
COMMAND: POST /session/810fb078ee6c27b9cde6a2b001d9f929/element/f.50BAB3B0BB463FB28F3DF8F18CFC1199.d.935191EABA67FDB06F60E5C4948A3676.e.630/click - {}
RESULT: {}
COMMAND: GET /session/810fb078ee6c27b9cde6a2b001d9f929/screenshot - {}
RESULT: {}
]]></system-out>
    </testcase>
    <testcase classname="chrome.135_0_7049_115.windows.Address_Management_Tests_US151165_US151160" name="Step 3 Should activate the created address back again US151160" time="42.31">
      <system-out><![CDATA[
RESULT: undefined
COMMAND: POST /session/810fb078ee6c27b9cde6a2b001d9f929/element - {"using":"xpath","value":"//*[@id=\"__tile33\"]"}
RESULT: {"using":"xpath","value":"//*[@id=\"__tile33\"]"}
COMMAND: POST /session/810fb078ee6c27b9cde6a2b001d9f929/element/f.50BAB3B0BB463FB28F3DF8F18CFC1199.d.935191EABA67FDB06F60E5C4948A3676.e.234/click - {}
RESULT: {}
COMMAND: POST /session/810fb078ee6c27b9cde6a2b001d9f929/element - {"using":"xpath","value":"//button[@data-kt=\"addButton\"]"}
COMMAND: GET /session/810fb078ee6c27b9cde6a2b001d9f929/screenshot - {}
RESULT: {"using":"xpath","value":"//button[@data-kt=\"addButton\"]"}
COMMAND: POST /session/810fb078ee6c27b9cde6a2b001d9f929/elements - {"using":"xpath","value":"//button[@data-kt=\"addButton\"]"}
RESULT: {}
RESULT: {"using":"xpath","value":"//button[@data-kt=\"addButton\"]"}
COMMAND: POST /session/810fb078ee6c27b9cde6a2b001d9f929/execute/sync - {"script":"<script> [8489 bytes]","args":[{"element-6066-11e4-a52e-4f735466cecf":"f.50BAB3B0BB463FB28F3DF8F18CFC1199.d.935191EABA67FDB06F60E5C4948A3676.e.879","ELEMENT":"f.50BAB3B0BB463FB28F3DF8F18CFC1199.d.935191EABA67FDB06F60E5C4948A3676.e.879"}]}
RESULT: {"script":"<script> [8489 bytes]","args":[{"element-6066-11e4-a52e-4f735466cecf":"f.50BAB3B0BB463FB28F3DF8F18CFC1199.d.935191EABA67FDB06F60E5C4948A3676.e.879","ELEMENT":"f.50BAB3B0BB463FB28F3DF8F18CFC1199.d.935191EABA67FDB06F60E5C4948A3676.e.879"}]}
COMMAND: GET /session/810fb078ee6c27b9cde6a2b001d9f929/element/f.50BAB3B0BB463FB28F3DF8F18CFC1199.d.935191EABA67FDB06F60E5C4948A3676.e.879/enabled - {}
COMMAND: GET /session/810fb078ee6c27b9cde6a2b001d9f929/screenshot - {}
RESULT: {}
COMMAND: POST /session/810fb078ee6c27b9cde6a2b001d9f929/execute/sync - {"script":"<script> [8489 bytes]","args":[{"element-6066-11e4-a52e-4f735466cecf":"f.50BAB3B0BB463FB28F3DF8F18CFC1199.d.935191EABA67FDB06F60E5C4948A3676.e.879","ELEMENT":"f.50BAB3B0BB463FB28F3DF8F18CFC1199.d.935191EABA67FDB06F60E5C4948A3676.e.879"}]}
COMMAND: GET /session/810fb078ee6c27b9cde6a2b001d9f929/screenshot - {}
RESULT: {}
RESULT: {"script":"<script> [8489 bytes]","args":[{"element-6066-11e4-a52e-4f735466cecf":"f.50BAB3B0BB463FB28F3DF8F18CFC1199.d.935191EABA67FDB06F60E5C4948A3676.e.879","ELEMENT":"f.50BAB3B0BB463FB28F3DF8F18CFC1199.d.935191EABA67FDB06F60E5C4948A3676.e.879"}]}
COMMAND: POST /session/810fb078ee6c27b9cde6a2b001d9f929/execute/sync - {"script":"<script> [5351 bytes]","args":[{"element-6066-11e4-a52e-4f735466cecf":"f.50BAB3B0BB463FB28F3DF8F18CFC1199.d.935191EABA67FDB06F60E5C4948A3676.e.879","ELEMENT":"f.50BAB3B0BB463FB28F3DF8F18CFC1199.d.935191EABA67FDB06F60E5C4948A3676.e.879"}]}
COMMAND: GET /session/810fb078ee6c27b9cde6a2b001d9f929/screenshot - {}
RESULT: {}
RESULT: {"script":"<script> [5351 bytes]","args":[{"element-6066-11e4-a52e-4f735466cecf":"f.50BAB3B0BB463FB28F3DF8F18CFC1199.d.935191EABA67FDB06F60E5C4948A3676.e.879","ELEMENT":"f.50BAB3B0BB463FB28F3DF8F18CFC1199.d.935191EABA67FDB06F60E5C4948A3676.e.879"}]}
COMMAND: GET /session/810fb078ee6c27b9cde6a2b001d9f929/screenshot - {}
RESULT: {}
RESULT: {}
RESULT: undefined
COMMAND: POST /session/810fb078ee6c27b9cde6a2b001d9f929/execute/async - {"script":"<script> [776 bytes]","args":[{"enterText":"Su0f2HIXak","selector":{"id":"application-addressmanagement-display-component---masterAdm--smartFilterBar-btnBasicSearch","interaction":{"idSuffix":"I"}},"clearTextFirst":true,"interactionType":"ENTER_TEXT"}]}
RESULT: {"script":"<script> [776 bytes]","args":[{"enterText":"Su0f2HIXak","selector":{"id":"application-addressmanagement-display-component---masterAdm--smartFilterBar-btnBasicSearch","interaction":{"idSuffix":"I"}},"clearTextFirst":true,"interactionType":"ENTER_TEXT"}]}
COMMAND: POST /session/810fb078ee6c27b9cde6a2b001d9f929/actions - {"actions":[{"id":"action3","type":"key","parameters":{},"actions":[{"type":"keyDown","value":"î€‡"},{"type":"pause","duration":10},{"type":"keyUp","value":"î€‡"}]}]}
RESULT: {"actions":[{"id":"action3","type":"key","parameters":{},"actions":[{"type":"keyDown","value":"î€‡"},{"type":"pause","duration":10},{"type":"keyUp","value":"î€‡"}]}]}
COMMAND: GET /session/810fb078ee6c27b9cde6a2b001d9f929/screenshot - {}
RESULT: {}
COMMAND: POST /session/810fb078ee6c27b9cde6a2b001d9f929/elements - {"using":"xpath","value":"//table[contains(@id, \"customPersonsAddressesTable-listUl\")]/tbody/tr"}
RESULT: {"using":"xpath","value":"//table[contains(@id, \"customPersonsAddressesTable-listUl\")]/tbody/tr"}
COMMAND: POST /session/810fb078ee6c27b9cde6a2b001d9f929/element - {"using":"xpath","value":"//table[contains(@id, \"customPersonsAddressesTable-listUl\")]/tbody/tr[1]/td[5]/span/span"}
RESULT: {"using":"xpath","value":"//table[contains(@id, \"customPersonsAddressesTable-listUl\")]/tbody/tr[1]/td[5]/span/span"}
COMMAND: POST /session/810fb078ee6c27b9cde6a2b001d9f929/element - {"using":"xpath","value":"//table[contains(@id, \"customPersonsAddressesTable-listUl\")]/tbody/tr[1]/td[3]/span"}
RESULT: {"using":"xpath","value":"//table[contains(@id, \"customPersonsAddressesTable-listUl\")]/tbody/tr[1]/td[3]/span"}
COMMAND: POST /session/810fb078ee6c27b9cde6a2b001d9f929/elements - {"using":"xpath","value":"//table[contains(@id, \"customPersonsAddressesTable-listUl\")]/tbody/tr[1]/td[5]/span/span"}
RESULT: {"using":"xpath","value":"//table[contains(@id, \"customPersonsAddressesTable-listUl\")]/tbody/tr[1]/td[5]/span/span"}
COMMAND: POST /session/810fb078ee6c27b9cde6a2b001d9f929/execute/sync - {"script":"<script> [56 bytes]","args":[{"element-6066-11e4-a52e-4f735466cecf":"f.50BAB3B0BB463FB28F3DF8F18CFC1199.d.935191EABA67FDB06F60E5C4948A3676.e.1023","ELEMENT":"f.50BAB3B0BB463FB28F3DF8F18CFC1199.d.935191EABA67FDB06F60E5C4948A3676.e.1023"}]}
RESULT: {"script":"<script> [56 bytes]","args":[{"element-6066-11e4-a52e-4f735466cecf":"f.50BAB3B0BB463FB28F3DF8F18CFC1199.d.935191EABA67FDB06F60E5C4948A3676.e.1023","ELEMENT":"f.50BAB3B0BB463FB28F3DF8F18CFC1199.d.935191EABA67FDB06F60E5C4948A3676.e.1023"}]}
COMMAND: POST /session/810fb078ee6c27b9cde6a2b001d9f929/execute/sync - {"script":"<script> [56 bytes]","args":[{"element-6066-11e4-a52e-4f735466cecf":"f.50BAB3B0BB463FB28F3DF8F18CFC1199.d.935191EABA67FDB06F60E5C4948A3676.e.1024","ELEMENT":"f.50BAB3B0BB463FB28F3DF8F18CFC1199.d.935191EABA67FDB06F60E5C4948A3676.e.1024"}]}
COMMAND: GET /session/810fb078ee6c27b9cde6a2b001d9f929/screenshot - {}
RESULT: {"script":"<script> [56 bytes]","args":[{"element-6066-11e4-a52e-4f735466cecf":"f.50BAB3B0BB463FB28F3DF8F18CFC1199.d.935191EABA67FDB06F60E5C4948A3676.e.1024","ELEMENT":"f.50BAB3B0BB463FB28F3DF8F18CFC1199.d.935191EABA67FDB06F60E5C4948A3676.e.1024"}]}
COMMAND: POST /session/810fb078ee6c27b9cde6a2b001d9f929/element - {"using":"xpath","value":"//table[contains(@id, \"customPersonsAddressesTable-listUl\")]/tbody/tr[1]/td[10]/div/span"}
COMMAND: GET /session/810fb078ee6c27b9cde6a2b001d9f929/screenshot - {}
RESULT: {}
RESULT: {"using":"xpath","value":"//table[contains(@id, \"customPersonsAddressesTable-listUl\")]/tbody/tr[1]/td[10]/div/span"}
COMMAND: POST /session/810fb078ee6c27b9cde6a2b001d9f929/execute/sync - {"script":"<script> [56 bytes]","args":[{"element-6066-11e4-a52e-4f735466cecf":"f.50BAB3B0BB463FB28F3DF8F18CFC1199.d.935191EABA67FDB06F60E5C4948A3676.e.1025","ELEMENT":"f.50BAB3B0BB463FB28F3DF8F18CFC1199.d.935191EABA67FDB06F60E5C4948A3676.e.1025"}]}
RESULT: {}
RESULT: {"script":"<script> [56 bytes]","args":[{"element-6066-11e4-a52e-4f735466cecf":"f.50BAB3B0BB463FB28F3DF8F18CFC1199.d.935191EABA67FDB06F60E5C4948A3676.e.1025","ELEMENT":"f.50BAB3B0BB463FB28F3DF8F18CFC1199.d.935191EABA67FDB06F60E5C4948A3676.e.1025"}]}
COMMAND: POST /session/810fb078ee6c27b9cde6a2b001d9f929/element - {"using":"xpath","value":"//table[contains(@id, \"customPersonsAddressesTable-listUl\")]/tbody/tr[1]/td[2]/div/div"}
COMMAND: GET /session/810fb078ee6c27b9cde6a2b001d9f929/screenshot - {}
RESULT: {"using":"xpath","value":"//table[contains(@id, \"customPersonsAddressesTable-listUl\")]/tbody/tr[1]/td[2]/div/div"}
COMMAND: POST /session/810fb078ee6c27b9cde6a2b001d9f929/element/f.50BAB3B0BB463FB28F3DF8F18CFC1199.d.935191EABA67FDB06F60E5C4948A3676.e.1026/click - {}
RESULT: {}
RESULT: {}
COMMAND: GET /session/810fb078ee6c27b9cde6a2b001d9f929/screenshot - {}
RESULT: {}
COMMAND: POST /session/810fb078ee6c27b9cde6a2b001d9f929/element - {"using":"xpath","value":"//bdi[contains(text(), \"Activate\")]"}
RESULT: {"using":"xpath","value":"//bdi[contains(text(), \"Activate\")]"}
COMMAND: POST /session/810fb078ee6c27b9cde6a2b001d9f929/element/f.50BAB3B0BB463FB28F3DF8F18CFC1199.d.935191EABA67FDB06F60E5C4948A3676.e.1027/click - {}
RESULT: {}
COMMAND: GET /session/810fb078ee6c27b9cde6a2b001d9f929/screenshot - {}
RESULT: {}
COMMAND: POST /session/810fb078ee6c27b9cde6a2b001d9f929/element - {"using":"xpath","value":"//bdi[contains(text(), \"Yes\")]"}
RESULT: {"using":"xpath","value":"//bdi[contains(text(), \"Yes\")]"}
COMMAND: POST /session/810fb078ee6c27b9cde6a2b001d9f929/element/f.50BAB3B0BB463FB28F3DF8F18CFC1199.d.935191EABA67FDB06F60E5C4948A3676.e.1029/click - {}
RESULT: {}
COMMAND: GET /session/810fb078ee6c27b9cde6a2b001d9f929/screenshot - {}
RESULT: {}
COMMAND: POST /session/810fb078ee6c27b9cde6a2b001d9f929/element - {"using":"xpath","value":"//table[contains(@id, \"customPersonsAddressesTable-listUl\")]/tbody/tr[1]/td[10]/div/span"}
RESULT: {"using":"xpath","value":"//table[contains(@id, \"customPersonsAddressesTable-listUl\")]/tbody/tr[1]/td[10]/div/span"}
COMMAND: POST /session/810fb078ee6c27b9cde6a2b001d9f929/execute/sync - {"script":"<script> [56 bytes]","args":[{"element-6066-11e4-a52e-4f735466cecf":"f.50BAB3B0BB463FB28F3DF8F18CFC1199.d.935191EABA67FDB06F60E5C4948A3676.e.1025","ELEMENT":"f.50BAB3B0BB463FB28F3DF8F18CFC1199.d.935191EABA67FDB06F60E5C4948A3676.e.1025"}]}
RESULT: {"script":"<script> [56 bytes]","args":[{"element-6066-11e4-a52e-4f735466cecf":"f.50BAB3B0BB463FB28F3DF8F18CFC1199.d.935191EABA67FDB06F60E5C4948A3676.e.1025","ELEMENT":"f.50BAB3B0BB463FB28F3DF8F18CFC1199.d.935191EABA67FDB06F60E5C4948A3676.e.1025"}]}
COMMAND: GET /session/810fb078ee6c27b9cde6a2b001d9f929/screenshot - {}
RESULT: {}
COMMAND: POST /session/810fb078ee6c27b9cde6a2b001d9f929/element - {"using":"css selector","value":"#shell-header-logo"}
RESULT: {"using":"css selector","value":"#shell-header-logo"}
COMMAND: POST /session/810fb078ee6c27b9cde6a2b001d9f929/element/f.50BAB3B0BB463FB28F3DF8F18CFC1199.d.935191EABA67FDB06F60E5C4948A3676.e.841/click - {}
RESULT: {}
COMMAND: GET /session/810fb078ee6c27b9cde6a2b001d9f929/screenshot - {}
RESULT: {}
]]></system-out>
    </testcase>
    <testcase classname="chrome.135_0_7049_115.windows.Address_Management_Tests_US151165_US151160" name="Step 4 Should add an attachment to the created address US151166" time="58.994">
      <system-out><![CDATA[
RESULT: undefined
COMMAND: POST /session/810fb078ee6c27b9cde6a2b001d9f929/element - {"using":"xpath","value":"//*[@id=\"__tile33\"]"}
RESULT: {"using":"xpath","value":"//*[@id=\"__tile33\"]"}
COMMAND: POST /session/810fb078ee6c27b9cde6a2b001d9f929/element/f.50BAB3B0BB463FB28F3DF8F18CFC1199.d.935191EABA67FDB06F60E5C4948A3676.e.234/click - {}
RESULT: {}
COMMAND: POST /session/810fb078ee6c27b9cde6a2b001d9f929/element - {"using":"xpath","value":"//button[@data-kt=\"addButton\"]"}
COMMAND: GET /session/810fb078ee6c27b9cde6a2b001d9f929/screenshot - {}
RESULT: {}
RESULT: {"using":"xpath","value":"//button[@data-kt=\"addButton\"]"}
COMMAND: POST /session/810fb078ee6c27b9cde6a2b001d9f929/elements - {"using":"xpath","value":"//button[@data-kt=\"addButton\"]"}
RESULT: {"using":"xpath","value":"//button[@data-kt=\"addButton\"]"}
COMMAND: POST /session/810fb078ee6c27b9cde6a2b001d9f929/execute/sync - {"script":"<script> [8489 bytes]","args":[{"element-6066-11e4-a52e-4f735466cecf":"f.50BAB3B0BB463FB28F3DF8F18CFC1199.d.935191EABA67FDB06F60E5C4948A3676.e.1079","ELEMENT":"f.50BAB3B0BB463FB28F3DF8F18CFC1199.d.935191EABA67FDB06F60E5C4948A3676.e.1079"}]}
RESULT: {"script":"<script> [8489 bytes]","args":[{"element-6066-11e4-a52e-4f735466cecf":"f.50BAB3B0BB463FB28F3DF8F18CFC1199.d.935191EABA67FDB06F60E5C4948A3676.e.1079","ELEMENT":"f.50BAB3B0BB463FB28F3DF8F18CFC1199.d.935191EABA67FDB06F60E5C4948A3676.e.1079"}]}
COMMAND: GET /session/810fb078ee6c27b9cde6a2b001d9f929/element/f.50BAB3B0BB463FB28F3DF8F18CFC1199.d.935191EABA67FDB06F60E5C4948A3676.e.1079/enabled - {}
COMMAND: GET /session/810fb078ee6c27b9cde6a2b001d9f929/screenshot - {}
RESULT: {}
COMMAND: POST /session/810fb078ee6c27b9cde6a2b001d9f929/execute/sync - {"script":"<script> [8489 bytes]","args":[{"element-6066-11e4-a52e-4f735466cecf":"f.50BAB3B0BB463FB28F3DF8F18CFC1199.d.935191EABA67FDB06F60E5C4948A3676.e.1079","ELEMENT":"f.50BAB3B0BB463FB28F3DF8F18CFC1199.d.935191EABA67FDB06F60E5C4948A3676.e.1079"}]}
COMMAND: GET /session/810fb078ee6c27b9cde6a2b001d9f929/screenshot - {}
RESULT: {}
RESULT: {"script":"<script> [8489 bytes]","args":[{"element-6066-11e4-a52e-4f735466cecf":"f.50BAB3B0BB463FB28F3DF8F18CFC1199.d.935191EABA67FDB06F60E5C4948A3676.e.1079","ELEMENT":"f.50BAB3B0BB463FB28F3DF8F18CFC1199.d.935191EABA67FDB06F60E5C4948A3676.e.1079"}]}
COMMAND: POST /session/810fb078ee6c27b9cde6a2b001d9f929/execute/sync - {"script":"<script> [5351 bytes]","args":[{"element-6066-11e4-a52e-4f735466cecf":"f.50BAB3B0BB463FB28F3DF8F18CFC1199.d.935191EABA67FDB06F60E5C4948A3676.e.1079","ELEMENT":"f.50BAB3B0BB463FB28F3DF8F18CFC1199.d.935191EABA67FDB06F60E5C4948A3676.e.1079"}]}
COMMAND: GET /session/810fb078ee6c27b9cde6a2b001d9f929/screenshot - {}
RESULT: {}
RESULT: {"script":"<script> [5351 bytes]","args":[{"element-6066-11e4-a52e-4f735466cecf":"f.50BAB3B0BB463FB28F3DF8F18CFC1199.d.935191EABA67FDB06F60E5C4948A3676.e.1079","ELEMENT":"f.50BAB3B0BB463FB28F3DF8F18CFC1199.d.935191EABA67FDB06F60E5C4948A3676.e.1079"}]}
COMMAND: GET /session/810fb078ee6c27b9cde6a2b001d9f929/screenshot - {}
RESULT: {}
RESULT: {}
RESULT: undefined
COMMAND: POST /session/810fb078ee6c27b9cde6a2b001d9f929/execute/async - {"script":"<script> [776 bytes]","args":[{"enterText":"Su0f2HIXak","selector":{"id":"application-addressmanagement-display-component---masterAdm--smartFilterBar-btnBasicSearch","interaction":{"idSuffix":"I"}},"clearTextFirst":true,"interactionType":"ENTER_TEXT"}]}
RESULT: {"script":"<script> [776 bytes]","args":[{"enterText":"Su0f2HIXak","selector":{"id":"application-addressmanagement-display-component---masterAdm--smartFilterBar-btnBasicSearch","interaction":{"idSuffix":"I"}},"clearTextFirst":true,"interactionType":"ENTER_TEXT"}]}
COMMAND: POST /session/810fb078ee6c27b9cde6a2b001d9f929/actions - {"actions":[{"id":"action4","type":"key","parameters":{},"actions":[{"type":"keyDown","value":"î€‡"},{"type":"pause","duration":10},{"type":"keyUp","value":"î€‡"}]}]}
RESULT: {"actions":[{"id":"action4","type":"key","parameters":{},"actions":[{"type":"keyDown","value":"î€‡"},{"type":"pause","duration":10},{"type":"keyUp","value":"î€‡"}]}]}
COMMAND: GET /session/810fb078ee6c27b9cde6a2b001d9f929/screenshot - {}
RESULT: {}
COMMAND: POST /session/810fb078ee6c27b9cde6a2b001d9f929/elements - {"using":"xpath","value":"//table[contains(@id, \"customPersonsAddressesTable-listUl\")]/tbody/tr"}
RESULT: {"using":"xpath","value":"//table[contains(@id, \"customPersonsAddressesTable-listUl\")]/tbody/tr"}
COMMAND: POST /session/810fb078ee6c27b9cde6a2b001d9f929/element - {"using":"xpath","value":"//table[contains(@id, \"customPersonsAddressesTable-listUl\")]/tbody/tr[1]/td[5]/span/span"}
RESULT: {"using":"xpath","value":"//table[contains(@id, \"customPersonsAddressesTable-listUl\")]/tbody/tr[1]/td[5]/span/span"}
COMMAND: POST /session/810fb078ee6c27b9cde6a2b001d9f929/element - {"using":"xpath","value":"//table[contains(@id, \"customPersonsAddressesTable-listUl\")]/tbody/tr[1]/td[3]/span"}
RESULT: {"using":"xpath","value":"//table[contains(@id, \"customPersonsAddressesTable-listUl\")]/tbody/tr[1]/td[3]/span"}
COMMAND: POST /session/810fb078ee6c27b9cde6a2b001d9f929/elements - {"using":"xpath","value":"//table[contains(@id, \"customPersonsAddressesTable-listUl\")]/tbody/tr[1]/td[5]/span/span"}
RESULT: {"using":"xpath","value":"//table[contains(@id, \"customPersonsAddressesTable-listUl\")]/tbody/tr[1]/td[5]/span/span"}
COMMAND: POST /session/810fb078ee6c27b9cde6a2b001d9f929/execute/sync - {"script":"<script> [56 bytes]","args":[{"element-6066-11e4-a52e-4f735466cecf":"f.50BAB3B0BB463FB28F3DF8F18CFC1199.d.935191EABA67FDB06F60E5C4948A3676.e.1225","ELEMENT":"f.50BAB3B0BB463FB28F3DF8F18CFC1199.d.935191EABA67FDB06F60E5C4948A3676.e.1225"}]}
RESULT: {"script":"<script> [56 bytes]","args":[{"element-6066-11e4-a52e-4f735466cecf":"f.50BAB3B0BB463FB28F3DF8F18CFC1199.d.935191EABA67FDB06F60E5C4948A3676.e.1225","ELEMENT":"f.50BAB3B0BB463FB28F3DF8F18CFC1199.d.935191EABA67FDB06F60E5C4948A3676.e.1225"}]}
COMMAND: POST /session/810fb078ee6c27b9cde6a2b001d9f929/execute/sync - {"script":"<script> [56 bytes]","args":[{"element-6066-11e4-a52e-4f735466cecf":"f.50BAB3B0BB463FB28F3DF8F18CFC1199.d.935191EABA67FDB06F60E5C4948A3676.e.1226","ELEMENT":"f.50BAB3B0BB463FB28F3DF8F18CFC1199.d.935191EABA67FDB06F60E5C4948A3676.e.1226"}]}
COMMAND: GET /session/810fb078ee6c27b9cde6a2b001d9f929/screenshot - {}
RESULT: {"script":"<script> [56 bytes]","args":[{"element-6066-11e4-a52e-4f735466cecf":"f.50BAB3B0BB463FB28F3DF8F18CFC1199.d.935191EABA67FDB06F60E5C4948A3676.e.1226","ELEMENT":"f.50BAB3B0BB463FB28F3DF8F18CFC1199.d.935191EABA67FDB06F60E5C4948A3676.e.1226"}]}
COMMAND: POST /session/810fb078ee6c27b9cde6a2b001d9f929/element - {"using":"xpath","value":"(//span[contains(@id, \"imgNav\")])[1]"}
COMMAND: GET /session/810fb078ee6c27b9cde6a2b001d9f929/screenshot - {}
RESULT: {}
RESULT: {"using":"xpath","value":"(//span[contains(@id, \"imgNav\")])[1]"}
COMMAND: POST /session/810fb078ee6c27b9cde6a2b001d9f929/element/f.50BAB3B0BB463FB28F3DF8F18CFC1199.d.935191EABA67FDB06F60E5C4948A3676.e.1223/click - {}
RESULT: {}
RESULT: {}
COMMAND: GET /session/810fb078ee6c27b9cde6a2b001d9f929/screenshot - {}
RESULT: {}
COMMAND: POST /session/810fb078ee6c27b9cde6a2b001d9f929/element - {"using":"xpath","value":"//bdi[contains(text(), \"Edit\")]"}
RESULT: {"using":"xpath","value":"//bdi[contains(text(), \"Edit\")]"}
COMMAND: POST /session/810fb078ee6c27b9cde6a2b001d9f929/element/f.50BAB3B0BB463FB28F3DF8F18CFC1199.d.935191EABA67FDB06F60E5C4948A3676.e.1347/click - {}
RESULT: {}
COMMAND: GET /session/810fb078ee6c27b9cde6a2b001d9f929/screenshot - {}
RESULT: {}
COMMAND: POST /session/810fb078ee6c27b9cde6a2b001d9f929/execute/async - {"script":"<script> [1562 bytes]","args":[{"selector":{"controlType":"sap.m.Button","viewName":"etm.portal.ui.addressmanagement.view.EditDetail","properties":{"text":"Attachments (0)"},"interaction":{"idSuffix":"BDI-content"}},"wdio_ui5_key":"etmportal.ui.addressmanagement.view.EditDetailsap.m.Button{\"text\":\"Attachments (0)\"}"}]}
RESULT: {"script":"<script> [1562 bytes]","args":[{"selector":{"controlType":"sap.m.Button","viewName":"etm.portal.ui.addressmanagement.view.EditDetail","properties":{"text":"Attachments (0)"},"interaction":{"idSuffix":"BDI-content"}},"wdio_ui5_key":"etmportal.ui.addressmanagement.view.EditDetailsap.m.Button{\"text\":\"Attachments (0)\"}"}]}
RESULT: undefined
COMMAND: POST /session/810fb078ee6c27b9cde6a2b001d9f929/element - {"using":"xpath","value":"//*[@id=\"__xmlview59--ObjectPageLayout-anchBar-__xmlview59--attachments-anchor\"]"}
RESULT: {"using":"xpath","value":"//*[@id=\"__xmlview59--ObjectPageLayout-anchBar-__xmlview59--attachments-anchor\"]"}
COMMAND: POST /session/810fb078ee6c27b9cde6a2b001d9f929/element/f.50BAB3B0BB463FB28F3DF8F18CFC1199.d.935191EABA67FDB06F60E5C4948A3676.e.1393/click - {}
RESULT: {}
COMMAND: GET /session/810fb078ee6c27b9cde6a2b001d9f929/screenshot - {}
RESULT: {}
COMMAND: POST /session/810fb078ee6c27b9cde6a2b001d9f929/file - {"file":"[base64] 459776 bytes"}
RESULT: {"file":"[base64] 459776 bytes"}
COMMAND: POST /session/810fb078ee6c27b9cde6a2b001d9f929/element - {"using":"css selector","value":"input[type=\"file\"]"}
RESULT: {"using":"css selector","value":"input[type=\"file\"]"}
COMMAND: POST /session/810fb078ee6c27b9cde6a2b001d9f929/element/f.50BAB3B0BB463FB28F3DF8F18CFC1199.d.935191EABA67FDB06F60E5C4948A3676.e.1379/clear - {}
RESULT: {}
COMMAND: POST /session/810fb078ee6c27b9cde6a2b001d9f929/element/f.50BAB3B0BB463FB28F3DF8F18CFC1199.d.935191EABA67FDB06F60E5C4948A3676.e.1379/value - {"text":"C:\\Windows\\SystemTemp\\scoped_dir2300_1436261449\\upload2300_496671518\\address-mng-pic.png"}
COMMAND: GET /session/810fb078ee6c27b9cde6a2b001d9f929/screenshot - {}
RESULT: {"text":"C:\\Windows\\SystemTemp\\scoped_dir2300_1436261449\\upload2300_496671518\\address-mng-pic.png"}
COMMAND: GET /session/810fb078ee6c27b9cde6a2b001d9f929/screenshot - {}
RESULT: {}
RESULT: {}
COMMAND: POST /session/810fb078ee6c27b9cde6a2b001d9f929/element - {"using":"xpath","value":"//button[@data-kt=\"saveButton\"]"}
RESULT: {"using":"xpath","value":"//button[@data-kt=\"saveButton\"]"}
COMMAND: POST /session/810fb078ee6c27b9cde6a2b001d9f929/element/f.50BAB3B0BB463FB28F3DF8F18CFC1199.d.935191EABA67FDB06F60E5C4948A3676.e.1417/click - {}
RESULT: {}
COMMAND: GET /session/810fb078ee6c27b9cde6a2b001d9f929/screenshot - {}
RESULT: {}
COMMAND: POST /session/810fb078ee6c27b9cde6a2b001d9f929/execute/async - {"script":"<script> [1562 bytes]","args":[{"selector":{"id":"application-addressmanagement-display-component---detailAdm--ObjectPageLayout-anchBar-application-addressmanagement-display-component---detailAdm--attachments-anchor","interaction":{"idSuffix":"content"}},"wdio_ui5_key":"applicationaddressmanagement-display-component---detailAdm--ObjectPageLayout-anchBar-application-addressmanagement-display-component---detailAdm--attachments-anchor"}]}
RESULT: {"script":"<script> [1562 bytes]","args":[{"selector":{"id":"application-addressmanagement-display-component---detailAdm--ObjectPageLayout-anchBar-application-addressmanagement-display-component---detailAdm--attachments-anchor","interaction":{"idSuffix":"content"}},"wdio_ui5_key":"applicationaddressmanagement-display-component---detailAdm--ObjectPageLayout-anchBar-application-addressmanagement-display-component---detailAdm--attachments-anchor"}]}
RESULT: undefined
COMMAND: POST /session/810fb078ee6c27b9cde6a2b001d9f929/element - {"using":"xpath","value":"//*[@id=\"application-addressmanagement-display-component---detailAdm--ObjectPageLayout-anchBar-application-addressmanagement-display-component---detailAdm--attachments-anchor\"]"}
RESULT: {"using":"xpath","value":"//*[@id=\"application-addressmanagement-display-component---detailAdm--ObjectPageLayout-anchBar-application-addressmanagement-display-component---detailAdm--attachments-anchor\"]"}
COMMAND: POST /session/810fb078ee6c27b9cde6a2b001d9f929/element/f.50BAB3B0BB463FB28F3DF8F18CFC1199.d.935191EABA67FDB06F60E5C4948A3676.e.1424/click - {}
RESULT: {}
COMMAND: GET /session/810fb078ee6c27b9cde6a2b001d9f929/screenshot - {}
RESULT: {}
COMMAND: POST /session/810fb078ee6c27b9cde6a2b001d9f929/execute/async - {"script":"<script> [1562 bytes]","args":[{"selector":{"id":"application-addressmanagement-display-component---detailAdm--attachments"},"wdio_ui5_key":"applicationaddressmanagement-display-component---detailAdm--attachments"}]}
RESULT: {"script":"<script> [1562 bytes]","args":[{"selector":{"id":"application-addressmanagement-display-component---detailAdm--attachments"},"wdio_ui5_key":"applicationaddressmanagement-display-component---detailAdm--attachments"}]}
RESULT: undefined
COMMAND: POST /session/810fb078ee6c27b9cde6a2b001d9f929/execute/async - {"script":"<script> [6424 bytes]","args":[{"element-6066-11e4-a52e-4f735466cecf":"f.50BAB3B0BB463FB28F3DF8F18CFC1199.d.935191EABA67FDB06F60E5C4948A3676.e.1333"},"getTitle",[]]}
RESULT: {"script":"<script> [6424 bytes]","args":[{"element-6066-11e4-a52e-4f735466cecf":"f.50BAB3B0BB463FB28F3DF8F18CFC1199.d.935191EABA67FDB06F60E5C4948A3676.e.1333"},"getTitle",[]]}
COMMAND: POST /session/810fb078ee6c27b9cde6a2b001d9f929/element - {"using":"css selector","value":"#shell-header-logo"}
RESULT: {"using":"css selector","value":"#shell-header-logo"}
COMMAND: POST /session/810fb078ee6c27b9cde6a2b001d9f929/element/f.50BAB3B0BB463FB28F3DF8F18CFC1199.d.935191EABA67FDB06F60E5C4948A3676.e.1036/click - {}
RESULT: {}
COMMAND: GET /session/810fb078ee6c27b9cde6a2b001d9f929/screenshot - {}
RESULT: {}
]]></system-out>
    </testcase>
    <testcase classname="chrome.135_0_7049_115.windows.Address_Management_Tests_US151165_US151160" name="Step 5 Should remove the added attachment on the created address US151168" time="61.943">
      <system-out><![CDATA[
RESULT: undefined
COMMAND: POST /session/810fb078ee6c27b9cde6a2b001d9f929/element - {"using":"xpath","value":"//*[@id=\"__tile33\"]"}
RESULT: {"using":"xpath","value":"//*[@id=\"__tile33\"]"}
COMMAND: POST /session/810fb078ee6c27b9cde6a2b001d9f929/element/f.50BAB3B0BB463FB28F3DF8F18CFC1199.d.935191EABA67FDB06F60E5C4948A3676.e.234/click - {}
RESULT: {}
COMMAND: POST /session/810fb078ee6c27b9cde6a2b001d9f929/element - {"using":"xpath","value":"//button[@data-kt=\"addButton\"]"}
COMMAND: GET /session/810fb078ee6c27b9cde6a2b001d9f929/screenshot - {}
RESULT: {"using":"xpath","value":"//button[@data-kt=\"addButton\"]"}
COMMAND: POST /session/810fb078ee6c27b9cde6a2b001d9f929/elements - {"using":"xpath","value":"//button[@data-kt=\"addButton\"]"}
RESULT: {}
RESULT: {"using":"xpath","value":"//button[@data-kt=\"addButton\"]"}
COMMAND: POST /session/810fb078ee6c27b9cde6a2b001d9f929/execute/sync - {"script":"<script> [8489 bytes]","args":[{"element-6066-11e4-a52e-4f735466cecf":"f.50BAB3B0BB463FB28F3DF8F18CFC1199.d.935191EABA67FDB06F60E5C4948A3676.e.1487","ELEMENT":"f.50BAB3B0BB463FB28F3DF8F18CFC1199.d.935191EABA67FDB06F60E5C4948A3676.e.1487"}]}
RESULT: {"script":"<script> [8489 bytes]","args":[{"element-6066-11e4-a52e-4f735466cecf":"f.50BAB3B0BB463FB28F3DF8F18CFC1199.d.935191EABA67FDB06F60E5C4948A3676.e.1487","ELEMENT":"f.50BAB3B0BB463FB28F3DF8F18CFC1199.d.935191EABA67FDB06F60E5C4948A3676.e.1487"}]}
COMMAND: GET /session/810fb078ee6c27b9cde6a2b001d9f929/element/f.50BAB3B0BB463FB28F3DF8F18CFC1199.d.935191EABA67FDB06F60E5C4948A3676.e.1487/enabled - {}
COMMAND: GET /session/810fb078ee6c27b9cde6a2b001d9f929/screenshot - {}
RESULT: {}
COMMAND: POST /session/810fb078ee6c27b9cde6a2b001d9f929/execute/sync - {"script":"<script> [8489 bytes]","args":[{"element-6066-11e4-a52e-4f735466cecf":"f.50BAB3B0BB463FB28F3DF8F18CFC1199.d.935191EABA67FDB06F60E5C4948A3676.e.1487","ELEMENT":"f.50BAB3B0BB463FB28F3DF8F18CFC1199.d.935191EABA67FDB06F60E5C4948A3676.e.1487"}]}
COMMAND: GET /session/810fb078ee6c27b9cde6a2b001d9f929/screenshot - {}
RESULT: {}
RESULT: {"script":"<script> [8489 bytes]","args":[{"element-6066-11e4-a52e-4f735466cecf":"f.50BAB3B0BB463FB28F3DF8F18CFC1199.d.935191EABA67FDB06F60E5C4948A3676.e.1487","ELEMENT":"f.50BAB3B0BB463FB28F3DF8F18CFC1199.d.935191EABA67FDB06F60E5C4948A3676.e.1487"}]}
COMMAND: POST /session/810fb078ee6c27b9cde6a2b001d9f929/execute/sync - {"script":"<script> [5351 bytes]","args":[{"element-6066-11e4-a52e-4f735466cecf":"f.50BAB3B0BB463FB28F3DF8F18CFC1199.d.935191EABA67FDB06F60E5C4948A3676.e.1487","ELEMENT":"f.50BAB3B0BB463FB28F3DF8F18CFC1199.d.935191EABA67FDB06F60E5C4948A3676.e.1487"}]}
COMMAND: GET /session/810fb078ee6c27b9cde6a2b001d9f929/screenshot - {}
RESULT: {}
RESULT: {"script":"<script> [5351 bytes]","args":[{"element-6066-11e4-a52e-4f735466cecf":"f.50BAB3B0BB463FB28F3DF8F18CFC1199.d.935191EABA67FDB06F60E5C4948A3676.e.1487","ELEMENT":"f.50BAB3B0BB463FB28F3DF8F18CFC1199.d.935191EABA67FDB06F60E5C4948A3676.e.1487"}]}
COMMAND: GET /session/810fb078ee6c27b9cde6a2b001d9f929/screenshot - {}
RESULT: {}
RESULT: {}
RESULT: undefined
COMMAND: POST /session/810fb078ee6c27b9cde6a2b001d9f929/execute/async - {"script":"<script> [776 bytes]","args":[{"enterText":"Su0f2HIXak","selector":{"id":"application-addressmanagement-display-component---masterAdm--smartFilterBar-btnBasicSearch","interaction":{"idSuffix":"I"}},"clearTextFirst":true,"interactionType":"ENTER_TEXT"}]}
RESULT: {"script":"<script> [776 bytes]","args":[{"enterText":"Su0f2HIXak","selector":{"id":"application-addressmanagement-display-component---masterAdm--smartFilterBar-btnBasicSearch","interaction":{"idSuffix":"I"}},"clearTextFirst":true,"interactionType":"ENTER_TEXT"}]}
COMMAND: POST /session/810fb078ee6c27b9cde6a2b001d9f929/actions - {"actions":[{"id":"action5","type":"key","parameters":{},"actions":[{"type":"keyDown","value":"î€‡"},{"type":"pause","duration":10},{"type":"keyUp","value":"î€‡"}]}]}
RESULT: {"actions":[{"id":"action5","type":"key","parameters":{},"actions":[{"type":"keyDown","value":"î€‡"},{"type":"pause","duration":10},{"type":"keyUp","value":"î€‡"}]}]}
COMMAND: GET /session/810fb078ee6c27b9cde6a2b001d9f929/screenshot - {}
RESULT: {}
COMMAND: POST /session/810fb078ee6c27b9cde6a2b001d9f929/elements - {"using":"xpath","value":"//table[contains(@id, \"customPersonsAddressesTable-listUl\")]/tbody/tr"}
RESULT: {"using":"xpath","value":"//table[contains(@id, \"customPersonsAddressesTable-listUl\")]/tbody/tr"}
COMMAND: POST /session/810fb078ee6c27b9cde6a2b001d9f929/element - {"using":"xpath","value":"//table[contains(@id, \"customPersonsAddressesTable-listUl\")]/tbody/tr[1]/td[5]/span/span"}
RESULT: {"using":"xpath","value":"//table[contains(@id, \"customPersonsAddressesTable-listUl\")]/tbody/tr[1]/td[5]/span/span"}
COMMAND: POST /session/810fb078ee6c27b9cde6a2b001d9f929/element - {"using":"xpath","value":"//table[contains(@id, \"customPersonsAddressesTable-listUl\")]/tbody/tr[1]/td[3]/span"}
RESULT: {"using":"xpath","value":"//table[contains(@id, \"customPersonsAddressesTable-listUl\")]/tbody/tr[1]/td[3]/span"}
COMMAND: POST /session/810fb078ee6c27b9cde6a2b001d9f929/elements - {"using":"xpath","value":"//table[contains(@id, \"customPersonsAddressesTable-listUl\")]/tbody/tr[1]/td[5]/span/span"}
RESULT: {"using":"xpath","value":"//table[contains(@id, \"customPersonsAddressesTable-listUl\")]/tbody/tr[1]/td[5]/span/span"}
COMMAND: POST /session/810fb078ee6c27b9cde6a2b001d9f929/execute/sync - {"script":"<script> [56 bytes]","args":[{"element-6066-11e4-a52e-4f735466cecf":"f.50BAB3B0BB463FB28F3DF8F18CFC1199.d.935191EABA67FDB06F60E5C4948A3676.e.1628","ELEMENT":"f.50BAB3B0BB463FB28F3DF8F18CFC1199.d.935191EABA67FDB06F60E5C4948A3676.e.1628"}]}
RESULT: {"script":"<script> [56 bytes]","args":[{"element-6066-11e4-a52e-4f735466cecf":"f.50BAB3B0BB463FB28F3DF8F18CFC1199.d.935191EABA67FDB06F60E5C4948A3676.e.1628","ELEMENT":"f.50BAB3B0BB463FB28F3DF8F18CFC1199.d.935191EABA67FDB06F60E5C4948A3676.e.1628"}]}
COMMAND: POST /session/810fb078ee6c27b9cde6a2b001d9f929/execute/sync - {"script":"<script> [56 bytes]","args":[{"element-6066-11e4-a52e-4f735466cecf":"f.50BAB3B0BB463FB28F3DF8F18CFC1199.d.935191EABA67FDB06F60E5C4948A3676.e.1629","ELEMENT":"f.50BAB3B0BB463FB28F3DF8F18CFC1199.d.935191EABA67FDB06F60E5C4948A3676.e.1629"}]}
COMMAND: GET /session/810fb078ee6c27b9cde6a2b001d9f929/screenshot - {}
RESULT: {"script":"<script> [56 bytes]","args":[{"element-6066-11e4-a52e-4f735466cecf":"f.50BAB3B0BB463FB28F3DF8F18CFC1199.d.935191EABA67FDB06F60E5C4948A3676.e.1629","ELEMENT":"f.50BAB3B0BB463FB28F3DF8F18CFC1199.d.935191EABA67FDB06F60E5C4948A3676.e.1629"}]}
COMMAND: POST /session/810fb078ee6c27b9cde6a2b001d9f929/element - {"using":"xpath","value":"(//span[contains(@id, \"imgNav\")])[1]"}
COMMAND: GET /session/810fb078ee6c27b9cde6a2b001d9f929/screenshot - {}
RESULT: {}
RESULT: {"using":"xpath","value":"(//span[contains(@id, \"imgNav\")])[1]"}
COMMAND: POST /session/810fb078ee6c27b9cde6a2b001d9f929/element/f.50BAB3B0BB463FB28F3DF8F18CFC1199.d.935191EABA67FDB06F60E5C4948A3676.e.1626/click - {}
RESULT: {}
RESULT: {}
COMMAND: GET /session/810fb078ee6c27b9cde6a2b001d9f929/screenshot - {}
RESULT: {}
COMMAND: POST /session/810fb078ee6c27b9cde6a2b001d9f929/element - {"using":"xpath","value":"//bdi[contains(text(), \"Edit\")]"}
RESULT: {"using":"xpath","value":"//bdi[contains(text(), \"Edit\")]"}
COMMAND: POST /session/810fb078ee6c27b9cde6a2b001d9f929/element/f.50BAB3B0BB463FB28F3DF8F18CFC1199.d.935191EABA67FDB06F60E5C4948A3676.e.1750/click - {}
RESULT: {}
COMMAND: GET /session/810fb078ee6c27b9cde6a2b001d9f929/screenshot - {}
RESULT: {}
COMMAND: POST /session/810fb078ee6c27b9cde6a2b001d9f929/execute/async - {"script":"<script> [1562 bytes]","args":[{"selector":{"controlType":"sap.m.Button","viewName":"etm.portal.ui.addressmanagement.view.EditDetail","properties":{"text":"Attachments (1)"},"interaction":{"idSuffix":"BDI-content"}},"wdio_ui5_key":"etmportal.ui.addressmanagement.view.EditDetailsap.m.Button{\"text\":\"Attachments (1)\"}"}]}
RESULT: {"script":"<script> [1562 bytes]","args":[{"selector":{"controlType":"sap.m.Button","viewName":"etm.portal.ui.addressmanagement.view.EditDetail","properties":{"text":"Attachments (1)"},"interaction":{"idSuffix":"BDI-content"}},"wdio_ui5_key":"etmportal.ui.addressmanagement.view.EditDetailsap.m.Button{\"text\":\"Attachments (1)\"}"}]}
RESULT: undefined
COMMAND: POST /session/810fb078ee6c27b9cde6a2b001d9f929/element - {"using":"xpath","value":"//*[@id=\"__xmlview60--ObjectPageLayout-anchBar-__xmlview60--attachments-anchor\"]"}
RESULT: {"using":"xpath","value":"//*[@id=\"__xmlview60--ObjectPageLayout-anchBar-__xmlview60--attachments-anchor\"]"}
COMMAND: POST /session/810fb078ee6c27b9cde6a2b001d9f929/element/f.50BAB3B0BB463FB28F3DF8F18CFC1199.d.935191EABA67FDB06F60E5C4948A3676.e.1795/click - {}
RESULT: {}
COMMAND: GET /session/810fb078ee6c27b9cde6a2b001d9f929/screenshot - {}
RESULT: {}
COMMAND: POST /session/810fb078ee6c27b9cde6a2b001d9f929/execute/async - {"script":"<script> [1562 bytes]","args":[{"selector":{"controlType":"sap.ui.core.Icon","viewName":"etm.portal.ui.addressmanagement.view.EditDetail","properties":{"src":{"regex":{"source":"decline"}}}},"wdio_ui5_key":"etmportal.ui.addressmanagement.view.EditDetailsap.ui.core.Icon{\"src\":{\"regex\":{\"source\":\"decline\"}}}"}]}
RESULT: {"script":"<script> [1562 bytes]","args":[{"selector":{"controlType":"sap.ui.core.Icon","viewName":"etm.portal.ui.addressmanagement.view.EditDetail","properties":{"src":{"regex":{"source":"decline"}}}},"wdio_ui5_key":"etmportal.ui.addressmanagement.view.EditDetailsap.ui.core.Icon{\"src\":{\"regex\":{\"source\":\"decline\"}}}"}]}
RESULT: undefined
COMMAND: POST /session/810fb078ee6c27b9cde6a2b001d9f929/element - {"using":"xpath","value":"//*[@id=\"__item356-__set5-0-deleteButton-img\"]"}
RESULT: {"using":"xpath","value":"//*[@id=\"__item356-__set5-0-deleteButton-img\"]"}
COMMAND: POST /session/810fb078ee6c27b9cde6a2b001d9f929/element/f.50BAB3B0BB463FB28F3DF8F18CFC1199.d.935191EABA67FDB06F60E5C4948A3676.e.1800/click - {}
RESULT: {}
COMMAND: GET /session/810fb078ee6c27b9cde6a2b001d9f929/screenshot - {}
RESULT: {}
COMMAND: POST /session/810fb078ee6c27b9cde6a2b001d9f929/element - {"using":"xpath","value":"//bdi[contains(text(), \"OK\")]"}
RESULT: {"using":"xpath","value":"//bdi[contains(text(), \"OK\")]"}
COMMAND: POST /session/810fb078ee6c27b9cde6a2b001d9f929/element/f.50BAB3B0BB463FB28F3DF8F18CFC1199.d.935191EABA67FDB06F60E5C4948A3676.e.1803/click - {}
RESULT: {}
COMMAND: GET /session/810fb078ee6c27b9cde6a2b001d9f929/screenshot - {}
RESULT: {}
COMMAND: POST /session/810fb078ee6c27b9cde6a2b001d9f929/element - {"using":"xpath","value":"//button[@data-kt=\"saveButton\"]"}
RESULT: {"using":"xpath","value":"//button[@data-kt=\"saveButton\"]"}
COMMAND: POST /session/810fb078ee6c27b9cde6a2b001d9f929/element/f.50BAB3B0BB463FB28F3DF8F18CFC1199.d.935191EABA67FDB06F60E5C4948A3676.e.1824/click - {}
RESULT: {}
COMMAND: GET /session/810fb078ee6c27b9cde6a2b001d9f929/screenshot - {}
RESULT: {}
RESULT: undefined
COMMAND: POST /session/810fb078ee6c27b9cde6a2b001d9f929/element - {"using":"xpath","value":"//*[@id=\"application-addressmanagement-display-component---detailAdm--ObjectPageLayout-anchBar-application-addressmanagement-display-component---detailAdm--attachments-anchor\"]"}
RESULT: {"using":"xpath","value":"//*[@id=\"application-addressmanagement-display-component---detailAdm--ObjectPageLayout-anchBar-application-addressmanagement-display-component---detailAdm--attachments-anchor\"]"}
COMMAND: POST /session/810fb078ee6c27b9cde6a2b001d9f929/element/f.50BAB3B0BB463FB28F3DF8F18CFC1199.d.935191EABA67FDB06F60E5C4948A3676.e.1829/click - {}
RESULT: {}
COMMAND: GET /session/810fb078ee6c27b9cde6a2b001d9f929/screenshot - {}
RESULT: {}
RESULT: undefined
COMMAND: POST /session/810fb078ee6c27b9cde6a2b001d9f929/execute/async - {"script":"<script> [6424 bytes]","args":[{"element-6066-11e4-a52e-4f735466cecf":"f.50BAB3B0BB463FB28F3DF8F18CFC1199.d.935191EABA67FDB06F60E5C4948A3676.e.1333"},"getTitle",[]]}
COMMAND: POST /session/810fb078ee6c27b9cde6a2b001d9f929/execute/async - {"script":"<script> [1562 bytes]","args":[{"selector":{"id":"application-addressmanagement-display-component---detailAdm--attachments"},"wdio_ui5_key":"applicationaddressmanagement-display-component---detailAdm--attachments"}]}
RESULT: {"script":"<script> [1562 bytes]","args":[{"selector":{"id":"application-addressmanagement-display-component---detailAdm--attachments"},"wdio_ui5_key":"applicationaddressmanagement-display-component---detailAdm--attachments"}]}
COMMAND: POST /session/810fb078ee6c27b9cde6a2b001d9f929/execute/async - {"script":"<script> [6424 bytes]","args":[{"element-6066-11e4-a52e-4f735466cecf":"f.50BAB3B0BB463FB28F3DF8F18CFC1199.d.935191EABA67FDB06F60E5C4948A3676.e.1737"},"getTitle",[]]}
RESULT: {"script":"<script> [6424 bytes]","args":[{"element-6066-11e4-a52e-4f735466cecf":"f.50BAB3B0BB463FB28F3DF8F18CFC1199.d.935191EABA67FDB06F60E5C4948A3676.e.1737"},"getTitle",[]]}
COMMAND: POST /session/810fb078ee6c27b9cde6a2b001d9f929/element - {"using":"css selector","value":"#shell-header-logo"}
RESULT: {"using":"css selector","value":"#shell-header-logo"}
COMMAND: POST /session/810fb078ee6c27b9cde6a2b001d9f929/element/f.50BAB3B0BB463FB28F3DF8F18CFC1199.d.935191EABA67FDB06F60E5C4948A3676.e.1432/click - {}
RESULT: {}
COMMAND: GET /session/810fb078ee6c27b9cde6a2b001d9f929/screenshot - {}
RESULT: {}
COMMAND: DELETE /session/810fb078ee6c27b9cde6a2b001d9f929 - {}
RESULT: {}
]]></system-out>
    </testcase>
  </testsuite>
</testsuites>