<?xml version="1.0" encoding="UTF-8"?>
<testsuites tests="2" failures="0" errors="0" skipped="0">
  <testsuite timestamp="2025-06-05T15:27:31" time="118.194" tests="2" failures="0" errors="0" skipped="0">
    <properties>
      <property name="specId" value="0" />
      <property name="suiteName" value="Dynamic site option US120073" />
      <property name="capabilities" value="chrome.137_0_7151_56.windows" />
      <property name="file" value="file:///D:/a/1/s/test/specs/R2C/dynamic-site-option.spec.js" />
    </properties>
    <testcase classname="chrome.137_0_7151_56.windows.Dynamic_site_option_US120073" name="Should create new site" time="60.045">
      <system-out><![CDATA[
COMMAND: POST /session/f5cc41283fd8e9096104b9783708534c/execute/async - {"script":"<script> [1562 bytes]","args":[{"selector":{"controlType":"sap.ui.core.Icon","viewName":"etm.portal.ui.managesites.view.Master","viewId":"application-managesites-display-component---masterSite","properties":{"src":{"regex":{"source":"add"}}}},"wdio_ui5_key":"etmportal.ui.managesites.view.Mastersap.ui.core.Icon{\"src\":{\"regex\":{\"source\":\"add\"}}}"}]}
RESULT: {"script":"<script> [1562 bytes]","args":[{"selector":{"controlType":"sap.ui.core.Icon","viewName":"etm.portal.ui.managesites.view.Master","viewId":"application-managesites-display-component---masterSite","properties":{"src":{"regex":{"source":"add"}}}},"wdio_ui5_key":"etmportal.ui.managesites.view.Mastersap.ui.core.Icon{\"src\":{\"regex\":{\"source\":\"add\"}}}"}]}
RESULT: undefined
COMMAND: POST /session/f5cc41283fd8e9096104b9783708534c/element - {"using":"xpath","value":"//*[@id=\"__button4-img\"]"}
RESULT: {"using":"xpath","value":"//*[@id=\"__button4-img\"]"}
COMMAND: POST /session/f5cc41283fd8e9096104b9783708534c/element/f.474FA86667ABFA233D381977DFFEE70B.d.C38A60D1703C11AC91A7B7967950B372.e.176/click - {}
RESULT: {}
COMMAND: POST /session/f5cc41283fd8e9096104b9783708534c/execute/async - {"script":"<script> [1562 bytes]","args":[{"selector":{"id":"application-managesites-display-component---NewSite--siteId","interaction":{"idSuffix":"inner"}},"wdio_ui5_key":"applicationmanagesites-display-component---NewSite--siteId"}]}
COMMAND: GET /session/f5cc41283fd8e9096104b9783708534c/screenshot - {}
RESULT: {"script":"<script> [1562 bytes]","args":[{"selector":{"id":"application-managesites-display-component---NewSite--siteId","interaction":{"idSuffix":"inner"}},"wdio_ui5_key":"applicationmanagesites-display-component---NewSite--siteId"}]}
RESULT: undefined
COMMAND: POST /session/f5cc41283fd8e9096104b9783708534c/execute/async - {"script":"<script> [1562 bytes]","args":[{"selector":{"id":"application-managesites-display-component---NewSite--addressDetailDetailsName1","interaction":{"idSuffix":"inner"}},"wdio_ui5_key":"applicationmanagesites-display-component---NewSite--addressDetailDetailsName1"}]}
RESULT: {}
RESULT: {"script":"<script> [1562 bytes]","args":[{"selector":{"id":"application-managesites-display-component---NewSite--addressDetailDetailsName1","interaction":{"idSuffix":"inner"}},"wdio_ui5_key":"applicationmanagesites-display-component---NewSite--addressDetailDetailsName1"}]}
RESULT: undefined
COMMAND: POST /session/f5cc41283fd8e9096104b9783708534c/execute/async - {"script":"<script> [776 bytes]","args":[{"enterText":"Webdriver Site tnmxe","selector":{"id":"application-managesites-display-component---NewSite--addressDetailDetailsName1","interaction":{"idSuffix":"inner"}},"clearTextFirst":true,"interactionType":"ENTER_TEXT"}]}
RESULT: {"script":"<script> [776 bytes]","args":[{"enterText":"Webdriver Site tnmxe","selector":{"id":"application-managesites-display-component---NewSite--addressDetailDetailsName1","interaction":{"idSuffix":"inner"}},"clearTextFirst":true,"interactionType":"ENTER_TEXT"}]}
COMMAND: POST /session/f5cc41283fd8e9096104b9783708534c/execute/async - {"script":"<script> [1562 bytes]","args":[{"selector":{"id":"application-managesites-display-component---NewSite--addressDetailDetailsLanguage","interaction":{"idSuffix":"inner"}},"wdio_ui5_key":"applicationmanagesites-display-component---NewSite--addressDetailDetailsLanguage"}]}
RESULT: {"script":"<script> [1562 bytes]","args":[{"selector":{"id":"application-managesites-display-component---NewSite--addressDetailDetailsLanguage","interaction":{"idSuffix":"inner"}},"wdio_ui5_key":"applicationmanagesites-display-component---NewSite--addressDetailDetailsLanguage"}]}
RESULT: undefined
COMMAND: POST /session/f5cc41283fd8e9096104b9783708534c/execute/async - {"script":"<script> [776 bytes]","args":[{"enterText":"Romanian","selector":{"id":"application-managesites-display-component---NewSite--addressDetailDetailsLanguage","interaction":{"idSuffix":"inner"}},"clearTextFirst":true,"interactionType":"ENTER_TEXT"}]}
RESULT: {"script":"<script> [776 bytes]","args":[{"enterText":"Romanian","selector":{"id":"application-managesites-display-component---NewSite--addressDetailDetailsLanguage","interaction":{"idSuffix":"inner"}},"clearTextFirst":true,"interactionType":"ENTER_TEXT"}]}
COMMAND: POST /session/f5cc41283fd8e9096104b9783708534c/execute/async - {"script":"<script> [1562 bytes]","args":[{"selector":{"id":"application-managesites-display-component---NewSite--addressDetailDetailsCity1","interaction":{"idSuffix":"inner"}},"wdio_ui5_key":"applicationmanagesites-display-component---NewSite--addressDetailDetailsCity1"}]}
RESULT: {"script":"<script> [1562 bytes]","args":[{"selector":{"id":"application-managesites-display-component---NewSite--addressDetailDetailsCity1","interaction":{"idSuffix":"inner"}},"wdio_ui5_key":"applicationmanagesites-display-component---NewSite--addressDetailDetailsCity1"}]}
RESULT: undefined
COMMAND: POST /session/f5cc41283fd8e9096104b9783708534c/execute/async - {"script":"<script> [776 bytes]","args":[{"enterText":"Bucharest","selector":{"id":"application-managesites-display-component---NewSite--addressDetailDetailsCity1","interaction":{"idSuffix":"inner"}},"clearTextFirst":true,"interactionType":"ENTER_TEXT"}]}
RESULT: {"script":"<script> [776 bytes]","args":[{"enterText":"Bucharest","selector":{"id":"application-managesites-display-component---NewSite--addressDetailDetailsCity1","interaction":{"idSuffix":"inner"}},"clearTextFirst":true,"interactionType":"ENTER_TEXT"}]}
COMMAND: POST /session/f5cc41283fd8e9096104b9783708534c/execute/async - {"script":"<script> [1562 bytes]","args":[{"selector":{"id":"application-managesites-display-component---NewSite--addressDetailDetailsCountry","interaction":{"idSuffix":"inner"}},"wdio_ui5_key":"applicationmanagesites-display-component---NewSite--addressDetailDetailsCountry"}]}
RESULT: {"script":"<script> [1562 bytes]","args":[{"selector":{"id":"application-managesites-display-component---NewSite--addressDetailDetailsCountry","interaction":{"idSuffix":"inner"}},"wdio_ui5_key":"applicationmanagesites-display-component---NewSite--addressDetailDetailsCountry"}]}
RESULT: undefined
COMMAND: POST /session/f5cc41283fd8e9096104b9783708534c/execute/async - {"script":"<script> [776 bytes]","args":[{"enterText":"Romania","selector":{"id":"application-managesites-display-component---NewSite--addressDetailDetailsCountry","interaction":{"idSuffix":"inner"}},"clearTextFirst":true,"interactionType":"ENTER_TEXT"}]}
RESULT: {"script":"<script> [776 bytes]","args":[{"enterText":"Romania","selector":{"id":"application-managesites-display-component---NewSite--addressDetailDetailsCountry","interaction":{"idSuffix":"inner"}},"clearTextFirst":true,"interactionType":"ENTER_TEXT"}]}
COMMAND: POST /session/f5cc41283fd8e9096104b9783708534c/execute/async - {"script":"<script> [1562 bytes]","args":[{"selector":{"id":"application-managesites-display-component---NewSite--addressDetailDetailsCalendar","interaction":{"idSuffix":"inner"}},"wdio_ui5_key":"applicationmanagesites-display-component---NewSite--addressDetailDetailsCalendar"}]}
RESULT: {"script":"<script> [1562 bytes]","args":[{"selector":{"id":"application-managesites-display-component---NewSite--addressDetailDetailsCalendar","interaction":{"idSuffix":"inner"}},"wdio_ui5_key":"applicationmanagesites-display-component---NewSite--addressDetailDetailsCalendar"}]}
RESULT: undefined
COMMAND: POST /session/f5cc41283fd8e9096104b9783708534c/execute/async - {"script":"<script> [776 bytes]","args":[{"enterText":"Germany","selector":{"id":"application-managesites-display-component---NewSite--addressDetailDetailsCalendar","interaction":{"idSuffix":"inner"}},"clearTextFirst":true,"interactionType":"ENTER_TEXT"}]}
RESULT: {"script":"<script> [776 bytes]","args":[{"enterText":"Germany","selector":{"id":"application-managesites-display-component---NewSite--addressDetailDetailsCalendar","interaction":{"idSuffix":"inner"}},"clearTextFirst":true,"interactionType":"ENTER_TEXT"}]}
COMMAND: POST /session/f5cc41283fd8e9096104b9783708534c/execute/async - {"script":"<script> [1562 bytes]","args":[{"selector":{"id":"application-managesites-display-component---NewSite--addressEditDetailsCostObjectCstType-arrow"},"wdio_ui5_key":"applicationmanagesites-display-component---NewSite--addressEditDetailsCostObjectCstType-arrow"}]}
RESULT: {"script":"<script> [1562 bytes]","args":[{"selector":{"id":"application-managesites-display-component---NewSite--addressEditDetailsCostObjectCstType-arrow"},"wdio_ui5_key":"applicationmanagesites-display-component---NewSite--addressEditDetailsCostObjectCstType-arrow"}]}
RESULT: undefined
COMMAND: POST /session/f5cc41283fd8e9096104b9783708534c/element - {"using":"xpath","value":"//*[@id=\"application-managesites-display-component---NewSite--addressEditDetailsCostObjectCstType-arrow\"]"}
RESULT: {"using":"xpath","value":"//*[@id=\"application-managesites-display-component---NewSite--addressEditDetailsCostObjectCstType-arrow\"]"}
COMMAND: POST /session/f5cc41283fd8e9096104b9783708534c/element/f.474FA86667ABFA233D381977DFFEE70B.d.C38A60D1703C11AC91A7B7967950B372.e.565/click - {}
RESULT: {}
COMMAND: POST /session/f5cc41283fd8e9096104b9783708534c/element - {"using":"xpath","value":"//span[contains(text(), \"Work Breakdown Structure\")]"}
COMMAND: GET /session/f5cc41283fd8e9096104b9783708534c/screenshot - {}
RESULT: {"using":"xpath","value":"//span[contains(text(), \"Work Breakdown Structure\")]"}
COMMAND: POST /session/f5cc41283fd8e9096104b9783708534c/element/f.474FA86667ABFA233D381977DFFEE70B.d.C38A60D1703C11AC91A7B7967950B372.e.566/click - {}
RESULT: {}
RESULT: {}
COMMAND: GET /session/f5cc41283fd8e9096104b9783708534c/screenshot - {}
RESULT: {}
COMMAND: POST /session/f5cc41283fd8e9096104b9783708534c/execute/async - {"script":"<script> [1562 bytes]","args":[{"selector":{"id":"application-managesites-display-component---NewSite--addressNewCostObjectCstID-vhi"},"wdio_ui5_key":"applicationmanagesites-display-component---NewSite--addressNewCostObjectCstID-vhi"}]}
RESULT: {"script":"<script> [1562 bytes]","args":[{"selector":{"id":"application-managesites-display-component---NewSite--addressNewCostObjectCstID-vhi"},"wdio_ui5_key":"applicationmanagesites-display-component---NewSite--addressNewCostObjectCstID-vhi"}]}
RESULT: undefined
COMMAND: POST /session/f5cc41283fd8e9096104b9783708534c/element - {"using":"xpath","value":"//*[@id=\"application-managesites-display-component---NewSite--addressNewCostObjectCstID-vhi\"]"}
RESULT: {"using":"xpath","value":"//*[@id=\"application-managesites-display-component---NewSite--addressNewCostObjectCstID-vhi\"]"}
COMMAND: POST /session/f5cc41283fd8e9096104b9783708534c/element/f.474FA86667ABFA233D381977DFFEE70B.d.C38A60D1703C11AC91A7B7967950B372.e.571/click - {}
RESULT: {}
COMMAND: GET /session/f5cc41283fd8e9096104b9783708534c/screenshot - {}
RESULT: {}
COMMAND: POST /session/f5cc41283fd8e9096104b9783708534c/execute/async - {"script":"<script> [1562 bytes]","args":[{"selector":{"controlType":"sap.m.SearchField","properties":{"placeholder":"Search"},"searchOpenDialogs":true,"interaction":{"idSuffix":"I"}},"wdio_ui5_key":"sapm.SearchField{\"placeholder\":\"Search\"}"}]}
RESULT: {"script":"<script> [1562 bytes]","args":[{"selector":{"controlType":"sap.m.SearchField","properties":{"placeholder":"Search"},"searchOpenDialogs":true,"interaction":{"idSuffix":"I"}},"wdio_ui5_key":"sapm.SearchField{\"placeholder\":\"Search\"}"}]}
RESULT: undefined
COMMAND: POST /session/f5cc41283fd8e9096104b9783708534c/execute/async - {"script":"<script> [776 bytes]","args":[{"enterText":"A1-000100-01","selector":{"controlType":"sap.m.SearchField","properties":{"placeholder":"Search"},"searchOpenDialogs":true,"interaction":{"idSuffix":"I"}},"clearTextFirst":true,"interactionType":"ENTER_TEXT"}]}
RESULT: {"script":"<script> [776 bytes]","args":[{"enterText":"A1-000100-01","selector":{"controlType":"sap.m.SearchField","properties":{"placeholder":"Search"},"searchOpenDialogs":true,"interaction":{"idSuffix":"I"}},"clearTextFirst":true,"interactionType":"ENTER_TEXT"}]}
COMMAND: POST /session/f5cc41283fd8e9096104b9783708534c/actions - {"actions":[{"id":"action1","type":"key","parameters":{},"actions":[{"type":"keyDown","value":"î€‡"},{"type":"pause","duration":10},{"type":"keyUp","value":"î€‡"}]}]}
RESULT: {"actions":[{"id":"action1","type":"key","parameters":{},"actions":[{"type":"keyDown","value":"î€‡"},{"type":"pause","duration":10},{"type":"keyUp","value":"î€‡"}]}]}
COMMAND: GET /session/f5cc41283fd8e9096104b9783708534c/screenshot - {}
RESULT: {}
COMMAND: POST /session/f5cc41283fd8e9096104b9783708534c/element - {"using":"xpath","value":"//span[contains(text(), \"Template for ETO-Process\")]"}
RESULT: {"using":"xpath","value":"//span[contains(text(), \"Template for ETO-Process\")]"}
COMMAND: POST /session/f5cc41283fd8e9096104b9783708534c/element/f.474FA86667ABFA233D381977DFFEE70B.d.C38A60D1703C11AC91A7B7967950B372.e.590/click - {}
RESULT: {}
COMMAND: GET /session/f5cc41283fd8e9096104b9783708534c/screenshot - {}
RESULT: {}
COMMAND: POST /session/f5cc41283fd8e9096104b9783708534c/element - {"using":"xpath","value":"//bdi[contains(text(), \"OK\")]"}
RESULT: {"using":"xpath","value":"//bdi[contains(text(), \"OK\")]"}
COMMAND: POST /session/f5cc41283fd8e9096104b9783708534c/element/f.474FA86667ABFA233D381977DFFEE70B.d.C38A60D1703C11AC91A7B7967950B372.e.591/click - {}
RESULT: {}
COMMAND: GET /session/f5cc41283fd8e9096104b9783708534c/screenshot - {}
RESULT: {}
COMMAND: POST /session/f5cc41283fd8e9096104b9783708534c/element - {"using":"xpath","value":"//input[@id=\"application-managesites-display-component---NewSite--addressDetailDetailsYard-inner\"]"}
RESULT: {"using":"xpath","value":"//input[@id=\"application-managesites-display-component---NewSite--addressDetailDetailsYard-inner\"]"}
COMMAND: POST /session/f5cc41283fd8e9096104b9783708534c/element/f.474FA86667ABFA233D381977DFFEE70B.d.C38A60D1703C11AC91A7B7967950B372.e.361/value - {"text":"webdriver"}
RESULT: {"text":"webdriver"}
COMMAND: GET /session/f5cc41283fd8e9096104b9783708534c/screenshot - {}
RESULT: {}
COMMAND: POST /session/f5cc41283fd8e9096104b9783708534c/actions - {"actions":[{"id":"action2","type":"key","parameters":{},"actions":[{"type":"keyDown","value":"î€‡"},{"type":"pause","duration":10},{"type":"keyUp","value":"î€‡"}]}]}
RESULT: {"actions":[{"id":"action2","type":"key","parameters":{},"actions":[{"type":"keyDown","value":"î€‡"},{"type":"pause","duration":10},{"type":"keyUp","value":"î€‡"}]}]}
COMMAND: GET /session/f5cc41283fd8e9096104b9783708534c/screenshot - {}
RESULT: {}
COMMAND: POST /session/f5cc41283fd8e9096104b9783708534c/element - {"using":"xpath","value":"//input[@id=\"application-managesites-display-component---NewSite--addressDetailDetailsPartner-inner\"]"}
RESULT: {"using":"xpath","value":"//input[@id=\"application-managesites-display-component---NewSite--addressDetailDetailsPartner-inner\"]"}
COMMAND: POST /session/f5cc41283fd8e9096104b9783708534c/elements - {"using":"xpath","value":"//input[@id=\"application-managesites-display-component---NewSite--addressDetailDetailsPartner-inner\"]"}
RESULT: {"using":"xpath","value":"//input[@id=\"application-managesites-display-component---NewSite--addressDetailDetailsPartner-inner\"]"}
COMMAND: POST /session/f5cc41283fd8e9096104b9783708534c/execute/async - {"script":"<script> [1562 bytes]","args":[{"selector":{"controlType":"sap.m.Button","viewName":"etm.portal.ui.managesites.view.NewSmartSite","viewId":"application-managesites-display-component---NewSite","properties":{"text":"Commercial"},"interaction":{"idSuffix":"BDI-content"}},"wdio_ui5_key":"etmportal.ui.managesites.view.NewSmartSitesap.m.Button{\"text\":\"Commercial\"}"}]}
RESULT: {"script":"<script> [1562 bytes]","args":[{"selector":{"controlType":"sap.m.Button","viewName":"etm.portal.ui.managesites.view.NewSmartSite","viewId":"application-managesites-display-component---NewSite","properties":{"text":"Commercial"},"interaction":{"idSuffix":"BDI-content"}},"wdio_ui5_key":"etmportal.ui.managesites.view.NewSmartSitesap.m.Button{\"text\":\"Commercial\"}"}]}
RESULT: undefined
COMMAND: POST /session/f5cc41283fd8e9096104b9783708534c/element - {"using":"xpath","value":"//*[@id=\"application-managesites-display-component---NewSite--ObjectPageLayout-anchBar-__section5-anchor\"]"}
RESULT: {"using":"xpath","value":"//*[@id=\"application-managesites-display-component---NewSite--ObjectPageLayout-anchBar-__section5-anchor\"]"}
COMMAND: POST /session/f5cc41283fd8e9096104b9783708534c/element/f.474FA86667ABFA233D381977DFFEE70B.d.C38A60D1703C11AC91A7B7967950B372.e.598/click - {}
RESULT: {}
COMMAND: POST /session/f5cc41283fd8e9096104b9783708534c/execute/async - {"script":"<script> [1562 bytes]","args":[{"selector":{"controlType":"sap.m.Button","viewName":"etm.portal.ui.managesites.view.NewSmartSite","viewId":"application-managesites-display-component---NewSite","i18NText":{"propertyName":"text","key":"save"},"interaction":{"idSuffix":"BDI-content"}},"wdio_ui5_key":"etmportal.ui.managesites.view.NewSmartSitesap.m.Button{\"propertyName\":\"text\",\"key\":\"save\"}"}]}
COMMAND: GET /session/f5cc41283fd8e9096104b9783708534c/screenshot - {}
RESULT: {"script":"<script> [1562 bytes]","args":[{"selector":{"controlType":"sap.m.Button","viewName":"etm.portal.ui.managesites.view.NewSmartSite","viewId":"application-managesites-display-component---NewSite","i18NText":{"propertyName":"text","key":"save"},"interaction":{"idSuffix":"BDI-content"}},"wdio_ui5_key":"etmportal.ui.managesites.view.NewSmartSitesap.m.Button{\"propertyName\":\"text\",\"key\":\"save\"}"}]}
RESULT: undefined
COMMAND: POST /session/f5cc41283fd8e9096104b9783708534c/element - {"using":"xpath","value":"//*[@id=\"__button16\"]"}
RESULT: {}
RESULT: {"using":"xpath","value":"//*[@id=\"__button16\"]"}
COMMAND: POST /session/f5cc41283fd8e9096104b9783708534c/element/f.474FA86667ABFA233D381977DFFEE70B.d.C38A60D1703C11AC91A7B7967950B372.e.545/click - {}
RESULT: {}
COMMAND: GET /session/f5cc41283fd8e9096104b9783708534c/screenshot - {}
RESULT: {}
COMMAND: POST /session/f5cc41283fd8e9096104b9783708534c/execute/async - {"script":"<script> [1562 bytes]","args":[{"selector":{"id":"application-managesites-display-component---detailSite--addressDetailDetailsYardText"},"wdio_ui5_key":"applicationmanagesites-display-component---detailSite--addressDetailDetailsYardText"}]}
RESULT: {"script":"<script> [1562 bytes]","args":[{"selector":{"id":"application-managesites-display-component---detailSite--addressDetailDetailsYardText"},"wdio_ui5_key":"applicationmanagesites-display-component---detailSite--addressDetailDetailsYardText"}]}
RESULT: undefined
COMMAND: POST /session/f5cc41283fd8e9096104b9783708534c/execute/async - {"script":"<script> [1562 bytes]","args":[{"selector":{"controlType":"sap.m.Label","viewName":"etm.portal.ui.managesites.view.Detail","viewId":"application-managesites-display-component---detailSite","i18NText":{"propertyName":"text","key":"status"}},"wdio_ui5_key":"etmportal.ui.managesites.view.Detailsap.m.Label{\"propertyName\":\"text\",\"key\":\"status\"}"}]}
RESULT: {"script":"<script> [1562 bytes]","args":[{"selector":{"controlType":"sap.m.Label","viewName":"etm.portal.ui.managesites.view.Detail","viewId":"application-managesites-display-component---detailSite","i18NText":{"propertyName":"text","key":"status"}},"wdio_ui5_key":"etmportal.ui.managesites.view.Detailsap.m.Label{\"propertyName\":\"text\",\"key\":\"status\"}"}]}
RESULT: undefined
COMMAND: POST /session/f5cc41283fd8e9096104b9783708534c/execute/async - {"script":"<script> [6424 bytes]","args":[{"element-6066-11e4-a52e-4f735466cecf":"f.474FA86667ABFA233D381977DFFEE70B.d.C38A60D1703C11AC91A7B7967950B372.e.790"},"getText",[]]}
RESULT: {"script":"<script> [6424 bytes]","args":[{"element-6066-11e4-a52e-4f735466cecf":"f.474FA86667ABFA233D381977DFFEE70B.d.C38A60D1703C11AC91A7B7967950B372.e.790"},"getText",[]]}
]]></system-out>
    </testcase>
    <testcase classname="chrome.137_0_7151_56.windows.Dynamic_site_option_US120073" name="Should edit partner field" time="16.81">
      <system-out><![CDATA[
COMMAND: POST /session/f5cc41283fd8e9096104b9783708534c/execute/async - {"script":"<script> [1562 bytes]","args":[{"selector":{"controlType":"sap.m.Button","viewName":"etm.portal.ui.managesites.view.Detail","viewId":"application-managesites-display-component---detailSite","i18NText":{"propertyName":"text","key":"edit"},"interaction":{"idSuffix":"content"}},"wdio_ui5_key":"etmportal.ui.managesites.view.Detailsap.m.Button{\"propertyName\":\"text\",\"key\":\"edit\"}"}]}
RESULT: {"script":"<script> [1562 bytes]","args":[{"selector":{"controlType":"sap.m.Button","viewName":"etm.portal.ui.managesites.view.Detail","viewId":"application-managesites-display-component---detailSite","i18NText":{"propertyName":"text","key":"edit"},"interaction":{"idSuffix":"content"}},"wdio_ui5_key":"etmportal.ui.managesites.view.Detailsap.m.Button{\"propertyName\":\"text\",\"key\":\"edit\"}"}]}
RESULT: undefined
COMMAND: POST /session/f5cc41283fd8e9096104b9783708534c/element - {"using":"xpath","value":"//*[@id=\"__button35\"]"}
RESULT: {"using":"xpath","value":"//*[@id=\"__button35\"]"}
COMMAND: POST /session/f5cc41283fd8e9096104b9783708534c/element/f.474FA86667ABFA233D381977DFFEE70B.d.C38A60D1703C11AC91A7B7967950B372.e.805/click - {}
RESULT: {}
COMMAND: GET /session/f5cc41283fd8e9096104b9783708534c/screenshot - {}
RESULT: {}
COMMAND: POST /session/f5cc41283fd8e9096104b9783708534c/element - {"using":"xpath","value":"//bdi[contains(text(), \"Commercial\")]"}
RESULT: {"using":"xpath","value":"//bdi[contains(text(), \"Commercial\")]"}
COMMAND: POST /session/f5cc41283fd8e9096104b9783708534c/element/f.474FA86667ABFA233D381977DFFEE70B.d.C38A60D1703C11AC91A7B7967950B372.e.998/click - {}
COMMAND: POST /session/f5cc41283fd8e9096104b9783708534c/element - {"using":"xpath","value":"//bdi[contains(text(), \"Commercial\")]"}
RESULT: {"using":"xpath","value":"//bdi[contains(text(), \"Commercial\")]"}
COMMAND: POST /session/f5cc41283fd8e9096104b9783708534c/element/f.474FA86667ABFA233D381977DFFEE70B.d.C38A60D1703C11AC91A7B7967950B372.e.998/click - {}
COMMAND: POST /session/f5cc41283fd8e9096104b9783708534c/element - {"using":"xpath","value":"//bdi[contains(text(), \"Commercial\")]"}
RESULT: {"using":"xpath","value":"//bdi[contains(text(), \"Commercial\")]"}
COMMAND: POST /session/f5cc41283fd8e9096104b9783708534c/element/f.474FA86667ABFA233D381977DFFEE70B.d.C38A60D1703C11AC91A7B7967950B372.e.1001/click - {}
RESULT: {}
COMMAND: POST /session/f5cc41283fd8e9096104b9783708534c/element - {"using":"xpath","value":"//input[@id=\"application-managesites-display-component---NewSite--addressDetailDetailsPartner-inner\"]"}
COMMAND: GET /session/f5cc41283fd8e9096104b9783708534c/screenshot - {}
RESULT: {"using":"xpath","value":"//input[@id=\"application-managesites-display-component---NewSite--addressDetailDetailsPartner-inner\"]"}
COMMAND: POST /session/f5cc41283fd8e9096104b9783708534c/elements - {"using":"xpath","value":"//input[@id=\"application-managesites-display-component---NewSite--addressDetailDetailsPartner-inner\"]"}
RESULT: {}
RESULT: {"using":"xpath","value":"//input[@id=\"application-managesites-display-component---NewSite--addressDetailDetailsPartner-inner\"]"}
COMMAND: POST /session/f5cc41283fd8e9096104b9783708534c/element - {"using":"xpath","value":"//bdi[contains(text(), \"Save\")]"}
RESULT: {"using":"xpath","value":"//bdi[contains(text(), \"Save\")]"}
COMMAND: DELETE /session/f5cc41283fd8e9096104b9783708534c - {}
RESULT: {}
]]></system-out>
    </testcase>
  </testsuite>
</testsuites>