<?xml version="1.0" encoding="UTF-8"?>
<testsuites tests="21" failures="1" errors="1" skipped="0">
  <testsuite timestamp="2025-04-28T16:59:06" time="327.911" tests="3" failures="0" errors="0" skipped="0">
    <properties>
      <property name="specId" value="0" />
      <property name="suiteName" value="Create condition pricing US117289 US134625" />
      <property name="capabilities" value="chrome.135_0_7049_96.windows" />
      <property name="file" value="file:///D:/a/1/s/test/specs/BTS/create-condition-pricing.spec.js" />
    </properties>
    <testcase classname="chrome.135_0_7049_96.windows.Create_condition_pricing_US117289_US134625" name="Should create a new yard used for all following tests" time="94.035">
      <system-out><![CDATA[
COMMAND: POST /session/211f9bdef6c1513913dbaa9ec9077f8f/window/fullscreen - {}
RESULT: {}
COMMAND: POST /session/211f9bdef6c1513913dbaa9ec9077f8f/execute/async - {"script":"<script> [1562 bytes]","args":[{"selector":{"controlType":"sap.m.GenericTile","properties":{"header":"Manage Yards"}},"wdio_ui5_key":"sapm.GenericTile{\"header\":\"Manage Yards\"}"}]}
RESULT: {"script":"<script> [1562 bytes]","args":[{"selector":{"controlType":"sap.m.GenericTile","properties":{"header":"Manage Yards"}},"wdio_ui5_key":"sapm.GenericTile{\"header\":\"Manage Yards\"}"}]}
RESULT: undefined
COMMAND: POST /session/211f9bdef6c1513913dbaa9ec9077f8f/element - {"using":"xpath","value":"//*[@id=\"__tile41\"]"}
RESULT: {"using":"xpath","value":"//*[@id=\"__tile41\"]"}
COMMAND: POST /session/211f9bdef6c1513913dbaa9ec9077f8f/element/f.4A28FC3DA4D00E0A660421E11FF23D1E.d.73CBA269AF329D52A195F8C50CF57C6F.e.159/click - {}
RESULT: {}
COMMAND: POST /session/211f9bdef6c1513913dbaa9ec9077f8f/element - {"using":"xpath","value":"//button[@data-kt=\"addNewYardOverflowToolbarButton\"]"}
COMMAND: GET /session/211f9bdef6c1513913dbaa9ec9077f8f/screenshot - {}
RESULT: {"using":"xpath","value":"//button[@data-kt=\"addNewYardOverflowToolbarButton\"]"}
COMMAND: POST /session/211f9bdef6c1513913dbaa9ec9077f8f/elements - {"using":"xpath","value":"//button[@data-kt=\"addNewYardOverflowToolbarButton\"]"}
RESULT: {}
RESULT: {"using":"xpath","value":"//button[@data-kt=\"addNewYardOverflowToolbarButton\"]"}
COMMAND: POST /session/211f9bdef6c1513913dbaa9ec9077f8f/elements - {"using":"xpath","value":"//button[@data-kt=\"addNewYardOverflowToolbarButton\"]"}
RESULT: {"using":"xpath","value":"//button[@data-kt=\"addNewYardOverflowToolbarButton\"]"}
COMMAND: POST /session/211f9bdef6c1513913dbaa9ec9077f8f/elements - {"using":"xpath","value":"//button[@data-kt=\"addNewYardOverflowToolbarButton\"]"}
RESULT: {"using":"xpath","value":"//button[@data-kt=\"addNewYardOverflowToolbarButton\"]"}
COMMAND: POST /session/211f9bdef6c1513913dbaa9ec9077f8f/elements - {"using":"xpath","value":"//button[@data-kt=\"addNewYardOverflowToolbarButton\"]"}
RESULT: {"using":"xpath","value":"//button[@data-kt=\"addNewYardOverflowToolbarButton\"]"}
COMMAND: POST /session/211f9bdef6c1513913dbaa9ec9077f8f/elements - {"using":"xpath","value":"//button[@data-kt=\"addNewYardOverflowToolbarButton\"]"}
RESULT: {"using":"xpath","value":"//button[@data-kt=\"addNewYardOverflowToolbarButton\"]"}
COMMAND: POST /session/211f9bdef6c1513913dbaa9ec9077f8f/elements - {"using":"xpath","value":"//button[@data-kt=\"addNewYardOverflowToolbarButton\"]"}
RESULT: {"using":"xpath","value":"//button[@data-kt=\"addNewYardOverflowToolbarButton\"]"}
COMMAND: POST /session/211f9bdef6c1513913dbaa9ec9077f8f/elements - {"using":"xpath","value":"//button[@data-kt=\"addNewYardOverflowToolbarButton\"]"}
RESULT: {"using":"xpath","value":"//button[@data-kt=\"addNewYardOverflowToolbarButton\"]"}
COMMAND: POST /session/211f9bdef6c1513913dbaa9ec9077f8f/elements - {"using":"xpath","value":"//button[@data-kt=\"addNewYardOverflowToolbarButton\"]"}
RESULT: {"using":"xpath","value":"//button[@data-kt=\"addNewYardOverflowToolbarButton\"]"}
COMMAND: POST /session/211f9bdef6c1513913dbaa9ec9077f8f/elements - {"using":"xpath","value":"//button[@data-kt=\"addNewYardOverflowToolbarButton\"]"}
RESULT: {"using":"xpath","value":"//button[@data-kt=\"addNewYardOverflowToolbarButton\"]"}
COMMAND: POST /session/211f9bdef6c1513913dbaa9ec9077f8f/elements - {"using":"xpath","value":"//button[@data-kt=\"addNewYardOverflowToolbarButton\"]"}
RESULT: {"using":"xpath","value":"//button[@data-kt=\"addNewYardOverflowToolbarButton\"]"}
COMMAND: POST /session/211f9bdef6c1513913dbaa9ec9077f8f/elements - {"using":"xpath","value":"//button[@data-kt=\"addNewYardOverflowToolbarButton\"]"}
RESULT: {"using":"xpath","value":"//button[@data-kt=\"addNewYardOverflowToolbarButton\"]"}
COMMAND: POST /session/211f9bdef6c1513913dbaa9ec9077f8f/elements - {"using":"xpath","value":"//button[@data-kt=\"addNewYardOverflowToolbarButton\"]"}
RESULT: {"using":"xpath","value":"//button[@data-kt=\"addNewYardOverflowToolbarButton\"]"}
COMMAND: POST /session/211f9bdef6c1513913dbaa9ec9077f8f/elements - {"using":"xpath","value":"//button[@data-kt=\"addNewYardOverflowToolbarButton\"]"}
RESULT: {"using":"xpath","value":"//button[@data-kt=\"addNewYardOverflowToolbarButton\"]"}
COMMAND: POST /session/211f9bdef6c1513913dbaa9ec9077f8f/elements - {"using":"xpath","value":"//button[@data-kt=\"addNewYardOverflowToolbarButton\"]"}
RESULT: {"using":"xpath","value":"//button[@data-kt=\"addNewYardOverflowToolbarButton\"]"}
COMMAND: POST /session/211f9bdef6c1513913dbaa9ec9077f8f/elements - {"using":"xpath","value":"//button[@data-kt=\"addNewYardOverflowToolbarButton\"]"}
RESULT: {"using":"xpath","value":"//button[@data-kt=\"addNewYardOverflowToolbarButton\"]"}
COMMAND: POST /session/211f9bdef6c1513913dbaa9ec9077f8f/elements - {"using":"xpath","value":"//button[@data-kt=\"addNewYardOverflowToolbarButton\"]"}
RESULT: {"using":"xpath","value":"//button[@data-kt=\"addNewYardOverflowToolbarButton\"]"}
COMMAND: POST /session/211f9bdef6c1513913dbaa9ec9077f8f/elements - {"using":"xpath","value":"//button[@data-kt=\"addNewYardOverflowToolbarButton\"]"}
RESULT: {"using":"xpath","value":"//button[@data-kt=\"addNewYardOverflowToolbarButton\"]"}
COMMAND: POST /session/211f9bdef6c1513913dbaa9ec9077f8f/elements - {"using":"xpath","value":"//button[@data-kt=\"addNewYardOverflowToolbarButton\"]"}
RESULT: {"using":"xpath","value":"//button[@data-kt=\"addNewYardOverflowToolbarButton\"]"}
COMMAND: POST /session/211f9bdef6c1513913dbaa9ec9077f8f/elements - {"using":"xpath","value":"//button[@data-kt=\"addNewYardOverflowToolbarButton\"]"}
RESULT: {"using":"xpath","value":"//button[@data-kt=\"addNewYardOverflowToolbarButton\"]"}
COMMAND: POST /session/211f9bdef6c1513913dbaa9ec9077f8f/elements - {"using":"xpath","value":"//button[@data-kt=\"addNewYardOverflowToolbarButton\"]"}
RESULT: {"using":"xpath","value":"//button[@data-kt=\"addNewYardOverflowToolbarButton\"]"}
COMMAND: POST /session/211f9bdef6c1513913dbaa9ec9077f8f/elements - {"using":"xpath","value":"//button[@data-kt=\"addNewYardOverflowToolbarButton\"]"}
RESULT: {"using":"xpath","value":"//button[@data-kt=\"addNewYardOverflowToolbarButton\"]"}
COMMAND: POST /session/211f9bdef6c1513913dbaa9ec9077f8f/elements - {"using":"xpath","value":"//button[@data-kt=\"addNewYardOverflowToolbarButton\"]"}
RESULT: {"using":"xpath","value":"//button[@data-kt=\"addNewYardOverflowToolbarButton\"]"}
COMMAND: POST /session/211f9bdef6c1513913dbaa9ec9077f8f/elements - {"using":"xpath","value":"//button[@data-kt=\"addNewYardOverflowToolbarButton\"]"}
RESULT: {"using":"xpath","value":"//button[@data-kt=\"addNewYardOverflowToolbarButton\"]"}
COMMAND: POST /session/211f9bdef6c1513913dbaa9ec9077f8f/elements - {"using":"xpath","value":"//button[@data-kt=\"addNewYardOverflowToolbarButton\"]"}
RESULT: {"using":"xpath","value":"//button[@data-kt=\"addNewYardOverflowToolbarButton\"]"}
COMMAND: POST /session/211f9bdef6c1513913dbaa9ec9077f8f/elements - {"using":"xpath","value":"//button[@data-kt=\"addNewYardOverflowToolbarButton\"]"}
RESULT: {"using":"xpath","value":"//button[@data-kt=\"addNewYardOverflowToolbarButton\"]"}
COMMAND: POST /session/211f9bdef6c1513913dbaa9ec9077f8f/elements - {"using":"xpath","value":"//button[@data-kt=\"addNewYardOverflowToolbarButton\"]"}
RESULT: {"using":"xpath","value":"//button[@data-kt=\"addNewYardOverflowToolbarButton\"]"}
COMMAND: POST /session/211f9bdef6c1513913dbaa9ec9077f8f/element - {"using":"xpath","value":"//button[@data-kt=\"addNewYardOverflowToolbarButton\"]"}
RESULT: {"using":"xpath","value":"//button[@data-kt=\"addNewYardOverflowToolbarButton\"]"}
COMMAND: POST /session/211f9bdef6c1513913dbaa9ec9077f8f/execute/sync - {"script":"<script> [8489 bytes]","args":[{"element-6066-11e4-a52e-4f735466cecf":"f.4A28FC3DA4D00E0A660421E11FF23D1E.d.73CBA269AF329D52A195F8C50CF57C6F.e.295","ELEMENT":"f.4A28FC3DA4D00E0A660421E11FF23D1E.d.73CBA269AF329D52A195F8C50CF57C6F.e.295"}]}
RESULT: {"script":"<script> [8489 bytes]","args":[{"element-6066-11e4-a52e-4f735466cecf":"f.4A28FC3DA4D00E0A660421E11FF23D1E.d.73CBA269AF329D52A195F8C50CF57C6F.e.295","ELEMENT":"f.4A28FC3DA4D00E0A660421E11FF23D1E.d.73CBA269AF329D52A195F8C50CF57C6F.e.295"}]}
COMMAND: GET /session/211f9bdef6c1513913dbaa9ec9077f8f/element/f.4A28FC3DA4D00E0A660421E11FF23D1E.d.73CBA269AF329D52A195F8C50CF57C6F.e.295/enabled - {}
COMMAND: GET /session/211f9bdef6c1513913dbaa9ec9077f8f/screenshot - {}
RESULT: {}
COMMAND: POST /session/211f9bdef6c1513913dbaa9ec9077f8f/execute/sync - {"script":"<script> [8489 bytes]","args":[{"element-6066-11e4-a52e-4f735466cecf":"f.4A28FC3DA4D00E0A660421E11FF23D1E.d.73CBA269AF329D52A195F8C50CF57C6F.e.295","ELEMENT":"f.4A28FC3DA4D00E0A660421E11FF23D1E.d.73CBA269AF329D52A195F8C50CF57C6F.e.295"}]}
COMMAND: GET /session/211f9bdef6c1513913dbaa9ec9077f8f/screenshot - {}
RESULT: {}
RESULT: {"script":"<script> [8489 bytes]","args":[{"element-6066-11e4-a52e-4f735466cecf":"f.4A28FC3DA4D00E0A660421E11FF23D1E.d.73CBA269AF329D52A195F8C50CF57C6F.e.295","ELEMENT":"f.4A28FC3DA4D00E0A660421E11FF23D1E.d.73CBA269AF329D52A195F8C50CF57C6F.e.295"}]}
COMMAND: POST /session/211f9bdef6c1513913dbaa9ec9077f8f/execute/sync - {"script":"<script> [5351 bytes]","args":[{"element-6066-11e4-a52e-4f735466cecf":"f.4A28FC3DA4D00E0A660421E11FF23D1E.d.73CBA269AF329D52A195F8C50CF57C6F.e.295","ELEMENT":"f.4A28FC3DA4D00E0A660421E11FF23D1E.d.73CBA269AF329D52A195F8C50CF57C6F.e.295"}]}
COMMAND: GET /session/211f9bdef6c1513913dbaa9ec9077f8f/screenshot - {}
RESULT: {}
RESULT: {"script":"<script> [5351 bytes]","args":[{"element-6066-11e4-a52e-4f735466cecf":"f.4A28FC3DA4D00E0A660421E11FF23D1E.d.73CBA269AF329D52A195F8C50CF57C6F.e.295","ELEMENT":"f.4A28FC3DA4D00E0A660421E11FF23D1E.d.73CBA269AF329D52A195F8C50CF57C6F.e.295"}]}
COMMAND: POST /session/211f9bdef6c1513913dbaa9ec9077f8f/element/f.4A28FC3DA4D00E0A660421E11FF23D1E.d.73CBA269AF329D52A195F8C50CF57C6F.e.295/click - {}
COMMAND: GET /session/211f9bdef6c1513913dbaa9ec9077f8f/screenshot - {}
RESULT: {}
RESULT: {}
COMMAND: GET /session/211f9bdef6c1513913dbaa9ec9077f8f/screenshot - {}
RESULT: {}
COMMAND: POST /session/211f9bdef6c1513913dbaa9ec9077f8f/element - {"using":"xpath","value":"//input[@id=\"application-manageyards-display-component---NewYard--yardId-inner\"]"}
RESULT: {}
RESULT: {"using":"xpath","value":"//input[@id=\"application-manageyards-display-component---NewYard--yardId-inner\"]"}
COMMAND: POST /session/211f9bdef6c1513913dbaa9ec9077f8f/element - {"using":"xpath","value":"//input[@id=\"application-manageyards-display-component---NewYard--yardId-inner\"]"}
RESULT: {"using":"xpath","value":"//input[@id=\"application-manageyards-display-component---NewYard--yardId-inner\"]"}
COMMAND: POST /session/211f9bdef6c1513913dbaa9ec9077f8f/execute/async - {"script":"<script> [1562 bytes]","args":[{"selector":{"id":"application-manageyards-display-component---NewYard--addressDetailDetailsName1","interaction":{"idSuffix":"inner"}},"wdio_ui5_key":"applicationmanageyards-display-component---NewYard--addressDetailDetailsName1"}]}
RESULT: {"script":"<script> [1562 bytes]","args":[{"selector":{"id":"application-manageyards-display-component---NewYard--addressDetailDetailsName1","interaction":{"idSuffix":"inner"}},"wdio_ui5_key":"applicationmanageyards-display-component---NewYard--addressDetailDetailsName1"}]}
RESULT: undefined
COMMAND: POST /session/211f9bdef6c1513913dbaa9ec9077f8f/execute/async - {"script":"<script> [776 bytes]","args":[{"enterText":"DailyPrice WDIO","selector":{"id":"application-manageyards-display-component---NewYard--addressDetailDetailsName1","interaction":{"idSuffix":"inner"}},"clearTextFirst":true,"interactionType":"ENTER_TEXT"}]}
RESULT: {"script":"<script> [776 bytes]","args":[{"enterText":"DailyPrice WDIO","selector":{"id":"application-manageyards-display-component---NewYard--addressDetailDetailsName1","interaction":{"idSuffix":"inner"}},"clearTextFirst":true,"interactionType":"ENTER_TEXT"}]}
COMMAND: POST /session/211f9bdef6c1513913dbaa9ec9077f8f/execute/async - {"script":"<script> [1562 bytes]","args":[{"selector":{"id":"application-manageyards-display-component---NewYard--addressDetailDetailsLanguage-arrow"},"wdio_ui5_key":"applicationmanageyards-display-component---NewYard--addressDetailDetailsLanguage-arrow"}]}
RESULT: {"script":"<script> [1562 bytes]","args":[{"selector":{"id":"application-manageyards-display-component---NewYard--addressDetailDetailsLanguage-arrow"},"wdio_ui5_key":"applicationmanageyards-display-component---NewYard--addressDetailDetailsLanguage-arrow"}]}
RESULT: undefined
COMMAND: POST /session/211f9bdef6c1513913dbaa9ec9077f8f/element - {"using":"xpath","value":"//*[@id=\"application-manageyards-display-component---NewYard--addressDetailDetailsLanguage-arrow\"]"}
RESULT: {"using":"xpath","value":"//*[@id=\"application-manageyards-display-component---NewYard--addressDetailDetailsLanguage-arrow\"]"}
COMMAND: POST /session/211f9bdef6c1513913dbaa9ec9077f8f/element/f.4A28FC3DA4D00E0A660421E11FF23D1E.d.73CBA269AF329D52A195F8C50CF57C6F.e.733/click - {}
RESULT: {}
COMMAND: POST /session/211f9bdef6c1513913dbaa9ec9077f8f/element - {"using":"xpath","value":"//span[contains(text(), \"English\")]"}
COMMAND: GET /session/211f9bdef6c1513913dbaa9ec9077f8f/screenshot - {}
RESULT: {"using":"xpath","value":"//span[contains(text(), \"English\")]"}
COMMAND: POST /session/211f9bdef6c1513913dbaa9ec9077f8f/element/f.4A28FC3DA4D00E0A660421E11FF23D1E.d.73CBA269AF329D52A195F8C50CF57C6F.e.734/click - {}
RESULT: {}
RESULT: {}
COMMAND: POST /session/211f9bdef6c1513913dbaa9ec9077f8f/execute/async - {"script":"<script> [1562 bytes]","args":[{"selector":{"id":"application-manageyards-display-component---NewYard--addressDetailDetailsCity1","interaction":{"idSuffix":"inner"}},"wdio_ui5_key":"applicationmanageyards-display-component---NewYard--addressDetailDetailsCity1"}]}
COMMAND: GET /session/211f9bdef6c1513913dbaa9ec9077f8f/screenshot - {}
RESULT: {"script":"<script> [1562 bytes]","args":[{"selector":{"id":"application-manageyards-display-component---NewYard--addressDetailDetailsCity1","interaction":{"idSuffix":"inner"}},"wdio_ui5_key":"applicationmanageyards-display-component---NewYard--addressDetailDetailsCity1"}]}
RESULT: undefined
COMMAND: POST /session/211f9bdef6c1513913dbaa9ec9077f8f/execute/async - {"script":"<script> [776 bytes]","args":[{"enterText":"Rosario","selector":{"id":"application-manageyards-display-component---NewYard--addressDetailDetailsCity1","interaction":{"idSuffix":"inner"}},"clearTextFirst":true,"interactionType":"ENTER_TEXT"}]}
RESULT: {}
RESULT: {"script":"<script> [776 bytes]","args":[{"enterText":"Rosario","selector":{"id":"application-manageyards-display-component---NewYard--addressDetailDetailsCity1","interaction":{"idSuffix":"inner"}},"clearTextFirst":true,"interactionType":"ENTER_TEXT"}]}
COMMAND: POST /session/211f9bdef6c1513913dbaa9ec9077f8f/execute/async - {"script":"<script> [1562 bytes]","args":[{"selector":{"id":"application-manageyards-display-component---NewYard--addressDetailDetailsCountry-arrow"},"wdio_ui5_key":"applicationmanageyards-display-component---NewYard--addressDetailDetailsCountry-arrow"}]}
RESULT: {"script":"<script> [1562 bytes]","args":[{"selector":{"id":"application-manageyards-display-component---NewYard--addressDetailDetailsCountry-arrow"},"wdio_ui5_key":"applicationmanageyards-display-component---NewYard--addressDetailDetailsCountry-arrow"}]}
RESULT: undefined
COMMAND: POST /session/211f9bdef6c1513913dbaa9ec9077f8f/element - {"using":"xpath","value":"//*[@id=\"application-manageyards-display-component---NewYard--addressDetailDetailsCountry-arrow\"]"}
RESULT: {"using":"xpath","value":"//*[@id=\"application-manageyards-display-component---NewYard--addressDetailDetailsCountry-arrow\"]"}
COMMAND: POST /session/211f9bdef6c1513913dbaa9ec9077f8f/element/f.4A28FC3DA4D00E0A660421E11FF23D1E.d.73CBA269AF329D52A195F8C50CF57C6F.e.736/click - {}
RESULT: {}
COMMAND: POST /session/211f9bdef6c1513913dbaa9ec9077f8f/element - {"using":"xpath","value":"//span[contains(text(), \"Argentina\")]"}
COMMAND: GET /session/211f9bdef6c1513913dbaa9ec9077f8f/screenshot - {}
RESULT: {"using":"xpath","value":"//span[contains(text(), \"Argentina\")]"}
COMMAND: POST /session/211f9bdef6c1513913dbaa9ec9077f8f/element/f.4A28FC3DA4D00E0A660421E11FF23D1E.d.73CBA269AF329D52A195F8C50CF57C6F.e.737/click - {}
RESULT: {}
RESULT: {}
COMMAND: POST /session/211f9bdef6c1513913dbaa9ec9077f8f/execute/async - {"script":"<script> [1562 bytes]","args":[{"selector":{"id":"application-manageyards-display-component---NewYard--addressEditDetailsCostObjectCstType-arrow"},"wdio_ui5_key":"applicationmanageyards-display-component---NewYard--addressEditDetailsCostObjectCstType-arrow"}]}
COMMAND: GET /session/211f9bdef6c1513913dbaa9ec9077f8f/screenshot - {}
RESULT: {"script":"<script> [1562 bytes]","args":[{"selector":{"id":"application-manageyards-display-component---NewYard--addressEditDetailsCostObjectCstType-arrow"},"wdio_ui5_key":"applicationmanageyards-display-component---NewYard--addressEditDetailsCostObjectCstType-arrow"}]}
RESULT: undefined
COMMAND: POST /session/211f9bdef6c1513913dbaa9ec9077f8f/element - {"using":"xpath","value":"//*[@id=\"application-manageyards-display-component---NewYard--addressEditDetailsCostObjectCstType-arrow\"]"}
RESULT: {}
RESULT: {"using":"xpath","value":"//*[@id=\"application-manageyards-display-component---NewYard--addressEditDetailsCostObjectCstType-arrow\"]"}
COMMAND: POST /session/211f9bdef6c1513913dbaa9ec9077f8f/element/f.4A28FC3DA4D00E0A660421E11FF23D1E.d.73CBA269AF329D52A195F8C50CF57C6F.e.739/click - {}
RESULT: {}
COMMAND: POST /session/211f9bdef6c1513913dbaa9ec9077f8f/element - {"using":"xpath","value":"//span[contains(text(), \"Cost Center\")]"}
COMMAND: GET /session/211f9bdef6c1513913dbaa9ec9077f8f/screenshot - {}
RESULT: {"using":"xpath","value":"//span[contains(text(), \"Cost Center\")]"}
COMMAND: POST /session/211f9bdef6c1513913dbaa9ec9077f8f/element/f.4A28FC3DA4D00E0A660421E11FF23D1E.d.73CBA269AF329D52A195F8C50CF57C6F.e.740/click - {}
RESULT: {}
RESULT: {}
COMMAND: GET /session/211f9bdef6c1513913dbaa9ec9077f8f/screenshot - {}
RESULT: {}
COMMAND: POST /session/211f9bdef6c1513913dbaa9ec9077f8f/element - {"using":"xpath","value":"//span[@id=\"application-manageyards-display-component---NewYard--addressNewCostObjectCstID-vhi\"]"}
RESULT: {"using":"xpath","value":"//span[@id=\"application-manageyards-display-component---NewYard--addressNewCostObjectCstID-vhi\"]"}
COMMAND: POST /session/211f9bdef6c1513913dbaa9ec9077f8f/execute/sync - {"script":"<script> [8489 bytes]","args":[{"element-6066-11e4-a52e-4f735466cecf":"f.4A28FC3DA4D00E0A660421E11FF23D1E.d.73CBA269AF329D52A195F8C50CF57C6F.e.744","ELEMENT":"f.4A28FC3DA4D00E0A660421E11FF23D1E.d.73CBA269AF329D52A195F8C50CF57C6F.e.744"}]}
RESULT: {"script":"<script> [8489 bytes]","args":[{"element-6066-11e4-a52e-4f735466cecf":"f.4A28FC3DA4D00E0A660421E11FF23D1E.d.73CBA269AF329D52A195F8C50CF57C6F.e.744","ELEMENT":"f.4A28FC3DA4D00E0A660421E11FF23D1E.d.73CBA269AF329D52A195F8C50CF57C6F.e.744"}]}
COMMAND: POST /session/211f9bdef6c1513913dbaa9ec9077f8f/execute/async - {"script":"<script> [1562 bytes]","args":[{"selector":{"id":"application-manageyards-display-component---NewYard--addressNewCostObjectCstID-vhi"},"wdio_ui5_key":"applicationmanageyards-display-component---NewYard--addressNewCostObjectCstID-vhi"}]}
COMMAND: GET /session/211f9bdef6c1513913dbaa9ec9077f8f/screenshot - {}
RESULT: {"script":"<script> [1562 bytes]","args":[{"selector":{"id":"application-manageyards-display-component---NewYard--addressNewCostObjectCstID-vhi"},"wdio_ui5_key":"applicationmanageyards-display-component---NewYard--addressNewCostObjectCstID-vhi"}]}
RESULT: undefined
COMMAND: POST /session/211f9bdef6c1513913dbaa9ec9077f8f/element - {"using":"xpath","value":"//*[@id=\"application-manageyards-display-component---NewYard--addressNewCostObjectCstID-vhi\"]"}
RESULT: {}
RESULT: {"using":"xpath","value":"//*[@id=\"application-manageyards-display-component---NewYard--addressNewCostObjectCstID-vhi\"]"}
COMMAND: POST /session/211f9bdef6c1513913dbaa9ec9077f8f/element/f.4A28FC3DA4D00E0A660421E11FF23D1E.d.73CBA269AF329D52A195F8C50CF57C6F.e.744/click - {}
RESULT: {}
COMMAND: GET /session/211f9bdef6c1513913dbaa9ec9077f8f/screenshot - {}
RESULT: {}
COMMAND: POST /session/211f9bdef6c1513913dbaa9ec9077f8f/execute/async - {"script":"<script> [1562 bytes]","args":[{"selector":{"controlType":"sap.m.SearchField","properties":{"placeholder":"Search"},"searchOpenDialogs":true,"interaction":{"idSuffix":"I"}},"wdio_ui5_key":"sapm.SearchField{\"placeholder\":\"Search\"}"}]}
RESULT: {"script":"<script> [1562 bytes]","args":[{"selector":{"controlType":"sap.m.SearchField","properties":{"placeholder":"Search"},"searchOpenDialogs":true,"interaction":{"idSuffix":"I"}},"wdio_ui5_key":"sapm.SearchField{\"placeholder\":\"Search\"}"}]}
RESULT: undefined
COMMAND: POST /session/211f9bdef6c1513913dbaa9ec9077f8f/execute/async - {"script":"<script> [776 bytes]","args":[{"enterText":"10001013","selector":{"controlType":"sap.m.SearchField","properties":{"placeholder":"Search"},"searchOpenDialogs":true,"interaction":{"idSuffix":"I"}},"clearTextFirst":true,"interactionType":"ENTER_TEXT"}]}
RESULT: {"script":"<script> [776 bytes]","args":[{"enterText":"10001013","selector":{"controlType":"sap.m.SearchField","properties":{"placeholder":"Search"},"searchOpenDialogs":true,"interaction":{"idSuffix":"I"}},"clearTextFirst":true,"interactionType":"ENTER_TEXT"}]}
COMMAND: POST /session/211f9bdef6c1513913dbaa9ec9077f8f/actions - {"actions":[{"id":"action1","type":"key","parameters":{},"actions":[{"type":"keyDown","value":"î€‡"},{"type":"pause","duration":10},{"type":"keyUp","value":"î€‡"}]}]}
RESULT: {"actions":[{"id":"action1","type":"key","parameters":{},"actions":[{"type":"keyDown","value":"î€‡"},{"type":"pause","duration":10},{"type":"keyUp","value":"î€‡"}]}]}
COMMAND: GET /session/211f9bdef6c1513913dbaa9ec9077f8f/screenshot - {}
RESULT: {}
COMMAND: POST /session/211f9bdef6c1513913dbaa9ec9077f8f/element - {"using":"xpath","value":"//span[contains(text(), \"General Management\")]"}
RESULT: {"using":"xpath","value":"//span[contains(text(), \"General Management\")]"}
COMMAND: POST /session/211f9bdef6c1513913dbaa9ec9077f8f/element/f.4A28FC3DA4D00E0A660421E11FF23D1E.d.73CBA269AF329D52A195F8C50CF57C6F.e.786/click - {}
RESULT: {}
COMMAND: GET /session/211f9bdef6c1513913dbaa9ec9077f8f/screenshot - {}
RESULT: {}
COMMAND: POST /session/211f9bdef6c1513913dbaa9ec9077f8f/element - {"using":"xpath","value":"//bdi[contains(text(), \"OK\")]"}
RESULT: {"using":"xpath","value":"//bdi[contains(text(), \"OK\")]"}
COMMAND: POST /session/211f9bdef6c1513913dbaa9ec9077f8f/element/f.4A28FC3DA4D00E0A660421E11FF23D1E.d.73CBA269AF329D52A195F8C50CF57C6F.e.787/click - {}
RESULT: {}
COMMAND: GET /session/211f9bdef6c1513913dbaa9ec9077f8f/screenshot - {}
RESULT: {}
COMMAND: POST /session/211f9bdef6c1513913dbaa9ec9077f8f/execute/async - {"script":"<script> [1562 bytes]","args":[{"selector":{"id":"application-manageyards-display-component---NewYard--addressEditDetailsCurrency-arrow"},"wdio_ui5_key":"applicationmanageyards-display-component---NewYard--addressEditDetailsCurrency-arrow"}]}
RESULT: {"script":"<script> [1562 bytes]","args":[{"selector":{"id":"application-manageyards-display-component---NewYard--addressEditDetailsCurrency-arrow"},"wdio_ui5_key":"applicationmanageyards-display-component---NewYard--addressEditDetailsCurrency-arrow"}]}
RESULT: undefined
COMMAND: POST /session/211f9bdef6c1513913dbaa9ec9077f8f/element - {"using":"xpath","value":"//*[@id=\"application-manageyards-display-component---NewYard--addressEditDetailsCurrency-arrow\"]"}
RESULT: {"using":"xpath","value":"//*[@id=\"application-manageyards-display-component---NewYard--addressEditDetailsCurrency-arrow\"]"}
COMMAND: POST /session/211f9bdef6c1513913dbaa9ec9077f8f/element/f.4A28FC3DA4D00E0A660421E11FF23D1E.d.73CBA269AF329D52A195F8C50CF57C6F.e.790/click - {}
RESULT: {}
COMMAND: POST /session/211f9bdef6c1513913dbaa9ec9077f8f/element - {"using":"xpath","value":"//span[contains(text(), \"Euro\")]"}
COMMAND: GET /session/211f9bdef6c1513913dbaa9ec9077f8f/screenshot - {}
RESULT: {"using":"xpath","value":"//span[contains(text(), \"Euro\")]"}
COMMAND: POST /session/211f9bdef6c1513913dbaa9ec9077f8f/element/f.4A28FC3DA4D00E0A660421E11FF23D1E.d.73CBA269AF329D52A195F8C50CF57C6F.e.791/click - {}
RESULT: {}
RESULT: {}
COMMAND: POST /session/211f9bdef6c1513913dbaa9ec9077f8f/execute/async - {"script":"<script> [1562 bytes]","args":[{"selector":{"controlType":"sap.m.Input","viewName":"etm.portal.ui.manageyards.view.New","viewId":"application-manageyards-display-component---NewYard","bindingPath":{"path":"","propertyPath":"/CONTROLLING_AREA","modelName":"NewYardModel"},"interaction":{"idSuffix":"inner"}},"wdio_ui5_key":"etmportal.ui.manageyards.view.Newsap.m.Input{\"path\":\"\",\"propertyPath\":\"/CONTROLLING_AREA\",\"modelName\":\"NewYardModel\"}"}]}
COMMAND: GET /session/211f9bdef6c1513913dbaa9ec9077f8f/screenshot - {}
RESULT: {"script":"<script> [1562 bytes]","args":[{"selector":{"controlType":"sap.m.Input","viewName":"etm.portal.ui.manageyards.view.New","viewId":"application-manageyards-display-component---NewYard","bindingPath":{"path":"","propertyPath":"/CONTROLLING_AREA","modelName":"NewYardModel"},"interaction":{"idSuffix":"inner"}},"wdio_ui5_key":"etmportal.ui.manageyards.view.Newsap.m.Input{\"path\":\"\",\"propertyPath\":\"/CONTROLLING_AREA\",\"modelName\":\"NewYardModel\"}"}]}
RESULT: undefined
COMMAND: POST /session/211f9bdef6c1513913dbaa9ec9077f8f/execute/async - {"script":"<script> [776 bytes]","args":[{"enterText":"Z001","selector":{"controlType":"sap.m.Input","viewName":"etm.portal.ui.manageyards.view.New","viewId":"application-manageyards-display-component---NewYard","bindingPath":{"path":"","propertyPath":"/CONTROLLING_AREA","modelName":"NewYardModel"},"interaction":{"idSuffix":"inner"}},"clearTextFirst":true,"interactionType":"ENTER_TEXT"}]}
RESULT: {}
RESULT: {"script":"<script> [776 bytes]","args":[{"enterText":"Z001","selector":{"controlType":"sap.m.Input","viewName":"etm.portal.ui.manageyards.view.New","viewId":"application-manageyards-display-component---NewYard","bindingPath":{"path":"","propertyPath":"/CONTROLLING_AREA","modelName":"NewYardModel"},"interaction":{"idSuffix":"inner"}},"clearTextFirst":true,"interactionType":"ENTER_TEXT"}]}
COMMAND: POST /session/211f9bdef6c1513913dbaa9ec9077f8f/execute/async - {"script":"<script> [1562 bytes]","args":[{"selector":{"id":"application-manageyards-display-component---NewYard--companyCodeComboBox","interaction":{"idSuffix":"inner"}},"wdio_ui5_key":"applicationmanageyards-display-component---NewYard--companyCodeComboBox"}]}
RESULT: {"script":"<script> [1562 bytes]","args":[{"selector":{"id":"application-manageyards-display-component---NewYard--companyCodeComboBox","interaction":{"idSuffix":"inner"}},"wdio_ui5_key":"applicationmanageyards-display-component---NewYard--companyCodeComboBox"}]}
RESULT: undefined
COMMAND: POST /session/211f9bdef6c1513913dbaa9ec9077f8f/execute/async - {"script":"<script> [776 bytes]","args":[{"enterText":"1000","selector":{"id":"application-manageyards-display-component---NewYard--companyCodeComboBox","interaction":{"idSuffix":"inner"}},"clearTextFirst":true,"interactionType":"ENTER_TEXT"}]}
RESULT: {"script":"<script> [776 bytes]","args":[{"enterText":"1000","selector":{"id":"application-manageyards-display-component---NewYard--companyCodeComboBox","interaction":{"idSuffix":"inner"}},"clearTextFirst":true,"interactionType":"ENTER_TEXT"}]}
COMMAND: POST /session/211f9bdef6c1513913dbaa9ec9077f8f/execute/async - {"script":"<script> [1562 bytes]","args":[{"selector":{"controlType":"sap.m.Input","viewName":"etm.portal.ui.manageyards.view.New","viewId":"application-manageyards-display-component---NewYard","bindingPath":{"path":"","propertyPath":"/PLANT","modelName":"NewYardModel"},"interaction":{"idSuffix":"inner"}},"wdio_ui5_key":"etmportal.ui.manageyards.view.Newsap.m.Input{\"path\":\"\",\"propertyPath\":\"/PLANT\",\"modelName\":\"NewYardModel\"}"}]}
RESULT: {"script":"<script> [1562 bytes]","args":[{"selector":{"controlType":"sap.m.Input","viewName":"etm.portal.ui.manageyards.view.New","viewId":"application-manageyards-display-component---NewYard","bindingPath":{"path":"","propertyPath":"/PLANT","modelName":"NewYardModel"},"interaction":{"idSuffix":"inner"}},"wdio_ui5_key":"etmportal.ui.manageyards.view.Newsap.m.Input{\"path\":\"\",\"propertyPath\":\"/PLANT\",\"modelName\":\"NewYardModel\"}"}]}
RESULT: undefined
COMMAND: POST /session/211f9bdef6c1513913dbaa9ec9077f8f/execute/async - {"script":"<script> [776 bytes]","args":[{"enterText":"1001","selector":{"controlType":"sap.m.Input","viewName":"etm.portal.ui.manageyards.view.New","viewId":"application-manageyards-display-component---NewYard","bindingPath":{"path":"","propertyPath":"/PLANT","modelName":"NewYardModel"},"interaction":{"idSuffix":"inner"}},"clearTextFirst":true,"interactionType":"ENTER_TEXT"}]}
RESULT: {"script":"<script> [776 bytes]","args":[{"enterText":"1001","selector":{"controlType":"sap.m.Input","viewName":"etm.portal.ui.manageyards.view.New","viewId":"application-manageyards-display-component---NewYard","bindingPath":{"path":"","propertyPath":"/PLANT","modelName":"NewYardModel"},"interaction":{"idSuffix":"inner"}},"clearTextFirst":true,"interactionType":"ENTER_TEXT"}]}
COMMAND: POST /session/211f9bdef6c1513913dbaa9ec9077f8f/execute/async - {"script":"<script> [1562 bytes]","args":[{"selector":{"controlType":"sap.m.Input","viewName":"etm.portal.ui.manageyards.view.New","viewId":"application-manageyards-display-component---NewYard","bindingPath":{"path":"","propertyPath":"/SALES_AREA_VKORG","modelName":"NewYardModel"},"interaction":{"idSuffix":"inner"}},"wdio_ui5_key":"etmportal.ui.manageyards.view.Newsap.m.Input{\"path\":\"\",\"propertyPath\":\"/SALES_AREA_VKORG\",\"modelName\":\"NewYardModel\"}"}]}
RESULT: {"script":"<script> [1562 bytes]","args":[{"selector":{"controlType":"sap.m.Input","viewName":"etm.portal.ui.manageyards.view.New","viewId":"application-manageyards-display-component---NewYard","bindingPath":{"path":"","propertyPath":"/SALES_AREA_VKORG","modelName":"NewYardModel"},"interaction":{"idSuffix":"inner"}},"wdio_ui5_key":"etmportal.ui.manageyards.view.Newsap.m.Input{\"path\":\"\",\"propertyPath\":\"/SALES_AREA_VKORG\",\"modelName\":\"NewYardModel\"}"}]}
RESULT: undefined
COMMAND: POST /session/211f9bdef6c1513913dbaa9ec9077f8f/execute/async - {"script":"<script> [776 bytes]","args":[{"enterText":"C002","selector":{"controlType":"sap.m.Input","viewName":"etm.portal.ui.manageyards.view.New","viewId":"application-manageyards-display-component---NewYard","bindingPath":{"path":"","propertyPath":"/SALES_AREA_VKORG","modelName":"NewYardModel"},"interaction":{"idSuffix":"inner"}},"clearTextFirst":true,"interactionType":"ENTER_TEXT"}]}
RESULT: {"script":"<script> [776 bytes]","args":[{"enterText":"C002","selector":{"controlType":"sap.m.Input","viewName":"etm.portal.ui.manageyards.view.New","viewId":"application-manageyards-display-component---NewYard","bindingPath":{"path":"","propertyPath":"/SALES_AREA_VKORG","modelName":"NewYardModel"},"interaction":{"idSuffix":"inner"}},"clearTextFirst":true,"interactionType":"ENTER_TEXT"}]}
COMMAND: POST /session/211f9bdef6c1513913dbaa9ec9077f8f/execute/async - {"script":"<script> [1562 bytes]","args":[{"selector":{"controlType":"sap.m.Input","viewName":"etm.portal.ui.manageyards.view.New","viewId":"application-manageyards-display-component---NewYard","bindingPath":{"path":"","propertyPath":"/SALES_AREA_VTWEG","modelName":"NewYardModel"},"interaction":{"idSuffix":"inner"}},"wdio_ui5_key":"etmportal.ui.manageyards.view.Newsap.m.Input{\"path\":\"\",\"propertyPath\":\"/SALES_AREA_VTWEG\",\"modelName\":\"NewYardModel\"}"}]}
RESULT: {"script":"<script> [1562 bytes]","args":[{"selector":{"controlType":"sap.m.Input","viewName":"etm.portal.ui.manageyards.view.New","viewId":"application-manageyards-display-component---NewYard","bindingPath":{"path":"","propertyPath":"/SALES_AREA_VTWEG","modelName":"NewYardModel"},"interaction":{"idSuffix":"inner"}},"wdio_ui5_key":"etmportal.ui.manageyards.view.Newsap.m.Input{\"path\":\"\",\"propertyPath\":\"/SALES_AREA_VTWEG\",\"modelName\":\"NewYardModel\"}"}]}
RESULT: undefined
COMMAND: POST /session/211f9bdef6c1513913dbaa9ec9077f8f/execute/async - {"script":"<script> [776 bytes]","args":[{"enterText":"C2","selector":{"controlType":"sap.m.Input","viewName":"etm.portal.ui.manageyards.view.New","viewId":"application-manageyards-display-component---NewYard","bindingPath":{"path":"","propertyPath":"/SALES_AREA_VTWEG","modelName":"NewYardModel"},"interaction":{"idSuffix":"inner"}},"clearTextFirst":true,"interactionType":"ENTER_TEXT"}]}
RESULT: {"script":"<script> [776 bytes]","args":[{"enterText":"C2","selector":{"controlType":"sap.m.Input","viewName":"etm.portal.ui.manageyards.view.New","viewId":"application-manageyards-display-component---NewYard","bindingPath":{"path":"","propertyPath":"/SALES_AREA_VTWEG","modelName":"NewYardModel"},"interaction":{"idSuffix":"inner"}},"clearTextFirst":true,"interactionType":"ENTER_TEXT"}]}
COMMAND: POST /session/211f9bdef6c1513913dbaa9ec9077f8f/execute/async - {"script":"<script> [1562 bytes]","args":[{"selector":{"controlType":"sap.m.Input","viewName":"etm.portal.ui.manageyards.view.New","viewId":"application-manageyards-display-component---NewYard","bindingPath":{"path":"","propertyPath":"/SALES_AREA_SPART","modelName":"NewYardModel"},"interaction":{"idSuffix":"inner"}},"wdio_ui5_key":"etmportal.ui.manageyards.view.Newsap.m.Input{\"path\":\"\",\"propertyPath\":\"/SALES_AREA_SPART\",\"modelName\":\"NewYardModel\"}"}]}
RESULT: {"script":"<script> [1562 bytes]","args":[{"selector":{"controlType":"sap.m.Input","viewName":"etm.portal.ui.manageyards.view.New","viewId":"application-manageyards-display-component---NewYard","bindingPath":{"path":"","propertyPath":"/SALES_AREA_SPART","modelName":"NewYardModel"},"interaction":{"idSuffix":"inner"}},"wdio_ui5_key":"etmportal.ui.manageyards.view.Newsap.m.Input{\"path\":\"\",\"propertyPath\":\"/SALES_AREA_SPART\",\"modelName\":\"NewYardModel\"}"}]}
RESULT: undefined
COMMAND: POST /session/211f9bdef6c1513913dbaa9ec9077f8f/execute/async - {"script":"<script> [776 bytes]","args":[{"enterText":"C2","selector":{"controlType":"sap.m.Input","viewName":"etm.portal.ui.manageyards.view.New","viewId":"application-manageyards-display-component---NewYard","bindingPath":{"path":"","propertyPath":"/SALES_AREA_SPART","modelName":"NewYardModel"},"interaction":{"idSuffix":"inner"}},"clearTextFirst":true,"interactionType":"ENTER_TEXT"}]}
RESULT: {"script":"<script> [776 bytes]","args":[{"enterText":"C2","selector":{"controlType":"sap.m.Input","viewName":"etm.portal.ui.manageyards.view.New","viewId":"application-manageyards-display-component---NewYard","bindingPath":{"path":"","propertyPath":"/SALES_AREA_SPART","modelName":"NewYardModel"},"interaction":{"idSuffix":"inner"}},"clearTextFirst":true,"interactionType":"ENTER_TEXT"}]}
COMMAND: POST /session/211f9bdef6c1513913dbaa9ec9077f8f/execute/async - {"script":"<script> [1562 bytes]","args":[{"selector":{"controlType":"sap.m.Input","viewName":"etm.portal.ui.manageyards.view.New","viewId":"application-manageyards-display-component---NewYard","bindingPath":{"path":"","propertyPath":"/SHIP_POINT","modelName":"NewYardModel"},"interaction":{"idSuffix":"inner"}},"wdio_ui5_key":"etmportal.ui.manageyards.view.Newsap.m.Input{\"path\":\"\",\"propertyPath\":\"/SHIP_POINT\",\"modelName\":\"NewYardModel\"}"}]}
RESULT: {"script":"<script> [1562 bytes]","args":[{"selector":{"controlType":"sap.m.Input","viewName":"etm.portal.ui.manageyards.view.New","viewId":"application-manageyards-display-component---NewYard","bindingPath":{"path":"","propertyPath":"/SHIP_POINT","modelName":"NewYardModel"},"interaction":{"idSuffix":"inner"}},"wdio_ui5_key":"etmportal.ui.manageyards.view.Newsap.m.Input{\"path\":\"\",\"propertyPath\":\"/SHIP_POINT\",\"modelName\":\"NewYardModel\"}"}]}
RESULT: undefined
COMMAND: POST /session/211f9bdef6c1513913dbaa9ec9077f8f/execute/async - {"script":"<script> [776 bytes]","args":[{"enterText":"1710","selector":{"controlType":"sap.m.Input","viewName":"etm.portal.ui.manageyards.view.New","viewId":"application-manageyards-display-component---NewYard","bindingPath":{"path":"","propertyPath":"/SHIP_POINT","modelName":"NewYardModel"},"interaction":{"idSuffix":"inner"}},"clearTextFirst":true,"interactionType":"ENTER_TEXT"}]}
RESULT: {"script":"<script> [776 bytes]","args":[{"enterText":"1710","selector":{"controlType":"sap.m.Input","viewName":"etm.portal.ui.manageyards.view.New","viewId":"application-manageyards-display-component---NewYard","bindingPath":{"path":"","propertyPath":"/SHIP_POINT","modelName":"NewYardModel"},"interaction":{"idSuffix":"inner"}},"clearTextFirst":true,"interactionType":"ENTER_TEXT"}]}
COMMAND: POST /session/211f9bdef6c1513913dbaa9ec9077f8f/execute/async - {"script":"<script> [1562 bytes]","args":[{"selector":{"controlType":"sap.m.Input","viewName":"etm.portal.ui.manageyards.view.New","viewId":"application-manageyards-display-component---NewYard","bindingPath":{"path":"","propertyPath":"/DELIVERY_TYPE","modelName":"NewYardModel"},"interaction":{"idSuffix":"inner"}},"wdio_ui5_key":"etmportal.ui.manageyards.view.Newsap.m.Input{\"path\":\"\",\"propertyPath\":\"/DELIVERY_TYPE\",\"modelName\":\"NewYardModel\"}"}]}
RESULT: {"script":"<script> [1562 bytes]","args":[{"selector":{"controlType":"sap.m.Input","viewName":"etm.portal.ui.manageyards.view.New","viewId":"application-manageyards-display-component---NewYard","bindingPath":{"path":"","propertyPath":"/DELIVERY_TYPE","modelName":"NewYardModel"},"interaction":{"idSuffix":"inner"}},"wdio_ui5_key":"etmportal.ui.manageyards.view.Newsap.m.Input{\"path\":\"\",\"propertyPath\":\"/DELIVERY_TYPE\",\"modelName\":\"NewYardModel\"}"}]}
RESULT: undefined
COMMAND: POST /session/211f9bdef6c1513913dbaa9ec9077f8f/execute/async - {"script":"<script> [776 bytes]","args":[{"enterText":"ZL01","selector":{"controlType":"sap.m.Input","viewName":"etm.portal.ui.manageyards.view.New","viewId":"application-manageyards-display-component---NewYard","bindingPath":{"path":"","propertyPath":"/DELIVERY_TYPE","modelName":"NewYardModel"},"interaction":{"idSuffix":"inner"}},"clearTextFirst":true,"interactionType":"ENTER_TEXT"}]}
RESULT: {"script":"<script> [776 bytes]","args":[{"enterText":"ZL01","selector":{"controlType":"sap.m.Input","viewName":"etm.portal.ui.manageyards.view.New","viewId":"application-manageyards-display-component---NewYard","bindingPath":{"path":"","propertyPath":"/DELIVERY_TYPE","modelName":"NewYardModel"},"interaction":{"idSuffix":"inner"}},"clearTextFirst":true,"interactionType":"ENTER_TEXT"}]}
COMMAND: POST /session/211f9bdef6c1513913dbaa9ec9077f8f/execute/async - {"script":"<script> [1562 bytes]","args":[{"selector":{"controlType":"sap.m.Input","viewName":"etm.portal.ui.manageyards.view.New","viewId":"application-manageyards-display-component---NewYard","bindingPath":{"path":"","propertyPath":"/AUART","modelName":"NewYardModel"},"interaction":{"idSuffix":"inner"}},"wdio_ui5_key":"etmportal.ui.manageyards.view.Newsap.m.Input{\"path\":\"\",\"propertyPath\":\"/AUART\",\"modelName\":\"NewYardModel\"}"}]}
RESULT: {"script":"<script> [1562 bytes]","args":[{"selector":{"controlType":"sap.m.Input","viewName":"etm.portal.ui.manageyards.view.New","viewId":"application-manageyards-display-component---NewYard","bindingPath":{"path":"","propertyPath":"/AUART","modelName":"NewYardModel"},"interaction":{"idSuffix":"inner"}},"wdio_ui5_key":"etmportal.ui.manageyards.view.Newsap.m.Input{\"path\":\"\",\"propertyPath\":\"/AUART\",\"modelName\":\"NewYardModel\"}"}]}
RESULT: undefined
COMMAND: POST /session/211f9bdef6c1513913dbaa9ec9077f8f/execute/async - {"script":"<script> [776 bytes]","args":[{"enterText":"TA","selector":{"controlType":"sap.m.Input","viewName":"etm.portal.ui.manageyards.view.New","viewId":"application-manageyards-display-component---NewYard","bindingPath":{"path":"","propertyPath":"/AUART","modelName":"NewYardModel"},"interaction":{"idSuffix":"inner"}},"clearTextFirst":true,"interactionType":"ENTER_TEXT"}]}
RESULT: {"script":"<script> [776 bytes]","args":[{"enterText":"TA","selector":{"controlType":"sap.m.Input","viewName":"etm.portal.ui.manageyards.view.New","viewId":"application-manageyards-display-component---NewYard","bindingPath":{"path":"","propertyPath":"/AUART","modelName":"NewYardModel"},"interaction":{"idSuffix":"inner"}},"clearTextFirst":true,"interactionType":"ENTER_TEXT"}]}
COMMAND: POST /session/211f9bdef6c1513913dbaa9ec9077f8f/element - {"using":"xpath","value":"//button[@data-kt=\"newYardSaveButton\"]"}
RESULT: {"using":"xpath","value":"//button[@data-kt=\"newYardSaveButton\"]"}
COMMAND: POST /session/211f9bdef6c1513913dbaa9ec9077f8f/element/f.4A28FC3DA4D00E0A660421E11FF23D1E.d.73CBA269AF329D52A195F8C50CF57C6F.e.701/click - {}
RESULT: {}
COMMAND: GET /session/211f9bdef6c1513913dbaa9ec9077f8f/screenshot - {}
RESULT: {}
COMMAND: POST /session/211f9bdef6c1513913dbaa9ec9077f8f/element - {"using":"xpath","value":"//header[contains(@id, 'ObjectPageLayout-headerTitle')]/div[1]/div[2]/div[1]/span[1]"}
RESULT: {"using":"xpath","value":"//header[contains(@id, 'ObjectPageLayout-headerTitle')]/div[1]/div[2]/div[1]/span[1]"}
COMMAND: POST /session/211f9bdef6c1513913dbaa9ec9077f8f/elements - {"using":"xpath","value":"//header[contains(@id, 'ObjectPageLayout-headerTitle')]/div[1]/div[2]/div[1]/span[1]"}
RESULT: {"using":"xpath","value":"//header[contains(@id, 'ObjectPageLayout-headerTitle')]/div[1]/div[2]/div[1]/span[1]"}
COMMAND: POST /session/211f9bdef6c1513913dbaa9ec9077f8f/execute/sync - {"script":"<script> [56 bytes]","args":[{"element-6066-11e4-a52e-4f735466cecf":"f.4A28FC3DA4D00E0A660421E11FF23D1E.d.73CBA269AF329D52A195F8C50CF57C6F.e.1015","ELEMENT":"f.4A28FC3DA4D00E0A660421E11FF23D1E.d.73CBA269AF329D52A195F8C50CF57C6F.e.1015"}]}
RESULT: {"script":"<script> [56 bytes]","args":[{"element-6066-11e4-a52e-4f735466cecf":"f.4A28FC3DA4D00E0A660421E11FF23D1E.d.73CBA269AF329D52A195F8C50CF57C6F.e.1015","ELEMENT":"f.4A28FC3DA4D00E0A660421E11FF23D1E.d.73CBA269AF329D52A195F8C50CF57C6F.e.1015"}]}
COMMAND: GET /session/211f9bdef6c1513913dbaa9ec9077f8f/screenshot - {}
RESULT: {}
COMMAND: POST /session/211f9bdef6c1513913dbaa9ec9077f8f/element - {"using":"css selector","value":"#shell-header-logo"}
RESULT: {"using":"css selector","value":"#shell-header-logo"}
COMMAND: POST /session/211f9bdef6c1513913dbaa9ec9077f8f/element/f.4A28FC3DA4D00E0A660421E11FF23D1E.d.73CBA269AF329D52A195F8C50CF57C6F.e.262/click - {}
RESULT: {}
COMMAND: GET /session/211f9bdef6c1513913dbaa9ec9077f8f/screenshot - {}
RESULT: {}
COMMAND: POST /session/211f9bdef6c1513913dbaa9ec9077f8f/execute/sync - {"script":"<script> [299 bytes]","args":[["getModel","getResource"]]}
RESULT: {"script":"<script> [299 bytes]","args":[["getModel","getResource"]]}
]]></system-out>
    </testcase>
    <testcase classname="chrome.135_0_7049_96.windows.Create_condition_pricing_US117289_US134625" name="Should create a new equipment used for all following tests" time="119.149">
      <system-out><![CDATA[
COMMAND: POST /session/211f9bdef6c1513913dbaa9ec9077f8f/execute/async - {"script":"<script> [1562 bytes]","args":[{"selector":{"controlType":"sap.m.GenericTile","properties":{"header":"Manage Resources"}},"wdio_ui5_key":"sapm.GenericTile{\"header\":\"Manage Resources\"}"}]}
COMMAND: GET /session/211f9bdef6c1513913dbaa9ec9077f8f/screenshot - {}
RESULT: {"script":"<script> [1562 bytes]","args":[{"selector":{"controlType":"sap.m.GenericTile","properties":{"header":"Manage Resources"}},"wdio_ui5_key":"sapm.GenericTile{\"header\":\"Manage Resources\"}"}]}
RESULT: undefined
COMMAND: POST /session/211f9bdef6c1513913dbaa9ec9077f8f/element - {"using":"xpath","value":"//*[@id=\"__tile39\"]"}
RESULT: {}
RESULT: {"using":"xpath","value":"//*[@id=\"__tile39\"]"}
COMMAND: POST /session/211f9bdef6c1513913dbaa9ec9077f8f/element/f.4A28FC3DA4D00E0A660421E11FF23D1E.d.73CBA269AF329D52A195F8C50CF57C6F.e.153/click - {}
RESULT: {}
COMMAND: POST /session/211f9bdef6c1513913dbaa9ec9077f8f/element - {"using":"xpath","value":"//button[@data-kt=\"addNewRUOverflowToolbarButton\"]"}
COMMAND: GET /session/211f9bdef6c1513913dbaa9ec9077f8f/screenshot - {}
RESULT: {}
RESULT: {"using":"xpath","value":"//button[@data-kt=\"addNewRUOverflowToolbarButton\"]"}
COMMAND: POST /session/211f9bdef6c1513913dbaa9ec9077f8f/elements - {"using":"xpath","value":"//button[@data-kt=\"addNewRUOverflowToolbarButton\"]"}
RESULT: {"using":"xpath","value":"//button[@data-kt=\"addNewRUOverflowToolbarButton\"]"}
COMMAND: POST /session/211f9bdef6c1513913dbaa9ec9077f8f/elements - {"using":"xpath","value":"//button[@data-kt=\"addNewRUOverflowToolbarButton\"]"}
RESULT: {"using":"xpath","value":"//button[@data-kt=\"addNewRUOverflowToolbarButton\"]"}
COMMAND: POST /session/211f9bdef6c1513913dbaa9ec9077f8f/elements - {"using":"xpath","value":"//button[@data-kt=\"addNewRUOverflowToolbarButton\"]"}
RESULT: {"using":"xpath","value":"//button[@data-kt=\"addNewRUOverflowToolbarButton\"]"}
COMMAND: POST /session/211f9bdef6c1513913dbaa9ec9077f8f/elements - {"using":"xpath","value":"//button[@data-kt=\"addNewRUOverflowToolbarButton\"]"}
RESULT: {"using":"xpath","value":"//button[@data-kt=\"addNewRUOverflowToolbarButton\"]"}
COMMAND: POST /session/211f9bdef6c1513913dbaa9ec9077f8f/elements - {"using":"xpath","value":"//button[@data-kt=\"addNewRUOverflowToolbarButton\"]"}
RESULT: {"using":"xpath","value":"//button[@data-kt=\"addNewRUOverflowToolbarButton\"]"}
COMMAND: POST /session/211f9bdef6c1513913dbaa9ec9077f8f/elements - {"using":"xpath","value":"//button[@data-kt=\"addNewRUOverflowToolbarButton\"]"}
RESULT: {"using":"xpath","value":"//button[@data-kt=\"addNewRUOverflowToolbarButton\"]"}
COMMAND: POST /session/211f9bdef6c1513913dbaa9ec9077f8f/elements - {"using":"xpath","value":"//button[@data-kt=\"addNewRUOverflowToolbarButton\"]"}
RESULT: {"using":"xpath","value":"//button[@data-kt=\"addNewRUOverflowToolbarButton\"]"}
COMMAND: POST /session/211f9bdef6c1513913dbaa9ec9077f8f/elements - {"using":"xpath","value":"//button[@data-kt=\"addNewRUOverflowToolbarButton\"]"}
RESULT: {"using":"xpath","value":"//button[@data-kt=\"addNewRUOverflowToolbarButton\"]"}
COMMAND: POST /session/211f9bdef6c1513913dbaa9ec9077f8f/elements - {"using":"xpath","value":"//button[@data-kt=\"addNewRUOverflowToolbarButton\"]"}
RESULT: {"using":"xpath","value":"//button[@data-kt=\"addNewRUOverflowToolbarButton\"]"}
COMMAND: POST /session/211f9bdef6c1513913dbaa9ec9077f8f/elements - {"using":"xpath","value":"//button[@data-kt=\"addNewRUOverflowToolbarButton\"]"}
RESULT: {"using":"xpath","value":"//button[@data-kt=\"addNewRUOverflowToolbarButton\"]"}
COMMAND: POST /session/211f9bdef6c1513913dbaa9ec9077f8f/elements - {"using":"xpath","value":"//button[@data-kt=\"addNewRUOverflowToolbarButton\"]"}
RESULT: {"using":"xpath","value":"//button[@data-kt=\"addNewRUOverflowToolbarButton\"]"}
COMMAND: POST /session/211f9bdef6c1513913dbaa9ec9077f8f/elements - {"using":"xpath","value":"//button[@data-kt=\"addNewRUOverflowToolbarButton\"]"}
RESULT: {"using":"xpath","value":"//button[@data-kt=\"addNewRUOverflowToolbarButton\"]"}
COMMAND: POST /session/211f9bdef6c1513913dbaa9ec9077f8f/elements - {"using":"xpath","value":"//button[@data-kt=\"addNewRUOverflowToolbarButton\"]"}
RESULT: {"using":"xpath","value":"//button[@data-kt=\"addNewRUOverflowToolbarButton\"]"}
COMMAND: POST /session/211f9bdef6c1513913dbaa9ec9077f8f/element - {"using":"xpath","value":"//button[@data-kt=\"addNewRUOverflowToolbarButton\"]"}
RESULT: {"using":"xpath","value":"//button[@data-kt=\"addNewRUOverflowToolbarButton\"]"}
COMMAND: POST /session/211f9bdef6c1513913dbaa9ec9077f8f/execute/sync - {"script":"<script> [8489 bytes]","args":[{"element-6066-11e4-a52e-4f735466cecf":"f.4A28FC3DA4D00E0A660421E11FF23D1E.d.73CBA269AF329D52A195F8C50CF57C6F.e.1058","ELEMENT":"f.4A28FC3DA4D00E0A660421E11FF23D1E.d.73CBA269AF329D52A195F8C50CF57C6F.e.1058"}]}
RESULT: {"script":"<script> [8489 bytes]","args":[{"element-6066-11e4-a52e-4f735466cecf":"f.4A28FC3DA4D00E0A660421E11FF23D1E.d.73CBA269AF329D52A195F8C50CF57C6F.e.1058","ELEMENT":"f.4A28FC3DA4D00E0A660421E11FF23D1E.d.73CBA269AF329D52A195F8C50CF57C6F.e.1058"}]}
COMMAND: GET /session/211f9bdef6c1513913dbaa9ec9077f8f/element/f.4A28FC3DA4D00E0A660421E11FF23D1E.d.73CBA269AF329D52A195F8C50CF57C6F.e.1058/enabled - {}
COMMAND: GET /session/211f9bdef6c1513913dbaa9ec9077f8f/screenshot - {}
RESULT: {}
COMMAND: POST /session/211f9bdef6c1513913dbaa9ec9077f8f/execute/sync - {"script":"<script> [8489 bytes]","args":[{"element-6066-11e4-a52e-4f735466cecf":"f.4A28FC3DA4D00E0A660421E11FF23D1E.d.73CBA269AF329D52A195F8C50CF57C6F.e.1058","ELEMENT":"f.4A28FC3DA4D00E0A660421E11FF23D1E.d.73CBA269AF329D52A195F8C50CF57C6F.e.1058"}]}
COMMAND: GET /session/211f9bdef6c1513913dbaa9ec9077f8f/screenshot - {}
RESULT: {}
RESULT: {"script":"<script> [8489 bytes]","args":[{"element-6066-11e4-a52e-4f735466cecf":"f.4A28FC3DA4D00E0A660421E11FF23D1E.d.73CBA269AF329D52A195F8C50CF57C6F.e.1058","ELEMENT":"f.4A28FC3DA4D00E0A660421E11FF23D1E.d.73CBA269AF329D52A195F8C50CF57C6F.e.1058"}]}
COMMAND: POST /session/211f9bdef6c1513913dbaa9ec9077f8f/execute/sync - {"script":"<script> [5351 bytes]","args":[{"element-6066-11e4-a52e-4f735466cecf":"f.4A28FC3DA4D00E0A660421E11FF23D1E.d.73CBA269AF329D52A195F8C50CF57C6F.e.1058","ELEMENT":"f.4A28FC3DA4D00E0A660421E11FF23D1E.d.73CBA269AF329D52A195F8C50CF57C6F.e.1058"}]}
COMMAND: GET /session/211f9bdef6c1513913dbaa9ec9077f8f/screenshot - {}
RESULT: {}
RESULT: {"script":"<script> [5351 bytes]","args":[{"element-6066-11e4-a52e-4f735466cecf":"f.4A28FC3DA4D00E0A660421E11FF23D1E.d.73CBA269AF329D52A195F8C50CF57C6F.e.1058","ELEMENT":"f.4A28FC3DA4D00E0A660421E11FF23D1E.d.73CBA269AF329D52A195F8C50CF57C6F.e.1058"}]}
COMMAND: POST /session/211f9bdef6c1513913dbaa9ec9077f8f/element/f.4A28FC3DA4D00E0A660421E11FF23D1E.d.73CBA269AF329D52A195F8C50CF57C6F.e.1058/click - {}
COMMAND: GET /session/211f9bdef6c1513913dbaa9ec9077f8f/screenshot - {}
RESULT: {}
RESULT: {}
COMMAND: GET /session/211f9bdef6c1513913dbaa9ec9077f8f/screenshot - {}
RESULT: {}
COMMAND: POST /session/211f9bdef6c1513913dbaa9ec9077f8f/execute/async - {"script":"<script> [1562 bytes]","args":[{"selector":{"id":"application-manageresources-display-component---newResourceUnit--TYPE-arrow"},"wdio_ui5_key":"applicationmanageresources-display-component---newResourceUnit--TYPE-arrow"}]}
RESULT: {}
RESULT: {"script":"<script> [1562 bytes]","args":[{"selector":{"id":"application-manageresources-display-component---newResourceUnit--TYPE-arrow"},"wdio_ui5_key":"applicationmanageresources-display-component---newResourceUnit--TYPE-arrow"}]}
RESULT: undefined
COMMAND: POST /session/211f9bdef6c1513913dbaa9ec9077f8f/element - {"using":"xpath","value":"//*[@id=\"application-manageresources-display-component---newResourceUnit--TYPE-arrow\"]"}
RESULT: {"using":"xpath","value":"//*[@id=\"application-manageresources-display-component---newResourceUnit--TYPE-arrow\"]"}
COMMAND: POST /session/211f9bdef6c1513913dbaa9ec9077f8f/element/f.4A28FC3DA4D00E0A660421E11FF23D1E.d.73CBA269AF329D52A195F8C50CF57C6F.e.1414/click - {}
RESULT: {}
COMMAND: POST /session/211f9bdef6c1513913dbaa9ec9077f8f/element - {"using":"xpath","value":"//input[@id=\"application-manageresources-display-component---newResourceUnit--TYPE-inner\"]"}
COMMAND: GET /session/211f9bdef6c1513913dbaa9ec9077f8f/screenshot - {}
RESULT: {"using":"xpath","value":"//input[@id=\"application-manageresources-display-component---newResourceUnit--TYPE-inner\"]"}
COMMAND: POST /session/211f9bdef6c1513913dbaa9ec9077f8f/element/f.4A28FC3DA4D00E0A660421E11FF23D1E.d.73CBA269AF329D52A195F8C50CF57C6F.e.1399/clear - {}
RESULT: {}
RESULT: {}
COMMAND: POST /session/211f9bdef6c1513913dbaa9ec9077f8f/element/f.4A28FC3DA4D00E0A660421E11FF23D1E.d.73CBA269AF329D52A195F8C50CF57C6F.e.1399/value - {"text":"Equipment"}
COMMAND: GET /session/211f9bdef6c1513913dbaa9ec9077f8f/screenshot - {}
RESULT: {"text":"Equipment"}
COMMAND: GET /session/211f9bdef6c1513913dbaa9ec9077f8f/screenshot - {}
RESULT: {}
RESULT: {}
COMMAND: POST /session/211f9bdef6c1513913dbaa9ec9077f8f/actions - {"actions":[{"id":"action2","type":"key","parameters":{},"actions":[{"type":"keyDown","value":"î€‡"},{"type":"pause","duration":10},{"type":"keyUp","value":"î€‡"}]}]}
RESULT: {"actions":[{"id":"action2","type":"key","parameters":{},"actions":[{"type":"keyDown","value":"î€‡"},{"type":"pause","duration":10},{"type":"keyUp","value":"î€‡"}]}]}
COMMAND: POST /session/211f9bdef6c1513913dbaa9ec9077f8f/execute/async - {"script":"<script> [1562 bytes]","args":[{"selector":{"id":"application-manageresources-display-component---newResourceUnit--resourceId","interaction":{"idSuffix":"inner"}},"wdio_ui5_key":"applicationmanageresources-display-component---newResourceUnit--resourceId"}]}
COMMAND: GET /session/211f9bdef6c1513913dbaa9ec9077f8f/screenshot - {}
RESULT: {"script":"<script> [1562 bytes]","args":[{"selector":{"id":"application-manageresources-display-component---newResourceUnit--resourceId","interaction":{"idSuffix":"inner"}},"wdio_ui5_key":"applicationmanageresources-display-component---newResourceUnit--resourceId"}]}
RESULT: undefined
COMMAND: POST /session/211f9bdef6c1513913dbaa9ec9077f8f/execute/async - {"script":"<script> [776 bytes]","args":[{"enterText":"ckLrRVEamw","selector":{"id":"application-manageresources-display-component---newResourceUnit--resourceId","interaction":{"idSuffix":"inner"}},"clearTextFirst":true,"interactionType":"ENTER_TEXT"}]}
RESULT: {}
RESULT: {"script":"<script> [776 bytes]","args":[{"enterText":"ckLrRVEamw","selector":{"id":"application-manageresources-display-component---newResourceUnit--resourceId","interaction":{"idSuffix":"inner"}},"clearTextFirst":true,"interactionType":"ENTER_TEXT"}]}
COMMAND: POST /session/211f9bdef6c1513913dbaa9ec9077f8f/execute/async - {"script":"<script> [1562 bytes]","args":[{"selector":{"id":"application-manageresources-display-component---newResourceUnit--SHORT_TEXT","interaction":{"idSuffix":"inner"}},"wdio_ui5_key":"applicationmanageresources-display-component---newResourceUnit--SHORT_TEXT"}]}
RESULT: {"script":"<script> [1562 bytes]","args":[{"selector":{"id":"application-manageresources-display-component---newResourceUnit--SHORT_TEXT","interaction":{"idSuffix":"inner"}},"wdio_ui5_key":"applicationmanageresources-display-component---newResourceUnit--SHORT_TEXT"}]}
RESULT: undefined
COMMAND: POST /session/211f9bdef6c1513913dbaa9ec9077f8f/execute/async - {"script":"<script> [776 bytes]","args":[{"enterText":"Intercompany Equipment WDIO","selector":{"id":"application-manageresources-display-component---newResourceUnit--SHORT_TEXT","interaction":{"idSuffix":"inner"}},"clearTextFirst":true,"interactionType":"ENTER_TEXT"}]}
RESULT: {"script":"<script> [776 bytes]","args":[{"enterText":"Intercompany Equipment WDIO","selector":{"id":"application-manageresources-display-component---newResourceUnit--SHORT_TEXT","interaction":{"idSuffix":"inner"}},"clearTextFirst":true,"interactionType":"ENTER_TEXT"}]}
COMMAND: POST /session/211f9bdef6c1513913dbaa9ec9077f8f/execute/async - {"script":"<script> [1562 bytes]","args":[{"selector":{"id":"application-manageresources-display-component---newResourceUnit--BASE_UNIT_OF_MEASURE","interaction":{"idSuffix":"inner"}},"wdio_ui5_key":"applicationmanageresources-display-component---newResourceUnit--BASE_UNIT_OF_MEASURE"}]}
RESULT: {"script":"<script> [1562 bytes]","args":[{"selector":{"id":"application-manageresources-display-component---newResourceUnit--BASE_UNIT_OF_MEASURE","interaction":{"idSuffix":"inner"}},"wdio_ui5_key":"applicationmanageresources-display-component---newResourceUnit--BASE_UNIT_OF_MEASURE"}]}
RESULT: undefined
COMMAND: POST /session/211f9bdef6c1513913dbaa9ec9077f8f/execute/async - {"script":"<script> [776 bytes]","args":[{"enterText":"Piece","selector":{"id":"application-manageresources-display-component---newResourceUnit--BASE_UNIT_OF_MEASURE","interaction":{"idSuffix":"inner"}},"clearTextFirst":true,"interactionType":"ENTER_TEXT"}]}
RESULT: {"script":"<script> [776 bytes]","args":[{"enterText":"Piece","selector":{"id":"application-manageresources-display-component---newResourceUnit--BASE_UNIT_OF_MEASURE","interaction":{"idSuffix":"inner"}},"clearTextFirst":true,"interactionType":"ENTER_TEXT"}]}
COMMAND: POST /session/211f9bdef6c1513913dbaa9ec9077f8f/execute/async - {"script":"<script> [1562 bytes]","args":[{"selector":{"id":"application-manageresources-display-component---newResourceUnit--WEIGHT_UNIT","interaction":{"idSuffix":"inner"}},"wdio_ui5_key":"applicationmanageresources-display-component---newResourceUnit--WEIGHT_UNIT"}]}
RESULT: {"script":"<script> [1562 bytes]","args":[{"selector":{"id":"application-manageresources-display-component---newResourceUnit--WEIGHT_UNIT","interaction":{"idSuffix":"inner"}},"wdio_ui5_key":"applicationmanageresources-display-component---newResourceUnit--WEIGHT_UNIT"}]}
RESULT: undefined
COMMAND: POST /session/211f9bdef6c1513913dbaa9ec9077f8f/execute/async - {"script":"<script> [776 bytes]","args":[{"enterText":"Gram","selector":{"id":"application-manageresources-display-component---newResourceUnit--WEIGHT_UNIT","interaction":{"idSuffix":"inner"}},"clearTextFirst":true,"interactionType":"ENTER_TEXT"}]}
RESULT: {"script":"<script> [776 bytes]","args":[{"enterText":"Gram","selector":{"id":"application-manageresources-display-component---newResourceUnit--WEIGHT_UNIT","interaction":{"idSuffix":"inner"}},"clearTextFirst":true,"interactionType":"ENTER_TEXT"}]}
COMMAND: POST /session/211f9bdef6c1513913dbaa9ec9077f8f/execute/async - {"script":"<script> [1562 bytes]","args":[{"selector":{"id":"application-manageresources-display-component---newResourceUnit--DIMENSION_UNIT","interaction":{"idSuffix":"inner"}},"wdio_ui5_key":"applicationmanageresources-display-component---newResourceUnit--DIMENSION_UNIT"}]}
RESULT: {"script":"<script> [1562 bytes]","args":[{"selector":{"id":"application-manageresources-display-component---newResourceUnit--DIMENSION_UNIT","interaction":{"idSuffix":"inner"}},"wdio_ui5_key":"applicationmanageresources-display-component---newResourceUnit--DIMENSION_UNIT"}]}
RESULT: undefined
COMMAND: POST /session/211f9bdef6c1513913dbaa9ec9077f8f/execute/async - {"script":"<script> [776 bytes]","args":[{"enterText":"Meter","selector":{"id":"application-manageresources-display-component---newResourceUnit--DIMENSION_UNIT","interaction":{"idSuffix":"inner"}},"clearTextFirst":true,"interactionType":"ENTER_TEXT"}]}
RESULT: {"script":"<script> [776 bytes]","args":[{"enterText":"Meter","selector":{"id":"application-manageresources-display-component---newResourceUnit--DIMENSION_UNIT","interaction":{"idSuffix":"inner"}},"clearTextFirst":true,"interactionType":"ENTER_TEXT"}]}
COMMAND: POST /session/211f9bdef6c1513913dbaa9ec9077f8f/execute/async - {"script":"<script> [1562 bytes]","args":[{"selector":{"id":"application-manageresources-display-component---newResourceUnit--newRRUPage-anchBar-application-manageresources-display-component---newResourceUnit--control-anchor","interaction":{"idSuffix":"BDI-content"}},"wdio_ui5_key":"applicationmanageresources-display-component---newResourceUnit--newRRUPage-anchBar-application-manageresources-display-component---newResourceUnit--control-anchor"}]}
RESULT: {"script":"<script> [1562 bytes]","args":[{"selector":{"id":"application-manageresources-display-component---newResourceUnit--newRRUPage-anchBar-application-manageresources-display-component---newResourceUnit--control-anchor","interaction":{"idSuffix":"BDI-content"}},"wdio_ui5_key":"applicationmanageresources-display-component---newResourceUnit--newRRUPage-anchBar-application-manageresources-display-component---newResourceUnit--control-anchor"}]}
RESULT: undefined
COMMAND: POST /session/211f9bdef6c1513913dbaa9ec9077f8f/element - {"using":"xpath","value":"//*[@id=\"application-manageresources-display-component---newResourceUnit--newRRUPage-anchBar-application-manageresources-display-component---newResourceUnit--control-anchor\"]"}
RESULT: {"using":"xpath","value":"//*[@id=\"application-manageresources-display-component---newResourceUnit--newRRUPage-anchBar-application-manageresources-display-component---newResourceUnit--control-anchor\"]"}
COMMAND: POST /session/211f9bdef6c1513913dbaa9ec9077f8f/element/f.4A28FC3DA4D00E0A660421E11FF23D1E.d.73CBA269AF329D52A195F8C50CF57C6F.e.1547/click - {}
RESULT: {}
COMMAND: POST /session/211f9bdef6c1513913dbaa9ec9077f8f/execute/async - {"script":"<script> [1562 bytes]","args":[{"selector":{"id":"application-manageresources-display-component---newResourceUnit--PLANNING_GROUP","interaction":{"idSuffix":"inner"}},"wdio_ui5_key":"applicationmanageresources-display-component---newResourceUnit--PLANNING_GROUP"}]}
COMMAND: GET /session/211f9bdef6c1513913dbaa9ec9077f8f/screenshot - {}
RESULT: {"script":"<script> [1562 bytes]","args":[{"selector":{"id":"application-manageresources-display-component---newResourceUnit--PLANNING_GROUP","interaction":{"idSuffix":"inner"}},"wdio_ui5_key":"applicationmanageresources-display-component---newResourceUnit--PLANNING_GROUP"}]}
RESULT: undefined
COMMAND: POST /session/211f9bdef6c1513913dbaa9ec9077f8f/execute/async - {"script":"<script> [776 bytes]","args":[{"enterText":"Heavy Equi","selector":{"id":"application-manageresources-display-component---newResourceUnit--PLANNING_GROUP","interaction":{"idSuffix":"inner"}},"clearTextFirst":true,"interactionType":"ENTER_TEXT"}]}
RESULT: {}
RESULT: {"script":"<script> [776 bytes]","args":[{"enterText":"Heavy Equi","selector":{"id":"application-manageresources-display-component---newResourceUnit--PLANNING_GROUP","interaction":{"idSuffix":"inner"}},"clearTextFirst":true,"interactionType":"ENTER_TEXT"}]}
COMMAND: POST /session/211f9bdef6c1513913dbaa9ec9077f8f/execute/async - {"script":"<script> [1562 bytes]","args":[{"selector":{"id":"application-manageresources-display-component---newResourceUnit--ITEM_TYPE-arrow"},"wdio_ui5_key":"applicationmanageresources-display-component---newResourceUnit--ITEM_TYPE-arrow"}]}
RESULT: {"script":"<script> [1562 bytes]","args":[{"selector":{"id":"application-manageresources-display-component---newResourceUnit--ITEM_TYPE-arrow"},"wdio_ui5_key":"applicationmanageresources-display-component---newResourceUnit--ITEM_TYPE-arrow"}]}
RESULT: undefined
COMMAND: POST /session/211f9bdef6c1513913dbaa9ec9077f8f/element - {"using":"xpath","value":"//*[@id=\"application-manageresources-display-component---newResourceUnit--ITEM_TYPE-arrow\"]"}
RESULT: {"using":"xpath","value":"//*[@id=\"application-manageresources-display-component---newResourceUnit--ITEM_TYPE-arrow\"]"}
COMMAND: POST /session/211f9bdef6c1513913dbaa9ec9077f8f/element/f.4A28FC3DA4D00E0A660421E11FF23D1E.d.73CBA269AF329D52A195F8C50CF57C6F.e.1556/click - {}
RESULT: {}
COMMAND: POST /session/211f9bdef6c1513913dbaa9ec9077f8f/element - {"using":"xpath","value":"(//span[contains(text(), \"Resource Unit\")])[2]"}
COMMAND: GET /session/211f9bdef6c1513913dbaa9ec9077f8f/screenshot - {}
RESULT: {"using":"xpath","value":"(//span[contains(text(), \"Resource Unit\")])[2]"}
COMMAND: POST /session/211f9bdef6c1513913dbaa9ec9077f8f/element/f.4A28FC3DA4D00E0A660421E11FF23D1E.d.73CBA269AF329D52A195F8C50CF57C6F.e.1557/click - {}
RESULT: {}
RESULT: {}
COMMAND: GET /session/211f9bdef6c1513913dbaa9ec9077f8f/screenshot - {}
RESULT: {}
COMMAND: POST /session/211f9bdef6c1513913dbaa9ec9077f8f/element - {"using":"css selector","value":"#application-manageresources-display-component---newResourceUnit--btnAddTimeSegment"}
RESULT: {"using":"css selector","value":"#application-manageresources-display-component---newResourceUnit--btnAddTimeSegment"}
COMMAND: GET /session/211f9bdef6c1513913dbaa9ec9077f8f/element/f.4A28FC3DA4D00E0A660421E11FF23D1E.d.73CBA269AF329D52A195F8C50CF57C6F.e.1558/rect - {}
RESULT: {}
COMMAND: GET /session/211f9bdef6c1513913dbaa9ec9077f8f/window/rect - {}
RESULT: {}
COMMAND: POST /session/211f9bdef6c1513913dbaa9ec9077f8f/execute/sync - {"script":"<script> [92 bytes]","args":[]}
RESULT: {"script":"<script> [92 bytes]","args":[]}
COMMAND: POST /session/211f9bdef6c1513913dbaa9ec9077f8f/actions - {"actions":[{"id":"action3","type":"wheel","parameters":{},"actions":[{"type":"scroll","x":-1888,"y":-32,"deltaX":0,"deltaY":0,"duration":0,"origin":{"element-6066-11e4-a52e-4f735466cecf":"f.4A28FC3DA4D00E0A660421E11FF23D1E.d.73CBA269AF329D52A195F8C50CF57C6F.e.1558"}}]}]}
COMMAND: GET /session/211f9bdef6c1513913dbaa9ec9077f8f/screenshot - {}
RESULT: {}
COMMAND: POST /session/211f9bdef6c1513913dbaa9ec9077f8f/execute/sync - {"script":"<script> [79 bytes]","args":[{"element-6066-11e4-a52e-4f735466cecf":"f.4A28FC3DA4D00E0A660421E11FF23D1E.d.73CBA269AF329D52A195F8C50CF57C6F.e.1558","ELEMENT":"f.4A28FC3DA4D00E0A660421E11FF23D1E.d.73CBA269AF329D52A195F8C50CF57C6F.e.1558"},{"block":"start","inline":"nearest"}]}
RESULT: {"script":"<script> [79 bytes]","args":[{"element-6066-11e4-a52e-4f735466cecf":"f.4A28FC3DA4D00E0A660421E11FF23D1E.d.73CBA269AF329D52A195F8C50CF57C6F.e.1558","ELEMENT":"f.4A28FC3DA4D00E0A660421E11FF23D1E.d.73CBA269AF329D52A195F8C50CF57C6F.e.1558"},{"block":"start","inline":"nearest"}]}
COMMAND: POST /session/211f9bdef6c1513913dbaa9ec9077f8f/execute/async - {"script":"<script> [1562 bytes]","args":[{"selector":{"id":"application-manageresources-display-component---newResourceUnit--btnAddTimeSegment","interaction":{"idSuffix":"inner"}},"wdio_ui5_key":"applicationmanageresources-display-component---newResourceUnit--btnAddTimeSegment"}]}
COMMAND: GET /session/211f9bdef6c1513913dbaa9ec9077f8f/screenshot - {}
RESULT: {"script":"<script> [1562 bytes]","args":[{"selector":{"id":"application-manageresources-display-component---newResourceUnit--btnAddTimeSegment","interaction":{"idSuffix":"inner"}},"wdio_ui5_key":"applicationmanageresources-display-component---newResourceUnit--btnAddTimeSegment"}]}
RESULT: undefined
COMMAND: POST /session/211f9bdef6c1513913dbaa9ec9077f8f/element - {"using":"xpath","value":"//*[@id=\"application-manageresources-display-component---newResourceUnit--btnAddTimeSegment\"]"}
RESULT: {}
RESULT: {"using":"xpath","value":"//*[@id=\"application-manageresources-display-component---newResourceUnit--btnAddTimeSegment\"]"}
COMMAND: POST /session/211f9bdef6c1513913dbaa9ec9077f8f/element/f.4A28FC3DA4D00E0A660421E11FF23D1E.d.73CBA269AF329D52A195F8C50CF57C6F.e.1558/click - {}
RESULT: {}
COMMAND: GET /session/211f9bdef6c1513913dbaa9ec9077f8f/screenshot - {}
RESULT: {}
COMMAND: POST /session/211f9bdef6c1513913dbaa9ec9077f8f/element - {"using":"xpath","value":"//input[@id=\"application-manageresources-display-component---newResourceUnit--idRuTSAdmin-application-manageresources-display-component---newResourceUnit--RUTimeSegment-0-inner\"]"}
RESULT: {"using":"xpath","value":"//input[@id=\"application-manageresources-display-component---newResourceUnit--idRuTSAdmin-application-manageresources-display-component---newResourceUnit--RUTimeSegment-0-inner\"]"}
COMMAND: POST /session/211f9bdef6c1513913dbaa9ec9077f8f/element/f.4A28FC3DA4D00E0A660421E11FF23D1E.d.73CBA269AF329D52A195F8C50CF57C6F.e.1564/clear - {}
RESULT: {}
COMMAND: POST /session/211f9bdef6c1513913dbaa9ec9077f8f/element/f.4A28FC3DA4D00E0A660421E11FF23D1E.d.73CBA269AF329D52A195F8C50CF57C6F.e.1564/value - {"text":"342"}
COMMAND: GET /session/211f9bdef6c1513913dbaa9ec9077f8f/screenshot - {}
RESULT: {"text":"342"}
COMMAND: GET /session/211f9bdef6c1513913dbaa9ec9077f8f/screenshot - {}
RESULT: {}
RESULT: {}
COMMAND: POST /session/211f9bdef6c1513913dbaa9ec9077f8f/element - {"using":"xpath","value":"//li[.//span[text()='342']]"}
RESULT: {"using":"xpath","value":"//li[.//span[text()='342']]"}
COMMAND: POST /session/211f9bdef6c1513913dbaa9ec9077f8f/element/f.4A28FC3DA4D00E0A660421E11FF23D1E.d.73CBA269AF329D52A195F8C50CF57C6F.e.1576/click - {}
RESULT: {}
COMMAND: GET /session/211f9bdef6c1513913dbaa9ec9077f8f/screenshot - {}
RESULT: {}
COMMAND: POST /session/211f9bdef6c1513913dbaa9ec9077f8f/element - {"using":"xpath","value":"(//span[contains(@id, \"-application-manageresources-display-component---newResourceUnit--RUTimeSegment-0-arrow\")])[6]"}
RESULT: {"using":"xpath","value":"(//span[contains(@id, \"-application-manageresources-display-component---newResourceUnit--RUTimeSegment-0-arrow\")])[6]"}
COMMAND: POST /session/211f9bdef6c1513913dbaa9ec9077f8f/element/f.4A28FC3DA4D00E0A660421E11FF23D1E.d.73CBA269AF329D52A195F8C50CF57C6F.e.1577/click - {}
RESULT: {}
COMMAND: POST /session/211f9bdef6c1513913dbaa9ec9077f8f/element - {"using":"xpath","value":"//span[contains(text(), \"PM Order\")]"}
COMMAND: GET /session/211f9bdef6c1513913dbaa9ec9077f8f/screenshot - {}
RESULT: {"using":"xpath","value":"//span[contains(text(), \"PM Order\")]"}
COMMAND: POST /session/211f9bdef6c1513913dbaa9ec9077f8f/element/f.4A28FC3DA4D00E0A660421E11FF23D1E.d.73CBA269AF329D52A195F8C50CF57C6F.e.1580/click - {}
RESULT: {}
RESULT: {}
COMMAND: GET /session/211f9bdef6c1513913dbaa9ec9077f8f/screenshot - {}
RESULT: {}
COMMAND: POST /session/211f9bdef6c1513913dbaa9ec9077f8f/element - {"using":"xpath","value":"(//span[contains(@id ,\"manageresources-display-component---newResourceUnit--RUTimeSegment-0-vhi\")])[1]"}
RESULT: {"using":"xpath","value":"(//span[contains(@id ,\"manageresources-display-component---newResourceUnit--RUTimeSegment-0-vhi\")])[1]"}
COMMAND: GET /session/211f9bdef6c1513913dbaa9ec9077f8f/element/f.4A28FC3DA4D00E0A660421E11FF23D1E.d.73CBA269AF329D52A195F8C50CF57C6F.e.1584/rect - {}
RESULT: {}
COMMAND: GET /session/211f9bdef6c1513913dbaa9ec9077f8f/window/rect - {}
RESULT: {}
COMMAND: POST /session/211f9bdef6c1513913dbaa9ec9077f8f/execute/sync - {"script":"<script> [92 bytes]","args":[]}
RESULT: {"script":"<script> [92 bytes]","args":[]}
COMMAND: POST /session/211f9bdef6c1513913dbaa9ec9077f8f/actions - {"actions":[{"id":"action4","type":"wheel","parameters":{},"actions":[{"type":"scroll","x":-869,"y":-24,"deltaX":0,"deltaY":0,"duration":0,"origin":{"element-6066-11e4-a52e-4f735466cecf":"f.4A28FC3DA4D00E0A660421E11FF23D1E.d.73CBA269AF329D52A195F8C50CF57C6F.e.1584"}}]}]}
COMMAND: GET /session/211f9bdef6c1513913dbaa9ec9077f8f/screenshot - {}
RESULT: {"actions":[{"id":"action4","type":"wheel","parameters":{},"actions":[{"type":"scroll","x":-869,"y":-24,"deltaX":0,"deltaY":0,"duration":0,"origin":{"element-6066-11e4-a52e-4f735466cecf":"f.4A28FC3DA4D00E0A660421E11FF23D1E.d.73CBA269AF329D52A195F8C50CF57C6F.e.1584"}}]}]}
COMMAND: DELETE /session/211f9bdef6c1513913dbaa9ec9077f8f/actions - {}
COMMAND: GET /session/211f9bdef6c1513913dbaa9ec9077f8f/screenshot - {}
RESULT: {}
RESULT: {}
COMMAND: GET /session/211f9bdef6c1513913dbaa9ec9077f8f/screenshot - {}
RESULT: {}
RESULT: {}
COMMAND: POST /session/211f9bdef6c1513913dbaa9ec9077f8f/element/f.4A28FC3DA4D00E0A660421E11FF23D1E.d.73CBA269AF329D52A195F8C50CF57C6F.e.1584/click - {}
RESULT: {}
COMMAND: GET /session/211f9bdef6c1513913dbaa9ec9077f8f/screenshot - {}
RESULT: {}
RESULT: undefined
COMMAND: POST /session/211f9bdef6c1513913dbaa9ec9077f8f/execute/async - {"script":"<script> [776 bytes]","args":[{"enterText":"4000360","selector":{"controlType":"sap.m.SearchField","properties":{"placeholder":"Search"},"searchOpenDialogs":true,"interaction":{"idSuffix":"I"}},"clearTextFirst":true,"interactionType":"ENTER_TEXT"}]}
RESULT: {"script":"<script> [776 bytes]","args":[{"enterText":"4000360","selector":{"controlType":"sap.m.SearchField","properties":{"placeholder":"Search"},"searchOpenDialogs":true,"interaction":{"idSuffix":"I"}},"clearTextFirst":true,"interactionType":"ENTER_TEXT"}]}
COMMAND: POST /session/211f9bdef6c1513913dbaa9ec9077f8f/actions - {"actions":[{"id":"action5","type":"key","parameters":{},"actions":[{"type":"keyDown","value":"î€‡"},{"type":"pause","duration":10},{"type":"keyUp","value":"î€‡"}]}]}
RESULT: {"actions":[{"id":"action5","type":"key","parameters":{},"actions":[{"type":"keyDown","value":"î€‡"},{"type":"pause","duration":10},{"type":"keyUp","value":"î€‡"}]}]}
COMMAND: GET /session/211f9bdef6c1513913dbaa9ec9077f8f/screenshot - {}
RESULT: {}
COMMAND: POST /session/211f9bdef6c1513913dbaa9ec9077f8f/element - {"using":"xpath","value":"//td/div/span[contains(text(), \"BGL Vehicles\")]"}
RESULT: {"using":"xpath","value":"//td/div/span[contains(text(), \"BGL Vehicles\")]"}
COMMAND: POST /session/211f9bdef6c1513913dbaa9ec9077f8f/element/f.4A28FC3DA4D00E0A660421E11FF23D1E.d.73CBA269AF329D52A195F8C50CF57C6F.e.1604/click - {}
RESULT: {}
COMMAND: GET /session/211f9bdef6c1513913dbaa9ec9077f8f/screenshot - {}
RESULT: {}
COMMAND: POST /session/211f9bdef6c1513913dbaa9ec9077f8f/element - {"using":"xpath","value":"//bdi[contains(text(), \"OK\")]"}
RESULT: {"using":"xpath","value":"//bdi[contains(text(), \"OK\")]"}
COMMAND: POST /session/211f9bdef6c1513913dbaa9ec9077f8f/element/f.4A28FC3DA4D00E0A660421E11FF23D1E.d.73CBA269AF329D52A195F8C50CF57C6F.e.1605/click - {}
RESULT: {}
COMMAND: GET /session/211f9bdef6c1513913dbaa9ec9077f8f/screenshot - {}
RESULT: {}
COMMAND: POST /session/211f9bdef6c1513913dbaa9ec9077f8f/execute/async - {"script":"<script> [1562 bytes]","args":[{"selector":{"id":"application-manageresources-display-component---newResourceUnit--newRRUPage-anchBar-application-manageresources-display-component---newResourceUnit--resource-anchor","interaction":{"idSuffix":"BDI-content"}},"wdio_ui5_key":"applicationmanageresources-display-component---newResourceUnit--newRRUPage-anchBar-application-manageresources-display-component---newResourceUnit--resource-anchor"}]}
RESULT: {"script":"<script> [1562 bytes]","args":[{"selector":{"id":"application-manageresources-display-component---newResourceUnit--newRRUPage-anchBar-application-manageresources-display-component---newResourceUnit--resource-anchor","interaction":{"idSuffix":"BDI-content"}},"wdio_ui5_key":"applicationmanageresources-display-component---newResourceUnit--newRRUPage-anchBar-application-manageresources-display-component---newResourceUnit--resource-anchor"}]}
RESULT: undefined
COMMAND: POST /session/211f9bdef6c1513913dbaa9ec9077f8f/element - {"using":"xpath","value":"//*[@id=\"application-manageresources-display-component---newResourceUnit--newRRUPage-anchBar-application-manageresources-display-component---newResourceUnit--resource-anchor\"]"}
RESULT: {"using":"xpath","value":"//*[@id=\"application-manageresources-display-component---newResourceUnit--newRRUPage-anchBar-application-manageresources-display-component---newResourceUnit--resource-anchor\"]"}
COMMAND: POST /session/211f9bdef6c1513913dbaa9ec9077f8f/element/f.4A28FC3DA4D00E0A660421E11FF23D1E.d.73CBA269AF329D52A195F8C50CF57C6F.e.1609/click - {}
RESULT: {}
COMMAND: POST /session/211f9bdef6c1513913dbaa9ec9077f8f/execute/async - {"script":"<script> [1562 bytes]","args":[{"selector":{"id":"application-manageresources-display-component---newResourceUnit--PLANNED_DELIVERY_DATE","interaction":{"idSuffix":"inner"}},"wdio_ui5_key":"applicationmanageresources-display-component---newResourceUnit--PLANNED_DELIVERY_DATE"}]}
COMMAND: GET /session/211f9bdef6c1513913dbaa9ec9077f8f/screenshot - {}
RESULT: {"script":"<script> [1562 bytes]","args":[{"selector":{"id":"application-manageresources-display-component---newResourceUnit--PLANNED_DELIVERY_DATE","interaction":{"idSuffix":"inner"}},"wdio_ui5_key":"applicationmanageresources-display-component---newResourceUnit--PLANNED_DELIVERY_DATE"}]}
RESULT: undefined
COMMAND: POST /session/211f9bdef6c1513913dbaa9ec9077f8f/execute/async - {"script":"<script> [6424 bytes]","args":[{"element-6066-11e4-a52e-4f735466cecf":"f.4A28FC3DA4D00E0A660421E11FF23D1E.d.73CBA269AF329D52A195F8C50CF57C6F.e.1470"},"setValue",["4/28/25"]]}
RESULT: {}
RESULT: {"script":"<script> [6424 bytes]","args":[{"element-6066-11e4-a52e-4f735466cecf":"f.4A28FC3DA4D00E0A660421E11FF23D1E.d.73CBA269AF329D52A195F8C50CF57C6F.e.1470"},"setValue",["4/28/25"]]}
COMMAND: POST /session/211f9bdef6c1513913dbaa9ec9077f8f/element - {"using":"xpath","value":"//button[@data-kt=\"resourceUnitSaveButton\"]"}
RESULT: {"using":"xpath","value":"//button[@data-kt=\"resourceUnitSaveButton\"]"}
COMMAND: POST /session/211f9bdef6c1513913dbaa9ec9077f8f/element/f.4A28FC3DA4D00E0A660421E11FF23D1E.d.73CBA269AF329D52A195F8C50CF57C6F.e.1430/click - {}
RESULT: {}
COMMAND: GET /session/211f9bdef6c1513913dbaa9ec9077f8f/screenshot - {}
RESULT: {}
COMMAND: POST /session/211f9bdef6c1513913dbaa9ec9077f8f/element - {"using":"xpath","value":"//bdi[contains(text(), \"Close\")]"}
RESULT: {"using":"xpath","value":"//bdi[contains(text(), \"Close\")]"}
COMMAND: POST /session/211f9bdef6c1513913dbaa9ec9077f8f/element/f.4A28FC3DA4D00E0A660421E11FF23D1E.d.73CBA269AF329D52A195F8C50CF57C6F.e.1617/click - {}
RESULT: {}
COMMAND: GET /session/211f9bdef6c1513913dbaa9ec9077f8f/screenshot - {}
RESULT: {}
COMMAND: POST /session/211f9bdef6c1513913dbaa9ec9077f8f/element - {"using":"xpath","value":"(//button[contains(@id ,\"actionsToolbar-overflowButton\")])[1]"}
RESULT: {"using":"xpath","value":"(//button[contains(@id ,\"actionsToolbar-overflowButton\")])[1]"}
COMMAND: POST /session/211f9bdef6c1513913dbaa9ec9077f8f/element/f.4A28FC3DA4D00E0A660421E11FF23D1E.d.73CBA269AF329D52A195F8C50CF57C6F.e.1672/click - {}
RESULT: {}
COMMAND: GET /session/211f9bdef6c1513913dbaa9ec9077f8f/screenshot - {}
RESULT: {}
COMMAND: POST /session/211f9bdef6c1513913dbaa9ec9077f8f/element - {"using":"xpath","value":"//button[@data-kt=\"priceInfoButton\"]"}
RESULT: {"using":"xpath","value":"//button[@data-kt=\"priceInfoButton\"]"}
COMMAND: POST /session/211f9bdef6c1513913dbaa9ec9077f8f/element/f.4A28FC3DA4D00E0A660421E11FF23D1E.d.73CBA269AF329D52A195F8C50CF57C6F.e.1674/click - {}
RESULT: {}
COMMAND: GET /session/211f9bdef6c1513913dbaa9ec9077f8f/screenshot - {}
RESULT: {}
COMMAND: POST /session/211f9bdef6c1513913dbaa9ec9077f8f/element - {"using":"css selector","value":"#shell-header-logo"}
RESULT: {"using":"css selector","value":"#shell-header-logo"}
COMMAND: POST /session/211f9bdef6c1513913dbaa9ec9077f8f/element/f.4A28FC3DA4D00E0A660421E11FF23D1E.d.73CBA269AF329D52A195F8C50CF57C6F.e.1020/click - {}
RESULT: {}
]]></system-out>
    </testcase>
    <testcase classname="chrome.135_0_7049_96.windows.Create_condition_pricing_US117289_US134625" name="Should create new condition" time="63.327">
      <system-out><![CDATA[
COMMAND: POST /session/211f9bdef6c1513913dbaa9ec9077f8f/execute/async - {"script":"<script> [1562 bytes]","args":[{"selector":{"controlType":"sap.m.Text","properties":{"text":"Manage Conditions & Prices"},"interaction":{"idSuffix":"inner"}},"wdio_ui5_key":"sapm.Text{\"text\":\"Manage Conditions & Prices\"}"}]}
COMMAND: GET /session/211f9bdef6c1513913dbaa9ec9077f8f/screenshot - {}
RESULT: {"script":"<script> [1562 bytes]","args":[{"selector":{"controlType":"sap.m.Text","properties":{"text":"Manage Conditions & Prices"},"interaction":{"idSuffix":"inner"}},"wdio_ui5_key":"sapm.Text{\"text\":\"Manage Conditions & Prices\"}"}]}
RESULT: undefined
COMMAND: POST /session/211f9bdef6c1513913dbaa9ec9077f8f/element - {"using":"xpath","value":"//*[@id=\"__tile53-title\"]"}
RESULT: {}
RESULT: {"using":"xpath","value":"//*[@id=\"__tile53-title\"]"}
COMMAND: POST /session/211f9bdef6c1513913dbaa9ec9077f8f/element/f.4A28FC3DA4D00E0A660421E11FF23D1E.d.73CBA269AF329D52A195F8C50CF57C6F.e.1752/click - {}
RESULT: {}
COMMAND: POST /session/211f9bdef6c1513913dbaa9ec9077f8f/element - {"using":"xpath","value":"//button[@aria-label=\"Create\"]"}
COMMAND: GET /session/211f9bdef6c1513913dbaa9ec9077f8f/screenshot - {}
RESULT: {"using":"xpath","value":"//button[@aria-label=\"Create\"]"}
COMMAND: POST /session/211f9bdef6c1513913dbaa9ec9077f8f/elements - {"using":"xpath","value":"//button[@aria-label=\"Create\"]"}
RESULT: {}
RESULT: {"using":"xpath","value":"//button[@aria-label=\"Create\"]"}
COMMAND: POST /session/211f9bdef6c1513913dbaa9ec9077f8f/elements - {"using":"xpath","value":"//button[@aria-label=\"Create\"]"}
RESULT: {"using":"xpath","value":"//button[@aria-label=\"Create\"]"}
COMMAND: POST /session/211f9bdef6c1513913dbaa9ec9077f8f/elements - {"using":"xpath","value":"//button[@aria-label=\"Create\"]"}
RESULT: {"using":"xpath","value":"//button[@aria-label=\"Create\"]"}
COMMAND: POST /session/211f9bdef6c1513913dbaa9ec9077f8f/elements - {"using":"xpath","value":"//button[@aria-label=\"Create\"]"}
RESULT: {"using":"xpath","value":"//button[@aria-label=\"Create\"]"}
COMMAND: POST /session/211f9bdef6c1513913dbaa9ec9077f8f/element - {"using":"xpath","value":"//button[@aria-label=\"Create\"]"}
RESULT: {"using":"xpath","value":"//button[@aria-label=\"Create\"]"}
COMMAND: POST /session/211f9bdef6c1513913dbaa9ec9077f8f/execute/sync - {"script":"<script> [8489 bytes]","args":[{"element-6066-11e4-a52e-4f735466cecf":"f.4A28FC3DA4D00E0A660421E11FF23D1E.d.73CBA269AF329D52A195F8C50CF57C6F.e.1788","ELEMENT":"f.4A28FC3DA4D00E0A660421E11FF23D1E.d.73CBA269AF329D52A195F8C50CF57C6F.e.1788"}]}
RESULT: {"script":"<script> [8489 bytes]","args":[{"element-6066-11e4-a52e-4f735466cecf":"f.4A28FC3DA4D00E0A660421E11FF23D1E.d.73CBA269AF329D52A195F8C50CF57C6F.e.1788","ELEMENT":"f.4A28FC3DA4D00E0A660421E11FF23D1E.d.73CBA269AF329D52A195F8C50CF57C6F.e.1788"}]}
COMMAND: GET /session/211f9bdef6c1513913dbaa9ec9077f8f/element/f.4A28FC3DA4D00E0A660421E11FF23D1E.d.73CBA269AF329D52A195F8C50CF57C6F.e.1788/enabled - {}
COMMAND: GET /session/211f9bdef6c1513913dbaa9ec9077f8f/screenshot - {}
RESULT: {}
COMMAND: POST /session/211f9bdef6c1513913dbaa9ec9077f8f/execute/sync - {"script":"<script> [8489 bytes]","args":[{"element-6066-11e4-a52e-4f735466cecf":"f.4A28FC3DA4D00E0A660421E11FF23D1E.d.73CBA269AF329D52A195F8C50CF57C6F.e.1788","ELEMENT":"f.4A28FC3DA4D00E0A660421E11FF23D1E.d.73CBA269AF329D52A195F8C50CF57C6F.e.1788"}]}
COMMAND: GET /session/211f9bdef6c1513913dbaa9ec9077f8f/screenshot - {}
RESULT: {}
RESULT: {"script":"<script> [8489 bytes]","args":[{"element-6066-11e4-a52e-4f735466cecf":"f.4A28FC3DA4D00E0A660421E11FF23D1E.d.73CBA269AF329D52A195F8C50CF57C6F.e.1788","ELEMENT":"f.4A28FC3DA4D00E0A660421E11FF23D1E.d.73CBA269AF329D52A195F8C50CF57C6F.e.1788"}]}
COMMAND: POST /session/211f9bdef6c1513913dbaa9ec9077f8f/execute/sync - {"script":"<script> [5351 bytes]","args":[{"element-6066-11e4-a52e-4f735466cecf":"f.4A28FC3DA4D00E0A660421E11FF23D1E.d.73CBA269AF329D52A195F8C50CF57C6F.e.1788","ELEMENT":"f.4A28FC3DA4D00E0A660421E11FF23D1E.d.73CBA269AF329D52A195F8C50CF57C6F.e.1788"}]}
COMMAND: GET /session/211f9bdef6c1513913dbaa9ec9077f8f/screenshot - {}
RESULT: {}
RESULT: {"script":"<script> [5351 bytes]","args":[{"element-6066-11e4-a52e-4f735466cecf":"f.4A28FC3DA4D00E0A660421E11FF23D1E.d.73CBA269AF329D52A195F8C50CF57C6F.e.1788","ELEMENT":"f.4A28FC3DA4D00E0A660421E11FF23D1E.d.73CBA269AF329D52A195F8C50CF57C6F.e.1788"}]}
COMMAND: POST /session/211f9bdef6c1513913dbaa9ec9077f8f/element/f.4A28FC3DA4D00E0A660421E11FF23D1E.d.73CBA269AF329D52A195F8C50CF57C6F.e.1788/click - {}
COMMAND: GET /session/211f9bdef6c1513913dbaa9ec9077f8f/screenshot - {}
RESULT: {}
RESULT: {}
COMMAND: GET /session/211f9bdef6c1513913dbaa9ec9077f8f/screenshot - {}
RESULT: {}
RESULT: {}
COMMAND: POST /session/211f9bdef6c1513913dbaa9ec9077f8f/actions - {"actions":[{"id":"action6","type":"key","parameters":{},"actions":[{"type":"keyDown","value":"î€‡"},{"type":"pause","duration":10},{"type":"keyUp","value":"î€‡"}]}]}
RESULT: {"actions":[{"id":"action6","type":"key","parameters":{},"actions":[{"type":"keyDown","value":"î€‡"},{"type":"pause","duration":10},{"type":"keyUp","value":"î€‡"}]}]}
COMMAND: GET /session/211f9bdef6c1513913dbaa9ec9077f8f/screenshot - {}
RESULT: {}
COMMAND: POST /session/211f9bdef6c1513913dbaa9ec9077f8f/execute/async - {"script":"<script> [1562 bytes]","args":[{"selector":{"id":"application-manageconditionprice-display-component---newCondition--condBillCond-arrow"},"wdio_ui5_key":"applicationmanageconditionprice-display-component---newCondition--condBillCond-arrow"}]}
RESULT: {"script":"<script> [1562 bytes]","args":[{"selector":{"id":"application-manageconditionprice-display-component---newCondition--condBillCond-arrow"},"wdio_ui5_key":"applicationmanageconditionprice-display-component---newCondition--condBillCond-arrow"}]}
RESULT: undefined
COMMAND: POST /session/211f9bdef6c1513913dbaa9ec9077f8f/element - {"using":"xpath","value":"//*[@id=\"application-manageconditionprice-display-component---newCondition--condBillCond-arrow\"]"}
RESULT: {"using":"xpath","value":"//*[@id=\"application-manageconditionprice-display-component---newCondition--condBillCond-arrow\"]"}
COMMAND: POST /session/211f9bdef6c1513913dbaa9ec9077f8f/element/f.4A28FC3DA4D00E0A660421E11FF23D1E.d.73CBA269AF329D52A195F8C50CF57C6F.e.1997/click - {}
RESULT: {}
COMMAND: GET /session/211f9bdef6c1513913dbaa9ec9077f8f/screenshot - {}
RESULT: {}
COMMAND: POST /session/211f9bdef6c1513913dbaa9ec9077f8f/element - {"using":"xpath","value":"//li[.//span[contains(text(), \"SAPR - Sales price\")]]"}
RESULT: {"using":"xpath","value":"//li[.//span[contains(text(), \"SAPR - Sales price\")]]"}
COMMAND: POST /session/211f9bdef6c1513913dbaa9ec9077f8f/element/f.4A28FC3DA4D00E0A660421E11FF23D1E.d.73CBA269AF329D52A195F8C50CF57C6F.e.2001/click - {}
RESULT: {}
COMMAND: GET /session/211f9bdef6c1513913dbaa9ec9077f8f/screenshot - {}
RESULT: {}
COMMAND: POST /session/211f9bdef6c1513913dbaa9ec9077f8f/execute/async - {"script":"<script> [1562 bytes]","args":[{"selector":{"id":"application-manageconditionprice-display-component---newCondition--condValidTo","interaction":{"idSuffix":"inner"}},"wdio_ui5_key":"applicationmanageconditionprice-display-component---newCondition--condValidTo"}]}
RESULT: {"script":"<script> [1562 bytes]","args":[{"selector":{"id":"application-manageconditionprice-display-component---newCondition--condValidTo","interaction":{"idSuffix":"inner"}},"wdio_ui5_key":"applicationmanageconditionprice-display-component---newCondition--condValidTo"}]}
RESULT: undefined
COMMAND: POST /session/211f9bdef6c1513913dbaa9ec9077f8f/execute/async - {"script":"<script> [776 bytes]","args":[{"enterText":"12/28/25","selector":{"id":"application-manageconditionprice-display-component---newCondition--condValidTo","interaction":{"idSuffix":"inner"}},"clearTextFirst":true,"interactionType":"ENTER_TEXT"}]}
RESULT: {"script":"<script> [776 bytes]","args":[{"enterText":"12/28/25","selector":{"id":"application-manageconditionprice-display-component---newCondition--condValidTo","interaction":{"idSuffix":"inner"}},"clearTextFirst":true,"interactionType":"ENTER_TEXT"}]}
COMMAND: POST /session/211f9bdef6c1513913dbaa9ec9077f8f/element - {"using":"xpath","value":"//input[@id=\"application-manageconditionprice-display-component---newCondition--condRU-inner\"]"}
RESULT: {"using":"xpath","value":"//input[@id=\"application-manageconditionprice-display-component---newCondition--condRU-inner\"]"}
COMMAND: POST /session/211f9bdef6c1513913dbaa9ec9077f8f/element/f.4A28FC3DA4D00E0A660421E11FF23D1E.d.73CBA269AF329D52A195F8C50CF57C6F.e.1863/clear - {}
RESULT: {}
COMMAND: POST /session/211f9bdef6c1513913dbaa9ec9077f8f/element/f.4A28FC3DA4D00E0A660421E11FF23D1E.d.73CBA269AF329D52A195F8C50CF57C6F.e.1863/value - {"text":"ckLrRVEamw"}
COMMAND: GET /session/211f9bdef6c1513913dbaa9ec9077f8f/screenshot - {}
RESULT: {"text":"ckLrRVEamw"}
COMMAND: GET /session/211f9bdef6c1513913dbaa9ec9077f8f/screenshot - {}
RESULT: {}
RESULT: {}
COMMAND: POST /session/211f9bdef6c1513913dbaa9ec9077f8f/actions - {"actions":[{"id":"action7","type":"key","parameters":{},"actions":[{"type":"keyDown","value":"î€‡"},{"type":"pause","duration":10},{"type":"keyUp","value":"î€‡"}]}]}
RESULT: {"actions":[{"id":"action7","type":"key","parameters":{},"actions":[{"type":"keyDown","value":"î€‡"},{"type":"pause","duration":10},{"type":"keyUp","value":"î€‡"}]}]}
COMMAND: POST /session/211f9bdef6c1513913dbaa9ec9077f8f/execute/async - {"script":"<script> [1562 bytes]","args":[{"selector":{"id":"application-manageconditionprice-display-component---newCondition--condBaseQty","interaction":{"idSuffix":"inner"}},"wdio_ui5_key":"applicationmanageconditionprice-display-component---newCondition--condBaseQty"}]}
COMMAND: GET /session/211f9bdef6c1513913dbaa9ec9077f8f/screenshot - {}
RESULT: {"script":"<script> [1562 bytes]","args":[{"selector":{"id":"application-manageconditionprice-display-component---newCondition--condBaseQty","interaction":{"idSuffix":"inner"}},"wdio_ui5_key":"applicationmanageconditionprice-display-component---newCondition--condBaseQty"}]}
RESULT: undefined
COMMAND: POST /session/211f9bdef6c1513913dbaa9ec9077f8f/execute/async - {"script":"<script> [776 bytes]","args":[{"enterText":"1","selector":{"id":"application-manageconditionprice-display-component---newCondition--condBaseQty","interaction":{"idSuffix":"inner"}},"clearTextFirst":true,"interactionType":"ENTER_TEXT"}]}
RESULT: {}
RESULT: {"script":"<script> [776 bytes]","args":[{"enterText":"1","selector":{"id":"application-manageconditionprice-display-component---newCondition--condBaseQty","interaction":{"idSuffix":"inner"}},"clearTextFirst":true,"interactionType":"ENTER_TEXT"}]}
COMMAND: POST /session/211f9bdef6c1513913dbaa9ec9077f8f/execute/async - {"script":"<script> [1562 bytes]","args":[{"selector":{"id":"application-manageconditionprice-display-component---newCondition--condValue","interaction":{"idSuffix":"inner"}},"wdio_ui5_key":"applicationmanageconditionprice-display-component---newCondition--condValue"}]}
RESULT: {"script":"<script> [1562 bytes]","args":[{"selector":{"id":"application-manageconditionprice-display-component---newCondition--condValue","interaction":{"idSuffix":"inner"}},"wdio_ui5_key":"applicationmanageconditionprice-display-component---newCondition--condValue"}]}
RESULT: undefined
COMMAND: POST /session/211f9bdef6c1513913dbaa9ec9077f8f/execute/async - {"script":"<script> [776 bytes]","args":[{"enterText":"200","selector":{"id":"application-manageconditionprice-display-component---newCondition--condValue","interaction":{"idSuffix":"inner"}},"clearTextFirst":true,"interactionType":"ENTER_TEXT"}]}
RESULT: {"script":"<script> [776 bytes]","args":[{"enterText":"200","selector":{"id":"application-manageconditionprice-display-component---newCondition--condValue","interaction":{"idSuffix":"inner"}},"clearTextFirst":true,"interactionType":"ENTER_TEXT"}]}
COMMAND: POST /session/211f9bdef6c1513913dbaa9ec9077f8f/execute/async - {"script":"<script> [1562 bytes]","args":[{"selector":{"id":"application-manageconditionprice-display-component---newCondition--condCurr-arrow"},"wdio_ui5_key":"applicationmanageconditionprice-display-component---newCondition--condCurr-arrow"}]}
RESULT: {"script":"<script> [1562 bytes]","args":[{"selector":{"id":"application-manageconditionprice-display-component---newCondition--condCurr-arrow"},"wdio_ui5_key":"applicationmanageconditionprice-display-component---newCondition--condCurr-arrow"}]}
RESULT: undefined
COMMAND: POST /session/211f9bdef6c1513913dbaa9ec9077f8f/element - {"using":"xpath","value":"//*[@id=\"application-manageconditionprice-display-component---newCondition--condCurr-arrow\"]"}
RESULT: {"using":"xpath","value":"//*[@id=\"application-manageconditionprice-display-component---newCondition--condCurr-arrow\"]"}
COMMAND: POST /session/211f9bdef6c1513913dbaa9ec9077f8f/element/f.4A28FC3DA4D00E0A660421E11FF23D1E.d.73CBA269AF329D52A195F8C50CF57C6F.e.1981/click - {}
RESULT: {}
COMMAND: POST /session/211f9bdef6c1513913dbaa9ec9077f8f/element - {"using":"xpath","value":"//span[contains(text(), \"Euro\")]"}
COMMAND: GET /session/211f9bdef6c1513913dbaa9ec9077f8f/screenshot - {}
RESULT: {"using":"xpath","value":"//span[contains(text(), \"Euro\")]"}
COMMAND: POST /session/211f9bdef6c1513913dbaa9ec9077f8f/element/f.4A28FC3DA4D00E0A660421E11FF23D1E.d.73CBA269AF329D52A195F8C50CF57C6F.e.2039/click - {}
RESULT: {}
RESULT: {}
COMMAND: POST /session/211f9bdef6c1513913dbaa9ec9077f8f/element - {"using":"xpath","value":"//button[@data-kt=\"saveButton\"]"}
COMMAND: GET /session/211f9bdef6c1513913dbaa9ec9077f8f/screenshot - {}
RESULT: {"using":"xpath","value":"//button[@data-kt=\"saveButton\"]"}
COMMAND: POST /session/211f9bdef6c1513913dbaa9ec9077f8f/element/f.4A28FC3DA4D00E0A660421E11FF23D1E.d.73CBA269AF329D52A195F8C50CF57C6F.e.1982/click - {}
RESULT: {}
RESULT: {}
COMMAND: GET /session/211f9bdef6c1513913dbaa9ec9077f8f/screenshot - {}
RESULT: {}
COMMAND: POST /session/211f9bdef6c1513913dbaa9ec9077f8f/execute/async - {"script":"<script> [1562 bytes]","args":[{"selector":{"id":"application-manageconditionprice-display-component---conditions--smartFilterBar-btnBasicSearch","interaction":{"idSuffix":"I"}},"wdio_ui5_key":"applicationmanageconditionprice-display-component---conditions--smartFilterBar-btnBasicSearch"}]}
RESULT: {"script":"<script> [1562 bytes]","args":[{"selector":{"id":"application-manageconditionprice-display-component---conditions--smartFilterBar-btnBasicSearch","interaction":{"idSuffix":"I"}},"wdio_ui5_key":"applicationmanageconditionprice-display-component---conditions--smartFilterBar-btnBasicSearch"}]}
RESULT: undefined
COMMAND: POST /session/211f9bdef6c1513913dbaa9ec9077f8f/execute/async - {"script":"<script> [776 bytes]","args":[{"enterText":"ckLrRVEamw","selector":{"id":"application-manageconditionprice-display-component---conditions--smartFilterBar-btnBasicSearch","interaction":{"idSuffix":"I"}},"clearTextFirst":true,"interactionType":"ENTER_TEXT"}]}
RESULT: {"script":"<script> [776 bytes]","args":[{"enterText":"ckLrRVEamw","selector":{"id":"application-manageconditionprice-display-component---conditions--smartFilterBar-btnBasicSearch","interaction":{"idSuffix":"I"}},"clearTextFirst":true,"interactionType":"ENTER_TEXT"}]}
COMMAND: POST /session/211f9bdef6c1513913dbaa9ec9077f8f/actions - {"actions":[{"id":"action8","type":"key","parameters":{},"actions":[{"type":"keyDown","value":"î€‡"},{"type":"pause","duration":10},{"type":"keyUp","value":"î€‡"}]}]}
RESULT: {"actions":[{"id":"action8","type":"key","parameters":{},"actions":[{"type":"keyDown","value":"î€‡"},{"type":"pause","duration":10},{"type":"keyUp","value":"î€‡"}]}]}
COMMAND: GET /session/211f9bdef6c1513913dbaa9ec9077f8f/screenshot - {}
RESULT: {}
COMMAND: POST /session/211f9bdef6c1513913dbaa9ec9077f8f/execute/async - {"script":"<script> [1562 bytes]","args":[{"selector":{"id":"application-manageconditionprice-display-component---conditions--smartFilterBar-filterItemControl_BASIC-BILL_TYPES-vhi"},"wdio_ui5_key":"applicationmanageconditionprice-display-component---conditions--smartFilterBar-filterItemControl_BASIC-BILL_TYPES-vhi"}]}
RESULT: {"script":"<script> [1562 bytes]","args":[{"selector":{"id":"application-manageconditionprice-display-component---conditions--smartFilterBar-filterItemControl_BASIC-BILL_TYPES-vhi"},"wdio_ui5_key":"applicationmanageconditionprice-display-component---conditions--smartFilterBar-filterItemControl_BASIC-BILL_TYPES-vhi"}]}
RESULT: undefined
COMMAND: POST /session/211f9bdef6c1513913dbaa9ec9077f8f/element - {"using":"xpath","value":"//*[@id=\"application-manageconditionprice-display-component---conditions--smartFilterBar-filterItemControl_BASIC-BILL_TYPES-vhi\"]"}
RESULT: {"using":"xpath","value":"//*[@id=\"application-manageconditionprice-display-component---conditions--smartFilterBar-filterItemControl_BASIC-BILL_TYPES-vhi\"]"}
COMMAND: POST /session/211f9bdef6c1513913dbaa9ec9077f8f/element/f.4A28FC3DA4D00E0A660421E11FF23D1E.d.73CBA269AF329D52A195F8C50CF57C6F.e.2055/click - {}
RESULT: {}
COMMAND: POST /session/211f9bdef6c1513913dbaa9ec9077f8f/execute/async - {"script":"<script> [1562 bytes]","args":[{"selector":{"id":"application-manageconditionprice-display-component---conditions--smartFilterBar-filterItemControl_BASIC-BILL_TYPES-valueHelpDialog-smartFilterBar-btnBasicSearch","searchOpenDialogs":true,"interaction":{"idSuffix":"I"}},"wdio_ui5_key":"applicationmanageconditionprice-display-component---conditions--smartFilterBar-filterItemControl_BASIC-BILL_TYPES-valueHelpDialog-smartFilterBar-btnBasicSearch"}]}
COMMAND: GET /session/211f9bdef6c1513913dbaa9ec9077f8f/screenshot - {}
RESULT: {"script":"<script> [1562 bytes]","args":[{"selector":{"id":"application-manageconditionprice-display-component---conditions--smartFilterBar-filterItemControl_BASIC-BILL_TYPES-valueHelpDialog-smartFilterBar-btnBasicSearch","searchOpenDialogs":true,"interaction":{"idSuffix":"I"}},"wdio_ui5_key":"applicationmanageconditionprice-display-component---conditions--smartFilterBar-filterItemControl_BASIC-BILL_TYPES-valueHelpDialog-smartFilterBar-btnBasicSearch"}]}
RESULT: undefined
COMMAND: POST /session/211f9bdef6c1513913dbaa9ec9077f8f/execute/async - {"script":"<script> [776 bytes]","args":[{"enterText":"one","selector":{"id":"application-manageconditionprice-display-component---conditions--smartFilterBar-filterItemControl_BASIC-BILL_TYPES-valueHelpDialog-smartFilterBar-btnBasicSearch","searchOpenDialogs":true,"interaction":{"idSuffix":"I"}},"clearTextFirst":true,"interactionType":"ENTER_TEXT"}]}
RESULT: {}
RESULT: {"script":"<script> [776 bytes]","args":[{"enterText":"one","selector":{"id":"application-manageconditionprice-display-component---conditions--smartFilterBar-filterItemControl_BASIC-BILL_TYPES-valueHelpDialog-smartFilterBar-btnBasicSearch","searchOpenDialogs":true,"interaction":{"idSuffix":"I"}},"clearTextFirst":true,"interactionType":"ENTER_TEXT"}]}
COMMAND: POST /session/211f9bdef6c1513913dbaa9ec9077f8f/actions - {"actions":[{"id":"action9","type":"key","parameters":{},"actions":[{"type":"keyDown","value":"î€‡"},{"type":"pause","duration":10},{"type":"keyUp","value":"î€‡"}]}]}
RESULT: {"actions":[{"id":"action9","type":"key","parameters":{},"actions":[{"type":"keyDown","value":"î€‡"},{"type":"pause","duration":10},{"type":"keyUp","value":"î€‡"}]}]}
COMMAND: GET /session/211f9bdef6c1513913dbaa9ec9077f8f/screenshot - {}
RESULT: {}
COMMAND: POST /session/211f9bdef6c1513913dbaa9ec9077f8f/element - {"using":"xpath","value":"//div[contains(@id, 'application-manageconditionprice-display-component---conditions--smartFilterBar-filterItemControl_BASIC-BILL_TYPES-valueHelpDialog-table-rowsel0')]"}
RESULT: {"using":"xpath","value":"//div[contains(@id, 'application-manageconditionprice-display-component---conditions--smartFilterBar-filterItemControl_BASIC-BILL_TYPES-valueHelpDialog-table-rowsel0')]"}
COMMAND: POST /session/211f9bdef6c1513913dbaa9ec9077f8f/element/f.4A28FC3DA4D00E0A660421E11FF23D1E.d.73CBA269AF329D52A195F8C50CF57C6F.e.2064/click - {}
RESULT: {}
COMMAND: GET /session/211f9bdef6c1513913dbaa9ec9077f8f/screenshot - {}
RESULT: {}
COMMAND: POST /session/211f9bdef6c1513913dbaa9ec9077f8f/element - {"using":"xpath","value":"//bdi[contains(text(), \"OK\")]"}
RESULT: {"using":"xpath","value":"//bdi[contains(text(), \"OK\")]"}
COMMAND: POST /session/211f9bdef6c1513913dbaa9ec9077f8f/element/f.4A28FC3DA4D00E0A660421E11FF23D1E.d.73CBA269AF329D52A195F8C50CF57C6F.e.2066/click - {}
RESULT: {}
COMMAND: GET /session/211f9bdef6c1513913dbaa9ec9077f8f/screenshot - {}
RESULT: {}
COMMAND: POST /session/211f9bdef6c1513913dbaa9ec9077f8f/element - {"using":"xpath","value":"//span[@id=\"application-manageconditionprice-display-component---conditions--smartTable-header-inner\"]"}
RESULT: {"using":"xpath","value":"//span[@id=\"application-manageconditionprice-display-component---conditions--smartTable-header-inner\"]"}
COMMAND: POST /session/211f9bdef6c1513913dbaa9ec9077f8f/elements - {"using":"xpath","value":"//span[@id=\"application-manageconditionprice-display-component---conditions--smartTable-header-inner\"]"}
RESULT: {"using":"xpath","value":"//span[@id=\"application-manageconditionprice-display-component---conditions--smartTable-header-inner\"]"}
COMMAND: POST /session/211f9bdef6c1513913dbaa9ec9077f8f/execute/sync - {"script":"<script> [56 bytes]","args":[{"element-6066-11e4-a52e-4f735466cecf":"f.4A28FC3DA4D00E0A660421E11FF23D1E.d.73CBA269AF329D52A195F8C50CF57C6F.e.2069","ELEMENT":"f.4A28FC3DA4D00E0A660421E11FF23D1E.d.73CBA269AF329D52A195F8C50CF57C6F.e.2069"}]}
RESULT: {"script":"<script> [56 bytes]","args":[{"element-6066-11e4-a52e-4f735466cecf":"f.4A28FC3DA4D00E0A660421E11FF23D1E.d.73CBA269AF329D52A195F8C50CF57C6F.e.2069","ELEMENT":"f.4A28FC3DA4D00E0A660421E11FF23D1E.d.73CBA269AF329D52A195F8C50CF57C6F.e.2069"}]}
COMMAND: POST /session/211f9bdef6c1513913dbaa9ec9077f8f/element - {"using":"css selector","value":"#shell-header-logo"}
COMMAND: GET /session/211f9bdef6c1513913dbaa9ec9077f8f/screenshot - {}
RESULT: {"using":"css selector","value":"#shell-header-logo"}
COMMAND: POST /session/211f9bdef6c1513913dbaa9ec9077f8f/element/f.4A28FC3DA4D00E0A660421E11FF23D1E.d.73CBA269AF329D52A195F8C50CF57C6F.e.1755/click - {}
RESULT: {}
RESULT: {}
COMMAND: GET /session/211f9bdef6c1513913dbaa9ec9077f8f/screenshot - {}
RESULT: {}
COMMAND: POST /session/211f9bdef6c1513913dbaa9ec9077f8f/element - {"using":"css selector","value":"#j_username"}
COMMAND: POST /session/211f9bdef6c1513913dbaa9ec9077f8f/url - {"url":"https://qa-testing-00-live-etm-ui.cfapps.eu10-004.hana.ondemand.com/"}
RESULT: {"using":"css selector","value":"#j_username"}
COMMAND: POST /session/211f9bdef6c1513913dbaa9ec9077f8f/element - {"using":"css selector","value":"#j_username"}
RESULT: {"url":"https://qa-testing-00-live-etm-ui.cfapps.eu10-004.hana.ondemand.com/"}
RESULT: undefined
COMMAND: GET /session/211f9bdef6c1513913dbaa9ec9077f8f/screenshot - {}
RESULT: {"using":"css selector","value":"#j_username"}
COMMAND: POST /session/211f9bdef6c1513913dbaa9ec9077f8f/element - {"using":"css selector","value":"#shell-header-logo"}
RESULT: {}
RESULT: {"using":"css selector","value":"#shell-header-logo"}
COMMAND: POST /session/211f9bdef6c1513913dbaa9ec9077f8f/execute/sync - {"script":"<script> [8489 bytes]","args":[{"element-6066-11e4-a52e-4f735466cecf":"f.4A28FC3DA4D00E0A660421E11FF23D1E.d.ECB0302DAF52C633A2A12464DE2C30BB.e.2085","ELEMENT":"f.4A28FC3DA4D00E0A660421E11FF23D1E.d.ECB0302DAF52C633A2A12464DE2C30BB.e.2085"}]}
RESULT: {"script":"<script> [8489 bytes]","args":[{"element-6066-11e4-a52e-4f735466cecf":"f.4A28FC3DA4D00E0A660421E11FF23D1E.d.ECB0302DAF52C633A2A12464DE2C30BB.e.2085","ELEMENT":"f.4A28FC3DA4D00E0A660421E11FF23D1E.d.ECB0302DAF52C633A2A12464DE2C30BB.e.2085"}]}
COMMAND: POST /session/211f9bdef6c1513913dbaa9ec9077f8f/element - {"using":"css selector","value":"#shell-header-logo"}
COMMAND: GET /session/211f9bdef6c1513913dbaa9ec9077f8f/screenshot - {}
RESULT: {"using":"css selector","value":"#shell-header-logo"}
COMMAND: POST /session/211f9bdef6c1513913dbaa9ec9077f8f/execute/sync - {"script":"<script> [8489 bytes]","args":[{"element-6066-11e4-a52e-4f735466cecf":"f.4A28FC3DA4D00E0A660421E11FF23D1E.d.ECB0302DAF52C633A2A12464DE2C30BB.e.2085","ELEMENT":"f.4A28FC3DA4D00E0A660421E11FF23D1E.d.ECB0302DAF52C633A2A12464DE2C30BB.e.2085"}]}
RESULT: {}
RESULT: {"script":"<script> [8489 bytes]","args":[{"element-6066-11e4-a52e-4f735466cecf":"f.4A28FC3DA4D00E0A660421E11FF23D1E.d.ECB0302DAF52C633A2A12464DE2C30BB.e.2085","ELEMENT":"f.4A28FC3DA4D00E0A660421E11FF23D1E.d.ECB0302DAF52C633A2A12464DE2C30BB.e.2085"}]}
COMMAND: POST /session/211f9bdef6c1513913dbaa9ec9077f8f/execute/sync - {"script":"<script> [5351 bytes]","args":[{"element-6066-11e4-a52e-4f735466cecf":"f.4A28FC3DA4D00E0A660421E11FF23D1E.d.ECB0302DAF52C633A2A12464DE2C30BB.e.2085","ELEMENT":"f.4A28FC3DA4D00E0A660421E11FF23D1E.d.ECB0302DAF52C633A2A12464DE2C30BB.e.2085"}]}
COMMAND: GET /session/211f9bdef6c1513913dbaa9ec9077f8f/screenshot - {}
RESULT: {"script":"<script> [5351 bytes]","args":[{"element-6066-11e4-a52e-4f735466cecf":"f.4A28FC3DA4D00E0A660421E11FF23D1E.d.ECB0302DAF52C633A2A12464DE2C30BB.e.2085","ELEMENT":"f.4A28FC3DA4D00E0A660421E11FF23D1E.d.ECB0302DAF52C633A2A12464DE2C30BB.e.2085"}]}
COMMAND: POST /session/211f9bdef6c1513913dbaa9ec9077f8f/element - {"using":"css selector","value":"#shell-header-logo"}
COMMAND: GET /session/211f9bdef6c1513913dbaa9ec9077f8f/screenshot - {}
RESULT: {}
RESULT: {"using":"css selector","value":"#shell-header-logo"}
COMMAND: POST /session/211f9bdef6c1513913dbaa9ec9077f8f/element/f.4A28FC3DA4D00E0A660421E11FF23D1E.d.ECB0302DAF52C633A2A12464DE2C30BB.e.2085/click - {}
RESULT: {}
RESULT: {}
COMMAND: GET /session/211f9bdef6c1513913dbaa9ec9077f8f/screenshot - {}
RESULT: {}
COMMAND: POST /session/211f9bdef6c1513913dbaa9ec9077f8f/execute/async - {"script":"<script> [189 bytes]","args":[]}
RESULT: {"script":"<script> [189 bytes]","args":[]}
COMMAND: POST /session/211f9bdef6c1513913dbaa9ec9077f8f/execute/async - {"script":"<script> [123 bytes]","args":[]}
RESULT: {"script":"<script> [123 bytes]","args":[]}
COMMAND: POST /session/211f9bdef6c1513913dbaa9ec9077f8f/timeouts - {"script":"<number>"}
RESULT: {"script":"<number>"}
COMMAND: GET /session/211f9bdef6c1513913dbaa9ec9077f8f/timeouts - {}
RESULT: {}
RESULT: undefined
COMMAND: POST /session/211f9bdef6c1513913dbaa9ec9077f8f/execute/async - {"script":"<script> [2676 bytes]","args":[]}
RESULT: {"script":"<script> [2676 bytes]","args":[]}
COMMAND: POST /session/211f9bdef6c1513913dbaa9ec9077f8f/execute/async - {"script":"<script> [2342 bytes]","args":[{"protocol":"http","hostname":"0.0.0.0","path":"/","capabilities":{"browserName":"chrome","goog:chromeOptions":{"binary":"C:\\Program Files\\Google\\Chrome\\Application\\chrome.exe","args":["--start-maximized"]}},"logLevel":"warn","connectionRetryTimeout":120000,"connectionRetryCount":3,"logLevels":{},"enableDirectConnect":true,"strictSSL":true,"_":"65 more keys: [\"cacheDir\",\"port\",\"requestedCapabilities\",\"automationProtocol\",\"baseUrl\",\"waitforInterval\",\"waitforTimeout\",\"onReload\",\"beforeCommand\",\"afterCommand\",\"rootDir\",\"specs\",\"suites\",\"exclude\",\"groupLogsByTestSpec\",\"excludeDriverLogs\",\"bail\",\"framework\",\"reporters\",\"services\",\"maxInstances\",\"maxInstancesPerCapability\",\"injectGlobals\",\"filesToWatch\",\"execArgv\",\"runnerEnv\",\"runner\",\"shard\",\"specFileRetries\",\"specFileRetriesDelay\",\"specFileRetriesDeferred\",\"reporterSyncInterval\",\"reporterSyncTimeout\",\"cucumberFeaturesWithLineNumbers\",\"autoCompileOpts\",\"mochaOpts\",\"jasmineOpts\",\"cucumberOpts\",\"onPrepare\",\"onWorkerStart\",\"onWorkerEnd\",\"before\",\"beforeSession\",\"beforeSuite\",\"beforeHook\",\"beforeTest\",\"afterTest\",\"afterHook\",\"afterSuite\",\"afterSession\",\"after\",\"onComplete\",\"beforeAssertion\",\"afterAssertion\",\"beforeFeature\",\"beforeScenario\",\"beforeStep\",\"afterStep\",\"afterScenario\",\"afterFeature\",\"_\",\"suite\",\"$0\",\"ignoredWorkerServices\",\"wdi5\"]"}]}
RESULT: {"script":"<script> [2342 bytes]","args":[{"protocol":"http","hostname":"0.0.0.0","path":"/","capabilities":{"browserName":"chrome","goog:chromeOptions":{"binary":"C:\\Program Files\\Google\\Chrome\\Application\\chrome.exe","args":["--start-maximized"]}},"logLevel":"warn","connectionRetryTimeout":120000,"connectionRetryCount":3,"logLevels":{},"enableDirectConnect":true,"strictSSL":true,"_":"65 more keys: [\"cacheDir\",\"port\",\"requestedCapabilities\",\"automationProtocol\",\"baseUrl\",\"waitforInterval\",\"waitforTimeout\",\"onReload\",\"beforeCommand\",\"afterCommand\",\"rootDir\",\"specs\",\"suites\",\"exclude\",\"groupLogsByTestSpec\",\"excludeDriverLogs\",\"bail\",\"framework\",\"reporters\",\"services\",\"maxInstances\",\"maxInstancesPerCapability\",\"injectGlobals\",\"filesToWatch\",\"execArgv\",\"runnerEnv\",\"runner\",\"shard\",\"specFileRetries\",\"specFileRetriesDelay\",\"specFileRetriesDeferred\",\"reporterSyncInterval\",\"reporterSyncTimeout\",\"cucumberFeaturesWithLineNumbers\",\"autoCompileOpts\",\"mochaOpts\",\"jasmineOpts\",\"cucumberOpts\",\"onPrepare\",\"onWorkerStart\",\"onWorkerEnd\",\"before\",\"beforeSession\",\"beforeSuite\",\"beforeHook\",\"beforeTest\",\"afterTest\",\"afterHook\",\"afterSuite\",\"afterSession\",\"after\",\"onComplete\",\"beforeAssertion\",\"afterAssertion\",\"beforeFeature\",\"beforeScenario\",\"beforeStep\",\"afterStep\",\"afterScenario\",\"afterFeature\",\"_\",\"suite\",\"$0\",\"ignoredWorkerServices\",\"wdi5\"]"}]}
COMMAND: POST /session/211f9bdef6c1513913dbaa9ec9077f8f/execute/async - {"script":"<script> [21126 bytes]","args":[35000]}
RESULT: {"script":"<script> [21126 bytes]","args":[35000]}
COMMAND: POST /session/211f9bdef6c1513913dbaa9ec9077f8f/window/maximize - {}
RESULT: {}
COMMAND: POST /session/211f9bdef6c1513913dbaa9ec9077f8f/execute/async - {"script":"<script> [1562 bytes]","args":[{"selector":{"id":"shell-header","interaction":{"idSuffix":"icon"}},"wdio_ui5_key":"shellheader"}]}
COMMAND: GET /session/211f9bdef6c1513913dbaa9ec9077f8f/screenshot - {}
RESULT: {"script":"<script> [1562 bytes]","args":[{"selector":{"id":"shell-header","interaction":{"idSuffix":"icon"}},"wdio_ui5_key":"shellheader"}]}
RESULT: undefined
COMMAND: POST /session/211f9bdef6c1513913dbaa9ec9077f8f/refresh - {}
RESULT: {}
RESULT: {}
COMMAND: GET /session/211f9bdef6c1513913dbaa9ec9077f8f/screenshot - {}
RESULT: {}
COMMAND: POST /session/211f9bdef6c1513913dbaa9ec9077f8f/refresh - {}
RESULT: {}
COMMAND: GET /session/211f9bdef6c1513913dbaa9ec9077f8f/screenshot - {}
RESULT: {}
COMMAND: POST /session/211f9bdef6c1513913dbaa9ec9077f8f/window/fullscreen - {}
RESULT: {}
COMMAND: POST /session/211f9bdef6c1513913dbaa9ec9077f8f/execute/async - {"script":"<script> [189 bytes]","args":[]}
RESULT: {"script":"<script> [189 bytes]","args":[]}
COMMAND: POST /session/211f9bdef6c1513913dbaa9ec9077f8f/execute/async - {"script":"<script> [123 bytes]","args":[]}
RESULT: {"script":"<script> [123 bytes]","args":[]}
COMMAND: POST /session/211f9bdef6c1513913dbaa9ec9077f8f/timeouts - {"script":"<number>"}
RESULT: {"script":"<number>"}
COMMAND: GET /session/211f9bdef6c1513913dbaa9ec9077f8f/timeouts - {}
RESULT: {}
RESULT: undefined
COMMAND: POST /session/211f9bdef6c1513913dbaa9ec9077f8f/execute/async - {"script":"<script> [2676 bytes]","args":[]}
RESULT: {"script":"<script> [2676 bytes]","args":[]}
COMMAND: POST /session/211f9bdef6c1513913dbaa9ec9077f8f/execute/async - {"script":"<script> [2342 bytes]","args":[{"protocol":"http","hostname":"0.0.0.0","path":"/","capabilities":{"browserName":"chrome","goog:chromeOptions":{"binary":"C:\\Program Files\\Google\\Chrome\\Application\\chrome.exe","args":["--start-maximized"]}},"logLevel":"warn","connectionRetryTimeout":120000,"connectionRetryCount":3,"logLevels":{},"enableDirectConnect":true,"strictSSL":true,"_":"65 more keys: [\"cacheDir\",\"port\",\"requestedCapabilities\",\"automationProtocol\",\"baseUrl\",\"waitforInterval\",\"waitforTimeout\",\"onReload\",\"beforeCommand\",\"afterCommand\",\"rootDir\",\"specs\",\"suites\",\"exclude\",\"groupLogsByTestSpec\",\"excludeDriverLogs\",\"bail\",\"framework\",\"reporters\",\"services\",\"maxInstances\",\"maxInstancesPerCapability\",\"injectGlobals\",\"filesToWatch\",\"execArgv\",\"runnerEnv\",\"runner\",\"shard\",\"specFileRetries\",\"specFileRetriesDelay\",\"specFileRetriesDeferred\",\"reporterSyncInterval\",\"reporterSyncTimeout\",\"cucumberFeaturesWithLineNumbers\",\"autoCompileOpts\",\"mochaOpts\",\"jasmineOpts\",\"cucumberOpts\",\"onPrepare\",\"onWorkerStart\",\"onWorkerEnd\",\"before\",\"beforeSession\",\"beforeSuite\",\"beforeHook\",\"beforeTest\",\"afterTest\",\"afterHook\",\"afterSuite\",\"afterSession\",\"after\",\"onComplete\",\"beforeAssertion\",\"afterAssertion\",\"beforeFeature\",\"beforeScenario\",\"beforeStep\",\"afterStep\",\"afterScenario\",\"afterFeature\",\"_\",\"suite\",\"$0\",\"ignoredWorkerServices\",\"wdi5\"]"}]}
RESULT: {"script":"<script> [2342 bytes]","args":[{"protocol":"http","hostname":"0.0.0.0","path":"/","capabilities":{"browserName":"chrome","goog:chromeOptions":{"binary":"C:\\Program Files\\Google\\Chrome\\Application\\chrome.exe","args":["--start-maximized"]}},"logLevel":"warn","connectionRetryTimeout":120000,"connectionRetryCount":3,"logLevels":{},"enableDirectConnect":true,"strictSSL":true,"_":"65 more keys: [\"cacheDir\",\"port\",\"requestedCapabilities\",\"automationProtocol\",\"baseUrl\",\"waitforInterval\",\"waitforTimeout\",\"onReload\",\"beforeCommand\",\"afterCommand\",\"rootDir\",\"specs\",\"suites\",\"exclude\",\"groupLogsByTestSpec\",\"excludeDriverLogs\",\"bail\",\"framework\",\"reporters\",\"services\",\"maxInstances\",\"maxInstancesPerCapability\",\"injectGlobals\",\"filesToWatch\",\"execArgv\",\"runnerEnv\",\"runner\",\"shard\",\"specFileRetries\",\"specFileRetriesDelay\",\"specFileRetriesDeferred\",\"reporterSyncInterval\",\"reporterSyncTimeout\",\"cucumberFeaturesWithLineNumbers\",\"autoCompileOpts\",\"mochaOpts\",\"jasmineOpts\",\"cucumberOpts\",\"onPrepare\",\"onWorkerStart\",\"onWorkerEnd\",\"before\",\"beforeSession\",\"beforeSuite\",\"beforeHook\",\"beforeTest\",\"afterTest\",\"afterHook\",\"afterSuite\",\"afterSession\",\"after\",\"onComplete\",\"beforeAssertion\",\"afterAssertion\",\"beforeFeature\",\"beforeScenario\",\"beforeStep\",\"afterStep\",\"afterScenario\",\"afterFeature\",\"_\",\"suite\",\"$0\",\"ignoredWorkerServices\",\"wdi5\"]"}]}
COMMAND: POST /session/211f9bdef6c1513913dbaa9ec9077f8f/execute/async - {"script":"<script> [21126 bytes]","args":[35000]}
RESULT: {"script":"<script> [21126 bytes]","args":[35000]}
]]></system-out>
    </testcase>
  </testsuite>
  <testsuite timestamp="2025-04-28T17:04:34" time="111.369" tests="3" failures="0" errors="0" skipped="0">
    <properties>
      <property name="specId" value="0" />
      <property name="suiteName" value="Set up pricing rule(OT) 104624" />
      <property name="capabilities" value="chrome.135_0_7049_96.windows" />
      <property name="file" value="file:///D:/a/1/s/test/specs/BTS/create-pricing-rule.spec.js" />
    </properties>
    <testcase classname="chrome.135_0_7049_96.windows.Set_up_pricing_rule(OT)_104624" name="Should create a new yard used for all following tests" time="0.011">
      <system-out><![CDATA[
COMMAND: POST /session/211f9bdef6c1513913dbaa9ec9077f8f/window/fullscreen - {}
RESULT: {}
]]></system-out>
    </testcase>
    <testcase classname="chrome.135_0_7049_96.windows.Set_up_pricing_rule(OT)_104624" name="Should create a new equipment used for all following tests" time="0.004" />
    <testcase classname="chrome.135_0_7049_96.windows.Set_up_pricing_rule(OT)_104624" name="Should create new pricing rule on the created resource from earlier module or above" time="64.019">
      <system-out><![CDATA[
COMMAND: POST /session/211f9bdef6c1513913dbaa9ec9077f8f/execute/async - {"script":"<script> [1562 bytes]","args":[{"selector":{"controlType":"sap.m.Text","properties":{"text":"Manage Pricing Rules"},"interaction":{"idSuffix":"inner"}},"wdio_ui5_key":"sapm.Text{\"text\":\"Manage Pricing Rules\"}"}]}
RESULT: {"script":"<script> [1562 bytes]","args":[{"selector":{"controlType":"sap.m.Text","properties":{"text":"Manage Pricing Rules"},"interaction":{"idSuffix":"inner"}},"wdio_ui5_key":"sapm.Text{\"text\":\"Manage Pricing Rules\"}"}]}
RESULT: undefined
COMMAND: POST /session/211f9bdef6c1513913dbaa9ec9077f8f/element - {"using":"xpath","value":"//*[@id=\"__tile55-title\"]"}
RESULT: {"using":"xpath","value":"//*[@id=\"__tile55-title\"]"}
COMMAND: POST /session/211f9bdef6c1513913dbaa9ec9077f8f/element/f.4A28FC3DA4D00E0A660421E11FF23D1E.d.619D10D105E137CF6FA5CF98A9136589.e.2349/click - {}
RESULT: {}
COMMAND: POST /session/211f9bdef6c1513913dbaa9ec9077f8f/execute/async - {"script":"<script> [1562 bytes]","args":[{"selector":{"controlType":"sap.ui.core.Icon","viewName":"etm.portal.ui.managepricingrules.view.MasterHeader","viewId":"application-managepricingrules-display-component---priceInfoHeader","properties":{"src":{"regex":{"source":"activity\\-items"}}}},"wdio_ui5_key":"etmportal.ui.managepricingrules.view.MasterHeadersap.ui.core.Icon{\"src\":{\"regex\":{\"source\":\"activity\\\\-items\"}}}"}]}
COMMAND: GET /session/211f9bdef6c1513913dbaa9ec9077f8f/screenshot - {}
RESULT: {"script":"<script> [1562 bytes]","args":[{"selector":{"controlType":"sap.ui.core.Icon","viewName":"etm.portal.ui.managepricingrules.view.MasterHeader","viewId":"application-managepricingrules-display-component---priceInfoHeader","properties":{"src":{"regex":{"source":"activity\\-items"}}}},"wdio_ui5_key":"etmportal.ui.managepricingrules.view.MasterHeadersap.ui.core.Icon{\"src\":{\"regex\":{\"source\":\"activity\\\\-items\"}}}"}]}
RESULT: undefined
COMMAND: POST /session/211f9bdef6c1513913dbaa9ec9077f8f/element - {"using":"xpath","value":"//*[@id=\"__filter1-icon\"]"}
RESULT: {}
RESULT: {"using":"xpath","value":"//*[@id=\"__filter1-icon\"]"}
COMMAND: POST /session/211f9bdef6c1513913dbaa9ec9077f8f/element/f.4A28FC3DA4D00E0A660421E11FF23D1E.d.619D10D105E137CF6FA5CF98A9136589.e.2398/click - {}
RESULT: {}
COMMAND: GET /session/211f9bdef6c1513913dbaa9ec9077f8f/screenshot - {}
RESULT: {}
COMMAND: POST /session/211f9bdef6c1513913dbaa9ec9077f8f/element - {"using":"xpath","value":"//button[@data-kt=\"addButton\"]"}
RESULT: {"using":"xpath","value":"//button[@data-kt=\"addButton\"]"}
COMMAND: POST /session/211f9bdef6c1513913dbaa9ec9077f8f/elements - {"using":"xpath","value":"//button[@data-kt=\"addButton\"]"}
RESULT: {"using":"xpath","value":"//button[@data-kt=\"addButton\"]"}
COMMAND: POST /session/211f9bdef6c1513913dbaa9ec9077f8f/execute/sync - {"script":"<script> [8489 bytes]","args":[{"element-6066-11e4-a52e-4f735466cecf":"f.4A28FC3DA4D00E0A660421E11FF23D1E.d.619D10D105E137CF6FA5CF98A9136589.e.2447","ELEMENT":"f.4A28FC3DA4D00E0A660421E11FF23D1E.d.619D10D105E137CF6FA5CF98A9136589.e.2447"}]}
RESULT: {"script":"<script> [8489 bytes]","args":[{"element-6066-11e4-a52e-4f735466cecf":"f.4A28FC3DA4D00E0A660421E11FF23D1E.d.619D10D105E137CF6FA5CF98A9136589.e.2447","ELEMENT":"f.4A28FC3DA4D00E0A660421E11FF23D1E.d.619D10D105E137CF6FA5CF98A9136589.e.2447"}]}
COMMAND: GET /session/211f9bdef6c1513913dbaa9ec9077f8f/element/f.4A28FC3DA4D00E0A660421E11FF23D1E.d.619D10D105E137CF6FA5CF98A9136589.e.2447/enabled - {}
COMMAND: GET /session/211f9bdef6c1513913dbaa9ec9077f8f/screenshot - {}
RESULT: {}
COMMAND: POST /session/211f9bdef6c1513913dbaa9ec9077f8f/execute/sync - {"script":"<script> [8489 bytes]","args":[{"element-6066-11e4-a52e-4f735466cecf":"f.4A28FC3DA4D00E0A660421E11FF23D1E.d.619D10D105E137CF6FA5CF98A9136589.e.2447","ELEMENT":"f.4A28FC3DA4D00E0A660421E11FF23D1E.d.619D10D105E137CF6FA5CF98A9136589.e.2447"}]}
COMMAND: GET /session/211f9bdef6c1513913dbaa9ec9077f8f/screenshot - {}
RESULT: {}
RESULT: {"script":"<script> [8489 bytes]","args":[{"element-6066-11e4-a52e-4f735466cecf":"f.4A28FC3DA4D00E0A660421E11FF23D1E.d.619D10D105E137CF6FA5CF98A9136589.e.2447","ELEMENT":"f.4A28FC3DA4D00E0A660421E11FF23D1E.d.619D10D105E137CF6FA5CF98A9136589.e.2447"}]}
COMMAND: POST /session/211f9bdef6c1513913dbaa9ec9077f8f/execute/sync - {"script":"<script> [5351 bytes]","args":[{"element-6066-11e4-a52e-4f735466cecf":"f.4A28FC3DA4D00E0A660421E11FF23D1E.d.619D10D105E137CF6FA5CF98A9136589.e.2447","ELEMENT":"f.4A28FC3DA4D00E0A660421E11FF23D1E.d.619D10D105E137CF6FA5CF98A9136589.e.2447"}]}
COMMAND: GET /session/211f9bdef6c1513913dbaa9ec9077f8f/screenshot - {}
RESULT: {}
RESULT: {"script":"<script> [5351 bytes]","args":[{"element-6066-11e4-a52e-4f735466cecf":"f.4A28FC3DA4D00E0A660421E11FF23D1E.d.619D10D105E137CF6FA5CF98A9136589.e.2447","ELEMENT":"f.4A28FC3DA4D00E0A660421E11FF23D1E.d.619D10D105E137CF6FA5CF98A9136589.e.2447"}]}
COMMAND: POST /session/211f9bdef6c1513913dbaa9ec9077f8f/element/f.4A28FC3DA4D00E0A660421E11FF23D1E.d.619D10D105E137CF6FA5CF98A9136589.e.2447/click - {}
COMMAND: GET /session/211f9bdef6c1513913dbaa9ec9077f8f/screenshot - {}
RESULT: {}
RESULT: {}
COMMAND: GET /session/211f9bdef6c1513913dbaa9ec9077f8f/screenshot - {}
RESULT: {}
RESULT: {}
COMMAND: POST /session/211f9bdef6c1513913dbaa9ec9077f8f/execute/async - {"script":"<script> [1562 bytes]","args":[{"selector":{"controlType":"sap.m.Title","viewName":"etm.portal.ui.managepricingrules.view.NewItem","viewId":"application-managepricingrules-display-component---newInfoPriceItem","properties":{"text":"New Pricing Rules - Item Level"}},"wdio_ui5_key":"etmportal.ui.managepricingrules.view.NewItemsap.m.Title{\"text\":\"New Pricing Rules - Item Level\"}"}]}
RESULT: {"script":"<script> [1562 bytes]","args":[{"selector":{"controlType":"sap.m.Title","viewName":"etm.portal.ui.managepricingrules.view.NewItem","viewId":"application-managepricingrules-display-component---newInfoPriceItem","properties":{"text":"New Pricing Rules - Item Level"}},"wdio_ui5_key":"etmportal.ui.managepricingrules.view.NewItemsap.m.Title{\"text\":\"New Pricing Rules - Item Level\"}"}]}
RESULT: undefined
COMMAND: POST /session/211f9bdef6c1513913dbaa9ec9077f8f/execute/async - {"script":"<script> [6424 bytes]","args":[{"element-6066-11e4-a52e-4f735466cecf":"f.4A28FC3DA4D00E0A660421E11FF23D1E.d.619D10D105E137CF6FA5CF98A9136589.e.2731"},"getText",[]]}
RESULT: {"script":"<script> [6424 bytes]","args":[{"element-6066-11e4-a52e-4f735466cecf":"f.4A28FC3DA4D00E0A660421E11FF23D1E.d.619D10D105E137CF6FA5CF98A9136589.e.2731"},"getText",[]]}
COMMAND: POST /session/211f9bdef6c1513913dbaa9ec9077f8f/execute/async - {"script":"<script> [1562 bytes]","args":[{"selector":{"id":"application-managepricingrules-display-component---newInfoPriceItem--condValidTo","interaction":{"idSuffix":"inner"}},"wdio_ui5_key":"applicationmanagepricingrules-display-component---newInfoPriceItem--condValidTo"}]}
RESULT: {"script":"<script> [1562 bytes]","args":[{"selector":{"id":"application-managepricingrules-display-component---newInfoPriceItem--condValidTo","interaction":{"idSuffix":"inner"}},"wdio_ui5_key":"applicationmanagepricingrules-display-component---newInfoPriceItem--condValidTo"}]}
RESULT: undefined
COMMAND: POST /session/211f9bdef6c1513913dbaa9ec9077f8f/execute/async - {"script":"<script> [776 bytes]","args":[{"enterText":"12/28/25","selector":{"id":"application-managepricingrules-display-component---newInfoPriceItem--condValidTo","interaction":{"idSuffix":"inner"}},"clearTextFirst":true,"interactionType":"ENTER_TEXT"}]}
RESULT: {"script":"<script> [776 bytes]","args":[{"enterText":"12/28/25","selector":{"id":"application-managepricingrules-display-component---newInfoPriceItem--condValidTo","interaction":{"idSuffix":"inner"}},"clearTextFirst":true,"interactionType":"ENTER_TEXT"}]}
COMMAND: POST /session/211f9bdef6c1513913dbaa9ec9077f8f/element - {"using":"xpath","value":"//input[@id=\"application-managepricingrules-display-component---newInfoPriceItem--condRU-inner\"]"}
RESULT: {"using":"xpath","value":"//input[@id=\"application-managepricingrules-display-component---newInfoPriceItem--condRU-inner\"]"}
COMMAND: POST /session/211f9bdef6c1513913dbaa9ec9077f8f/element/f.4A28FC3DA4D00E0A660421E11FF23D1E.d.619D10D105E137CF6FA5CF98A9136589.e.2700/clear - {}
RESULT: {}
COMMAND: POST /session/211f9bdef6c1513913dbaa9ec9077f8f/element/f.4A28FC3DA4D00E0A660421E11FF23D1E.d.619D10D105E137CF6FA5CF98A9136589.e.2700/value - {"text":"ckLrRVEamw"}
COMMAND: GET /session/211f9bdef6c1513913dbaa9ec9077f8f/screenshot - {}
RESULT: {"text":"ckLrRVEamw"}
COMMAND: GET /session/211f9bdef6c1513913dbaa9ec9077f8f/screenshot - {}
RESULT: {}
RESULT: {}
COMMAND: POST /session/211f9bdef6c1513913dbaa9ec9077f8f/execute/async - {"script":"<script> [1562 bytes]","args":[{"selector":{"id":"application-managepricingrules-display-component---newInfoPriceItem--billType-arrow"},"wdio_ui5_key":"applicationmanagepricingrules-display-component---newInfoPriceItem--billType-arrow"}]}
RESULT: {"script":"<script> [1562 bytes]","args":[{"selector":{"id":"application-managepricingrules-display-component---newInfoPriceItem--billType-arrow"},"wdio_ui5_key":"applicationmanagepricingrules-display-component---newInfoPriceItem--billType-arrow"}]}
RESULT: undefined
COMMAND: POST /session/211f9bdef6c1513913dbaa9ec9077f8f/element - {"using":"xpath","value":"//*[@id=\"application-managepricingrules-display-component---newInfoPriceItem--billType-arrow\"]"}
RESULT: {"using":"xpath","value":"//*[@id=\"application-managepricingrules-display-component---newInfoPriceItem--billType-arrow\"]"}
COMMAND: POST /session/211f9bdef6c1513913dbaa9ec9077f8f/element/f.4A28FC3DA4D00E0A660421E11FF23D1E.d.619D10D105E137CF6FA5CF98A9136589.e.2790/click - {}
RESULT: {}
COMMAND: POST /session/211f9bdef6c1513913dbaa9ec9077f8f/element - {"using":"xpath","value":"//span[contains(text(), \"OT - Sales (one-time)\")]"}
COMMAND: GET /session/211f9bdef6c1513913dbaa9ec9077f8f/screenshot - {}
RESULT: {}
RESULT: {"using":"xpath","value":"//span[contains(text(), \"OT - Sales (one-time)\")]"}
COMMAND: POST /session/211f9bdef6c1513913dbaa9ec9077f8f/element/f.4A28FC3DA4D00E0A660421E11FF23D1E.d.619D10D105E137CF6FA5CF98A9136589.e.2835/click - {}
RESULT: {}
COMMAND: POST /session/211f9bdef6c1513913dbaa9ec9077f8f/execute/async - {"script":"<script> [1562 bytes]","args":[{"selector":{"id":"application-managepricingrules-display-component---newInfoPriceItem--priceProc-arrow"},"wdio_ui5_key":"applicationmanagepricingrules-display-component---newInfoPriceItem--priceProc-arrow"}]}
COMMAND: GET /session/211f9bdef6c1513913dbaa9ec9077f8f/screenshot - {}
RESULT: {"script":"<script> [1562 bytes]","args":[{"selector":{"id":"application-managepricingrules-display-component---newInfoPriceItem--priceProc-arrow"},"wdio_ui5_key":"applicationmanagepricingrules-display-component---newInfoPriceItem--priceProc-arrow"}]}
RESULT: undefined
COMMAND: POST /session/211f9bdef6c1513913dbaa9ec9077f8f/element - {"using":"xpath","value":"//*[@id=\"application-managepricingrules-display-component---newInfoPriceItem--priceProc-arrow\"]"}
RESULT: {}
RESULT: {"using":"xpath","value":"//*[@id=\"application-managepricingrules-display-component---newInfoPriceItem--priceProc-arrow\"]"}
COMMAND: POST /session/211f9bdef6c1513913dbaa9ec9077f8f/element/f.4A28FC3DA4D00E0A660421E11FF23D1E.d.619D10D105E137CF6FA5CF98A9136589.e.2797/click - {}
RESULT: {}
COMMAND: POST /session/211f9bdef6c1513913dbaa9ec9077f8f/element - {"using":"xpath","value":"//span[contains(text(), \"MAT - Material\")]"}
COMMAND: GET /session/211f9bdef6c1513913dbaa9ec9077f8f/screenshot - {}
RESULT: {"using":"xpath","value":"//span[contains(text(), \"MAT - Material\")]"}
COMMAND: POST /session/211f9bdef6c1513913dbaa9ec9077f8f/element/f.4A28FC3DA4D00E0A660421E11FF23D1E.d.619D10D105E137CF6FA5CF98A9136589.e.2836/click - {}
RESULT: {}
RESULT: {}
COMMAND: POST /session/211f9bdef6c1513913dbaa9ec9077f8f/execute/async - {"script":"<script> [1562 bytes]","args":[{"selector":{"id":"application-managepricingrules-display-component---newInfoPriceItem--calcBase-arrow"},"wdio_ui5_key":"applicationmanagepricingrules-display-component---newInfoPriceItem--calcBase-arrow"}]}
COMMAND: GET /session/211f9bdef6c1513913dbaa9ec9077f8f/screenshot - {}
RESULT: {"script":"<script> [1562 bytes]","args":[{"selector":{"id":"application-managepricingrules-display-component---newInfoPriceItem--calcBase-arrow"},"wdio_ui5_key":"applicationmanagepricingrules-display-component---newInfoPriceItem--calcBase-arrow"}]}
RESULT: undefined
COMMAND: POST /session/211f9bdef6c1513913dbaa9ec9077f8f/element - {"using":"xpath","value":"//*[@id=\"application-managepricingrules-display-component---newInfoPriceItem--calcBase-arrow\"]"}
RESULT: {}
RESULT: {"using":"xpath","value":"//*[@id=\"application-managepricingrules-display-component---newInfoPriceItem--calcBase-arrow\"]"}
COMMAND: POST /session/211f9bdef6c1513913dbaa9ec9077f8f/element/f.4A28FC3DA4D00E0A660421E11FF23D1E.d.619D10D105E137CF6FA5CF98A9136589.e.2804/click - {}
RESULT: {}
COMMAND: GET /session/211f9bdef6c1513913dbaa9ec9077f8f/screenshot - {}
RESULT: {}
COMMAND: POST /session/211f9bdef6c1513913dbaa9ec9077f8f/element - {"using":"xpath","value":"//span[contains(text(), \"0001 - TB(exact month + cal_days)\")]"}
RESULT: {"using":"xpath","value":"//span[contains(text(), \"0001 - TB(exact month + cal_days)\")]"}
COMMAND: POST /session/211f9bdef6c1513913dbaa9ec9077f8f/element/f.4A28FC3DA4D00E0A660421E11FF23D1E.d.619D10D105E137CF6FA5CF98A9136589.e.2837/click - {}
RESULT: {}
COMMAND: GET /session/211f9bdef6c1513913dbaa9ec9077f8f/screenshot - {}
RESULT: {}
COMMAND: POST /session/211f9bdef6c1513913dbaa9ec9077f8f/element - {"using":"xpath","value":"//button[@data-kt=\"saveNewRuleButton\"]"}
RESULT: {"using":"xpath","value":"//button[@data-kt=\"saveNewRuleButton\"]"}
COMMAND: POST /session/211f9bdef6c1513913dbaa9ec9077f8f/element/f.4A28FC3DA4D00E0A660421E11FF23D1E.d.619D10D105E137CF6FA5CF98A9136589.e.2824/click - {}
RESULT: {}
COMMAND: GET /session/211f9bdef6c1513913dbaa9ec9077f8f/screenshot - {}
RESULT: {}
COMMAND: POST /session/211f9bdef6c1513913dbaa9ec9077f8f/execute/async - {"script":"<script> [1562 bytes]","args":[{"selector":{"id":"application-managepricingrules-display-component---priceInfoItem--smartFilterBar-btnBasicSearch","interaction":{"idSuffix":"I"}},"wdio_ui5_key":"applicationmanagepricingrules-display-component---priceInfoItem--smartFilterBar-btnBasicSearch"}]}
RESULT: {"script":"<script> [1562 bytes]","args":[{"selector":{"id":"application-managepricingrules-display-component---priceInfoItem--smartFilterBar-btnBasicSearch","interaction":{"idSuffix":"I"}},"wdio_ui5_key":"applicationmanagepricingrules-display-component---priceInfoItem--smartFilterBar-btnBasicSearch"}]}
RESULT: undefined
COMMAND: POST /session/211f9bdef6c1513913dbaa9ec9077f8f/execute/async - {"script":"<script> [776 bytes]","args":[{"enterText":"ckLrRVEamw","selector":{"id":"application-managepricingrules-display-component---priceInfoItem--smartFilterBar-btnBasicSearch","interaction":{"idSuffix":"I"}},"clearTextFirst":true,"interactionType":"ENTER_TEXT"}]}
RESULT: {"script":"<script> [776 bytes]","args":[{"enterText":"ckLrRVEamw","selector":{"id":"application-managepricingrules-display-component---priceInfoItem--smartFilterBar-btnBasicSearch","interaction":{"idSuffix":"I"}},"clearTextFirst":true,"interactionType":"ENTER_TEXT"}]}
COMMAND: POST /session/211f9bdef6c1513913dbaa9ec9077f8f/actions - {"actions":[{"id":"action10","type":"key","parameters":{},"actions":[{"type":"keyDown","value":"î€‡"},{"type":"pause","duration":10},{"type":"keyUp","value":"î€‡"}]}]}
RESULT: {"actions":[{"id":"action10","type":"key","parameters":{},"actions":[{"type":"keyDown","value":"î€‡"},{"type":"pause","duration":10},{"type":"keyUp","value":"î€‡"}]}]}
COMMAND: GET /session/211f9bdef6c1513913dbaa9ec9077f8f/screenshot - {}
RESULT: {}
COMMAND: POST /session/211f9bdef6c1513913dbaa9ec9077f8f/element - {"using":"xpath","value":"//span[@id=\"application-managepricingrules-display-component---priceInfoItem--smartTable-header-inner\"]"}
RESULT: {"using":"xpath","value":"//span[@id=\"application-managepricingrules-display-component---priceInfoItem--smartTable-header-inner\"]"}
COMMAND: POST /session/211f9bdef6c1513913dbaa9ec9077f8f/elements - {"using":"xpath","value":"//span[@id=\"application-managepricingrules-display-component---priceInfoItem--smartTable-header-inner\"]"}
RESULT: {"using":"xpath","value":"//span[@id=\"application-managepricingrules-display-component---priceInfoItem--smartTable-header-inner\"]"}
COMMAND: POST /session/211f9bdef6c1513913dbaa9ec9077f8f/execute/sync - {"script":"<script> [56 bytes]","args":[{"element-6066-11e4-a52e-4f735466cecf":"f.4A28FC3DA4D00E0A660421E11FF23D1E.d.619D10D105E137CF6FA5CF98A9136589.e.2864","ELEMENT":"f.4A28FC3DA4D00E0A660421E11FF23D1E.d.619D10D105E137CF6FA5CF98A9136589.e.2864"}]}
RESULT: {"script":"<script> [56 bytes]","args":[{"element-6066-11e4-a52e-4f735466cecf":"f.4A28FC3DA4D00E0A660421E11FF23D1E.d.619D10D105E137CF6FA5CF98A9136589.e.2864","ELEMENT":"f.4A28FC3DA4D00E0A660421E11FF23D1E.d.619D10D105E137CF6FA5CF98A9136589.e.2864"}]}
COMMAND: POST /session/211f9bdef6c1513913dbaa9ec9077f8f/element - {"using":"css selector","value":"#shell-header-logo"}
COMMAND: GET /session/211f9bdef6c1513913dbaa9ec9077f8f/screenshot - {}
RESULT: {"using":"css selector","value":"#shell-header-logo"}
COMMAND: POST /session/211f9bdef6c1513913dbaa9ec9077f8f/element/f.4A28FC3DA4D00E0A660421E11FF23D1E.d.619D10D105E137CF6FA5CF98A9136589.e.2350/click - {}
RESULT: {}
RESULT: {}
COMMAND: GET /session/211f9bdef6c1513913dbaa9ec9077f8f/screenshot - {}
RESULT: {}
COMMAND: POST /session/211f9bdef6c1513913dbaa9ec9077f8f/element - {"using":"css selector","value":"#j_username"}
COMMAND: POST /session/211f9bdef6c1513913dbaa9ec9077f8f/url - {"url":"https://qa-testing-00-live-etm-ui.cfapps.eu10-004.hana.ondemand.com/"}
RESULT: {"using":"css selector","value":"#j_username"}
COMMAND: POST /session/211f9bdef6c1513913dbaa9ec9077f8f/element - {"using":"css selector","value":"#j_username"}
RESULT: {"url":"https://qa-testing-00-live-etm-ui.cfapps.eu10-004.hana.ondemand.com/"}
RESULT: undefined
COMMAND: GET /session/211f9bdef6c1513913dbaa9ec9077f8f/screenshot - {}
RESULT: {"using":"css selector","value":"#j_username"}
COMMAND: POST /session/211f9bdef6c1513913dbaa9ec9077f8f/element - {"using":"css selector","value":"#shell-header-logo"}
RESULT: {}
RESULT: {"using":"css selector","value":"#shell-header-logo"}
COMMAND: POST /session/211f9bdef6c1513913dbaa9ec9077f8f/execute/sync - {"script":"<script> [8489 bytes]","args":[{"element-6066-11e4-a52e-4f735466cecf":"f.4A28FC3DA4D00E0A660421E11FF23D1E.d.B69D222400EB0A068BD5A35A708B8540.e.2883","ELEMENT":"f.4A28FC3DA4D00E0A660421E11FF23D1E.d.B69D222400EB0A068BD5A35A708B8540.e.2883"}]}
RESULT: {"script":"<script> [8489 bytes]","args":[{"element-6066-11e4-a52e-4f735466cecf":"f.4A28FC3DA4D00E0A660421E11FF23D1E.d.B69D222400EB0A068BD5A35A708B8540.e.2883","ELEMENT":"f.4A28FC3DA4D00E0A660421E11FF23D1E.d.B69D222400EB0A068BD5A35A708B8540.e.2883"}]}
COMMAND: POST /session/211f9bdef6c1513913dbaa9ec9077f8f/element - {"using":"css selector","value":"#shell-header-logo"}
COMMAND: GET /session/211f9bdef6c1513913dbaa9ec9077f8f/screenshot - {}
RESULT: {"using":"css selector","value":"#shell-header-logo"}
COMMAND: POST /session/211f9bdef6c1513913dbaa9ec9077f8f/execute/sync - {"script":"<script> [8489 bytes]","args":[{"element-6066-11e4-a52e-4f735466cecf":"f.4A28FC3DA4D00E0A660421E11FF23D1E.d.B69D222400EB0A068BD5A35A708B8540.e.2883","ELEMENT":"f.4A28FC3DA4D00E0A660421E11FF23D1E.d.B69D222400EB0A068BD5A35A708B8540.e.2883"}]}
RESULT: {}
RESULT: {"script":"<script> [8489 bytes]","args":[{"element-6066-11e4-a52e-4f735466cecf":"f.4A28FC3DA4D00E0A660421E11FF23D1E.d.B69D222400EB0A068BD5A35A708B8540.e.2883","ELEMENT":"f.4A28FC3DA4D00E0A660421E11FF23D1E.d.B69D222400EB0A068BD5A35A708B8540.e.2883"}]}
COMMAND: POST /session/211f9bdef6c1513913dbaa9ec9077f8f/execute/sync - {"script":"<script> [5351 bytes]","args":[{"element-6066-11e4-a52e-4f735466cecf":"f.4A28FC3DA4D00E0A660421E11FF23D1E.d.B69D222400EB0A068BD5A35A708B8540.e.2883","ELEMENT":"f.4A28FC3DA4D00E0A660421E11FF23D1E.d.B69D222400EB0A068BD5A35A708B8540.e.2883"}]}
COMMAND: GET /session/211f9bdef6c1513913dbaa9ec9077f8f/screenshot - {}
RESULT: {"script":"<script> [5351 bytes]","args":[{"element-6066-11e4-a52e-4f735466cecf":"f.4A28FC3DA4D00E0A660421E11FF23D1E.d.B69D222400EB0A068BD5A35A708B8540.e.2883","ELEMENT":"f.4A28FC3DA4D00E0A660421E11FF23D1E.d.B69D222400EB0A068BD5A35A708B8540.e.2883"}]}
COMMAND: POST /session/211f9bdef6c1513913dbaa9ec9077f8f/element - {"using":"css selector","value":"#shell-header-logo"}
COMMAND: GET /session/211f9bdef6c1513913dbaa9ec9077f8f/screenshot - {}
RESULT: {}
RESULT: {"using":"css selector","value":"#shell-header-logo"}
COMMAND: POST /session/211f9bdef6c1513913dbaa9ec9077f8f/element/f.4A28FC3DA4D00E0A660421E11FF23D1E.d.B69D222400EB0A068BD5A35A708B8540.e.2883/click - {}
RESULT: {}
RESULT: {}
COMMAND: GET /session/211f9bdef6c1513913dbaa9ec9077f8f/screenshot - {}
RESULT: {}
COMMAND: POST /session/211f9bdef6c1513913dbaa9ec9077f8f/execute/async - {"script":"<script> [189 bytes]","args":[]}
RESULT: {"script":"<script> [189 bytes]","args":[]}
COMMAND: POST /session/211f9bdef6c1513913dbaa9ec9077f8f/execute/async - {"script":"<script> [123 bytes]","args":[]}
RESULT: {"script":"<script> [123 bytes]","args":[]}
COMMAND: POST /session/211f9bdef6c1513913dbaa9ec9077f8f/timeouts - {"script":"<number>"}
RESULT: {"script":"<number>"}
COMMAND: GET /session/211f9bdef6c1513913dbaa9ec9077f8f/timeouts - {}
RESULT: {}
RESULT: undefined
COMMAND: POST /session/211f9bdef6c1513913dbaa9ec9077f8f/execute/async - {"script":"<script> [2676 bytes]","args":[]}
RESULT: {"script":"<script> [2676 bytes]","args":[]}
COMMAND: POST /session/211f9bdef6c1513913dbaa9ec9077f8f/execute/async - {"script":"<script> [2342 bytes]","args":[{"protocol":"http","hostname":"0.0.0.0","path":"/","capabilities":{"browserName":"chrome","goog:chromeOptions":{"binary":"C:\\Program Files\\Google\\Chrome\\Application\\chrome.exe","args":["--start-maximized"]}},"logLevel":"warn","connectionRetryTimeout":120000,"connectionRetryCount":3,"logLevels":{},"enableDirectConnect":true,"strictSSL":true,"_":"65 more keys: [\"cacheDir\",\"port\",\"requestedCapabilities\",\"automationProtocol\",\"baseUrl\",\"waitforInterval\",\"waitforTimeout\",\"onReload\",\"beforeCommand\",\"afterCommand\",\"rootDir\",\"specs\",\"suites\",\"exclude\",\"groupLogsByTestSpec\",\"excludeDriverLogs\",\"bail\",\"framework\",\"reporters\",\"services\",\"maxInstances\",\"maxInstancesPerCapability\",\"injectGlobals\",\"filesToWatch\",\"execArgv\",\"runnerEnv\",\"runner\",\"shard\",\"specFileRetries\",\"specFileRetriesDelay\",\"specFileRetriesDeferred\",\"reporterSyncInterval\",\"reporterSyncTimeout\",\"cucumberFeaturesWithLineNumbers\",\"autoCompileOpts\",\"mochaOpts\",\"jasmineOpts\",\"cucumberOpts\",\"onPrepare\",\"onWorkerStart\",\"onWorkerEnd\",\"before\",\"beforeSession\",\"beforeSuite\",\"beforeHook\",\"beforeTest\",\"afterTest\",\"afterHook\",\"afterSuite\",\"afterSession\",\"after\",\"onComplete\",\"beforeAssertion\",\"afterAssertion\",\"beforeFeature\",\"beforeScenario\",\"beforeStep\",\"afterStep\",\"afterScenario\",\"afterFeature\",\"_\",\"suite\",\"$0\",\"ignoredWorkerServices\",\"wdi5\"]"}]}
RESULT: {"script":"<script> [2342 bytes]","args":[{"protocol":"http","hostname":"0.0.0.0","path":"/","capabilities":{"browserName":"chrome","goog:chromeOptions":{"binary":"C:\\Program Files\\Google\\Chrome\\Application\\chrome.exe","args":["--start-maximized"]}},"logLevel":"warn","connectionRetryTimeout":120000,"connectionRetryCount":3,"logLevels":{},"enableDirectConnect":true,"strictSSL":true,"_":"65 more keys: [\"cacheDir\",\"port\",\"requestedCapabilities\",\"automationProtocol\",\"baseUrl\",\"waitforInterval\",\"waitforTimeout\",\"onReload\",\"beforeCommand\",\"afterCommand\",\"rootDir\",\"specs\",\"suites\",\"exclude\",\"groupLogsByTestSpec\",\"excludeDriverLogs\",\"bail\",\"framework\",\"reporters\",\"services\",\"maxInstances\",\"maxInstancesPerCapability\",\"injectGlobals\",\"filesToWatch\",\"execArgv\",\"runnerEnv\",\"runner\",\"shard\",\"specFileRetries\",\"specFileRetriesDelay\",\"specFileRetriesDeferred\",\"reporterSyncInterval\",\"reporterSyncTimeout\",\"cucumberFeaturesWithLineNumbers\",\"autoCompileOpts\",\"mochaOpts\",\"jasmineOpts\",\"cucumberOpts\",\"onPrepare\",\"onWorkerStart\",\"onWorkerEnd\",\"before\",\"beforeSession\",\"beforeSuite\",\"beforeHook\",\"beforeTest\",\"afterTest\",\"afterHook\",\"afterSuite\",\"afterSession\",\"after\",\"onComplete\",\"beforeAssertion\",\"afterAssertion\",\"beforeFeature\",\"beforeScenario\",\"beforeStep\",\"afterStep\",\"afterScenario\",\"afterFeature\",\"_\",\"suite\",\"$0\",\"ignoredWorkerServices\",\"wdi5\"]"}]}
COMMAND: POST /session/211f9bdef6c1513913dbaa9ec9077f8f/execute/async - {"script":"<script> [21126 bytes]","args":[35000]}
RESULT: {"script":"<script> [21126 bytes]","args":[35000]}
COMMAND: POST /session/211f9bdef6c1513913dbaa9ec9077f8f/window/maximize - {}
RESULT: {}
COMMAND: POST /session/211f9bdef6c1513913dbaa9ec9077f8f/execute/async - {"script":"<script> [1562 bytes]","args":[{"selector":{"id":"shell-header","interaction":{"idSuffix":"icon"}},"wdio_ui5_key":"shellheader"}]}
COMMAND: GET /session/211f9bdef6c1513913dbaa9ec9077f8f/screenshot - {}
RESULT: {"script":"<script> [1562 bytes]","args":[{"selector":{"id":"shell-header","interaction":{"idSuffix":"icon"}},"wdio_ui5_key":"shellheader"}]}
RESULT: undefined
COMMAND: POST /session/211f9bdef6c1513913dbaa9ec9077f8f/refresh - {}
RESULT: {}
RESULT: {}
COMMAND: GET /session/211f9bdef6c1513913dbaa9ec9077f8f/screenshot - {}
RESULT: {}
COMMAND: POST /session/211f9bdef6c1513913dbaa9ec9077f8f/refresh - {}
RESULT: {}
COMMAND: GET /session/211f9bdef6c1513913dbaa9ec9077f8f/screenshot - {}
RESULT: {}
COMMAND: POST /session/211f9bdef6c1513913dbaa9ec9077f8f/window/fullscreen - {}
RESULT: {}
COMMAND: POST /session/211f9bdef6c1513913dbaa9ec9077f8f/execute/async - {"script":"<script> [189 bytes]","args":[]}
RESULT: {"script":"<script> [189 bytes]","args":[]}
COMMAND: POST /session/211f9bdef6c1513913dbaa9ec9077f8f/execute/async - {"script":"<script> [123 bytes]","args":[]}
RESULT: {"script":"<script> [123 bytes]","args":[]}
COMMAND: POST /session/211f9bdef6c1513913dbaa9ec9077f8f/timeouts - {"script":"<number>"}
RESULT: {"script":"<number>"}
COMMAND: GET /session/211f9bdef6c1513913dbaa9ec9077f8f/timeouts - {}
RESULT: {}
RESULT: undefined
COMMAND: POST /session/211f9bdef6c1513913dbaa9ec9077f8f/execute/async - {"script":"<script> [2676 bytes]","args":[]}
RESULT: {"script":"<script> [2676 bytes]","args":[]}
COMMAND: POST /session/211f9bdef6c1513913dbaa9ec9077f8f/execute/async - {"script":"<script> [2342 bytes]","args":[{"protocol":"http","hostname":"0.0.0.0","path":"/","capabilities":{"browserName":"chrome","goog:chromeOptions":{"binary":"C:\\Program Files\\Google\\Chrome\\Application\\chrome.exe","args":["--start-maximized"]}},"logLevel":"warn","connectionRetryTimeout":120000,"connectionRetryCount":3,"logLevels":{},"enableDirectConnect":true,"strictSSL":true,"_":"65 more keys: [\"cacheDir\",\"port\",\"requestedCapabilities\",\"automationProtocol\",\"baseUrl\",\"waitforInterval\",\"waitforTimeout\",\"onReload\",\"beforeCommand\",\"afterCommand\",\"rootDir\",\"specs\",\"suites\",\"exclude\",\"groupLogsByTestSpec\",\"excludeDriverLogs\",\"bail\",\"framework\",\"reporters\",\"services\",\"maxInstances\",\"maxInstancesPerCapability\",\"injectGlobals\",\"filesToWatch\",\"execArgv\",\"runnerEnv\",\"runner\",\"shard\",\"specFileRetries\",\"specFileRetriesDelay\",\"specFileRetriesDeferred\",\"reporterSyncInterval\",\"reporterSyncTimeout\",\"cucumberFeaturesWithLineNumbers\",\"autoCompileOpts\",\"mochaOpts\",\"jasmineOpts\",\"cucumberOpts\",\"onPrepare\",\"onWorkerStart\",\"onWorkerEnd\",\"before\",\"beforeSession\",\"beforeSuite\",\"beforeHook\",\"beforeTest\",\"afterTest\",\"afterHook\",\"afterSuite\",\"afterSession\",\"after\",\"onComplete\",\"beforeAssertion\",\"afterAssertion\",\"beforeFeature\",\"beforeScenario\",\"beforeStep\",\"afterStep\",\"afterScenario\",\"afterFeature\",\"_\",\"suite\",\"$0\",\"ignoredWorkerServices\",\"wdi5\"]"}]}
RESULT: {"script":"<script> [2342 bytes]","args":[{"protocol":"http","hostname":"0.0.0.0","path":"/","capabilities":{"browserName":"chrome","goog:chromeOptions":{"binary":"C:\\Program Files\\Google\\Chrome\\Application\\chrome.exe","args":["--start-maximized"]}},"logLevel":"warn","connectionRetryTimeout":120000,"connectionRetryCount":3,"logLevels":{},"enableDirectConnect":true,"strictSSL":true,"_":"65 more keys: [\"cacheDir\",\"port\",\"requestedCapabilities\",\"automationProtocol\",\"baseUrl\",\"waitforInterval\",\"waitforTimeout\",\"onReload\",\"beforeCommand\",\"afterCommand\",\"rootDir\",\"specs\",\"suites\",\"exclude\",\"groupLogsByTestSpec\",\"excludeDriverLogs\",\"bail\",\"framework\",\"reporters\",\"services\",\"maxInstances\",\"maxInstancesPerCapability\",\"injectGlobals\",\"filesToWatch\",\"execArgv\",\"runnerEnv\",\"runner\",\"shard\",\"specFileRetries\",\"specFileRetriesDelay\",\"specFileRetriesDeferred\",\"reporterSyncInterval\",\"reporterSyncTimeout\",\"cucumberFeaturesWithLineNumbers\",\"autoCompileOpts\",\"mochaOpts\",\"jasmineOpts\",\"cucumberOpts\",\"onPrepare\",\"onWorkerStart\",\"onWorkerEnd\",\"before\",\"beforeSession\",\"beforeSuite\",\"beforeHook\",\"beforeTest\",\"afterTest\",\"afterHook\",\"afterSuite\",\"afterSession\",\"after\",\"onComplete\",\"beforeAssertion\",\"afterAssertion\",\"beforeFeature\",\"beforeScenario\",\"beforeStep\",\"afterStep\",\"afterScenario\",\"afterFeature\",\"_\",\"suite\",\"$0\",\"ignoredWorkerServices\",\"wdi5\"]"}]}
COMMAND: POST /session/211f9bdef6c1513913dbaa9ec9077f8f/execute/async - {"script":"<script> [21126 bytes]","args":[35000]}
RESULT: {"script":"<script> [21126 bytes]","args":[35000]}
]]></system-out>
    </testcase>
  </testsuite>
  <testsuite timestamp="2025-04-28T17:06:25" time="386.702" tests="6" failures="1" errors="1" skipped="0">
    <properties>
      <property name="specId" value="0" />
      <property name="suiteName" value="Edit and delete daily price US134629 US134627" />
      <property name="capabilities" value="chrome.135_0_7049_96.windows" />
      <property name="file" value="file:///D:/a/1/s/test/specs/BTS/conditions-prices-daily-price.spec.js" />
    </properties>
    <testcase classname="chrome.135_0_7049_96.windows.Edit_and_delete_daily_price_US134629_US134627" name="Should create a new yard used for all following tests" time="0.014">
      <system-out><![CDATA[
COMMAND: POST /session/211f9bdef6c1513913dbaa9ec9077f8f/window/fullscreen - {}
RESULT: {}
]]></system-out>
    </testcase>
    <testcase classname="chrome.135_0_7049_96.windows.Edit_and_delete_daily_price_US134629_US134627" name="Should create a new partner" time="125.481">
      <system-out><![CDATA[
COMMAND: POST /session/211f9bdef6c1513913dbaa9ec9077f8f/window/fullscreen - {}
RESULT: {}
COMMAND: POST /session/211f9bdef6c1513913dbaa9ec9077f8f/execute/async - {"script":"<script> [1562 bytes]","args":[{"selector":{"controlType":"sap.m.GenericTile","properties":{"header":"Manage Partners"}},"wdio_ui5_key":"sapm.GenericTile{\"header\":\"Manage Partners\"}"}]}
RESULT: {"script":"<script> [1562 bytes]","args":[{"selector":{"controlType":"sap.m.GenericTile","properties":{"header":"Manage Partners"}},"wdio_ui5_key":"sapm.GenericTile{\"header\":\"Manage Partners\"}"}]}
RESULT: undefined
COMMAND: POST /session/211f9bdef6c1513913dbaa9ec9077f8f/element - {"using":"xpath","value":"//*[@id=\"__tile38\"]"}
RESULT: {"using":"xpath","value":"//*[@id=\"__tile38\"]"}
COMMAND: POST /session/211f9bdef6c1513913dbaa9ec9077f8f/element/f.4A28FC3DA4D00E0A660421E11FF23D1E.d.574A2A11F8F637A2595415ADAF634DD6.e.3032/click - {}
RESULT: {}
COMMAND: POST /session/211f9bdef6c1513913dbaa9ec9077f8f/element - {"using":"xpath","value":"//button[@data-kt=\"addButton\"]"}
COMMAND: GET /session/211f9bdef6c1513913dbaa9ec9077f8f/screenshot - {}
RESULT: {"using":"xpath","value":"//button[@data-kt=\"addButton\"]"}
COMMAND: POST /session/211f9bdef6c1513913dbaa9ec9077f8f/elements - {"using":"xpath","value":"//button[@data-kt=\"addButton\"]"}
RESULT: {}
RESULT: {"using":"xpath","value":"//button[@data-kt=\"addButton\"]"}
COMMAND: POST /session/211f9bdef6c1513913dbaa9ec9077f8f/elements - {"using":"xpath","value":"//button[@data-kt=\"addButton\"]"}
RESULT: {"using":"xpath","value":"//button[@data-kt=\"addButton\"]"}
COMMAND: POST /session/211f9bdef6c1513913dbaa9ec9077f8f/elements - {"using":"xpath","value":"//button[@data-kt=\"addButton\"]"}
RESULT: {"using":"xpath","value":"//button[@data-kt=\"addButton\"]"}
COMMAND: POST /session/211f9bdef6c1513913dbaa9ec9077f8f/elements - {"using":"xpath","value":"//button[@data-kt=\"addButton\"]"}
RESULT: {"using":"xpath","value":"//button[@data-kt=\"addButton\"]"}
COMMAND: POST /session/211f9bdef6c1513913dbaa9ec9077f8f/elements - {"using":"xpath","value":"//button[@data-kt=\"addButton\"]"}
RESULT: {"using":"xpath","value":"//button[@data-kt=\"addButton\"]"}
COMMAND: POST /session/211f9bdef6c1513913dbaa9ec9077f8f/elements - {"using":"xpath","value":"//button[@data-kt=\"addButton\"]"}
RESULT: {"using":"xpath","value":"//button[@data-kt=\"addButton\"]"}
COMMAND: POST /session/211f9bdef6c1513913dbaa9ec9077f8f/elements - {"using":"xpath","value":"//button[@data-kt=\"addButton\"]"}
RESULT: {"using":"xpath","value":"//button[@data-kt=\"addButton\"]"}
COMMAND: POST /session/211f9bdef6c1513913dbaa9ec9077f8f/elements - {"using":"xpath","value":"//button[@data-kt=\"addButton\"]"}
RESULT: {"using":"xpath","value":"//button[@data-kt=\"addButton\"]"}
COMMAND: POST /session/211f9bdef6c1513913dbaa9ec9077f8f/elements - {"using":"xpath","value":"//button[@data-kt=\"addButton\"]"}
RESULT: {"using":"xpath","value":"//button[@data-kt=\"addButton\"]"}
COMMAND: POST /session/211f9bdef6c1513913dbaa9ec9077f8f/elements - {"using":"xpath","value":"//button[@data-kt=\"addButton\"]"}
RESULT: {"using":"xpath","value":"//button[@data-kt=\"addButton\"]"}
COMMAND: POST /session/211f9bdef6c1513913dbaa9ec9077f8f/elements - {"using":"xpath","value":"//button[@data-kt=\"addButton\"]"}
RESULT: {"using":"xpath","value":"//button[@data-kt=\"addButton\"]"}
COMMAND: POST /session/211f9bdef6c1513913dbaa9ec9077f8f/elements - {"using":"xpath","value":"//button[@data-kt=\"addButton\"]"}
RESULT: {"using":"xpath","value":"//button[@data-kt=\"addButton\"]"}
COMMAND: POST /session/211f9bdef6c1513913dbaa9ec9077f8f/elements - {"using":"xpath","value":"//button[@data-kt=\"addButton\"]"}
RESULT: {"using":"xpath","value":"//button[@data-kt=\"addButton\"]"}
COMMAND: POST /session/211f9bdef6c1513913dbaa9ec9077f8f/elements - {"using":"xpath","value":"//button[@data-kt=\"addButton\"]"}
RESULT: {"using":"xpath","value":"//button[@data-kt=\"addButton\"]"}
COMMAND: POST /session/211f9bdef6c1513913dbaa9ec9077f8f/elements - {"using":"xpath","value":"//button[@data-kt=\"addButton\"]"}
RESULT: {"using":"xpath","value":"//button[@data-kt=\"addButton\"]"}
COMMAND: POST /session/211f9bdef6c1513913dbaa9ec9077f8f/elements - {"using":"xpath","value":"//button[@data-kt=\"addButton\"]"}
RESULT: {"using":"xpath","value":"//button[@data-kt=\"addButton\"]"}
COMMAND: POST /session/211f9bdef6c1513913dbaa9ec9077f8f/elements - {"using":"xpath","value":"//button[@data-kt=\"addButton\"]"}
RESULT: {"using":"xpath","value":"//button[@data-kt=\"addButton\"]"}
COMMAND: POST /session/211f9bdef6c1513913dbaa9ec9077f8f/elements - {"using":"xpath","value":"//button[@data-kt=\"addButton\"]"}
RESULT: {"using":"xpath","value":"//button[@data-kt=\"addButton\"]"}
COMMAND: POST /session/211f9bdef6c1513913dbaa9ec9077f8f/elements - {"using":"xpath","value":"//button[@data-kt=\"addButton\"]"}
RESULT: {"using":"xpath","value":"//button[@data-kt=\"addButton\"]"}
COMMAND: POST /session/211f9bdef6c1513913dbaa9ec9077f8f/elements - {"using":"xpath","value":"//button[@data-kt=\"addButton\"]"}
RESULT: {"using":"xpath","value":"//button[@data-kt=\"addButton\"]"}
COMMAND: POST /session/211f9bdef6c1513913dbaa9ec9077f8f/elements - {"using":"xpath","value":"//button[@data-kt=\"addButton\"]"}
RESULT: {"using":"xpath","value":"//button[@data-kt=\"addButton\"]"}
COMMAND: POST /session/211f9bdef6c1513913dbaa9ec9077f8f/elements - {"using":"xpath","value":"//button[@data-kt=\"addButton\"]"}
RESULT: {"using":"xpath","value":"//button[@data-kt=\"addButton\"]"}
COMMAND: POST /session/211f9bdef6c1513913dbaa9ec9077f8f/elements - {"using":"xpath","value":"//button[@data-kt=\"addButton\"]"}
RESULT: {"using":"xpath","value":"//button[@data-kt=\"addButton\"]"}
COMMAND: POST /session/211f9bdef6c1513913dbaa9ec9077f8f/elements - {"using":"xpath","value":"//button[@data-kt=\"addButton\"]"}
RESULT: {"using":"xpath","value":"//button[@data-kt=\"addButton\"]"}
COMMAND: POST /session/211f9bdef6c1513913dbaa9ec9077f8f/elements - {"using":"xpath","value":"//button[@data-kt=\"addButton\"]"}
RESULT: {"using":"xpath","value":"//button[@data-kt=\"addButton\"]"}
COMMAND: POST /session/211f9bdef6c1513913dbaa9ec9077f8f/element - {"using":"xpath","value":"//button[@data-kt=\"addButton\"]"}
RESULT: {"using":"xpath","value":"//button[@data-kt=\"addButton\"]"}
COMMAND: POST /session/211f9bdef6c1513913dbaa9ec9077f8f/execute/sync - {"script":"<script> [8489 bytes]","args":[{"element-6066-11e4-a52e-4f735466cecf":"f.4A28FC3DA4D00E0A660421E11FF23D1E.d.574A2A11F8F637A2595415ADAF634DD6.e.3181","ELEMENT":"f.4A28FC3DA4D00E0A660421E11FF23D1E.d.574A2A11F8F637A2595415ADAF634DD6.e.3181"}]}
RESULT: {"script":"<script> [8489 bytes]","args":[{"element-6066-11e4-a52e-4f735466cecf":"f.4A28FC3DA4D00E0A660421E11FF23D1E.d.574A2A11F8F637A2595415ADAF634DD6.e.3181","ELEMENT":"f.4A28FC3DA4D00E0A660421E11FF23D1E.d.574A2A11F8F637A2595415ADAF634DD6.e.3181"}]}
COMMAND: GET /session/211f9bdef6c1513913dbaa9ec9077f8f/element/f.4A28FC3DA4D00E0A660421E11FF23D1E.d.574A2A11F8F637A2595415ADAF634DD6.e.3181/enabled - {}
COMMAND: GET /session/211f9bdef6c1513913dbaa9ec9077f8f/screenshot - {}
RESULT: {}
COMMAND: POST /session/211f9bdef6c1513913dbaa9ec9077f8f/execute/sync - {"script":"<script> [8489 bytes]","args":[{"element-6066-11e4-a52e-4f735466cecf":"f.4A28FC3DA4D00E0A660421E11FF23D1E.d.574A2A11F8F637A2595415ADAF634DD6.e.3181","ELEMENT":"f.4A28FC3DA4D00E0A660421E11FF23D1E.d.574A2A11F8F637A2595415ADAF634DD6.e.3181"}]}
COMMAND: GET /session/211f9bdef6c1513913dbaa9ec9077f8f/screenshot - {}
RESULT: {}
RESULT: {"script":"<script> [8489 bytes]","args":[{"element-6066-11e4-a52e-4f735466cecf":"f.4A28FC3DA4D00E0A660421E11FF23D1E.d.574A2A11F8F637A2595415ADAF634DD6.e.3181","ELEMENT":"f.4A28FC3DA4D00E0A660421E11FF23D1E.d.574A2A11F8F637A2595415ADAF634DD6.e.3181"}]}
COMMAND: POST /session/211f9bdef6c1513913dbaa9ec9077f8f/execute/sync - {"script":"<script> [5351 bytes]","args":[{"element-6066-11e4-a52e-4f735466cecf":"f.4A28FC3DA4D00E0A660421E11FF23D1E.d.574A2A11F8F637A2595415ADAF634DD6.e.3181","ELEMENT":"f.4A28FC3DA4D00E0A660421E11FF23D1E.d.574A2A11F8F637A2595415ADAF634DD6.e.3181"}]}
COMMAND: GET /session/211f9bdef6c1513913dbaa9ec9077f8f/screenshot - {}
RESULT: {}
RESULT: {"script":"<script> [5351 bytes]","args":[{"element-6066-11e4-a52e-4f735466cecf":"f.4A28FC3DA4D00E0A660421E11FF23D1E.d.574A2A11F8F637A2595415ADAF634DD6.e.3181","ELEMENT":"f.4A28FC3DA4D00E0A660421E11FF23D1E.d.574A2A11F8F637A2595415ADAF634DD6.e.3181"}]}
COMMAND: POST /session/211f9bdef6c1513913dbaa9ec9077f8f/element/f.4A28FC3DA4D00E0A660421E11FF23D1E.d.574A2A11F8F637A2595415ADAF634DD6.e.3181/click - {}
COMMAND: GET /session/211f9bdef6c1513913dbaa9ec9077f8f/screenshot - {}
RESULT: {}
RESULT: {}
COMMAND: GET /session/211f9bdef6c1513913dbaa9ec9077f8f/screenshot - {}
RESULT: {}
RESULT: {}
COMMAND: POST /session/211f9bdef6c1513913dbaa9ec9077f8f/execute/async - {"script":"<script> [1562 bytes]","args":[{"selector":{"id":"application-managepartners-display-component---NewPartner--addressDetailDetailsName1","interaction":{"idSuffix":"inner"}},"wdio_ui5_key":"applicationmanagepartners-display-component---NewPartner--addressDetailDetailsName1"}]}
RESULT: {"script":"<script> [1562 bytes]","args":[{"selector":{"id":"application-managepartners-display-component---NewPartner--addressDetailDetailsName1","interaction":{"idSuffix":"inner"}},"wdio_ui5_key":"applicationmanagepartners-display-component---NewPartner--addressDetailDetailsName1"}]}
RESULT: undefined
COMMAND: POST /session/211f9bdef6c1513913dbaa9ec9077f8f/execute/async - {"script":"<script> [776 bytes]","args":[{"enterText":"DailyPrice Partner WDIO","selector":{"id":"application-managepartners-display-component---NewPartner--addressDetailDetailsName1","interaction":{"idSuffix":"inner"}},"clearTextFirst":true,"interactionType":"ENTER_TEXT"}]}
RESULT: {"script":"<script> [776 bytes]","args":[{"enterText":"DailyPrice Partner WDIO","selector":{"id":"application-managepartners-display-component---NewPartner--addressDetailDetailsName1","interaction":{"idSuffix":"inner"}},"clearTextFirst":true,"interactionType":"ENTER_TEXT"}]}
COMMAND: POST /session/211f9bdef6c1513913dbaa9ec9077f8f/execute/async - {"script":"<script> [1562 bytes]","args":[{"selector":{"id":"application-managepartners-display-component---NewPartner--addressDetailDetailsLanguage-arrow"},"wdio_ui5_key":"applicationmanagepartners-display-component---NewPartner--addressDetailDetailsLanguage-arrow"}]}
RESULT: {"script":"<script> [1562 bytes]","args":[{"selector":{"id":"application-managepartners-display-component---NewPartner--addressDetailDetailsLanguage-arrow"},"wdio_ui5_key":"applicationmanagepartners-display-component---NewPartner--addressDetailDetailsLanguage-arrow"}]}
RESULT: undefined
COMMAND: POST /session/211f9bdef6c1513913dbaa9ec9077f8f/element - {"using":"xpath","value":"//*[@id=\"application-managepartners-display-component---NewPartner--addressDetailDetailsLanguage-arrow\"]"}
RESULT: {"using":"xpath","value":"//*[@id=\"application-managepartners-display-component---NewPartner--addressDetailDetailsLanguage-arrow\"]"}
COMMAND: POST /session/211f9bdef6c1513913dbaa9ec9077f8f/element/f.4A28FC3DA4D00E0A660421E11FF23D1E.d.574A2A11F8F637A2595415ADAF634DD6.e.3639/click - {}
RESULT: {}
COMMAND: POST /session/211f9bdef6c1513913dbaa9ec9077f8f/element - {"using":"xpath","value":"//span[contains(text(), \"English\")]"}
COMMAND: GET /session/211f9bdef6c1513913dbaa9ec9077f8f/screenshot - {}
RESULT: {"using":"xpath","value":"//span[contains(text(), \"English\")]"}
COMMAND: POST /session/211f9bdef6c1513913dbaa9ec9077f8f/element/f.4A28FC3DA4D00E0A660421E11FF23D1E.d.574A2A11F8F637A2595415ADAF634DD6.e.3640/click - {}
RESULT: {}
RESULT: {}
COMMAND: GET /session/211f9bdef6c1513913dbaa9ec9077f8f/screenshot - {}
RESULT: {}
COMMAND: POST /session/211f9bdef6c1513913dbaa9ec9077f8f/execute/async - {"script":"<script> [1562 bytes]","args":[{"selector":{"id":"application-managepartners-display-component---NewPartner--addressDetailDetailsCity1","interaction":{"idSuffix":"inner"}},"wdio_ui5_key":"applicationmanagepartners-display-component---NewPartner--addressDetailDetailsCity1"}]}
RESULT: {"script":"<script> [1562 bytes]","args":[{"selector":{"id":"application-managepartners-display-component---NewPartner--addressDetailDetailsCity1","interaction":{"idSuffix":"inner"}},"wdio_ui5_key":"applicationmanagepartners-display-component---NewPartner--addressDetailDetailsCity1"}]}
RESULT: undefined
COMMAND: POST /session/211f9bdef6c1513913dbaa9ec9077f8f/execute/async - {"script":"<script> [776 bytes]","args":[{"enterText":"Rosario","selector":{"id":"application-managepartners-display-component---NewPartner--addressDetailDetailsCity1","interaction":{"idSuffix":"inner"}},"clearTextFirst":true,"interactionType":"ENTER_TEXT"}]}
RESULT: {"script":"<script> [776 bytes]","args":[{"enterText":"Rosario","selector":{"id":"application-managepartners-display-component---NewPartner--addressDetailDetailsCity1","interaction":{"idSuffix":"inner"}},"clearTextFirst":true,"interactionType":"ENTER_TEXT"}]}
COMMAND: POST /session/211f9bdef6c1513913dbaa9ec9077f8f/execute/async - {"script":"<script> [1562 bytes]","args":[{"selector":{"id":"application-managepartners-display-component---NewPartner--addressDetailDetailsCountry-arrow"},"wdio_ui5_key":"applicationmanagepartners-display-component---NewPartner--addressDetailDetailsCountry-arrow"}]}
RESULT: {"script":"<script> [1562 bytes]","args":[{"selector":{"id":"application-managepartners-display-component---NewPartner--addressDetailDetailsCountry-arrow"},"wdio_ui5_key":"applicationmanagepartners-display-component---NewPartner--addressDetailDetailsCountry-arrow"}]}
RESULT: undefined
COMMAND: POST /session/211f9bdef6c1513913dbaa9ec9077f8f/element - {"using":"xpath","value":"//*[@id=\"application-managepartners-display-component---NewPartner--addressDetailDetailsCountry-arrow\"]"}
RESULT: {"using":"xpath","value":"//*[@id=\"application-managepartners-display-component---NewPartner--addressDetailDetailsCountry-arrow\"]"}
COMMAND: POST /session/211f9bdef6c1513913dbaa9ec9077f8f/element/f.4A28FC3DA4D00E0A660421E11FF23D1E.d.574A2A11F8F637A2595415ADAF634DD6.e.3626/click - {}
RESULT: {}
COMMAND: POST /session/211f9bdef6c1513913dbaa9ec9077f8f/element - {"using":"xpath","value":"//span[contains(text(), \"Argentina\")]"}
COMMAND: GET /session/211f9bdef6c1513913dbaa9ec9077f8f/screenshot - {}
RESULT: {"using":"xpath","value":"//span[contains(text(), \"Argentina\")]"}
COMMAND: POST /session/211f9bdef6c1513913dbaa9ec9077f8f/element/f.4A28FC3DA4D00E0A660421E11FF23D1E.d.574A2A11F8F637A2595415ADAF634DD6.e.3642/click - {}
RESULT: {}
RESULT: {}
COMMAND: GET /session/211f9bdef6c1513913dbaa9ec9077f8f/screenshot - {}
RESULT: {}
COMMAND: POST /session/211f9bdef6c1513913dbaa9ec9077f8f/element - {"using":"xpath","value":"//bdi[contains(text(), \"Commercial\")]"}
RESULT: {"using":"xpath","value":"//bdi[contains(text(), \"Commercial\")]"}
COMMAND: POST /session/211f9bdef6c1513913dbaa9ec9077f8f/element/f.4A28FC3DA4D00E0A660421E11FF23D1E.d.574A2A11F8F637A2595415ADAF634DD6.e.3643/click - {}
RESULT: {}
COMMAND: GET /session/211f9bdef6c1513913dbaa9ec9077f8f/screenshot - {}
RESULT: {}
COMMAND: POST /session/211f9bdef6c1513913dbaa9ec9077f8f/execute/async - {"script":"<script> [1562 bytes]","args":[{"selector":{"id":"application-managepartners-display-component---NewPartner--partnerDetailInternal-arrow"},"wdio_ui5_key":"applicationmanagepartners-display-component---NewPartner--partnerDetailInternal-arrow"}]}
RESULT: {"script":"<script> [1562 bytes]","args":[{"selector":{"id":"application-managepartners-display-component---NewPartner--partnerDetailInternal-arrow"},"wdio_ui5_key":"applicationmanagepartners-display-component---NewPartner--partnerDetailInternal-arrow"}]}
RESULT: undefined
COMMAND: POST /session/211f9bdef6c1513913dbaa9ec9077f8f/element - {"using":"xpath","value":"//*[@id=\"application-managepartners-display-component---NewPartner--partnerDetailInternal-arrow\"]"}
RESULT: {"using":"xpath","value":"//*[@id=\"application-managepartners-display-component---NewPartner--partnerDetailInternal-arrow\"]"}
COMMAND: POST /session/211f9bdef6c1513913dbaa9ec9077f8f/element/f.4A28FC3DA4D00E0A660421E11FF23D1E.d.574A2A11F8F637A2595415ADAF634DD6.e.3649/click - {}
RESULT: {}
COMMAND: POST /session/211f9bdef6c1513913dbaa9ec9077f8f/element - {"using":"xpath","value":"//span[contains(text(), \"Affiliated company\")]"}
COMMAND: GET /session/211f9bdef6c1513913dbaa9ec9077f8f/screenshot - {}
RESULT: {"using":"xpath","value":"//span[contains(text(), \"Affiliated company\")]"}
COMMAND: POST /session/211f9bdef6c1513913dbaa9ec9077f8f/element/f.4A28FC3DA4D00E0A660421E11FF23D1E.d.574A2A11F8F637A2595415ADAF634DD6.e.3652/click - {}
RESULT: {}
RESULT: {}
COMMAND: POST /session/211f9bdef6c1513913dbaa9ec9077f8f/execute/async - {"script":"<script> [1562 bytes]","args":[{"selector":{"id":"application-managepartners-display-component---NewPartner--partnerDetailsCurrency-arrow"},"wdio_ui5_key":"applicationmanagepartners-display-component---NewPartner--partnerDetailsCurrency-arrow"}]}
COMMAND: GET /session/211f9bdef6c1513913dbaa9ec9077f8f/screenshot - {}
RESULT: {"script":"<script> [1562 bytes]","args":[{"selector":{"id":"application-managepartners-display-component---NewPartner--partnerDetailsCurrency-arrow"},"wdio_ui5_key":"applicationmanagepartners-display-component---NewPartner--partnerDetailsCurrency-arrow"}]}
RESULT: undefined
COMMAND: POST /session/211f9bdef6c1513913dbaa9ec9077f8f/element - {"using":"xpath","value":"//*[@id=\"application-managepartners-display-component---NewPartner--partnerDetailsCurrency-arrow\"]"}
RESULT: {}
RESULT: {"using":"xpath","value":"//*[@id=\"application-managepartners-display-component---NewPartner--partnerDetailsCurrency-arrow\"]"}
COMMAND: POST /session/211f9bdef6c1513913dbaa9ec9077f8f/element/f.4A28FC3DA4D00E0A660421E11FF23D1E.d.574A2A11F8F637A2595415ADAF634DD6.e.3659/click - {}
RESULT: {}
COMMAND: POST /session/211f9bdef6c1513913dbaa9ec9077f8f/element - {"using":"xpath","value":"//span[contains(text(), \"Euro\")]"}
COMMAND: GET /session/211f9bdef6c1513913dbaa9ec9077f8f/screenshot - {}
RESULT: {"using":"xpath","value":"//span[contains(text(), \"Euro\")]"}
COMMAND: POST /session/211f9bdef6c1513913dbaa9ec9077f8f/element/f.4A28FC3DA4D00E0A660421E11FF23D1E.d.574A2A11F8F637A2595415ADAF634DD6.e.3660/click - {}
RESULT: {}
RESULT: {}
COMMAND: POST /session/211f9bdef6c1513913dbaa9ec9077f8f/execute/async - {"script":"<script> [1562 bytes]","args":[{"selector":{"id":"application-managepartners-display-component---NewPartner--addressEditDetailsCostObjectCstType-arrow"},"wdio_ui5_key":"applicationmanagepartners-display-component---NewPartner--addressEditDetailsCostObjectCstType-arrow"}]}
COMMAND: GET /session/211f9bdef6c1513913dbaa9ec9077f8f/screenshot - {}
RESULT: {"script":"<script> [1562 bytes]","args":[{"selector":{"id":"application-managepartners-display-component---NewPartner--addressEditDetailsCostObjectCstType-arrow"},"wdio_ui5_key":"applicationmanagepartners-display-component---NewPartner--addressEditDetailsCostObjectCstType-arrow"}]}
RESULT: undefined
COMMAND: POST /session/211f9bdef6c1513913dbaa9ec9077f8f/element - {"using":"xpath","value":"//*[@id=\"application-managepartners-display-component---NewPartner--addressEditDetailsCostObjectCstType-arrow\"]"}
RESULT: {}
RESULT: {"using":"xpath","value":"//*[@id=\"application-managepartners-display-component---NewPartner--addressEditDetailsCostObjectCstType-arrow\"]"}
COMMAND: POST /session/211f9bdef6c1513913dbaa9ec9077f8f/element/f.4A28FC3DA4D00E0A660421E11FF23D1E.d.574A2A11F8F637A2595415ADAF634DD6.e.3661/click - {}
RESULT: {}
COMMAND: POST /session/211f9bdef6c1513913dbaa9ec9077f8f/element - {"using":"xpath","value":"//span[contains(text(), \"Cost Center\")]"}
COMMAND: GET /session/211f9bdef6c1513913dbaa9ec9077f8f/screenshot - {}
RESULT: {"using":"xpath","value":"//span[contains(text(), \"Cost Center\")]"}
COMMAND: POST /session/211f9bdef6c1513913dbaa9ec9077f8f/element/f.4A28FC3DA4D00E0A660421E11FF23D1E.d.574A2A11F8F637A2595415ADAF634DD6.e.3662/click - {}
RESULT: {}
RESULT: {}
COMMAND: GET /session/211f9bdef6c1513913dbaa9ec9077f8f/screenshot - {}
RESULT: {}
COMMAND: POST /session/211f9bdef6c1513913dbaa9ec9077f8f/element - {"using":"xpath","value":"//span[@id=\"application-managepartners-display-component---NewPartner--addressNewCostObjectCstID-vhi\"]"}
RESULT: {"using":"xpath","value":"//span[@id=\"application-managepartners-display-component---NewPartner--addressNewCostObjectCstID-vhi\"]"}
COMMAND: POST /session/211f9bdef6c1513913dbaa9ec9077f8f/execute/sync - {"script":"<script> [8489 bytes]","args":[{"element-6066-11e4-a52e-4f735466cecf":"f.4A28FC3DA4D00E0A660421E11FF23D1E.d.574A2A11F8F637A2595415ADAF634DD6.e.3666","ELEMENT":"f.4A28FC3DA4D00E0A660421E11FF23D1E.d.574A2A11F8F637A2595415ADAF634DD6.e.3666"}]}
RESULT: {"script":"<script> [8489 bytes]","args":[{"element-6066-11e4-a52e-4f735466cecf":"f.4A28FC3DA4D00E0A660421E11FF23D1E.d.574A2A11F8F637A2595415ADAF634DD6.e.3666","ELEMENT":"f.4A28FC3DA4D00E0A660421E11FF23D1E.d.574A2A11F8F637A2595415ADAF634DD6.e.3666"}]}
COMMAND: POST /session/211f9bdef6c1513913dbaa9ec9077f8f/execute/async - {"script":"<script> [1562 bytes]","args":[{"selector":{"id":"application-managepartners-display-component---NewPartner--addressNewCostObjectCstID-vhi"},"wdio_ui5_key":"applicationmanagepartners-display-component---NewPartner--addressNewCostObjectCstID-vhi"}]}
COMMAND: GET /session/211f9bdef6c1513913dbaa9ec9077f8f/screenshot - {}
RESULT: {"script":"<script> [1562 bytes]","args":[{"selector":{"id":"application-managepartners-display-component---NewPartner--addressNewCostObjectCstID-vhi"},"wdio_ui5_key":"applicationmanagepartners-display-component---NewPartner--addressNewCostObjectCstID-vhi"}]}
RESULT: undefined
COMMAND: POST /session/211f9bdef6c1513913dbaa9ec9077f8f/element - {"using":"xpath","value":"//*[@id=\"application-managepartners-display-component---NewPartner--addressNewCostObjectCstID-vhi\"]"}
RESULT: {}
RESULT: {"using":"xpath","value":"//*[@id=\"application-managepartners-display-component---NewPartner--addressNewCostObjectCstID-vhi\"]"}
COMMAND: POST /session/211f9bdef6c1513913dbaa9ec9077f8f/element/f.4A28FC3DA4D00E0A660421E11FF23D1E.d.574A2A11F8F637A2595415ADAF634DD6.e.3666/click - {}
RESULT: {}
COMMAND: GET /session/211f9bdef6c1513913dbaa9ec9077f8f/screenshot - {}
RESULT: {}
COMMAND: POST /session/211f9bdef6c1513913dbaa9ec9077f8f/execute/async - {"script":"<script> [1562 bytes]","args":[{"selector":{"controlType":"sap.m.SearchField","properties":{"placeholder":"Search"},"searchOpenDialogs":true,"interaction":{"idSuffix":"I"}},"wdio_ui5_key":"sapm.SearchField{\"placeholder\":\"Search\"}"}]}
RESULT: {"script":"<script> [1562 bytes]","args":[{"selector":{"controlType":"sap.m.SearchField","properties":{"placeholder":"Search"},"searchOpenDialogs":true,"interaction":{"idSuffix":"I"}},"wdio_ui5_key":"sapm.SearchField{\"placeholder\":\"Search\"}"}]}
RESULT: undefined
COMMAND: POST /session/211f9bdef6c1513913dbaa9ec9077f8f/execute/async - {"script":"<script> [776 bytes]","args":[{"enterText":"10001013","selector":{"controlType":"sap.m.SearchField","properties":{"placeholder":"Search"},"searchOpenDialogs":true,"interaction":{"idSuffix":"I"}},"clearTextFirst":true,"interactionType":"ENTER_TEXT"}]}
RESULT: {"script":"<script> [776 bytes]","args":[{"enterText":"10001013","selector":{"controlType":"sap.m.SearchField","properties":{"placeholder":"Search"},"searchOpenDialogs":true,"interaction":{"idSuffix":"I"}},"clearTextFirst":true,"interactionType":"ENTER_TEXT"}]}
COMMAND: POST /session/211f9bdef6c1513913dbaa9ec9077f8f/actions - {"actions":[{"id":"action11","type":"key","parameters":{},"actions":[{"type":"keyDown","value":"î€‡"},{"type":"pause","duration":10},{"type":"keyUp","value":"î€‡"}]}]}
RESULT: {"actions":[{"id":"action11","type":"key","parameters":{},"actions":[{"type":"keyDown","value":"î€‡"},{"type":"pause","duration":10},{"type":"keyUp","value":"î€‡"}]}]}
COMMAND: GET /session/211f9bdef6c1513913dbaa9ec9077f8f/screenshot - {}
RESULT: {}
COMMAND: POST /session/211f9bdef6c1513913dbaa9ec9077f8f/element - {"using":"xpath","value":"//span[contains(text(), \"General Management\")]"}
RESULT: {"using":"xpath","value":"//span[contains(text(), \"General Management\")]"}
COMMAND: POST /session/211f9bdef6c1513913dbaa9ec9077f8f/element/f.4A28FC3DA4D00E0A660421E11FF23D1E.d.574A2A11F8F637A2595415ADAF634DD6.e.3707/click - {}
RESULT: {}
COMMAND: GET /session/211f9bdef6c1513913dbaa9ec9077f8f/screenshot - {}
RESULT: {}
COMMAND: POST /session/211f9bdef6c1513913dbaa9ec9077f8f/element - {"using":"xpath","value":"//bdi[contains(text(), \"OK\")]"}
RESULT: {"using":"xpath","value":"//bdi[contains(text(), \"OK\")]"}
COMMAND: POST /session/211f9bdef6c1513913dbaa9ec9077f8f/element/f.4A28FC3DA4D00E0A660421E11FF23D1E.d.574A2A11F8F637A2595415ADAF634DD6.e.3708/click - {}
RESULT: {}
COMMAND: GET /session/211f9bdef6c1513913dbaa9ec9077f8f/screenshot - {}
RESULT: {}
COMMAND: POST /session/211f9bdef6c1513913dbaa9ec9077f8f/element - {"using":"xpath","value":"//input[@id=\"application-managepartners-display-component---NewPartner--companyCodeComboBox-inner\"]"}
RESULT: {"using":"xpath","value":"//input[@id=\"application-managepartners-display-component---NewPartner--companyCodeComboBox-inner\"]"}
COMMAND: POST /session/211f9bdef6c1513913dbaa9ec9077f8f/element/f.4A28FC3DA4D00E0A660421E11FF23D1E.d.574A2A11F8F637A2595415ADAF634DD6.e.3498/clear - {}
RESULT: {}
COMMAND: POST /session/211f9bdef6c1513913dbaa9ec9077f8f/element/f.4A28FC3DA4D00E0A660421E11FF23D1E.d.574A2A11F8F637A2595415ADAF634DD6.e.3498/value - {"text":"C002"}
COMMAND: GET /session/211f9bdef6c1513913dbaa9ec9077f8f/screenshot - {}
RESULT: {"text":"C002"}
COMMAND: GET /session/211f9bdef6c1513913dbaa9ec9077f8f/screenshot - {}
RESULT: {}
RESULT: {}
COMMAND: POST /session/211f9bdef6c1513913dbaa9ec9077f8f/element - {"using":"xpath","value":"//span[contains(text(), \"C002\")]"}
RESULT: {"using":"xpath","value":"//span[contains(text(), \"C002\")]"}
COMMAND: POST /session/211f9bdef6c1513913dbaa9ec9077f8f/element/f.4A28FC3DA4D00E0A660421E11FF23D1E.d.574A2A11F8F637A2595415ADAF634DD6.e.3714/click - {}
RESULT: {}
COMMAND: GET /session/211f9bdef6c1513913dbaa9ec9077f8f/screenshot - {}
RESULT: {}
COMMAND: POST /session/211f9bdef6c1513913dbaa9ec9077f8f/execute/async - {"script":"<script> [1562 bytes]","args":[{"selector":{"id":"application-managepartners-display-component---NewPartner--btnAddTableRow-img"},"wdio_ui5_key":"applicationmanagepartners-display-component---NewPartner--btnAddTableRow-img"}]}
RESULT: {"script":"<script> [1562 bytes]","args":[{"selector":{"id":"application-managepartners-display-component---NewPartner--btnAddTableRow-img"},"wdio_ui5_key":"applicationmanagepartners-display-component---NewPartner--btnAddTableRow-img"}]}
RESULT: undefined
COMMAND: POST /session/211f9bdef6c1513913dbaa9ec9077f8f/element - {"using":"xpath","value":"//*[@id=\"application-managepartners-display-component---NewPartner--btnAddTableRow-img\"]"}
RESULT: {"using":"xpath","value":"//*[@id=\"application-managepartners-display-component---NewPartner--btnAddTableRow-img\"]"}
COMMAND: POST /session/211f9bdef6c1513913dbaa9ec9077f8f/element/f.4A28FC3DA4D00E0A660421E11FF23D1E.d.574A2A11F8F637A2595415ADAF634DD6.e.3715/click - {}
RESULT: {}
COMMAND: GET /session/211f9bdef6c1513913dbaa9ec9077f8f/screenshot - {}
RESULT: {}
COMMAND: POST /session/211f9bdef6c1513913dbaa9ec9077f8f/element - {"using":"xpath","value":"//input[@id=\"application-managepartners-display-component---NewPartner--assignmentYard-application-managepartners-display-component---NewPartner--assignmentsTable-0-inner\"]"}
RESULT: {"using":"xpath","value":"//input[@id=\"application-managepartners-display-component---NewPartner--assignmentYard-application-managepartners-display-component---NewPartner--assignmentsTable-0-inner\"]"}
COMMAND: POST /session/211f9bdef6c1513913dbaa9ec9077f8f/element/f.4A28FC3DA4D00E0A660421E11FF23D1E.d.574A2A11F8F637A2595415ADAF634DD6.e.3718/clear - {}
RESULT: {}
COMMAND: POST /session/211f9bdef6c1513913dbaa9ec9077f8f/element/f.4A28FC3DA4D00E0A660421E11FF23D1E.d.574A2A11F8F637A2595415ADAF634DD6.e.3718/value - {"text":"342"}
COMMAND: GET /session/211f9bdef6c1513913dbaa9ec9077f8f/screenshot - {}
RESULT: {"text":"342"}
COMMAND: GET /session/211f9bdef6c1513913dbaa9ec9077f8f/screenshot - {}
RESULT: {}
RESULT: {}
COMMAND: POST /session/211f9bdef6c1513913dbaa9ec9077f8f/element - {"using":"xpath","value":"//li[.//span[text()='342']]"}
RESULT: {"using":"xpath","value":"//li[.//span[text()='342']]"}
COMMAND: POST /session/211f9bdef6c1513913dbaa9ec9077f8f/element/f.4A28FC3DA4D00E0A660421E11FF23D1E.d.574A2A11F8F637A2595415ADAF634DD6.e.3727/click - {}
RESULT: {}
COMMAND: GET /session/211f9bdef6c1513913dbaa9ec9077f8f/screenshot - {}
RESULT: {}
COMMAND: POST /session/211f9bdef6c1513913dbaa9ec9077f8f/actions - {"actions":[{"id":"action12","type":"key","parameters":{},"actions":[{"type":"keyDown","value":"î€‡"},{"type":"pause","duration":10},{"type":"keyUp","value":"î€‡"}]}]}
RESULT: {"actions":[{"id":"action12","type":"key","parameters":{},"actions":[{"type":"keyDown","value":"î€‡"},{"type":"pause","duration":10},{"type":"keyUp","value":"î€‡"}]}]}
COMMAND: POST /session/211f9bdef6c1513913dbaa9ec9077f8f/execute/async - {"script":"<script> [1562 bytes]","args":[{"selector":{"id":"application-managepartners-display-component---NewPartner--externalCustomerComboBox-application-managepartners-display-component---NewPartner--assignmentsTable-0-vhi"},"wdio_ui5_key":"applicationmanagepartners-display-component---NewPartner--externalCustomerComboBox-application-managepartners-display-component---NewPartner--assignmentsTable-0-vhi"}]}
COMMAND: GET /session/211f9bdef6c1513913dbaa9ec9077f8f/screenshot - {}
RESULT: {"script":"<script> [1562 bytes]","args":[{"selector":{"id":"application-managepartners-display-component---NewPartner--externalCustomerComboBox-application-managepartners-display-component---NewPartner--assignmentsTable-0-vhi"},"wdio_ui5_key":"applicationmanagepartners-display-component---NewPartner--externalCustomerComboBox-application-managepartners-display-component---NewPartner--assignmentsTable-0-vhi"}]}
RESULT: undefined
COMMAND: POST /session/211f9bdef6c1513913dbaa9ec9077f8f/element - {"using":"xpath","value":"//*[@id=\"application-managepartners-display-component---NewPartner--externalCustomerComboBox-application-managepartners-display-component---NewPartner--assignmentsTable-0-vhi\"]"}
RESULT: {}
RESULT: {"using":"xpath","value":"//*[@id=\"application-managepartners-display-component---NewPartner--externalCustomerComboBox-application-managepartners-display-component---NewPartner--assignmentsTable-0-vhi\"]"}
COMMAND: POST /session/211f9bdef6c1513913dbaa9ec9077f8f/element/f.4A28FC3DA4D00E0A660421E11FF23D1E.d.574A2A11F8F637A2595415ADAF634DD6.e.3731/click - {}
RESULT: {}
RESULT: undefined
COMMAND: POST /session/211f9bdef6c1513913dbaa9ec9077f8f/execute/async - {"script":"<script> [776 bytes]","args":[{"enterText":"300003","selector":{"controlType":"sap.m.SearchField","properties":{"placeholder":"Search"},"searchOpenDialogs":true,"interaction":{"idSuffix":"I"}},"clearTextFirst":true,"interactionType":"ENTER_TEXT"}]}
COMMAND: GET /session/211f9bdef6c1513913dbaa9ec9077f8f/screenshot - {}
RESULT: {"script":"<script> [776 bytes]","args":[{"enterText":"300003","selector":{"controlType":"sap.m.SearchField","properties":{"placeholder":"Search"},"searchOpenDialogs":true,"interaction":{"idSuffix":"I"}},"clearTextFirst":true,"interactionType":"ENTER_TEXT"}]}
COMMAND: POST /session/211f9bdef6c1513913dbaa9ec9077f8f/actions - {"actions":[{"id":"action13","type":"key","parameters":{},"actions":[{"type":"keyDown","value":"î€‡"},{"type":"pause","duration":10},{"type":"keyUp","value":"î€‡"}]}]}
RESULT: {}
RESULT: {"actions":[{"id":"action13","type":"key","parameters":{},"actions":[{"type":"keyDown","value":"î€‡"},{"type":"pause","duration":10},{"type":"keyUp","value":"î€‡"}]}]}
COMMAND: GET /session/211f9bdef6c1513913dbaa9ec9077f8f/screenshot - {}
RESULT: {}
COMMAND: POST /session/211f9bdef6c1513913dbaa9ec9077f8f/element - {"using":"xpath","value":"//span[contains(text(), \"300003\")]"}
RESULT: {"using":"xpath","value":"//span[contains(text(), \"300003\")]"}
COMMAND: POST /session/211f9bdef6c1513913dbaa9ec9077f8f/element/f.4A28FC3DA4D00E0A660421E11FF23D1E.d.574A2A11F8F637A2595415ADAF634DD6.e.3747/click - {}
RESULT: {}
COMMAND: GET /session/211f9bdef6c1513913dbaa9ec9077f8f/screenshot - {}
RESULT: {}
COMMAND: POST /session/211f9bdef6c1513913dbaa9ec9077f8f/element - {"using":"xpath","value":"//bdi[contains(text(), \"OK\")]"}
RESULT: {"using":"xpath","value":"//bdi[contains(text(), \"OK\")]"}
COMMAND: POST /session/211f9bdef6c1513913dbaa9ec9077f8f/element/f.4A28FC3DA4D00E0A660421E11FF23D1E.d.574A2A11F8F637A2595415ADAF634DD6.e.3749/click - {}
RESULT: {}
COMMAND: GET /session/211f9bdef6c1513913dbaa9ec9077f8f/screenshot - {}
RESULT: {}
COMMAND: POST /session/211f9bdef6c1513913dbaa9ec9077f8f/execute/async - {"script":"<script> [1562 bytes]","args":[{"selector":{"id":"application-managepartners-display-component---NewPartner--intercompVendorComboBox-application-managepartners-display-component---NewPartner--assignmentsTable-0-vhi"},"wdio_ui5_key":"applicationmanagepartners-display-component---NewPartner--intercompVendorComboBox-application-managepartners-display-component---NewPartner--assignmentsTable-0-vhi"}]}
RESULT: {"script":"<script> [1562 bytes]","args":[{"selector":{"id":"application-managepartners-display-component---NewPartner--intercompVendorComboBox-application-managepartners-display-component---NewPartner--assignmentsTable-0-vhi"},"wdio_ui5_key":"applicationmanagepartners-display-component---NewPartner--intercompVendorComboBox-application-managepartners-display-component---NewPartner--assignmentsTable-0-vhi"}]}
RESULT: undefined
COMMAND: POST /session/211f9bdef6c1513913dbaa9ec9077f8f/element - {"using":"xpath","value":"//*[@id=\"application-managepartners-display-component---NewPartner--intercompVendorComboBox-application-managepartners-display-component---NewPartner--assignmentsTable-0-vhi\"]"}
RESULT: {"using":"xpath","value":"//*[@id=\"application-managepartners-display-component---NewPartner--intercompVendorComboBox-application-managepartners-display-component---NewPartner--assignmentsTable-0-vhi\"]"}
COMMAND: POST /session/211f9bdef6c1513913dbaa9ec9077f8f/element/f.4A28FC3DA4D00E0A660421E11FF23D1E.d.574A2A11F8F637A2595415ADAF634DD6.e.3753/click - {}
RESULT: {}
RESULT: undefined
COMMAND: POST /session/211f9bdef6c1513913dbaa9ec9077f8f/execute/async - {"script":"<script> [776 bytes]","args":[{"enterText":"100005","selector":{"controlType":"sap.m.SearchField","properties":{"placeholder":"Search"},"searchOpenDialogs":true,"interaction":{"idSuffix":"I"}},"clearTextFirst":true,"interactionType":"ENTER_TEXT"}]}
COMMAND: GET /session/211f9bdef6c1513913dbaa9ec9077f8f/screenshot - {}
RESULT: {"script":"<script> [776 bytes]","args":[{"enterText":"100005","selector":{"controlType":"sap.m.SearchField","properties":{"placeholder":"Search"},"searchOpenDialogs":true,"interaction":{"idSuffix":"I"}},"clearTextFirst":true,"interactionType":"ENTER_TEXT"}]}
COMMAND: POST /session/211f9bdef6c1513913dbaa9ec9077f8f/actions - {"actions":[{"id":"action14","type":"key","parameters":{},"actions":[{"type":"keyDown","value":"î€‡"},{"type":"pause","duration":10},{"type":"keyUp","value":"î€‡"}]}]}
RESULT: {}
RESULT: {"actions":[{"id":"action14","type":"key","parameters":{},"actions":[{"type":"keyDown","value":"î€‡"},{"type":"pause","duration":10},{"type":"keyUp","value":"î€‡"}]}]}
COMMAND: GET /session/211f9bdef6c1513913dbaa9ec9077f8f/screenshot - {}
RESULT: {}
COMMAND: POST /session/211f9bdef6c1513913dbaa9ec9077f8f/element - {"using":"xpath","value":"//span[contains(text(), \"Penguins - Field/12345 Berlin\")]"}
RESULT: {"using":"xpath","value":"//span[contains(text(), \"Penguins - Field/12345 Berlin\")]"}
COMMAND: POST /session/211f9bdef6c1513913dbaa9ec9077f8f/element/f.4A28FC3DA4D00E0A660421E11FF23D1E.d.574A2A11F8F637A2595415ADAF634DD6.e.3772/click - {}
RESULT: {}
COMMAND: GET /session/211f9bdef6c1513913dbaa9ec9077f8f/screenshot - {}
RESULT: {}
COMMAND: POST /session/211f9bdef6c1513913dbaa9ec9077f8f/element - {"using":"xpath","value":"//bdi[contains(text(), \"OK\")]"}
RESULT: {"using":"xpath","value":"//bdi[contains(text(), \"OK\")]"}
COMMAND: POST /session/211f9bdef6c1513913dbaa9ec9077f8f/element/f.4A28FC3DA4D00E0A660421E11FF23D1E.d.574A2A11F8F637A2595415ADAF634DD6.e.3773/click - {}
RESULT: {}
COMMAND: GET /session/211f9bdef6c1513913dbaa9ec9077f8f/screenshot - {}
RESULT: {}
COMMAND: POST /session/211f9bdef6c1513913dbaa9ec9077f8f/element - {"using":"xpath","value":"//button[@data-kt=\"saveButton\"]"}
RESULT: {"using":"xpath","value":"//button[@data-kt=\"saveButton\"]"}
COMMAND: POST /session/211f9bdef6c1513913dbaa9ec9077f8f/element/f.4A28FC3DA4D00E0A660421E11FF23D1E.d.574A2A11F8F637A2595415ADAF634DD6.e.3576/click - {}
RESULT: {}
COMMAND: GET /session/211f9bdef6c1513913dbaa9ec9077f8f/screenshot - {}
RESULT: {}
COMMAND: POST /session/211f9bdef6c1513913dbaa9ec9077f8f/element - {"using":"xpath","value":"//header[contains(@id, 'ObjectPageLayout-headerTitle')]/div[1]/div[2]/div[2]/span[1]"}
RESULT: {"using":"xpath","value":"//header[contains(@id, 'ObjectPageLayout-headerTitle')]/div[1]/div[2]/div[2]/span[1]"}
COMMAND: POST /session/211f9bdef6c1513913dbaa9ec9077f8f/elements - {"using":"xpath","value":"//header[contains(@id, 'ObjectPageLayout-headerTitle')]/div[1]/div[2]/div[2]/span[1]"}
RESULT: {"using":"xpath","value":"//header[contains(@id, 'ObjectPageLayout-headerTitle')]/div[1]/div[2]/div[2]/span[1]"}
COMMAND: POST /session/211f9bdef6c1513913dbaa9ec9077f8f/execute/sync - {"script":"<script> [56 bytes]","args":[{"element-6066-11e4-a52e-4f735466cecf":"f.4A28FC3DA4D00E0A660421E11FF23D1E.d.574A2A11F8F637A2595415ADAF634DD6.e.3937","ELEMENT":"f.4A28FC3DA4D00E0A660421E11FF23D1E.d.574A2A11F8F637A2595415ADAF634DD6.e.3937"}]}
RESULT: {"script":"<script> [56 bytes]","args":[{"element-6066-11e4-a52e-4f735466cecf":"f.4A28FC3DA4D00E0A660421E11FF23D1E.d.574A2A11F8F637A2595415ADAF634DD6.e.3937","ELEMENT":"f.4A28FC3DA4D00E0A660421E11FF23D1E.d.574A2A11F8F637A2595415ADAF634DD6.e.3937"}]}
COMMAND: POST /session/211f9bdef6c1513913dbaa9ec9077f8f/element - {"using":"css selector","value":"#shell-header-logo"}
COMMAND: GET /session/211f9bdef6c1513913dbaa9ec9077f8f/screenshot - {}
RESULT: {"using":"css selector","value":"#shell-header-logo"}
COMMAND: POST /session/211f9bdef6c1513913dbaa9ec9077f8f/element/f.4A28FC3DA4D00E0A660421E11FF23D1E.d.574A2A11F8F637A2595415ADAF634DD6.e.3146/click - {}
RESULT: {}
RESULT: {}
COMMAND: GET /session/211f9bdef6c1513913dbaa9ec9077f8f/screenshot - {}
RESULT: {}
COMMAND: POST /session/211f9bdef6c1513913dbaa9ec9077f8f/execute/sync - {"script":"<script> [299 bytes]","args":[["getModel","getResource"]]}
RESULT: {"script":"<script> [299 bytes]","args":[["getModel","getResource"]]}
COMMAND: GET /session/211f9bdef6c1513913dbaa9ec9077f8f/screenshot - {}
]]></system-out>
    </testcase>
    <testcase classname="chrome.135_0_7049_96.windows.Edit_and_delete_daily_price_US134629_US134627" name="Should create a new site used for following tests" time="85.082">
      <system-out><![CDATA[
COMMAND: POST /session/211f9bdef6c1513913dbaa9ec9077f8f/execute/async - {"script":"<script> [1562 bytes]","args":[{"selector":{"controlType":"sap.m.TileContent","bindingPath":{"path":"","propertyPath":"/properties/info"},"ancestor":{"controlType":"sap.m.GenericTile","properties":{"header":"Manage Sites"}}},"wdio_ui5_key":"sapm.TileContent{\"path\":\"\",\"propertyPath\":\"/properties/info\"}{\"controlType\":\"sap.m.GenericTile\",\"properties\":{\"header\":\"Manage Sites\"}}"}]}
RESULT: {}
RESULT: {"script":"<script> [1562 bytes]","args":[{"selector":{"controlType":"sap.m.TileContent","bindingPath":{"path":"","propertyPath":"/properties/info"},"ancestor":{"controlType":"sap.m.GenericTile","properties":{"header":"Manage Sites"}}},"wdio_ui5_key":"sapm.TileContent{\"path\":\"\",\"propertyPath\":\"/properties/info\"}{\"controlType\":\"sap.m.GenericTile\",\"properties\":{\"header\":\"Manage Sites\"}}"}]}
RESULT: undefined
COMMAND: POST /session/211f9bdef6c1513913dbaa9ec9077f8f/element - {"using":"xpath","value":"//*[@id=\"__xmlview7--numericTileContent\"]"}
RESULT: {"using":"xpath","value":"//*[@id=\"__xmlview7--numericTileContent\"]"}
COMMAND: POST /session/211f9bdef6c1513913dbaa9ec9077f8f/element/f.4A28FC3DA4D00E0A660421E11FF23D1E.d.574A2A11F8F637A2595415ADAF634DD6.e.3939/click - {}
RESULT: {}
COMMAND: POST /session/211f9bdef6c1513913dbaa9ec9077f8f/element - {"using":"xpath","value":"//button[@data-kt=\"addOverflowToolbarButton\"]"}
COMMAND: GET /session/211f9bdef6c1513913dbaa9ec9077f8f/screenshot - {}
RESULT: {"using":"xpath","value":"//button[@data-kt=\"addOverflowToolbarButton\"]"}
COMMAND: POST /session/211f9bdef6c1513913dbaa9ec9077f8f/elements - {"using":"xpath","value":"//button[@data-kt=\"addOverflowToolbarButton\"]"}
RESULT: {}
RESULT: {"using":"xpath","value":"//button[@data-kt=\"addOverflowToolbarButton\"]"}
COMMAND: POST /session/211f9bdef6c1513913dbaa9ec9077f8f/elements - {"using":"xpath","value":"//button[@data-kt=\"addOverflowToolbarButton\"]"}
RESULT: {"using":"xpath","value":"//button[@data-kt=\"addOverflowToolbarButton\"]"}
COMMAND: POST /session/211f9bdef6c1513913dbaa9ec9077f8f/elements - {"using":"xpath","value":"//button[@data-kt=\"addOverflowToolbarButton\"]"}
RESULT: {"using":"xpath","value":"//button[@data-kt=\"addOverflowToolbarButton\"]"}
COMMAND: POST /session/211f9bdef6c1513913dbaa9ec9077f8f/elements - {"using":"xpath","value":"//button[@data-kt=\"addOverflowToolbarButton\"]"}
RESULT: {"using":"xpath","value":"//button[@data-kt=\"addOverflowToolbarButton\"]"}
COMMAND: POST /session/211f9bdef6c1513913dbaa9ec9077f8f/elements - {"using":"xpath","value":"//button[@data-kt=\"addOverflowToolbarButton\"]"}
RESULT: {"using":"xpath","value":"//button[@data-kt=\"addOverflowToolbarButton\"]"}
COMMAND: POST /session/211f9bdef6c1513913dbaa9ec9077f8f/elements - {"using":"xpath","value":"//button[@data-kt=\"addOverflowToolbarButton\"]"}
RESULT: {"using":"xpath","value":"//button[@data-kt=\"addOverflowToolbarButton\"]"}
COMMAND: POST /session/211f9bdef6c1513913dbaa9ec9077f8f/elements - {"using":"xpath","value":"//button[@data-kt=\"addOverflowToolbarButton\"]"}
RESULT: {"using":"xpath","value":"//button[@data-kt=\"addOverflowToolbarButton\"]"}
COMMAND: POST /session/211f9bdef6c1513913dbaa9ec9077f8f/elements - {"using":"xpath","value":"//button[@data-kt=\"addOverflowToolbarButton\"]"}
RESULT: {"using":"xpath","value":"//button[@data-kt=\"addOverflowToolbarButton\"]"}
COMMAND: POST /session/211f9bdef6c1513913dbaa9ec9077f8f/elements - {"using":"xpath","value":"//button[@data-kt=\"addOverflowToolbarButton\"]"}
RESULT: {"using":"xpath","value":"//button[@data-kt=\"addOverflowToolbarButton\"]"}
COMMAND: POST /session/211f9bdef6c1513913dbaa9ec9077f8f/elements - {"using":"xpath","value":"//button[@data-kt=\"addOverflowToolbarButton\"]"}
RESULT: {"using":"xpath","value":"//button[@data-kt=\"addOverflowToolbarButton\"]"}
COMMAND: POST /session/211f9bdef6c1513913dbaa9ec9077f8f/elements - {"using":"xpath","value":"//button[@data-kt=\"addOverflowToolbarButton\"]"}
RESULT: {"using":"xpath","value":"//button[@data-kt=\"addOverflowToolbarButton\"]"}
COMMAND: POST /session/211f9bdef6c1513913dbaa9ec9077f8f/elements - {"using":"xpath","value":"//button[@data-kt=\"addOverflowToolbarButton\"]"}
RESULT: {"using":"xpath","value":"//button[@data-kt=\"addOverflowToolbarButton\"]"}
COMMAND: POST /session/211f9bdef6c1513913dbaa9ec9077f8f/elements - {"using":"xpath","value":"//button[@data-kt=\"addOverflowToolbarButton\"]"}
RESULT: {"using":"xpath","value":"//button[@data-kt=\"addOverflowToolbarButton\"]"}
COMMAND: POST /session/211f9bdef6c1513913dbaa9ec9077f8f/elements - {"using":"xpath","value":"//button[@data-kt=\"addOverflowToolbarButton\"]"}
RESULT: {"using":"xpath","value":"//button[@data-kt=\"addOverflowToolbarButton\"]"}
COMMAND: POST /session/211f9bdef6c1513913dbaa9ec9077f8f/elements - {"using":"xpath","value":"//button[@data-kt=\"addOverflowToolbarButton\"]"}
RESULT: {"using":"xpath","value":"//button[@data-kt=\"addOverflowToolbarButton\"]"}
COMMAND: POST /session/211f9bdef6c1513913dbaa9ec9077f8f/elements - {"using":"xpath","value":"//button[@data-kt=\"addOverflowToolbarButton\"]"}
RESULT: {"using":"xpath","value":"//button[@data-kt=\"addOverflowToolbarButton\"]"}
COMMAND: POST /session/211f9bdef6c1513913dbaa9ec9077f8f/elements - {"using":"xpath","value":"//button[@data-kt=\"addOverflowToolbarButton\"]"}
RESULT: {"using":"xpath","value":"//button[@data-kt=\"addOverflowToolbarButton\"]"}
COMMAND: POST /session/211f9bdef6c1513913dbaa9ec9077f8f/elements - {"using":"xpath","value":"//button[@data-kt=\"addOverflowToolbarButton\"]"}
RESULT: {"using":"xpath","value":"//button[@data-kt=\"addOverflowToolbarButton\"]"}
COMMAND: POST /session/211f9bdef6c1513913dbaa9ec9077f8f/elements - {"using":"xpath","value":"//button[@data-kt=\"addOverflowToolbarButton\"]"}
RESULT: {"using":"xpath","value":"//button[@data-kt=\"addOverflowToolbarButton\"]"}
COMMAND: POST /session/211f9bdef6c1513913dbaa9ec9077f8f/elements - {"using":"xpath","value":"//button[@data-kt=\"addOverflowToolbarButton\"]"}
RESULT: {"using":"xpath","value":"//button[@data-kt=\"addOverflowToolbarButton\"]"}
COMMAND: POST /session/211f9bdef6c1513913dbaa9ec9077f8f/elements - {"using":"xpath","value":"//button[@data-kt=\"addOverflowToolbarButton\"]"}
RESULT: {"using":"xpath","value":"//button[@data-kt=\"addOverflowToolbarButton\"]"}
COMMAND: POST /session/211f9bdef6c1513913dbaa9ec9077f8f/elements - {"using":"xpath","value":"//button[@data-kt=\"addOverflowToolbarButton\"]"}
RESULT: {"using":"xpath","value":"//button[@data-kt=\"addOverflowToolbarButton\"]"}
COMMAND: POST /session/211f9bdef6c1513913dbaa9ec9077f8f/elements - {"using":"xpath","value":"//button[@data-kt=\"addOverflowToolbarButton\"]"}
RESULT: {"using":"xpath","value":"//button[@data-kt=\"addOverflowToolbarButton\"]"}
COMMAND: POST /session/211f9bdef6c1513913dbaa9ec9077f8f/elements - {"using":"xpath","value":"//button[@data-kt=\"addOverflowToolbarButton\"]"}
RESULT: {"using":"xpath","value":"//button[@data-kt=\"addOverflowToolbarButton\"]"}
COMMAND: POST /session/211f9bdef6c1513913dbaa9ec9077f8f/element - {"using":"xpath","value":"//button[@data-kt=\"addOverflowToolbarButton\"]"}
RESULT: {"using":"xpath","value":"//button[@data-kt=\"addOverflowToolbarButton\"]"}
COMMAND: POST /session/211f9bdef6c1513913dbaa9ec9077f8f/execute/sync - {"script":"<script> [8489 bytes]","args":[{"element-6066-11e4-a52e-4f735466cecf":"f.4A28FC3DA4D00E0A660421E11FF23D1E.d.574A2A11F8F637A2595415ADAF634DD6.e.3986","ELEMENT":"f.4A28FC3DA4D00E0A660421E11FF23D1E.d.574A2A11F8F637A2595415ADAF634DD6.e.3986"}]}
RESULT: {"script":"<script> [8489 bytes]","args":[{"element-6066-11e4-a52e-4f735466cecf":"f.4A28FC3DA4D00E0A660421E11FF23D1E.d.574A2A11F8F637A2595415ADAF634DD6.e.3986","ELEMENT":"f.4A28FC3DA4D00E0A660421E11FF23D1E.d.574A2A11F8F637A2595415ADAF634DD6.e.3986"}]}
COMMAND: GET /session/211f9bdef6c1513913dbaa9ec9077f8f/element/f.4A28FC3DA4D00E0A660421E11FF23D1E.d.574A2A11F8F637A2595415ADAF634DD6.e.3986/enabled - {}
COMMAND: GET /session/211f9bdef6c1513913dbaa9ec9077f8f/screenshot - {}
RESULT: {}
COMMAND: POST /session/211f9bdef6c1513913dbaa9ec9077f8f/execute/sync - {"script":"<script> [8489 bytes]","args":[{"element-6066-11e4-a52e-4f735466cecf":"f.4A28FC3DA4D00E0A660421E11FF23D1E.d.574A2A11F8F637A2595415ADAF634DD6.e.3986","ELEMENT":"f.4A28FC3DA4D00E0A660421E11FF23D1E.d.574A2A11F8F637A2595415ADAF634DD6.e.3986"}]}
COMMAND: GET /session/211f9bdef6c1513913dbaa9ec9077f8f/screenshot - {}
RESULT: {}
RESULT: {"script":"<script> [8489 bytes]","args":[{"element-6066-11e4-a52e-4f735466cecf":"f.4A28FC3DA4D00E0A660421E11FF23D1E.d.574A2A11F8F637A2595415ADAF634DD6.e.3986","ELEMENT":"f.4A28FC3DA4D00E0A660421E11FF23D1E.d.574A2A11F8F637A2595415ADAF634DD6.e.3986"}]}
COMMAND: POST /session/211f9bdef6c1513913dbaa9ec9077f8f/execute/sync - {"script":"<script> [5351 bytes]","args":[{"element-6066-11e4-a52e-4f735466cecf":"f.4A28FC3DA4D00E0A660421E11FF23D1E.d.574A2A11F8F637A2595415ADAF634DD6.e.3986","ELEMENT":"f.4A28FC3DA4D00E0A660421E11FF23D1E.d.574A2A11F8F637A2595415ADAF634DD6.e.3986"}]}
COMMAND: GET /session/211f9bdef6c1513913dbaa9ec9077f8f/screenshot - {}
RESULT: {}
RESULT: {"script":"<script> [5351 bytes]","args":[{"element-6066-11e4-a52e-4f735466cecf":"f.4A28FC3DA4D00E0A660421E11FF23D1E.d.574A2A11F8F637A2595415ADAF634DD6.e.3986","ELEMENT":"f.4A28FC3DA4D00E0A660421E11FF23D1E.d.574A2A11F8F637A2595415ADAF634DD6.e.3986"}]}
COMMAND: POST /session/211f9bdef6c1513913dbaa9ec9077f8f/element/f.4A28FC3DA4D00E0A660421E11FF23D1E.d.574A2A11F8F637A2595415ADAF634DD6.e.3986/click - {}
COMMAND: GET /session/211f9bdef6c1513913dbaa9ec9077f8f/screenshot - {}
RESULT: {}
RESULT: {}
COMMAND: GET /session/211f9bdef6c1513913dbaa9ec9077f8f/screenshot - {}
RESULT: {}
RESULT: {}
COMMAND: POST /session/211f9bdef6c1513913dbaa9ec9077f8f/execute/async - {"script":"<script> [1562 bytes]","args":[{"selector":{"id":"application-managesites-display-component---NewSite--addressDetailDetailsName1","interaction":{"idSuffix":"inner"}},"wdio_ui5_key":"applicationmanagesites-display-component---NewSite--addressDetailDetailsName1"}]}
RESULT: {"script":"<script> [1562 bytes]","args":[{"selector":{"id":"application-managesites-display-component---NewSite--addressDetailDetailsName1","interaction":{"idSuffix":"inner"}},"wdio_ui5_key":"applicationmanagesites-display-component---NewSite--addressDetailDetailsName1"}]}
RESULT: undefined
COMMAND: POST /session/211f9bdef6c1513913dbaa9ec9077f8f/execute/async - {"script":"<script> [776 bytes]","args":[{"enterText":"DailyPrice WDIO","selector":{"id":"application-managesites-display-component---NewSite--addressDetailDetailsName1","interaction":{"idSuffix":"inner"}},"clearTextFirst":true,"interactionType":"ENTER_TEXT"}]}
RESULT: {"script":"<script> [776 bytes]","args":[{"enterText":"DailyPrice WDIO","selector":{"id":"application-managesites-display-component---NewSite--addressDetailDetailsName1","interaction":{"idSuffix":"inner"}},"clearTextFirst":true,"interactionType":"ENTER_TEXT"}]}
COMMAND: POST /session/211f9bdef6c1513913dbaa9ec9077f8f/execute/async - {"script":"<script> [1562 bytes]","args":[{"selector":{"id":"application-managesites-display-component---NewSite--addressDetailDetailsLanguage-arrow"},"wdio_ui5_key":"applicationmanagesites-display-component---NewSite--addressDetailDetailsLanguage-arrow"}]}
RESULT: {"script":"<script> [1562 bytes]","args":[{"selector":{"id":"application-managesites-display-component---NewSite--addressDetailDetailsLanguage-arrow"},"wdio_ui5_key":"applicationmanagesites-display-component---NewSite--addressDetailDetailsLanguage-arrow"}]}
RESULT: undefined
COMMAND: POST /session/211f9bdef6c1513913dbaa9ec9077f8f/element - {"using":"xpath","value":"//*[@id=\"application-managesites-display-component---NewSite--addressDetailDetailsLanguage-arrow\"]"}
RESULT: {"using":"xpath","value":"//*[@id=\"application-managesites-display-component---NewSite--addressDetailDetailsLanguage-arrow\"]"}
COMMAND: POST /session/211f9bdef6c1513913dbaa9ec9077f8f/element/f.4A28FC3DA4D00E0A660421E11FF23D1E.d.574A2A11F8F637A2595415ADAF634DD6.e.4615/click - {}
RESULT: {}
COMMAND: POST /session/211f9bdef6c1513913dbaa9ec9077f8f/element - {"using":"xpath","value":"//span[contains(text(), \"English\")]"}
COMMAND: GET /session/211f9bdef6c1513913dbaa9ec9077f8f/screenshot - {}
RESULT: {"using":"xpath","value":"//span[contains(text(), \"English\")]"}
COMMAND: POST /session/211f9bdef6c1513913dbaa9ec9077f8f/element/f.4A28FC3DA4D00E0A660421E11FF23D1E.d.574A2A11F8F637A2595415ADAF634DD6.e.4616/click - {}
RESULT: {}
RESULT: {}
COMMAND: POST /session/211f9bdef6c1513913dbaa9ec9077f8f/execute/async - {"script":"<script> [1562 bytes]","args":[{"selector":{"id":"application-managesites-display-component---NewSite--addressDetailDetailsCity1","interaction":{"idSuffix":"inner"}},"wdio_ui5_key":"applicationmanagesites-display-component---NewSite--addressDetailDetailsCity1"}]}
COMMAND: GET /session/211f9bdef6c1513913dbaa9ec9077f8f/screenshot - {}
RESULT: {"script":"<script> [1562 bytes]","args":[{"selector":{"id":"application-managesites-display-component---NewSite--addressDetailDetailsCity1","interaction":{"idSuffix":"inner"}},"wdio_ui5_key":"applicationmanagesites-display-component---NewSite--addressDetailDetailsCity1"}]}
RESULT: undefined
COMMAND: POST /session/211f9bdef6c1513913dbaa9ec9077f8f/execute/async - {"script":"<script> [776 bytes]","args":[{"enterText":"Rosario","selector":{"id":"application-managesites-display-component---NewSite--addressDetailDetailsCity1","interaction":{"idSuffix":"inner"}},"clearTextFirst":true,"interactionType":"ENTER_TEXT"}]}
RESULT: {}
RESULT: {"script":"<script> [776 bytes]","args":[{"enterText":"Rosario","selector":{"id":"application-managesites-display-component---NewSite--addressDetailDetailsCity1","interaction":{"idSuffix":"inner"}},"clearTextFirst":true,"interactionType":"ENTER_TEXT"}]}
COMMAND: POST /session/211f9bdef6c1513913dbaa9ec9077f8f/execute/async - {"script":"<script> [1562 bytes]","args":[{"selector":{"id":"application-managesites-display-component---NewSite--addressDetailDetailsCountry-arrow"},"wdio_ui5_key":"applicationmanagesites-display-component---NewSite--addressDetailDetailsCountry-arrow"}]}
RESULT: {"script":"<script> [1562 bytes]","args":[{"selector":{"id":"application-managesites-display-component---NewSite--addressDetailDetailsCountry-arrow"},"wdio_ui5_key":"applicationmanagesites-display-component---NewSite--addressDetailDetailsCountry-arrow"}]}
RESULT: undefined
COMMAND: POST /session/211f9bdef6c1513913dbaa9ec9077f8f/element - {"using":"xpath","value":"//*[@id=\"application-managesites-display-component---NewSite--addressDetailDetailsCountry-arrow\"]"}
RESULT: {"using":"xpath","value":"//*[@id=\"application-managesites-display-component---NewSite--addressDetailDetailsCountry-arrow\"]"}
COMMAND: POST /session/211f9bdef6c1513913dbaa9ec9077f8f/element/f.4A28FC3DA4D00E0A660421E11FF23D1E.d.574A2A11F8F637A2595415ADAF634DD6.e.4618/click - {}
RESULT: {}
COMMAND: POST /session/211f9bdef6c1513913dbaa9ec9077f8f/element - {"using":"xpath","value":"//span[contains(text(), \"Argentina\")]"}
COMMAND: GET /session/211f9bdef6c1513913dbaa9ec9077f8f/screenshot - {}
RESULT: {"using":"xpath","value":"//span[contains(text(), \"Argentina\")]"}
COMMAND: POST /session/211f9bdef6c1513913dbaa9ec9077f8f/element/f.4A28FC3DA4D00E0A660421E11FF23D1E.d.574A2A11F8F637A2595415ADAF634DD6.e.4619/click - {}
RESULT: {}
RESULT: {}
COMMAND: GET /session/211f9bdef6c1513913dbaa9ec9077f8f/screenshot - {}
RESULT: {}
COMMAND: POST /session/211f9bdef6c1513913dbaa9ec9077f8f/execute/async - {"script":"<script> [1562 bytes]","args":[{"selector":{"id":"application-managesites-display-component---NewSite--addressEditDetailsCostObjectCstType-arrow"},"wdio_ui5_key":"applicationmanagesites-display-component---NewSite--addressEditDetailsCostObjectCstType-arrow"}]}
RESULT: {"script":"<script> [1562 bytes]","args":[{"selector":{"id":"application-managesites-display-component---NewSite--addressEditDetailsCostObjectCstType-arrow"},"wdio_ui5_key":"applicationmanagesites-display-component---NewSite--addressEditDetailsCostObjectCstType-arrow"}]}
RESULT: undefined
COMMAND: POST /session/211f9bdef6c1513913dbaa9ec9077f8f/element - {"using":"xpath","value":"//*[@id=\"application-managesites-display-component---NewSite--addressEditDetailsCostObjectCstType-arrow\"]"}
RESULT: {"using":"xpath","value":"//*[@id=\"application-managesites-display-component---NewSite--addressEditDetailsCostObjectCstType-arrow\"]"}
COMMAND: POST /session/211f9bdef6c1513913dbaa9ec9077f8f/element/f.4A28FC3DA4D00E0A660421E11FF23D1E.d.574A2A11F8F637A2595415ADAF634DD6.e.4621/click - {}
RESULT: {}
COMMAND: POST /session/211f9bdef6c1513913dbaa9ec9077f8f/element - {"using":"xpath","value":"//span[contains(text(), \"Cost Center\")]"}
COMMAND: GET /session/211f9bdef6c1513913dbaa9ec9077f8f/screenshot - {}
RESULT: {"using":"xpath","value":"//span[contains(text(), \"Cost Center\")]"}
COMMAND: POST /session/211f9bdef6c1513913dbaa9ec9077f8f/element/f.4A28FC3DA4D00E0A660421E11FF23D1E.d.574A2A11F8F637A2595415ADAF634DD6.e.4622/click - {}
RESULT: {}
RESULT: {}
COMMAND: GET /session/211f9bdef6c1513913dbaa9ec9077f8f/screenshot - {}
RESULT: {}
COMMAND: POST /session/211f9bdef6c1513913dbaa9ec9077f8f/element - {"using":"xpath","value":"//span[@id=\"application-managesites-display-component---NewSite--addressNewCostObjectCstID-vhi\"]"}
RESULT: {"using":"xpath","value":"//span[@id=\"application-managesites-display-component---NewSite--addressNewCostObjectCstID-vhi\"]"}
COMMAND: POST /session/211f9bdef6c1513913dbaa9ec9077f8f/execute/sync - {"script":"<script> [8489 bytes]","args":[{"element-6066-11e4-a52e-4f735466cecf":"f.4A28FC3DA4D00E0A660421E11FF23D1E.d.574A2A11F8F637A2595415ADAF634DD6.e.4627","ELEMENT":"f.4A28FC3DA4D00E0A660421E11FF23D1E.d.574A2A11F8F637A2595415ADAF634DD6.e.4627"}]}
RESULT: {"script":"<script> [8489 bytes]","args":[{"element-6066-11e4-a52e-4f735466cecf":"f.4A28FC3DA4D00E0A660421E11FF23D1E.d.574A2A11F8F637A2595415ADAF634DD6.e.4627","ELEMENT":"f.4A28FC3DA4D00E0A660421E11FF23D1E.d.574A2A11F8F637A2595415ADAF634DD6.e.4627"}]}
COMMAND: POST /session/211f9bdef6c1513913dbaa9ec9077f8f/execute/async - {"script":"<script> [1562 bytes]","args":[{"selector":{"id":"application-managesites-display-component---NewSite--addressNewCostObjectCstID-vhi"},"wdio_ui5_key":"applicationmanagesites-display-component---NewSite--addressNewCostObjectCstID-vhi"}]}
COMMAND: GET /session/211f9bdef6c1513913dbaa9ec9077f8f/screenshot - {}
RESULT: {"script":"<script> [1562 bytes]","args":[{"selector":{"id":"application-managesites-display-component---NewSite--addressNewCostObjectCstID-vhi"},"wdio_ui5_key":"applicationmanagesites-display-component---NewSite--addressNewCostObjectCstID-vhi"}]}
RESULT: undefined
COMMAND: POST /session/211f9bdef6c1513913dbaa9ec9077f8f/element - {"using":"xpath","value":"//*[@id=\"application-managesites-display-component---NewSite--addressNewCostObjectCstID-vhi\"]"}
RESULT: {}
RESULT: {"using":"xpath","value":"//*[@id=\"application-managesites-display-component---NewSite--addressNewCostObjectCstID-vhi\"]"}
COMMAND: POST /session/211f9bdef6c1513913dbaa9ec9077f8f/element/f.4A28FC3DA4D00E0A660421E11FF23D1E.d.574A2A11F8F637A2595415ADAF634DD6.e.4627/click - {}
RESULT: {}
COMMAND: GET /session/211f9bdef6c1513913dbaa9ec9077f8f/screenshot - {}
RESULT: {}
RESULT: undefined
COMMAND: POST /session/211f9bdef6c1513913dbaa9ec9077f8f/execute/async - {"script":"<script> [776 bytes]","args":[{"enterText":"10001013","selector":{"controlType":"sap.m.SearchField","properties":{"placeholder":"Search"},"searchOpenDialogs":true,"interaction":{"idSuffix":"I"}},"clearTextFirst":true,"interactionType":"ENTER_TEXT"}]}
RESULT: {"script":"<script> [776 bytes]","args":[{"enterText":"10001013","selector":{"controlType":"sap.m.SearchField","properties":{"placeholder":"Search"},"searchOpenDialogs":true,"interaction":{"idSuffix":"I"}},"clearTextFirst":true,"interactionType":"ENTER_TEXT"}]}
COMMAND: POST /session/211f9bdef6c1513913dbaa9ec9077f8f/actions - {"actions":[{"id":"action15","type":"key","parameters":{},"actions":[{"type":"keyDown","value":"î€‡"},{"type":"pause","duration":10},{"type":"keyUp","value":"î€‡"}]}]}
RESULT: {"actions":[{"id":"action15","type":"key","parameters":{},"actions":[{"type":"keyDown","value":"î€‡"},{"type":"pause","duration":10},{"type":"keyUp","value":"î€‡"}]}]}
COMMAND: GET /session/211f9bdef6c1513913dbaa9ec9077f8f/screenshot - {}
RESULT: {}
COMMAND: POST /session/211f9bdef6c1513913dbaa9ec9077f8f/element - {"using":"xpath","value":"//span[contains(text(), \"General Management\")]"}
RESULT: {"using":"xpath","value":"//span[contains(text(), \"General Management\")]"}
COMMAND: POST /session/211f9bdef6c1513913dbaa9ec9077f8f/element/f.4A28FC3DA4D00E0A660421E11FF23D1E.d.574A2A11F8F637A2595415ADAF634DD6.e.4666/click - {}
RESULT: {}
COMMAND: GET /session/211f9bdef6c1513913dbaa9ec9077f8f/screenshot - {}
RESULT: {}
COMMAND: POST /session/211f9bdef6c1513913dbaa9ec9077f8f/element - {"using":"xpath","value":"//bdi[contains(text(), \"OK\")]"}
RESULT: {"using":"xpath","value":"//bdi[contains(text(), \"OK\")]"}
COMMAND: POST /session/211f9bdef6c1513913dbaa9ec9077f8f/element/f.4A28FC3DA4D00E0A660421E11FF23D1E.d.574A2A11F8F637A2595415ADAF634DD6.e.4667/click - {}
RESULT: {}
COMMAND: GET /session/211f9bdef6c1513913dbaa9ec9077f8f/screenshot - {}
RESULT: {}
COMMAND: POST /session/211f9bdef6c1513913dbaa9ec9077f8f/element - {"using":"xpath","value":"//input[@id=\"application-managesites-display-component---NewSite--addressDetailDetailsCalendar-inner\"]"}
RESULT: {"using":"xpath","value":"//input[@id=\"application-managesites-display-component---NewSite--addressDetailDetailsCalendar-inner\"]"}
COMMAND: POST /session/211f9bdef6c1513913dbaa9ec9077f8f/element/f.4A28FC3DA4D00E0A660421E11FF23D1E.d.574A2A11F8F637A2595415ADAF634DD6.e.4414/clear - {}
RESULT: {}
COMMAND: POST /session/211f9bdef6c1513913dbaa9ec9077f8f/element/f.4A28FC3DA4D00E0A660421E11FF23D1E.d.574A2A11F8F637A2595415ADAF634DD6.e.4414/value - {"text":"Unit"}
COMMAND: GET /session/211f9bdef6c1513913dbaa9ec9077f8f/screenshot - {}
RESULT: {"text":"Unit"}
COMMAND: GET /session/211f9bdef6c1513913dbaa9ec9077f8f/screenshot - {}
RESULT: {}
RESULT: {}
COMMAND: POST /session/211f9bdef6c1513913dbaa9ec9077f8f/actions - {"actions":[{"id":"action16","type":"key","parameters":{},"actions":[{"type":"keyDown","value":"î€‡"},{"type":"pause","duration":10},{"type":"keyUp","value":"î€‡"}]}]}
RESULT: {"actions":[{"id":"action16","type":"key","parameters":{},"actions":[{"type":"keyDown","value":"î€‡"},{"type":"pause","duration":10},{"type":"keyUp","value":"î€‡"}]}]}
COMMAND: POST /session/211f9bdef6c1513913dbaa9ec9077f8f/element - {"using":"xpath","value":"//input[@id=\"application-managesites-display-component---NewSite--addressDetailDetailsYard-inner\"]"}
COMMAND: GET /session/211f9bdef6c1513913dbaa9ec9077f8f/screenshot - {}
RESULT: {"using":"xpath","value":"//input[@id=\"application-managesites-display-component---NewSite--addressDetailDetailsYard-inner\"]"}
COMMAND: POST /session/211f9bdef6c1513913dbaa9ec9077f8f/element/f.4A28FC3DA4D00E0A660421E11FF23D1E.d.574A2A11F8F637A2595415ADAF634DD6.e.4415/clear - {}
RESULT: {}
RESULT: {}
COMMAND: POST /session/211f9bdef6c1513913dbaa9ec9077f8f/element/f.4A28FC3DA4D00E0A660421E11FF23D1E.d.574A2A11F8F637A2595415ADAF634DD6.e.4415/value - {"text":"342"}
COMMAND: GET /session/211f9bdef6c1513913dbaa9ec9077f8f/screenshot - {}
RESULT: {"text":"342"}
COMMAND: GET /session/211f9bdef6c1513913dbaa9ec9077f8f/screenshot - {}
RESULT: {}
RESULT: {}
COMMAND: POST /session/211f9bdef6c1513913dbaa9ec9077f8f/element - {"using":"xpath","value":"//li[.//span[text()='342']]"}
RESULT: {"using":"xpath","value":"//li[.//span[text()='342']]"}
COMMAND: POST /session/211f9bdef6c1513913dbaa9ec9077f8f/element/f.4A28FC3DA4D00E0A660421E11FF23D1E.d.574A2A11F8F637A2595415ADAF634DD6.e.4675/click - {}
RESULT: {}
COMMAND: GET /session/211f9bdef6c1513913dbaa9ec9077f8f/screenshot - {}
RESULT: {}
COMMAND: POST /session/211f9bdef6c1513913dbaa9ec9077f8f/element - {"using":"xpath","value":"//input[@id=\"application-managesites-display-component---NewSite--addressDetailDetailsPartner-inner\"]"}
RESULT: {"using":"xpath","value":"//input[@id=\"application-managesites-display-component---NewSite--addressDetailDetailsPartner-inner\"]"}
COMMAND: POST /session/211f9bdef6c1513913dbaa9ec9077f8f/element - {"using":"xpath","value":"//input[@id=\"application-managesites-display-component---NewSite--addressDetailDetailsPartner-inner\"]"}
RESULT: {"using":"xpath","value":"//input[@id=\"application-managesites-display-component---NewSite--addressDetailDetailsPartner-inner\"]"}
COMMAND: POST /session/211f9bdef6c1513913dbaa9ec9077f8f/element - {"using":"xpath","value":"//button[@data-kt=\"saveButton\"]"}
RESULT: {"using":"xpath","value":"//button[@data-kt=\"saveButton\"]"}
COMMAND: POST /session/211f9bdef6c1513913dbaa9ec9077f8f/element/f.4A28FC3DA4D00E0A660421E11FF23D1E.d.574A2A11F8F637A2595415ADAF634DD6.e.4600/click - {}
RESULT: {}
COMMAND: GET /session/211f9bdef6c1513913dbaa9ec9077f8f/screenshot - {}
RESULT: {}
COMMAND: POST /session/211f9bdef6c1513913dbaa9ec9077f8f/element - {"using":"xpath","value":"//header[contains(@id, 'ObjectPageLayout-headerTitle')]/div[1]/div[2]/div[2]/span[1]"}
RESULT: {"using":"xpath","value":"//header[contains(@id, 'ObjectPageLayout-headerTitle')]/div[1]/div[2]/div[2]/span[1]"}
COMMAND: POST /session/211f9bdef6c1513913dbaa9ec9077f8f/elements - {"using":"xpath","value":"//header[contains(@id, 'ObjectPageLayout-headerTitle')]/div[1]/div[2]/div[2]/span[1]"}
RESULT: {"using":"xpath","value":"//header[contains(@id, 'ObjectPageLayout-headerTitle')]/div[1]/div[2]/div[2]/span[1]"}
COMMAND: POST /session/211f9bdef6c1513913dbaa9ec9077f8f/execute/sync - {"script":"<script> [56 bytes]","args":[{"element-6066-11e4-a52e-4f735466cecf":"f.4A28FC3DA4D00E0A660421E11FF23D1E.d.574A2A11F8F637A2595415ADAF634DD6.e.4879","ELEMENT":"f.4A28FC3DA4D00E0A660421E11FF23D1E.d.574A2A11F8F637A2595415ADAF634DD6.e.4879"}]}
RESULT: {"script":"<script> [56 bytes]","args":[{"element-6066-11e4-a52e-4f735466cecf":"f.4A28FC3DA4D00E0A660421E11FF23D1E.d.574A2A11F8F637A2595415ADAF634DD6.e.4879","ELEMENT":"f.4A28FC3DA4D00E0A660421E11FF23D1E.d.574A2A11F8F637A2595415ADAF634DD6.e.4879"}]}
COMMAND: POST /session/211f9bdef6c1513913dbaa9ec9077f8f/element - {"using":"css selector","value":"#shell-header-logo"}
COMMAND: GET /session/211f9bdef6c1513913dbaa9ec9077f8f/screenshot - {}
RESULT: {"using":"css selector","value":"#shell-header-logo"}
COMMAND: POST /session/211f9bdef6c1513913dbaa9ec9077f8f/element/f.4A28FC3DA4D00E0A660421E11FF23D1E.d.574A2A11F8F637A2595415ADAF634DD6.e.3944/click - {}
RESULT: {}
RESULT: {}
COMMAND: GET /session/211f9bdef6c1513913dbaa9ec9077f8f/screenshot - {}
RESULT: {}
COMMAND: POST /session/211f9bdef6c1513913dbaa9ec9077f8f/execute/sync - {"script":"<script> [299 bytes]","args":[["getModel","getResource"]]}
RESULT: {"script":"<script> [299 bytes]","args":[["getModel","getResource"]]}
COMMAND: GET /session/211f9bdef6c1513913dbaa9ec9077f8f/screenshot - {}
]]></system-out>
    </testcase>
    <testcase classname="chrome.135_0_7049_96.windows.Edit_and_delete_daily_price_US134629_US134627" name="Should go to Manage Conditions Daily Price and add the 2 rows one with yard site and one with yard" time="55.343">
      <system-out><![CDATA[
COMMAND: POST /session/211f9bdef6c1513913dbaa9ec9077f8f/window/fullscreen - {}
RESULT: {}
RESULT: {}
COMMAND: POST /session/211f9bdef6c1513913dbaa9ec9077f8f/execute/async - {"script":"<script> [1562 bytes]","args":[{"selector":{"controlType":"sap.m.GenericTile","properties":{"header":"Manage Conditions & Prices"}},"wdio_ui5_key":"sapm.GenericTile{\"header\":\"Manage Conditions & Prices\"}"}]}
RESULT: {"script":"<script> [1562 bytes]","args":[{"selector":{"controlType":"sap.m.GenericTile","properties":{"header":"Manage Conditions & Prices"}},"wdio_ui5_key":"sapm.GenericTile{\"header\":\"Manage Conditions & Prices\"}"}]}
RESULT: undefined
COMMAND: POST /session/211f9bdef6c1513913dbaa9ec9077f8f/element - {"using":"xpath","value":"//*[@id=\"__tile53\"]"}
RESULT: {"using":"xpath","value":"//*[@id=\"__tile53\"]"}
COMMAND: POST /session/211f9bdef6c1513913dbaa9ec9077f8f/element/f.4A28FC3DA4D00E0A660421E11FF23D1E.d.574A2A11F8F637A2595415ADAF634DD6.e.3082/click - {}
RESULT: {}
COMMAND: POST /session/211f9bdef6c1513913dbaa9ec9077f8f/element - {"using":"xpath","value":"//button[@aria-label=\"Create\"]"}
COMMAND: GET /session/211f9bdef6c1513913dbaa9ec9077f8f/screenshot - {}
RESULT: {"using":"xpath","value":"//button[@aria-label=\"Create\"]"}
COMMAND: POST /session/211f9bdef6c1513913dbaa9ec9077f8f/elements - {"using":"xpath","value":"//button[@aria-label=\"Create\"]"}
RESULT: {}
RESULT: {"using":"xpath","value":"//button[@aria-label=\"Create\"]"}
COMMAND: POST /session/211f9bdef6c1513913dbaa9ec9077f8f/elements - {"using":"xpath","value":"//button[@aria-label=\"Create\"]"}
RESULT: {"using":"xpath","value":"//button[@aria-label=\"Create\"]"}
COMMAND: POST /session/211f9bdef6c1513913dbaa9ec9077f8f/elements - {"using":"xpath","value":"//button[@aria-label=\"Create\"]"}
RESULT: {"using":"xpath","value":"//button[@aria-label=\"Create\"]"}
COMMAND: POST /session/211f9bdef6c1513913dbaa9ec9077f8f/elements - {"using":"xpath","value":"//button[@aria-label=\"Create\"]"}
RESULT: {"using":"xpath","value":"//button[@aria-label=\"Create\"]"}
COMMAND: POST /session/211f9bdef6c1513913dbaa9ec9077f8f/elements - {"using":"xpath","value":"//button[@aria-label=\"Create\"]"}
RESULT: {"using":"xpath","value":"//button[@aria-label=\"Create\"]"}
COMMAND: POST /session/211f9bdef6c1513913dbaa9ec9077f8f/elements - {"using":"xpath","value":"//button[@aria-label=\"Create\"]"}
RESULT: {"using":"xpath","value":"//button[@aria-label=\"Create\"]"}
COMMAND: POST /session/211f9bdef6c1513913dbaa9ec9077f8f/elements - {"using":"xpath","value":"//button[@aria-label=\"Create\"]"}
RESULT: {"using":"xpath","value":"//button[@aria-label=\"Create\"]"}
COMMAND: POST /session/211f9bdef6c1513913dbaa9ec9077f8f/elements - {"using":"xpath","value":"//button[@aria-label=\"Create\"]"}
RESULT: {"using":"xpath","value":"//button[@aria-label=\"Create\"]"}
COMMAND: POST /session/211f9bdef6c1513913dbaa9ec9077f8f/elements - {"using":"xpath","value":"//button[@aria-label=\"Create\"]"}
RESULT: {"using":"xpath","value":"//button[@aria-label=\"Create\"]"}
COMMAND: POST /session/211f9bdef6c1513913dbaa9ec9077f8f/elements - {"using":"xpath","value":"//button[@aria-label=\"Create\"]"}
RESULT: {"using":"xpath","value":"//button[@aria-label=\"Create\"]"}
COMMAND: POST /session/211f9bdef6c1513913dbaa9ec9077f8f/elements - {"using":"xpath","value":"//button[@aria-label=\"Create\"]"}
RESULT: {"using":"xpath","value":"//button[@aria-label=\"Create\"]"}
COMMAND: POST /session/211f9bdef6c1513913dbaa9ec9077f8f/elements - {"using":"xpath","value":"//button[@aria-label=\"Create\"]"}
RESULT: {"using":"xpath","value":"//button[@aria-label=\"Create\"]"}
COMMAND: POST /session/211f9bdef6c1513913dbaa9ec9077f8f/elements - {"using":"xpath","value":"//button[@aria-label=\"Create\"]"}
RESULT: {"using":"xpath","value":"//button[@aria-label=\"Create\"]"}
COMMAND: POST /session/211f9bdef6c1513913dbaa9ec9077f8f/element - {"using":"xpath","value":"//button[@aria-label=\"Create\"]"}
RESULT: {"using":"xpath","value":"//button[@aria-label=\"Create\"]"}
COMMAND: POST /session/211f9bdef6c1513913dbaa9ec9077f8f/element/f.4A28FC3DA4D00E0A660421E11FF23D1E.d.574A2A11F8F637A2595415ADAF634DD6.e.4911/click - {}
RESULT: {}
COMMAND: GET /session/211f9bdef6c1513913dbaa9ec9077f8f/screenshot - {}
RESULT: {}
COMMAND: POST /session/211f9bdef6c1513913dbaa9ec9077f8f/actions - {"actions":[{"id":"action17","type":"key","parameters":{},"actions":[{"type":"keyDown","value":"î€•"},{"type":"pause","duration":10},{"type":"keyUp","value":"î€•"}]}]}
RESULT: {"actions":[{"id":"action17","type":"key","parameters":{},"actions":[{"type":"keyDown","value":"î€•"},{"type":"pause","duration":10},{"type":"keyUp","value":"î€•"}]}]}
COMMAND: POST /session/211f9bdef6c1513913dbaa9ec9077f8f/actions - {"actions":[{"id":"action18","type":"key","parameters":{},"actions":[{"type":"keyDown","value":"î€‡"},{"type":"pause","duration":10},{"type":"keyUp","value":"î€‡"}]}]}
COMMAND: GET /session/211f9bdef6c1513913dbaa9ec9077f8f/screenshot - {}
RESULT: {"actions":[{"id":"action18","type":"key","parameters":{},"actions":[{"type":"keyDown","value":"î€‡"},{"type":"pause","duration":10},{"type":"keyUp","value":"î€‡"}]}]}
COMMAND: POST /session/211f9bdef6c1513913dbaa9ec9077f8f/execute/async - {"script":"<script> [1562 bytes]","args":[{"selector":{"controlType":"sap.m.Title","viewName":"etm.portal.ui.manageconditionprice.view.DailyPrices","viewId":"application-manageconditionprice-display-component---dailyPrices","i18NText":{"propertyName":"text","key":"dailyPrices"}},"wdio_ui5_key":"etmportal.ui.manageconditionprice.view.DailyPricessap.m.Title{\"propertyName\":\"text\",\"key\":\"dailyPrices\"}"}]}
COMMAND: GET /session/211f9bdef6c1513913dbaa9ec9077f8f/screenshot - {}
RESULT: {}
RESULT: {"script":"<script> [1562 bytes]","args":[{"selector":{"controlType":"sap.m.Title","viewName":"etm.portal.ui.manageconditionprice.view.DailyPrices","viewId":"application-manageconditionprice-display-component---dailyPrices","i18NText":{"propertyName":"text","key":"dailyPrices"}},"wdio_ui5_key":"etmportal.ui.manageconditionprice.view.DailyPricessap.m.Title{\"propertyName\":\"text\",\"key\":\"dailyPrices\"}"}]}
RESULT: undefined
COMMAND: POST /session/211f9bdef6c1513913dbaa9ec9077f8f/execute/async - {"script":"<script> [6424 bytes]","args":[{"element-6066-11e4-a52e-4f735466cecf":"f.4A28FC3DA4D00E0A660421E11FF23D1E.d.574A2A11F8F637A2595415ADAF634DD6.e.5212"},"getText",[]]}
RESULT: {}
RESULT: {"script":"<script> [6424 bytes]","args":[{"element-6066-11e4-a52e-4f735466cecf":"f.4A28FC3DA4D00E0A660421E11FF23D1E.d.574A2A11F8F637A2595415ADAF634DD6.e.5212"},"getText",[]]}
COMMAND: POST /session/211f9bdef6c1513913dbaa9ec9077f8f/execute/async - {"script":"<script> [1562 bytes]","args":[{"selector":{"id":"application-manageconditionprice-display-component---dailyPrices--condBillCond","interaction":{"idSuffix":"inner"}},"wdio_ui5_key":"applicationmanageconditionprice-display-component---dailyPrices--condBillCond"}]}
RESULT: {"script":"<script> [1562 bytes]","args":[{"selector":{"id":"application-manageconditionprice-display-component---dailyPrices--condBillCond","interaction":{"idSuffix":"inner"}},"wdio_ui5_key":"applicationmanageconditionprice-display-component---dailyPrices--condBillCond"}]}
RESULT: undefined
COMMAND: POST /session/211f9bdef6c1513913dbaa9ec9077f8f/execute/async - {"script":"<script> [776 bytes]","args":[{"enterText":"Residual Value %","selector":{"id":"application-manageconditionprice-display-component---dailyPrices--condBillCond","interaction":{"idSuffix":"inner"}},"clearTextFirst":true,"interactionType":"ENTER_TEXT"}]}
RESULT: {"script":"<script> [776 bytes]","args":[{"enterText":"Residual Value %","selector":{"id":"application-manageconditionprice-display-component---dailyPrices--condBillCond","interaction":{"idSuffix":"inner"}},"clearTextFirst":true,"interactionType":"ENTER_TEXT"}]}
COMMAND: POST /session/211f9bdef6c1513913dbaa9ec9077f8f/execute/async - {"script":"<script> [1562 bytes]","args":[{"selector":{"controlType":"sap.m.StandardListItem","viewName":"etm.portal.ui.manageconditionprice.view.DailyPrices","viewId":"application-manageconditionprice-display-component---dailyPrices","properties":{"type":"Active"},"searchOpenDialogs":true,"interaction":{"idSuffix":"titleText"}},"wdio_ui5_key":"etmportal.ui.manageconditionprice.view.DailyPricessap.m.StandardListItem{\"type\":\"Active\"}"}]}
RESULT: {"script":"<script> [1562 bytes]","args":[{"selector":{"controlType":"sap.m.StandardListItem","viewName":"etm.portal.ui.manageconditionprice.view.DailyPrices","viewId":"application-manageconditionprice-display-component---dailyPrices","properties":{"type":"Active"},"searchOpenDialogs":true,"interaction":{"idSuffix":"titleText"}},"wdio_ui5_key":"etmportal.ui.manageconditionprice.view.DailyPricessap.m.StandardListItem{\"type\":\"Active\"}"}]}
RESULT: undefined
COMMAND: POST /session/211f9bdef6c1513913dbaa9ec9077f8f/element - {"using":"xpath","value":"//*[@id=\"__item1041\"]"}
RESULT: {"using":"xpath","value":"//*[@id=\"__item1041\"]"}
COMMAND: POST /session/211f9bdef6c1513913dbaa9ec9077f8f/element/f.4A28FC3DA4D00E0A660421E11FF23D1E.d.574A2A11F8F637A2595415ADAF634DD6.e.5216/click - {}
RESULT: {}
COMMAND: POST /session/211f9bdef6c1513913dbaa9ec9077f8f/execute/async - {"script":"<script> [1562 bytes]","args":[{"selector":{"id":"application-manageconditionprice-display-component---dailyPrices--editBtn","interaction":{"idSuffix":"BDI-content"}},"wdio_ui5_key":"applicationmanageconditionprice-display-component---dailyPrices--editBtn"}]}
COMMAND: GET /session/211f9bdef6c1513913dbaa9ec9077f8f/screenshot - {}
RESULT: {"script":"<script> [1562 bytes]","args":[{"selector":{"id":"application-manageconditionprice-display-component---dailyPrices--editBtn","interaction":{"idSuffix":"BDI-content"}},"wdio_ui5_key":"applicationmanageconditionprice-display-component---dailyPrices--editBtn"}]}
RESULT: undefined
COMMAND: POST /session/211f9bdef6c1513913dbaa9ec9077f8f/element - {"using":"xpath","value":"//*[@id=\"application-manageconditionprice-display-component---dailyPrices--editBtn\"]"}
RESULT: {}
RESULT: {"using":"xpath","value":"//*[@id=\"application-manageconditionprice-display-component---dailyPrices--editBtn\"]"}
COMMAND: POST /session/211f9bdef6c1513913dbaa9ec9077f8f/element/f.4A28FC3DA4D00E0A660421E11FF23D1E.d.574A2A11F8F637A2595415ADAF634DD6.e.5214/click - {}
RESULT: {}
COMMAND: POST /session/211f9bdef6c1513913dbaa9ec9077f8f/execute/async - {"script":"<script> [1562 bytes]","args":[{"selector":{"controlType":"sap.m.Button","viewName":"etm.portal.ui.manageconditionprice.view.DailyPrices","viewId":"application-manageconditionprice-display-component---dailyPrices","i18NText":{"propertyName":"text","key":"add"},"interaction":{"idSuffix":"BDI-content"}},"wdio_ui5_key":"etmportal.ui.manageconditionprice.view.DailyPricessap.m.Button{\"propertyName\":\"text\",\"key\":\"add\"}"}]}
COMMAND: GET /session/211f9bdef6c1513913dbaa9ec9077f8f/screenshot - {}
RESULT: {"script":"<script> [1562 bytes]","args":[{"selector":{"controlType":"sap.m.Button","viewName":"etm.portal.ui.manageconditionprice.view.DailyPrices","viewId":"application-manageconditionprice-display-component---dailyPrices","i18NText":{"propertyName":"text","key":"add"},"interaction":{"idSuffix":"BDI-content"}},"wdio_ui5_key":"etmportal.ui.manageconditionprice.view.DailyPricessap.m.Button{\"propertyName\":\"text\",\"key\":\"add\"}"}]}
RESULT: undefined
COMMAND: POST /session/211f9bdef6c1513913dbaa9ec9077f8f/element - {"using":"xpath","value":"//*[@id=\"__button113\"]"}
RESULT: {}
RESULT: {"using":"xpath","value":"//*[@id=\"__button113\"]"}
COMMAND: POST /session/211f9bdef6c1513913dbaa9ec9077f8f/element/f.4A28FC3DA4D00E0A660421E11FF23D1E.d.574A2A11F8F637A2595415ADAF634DD6.e.5224/click - {}
RESULT: {}
COMMAND: POST /session/211f9bdef6c1513913dbaa9ec9077f8f/elements - {"using":"css selector","value":"table tr"}
COMMAND: GET /session/211f9bdef6c1513913dbaa9ec9077f8f/screenshot - {}
RESULT: {"using":"css selector","value":"table tr"}
COMMAND: POST /session/211f9bdef6c1513913dbaa9ec9077f8f/element/f.4A28FC3DA4D00E0A660421E11FF23D1E.d.574A2A11F8F637A2595415ADAF634DD6.e.5366/elements - {"using":"css selector","value":"input"}
RESULT: {}
RESULT: {"using":"css selector","value":"input"}
COMMAND: POST /session/211f9bdef6c1513913dbaa9ec9077f8f/element/f.4A28FC3DA4D00E0A660421E11FF23D1E.d.574A2A11F8F637A2595415ADAF634DD6.e.5369/clear - {}
COMMAND: POST /session/211f9bdef6c1513913dbaa9ec9077f8f/element/f.4A28FC3DA4D00E0A660421E11FF23D1E.d.574A2A11F8F637A2595415ADAF634DD6.e.5367/clear - {}
COMMAND: POST /session/211f9bdef6c1513913dbaa9ec9077f8f/element/f.4A28FC3DA4D00E0A660421E11FF23D1E.d.574A2A11F8F637A2595415ADAF634DD6.e.5370/clear - {}
COMMAND: POST /session/211f9bdef6c1513913dbaa9ec9077f8f/element/f.4A28FC3DA4D00E0A660421E11FF23D1E.d.574A2A11F8F637A2595415ADAF634DD6.e.5368/clear - {}
COMMAND: POST /session/211f9bdef6c1513913dbaa9ec9077f8f/element/f.4A28FC3DA4D00E0A660421E11FF23D1E.d.574A2A11F8F637A2595415ADAF634DD6.e.5366/elements - {"using":"css selector","value":"td"}
RESULT: {}
COMMAND: POST /session/211f9bdef6c1513913dbaa9ec9077f8f/element/f.4A28FC3DA4D00E0A660421E11FF23D1E.d.574A2A11F8F637A2595415ADAF634DD6.e.5369/value - {"text":"705.60"}
COMMAND: GET /session/211f9bdef6c1513913dbaa9ec9077f8f/screenshot - {}
RESULT: {}
COMMAND: POST /session/211f9bdef6c1513913dbaa9ec9077f8f/element/f.4A28FC3DA4D00E0A660421E11FF23D1E.d.574A2A11F8F637A2595415ADAF634DD6.e.5367/value - {"text":"04/28/25"}
COMMAND: GET /session/211f9bdef6c1513913dbaa9ec9077f8f/screenshot - {}
RESULT: {}
COMMAND: POST /session/211f9bdef6c1513913dbaa9ec9077f8f/element/f.4A28FC3DA4D00E0A660421E11FF23D1E.d.574A2A11F8F637A2595415ADAF634DD6.e.5370/value - {"text":"Euro"}
COMMAND: GET /session/211f9bdef6c1513913dbaa9ec9077f8f/screenshot - {}
RESULT: {}
COMMAND: POST /session/211f9bdef6c1513913dbaa9ec9077f8f/element/f.4A28FC3DA4D00E0A660421E11FF23D1E.d.574A2A11F8F637A2595415ADAF634DD6.e.5368/value - {"text":"09/28/25"}
COMMAND: GET /session/211f9bdef6c1513913dbaa9ec9077f8f/screenshot - {}
RESULT: {"using":"css selector","value":"td"}
COMMAND: POST /session/211f9bdef6c1513913dbaa9ec9077f8f/element - {"using":"xpath","value":".//li[contains(., \"2191\") and not(.//li)]"}
COMMAND: POST /session/211f9bdef6c1513913dbaa9ec9077f8f/element/f.4A28FC3DA4D00E0A660421E11FF23D1E.d.574A2A11F8F637A2595415ADAF634DD6.e.5388/element - {"using":"css selector","value":"input"}
COMMAND: POST /session/211f9bdef6c1513913dbaa9ec9077f8f/element/f.4A28FC3DA4D00E0A660421E11FF23D1E.d.574A2A11F8F637A2595415ADAF634DD6.e.5388/element - {"using":"css selector","value":"input"}
RESULT: {"text":"705.60"}
COMMAND: GET /session/211f9bdef6c1513913dbaa9ec9077f8f/screenshot - {}
RESULT: {}
RESULT: {"text":"04/28/25"}
COMMAND: GET /session/211f9bdef6c1513913dbaa9ec9077f8f/screenshot - {}
RESULT: {}
RESULT: {"text":"Euro"}
COMMAND: GET /session/211f9bdef6c1513913dbaa9ec9077f8f/screenshot - {}
RESULT: {}
RESULT: {"text":"09/28/25"}
COMMAND: GET /session/211f9bdef6c1513913dbaa9ec9077f8f/screenshot - {}
RESULT: {}
RESULT: {"using":"xpath","value":".//li[contains(., \"2191\") and not(.//li)]"}
RESULT: {"using":"css selector","value":"input"}
COMMAND: POST /session/211f9bdef6c1513913dbaa9ec9077f8f/element/f.4A28FC3DA4D00E0A660421E11FF23D1E.d.574A2A11F8F637A2595415ADAF634DD6.e.5371/click - {}
RESULT: {"using":"css selector","value":"input"}
COMMAND: POST /session/211f9bdef6c1513913dbaa9ec9077f8f/element/f.4A28FC3DA4D00E0A660421E11FF23D1E.d.574A2A11F8F637A2595415ADAF634DD6.e.5371/clear - {}
RESULT: {}
RESULT: {}
RESULT: {}
RESULT: {}
RESULT: {}
RESULT: {}
COMMAND: POST /session/211f9bdef6c1513913dbaa9ec9077f8f/element/f.4A28FC3DA4D00E0A660421E11FF23D1E.d.574A2A11F8F637A2595415ADAF634DD6.e.5371/value - {"text":"2191"}
COMMAND: GET /session/211f9bdef6c1513913dbaa9ec9077f8f/screenshot - {}
COMMAND: GET /session/211f9bdef6c1513913dbaa9ec9077f8f/screenshot - {}
COMMAND: POST /session/211f9bdef6c1513913dbaa9ec9077f8f/elements - {"using":"xpath","value":".//li[contains(., \"2191\") and not(.//li)]"}
RESULT: {"text":"2191"}
COMMAND: GET /session/211f9bdef6c1513913dbaa9ec9077f8f/screenshot - {}
RESULT: {}
RESULT: {}
RESULT: {"using":"xpath","value":".//li[contains(., \"2191\") and not(.//li)]"}
COMMAND: POST /session/211f9bdef6c1513913dbaa9ec9077f8f/element - {"using":"xpath","value":".//li[contains(., \"2191\") and not(.//li)]"}
RESULT: {}
RESULT: {"using":"xpath","value":".//li[contains(., \"2191\") and not(.//li)]"}
COMMAND: POST /session/211f9bdef6c1513913dbaa9ec9077f8f/element/f.4A28FC3DA4D00E0A660421E11FF23D1E.d.574A2A11F8F637A2595415ADAF634DD6.e.5395/click - {}
RESULT: {}
COMMAND: POST /session/211f9bdef6c1513913dbaa9ec9077f8f/element - {"using":"xpath","value":".//li[contains(., \"342\") and not(.//li)]"}
COMMAND: POST /session/211f9bdef6c1513913dbaa9ec9077f8f/element/f.4A28FC3DA4D00E0A660421E11FF23D1E.d.574A2A11F8F637A2595415ADAF634DD6.e.5389/element - {"using":"css selector","value":"input"}
COMMAND: POST /session/211f9bdef6c1513913dbaa9ec9077f8f/element/f.4A28FC3DA4D00E0A660421E11FF23D1E.d.574A2A11F8F637A2595415ADAF634DD6.e.5389/element - {"using":"css selector","value":"input"}
COMMAND: GET /session/211f9bdef6c1513913dbaa9ec9077f8f/screenshot - {}
RESULT: {"using":"css selector","value":"input"}
COMMAND: POST /session/211f9bdef6c1513913dbaa9ec9077f8f/element/f.4A28FC3DA4D00E0A660421E11FF23D1E.d.574A2A11F8F637A2595415ADAF634DD6.e.5372/click - {}
RESULT: {"using":"css selector","value":"input"}
COMMAND: POST /session/211f9bdef6c1513913dbaa9ec9077f8f/element/f.4A28FC3DA4D00E0A660421E11FF23D1E.d.574A2A11F8F637A2595415ADAF634DD6.e.5372/clear - {}
RESULT: {"using":"xpath","value":".//li[contains(., \"342\") and not(.//li)]"}
RESULT: {}
RESULT: {}
RESULT: {}
COMMAND: POST /session/211f9bdef6c1513913dbaa9ec9077f8f/element/f.4A28FC3DA4D00E0A660421E11FF23D1E.d.574A2A11F8F637A2595415ADAF634DD6.e.5372/value - {"text":"342"}
COMMAND: GET /session/211f9bdef6c1513913dbaa9ec9077f8f/screenshot - {}
COMMAND: GET /session/211f9bdef6c1513913dbaa9ec9077f8f/screenshot - {}
RESULT: {"text":"342"}
COMMAND: GET /session/211f9bdef6c1513913dbaa9ec9077f8f/screenshot - {}
RESULT: {}
COMMAND: POST /session/211f9bdef6c1513913dbaa9ec9077f8f/elements - {"using":"xpath","value":".//li[contains(., \"342\") and not(.//li)]"}
RESULT: {}
RESULT: {}
RESULT: {"using":"xpath","value":".//li[contains(., \"342\") and not(.//li)]"}
COMMAND: POST /session/211f9bdef6c1513913dbaa9ec9077f8f/element - {"using":"xpath","value":".//li[contains(., \"342\") and not(.//li)]"}
RESULT: {"using":"xpath","value":".//li[contains(., \"342\") and not(.//li)]"}
COMMAND: POST /session/211f9bdef6c1513913dbaa9ec9077f8f/element/f.4A28FC3DA4D00E0A660421E11FF23D1E.d.574A2A11F8F637A2595415ADAF634DD6.e.5396/click - {}
RESULT: {}
RESULT: undefined
COMMAND: POST /session/211f9bdef6c1513913dbaa9ec9077f8f/element - {"using":"xpath","value":"//*[@id=\"__button113\"]"}
COMMAND: GET /session/211f9bdef6c1513913dbaa9ec9077f8f/screenshot - {}
RESULT: {"using":"xpath","value":"//*[@id=\"__button113\"]"}
COMMAND: POST /session/211f9bdef6c1513913dbaa9ec9077f8f/element/f.4A28FC3DA4D00E0A660421E11FF23D1E.d.574A2A11F8F637A2595415ADAF634DD6.e.5224/click - {}
RESULT: {}
RESULT: {}
COMMAND: POST /session/211f9bdef6c1513913dbaa9ec9077f8f/elements - {"using":"css selector","value":"table tr"}
COMMAND: GET /session/211f9bdef6c1513913dbaa9ec9077f8f/screenshot - {}
RESULT: {"using":"css selector","value":"table tr"}
COMMAND: POST /session/211f9bdef6c1513913dbaa9ec9077f8f/element/f.4A28FC3DA4D00E0A660421E11FF23D1E.d.574A2A11F8F637A2595415ADAF634DD6.e.5398/elements - {"using":"css selector","value":"input"}
RESULT: {}
RESULT: {"using":"css selector","value":"input"}
COMMAND: POST /session/211f9bdef6c1513913dbaa9ec9077f8f/element/f.4A28FC3DA4D00E0A660421E11FF23D1E.d.574A2A11F8F637A2595415ADAF634DD6.e.5401/clear - {}
COMMAND: POST /session/211f9bdef6c1513913dbaa9ec9077f8f/element/f.4A28FC3DA4D00E0A660421E11FF23D1E.d.574A2A11F8F637A2595415ADAF634DD6.e.5399/clear - {}
COMMAND: POST /session/211f9bdef6c1513913dbaa9ec9077f8f/element/f.4A28FC3DA4D00E0A660421E11FF23D1E.d.574A2A11F8F637A2595415ADAF634DD6.e.5402/clear - {}
COMMAND: POST /session/211f9bdef6c1513913dbaa9ec9077f8f/element/f.4A28FC3DA4D00E0A660421E11FF23D1E.d.574A2A11F8F637A2595415ADAF634DD6.e.5400/clear - {}
COMMAND: POST /session/211f9bdef6c1513913dbaa9ec9077f8f/element/f.4A28FC3DA4D00E0A660421E11FF23D1E.d.574A2A11F8F637A2595415ADAF634DD6.e.5398/elements - {"using":"css selector","value":"td"}
RESULT: {}
COMMAND: POST /session/211f9bdef6c1513913dbaa9ec9077f8f/element/f.4A28FC3DA4D00E0A660421E11FF23D1E.d.574A2A11F8F637A2595415ADAF634DD6.e.5401/value - {"text":"99.5"}
COMMAND: GET /session/211f9bdef6c1513913dbaa9ec9077f8f/screenshot - {}
RESULT: {}
COMMAND: POST /session/211f9bdef6c1513913dbaa9ec9077f8f/element/f.4A28FC3DA4D00E0A660421E11FF23D1E.d.574A2A11F8F637A2595415ADAF634DD6.e.5402/value - {"text":"US Dollar"}
COMMAND: GET /session/211f9bdef6c1513913dbaa9ec9077f8f/screenshot - {}
RESULT: {}
COMMAND: POST /session/211f9bdef6c1513913dbaa9ec9077f8f/element/f.4A28FC3DA4D00E0A660421E11FF23D1E.d.574A2A11F8F637A2595415ADAF634DD6.e.5399/value - {"text":"04/28/25"}
COMMAND: GET /session/211f9bdef6c1513913dbaa9ec9077f8f/screenshot - {}
RESULT: {"using":"css selector","value":"td"}
COMMAND: POST /session/211f9bdef6c1513913dbaa9ec9077f8f/element - {"using":"xpath","value":"(//li[div//span[contains(text(), '2191')]])[2]"}
COMMAND: POST /session/211f9bdef6c1513913dbaa9ec9077f8f/element/f.4A28FC3DA4D00E0A660421E11FF23D1E.d.574A2A11F8F637A2595415ADAF634DD6.e.5420/element - {"using":"css selector","value":"input"}
COMMAND: POST /session/211f9bdef6c1513913dbaa9ec9077f8f/element/f.4A28FC3DA4D00E0A660421E11FF23D1E.d.574A2A11F8F637A2595415ADAF634DD6.e.5420/element - {"using":"css selector","value":"input"}
RESULT: {}
COMMAND: POST /session/211f9bdef6c1513913dbaa9ec9077f8f/element/f.4A28FC3DA4D00E0A660421E11FF23D1E.d.574A2A11F8F637A2595415ADAF634DD6.e.5400/value - {"text":"09/28/25"}
COMMAND: GET /session/211f9bdef6c1513913dbaa9ec9077f8f/screenshot - {}
RESULT: {"text":"99.5"}
COMMAND: GET /session/211f9bdef6c1513913dbaa9ec9077f8f/screenshot - {}
RESULT: {}
RESULT: {"text":"US Dollar"}
COMMAND: GET /session/211f9bdef6c1513913dbaa9ec9077f8f/screenshot - {}
RESULT: {}
RESULT: {"text":"04/28/25"}
COMMAND: GET /session/211f9bdef6c1513913dbaa9ec9077f8f/screenshot - {}
RESULT: {}
RESULT: {"using":"css selector","value":"input"}
COMMAND: POST /session/211f9bdef6c1513913dbaa9ec9077f8f/element/f.4A28FC3DA4D00E0A660421E11FF23D1E.d.574A2A11F8F637A2595415ADAF634DD6.e.5403/clear - {}
RESULT: {"using":"css selector","value":"input"}
COMMAND: POST /session/211f9bdef6c1513913dbaa9ec9077f8f/element/f.4A28FC3DA4D00E0A660421E11FF23D1E.d.574A2A11F8F637A2595415ADAF634DD6.e.5403/click - {}
RESULT: {"using":"xpath","value":"(//li[div//span[contains(text(), '2191')]])[2]"}
RESULT: {"text":"09/28/25"}
COMMAND: GET /session/211f9bdef6c1513913dbaa9ec9077f8f/screenshot - {}
RESULT: {}
RESULT: {}
RESULT: {}
RESULT: {}
RESULT: {}
COMMAND: POST /session/211f9bdef6c1513913dbaa9ec9077f8f/element/f.4A28FC3DA4D00E0A660421E11FF23D1E.d.574A2A11F8F637A2595415ADAF634DD6.e.5403/value - {"text":"2191"}
COMMAND: GET /session/211f9bdef6c1513913dbaa9ec9077f8f/screenshot - {}
RESULT: {}
COMMAND: GET /session/211f9bdef6c1513913dbaa9ec9077f8f/screenshot - {}
COMMAND: POST /session/211f9bdef6c1513913dbaa9ec9077f8f/elements - {"using":"xpath","value":"(//li[div//span[contains(text(), '2191')]])[2]"}
RESULT: {}
RESULT: {"text":"2191"}
COMMAND: GET /session/211f9bdef6c1513913dbaa9ec9077f8f/screenshot - {}
RESULT: {}
RESULT: {}
RESULT: {"using":"xpath","value":"(//li[div//span[contains(text(), '2191')]])[2]"}
COMMAND: POST /session/211f9bdef6c1513913dbaa9ec9077f8f/element - {"using":"xpath","value":"(//li[div//span[contains(text(), '2191')]])[2]"}
RESULT: {}
RESULT: {"using":"xpath","value":"(//li[div//span[contains(text(), '2191')]])[2]"}
COMMAND: POST /session/211f9bdef6c1513913dbaa9ec9077f8f/element/f.4A28FC3DA4D00E0A660421E11FF23D1E.d.574A2A11F8F637A2595415ADAF634DD6.e.5426/click - {}
RESULT: {}
COMMAND: POST /session/211f9bdef6c1513913dbaa9ec9077f8f/execute/async - {"script":"<script> [1562 bytes]","args":[{"selector":{"controlType":"sap.m.Button","viewName":"etm.portal.ui.manageconditionprice.view.DailyPrices","viewId":"application-manageconditionprice-display-component---dailyPrices","i18NText":{"propertyName":"tooltip","key":"save"},"interaction":{"idSuffix":"BDI-content"}},"wdio_ui5_key":"etmportal.ui.manageconditionprice.view.DailyPricessap.m.Button{\"propertyName\":\"tooltip\",\"key\":\"save\"}"}]}
COMMAND: GET /session/211f9bdef6c1513913dbaa9ec9077f8f/screenshot - {}
RESULT: {"script":"<script> [1562 bytes]","args":[{"selector":{"controlType":"sap.m.Button","viewName":"etm.portal.ui.manageconditionprice.view.DailyPrices","viewId":"application-manageconditionprice-display-component---dailyPrices","i18NText":{"propertyName":"tooltip","key":"save"},"interaction":{"idSuffix":"BDI-content"}},"wdio_ui5_key":"etmportal.ui.manageconditionprice.view.DailyPricessap.m.Button{\"propertyName\":\"tooltip\",\"key\":\"save\"}"}]}
RESULT: undefined
COMMAND: POST /session/211f9bdef6c1513913dbaa9ec9077f8f/element - {"using":"xpath","value":"//*[@id=\"__button115\"]"}
RESULT: {}
RESULT: {"using":"xpath","value":"//*[@id=\"__button115\"]"}
COMMAND: POST /session/211f9bdef6c1513913dbaa9ec9077f8f/element/f.4A28FC3DA4D00E0A660421E11FF23D1E.d.574A2A11F8F637A2595415ADAF634DD6.e.5218/click - {}
RESULT: {}
COMMAND: GET /session/211f9bdef6c1513913dbaa9ec9077f8f/screenshot - {}
RESULT: {}
]]></system-out>
    </testcase>
    <testcase classname="chrome.135_0_7049_96.windows.Edit_and_delete_daily_price_US134629_US134627" name="Should check whether the 2 rows have been added then edit one of the rows s currency and value and save and check the edited values" time="10.864">
      <system-out><![CDATA[
COMMAND: POST /session/211f9bdef6c1513913dbaa9ec9077f8f/elements - {"using":"css selector","value":"table tr"}
RESULT: {"using":"css selector","value":"table tr"}
COMMAND: POST /session/211f9bdef6c1513913dbaa9ec9077f8f/element/f.4A28FC3DA4D00E0A660421E11FF23D1E.d.574A2A11F8F637A2595415ADAF634DD6.e.5398/elements - {"using":"css selector","value":"td"}
RESULT: {"using":"css selector","value":"td"}
COMMAND: POST /session/211f9bdef6c1513913dbaa9ec9077f8f/element/f.4A28FC3DA4D00E0A660421E11FF23D1E.d.574A2A11F8F637A2595415ADAF634DD6.e.5366/elements - {"using":"css selector","value":"td"}
RESULT: {"using":"css selector","value":"td"}
COMMAND: POST /session/211f9bdef6c1513913dbaa9ec9077f8f/element/f.4A28FC3DA4D00E0A660421E11FF23D1E.d.574A2A11F8F637A2595415ADAF634DD6.e.5429/element - {"using":"css selector","value":".sapMObjectNumberText"}
RESULT: {"using":"css selector","value":".sapMObjectNumberText"}
COMMAND: GET /session/211f9bdef6c1513913dbaa9ec9077f8f/element/f.4A28FC3DA4D00E0A660421E11FF23D1E.d.574A2A11F8F637A2595415ADAF634DD6.e.5431/text - {}
RESULT: {}
COMMAND: POST /session/211f9bdef6c1513913dbaa9ec9077f8f/element/f.4A28FC3DA4D00E0A660421E11FF23D1E.d.574A2A11F8F637A2595415ADAF634DD6.e.5430/element - {"using":"css selector","value":".sapMObjectNumberText"}
RESULT: {"using":"css selector","value":".sapMObjectNumberText"}
COMMAND: GET /session/211f9bdef6c1513913dbaa9ec9077f8f/element/f.4A28FC3DA4D00E0A660421E11FF23D1E.d.574A2A11F8F637A2595415ADAF634DD6.e.5432/text - {}
RESULT: {}
RESULT: undefined
COMMAND: POST /session/211f9bdef6c1513913dbaa9ec9077f8f/element - {"using":"xpath","value":"//*[@id=\"application-manageconditionprice-display-component---dailyPrices--editBtn\"]"}
RESULT: {"using":"xpath","value":"//*[@id=\"application-manageconditionprice-display-component---dailyPrices--editBtn\"]"}
COMMAND: POST /session/211f9bdef6c1513913dbaa9ec9077f8f/element/f.4A28FC3DA4D00E0A660421E11FF23D1E.d.574A2A11F8F637A2595415ADAF634DD6.e.5428/click - {}
RESULT: {}
COMMAND: POST /session/211f9bdef6c1513913dbaa9ec9077f8f/elements - {"using":"css selector","value":"table tr"}
COMMAND: GET /session/211f9bdef6c1513913dbaa9ec9077f8f/screenshot - {}
RESULT: {"using":"css selector","value":"table tr"}
COMMAND: POST /session/211f9bdef6c1513913dbaa9ec9077f8f/element/f.4A28FC3DA4D00E0A660421E11FF23D1E.d.574A2A11F8F637A2595415ADAF634DD6.e.5398/elements - {"using":"css selector","value":"input"}
RESULT: {}
RESULT: {"using":"css selector","value":"input"}
COMMAND: POST /session/211f9bdef6c1513913dbaa9ec9077f8f/element/f.4A28FC3DA4D00E0A660421E11FF23D1E.d.574A2A11F8F637A2595415ADAF634DD6.e.5447/clear - {}
COMMAND: POST /session/211f9bdef6c1513913dbaa9ec9077f8f/element/f.4A28FC3DA4D00E0A660421E11FF23D1E.d.574A2A11F8F637A2595415ADAF634DD6.e.5448/clear - {}
RESULT: {}
COMMAND: POST /session/211f9bdef6c1513913dbaa9ec9077f8f/element/f.4A28FC3DA4D00E0A660421E11FF23D1E.d.574A2A11F8F637A2595415ADAF634DD6.e.5448/value - {"text":"US Dollar"}
COMMAND: GET /session/211f9bdef6c1513913dbaa9ec9077f8f/screenshot - {}
RESULT: {}
COMMAND: POST /session/211f9bdef6c1513913dbaa9ec9077f8f/element/f.4A28FC3DA4D00E0A660421E11FF23D1E.d.574A2A11F8F637A2595415ADAF634DD6.e.5447/value - {"text":"566.1"}
COMMAND: GET /session/211f9bdef6c1513913dbaa9ec9077f8f/screenshot - {}
RESULT: {"text":"US Dollar"}
COMMAND: GET /session/211f9bdef6c1513913dbaa9ec9077f8f/screenshot - {}
RESULT: {}
RESULT: undefined
COMMAND: POST /session/211f9bdef6c1513913dbaa9ec9077f8f/element - {"using":"xpath","value":"//*[@id=\"__button115\"]"}
RESULT: {"text":"566.1"}
COMMAND: GET /session/211f9bdef6c1513913dbaa9ec9077f8f/screenshot - {}
RESULT: {}
RESULT: {}
RESULT: {"using":"xpath","value":"//*[@id=\"__button115\"]"}
COMMAND: POST /session/211f9bdef6c1513913dbaa9ec9077f8f/element/f.4A28FC3DA4D00E0A660421E11FF23D1E.d.574A2A11F8F637A2595415ADAF634DD6.e.5433/click - {}
RESULT: {}
RESULT: {}
COMMAND: GET /session/211f9bdef6c1513913dbaa9ec9077f8f/screenshot - {}
RESULT: {}
COMMAND: POST /session/211f9bdef6c1513913dbaa9ec9077f8f/elements - {"using":"css selector","value":"table tr"}
RESULT: {"using":"css selector","value":"table tr"}
COMMAND: POST /session/211f9bdef6c1513913dbaa9ec9077f8f/element/f.4A28FC3DA4D00E0A660421E11FF23D1E.d.574A2A11F8F637A2595415ADAF634DD6.e.5398/elements - {"using":"css selector","value":"td"}
RESULT: {"using":"css selector","value":"td"}
COMMAND: POST /session/211f9bdef6c1513913dbaa9ec9077f8f/element/f.4A28FC3DA4D00E0A660421E11FF23D1E.d.574A2A11F8F637A2595415ADAF634DD6.e.5452/element - {"using":"css selector","value":".sapMObjectNumberText"}
RESULT: {"using":"css selector","value":".sapMObjectNumberText"}
COMMAND: GET /session/211f9bdef6c1513913dbaa9ec9077f8f/element/f.4A28FC3DA4D00E0A660421E11FF23D1E.d.574A2A11F8F637A2595415ADAF634DD6.e.5454/text - {}
RESULT: {}
]]></system-out>
    </testcase>
  </testsuite>
  <testsuite timestamp="2025-04-28T17:12:52" time="401.738" tests="9" failures="0" errors="0" skipped="0">
    <properties>
      <property name="specId" value="0" />
      <property name="suiteName" value="US134625 Set up price condition - one time" />
      <property name="capabilities" value="chrome.135_0_7049_96.windows" />
      <property name="file" value="file:///D:/a/1/s/test/specs/BTS/set-up-price-condition-one-time.spec.js" />
    </properties>
    <testcase classname="chrome.135_0_7049_96.windows.US134625_Set_up_price_condition_-_one_time" name="Should create a new yard used for all following tests" time="0.009">
      <system-out><![CDATA[
COMMAND: POST /session/211f9bdef6c1513913dbaa9ec9077f8f/window/fullscreen - {}
RESULT: {}
]]></system-out>
    </testcase>
    <testcase classname="chrome.135_0_7049_96.windows.US134625_Set_up_price_condition_-_one_time" name="Should create a new partner" time="0.003" />
    <testcase classname="chrome.135_0_7049_96.windows.US134625_Set_up_price_condition_-_one_time" name="Should create a new site used for following tests" time="0.003" />
    <testcase classname="chrome.135_0_7049_96.windows.US134625_Set_up_price_condition_-_one_time" name="Should create a new material for billing type one time" time="103.392">
      <system-out><![CDATA[
COMMAND: POST /session/211f9bdef6c1513913dbaa9ec9077f8f/execute/async - {"script":"<script> [1562 bytes]","args":[{"selector":{"controlType":"sap.m.GenericTile","properties":{"header":"Manage Resources"}},"wdio_ui5_key":"sapm.GenericTile{\"header\":\"Manage Resources\"}"}]}
RESULT: {"script":"<script> [1562 bytes]","args":[{"selector":{"controlType":"sap.m.GenericTile","properties":{"header":"Manage Resources"}},"wdio_ui5_key":"sapm.GenericTile{\"header\":\"Manage Resources\"}"}]}
RESULT: undefined
COMMAND: POST /session/211f9bdef6c1513913dbaa9ec9077f8f/element - {"using":"xpath","value":"//*[@id=\"__tile39\"]"}
RESULT: {"using":"xpath","value":"//*[@id=\"__tile39\"]"}
COMMAND: POST /session/211f9bdef6c1513913dbaa9ec9077f8f/element/f.4A28FC3DA4D00E0A660421E11FF23D1E.d.C6C8791D244355AFE4CFF8F5F87020CC.e.5635/click - {}
RESULT: {}
COMMAND: POST /session/211f9bdef6c1513913dbaa9ec9077f8f/element - {"using":"xpath","value":"//button[@data-kt=\"addNewRUOverflowToolbarButton\"]"}
COMMAND: GET /session/211f9bdef6c1513913dbaa9ec9077f8f/screenshot - {}
RESULT: {"using":"xpath","value":"//button[@data-kt=\"addNewRUOverflowToolbarButton\"]"}
COMMAND: POST /session/211f9bdef6c1513913dbaa9ec9077f8f/elements - {"using":"xpath","value":"//button[@data-kt=\"addNewRUOverflowToolbarButton\"]"}
RESULT: {}
RESULT: {"using":"xpath","value":"//button[@data-kt=\"addNewRUOverflowToolbarButton\"]"}
COMMAND: POST /session/211f9bdef6c1513913dbaa9ec9077f8f/elements - {"using":"xpath","value":"//button[@data-kt=\"addNewRUOverflowToolbarButton\"]"}
RESULT: {"using":"xpath","value":"//button[@data-kt=\"addNewRUOverflowToolbarButton\"]"}
COMMAND: POST /session/211f9bdef6c1513913dbaa9ec9077f8f/elements - {"using":"xpath","value":"//button[@data-kt=\"addNewRUOverflowToolbarButton\"]"}
RESULT: {"using":"xpath","value":"//button[@data-kt=\"addNewRUOverflowToolbarButton\"]"}
COMMAND: POST /session/211f9bdef6c1513913dbaa9ec9077f8f/elements - {"using":"xpath","value":"//button[@data-kt=\"addNewRUOverflowToolbarButton\"]"}
RESULT: {"using":"xpath","value":"//button[@data-kt=\"addNewRUOverflowToolbarButton\"]"}
COMMAND: POST /session/211f9bdef6c1513913dbaa9ec9077f8f/elements - {"using":"xpath","value":"//button[@data-kt=\"addNewRUOverflowToolbarButton\"]"}
RESULT: {"using":"xpath","value":"//button[@data-kt=\"addNewRUOverflowToolbarButton\"]"}
COMMAND: POST /session/211f9bdef6c1513913dbaa9ec9077f8f/elements - {"using":"xpath","value":"//button[@data-kt=\"addNewRUOverflowToolbarButton\"]"}
RESULT: {"using":"xpath","value":"//button[@data-kt=\"addNewRUOverflowToolbarButton\"]"}
COMMAND: POST /session/211f9bdef6c1513913dbaa9ec9077f8f/elements - {"using":"xpath","value":"//button[@data-kt=\"addNewRUOverflowToolbarButton\"]"}
RESULT: {"using":"xpath","value":"//button[@data-kt=\"addNewRUOverflowToolbarButton\"]"}
COMMAND: POST /session/211f9bdef6c1513913dbaa9ec9077f8f/elements - {"using":"xpath","value":"//button[@data-kt=\"addNewRUOverflowToolbarButton\"]"}
RESULT: {"using":"xpath","value":"//button[@data-kt=\"addNewRUOverflowToolbarButton\"]"}
COMMAND: POST /session/211f9bdef6c1513913dbaa9ec9077f8f/elements - {"using":"xpath","value":"//button[@data-kt=\"addNewRUOverflowToolbarButton\"]"}
RESULT: {"using":"xpath","value":"//button[@data-kt=\"addNewRUOverflowToolbarButton\"]"}
COMMAND: POST /session/211f9bdef6c1513913dbaa9ec9077f8f/elements - {"using":"xpath","value":"//button[@data-kt=\"addNewRUOverflowToolbarButton\"]"}
RESULT: {"using":"xpath","value":"//button[@data-kt=\"addNewRUOverflowToolbarButton\"]"}
COMMAND: POST /session/211f9bdef6c1513913dbaa9ec9077f8f/elements - {"using":"xpath","value":"//button[@data-kt=\"addNewRUOverflowToolbarButton\"]"}
RESULT: {"using":"xpath","value":"//button[@data-kt=\"addNewRUOverflowToolbarButton\"]"}
COMMAND: POST /session/211f9bdef6c1513913dbaa9ec9077f8f/elements - {"using":"xpath","value":"//button[@data-kt=\"addNewRUOverflowToolbarButton\"]"}
RESULT: {"using":"xpath","value":"//button[@data-kt=\"addNewRUOverflowToolbarButton\"]"}
COMMAND: POST /session/211f9bdef6c1513913dbaa9ec9077f8f/elements - {"using":"xpath","value":"//button[@data-kt=\"addNewRUOverflowToolbarButton\"]"}
RESULT: {"using":"xpath","value":"//button[@data-kt=\"addNewRUOverflowToolbarButton\"]"}
COMMAND: POST /session/211f9bdef6c1513913dbaa9ec9077f8f/elements - {"using":"xpath","value":"//button[@data-kt=\"addNewRUOverflowToolbarButton\"]"}
RESULT: {"using":"xpath","value":"//button[@data-kt=\"addNewRUOverflowToolbarButton\"]"}
COMMAND: POST /session/211f9bdef6c1513913dbaa9ec9077f8f/elements - {"using":"xpath","value":"//button[@data-kt=\"addNewRUOverflowToolbarButton\"]"}
RESULT: {"using":"xpath","value":"//button[@data-kt=\"addNewRUOverflowToolbarButton\"]"}
COMMAND: POST /session/211f9bdef6c1513913dbaa9ec9077f8f/elements - {"using":"xpath","value":"//button[@data-kt=\"addNewRUOverflowToolbarButton\"]"}
RESULT: {"using":"xpath","value":"//button[@data-kt=\"addNewRUOverflowToolbarButton\"]"}
COMMAND: POST /session/211f9bdef6c1513913dbaa9ec9077f8f/elements - {"using":"xpath","value":"//button[@data-kt=\"addNewRUOverflowToolbarButton\"]"}
RESULT: {"using":"xpath","value":"//button[@data-kt=\"addNewRUOverflowToolbarButton\"]"}
COMMAND: POST /session/211f9bdef6c1513913dbaa9ec9077f8f/elements - {"using":"xpath","value":"//button[@data-kt=\"addNewRUOverflowToolbarButton\"]"}
RESULT: {"using":"xpath","value":"//button[@data-kt=\"addNewRUOverflowToolbarButton\"]"}
COMMAND: POST /session/211f9bdef6c1513913dbaa9ec9077f8f/elements - {"using":"xpath","value":"//button[@data-kt=\"addNewRUOverflowToolbarButton\"]"}
RESULT: {"using":"xpath","value":"//button[@data-kt=\"addNewRUOverflowToolbarButton\"]"}
COMMAND: POST /session/211f9bdef6c1513913dbaa9ec9077f8f/elements - {"using":"xpath","value":"//button[@data-kt=\"addNewRUOverflowToolbarButton\"]"}
RESULT: {"using":"xpath","value":"//button[@data-kt=\"addNewRUOverflowToolbarButton\"]"}
COMMAND: POST /session/211f9bdef6c1513913dbaa9ec9077f8f/elements - {"using":"xpath","value":"//button[@data-kt=\"addNewRUOverflowToolbarButton\"]"}
RESULT: {"using":"xpath","value":"//button[@data-kt=\"addNewRUOverflowToolbarButton\"]"}
COMMAND: POST /session/211f9bdef6c1513913dbaa9ec9077f8f/elements - {"using":"xpath","value":"//button[@data-kt=\"addNewRUOverflowToolbarButton\"]"}
RESULT: {"using":"xpath","value":"//button[@data-kt=\"addNewRUOverflowToolbarButton\"]"}
COMMAND: POST /session/211f9bdef6c1513913dbaa9ec9077f8f/elements - {"using":"xpath","value":"//button[@data-kt=\"addNewRUOverflowToolbarButton\"]"}
RESULT: {"using":"xpath","value":"//button[@data-kt=\"addNewRUOverflowToolbarButton\"]"}
COMMAND: POST /session/211f9bdef6c1513913dbaa9ec9077f8f/elements - {"using":"xpath","value":"//button[@data-kt=\"addNewRUOverflowToolbarButton\"]"}
RESULT: {"using":"xpath","value":"//button[@data-kt=\"addNewRUOverflowToolbarButton\"]"}
COMMAND: POST /session/211f9bdef6c1513913dbaa9ec9077f8f/elements - {"using":"xpath","value":"//button[@data-kt=\"addNewRUOverflowToolbarButton\"]"}
RESULT: {"using":"xpath","value":"//button[@data-kt=\"addNewRUOverflowToolbarButton\"]"}
COMMAND: POST /session/211f9bdef6c1513913dbaa9ec9077f8f/elements - {"using":"xpath","value":"//button[@data-kt=\"addNewRUOverflowToolbarButton\"]"}
RESULT: {"using":"xpath","value":"//button[@data-kt=\"addNewRUOverflowToolbarButton\"]"}
COMMAND: POST /session/211f9bdef6c1513913dbaa9ec9077f8f/elements - {"using":"xpath","value":"//button[@data-kt=\"addNewRUOverflowToolbarButton\"]"}
RESULT: {"using":"xpath","value":"//button[@data-kt=\"addNewRUOverflowToolbarButton\"]"}
COMMAND: POST /session/211f9bdef6c1513913dbaa9ec9077f8f/elements - {"using":"xpath","value":"//button[@data-kt=\"addNewRUOverflowToolbarButton\"]"}
RESULT: {"using":"xpath","value":"//button[@data-kt=\"addNewRUOverflowToolbarButton\"]"}
COMMAND: POST /session/211f9bdef6c1513913dbaa9ec9077f8f/elements - {"using":"xpath","value":"//button[@data-kt=\"addNewRUOverflowToolbarButton\"]"}
RESULT: {"using":"xpath","value":"//button[@data-kt=\"addNewRUOverflowToolbarButton\"]"}
COMMAND: POST /session/211f9bdef6c1513913dbaa9ec9077f8f/elements - {"using":"xpath","value":"//button[@data-kt=\"addNewRUOverflowToolbarButton\"]"}
RESULT: {"using":"xpath","value":"//button[@data-kt=\"addNewRUOverflowToolbarButton\"]"}
COMMAND: POST /session/211f9bdef6c1513913dbaa9ec9077f8f/elements - {"using":"xpath","value":"//button[@data-kt=\"addNewRUOverflowToolbarButton\"]"}
RESULT: {"using":"xpath","value":"//button[@data-kt=\"addNewRUOverflowToolbarButton\"]"}
COMMAND: POST /session/211f9bdef6c1513913dbaa9ec9077f8f/elements - {"using":"xpath","value":"//button[@data-kt=\"addNewRUOverflowToolbarButton\"]"}
RESULT: {"using":"xpath","value":"//button[@data-kt=\"addNewRUOverflowToolbarButton\"]"}
COMMAND: POST /session/211f9bdef6c1513913dbaa9ec9077f8f/element - {"using":"xpath","value":"//button[@data-kt=\"addNewRUOverflowToolbarButton\"]"}
RESULT: {"using":"xpath","value":"//button[@data-kt=\"addNewRUOverflowToolbarButton\"]"}
COMMAND: POST /session/211f9bdef6c1513913dbaa9ec9077f8f/execute/sync - {"script":"<script> [8489 bytes]","args":[{"element-6066-11e4-a52e-4f735466cecf":"f.4A28FC3DA4D00E0A660421E11FF23D1E.d.C6C8791D244355AFE4CFF8F5F87020CC.e.5766","ELEMENT":"f.4A28FC3DA4D00E0A660421E11FF23D1E.d.C6C8791D244355AFE4CFF8F5F87020CC.e.5766"}]}
RESULT: {"script":"<script> [8489 bytes]","args":[{"element-6066-11e4-a52e-4f735466cecf":"f.4A28FC3DA4D00E0A660421E11FF23D1E.d.C6C8791D244355AFE4CFF8F5F87020CC.e.5766","ELEMENT":"f.4A28FC3DA4D00E0A660421E11FF23D1E.d.C6C8791D244355AFE4CFF8F5F87020CC.e.5766"}]}
COMMAND: GET /session/211f9bdef6c1513913dbaa9ec9077f8f/element/f.4A28FC3DA4D00E0A660421E11FF23D1E.d.C6C8791D244355AFE4CFF8F5F87020CC.e.5766/enabled - {}
COMMAND: GET /session/211f9bdef6c1513913dbaa9ec9077f8f/screenshot - {}
RESULT: {}
COMMAND: POST /session/211f9bdef6c1513913dbaa9ec9077f8f/execute/sync - {"script":"<script> [8489 bytes]","args":[{"element-6066-11e4-a52e-4f735466cecf":"f.4A28FC3DA4D00E0A660421E11FF23D1E.d.C6C8791D244355AFE4CFF8F5F87020CC.e.5766","ELEMENT":"f.4A28FC3DA4D00E0A660421E11FF23D1E.d.C6C8791D244355AFE4CFF8F5F87020CC.e.5766"}]}
COMMAND: GET /session/211f9bdef6c1513913dbaa9ec9077f8f/screenshot - {}
RESULT: {}
RESULT: {"script":"<script> [8489 bytes]","args":[{"element-6066-11e4-a52e-4f735466cecf":"f.4A28FC3DA4D00E0A660421E11FF23D1E.d.C6C8791D244355AFE4CFF8F5F87020CC.e.5766","ELEMENT":"f.4A28FC3DA4D00E0A660421E11FF23D1E.d.C6C8791D244355AFE4CFF8F5F87020CC.e.5766"}]}
COMMAND: POST /session/211f9bdef6c1513913dbaa9ec9077f8f/execute/sync - {"script":"<script> [5351 bytes]","args":[{"element-6066-11e4-a52e-4f735466cecf":"f.4A28FC3DA4D00E0A660421E11FF23D1E.d.C6C8791D244355AFE4CFF8F5F87020CC.e.5766","ELEMENT":"f.4A28FC3DA4D00E0A660421E11FF23D1E.d.C6C8791D244355AFE4CFF8F5F87020CC.e.5766"}]}
COMMAND: GET /session/211f9bdef6c1513913dbaa9ec9077f8f/screenshot - {}
RESULT: {}
RESULT: {"script":"<script> [5351 bytes]","args":[{"element-6066-11e4-a52e-4f735466cecf":"f.4A28FC3DA4D00E0A660421E11FF23D1E.d.C6C8791D244355AFE4CFF8F5F87020CC.e.5766","ELEMENT":"f.4A28FC3DA4D00E0A660421E11FF23D1E.d.C6C8791D244355AFE4CFF8F5F87020CC.e.5766"}]}
COMMAND: POST /session/211f9bdef6c1513913dbaa9ec9077f8f/element/f.4A28FC3DA4D00E0A660421E11FF23D1E.d.C6C8791D244355AFE4CFF8F5F87020CC.e.5766/click - {}
COMMAND: GET /session/211f9bdef6c1513913dbaa9ec9077f8f/screenshot - {}
RESULT: {}
RESULT: {}
COMMAND: GET /session/211f9bdef6c1513913dbaa9ec9077f8f/screenshot - {}
RESULT: {}
RESULT: {}
COMMAND: POST /session/211f9bdef6c1513913dbaa9ec9077f8f/execute/async - {"script":"<script> [1562 bytes]","args":[{"selector":{"id":"application-manageresources-display-component---newResourceUnit--TYPE-arrow"},"wdio_ui5_key":"applicationmanageresources-display-component---newResourceUnit--TYPE-arrow"}]}
RESULT: {"script":"<script> [1562 bytes]","args":[{"selector":{"id":"application-manageresources-display-component---newResourceUnit--TYPE-arrow"},"wdio_ui5_key":"applicationmanageresources-display-component---newResourceUnit--TYPE-arrow"}]}
RESULT: undefined
COMMAND: POST /session/211f9bdef6c1513913dbaa9ec9077f8f/element - {"using":"xpath","value":"//*[@id=\"application-manageresources-display-component---newResourceUnit--TYPE-arrow\"]"}
RESULT: {"using":"xpath","value":"//*[@id=\"application-manageresources-display-component---newResourceUnit--TYPE-arrow\"]"}
COMMAND: POST /session/211f9bdef6c1513913dbaa9ec9077f8f/element/f.4A28FC3DA4D00E0A660421E11FF23D1E.d.C6C8791D244355AFE4CFF8F5F87020CC.e.6136/click - {}
RESULT: {}
COMMAND: POST /session/211f9bdef6c1513913dbaa9ec9077f8f/element - {"using":"xpath","value":"//input[@id=\"application-manageresources-display-component---newResourceUnit--TYPE-inner\"]"}
COMMAND: GET /session/211f9bdef6c1513913dbaa9ec9077f8f/screenshot - {}
RESULT: {"using":"xpath","value":"//input[@id=\"application-manageresources-display-component---newResourceUnit--TYPE-inner\"]"}
COMMAND: POST /session/211f9bdef6c1513913dbaa9ec9077f8f/element/f.4A28FC3DA4D00E0A660421E11FF23D1E.d.C6C8791D244355AFE4CFF8F5F87020CC.e.6115/clear - {}
RESULT: {}
RESULT: {}
COMMAND: POST /session/211f9bdef6c1513913dbaa9ec9077f8f/element/f.4A28FC3DA4D00E0A660421E11FF23D1E.d.C6C8791D244355AFE4CFF8F5F87020CC.e.6115/value - {"text":"Material"}
COMMAND: GET /session/211f9bdef6c1513913dbaa9ec9077f8f/screenshot - {}
RESULT: {"text":"Material"}
COMMAND: GET /session/211f9bdef6c1513913dbaa9ec9077f8f/screenshot - {}
RESULT: {}
RESULT: {}
COMMAND: POST /session/211f9bdef6c1513913dbaa9ec9077f8f/actions - {"actions":[{"id":"action19","type":"key","parameters":{},"actions":[{"type":"keyDown","value":"î€‡"},{"type":"pause","duration":10},{"type":"keyUp","value":"î€‡"}]}]}
RESULT: {"actions":[{"id":"action19","type":"key","parameters":{},"actions":[{"type":"keyDown","value":"î€‡"},{"type":"pause","duration":10},{"type":"keyUp","value":"î€‡"}]}]}
COMMAND: POST /session/211f9bdef6c1513913dbaa9ec9077f8f/execute/async - {"script":"<script> [1562 bytes]","args":[{"selector":{"id":"application-manageresources-display-component---newResourceUnit--SHORT_TEXT","interaction":{"idSuffix":"inner"}},"wdio_ui5_key":"applicationmanageresources-display-component---newResourceUnit--SHORT_TEXT"}]}
COMMAND: GET /session/211f9bdef6c1513913dbaa9ec9077f8f/screenshot - {}
RESULT: {"script":"<script> [1562 bytes]","args":[{"selector":{"id":"application-manageresources-display-component---newResourceUnit--SHORT_TEXT","interaction":{"idSuffix":"inner"}},"wdio_ui5_key":"applicationmanageresources-display-component---newResourceUnit--SHORT_TEXT"}]}
RESULT: undefined
COMMAND: POST /session/211f9bdef6c1513913dbaa9ec9077f8f/execute/async - {"script":"<script> [776 bytes]","args":[{"enterText":"Cement WDIO","selector":{"id":"application-manageresources-display-component---newResourceUnit--SHORT_TEXT","interaction":{"idSuffix":"inner"}},"clearTextFirst":true,"interactionType":"ENTER_TEXT"}]}
RESULT: {}
RESULT: {"script":"<script> [776 bytes]","args":[{"enterText":"Cement WDIO","selector":{"id":"application-manageresources-display-component---newResourceUnit--SHORT_TEXT","interaction":{"idSuffix":"inner"}},"clearTextFirst":true,"interactionType":"ENTER_TEXT"}]}
COMMAND: POST /session/211f9bdef6c1513913dbaa9ec9077f8f/execute/async - {"script":"<script> [1562 bytes]","args":[{"selector":{"id":"application-manageresources-display-component---newResourceUnit--BASE_UNIT_OF_MEASURE","interaction":{"idSuffix":"inner"}},"wdio_ui5_key":"applicationmanageresources-display-component---newResourceUnit--BASE_UNIT_OF_MEASURE"}]}
RESULT: {"script":"<script> [1562 bytes]","args":[{"selector":{"id":"application-manageresources-display-component---newResourceUnit--BASE_UNIT_OF_MEASURE","interaction":{"idSuffix":"inner"}},"wdio_ui5_key":"applicationmanageresources-display-component---newResourceUnit--BASE_UNIT_OF_MEASURE"}]}
RESULT: undefined
COMMAND: POST /session/211f9bdef6c1513913dbaa9ec9077f8f/execute/async - {"script":"<script> [776 bytes]","args":[{"enterText":"Piece","selector":{"id":"application-manageresources-display-component---newResourceUnit--BASE_UNIT_OF_MEASURE","interaction":{"idSuffix":"inner"}},"clearTextFirst":true,"interactionType":"ENTER_TEXT"}]}
RESULT: {"script":"<script> [776 bytes]","args":[{"enterText":"Piece","selector":{"id":"application-manageresources-display-component---newResourceUnit--BASE_UNIT_OF_MEASURE","interaction":{"idSuffix":"inner"}},"clearTextFirst":true,"interactionType":"ENTER_TEXT"}]}
COMMAND: POST /session/211f9bdef6c1513913dbaa9ec9077f8f/execute/async - {"script":"<script> [1562 bytes]","args":[{"selector":{"id":"application-manageresources-display-component---newResourceUnit--WEIGHT_UNIT","interaction":{"idSuffix":"inner"}},"wdio_ui5_key":"applicationmanageresources-display-component---newResourceUnit--WEIGHT_UNIT"}]}
RESULT: {"script":"<script> [1562 bytes]","args":[{"selector":{"id":"application-manageresources-display-component---newResourceUnit--WEIGHT_UNIT","interaction":{"idSuffix":"inner"}},"wdio_ui5_key":"applicationmanageresources-display-component---newResourceUnit--WEIGHT_UNIT"}]}
RESULT: undefined
COMMAND: POST /session/211f9bdef6c1513913dbaa9ec9077f8f/execute/async - {"script":"<script> [776 bytes]","args":[{"enterText":"Gram","selector":{"id":"application-manageresources-display-component---newResourceUnit--WEIGHT_UNIT","interaction":{"idSuffix":"inner"}},"clearTextFirst":true,"interactionType":"ENTER_TEXT"}]}
RESULT: {"script":"<script> [776 bytes]","args":[{"enterText":"Gram","selector":{"id":"application-manageresources-display-component---newResourceUnit--WEIGHT_UNIT","interaction":{"idSuffix":"inner"}},"clearTextFirst":true,"interactionType":"ENTER_TEXT"}]}
COMMAND: POST /session/211f9bdef6c1513913dbaa9ec9077f8f/execute/async - {"script":"<script> [1562 bytes]","args":[{"selector":{"id":"application-manageresources-display-component---newResourceUnit--DIMENSION_UNIT","interaction":{"idSuffix":"inner"}},"wdio_ui5_key":"applicationmanageresources-display-component---newResourceUnit--DIMENSION_UNIT"}]}
RESULT: {"script":"<script> [1562 bytes]","args":[{"selector":{"id":"application-manageresources-display-component---newResourceUnit--DIMENSION_UNIT","interaction":{"idSuffix":"inner"}},"wdio_ui5_key":"applicationmanageresources-display-component---newResourceUnit--DIMENSION_UNIT"}]}
RESULT: undefined
COMMAND: POST /session/211f9bdef6c1513913dbaa9ec9077f8f/execute/async - {"script":"<script> [776 bytes]","args":[{"enterText":"Meter","selector":{"id":"application-manageresources-display-component---newResourceUnit--DIMENSION_UNIT","interaction":{"idSuffix":"inner"}},"clearTextFirst":true,"interactionType":"ENTER_TEXT"}]}
RESULT: {"script":"<script> [776 bytes]","args":[{"enterText":"Meter","selector":{"id":"application-manageresources-display-component---newResourceUnit--DIMENSION_UNIT","interaction":{"idSuffix":"inner"}},"clearTextFirst":true,"interactionType":"ENTER_TEXT"}]}
COMMAND: POST /session/211f9bdef6c1513913dbaa9ec9077f8f/execute/async - {"script":"<script> [1562 bytes]","args":[{"selector":{"id":"application-manageresources-display-component---newResourceUnit--newRRUPage-anchBar-application-manageresources-display-component---newResourceUnit--control-anchor","interaction":{"idSuffix":"BDI-content"}},"wdio_ui5_key":"applicationmanageresources-display-component---newResourceUnit--newRRUPage-anchBar-application-manageresources-display-component---newResourceUnit--control-anchor"}]}
RESULT: {"script":"<script> [1562 bytes]","args":[{"selector":{"id":"application-manageresources-display-component---newResourceUnit--newRRUPage-anchBar-application-manageresources-display-component---newResourceUnit--control-anchor","interaction":{"idSuffix":"BDI-content"}},"wdio_ui5_key":"applicationmanageresources-display-component---newResourceUnit--newRRUPage-anchBar-application-manageresources-display-component---newResourceUnit--control-anchor"}]}
RESULT: undefined
COMMAND: POST /session/211f9bdef6c1513913dbaa9ec9077f8f/element - {"using":"xpath","value":"//*[@id=\"application-manageresources-display-component---newResourceUnit--newRRUPage-anchBar-application-manageresources-display-component---newResourceUnit--control-anchor\"]"}
RESULT: {"using":"xpath","value":"//*[@id=\"application-manageresources-display-component---newResourceUnit--newRRUPage-anchBar-application-manageresources-display-component---newResourceUnit--control-anchor\"]"}
COMMAND: POST /session/211f9bdef6c1513913dbaa9ec9077f8f/element/f.4A28FC3DA4D00E0A660421E11FF23D1E.d.C6C8791D244355AFE4CFF8F5F87020CC.e.6204/click - {}
RESULT: {}
COMMAND: POST /session/211f9bdef6c1513913dbaa9ec9077f8f/execute/async - {"script":"<script> [1562 bytes]","args":[{"selector":{"id":"application-manageresources-display-component---newResourceUnit--PLANNING_GROUP","interaction":{"idSuffix":"inner"}},"wdio_ui5_key":"applicationmanageresources-display-component---newResourceUnit--PLANNING_GROUP"}]}
COMMAND: GET /session/211f9bdef6c1513913dbaa9ec9077f8f/screenshot - {}
RESULT: {"script":"<script> [1562 bytes]","args":[{"selector":{"id":"application-manageresources-display-component---newResourceUnit--PLANNING_GROUP","interaction":{"idSuffix":"inner"}},"wdio_ui5_key":"applicationmanageresources-display-component---newResourceUnit--PLANNING_GROUP"}]}
RESULT: undefined
COMMAND: POST /session/211f9bdef6c1513913dbaa9ec9077f8f/execute/async - {"script":"<script> [776 bytes]","args":[{"enterText":"Material","selector":{"id":"application-manageresources-display-component---newResourceUnit--PLANNING_GROUP","interaction":{"idSuffix":"inner"}},"clearTextFirst":true,"interactionType":"ENTER_TEXT"}]}
RESULT: {}
RESULT: {"script":"<script> [776 bytes]","args":[{"enterText":"Material","selector":{"id":"application-manageresources-display-component---newResourceUnit--PLANNING_GROUP","interaction":{"idSuffix":"inner"}},"clearTextFirst":true,"interactionType":"ENTER_TEXT"}]}
COMMAND: POST /session/211f9bdef6c1513913dbaa9ec9077f8f/execute/async - {"script":"<script> [1562 bytes]","args":[{"selector":{"id":"application-manageresources-display-component---newResourceUnit--PLANNING_INDICATOR","interaction":{"idSuffix":"inner"}},"wdio_ui5_key":"applicationmanageresources-display-component---newResourceUnit--PLANNING_INDICATOR"}]}
RESULT: {"script":"<script> [1562 bytes]","args":[{"selector":{"id":"application-manageresources-display-component---newResourceUnit--PLANNING_INDICATOR","interaction":{"idSuffix":"inner"}},"wdio_ui5_key":"applicationmanageresources-display-component---newResourceUnit--PLANNING_INDICATOR"}]}
RESULT: undefined
COMMAND: POST /session/211f9bdef6c1513913dbaa9ec9077f8f/execute/async - {"script":"<script> [776 bytes]","args":[{"enterText":"10 - infinite","selector":{"id":"application-manageresources-display-component---newResourceUnit--PLANNING_INDICATOR","interaction":{"idSuffix":"inner"}},"clearTextFirst":true,"interactionType":"ENTER_TEXT"}]}
RESULT: {"script":"<script> [776 bytes]","args":[{"enterText":"10 - infinite","selector":{"id":"application-manageresources-display-component---newResourceUnit--PLANNING_INDICATOR","interaction":{"idSuffix":"inner"}},"clearTextFirst":true,"interactionType":"ENTER_TEXT"}]}
COMMAND: POST /session/211f9bdef6c1513913dbaa9ec9077f8f/element - {"using":"css selector","value":"#application-manageresources-display-component---newResourceUnit--btnAddTimeSegment"}
RESULT: {"using":"css selector","value":"#application-manageresources-display-component---newResourceUnit--btnAddTimeSegment"}
COMMAND: GET /session/211f9bdef6c1513913dbaa9ec9077f8f/element/f.4A28FC3DA4D00E0A660421E11FF23D1E.d.C6C8791D244355AFE4CFF8F5F87020CC.e.6212/rect - {}
RESULT: {}
COMMAND: GET /session/211f9bdef6c1513913dbaa9ec9077f8f/window/rect - {}
RESULT: {}
COMMAND: POST /session/211f9bdef6c1513913dbaa9ec9077f8f/execute/sync - {"script":"<script> [92 bytes]","args":[]}
RESULT: {"script":"<script> [92 bytes]","args":[]}
COMMAND: POST /session/211f9bdef6c1513913dbaa9ec9077f8f/actions - {"actions":[{"id":"action20","type":"wheel","parameters":{},"actions":[{"type":"scroll","x":-1888,"y":-32,"deltaX":0,"deltaY":0,"duration":0,"origin":{"element-6066-11e4-a52e-4f735466cecf":"f.4A28FC3DA4D00E0A660421E11FF23D1E.d.C6C8791D244355AFE4CFF8F5F87020CC.e.6212"}}]}]}
COMMAND: GET /session/211f9bdef6c1513913dbaa9ec9077f8f/screenshot - {}
RESULT: {}
COMMAND: POST /session/211f9bdef6c1513913dbaa9ec9077f8f/execute/sync - {"script":"<script> [79 bytes]","args":[{"element-6066-11e4-a52e-4f735466cecf":"f.4A28FC3DA4D00E0A660421E11FF23D1E.d.C6C8791D244355AFE4CFF8F5F87020CC.e.6212","ELEMENT":"f.4A28FC3DA4D00E0A660421E11FF23D1E.d.C6C8791D244355AFE4CFF8F5F87020CC.e.6212"},{"block":"start","inline":"nearest"}]}
RESULT: {"script":"<script> [79 bytes]","args":[{"element-6066-11e4-a52e-4f735466cecf":"f.4A28FC3DA4D00E0A660421E11FF23D1E.d.C6C8791D244355AFE4CFF8F5F87020CC.e.6212","ELEMENT":"f.4A28FC3DA4D00E0A660421E11FF23D1E.d.C6C8791D244355AFE4CFF8F5F87020CC.e.6212"},{"block":"start","inline":"nearest"}]}
COMMAND: POST /session/211f9bdef6c1513913dbaa9ec9077f8f/execute/async - {"script":"<script> [1562 bytes]","args":[{"selector":{"id":"application-manageresources-display-component---newResourceUnit--btnAddTimeSegment","interaction":{"idSuffix":"inner"}},"wdio_ui5_key":"applicationmanageresources-display-component---newResourceUnit--btnAddTimeSegment"}]}
COMMAND: GET /session/211f9bdef6c1513913dbaa9ec9077f8f/screenshot - {}
RESULT: {"script":"<script> [1562 bytes]","args":[{"selector":{"id":"application-manageresources-display-component---newResourceUnit--btnAddTimeSegment","interaction":{"idSuffix":"inner"}},"wdio_ui5_key":"applicationmanageresources-display-component---newResourceUnit--btnAddTimeSegment"}]}
RESULT: undefined
COMMAND: POST /session/211f9bdef6c1513913dbaa9ec9077f8f/element - {"using":"xpath","value":"//*[@id=\"application-manageresources-display-component---newResourceUnit--btnAddTimeSegment\"]"}
RESULT: {}
RESULT: {"using":"xpath","value":"//*[@id=\"application-manageresources-display-component---newResourceUnit--btnAddTimeSegment\"]"}
COMMAND: POST /session/211f9bdef6c1513913dbaa9ec9077f8f/element/f.4A28FC3DA4D00E0A660421E11FF23D1E.d.C6C8791D244355AFE4CFF8F5F87020CC.e.6212/click - {}
RESULT: {}
COMMAND: GET /session/211f9bdef6c1513913dbaa9ec9077f8f/screenshot - {}
RESULT: {}
COMMAND: POST /session/211f9bdef6c1513913dbaa9ec9077f8f/element - {"using":"xpath","value":"//input[@id=\"application-manageresources-display-component---newResourceUnit--idRuTSAdmin-application-manageresources-display-component---newResourceUnit--RUTimeSegment-0-inner\"]"}
RESULT: {"using":"xpath","value":"//input[@id=\"application-manageresources-display-component---newResourceUnit--idRuTSAdmin-application-manageresources-display-component---newResourceUnit--RUTimeSegment-0-inner\"]"}
COMMAND: POST /session/211f9bdef6c1513913dbaa9ec9077f8f/element/f.4A28FC3DA4D00E0A660421E11FF23D1E.d.C6C8791D244355AFE4CFF8F5F87020CC.e.6217/clear - {}
RESULT: {}
COMMAND: POST /session/211f9bdef6c1513913dbaa9ec9077f8f/element/f.4A28FC3DA4D00E0A660421E11FF23D1E.d.C6C8791D244355AFE4CFF8F5F87020CC.e.6217/value - {"text":"342"}
COMMAND: GET /session/211f9bdef6c1513913dbaa9ec9077f8f/screenshot - {}
RESULT: {"text":"342"}
COMMAND: GET /session/211f9bdef6c1513913dbaa9ec9077f8f/screenshot - {}
RESULT: {}
RESULT: {}
COMMAND: POST /session/211f9bdef6c1513913dbaa9ec9077f8f/element - {"using":"xpath","value":"//li[.//span[text()='342']]"}
RESULT: {"using":"xpath","value":"//li[.//span[text()='342']]"}
COMMAND: POST /session/211f9bdef6c1513913dbaa9ec9077f8f/element/f.4A28FC3DA4D00E0A660421E11FF23D1E.d.C6C8791D244355AFE4CFF8F5F87020CC.e.6225/click - {}
RESULT: {}
COMMAND: GET /session/211f9bdef6c1513913dbaa9ec9077f8f/screenshot - {}
RESULT: {}
COMMAND: POST /session/211f9bdef6c1513913dbaa9ec9077f8f/element - {"using":"xpath","value":"(//span[contains(@id, \"-application-manageresources-display-component---newResourceUnit--RUTimeSegment-0-arrow\")])[2]"}
RESULT: {"using":"xpath","value":"(//span[contains(@id, \"-application-manageresources-display-component---newResourceUnit--RUTimeSegment-0-arrow\")])[2]"}
COMMAND: POST /session/211f9bdef6c1513913dbaa9ec9077f8f/element/f.4A28FC3DA4D00E0A660421E11FF23D1E.d.C6C8791D244355AFE4CFF8F5F87020CC.e.6226/click - {}
RESULT: {}
COMMAND: POST /session/211f9bdef6c1513913dbaa9ec9077f8f/element - {"using":"xpath","value":"//span[contains(text(), \"PM Order\")]"}
COMMAND: GET /session/211f9bdef6c1513913dbaa9ec9077f8f/screenshot - {}
RESULT: {"using":"xpath","value":"//span[contains(text(), \"PM Order\")]"}
COMMAND: POST /session/211f9bdef6c1513913dbaa9ec9077f8f/element/f.4A28FC3DA4D00E0A660421E11FF23D1E.d.C6C8791D244355AFE4CFF8F5F87020CC.e.6227/click - {}
RESULT: {}
RESULT: {}
COMMAND: GET /session/211f9bdef6c1513913dbaa9ec9077f8f/screenshot - {}
RESULT: {}
COMMAND: POST /session/211f9bdef6c1513913dbaa9ec9077f8f/element - {"using":"xpath","value":"//td/div/div/div/span[contains(@id, \"newResourceUnit--RUTimeSegment-0-vhi\")][1]"}
RESULT: {"using":"xpath","value":"//td/div/div/div/span[contains(@id, \"newResourceUnit--RUTimeSegment-0-vhi\")][1]"}
COMMAND: GET /session/211f9bdef6c1513913dbaa9ec9077f8f/element/f.4A28FC3DA4D00E0A660421E11FF23D1E.d.C6C8791D244355AFE4CFF8F5F87020CC.e.6231/rect - {}
RESULT: {}
COMMAND: GET /session/211f9bdef6c1513913dbaa9ec9077f8f/window/rect - {}
RESULT: {}
COMMAND: POST /session/211f9bdef6c1513913dbaa9ec9077f8f/execute/sync - {"script":"<script> [92 bytes]","args":[]}
RESULT: {"script":"<script> [92 bytes]","args":[]}
COMMAND: POST /session/211f9bdef6c1513913dbaa9ec9077f8f/actions - {"actions":[{"id":"action21","type":"wheel","parameters":{},"actions":[{"type":"scroll","x":-1888,"y":-24,"deltaX":0,"deltaY":0,"duration":0,"origin":{"element-6066-11e4-a52e-4f735466cecf":"f.4A28FC3DA4D00E0A660421E11FF23D1E.d.C6C8791D244355AFE4CFF8F5F87020CC.e.6231"}}]}]}
COMMAND: GET /session/211f9bdef6c1513913dbaa9ec9077f8f/screenshot - {}
RESULT: {}
COMMAND: POST /session/211f9bdef6c1513913dbaa9ec9077f8f/execute/sync - {"script":"<script> [79 bytes]","args":[{"element-6066-11e4-a52e-4f735466cecf":"f.4A28FC3DA4D00E0A660421E11FF23D1E.d.C6C8791D244355AFE4CFF8F5F87020CC.e.6231","ELEMENT":"f.4A28FC3DA4D00E0A660421E11FF23D1E.d.C6C8791D244355AFE4CFF8F5F87020CC.e.6231"},{"block":"start","inline":"nearest"}]}
RESULT: {"script":"<script> [79 bytes]","args":[{"element-6066-11e4-a52e-4f735466cecf":"f.4A28FC3DA4D00E0A660421E11FF23D1E.d.C6C8791D244355AFE4CFF8F5F87020CC.e.6231","ELEMENT":"f.4A28FC3DA4D00E0A660421E11FF23D1E.d.C6C8791D244355AFE4CFF8F5F87020CC.e.6231"},{"block":"start","inline":"nearest"}]}
COMMAND: GET /session/211f9bdef6c1513913dbaa9ec9077f8f/screenshot - {}
RESULT: {}
COMMAND: POST /session/211f9bdef6c1513913dbaa9ec9077f8f/element/f.4A28FC3DA4D00E0A660421E11FF23D1E.d.C6C8791D244355AFE4CFF8F5F87020CC.e.6231/click - {}
RESULT: {}
COMMAND: GET /session/211f9bdef6c1513913dbaa9ec9077f8f/screenshot - {}
RESULT: {}
COMMAND: POST /session/211f9bdef6c1513913dbaa9ec9077f8f/execute/async - {"script":"<script> [1562 bytes]","args":[{"selector":{"controlType":"sap.m.SearchField","properties":{"placeholder":"Search"},"searchOpenDialogs":true,"interaction":{"idSuffix":"I"}},"wdio_ui5_key":"sapm.SearchField{\"placeholder\":\"Search\"}"}]}
RESULT: {"script":"<script> [1562 bytes]","args":[{"selector":{"controlType":"sap.m.SearchField","properties":{"placeholder":"Search"},"searchOpenDialogs":true,"interaction":{"idSuffix":"I"}},"wdio_ui5_key":"sapm.SearchField{\"placeholder\":\"Search\"}"}]}
RESULT: undefined
COMMAND: POST /session/211f9bdef6c1513913dbaa9ec9077f8f/execute/async - {"script":"<script> [776 bytes]","args":[{"enterText":"4000360","selector":{"controlType":"sap.m.SearchField","properties":{"placeholder":"Search"},"searchOpenDialogs":true,"interaction":{"idSuffix":"I"}},"clearTextFirst":true,"interactionType":"ENTER_TEXT"}]}
RESULT: {"script":"<script> [776 bytes]","args":[{"enterText":"4000360","selector":{"controlType":"sap.m.SearchField","properties":{"placeholder":"Search"},"searchOpenDialogs":true,"interaction":{"idSuffix":"I"}},"clearTextFirst":true,"interactionType":"ENTER_TEXT"}]}
COMMAND: POST /session/211f9bdef6c1513913dbaa9ec9077f8f/actions - {"actions":[{"id":"action22","type":"key","parameters":{},"actions":[{"type":"keyDown","value":"î€‡"},{"type":"pause","duration":10},{"type":"keyUp","value":"î€‡"}]}]}
RESULT: {"actions":[{"id":"action22","type":"key","parameters":{},"actions":[{"type":"keyDown","value":"î€‡"},{"type":"pause","duration":10},{"type":"keyUp","value":"î€‡"}]}]}
COMMAND: GET /session/211f9bdef6c1513913dbaa9ec9077f8f/screenshot - {}
RESULT: {}
COMMAND: POST /session/211f9bdef6c1513913dbaa9ec9077f8f/element - {"using":"xpath","value":"//td/div/span[contains(text(), \"BGL Vehicles\")]"}
RESULT: {"using":"xpath","value":"//td/div/span[contains(text(), \"BGL Vehicles\")]"}
COMMAND: POST /session/211f9bdef6c1513913dbaa9ec9077f8f/element/f.4A28FC3DA4D00E0A660421E11FF23D1E.d.C6C8791D244355AFE4CFF8F5F87020CC.e.6253/click - {}
RESULT: {}
COMMAND: GET /session/211f9bdef6c1513913dbaa9ec9077f8f/screenshot - {}
RESULT: {}
COMMAND: POST /session/211f9bdef6c1513913dbaa9ec9077f8f/element - {"using":"xpath","value":"//bdi[contains(text(), \"OK\")]"}
RESULT: {"using":"xpath","value":"//bdi[contains(text(), \"OK\")]"}
COMMAND: POST /session/211f9bdef6c1513913dbaa9ec9077f8f/element/f.4A28FC3DA4D00E0A660421E11FF23D1E.d.C6C8791D244355AFE4CFF8F5F87020CC.e.6254/click - {}
RESULT: {}
COMMAND: GET /session/211f9bdef6c1513913dbaa9ec9077f8f/screenshot - {}
RESULT: {}
COMMAND: POST /session/211f9bdef6c1513913dbaa9ec9077f8f/element - {"using":"xpath","value":"//button[@data-kt=\"resourceUnitSaveButton\"]"}
RESULT: {"using":"xpath","value":"//button[@data-kt=\"resourceUnitSaveButton\"]"}
COMMAND: POST /session/211f9bdef6c1513913dbaa9ec9077f8f/element/f.4A28FC3DA4D00E0A660421E11FF23D1E.d.C6C8791D244355AFE4CFF8F5F87020CC.e.6155/click - {}
RESULT: {}
COMMAND: GET /session/211f9bdef6c1513913dbaa9ec9077f8f/screenshot - {}
RESULT: {}
COMMAND: POST /session/211f9bdef6c1513913dbaa9ec9077f8f/element - {"using":"xpath","value":"//bdi[contains(text(), \"Close\")]"}
RESULT: {"using":"xpath","value":"//bdi[contains(text(), \"Close\")]"}
COMMAND: POST /session/211f9bdef6c1513913dbaa9ec9077f8f/element/f.4A28FC3DA4D00E0A660421E11FF23D1E.d.C6C8791D244355AFE4CFF8F5F87020CC.e.6260/click - {}
RESULT: {}
COMMAND: GET /session/211f9bdef6c1513913dbaa9ec9077f8f/screenshot - {}
RESULT: {}
COMMAND: POST /session/211f9bdef6c1513913dbaa9ec9077f8f/element - {"using":"xpath","value":"//header[contains(@id, 'detailRruPage-headerTitle')]/div[1]/div[2]/div[2]/span[1]"}
RESULT: {"using":"xpath","value":"//header[contains(@id, 'detailRruPage-headerTitle')]/div[1]/div[2]/div[2]/span[1]"}
COMMAND: POST /session/211f9bdef6c1513913dbaa9ec9077f8f/elements - {"using":"xpath","value":"//header[contains(@id, 'detailRruPage-headerTitle')]/div[1]/div[2]/div[2]/span[1]"}
RESULT: {"using":"xpath","value":"//header[contains(@id, 'detailRruPage-headerTitle')]/div[1]/div[2]/div[2]/span[1]"}
COMMAND: POST /session/211f9bdef6c1513913dbaa9ec9077f8f/execute/sync - {"script":"<script> [56 bytes]","args":[{"element-6066-11e4-a52e-4f735466cecf":"f.4A28FC3DA4D00E0A660421E11FF23D1E.d.C6C8791D244355AFE4CFF8F5F87020CC.e.6287","ELEMENT":"f.4A28FC3DA4D00E0A660421E11FF23D1E.d.C6C8791D244355AFE4CFF8F5F87020CC.e.6287"}]}
RESULT: {"script":"<script> [56 bytes]","args":[{"element-6066-11e4-a52e-4f735466cecf":"f.4A28FC3DA4D00E0A660421E11FF23D1E.d.C6C8791D244355AFE4CFF8F5F87020CC.e.6287","ELEMENT":"f.4A28FC3DA4D00E0A660421E11FF23D1E.d.C6C8791D244355AFE4CFF8F5F87020CC.e.6287"}]}
COMMAND: GET /session/211f9bdef6c1513913dbaa9ec9077f8f/screenshot - {}
]]></system-out>
    </testcase>
    <testcase classname="chrome.135_0_7049_96.windows.US134625_Set_up_price_condition_-_one_time" name="Should create new pricing rule one time" time="56.59">
      <system-out><![CDATA[
COMMAND: POST /session/211f9bdef6c1513913dbaa9ec9077f8f/element - {"using":"xpath","value":"(//button[contains(@id ,\"actionsToolbar-overflowButton\")])[1]"}
RESULT: {}
RESULT: {"using":"xpath","value":"(//button[contains(@id ,\"actionsToolbar-overflowButton\")])[1]"}
COMMAND: POST /session/211f9bdef6c1513913dbaa9ec9077f8f/element/f.4A28FC3DA4D00E0A660421E11FF23D1E.d.C6C8791D244355AFE4CFF8F5F87020CC.e.6290/click - {}
RESULT: {}
COMMAND: GET /session/211f9bdef6c1513913dbaa9ec9077f8f/screenshot - {}
RESULT: {}
COMMAND: POST /session/211f9bdef6c1513913dbaa9ec9077f8f/element - {"using":"xpath","value":"//button[@data-kt=\"priceInfoButton\"]"}
RESULT: {"using":"xpath","value":"//button[@data-kt=\"priceInfoButton\"]"}
COMMAND: POST /session/211f9bdef6c1513913dbaa9ec9077f8f/element/f.4A28FC3DA4D00E0A660421E11FF23D1E.d.C6C8791D244355AFE4CFF8F5F87020CC.e.6292/click - {}
RESULT: {}
COMMAND: GET /session/211f9bdef6c1513913dbaa9ec9077f8f/screenshot - {}
RESULT: {}
COMMAND: POST /session/211f9bdef6c1513913dbaa9ec9077f8f/element - {"using":"xpath","value":"//button[@data-kt=\"addButton\"]"}
RESULT: {"using":"xpath","value":"//button[@data-kt=\"addButton\"]"}
COMMAND: POST /session/211f9bdef6c1513913dbaa9ec9077f8f/elements - {"using":"xpath","value":"//button[@data-kt=\"addButton\"]"}
RESULT: {"using":"xpath","value":"//button[@data-kt=\"addButton\"]"}
COMMAND: POST /session/211f9bdef6c1513913dbaa9ec9077f8f/elements - {"using":"xpath","value":"//button[@data-kt=\"addButton\"]"}
RESULT: {"using":"xpath","value":"//button[@data-kt=\"addButton\"]"}
COMMAND: POST /session/211f9bdef6c1513913dbaa9ec9077f8f/element - {"using":"xpath","value":"//button[@data-kt=\"addButton\"]"}
RESULT: {"using":"xpath","value":"//button[@data-kt=\"addButton\"]"}
COMMAND: POST /session/211f9bdef6c1513913dbaa9ec9077f8f/execute/sync - {"script":"<script> [8489 bytes]","args":[{"element-6066-11e4-a52e-4f735466cecf":"f.4A28FC3DA4D00E0A660421E11FF23D1E.d.C6C8791D244355AFE4CFF8F5F87020CC.e.6328","ELEMENT":"f.4A28FC3DA4D00E0A660421E11FF23D1E.d.C6C8791D244355AFE4CFF8F5F87020CC.e.6328"}]}
RESULT: {"script":"<script> [8489 bytes]","args":[{"element-6066-11e4-a52e-4f735466cecf":"f.4A28FC3DA4D00E0A660421E11FF23D1E.d.C6C8791D244355AFE4CFF8F5F87020CC.e.6328","ELEMENT":"f.4A28FC3DA4D00E0A660421E11FF23D1E.d.C6C8791D244355AFE4CFF8F5F87020CC.e.6328"}]}
COMMAND: GET /session/211f9bdef6c1513913dbaa9ec9077f8f/element/f.4A28FC3DA4D00E0A660421E11FF23D1E.d.C6C8791D244355AFE4CFF8F5F87020CC.e.6328/enabled - {}
COMMAND: GET /session/211f9bdef6c1513913dbaa9ec9077f8f/screenshot - {}
RESULT: {}
COMMAND: POST /session/211f9bdef6c1513913dbaa9ec9077f8f/execute/sync - {"script":"<script> [8489 bytes]","args":[{"element-6066-11e4-a52e-4f735466cecf":"f.4A28FC3DA4D00E0A660421E11FF23D1E.d.C6C8791D244355AFE4CFF8F5F87020CC.e.6328","ELEMENT":"f.4A28FC3DA4D00E0A660421E11FF23D1E.d.C6C8791D244355AFE4CFF8F5F87020CC.e.6328"}]}
COMMAND: GET /session/211f9bdef6c1513913dbaa9ec9077f8f/screenshot - {}
RESULT: {}
RESULT: {"script":"<script> [8489 bytes]","args":[{"element-6066-11e4-a52e-4f735466cecf":"f.4A28FC3DA4D00E0A660421E11FF23D1E.d.C6C8791D244355AFE4CFF8F5F87020CC.e.6328","ELEMENT":"f.4A28FC3DA4D00E0A660421E11FF23D1E.d.C6C8791D244355AFE4CFF8F5F87020CC.e.6328"}]}
COMMAND: POST /session/211f9bdef6c1513913dbaa9ec9077f8f/execute/sync - {"script":"<script> [5351 bytes]","args":[{"element-6066-11e4-a52e-4f735466cecf":"f.4A28FC3DA4D00E0A660421E11FF23D1E.d.C6C8791D244355AFE4CFF8F5F87020CC.e.6328","ELEMENT":"f.4A28FC3DA4D00E0A660421E11FF23D1E.d.C6C8791D244355AFE4CFF8F5F87020CC.e.6328"}]}
COMMAND: GET /session/211f9bdef6c1513913dbaa9ec9077f8f/screenshot - {}
RESULT: {}
RESULT: {"script":"<script> [5351 bytes]","args":[{"element-6066-11e4-a52e-4f735466cecf":"f.4A28FC3DA4D00E0A660421E11FF23D1E.d.C6C8791D244355AFE4CFF8F5F87020CC.e.6328","ELEMENT":"f.4A28FC3DA4D00E0A660421E11FF23D1E.d.C6C8791D244355AFE4CFF8F5F87020CC.e.6328"}]}
COMMAND: POST /session/211f9bdef6c1513913dbaa9ec9077f8f/element/f.4A28FC3DA4D00E0A660421E11FF23D1E.d.C6C8791D244355AFE4CFF8F5F87020CC.e.6328/click - {}
COMMAND: GET /session/211f9bdef6c1513913dbaa9ec9077f8f/screenshot - {}
RESULT: {}
RESULT: {}
COMMAND: GET /session/211f9bdef6c1513913dbaa9ec9077f8f/screenshot - {}
RESULT: {}
RESULT: {}
COMMAND: POST /session/211f9bdef6c1513913dbaa9ec9077f8f/execute/async - {"script":"<script> [1562 bytes]","args":[{"selector":{"controlType":"sap.m.Title","viewName":"etm.portal.ui.managepricingrules.view.NewItem","viewId":"application-managepricingrules-display-component---newInfoPriceItem","properties":{"text":"New Pricing Rules - Item Level"}},"wdio_ui5_key":"etmportal.ui.managepricingrules.view.NewItemsap.m.Title{\"text\":\"New Pricing Rules - Item Level\"}"}]}
RESULT: {"script":"<script> [1562 bytes]","args":[{"selector":{"controlType":"sap.m.Title","viewName":"etm.portal.ui.managepricingrules.view.NewItem","viewId":"application-managepricingrules-display-component---newInfoPriceItem","properties":{"text":"New Pricing Rules - Item Level"}},"wdio_ui5_key":"etmportal.ui.managepricingrules.view.NewItemsap.m.Title{\"text\":\"New Pricing Rules - Item Level\"}"}]}
RESULT: undefined
COMMAND: POST /session/211f9bdef6c1513913dbaa9ec9077f8f/execute/async - {"script":"<script> [6424 bytes]","args":[{"element-6066-11e4-a52e-4f735466cecf":"f.4A28FC3DA4D00E0A660421E11FF23D1E.d.C6C8791D244355AFE4CFF8F5F87020CC.e.6498"},"getText",[]]}
RESULT: {"script":"<script> [6424 bytes]","args":[{"element-6066-11e4-a52e-4f735466cecf":"f.4A28FC3DA4D00E0A660421E11FF23D1E.d.C6C8791D244355AFE4CFF8F5F87020CC.e.6498"},"getText",[]]}
COMMAND: POST /session/211f9bdef6c1513913dbaa9ec9077f8f/execute/async - {"script":"<script> [1562 bytes]","args":[{"selector":{"id":"application-managepricingrules-display-component---newInfoPriceItem--condValidTo","interaction":{"idSuffix":"inner"}},"wdio_ui5_key":"applicationmanagepricingrules-display-component---newInfoPriceItem--condValidTo"}]}
RESULT: {"script":"<script> [1562 bytes]","args":[{"selector":{"id":"application-managepricingrules-display-component---newInfoPriceItem--condValidTo","interaction":{"idSuffix":"inner"}},"wdio_ui5_key":"applicationmanagepricingrules-display-component---newInfoPriceItem--condValidTo"}]}
RESULT: undefined
COMMAND: POST /session/211f9bdef6c1513913dbaa9ec9077f8f/execute/async - {"script":"<script> [776 bytes]","args":[{"enterText":"12/28/25","selector":{"id":"application-managepricingrules-display-component---newInfoPriceItem--condValidTo","interaction":{"idSuffix":"inner"}},"clearTextFirst":true,"interactionType":"ENTER_TEXT"}]}
RESULT: {"script":"<script> [776 bytes]","args":[{"enterText":"12/28/25","selector":{"id":"application-managepricingrules-display-component---newInfoPriceItem--condValidTo","interaction":{"idSuffix":"inner"}},"clearTextFirst":true,"interactionType":"ENTER_TEXT"}]}
COMMAND: POST /session/211f9bdef6c1513913dbaa9ec9077f8f/execute/async - {"script":"<script> [1562 bytes]","args":[{"selector":{"id":"application-managepricingrules-display-component---newInfoPriceItem--billType-arrow"},"wdio_ui5_key":"applicationmanagepricingrules-display-component---newInfoPriceItem--billType-arrow"}]}
RESULT: {"script":"<script> [1562 bytes]","args":[{"selector":{"id":"application-managepricingrules-display-component---newInfoPriceItem--billType-arrow"},"wdio_ui5_key":"applicationmanagepricingrules-display-component---newInfoPriceItem--billType-arrow"}]}
RESULT: undefined
COMMAND: POST /session/211f9bdef6c1513913dbaa9ec9077f8f/element - {"using":"xpath","value":"//*[@id=\"application-managepricingrules-display-component---newInfoPriceItem--billType-arrow\"]"}
RESULT: {"using":"xpath","value":"//*[@id=\"application-managepricingrules-display-component---newInfoPriceItem--billType-arrow\"]"}
COMMAND: POST /session/211f9bdef6c1513913dbaa9ec9077f8f/element/f.4A28FC3DA4D00E0A660421E11FF23D1E.d.C6C8791D244355AFE4CFF8F5F87020CC.e.6458/click - {}
RESULT: {}
COMMAND: POST /session/211f9bdef6c1513913dbaa9ec9077f8f/element - {"using":"xpath","value":"//span[contains(text(), \"OT - Sales (one-time)\")]"}
COMMAND: GET /session/211f9bdef6c1513913dbaa9ec9077f8f/screenshot - {}
RESULT: {"using":"xpath","value":"//span[contains(text(), \"OT - Sales (one-time)\")]"}
COMMAND: POST /session/211f9bdef6c1513913dbaa9ec9077f8f/element/f.4A28FC3DA4D00E0A660421E11FF23D1E.d.C6C8791D244355AFE4CFF8F5F87020CC.e.6500/click - {}
RESULT: {}
RESULT: {}
COMMAND: POST /session/211f9bdef6c1513913dbaa9ec9077f8f/execute/async - {"script":"<script> [1562 bytes]","args":[{"selector":{"id":"application-managepricingrules-display-component---newInfoPriceItem--priceProc-arrow"},"wdio_ui5_key":"applicationmanagepricingrules-display-component---newInfoPriceItem--priceProc-arrow"}]}
COMMAND: GET /session/211f9bdef6c1513913dbaa9ec9077f8f/screenshot - {}
RESULT: {"script":"<script> [1562 bytes]","args":[{"selector":{"id":"application-managepricingrules-display-component---newInfoPriceItem--priceProc-arrow"},"wdio_ui5_key":"applicationmanagepricingrules-display-component---newInfoPriceItem--priceProc-arrow"}]}
RESULT: undefined
COMMAND: POST /session/211f9bdef6c1513913dbaa9ec9077f8f/element - {"using":"xpath","value":"//*[@id=\"application-managepricingrules-display-component---newInfoPriceItem--priceProc-arrow\"]"}
RESULT: {}
RESULT: {"using":"xpath","value":"//*[@id=\"application-managepricingrules-display-component---newInfoPriceItem--priceProc-arrow\"]"}
COMMAND: POST /session/211f9bdef6c1513913dbaa9ec9077f8f/element/f.4A28FC3DA4D00E0A660421E11FF23D1E.d.C6C8791D244355AFE4CFF8F5F87020CC.e.6465/click - {}
RESULT: {}
COMMAND: POST /session/211f9bdef6c1513913dbaa9ec9077f8f/element - {"using":"xpath","value":"//span[contains(text(), \"MAT - Material\")]"}
COMMAND: GET /session/211f9bdef6c1513913dbaa9ec9077f8f/screenshot - {}
RESULT: {"using":"xpath","value":"//span[contains(text(), \"MAT - Material\")]"}
COMMAND: POST /session/211f9bdef6c1513913dbaa9ec9077f8f/element/f.4A28FC3DA4D00E0A660421E11FF23D1E.d.C6C8791D244355AFE4CFF8F5F87020CC.e.6501/click - {}
RESULT: {}
RESULT: {}
COMMAND: POST /session/211f9bdef6c1513913dbaa9ec9077f8f/execute/async - {"script":"<script> [1562 bytes]","args":[{"selector":{"id":"application-managepricingrules-display-component---newInfoPriceItem--calcBase-arrow"},"wdio_ui5_key":"applicationmanagepricingrules-display-component---newInfoPriceItem--calcBase-arrow"}]}
COMMAND: GET /session/211f9bdef6c1513913dbaa9ec9077f8f/screenshot - {}
RESULT: {"script":"<script> [1562 bytes]","args":[{"selector":{"id":"application-managepricingrules-display-component---newInfoPriceItem--calcBase-arrow"},"wdio_ui5_key":"applicationmanagepricingrules-display-component---newInfoPriceItem--calcBase-arrow"}]}
RESULT: undefined
COMMAND: POST /session/211f9bdef6c1513913dbaa9ec9077f8f/element - {"using":"xpath","value":"//*[@id=\"application-managepricingrules-display-component---newInfoPriceItem--calcBase-arrow\"]"}
RESULT: {}
RESULT: {"using":"xpath","value":"//*[@id=\"application-managepricingrules-display-component---newInfoPriceItem--calcBase-arrow\"]"}
COMMAND: POST /session/211f9bdef6c1513913dbaa9ec9077f8f/element/f.4A28FC3DA4D00E0A660421E11FF23D1E.d.C6C8791D244355AFE4CFF8F5F87020CC.e.6472/click - {}
RESULT: {}
COMMAND: GET /session/211f9bdef6c1513913dbaa9ec9077f8f/screenshot - {}
RESULT: {}
COMMAND: POST /session/211f9bdef6c1513913dbaa9ec9077f8f/element - {"using":"xpath","value":"//span[contains(text(), \"0001 - TB(exact month + cal_days)\")]"}
RESULT: {"using":"xpath","value":"//span[contains(text(), \"0001 - TB(exact month + cal_days)\")]"}
COMMAND: POST /session/211f9bdef6c1513913dbaa9ec9077f8f/element/f.4A28FC3DA4D00E0A660421E11FF23D1E.d.C6C8791D244355AFE4CFF8F5F87020CC.e.6502/click - {}
RESULT: {}
COMMAND: GET /session/211f9bdef6c1513913dbaa9ec9077f8f/screenshot - {}
RESULT: {}
COMMAND: POST /session/211f9bdef6c1513913dbaa9ec9077f8f/element - {"using":"xpath","value":"//button[@data-kt=\"saveNewRuleButton\"]"}
RESULT: {"using":"xpath","value":"//button[@data-kt=\"saveNewRuleButton\"]"}
COMMAND: POST /session/211f9bdef6c1513913dbaa9ec9077f8f/element/f.4A28FC3DA4D00E0A660421E11FF23D1E.d.C6C8791D244355AFE4CFF8F5F87020CC.e.6492/click - {}
RESULT: {}
COMMAND: GET /session/211f9bdef6c1513913dbaa9ec9077f8f/screenshot - {}
RESULT: {}
COMMAND: POST /session/211f9bdef6c1513913dbaa9ec9077f8f/execute/async - {"script":"<script> [1562 bytes]","args":[{"selector":{"id":"application-managepricingrules-display-component---priceInfoItem--smartFilterBar-btnBasicSearch","interaction":{"idSuffix":"I"}},"wdio_ui5_key":"applicationmanagepricingrules-display-component---priceInfoItem--smartFilterBar-btnBasicSearch"}]}
RESULT: {"script":"<script> [1562 bytes]","args":[{"selector":{"id":"application-managepricingrules-display-component---priceInfoItem--smartFilterBar-btnBasicSearch","interaction":{"idSuffix":"I"}},"wdio_ui5_key":"applicationmanagepricingrules-display-component---priceInfoItem--smartFilterBar-btnBasicSearch"}]}
RESULT: undefined
COMMAND: POST /session/211f9bdef6c1513913dbaa9ec9077f8f/execute/async - {"script":"<script> [776 bytes]","args":[{"enterText":"200167","selector":{"id":"application-managepricingrules-display-component---priceInfoItem--smartFilterBar-btnBasicSearch","interaction":{"idSuffix":"I"}},"clearTextFirst":true,"interactionType":"ENTER_TEXT"}]}
RESULT: {"script":"<script> [776 bytes]","args":[{"enterText":"200167","selector":{"id":"application-managepricingrules-display-component---priceInfoItem--smartFilterBar-btnBasicSearch","interaction":{"idSuffix":"I"}},"clearTextFirst":true,"interactionType":"ENTER_TEXT"}]}
COMMAND: POST /session/211f9bdef6c1513913dbaa9ec9077f8f/actions - {"actions":[{"id":"action23","type":"key","parameters":{},"actions":[{"type":"keyDown","value":"î€‡"},{"type":"pause","duration":10},{"type":"keyUp","value":"î€‡"}]}]}
RESULT: {"actions":[{"id":"action23","type":"key","parameters":{},"actions":[{"type":"keyDown","value":"î€‡"},{"type":"pause","duration":10},{"type":"keyUp","value":"î€‡"}]}]}
COMMAND: GET /session/211f9bdef6c1513913dbaa9ec9077f8f/screenshot - {}
RESULT: {}
COMMAND: POST /session/211f9bdef6c1513913dbaa9ec9077f8f/element - {"using":"xpath","value":"//span[@id=\"application-managepricingrules-display-component---priceInfoItem--smartTable-header-inner\"]"}
RESULT: {"using":"xpath","value":"//span[@id=\"application-managepricingrules-display-component---priceInfoItem--smartTable-header-inner\"]"}
COMMAND: POST /session/211f9bdef6c1513913dbaa9ec9077f8f/elements - {"using":"xpath","value":"//span[@id=\"application-managepricingrules-display-component---priceInfoItem--smartTable-header-inner\"]"}
RESULT: {"using":"xpath","value":"//span[@id=\"application-managepricingrules-display-component---priceInfoItem--smartTable-header-inner\"]"}
COMMAND: POST /session/211f9bdef6c1513913dbaa9ec9077f8f/execute/sync - {"script":"<script> [56 bytes]","args":[{"element-6066-11e4-a52e-4f735466cecf":"f.4A28FC3DA4D00E0A660421E11FF23D1E.d.C6C8791D244355AFE4CFF8F5F87020CC.e.6515","ELEMENT":"f.4A28FC3DA4D00E0A660421E11FF23D1E.d.C6C8791D244355AFE4CFF8F5F87020CC.e.6515"}]}
RESULT: {"script":"<script> [56 bytes]","args":[{"element-6066-11e4-a52e-4f735466cecf":"f.4A28FC3DA4D00E0A660421E11FF23D1E.d.C6C8791D244355AFE4CFF8F5F87020CC.e.6515","ELEMENT":"f.4A28FC3DA4D00E0A660421E11FF23D1E.d.C6C8791D244355AFE4CFF8F5F87020CC.e.6515"}]}
COMMAND: POST /session/211f9bdef6c1513913dbaa9ec9077f8f/element - {"using":"css selector","value":"#shell-header-logo"}
COMMAND: GET /session/211f9bdef6c1513913dbaa9ec9077f8f/screenshot - {}
RESULT: {"using":"css selector","value":"#shell-header-logo"}
COMMAND: POST /session/211f9bdef6c1513913dbaa9ec9077f8f/element/f.4A28FC3DA4D00E0A660421E11FF23D1E.d.C6C8791D244355AFE4CFF8F5F87020CC.e.5736/click - {}
RESULT: {}
RESULT: {}
COMMAND: GET /session/211f9bdef6c1513913dbaa9ec9077f8f/screenshot - {}
RESULT: {}
]]></system-out>
    </testcase>
    <testcase classname="chrome.135_0_7049_96.windows.US134625_Set_up_price_condition_-_one_time" name="Should create new condition one time" time="64.014">
      <system-out><![CDATA[
COMMAND: POST /session/211f9bdef6c1513913dbaa9ec9077f8f/execute/async - {"script":"<script> [1562 bytes]","args":[{"selector":{"controlType":"sap.m.Text","properties":{"text":"Manage Conditions & Prices"},"interaction":{"idSuffix":"inner"}},"wdio_ui5_key":"sapm.Text{\"text\":\"Manage Conditions & Prices\"}"}]}
RESULT: {"script":"<script> [1562 bytes]","args":[{"selector":{"controlType":"sap.m.Text","properties":{"text":"Manage Conditions & Prices"},"interaction":{"idSuffix":"inner"}},"wdio_ui5_key":"sapm.Text{\"text\":\"Manage Conditions & Prices\"}"}]}
RESULT: undefined
COMMAND: POST /session/211f9bdef6c1513913dbaa9ec9077f8f/element - {"using":"xpath","value":"//*[@id=\"__tile53-title\"]"}
RESULT: {"using":"xpath","value":"//*[@id=\"__tile53-title\"]"}
COMMAND: POST /session/211f9bdef6c1513913dbaa9ec9077f8f/element/f.4A28FC3DA4D00E0A660421E11FF23D1E.d.C6C8791D244355AFE4CFF8F5F87020CC.e.6518/click - {}
RESULT: {}
COMMAND: POST /session/211f9bdef6c1513913dbaa9ec9077f8f/element - {"using":"xpath","value":"//button[@aria-label=\"Create\"]"}
COMMAND: GET /session/211f9bdef6c1513913dbaa9ec9077f8f/screenshot - {}
RESULT: {"using":"xpath","value":"//button[@aria-label=\"Create\"]"}
COMMAND: POST /session/211f9bdef6c1513913dbaa9ec9077f8f/elements - {"using":"xpath","value":"//button[@aria-label=\"Create\"]"}
RESULT: {}
RESULT: {"using":"xpath","value":"//button[@aria-label=\"Create\"]"}
COMMAND: POST /session/211f9bdef6c1513913dbaa9ec9077f8f/elements - {"using":"xpath","value":"//button[@aria-label=\"Create\"]"}
RESULT: {"using":"xpath","value":"//button[@aria-label=\"Create\"]"}
COMMAND: POST /session/211f9bdef6c1513913dbaa9ec9077f8f/elements - {"using":"xpath","value":"//button[@aria-label=\"Create\"]"}
RESULT: {"using":"xpath","value":"//button[@aria-label=\"Create\"]"}
COMMAND: POST /session/211f9bdef6c1513913dbaa9ec9077f8f/elements - {"using":"xpath","value":"//button[@aria-label=\"Create\"]"}
RESULT: {"using":"xpath","value":"//button[@aria-label=\"Create\"]"}
COMMAND: POST /session/211f9bdef6c1513913dbaa9ec9077f8f/elements - {"using":"xpath","value":"//button[@aria-label=\"Create\"]"}
RESULT: {"using":"xpath","value":"//button[@aria-label=\"Create\"]"}
COMMAND: POST /session/211f9bdef6c1513913dbaa9ec9077f8f/elements - {"using":"xpath","value":"//button[@aria-label=\"Create\"]"}
RESULT: {"using":"xpath","value":"//button[@aria-label=\"Create\"]"}
COMMAND: POST /session/211f9bdef6c1513913dbaa9ec9077f8f/elements - {"using":"xpath","value":"//button[@aria-label=\"Create\"]"}
RESULT: {"using":"xpath","value":"//button[@aria-label=\"Create\"]"}
COMMAND: POST /session/211f9bdef6c1513913dbaa9ec9077f8f/elements - {"using":"xpath","value":"//button[@aria-label=\"Create\"]"}
RESULT: {"using":"xpath","value":"//button[@aria-label=\"Create\"]"}
COMMAND: POST /session/211f9bdef6c1513913dbaa9ec9077f8f/elements - {"using":"xpath","value":"//button[@aria-label=\"Create\"]"}
RESULT: {"using":"xpath","value":"//button[@aria-label=\"Create\"]"}
COMMAND: POST /session/211f9bdef6c1513913dbaa9ec9077f8f/elements - {"using":"xpath","value":"//button[@aria-label=\"Create\"]"}
RESULT: {"using":"xpath","value":"//button[@aria-label=\"Create\"]"}
COMMAND: POST /session/211f9bdef6c1513913dbaa9ec9077f8f/elements - {"using":"xpath","value":"//button[@aria-label=\"Create\"]"}
RESULT: {"using":"xpath","value":"//button[@aria-label=\"Create\"]"}
COMMAND: POST /session/211f9bdef6c1513913dbaa9ec9077f8f/elements - {"using":"xpath","value":"//button[@aria-label=\"Create\"]"}
RESULT: {"using":"xpath","value":"//button[@aria-label=\"Create\"]"}
COMMAND: POST /session/211f9bdef6c1513913dbaa9ec9077f8f/elements - {"using":"xpath","value":"//button[@aria-label=\"Create\"]"}
RESULT: {"using":"xpath","value":"//button[@aria-label=\"Create\"]"}
COMMAND: POST /session/211f9bdef6c1513913dbaa9ec9077f8f/elements - {"using":"xpath","value":"//button[@aria-label=\"Create\"]"}
RESULT: {"using":"xpath","value":"//button[@aria-label=\"Create\"]"}
COMMAND: POST /session/211f9bdef6c1513913dbaa9ec9077f8f/element - {"using":"xpath","value":"//button[@aria-label=\"Create\"]"}
RESULT: {"using":"xpath","value":"//button[@aria-label=\"Create\"]"}
COMMAND: POST /session/211f9bdef6c1513913dbaa9ec9077f8f/execute/sync - {"script":"<script> [8489 bytes]","args":[{"element-6066-11e4-a52e-4f735466cecf":"f.4A28FC3DA4D00E0A660421E11FF23D1E.d.C6C8791D244355AFE4CFF8F5F87020CC.e.6552","ELEMENT":"f.4A28FC3DA4D00E0A660421E11FF23D1E.d.C6C8791D244355AFE4CFF8F5F87020CC.e.6552"}]}
RESULT: {"script":"<script> [8489 bytes]","args":[{"element-6066-11e4-a52e-4f735466cecf":"f.4A28FC3DA4D00E0A660421E11FF23D1E.d.C6C8791D244355AFE4CFF8F5F87020CC.e.6552","ELEMENT":"f.4A28FC3DA4D00E0A660421E11FF23D1E.d.C6C8791D244355AFE4CFF8F5F87020CC.e.6552"}]}
COMMAND: GET /session/211f9bdef6c1513913dbaa9ec9077f8f/element/f.4A28FC3DA4D00E0A660421E11FF23D1E.d.C6C8791D244355AFE4CFF8F5F87020CC.e.6552/enabled - {}
COMMAND: GET /session/211f9bdef6c1513913dbaa9ec9077f8f/screenshot - {}
RESULT: {}
COMMAND: POST /session/211f9bdef6c1513913dbaa9ec9077f8f/execute/sync - {"script":"<script> [8489 bytes]","args":[{"element-6066-11e4-a52e-4f735466cecf":"f.4A28FC3DA4D00E0A660421E11FF23D1E.d.C6C8791D244355AFE4CFF8F5F87020CC.e.6552","ELEMENT":"f.4A28FC3DA4D00E0A660421E11FF23D1E.d.C6C8791D244355AFE4CFF8F5F87020CC.e.6552"}]}
COMMAND: GET /session/211f9bdef6c1513913dbaa9ec9077f8f/screenshot - {}
RESULT: {}
RESULT: {"script":"<script> [8489 bytes]","args":[{"element-6066-11e4-a52e-4f735466cecf":"f.4A28FC3DA4D00E0A660421E11FF23D1E.d.C6C8791D244355AFE4CFF8F5F87020CC.e.6552","ELEMENT":"f.4A28FC3DA4D00E0A660421E11FF23D1E.d.C6C8791D244355AFE4CFF8F5F87020CC.e.6552"}]}
COMMAND: POST /session/211f9bdef6c1513913dbaa9ec9077f8f/execute/sync - {"script":"<script> [5351 bytes]","args":[{"element-6066-11e4-a52e-4f735466cecf":"f.4A28FC3DA4D00E0A660421E11FF23D1E.d.C6C8791D244355AFE4CFF8F5F87020CC.e.6552","ELEMENT":"f.4A28FC3DA4D00E0A660421E11FF23D1E.d.C6C8791D244355AFE4CFF8F5F87020CC.e.6552"}]}
COMMAND: GET /session/211f9bdef6c1513913dbaa9ec9077f8f/screenshot - {}
RESULT: {}
RESULT: {"script":"<script> [5351 bytes]","args":[{"element-6066-11e4-a52e-4f735466cecf":"f.4A28FC3DA4D00E0A660421E11FF23D1E.d.C6C8791D244355AFE4CFF8F5F87020CC.e.6552","ELEMENT":"f.4A28FC3DA4D00E0A660421E11FF23D1E.d.C6C8791D244355AFE4CFF8F5F87020CC.e.6552"}]}
COMMAND: POST /session/211f9bdef6c1513913dbaa9ec9077f8f/element/f.4A28FC3DA4D00E0A660421E11FF23D1E.d.C6C8791D244355AFE4CFF8F5F87020CC.e.6552/click - {}
COMMAND: GET /session/211f9bdef6c1513913dbaa9ec9077f8f/screenshot - {}
RESULT: {}
RESULT: {}
COMMAND: GET /session/211f9bdef6c1513913dbaa9ec9077f8f/screenshot - {}
RESULT: {}
RESULT: {}
COMMAND: POST /session/211f9bdef6c1513913dbaa9ec9077f8f/actions - {"actions":[{"id":"action24","type":"key","parameters":{},"actions":[{"type":"keyDown","value":"î€‡"},{"type":"pause","duration":10},{"type":"keyUp","value":"î€‡"}]}]}
RESULT: {"actions":[{"id":"action24","type":"key","parameters":{},"actions":[{"type":"keyDown","value":"î€‡"},{"type":"pause","duration":10},{"type":"keyUp","value":"î€‡"}]}]}
COMMAND: GET /session/211f9bdef6c1513913dbaa9ec9077f8f/screenshot - {}
RESULT: {}
COMMAND: POST /session/211f9bdef6c1513913dbaa9ec9077f8f/execute/async - {"script":"<script> [1562 bytes]","args":[{"selector":{"id":"application-manageconditionprice-display-component---newCondition--condBillCond-arrow"},"wdio_ui5_key":"applicationmanageconditionprice-display-component---newCondition--condBillCond-arrow"}]}
RESULT: {"script":"<script> [1562 bytes]","args":[{"selector":{"id":"application-manageconditionprice-display-component---newCondition--condBillCond-arrow"},"wdio_ui5_key":"applicationmanageconditionprice-display-component---newCondition--condBillCond-arrow"}]}
RESULT: undefined
COMMAND: POST /session/211f9bdef6c1513913dbaa9ec9077f8f/element - {"using":"xpath","value":"//*[@id=\"application-manageconditionprice-display-component---newCondition--condBillCond-arrow\"]"}
RESULT: {"using":"xpath","value":"//*[@id=\"application-manageconditionprice-display-component---newCondition--condBillCond-arrow\"]"}
COMMAND: POST /session/211f9bdef6c1513913dbaa9ec9077f8f/element/f.4A28FC3DA4D00E0A660421E11FF23D1E.d.C6C8791D244355AFE4CFF8F5F87020CC.e.6729/click - {}
RESULT: {}
COMMAND: GET /session/211f9bdef6c1513913dbaa9ec9077f8f/screenshot - {}
RESULT: {}
COMMAND: POST /session/211f9bdef6c1513913dbaa9ec9077f8f/element - {"using":"xpath","value":"//li[.//span[contains(text(), \"SAPR - Sales price\")]]"}
RESULT: {"using":"xpath","value":"//li[.//span[contains(text(), \"SAPR - Sales price\")]]"}
COMMAND: POST /session/211f9bdef6c1513913dbaa9ec9077f8f/element/f.4A28FC3DA4D00E0A660421E11FF23D1E.d.C6C8791D244355AFE4CFF8F5F87020CC.e.6732/click - {}
RESULT: {}
COMMAND: GET /session/211f9bdef6c1513913dbaa9ec9077f8f/screenshot - {}
RESULT: {}
COMMAND: POST /session/211f9bdef6c1513913dbaa9ec9077f8f/execute/async - {"script":"<script> [1562 bytes]","args":[{"selector":{"id":"application-manageconditionprice-display-component---newCondition--condValidTo","interaction":{"idSuffix":"inner"}},"wdio_ui5_key":"applicationmanageconditionprice-display-component---newCondition--condValidTo"}]}
RESULT: {"script":"<script> [1562 bytes]","args":[{"selector":{"id":"application-manageconditionprice-display-component---newCondition--condValidTo","interaction":{"idSuffix":"inner"}},"wdio_ui5_key":"applicationmanageconditionprice-display-component---newCondition--condValidTo"}]}
RESULT: undefined
COMMAND: POST /session/211f9bdef6c1513913dbaa9ec9077f8f/execute/async - {"script":"<script> [776 bytes]","args":[{"enterText":"12/28/25","selector":{"id":"application-manageconditionprice-display-component---newCondition--condValidTo","interaction":{"idSuffix":"inner"}},"clearTextFirst":true,"interactionType":"ENTER_TEXT"}]}
RESULT: {"script":"<script> [776 bytes]","args":[{"enterText":"12/28/25","selector":{"id":"application-manageconditionprice-display-component---newCondition--condValidTo","interaction":{"idSuffix":"inner"}},"clearTextFirst":true,"interactionType":"ENTER_TEXT"}]}
COMMAND: POST /session/211f9bdef6c1513913dbaa9ec9077f8f/element - {"using":"xpath","value":"//input[@id=\"application-manageconditionprice-display-component---newCondition--condRU-inner\"]"}
RESULT: {"using":"xpath","value":"//input[@id=\"application-manageconditionprice-display-component---newCondition--condRU-inner\"]"}
COMMAND: POST /session/211f9bdef6c1513913dbaa9ec9077f8f/element/f.4A28FC3DA4D00E0A660421E11FF23D1E.d.C6C8791D244355AFE4CFF8F5F87020CC.e.6594/clear - {}
RESULT: {}
COMMAND: POST /session/211f9bdef6c1513913dbaa9ec9077f8f/element/f.4A28FC3DA4D00E0A660421E11FF23D1E.d.C6C8791D244355AFE4CFF8F5F87020CC.e.6594/value - {"text":"200167"}
COMMAND: GET /session/211f9bdef6c1513913dbaa9ec9077f8f/screenshot - {}
RESULT: {"text":"200167"}
COMMAND: GET /session/211f9bdef6c1513913dbaa9ec9077f8f/screenshot - {}
RESULT: {}
RESULT: {}
COMMAND: POST /session/211f9bdef6c1513913dbaa9ec9077f8f/actions - {"actions":[{"id":"action25","type":"key","parameters":{},"actions":[{"type":"keyDown","value":"î€‡"},{"type":"pause","duration":10},{"type":"keyUp","value":"î€‡"}]}]}
RESULT: {"actions":[{"id":"action25","type":"key","parameters":{},"actions":[{"type":"keyDown","value":"î€‡"},{"type":"pause","duration":10},{"type":"keyUp","value":"î€‡"}]}]}
COMMAND: POST /session/211f9bdef6c1513913dbaa9ec9077f8f/execute/async - {"script":"<script> [1562 bytes]","args":[{"selector":{"id":"application-manageconditionprice-display-component---newCondition--condBaseQty","interaction":{"idSuffix":"inner"}},"wdio_ui5_key":"applicationmanageconditionprice-display-component---newCondition--condBaseQty"}]}
COMMAND: GET /session/211f9bdef6c1513913dbaa9ec9077f8f/screenshot - {}
RESULT: {"script":"<script> [1562 bytes]","args":[{"selector":{"id":"application-manageconditionprice-display-component---newCondition--condBaseQty","interaction":{"idSuffix":"inner"}},"wdio_ui5_key":"applicationmanageconditionprice-display-component---newCondition--condBaseQty"}]}
RESULT: undefined
COMMAND: POST /session/211f9bdef6c1513913dbaa9ec9077f8f/execute/async - {"script":"<script> [776 bytes]","args":[{"enterText":"1","selector":{"id":"application-manageconditionprice-display-component---newCondition--condBaseQty","interaction":{"idSuffix":"inner"}},"clearTextFirst":true,"interactionType":"ENTER_TEXT"}]}
RESULT: {}
RESULT: {"script":"<script> [776 bytes]","args":[{"enterText":"1","selector":{"id":"application-manageconditionprice-display-component---newCondition--condBaseQty","interaction":{"idSuffix":"inner"}},"clearTextFirst":true,"interactionType":"ENTER_TEXT"}]}
COMMAND: POST /session/211f9bdef6c1513913dbaa9ec9077f8f/execute/async - {"script":"<script> [1562 bytes]","args":[{"selector":{"id":"application-manageconditionprice-display-component---newCondition--condValue","interaction":{"idSuffix":"inner"}},"wdio_ui5_key":"applicationmanageconditionprice-display-component---newCondition--condValue"}]}
RESULT: {"script":"<script> [1562 bytes]","args":[{"selector":{"id":"application-manageconditionprice-display-component---newCondition--condValue","interaction":{"idSuffix":"inner"}},"wdio_ui5_key":"applicationmanageconditionprice-display-component---newCondition--condValue"}]}
RESULT: undefined
COMMAND: POST /session/211f9bdef6c1513913dbaa9ec9077f8f/execute/async - {"script":"<script> [776 bytes]","args":[{"enterText":"100.00","selector":{"id":"application-manageconditionprice-display-component---newCondition--condValue","interaction":{"idSuffix":"inner"}},"clearTextFirst":true,"interactionType":"ENTER_TEXT"}]}
RESULT: {"script":"<script> [776 bytes]","args":[{"enterText":"100.00","selector":{"id":"application-manageconditionprice-display-component---newCondition--condValue","interaction":{"idSuffix":"inner"}},"clearTextFirst":true,"interactionType":"ENTER_TEXT"}]}
COMMAND: POST /session/211f9bdef6c1513913dbaa9ec9077f8f/execute/async - {"script":"<script> [1562 bytes]","args":[{"selector":{"id":"application-manageconditionprice-display-component---newCondition--condCurr-arrow"},"wdio_ui5_key":"applicationmanageconditionprice-display-component---newCondition--condCurr-arrow"}]}
RESULT: {"script":"<script> [1562 bytes]","args":[{"selector":{"id":"application-manageconditionprice-display-component---newCondition--condCurr-arrow"},"wdio_ui5_key":"applicationmanageconditionprice-display-component---newCondition--condCurr-arrow"}]}
RESULT: undefined
COMMAND: POST /session/211f9bdef6c1513913dbaa9ec9077f8f/element - {"using":"xpath","value":"//*[@id=\"application-manageconditionprice-display-component---newCondition--condCurr-arrow\"]"}
RESULT: {"using":"xpath","value":"//*[@id=\"application-manageconditionprice-display-component---newCondition--condCurr-arrow\"]"}
COMMAND: POST /session/211f9bdef6c1513913dbaa9ec9077f8f/element/f.4A28FC3DA4D00E0A660421E11FF23D1E.d.C6C8791D244355AFE4CFF8F5F87020CC.e.6710/click - {}
RESULT: {}
COMMAND: POST /session/211f9bdef6c1513913dbaa9ec9077f8f/element - {"using":"xpath","value":"//span[contains(text(), \"Euro\")]"}
COMMAND: GET /session/211f9bdef6c1513913dbaa9ec9077f8f/screenshot - {}
RESULT: {"using":"xpath","value":"//span[contains(text(), \"Euro\")]"}
COMMAND: POST /session/211f9bdef6c1513913dbaa9ec9077f8f/element/f.4A28FC3DA4D00E0A660421E11FF23D1E.d.C6C8791D244355AFE4CFF8F5F87020CC.e.6770/click - {}
RESULT: {}
RESULT: {}
COMMAND: POST /session/211f9bdef6c1513913dbaa9ec9077f8f/element - {"using":"xpath","value":"//button[@data-kt=\"saveButton\"]"}
COMMAND: GET /session/211f9bdef6c1513913dbaa9ec9077f8f/screenshot - {}
RESULT: {"using":"xpath","value":"//button[@data-kt=\"saveButton\"]"}
COMMAND: POST /session/211f9bdef6c1513913dbaa9ec9077f8f/element/f.4A28FC3DA4D00E0A660421E11FF23D1E.d.C6C8791D244355AFE4CFF8F5F87020CC.e.6711/click - {}
RESULT: {}
RESULT: {}
COMMAND: GET /session/211f9bdef6c1513913dbaa9ec9077f8f/screenshot - {}
RESULT: {}
COMMAND: POST /session/211f9bdef6c1513913dbaa9ec9077f8f/execute/async - {"script":"<script> [1562 bytes]","args":[{"selector":{"id":"application-manageconditionprice-display-component---conditions--smartFilterBar-btnBasicSearch","interaction":{"idSuffix":"I"}},"wdio_ui5_key":"applicationmanageconditionprice-display-component---conditions--smartFilterBar-btnBasicSearch"}]}
RESULT: {"script":"<script> [1562 bytes]","args":[{"selector":{"id":"application-manageconditionprice-display-component---conditions--smartFilterBar-btnBasicSearch","interaction":{"idSuffix":"I"}},"wdio_ui5_key":"applicationmanageconditionprice-display-component---conditions--smartFilterBar-btnBasicSearch"}]}
RESULT: undefined
COMMAND: POST /session/211f9bdef6c1513913dbaa9ec9077f8f/execute/async - {"script":"<script> [776 bytes]","args":[{"enterText":"200167","selector":{"id":"application-manageconditionprice-display-component---conditions--smartFilterBar-btnBasicSearch","interaction":{"idSuffix":"I"}},"clearTextFirst":true,"interactionType":"ENTER_TEXT"}]}
RESULT: {"script":"<script> [776 bytes]","args":[{"enterText":"200167","selector":{"id":"application-manageconditionprice-display-component---conditions--smartFilterBar-btnBasicSearch","interaction":{"idSuffix":"I"}},"clearTextFirst":true,"interactionType":"ENTER_TEXT"}]}
COMMAND: POST /session/211f9bdef6c1513913dbaa9ec9077f8f/actions - {"actions":[{"id":"action26","type":"key","parameters":{},"actions":[{"type":"keyDown","value":"î€‡"},{"type":"pause","duration":10},{"type":"keyUp","value":"î€‡"}]}]}
RESULT: {"actions":[{"id":"action26","type":"key","parameters":{},"actions":[{"type":"keyDown","value":"î€‡"},{"type":"pause","duration":10},{"type":"keyUp","value":"î€‡"}]}]}
COMMAND: GET /session/211f9bdef6c1513913dbaa9ec9077f8f/screenshot - {}
RESULT: {}
COMMAND: POST /session/211f9bdef6c1513913dbaa9ec9077f8f/execute/async - {"script":"<script> [1562 bytes]","args":[{"selector":{"id":"application-manageconditionprice-display-component---conditions--smartFilterBar-filterItemControl_BASIC-BILL_TYPES-vhi"},"wdio_ui5_key":"applicationmanageconditionprice-display-component---conditions--smartFilterBar-filterItemControl_BASIC-BILL_TYPES-vhi"}]}
RESULT: {"script":"<script> [1562 bytes]","args":[{"selector":{"id":"application-manageconditionprice-display-component---conditions--smartFilterBar-filterItemControl_BASIC-BILL_TYPES-vhi"},"wdio_ui5_key":"applicationmanageconditionprice-display-component---conditions--smartFilterBar-filterItemControl_BASIC-BILL_TYPES-vhi"}]}
RESULT: undefined
COMMAND: POST /session/211f9bdef6c1513913dbaa9ec9077f8f/element - {"using":"xpath","value":"//*[@id=\"application-manageconditionprice-display-component---conditions--smartFilterBar-filterItemControl_BASIC-BILL_TYPES-vhi\"]"}
RESULT: {"using":"xpath","value":"//*[@id=\"application-manageconditionprice-display-component---conditions--smartFilterBar-filterItemControl_BASIC-BILL_TYPES-vhi\"]"}
COMMAND: POST /session/211f9bdef6c1513913dbaa9ec9077f8f/element/f.4A28FC3DA4D00E0A660421E11FF23D1E.d.C6C8791D244355AFE4CFF8F5F87020CC.e.6786/click - {}
RESULT: {}
COMMAND: POST /session/211f9bdef6c1513913dbaa9ec9077f8f/execute/async - {"script":"<script> [1562 bytes]","args":[{"selector":{"id":"application-manageconditionprice-display-component---conditions--smartFilterBar-filterItemControl_BASIC-BILL_TYPES-valueHelpDialog-smartFilterBar-btnBasicSearch","searchOpenDialogs":true,"interaction":{"idSuffix":"I"}},"wdio_ui5_key":"applicationmanageconditionprice-display-component---conditions--smartFilterBar-filterItemControl_BASIC-BILL_TYPES-valueHelpDialog-smartFilterBar-btnBasicSearch"}]}
COMMAND: GET /session/211f9bdef6c1513913dbaa9ec9077f8f/screenshot - {}
RESULT: {"script":"<script> [1562 bytes]","args":[{"selector":{"id":"application-manageconditionprice-display-component---conditions--smartFilterBar-filterItemControl_BASIC-BILL_TYPES-valueHelpDialog-smartFilterBar-btnBasicSearch","searchOpenDialogs":true,"interaction":{"idSuffix":"I"}},"wdio_ui5_key":"applicationmanageconditionprice-display-component---conditions--smartFilterBar-filterItemControl_BASIC-BILL_TYPES-valueHelpDialog-smartFilterBar-btnBasicSearch"}]}
RESULT: undefined
COMMAND: POST /session/211f9bdef6c1513913dbaa9ec9077f8f/execute/async - {"script":"<script> [776 bytes]","args":[{"enterText":"one","selector":{"id":"application-manageconditionprice-display-component---conditions--smartFilterBar-filterItemControl_BASIC-BILL_TYPES-valueHelpDialog-smartFilterBar-btnBasicSearch","searchOpenDialogs":true,"interaction":{"idSuffix":"I"}},"clearTextFirst":true,"interactionType":"ENTER_TEXT"}]}
RESULT: {}
RESULT: {"script":"<script> [776 bytes]","args":[{"enterText":"one","selector":{"id":"application-manageconditionprice-display-component---conditions--smartFilterBar-filterItemControl_BASIC-BILL_TYPES-valueHelpDialog-smartFilterBar-btnBasicSearch","searchOpenDialogs":true,"interaction":{"idSuffix":"I"}},"clearTextFirst":true,"interactionType":"ENTER_TEXT"}]}
COMMAND: POST /session/211f9bdef6c1513913dbaa9ec9077f8f/actions - {"actions":[{"id":"action27","type":"key","parameters":{},"actions":[{"type":"keyDown","value":"î€‡"},{"type":"pause","duration":10},{"type":"keyUp","value":"î€‡"}]}]}
RESULT: {"actions":[{"id":"action27","type":"key","parameters":{},"actions":[{"type":"keyDown","value":"î€‡"},{"type":"pause","duration":10},{"type":"keyUp","value":"î€‡"}]}]}
COMMAND: GET /session/211f9bdef6c1513913dbaa9ec9077f8f/screenshot - {}
RESULT: {}
COMMAND: POST /session/211f9bdef6c1513913dbaa9ec9077f8f/element - {"using":"xpath","value":"//div[contains(@id, 'application-manageconditionprice-display-component---conditions--smartFilterBar-filterItemControl_BASIC-BILL_TYPES-valueHelpDialog-table-rowsel0')]"}
RESULT: {"using":"xpath","value":"//div[contains(@id, 'application-manageconditionprice-display-component---conditions--smartFilterBar-filterItemControl_BASIC-BILL_TYPES-valueHelpDialog-table-rowsel0')]"}
COMMAND: POST /session/211f9bdef6c1513913dbaa9ec9077f8f/element/f.4A28FC3DA4D00E0A660421E11FF23D1E.d.C6C8791D244355AFE4CFF8F5F87020CC.e.6795/click - {}
RESULT: {}
COMMAND: GET /session/211f9bdef6c1513913dbaa9ec9077f8f/screenshot - {}
RESULT: {}
COMMAND: POST /session/211f9bdef6c1513913dbaa9ec9077f8f/element - {"using":"xpath","value":"//bdi[contains(text(), \"OK\")]"}
RESULT: {"using":"xpath","value":"//bdi[contains(text(), \"OK\")]"}
COMMAND: POST /session/211f9bdef6c1513913dbaa9ec9077f8f/element/f.4A28FC3DA4D00E0A660421E11FF23D1E.d.C6C8791D244355AFE4CFF8F5F87020CC.e.6797/click - {}
RESULT: {}
COMMAND: GET /session/211f9bdef6c1513913dbaa9ec9077f8f/screenshot - {}
RESULT: {}
COMMAND: POST /session/211f9bdef6c1513913dbaa9ec9077f8f/element - {"using":"xpath","value":"//span[@id=\"application-manageconditionprice-display-component---conditions--smartTable-header-inner\"]"}
RESULT: {"using":"xpath","value":"//span[@id=\"application-manageconditionprice-display-component---conditions--smartTable-header-inner\"]"}
COMMAND: POST /session/211f9bdef6c1513913dbaa9ec9077f8f/elements - {"using":"xpath","value":"//span[@id=\"application-manageconditionprice-display-component---conditions--smartTable-header-inner\"]"}
RESULT: {"using":"xpath","value":"//span[@id=\"application-manageconditionprice-display-component---conditions--smartTable-header-inner\"]"}
COMMAND: POST /session/211f9bdef6c1513913dbaa9ec9077f8f/execute/sync - {"script":"<script> [56 bytes]","args":[{"element-6066-11e4-a52e-4f735466cecf":"f.4A28FC3DA4D00E0A660421E11FF23D1E.d.C6C8791D244355AFE4CFF8F5F87020CC.e.6800","ELEMENT":"f.4A28FC3DA4D00E0A660421E11FF23D1E.d.C6C8791D244355AFE4CFF8F5F87020CC.e.6800"}]}
RESULT: {"script":"<script> [56 bytes]","args":[{"element-6066-11e4-a52e-4f735466cecf":"f.4A28FC3DA4D00E0A660421E11FF23D1E.d.C6C8791D244355AFE4CFF8F5F87020CC.e.6800","ELEMENT":"f.4A28FC3DA4D00E0A660421E11FF23D1E.d.C6C8791D244355AFE4CFF8F5F87020CC.e.6800"}]}
COMMAND: POST /session/211f9bdef6c1513913dbaa9ec9077f8f/element - {"using":"css selector","value":"#shell-header-logo"}
COMMAND: GET /session/211f9bdef6c1513913dbaa9ec9077f8f/screenshot - {}
RESULT: {"using":"css selector","value":"#shell-header-logo"}
COMMAND: POST /session/211f9bdef6c1513913dbaa9ec9077f8f/element/f.4A28FC3DA4D00E0A660421E11FF23D1E.d.C6C8791D244355AFE4CFF8F5F87020CC.e.6520/click - {}
RESULT: {}
RESULT: {}
COMMAND: GET /session/211f9bdef6c1513913dbaa9ec9077f8f/screenshot - {}
RESULT: {}
]]></system-out>
    </testcase>
    <testcase classname="chrome.135_0_7049_96.windows.US134625_Set_up_price_condition_-_one_time" name="Should create a new contract" time="56.24">
      <system-out><![CDATA[
COMMAND: POST /session/211f9bdef6c1513913dbaa9ec9077f8f/execute/async - {"script":"<script> [1562 bytes]","args":[{"selector":{"controlType":"sap.m.Text","viewName":"etm.portal.ui.managecontractstile.view.Master","properties":{"text":"Manage Contracts"},"interaction":{"idSuffix":"inner"}},"wdio_ui5_key":"etmportal.ui.managecontractstile.view.Mastersap.m.Text{\"text\":\"Manage Contracts\"}"}]}
RESULT: {"script":"<script> [1562 bytes]","args":[{"selector":{"controlType":"sap.m.Text","viewName":"etm.portal.ui.managecontractstile.view.Master","properties":{"text":"Manage Contracts"},"interaction":{"idSuffix":"inner"}},"wdio_ui5_key":"etmportal.ui.managecontractstile.view.Mastersap.m.Text{\"text\":\"Manage Contracts\"}"}]}
RESULT: undefined
COMMAND: POST /session/211f9bdef6c1513913dbaa9ec9077f8f/element - {"using":"xpath","value":"//*[@id=\"__tile130-title\"]"}
RESULT: {"using":"xpath","value":"//*[@id=\"__tile130-title\"]"}
COMMAND: POST /session/211f9bdef6c1513913dbaa9ec9077f8f/element/f.4A28FC3DA4D00E0A660421E11FF23D1E.d.C6C8791D244355AFE4CFF8F5F87020CC.e.6805/click - {}
RESULT: {}
COMMAND: GET /session/211f9bdef6c1513913dbaa9ec9077f8f/screenshot - {}
RESULT: {}
COMMAND: POST /session/211f9bdef6c1513913dbaa9ec9077f8f/element - {"using":"xpath","value":"//button[@data-kt=\"addButton\"]"}
RESULT: {"using":"xpath","value":"//button[@data-kt=\"addButton\"]"}
COMMAND: POST /session/211f9bdef6c1513913dbaa9ec9077f8f/elements - {"using":"xpath","value":"//button[@data-kt=\"addButton\"]"}
RESULT: {"using":"xpath","value":"//button[@data-kt=\"addButton\"]"}
COMMAND: POST /session/211f9bdef6c1513913dbaa9ec9077f8f/elements - {"using":"xpath","value":"//button[@data-kt=\"addButton\"]"}
RESULT: {"using":"xpath","value":"//button[@data-kt=\"addButton\"]"}
COMMAND: POST /session/211f9bdef6c1513913dbaa9ec9077f8f/elements - {"using":"xpath","value":"//button[@data-kt=\"addButton\"]"}
RESULT: {"using":"xpath","value":"//button[@data-kt=\"addButton\"]"}
COMMAND: POST /session/211f9bdef6c1513913dbaa9ec9077f8f/elements - {"using":"xpath","value":"//button[@data-kt=\"addButton\"]"}
RESULT: {"using":"xpath","value":"//button[@data-kt=\"addButton\"]"}
COMMAND: POST /session/211f9bdef6c1513913dbaa9ec9077f8f/element - {"using":"xpath","value":"//button[@data-kt=\"addButton\"]"}
RESULT: {"using":"xpath","value":"//button[@data-kt=\"addButton\"]"}
COMMAND: POST /session/211f9bdef6c1513913dbaa9ec9077f8f/execute/sync - {"script":"<script> [8489 bytes]","args":[{"element-6066-11e4-a52e-4f735466cecf":"f.4A28FC3DA4D00E0A660421E11FF23D1E.d.C6C8791D244355AFE4CFF8F5F87020CC.e.6847","ELEMENT":"f.4A28FC3DA4D00E0A660421E11FF23D1E.d.C6C8791D244355AFE4CFF8F5F87020CC.e.6847"}]}
RESULT: {"script":"<script> [8489 bytes]","args":[{"element-6066-11e4-a52e-4f735466cecf":"f.4A28FC3DA4D00E0A660421E11FF23D1E.d.C6C8791D244355AFE4CFF8F5F87020CC.e.6847","ELEMENT":"f.4A28FC3DA4D00E0A660421E11FF23D1E.d.C6C8791D244355AFE4CFF8F5F87020CC.e.6847"}]}
COMMAND: GET /session/211f9bdef6c1513913dbaa9ec9077f8f/element/f.4A28FC3DA4D00E0A660421E11FF23D1E.d.C6C8791D244355AFE4CFF8F5F87020CC.e.6847/enabled - {}
COMMAND: GET /session/211f9bdef6c1513913dbaa9ec9077f8f/screenshot - {}
RESULT: {}
COMMAND: POST /session/211f9bdef6c1513913dbaa9ec9077f8f/execute/sync - {"script":"<script> [8489 bytes]","args":[{"element-6066-11e4-a52e-4f735466cecf":"f.4A28FC3DA4D00E0A660421E11FF23D1E.d.C6C8791D244355AFE4CFF8F5F87020CC.e.6847","ELEMENT":"f.4A28FC3DA4D00E0A660421E11FF23D1E.d.C6C8791D244355AFE4CFF8F5F87020CC.e.6847"}]}
COMMAND: GET /session/211f9bdef6c1513913dbaa9ec9077f8f/screenshot - {}
RESULT: {}
RESULT: {"script":"<script> [8489 bytes]","args":[{"element-6066-11e4-a52e-4f735466cecf":"f.4A28FC3DA4D00E0A660421E11FF23D1E.d.C6C8791D244355AFE4CFF8F5F87020CC.e.6847","ELEMENT":"f.4A28FC3DA4D00E0A660421E11FF23D1E.d.C6C8791D244355AFE4CFF8F5F87020CC.e.6847"}]}
COMMAND: POST /session/211f9bdef6c1513913dbaa9ec9077f8f/execute/sync - {"script":"<script> [5351 bytes]","args":[{"element-6066-11e4-a52e-4f735466cecf":"f.4A28FC3DA4D00E0A660421E11FF23D1E.d.C6C8791D244355AFE4CFF8F5F87020CC.e.6847","ELEMENT":"f.4A28FC3DA4D00E0A660421E11FF23D1E.d.C6C8791D244355AFE4CFF8F5F87020CC.e.6847"}]}
COMMAND: GET /session/211f9bdef6c1513913dbaa9ec9077f8f/screenshot - {}
RESULT: {}
RESULT: {"script":"<script> [5351 bytes]","args":[{"element-6066-11e4-a52e-4f735466cecf":"f.4A28FC3DA4D00E0A660421E11FF23D1E.d.C6C8791D244355AFE4CFF8F5F87020CC.e.6847","ELEMENT":"f.4A28FC3DA4D00E0A660421E11FF23D1E.d.C6C8791D244355AFE4CFF8F5F87020CC.e.6847"}]}
COMMAND: GET /session/211f9bdef6c1513913dbaa9ec9077f8f/screenshot - {}
RESULT: {}
RESULT: {}
COMMAND: POST /session/211f9bdef6c1513913dbaa9ec9077f8f/element/f.4A28FC3DA4D00E0A660421E11FF23D1E.d.C6C8791D244355AFE4CFF8F5F87020CC.e.6847/click - {}
RESULT: {}
COMMAND: GET /session/211f9bdef6c1513913dbaa9ec9077f8f/screenshot - {}
COMMAND: POST /session/211f9bdef6c1513913dbaa9ec9077f8f/execute/async - {"script":"<script> [1562 bytes]","args":[{"selector":{"id":"application-managecontracts-display-component---AddNewContract--projectDescription","interaction":{"idSuffix":"inner"}},"wdio_ui5_key":"applicationmanagecontracts-display-component---AddNewContract--projectDescription"}]}
RESULT: {}
RESULT: {"script":"<script> [1562 bytes]","args":[{"selector":{"id":"application-managecontracts-display-component---AddNewContract--projectDescription","interaction":{"idSuffix":"inner"}},"wdio_ui5_key":"applicationmanagecontracts-display-component---AddNewContract--projectDescription"}]}
RESULT: undefined
COMMAND: POST /session/211f9bdef6c1513913dbaa9ec9077f8f/execute/async - {"script":"<script> [776 bytes]","args":[{"enterText":"Intercompany Contract WDIO","selector":{"id":"application-managecontracts-display-component---AddNewContract--projectDescription","interaction":{"idSuffix":"inner"}},"clearTextFirst":true,"interactionType":"ENTER_TEXT"}]}
RESULT: {"script":"<script> [776 bytes]","args":[{"enterText":"Intercompany Contract WDIO","selector":{"id":"application-managecontracts-display-component---AddNewContract--projectDescription","interaction":{"idSuffix":"inner"}},"clearTextFirst":true,"interactionType":"ENTER_TEXT"}]}
COMMAND: POST /session/211f9bdef6c1513913dbaa9ec9077f8f/element - {"using":"xpath","value":"//input[@id=\"application-managecontracts-display-component---AddNewContract--site-inner\"]"}
RESULT: {"using":"xpath","value":"//input[@id=\"application-managecontracts-display-component---AddNewContract--site-inner\"]"}
COMMAND: POST /session/211f9bdef6c1513913dbaa9ec9077f8f/element/f.4A28FC3DA4D00E0A660421E11FF23D1E.d.C6C8791D244355AFE4CFF8F5F87020CC.e.7186/clear - {}
RESULT: {}
COMMAND: POST /session/211f9bdef6c1513913dbaa9ec9077f8f/element/f.4A28FC3DA4D00E0A660421E11FF23D1E.d.C6C8791D244355AFE4CFF8F5F87020CC.e.7186/value - {"text":"2191"}
COMMAND: GET /session/211f9bdef6c1513913dbaa9ec9077f8f/screenshot - {}
RESULT: {"text":"2191"}
COMMAND: GET /session/211f9bdef6c1513913dbaa9ec9077f8f/screenshot - {}
RESULT: {}
RESULT: {}
COMMAND: POST /session/211f9bdef6c1513913dbaa9ec9077f8f/element - {"using":"xpath","value":"//li[.//span[text()='2191']]"}
RESULT: {"using":"xpath","value":"//li[.//span[text()='2191']]"}
COMMAND: POST /session/211f9bdef6c1513913dbaa9ec9077f8f/element/f.4A28FC3DA4D00E0A660421E11FF23D1E.d.C6C8791D244355AFE4CFF8F5F87020CC.e.7220/click - {}
RESULT: {}
COMMAND: GET /session/211f9bdef6c1513913dbaa9ec9077f8f/screenshot - {}
RESULT: {}
COMMAND: POST /session/211f9bdef6c1513913dbaa9ec9077f8f/element - {"using":"xpath","value":"//input[@id=\"application-managecontracts-display-component---AddNewContract--yardId-inner\"]"}
RESULT: {"using":"xpath","value":"//input[@id=\"application-managecontracts-display-component---AddNewContract--yardId-inner\"]"}
COMMAND: GET /session/211f9bdef6c1513913dbaa9ec9077f8f/element/f.4A28FC3DA4D00E0A660421E11FF23D1E.d.C6C8791D244355AFE4CFF8F5F87020CC.e.7187/property/value - {}
RESULT: {}
COMMAND: POST /session/211f9bdef6c1513913dbaa9ec9077f8f/element - {"using":"xpath","value":"//input[@id=\"application-managecontracts-display-component---AddNewContract--customerSelect-inner\"]"}
COMMAND: GET /session/211f9bdef6c1513913dbaa9ec9077f8f/screenshot - {}
RESULT: {"using":"xpath","value":"//input[@id=\"application-managecontracts-display-component---AddNewContract--customerSelect-inner\"]"}
COMMAND: POST /session/211f9bdef6c1513913dbaa9ec9077f8f/element/f.4A28FC3DA4D00E0A660421E11FF23D1E.d.C6C8791D244355AFE4CFF8F5F87020CC.e.7185/clear - {}
RESULT: {}
RESULT: {}
COMMAND: POST /session/211f9bdef6c1513913dbaa9ec9077f8f/element/f.4A28FC3DA4D00E0A660421E11FF23D1E.d.C6C8791D244355AFE4CFF8F5F87020CC.e.7185/value - {"text":"1203"}
COMMAND: GET /session/211f9bdef6c1513913dbaa9ec9077f8f/screenshot - {}
RESULT: {"text":"1203"}
COMMAND: GET /session/211f9bdef6c1513913dbaa9ec9077f8f/screenshot - {}
RESULT: {}
RESULT: {}
COMMAND: POST /session/211f9bdef6c1513913dbaa9ec9077f8f/element - {"using":"xpath","value":"//li[.//span[text()='1203']]"}
RESULT: {"using":"xpath","value":"//li[.//span[text()='1203']]"}
COMMAND: POST /session/211f9bdef6c1513913dbaa9ec9077f8f/element/f.4A28FC3DA4D00E0A660421E11FF23D1E.d.C6C8791D244355AFE4CFF8F5F87020CC.e.7223/click - {}
RESULT: {}
COMMAND: GET /session/211f9bdef6c1513913dbaa9ec9077f8f/screenshot - {}
RESULT: {}
COMMAND: POST /session/211f9bdef6c1513913dbaa9ec9077f8f/element - {"using":"xpath","value":"//button[@data-kt=\"saveButton\"]"}
RESULT: {"using":"xpath","value":"//button[@data-kt=\"saveButton\"]"}
COMMAND: POST /session/211f9bdef6c1513913dbaa9ec9077f8f/element/f.4A28FC3DA4D00E0A660421E11FF23D1E.d.C6C8791D244355AFE4CFF8F5F87020CC.e.7213/click - {}
RESULT: {}
COMMAND: GET /session/211f9bdef6c1513913dbaa9ec9077f8f/screenshot - {}
RESULT: {}
COMMAND: POST /session/211f9bdef6c1513913dbaa9ec9077f8f/element - {"using":"xpath","value":"//span[contains(@id ,\"contractDetailTitleNoExpanded\")]"}
RESULT: {"using":"xpath","value":"//span[contains(@id ,\"contractDetailTitleNoExpanded\")]"}
COMMAND: POST /session/211f9bdef6c1513913dbaa9ec9077f8f/elements - {"using":"xpath","value":"//span[contains(@id ,\"contractDetailTitleNoExpanded\")]"}
RESULT: {"using":"xpath","value":"//span[contains(@id ,\"contractDetailTitleNoExpanded\")]"}
COMMAND: POST /session/211f9bdef6c1513913dbaa9ec9077f8f/execute/sync - {"script":"<script> [56 bytes]","args":[{"element-6066-11e4-a52e-4f735466cecf":"f.4A28FC3DA4D00E0A660421E11FF23D1E.d.C6C8791D244355AFE4CFF8F5F87020CC.e.7232","ELEMENT":"f.4A28FC3DA4D00E0A660421E11FF23D1E.d.C6C8791D244355AFE4CFF8F5F87020CC.e.7232"}]}
RESULT: {"script":"<script> [56 bytes]","args":[{"element-6066-11e4-a52e-4f735466cecf":"f.4A28FC3DA4D00E0A660421E11FF23D1E.d.C6C8791D244355AFE4CFF8F5F87020CC.e.7232","ELEMENT":"f.4A28FC3DA4D00E0A660421E11FF23D1E.d.C6C8791D244355AFE4CFF8F5F87020CC.e.7232"}]}
COMMAND: GET /session/211f9bdef6c1513913dbaa9ec9077f8f/screenshot - {}
RESULT: {}
]]></system-out>
    </testcase>
    <testcase classname="chrome.135_0_7049_96.windows.US134625_Set_up_price_condition_-_one_time" name="Should add the material to the contract" time="57.666">
      <system-out><![CDATA[
COMMAND: POST /session/211f9bdef6c1513913dbaa9ec9077f8f/element - {"using":"xpath","value":"//button[@data-kt=\"contractDetailEditBtnButton\"]"}
RESULT: {"using":"xpath","value":"//button[@data-kt=\"contractDetailEditBtnButton\"]"}
COMMAND: POST /session/211f9bdef6c1513913dbaa9ec9077f8f/element/f.4A28FC3DA4D00E0A660421E11FF23D1E.d.C6C8791D244355AFE4CFF8F5F87020CC.e.7235/click - {}
RESULT: {}
COMMAND: GET /session/211f9bdef6c1513913dbaa9ec9077f8f/screenshot - {}
RESULT: {}
COMMAND: POST /session/211f9bdef6c1513913dbaa9ec9077f8f/element - {"using":"xpath","value":"(//span[contains(text(), \"Additional Addresses\")])[2]"}
RESULT: {"using":"xpath","value":"(//span[contains(text(), \"Additional Addresses\")])[2]"}
COMMAND: POST /session/211f9bdef6c1513913dbaa9ec9077f8f/element/f.4A28FC3DA4D00E0A660421E11FF23D1E.d.C6C8791D244355AFE4CFF8F5F87020CC.e.7290/click - {}
RESULT: {}
COMMAND: GET /session/211f9bdef6c1513913dbaa9ec9077f8f/screenshot - {}
RESULT: {}
COMMAND: POST /session/211f9bdef6c1513913dbaa9ec9077f8f/element - {"using":"xpath","value":"//button[@data-kt=\"btnAddTableRowOverflowToolbarButton\"]"}
RESULT: {"using":"xpath","value":"//button[@data-kt=\"btnAddTableRowOverflowToolbarButton\"]"}
COMMAND: POST /session/211f9bdef6c1513913dbaa9ec9077f8f/element/f.4A28FC3DA4D00E0A660421E11FF23D1E.d.C6C8791D244355AFE4CFF8F5F87020CC.e.7293/click - {}
RESULT: {}
COMMAND: GET /session/211f9bdef6c1513913dbaa9ec9077f8f/screenshot - {}
RESULT: {}
COMMAND: POST /session/211f9bdef6c1513913dbaa9ec9077f8f/element - {"using":"xpath","value":"//div[(text() = 'Standard Entry' or . = 'Standard Entry')]"}
RESULT: {"using":"xpath","value":"//div[(text() = 'Standard Entry' or . = 'Standard Entry')]"}
COMMAND: POST /session/211f9bdef6c1513913dbaa9ec9077f8f/element/f.4A28FC3DA4D00E0A660421E11FF23D1E.d.C6C8791D244355AFE4CFF8F5F87020CC.e.7295/click - {}
RESULT: {}
COMMAND: GET /session/211f9bdef6c1513913dbaa9ec9077f8f/screenshot - {}
RESULT: {}
COMMAND: POST /session/211f9bdef6c1513913dbaa9ec9077f8f/element - {"using":"xpath","value":"//td[6]/div/div/div/span"}
RESULT: {"using":"xpath","value":"//td[6]/div/div/div/span"}
COMMAND: POST /session/211f9bdef6c1513913dbaa9ec9077f8f/element/f.4A28FC3DA4D00E0A660421E11FF23D1E.d.C6C8791D244355AFE4CFF8F5F87020CC.e.7307/click - {}
RESULT: {}
COMMAND: GET /session/211f9bdef6c1513913dbaa9ec9077f8f/screenshot - {}
RESULT: {}
COMMAND: POST /session/211f9bdef6c1513913dbaa9ec9077f8f/element - {"using":"xpath","value":"(//span[contains(text(), \"Material\")])"}
RESULT: {"using":"xpath","value":"(//span[contains(text(), \"Material\")])"}
COMMAND: POST /session/211f9bdef6c1513913dbaa9ec9077f8f/element/f.4A28FC3DA4D00E0A660421E11FF23D1E.d.C6C8791D244355AFE4CFF8F5F87020CC.e.7308/click - {}
RESULT: {}
COMMAND: GET /session/211f9bdef6c1513913dbaa9ec9077f8f/screenshot - {}
RESULT: {}
COMMAND: POST /session/211f9bdef6c1513913dbaa9ec9077f8f/element - {"using":"xpath","value":"//td[7]/div/div/input"}
RESULT: {"using":"xpath","value":"//td[7]/div/div/input"}
COMMAND: POST /session/211f9bdef6c1513913dbaa9ec9077f8f/element/f.4A28FC3DA4D00E0A660421E11FF23D1E.d.C6C8791D244355AFE4CFF8F5F87020CC.e.7312/clear - {}
RESULT: {}
COMMAND: POST /session/211f9bdef6c1513913dbaa9ec9077f8f/element/f.4A28FC3DA4D00E0A660421E11FF23D1E.d.C6C8791D244355AFE4CFF8F5F87020CC.e.7312/value - {"text":"200167"}
COMMAND: GET /session/211f9bdef6c1513913dbaa9ec9077f8f/screenshot - {}
RESULT: {"text":"200167"}
COMMAND: GET /session/211f9bdef6c1513913dbaa9ec9077f8f/screenshot - {}
RESULT: {}
RESULT: {}
COMMAND: POST /session/211f9bdef6c1513913dbaa9ec9077f8f/actions - {"actions":[{"id":"action28","type":"key","parameters":{},"actions":[{"type":"keyDown","value":"î€‡"},{"type":"pause","duration":10},{"type":"keyUp","value":"î€‡"}]}]}
RESULT: {"actions":[{"id":"action28","type":"key","parameters":{},"actions":[{"type":"keyDown","value":"î€‡"},{"type":"pause","duration":10},{"type":"keyUp","value":"î€‡"}]}]}
COMMAND: GET /session/211f9bdef6c1513913dbaa9ec9077f8f/screenshot - {}
RESULT: {}
COMMAND: POST /session/211f9bdef6c1513913dbaa9ec9077f8f/element - {"using":"xpath","value":"(//button[@data-kt=\"saveButton\"])[2]"}
RESULT: {"using":"xpath","value":"(//button[@data-kt=\"saveButton\"])[2]"}
COMMAND: POST /session/211f9bdef6c1513913dbaa9ec9077f8f/element/f.4A28FC3DA4D00E0A660421E11FF23D1E.d.C6C8791D244355AFE4CFF8F5F87020CC.e.7335/click - {}
RESULT: {}
COMMAND: GET /session/211f9bdef6c1513913dbaa9ec9077f8f/screenshot - {}
RESULT: {}
COMMAND: POST /session/211f9bdef6c1513913dbaa9ec9077f8f/element - {"using":"xpath","value":"//span[contains(@id ,\"contractItemsSmartTable-header-inner\")]"}
RESULT: {"using":"xpath","value":"//span[contains(@id ,\"contractItemsSmartTable-header-inner\")]"}
COMMAND: POST /session/211f9bdef6c1513913dbaa9ec9077f8f/elements - {"using":"xpath","value":"//span[contains(@id ,\"contractItemsSmartTable-header-inner\")]"}
RESULT: {"using":"xpath","value":"//span[contains(@id ,\"contractItemsSmartTable-header-inner\")]"}
COMMAND: POST /session/211f9bdef6c1513913dbaa9ec9077f8f/execute/sync - {"script":"<script> [56 bytes]","args":[{"element-6066-11e4-a52e-4f735466cecf":"f.4A28FC3DA4D00E0A660421E11FF23D1E.d.C6C8791D244355AFE4CFF8F5F87020CC.e.7344","ELEMENT":"f.4A28FC3DA4D00E0A660421E11FF23D1E.d.C6C8791D244355AFE4CFF8F5F87020CC.e.7344"}]}
RESULT: {"script":"<script> [56 bytes]","args":[{"element-6066-11e4-a52e-4f735466cecf":"f.4A28FC3DA4D00E0A660421E11FF23D1E.d.C6C8791D244355AFE4CFF8F5F87020CC.e.7344","ELEMENT":"f.4A28FC3DA4D00E0A660421E11FF23D1E.d.C6C8791D244355AFE4CFF8F5F87020CC.e.7344"}]}
]]></system-out>
    </testcase>
    <testcase classname="chrome.135_0_7049_96.windows.US134625_Set_up_price_condition_-_one_time" name="Should verify the bill item creation and pricing condition" time="10.881">
      <system-out><![CDATA[
COMMAND: GET /session/211f9bdef6c1513913dbaa9ec9077f8f/screenshot - {}
COMMAND: POST /session/211f9bdef6c1513913dbaa9ec9077f8f/execute/async - {"script":"<script> [1562 bytes]","args":[{"selector":{"controlType":"sap.ui.core.Icon","viewName":"etm.portal.ui.managecontracts.view.Detail","properties":{"src":{"regex":{"source":"slim\\-arrow\\-right"}}}},"wdio_ui5_key":"etmportal.ui.managecontracts.view.Detailsap.ui.core.Icon{\"src\":{\"regex\":{\"source\":\"slim\\\\-arrow\\\\-right\"}}}"}]}
RESULT: {"script":"<script> [1562 bytes]","args":[{"selector":{"controlType":"sap.ui.core.Icon","viewName":"etm.portal.ui.managecontracts.view.Detail","properties":{"src":{"regex":{"source":"slim\\-arrow\\-right"}}}},"wdio_ui5_key":"etmportal.ui.managecontracts.view.Detailsap.ui.core.Icon{\"src\":{\"regex\":{\"source\":\"slim\\\\-arrow\\\\-right\"}}}"}]}
RESULT: undefined
COMMAND: POST /session/211f9bdef6c1513913dbaa9ec9077f8f/element - {"using":"xpath","value":"//*[@id=\"__item1239-__clone2639-imgNav\"]"}
RESULT: {}
RESULT: {"using":"xpath","value":"//*[@id=\"__item1239-__clone2639-imgNav\"]"}
COMMAND: POST /session/211f9bdef6c1513913dbaa9ec9077f8f/element/f.4A28FC3DA4D00E0A660421E11FF23D1E.d.C6C8791D244355AFE4CFF8F5F87020CC.e.7345/click - {}
RESULT: {}
COMMAND: GET /session/211f9bdef6c1513913dbaa9ec9077f8f/screenshot - {}
COMMAND: POST /session/211f9bdef6c1513913dbaa9ec9077f8f/execute/async - {"script":"<script> [1562 bytes]","args":[{"selector":{"controlType":"sap.m.Text","viewName":"etm.portal.ui.managecontracts.view.BillingItem","viewId":"application-managecontracts-display-component---BillingItem","bindingPath":{"propertyPath":"LINK_TO_C_BILL_TYPES/DESCRIPTION"}},"wdio_ui5_key":"etmportal.ui.managecontracts.view.BillingItemsap.m.Text{\"propertyPath\":\"LINK_TO_C_BILL_TYPES/DESCRIPTION\"}"}]}
RESULT: {}
RESULT: {"script":"<script> [1562 bytes]","args":[{"selector":{"controlType":"sap.m.Text","viewName":"etm.portal.ui.managecontracts.view.BillingItem","viewId":"application-managecontracts-display-component---BillingItem","bindingPath":{"propertyPath":"LINK_TO_C_BILL_TYPES/DESCRIPTION"}},"wdio_ui5_key":"etmportal.ui.managecontracts.view.BillingItemsap.m.Text{\"propertyPath\":\"LINK_TO_C_BILL_TYPES/DESCRIPTION\"}"}]}
RESULT: undefined
COMMAND: POST /session/211f9bdef6c1513913dbaa9ec9077f8f/execute/async - {"script":"<script> [6424 bytes]","args":[{"element-6066-11e4-a52e-4f735466cecf":"f.4A28FC3DA4D00E0A660421E11FF23D1E.d.C6C8791D244355AFE4CFF8F5F87020CC.e.7392"},"getText",[]]}
RESULT: {"script":"<script> [6424 bytes]","args":[{"element-6066-11e4-a52e-4f735466cecf":"f.4A28FC3DA4D00E0A660421E11FF23D1E.d.C6C8791D244355AFE4CFF8F5F87020CC.e.7392"},"getText",[]]}
COMMAND: POST /session/211f9bdef6c1513913dbaa9ec9077f8f/execute/async - {"script":"<script> [1562 bytes]","args":[{"selector":{"controlType":"sap.m.ObjectNumber","viewName":"etm.portal.ui.managecontracts.view.BillingItem","viewId":"application-managecontracts-display-component---BillingItem","bindingPath":{"propertyPath":"BASE_PRICE"}},"wdio_ui5_key":"etmportal.ui.managecontracts.view.BillingItemsap.m.ObjectNumber{\"propertyPath\":\"BASE_PRICE\"}"}]}
RESULT: {"script":"<script> [1562 bytes]","args":[{"selector":{"controlType":"sap.m.ObjectNumber","viewName":"etm.portal.ui.managecontracts.view.BillingItem","viewId":"application-managecontracts-display-component---BillingItem","bindingPath":{"propertyPath":"BASE_PRICE"}},"wdio_ui5_key":"etmportal.ui.managecontracts.view.BillingItemsap.m.ObjectNumber{\"propertyPath\":\"BASE_PRICE\"}"}]}
RESULT: undefined
COMMAND: POST /session/211f9bdef6c1513913dbaa9ec9077f8f/execute/async - {"script":"<script> [6424 bytes]","args":[{"element-6066-11e4-a52e-4f735466cecf":"f.4A28FC3DA4D00E0A660421E11FF23D1E.d.C6C8791D244355AFE4CFF8F5F87020CC.e.7393"},"getNumber",[]]}
RESULT: {"script":"<script> [6424 bytes]","args":[{"element-6066-11e4-a52e-4f735466cecf":"f.4A28FC3DA4D00E0A660421E11FF23D1E.d.C6C8791D244355AFE4CFF8F5F87020CC.e.7393"},"getNumber",[]]}
COMMAND: POST /session/211f9bdef6c1513913dbaa9ec9077f8f/execute/async - {"script":"<script> [1562 bytes]","args":[{"selector":{"controlType":"sap.m.ObjectNumber","viewName":"etm.portal.ui.managecontracts.view.BillingItem","viewId":"application-managecontracts-display-component---BillingItem","bindingPath":{"propertyPath":"BASE_QUANTITY"}},"wdio_ui5_key":"etmportal.ui.managecontracts.view.BillingItemsap.m.ObjectNumber{\"propertyPath\":\"BASE_QUANTITY\"}"}]}
RESULT: {"script":"<script> [1562 bytes]","args":[{"selector":{"controlType":"sap.m.ObjectNumber","viewName":"etm.portal.ui.managecontracts.view.BillingItem","viewId":"application-managecontracts-display-component---BillingItem","bindingPath":{"propertyPath":"BASE_QUANTITY"}},"wdio_ui5_key":"etmportal.ui.managecontracts.view.BillingItemsap.m.ObjectNumber{\"propertyPath\":\"BASE_QUANTITY\"}"}]}
RESULT: undefined
COMMAND: POST /session/211f9bdef6c1513913dbaa9ec9077f8f/execute/async - {"script":"<script> [6424 bytes]","args":[{"element-6066-11e4-a52e-4f735466cecf":"f.4A28FC3DA4D00E0A660421E11FF23D1E.d.C6C8791D244355AFE4CFF8F5F87020CC.e.7394"},"getNumber",[]]}
RESULT: {"script":"<script> [6424 bytes]","args":[{"element-6066-11e4-a52e-4f735466cecf":"f.4A28FC3DA4D00E0A660421E11FF23D1E.d.C6C8791D244355AFE4CFF8F5F87020CC.e.7394"},"getNumber",[]]}
COMMAND: DELETE /session/211f9bdef6c1513913dbaa9ec9077f8f - {}
RESULT: {}
]]></system-out>
    </testcase>
  </testsuite>
</testsuites>