<?xml version="1.0" encoding="UTF-8"?>
<testsuites tests="21" failures="0" errors="0" skipped="0">
  <testsuite timestamp="2025-05-14T17:08:12" time="387.406" tests="3" failures="0" errors="0" skipped="0">
    <properties>
      <property name="specId" value="0" />
      <property name="suiteName" value="Create condition pricing US117289 US134625" />
      <property name="capabilities" value="chrome.136_0_7103_49.windows" />
      <property name="file" value="file:///D:/a/1/s/test/specs/BTS/create-condition-pricing.spec.js" />
    </properties>
    <testcase classname="chrome.136_0_7103_49.windows.Create_condition_pricing_US117289_US134625" name="Should create a new yard used for all following tests" time="119.251">
      <system-out><![CDATA[
COMMAND: POST /session/68929459ca918a999f98598021acce7a/window/fullscreen - {}
RESULT: {}
COMMAND: POST /session/68929459ca918a999f98598021acce7a/execute/async - {"script":"<script> [1562 bytes]","args":[{"selector":{"controlType":"sap.m.GenericTile","properties":{"header":"Manage Yards"}},"wdio_ui5_key":"sapm.GenericTile{\"header\":\"Manage Yards\"}"}]}
RESULT: {"script":"<script> [1562 bytes]","args":[{"selector":{"controlType":"sap.m.GenericTile","properties":{"header":"Manage Yards"}},"wdio_ui5_key":"sapm.GenericTile{\"header\":\"Manage Yards\"}"}]}
RESULT: undefined
COMMAND: POST /session/68929459ca918a999f98598021acce7a/element - {"using":"xpath","value":"//*[@id=\"__tile41\"]"}
RESULT: {"using":"xpath","value":"//*[@id=\"__tile41\"]"}
COMMAND: POST /session/68929459ca918a999f98598021acce7a/element/f.41167B24BF7F3EFA47545F25B3BF6A01.d.B8D712294E153FA4F5968A44C39C03EA.e.166/click - {}
RESULT: {}
COMMAND: GET /session/68929459ca918a999f98598021acce7a/screenshot - {}
RESULT: {}
COMMAND: POST /session/68929459ca918a999f98598021acce7a/elements - {"using":"xpath","value":"//span[text()='Error']"}
RESULT: {"using":"xpath","value":"//span[text()='Error']"}
COMMAND: POST /session/68929459ca918a999f98598021acce7a/element - {"using":"xpath","value":"//button[@data-kt=\"addNewYardOverflowToolbarButton\"]"}
RESULT: {"using":"xpath","value":"//button[@data-kt=\"addNewYardOverflowToolbarButton\"]"}
COMMAND: POST /session/68929459ca918a999f98598021acce7a/elements - {"using":"xpath","value":"//button[@data-kt=\"addNewYardOverflowToolbarButton\"]"}
RESULT: {"using":"xpath","value":"//button[@data-kt=\"addNewYardOverflowToolbarButton\"]"}
COMMAND: POST /session/68929459ca918a999f98598021acce7a/elements - {"using":"xpath","value":"//button[@data-kt=\"addNewYardOverflowToolbarButton\"]"}
RESULT: {"using":"xpath","value":"//button[@data-kt=\"addNewYardOverflowToolbarButton\"]"}
COMMAND: POST /session/68929459ca918a999f98598021acce7a/element - {"using":"xpath","value":"//button[@data-kt=\"addNewYardOverflowToolbarButton\"]"}
RESULT: {"using":"xpath","value":"//button[@data-kt=\"addNewYardOverflowToolbarButton\"]"}
COMMAND: POST /session/68929459ca918a999f98598021acce7a/execute/sync - {"script":"<script> [8489 bytes]","args":[{"element-6066-11e4-a52e-4f735466cecf":"f.41167B24BF7F3EFA47545F25B3BF6A01.d.B8D712294E153FA4F5968A44C39C03EA.e.292","ELEMENT":"f.41167B24BF7F3EFA47545F25B3BF6A01.d.B8D712294E153FA4F5968A44C39C03EA.e.292"}]}
RESULT: {"script":"<script> [8489 bytes]","args":[{"element-6066-11e4-a52e-4f735466cecf":"f.41167B24BF7F3EFA47545F25B3BF6A01.d.B8D712294E153FA4F5968A44C39C03EA.e.292","ELEMENT":"f.41167B24BF7F3EFA47545F25B3BF6A01.d.B8D712294E153FA4F5968A44C39C03EA.e.292"}]}
COMMAND: GET /session/68929459ca918a999f98598021acce7a/element/f.41167B24BF7F3EFA47545F25B3BF6A01.d.B8D712294E153FA4F5968A44C39C03EA.e.292/enabled - {}
COMMAND: GET /session/68929459ca918a999f98598021acce7a/screenshot - {}
RESULT: {}
COMMAND: POST /session/68929459ca918a999f98598021acce7a/execute/sync - {"script":"<script> [8489 bytes]","args":[{"element-6066-11e4-a52e-4f735466cecf":"f.41167B24BF7F3EFA47545F25B3BF6A01.d.B8D712294E153FA4F5968A44C39C03EA.e.292","ELEMENT":"f.41167B24BF7F3EFA47545F25B3BF6A01.d.B8D712294E153FA4F5968A44C39C03EA.e.292"}]}
COMMAND: GET /session/68929459ca918a999f98598021acce7a/screenshot - {}
RESULT: {}
RESULT: {"script":"<script> [8489 bytes]","args":[{"element-6066-11e4-a52e-4f735466cecf":"f.41167B24BF7F3EFA47545F25B3BF6A01.d.B8D712294E153FA4F5968A44C39C03EA.e.292","ELEMENT":"f.41167B24BF7F3EFA47545F25B3BF6A01.d.B8D712294E153FA4F5968A44C39C03EA.e.292"}]}
COMMAND: POST /session/68929459ca918a999f98598021acce7a/execute/sync - {"script":"<script> [5351 bytes]","args":[{"element-6066-11e4-a52e-4f735466cecf":"f.41167B24BF7F3EFA47545F25B3BF6A01.d.B8D712294E153FA4F5968A44C39C03EA.e.292","ELEMENT":"f.41167B24BF7F3EFA47545F25B3BF6A01.d.B8D712294E153FA4F5968A44C39C03EA.e.292"}]}
COMMAND: GET /session/68929459ca918a999f98598021acce7a/screenshot - {}
RESULT: {}
RESULT: {"script":"<script> [5351 bytes]","args":[{"element-6066-11e4-a52e-4f735466cecf":"f.41167B24BF7F3EFA47545F25B3BF6A01.d.B8D712294E153FA4F5968A44C39C03EA.e.292","ELEMENT":"f.41167B24BF7F3EFA47545F25B3BF6A01.d.B8D712294E153FA4F5968A44C39C03EA.e.292"}]}
COMMAND: POST /session/68929459ca918a999f98598021acce7a/element/f.41167B24BF7F3EFA47545F25B3BF6A01.d.B8D712294E153FA4F5968A44C39C03EA.e.292/click - {}
COMMAND: GET /session/68929459ca918a999f98598021acce7a/screenshot - {}
RESULT: {}
RESULT: {}
COMMAND: GET /session/68929459ca918a999f98598021acce7a/screenshot - {}
RESULT: {}
RESULT: {}
COMMAND: POST /session/68929459ca918a999f98598021acce7a/element - {"using":"xpath","value":"//input[@id=\"application-manageyards-display-component---NewYard--yardId-inner\"]"}
RESULT: {"using":"xpath","value":"//input[@id=\"application-manageyards-display-component---NewYard--yardId-inner\"]"}
COMMAND: POST /session/68929459ca918a999f98598021acce7a/element - {"using":"xpath","value":"//input[@id=\"application-manageyards-display-component---NewYard--yardId-inner\"]"}
RESULT: {"using":"xpath","value":"//input[@id=\"application-manageyards-display-component---NewYard--yardId-inner\"]"}
COMMAND: POST /session/68929459ca918a999f98598021acce7a/execute/async - {"script":"<script> [1562 bytes]","args":[{"selector":{"id":"application-manageyards-display-component---NewYard--addressDetailDetailsName1","interaction":{"idSuffix":"inner"}},"wdio_ui5_key":"applicationmanageyards-display-component---NewYard--addressDetailDetailsName1"}]}
RESULT: {"script":"<script> [1562 bytes]","args":[{"selector":{"id":"application-manageyards-display-component---NewYard--addressDetailDetailsName1","interaction":{"idSuffix":"inner"}},"wdio_ui5_key":"applicationmanageyards-display-component---NewYard--addressDetailDetailsName1"}]}
RESULT: undefined
COMMAND: POST /session/68929459ca918a999f98598021acce7a/execute/async - {"script":"<script> [776 bytes]","args":[{"enterText":"DailyPrice WDIO","selector":{"id":"application-manageyards-display-component---NewYard--addressDetailDetailsName1","interaction":{"idSuffix":"inner"}},"clearTextFirst":true,"interactionType":"ENTER_TEXT"}]}
RESULT: {"script":"<script> [776 bytes]","args":[{"enterText":"DailyPrice WDIO","selector":{"id":"application-manageyards-display-component---NewYard--addressDetailDetailsName1","interaction":{"idSuffix":"inner"}},"clearTextFirst":true,"interactionType":"ENTER_TEXT"}]}
COMMAND: POST /session/68929459ca918a999f98598021acce7a/execute/async - {"script":"<script> [1562 bytes]","args":[{"selector":{"id":"application-manageyards-display-component---NewYard--addressDetailDetailsLanguage-arrow"},"wdio_ui5_key":"applicationmanageyards-display-component---NewYard--addressDetailDetailsLanguage-arrow"}]}
RESULT: {"script":"<script> [1562 bytes]","args":[{"selector":{"id":"application-manageyards-display-component---NewYard--addressDetailDetailsLanguage-arrow"},"wdio_ui5_key":"applicationmanageyards-display-component---NewYard--addressDetailDetailsLanguage-arrow"}]}
RESULT: undefined
COMMAND: POST /session/68929459ca918a999f98598021acce7a/element - {"using":"xpath","value":"//*[@id=\"application-manageyards-display-component---NewYard--addressDetailDetailsLanguage-arrow\"]"}
RESULT: {"using":"xpath","value":"//*[@id=\"application-manageyards-display-component---NewYard--addressDetailDetailsLanguage-arrow\"]"}
COMMAND: POST /session/68929459ca918a999f98598021acce7a/element/f.41167B24BF7F3EFA47545F25B3BF6A01.d.B8D712294E153FA4F5968A44C39C03EA.e.727/click - {}
RESULT: {}
COMMAND: POST /session/68929459ca918a999f98598021acce7a/element - {"using":"xpath","value":"//span[contains(text(), \"English\")]"}
COMMAND: GET /session/68929459ca918a999f98598021acce7a/screenshot - {}
RESULT: {"using":"xpath","value":"//span[contains(text(), \"English\")]"}
COMMAND: POST /session/68929459ca918a999f98598021acce7a/element/f.41167B24BF7F3EFA47545F25B3BF6A01.d.B8D712294E153FA4F5968A44C39C03EA.e.728/click - {}
RESULT: {}
RESULT: {}
COMMAND: POST /session/68929459ca918a999f98598021acce7a/execute/async - {"script":"<script> [1562 bytes]","args":[{"selector":{"id":"application-manageyards-display-component---NewYard--addressDetailDetailsCity1","interaction":{"idSuffix":"inner"}},"wdio_ui5_key":"applicationmanageyards-display-component---NewYard--addressDetailDetailsCity1"}]}
COMMAND: GET /session/68929459ca918a999f98598021acce7a/screenshot - {}
RESULT: {"script":"<script> [1562 bytes]","args":[{"selector":{"id":"application-manageyards-display-component---NewYard--addressDetailDetailsCity1","interaction":{"idSuffix":"inner"}},"wdio_ui5_key":"applicationmanageyards-display-component---NewYard--addressDetailDetailsCity1"}]}
RESULT: undefined
COMMAND: POST /session/68929459ca918a999f98598021acce7a/execute/async - {"script":"<script> [776 bytes]","args":[{"enterText":"Rosario","selector":{"id":"application-manageyards-display-component---NewYard--addressDetailDetailsCity1","interaction":{"idSuffix":"inner"}},"clearTextFirst":true,"interactionType":"ENTER_TEXT"}]}
RESULT: {}
RESULT: {"script":"<script> [776 bytes]","args":[{"enterText":"Rosario","selector":{"id":"application-manageyards-display-component---NewYard--addressDetailDetailsCity1","interaction":{"idSuffix":"inner"}},"clearTextFirst":true,"interactionType":"ENTER_TEXT"}]}
COMMAND: POST /session/68929459ca918a999f98598021acce7a/execute/async - {"script":"<script> [1562 bytes]","args":[{"selector":{"id":"application-manageyards-display-component---NewYard--addressDetailDetailsCountry-arrow"},"wdio_ui5_key":"applicationmanageyards-display-component---NewYard--addressDetailDetailsCountry-arrow"}]}
RESULT: {"script":"<script> [1562 bytes]","args":[{"selector":{"id":"application-manageyards-display-component---NewYard--addressDetailDetailsCountry-arrow"},"wdio_ui5_key":"applicationmanageyards-display-component---NewYard--addressDetailDetailsCountry-arrow"}]}
RESULT: undefined
COMMAND: POST /session/68929459ca918a999f98598021acce7a/element - {"using":"xpath","value":"//*[@id=\"application-manageyards-display-component---NewYard--addressDetailDetailsCountry-arrow\"]"}
RESULT: {"using":"xpath","value":"//*[@id=\"application-manageyards-display-component---NewYard--addressDetailDetailsCountry-arrow\"]"}
COMMAND: POST /session/68929459ca918a999f98598021acce7a/element/f.41167B24BF7F3EFA47545F25B3BF6A01.d.B8D712294E153FA4F5968A44C39C03EA.e.730/click - {}
RESULT: {}
COMMAND: POST /session/68929459ca918a999f98598021acce7a/element - {"using":"xpath","value":"//span[contains(text(), \"Argentina\")]"}
COMMAND: GET /session/68929459ca918a999f98598021acce7a/screenshot - {}
RESULT: {"using":"xpath","value":"//span[contains(text(), \"Argentina\")]"}
COMMAND: POST /session/68929459ca918a999f98598021acce7a/element/f.41167B24BF7F3EFA47545F25B3BF6A01.d.B8D712294E153FA4F5968A44C39C03EA.e.731/click - {}
RESULT: {}
RESULT: {}
COMMAND: POST /session/68929459ca918a999f98598021acce7a/execute/async - {"script":"<script> [1562 bytes]","args":[{"selector":{"id":"application-manageyards-display-component---NewYard--addressEditDetailsCostObjectCstType-arrow"},"wdio_ui5_key":"applicationmanageyards-display-component---NewYard--addressEditDetailsCostObjectCstType-arrow"}]}
COMMAND: GET /session/68929459ca918a999f98598021acce7a/screenshot - {}
RESULT: {"script":"<script> [1562 bytes]","args":[{"selector":{"id":"application-manageyards-display-component---NewYard--addressEditDetailsCostObjectCstType-arrow"},"wdio_ui5_key":"applicationmanageyards-display-component---NewYard--addressEditDetailsCostObjectCstType-arrow"}]}
RESULT: undefined
COMMAND: POST /session/68929459ca918a999f98598021acce7a/element - {"using":"xpath","value":"//*[@id=\"application-manageyards-display-component---NewYard--addressEditDetailsCostObjectCstType-arrow\"]"}
RESULT: {}
RESULT: {"using":"xpath","value":"//*[@id=\"application-manageyards-display-component---NewYard--addressEditDetailsCostObjectCstType-arrow\"]"}
COMMAND: POST /session/68929459ca918a999f98598021acce7a/element/f.41167B24BF7F3EFA47545F25B3BF6A01.d.B8D712294E153FA4F5968A44C39C03EA.e.732/click - {}
RESULT: {}
COMMAND: POST /session/68929459ca918a999f98598021acce7a/element - {"using":"xpath","value":"//span[contains(text(), \"Cost Center\")]"}
COMMAND: GET /session/68929459ca918a999f98598021acce7a/screenshot - {}
RESULT: {"using":"xpath","value":"//span[contains(text(), \"Cost Center\")]"}
COMMAND: POST /session/68929459ca918a999f98598021acce7a/element/f.41167B24BF7F3EFA47545F25B3BF6A01.d.B8D712294E153FA4F5968A44C39C03EA.e.733/click - {}
RESULT: {}
RESULT: {}
COMMAND: GET /session/68929459ca918a999f98598021acce7a/screenshot - {}
RESULT: {}
COMMAND: POST /session/68929459ca918a999f98598021acce7a/element - {"using":"xpath","value":"//span[@id=\"application-manageyards-display-component---NewYard--addressNewCostObjectCstID-vhi\"]"}
RESULT: {"using":"xpath","value":"//span[@id=\"application-manageyards-display-component---NewYard--addressNewCostObjectCstID-vhi\"]"}
COMMAND: POST /session/68929459ca918a999f98598021acce7a/execute/sync - {"script":"<script> [8489 bytes]","args":[{"element-6066-11e4-a52e-4f735466cecf":"f.41167B24BF7F3EFA47545F25B3BF6A01.d.B8D712294E153FA4F5968A44C39C03EA.e.737","ELEMENT":"f.41167B24BF7F3EFA47545F25B3BF6A01.d.B8D712294E153FA4F5968A44C39C03EA.e.737"}]}
RESULT: {"script":"<script> [8489 bytes]","args":[{"element-6066-11e4-a52e-4f735466cecf":"f.41167B24BF7F3EFA47545F25B3BF6A01.d.B8D712294E153FA4F5968A44C39C03EA.e.737","ELEMENT":"f.41167B24BF7F3EFA47545F25B3BF6A01.d.B8D712294E153FA4F5968A44C39C03EA.e.737"}]}
COMMAND: POST /session/68929459ca918a999f98598021acce7a/execute/async - {"script":"<script> [1562 bytes]","args":[{"selector":{"id":"application-manageyards-display-component---NewYard--addressNewCostObjectCstID-vhi"},"wdio_ui5_key":"applicationmanageyards-display-component---NewYard--addressNewCostObjectCstID-vhi"}]}
COMMAND: GET /session/68929459ca918a999f98598021acce7a/screenshot - {}
RESULT: {"script":"<script> [1562 bytes]","args":[{"selector":{"id":"application-manageyards-display-component---NewYard--addressNewCostObjectCstID-vhi"},"wdio_ui5_key":"applicationmanageyards-display-component---NewYard--addressNewCostObjectCstID-vhi"}]}
RESULT: undefined
COMMAND: POST /session/68929459ca918a999f98598021acce7a/element - {"using":"xpath","value":"//*[@id=\"application-manageyards-display-component---NewYard--addressNewCostObjectCstID-vhi\"]"}
RESULT: {}
RESULT: {"using":"xpath","value":"//*[@id=\"application-manageyards-display-component---NewYard--addressNewCostObjectCstID-vhi\"]"}
COMMAND: POST /session/68929459ca918a999f98598021acce7a/element/f.41167B24BF7F3EFA47545F25B3BF6A01.d.B8D712294E153FA4F5968A44C39C03EA.e.737/click - {}
RESULT: {}
COMMAND: GET /session/68929459ca918a999f98598021acce7a/screenshot - {}
RESULT: {}
COMMAND: POST /session/68929459ca918a999f98598021acce7a/execute/async - {"script":"<script> [1562 bytes]","args":[{"selector":{"controlType":"sap.m.SearchField","properties":{"placeholder":"Search"},"searchOpenDialogs":true,"interaction":{"idSuffix":"I"}},"wdio_ui5_key":"sapm.SearchField{\"placeholder\":\"Search\"}"}]}
RESULT: {"script":"<script> [1562 bytes]","args":[{"selector":{"controlType":"sap.m.SearchField","properties":{"placeholder":"Search"},"searchOpenDialogs":true,"interaction":{"idSuffix":"I"}},"wdio_ui5_key":"sapm.SearchField{\"placeholder\":\"Search\"}"}]}
RESULT: undefined
COMMAND: POST /session/68929459ca918a999f98598021acce7a/execute/async - {"script":"<script> [776 bytes]","args":[{"enterText":"bauh_b","selector":{"controlType":"sap.m.SearchField","properties":{"placeholder":"Search"},"searchOpenDialogs":true,"interaction":{"idSuffix":"I"}},"clearTextFirst":true,"interactionType":"ENTER_TEXT"}]}
RESULT: {"script":"<script> [776 bytes]","args":[{"enterText":"bauh_b","selector":{"controlType":"sap.m.SearchField","properties":{"placeholder":"Search"},"searchOpenDialogs":true,"interaction":{"idSuffix":"I"}},"clearTextFirst":true,"interactionType":"ENTER_TEXT"}]}
COMMAND: POST /session/68929459ca918a999f98598021acce7a/actions - {"actions":[{"id":"action1","type":"key","parameters":{},"actions":[{"type":"keyDown","value":"î€‡"},{"type":"pause","duration":10},{"type":"keyUp","value":"î€‡"}]}]}
RESULT: {"actions":[{"id":"action1","type":"key","parameters":{},"actions":[{"type":"keyDown","value":"î€‡"},{"type":"pause","duration":10},{"type":"keyUp","value":"î€‡"}]}]}
COMMAND: GET /session/68929459ca918a999f98598021acce7a/screenshot - {}
RESULT: {}
COMMAND: POST /session/68929459ca918a999f98598021acce7a/element - {"using":"xpath","value":"//span[contains(text(), \"Demo Yard\")]"}
RESULT: {"using":"xpath","value":"//span[contains(text(), \"Demo Yard\")]"}
COMMAND: POST /session/68929459ca918a999f98598021acce7a/element/f.41167B24BF7F3EFA47545F25B3BF6A01.d.B8D712294E153FA4F5968A44C39C03EA.e.778/click - {}
RESULT: {}
COMMAND: GET /session/68929459ca918a999f98598021acce7a/screenshot - {}
RESULT: {}
COMMAND: POST /session/68929459ca918a999f98598021acce7a/element - {"using":"xpath","value":"//bdi[contains(text(), \"OK\")]"}
RESULT: {"using":"xpath","value":"//bdi[contains(text(), \"OK\")]"}
COMMAND: POST /session/68929459ca918a999f98598021acce7a/element/f.41167B24BF7F3EFA47545F25B3BF6A01.d.B8D712294E153FA4F5968A44C39C03EA.e.779/click - {}
RESULT: {}
COMMAND: GET /session/68929459ca918a999f98598021acce7a/screenshot - {}
RESULT: {}
COMMAND: POST /session/68929459ca918a999f98598021acce7a/execute/async - {"script":"<script> [1562 bytes]","args":[{"selector":{"id":"application-manageyards-display-component---NewYard--addressEditDetailsCurrency-arrow"},"wdio_ui5_key":"applicationmanageyards-display-component---NewYard--addressEditDetailsCurrency-arrow"}]}
RESULT: {"script":"<script> [1562 bytes]","args":[{"selector":{"id":"application-manageyards-display-component---NewYard--addressEditDetailsCurrency-arrow"},"wdio_ui5_key":"applicationmanageyards-display-component---NewYard--addressEditDetailsCurrency-arrow"}]}
RESULT: undefined
COMMAND: POST /session/68929459ca918a999f98598021acce7a/element - {"using":"xpath","value":"//*[@id=\"application-manageyards-display-component---NewYard--addressEditDetailsCurrency-arrow\"]"}
RESULT: {"using":"xpath","value":"//*[@id=\"application-manageyards-display-component---NewYard--addressEditDetailsCurrency-arrow\"]"}
COMMAND: POST /session/68929459ca918a999f98598021acce7a/element/f.41167B24BF7F3EFA47545F25B3BF6A01.d.B8D712294E153FA4F5968A44C39C03EA.e.782/click - {}
RESULT: {}
COMMAND: POST /session/68929459ca918a999f98598021acce7a/element - {"using":"xpath","value":"//span[contains(text(), \"Euro\")]"}
COMMAND: GET /session/68929459ca918a999f98598021acce7a/screenshot - {}
RESULT: {"using":"xpath","value":"//span[contains(text(), \"Euro\")]"}
COMMAND: POST /session/68929459ca918a999f98598021acce7a/element/f.41167B24BF7F3EFA47545F25B3BF6A01.d.B8D712294E153FA4F5968A44C39C03EA.e.783/click - {}
RESULT: {}
RESULT: {}
COMMAND: POST /session/68929459ca918a999f98598021acce7a/execute/async - {"script":"<script> [1562 bytes]","args":[{"selector":{"controlType":"sap.m.Input","viewName":"etm.portal.ui.manageyards.view.New","viewId":"application-manageyards-display-component---NewYard","bindingPath":{"path":"","propertyPath":"/CONTROLLING_AREA","modelName":"NewYardModel"},"interaction":{"idSuffix":"inner"}},"wdio_ui5_key":"etmportal.ui.manageyards.view.Newsap.m.Input{\"path\":\"\",\"propertyPath\":\"/CONTROLLING_AREA\",\"modelName\":\"NewYardModel\"}"}]}
COMMAND: GET /session/68929459ca918a999f98598021acce7a/screenshot - {}
RESULT: {"script":"<script> [1562 bytes]","args":[{"selector":{"controlType":"sap.m.Input","viewName":"etm.portal.ui.manageyards.view.New","viewId":"application-manageyards-display-component---NewYard","bindingPath":{"path":"","propertyPath":"/CONTROLLING_AREA","modelName":"NewYardModel"},"interaction":{"idSuffix":"inner"}},"wdio_ui5_key":"etmportal.ui.manageyards.view.Newsap.m.Input{\"path\":\"\",\"propertyPath\":\"/CONTROLLING_AREA\",\"modelName\":\"NewYardModel\"}"}]}
RESULT: undefined
COMMAND: POST /session/68929459ca918a999f98598021acce7a/execute/async - {"script":"<script> [776 bytes]","args":[{"enterText":"Z001","selector":{"controlType":"sap.m.Input","viewName":"etm.portal.ui.manageyards.view.New","viewId":"application-manageyards-display-component---NewYard","bindingPath":{"path":"","propertyPath":"/CONTROLLING_AREA","modelName":"NewYardModel"},"interaction":{"idSuffix":"inner"}},"clearTextFirst":true,"interactionType":"ENTER_TEXT"}]}
RESULT: {}
RESULT: {"script":"<script> [776 bytes]","args":[{"enterText":"Z001","selector":{"controlType":"sap.m.Input","viewName":"etm.portal.ui.manageyards.view.New","viewId":"application-manageyards-display-component---NewYard","bindingPath":{"path":"","propertyPath":"/CONTROLLING_AREA","modelName":"NewYardModel"},"interaction":{"idSuffix":"inner"}},"clearTextFirst":true,"interactionType":"ENTER_TEXT"}]}
COMMAND: POST /session/68929459ca918a999f98598021acce7a/execute/async - {"script":"<script> [1562 bytes]","args":[{"selector":{"id":"application-manageyards-display-component---NewYard--companyCodeComboBox","interaction":{"idSuffix":"inner"}},"wdio_ui5_key":"applicationmanageyards-display-component---NewYard--companyCodeComboBox"}]}
RESULT: {"script":"<script> [1562 bytes]","args":[{"selector":{"id":"application-manageyards-display-component---NewYard--companyCodeComboBox","interaction":{"idSuffix":"inner"}},"wdio_ui5_key":"applicationmanageyards-display-component---NewYard--companyCodeComboBox"}]}
RESULT: undefined
COMMAND: POST /session/68929459ca918a999f98598021acce7a/execute/async - {"script":"<script> [776 bytes]","args":[{"enterText":"1000","selector":{"id":"application-manageyards-display-component---NewYard--companyCodeComboBox","interaction":{"idSuffix":"inner"}},"clearTextFirst":true,"interactionType":"ENTER_TEXT"}]}
RESULT: {"script":"<script> [776 bytes]","args":[{"enterText":"1000","selector":{"id":"application-manageyards-display-component---NewYard--companyCodeComboBox","interaction":{"idSuffix":"inner"}},"clearTextFirst":true,"interactionType":"ENTER_TEXT"}]}
COMMAND: POST /session/68929459ca918a999f98598021acce7a/execute/async - {"script":"<script> [1562 bytes]","args":[{"selector":{"controlType":"sap.m.Input","viewName":"etm.portal.ui.manageyards.view.New","viewId":"application-manageyards-display-component---NewYard","bindingPath":{"path":"","propertyPath":"/PLANT","modelName":"NewYardModel"},"interaction":{"idSuffix":"inner"}},"wdio_ui5_key":"etmportal.ui.manageyards.view.Newsap.m.Input{\"path\":\"\",\"propertyPath\":\"/PLANT\",\"modelName\":\"NewYardModel\"}"}]}
RESULT: {"script":"<script> [1562 bytes]","args":[{"selector":{"controlType":"sap.m.Input","viewName":"etm.portal.ui.manageyards.view.New","viewId":"application-manageyards-display-component---NewYard","bindingPath":{"path":"","propertyPath":"/PLANT","modelName":"NewYardModel"},"interaction":{"idSuffix":"inner"}},"wdio_ui5_key":"etmportal.ui.manageyards.view.Newsap.m.Input{\"path\":\"\",\"propertyPath\":\"/PLANT\",\"modelName\":\"NewYardModel\"}"}]}
RESULT: undefined
COMMAND: POST /session/68929459ca918a999f98598021acce7a/execute/async - {"script":"<script> [776 bytes]","args":[{"enterText":"1001","selector":{"controlType":"sap.m.Input","viewName":"etm.portal.ui.manageyards.view.New","viewId":"application-manageyards-display-component---NewYard","bindingPath":{"path":"","propertyPath":"/PLANT","modelName":"NewYardModel"},"interaction":{"idSuffix":"inner"}},"clearTextFirst":true,"interactionType":"ENTER_TEXT"}]}
RESULT: {"script":"<script> [776 bytes]","args":[{"enterText":"1001","selector":{"controlType":"sap.m.Input","viewName":"etm.portal.ui.manageyards.view.New","viewId":"application-manageyards-display-component---NewYard","bindingPath":{"path":"","propertyPath":"/PLANT","modelName":"NewYardModel"},"interaction":{"idSuffix":"inner"}},"clearTextFirst":true,"interactionType":"ENTER_TEXT"}]}
COMMAND: POST /session/68929459ca918a999f98598021acce7a/execute/async - {"script":"<script> [1562 bytes]","args":[{"selector":{"controlType":"sap.m.Input","viewName":"etm.portal.ui.manageyards.view.New","viewId":"application-manageyards-display-component---NewYard","bindingPath":{"path":"","propertyPath":"/SALES_AREA_VKORG","modelName":"NewYardModel"},"interaction":{"idSuffix":"inner"}},"wdio_ui5_key":"etmportal.ui.manageyards.view.Newsap.m.Input{\"path\":\"\",\"propertyPath\":\"/SALES_AREA_VKORG\",\"modelName\":\"NewYardModel\"}"}]}
RESULT: {"script":"<script> [1562 bytes]","args":[{"selector":{"controlType":"sap.m.Input","viewName":"etm.portal.ui.manageyards.view.New","viewId":"application-manageyards-display-component---NewYard","bindingPath":{"path":"","propertyPath":"/SALES_AREA_VKORG","modelName":"NewYardModel"},"interaction":{"idSuffix":"inner"}},"wdio_ui5_key":"etmportal.ui.manageyards.view.Newsap.m.Input{\"path\":\"\",\"propertyPath\":\"/SALES_AREA_VKORG\",\"modelName\":\"NewYardModel\"}"}]}
RESULT: undefined
COMMAND: POST /session/68929459ca918a999f98598021acce7a/execute/async - {"script":"<script> [776 bytes]","args":[{"enterText":"C002","selector":{"controlType":"sap.m.Input","viewName":"etm.portal.ui.manageyards.view.New","viewId":"application-manageyards-display-component---NewYard","bindingPath":{"path":"","propertyPath":"/SALES_AREA_VKORG","modelName":"NewYardModel"},"interaction":{"idSuffix":"inner"}},"clearTextFirst":true,"interactionType":"ENTER_TEXT"}]}
RESULT: {"script":"<script> [776 bytes]","args":[{"enterText":"C002","selector":{"controlType":"sap.m.Input","viewName":"etm.portal.ui.manageyards.view.New","viewId":"application-manageyards-display-component---NewYard","bindingPath":{"path":"","propertyPath":"/SALES_AREA_VKORG","modelName":"NewYardModel"},"interaction":{"idSuffix":"inner"}},"clearTextFirst":true,"interactionType":"ENTER_TEXT"}]}
COMMAND: POST /session/68929459ca918a999f98598021acce7a/execute/async - {"script":"<script> [1562 bytes]","args":[{"selector":{"controlType":"sap.m.Input","viewName":"etm.portal.ui.manageyards.view.New","viewId":"application-manageyards-display-component---NewYard","bindingPath":{"path":"","propertyPath":"/SALES_AREA_VTWEG","modelName":"NewYardModel"},"interaction":{"idSuffix":"inner"}},"wdio_ui5_key":"etmportal.ui.manageyards.view.Newsap.m.Input{\"path\":\"\",\"propertyPath\":\"/SALES_AREA_VTWEG\",\"modelName\":\"NewYardModel\"}"}]}
RESULT: {"script":"<script> [1562 bytes]","args":[{"selector":{"controlType":"sap.m.Input","viewName":"etm.portal.ui.manageyards.view.New","viewId":"application-manageyards-display-component---NewYard","bindingPath":{"path":"","propertyPath":"/SALES_AREA_VTWEG","modelName":"NewYardModel"},"interaction":{"idSuffix":"inner"}},"wdio_ui5_key":"etmportal.ui.manageyards.view.Newsap.m.Input{\"path\":\"\",\"propertyPath\":\"/SALES_AREA_VTWEG\",\"modelName\":\"NewYardModel\"}"}]}
RESULT: undefined
COMMAND: POST /session/68929459ca918a999f98598021acce7a/execute/async - {"script":"<script> [776 bytes]","args":[{"enterText":"C2","selector":{"controlType":"sap.m.Input","viewName":"etm.portal.ui.manageyards.view.New","viewId":"application-manageyards-display-component---NewYard","bindingPath":{"path":"","propertyPath":"/SALES_AREA_VTWEG","modelName":"NewYardModel"},"interaction":{"idSuffix":"inner"}},"clearTextFirst":true,"interactionType":"ENTER_TEXT"}]}
RESULT: {"script":"<script> [776 bytes]","args":[{"enterText":"C2","selector":{"controlType":"sap.m.Input","viewName":"etm.portal.ui.manageyards.view.New","viewId":"application-manageyards-display-component---NewYard","bindingPath":{"path":"","propertyPath":"/SALES_AREA_VTWEG","modelName":"NewYardModel"},"interaction":{"idSuffix":"inner"}},"clearTextFirst":true,"interactionType":"ENTER_TEXT"}]}
COMMAND: POST /session/68929459ca918a999f98598021acce7a/execute/async - {"script":"<script> [1562 bytes]","args":[{"selector":{"controlType":"sap.m.Input","viewName":"etm.portal.ui.manageyards.view.New","viewId":"application-manageyards-display-component---NewYard","bindingPath":{"path":"","propertyPath":"/SALES_AREA_SPART","modelName":"NewYardModel"},"interaction":{"idSuffix":"inner"}},"wdio_ui5_key":"etmportal.ui.manageyards.view.Newsap.m.Input{\"path\":\"\",\"propertyPath\":\"/SALES_AREA_SPART\",\"modelName\":\"NewYardModel\"}"}]}
RESULT: {"script":"<script> [1562 bytes]","args":[{"selector":{"controlType":"sap.m.Input","viewName":"etm.portal.ui.manageyards.view.New","viewId":"application-manageyards-display-component---NewYard","bindingPath":{"path":"","propertyPath":"/SALES_AREA_SPART","modelName":"NewYardModel"},"interaction":{"idSuffix":"inner"}},"wdio_ui5_key":"etmportal.ui.manageyards.view.Newsap.m.Input{\"path\":\"\",\"propertyPath\":\"/SALES_AREA_SPART\",\"modelName\":\"NewYardModel\"}"}]}
RESULT: undefined
COMMAND: POST /session/68929459ca918a999f98598021acce7a/execute/async - {"script":"<script> [776 bytes]","args":[{"enterText":"C2","selector":{"controlType":"sap.m.Input","viewName":"etm.portal.ui.manageyards.view.New","viewId":"application-manageyards-display-component---NewYard","bindingPath":{"path":"","propertyPath":"/SALES_AREA_SPART","modelName":"NewYardModel"},"interaction":{"idSuffix":"inner"}},"clearTextFirst":true,"interactionType":"ENTER_TEXT"}]}
RESULT: {"script":"<script> [776 bytes]","args":[{"enterText":"C2","selector":{"controlType":"sap.m.Input","viewName":"etm.portal.ui.manageyards.view.New","viewId":"application-manageyards-display-component---NewYard","bindingPath":{"path":"","propertyPath":"/SALES_AREA_SPART","modelName":"NewYardModel"},"interaction":{"idSuffix":"inner"}},"clearTextFirst":true,"interactionType":"ENTER_TEXT"}]}
COMMAND: POST /session/68929459ca918a999f98598021acce7a/execute/async - {"script":"<script> [1562 bytes]","args":[{"selector":{"controlType":"sap.m.Input","viewName":"etm.portal.ui.manageyards.view.New","viewId":"application-manageyards-display-component---NewYard","bindingPath":{"path":"","propertyPath":"/SHIP_POINT","modelName":"NewYardModel"},"interaction":{"idSuffix":"inner"}},"wdio_ui5_key":"etmportal.ui.manageyards.view.Newsap.m.Input{\"path\":\"\",\"propertyPath\":\"/SHIP_POINT\",\"modelName\":\"NewYardModel\"}"}]}
RESULT: {"script":"<script> [1562 bytes]","args":[{"selector":{"controlType":"sap.m.Input","viewName":"etm.portal.ui.manageyards.view.New","viewId":"application-manageyards-display-component---NewYard","bindingPath":{"path":"","propertyPath":"/SHIP_POINT","modelName":"NewYardModel"},"interaction":{"idSuffix":"inner"}},"wdio_ui5_key":"etmportal.ui.manageyards.view.Newsap.m.Input{\"path\":\"\",\"propertyPath\":\"/SHIP_POINT\",\"modelName\":\"NewYardModel\"}"}]}
RESULT: undefined
COMMAND: POST /session/68929459ca918a999f98598021acce7a/execute/async - {"script":"<script> [776 bytes]","args":[{"enterText":"1710","selector":{"controlType":"sap.m.Input","viewName":"etm.portal.ui.manageyards.view.New","viewId":"application-manageyards-display-component---NewYard","bindingPath":{"path":"","propertyPath":"/SHIP_POINT","modelName":"NewYardModel"},"interaction":{"idSuffix":"inner"}},"clearTextFirst":true,"interactionType":"ENTER_TEXT"}]}
RESULT: {"script":"<script> [776 bytes]","args":[{"enterText":"1710","selector":{"controlType":"sap.m.Input","viewName":"etm.portal.ui.manageyards.view.New","viewId":"application-manageyards-display-component---NewYard","bindingPath":{"path":"","propertyPath":"/SHIP_POINT","modelName":"NewYardModel"},"interaction":{"idSuffix":"inner"}},"clearTextFirst":true,"interactionType":"ENTER_TEXT"}]}
COMMAND: POST /session/68929459ca918a999f98598021acce7a/execute/async - {"script":"<script> [1562 bytes]","args":[{"selector":{"controlType":"sap.m.Input","viewName":"etm.portal.ui.manageyards.view.New","viewId":"application-manageyards-display-component---NewYard","bindingPath":{"path":"","propertyPath":"/DELIVERY_TYPE","modelName":"NewYardModel"},"interaction":{"idSuffix":"inner"}},"wdio_ui5_key":"etmportal.ui.manageyards.view.Newsap.m.Input{\"path\":\"\",\"propertyPath\":\"/DELIVERY_TYPE\",\"modelName\":\"NewYardModel\"}"}]}
RESULT: {"script":"<script> [1562 bytes]","args":[{"selector":{"controlType":"sap.m.Input","viewName":"etm.portal.ui.manageyards.view.New","viewId":"application-manageyards-display-component---NewYard","bindingPath":{"path":"","propertyPath":"/DELIVERY_TYPE","modelName":"NewYardModel"},"interaction":{"idSuffix":"inner"}},"wdio_ui5_key":"etmportal.ui.manageyards.view.Newsap.m.Input{\"path\":\"\",\"propertyPath\":\"/DELIVERY_TYPE\",\"modelName\":\"NewYardModel\"}"}]}
RESULT: undefined
COMMAND: POST /session/68929459ca918a999f98598021acce7a/execute/async - {"script":"<script> [776 bytes]","args":[{"enterText":"ZL01","selector":{"controlType":"sap.m.Input","viewName":"etm.portal.ui.manageyards.view.New","viewId":"application-manageyards-display-component---NewYard","bindingPath":{"path":"","propertyPath":"/DELIVERY_TYPE","modelName":"NewYardModel"},"interaction":{"idSuffix":"inner"}},"clearTextFirst":true,"interactionType":"ENTER_TEXT"}]}
RESULT: {"script":"<script> [776 bytes]","args":[{"enterText":"ZL01","selector":{"controlType":"sap.m.Input","viewName":"etm.portal.ui.manageyards.view.New","viewId":"application-manageyards-display-component---NewYard","bindingPath":{"path":"","propertyPath":"/DELIVERY_TYPE","modelName":"NewYardModel"},"interaction":{"idSuffix":"inner"}},"clearTextFirst":true,"interactionType":"ENTER_TEXT"}]}
COMMAND: POST /session/68929459ca918a999f98598021acce7a/execute/async - {"script":"<script> [1562 bytes]","args":[{"selector":{"controlType":"sap.m.Input","viewName":"etm.portal.ui.manageyards.view.New","viewId":"application-manageyards-display-component---NewYard","bindingPath":{"path":"","propertyPath":"/AUART","modelName":"NewYardModel"},"interaction":{"idSuffix":"inner"}},"wdio_ui5_key":"etmportal.ui.manageyards.view.Newsap.m.Input{\"path\":\"\",\"propertyPath\":\"/AUART\",\"modelName\":\"NewYardModel\"}"}]}
RESULT: {"script":"<script> [1562 bytes]","args":[{"selector":{"controlType":"sap.m.Input","viewName":"etm.portal.ui.manageyards.view.New","viewId":"application-manageyards-display-component---NewYard","bindingPath":{"path":"","propertyPath":"/AUART","modelName":"NewYardModel"},"interaction":{"idSuffix":"inner"}},"wdio_ui5_key":"etmportal.ui.manageyards.view.Newsap.m.Input{\"path\":\"\",\"propertyPath\":\"/AUART\",\"modelName\":\"NewYardModel\"}"}]}
RESULT: undefined
COMMAND: POST /session/68929459ca918a999f98598021acce7a/execute/async - {"script":"<script> [776 bytes]","args":[{"enterText":"TA","selector":{"controlType":"sap.m.Input","viewName":"etm.portal.ui.manageyards.view.New","viewId":"application-manageyards-display-component---NewYard","bindingPath":{"path":"","propertyPath":"/AUART","modelName":"NewYardModel"},"interaction":{"idSuffix":"inner"}},"clearTextFirst":true,"interactionType":"ENTER_TEXT"}]}
RESULT: {"script":"<script> [776 bytes]","args":[{"enterText":"TA","selector":{"controlType":"sap.m.Input","viewName":"etm.portal.ui.manageyards.view.New","viewId":"application-manageyards-display-component---NewYard","bindingPath":{"path":"","propertyPath":"/AUART","modelName":"NewYardModel"},"interaction":{"idSuffix":"inner"}},"clearTextFirst":true,"interactionType":"ENTER_TEXT"}]}
COMMAND: POST /session/68929459ca918a999f98598021acce7a/element - {"using":"xpath","value":"//button[@data-kt=\"newYardSaveButton\"]"}
RESULT: {"using":"xpath","value":"//button[@data-kt=\"newYardSaveButton\"]"}
COMMAND: POST /session/68929459ca918a999f98598021acce7a/element/f.41167B24BF7F3EFA47545F25B3BF6A01.d.B8D712294E153FA4F5968A44C39C03EA.e.688/click - {}
RESULT: {}
COMMAND: GET /session/68929459ca918a999f98598021acce7a/screenshot - {}
RESULT: {}
COMMAND: POST /session/68929459ca918a999f98598021acce7a/element - {"using":"xpath","value":"//header[contains(@id, 'ObjectPageLayout-headerTitle')]/div[1]/div[2]/div[1]/span[1]"}
RESULT: {"using":"xpath","value":"//header[contains(@id, 'ObjectPageLayout-headerTitle')]/div[1]/div[2]/div[1]/span[1]"}
COMMAND: POST /session/68929459ca918a999f98598021acce7a/elements - {"using":"xpath","value":"//header[contains(@id, 'ObjectPageLayout-headerTitle')]/div[1]/div[2]/div[1]/span[1]"}
RESULT: {"using":"xpath","value":"//header[contains(@id, 'ObjectPageLayout-headerTitle')]/div[1]/div[2]/div[1]/span[1]"}
COMMAND: POST /session/68929459ca918a999f98598021acce7a/execute/sync - {"script":"<script> [56 bytes]","args":[{"element-6066-11e4-a52e-4f735466cecf":"f.41167B24BF7F3EFA47545F25B3BF6A01.d.B8D712294E153FA4F5968A44C39C03EA.e.1010","ELEMENT":"f.41167B24BF7F3EFA47545F25B3BF6A01.d.B8D712294E153FA4F5968A44C39C03EA.e.1010"}]}
RESULT: {"script":"<script> [56 bytes]","args":[{"element-6066-11e4-a52e-4f735466cecf":"f.41167B24BF7F3EFA47545F25B3BF6A01.d.B8D712294E153FA4F5968A44C39C03EA.e.1010","ELEMENT":"f.41167B24BF7F3EFA47545F25B3BF6A01.d.B8D712294E153FA4F5968A44C39C03EA.e.1010"}]}
COMMAND: GET /session/68929459ca918a999f98598021acce7a/screenshot - {}
RESULT: {}
COMMAND: POST /session/68929459ca918a999f98598021acce7a/element - {"using":"css selector","value":"#shell-header-logo"}
RESULT: {"using":"css selector","value":"#shell-header-logo"}
COMMAND: POST /session/68929459ca918a999f98598021acce7a/element/f.41167B24BF7F3EFA47545F25B3BF6A01.d.B8D712294E153FA4F5968A44C39C03EA.e.262/click - {}
RESULT: {}
COMMAND: GET /session/68929459ca918a999f98598021acce7a/screenshot - {}
RESULT: {}
COMMAND: POST /session/68929459ca918a999f98598021acce7a/execute/sync - {"script":"<script> [299 bytes]","args":[["getModel","getResource"]]}
RESULT: {"script":"<script> [299 bytes]","args":[["getModel","getResource"]]}
COMMAND: GET /session/68929459ca918a999f98598021acce7a/screenshot - {}
]]></system-out>
    </testcase>
    <testcase classname="chrome.136_0_7103_49.windows.Create_condition_pricing_US117289_US134625" name="Should create a new equipment used for all following tests" time="145.001">
      <system-out><![CDATA[
COMMAND: POST /session/68929459ca918a999f98598021acce7a/execute/async - {"script":"<script> [1562 bytes]","args":[{"selector":{"controlType":"sap.m.GenericTile","properties":{"header":"Manage Resources"}},"wdio_ui5_key":"sapm.GenericTile{\"header\":\"Manage Resources\"}"}]}
RESULT: {}
RESULT: {"script":"<script> [1562 bytes]","args":[{"selector":{"controlType":"sap.m.GenericTile","properties":{"header":"Manage Resources"}},"wdio_ui5_key":"sapm.GenericTile{\"header\":\"Manage Resources\"}"}]}
RESULT: undefined
COMMAND: POST /session/68929459ca918a999f98598021acce7a/element - {"using":"xpath","value":"//*[@id=\"__tile39\"]"}
RESULT: {"using":"xpath","value":"//*[@id=\"__tile39\"]"}
COMMAND: POST /session/68929459ca918a999f98598021acce7a/element/f.41167B24BF7F3EFA47545F25B3BF6A01.d.B8D712294E153FA4F5968A44C39C03EA.e.160/click - {}
RESULT: {}
COMMAND: GET /session/68929459ca918a999f98598021acce7a/screenshot - {}
RESULT: {}
COMMAND: POST /session/68929459ca918a999f98598021acce7a/elements - {"using":"xpath","value":"//span[text()='Error']"}
RESULT: {"using":"xpath","value":"//span[text()='Error']"}
COMMAND: POST /session/68929459ca918a999f98598021acce7a/element - {"using":"xpath","value":"//button[@data-kt=\"addNewRUOverflowToolbarButton\"]"}
RESULT: {"using":"xpath","value":"//button[@data-kt=\"addNewRUOverflowToolbarButton\"]"}
COMMAND: POST /session/68929459ca918a999f98598021acce7a/elements - {"using":"xpath","value":"//button[@data-kt=\"addNewRUOverflowToolbarButton\"]"}
RESULT: {"using":"xpath","value":"//button[@data-kt=\"addNewRUOverflowToolbarButton\"]"}
COMMAND: POST /session/68929459ca918a999f98598021acce7a/elements - {"using":"xpath","value":"//button[@data-kt=\"addNewRUOverflowToolbarButton\"]"}
RESULT: {"using":"xpath","value":"//button[@data-kt=\"addNewRUOverflowToolbarButton\"]"}
COMMAND: POST /session/68929459ca918a999f98598021acce7a/elements - {"using":"xpath","value":"//button[@data-kt=\"addNewRUOverflowToolbarButton\"]"}
RESULT: {"using":"xpath","value":"//button[@data-kt=\"addNewRUOverflowToolbarButton\"]"}
COMMAND: POST /session/68929459ca918a999f98598021acce7a/element - {"using":"xpath","value":"//button[@data-kt=\"addNewRUOverflowToolbarButton\"]"}
RESULT: {"using":"xpath","value":"//button[@data-kt=\"addNewRUOverflowToolbarButton\"]"}
COMMAND: POST /session/68929459ca918a999f98598021acce7a/execute/sync - {"script":"<script> [8489 bytes]","args":[{"element-6066-11e4-a52e-4f735466cecf":"f.41167B24BF7F3EFA47545F25B3BF6A01.d.B8D712294E153FA4F5968A44C39C03EA.e.1044","ELEMENT":"f.41167B24BF7F3EFA47545F25B3BF6A01.d.B8D712294E153FA4F5968A44C39C03EA.e.1044"}]}
RESULT: {"script":"<script> [8489 bytes]","args":[{"element-6066-11e4-a52e-4f735466cecf":"f.41167B24BF7F3EFA47545F25B3BF6A01.d.B8D712294E153FA4F5968A44C39C03EA.e.1044","ELEMENT":"f.41167B24BF7F3EFA47545F25B3BF6A01.d.B8D712294E153FA4F5968A44C39C03EA.e.1044"}]}
COMMAND: GET /session/68929459ca918a999f98598021acce7a/element/f.41167B24BF7F3EFA47545F25B3BF6A01.d.B8D712294E153FA4F5968A44C39C03EA.e.1044/enabled - {}
COMMAND: GET /session/68929459ca918a999f98598021acce7a/screenshot - {}
RESULT: {}
COMMAND: POST /session/68929459ca918a999f98598021acce7a/execute/sync - {"script":"<script> [8489 bytes]","args":[{"element-6066-11e4-a52e-4f735466cecf":"f.41167B24BF7F3EFA47545F25B3BF6A01.d.B8D712294E153FA4F5968A44C39C03EA.e.1044","ELEMENT":"f.41167B24BF7F3EFA47545F25B3BF6A01.d.B8D712294E153FA4F5968A44C39C03EA.e.1044"}]}
COMMAND: GET /session/68929459ca918a999f98598021acce7a/screenshot - {}
RESULT: {}
RESULT: {"script":"<script> [8489 bytes]","args":[{"element-6066-11e4-a52e-4f735466cecf":"f.41167B24BF7F3EFA47545F25B3BF6A01.d.B8D712294E153FA4F5968A44C39C03EA.e.1044","ELEMENT":"f.41167B24BF7F3EFA47545F25B3BF6A01.d.B8D712294E153FA4F5968A44C39C03EA.e.1044"}]}
COMMAND: POST /session/68929459ca918a999f98598021acce7a/execute/sync - {"script":"<script> [5351 bytes]","args":[{"element-6066-11e4-a52e-4f735466cecf":"f.41167B24BF7F3EFA47545F25B3BF6A01.d.B8D712294E153FA4F5968A44C39C03EA.e.1044","ELEMENT":"f.41167B24BF7F3EFA47545F25B3BF6A01.d.B8D712294E153FA4F5968A44C39C03EA.e.1044"}]}
COMMAND: GET /session/68929459ca918a999f98598021acce7a/screenshot - {}
RESULT: {}
RESULT: {"script":"<script> [5351 bytes]","args":[{"element-6066-11e4-a52e-4f735466cecf":"f.41167B24BF7F3EFA47545F25B3BF6A01.d.B8D712294E153FA4F5968A44C39C03EA.e.1044","ELEMENT":"f.41167B24BF7F3EFA47545F25B3BF6A01.d.B8D712294E153FA4F5968A44C39C03EA.e.1044"}]}
COMMAND: POST /session/68929459ca918a999f98598021acce7a/element/f.41167B24BF7F3EFA47545F25B3BF6A01.d.B8D712294E153FA4F5968A44C39C03EA.e.1044/click - {}
COMMAND: GET /session/68929459ca918a999f98598021acce7a/screenshot - {}
RESULT: {}
RESULT: {}
COMMAND: GET /session/68929459ca918a999f98598021acce7a/screenshot - {}
COMMAND: POST /session/68929459ca918a999f98598021acce7a/execute/async - {"script":"<script> [1562 bytes]","args":[{"selector":{"id":"application-manageresources-display-component---newResourceUnit--TYPE-arrow"},"wdio_ui5_key":"applicationmanageresources-display-component---newResourceUnit--TYPE-arrow"}]}
RESULT: {}
RESULT: {}
RESULT: {"script":"<script> [1562 bytes]","args":[{"selector":{"id":"application-manageresources-display-component---newResourceUnit--TYPE-arrow"},"wdio_ui5_key":"applicationmanageresources-display-component---newResourceUnit--TYPE-arrow"}]}
RESULT: undefined
COMMAND: POST /session/68929459ca918a999f98598021acce7a/element - {"using":"xpath","value":"//*[@id=\"application-manageresources-display-component---newResourceUnit--TYPE-arrow\"]"}
RESULT: {"using":"xpath","value":"//*[@id=\"application-manageresources-display-component---newResourceUnit--TYPE-arrow\"]"}
COMMAND: POST /session/68929459ca918a999f98598021acce7a/element/f.41167B24BF7F3EFA47545F25B3BF6A01.d.B8D712294E153FA4F5968A44C39C03EA.e.1406/click - {}
RESULT: {}
COMMAND: POST /session/68929459ca918a999f98598021acce7a/element - {"using":"xpath","value":"//input[@id=\"application-manageresources-display-component---newResourceUnit--TYPE-inner\"]"}
COMMAND: GET /session/68929459ca918a999f98598021acce7a/screenshot - {}
RESULT: {"using":"xpath","value":"//input[@id=\"application-manageresources-display-component---newResourceUnit--TYPE-inner\"]"}
COMMAND: POST /session/68929459ca918a999f98598021acce7a/element/f.41167B24BF7F3EFA47545F25B3BF6A01.d.B8D712294E153FA4F5968A44C39C03EA.e.1397/clear - {}
RESULT: {}
RESULT: {}
COMMAND: POST /session/68929459ca918a999f98598021acce7a/element/f.41167B24BF7F3EFA47545F25B3BF6A01.d.B8D712294E153FA4F5968A44C39C03EA.e.1397/value - {"text":"Equipment"}
COMMAND: GET /session/68929459ca918a999f98598021acce7a/screenshot - {}
RESULT: {"text":"Equipment"}
COMMAND: GET /session/68929459ca918a999f98598021acce7a/screenshot - {}
RESULT: {}
RESULT: {}
COMMAND: POST /session/68929459ca918a999f98598021acce7a/actions - {"actions":[{"id":"action2","type":"key","parameters":{},"actions":[{"type":"keyDown","value":"î€‡"},{"type":"pause","duration":10},{"type":"keyUp","value":"î€‡"}]}]}
RESULT: {"actions":[{"id":"action2","type":"key","parameters":{},"actions":[{"type":"keyDown","value":"î€‡"},{"type":"pause","duration":10},{"type":"keyUp","value":"î€‡"}]}]}
COMMAND: POST /session/68929459ca918a999f98598021acce7a/execute/async - {"script":"<script> [1562 bytes]","args":[{"selector":{"id":"application-manageresources-display-component---newResourceUnit--resourceId","interaction":{"idSuffix":"inner"}},"wdio_ui5_key":"applicationmanageresources-display-component---newResourceUnit--resourceId"}]}
COMMAND: GET /session/68929459ca918a999f98598021acce7a/screenshot - {}
RESULT: {"script":"<script> [1562 bytes]","args":[{"selector":{"id":"application-manageresources-display-component---newResourceUnit--resourceId","interaction":{"idSuffix":"inner"}},"wdio_ui5_key":"applicationmanageresources-display-component---newResourceUnit--resourceId"}]}
RESULT: undefined
COMMAND: POST /session/68929459ca918a999f98598021acce7a/execute/async - {"script":"<script> [776 bytes]","args":[{"enterText":"WIWVQ6sFZV","selector":{"id":"application-manageresources-display-component---newResourceUnit--resourceId","interaction":{"idSuffix":"inner"}},"clearTextFirst":true,"interactionType":"ENTER_TEXT"}]}
RESULT: {}
RESULT: {"script":"<script> [776 bytes]","args":[{"enterText":"WIWVQ6sFZV","selector":{"id":"application-manageresources-display-component---newResourceUnit--resourceId","interaction":{"idSuffix":"inner"}},"clearTextFirst":true,"interactionType":"ENTER_TEXT"}]}
COMMAND: POST /session/68929459ca918a999f98598021acce7a/execute/async - {"script":"<script> [1562 bytes]","args":[{"selector":{"id":"application-manageresources-display-component---newResourceUnit--SHORT_TEXT","interaction":{"idSuffix":"inner"}},"wdio_ui5_key":"applicationmanageresources-display-component---newResourceUnit--SHORT_TEXT"}]}
RESULT: {"script":"<script> [1562 bytes]","args":[{"selector":{"id":"application-manageresources-display-component---newResourceUnit--SHORT_TEXT","interaction":{"idSuffix":"inner"}},"wdio_ui5_key":"applicationmanageresources-display-component---newResourceUnit--SHORT_TEXT"}]}
RESULT: undefined
COMMAND: POST /session/68929459ca918a999f98598021acce7a/execute/async - {"script":"<script> [776 bytes]","args":[{"enterText":"Intercompany Equipment WDIO","selector":{"id":"application-manageresources-display-component---newResourceUnit--SHORT_TEXT","interaction":{"idSuffix":"inner"}},"clearTextFirst":true,"interactionType":"ENTER_TEXT"}]}
RESULT: {"script":"<script> [776 bytes]","args":[{"enterText":"Intercompany Equipment WDIO","selector":{"id":"application-manageresources-display-component---newResourceUnit--SHORT_TEXT","interaction":{"idSuffix":"inner"}},"clearTextFirst":true,"interactionType":"ENTER_TEXT"}]}
COMMAND: POST /session/68929459ca918a999f98598021acce7a/execute/async - {"script":"<script> [1562 bytes]","args":[{"selector":{"id":"application-manageresources-display-component---newResourceUnit--BASE_UNIT_OF_MEASURE","interaction":{"idSuffix":"inner"}},"wdio_ui5_key":"applicationmanageresources-display-component---newResourceUnit--BASE_UNIT_OF_MEASURE"}]}
RESULT: {"script":"<script> [1562 bytes]","args":[{"selector":{"id":"application-manageresources-display-component---newResourceUnit--BASE_UNIT_OF_MEASURE","interaction":{"idSuffix":"inner"}},"wdio_ui5_key":"applicationmanageresources-display-component---newResourceUnit--BASE_UNIT_OF_MEASURE"}]}
RESULT: undefined
COMMAND: POST /session/68929459ca918a999f98598021acce7a/execute/async - {"script":"<script> [776 bytes]","args":[{"enterText":"Piece","selector":{"id":"application-manageresources-display-component---newResourceUnit--BASE_UNIT_OF_MEASURE","interaction":{"idSuffix":"inner"}},"clearTextFirst":true,"interactionType":"ENTER_TEXT"}]}
RESULT: {"script":"<script> [776 bytes]","args":[{"enterText":"Piece","selector":{"id":"application-manageresources-display-component---newResourceUnit--BASE_UNIT_OF_MEASURE","interaction":{"idSuffix":"inner"}},"clearTextFirst":true,"interactionType":"ENTER_TEXT"}]}
COMMAND: POST /session/68929459ca918a999f98598021acce7a/execute/async - {"script":"<script> [1562 bytes]","args":[{"selector":{"id":"application-manageresources-display-component---newResourceUnit--WEIGHT_UNIT","interaction":{"idSuffix":"inner"}},"wdio_ui5_key":"applicationmanageresources-display-component---newResourceUnit--WEIGHT_UNIT"}]}
RESULT: {"script":"<script> [1562 bytes]","args":[{"selector":{"id":"application-manageresources-display-component---newResourceUnit--WEIGHT_UNIT","interaction":{"idSuffix":"inner"}},"wdio_ui5_key":"applicationmanageresources-display-component---newResourceUnit--WEIGHT_UNIT"}]}
RESULT: undefined
COMMAND: POST /session/68929459ca918a999f98598021acce7a/execute/async - {"script":"<script> [776 bytes]","args":[{"enterText":"Gram","selector":{"id":"application-manageresources-display-component---newResourceUnit--WEIGHT_UNIT","interaction":{"idSuffix":"inner"}},"clearTextFirst":true,"interactionType":"ENTER_TEXT"}]}
RESULT: {"script":"<script> [776 bytes]","args":[{"enterText":"Gram","selector":{"id":"application-manageresources-display-component---newResourceUnit--WEIGHT_UNIT","interaction":{"idSuffix":"inner"}},"clearTextFirst":true,"interactionType":"ENTER_TEXT"}]}
COMMAND: POST /session/68929459ca918a999f98598021acce7a/execute/async - {"script":"<script> [1562 bytes]","args":[{"selector":{"id":"application-manageresources-display-component---newResourceUnit--DIMENSION_UNIT","interaction":{"idSuffix":"inner"}},"wdio_ui5_key":"applicationmanageresources-display-component---newResourceUnit--DIMENSION_UNIT"}]}
RESULT: {"script":"<script> [1562 bytes]","args":[{"selector":{"id":"application-manageresources-display-component---newResourceUnit--DIMENSION_UNIT","interaction":{"idSuffix":"inner"}},"wdio_ui5_key":"applicationmanageresources-display-component---newResourceUnit--DIMENSION_UNIT"}]}
RESULT: undefined
COMMAND: POST /session/68929459ca918a999f98598021acce7a/execute/async - {"script":"<script> [776 bytes]","args":[{"enterText":"Meter","selector":{"id":"application-manageresources-display-component---newResourceUnit--DIMENSION_UNIT","interaction":{"idSuffix":"inner"}},"clearTextFirst":true,"interactionType":"ENTER_TEXT"}]}
RESULT: {"script":"<script> [776 bytes]","args":[{"enterText":"Meter","selector":{"id":"application-manageresources-display-component---newResourceUnit--DIMENSION_UNIT","interaction":{"idSuffix":"inner"}},"clearTextFirst":true,"interactionType":"ENTER_TEXT"}]}
COMMAND: POST /session/68929459ca918a999f98598021acce7a/execute/async - {"script":"<script> [1562 bytes]","args":[{"selector":{"id":"application-manageresources-display-component---newResourceUnit--newRRUPage-anchBar-application-manageresources-display-component---newResourceUnit--control-anchor","interaction":{"idSuffix":"BDI-content"}},"wdio_ui5_key":"applicationmanageresources-display-component---newResourceUnit--newRRUPage-anchBar-application-manageresources-display-component---newResourceUnit--control-anchor"}]}
RESULT: {"script":"<script> [1562 bytes]","args":[{"selector":{"id":"application-manageresources-display-component---newResourceUnit--newRRUPage-anchBar-application-manageresources-display-component---newResourceUnit--control-anchor","interaction":{"idSuffix":"BDI-content"}},"wdio_ui5_key":"applicationmanageresources-display-component---newResourceUnit--newRRUPage-anchBar-application-manageresources-display-component---newResourceUnit--control-anchor"}]}
RESULT: undefined
COMMAND: POST /session/68929459ca918a999f98598021acce7a/element - {"using":"xpath","value":"//*[@id=\"application-manageresources-display-component---newResourceUnit--newRRUPage-anchBar-application-manageresources-display-component---newResourceUnit--control-anchor\"]"}
RESULT: {"using":"xpath","value":"//*[@id=\"application-manageresources-display-component---newResourceUnit--newRRUPage-anchBar-application-manageresources-display-component---newResourceUnit--control-anchor\"]"}
COMMAND: POST /session/68929459ca918a999f98598021acce7a/element/f.41167B24BF7F3EFA47545F25B3BF6A01.d.B8D712294E153FA4F5968A44C39C03EA.e.1536/click - {}
RESULT: {}
COMMAND: POST /session/68929459ca918a999f98598021acce7a/execute/async - {"script":"<script> [1562 bytes]","args":[{"selector":{"id":"application-manageresources-display-component---newResourceUnit--PLANNING_GROUP","interaction":{"idSuffix":"inner"}},"wdio_ui5_key":"applicationmanageresources-display-component---newResourceUnit--PLANNING_GROUP"}]}
COMMAND: GET /session/68929459ca918a999f98598021acce7a/screenshot - {}
RESULT: {"script":"<script> [1562 bytes]","args":[{"selector":{"id":"application-manageresources-display-component---newResourceUnit--PLANNING_GROUP","interaction":{"idSuffix":"inner"}},"wdio_ui5_key":"applicationmanageresources-display-component---newResourceUnit--PLANNING_GROUP"}]}
RESULT: undefined
COMMAND: POST /session/68929459ca918a999f98598021acce7a/execute/async - {"script":"<script> [776 bytes]","args":[{"enterText":"Heavy Equi","selector":{"id":"application-manageresources-display-component---newResourceUnit--PLANNING_GROUP","interaction":{"idSuffix":"inner"}},"clearTextFirst":true,"interactionType":"ENTER_TEXT"}]}
RESULT: {}
RESULT: {"script":"<script> [776 bytes]","args":[{"enterText":"Heavy Equi","selector":{"id":"application-manageresources-display-component---newResourceUnit--PLANNING_GROUP","interaction":{"idSuffix":"inner"}},"clearTextFirst":true,"interactionType":"ENTER_TEXT"}]}
COMMAND: POST /session/68929459ca918a999f98598021acce7a/execute/async - {"script":"<script> [1562 bytes]","args":[{"selector":{"id":"application-manageresources-display-component---newResourceUnit--ITEM_TYPE-arrow"},"wdio_ui5_key":"applicationmanageresources-display-component---newResourceUnit--ITEM_TYPE-arrow"}]}
RESULT: {"script":"<script> [1562 bytes]","args":[{"selector":{"id":"application-manageresources-display-component---newResourceUnit--ITEM_TYPE-arrow"},"wdio_ui5_key":"applicationmanageresources-display-component---newResourceUnit--ITEM_TYPE-arrow"}]}
RESULT: undefined
COMMAND: POST /session/68929459ca918a999f98598021acce7a/element - {"using":"xpath","value":"//*[@id=\"application-manageresources-display-component---newResourceUnit--ITEM_TYPE-arrow\"]"}
RESULT: {"using":"xpath","value":"//*[@id=\"application-manageresources-display-component---newResourceUnit--ITEM_TYPE-arrow\"]"}
COMMAND: POST /session/68929459ca918a999f98598021acce7a/element/f.41167B24BF7F3EFA47545F25B3BF6A01.d.B8D712294E153FA4F5968A44C39C03EA.e.1543/click - {}
RESULT: {}
COMMAND: POST /session/68929459ca918a999f98598021acce7a/element - {"using":"xpath","value":"(//span[contains(text(), \"Resource Unit\")])[2]"}
COMMAND: GET /session/68929459ca918a999f98598021acce7a/screenshot - {}
RESULT: {"using":"xpath","value":"(//span[contains(text(), \"Resource Unit\")])[2]"}
COMMAND: POST /session/68929459ca918a999f98598021acce7a/element/f.41167B24BF7F3EFA47545F25B3BF6A01.d.B8D712294E153FA4F5968A44C39C03EA.e.1544/click - {}
RESULT: {}
RESULT: {}
COMMAND: GET /session/68929459ca918a999f98598021acce7a/screenshot - {}
RESULT: {}
COMMAND: POST /session/68929459ca918a999f98598021acce7a/element - {"using":"css selector","value":"#application-manageresources-display-component---newResourceUnit--btnAddTimeSegment"}
RESULT: {"using":"css selector","value":"#application-manageresources-display-component---newResourceUnit--btnAddTimeSegment"}
COMMAND: GET /session/68929459ca918a999f98598021acce7a/element/f.41167B24BF7F3EFA47545F25B3BF6A01.d.B8D712294E153FA4F5968A44C39C03EA.e.1545/rect - {}
RESULT: {}
COMMAND: GET /session/68929459ca918a999f98598021acce7a/window/rect - {}
RESULT: {}
COMMAND: POST /session/68929459ca918a999f98598021acce7a/execute/sync - {"script":"<script> [92 bytes]","args":[]}
RESULT: {"script":"<script> [92 bytes]","args":[]}
COMMAND: POST /session/68929459ca918a999f98598021acce7a/actions - {"actions":[{"id":"action3","type":"wheel","parameters":{},"actions":[{"type":"scroll","x":-1888,"y":-32,"deltaX":0,"deltaY":0,"duration":0,"origin":{"element-6066-11e4-a52e-4f735466cecf":"f.41167B24BF7F3EFA47545F25B3BF6A01.d.B8D712294E153FA4F5968A44C39C03EA.e.1545"}}]}]}
COMMAND: GET /session/68929459ca918a999f98598021acce7a/screenshot - {}
RESULT: {}
COMMAND: POST /session/68929459ca918a999f98598021acce7a/execute/sync - {"script":"<script> [79 bytes]","args":[{"element-6066-11e4-a52e-4f735466cecf":"f.41167B24BF7F3EFA47545F25B3BF6A01.d.B8D712294E153FA4F5968A44C39C03EA.e.1545","ELEMENT":"f.41167B24BF7F3EFA47545F25B3BF6A01.d.B8D712294E153FA4F5968A44C39C03EA.e.1545"},{"block":"start","inline":"nearest"}]}
RESULT: {"script":"<script> [79 bytes]","args":[{"element-6066-11e4-a52e-4f735466cecf":"f.41167B24BF7F3EFA47545F25B3BF6A01.d.B8D712294E153FA4F5968A44C39C03EA.e.1545","ELEMENT":"f.41167B24BF7F3EFA47545F25B3BF6A01.d.B8D712294E153FA4F5968A44C39C03EA.e.1545"},{"block":"start","inline":"nearest"}]}
COMMAND: POST /session/68929459ca918a999f98598021acce7a/execute/async - {"script":"<script> [1562 bytes]","args":[{"selector":{"id":"application-manageresources-display-component---newResourceUnit--btnAddTimeSegment","interaction":{"idSuffix":"inner"}},"wdio_ui5_key":"applicationmanageresources-display-component---newResourceUnit--btnAddTimeSegment"}]}
COMMAND: GET /session/68929459ca918a999f98598021acce7a/screenshot - {}
RESULT: {"script":"<script> [1562 bytes]","args":[{"selector":{"id":"application-manageresources-display-component---newResourceUnit--btnAddTimeSegment","interaction":{"idSuffix":"inner"}},"wdio_ui5_key":"applicationmanageresources-display-component---newResourceUnit--btnAddTimeSegment"}]}
RESULT: undefined
COMMAND: POST /session/68929459ca918a999f98598021acce7a/element - {"using":"xpath","value":"//*[@id=\"application-manageresources-display-component---newResourceUnit--btnAddTimeSegment\"]"}
RESULT: {}
RESULT: {"using":"xpath","value":"//*[@id=\"application-manageresources-display-component---newResourceUnit--btnAddTimeSegment\"]"}
COMMAND: POST /session/68929459ca918a999f98598021acce7a/element/f.41167B24BF7F3EFA47545F25B3BF6A01.d.B8D712294E153FA4F5968A44C39C03EA.e.1545/click - {}
RESULT: {}
COMMAND: GET /session/68929459ca918a999f98598021acce7a/screenshot - {}
RESULT: {}
COMMAND: POST /session/68929459ca918a999f98598021acce7a/element - {"using":"xpath","value":"//input[@id=\"application-manageresources-display-component---newResourceUnit--idRuTSAdmin-application-manageresources-display-component---newResourceUnit--RUTimeSegment-0-inner\"]"}
RESULT: {"using":"xpath","value":"//input[@id=\"application-manageresources-display-component---newResourceUnit--idRuTSAdmin-application-manageresources-display-component---newResourceUnit--RUTimeSegment-0-inner\"]"}
COMMAND: POST /session/68929459ca918a999f98598021acce7a/element/f.41167B24BF7F3EFA47545F25B3BF6A01.d.B8D712294E153FA4F5968A44C39C03EA.e.1551/clear - {}
RESULT: {}
COMMAND: POST /session/68929459ca918a999f98598021acce7a/element/f.41167B24BF7F3EFA47545F25B3BF6A01.d.B8D712294E153FA4F5968A44C39C03EA.e.1551/value - {"text":"363"}
COMMAND: GET /session/68929459ca918a999f98598021acce7a/screenshot - {}
RESULT: {"text":"363"}
COMMAND: GET /session/68929459ca918a999f98598021acce7a/screenshot - {}
RESULT: {}
RESULT: {}
COMMAND: POST /session/68929459ca918a999f98598021acce7a/element - {"using":"xpath","value":"//li[.//span[text()='363']]"}
RESULT: {"using":"xpath","value":"//li[.//span[text()='363']]"}
COMMAND: POST /session/68929459ca918a999f98598021acce7a/element/f.41167B24BF7F3EFA47545F25B3BF6A01.d.B8D712294E153FA4F5968A44C39C03EA.e.1563/click - {}
RESULT: {}
COMMAND: GET /session/68929459ca918a999f98598021acce7a/screenshot - {}
RESULT: {}
COMMAND: POST /session/68929459ca918a999f98598021acce7a/element - {"using":"xpath","value":"(//span[contains(@id, \"-application-manageresources-display-component---newResourceUnit--RUTimeSegment-0-arrow\")])[6]"}
RESULT: {"using":"xpath","value":"(//span[contains(@id, \"-application-manageresources-display-component---newResourceUnit--RUTimeSegment-0-arrow\")])[6]"}
COMMAND: POST /session/68929459ca918a999f98598021acce7a/element/f.41167B24BF7F3EFA47545F25B3BF6A01.d.B8D712294E153FA4F5968A44C39C03EA.e.1564/click - {}
RESULT: {}
COMMAND: GET /session/68929459ca918a999f98598021acce7a/screenshot - {}
RESULT: {}
COMMAND: POST /session/68929459ca918a999f98598021acce7a/element - {"using":"xpath","value":"//span[contains(text(), \"PM Order\")]"}
RESULT: {"using":"xpath","value":"//span[contains(text(), \"PM Order\")]"}
COMMAND: POST /session/68929459ca918a999f98598021acce7a/element/f.41167B24BF7F3EFA47545F25B3BF6A01.d.B8D712294E153FA4F5968A44C39C03EA.e.1567/click - {}
RESULT: {}
COMMAND: GET /session/68929459ca918a999f98598021acce7a/screenshot - {}
RESULT: {}
COMMAND: POST /session/68929459ca918a999f98598021acce7a/element - {"using":"xpath","value":"(//span[contains(@id ,\"manageresources-display-component---newResourceUnit--RUTimeSegment-0-vhi\")])[1]"}
RESULT: {"using":"xpath","value":"(//span[contains(@id ,\"manageresources-display-component---newResourceUnit--RUTimeSegment-0-vhi\")])[1]"}
COMMAND: GET /session/68929459ca918a999f98598021acce7a/element/f.41167B24BF7F3EFA47545F25B3BF6A01.d.B8D712294E153FA4F5968A44C39C03EA.e.1571/rect - {}
RESULT: {}
COMMAND: GET /session/68929459ca918a999f98598021acce7a/window/rect - {}
RESULT: {}
COMMAND: POST /session/68929459ca918a999f98598021acce7a/execute/sync - {"script":"<script> [92 bytes]","args":[]}
RESULT: {"script":"<script> [92 bytes]","args":[]}
COMMAND: POST /session/68929459ca918a999f98598021acce7a/actions - {"actions":[{"id":"action4","type":"wheel","parameters":{},"actions":[{"type":"scroll","x":-869,"y":-24,"deltaX":0,"deltaY":0,"duration":0,"origin":{"element-6066-11e4-a52e-4f735466cecf":"f.41167B24BF7F3EFA47545F25B3BF6A01.d.B8D712294E153FA4F5968A44C39C03EA.e.1571"}}]}]}
COMMAND: GET /session/68929459ca918a999f98598021acce7a/screenshot - {}
RESULT: {"actions":[{"id":"action4","type":"wheel","parameters":{},"actions":[{"type":"scroll","x":-869,"y":-24,"deltaX":0,"deltaY":0,"duration":0,"origin":{"element-6066-11e4-a52e-4f735466cecf":"f.41167B24BF7F3EFA47545F25B3BF6A01.d.B8D712294E153FA4F5968A44C39C03EA.e.1571"}}]}]}
COMMAND: DELETE /session/68929459ca918a999f98598021acce7a/actions - {}
COMMAND: GET /session/68929459ca918a999f98598021acce7a/screenshot - {}
RESULT: {}
RESULT: {}
COMMAND: GET /session/68929459ca918a999f98598021acce7a/screenshot - {}
RESULT: {}
RESULT: {}
COMMAND: POST /session/68929459ca918a999f98598021acce7a/element/f.41167B24BF7F3EFA47545F25B3BF6A01.d.B8D712294E153FA4F5968A44C39C03EA.e.1571/click - {}
RESULT: {}
COMMAND: GET /session/68929459ca918a999f98598021acce7a/screenshot - {}
RESULT: {}
RESULT: undefined
COMMAND: POST /session/68929459ca918a999f98598021acce7a/execute/async - {"script":"<script> [776 bytes]","args":[{"enterText":"4000360","selector":{"controlType":"sap.m.SearchField","properties":{"placeholder":"Search"},"searchOpenDialogs":true,"interaction":{"idSuffix":"I"}},"clearTextFirst":true,"interactionType":"ENTER_TEXT"}]}
RESULT: {"script":"<script> [776 bytes]","args":[{"enterText":"4000360","selector":{"controlType":"sap.m.SearchField","properties":{"placeholder":"Search"},"searchOpenDialogs":true,"interaction":{"idSuffix":"I"}},"clearTextFirst":true,"interactionType":"ENTER_TEXT"}]}
COMMAND: POST /session/68929459ca918a999f98598021acce7a/actions - {"actions":[{"id":"action5","type":"key","parameters":{},"actions":[{"type":"keyDown","value":"î€‡"},{"type":"pause","duration":10},{"type":"keyUp","value":"î€‡"}]}]}
RESULT: {"actions":[{"id":"action5","type":"key","parameters":{},"actions":[{"type":"keyDown","value":"î€‡"},{"type":"pause","duration":10},{"type":"keyUp","value":"î€‡"}]}]}
COMMAND: GET /session/68929459ca918a999f98598021acce7a/screenshot - {}
RESULT: {}
COMMAND: POST /session/68929459ca918a999f98598021acce7a/element - {"using":"xpath","value":"//td/div/span[contains(text(), \"BGL Vehicles\")]"}
RESULT: {"using":"xpath","value":"//td/div/span[contains(text(), \"BGL Vehicles\")]"}
COMMAND: POST /session/68929459ca918a999f98598021acce7a/element/f.41167B24BF7F3EFA47545F25B3BF6A01.d.B8D712294E153FA4F5968A44C39C03EA.e.1592/click - {}
RESULT: {}
COMMAND: GET /session/68929459ca918a999f98598021acce7a/screenshot - {}
RESULT: {}
COMMAND: POST /session/68929459ca918a999f98598021acce7a/element - {"using":"xpath","value":"//bdi[contains(text(), \"OK\")]"}
RESULT: {"using":"xpath","value":"//bdi[contains(text(), \"OK\")]"}
COMMAND: POST /session/68929459ca918a999f98598021acce7a/element/f.41167B24BF7F3EFA47545F25B3BF6A01.d.B8D712294E153FA4F5968A44C39C03EA.e.1593/click - {}
RESULT: {}
COMMAND: GET /session/68929459ca918a999f98598021acce7a/screenshot - {}
RESULT: {}
COMMAND: POST /session/68929459ca918a999f98598021acce7a/execute/async - {"script":"<script> [1562 bytes]","args":[{"selector":{"id":"application-manageresources-display-component---newResourceUnit--newRRUPage-anchBar-application-manageresources-display-component---newResourceUnit--resource-anchor","interaction":{"idSuffix":"BDI-content"}},"wdio_ui5_key":"applicationmanageresources-display-component---newResourceUnit--newRRUPage-anchBar-application-manageresources-display-component---newResourceUnit--resource-anchor"}]}
RESULT: {"script":"<script> [1562 bytes]","args":[{"selector":{"id":"application-manageresources-display-component---newResourceUnit--newRRUPage-anchBar-application-manageresources-display-component---newResourceUnit--resource-anchor","interaction":{"idSuffix":"BDI-content"}},"wdio_ui5_key":"applicationmanageresources-display-component---newResourceUnit--newRRUPage-anchBar-application-manageresources-display-component---newResourceUnit--resource-anchor"}]}
RESULT: undefined
COMMAND: POST /session/68929459ca918a999f98598021acce7a/element - {"using":"xpath","value":"//*[@id=\"application-manageresources-display-component---newResourceUnit--newRRUPage-anchBar-application-manageresources-display-component---newResourceUnit--resource-anchor\"]"}
RESULT: {"using":"xpath","value":"//*[@id=\"application-manageresources-display-component---newResourceUnit--newRRUPage-anchBar-application-manageresources-display-component---newResourceUnit--resource-anchor\"]"}
COMMAND: POST /session/68929459ca918a999f98598021acce7a/element/f.41167B24BF7F3EFA47545F25B3BF6A01.d.B8D712294E153FA4F5968A44C39C03EA.e.1597/click - {}
RESULT: {}
COMMAND: POST /session/68929459ca918a999f98598021acce7a/execute/async - {"script":"<script> [1562 bytes]","args":[{"selector":{"id":"application-manageresources-display-component---newResourceUnit--PLANNED_DELIVERY_DATE","interaction":{"idSuffix":"inner"}},"wdio_ui5_key":"applicationmanageresources-display-component---newResourceUnit--PLANNED_DELIVERY_DATE"}]}
COMMAND: GET /session/68929459ca918a999f98598021acce7a/screenshot - {}
RESULT: {"script":"<script> [1562 bytes]","args":[{"selector":{"id":"application-manageresources-display-component---newResourceUnit--PLANNED_DELIVERY_DATE","interaction":{"idSuffix":"inner"}},"wdio_ui5_key":"applicationmanageresources-display-component---newResourceUnit--PLANNED_DELIVERY_DATE"}]}
RESULT: undefined
COMMAND: POST /session/68929459ca918a999f98598021acce7a/execute/async - {"script":"<script> [6424 bytes]","args":[{"element-6066-11e4-a52e-4f735466cecf":"f.41167B24BF7F3EFA47545F25B3BF6A01.d.B8D712294E153FA4F5968A44C39C03EA.e.1461"},"setValue",["5/14/25"]]}
RESULT: {}
RESULT: {"script":"<script> [6424 bytes]","args":[{"element-6066-11e4-a52e-4f735466cecf":"f.41167B24BF7F3EFA47545F25B3BF6A01.d.B8D712294E153FA4F5968A44C39C03EA.e.1461"},"setValue",["5/14/25"]]}
COMMAND: POST /session/68929459ca918a999f98598021acce7a/element - {"using":"xpath","value":"//label[contains(@class, 'sapMLabelRequired') and .//bdi[contains(text(), 'Planned Retirement')]]"}
RESULT: {"using":"xpath","value":"//label[contains(@class, 'sapMLabelRequired') and .//bdi[contains(text(), 'Planned Retirement')]]"}
COMMAND: POST /session/68929459ca918a999f98598021acce7a/elements - {"using":"xpath","value":"//label[contains(@class, 'sapMLabelRequired') and .//bdi[contains(text(), 'Planned Retirement')]]"}
RESULT: {"using":"xpath","value":"//label[contains(@class, 'sapMLabelRequired') and .//bdi[contains(text(), 'Planned Retirement')]]"}
COMMAND: POST /session/68929459ca918a999f98598021acce7a/element - {"using":"xpath","value":"//button[@data-kt=\"resourceUnitSaveButton\"]"}
RESULT: {"using":"xpath","value":"//button[@data-kt=\"resourceUnitSaveButton\"]"}
COMMAND: POST /session/68929459ca918a999f98598021acce7a/element/f.41167B24BF7F3EFA47545F25B3BF6A01.d.B8D712294E153FA4F5968A44C39C03EA.e.1422/click - {}
RESULT: {}
COMMAND: GET /session/68929459ca918a999f98598021acce7a/screenshot - {}
RESULT: {}
COMMAND: POST /session/68929459ca918a999f98598021acce7a/element - {"using":"xpath","value":"//bdi[contains(text(), \"Close\")]"}
RESULT: {"using":"xpath","value":"//bdi[contains(text(), \"Close\")]"}
COMMAND: POST /session/68929459ca918a999f98598021acce7a/element/f.41167B24BF7F3EFA47545F25B3BF6A01.d.B8D712294E153FA4F5968A44C39C03EA.e.1605/click - {}
RESULT: {}
COMMAND: GET /session/68929459ca918a999f98598021acce7a/screenshot - {}
RESULT: {}
COMMAND: POST /session/68929459ca918a999f98598021acce7a/element - {"using":"xpath","value":"(//button[contains(@id ,\"actionsToolbar-overflowButton\")])[1]"}
RESULT: {"using":"xpath","value":"(//button[contains(@id ,\"actionsToolbar-overflowButton\")])[1]"}
COMMAND: POST /session/68929459ca918a999f98598021acce7a/element/f.41167B24BF7F3EFA47545F25B3BF6A01.d.B8D712294E153FA4F5968A44C39C03EA.e.1633/click - {}
RESULT: {}
COMMAND: GET /session/68929459ca918a999f98598021acce7a/screenshot - {}
RESULT: {}
COMMAND: POST /session/68929459ca918a999f98598021acce7a/element - {"using":"xpath","value":"//button[@data-kt=\"priceInfoButton\"]"}
RESULT: {"using":"xpath","value":"//button[@data-kt=\"priceInfoButton\"]"}
COMMAND: POST /session/68929459ca918a999f98598021acce7a/element/f.41167B24BF7F3EFA47545F25B3BF6A01.d.B8D712294E153FA4F5968A44C39C03EA.e.1635/click - {}
RESULT: {}
COMMAND: GET /session/68929459ca918a999f98598021acce7a/screenshot - {}
RESULT: {}
COMMAND: POST /session/68929459ca918a999f98598021acce7a/element - {"using":"css selector","value":"#shell-header-logo"}
RESULT: {"using":"css selector","value":"#shell-header-logo"}
COMMAND: POST /session/68929459ca918a999f98598021acce7a/element/f.41167B24BF7F3EFA47545F25B3BF6A01.d.B8D712294E153FA4F5968A44C39C03EA.e.1015/click - {}
RESULT: {}
]]></system-out>
    </testcase>
    <testcase classname="chrome.136_0_7103_49.windows.Create_condition_pricing_US117289_US134625" name="Should create new condition" time="66.878">
      <system-out><![CDATA[
COMMAND: POST /session/68929459ca918a999f98598021acce7a/execute/async - {"script":"<script> [1562 bytes]","args":[{"selector":{"controlType":"sap.m.GenericTile","properties":{"header":"Manage Conditions & Prices"}},"wdio_ui5_key":"sapm.GenericTile{\"header\":\"Manage Conditions & Prices\"}"}]}
COMMAND: GET /session/68929459ca918a999f98598021acce7a/screenshot - {}
RESULT: {"script":"<script> [1562 bytes]","args":[{"selector":{"controlType":"sap.m.GenericTile","properties":{"header":"Manage Conditions & Prices"}},"wdio_ui5_key":"sapm.GenericTile{\"header\":\"Manage Conditions & Prices\"}"}]}
RESULT: undefined
COMMAND: POST /session/68929459ca918a999f98598021acce7a/element - {"using":"xpath","value":"//*[@id=\"__tile53\"]"}
RESULT: {}
RESULT: {"using":"xpath","value":"//*[@id=\"__tile53\"]"}
COMMAND: POST /session/68929459ca918a999f98598021acce7a/element/f.41167B24BF7F3EFA47545F25B3BF6A01.d.B8D712294E153FA4F5968A44C39C03EA.e.137/click - {}
RESULT: {}
COMMAND: GET /session/68929459ca918a999f98598021acce7a/screenshot - {}
RESULT: {}
COMMAND: POST /session/68929459ca918a999f98598021acce7a/elements - {"using":"xpath","value":"//span[text()='Error']"}
RESULT: {"using":"xpath","value":"//span[text()='Error']"}
COMMAND: POST /session/68929459ca918a999f98598021acce7a/element - {"using":"xpath","value":"//button[@aria-label=\"Create\"]"}
RESULT: {"using":"xpath","value":"//button[@aria-label=\"Create\"]"}
COMMAND: POST /session/68929459ca918a999f98598021acce7a/elements - {"using":"xpath","value":"//button[@aria-label=\"Create\"]"}
RESULT: {"using":"xpath","value":"//button[@aria-label=\"Create\"]"}
COMMAND: POST /session/68929459ca918a999f98598021acce7a/execute/sync - {"script":"<script> [8489 bytes]","args":[{"element-6066-11e4-a52e-4f735466cecf":"f.41167B24BF7F3EFA47545F25B3BF6A01.d.B8D712294E153FA4F5968A44C39C03EA.e.1706","ELEMENT":"f.41167B24BF7F3EFA47545F25B3BF6A01.d.B8D712294E153FA4F5968A44C39C03EA.e.1706"}]}
RESULT: {"script":"<script> [8489 bytes]","args":[{"element-6066-11e4-a52e-4f735466cecf":"f.41167B24BF7F3EFA47545F25B3BF6A01.d.B8D712294E153FA4F5968A44C39C03EA.e.1706","ELEMENT":"f.41167B24BF7F3EFA47545F25B3BF6A01.d.B8D712294E153FA4F5968A44C39C03EA.e.1706"}]}
COMMAND: GET /session/68929459ca918a999f98598021acce7a/element/f.41167B24BF7F3EFA47545F25B3BF6A01.d.B8D712294E153FA4F5968A44C39C03EA.e.1706/enabled - {}
COMMAND: GET /session/68929459ca918a999f98598021acce7a/screenshot - {}
RESULT: {}
COMMAND: POST /session/68929459ca918a999f98598021acce7a/execute/sync - {"script":"<script> [8489 bytes]","args":[{"element-6066-11e4-a52e-4f735466cecf":"f.41167B24BF7F3EFA47545F25B3BF6A01.d.B8D712294E153FA4F5968A44C39C03EA.e.1706","ELEMENT":"f.41167B24BF7F3EFA47545F25B3BF6A01.d.B8D712294E153FA4F5968A44C39C03EA.e.1706"}]}
COMMAND: GET /session/68929459ca918a999f98598021acce7a/screenshot - {}
RESULT: {}
RESULT: {"script":"<script> [8489 bytes]","args":[{"element-6066-11e4-a52e-4f735466cecf":"f.41167B24BF7F3EFA47545F25B3BF6A01.d.B8D712294E153FA4F5968A44C39C03EA.e.1706","ELEMENT":"f.41167B24BF7F3EFA47545F25B3BF6A01.d.B8D712294E153FA4F5968A44C39C03EA.e.1706"}]}
COMMAND: POST /session/68929459ca918a999f98598021acce7a/execute/sync - {"script":"<script> [5351 bytes]","args":[{"element-6066-11e4-a52e-4f735466cecf":"f.41167B24BF7F3EFA47545F25B3BF6A01.d.B8D712294E153FA4F5968A44C39C03EA.e.1706","ELEMENT":"f.41167B24BF7F3EFA47545F25B3BF6A01.d.B8D712294E153FA4F5968A44C39C03EA.e.1706"}]}
RESULT: {}
COMMAND: GET /session/68929459ca918a999f98598021acce7a/screenshot - {}
RESULT: {"script":"<script> [5351 bytes]","args":[{"element-6066-11e4-a52e-4f735466cecf":"f.41167B24BF7F3EFA47545F25B3BF6A01.d.B8D712294E153FA4F5968A44C39C03EA.e.1706","ELEMENT":"f.41167B24BF7F3EFA47545F25B3BF6A01.d.B8D712294E153FA4F5968A44C39C03EA.e.1706"}]}
COMMAND: POST /session/68929459ca918a999f98598021acce7a/element/f.41167B24BF7F3EFA47545F25B3BF6A01.d.B8D712294E153FA4F5968A44C39C03EA.e.1706/click - {}
COMMAND: GET /session/68929459ca918a999f98598021acce7a/screenshot - {}
RESULT: {}
RESULT: {}
COMMAND: GET /session/68929459ca918a999f98598021acce7a/screenshot - {}
RESULT: {}
RESULT: {}
COMMAND: POST /session/68929459ca918a999f98598021acce7a/actions - {"actions":[{"id":"action6","type":"key","parameters":{},"actions":[{"type":"keyDown","value":"î€‡"},{"type":"pause","duration":10},{"type":"keyUp","value":"î€‡"}]}]}
RESULT: {"actions":[{"id":"action6","type":"key","parameters":{},"actions":[{"type":"keyDown","value":"î€‡"},{"type":"pause","duration":10},{"type":"keyUp","value":"î€‡"}]}]}
COMMAND: GET /session/68929459ca918a999f98598021acce7a/screenshot - {}
RESULT: {}
COMMAND: POST /session/68929459ca918a999f98598021acce7a/execute/async - {"script":"<script> [1562 bytes]","args":[{"selector":{"id":"application-manageconditionprice-display-component---newCondition--condBillCond-arrow"},"wdio_ui5_key":"applicationmanageconditionprice-display-component---newCondition--condBillCond-arrow"}]}
RESULT: {"script":"<script> [1562 bytes]","args":[{"selector":{"id":"application-manageconditionprice-display-component---newCondition--condBillCond-arrow"},"wdio_ui5_key":"applicationmanageconditionprice-display-component---newCondition--condBillCond-arrow"}]}
RESULT: undefined
COMMAND: POST /session/68929459ca918a999f98598021acce7a/element - {"using":"xpath","value":"//*[@id=\"application-manageconditionprice-display-component---newCondition--condBillCond-arrow\"]"}
RESULT: {"using":"xpath","value":"//*[@id=\"application-manageconditionprice-display-component---newCondition--condBillCond-arrow\"]"}
COMMAND: POST /session/68929459ca918a999f98598021acce7a/element/f.41167B24BF7F3EFA47545F25B3BF6A01.d.B8D712294E153FA4F5968A44C39C03EA.e.1883/click - {}
RESULT: {}
COMMAND: GET /session/68929459ca918a999f98598021acce7a/screenshot - {}
RESULT: {}
COMMAND: POST /session/68929459ca918a999f98598021acce7a/element - {"using":"xpath","value":"//li[.//span[contains(text(), \"SAPR - Sales price\")]]"}
RESULT: {"using":"xpath","value":"//li[.//span[contains(text(), \"SAPR - Sales price\")]]"}
COMMAND: POST /session/68929459ca918a999f98598021acce7a/element/f.41167B24BF7F3EFA47545F25B3BF6A01.d.B8D712294E153FA4F5968A44C39C03EA.e.1886/click - {}
RESULT: {}
COMMAND: GET /session/68929459ca918a999f98598021acce7a/screenshot - {}
RESULT: {}
COMMAND: POST /session/68929459ca918a999f98598021acce7a/execute/async - {"script":"<script> [1562 bytes]","args":[{"selector":{"id":"application-manageconditionprice-display-component---newCondition--condValidTo","interaction":{"idSuffix":"inner"}},"wdio_ui5_key":"applicationmanageconditionprice-display-component---newCondition--condValidTo"}]}
RESULT: {"script":"<script> [1562 bytes]","args":[{"selector":{"id":"application-manageconditionprice-display-component---newCondition--condValidTo","interaction":{"idSuffix":"inner"}},"wdio_ui5_key":"applicationmanageconditionprice-display-component---newCondition--condValidTo"}]}
RESULT: undefined
COMMAND: POST /session/68929459ca918a999f98598021acce7a/execute/async - {"script":"<script> [776 bytes]","args":[{"enterText":"1/14/26","selector":{"id":"application-manageconditionprice-display-component---newCondition--condValidTo","interaction":{"idSuffix":"inner"}},"clearTextFirst":true,"interactionType":"ENTER_TEXT"}]}
RESULT: {"script":"<script> [776 bytes]","args":[{"enterText":"1/14/26","selector":{"id":"application-manageconditionprice-display-component---newCondition--condValidTo","interaction":{"idSuffix":"inner"}},"clearTextFirst":true,"interactionType":"ENTER_TEXT"}]}
COMMAND: POST /session/68929459ca918a999f98598021acce7a/element - {"using":"xpath","value":"//input[@id=\"application-manageconditionprice-display-component---newCondition--condRU-inner\"]"}
RESULT: {"using":"xpath","value":"//input[@id=\"application-manageconditionprice-display-component---newCondition--condRU-inner\"]"}
COMMAND: POST /session/68929459ca918a999f98598021acce7a/element/f.41167B24BF7F3EFA47545F25B3BF6A01.d.B8D712294E153FA4F5968A44C39C03EA.e.1750/clear - {}
RESULT: {}
COMMAND: POST /session/68929459ca918a999f98598021acce7a/element/f.41167B24BF7F3EFA47545F25B3BF6A01.d.B8D712294E153FA4F5968A44C39C03EA.e.1750/value - {"text":"WIWVQ6sFZV"}
COMMAND: GET /session/68929459ca918a999f98598021acce7a/screenshot - {}
RESULT: {"text":"WIWVQ6sFZV"}
COMMAND: GET /session/68929459ca918a999f98598021acce7a/screenshot - {}
RESULT: {}
RESULT: {}
COMMAND: POST /session/68929459ca918a999f98598021acce7a/actions - {"actions":[{"id":"action7","type":"key","parameters":{},"actions":[{"type":"keyDown","value":"î€‡"},{"type":"pause","duration":10},{"type":"keyUp","value":"î€‡"}]}]}
RESULT: {"actions":[{"id":"action7","type":"key","parameters":{},"actions":[{"type":"keyDown","value":"î€‡"},{"type":"pause","duration":10},{"type":"keyUp","value":"î€‡"}]}]}
COMMAND: POST /session/68929459ca918a999f98598021acce7a/execute/async - {"script":"<script> [1562 bytes]","args":[{"selector":{"id":"application-manageconditionprice-display-component---newCondition--condBaseQty","interaction":{"idSuffix":"inner"}},"wdio_ui5_key":"applicationmanageconditionprice-display-component---newCondition--condBaseQty"}]}
COMMAND: GET /session/68929459ca918a999f98598021acce7a/screenshot - {}
RESULT: {"script":"<script> [1562 bytes]","args":[{"selector":{"id":"application-manageconditionprice-display-component---newCondition--condBaseQty","interaction":{"idSuffix":"inner"}},"wdio_ui5_key":"applicationmanageconditionprice-display-component---newCondition--condBaseQty"}]}
RESULT: undefined
COMMAND: POST /session/68929459ca918a999f98598021acce7a/execute/async - {"script":"<script> [776 bytes]","args":[{"enterText":"1","selector":{"id":"application-manageconditionprice-display-component---newCondition--condBaseQty","interaction":{"idSuffix":"inner"}},"clearTextFirst":true,"interactionType":"ENTER_TEXT"}]}
RESULT: {}
RESULT: {"script":"<script> [776 bytes]","args":[{"enterText":"1","selector":{"id":"application-manageconditionprice-display-component---newCondition--condBaseQty","interaction":{"idSuffix":"inner"}},"clearTextFirst":true,"interactionType":"ENTER_TEXT"}]}
COMMAND: POST /session/68929459ca918a999f98598021acce7a/execute/async - {"script":"<script> [1562 bytes]","args":[{"selector":{"id":"application-manageconditionprice-display-component---newCondition--condValue","interaction":{"idSuffix":"inner"}},"wdio_ui5_key":"applicationmanageconditionprice-display-component---newCondition--condValue"}]}
RESULT: {"script":"<script> [1562 bytes]","args":[{"selector":{"id":"application-manageconditionprice-display-component---newCondition--condValue","interaction":{"idSuffix":"inner"}},"wdio_ui5_key":"applicationmanageconditionprice-display-component---newCondition--condValue"}]}
RESULT: undefined
COMMAND: POST /session/68929459ca918a999f98598021acce7a/execute/async - {"script":"<script> [776 bytes]","args":[{"enterText":"200","selector":{"id":"application-manageconditionprice-display-component---newCondition--condValue","interaction":{"idSuffix":"inner"}},"clearTextFirst":true,"interactionType":"ENTER_TEXT"}]}
RESULT: {"script":"<script> [776 bytes]","args":[{"enterText":"200","selector":{"id":"application-manageconditionprice-display-component---newCondition--condValue","interaction":{"idSuffix":"inner"}},"clearTextFirst":true,"interactionType":"ENTER_TEXT"}]}
COMMAND: POST /session/68929459ca918a999f98598021acce7a/execute/async - {"script":"<script> [1562 bytes]","args":[{"selector":{"id":"application-manageconditionprice-display-component---newCondition--condCurr-arrow"},"wdio_ui5_key":"applicationmanageconditionprice-display-component---newCondition--condCurr-arrow"}]}
RESULT: {"script":"<script> [1562 bytes]","args":[{"selector":{"id":"application-manageconditionprice-display-component---newCondition--condCurr-arrow"},"wdio_ui5_key":"applicationmanageconditionprice-display-component---newCondition--condCurr-arrow"}]}
RESULT: undefined
COMMAND: POST /session/68929459ca918a999f98598021acce7a/element - {"using":"xpath","value":"//*[@id=\"application-manageconditionprice-display-component---newCondition--condCurr-arrow\"]"}
RESULT: {"using":"xpath","value":"//*[@id=\"application-manageconditionprice-display-component---newCondition--condCurr-arrow\"]"}
COMMAND: POST /session/68929459ca918a999f98598021acce7a/element/f.41167B24BF7F3EFA47545F25B3BF6A01.d.B8D712294E153FA4F5968A44C39C03EA.e.1845/click - {}
RESULT: {}
COMMAND: POST /session/68929459ca918a999f98598021acce7a/element - {"using":"xpath","value":"//span[contains(text(), \"Euro\")]"}
COMMAND: GET /session/68929459ca918a999f98598021acce7a/screenshot - {}
RESULT: {"using":"xpath","value":"//span[contains(text(), \"Euro\")]"}
COMMAND: POST /session/68929459ca918a999f98598021acce7a/element/f.41167B24BF7F3EFA47545F25B3BF6A01.d.B8D712294E153FA4F5968A44C39C03EA.e.1922/click - {}
RESULT: {}
RESULT: {}
COMMAND: POST /session/68929459ca918a999f98598021acce7a/element - {"using":"xpath","value":"//button[@data-kt=\"saveButton\"]"}
COMMAND: GET /session/68929459ca918a999f98598021acce7a/screenshot - {}
RESULT: {"using":"xpath","value":"//button[@data-kt=\"saveButton\"]"}
COMMAND: POST /session/68929459ca918a999f98598021acce7a/element/f.41167B24BF7F3EFA47545F25B3BF6A01.d.B8D712294E153FA4F5968A44C39C03EA.e.1846/click - {}
RESULT: {}
RESULT: {}
COMMAND: GET /session/68929459ca918a999f98598021acce7a/screenshot - {}
RESULT: {}
COMMAND: POST /session/68929459ca918a999f98598021acce7a/execute/async - {"script":"<script> [1562 bytes]","args":[{"selector":{"id":"application-manageconditionprice-display-component---conditions--smartFilterBar-btnBasicSearch","interaction":{"idSuffix":"I"}},"wdio_ui5_key":"applicationmanageconditionprice-display-component---conditions--smartFilterBar-btnBasicSearch"}]}
RESULT: {"script":"<script> [1562 bytes]","args":[{"selector":{"id":"application-manageconditionprice-display-component---conditions--smartFilterBar-btnBasicSearch","interaction":{"idSuffix":"I"}},"wdio_ui5_key":"applicationmanageconditionprice-display-component---conditions--smartFilterBar-btnBasicSearch"}]}
RESULT: undefined
COMMAND: POST /session/68929459ca918a999f98598021acce7a/execute/async - {"script":"<script> [776 bytes]","args":[{"enterText":"WIWVQ6sFZV","selector":{"id":"application-manageconditionprice-display-component---conditions--smartFilterBar-btnBasicSearch","interaction":{"idSuffix":"I"}},"clearTextFirst":true,"interactionType":"ENTER_TEXT"}]}
RESULT: {"script":"<script> [776 bytes]","args":[{"enterText":"WIWVQ6sFZV","selector":{"id":"application-manageconditionprice-display-component---conditions--smartFilterBar-btnBasicSearch","interaction":{"idSuffix":"I"}},"clearTextFirst":true,"interactionType":"ENTER_TEXT"}]}
COMMAND: POST /session/68929459ca918a999f98598021acce7a/actions - {"actions":[{"id":"action8","type":"key","parameters":{},"actions":[{"type":"keyDown","value":"î€‡"},{"type":"pause","duration":10},{"type":"keyUp","value":"î€‡"}]}]}
RESULT: {"actions":[{"id":"action8","type":"key","parameters":{},"actions":[{"type":"keyDown","value":"î€‡"},{"type":"pause","duration":10},{"type":"keyUp","value":"î€‡"}]}]}
COMMAND: GET /session/68929459ca918a999f98598021acce7a/screenshot - {}
RESULT: {}
COMMAND: POST /session/68929459ca918a999f98598021acce7a/execute/async - {"script":"<script> [1562 bytes]","args":[{"selector":{"id":"application-manageconditionprice-display-component---conditions--smartFilterBar-filterItemControl_BASIC-BILL_TYPES-vhi"},"wdio_ui5_key":"applicationmanageconditionprice-display-component---conditions--smartFilterBar-filterItemControl_BASIC-BILL_TYPES-vhi"}]}
RESULT: {"script":"<script> [1562 bytes]","args":[{"selector":{"id":"application-manageconditionprice-display-component---conditions--smartFilterBar-filterItemControl_BASIC-BILL_TYPES-vhi"},"wdio_ui5_key":"applicationmanageconditionprice-display-component---conditions--smartFilterBar-filterItemControl_BASIC-BILL_TYPES-vhi"}]}
RESULT: undefined
COMMAND: POST /session/68929459ca918a999f98598021acce7a/element - {"using":"xpath","value":"//*[@id=\"application-manageconditionprice-display-component---conditions--smartFilterBar-filterItemControl_BASIC-BILL_TYPES-vhi\"]"}
RESULT: {"using":"xpath","value":"//*[@id=\"application-manageconditionprice-display-component---conditions--smartFilterBar-filterItemControl_BASIC-BILL_TYPES-vhi\"]"}
COMMAND: POST /session/68929459ca918a999f98598021acce7a/element/f.41167B24BF7F3EFA47545F25B3BF6A01.d.B8D712294E153FA4F5968A44C39C03EA.e.2029/click - {}
RESULT: {}
COMMAND: POST /session/68929459ca918a999f98598021acce7a/execute/async - {"script":"<script> [1562 bytes]","args":[{"selector":{"id":"application-manageconditionprice-display-component---conditions--smartFilterBar-filterItemControl_BASIC-BILL_TYPES-valueHelpDialog-smartFilterBar-btnBasicSearch","searchOpenDialogs":true,"interaction":{"idSuffix":"I"}},"wdio_ui5_key":"applicationmanageconditionprice-display-component---conditions--smartFilterBar-filterItemControl_BASIC-BILL_TYPES-valueHelpDialog-smartFilterBar-btnBasicSearch"}]}
COMMAND: GET /session/68929459ca918a999f98598021acce7a/screenshot - {}
RESULT: {"script":"<script> [1562 bytes]","args":[{"selector":{"id":"application-manageconditionprice-display-component---conditions--smartFilterBar-filterItemControl_BASIC-BILL_TYPES-valueHelpDialog-smartFilterBar-btnBasicSearch","searchOpenDialogs":true,"interaction":{"idSuffix":"I"}},"wdio_ui5_key":"applicationmanageconditionprice-display-component---conditions--smartFilterBar-filterItemControl_BASIC-BILL_TYPES-valueHelpDialog-smartFilterBar-btnBasicSearch"}]}
RESULT: undefined
COMMAND: POST /session/68929459ca918a999f98598021acce7a/execute/async - {"script":"<script> [776 bytes]","args":[{"enterText":"one","selector":{"id":"application-manageconditionprice-display-component---conditions--smartFilterBar-filterItemControl_BASIC-BILL_TYPES-valueHelpDialog-smartFilterBar-btnBasicSearch","searchOpenDialogs":true,"interaction":{"idSuffix":"I"}},"clearTextFirst":true,"interactionType":"ENTER_TEXT"}]}
RESULT: {}
RESULT: {"script":"<script> [776 bytes]","args":[{"enterText":"one","selector":{"id":"application-manageconditionprice-display-component---conditions--smartFilterBar-filterItemControl_BASIC-BILL_TYPES-valueHelpDialog-smartFilterBar-btnBasicSearch","searchOpenDialogs":true,"interaction":{"idSuffix":"I"}},"clearTextFirst":true,"interactionType":"ENTER_TEXT"}]}
COMMAND: POST /session/68929459ca918a999f98598021acce7a/actions - {"actions":[{"id":"action9","type":"key","parameters":{},"actions":[{"type":"keyDown","value":"î€‡"},{"type":"pause","duration":10},{"type":"keyUp","value":"î€‡"}]}]}
RESULT: {"actions":[{"id":"action9","type":"key","parameters":{},"actions":[{"type":"keyDown","value":"î€‡"},{"type":"pause","duration":10},{"type":"keyUp","value":"î€‡"}]}]}
COMMAND: GET /session/68929459ca918a999f98598021acce7a/screenshot - {}
RESULT: {}
COMMAND: POST /session/68929459ca918a999f98598021acce7a/element - {"using":"xpath","value":"//div[contains(@id, 'application-manageconditionprice-display-component---conditions--smartFilterBar-filterItemControl_BASIC-BILL_TYPES-valueHelpDialog-table-rowsel0')]"}
RESULT: {"using":"xpath","value":"//div[contains(@id, 'application-manageconditionprice-display-component---conditions--smartFilterBar-filterItemControl_BASIC-BILL_TYPES-valueHelpDialog-table-rowsel0')]"}
COMMAND: POST /session/68929459ca918a999f98598021acce7a/element/f.41167B24BF7F3EFA47545F25B3BF6A01.d.B8D712294E153FA4F5968A44C39C03EA.e.2038/click - {}
RESULT: {}
COMMAND: GET /session/68929459ca918a999f98598021acce7a/screenshot - {}
RESULT: {}
COMMAND: POST /session/68929459ca918a999f98598021acce7a/element - {"using":"xpath","value":"//bdi[contains(text(), \"OK\")]"}
RESULT: {"using":"xpath","value":"//bdi[contains(text(), \"OK\")]"}
COMMAND: POST /session/68929459ca918a999f98598021acce7a/element/f.41167B24BF7F3EFA47545F25B3BF6A01.d.B8D712294E153FA4F5968A44C39C03EA.e.2040/click - {}
RESULT: {}
COMMAND: GET /session/68929459ca918a999f98598021acce7a/screenshot - {}
RESULT: {}
COMMAND: POST /session/68929459ca918a999f98598021acce7a/element - {"using":"xpath","value":"//span[@id=\"application-manageconditionprice-display-component---conditions--smartTable-header-inner\"]"}
RESULT: {"using":"xpath","value":"//span[@id=\"application-manageconditionprice-display-component---conditions--smartTable-header-inner\"]"}
COMMAND: POST /session/68929459ca918a999f98598021acce7a/elements - {"using":"xpath","value":"//span[@id=\"application-manageconditionprice-display-component---conditions--smartTable-header-inner\"]"}
RESULT: {"using":"xpath","value":"//span[@id=\"application-manageconditionprice-display-component---conditions--smartTable-header-inner\"]"}
COMMAND: POST /session/68929459ca918a999f98598021acce7a/execute/sync - {"script":"<script> [56 bytes]","args":[{"element-6066-11e4-a52e-4f735466cecf":"f.41167B24BF7F3EFA47545F25B3BF6A01.d.B8D712294E153FA4F5968A44C39C03EA.e.2043","ELEMENT":"f.41167B24BF7F3EFA47545F25B3BF6A01.d.B8D712294E153FA4F5968A44C39C03EA.e.2043"}]}
RESULT: {"script":"<script> [56 bytes]","args":[{"element-6066-11e4-a52e-4f735466cecf":"f.41167B24BF7F3EFA47545F25B3BF6A01.d.B8D712294E153FA4F5968A44C39C03EA.e.2043","ELEMENT":"f.41167B24BF7F3EFA47545F25B3BF6A01.d.B8D712294E153FA4F5968A44C39C03EA.e.2043"}]}
COMMAND: POST /session/68929459ca918a999f98598021acce7a/element - {"using":"css selector","value":"#shell-header-logo"}
COMMAND: GET /session/68929459ca918a999f98598021acce7a/screenshot - {}
RESULT: {"using":"css selector","value":"#shell-header-logo"}
COMMAND: POST /session/68929459ca918a999f98598021acce7a/element/f.41167B24BF7F3EFA47545F25B3BF6A01.d.B8D712294E153FA4F5968A44C39C03EA.e.1674/click - {}
RESULT: {}
RESULT: {}
COMMAND: GET /session/68929459ca918a999f98598021acce7a/screenshot - {}
RESULT: {}
COMMAND: POST /session/68929459ca918a999f98598021acce7a/element - {"using":"css selector","value":"#j_username"}
COMMAND: POST /session/68929459ca918a999f98598021acce7a/url - {"url":"https://qa-testing-00-live-etm-ui.cfapps.eu10-004.hana.ondemand.com/"}
RESULT: {"using":"css selector","value":"#j_username"}
COMMAND: POST /session/68929459ca918a999f98598021acce7a/element - {"using":"css selector","value":"#j_username"}
RESULT: {"url":"https://qa-testing-00-live-etm-ui.cfapps.eu10-004.hana.ondemand.com/"}
RESULT: undefined
COMMAND: GET /session/68929459ca918a999f98598021acce7a/screenshot - {}
RESULT: {"using":"css selector","value":"#j_username"}
COMMAND: POST /session/68929459ca918a999f98598021acce7a/element - {"using":"css selector","value":"#shell-header-logo"}
RESULT: {}
RESULT: {"using":"css selector","value":"#shell-header-logo"}
COMMAND: POST /session/68929459ca918a999f98598021acce7a/execute/sync - {"script":"<script> [8489 bytes]","args":[{"element-6066-11e4-a52e-4f735466cecf":"f.41167B24BF7F3EFA47545F25B3BF6A01.d.5EF7A3E940344F637AB73DDD946716A7.e.2062","ELEMENT":"f.41167B24BF7F3EFA47545F25B3BF6A01.d.5EF7A3E940344F637AB73DDD946716A7.e.2062"}]}
RESULT: {"script":"<script> [8489 bytes]","args":[{"element-6066-11e4-a52e-4f735466cecf":"f.41167B24BF7F3EFA47545F25B3BF6A01.d.5EF7A3E940344F637AB73DDD946716A7.e.2062","ELEMENT":"f.41167B24BF7F3EFA47545F25B3BF6A01.d.5EF7A3E940344F637AB73DDD946716A7.e.2062"}]}
COMMAND: POST /session/68929459ca918a999f98598021acce7a/element - {"using":"css selector","value":"#shell-header-logo"}
COMMAND: GET /session/68929459ca918a999f98598021acce7a/screenshot - {}
RESULT: {"using":"css selector","value":"#shell-header-logo"}
COMMAND: POST /session/68929459ca918a999f98598021acce7a/execute/sync - {"script":"<script> [8489 bytes]","args":[{"element-6066-11e4-a52e-4f735466cecf":"f.41167B24BF7F3EFA47545F25B3BF6A01.d.5EF7A3E940344F637AB73DDD946716A7.e.2062","ELEMENT":"f.41167B24BF7F3EFA47545F25B3BF6A01.d.5EF7A3E940344F637AB73DDD946716A7.e.2062"}]}
RESULT: {}
RESULT: {"script":"<script> [8489 bytes]","args":[{"element-6066-11e4-a52e-4f735466cecf":"f.41167B24BF7F3EFA47545F25B3BF6A01.d.5EF7A3E940344F637AB73DDD946716A7.e.2062","ELEMENT":"f.41167B24BF7F3EFA47545F25B3BF6A01.d.5EF7A3E940344F637AB73DDD946716A7.e.2062"}]}
COMMAND: POST /session/68929459ca918a999f98598021acce7a/execute/sync - {"script":"<script> [5351 bytes]","args":[{"element-6066-11e4-a52e-4f735466cecf":"f.41167B24BF7F3EFA47545F25B3BF6A01.d.5EF7A3E940344F637AB73DDD946716A7.e.2062","ELEMENT":"f.41167B24BF7F3EFA47545F25B3BF6A01.d.5EF7A3E940344F637AB73DDD946716A7.e.2062"}]}
COMMAND: GET /session/68929459ca918a999f98598021acce7a/screenshot - {}
RESULT: {"script":"<script> [5351 bytes]","args":[{"element-6066-11e4-a52e-4f735466cecf":"f.41167B24BF7F3EFA47545F25B3BF6A01.d.5EF7A3E940344F637AB73DDD946716A7.e.2062","ELEMENT":"f.41167B24BF7F3EFA47545F25B3BF6A01.d.5EF7A3E940344F637AB73DDD946716A7.e.2062"}]}
COMMAND: POST /session/68929459ca918a999f98598021acce7a/element - {"using":"css selector","value":"#shell-header-logo"}
COMMAND: GET /session/68929459ca918a999f98598021acce7a/screenshot - {}
RESULT: {}
RESULT: {"using":"css selector","value":"#shell-header-logo"}
COMMAND: POST /session/68929459ca918a999f98598021acce7a/element/f.41167B24BF7F3EFA47545F25B3BF6A01.d.5EF7A3E940344F637AB73DDD946716A7.e.2062/click - {}
RESULT: {}
RESULT: {}
COMMAND: GET /session/68929459ca918a999f98598021acce7a/screenshot - {}
RESULT: {}
COMMAND: POST /session/68929459ca918a999f98598021acce7a/execute/async - {"script":"<script> [189 bytes]","args":[]}
RESULT: {"script":"<script> [189 bytes]","args":[]}
COMMAND: POST /session/68929459ca918a999f98598021acce7a/execute/async - {"script":"<script> [123 bytes]","args":[]}
RESULT: {"script":"<script> [123 bytes]","args":[]}
COMMAND: POST /session/68929459ca918a999f98598021acce7a/timeouts - {"script":"<number>"}
RESULT: {"script":"<number>"}
COMMAND: GET /session/68929459ca918a999f98598021acce7a/timeouts - {}
RESULT: {}
RESULT: undefined
COMMAND: POST /session/68929459ca918a999f98598021acce7a/execute/async - {"script":"<script> [2676 bytes]","args":[]}
RESULT: {"script":"<script> [2676 bytes]","args":[]}
COMMAND: POST /session/68929459ca918a999f98598021acce7a/execute/async - {"script":"<script> [2342 bytes]","args":[{"protocol":"http","hostname":"0.0.0.0","path":"/","capabilities":{"browserName":"chrome","goog:chromeOptions":{"binary":"C:\\Program Files\\Google\\Chrome\\Application\\chrome.exe","args":["--start-maximized"]}},"logLevel":"warn","connectionRetryTimeout":120000,"connectionRetryCount":3,"logLevels":{},"enableDirectConnect":true,"strictSSL":true,"_":"65 more keys: [\"cacheDir\",\"port\",\"requestedCapabilities\",\"automationProtocol\",\"baseUrl\",\"waitforInterval\",\"waitforTimeout\",\"onReload\",\"beforeCommand\",\"afterCommand\",\"rootDir\",\"specs\",\"suites\",\"exclude\",\"groupLogsByTestSpec\",\"excludeDriverLogs\",\"bail\",\"framework\",\"reporters\",\"services\",\"maxInstances\",\"maxInstancesPerCapability\",\"injectGlobals\",\"filesToWatch\",\"execArgv\",\"runnerEnv\",\"runner\",\"shard\",\"specFileRetries\",\"specFileRetriesDelay\",\"specFileRetriesDeferred\",\"reporterSyncInterval\",\"reporterSyncTimeout\",\"cucumberFeaturesWithLineNumbers\",\"autoCompileOpts\",\"mochaOpts\",\"jasmineOpts\",\"cucumberOpts\",\"onPrepare\",\"onWorkerStart\",\"onWorkerEnd\",\"before\",\"beforeSession\",\"beforeSuite\",\"beforeHook\",\"beforeTest\",\"afterTest\",\"afterHook\",\"afterSuite\",\"afterSession\",\"after\",\"onComplete\",\"beforeAssertion\",\"afterAssertion\",\"beforeFeature\",\"beforeScenario\",\"beforeStep\",\"afterStep\",\"afterScenario\",\"afterFeature\",\"_\",\"suite\",\"$0\",\"ignoredWorkerServices\",\"wdi5\"]"}]}
RESULT: {"script":"<script> [2342 bytes]","args":[{"protocol":"http","hostname":"0.0.0.0","path":"/","capabilities":{"browserName":"chrome","goog:chromeOptions":{"binary":"C:\\Program Files\\Google\\Chrome\\Application\\chrome.exe","args":["--start-maximized"]}},"logLevel":"warn","connectionRetryTimeout":120000,"connectionRetryCount":3,"logLevels":{},"enableDirectConnect":true,"strictSSL":true,"_":"65 more keys: [\"cacheDir\",\"port\",\"requestedCapabilities\",\"automationProtocol\",\"baseUrl\",\"waitforInterval\",\"waitforTimeout\",\"onReload\",\"beforeCommand\",\"afterCommand\",\"rootDir\",\"specs\",\"suites\",\"exclude\",\"groupLogsByTestSpec\",\"excludeDriverLogs\",\"bail\",\"framework\",\"reporters\",\"services\",\"maxInstances\",\"maxInstancesPerCapability\",\"injectGlobals\",\"filesToWatch\",\"execArgv\",\"runnerEnv\",\"runner\",\"shard\",\"specFileRetries\",\"specFileRetriesDelay\",\"specFileRetriesDeferred\",\"reporterSyncInterval\",\"reporterSyncTimeout\",\"cucumberFeaturesWithLineNumbers\",\"autoCompileOpts\",\"mochaOpts\",\"jasmineOpts\",\"cucumberOpts\",\"onPrepare\",\"onWorkerStart\",\"onWorkerEnd\",\"before\",\"beforeSession\",\"beforeSuite\",\"beforeHook\",\"beforeTest\",\"afterTest\",\"afterHook\",\"afterSuite\",\"afterSession\",\"after\",\"onComplete\",\"beforeAssertion\",\"afterAssertion\",\"beforeFeature\",\"beforeScenario\",\"beforeStep\",\"afterStep\",\"afterScenario\",\"afterFeature\",\"_\",\"suite\",\"$0\",\"ignoredWorkerServices\",\"wdi5\"]"}]}
COMMAND: POST /session/68929459ca918a999f98598021acce7a/execute/async - {"script":"<script> [21126 bytes]","args":[35000]}
RESULT: {"script":"<script> [21126 bytes]","args":[35000]}
COMMAND: POST /session/68929459ca918a999f98598021acce7a/window/maximize - {}
RESULT: {}
COMMAND: POST /session/68929459ca918a999f98598021acce7a/execute/async - {"script":"<script> [1562 bytes]","args":[{"selector":{"id":"shell-header","interaction":{"idSuffix":"icon"}},"wdio_ui5_key":"shellheader"}]}
COMMAND: GET /session/68929459ca918a999f98598021acce7a/screenshot - {}
RESULT: {"script":"<script> [1562 bytes]","args":[{"selector":{"id":"shell-header","interaction":{"idSuffix":"icon"}},"wdio_ui5_key":"shellheader"}]}
RESULT: undefined
COMMAND: POST /session/68929459ca918a999f98598021acce7a/refresh - {}
RESULT: {}
RESULT: {}
COMMAND: GET /session/68929459ca918a999f98598021acce7a/screenshot - {}
RESULT: {}
COMMAND: POST /session/68929459ca918a999f98598021acce7a/refresh - {}
RESULT: {}
COMMAND: GET /session/68929459ca918a999f98598021acce7a/screenshot - {}
RESULT: {}
COMMAND: POST /session/68929459ca918a999f98598021acce7a/window/fullscreen - {}
RESULT: {}
COMMAND: POST /session/68929459ca918a999f98598021acce7a/execute/async - {"script":"<script> [189 bytes]","args":[]}
RESULT: {"script":"<script> [189 bytes]","args":[]}
COMMAND: POST /session/68929459ca918a999f98598021acce7a/execute/async - {"script":"<script> [123 bytes]","args":[]}
RESULT: {"script":"<script> [123 bytes]","args":[]}
COMMAND: POST /session/68929459ca918a999f98598021acce7a/timeouts - {"script":"<number>"}
RESULT: {"script":"<number>"}
COMMAND: GET /session/68929459ca918a999f98598021acce7a/timeouts - {}
RESULT: {}
RESULT: undefined
COMMAND: POST /session/68929459ca918a999f98598021acce7a/execute/async - {"script":"<script> [2676 bytes]","args":[]}
RESULT: {"script":"<script> [2676 bytes]","args":[]}
COMMAND: POST /session/68929459ca918a999f98598021acce7a/execute/async - {"script":"<script> [2342 bytes]","args":[{"protocol":"http","hostname":"0.0.0.0","path":"/","capabilities":{"browserName":"chrome","goog:chromeOptions":{"binary":"C:\\Program Files\\Google\\Chrome\\Application\\chrome.exe","args":["--start-maximized"]}},"logLevel":"warn","connectionRetryTimeout":120000,"connectionRetryCount":3,"logLevels":{},"enableDirectConnect":true,"strictSSL":true,"_":"65 more keys: [\"cacheDir\",\"port\",\"requestedCapabilities\",\"automationProtocol\",\"baseUrl\",\"waitforInterval\",\"waitforTimeout\",\"onReload\",\"beforeCommand\",\"afterCommand\",\"rootDir\",\"specs\",\"suites\",\"exclude\",\"groupLogsByTestSpec\",\"excludeDriverLogs\",\"bail\",\"framework\",\"reporters\",\"services\",\"maxInstances\",\"maxInstancesPerCapability\",\"injectGlobals\",\"filesToWatch\",\"execArgv\",\"runnerEnv\",\"runner\",\"shard\",\"specFileRetries\",\"specFileRetriesDelay\",\"specFileRetriesDeferred\",\"reporterSyncInterval\",\"reporterSyncTimeout\",\"cucumberFeaturesWithLineNumbers\",\"autoCompileOpts\",\"mochaOpts\",\"jasmineOpts\",\"cucumberOpts\",\"onPrepare\",\"onWorkerStart\",\"onWorkerEnd\",\"before\",\"beforeSession\",\"beforeSuite\",\"beforeHook\",\"beforeTest\",\"afterTest\",\"afterHook\",\"afterSuite\",\"afterSession\",\"after\",\"onComplete\",\"beforeAssertion\",\"afterAssertion\",\"beforeFeature\",\"beforeScenario\",\"beforeStep\",\"afterStep\",\"afterScenario\",\"afterFeature\",\"_\",\"suite\",\"$0\",\"ignoredWorkerServices\",\"wdi5\"]"}]}
RESULT: {"script":"<script> [2342 bytes]","args":[{"protocol":"http","hostname":"0.0.0.0","path":"/","capabilities":{"browserName":"chrome","goog:chromeOptions":{"binary":"C:\\Program Files\\Google\\Chrome\\Application\\chrome.exe","args":["--start-maximized"]}},"logLevel":"warn","connectionRetryTimeout":120000,"connectionRetryCount":3,"logLevels":{},"enableDirectConnect":true,"strictSSL":true,"_":"65 more keys: [\"cacheDir\",\"port\",\"requestedCapabilities\",\"automationProtocol\",\"baseUrl\",\"waitforInterval\",\"waitforTimeout\",\"onReload\",\"beforeCommand\",\"afterCommand\",\"rootDir\",\"specs\",\"suites\",\"exclude\",\"groupLogsByTestSpec\",\"excludeDriverLogs\",\"bail\",\"framework\",\"reporters\",\"services\",\"maxInstances\",\"maxInstancesPerCapability\",\"injectGlobals\",\"filesToWatch\",\"execArgv\",\"runnerEnv\",\"runner\",\"shard\",\"specFileRetries\",\"specFileRetriesDelay\",\"specFileRetriesDeferred\",\"reporterSyncInterval\",\"reporterSyncTimeout\",\"cucumberFeaturesWithLineNumbers\",\"autoCompileOpts\",\"mochaOpts\",\"jasmineOpts\",\"cucumberOpts\",\"onPrepare\",\"onWorkerStart\",\"onWorkerEnd\",\"before\",\"beforeSession\",\"beforeSuite\",\"beforeHook\",\"beforeTest\",\"afterTest\",\"afterHook\",\"afterSuite\",\"afterSession\",\"after\",\"onComplete\",\"beforeAssertion\",\"afterAssertion\",\"beforeFeature\",\"beforeScenario\",\"beforeStep\",\"afterStep\",\"afterScenario\",\"afterFeature\",\"_\",\"suite\",\"$0\",\"ignoredWorkerServices\",\"wdi5\"]"}]}
COMMAND: POST /session/68929459ca918a999f98598021acce7a/execute/async - {"script":"<script> [21126 bytes]","args":[35000]}
RESULT: {"script":"<script> [21126 bytes]","args":[35000]}
]]></system-out>
    </testcase>
  </testsuite>
  <testsuite timestamp="2025-05-14T17:14:39" time="130.379" tests="3" failures="0" errors="0" skipped="0">
    <properties>
      <property name="specId" value="0" />
      <property name="suiteName" value="Set up pricing rule(OT) 104624" />
      <property name="capabilities" value="chrome.136_0_7103_49.windows" />
      <property name="file" value="file:///D:/a/1/s/test/specs/BTS/create-pricing-rule.spec.js" />
    </properties>
    <testcase classname="chrome.136_0_7103_49.windows.Set_up_pricing_rule(OT)_104624" name="Should create a new yard used for all following tests" time="0.014">
      <system-out><![CDATA[
COMMAND: POST /session/68929459ca918a999f98598021acce7a/window/fullscreen - {}
RESULT: {}
]]></system-out>
    </testcase>
    <testcase classname="chrome.136_0_7103_49.windows.Set_up_pricing_rule(OT)_104624" name="Should create a new equipment used for all following tests" time="0.004" />
    <testcase classname="chrome.136_0_7103_49.windows.Set_up_pricing_rule(OT)_104624" name="Should create new pricing rule on the created resource from earlier module or above" time="68.236">
      <system-out><![CDATA[
COMMAND: POST /session/68929459ca918a999f98598021acce7a/execute/async - {"script":"<script> [1562 bytes]","args":[{"selector":{"controlType":"sap.m.GenericTile","properties":{"header":"Manage Pricing Rules"}},"wdio_ui5_key":"sapm.GenericTile{\"header\":\"Manage Pricing Rules\"}"}]}
RESULT: {"script":"<script> [1562 bytes]","args":[{"selector":{"controlType":"sap.m.GenericTile","properties":{"header":"Manage Pricing Rules"}},"wdio_ui5_key":"sapm.GenericTile{\"header\":\"Manage Pricing Rules\"}"}]}
RESULT: undefined
COMMAND: POST /session/68929459ca918a999f98598021acce7a/element - {"using":"xpath","value":"//*[@id=\"__tile55\"]"}
RESULT: {"using":"xpath","value":"//*[@id=\"__tile55\"]"}
COMMAND: POST /session/68929459ca918a999f98598021acce7a/element/f.41167B24BF7F3EFA47545F25B3BF6A01.d.33585801ABA9208C4D1A7F41ADF19811.e.2315/click - {}
RESULT: {}
COMMAND: GET /session/68929459ca918a999f98598021acce7a/screenshot - {}
RESULT: {}
COMMAND: POST /session/68929459ca918a999f98598021acce7a/elements - {"using":"xpath","value":"//span[text()='Error']"}
RESULT: {"using":"xpath","value":"//span[text()='Error']"}
COMMAND: POST /session/68929459ca918a999f98598021acce7a/execute/async - {"script":"<script> [1562 bytes]","args":[{"selector":{"controlType":"sap.ui.core.Icon","viewName":"etm.portal.ui.managepricingrules.view.MasterHeader","viewId":"application-managepricingrules-display-component---priceInfoHeader","properties":{"src":{"regex":{"source":"activity\\-items"}}}},"wdio_ui5_key":"etmportal.ui.managepricingrules.view.MasterHeadersap.ui.core.Icon{\"src\":{\"regex\":{\"source\":\"activity\\\\-items\"}}}"}]}
RESULT: {"script":"<script> [1562 bytes]","args":[{"selector":{"controlType":"sap.ui.core.Icon","viewName":"etm.portal.ui.managepricingrules.view.MasterHeader","viewId":"application-managepricingrules-display-component---priceInfoHeader","properties":{"src":{"regex":{"source":"activity\\-items"}}}},"wdio_ui5_key":"etmportal.ui.managepricingrules.view.MasterHeadersap.ui.core.Icon{\"src\":{\"regex\":{\"source\":\"activity\\\\-items\"}}}"}]}
RESULT: undefined
COMMAND: POST /session/68929459ca918a999f98598021acce7a/element - {"using":"xpath","value":"//*[@id=\"__filter1-icon\"]"}
RESULT: {"using":"xpath","value":"//*[@id=\"__filter1-icon\"]"}
COMMAND: POST /session/68929459ca918a999f98598021acce7a/element/f.41167B24BF7F3EFA47545F25B3BF6A01.d.33585801ABA9208C4D1A7F41ADF19811.e.2368/click - {}
RESULT: {}
COMMAND: GET /session/68929459ca918a999f98598021acce7a/screenshot - {}
RESULT: {}
COMMAND: POST /session/68929459ca918a999f98598021acce7a/element - {"using":"xpath","value":"//button[@data-kt=\"addButton\"]"}
RESULT: {"using":"xpath","value":"//button[@data-kt=\"addButton\"]"}
COMMAND: POST /session/68929459ca918a999f98598021acce7a/elements - {"using":"xpath","value":"//button[@data-kt=\"addButton\"]"}
RESULT: {"using":"xpath","value":"//button[@data-kt=\"addButton\"]"}
COMMAND: POST /session/68929459ca918a999f98598021acce7a/elements - {"using":"xpath","value":"//button[@data-kt=\"addButton\"]"}
RESULT: {"using":"xpath","value":"//button[@data-kt=\"addButton\"]"}
COMMAND: POST /session/68929459ca918a999f98598021acce7a/elements - {"using":"xpath","value":"//button[@data-kt=\"addButton\"]"}
RESULT: {"using":"xpath","value":"//button[@data-kt=\"addButton\"]"}
COMMAND: POST /session/68929459ca918a999f98598021acce7a/elements - {"using":"xpath","value":"//button[@data-kt=\"addButton\"]"}
RESULT: {"using":"xpath","value":"//button[@data-kt=\"addButton\"]"}
COMMAND: POST /session/68929459ca918a999f98598021acce7a/elements - {"using":"xpath","value":"//button[@data-kt=\"addButton\"]"}
RESULT: {"using":"xpath","value":"//button[@data-kt=\"addButton\"]"}
COMMAND: POST /session/68929459ca918a999f98598021acce7a/element - {"using":"xpath","value":"//button[@data-kt=\"addButton\"]"}
RESULT: {"using":"xpath","value":"//button[@data-kt=\"addButton\"]"}
COMMAND: POST /session/68929459ca918a999f98598021acce7a/execute/sync - {"script":"<script> [8489 bytes]","args":[{"element-6066-11e4-a52e-4f735466cecf":"f.41167B24BF7F3EFA47545F25B3BF6A01.d.33585801ABA9208C4D1A7F41ADF19811.e.2385","ELEMENT":"f.41167B24BF7F3EFA47545F25B3BF6A01.d.33585801ABA9208C4D1A7F41ADF19811.e.2385"}]}
RESULT: {"script":"<script> [8489 bytes]","args":[{"element-6066-11e4-a52e-4f735466cecf":"f.41167B24BF7F3EFA47545F25B3BF6A01.d.33585801ABA9208C4D1A7F41ADF19811.e.2385","ELEMENT":"f.41167B24BF7F3EFA47545F25B3BF6A01.d.33585801ABA9208C4D1A7F41ADF19811.e.2385"}]}
COMMAND: GET /session/68929459ca918a999f98598021acce7a/screenshot - {}
COMMAND: POST /session/68929459ca918a999f98598021acce7a/execute/sync - {"script":"<script> [8489 bytes]","args":[{"element-6066-11e4-a52e-4f735466cecf":"f.41167B24BF7F3EFA47545F25B3BF6A01.d.33585801ABA9208C4D1A7F41ADF19811.e.2385","ELEMENT":"f.41167B24BF7F3EFA47545F25B3BF6A01.d.33585801ABA9208C4D1A7F41ADF19811.e.2385"}]}
RESULT: {}
RESULT: {"script":"<script> [8489 bytes]","args":[{"element-6066-11e4-a52e-4f735466cecf":"f.41167B24BF7F3EFA47545F25B3BF6A01.d.33585801ABA9208C4D1A7F41ADF19811.e.2385","ELEMENT":"f.41167B24BF7F3EFA47545F25B3BF6A01.d.33585801ABA9208C4D1A7F41ADF19811.e.2385"}]}
COMMAND: GET /session/68929459ca918a999f98598021acce7a/element/f.41167B24BF7F3EFA47545F25B3BF6A01.d.33585801ABA9208C4D1A7F41ADF19811.e.2385/enabled - {}
COMMAND: GET /session/68929459ca918a999f98598021acce7a/screenshot - {}
RESULT: {}
COMMAND: POST /session/68929459ca918a999f98598021acce7a/execute/sync - {"script":"<script> [8489 bytes]","args":[{"element-6066-11e4-a52e-4f735466cecf":"f.41167B24BF7F3EFA47545F25B3BF6A01.d.33585801ABA9208C4D1A7F41ADF19811.e.2385","ELEMENT":"f.41167B24BF7F3EFA47545F25B3BF6A01.d.33585801ABA9208C4D1A7F41ADF19811.e.2385"}]}
COMMAND: GET /session/68929459ca918a999f98598021acce7a/screenshot - {}
RESULT: {}
RESULT: {"script":"<script> [8489 bytes]","args":[{"element-6066-11e4-a52e-4f735466cecf":"f.41167B24BF7F3EFA47545F25B3BF6A01.d.33585801ABA9208C4D1A7F41ADF19811.e.2385","ELEMENT":"f.41167B24BF7F3EFA47545F25B3BF6A01.d.33585801ABA9208C4D1A7F41ADF19811.e.2385"}]}
COMMAND: POST /session/68929459ca918a999f98598021acce7a/execute/sync - {"script":"<script> [5351 bytes]","args":[{"element-6066-11e4-a52e-4f735466cecf":"f.41167B24BF7F3EFA47545F25B3BF6A01.d.33585801ABA9208C4D1A7F41ADF19811.e.2385","ELEMENT":"f.41167B24BF7F3EFA47545F25B3BF6A01.d.33585801ABA9208C4D1A7F41ADF19811.e.2385"}]}
COMMAND: GET /session/68929459ca918a999f98598021acce7a/screenshot - {}
RESULT: {}
RESULT: {"script":"<script> [5351 bytes]","args":[{"element-6066-11e4-a52e-4f735466cecf":"f.41167B24BF7F3EFA47545F25B3BF6A01.d.33585801ABA9208C4D1A7F41ADF19811.e.2385","ELEMENT":"f.41167B24BF7F3EFA47545F25B3BF6A01.d.33585801ABA9208C4D1A7F41ADF19811.e.2385"}]}
COMMAND: POST /session/68929459ca918a999f98598021acce7a/element/f.41167B24BF7F3EFA47545F25B3BF6A01.d.33585801ABA9208C4D1A7F41ADF19811.e.2385/click - {}
COMMAND: GET /session/68929459ca918a999f98598021acce7a/screenshot - {}
RESULT: {}
RESULT: {}
COMMAND: GET /session/68929459ca918a999f98598021acce7a/screenshot - {}
RESULT: {}
RESULT: {}
COMMAND: POST /session/68929459ca918a999f98598021acce7a/execute/async - {"script":"<script> [1562 bytes]","args":[{"selector":{"controlType":"sap.m.Title","viewName":"etm.portal.ui.managepricingrules.view.NewItem","viewId":"application-managepricingrules-display-component---newInfoPriceItem","properties":{"text":"New Pricing Rules - Item Level"}},"wdio_ui5_key":"etmportal.ui.managepricingrules.view.NewItemsap.m.Title{\"text\":\"New Pricing Rules - Item Level\"}"}]}
RESULT: {"script":"<script> [1562 bytes]","args":[{"selector":{"controlType":"sap.m.Title","viewName":"etm.portal.ui.managepricingrules.view.NewItem","viewId":"application-managepricingrules-display-component---newInfoPriceItem","properties":{"text":"New Pricing Rules - Item Level"}},"wdio_ui5_key":"etmportal.ui.managepricingrules.view.NewItemsap.m.Title{\"text\":\"New Pricing Rules - Item Level\"}"}]}
RESULT: undefined
COMMAND: POST /session/68929459ca918a999f98598021acce7a/execute/async - {"script":"<script> [6424 bytes]","args":[{"element-6066-11e4-a52e-4f735466cecf":"f.41167B24BF7F3EFA47545F25B3BF6A01.d.33585801ABA9208C4D1A7F41ADF19811.e.2701"},"getText",[]]}
RESULT: {"script":"<script> [6424 bytes]","args":[{"element-6066-11e4-a52e-4f735466cecf":"f.41167B24BF7F3EFA47545F25B3BF6A01.d.33585801ABA9208C4D1A7F41ADF19811.e.2701"},"getText",[]]}
COMMAND: POST /session/68929459ca918a999f98598021acce7a/execute/async - {"script":"<script> [1562 bytes]","args":[{"selector":{"id":"application-managepricingrules-display-component---newInfoPriceItem--condValidTo","interaction":{"idSuffix":"inner"}},"wdio_ui5_key":"applicationmanagepricingrules-display-component---newInfoPriceItem--condValidTo"}]}
RESULT: {"script":"<script> [1562 bytes]","args":[{"selector":{"id":"application-managepricingrules-display-component---newInfoPriceItem--condValidTo","interaction":{"idSuffix":"inner"}},"wdio_ui5_key":"applicationmanagepricingrules-display-component---newInfoPriceItem--condValidTo"}]}
RESULT: undefined
COMMAND: POST /session/68929459ca918a999f98598021acce7a/execute/async - {"script":"<script> [776 bytes]","args":[{"enterText":"1/14/26","selector":{"id":"application-managepricingrules-display-component---newInfoPriceItem--condValidTo","interaction":{"idSuffix":"inner"}},"clearTextFirst":true,"interactionType":"ENTER_TEXT"}]}
RESULT: {"script":"<script> [776 bytes]","args":[{"enterText":"1/14/26","selector":{"id":"application-managepricingrules-display-component---newInfoPriceItem--condValidTo","interaction":{"idSuffix":"inner"}},"clearTextFirst":true,"interactionType":"ENTER_TEXT"}]}
COMMAND: POST /session/68929459ca918a999f98598021acce7a/element - {"using":"xpath","value":"//input[@id=\"application-managepricingrules-display-component---newInfoPriceItem--condRU-inner\"]"}
RESULT: {"using":"xpath","value":"//input[@id=\"application-managepricingrules-display-component---newInfoPriceItem--condRU-inner\"]"}
COMMAND: POST /session/68929459ca918a999f98598021acce7a/element/f.41167B24BF7F3EFA47545F25B3BF6A01.d.33585801ABA9208C4D1A7F41ADF19811.e.2671/clear - {}
RESULT: {}
COMMAND: POST /session/68929459ca918a999f98598021acce7a/element/f.41167B24BF7F3EFA47545F25B3BF6A01.d.33585801ABA9208C4D1A7F41ADF19811.e.2671/value - {"text":"WIWVQ6sFZV"}
COMMAND: GET /session/68929459ca918a999f98598021acce7a/screenshot - {}
RESULT: {"text":"WIWVQ6sFZV"}
COMMAND: GET /session/68929459ca918a999f98598021acce7a/screenshot - {}
RESULT: {}
RESULT: {}
COMMAND: POST /session/68929459ca918a999f98598021acce7a/execute/async - {"script":"<script> [1562 bytes]","args":[{"selector":{"id":"application-managepricingrules-display-component---newInfoPriceItem--billType-arrow"},"wdio_ui5_key":"applicationmanagepricingrules-display-component---newInfoPriceItem--billType-arrow"}]}
RESULT: {"script":"<script> [1562 bytes]","args":[{"selector":{"id":"application-managepricingrules-display-component---newInfoPriceItem--billType-arrow"},"wdio_ui5_key":"applicationmanagepricingrules-display-component---newInfoPriceItem--billType-arrow"}]}
RESULT: undefined
COMMAND: POST /session/68929459ca918a999f98598021acce7a/element - {"using":"xpath","value":"//*[@id=\"application-managepricingrules-display-component---newInfoPriceItem--billType-arrow\"]"}
RESULT: {"using":"xpath","value":"//*[@id=\"application-managepricingrules-display-component---newInfoPriceItem--billType-arrow\"]"}
COMMAND: POST /session/68929459ca918a999f98598021acce7a/element/f.41167B24BF7F3EFA47545F25B3BF6A01.d.33585801ABA9208C4D1A7F41ADF19811.e.2758/click - {}
RESULT: {}
COMMAND: POST /session/68929459ca918a999f98598021acce7a/element - {"using":"xpath","value":"//span[contains(text(), \"OT - Sales (one-time)\")]"}
COMMAND: GET /session/68929459ca918a999f98598021acce7a/screenshot - {}
RESULT: {"using":"xpath","value":"//span[contains(text(), \"OT - Sales (one-time)\")]"}
COMMAND: POST /session/68929459ca918a999f98598021acce7a/element/f.41167B24BF7F3EFA47545F25B3BF6A01.d.33585801ABA9208C4D1A7F41ADF19811.e.2812/click - {}
RESULT: {}
RESULT: {}
COMMAND: POST /session/68929459ca918a999f98598021acce7a/execute/async - {"script":"<script> [1562 bytes]","args":[{"selector":{"id":"application-managepricingrules-display-component---newInfoPriceItem--priceProc-arrow"},"wdio_ui5_key":"applicationmanagepricingrules-display-component---newInfoPriceItem--priceProc-arrow"}]}
COMMAND: GET /session/68929459ca918a999f98598021acce7a/screenshot - {}
RESULT: {"script":"<script> [1562 bytes]","args":[{"selector":{"id":"application-managepricingrules-display-component---newInfoPriceItem--priceProc-arrow"},"wdio_ui5_key":"applicationmanagepricingrules-display-component---newInfoPriceItem--priceProc-arrow"}]}
RESULT: undefined
COMMAND: POST /session/68929459ca918a999f98598021acce7a/element - {"using":"xpath","value":"//*[@id=\"application-managepricingrules-display-component---newInfoPriceItem--priceProc-arrow\"]"}
RESULT: {}
RESULT: {"using":"xpath","value":"//*[@id=\"application-managepricingrules-display-component---newInfoPriceItem--priceProc-arrow\"]"}
COMMAND: POST /session/68929459ca918a999f98598021acce7a/element/f.41167B24BF7F3EFA47545F25B3BF6A01.d.33585801ABA9208C4D1A7F41ADF19811.e.2765/click - {}
RESULT: {}
COMMAND: POST /session/68929459ca918a999f98598021acce7a/element - {"using":"xpath","value":"//span[contains(text(), \"MAT - Material\")]"}
COMMAND: GET /session/68929459ca918a999f98598021acce7a/screenshot - {}
RESULT: {"using":"xpath","value":"//span[contains(text(), \"MAT - Material\")]"}
COMMAND: POST /session/68929459ca918a999f98598021acce7a/element/f.41167B24BF7F3EFA47545F25B3BF6A01.d.33585801ABA9208C4D1A7F41ADF19811.e.2813/click - {}
RESULT: {}
RESULT: {}
COMMAND: POST /session/68929459ca918a999f98598021acce7a/execute/async - {"script":"<script> [1562 bytes]","args":[{"selector":{"id":"application-managepricingrules-display-component---newInfoPriceItem--calcBase-arrow"},"wdio_ui5_key":"applicationmanagepricingrules-display-component---newInfoPriceItem--calcBase-arrow"}]}
COMMAND: GET /session/68929459ca918a999f98598021acce7a/screenshot - {}
RESULT: {"script":"<script> [1562 bytes]","args":[{"selector":{"id":"application-managepricingrules-display-component---newInfoPriceItem--calcBase-arrow"},"wdio_ui5_key":"applicationmanagepricingrules-display-component---newInfoPriceItem--calcBase-arrow"}]}
RESULT: undefined
COMMAND: POST /session/68929459ca918a999f98598021acce7a/element - {"using":"xpath","value":"//*[@id=\"application-managepricingrules-display-component---newInfoPriceItem--calcBase-arrow\"]"}
RESULT: {}
RESULT: {"using":"xpath","value":"//*[@id=\"application-managepricingrules-display-component---newInfoPriceItem--calcBase-arrow\"]"}
COMMAND: POST /session/68929459ca918a999f98598021acce7a/element/f.41167B24BF7F3EFA47545F25B3BF6A01.d.33585801ABA9208C4D1A7F41ADF19811.e.2772/click - {}
RESULT: {}
COMMAND: GET /session/68929459ca918a999f98598021acce7a/screenshot - {}
RESULT: {}
COMMAND: POST /session/68929459ca918a999f98598021acce7a/element - {"using":"xpath","value":"//span[contains(text(), \"0001 - TB(exact month + cal_days)\")]"}
RESULT: {"using":"xpath","value":"//span[contains(text(), \"0001 - TB(exact month + cal_days)\")]"}
COMMAND: POST /session/68929459ca918a999f98598021acce7a/element/f.41167B24BF7F3EFA47545F25B3BF6A01.d.33585801ABA9208C4D1A7F41ADF19811.e.2814/click - {}
RESULT: {}
COMMAND: GET /session/68929459ca918a999f98598021acce7a/screenshot - {}
RESULT: {}
COMMAND: POST /session/68929459ca918a999f98598021acce7a/element - {"using":"xpath","value":"//button[@data-kt=\"saveNewRuleButton\"]"}
RESULT: {"using":"xpath","value":"//button[@data-kt=\"saveNewRuleButton\"]"}
COMMAND: POST /session/68929459ca918a999f98598021acce7a/element/f.41167B24BF7F3EFA47545F25B3BF6A01.d.33585801ABA9208C4D1A7F41ADF19811.e.2793/click - {}
RESULT: {}
COMMAND: GET /session/68929459ca918a999f98598021acce7a/screenshot - {}
RESULT: {}
COMMAND: POST /session/68929459ca918a999f98598021acce7a/execute/async - {"script":"<script> [1562 bytes]","args":[{"selector":{"id":"application-managepricingrules-display-component---priceInfoItem--smartFilterBar-btnBasicSearch","interaction":{"idSuffix":"I"}},"wdio_ui5_key":"applicationmanagepricingrules-display-component---priceInfoItem--smartFilterBar-btnBasicSearch"}]}
RESULT: {"script":"<script> [1562 bytes]","args":[{"selector":{"id":"application-managepricingrules-display-component---priceInfoItem--smartFilterBar-btnBasicSearch","interaction":{"idSuffix":"I"}},"wdio_ui5_key":"applicationmanagepricingrules-display-component---priceInfoItem--smartFilterBar-btnBasicSearch"}]}
RESULT: undefined
COMMAND: POST /session/68929459ca918a999f98598021acce7a/execute/async - {"script":"<script> [776 bytes]","args":[{"enterText":"WIWVQ6sFZV","selector":{"id":"application-managepricingrules-display-component---priceInfoItem--smartFilterBar-btnBasicSearch","interaction":{"idSuffix":"I"}},"clearTextFirst":true,"interactionType":"ENTER_TEXT"}]}
RESULT: {"script":"<script> [776 bytes]","args":[{"enterText":"WIWVQ6sFZV","selector":{"id":"application-managepricingrules-display-component---priceInfoItem--smartFilterBar-btnBasicSearch","interaction":{"idSuffix":"I"}},"clearTextFirst":true,"interactionType":"ENTER_TEXT"}]}
COMMAND: POST /session/68929459ca918a999f98598021acce7a/actions - {"actions":[{"id":"action10","type":"key","parameters":{},"actions":[{"type":"keyDown","value":"î€‡"},{"type":"pause","duration":10},{"type":"keyUp","value":"î€‡"}]}]}
RESULT: {"actions":[{"id":"action10","type":"key","parameters":{},"actions":[{"type":"keyDown","value":"î€‡"},{"type":"pause","duration":10},{"type":"keyUp","value":"î€‡"}]}]}
COMMAND: GET /session/68929459ca918a999f98598021acce7a/screenshot - {}
RESULT: {}
COMMAND: POST /session/68929459ca918a999f98598021acce7a/element - {"using":"xpath","value":"//span[@id=\"application-managepricingrules-display-component---priceInfoItem--smartTable-header-inner\"]"}
RESULT: {"using":"xpath","value":"//span[@id=\"application-managepricingrules-display-component---priceInfoItem--smartTable-header-inner\"]"}
COMMAND: POST /session/68929459ca918a999f98598021acce7a/elements - {"using":"xpath","value":"//span[@id=\"application-managepricingrules-display-component---priceInfoItem--smartTable-header-inner\"]"}
RESULT: {"using":"xpath","value":"//span[@id=\"application-managepricingrules-display-component---priceInfoItem--smartTable-header-inner\"]"}
COMMAND: POST /session/68929459ca918a999f98598021acce7a/execute/sync - {"script":"<script> [56 bytes]","args":[{"element-6066-11e4-a52e-4f735466cecf":"f.41167B24BF7F3EFA47545F25B3BF6A01.d.33585801ABA9208C4D1A7F41ADF19811.e.2854","ELEMENT":"f.41167B24BF7F3EFA47545F25B3BF6A01.d.33585801ABA9208C4D1A7F41ADF19811.e.2854"}]}
RESULT: {"script":"<script> [56 bytes]","args":[{"element-6066-11e4-a52e-4f735466cecf":"f.41167B24BF7F3EFA47545F25B3BF6A01.d.33585801ABA9208C4D1A7F41ADF19811.e.2854","ELEMENT":"f.41167B24BF7F3EFA47545F25B3BF6A01.d.33585801ABA9208C4D1A7F41ADF19811.e.2854"}]}
COMMAND: POST /session/68929459ca918a999f98598021acce7a/element - {"using":"css selector","value":"#shell-header-logo"}
COMMAND: GET /session/68929459ca918a999f98598021acce7a/screenshot - {}
RESULT: {"using":"css selector","value":"#shell-header-logo"}
COMMAND: POST /session/68929459ca918a999f98598021acce7a/element/f.41167B24BF7F3EFA47545F25B3BF6A01.d.33585801ABA9208C4D1A7F41ADF19811.e.2321/click - {}
RESULT: {}
RESULT: {}
COMMAND: GET /session/68929459ca918a999f98598021acce7a/screenshot - {}
RESULT: {}
COMMAND: POST /session/68929459ca918a999f98598021acce7a/element - {"using":"css selector","value":"#j_username"}
COMMAND: POST /session/68929459ca918a999f98598021acce7a/url - {"url":"https://qa-testing-00-live-etm-ui.cfapps.eu10-004.hana.ondemand.com/"}
RESULT: {"using":"css selector","value":"#j_username"}
COMMAND: POST /session/68929459ca918a999f98598021acce7a/element - {"using":"css selector","value":"#j_username"}
RESULT: {"url":"https://qa-testing-00-live-etm-ui.cfapps.eu10-004.hana.ondemand.com/"}
RESULT: undefined
COMMAND: GET /session/68929459ca918a999f98598021acce7a/screenshot - {}
RESULT: {"using":"css selector","value":"#j_username"}
COMMAND: POST /session/68929459ca918a999f98598021acce7a/element - {"using":"css selector","value":"#shell-header-logo"}
RESULT: {}
RESULT: {"using":"css selector","value":"#shell-header-logo"}
COMMAND: POST /session/68929459ca918a999f98598021acce7a/execute/sync - {"script":"<script> [8489 bytes]","args":[{"element-6066-11e4-a52e-4f735466cecf":"f.41167B24BF7F3EFA47545F25B3BF6A01.d.2B90EAB6F8A028242B3D9CED15FCA5B6.e.2872","ELEMENT":"f.41167B24BF7F3EFA47545F25B3BF6A01.d.2B90EAB6F8A028242B3D9CED15FCA5B6.e.2872"}]}
RESULT: {"script":"<script> [8489 bytes]","args":[{"element-6066-11e4-a52e-4f735466cecf":"f.41167B24BF7F3EFA47545F25B3BF6A01.d.2B90EAB6F8A028242B3D9CED15FCA5B6.e.2872","ELEMENT":"f.41167B24BF7F3EFA47545F25B3BF6A01.d.2B90EAB6F8A028242B3D9CED15FCA5B6.e.2872"}]}
COMMAND: POST /session/68929459ca918a999f98598021acce7a/element - {"using":"css selector","value":"#shell-header-logo"}
COMMAND: GET /session/68929459ca918a999f98598021acce7a/screenshot - {}
RESULT: {"using":"css selector","value":"#shell-header-logo"}
COMMAND: POST /session/68929459ca918a999f98598021acce7a/execute/sync - {"script":"<script> [8489 bytes]","args":[{"element-6066-11e4-a52e-4f735466cecf":"f.41167B24BF7F3EFA47545F25B3BF6A01.d.2B90EAB6F8A028242B3D9CED15FCA5B6.e.2872","ELEMENT":"f.41167B24BF7F3EFA47545F25B3BF6A01.d.2B90EAB6F8A028242B3D9CED15FCA5B6.e.2872"}]}
RESULT: {}
RESULT: {"script":"<script> [8489 bytes]","args":[{"element-6066-11e4-a52e-4f735466cecf":"f.41167B24BF7F3EFA47545F25B3BF6A01.d.2B90EAB6F8A028242B3D9CED15FCA5B6.e.2872","ELEMENT":"f.41167B24BF7F3EFA47545F25B3BF6A01.d.2B90EAB6F8A028242B3D9CED15FCA5B6.e.2872"}]}
COMMAND: POST /session/68929459ca918a999f98598021acce7a/execute/sync - {"script":"<script> [5351 bytes]","args":[{"element-6066-11e4-a52e-4f735466cecf":"f.41167B24BF7F3EFA47545F25B3BF6A01.d.2B90EAB6F8A028242B3D9CED15FCA5B6.e.2872","ELEMENT":"f.41167B24BF7F3EFA47545F25B3BF6A01.d.2B90EAB6F8A028242B3D9CED15FCA5B6.e.2872"}]}
COMMAND: GET /session/68929459ca918a999f98598021acce7a/screenshot - {}
RESULT: {"script":"<script> [5351 bytes]","args":[{"element-6066-11e4-a52e-4f735466cecf":"f.41167B24BF7F3EFA47545F25B3BF6A01.d.2B90EAB6F8A028242B3D9CED15FCA5B6.e.2872","ELEMENT":"f.41167B24BF7F3EFA47545F25B3BF6A01.d.2B90EAB6F8A028242B3D9CED15FCA5B6.e.2872"}]}
COMMAND: POST /session/68929459ca918a999f98598021acce7a/element - {"using":"css selector","value":"#shell-header-logo"}
COMMAND: GET /session/68929459ca918a999f98598021acce7a/screenshot - {}
RESULT: {}
RESULT: {"using":"css selector","value":"#shell-header-logo"}
COMMAND: POST /session/68929459ca918a999f98598021acce7a/element/f.41167B24BF7F3EFA47545F25B3BF6A01.d.2B90EAB6F8A028242B3D9CED15FCA5B6.e.2872/click - {}
RESULT: {}
RESULT: {}
COMMAND: GET /session/68929459ca918a999f98598021acce7a/screenshot - {}
RESULT: {}
COMMAND: POST /session/68929459ca918a999f98598021acce7a/execute/async - {"script":"<script> [189 bytes]","args":[]}
RESULT: {"script":"<script> [189 bytes]","args":[]}
COMMAND: POST /session/68929459ca918a999f98598021acce7a/execute/async - {"script":"<script> [123 bytes]","args":[]}
RESULT: {"script":"<script> [123 bytes]","args":[]}
COMMAND: POST /session/68929459ca918a999f98598021acce7a/timeouts - {"script":"<number>"}
RESULT: {"script":"<number>"}
COMMAND: GET /session/68929459ca918a999f98598021acce7a/timeouts - {}
RESULT: {}
RESULT: undefined
COMMAND: POST /session/68929459ca918a999f98598021acce7a/execute/async - {"script":"<script> [2676 bytes]","args":[]}
RESULT: {"script":"<script> [2676 bytes]","args":[]}
COMMAND: POST /session/68929459ca918a999f98598021acce7a/execute/async - {"script":"<script> [2342 bytes]","args":[{"protocol":"http","hostname":"0.0.0.0","path":"/","capabilities":{"browserName":"chrome","goog:chromeOptions":{"binary":"C:\\Program Files\\Google\\Chrome\\Application\\chrome.exe","args":["--start-maximized"]}},"logLevel":"warn","connectionRetryTimeout":120000,"connectionRetryCount":3,"logLevels":{},"enableDirectConnect":true,"strictSSL":true,"_":"65 more keys: [\"cacheDir\",\"port\",\"requestedCapabilities\",\"automationProtocol\",\"baseUrl\",\"waitforInterval\",\"waitforTimeout\",\"onReload\",\"beforeCommand\",\"afterCommand\",\"rootDir\",\"specs\",\"suites\",\"exclude\",\"groupLogsByTestSpec\",\"excludeDriverLogs\",\"bail\",\"framework\",\"reporters\",\"services\",\"maxInstances\",\"maxInstancesPerCapability\",\"injectGlobals\",\"filesToWatch\",\"execArgv\",\"runnerEnv\",\"runner\",\"shard\",\"specFileRetries\",\"specFileRetriesDelay\",\"specFileRetriesDeferred\",\"reporterSyncInterval\",\"reporterSyncTimeout\",\"cucumberFeaturesWithLineNumbers\",\"autoCompileOpts\",\"mochaOpts\",\"jasmineOpts\",\"cucumberOpts\",\"onPrepare\",\"onWorkerStart\",\"onWorkerEnd\",\"before\",\"beforeSession\",\"beforeSuite\",\"beforeHook\",\"beforeTest\",\"afterTest\",\"afterHook\",\"afterSuite\",\"afterSession\",\"after\",\"onComplete\",\"beforeAssertion\",\"afterAssertion\",\"beforeFeature\",\"beforeScenario\",\"beforeStep\",\"afterStep\",\"afterScenario\",\"afterFeature\",\"_\",\"suite\",\"$0\",\"ignoredWorkerServices\",\"wdi5\"]"}]}
RESULT: {"script":"<script> [2342 bytes]","args":[{"protocol":"http","hostname":"0.0.0.0","path":"/","capabilities":{"browserName":"chrome","goog:chromeOptions":{"binary":"C:\\Program Files\\Google\\Chrome\\Application\\chrome.exe","args":["--start-maximized"]}},"logLevel":"warn","connectionRetryTimeout":120000,"connectionRetryCount":3,"logLevels":{},"enableDirectConnect":true,"strictSSL":true,"_":"65 more keys: [\"cacheDir\",\"port\",\"requestedCapabilities\",\"automationProtocol\",\"baseUrl\",\"waitforInterval\",\"waitforTimeout\",\"onReload\",\"beforeCommand\",\"afterCommand\",\"rootDir\",\"specs\",\"suites\",\"exclude\",\"groupLogsByTestSpec\",\"excludeDriverLogs\",\"bail\",\"framework\",\"reporters\",\"services\",\"maxInstances\",\"maxInstancesPerCapability\",\"injectGlobals\",\"filesToWatch\",\"execArgv\",\"runnerEnv\",\"runner\",\"shard\",\"specFileRetries\",\"specFileRetriesDelay\",\"specFileRetriesDeferred\",\"reporterSyncInterval\",\"reporterSyncTimeout\",\"cucumberFeaturesWithLineNumbers\",\"autoCompileOpts\",\"mochaOpts\",\"jasmineOpts\",\"cucumberOpts\",\"onPrepare\",\"onWorkerStart\",\"onWorkerEnd\",\"before\",\"beforeSession\",\"beforeSuite\",\"beforeHook\",\"beforeTest\",\"afterTest\",\"afterHook\",\"afterSuite\",\"afterSession\",\"after\",\"onComplete\",\"beforeAssertion\",\"afterAssertion\",\"beforeFeature\",\"beforeScenario\",\"beforeStep\",\"afterStep\",\"afterScenario\",\"afterFeature\",\"_\",\"suite\",\"$0\",\"ignoredWorkerServices\",\"wdi5\"]"}]}
COMMAND: POST /session/68929459ca918a999f98598021acce7a/execute/async - {"script":"<script> [21126 bytes]","args":[35000]}
RESULT: {"script":"<script> [21126 bytes]","args":[35000]}
COMMAND: POST /session/68929459ca918a999f98598021acce7a/window/maximize - {}
RESULT: {}
COMMAND: POST /session/68929459ca918a999f98598021acce7a/execute/async - {"script":"<script> [1562 bytes]","args":[{"selector":{"id":"shell-header","interaction":{"idSuffix":"icon"}},"wdio_ui5_key":"shellheader"}]}
COMMAND: GET /session/68929459ca918a999f98598021acce7a/screenshot - {}
RESULT: {"script":"<script> [1562 bytes]","args":[{"selector":{"id":"shell-header","interaction":{"idSuffix":"icon"}},"wdio_ui5_key":"shellheader"}]}
RESULT: undefined
COMMAND: POST /session/68929459ca918a999f98598021acce7a/refresh - {}
RESULT: {}
RESULT: {}
COMMAND: GET /session/68929459ca918a999f98598021acce7a/screenshot - {}
RESULT: {}
COMMAND: POST /session/68929459ca918a999f98598021acce7a/refresh - {}
RESULT: {}
COMMAND: GET /session/68929459ca918a999f98598021acce7a/screenshot - {}
RESULT: {}
COMMAND: POST /session/68929459ca918a999f98598021acce7a/window/fullscreen - {}
RESULT: {}
COMMAND: POST /session/68929459ca918a999f98598021acce7a/execute/async - {"script":"<script> [189 bytes]","args":[]}
RESULT: {"script":"<script> [189 bytes]","args":[]}
COMMAND: POST /session/68929459ca918a999f98598021acce7a/execute/async - {"script":"<script> [123 bytes]","args":[]}
RESULT: {"script":"<script> [123 bytes]","args":[]}
COMMAND: POST /session/68929459ca918a999f98598021acce7a/timeouts - {"script":"<number>"}
RESULT: {"script":"<number>"}
COMMAND: GET /session/68929459ca918a999f98598021acce7a/timeouts - {}
RESULT: {}
RESULT: undefined
COMMAND: POST /session/68929459ca918a999f98598021acce7a/execute/async - {"script":"<script> [2676 bytes]","args":[]}
RESULT: {"script":"<script> [2676 bytes]","args":[]}
COMMAND: POST /session/68929459ca918a999f98598021acce7a/execute/async - {"script":"<script> [2342 bytes]","args":[{"protocol":"http","hostname":"0.0.0.0","path":"/","capabilities":{"browserName":"chrome","goog:chromeOptions":{"binary":"C:\\Program Files\\Google\\Chrome\\Application\\chrome.exe","args":["--start-maximized"]}},"logLevel":"warn","connectionRetryTimeout":120000,"connectionRetryCount":3,"logLevels":{},"enableDirectConnect":true,"strictSSL":true,"_":"65 more keys: [\"cacheDir\",\"port\",\"requestedCapabilities\",\"automationProtocol\",\"baseUrl\",\"waitforInterval\",\"waitforTimeout\",\"onReload\",\"beforeCommand\",\"afterCommand\",\"rootDir\",\"specs\",\"suites\",\"exclude\",\"groupLogsByTestSpec\",\"excludeDriverLogs\",\"bail\",\"framework\",\"reporters\",\"services\",\"maxInstances\",\"maxInstancesPerCapability\",\"injectGlobals\",\"filesToWatch\",\"execArgv\",\"runnerEnv\",\"runner\",\"shard\",\"specFileRetries\",\"specFileRetriesDelay\",\"specFileRetriesDeferred\",\"reporterSyncInterval\",\"reporterSyncTimeout\",\"cucumberFeaturesWithLineNumbers\",\"autoCompileOpts\",\"mochaOpts\",\"jasmineOpts\",\"cucumberOpts\",\"onPrepare\",\"onWorkerStart\",\"onWorkerEnd\",\"before\",\"beforeSession\",\"beforeSuite\",\"beforeHook\",\"beforeTest\",\"afterTest\",\"afterHook\",\"afterSuite\",\"afterSession\",\"after\",\"onComplete\",\"beforeAssertion\",\"afterAssertion\",\"beforeFeature\",\"beforeScenario\",\"beforeStep\",\"afterStep\",\"afterScenario\",\"afterFeature\",\"_\",\"suite\",\"$0\",\"ignoredWorkerServices\",\"wdi5\"]"}]}
RESULT: {"script":"<script> [2342 bytes]","args":[{"protocol":"http","hostname":"0.0.0.0","path":"/","capabilities":{"browserName":"chrome","goog:chromeOptions":{"binary":"C:\\Program Files\\Google\\Chrome\\Application\\chrome.exe","args":["--start-maximized"]}},"logLevel":"warn","connectionRetryTimeout":120000,"connectionRetryCount":3,"logLevels":{},"enableDirectConnect":true,"strictSSL":true,"_":"65 more keys: [\"cacheDir\",\"port\",\"requestedCapabilities\",\"automationProtocol\",\"baseUrl\",\"waitforInterval\",\"waitforTimeout\",\"onReload\",\"beforeCommand\",\"afterCommand\",\"rootDir\",\"specs\",\"suites\",\"exclude\",\"groupLogsByTestSpec\",\"excludeDriverLogs\",\"bail\",\"framework\",\"reporters\",\"services\",\"maxInstances\",\"maxInstancesPerCapability\",\"injectGlobals\",\"filesToWatch\",\"execArgv\",\"runnerEnv\",\"runner\",\"shard\",\"specFileRetries\",\"specFileRetriesDelay\",\"specFileRetriesDeferred\",\"reporterSyncInterval\",\"reporterSyncTimeout\",\"cucumberFeaturesWithLineNumbers\",\"autoCompileOpts\",\"mochaOpts\",\"jasmineOpts\",\"cucumberOpts\",\"onPrepare\",\"onWorkerStart\",\"onWorkerEnd\",\"before\",\"beforeSession\",\"beforeSuite\",\"beforeHook\",\"beforeTest\",\"afterTest\",\"afterHook\",\"afterSuite\",\"afterSession\",\"after\",\"onComplete\",\"beforeAssertion\",\"afterAssertion\",\"beforeFeature\",\"beforeScenario\",\"beforeStep\",\"afterStep\",\"afterScenario\",\"afterFeature\",\"_\",\"suite\",\"$0\",\"ignoredWorkerServices\",\"wdi5\"]"}]}
COMMAND: POST /session/68929459ca918a999f98598021acce7a/execute/async - {"script":"<script> [21126 bytes]","args":[35000]}
RESULT: {"script":"<script> [21126 bytes]","args":[35000]}
]]></system-out>
    </testcase>
  </testsuite>
  <testsuite timestamp="2025-05-14T17:16:49" time="421.036" tests="6" failures="0" errors="0" skipped="0">
    <properties>
      <property name="specId" value="0" />
      <property name="suiteName" value="Edit and delete daily price US134629 US134627" />
      <property name="capabilities" value="chrome.136_0_7103_49.windows" />
      <property name="file" value="file:///D:/a/1/s/test/specs/BTS/conditions-prices-daily-price.spec.js" />
    </properties>
    <testcase classname="chrome.136_0_7103_49.windows.Edit_and_delete_daily_price_US134629_US134627" name="Should create a new yard used for all following tests" time="0.021">
      <system-out><![CDATA[
COMMAND: POST /session/68929459ca918a999f98598021acce7a/window/fullscreen - {}
RESULT: {}
]]></system-out>
    </testcase>
    <testcase classname="chrome.136_0_7103_49.windows.Edit_and_delete_daily_price_US134629_US134627" name="Should create a new partner" time="144.388">
      <system-out><![CDATA[
COMMAND: POST /session/68929459ca918a999f98598021acce7a/window/fullscreen - {}
RESULT: {}
COMMAND: POST /session/68929459ca918a999f98598021acce7a/execute/async - {"script":"<script> [1562 bytes]","args":[{"selector":{"controlType":"sap.m.GenericTile","properties":{"header":"Manage Partners"}},"wdio_ui5_key":"sapm.GenericTile{\"header\":\"Manage Partners\"}"}]}
RESULT: {"script":"<script> [1562 bytes]","args":[{"selector":{"controlType":"sap.m.GenericTile","properties":{"header":"Manage Partners"}},"wdio_ui5_key":"sapm.GenericTile{\"header\":\"Manage Partners\"}"}]}
RESULT: undefined
COMMAND: POST /session/68929459ca918a999f98598021acce7a/element - {"using":"xpath","value":"//*[@id=\"__tile38\"]"}
RESULT: {"using":"xpath","value":"//*[@id=\"__tile38\"]"}
COMMAND: POST /session/68929459ca918a999f98598021acce7a/element/f.41167B24BF7F3EFA47545F25B3BF6A01.d.02B36FC6F66E4E88F976B1D9DB6C41DA.e.3028/click - {}
RESULT: {}
COMMAND: GET /session/68929459ca918a999f98598021acce7a/screenshot - {}
RESULT: {}
COMMAND: POST /session/68929459ca918a999f98598021acce7a/elements - {"using":"xpath","value":"//span[text()='Error']"}
RESULT: {"using":"xpath","value":"//span[text()='Error']"}
COMMAND: POST /session/68929459ca918a999f98598021acce7a/element - {"using":"xpath","value":"//button[@data-kt=\"addButton\"]"}
RESULT: {"using":"xpath","value":"//button[@data-kt=\"addButton\"]"}
COMMAND: POST /session/68929459ca918a999f98598021acce7a/elements - {"using":"xpath","value":"//button[@data-kt=\"addButton\"]"}
RESULT: {"using":"xpath","value":"//button[@data-kt=\"addButton\"]"}
COMMAND: POST /session/68929459ca918a999f98598021acce7a/execute/sync - {"script":"<script> [8489 bytes]","args":[{"element-6066-11e4-a52e-4f735466cecf":"f.41167B24BF7F3EFA47545F25B3BF6A01.d.02B36FC6F66E4E88F976B1D9DB6C41DA.e.3176","ELEMENT":"f.41167B24BF7F3EFA47545F25B3BF6A01.d.02B36FC6F66E4E88F976B1D9DB6C41DA.e.3176"}]}
RESULT: {"script":"<script> [8489 bytes]","args":[{"element-6066-11e4-a52e-4f735466cecf":"f.41167B24BF7F3EFA47545F25B3BF6A01.d.02B36FC6F66E4E88F976B1D9DB6C41DA.e.3176","ELEMENT":"f.41167B24BF7F3EFA47545F25B3BF6A01.d.02B36FC6F66E4E88F976B1D9DB6C41DA.e.3176"}]}
COMMAND: GET /session/68929459ca918a999f98598021acce7a/element/f.41167B24BF7F3EFA47545F25B3BF6A01.d.02B36FC6F66E4E88F976B1D9DB6C41DA.e.3176/enabled - {}
COMMAND: GET /session/68929459ca918a999f98598021acce7a/screenshot - {}
RESULT: {}
COMMAND: POST /session/68929459ca918a999f98598021acce7a/execute/sync - {"script":"<script> [8489 bytes]","args":[{"element-6066-11e4-a52e-4f735466cecf":"f.41167B24BF7F3EFA47545F25B3BF6A01.d.02B36FC6F66E4E88F976B1D9DB6C41DA.e.3176","ELEMENT":"f.41167B24BF7F3EFA47545F25B3BF6A01.d.02B36FC6F66E4E88F976B1D9DB6C41DA.e.3176"}]}
COMMAND: GET /session/68929459ca918a999f98598021acce7a/screenshot - {}
RESULT: {}
RESULT: {"script":"<script> [8489 bytes]","args":[{"element-6066-11e4-a52e-4f735466cecf":"f.41167B24BF7F3EFA47545F25B3BF6A01.d.02B36FC6F66E4E88F976B1D9DB6C41DA.e.3176","ELEMENT":"f.41167B24BF7F3EFA47545F25B3BF6A01.d.02B36FC6F66E4E88F976B1D9DB6C41DA.e.3176"}]}
COMMAND: POST /session/68929459ca918a999f98598021acce7a/execute/sync - {"script":"<script> [5351 bytes]","args":[{"element-6066-11e4-a52e-4f735466cecf":"f.41167B24BF7F3EFA47545F25B3BF6A01.d.02B36FC6F66E4E88F976B1D9DB6C41DA.e.3176","ELEMENT":"f.41167B24BF7F3EFA47545F25B3BF6A01.d.02B36FC6F66E4E88F976B1D9DB6C41DA.e.3176"}]}
COMMAND: GET /session/68929459ca918a999f98598021acce7a/screenshot - {}
RESULT: {}
RESULT: {"script":"<script> [5351 bytes]","args":[{"element-6066-11e4-a52e-4f735466cecf":"f.41167B24BF7F3EFA47545F25B3BF6A01.d.02B36FC6F66E4E88F976B1D9DB6C41DA.e.3176","ELEMENT":"f.41167B24BF7F3EFA47545F25B3BF6A01.d.02B36FC6F66E4E88F976B1D9DB6C41DA.e.3176"}]}
COMMAND: POST /session/68929459ca918a999f98598021acce7a/element/f.41167B24BF7F3EFA47545F25B3BF6A01.d.02B36FC6F66E4E88F976B1D9DB6C41DA.e.3176/click - {}
COMMAND: GET /session/68929459ca918a999f98598021acce7a/screenshot - {}
RESULT: {}
RESULT: {}
COMMAND: GET /session/68929459ca918a999f98598021acce7a/screenshot - {}
RESULT: {}
RESULT: {}
COMMAND: POST /session/68929459ca918a999f98598021acce7a/execute/async - {"script":"<script> [1562 bytes]","args":[{"selector":{"id":"application-managepartners-display-component---NewPartner--addressDetailDetailsName1","interaction":{"idSuffix":"inner"}},"wdio_ui5_key":"applicationmanagepartners-display-component---NewPartner--addressDetailDetailsName1"}]}
RESULT: {"script":"<script> [1562 bytes]","args":[{"selector":{"id":"application-managepartners-display-component---NewPartner--addressDetailDetailsName1","interaction":{"idSuffix":"inner"}},"wdio_ui5_key":"applicationmanagepartners-display-component---NewPartner--addressDetailDetailsName1"}]}
RESULT: undefined
COMMAND: POST /session/68929459ca918a999f98598021acce7a/execute/async - {"script":"<script> [776 bytes]","args":[{"enterText":"DailyPrice Partner WDIO","selector":{"id":"application-managepartners-display-component---NewPartner--addressDetailDetailsName1","interaction":{"idSuffix":"inner"}},"clearTextFirst":true,"interactionType":"ENTER_TEXT"}]}
RESULT: {"script":"<script> [776 bytes]","args":[{"enterText":"DailyPrice Partner WDIO","selector":{"id":"application-managepartners-display-component---NewPartner--addressDetailDetailsName1","interaction":{"idSuffix":"inner"}},"clearTextFirst":true,"interactionType":"ENTER_TEXT"}]}
COMMAND: POST /session/68929459ca918a999f98598021acce7a/execute/async - {"script":"<script> [1562 bytes]","args":[{"selector":{"id":"application-managepartners-display-component---NewPartner--addressDetailDetailsLanguage-arrow"},"wdio_ui5_key":"applicationmanagepartners-display-component---NewPartner--addressDetailDetailsLanguage-arrow"}]}
RESULT: {"script":"<script> [1562 bytes]","args":[{"selector":{"id":"application-managepartners-display-component---NewPartner--addressDetailDetailsLanguage-arrow"},"wdio_ui5_key":"applicationmanagepartners-display-component---NewPartner--addressDetailDetailsLanguage-arrow"}]}
RESULT: undefined
COMMAND: POST /session/68929459ca918a999f98598021acce7a/element - {"using":"xpath","value":"//*[@id=\"application-managepartners-display-component---NewPartner--addressDetailDetailsLanguage-arrow\"]"}
RESULT: {"using":"xpath","value":"//*[@id=\"application-managepartners-display-component---NewPartner--addressDetailDetailsLanguage-arrow\"]"}
COMMAND: POST /session/68929459ca918a999f98598021acce7a/element/f.41167B24BF7F3EFA47545F25B3BF6A01.d.02B36FC6F66E4E88F976B1D9DB6C41DA.e.3634/click - {}
RESULT: {}
COMMAND: POST /session/68929459ca918a999f98598021acce7a/element - {"using":"xpath","value":"//span[contains(text(), \"English\")]"}
COMMAND: GET /session/68929459ca918a999f98598021acce7a/screenshot - {}
RESULT: {"using":"xpath","value":"//span[contains(text(), \"English\")]"}
COMMAND: POST /session/68929459ca918a999f98598021acce7a/element/f.41167B24BF7F3EFA47545F25B3BF6A01.d.02B36FC6F66E4E88F976B1D9DB6C41DA.e.3635/click - {}
RESULT: {}
RESULT: {}
COMMAND: GET /session/68929459ca918a999f98598021acce7a/screenshot - {}
RESULT: {}
COMMAND: POST /session/68929459ca918a999f98598021acce7a/execute/async - {"script":"<script> [1562 bytes]","args":[{"selector":{"id":"application-managepartners-display-component---NewPartner--addressDetailDetailsCity1","interaction":{"idSuffix":"inner"}},"wdio_ui5_key":"applicationmanagepartners-display-component---NewPartner--addressDetailDetailsCity1"}]}
RESULT: {"script":"<script> [1562 bytes]","args":[{"selector":{"id":"application-managepartners-display-component---NewPartner--addressDetailDetailsCity1","interaction":{"idSuffix":"inner"}},"wdio_ui5_key":"applicationmanagepartners-display-component---NewPartner--addressDetailDetailsCity1"}]}
RESULT: undefined
COMMAND: POST /session/68929459ca918a999f98598021acce7a/execute/async - {"script":"<script> [776 bytes]","args":[{"enterText":"Rosario","selector":{"id":"application-managepartners-display-component---NewPartner--addressDetailDetailsCity1","interaction":{"idSuffix":"inner"}},"clearTextFirst":true,"interactionType":"ENTER_TEXT"}]}
RESULT: {"script":"<script> [776 bytes]","args":[{"enterText":"Rosario","selector":{"id":"application-managepartners-display-component---NewPartner--addressDetailDetailsCity1","interaction":{"idSuffix":"inner"}},"clearTextFirst":true,"interactionType":"ENTER_TEXT"}]}
COMMAND: POST /session/68929459ca918a999f98598021acce7a/execute/async - {"script":"<script> [1562 bytes]","args":[{"selector":{"id":"application-managepartners-display-component---NewPartner--addressDetailDetailsCountry-arrow"},"wdio_ui5_key":"applicationmanagepartners-display-component---NewPartner--addressDetailDetailsCountry-arrow"}]}
RESULT: {"script":"<script> [1562 bytes]","args":[{"selector":{"id":"application-managepartners-display-component---NewPartner--addressDetailDetailsCountry-arrow"},"wdio_ui5_key":"applicationmanagepartners-display-component---NewPartner--addressDetailDetailsCountry-arrow"}]}
RESULT: undefined
COMMAND: POST /session/68929459ca918a999f98598021acce7a/element - {"using":"xpath","value":"//*[@id=\"application-managepartners-display-component---NewPartner--addressDetailDetailsCountry-arrow\"]"}
RESULT: {"using":"xpath","value":"//*[@id=\"application-managepartners-display-component---NewPartner--addressDetailDetailsCountry-arrow\"]"}
COMMAND: POST /session/68929459ca918a999f98598021acce7a/element/f.41167B24BF7F3EFA47545F25B3BF6A01.d.02B36FC6F66E4E88F976B1D9DB6C41DA.e.3621/click - {}
RESULT: {}
COMMAND: POST /session/68929459ca918a999f98598021acce7a/element - {"using":"xpath","value":"//span[contains(text(), \"Argentina\")]"}
COMMAND: GET /session/68929459ca918a999f98598021acce7a/screenshot - {}
RESULT: {"using":"xpath","value":"//span[contains(text(), \"Argentina\")]"}
COMMAND: POST /session/68929459ca918a999f98598021acce7a/element/f.41167B24BF7F3EFA47545F25B3BF6A01.d.02B36FC6F66E4E88F976B1D9DB6C41DA.e.3637/click - {}
RESULT: {}
RESULT: {}
COMMAND: GET /session/68929459ca918a999f98598021acce7a/screenshot - {}
RESULT: {}
COMMAND: POST /session/68929459ca918a999f98598021acce7a/element - {"using":"xpath","value":"//bdi[contains(text(), \"Commercial\")]"}
RESULT: {"using":"xpath","value":"//bdi[contains(text(), \"Commercial\")]"}
COMMAND: POST /session/68929459ca918a999f98598021acce7a/element/f.41167B24BF7F3EFA47545F25B3BF6A01.d.02B36FC6F66E4E88F976B1D9DB6C41DA.e.3638/click - {}
RESULT: {}
COMMAND: GET /session/68929459ca918a999f98598021acce7a/screenshot - {}
RESULT: {}
COMMAND: POST /session/68929459ca918a999f98598021acce7a/execute/async - {"script":"<script> [1562 bytes]","args":[{"selector":{"id":"application-managepartners-display-component---NewPartner--partnerDetailInternal-arrow"},"wdio_ui5_key":"applicationmanagepartners-display-component---NewPartner--partnerDetailInternal-arrow"}]}
RESULT: {"script":"<script> [1562 bytes]","args":[{"selector":{"id":"application-managepartners-display-component---NewPartner--partnerDetailInternal-arrow"},"wdio_ui5_key":"applicationmanagepartners-display-component---NewPartner--partnerDetailInternal-arrow"}]}
RESULT: undefined
COMMAND: POST /session/68929459ca918a999f98598021acce7a/element - {"using":"xpath","value":"//*[@id=\"application-managepartners-display-component---NewPartner--partnerDetailInternal-arrow\"]"}
RESULT: {"using":"xpath","value":"//*[@id=\"application-managepartners-display-component---NewPartner--partnerDetailInternal-arrow\"]"}
COMMAND: POST /session/68929459ca918a999f98598021acce7a/element/f.41167B24BF7F3EFA47545F25B3BF6A01.d.02B36FC6F66E4E88F976B1D9DB6C41DA.e.3644/click - {}
RESULT: {}
COMMAND: POST /session/68929459ca918a999f98598021acce7a/element - {"using":"xpath","value":"//span[contains(text(), \"Affiliated company\")]"}
COMMAND: GET /session/68929459ca918a999f98598021acce7a/screenshot - {}
RESULT: {"using":"xpath","value":"//span[contains(text(), \"Affiliated company\")]"}
COMMAND: POST /session/68929459ca918a999f98598021acce7a/element/f.41167B24BF7F3EFA47545F25B3BF6A01.d.02B36FC6F66E4E88F976B1D9DB6C41DA.e.3645/click - {}
RESULT: {}
RESULT: {}
COMMAND: POST /session/68929459ca918a999f98598021acce7a/execute/async - {"script":"<script> [1562 bytes]","args":[{"selector":{"id":"application-managepartners-display-component---NewPartner--partnerDetailsCurrency-arrow"},"wdio_ui5_key":"applicationmanagepartners-display-component---NewPartner--partnerDetailsCurrency-arrow"}]}
COMMAND: GET /session/68929459ca918a999f98598021acce7a/screenshot - {}
RESULT: {"script":"<script> [1562 bytes]","args":[{"selector":{"id":"application-managepartners-display-component---NewPartner--partnerDetailsCurrency-arrow"},"wdio_ui5_key":"applicationmanagepartners-display-component---NewPartner--partnerDetailsCurrency-arrow"}]}
RESULT: undefined
COMMAND: POST /session/68929459ca918a999f98598021acce7a/element - {"using":"xpath","value":"//*[@id=\"application-managepartners-display-component---NewPartner--partnerDetailsCurrency-arrow\"]"}
RESULT: {}
RESULT: {"using":"xpath","value":"//*[@id=\"application-managepartners-display-component---NewPartner--partnerDetailsCurrency-arrow\"]"}
COMMAND: POST /session/68929459ca918a999f98598021acce7a/element/f.41167B24BF7F3EFA47545F25B3BF6A01.d.02B36FC6F66E4E88F976B1D9DB6C41DA.e.3652/click - {}
RESULT: {}
COMMAND: POST /session/68929459ca918a999f98598021acce7a/element - {"using":"xpath","value":"//span[contains(text(), \"Euro\")]"}
COMMAND: GET /session/68929459ca918a999f98598021acce7a/screenshot - {}
RESULT: {"using":"xpath","value":"//span[contains(text(), \"Euro\")]"}
COMMAND: POST /session/68929459ca918a999f98598021acce7a/element/f.41167B24BF7F3EFA47545F25B3BF6A01.d.02B36FC6F66E4E88F976B1D9DB6C41DA.e.3653/click - {}
RESULT: {}
RESULT: {}
COMMAND: POST /session/68929459ca918a999f98598021acce7a/execute/async - {"script":"<script> [1562 bytes]","args":[{"selector":{"id":"application-managepartners-display-component---NewPartner--addressEditDetailsCostObjectCstType-arrow"},"wdio_ui5_key":"applicationmanagepartners-display-component---NewPartner--addressEditDetailsCostObjectCstType-arrow"}]}
COMMAND: GET /session/68929459ca918a999f98598021acce7a/screenshot - {}
RESULT: {"script":"<script> [1562 bytes]","args":[{"selector":{"id":"application-managepartners-display-component---NewPartner--addressEditDetailsCostObjectCstType-arrow"},"wdio_ui5_key":"applicationmanagepartners-display-component---NewPartner--addressEditDetailsCostObjectCstType-arrow"}]}
RESULT: undefined
COMMAND: POST /session/68929459ca918a999f98598021acce7a/element - {"using":"xpath","value":"//*[@id=\"application-managepartners-display-component---NewPartner--addressEditDetailsCostObjectCstType-arrow\"]"}
RESULT: {}
RESULT: {"using":"xpath","value":"//*[@id=\"application-managepartners-display-component---NewPartner--addressEditDetailsCostObjectCstType-arrow\"]"}
COMMAND: POST /session/68929459ca918a999f98598021acce7a/element/f.41167B24BF7F3EFA47545F25B3BF6A01.d.02B36FC6F66E4E88F976B1D9DB6C41DA.e.3654/click - {}
RESULT: {}
COMMAND: POST /session/68929459ca918a999f98598021acce7a/element - {"using":"xpath","value":"//span[contains(text(), \"Cost Center\")]"}
COMMAND: GET /session/68929459ca918a999f98598021acce7a/screenshot - {}
RESULT: {"using":"xpath","value":"//span[contains(text(), \"Cost Center\")]"}
COMMAND: POST /session/68929459ca918a999f98598021acce7a/element/f.41167B24BF7F3EFA47545F25B3BF6A01.d.02B36FC6F66E4E88F976B1D9DB6C41DA.e.3655/click - {}
RESULT: {}
RESULT: {}
COMMAND: GET /session/68929459ca918a999f98598021acce7a/screenshot - {}
RESULT: {}
COMMAND: POST /session/68929459ca918a999f98598021acce7a/element - {"using":"xpath","value":"//span[@id=\"application-managepartners-display-component---NewPartner--addressNewCostObjectCstID-vhi\"]"}
RESULT: {"using":"xpath","value":"//span[@id=\"application-managepartners-display-component---NewPartner--addressNewCostObjectCstID-vhi\"]"}
COMMAND: POST /session/68929459ca918a999f98598021acce7a/execute/sync - {"script":"<script> [8489 bytes]","args":[{"element-6066-11e4-a52e-4f735466cecf":"f.41167B24BF7F3EFA47545F25B3BF6A01.d.02B36FC6F66E4E88F976B1D9DB6C41DA.e.3659","ELEMENT":"f.41167B24BF7F3EFA47545F25B3BF6A01.d.02B36FC6F66E4E88F976B1D9DB6C41DA.e.3659"}]}
RESULT: {"script":"<script> [8489 bytes]","args":[{"element-6066-11e4-a52e-4f735466cecf":"f.41167B24BF7F3EFA47545F25B3BF6A01.d.02B36FC6F66E4E88F976B1D9DB6C41DA.e.3659","ELEMENT":"f.41167B24BF7F3EFA47545F25B3BF6A01.d.02B36FC6F66E4E88F976B1D9DB6C41DA.e.3659"}]}
COMMAND: POST /session/68929459ca918a999f98598021acce7a/execute/async - {"script":"<script> [1562 bytes]","args":[{"selector":{"id":"application-managepartners-display-component---NewPartner--addressNewCostObjectCstID-vhi"},"wdio_ui5_key":"applicationmanagepartners-display-component---NewPartner--addressNewCostObjectCstID-vhi"}]}
COMMAND: GET /session/68929459ca918a999f98598021acce7a/screenshot - {}
RESULT: {"script":"<script> [1562 bytes]","args":[{"selector":{"id":"application-managepartners-display-component---NewPartner--addressNewCostObjectCstID-vhi"},"wdio_ui5_key":"applicationmanagepartners-display-component---NewPartner--addressNewCostObjectCstID-vhi"}]}
RESULT: undefined
COMMAND: POST /session/68929459ca918a999f98598021acce7a/element - {"using":"xpath","value":"//*[@id=\"application-managepartners-display-component---NewPartner--addressNewCostObjectCstID-vhi\"]"}
RESULT: {}
RESULT: {"using":"xpath","value":"//*[@id=\"application-managepartners-display-component---NewPartner--addressNewCostObjectCstID-vhi\"]"}
COMMAND: POST /session/68929459ca918a999f98598021acce7a/element/f.41167B24BF7F3EFA47545F25B3BF6A01.d.02B36FC6F66E4E88F976B1D9DB6C41DA.e.3659/click - {}
RESULT: {}
COMMAND: GET /session/68929459ca918a999f98598021acce7a/screenshot - {}
RESULT: {}
COMMAND: POST /session/68929459ca918a999f98598021acce7a/execute/async - {"script":"<script> [1562 bytes]","args":[{"selector":{"controlType":"sap.m.SearchField","properties":{"placeholder":"Search"},"searchOpenDialogs":true,"interaction":{"idSuffix":"I"}},"wdio_ui5_key":"sapm.SearchField{\"placeholder\":\"Search\"}"}]}
RESULT: {"script":"<script> [1562 bytes]","args":[{"selector":{"controlType":"sap.m.SearchField","properties":{"placeholder":"Search"},"searchOpenDialogs":true,"interaction":{"idSuffix":"I"}},"wdio_ui5_key":"sapm.SearchField{\"placeholder\":\"Search\"}"}]}
RESULT: undefined
COMMAND: POST /session/68929459ca918a999f98598021acce7a/execute/async - {"script":"<script> [776 bytes]","args":[{"enterText":"10001013","selector":{"controlType":"sap.m.SearchField","properties":{"placeholder":"Search"},"searchOpenDialogs":true,"interaction":{"idSuffix":"I"}},"clearTextFirst":true,"interactionType":"ENTER_TEXT"}]}
RESULT: {"script":"<script> [776 bytes]","args":[{"enterText":"10001013","selector":{"controlType":"sap.m.SearchField","properties":{"placeholder":"Search"},"searchOpenDialogs":true,"interaction":{"idSuffix":"I"}},"clearTextFirst":true,"interactionType":"ENTER_TEXT"}]}
COMMAND: POST /session/68929459ca918a999f98598021acce7a/actions - {"actions":[{"id":"action11","type":"key","parameters":{},"actions":[{"type":"keyDown","value":"î€‡"},{"type":"pause","duration":10},{"type":"keyUp","value":"î€‡"}]}]}
RESULT: {"actions":[{"id":"action11","type":"key","parameters":{},"actions":[{"type":"keyDown","value":"î€‡"},{"type":"pause","duration":10},{"type":"keyUp","value":"î€‡"}]}]}
COMMAND: GET /session/68929459ca918a999f98598021acce7a/screenshot - {}
RESULT: {}
COMMAND: POST /session/68929459ca918a999f98598021acce7a/element - {"using":"xpath","value":"//span[contains(text(), \"General Management\")]"}
RESULT: {"using":"xpath","value":"//span[contains(text(), \"General Management\")]"}
COMMAND: POST /session/68929459ca918a999f98598021acce7a/element/f.41167B24BF7F3EFA47545F25B3BF6A01.d.02B36FC6F66E4E88F976B1D9DB6C41DA.e.3700/click - {}
RESULT: {}
COMMAND: GET /session/68929459ca918a999f98598021acce7a/screenshot - {}
RESULT: {}
COMMAND: POST /session/68929459ca918a999f98598021acce7a/element - {"using":"xpath","value":"//bdi[contains(text(), \"OK\")]"}
RESULT: {"using":"xpath","value":"//bdi[contains(text(), \"OK\")]"}
COMMAND: POST /session/68929459ca918a999f98598021acce7a/element/f.41167B24BF7F3EFA47545F25B3BF6A01.d.02B36FC6F66E4E88F976B1D9DB6C41DA.e.3701/click - {}
RESULT: {}
COMMAND: GET /session/68929459ca918a999f98598021acce7a/screenshot - {}
RESULT: {}
COMMAND: POST /session/68929459ca918a999f98598021acce7a/element - {"using":"xpath","value":"//input[@id=\"application-managepartners-display-component---NewPartner--companyCodeComboBox-inner\"]"}
RESULT: {"using":"xpath","value":"//input[@id=\"application-managepartners-display-component---NewPartner--companyCodeComboBox-inner\"]"}
COMMAND: POST /session/68929459ca918a999f98598021acce7a/element/f.41167B24BF7F3EFA47545F25B3BF6A01.d.02B36FC6F66E4E88F976B1D9DB6C41DA.e.3501/clear - {}
RESULT: {}
COMMAND: POST /session/68929459ca918a999f98598021acce7a/element/f.41167B24BF7F3EFA47545F25B3BF6A01.d.02B36FC6F66E4E88F976B1D9DB6C41DA.e.3501/value - {"text":"C002"}
COMMAND: GET /session/68929459ca918a999f98598021acce7a/screenshot - {}
RESULT: {"text":"C002"}
COMMAND: GET /session/68929459ca918a999f98598021acce7a/screenshot - {}
RESULT: {}
RESULT: {}
COMMAND: POST /session/68929459ca918a999f98598021acce7a/element - {"using":"xpath","value":"//li[.//span[text()= \"C002\"]]"}
RESULT: {"using":"xpath","value":"//li[.//span[text()= \"C002\"]]"}
COMMAND: POST /session/68929459ca918a999f98598021acce7a/element/f.41167B24BF7F3EFA47545F25B3BF6A01.d.02B36FC6F66E4E88F976B1D9DB6C41DA.e.3707/click - {}
RESULT: {}
COMMAND: GET /session/68929459ca918a999f98598021acce7a/screenshot - {}
RESULT: {}
COMMAND: POST /session/68929459ca918a999f98598021acce7a/execute/async - {"script":"<script> [1562 bytes]","args":[{"selector":{"id":"application-managepartners-display-component---NewPartner--btnAddTableRow-img"},"wdio_ui5_key":"applicationmanagepartners-display-component---NewPartner--btnAddTableRow-img"}]}
RESULT: {"script":"<script> [1562 bytes]","args":[{"selector":{"id":"application-managepartners-display-component---NewPartner--btnAddTableRow-img"},"wdio_ui5_key":"applicationmanagepartners-display-component---NewPartner--btnAddTableRow-img"}]}
RESULT: undefined
COMMAND: POST /session/68929459ca918a999f98598021acce7a/element - {"using":"xpath","value":"//*[@id=\"application-managepartners-display-component---NewPartner--btnAddTableRow-img\"]"}
RESULT: {"using":"xpath","value":"//*[@id=\"application-managepartners-display-component---NewPartner--btnAddTableRow-img\"]"}
COMMAND: POST /session/68929459ca918a999f98598021acce7a/element/f.41167B24BF7F3EFA47545F25B3BF6A01.d.02B36FC6F66E4E88F976B1D9DB6C41DA.e.3708/click - {}
RESULT: {}
COMMAND: GET /session/68929459ca918a999f98598021acce7a/screenshot - {}
RESULT: {}
COMMAND: POST /session/68929459ca918a999f98598021acce7a/element - {"using":"xpath","value":"//input[@id=\"application-managepartners-display-component---NewPartner--assignmentYard-application-managepartners-display-component---NewPartner--assignmentsTable-0-inner\"]"}
RESULT: {"using":"xpath","value":"//input[@id=\"application-managepartners-display-component---NewPartner--assignmentYard-application-managepartners-display-component---NewPartner--assignmentsTable-0-inner\"]"}
COMMAND: POST /session/68929459ca918a999f98598021acce7a/element/f.41167B24BF7F3EFA47545F25B3BF6A01.d.02B36FC6F66E4E88F976B1D9DB6C41DA.e.3711/clear - {}
RESULT: {}
COMMAND: POST /session/68929459ca918a999f98598021acce7a/element/f.41167B24BF7F3EFA47545F25B3BF6A01.d.02B36FC6F66E4E88F976B1D9DB6C41DA.e.3711/value - {"text":"363"}
COMMAND: GET /session/68929459ca918a999f98598021acce7a/screenshot - {}
RESULT: {"text":"363"}
COMMAND: GET /session/68929459ca918a999f98598021acce7a/screenshot - {}
RESULT: {}
RESULT: {}
COMMAND: POST /session/68929459ca918a999f98598021acce7a/element - {"using":"xpath","value":"//li[.//span[text()='363']]"}
RESULT: {"using":"xpath","value":"//li[.//span[text()='363']]"}
COMMAND: POST /session/68929459ca918a999f98598021acce7a/element/f.41167B24BF7F3EFA47545F25B3BF6A01.d.02B36FC6F66E4E88F976B1D9DB6C41DA.e.3720/click - {}
RESULT: {}
COMMAND: GET /session/68929459ca918a999f98598021acce7a/screenshot - {}
RESULT: {}
COMMAND: POST /session/68929459ca918a999f98598021acce7a/actions - {"actions":[{"id":"action12","type":"key","parameters":{},"actions":[{"type":"keyDown","value":"î€‡"},{"type":"pause","duration":10},{"type":"keyUp","value":"î€‡"}]}]}
RESULT: {"actions":[{"id":"action12","type":"key","parameters":{},"actions":[{"type":"keyDown","value":"î€‡"},{"type":"pause","duration":10},{"type":"keyUp","value":"î€‡"}]}]}
COMMAND: POST /session/68929459ca918a999f98598021acce7a/execute/async - {"script":"<script> [1562 bytes]","args":[{"selector":{"id":"application-managepartners-display-component---NewPartner--externalCustomerComboBox-application-managepartners-display-component---NewPartner--assignmentsTable-0-vhi"},"wdio_ui5_key":"applicationmanagepartners-display-component---NewPartner--externalCustomerComboBox-application-managepartners-display-component---NewPartner--assignmentsTable-0-vhi"}]}
COMMAND: GET /session/68929459ca918a999f98598021acce7a/screenshot - {}
RESULT: {"script":"<script> [1562 bytes]","args":[{"selector":{"id":"application-managepartners-display-component---NewPartner--externalCustomerComboBox-application-managepartners-display-component---NewPartner--assignmentsTable-0-vhi"},"wdio_ui5_key":"applicationmanagepartners-display-component---NewPartner--externalCustomerComboBox-application-managepartners-display-component---NewPartner--assignmentsTable-0-vhi"}]}
RESULT: undefined
COMMAND: POST /session/68929459ca918a999f98598021acce7a/element - {"using":"xpath","value":"//*[@id=\"application-managepartners-display-component---NewPartner--externalCustomerComboBox-application-managepartners-display-component---NewPartner--assignmentsTable-0-vhi\"]"}
RESULT: {}
RESULT: {"using":"xpath","value":"//*[@id=\"application-managepartners-display-component---NewPartner--externalCustomerComboBox-application-managepartners-display-component---NewPartner--assignmentsTable-0-vhi\"]"}
COMMAND: POST /session/68929459ca918a999f98598021acce7a/element/f.41167B24BF7F3EFA47545F25B3BF6A01.d.02B36FC6F66E4E88F976B1D9DB6C41DA.e.3724/click - {}
RESULT: {}
RESULT: undefined
COMMAND: POST /session/68929459ca918a999f98598021acce7a/execute/async - {"script":"<script> [776 bytes]","args":[{"enterText":"300003","selector":{"controlType":"sap.m.SearchField","properties":{"placeholder":"Search"},"searchOpenDialogs":true,"interaction":{"idSuffix":"I"}},"clearTextFirst":true,"interactionType":"ENTER_TEXT"}]}
COMMAND: GET /session/68929459ca918a999f98598021acce7a/screenshot - {}
RESULT: {"script":"<script> [776 bytes]","args":[{"enterText":"300003","selector":{"controlType":"sap.m.SearchField","properties":{"placeholder":"Search"},"searchOpenDialogs":true,"interaction":{"idSuffix":"I"}},"clearTextFirst":true,"interactionType":"ENTER_TEXT"}]}
COMMAND: POST /session/68929459ca918a999f98598021acce7a/actions - {"actions":[{"id":"action13","type":"key","parameters":{},"actions":[{"type":"keyDown","value":"î€‡"},{"type":"pause","duration":10},{"type":"keyUp","value":"î€‡"}]}]}
RESULT: {}
RESULT: {"actions":[{"id":"action13","type":"key","parameters":{},"actions":[{"type":"keyDown","value":"î€‡"},{"type":"pause","duration":10},{"type":"keyUp","value":"î€‡"}]}]}
COMMAND: GET /session/68929459ca918a999f98598021acce7a/screenshot - {}
RESULT: {}
COMMAND: POST /session/68929459ca918a999f98598021acce7a/element - {"using":"xpath","value":"//span[contains(text(), \"300003\")]"}
RESULT: {"using":"xpath","value":"//span[contains(text(), \"300003\")]"}
COMMAND: POST /session/68929459ca918a999f98598021acce7a/element/f.41167B24BF7F3EFA47545F25B3BF6A01.d.02B36FC6F66E4E88F976B1D9DB6C41DA.e.3743/click - {}
RESULT: {}
COMMAND: GET /session/68929459ca918a999f98598021acce7a/screenshot - {}
RESULT: {}
COMMAND: POST /session/68929459ca918a999f98598021acce7a/element - {"using":"xpath","value":"//bdi[contains(text(), \"OK\")]"}
RESULT: {"using":"xpath","value":"//bdi[contains(text(), \"OK\")]"}
COMMAND: POST /session/68929459ca918a999f98598021acce7a/element/f.41167B24BF7F3EFA47545F25B3BF6A01.d.02B36FC6F66E4E88F976B1D9DB6C41DA.e.3745/click - {}
RESULT: {}
COMMAND: GET /session/68929459ca918a999f98598021acce7a/screenshot - {}
RESULT: {}
COMMAND: POST /session/68929459ca918a999f98598021acce7a/execute/async - {"script":"<script> [1562 bytes]","args":[{"selector":{"id":"application-managepartners-display-component---NewPartner--intercompVendorComboBox-application-managepartners-display-component---NewPartner--assignmentsTable-0-vhi"},"wdio_ui5_key":"applicationmanagepartners-display-component---NewPartner--intercompVendorComboBox-application-managepartners-display-component---NewPartner--assignmentsTable-0-vhi"}]}
RESULT: {"script":"<script> [1562 bytes]","args":[{"selector":{"id":"application-managepartners-display-component---NewPartner--intercompVendorComboBox-application-managepartners-display-component---NewPartner--assignmentsTable-0-vhi"},"wdio_ui5_key":"applicationmanagepartners-display-component---NewPartner--intercompVendorComboBox-application-managepartners-display-component---NewPartner--assignmentsTable-0-vhi"}]}
RESULT: undefined
COMMAND: POST /session/68929459ca918a999f98598021acce7a/element - {"using":"xpath","value":"//*[@id=\"application-managepartners-display-component---NewPartner--intercompVendorComboBox-application-managepartners-display-component---NewPartner--assignmentsTable-0-vhi\"]"}
RESULT: {"using":"xpath","value":"//*[@id=\"application-managepartners-display-component---NewPartner--intercompVendorComboBox-application-managepartners-display-component---NewPartner--assignmentsTable-0-vhi\"]"}
COMMAND: POST /session/68929459ca918a999f98598021acce7a/element/f.41167B24BF7F3EFA47545F25B3BF6A01.d.02B36FC6F66E4E88F976B1D9DB6C41DA.e.3749/click - {}
RESULT: {}
RESULT: undefined
COMMAND: POST /session/68929459ca918a999f98598021acce7a/execute/async - {"script":"<script> [776 bytes]","args":[{"enterText":"100005","selector":{"controlType":"sap.m.SearchField","properties":{"placeholder":"Search"},"searchOpenDialogs":true,"interaction":{"idSuffix":"I"}},"clearTextFirst":true,"interactionType":"ENTER_TEXT"}]}
COMMAND: GET /session/68929459ca918a999f98598021acce7a/screenshot - {}
RESULT: {"script":"<script> [776 bytes]","args":[{"enterText":"100005","selector":{"controlType":"sap.m.SearchField","properties":{"placeholder":"Search"},"searchOpenDialogs":true,"interaction":{"idSuffix":"I"}},"clearTextFirst":true,"interactionType":"ENTER_TEXT"}]}
COMMAND: POST /session/68929459ca918a999f98598021acce7a/actions - {"actions":[{"id":"action14","type":"key","parameters":{},"actions":[{"type":"keyDown","value":"î€‡"},{"type":"pause","duration":10},{"type":"keyUp","value":"î€‡"}]}]}
RESULT: {}
RESULT: {"actions":[{"id":"action14","type":"key","parameters":{},"actions":[{"type":"keyDown","value":"î€‡"},{"type":"pause","duration":10},{"type":"keyUp","value":"î€‡"}]}]}
COMMAND: GET /session/68929459ca918a999f98598021acce7a/screenshot - {}
RESULT: {}
COMMAND: POST /session/68929459ca918a999f98598021acce7a/element - {"using":"xpath","value":"//span[contains(text(), \"Penguins - Field/12345 Berlin\")]"}
RESULT: {"using":"xpath","value":"//span[contains(text(), \"Penguins - Field/12345 Berlin\")]"}
COMMAND: POST /session/68929459ca918a999f98598021acce7a/element/f.41167B24BF7F3EFA47545F25B3BF6A01.d.02B36FC6F66E4E88F976B1D9DB6C41DA.e.3766/click - {}
RESULT: {}
COMMAND: GET /session/68929459ca918a999f98598021acce7a/screenshot - {}
RESULT: {}
COMMAND: POST /session/68929459ca918a999f98598021acce7a/element - {"using":"xpath","value":"//bdi[contains(text(), \"OK\")]"}
RESULT: {"using":"xpath","value":"//bdi[contains(text(), \"OK\")]"}
COMMAND: POST /session/68929459ca918a999f98598021acce7a/element/f.41167B24BF7F3EFA47545F25B3BF6A01.d.02B36FC6F66E4E88F976B1D9DB6C41DA.e.3767/click - {}
RESULT: {}
COMMAND: GET /session/68929459ca918a999f98598021acce7a/screenshot - {}
RESULT: {}
COMMAND: POST /session/68929459ca918a999f98598021acce7a/element - {"using":"xpath","value":"//button[@data-kt=\"saveButton\"]"}
RESULT: {"using":"xpath","value":"//button[@data-kt=\"saveButton\"]"}
COMMAND: POST /session/68929459ca918a999f98598021acce7a/element/f.41167B24BF7F3EFA47545F25B3BF6A01.d.02B36FC6F66E4E88F976B1D9DB6C41DA.e.3527/click - {}
RESULT: {}
COMMAND: GET /session/68929459ca918a999f98598021acce7a/screenshot - {}
RESULT: {}
COMMAND: POST /session/68929459ca918a999f98598021acce7a/element - {"using":"xpath","value":"//header[contains(@id, 'ObjectPageLayout-headerTitle')]/div[1]/div[2]/div[2]/span[1]"}
RESULT: {"using":"xpath","value":"//header[contains(@id, 'ObjectPageLayout-headerTitle')]/div[1]/div[2]/div[2]/span[1]"}
COMMAND: POST /session/68929459ca918a999f98598021acce7a/elements - {"using":"xpath","value":"//header[contains(@id, 'ObjectPageLayout-headerTitle')]/div[1]/div[2]/div[2]/span[1]"}
RESULT: {"using":"xpath","value":"//header[contains(@id, 'ObjectPageLayout-headerTitle')]/div[1]/div[2]/div[2]/span[1]"}
COMMAND: POST /session/68929459ca918a999f98598021acce7a/execute/sync - {"script":"<script> [56 bytes]","args":[{"element-6066-11e4-a52e-4f735466cecf":"f.41167B24BF7F3EFA47545F25B3BF6A01.d.02B36FC6F66E4E88F976B1D9DB6C41DA.e.3932","ELEMENT":"f.41167B24BF7F3EFA47545F25B3BF6A01.d.02B36FC6F66E4E88F976B1D9DB6C41DA.e.3932"}]}
RESULT: {"script":"<script> [56 bytes]","args":[{"element-6066-11e4-a52e-4f735466cecf":"f.41167B24BF7F3EFA47545F25B3BF6A01.d.02B36FC6F66E4E88F976B1D9DB6C41DA.e.3932","ELEMENT":"f.41167B24BF7F3EFA47545F25B3BF6A01.d.02B36FC6F66E4E88F976B1D9DB6C41DA.e.3932"}]}
COMMAND: POST /session/68929459ca918a999f98598021acce7a/element - {"using":"css selector","value":"#shell-header-logo"}
COMMAND: GET /session/68929459ca918a999f98598021acce7a/screenshot - {}
RESULT: {"using":"css selector","value":"#shell-header-logo"}
COMMAND: POST /session/68929459ca918a999f98598021acce7a/element/f.41167B24BF7F3EFA47545F25B3BF6A01.d.02B36FC6F66E4E88F976B1D9DB6C41DA.e.3141/click - {}
RESULT: {}
RESULT: {}
COMMAND: GET /session/68929459ca918a999f98598021acce7a/screenshot - {}
RESULT: {}
COMMAND: POST /session/68929459ca918a999f98598021acce7a/execute/sync - {"script":"<script> [299 bytes]","args":[["getModel","getResource"]]}
RESULT: {"script":"<script> [299 bytes]","args":[["getModel","getResource"]]}
]]></system-out>
    </testcase>
    <testcase classname="chrome.136_0_7103_49.windows.Edit_and_delete_daily_price_US134629_US134627" name="Should create a new site used for following tests" time="103.562">
      <system-out><![CDATA[
COMMAND: POST /session/68929459ca918a999f98598021acce7a/execute/async - {"script":"<script> [1562 bytes]","args":[{"selector":{"controlType":"sap.m.GenericTile","properties":{"header":"Manage Sites"}},"wdio_ui5_key":"sapm.GenericTile{\"header\":\"Manage Sites\"}"}]}
COMMAND: GET /session/68929459ca918a999f98598021acce7a/screenshot - {}
RESULT: {"script":"<script> [1562 bytes]","args":[{"selector":{"controlType":"sap.m.GenericTile","properties":{"header":"Manage Sites"}},"wdio_ui5_key":"sapm.GenericTile{\"header\":\"Manage Sites\"}"}]}
RESULT: undefined
COMMAND: POST /session/68929459ca918a999f98598021acce7a/element - {"using":"xpath","value":"//*[@id=\"__tile40\"]"}
RESULT: {}
RESULT: {"using":"xpath","value":"//*[@id=\"__tile40\"]"}
COMMAND: POST /session/68929459ca918a999f98598021acce7a/element/f.41167B24BF7F3EFA47545F25B3BF6A01.d.02B36FC6F66E4E88F976B1D9DB6C41DA.e.3034/click - {}
RESULT: {}
COMMAND: GET /session/68929459ca918a999f98598021acce7a/screenshot - {}
RESULT: {}
COMMAND: POST /session/68929459ca918a999f98598021acce7a/elements - {"using":"xpath","value":"//span[text()='Error']"}
RESULT: {"using":"xpath","value":"//span[text()='Error']"}
COMMAND: POST /session/68929459ca918a999f98598021acce7a/element - {"using":"xpath","value":"//button[@data-kt=\"addOverflowToolbarButton\"]"}
RESULT: {"using":"xpath","value":"//button[@data-kt=\"addOverflowToolbarButton\"]"}
COMMAND: POST /session/68929459ca918a999f98598021acce7a/elements - {"using":"xpath","value":"//button[@data-kt=\"addOverflowToolbarButton\"]"}
RESULT: {"using":"xpath","value":"//button[@data-kt=\"addOverflowToolbarButton\"]"}
COMMAND: POST /session/68929459ca918a999f98598021acce7a/execute/sync - {"script":"<script> [8489 bytes]","args":[{"element-6066-11e4-a52e-4f735466cecf":"f.41167B24BF7F3EFA47545F25B3BF6A01.d.02B36FC6F66E4E88F976B1D9DB6C41DA.e.3972","ELEMENT":"f.41167B24BF7F3EFA47545F25B3BF6A01.d.02B36FC6F66E4E88F976B1D9DB6C41DA.e.3972"}]}
RESULT: {"script":"<script> [8489 bytes]","args":[{"element-6066-11e4-a52e-4f735466cecf":"f.41167B24BF7F3EFA47545F25B3BF6A01.d.02B36FC6F66E4E88F976B1D9DB6C41DA.e.3972","ELEMENT":"f.41167B24BF7F3EFA47545F25B3BF6A01.d.02B36FC6F66E4E88F976B1D9DB6C41DA.e.3972"}]}
COMMAND: GET /session/68929459ca918a999f98598021acce7a/element/f.41167B24BF7F3EFA47545F25B3BF6A01.d.02B36FC6F66E4E88F976B1D9DB6C41DA.e.3972/enabled - {}
COMMAND: GET /session/68929459ca918a999f98598021acce7a/screenshot - {}
RESULT: {}
COMMAND: POST /session/68929459ca918a999f98598021acce7a/execute/sync - {"script":"<script> [8489 bytes]","args":[{"element-6066-11e4-a52e-4f735466cecf":"f.41167B24BF7F3EFA47545F25B3BF6A01.d.02B36FC6F66E4E88F976B1D9DB6C41DA.e.3972","ELEMENT":"f.41167B24BF7F3EFA47545F25B3BF6A01.d.02B36FC6F66E4E88F976B1D9DB6C41DA.e.3972"}]}
COMMAND: GET /session/68929459ca918a999f98598021acce7a/screenshot - {}
RESULT: {}
RESULT: {"script":"<script> [8489 bytes]","args":[{"element-6066-11e4-a52e-4f735466cecf":"f.41167B24BF7F3EFA47545F25B3BF6A01.d.02B36FC6F66E4E88F976B1D9DB6C41DA.e.3972","ELEMENT":"f.41167B24BF7F3EFA47545F25B3BF6A01.d.02B36FC6F66E4E88F976B1D9DB6C41DA.e.3972"}]}
COMMAND: POST /session/68929459ca918a999f98598021acce7a/execute/sync - {"script":"<script> [5351 bytes]","args":[{"element-6066-11e4-a52e-4f735466cecf":"f.41167B24BF7F3EFA47545F25B3BF6A01.d.02B36FC6F66E4E88F976B1D9DB6C41DA.e.3972","ELEMENT":"f.41167B24BF7F3EFA47545F25B3BF6A01.d.02B36FC6F66E4E88F976B1D9DB6C41DA.e.3972"}]}
COMMAND: GET /session/68929459ca918a999f98598021acce7a/screenshot - {}
RESULT: {}
RESULT: {"script":"<script> [5351 bytes]","args":[{"element-6066-11e4-a52e-4f735466cecf":"f.41167B24BF7F3EFA47545F25B3BF6A01.d.02B36FC6F66E4E88F976B1D9DB6C41DA.e.3972","ELEMENT":"f.41167B24BF7F3EFA47545F25B3BF6A01.d.02B36FC6F66E4E88F976B1D9DB6C41DA.e.3972"}]}
COMMAND: POST /session/68929459ca918a999f98598021acce7a/element/f.41167B24BF7F3EFA47545F25B3BF6A01.d.02B36FC6F66E4E88F976B1D9DB6C41DA.e.3972/click - {}
COMMAND: GET /session/68929459ca918a999f98598021acce7a/screenshot - {}
RESULT: {}
RESULT: {}
COMMAND: GET /session/68929459ca918a999f98598021acce7a/screenshot - {}
COMMAND: POST /session/68929459ca918a999f98598021acce7a/element - {"using":"xpath","value":"//input[@id=\"application-managesites-display-component---NewSite--siteId-inner\"]"}
RESULT: {}
RESULT: {}
RESULT: {"using":"xpath","value":"//input[@id=\"application-managesites-display-component---NewSite--siteId-inner\"]"}
COMMAND: POST /session/68929459ca918a999f98598021acce7a/element - {"using":"xpath","value":"//input[@id=\"application-managesites-display-component---NewSite--siteId-inner\"]"}
RESULT: {"using":"xpath","value":"//input[@id=\"application-managesites-display-component---NewSite--siteId-inner\"]"}
COMMAND: POST /session/68929459ca918a999f98598021acce7a/execute/async - {"script":"<script> [1562 bytes]","args":[{"selector":{"id":"application-managesites-display-component---NewSite--addressDetailDetailsName1","interaction":{"idSuffix":"inner"}},"wdio_ui5_key":"applicationmanagesites-display-component---NewSite--addressDetailDetailsName1"}]}
RESULT: {"script":"<script> [1562 bytes]","args":[{"selector":{"id":"application-managesites-display-component---NewSite--addressDetailDetailsName1","interaction":{"idSuffix":"inner"}},"wdio_ui5_key":"applicationmanagesites-display-component---NewSite--addressDetailDetailsName1"}]}
RESULT: undefined
COMMAND: POST /session/68929459ca918a999f98598021acce7a/execute/async - {"script":"<script> [776 bytes]","args":[{"enterText":"DailyPrice WDIO","selector":{"id":"application-managesites-display-component---NewSite--addressDetailDetailsName1","interaction":{"idSuffix":"inner"}},"clearTextFirst":true,"interactionType":"ENTER_TEXT"}]}
RESULT: {"script":"<script> [776 bytes]","args":[{"enterText":"DailyPrice WDIO","selector":{"id":"application-managesites-display-component---NewSite--addressDetailDetailsName1","interaction":{"idSuffix":"inner"}},"clearTextFirst":true,"interactionType":"ENTER_TEXT"}]}
COMMAND: POST /session/68929459ca918a999f98598021acce7a/execute/async - {"script":"<script> [1562 bytes]","args":[{"selector":{"id":"application-managesites-display-component---NewSite--addressDetailDetailsLanguage-arrow"},"wdio_ui5_key":"applicationmanagesites-display-component---NewSite--addressDetailDetailsLanguage-arrow"}]}
RESULT: {"script":"<script> [1562 bytes]","args":[{"selector":{"id":"application-managesites-display-component---NewSite--addressDetailDetailsLanguage-arrow"},"wdio_ui5_key":"applicationmanagesites-display-component---NewSite--addressDetailDetailsLanguage-arrow"}]}
RESULT: undefined
COMMAND: POST /session/68929459ca918a999f98598021acce7a/element - {"using":"xpath","value":"//*[@id=\"application-managesites-display-component---NewSite--addressDetailDetailsLanguage-arrow\"]"}
RESULT: {"using":"xpath","value":"//*[@id=\"application-managesites-display-component---NewSite--addressDetailDetailsLanguage-arrow\"]"}
COMMAND: POST /session/68929459ca918a999f98598021acce7a/element/f.41167B24BF7F3EFA47545F25B3BF6A01.d.02B36FC6F66E4E88F976B1D9DB6C41DA.e.4390/click - {}
RESULT: {}
COMMAND: POST /session/68929459ca918a999f98598021acce7a/element - {"using":"xpath","value":"//span[contains(text(), \"English\")]"}
COMMAND: GET /session/68929459ca918a999f98598021acce7a/screenshot - {}
RESULT: {"using":"xpath","value":"//span[contains(text(), \"English\")]"}
COMMAND: POST /session/68929459ca918a999f98598021acce7a/element/f.41167B24BF7F3EFA47545F25B3BF6A01.d.02B36FC6F66E4E88F976B1D9DB6C41DA.e.4391/click - {}
RESULT: {}
RESULT: {}
COMMAND: POST /session/68929459ca918a999f98598021acce7a/execute/async - {"script":"<script> [1562 bytes]","args":[{"selector":{"id":"application-managesites-display-component---NewSite--addressDetailDetailsCity1","interaction":{"idSuffix":"inner"}},"wdio_ui5_key":"applicationmanagesites-display-component---NewSite--addressDetailDetailsCity1"}]}
COMMAND: GET /session/68929459ca918a999f98598021acce7a/screenshot - {}
RESULT: {"script":"<script> [1562 bytes]","args":[{"selector":{"id":"application-managesites-display-component---NewSite--addressDetailDetailsCity1","interaction":{"idSuffix":"inner"}},"wdio_ui5_key":"applicationmanagesites-display-component---NewSite--addressDetailDetailsCity1"}]}
RESULT: undefined
COMMAND: POST /session/68929459ca918a999f98598021acce7a/execute/async - {"script":"<script> [776 bytes]","args":[{"enterText":"Rosario","selector":{"id":"application-managesites-display-component---NewSite--addressDetailDetailsCity1","interaction":{"idSuffix":"inner"}},"clearTextFirst":true,"interactionType":"ENTER_TEXT"}]}
RESULT: {}
RESULT: {"script":"<script> [776 bytes]","args":[{"enterText":"Rosario","selector":{"id":"application-managesites-display-component---NewSite--addressDetailDetailsCity1","interaction":{"idSuffix":"inner"}},"clearTextFirst":true,"interactionType":"ENTER_TEXT"}]}
COMMAND: POST /session/68929459ca918a999f98598021acce7a/execute/async - {"script":"<script> [1562 bytes]","args":[{"selector":{"id":"application-managesites-display-component---NewSite--addressDetailDetailsCountry-arrow"},"wdio_ui5_key":"applicationmanagesites-display-component---NewSite--addressDetailDetailsCountry-arrow"}]}
RESULT: {"script":"<script> [1562 bytes]","args":[{"selector":{"id":"application-managesites-display-component---NewSite--addressDetailDetailsCountry-arrow"},"wdio_ui5_key":"applicationmanagesites-display-component---NewSite--addressDetailDetailsCountry-arrow"}]}
RESULT: undefined
COMMAND: POST /session/68929459ca918a999f98598021acce7a/element - {"using":"xpath","value":"//*[@id=\"application-managesites-display-component---NewSite--addressDetailDetailsCountry-arrow\"]"}
RESULT: {"using":"xpath","value":"//*[@id=\"application-managesites-display-component---NewSite--addressDetailDetailsCountry-arrow\"]"}
COMMAND: POST /session/68929459ca918a999f98598021acce7a/element/f.41167B24BF7F3EFA47545F25B3BF6A01.d.02B36FC6F66E4E88F976B1D9DB6C41DA.e.4393/click - {}
RESULT: {}
COMMAND: POST /session/68929459ca918a999f98598021acce7a/element - {"using":"xpath","value":"//span[contains(text(), \"Argentina\")]"}
COMMAND: GET /session/68929459ca918a999f98598021acce7a/screenshot - {}
RESULT: {"using":"xpath","value":"//span[contains(text(), \"Argentina\")]"}
COMMAND: POST /session/68929459ca918a999f98598021acce7a/element/f.41167B24BF7F3EFA47545F25B3BF6A01.d.02B36FC6F66E4E88F976B1D9DB6C41DA.e.4394/click - {}
RESULT: {}
RESULT: {}
COMMAND: GET /session/68929459ca918a999f98598021acce7a/screenshot - {}
RESULT: {}
COMMAND: POST /session/68929459ca918a999f98598021acce7a/execute/async - {"script":"<script> [1562 bytes]","args":[{"selector":{"id":"application-managesites-display-component---NewSite--addressEditDetailsCostObjectCstType-arrow"},"wdio_ui5_key":"applicationmanagesites-display-component---NewSite--addressEditDetailsCostObjectCstType-arrow"}]}
RESULT: {"script":"<script> [1562 bytes]","args":[{"selector":{"id":"application-managesites-display-component---NewSite--addressEditDetailsCostObjectCstType-arrow"},"wdio_ui5_key":"applicationmanagesites-display-component---NewSite--addressEditDetailsCostObjectCstType-arrow"}]}
RESULT: undefined
COMMAND: POST /session/68929459ca918a999f98598021acce7a/element - {"using":"xpath","value":"//*[@id=\"application-managesites-display-component---NewSite--addressEditDetailsCostObjectCstType-arrow\"]"}
RESULT: {"using":"xpath","value":"//*[@id=\"application-managesites-display-component---NewSite--addressEditDetailsCostObjectCstType-arrow\"]"}
COMMAND: POST /session/68929459ca918a999f98598021acce7a/element/f.41167B24BF7F3EFA47545F25B3BF6A01.d.02B36FC6F66E4E88F976B1D9DB6C41DA.e.4396/click - {}
RESULT: {}
COMMAND: POST /session/68929459ca918a999f98598021acce7a/element - {"using":"xpath","value":"//span[contains(text(), \"Cost Center\")]"}
COMMAND: GET /session/68929459ca918a999f98598021acce7a/screenshot - {}
RESULT: {"using":"xpath","value":"//span[contains(text(), \"Cost Center\")]"}
COMMAND: POST /session/68929459ca918a999f98598021acce7a/element/f.41167B24BF7F3EFA47545F25B3BF6A01.d.02B36FC6F66E4E88F976B1D9DB6C41DA.e.4397/click - {}
RESULT: {}
RESULT: {}
COMMAND: GET /session/68929459ca918a999f98598021acce7a/screenshot - {}
RESULT: {}
COMMAND: POST /session/68929459ca918a999f98598021acce7a/element - {"using":"xpath","value":"//span[@id=\"application-managesites-display-component---NewSite--addressNewCostObjectCstID-vhi\"]"}
RESULT: {"using":"xpath","value":"//span[@id=\"application-managesites-display-component---NewSite--addressNewCostObjectCstID-vhi\"]"}
COMMAND: POST /session/68929459ca918a999f98598021acce7a/execute/sync - {"script":"<script> [8489 bytes]","args":[{"element-6066-11e4-a52e-4f735466cecf":"f.41167B24BF7F3EFA47545F25B3BF6A01.d.02B36FC6F66E4E88F976B1D9DB6C41DA.e.4402","ELEMENT":"f.41167B24BF7F3EFA47545F25B3BF6A01.d.02B36FC6F66E4E88F976B1D9DB6C41DA.e.4402"}]}
RESULT: {"script":"<script> [8489 bytes]","args":[{"element-6066-11e4-a52e-4f735466cecf":"f.41167B24BF7F3EFA47545F25B3BF6A01.d.02B36FC6F66E4E88F976B1D9DB6C41DA.e.4402","ELEMENT":"f.41167B24BF7F3EFA47545F25B3BF6A01.d.02B36FC6F66E4E88F976B1D9DB6C41DA.e.4402"}]}
COMMAND: POST /session/68929459ca918a999f98598021acce7a/execute/async - {"script":"<script> [1562 bytes]","args":[{"selector":{"id":"application-managesites-display-component---NewSite--addressNewCostObjectCstID-vhi"},"wdio_ui5_key":"applicationmanagesites-display-component---NewSite--addressNewCostObjectCstID-vhi"}]}
COMMAND: GET /session/68929459ca918a999f98598021acce7a/screenshot - {}
RESULT: {"script":"<script> [1562 bytes]","args":[{"selector":{"id":"application-managesites-display-component---NewSite--addressNewCostObjectCstID-vhi"},"wdio_ui5_key":"applicationmanagesites-display-component---NewSite--addressNewCostObjectCstID-vhi"}]}
RESULT: undefined
COMMAND: POST /session/68929459ca918a999f98598021acce7a/element - {"using":"xpath","value":"//*[@id=\"application-managesites-display-component---NewSite--addressNewCostObjectCstID-vhi\"]"}
RESULT: {}
RESULT: {"using":"xpath","value":"//*[@id=\"application-managesites-display-component---NewSite--addressNewCostObjectCstID-vhi\"]"}
COMMAND: POST /session/68929459ca918a999f98598021acce7a/element/f.41167B24BF7F3EFA47545F25B3BF6A01.d.02B36FC6F66E4E88F976B1D9DB6C41DA.e.4402/click - {}
RESULT: {}
COMMAND: GET /session/68929459ca918a999f98598021acce7a/screenshot - {}
RESULT: {}
RESULT: undefined
COMMAND: POST /session/68929459ca918a999f98598021acce7a/execute/async - {"script":"<script> [776 bytes]","args":[{"enterText":"10001013","selector":{"controlType":"sap.m.SearchField","properties":{"placeholder":"Search"},"searchOpenDialogs":true,"interaction":{"idSuffix":"I"}},"clearTextFirst":true,"interactionType":"ENTER_TEXT"}]}
RESULT: {"script":"<script> [776 bytes]","args":[{"enterText":"10001013","selector":{"controlType":"sap.m.SearchField","properties":{"placeholder":"Search"},"searchOpenDialogs":true,"interaction":{"idSuffix":"I"}},"clearTextFirst":true,"interactionType":"ENTER_TEXT"}]}
COMMAND: POST /session/68929459ca918a999f98598021acce7a/actions - {"actions":[{"id":"action15","type":"key","parameters":{},"actions":[{"type":"keyDown","value":"î€‡"},{"type":"pause","duration":10},{"type":"keyUp","value":"î€‡"}]}]}
RESULT: {"actions":[{"id":"action15","type":"key","parameters":{},"actions":[{"type":"keyDown","value":"î€‡"},{"type":"pause","duration":10},{"type":"keyUp","value":"î€‡"}]}]}
COMMAND: GET /session/68929459ca918a999f98598021acce7a/screenshot - {}
RESULT: {}
COMMAND: POST /session/68929459ca918a999f98598021acce7a/element - {"using":"xpath","value":"//span[contains(text(), \"General Management\")]"}
RESULT: {"using":"xpath","value":"//span[contains(text(), \"General Management\")]"}
COMMAND: POST /session/68929459ca918a999f98598021acce7a/element/f.41167B24BF7F3EFA47545F25B3BF6A01.d.02B36FC6F66E4E88F976B1D9DB6C41DA.e.4440/click - {}
RESULT: {}
COMMAND: GET /session/68929459ca918a999f98598021acce7a/screenshot - {}
RESULT: {}
COMMAND: POST /session/68929459ca918a999f98598021acce7a/element - {"using":"xpath","value":"//bdi[contains(text(), \"OK\")]"}
RESULT: {"using":"xpath","value":"//bdi[contains(text(), \"OK\")]"}
COMMAND: POST /session/68929459ca918a999f98598021acce7a/element/f.41167B24BF7F3EFA47545F25B3BF6A01.d.02B36FC6F66E4E88F976B1D9DB6C41DA.e.4441/click - {}
RESULT: {}
COMMAND: GET /session/68929459ca918a999f98598021acce7a/screenshot - {}
RESULT: {}
COMMAND: POST /session/68929459ca918a999f98598021acce7a/element - {"using":"xpath","value":"//input[@id=\"application-managesites-display-component---NewSite--addressDetailDetailsCalendar-inner\"]"}
RESULT: {"using":"xpath","value":"//input[@id=\"application-managesites-display-component---NewSite--addressDetailDetailsCalendar-inner\"]"}
COMMAND: POST /session/68929459ca918a999f98598021acce7a/element/f.41167B24BF7F3EFA47545F25B3BF6A01.d.02B36FC6F66E4E88F976B1D9DB6C41DA.e.4186/clear - {}
RESULT: {}
COMMAND: POST /session/68929459ca918a999f98598021acce7a/element/f.41167B24BF7F3EFA47545F25B3BF6A01.d.02B36FC6F66E4E88F976B1D9DB6C41DA.e.4186/value - {"text":"Unit"}
RESULT: {"text":"Unit"}
COMMAND: GET /session/68929459ca918a999f98598021acce7a/screenshot - {}
COMMAND: GET /session/68929459ca918a999f98598021acce7a/screenshot - {}
RESULT: {}
RESULT: {}
COMMAND: POST /session/68929459ca918a999f98598021acce7a/actions - {"actions":[{"id":"action16","type":"key","parameters":{},"actions":[{"type":"keyDown","value":"î€‡"},{"type":"pause","duration":10},{"type":"keyUp","value":"î€‡"}]}]}
RESULT: {"actions":[{"id":"action16","type":"key","parameters":{},"actions":[{"type":"keyDown","value":"î€‡"},{"type":"pause","duration":10},{"type":"keyUp","value":"î€‡"}]}]}
COMMAND: POST /session/68929459ca918a999f98598021acce7a/element - {"using":"xpath","value":"//input[@id=\"application-managesites-display-component---NewSite--addressDetailDetailsYard-inner\"]"}
COMMAND: GET /session/68929459ca918a999f98598021acce7a/screenshot - {}
RESULT: {"using":"xpath","value":"//input[@id=\"application-managesites-display-component---NewSite--addressDetailDetailsYard-inner\"]"}
COMMAND: POST /session/68929459ca918a999f98598021acce7a/element/f.41167B24BF7F3EFA47545F25B3BF6A01.d.02B36FC6F66E4E88F976B1D9DB6C41DA.e.4187/clear - {}
RESULT: {}
RESULT: {}
COMMAND: POST /session/68929459ca918a999f98598021acce7a/element/f.41167B24BF7F3EFA47545F25B3BF6A01.d.02B36FC6F66E4E88F976B1D9DB6C41DA.e.4187/value - {"text":"363"}
COMMAND: GET /session/68929459ca918a999f98598021acce7a/screenshot - {}
RESULT: {"text":"363"}
COMMAND: GET /session/68929459ca918a999f98598021acce7a/screenshot - {}
RESULT: {}
RESULT: {}
COMMAND: POST /session/68929459ca918a999f98598021acce7a/element - {"using":"xpath","value":"//li[.//span[text()='363']]"}
RESULT: {"using":"xpath","value":"//li[.//span[text()='363']]"}
COMMAND: POST /session/68929459ca918a999f98598021acce7a/element/f.41167B24BF7F3EFA47545F25B3BF6A01.d.02B36FC6F66E4E88F976B1D9DB6C41DA.e.4449/click - {}
RESULT: {}
COMMAND: GET /session/68929459ca918a999f98598021acce7a/screenshot - {}
RESULT: {}
COMMAND: POST /session/68929459ca918a999f98598021acce7a/element - {"using":"xpath","value":"//input[@id=\"application-managesites-display-component---NewSite--addressDetailDetailsPartner-inner\"]"}
RESULT: {"using":"xpath","value":"//input[@id=\"application-managesites-display-component---NewSite--addressDetailDetailsPartner-inner\"]"}
COMMAND: POST /session/68929459ca918a999f98598021acce7a/element - {"using":"xpath","value":"//input[@id=\"application-managesites-display-component---NewSite--addressDetailDetailsPartner-inner\"]"}
RESULT: {"using":"xpath","value":"//input[@id=\"application-managesites-display-component---NewSite--addressDetailDetailsPartner-inner\"]"}
COMMAND: POST /session/68929459ca918a999f98598021acce7a/element - {"using":"xpath","value":"//button[@data-kt=\"saveButton\"]"}
RESULT: {"using":"xpath","value":"//button[@data-kt=\"saveButton\"]"}
COMMAND: POST /session/68929459ca918a999f98598021acce7a/element/f.41167B24BF7F3EFA47545F25B3BF6A01.d.02B36FC6F66E4E88F976B1D9DB6C41DA.e.4327/click - {}
RESULT: {}
COMMAND: GET /session/68929459ca918a999f98598021acce7a/screenshot - {}
RESULT: {}
COMMAND: POST /session/68929459ca918a999f98598021acce7a/element - {"using":"xpath","value":"//header[contains(@id, 'ObjectPageLayout-headerTitle')]/div[1]/div[2]/div[2]/span[1]"}
RESULT: {"using":"xpath","value":"//header[contains(@id, 'ObjectPageLayout-headerTitle')]/div[1]/div[2]/div[2]/span[1]"}
COMMAND: POST /session/68929459ca918a999f98598021acce7a/elements - {"using":"xpath","value":"//header[contains(@id, 'ObjectPageLayout-headerTitle')]/div[1]/div[2]/div[2]/span[1]"}
RESULT: {"using":"xpath","value":"//header[contains(@id, 'ObjectPageLayout-headerTitle')]/div[1]/div[2]/div[2]/span[1]"}
COMMAND: POST /session/68929459ca918a999f98598021acce7a/execute/sync - {"script":"<script> [56 bytes]","args":[{"element-6066-11e4-a52e-4f735466cecf":"f.41167B24BF7F3EFA47545F25B3BF6A01.d.02B36FC6F66E4E88F976B1D9DB6C41DA.e.4656","ELEMENT":"f.41167B24BF7F3EFA47545F25B3BF6A01.d.02B36FC6F66E4E88F976B1D9DB6C41DA.e.4656"}]}
RESULT: {"script":"<script> [56 bytes]","args":[{"element-6066-11e4-a52e-4f735466cecf":"f.41167B24BF7F3EFA47545F25B3BF6A01.d.02B36FC6F66E4E88F976B1D9DB6C41DA.e.4656","ELEMENT":"f.41167B24BF7F3EFA47545F25B3BF6A01.d.02B36FC6F66E4E88F976B1D9DB6C41DA.e.4656"}]}
COMMAND: POST /session/68929459ca918a999f98598021acce7a/element - {"using":"css selector","value":"#shell-header-logo"}
COMMAND: GET /session/68929459ca918a999f98598021acce7a/screenshot - {}
RESULT: {"using":"css selector","value":"#shell-header-logo"}
COMMAND: POST /session/68929459ca918a999f98598021acce7a/element/f.41167B24BF7F3EFA47545F25B3BF6A01.d.02B36FC6F66E4E88F976B1D9DB6C41DA.e.3936/click - {}
RESULT: {}
RESULT: {}
COMMAND: GET /session/68929459ca918a999f98598021acce7a/screenshot - {}
RESULT: {}
COMMAND: POST /session/68929459ca918a999f98598021acce7a/execute/sync - {"script":"<script> [299 bytes]","args":[["getModel","getResource"]]}
RESULT: {"script":"<script> [299 bytes]","args":[["getModel","getResource"]]}
]]></system-out>
    </testcase>
    <testcase classname="chrome.136_0_7103_49.windows.Edit_and_delete_daily_price_US134629_US134627" name="Should go to Manage Conditions Daily Price and add the 2 rows one with yard site and one with yard" time="79.023">
      <system-out><![CDATA[
COMMAND: GET /session/68929459ca918a999f98598021acce7a/screenshot - {}
COMMAND: POST /session/68929459ca918a999f98598021acce7a/execute/async - {"script":"<script> [1562 bytes]","args":[{"selector":{"controlType":"sap.m.GenericTile","properties":{"header":"Manage Conditions & Prices"}},"wdio_ui5_key":"sapm.GenericTile{\"header\":\"Manage Conditions & Prices\"}"}]}
RESULT: {"script":"<script> [1562 bytes]","args":[{"selector":{"controlType":"sap.m.GenericTile","properties":{"header":"Manage Conditions & Prices"}},"wdio_ui5_key":"sapm.GenericTile{\"header\":\"Manage Conditions & Prices\"}"}]}
RESULT: undefined
COMMAND: POST /session/68929459ca918a999f98598021acce7a/element - {"using":"xpath","value":"//*[@id=\"__tile53\"]"}
RESULT: {}
RESULT: {"using":"xpath","value":"//*[@id=\"__tile53\"]"}
COMMAND: POST /session/68929459ca918a999f98598021acce7a/element/f.41167B24BF7F3EFA47545F25B3BF6A01.d.02B36FC6F66E4E88F976B1D9DB6C41DA.e.3077/click - {}
RESULT: {}
COMMAND: GET /session/68929459ca918a999f98598021acce7a/screenshot - {}
RESULT: {}
COMMAND: POST /session/68929459ca918a999f98598021acce7a/elements - {"using":"xpath","value":"//span[text()='Error']"}
RESULT: {"using":"xpath","value":"//span[text()='Error']"}
COMMAND: POST /session/68929459ca918a999f98598021acce7a/element - {"using":"xpath","value":"//button[@aria-label=\"Create\"]"}
RESULT: {"using":"xpath","value":"//button[@aria-label=\"Create\"]"}
COMMAND: POST /session/68929459ca918a999f98598021acce7a/element/f.41167B24BF7F3EFA47545F25B3BF6A01.d.02B36FC6F66E4E88F976B1D9DB6C41DA.e.4694/click - {}
RESULT: {}
COMMAND: GET /session/68929459ca918a999f98598021acce7a/screenshot - {}
RESULT: {}
COMMAND: POST /session/68929459ca918a999f98598021acce7a/actions - {"actions":[{"id":"action17","type":"key","parameters":{},"actions":[{"type":"keyDown","value":"î€•"},{"type":"pause","duration":10},{"type":"keyUp","value":"î€•"}]}]}
RESULT: {"actions":[{"id":"action17","type":"key","parameters":{},"actions":[{"type":"keyDown","value":"î€•"},{"type":"pause","duration":10},{"type":"keyUp","value":"î€•"}]}]}
COMMAND: POST /session/68929459ca918a999f98598021acce7a/actions - {"actions":[{"id":"action18","type":"key","parameters":{},"actions":[{"type":"keyDown","value":"î€‡"},{"type":"pause","duration":10},{"type":"keyUp","value":"î€‡"}]}]}
COMMAND: GET /session/68929459ca918a999f98598021acce7a/screenshot - {}
RESULT: {"actions":[{"id":"action18","type":"key","parameters":{},"actions":[{"type":"keyDown","value":"î€‡"},{"type":"pause","duration":10},{"type":"keyUp","value":"î€‡"}]}]}
COMMAND: POST /session/68929459ca918a999f98598021acce7a/execute/async - {"script":"<script> [1562 bytes]","args":[{"selector":{"controlType":"sap.m.Title","viewName":"etm.portal.ui.manageconditionprice.view.DailyPrices","viewId":"application-manageconditionprice-display-component---dailyPrices","i18NText":{"propertyName":"text","key":"dailyPrices"}},"wdio_ui5_key":"etmportal.ui.manageconditionprice.view.DailyPricessap.m.Title{\"propertyName\":\"text\",\"key\":\"dailyPrices\"}"}]}
COMMAND: GET /session/68929459ca918a999f98598021acce7a/screenshot - {}
RESULT: {}
RESULT: {"script":"<script> [1562 bytes]","args":[{"selector":{"controlType":"sap.m.Title","viewName":"etm.portal.ui.manageconditionprice.view.DailyPrices","viewId":"application-manageconditionprice-display-component---dailyPrices","i18NText":{"propertyName":"text","key":"dailyPrices"}},"wdio_ui5_key":"etmportal.ui.manageconditionprice.view.DailyPricessap.m.Title{\"propertyName\":\"text\",\"key\":\"dailyPrices\"}"}]}
RESULT: undefined
COMMAND: POST /session/68929459ca918a999f98598021acce7a/execute/async - {"script":"<script> [6424 bytes]","args":[{"element-6066-11e4-a52e-4f735466cecf":"f.41167B24BF7F3EFA47545F25B3BF6A01.d.02B36FC6F66E4E88F976B1D9DB6C41DA.e.5046"},"getText",[]]}
RESULT: {}
RESULT: {"script":"<script> [6424 bytes]","args":[{"element-6066-11e4-a52e-4f735466cecf":"f.41167B24BF7F3EFA47545F25B3BF6A01.d.02B36FC6F66E4E88F976B1D9DB6C41DA.e.5046"},"getText",[]]}
COMMAND: POST /session/68929459ca918a999f98598021acce7a/execute/async - {"script":"<script> [1562 bytes]","args":[{"selector":{"id":"application-manageconditionprice-display-component---dailyPrices--condBillCond","interaction":{"idSuffix":"inner"}},"wdio_ui5_key":"applicationmanageconditionprice-display-component---dailyPrices--condBillCond"}]}
RESULT: {"script":"<script> [1562 bytes]","args":[{"selector":{"id":"application-manageconditionprice-display-component---dailyPrices--condBillCond","interaction":{"idSuffix":"inner"}},"wdio_ui5_key":"applicationmanageconditionprice-display-component---dailyPrices--condBillCond"}]}
RESULT: undefined
COMMAND: POST /session/68929459ca918a999f98598021acce7a/execute/async - {"script":"<script> [776 bytes]","args":[{"enterText":"Residual Value %","selector":{"id":"application-manageconditionprice-display-component---dailyPrices--condBillCond","interaction":{"idSuffix":"inner"}},"clearTextFirst":true,"interactionType":"ENTER_TEXT"}]}
RESULT: {"script":"<script> [776 bytes]","args":[{"enterText":"Residual Value %","selector":{"id":"application-manageconditionprice-display-component---dailyPrices--condBillCond","interaction":{"idSuffix":"inner"}},"clearTextFirst":true,"interactionType":"ENTER_TEXT"}]}
COMMAND: POST /session/68929459ca918a999f98598021acce7a/execute/async - {"script":"<script> [1562 bytes]","args":[{"selector":{"controlType":"sap.m.StandardListItem","viewName":"etm.portal.ui.manageconditionprice.view.DailyPrices","viewId":"application-manageconditionprice-display-component---dailyPrices","properties":{"type":"Active"},"searchOpenDialogs":true,"interaction":{"idSuffix":"titleText"}},"wdio_ui5_key":"etmportal.ui.manageconditionprice.view.DailyPricessap.m.StandardListItem{\"type\":\"Active\"}"}]}
RESULT: {"script":"<script> [1562 bytes]","args":[{"selector":{"controlType":"sap.m.StandardListItem","viewName":"etm.portal.ui.manageconditionprice.view.DailyPrices","viewId":"application-manageconditionprice-display-component---dailyPrices","properties":{"type":"Active"},"searchOpenDialogs":true,"interaction":{"idSuffix":"titleText"}},"wdio_ui5_key":"etmportal.ui.manageconditionprice.view.DailyPricessap.m.StandardListItem{\"type\":\"Active\"}"}]}
RESULT: undefined
COMMAND: POST /session/68929459ca918a999f98598021acce7a/element - {"using":"xpath","value":"//*[@id=\"__item1023\"]"}
RESULT: {"using":"xpath","value":"//*[@id=\"__item1023\"]"}
COMMAND: POST /session/68929459ca918a999f98598021acce7a/element/f.41167B24BF7F3EFA47545F25B3BF6A01.d.02B36FC6F66E4E88F976B1D9DB6C41DA.e.5050/click - {}
RESULT: {}
COMMAND: POST /session/68929459ca918a999f98598021acce7a/execute/async - {"script":"<script> [1562 bytes]","args":[{"selector":{"id":"application-manageconditionprice-display-component---dailyPrices--editBtn","interaction":{"idSuffix":"BDI-content"}},"wdio_ui5_key":"applicationmanageconditionprice-display-component---dailyPrices--editBtn"}]}
COMMAND: GET /session/68929459ca918a999f98598021acce7a/screenshot - {}
RESULT: {"script":"<script> [1562 bytes]","args":[{"selector":{"id":"application-manageconditionprice-display-component---dailyPrices--editBtn","interaction":{"idSuffix":"BDI-content"}},"wdio_ui5_key":"applicationmanageconditionprice-display-component---dailyPrices--editBtn"}]}
RESULT: undefined
COMMAND: POST /session/68929459ca918a999f98598021acce7a/element - {"using":"xpath","value":"//*[@id=\"application-manageconditionprice-display-component---dailyPrices--editBtn\"]"}
RESULT: {}
RESULT: {"using":"xpath","value":"//*[@id=\"application-manageconditionprice-display-component---dailyPrices--editBtn\"]"}
COMMAND: POST /session/68929459ca918a999f98598021acce7a/element/f.41167B24BF7F3EFA47545F25B3BF6A01.d.02B36FC6F66E4E88F976B1D9DB6C41DA.e.5048/click - {}
RESULT: {}
COMMAND: POST /session/68929459ca918a999f98598021acce7a/execute/async - {"script":"<script> [1562 bytes]","args":[{"selector":{"controlType":"sap.m.Button","viewName":"etm.portal.ui.manageconditionprice.view.DailyPrices","viewId":"application-manageconditionprice-display-component---dailyPrices","i18NText":{"propertyName":"text","key":"add"},"interaction":{"idSuffix":"BDI-content"}},"wdio_ui5_key":"etmportal.ui.manageconditionprice.view.DailyPricessap.m.Button{\"propertyName\":\"text\",\"key\":\"add\"}"}]}
COMMAND: GET /session/68929459ca918a999f98598021acce7a/screenshot - {}
RESULT: {"script":"<script> [1562 bytes]","args":[{"selector":{"controlType":"sap.m.Button","viewName":"etm.portal.ui.manageconditionprice.view.DailyPrices","viewId":"application-manageconditionprice-display-component---dailyPrices","i18NText":{"propertyName":"text","key":"add"},"interaction":{"idSuffix":"BDI-content"}},"wdio_ui5_key":"etmportal.ui.manageconditionprice.view.DailyPricessap.m.Button{\"propertyName\":\"text\",\"key\":\"add\"}"}]}
RESULT: undefined
COMMAND: POST /session/68929459ca918a999f98598021acce7a/element - {"using":"xpath","value":"//*[@id=\"__button105\"]"}
RESULT: {}
RESULT: {"using":"xpath","value":"//*[@id=\"__button105\"]"}
COMMAND: POST /session/68929459ca918a999f98598021acce7a/element/f.41167B24BF7F3EFA47545F25B3BF6A01.d.02B36FC6F66E4E88F976B1D9DB6C41DA.e.5058/click - {}
RESULT: {}
COMMAND: POST /session/68929459ca918a999f98598021acce7a/elements - {"using":"css selector","value":"table tr"}
COMMAND: GET /session/68929459ca918a999f98598021acce7a/screenshot - {}
RESULT: {"using":"css selector","value":"table tr"}
COMMAND: POST /session/68929459ca918a999f98598021acce7a/element/f.41167B24BF7F3EFA47545F25B3BF6A01.d.02B36FC6F66E4E88F976B1D9DB6C41DA.e.5238/elements - {"using":"css selector","value":"input"}
RESULT: {}
RESULT: {"using":"css selector","value":"input"}
COMMAND: POST /session/68929459ca918a999f98598021acce7a/element/f.41167B24BF7F3EFA47545F25B3BF6A01.d.02B36FC6F66E4E88F976B1D9DB6C41DA.e.5241/clear - {}
COMMAND: POST /session/68929459ca918a999f98598021acce7a/element/f.41167B24BF7F3EFA47545F25B3BF6A01.d.02B36FC6F66E4E88F976B1D9DB6C41DA.e.5239/clear - {}
COMMAND: POST /session/68929459ca918a999f98598021acce7a/element/f.41167B24BF7F3EFA47545F25B3BF6A01.d.02B36FC6F66E4E88F976B1D9DB6C41DA.e.5242/clear - {}
COMMAND: POST /session/68929459ca918a999f98598021acce7a/element/f.41167B24BF7F3EFA47545F25B3BF6A01.d.02B36FC6F66E4E88F976B1D9DB6C41DA.e.5240/clear - {}
COMMAND: POST /session/68929459ca918a999f98598021acce7a/element/f.41167B24BF7F3EFA47545F25B3BF6A01.d.02B36FC6F66E4E88F976B1D9DB6C41DA.e.5238/elements - {"using":"css selector","value":"td"}
RESULT: {}
COMMAND: POST /session/68929459ca918a999f98598021acce7a/element/f.41167B24BF7F3EFA47545F25B3BF6A01.d.02B36FC6F66E4E88F976B1D9DB6C41DA.e.5241/value - {"text":"705.60"}
COMMAND: GET /session/68929459ca918a999f98598021acce7a/screenshot - {}
RESULT: {}
COMMAND: POST /session/68929459ca918a999f98598021acce7a/element/f.41167B24BF7F3EFA47545F25B3BF6A01.d.02B36FC6F66E4E88F976B1D9DB6C41DA.e.5239/value - {"text":"05/14/25"}
COMMAND: GET /session/68929459ca918a999f98598021acce7a/screenshot - {}
RESULT: {}
COMMAND: POST /session/68929459ca918a999f98598021acce7a/element/f.41167B24BF7F3EFA47545F25B3BF6A01.d.02B36FC6F66E4E88F976B1D9DB6C41DA.e.5242/value - {"text":"Euro"}
COMMAND: GET /session/68929459ca918a999f98598021acce7a/screenshot - {}
RESULT: {}
COMMAND: POST /session/68929459ca918a999f98598021acce7a/element/f.41167B24BF7F3EFA47545F25B3BF6A01.d.02B36FC6F66E4E88F976B1D9DB6C41DA.e.5240/value - {"text":"10/14/25"}
COMMAND: GET /session/68929459ca918a999f98598021acce7a/screenshot - {}
RESULT: {"using":"css selector","value":"td"}
COMMAND: POST /session/68929459ca918a999f98598021acce7a/element - {"using":"xpath","value":".//li[contains(., \"2149\") and not(.//li)]"}
COMMAND: POST /session/68929459ca918a999f98598021acce7a/element/f.41167B24BF7F3EFA47545F25B3BF6A01.d.02B36FC6F66E4E88F976B1D9DB6C41DA.e.5260/element - {"using":"css selector","value":"input"}
COMMAND: POST /session/68929459ca918a999f98598021acce7a/element/f.41167B24BF7F3EFA47545F25B3BF6A01.d.02B36FC6F66E4E88F976B1D9DB6C41DA.e.5260/element - {"using":"css selector","value":"input"}
RESULT: {"text":"705.60"}
COMMAND: GET /session/68929459ca918a999f98598021acce7a/screenshot - {}
RESULT: {}
RESULT: {"text":"05/14/25"}
COMMAND: GET /session/68929459ca918a999f98598021acce7a/screenshot - {}
RESULT: {}
RESULT: {"text":"Euro"}
COMMAND: GET /session/68929459ca918a999f98598021acce7a/screenshot - {}
RESULT: {}
RESULT: {"text":"10/14/25"}
COMMAND: GET /session/68929459ca918a999f98598021acce7a/screenshot - {}
RESULT: {}
RESULT: {"using":"css selector","value":"input"}
COMMAND: POST /session/68929459ca918a999f98598021acce7a/element/f.41167B24BF7F3EFA47545F25B3BF6A01.d.02B36FC6F66E4E88F976B1D9DB6C41DA.e.5243/click - {}
RESULT: {"using":"css selector","value":"input"}
COMMAND: POST /session/68929459ca918a999f98598021acce7a/element/f.41167B24BF7F3EFA47545F25B3BF6A01.d.02B36FC6F66E4E88F976B1D9DB6C41DA.e.5243/clear - {}
RESULT: {"using":"xpath","value":".//li[contains(., \"2149\") and not(.//li)]"}
RESULT: {}
RESULT: {}
RESULT: {}
COMMAND: POST /session/68929459ca918a999f98598021acce7a/elements - {"using":"xpath","value":".//li[contains(., \"2149\") and not(.//li)]"}
RESULT: {}
RESULT: {}
COMMAND: GET /session/68929459ca918a999f98598021acce7a/screenshot - {}
RESULT: {}
COMMAND: POST /session/68929459ca918a999f98598021acce7a/element/f.41167B24BF7F3EFA47545F25B3BF6A01.d.02B36FC6F66E4E88F976B1D9DB6C41DA.e.5243/value - {"text":"2149"}
COMMAND: GET /session/68929459ca918a999f98598021acce7a/screenshot - {}
RESULT: {"using":"xpath","value":".//li[contains(., \"2149\") and not(.//li)]"}
COMMAND: POST /session/68929459ca918a999f98598021acce7a/elements - {"using":"xpath","value":".//li[contains(., \"2149\") and not(.//li)]"}
RESULT: {}
RESULT: {"text":"2149"}
COMMAND: GET /session/68929459ca918a999f98598021acce7a/screenshot - {}
RESULT: {}
RESULT: {"using":"xpath","value":".//li[contains(., \"2149\") and not(.//li)]"}
COMMAND: POST /session/68929459ca918a999f98598021acce7a/element - {"using":"xpath","value":".//li[contains(., \"2149\") and not(.//li)]"}
RESULT: {}
RESULT: {"using":"xpath","value":".//li[contains(., \"2149\") and not(.//li)]"}
COMMAND: POST /session/68929459ca918a999f98598021acce7a/element/f.41167B24BF7F3EFA47545F25B3BF6A01.d.02B36FC6F66E4E88F976B1D9DB6C41DA.e.5267/click - {}
RESULT: {}
COMMAND: POST /session/68929459ca918a999f98598021acce7a/element/f.41167B24BF7F3EFA47545F25B3BF6A01.d.02B36FC6F66E4E88F976B1D9DB6C41DA.e.5261/element - {"using":"css selector","value":"input"}
RESULT: {"using":"css selector","value":"input"}
COMMAND: POST /session/68929459ca918a999f98598021acce7a/element/f.41167B24BF7F3EFA47545F25B3BF6A01.d.02B36FC6F66E4E88F976B1D9DB6C41DA.e.5244/click - {}
RESULT: {}
COMMAND: GET /session/68929459ca918a999f98598021acce7a/screenshot - {}
COMMAND: GET /session/68929459ca918a999f98598021acce7a/screenshot - {}
RESULT: {}
RESULT: {}
COMMAND: POST /session/68929459ca918a999f98598021acce7a/element/f.41167B24BF7F3EFA47545F25B3BF6A01.d.02B36FC6F66E4E88F976B1D9DB6C41DA.e.5261/element - {"using":"css selector","value":"input"}
RESULT: {"using":"css selector","value":"input"}
COMMAND: POST /session/68929459ca918a999f98598021acce7a/element/f.41167B24BF7F3EFA47545F25B3BF6A01.d.02B36FC6F66E4E88F976B1D9DB6C41DA.e.5244/clear - {}
RESULT: {}
COMMAND: POST /session/68929459ca918a999f98598021acce7a/element/f.41167B24BF7F3EFA47545F25B3BF6A01.d.02B36FC6F66E4E88F976B1D9DB6C41DA.e.5244/value - {"text":"363"}
COMMAND: GET /session/68929459ca918a999f98598021acce7a/screenshot - {}
RESULT: {"text":"363"}
COMMAND: GET /session/68929459ca918a999f98598021acce7a/screenshot - {}
RESULT: {}
RESULT: {}
COMMAND: POST /session/68929459ca918a999f98598021acce7a/element - {"using":"xpath","value":".//li[contains(., \"363\") and not(.//li)]"}
RESULT: {"using":"xpath","value":".//li[contains(., \"363\") and not(.//li)]"}
COMMAND: POST /session/68929459ca918a999f98598021acce7a/element/f.41167B24BF7F3EFA47545F25B3BF6A01.d.02B36FC6F66E4E88F976B1D9DB6C41DA.e.5269/click - {}
RESULT: {}
RESULT: undefined
COMMAND: POST /session/68929459ca918a999f98598021acce7a/element - {"using":"xpath","value":"//*[@id=\"__button105\"]"}
COMMAND: GET /session/68929459ca918a999f98598021acce7a/screenshot - {}
RESULT: {"using":"xpath","value":"//*[@id=\"__button105\"]"}
COMMAND: POST /session/68929459ca918a999f98598021acce7a/element/f.41167B24BF7F3EFA47545F25B3BF6A01.d.02B36FC6F66E4E88F976B1D9DB6C41DA.e.5058/click - {}
RESULT: {}
RESULT: {}
COMMAND: POST /session/68929459ca918a999f98598021acce7a/elements - {"using":"css selector","value":"table tr"}
COMMAND: GET /session/68929459ca918a999f98598021acce7a/screenshot - {}
RESULT: {"using":"css selector","value":"table tr"}
COMMAND: POST /session/68929459ca918a999f98598021acce7a/element/f.41167B24BF7F3EFA47545F25B3BF6A01.d.02B36FC6F66E4E88F976B1D9DB6C41DA.e.5271/elements - {"using":"css selector","value":"input"}
RESULT: {}
RESULT: {"using":"css selector","value":"input"}
COMMAND: POST /session/68929459ca918a999f98598021acce7a/element/f.41167B24BF7F3EFA47545F25B3BF6A01.d.02B36FC6F66E4E88F976B1D9DB6C41DA.e.5274/clear - {}
COMMAND: POST /session/68929459ca918a999f98598021acce7a/element/f.41167B24BF7F3EFA47545F25B3BF6A01.d.02B36FC6F66E4E88F976B1D9DB6C41DA.e.5272/clear - {}
COMMAND: POST /session/68929459ca918a999f98598021acce7a/element/f.41167B24BF7F3EFA47545F25B3BF6A01.d.02B36FC6F66E4E88F976B1D9DB6C41DA.e.5275/clear - {}
COMMAND: POST /session/68929459ca918a999f98598021acce7a/element/f.41167B24BF7F3EFA47545F25B3BF6A01.d.02B36FC6F66E4E88F976B1D9DB6C41DA.e.5273/clear - {}
RESULT: {}
COMMAND: POST /session/68929459ca918a999f98598021acce7a/element/f.41167B24BF7F3EFA47545F25B3BF6A01.d.02B36FC6F66E4E88F976B1D9DB6C41DA.e.5274/value - {"text":"99.5"}
COMMAND: GET /session/68929459ca918a999f98598021acce7a/screenshot - {}
RESULT: {}
COMMAND: POST /session/68929459ca918a999f98598021acce7a/element/f.41167B24BF7F3EFA47545F25B3BF6A01.d.02B36FC6F66E4E88F976B1D9DB6C41DA.e.5272/value - {"text":"05/14/25"}
COMMAND: GET /session/68929459ca918a999f98598021acce7a/screenshot - {}
RESULT: {}
COMMAND: POST /session/68929459ca918a999f98598021acce7a/element/f.41167B24BF7F3EFA47545F25B3BF6A01.d.02B36FC6F66E4E88F976B1D9DB6C41DA.e.5273/value - {"text":"10/14/25"}
COMMAND: GET /session/68929459ca918a999f98598021acce7a/screenshot - {}
RESULT: {}
COMMAND: POST /session/68929459ca918a999f98598021acce7a/element/f.41167B24BF7F3EFA47545F25B3BF6A01.d.02B36FC6F66E4E88F976B1D9DB6C41DA.e.5275/value - {"text":"US Dollar"}
COMMAND: GET /session/68929459ca918a999f98598021acce7a/screenshot - {}
RESULT: {"text":"99.5"}
COMMAND: GET /session/68929459ca918a999f98598021acce7a/screenshot - {}
RESULT: {}
COMMAND: POST /session/68929459ca918a999f98598021acce7a/element/f.41167B24BF7F3EFA47545F25B3BF6A01.d.02B36FC6F66E4E88F976B1D9DB6C41DA.e.5271/elements - {"using":"css selector","value":"td"}
RESULT: {"text":"05/14/25"}
COMMAND: GET /session/68929459ca918a999f98598021acce7a/screenshot - {}
RESULT: {}
RESULT: {"text":"10/14/25"}
COMMAND: GET /session/68929459ca918a999f98598021acce7a/screenshot - {}
RESULT: {}
RESULT: {"text":"US Dollar"}
COMMAND: GET /session/68929459ca918a999f98598021acce7a/screenshot - {}
RESULT: {}
RESULT: {}
RESULT: {"using":"css selector","value":"td"}
COMMAND: POST /session/68929459ca918a999f98598021acce7a/element/f.41167B24BF7F3EFA47545F25B3BF6A01.d.02B36FC6F66E4E88F976B1D9DB6C41DA.e.5293/element - {"using":"css selector","value":"input"}
RESULT: {}
RESULT: {}
RESULT: {}
RESULT: {"using":"css selector","value":"input"}
COMMAND: POST /session/68929459ca918a999f98598021acce7a/element/f.41167B24BF7F3EFA47545F25B3BF6A01.d.02B36FC6F66E4E88F976B1D9DB6C41DA.e.5276/click - {}
RESULT: {}
COMMAND: GET /session/68929459ca918a999f98598021acce7a/screenshot - {}
RESULT: {}
COMMAND: POST /session/68929459ca918a999f98598021acce7a/element/f.41167B24BF7F3EFA47545F25B3BF6A01.d.02B36FC6F66E4E88F976B1D9DB6C41DA.e.5293/element - {"using":"css selector","value":"input"}
RESULT: {"using":"css selector","value":"input"}
COMMAND: POST /session/68929459ca918a999f98598021acce7a/element/f.41167B24BF7F3EFA47545F25B3BF6A01.d.02B36FC6F66E4E88F976B1D9DB6C41DA.e.5276/clear - {}
RESULT: {}
COMMAND: POST /session/68929459ca918a999f98598021acce7a/element/f.41167B24BF7F3EFA47545F25B3BF6A01.d.02B36FC6F66E4E88F976B1D9DB6C41DA.e.5276/value - {"text":"2149"}
COMMAND: GET /session/68929459ca918a999f98598021acce7a/screenshot - {}
RESULT: {"text":"2149"}
COMMAND: GET /session/68929459ca918a999f98598021acce7a/screenshot - {}
RESULT: {}
RESULT: {}
COMMAND: POST /session/68929459ca918a999f98598021acce7a/element - {"using":"xpath","value":"(//li[div//span[contains(text(), '2149')]])[2]"}
RESULT: {"using":"xpath","value":"(//li[div//span[contains(text(), '2149')]])[2]"}
COMMAND: POST /session/68929459ca918a999f98598021acce7a/element/f.41167B24BF7F3EFA47545F25B3BF6A01.d.02B36FC6F66E4E88F976B1D9DB6C41DA.e.5299/click - {}
RESULT: {}
COMMAND: POST /session/68929459ca918a999f98598021acce7a/execute/async - {"script":"<script> [1562 bytes]","args":[{"selector":{"controlType":"sap.m.Button","viewName":"etm.portal.ui.manageconditionprice.view.DailyPrices","viewId":"application-manageconditionprice-display-component---dailyPrices","i18NText":{"propertyName":"tooltip","key":"save"},"interaction":{"idSuffix":"BDI-content"}},"wdio_ui5_key":"etmportal.ui.manageconditionprice.view.DailyPricessap.m.Button{\"propertyName\":\"tooltip\",\"key\":\"save\"}"}]}
COMMAND: GET /session/68929459ca918a999f98598021acce7a/screenshot - {}
RESULT: {"script":"<script> [1562 bytes]","args":[{"selector":{"controlType":"sap.m.Button","viewName":"etm.portal.ui.manageconditionprice.view.DailyPrices","viewId":"application-manageconditionprice-display-component---dailyPrices","i18NText":{"propertyName":"tooltip","key":"save"},"interaction":{"idSuffix":"BDI-content"}},"wdio_ui5_key":"etmportal.ui.manageconditionprice.view.DailyPricessap.m.Button{\"propertyName\":\"tooltip\",\"key\":\"save\"}"}]}
RESULT: undefined
COMMAND: POST /session/68929459ca918a999f98598021acce7a/element - {"using":"xpath","value":"//*[@id=\"__button107\"]"}
RESULT: {}
RESULT: {"using":"xpath","value":"//*[@id=\"__button107\"]"}
COMMAND: POST /session/68929459ca918a999f98598021acce7a/element/f.41167B24BF7F3EFA47545F25B3BF6A01.d.02B36FC6F66E4E88F976B1D9DB6C41DA.e.5052/click - {}
RESULT: {}
COMMAND: GET /session/68929459ca918a999f98598021acce7a/screenshot - {}
RESULT: {}
]]></system-out>
    </testcase>
    <testcase classname="chrome.136_0_7103_49.windows.Edit_and_delete_daily_price_US134629_US134627" name="Should check whether the 2 rows have been added then edit one of the rows s currency and value and save and check the edited values" time="12.098">
      <system-out><![CDATA[
COMMAND: POST /session/68929459ca918a999f98598021acce7a/elements - {"using":"css selector","value":"table tr"}
RESULT: {"using":"css selector","value":"table tr"}
COMMAND: POST /session/68929459ca918a999f98598021acce7a/element/f.41167B24BF7F3EFA47545F25B3BF6A01.d.02B36FC6F66E4E88F976B1D9DB6C41DA.e.5271/elements - {"using":"css selector","value":"td"}
RESULT: {"using":"css selector","value":"td"}
COMMAND: POST /session/68929459ca918a999f98598021acce7a/element/f.41167B24BF7F3EFA47545F25B3BF6A01.d.02B36FC6F66E4E88F976B1D9DB6C41DA.e.5238/elements - {"using":"css selector","value":"td"}
RESULT: {"using":"css selector","value":"td"}
COMMAND: POST /session/68929459ca918a999f98598021acce7a/element/f.41167B24BF7F3EFA47545F25B3BF6A01.d.02B36FC6F66E4E88F976B1D9DB6C41DA.e.5302/element - {"using":"css selector","value":".sapMObjectNumberText"}
RESULT: {"using":"css selector","value":".sapMObjectNumberText"}
COMMAND: GET /session/68929459ca918a999f98598021acce7a/element/f.41167B24BF7F3EFA47545F25B3BF6A01.d.02B36FC6F66E4E88F976B1D9DB6C41DA.e.5304/text - {}
RESULT: {}
COMMAND: POST /session/68929459ca918a999f98598021acce7a/element/f.41167B24BF7F3EFA47545F25B3BF6A01.d.02B36FC6F66E4E88F976B1D9DB6C41DA.e.5303/element - {"using":"css selector","value":".sapMObjectNumberText"}
RESULT: {"using":"css selector","value":".sapMObjectNumberText"}
COMMAND: GET /session/68929459ca918a999f98598021acce7a/element/f.41167B24BF7F3EFA47545F25B3BF6A01.d.02B36FC6F66E4E88F976B1D9DB6C41DA.e.5305/text - {}
RESULT: {}
RESULT: undefined
COMMAND: POST /session/68929459ca918a999f98598021acce7a/element - {"using":"xpath","value":"//*[@id=\"application-manageconditionprice-display-component---dailyPrices--editBtn\"]"}
RESULT: {"using":"xpath","value":"//*[@id=\"application-manageconditionprice-display-component---dailyPrices--editBtn\"]"}
COMMAND: POST /session/68929459ca918a999f98598021acce7a/element/f.41167B24BF7F3EFA47545F25B3BF6A01.d.02B36FC6F66E4E88F976B1D9DB6C41DA.e.5301/click - {}
RESULT: {}
COMMAND: POST /session/68929459ca918a999f98598021acce7a/elements - {"using":"css selector","value":"table tr"}
COMMAND: GET /session/68929459ca918a999f98598021acce7a/screenshot - {}
RESULT: {"using":"css selector","value":"table tr"}
COMMAND: POST /session/68929459ca918a999f98598021acce7a/element/f.41167B24BF7F3EFA47545F25B3BF6A01.d.02B36FC6F66E4E88F976B1D9DB6C41DA.e.5271/elements - {"using":"css selector","value":"input"}
RESULT: {}
RESULT: {"using":"css selector","value":"input"}
COMMAND: POST /session/68929459ca918a999f98598021acce7a/element/f.41167B24BF7F3EFA47545F25B3BF6A01.d.02B36FC6F66E4E88F976B1D9DB6C41DA.e.5320/clear - {}
COMMAND: POST /session/68929459ca918a999f98598021acce7a/element/f.41167B24BF7F3EFA47545F25B3BF6A01.d.02B36FC6F66E4E88F976B1D9DB6C41DA.e.5321/clear - {}
RESULT: {}
COMMAND: POST /session/68929459ca918a999f98598021acce7a/element/f.41167B24BF7F3EFA47545F25B3BF6A01.d.02B36FC6F66E4E88F976B1D9DB6C41DA.e.5320/value - {"text":"566.1"}
COMMAND: GET /session/68929459ca918a999f98598021acce7a/screenshot - {}
RESULT: {}
COMMAND: POST /session/68929459ca918a999f98598021acce7a/element/f.41167B24BF7F3EFA47545F25B3BF6A01.d.02B36FC6F66E4E88F976B1D9DB6C41DA.e.5321/value - {"text":"US Dollar"}
COMMAND: GET /session/68929459ca918a999f98598021acce7a/screenshot - {}
RESULT: {"text":"566.1"}
COMMAND: GET /session/68929459ca918a999f98598021acce7a/screenshot - {}
RESULT: {}
RESULT: {"text":"US Dollar"}
COMMAND: GET /session/68929459ca918a999f98598021acce7a/screenshot - {}
RESULT: {}
RESULT: undefined
COMMAND: POST /session/68929459ca918a999f98598021acce7a/element - {"using":"xpath","value":"//*[@id=\"__button107\"]"}
RESULT: {}
RESULT: {}
RESULT: {"using":"xpath","value":"//*[@id=\"__button107\"]"}
COMMAND: POST /session/68929459ca918a999f98598021acce7a/element/f.41167B24BF7F3EFA47545F25B3BF6A01.d.02B36FC6F66E4E88F976B1D9DB6C41DA.e.5306/click - {}
RESULT: {}
COMMAND: GET /session/68929459ca918a999f98598021acce7a/screenshot - {}
RESULT: {}
COMMAND: POST /session/68929459ca918a999f98598021acce7a/elements - {"using":"css selector","value":"table tr"}
RESULT: {"using":"css selector","value":"table tr"}
COMMAND: POST /session/68929459ca918a999f98598021acce7a/element/f.41167B24BF7F3EFA47545F25B3BF6A01.d.02B36FC6F66E4E88F976B1D9DB6C41DA.e.5271/elements - {"using":"css selector","value":"td"}
RESULT: {"using":"css selector","value":"td"}
COMMAND: POST /session/68929459ca918a999f98598021acce7a/element/f.41167B24BF7F3EFA47545F25B3BF6A01.d.02B36FC6F66E4E88F976B1D9DB6C41DA.e.5325/element - {"using":"css selector","value":".sapMObjectNumberText"}
RESULT: {"using":"css selector","value":".sapMObjectNumberText"}
COMMAND: GET /session/68929459ca918a999f98598021acce7a/element/f.41167B24BF7F3EFA47545F25B3BF6A01.d.02B36FC6F66E4E88F976B1D9DB6C41DA.e.5327/text - {}
RESULT: {}
]]></system-out>
    </testcase>
    <testcase classname="chrome.136_0_7103_49.windows.Edit_and_delete_daily_price_US134629_US134627" name="Should go into edit and delete all the rows that match the yard we have created for this scenario check if all rows deleted" time="27.18">
      <system-out><![CDATA[
RESULT: undefined
COMMAND: POST /session/68929459ca918a999f98598021acce7a/element - {"using":"xpath","value":"//*[@id=\"application-manageconditionprice-display-component---dailyPrices--editBtn\"]"}
RESULT: {"using":"xpath","value":"//*[@id=\"application-manageconditionprice-display-component---dailyPrices--editBtn\"]"}
COMMAND: POST /session/68929459ca918a999f98598021acce7a/element/f.41167B24BF7F3EFA47545F25B3BF6A01.d.02B36FC6F66E4E88F976B1D9DB6C41DA.e.5324/click - {}
RESULT: {}
COMMAND: GET /session/68929459ca918a999f98598021acce7a/screenshot - {}
RESULT: {}
COMMAND: POST /session/68929459ca918a999f98598021acce7a/elements - {"using":"css selector","value":"table tr"}
RESULT: {"using":"css selector","value":"table tr"}
COMMAND: POST /session/68929459ca918a999f98598021acce7a/element/f.41167B24BF7F3EFA47545F25B3BF6A01.d.02B36FC6F66E4E88F976B1D9DB6C41DA.e.5060/elements - {"using":"css selector","value":"td"}
RESULT: {"using":"css selector","value":"td"}
COMMAND: POST /session/68929459ca918a999f98598021acce7a/element/f.41167B24BF7F3EFA47545F25B3BF6A01.d.02B36FC6F66E4E88F976B1D9DB6C41DA.e.5061/elements - {"using":"css selector","value":"td"}
RESULT: {"using":"css selector","value":"td"}
COMMAND: POST /session/68929459ca918a999f98598021acce7a/element/f.41167B24BF7F3EFA47545F25B3BF6A01.d.02B36FC6F66E4E88F976B1D9DB6C41DA.e.5062/elements - {"using":"css selector","value":"td"}
RESULT: {"using":"css selector","value":"td"}
COMMAND: POST /session/68929459ca918a999f98598021acce7a/element/f.41167B24BF7F3EFA47545F25B3BF6A01.d.02B36FC6F66E4E88F976B1D9DB6C41DA.e.5001/elements - {"using":"css selector","value":"td"}
RESULT: {"using":"css selector","value":"td"}
COMMAND: POST /session/68929459ca918a999f98598021acce7a/element/f.41167B24BF7F3EFA47545F25B3BF6A01.d.02B36FC6F66E4E88F976B1D9DB6C41DA.e.5002/elements - {"using":"css selector","value":"td"}
RESULT: {"using":"css selector","value":"td"}
COMMAND: POST /session/68929459ca918a999f98598021acce7a/element/f.41167B24BF7F3EFA47545F25B3BF6A01.d.02B36FC6F66E4E88F976B1D9DB6C41DA.e.5008/elements - {"using":"css selector","value":"td"}
RESULT: {"using":"css selector","value":"td"}
COMMAND: POST /session/68929459ca918a999f98598021acce7a/element/f.41167B24BF7F3EFA47545F25B3BF6A01.d.02B36FC6F66E4E88F976B1D9DB6C41DA.e.5009/elements - {"using":"css selector","value":"td"}
RESULT: {"using":"css selector","value":"td"}
COMMAND: POST /session/68929459ca918a999f98598021acce7a/element/f.41167B24BF7F3EFA47545F25B3BF6A01.d.02B36FC6F66E4E88F976B1D9DB6C41DA.e.5012/elements - {"using":"css selector","value":"td"}
RESULT: {"using":"css selector","value":"td"}
COMMAND: POST /session/68929459ca918a999f98598021acce7a/element/f.41167B24BF7F3EFA47545F25B3BF6A01.d.02B36FC6F66E4E88F976B1D9DB6C41DA.e.5013/elements - {"using":"css selector","value":"td"}
RESULT: {"using":"css selector","value":"td"}
COMMAND: POST /session/68929459ca918a999f98598021acce7a/element/f.41167B24BF7F3EFA47545F25B3BF6A01.d.02B36FC6F66E4E88F976B1D9DB6C41DA.e.5019/elements - {"using":"css selector","value":"td"}
RESULT: {"using":"css selector","value":"td"}
COMMAND: POST /session/68929459ca918a999f98598021acce7a/element/f.41167B24BF7F3EFA47545F25B3BF6A01.d.02B36FC6F66E4E88F976B1D9DB6C41DA.e.5063/elements - {"using":"css selector","value":"td"}
RESULT: {"using":"css selector","value":"td"}
COMMAND: POST /session/68929459ca918a999f98598021acce7a/element/f.41167B24BF7F3EFA47545F25B3BF6A01.d.02B36FC6F66E4E88F976B1D9DB6C41DA.e.5064/elements - {"using":"css selector","value":"td"}
RESULT: {"using":"css selector","value":"td"}
COMMAND: POST /session/68929459ca918a999f98598021acce7a/element/f.41167B24BF7F3EFA47545F25B3BF6A01.d.02B36FC6F66E4E88F976B1D9DB6C41DA.e.5065/elements - {"using":"css selector","value":"td"}
RESULT: {"using":"css selector","value":"td"}
COMMAND: POST /session/68929459ca918a999f98598021acce7a/element/f.41167B24BF7F3EFA47545F25B3BF6A01.d.02B36FC6F66E4E88F976B1D9DB6C41DA.e.5066/elements - {"using":"css selector","value":"td"}
RESULT: {"using":"css selector","value":"td"}
COMMAND: POST /session/68929459ca918a999f98598021acce7a/element/f.41167B24BF7F3EFA47545F25B3BF6A01.d.02B36FC6F66E4E88F976B1D9DB6C41DA.e.5067/elements - {"using":"css selector","value":"td"}
RESULT: {"using":"css selector","value":"td"}
COMMAND: POST /session/68929459ca918a999f98598021acce7a/element/f.41167B24BF7F3EFA47545F25B3BF6A01.d.02B36FC6F66E4E88F976B1D9DB6C41DA.e.5068/elements - {"using":"css selector","value":"td"}
RESULT: {"using":"css selector","value":"td"}
COMMAND: POST /session/68929459ca918a999f98598021acce7a/element/f.41167B24BF7F3EFA47545F25B3BF6A01.d.02B36FC6F66E4E88F976B1D9DB6C41DA.e.5069/elements - {"using":"css selector","value":"td"}
RESULT: {"using":"css selector","value":"td"}
COMMAND: POST /session/68929459ca918a999f98598021acce7a/element/f.41167B24BF7F3EFA47545F25B3BF6A01.d.02B36FC6F66E4E88F976B1D9DB6C41DA.e.5070/elements - {"using":"css selector","value":"td"}
RESULT: {"using":"css selector","value":"td"}
COMMAND: POST /session/68929459ca918a999f98598021acce7a/element/f.41167B24BF7F3EFA47545F25B3BF6A01.d.02B36FC6F66E4E88F976B1D9DB6C41DA.e.5071/elements - {"using":"css selector","value":"td"}
RESULT: {"using":"css selector","value":"td"}
COMMAND: POST /session/68929459ca918a999f98598021acce7a/element/f.41167B24BF7F3EFA47545F25B3BF6A01.d.02B36FC6F66E4E88F976B1D9DB6C41DA.e.5072/elements - {"using":"css selector","value":"td"}
RESULT: {"using":"css selector","value":"td"}
COMMAND: POST /session/68929459ca918a999f98598021acce7a/element/f.41167B24BF7F3EFA47545F25B3BF6A01.d.02B36FC6F66E4E88F976B1D9DB6C41DA.e.5073/elements - {"using":"css selector","value":"td"}
RESULT: {"using":"css selector","value":"td"}
COMMAND: POST /session/68929459ca918a999f98598021acce7a/element/f.41167B24BF7F3EFA47545F25B3BF6A01.d.02B36FC6F66E4E88F976B1D9DB6C41DA.e.5074/elements - {"using":"css selector","value":"td"}
RESULT: {"using":"css selector","value":"td"}
COMMAND: POST /session/68929459ca918a999f98598021acce7a/element/f.41167B24BF7F3EFA47545F25B3BF6A01.d.02B36FC6F66E4E88F976B1D9DB6C41DA.e.5075/elements - {"using":"css selector","value":"td"}
RESULT: {"using":"css selector","value":"td"}
COMMAND: POST /session/68929459ca918a999f98598021acce7a/element/f.41167B24BF7F3EFA47545F25B3BF6A01.d.02B36FC6F66E4E88F976B1D9DB6C41DA.e.5076/elements - {"using":"css selector","value":"td"}
RESULT: {"using":"css selector","value":"td"}
COMMAND: POST /session/68929459ca918a999f98598021acce7a/element/f.41167B24BF7F3EFA47545F25B3BF6A01.d.02B36FC6F66E4E88F976B1D9DB6C41DA.e.5077/elements - {"using":"css selector","value":"td"}
RESULT: {"using":"css selector","value":"td"}
COMMAND: POST /session/68929459ca918a999f98598021acce7a/element/f.41167B24BF7F3EFA47545F25B3BF6A01.d.02B36FC6F66E4E88F976B1D9DB6C41DA.e.5078/elements - {"using":"css selector","value":"td"}
RESULT: {"using":"css selector","value":"td"}
COMMAND: POST /session/68929459ca918a999f98598021acce7a/element/f.41167B24BF7F3EFA47545F25B3BF6A01.d.02B36FC6F66E4E88F976B1D9DB6C41DA.e.5079/elements - {"using":"css selector","value":"td"}
RESULT: {"using":"css selector","value":"td"}
COMMAND: POST /session/68929459ca918a999f98598021acce7a/element/f.41167B24BF7F3EFA47545F25B3BF6A01.d.02B36FC6F66E4E88F976B1D9DB6C41DA.e.5080/elements - {"using":"css selector","value":"td"}
RESULT: {"using":"css selector","value":"td"}
COMMAND: POST /session/68929459ca918a999f98598021acce7a/element/f.41167B24BF7F3EFA47545F25B3BF6A01.d.02B36FC6F66E4E88F976B1D9DB6C41DA.e.5081/elements - {"using":"css selector","value":"td"}
RESULT: {"using":"css selector","value":"td"}
COMMAND: POST /session/68929459ca918a999f98598021acce7a/element/f.41167B24BF7F3EFA47545F25B3BF6A01.d.02B36FC6F66E4E88F976B1D9DB6C41DA.e.5082/elements - {"using":"css selector","value":"td"}
RESULT: {"using":"css selector","value":"td"}
COMMAND: POST /session/68929459ca918a999f98598021acce7a/element/f.41167B24BF7F3EFA47545F25B3BF6A01.d.02B36FC6F66E4E88F976B1D9DB6C41DA.e.5083/elements - {"using":"css selector","value":"td"}
RESULT: {"using":"css selector","value":"td"}
COMMAND: POST /session/68929459ca918a999f98598021acce7a/element/f.41167B24BF7F3EFA47545F25B3BF6A01.d.02B36FC6F66E4E88F976B1D9DB6C41DA.e.5084/elements - {"using":"css selector","value":"td"}
RESULT: {"using":"css selector","value":"td"}
COMMAND: POST /session/68929459ca918a999f98598021acce7a/element/f.41167B24BF7F3EFA47545F25B3BF6A01.d.02B36FC6F66E4E88F976B1D9DB6C41DA.e.5085/elements - {"using":"css selector","value":"td"}
RESULT: {"using":"css selector","value":"td"}
COMMAND: POST /session/68929459ca918a999f98598021acce7a/element/f.41167B24BF7F3EFA47545F25B3BF6A01.d.02B36FC6F66E4E88F976B1D9DB6C41DA.e.5086/elements - {"using":"css selector","value":"td"}
RESULT: {"using":"css selector","value":"td"}
COMMAND: POST /session/68929459ca918a999f98598021acce7a/element/f.41167B24BF7F3EFA47545F25B3BF6A01.d.02B36FC6F66E4E88F976B1D9DB6C41DA.e.5087/elements - {"using":"css selector","value":"td"}
RESULT: {"using":"css selector","value":"td"}
COMMAND: POST /session/68929459ca918a999f98598021acce7a/element/f.41167B24BF7F3EFA47545F25B3BF6A01.d.02B36FC6F66E4E88F976B1D9DB6C41DA.e.5088/elements - {"using":"css selector","value":"td"}
RESULT: {"using":"css selector","value":"td"}
COMMAND: POST /session/68929459ca918a999f98598021acce7a/element/f.41167B24BF7F3EFA47545F25B3BF6A01.d.02B36FC6F66E4E88F976B1D9DB6C41DA.e.5089/elements - {"using":"css selector","value":"td"}
RESULT: {"using":"css selector","value":"td"}
COMMAND: POST /session/68929459ca918a999f98598021acce7a/element/f.41167B24BF7F3EFA47545F25B3BF6A01.d.02B36FC6F66E4E88F976B1D9DB6C41DA.e.5090/elements - {"using":"css selector","value":"td"}
RESULT: {"using":"css selector","value":"td"}
COMMAND: POST /session/68929459ca918a999f98598021acce7a/element/f.41167B24BF7F3EFA47545F25B3BF6A01.d.02B36FC6F66E4E88F976B1D9DB6C41DA.e.5091/elements - {"using":"css selector","value":"td"}
RESULT: {"using":"css selector","value":"td"}
COMMAND: POST /session/68929459ca918a999f98598021acce7a/element/f.41167B24BF7F3EFA47545F25B3BF6A01.d.02B36FC6F66E4E88F976B1D9DB6C41DA.e.5092/elements - {"using":"css selector","value":"td"}
RESULT: {"using":"css selector","value":"td"}
COMMAND: POST /session/68929459ca918a999f98598021acce7a/element/f.41167B24BF7F3EFA47545F25B3BF6A01.d.02B36FC6F66E4E88F976B1D9DB6C41DA.e.5093/elements - {"using":"css selector","value":"td"}
RESULT: {"using":"css selector","value":"td"}
COMMAND: POST /session/68929459ca918a999f98598021acce7a/element/f.41167B24BF7F3EFA47545F25B3BF6A01.d.02B36FC6F66E4E88F976B1D9DB6C41DA.e.5094/elements - {"using":"css selector","value":"td"}
RESULT: {"using":"css selector","value":"td"}
COMMAND: POST /session/68929459ca918a999f98598021acce7a/element/f.41167B24BF7F3EFA47545F25B3BF6A01.d.02B36FC6F66E4E88F976B1D9DB6C41DA.e.5095/elements - {"using":"css selector","value":"td"}
RESULT: {"using":"css selector","value":"td"}
COMMAND: POST /session/68929459ca918a999f98598021acce7a/element/f.41167B24BF7F3EFA47545F25B3BF6A01.d.02B36FC6F66E4E88F976B1D9DB6C41DA.e.5096/elements - {"using":"css selector","value":"td"}
RESULT: {"using":"css selector","value":"td"}
COMMAND: POST /session/68929459ca918a999f98598021acce7a/element/f.41167B24BF7F3EFA47545F25B3BF6A01.d.02B36FC6F66E4E88F976B1D9DB6C41DA.e.5097/elements - {"using":"css selector","value":"td"}
RESULT: {"using":"css selector","value":"td"}
COMMAND: POST /session/68929459ca918a999f98598021acce7a/element/f.41167B24BF7F3EFA47545F25B3BF6A01.d.02B36FC6F66E4E88F976B1D9DB6C41DA.e.5098/elements - {"using":"css selector","value":"td"}
RESULT: {"using":"css selector","value":"td"}
COMMAND: POST /session/68929459ca918a999f98598021acce7a/element/f.41167B24BF7F3EFA47545F25B3BF6A01.d.02B36FC6F66E4E88F976B1D9DB6C41DA.e.5099/elements - {"using":"css selector","value":"td"}
RESULT: {"using":"css selector","value":"td"}
COMMAND: POST /session/68929459ca918a999f98598021acce7a/element/f.41167B24BF7F3EFA47545F25B3BF6A01.d.02B36FC6F66E4E88F976B1D9DB6C41DA.e.5100/elements - {"using":"css selector","value":"td"}
RESULT: {"using":"css selector","value":"td"}
COMMAND: POST /session/68929459ca918a999f98598021acce7a/element/f.41167B24BF7F3EFA47545F25B3BF6A01.d.02B36FC6F66E4E88F976B1D9DB6C41DA.e.5101/elements - {"using":"css selector","value":"td"}
RESULT: {"using":"css selector","value":"td"}
COMMAND: POST /session/68929459ca918a999f98598021acce7a/element/f.41167B24BF7F3EFA47545F25B3BF6A01.d.02B36FC6F66E4E88F976B1D9DB6C41DA.e.5102/elements - {"using":"css selector","value":"td"}
RESULT: {"using":"css selector","value":"td"}
COMMAND: POST /session/68929459ca918a999f98598021acce7a/element/f.41167B24BF7F3EFA47545F25B3BF6A01.d.02B36FC6F66E4E88F976B1D9DB6C41DA.e.5103/elements - {"using":"css selector","value":"td"}
RESULT: {"using":"css selector","value":"td"}
COMMAND: POST /session/68929459ca918a999f98598021acce7a/element/f.41167B24BF7F3EFA47545F25B3BF6A01.d.02B36FC6F66E4E88F976B1D9DB6C41DA.e.5104/elements - {"using":"css selector","value":"td"}
RESULT: {"using":"css selector","value":"td"}
COMMAND: POST /session/68929459ca918a999f98598021acce7a/element/f.41167B24BF7F3EFA47545F25B3BF6A01.d.02B36FC6F66E4E88F976B1D9DB6C41DA.e.5105/elements - {"using":"css selector","value":"td"}
RESULT: {"using":"css selector","value":"td"}
COMMAND: POST /session/68929459ca918a999f98598021acce7a/element/f.41167B24BF7F3EFA47545F25B3BF6A01.d.02B36FC6F66E4E88F976B1D9DB6C41DA.e.5106/elements - {"using":"css selector","value":"td"}
RESULT: {"using":"css selector","value":"td"}
COMMAND: POST /session/68929459ca918a999f98598021acce7a/element/f.41167B24BF7F3EFA47545F25B3BF6A01.d.02B36FC6F66E4E88F976B1D9DB6C41DA.e.5107/elements - {"using":"css selector","value":"td"}
RESULT: {"using":"css selector","value":"td"}
COMMAND: POST /session/68929459ca918a999f98598021acce7a/element/f.41167B24BF7F3EFA47545F25B3BF6A01.d.02B36FC6F66E4E88F976B1D9DB6C41DA.e.5108/elements - {"using":"css selector","value":"td"}
RESULT: {"using":"css selector","value":"td"}
COMMAND: POST /session/68929459ca918a999f98598021acce7a/element/f.41167B24BF7F3EFA47545F25B3BF6A01.d.02B36FC6F66E4E88F976B1D9DB6C41DA.e.5109/elements - {"using":"css selector","value":"td"}
RESULT: {"using":"css selector","value":"td"}
COMMAND: POST /session/68929459ca918a999f98598021acce7a/element/f.41167B24BF7F3EFA47545F25B3BF6A01.d.02B36FC6F66E4E88F976B1D9DB6C41DA.e.5110/elements - {"using":"css selector","value":"td"}
RESULT: {"using":"css selector","value":"td"}
COMMAND: POST /session/68929459ca918a999f98598021acce7a/element/f.41167B24BF7F3EFA47545F25B3BF6A01.d.02B36FC6F66E4E88F976B1D9DB6C41DA.e.5111/elements - {"using":"css selector","value":"td"}
RESULT: {"using":"css selector","value":"td"}
COMMAND: POST /session/68929459ca918a999f98598021acce7a/element/f.41167B24BF7F3EFA47545F25B3BF6A01.d.02B36FC6F66E4E88F976B1D9DB6C41DA.e.5112/elements - {"using":"css selector","value":"td"}
RESULT: {"using":"css selector","value":"td"}
COMMAND: POST /session/68929459ca918a999f98598021acce7a/element/f.41167B24BF7F3EFA47545F25B3BF6A01.d.02B36FC6F66E4E88F976B1D9DB6C41DA.e.5113/elements - {"using":"css selector","value":"td"}
RESULT: {"using":"css selector","value":"td"}
COMMAND: POST /session/68929459ca918a999f98598021acce7a/element/f.41167B24BF7F3EFA47545F25B3BF6A01.d.02B36FC6F66E4E88F976B1D9DB6C41DA.e.5114/elements - {"using":"css selector","value":"td"}
RESULT: {"using":"css selector","value":"td"}
COMMAND: POST /session/68929459ca918a999f98598021acce7a/element/f.41167B24BF7F3EFA47545F25B3BF6A01.d.02B36FC6F66E4E88F976B1D9DB6C41DA.e.5115/elements - {"using":"css selector","value":"td"}
RESULT: {"using":"css selector","value":"td"}
COMMAND: POST /session/68929459ca918a999f98598021acce7a/element/f.41167B24BF7F3EFA47545F25B3BF6A01.d.02B36FC6F66E4E88F976B1D9DB6C41DA.e.5116/elements - {"using":"css selector","value":"td"}
RESULT: {"using":"css selector","value":"td"}
COMMAND: POST /session/68929459ca918a999f98598021acce7a/element/f.41167B24BF7F3EFA47545F25B3BF6A01.d.02B36FC6F66E4E88F976B1D9DB6C41DA.e.5117/elements - {"using":"css selector","value":"td"}
RESULT: {"using":"css selector","value":"td"}
COMMAND: POST /session/68929459ca918a999f98598021acce7a/element/f.41167B24BF7F3EFA47545F25B3BF6A01.d.02B36FC6F66E4E88F976B1D9DB6C41DA.e.5118/elements - {"using":"css selector","value":"td"}
RESULT: {"using":"css selector","value":"td"}
COMMAND: POST /session/68929459ca918a999f98598021acce7a/element/f.41167B24BF7F3EFA47545F25B3BF6A01.d.02B36FC6F66E4E88F976B1D9DB6C41DA.e.5119/elements - {"using":"css selector","value":"td"}
RESULT: {"using":"css selector","value":"td"}
COMMAND: POST /session/68929459ca918a999f98598021acce7a/element/f.41167B24BF7F3EFA47545F25B3BF6A01.d.02B36FC6F66E4E88F976B1D9DB6C41DA.e.5120/elements - {"using":"css selector","value":"td"}
RESULT: {"using":"css selector","value":"td"}
COMMAND: POST /session/68929459ca918a999f98598021acce7a/element/f.41167B24BF7F3EFA47545F25B3BF6A01.d.02B36FC6F66E4E88F976B1D9DB6C41DA.e.5121/elements - {"using":"css selector","value":"td"}
RESULT: {"using":"css selector","value":"td"}
COMMAND: POST /session/68929459ca918a999f98598021acce7a/element/f.41167B24BF7F3EFA47545F25B3BF6A01.d.02B36FC6F66E4E88F976B1D9DB6C41DA.e.5122/elements - {"using":"css selector","value":"td"}
RESULT: {"using":"css selector","value":"td"}
COMMAND: POST /session/68929459ca918a999f98598021acce7a/element/f.41167B24BF7F3EFA47545F25B3BF6A01.d.02B36FC6F66E4E88F976B1D9DB6C41DA.e.5123/elements - {"using":"css selector","value":"td"}
RESULT: {"using":"css selector","value":"td"}
COMMAND: POST /session/68929459ca918a999f98598021acce7a/element/f.41167B24BF7F3EFA47545F25B3BF6A01.d.02B36FC6F66E4E88F976B1D9DB6C41DA.e.5124/elements - {"using":"css selector","value":"td"}
RESULT: {"using":"css selector","value":"td"}
COMMAND: POST /session/68929459ca918a999f98598021acce7a/element/f.41167B24BF7F3EFA47545F25B3BF6A01.d.02B36FC6F66E4E88F976B1D9DB6C41DA.e.5125/elements - {"using":"css selector","value":"td"}
RESULT: {"using":"css selector","value":"td"}
COMMAND: POST /session/68929459ca918a999f98598021acce7a/element/f.41167B24BF7F3EFA47545F25B3BF6A01.d.02B36FC6F66E4E88F976B1D9DB6C41DA.e.5126/elements - {"using":"css selector","value":"td"}
RESULT: {"using":"css selector","value":"td"}
COMMAND: POST /session/68929459ca918a999f98598021acce7a/element/f.41167B24BF7F3EFA47545F25B3BF6A01.d.02B36FC6F66E4E88F976B1D9DB6C41DA.e.5127/elements - {"using":"css selector","value":"td"}
RESULT: {"using":"css selector","value":"td"}
COMMAND: POST /session/68929459ca918a999f98598021acce7a/element/f.41167B24BF7F3EFA47545F25B3BF6A01.d.02B36FC6F66E4E88F976B1D9DB6C41DA.e.5128/elements - {"using":"css selector","value":"td"}
RESULT: {"using":"css selector","value":"td"}
COMMAND: POST /session/68929459ca918a999f98598021acce7a/element/f.41167B24BF7F3EFA47545F25B3BF6A01.d.02B36FC6F66E4E88F976B1D9DB6C41DA.e.5129/elements - {"using":"css selector","value":"td"}
RESULT: {"using":"css selector","value":"td"}
COMMAND: POST /session/68929459ca918a999f98598021acce7a/element/f.41167B24BF7F3EFA47545F25B3BF6A01.d.02B36FC6F66E4E88F976B1D9DB6C41DA.e.5130/elements - {"using":"css selector","value":"td"}
RESULT: {"using":"css selector","value":"td"}
COMMAND: POST /session/68929459ca918a999f98598021acce7a/element/f.41167B24BF7F3EFA47545F25B3BF6A01.d.02B36FC6F66E4E88F976B1D9DB6C41DA.e.5131/elements - {"using":"css selector","value":"td"}
RESULT: {"using":"css selector","value":"td"}
COMMAND: POST /session/68929459ca918a999f98598021acce7a/element/f.41167B24BF7F3EFA47545F25B3BF6A01.d.02B36FC6F66E4E88F976B1D9DB6C41DA.e.5132/elements - {"using":"css selector","value":"td"}
RESULT: {"using":"css selector","value":"td"}
COMMAND: POST /session/68929459ca918a999f98598021acce7a/element/f.41167B24BF7F3EFA47545F25B3BF6A01.d.02B36FC6F66E4E88F976B1D9DB6C41DA.e.5133/elements - {"using":"css selector","value":"td"}
RESULT: {"using":"css selector","value":"td"}
COMMAND: POST /session/68929459ca918a999f98598021acce7a/element/f.41167B24BF7F3EFA47545F25B3BF6A01.d.02B36FC6F66E4E88F976B1D9DB6C41DA.e.5134/elements - {"using":"css selector","value":"td"}
RESULT: {"using":"css selector","value":"td"}
COMMAND: POST /session/68929459ca918a999f98598021acce7a/element/f.41167B24BF7F3EFA47545F25B3BF6A01.d.02B36FC6F66E4E88F976B1D9DB6C41DA.e.5135/elements - {"using":"css selector","value":"td"}
RESULT: {"using":"css selector","value":"td"}
COMMAND: POST /session/68929459ca918a999f98598021acce7a/element/f.41167B24BF7F3EFA47545F25B3BF6A01.d.02B36FC6F66E4E88F976B1D9DB6C41DA.e.5136/elements - {"using":"css selector","value":"td"}
RESULT: {"using":"css selector","value":"td"}
COMMAND: POST /session/68929459ca918a999f98598021acce7a/element/f.41167B24BF7F3EFA47545F25B3BF6A01.d.02B36FC6F66E4E88F976B1D9DB6C41DA.e.5137/elements - {"using":"css selector","value":"td"}
RESULT: {"using":"css selector","value":"td"}
COMMAND: POST /session/68929459ca918a999f98598021acce7a/element/f.41167B24BF7F3EFA47545F25B3BF6A01.d.02B36FC6F66E4E88F976B1D9DB6C41DA.e.5138/elements - {"using":"css selector","value":"td"}
RESULT: {"using":"css selector","value":"td"}
COMMAND: POST /session/68929459ca918a999f98598021acce7a/element/f.41167B24BF7F3EFA47545F25B3BF6A01.d.02B36FC6F66E4E88F976B1D9DB6C41DA.e.5139/elements - {"using":"css selector","value":"td"}
RESULT: {"using":"css selector","value":"td"}
COMMAND: POST /session/68929459ca918a999f98598021acce7a/element/f.41167B24BF7F3EFA47545F25B3BF6A01.d.02B36FC6F66E4E88F976B1D9DB6C41DA.e.5140/elements - {"using":"css selector","value":"td"}
RESULT: {"using":"css selector","value":"td"}
COMMAND: POST /session/68929459ca918a999f98598021acce7a/element/f.41167B24BF7F3EFA47545F25B3BF6A01.d.02B36FC6F66E4E88F976B1D9DB6C41DA.e.5141/elements - {"using":"css selector","value":"td"}
RESULT: {"using":"css selector","value":"td"}
COMMAND: POST /session/68929459ca918a999f98598021acce7a/element/f.41167B24BF7F3EFA47545F25B3BF6A01.d.02B36FC6F66E4E88F976B1D9DB6C41DA.e.5142/elements - {"using":"css selector","value":"td"}
RESULT: {"using":"css selector","value":"td"}
COMMAND: POST /session/68929459ca918a999f98598021acce7a/element/f.41167B24BF7F3EFA47545F25B3BF6A01.d.02B36FC6F66E4E88F976B1D9DB6C41DA.e.5143/elements - {"using":"css selector","value":"td"}
RESULT: {"using":"css selector","value":"td"}
COMMAND: POST /session/68929459ca918a999f98598021acce7a/element/f.41167B24BF7F3EFA47545F25B3BF6A01.d.02B36FC6F66E4E88F976B1D9DB6C41DA.e.5144/elements - {"using":"css selector","value":"td"}
RESULT: {"using":"css selector","value":"td"}
COMMAND: POST /session/68929459ca918a999f98598021acce7a/element/f.41167B24BF7F3EFA47545F25B3BF6A01.d.02B36FC6F66E4E88F976B1D9DB6C41DA.e.5145/elements - {"using":"css selector","value":"td"}
RESULT: {"using":"css selector","value":"td"}
COMMAND: POST /session/68929459ca918a999f98598021acce7a/element/f.41167B24BF7F3EFA47545F25B3BF6A01.d.02B36FC6F66E4E88F976B1D9DB6C41DA.e.5146/elements - {"using":"css selector","value":"td"}
RESULT: {"using":"css selector","value":"td"}
COMMAND: POST /session/68929459ca918a999f98598021acce7a/element/f.41167B24BF7F3EFA47545F25B3BF6A01.d.02B36FC6F66E4E88F976B1D9DB6C41DA.e.5147/elements - {"using":"css selector","value":"td"}
RESULT: {"using":"css selector","value":"td"}
COMMAND: POST /session/68929459ca918a999f98598021acce7a/element/f.41167B24BF7F3EFA47545F25B3BF6A01.d.02B36FC6F66E4E88F976B1D9DB6C41DA.e.5148/elements - {"using":"css selector","value":"td"}
RESULT: {"using":"css selector","value":"td"}
COMMAND: POST /session/68929459ca918a999f98598021acce7a/element/f.41167B24BF7F3EFA47545F25B3BF6A01.d.02B36FC6F66E4E88F976B1D9DB6C41DA.e.5149/elements - {"using":"css selector","value":"td"}
RESULT: {"using":"css selector","value":"td"}
COMMAND: POST /session/68929459ca918a999f98598021acce7a/element/f.41167B24BF7F3EFA47545F25B3BF6A01.d.02B36FC6F66E4E88F976B1D9DB6C41DA.e.5150/elements - {"using":"css selector","value":"td"}
RESULT: {"using":"css selector","value":"td"}
COMMAND: POST /session/68929459ca918a999f98598021acce7a/element/f.41167B24BF7F3EFA47545F25B3BF6A01.d.02B36FC6F66E4E88F976B1D9DB6C41DA.e.5151/elements - {"using":"css selector","value":"td"}
RESULT: {"using":"css selector","value":"td"}
COMMAND: POST /session/68929459ca918a999f98598021acce7a/element/f.41167B24BF7F3EFA47545F25B3BF6A01.d.02B36FC6F66E4E88F976B1D9DB6C41DA.e.5152/elements - {"using":"css selector","value":"td"}
RESULT: {"using":"css selector","value":"td"}
COMMAND: POST /session/68929459ca918a999f98598021acce7a/element/f.41167B24BF7F3EFA47545F25B3BF6A01.d.02B36FC6F66E4E88F976B1D9DB6C41DA.e.5153/elements - {"using":"css selector","value":"td"}
RESULT: {"using":"css selector","value":"td"}
COMMAND: POST /session/68929459ca918a999f98598021acce7a/element/f.41167B24BF7F3EFA47545F25B3BF6A01.d.02B36FC6F66E4E88F976B1D9DB6C41DA.e.5154/elements - {"using":"css selector","value":"td"}
RESULT: {"using":"css selector","value":"td"}
COMMAND: POST /session/68929459ca918a999f98598021acce7a/element/f.41167B24BF7F3EFA47545F25B3BF6A01.d.02B36FC6F66E4E88F976B1D9DB6C41DA.e.5155/elements - {"using":"css selector","value":"td"}
RESULT: {"using":"css selector","value":"td"}
COMMAND: POST /session/68929459ca918a999f98598021acce7a/element/f.41167B24BF7F3EFA47545F25B3BF6A01.d.02B36FC6F66E4E88F976B1D9DB6C41DA.e.5156/elements - {"using":"css selector","value":"td"}
RESULT: {"using":"css selector","value":"td"}
COMMAND: POST /session/68929459ca918a999f98598021acce7a/element/f.41167B24BF7F3EFA47545F25B3BF6A01.d.02B36FC6F66E4E88F976B1D9DB6C41DA.e.5157/elements - {"using":"css selector","value":"td"}
RESULT: {"using":"css selector","value":"td"}
COMMAND: POST /session/68929459ca918a999f98598021acce7a/element/f.41167B24BF7F3EFA47545F25B3BF6A01.d.02B36FC6F66E4E88F976B1D9DB6C41DA.e.5158/elements - {"using":"css selector","value":"td"}
RESULT: {"using":"css selector","value":"td"}
COMMAND: POST /session/68929459ca918a999f98598021acce7a/element/f.41167B24BF7F3EFA47545F25B3BF6A01.d.02B36FC6F66E4E88F976B1D9DB6C41DA.e.5159/elements - {"using":"css selector","value":"td"}
RESULT: {"using":"css selector","value":"td"}
COMMAND: POST /session/68929459ca918a999f98598021acce7a/element/f.41167B24BF7F3EFA47545F25B3BF6A01.d.02B36FC6F66E4E88F976B1D9DB6C41DA.e.5160/elements - {"using":"css selector","value":"td"}
RESULT: {"using":"css selector","value":"td"}
COMMAND: POST /session/68929459ca918a999f98598021acce7a/element/f.41167B24BF7F3EFA47545F25B3BF6A01.d.02B36FC6F66E4E88F976B1D9DB6C41DA.e.5161/elements - {"using":"css selector","value":"td"}
RESULT: {"using":"css selector","value":"td"}
COMMAND: POST /session/68929459ca918a999f98598021acce7a/element/f.41167B24BF7F3EFA47545F25B3BF6A01.d.02B36FC6F66E4E88F976B1D9DB6C41DA.e.5162/elements - {"using":"css selector","value":"td"}
RESULT: {"using":"css selector","value":"td"}
COMMAND: POST /session/68929459ca918a999f98598021acce7a/element/f.41167B24BF7F3EFA47545F25B3BF6A01.d.02B36FC6F66E4E88F976B1D9DB6C41DA.e.5163/elements - {"using":"css selector","value":"td"}
RESULT: {"using":"css selector","value":"td"}
COMMAND: POST /session/68929459ca918a999f98598021acce7a/element/f.41167B24BF7F3EFA47545F25B3BF6A01.d.02B36FC6F66E4E88F976B1D9DB6C41DA.e.5164/elements - {"using":"css selector","value":"td"}
RESULT: {"using":"css selector","value":"td"}
COMMAND: POST /session/68929459ca918a999f98598021acce7a/element/f.41167B24BF7F3EFA47545F25B3BF6A01.d.02B36FC6F66E4E88F976B1D9DB6C41DA.e.5165/elements - {"using":"css selector","value":"td"}
RESULT: {"using":"css selector","value":"td"}
COMMAND: POST /session/68929459ca918a999f98598021acce7a/element/f.41167B24BF7F3EFA47545F25B3BF6A01.d.02B36FC6F66E4E88F976B1D9DB6C41DA.e.5166/elements - {"using":"css selector","value":"td"}
RESULT: {"using":"css selector","value":"td"}
COMMAND: POST /session/68929459ca918a999f98598021acce7a/element/f.41167B24BF7F3EFA47545F25B3BF6A01.d.02B36FC6F66E4E88F976B1D9DB6C41DA.e.5167/elements - {"using":"css selector","value":"td"}
RESULT: {"using":"css selector","value":"td"}
COMMAND: POST /session/68929459ca918a999f98598021acce7a/element/f.41167B24BF7F3EFA47545F25B3BF6A01.d.02B36FC6F66E4E88F976B1D9DB6C41DA.e.5168/elements - {"using":"css selector","value":"td"}
RESULT: {"using":"css selector","value":"td"}
COMMAND: POST /session/68929459ca918a999f98598021acce7a/element/f.41167B24BF7F3EFA47545F25B3BF6A01.d.02B36FC6F66E4E88F976B1D9DB6C41DA.e.5169/elements - {"using":"css selector","value":"td"}
RESULT: {"using":"css selector","value":"td"}
COMMAND: POST /session/68929459ca918a999f98598021acce7a/element/f.41167B24BF7F3EFA47545F25B3BF6A01.d.02B36FC6F66E4E88F976B1D9DB6C41DA.e.5170/elements - {"using":"css selector","value":"td"}
RESULT: {"using":"css selector","value":"td"}
COMMAND: POST /session/68929459ca918a999f98598021acce7a/element/f.41167B24BF7F3EFA47545F25B3BF6A01.d.02B36FC6F66E4E88F976B1D9DB6C41DA.e.5171/elements - {"using":"css selector","value":"td"}
RESULT: {"using":"css selector","value":"td"}
COMMAND: POST /session/68929459ca918a999f98598021acce7a/element/f.41167B24BF7F3EFA47545F25B3BF6A01.d.02B36FC6F66E4E88F976B1D9DB6C41DA.e.5172/elements - {"using":"css selector","value":"td"}
RESULT: {"using":"css selector","value":"td"}
COMMAND: POST /session/68929459ca918a999f98598021acce7a/element/f.41167B24BF7F3EFA47545F25B3BF6A01.d.02B36FC6F66E4E88F976B1D9DB6C41DA.e.5173/elements - {"using":"css selector","value":"td"}
RESULT: {"using":"css selector","value":"td"}
COMMAND: POST /session/68929459ca918a999f98598021acce7a/element/f.41167B24BF7F3EFA47545F25B3BF6A01.d.02B36FC6F66E4E88F976B1D9DB6C41DA.e.5174/elements - {"using":"css selector","value":"td"}
RESULT: {"using":"css selector","value":"td"}
COMMAND: POST /session/68929459ca918a999f98598021acce7a/element/f.41167B24BF7F3EFA47545F25B3BF6A01.d.02B36FC6F66E4E88F976B1D9DB6C41DA.e.5175/elements - {"using":"css selector","value":"td"}
RESULT: {"using":"css selector","value":"td"}
COMMAND: POST /session/68929459ca918a999f98598021acce7a/element/f.41167B24BF7F3EFA47545F25B3BF6A01.d.02B36FC6F66E4E88F976B1D9DB6C41DA.e.5176/elements - {"using":"css selector","value":"td"}
RESULT: {"using":"css selector","value":"td"}
COMMAND: POST /session/68929459ca918a999f98598021acce7a/element/f.41167B24BF7F3EFA47545F25B3BF6A01.d.02B36FC6F66E4E88F976B1D9DB6C41DA.e.5177/elements - {"using":"css selector","value":"td"}
RESULT: {"using":"css selector","value":"td"}
COMMAND: POST /session/68929459ca918a999f98598021acce7a/element/f.41167B24BF7F3EFA47545F25B3BF6A01.d.02B36FC6F66E4E88F976B1D9DB6C41DA.e.5178/elements - {"using":"css selector","value":"td"}
RESULT: {"using":"css selector","value":"td"}
COMMAND: POST /session/68929459ca918a999f98598021acce7a/element/f.41167B24BF7F3EFA47545F25B3BF6A01.d.02B36FC6F66E4E88F976B1D9DB6C41DA.e.5179/elements - {"using":"css selector","value":"td"}
RESULT: {"using":"css selector","value":"td"}
COMMAND: POST /session/68929459ca918a999f98598021acce7a/element/f.41167B24BF7F3EFA47545F25B3BF6A01.d.02B36FC6F66E4E88F976B1D9DB6C41DA.e.5180/elements - {"using":"css selector","value":"td"}
RESULT: {"using":"css selector","value":"td"}
COMMAND: POST /session/68929459ca918a999f98598021acce7a/element/f.41167B24BF7F3EFA47545F25B3BF6A01.d.02B36FC6F66E4E88F976B1D9DB6C41DA.e.5181/elements - {"using":"css selector","value":"td"}
RESULT: {"using":"css selector","value":"td"}
COMMAND: POST /session/68929459ca918a999f98598021acce7a/element/f.41167B24BF7F3EFA47545F25B3BF6A01.d.02B36FC6F66E4E88F976B1D9DB6C41DA.e.5182/elements - {"using":"css selector","value":"td"}
RESULT: {"using":"css selector","value":"td"}
COMMAND: POST /session/68929459ca918a999f98598021acce7a/element/f.41167B24BF7F3EFA47545F25B3BF6A01.d.02B36FC6F66E4E88F976B1D9DB6C41DA.e.5183/elements - {"using":"css selector","value":"td"}
RESULT: {"using":"css selector","value":"td"}
COMMAND: POST /session/68929459ca918a999f98598021acce7a/element/f.41167B24BF7F3EFA47545F25B3BF6A01.d.02B36FC6F66E4E88F976B1D9DB6C41DA.e.5184/elements - {"using":"css selector","value":"td"}
RESULT: {"using":"css selector","value":"td"}
COMMAND: POST /session/68929459ca918a999f98598021acce7a/element/f.41167B24BF7F3EFA47545F25B3BF6A01.d.02B36FC6F66E4E88F976B1D9DB6C41DA.e.5185/elements - {"using":"css selector","value":"td"}
RESULT: {"using":"css selector","value":"td"}
COMMAND: POST /session/68929459ca918a999f98598021acce7a/element/f.41167B24BF7F3EFA47545F25B3BF6A01.d.02B36FC6F66E4E88F976B1D9DB6C41DA.e.5186/elements - {"using":"css selector","value":"td"}
RESULT: {"using":"css selector","value":"td"}
COMMAND: POST /session/68929459ca918a999f98598021acce7a/element/f.41167B24BF7F3EFA47545F25B3BF6A01.d.02B36FC6F66E4E88F976B1D9DB6C41DA.e.5187/elements - {"using":"css selector","value":"td"}
RESULT: {"using":"css selector","value":"td"}
COMMAND: POST /session/68929459ca918a999f98598021acce7a/element/f.41167B24BF7F3EFA47545F25B3BF6A01.d.02B36FC6F66E4E88F976B1D9DB6C41DA.e.5188/elements - {"using":"css selector","value":"td"}
RESULT: {"using":"css selector","value":"td"}
COMMAND: POST /session/68929459ca918a999f98598021acce7a/element/f.41167B24BF7F3EFA47545F25B3BF6A01.d.02B36FC6F66E4E88F976B1D9DB6C41DA.e.5189/elements - {"using":"css selector","value":"td"}
RESULT: {"using":"css selector","value":"td"}
COMMAND: POST /session/68929459ca918a999f98598021acce7a/element/f.41167B24BF7F3EFA47545F25B3BF6A01.d.02B36FC6F66E4E88F976B1D9DB6C41DA.e.5190/elements - {"using":"css selector","value":"td"}
RESULT: {"using":"css selector","value":"td"}
COMMAND: POST /session/68929459ca918a999f98598021acce7a/element/f.41167B24BF7F3EFA47545F25B3BF6A01.d.02B36FC6F66E4E88F976B1D9DB6C41DA.e.5191/elements - {"using":"css selector","value":"td"}
RESULT: {"using":"css selector","value":"td"}
COMMAND: POST /session/68929459ca918a999f98598021acce7a/element/f.41167B24BF7F3EFA47545F25B3BF6A01.d.02B36FC6F66E4E88F976B1D9DB6C41DA.e.5192/elements - {"using":"css selector","value":"td"}
RESULT: {"using":"css selector","value":"td"}
COMMAND: POST /session/68929459ca918a999f98598021acce7a/element/f.41167B24BF7F3EFA47545F25B3BF6A01.d.02B36FC6F66E4E88F976B1D9DB6C41DA.e.5193/elements - {"using":"css selector","value":"td"}
RESULT: {"using":"css selector","value":"td"}
COMMAND: POST /session/68929459ca918a999f98598021acce7a/element/f.41167B24BF7F3EFA47545F25B3BF6A01.d.02B36FC6F66E4E88F976B1D9DB6C41DA.e.5194/elements - {"using":"css selector","value":"td"}
RESULT: {"using":"css selector","value":"td"}
COMMAND: POST /session/68929459ca918a999f98598021acce7a/element/f.41167B24BF7F3EFA47545F25B3BF6A01.d.02B36FC6F66E4E88F976B1D9DB6C41DA.e.5195/elements - {"using":"css selector","value":"td"}
RESULT: {"using":"css selector","value":"td"}
COMMAND: POST /session/68929459ca918a999f98598021acce7a/element/f.41167B24BF7F3EFA47545F25B3BF6A01.d.02B36FC6F66E4E88F976B1D9DB6C41DA.e.5196/elements - {"using":"css selector","value":"td"}
RESULT: {"using":"css selector","value":"td"}
COMMAND: POST /session/68929459ca918a999f98598021acce7a/element/f.41167B24BF7F3EFA47545F25B3BF6A01.d.02B36FC6F66E4E88F976B1D9DB6C41DA.e.5197/elements - {"using":"css selector","value":"td"}
RESULT: {"using":"css selector","value":"td"}
COMMAND: POST /session/68929459ca918a999f98598021acce7a/element/f.41167B24BF7F3EFA47545F25B3BF6A01.d.02B36FC6F66E4E88F976B1D9DB6C41DA.e.5198/elements - {"using":"css selector","value":"td"}
RESULT: {"using":"css selector","value":"td"}
COMMAND: POST /session/68929459ca918a999f98598021acce7a/element/f.41167B24BF7F3EFA47545F25B3BF6A01.d.02B36FC6F66E4E88F976B1D9DB6C41DA.e.5199/elements - {"using":"css selector","value":"td"}
RESULT: {"using":"css selector","value":"td"}
COMMAND: POST /session/68929459ca918a999f98598021acce7a/element/f.41167B24BF7F3EFA47545F25B3BF6A01.d.02B36FC6F66E4E88F976B1D9DB6C41DA.e.5200/elements - {"using":"css selector","value":"td"}
RESULT: {"using":"css selector","value":"td"}
COMMAND: POST /session/68929459ca918a999f98598021acce7a/element/f.41167B24BF7F3EFA47545F25B3BF6A01.d.02B36FC6F66E4E88F976B1D9DB6C41DA.e.5201/elements - {"using":"css selector","value":"td"}
RESULT: {"using":"css selector","value":"td"}
COMMAND: POST /session/68929459ca918a999f98598021acce7a/element/f.41167B24BF7F3EFA47545F25B3BF6A01.d.02B36FC6F66E4E88F976B1D9DB6C41DA.e.5202/elements - {"using":"css selector","value":"td"}
RESULT: {"using":"css selector","value":"td"}
COMMAND: POST /session/68929459ca918a999f98598021acce7a/element/f.41167B24BF7F3EFA47545F25B3BF6A01.d.02B36FC6F66E4E88F976B1D9DB6C41DA.e.5203/elements - {"using":"css selector","value":"td"}
RESULT: {"using":"css selector","value":"td"}
COMMAND: POST /session/68929459ca918a999f98598021acce7a/element/f.41167B24BF7F3EFA47545F25B3BF6A01.d.02B36FC6F66E4E88F976B1D9DB6C41DA.e.5204/elements - {"using":"css selector","value":"td"}
RESULT: {"using":"css selector","value":"td"}
COMMAND: POST /session/68929459ca918a999f98598021acce7a/element/f.41167B24BF7F3EFA47545F25B3BF6A01.d.02B36FC6F66E4E88F976B1D9DB6C41DA.e.5205/elements - {"using":"css selector","value":"td"}
RESULT: {"using":"css selector","value":"td"}
COMMAND: POST /session/68929459ca918a999f98598021acce7a/element/f.41167B24BF7F3EFA47545F25B3BF6A01.d.02B36FC6F66E4E88F976B1D9DB6C41DA.e.5206/elements - {"using":"css selector","value":"td"}
RESULT: {"using":"css selector","value":"td"}
COMMAND: POST /session/68929459ca918a999f98598021acce7a/element/f.41167B24BF7F3EFA47545F25B3BF6A01.d.02B36FC6F66E4E88F976B1D9DB6C41DA.e.5207/elements - {"using":"css selector","value":"td"}
RESULT: {"using":"css selector","value":"td"}
COMMAND: POST /session/68929459ca918a999f98598021acce7a/element/f.41167B24BF7F3EFA47545F25B3BF6A01.d.02B36FC6F66E4E88F976B1D9DB6C41DA.e.5208/elements - {"using":"css selector","value":"td"}
RESULT: {"using":"css selector","value":"td"}
COMMAND: POST /session/68929459ca918a999f98598021acce7a/element/f.41167B24BF7F3EFA47545F25B3BF6A01.d.02B36FC6F66E4E88F976B1D9DB6C41DA.e.5209/elements - {"using":"css selector","value":"td"}
RESULT: {"using":"css selector","value":"td"}
COMMAND: POST /session/68929459ca918a999f98598021acce7a/element/f.41167B24BF7F3EFA47545F25B3BF6A01.d.02B36FC6F66E4E88F976B1D9DB6C41DA.e.5210/elements - {"using":"css selector","value":"td"}
RESULT: {"using":"css selector","value":"td"}
COMMAND: POST /session/68929459ca918a999f98598021acce7a/element/f.41167B24BF7F3EFA47545F25B3BF6A01.d.02B36FC6F66E4E88F976B1D9DB6C41DA.e.5211/elements - {"using":"css selector","value":"td"}
RESULT: {"using":"css selector","value":"td"}
COMMAND: POST /session/68929459ca918a999f98598021acce7a/element/f.41167B24BF7F3EFA47545F25B3BF6A01.d.02B36FC6F66E4E88F976B1D9DB6C41DA.e.5212/elements - {"using":"css selector","value":"td"}
RESULT: {"using":"css selector","value":"td"}
COMMAND: POST /session/68929459ca918a999f98598021acce7a/element/f.41167B24BF7F3EFA47545F25B3BF6A01.d.02B36FC6F66E4E88F976B1D9DB6C41DA.e.5213/elements - {"using":"css selector","value":"td"}
RESULT: {"using":"css selector","value":"td"}
COMMAND: POST /session/68929459ca918a999f98598021acce7a/element/f.41167B24BF7F3EFA47545F25B3BF6A01.d.02B36FC6F66E4E88F976B1D9DB6C41DA.e.5214/elements - {"using":"css selector","value":"td"}
RESULT: {"using":"css selector","value":"td"}
COMMAND: POST /session/68929459ca918a999f98598021acce7a/element/f.41167B24BF7F3EFA47545F25B3BF6A01.d.02B36FC6F66E4E88F976B1D9DB6C41DA.e.5215/elements - {"using":"css selector","value":"td"}
RESULT: {"using":"css selector","value":"td"}
COMMAND: POST /session/68929459ca918a999f98598021acce7a/element/f.41167B24BF7F3EFA47545F25B3BF6A01.d.02B36FC6F66E4E88F976B1D9DB6C41DA.e.5216/elements - {"using":"css selector","value":"td"}
RESULT: {"using":"css selector","value":"td"}
COMMAND: POST /session/68929459ca918a999f98598021acce7a/element/f.41167B24BF7F3EFA47545F25B3BF6A01.d.02B36FC6F66E4E88F976B1D9DB6C41DA.e.5217/elements - {"using":"css selector","value":"td"}
RESULT: {"using":"css selector","value":"td"}
COMMAND: POST /session/68929459ca918a999f98598021acce7a/element/f.41167B24BF7F3EFA47545F25B3BF6A01.d.02B36FC6F66E4E88F976B1D9DB6C41DA.e.5218/elements - {"using":"css selector","value":"td"}
RESULT: {"using":"css selector","value":"td"}
COMMAND: POST /session/68929459ca918a999f98598021acce7a/element/f.41167B24BF7F3EFA47545F25B3BF6A01.d.02B36FC6F66E4E88F976B1D9DB6C41DA.e.5219/elements - {"using":"css selector","value":"td"}
RESULT: {"using":"css selector","value":"td"}
COMMAND: POST /session/68929459ca918a999f98598021acce7a/element/f.41167B24BF7F3EFA47545F25B3BF6A01.d.02B36FC6F66E4E88F976B1D9DB6C41DA.e.5220/elements - {"using":"css selector","value":"td"}
RESULT: {"using":"css selector","value":"td"}
COMMAND: POST /session/68929459ca918a999f98598021acce7a/element/f.41167B24BF7F3EFA47545F25B3BF6A01.d.02B36FC6F66E4E88F976B1D9DB6C41DA.e.5221/elements - {"using":"css selector","value":"td"}
RESULT: {"using":"css selector","value":"td"}
COMMAND: POST /session/68929459ca918a999f98598021acce7a/element/f.41167B24BF7F3EFA47545F25B3BF6A01.d.02B36FC6F66E4E88F976B1D9DB6C41DA.e.5222/elements - {"using":"css selector","value":"td"}
RESULT: {"using":"css selector","value":"td"}
COMMAND: POST /session/68929459ca918a999f98598021acce7a/element/f.41167B24BF7F3EFA47545F25B3BF6A01.d.02B36FC6F66E4E88F976B1D9DB6C41DA.e.5223/elements - {"using":"css selector","value":"td"}
RESULT: {"using":"css selector","value":"td"}
COMMAND: POST /session/68929459ca918a999f98598021acce7a/element/f.41167B24BF7F3EFA47545F25B3BF6A01.d.02B36FC6F66E4E88F976B1D9DB6C41DA.e.5224/elements - {"using":"css selector","value":"td"}
RESULT: {"using":"css selector","value":"td"}
COMMAND: POST /session/68929459ca918a999f98598021acce7a/element/f.41167B24BF7F3EFA47545F25B3BF6A01.d.02B36FC6F66E4E88F976B1D9DB6C41DA.e.5225/elements - {"using":"css selector","value":"td"}
RESULT: {"using":"css selector","value":"td"}
COMMAND: POST /session/68929459ca918a999f98598021acce7a/element/f.41167B24BF7F3EFA47545F25B3BF6A01.d.02B36FC6F66E4E88F976B1D9DB6C41DA.e.5226/elements - {"using":"css selector","value":"td"}
RESULT: {"using":"css selector","value":"td"}
COMMAND: POST /session/68929459ca918a999f98598021acce7a/element/f.41167B24BF7F3EFA47545F25B3BF6A01.d.02B36FC6F66E4E88F976B1D9DB6C41DA.e.5227/elements - {"using":"css selector","value":"td"}
RESULT: {"using":"css selector","value":"td"}
COMMAND: POST /session/68929459ca918a999f98598021acce7a/element/f.41167B24BF7F3EFA47545F25B3BF6A01.d.02B36FC6F66E4E88F976B1D9DB6C41DA.e.5228/elements - {"using":"css selector","value":"td"}
RESULT: {"using":"css selector","value":"td"}
COMMAND: POST /session/68929459ca918a999f98598021acce7a/element/f.41167B24BF7F3EFA47545F25B3BF6A01.d.02B36FC6F66E4E88F976B1D9DB6C41DA.e.5229/elements - {"using":"css selector","value":"td"}
RESULT: {"using":"css selector","value":"td"}
COMMAND: POST /session/68929459ca918a999f98598021acce7a/element/f.41167B24BF7F3EFA47545F25B3BF6A01.d.02B36FC6F66E4E88F976B1D9DB6C41DA.e.5230/elements - {"using":"css selector","value":"td"}
RESULT: {"using":"css selector","value":"td"}
COMMAND: POST /session/68929459ca918a999f98598021acce7a/element/f.41167B24BF7F3EFA47545F25B3BF6A01.d.02B36FC6F66E4E88F976B1D9DB6C41DA.e.5231/elements - {"using":"css selector","value":"td"}
RESULT: {"using":"css selector","value":"td"}
COMMAND: POST /session/68929459ca918a999f98598021acce7a/element/f.41167B24BF7F3EFA47545F25B3BF6A01.d.02B36FC6F66E4E88F976B1D9DB6C41DA.e.5232/elements - {"using":"css selector","value":"td"}
RESULT: {"using":"css selector","value":"td"}
COMMAND: POST /session/68929459ca918a999f98598021acce7a/element/f.41167B24BF7F3EFA47545F25B3BF6A01.d.02B36FC6F66E4E88F976B1D9DB6C41DA.e.5233/elements - {"using":"css selector","value":"td"}
RESULT: {"using":"css selector","value":"td"}
COMMAND: POST /session/68929459ca918a999f98598021acce7a/element/f.41167B24BF7F3EFA47545F25B3BF6A01.d.02B36FC6F66E4E88F976B1D9DB6C41DA.e.5234/elements - {"using":"css selector","value":"td"}
RESULT: {"using":"css selector","value":"td"}
COMMAND: POST /session/68929459ca918a999f98598021acce7a/element/f.41167B24BF7F3EFA47545F25B3BF6A01.d.02B36FC6F66E4E88F976B1D9DB6C41DA.e.5235/elements - {"using":"css selector","value":"td"}
RESULT: {"using":"css selector","value":"td"}
COMMAND: POST /session/68929459ca918a999f98598021acce7a/element/f.41167B24BF7F3EFA47545F25B3BF6A01.d.02B36FC6F66E4E88F976B1D9DB6C41DA.e.5236/elements - {"using":"css selector","value":"td"}
RESULT: {"using":"css selector","value":"td"}
COMMAND: POST /session/68929459ca918a999f98598021acce7a/element/f.41167B24BF7F3EFA47545F25B3BF6A01.d.02B36FC6F66E4E88F976B1D9DB6C41DA.e.5237/elements - {"using":"css selector","value":"td"}
RESULT: {"using":"css selector","value":"td"}
COMMAND: POST /session/68929459ca918a999f98598021acce7a/element/f.41167B24BF7F3EFA47545F25B3BF6A01.d.02B36FC6F66E4E88F976B1D9DB6C41DA.e.5238/elements - {"using":"css selector","value":"td"}
RESULT: {"using":"css selector","value":"td"}
COMMAND: POST /session/68929459ca918a999f98598021acce7a/element/f.41167B24BF7F3EFA47545F25B3BF6A01.d.02B36FC6F66E4E88F976B1D9DB6C41DA.e.5260/element - {"using":"css selector","value":"input"}
RESULT: {"using":"css selector","value":"input"}
COMMAND: GET /session/68929459ca918a999f98598021acce7a/element/f.41167B24BF7F3EFA47545F25B3BF6A01.d.02B36FC6F66E4E88F976B1D9DB6C41DA.e.5243/property/value - {}
RESULT: {}
COMMAND: POST /session/68929459ca918a999f98598021acce7a/element/f.41167B24BF7F3EFA47545F25B3BF6A01.d.02B36FC6F66E4E88F976B1D9DB6C41DA.e.5238/element - {"using":"css selector","value":".sapMCbBg"}
COMMAND: GET /session/68929459ca918a999f98598021acce7a/screenshot - {}
RESULT: {"using":"css selector","value":".sapMCbBg"}
COMMAND: GET /session/68929459ca918a999f98598021acce7a/element/f.41167B24BF7F3EFA47545F25B3BF6A01.d.02B36FC6F66E4E88F976B1D9DB6C41DA.e.6061/selected - {}
RESULT: {}
RESULT: {}
COMMAND: POST /session/68929459ca918a999f98598021acce7a/element/f.41167B24BF7F3EFA47545F25B3BF6A01.d.02B36FC6F66E4E88F976B1D9DB6C41DA.e.6061/click - {}
COMMAND: GET /session/68929459ca918a999f98598021acce7a/screenshot - {}
RESULT: {}
COMMAND: POST /session/68929459ca918a999f98598021acce7a/element/f.41167B24BF7F3EFA47545F25B3BF6A01.d.02B36FC6F66E4E88F976B1D9DB6C41DA.e.5271/elements - {"using":"css selector","value":"td"}
COMMAND: GET /session/68929459ca918a999f98598021acce7a/screenshot - {}
RESULT: {}
RESULT: {"using":"css selector","value":"td"}
COMMAND: POST /session/68929459ca918a999f98598021acce7a/element/f.41167B24BF7F3EFA47545F25B3BF6A01.d.02B36FC6F66E4E88F976B1D9DB6C41DA.e.5293/element - {"using":"css selector","value":"input"}
RESULT: {}
RESULT: {"using":"css selector","value":"input"}
COMMAND: GET /session/68929459ca918a999f98598021acce7a/element/f.41167B24BF7F3EFA47545F25B3BF6A01.d.02B36FC6F66E4E88F976B1D9DB6C41DA.e.5276/property/value - {}
RESULT: {}
COMMAND: POST /session/68929459ca918a999f98598021acce7a/element/f.41167B24BF7F3EFA47545F25B3BF6A01.d.02B36FC6F66E4E88F976B1D9DB6C41DA.e.5271/element - {"using":"css selector","value":".sapMCbBg"}
COMMAND: GET /session/68929459ca918a999f98598021acce7a/screenshot - {}
RESULT: {"using":"css selector","value":".sapMCbBg"}
COMMAND: GET /session/68929459ca918a999f98598021acce7a/element/f.41167B24BF7F3EFA47545F25B3BF6A01.d.02B36FC6F66E4E88F976B1D9DB6C41DA.e.6065/selected - {}
RESULT: {}
RESULT: {}
COMMAND: POST /session/68929459ca918a999f98598021acce7a/element/f.41167B24BF7F3EFA47545F25B3BF6A01.d.02B36FC6F66E4E88F976B1D9DB6C41DA.e.6065/click - {}
COMMAND: GET /session/68929459ca918a999f98598021acce7a/screenshot - {}
RESULT: {}
COMMAND: GET /session/68929459ca918a999f98598021acce7a/screenshot - {}
RESULT: {}
RESULT: {}
COMMAND: POST /session/68929459ca918a999f98598021acce7a/execute/async - {"script":"<script> [1562 bytes]","args":[{"selector":{"id":"application-manageconditionprice-display-component---dailyPrices--deleteBtn","interaction":{"idSuffix":"content"}},"wdio_ui5_key":"applicationmanageconditionprice-display-component---dailyPrices--deleteBtn"}]}
RESULT: {"script":"<script> [1562 bytes]","args":[{"selector":{"id":"application-manageconditionprice-display-component---dailyPrices--deleteBtn","interaction":{"idSuffix":"content"}},"wdio_ui5_key":"applicationmanageconditionprice-display-component---dailyPrices--deleteBtn"}]}
RESULT: undefined
COMMAND: POST /session/68929459ca918a999f98598021acce7a/element - {"using":"xpath","value":"//*[@id=\"application-manageconditionprice-display-component---dailyPrices--deleteBtn\"]"}
RESULT: {"using":"xpath","value":"//*[@id=\"application-manageconditionprice-display-component---dailyPrices--deleteBtn\"]"}
COMMAND: POST /session/68929459ca918a999f98598021acce7a/element/f.41167B24BF7F3EFA47545F25B3BF6A01.d.02B36FC6F66E4E88F976B1D9DB6C41DA.e.6067/click - {}
RESULT: {}
COMMAND: POST /session/68929459ca918a999f98598021acce7a/execute/async - {"script":"<script> [1562 bytes]","args":[{"selector":{"controlType":"sap.m.Button","properties":{"text":"OK"},"searchOpenDialogs":true,"interaction":{"idSuffix":"BDI-content"}},"wdio_ui5_key":"sapm.Button{\"text\":\"OK\"}"}]}
COMMAND: GET /session/68929459ca918a999f98598021acce7a/screenshot - {}
RESULT: {"script":"<script> [1562 bytes]","args":[{"selector":{"controlType":"sap.m.Button","properties":{"text":"OK"},"searchOpenDialogs":true,"interaction":{"idSuffix":"BDI-content"}},"wdio_ui5_key":"sapm.Button{\"text\":\"OK\"}"}]}
RESULT: undefined
COMMAND: POST /session/68929459ca918a999f98598021acce7a/element - {"using":"xpath","value":"//*[@id=\"__mbox-btn-0\"]"}
RESULT: {}
RESULT: {"using":"xpath","value":"//*[@id=\"__mbox-btn-0\"]"}
COMMAND: POST /session/68929459ca918a999f98598021acce7a/element/f.41167B24BF7F3EFA47545F25B3BF6A01.d.02B36FC6F66E4E88F976B1D9DB6C41DA.e.6068/click - {}
RESULT: {}
COMMAND: GET /session/68929459ca918a999f98598021acce7a/screenshot - {}
RESULT: {}
RESULT: undefined
COMMAND: POST /session/68929459ca918a999f98598021acce7a/element - {"using":"xpath","value":"//*[@id=\"__button107\"]"}
RESULT: {"using":"xpath","value":"//*[@id=\"__button107\"]"}
COMMAND: POST /session/68929459ca918a999f98598021acce7a/element/f.41167B24BF7F3EFA47545F25B3BF6A01.d.02B36FC6F66E4E88F976B1D9DB6C41DA.e.5328/click - {}
RESULT: {}
COMMAND: GET /session/68929459ca918a999f98598021acce7a/screenshot - {}
RESULT: {}
COMMAND: POST /session/68929459ca918a999f98598021acce7a/elements - {"using":"css selector","value":"table tr"}
RESULT: {"using":"css selector","value":"table tr"}
COMMAND: POST /session/68929459ca918a999f98598021acce7a/element/f.41167B24BF7F3EFA47545F25B3BF6A01.d.02B36FC6F66E4E88F976B1D9DB6C41DA.e.5060/elements - {"using":"css selector","value":"td"}
RESULT: {"using":"css selector","value":"td"}
COMMAND: POST /session/68929459ca918a999f98598021acce7a/element/f.41167B24BF7F3EFA47545F25B3BF6A01.d.02B36FC6F66E4E88F976B1D9DB6C41DA.e.5061/elements - {"using":"css selector","value":"td"}
RESULT: {"using":"css selector","value":"td"}
COMMAND: POST /session/68929459ca918a999f98598021acce7a/element/f.41167B24BF7F3EFA47545F25B3BF6A01.d.02B36FC6F66E4E88F976B1D9DB6C41DA.e.5062/elements - {"using":"css selector","value":"td"}
RESULT: {"using":"css selector","value":"td"}
COMMAND: POST /session/68929459ca918a999f98598021acce7a/element/f.41167B24BF7F3EFA47545F25B3BF6A01.d.02B36FC6F66E4E88F976B1D9DB6C41DA.e.5001/elements - {"using":"css selector","value":"td"}
RESULT: {"using":"css selector","value":"td"}
COMMAND: POST /session/68929459ca918a999f98598021acce7a/element/f.41167B24BF7F3EFA47545F25B3BF6A01.d.02B36FC6F66E4E88F976B1D9DB6C41DA.e.5002/elements - {"using":"css selector","value":"td"}
RESULT: {"using":"css selector","value":"td"}
COMMAND: POST /session/68929459ca918a999f98598021acce7a/element/f.41167B24BF7F3EFA47545F25B3BF6A01.d.02B36FC6F66E4E88F976B1D9DB6C41DA.e.5008/elements - {"using":"css selector","value":"td"}
RESULT: {"using":"css selector","value":"td"}
COMMAND: POST /session/68929459ca918a999f98598021acce7a/element/f.41167B24BF7F3EFA47545F25B3BF6A01.d.02B36FC6F66E4E88F976B1D9DB6C41DA.e.5009/elements - {"using":"css selector","value":"td"}
RESULT: {"using":"css selector","value":"td"}
COMMAND: POST /session/68929459ca918a999f98598021acce7a/element/f.41167B24BF7F3EFA47545F25B3BF6A01.d.02B36FC6F66E4E88F976B1D9DB6C41DA.e.5012/elements - {"using":"css selector","value":"td"}
RESULT: {"using":"css selector","value":"td"}
COMMAND: POST /session/68929459ca918a999f98598021acce7a/element/f.41167B24BF7F3EFA47545F25B3BF6A01.d.02B36FC6F66E4E88F976B1D9DB6C41DA.e.5013/elements - {"using":"css selector","value":"td"}
RESULT: {"using":"css selector","value":"td"}
COMMAND: POST /session/68929459ca918a999f98598021acce7a/element/f.41167B24BF7F3EFA47545F25B3BF6A01.d.02B36FC6F66E4E88F976B1D9DB6C41DA.e.5019/elements - {"using":"css selector","value":"td"}
RESULT: {"using":"css selector","value":"td"}
COMMAND: POST /session/68929459ca918a999f98598021acce7a/element/f.41167B24BF7F3EFA47545F25B3BF6A01.d.02B36FC6F66E4E88F976B1D9DB6C41DA.e.5063/elements - {"using":"css selector","value":"td"}
RESULT: {"using":"css selector","value":"td"}
COMMAND: POST /session/68929459ca918a999f98598021acce7a/element/f.41167B24BF7F3EFA47545F25B3BF6A01.d.02B36FC6F66E4E88F976B1D9DB6C41DA.e.5064/elements - {"using":"css selector","value":"td"}
RESULT: {"using":"css selector","value":"td"}
COMMAND: POST /session/68929459ca918a999f98598021acce7a/element/f.41167B24BF7F3EFA47545F25B3BF6A01.d.02B36FC6F66E4E88F976B1D9DB6C41DA.e.5065/elements - {"using":"css selector","value":"td"}
RESULT: {"using":"css selector","value":"td"}
COMMAND: POST /session/68929459ca918a999f98598021acce7a/element/f.41167B24BF7F3EFA47545F25B3BF6A01.d.02B36FC6F66E4E88F976B1D9DB6C41DA.e.5066/elements - {"using":"css selector","value":"td"}
RESULT: {"using":"css selector","value":"td"}
COMMAND: POST /session/68929459ca918a999f98598021acce7a/element/f.41167B24BF7F3EFA47545F25B3BF6A01.d.02B36FC6F66E4E88F976B1D9DB6C41DA.e.5067/elements - {"using":"css selector","value":"td"}
RESULT: {"using":"css selector","value":"td"}
COMMAND: POST /session/68929459ca918a999f98598021acce7a/element/f.41167B24BF7F3EFA47545F25B3BF6A01.d.02B36FC6F66E4E88F976B1D9DB6C41DA.e.5068/elements - {"using":"css selector","value":"td"}
RESULT: {"using":"css selector","value":"td"}
COMMAND: POST /session/68929459ca918a999f98598021acce7a/element/f.41167B24BF7F3EFA47545F25B3BF6A01.d.02B36FC6F66E4E88F976B1D9DB6C41DA.e.5069/elements - {"using":"css selector","value":"td"}
RESULT: {"using":"css selector","value":"td"}
COMMAND: POST /session/68929459ca918a999f98598021acce7a/element/f.41167B24BF7F3EFA47545F25B3BF6A01.d.02B36FC6F66E4E88F976B1D9DB6C41DA.e.5070/elements - {"using":"css selector","value":"td"}
RESULT: {"using":"css selector","value":"td"}
COMMAND: POST /session/68929459ca918a999f98598021acce7a/element/f.41167B24BF7F3EFA47545F25B3BF6A01.d.02B36FC6F66E4E88F976B1D9DB6C41DA.e.5071/elements - {"using":"css selector","value":"td"}
RESULT: {"using":"css selector","value":"td"}
COMMAND: POST /session/68929459ca918a999f98598021acce7a/element/f.41167B24BF7F3EFA47545F25B3BF6A01.d.02B36FC6F66E4E88F976B1D9DB6C41DA.e.5072/elements - {"using":"css selector","value":"td"}
RESULT: {"using":"css selector","value":"td"}
COMMAND: POST /session/68929459ca918a999f98598021acce7a/element/f.41167B24BF7F3EFA47545F25B3BF6A01.d.02B36FC6F66E4E88F976B1D9DB6C41DA.e.5073/elements - {"using":"css selector","value":"td"}
RESULT: {"using":"css selector","value":"td"}
COMMAND: POST /session/68929459ca918a999f98598021acce7a/element/f.41167B24BF7F3EFA47545F25B3BF6A01.d.02B36FC6F66E4E88F976B1D9DB6C41DA.e.5074/elements - {"using":"css selector","value":"td"}
RESULT: {"using":"css selector","value":"td"}
COMMAND: POST /session/68929459ca918a999f98598021acce7a/element/f.41167B24BF7F3EFA47545F25B3BF6A01.d.02B36FC6F66E4E88F976B1D9DB6C41DA.e.5075/elements - {"using":"css selector","value":"td"}
RESULT: {"using":"css selector","value":"td"}
COMMAND: POST /session/68929459ca918a999f98598021acce7a/element/f.41167B24BF7F3EFA47545F25B3BF6A01.d.02B36FC6F66E4E88F976B1D9DB6C41DA.e.5076/elements - {"using":"css selector","value":"td"}
RESULT: {"using":"css selector","value":"td"}
COMMAND: POST /session/68929459ca918a999f98598021acce7a/element/f.41167B24BF7F3EFA47545F25B3BF6A01.d.02B36FC6F66E4E88F976B1D9DB6C41DA.e.5077/elements - {"using":"css selector","value":"td"}
RESULT: {"using":"css selector","value":"td"}
COMMAND: POST /session/68929459ca918a999f98598021acce7a/element/f.41167B24BF7F3EFA47545F25B3BF6A01.d.02B36FC6F66E4E88F976B1D9DB6C41DA.e.5078/elements - {"using":"css selector","value":"td"}
RESULT: {"using":"css selector","value":"td"}
COMMAND: POST /session/68929459ca918a999f98598021acce7a/element/f.41167B24BF7F3EFA47545F25B3BF6A01.d.02B36FC6F66E4E88F976B1D9DB6C41DA.e.5079/elements - {"using":"css selector","value":"td"}
RESULT: {"using":"css selector","value":"td"}
COMMAND: POST /session/68929459ca918a999f98598021acce7a/element/f.41167B24BF7F3EFA47545F25B3BF6A01.d.02B36FC6F66E4E88F976B1D9DB6C41DA.e.5080/elements - {"using":"css selector","value":"td"}
RESULT: {"using":"css selector","value":"td"}
COMMAND: POST /session/68929459ca918a999f98598021acce7a/element/f.41167B24BF7F3EFA47545F25B3BF6A01.d.02B36FC6F66E4E88F976B1D9DB6C41DA.e.5081/elements - {"using":"css selector","value":"td"}
RESULT: {"using":"css selector","value":"td"}
COMMAND: POST /session/68929459ca918a999f98598021acce7a/element/f.41167B24BF7F3EFA47545F25B3BF6A01.d.02B36FC6F66E4E88F976B1D9DB6C41DA.e.5082/elements - {"using":"css selector","value":"td"}
RESULT: {"using":"css selector","value":"td"}
COMMAND: POST /session/68929459ca918a999f98598021acce7a/element/f.41167B24BF7F3EFA47545F25B3BF6A01.d.02B36FC6F66E4E88F976B1D9DB6C41DA.e.5083/elements - {"using":"css selector","value":"td"}
RESULT: {"using":"css selector","value":"td"}
COMMAND: POST /session/68929459ca918a999f98598021acce7a/element/f.41167B24BF7F3EFA47545F25B3BF6A01.d.02B36FC6F66E4E88F976B1D9DB6C41DA.e.5084/elements - {"using":"css selector","value":"td"}
RESULT: {"using":"css selector","value":"td"}
COMMAND: POST /session/68929459ca918a999f98598021acce7a/element/f.41167B24BF7F3EFA47545F25B3BF6A01.d.02B36FC6F66E4E88F976B1D9DB6C41DA.e.5085/elements - {"using":"css selector","value":"td"}
RESULT: {"using":"css selector","value":"td"}
COMMAND: POST /session/68929459ca918a999f98598021acce7a/element/f.41167B24BF7F3EFA47545F25B3BF6A01.d.02B36FC6F66E4E88F976B1D9DB6C41DA.e.5086/elements - {"using":"css selector","value":"td"}
RESULT: {"using":"css selector","value":"td"}
COMMAND: POST /session/68929459ca918a999f98598021acce7a/element/f.41167B24BF7F3EFA47545F25B3BF6A01.d.02B36FC6F66E4E88F976B1D9DB6C41DA.e.5087/elements - {"using":"css selector","value":"td"}
RESULT: {"using":"css selector","value":"td"}
COMMAND: POST /session/68929459ca918a999f98598021acce7a/element/f.41167B24BF7F3EFA47545F25B3BF6A01.d.02B36FC6F66E4E88F976B1D9DB6C41DA.e.5088/elements - {"using":"css selector","value":"td"}
RESULT: {"using":"css selector","value":"td"}
COMMAND: POST /session/68929459ca918a999f98598021acce7a/element/f.41167B24BF7F3EFA47545F25B3BF6A01.d.02B36FC6F66E4E88F976B1D9DB6C41DA.e.5089/elements - {"using":"css selector","value":"td"}
RESULT: {"using":"css selector","value":"td"}
COMMAND: POST /session/68929459ca918a999f98598021acce7a/element/f.41167B24BF7F3EFA47545F25B3BF6A01.d.02B36FC6F66E4E88F976B1D9DB6C41DA.e.5090/elements - {"using":"css selector","value":"td"}
RESULT: {"using":"css selector","value":"td"}
COMMAND: POST /session/68929459ca918a999f98598021acce7a/element/f.41167B24BF7F3EFA47545F25B3BF6A01.d.02B36FC6F66E4E88F976B1D9DB6C41DA.e.5091/elements - {"using":"css selector","value":"td"}
RESULT: {"using":"css selector","value":"td"}
COMMAND: POST /session/68929459ca918a999f98598021acce7a/element/f.41167B24BF7F3EFA47545F25B3BF6A01.d.02B36FC6F66E4E88F976B1D9DB6C41DA.e.5092/elements - {"using":"css selector","value":"td"}
RESULT: {"using":"css selector","value":"td"}
COMMAND: POST /session/68929459ca918a999f98598021acce7a/element/f.41167B24BF7F3EFA47545F25B3BF6A01.d.02B36FC6F66E4E88F976B1D9DB6C41DA.e.5093/elements - {"using":"css selector","value":"td"}
RESULT: {"using":"css selector","value":"td"}
COMMAND: POST /session/68929459ca918a999f98598021acce7a/element/f.41167B24BF7F3EFA47545F25B3BF6A01.d.02B36FC6F66E4E88F976B1D9DB6C41DA.e.5094/elements - {"using":"css selector","value":"td"}
RESULT: {"using":"css selector","value":"td"}
COMMAND: POST /session/68929459ca918a999f98598021acce7a/element/f.41167B24BF7F3EFA47545F25B3BF6A01.d.02B36FC6F66E4E88F976B1D9DB6C41DA.e.5095/elements - {"using":"css selector","value":"td"}
RESULT: {"using":"css selector","value":"td"}
COMMAND: POST /session/68929459ca918a999f98598021acce7a/element/f.41167B24BF7F3EFA47545F25B3BF6A01.d.02B36FC6F66E4E88F976B1D9DB6C41DA.e.5096/elements - {"using":"css selector","value":"td"}
RESULT: {"using":"css selector","value":"td"}
COMMAND: POST /session/68929459ca918a999f98598021acce7a/element/f.41167B24BF7F3EFA47545F25B3BF6A01.d.02B36FC6F66E4E88F976B1D9DB6C41DA.e.5097/elements - {"using":"css selector","value":"td"}
RESULT: {"using":"css selector","value":"td"}
COMMAND: POST /session/68929459ca918a999f98598021acce7a/element/f.41167B24BF7F3EFA47545F25B3BF6A01.d.02B36FC6F66E4E88F976B1D9DB6C41DA.e.5098/elements - {"using":"css selector","value":"td"}
RESULT: {"using":"css selector","value":"td"}
COMMAND: POST /session/68929459ca918a999f98598021acce7a/element/f.41167B24BF7F3EFA47545F25B3BF6A01.d.02B36FC6F66E4E88F976B1D9DB6C41DA.e.5099/elements - {"using":"css selector","value":"td"}
RESULT: {"using":"css selector","value":"td"}
COMMAND: POST /session/68929459ca918a999f98598021acce7a/element/f.41167B24BF7F3EFA47545F25B3BF6A01.d.02B36FC6F66E4E88F976B1D9DB6C41DA.e.5100/elements - {"using":"css selector","value":"td"}
RESULT: {"using":"css selector","value":"td"}
COMMAND: POST /session/68929459ca918a999f98598021acce7a/element/f.41167B24BF7F3EFA47545F25B3BF6A01.d.02B36FC6F66E4E88F976B1D9DB6C41DA.e.5101/elements - {"using":"css selector","value":"td"}
RESULT: {"using":"css selector","value":"td"}
COMMAND: POST /session/68929459ca918a999f98598021acce7a/element/f.41167B24BF7F3EFA47545F25B3BF6A01.d.02B36FC6F66E4E88F976B1D9DB6C41DA.e.5102/elements - {"using":"css selector","value":"td"}
RESULT: {"using":"css selector","value":"td"}
COMMAND: POST /session/68929459ca918a999f98598021acce7a/element/f.41167B24BF7F3EFA47545F25B3BF6A01.d.02B36FC6F66E4E88F976B1D9DB6C41DA.e.5103/elements - {"using":"css selector","value":"td"}
RESULT: {"using":"css selector","value":"td"}
COMMAND: POST /session/68929459ca918a999f98598021acce7a/element/f.41167B24BF7F3EFA47545F25B3BF6A01.d.02B36FC6F66E4E88F976B1D9DB6C41DA.e.5104/elements - {"using":"css selector","value":"td"}
RESULT: {"using":"css selector","value":"td"}
COMMAND: POST /session/68929459ca918a999f98598021acce7a/element/f.41167B24BF7F3EFA47545F25B3BF6A01.d.02B36FC6F66E4E88F976B1D9DB6C41DA.e.5105/elements - {"using":"css selector","value":"td"}
RESULT: {"using":"css selector","value":"td"}
COMMAND: POST /session/68929459ca918a999f98598021acce7a/element/f.41167B24BF7F3EFA47545F25B3BF6A01.d.02B36FC6F66E4E88F976B1D9DB6C41DA.e.5106/elements - {"using":"css selector","value":"td"}
RESULT: {"using":"css selector","value":"td"}
COMMAND: POST /session/68929459ca918a999f98598021acce7a/element/f.41167B24BF7F3EFA47545F25B3BF6A01.d.02B36FC6F66E4E88F976B1D9DB6C41DA.e.5107/elements - {"using":"css selector","value":"td"}
RESULT: {"using":"css selector","value":"td"}
COMMAND: POST /session/68929459ca918a999f98598021acce7a/element/f.41167B24BF7F3EFA47545F25B3BF6A01.d.02B36FC6F66E4E88F976B1D9DB6C41DA.e.5108/elements - {"using":"css selector","value":"td"}
RESULT: {"using":"css selector","value":"td"}
COMMAND: POST /session/68929459ca918a999f98598021acce7a/element/f.41167B24BF7F3EFA47545F25B3BF6A01.d.02B36FC6F66E4E88F976B1D9DB6C41DA.e.5109/elements - {"using":"css selector","value":"td"}
RESULT: {"using":"css selector","value":"td"}
COMMAND: POST /session/68929459ca918a999f98598021acce7a/element/f.41167B24BF7F3EFA47545F25B3BF6A01.d.02B36FC6F66E4E88F976B1D9DB6C41DA.e.5110/elements - {"using":"css selector","value":"td"}
RESULT: {"using":"css selector","value":"td"}
COMMAND: POST /session/68929459ca918a999f98598021acce7a/element/f.41167B24BF7F3EFA47545F25B3BF6A01.d.02B36FC6F66E4E88F976B1D9DB6C41DA.e.5111/elements - {"using":"css selector","value":"td"}
RESULT: {"using":"css selector","value":"td"}
COMMAND: POST /session/68929459ca918a999f98598021acce7a/element/f.41167B24BF7F3EFA47545F25B3BF6A01.d.02B36FC6F66E4E88F976B1D9DB6C41DA.e.5112/elements - {"using":"css selector","value":"td"}
RESULT: {"using":"css selector","value":"td"}
COMMAND: POST /session/68929459ca918a999f98598021acce7a/element/f.41167B24BF7F3EFA47545F25B3BF6A01.d.02B36FC6F66E4E88F976B1D9DB6C41DA.e.5113/elements - {"using":"css selector","value":"td"}
RESULT: {"using":"css selector","value":"td"}
COMMAND: POST /session/68929459ca918a999f98598021acce7a/element/f.41167B24BF7F3EFA47545F25B3BF6A01.d.02B36FC6F66E4E88F976B1D9DB6C41DA.e.5114/elements - {"using":"css selector","value":"td"}
RESULT: {"using":"css selector","value":"td"}
COMMAND: POST /session/68929459ca918a999f98598021acce7a/element/f.41167B24BF7F3EFA47545F25B3BF6A01.d.02B36FC6F66E4E88F976B1D9DB6C41DA.e.5115/elements - {"using":"css selector","value":"td"}
RESULT: {"using":"css selector","value":"td"}
COMMAND: POST /session/68929459ca918a999f98598021acce7a/element/f.41167B24BF7F3EFA47545F25B3BF6A01.d.02B36FC6F66E4E88F976B1D9DB6C41DA.e.5116/elements - {"using":"css selector","value":"td"}
RESULT: {"using":"css selector","value":"td"}
COMMAND: POST /session/68929459ca918a999f98598021acce7a/element/f.41167B24BF7F3EFA47545F25B3BF6A01.d.02B36FC6F66E4E88F976B1D9DB6C41DA.e.5117/elements - {"using":"css selector","value":"td"}
RESULT: {"using":"css selector","value":"td"}
COMMAND: POST /session/68929459ca918a999f98598021acce7a/element/f.41167B24BF7F3EFA47545F25B3BF6A01.d.02B36FC6F66E4E88F976B1D9DB6C41DA.e.5118/elements - {"using":"css selector","value":"td"}
RESULT: {"using":"css selector","value":"td"}
COMMAND: POST /session/68929459ca918a999f98598021acce7a/element/f.41167B24BF7F3EFA47545F25B3BF6A01.d.02B36FC6F66E4E88F976B1D9DB6C41DA.e.5119/elements - {"using":"css selector","value":"td"}
RESULT: {"using":"css selector","value":"td"}
COMMAND: POST /session/68929459ca918a999f98598021acce7a/element/f.41167B24BF7F3EFA47545F25B3BF6A01.d.02B36FC6F66E4E88F976B1D9DB6C41DA.e.5120/elements - {"using":"css selector","value":"td"}
RESULT: {"using":"css selector","value":"td"}
COMMAND: POST /session/68929459ca918a999f98598021acce7a/element/f.41167B24BF7F3EFA47545F25B3BF6A01.d.02B36FC6F66E4E88F976B1D9DB6C41DA.e.5121/elements - {"using":"css selector","value":"td"}
RESULT: {"using":"css selector","value":"td"}
COMMAND: POST /session/68929459ca918a999f98598021acce7a/element/f.41167B24BF7F3EFA47545F25B3BF6A01.d.02B36FC6F66E4E88F976B1D9DB6C41DA.e.5122/elements - {"using":"css selector","value":"td"}
RESULT: {"using":"css selector","value":"td"}
COMMAND: POST /session/68929459ca918a999f98598021acce7a/element/f.41167B24BF7F3EFA47545F25B3BF6A01.d.02B36FC6F66E4E88F976B1D9DB6C41DA.e.5123/elements - {"using":"css selector","value":"td"}
RESULT: {"using":"css selector","value":"td"}
COMMAND: POST /session/68929459ca918a999f98598021acce7a/element/f.41167B24BF7F3EFA47545F25B3BF6A01.d.02B36FC6F66E4E88F976B1D9DB6C41DA.e.5124/elements - {"using":"css selector","value":"td"}
RESULT: {"using":"css selector","value":"td"}
COMMAND: POST /session/68929459ca918a999f98598021acce7a/element/f.41167B24BF7F3EFA47545F25B3BF6A01.d.02B36FC6F66E4E88F976B1D9DB6C41DA.e.5125/elements - {"using":"css selector","value":"td"}
RESULT: {"using":"css selector","value":"td"}
COMMAND: POST /session/68929459ca918a999f98598021acce7a/element/f.41167B24BF7F3EFA47545F25B3BF6A01.d.02B36FC6F66E4E88F976B1D9DB6C41DA.e.5126/elements - {"using":"css selector","value":"td"}
RESULT: {"using":"css selector","value":"td"}
COMMAND: POST /session/68929459ca918a999f98598021acce7a/element/f.41167B24BF7F3EFA47545F25B3BF6A01.d.02B36FC6F66E4E88F976B1D9DB6C41DA.e.5127/elements - {"using":"css selector","value":"td"}
RESULT: {"using":"css selector","value":"td"}
COMMAND: POST /session/68929459ca918a999f98598021acce7a/element/f.41167B24BF7F3EFA47545F25B3BF6A01.d.02B36FC6F66E4E88F976B1D9DB6C41DA.e.5128/elements - {"using":"css selector","value":"td"}
RESULT: {"using":"css selector","value":"td"}
COMMAND: POST /session/68929459ca918a999f98598021acce7a/element/f.41167B24BF7F3EFA47545F25B3BF6A01.d.02B36FC6F66E4E88F976B1D9DB6C41DA.e.5129/elements - {"using":"css selector","value":"td"}
RESULT: {"using":"css selector","value":"td"}
COMMAND: POST /session/68929459ca918a999f98598021acce7a/element/f.41167B24BF7F3EFA47545F25B3BF6A01.d.02B36FC6F66E4E88F976B1D9DB6C41DA.e.5130/elements - {"using":"css selector","value":"td"}
RESULT: {"using":"css selector","value":"td"}
COMMAND: POST /session/68929459ca918a999f98598021acce7a/element/f.41167B24BF7F3EFA47545F25B3BF6A01.d.02B36FC6F66E4E88F976B1D9DB6C41DA.e.5131/elements - {"using":"css selector","value":"td"}
RESULT: {"using":"css selector","value":"td"}
COMMAND: POST /session/68929459ca918a999f98598021acce7a/element/f.41167B24BF7F3EFA47545F25B3BF6A01.d.02B36FC6F66E4E88F976B1D9DB6C41DA.e.5132/elements - {"using":"css selector","value":"td"}
RESULT: {"using":"css selector","value":"td"}
COMMAND: POST /session/68929459ca918a999f98598021acce7a/element/f.41167B24BF7F3EFA47545F25B3BF6A01.d.02B36FC6F66E4E88F976B1D9DB6C41DA.e.5133/elements - {"using":"css selector","value":"td"}
RESULT: {"using":"css selector","value":"td"}
COMMAND: POST /session/68929459ca918a999f98598021acce7a/element/f.41167B24BF7F3EFA47545F25B3BF6A01.d.02B36FC6F66E4E88F976B1D9DB6C41DA.e.5134/elements - {"using":"css selector","value":"td"}
RESULT: {"using":"css selector","value":"td"}
COMMAND: POST /session/68929459ca918a999f98598021acce7a/element/f.41167B24BF7F3EFA47545F25B3BF6A01.d.02B36FC6F66E4E88F976B1D9DB6C41DA.e.5135/elements - {"using":"css selector","value":"td"}
RESULT: {"using":"css selector","value":"td"}
COMMAND: POST /session/68929459ca918a999f98598021acce7a/element/f.41167B24BF7F3EFA47545F25B3BF6A01.d.02B36FC6F66E4E88F976B1D9DB6C41DA.e.5136/elements - {"using":"css selector","value":"td"}
RESULT: {"using":"css selector","value":"td"}
COMMAND: POST /session/68929459ca918a999f98598021acce7a/element/f.41167B24BF7F3EFA47545F25B3BF6A01.d.02B36FC6F66E4E88F976B1D9DB6C41DA.e.5137/elements - {"using":"css selector","value":"td"}
RESULT: {"using":"css selector","value":"td"}
COMMAND: POST /session/68929459ca918a999f98598021acce7a/element/f.41167B24BF7F3EFA47545F25B3BF6A01.d.02B36FC6F66E4E88F976B1D9DB6C41DA.e.5138/elements - {"using":"css selector","value":"td"}
RESULT: {"using":"css selector","value":"td"}
COMMAND: POST /session/68929459ca918a999f98598021acce7a/element/f.41167B24BF7F3EFA47545F25B3BF6A01.d.02B36FC6F66E4E88F976B1D9DB6C41DA.e.5139/elements - {"using":"css selector","value":"td"}
RESULT: {"using":"css selector","value":"td"}
COMMAND: POST /session/68929459ca918a999f98598021acce7a/element/f.41167B24BF7F3EFA47545F25B3BF6A01.d.02B36FC6F66E4E88F976B1D9DB6C41DA.e.5140/elements - {"using":"css selector","value":"td"}
RESULT: {"using":"css selector","value":"td"}
COMMAND: POST /session/68929459ca918a999f98598021acce7a/element/f.41167B24BF7F3EFA47545F25B3BF6A01.d.02B36FC6F66E4E88F976B1D9DB6C41DA.e.5141/elements - {"using":"css selector","value":"td"}
RESULT: {"using":"css selector","value":"td"}
COMMAND: POST /session/68929459ca918a999f98598021acce7a/element/f.41167B24BF7F3EFA47545F25B3BF6A01.d.02B36FC6F66E4E88F976B1D9DB6C41DA.e.5142/elements - {"using":"css selector","value":"td"}
RESULT: {"using":"css selector","value":"td"}
COMMAND: POST /session/68929459ca918a999f98598021acce7a/element/f.41167B24BF7F3EFA47545F25B3BF6A01.d.02B36FC6F66E4E88F976B1D9DB6C41DA.e.5143/elements - {"using":"css selector","value":"td"}
RESULT: {"using":"css selector","value":"td"}
COMMAND: POST /session/68929459ca918a999f98598021acce7a/element/f.41167B24BF7F3EFA47545F25B3BF6A01.d.02B36FC6F66E4E88F976B1D9DB6C41DA.e.5144/elements - {"using":"css selector","value":"td"}
RESULT: {"using":"css selector","value":"td"}
COMMAND: POST /session/68929459ca918a999f98598021acce7a/element/f.41167B24BF7F3EFA47545F25B3BF6A01.d.02B36FC6F66E4E88F976B1D9DB6C41DA.e.5145/elements - {"using":"css selector","value":"td"}
RESULT: {"using":"css selector","value":"td"}
COMMAND: POST /session/68929459ca918a999f98598021acce7a/element/f.41167B24BF7F3EFA47545F25B3BF6A01.d.02B36FC6F66E4E88F976B1D9DB6C41DA.e.5146/elements - {"using":"css selector","value":"td"}
RESULT: {"using":"css selector","value":"td"}
COMMAND: POST /session/68929459ca918a999f98598021acce7a/element/f.41167B24BF7F3EFA47545F25B3BF6A01.d.02B36FC6F66E4E88F976B1D9DB6C41DA.e.5147/elements - {"using":"css selector","value":"td"}
RESULT: {"using":"css selector","value":"td"}
COMMAND: POST /session/68929459ca918a999f98598021acce7a/element/f.41167B24BF7F3EFA47545F25B3BF6A01.d.02B36FC6F66E4E88F976B1D9DB6C41DA.e.5148/elements - {"using":"css selector","value":"td"}
RESULT: {"using":"css selector","value":"td"}
COMMAND: POST /session/68929459ca918a999f98598021acce7a/element/f.41167B24BF7F3EFA47545F25B3BF6A01.d.02B36FC6F66E4E88F976B1D9DB6C41DA.e.5149/elements - {"using":"css selector","value":"td"}
RESULT: {"using":"css selector","value":"td"}
COMMAND: POST /session/68929459ca918a999f98598021acce7a/element/f.41167B24BF7F3EFA47545F25B3BF6A01.d.02B36FC6F66E4E88F976B1D9DB6C41DA.e.5150/elements - {"using":"css selector","value":"td"}
RESULT: {"using":"css selector","value":"td"}
COMMAND: POST /session/68929459ca918a999f98598021acce7a/element/f.41167B24BF7F3EFA47545F25B3BF6A01.d.02B36FC6F66E4E88F976B1D9DB6C41DA.e.5151/elements - {"using":"css selector","value":"td"}
RESULT: {"using":"css selector","value":"td"}
COMMAND: POST /session/68929459ca918a999f98598021acce7a/element/f.41167B24BF7F3EFA47545F25B3BF6A01.d.02B36FC6F66E4E88F976B1D9DB6C41DA.e.5152/elements - {"using":"css selector","value":"td"}
RESULT: {"using":"css selector","value":"td"}
COMMAND: POST /session/68929459ca918a999f98598021acce7a/element/f.41167B24BF7F3EFA47545F25B3BF6A01.d.02B36FC6F66E4E88F976B1D9DB6C41DA.e.5153/elements - {"using":"css selector","value":"td"}
RESULT: {"using":"css selector","value":"td"}
COMMAND: POST /session/68929459ca918a999f98598021acce7a/element/f.41167B24BF7F3EFA47545F25B3BF6A01.d.02B36FC6F66E4E88F976B1D9DB6C41DA.e.5154/elements - {"using":"css selector","value":"td"}
RESULT: {"using":"css selector","value":"td"}
COMMAND: POST /session/68929459ca918a999f98598021acce7a/element/f.41167B24BF7F3EFA47545F25B3BF6A01.d.02B36FC6F66E4E88F976B1D9DB6C41DA.e.5155/elements - {"using":"css selector","value":"td"}
RESULT: {"using":"css selector","value":"td"}
COMMAND: POST /session/68929459ca918a999f98598021acce7a/element/f.41167B24BF7F3EFA47545F25B3BF6A01.d.02B36FC6F66E4E88F976B1D9DB6C41DA.e.5156/elements - {"using":"css selector","value":"td"}
RESULT: {"using":"css selector","value":"td"}
COMMAND: POST /session/68929459ca918a999f98598021acce7a/element/f.41167B24BF7F3EFA47545F25B3BF6A01.d.02B36FC6F66E4E88F976B1D9DB6C41DA.e.5157/elements - {"using":"css selector","value":"td"}
RESULT: {"using":"css selector","value":"td"}
COMMAND: POST /session/68929459ca918a999f98598021acce7a/element/f.41167B24BF7F3EFA47545F25B3BF6A01.d.02B36FC6F66E4E88F976B1D9DB6C41DA.e.5158/elements - {"using":"css selector","value":"td"}
RESULT: {"using":"css selector","value":"td"}
COMMAND: POST /session/68929459ca918a999f98598021acce7a/element/f.41167B24BF7F3EFA47545F25B3BF6A01.d.02B36FC6F66E4E88F976B1D9DB6C41DA.e.5159/elements - {"using":"css selector","value":"td"}
RESULT: {"using":"css selector","value":"td"}
COMMAND: POST /session/68929459ca918a999f98598021acce7a/element/f.41167B24BF7F3EFA47545F25B3BF6A01.d.02B36FC6F66E4E88F976B1D9DB6C41DA.e.5160/elements - {"using":"css selector","value":"td"}
RESULT: {"using":"css selector","value":"td"}
COMMAND: POST /session/68929459ca918a999f98598021acce7a/element/f.41167B24BF7F3EFA47545F25B3BF6A01.d.02B36FC6F66E4E88F976B1D9DB6C41DA.e.5161/elements - {"using":"css selector","value":"td"}
RESULT: {"using":"css selector","value":"td"}
COMMAND: POST /session/68929459ca918a999f98598021acce7a/element/f.41167B24BF7F3EFA47545F25B3BF6A01.d.02B36FC6F66E4E88F976B1D9DB6C41DA.e.5162/elements - {"using":"css selector","value":"td"}
RESULT: {"using":"css selector","value":"td"}
COMMAND: POST /session/68929459ca918a999f98598021acce7a/element/f.41167B24BF7F3EFA47545F25B3BF6A01.d.02B36FC6F66E4E88F976B1D9DB6C41DA.e.5163/elements - {"using":"css selector","value":"td"}
RESULT: {"using":"css selector","value":"td"}
COMMAND: POST /session/68929459ca918a999f98598021acce7a/element/f.41167B24BF7F3EFA47545F25B3BF6A01.d.02B36FC6F66E4E88F976B1D9DB6C41DA.e.5164/elements - {"using":"css selector","value":"td"}
RESULT: {"using":"css selector","value":"td"}
COMMAND: POST /session/68929459ca918a999f98598021acce7a/element/f.41167B24BF7F3EFA47545F25B3BF6A01.d.02B36FC6F66E4E88F976B1D9DB6C41DA.e.5165/elements - {"using":"css selector","value":"td"}
RESULT: {"using":"css selector","value":"td"}
COMMAND: POST /session/68929459ca918a999f98598021acce7a/element/f.41167B24BF7F3EFA47545F25B3BF6A01.d.02B36FC6F66E4E88F976B1D9DB6C41DA.e.5166/elements - {"using":"css selector","value":"td"}
RESULT: {"using":"css selector","value":"td"}
COMMAND: POST /session/68929459ca918a999f98598021acce7a/element/f.41167B24BF7F3EFA47545F25B3BF6A01.d.02B36FC6F66E4E88F976B1D9DB6C41DA.e.5167/elements - {"using":"css selector","value":"td"}
RESULT: {"using":"css selector","value":"td"}
COMMAND: POST /session/68929459ca918a999f98598021acce7a/element/f.41167B24BF7F3EFA47545F25B3BF6A01.d.02B36FC6F66E4E88F976B1D9DB6C41DA.e.5168/elements - {"using":"css selector","value":"td"}
RESULT: {"using":"css selector","value":"td"}
COMMAND: POST /session/68929459ca918a999f98598021acce7a/element/f.41167B24BF7F3EFA47545F25B3BF6A01.d.02B36FC6F66E4E88F976B1D9DB6C41DA.e.5169/elements - {"using":"css selector","value":"td"}
RESULT: {"using":"css selector","value":"td"}
COMMAND: POST /session/68929459ca918a999f98598021acce7a/element/f.41167B24BF7F3EFA47545F25B3BF6A01.d.02B36FC6F66E4E88F976B1D9DB6C41DA.e.5170/elements - {"using":"css selector","value":"td"}
RESULT: {"using":"css selector","value":"td"}
COMMAND: POST /session/68929459ca918a999f98598021acce7a/element/f.41167B24BF7F3EFA47545F25B3BF6A01.d.02B36FC6F66E4E88F976B1D9DB6C41DA.e.5171/elements - {"using":"css selector","value":"td"}
RESULT: {"using":"css selector","value":"td"}
COMMAND: POST /session/68929459ca918a999f98598021acce7a/element/f.41167B24BF7F3EFA47545F25B3BF6A01.d.02B36FC6F66E4E88F976B1D9DB6C41DA.e.5172/elements - {"using":"css selector","value":"td"}
RESULT: {"using":"css selector","value":"td"}
COMMAND: POST /session/68929459ca918a999f98598021acce7a/element/f.41167B24BF7F3EFA47545F25B3BF6A01.d.02B36FC6F66E4E88F976B1D9DB6C41DA.e.5173/elements - {"using":"css selector","value":"td"}
RESULT: {"using":"css selector","value":"td"}
COMMAND: POST /session/68929459ca918a999f98598021acce7a/element/f.41167B24BF7F3EFA47545F25B3BF6A01.d.02B36FC6F66E4E88F976B1D9DB6C41DA.e.5174/elements - {"using":"css selector","value":"td"}
RESULT: {"using":"css selector","value":"td"}
COMMAND: POST /session/68929459ca918a999f98598021acce7a/element/f.41167B24BF7F3EFA47545F25B3BF6A01.d.02B36FC6F66E4E88F976B1D9DB6C41DA.e.5175/elements - {"using":"css selector","value":"td"}
RESULT: {"using":"css selector","value":"td"}
COMMAND: POST /session/68929459ca918a999f98598021acce7a/element/f.41167B24BF7F3EFA47545F25B3BF6A01.d.02B36FC6F66E4E88F976B1D9DB6C41DA.e.5176/elements - {"using":"css selector","value":"td"}
RESULT: {"using":"css selector","value":"td"}
COMMAND: POST /session/68929459ca918a999f98598021acce7a/element/f.41167B24BF7F3EFA47545F25B3BF6A01.d.02B36FC6F66E4E88F976B1D9DB6C41DA.e.5177/elements - {"using":"css selector","value":"td"}
RESULT: {"using":"css selector","value":"td"}
COMMAND: POST /session/68929459ca918a999f98598021acce7a/element/f.41167B24BF7F3EFA47545F25B3BF6A01.d.02B36FC6F66E4E88F976B1D9DB6C41DA.e.5178/elements - {"using":"css selector","value":"td"}
RESULT: {"using":"css selector","value":"td"}
COMMAND: POST /session/68929459ca918a999f98598021acce7a/element/f.41167B24BF7F3EFA47545F25B3BF6A01.d.02B36FC6F66E4E88F976B1D9DB6C41DA.e.5179/elements - {"using":"css selector","value":"td"}
RESULT: {"using":"css selector","value":"td"}
COMMAND: POST /session/68929459ca918a999f98598021acce7a/element/f.41167B24BF7F3EFA47545F25B3BF6A01.d.02B36FC6F66E4E88F976B1D9DB6C41DA.e.5180/elements - {"using":"css selector","value":"td"}
RESULT: {"using":"css selector","value":"td"}
COMMAND: POST /session/68929459ca918a999f98598021acce7a/element/f.41167B24BF7F3EFA47545F25B3BF6A01.d.02B36FC6F66E4E88F976B1D9DB6C41DA.e.5181/elements - {"using":"css selector","value":"td"}
RESULT: {"using":"css selector","value":"td"}
COMMAND: POST /session/68929459ca918a999f98598021acce7a/element/f.41167B24BF7F3EFA47545F25B3BF6A01.d.02B36FC6F66E4E88F976B1D9DB6C41DA.e.5182/elements - {"using":"css selector","value":"td"}
RESULT: {"using":"css selector","value":"td"}
COMMAND: POST /session/68929459ca918a999f98598021acce7a/element/f.41167B24BF7F3EFA47545F25B3BF6A01.d.02B36FC6F66E4E88F976B1D9DB6C41DA.e.5183/elements - {"using":"css selector","value":"td"}
RESULT: {"using":"css selector","value":"td"}
COMMAND: POST /session/68929459ca918a999f98598021acce7a/element/f.41167B24BF7F3EFA47545F25B3BF6A01.d.02B36FC6F66E4E88F976B1D9DB6C41DA.e.5184/elements - {"using":"css selector","value":"td"}
RESULT: {"using":"css selector","value":"td"}
COMMAND: POST /session/68929459ca918a999f98598021acce7a/element/f.41167B24BF7F3EFA47545F25B3BF6A01.d.02B36FC6F66E4E88F976B1D9DB6C41DA.e.5185/elements - {"using":"css selector","value":"td"}
RESULT: {"using":"css selector","value":"td"}
COMMAND: POST /session/68929459ca918a999f98598021acce7a/element/f.41167B24BF7F3EFA47545F25B3BF6A01.d.02B36FC6F66E4E88F976B1D9DB6C41DA.e.5186/elements - {"using":"css selector","value":"td"}
RESULT: {"using":"css selector","value":"td"}
COMMAND: POST /session/68929459ca918a999f98598021acce7a/element/f.41167B24BF7F3EFA47545F25B3BF6A01.d.02B36FC6F66E4E88F976B1D9DB6C41DA.e.5187/elements - {"using":"css selector","value":"td"}
RESULT: {"using":"css selector","value":"td"}
COMMAND: POST /session/68929459ca918a999f98598021acce7a/element/f.41167B24BF7F3EFA47545F25B3BF6A01.d.02B36FC6F66E4E88F976B1D9DB6C41DA.e.5188/elements - {"using":"css selector","value":"td"}
RESULT: {"using":"css selector","value":"td"}
COMMAND: POST /session/68929459ca918a999f98598021acce7a/element/f.41167B24BF7F3EFA47545F25B3BF6A01.d.02B36FC6F66E4E88F976B1D9DB6C41DA.e.5189/elements - {"using":"css selector","value":"td"}
RESULT: {"using":"css selector","value":"td"}
COMMAND: POST /session/68929459ca918a999f98598021acce7a/element/f.41167B24BF7F3EFA47545F25B3BF6A01.d.02B36FC6F66E4E88F976B1D9DB6C41DA.e.5190/elements - {"using":"css selector","value":"td"}
RESULT: {"using":"css selector","value":"td"}
COMMAND: POST /session/68929459ca918a999f98598021acce7a/element/f.41167B24BF7F3EFA47545F25B3BF6A01.d.02B36FC6F66E4E88F976B1D9DB6C41DA.e.5191/elements - {"using":"css selector","value":"td"}
RESULT: {"using":"css selector","value":"td"}
COMMAND: POST /session/68929459ca918a999f98598021acce7a/element/f.41167B24BF7F3EFA47545F25B3BF6A01.d.02B36FC6F66E4E88F976B1D9DB6C41DA.e.5192/elements - {"using":"css selector","value":"td"}
RESULT: {"using":"css selector","value":"td"}
COMMAND: POST /session/68929459ca918a999f98598021acce7a/element/f.41167B24BF7F3EFA47545F25B3BF6A01.d.02B36FC6F66E4E88F976B1D9DB6C41DA.e.5193/elements - {"using":"css selector","value":"td"}
RESULT: {"using":"css selector","value":"td"}
COMMAND: POST /session/68929459ca918a999f98598021acce7a/element/f.41167B24BF7F3EFA47545F25B3BF6A01.d.02B36FC6F66E4E88F976B1D9DB6C41DA.e.5194/elements - {"using":"css selector","value":"td"}
RESULT: {"using":"css selector","value":"td"}
COMMAND: POST /session/68929459ca918a999f98598021acce7a/element/f.41167B24BF7F3EFA47545F25B3BF6A01.d.02B36FC6F66E4E88F976B1D9DB6C41DA.e.5195/elements - {"using":"css selector","value":"td"}
RESULT: {"using":"css selector","value":"td"}
COMMAND: POST /session/68929459ca918a999f98598021acce7a/element/f.41167B24BF7F3EFA47545F25B3BF6A01.d.02B36FC6F66E4E88F976B1D9DB6C41DA.e.5196/elements - {"using":"css selector","value":"td"}
RESULT: {"using":"css selector","value":"td"}
COMMAND: POST /session/68929459ca918a999f98598021acce7a/element/f.41167B24BF7F3EFA47545F25B3BF6A01.d.02B36FC6F66E4E88F976B1D9DB6C41DA.e.5197/elements - {"using":"css selector","value":"td"}
RESULT: {"using":"css selector","value":"td"}
COMMAND: POST /session/68929459ca918a999f98598021acce7a/element/f.41167B24BF7F3EFA47545F25B3BF6A01.d.02B36FC6F66E4E88F976B1D9DB6C41DA.e.5198/elements - {"using":"css selector","value":"td"}
RESULT: {"using":"css selector","value":"td"}
COMMAND: POST /session/68929459ca918a999f98598021acce7a/element/f.41167B24BF7F3EFA47545F25B3BF6A01.d.02B36FC6F66E4E88F976B1D9DB6C41DA.e.5199/elements - {"using":"css selector","value":"td"}
RESULT: {"using":"css selector","value":"td"}
COMMAND: POST /session/68929459ca918a999f98598021acce7a/element/f.41167B24BF7F3EFA47545F25B3BF6A01.d.02B36FC6F66E4E88F976B1D9DB6C41DA.e.5200/elements - {"using":"css selector","value":"td"}
RESULT: {"using":"css selector","value":"td"}
COMMAND: POST /session/68929459ca918a999f98598021acce7a/element/f.41167B24BF7F3EFA47545F25B3BF6A01.d.02B36FC6F66E4E88F976B1D9DB6C41DA.e.5201/elements - {"using":"css selector","value":"td"}
RESULT: {"using":"css selector","value":"td"}
COMMAND: POST /session/68929459ca918a999f98598021acce7a/element/f.41167B24BF7F3EFA47545F25B3BF6A01.d.02B36FC6F66E4E88F976B1D9DB6C41DA.e.5202/elements - {"using":"css selector","value":"td"}
RESULT: {"using":"css selector","value":"td"}
COMMAND: POST /session/68929459ca918a999f98598021acce7a/element/f.41167B24BF7F3EFA47545F25B3BF6A01.d.02B36FC6F66E4E88F976B1D9DB6C41DA.e.5203/elements - {"using":"css selector","value":"td"}
RESULT: {"using":"css selector","value":"td"}
COMMAND: POST /session/68929459ca918a999f98598021acce7a/element/f.41167B24BF7F3EFA47545F25B3BF6A01.d.02B36FC6F66E4E88F976B1D9DB6C41DA.e.5204/elements - {"using":"css selector","value":"td"}
RESULT: {"using":"css selector","value":"td"}
COMMAND: POST /session/68929459ca918a999f98598021acce7a/element/f.41167B24BF7F3EFA47545F25B3BF6A01.d.02B36FC6F66E4E88F976B1D9DB6C41DA.e.5205/elements - {"using":"css selector","value":"td"}
RESULT: {"using":"css selector","value":"td"}
COMMAND: POST /session/68929459ca918a999f98598021acce7a/element/f.41167B24BF7F3EFA47545F25B3BF6A01.d.02B36FC6F66E4E88F976B1D9DB6C41DA.e.5206/elements - {"using":"css selector","value":"td"}
RESULT: {"using":"css selector","value":"td"}
COMMAND: POST /session/68929459ca918a999f98598021acce7a/element/f.41167B24BF7F3EFA47545F25B3BF6A01.d.02B36FC6F66E4E88F976B1D9DB6C41DA.e.5207/elements - {"using":"css selector","value":"td"}
RESULT: {"using":"css selector","value":"td"}
COMMAND: POST /session/68929459ca918a999f98598021acce7a/element/f.41167B24BF7F3EFA47545F25B3BF6A01.d.02B36FC6F66E4E88F976B1D9DB6C41DA.e.5208/elements - {"using":"css selector","value":"td"}
RESULT: {"using":"css selector","value":"td"}
COMMAND: POST /session/68929459ca918a999f98598021acce7a/element/f.41167B24BF7F3EFA47545F25B3BF6A01.d.02B36FC6F66E4E88F976B1D9DB6C41DA.e.5209/elements - {"using":"css selector","value":"td"}
RESULT: {"using":"css selector","value":"td"}
COMMAND: POST /session/68929459ca918a999f98598021acce7a/element/f.41167B24BF7F3EFA47545F25B3BF6A01.d.02B36FC6F66E4E88F976B1D9DB6C41DA.e.5210/elements - {"using":"css selector","value":"td"}
RESULT: {"using":"css selector","value":"td"}
COMMAND: POST /session/68929459ca918a999f98598021acce7a/element/f.41167B24BF7F3EFA47545F25B3BF6A01.d.02B36FC6F66E4E88F976B1D9DB6C41DA.e.5211/elements - {"using":"css selector","value":"td"}
RESULT: {"using":"css selector","value":"td"}
COMMAND: POST /session/68929459ca918a999f98598021acce7a/element/f.41167B24BF7F3EFA47545F25B3BF6A01.d.02B36FC6F66E4E88F976B1D9DB6C41DA.e.5212/elements - {"using":"css selector","value":"td"}
RESULT: {"using":"css selector","value":"td"}
COMMAND: POST /session/68929459ca918a999f98598021acce7a/element/f.41167B24BF7F3EFA47545F25B3BF6A01.d.02B36FC6F66E4E88F976B1D9DB6C41DA.e.5213/elements - {"using":"css selector","value":"td"}
RESULT: {"using":"css selector","value":"td"}
COMMAND: POST /session/68929459ca918a999f98598021acce7a/element/f.41167B24BF7F3EFA47545F25B3BF6A01.d.02B36FC6F66E4E88F976B1D9DB6C41DA.e.5214/elements - {"using":"css selector","value":"td"}
RESULT: {"using":"css selector","value":"td"}
COMMAND: POST /session/68929459ca918a999f98598021acce7a/element/f.41167B24BF7F3EFA47545F25B3BF6A01.d.02B36FC6F66E4E88F976B1D9DB6C41DA.e.5215/elements - {"using":"css selector","value":"td"}
RESULT: {"using":"css selector","value":"td"}
COMMAND: POST /session/68929459ca918a999f98598021acce7a/element/f.41167B24BF7F3EFA47545F25B3BF6A01.d.02B36FC6F66E4E88F976B1D9DB6C41DA.e.5216/elements - {"using":"css selector","value":"td"}
RESULT: {"using":"css selector","value":"td"}
COMMAND: POST /session/68929459ca918a999f98598021acce7a/element/f.41167B24BF7F3EFA47545F25B3BF6A01.d.02B36FC6F66E4E88F976B1D9DB6C41DA.e.5217/elements - {"using":"css selector","value":"td"}
RESULT: {"using":"css selector","value":"td"}
COMMAND: POST /session/68929459ca918a999f98598021acce7a/element/f.41167B24BF7F3EFA47545F25B3BF6A01.d.02B36FC6F66E4E88F976B1D9DB6C41DA.e.5218/elements - {"using":"css selector","value":"td"}
RESULT: {"using":"css selector","value":"td"}
COMMAND: POST /session/68929459ca918a999f98598021acce7a/element/f.41167B24BF7F3EFA47545F25B3BF6A01.d.02B36FC6F66E4E88F976B1D9DB6C41DA.e.5219/elements - {"using":"css selector","value":"td"}
RESULT: {"using":"css selector","value":"td"}
COMMAND: POST /session/68929459ca918a999f98598021acce7a/element/f.41167B24BF7F3EFA47545F25B3BF6A01.d.02B36FC6F66E4E88F976B1D9DB6C41DA.e.5220/elements - {"using":"css selector","value":"td"}
RESULT: {"using":"css selector","value":"td"}
COMMAND: POST /session/68929459ca918a999f98598021acce7a/element/f.41167B24BF7F3EFA47545F25B3BF6A01.d.02B36FC6F66E4E88F976B1D9DB6C41DA.e.5221/elements - {"using":"css selector","value":"td"}
RESULT: {"using":"css selector","value":"td"}
COMMAND: POST /session/68929459ca918a999f98598021acce7a/element/f.41167B24BF7F3EFA47545F25B3BF6A01.d.02B36FC6F66E4E88F976B1D9DB6C41DA.e.5222/elements - {"using":"css selector","value":"td"}
RESULT: {"using":"css selector","value":"td"}
COMMAND: POST /session/68929459ca918a999f98598021acce7a/element/f.41167B24BF7F3EFA47545F25B3BF6A01.d.02B36FC6F66E4E88F976B1D9DB6C41DA.e.5223/elements - {"using":"css selector","value":"td"}
RESULT: {"using":"css selector","value":"td"}
COMMAND: POST /session/68929459ca918a999f98598021acce7a/element/f.41167B24BF7F3EFA47545F25B3BF6A01.d.02B36FC6F66E4E88F976B1D9DB6C41DA.e.5224/elements - {"using":"css selector","value":"td"}
RESULT: {"using":"css selector","value":"td"}
COMMAND: POST /session/68929459ca918a999f98598021acce7a/element/f.41167B24BF7F3EFA47545F25B3BF6A01.d.02B36FC6F66E4E88F976B1D9DB6C41DA.e.5225/elements - {"using":"css selector","value":"td"}
RESULT: {"using":"css selector","value":"td"}
COMMAND: POST /session/68929459ca918a999f98598021acce7a/element/f.41167B24BF7F3EFA47545F25B3BF6A01.d.02B36FC6F66E4E88F976B1D9DB6C41DA.e.5226/elements - {"using":"css selector","value":"td"}
RESULT: {"using":"css selector","value":"td"}
COMMAND: POST /session/68929459ca918a999f98598021acce7a/element/f.41167B24BF7F3EFA47545F25B3BF6A01.d.02B36FC6F66E4E88F976B1D9DB6C41DA.e.5227/elements - {"using":"css selector","value":"td"}
RESULT: {"using":"css selector","value":"td"}
COMMAND: POST /session/68929459ca918a999f98598021acce7a/element/f.41167B24BF7F3EFA47545F25B3BF6A01.d.02B36FC6F66E4E88F976B1D9DB6C41DA.e.5228/elements - {"using":"css selector","value":"td"}
RESULT: {"using":"css selector","value":"td"}
COMMAND: POST /session/68929459ca918a999f98598021acce7a/element/f.41167B24BF7F3EFA47545F25B3BF6A01.d.02B36FC6F66E4E88F976B1D9DB6C41DA.e.5229/elements - {"using":"css selector","value":"td"}
RESULT: {"using":"css selector","value":"td"}
COMMAND: POST /session/68929459ca918a999f98598021acce7a/element/f.41167B24BF7F3EFA47545F25B3BF6A01.d.02B36FC6F66E4E88F976B1D9DB6C41DA.e.5230/elements - {"using":"css selector","value":"td"}
RESULT: {"using":"css selector","value":"td"}
COMMAND: POST /session/68929459ca918a999f98598021acce7a/element/f.41167B24BF7F3EFA47545F25B3BF6A01.d.02B36FC6F66E4E88F976B1D9DB6C41DA.e.5231/elements - {"using":"css selector","value":"td"}
RESULT: {"using":"css selector","value":"td"}
COMMAND: POST /session/68929459ca918a999f98598021acce7a/element/f.41167B24BF7F3EFA47545F25B3BF6A01.d.02B36FC6F66E4E88F976B1D9DB6C41DA.e.5232/elements - {"using":"css selector","value":"td"}
RESULT: {"using":"css selector","value":"td"}
COMMAND: POST /session/68929459ca918a999f98598021acce7a/element/f.41167B24BF7F3EFA47545F25B3BF6A01.d.02B36FC6F66E4E88F976B1D9DB6C41DA.e.5233/elements - {"using":"css selector","value":"td"}
RESULT: {"using":"css selector","value":"td"}
COMMAND: POST /session/68929459ca918a999f98598021acce7a/element/f.41167B24BF7F3EFA47545F25B3BF6A01.d.02B36FC6F66E4E88F976B1D9DB6C41DA.e.5234/elements - {"using":"css selector","value":"td"}
RESULT: {"using":"css selector","value":"td"}
COMMAND: POST /session/68929459ca918a999f98598021acce7a/element/f.41167B24BF7F3EFA47545F25B3BF6A01.d.02B36FC6F66E4E88F976B1D9DB6C41DA.e.5235/elements - {"using":"css selector","value":"td"}
RESULT: {"using":"css selector","value":"td"}
COMMAND: POST /session/68929459ca918a999f98598021acce7a/element/f.41167B24BF7F3EFA47545F25B3BF6A01.d.02B36FC6F66E4E88F976B1D9DB6C41DA.e.5236/elements - {"using":"css selector","value":"td"}
RESULT: {"using":"css selector","value":"td"}
COMMAND: POST /session/68929459ca918a999f98598021acce7a/element/f.41167B24BF7F3EFA47545F25B3BF6A01.d.02B36FC6F66E4E88F976B1D9DB6C41DA.e.5237/elements - {"using":"css selector","value":"td"}
RESULT: {"using":"css selector","value":"td"}
COMMAND: POST /session/68929459ca918a999f98598021acce7a/element/f.41167B24BF7F3EFA47545F25B3BF6A01.d.02B36FC6F66E4E88F976B1D9DB6C41DA.e.6073/elements - {"using":"css selector","value":"td"}
RESULT: {"using":"css selector","value":"td"}
COMMAND: POST /session/68929459ca918a999f98598021acce7a/element - {"using":"css selector","value":"#j_username"}
COMMAND: POST /session/68929459ca918a999f98598021acce7a/url - {"url":"https://qa-testing-00-live-etm-ui.cfapps.eu10-004.hana.ondemand.com/"}
RESULT: {"using":"css selector","value":"#j_username"}
COMMAND: POST /session/68929459ca918a999f98598021acce7a/element - {"using":"css selector","value":"#j_username"}
RESULT: {"url":"https://qa-testing-00-live-etm-ui.cfapps.eu10-004.hana.ondemand.com/"}
RESULT: undefined
COMMAND: GET /session/68929459ca918a999f98598021acce7a/screenshot - {}
RESULT: {"using":"css selector","value":"#j_username"}
COMMAND: POST /session/68929459ca918a999f98598021acce7a/element - {"using":"css selector","value":"#shell-header-logo"}
RESULT: {}
RESULT: {"using":"css selector","value":"#shell-header-logo"}
COMMAND: POST /session/68929459ca918a999f98598021acce7a/execute/sync - {"script":"<script> [8489 bytes]","args":[{"element-6066-11e4-a52e-4f735466cecf":"f.41167B24BF7F3EFA47545F25B3BF6A01.d.8FEE71A72B5B2895A64B06BB6EFF60EA.e.6130","ELEMENT":"f.41167B24BF7F3EFA47545F25B3BF6A01.d.8FEE71A72B5B2895A64B06BB6EFF60EA.e.6130"}]}
RESULT: {"script":"<script> [8489 bytes]","args":[{"element-6066-11e4-a52e-4f735466cecf":"f.41167B24BF7F3EFA47545F25B3BF6A01.d.8FEE71A72B5B2895A64B06BB6EFF60EA.e.6130","ELEMENT":"f.41167B24BF7F3EFA47545F25B3BF6A01.d.8FEE71A72B5B2895A64B06BB6EFF60EA.e.6130"}]}
COMMAND: POST /session/68929459ca918a999f98598021acce7a/element - {"using":"css selector","value":"#shell-header-logo"}
COMMAND: GET /session/68929459ca918a999f98598021acce7a/screenshot - {}
RESULT: {"using":"css selector","value":"#shell-header-logo"}
COMMAND: POST /session/68929459ca918a999f98598021acce7a/execute/sync - {"script":"<script> [8489 bytes]","args":[{"element-6066-11e4-a52e-4f735466cecf":"f.41167B24BF7F3EFA47545F25B3BF6A01.d.8FEE71A72B5B2895A64B06BB6EFF60EA.e.6130","ELEMENT":"f.41167B24BF7F3EFA47545F25B3BF6A01.d.8FEE71A72B5B2895A64B06BB6EFF60EA.e.6130"}]}
RESULT: {}
RESULT: {"script":"<script> [8489 bytes]","args":[{"element-6066-11e4-a52e-4f735466cecf":"f.41167B24BF7F3EFA47545F25B3BF6A01.d.8FEE71A72B5B2895A64B06BB6EFF60EA.e.6130","ELEMENT":"f.41167B24BF7F3EFA47545F25B3BF6A01.d.8FEE71A72B5B2895A64B06BB6EFF60EA.e.6130"}]}
COMMAND: POST /session/68929459ca918a999f98598021acce7a/execute/sync - {"script":"<script> [5351 bytes]","args":[{"element-6066-11e4-a52e-4f735466cecf":"f.41167B24BF7F3EFA47545F25B3BF6A01.d.8FEE71A72B5B2895A64B06BB6EFF60EA.e.6130","ELEMENT":"f.41167B24BF7F3EFA47545F25B3BF6A01.d.8FEE71A72B5B2895A64B06BB6EFF60EA.e.6130"}]}
COMMAND: GET /session/68929459ca918a999f98598021acce7a/screenshot - {}
RESULT: {"script":"<script> [5351 bytes]","args":[{"element-6066-11e4-a52e-4f735466cecf":"f.41167B24BF7F3EFA47545F25B3BF6A01.d.8FEE71A72B5B2895A64B06BB6EFF60EA.e.6130","ELEMENT":"f.41167B24BF7F3EFA47545F25B3BF6A01.d.8FEE71A72B5B2895A64B06BB6EFF60EA.e.6130"}]}
COMMAND: POST /session/68929459ca918a999f98598021acce7a/element - {"using":"css selector","value":"#shell-header-logo"}
COMMAND: GET /session/68929459ca918a999f98598021acce7a/screenshot - {}
RESULT: {}
RESULT: {"using":"css selector","value":"#shell-header-logo"}
COMMAND: POST /session/68929459ca918a999f98598021acce7a/element/f.41167B24BF7F3EFA47545F25B3BF6A01.d.8FEE71A72B5B2895A64B06BB6EFF60EA.e.6130/click - {}
RESULT: {}
RESULT: {}
COMMAND: GET /session/68929459ca918a999f98598021acce7a/screenshot - {}
RESULT: {}
COMMAND: POST /session/68929459ca918a999f98598021acce7a/execute/async - {"script":"<script> [189 bytes]","args":[]}
RESULT: {"script":"<script> [189 bytes]","args":[]}
COMMAND: POST /session/68929459ca918a999f98598021acce7a/execute/async - {"script":"<script> [123 bytes]","args":[]}
RESULT: {"script":"<script> [123 bytes]","args":[]}
COMMAND: POST /session/68929459ca918a999f98598021acce7a/timeouts - {"script":"<number>"}
RESULT: {"script":"<number>"}
COMMAND: GET /session/68929459ca918a999f98598021acce7a/timeouts - {}
RESULT: {}
RESULT: undefined
COMMAND: POST /session/68929459ca918a999f98598021acce7a/execute/async - {"script":"<script> [2676 bytes]","args":[]}
RESULT: {"script":"<script> [2676 bytes]","args":[]}
COMMAND: POST /session/68929459ca918a999f98598021acce7a/execute/async - {"script":"<script> [2342 bytes]","args":[{"protocol":"http","hostname":"0.0.0.0","path":"/","capabilities":{"browserName":"chrome","goog:chromeOptions":{"binary":"C:\\Program Files\\Google\\Chrome\\Application\\chrome.exe","args":["--start-maximized"]}},"logLevel":"warn","connectionRetryTimeout":120000,"connectionRetryCount":3,"logLevels":{},"enableDirectConnect":true,"strictSSL":true,"_":"65 more keys: [\"cacheDir\",\"port\",\"requestedCapabilities\",\"automationProtocol\",\"baseUrl\",\"waitforInterval\",\"waitforTimeout\",\"onReload\",\"beforeCommand\",\"afterCommand\",\"rootDir\",\"specs\",\"suites\",\"exclude\",\"groupLogsByTestSpec\",\"excludeDriverLogs\",\"bail\",\"framework\",\"reporters\",\"services\",\"maxInstances\",\"maxInstancesPerCapability\",\"injectGlobals\",\"filesToWatch\",\"execArgv\",\"runnerEnv\",\"runner\",\"shard\",\"specFileRetries\",\"specFileRetriesDelay\",\"specFileRetriesDeferred\",\"reporterSyncInterval\",\"reporterSyncTimeout\",\"cucumberFeaturesWithLineNumbers\",\"autoCompileOpts\",\"mochaOpts\",\"jasmineOpts\",\"cucumberOpts\",\"onPrepare\",\"onWorkerStart\",\"onWorkerEnd\",\"before\",\"beforeSession\",\"beforeSuite\",\"beforeHook\",\"beforeTest\",\"afterTest\",\"afterHook\",\"afterSuite\",\"afterSession\",\"after\",\"onComplete\",\"beforeAssertion\",\"afterAssertion\",\"beforeFeature\",\"beforeScenario\",\"beforeStep\",\"afterStep\",\"afterScenario\",\"afterFeature\",\"_\",\"suite\",\"$0\",\"ignoredWorkerServices\",\"wdi5\"]"}]}
RESULT: {"script":"<script> [2342 bytes]","args":[{"protocol":"http","hostname":"0.0.0.0","path":"/","capabilities":{"browserName":"chrome","goog:chromeOptions":{"binary":"C:\\Program Files\\Google\\Chrome\\Application\\chrome.exe","args":["--start-maximized"]}},"logLevel":"warn","connectionRetryTimeout":120000,"connectionRetryCount":3,"logLevels":{},"enableDirectConnect":true,"strictSSL":true,"_":"65 more keys: [\"cacheDir\",\"port\",\"requestedCapabilities\",\"automationProtocol\",\"baseUrl\",\"waitforInterval\",\"waitforTimeout\",\"onReload\",\"beforeCommand\",\"afterCommand\",\"rootDir\",\"specs\",\"suites\",\"exclude\",\"groupLogsByTestSpec\",\"excludeDriverLogs\",\"bail\",\"framework\",\"reporters\",\"services\",\"maxInstances\",\"maxInstancesPerCapability\",\"injectGlobals\",\"filesToWatch\",\"execArgv\",\"runnerEnv\",\"runner\",\"shard\",\"specFileRetries\",\"specFileRetriesDelay\",\"specFileRetriesDeferred\",\"reporterSyncInterval\",\"reporterSyncTimeout\",\"cucumberFeaturesWithLineNumbers\",\"autoCompileOpts\",\"mochaOpts\",\"jasmineOpts\",\"cucumberOpts\",\"onPrepare\",\"onWorkerStart\",\"onWorkerEnd\",\"before\",\"beforeSession\",\"beforeSuite\",\"beforeHook\",\"beforeTest\",\"afterTest\",\"afterHook\",\"afterSuite\",\"afterSession\",\"after\",\"onComplete\",\"beforeAssertion\",\"afterAssertion\",\"beforeFeature\",\"beforeScenario\",\"beforeStep\",\"afterStep\",\"afterScenario\",\"afterFeature\",\"_\",\"suite\",\"$0\",\"ignoredWorkerServices\",\"wdi5\"]"}]}
COMMAND: POST /session/68929459ca918a999f98598021acce7a/execute/async - {"script":"<script> [21126 bytes]","args":[35000]}
RESULT: {"script":"<script> [21126 bytes]","args":[35000]}
COMMAND: POST /session/68929459ca918a999f98598021acce7a/window/maximize - {}
RESULT: {}
COMMAND: POST /session/68929459ca918a999f98598021acce7a/execute/async - {"script":"<script> [1562 bytes]","args":[{"selector":{"id":"shell-header","interaction":{"idSuffix":"icon"}},"wdio_ui5_key":"shellheader"}]}
COMMAND: GET /session/68929459ca918a999f98598021acce7a/screenshot - {}
RESULT: {"script":"<script> [1562 bytes]","args":[{"selector":{"id":"shell-header","interaction":{"idSuffix":"icon"}},"wdio_ui5_key":"shellheader"}]}
RESULT: undefined
COMMAND: POST /session/68929459ca918a999f98598021acce7a/refresh - {}
RESULT: {}
RESULT: {}
COMMAND: GET /session/68929459ca918a999f98598021acce7a/screenshot - {}
RESULT: {}
COMMAND: POST /session/68929459ca918a999f98598021acce7a/refresh - {}
RESULT: {}
COMMAND: GET /session/68929459ca918a999f98598021acce7a/screenshot - {}
RESULT: {}
COMMAND: POST /session/68929459ca918a999f98598021acce7a/window/fullscreen - {}
RESULT: {}
COMMAND: POST /session/68929459ca918a999f98598021acce7a/execute/async - {"script":"<script> [189 bytes]","args":[]}
RESULT: {"script":"<script> [189 bytes]","args":[]}
COMMAND: POST /session/68929459ca918a999f98598021acce7a/execute/async - {"script":"<script> [123 bytes]","args":[]}
RESULT: {"script":"<script> [123 bytes]","args":[]}
COMMAND: POST /session/68929459ca918a999f98598021acce7a/timeouts - {"script":"<number>"}
RESULT: {"script":"<number>"}
COMMAND: GET /session/68929459ca918a999f98598021acce7a/timeouts - {}
RESULT: {}
RESULT: undefined
COMMAND: POST /session/68929459ca918a999f98598021acce7a/execute/async - {"script":"<script> [2676 bytes]","args":[]}
RESULT: {"script":"<script> [2676 bytes]","args":[]}
COMMAND: POST /session/68929459ca918a999f98598021acce7a/execute/async - {"script":"<script> [2342 bytes]","args":[{"protocol":"http","hostname":"0.0.0.0","path":"/","capabilities":{"browserName":"chrome","goog:chromeOptions":{"binary":"C:\\Program Files\\Google\\Chrome\\Application\\chrome.exe","args":["--start-maximized"]}},"logLevel":"warn","connectionRetryTimeout":120000,"connectionRetryCount":3,"logLevels":{},"enableDirectConnect":true,"strictSSL":true,"_":"65 more keys: [\"cacheDir\",\"port\",\"requestedCapabilities\",\"automationProtocol\",\"baseUrl\",\"waitforInterval\",\"waitforTimeout\",\"onReload\",\"beforeCommand\",\"afterCommand\",\"rootDir\",\"specs\",\"suites\",\"exclude\",\"groupLogsByTestSpec\",\"excludeDriverLogs\",\"bail\",\"framework\",\"reporters\",\"services\",\"maxInstances\",\"maxInstancesPerCapability\",\"injectGlobals\",\"filesToWatch\",\"execArgv\",\"runnerEnv\",\"runner\",\"shard\",\"specFileRetries\",\"specFileRetriesDelay\",\"specFileRetriesDeferred\",\"reporterSyncInterval\",\"reporterSyncTimeout\",\"cucumberFeaturesWithLineNumbers\",\"autoCompileOpts\",\"mochaOpts\",\"jasmineOpts\",\"cucumberOpts\",\"onPrepare\",\"onWorkerStart\",\"onWorkerEnd\",\"before\",\"beforeSession\",\"beforeSuite\",\"beforeHook\",\"beforeTest\",\"afterTest\",\"afterHook\",\"afterSuite\",\"afterSession\",\"after\",\"onComplete\",\"beforeAssertion\",\"afterAssertion\",\"beforeFeature\",\"beforeScenario\",\"beforeStep\",\"afterStep\",\"afterScenario\",\"afterFeature\",\"_\",\"suite\",\"$0\",\"ignoredWorkerServices\",\"wdi5\"]"}]}
RESULT: {"script":"<script> [2342 bytes]","args":[{"protocol":"http","hostname":"0.0.0.0","path":"/","capabilities":{"browserName":"chrome","goog:chromeOptions":{"binary":"C:\\Program Files\\Google\\Chrome\\Application\\chrome.exe","args":["--start-maximized"]}},"logLevel":"warn","connectionRetryTimeout":120000,"connectionRetryCount":3,"logLevels":{},"enableDirectConnect":true,"strictSSL":true,"_":"65 more keys: [\"cacheDir\",\"port\",\"requestedCapabilities\",\"automationProtocol\",\"baseUrl\",\"waitforInterval\",\"waitforTimeout\",\"onReload\",\"beforeCommand\",\"afterCommand\",\"rootDir\",\"specs\",\"suites\",\"exclude\",\"groupLogsByTestSpec\",\"excludeDriverLogs\",\"bail\",\"framework\",\"reporters\",\"services\",\"maxInstances\",\"maxInstancesPerCapability\",\"injectGlobals\",\"filesToWatch\",\"execArgv\",\"runnerEnv\",\"runner\",\"shard\",\"specFileRetries\",\"specFileRetriesDelay\",\"specFileRetriesDeferred\",\"reporterSyncInterval\",\"reporterSyncTimeout\",\"cucumberFeaturesWithLineNumbers\",\"autoCompileOpts\",\"mochaOpts\",\"jasmineOpts\",\"cucumberOpts\",\"onPrepare\",\"onWorkerStart\",\"onWorkerEnd\",\"before\",\"beforeSession\",\"beforeSuite\",\"beforeHook\",\"beforeTest\",\"afterTest\",\"afterHook\",\"afterSuite\",\"afterSession\",\"after\",\"onComplete\",\"beforeAssertion\",\"afterAssertion\",\"beforeFeature\",\"beforeScenario\",\"beforeStep\",\"afterStep\",\"afterScenario\",\"afterFeature\",\"_\",\"suite\",\"$0\",\"ignoredWorkerServices\",\"wdi5\"]"}]}
COMMAND: POST /session/68929459ca918a999f98598021acce7a/execute/async - {"script":"<script> [21126 bytes]","args":[35000]}
RESULT: {"script":"<script> [21126 bytes]","args":[35000]}
]]></system-out>
    </testcase>
  </testsuite>
  <testsuite timestamp="2025-05-14T17:23:50" time="415.155" tests="9" failures="0" errors="0" skipped="0">
    <properties>
      <property name="specId" value="0" />
      <property name="suiteName" value="US134625 Set up price condition - one time" />
      <property name="capabilities" value="chrome.136_0_7103_49.windows" />
      <property name="file" value="file:///D:/a/1/s/test/specs/BTS/set-up-price-condition-one-time.spec.js" />
    </properties>
    <testcase classname="chrome.136_0_7103_49.windows.US134625_Set_up_price_condition_-_one_time" name="Should create a new yard used for all following tests" time="0.015">
      <system-out><![CDATA[
COMMAND: POST /session/68929459ca918a999f98598021acce7a/window/fullscreen - {}
RESULT: {}
]]></system-out>
    </testcase>
    <testcase classname="chrome.136_0_7103_49.windows.US134625_Set_up_price_condition_-_one_time" name="Should create a new partner" time="0.004" />
    <testcase classname="chrome.136_0_7103_49.windows.US134625_Set_up_price_condition_-_one_time" name="Should create a new site used for following tests" time="0.005" />
    <testcase classname="chrome.136_0_7103_49.windows.US134625_Set_up_price_condition_-_one_time" name="Should create a new material for billing type one time" time="109.412">
      <system-out><![CDATA[
COMMAND: POST /session/68929459ca918a999f98598021acce7a/execute/async - {"script":"<script> [1562 bytes]","args":[{"selector":{"controlType":"sap.m.GenericTile","properties":{"header":"Manage Resources"}},"wdio_ui5_key":"sapm.GenericTile{\"header\":\"Manage Resources\"}"}]}
RESULT: {"script":"<script> [1562 bytes]","args":[{"selector":{"controlType":"sap.m.GenericTile","properties":{"header":"Manage Resources"}},"wdio_ui5_key":"sapm.GenericTile{\"header\":\"Manage Resources\"}"}]}
RESULT: undefined
COMMAND: POST /session/68929459ca918a999f98598021acce7a/element - {"using":"xpath","value":"//*[@id=\"__tile39\"]"}
RESULT: {"using":"xpath","value":"//*[@id=\"__tile39\"]"}
COMMAND: POST /session/68929459ca918a999f98598021acce7a/element/f.41167B24BF7F3EFA47545F25B3BF6A01.d.658BF4FA826CC7CCFEAE46E5D3E186E5.e.6269/click - {}
RESULT: {}
COMMAND: GET /session/68929459ca918a999f98598021acce7a/screenshot - {}
RESULT: {}
COMMAND: POST /session/68929459ca918a999f98598021acce7a/elements - {"using":"xpath","value":"//span[text()='Error']"}
RESULT: {"using":"xpath","value":"//span[text()='Error']"}
COMMAND: POST /session/68929459ca918a999f98598021acce7a/element - {"using":"xpath","value":"//button[@data-kt=\"addNewRUOverflowToolbarButton\"]"}
RESULT: {"using":"xpath","value":"//button[@data-kt=\"addNewRUOverflowToolbarButton\"]"}
COMMAND: POST /session/68929459ca918a999f98598021acce7a/elements - {"using":"xpath","value":"//button[@data-kt=\"addNewRUOverflowToolbarButton\"]"}
RESULT: {"using":"xpath","value":"//button[@data-kt=\"addNewRUOverflowToolbarButton\"]"}
COMMAND: POST /session/68929459ca918a999f98598021acce7a/elements - {"using":"xpath","value":"//button[@data-kt=\"addNewRUOverflowToolbarButton\"]"}
RESULT: {"using":"xpath","value":"//button[@data-kt=\"addNewRUOverflowToolbarButton\"]"}
COMMAND: POST /session/68929459ca918a999f98598021acce7a/element - {"using":"xpath","value":"//button[@data-kt=\"addNewRUOverflowToolbarButton\"]"}
RESULT: {"using":"xpath","value":"//button[@data-kt=\"addNewRUOverflowToolbarButton\"]"}
COMMAND: POST /session/68929459ca918a999f98598021acce7a/execute/sync - {"script":"<script> [8489 bytes]","args":[{"element-6066-11e4-a52e-4f735466cecf":"f.41167B24BF7F3EFA47545F25B3BF6A01.d.658BF4FA826CC7CCFEAE46E5D3E186E5.e.6409","ELEMENT":"f.41167B24BF7F3EFA47545F25B3BF6A01.d.658BF4FA826CC7CCFEAE46E5D3E186E5.e.6409"}]}
RESULT: {"script":"<script> [8489 bytes]","args":[{"element-6066-11e4-a52e-4f735466cecf":"f.41167B24BF7F3EFA47545F25B3BF6A01.d.658BF4FA826CC7CCFEAE46E5D3E186E5.e.6409","ELEMENT":"f.41167B24BF7F3EFA47545F25B3BF6A01.d.658BF4FA826CC7CCFEAE46E5D3E186E5.e.6409"}]}
COMMAND: GET /session/68929459ca918a999f98598021acce7a/element/f.41167B24BF7F3EFA47545F25B3BF6A01.d.658BF4FA826CC7CCFEAE46E5D3E186E5.e.6409/enabled - {}
COMMAND: GET /session/68929459ca918a999f98598021acce7a/screenshot - {}
RESULT: {}
COMMAND: POST /session/68929459ca918a999f98598021acce7a/execute/sync - {"script":"<script> [8489 bytes]","args":[{"element-6066-11e4-a52e-4f735466cecf":"f.41167B24BF7F3EFA47545F25B3BF6A01.d.658BF4FA826CC7CCFEAE46E5D3E186E5.e.6409","ELEMENT":"f.41167B24BF7F3EFA47545F25B3BF6A01.d.658BF4FA826CC7CCFEAE46E5D3E186E5.e.6409"}]}
COMMAND: GET /session/68929459ca918a999f98598021acce7a/screenshot - {}
RESULT: {}
RESULT: {"script":"<script> [8489 bytes]","args":[{"element-6066-11e4-a52e-4f735466cecf":"f.41167B24BF7F3EFA47545F25B3BF6A01.d.658BF4FA826CC7CCFEAE46E5D3E186E5.e.6409","ELEMENT":"f.41167B24BF7F3EFA47545F25B3BF6A01.d.658BF4FA826CC7CCFEAE46E5D3E186E5.e.6409"}]}
COMMAND: POST /session/68929459ca918a999f98598021acce7a/execute/sync - {"script":"<script> [5351 bytes]","args":[{"element-6066-11e4-a52e-4f735466cecf":"f.41167B24BF7F3EFA47545F25B3BF6A01.d.658BF4FA826CC7CCFEAE46E5D3E186E5.e.6409","ELEMENT":"f.41167B24BF7F3EFA47545F25B3BF6A01.d.658BF4FA826CC7CCFEAE46E5D3E186E5.e.6409"}]}
COMMAND: GET /session/68929459ca918a999f98598021acce7a/screenshot - {}
RESULT: {}
RESULT: {"script":"<script> [5351 bytes]","args":[{"element-6066-11e4-a52e-4f735466cecf":"f.41167B24BF7F3EFA47545F25B3BF6A01.d.658BF4FA826CC7CCFEAE46E5D3E186E5.e.6409","ELEMENT":"f.41167B24BF7F3EFA47545F25B3BF6A01.d.658BF4FA826CC7CCFEAE46E5D3E186E5.e.6409"}]}
COMMAND: POST /session/68929459ca918a999f98598021acce7a/element/f.41167B24BF7F3EFA47545F25B3BF6A01.d.658BF4FA826CC7CCFEAE46E5D3E186E5.e.6409/click - {}
COMMAND: GET /session/68929459ca918a999f98598021acce7a/screenshot - {}
RESULT: {}
RESULT: {}
COMMAND: GET /session/68929459ca918a999f98598021acce7a/screenshot - {}
RESULT: {}
RESULT: {}
COMMAND: POST /session/68929459ca918a999f98598021acce7a/execute/async - {"script":"<script> [1562 bytes]","args":[{"selector":{"id":"application-manageresources-display-component---newResourceUnit--TYPE-arrow"},"wdio_ui5_key":"applicationmanageresources-display-component---newResourceUnit--TYPE-arrow"}]}
RESULT: {"script":"<script> [1562 bytes]","args":[{"selector":{"id":"application-manageresources-display-component---newResourceUnit--TYPE-arrow"},"wdio_ui5_key":"applicationmanageresources-display-component---newResourceUnit--TYPE-arrow"}]}
RESULT: undefined
COMMAND: POST /session/68929459ca918a999f98598021acce7a/element - {"using":"xpath","value":"//*[@id=\"application-manageresources-display-component---newResourceUnit--TYPE-arrow\"]"}
RESULT: {"using":"xpath","value":"//*[@id=\"application-manageresources-display-component---newResourceUnit--TYPE-arrow\"]"}
COMMAND: POST /session/68929459ca918a999f98598021acce7a/element/f.41167B24BF7F3EFA47545F25B3BF6A01.d.658BF4FA826CC7CCFEAE46E5D3E186E5.e.6772/click - {}
RESULT: {}
COMMAND: POST /session/68929459ca918a999f98598021acce7a/element - {"using":"xpath","value":"//input[@id=\"application-manageresources-display-component---newResourceUnit--TYPE-inner\"]"}
COMMAND: GET /session/68929459ca918a999f98598021acce7a/screenshot - {}
RESULT: {"using":"xpath","value":"//input[@id=\"application-manageresources-display-component---newResourceUnit--TYPE-inner\"]"}
COMMAND: POST /session/68929459ca918a999f98598021acce7a/element/f.41167B24BF7F3EFA47545F25B3BF6A01.d.658BF4FA826CC7CCFEAE46E5D3E186E5.e.6765/clear - {}
RESULT: {}
RESULT: {}
COMMAND: POST /session/68929459ca918a999f98598021acce7a/element/f.41167B24BF7F3EFA47545F25B3BF6A01.d.658BF4FA826CC7CCFEAE46E5D3E186E5.e.6765/value - {"text":"Material"}
COMMAND: GET /session/68929459ca918a999f98598021acce7a/screenshot - {}
RESULT: {"text":"Material"}
COMMAND: GET /session/68929459ca918a999f98598021acce7a/screenshot - {}
RESULT: {}
RESULT: {}
COMMAND: POST /session/68929459ca918a999f98598021acce7a/actions - {"actions":[{"id":"action19","type":"key","parameters":{},"actions":[{"type":"keyDown","value":"î€‡"},{"type":"pause","duration":10},{"type":"keyUp","value":"î€‡"}]}]}
RESULT: {"actions":[{"id":"action19","type":"key","parameters":{},"actions":[{"type":"keyDown","value":"î€‡"},{"type":"pause","duration":10},{"type":"keyUp","value":"î€‡"}]}]}
COMMAND: POST /session/68929459ca918a999f98598021acce7a/execute/async - {"script":"<script> [1562 bytes]","args":[{"selector":{"id":"application-manageresources-display-component---newResourceUnit--SHORT_TEXT","interaction":{"idSuffix":"inner"}},"wdio_ui5_key":"applicationmanageresources-display-component---newResourceUnit--SHORT_TEXT"}]}
COMMAND: GET /session/68929459ca918a999f98598021acce7a/screenshot - {}
RESULT: {"script":"<script> [1562 bytes]","args":[{"selector":{"id":"application-manageresources-display-component---newResourceUnit--SHORT_TEXT","interaction":{"idSuffix":"inner"}},"wdio_ui5_key":"applicationmanageresources-display-component---newResourceUnit--SHORT_TEXT"}]}
RESULT: undefined
COMMAND: POST /session/68929459ca918a999f98598021acce7a/execute/async - {"script":"<script> [776 bytes]","args":[{"enterText":"Cement WDIO","selector":{"id":"application-manageresources-display-component---newResourceUnit--SHORT_TEXT","interaction":{"idSuffix":"inner"}},"clearTextFirst":true,"interactionType":"ENTER_TEXT"}]}
RESULT: {}
RESULT: {"script":"<script> [776 bytes]","args":[{"enterText":"Cement WDIO","selector":{"id":"application-manageresources-display-component---newResourceUnit--SHORT_TEXT","interaction":{"idSuffix":"inner"}},"clearTextFirst":true,"interactionType":"ENTER_TEXT"}]}
COMMAND: POST /session/68929459ca918a999f98598021acce7a/execute/async - {"script":"<script> [1562 bytes]","args":[{"selector":{"id":"application-manageresources-display-component---newResourceUnit--BASE_UNIT_OF_MEASURE","interaction":{"idSuffix":"inner"}},"wdio_ui5_key":"applicationmanageresources-display-component---newResourceUnit--BASE_UNIT_OF_MEASURE"}]}
RESULT: {"script":"<script> [1562 bytes]","args":[{"selector":{"id":"application-manageresources-display-component---newResourceUnit--BASE_UNIT_OF_MEASURE","interaction":{"idSuffix":"inner"}},"wdio_ui5_key":"applicationmanageresources-display-component---newResourceUnit--BASE_UNIT_OF_MEASURE"}]}
RESULT: undefined
COMMAND: POST /session/68929459ca918a999f98598021acce7a/execute/async - {"script":"<script> [776 bytes]","args":[{"enterText":"Piece","selector":{"id":"application-manageresources-display-component---newResourceUnit--BASE_UNIT_OF_MEASURE","interaction":{"idSuffix":"inner"}},"clearTextFirst":true,"interactionType":"ENTER_TEXT"}]}
RESULT: {"script":"<script> [776 bytes]","args":[{"enterText":"Piece","selector":{"id":"application-manageresources-display-component---newResourceUnit--BASE_UNIT_OF_MEASURE","interaction":{"idSuffix":"inner"}},"clearTextFirst":true,"interactionType":"ENTER_TEXT"}]}
COMMAND: POST /session/68929459ca918a999f98598021acce7a/execute/async - {"script":"<script> [1562 bytes]","args":[{"selector":{"id":"application-manageresources-display-component---newResourceUnit--WEIGHT_UNIT","interaction":{"idSuffix":"inner"}},"wdio_ui5_key":"applicationmanageresources-display-component---newResourceUnit--WEIGHT_UNIT"}]}
RESULT: {"script":"<script> [1562 bytes]","args":[{"selector":{"id":"application-manageresources-display-component---newResourceUnit--WEIGHT_UNIT","interaction":{"idSuffix":"inner"}},"wdio_ui5_key":"applicationmanageresources-display-component---newResourceUnit--WEIGHT_UNIT"}]}
RESULT: undefined
COMMAND: POST /session/68929459ca918a999f98598021acce7a/execute/async - {"script":"<script> [776 bytes]","args":[{"enterText":"Gram","selector":{"id":"application-manageresources-display-component---newResourceUnit--WEIGHT_UNIT","interaction":{"idSuffix":"inner"}},"clearTextFirst":true,"interactionType":"ENTER_TEXT"}]}
RESULT: {"script":"<script> [776 bytes]","args":[{"enterText":"Gram","selector":{"id":"application-manageresources-display-component---newResourceUnit--WEIGHT_UNIT","interaction":{"idSuffix":"inner"}},"clearTextFirst":true,"interactionType":"ENTER_TEXT"}]}
COMMAND: POST /session/68929459ca918a999f98598021acce7a/execute/async - {"script":"<script> [1562 bytes]","args":[{"selector":{"id":"application-manageresources-display-component---newResourceUnit--DIMENSION_UNIT","interaction":{"idSuffix":"inner"}},"wdio_ui5_key":"applicationmanageresources-display-component---newResourceUnit--DIMENSION_UNIT"}]}
RESULT: {"script":"<script> [1562 bytes]","args":[{"selector":{"id":"application-manageresources-display-component---newResourceUnit--DIMENSION_UNIT","interaction":{"idSuffix":"inner"}},"wdio_ui5_key":"applicationmanageresources-display-component---newResourceUnit--DIMENSION_UNIT"}]}
RESULT: undefined
COMMAND: POST /session/68929459ca918a999f98598021acce7a/execute/async - {"script":"<script> [776 bytes]","args":[{"enterText":"Meter","selector":{"id":"application-manageresources-display-component---newResourceUnit--DIMENSION_UNIT","interaction":{"idSuffix":"inner"}},"clearTextFirst":true,"interactionType":"ENTER_TEXT"}]}
RESULT: {"script":"<script> [776 bytes]","args":[{"enterText":"Meter","selector":{"id":"application-manageresources-display-component---newResourceUnit--DIMENSION_UNIT","interaction":{"idSuffix":"inner"}},"clearTextFirst":true,"interactionType":"ENTER_TEXT"}]}
COMMAND: POST /session/68929459ca918a999f98598021acce7a/execute/async - {"script":"<script> [1562 bytes]","args":[{"selector":{"id":"application-manageresources-display-component---newResourceUnit--newRRUPage-anchBar-application-manageresources-display-component---newResourceUnit--control-anchor","interaction":{"idSuffix":"BDI-content"}},"wdio_ui5_key":"applicationmanageresources-display-component---newResourceUnit--newRRUPage-anchBar-application-manageresources-display-component---newResourceUnit--control-anchor"}]}
RESULT: {"script":"<script> [1562 bytes]","args":[{"selector":{"id":"application-manageresources-display-component---newResourceUnit--newRRUPage-anchBar-application-manageresources-display-component---newResourceUnit--control-anchor","interaction":{"idSuffix":"BDI-content"}},"wdio_ui5_key":"applicationmanageresources-display-component---newResourceUnit--newRRUPage-anchBar-application-manageresources-display-component---newResourceUnit--control-anchor"}]}
RESULT: undefined
COMMAND: POST /session/68929459ca918a999f98598021acce7a/element - {"using":"xpath","value":"//*[@id=\"application-manageresources-display-component---newResourceUnit--newRRUPage-anchBar-application-manageresources-display-component---newResourceUnit--control-anchor\"]"}
RESULT: {"using":"xpath","value":"//*[@id=\"application-manageresources-display-component---newResourceUnit--newRRUPage-anchBar-application-manageresources-display-component---newResourceUnit--control-anchor\"]"}
COMMAND: POST /session/68929459ca918a999f98598021acce7a/element/f.41167B24BF7F3EFA47545F25B3BF6A01.d.658BF4FA826CC7CCFEAE46E5D3E186E5.e.6838/click - {}
RESULT: {}
COMMAND: POST /session/68929459ca918a999f98598021acce7a/execute/async - {"script":"<script> [1562 bytes]","args":[{"selector":{"id":"application-manageresources-display-component---newResourceUnit--PLANNING_GROUP","interaction":{"idSuffix":"inner"}},"wdio_ui5_key":"applicationmanageresources-display-component---newResourceUnit--PLANNING_GROUP"}]}
COMMAND: GET /session/68929459ca918a999f98598021acce7a/screenshot - {}
RESULT: {"script":"<script> [1562 bytes]","args":[{"selector":{"id":"application-manageresources-display-component---newResourceUnit--PLANNING_GROUP","interaction":{"idSuffix":"inner"}},"wdio_ui5_key":"applicationmanageresources-display-component---newResourceUnit--PLANNING_GROUP"}]}
RESULT: undefined
COMMAND: POST /session/68929459ca918a999f98598021acce7a/execute/async - {"script":"<script> [776 bytes]","args":[{"enterText":"Material","selector":{"id":"application-manageresources-display-component---newResourceUnit--PLANNING_GROUP","interaction":{"idSuffix":"inner"}},"clearTextFirst":true,"interactionType":"ENTER_TEXT"}]}
RESULT: {}
RESULT: {"script":"<script> [776 bytes]","args":[{"enterText":"Material","selector":{"id":"application-manageresources-display-component---newResourceUnit--PLANNING_GROUP","interaction":{"idSuffix":"inner"}},"clearTextFirst":true,"interactionType":"ENTER_TEXT"}]}
COMMAND: POST /session/68929459ca918a999f98598021acce7a/execute/async - {"script":"<script> [1562 bytes]","args":[{"selector":{"id":"application-manageresources-display-component---newResourceUnit--PLANNING_INDICATOR","interaction":{"idSuffix":"inner"}},"wdio_ui5_key":"applicationmanageresources-display-component---newResourceUnit--PLANNING_INDICATOR"}]}
RESULT: {"script":"<script> [1562 bytes]","args":[{"selector":{"id":"application-manageresources-display-component---newResourceUnit--PLANNING_INDICATOR","interaction":{"idSuffix":"inner"}},"wdio_ui5_key":"applicationmanageresources-display-component---newResourceUnit--PLANNING_INDICATOR"}]}
RESULT: undefined
COMMAND: POST /session/68929459ca918a999f98598021acce7a/execute/async - {"script":"<script> [776 bytes]","args":[{"enterText":"10 - infinite","selector":{"id":"application-manageresources-display-component---newResourceUnit--PLANNING_INDICATOR","interaction":{"idSuffix":"inner"}},"clearTextFirst":true,"interactionType":"ENTER_TEXT"}]}
RESULT: {"script":"<script> [776 bytes]","args":[{"enterText":"10 - infinite","selector":{"id":"application-manageresources-display-component---newResourceUnit--PLANNING_INDICATOR","interaction":{"idSuffix":"inner"}},"clearTextFirst":true,"interactionType":"ENTER_TEXT"}]}
COMMAND: POST /session/68929459ca918a999f98598021acce7a/element - {"using":"css selector","value":"#application-manageresources-display-component---newResourceUnit--btnAddTimeSegment"}
RESULT: {"using":"css selector","value":"#application-manageresources-display-component---newResourceUnit--btnAddTimeSegment"}
COMMAND: GET /session/68929459ca918a999f98598021acce7a/element/f.41167B24BF7F3EFA47545F25B3BF6A01.d.658BF4FA826CC7CCFEAE46E5D3E186E5.e.6847/rect - {}
RESULT: {}
COMMAND: GET /session/68929459ca918a999f98598021acce7a/window/rect - {}
RESULT: {}
COMMAND: POST /session/68929459ca918a999f98598021acce7a/execute/sync - {"script":"<script> [92 bytes]","args":[]}
RESULT: {"script":"<script> [92 bytes]","args":[]}
COMMAND: POST /session/68929459ca918a999f98598021acce7a/actions - {"actions":[{"id":"action20","type":"wheel","parameters":{},"actions":[{"type":"scroll","x":-1888,"y":-32,"deltaX":0,"deltaY":0,"duration":0,"origin":{"element-6066-11e4-a52e-4f735466cecf":"f.41167B24BF7F3EFA47545F25B3BF6A01.d.658BF4FA826CC7CCFEAE46E5D3E186E5.e.6847"}}]}]}
COMMAND: GET /session/68929459ca918a999f98598021acce7a/screenshot - {}
RESULT: {}
COMMAND: POST /session/68929459ca918a999f98598021acce7a/execute/sync - {"script":"<script> [79 bytes]","args":[{"element-6066-11e4-a52e-4f735466cecf":"f.41167B24BF7F3EFA47545F25B3BF6A01.d.658BF4FA826CC7CCFEAE46E5D3E186E5.e.6847","ELEMENT":"f.41167B24BF7F3EFA47545F25B3BF6A01.d.658BF4FA826CC7CCFEAE46E5D3E186E5.e.6847"},{"block":"start","inline":"nearest"}]}
RESULT: {"script":"<script> [79 bytes]","args":[{"element-6066-11e4-a52e-4f735466cecf":"f.41167B24BF7F3EFA47545F25B3BF6A01.d.658BF4FA826CC7CCFEAE46E5D3E186E5.e.6847","ELEMENT":"f.41167B24BF7F3EFA47545F25B3BF6A01.d.658BF4FA826CC7CCFEAE46E5D3E186E5.e.6847"},{"block":"start","inline":"nearest"}]}
COMMAND: POST /session/68929459ca918a999f98598021acce7a/execute/async - {"script":"<script> [1562 bytes]","args":[{"selector":{"id":"application-manageresources-display-component---newResourceUnit--btnAddTimeSegment","interaction":{"idSuffix":"inner"}},"wdio_ui5_key":"applicationmanageresources-display-component---newResourceUnit--btnAddTimeSegment"}]}
COMMAND: GET /session/68929459ca918a999f98598021acce7a/screenshot - {}
RESULT: {"script":"<script> [1562 bytes]","args":[{"selector":{"id":"application-manageresources-display-component---newResourceUnit--btnAddTimeSegment","interaction":{"idSuffix":"inner"}},"wdio_ui5_key":"applicationmanageresources-display-component---newResourceUnit--btnAddTimeSegment"}]}
RESULT: undefined
COMMAND: POST /session/68929459ca918a999f98598021acce7a/element - {"using":"xpath","value":"//*[@id=\"application-manageresources-display-component---newResourceUnit--btnAddTimeSegment\"]"}
RESULT: {}
RESULT: {"using":"xpath","value":"//*[@id=\"application-manageresources-display-component---newResourceUnit--btnAddTimeSegment\"]"}
COMMAND: POST /session/68929459ca918a999f98598021acce7a/element/f.41167B24BF7F3EFA47545F25B3BF6A01.d.658BF4FA826CC7CCFEAE46E5D3E186E5.e.6847/click - {}
RESULT: {}
COMMAND: GET /session/68929459ca918a999f98598021acce7a/screenshot - {}
RESULT: {}
COMMAND: POST /session/68929459ca918a999f98598021acce7a/element - {"using":"xpath","value":"//input[@id=\"application-manageresources-display-component---newResourceUnit--idRuTSAdmin-application-manageresources-display-component---newResourceUnit--RUTimeSegment-0-inner\"]"}
RESULT: {"using":"xpath","value":"//input[@id=\"application-manageresources-display-component---newResourceUnit--idRuTSAdmin-application-manageresources-display-component---newResourceUnit--RUTimeSegment-0-inner\"]"}
COMMAND: POST /session/68929459ca918a999f98598021acce7a/element/f.41167B24BF7F3EFA47545F25B3BF6A01.d.658BF4FA826CC7CCFEAE46E5D3E186E5.e.6852/clear - {}
RESULT: {}
COMMAND: POST /session/68929459ca918a999f98598021acce7a/element/f.41167B24BF7F3EFA47545F25B3BF6A01.d.658BF4FA826CC7CCFEAE46E5D3E186E5.e.6852/value - {"text":"363"}
COMMAND: GET /session/68929459ca918a999f98598021acce7a/screenshot - {}
RESULT: {"text":"363"}
COMMAND: GET /session/68929459ca918a999f98598021acce7a/screenshot - {}
RESULT: {}
RESULT: {}
COMMAND: POST /session/68929459ca918a999f98598021acce7a/element - {"using":"xpath","value":"//li[.//span[text()='363']]"}
RESULT: {"using":"xpath","value":"//li[.//span[text()='363']]"}
COMMAND: POST /session/68929459ca918a999f98598021acce7a/element/f.41167B24BF7F3EFA47545F25B3BF6A01.d.658BF4FA826CC7CCFEAE46E5D3E186E5.e.6861/click - {}
RESULT: {}
COMMAND: GET /session/68929459ca918a999f98598021acce7a/screenshot - {}
RESULT: {}
COMMAND: POST /session/68929459ca918a999f98598021acce7a/element - {"using":"xpath","value":"(//span[contains(@id, \"-application-manageresources-display-component---newResourceUnit--RUTimeSegment-0-arrow\")])[2]"}
RESULT: {"using":"xpath","value":"(//span[contains(@id, \"-application-manageresources-display-component---newResourceUnit--RUTimeSegment-0-arrow\")])[2]"}
COMMAND: POST /session/68929459ca918a999f98598021acce7a/element/f.41167B24BF7F3EFA47545F25B3BF6A01.d.658BF4FA826CC7CCFEAE46E5D3E186E5.e.6862/click - {}
RESULT: {}
COMMAND: POST /session/68929459ca918a999f98598021acce7a/element - {"using":"xpath","value":"//span[contains(text(), \"PM Order\")]"}
COMMAND: GET /session/68929459ca918a999f98598021acce7a/screenshot - {}
RESULT: {"using":"xpath","value":"//span[contains(text(), \"PM Order\")]"}
COMMAND: POST /session/68929459ca918a999f98598021acce7a/element/f.41167B24BF7F3EFA47545F25B3BF6A01.d.658BF4FA826CC7CCFEAE46E5D3E186E5.e.6863/click - {}
RESULT: {}
RESULT: {}
COMMAND: GET /session/68929459ca918a999f98598021acce7a/screenshot - {}
RESULT: {}
COMMAND: POST /session/68929459ca918a999f98598021acce7a/element - {"using":"xpath","value":"//td/div/div/div/span[contains(@id, \"newResourceUnit--RUTimeSegment-0-vhi\")][1]"}
RESULT: {"using":"xpath","value":"//td/div/div/div/span[contains(@id, \"newResourceUnit--RUTimeSegment-0-vhi\")][1]"}
COMMAND: GET /session/68929459ca918a999f98598021acce7a/element/f.41167B24BF7F3EFA47545F25B3BF6A01.d.658BF4FA826CC7CCFEAE46E5D3E186E5.e.6867/rect - {}
RESULT: {}
COMMAND: GET /session/68929459ca918a999f98598021acce7a/window/rect - {}
RESULT: {}
COMMAND: POST /session/68929459ca918a999f98598021acce7a/execute/sync - {"script":"<script> [92 bytes]","args":[]}
RESULT: {"script":"<script> [92 bytes]","args":[]}
COMMAND: POST /session/68929459ca918a999f98598021acce7a/actions - {"actions":[{"id":"action21","type":"wheel","parameters":{},"actions":[{"type":"scroll","x":-1888,"y":-24,"deltaX":0,"deltaY":0,"duration":0,"origin":{"element-6066-11e4-a52e-4f735466cecf":"f.41167B24BF7F3EFA47545F25B3BF6A01.d.658BF4FA826CC7CCFEAE46E5D3E186E5.e.6867"}}]}]}
COMMAND: GET /session/68929459ca918a999f98598021acce7a/screenshot - {}
RESULT: {}
COMMAND: POST /session/68929459ca918a999f98598021acce7a/execute/sync - {"script":"<script> [79 bytes]","args":[{"element-6066-11e4-a52e-4f735466cecf":"f.41167B24BF7F3EFA47545F25B3BF6A01.d.658BF4FA826CC7CCFEAE46E5D3E186E5.e.6867","ELEMENT":"f.41167B24BF7F3EFA47545F25B3BF6A01.d.658BF4FA826CC7CCFEAE46E5D3E186E5.e.6867"},{"block":"start","inline":"nearest"}]}
RESULT: {"script":"<script> [79 bytes]","args":[{"element-6066-11e4-a52e-4f735466cecf":"f.41167B24BF7F3EFA47545F25B3BF6A01.d.658BF4FA826CC7CCFEAE46E5D3E186E5.e.6867","ELEMENT":"f.41167B24BF7F3EFA47545F25B3BF6A01.d.658BF4FA826CC7CCFEAE46E5D3E186E5.e.6867"},{"block":"start","inline":"nearest"}]}
COMMAND: GET /session/68929459ca918a999f98598021acce7a/screenshot - {}
RESULT: {}
COMMAND: POST /session/68929459ca918a999f98598021acce7a/element/f.41167B24BF7F3EFA47545F25B3BF6A01.d.658BF4FA826CC7CCFEAE46E5D3E186E5.e.6867/click - {}
RESULT: {}
COMMAND: GET /session/68929459ca918a999f98598021acce7a/screenshot - {}
RESULT: {}
COMMAND: POST /session/68929459ca918a999f98598021acce7a/execute/async - {"script":"<script> [1562 bytes]","args":[{"selector":{"controlType":"sap.m.SearchField","properties":{"placeholder":"Search"},"searchOpenDialogs":true,"interaction":{"idSuffix":"I"}},"wdio_ui5_key":"sapm.SearchField{\"placeholder\":\"Search\"}"}]}
RESULT: {"script":"<script> [1562 bytes]","args":[{"selector":{"controlType":"sap.m.SearchField","properties":{"placeholder":"Search"},"searchOpenDialogs":true,"interaction":{"idSuffix":"I"}},"wdio_ui5_key":"sapm.SearchField{\"placeholder\":\"Search\"}"}]}
RESULT: undefined
COMMAND: POST /session/68929459ca918a999f98598021acce7a/execute/async - {"script":"<script> [776 bytes]","args":[{"enterText":"4000360","selector":{"controlType":"sap.m.SearchField","properties":{"placeholder":"Search"},"searchOpenDialogs":true,"interaction":{"idSuffix":"I"}},"clearTextFirst":true,"interactionType":"ENTER_TEXT"}]}
RESULT: {"script":"<script> [776 bytes]","args":[{"enterText":"4000360","selector":{"controlType":"sap.m.SearchField","properties":{"placeholder":"Search"},"searchOpenDialogs":true,"interaction":{"idSuffix":"I"}},"clearTextFirst":true,"interactionType":"ENTER_TEXT"}]}
COMMAND: POST /session/68929459ca918a999f98598021acce7a/actions - {"actions":[{"id":"action22","type":"key","parameters":{},"actions":[{"type":"keyDown","value":"î€‡"},{"type":"pause","duration":10},{"type":"keyUp","value":"î€‡"}]}]}
RESULT: {"actions":[{"id":"action22","type":"key","parameters":{},"actions":[{"type":"keyDown","value":"î€‡"},{"type":"pause","duration":10},{"type":"keyUp","value":"î€‡"}]}]}
COMMAND: GET /session/68929459ca918a999f98598021acce7a/screenshot - {}
RESULT: {}
COMMAND: POST /session/68929459ca918a999f98598021acce7a/element - {"using":"xpath","value":"//td/div/span[contains(text(), \"BGL Vehicles\")]"}
RESULT: {"using":"xpath","value":"//td/div/span[contains(text(), \"BGL Vehicles\")]"}
COMMAND: POST /session/68929459ca918a999f98598021acce7a/element/f.41167B24BF7F3EFA47545F25B3BF6A01.d.658BF4FA826CC7CCFEAE46E5D3E186E5.e.6888/click - {}
RESULT: {}
COMMAND: GET /session/68929459ca918a999f98598021acce7a/screenshot - {}
RESULT: {}
COMMAND: POST /session/68929459ca918a999f98598021acce7a/element - {"using":"xpath","value":"//bdi[contains(text(), \"OK\")]"}
RESULT: {"using":"xpath","value":"//bdi[contains(text(), \"OK\")]"}
COMMAND: POST /session/68929459ca918a999f98598021acce7a/element/f.41167B24BF7F3EFA47545F25B3BF6A01.d.658BF4FA826CC7CCFEAE46E5D3E186E5.e.6889/click - {}
RESULT: {}
COMMAND: GET /session/68929459ca918a999f98598021acce7a/screenshot - {}
RESULT: {}
COMMAND: POST /session/68929459ca918a999f98598021acce7a/element - {"using":"xpath","value":"//label[contains(@class, 'sapMLabelRequired') and .//bdi[contains(text(), 'Planned Retirement')]]"}
RESULT: {"using":"xpath","value":"//label[contains(@class, 'sapMLabelRequired') and .//bdi[contains(text(), 'Planned Retirement')]]"}
COMMAND: POST /session/68929459ca918a999f98598021acce7a/elements - {"using":"xpath","value":"//label[contains(@class, 'sapMLabelRequired') and .//bdi[contains(text(), 'Planned Retirement')]]"}
RESULT: {"using":"xpath","value":"//label[contains(@class, 'sapMLabelRequired') and .//bdi[contains(text(), 'Planned Retirement')]]"}
COMMAND: POST /session/68929459ca918a999f98598021acce7a/element - {"using":"xpath","value":"//button[@data-kt=\"resourceUnitSaveButton\"]"}
RESULT: {"using":"xpath","value":"//button[@data-kt=\"resourceUnitSaveButton\"]"}
COMMAND: POST /session/68929459ca918a999f98598021acce7a/element/f.41167B24BF7F3EFA47545F25B3BF6A01.d.658BF4FA826CC7CCFEAE46E5D3E186E5.e.6790/click - {}
RESULT: {}
COMMAND: GET /session/68929459ca918a999f98598021acce7a/screenshot - {}
RESULT: {}
COMMAND: POST /session/68929459ca918a999f98598021acce7a/element - {"using":"xpath","value":"//bdi[contains(text(), \"Close\")]"}
RESULT: {"using":"xpath","value":"//bdi[contains(text(), \"Close\")]"}
COMMAND: POST /session/68929459ca918a999f98598021acce7a/element/f.41167B24BF7F3EFA47545F25B3BF6A01.d.658BF4FA826CC7CCFEAE46E5D3E186E5.e.6896/click - {}
RESULT: {}
COMMAND: GET /session/68929459ca918a999f98598021acce7a/screenshot - {}
RESULT: {}
COMMAND: POST /session/68929459ca918a999f98598021acce7a/element - {"using":"xpath","value":"//header[contains(@id, 'detailRruPage-headerTitle')]/div[1]/div[2]/div[2]/span[1]"}
RESULT: {"using":"xpath","value":"//header[contains(@id, 'detailRruPage-headerTitle')]/div[1]/div[2]/div[2]/span[1]"}
COMMAND: POST /session/68929459ca918a999f98598021acce7a/elements - {"using":"xpath","value":"//header[contains(@id, 'detailRruPage-headerTitle')]/div[1]/div[2]/div[2]/span[1]"}
RESULT: {"using":"xpath","value":"//header[contains(@id, 'detailRruPage-headerTitle')]/div[1]/div[2]/div[2]/span[1]"}
COMMAND: POST /session/68929459ca918a999f98598021acce7a/execute/sync - {"script":"<script> [56 bytes]","args":[{"element-6066-11e4-a52e-4f735466cecf":"f.41167B24BF7F3EFA47545F25B3BF6A01.d.658BF4FA826CC7CCFEAE46E5D3E186E5.e.6931","ELEMENT":"f.41167B24BF7F3EFA47545F25B3BF6A01.d.658BF4FA826CC7CCFEAE46E5D3E186E5.e.6931"}]}
RESULT: {"script":"<script> [56 bytes]","args":[{"element-6066-11e4-a52e-4f735466cecf":"f.41167B24BF7F3EFA47545F25B3BF6A01.d.658BF4FA826CC7CCFEAE46E5D3E186E5.e.6931","ELEMENT":"f.41167B24BF7F3EFA47545F25B3BF6A01.d.658BF4FA826CC7CCFEAE46E5D3E186E5.e.6931"}]}
]]></system-out>
    </testcase>
    <testcase classname="chrome.136_0_7103_49.windows.US134625_Set_up_price_condition_-_one_time" name="Should create new pricing rule one time" time="58.546">
      <system-out><![CDATA[
COMMAND: POST /session/68929459ca918a999f98598021acce7a/element - {"using":"xpath","value":"(//button[contains(@id ,\"actionsToolbar-overflowButton\")])[1]"}
COMMAND: GET /session/68929459ca918a999f98598021acce7a/screenshot - {}
RESULT: {"using":"xpath","value":"(//button[contains(@id ,\"actionsToolbar-overflowButton\")])[1]"}
COMMAND: POST /session/68929459ca918a999f98598021acce7a/element/f.41167B24BF7F3EFA47545F25B3BF6A01.d.658BF4FA826CC7CCFEAE46E5D3E186E5.e.6932/click - {}
RESULT: {}
RESULT: {}
COMMAND: GET /session/68929459ca918a999f98598021acce7a/screenshot - {}
RESULT: {}
COMMAND: POST /session/68929459ca918a999f98598021acce7a/element - {"using":"xpath","value":"//button[@data-kt=\"priceInfoButton\"]"}
RESULT: {"using":"xpath","value":"//button[@data-kt=\"priceInfoButton\"]"}
COMMAND: POST /session/68929459ca918a999f98598021acce7a/element/f.41167B24BF7F3EFA47545F25B3BF6A01.d.658BF4FA826CC7CCFEAE46E5D3E186E5.e.6934/click - {}
RESULT: {}
COMMAND: GET /session/68929459ca918a999f98598021acce7a/screenshot - {}
RESULT: {}
COMMAND: POST /session/68929459ca918a999f98598021acce7a/element - {"using":"xpath","value":"//button[@data-kt=\"addButton\"]"}
RESULT: {"using":"xpath","value":"//button[@data-kt=\"addButton\"]"}
COMMAND: POST /session/68929459ca918a999f98598021acce7a/elements - {"using":"xpath","value":"//button[@data-kt=\"addButton\"]"}
RESULT: {"using":"xpath","value":"//button[@data-kt=\"addButton\"]"}
COMMAND: POST /session/68929459ca918a999f98598021acce7a/elements - {"using":"xpath","value":"//button[@data-kt=\"addButton\"]"}
RESULT: {"using":"xpath","value":"//button[@data-kt=\"addButton\"]"}
COMMAND: POST /session/68929459ca918a999f98598021acce7a/element - {"using":"xpath","value":"//button[@data-kt=\"addButton\"]"}
RESULT: {"using":"xpath","value":"//button[@data-kt=\"addButton\"]"}
COMMAND: POST /session/68929459ca918a999f98598021acce7a/execute/sync - {"script":"<script> [8489 bytes]","args":[{"element-6066-11e4-a52e-4f735466cecf":"f.41167B24BF7F3EFA47545F25B3BF6A01.d.658BF4FA826CC7CCFEAE46E5D3E186E5.e.6970","ELEMENT":"f.41167B24BF7F3EFA47545F25B3BF6A01.d.658BF4FA826CC7CCFEAE46E5D3E186E5.e.6970"}]}
RESULT: {"script":"<script> [8489 bytes]","args":[{"element-6066-11e4-a52e-4f735466cecf":"f.41167B24BF7F3EFA47545F25B3BF6A01.d.658BF4FA826CC7CCFEAE46E5D3E186E5.e.6970","ELEMENT":"f.41167B24BF7F3EFA47545F25B3BF6A01.d.658BF4FA826CC7CCFEAE46E5D3E186E5.e.6970"}]}
COMMAND: GET /session/68929459ca918a999f98598021acce7a/element/f.41167B24BF7F3EFA47545F25B3BF6A01.d.658BF4FA826CC7CCFEAE46E5D3E186E5.e.6970/enabled - {}
COMMAND: GET /session/68929459ca918a999f98598021acce7a/screenshot - {}
RESULT: {}
COMMAND: POST /session/68929459ca918a999f98598021acce7a/execute/sync - {"script":"<script> [8489 bytes]","args":[{"element-6066-11e4-a52e-4f735466cecf":"f.41167B24BF7F3EFA47545F25B3BF6A01.d.658BF4FA826CC7CCFEAE46E5D3E186E5.e.6970","ELEMENT":"f.41167B24BF7F3EFA47545F25B3BF6A01.d.658BF4FA826CC7CCFEAE46E5D3E186E5.e.6970"}]}
COMMAND: GET /session/68929459ca918a999f98598021acce7a/screenshot - {}
RESULT: {}
RESULT: {"script":"<script> [8489 bytes]","args":[{"element-6066-11e4-a52e-4f735466cecf":"f.41167B24BF7F3EFA47545F25B3BF6A01.d.658BF4FA826CC7CCFEAE46E5D3E186E5.e.6970","ELEMENT":"f.41167B24BF7F3EFA47545F25B3BF6A01.d.658BF4FA826CC7CCFEAE46E5D3E186E5.e.6970"}]}
COMMAND: POST /session/68929459ca918a999f98598021acce7a/execute/sync - {"script":"<script> [5351 bytes]","args":[{"element-6066-11e4-a52e-4f735466cecf":"f.41167B24BF7F3EFA47545F25B3BF6A01.d.658BF4FA826CC7CCFEAE46E5D3E186E5.e.6970","ELEMENT":"f.41167B24BF7F3EFA47545F25B3BF6A01.d.658BF4FA826CC7CCFEAE46E5D3E186E5.e.6970"}]}
COMMAND: GET /session/68929459ca918a999f98598021acce7a/screenshot - {}
RESULT: {}
RESULT: {"script":"<script> [5351 bytes]","args":[{"element-6066-11e4-a52e-4f735466cecf":"f.41167B24BF7F3EFA47545F25B3BF6A01.d.658BF4FA826CC7CCFEAE46E5D3E186E5.e.6970","ELEMENT":"f.41167B24BF7F3EFA47545F25B3BF6A01.d.658BF4FA826CC7CCFEAE46E5D3E186E5.e.6970"}]}
COMMAND: POST /session/68929459ca918a999f98598021acce7a/element/f.41167B24BF7F3EFA47545F25B3BF6A01.d.658BF4FA826CC7CCFEAE46E5D3E186E5.e.6970/click - {}
COMMAND: GET /session/68929459ca918a999f98598021acce7a/screenshot - {}
RESULT: {}
RESULT: {}
COMMAND: GET /session/68929459ca918a999f98598021acce7a/screenshot - {}
RESULT: {}
RESULT: {}
COMMAND: POST /session/68929459ca918a999f98598021acce7a/execute/async - {"script":"<script> [1562 bytes]","args":[{"selector":{"controlType":"sap.m.Title","viewName":"etm.portal.ui.managepricingrules.view.NewItem","viewId":"application-managepricingrules-display-component---newInfoPriceItem","properties":{"text":"New Pricing Rules - Item Level"}},"wdio_ui5_key":"etmportal.ui.managepricingrules.view.NewItemsap.m.Title{\"text\":\"New Pricing Rules - Item Level\"}"}]}
RESULT: {"script":"<script> [1562 bytes]","args":[{"selector":{"controlType":"sap.m.Title","viewName":"etm.portal.ui.managepricingrules.view.NewItem","viewId":"application-managepricingrules-display-component---newInfoPriceItem","properties":{"text":"New Pricing Rules - Item Level"}},"wdio_ui5_key":"etmportal.ui.managepricingrules.view.NewItemsap.m.Title{\"text\":\"New Pricing Rules - Item Level\"}"}]}
RESULT: undefined
COMMAND: POST /session/68929459ca918a999f98598021acce7a/execute/async - {"script":"<script> [6424 bytes]","args":[{"element-6066-11e4-a52e-4f735466cecf":"f.41167B24BF7F3EFA47545F25B3BF6A01.d.658BF4FA826CC7CCFEAE46E5D3E186E5.e.7140"},"getText",[]]}
RESULT: {"script":"<script> [6424 bytes]","args":[{"element-6066-11e4-a52e-4f735466cecf":"f.41167B24BF7F3EFA47545F25B3BF6A01.d.658BF4FA826CC7CCFEAE46E5D3E186E5.e.7140"},"getText",[]]}
COMMAND: POST /session/68929459ca918a999f98598021acce7a/execute/async - {"script":"<script> [1562 bytes]","args":[{"selector":{"id":"application-managepricingrules-display-component---newInfoPriceItem--condValidTo","interaction":{"idSuffix":"inner"}},"wdio_ui5_key":"applicationmanagepricingrules-display-component---newInfoPriceItem--condValidTo"}]}
RESULT: {"script":"<script> [1562 bytes]","args":[{"selector":{"id":"application-managepricingrules-display-component---newInfoPriceItem--condValidTo","interaction":{"idSuffix":"inner"}},"wdio_ui5_key":"applicationmanagepricingrules-display-component---newInfoPriceItem--condValidTo"}]}
RESULT: undefined
COMMAND: POST /session/68929459ca918a999f98598021acce7a/execute/async - {"script":"<script> [776 bytes]","args":[{"enterText":"1/14/26","selector":{"id":"application-managepricingrules-display-component---newInfoPriceItem--condValidTo","interaction":{"idSuffix":"inner"}},"clearTextFirst":true,"interactionType":"ENTER_TEXT"}]}
RESULT: {"script":"<script> [776 bytes]","args":[{"enterText":"1/14/26","selector":{"id":"application-managepricingrules-display-component---newInfoPriceItem--condValidTo","interaction":{"idSuffix":"inner"}},"clearTextFirst":true,"interactionType":"ENTER_TEXT"}]}
COMMAND: POST /session/68929459ca918a999f98598021acce7a/execute/async - {"script":"<script> [1562 bytes]","args":[{"selector":{"id":"application-managepricingrules-display-component---newInfoPriceItem--billType-arrow"},"wdio_ui5_key":"applicationmanagepricingrules-display-component---newInfoPriceItem--billType-arrow"}]}
RESULT: {"script":"<script> [1562 bytes]","args":[{"selector":{"id":"application-managepricingrules-display-component---newInfoPriceItem--billType-arrow"},"wdio_ui5_key":"applicationmanagepricingrules-display-component---newInfoPriceItem--billType-arrow"}]}
RESULT: undefined
COMMAND: POST /session/68929459ca918a999f98598021acce7a/element - {"using":"xpath","value":"//*[@id=\"application-managepricingrules-display-component---newInfoPriceItem--billType-arrow\"]"}
RESULT: {"using":"xpath","value":"//*[@id=\"application-managepricingrules-display-component---newInfoPriceItem--billType-arrow\"]"}
COMMAND: POST /session/68929459ca918a999f98598021acce7a/element/f.41167B24BF7F3EFA47545F25B3BF6A01.d.658BF4FA826CC7CCFEAE46E5D3E186E5.e.7100/click - {}
RESULT: {}
COMMAND: POST /session/68929459ca918a999f98598021acce7a/element - {"using":"xpath","value":"//span[contains(text(), \"OT - Sales (one-time)\")]"}
COMMAND: GET /session/68929459ca918a999f98598021acce7a/screenshot - {}
RESULT: {"using":"xpath","value":"//span[contains(text(), \"OT - Sales (one-time)\")]"}
COMMAND: POST /session/68929459ca918a999f98598021acce7a/element/f.41167B24BF7F3EFA47545F25B3BF6A01.d.658BF4FA826CC7CCFEAE46E5D3E186E5.e.7142/click - {}
RESULT: {}
RESULT: {}
COMMAND: POST /session/68929459ca918a999f98598021acce7a/execute/async - {"script":"<script> [1562 bytes]","args":[{"selector":{"id":"application-managepricingrules-display-component---newInfoPriceItem--priceProc-arrow"},"wdio_ui5_key":"applicationmanagepricingrules-display-component---newInfoPriceItem--priceProc-arrow"}]}
COMMAND: GET /session/68929459ca918a999f98598021acce7a/screenshot - {}
RESULT: {"script":"<script> [1562 bytes]","args":[{"selector":{"id":"application-managepricingrules-display-component---newInfoPriceItem--priceProc-arrow"},"wdio_ui5_key":"applicationmanagepricingrules-display-component---newInfoPriceItem--priceProc-arrow"}]}
RESULT: undefined
COMMAND: POST /session/68929459ca918a999f98598021acce7a/element - {"using":"xpath","value":"//*[@id=\"application-managepricingrules-display-component---newInfoPriceItem--priceProc-arrow\"]"}
RESULT: {}
RESULT: {"using":"xpath","value":"//*[@id=\"application-managepricingrules-display-component---newInfoPriceItem--priceProc-arrow\"]"}
COMMAND: POST /session/68929459ca918a999f98598021acce7a/element/f.41167B24BF7F3EFA47545F25B3BF6A01.d.658BF4FA826CC7CCFEAE46E5D3E186E5.e.7107/click - {}
RESULT: {}
COMMAND: POST /session/68929459ca918a999f98598021acce7a/element - {"using":"xpath","value":"//span[contains(text(), \"MAT - Material\")]"}
COMMAND: GET /session/68929459ca918a999f98598021acce7a/screenshot - {}
RESULT: {"using":"xpath","value":"//span[contains(text(), \"MAT - Material\")]"}
COMMAND: POST /session/68929459ca918a999f98598021acce7a/element/f.41167B24BF7F3EFA47545F25B3BF6A01.d.658BF4FA826CC7CCFEAE46E5D3E186E5.e.7143/click - {}
RESULT: {}
RESULT: {}
COMMAND: POST /session/68929459ca918a999f98598021acce7a/execute/async - {"script":"<script> [1562 bytes]","args":[{"selector":{"id":"application-managepricingrules-display-component---newInfoPriceItem--calcBase-arrow"},"wdio_ui5_key":"applicationmanagepricingrules-display-component---newInfoPriceItem--calcBase-arrow"}]}
COMMAND: GET /session/68929459ca918a999f98598021acce7a/screenshot - {}
RESULT: {"script":"<script> [1562 bytes]","args":[{"selector":{"id":"application-managepricingrules-display-component---newInfoPriceItem--calcBase-arrow"},"wdio_ui5_key":"applicationmanagepricingrules-display-component---newInfoPriceItem--calcBase-arrow"}]}
RESULT: undefined
COMMAND: POST /session/68929459ca918a999f98598021acce7a/element - {"using":"xpath","value":"//*[@id=\"application-managepricingrules-display-component---newInfoPriceItem--calcBase-arrow\"]"}
RESULT: {}
RESULT: {"using":"xpath","value":"//*[@id=\"application-managepricingrules-display-component---newInfoPriceItem--calcBase-arrow\"]"}
COMMAND: POST /session/68929459ca918a999f98598021acce7a/element/f.41167B24BF7F3EFA47545F25B3BF6A01.d.658BF4FA826CC7CCFEAE46E5D3E186E5.e.7114/click - {}
RESULT: {}
COMMAND: GET /session/68929459ca918a999f98598021acce7a/screenshot - {}
RESULT: {}
COMMAND: POST /session/68929459ca918a999f98598021acce7a/element - {"using":"xpath","value":"//span[contains(text(), \"0001 - TB(exact month + cal_days)\")]"}
RESULT: {"using":"xpath","value":"//span[contains(text(), \"0001 - TB(exact month + cal_days)\")]"}
COMMAND: POST /session/68929459ca918a999f98598021acce7a/element/f.41167B24BF7F3EFA47545F25B3BF6A01.d.658BF4FA826CC7CCFEAE46E5D3E186E5.e.7144/click - {}
RESULT: {}
COMMAND: GET /session/68929459ca918a999f98598021acce7a/screenshot - {}
RESULT: {}
COMMAND: POST /session/68929459ca918a999f98598021acce7a/element - {"using":"xpath","value":"//button[@data-kt=\"saveNewRuleButton\"]"}
RESULT: {"using":"xpath","value":"//button[@data-kt=\"saveNewRuleButton\"]"}
COMMAND: POST /session/68929459ca918a999f98598021acce7a/element/f.41167B24BF7F3EFA47545F25B3BF6A01.d.658BF4FA826CC7CCFEAE46E5D3E186E5.e.7134/click - {}
RESULT: {}
COMMAND: GET /session/68929459ca918a999f98598021acce7a/screenshot - {}
RESULT: {}
COMMAND: POST /session/68929459ca918a999f98598021acce7a/execute/async - {"script":"<script> [1562 bytes]","args":[{"selector":{"id":"application-managepricingrules-display-component---priceInfoItem--smartFilterBar-btnBasicSearch","interaction":{"idSuffix":"I"}},"wdio_ui5_key":"applicationmanagepricingrules-display-component---priceInfoItem--smartFilterBar-btnBasicSearch"}]}
RESULT: {"script":"<script> [1562 bytes]","args":[{"selector":{"id":"application-managepricingrules-display-component---priceInfoItem--smartFilterBar-btnBasicSearch","interaction":{"idSuffix":"I"}},"wdio_ui5_key":"applicationmanagepricingrules-display-component---priceInfoItem--smartFilterBar-btnBasicSearch"}]}
RESULT: undefined
COMMAND: POST /session/68929459ca918a999f98598021acce7a/execute/async - {"script":"<script> [776 bytes]","args":[{"enterText":"200154","selector":{"id":"application-managepricingrules-display-component---priceInfoItem--smartFilterBar-btnBasicSearch","interaction":{"idSuffix":"I"}},"clearTextFirst":true,"interactionType":"ENTER_TEXT"}]}
RESULT: {"script":"<script> [776 bytes]","args":[{"enterText":"200154","selector":{"id":"application-managepricingrules-display-component---priceInfoItem--smartFilterBar-btnBasicSearch","interaction":{"idSuffix":"I"}},"clearTextFirst":true,"interactionType":"ENTER_TEXT"}]}
COMMAND: POST /session/68929459ca918a999f98598021acce7a/actions - {"actions":[{"id":"action23","type":"key","parameters":{},"actions":[{"type":"keyDown","value":"î€‡"},{"type":"pause","duration":10},{"type":"keyUp","value":"î€‡"}]}]}
RESULT: {"actions":[{"id":"action23","type":"key","parameters":{},"actions":[{"type":"keyDown","value":"î€‡"},{"type":"pause","duration":10},{"type":"keyUp","value":"î€‡"}]}]}
COMMAND: GET /session/68929459ca918a999f98598021acce7a/screenshot - {}
RESULT: {}
COMMAND: POST /session/68929459ca918a999f98598021acce7a/element - {"using":"xpath","value":"//span[@id=\"application-managepricingrules-display-component---priceInfoItem--smartTable-header-inner\"]"}
RESULT: {"using":"xpath","value":"//span[@id=\"application-managepricingrules-display-component---priceInfoItem--smartTable-header-inner\"]"}
COMMAND: POST /session/68929459ca918a999f98598021acce7a/elements - {"using":"xpath","value":"//span[@id=\"application-managepricingrules-display-component---priceInfoItem--smartTable-header-inner\"]"}
RESULT: {"using":"xpath","value":"//span[@id=\"application-managepricingrules-display-component---priceInfoItem--smartTable-header-inner\"]"}
COMMAND: POST /session/68929459ca918a999f98598021acce7a/execute/sync - {"script":"<script> [56 bytes]","args":[{"element-6066-11e4-a52e-4f735466cecf":"f.41167B24BF7F3EFA47545F25B3BF6A01.d.658BF4FA826CC7CCFEAE46E5D3E186E5.e.7157","ELEMENT":"f.41167B24BF7F3EFA47545F25B3BF6A01.d.658BF4FA826CC7CCFEAE46E5D3E186E5.e.7157"}]}
RESULT: {"script":"<script> [56 bytes]","args":[{"element-6066-11e4-a52e-4f735466cecf":"f.41167B24BF7F3EFA47545F25B3BF6A01.d.658BF4FA826CC7CCFEAE46E5D3E186E5.e.7157","ELEMENT":"f.41167B24BF7F3EFA47545F25B3BF6A01.d.658BF4FA826CC7CCFEAE46E5D3E186E5.e.7157"}]}
COMMAND: POST /session/68929459ca918a999f98598021acce7a/element - {"using":"css selector","value":"#shell-header-logo"}
COMMAND: GET /session/68929459ca918a999f98598021acce7a/screenshot - {}
RESULT: {"using":"css selector","value":"#shell-header-logo"}
COMMAND: POST /session/68929459ca918a999f98598021acce7a/element/f.41167B24BF7F3EFA47545F25B3BF6A01.d.658BF4FA826CC7CCFEAE46E5D3E186E5.e.6378/click - {}
RESULT: {}
RESULT: {}
COMMAND: GET /session/68929459ca918a999f98598021acce7a/screenshot - {}
RESULT: {}
]]></system-out>
    </testcase>
    <testcase classname="chrome.136_0_7103_49.windows.US134625_Set_up_price_condition_-_one_time" name="Should create new condition one time" time="65.952">
      <system-out><![CDATA[
COMMAND: POST /session/68929459ca918a999f98598021acce7a/execute/async - {"script":"<script> [1562 bytes]","args":[{"selector":{"controlType":"sap.m.GenericTile","properties":{"header":"Manage Conditions & Prices"}},"wdio_ui5_key":"sapm.GenericTile{\"header\":\"Manage Conditions & Prices\"}"}]}
RESULT: {"script":"<script> [1562 bytes]","args":[{"selector":{"controlType":"sap.m.GenericTile","properties":{"header":"Manage Conditions & Prices"}},"wdio_ui5_key":"sapm.GenericTile{\"header\":\"Manage Conditions & Prices\"}"}]}
RESULT: undefined
COMMAND: POST /session/68929459ca918a999f98598021acce7a/element - {"using":"xpath","value":"//*[@id=\"__tile53\"]"}
RESULT: {"using":"xpath","value":"//*[@id=\"__tile53\"]"}
COMMAND: POST /session/68929459ca918a999f98598021acce7a/element/f.41167B24BF7F3EFA47545F25B3BF6A01.d.658BF4FA826CC7CCFEAE46E5D3E186E5.e.6316/click - {}
RESULT: {}
COMMAND: GET /session/68929459ca918a999f98598021acce7a/screenshot - {}
RESULT: {}
COMMAND: POST /session/68929459ca918a999f98598021acce7a/elements - {"using":"xpath","value":"//span[text()='Error']"}
RESULT: {"using":"xpath","value":"//span[text()='Error']"}
COMMAND: POST /session/68929459ca918a999f98598021acce7a/element - {"using":"xpath","value":"//button[@aria-label=\"Create\"]"}
RESULT: {"using":"xpath","value":"//button[@aria-label=\"Create\"]"}
COMMAND: POST /session/68929459ca918a999f98598021acce7a/elements - {"using":"xpath","value":"//button[@aria-label=\"Create\"]"}
RESULT: {"using":"xpath","value":"//button[@aria-label=\"Create\"]"}
COMMAND: POST /session/68929459ca918a999f98598021acce7a/execute/sync - {"script":"<script> [8489 bytes]","args":[{"element-6066-11e4-a52e-4f735466cecf":"f.41167B24BF7F3EFA47545F25B3BF6A01.d.658BF4FA826CC7CCFEAE46E5D3E186E5.e.7192","ELEMENT":"f.41167B24BF7F3EFA47545F25B3BF6A01.d.658BF4FA826CC7CCFEAE46E5D3E186E5.e.7192"}]}
RESULT: {"script":"<script> [8489 bytes]","args":[{"element-6066-11e4-a52e-4f735466cecf":"f.41167B24BF7F3EFA47545F25B3BF6A01.d.658BF4FA826CC7CCFEAE46E5D3E186E5.e.7192","ELEMENT":"f.41167B24BF7F3EFA47545F25B3BF6A01.d.658BF4FA826CC7CCFEAE46E5D3E186E5.e.7192"}]}
COMMAND: GET /session/68929459ca918a999f98598021acce7a/element/f.41167B24BF7F3EFA47545F25B3BF6A01.d.658BF4FA826CC7CCFEAE46E5D3E186E5.e.7192/enabled - {}
COMMAND: GET /session/68929459ca918a999f98598021acce7a/screenshot - {}
RESULT: {}
COMMAND: POST /session/68929459ca918a999f98598021acce7a/execute/sync - {"script":"<script> [8489 bytes]","args":[{"element-6066-11e4-a52e-4f735466cecf":"f.41167B24BF7F3EFA47545F25B3BF6A01.d.658BF4FA826CC7CCFEAE46E5D3E186E5.e.7192","ELEMENT":"f.41167B24BF7F3EFA47545F25B3BF6A01.d.658BF4FA826CC7CCFEAE46E5D3E186E5.e.7192"}]}
COMMAND: GET /session/68929459ca918a999f98598021acce7a/screenshot - {}
RESULT: {}
RESULT: {"script":"<script> [8489 bytes]","args":[{"element-6066-11e4-a52e-4f735466cecf":"f.41167B24BF7F3EFA47545F25B3BF6A01.d.658BF4FA826CC7CCFEAE46E5D3E186E5.e.7192","ELEMENT":"f.41167B24BF7F3EFA47545F25B3BF6A01.d.658BF4FA826CC7CCFEAE46E5D3E186E5.e.7192"}]}
COMMAND: POST /session/68929459ca918a999f98598021acce7a/execute/sync - {"script":"<script> [5351 bytes]","args":[{"element-6066-11e4-a52e-4f735466cecf":"f.41167B24BF7F3EFA47545F25B3BF6A01.d.658BF4FA826CC7CCFEAE46E5D3E186E5.e.7192","ELEMENT":"f.41167B24BF7F3EFA47545F25B3BF6A01.d.658BF4FA826CC7CCFEAE46E5D3E186E5.e.7192"}]}
COMMAND: GET /session/68929459ca918a999f98598021acce7a/screenshot - {}
RESULT: {}
RESULT: {"script":"<script> [5351 bytes]","args":[{"element-6066-11e4-a52e-4f735466cecf":"f.41167B24BF7F3EFA47545F25B3BF6A01.d.658BF4FA826CC7CCFEAE46E5D3E186E5.e.7192","ELEMENT":"f.41167B24BF7F3EFA47545F25B3BF6A01.d.658BF4FA826CC7CCFEAE46E5D3E186E5.e.7192"}]}
COMMAND: POST /session/68929459ca918a999f98598021acce7a/element/f.41167B24BF7F3EFA47545F25B3BF6A01.d.658BF4FA826CC7CCFEAE46E5D3E186E5.e.7192/click - {}
COMMAND: GET /session/68929459ca918a999f98598021acce7a/screenshot - {}
RESULT: {}
RESULT: {}
COMMAND: GET /session/68929459ca918a999f98598021acce7a/screenshot - {}
RESULT: {}
RESULT: {}
COMMAND: POST /session/68929459ca918a999f98598021acce7a/actions - {"actions":[{"id":"action24","type":"key","parameters":{},"actions":[{"type":"keyDown","value":"î€‡"},{"type":"pause","duration":10},{"type":"keyUp","value":"î€‡"}]}]}
RESULT: {"actions":[{"id":"action24","type":"key","parameters":{},"actions":[{"type":"keyDown","value":"î€‡"},{"type":"pause","duration":10},{"type":"keyUp","value":"î€‡"}]}]}
COMMAND: GET /session/68929459ca918a999f98598021acce7a/screenshot - {}
RESULT: {}
COMMAND: POST /session/68929459ca918a999f98598021acce7a/execute/async - {"script":"<script> [1562 bytes]","args":[{"selector":{"id":"application-manageconditionprice-display-component---newCondition--condBillCond-arrow"},"wdio_ui5_key":"applicationmanageconditionprice-display-component---newCondition--condBillCond-arrow"}]}
RESULT: {"script":"<script> [1562 bytes]","args":[{"selector":{"id":"application-manageconditionprice-display-component---newCondition--condBillCond-arrow"},"wdio_ui5_key":"applicationmanageconditionprice-display-component---newCondition--condBillCond-arrow"}]}
RESULT: undefined
COMMAND: POST /session/68929459ca918a999f98598021acce7a/element - {"using":"xpath","value":"//*[@id=\"application-manageconditionprice-display-component---newCondition--condBillCond-arrow\"]"}
RESULT: {"using":"xpath","value":"//*[@id=\"application-manageconditionprice-display-component---newCondition--condBillCond-arrow\"]"}
COMMAND: POST /session/68929459ca918a999f98598021acce7a/element/f.41167B24BF7F3EFA47545F25B3BF6A01.d.658BF4FA826CC7CCFEAE46E5D3E186E5.e.7369/click - {}
RESULT: {}
COMMAND: GET /session/68929459ca918a999f98598021acce7a/screenshot - {}
RESULT: {}
COMMAND: POST /session/68929459ca918a999f98598021acce7a/element - {"using":"xpath","value":"//li[.//span[contains(text(), \"SAPR - Sales price\")]]"}
RESULT: {"using":"xpath","value":"//li[.//span[contains(text(), \"SAPR - Sales price\")]]"}
COMMAND: POST /session/68929459ca918a999f98598021acce7a/element/f.41167B24BF7F3EFA47545F25B3BF6A01.d.658BF4FA826CC7CCFEAE46E5D3E186E5.e.7372/click - {}
RESULT: {}
COMMAND: GET /session/68929459ca918a999f98598021acce7a/screenshot - {}
RESULT: {}
COMMAND: POST /session/68929459ca918a999f98598021acce7a/execute/async - {"script":"<script> [1562 bytes]","args":[{"selector":{"id":"application-manageconditionprice-display-component---newCondition--condValidTo","interaction":{"idSuffix":"inner"}},"wdio_ui5_key":"applicationmanageconditionprice-display-component---newCondition--condValidTo"}]}
RESULT: {"script":"<script> [1562 bytes]","args":[{"selector":{"id":"application-manageconditionprice-display-component---newCondition--condValidTo","interaction":{"idSuffix":"inner"}},"wdio_ui5_key":"applicationmanageconditionprice-display-component---newCondition--condValidTo"}]}
RESULT: undefined
COMMAND: POST /session/68929459ca918a999f98598021acce7a/execute/async - {"script":"<script> [776 bytes]","args":[{"enterText":"1/14/26","selector":{"id":"application-manageconditionprice-display-component---newCondition--condValidTo","interaction":{"idSuffix":"inner"}},"clearTextFirst":true,"interactionType":"ENTER_TEXT"}]}
RESULT: {"script":"<script> [776 bytes]","args":[{"enterText":"1/14/26","selector":{"id":"application-manageconditionprice-display-component---newCondition--condValidTo","interaction":{"idSuffix":"inner"}},"clearTextFirst":true,"interactionType":"ENTER_TEXT"}]}
COMMAND: POST /session/68929459ca918a999f98598021acce7a/element - {"using":"xpath","value":"//input[@id=\"application-manageconditionprice-display-component---newCondition--condRU-inner\"]"}
RESULT: {"using":"xpath","value":"//input[@id=\"application-manageconditionprice-display-component---newCondition--condRU-inner\"]"}
COMMAND: POST /session/68929459ca918a999f98598021acce7a/element/f.41167B24BF7F3EFA47545F25B3BF6A01.d.658BF4FA826CC7CCFEAE46E5D3E186E5.e.7234/clear - {}
RESULT: {}
COMMAND: POST /session/68929459ca918a999f98598021acce7a/element/f.41167B24BF7F3EFA47545F25B3BF6A01.d.658BF4FA826CC7CCFEAE46E5D3E186E5.e.7234/value - {"text":"200154"}
COMMAND: GET /session/68929459ca918a999f98598021acce7a/screenshot - {}
RESULT: {"text":"200154"}
COMMAND: GET /session/68929459ca918a999f98598021acce7a/screenshot - {}
RESULT: {}
RESULT: {}
COMMAND: POST /session/68929459ca918a999f98598021acce7a/actions - {"actions":[{"id":"action25","type":"key","parameters":{},"actions":[{"type":"keyDown","value":"î€‡"},{"type":"pause","duration":10},{"type":"keyUp","value":"î€‡"}]}]}
RESULT: {"actions":[{"id":"action25","type":"key","parameters":{},"actions":[{"type":"keyDown","value":"î€‡"},{"type":"pause","duration":10},{"type":"keyUp","value":"î€‡"}]}]}
COMMAND: POST /session/68929459ca918a999f98598021acce7a/execute/async - {"script":"<script> [1562 bytes]","args":[{"selector":{"id":"application-manageconditionprice-display-component---newCondition--condBaseQty","interaction":{"idSuffix":"inner"}},"wdio_ui5_key":"applicationmanageconditionprice-display-component---newCondition--condBaseQty"}]}
COMMAND: GET /session/68929459ca918a999f98598021acce7a/screenshot - {}
RESULT: {"script":"<script> [1562 bytes]","args":[{"selector":{"id":"application-manageconditionprice-display-component---newCondition--condBaseQty","interaction":{"idSuffix":"inner"}},"wdio_ui5_key":"applicationmanageconditionprice-display-component---newCondition--condBaseQty"}]}
RESULT: undefined
COMMAND: POST /session/68929459ca918a999f98598021acce7a/execute/async - {"script":"<script> [776 bytes]","args":[{"enterText":"1","selector":{"id":"application-manageconditionprice-display-component---newCondition--condBaseQty","interaction":{"idSuffix":"inner"}},"clearTextFirst":true,"interactionType":"ENTER_TEXT"}]}
RESULT: {}
RESULT: {"script":"<script> [776 bytes]","args":[{"enterText":"1","selector":{"id":"application-manageconditionprice-display-component---newCondition--condBaseQty","interaction":{"idSuffix":"inner"}},"clearTextFirst":true,"interactionType":"ENTER_TEXT"}]}
COMMAND: POST /session/68929459ca918a999f98598021acce7a/execute/async - {"script":"<script> [1562 bytes]","args":[{"selector":{"id":"application-manageconditionprice-display-component---newCondition--condValue","interaction":{"idSuffix":"inner"}},"wdio_ui5_key":"applicationmanageconditionprice-display-component---newCondition--condValue"}]}
RESULT: {"script":"<script> [1562 bytes]","args":[{"selector":{"id":"application-manageconditionprice-display-component---newCondition--condValue","interaction":{"idSuffix":"inner"}},"wdio_ui5_key":"applicationmanageconditionprice-display-component---newCondition--condValue"}]}
RESULT: undefined
COMMAND: POST /session/68929459ca918a999f98598021acce7a/execute/async - {"script":"<script> [776 bytes]","args":[{"enterText":"100.00","selector":{"id":"application-manageconditionprice-display-component---newCondition--condValue","interaction":{"idSuffix":"inner"}},"clearTextFirst":true,"interactionType":"ENTER_TEXT"}]}
RESULT: {"script":"<script> [776 bytes]","args":[{"enterText":"100.00","selector":{"id":"application-manageconditionprice-display-component---newCondition--condValue","interaction":{"idSuffix":"inner"}},"clearTextFirst":true,"interactionType":"ENTER_TEXT"}]}
COMMAND: POST /session/68929459ca918a999f98598021acce7a/execute/async - {"script":"<script> [1562 bytes]","args":[{"selector":{"id":"application-manageconditionprice-display-component---newCondition--condCurr-arrow"},"wdio_ui5_key":"applicationmanageconditionprice-display-component---newCondition--condCurr-arrow"}]}
RESULT: {"script":"<script> [1562 bytes]","args":[{"selector":{"id":"application-manageconditionprice-display-component---newCondition--condCurr-arrow"},"wdio_ui5_key":"applicationmanageconditionprice-display-component---newCondition--condCurr-arrow"}]}
RESULT: undefined
COMMAND: POST /session/68929459ca918a999f98598021acce7a/element - {"using":"xpath","value":"//*[@id=\"application-manageconditionprice-display-component---newCondition--condCurr-arrow\"]"}
RESULT: {"using":"xpath","value":"//*[@id=\"application-manageconditionprice-display-component---newCondition--condCurr-arrow\"]"}
COMMAND: POST /session/68929459ca918a999f98598021acce7a/element/f.41167B24BF7F3EFA47545F25B3BF6A01.d.658BF4FA826CC7CCFEAE46E5D3E186E5.e.7352/click - {}
RESULT: {}
COMMAND: POST /session/68929459ca918a999f98598021acce7a/element - {"using":"xpath","value":"//span[contains(text(), \"Euro\")]"}
COMMAND: GET /session/68929459ca918a999f98598021acce7a/screenshot - {}
RESULT: {"using":"xpath","value":"//span[contains(text(), \"Euro\")]"}
COMMAND: POST /session/68929459ca918a999f98598021acce7a/element/f.41167B24BF7F3EFA47545F25B3BF6A01.d.658BF4FA826CC7CCFEAE46E5D3E186E5.e.7410/click - {}
RESULT: {}
RESULT: {}
COMMAND: POST /session/68929459ca918a999f98598021acce7a/element - {"using":"xpath","value":"//button[@data-kt=\"saveButton\"]"}
COMMAND: GET /session/68929459ca918a999f98598021acce7a/screenshot - {}
RESULT: {"using":"xpath","value":"//button[@data-kt=\"saveButton\"]"}
COMMAND: POST /session/68929459ca918a999f98598021acce7a/element/f.41167B24BF7F3EFA47545F25B3BF6A01.d.658BF4FA826CC7CCFEAE46E5D3E186E5.e.7353/click - {}
RESULT: {}
RESULT: {}
COMMAND: GET /session/68929459ca918a999f98598021acce7a/screenshot - {}
RESULT: {}
COMMAND: POST /session/68929459ca918a999f98598021acce7a/execute/async - {"script":"<script> [1562 bytes]","args":[{"selector":{"id":"application-manageconditionprice-display-component---conditions--smartFilterBar-btnBasicSearch","interaction":{"idSuffix":"I"}},"wdio_ui5_key":"applicationmanageconditionprice-display-component---conditions--smartFilterBar-btnBasicSearch"}]}
RESULT: {"script":"<script> [1562 bytes]","args":[{"selector":{"id":"application-manageconditionprice-display-component---conditions--smartFilterBar-btnBasicSearch","interaction":{"idSuffix":"I"}},"wdio_ui5_key":"applicationmanageconditionprice-display-component---conditions--smartFilterBar-btnBasicSearch"}]}
RESULT: undefined
COMMAND: POST /session/68929459ca918a999f98598021acce7a/execute/async - {"script":"<script> [776 bytes]","args":[{"enterText":"200154","selector":{"id":"application-manageconditionprice-display-component---conditions--smartFilterBar-btnBasicSearch","interaction":{"idSuffix":"I"}},"clearTextFirst":true,"interactionType":"ENTER_TEXT"}]}
RESULT: {"script":"<script> [776 bytes]","args":[{"enterText":"200154","selector":{"id":"application-manageconditionprice-display-component---conditions--smartFilterBar-btnBasicSearch","interaction":{"idSuffix":"I"}},"clearTextFirst":true,"interactionType":"ENTER_TEXT"}]}
COMMAND: POST /session/68929459ca918a999f98598021acce7a/actions - {"actions":[{"id":"action26","type":"key","parameters":{},"actions":[{"type":"keyDown","value":"î€‡"},{"type":"pause","duration":10},{"type":"keyUp","value":"î€‡"}]}]}
RESULT: {"actions":[{"id":"action26","type":"key","parameters":{},"actions":[{"type":"keyDown","value":"î€‡"},{"type":"pause","duration":10},{"type":"keyUp","value":"î€‡"}]}]}
COMMAND: GET /session/68929459ca918a999f98598021acce7a/screenshot - {}
RESULT: {}
COMMAND: POST /session/68929459ca918a999f98598021acce7a/execute/async - {"script":"<script> [1562 bytes]","args":[{"selector":{"id":"application-manageconditionprice-display-component---conditions--smartFilterBar-filterItemControl_BASIC-BILL_TYPES-vhi"},"wdio_ui5_key":"applicationmanageconditionprice-display-component---conditions--smartFilterBar-filterItemControl_BASIC-BILL_TYPES-vhi"}]}
RESULT: {"script":"<script> [1562 bytes]","args":[{"selector":{"id":"application-manageconditionprice-display-component---conditions--smartFilterBar-filterItemControl_BASIC-BILL_TYPES-vhi"},"wdio_ui5_key":"applicationmanageconditionprice-display-component---conditions--smartFilterBar-filterItemControl_BASIC-BILL_TYPES-vhi"}]}
RESULT: undefined
COMMAND: POST /session/68929459ca918a999f98598021acce7a/element - {"using":"xpath","value":"//*[@id=\"application-manageconditionprice-display-component---conditions--smartFilterBar-filterItemControl_BASIC-BILL_TYPES-vhi\"]"}
RESULT: {"using":"xpath","value":"//*[@id=\"application-manageconditionprice-display-component---conditions--smartFilterBar-filterItemControl_BASIC-BILL_TYPES-vhi\"]"}
COMMAND: POST /session/68929459ca918a999f98598021acce7a/element/f.41167B24BF7F3EFA47545F25B3BF6A01.d.658BF4FA826CC7CCFEAE46E5D3E186E5.e.7427/click - {}
RESULT: {}
COMMAND: POST /session/68929459ca918a999f98598021acce7a/execute/async - {"script":"<script> [1562 bytes]","args":[{"selector":{"id":"application-manageconditionprice-display-component---conditions--smartFilterBar-filterItemControl_BASIC-BILL_TYPES-valueHelpDialog-smartFilterBar-btnBasicSearch","searchOpenDialogs":true,"interaction":{"idSuffix":"I"}},"wdio_ui5_key":"applicationmanageconditionprice-display-component---conditions--smartFilterBar-filterItemControl_BASIC-BILL_TYPES-valueHelpDialog-smartFilterBar-btnBasicSearch"}]}
COMMAND: GET /session/68929459ca918a999f98598021acce7a/screenshot - {}
RESULT: {"script":"<script> [1562 bytes]","args":[{"selector":{"id":"application-manageconditionprice-display-component---conditions--smartFilterBar-filterItemControl_BASIC-BILL_TYPES-valueHelpDialog-smartFilterBar-btnBasicSearch","searchOpenDialogs":true,"interaction":{"idSuffix":"I"}},"wdio_ui5_key":"applicationmanageconditionprice-display-component---conditions--smartFilterBar-filterItemControl_BASIC-BILL_TYPES-valueHelpDialog-smartFilterBar-btnBasicSearch"}]}
RESULT: undefined
COMMAND: POST /session/68929459ca918a999f98598021acce7a/execute/async - {"script":"<script> [776 bytes]","args":[{"enterText":"one","selector":{"id":"application-manageconditionprice-display-component---conditions--smartFilterBar-filterItemControl_BASIC-BILL_TYPES-valueHelpDialog-smartFilterBar-btnBasicSearch","searchOpenDialogs":true,"interaction":{"idSuffix":"I"}},"clearTextFirst":true,"interactionType":"ENTER_TEXT"}]}
RESULT: {}
RESULT: {"script":"<script> [776 bytes]","args":[{"enterText":"one","selector":{"id":"application-manageconditionprice-display-component---conditions--smartFilterBar-filterItemControl_BASIC-BILL_TYPES-valueHelpDialog-smartFilterBar-btnBasicSearch","searchOpenDialogs":true,"interaction":{"idSuffix":"I"}},"clearTextFirst":true,"interactionType":"ENTER_TEXT"}]}
COMMAND: POST /session/68929459ca918a999f98598021acce7a/actions - {"actions":[{"id":"action27","type":"key","parameters":{},"actions":[{"type":"keyDown","value":"î€‡"},{"type":"pause","duration":10},{"type":"keyUp","value":"î€‡"}]}]}
RESULT: {"actions":[{"id":"action27","type":"key","parameters":{},"actions":[{"type":"keyDown","value":"î€‡"},{"type":"pause","duration":10},{"type":"keyUp","value":"î€‡"}]}]}
COMMAND: GET /session/68929459ca918a999f98598021acce7a/screenshot - {}
RESULT: {}
COMMAND: POST /session/68929459ca918a999f98598021acce7a/element - {"using":"xpath","value":"//div[contains(@id, 'application-manageconditionprice-display-component---conditions--smartFilterBar-filterItemControl_BASIC-BILL_TYPES-valueHelpDialog-table-rowsel0')]"}
RESULT: {"using":"xpath","value":"//div[contains(@id, 'application-manageconditionprice-display-component---conditions--smartFilterBar-filterItemControl_BASIC-BILL_TYPES-valueHelpDialog-table-rowsel0')]"}
COMMAND: POST /session/68929459ca918a999f98598021acce7a/element/f.41167B24BF7F3EFA47545F25B3BF6A01.d.658BF4FA826CC7CCFEAE46E5D3E186E5.e.7436/click - {}
RESULT: {}
COMMAND: GET /session/68929459ca918a999f98598021acce7a/screenshot - {}
RESULT: {}
COMMAND: POST /session/68929459ca918a999f98598021acce7a/element - {"using":"xpath","value":"//bdi[contains(text(), \"OK\")]"}
RESULT: {"using":"xpath","value":"//bdi[contains(text(), \"OK\")]"}
COMMAND: POST /session/68929459ca918a999f98598021acce7a/element/f.41167B24BF7F3EFA47545F25B3BF6A01.d.658BF4FA826CC7CCFEAE46E5D3E186E5.e.7438/click - {}
RESULT: {}
COMMAND: GET /session/68929459ca918a999f98598021acce7a/screenshot - {}
RESULT: {}
COMMAND: POST /session/68929459ca918a999f98598021acce7a/element - {"using":"xpath","value":"//span[@id=\"application-manageconditionprice-display-component---conditions--smartTable-header-inner\"]"}
RESULT: {"using":"xpath","value":"//span[@id=\"application-manageconditionprice-display-component---conditions--smartTable-header-inner\"]"}
COMMAND: POST /session/68929459ca918a999f98598021acce7a/elements - {"using":"xpath","value":"//span[@id=\"application-manageconditionprice-display-component---conditions--smartTable-header-inner\"]"}
RESULT: {"using":"xpath","value":"//span[@id=\"application-manageconditionprice-display-component---conditions--smartTable-header-inner\"]"}
COMMAND: POST /session/68929459ca918a999f98598021acce7a/execute/sync - {"script":"<script> [56 bytes]","args":[{"element-6066-11e4-a52e-4f735466cecf":"f.41167B24BF7F3EFA47545F25B3BF6A01.d.658BF4FA826CC7CCFEAE46E5D3E186E5.e.7441","ELEMENT":"f.41167B24BF7F3EFA47545F25B3BF6A01.d.658BF4FA826CC7CCFEAE46E5D3E186E5.e.7441"}]}
RESULT: {"script":"<script> [56 bytes]","args":[{"element-6066-11e4-a52e-4f735466cecf":"f.41167B24BF7F3EFA47545F25B3BF6A01.d.658BF4FA826CC7CCFEAE46E5D3E186E5.e.7441","ELEMENT":"f.41167B24BF7F3EFA47545F25B3BF6A01.d.658BF4FA826CC7CCFEAE46E5D3E186E5.e.7441"}]}
COMMAND: POST /session/68929459ca918a999f98598021acce7a/element - {"using":"css selector","value":"#shell-header-logo"}
COMMAND: GET /session/68929459ca918a999f98598021acce7a/screenshot - {}
RESULT: {"using":"css selector","value":"#shell-header-logo"}
COMMAND: POST /session/68929459ca918a999f98598021acce7a/element/f.41167B24BF7F3EFA47545F25B3BF6A01.d.658BF4FA826CC7CCFEAE46E5D3E186E5.e.7160/click - {}
RESULT: {}
RESULT: {}
COMMAND: GET /session/68929459ca918a999f98598021acce7a/screenshot - {}
RESULT: {}
]]></system-out>
    </testcase>
    <testcase classname="chrome.136_0_7103_49.windows.US134625_Set_up_price_condition_-_one_time" name="Should create a new contract" time="60.715">
      <system-out><![CDATA[
COMMAND: POST /session/68929459ca918a999f98598021acce7a/execute/async - {"script":"<script> [1562 bytes]","args":[{"selector":{"controlType":"sap.m.GenericTile","properties":{"header":"Manage Contracts"}},"wdio_ui5_key":"sapm.GenericTile{\"header\":\"Manage Contracts\"}"}]}
RESULT: {"script":"<script> [1562 bytes]","args":[{"selector":{"controlType":"sap.m.GenericTile","properties":{"header":"Manage Contracts"}},"wdio_ui5_key":"sapm.GenericTile{\"header\":\"Manage Contracts\"}"}]}
RESULT: undefined
COMMAND: POST /session/68929459ca918a999f98598021acce7a/element - {"using":"xpath","value":"//*[@id=\"__tile130\"]"}
RESULT: {"using":"xpath","value":"//*[@id=\"__tile130\"]"}
COMMAND: POST /session/68929459ca918a999f98598021acce7a/element/f.41167B24BF7F3EFA47545F25B3BF6A01.d.658BF4FA826CC7CCFEAE46E5D3E186E5.e.6285/click - {}
RESULT: {}
COMMAND: GET /session/68929459ca918a999f98598021acce7a/screenshot - {}
RESULT: {}
COMMAND: POST /session/68929459ca918a999f98598021acce7a/elements - {"using":"xpath","value":"//span[text()='Error']"}
RESULT: {"using":"xpath","value":"//span[text()='Error']"}
COMMAND: POST /session/68929459ca918a999f98598021acce7a/element - {"using":"xpath","value":"//button[@data-kt=\"addButton\"]"}
RESULT: {"using":"xpath","value":"//button[@data-kt=\"addButton\"]"}
COMMAND: POST /session/68929459ca918a999f98598021acce7a/elements - {"using":"xpath","value":"//button[@data-kt=\"addButton\"]"}
RESULT: {"using":"xpath","value":"//button[@data-kt=\"addButton\"]"}
COMMAND: POST /session/68929459ca918a999f98598021acce7a/execute/sync - {"script":"<script> [8489 bytes]","args":[{"element-6066-11e4-a52e-4f735466cecf":"f.41167B24BF7F3EFA47545F25B3BF6A01.d.658BF4FA826CC7CCFEAE46E5D3E186E5.e.7495","ELEMENT":"f.41167B24BF7F3EFA47545F25B3BF6A01.d.658BF4FA826CC7CCFEAE46E5D3E186E5.e.7495"}]}
RESULT: {"script":"<script> [8489 bytes]","args":[{"element-6066-11e4-a52e-4f735466cecf":"f.41167B24BF7F3EFA47545F25B3BF6A01.d.658BF4FA826CC7CCFEAE46E5D3E186E5.e.7495","ELEMENT":"f.41167B24BF7F3EFA47545F25B3BF6A01.d.658BF4FA826CC7CCFEAE46E5D3E186E5.e.7495"}]}
COMMAND: GET /session/68929459ca918a999f98598021acce7a/element/f.41167B24BF7F3EFA47545F25B3BF6A01.d.658BF4FA826CC7CCFEAE46E5D3E186E5.e.7495/enabled - {}
COMMAND: GET /session/68929459ca918a999f98598021acce7a/screenshot - {}
RESULT: {}
COMMAND: POST /session/68929459ca918a999f98598021acce7a/execute/sync - {"script":"<script> [8489 bytes]","args":[{"element-6066-11e4-a52e-4f735466cecf":"f.41167B24BF7F3EFA47545F25B3BF6A01.d.658BF4FA826CC7CCFEAE46E5D3E186E5.e.7495","ELEMENT":"f.41167B24BF7F3EFA47545F25B3BF6A01.d.658BF4FA826CC7CCFEAE46E5D3E186E5.e.7495"}]}
COMMAND: GET /session/68929459ca918a999f98598021acce7a/screenshot - {}
RESULT: {}
RESULT: {"script":"<script> [8489 bytes]","args":[{"element-6066-11e4-a52e-4f735466cecf":"f.41167B24BF7F3EFA47545F25B3BF6A01.d.658BF4FA826CC7CCFEAE46E5D3E186E5.e.7495","ELEMENT":"f.41167B24BF7F3EFA47545F25B3BF6A01.d.658BF4FA826CC7CCFEAE46E5D3E186E5.e.7495"}]}
COMMAND: POST /session/68929459ca918a999f98598021acce7a/execute/sync - {"script":"<script> [5351 bytes]","args":[{"element-6066-11e4-a52e-4f735466cecf":"f.41167B24BF7F3EFA47545F25B3BF6A01.d.658BF4FA826CC7CCFEAE46E5D3E186E5.e.7495","ELEMENT":"f.41167B24BF7F3EFA47545F25B3BF6A01.d.658BF4FA826CC7CCFEAE46E5D3E186E5.e.7495"}]}
COMMAND: GET /session/68929459ca918a999f98598021acce7a/screenshot - {}
RESULT: {}
RESULT: {"script":"<script> [5351 bytes]","args":[{"element-6066-11e4-a52e-4f735466cecf":"f.41167B24BF7F3EFA47545F25B3BF6A01.d.658BF4FA826CC7CCFEAE46E5D3E186E5.e.7495","ELEMENT":"f.41167B24BF7F3EFA47545F25B3BF6A01.d.658BF4FA826CC7CCFEAE46E5D3E186E5.e.7495"}]}
COMMAND: GET /session/68929459ca918a999f98598021acce7a/screenshot - {}
RESULT: {}
RESULT: {}
COMMAND: POST /session/68929459ca918a999f98598021acce7a/element/f.41167B24BF7F3EFA47545F25B3BF6A01.d.658BF4FA826CC7CCFEAE46E5D3E186E5.e.7495/click - {}
RESULT: {}
COMMAND: GET /session/68929459ca918a999f98598021acce7a/screenshot - {}
COMMAND: POST /session/68929459ca918a999f98598021acce7a/execute/async - {"script":"<script> [1562 bytes]","args":[{"selector":{"id":"application-managecontracts-display-component---AddNewContract--projectDescription","interaction":{"idSuffix":"inner"}},"wdio_ui5_key":"applicationmanagecontracts-display-component---AddNewContract--projectDescription"}]}
RESULT: {}
RESULT: {"script":"<script> [1562 bytes]","args":[{"selector":{"id":"application-managecontracts-display-component---AddNewContract--projectDescription","interaction":{"idSuffix":"inner"}},"wdio_ui5_key":"applicationmanagecontracts-display-component---AddNewContract--projectDescription"}]}
RESULT: undefined
COMMAND: POST /session/68929459ca918a999f98598021acce7a/execute/async - {"script":"<script> [776 bytes]","args":[{"enterText":"Intercompany Contract WDIO","selector":{"id":"application-managecontracts-display-component---AddNewContract--projectDescription","interaction":{"idSuffix":"inner"}},"clearTextFirst":true,"interactionType":"ENTER_TEXT"}]}
RESULT: {"script":"<script> [776 bytes]","args":[{"enterText":"Intercompany Contract WDIO","selector":{"id":"application-managecontracts-display-component---AddNewContract--projectDescription","interaction":{"idSuffix":"inner"}},"clearTextFirst":true,"interactionType":"ENTER_TEXT"}]}
COMMAND: POST /session/68929459ca918a999f98598021acce7a/element - {"using":"xpath","value":"//input[@id=\"application-managecontracts-display-component---AddNewContract--site-inner\"]"}
RESULT: {"using":"xpath","value":"//input[@id=\"application-managecontracts-display-component---AddNewContract--site-inner\"]"}
COMMAND: POST /session/68929459ca918a999f98598021acce7a/element/f.41167B24BF7F3EFA47545F25B3BF6A01.d.658BF4FA826CC7CCFEAE46E5D3E186E5.e.7849/clear - {}
RESULT: {}
COMMAND: POST /session/68929459ca918a999f98598021acce7a/element/f.41167B24BF7F3EFA47545F25B3BF6A01.d.658BF4FA826CC7CCFEAE46E5D3E186E5.e.7849/value - {"text":"2149"}
COMMAND: GET /session/68929459ca918a999f98598021acce7a/screenshot - {}
RESULT: {"text":"2149"}
COMMAND: GET /session/68929459ca918a999f98598021acce7a/screenshot - {}
RESULT: {}
RESULT: {}
COMMAND: POST /session/68929459ca918a999f98598021acce7a/element - {"using":"xpath","value":"//li[.//span[text()='2149']]"}
RESULT: {"using":"xpath","value":"//li[.//span[text()='2149']]"}
COMMAND: POST /session/68929459ca918a999f98598021acce7a/element/f.41167B24BF7F3EFA47545F25B3BF6A01.d.658BF4FA826CC7CCFEAE46E5D3E186E5.e.7878/click - {}
RESULT: {}
COMMAND: GET /session/68929459ca918a999f98598021acce7a/screenshot - {}
RESULT: {}
COMMAND: POST /session/68929459ca918a999f98598021acce7a/element - {"using":"xpath","value":"//input[@id=\"application-managecontracts-display-component---AddNewContract--yardId-inner\"]"}
RESULT: {"using":"xpath","value":"//input[@id=\"application-managecontracts-display-component---AddNewContract--yardId-inner\"]"}
COMMAND: GET /session/68929459ca918a999f98598021acce7a/element/f.41167B24BF7F3EFA47545F25B3BF6A01.d.658BF4FA826CC7CCFEAE46E5D3E186E5.e.7850/property/value - {}
RESULT: {}
COMMAND: POST /session/68929459ca918a999f98598021acce7a/element - {"using":"xpath","value":"//input[@id=\"application-managecontracts-display-component---AddNewContract--customerSelect-inner\"]"}
COMMAND: GET /session/68929459ca918a999f98598021acce7a/screenshot - {}
RESULT: {"using":"xpath","value":"//input[@id=\"application-managecontracts-display-component---AddNewContract--customerSelect-inner\"]"}
COMMAND: POST /session/68929459ca918a999f98598021acce7a/element/f.41167B24BF7F3EFA47545F25B3BF6A01.d.658BF4FA826CC7CCFEAE46E5D3E186E5.e.7848/clear - {}
RESULT: {}
RESULT: {}
COMMAND: POST /session/68929459ca918a999f98598021acce7a/element/f.41167B24BF7F3EFA47545F25B3BF6A01.d.658BF4FA826CC7CCFEAE46E5D3E186E5.e.7848/value - {"text":"1181"}
COMMAND: GET /session/68929459ca918a999f98598021acce7a/screenshot - {}
RESULT: {"text":"1181"}
COMMAND: GET /session/68929459ca918a999f98598021acce7a/screenshot - {}
RESULT: {}
RESULT: {}
COMMAND: POST /session/68929459ca918a999f98598021acce7a/element - {"using":"xpath","value":"//li[.//span[text()='1181']]"}
RESULT: {"using":"xpath","value":"//li[.//span[text()='1181']]"}
COMMAND: POST /session/68929459ca918a999f98598021acce7a/element/f.41167B24BF7F3EFA47545F25B3BF6A01.d.658BF4FA826CC7CCFEAE46E5D3E186E5.e.7881/click - {}
RESULT: {}
COMMAND: GET /session/68929459ca918a999f98598021acce7a/screenshot - {}
RESULT: {}
COMMAND: POST /session/68929459ca918a999f98598021acce7a/element - {"using":"xpath","value":"//button[@data-kt=\"saveButton\"]"}
RESULT: {"using":"xpath","value":"//button[@data-kt=\"saveButton\"]"}
COMMAND: POST /session/68929459ca918a999f98598021acce7a/element/f.41167B24BF7F3EFA47545F25B3BF6A01.d.658BF4FA826CC7CCFEAE46E5D3E186E5.e.7882/click - {}
RESULT: {}
COMMAND: GET /session/68929459ca918a999f98598021acce7a/screenshot - {}
RESULT: {}
COMMAND: POST /session/68929459ca918a999f98598021acce7a/element - {"using":"xpath","value":"//span[contains(@id ,\"contractDetailTitleNoExpanded\")]"}
RESULT: {"using":"xpath","value":"//span[contains(@id ,\"contractDetailTitleNoExpanded\")]"}
COMMAND: POST /session/68929459ca918a999f98598021acce7a/elements - {"using":"xpath","value":"//span[contains(@id ,\"contractDetailTitleNoExpanded\")]"}
RESULT: {"using":"xpath","value":"//span[contains(@id ,\"contractDetailTitleNoExpanded\")]"}
COMMAND: POST /session/68929459ca918a999f98598021acce7a/execute/sync - {"script":"<script> [56 bytes]","args":[{"element-6066-11e4-a52e-4f735466cecf":"f.41167B24BF7F3EFA47545F25B3BF6A01.d.658BF4FA826CC7CCFEAE46E5D3E186E5.e.7954","ELEMENT":"f.41167B24BF7F3EFA47545F25B3BF6A01.d.658BF4FA826CC7CCFEAE46E5D3E186E5.e.7954"}]}
RESULT: {"script":"<script> [56 bytes]","args":[{"element-6066-11e4-a52e-4f735466cecf":"f.41167B24BF7F3EFA47545F25B3BF6A01.d.658BF4FA826CC7CCFEAE46E5D3E186E5.e.7954","ELEMENT":"f.41167B24BF7F3EFA47545F25B3BF6A01.d.658BF4FA826CC7CCFEAE46E5D3E186E5.e.7954"}]}
COMMAND: GET /session/68929459ca918a999f98598021acce7a/screenshot - {}
RESULT: {}
]]></system-out>
    </testcase>
    <testcase classname="chrome.136_0_7103_49.windows.US134625_Set_up_price_condition_-_one_time" name="Should add the material to the contract" time="54.231">
      <system-out><![CDATA[
COMMAND: POST /session/68929459ca918a999f98598021acce7a/element - {"using":"xpath","value":"//button[@data-kt=\"contractDetailEditBtnButton\"]"}
RESULT: {"using":"xpath","value":"//button[@data-kt=\"contractDetailEditBtnButton\"]"}
COMMAND: POST /session/68929459ca918a999f98598021acce7a/element/f.41167B24BF7F3EFA47545F25B3BF6A01.d.658BF4FA826CC7CCFEAE46E5D3E186E5.e.7956/click - {}
RESULT: {}
COMMAND: GET /session/68929459ca918a999f98598021acce7a/screenshot - {}
RESULT: {}
COMMAND: POST /session/68929459ca918a999f98598021acce7a/element - {"using":"xpath","value":"(//span[contains(text(), \"Additional Addresses\")])[2]"}
RESULT: {"using":"xpath","value":"(//span[contains(text(), \"Additional Addresses\")])[2]"}
COMMAND: POST /session/68929459ca918a999f98598021acce7a/element/f.41167B24BF7F3EFA47545F25B3BF6A01.d.658BF4FA826CC7CCFEAE46E5D3E186E5.e.8012/click - {}
RESULT: {}
COMMAND: GET /session/68929459ca918a999f98598021acce7a/screenshot - {}
RESULT: {}
COMMAND: POST /session/68929459ca918a999f98598021acce7a/element - {"using":"xpath","value":"//button[@data-kt=\"btnAddTableRowOverflowToolbarButton\"]"}
RESULT: {"using":"xpath","value":"//button[@data-kt=\"btnAddTableRowOverflowToolbarButton\"]"}
COMMAND: POST /session/68929459ca918a999f98598021acce7a/element/f.41167B24BF7F3EFA47545F25B3BF6A01.d.658BF4FA826CC7CCFEAE46E5D3E186E5.e.8014/click - {}
RESULT: {}
COMMAND: GET /session/68929459ca918a999f98598021acce7a/screenshot - {}
RESULT: {}
COMMAND: POST /session/68929459ca918a999f98598021acce7a/element - {"using":"xpath","value":"//div[(text() = 'Standard Entry' or . = 'Standard Entry')]"}
RESULT: {"using":"xpath","value":"//div[(text() = 'Standard Entry' or . = 'Standard Entry')]"}
COMMAND: POST /session/68929459ca918a999f98598021acce7a/element/f.41167B24BF7F3EFA47545F25B3BF6A01.d.658BF4FA826CC7CCFEAE46E5D3E186E5.e.8016/click - {}
RESULT: {}
COMMAND: GET /session/68929459ca918a999f98598021acce7a/screenshot - {}
RESULT: {}
COMMAND: POST /session/68929459ca918a999f98598021acce7a/element - {"using":"xpath","value":"//td[6]/div/div/div/span"}
RESULT: {"using":"xpath","value":"//td[6]/div/div/div/span"}
COMMAND: POST /session/68929459ca918a999f98598021acce7a/element/f.41167B24BF7F3EFA47545F25B3BF6A01.d.658BF4FA826CC7CCFEAE46E5D3E186E5.e.8028/click - {}
RESULT: {}
COMMAND: GET /session/68929459ca918a999f98598021acce7a/screenshot - {}
RESULT: {}
COMMAND: POST /session/68929459ca918a999f98598021acce7a/element - {"using":"xpath","value":"(//span[contains(text(), \"Material\")])"}
RESULT: {"using":"xpath","value":"(//span[contains(text(), \"Material\")])"}
COMMAND: POST /session/68929459ca918a999f98598021acce7a/element/f.41167B24BF7F3EFA47545F25B3BF6A01.d.658BF4FA826CC7CCFEAE46E5D3E186E5.e.8029/click - {}
RESULT: {}
COMMAND: GET /session/68929459ca918a999f98598021acce7a/screenshot - {}
RESULT: {}
COMMAND: POST /session/68929459ca918a999f98598021acce7a/element - {"using":"xpath","value":"//td[7]/div/div/input"}
RESULT: {"using":"xpath","value":"//td[7]/div/div/input"}
COMMAND: POST /session/68929459ca918a999f98598021acce7a/element/f.41167B24BF7F3EFA47545F25B3BF6A01.d.658BF4FA826CC7CCFEAE46E5D3E186E5.e.8033/clear - {}
RESULT: {}
COMMAND: POST /session/68929459ca918a999f98598021acce7a/element/f.41167B24BF7F3EFA47545F25B3BF6A01.d.658BF4FA826CC7CCFEAE46E5D3E186E5.e.8033/value - {"text":"200154"}
COMMAND: GET /session/68929459ca918a999f98598021acce7a/screenshot - {}
RESULT: {"text":"200154"}
COMMAND: GET /session/68929459ca918a999f98598021acce7a/screenshot - {}
RESULT: {}
RESULT: {}
COMMAND: POST /session/68929459ca918a999f98598021acce7a/actions - {"actions":[{"id":"action28","type":"key","parameters":{},"actions":[{"type":"keyDown","value":"î€‡"},{"type":"pause","duration":10},{"type":"keyUp","value":"î€‡"}]}]}
RESULT: {"actions":[{"id":"action28","type":"key","parameters":{},"actions":[{"type":"keyDown","value":"î€‡"},{"type":"pause","duration":10},{"type":"keyUp","value":"î€‡"}]}]}
COMMAND: GET /session/68929459ca918a999f98598021acce7a/screenshot - {}
RESULT: {}
COMMAND: POST /session/68929459ca918a999f98598021acce7a/execute/sync - {"script":"<script> [276 bytes]","args":["No pricing information was found"]}
RESULT: {"script":"<script> [276 bytes]","args":["No pricing information was found"]}
COMMAND: POST /session/68929459ca918a999f98598021acce7a/element - {"using":"xpath","value":"(//button[@data-kt=\"saveButton\"])[2]"}
COMMAND: GET /session/68929459ca918a999f98598021acce7a/screenshot - {}
RESULT: {"using":"xpath","value":"(//button[@data-kt=\"saveButton\"])[2]"}
COMMAND: POST /session/68929459ca918a999f98598021acce7a/element/f.41167B24BF7F3EFA47545F25B3BF6A01.d.658BF4FA826CC7CCFEAE46E5D3E186E5.e.8056/click - {}
RESULT: {}
RESULT: {}
COMMAND: GET /session/68929459ca918a999f98598021acce7a/screenshot - {}
RESULT: {}
COMMAND: POST /session/68929459ca918a999f98598021acce7a/execute/sync - {"script":"<script> [276 bytes]","args":["Some contract items are having rental validity exceeding header rental validity"]}
RESULT: {"script":"<script> [276 bytes]","args":["Some contract items are having rental validity exceeding header rental validity"]}
COMMAND: GET /session/68929459ca918a999f98598021acce7a/screenshot - {}
RESULT: {}
COMMAND: POST /session/68929459ca918a999f98598021acce7a/element - {"using":"xpath","value":"//span[contains(@id ,\"contractItemsSmartTable-header-inner\")]"}
RESULT: {"using":"xpath","value":"//span[contains(@id ,\"contractItemsSmartTable-header-inner\")]"}
COMMAND: POST /session/68929459ca918a999f98598021acce7a/elements - {"using":"xpath","value":"//span[contains(@id ,\"contractItemsSmartTable-header-inner\")]"}
RESULT: {"using":"xpath","value":"//span[contains(@id ,\"contractItemsSmartTable-header-inner\")]"}
COMMAND: POST /session/68929459ca918a999f98598021acce7a/execute/sync - {"script":"<script> [56 bytes]","args":[{"element-6066-11e4-a52e-4f735466cecf":"f.41167B24BF7F3EFA47545F25B3BF6A01.d.658BF4FA826CC7CCFEAE46E5D3E186E5.e.8062","ELEMENT":"f.41167B24BF7F3EFA47545F25B3BF6A01.d.658BF4FA826CC7CCFEAE46E5D3E186E5.e.8062"}]}
RESULT: {"script":"<script> [56 bytes]","args":[{"element-6066-11e4-a52e-4f735466cecf":"f.41167B24BF7F3EFA47545F25B3BF6A01.d.658BF4FA826CC7CCFEAE46E5D3E186E5.e.8062","ELEMENT":"f.41167B24BF7F3EFA47545F25B3BF6A01.d.658BF4FA826CC7CCFEAE46E5D3E186E5.e.8062"}]}
]]></system-out>
    </testcase>
    <testcase classname="chrome.136_0_7103_49.windows.US134625_Set_up_price_condition_-_one_time" name="Should verify the bill item creation and pricing condition" time="10.917">
      <system-out><![CDATA[
COMMAND: POST /session/68929459ca918a999f98598021acce7a/execute/async - {"script":"<script> [1562 bytes]","args":[{"selector":{"controlType":"sap.ui.core.Icon","viewName":"etm.portal.ui.managecontracts.view.Detail","properties":{"src":{"regex":{"source":"slim\\-arrow\\-right"}}}},"wdio_ui5_key":"etmportal.ui.managecontracts.view.Detailsap.ui.core.Icon{\"src\":{\"regex\":{\"source\":\"slim\\\\-arrow\\\\-right\"}}}"}]}
COMMAND: GET /session/68929459ca918a999f98598021acce7a/screenshot - {}
RESULT: {"script":"<script> [1562 bytes]","args":[{"selector":{"controlType":"sap.ui.core.Icon","viewName":"etm.portal.ui.managecontracts.view.Detail","properties":{"src":{"regex":{"source":"slim\\-arrow\\-right"}}}},"wdio_ui5_key":"etmportal.ui.managecontracts.view.Detailsap.ui.core.Icon{\"src\":{\"regex\":{\"source\":\"slim\\\\-arrow\\\\-right\"}}}"}]}
RESULT: undefined
COMMAND: POST /session/68929459ca918a999f98598021acce7a/element - {"using":"xpath","value":"//*[@id=\"__item1191-__clone2566-imgNav\"]"}
RESULT: {}
RESULT: {"using":"xpath","value":"//*[@id=\"__item1191-__clone2566-imgNav\"]"}
COMMAND: POST /session/68929459ca918a999f98598021acce7a/element/f.41167B24BF7F3EFA47545F25B3BF6A01.d.658BF4FA826CC7CCFEAE46E5D3E186E5.e.8063/click - {}
RESULT: {}
COMMAND: GET /session/68929459ca918a999f98598021acce7a/screenshot - {}
COMMAND: POST /session/68929459ca918a999f98598021acce7a/execute/async - {"script":"<script> [1562 bytes]","args":[{"selector":{"controlType":"sap.m.Text","viewName":"etm.portal.ui.managecontracts.view.BillingItem","viewId":"application-managecontracts-display-component---BillingItem","bindingPath":{"propertyPath":"LINK_TO_C_BILL_TYPES/DESCRIPTION"}},"wdio_ui5_key":"etmportal.ui.managecontracts.view.BillingItemsap.m.Text{\"propertyPath\":\"LINK_TO_C_BILL_TYPES/DESCRIPTION\"}"}]}
RESULT: {}
RESULT: {"script":"<script> [1562 bytes]","args":[{"selector":{"controlType":"sap.m.Text","viewName":"etm.portal.ui.managecontracts.view.BillingItem","viewId":"application-managecontracts-display-component---BillingItem","bindingPath":{"propertyPath":"LINK_TO_C_BILL_TYPES/DESCRIPTION"}},"wdio_ui5_key":"etmportal.ui.managecontracts.view.BillingItemsap.m.Text{\"propertyPath\":\"LINK_TO_C_BILL_TYPES/DESCRIPTION\"}"}]}
RESULT: undefined
COMMAND: POST /session/68929459ca918a999f98598021acce7a/execute/async - {"script":"<script> [6424 bytes]","args":[{"element-6066-11e4-a52e-4f735466cecf":"f.41167B24BF7F3EFA47545F25B3BF6A01.d.658BF4FA826CC7CCFEAE46E5D3E186E5.e.8080"},"getText",[]]}
RESULT: {"script":"<script> [6424 bytes]","args":[{"element-6066-11e4-a52e-4f735466cecf":"f.41167B24BF7F3EFA47545F25B3BF6A01.d.658BF4FA826CC7CCFEAE46E5D3E186E5.e.8080"},"getText",[]]}
COMMAND: POST /session/68929459ca918a999f98598021acce7a/execute/async - {"script":"<script> [1562 bytes]","args":[{"selector":{"controlType":"sap.m.ObjectNumber","viewName":"etm.portal.ui.managecontracts.view.BillingItem","viewId":"application-managecontracts-display-component---BillingItem","bindingPath":{"propertyPath":"BASE_PRICE"}},"wdio_ui5_key":"etmportal.ui.managecontracts.view.BillingItemsap.m.ObjectNumber{\"propertyPath\":\"BASE_PRICE\"}"}]}
RESULT: {"script":"<script> [1562 bytes]","args":[{"selector":{"controlType":"sap.m.ObjectNumber","viewName":"etm.portal.ui.managecontracts.view.BillingItem","viewId":"application-managecontracts-display-component---BillingItem","bindingPath":{"propertyPath":"BASE_PRICE"}},"wdio_ui5_key":"etmportal.ui.managecontracts.view.BillingItemsap.m.ObjectNumber{\"propertyPath\":\"BASE_PRICE\"}"}]}
RESULT: undefined
COMMAND: POST /session/68929459ca918a999f98598021acce7a/execute/async - {"script":"<script> [6424 bytes]","args":[{"element-6066-11e4-a52e-4f735466cecf":"f.41167B24BF7F3EFA47545F25B3BF6A01.d.658BF4FA826CC7CCFEAE46E5D3E186E5.e.8081"},"getNumber",[]]}
RESULT: {"script":"<script> [6424 bytes]","args":[{"element-6066-11e4-a52e-4f735466cecf":"f.41167B24BF7F3EFA47545F25B3BF6A01.d.658BF4FA826CC7CCFEAE46E5D3E186E5.e.8081"},"getNumber",[]]}
COMMAND: POST /session/68929459ca918a999f98598021acce7a/execute/async - {"script":"<script> [1562 bytes]","args":[{"selector":{"controlType":"sap.m.ObjectNumber","viewName":"etm.portal.ui.managecontracts.view.BillingItem","viewId":"application-managecontracts-display-component---BillingItem","bindingPath":{"propertyPath":"BASE_QUANTITY"}},"wdio_ui5_key":"etmportal.ui.managecontracts.view.BillingItemsap.m.ObjectNumber{\"propertyPath\":\"BASE_QUANTITY\"}"}]}
RESULT: {"script":"<script> [1562 bytes]","args":[{"selector":{"controlType":"sap.m.ObjectNumber","viewName":"etm.portal.ui.managecontracts.view.BillingItem","viewId":"application-managecontracts-display-component---BillingItem","bindingPath":{"propertyPath":"BASE_QUANTITY"}},"wdio_ui5_key":"etmportal.ui.managecontracts.view.BillingItemsap.m.ObjectNumber{\"propertyPath\":\"BASE_QUANTITY\"}"}]}
RESULT: undefined
COMMAND: POST /session/68929459ca918a999f98598021acce7a/execute/async - {"script":"<script> [6424 bytes]","args":[{"element-6066-11e4-a52e-4f735466cecf":"f.41167B24BF7F3EFA47545F25B3BF6A01.d.658BF4FA826CC7CCFEAE46E5D3E186E5.e.8082"},"getNumber",[]]}
RESULT: {"script":"<script> [6424 bytes]","args":[{"element-6066-11e4-a52e-4f735466cecf":"f.41167B24BF7F3EFA47545F25B3BF6A01.d.658BF4FA826CC7CCFEAE46E5D3E186E5.e.8082"},"getNumber",[]]}
COMMAND: DELETE /session/68929459ca918a999f98598021acce7a - {}
RESULT: {}
]]></system-out>
    </testcase>
  </testsuite>
</testsuites>