<?xml version="1.0" encoding="UTF-8"?>
<testsuites tests="17" failures="1" errors="1" skipped="2">
  <testsuite timestamp="2025-05-13T17:28:35" time="1770.308" tests="13" failures="1" errors="1" skipped="2">
    <properties>
      <property name="specId" value="0" />
      <property name="suiteName" value="Partner specific tests US150819 US151080 US151654 US151176 US103444 US151078 US151079 US151109 US151174 US151175 US151189" />
      <property name="capabilities" value="chrome.136_0_7103_49.windows" />
      <property name="file" value="file:///D:/a/1/s/test/specs/BTS/manage-partners.spec.js" />
    </properties>
    <testcase classname="chrome.136_0_7103_49.windows.Partner_specific_tests_US150819_US151080_US151654_US151176_US103444_US151078_US151079_US151109_US151174_US151175_US151189" name="Should create a new yard prerequisite" time="160.866">
      <system-out><![CDATA[
COMMAND: POST /session/92e25ae387a06d821b008f80a04495e6/window/fullscreen - {}
RESULT: {}
COMMAND: POST /session/92e25ae387a06d821b008f80a04495e6/element - {"using":"xpath","value":"//li[.//span[text()=\"Manage Partners\"]]"}
RESULT: {"using":"xpath","value":"//li[.//span[text()=\"Manage Partners\"]]"}
COMMAND: POST /session/92e25ae387a06d821b008f80a04495e6/element - {"using":"xpath","value":"//li[.//span[text()=\"Manage Partners\"]]"}
RESULT: {"using":"xpath","value":"//li[.//span[text()=\"Manage Partners\"]]"}
COMMAND: POST /session/92e25ae387a06d821b008f80a04495e6/element - {"using":"css selector","value":"#shell-header-logo"}
RESULT: {"using":"css selector","value":"#shell-header-logo"}
COMMAND: POST /session/92e25ae387a06d821b008f80a04495e6/element/f.2AE10C335A97376731A182912FB7EE33.d.879BE52BBC802DF7768FBC15AD7DA73C.e.265/click - {}
COMMAND: POST /session/92e25ae387a06d821b008f80a04495e6/execute/sync - {"script":"<script> [8489 bytes]","args":[{"element-6066-11e4-a52e-4f735466cecf":"f.2AE10C335A97376731A182912FB7EE33.d.879BE52BBC802DF7768FBC15AD7DA73C.e.265","ELEMENT":"f.2AE10C335A97376731A182912FB7EE33.d.879BE52BBC802DF7768FBC15AD7DA73C.e.265"}]}
RESULT: {}
COMMAND: GET /session/92e25ae387a06d821b008f80a04495e6/screenshot - {}
RESULT: {"script":"<script> [8489 bytes]","args":[{"element-6066-11e4-a52e-4f735466cecf":"f.2AE10C335A97376731A182912FB7EE33.d.879BE52BBC802DF7768FBC15AD7DA73C.e.265","ELEMENT":"f.2AE10C335A97376731A182912FB7EE33.d.879BE52BBC802DF7768FBC15AD7DA73C.e.265"}]}
COMMAND: POST /session/92e25ae387a06d821b008f80a04495e6/execute/sync - {"script":"<script> [5351 bytes]","args":[{"element-6066-11e4-a52e-4f735466cecf":"f.2AE10C335A97376731A182912FB7EE33.d.879BE52BBC802DF7768FBC15AD7DA73C.e.265","ELEMENT":"f.2AE10C335A97376731A182912FB7EE33.d.879BE52BBC802DF7768FBC15AD7DA73C.e.265"}]}
COMMAND: GET /session/92e25ae387a06d821b008f80a04495e6/screenshot - {}
RESULT: {}
RESULT: {"script":"<script> [5351 bytes]","args":[{"element-6066-11e4-a52e-4f735466cecf":"f.2AE10C335A97376731A182912FB7EE33.d.879BE52BBC802DF7768FBC15AD7DA73C.e.265","ELEMENT":"f.2AE10C335A97376731A182912FB7EE33.d.879BE52BBC802DF7768FBC15AD7DA73C.e.265"}]}
COMMAND: GET /session/92e25ae387a06d821b008f80a04495e6/screenshot - {}
RESULT: {}
RESULT: {}
COMMAND: POST /session/92e25ae387a06d821b008f80a04495e6/execute/async - {"script":"<script> [1562 bytes]","args":[{"selector":{"controlType":"sap.m.GenericTile","properties":{"header":"Manage Yards"}},"wdio_ui5_key":"sapm.GenericTile{\"header\":\"Manage Yards\"}"}]}
RESULT: {"script":"<script> [1562 bytes]","args":[{"selector":{"controlType":"sap.m.GenericTile","properties":{"header":"Manage Yards"}},"wdio_ui5_key":"sapm.GenericTile{\"header\":\"Manage Yards\"}"}]}
RESULT: undefined
COMMAND: POST /session/92e25ae387a06d821b008f80a04495e6/element - {"using":"xpath","value":"//*[@id=\"__tile41\"]"}
RESULT: {"using":"xpath","value":"//*[@id=\"__tile41\"]"}
COMMAND: POST /session/92e25ae387a06d821b008f80a04495e6/element/f.2AE10C335A97376731A182912FB7EE33.d.879BE52BBC802DF7768FBC15AD7DA73C.e.162/click - {}
RESULT: {}
COMMAND: POST /session/92e25ae387a06d821b008f80a04495e6/element - {"using":"xpath","value":"//button[@data-kt=\"addNewYardOverflowToolbarButton\"]"}
COMMAND: GET /session/92e25ae387a06d821b008f80a04495e6/screenshot - {}
RESULT: {"using":"xpath","value":"//button[@data-kt=\"addNewYardOverflowToolbarButton\"]"}
COMMAND: POST /session/92e25ae387a06d821b008f80a04495e6/elements - {"using":"xpath","value":"//button[@data-kt=\"addNewYardOverflowToolbarButton\"]"}
RESULT: {}
RESULT: {"using":"xpath","value":"//button[@data-kt=\"addNewYardOverflowToolbarButton\"]"}
COMMAND: POST /session/92e25ae387a06d821b008f80a04495e6/elements - {"using":"xpath","value":"//button[@data-kt=\"addNewYardOverflowToolbarButton\"]"}
RESULT: {"using":"xpath","value":"//button[@data-kt=\"addNewYardOverflowToolbarButton\"]"}
COMMAND: POST /session/92e25ae387a06d821b008f80a04495e6/elements - {"using":"xpath","value":"//button[@data-kt=\"addNewYardOverflowToolbarButton\"]"}
RESULT: {"using":"xpath","value":"//button[@data-kt=\"addNewYardOverflowToolbarButton\"]"}
COMMAND: POST /session/92e25ae387a06d821b008f80a04495e6/elements - {"using":"xpath","value":"//button[@data-kt=\"addNewYardOverflowToolbarButton\"]"}
RESULT: {"using":"xpath","value":"//button[@data-kt=\"addNewYardOverflowToolbarButton\"]"}
COMMAND: POST /session/92e25ae387a06d821b008f80a04495e6/elements - {"using":"xpath","value":"//button[@data-kt=\"addNewYardOverflowToolbarButton\"]"}
RESULT: {"using":"xpath","value":"//button[@data-kt=\"addNewYardOverflowToolbarButton\"]"}
COMMAND: POST /session/92e25ae387a06d821b008f80a04495e6/elements - {"using":"xpath","value":"//button[@data-kt=\"addNewYardOverflowToolbarButton\"]"}
RESULT: {"using":"xpath","value":"//button[@data-kt=\"addNewYardOverflowToolbarButton\"]"}
COMMAND: POST /session/92e25ae387a06d821b008f80a04495e6/elements - {"using":"xpath","value":"//button[@data-kt=\"addNewYardOverflowToolbarButton\"]"}
RESULT: {"using":"xpath","value":"//button[@data-kt=\"addNewYardOverflowToolbarButton\"]"}
COMMAND: POST /session/92e25ae387a06d821b008f80a04495e6/elements - {"using":"xpath","value":"//button[@data-kt=\"addNewYardOverflowToolbarButton\"]"}
RESULT: {"using":"xpath","value":"//button[@data-kt=\"addNewYardOverflowToolbarButton\"]"}
COMMAND: POST /session/92e25ae387a06d821b008f80a04495e6/elements - {"using":"xpath","value":"//button[@data-kt=\"addNewYardOverflowToolbarButton\"]"}
RESULT: {"using":"xpath","value":"//button[@data-kt=\"addNewYardOverflowToolbarButton\"]"}
COMMAND: POST /session/92e25ae387a06d821b008f80a04495e6/elements - {"using":"xpath","value":"//button[@data-kt=\"addNewYardOverflowToolbarButton\"]"}
RESULT: {"using":"xpath","value":"//button[@data-kt=\"addNewYardOverflowToolbarButton\"]"}
COMMAND: POST /session/92e25ae387a06d821b008f80a04495e6/elements - {"using":"xpath","value":"//button[@data-kt=\"addNewYardOverflowToolbarButton\"]"}
RESULT: {"using":"xpath","value":"//button[@data-kt=\"addNewYardOverflowToolbarButton\"]"}
COMMAND: POST /session/92e25ae387a06d821b008f80a04495e6/elements - {"using":"xpath","value":"//button[@data-kt=\"addNewYardOverflowToolbarButton\"]"}
RESULT: {"using":"xpath","value":"//button[@data-kt=\"addNewYardOverflowToolbarButton\"]"}
COMMAND: POST /session/92e25ae387a06d821b008f80a04495e6/elements - {"using":"xpath","value":"//button[@data-kt=\"addNewYardOverflowToolbarButton\"]"}
RESULT: {"using":"xpath","value":"//button[@data-kt=\"addNewYardOverflowToolbarButton\"]"}
COMMAND: POST /session/92e25ae387a06d821b008f80a04495e6/element - {"using":"xpath","value":"//button[@data-kt=\"addNewYardOverflowToolbarButton\"]"}
RESULT: {"using":"xpath","value":"//button[@data-kt=\"addNewYardOverflowToolbarButton\"]"}
COMMAND: POST /session/92e25ae387a06d821b008f80a04495e6/execute/sync - {"script":"<script> [8489 bytes]","args":[{"element-6066-11e4-a52e-4f735466cecf":"f.2AE10C335A97376731A182912FB7EE33.d.879BE52BBC802DF7768FBC15AD7DA73C.e.299","ELEMENT":"f.2AE10C335A97376731A182912FB7EE33.d.879BE52BBC802DF7768FBC15AD7DA73C.e.299"}]}
RESULT: {"script":"<script> [8489 bytes]","args":[{"element-6066-11e4-a52e-4f735466cecf":"f.2AE10C335A97376731A182912FB7EE33.d.879BE52BBC802DF7768FBC15AD7DA73C.e.299","ELEMENT":"f.2AE10C335A97376731A182912FB7EE33.d.879BE52BBC802DF7768FBC15AD7DA73C.e.299"}]}
COMMAND: GET /session/92e25ae387a06d821b008f80a04495e6/element/f.2AE10C335A97376731A182912FB7EE33.d.879BE52BBC802DF7768FBC15AD7DA73C.e.299/enabled - {}
COMMAND: GET /session/92e25ae387a06d821b008f80a04495e6/screenshot - {}
RESULT: {}
COMMAND: POST /session/92e25ae387a06d821b008f80a04495e6/execute/sync - {"script":"<script> [8489 bytes]","args":[{"element-6066-11e4-a52e-4f735466cecf":"f.2AE10C335A97376731A182912FB7EE33.d.879BE52BBC802DF7768FBC15AD7DA73C.e.299","ELEMENT":"f.2AE10C335A97376731A182912FB7EE33.d.879BE52BBC802DF7768FBC15AD7DA73C.e.299"}]}
COMMAND: GET /session/92e25ae387a06d821b008f80a04495e6/screenshot - {}
RESULT: {}
RESULT: {"script":"<script> [8489 bytes]","args":[{"element-6066-11e4-a52e-4f735466cecf":"f.2AE10C335A97376731A182912FB7EE33.d.879BE52BBC802DF7768FBC15AD7DA73C.e.299","ELEMENT":"f.2AE10C335A97376731A182912FB7EE33.d.879BE52BBC802DF7768FBC15AD7DA73C.e.299"}]}
COMMAND: POST /session/92e25ae387a06d821b008f80a04495e6/execute/sync - {"script":"<script> [5351 bytes]","args":[{"element-6066-11e4-a52e-4f735466cecf":"f.2AE10C335A97376731A182912FB7EE33.d.879BE52BBC802DF7768FBC15AD7DA73C.e.299","ELEMENT":"f.2AE10C335A97376731A182912FB7EE33.d.879BE52BBC802DF7768FBC15AD7DA73C.e.299"}]}
COMMAND: GET /session/92e25ae387a06d821b008f80a04495e6/screenshot - {}
RESULT: {}
RESULT: {"script":"<script> [5351 bytes]","args":[{"element-6066-11e4-a52e-4f735466cecf":"f.2AE10C335A97376731A182912FB7EE33.d.879BE52BBC802DF7768FBC15AD7DA73C.e.299","ELEMENT":"f.2AE10C335A97376731A182912FB7EE33.d.879BE52BBC802DF7768FBC15AD7DA73C.e.299"}]}
COMMAND: POST /session/92e25ae387a06d821b008f80a04495e6/element/f.2AE10C335A97376731A182912FB7EE33.d.879BE52BBC802DF7768FBC15AD7DA73C.e.299/click - {}
COMMAND: GET /session/92e25ae387a06d821b008f80a04495e6/screenshot - {}
RESULT: {}
RESULT: {}
COMMAND: GET /session/92e25ae387a06d821b008f80a04495e6/screenshot - {}
RESULT: {}
COMMAND: POST /session/92e25ae387a06d821b008f80a04495e6/element - {"using":"xpath","value":"//input[@id=\"application-manageyards-display-component---NewYard--yardId-inner\"]"}
RESULT: {}
RESULT: {"using":"xpath","value":"//input[@id=\"application-manageyards-display-component---NewYard--yardId-inner\"]"}
COMMAND: POST /session/92e25ae387a06d821b008f80a04495e6/element - {"using":"xpath","value":"//input[@id=\"application-manageyards-display-component---NewYard--yardId-inner\"]"}
RESULT: {"using":"xpath","value":"//input[@id=\"application-manageyards-display-component---NewYard--yardId-inner\"]"}
COMMAND: POST /session/92e25ae387a06d821b008f80a04495e6/execute/async - {"script":"<script> [1562 bytes]","args":[{"selector":{"id":"application-manageyards-display-component---NewYard--addressDetailDetailsName1","interaction":{"idSuffix":"inner"}},"wdio_ui5_key":"applicationmanageyards-display-component---NewYard--addressDetailDetailsName1"}]}
RESULT: {"script":"<script> [1562 bytes]","args":[{"selector":{"id":"application-manageyards-display-component---NewYard--addressDetailDetailsName1","interaction":{"idSuffix":"inner"}},"wdio_ui5_key":"applicationmanageyards-display-component---NewYard--addressDetailDetailsName1"}]}
RESULT: undefined
COMMAND: POST /session/92e25ae387a06d821b008f80a04495e6/execute/async - {"script":"<script> [776 bytes]","args":[{"enterText":"Intracompany Yard wdIO","selector":{"id":"application-manageyards-display-component---NewYard--addressDetailDetailsName1","interaction":{"idSuffix":"inner"}},"clearTextFirst":true,"interactionType":"ENTER_TEXT"}]}
RESULT: {"script":"<script> [776 bytes]","args":[{"enterText":"Intracompany Yard wdIO","selector":{"id":"application-manageyards-display-component---NewYard--addressDetailDetailsName1","interaction":{"idSuffix":"inner"}},"clearTextFirst":true,"interactionType":"ENTER_TEXT"}]}
COMMAND: POST /session/92e25ae387a06d821b008f80a04495e6/execute/async - {"script":"<script> [1562 bytes]","args":[{"selector":{"id":"application-manageyards-display-component---NewYard--addressDetailDetailsLanguage-arrow"},"wdio_ui5_key":"applicationmanageyards-display-component---NewYard--addressDetailDetailsLanguage-arrow"}]}
RESULT: {"script":"<script> [1562 bytes]","args":[{"selector":{"id":"application-manageyards-display-component---NewYard--addressDetailDetailsLanguage-arrow"},"wdio_ui5_key":"applicationmanageyards-display-component---NewYard--addressDetailDetailsLanguage-arrow"}]}
RESULT: undefined
COMMAND: POST /session/92e25ae387a06d821b008f80a04495e6/element - {"using":"xpath","value":"//*[@id=\"application-manageyards-display-component---NewYard--addressDetailDetailsLanguage-arrow\"]"}
RESULT: {"using":"xpath","value":"//*[@id=\"application-manageyards-display-component---NewYard--addressDetailDetailsLanguage-arrow\"]"}
COMMAND: POST /session/92e25ae387a06d821b008f80a04495e6/element/f.2AE10C335A97376731A182912FB7EE33.d.879BE52BBC802DF7768FBC15AD7DA73C.e.739/click - {}
RESULT: {}
COMMAND: POST /session/92e25ae387a06d821b008f80a04495e6/element - {"using":"xpath","value":"//span[contains(text(), \"English\")]"}
COMMAND: GET /session/92e25ae387a06d821b008f80a04495e6/screenshot - {}
RESULT: {"using":"xpath","value":"//span[contains(text(), \"English\")]"}
COMMAND: POST /session/92e25ae387a06d821b008f80a04495e6/element/f.2AE10C335A97376731A182912FB7EE33.d.879BE52BBC802DF7768FBC15AD7DA73C.e.740/click - {}
RESULT: {}
RESULT: {}
COMMAND: POST /session/92e25ae387a06d821b008f80a04495e6/execute/async - {"script":"<script> [1562 bytes]","args":[{"selector":{"id":"application-manageyards-display-component---NewYard--addressDetailDetailsCity1","interaction":{"idSuffix":"inner"}},"wdio_ui5_key":"applicationmanageyards-display-component---NewYard--addressDetailDetailsCity1"}]}
COMMAND: GET /session/92e25ae387a06d821b008f80a04495e6/screenshot - {}
RESULT: {"script":"<script> [1562 bytes]","args":[{"selector":{"id":"application-manageyards-display-component---NewYard--addressDetailDetailsCity1","interaction":{"idSuffix":"inner"}},"wdio_ui5_key":"applicationmanageyards-display-component---NewYard--addressDetailDetailsCity1"}]}
RESULT: undefined
COMMAND: POST /session/92e25ae387a06d821b008f80a04495e6/execute/async - {"script":"<script> [776 bytes]","args":[{"enterText":"Rosario","selector":{"id":"application-manageyards-display-component---NewYard--addressDetailDetailsCity1","interaction":{"idSuffix":"inner"}},"clearTextFirst":true,"interactionType":"ENTER_TEXT"}]}
RESULT: {}
RESULT: {"script":"<script> [776 bytes]","args":[{"enterText":"Rosario","selector":{"id":"application-manageyards-display-component---NewYard--addressDetailDetailsCity1","interaction":{"idSuffix":"inner"}},"clearTextFirst":true,"interactionType":"ENTER_TEXT"}]}
COMMAND: POST /session/92e25ae387a06d821b008f80a04495e6/execute/async - {"script":"<script> [1562 bytes]","args":[{"selector":{"id":"application-manageyards-display-component---NewYard--addressDetailDetailsCountry-arrow"},"wdio_ui5_key":"applicationmanageyards-display-component---NewYard--addressDetailDetailsCountry-arrow"}]}
RESULT: {"script":"<script> [1562 bytes]","args":[{"selector":{"id":"application-manageyards-display-component---NewYard--addressDetailDetailsCountry-arrow"},"wdio_ui5_key":"applicationmanageyards-display-component---NewYard--addressDetailDetailsCountry-arrow"}]}
RESULT: undefined
COMMAND: POST /session/92e25ae387a06d821b008f80a04495e6/element - {"using":"xpath","value":"//*[@id=\"application-manageyards-display-component---NewYard--addressDetailDetailsCountry-arrow\"]"}
RESULT: {"using":"xpath","value":"//*[@id=\"application-manageyards-display-component---NewYard--addressDetailDetailsCountry-arrow\"]"}
COMMAND: POST /session/92e25ae387a06d821b008f80a04495e6/element/f.2AE10C335A97376731A182912FB7EE33.d.879BE52BBC802DF7768FBC15AD7DA73C.e.742/click - {}
RESULT: {}
COMMAND: POST /session/92e25ae387a06d821b008f80a04495e6/element - {"using":"xpath","value":"//span[contains(text(), \"Argentina\")]"}
COMMAND: GET /session/92e25ae387a06d821b008f80a04495e6/screenshot - {}
RESULT: {"using":"xpath","value":"//span[contains(text(), \"Argentina\")]"}
COMMAND: POST /session/92e25ae387a06d821b008f80a04495e6/element/f.2AE10C335A97376731A182912FB7EE33.d.879BE52BBC802DF7768FBC15AD7DA73C.e.743/click - {}
RESULT: {}
RESULT: {}
COMMAND: POST /session/92e25ae387a06d821b008f80a04495e6/execute/async - {"script":"<script> [1562 bytes]","args":[{"selector":{"id":"application-manageyards-display-component---NewYard--addressEditDetailsCostObjectCstType-arrow"},"wdio_ui5_key":"applicationmanageyards-display-component---NewYard--addressEditDetailsCostObjectCstType-arrow"}]}
COMMAND: GET /session/92e25ae387a06d821b008f80a04495e6/screenshot - {}
RESULT: {"script":"<script> [1562 bytes]","args":[{"selector":{"id":"application-manageyards-display-component---NewYard--addressEditDetailsCostObjectCstType-arrow"},"wdio_ui5_key":"applicationmanageyards-display-component---NewYard--addressEditDetailsCostObjectCstType-arrow"}]}
RESULT: undefined
COMMAND: POST /session/92e25ae387a06d821b008f80a04495e6/element - {"using":"xpath","value":"//*[@id=\"application-manageyards-display-component---NewYard--addressEditDetailsCostObjectCstType-arrow\"]"}
RESULT: {}
RESULT: {"using":"xpath","value":"//*[@id=\"application-manageyards-display-component---NewYard--addressEditDetailsCostObjectCstType-arrow\"]"}
COMMAND: POST /session/92e25ae387a06d821b008f80a04495e6/element/f.2AE10C335A97376731A182912FB7EE33.d.879BE52BBC802DF7768FBC15AD7DA73C.e.745/click - {}
RESULT: {}
COMMAND: POST /session/92e25ae387a06d821b008f80a04495e6/element - {"using":"xpath","value":"//span[contains(text(), \"Cost Center\")]"}
COMMAND: GET /session/92e25ae387a06d821b008f80a04495e6/screenshot - {}
RESULT: {"using":"xpath","value":"//span[contains(text(), \"Cost Center\")]"}
COMMAND: POST /session/92e25ae387a06d821b008f80a04495e6/element/f.2AE10C335A97376731A182912FB7EE33.d.879BE52BBC802DF7768FBC15AD7DA73C.e.746/click - {}
RESULT: {}
RESULT: {}
COMMAND: GET /session/92e25ae387a06d821b008f80a04495e6/screenshot - {}
RESULT: {}
COMMAND: POST /session/92e25ae387a06d821b008f80a04495e6/element - {"using":"xpath","value":"//span[@id=\"application-manageyards-display-component---NewYard--addressNewCostObjectCstID-vhi\"]"}
RESULT: {"using":"xpath","value":"//span[@id=\"application-manageyards-display-component---NewYard--addressNewCostObjectCstID-vhi\"]"}
COMMAND: POST /session/92e25ae387a06d821b008f80a04495e6/execute/sync - {"script":"<script> [8489 bytes]","args":[{"element-6066-11e4-a52e-4f735466cecf":"f.2AE10C335A97376731A182912FB7EE33.d.879BE52BBC802DF7768FBC15AD7DA73C.e.750","ELEMENT":"f.2AE10C335A97376731A182912FB7EE33.d.879BE52BBC802DF7768FBC15AD7DA73C.e.750"}]}
RESULT: {"script":"<script> [8489 bytes]","args":[{"element-6066-11e4-a52e-4f735466cecf":"f.2AE10C335A97376731A182912FB7EE33.d.879BE52BBC802DF7768FBC15AD7DA73C.e.750","ELEMENT":"f.2AE10C335A97376731A182912FB7EE33.d.879BE52BBC802DF7768FBC15AD7DA73C.e.750"}]}
COMMAND: POST /session/92e25ae387a06d821b008f80a04495e6/execute/async - {"script":"<script> [1562 bytes]","args":[{"selector":{"id":"application-manageyards-display-component---NewYard--addressNewCostObjectCstID-vhi"},"wdio_ui5_key":"applicationmanageyards-display-component---NewYard--addressNewCostObjectCstID-vhi"}]}
COMMAND: GET /session/92e25ae387a06d821b008f80a04495e6/screenshot - {}
RESULT: {"script":"<script> [1562 bytes]","args":[{"selector":{"id":"application-manageyards-display-component---NewYard--addressNewCostObjectCstID-vhi"},"wdio_ui5_key":"applicationmanageyards-display-component---NewYard--addressNewCostObjectCstID-vhi"}]}
RESULT: undefined
COMMAND: POST /session/92e25ae387a06d821b008f80a04495e6/element - {"using":"xpath","value":"//*[@id=\"application-manageyards-display-component---NewYard--addressNewCostObjectCstID-vhi\"]"}
RESULT: {}
RESULT: {"using":"xpath","value":"//*[@id=\"application-manageyards-display-component---NewYard--addressNewCostObjectCstID-vhi\"]"}
COMMAND: POST /session/92e25ae387a06d821b008f80a04495e6/element/f.2AE10C335A97376731A182912FB7EE33.d.879BE52BBC802DF7768FBC15AD7DA73C.e.750/click - {}
RESULT: {}
COMMAND: GET /session/92e25ae387a06d821b008f80a04495e6/screenshot - {}
COMMAND: POST /session/92e25ae387a06d821b008f80a04495e6/execute/async - {"script":"<script> [1562 bytes]","args":[{"selector":{"controlType":"sap.m.SearchField","properties":{"placeholder":"Search"},"searchOpenDialogs":true,"interaction":{"idSuffix":"I"}},"wdio_ui5_key":"sapm.SearchField{\"placeholder\":\"Search\"}"}]}
RESULT: {}
RESULT: {"script":"<script> [1562 bytes]","args":[{"selector":{"controlType":"sap.m.SearchField","properties":{"placeholder":"Search"},"searchOpenDialogs":true,"interaction":{"idSuffix":"I"}},"wdio_ui5_key":"sapm.SearchField{\"placeholder\":\"Search\"}"}]}
RESULT: undefined
COMMAND: POST /session/92e25ae387a06d821b008f80a04495e6/execute/async - {"script":"<script> [776 bytes]","args":[{"enterText":"10001013","selector":{"controlType":"sap.m.SearchField","properties":{"placeholder":"Search"},"searchOpenDialogs":true,"interaction":{"idSuffix":"I"}},"clearTextFirst":true,"interactionType":"ENTER_TEXT"}]}
RESULT: {"script":"<script> [776 bytes]","args":[{"enterText":"10001013","selector":{"controlType":"sap.m.SearchField","properties":{"placeholder":"Search"},"searchOpenDialogs":true,"interaction":{"idSuffix":"I"}},"clearTextFirst":true,"interactionType":"ENTER_TEXT"}]}
COMMAND: POST /session/92e25ae387a06d821b008f80a04495e6/actions - {"actions":[{"id":"action1","type":"key","parameters":{},"actions":[{"type":"keyDown","value":"î€‡"},{"type":"pause","duration":10},{"type":"keyUp","value":"î€‡"}]}]}
RESULT: {"actions":[{"id":"action1","type":"key","parameters":{},"actions":[{"type":"keyDown","value":"î€‡"},{"type":"pause","duration":10},{"type":"keyUp","value":"î€‡"}]}]}
COMMAND: GET /session/92e25ae387a06d821b008f80a04495e6/screenshot - {}
RESULT: {}
COMMAND: POST /session/92e25ae387a06d821b008f80a04495e6/element - {"using":"xpath","value":"//span[contains(text(), \"General Management\")]"}
RESULT: {"using":"xpath","value":"//span[contains(text(), \"General Management\")]"}
COMMAND: POST /session/92e25ae387a06d821b008f80a04495e6/element/f.2AE10C335A97376731A182912FB7EE33.d.879BE52BBC802DF7768FBC15AD7DA73C.e.794/click - {}
RESULT: {}
COMMAND: GET /session/92e25ae387a06d821b008f80a04495e6/screenshot - {}
RESULT: {}
COMMAND: POST /session/92e25ae387a06d821b008f80a04495e6/element - {"using":"xpath","value":"//bdi[contains(text(), \"OK\")]"}
RESULT: {"using":"xpath","value":"//bdi[contains(text(), \"OK\")]"}
COMMAND: POST /session/92e25ae387a06d821b008f80a04495e6/element/f.2AE10C335A97376731A182912FB7EE33.d.879BE52BBC802DF7768FBC15AD7DA73C.e.795/click - {}
RESULT: {}
COMMAND: GET /session/92e25ae387a06d821b008f80a04495e6/screenshot - {}
RESULT: {}
COMMAND: POST /session/92e25ae387a06d821b008f80a04495e6/execute/async - {"script":"<script> [1562 bytes]","args":[{"selector":{"id":"application-manageyards-display-component---NewYard--addressEditDetailsCurrency-arrow"},"wdio_ui5_key":"applicationmanageyards-display-component---NewYard--addressEditDetailsCurrency-arrow"}]}
RESULT: {"script":"<script> [1562 bytes]","args":[{"selector":{"id":"application-manageyards-display-component---NewYard--addressEditDetailsCurrency-arrow"},"wdio_ui5_key":"applicationmanageyards-display-component---NewYard--addressEditDetailsCurrency-arrow"}]}
RESULT: undefined
COMMAND: POST /session/92e25ae387a06d821b008f80a04495e6/element - {"using":"xpath","value":"//*[@id=\"application-manageyards-display-component---NewYard--addressEditDetailsCurrency-arrow\"]"}
RESULT: {"using":"xpath","value":"//*[@id=\"application-manageyards-display-component---NewYard--addressEditDetailsCurrency-arrow\"]"}
COMMAND: POST /session/92e25ae387a06d821b008f80a04495e6/element/f.2AE10C335A97376731A182912FB7EE33.d.879BE52BBC802DF7768FBC15AD7DA73C.e.798/click - {}
RESULT: {}
COMMAND: POST /session/92e25ae387a06d821b008f80a04495e6/element - {"using":"xpath","value":"//span[contains(text(), \"Euro\")]"}
COMMAND: GET /session/92e25ae387a06d821b008f80a04495e6/screenshot - {}
RESULT: {"using":"xpath","value":"//span[contains(text(), \"Euro\")]"}
COMMAND: POST /session/92e25ae387a06d821b008f80a04495e6/element/f.2AE10C335A97376731A182912FB7EE33.d.879BE52BBC802DF7768FBC15AD7DA73C.e.799/click - {}
RESULT: {}
RESULT: {}
COMMAND: POST /session/92e25ae387a06d821b008f80a04495e6/execute/async - {"script":"<script> [1562 bytes]","args":[{"selector":{"controlType":"sap.m.Input","viewName":"etm.portal.ui.manageyards.view.New","viewId":"application-manageyards-display-component---NewYard","bindingPath":{"path":"","propertyPath":"/CONTROLLING_AREA","modelName":"NewYardModel"},"interaction":{"idSuffix":"inner"}},"wdio_ui5_key":"etmportal.ui.manageyards.view.Newsap.m.Input{\"path\":\"\",\"propertyPath\":\"/CONTROLLING_AREA\",\"modelName\":\"NewYardModel\"}"}]}
COMMAND: GET /session/92e25ae387a06d821b008f80a04495e6/screenshot - {}
RESULT: {"script":"<script> [1562 bytes]","args":[{"selector":{"controlType":"sap.m.Input","viewName":"etm.portal.ui.manageyards.view.New","viewId":"application-manageyards-display-component---NewYard","bindingPath":{"path":"","propertyPath":"/CONTROLLING_AREA","modelName":"NewYardModel"},"interaction":{"idSuffix":"inner"}},"wdio_ui5_key":"etmportal.ui.manageyards.view.Newsap.m.Input{\"path\":\"\",\"propertyPath\":\"/CONTROLLING_AREA\",\"modelName\":\"NewYardModel\"}"}]}
RESULT: undefined
COMMAND: POST /session/92e25ae387a06d821b008f80a04495e6/execute/async - {"script":"<script> [776 bytes]","args":[{"enterText":"Z001","selector":{"controlType":"sap.m.Input","viewName":"etm.portal.ui.manageyards.view.New","viewId":"application-manageyards-display-component---NewYard","bindingPath":{"path":"","propertyPath":"/CONTROLLING_AREA","modelName":"NewYardModel"},"interaction":{"idSuffix":"inner"}},"clearTextFirst":true,"interactionType":"ENTER_TEXT"}]}
RESULT: {}
RESULT: {"script":"<script> [776 bytes]","args":[{"enterText":"Z001","selector":{"controlType":"sap.m.Input","viewName":"etm.portal.ui.manageyards.view.New","viewId":"application-manageyards-display-component---NewYard","bindingPath":{"path":"","propertyPath":"/CONTROLLING_AREA","modelName":"NewYardModel"},"interaction":{"idSuffix":"inner"}},"clearTextFirst":true,"interactionType":"ENTER_TEXT"}]}
COMMAND: POST /session/92e25ae387a06d821b008f80a04495e6/execute/async - {"script":"<script> [1562 bytes]","args":[{"selector":{"id":"application-manageyards-display-component---NewYard--companyCodeComboBox","interaction":{"idSuffix":"inner"}},"wdio_ui5_key":"applicationmanageyards-display-component---NewYard--companyCodeComboBox"}]}
RESULT: {"script":"<script> [1562 bytes]","args":[{"selector":{"id":"application-manageyards-display-component---NewYard--companyCodeComboBox","interaction":{"idSuffix":"inner"}},"wdio_ui5_key":"applicationmanageyards-display-component---NewYard--companyCodeComboBox"}]}
RESULT: undefined
COMMAND: POST /session/92e25ae387a06d821b008f80a04495e6/execute/async - {"script":"<script> [776 bytes]","args":[{"enterText":"1000","selector":{"id":"application-manageyards-display-component---NewYard--companyCodeComboBox","interaction":{"idSuffix":"inner"}},"clearTextFirst":true,"interactionType":"ENTER_TEXT"}]}
RESULT: {"script":"<script> [776 bytes]","args":[{"enterText":"1000","selector":{"id":"application-manageyards-display-component---NewYard--companyCodeComboBox","interaction":{"idSuffix":"inner"}},"clearTextFirst":true,"interactionType":"ENTER_TEXT"}]}
COMMAND: POST /session/92e25ae387a06d821b008f80a04495e6/execute/async - {"script":"<script> [1562 bytes]","args":[{"selector":{"controlType":"sap.m.Input","viewName":"etm.portal.ui.manageyards.view.New","viewId":"application-manageyards-display-component---NewYard","bindingPath":{"path":"","propertyPath":"/PLANT","modelName":"NewYardModel"},"interaction":{"idSuffix":"inner"}},"wdio_ui5_key":"etmportal.ui.manageyards.view.Newsap.m.Input{\"path\":\"\",\"propertyPath\":\"/PLANT\",\"modelName\":\"NewYardModel\"}"}]}
RESULT: {"script":"<script> [1562 bytes]","args":[{"selector":{"controlType":"sap.m.Input","viewName":"etm.portal.ui.manageyards.view.New","viewId":"application-manageyards-display-component---NewYard","bindingPath":{"path":"","propertyPath":"/PLANT","modelName":"NewYardModel"},"interaction":{"idSuffix":"inner"}},"wdio_ui5_key":"etmportal.ui.manageyards.view.Newsap.m.Input{\"path\":\"\",\"propertyPath\":\"/PLANT\",\"modelName\":\"NewYardModel\"}"}]}
RESULT: undefined
COMMAND: POST /session/92e25ae387a06d821b008f80a04495e6/execute/async - {"script":"<script> [776 bytes]","args":[{"enterText":"1001","selector":{"controlType":"sap.m.Input","viewName":"etm.portal.ui.manageyards.view.New","viewId":"application-manageyards-display-component---NewYard","bindingPath":{"path":"","propertyPath":"/PLANT","modelName":"NewYardModel"},"interaction":{"idSuffix":"inner"}},"clearTextFirst":true,"interactionType":"ENTER_TEXT"}]}
RESULT: {"script":"<script> [776 bytes]","args":[{"enterText":"1001","selector":{"controlType":"sap.m.Input","viewName":"etm.portal.ui.manageyards.view.New","viewId":"application-manageyards-display-component---NewYard","bindingPath":{"path":"","propertyPath":"/PLANT","modelName":"NewYardModel"},"interaction":{"idSuffix":"inner"}},"clearTextFirst":true,"interactionType":"ENTER_TEXT"}]}
COMMAND: POST /session/92e25ae387a06d821b008f80a04495e6/execute/async - {"script":"<script> [1562 bytes]","args":[{"selector":{"controlType":"sap.m.Input","viewName":"etm.portal.ui.manageyards.view.New","viewId":"application-manageyards-display-component---NewYard","bindingPath":{"path":"","propertyPath":"/SALES_AREA_VKORG","modelName":"NewYardModel"},"interaction":{"idSuffix":"inner"}},"wdio_ui5_key":"etmportal.ui.manageyards.view.Newsap.m.Input{\"path\":\"\",\"propertyPath\":\"/SALES_AREA_VKORG\",\"modelName\":\"NewYardModel\"}"}]}
RESULT: {"script":"<script> [1562 bytes]","args":[{"selector":{"controlType":"sap.m.Input","viewName":"etm.portal.ui.manageyards.view.New","viewId":"application-manageyards-display-component---NewYard","bindingPath":{"path":"","propertyPath":"/SALES_AREA_VKORG","modelName":"NewYardModel"},"interaction":{"idSuffix":"inner"}},"wdio_ui5_key":"etmportal.ui.manageyards.view.Newsap.m.Input{\"path\":\"\",\"propertyPath\":\"/SALES_AREA_VKORG\",\"modelName\":\"NewYardModel\"}"}]}
RESULT: undefined
COMMAND: POST /session/92e25ae387a06d821b008f80a04495e6/execute/async - {"script":"<script> [776 bytes]","args":[{"enterText":"C002","selector":{"controlType":"sap.m.Input","viewName":"etm.portal.ui.manageyards.view.New","viewId":"application-manageyards-display-component---NewYard","bindingPath":{"path":"","propertyPath":"/SALES_AREA_VKORG","modelName":"NewYardModel"},"interaction":{"idSuffix":"inner"}},"clearTextFirst":true,"interactionType":"ENTER_TEXT"}]}
RESULT: {"script":"<script> [776 bytes]","args":[{"enterText":"C002","selector":{"controlType":"sap.m.Input","viewName":"etm.portal.ui.manageyards.view.New","viewId":"application-manageyards-display-component---NewYard","bindingPath":{"path":"","propertyPath":"/SALES_AREA_VKORG","modelName":"NewYardModel"},"interaction":{"idSuffix":"inner"}},"clearTextFirst":true,"interactionType":"ENTER_TEXT"}]}
COMMAND: POST /session/92e25ae387a06d821b008f80a04495e6/execute/async - {"script":"<script> [1562 bytes]","args":[{"selector":{"controlType":"sap.m.Input","viewName":"etm.portal.ui.manageyards.view.New","viewId":"application-manageyards-display-component---NewYard","bindingPath":{"path":"","propertyPath":"/SALES_AREA_VTWEG","modelName":"NewYardModel"},"interaction":{"idSuffix":"inner"}},"wdio_ui5_key":"etmportal.ui.manageyards.view.Newsap.m.Input{\"path\":\"\",\"propertyPath\":\"/SALES_AREA_VTWEG\",\"modelName\":\"NewYardModel\"}"}]}
RESULT: {"script":"<script> [1562 bytes]","args":[{"selector":{"controlType":"sap.m.Input","viewName":"etm.portal.ui.manageyards.view.New","viewId":"application-manageyards-display-component---NewYard","bindingPath":{"path":"","propertyPath":"/SALES_AREA_VTWEG","modelName":"NewYardModel"},"interaction":{"idSuffix":"inner"}},"wdio_ui5_key":"etmportal.ui.manageyards.view.Newsap.m.Input{\"path\":\"\",\"propertyPath\":\"/SALES_AREA_VTWEG\",\"modelName\":\"NewYardModel\"}"}]}
RESULT: undefined
COMMAND: POST /session/92e25ae387a06d821b008f80a04495e6/execute/async - {"script":"<script> [776 bytes]","args":[{"enterText":"C2","selector":{"controlType":"sap.m.Input","viewName":"etm.portal.ui.manageyards.view.New","viewId":"application-manageyards-display-component---NewYard","bindingPath":{"path":"","propertyPath":"/SALES_AREA_VTWEG","modelName":"NewYardModel"},"interaction":{"idSuffix":"inner"}},"clearTextFirst":true,"interactionType":"ENTER_TEXT"}]}
RESULT: {"script":"<script> [776 bytes]","args":[{"enterText":"C2","selector":{"controlType":"sap.m.Input","viewName":"etm.portal.ui.manageyards.view.New","viewId":"application-manageyards-display-component---NewYard","bindingPath":{"path":"","propertyPath":"/SALES_AREA_VTWEG","modelName":"NewYardModel"},"interaction":{"idSuffix":"inner"}},"clearTextFirst":true,"interactionType":"ENTER_TEXT"}]}
COMMAND: POST /session/92e25ae387a06d821b008f80a04495e6/execute/async - {"script":"<script> [1562 bytes]","args":[{"selector":{"controlType":"sap.m.Input","viewName":"etm.portal.ui.manageyards.view.New","viewId":"application-manageyards-display-component---NewYard","bindingPath":{"path":"","propertyPath":"/SALES_AREA_SPART","modelName":"NewYardModel"},"interaction":{"idSuffix":"inner"}},"wdio_ui5_key":"etmportal.ui.manageyards.view.Newsap.m.Input{\"path\":\"\",\"propertyPath\":\"/SALES_AREA_SPART\",\"modelName\":\"NewYardModel\"}"}]}
RESULT: {"script":"<script> [1562 bytes]","args":[{"selector":{"controlType":"sap.m.Input","viewName":"etm.portal.ui.manageyards.view.New","viewId":"application-manageyards-display-component---NewYard","bindingPath":{"path":"","propertyPath":"/SALES_AREA_SPART","modelName":"NewYardModel"},"interaction":{"idSuffix":"inner"}},"wdio_ui5_key":"etmportal.ui.manageyards.view.Newsap.m.Input{\"path\":\"\",\"propertyPath\":\"/SALES_AREA_SPART\",\"modelName\":\"NewYardModel\"}"}]}
RESULT: undefined
COMMAND: POST /session/92e25ae387a06d821b008f80a04495e6/execute/async - {"script":"<script> [776 bytes]","args":[{"enterText":"C2","selector":{"controlType":"sap.m.Input","viewName":"etm.portal.ui.manageyards.view.New","viewId":"application-manageyards-display-component---NewYard","bindingPath":{"path":"","propertyPath":"/SALES_AREA_SPART","modelName":"NewYardModel"},"interaction":{"idSuffix":"inner"}},"clearTextFirst":true,"interactionType":"ENTER_TEXT"}]}
RESULT: {"script":"<script> [776 bytes]","args":[{"enterText":"C2","selector":{"controlType":"sap.m.Input","viewName":"etm.portal.ui.manageyards.view.New","viewId":"application-manageyards-display-component---NewYard","bindingPath":{"path":"","propertyPath":"/SALES_AREA_SPART","modelName":"NewYardModel"},"interaction":{"idSuffix":"inner"}},"clearTextFirst":true,"interactionType":"ENTER_TEXT"}]}
COMMAND: POST /session/92e25ae387a06d821b008f80a04495e6/execute/async - {"script":"<script> [1562 bytes]","args":[{"selector":{"controlType":"sap.m.Input","viewName":"etm.portal.ui.manageyards.view.New","viewId":"application-manageyards-display-component---NewYard","bindingPath":{"path":"","propertyPath":"/SHIP_POINT","modelName":"NewYardModel"},"interaction":{"idSuffix":"inner"}},"wdio_ui5_key":"etmportal.ui.manageyards.view.Newsap.m.Input{\"path\":\"\",\"propertyPath\":\"/SHIP_POINT\",\"modelName\":\"NewYardModel\"}"}]}
RESULT: {"script":"<script> [1562 bytes]","args":[{"selector":{"controlType":"sap.m.Input","viewName":"etm.portal.ui.manageyards.view.New","viewId":"application-manageyards-display-component---NewYard","bindingPath":{"path":"","propertyPath":"/SHIP_POINT","modelName":"NewYardModel"},"interaction":{"idSuffix":"inner"}},"wdio_ui5_key":"etmportal.ui.manageyards.view.Newsap.m.Input{\"path\":\"\",\"propertyPath\":\"/SHIP_POINT\",\"modelName\":\"NewYardModel\"}"}]}
RESULT: undefined
COMMAND: POST /session/92e25ae387a06d821b008f80a04495e6/execute/async - {"script":"<script> [776 bytes]","args":[{"enterText":"1710","selector":{"controlType":"sap.m.Input","viewName":"etm.portal.ui.manageyards.view.New","viewId":"application-manageyards-display-component---NewYard","bindingPath":{"path":"","propertyPath":"/SHIP_POINT","modelName":"NewYardModel"},"interaction":{"idSuffix":"inner"}},"clearTextFirst":true,"interactionType":"ENTER_TEXT"}]}
RESULT: {"script":"<script> [776 bytes]","args":[{"enterText":"1710","selector":{"controlType":"sap.m.Input","viewName":"etm.portal.ui.manageyards.view.New","viewId":"application-manageyards-display-component---NewYard","bindingPath":{"path":"","propertyPath":"/SHIP_POINT","modelName":"NewYardModel"},"interaction":{"idSuffix":"inner"}},"clearTextFirst":true,"interactionType":"ENTER_TEXT"}]}
COMMAND: POST /session/92e25ae387a06d821b008f80a04495e6/execute/async - {"script":"<script> [1562 bytes]","args":[{"selector":{"controlType":"sap.m.Input","viewName":"etm.portal.ui.manageyards.view.New","viewId":"application-manageyards-display-component---NewYard","bindingPath":{"path":"","propertyPath":"/DELIVERY_TYPE","modelName":"NewYardModel"},"interaction":{"idSuffix":"inner"}},"wdio_ui5_key":"etmportal.ui.manageyards.view.Newsap.m.Input{\"path\":\"\",\"propertyPath\":\"/DELIVERY_TYPE\",\"modelName\":\"NewYardModel\"}"}]}
RESULT: {"script":"<script> [1562 bytes]","args":[{"selector":{"controlType":"sap.m.Input","viewName":"etm.portal.ui.manageyards.view.New","viewId":"application-manageyards-display-component---NewYard","bindingPath":{"path":"","propertyPath":"/DELIVERY_TYPE","modelName":"NewYardModel"},"interaction":{"idSuffix":"inner"}},"wdio_ui5_key":"etmportal.ui.manageyards.view.Newsap.m.Input{\"path\":\"\",\"propertyPath\":\"/DELIVERY_TYPE\",\"modelName\":\"NewYardModel\"}"}]}
RESULT: undefined
COMMAND: POST /session/92e25ae387a06d821b008f80a04495e6/execute/async - {"script":"<script> [776 bytes]","args":[{"enterText":"ZL01","selector":{"controlType":"sap.m.Input","viewName":"etm.portal.ui.manageyards.view.New","viewId":"application-manageyards-display-component---NewYard","bindingPath":{"path":"","propertyPath":"/DELIVERY_TYPE","modelName":"NewYardModel"},"interaction":{"idSuffix":"inner"}},"clearTextFirst":true,"interactionType":"ENTER_TEXT"}]}
RESULT: {"script":"<script> [776 bytes]","args":[{"enterText":"ZL01","selector":{"controlType":"sap.m.Input","viewName":"etm.portal.ui.manageyards.view.New","viewId":"application-manageyards-display-component---NewYard","bindingPath":{"path":"","propertyPath":"/DELIVERY_TYPE","modelName":"NewYardModel"},"interaction":{"idSuffix":"inner"}},"clearTextFirst":true,"interactionType":"ENTER_TEXT"}]}
COMMAND: POST /session/92e25ae387a06d821b008f80a04495e6/execute/async - {"script":"<script> [1562 bytes]","args":[{"selector":{"controlType":"sap.m.Input","viewName":"etm.portal.ui.manageyards.view.New","viewId":"application-manageyards-display-component---NewYard","bindingPath":{"path":"","propertyPath":"/AUART","modelName":"NewYardModel"},"interaction":{"idSuffix":"inner"}},"wdio_ui5_key":"etmportal.ui.manageyards.view.Newsap.m.Input{\"path\":\"\",\"propertyPath\":\"/AUART\",\"modelName\":\"NewYardModel\"}"}]}
RESULT: {"script":"<script> [1562 bytes]","args":[{"selector":{"controlType":"sap.m.Input","viewName":"etm.portal.ui.manageyards.view.New","viewId":"application-manageyards-display-component---NewYard","bindingPath":{"path":"","propertyPath":"/AUART","modelName":"NewYardModel"},"interaction":{"idSuffix":"inner"}},"wdio_ui5_key":"etmportal.ui.manageyards.view.Newsap.m.Input{\"path\":\"\",\"propertyPath\":\"/AUART\",\"modelName\":\"NewYardModel\"}"}]}
RESULT: undefined
COMMAND: POST /session/92e25ae387a06d821b008f80a04495e6/execute/async - {"script":"<script> [776 bytes]","args":[{"enterText":"TA","selector":{"controlType":"sap.m.Input","viewName":"etm.portal.ui.manageyards.view.New","viewId":"application-manageyards-display-component---NewYard","bindingPath":{"path":"","propertyPath":"/AUART","modelName":"NewYardModel"},"interaction":{"idSuffix":"inner"}},"clearTextFirst":true,"interactionType":"ENTER_TEXT"}]}
RESULT: {"script":"<script> [776 bytes]","args":[{"enterText":"TA","selector":{"controlType":"sap.m.Input","viewName":"etm.portal.ui.manageyards.view.New","viewId":"application-manageyards-display-component---NewYard","bindingPath":{"path":"","propertyPath":"/AUART","modelName":"NewYardModel"},"interaction":{"idSuffix":"inner"}},"clearTextFirst":true,"interactionType":"ENTER_TEXT"}]}
COMMAND: POST /session/92e25ae387a06d821b008f80a04495e6/element - {"using":"xpath","value":"//button[@data-kt=\"newYardSaveButton\"]"}
RESULT: {"using":"xpath","value":"//button[@data-kt=\"newYardSaveButton\"]"}
COMMAND: POST /session/92e25ae387a06d821b008f80a04495e6/element/f.2AE10C335A97376731A182912FB7EE33.d.879BE52BBC802DF7768FBC15AD7DA73C.e.701/click - {}
RESULT: {}
COMMAND: GET /session/92e25ae387a06d821b008f80a04495e6/screenshot - {}
COMMAND: POST /session/92e25ae387a06d821b008f80a04495e6/element - {"using":"xpath","value":"//header[contains(@id, 'ObjectPageLayout-headerTitle')]/div[1]/div[2]/div[1]/span[1]"}
RESULT: {}
RESULT: {"using":"xpath","value":"//header[contains(@id, 'ObjectPageLayout-headerTitle')]/div[1]/div[2]/div[1]/span[1]"}
COMMAND: POST /session/92e25ae387a06d821b008f80a04495e6/elements - {"using":"xpath","value":"//header[contains(@id, 'ObjectPageLayout-headerTitle')]/div[1]/div[2]/div[1]/span[1]"}
RESULT: {"using":"xpath","value":"//header[contains(@id, 'ObjectPageLayout-headerTitle')]/div[1]/div[2]/div[1]/span[1]"}
COMMAND: POST /session/92e25ae387a06d821b008f80a04495e6/execute/sync - {"script":"<script> [56 bytes]","args":[{"element-6066-11e4-a52e-4f735466cecf":"f.2AE10C335A97376731A182912FB7EE33.d.879BE52BBC802DF7768FBC15AD7DA73C.e.1022","ELEMENT":"f.2AE10C335A97376731A182912FB7EE33.d.879BE52BBC802DF7768FBC15AD7DA73C.e.1022"}]}
RESULT: {"script":"<script> [56 bytes]","args":[{"element-6066-11e4-a52e-4f735466cecf":"f.2AE10C335A97376731A182912FB7EE33.d.879BE52BBC802DF7768FBC15AD7DA73C.e.1022","ELEMENT":"f.2AE10C335A97376731A182912FB7EE33.d.879BE52BBC802DF7768FBC15AD7DA73C.e.1022"}]}
COMMAND: GET /session/92e25ae387a06d821b008f80a04495e6/screenshot - {}
RESULT: {}
COMMAND: POST /session/92e25ae387a06d821b008f80a04495e6/element - {"using":"css selector","value":"#shell-header-logo"}
RESULT: {"using":"css selector","value":"#shell-header-logo"}
COMMAND: POST /session/92e25ae387a06d821b008f80a04495e6/element/f.2AE10C335A97376731A182912FB7EE33.d.879BE52BBC802DF7768FBC15AD7DA73C.e.265/click - {}
RESULT: {}
COMMAND: GET /session/92e25ae387a06d821b008f80a04495e6/screenshot - {}
RESULT: {}
COMMAND: POST /session/92e25ae387a06d821b008f80a04495e6/execute/sync - {"script":"<script> [299 bytes]","args":[["getModel","getResource"]]}
RESULT: {"script":"<script> [299 bytes]","args":[["getModel","getResource"]]}
COMMAND: GET /session/92e25ae387a06d821b008f80a04495e6/screenshot - {}
]]></system-out>
    </testcase>
    <testcase classname="chrome.136_0_7103_49.windows.Partner_specific_tests_US150819_US151080_US151654_US151176_US103444_US151078_US151079_US151109_US151174_US151175_US151189" name="Should create new external partner US150819" time="101.364">
      <system-out><![CDATA[
COMMAND: POST /session/92e25ae387a06d821b008f80a04495e6/element - {"using":"xpath","value":"//li[.//span[text()=\"Manage Partners\"]]"}
RESULT: {}
RESULT: {"using":"xpath","value":"//li[.//span[text()=\"Manage Partners\"]]"}
COMMAND: POST /session/92e25ae387a06d821b008f80a04495e6/element - {"using":"xpath","value":"//li[.//span[text()=\"Manage Partners\"]]"}
RESULT: {"using":"xpath","value":"//li[.//span[text()=\"Manage Partners\"]]"}
COMMAND: POST /session/92e25ae387a06d821b008f80a04495e6/element - {"using":"css selector","value":"#shell-header-logo"}
RESULT: {"using":"css selector","value":"#shell-header-logo"}
COMMAND: POST /session/92e25ae387a06d821b008f80a04495e6/element/f.2AE10C335A97376731A182912FB7EE33.d.879BE52BBC802DF7768FBC15AD7DA73C.e.1025/click - {}
COMMAND: POST /session/92e25ae387a06d821b008f80a04495e6/execute/sync - {"script":"<script> [8489 bytes]","args":[{"element-6066-11e4-a52e-4f735466cecf":"f.2AE10C335A97376731A182912FB7EE33.d.879BE52BBC802DF7768FBC15AD7DA73C.e.1025","ELEMENT":"f.2AE10C335A97376731A182912FB7EE33.d.879BE52BBC802DF7768FBC15AD7DA73C.e.1025"}]}
RESULT: {}
COMMAND: GET /session/92e25ae387a06d821b008f80a04495e6/screenshot - {}
RESULT: {"script":"<script> [8489 bytes]","args":[{"element-6066-11e4-a52e-4f735466cecf":"f.2AE10C335A97376731A182912FB7EE33.d.879BE52BBC802DF7768FBC15AD7DA73C.e.1025","ELEMENT":"f.2AE10C335A97376731A182912FB7EE33.d.879BE52BBC802DF7768FBC15AD7DA73C.e.1025"}]}
COMMAND: POST /session/92e25ae387a06d821b008f80a04495e6/execute/sync - {"script":"<script> [5351 bytes]","args":[{"element-6066-11e4-a52e-4f735466cecf":"f.2AE10C335A97376731A182912FB7EE33.d.879BE52BBC802DF7768FBC15AD7DA73C.e.1025","ELEMENT":"f.2AE10C335A97376731A182912FB7EE33.d.879BE52BBC802DF7768FBC15AD7DA73C.e.1025"}]}
COMMAND: GET /session/92e25ae387a06d821b008f80a04495e6/screenshot - {}
RESULT: {}
RESULT: {"script":"<script> [5351 bytes]","args":[{"element-6066-11e4-a52e-4f735466cecf":"f.2AE10C335A97376731A182912FB7EE33.d.879BE52BBC802DF7768FBC15AD7DA73C.e.1025","ELEMENT":"f.2AE10C335A97376731A182912FB7EE33.d.879BE52BBC802DF7768FBC15AD7DA73C.e.1025"}]}
COMMAND: GET /session/92e25ae387a06d821b008f80a04495e6/screenshot - {}
RESULT: {}
RESULT: {}
COMMAND: POST /session/92e25ae387a06d821b008f80a04495e6/window/fullscreen - {}
RESULT: {}
COMMAND: POST /session/92e25ae387a06d821b008f80a04495e6/execute/async - {"script":"<script> [1562 bytes]","args":[{"selector":{"controlType":"sap.m.GenericTile","properties":{"header":"Manage Partners"}},"wdio_ui5_key":"sapm.GenericTile{\"header\":\"Manage Partners\"}"}]}
RESULT: {"script":"<script> [1562 bytes]","args":[{"selector":{"controlType":"sap.m.GenericTile","properties":{"header":"Manage Partners"}},"wdio_ui5_key":"sapm.GenericTile{\"header\":\"Manage Partners\"}"}]}
RESULT: undefined
COMMAND: POST /session/92e25ae387a06d821b008f80a04495e6/element - {"using":"xpath","value":"//*[@id=\"__tile38\"]"}
RESULT: {"using":"xpath","value":"//*[@id=\"__tile38\"]"}
COMMAND: POST /session/92e25ae387a06d821b008f80a04495e6/element/f.2AE10C335A97376731A182912FB7EE33.d.879BE52BBC802DF7768FBC15AD7DA73C.e.153/click - {}
RESULT: {}
COMMAND: POST /session/92e25ae387a06d821b008f80a04495e6/element - {"using":"xpath","value":"//button[@data-kt=\"addButton\"]"}
COMMAND: GET /session/92e25ae387a06d821b008f80a04495e6/screenshot - {}
RESULT: {"using":"xpath","value":"//button[@data-kt=\"addButton\"]"}
COMMAND: POST /session/92e25ae387a06d821b008f80a04495e6/elements - {"using":"xpath","value":"//button[@data-kt=\"addButton\"]"}
RESULT: {}
RESULT: {"using":"xpath","value":"//button[@data-kt=\"addButton\"]"}
COMMAND: POST /session/92e25ae387a06d821b008f80a04495e6/elements - {"using":"xpath","value":"//button[@data-kt=\"addButton\"]"}
RESULT: {"using":"xpath","value":"//button[@data-kt=\"addButton\"]"}
COMMAND: POST /session/92e25ae387a06d821b008f80a04495e6/elements - {"using":"xpath","value":"//button[@data-kt=\"addButton\"]"}
RESULT: {"using":"xpath","value":"//button[@data-kt=\"addButton\"]"}
COMMAND: POST /session/92e25ae387a06d821b008f80a04495e6/elements - {"using":"xpath","value":"//button[@data-kt=\"addButton\"]"}
RESULT: {"using":"xpath","value":"//button[@data-kt=\"addButton\"]"}
COMMAND: POST /session/92e25ae387a06d821b008f80a04495e6/elements - {"using":"xpath","value":"//button[@data-kt=\"addButton\"]"}
RESULT: {"using":"xpath","value":"//button[@data-kt=\"addButton\"]"}
COMMAND: POST /session/92e25ae387a06d821b008f80a04495e6/elements - {"using":"xpath","value":"//button[@data-kt=\"addButton\"]"}
RESULT: {"using":"xpath","value":"//button[@data-kt=\"addButton\"]"}
COMMAND: POST /session/92e25ae387a06d821b008f80a04495e6/elements - {"using":"xpath","value":"//button[@data-kt=\"addButton\"]"}
RESULT: {"using":"xpath","value":"//button[@data-kt=\"addButton\"]"}
COMMAND: POST /session/92e25ae387a06d821b008f80a04495e6/elements - {"using":"xpath","value":"//button[@data-kt=\"addButton\"]"}
RESULT: {"using":"xpath","value":"//button[@data-kt=\"addButton\"]"}
COMMAND: POST /session/92e25ae387a06d821b008f80a04495e6/elements - {"using":"xpath","value":"//button[@data-kt=\"addButton\"]"}
RESULT: {"using":"xpath","value":"//button[@data-kt=\"addButton\"]"}
COMMAND: POST /session/92e25ae387a06d821b008f80a04495e6/elements - {"using":"xpath","value":"//button[@data-kt=\"addButton\"]"}
RESULT: {"using":"xpath","value":"//button[@data-kt=\"addButton\"]"}
COMMAND: POST /session/92e25ae387a06d821b008f80a04495e6/elements - {"using":"xpath","value":"//button[@data-kt=\"addButton\"]"}
RESULT: {"using":"xpath","value":"//button[@data-kt=\"addButton\"]"}
COMMAND: POST /session/92e25ae387a06d821b008f80a04495e6/element - {"using":"xpath","value":"//button[@data-kt=\"addButton\"]"}
RESULT: {"using":"xpath","value":"//button[@data-kt=\"addButton\"]"}
COMMAND: POST /session/92e25ae387a06d821b008f80a04495e6/execute/sync - {"script":"<script> [8489 bytes]","args":[{"element-6066-11e4-a52e-4f735466cecf":"f.2AE10C335A97376731A182912FB7EE33.d.879BE52BBC802DF7768FBC15AD7DA73C.e.1060","ELEMENT":"f.2AE10C335A97376731A182912FB7EE33.d.879BE52BBC802DF7768FBC15AD7DA73C.e.1060"}]}
RESULT: {"script":"<script> [8489 bytes]","args":[{"element-6066-11e4-a52e-4f735466cecf":"f.2AE10C335A97376731A182912FB7EE33.d.879BE52BBC802DF7768FBC15AD7DA73C.e.1060","ELEMENT":"f.2AE10C335A97376731A182912FB7EE33.d.879BE52BBC802DF7768FBC15AD7DA73C.e.1060"}]}
COMMAND: GET /session/92e25ae387a06d821b008f80a04495e6/element/f.2AE10C335A97376731A182912FB7EE33.d.879BE52BBC802DF7768FBC15AD7DA73C.e.1060/enabled - {}
COMMAND: GET /session/92e25ae387a06d821b008f80a04495e6/screenshot - {}
RESULT: {}
COMMAND: POST /session/92e25ae387a06d821b008f80a04495e6/execute/sync - {"script":"<script> [8489 bytes]","args":[{"element-6066-11e4-a52e-4f735466cecf":"f.2AE10C335A97376731A182912FB7EE33.d.879BE52BBC802DF7768FBC15AD7DA73C.e.1060","ELEMENT":"f.2AE10C335A97376731A182912FB7EE33.d.879BE52BBC802DF7768FBC15AD7DA73C.e.1060"}]}
COMMAND: GET /session/92e25ae387a06d821b008f80a04495e6/screenshot - {}
RESULT: {}
RESULT: {"script":"<script> [8489 bytes]","args":[{"element-6066-11e4-a52e-4f735466cecf":"f.2AE10C335A97376731A182912FB7EE33.d.879BE52BBC802DF7768FBC15AD7DA73C.e.1060","ELEMENT":"f.2AE10C335A97376731A182912FB7EE33.d.879BE52BBC802DF7768FBC15AD7DA73C.e.1060"}]}
COMMAND: POST /session/92e25ae387a06d821b008f80a04495e6/execute/sync - {"script":"<script> [5351 bytes]","args":[{"element-6066-11e4-a52e-4f735466cecf":"f.2AE10C335A97376731A182912FB7EE33.d.879BE52BBC802DF7768FBC15AD7DA73C.e.1060","ELEMENT":"f.2AE10C335A97376731A182912FB7EE33.d.879BE52BBC802DF7768FBC15AD7DA73C.e.1060"}]}
COMMAND: GET /session/92e25ae387a06d821b008f80a04495e6/screenshot - {}
RESULT: {}
RESULT: {"script":"<script> [5351 bytes]","args":[{"element-6066-11e4-a52e-4f735466cecf":"f.2AE10C335A97376731A182912FB7EE33.d.879BE52BBC802DF7768FBC15AD7DA73C.e.1060","ELEMENT":"f.2AE10C335A97376731A182912FB7EE33.d.879BE52BBC802DF7768FBC15AD7DA73C.e.1060"}]}
COMMAND: POST /session/92e25ae387a06d821b008f80a04495e6/element/f.2AE10C335A97376731A182912FB7EE33.d.879BE52BBC802DF7768FBC15AD7DA73C.e.1060/click - {}
COMMAND: GET /session/92e25ae387a06d821b008f80a04495e6/screenshot - {}
RESULT: {}
RESULT: {}
COMMAND: GET /session/92e25ae387a06d821b008f80a04495e6/screenshot - {}
COMMAND: POST /session/92e25ae387a06d821b008f80a04495e6/execute/async - {"script":"<script> [1562 bytes]","args":[{"selector":{"id":"application-managepartners-display-component---NewPartner--addressDetailDetailsName1","interaction":{"idSuffix":"inner"}},"wdio_ui5_key":"applicationmanagepartners-display-component---NewPartner--addressDetailDetailsName1"}]}
RESULT: {}
RESULT: {}
RESULT: {"script":"<script> [1562 bytes]","args":[{"selector":{"id":"application-managepartners-display-component---NewPartner--addressDetailDetailsName1","interaction":{"idSuffix":"inner"}},"wdio_ui5_key":"applicationmanagepartners-display-component---NewPartner--addressDetailDetailsName1"}]}
RESULT: undefined
COMMAND: POST /session/92e25ae387a06d821b008f80a04495e6/execute/async - {"script":"<script> [776 bytes]","args":[{"enterText":"External Partner WDIO","selector":{"id":"application-managepartners-display-component---NewPartner--addressDetailDetailsName1","interaction":{"idSuffix":"inner"}},"clearTextFirst":true,"interactionType":"ENTER_TEXT"}]}
RESULT: {"script":"<script> [776 bytes]","args":[{"enterText":"External Partner WDIO","selector":{"id":"application-managepartners-display-component---NewPartner--addressDetailDetailsName1","interaction":{"idSuffix":"inner"}},"clearTextFirst":true,"interactionType":"ENTER_TEXT"}]}
COMMAND: POST /session/92e25ae387a06d821b008f80a04495e6/execute/async - {"script":"<script> [1562 bytes]","args":[{"selector":{"id":"application-managepartners-display-component---NewPartner--addressDetailDetailsLanguage-arrow"},"wdio_ui5_key":"applicationmanagepartners-display-component---NewPartner--addressDetailDetailsLanguage-arrow"}]}
RESULT: {"script":"<script> [1562 bytes]","args":[{"selector":{"id":"application-managepartners-display-component---NewPartner--addressDetailDetailsLanguage-arrow"},"wdio_ui5_key":"applicationmanagepartners-display-component---NewPartner--addressDetailDetailsLanguage-arrow"}]}
RESULT: undefined
COMMAND: POST /session/92e25ae387a06d821b008f80a04495e6/element - {"using":"xpath","value":"//*[@id=\"application-managepartners-display-component---NewPartner--addressDetailDetailsLanguage-arrow\"]"}
RESULT: {"using":"xpath","value":"//*[@id=\"application-managepartners-display-component---NewPartner--addressDetailDetailsLanguage-arrow\"]"}
COMMAND: POST /session/92e25ae387a06d821b008f80a04495e6/element/f.2AE10C335A97376731A182912FB7EE33.d.879BE52BBC802DF7768FBC15AD7DA73C.e.1487/click - {}
RESULT: {}
COMMAND: POST /session/92e25ae387a06d821b008f80a04495e6/element - {"using":"xpath","value":"//span[contains(text(), \"English\")]"}
COMMAND: GET /session/92e25ae387a06d821b008f80a04495e6/screenshot - {}
RESULT: {"using":"xpath","value":"//span[contains(text(), \"English\")]"}
COMMAND: POST /session/92e25ae387a06d821b008f80a04495e6/element/f.2AE10C335A97376731A182912FB7EE33.d.879BE52BBC802DF7768FBC15AD7DA73C.e.1488/click - {}
RESULT: {}
RESULT: {}
COMMAND: GET /session/92e25ae387a06d821b008f80a04495e6/screenshot - {}
RESULT: {}
COMMAND: POST /session/92e25ae387a06d821b008f80a04495e6/execute/async - {"script":"<script> [1562 bytes]","args":[{"selector":{"id":"application-managepartners-display-component---NewPartner--addressDetailDetailsCity1","interaction":{"idSuffix":"inner"}},"wdio_ui5_key":"applicationmanagepartners-display-component---NewPartner--addressDetailDetailsCity1"}]}
RESULT: {"script":"<script> [1562 bytes]","args":[{"selector":{"id":"application-managepartners-display-component---NewPartner--addressDetailDetailsCity1","interaction":{"idSuffix":"inner"}},"wdio_ui5_key":"applicationmanagepartners-display-component---NewPartner--addressDetailDetailsCity1"}]}
RESULT: undefined
COMMAND: POST /session/92e25ae387a06d821b008f80a04495e6/execute/async - {"script":"<script> [776 bytes]","args":[{"enterText":"Rosario","selector":{"id":"application-managepartners-display-component---NewPartner--addressDetailDetailsCity1","interaction":{"idSuffix":"inner"}},"clearTextFirst":true,"interactionType":"ENTER_TEXT"}]}
RESULT: {"script":"<script> [776 bytes]","args":[{"enterText":"Rosario","selector":{"id":"application-managepartners-display-component---NewPartner--addressDetailDetailsCity1","interaction":{"idSuffix":"inner"}},"clearTextFirst":true,"interactionType":"ENTER_TEXT"}]}
COMMAND: POST /session/92e25ae387a06d821b008f80a04495e6/execute/async - {"script":"<script> [1562 bytes]","args":[{"selector":{"id":"application-managepartners-display-component---NewPartner--addressDetailDetailsCountry-arrow"},"wdio_ui5_key":"applicationmanagepartners-display-component---NewPartner--addressDetailDetailsCountry-arrow"}]}
RESULT: {"script":"<script> [1562 bytes]","args":[{"selector":{"id":"application-managepartners-display-component---NewPartner--addressDetailDetailsCountry-arrow"},"wdio_ui5_key":"applicationmanagepartners-display-component---NewPartner--addressDetailDetailsCountry-arrow"}]}
RESULT: undefined
COMMAND: POST /session/92e25ae387a06d821b008f80a04495e6/element - {"using":"xpath","value":"//*[@id=\"application-managepartners-display-component---NewPartner--addressDetailDetailsCountry-arrow\"]"}
RESULT: {"using":"xpath","value":"//*[@id=\"application-managepartners-display-component---NewPartner--addressDetailDetailsCountry-arrow\"]"}
COMMAND: POST /session/92e25ae387a06d821b008f80a04495e6/element/f.2AE10C335A97376731A182912FB7EE33.d.879BE52BBC802DF7768FBC15AD7DA73C.e.1467/click - {}
RESULT: {}
COMMAND: POST /session/92e25ae387a06d821b008f80a04495e6/element - {"using":"xpath","value":"//span[contains(text(), \"Argentina\")]"}
COMMAND: GET /session/92e25ae387a06d821b008f80a04495e6/screenshot - {}
RESULT: {"using":"xpath","value":"//span[contains(text(), \"Argentina\")]"}
COMMAND: POST /session/92e25ae387a06d821b008f80a04495e6/element/f.2AE10C335A97376731A182912FB7EE33.d.879BE52BBC802DF7768FBC15AD7DA73C.e.1490/click - {}
RESULT: {}
RESULT: {}
COMMAND: GET /session/92e25ae387a06d821b008f80a04495e6/screenshot - {}
RESULT: {}
COMMAND: POST /session/92e25ae387a06d821b008f80a04495e6/element - {"using":"xpath","value":"//bdi[contains(text(), \"Commercial\")]"}
RESULT: {"using":"xpath","value":"//bdi[contains(text(), \"Commercial\")]"}
COMMAND: POST /session/92e25ae387a06d821b008f80a04495e6/element/f.2AE10C335A97376731A182912FB7EE33.d.879BE52BBC802DF7768FBC15AD7DA73C.e.1491/click - {}
RESULT: {}
COMMAND: GET /session/92e25ae387a06d821b008f80a04495e6/screenshot - {}
RESULT: {}
COMMAND: POST /session/92e25ae387a06d821b008f80a04495e6/execute/async - {"script":"<script> [1562 bytes]","args":[{"selector":{"id":"application-managepartners-display-component---NewPartner--partnerDetailInternal-arrow"},"wdio_ui5_key":"applicationmanagepartners-display-component---NewPartner--partnerDetailInternal-arrow"}]}
RESULT: {"script":"<script> [1562 bytes]","args":[{"selector":{"id":"application-managepartners-display-component---NewPartner--partnerDetailInternal-arrow"},"wdio_ui5_key":"applicationmanagepartners-display-component---NewPartner--partnerDetailInternal-arrow"}]}
RESULT: undefined
COMMAND: POST /session/92e25ae387a06d821b008f80a04495e6/element - {"using":"xpath","value":"//*[@id=\"application-managepartners-display-component---NewPartner--partnerDetailInternal-arrow\"]"}
RESULT: {"using":"xpath","value":"//*[@id=\"application-managepartners-display-component---NewPartner--partnerDetailInternal-arrow\"]"}
COMMAND: POST /session/92e25ae387a06d821b008f80a04495e6/element/f.2AE10C335A97376731A182912FB7EE33.d.879BE52BBC802DF7768FBC15AD7DA73C.e.1497/click - {}
RESULT: {}
COMMAND: POST /session/92e25ae387a06d821b008f80a04495e6/element - {"using":"xpath","value":"//span[contains(text(), \"External partner\")]"}
COMMAND: GET /session/92e25ae387a06d821b008f80a04495e6/screenshot - {}
RESULT: {"using":"xpath","value":"//span[contains(text(), \"External partner\")]"}
COMMAND: POST /session/92e25ae387a06d821b008f80a04495e6/element/f.2AE10C335A97376731A182912FB7EE33.d.879BE52BBC802DF7768FBC15AD7DA73C.e.1500/click - {}
RESULT: {}
RESULT: {}
COMMAND: POST /session/92e25ae387a06d821b008f80a04495e6/execute/async - {"script":"<script> [1562 bytes]","args":[{"selector":{"id":"application-managepartners-display-component---NewPartner--partnerDetailsCurrency-arrow"},"wdio_ui5_key":"applicationmanagepartners-display-component---NewPartner--partnerDetailsCurrency-arrow"}]}
COMMAND: GET /session/92e25ae387a06d821b008f80a04495e6/screenshot - {}
RESULT: {"script":"<script> [1562 bytes]","args":[{"selector":{"id":"application-managepartners-display-component---NewPartner--partnerDetailsCurrency-arrow"},"wdio_ui5_key":"applicationmanagepartners-display-component---NewPartner--partnerDetailsCurrency-arrow"}]}
RESULT: undefined
COMMAND: POST /session/92e25ae387a06d821b008f80a04495e6/element - {"using":"xpath","value":"//*[@id=\"application-managepartners-display-component---NewPartner--partnerDetailsCurrency-arrow\"]"}
RESULT: {}
RESULT: {"using":"xpath","value":"//*[@id=\"application-managepartners-display-component---NewPartner--partnerDetailsCurrency-arrow\"]"}
COMMAND: POST /session/92e25ae387a06d821b008f80a04495e6/element/f.2AE10C335A97376731A182912FB7EE33.d.879BE52BBC802DF7768FBC15AD7DA73C.e.1505/click - {}
RESULT: {}
COMMAND: POST /session/92e25ae387a06d821b008f80a04495e6/element - {"using":"xpath","value":"//span[contains(text(), \"US Dollar\")]"}
COMMAND: GET /session/92e25ae387a06d821b008f80a04495e6/screenshot - {}
RESULT: {"using":"xpath","value":"//span[contains(text(), \"US Dollar\")]"}
COMMAND: POST /session/92e25ae387a06d821b008f80a04495e6/element/f.2AE10C335A97376731A182912FB7EE33.d.879BE52BBC802DF7768FBC15AD7DA73C.e.1506/click - {}
RESULT: {}
RESULT: {}
COMMAND: GET /session/92e25ae387a06d821b008f80a04495e6/screenshot - {}
RESULT: {}
COMMAND: POST /session/92e25ae387a06d821b008f80a04495e6/element - {"using":"xpath","value":"//input[@id=\"application-managepartners-display-component---NewPartner--companyCodeComboBox-inner\"]"}
RESULT: {"using":"xpath","value":"//input[@id=\"application-managepartners-display-component---NewPartner--companyCodeComboBox-inner\"]"}
COMMAND: POST /session/92e25ae387a06d821b008f80a04495e6/element/f.2AE10C335A97376731A182912FB7EE33.d.879BE52BBC802DF7768FBC15AD7DA73C.e.1373/clear - {}
RESULT: {}
COMMAND: POST /session/92e25ae387a06d821b008f80a04495e6/element/f.2AE10C335A97376731A182912FB7EE33.d.879BE52BBC802DF7768FBC15AD7DA73C.e.1373/value - {"text":"C002"}
COMMAND: GET /session/92e25ae387a06d821b008f80a04495e6/screenshot - {}
RESULT: {"text":"C002"}
COMMAND: GET /session/92e25ae387a06d821b008f80a04495e6/screenshot - {}
RESULT: {}
RESULT: {}
COMMAND: POST /session/92e25ae387a06d821b008f80a04495e6/element - {"using":"xpath","value":"//li[.//span[text()= \"C002\"]]"}
RESULT: {"using":"xpath","value":"//li[.//span[text()= \"C002\"]]"}
COMMAND: POST /session/92e25ae387a06d821b008f80a04495e6/element/f.2AE10C335A97376731A182912FB7EE33.d.879BE52BBC802DF7768FBC15AD7DA73C.e.1510/click - {}
RESULT: {}
COMMAND: GET /session/92e25ae387a06d821b008f80a04495e6/screenshot - {}
RESULT: {}
COMMAND: POST /session/92e25ae387a06d821b008f80a04495e6/execute/async - {"script":"<script> [1562 bytes]","args":[{"selector":{"id":"application-managepartners-display-component---NewPartner--btnAddTableRow-img"},"wdio_ui5_key":"applicationmanagepartners-display-component---NewPartner--btnAddTableRow-img"}]}
RESULT: {"script":"<script> [1562 bytes]","args":[{"selector":{"id":"application-managepartners-display-component---NewPartner--btnAddTableRow-img"},"wdio_ui5_key":"applicationmanagepartners-display-component---NewPartner--btnAddTableRow-img"}]}
RESULT: undefined
COMMAND: POST /session/92e25ae387a06d821b008f80a04495e6/element - {"using":"xpath","value":"//*[@id=\"application-managepartners-display-component---NewPartner--btnAddTableRow-img\"]"}
RESULT: {"using":"xpath","value":"//*[@id=\"application-managepartners-display-component---NewPartner--btnAddTableRow-img\"]"}
COMMAND: POST /session/92e25ae387a06d821b008f80a04495e6/element/f.2AE10C335A97376731A182912FB7EE33.d.879BE52BBC802DF7768FBC15AD7DA73C.e.1511/click - {}
RESULT: {}
COMMAND: GET /session/92e25ae387a06d821b008f80a04495e6/screenshot - {}
RESULT: {}
COMMAND: POST /session/92e25ae387a06d821b008f80a04495e6/element - {"using":"xpath","value":"//input[@id=\"application-managepartners-display-component---NewPartner--assignmentYard-application-managepartners-display-component---NewPartner--assignmentsTable-0-inner\"]"}
RESULT: {"using":"xpath","value":"//input[@id=\"application-managepartners-display-component---NewPartner--assignmentYard-application-managepartners-display-component---NewPartner--assignmentsTable-0-inner\"]"}
COMMAND: POST /session/92e25ae387a06d821b008f80a04495e6/element/f.2AE10C335A97376731A182912FB7EE33.d.879BE52BBC802DF7768FBC15AD7DA73C.e.1514/clear - {}
RESULT: {}
COMMAND: POST /session/92e25ae387a06d821b008f80a04495e6/element/f.2AE10C335A97376731A182912FB7EE33.d.879BE52BBC802DF7768FBC15AD7DA73C.e.1514/value - {"text":"275"}
COMMAND: GET /session/92e25ae387a06d821b008f80a04495e6/screenshot - {}
RESULT: {"text":"275"}
COMMAND: GET /session/92e25ae387a06d821b008f80a04495e6/screenshot - {}
RESULT: {}
RESULT: {}
COMMAND: POST /session/92e25ae387a06d821b008f80a04495e6/element - {"using":"xpath","value":"//li[.//span[text()='275']]"}
RESULT: {"using":"xpath","value":"//li[.//span[text()='275']]"}
COMMAND: POST /session/92e25ae387a06d821b008f80a04495e6/element/f.2AE10C335A97376731A182912FB7EE33.d.879BE52BBC802DF7768FBC15AD7DA73C.e.1523/click - {}
RESULT: {}
COMMAND: GET /session/92e25ae387a06d821b008f80a04495e6/screenshot - {}
RESULT: {}
COMMAND: POST /session/92e25ae387a06d821b008f80a04495e6/actions - {"actions":[{"id":"action2","type":"key","parameters":{},"actions":[{"type":"keyDown","value":"î€‡"},{"type":"pause","duration":10},{"type":"keyUp","value":"î€‡"}]}]}
RESULT: {"actions":[{"id":"action2","type":"key","parameters":{},"actions":[{"type":"keyDown","value":"î€‡"},{"type":"pause","duration":10},{"type":"keyUp","value":"î€‡"}]}]}
COMMAND: POST /session/92e25ae387a06d821b008f80a04495e6/element - {"using":"xpath","value":"//td[contains(@id, \"assignmentsTable-0-cell2\")]/div/div"}
COMMAND: GET /session/92e25ae387a06d821b008f80a04495e6/screenshot - {}
RESULT: {"using":"xpath","value":"//td[contains(@id, \"assignmentsTable-0-cell2\")]/div/div"}
COMMAND: POST /session/92e25ae387a06d821b008f80a04495e6/element/f.2AE10C335A97376731A182912FB7EE33.d.879BE52BBC802DF7768FBC15AD7DA73C.e.1526/click - {}
RESULT: {}
RESULT: {}
COMMAND: GET /session/92e25ae387a06d821b008f80a04495e6/screenshot - {}
RESULT: {}
COMMAND: POST /session/92e25ae387a06d821b008f80a04495e6/element - {"using":"xpath","value":"//button[@data-kt=\"saveButton\"]"}
RESULT: {"using":"xpath","value":"//button[@data-kt=\"saveButton\"]"}
COMMAND: POST /session/92e25ae387a06d821b008f80a04495e6/element/f.2AE10C335A97376731A182912FB7EE33.d.879BE52BBC802DF7768FBC15AD7DA73C.e.1406/click - {}
RESULT: {}
COMMAND: GET /session/92e25ae387a06d821b008f80a04495e6/screenshot - {}
RESULT: {}
COMMAND: POST /session/92e25ae387a06d821b008f80a04495e6/element - {"using":"xpath","value":"//header[contains(@id, 'ObjectPageLayout-headerTitle')]/div[1]/div[2]/div[2]/span[1]"}
RESULT: {"using":"xpath","value":"//header[contains(@id, 'ObjectPageLayout-headerTitle')]/div[1]/div[2]/div[2]/span[1]"}
COMMAND: POST /session/92e25ae387a06d821b008f80a04495e6/elements - {"using":"xpath","value":"//header[contains(@id, 'ObjectPageLayout-headerTitle')]/div[1]/div[2]/div[2]/span[1]"}
RESULT: {"using":"xpath","value":"//header[contains(@id, 'ObjectPageLayout-headerTitle')]/div[1]/div[2]/div[2]/span[1]"}
COMMAND: POST /session/92e25ae387a06d821b008f80a04495e6/execute/sync - {"script":"<script> [56 bytes]","args":[{"element-6066-11e4-a52e-4f735466cecf":"f.2AE10C335A97376731A182912FB7EE33.d.879BE52BBC802DF7768FBC15AD7DA73C.e.1686","ELEMENT":"f.2AE10C335A97376731A182912FB7EE33.d.879BE52BBC802DF7768FBC15AD7DA73C.e.1686"}]}
RESULT: {"script":"<script> [56 bytes]","args":[{"element-6066-11e4-a52e-4f735466cecf":"f.2AE10C335A97376731A182912FB7EE33.d.879BE52BBC802DF7768FBC15AD7DA73C.e.1686","ELEMENT":"f.2AE10C335A97376731A182912FB7EE33.d.879BE52BBC802DF7768FBC15AD7DA73C.e.1686"}]}
COMMAND: POST /session/92e25ae387a06d821b008f80a04495e6/element - {"using":"css selector","value":"#shell-header-logo"}
COMMAND: GET /session/92e25ae387a06d821b008f80a04495e6/screenshot - {}
RESULT: {"using":"css selector","value":"#shell-header-logo"}
COMMAND: POST /session/92e25ae387a06d821b008f80a04495e6/element/f.2AE10C335A97376731A182912FB7EE33.d.879BE52BBC802DF7768FBC15AD7DA73C.e.1025/click - {}
RESULT: {}
RESULT: {}
COMMAND: GET /session/92e25ae387a06d821b008f80a04495e6/screenshot - {}
RESULT: {}
COMMAND: POST /session/92e25ae387a06d821b008f80a04495e6/execute/sync - {"script":"<script> [299 bytes]","args":[["getModel","getResource"]]}
RESULT: {"script":"<script> [299 bytes]","args":[["getModel","getResource"]]}
]]></system-out>
    </testcase>
    <testcase classname="chrome.136_0_7103_49.windows.Partner_specific_tests_US150819_US151080_US151654_US151176_US103444_US151078_US151079_US151109_US151174_US151175_US151189" name="Should filter and search partners US151080" time="101.188">
      <system-out><![CDATA[
COMMAND: POST /session/92e25ae387a06d821b008f80a04495e6/element - {"using":"xpath","value":"//li[.//span[text()=\"Manage Partners\"]]"}
COMMAND: GET /session/92e25ae387a06d821b008f80a04495e6/screenshot - {}
RESULT: {"using":"xpath","value":"//li[.//span[text()=\"Manage Partners\"]]"}
COMMAND: POST /session/92e25ae387a06d821b008f80a04495e6/element - {"using":"xpath","value":"//li[.//span[text()=\"Manage Partners\"]]"}
RESULT: {}
RESULT: {"using":"xpath","value":"//li[.//span[text()=\"Manage Partners\"]]"}
COMMAND: POST /session/92e25ae387a06d821b008f80a04495e6/element - {"using":"css selector","value":"#shell-header-logo"}
RESULT: {"using":"css selector","value":"#shell-header-logo"}
COMMAND: POST /session/92e25ae387a06d821b008f80a04495e6/element/f.2AE10C335A97376731A182912FB7EE33.d.879BE52BBC802DF7768FBC15AD7DA73C.e.1688/click - {}
COMMAND: POST /session/92e25ae387a06d821b008f80a04495e6/execute/sync - {"script":"<script> [8489 bytes]","args":[{"element-6066-11e4-a52e-4f735466cecf":"f.2AE10C335A97376731A182912FB7EE33.d.879BE52BBC802DF7768FBC15AD7DA73C.e.1688","ELEMENT":"f.2AE10C335A97376731A182912FB7EE33.d.879BE52BBC802DF7768FBC15AD7DA73C.e.1688"}]}
RESULT: {}
COMMAND: GET /session/92e25ae387a06d821b008f80a04495e6/screenshot - {}
RESULT: {"script":"<script> [8489 bytes]","args":[{"element-6066-11e4-a52e-4f735466cecf":"f.2AE10C335A97376731A182912FB7EE33.d.879BE52BBC802DF7768FBC15AD7DA73C.e.1688","ELEMENT":"f.2AE10C335A97376731A182912FB7EE33.d.879BE52BBC802DF7768FBC15AD7DA73C.e.1688"}]}
COMMAND: POST /session/92e25ae387a06d821b008f80a04495e6/execute/sync - {"script":"<script> [5351 bytes]","args":[{"element-6066-11e4-a52e-4f735466cecf":"f.2AE10C335A97376731A182912FB7EE33.d.879BE52BBC802DF7768FBC15AD7DA73C.e.1688","ELEMENT":"f.2AE10C335A97376731A182912FB7EE33.d.879BE52BBC802DF7768FBC15AD7DA73C.e.1688"}]}
COMMAND: GET /session/92e25ae387a06d821b008f80a04495e6/screenshot - {}
RESULT: {}
RESULT: {}
RESULT: {"script":"<script> [5351 bytes]","args":[{"element-6066-11e4-a52e-4f735466cecf":"f.2AE10C335A97376731A182912FB7EE33.d.879BE52BBC802DF7768FBC15AD7DA73C.e.1688","ELEMENT":"f.2AE10C335A97376731A182912FB7EE33.d.879BE52BBC802DF7768FBC15AD7DA73C.e.1688"}]}
COMMAND: GET /session/92e25ae387a06d821b008f80a04495e6/screenshot - {}
RESULT: {}
RESULT: undefined
COMMAND: POST /session/92e25ae387a06d821b008f80a04495e6/element - {"using":"xpath","value":"//*[@id=\"__tile38\"]"}
RESULT: {"using":"xpath","value":"//*[@id=\"__tile38\"]"}
COMMAND: POST /session/92e25ae387a06d821b008f80a04495e6/element/f.2AE10C335A97376731A182912FB7EE33.d.879BE52BBC802DF7768FBC15AD7DA73C.e.153/click - {}
RESULT: {}
COMMAND: POST /session/92e25ae387a06d821b008f80a04495e6/element - {"using":"xpath","value":"//button[@data-kt=\"addButton\"]"}
COMMAND: GET /session/92e25ae387a06d821b008f80a04495e6/screenshot - {}
RESULT: {"using":"xpath","value":"//button[@data-kt=\"addButton\"]"}
COMMAND: POST /session/92e25ae387a06d821b008f80a04495e6/elements - {"using":"xpath","value":"//button[@data-kt=\"addButton\"]"}
RESULT: {}
RESULT: {"using":"xpath","value":"//button[@data-kt=\"addButton\"]"}
COMMAND: POST /session/92e25ae387a06d821b008f80a04495e6/elements - {"using":"xpath","value":"//button[@data-kt=\"addButton\"]"}
RESULT: {"using":"xpath","value":"//button[@data-kt=\"addButton\"]"}
COMMAND: POST /session/92e25ae387a06d821b008f80a04495e6/element - {"using":"xpath","value":"//button[@data-kt=\"addButton\"]"}
RESULT: {"using":"xpath","value":"//button[@data-kt=\"addButton\"]"}
COMMAND: POST /session/92e25ae387a06d821b008f80a04495e6/execute/sync - {"script":"<script> [8489 bytes]","args":[{"element-6066-11e4-a52e-4f735466cecf":"f.2AE10C335A97376731A182912FB7EE33.d.879BE52BBC802DF7768FBC15AD7DA73C.e.1723","ELEMENT":"f.2AE10C335A97376731A182912FB7EE33.d.879BE52BBC802DF7768FBC15AD7DA73C.e.1723"}]}
RESULT: {"script":"<script> [8489 bytes]","args":[{"element-6066-11e4-a52e-4f735466cecf":"f.2AE10C335A97376731A182912FB7EE33.d.879BE52BBC802DF7768FBC15AD7DA73C.e.1723","ELEMENT":"f.2AE10C335A97376731A182912FB7EE33.d.879BE52BBC802DF7768FBC15AD7DA73C.e.1723"}]}
COMMAND: GET /session/92e25ae387a06d821b008f80a04495e6/element/f.2AE10C335A97376731A182912FB7EE33.d.879BE52BBC802DF7768FBC15AD7DA73C.e.1723/enabled - {}
COMMAND: GET /session/92e25ae387a06d821b008f80a04495e6/screenshot - {}
RESULT: {}
COMMAND: POST /session/92e25ae387a06d821b008f80a04495e6/execute/sync - {"script":"<script> [8489 bytes]","args":[{"element-6066-11e4-a52e-4f735466cecf":"f.2AE10C335A97376731A182912FB7EE33.d.879BE52BBC802DF7768FBC15AD7DA73C.e.1723","ELEMENT":"f.2AE10C335A97376731A182912FB7EE33.d.879BE52BBC802DF7768FBC15AD7DA73C.e.1723"}]}
COMMAND: GET /session/92e25ae387a06d821b008f80a04495e6/screenshot - {}
RESULT: {}
RESULT: {"script":"<script> [8489 bytes]","args":[{"element-6066-11e4-a52e-4f735466cecf":"f.2AE10C335A97376731A182912FB7EE33.d.879BE52BBC802DF7768FBC15AD7DA73C.e.1723","ELEMENT":"f.2AE10C335A97376731A182912FB7EE33.d.879BE52BBC802DF7768FBC15AD7DA73C.e.1723"}]}
COMMAND: POST /session/92e25ae387a06d821b008f80a04495e6/execute/sync - {"script":"<script> [5351 bytes]","args":[{"element-6066-11e4-a52e-4f735466cecf":"f.2AE10C335A97376731A182912FB7EE33.d.879BE52BBC802DF7768FBC15AD7DA73C.e.1723","ELEMENT":"f.2AE10C335A97376731A182912FB7EE33.d.879BE52BBC802DF7768FBC15AD7DA73C.e.1723"}]}
COMMAND: GET /session/92e25ae387a06d821b008f80a04495e6/screenshot - {}
RESULT: {}
RESULT: {"script":"<script> [5351 bytes]","args":[{"element-6066-11e4-a52e-4f735466cecf":"f.2AE10C335A97376731A182912FB7EE33.d.879BE52BBC802DF7768FBC15AD7DA73C.e.1723","ELEMENT":"f.2AE10C335A97376731A182912FB7EE33.d.879BE52BBC802DF7768FBC15AD7DA73C.e.1723"}]}
COMMAND: GET /session/92e25ae387a06d821b008f80a04495e6/screenshot - {}
RESULT: {}
RESULT: {}
COMMAND: POST /session/92e25ae387a06d821b008f80a04495e6/execute/async - {"script":"<script> [1562 bytes]","args":[{"selector":{"id":"application-managepartners-display-component---masterPtm--smartTable-btnPersonalisation-img"},"wdio_ui5_key":"applicationmanagepartners-display-component---masterPtm--smartTable-btnPersonalisation-img"}]}
RESULT: {"script":"<script> [1562 bytes]","args":[{"selector":{"id":"application-managepartners-display-component---masterPtm--smartTable-btnPersonalisation-img"},"wdio_ui5_key":"applicationmanagepartners-display-component---masterPtm--smartTable-btnPersonalisation-img"}]}
RESULT: undefined
COMMAND: POST /session/92e25ae387a06d821b008f80a04495e6/element - {"using":"xpath","value":"//*[@id=\"application-managepartners-display-component---masterPtm--smartTable-btnPersonalisation-img\"]"}
RESULT: {"using":"xpath","value":"//*[@id=\"application-managepartners-display-component---masterPtm--smartTable-btnPersonalisation-img\"]"}
COMMAND: POST /session/92e25ae387a06d821b008f80a04495e6/element/f.2AE10C335A97376731A182912FB7EE33.d.879BE52BBC802DF7768FBC15AD7DA73C.e.1739/click - {}
RESULT: {}
COMMAND: GET /session/92e25ae387a06d821b008f80a04495e6/screenshot - {}
RESULT: {}
COMMAND: POST /session/92e25ae387a06d821b008f80a04495e6/execute/async - {"script":"<script> [1562 bytes]","args":[{"selector":{"controlType":"sap.m.IconTabFilter","viewName":"etm.portal.ui.managepartners.view.Master","viewId":"application-managepartners-display-component---masterPtm","properties":{"text":"Sort"},"searchOpenDialogs":true,"interaction":{"idSuffix":"text"}},"wdio_ui5_key":"etmportal.ui.managepartners.view.Mastersap.m.IconTabFilter{\"text\":\"Sort\"}"}]}
RESULT: {"script":"<script> [1562 bytes]","args":[{"selector":{"controlType":"sap.m.IconTabFilter","viewName":"etm.portal.ui.managepartners.view.Master","viewId":"application-managepartners-display-component---masterPtm","properties":{"text":"Sort"},"searchOpenDialogs":true,"interaction":{"idSuffix":"text"}},"wdio_ui5_key":"etmportal.ui.managepartners.view.Mastersap.m.IconTabFilter{\"text\":\"Sort\"}"}]}
RESULT: undefined
COMMAND: POST /session/92e25ae387a06d821b008f80a04495e6/element - {"using":"xpath","value":"//*[@id=\"__filter1\"]"}
RESULT: {"using":"xpath","value":"//*[@id=\"__filter1\"]"}
COMMAND: POST /session/92e25ae387a06d821b008f80a04495e6/element/f.2AE10C335A97376731A182912FB7EE33.d.879BE52BBC802DF7768FBC15AD7DA73C.e.1877/click - {}
RESULT: {}
COMMAND: GET /session/92e25ae387a06d821b008f80a04495e6/screenshot - {}
RESULT: {}
COMMAND: POST /session/92e25ae387a06d821b008f80a04495e6/element - {"using":"xpath","value":"//input[@placeholder=\"Sort by\"]/following-sibling::div//span"}
RESULT: {"using":"xpath","value":"//input[@placeholder=\"Sort by\"]/following-sibling::div//span"}
COMMAND: POST /session/92e25ae387a06d821b008f80a04495e6/element/f.2AE10C335A97376731A182912FB7EE33.d.879BE52BBC802DF7768FBC15AD7DA73C.e.1879/click - {}
RESULT: {}
COMMAND: GET /session/92e25ae387a06d821b008f80a04495e6/screenshot - {}
RESULT: {}
COMMAND: POST /session/92e25ae387a06d821b008f80a04495e6/element - {"using":"xpath","value":"//li[.//span[text()=\"Language\"]]"}
RESULT: {"using":"xpath","value":"//li[.//span[text()=\"Language\"]]"}
COMMAND: POST /session/92e25ae387a06d821b008f80a04495e6/element/f.2AE10C335A97376731A182912FB7EE33.d.879BE52BBC802DF7768FBC15AD7DA73C.e.1880/click - {}
RESULT: {}
COMMAND: GET /session/92e25ae387a06d821b008f80a04495e6/screenshot - {}
RESULT: {}
COMMAND: POST /session/92e25ae387a06d821b008f80a04495e6/element - {"using":"xpath","value":"//bdi[contains(text(), \"OK\")]"}
RESULT: {"using":"xpath","value":"//bdi[contains(text(), \"OK\")]"}
COMMAND: POST /session/92e25ae387a06d821b008f80a04495e6/element/f.2AE10C335A97376731A182912FB7EE33.d.879BE52BBC802DF7768FBC15AD7DA73C.e.1884/click - {}
RESULT: {}
COMMAND: GET /session/92e25ae387a06d821b008f80a04495e6/screenshot - {}
RESULT: {}
COMMAND: POST /session/92e25ae387a06d821b008f80a04495e6/element - {"using":"xpath","value":"//table[contains(@id, \"customPartnersTable\")]//tbody/tr[1]/td[3]/span"}
RESULT: {"using":"xpath","value":"//table[contains(@id, \"customPartnersTable\")]//tbody/tr[1]/td[3]/span"}
COMMAND: POST /session/92e25ae387a06d821b008f80a04495e6/execute/sync - {"script":"<script> [56 bytes]","args":[{"element-6066-11e4-a52e-4f735466cecf":"f.2AE10C335A97376731A182912FB7EE33.d.879BE52BBC802DF7768FBC15AD7DA73C.e.2002","ELEMENT":"f.2AE10C335A97376731A182912FB7EE33.d.879BE52BBC802DF7768FBC15AD7DA73C.e.2002"}]}
RESULT: {"script":"<script> [56 bytes]","args":[{"element-6066-11e4-a52e-4f735466cecf":"f.2AE10C335A97376731A182912FB7EE33.d.879BE52BBC802DF7768FBC15AD7DA73C.e.2002","ELEMENT":"f.2AE10C335A97376731A182912FB7EE33.d.879BE52BBC802DF7768FBC15AD7DA73C.e.2002"}]}
RESULT: undefined
COMMAND: POST /session/92e25ae387a06d821b008f80a04495e6/element - {"using":"xpath","value":"//*[@id=\"application-managepartners-display-component---masterPtm--smartTable-btnPersonalisation-img\"]"}
COMMAND: GET /session/92e25ae387a06d821b008f80a04495e6/screenshot - {}
RESULT: {"using":"xpath","value":"//*[@id=\"application-managepartners-display-component---masterPtm--smartTable-btnPersonalisation-img\"]"}
COMMAND: POST /session/92e25ae387a06d821b008f80a04495e6/element/f.2AE10C335A97376731A182912FB7EE33.d.879BE52BBC802DF7768FBC15AD7DA73C.e.1739/click - {}
RESULT: {}
RESULT: {}
COMMAND: GET /session/92e25ae387a06d821b008f80a04495e6/screenshot - {}
RESULT: {}
COMMAND: POST /session/92e25ae387a06d821b008f80a04495e6/element - {"using":"xpath","value":"//bdi[contains(text(), \"Reset\")]"}
RESULT: {"using":"xpath","value":"//bdi[contains(text(), \"Reset\")]"}
COMMAND: POST /session/92e25ae387a06d821b008f80a04495e6/element/f.2AE10C335A97376731A182912FB7EE33.d.879BE52BBC802DF7768FBC15AD7DA73C.e.2007/click - {}
RESULT: {}
COMMAND: GET /session/92e25ae387a06d821b008f80a04495e6/screenshot - {}
RESULT: {}
COMMAND: POST /session/92e25ae387a06d821b008f80a04495e6/element - {"using":"xpath","value":"(//bdi[contains(text(), \"OK\")])[2]"}
RESULT: {"using":"xpath","value":"(//bdi[contains(text(), \"OK\")])[2]"}
COMMAND: POST /session/92e25ae387a06d821b008f80a04495e6/element/f.2AE10C335A97376731A182912FB7EE33.d.879BE52BBC802DF7768FBC15AD7DA73C.e.2009/click - {}
RESULT: {}
COMMAND: GET /session/92e25ae387a06d821b008f80a04495e6/screenshot - {}
RESULT: {}
COMMAND: POST /session/92e25ae387a06d821b008f80a04495e6/element - {"using":"xpath","value":"//bdi[contains(text(), \"OK\")]"}
RESULT: {"using":"xpath","value":"//bdi[contains(text(), \"OK\")]"}
COMMAND: POST /session/92e25ae387a06d821b008f80a04495e6/element/f.2AE10C335A97376731A182912FB7EE33.d.879BE52BBC802DF7768FBC15AD7DA73C.e.2057/click - {}
RESULT: {}
COMMAND: GET /session/92e25ae387a06d821b008f80a04495e6/screenshot - {}
RESULT: {}
COMMAND: POST /session/92e25ae387a06d821b008f80a04495e6/element - {"using":"xpath","value":"//table[contains(@id, \"customPartnersTable\")]//tbody/tr[1]/td[3]/span"}
RESULT: {"using":"xpath","value":"//table[contains(@id, \"customPartnersTable\")]//tbody/tr[1]/td[3]/span"}
COMMAND: POST /session/92e25ae387a06d821b008f80a04495e6/execute/sync - {"script":"<script> [56 bytes]","args":[{"element-6066-11e4-a52e-4f735466cecf":"f.2AE10C335A97376731A182912FB7EE33.d.879BE52BBC802DF7768FBC15AD7DA73C.e.2060","ELEMENT":"f.2AE10C335A97376731A182912FB7EE33.d.879BE52BBC802DF7768FBC15AD7DA73C.e.2060"}]}
RESULT: {"script":"<script> [56 bytes]","args":[{"element-6066-11e4-a52e-4f735466cecf":"f.2AE10C335A97376731A182912FB7EE33.d.879BE52BBC802DF7768FBC15AD7DA73C.e.2060","ELEMENT":"f.2AE10C335A97376731A182912FB7EE33.d.879BE52BBC802DF7768FBC15AD7DA73C.e.2060"}]}
RESULT: undefined
COMMAND: POST /session/92e25ae387a06d821b008f80a04495e6/element - {"using":"xpath","value":"//*[@id=\"application-managepartners-display-component---masterPtm--smartTable-btnPersonalisation-img\"]"}
COMMAND: GET /session/92e25ae387a06d821b008f80a04495e6/screenshot - {}
RESULT: {"using":"xpath","value":"//*[@id=\"application-managepartners-display-component---masterPtm--smartTable-btnPersonalisation-img\"]"}
COMMAND: POST /session/92e25ae387a06d821b008f80a04495e6/element/f.2AE10C335A97376731A182912FB7EE33.d.879BE52BBC802DF7768FBC15AD7DA73C.e.1739/click - {}
RESULT: {}
RESULT: {}
COMMAND: GET /session/92e25ae387a06d821b008f80a04495e6/screenshot - {}
RESULT: {}
COMMAND: POST /session/92e25ae387a06d821b008f80a04495e6/execute/async - {"script":"<script> [1562 bytes]","args":[{"selector":{"controlType":"sap.m.IconTabFilter","viewName":"etm.portal.ui.managepartners.view.Master","viewId":"application-managepartners-display-component---masterPtm","properties":{"text":"Filter"},"searchOpenDialogs":true,"interaction":{"idSuffix":"text"}},"wdio_ui5_key":"etmportal.ui.managepartners.view.Mastersap.m.IconTabFilter{\"text\":\"Filter\"}"}]}
RESULT: {"script":"<script> [1562 bytes]","args":[{"selector":{"controlType":"sap.m.IconTabFilter","viewName":"etm.portal.ui.managepartners.view.Master","viewId":"application-managepartners-display-component---masterPtm","properties":{"text":"Filter"},"searchOpenDialogs":true,"interaction":{"idSuffix":"text"}},"wdio_ui5_key":"etmportal.ui.managepartners.view.Mastersap.m.IconTabFilter{\"text\":\"Filter\"}"}]}
RESULT: undefined
COMMAND: POST /session/92e25ae387a06d821b008f80a04495e6/element - {"using":"xpath","value":"//*[@id=\"__filter10\"]"}
RESULT: {"using":"xpath","value":"//*[@id=\"__filter10\"]"}
COMMAND: POST /session/92e25ae387a06d821b008f80a04495e6/element/f.2AE10C335A97376731A182912FB7EE33.d.879BE52BBC802DF7768FBC15AD7DA73C.e.2065/click - {}
RESULT: {}
COMMAND: GET /session/92e25ae387a06d821b008f80a04495e6/screenshot - {}
RESULT: {}
COMMAND: POST /session/92e25ae387a06d821b008f80a04495e6/element - {"using":"xpath","value":"//input[@placeholder=\"Filter by\"]/following-sibling::div//span"}
RESULT: {"using":"xpath","value":"//input[@placeholder=\"Filter by\"]/following-sibling::div//span"}
COMMAND: POST /session/92e25ae387a06d821b008f80a04495e6/element/f.2AE10C335A97376731A182912FB7EE33.d.879BE52BBC802DF7768FBC15AD7DA73C.e.2067/click - {}
RESULT: {}
COMMAND: GET /session/92e25ae387a06d821b008f80a04495e6/screenshot - {}
RESULT: {}
COMMAND: POST /session/92e25ae387a06d821b008f80a04495e6/element - {"using":"xpath","value":"//li[.//span[text()=\"Preferred Yard\"]]"}
RESULT: {"using":"xpath","value":"//li[.//span[text()=\"Preferred Yard\"]]"}
COMMAND: POST /session/92e25ae387a06d821b008f80a04495e6/element/f.2AE10C335A97376731A182912FB7EE33.d.879BE52BBC802DF7768FBC15AD7DA73C.e.2068/click - {}
RESULT: {}
COMMAND: GET /session/92e25ae387a06d821b008f80a04495e6/screenshot - {}
RESULT: {}
COMMAND: POST /session/92e25ae387a06d821b008f80a04495e6/execute/async - {"script":"<script> [1562 bytes]","args":[{"selector":{"id":"FilterPanel-filterItemControl_BASIC-application-managepartners-display-component---masterPtm--smartTable-YARDYARD-vhi","searchOpenDialogs":true},"wdio_ui5_key":"FilterPanelfilterItemControl_BASIC-application-managepartners-display-component---masterPtm--smartTable-YARDYARD-vhi"}]}
RESULT: {"script":"<script> [1562 bytes]","args":[{"selector":{"id":"FilterPanel-filterItemControl_BASIC-application-managepartners-display-component---masterPtm--smartTable-YARDYARD-vhi","searchOpenDialogs":true},"wdio_ui5_key":"FilterPanelfilterItemControl_BASIC-application-managepartners-display-component---masterPtm--smartTable-YARDYARD-vhi"}]}
RESULT: undefined
COMMAND: POST /session/92e25ae387a06d821b008f80a04495e6/element - {"using":"xpath","value":"//*[@id=\"FilterPanel-filterItemControl_BASIC-application-managepartners-display-component---masterPtm--smartTable-YARDYARD-vhi\"]"}
RESULT: {"using":"xpath","value":"//*[@id=\"FilterPanel-filterItemControl_BASIC-application-managepartners-display-component---masterPtm--smartTable-YARDYARD-vhi\"]"}
COMMAND: POST /session/92e25ae387a06d821b008f80a04495e6/element/f.2AE10C335A97376731A182912FB7EE33.d.879BE52BBC802DF7768FBC15AD7DA73C.e.2071/click - {}
RESULT: {}
COMMAND: GET /session/92e25ae387a06d821b008f80a04495e6/screenshot - {}
RESULT: {}
COMMAND: POST /session/92e25ae387a06d821b008f80a04495e6/execute/async - {"script":"<script> [1562 bytes]","args":[{"selector":{"id":"FilterPanel-filterItemControl_BASIC-application-managepartners-display-component---masterPtm--smartTable-YARDYARD-valueHelpDialog-smartFilterBar-btnBasicSearch","searchOpenDialogs":true,"interaction":{"idSuffix":"I"}},"wdio_ui5_key":"FilterPanelfilterItemControl_BASIC-application-managepartners-display-component---masterPtm--smartTable-YARDYARD-valueHelpDialog-smartFilterBar-btnBasicSearch"}]}
RESULT: {"script":"<script> [1562 bytes]","args":[{"selector":{"id":"FilterPanel-filterItemControl_BASIC-application-managepartners-display-component---masterPtm--smartTable-YARDYARD-valueHelpDialog-smartFilterBar-btnBasicSearch","searchOpenDialogs":true,"interaction":{"idSuffix":"I"}},"wdio_ui5_key":"FilterPanelfilterItemControl_BASIC-application-managepartners-display-component---masterPtm--smartTable-YARDYARD-valueHelpDialog-smartFilterBar-btnBasicSearch"}]}
RESULT: undefined
COMMAND: POST /session/92e25ae387a06d821b008f80a04495e6/execute/async - {"script":"<script> [776 bytes]","args":[{"enterText":"275","selector":{"id":"FilterPanel-filterItemControl_BASIC-application-managepartners-display-component---masterPtm--smartTable-YARDYARD-valueHelpDialog-smartFilterBar-btnBasicSearch","searchOpenDialogs":true,"interaction":{"idSuffix":"I"}},"clearTextFirst":true,"interactionType":"ENTER_TEXT"}]}
RESULT: {"script":"<script> [776 bytes]","args":[{"enterText":"275","selector":{"id":"FilterPanel-filterItemControl_BASIC-application-managepartners-display-component---masterPtm--smartTable-YARDYARD-valueHelpDialog-smartFilterBar-btnBasicSearch","searchOpenDialogs":true,"interaction":{"idSuffix":"I"}},"clearTextFirst":true,"interactionType":"ENTER_TEXT"}]}
COMMAND: POST /session/92e25ae387a06d821b008f80a04495e6/actions - {"actions":[{"id":"action3","type":"key","parameters":{},"actions":[{"type":"keyDown","value":"î€‡"},{"type":"pause","duration":10},{"type":"keyUp","value":"î€‡"}]}]}
RESULT: {"actions":[{"id":"action3","type":"key","parameters":{},"actions":[{"type":"keyDown","value":"î€‡"},{"type":"pause","duration":10},{"type":"keyUp","value":"î€‡"}]}]}
COMMAND: GET /session/92e25ae387a06d821b008f80a04495e6/screenshot - {}
RESULT: {}
COMMAND: POST /session/92e25ae387a06d821b008f80a04495e6/elements - {"using":"xpath","value":"//table[contains(@id, \"smartTable-YARDYARD-valueHelpDialog-table-table\")]/tbody/tr"}
RESULT: {"using":"xpath","value":"//table[contains(@id, \"smartTable-YARDYARD-valueHelpDialog-table-table\")]/tbody/tr"}
COMMAND: POST /session/92e25ae387a06d821b008f80a04495e6/element - {"using":"xpath","value":"//table[contains(@id, \"smartTable-YARDYARD-valueHelpDialog-table-table\")]/tbody/tr[1]/td[1]/div/span"}
RESULT: {"using":"xpath","value":"//table[contains(@id, \"smartTable-YARDYARD-valueHelpDialog-table-table\")]/tbody/tr[1]/td[1]/div/span"}
COMMAND: POST /session/92e25ae387a06d821b008f80a04495e6/elements - {"using":"xpath","value":"//table[contains(@id, \"smartTable-YARDYARD-valueHelpDialog-table-table\")]/tbody/tr[1]/td[1]/div/span"}
RESULT: {"using":"xpath","value":"//table[contains(@id, \"smartTable-YARDYARD-valueHelpDialog-table-table\")]/tbody/tr[1]/td[1]/div/span"}
COMMAND: POST /session/92e25ae387a06d821b008f80a04495e6/execute/sync - {"script":"<script> [56 bytes]","args":[{"element-6066-11e4-a52e-4f735466cecf":"f.2AE10C335A97376731A182912FB7EE33.d.879BE52BBC802DF7768FBC15AD7DA73C.e.2090","ELEMENT":"f.2AE10C335A97376731A182912FB7EE33.d.879BE52BBC802DF7768FBC15AD7DA73C.e.2090"}]}
RESULT: {"script":"<script> [56 bytes]","args":[{"element-6066-11e4-a52e-4f735466cecf":"f.2AE10C335A97376731A182912FB7EE33.d.879BE52BBC802DF7768FBC15AD7DA73C.e.2090","ELEMENT":"f.2AE10C335A97376731A182912FB7EE33.d.879BE52BBC802DF7768FBC15AD7DA73C.e.2090"}]}
COMMAND: POST /session/92e25ae387a06d821b008f80a04495e6/element - {"using":"xpath","value":"//div[contains(@id, \"YARDYARD-valueHelpDialog-table-rowsel0\")]"}
COMMAND: GET /session/92e25ae387a06d821b008f80a04495e6/screenshot - {}
RESULT: {"using":"xpath","value":"//div[contains(@id, \"YARDYARD-valueHelpDialog-table-rowsel0\")]"}
COMMAND: POST /session/92e25ae387a06d821b008f80a04495e6/element/f.2AE10C335A97376731A182912FB7EE33.d.879BE52BBC802DF7768FBC15AD7DA73C.e.2091/click - {}
RESULT: {}
RESULT: {}
COMMAND: GET /session/92e25ae387a06d821b008f80a04495e6/screenshot - {}
RESULT: {}
COMMAND: POST /session/92e25ae387a06d821b008f80a04495e6/element - {"using":"xpath","value":"(//bdi[contains(text(), \"OK\")])[2]"}
RESULT: {"using":"xpath","value":"(//bdi[contains(text(), \"OK\")])[2]"}
COMMAND: POST /session/92e25ae387a06d821b008f80a04495e6/element/f.2AE10C335A97376731A182912FB7EE33.d.879BE52BBC802DF7768FBC15AD7DA73C.e.2093/click - {}
RESULT: {}
COMMAND: GET /session/92e25ae387a06d821b008f80a04495e6/screenshot - {}
RESULT: {}
COMMAND: POST /session/92e25ae387a06d821b008f80a04495e6/element - {"using":"xpath","value":"//bdi[contains(text(), \"OK\")]"}
RESULT: {"using":"xpath","value":"//bdi[contains(text(), \"OK\")]"}
COMMAND: POST /session/92e25ae387a06d821b008f80a04495e6/element/f.2AE10C335A97376731A182912FB7EE33.d.879BE52BBC802DF7768FBC15AD7DA73C.e.2096/click - {}
RESULT: {}
COMMAND: GET /session/92e25ae387a06d821b008f80a04495e6/screenshot - {}
RESULT: {}
COMMAND: POST /session/92e25ae387a06d821b008f80a04495e6/element - {"using":"xpath","value":"//table[contains(@id, \"customPartnersTable\")]//tbody/tr[1]/td[3]/span"}
RESULT: {"using":"xpath","value":"//table[contains(@id, \"customPartnersTable\")]//tbody/tr[1]/td[3]/span"}
COMMAND: POST /session/92e25ae387a06d821b008f80a04495e6/execute/sync - {"script":"<script> [56 bytes]","args":[{"element-6066-11e4-a52e-4f735466cecf":"f.2AE10C335A97376731A182912FB7EE33.d.879BE52BBC802DF7768FBC15AD7DA73C.e.2150","ELEMENT":"f.2AE10C335A97376731A182912FB7EE33.d.879BE52BBC802DF7768FBC15AD7DA73C.e.2150"}]}
RESULT: {"script":"<script> [56 bytes]","args":[{"element-6066-11e4-a52e-4f735466cecf":"f.2AE10C335A97376731A182912FB7EE33.d.879BE52BBC802DF7768FBC15AD7DA73C.e.2150","ELEMENT":"f.2AE10C335A97376731A182912FB7EE33.d.879BE52BBC802DF7768FBC15AD7DA73C.e.2150"}]}
COMMAND: POST /session/92e25ae387a06d821b008f80a04495e6/element - {"using":"css selector","value":"#shell-header-logo"}
COMMAND: GET /session/92e25ae387a06d821b008f80a04495e6/screenshot - {}
RESULT: {"using":"css selector","value":"#shell-header-logo"}
COMMAND: POST /session/92e25ae387a06d821b008f80a04495e6/element/f.2AE10C335A97376731A182912FB7EE33.d.879BE52BBC802DF7768FBC15AD7DA73C.e.1688/click - {}
RESULT: {}
RESULT: {}
COMMAND: GET /session/92e25ae387a06d821b008f80a04495e6/screenshot - {}
RESULT: {}
]]></system-out>
    </testcase>
    <testcase classname="chrome.136_0_7103_49.windows.Partner_specific_tests_US150819_US151080_US151654_US151176_US103444_US151078_US151079_US151109_US151174_US151175_US151189" name="Should deactivate the created partner in earlier step US151654" time="55.206">
      <system-out><![CDATA[
COMMAND: POST /session/92e25ae387a06d821b008f80a04495e6/element - {"using":"xpath","value":"//li[.//span[text()=\"Manage Partners\"]]"}
RESULT: {"using":"xpath","value":"//li[.//span[text()=\"Manage Partners\"]]"}
COMMAND: POST /session/92e25ae387a06d821b008f80a04495e6/element - {"using":"xpath","value":"//li[.//span[text()=\"Manage Partners\"]]"}
RESULT: {"using":"xpath","value":"//li[.//span[text()=\"Manage Partners\"]]"}
COMMAND: POST /session/92e25ae387a06d821b008f80a04495e6/element - {"using":"css selector","value":"#shell-header-logo"}
RESULT: {"using":"css selector","value":"#shell-header-logo"}
COMMAND: POST /session/92e25ae387a06d821b008f80a04495e6/element/f.2AE10C335A97376731A182912FB7EE33.d.879BE52BBC802DF7768FBC15AD7DA73C.e.2152/click - {}
COMMAND: POST /session/92e25ae387a06d821b008f80a04495e6/execute/sync - {"script":"<script> [8489 bytes]","args":[{"element-6066-11e4-a52e-4f735466cecf":"f.2AE10C335A97376731A182912FB7EE33.d.879BE52BBC802DF7768FBC15AD7DA73C.e.2152","ELEMENT":"f.2AE10C335A97376731A182912FB7EE33.d.879BE52BBC802DF7768FBC15AD7DA73C.e.2152"}]}
RESULT: {}
COMMAND: GET /session/92e25ae387a06d821b008f80a04495e6/screenshot - {}
RESULT: {"script":"<script> [8489 bytes]","args":[{"element-6066-11e4-a52e-4f735466cecf":"f.2AE10C335A97376731A182912FB7EE33.d.879BE52BBC802DF7768FBC15AD7DA73C.e.2152","ELEMENT":"f.2AE10C335A97376731A182912FB7EE33.d.879BE52BBC802DF7768FBC15AD7DA73C.e.2152"}]}
COMMAND: POST /session/92e25ae387a06d821b008f80a04495e6/execute/sync - {"script":"<script> [5351 bytes]","args":[{"element-6066-11e4-a52e-4f735466cecf":"f.2AE10C335A97376731A182912FB7EE33.d.879BE52BBC802DF7768FBC15AD7DA73C.e.2152","ELEMENT":"f.2AE10C335A97376731A182912FB7EE33.d.879BE52BBC802DF7768FBC15AD7DA73C.e.2152"}]}
COMMAND: GET /session/92e25ae387a06d821b008f80a04495e6/screenshot - {}
RESULT: {}
RESULT: {"script":"<script> [5351 bytes]","args":[{"element-6066-11e4-a52e-4f735466cecf":"f.2AE10C335A97376731A182912FB7EE33.d.879BE52BBC802DF7768FBC15AD7DA73C.e.2152","ELEMENT":"f.2AE10C335A97376731A182912FB7EE33.d.879BE52BBC802DF7768FBC15AD7DA73C.e.2152"}]}
COMMAND: GET /session/92e25ae387a06d821b008f80a04495e6/screenshot - {}
RESULT: {}
RESULT: {}
RESULT: undefined
COMMAND: POST /session/92e25ae387a06d821b008f80a04495e6/element - {"using":"xpath","value":"//*[@id=\"__tile38\"]"}
RESULT: {"using":"xpath","value":"//*[@id=\"__tile38\"]"}
COMMAND: POST /session/92e25ae387a06d821b008f80a04495e6/element/f.2AE10C335A97376731A182912FB7EE33.d.879BE52BBC802DF7768FBC15AD7DA73C.e.153/click - {}
RESULT: {}
COMMAND: POST /session/92e25ae387a06d821b008f80a04495e6/element - {"using":"xpath","value":"//button[@data-kt=\"addButton\"]"}
COMMAND: GET /session/92e25ae387a06d821b008f80a04495e6/screenshot - {}
RESULT: {}
RESULT: {"using":"xpath","value":"//button[@data-kt=\"addButton\"]"}
COMMAND: POST /session/92e25ae387a06d821b008f80a04495e6/elements - {"using":"xpath","value":"//button[@data-kt=\"addButton\"]"}
RESULT: {"using":"xpath","value":"//button[@data-kt=\"addButton\"]"}
COMMAND: POST /session/92e25ae387a06d821b008f80a04495e6/execute/sync - {"script":"<script> [8489 bytes]","args":[{"element-6066-11e4-a52e-4f735466cecf":"f.2AE10C335A97376731A182912FB7EE33.d.879BE52BBC802DF7768FBC15AD7DA73C.e.2197","ELEMENT":"f.2AE10C335A97376731A182912FB7EE33.d.879BE52BBC802DF7768FBC15AD7DA73C.e.2197"}]}
RESULT: {"script":"<script> [8489 bytes]","args":[{"element-6066-11e4-a52e-4f735466cecf":"f.2AE10C335A97376731A182912FB7EE33.d.879BE52BBC802DF7768FBC15AD7DA73C.e.2197","ELEMENT":"f.2AE10C335A97376731A182912FB7EE33.d.879BE52BBC802DF7768FBC15AD7DA73C.e.2197"}]}
COMMAND: GET /session/92e25ae387a06d821b008f80a04495e6/element/f.2AE10C335A97376731A182912FB7EE33.d.879BE52BBC802DF7768FBC15AD7DA73C.e.2197/enabled - {}
COMMAND: GET /session/92e25ae387a06d821b008f80a04495e6/screenshot - {}
RESULT: {}
COMMAND: POST /session/92e25ae387a06d821b008f80a04495e6/execute/sync - {"script":"<script> [8489 bytes]","args":[{"element-6066-11e4-a52e-4f735466cecf":"f.2AE10C335A97376731A182912FB7EE33.d.879BE52BBC802DF7768FBC15AD7DA73C.e.2197","ELEMENT":"f.2AE10C335A97376731A182912FB7EE33.d.879BE52BBC802DF7768FBC15AD7DA73C.e.2197"}]}
COMMAND: GET /session/92e25ae387a06d821b008f80a04495e6/screenshot - {}
RESULT: {}
RESULT: {"script":"<script> [8489 bytes]","args":[{"element-6066-11e4-a52e-4f735466cecf":"f.2AE10C335A97376731A182912FB7EE33.d.879BE52BBC802DF7768FBC15AD7DA73C.e.2197","ELEMENT":"f.2AE10C335A97376731A182912FB7EE33.d.879BE52BBC802DF7768FBC15AD7DA73C.e.2197"}]}
COMMAND: POST /session/92e25ae387a06d821b008f80a04495e6/execute/sync - {"script":"<script> [5351 bytes]","args":[{"element-6066-11e4-a52e-4f735466cecf":"f.2AE10C335A97376731A182912FB7EE33.d.879BE52BBC802DF7768FBC15AD7DA73C.e.2197","ELEMENT":"f.2AE10C335A97376731A182912FB7EE33.d.879BE52BBC802DF7768FBC15AD7DA73C.e.2197"}]}
COMMAND: GET /session/92e25ae387a06d821b008f80a04495e6/screenshot - {}
RESULT: {}
RESULT: {"script":"<script> [5351 bytes]","args":[{"element-6066-11e4-a52e-4f735466cecf":"f.2AE10C335A97376731A182912FB7EE33.d.879BE52BBC802DF7768FBC15AD7DA73C.e.2197","ELEMENT":"f.2AE10C335A97376731A182912FB7EE33.d.879BE52BBC802DF7768FBC15AD7DA73C.e.2197"}]}
COMMAND: GET /session/92e25ae387a06d821b008f80a04495e6/screenshot - {}
RESULT: {}
RESULT: {}
COMMAND: POST /session/92e25ae387a06d821b008f80a04495e6/execute/async - {"script":"<script> [1562 bytes]","args":[{"selector":{"id":"application-managepartners-display-component---masterPtm--smartFilterBar-btnBasicSearch","interaction":{"idSuffix":"I"}},"wdio_ui5_key":"applicationmanagepartners-display-component---masterPtm--smartFilterBar-btnBasicSearch"}]}
RESULT: {"script":"<script> [1562 bytes]","args":[{"selector":{"id":"application-managepartners-display-component---masterPtm--smartFilterBar-btnBasicSearch","interaction":{"idSuffix":"I"}},"wdio_ui5_key":"applicationmanagepartners-display-component---masterPtm--smartFilterBar-btnBasicSearch"}]}
RESULT: undefined
COMMAND: POST /session/92e25ae387a06d821b008f80a04495e6/execute/async - {"script":"<script> [776 bytes]","args":[{"enterText":"1102","selector":{"id":"application-managepartners-display-component---masterPtm--smartFilterBar-btnBasicSearch","interaction":{"idSuffix":"I"}},"clearTextFirst":true,"interactionType":"ENTER_TEXT"}]}
RESULT: {"script":"<script> [776 bytes]","args":[{"enterText":"1102","selector":{"id":"application-managepartners-display-component---masterPtm--smartFilterBar-btnBasicSearch","interaction":{"idSuffix":"I"}},"clearTextFirst":true,"interactionType":"ENTER_TEXT"}]}
COMMAND: POST /session/92e25ae387a06d821b008f80a04495e6/actions - {"actions":[{"id":"action4","type":"key","parameters":{},"actions":[{"type":"keyDown","value":"î€‡"},{"type":"pause","duration":10},{"type":"keyUp","value":"î€‡"}]}]}
RESULT: {"actions":[{"id":"action4","type":"key","parameters":{},"actions":[{"type":"keyDown","value":"î€‡"},{"type":"pause","duration":10},{"type":"keyUp","value":"î€‡"}]}]}
COMMAND: GET /session/92e25ae387a06d821b008f80a04495e6/screenshot - {}
RESULT: {}
COMMAND: POST /session/92e25ae387a06d821b008f80a04495e6/elements - {"using":"xpath","value":"//table[contains(@id, \"customPartnersTable-listUl\")]/tbody/tr"}
RESULT: {"using":"xpath","value":"//table[contains(@id, \"customPartnersTable-listUl\")]/tbody/tr"}
COMMAND: POST /session/92e25ae387a06d821b008f80a04495e6/element - {"using":"xpath","value":"//table[contains(@id, \"customPartnersTable-listUl\")]/tbody/tr[1]/td[3]/span"}
RESULT: {"using":"xpath","value":"//table[contains(@id, \"customPartnersTable-listUl\")]/tbody/tr[1]/td[3]/span"}
COMMAND: POST /session/92e25ae387a06d821b008f80a04495e6/elements - {"using":"xpath","value":"//table[contains(@id, \"customPartnersTable-listUl\")]/tbody/tr[1]/td[3]/span"}
RESULT: {"using":"xpath","value":"//table[contains(@id, \"customPartnersTable-listUl\")]/tbody/tr[1]/td[3]/span"}
COMMAND: POST /session/92e25ae387a06d821b008f80a04495e6/execute/sync - {"script":"<script> [56 bytes]","args":[{"element-6066-11e4-a52e-4f735466cecf":"f.2AE10C335A97376731A182912FB7EE33.d.879BE52BBC802DF7768FBC15AD7DA73C.e.2330","ELEMENT":"f.2AE10C335A97376731A182912FB7EE33.d.879BE52BBC802DF7768FBC15AD7DA73C.e.2330"}]}
RESULT: {"script":"<script> [56 bytes]","args":[{"element-6066-11e4-a52e-4f735466cecf":"f.2AE10C335A97376731A182912FB7EE33.d.879BE52BBC802DF7768FBC15AD7DA73C.e.2330","ELEMENT":"f.2AE10C335A97376731A182912FB7EE33.d.879BE52BBC802DF7768FBC15AD7DA73C.e.2330"}]}
COMMAND: POST /session/92e25ae387a06d821b008f80a04495e6/element - {"using":"xpath","value":"//table[contains(@id, \"customPartnersTable-listUl\")]/tbody/tr[1]/td[7]/div/span"}
COMMAND: GET /session/92e25ae387a06d821b008f80a04495e6/screenshot - {}
RESULT: {"using":"xpath","value":"//table[contains(@id, \"customPartnersTable-listUl\")]/tbody/tr[1]/td[7]/div/span"}
COMMAND: POST /session/92e25ae387a06d821b008f80a04495e6/execute/sync - {"script":"<script> [56 bytes]","args":[{"element-6066-11e4-a52e-4f735466cecf":"f.2AE10C335A97376731A182912FB7EE33.d.879BE52BBC802DF7768FBC15AD7DA73C.e.2331","ELEMENT":"f.2AE10C335A97376731A182912FB7EE33.d.879BE52BBC802DF7768FBC15AD7DA73C.e.2331"}]}
RESULT: {}
RESULT: {"script":"<script> [56 bytes]","args":[{"element-6066-11e4-a52e-4f735466cecf":"f.2AE10C335A97376731A182912FB7EE33.d.879BE52BBC802DF7768FBC15AD7DA73C.e.2331","ELEMENT":"f.2AE10C335A97376731A182912FB7EE33.d.879BE52BBC802DF7768FBC15AD7DA73C.e.2331"}]}
COMMAND: POST /session/92e25ae387a06d821b008f80a04495e6/element - {"using":"xpath","value":"//table[contains(@id, \"customPartnersTable-listUl\")]/tbody/tr[1]/td[2]/div/div"}
COMMAND: GET /session/92e25ae387a06d821b008f80a04495e6/screenshot - {}
RESULT: {"using":"xpath","value":"//table[contains(@id, \"customPartnersTable-listUl\")]/tbody/tr[1]/td[2]/div/div"}
COMMAND: POST /session/92e25ae387a06d821b008f80a04495e6/element/f.2AE10C335A97376731A182912FB7EE33.d.879BE52BBC802DF7768FBC15AD7DA73C.e.2323/click - {}
RESULT: {}
RESULT: {}
COMMAND: GET /session/92e25ae387a06d821b008f80a04495e6/screenshot - {}
RESULT: {}
COMMAND: POST /session/92e25ae387a06d821b008f80a04495e6/element - {"using":"xpath","value":"//bdi[contains(text(), \"Deactivate\")]"}
RESULT: {"using":"xpath","value":"//bdi[contains(text(), \"Deactivate\")]"}
COMMAND: POST /session/92e25ae387a06d821b008f80a04495e6/element/f.2AE10C335A97376731A182912FB7EE33.d.879BE52BBC802DF7768FBC15AD7DA73C.e.2332/click - {}
RESULT: {}
COMMAND: GET /session/92e25ae387a06d821b008f80a04495e6/screenshot - {}
RESULT: {}
COMMAND: POST /session/92e25ae387a06d821b008f80a04495e6/element - {"using":"xpath","value":"//bdi[contains(text(), \"Yes\")]"}
RESULT: {"using":"xpath","value":"//bdi[contains(text(), \"Yes\")]"}
COMMAND: POST /session/92e25ae387a06d821b008f80a04495e6/element/f.2AE10C335A97376731A182912FB7EE33.d.879BE52BBC802DF7768FBC15AD7DA73C.e.2334/click - {}
RESULT: {}
COMMAND: GET /session/92e25ae387a06d821b008f80a04495e6/screenshot - {}
RESULT: {}
COMMAND: POST /session/92e25ae387a06d821b008f80a04495e6/element - {"using":"xpath","value":"//table[contains(@id, \"customPartnersTable-listUl\")]/tbody/tr[1]/td[7]/div/span"}
RESULT: {"using":"xpath","value":"//table[contains(@id, \"customPartnersTable-listUl\")]/tbody/tr[1]/td[7]/div/span"}
COMMAND: POST /session/92e25ae387a06d821b008f80a04495e6/execute/sync - {"script":"<script> [56 bytes]","args":[{"element-6066-11e4-a52e-4f735466cecf":"f.2AE10C335A97376731A182912FB7EE33.d.879BE52BBC802DF7768FBC15AD7DA73C.e.2331","ELEMENT":"f.2AE10C335A97376731A182912FB7EE33.d.879BE52BBC802DF7768FBC15AD7DA73C.e.2331"}]}
RESULT: {"script":"<script> [56 bytes]","args":[{"element-6066-11e4-a52e-4f735466cecf":"f.2AE10C335A97376731A182912FB7EE33.d.879BE52BBC802DF7768FBC15AD7DA73C.e.2331","ELEMENT":"f.2AE10C335A97376731A182912FB7EE33.d.879BE52BBC802DF7768FBC15AD7DA73C.e.2331"}]}
COMMAND: GET /session/92e25ae387a06d821b008f80a04495e6/screenshot - {}
RESULT: {}
COMMAND: POST /session/92e25ae387a06d821b008f80a04495e6/element - {"using":"css selector","value":"#shell-header-logo"}
RESULT: {"using":"css selector","value":"#shell-header-logo"}
COMMAND: POST /session/92e25ae387a06d821b008f80a04495e6/element/f.2AE10C335A97376731A182912FB7EE33.d.879BE52BBC802DF7768FBC15AD7DA73C.e.2152/click - {}
RESULT: {}
COMMAND: GET /session/92e25ae387a06d821b008f80a04495e6/screenshot - {}
RESULT: {}
]]></system-out>
    </testcase>
    <testcase classname="chrome.136_0_7103_49.windows.Partner_specific_tests_US150819_US151080_US151654_US151176_US103444_US151078_US151079_US151109_US151174_US151175_US151189" name="Should activate the created partner again US151176" time="55.3">
      <system-out><![CDATA[
COMMAND: POST /session/92e25ae387a06d821b008f80a04495e6/element - {"using":"xpath","value":"//li[.//span[text()=\"Manage Partners\"]]"}
RESULT: {"using":"xpath","value":"//li[.//span[text()=\"Manage Partners\"]]"}
COMMAND: POST /session/92e25ae387a06d821b008f80a04495e6/element - {"using":"xpath","value":"//li[.//span[text()=\"Manage Partners\"]]"}
RESULT: {"using":"xpath","value":"//li[.//span[text()=\"Manage Partners\"]]"}
COMMAND: POST /session/92e25ae387a06d821b008f80a04495e6/element - {"using":"css selector","value":"#shell-header-logo"}
RESULT: {"using":"css selector","value":"#shell-header-logo"}
COMMAND: POST /session/92e25ae387a06d821b008f80a04495e6/element/f.2AE10C335A97376731A182912FB7EE33.d.879BE52BBC802DF7768FBC15AD7DA73C.e.2338/click - {}
COMMAND: POST /session/92e25ae387a06d821b008f80a04495e6/execute/sync - {"script":"<script> [8489 bytes]","args":[{"element-6066-11e4-a52e-4f735466cecf":"f.2AE10C335A97376731A182912FB7EE33.d.879BE52BBC802DF7768FBC15AD7DA73C.e.2338","ELEMENT":"f.2AE10C335A97376731A182912FB7EE33.d.879BE52BBC802DF7768FBC15AD7DA73C.e.2338"}]}
RESULT: {}
COMMAND: GET /session/92e25ae387a06d821b008f80a04495e6/screenshot - {}
RESULT: {"script":"<script> [8489 bytes]","args":[{"element-6066-11e4-a52e-4f735466cecf":"f.2AE10C335A97376731A182912FB7EE33.d.879BE52BBC802DF7768FBC15AD7DA73C.e.2338","ELEMENT":"f.2AE10C335A97376731A182912FB7EE33.d.879BE52BBC802DF7768FBC15AD7DA73C.e.2338"}]}
COMMAND: POST /session/92e25ae387a06d821b008f80a04495e6/execute/sync - {"script":"<script> [5351 bytes]","args":[{"element-6066-11e4-a52e-4f735466cecf":"f.2AE10C335A97376731A182912FB7EE33.d.879BE52BBC802DF7768FBC15AD7DA73C.e.2338","ELEMENT":"f.2AE10C335A97376731A182912FB7EE33.d.879BE52BBC802DF7768FBC15AD7DA73C.e.2338"}]}
COMMAND: GET /session/92e25ae387a06d821b008f80a04495e6/screenshot - {}
RESULT: {}
RESULT: {"script":"<script> [5351 bytes]","args":[{"element-6066-11e4-a52e-4f735466cecf":"f.2AE10C335A97376731A182912FB7EE33.d.879BE52BBC802DF7768FBC15AD7DA73C.e.2338","ELEMENT":"f.2AE10C335A97376731A182912FB7EE33.d.879BE52BBC802DF7768FBC15AD7DA73C.e.2338"}]}
COMMAND: GET /session/92e25ae387a06d821b008f80a04495e6/screenshot - {}
RESULT: {}
RESULT: {}
RESULT: undefined
COMMAND: POST /session/92e25ae387a06d821b008f80a04495e6/element - {"using":"xpath","value":"//*[@id=\"__tile38\"]"}
RESULT: {"using":"xpath","value":"//*[@id=\"__tile38\"]"}
COMMAND: POST /session/92e25ae387a06d821b008f80a04495e6/element/f.2AE10C335A97376731A182912FB7EE33.d.879BE52BBC802DF7768FBC15AD7DA73C.e.153/click - {}
RESULT: {}
COMMAND: POST /session/92e25ae387a06d821b008f80a04495e6/element - {"using":"xpath","value":"//button[@data-kt=\"addButton\"]"}
COMMAND: GET /session/92e25ae387a06d821b008f80a04495e6/screenshot - {}
RESULT: {"using":"xpath","value":"//button[@data-kt=\"addButton\"]"}
COMMAND: POST /session/92e25ae387a06d821b008f80a04495e6/elements - {"using":"xpath","value":"//button[@data-kt=\"addButton\"]"}
RESULT: {}
RESULT: {"using":"xpath","value":"//button[@data-kt=\"addButton\"]"}
COMMAND: POST /session/92e25ae387a06d821b008f80a04495e6/elements - {"using":"xpath","value":"//button[@data-kt=\"addButton\"]"}
RESULT: {"using":"xpath","value":"//button[@data-kt=\"addButton\"]"}
COMMAND: POST /session/92e25ae387a06d821b008f80a04495e6/element - {"using":"xpath","value":"//button[@data-kt=\"addButton\"]"}
RESULT: {"using":"xpath","value":"//button[@data-kt=\"addButton\"]"}
COMMAND: POST /session/92e25ae387a06d821b008f80a04495e6/execute/sync - {"script":"<script> [8489 bytes]","args":[{"element-6066-11e4-a52e-4f735466cecf":"f.2AE10C335A97376731A182912FB7EE33.d.879BE52BBC802DF7768FBC15AD7DA73C.e.2384","ELEMENT":"f.2AE10C335A97376731A182912FB7EE33.d.879BE52BBC802DF7768FBC15AD7DA73C.e.2384"}]}
RESULT: {"script":"<script> [8489 bytes]","args":[{"element-6066-11e4-a52e-4f735466cecf":"f.2AE10C335A97376731A182912FB7EE33.d.879BE52BBC802DF7768FBC15AD7DA73C.e.2384","ELEMENT":"f.2AE10C335A97376731A182912FB7EE33.d.879BE52BBC802DF7768FBC15AD7DA73C.e.2384"}]}
COMMAND: GET /session/92e25ae387a06d821b008f80a04495e6/element/f.2AE10C335A97376731A182912FB7EE33.d.879BE52BBC802DF7768FBC15AD7DA73C.e.2384/enabled - {}
COMMAND: GET /session/92e25ae387a06d821b008f80a04495e6/screenshot - {}
RESULT: {}
COMMAND: POST /session/92e25ae387a06d821b008f80a04495e6/execute/sync - {"script":"<script> [8489 bytes]","args":[{"element-6066-11e4-a52e-4f735466cecf":"f.2AE10C335A97376731A182912FB7EE33.d.879BE52BBC802DF7768FBC15AD7DA73C.e.2384","ELEMENT":"f.2AE10C335A97376731A182912FB7EE33.d.879BE52BBC802DF7768FBC15AD7DA73C.e.2384"}]}
COMMAND: GET /session/92e25ae387a06d821b008f80a04495e6/screenshot - {}
RESULT: {}
RESULT: {"script":"<script> [8489 bytes]","args":[{"element-6066-11e4-a52e-4f735466cecf":"f.2AE10C335A97376731A182912FB7EE33.d.879BE52BBC802DF7768FBC15AD7DA73C.e.2384","ELEMENT":"f.2AE10C335A97376731A182912FB7EE33.d.879BE52BBC802DF7768FBC15AD7DA73C.e.2384"}]}
COMMAND: POST /session/92e25ae387a06d821b008f80a04495e6/execute/sync - {"script":"<script> [5351 bytes]","args":[{"element-6066-11e4-a52e-4f735466cecf":"f.2AE10C335A97376731A182912FB7EE33.d.879BE52BBC802DF7768FBC15AD7DA73C.e.2384","ELEMENT":"f.2AE10C335A97376731A182912FB7EE33.d.879BE52BBC802DF7768FBC15AD7DA73C.e.2384"}]}
COMMAND: GET /session/92e25ae387a06d821b008f80a04495e6/screenshot - {}
RESULT: {}
RESULT: {"script":"<script> [5351 bytes]","args":[{"element-6066-11e4-a52e-4f735466cecf":"f.2AE10C335A97376731A182912FB7EE33.d.879BE52BBC802DF7768FBC15AD7DA73C.e.2384","ELEMENT":"f.2AE10C335A97376731A182912FB7EE33.d.879BE52BBC802DF7768FBC15AD7DA73C.e.2384"}]}
COMMAND: GET /session/92e25ae387a06d821b008f80a04495e6/screenshot - {}
RESULT: {}
RESULT: {}
RESULT: undefined
COMMAND: POST /session/92e25ae387a06d821b008f80a04495e6/execute/async - {"script":"<script> [776 bytes]","args":[{"enterText":"1102","selector":{"id":"application-managepartners-display-component---masterPtm--smartFilterBar-btnBasicSearch","interaction":{"idSuffix":"I"}},"clearTextFirst":true,"interactionType":"ENTER_TEXT"}]}
RESULT: {"script":"<script> [776 bytes]","args":[{"enterText":"1102","selector":{"id":"application-managepartners-display-component---masterPtm--smartFilterBar-btnBasicSearch","interaction":{"idSuffix":"I"}},"clearTextFirst":true,"interactionType":"ENTER_TEXT"}]}
COMMAND: POST /session/92e25ae387a06d821b008f80a04495e6/actions - {"actions":[{"id":"action5","type":"key","parameters":{},"actions":[{"type":"keyDown","value":"î€‡"},{"type":"pause","duration":10},{"type":"keyUp","value":"î€‡"}]}]}
RESULT: {"actions":[{"id":"action5","type":"key","parameters":{},"actions":[{"type":"keyDown","value":"î€‡"},{"type":"pause","duration":10},{"type":"keyUp","value":"î€‡"}]}]}
COMMAND: GET /session/92e25ae387a06d821b008f80a04495e6/screenshot - {}
RESULT: {}
COMMAND: POST /session/92e25ae387a06d821b008f80a04495e6/elements - {"using":"xpath","value":"//table[contains(@id, \"customPartnersTable-listUl\")]/tbody/tr"}
RESULT: {"using":"xpath","value":"//table[contains(@id, \"customPartnersTable-listUl\")]/tbody/tr"}
COMMAND: POST /session/92e25ae387a06d821b008f80a04495e6/element - {"using":"xpath","value":"//table[contains(@id, \"customPartnersTable-listUl\")]/tbody/tr[1]/td[3]/span"}
RESULT: {"using":"xpath","value":"//table[contains(@id, \"customPartnersTable-listUl\")]/tbody/tr[1]/td[3]/span"}
COMMAND: POST /session/92e25ae387a06d821b008f80a04495e6/elements - {"using":"xpath","value":"//table[contains(@id, \"customPartnersTable-listUl\")]/tbody/tr[1]/td[3]/span"}
RESULT: {"using":"xpath","value":"//table[contains(@id, \"customPartnersTable-listUl\")]/tbody/tr[1]/td[3]/span"}
COMMAND: POST /session/92e25ae387a06d821b008f80a04495e6/execute/sync - {"script":"<script> [56 bytes]","args":[{"element-6066-11e4-a52e-4f735466cecf":"f.2AE10C335A97376731A182912FB7EE33.d.879BE52BBC802DF7768FBC15AD7DA73C.e.2519","ELEMENT":"f.2AE10C335A97376731A182912FB7EE33.d.879BE52BBC802DF7768FBC15AD7DA73C.e.2519"}]}
RESULT: {"script":"<script> [56 bytes]","args":[{"element-6066-11e4-a52e-4f735466cecf":"f.2AE10C335A97376731A182912FB7EE33.d.879BE52BBC802DF7768FBC15AD7DA73C.e.2519","ELEMENT":"f.2AE10C335A97376731A182912FB7EE33.d.879BE52BBC802DF7768FBC15AD7DA73C.e.2519"}]}
COMMAND: POST /session/92e25ae387a06d821b008f80a04495e6/element - {"using":"xpath","value":"//table[contains(@id, \"customPartnersTable-listUl\")]/tbody/tr[1]/td[7]/div/span"}
COMMAND: GET /session/92e25ae387a06d821b008f80a04495e6/screenshot - {}
RESULT: {"using":"xpath","value":"//table[contains(@id, \"customPartnersTable-listUl\")]/tbody/tr[1]/td[7]/div/span"}
COMMAND: POST /session/92e25ae387a06d821b008f80a04495e6/execute/sync - {"script":"<script> [56 bytes]","args":[{"element-6066-11e4-a52e-4f735466cecf":"f.2AE10C335A97376731A182912FB7EE33.d.879BE52BBC802DF7768FBC15AD7DA73C.e.2520","ELEMENT":"f.2AE10C335A97376731A182912FB7EE33.d.879BE52BBC802DF7768FBC15AD7DA73C.e.2520"}]}
RESULT: {}
RESULT: {"script":"<script> [56 bytes]","args":[{"element-6066-11e4-a52e-4f735466cecf":"f.2AE10C335A97376731A182912FB7EE33.d.879BE52BBC802DF7768FBC15AD7DA73C.e.2520","ELEMENT":"f.2AE10C335A97376731A182912FB7EE33.d.879BE52BBC802DF7768FBC15AD7DA73C.e.2520"}]}
COMMAND: POST /session/92e25ae387a06d821b008f80a04495e6/element - {"using":"xpath","value":"//table[contains(@id, \"customPartnersTable-listUl\")]/tbody/tr[1]/td[2]/div/div"}
COMMAND: GET /session/92e25ae387a06d821b008f80a04495e6/screenshot - {}
RESULT: {"using":"xpath","value":"//table[contains(@id, \"customPartnersTable-listUl\")]/tbody/tr[1]/td[2]/div/div"}
COMMAND: POST /session/92e25ae387a06d821b008f80a04495e6/element/f.2AE10C335A97376731A182912FB7EE33.d.879BE52BBC802DF7768FBC15AD7DA73C.e.2512/click - {}
RESULT: {}
RESULT: {}
COMMAND: GET /session/92e25ae387a06d821b008f80a04495e6/screenshot - {}
RESULT: {}
COMMAND: POST /session/92e25ae387a06d821b008f80a04495e6/element - {"using":"xpath","value":"//bdi[contains(text(), \"Activate\")]"}
RESULT: {"using":"xpath","value":"//bdi[contains(text(), \"Activate\")]"}
COMMAND: POST /session/92e25ae387a06d821b008f80a04495e6/element/f.2AE10C335A97376731A182912FB7EE33.d.879BE52BBC802DF7768FBC15AD7DA73C.e.2521/click - {}
RESULT: {}
COMMAND: GET /session/92e25ae387a06d821b008f80a04495e6/screenshot - {}
RESULT: {}
COMMAND: POST /session/92e25ae387a06d821b008f80a04495e6/element - {"using":"xpath","value":"//bdi[contains(text(), \"Yes\")]"}
RESULT: {"using":"xpath","value":"//bdi[contains(text(), \"Yes\")]"}
COMMAND: POST /session/92e25ae387a06d821b008f80a04495e6/element/f.2AE10C335A97376731A182912FB7EE33.d.879BE52BBC802DF7768FBC15AD7DA73C.e.2523/click - {}
RESULT: {}
COMMAND: GET /session/92e25ae387a06d821b008f80a04495e6/screenshot - {}
RESULT: {}
COMMAND: POST /session/92e25ae387a06d821b008f80a04495e6/element - {"using":"xpath","value":"//table[contains(@id, \"customPartnersTable-listUl\")]/tbody/tr[1]/td[7]/div/span"}
RESULT: {"using":"xpath","value":"//table[contains(@id, \"customPartnersTable-listUl\")]/tbody/tr[1]/td[7]/div/span"}
COMMAND: POST /session/92e25ae387a06d821b008f80a04495e6/execute/sync - {"script":"<script> [56 bytes]","args":[{"element-6066-11e4-a52e-4f735466cecf":"f.2AE10C335A97376731A182912FB7EE33.d.879BE52BBC802DF7768FBC15AD7DA73C.e.2520","ELEMENT":"f.2AE10C335A97376731A182912FB7EE33.d.879BE52BBC802DF7768FBC15AD7DA73C.e.2520"}]}
RESULT: {"script":"<script> [56 bytes]","args":[{"element-6066-11e4-a52e-4f735466cecf":"f.2AE10C335A97376731A182912FB7EE33.d.879BE52BBC802DF7768FBC15AD7DA73C.e.2520","ELEMENT":"f.2AE10C335A97376731A182912FB7EE33.d.879BE52BBC802DF7768FBC15AD7DA73C.e.2520"}]}
COMMAND: GET /session/92e25ae387a06d821b008f80a04495e6/screenshot - {}
RESULT: {}
COMMAND: POST /session/92e25ae387a06d821b008f80a04495e6/element - {"using":"css selector","value":"#shell-header-logo"}
RESULT: {"using":"css selector","value":"#shell-header-logo"}
COMMAND: POST /session/92e25ae387a06d821b008f80a04495e6/element/f.2AE10C335A97376731A182912FB7EE33.d.879BE52BBC802DF7768FBC15AD7DA73C.e.2338/click - {}
RESULT: {}
COMMAND: GET /session/92e25ae387a06d821b008f80a04495e6/screenshot - {}
RESULT: {}
]]></system-out>
    </testcase>
    <testcase classname="chrome.136_0_7103_49.windows.Partner_specific_tests_US150819_US151080_US151654_US151176_US103444_US151078_US151079_US151109_US151174_US151175_US151189" name="Should edit the created external partner and save it and check its content US103444" time="62.232">
      <system-out><![CDATA[
COMMAND: POST /session/92e25ae387a06d821b008f80a04495e6/element - {"using":"xpath","value":"//li[.//span[text()=\"Manage Partners\"]]"}
RESULT: {"using":"xpath","value":"//li[.//span[text()=\"Manage Partners\"]]"}
COMMAND: POST /session/92e25ae387a06d821b008f80a04495e6/element - {"using":"xpath","value":"//li[.//span[text()=\"Manage Partners\"]]"}
RESULT: {"using":"xpath","value":"//li[.//span[text()=\"Manage Partners\"]]"}
COMMAND: POST /session/92e25ae387a06d821b008f80a04495e6/element - {"using":"css selector","value":"#shell-header-logo"}
RESULT: {"using":"css selector","value":"#shell-header-logo"}
COMMAND: POST /session/92e25ae387a06d821b008f80a04495e6/element/f.2AE10C335A97376731A182912FB7EE33.d.879BE52BBC802DF7768FBC15AD7DA73C.e.2527/click - {}
COMMAND: POST /session/92e25ae387a06d821b008f80a04495e6/execute/sync - {"script":"<script> [8489 bytes]","args":[{"element-6066-11e4-a52e-4f735466cecf":"f.2AE10C335A97376731A182912FB7EE33.d.879BE52BBC802DF7768FBC15AD7DA73C.e.2527","ELEMENT":"f.2AE10C335A97376731A182912FB7EE33.d.879BE52BBC802DF7768FBC15AD7DA73C.e.2527"}]}
RESULT: {"script":"<script> [8489 bytes]","args":[{"element-6066-11e4-a52e-4f735466cecf":"f.2AE10C335A97376731A182912FB7EE33.d.879BE52BBC802DF7768FBC15AD7DA73C.e.2527","ELEMENT":"f.2AE10C335A97376731A182912FB7EE33.d.879BE52BBC802DF7768FBC15AD7DA73C.e.2527"}]}
COMMAND: POST /session/92e25ae387a06d821b008f80a04495e6/execute/sync - {"script":"<script> [5351 bytes]","args":[{"element-6066-11e4-a52e-4f735466cecf":"f.2AE10C335A97376731A182912FB7EE33.d.879BE52BBC802DF7768FBC15AD7DA73C.e.2527","ELEMENT":"f.2AE10C335A97376731A182912FB7EE33.d.879BE52BBC802DF7768FBC15AD7DA73C.e.2527"}]}
COMMAND: GET /session/92e25ae387a06d821b008f80a04495e6/screenshot - {}
RESULT: {}
COMMAND: GET /session/92e25ae387a06d821b008f80a04495e6/screenshot - {}
RESULT: {"script":"<script> [5351 bytes]","args":[{"element-6066-11e4-a52e-4f735466cecf":"f.2AE10C335A97376731A182912FB7EE33.d.879BE52BBC802DF7768FBC15AD7DA73C.e.2527","ELEMENT":"f.2AE10C335A97376731A182912FB7EE33.d.879BE52BBC802DF7768FBC15AD7DA73C.e.2527"}]}
COMMAND: GET /session/92e25ae387a06d821b008f80a04495e6/screenshot - {}
RESULT: {}
RESULT: {}
RESULT: {}
RESULT: undefined
COMMAND: POST /session/92e25ae387a06d821b008f80a04495e6/element - {"using":"xpath","value":"//*[@id=\"__tile38\"]"}
RESULT: {"using":"xpath","value":"//*[@id=\"__tile38\"]"}
COMMAND: POST /session/92e25ae387a06d821b008f80a04495e6/element/f.2AE10C335A97376731A182912FB7EE33.d.879BE52BBC802DF7768FBC15AD7DA73C.e.153/click - {}
RESULT: {}
COMMAND: POST /session/92e25ae387a06d821b008f80a04495e6/element - {"using":"xpath","value":"//button[@data-kt=\"addButton\"]"}
COMMAND: GET /session/92e25ae387a06d821b008f80a04495e6/screenshot - {}
RESULT: {"using":"xpath","value":"//button[@data-kt=\"addButton\"]"}
COMMAND: POST /session/92e25ae387a06d821b008f80a04495e6/elements - {"using":"xpath","value":"//button[@data-kt=\"addButton\"]"}
RESULT: {}
RESULT: {"using":"xpath","value":"//button[@data-kt=\"addButton\"]"}
COMMAND: POST /session/92e25ae387a06d821b008f80a04495e6/elements - {"using":"xpath","value":"//button[@data-kt=\"addButton\"]"}
RESULT: {"using":"xpath","value":"//button[@data-kt=\"addButton\"]"}
COMMAND: POST /session/92e25ae387a06d821b008f80a04495e6/element - {"using":"xpath","value":"//button[@data-kt=\"addButton\"]"}
RESULT: {"using":"xpath","value":"//button[@data-kt=\"addButton\"]"}
COMMAND: POST /session/92e25ae387a06d821b008f80a04495e6/execute/sync - {"script":"<script> [8489 bytes]","args":[{"element-6066-11e4-a52e-4f735466cecf":"f.2AE10C335A97376731A182912FB7EE33.d.879BE52BBC802DF7768FBC15AD7DA73C.e.2561","ELEMENT":"f.2AE10C335A97376731A182912FB7EE33.d.879BE52BBC802DF7768FBC15AD7DA73C.e.2561"}]}
RESULT: {"script":"<script> [8489 bytes]","args":[{"element-6066-11e4-a52e-4f735466cecf":"f.2AE10C335A97376731A182912FB7EE33.d.879BE52BBC802DF7768FBC15AD7DA73C.e.2561","ELEMENT":"f.2AE10C335A97376731A182912FB7EE33.d.879BE52BBC802DF7768FBC15AD7DA73C.e.2561"}]}
COMMAND: GET /session/92e25ae387a06d821b008f80a04495e6/element/f.2AE10C335A97376731A182912FB7EE33.d.879BE52BBC802DF7768FBC15AD7DA73C.e.2561/enabled - {}
COMMAND: GET /session/92e25ae387a06d821b008f80a04495e6/screenshot - {}
RESULT: {}
COMMAND: POST /session/92e25ae387a06d821b008f80a04495e6/execute/sync - {"script":"<script> [8489 bytes]","args":[{"element-6066-11e4-a52e-4f735466cecf":"f.2AE10C335A97376731A182912FB7EE33.d.879BE52BBC802DF7768FBC15AD7DA73C.e.2561","ELEMENT":"f.2AE10C335A97376731A182912FB7EE33.d.879BE52BBC802DF7768FBC15AD7DA73C.e.2561"}]}
COMMAND: GET /session/92e25ae387a06d821b008f80a04495e6/screenshot - {}
RESULT: {}
RESULT: {"script":"<script> [8489 bytes]","args":[{"element-6066-11e4-a52e-4f735466cecf":"f.2AE10C335A97376731A182912FB7EE33.d.879BE52BBC802DF7768FBC15AD7DA73C.e.2561","ELEMENT":"f.2AE10C335A97376731A182912FB7EE33.d.879BE52BBC802DF7768FBC15AD7DA73C.e.2561"}]}
COMMAND: POST /session/92e25ae387a06d821b008f80a04495e6/execute/sync - {"script":"<script> [5351 bytes]","args":[{"element-6066-11e4-a52e-4f735466cecf":"f.2AE10C335A97376731A182912FB7EE33.d.879BE52BBC802DF7768FBC15AD7DA73C.e.2561","ELEMENT":"f.2AE10C335A97376731A182912FB7EE33.d.879BE52BBC802DF7768FBC15AD7DA73C.e.2561"}]}
COMMAND: GET /session/92e25ae387a06d821b008f80a04495e6/screenshot - {}
RESULT: {}
RESULT: {"script":"<script> [5351 bytes]","args":[{"element-6066-11e4-a52e-4f735466cecf":"f.2AE10C335A97376731A182912FB7EE33.d.879BE52BBC802DF7768FBC15AD7DA73C.e.2561","ELEMENT":"f.2AE10C335A97376731A182912FB7EE33.d.879BE52BBC802DF7768FBC15AD7DA73C.e.2561"}]}
COMMAND: GET /session/92e25ae387a06d821b008f80a04495e6/screenshot - {}
RESULT: {}
RESULT: {}
RESULT: undefined
COMMAND: POST /session/92e25ae387a06d821b008f80a04495e6/execute/async - {"script":"<script> [776 bytes]","args":[{"enterText":"1102","selector":{"id":"application-managepartners-display-component---masterPtm--smartFilterBar-btnBasicSearch","interaction":{"idSuffix":"I"}},"clearTextFirst":true,"interactionType":"ENTER_TEXT"}]}
RESULT: {"script":"<script> [776 bytes]","args":[{"enterText":"1102","selector":{"id":"application-managepartners-display-component---masterPtm--smartFilterBar-btnBasicSearch","interaction":{"idSuffix":"I"}},"clearTextFirst":true,"interactionType":"ENTER_TEXT"}]}
COMMAND: POST /session/92e25ae387a06d821b008f80a04495e6/actions - {"actions":[{"id":"action6","type":"key","parameters":{},"actions":[{"type":"keyDown","value":"î€‡"},{"type":"pause","duration":10},{"type":"keyUp","value":"î€‡"}]}]}
RESULT: {"actions":[{"id":"action6","type":"key","parameters":{},"actions":[{"type":"keyDown","value":"î€‡"},{"type":"pause","duration":10},{"type":"keyUp","value":"î€‡"}]}]}
COMMAND: GET /session/92e25ae387a06d821b008f80a04495e6/screenshot - {}
RESULT: {}
COMMAND: POST /session/92e25ae387a06d821b008f80a04495e6/elements - {"using":"xpath","value":"//table[contains(@id, \"customPartnersTable-listUl\")]/tbody/tr"}
RESULT: {"using":"xpath","value":"//table[contains(@id, \"customPartnersTable-listUl\")]/tbody/tr"}
COMMAND: POST /session/92e25ae387a06d821b008f80a04495e6/element - {"using":"xpath","value":"//table[contains(@id, \"customPartnersTable-listUl\")]/tbody/tr[1]/td[3]/span"}
RESULT: {"using":"xpath","value":"//table[contains(@id, \"customPartnersTable-listUl\")]/tbody/tr[1]/td[3]/span"}
COMMAND: POST /session/92e25ae387a06d821b008f80a04495e6/elements - {"using":"xpath","value":"//table[contains(@id, \"customPartnersTable-listUl\")]/tbody/tr[1]/td[3]/span"}
RESULT: {"using":"xpath","value":"//table[contains(@id, \"customPartnersTable-listUl\")]/tbody/tr[1]/td[3]/span"}
COMMAND: POST /session/92e25ae387a06d821b008f80a04495e6/execute/sync - {"script":"<script> [56 bytes]","args":[{"element-6066-11e4-a52e-4f735466cecf":"f.2AE10C335A97376731A182912FB7EE33.d.879BE52BBC802DF7768FBC15AD7DA73C.e.2704","ELEMENT":"f.2AE10C335A97376731A182912FB7EE33.d.879BE52BBC802DF7768FBC15AD7DA73C.e.2704"}]}
RESULT: {"script":"<script> [56 bytes]","args":[{"element-6066-11e4-a52e-4f735466cecf":"f.2AE10C335A97376731A182912FB7EE33.d.879BE52BBC802DF7768FBC15AD7DA73C.e.2704","ELEMENT":"f.2AE10C335A97376731A182912FB7EE33.d.879BE52BBC802DF7768FBC15AD7DA73C.e.2704"}]}
COMMAND: POST /session/92e25ae387a06d821b008f80a04495e6/element - {"using":"xpath","value":"(//span[contains(@id, \"imgNav\")])[1]"}
COMMAND: GET /session/92e25ae387a06d821b008f80a04495e6/screenshot - {}
RESULT: {"using":"xpath","value":"(//span[contains(@id, \"imgNav\")])[1]"}
COMMAND: POST /session/92e25ae387a06d821b008f80a04495e6/element/f.2AE10C335A97376731A182912FB7EE33.d.879BE52BBC802DF7768FBC15AD7DA73C.e.2703/click - {}
RESULT: {}
RESULT: {}
COMMAND: GET /session/92e25ae387a06d821b008f80a04495e6/screenshot - {}
COMMAND: POST /session/92e25ae387a06d821b008f80a04495e6/element - {"using":"xpath","value":"//bdi[contains(text(), \"Edit\")]"}
RESULT: {}
RESULT: {"using":"xpath","value":"//bdi[contains(text(), \"Edit\")]"}
COMMAND: POST /session/92e25ae387a06d821b008f80a04495e6/element/f.2AE10C335A97376731A182912FB7EE33.d.879BE52BBC802DF7768FBC15AD7DA73C.e.2841/click - {}
RESULT: {}
COMMAND: GET /session/92e25ae387a06d821b008f80a04495e6/screenshot - {}
RESULT: {}
COMMAND: POST /session/92e25ae387a06d821b008f80a04495e6/execute/async - {"script":"<script> [1562 bytes]","args":[{"selector":{"controlType":"sap.m.Input","viewName":"etm.portal.ui.managepartners.view.EditDetail","labelFor":{"text":"Name"},"interaction":{"idSuffix":"inner"}},"wdio_ui5_key":"etmportal.ui.managepartners.view.EditDetailsap.m.Input{\"text\":\"Name\"}"}]}
RESULT: {"script":"<script> [1562 bytes]","args":[{"selector":{"controlType":"sap.m.Input","viewName":"etm.portal.ui.managepartners.view.EditDetail","labelFor":{"text":"Name"},"interaction":{"idSuffix":"inner"}},"wdio_ui5_key":"etmportal.ui.managepartners.view.EditDetailsap.m.Input{\"text\":\"Name\"}"}]}
RESULT: undefined
COMMAND: POST /session/92e25ae387a06d821b008f80a04495e6/execute/async - {"script":"<script> [776 bytes]","args":[{"enterText":"External EDIT","selector":{"controlType":"sap.m.Input","viewName":"etm.portal.ui.managepartners.view.EditDetail","labelFor":{"text":"Name"},"interaction":{"idSuffix":"inner"}},"clearTextFirst":true,"interactionType":"ENTER_TEXT"}]}
RESULT: {"script":"<script> [776 bytes]","args":[{"enterText":"External EDIT","selector":{"controlType":"sap.m.Input","viewName":"etm.portal.ui.managepartners.view.EditDetail","labelFor":{"text":"Name"},"interaction":{"idSuffix":"inner"}},"clearTextFirst":true,"interactionType":"ENTER_TEXT"}]}
COMMAND: POST /session/92e25ae387a06d821b008f80a04495e6/element - {"using":"xpath","value":"(//span[contains(@id,\"addressDetailDetailsLanguage-arrow\")])[1]"}
RESULT: {"using":"xpath","value":"(//span[contains(@id,\"addressDetailDetailsLanguage-arrow\")])[1]"}
COMMAND: POST /session/92e25ae387a06d821b008f80a04495e6/element/f.2AE10C335A97376731A182912FB7EE33.d.879BE52BBC802DF7768FBC15AD7DA73C.e.2917/click - {}
RESULT: {}
COMMAND: POST /session/92e25ae387a06d821b008f80a04495e6/element - {"using":"xpath","value":"//span[contains(text(), \"Chinese\")]"}
COMMAND: GET /session/92e25ae387a06d821b008f80a04495e6/screenshot - {}
RESULT: {"using":"xpath","value":"//span[contains(text(), \"Chinese\")]"}
COMMAND: POST /session/92e25ae387a06d821b008f80a04495e6/element/f.2AE10C335A97376731A182912FB7EE33.d.879BE52BBC802DF7768FBC15AD7DA73C.e.2918/click - {}
RESULT: {}
RESULT: {}
COMMAND: GET /session/92e25ae387a06d821b008f80a04495e6/screenshot - {}
RESULT: {}
COMMAND: POST /session/92e25ae387a06d821b008f80a04495e6/execute/async - {"script":"<script> [1562 bytes]","args":[{"selector":{"controlType":"sap.m.Input","viewName":"etm.portal.ui.managepartners.view.EditDetail","labelFor":{"text":"City"},"interaction":{"idSuffix":"inner"}},"wdio_ui5_key":"etmportal.ui.managepartners.view.EditDetailsap.m.Input{\"text\":\"City\"}"}]}
RESULT: {"script":"<script> [1562 bytes]","args":[{"selector":{"controlType":"sap.m.Input","viewName":"etm.portal.ui.managepartners.view.EditDetail","labelFor":{"text":"City"},"interaction":{"idSuffix":"inner"}},"wdio_ui5_key":"etmportal.ui.managepartners.view.EditDetailsap.m.Input{\"text\":\"City\"}"}]}
RESULT: undefined
COMMAND: POST /session/92e25ae387a06d821b008f80a04495e6/execute/async - {"script":"<script> [776 bytes]","args":[{"enterText":"Clooj-Napoca","selector":{"controlType":"sap.m.Input","viewName":"etm.portal.ui.managepartners.view.EditDetail","labelFor":{"text":"City"},"interaction":{"idSuffix":"inner"}},"clearTextFirst":true,"interactionType":"ENTER_TEXT"}]}
RESULT: {"script":"<script> [776 bytes]","args":[{"enterText":"Clooj-Napoca","selector":{"controlType":"sap.m.Input","viewName":"etm.portal.ui.managepartners.view.EditDetail","labelFor":{"text":"City"},"interaction":{"idSuffix":"inner"}},"clearTextFirst":true,"interactionType":"ENTER_TEXT"}]}
COMMAND: POST /session/92e25ae387a06d821b008f80a04495e6/element - {"using":"xpath","value":"//button[@data-kt=\"saveButton\"]"}
RESULT: {"using":"xpath","value":"//button[@data-kt=\"saveButton\"]"}
COMMAND: POST /session/92e25ae387a06d821b008f80a04495e6/element/f.2AE10C335A97376731A182912FB7EE33.d.879BE52BBC802DF7768FBC15AD7DA73C.e.2900/click - {}
RESULT: {}
COMMAND: GET /session/92e25ae387a06d821b008f80a04495e6/screenshot - {}
RESULT: {}
COMMAND: POST /session/92e25ae387a06d821b008f80a04495e6/execute/async - {"script":"<script> [1562 bytes]","args":[{"selector":{"id":"application-managepartners-display-component---detailPtm--addressDetailDetailsName1"},"wdio_ui5_key":"applicationmanagepartners-display-component---detailPtm--addressDetailDetailsName1"}]}
RESULT: {"script":"<script> [1562 bytes]","args":[{"selector":{"id":"application-managepartners-display-component---detailPtm--addressDetailDetailsName1"},"wdio_ui5_key":"applicationmanagepartners-display-component---detailPtm--addressDetailDetailsName1"}]}
RESULT: undefined
COMMAND: POST /session/92e25ae387a06d821b008f80a04495e6/execute/async - {"script":"<script> [6424 bytes]","args":[{"element-6066-11e4-a52e-4f735466cecf":"f.2AE10C335A97376731A182912FB7EE33.d.879BE52BBC802DF7768FBC15AD7DA73C.e.2949"},"getValue",[]]}
RESULT: {"script":"<script> [6424 bytes]","args":[{"element-6066-11e4-a52e-4f735466cecf":"f.2AE10C335A97376731A182912FB7EE33.d.879BE52BBC802DF7768FBC15AD7DA73C.e.2949"},"getValue",[]]}
COMMAND: POST /session/92e25ae387a06d821b008f80a04495e6/element - {"using":"xpath","value":"//input[@id = \"application-managepartners-display-component---detailPtm--addressDetailDetailsLanguage-inner\"]"}
RESULT: {"using":"xpath","value":"//input[@id = \"application-managepartners-display-component---detailPtm--addressDetailDetailsLanguage-inner\"]"}
COMMAND: GET /session/92e25ae387a06d821b008f80a04495e6/element/f.2AE10C335A97376731A182912FB7EE33.d.879BE52BBC802DF7768FBC15AD7DA73C.e.2950/property/value - {}
RESULT: {}
COMMAND: POST /session/92e25ae387a06d821b008f80a04495e6/execute/async - {"script":"<script> [1562 bytes]","args":[{"selector":{"id":"application-managepartners-display-component---detailPtm--addressDetailDetailsCity1"},"wdio_ui5_key":"applicationmanagepartners-display-component---detailPtm--addressDetailDetailsCity1"}]}
COMMAND: GET /session/92e25ae387a06d821b008f80a04495e6/screenshot - {}
RESULT: {"script":"<script> [1562 bytes]","args":[{"selector":{"id":"application-managepartners-display-component---detailPtm--addressDetailDetailsCity1"},"wdio_ui5_key":"applicationmanagepartners-display-component---detailPtm--addressDetailDetailsCity1"}]}
RESULT: undefined
COMMAND: POST /session/92e25ae387a06d821b008f80a04495e6/execute/async - {"script":"<script> [6424 bytes]","args":[{"element-6066-11e4-a52e-4f735466cecf":"f.2AE10C335A97376731A182912FB7EE33.d.879BE52BBC802DF7768FBC15AD7DA73C.e.2951"},"getValue",[]]}
RESULT: {}
RESULT: {"script":"<script> [6424 bytes]","args":[{"element-6066-11e4-a52e-4f735466cecf":"f.2AE10C335A97376731A182912FB7EE33.d.879BE52BBC802DF7768FBC15AD7DA73C.e.2951"},"getValue",[]]}
COMMAND: POST /session/92e25ae387a06d821b008f80a04495e6/element - {"using":"css selector","value":"#shell-header-logo"}
RESULT: {"using":"css selector","value":"#shell-header-logo"}
COMMAND: POST /session/92e25ae387a06d821b008f80a04495e6/element/f.2AE10C335A97376731A182912FB7EE33.d.879BE52BBC802DF7768FBC15AD7DA73C.e.2527/click - {}
RESULT: {}
COMMAND: GET /session/92e25ae387a06d821b008f80a04495e6/screenshot - {}
RESULT: {}
]]></system-out>
    </testcase>
    <testcase classname="chrome.136_0_7103_49.windows.Partner_specific_tests_US150819_US151080_US151654_US151176_US103444_US151078_US151079_US151109_US151174_US151175_US151189" name="Should create a new intercompany partner edit some of its fields US151078" time="252.013">
      <system-out><![CDATA[
COMMAND: POST /session/92e25ae387a06d821b008f80a04495e6/element - {"using":"xpath","value":"//li[.//span[text()=\"Manage Partners\"]]"}
RESULT: {"using":"xpath","value":"//li[.//span[text()=\"Manage Partners\"]]"}
COMMAND: POST /session/92e25ae387a06d821b008f80a04495e6/element - {"using":"xpath","value":"//li[.//span[text()=\"Manage Partners\"]]"}
RESULT: {"using":"xpath","value":"//li[.//span[text()=\"Manage Partners\"]]"}
COMMAND: POST /session/92e25ae387a06d821b008f80a04495e6/element - {"using":"css selector","value":"#shell-header-logo"}
RESULT: {"using":"css selector","value":"#shell-header-logo"}
COMMAND: POST /session/92e25ae387a06d821b008f80a04495e6/element/f.2AE10C335A97376731A182912FB7EE33.d.879BE52BBC802DF7768FBC15AD7DA73C.e.2982/click - {}
COMMAND: POST /session/92e25ae387a06d821b008f80a04495e6/execute/sync - {"script":"<script> [8489 bytes]","args":[{"element-6066-11e4-a52e-4f735466cecf":"f.2AE10C335A97376731A182912FB7EE33.d.879BE52BBC802DF7768FBC15AD7DA73C.e.2982","ELEMENT":"f.2AE10C335A97376731A182912FB7EE33.d.879BE52BBC802DF7768FBC15AD7DA73C.e.2982"}]}
RESULT: {}
COMMAND: GET /session/92e25ae387a06d821b008f80a04495e6/screenshot - {}
RESULT: {"script":"<script> [8489 bytes]","args":[{"element-6066-11e4-a52e-4f735466cecf":"f.2AE10C335A97376731A182912FB7EE33.d.879BE52BBC802DF7768FBC15AD7DA73C.e.2982","ELEMENT":"f.2AE10C335A97376731A182912FB7EE33.d.879BE52BBC802DF7768FBC15AD7DA73C.e.2982"}]}
COMMAND: POST /session/92e25ae387a06d821b008f80a04495e6/execute/sync - {"script":"<script> [5351 bytes]","args":[{"element-6066-11e4-a52e-4f735466cecf":"f.2AE10C335A97376731A182912FB7EE33.d.879BE52BBC802DF7768FBC15AD7DA73C.e.2982","ELEMENT":"f.2AE10C335A97376731A182912FB7EE33.d.879BE52BBC802DF7768FBC15AD7DA73C.e.2982"}]}
COMMAND: GET /session/92e25ae387a06d821b008f80a04495e6/screenshot - {}
RESULT: {}
RESULT: {"script":"<script> [5351 bytes]","args":[{"element-6066-11e4-a52e-4f735466cecf":"f.2AE10C335A97376731A182912FB7EE33.d.879BE52BBC802DF7768FBC15AD7DA73C.e.2982","ELEMENT":"f.2AE10C335A97376731A182912FB7EE33.d.879BE52BBC802DF7768FBC15AD7DA73C.e.2982"}]}
COMMAND: GET /session/92e25ae387a06d821b008f80a04495e6/screenshot - {}
RESULT: {}
RESULT: {}
COMMAND: POST /session/92e25ae387a06d821b008f80a04495e6/refresh - {}
RESULT: {}
COMMAND: GET /session/92e25ae387a06d821b008f80a04495e6/screenshot - {}
RESULT: {}
COMMAND: POST /session/92e25ae387a06d821b008f80a04495e6/refresh - {}
RESULT: {}
COMMAND: GET /session/92e25ae387a06d821b008f80a04495e6/screenshot - {}
RESULT: {}
COMMAND: POST /session/92e25ae387a06d821b008f80a04495e6/window/fullscreen - {}
RESULT: {}
COMMAND: POST /session/92e25ae387a06d821b008f80a04495e6/execute/async - {"script":"<script> [189 bytes]","args":[]}
RESULT: {"script":"<script> [189 bytes]","args":[]}
COMMAND: POST /session/92e25ae387a06d821b008f80a04495e6/execute/async - {"script":"<script> [123 bytes]","args":[]}
RESULT: {"script":"<script> [123 bytes]","args":[]}
COMMAND: POST /session/92e25ae387a06d821b008f80a04495e6/timeouts - {"script":"<number>"}
RESULT: {"script":"<number>"}
COMMAND: GET /session/92e25ae387a06d821b008f80a04495e6/timeouts - {}
RESULT: {}
RESULT: undefined
COMMAND: POST /session/92e25ae387a06d821b008f80a04495e6/execute/async - {"script":"<script> [2676 bytes]","args":[]}
RESULT: {"script":"<script> [2676 bytes]","args":[]}
COMMAND: POST /session/92e25ae387a06d821b008f80a04495e6/execute/async - {"script":"<script> [2342 bytes]","args":[{"protocol":"http","hostname":"0.0.0.0","path":"/","capabilities":{"browserName":"chrome","goog:chromeOptions":{"binary":"C:\\Program Files\\Google\\Chrome\\Application\\chrome.exe","args":["--start-maximized"]}},"logLevel":"warn","connectionRetryTimeout":120000,"connectionRetryCount":3,"logLevels":{},"enableDirectConnect":true,"strictSSL":true,"_":"65 more keys: [\"cacheDir\",\"port\",\"requestedCapabilities\",\"automationProtocol\",\"baseUrl\",\"waitforInterval\",\"waitforTimeout\",\"onReload\",\"beforeCommand\",\"afterCommand\",\"rootDir\",\"specs\",\"suites\",\"exclude\",\"groupLogsByTestSpec\",\"excludeDriverLogs\",\"bail\",\"framework\",\"reporters\",\"services\",\"maxInstances\",\"maxInstancesPerCapability\",\"injectGlobals\",\"filesToWatch\",\"execArgv\",\"runnerEnv\",\"runner\",\"shard\",\"specFileRetries\",\"specFileRetriesDelay\",\"specFileRetriesDeferred\",\"reporterSyncInterval\",\"reporterSyncTimeout\",\"cucumberFeaturesWithLineNumbers\",\"autoCompileOpts\",\"mochaOpts\",\"jasmineOpts\",\"cucumberOpts\",\"onPrepare\",\"onWorkerStart\",\"onWorkerEnd\",\"before\",\"beforeSession\",\"beforeSuite\",\"beforeHook\",\"beforeTest\",\"afterTest\",\"afterHook\",\"afterSuite\",\"afterSession\",\"after\",\"onComplete\",\"beforeAssertion\",\"afterAssertion\",\"beforeFeature\",\"beforeScenario\",\"beforeStep\",\"afterStep\",\"afterScenario\",\"afterFeature\",\"_\",\"suite\",\"$0\",\"ignoredWorkerServices\",\"wdi5\"]"}]}
RESULT: {"script":"<script> [2342 bytes]","args":[{"protocol":"http","hostname":"0.0.0.0","path":"/","capabilities":{"browserName":"chrome","goog:chromeOptions":{"binary":"C:\\Program Files\\Google\\Chrome\\Application\\chrome.exe","args":["--start-maximized"]}},"logLevel":"warn","connectionRetryTimeout":120000,"connectionRetryCount":3,"logLevels":{},"enableDirectConnect":true,"strictSSL":true,"_":"65 more keys: [\"cacheDir\",\"port\",\"requestedCapabilities\",\"automationProtocol\",\"baseUrl\",\"waitforInterval\",\"waitforTimeout\",\"onReload\",\"beforeCommand\",\"afterCommand\",\"rootDir\",\"specs\",\"suites\",\"exclude\",\"groupLogsByTestSpec\",\"excludeDriverLogs\",\"bail\",\"framework\",\"reporters\",\"services\",\"maxInstances\",\"maxInstancesPerCapability\",\"injectGlobals\",\"filesToWatch\",\"execArgv\",\"runnerEnv\",\"runner\",\"shard\",\"specFileRetries\",\"specFileRetriesDelay\",\"specFileRetriesDeferred\",\"reporterSyncInterval\",\"reporterSyncTimeout\",\"cucumberFeaturesWithLineNumbers\",\"autoCompileOpts\",\"mochaOpts\",\"jasmineOpts\",\"cucumberOpts\",\"onPrepare\",\"onWorkerStart\",\"onWorkerEnd\",\"before\",\"beforeSession\",\"beforeSuite\",\"beforeHook\",\"beforeTest\",\"afterTest\",\"afterHook\",\"afterSuite\",\"afterSession\",\"after\",\"onComplete\",\"beforeAssertion\",\"afterAssertion\",\"beforeFeature\",\"beforeScenario\",\"beforeStep\",\"afterStep\",\"afterScenario\",\"afterFeature\",\"_\",\"suite\",\"$0\",\"ignoredWorkerServices\",\"wdi5\"]"}]}
COMMAND: POST /session/92e25ae387a06d821b008f80a04495e6/execute/async - {"script":"<script> [21126 bytes]","args":[35000]}
RESULT: {"script":"<script> [21126 bytes]","args":[35000]}
COMMAND: POST /session/92e25ae387a06d821b008f80a04495e6/window/fullscreen - {}
RESULT: {}
COMMAND: POST /session/92e25ae387a06d821b008f80a04495e6/window/fullscreen - {}
RESULT: {}
COMMAND: POST /session/92e25ae387a06d821b008f80a04495e6/execute/async - {"script":"<script> [1562 bytes]","args":[{"selector":{"controlType":"sap.m.GenericTile","properties":{"header":"Manage Partners"}},"wdio_ui5_key":"sapm.GenericTile{\"header\":\"Manage Partners\"}"}]}
RESULT: {"script":"<script> [1562 bytes]","args":[{"selector":{"controlType":"sap.m.GenericTile","properties":{"header":"Manage Partners"}},"wdio_ui5_key":"sapm.GenericTile{\"header\":\"Manage Partners\"}"}]}
RESULT: undefined
COMMAND: POST /session/92e25ae387a06d821b008f80a04495e6/element - {"using":"xpath","value":"//*[@id=\"__tile30\"]"}
RESULT: {"using":"xpath","value":"//*[@id=\"__tile30\"]"}
COMMAND: POST /session/92e25ae387a06d821b008f80a04495e6/element/f.2AE10C335A97376731A182912FB7EE33.d.62AAF4FB85369326F18F0820FEEFA738.e.3117/click - {}
RESULT: {}
COMMAND: POST /session/92e25ae387a06d821b008f80a04495e6/element - {"using":"xpath","value":"//button[@data-kt=\"addButton\"]"}
COMMAND: GET /session/92e25ae387a06d821b008f80a04495e6/screenshot - {}
RESULT: {"using":"xpath","value":"//button[@data-kt=\"addButton\"]"}
COMMAND: POST /session/92e25ae387a06d821b008f80a04495e6/elements - {"using":"xpath","value":"//button[@data-kt=\"addButton\"]"}
RESULT: {}
RESULT: {"using":"xpath","value":"//button[@data-kt=\"addButton\"]"}
COMMAND: POST /session/92e25ae387a06d821b008f80a04495e6/elements - {"using":"xpath","value":"//button[@data-kt=\"addButton\"]"}
RESULT: {"using":"xpath","value":"//button[@data-kt=\"addButton\"]"}
COMMAND: POST /session/92e25ae387a06d821b008f80a04495e6/elements - {"using":"xpath","value":"//button[@data-kt=\"addButton\"]"}
RESULT: {"using":"xpath","value":"//button[@data-kt=\"addButton\"]"}
COMMAND: POST /session/92e25ae387a06d821b008f80a04495e6/elements - {"using":"xpath","value":"//button[@data-kt=\"addButton\"]"}
RESULT: {"using":"xpath","value":"//button[@data-kt=\"addButton\"]"}
COMMAND: POST /session/92e25ae387a06d821b008f80a04495e6/elements - {"using":"xpath","value":"//button[@data-kt=\"addButton\"]"}
RESULT: {"using":"xpath","value":"//button[@data-kt=\"addButton\"]"}
COMMAND: POST /session/92e25ae387a06d821b008f80a04495e6/elements - {"using":"xpath","value":"//button[@data-kt=\"addButton\"]"}
RESULT: {"using":"xpath","value":"//button[@data-kt=\"addButton\"]"}
COMMAND: POST /session/92e25ae387a06d821b008f80a04495e6/elements - {"using":"xpath","value":"//button[@data-kt=\"addButton\"]"}
RESULT: {"using":"xpath","value":"//button[@data-kt=\"addButton\"]"}
COMMAND: POST /session/92e25ae387a06d821b008f80a04495e6/elements - {"using":"xpath","value":"//button[@data-kt=\"addButton\"]"}
RESULT: {"using":"xpath","value":"//button[@data-kt=\"addButton\"]"}
COMMAND: POST /session/92e25ae387a06d821b008f80a04495e6/elements - {"using":"xpath","value":"//button[@data-kt=\"addButton\"]"}
RESULT: {"using":"xpath","value":"//button[@data-kt=\"addButton\"]"}
COMMAND: POST /session/92e25ae387a06d821b008f80a04495e6/elements - {"using":"xpath","value":"//button[@data-kt=\"addButton\"]"}
RESULT: {"using":"xpath","value":"//button[@data-kt=\"addButton\"]"}
COMMAND: POST /session/92e25ae387a06d821b008f80a04495e6/elements - {"using":"xpath","value":"//button[@data-kt=\"addButton\"]"}
RESULT: {"using":"xpath","value":"//button[@data-kt=\"addButton\"]"}
COMMAND: POST /session/92e25ae387a06d821b008f80a04495e6/elements - {"using":"xpath","value":"//button[@data-kt=\"addButton\"]"}
RESULT: {"using":"xpath","value":"//button[@data-kt=\"addButton\"]"}
COMMAND: POST /session/92e25ae387a06d821b008f80a04495e6/elements - {"using":"xpath","value":"//button[@data-kt=\"addButton\"]"}
RESULT: {"using":"xpath","value":"//button[@data-kt=\"addButton\"]"}
COMMAND: POST /session/92e25ae387a06d821b008f80a04495e6/elements - {"using":"xpath","value":"//button[@data-kt=\"addButton\"]"}
RESULT: {"using":"xpath","value":"//button[@data-kt=\"addButton\"]"}
COMMAND: POST /session/92e25ae387a06d821b008f80a04495e6/elements - {"using":"xpath","value":"//button[@data-kt=\"addButton\"]"}
RESULT: {"using":"xpath","value":"//button[@data-kt=\"addButton\"]"}
COMMAND: POST /session/92e25ae387a06d821b008f80a04495e6/elements - {"using":"xpath","value":"//button[@data-kt=\"addButton\"]"}
RESULT: {"using":"xpath","value":"//button[@data-kt=\"addButton\"]"}
COMMAND: POST /session/92e25ae387a06d821b008f80a04495e6/elements - {"using":"xpath","value":"//button[@data-kt=\"addButton\"]"}
RESULT: {"using":"xpath","value":"//button[@data-kt=\"addButton\"]"}
COMMAND: POST /session/92e25ae387a06d821b008f80a04495e6/elements - {"using":"xpath","value":"//button[@data-kt=\"addButton\"]"}
RESULT: {"using":"xpath","value":"//button[@data-kt=\"addButton\"]"}
COMMAND: POST /session/92e25ae387a06d821b008f80a04495e6/elements - {"using":"xpath","value":"//button[@data-kt=\"addButton\"]"}
RESULT: {"using":"xpath","value":"//button[@data-kt=\"addButton\"]"}
COMMAND: POST /session/92e25ae387a06d821b008f80a04495e6/elements - {"using":"xpath","value":"//button[@data-kt=\"addButton\"]"}
RESULT: {"using":"xpath","value":"//button[@data-kt=\"addButton\"]"}
COMMAND: POST /session/92e25ae387a06d821b008f80a04495e6/elements - {"using":"xpath","value":"//button[@data-kt=\"addButton\"]"}
RESULT: {"using":"xpath","value":"//button[@data-kt=\"addButton\"]"}
COMMAND: POST /session/92e25ae387a06d821b008f80a04495e6/elements - {"using":"xpath","value":"//button[@data-kt=\"addButton\"]"}
RESULT: {"using":"xpath","value":"//button[@data-kt=\"addButton\"]"}
COMMAND: POST /session/92e25ae387a06d821b008f80a04495e6/elements - {"using":"xpath","value":"//button[@data-kt=\"addButton\"]"}
RESULT: {"using":"xpath","value":"//button[@data-kt=\"addButton\"]"}
COMMAND: POST /session/92e25ae387a06d821b008f80a04495e6/elements - {"using":"xpath","value":"//button[@data-kt=\"addButton\"]"}
RESULT: {"using":"xpath","value":"//button[@data-kt=\"addButton\"]"}
COMMAND: POST /session/92e25ae387a06d821b008f80a04495e6/elements - {"using":"xpath","value":"//button[@data-kt=\"addButton\"]"}
RESULT: {"using":"xpath","value":"//button[@data-kt=\"addButton\"]"}
COMMAND: POST /session/92e25ae387a06d821b008f80a04495e6/elements - {"using":"xpath","value":"//button[@data-kt=\"addButton\"]"}
RESULT: {"using":"xpath","value":"//button[@data-kt=\"addButton\"]"}
COMMAND: POST /session/92e25ae387a06d821b008f80a04495e6/elements - {"using":"xpath","value":"//button[@data-kt=\"addButton\"]"}
RESULT: {"using":"xpath","value":"//button[@data-kt=\"addButton\"]"}
COMMAND: POST /session/92e25ae387a06d821b008f80a04495e6/elements - {"using":"xpath","value":"//button[@data-kt=\"addButton\"]"}
RESULT: {"using":"xpath","value":"//button[@data-kt=\"addButton\"]"}
COMMAND: POST /session/92e25ae387a06d821b008f80a04495e6/elements - {"using":"xpath","value":"//button[@data-kt=\"addButton\"]"}
RESULT: {"using":"xpath","value":"//button[@data-kt=\"addButton\"]"}
COMMAND: POST /session/92e25ae387a06d821b008f80a04495e6/elements - {"using":"xpath","value":"//button[@data-kt=\"addButton\"]"}
RESULT: {"using":"xpath","value":"//button[@data-kt=\"addButton\"]"}
COMMAND: POST /session/92e25ae387a06d821b008f80a04495e6/elements - {"using":"xpath","value":"//button[@data-kt=\"addButton\"]"}
RESULT: {"using":"xpath","value":"//button[@data-kt=\"addButton\"]"}
COMMAND: POST /session/92e25ae387a06d821b008f80a04495e6/elements - {"using":"xpath","value":"//button[@data-kt=\"addButton\"]"}
RESULT: {"using":"xpath","value":"//button[@data-kt=\"addButton\"]"}
COMMAND: POST /session/92e25ae387a06d821b008f80a04495e6/elements - {"using":"xpath","value":"//button[@data-kt=\"addButton\"]"}
RESULT: {"using":"xpath","value":"//button[@data-kt=\"addButton\"]"}
COMMAND: POST /session/92e25ae387a06d821b008f80a04495e6/elements - {"using":"xpath","value":"//button[@data-kt=\"addButton\"]"}
RESULT: {"using":"xpath","value":"//button[@data-kt=\"addButton\"]"}
COMMAND: POST /session/92e25ae387a06d821b008f80a04495e6/elements - {"using":"xpath","value":"//button[@data-kt=\"addButton\"]"}
RESULT: {"using":"xpath","value":"//button[@data-kt=\"addButton\"]"}
COMMAND: POST /session/92e25ae387a06d821b008f80a04495e6/elements - {"using":"xpath","value":"//button[@data-kt=\"addButton\"]"}
RESULT: {"using":"xpath","value":"//button[@data-kt=\"addButton\"]"}
COMMAND: POST /session/92e25ae387a06d821b008f80a04495e6/elements - {"using":"xpath","value":"//button[@data-kt=\"addButton\"]"}
RESULT: {"using":"xpath","value":"//button[@data-kt=\"addButton\"]"}
COMMAND: POST /session/92e25ae387a06d821b008f80a04495e6/elements - {"using":"xpath","value":"//button[@data-kt=\"addButton\"]"}
RESULT: {"using":"xpath","value":"//button[@data-kt=\"addButton\"]"}
COMMAND: POST /session/92e25ae387a06d821b008f80a04495e6/elements - {"using":"xpath","value":"//button[@data-kt=\"addButton\"]"}
RESULT: {"using":"xpath","value":"//button[@data-kt=\"addButton\"]"}
COMMAND: POST /session/92e25ae387a06d821b008f80a04495e6/elements - {"using":"xpath","value":"//button[@data-kt=\"addButton\"]"}
RESULT: {"using":"xpath","value":"//button[@data-kt=\"addButton\"]"}
COMMAND: POST /session/92e25ae387a06d821b008f80a04495e6/elements - {"using":"xpath","value":"//button[@data-kt=\"addButton\"]"}
RESULT: {"using":"xpath","value":"//button[@data-kt=\"addButton\"]"}
COMMAND: POST /session/92e25ae387a06d821b008f80a04495e6/element - {"using":"xpath","value":"//button[@data-kt=\"addButton\"]"}
RESULT: {"using":"xpath","value":"//button[@data-kt=\"addButton\"]"}
COMMAND: POST /session/92e25ae387a06d821b008f80a04495e6/execute/sync - {"script":"<script> [8489 bytes]","args":[{"element-6066-11e4-a52e-4f735466cecf":"f.2AE10C335A97376731A182912FB7EE33.d.62AAF4FB85369326F18F0820FEEFA738.e.3233","ELEMENT":"f.2AE10C335A97376731A182912FB7EE33.d.62AAF4FB85369326F18F0820FEEFA738.e.3233"}]}
RESULT: {"script":"<script> [8489 bytes]","args":[{"element-6066-11e4-a52e-4f735466cecf":"f.2AE10C335A97376731A182912FB7EE33.d.62AAF4FB85369326F18F0820FEEFA738.e.3233","ELEMENT":"f.2AE10C335A97376731A182912FB7EE33.d.62AAF4FB85369326F18F0820FEEFA738.e.3233"}]}
COMMAND: GET /session/92e25ae387a06d821b008f80a04495e6/element/f.2AE10C335A97376731A182912FB7EE33.d.62AAF4FB85369326F18F0820FEEFA738.e.3233/enabled - {}
COMMAND: GET /session/92e25ae387a06d821b008f80a04495e6/screenshot - {}
RESULT: {}
COMMAND: POST /session/92e25ae387a06d821b008f80a04495e6/execute/sync - {"script":"<script> [8489 bytes]","args":[{"element-6066-11e4-a52e-4f735466cecf":"f.2AE10C335A97376731A182912FB7EE33.d.62AAF4FB85369326F18F0820FEEFA738.e.3233","ELEMENT":"f.2AE10C335A97376731A182912FB7EE33.d.62AAF4FB85369326F18F0820FEEFA738.e.3233"}]}
COMMAND: GET /session/92e25ae387a06d821b008f80a04495e6/screenshot - {}
RESULT: {}
RESULT: {"script":"<script> [8489 bytes]","args":[{"element-6066-11e4-a52e-4f735466cecf":"f.2AE10C335A97376731A182912FB7EE33.d.62AAF4FB85369326F18F0820FEEFA738.e.3233","ELEMENT":"f.2AE10C335A97376731A182912FB7EE33.d.62AAF4FB85369326F18F0820FEEFA738.e.3233"}]}
COMMAND: POST /session/92e25ae387a06d821b008f80a04495e6/execute/sync - {"script":"<script> [5351 bytes]","args":[{"element-6066-11e4-a52e-4f735466cecf":"f.2AE10C335A97376731A182912FB7EE33.d.62AAF4FB85369326F18F0820FEEFA738.e.3233","ELEMENT":"f.2AE10C335A97376731A182912FB7EE33.d.62AAF4FB85369326F18F0820FEEFA738.e.3233"}]}
COMMAND: GET /session/92e25ae387a06d821b008f80a04495e6/screenshot - {}
RESULT: {}
RESULT: {"script":"<script> [5351 bytes]","args":[{"element-6066-11e4-a52e-4f735466cecf":"f.2AE10C335A97376731A182912FB7EE33.d.62AAF4FB85369326F18F0820FEEFA738.e.3233","ELEMENT":"f.2AE10C335A97376731A182912FB7EE33.d.62AAF4FB85369326F18F0820FEEFA738.e.3233"}]}
COMMAND: POST /session/92e25ae387a06d821b008f80a04495e6/element/f.2AE10C335A97376731A182912FB7EE33.d.62AAF4FB85369326F18F0820FEEFA738.e.3233/click - {}
COMMAND: GET /session/92e25ae387a06d821b008f80a04495e6/screenshot - {}
RESULT: {}
RESULT: {}
COMMAND: GET /session/92e25ae387a06d821b008f80a04495e6/screenshot - {}
RESULT: {}
RESULT: {}
COMMAND: POST /session/92e25ae387a06d821b008f80a04495e6/execute/async - {"script":"<script> [1562 bytes]","args":[{"selector":{"id":"application-managepartners-display-component---NewPartner--addressDetailDetailsName1","interaction":{"idSuffix":"inner"}},"wdio_ui5_key":"applicationmanagepartners-display-component---NewPartner--addressDetailDetailsName1"}]}
RESULT: {"script":"<script> [1562 bytes]","args":[{"selector":{"id":"application-managepartners-display-component---NewPartner--addressDetailDetailsName1","interaction":{"idSuffix":"inner"}},"wdio_ui5_key":"applicationmanagepartners-display-component---NewPartner--addressDetailDetailsName1"}]}
RESULT: undefined
COMMAND: POST /session/92e25ae387a06d821b008f80a04495e6/execute/async - {"script":"<script> [776 bytes]","args":[{"enterText":"Intercompany Partner WDIO","selector":{"id":"application-managepartners-display-component---NewPartner--addressDetailDetailsName1","interaction":{"idSuffix":"inner"}},"clearTextFirst":true,"interactionType":"ENTER_TEXT"}]}
RESULT: {"script":"<script> [776 bytes]","args":[{"enterText":"Intercompany Partner WDIO","selector":{"id":"application-managepartners-display-component---NewPartner--addressDetailDetailsName1","interaction":{"idSuffix":"inner"}},"clearTextFirst":true,"interactionType":"ENTER_TEXT"}]}
COMMAND: POST /session/92e25ae387a06d821b008f80a04495e6/execute/async - {"script":"<script> [1562 bytes]","args":[{"selector":{"id":"application-managepartners-display-component---NewPartner--addressDetailDetailsLanguage-arrow"},"wdio_ui5_key":"applicationmanagepartners-display-component---NewPartner--addressDetailDetailsLanguage-arrow"}]}
RESULT: {"script":"<script> [1562 bytes]","args":[{"selector":{"id":"application-managepartners-display-component---NewPartner--addressDetailDetailsLanguage-arrow"},"wdio_ui5_key":"applicationmanagepartners-display-component---NewPartner--addressDetailDetailsLanguage-arrow"}]}
RESULT: undefined
COMMAND: POST /session/92e25ae387a06d821b008f80a04495e6/element - {"using":"xpath","value":"//*[@id=\"application-managepartners-display-component---NewPartner--addressDetailDetailsLanguage-arrow\"]"}
RESULT: {"using":"xpath","value":"//*[@id=\"application-managepartners-display-component---NewPartner--addressDetailDetailsLanguage-arrow\"]"}
COMMAND: POST /session/92e25ae387a06d821b008f80a04495e6/element/f.2AE10C335A97376731A182912FB7EE33.d.62AAF4FB85369326F18F0820FEEFA738.e.3685/click - {}
RESULT: {}
COMMAND: POST /session/92e25ae387a06d821b008f80a04495e6/element - {"using":"xpath","value":"//span[contains(text(), \"English\")]"}
COMMAND: GET /session/92e25ae387a06d821b008f80a04495e6/screenshot - {}
RESULT: {"using":"xpath","value":"//span[contains(text(), \"English\")]"}
COMMAND: POST /session/92e25ae387a06d821b008f80a04495e6/element/f.2AE10C335A97376731A182912FB7EE33.d.62AAF4FB85369326F18F0820FEEFA738.e.3686/click - {}
RESULT: {}
RESULT: {}
COMMAND: GET /session/92e25ae387a06d821b008f80a04495e6/screenshot - {}
RESULT: {}
COMMAND: POST /session/92e25ae387a06d821b008f80a04495e6/execute/async - {"script":"<script> [1562 bytes]","args":[{"selector":{"id":"application-managepartners-display-component---NewPartner--addressDetailDetailsCity1","interaction":{"idSuffix":"inner"}},"wdio_ui5_key":"applicationmanagepartners-display-component---NewPartner--addressDetailDetailsCity1"}]}
RESULT: {"script":"<script> [1562 bytes]","args":[{"selector":{"id":"application-managepartners-display-component---NewPartner--addressDetailDetailsCity1","interaction":{"idSuffix":"inner"}},"wdio_ui5_key":"applicationmanagepartners-display-component---NewPartner--addressDetailDetailsCity1"}]}
RESULT: undefined
COMMAND: POST /session/92e25ae387a06d821b008f80a04495e6/execute/async - {"script":"<script> [776 bytes]","args":[{"enterText":"Rosario","selector":{"id":"application-managepartners-display-component---NewPartner--addressDetailDetailsCity1","interaction":{"idSuffix":"inner"}},"clearTextFirst":true,"interactionType":"ENTER_TEXT"}]}
RESULT: {"script":"<script> [776 bytes]","args":[{"enterText":"Rosario","selector":{"id":"application-managepartners-display-component---NewPartner--addressDetailDetailsCity1","interaction":{"idSuffix":"inner"}},"clearTextFirst":true,"interactionType":"ENTER_TEXT"}]}
COMMAND: POST /session/92e25ae387a06d821b008f80a04495e6/execute/async - {"script":"<script> [1562 bytes]","args":[{"selector":{"id":"application-managepartners-display-component---NewPartner--addressDetailDetailsCountry-arrow"},"wdio_ui5_key":"applicationmanagepartners-display-component---NewPartner--addressDetailDetailsCountry-arrow"}]}
RESULT: {"script":"<script> [1562 bytes]","args":[{"selector":{"id":"application-managepartners-display-component---NewPartner--addressDetailDetailsCountry-arrow"},"wdio_ui5_key":"applicationmanagepartners-display-component---NewPartner--addressDetailDetailsCountry-arrow"}]}
RESULT: undefined
COMMAND: POST /session/92e25ae387a06d821b008f80a04495e6/element - {"using":"xpath","value":"//*[@id=\"application-managepartners-display-component---NewPartner--addressDetailDetailsCountry-arrow\"]"}
RESULT: {"using":"xpath","value":"//*[@id=\"application-managepartners-display-component---NewPartner--addressDetailDetailsCountry-arrow\"]"}
COMMAND: POST /session/92e25ae387a06d821b008f80a04495e6/element/f.2AE10C335A97376731A182912FB7EE33.d.62AAF4FB85369326F18F0820FEEFA738.e.3672/click - {}
RESULT: {}
COMMAND: POST /session/92e25ae387a06d821b008f80a04495e6/element - {"using":"xpath","value":"//span[contains(text(), \"Argentina\")]"}
COMMAND: GET /session/92e25ae387a06d821b008f80a04495e6/screenshot - {}
RESULT: {"using":"xpath","value":"//span[contains(text(), \"Argentina\")]"}
COMMAND: POST /session/92e25ae387a06d821b008f80a04495e6/element/f.2AE10C335A97376731A182912FB7EE33.d.62AAF4FB85369326F18F0820FEEFA738.e.3688/click - {}
RESULT: {}
RESULT: {}
COMMAND: GET /session/92e25ae387a06d821b008f80a04495e6/screenshot - {}
RESULT: {}
COMMAND: POST /session/92e25ae387a06d821b008f80a04495e6/element - {"using":"xpath","value":"//bdi[contains(text(), \"Commercial\")]"}
RESULT: {"using":"xpath","value":"//bdi[contains(text(), \"Commercial\")]"}
COMMAND: POST /session/92e25ae387a06d821b008f80a04495e6/element/f.2AE10C335A97376731A182912FB7EE33.d.62AAF4FB85369326F18F0820FEEFA738.e.3689/click - {}
RESULT: {}
COMMAND: GET /session/92e25ae387a06d821b008f80a04495e6/screenshot - {}
RESULT: {}
COMMAND: POST /session/92e25ae387a06d821b008f80a04495e6/execute/async - {"script":"<script> [1562 bytes]","args":[{"selector":{"id":"application-managepartners-display-component---NewPartner--partnerDetailInternal-arrow"},"wdio_ui5_key":"applicationmanagepartners-display-component---NewPartner--partnerDetailInternal-arrow"}]}
RESULT: {"script":"<script> [1562 bytes]","args":[{"selector":{"id":"application-managepartners-display-component---NewPartner--partnerDetailInternal-arrow"},"wdio_ui5_key":"applicationmanagepartners-display-component---NewPartner--partnerDetailInternal-arrow"}]}
RESULT: undefined
COMMAND: POST /session/92e25ae387a06d821b008f80a04495e6/element - {"using":"xpath","value":"//*[@id=\"application-managepartners-display-component---NewPartner--partnerDetailInternal-arrow\"]"}
RESULT: {"using":"xpath","value":"//*[@id=\"application-managepartners-display-component---NewPartner--partnerDetailInternal-arrow\"]"}
COMMAND: POST /session/92e25ae387a06d821b008f80a04495e6/element/f.2AE10C335A97376731A182912FB7EE33.d.62AAF4FB85369326F18F0820FEEFA738.e.3695/click - {}
RESULT: {}
COMMAND: POST /session/92e25ae387a06d821b008f80a04495e6/element - {"using":"xpath","value":"//span[contains(text(), \"Affiliated company\")]"}
COMMAND: GET /session/92e25ae387a06d821b008f80a04495e6/screenshot - {}
RESULT: {"using":"xpath","value":"//span[contains(text(), \"Affiliated company\")]"}
COMMAND: POST /session/92e25ae387a06d821b008f80a04495e6/element/f.2AE10C335A97376731A182912FB7EE33.d.62AAF4FB85369326F18F0820FEEFA738.e.3698/click - {}
RESULT: {}
RESULT: {}
COMMAND: POST /session/92e25ae387a06d821b008f80a04495e6/execute/async - {"script":"<script> [1562 bytes]","args":[{"selector":{"id":"application-managepartners-display-component---NewPartner--partnerDetailsCurrency-arrow"},"wdio_ui5_key":"applicationmanagepartners-display-component---NewPartner--partnerDetailsCurrency-arrow"}]}
COMMAND: GET /session/92e25ae387a06d821b008f80a04495e6/screenshot - {}
RESULT: {"script":"<script> [1562 bytes]","args":[{"selector":{"id":"application-managepartners-display-component---NewPartner--partnerDetailsCurrency-arrow"},"wdio_ui5_key":"applicationmanagepartners-display-component---NewPartner--partnerDetailsCurrency-arrow"}]}
RESULT: undefined
COMMAND: POST /session/92e25ae387a06d821b008f80a04495e6/element - {"using":"xpath","value":"//*[@id=\"application-managepartners-display-component---NewPartner--partnerDetailsCurrency-arrow\"]"}
RESULT: {}
RESULT: {"using":"xpath","value":"//*[@id=\"application-managepartners-display-component---NewPartner--partnerDetailsCurrency-arrow\"]"}
COMMAND: POST /session/92e25ae387a06d821b008f80a04495e6/element/f.2AE10C335A97376731A182912FB7EE33.d.62AAF4FB85369326F18F0820FEEFA738.e.3705/click - {}
RESULT: {}
COMMAND: POST /session/92e25ae387a06d821b008f80a04495e6/element - {"using":"xpath","value":"//span[contains(text(), \"Euro\")]"}
COMMAND: GET /session/92e25ae387a06d821b008f80a04495e6/screenshot - {}
RESULT: {"using":"xpath","value":"//span[contains(text(), \"Euro\")]"}
COMMAND: POST /session/92e25ae387a06d821b008f80a04495e6/element/f.2AE10C335A97376731A182912FB7EE33.d.62AAF4FB85369326F18F0820FEEFA738.e.3706/click - {}
RESULT: {}
RESULT: {}
COMMAND: POST /session/92e25ae387a06d821b008f80a04495e6/execute/async - {"script":"<script> [1562 bytes]","args":[{"selector":{"id":"application-managepartners-display-component---NewPartner--addressEditDetailsCostObjectCstType-arrow"},"wdio_ui5_key":"applicationmanagepartners-display-component---NewPartner--addressEditDetailsCostObjectCstType-arrow"}]}
COMMAND: GET /session/92e25ae387a06d821b008f80a04495e6/screenshot - {}
RESULT: {"script":"<script> [1562 bytes]","args":[{"selector":{"id":"application-managepartners-display-component---NewPartner--addressEditDetailsCostObjectCstType-arrow"},"wdio_ui5_key":"applicationmanagepartners-display-component---NewPartner--addressEditDetailsCostObjectCstType-arrow"}]}
RESULT: undefined
COMMAND: POST /session/92e25ae387a06d821b008f80a04495e6/element - {"using":"xpath","value":"//*[@id=\"application-managepartners-display-component---NewPartner--addressEditDetailsCostObjectCstType-arrow\"]"}
RESULT: {}
RESULT: {"using":"xpath","value":"//*[@id=\"application-managepartners-display-component---NewPartner--addressEditDetailsCostObjectCstType-arrow\"]"}
COMMAND: POST /session/92e25ae387a06d821b008f80a04495e6/element/f.2AE10C335A97376731A182912FB7EE33.d.62AAF4FB85369326F18F0820FEEFA738.e.3707/click - {}
RESULT: {}
COMMAND: POST /session/92e25ae387a06d821b008f80a04495e6/element - {"using":"xpath","value":"//span[contains(text(), \"Cost Center\")]"}
COMMAND: GET /session/92e25ae387a06d821b008f80a04495e6/screenshot - {}
RESULT: {"using":"xpath","value":"//span[contains(text(), \"Cost Center\")]"}
COMMAND: POST /session/92e25ae387a06d821b008f80a04495e6/element/f.2AE10C335A97376731A182912FB7EE33.d.62AAF4FB85369326F18F0820FEEFA738.e.3708/click - {}
RESULT: {}
RESULT: {}
COMMAND: GET /session/92e25ae387a06d821b008f80a04495e6/screenshot - {}
RESULT: {}
COMMAND: POST /session/92e25ae387a06d821b008f80a04495e6/element - {"using":"xpath","value":"//span[@id=\"application-managepartners-display-component---NewPartner--addressNewCostObjectCstID-vhi\"]"}
RESULT: {"using":"xpath","value":"//span[@id=\"application-managepartners-display-component---NewPartner--addressNewCostObjectCstID-vhi\"]"}
COMMAND: POST /session/92e25ae387a06d821b008f80a04495e6/execute/sync - {"script":"<script> [8489 bytes]","args":[{"element-6066-11e4-a52e-4f735466cecf":"f.2AE10C335A97376731A182912FB7EE33.d.62AAF4FB85369326F18F0820FEEFA738.e.3712","ELEMENT":"f.2AE10C335A97376731A182912FB7EE33.d.62AAF4FB85369326F18F0820FEEFA738.e.3712"}]}
RESULT: {"script":"<script> [8489 bytes]","args":[{"element-6066-11e4-a52e-4f735466cecf":"f.2AE10C335A97376731A182912FB7EE33.d.62AAF4FB85369326F18F0820FEEFA738.e.3712","ELEMENT":"f.2AE10C335A97376731A182912FB7EE33.d.62AAF4FB85369326F18F0820FEEFA738.e.3712"}]}
COMMAND: POST /session/92e25ae387a06d821b008f80a04495e6/execute/async - {"script":"<script> [1562 bytes]","args":[{"selector":{"id":"application-managepartners-display-component---NewPartner--addressNewCostObjectCstID-vhi"},"wdio_ui5_key":"applicationmanagepartners-display-component---NewPartner--addressNewCostObjectCstID-vhi"}]}
COMMAND: GET /session/92e25ae387a06d821b008f80a04495e6/screenshot - {}
RESULT: {"script":"<script> [1562 bytes]","args":[{"selector":{"id":"application-managepartners-display-component---NewPartner--addressNewCostObjectCstID-vhi"},"wdio_ui5_key":"applicationmanagepartners-display-component---NewPartner--addressNewCostObjectCstID-vhi"}]}
RESULT: undefined
COMMAND: POST /session/92e25ae387a06d821b008f80a04495e6/element - {"using":"xpath","value":"//*[@id=\"application-managepartners-display-component---NewPartner--addressNewCostObjectCstID-vhi\"]"}
RESULT: {}
RESULT: {"using":"xpath","value":"//*[@id=\"application-managepartners-display-component---NewPartner--addressNewCostObjectCstID-vhi\"]"}
COMMAND: POST /session/92e25ae387a06d821b008f80a04495e6/element/f.2AE10C335A97376731A182912FB7EE33.d.62AAF4FB85369326F18F0820FEEFA738.e.3712/click - {}
RESULT: {}
COMMAND: GET /session/92e25ae387a06d821b008f80a04495e6/screenshot - {}
RESULT: {}
COMMAND: POST /session/92e25ae387a06d821b008f80a04495e6/execute/async - {"script":"<script> [1562 bytes]","args":[{"selector":{"controlType":"sap.m.SearchField","properties":{"placeholder":"Search"},"searchOpenDialogs":true,"interaction":{"idSuffix":"I"}},"wdio_ui5_key":"sapm.SearchField{\"placeholder\":\"Search\"}"}]}
RESULT: {"script":"<script> [1562 bytes]","args":[{"selector":{"controlType":"sap.m.SearchField","properties":{"placeholder":"Search"},"searchOpenDialogs":true,"interaction":{"idSuffix":"I"}},"wdio_ui5_key":"sapm.SearchField{\"placeholder\":\"Search\"}"}]}
RESULT: undefined
COMMAND: POST /session/92e25ae387a06d821b008f80a04495e6/execute/async - {"script":"<script> [776 bytes]","args":[{"enterText":"10001013","selector":{"controlType":"sap.m.SearchField","properties":{"placeholder":"Search"},"searchOpenDialogs":true,"interaction":{"idSuffix":"I"}},"clearTextFirst":true,"interactionType":"ENTER_TEXT"}]}
RESULT: {"script":"<script> [776 bytes]","args":[{"enterText":"10001013","selector":{"controlType":"sap.m.SearchField","properties":{"placeholder":"Search"},"searchOpenDialogs":true,"interaction":{"idSuffix":"I"}},"clearTextFirst":true,"interactionType":"ENTER_TEXT"}]}
COMMAND: POST /session/92e25ae387a06d821b008f80a04495e6/actions - {"actions":[{"id":"action7","type":"key","parameters":{},"actions":[{"type":"keyDown","value":"î€‡"},{"type":"pause","duration":10},{"type":"keyUp","value":"î€‡"}]}]}
RESULT: {"actions":[{"id":"action7","type":"key","parameters":{},"actions":[{"type":"keyDown","value":"î€‡"},{"type":"pause","duration":10},{"type":"keyUp","value":"î€‡"}]}]}
COMMAND: GET /session/92e25ae387a06d821b008f80a04495e6/screenshot - {}
RESULT: {}
COMMAND: POST /session/92e25ae387a06d821b008f80a04495e6/element - {"using":"xpath","value":"//span[contains(text(), \"General Management\")]"}
RESULT: {"using":"xpath","value":"//span[contains(text(), \"General Management\")]"}
COMMAND: POST /session/92e25ae387a06d821b008f80a04495e6/element/f.2AE10C335A97376731A182912FB7EE33.d.62AAF4FB85369326F18F0820FEEFA738.e.3721/click - {}
RESULT: {}
COMMAND: GET /session/92e25ae387a06d821b008f80a04495e6/screenshot - {}
RESULT: {}
COMMAND: POST /session/92e25ae387a06d821b008f80a04495e6/element - {"using":"xpath","value":"//bdi[contains(text(), \"OK\")]"}
RESULT: {"using":"xpath","value":"//bdi[contains(text(), \"OK\")]"}
COMMAND: POST /session/92e25ae387a06d821b008f80a04495e6/element/f.2AE10C335A97376731A182912FB7EE33.d.62AAF4FB85369326F18F0820FEEFA738.e.3723/click - {}
RESULT: {}
COMMAND: GET /session/92e25ae387a06d821b008f80a04495e6/screenshot - {}
RESULT: {}
COMMAND: POST /session/92e25ae387a06d821b008f80a04495e6/element - {"using":"xpath","value":"//input[@id=\"application-managepartners-display-component---NewPartner--companyCodeComboBox-inner\"]"}
RESULT: {"using":"xpath","value":"//input[@id=\"application-managepartners-display-component---NewPartner--companyCodeComboBox-inner\"]"}
COMMAND: POST /session/92e25ae387a06d821b008f80a04495e6/element/f.2AE10C335A97376731A182912FB7EE33.d.62AAF4FB85369326F18F0820FEEFA738.e.3552/clear - {}
RESULT: {}
COMMAND: POST /session/92e25ae387a06d821b008f80a04495e6/element/f.2AE10C335A97376731A182912FB7EE33.d.62AAF4FB85369326F18F0820FEEFA738.e.3552/value - {"text":"C002"}
COMMAND: GET /session/92e25ae387a06d821b008f80a04495e6/screenshot - {}
RESULT: {"text":"C002"}
COMMAND: GET /session/92e25ae387a06d821b008f80a04495e6/screenshot - {}
RESULT: {}
RESULT: {}
COMMAND: POST /session/92e25ae387a06d821b008f80a04495e6/element - {"using":"xpath","value":"//li[.//span[text()= \"C002\"]]"}
RESULT: {"using":"xpath","value":"//li[.//span[text()= \"C002\"]]"}
COMMAND: POST /session/92e25ae387a06d821b008f80a04495e6/element/f.2AE10C335A97376731A182912FB7EE33.d.62AAF4FB85369326F18F0820FEEFA738.e.3729/click - {}
RESULT: {}
COMMAND: GET /session/92e25ae387a06d821b008f80a04495e6/screenshot - {}
RESULT: {}
COMMAND: POST /session/92e25ae387a06d821b008f80a04495e6/execute/async - {"script":"<script> [1562 bytes]","args":[{"selector":{"id":"application-managepartners-display-component---NewPartner--btnAddTableRow-img"},"wdio_ui5_key":"applicationmanagepartners-display-component---NewPartner--btnAddTableRow-img"}]}
RESULT: {"script":"<script> [1562 bytes]","args":[{"selector":{"id":"application-managepartners-display-component---NewPartner--btnAddTableRow-img"},"wdio_ui5_key":"applicationmanagepartners-display-component---NewPartner--btnAddTableRow-img"}]}
RESULT: undefined
COMMAND: POST /session/92e25ae387a06d821b008f80a04495e6/element - {"using":"xpath","value":"//*[@id=\"application-managepartners-display-component---NewPartner--btnAddTableRow-img\"]"}
RESULT: {"using":"xpath","value":"//*[@id=\"application-managepartners-display-component---NewPartner--btnAddTableRow-img\"]"}
COMMAND: POST /session/92e25ae387a06d821b008f80a04495e6/element/f.2AE10C335A97376731A182912FB7EE33.d.62AAF4FB85369326F18F0820FEEFA738.e.3730/click - {}
RESULT: {}
COMMAND: GET /session/92e25ae387a06d821b008f80a04495e6/screenshot - {}
RESULT: {}
COMMAND: POST /session/92e25ae387a06d821b008f80a04495e6/element - {"using":"xpath","value":"//input[@id=\"application-managepartners-display-component---NewPartner--assignmentYard-application-managepartners-display-component---NewPartner--assignmentsTable-0-inner\"]"}
RESULT: {"using":"xpath","value":"//input[@id=\"application-managepartners-display-component---NewPartner--assignmentYard-application-managepartners-display-component---NewPartner--assignmentsTable-0-inner\"]"}
COMMAND: POST /session/92e25ae387a06d821b008f80a04495e6/element/f.2AE10C335A97376731A182912FB7EE33.d.62AAF4FB85369326F18F0820FEEFA738.e.3733/clear - {}
RESULT: {}
COMMAND: POST /session/92e25ae387a06d821b008f80a04495e6/element/f.2AE10C335A97376731A182912FB7EE33.d.62AAF4FB85369326F18F0820FEEFA738.e.3733/value - {"text":"275"}
COMMAND: GET /session/92e25ae387a06d821b008f80a04495e6/screenshot - {}
RESULT: {"text":"275"}
COMMAND: GET /session/92e25ae387a06d821b008f80a04495e6/screenshot - {}
RESULT: {}
RESULT: {}
COMMAND: POST /session/92e25ae387a06d821b008f80a04495e6/element - {"using":"xpath","value":"//li[.//span[text()='275']]"}
RESULT: {"using":"xpath","value":"//li[.//span[text()='275']]"}
COMMAND: POST /session/92e25ae387a06d821b008f80a04495e6/element/f.2AE10C335A97376731A182912FB7EE33.d.62AAF4FB85369326F18F0820FEEFA738.e.3742/click - {}
RESULT: {}
COMMAND: GET /session/92e25ae387a06d821b008f80a04495e6/screenshot - {}
RESULT: {}
COMMAND: POST /session/92e25ae387a06d821b008f80a04495e6/actions - {"actions":[{"id":"action8","type":"key","parameters":{},"actions":[{"type":"keyDown","value":"î€‡"},{"type":"pause","duration":10},{"type":"keyUp","value":"î€‡"}]}]}
RESULT: {"actions":[{"id":"action8","type":"key","parameters":{},"actions":[{"type":"keyDown","value":"î€‡"},{"type":"pause","duration":10},{"type":"keyUp","value":"î€‡"}]}]}
COMMAND: POST /session/92e25ae387a06d821b008f80a04495e6/execute/async - {"script":"<script> [1562 bytes]","args":[{"selector":{"id":"application-managepartners-display-component---NewPartner--externalCustomerComboBox-application-managepartners-display-component---NewPartner--assignmentsTable-0-vhi"},"wdio_ui5_key":"applicationmanagepartners-display-component---NewPartner--externalCustomerComboBox-application-managepartners-display-component---NewPartner--assignmentsTable-0-vhi"}]}
COMMAND: GET /session/92e25ae387a06d821b008f80a04495e6/screenshot - {}
RESULT: {"script":"<script> [1562 bytes]","args":[{"selector":{"id":"application-managepartners-display-component---NewPartner--externalCustomerComboBox-application-managepartners-display-component---NewPartner--assignmentsTable-0-vhi"},"wdio_ui5_key":"applicationmanagepartners-display-component---NewPartner--externalCustomerComboBox-application-managepartners-display-component---NewPartner--assignmentsTable-0-vhi"}]}
RESULT: undefined
COMMAND: POST /session/92e25ae387a06d821b008f80a04495e6/element - {"using":"xpath","value":"//*[@id=\"application-managepartners-display-component---NewPartner--externalCustomerComboBox-application-managepartners-display-component---NewPartner--assignmentsTable-0-vhi\"]"}
RESULT: {}
RESULT: {"using":"xpath","value":"//*[@id=\"application-managepartners-display-component---NewPartner--externalCustomerComboBox-application-managepartners-display-component---NewPartner--assignmentsTable-0-vhi\"]"}
COMMAND: POST /session/92e25ae387a06d821b008f80a04495e6/element/f.2AE10C335A97376731A182912FB7EE33.d.62AAF4FB85369326F18F0820FEEFA738.e.3746/click - {}
RESULT: {}
RESULT: undefined
COMMAND: POST /session/92e25ae387a06d821b008f80a04495e6/execute/async - {"script":"<script> [776 bytes]","args":[{"enterText":"300003","selector":{"controlType":"sap.m.SearchField","properties":{"placeholder":"Search"},"searchOpenDialogs":true,"interaction":{"idSuffix":"I"}},"clearTextFirst":true,"interactionType":"ENTER_TEXT"}]}
COMMAND: GET /session/92e25ae387a06d821b008f80a04495e6/screenshot - {}
RESULT: {"script":"<script> [776 bytes]","args":[{"enterText":"300003","selector":{"controlType":"sap.m.SearchField","properties":{"placeholder":"Search"},"searchOpenDialogs":true,"interaction":{"idSuffix":"I"}},"clearTextFirst":true,"interactionType":"ENTER_TEXT"}]}
COMMAND: POST /session/92e25ae387a06d821b008f80a04495e6/actions - {"actions":[{"id":"action9","type":"key","parameters":{},"actions":[{"type":"keyDown","value":"î€‡"},{"type":"pause","duration":10},{"type":"keyUp","value":"î€‡"}]}]}
RESULT: {}
RESULT: {"actions":[{"id":"action9","type":"key","parameters":{},"actions":[{"type":"keyDown","value":"î€‡"},{"type":"pause","duration":10},{"type":"keyUp","value":"î€‡"}]}]}
COMMAND: GET /session/92e25ae387a06d821b008f80a04495e6/screenshot - {}
RESULT: {}
COMMAND: POST /session/92e25ae387a06d821b008f80a04495e6/element - {"using":"xpath","value":"//span[contains(text(), \"300003\")]"}
RESULT: {"using":"xpath","value":"//span[contains(text(), \"300003\")]"}
COMMAND: POST /session/92e25ae387a06d821b008f80a04495e6/element/f.2AE10C335A97376731A182912FB7EE33.d.62AAF4FB85369326F18F0820FEEFA738.e.3765/click - {}
RESULT: {}
COMMAND: GET /session/92e25ae387a06d821b008f80a04495e6/screenshot - {}
RESULT: {}
COMMAND: POST /session/92e25ae387a06d821b008f80a04495e6/element - {"using":"xpath","value":"//bdi[contains(text(), \"OK\")]"}
RESULT: {"using":"xpath","value":"//bdi[contains(text(), \"OK\")]"}
COMMAND: POST /session/92e25ae387a06d821b008f80a04495e6/element/f.2AE10C335A97376731A182912FB7EE33.d.62AAF4FB85369326F18F0820FEEFA738.e.3767/click - {}
RESULT: {}
COMMAND: GET /session/92e25ae387a06d821b008f80a04495e6/screenshot - {}
RESULT: {}
COMMAND: POST /session/92e25ae387a06d821b008f80a04495e6/execute/async - {"script":"<script> [1562 bytes]","args":[{"selector":{"id":"application-managepartners-display-component---NewPartner--intercompVendorComboBox-application-managepartners-display-component---NewPartner--assignmentsTable-0-vhi"},"wdio_ui5_key":"applicationmanagepartners-display-component---NewPartner--intercompVendorComboBox-application-managepartners-display-component---NewPartner--assignmentsTable-0-vhi"}]}
RESULT: {"script":"<script> [1562 bytes]","args":[{"selector":{"id":"application-managepartners-display-component---NewPartner--intercompVendorComboBox-application-managepartners-display-component---NewPartner--assignmentsTable-0-vhi"},"wdio_ui5_key":"applicationmanagepartners-display-component---NewPartner--intercompVendorComboBox-application-managepartners-display-component---NewPartner--assignmentsTable-0-vhi"}]}
RESULT: undefined
COMMAND: POST /session/92e25ae387a06d821b008f80a04495e6/element - {"using":"xpath","value":"//*[@id=\"application-managepartners-display-component---NewPartner--intercompVendorComboBox-application-managepartners-display-component---NewPartner--assignmentsTable-0-vhi\"]"}
RESULT: {"using":"xpath","value":"//*[@id=\"application-managepartners-display-component---NewPartner--intercompVendorComboBox-application-managepartners-display-component---NewPartner--assignmentsTable-0-vhi\"]"}
COMMAND: POST /session/92e25ae387a06d821b008f80a04495e6/element/f.2AE10C335A97376731A182912FB7EE33.d.62AAF4FB85369326F18F0820FEEFA738.e.3771/click - {}
RESULT: {}
RESULT: undefined
COMMAND: POST /session/92e25ae387a06d821b008f80a04495e6/execute/async - {"script":"<script> [776 bytes]","args":[{"enterText":"100005","selector":{"controlType":"sap.m.SearchField","properties":{"placeholder":"Search"},"searchOpenDialogs":true,"interaction":{"idSuffix":"I"}},"clearTextFirst":true,"interactionType":"ENTER_TEXT"}]}
COMMAND: GET /session/92e25ae387a06d821b008f80a04495e6/screenshot - {}
RESULT: {"script":"<script> [776 bytes]","args":[{"enterText":"100005","selector":{"controlType":"sap.m.SearchField","properties":{"placeholder":"Search"},"searchOpenDialogs":true,"interaction":{"idSuffix":"I"}},"clearTextFirst":true,"interactionType":"ENTER_TEXT"}]}
COMMAND: POST /session/92e25ae387a06d821b008f80a04495e6/actions - {"actions":[{"id":"action10","type":"key","parameters":{},"actions":[{"type":"keyDown","value":"î€‡"},{"type":"pause","duration":10},{"type":"keyUp","value":"î€‡"}]}]}
RESULT: {}
RESULT: {"actions":[{"id":"action10","type":"key","parameters":{},"actions":[{"type":"keyDown","value":"î€‡"},{"type":"pause","duration":10},{"type":"keyUp","value":"î€‡"}]}]}
COMMAND: GET /session/92e25ae387a06d821b008f80a04495e6/screenshot - {}
RESULT: {}
COMMAND: POST /session/92e25ae387a06d821b008f80a04495e6/element - {"using":"xpath","value":"//span[contains(text(), \"Penguins - Field/12345 Berlin\")]"}
RESULT: {"using":"xpath","value":"//span[contains(text(), \"Penguins - Field/12345 Berlin\")]"}
COMMAND: POST /session/92e25ae387a06d821b008f80a04495e6/element/f.2AE10C335A97376731A182912FB7EE33.d.62AAF4FB85369326F18F0820FEEFA738.e.3790/click - {}
RESULT: {}
COMMAND: GET /session/92e25ae387a06d821b008f80a04495e6/screenshot - {}
RESULT: {}
COMMAND: POST /session/92e25ae387a06d821b008f80a04495e6/element - {"using":"xpath","value":"//bdi[contains(text(), \"OK\")]"}
RESULT: {"using":"xpath","value":"//bdi[contains(text(), \"OK\")]"}
COMMAND: POST /session/92e25ae387a06d821b008f80a04495e6/element/f.2AE10C335A97376731A182912FB7EE33.d.62AAF4FB85369326F18F0820FEEFA738.e.3791/click - {}
RESULT: {}
COMMAND: GET /session/92e25ae387a06d821b008f80a04495e6/screenshot - {}
RESULT: {}
COMMAND: POST /session/92e25ae387a06d821b008f80a04495e6/element - {"using":"xpath","value":"//button[@data-kt=\"saveButton\"]"}
RESULT: {"using":"xpath","value":"//button[@data-kt=\"saveButton\"]"}
COMMAND: POST /session/92e25ae387a06d821b008f80a04495e6/element/f.2AE10C335A97376731A182912FB7EE33.d.62AAF4FB85369326F18F0820FEEFA738.e.3584/click - {}
RESULT: {}
COMMAND: GET /session/92e25ae387a06d821b008f80a04495e6/screenshot - {}
RESULT: {}
COMMAND: POST /session/92e25ae387a06d821b008f80a04495e6/element - {"using":"xpath","value":"//header[contains(@id, 'ObjectPageLayout-headerTitle')]/div[1]/div[2]/div[2]/span[1]"}
RESULT: {"using":"xpath","value":"//header[contains(@id, 'ObjectPageLayout-headerTitle')]/div[1]/div[2]/div[2]/span[1]"}
COMMAND: POST /session/92e25ae387a06d821b008f80a04495e6/elements - {"using":"xpath","value":"//header[contains(@id, 'ObjectPageLayout-headerTitle')]/div[1]/div[2]/div[2]/span[1]"}
RESULT: {"using":"xpath","value":"//header[contains(@id, 'ObjectPageLayout-headerTitle')]/div[1]/div[2]/div[2]/span[1]"}
COMMAND: POST /session/92e25ae387a06d821b008f80a04495e6/execute/sync - {"script":"<script> [56 bytes]","args":[{"element-6066-11e4-a52e-4f735466cecf":"f.2AE10C335A97376731A182912FB7EE33.d.62AAF4FB85369326F18F0820FEEFA738.e.3952","ELEMENT":"f.2AE10C335A97376731A182912FB7EE33.d.62AAF4FB85369326F18F0820FEEFA738.e.3952"}]}
RESULT: {"script":"<script> [56 bytes]","args":[{"element-6066-11e4-a52e-4f735466cecf":"f.2AE10C335A97376731A182912FB7EE33.d.62AAF4FB85369326F18F0820FEEFA738.e.3952","ELEMENT":"f.2AE10C335A97376731A182912FB7EE33.d.62AAF4FB85369326F18F0820FEEFA738.e.3952"}]}
COMMAND: POST /session/92e25ae387a06d821b008f80a04495e6/element - {"using":"css selector","value":"#shell-header-logo"}
COMMAND: GET /session/92e25ae387a06d821b008f80a04495e6/screenshot - {}
RESULT: {"using":"css selector","value":"#shell-header-logo"}
COMMAND: POST /session/92e25ae387a06d821b008f80a04495e6/element/f.2AE10C335A97376731A182912FB7EE33.d.62AAF4FB85369326F18F0820FEEFA738.e.3197/click - {}
RESULT: {}
RESULT: {}
COMMAND: GET /session/92e25ae387a06d821b008f80a04495e6/screenshot - {}
RESULT: {}
COMMAND: POST /session/92e25ae387a06d821b008f80a04495e6/execute/sync - {"script":"<script> [299 bytes]","args":[["getModel","getResource"]]}
RESULT: {"script":"<script> [299 bytes]","args":[["getModel","getResource"]]}
RESULT: undefined
COMMAND: POST /session/92e25ae387a06d821b008f80a04495e6/element - {"using":"xpath","value":"//*[@id=\"__tile30\"]"}
COMMAND: GET /session/92e25ae387a06d821b008f80a04495e6/screenshot - {}
RESULT: {"using":"xpath","value":"//*[@id=\"__tile30\"]"}
COMMAND: POST /session/92e25ae387a06d821b008f80a04495e6/element/f.2AE10C335A97376731A182912FB7EE33.d.62AAF4FB85369326F18F0820FEEFA738.e.3117/click - {}
RESULT: {}
RESULT: {}
COMMAND: POST /session/92e25ae387a06d821b008f80a04495e6/element - {"using":"xpath","value":"//button[@data-kt=\"addButton\"]"}
COMMAND: GET /session/92e25ae387a06d821b008f80a04495e6/screenshot - {}
RESULT: {"using":"xpath","value":"//button[@data-kt=\"addButton\"]"}
COMMAND: POST /session/92e25ae387a06d821b008f80a04495e6/elements - {"using":"xpath","value":"//button[@data-kt=\"addButton\"]"}
RESULT: {}
RESULT: {"using":"xpath","value":"//button[@data-kt=\"addButton\"]"}
COMMAND: POST /session/92e25ae387a06d821b008f80a04495e6/elements - {"using":"xpath","value":"//button[@data-kt=\"addButton\"]"}
RESULT: {"using":"xpath","value":"//button[@data-kt=\"addButton\"]"}
COMMAND: POST /session/92e25ae387a06d821b008f80a04495e6/element - {"using":"xpath","value":"//button[@data-kt=\"addButton\"]"}
RESULT: {"using":"xpath","value":"//button[@data-kt=\"addButton\"]"}
COMMAND: POST /session/92e25ae387a06d821b008f80a04495e6/execute/sync - {"script":"<script> [8489 bytes]","args":[{"element-6066-11e4-a52e-4f735466cecf":"f.2AE10C335A97376731A182912FB7EE33.d.62AAF4FB85369326F18F0820FEEFA738.e.3989","ELEMENT":"f.2AE10C335A97376731A182912FB7EE33.d.62AAF4FB85369326F18F0820FEEFA738.e.3989"}]}
RESULT: {"script":"<script> [8489 bytes]","args":[{"element-6066-11e4-a52e-4f735466cecf":"f.2AE10C335A97376731A182912FB7EE33.d.62AAF4FB85369326F18F0820FEEFA738.e.3989","ELEMENT":"f.2AE10C335A97376731A182912FB7EE33.d.62AAF4FB85369326F18F0820FEEFA738.e.3989"}]}
COMMAND: GET /session/92e25ae387a06d821b008f80a04495e6/element/f.2AE10C335A97376731A182912FB7EE33.d.62AAF4FB85369326F18F0820FEEFA738.e.3989/enabled - {}
COMMAND: GET /session/92e25ae387a06d821b008f80a04495e6/screenshot - {}
RESULT: {}
COMMAND: POST /session/92e25ae387a06d821b008f80a04495e6/execute/sync - {"script":"<script> [8489 bytes]","args":[{"element-6066-11e4-a52e-4f735466cecf":"f.2AE10C335A97376731A182912FB7EE33.d.62AAF4FB85369326F18F0820FEEFA738.e.3989","ELEMENT":"f.2AE10C335A97376731A182912FB7EE33.d.62AAF4FB85369326F18F0820FEEFA738.e.3989"}]}
COMMAND: GET /session/92e25ae387a06d821b008f80a04495e6/screenshot - {}
RESULT: {}
RESULT: {"script":"<script> [8489 bytes]","args":[{"element-6066-11e4-a52e-4f735466cecf":"f.2AE10C335A97376731A182912FB7EE33.d.62AAF4FB85369326F18F0820FEEFA738.e.3989","ELEMENT":"f.2AE10C335A97376731A182912FB7EE33.d.62AAF4FB85369326F18F0820FEEFA738.e.3989"}]}
COMMAND: POST /session/92e25ae387a06d821b008f80a04495e6/execute/sync - {"script":"<script> [5351 bytes]","args":[{"element-6066-11e4-a52e-4f735466cecf":"f.2AE10C335A97376731A182912FB7EE33.d.62AAF4FB85369326F18F0820FEEFA738.e.3989","ELEMENT":"f.2AE10C335A97376731A182912FB7EE33.d.62AAF4FB85369326F18F0820FEEFA738.e.3989"}]}
COMMAND: GET /session/92e25ae387a06d821b008f80a04495e6/screenshot - {}
RESULT: {}
RESULT: {"script":"<script> [5351 bytes]","args":[{"element-6066-11e4-a52e-4f735466cecf":"f.2AE10C335A97376731A182912FB7EE33.d.62AAF4FB85369326F18F0820FEEFA738.e.3989","ELEMENT":"f.2AE10C335A97376731A182912FB7EE33.d.62AAF4FB85369326F18F0820FEEFA738.e.3989"}]}
COMMAND: GET /session/92e25ae387a06d821b008f80a04495e6/screenshot - {}
RESULT: {}
RESULT: {}
COMMAND: POST /session/92e25ae387a06d821b008f80a04495e6/execute/async - {"script":"<script> [1562 bytes]","args":[{"selector":{"id":"application-managepartners-display-component---masterPtm--smartFilterBar-btnBasicSearch","interaction":{"idSuffix":"I"}},"wdio_ui5_key":"applicationmanagepartners-display-component---masterPtm--smartFilterBar-btnBasicSearch"}]}
RESULT: {"script":"<script> [1562 bytes]","args":[{"selector":{"id":"application-managepartners-display-component---masterPtm--smartFilterBar-btnBasicSearch","interaction":{"idSuffix":"I"}},"wdio_ui5_key":"applicationmanagepartners-display-component---masterPtm--smartFilterBar-btnBasicSearch"}]}
RESULT: undefined
COMMAND: POST /session/92e25ae387a06d821b008f80a04495e6/execute/async - {"script":"<script> [776 bytes]","args":[{"enterText":"1103","selector":{"id":"application-managepartners-display-component---masterPtm--smartFilterBar-btnBasicSearch","interaction":{"idSuffix":"I"}},"clearTextFirst":true,"interactionType":"ENTER_TEXT"}]}
RESULT: {"script":"<script> [776 bytes]","args":[{"enterText":"1103","selector":{"id":"application-managepartners-display-component---masterPtm--smartFilterBar-btnBasicSearch","interaction":{"idSuffix":"I"}},"clearTextFirst":true,"interactionType":"ENTER_TEXT"}]}
COMMAND: POST /session/92e25ae387a06d821b008f80a04495e6/actions - {"actions":[{"id":"action11","type":"key","parameters":{},"actions":[{"type":"keyDown","value":"î€‡"},{"type":"pause","duration":10},{"type":"keyUp","value":"î€‡"}]}]}
RESULT: {"actions":[{"id":"action11","type":"key","parameters":{},"actions":[{"type":"keyDown","value":"î€‡"},{"type":"pause","duration":10},{"type":"keyUp","value":"î€‡"}]}]}
COMMAND: GET /session/92e25ae387a06d821b008f80a04495e6/screenshot - {}
RESULT: {}
COMMAND: POST /session/92e25ae387a06d821b008f80a04495e6/elements - {"using":"xpath","value":"//table[contains(@id, \"customPartnersTable-listUl\")]/tbody/tr"}
RESULT: {"using":"xpath","value":"//table[contains(@id, \"customPartnersTable-listUl\")]/tbody/tr"}
COMMAND: POST /session/92e25ae387a06d821b008f80a04495e6/element - {"using":"xpath","value":"//table[contains(@id, \"customPartnersTable-listUl\")]/tbody/tr[1]/td[3]/span"}
RESULT: {"using":"xpath","value":"//table[contains(@id, \"customPartnersTable-listUl\")]/tbody/tr[1]/td[3]/span"}
COMMAND: POST /session/92e25ae387a06d821b008f80a04495e6/elements - {"using":"xpath","value":"//table[contains(@id, \"customPartnersTable-listUl\")]/tbody/tr[1]/td[3]/span"}
RESULT: {"using":"xpath","value":"//table[contains(@id, \"customPartnersTable-listUl\")]/tbody/tr[1]/td[3]/span"}
COMMAND: POST /session/92e25ae387a06d821b008f80a04495e6/execute/sync - {"script":"<script> [56 bytes]","args":[{"element-6066-11e4-a52e-4f735466cecf":"f.2AE10C335A97376731A182912FB7EE33.d.62AAF4FB85369326F18F0820FEEFA738.e.4136","ELEMENT":"f.2AE10C335A97376731A182912FB7EE33.d.62AAF4FB85369326F18F0820FEEFA738.e.4136"}]}
RESULT: {"script":"<script> [56 bytes]","args":[{"element-6066-11e4-a52e-4f735466cecf":"f.2AE10C335A97376731A182912FB7EE33.d.62AAF4FB85369326F18F0820FEEFA738.e.4136","ELEMENT":"f.2AE10C335A97376731A182912FB7EE33.d.62AAF4FB85369326F18F0820FEEFA738.e.4136"}]}
COMMAND: POST /session/92e25ae387a06d821b008f80a04495e6/element - {"using":"xpath","value":"(//span[contains(@id, \"imgNav\")])[1]"}
COMMAND: GET /session/92e25ae387a06d821b008f80a04495e6/screenshot - {}
RESULT: {"using":"xpath","value":"(//span[contains(@id, \"imgNav\")])[1]"}
COMMAND: POST /session/92e25ae387a06d821b008f80a04495e6/element/f.2AE10C335A97376731A182912FB7EE33.d.62AAF4FB85369326F18F0820FEEFA738.e.4135/click - {}
RESULT: {}
RESULT: {}
COMMAND: GET /session/92e25ae387a06d821b008f80a04495e6/screenshot - {}
RESULT: {}
COMMAND: POST /session/92e25ae387a06d821b008f80a04495e6/element - {"using":"xpath","value":"//bdi[contains(text(), \"Edit\")]"}
RESULT: {"using":"xpath","value":"//bdi[contains(text(), \"Edit\")]"}
COMMAND: POST /session/92e25ae387a06d821b008f80a04495e6/element/f.2AE10C335A97376731A182912FB7EE33.d.62AAF4FB85369326F18F0820FEEFA738.e.4281/click - {}
RESULT: {}
COMMAND: GET /session/92e25ae387a06d821b008f80a04495e6/screenshot - {}
RESULT: {}
COMMAND: POST /session/92e25ae387a06d821b008f80a04495e6/execute/async - {"script":"<script> [1562 bytes]","args":[{"selector":{"controlType":"sap.m.Input","viewName":"etm.portal.ui.managepartners.view.EditDetail","labelFor":{"text":"Name"},"interaction":{"idSuffix":"inner"}},"wdio_ui5_key":"etmportal.ui.managepartners.view.EditDetailsap.m.Input{\"text\":\"Name\"}"}]}
RESULT: {"script":"<script> [1562 bytes]","args":[{"selector":{"controlType":"sap.m.Input","viewName":"etm.portal.ui.managepartners.view.EditDetail","labelFor":{"text":"Name"},"interaction":{"idSuffix":"inner"}},"wdio_ui5_key":"etmportal.ui.managepartners.view.EditDetailsap.m.Input{\"text\":\"Name\"}"}]}
RESULT: undefined
COMMAND: POST /session/92e25ae387a06d821b008f80a04495e6/execute/async - {"script":"<script> [776 bytes]","args":[{"enterText":"Intercompany EDIT","selector":{"controlType":"sap.m.Input","viewName":"etm.portal.ui.managepartners.view.EditDetail","labelFor":{"text":"Name"},"interaction":{"idSuffix":"inner"}},"clearTextFirst":true,"interactionType":"ENTER_TEXT"}]}
RESULT: {"script":"<script> [776 bytes]","args":[{"enterText":"Intercompany EDIT","selector":{"controlType":"sap.m.Input","viewName":"etm.portal.ui.managepartners.view.EditDetail","labelFor":{"text":"Name"},"interaction":{"idSuffix":"inner"}},"clearTextFirst":true,"interactionType":"ENTER_TEXT"}]}
COMMAND: POST /session/92e25ae387a06d821b008f80a04495e6/element - {"using":"xpath","value":"(//span[contains(@id,\"addressDetailDetailsLanguage-arrow\")])[1]"}
RESULT: {"using":"xpath","value":"(//span[contains(@id,\"addressDetailDetailsLanguage-arrow\")])[1]"}
COMMAND: POST /session/92e25ae387a06d821b008f80a04495e6/element/f.2AE10C335A97376731A182912FB7EE33.d.62AAF4FB85369326F18F0820FEEFA738.e.4363/click - {}
RESULT: {}
COMMAND: POST /session/92e25ae387a06d821b008f80a04495e6/element - {"using":"xpath","value":"//span[contains(text(), \"Chinese\")]"}
COMMAND: GET /session/92e25ae387a06d821b008f80a04495e6/screenshot - {}
RESULT: {"using":"xpath","value":"//span[contains(text(), \"Chinese\")]"}
COMMAND: POST /session/92e25ae387a06d821b008f80a04495e6/element/f.2AE10C335A97376731A182912FB7EE33.d.62AAF4FB85369326F18F0820FEEFA738.e.4364/click - {}
RESULT: {}
RESULT: {}
COMMAND: GET /session/92e25ae387a06d821b008f80a04495e6/screenshot - {}
RESULT: {}
COMMAND: POST /session/92e25ae387a06d821b008f80a04495e6/execute/async - {"script":"<script> [1562 bytes]","args":[{"selector":{"controlType":"sap.m.Input","viewName":"etm.portal.ui.managepartners.view.EditDetail","labelFor":{"text":"City"},"interaction":{"idSuffix":"inner"}},"wdio_ui5_key":"etmportal.ui.managepartners.view.EditDetailsap.m.Input{\"text\":\"City\"}"}]}
RESULT: {"script":"<script> [1562 bytes]","args":[{"selector":{"controlType":"sap.m.Input","viewName":"etm.portal.ui.managepartners.view.EditDetail","labelFor":{"text":"City"},"interaction":{"idSuffix":"inner"}},"wdio_ui5_key":"etmportal.ui.managepartners.view.EditDetailsap.m.Input{\"text\":\"City\"}"}]}
RESULT: undefined
COMMAND: POST /session/92e25ae387a06d821b008f80a04495e6/execute/async - {"script":"<script> [776 bytes]","args":[{"enterText":"Clooj-Napoca","selector":{"controlType":"sap.m.Input","viewName":"etm.portal.ui.managepartners.view.EditDetail","labelFor":{"text":"City"},"interaction":{"idSuffix":"inner"}},"clearTextFirst":true,"interactionType":"ENTER_TEXT"}]}
RESULT: {"script":"<script> [776 bytes]","args":[{"enterText":"Clooj-Napoca","selector":{"controlType":"sap.m.Input","viewName":"etm.portal.ui.managepartners.view.EditDetail","labelFor":{"text":"City"},"interaction":{"idSuffix":"inner"}},"clearTextFirst":true,"interactionType":"ENTER_TEXT"}]}
COMMAND: POST /session/92e25ae387a06d821b008f80a04495e6/element - {"using":"xpath","value":"//button[@data-kt=\"saveButton\"]"}
RESULT: {"using":"xpath","value":"//button[@data-kt=\"saveButton\"]"}
COMMAND: POST /session/92e25ae387a06d821b008f80a04495e6/element/f.2AE10C335A97376731A182912FB7EE33.d.62AAF4FB85369326F18F0820FEEFA738.e.4340/click - {}
RESULT: {}
COMMAND: GET /session/92e25ae387a06d821b008f80a04495e6/screenshot - {}
RESULT: {}
COMMAND: POST /session/92e25ae387a06d821b008f80a04495e6/execute/async - {"script":"<script> [1562 bytes]","args":[{"selector":{"id":"application-managepartners-display-component---detailPtm--addressDetailDetailsName1"},"wdio_ui5_key":"applicationmanagepartners-display-component---detailPtm--addressDetailDetailsName1"}]}
RESULT: {"script":"<script> [1562 bytes]","args":[{"selector":{"id":"application-managepartners-display-component---detailPtm--addressDetailDetailsName1"},"wdio_ui5_key":"applicationmanagepartners-display-component---detailPtm--addressDetailDetailsName1"}]}
RESULT: undefined
COMMAND: POST /session/92e25ae387a06d821b008f80a04495e6/execute/async - {"script":"<script> [6424 bytes]","args":[{"element-6066-11e4-a52e-4f735466cecf":"f.2AE10C335A97376731A182912FB7EE33.d.62AAF4FB85369326F18F0820FEEFA738.e.4395"},"getValue",[]]}
RESULT: {"script":"<script> [6424 bytes]","args":[{"element-6066-11e4-a52e-4f735466cecf":"f.2AE10C335A97376731A182912FB7EE33.d.62AAF4FB85369326F18F0820FEEFA738.e.4395"},"getValue",[]]}
COMMAND: POST /session/92e25ae387a06d821b008f80a04495e6/element - {"using":"xpath","value":"//input[@id = \"application-managepartners-display-component---detailPtm--addressDetailDetailsLanguage-inner\"]"}
RESULT: {"using":"xpath","value":"//input[@id = \"application-managepartners-display-component---detailPtm--addressDetailDetailsLanguage-inner\"]"}
COMMAND: GET /session/92e25ae387a06d821b008f80a04495e6/element/f.2AE10C335A97376731A182912FB7EE33.d.62AAF4FB85369326F18F0820FEEFA738.e.4396/property/value - {}
RESULT: {}
COMMAND: POST /session/92e25ae387a06d821b008f80a04495e6/execute/async - {"script":"<script> [1562 bytes]","args":[{"selector":{"id":"application-managepartners-display-component---detailPtm--addressDetailDetailsCity1"},"wdio_ui5_key":"applicationmanagepartners-display-component---detailPtm--addressDetailDetailsCity1"}]}
COMMAND: GET /session/92e25ae387a06d821b008f80a04495e6/screenshot - {}
RESULT: {"script":"<script> [1562 bytes]","args":[{"selector":{"id":"application-managepartners-display-component---detailPtm--addressDetailDetailsCity1"},"wdio_ui5_key":"applicationmanagepartners-display-component---detailPtm--addressDetailDetailsCity1"}]}
RESULT: undefined
COMMAND: POST /session/92e25ae387a06d821b008f80a04495e6/execute/async - {"script":"<script> [6424 bytes]","args":[{"element-6066-11e4-a52e-4f735466cecf":"f.2AE10C335A97376731A182912FB7EE33.d.62AAF4FB85369326F18F0820FEEFA738.e.4397"},"getValue",[]]}
RESULT: {}
RESULT: {"script":"<script> [6424 bytes]","args":[{"element-6066-11e4-a52e-4f735466cecf":"f.2AE10C335A97376731A182912FB7EE33.d.62AAF4FB85369326F18F0820FEEFA738.e.4397"},"getValue",[]]}
COMMAND: POST /session/92e25ae387a06d821b008f80a04495e6/element - {"using":"css selector","value":"#shell-header-logo"}
RESULT: {"using":"css selector","value":"#shell-header-logo"}
COMMAND: POST /session/92e25ae387a06d821b008f80a04495e6/element/f.2AE10C335A97376731A182912FB7EE33.d.62AAF4FB85369326F18F0820FEEFA738.e.3955/click - {}
RESULT: {}
COMMAND: GET /session/92e25ae387a06d821b008f80a04495e6/screenshot - {}
RESULT: {}
]]></system-out>
    </testcase>
    <testcase classname="chrome.136_0_7103_49.windows.Partner_specific_tests_US150819_US151080_US151654_US151176_US103444_US151078_US151079_US151109_US151174_US151175_US151189" name="Should create a new intracompany partner edit some of its fields US151079" time="248.126">
      <system-out><![CDATA[
COMMAND: POST /session/92e25ae387a06d821b008f80a04495e6/element - {"using":"xpath","value":"//li[.//span[text()=\"Manage Partners\"]]"}
RESULT: {"using":"xpath","value":"//li[.//span[text()=\"Manage Partners\"]]"}
COMMAND: POST /session/92e25ae387a06d821b008f80a04495e6/element - {"using":"xpath","value":"//li[.//span[text()=\"Manage Partners\"]]"}
RESULT: {"using":"xpath","value":"//li[.//span[text()=\"Manage Partners\"]]"}
COMMAND: POST /session/92e25ae387a06d821b008f80a04495e6/element - {"using":"css selector","value":"#shell-header-logo"}
RESULT: {"using":"css selector","value":"#shell-header-logo"}
COMMAND: POST /session/92e25ae387a06d821b008f80a04495e6/element/f.2AE10C335A97376731A182912FB7EE33.d.62AAF4FB85369326F18F0820FEEFA738.e.4428/click - {}
COMMAND: POST /session/92e25ae387a06d821b008f80a04495e6/execute/sync - {"script":"<script> [8489 bytes]","args":[{"element-6066-11e4-a52e-4f735466cecf":"f.2AE10C335A97376731A182912FB7EE33.d.62AAF4FB85369326F18F0820FEEFA738.e.4428","ELEMENT":"f.2AE10C335A97376731A182912FB7EE33.d.62AAF4FB85369326F18F0820FEEFA738.e.4428"}]}
RESULT: {}
COMMAND: GET /session/92e25ae387a06d821b008f80a04495e6/screenshot - {}
RESULT: {"script":"<script> [8489 bytes]","args":[{"element-6066-11e4-a52e-4f735466cecf":"f.2AE10C335A97376731A182912FB7EE33.d.62AAF4FB85369326F18F0820FEEFA738.e.4428","ELEMENT":"f.2AE10C335A97376731A182912FB7EE33.d.62AAF4FB85369326F18F0820FEEFA738.e.4428"}]}
COMMAND: POST /session/92e25ae387a06d821b008f80a04495e6/execute/sync - {"script":"<script> [5351 bytes]","args":[{"element-6066-11e4-a52e-4f735466cecf":"f.2AE10C335A97376731A182912FB7EE33.d.62AAF4FB85369326F18F0820FEEFA738.e.4428","ELEMENT":"f.2AE10C335A97376731A182912FB7EE33.d.62AAF4FB85369326F18F0820FEEFA738.e.4428"}]}
COMMAND: GET /session/92e25ae387a06d821b008f80a04495e6/screenshot - {}
RESULT: {}
RESULT: {"script":"<script> [5351 bytes]","args":[{"element-6066-11e4-a52e-4f735466cecf":"f.2AE10C335A97376731A182912FB7EE33.d.62AAF4FB85369326F18F0820FEEFA738.e.4428","ELEMENT":"f.2AE10C335A97376731A182912FB7EE33.d.62AAF4FB85369326F18F0820FEEFA738.e.4428"}]}
COMMAND: GET /session/92e25ae387a06d821b008f80a04495e6/screenshot - {}
RESULT: {}
RESULT: {}
COMMAND: POST /session/92e25ae387a06d821b008f80a04495e6/refresh - {}
RESULT: {}
COMMAND: GET /session/92e25ae387a06d821b008f80a04495e6/screenshot - {}
RESULT: {}
COMMAND: POST /session/92e25ae387a06d821b008f80a04495e6/refresh - {}
RESULT: {}
COMMAND: GET /session/92e25ae387a06d821b008f80a04495e6/screenshot - {}
RESULT: {}
COMMAND: POST /session/92e25ae387a06d821b008f80a04495e6/window/fullscreen - {}
RESULT: {}
COMMAND: POST /session/92e25ae387a06d821b008f80a04495e6/execute/async - {"script":"<script> [189 bytes]","args":[]}
RESULT: {"script":"<script> [189 bytes]","args":[]}
COMMAND: POST /session/92e25ae387a06d821b008f80a04495e6/execute/async - {"script":"<script> [123 bytes]","args":[]}
RESULT: {"script":"<script> [123 bytes]","args":[]}
COMMAND: POST /session/92e25ae387a06d821b008f80a04495e6/timeouts - {"script":"<number>"}
RESULT: {"script":"<number>"}
COMMAND: GET /session/92e25ae387a06d821b008f80a04495e6/timeouts - {}
RESULT: {}
RESULT: undefined
COMMAND: POST /session/92e25ae387a06d821b008f80a04495e6/execute/async - {"script":"<script> [2676 bytes]","args":[]}
RESULT: {"script":"<script> [2676 bytes]","args":[]}
COMMAND: POST /session/92e25ae387a06d821b008f80a04495e6/execute/async - {"script":"<script> [2342 bytes]","args":[{"protocol":"http","hostname":"0.0.0.0","path":"/","capabilities":{"browserName":"chrome","goog:chromeOptions":{"binary":"C:\\Program Files\\Google\\Chrome\\Application\\chrome.exe","args":["--start-maximized"]}},"logLevel":"warn","connectionRetryTimeout":120000,"connectionRetryCount":3,"logLevels":{},"enableDirectConnect":true,"strictSSL":true,"_":"65 more keys: [\"cacheDir\",\"port\",\"requestedCapabilities\",\"automationProtocol\",\"baseUrl\",\"waitforInterval\",\"waitforTimeout\",\"onReload\",\"beforeCommand\",\"afterCommand\",\"rootDir\",\"specs\",\"suites\",\"exclude\",\"groupLogsByTestSpec\",\"excludeDriverLogs\",\"bail\",\"framework\",\"reporters\",\"services\",\"maxInstances\",\"maxInstancesPerCapability\",\"injectGlobals\",\"filesToWatch\",\"execArgv\",\"runnerEnv\",\"runner\",\"shard\",\"specFileRetries\",\"specFileRetriesDelay\",\"specFileRetriesDeferred\",\"reporterSyncInterval\",\"reporterSyncTimeout\",\"cucumberFeaturesWithLineNumbers\",\"autoCompileOpts\",\"mochaOpts\",\"jasmineOpts\",\"cucumberOpts\",\"onPrepare\",\"onWorkerStart\",\"onWorkerEnd\",\"before\",\"beforeSession\",\"beforeSuite\",\"beforeHook\",\"beforeTest\",\"afterTest\",\"afterHook\",\"afterSuite\",\"afterSession\",\"after\",\"onComplete\",\"beforeAssertion\",\"afterAssertion\",\"beforeFeature\",\"beforeScenario\",\"beforeStep\",\"afterStep\",\"afterScenario\",\"afterFeature\",\"_\",\"suite\",\"$0\",\"ignoredWorkerServices\",\"wdi5\"]"}]}
RESULT: {"script":"<script> [2342 bytes]","args":[{"protocol":"http","hostname":"0.0.0.0","path":"/","capabilities":{"browserName":"chrome","goog:chromeOptions":{"binary":"C:\\Program Files\\Google\\Chrome\\Application\\chrome.exe","args":["--start-maximized"]}},"logLevel":"warn","connectionRetryTimeout":120000,"connectionRetryCount":3,"logLevels":{},"enableDirectConnect":true,"strictSSL":true,"_":"65 more keys: [\"cacheDir\",\"port\",\"requestedCapabilities\",\"automationProtocol\",\"baseUrl\",\"waitforInterval\",\"waitforTimeout\",\"onReload\",\"beforeCommand\",\"afterCommand\",\"rootDir\",\"specs\",\"suites\",\"exclude\",\"groupLogsByTestSpec\",\"excludeDriverLogs\",\"bail\",\"framework\",\"reporters\",\"services\",\"maxInstances\",\"maxInstancesPerCapability\",\"injectGlobals\",\"filesToWatch\",\"execArgv\",\"runnerEnv\",\"runner\",\"shard\",\"specFileRetries\",\"specFileRetriesDelay\",\"specFileRetriesDeferred\",\"reporterSyncInterval\",\"reporterSyncTimeout\",\"cucumberFeaturesWithLineNumbers\",\"autoCompileOpts\",\"mochaOpts\",\"jasmineOpts\",\"cucumberOpts\",\"onPrepare\",\"onWorkerStart\",\"onWorkerEnd\",\"before\",\"beforeSession\",\"beforeSuite\",\"beforeHook\",\"beforeTest\",\"afterTest\",\"afterHook\",\"afterSuite\",\"afterSession\",\"after\",\"onComplete\",\"beforeAssertion\",\"afterAssertion\",\"beforeFeature\",\"beforeScenario\",\"beforeStep\",\"afterStep\",\"afterScenario\",\"afterFeature\",\"_\",\"suite\",\"$0\",\"ignoredWorkerServices\",\"wdi5\"]"}]}
COMMAND: POST /session/92e25ae387a06d821b008f80a04495e6/execute/async - {"script":"<script> [21126 bytes]","args":[35000]}
RESULT: {"script":"<script> [21126 bytes]","args":[35000]}
COMMAND: POST /session/92e25ae387a06d821b008f80a04495e6/window/fullscreen - {}
RESULT: {}
COMMAND: POST /session/92e25ae387a06d821b008f80a04495e6/window/fullscreen - {}
RESULT: {}
COMMAND: POST /session/92e25ae387a06d821b008f80a04495e6/execute/async - {"script":"<script> [1562 bytes]","args":[{"selector":{"controlType":"sap.m.GenericTile","properties":{"header":"Manage Partners"}},"wdio_ui5_key":"sapm.GenericTile{\"header\":\"Manage Partners\"}"}]}
RESULT: {"script":"<script> [1562 bytes]","args":[{"selector":{"controlType":"sap.m.GenericTile","properties":{"header":"Manage Partners"}},"wdio_ui5_key":"sapm.GenericTile{\"header\":\"Manage Partners\"}"}]}
RESULT: undefined
COMMAND: POST /session/92e25ae387a06d821b008f80a04495e6/element - {"using":"xpath","value":"//*[@id=\"__tile30\"]"}
RESULT: {"using":"xpath","value":"//*[@id=\"__tile30\"]"}
COMMAND: POST /session/92e25ae387a06d821b008f80a04495e6/element/f.2AE10C335A97376731A182912FB7EE33.d.446F859C058652ED7E34153F802D4004.e.4488/click - {}
RESULT: {}
COMMAND: POST /session/92e25ae387a06d821b008f80a04495e6/element - {"using":"xpath","value":"//button[@data-kt=\"addButton\"]"}
COMMAND: GET /session/92e25ae387a06d821b008f80a04495e6/screenshot - {}
RESULT: {"using":"xpath","value":"//button[@data-kt=\"addButton\"]"}
COMMAND: POST /session/92e25ae387a06d821b008f80a04495e6/elements - {"using":"xpath","value":"//button[@data-kt=\"addButton\"]"}
RESULT: {}
RESULT: {"using":"xpath","value":"//button[@data-kt=\"addButton\"]"}
COMMAND: POST /session/92e25ae387a06d821b008f80a04495e6/elements - {"using":"xpath","value":"//button[@data-kt=\"addButton\"]"}
RESULT: {"using":"xpath","value":"//button[@data-kt=\"addButton\"]"}
COMMAND: POST /session/92e25ae387a06d821b008f80a04495e6/elements - {"using":"xpath","value":"//button[@data-kt=\"addButton\"]"}
RESULT: {"using":"xpath","value":"//button[@data-kt=\"addButton\"]"}
COMMAND: POST /session/92e25ae387a06d821b008f80a04495e6/elements - {"using":"xpath","value":"//button[@data-kt=\"addButton\"]"}
RESULT: {"using":"xpath","value":"//button[@data-kt=\"addButton\"]"}
COMMAND: POST /session/92e25ae387a06d821b008f80a04495e6/elements - {"using":"xpath","value":"//button[@data-kt=\"addButton\"]"}
RESULT: {"using":"xpath","value":"//button[@data-kt=\"addButton\"]"}
COMMAND: POST /session/92e25ae387a06d821b008f80a04495e6/elements - {"using":"xpath","value":"//button[@data-kt=\"addButton\"]"}
RESULT: {"using":"xpath","value":"//button[@data-kt=\"addButton\"]"}
COMMAND: POST /session/92e25ae387a06d821b008f80a04495e6/elements - {"using":"xpath","value":"//button[@data-kt=\"addButton\"]"}
RESULT: {"using":"xpath","value":"//button[@data-kt=\"addButton\"]"}
COMMAND: POST /session/92e25ae387a06d821b008f80a04495e6/elements - {"using":"xpath","value":"//button[@data-kt=\"addButton\"]"}
RESULT: {"using":"xpath","value":"//button[@data-kt=\"addButton\"]"}
COMMAND: POST /session/92e25ae387a06d821b008f80a04495e6/elements - {"using":"xpath","value":"//button[@data-kt=\"addButton\"]"}
RESULT: {"using":"xpath","value":"//button[@data-kt=\"addButton\"]"}
COMMAND: POST /session/92e25ae387a06d821b008f80a04495e6/elements - {"using":"xpath","value":"//button[@data-kt=\"addButton\"]"}
RESULT: {"using":"xpath","value":"//button[@data-kt=\"addButton\"]"}
COMMAND: POST /session/92e25ae387a06d821b008f80a04495e6/elements - {"using":"xpath","value":"//button[@data-kt=\"addButton\"]"}
RESULT: {"using":"xpath","value":"//button[@data-kt=\"addButton\"]"}
COMMAND: POST /session/92e25ae387a06d821b008f80a04495e6/elements - {"using":"xpath","value":"//button[@data-kt=\"addButton\"]"}
RESULT: {"using":"xpath","value":"//button[@data-kt=\"addButton\"]"}
COMMAND: POST /session/92e25ae387a06d821b008f80a04495e6/elements - {"using":"xpath","value":"//button[@data-kt=\"addButton\"]"}
RESULT: {"using":"xpath","value":"//button[@data-kt=\"addButton\"]"}
COMMAND: POST /session/92e25ae387a06d821b008f80a04495e6/elements - {"using":"xpath","value":"//button[@data-kt=\"addButton\"]"}
RESULT: {"using":"xpath","value":"//button[@data-kt=\"addButton\"]"}
COMMAND: POST /session/92e25ae387a06d821b008f80a04495e6/elements - {"using":"xpath","value":"//button[@data-kt=\"addButton\"]"}
RESULT: {"using":"xpath","value":"//button[@data-kt=\"addButton\"]"}
COMMAND: POST /session/92e25ae387a06d821b008f80a04495e6/elements - {"using":"xpath","value":"//button[@data-kt=\"addButton\"]"}
RESULT: {"using":"xpath","value":"//button[@data-kt=\"addButton\"]"}
COMMAND: POST /session/92e25ae387a06d821b008f80a04495e6/elements - {"using":"xpath","value":"//button[@data-kt=\"addButton\"]"}
RESULT: {"using":"xpath","value":"//button[@data-kt=\"addButton\"]"}
COMMAND: POST /session/92e25ae387a06d821b008f80a04495e6/elements - {"using":"xpath","value":"//button[@data-kt=\"addButton\"]"}
RESULT: {"using":"xpath","value":"//button[@data-kt=\"addButton\"]"}
COMMAND: POST /session/92e25ae387a06d821b008f80a04495e6/elements - {"using":"xpath","value":"//button[@data-kt=\"addButton\"]"}
RESULT: {"using":"xpath","value":"//button[@data-kt=\"addButton\"]"}
COMMAND: POST /session/92e25ae387a06d821b008f80a04495e6/elements - {"using":"xpath","value":"//button[@data-kt=\"addButton\"]"}
RESULT: {"using":"xpath","value":"//button[@data-kt=\"addButton\"]"}
COMMAND: POST /session/92e25ae387a06d821b008f80a04495e6/elements - {"using":"xpath","value":"//button[@data-kt=\"addButton\"]"}
RESULT: {"using":"xpath","value":"//button[@data-kt=\"addButton\"]"}
COMMAND: POST /session/92e25ae387a06d821b008f80a04495e6/elements - {"using":"xpath","value":"//button[@data-kt=\"addButton\"]"}
RESULT: {"using":"xpath","value":"//button[@data-kt=\"addButton\"]"}
COMMAND: POST /session/92e25ae387a06d821b008f80a04495e6/elements - {"using":"xpath","value":"//button[@data-kt=\"addButton\"]"}
RESULT: {"using":"xpath","value":"//button[@data-kt=\"addButton\"]"}
COMMAND: POST /session/92e25ae387a06d821b008f80a04495e6/elements - {"using":"xpath","value":"//button[@data-kt=\"addButton\"]"}
RESULT: {"using":"xpath","value":"//button[@data-kt=\"addButton\"]"}
COMMAND: POST /session/92e25ae387a06d821b008f80a04495e6/elements - {"using":"xpath","value":"//button[@data-kt=\"addButton\"]"}
RESULT: {"using":"xpath","value":"//button[@data-kt=\"addButton\"]"}
COMMAND: POST /session/92e25ae387a06d821b008f80a04495e6/elements - {"using":"xpath","value":"//button[@data-kt=\"addButton\"]"}
RESULT: {"using":"xpath","value":"//button[@data-kt=\"addButton\"]"}
COMMAND: POST /session/92e25ae387a06d821b008f80a04495e6/elements - {"using":"xpath","value":"//button[@data-kt=\"addButton\"]"}
RESULT: {"using":"xpath","value":"//button[@data-kt=\"addButton\"]"}
COMMAND: POST /session/92e25ae387a06d821b008f80a04495e6/elements - {"using":"xpath","value":"//button[@data-kt=\"addButton\"]"}
RESULT: {"using":"xpath","value":"//button[@data-kt=\"addButton\"]"}
COMMAND: POST /session/92e25ae387a06d821b008f80a04495e6/elements - {"using":"xpath","value":"//button[@data-kt=\"addButton\"]"}
RESULT: {"using":"xpath","value":"//button[@data-kt=\"addButton\"]"}
COMMAND: POST /session/92e25ae387a06d821b008f80a04495e6/elements - {"using":"xpath","value":"//button[@data-kt=\"addButton\"]"}
RESULT: {"using":"xpath","value":"//button[@data-kt=\"addButton\"]"}
COMMAND: POST /session/92e25ae387a06d821b008f80a04495e6/elements - {"using":"xpath","value":"//button[@data-kt=\"addButton\"]"}
RESULT: {"using":"xpath","value":"//button[@data-kt=\"addButton\"]"}
COMMAND: POST /session/92e25ae387a06d821b008f80a04495e6/elements - {"using":"xpath","value":"//button[@data-kt=\"addButton\"]"}
RESULT: {"using":"xpath","value":"//button[@data-kt=\"addButton\"]"}
COMMAND: POST /session/92e25ae387a06d821b008f80a04495e6/elements - {"using":"xpath","value":"//button[@data-kt=\"addButton\"]"}
RESULT: {"using":"xpath","value":"//button[@data-kt=\"addButton\"]"}
COMMAND: POST /session/92e25ae387a06d821b008f80a04495e6/elements - {"using":"xpath","value":"//button[@data-kt=\"addButton\"]"}
RESULT: {"using":"xpath","value":"//button[@data-kt=\"addButton\"]"}
COMMAND: POST /session/92e25ae387a06d821b008f80a04495e6/elements - {"using":"xpath","value":"//button[@data-kt=\"addButton\"]"}
RESULT: {"using":"xpath","value":"//button[@data-kt=\"addButton\"]"}
COMMAND: POST /session/92e25ae387a06d821b008f80a04495e6/elements - {"using":"xpath","value":"//button[@data-kt=\"addButton\"]"}
RESULT: {"using":"xpath","value":"//button[@data-kt=\"addButton\"]"}
COMMAND: POST /session/92e25ae387a06d821b008f80a04495e6/elements - {"using":"xpath","value":"//button[@data-kt=\"addButton\"]"}
RESULT: {"using":"xpath","value":"//button[@data-kt=\"addButton\"]"}
COMMAND: POST /session/92e25ae387a06d821b008f80a04495e6/elements - {"using":"xpath","value":"//button[@data-kt=\"addButton\"]"}
RESULT: {"using":"xpath","value":"//button[@data-kt=\"addButton\"]"}
COMMAND: POST /session/92e25ae387a06d821b008f80a04495e6/elements - {"using":"xpath","value":"//button[@data-kt=\"addButton\"]"}
RESULT: {"using":"xpath","value":"//button[@data-kt=\"addButton\"]"}
COMMAND: POST /session/92e25ae387a06d821b008f80a04495e6/elements - {"using":"xpath","value":"//button[@data-kt=\"addButton\"]"}
RESULT: {"using":"xpath","value":"//button[@data-kt=\"addButton\"]"}
COMMAND: POST /session/92e25ae387a06d821b008f80a04495e6/elements - {"using":"xpath","value":"//button[@data-kt=\"addButton\"]"}
RESULT: {"using":"xpath","value":"//button[@data-kt=\"addButton\"]"}
COMMAND: POST /session/92e25ae387a06d821b008f80a04495e6/elements - {"using":"xpath","value":"//button[@data-kt=\"addButton\"]"}
RESULT: {"using":"xpath","value":"//button[@data-kt=\"addButton\"]"}
COMMAND: POST /session/92e25ae387a06d821b008f80a04495e6/elements - {"using":"xpath","value":"//button[@data-kt=\"addButton\"]"}
RESULT: {"using":"xpath","value":"//button[@data-kt=\"addButton\"]"}
COMMAND: POST /session/92e25ae387a06d821b008f80a04495e6/elements - {"using":"xpath","value":"//button[@data-kt=\"addButton\"]"}
RESULT: {"using":"xpath","value":"//button[@data-kt=\"addButton\"]"}
COMMAND: POST /session/92e25ae387a06d821b008f80a04495e6/elements - {"using":"xpath","value":"//button[@data-kt=\"addButton\"]"}
RESULT: {"using":"xpath","value":"//button[@data-kt=\"addButton\"]"}
COMMAND: POST /session/92e25ae387a06d821b008f80a04495e6/elements - {"using":"xpath","value":"//button[@data-kt=\"addButton\"]"}
RESULT: {"using":"xpath","value":"//button[@data-kt=\"addButton\"]"}
COMMAND: POST /session/92e25ae387a06d821b008f80a04495e6/elements - {"using":"xpath","value":"//button[@data-kt=\"addButton\"]"}
RESULT: {"using":"xpath","value":"//button[@data-kt=\"addButton\"]"}
COMMAND: POST /session/92e25ae387a06d821b008f80a04495e6/elements - {"using":"xpath","value":"//button[@data-kt=\"addButton\"]"}
RESULT: {"using":"xpath","value":"//button[@data-kt=\"addButton\"]"}
COMMAND: POST /session/92e25ae387a06d821b008f80a04495e6/element - {"using":"xpath","value":"//button[@data-kt=\"addButton\"]"}
RESULT: {"using":"xpath","value":"//button[@data-kt=\"addButton\"]"}
COMMAND: POST /session/92e25ae387a06d821b008f80a04495e6/execute/sync - {"script":"<script> [8489 bytes]","args":[{"element-6066-11e4-a52e-4f735466cecf":"f.2AE10C335A97376731A182912FB7EE33.d.446F859C058652ED7E34153F802D4004.e.4598","ELEMENT":"f.2AE10C335A97376731A182912FB7EE33.d.446F859C058652ED7E34153F802D4004.e.4598"}]}
RESULT: {"script":"<script> [8489 bytes]","args":[{"element-6066-11e4-a52e-4f735466cecf":"f.2AE10C335A97376731A182912FB7EE33.d.446F859C058652ED7E34153F802D4004.e.4598","ELEMENT":"f.2AE10C335A97376731A182912FB7EE33.d.446F859C058652ED7E34153F802D4004.e.4598"}]}
COMMAND: GET /session/92e25ae387a06d821b008f80a04495e6/element/f.2AE10C335A97376731A182912FB7EE33.d.446F859C058652ED7E34153F802D4004.e.4598/enabled - {}
COMMAND: GET /session/92e25ae387a06d821b008f80a04495e6/screenshot - {}
RESULT: {}
COMMAND: POST /session/92e25ae387a06d821b008f80a04495e6/execute/sync - {"script":"<script> [8489 bytes]","args":[{"element-6066-11e4-a52e-4f735466cecf":"f.2AE10C335A97376731A182912FB7EE33.d.446F859C058652ED7E34153F802D4004.e.4598","ELEMENT":"f.2AE10C335A97376731A182912FB7EE33.d.446F859C058652ED7E34153F802D4004.e.4598"}]}
COMMAND: GET /session/92e25ae387a06d821b008f80a04495e6/screenshot - {}
RESULT: {}
RESULT: {"script":"<script> [8489 bytes]","args":[{"element-6066-11e4-a52e-4f735466cecf":"f.2AE10C335A97376731A182912FB7EE33.d.446F859C058652ED7E34153F802D4004.e.4598","ELEMENT":"f.2AE10C335A97376731A182912FB7EE33.d.446F859C058652ED7E34153F802D4004.e.4598"}]}
COMMAND: POST /session/92e25ae387a06d821b008f80a04495e6/execute/sync - {"script":"<script> [5351 bytes]","args":[{"element-6066-11e4-a52e-4f735466cecf":"f.2AE10C335A97376731A182912FB7EE33.d.446F859C058652ED7E34153F802D4004.e.4598","ELEMENT":"f.2AE10C335A97376731A182912FB7EE33.d.446F859C058652ED7E34153F802D4004.e.4598"}]}
COMMAND: GET /session/92e25ae387a06d821b008f80a04495e6/screenshot - {}
RESULT: {}
RESULT: {"script":"<script> [5351 bytes]","args":[{"element-6066-11e4-a52e-4f735466cecf":"f.2AE10C335A97376731A182912FB7EE33.d.446F859C058652ED7E34153F802D4004.e.4598","ELEMENT":"f.2AE10C335A97376731A182912FB7EE33.d.446F859C058652ED7E34153F802D4004.e.4598"}]}
COMMAND: POST /session/92e25ae387a06d821b008f80a04495e6/element/f.2AE10C335A97376731A182912FB7EE33.d.446F859C058652ED7E34153F802D4004.e.4598/click - {}
COMMAND: GET /session/92e25ae387a06d821b008f80a04495e6/screenshot - {}
RESULT: {}
RESULT: {}
COMMAND: GET /session/92e25ae387a06d821b008f80a04495e6/screenshot - {}
COMMAND: POST /session/92e25ae387a06d821b008f80a04495e6/execute/async - {"script":"<script> [1562 bytes]","args":[{"selector":{"id":"application-managepartners-display-component---NewPartner--addressDetailDetailsName1","interaction":{"idSuffix":"inner"}},"wdio_ui5_key":"applicationmanagepartners-display-component---NewPartner--addressDetailDetailsName1"}]}
RESULT: {}
RESULT: {}
RESULT: {"script":"<script> [1562 bytes]","args":[{"selector":{"id":"application-managepartners-display-component---NewPartner--addressDetailDetailsName1","interaction":{"idSuffix":"inner"}},"wdio_ui5_key":"applicationmanagepartners-display-component---NewPartner--addressDetailDetailsName1"}]}
RESULT: undefined
COMMAND: POST /session/92e25ae387a06d821b008f80a04495e6/execute/async - {"script":"<script> [776 bytes]","args":[{"enterText":"Intracompany Partner WDIO","selector":{"id":"application-managepartners-display-component---NewPartner--addressDetailDetailsName1","interaction":{"idSuffix":"inner"}},"clearTextFirst":true,"interactionType":"ENTER_TEXT"}]}
RESULT: {"script":"<script> [776 bytes]","args":[{"enterText":"Intracompany Partner WDIO","selector":{"id":"application-managepartners-display-component---NewPartner--addressDetailDetailsName1","interaction":{"idSuffix":"inner"}},"clearTextFirst":true,"interactionType":"ENTER_TEXT"}]}
COMMAND: POST /session/92e25ae387a06d821b008f80a04495e6/execute/async - {"script":"<script> [1562 bytes]","args":[{"selector":{"id":"application-managepartners-display-component---NewPartner--addressDetailDetailsLanguage-arrow"},"wdio_ui5_key":"applicationmanagepartners-display-component---NewPartner--addressDetailDetailsLanguage-arrow"}]}
RESULT: {"script":"<script> [1562 bytes]","args":[{"selector":{"id":"application-managepartners-display-component---NewPartner--addressDetailDetailsLanguage-arrow"},"wdio_ui5_key":"applicationmanagepartners-display-component---NewPartner--addressDetailDetailsLanguage-arrow"}]}
RESULT: undefined
COMMAND: POST /session/92e25ae387a06d821b008f80a04495e6/element - {"using":"xpath","value":"//*[@id=\"application-managepartners-display-component---NewPartner--addressDetailDetailsLanguage-arrow\"]"}
RESULT: {"using":"xpath","value":"//*[@id=\"application-managepartners-display-component---NewPartner--addressDetailDetailsLanguage-arrow\"]"}
COMMAND: POST /session/92e25ae387a06d821b008f80a04495e6/element/f.2AE10C335A97376731A182912FB7EE33.d.446F859C058652ED7E34153F802D4004.e.5048/click - {}
RESULT: {}
COMMAND: POST /session/92e25ae387a06d821b008f80a04495e6/element - {"using":"xpath","value":"//span[contains(text(), \"English\")]"}
COMMAND: GET /session/92e25ae387a06d821b008f80a04495e6/screenshot - {}
RESULT: {"using":"xpath","value":"//span[contains(text(), \"English\")]"}
COMMAND: POST /session/92e25ae387a06d821b008f80a04495e6/element/f.2AE10C335A97376731A182912FB7EE33.d.446F859C058652ED7E34153F802D4004.e.5049/click - {}
RESULT: {}
RESULT: {}
COMMAND: GET /session/92e25ae387a06d821b008f80a04495e6/screenshot - {}
RESULT: {}
COMMAND: POST /session/92e25ae387a06d821b008f80a04495e6/execute/async - {"script":"<script> [1562 bytes]","args":[{"selector":{"id":"application-managepartners-display-component---NewPartner--addressDetailDetailsCity1","interaction":{"idSuffix":"inner"}},"wdio_ui5_key":"applicationmanagepartners-display-component---NewPartner--addressDetailDetailsCity1"}]}
RESULT: {"script":"<script> [1562 bytes]","args":[{"selector":{"id":"application-managepartners-display-component---NewPartner--addressDetailDetailsCity1","interaction":{"idSuffix":"inner"}},"wdio_ui5_key":"applicationmanagepartners-display-component---NewPartner--addressDetailDetailsCity1"}]}
RESULT: undefined
COMMAND: POST /session/92e25ae387a06d821b008f80a04495e6/execute/async - {"script":"<script> [776 bytes]","args":[{"enterText":"Rosario","selector":{"id":"application-managepartners-display-component---NewPartner--addressDetailDetailsCity1","interaction":{"idSuffix":"inner"}},"clearTextFirst":true,"interactionType":"ENTER_TEXT"}]}
RESULT: {"script":"<script> [776 bytes]","args":[{"enterText":"Rosario","selector":{"id":"application-managepartners-display-component---NewPartner--addressDetailDetailsCity1","interaction":{"idSuffix":"inner"}},"clearTextFirst":true,"interactionType":"ENTER_TEXT"}]}
COMMAND: POST /session/92e25ae387a06d821b008f80a04495e6/execute/async - {"script":"<script> [1562 bytes]","args":[{"selector":{"id":"application-managepartners-display-component---NewPartner--addressDetailDetailsCountry-arrow"},"wdio_ui5_key":"applicationmanagepartners-display-component---NewPartner--addressDetailDetailsCountry-arrow"}]}
RESULT: {"script":"<script> [1562 bytes]","args":[{"selector":{"id":"application-managepartners-display-component---NewPartner--addressDetailDetailsCountry-arrow"},"wdio_ui5_key":"applicationmanagepartners-display-component---NewPartner--addressDetailDetailsCountry-arrow"}]}
RESULT: undefined
COMMAND: POST /session/92e25ae387a06d821b008f80a04495e6/element - {"using":"xpath","value":"//*[@id=\"application-managepartners-display-component---NewPartner--addressDetailDetailsCountry-arrow\"]"}
RESULT: {"using":"xpath","value":"//*[@id=\"application-managepartners-display-component---NewPartner--addressDetailDetailsCountry-arrow\"]"}
COMMAND: POST /session/92e25ae387a06d821b008f80a04495e6/element/f.2AE10C335A97376731A182912FB7EE33.d.446F859C058652ED7E34153F802D4004.e.5035/click - {}
RESULT: {}
COMMAND: POST /session/92e25ae387a06d821b008f80a04495e6/element - {"using":"xpath","value":"//span[contains(text(), \"Argentina\")]"}
COMMAND: GET /session/92e25ae387a06d821b008f80a04495e6/screenshot - {}
RESULT: {"using":"xpath","value":"//span[contains(text(), \"Argentina\")]"}
COMMAND: POST /session/92e25ae387a06d821b008f80a04495e6/element/f.2AE10C335A97376731A182912FB7EE33.d.446F859C058652ED7E34153F802D4004.e.5051/click - {}
RESULT: {}
RESULT: {}
COMMAND: GET /session/92e25ae387a06d821b008f80a04495e6/screenshot - {}
RESULT: {}
COMMAND: POST /session/92e25ae387a06d821b008f80a04495e6/element - {"using":"xpath","value":"//bdi[contains(text(), \"Commercial\")]"}
RESULT: {"using":"xpath","value":"//bdi[contains(text(), \"Commercial\")]"}
COMMAND: POST /session/92e25ae387a06d821b008f80a04495e6/element/f.2AE10C335A97376731A182912FB7EE33.d.446F859C058652ED7E34153F802D4004.e.5052/click - {}
RESULT: {}
COMMAND: GET /session/92e25ae387a06d821b008f80a04495e6/screenshot - {}
RESULT: {}
COMMAND: POST /session/92e25ae387a06d821b008f80a04495e6/execute/async - {"script":"<script> [1562 bytes]","args":[{"selector":{"id":"application-managepartners-display-component---NewPartner--partnerDetailInternal-arrow"},"wdio_ui5_key":"applicationmanagepartners-display-component---NewPartner--partnerDetailInternal-arrow"}]}
RESULT: {"script":"<script> [1562 bytes]","args":[{"selector":{"id":"application-managepartners-display-component---NewPartner--partnerDetailInternal-arrow"},"wdio_ui5_key":"applicationmanagepartners-display-component---NewPartner--partnerDetailInternal-arrow"}]}
RESULT: undefined
COMMAND: POST /session/92e25ae387a06d821b008f80a04495e6/element - {"using":"xpath","value":"//*[@id=\"application-managepartners-display-component---NewPartner--partnerDetailInternal-arrow\"]"}
RESULT: {"using":"xpath","value":"//*[@id=\"application-managepartners-display-component---NewPartner--partnerDetailInternal-arrow\"]"}
COMMAND: POST /session/92e25ae387a06d821b008f80a04495e6/element/f.2AE10C335A97376731A182912FB7EE33.d.446F859C058652ED7E34153F802D4004.e.5060/click - {}
RESULT: {}
COMMAND: POST /session/92e25ae387a06d821b008f80a04495e6/element - {"using":"xpath","value":"//span[contains(text(), \"Affiliated company\")]"}
COMMAND: GET /session/92e25ae387a06d821b008f80a04495e6/screenshot - {}
RESULT: {"using":"xpath","value":"//span[contains(text(), \"Affiliated company\")]"}
COMMAND: POST /session/92e25ae387a06d821b008f80a04495e6/element/f.2AE10C335A97376731A182912FB7EE33.d.446F859C058652ED7E34153F802D4004.e.5061/click - {}
RESULT: {}
RESULT: {}
COMMAND: POST /session/92e25ae387a06d821b008f80a04495e6/execute/async - {"script":"<script> [1562 bytes]","args":[{"selector":{"id":"application-managepartners-display-component---NewPartner--partnerDetailsCurrency-arrow"},"wdio_ui5_key":"applicationmanagepartners-display-component---NewPartner--partnerDetailsCurrency-arrow"}]}
COMMAND: GET /session/92e25ae387a06d821b008f80a04495e6/screenshot - {}
RESULT: {"script":"<script> [1562 bytes]","args":[{"selector":{"id":"application-managepartners-display-component---NewPartner--partnerDetailsCurrency-arrow"},"wdio_ui5_key":"applicationmanagepartners-display-component---NewPartner--partnerDetailsCurrency-arrow"}]}
RESULT: undefined
COMMAND: POST /session/92e25ae387a06d821b008f80a04495e6/element - {"using":"xpath","value":"//*[@id=\"application-managepartners-display-component---NewPartner--partnerDetailsCurrency-arrow\"]"}
RESULT: {}
RESULT: {"using":"xpath","value":"//*[@id=\"application-managepartners-display-component---NewPartner--partnerDetailsCurrency-arrow\"]"}
COMMAND: POST /session/92e25ae387a06d821b008f80a04495e6/element/f.2AE10C335A97376731A182912FB7EE33.d.446F859C058652ED7E34153F802D4004.e.5068/click - {}
RESULT: {}
COMMAND: POST /session/92e25ae387a06d821b008f80a04495e6/element - {"using":"xpath","value":"//span[contains(text(), \"Euro\")]"}
COMMAND: GET /session/92e25ae387a06d821b008f80a04495e6/screenshot - {}
RESULT: {"using":"xpath","value":"//span[contains(text(), \"Euro\")]"}
COMMAND: POST /session/92e25ae387a06d821b008f80a04495e6/element/f.2AE10C335A97376731A182912FB7EE33.d.446F859C058652ED7E34153F802D4004.e.5069/click - {}
RESULT: {}
RESULT: {}
COMMAND: POST /session/92e25ae387a06d821b008f80a04495e6/execute/async - {"script":"<script> [1562 bytes]","args":[{"selector":{"id":"application-managepartners-display-component---NewPartner--addressEditDetailsCostObjectCstType-arrow"},"wdio_ui5_key":"applicationmanagepartners-display-component---NewPartner--addressEditDetailsCostObjectCstType-arrow"}]}
COMMAND: GET /session/92e25ae387a06d821b008f80a04495e6/screenshot - {}
RESULT: {"script":"<script> [1562 bytes]","args":[{"selector":{"id":"application-managepartners-display-component---NewPartner--addressEditDetailsCostObjectCstType-arrow"},"wdio_ui5_key":"applicationmanagepartners-display-component---NewPartner--addressEditDetailsCostObjectCstType-arrow"}]}
RESULT: undefined
COMMAND: POST /session/92e25ae387a06d821b008f80a04495e6/element - {"using":"xpath","value":"//*[@id=\"application-managepartners-display-component---NewPartner--addressEditDetailsCostObjectCstType-arrow\"]"}
RESULT: {}
RESULT: {"using":"xpath","value":"//*[@id=\"application-managepartners-display-component---NewPartner--addressEditDetailsCostObjectCstType-arrow\"]"}
COMMAND: POST /session/92e25ae387a06d821b008f80a04495e6/element/f.2AE10C335A97376731A182912FB7EE33.d.446F859C058652ED7E34153F802D4004.e.5070/click - {}
RESULT: {}
COMMAND: POST /session/92e25ae387a06d821b008f80a04495e6/element - {"using":"xpath","value":"//span[contains(text(), \"Cost Center\")]"}
COMMAND: GET /session/92e25ae387a06d821b008f80a04495e6/screenshot - {}
RESULT: {"using":"xpath","value":"//span[contains(text(), \"Cost Center\")]"}
COMMAND: POST /session/92e25ae387a06d821b008f80a04495e6/element/f.2AE10C335A97376731A182912FB7EE33.d.446F859C058652ED7E34153F802D4004.e.5071/click - {}
RESULT: {}
RESULT: {}
COMMAND: GET /session/92e25ae387a06d821b008f80a04495e6/screenshot - {}
RESULT: {}
COMMAND: POST /session/92e25ae387a06d821b008f80a04495e6/element - {"using":"xpath","value":"//span[@id=\"application-managepartners-display-component---NewPartner--addressNewCostObjectCstID-vhi\"]"}
RESULT: {"using":"xpath","value":"//span[@id=\"application-managepartners-display-component---NewPartner--addressNewCostObjectCstID-vhi\"]"}
COMMAND: POST /session/92e25ae387a06d821b008f80a04495e6/execute/sync - {"script":"<script> [8489 bytes]","args":[{"element-6066-11e4-a52e-4f735466cecf":"f.2AE10C335A97376731A182912FB7EE33.d.446F859C058652ED7E34153F802D4004.e.5075","ELEMENT":"f.2AE10C335A97376731A182912FB7EE33.d.446F859C058652ED7E34153F802D4004.e.5075"}]}
RESULT: {"script":"<script> [8489 bytes]","args":[{"element-6066-11e4-a52e-4f735466cecf":"f.2AE10C335A97376731A182912FB7EE33.d.446F859C058652ED7E34153F802D4004.e.5075","ELEMENT":"f.2AE10C335A97376731A182912FB7EE33.d.446F859C058652ED7E34153F802D4004.e.5075"}]}
COMMAND: POST /session/92e25ae387a06d821b008f80a04495e6/execute/async - {"script":"<script> [1562 bytes]","args":[{"selector":{"id":"application-managepartners-display-component---NewPartner--addressNewCostObjectCstID-vhi"},"wdio_ui5_key":"applicationmanagepartners-display-component---NewPartner--addressNewCostObjectCstID-vhi"}]}
COMMAND: GET /session/92e25ae387a06d821b008f80a04495e6/screenshot - {}
RESULT: {"script":"<script> [1562 bytes]","args":[{"selector":{"id":"application-managepartners-display-component---NewPartner--addressNewCostObjectCstID-vhi"},"wdio_ui5_key":"applicationmanagepartners-display-component---NewPartner--addressNewCostObjectCstID-vhi"}]}
RESULT: undefined
COMMAND: POST /session/92e25ae387a06d821b008f80a04495e6/element - {"using":"xpath","value":"//*[@id=\"application-managepartners-display-component---NewPartner--addressNewCostObjectCstID-vhi\"]"}
RESULT: {}
RESULT: {"using":"xpath","value":"//*[@id=\"application-managepartners-display-component---NewPartner--addressNewCostObjectCstID-vhi\"]"}
COMMAND: POST /session/92e25ae387a06d821b008f80a04495e6/element/f.2AE10C335A97376731A182912FB7EE33.d.446F859C058652ED7E34153F802D4004.e.5075/click - {}
RESULT: {}
COMMAND: GET /session/92e25ae387a06d821b008f80a04495e6/screenshot - {}
RESULT: {}
COMMAND: POST /session/92e25ae387a06d821b008f80a04495e6/execute/async - {"script":"<script> [1562 bytes]","args":[{"selector":{"controlType":"sap.m.SearchField","properties":{"placeholder":"Search"},"searchOpenDialogs":true,"interaction":{"idSuffix":"I"}},"wdio_ui5_key":"sapm.SearchField{\"placeholder\":\"Search\"}"}]}
RESULT: {"script":"<script> [1562 bytes]","args":[{"selector":{"controlType":"sap.m.SearchField","properties":{"placeholder":"Search"},"searchOpenDialogs":true,"interaction":{"idSuffix":"I"}},"wdio_ui5_key":"sapm.SearchField{\"placeholder\":\"Search\"}"}]}
RESULT: undefined
COMMAND: POST /session/92e25ae387a06d821b008f80a04495e6/execute/async - {"script":"<script> [776 bytes]","args":[{"enterText":"10001013","selector":{"controlType":"sap.m.SearchField","properties":{"placeholder":"Search"},"searchOpenDialogs":true,"interaction":{"idSuffix":"I"}},"clearTextFirst":true,"interactionType":"ENTER_TEXT"}]}
RESULT: {"script":"<script> [776 bytes]","args":[{"enterText":"10001013","selector":{"controlType":"sap.m.SearchField","properties":{"placeholder":"Search"},"searchOpenDialogs":true,"interaction":{"idSuffix":"I"}},"clearTextFirst":true,"interactionType":"ENTER_TEXT"}]}
COMMAND: POST /session/92e25ae387a06d821b008f80a04495e6/actions - {"actions":[{"id":"action12","type":"key","parameters":{},"actions":[{"type":"keyDown","value":"î€‡"},{"type":"pause","duration":10},{"type":"keyUp","value":"î€‡"}]}]}
RESULT: {"actions":[{"id":"action12","type":"key","parameters":{},"actions":[{"type":"keyDown","value":"î€‡"},{"type":"pause","duration":10},{"type":"keyUp","value":"î€‡"}]}]}
COMMAND: GET /session/92e25ae387a06d821b008f80a04495e6/screenshot - {}
RESULT: {}
COMMAND: POST /session/92e25ae387a06d821b008f80a04495e6/element - {"using":"xpath","value":"//span[contains(text(), \"General Management\")]"}
RESULT: {"using":"xpath","value":"//span[contains(text(), \"General Management\")]"}
COMMAND: POST /session/92e25ae387a06d821b008f80a04495e6/element/f.2AE10C335A97376731A182912FB7EE33.d.446F859C058652ED7E34153F802D4004.e.5116/click - {}
RESULT: {}
COMMAND: GET /session/92e25ae387a06d821b008f80a04495e6/screenshot - {}
RESULT: {}
COMMAND: POST /session/92e25ae387a06d821b008f80a04495e6/element - {"using":"xpath","value":"//bdi[contains(text(), \"OK\")]"}
RESULT: {"using":"xpath","value":"//bdi[contains(text(), \"OK\")]"}
COMMAND: POST /session/92e25ae387a06d821b008f80a04495e6/element/f.2AE10C335A97376731A182912FB7EE33.d.446F859C058652ED7E34153F802D4004.e.5117/click - {}
RESULT: {}
COMMAND: GET /session/92e25ae387a06d821b008f80a04495e6/screenshot - {}
RESULT: {}
COMMAND: POST /session/92e25ae387a06d821b008f80a04495e6/element - {"using":"xpath","value":"//input[@id=\"application-managepartners-display-component---NewPartner--companyCodeComboBox-inner\"]"}
RESULT: {"using":"xpath","value":"//input[@id=\"application-managepartners-display-component---NewPartner--companyCodeComboBox-inner\"]"}
COMMAND: POST /session/92e25ae387a06d821b008f80a04495e6/element/f.2AE10C335A97376731A182912FB7EE33.d.446F859C058652ED7E34153F802D4004.e.4969/clear - {}
RESULT: {}
COMMAND: POST /session/92e25ae387a06d821b008f80a04495e6/element/f.2AE10C335A97376731A182912FB7EE33.d.446F859C058652ED7E34153F802D4004.e.4969/value - {"text":"1000"}
COMMAND: GET /session/92e25ae387a06d821b008f80a04495e6/screenshot - {}
RESULT: {"text":"1000"}
COMMAND: GET /session/92e25ae387a06d821b008f80a04495e6/screenshot - {}
RESULT: {}
RESULT: {}
COMMAND: POST /session/92e25ae387a06d821b008f80a04495e6/element - {"using":"xpath","value":"//li[.//span[text()= \"1000\"]]"}
RESULT: {"using":"xpath","value":"//li[.//span[text()= \"1000\"]]"}
COMMAND: POST /session/92e25ae387a06d821b008f80a04495e6/element/f.2AE10C335A97376731A182912FB7EE33.d.446F859C058652ED7E34153F802D4004.e.5123/click - {}
RESULT: {}
COMMAND: GET /session/92e25ae387a06d821b008f80a04495e6/screenshot - {}
RESULT: {}
COMMAND: POST /session/92e25ae387a06d821b008f80a04495e6/execute/async - {"script":"<script> [1562 bytes]","args":[{"selector":{"id":"application-managepartners-display-component---NewPartner--btnAddTableRow-img"},"wdio_ui5_key":"applicationmanagepartners-display-component---NewPartner--btnAddTableRow-img"}]}
RESULT: {"script":"<script> [1562 bytes]","args":[{"selector":{"id":"application-managepartners-display-component---NewPartner--btnAddTableRow-img"},"wdio_ui5_key":"applicationmanagepartners-display-component---NewPartner--btnAddTableRow-img"}]}
RESULT: undefined
COMMAND: POST /session/92e25ae387a06d821b008f80a04495e6/element - {"using":"xpath","value":"//*[@id=\"application-managepartners-display-component---NewPartner--btnAddTableRow-img\"]"}
RESULT: {"using":"xpath","value":"//*[@id=\"application-managepartners-display-component---NewPartner--btnAddTableRow-img\"]"}
COMMAND: POST /session/92e25ae387a06d821b008f80a04495e6/element/f.2AE10C335A97376731A182912FB7EE33.d.446F859C058652ED7E34153F802D4004.e.5124/click - {}
RESULT: {}
COMMAND: GET /session/92e25ae387a06d821b008f80a04495e6/screenshot - {}
RESULT: {}
COMMAND: POST /session/92e25ae387a06d821b008f80a04495e6/element - {"using":"xpath","value":"//input[@id=\"application-managepartners-display-component---NewPartner--assignmentYard-application-managepartners-display-component---NewPartner--assignmentsTable-0-inner\"]"}
RESULT: {"using":"xpath","value":"//input[@id=\"application-managepartners-display-component---NewPartner--assignmentYard-application-managepartners-display-component---NewPartner--assignmentsTable-0-inner\"]"}
COMMAND: POST /session/92e25ae387a06d821b008f80a04495e6/element/f.2AE10C335A97376731A182912FB7EE33.d.446F859C058652ED7E34153F802D4004.e.5127/clear - {}
RESULT: {}
COMMAND: POST /session/92e25ae387a06d821b008f80a04495e6/element/f.2AE10C335A97376731A182912FB7EE33.d.446F859C058652ED7E34153F802D4004.e.5127/value - {"text":"275"}
COMMAND: GET /session/92e25ae387a06d821b008f80a04495e6/screenshot - {}
RESULT: {"text":"275"}
COMMAND: GET /session/92e25ae387a06d821b008f80a04495e6/screenshot - {}
RESULT: {}
RESULT: {}
COMMAND: POST /session/92e25ae387a06d821b008f80a04495e6/element - {"using":"xpath","value":"//li[.//span[text()='275']]"}
RESULT: {"using":"xpath","value":"//li[.//span[text()='275']]"}
COMMAND: POST /session/92e25ae387a06d821b008f80a04495e6/element/f.2AE10C335A97376731A182912FB7EE33.d.446F859C058652ED7E34153F802D4004.e.5136/click - {}
RESULT: {}
COMMAND: GET /session/92e25ae387a06d821b008f80a04495e6/screenshot - {}
RESULT: {}
COMMAND: POST /session/92e25ae387a06d821b008f80a04495e6/actions - {"actions":[{"id":"action13","type":"key","parameters":{},"actions":[{"type":"keyDown","value":"î€‡"},{"type":"pause","duration":10},{"type":"keyUp","value":"î€‡"}]}]}
RESULT: {"actions":[{"id":"action13","type":"key","parameters":{},"actions":[{"type":"keyDown","value":"î€‡"},{"type":"pause","duration":10},{"type":"keyUp","value":"î€‡"}]}]}
COMMAND: POST /session/92e25ae387a06d821b008f80a04495e6/execute/async - {"script":"<script> [1562 bytes]","args":[{"selector":{"id":"application-managepartners-display-component---NewPartner--externalCustomerComboBox-application-managepartners-display-component---NewPartner--assignmentsTable-0-vhi"},"wdio_ui5_key":"applicationmanagepartners-display-component---NewPartner--externalCustomerComboBox-application-managepartners-display-component---NewPartner--assignmentsTable-0-vhi"}]}
COMMAND: GET /session/92e25ae387a06d821b008f80a04495e6/screenshot - {}
RESULT: {"script":"<script> [1562 bytes]","args":[{"selector":{"id":"application-managepartners-display-component---NewPartner--externalCustomerComboBox-application-managepartners-display-component---NewPartner--assignmentsTable-0-vhi"},"wdio_ui5_key":"applicationmanagepartners-display-component---NewPartner--externalCustomerComboBox-application-managepartners-display-component---NewPartner--assignmentsTable-0-vhi"}]}
RESULT: undefined
COMMAND: POST /session/92e25ae387a06d821b008f80a04495e6/element - {"using":"xpath","value":"//*[@id=\"application-managepartners-display-component---NewPartner--externalCustomerComboBox-application-managepartners-display-component---NewPartner--assignmentsTable-0-vhi\"]"}
RESULT: {}
RESULT: {"using":"xpath","value":"//*[@id=\"application-managepartners-display-component---NewPartner--externalCustomerComboBox-application-managepartners-display-component---NewPartner--assignmentsTable-0-vhi\"]"}
COMMAND: POST /session/92e25ae387a06d821b008f80a04495e6/element/f.2AE10C335A97376731A182912FB7EE33.d.446F859C058652ED7E34153F802D4004.e.5140/click - {}
RESULT: {}
RESULT: undefined
COMMAND: POST /session/92e25ae387a06d821b008f80a04495e6/execute/async - {"script":"<script> [776 bytes]","args":[{"enterText":"300003","selector":{"controlType":"sap.m.SearchField","properties":{"placeholder":"Search"},"searchOpenDialogs":true,"interaction":{"idSuffix":"I"}},"clearTextFirst":true,"interactionType":"ENTER_TEXT"}]}
COMMAND: GET /session/92e25ae387a06d821b008f80a04495e6/screenshot - {}
RESULT: {"script":"<script> [776 bytes]","args":[{"enterText":"300003","selector":{"controlType":"sap.m.SearchField","properties":{"placeholder":"Search"},"searchOpenDialogs":true,"interaction":{"idSuffix":"I"}},"clearTextFirst":true,"interactionType":"ENTER_TEXT"}]}
COMMAND: POST /session/92e25ae387a06d821b008f80a04495e6/actions - {"actions":[{"id":"action14","type":"key","parameters":{},"actions":[{"type":"keyDown","value":"î€‡"},{"type":"pause","duration":10},{"type":"keyUp","value":"î€‡"}]}]}
RESULT: {}
RESULT: {"actions":[{"id":"action14","type":"key","parameters":{},"actions":[{"type":"keyDown","value":"î€‡"},{"type":"pause","duration":10},{"type":"keyUp","value":"î€‡"}]}]}
COMMAND: GET /session/92e25ae387a06d821b008f80a04495e6/screenshot - {}
RESULT: {}
COMMAND: POST /session/92e25ae387a06d821b008f80a04495e6/element - {"using":"xpath","value":"//span[contains(text(), \"300003\")]"}
RESULT: {"using":"xpath","value":"//span[contains(text(), \"300003\")]"}
COMMAND: POST /session/92e25ae387a06d821b008f80a04495e6/element/f.2AE10C335A97376731A182912FB7EE33.d.446F859C058652ED7E34153F802D4004.e.5159/click - {}
RESULT: {}
COMMAND: GET /session/92e25ae387a06d821b008f80a04495e6/screenshot - {}
RESULT: {}
COMMAND: POST /session/92e25ae387a06d821b008f80a04495e6/element - {"using":"xpath","value":"//bdi[contains(text(), \"OK\")]"}
RESULT: {"using":"xpath","value":"//bdi[contains(text(), \"OK\")]"}
COMMAND: POST /session/92e25ae387a06d821b008f80a04495e6/element/f.2AE10C335A97376731A182912FB7EE33.d.446F859C058652ED7E34153F802D4004.e.5161/click - {}
RESULT: {}
COMMAND: GET /session/92e25ae387a06d821b008f80a04495e6/screenshot - {}
RESULT: {}
COMMAND: POST /session/92e25ae387a06d821b008f80a04495e6/execute/async - {"script":"<script> [1562 bytes]","args":[{"selector":{"id":"application-managepartners-display-component---NewPartner--intercompVendorComboBox-application-managepartners-display-component---NewPartner--assignmentsTable-0-vhi"},"wdio_ui5_key":"applicationmanagepartners-display-component---NewPartner--intercompVendorComboBox-application-managepartners-display-component---NewPartner--assignmentsTable-0-vhi"}]}
RESULT: {"script":"<script> [1562 bytes]","args":[{"selector":{"id":"application-managepartners-display-component---NewPartner--intercompVendorComboBox-application-managepartners-display-component---NewPartner--assignmentsTable-0-vhi"},"wdio_ui5_key":"applicationmanagepartners-display-component---NewPartner--intercompVendorComboBox-application-managepartners-display-component---NewPartner--assignmentsTable-0-vhi"}]}
RESULT: undefined
COMMAND: POST /session/92e25ae387a06d821b008f80a04495e6/element - {"using":"xpath","value":"//*[@id=\"application-managepartners-display-component---NewPartner--intercompVendorComboBox-application-managepartners-display-component---NewPartner--assignmentsTable-0-vhi\"]"}
RESULT: {"using":"xpath","value":"//*[@id=\"application-managepartners-display-component---NewPartner--intercompVendorComboBox-application-managepartners-display-component---NewPartner--assignmentsTable-0-vhi\"]"}
COMMAND: POST /session/92e25ae387a06d821b008f80a04495e6/element/f.2AE10C335A97376731A182912FB7EE33.d.446F859C058652ED7E34153F802D4004.e.5164/click - {}
RESULT: {}
RESULT: undefined
COMMAND: POST /session/92e25ae387a06d821b008f80a04495e6/execute/async - {"script":"<script> [776 bytes]","args":[{"enterText":"100005","selector":{"controlType":"sap.m.SearchField","properties":{"placeholder":"Search"},"searchOpenDialogs":true,"interaction":{"idSuffix":"I"}},"clearTextFirst":true,"interactionType":"ENTER_TEXT"}]}
COMMAND: GET /session/92e25ae387a06d821b008f80a04495e6/screenshot - {}
RESULT: {"script":"<script> [776 bytes]","args":[{"enterText":"100005","selector":{"controlType":"sap.m.SearchField","properties":{"placeholder":"Search"},"searchOpenDialogs":true,"interaction":{"idSuffix":"I"}},"clearTextFirst":true,"interactionType":"ENTER_TEXT"}]}
COMMAND: POST /session/92e25ae387a06d821b008f80a04495e6/actions - {"actions":[{"id":"action15","type":"key","parameters":{},"actions":[{"type":"keyDown","value":"î€‡"},{"type":"pause","duration":10},{"type":"keyUp","value":"î€‡"}]}]}
RESULT: {}
RESULT: {"actions":[{"id":"action15","type":"key","parameters":{},"actions":[{"type":"keyDown","value":"î€‡"},{"type":"pause","duration":10},{"type":"keyUp","value":"î€‡"}]}]}
COMMAND: GET /session/92e25ae387a06d821b008f80a04495e6/screenshot - {}
RESULT: {}
COMMAND: POST /session/92e25ae387a06d821b008f80a04495e6/element - {"using":"xpath","value":"//span[contains(text(), \"Penguins - Field/12345 Berlin\")]"}
RESULT: {"using":"xpath","value":"//span[contains(text(), \"Penguins - Field/12345 Berlin\")]"}
COMMAND: POST /session/92e25ae387a06d821b008f80a04495e6/element/f.2AE10C335A97376731A182912FB7EE33.d.446F859C058652ED7E34153F802D4004.e.5182/click - {}
RESULT: {}
COMMAND: GET /session/92e25ae387a06d821b008f80a04495e6/screenshot - {}
RESULT: {}
COMMAND: POST /session/92e25ae387a06d821b008f80a04495e6/element - {"using":"xpath","value":"//bdi[contains(text(), \"OK\")]"}
RESULT: {"using":"xpath","value":"//bdi[contains(text(), \"OK\")]"}
COMMAND: POST /session/92e25ae387a06d821b008f80a04495e6/element/f.2AE10C335A97376731A182912FB7EE33.d.446F859C058652ED7E34153F802D4004.e.5183/click - {}
RESULT: {}
COMMAND: GET /session/92e25ae387a06d821b008f80a04495e6/screenshot - {}
RESULT: {}
COMMAND: POST /session/92e25ae387a06d821b008f80a04495e6/element - {"using":"xpath","value":"//button[@data-kt=\"saveButton\"]"}
RESULT: {"using":"xpath","value":"//button[@data-kt=\"saveButton\"]"}
COMMAND: POST /session/92e25ae387a06d821b008f80a04495e6/element/f.2AE10C335A97376731A182912FB7EE33.d.446F859C058652ED7E34153F802D4004.e.4974/click - {}
RESULT: {}
COMMAND: GET /session/92e25ae387a06d821b008f80a04495e6/screenshot - {}
RESULT: {}
COMMAND: POST /session/92e25ae387a06d821b008f80a04495e6/element - {"using":"xpath","value":"//header[contains(@id, 'ObjectPageLayout-headerTitle')]/div[1]/div[2]/div[2]/span[1]"}
RESULT: {"using":"xpath","value":"//header[contains(@id, 'ObjectPageLayout-headerTitle')]/div[1]/div[2]/div[2]/span[1]"}
COMMAND: POST /session/92e25ae387a06d821b008f80a04495e6/elements - {"using":"xpath","value":"//header[contains(@id, 'ObjectPageLayout-headerTitle')]/div[1]/div[2]/div[2]/span[1]"}
RESULT: {"using":"xpath","value":"//header[contains(@id, 'ObjectPageLayout-headerTitle')]/div[1]/div[2]/div[2]/span[1]"}
COMMAND: POST /session/92e25ae387a06d821b008f80a04495e6/execute/sync - {"script":"<script> [56 bytes]","args":[{"element-6066-11e4-a52e-4f735466cecf":"f.2AE10C335A97376731A182912FB7EE33.d.446F859C058652ED7E34153F802D4004.e.5350","ELEMENT":"f.2AE10C335A97376731A182912FB7EE33.d.446F859C058652ED7E34153F802D4004.e.5350"}]}
RESULT: {"script":"<script> [56 bytes]","args":[{"element-6066-11e4-a52e-4f735466cecf":"f.2AE10C335A97376731A182912FB7EE33.d.446F859C058652ED7E34153F802D4004.e.5350","ELEMENT":"f.2AE10C335A97376731A182912FB7EE33.d.446F859C058652ED7E34153F802D4004.e.5350"}]}
COMMAND: POST /session/92e25ae387a06d821b008f80a04495e6/element - {"using":"css selector","value":"#shell-header-logo"}
COMMAND: GET /session/92e25ae387a06d821b008f80a04495e6/screenshot - {}
RESULT: {"using":"css selector","value":"#shell-header-logo"}
COMMAND: POST /session/92e25ae387a06d821b008f80a04495e6/element/f.2AE10C335A97376731A182912FB7EE33.d.446F859C058652ED7E34153F802D4004.e.4562/click - {}
RESULT: {}
RESULT: {}
COMMAND: GET /session/92e25ae387a06d821b008f80a04495e6/screenshot - {}
RESULT: {}
COMMAND: POST /session/92e25ae387a06d821b008f80a04495e6/execute/sync - {"script":"<script> [299 bytes]","args":[["getModel","getResource"]]}
RESULT: {"script":"<script> [299 bytes]","args":[["getModel","getResource"]]}
RESULT: undefined
COMMAND: POST /session/92e25ae387a06d821b008f80a04495e6/element - {"using":"xpath","value":"//*[@id=\"__tile30\"]"}
COMMAND: GET /session/92e25ae387a06d821b008f80a04495e6/screenshot - {}
RESULT: {"using":"xpath","value":"//*[@id=\"__tile30\"]"}
COMMAND: POST /session/92e25ae387a06d821b008f80a04495e6/element/f.2AE10C335A97376731A182912FB7EE33.d.446F859C058652ED7E34153F802D4004.e.4488/click - {}
RESULT: {}
RESULT: {}
COMMAND: POST /session/92e25ae387a06d821b008f80a04495e6/element - {"using":"xpath","value":"//button[@data-kt=\"addButton\"]"}
COMMAND: GET /session/92e25ae387a06d821b008f80a04495e6/screenshot - {}
RESULT: {"using":"xpath","value":"//button[@data-kt=\"addButton\"]"}
COMMAND: POST /session/92e25ae387a06d821b008f80a04495e6/elements - {"using":"xpath","value":"//button[@data-kt=\"addButton\"]"}
RESULT: {}
RESULT: {"using":"xpath","value":"//button[@data-kt=\"addButton\"]"}
COMMAND: POST /session/92e25ae387a06d821b008f80a04495e6/elements - {"using":"xpath","value":"//button[@data-kt=\"addButton\"]"}
RESULT: {"using":"xpath","value":"//button[@data-kt=\"addButton\"]"}
COMMAND: POST /session/92e25ae387a06d821b008f80a04495e6/elements - {"using":"xpath","value":"//button[@data-kt=\"addButton\"]"}
RESULT: {"using":"xpath","value":"//button[@data-kt=\"addButton\"]"}
COMMAND: POST /session/92e25ae387a06d821b008f80a04495e6/elements - {"using":"xpath","value":"//button[@data-kt=\"addButton\"]"}
RESULT: {"using":"xpath","value":"//button[@data-kt=\"addButton\"]"}
COMMAND: POST /session/92e25ae387a06d821b008f80a04495e6/elements - {"using":"xpath","value":"//button[@data-kt=\"addButton\"]"}
RESULT: {"using":"xpath","value":"//button[@data-kt=\"addButton\"]"}
COMMAND: POST /session/92e25ae387a06d821b008f80a04495e6/element - {"using":"xpath","value":"//button[@data-kt=\"addButton\"]"}
RESULT: {"using":"xpath","value":"//button[@data-kt=\"addButton\"]"}
COMMAND: POST /session/92e25ae387a06d821b008f80a04495e6/execute/sync - {"script":"<script> [8489 bytes]","args":[{"element-6066-11e4-a52e-4f735466cecf":"f.2AE10C335A97376731A182912FB7EE33.d.446F859C058652ED7E34153F802D4004.e.5387","ELEMENT":"f.2AE10C335A97376731A182912FB7EE33.d.446F859C058652ED7E34153F802D4004.e.5387"}]}
RESULT: {"script":"<script> [8489 bytes]","args":[{"element-6066-11e4-a52e-4f735466cecf":"f.2AE10C335A97376731A182912FB7EE33.d.446F859C058652ED7E34153F802D4004.e.5387","ELEMENT":"f.2AE10C335A97376731A182912FB7EE33.d.446F859C058652ED7E34153F802D4004.e.5387"}]}
COMMAND: GET /session/92e25ae387a06d821b008f80a04495e6/element/f.2AE10C335A97376731A182912FB7EE33.d.446F859C058652ED7E34153F802D4004.e.5387/enabled - {}
COMMAND: GET /session/92e25ae387a06d821b008f80a04495e6/screenshot - {}
RESULT: {}
COMMAND: POST /session/92e25ae387a06d821b008f80a04495e6/execute/sync - {"script":"<script> [8489 bytes]","args":[{"element-6066-11e4-a52e-4f735466cecf":"f.2AE10C335A97376731A182912FB7EE33.d.446F859C058652ED7E34153F802D4004.e.5387","ELEMENT":"f.2AE10C335A97376731A182912FB7EE33.d.446F859C058652ED7E34153F802D4004.e.5387"}]}
COMMAND: GET /session/92e25ae387a06d821b008f80a04495e6/screenshot - {}
RESULT: {}
RESULT: {"script":"<script> [8489 bytes]","args":[{"element-6066-11e4-a52e-4f735466cecf":"f.2AE10C335A97376731A182912FB7EE33.d.446F859C058652ED7E34153F802D4004.e.5387","ELEMENT":"f.2AE10C335A97376731A182912FB7EE33.d.446F859C058652ED7E34153F802D4004.e.5387"}]}
COMMAND: POST /session/92e25ae387a06d821b008f80a04495e6/execute/sync - {"script":"<script> [5351 bytes]","args":[{"element-6066-11e4-a52e-4f735466cecf":"f.2AE10C335A97376731A182912FB7EE33.d.446F859C058652ED7E34153F802D4004.e.5387","ELEMENT":"f.2AE10C335A97376731A182912FB7EE33.d.446F859C058652ED7E34153F802D4004.e.5387"}]}
COMMAND: GET /session/92e25ae387a06d821b008f80a04495e6/screenshot - {}
RESULT: {}
RESULT: {}
RESULT: {"script":"<script> [5351 bytes]","args":[{"element-6066-11e4-a52e-4f735466cecf":"f.2AE10C335A97376731A182912FB7EE33.d.446F859C058652ED7E34153F802D4004.e.5387","ELEMENT":"f.2AE10C335A97376731A182912FB7EE33.d.446F859C058652ED7E34153F802D4004.e.5387"}]}
COMMAND: GET /session/92e25ae387a06d821b008f80a04495e6/screenshot - {}
RESULT: {}
COMMAND: POST /session/92e25ae387a06d821b008f80a04495e6/execute/async - {"script":"<script> [1562 bytes]","args":[{"selector":{"id":"application-managepartners-display-component---masterPtm--smartFilterBar-btnBasicSearch","interaction":{"idSuffix":"I"}},"wdio_ui5_key":"applicationmanagepartners-display-component---masterPtm--smartFilterBar-btnBasicSearch"}]}
RESULT: {"script":"<script> [1562 bytes]","args":[{"selector":{"id":"application-managepartners-display-component---masterPtm--smartFilterBar-btnBasicSearch","interaction":{"idSuffix":"I"}},"wdio_ui5_key":"applicationmanagepartners-display-component---masterPtm--smartFilterBar-btnBasicSearch"}]}
RESULT: undefined
COMMAND: POST /session/92e25ae387a06d821b008f80a04495e6/execute/async - {"script":"<script> [776 bytes]","args":[{"enterText":"1105","selector":{"id":"application-managepartners-display-component---masterPtm--smartFilterBar-btnBasicSearch","interaction":{"idSuffix":"I"}},"clearTextFirst":true,"interactionType":"ENTER_TEXT"}]}
RESULT: {"script":"<script> [776 bytes]","args":[{"enterText":"1105","selector":{"id":"application-managepartners-display-component---masterPtm--smartFilterBar-btnBasicSearch","interaction":{"idSuffix":"I"}},"clearTextFirst":true,"interactionType":"ENTER_TEXT"}]}
COMMAND: POST /session/92e25ae387a06d821b008f80a04495e6/actions - {"actions":[{"id":"action16","type":"key","parameters":{},"actions":[{"type":"keyDown","value":"î€‡"},{"type":"pause","duration":10},{"type":"keyUp","value":"î€‡"}]}]}
RESULT: {"actions":[{"id":"action16","type":"key","parameters":{},"actions":[{"type":"keyDown","value":"î€‡"},{"type":"pause","duration":10},{"type":"keyUp","value":"î€‡"}]}]}
COMMAND: GET /session/92e25ae387a06d821b008f80a04495e6/screenshot - {}
RESULT: {}
COMMAND: POST /session/92e25ae387a06d821b008f80a04495e6/elements - {"using":"xpath","value":"//table[contains(@id, \"customPartnersTable-listUl\")]/tbody/tr"}
RESULT: {"using":"xpath","value":"//table[contains(@id, \"customPartnersTable-listUl\")]/tbody/tr"}
COMMAND: POST /session/92e25ae387a06d821b008f80a04495e6/element - {"using":"xpath","value":"//table[contains(@id, \"customPartnersTable-listUl\")]/tbody/tr[1]/td[3]/span"}
RESULT: {"using":"xpath","value":"//table[contains(@id, \"customPartnersTable-listUl\")]/tbody/tr[1]/td[3]/span"}
COMMAND: POST /session/92e25ae387a06d821b008f80a04495e6/elements - {"using":"xpath","value":"//table[contains(@id, \"customPartnersTable-listUl\")]/tbody/tr[1]/td[3]/span"}
RESULT: {"using":"xpath","value":"//table[contains(@id, \"customPartnersTable-listUl\")]/tbody/tr[1]/td[3]/span"}
COMMAND: POST /session/92e25ae387a06d821b008f80a04495e6/execute/sync - {"script":"<script> [56 bytes]","args":[{"element-6066-11e4-a52e-4f735466cecf":"f.2AE10C335A97376731A182912FB7EE33.d.446F859C058652ED7E34153F802D4004.e.5537","ELEMENT":"f.2AE10C335A97376731A182912FB7EE33.d.446F859C058652ED7E34153F802D4004.e.5537"}]}
RESULT: {"script":"<script> [56 bytes]","args":[{"element-6066-11e4-a52e-4f735466cecf":"f.2AE10C335A97376731A182912FB7EE33.d.446F859C058652ED7E34153F802D4004.e.5537","ELEMENT":"f.2AE10C335A97376731A182912FB7EE33.d.446F859C058652ED7E34153F802D4004.e.5537"}]}
COMMAND: POST /session/92e25ae387a06d821b008f80a04495e6/element - {"using":"xpath","value":"(//span[contains(@id, \"imgNav\")])[1]"}
COMMAND: GET /session/92e25ae387a06d821b008f80a04495e6/screenshot - {}
RESULT: {"using":"xpath","value":"(//span[contains(@id, \"imgNav\")])[1]"}
COMMAND: POST /session/92e25ae387a06d821b008f80a04495e6/element/f.2AE10C335A97376731A182912FB7EE33.d.446F859C058652ED7E34153F802D4004.e.5536/click - {}
RESULT: {}
RESULT: {}
COMMAND: GET /session/92e25ae387a06d821b008f80a04495e6/screenshot - {}
COMMAND: POST /session/92e25ae387a06d821b008f80a04495e6/element - {"using":"xpath","value":"//bdi[contains(text(), \"Edit\")]"}
RESULT: {}
RESULT: {"using":"xpath","value":"//bdi[contains(text(), \"Edit\")]"}
COMMAND: POST /session/92e25ae387a06d821b008f80a04495e6/element/f.2AE10C335A97376731A182912FB7EE33.d.446F859C058652ED7E34153F802D4004.e.5674/click - {}
RESULT: {}
COMMAND: GET /session/92e25ae387a06d821b008f80a04495e6/screenshot - {}
RESULT: {}
COMMAND: POST /session/92e25ae387a06d821b008f80a04495e6/execute/async - {"script":"<script> [1562 bytes]","args":[{"selector":{"controlType":"sap.m.Input","viewName":"etm.portal.ui.managepartners.view.EditDetail","labelFor":{"text":"Name"},"interaction":{"idSuffix":"inner"}},"wdio_ui5_key":"etmportal.ui.managepartners.view.EditDetailsap.m.Input{\"text\":\"Name\"}"}]}
RESULT: {"script":"<script> [1562 bytes]","args":[{"selector":{"controlType":"sap.m.Input","viewName":"etm.portal.ui.managepartners.view.EditDetail","labelFor":{"text":"Name"},"interaction":{"idSuffix":"inner"}},"wdio_ui5_key":"etmportal.ui.managepartners.view.EditDetailsap.m.Input{\"text\":\"Name\"}"}]}
RESULT: undefined
COMMAND: POST /session/92e25ae387a06d821b008f80a04495e6/execute/async - {"script":"<script> [776 bytes]","args":[{"enterText":"Intracompany EDIT","selector":{"controlType":"sap.m.Input","viewName":"etm.portal.ui.managepartners.view.EditDetail","labelFor":{"text":"Name"},"interaction":{"idSuffix":"inner"}},"clearTextFirst":true,"interactionType":"ENTER_TEXT"}]}
RESULT: {"script":"<script> [776 bytes]","args":[{"enterText":"Intracompany EDIT","selector":{"controlType":"sap.m.Input","viewName":"etm.portal.ui.managepartners.view.EditDetail","labelFor":{"text":"Name"},"interaction":{"idSuffix":"inner"}},"clearTextFirst":true,"interactionType":"ENTER_TEXT"}]}
COMMAND: POST /session/92e25ae387a06d821b008f80a04495e6/element - {"using":"xpath","value":"(//span[contains(@id,\"addressDetailDetailsLanguage-arrow\")])[1]"}
RESULT: {"using":"xpath","value":"(//span[contains(@id,\"addressDetailDetailsLanguage-arrow\")])[1]"}
COMMAND: POST /session/92e25ae387a06d821b008f80a04495e6/element/f.2AE10C335A97376731A182912FB7EE33.d.446F859C058652ED7E34153F802D4004.e.5756/click - {}
RESULT: {}
COMMAND: POST /session/92e25ae387a06d821b008f80a04495e6/element - {"using":"xpath","value":"//span[contains(text(), \"Chinese\")]"}
COMMAND: GET /session/92e25ae387a06d821b008f80a04495e6/screenshot - {}
RESULT: {"using":"xpath","value":"//span[contains(text(), \"Chinese\")]"}
COMMAND: POST /session/92e25ae387a06d821b008f80a04495e6/element/f.2AE10C335A97376731A182912FB7EE33.d.446F859C058652ED7E34153F802D4004.e.5757/click - {}
RESULT: {}
RESULT: {}
COMMAND: GET /session/92e25ae387a06d821b008f80a04495e6/screenshot - {}
RESULT: {}
COMMAND: POST /session/92e25ae387a06d821b008f80a04495e6/execute/async - {"script":"<script> [1562 bytes]","args":[{"selector":{"controlType":"sap.m.Input","viewName":"etm.portal.ui.managepartners.view.EditDetail","labelFor":{"text":"City"},"interaction":{"idSuffix":"inner"}},"wdio_ui5_key":"etmportal.ui.managepartners.view.EditDetailsap.m.Input{\"text\":\"City\"}"}]}
RESULT: {"script":"<script> [1562 bytes]","args":[{"selector":{"controlType":"sap.m.Input","viewName":"etm.portal.ui.managepartners.view.EditDetail","labelFor":{"text":"City"},"interaction":{"idSuffix":"inner"}},"wdio_ui5_key":"etmportal.ui.managepartners.view.EditDetailsap.m.Input{\"text\":\"City\"}"}]}
RESULT: undefined
COMMAND: POST /session/92e25ae387a06d821b008f80a04495e6/execute/async - {"script":"<script> [776 bytes]","args":[{"enterText":"Clooj-Napoca","selector":{"controlType":"sap.m.Input","viewName":"etm.portal.ui.managepartners.view.EditDetail","labelFor":{"text":"City"},"interaction":{"idSuffix":"inner"}},"clearTextFirst":true,"interactionType":"ENTER_TEXT"}]}
RESULT: {"script":"<script> [776 bytes]","args":[{"enterText":"Clooj-Napoca","selector":{"controlType":"sap.m.Input","viewName":"etm.portal.ui.managepartners.view.EditDetail","labelFor":{"text":"City"},"interaction":{"idSuffix":"inner"}},"clearTextFirst":true,"interactionType":"ENTER_TEXT"}]}
COMMAND: POST /session/92e25ae387a06d821b008f80a04495e6/element - {"using":"xpath","value":"//button[@data-kt=\"saveButton\"]"}
RESULT: {"using":"xpath","value":"//button[@data-kt=\"saveButton\"]"}
COMMAND: POST /session/92e25ae387a06d821b008f80a04495e6/element/f.2AE10C335A97376731A182912FB7EE33.d.446F859C058652ED7E34153F802D4004.e.5733/click - {}
RESULT: {}
COMMAND: GET /session/92e25ae387a06d821b008f80a04495e6/screenshot - {}
RESULT: {}
COMMAND: POST /session/92e25ae387a06d821b008f80a04495e6/execute/async - {"script":"<script> [1562 bytes]","args":[{"selector":{"id":"application-managepartners-display-component---detailPtm--addressDetailDetailsName1"},"wdio_ui5_key":"applicationmanagepartners-display-component---detailPtm--addressDetailDetailsName1"}]}
RESULT: {"script":"<script> [1562 bytes]","args":[{"selector":{"id":"application-managepartners-display-component---detailPtm--addressDetailDetailsName1"},"wdio_ui5_key":"applicationmanagepartners-display-component---detailPtm--addressDetailDetailsName1"}]}
RESULT: undefined
COMMAND: POST /session/92e25ae387a06d821b008f80a04495e6/execute/async - {"script":"<script> [6424 bytes]","args":[{"element-6066-11e4-a52e-4f735466cecf":"f.2AE10C335A97376731A182912FB7EE33.d.446F859C058652ED7E34153F802D4004.e.5788"},"getValue",[]]}
RESULT: {"script":"<script> [6424 bytes]","args":[{"element-6066-11e4-a52e-4f735466cecf":"f.2AE10C335A97376731A182912FB7EE33.d.446F859C058652ED7E34153F802D4004.e.5788"},"getValue",[]]}
COMMAND: POST /session/92e25ae387a06d821b008f80a04495e6/element - {"using":"xpath","value":"//input[@id = \"application-managepartners-display-component---detailPtm--addressDetailDetailsLanguage-inner\"]"}
RESULT: {"using":"xpath","value":"//input[@id = \"application-managepartners-display-component---detailPtm--addressDetailDetailsLanguage-inner\"]"}
COMMAND: GET /session/92e25ae387a06d821b008f80a04495e6/element/f.2AE10C335A97376731A182912FB7EE33.d.446F859C058652ED7E34153F802D4004.e.5789/property/value - {}
RESULT: {}
COMMAND: POST /session/92e25ae387a06d821b008f80a04495e6/execute/async - {"script":"<script> [1562 bytes]","args":[{"selector":{"id":"application-managepartners-display-component---detailPtm--addressDetailDetailsCity1"},"wdio_ui5_key":"applicationmanagepartners-display-component---detailPtm--addressDetailDetailsCity1"}]}
COMMAND: GET /session/92e25ae387a06d821b008f80a04495e6/screenshot - {}
RESULT: {"script":"<script> [1562 bytes]","args":[{"selector":{"id":"application-managepartners-display-component---detailPtm--addressDetailDetailsCity1"},"wdio_ui5_key":"applicationmanagepartners-display-component---detailPtm--addressDetailDetailsCity1"}]}
RESULT: undefined
COMMAND: POST /session/92e25ae387a06d821b008f80a04495e6/execute/async - {"script":"<script> [6424 bytes]","args":[{"element-6066-11e4-a52e-4f735466cecf":"f.2AE10C335A97376731A182912FB7EE33.d.446F859C058652ED7E34153F802D4004.e.5790"},"getValue",[]]}
RESULT: {}
RESULT: {"script":"<script> [6424 bytes]","args":[{"element-6066-11e4-a52e-4f735466cecf":"f.2AE10C335A97376731A182912FB7EE33.d.446F859C058652ED7E34153F802D4004.e.5790"},"getValue",[]]}
COMMAND: POST /session/92e25ae387a06d821b008f80a04495e6/element - {"using":"css selector","value":"#shell-header-logo"}
RESULT: {"using":"css selector","value":"#shell-header-logo"}
COMMAND: POST /session/92e25ae387a06d821b008f80a04495e6/element/f.2AE10C335A97376731A182912FB7EE33.d.446F859C058652ED7E34153F802D4004.e.5353/click - {}
RESULT: {}
COMMAND: GET /session/92e25ae387a06d821b008f80a04495e6/screenshot - {}
RESULT: {}
]]></system-out>
    </testcase>
    <testcase classname="chrome.136_0_7103_49.windows.Partner_specific_tests_US150819_US151080_US151654_US151176_US103444_US151078_US151079_US151109_US151174_US151175_US151189" name="Should do filtering and navigation tests US151109" time="156.775">
      <skipped />
      <system-out><![CDATA[
COMMAND: POST /session/92e25ae387a06d821b008f80a04495e6/element - {"using":"xpath","value":"//li[.//span[text()=\"Manage Partners\"]]"}
RESULT: {"using":"xpath","value":"//li[.//span[text()=\"Manage Partners\"]]"}
COMMAND: POST /session/92e25ae387a06d821b008f80a04495e6/element - {"using":"xpath","value":"//li[.//span[text()=\"Manage Partners\"]]"}
RESULT: {"using":"xpath","value":"//li[.//span[text()=\"Manage Partners\"]]"}
COMMAND: POST /session/92e25ae387a06d821b008f80a04495e6/element - {"using":"css selector","value":"#shell-header-logo"}
RESULT: {"using":"css selector","value":"#shell-header-logo"}
COMMAND: POST /session/92e25ae387a06d821b008f80a04495e6/element/f.2AE10C335A97376731A182912FB7EE33.d.446F859C058652ED7E34153F802D4004.e.5821/click - {}
COMMAND: POST /session/92e25ae387a06d821b008f80a04495e6/execute/sync - {"script":"<script> [8489 bytes]","args":[{"element-6066-11e4-a52e-4f735466cecf":"f.2AE10C335A97376731A182912FB7EE33.d.446F859C058652ED7E34153F802D4004.e.5821","ELEMENT":"f.2AE10C335A97376731A182912FB7EE33.d.446F859C058652ED7E34153F802D4004.e.5821"}]}
RESULT: {}
COMMAND: GET /session/92e25ae387a06d821b008f80a04495e6/screenshot - {}
RESULT: {"script":"<script> [8489 bytes]","args":[{"element-6066-11e4-a52e-4f735466cecf":"f.2AE10C335A97376731A182912FB7EE33.d.446F859C058652ED7E34153F802D4004.e.5821","ELEMENT":"f.2AE10C335A97376731A182912FB7EE33.d.446F859C058652ED7E34153F802D4004.e.5821"}]}
COMMAND: POST /session/92e25ae387a06d821b008f80a04495e6/execute/sync - {"script":"<script> [5351 bytes]","args":[{"element-6066-11e4-a52e-4f735466cecf":"f.2AE10C335A97376731A182912FB7EE33.d.446F859C058652ED7E34153F802D4004.e.5821","ELEMENT":"f.2AE10C335A97376731A182912FB7EE33.d.446F859C058652ED7E34153F802D4004.e.5821"}]}
COMMAND: GET /session/92e25ae387a06d821b008f80a04495e6/screenshot - {}
RESULT: {}
RESULT: {"script":"<script> [5351 bytes]","args":[{"element-6066-11e4-a52e-4f735466cecf":"f.2AE10C335A97376731A182912FB7EE33.d.446F859C058652ED7E34153F802D4004.e.5821","ELEMENT":"f.2AE10C335A97376731A182912FB7EE33.d.446F859C058652ED7E34153F802D4004.e.5821"}]}
COMMAND: GET /session/92e25ae387a06d821b008f80a04495e6/screenshot - {}
RESULT: {}
RESULT: {}
RESULT: undefined
COMMAND: POST /session/92e25ae387a06d821b008f80a04495e6/element - {"using":"xpath","value":"//*[@id=\"__tile30\"]"}
RESULT: {"using":"xpath","value":"//*[@id=\"__tile30\"]"}
COMMAND: POST /session/92e25ae387a06d821b008f80a04495e6/element/f.2AE10C335A97376731A182912FB7EE33.d.446F859C058652ED7E34153F802D4004.e.4488/click - {}
RESULT: {}
COMMAND: POST /session/92e25ae387a06d821b008f80a04495e6/element - {"using":"xpath","value":"//button[@data-kt=\"addButton\"]"}
COMMAND: GET /session/92e25ae387a06d821b008f80a04495e6/screenshot - {}
RESULT: {"using":"xpath","value":"//button[@data-kt=\"addButton\"]"}
COMMAND: POST /session/92e25ae387a06d821b008f80a04495e6/elements - {"using":"xpath","value":"//button[@data-kt=\"addButton\"]"}
RESULT: {}
RESULT: {"using":"xpath","value":"//button[@data-kt=\"addButton\"]"}
COMMAND: POST /session/92e25ae387a06d821b008f80a04495e6/elements - {"using":"xpath","value":"//button[@data-kt=\"addButton\"]"}
RESULT: {"using":"xpath","value":"//button[@data-kt=\"addButton\"]"}
COMMAND: POST /session/92e25ae387a06d821b008f80a04495e6/elements - {"using":"xpath","value":"//button[@data-kt=\"addButton\"]"}
RESULT: {"using":"xpath","value":"//button[@data-kt=\"addButton\"]"}
COMMAND: POST /session/92e25ae387a06d821b008f80a04495e6/elements - {"using":"xpath","value":"//button[@data-kt=\"addButton\"]"}
RESULT: {"using":"xpath","value":"//button[@data-kt=\"addButton\"]"}
COMMAND: POST /session/92e25ae387a06d821b008f80a04495e6/elements - {"using":"xpath","value":"//button[@data-kt=\"addButton\"]"}
RESULT: {"using":"xpath","value":"//button[@data-kt=\"addButton\"]"}
COMMAND: POST /session/92e25ae387a06d821b008f80a04495e6/elements - {"using":"xpath","value":"//button[@data-kt=\"addButton\"]"}
RESULT: {"using":"xpath","value":"//button[@data-kt=\"addButton\"]"}
COMMAND: POST /session/92e25ae387a06d821b008f80a04495e6/elements - {"using":"xpath","value":"//button[@data-kt=\"addButton\"]"}
RESULT: {"using":"xpath","value":"//button[@data-kt=\"addButton\"]"}
COMMAND: POST /session/92e25ae387a06d821b008f80a04495e6/elements - {"using":"xpath","value":"//button[@data-kt=\"addButton\"]"}
RESULT: {"using":"xpath","value":"//button[@data-kt=\"addButton\"]"}
COMMAND: POST /session/92e25ae387a06d821b008f80a04495e6/elements - {"using":"xpath","value":"//button[@data-kt=\"addButton\"]"}
RESULT: {"using":"xpath","value":"//button[@data-kt=\"addButton\"]"}
COMMAND: POST /session/92e25ae387a06d821b008f80a04495e6/elements - {"using":"xpath","value":"//button[@data-kt=\"addButton\"]"}
RESULT: {"using":"xpath","value":"//button[@data-kt=\"addButton\"]"}
COMMAND: POST /session/92e25ae387a06d821b008f80a04495e6/elements - {"using":"xpath","value":"//button[@data-kt=\"addButton\"]"}
RESULT: {"using":"xpath","value":"//button[@data-kt=\"addButton\"]"}
COMMAND: POST /session/92e25ae387a06d821b008f80a04495e6/elements - {"using":"xpath","value":"//button[@data-kt=\"addButton\"]"}
RESULT: {"using":"xpath","value":"//button[@data-kt=\"addButton\"]"}
COMMAND: POST /session/92e25ae387a06d821b008f80a04495e6/element - {"using":"xpath","value":"//button[@data-kt=\"addButton\"]"}
RESULT: {"using":"xpath","value":"//button[@data-kt=\"addButton\"]"}
COMMAND: POST /session/92e25ae387a06d821b008f80a04495e6/execute/sync - {"script":"<script> [8489 bytes]","args":[{"element-6066-11e4-a52e-4f735466cecf":"f.2AE10C335A97376731A182912FB7EE33.d.446F859C058652ED7E34153F802D4004.e.5866","ELEMENT":"f.2AE10C335A97376731A182912FB7EE33.d.446F859C058652ED7E34153F802D4004.e.5866"}]}
RESULT: {"script":"<script> [8489 bytes]","args":[{"element-6066-11e4-a52e-4f735466cecf":"f.2AE10C335A97376731A182912FB7EE33.d.446F859C058652ED7E34153F802D4004.e.5866","ELEMENT":"f.2AE10C335A97376731A182912FB7EE33.d.446F859C058652ED7E34153F802D4004.e.5866"}]}
COMMAND: GET /session/92e25ae387a06d821b008f80a04495e6/element/f.2AE10C335A97376731A182912FB7EE33.d.446F859C058652ED7E34153F802D4004.e.5866/enabled - {}
COMMAND: GET /session/92e25ae387a06d821b008f80a04495e6/screenshot - {}
RESULT: {}
COMMAND: POST /session/92e25ae387a06d821b008f80a04495e6/execute/sync - {"script":"<script> [8489 bytes]","args":[{"element-6066-11e4-a52e-4f735466cecf":"f.2AE10C335A97376731A182912FB7EE33.d.446F859C058652ED7E34153F802D4004.e.5866","ELEMENT":"f.2AE10C335A97376731A182912FB7EE33.d.446F859C058652ED7E34153F802D4004.e.5866"}]}
COMMAND: GET /session/92e25ae387a06d821b008f80a04495e6/screenshot - {}
RESULT: {}
RESULT: {"script":"<script> [8489 bytes]","args":[{"element-6066-11e4-a52e-4f735466cecf":"f.2AE10C335A97376731A182912FB7EE33.d.446F859C058652ED7E34153F802D4004.e.5866","ELEMENT":"f.2AE10C335A97376731A182912FB7EE33.d.446F859C058652ED7E34153F802D4004.e.5866"}]}
COMMAND: POST /session/92e25ae387a06d821b008f80a04495e6/execute/sync - {"script":"<script> [5351 bytes]","args":[{"element-6066-11e4-a52e-4f735466cecf":"f.2AE10C335A97376731A182912FB7EE33.d.446F859C058652ED7E34153F802D4004.e.5866","ELEMENT":"f.2AE10C335A97376731A182912FB7EE33.d.446F859C058652ED7E34153F802D4004.e.5866"}]}
COMMAND: GET /session/92e25ae387a06d821b008f80a04495e6/screenshot - {}
RESULT: {}
RESULT: {"script":"<script> [5351 bytes]","args":[{"element-6066-11e4-a52e-4f735466cecf":"f.2AE10C335A97376731A182912FB7EE33.d.446F859C058652ED7E34153F802D4004.e.5866","ELEMENT":"f.2AE10C335A97376731A182912FB7EE33.d.446F859C058652ED7E34153F802D4004.e.5866"}]}
COMMAND: GET /session/92e25ae387a06d821b008f80a04495e6/screenshot - {}
RESULT: {}
RESULT: {}
COMMAND: POST /session/92e25ae387a06d821b008f80a04495e6/element - {"using":"xpath","value":"//span[@id=\"application-managepartners-display-component---masterPtm--smartTable-header-inner\"]"}
RESULT: {"using":"xpath","value":"//span[@id=\"application-managepartners-display-component---masterPtm--smartTable-header-inner\"]"}
COMMAND: POST /session/92e25ae387a06d821b008f80a04495e6/elements - {"using":"xpath","value":"//span[@id=\"application-managepartners-display-component---masterPtm--smartTable-header-inner\"]"}
RESULT: {"using":"xpath","value":"//span[@id=\"application-managepartners-display-component---masterPtm--smartTable-header-inner\"]"}
COMMAND: POST /session/92e25ae387a06d821b008f80a04495e6/execute/sync - {"script":"<script> [56 bytes]","args":[{"element-6066-11e4-a52e-4f735466cecf":"f.2AE10C335A97376731A182912FB7EE33.d.446F859C058652ED7E34153F802D4004.e.5991","ELEMENT":"f.2AE10C335A97376731A182912FB7EE33.d.446F859C058652ED7E34153F802D4004.e.5991"}]}
RESULT: {"script":"<script> [56 bytes]","args":[{"element-6066-11e4-a52e-4f735466cecf":"f.2AE10C335A97376731A182912FB7EE33.d.446F859C058652ED7E34153F802D4004.e.5991","ELEMENT":"f.2AE10C335A97376731A182912FB7EE33.d.446F859C058652ED7E34153F802D4004.e.5991"}]}
RESULT: undefined
COMMAND: POST /session/92e25ae387a06d821b008f80a04495e6/execute/async - {"script":"<script> [776 bytes]","args":[{"enterText":"External Partner WDIO","selector":{"id":"application-managepartners-display-component---masterPtm--smartFilterBar-btnBasicSearch","interaction":{"idSuffix":"I"}},"clearTextFirst":true,"interactionType":"ENTER_TEXT"}]}
COMMAND: GET /session/92e25ae387a06d821b008f80a04495e6/screenshot - {}
RESULT: {"script":"<script> [776 bytes]","args":[{"enterText":"External Partner WDIO","selector":{"id":"application-managepartners-display-component---masterPtm--smartFilterBar-btnBasicSearch","interaction":{"idSuffix":"I"}},"clearTextFirst":true,"interactionType":"ENTER_TEXT"}]}
RESULT: {}
COMMAND: POST /session/92e25ae387a06d821b008f80a04495e6/actions - {"actions":[{"id":"action17","type":"key","parameters":{},"actions":[{"type":"keyDown","value":"î€‡"},{"type":"pause","duration":10},{"type":"keyUp","value":"î€‡"}]}]}
RESULT: {"actions":[{"id":"action17","type":"key","parameters":{},"actions":[{"type":"keyDown","value":"î€‡"},{"type":"pause","duration":10},{"type":"keyUp","value":"î€‡"}]}]}
COMMAND: GET /session/92e25ae387a06d821b008f80a04495e6/screenshot - {}
RESULT: {}
COMMAND: POST /session/92e25ae387a06d821b008f80a04495e6/element - {"using":"xpath","value":"//span[@id=\"application-managepartners-display-component---masterPtm--smartTable-header-inner\"]"}
RESULT: {"using":"xpath","value":"//span[@id=\"application-managepartners-display-component---masterPtm--smartTable-header-inner\"]"}
COMMAND: POST /session/92e25ae387a06d821b008f80a04495e6/elements - {"using":"xpath","value":"//span[@id=\"application-managepartners-display-component---masterPtm--smartTable-header-inner\"]"}
RESULT: {"using":"xpath","value":"//span[@id=\"application-managepartners-display-component---masterPtm--smartTable-header-inner\"]"}
COMMAND: POST /session/92e25ae387a06d821b008f80a04495e6/execute/sync - {"script":"<script> [56 bytes]","args":[{"element-6066-11e4-a52e-4f735466cecf":"f.2AE10C335A97376731A182912FB7EE33.d.446F859C058652ED7E34153F802D4004.e.5991","ELEMENT":"f.2AE10C335A97376731A182912FB7EE33.d.446F859C058652ED7E34153F802D4004.e.5991"}]}
RESULT: {"script":"<script> [56 bytes]","args":[{"element-6066-11e4-a52e-4f735466cecf":"f.2AE10C335A97376731A182912FB7EE33.d.446F859C058652ED7E34153F802D4004.e.5991","ELEMENT":"f.2AE10C335A97376731A182912FB7EE33.d.446F859C058652ED7E34153F802D4004.e.5991"}]}
COMMAND: POST /session/92e25ae387a06d821b008f80a04495e6/element - {"using":"xpath","value":"//div[contains(@id, \"managepartners-display-component---masterPtm--smartFilterBar-btnBasicSearch-reset\")]"}
COMMAND: GET /session/92e25ae387a06d821b008f80a04495e6/screenshot - {}
RESULT: {"using":"xpath","value":"//div[contains(@id, \"managepartners-display-component---masterPtm--smartFilterBar-btnBasicSearch-reset\")]"}
COMMAND: POST /session/92e25ae387a06d821b008f80a04495e6/element/f.2AE10C335A97376731A182912FB7EE33.d.446F859C058652ED7E34153F802D4004.e.6073/click - {}
RESULT: {}
RESULT: {}
COMMAND: GET /session/92e25ae387a06d821b008f80a04495e6/screenshot - {}
RESULT: {}
COMMAND: POST /session/92e25ae387a06d821b008f80a04495e6/execute/async - {"script":"<script> [1562 bytes]","args":[{"selector":{"id":"application-managepartners-display-component---masterPtm--smartFilterBar-filterItemControl_BASIC-MAIN_ADDRESS-vhi"},"wdio_ui5_key":"applicationmanagepartners-display-component---masterPtm--smartFilterBar-filterItemControl_BASIC-MAIN_ADDRESS-vhi"}]}
RESULT: {"script":"<script> [1562 bytes]","args":[{"selector":{"id":"application-managepartners-display-component---masterPtm--smartFilterBar-filterItemControl_BASIC-MAIN_ADDRESS-vhi"},"wdio_ui5_key":"applicationmanagepartners-display-component---masterPtm--smartFilterBar-filterItemControl_BASIC-MAIN_ADDRESS-vhi"}]}
RESULT: undefined
COMMAND: POST /session/92e25ae387a06d821b008f80a04495e6/element - {"using":"xpath","value":"//*[@id=\"application-managepartners-display-component---masterPtm--smartFilterBar-filterItemControl_BASIC-MAIN_ADDRESS-vhi\"]"}
RESULT: {"using":"xpath","value":"//*[@id=\"application-managepartners-display-component---masterPtm--smartFilterBar-filterItemControl_BASIC-MAIN_ADDRESS-vhi\"]"}
COMMAND: POST /session/92e25ae387a06d821b008f80a04495e6/element/f.2AE10C335A97376731A182912FB7EE33.d.446F859C058652ED7E34153F802D4004.e.6155/click - {}
RESULT: {}
COMMAND: GET /session/92e25ae387a06d821b008f80a04495e6/screenshot - {}
RESULT: {}
COMMAND: POST /session/92e25ae387a06d821b008f80a04495e6/execute/async - {"script":"<script> [1562 bytes]","args":[{"selector":{"id":"application-managepartners-display-component---masterPtm--smartFilterBar-filterItemControl_BASIC-MAIN_ADDRESS-valueHelpDialog-smartFilterBar-btnBasicSearch","searchOpenDialogs":true,"interaction":{"idSuffix":"I"}},"wdio_ui5_key":"applicationmanagepartners-display-component---masterPtm--smartFilterBar-filterItemControl_BASIC-MAIN_ADDRESS-valueHelpDialog-smartFilterBar-btnBasicSearch"}]}
RESULT: {"script":"<script> [1562 bytes]","args":[{"selector":{"id":"application-managepartners-display-component---masterPtm--smartFilterBar-filterItemControl_BASIC-MAIN_ADDRESS-valueHelpDialog-smartFilterBar-btnBasicSearch","searchOpenDialogs":true,"interaction":{"idSuffix":"I"}},"wdio_ui5_key":"applicationmanagepartners-display-component---masterPtm--smartFilterBar-filterItemControl_BASIC-MAIN_ADDRESS-valueHelpDialog-smartFilterBar-btnBasicSearch"}]}
RESULT: undefined
COMMAND: POST /session/92e25ae387a06d821b008f80a04495e6/execute/async - {"script":"<script> [776 bytes]","args":[{"enterText":"Romania","selector":{"id":"application-managepartners-display-component---masterPtm--smartFilterBar-filterItemControl_BASIC-MAIN_ADDRESS-valueHelpDialog-smartFilterBar-btnBasicSearch","searchOpenDialogs":true,"interaction":{"idSuffix":"I"}},"clearTextFirst":true,"interactionType":"ENTER_TEXT"}]}
RESULT: {"script":"<script> [776 bytes]","args":[{"enterText":"Romania","selector":{"id":"application-managepartners-display-component---masterPtm--smartFilterBar-filterItemControl_BASIC-MAIN_ADDRESS-valueHelpDialog-smartFilterBar-btnBasicSearch","searchOpenDialogs":true,"interaction":{"idSuffix":"I"}},"clearTextFirst":true,"interactionType":"ENTER_TEXT"}]}
COMMAND: POST /session/92e25ae387a06d821b008f80a04495e6/actions - {"actions":[{"id":"action18","type":"key","parameters":{},"actions":[{"type":"keyDown","value":"î€‡"},{"type":"pause","duration":10},{"type":"keyUp","value":"î€‡"}]}]}
RESULT: {"actions":[{"id":"action18","type":"key","parameters":{},"actions":[{"type":"keyDown","value":"î€‡"},{"type":"pause","duration":10},{"type":"keyUp","value":"î€‡"}]}]}
COMMAND: POST /session/92e25ae387a06d821b008f80a04495e6/elements - {"using":"xpath","value":"//table[contains(@id, \"smartFilterBar-filterItemControl_BASIC-MAIN_ADDRESS-valueHelpDialog-table-table\")]/tbody/tr"}
COMMAND: GET /session/92e25ae387a06d821b008f80a04495e6/screenshot - {}
RESULT: {"using":"xpath","value":"//table[contains(@id, \"smartFilterBar-filterItemControl_BASIC-MAIN_ADDRESS-valueHelpDialog-table-table\")]/tbody/tr"}
COMMAND: POST /session/92e25ae387a06d821b008f80a04495e6/element - {"using":"xpath","value":"//table[contains(@id, \"smartFilterBar-filterItemControl_BASIC-MAIN_ADDRESS-valueHelpDialog-table-table\")]/tbody/tr[1]/td[1]/div/span"}
RESULT: {}
RESULT: {"using":"xpath","value":"//table[contains(@id, \"smartFilterBar-filterItemControl_BASIC-MAIN_ADDRESS-valueHelpDialog-table-table\")]/tbody/tr[1]/td[1]/div/span"}
COMMAND: POST /session/92e25ae387a06d821b008f80a04495e6/elements - {"using":"xpath","value":"//table[contains(@id, \"smartFilterBar-filterItemControl_BASIC-MAIN_ADDRESS-valueHelpDialog-table-table\")]/tbody/tr[1]/td[1]/div/span"}
RESULT: {"using":"xpath","value":"//table[contains(@id, \"smartFilterBar-filterItemControl_BASIC-MAIN_ADDRESS-valueHelpDialog-table-table\")]/tbody/tr[1]/td[1]/div/span"}
COMMAND: POST /session/92e25ae387a06d821b008f80a04495e6/execute/sync - {"script":"<script> [56 bytes]","args":[{"element-6066-11e4-a52e-4f735466cecf":"f.2AE10C335A97376731A182912FB7EE33.d.446F859C058652ED7E34153F802D4004.e.6175","ELEMENT":"f.2AE10C335A97376731A182912FB7EE33.d.446F859C058652ED7E34153F802D4004.e.6175"}]}
RESULT: {"script":"<script> [56 bytes]","args":[{"element-6066-11e4-a52e-4f735466cecf":"f.2AE10C335A97376731A182912FB7EE33.d.446F859C058652ED7E34153F802D4004.e.6175","ELEMENT":"f.2AE10C335A97376731A182912FB7EE33.d.446F859C058652ED7E34153F802D4004.e.6175"}]}
COMMAND: POST /session/92e25ae387a06d821b008f80a04495e6/element - {"using":"xpath","value":"//div[contains(@id, \"filterItemControl_BASIC-MAIN_ADDRESS-valueHelpDialog-table-rowsel0\")]"}
COMMAND: GET /session/92e25ae387a06d821b008f80a04495e6/screenshot - {}
RESULT: {"using":"xpath","value":"//div[contains(@id, \"filterItemControl_BASIC-MAIN_ADDRESS-valueHelpDialog-table-rowsel0\")]"}
COMMAND: POST /session/92e25ae387a06d821b008f80a04495e6/element/f.2AE10C335A97376731A182912FB7EE33.d.446F859C058652ED7E34153F802D4004.e.6176/click - {}
RESULT: {}
RESULT: {}
COMMAND: GET /session/92e25ae387a06d821b008f80a04495e6/screenshot - {}
RESULT: {}
COMMAND: POST /session/92e25ae387a06d821b008f80a04495e6/element - {"using":"xpath","value":"(//bdi[contains(text(), \"OK\")])[1]"}
RESULT: {"using":"xpath","value":"(//bdi[contains(text(), \"OK\")])[1]"}
COMMAND: POST /session/92e25ae387a06d821b008f80a04495e6/element/f.2AE10C335A97376731A182912FB7EE33.d.446F859C058652ED7E34153F802D4004.e.6178/click - {}
RESULT: {}
COMMAND: GET /session/92e25ae387a06d821b008f80a04495e6/screenshot - {}
RESULT: {}
COMMAND: POST /session/92e25ae387a06d821b008f80a04495e6/element - {"using":"xpath","value":"//span[@id=\"application-managepartners-display-component---masterPtm--smartTable-header-inner\"]"}
RESULT: {"using":"xpath","value":"//span[@id=\"application-managepartners-display-component---masterPtm--smartTable-header-inner\"]"}
COMMAND: POST /session/92e25ae387a06d821b008f80a04495e6/elements - {"using":"xpath","value":"//span[@id=\"application-managepartners-display-component---masterPtm--smartTable-header-inner\"]"}
RESULT: {"using":"xpath","value":"//span[@id=\"application-managepartners-display-component---masterPtm--smartTable-header-inner\"]"}
COMMAND: POST /session/92e25ae387a06d821b008f80a04495e6/execute/sync - {"script":"<script> [56 bytes]","args":[{"element-6066-11e4-a52e-4f735466cecf":"f.2AE10C335A97376731A182912FB7EE33.d.446F859C058652ED7E34153F802D4004.e.5991","ELEMENT":"f.2AE10C335A97376731A182912FB7EE33.d.446F859C058652ED7E34153F802D4004.e.5991"}]}
RESULT: {"script":"<script> [56 bytes]","args":[{"element-6066-11e4-a52e-4f735466cecf":"f.2AE10C335A97376731A182912FB7EE33.d.446F859C058652ED7E34153F802D4004.e.5991","ELEMENT":"f.2AE10C335A97376731A182912FB7EE33.d.446F859C058652ED7E34153F802D4004.e.5991"}]}
COMMAND: POST /session/92e25ae387a06d821b008f80a04495e6/element - {"using":"xpath","value":"//span[contains(@title, \"Remove\")]"}
COMMAND: GET /session/92e25ae387a06d821b008f80a04495e6/screenshot - {}
RESULT: {"using":"xpath","value":"//span[contains(@title, \"Remove\")]"}
COMMAND: POST /session/92e25ae387a06d821b008f80a04495e6/element/f.2AE10C335A97376731A182912FB7EE33.d.446F859C058652ED7E34153F802D4004.e.6191/click - {}
RESULT: {}
RESULT: {}
COMMAND: GET /session/92e25ae387a06d821b008f80a04495e6/screenshot - {}
RESULT: {}
COMMAND: POST /session/92e25ae387a06d821b008f80a04495e6/element - {"using":"xpath","value":"//span[@id=\"application-managepartners-display-component---masterPtm--smartTable-header-inner\"]"}
RESULT: {"using":"xpath","value":"//span[@id=\"application-managepartners-display-component---masterPtm--smartTable-header-inner\"]"}
COMMAND: POST /session/92e25ae387a06d821b008f80a04495e6/elements - {"using":"xpath","value":"//span[@id=\"application-managepartners-display-component---masterPtm--smartTable-header-inner\"]"}
RESULT: {"using":"xpath","value":"//span[@id=\"application-managepartners-display-component---masterPtm--smartTable-header-inner\"]"}
COMMAND: POST /session/92e25ae387a06d821b008f80a04495e6/execute/sync - {"script":"<script> [56 bytes]","args":[{"element-6066-11e4-a52e-4f735466cecf":"f.2AE10C335A97376731A182912FB7EE33.d.446F859C058652ED7E34153F802D4004.e.5991","ELEMENT":"f.2AE10C335A97376731A182912FB7EE33.d.446F859C058652ED7E34153F802D4004.e.5991"}]}
RESULT: {"script":"<script> [56 bytes]","args":[{"element-6066-11e4-a52e-4f735466cecf":"f.2AE10C335A97376731A182912FB7EE33.d.446F859C058652ED7E34153F802D4004.e.5991","ELEMENT":"f.2AE10C335A97376731A182912FB7EE33.d.446F859C058652ED7E34153F802D4004.e.5991"}]}
COMMAND: POST /session/92e25ae387a06d821b008f80a04495e6/execute/async - {"script":"<script> [1562 bytes]","args":[{"selector":{"id":"application-managepartners-display-component---masterPtm--smartFilterBar-filterItemControl_BASIC-YARD-vhi"},"wdio_ui5_key":"applicationmanagepartners-display-component---masterPtm--smartFilterBar-filterItemControl_BASIC-YARD-vhi"}]}
COMMAND: GET /session/92e25ae387a06d821b008f80a04495e6/screenshot - {}
RESULT: {"script":"<script> [1562 bytes]","args":[{"selector":{"id":"application-managepartners-display-component---masterPtm--smartFilterBar-filterItemControl_BASIC-YARD-vhi"},"wdio_ui5_key":"applicationmanagepartners-display-component---masterPtm--smartFilterBar-filterItemControl_BASIC-YARD-vhi"}]}
RESULT: undefined
COMMAND: POST /session/92e25ae387a06d821b008f80a04495e6/element - {"using":"xpath","value":"//*[@id=\"application-managepartners-display-component---masterPtm--smartFilterBar-filterItemControl_BASIC-YARD-vhi\"]"}
RESULT: {}
RESULT: {"using":"xpath","value":"//*[@id=\"application-managepartners-display-component---masterPtm--smartFilterBar-filterItemControl_BASIC-YARD-vhi\"]"}
COMMAND: POST /session/92e25ae387a06d821b008f80a04495e6/element/f.2AE10C335A97376731A182912FB7EE33.d.446F859C058652ED7E34153F802D4004.e.6296/click - {}
RESULT: {}
COMMAND: GET /session/92e25ae387a06d821b008f80a04495e6/screenshot - {}
RESULT: {}
COMMAND: POST /session/92e25ae387a06d821b008f80a04495e6/execute/async - {"script":"<script> [1562 bytes]","args":[{"selector":{"id":"application-managepartners-display-component---masterPtm--smartFilterBar-filterItemControl_BASIC-YARD-valueHelpDialog-smartFilterBar-btnBasicSearch","searchOpenDialogs":true,"interaction":{"idSuffix":"I"}},"wdio_ui5_key":"applicationmanagepartners-display-component---masterPtm--smartFilterBar-filterItemControl_BASIC-YARD-valueHelpDialog-smartFilterBar-btnBasicSearch"}]}
RESULT: {"script":"<script> [1562 bytes]","args":[{"selector":{"id":"application-managepartners-display-component---masterPtm--smartFilterBar-filterItemControl_BASIC-YARD-valueHelpDialog-smartFilterBar-btnBasicSearch","searchOpenDialogs":true,"interaction":{"idSuffix":"I"}},"wdio_ui5_key":"applicationmanagepartners-display-component---masterPtm--smartFilterBar-filterItemControl_BASIC-YARD-valueHelpDialog-smartFilterBar-btnBasicSearch"}]}
RESULT: undefined
COMMAND: POST /session/92e25ae387a06d821b008f80a04495e6/execute/async - {"script":"<script> [776 bytes]","args":[{"enterText":"Test","selector":{"id":"application-managepartners-display-component---masterPtm--smartFilterBar-filterItemControl_BASIC-YARD-valueHelpDialog-smartFilterBar-btnBasicSearch","searchOpenDialogs":true,"interaction":{"idSuffix":"I"}},"clearTextFirst":true,"interactionType":"ENTER_TEXT"}]}
RESULT: {"script":"<script> [776 bytes]","args":[{"enterText":"Test","selector":{"id":"application-managepartners-display-component---masterPtm--smartFilterBar-filterItemControl_BASIC-YARD-valueHelpDialog-smartFilterBar-btnBasicSearch","searchOpenDialogs":true,"interaction":{"idSuffix":"I"}},"clearTextFirst":true,"interactionType":"ENTER_TEXT"}]}
COMMAND: POST /session/92e25ae387a06d821b008f80a04495e6/actions - {"actions":[{"id":"action19","type":"key","parameters":{},"actions":[{"type":"keyDown","value":"î€‡"},{"type":"pause","duration":10},{"type":"keyUp","value":"î€‡"}]}]}
RESULT: {"actions":[{"id":"action19","type":"key","parameters":{},"actions":[{"type":"keyDown","value":"î€‡"},{"type":"pause","duration":10},{"type":"keyUp","value":"î€‡"}]}]}
COMMAND: POST /session/92e25ae387a06d821b008f80a04495e6/elements - {"using":"xpath","value":"//table[contains(@id, \"smartFilterBar-filterItemControl_BASIC-YARD-valueHelpDialog-table-table\")]/tbody/tr"}
COMMAND: GET /session/92e25ae387a06d821b008f80a04495e6/screenshot - {}
RESULT: {"using":"xpath","value":"//table[contains(@id, \"smartFilterBar-filterItemControl_BASIC-YARD-valueHelpDialog-table-table\")]/tbody/tr"}
COMMAND: POST /session/92e25ae387a06d821b008f80a04495e6/element - {"using":"xpath","value":"//table[contains(@id, \"smartFilterBar-filterItemControl_BASIC-YARD-valueHelpDialog-table-table\")]/tbody/tr[1]/td[1]/div/span"}
RESULT: {}
RESULT: {"using":"xpath","value":"//table[contains(@id, \"smartFilterBar-filterItemControl_BASIC-YARD-valueHelpDialog-table-table\")]/tbody/tr[1]/td[1]/div/span"}
COMMAND: POST /session/92e25ae387a06d821b008f80a04495e6/elements - {"using":"xpath","value":"//table[contains(@id, \"smartFilterBar-filterItemControl_BASIC-YARD-valueHelpDialog-table-table\")]/tbody/tr[1]/td[1]/div/span"}
RESULT: {"using":"xpath","value":"//table[contains(@id, \"smartFilterBar-filterItemControl_BASIC-YARD-valueHelpDialog-table-table\")]/tbody/tr[1]/td[1]/div/span"}
COMMAND: POST /session/92e25ae387a06d821b008f80a04495e6/execute/sync - {"script":"<script> [56 bytes]","args":[{"element-6066-11e4-a52e-4f735466cecf":"f.2AE10C335A97376731A182912FB7EE33.d.446F859C058652ED7E34153F802D4004.e.6318","ELEMENT":"f.2AE10C335A97376731A182912FB7EE33.d.446F859C058652ED7E34153F802D4004.e.6318"}]}
RESULT: {"script":"<script> [56 bytes]","args":[{"element-6066-11e4-a52e-4f735466cecf":"f.2AE10C335A97376731A182912FB7EE33.d.446F859C058652ED7E34153F802D4004.e.6318","ELEMENT":"f.2AE10C335A97376731A182912FB7EE33.d.446F859C058652ED7E34153F802D4004.e.6318"}]}
COMMAND: POST /session/92e25ae387a06d821b008f80a04495e6/element - {"using":"xpath","value":"//table[contains(@id, \"smartFilterBar-filterItemControl_BASIC-YARD-valueHelpDialog-table-table\")]/tbody/tr[2]/td[1]/div/span"}
COMMAND: GET /session/92e25ae387a06d821b008f80a04495e6/screenshot - {}
RESULT: {"using":"xpath","value":"//table[contains(@id, \"smartFilterBar-filterItemControl_BASIC-YARD-valueHelpDialog-table-table\")]/tbody/tr[2]/td[1]/div/span"}
COMMAND: POST /session/92e25ae387a06d821b008f80a04495e6/elements - {"using":"xpath","value":"//table[contains(@id, \"smartFilterBar-filterItemControl_BASIC-YARD-valueHelpDialog-table-table\")]/tbody/tr[2]/td[1]/div/span"}
RESULT: {}
RESULT: {"using":"xpath","value":"//table[contains(@id, \"smartFilterBar-filterItemControl_BASIC-YARD-valueHelpDialog-table-table\")]/tbody/tr[2]/td[1]/div/span"}
COMMAND: POST /session/92e25ae387a06d821b008f80a04495e6/execute/sync - {"script":"<script> [56 bytes]","args":[{"element-6066-11e4-a52e-4f735466cecf":"f.2AE10C335A97376731A182912FB7EE33.d.446F859C058652ED7E34153F802D4004.e.6319","ELEMENT":"f.2AE10C335A97376731A182912FB7EE33.d.446F859C058652ED7E34153F802D4004.e.6319"}]}
RESULT: {"script":"<script> [56 bytes]","args":[{"element-6066-11e4-a52e-4f735466cecf":"f.2AE10C335A97376731A182912FB7EE33.d.446F859C058652ED7E34153F802D4004.e.6319","ELEMENT":"f.2AE10C335A97376731A182912FB7EE33.d.446F859C058652ED7E34153F802D4004.e.6319"}]}
COMMAND: POST /session/92e25ae387a06d821b008f80a04495e6/element - {"using":"xpath","value":"//table[contains(@id, \"smartFilterBar-filterItemControl_BASIC-YARD-valueHelpDialog-table-table\")]/tbody/tr[3]/td[1]/div/span"}
COMMAND: GET /session/92e25ae387a06d821b008f80a04495e6/screenshot - {}
RESULT: {"using":"xpath","value":"//table[contains(@id, \"smartFilterBar-filterItemControl_BASIC-YARD-valueHelpDialog-table-table\")]/tbody/tr[3]/td[1]/div/span"}
COMMAND: POST /session/92e25ae387a06d821b008f80a04495e6/elements - {"using":"xpath","value":"//table[contains(@id, \"smartFilterBar-filterItemControl_BASIC-YARD-valueHelpDialog-table-table\")]/tbody/tr[3]/td[1]/div/span"}
RESULT: {}
RESULT: {"using":"xpath","value":"//table[contains(@id, \"smartFilterBar-filterItemControl_BASIC-YARD-valueHelpDialog-table-table\")]/tbody/tr[3]/td[1]/div/span"}
COMMAND: POST /session/92e25ae387a06d821b008f80a04495e6/execute/sync - {"script":"<script> [56 bytes]","args":[{"element-6066-11e4-a52e-4f735466cecf":"f.2AE10C335A97376731A182912FB7EE33.d.446F859C058652ED7E34153F802D4004.e.6320","ELEMENT":"f.2AE10C335A97376731A182912FB7EE33.d.446F859C058652ED7E34153F802D4004.e.6320"}]}
RESULT: {"script":"<script> [56 bytes]","args":[{"element-6066-11e4-a52e-4f735466cecf":"f.2AE10C335A97376731A182912FB7EE33.d.446F859C058652ED7E34153F802D4004.e.6320","ELEMENT":"f.2AE10C335A97376731A182912FB7EE33.d.446F859C058652ED7E34153F802D4004.e.6320"}]}
COMMAND: POST /session/92e25ae387a06d821b008f80a04495e6/element - {"using":"xpath","value":"//div[contains(@id, \"filterItemControl_BASIC-YARD-valueHelpDialog-table-rowsel2\")]"}
COMMAND: GET /session/92e25ae387a06d821b008f80a04495e6/screenshot - {}
RESULT: {"using":"xpath","value":"//div[contains(@id, \"filterItemControl_BASIC-YARD-valueHelpDialog-table-rowsel2\")]"}
COMMAND: POST /session/92e25ae387a06d821b008f80a04495e6/element/f.2AE10C335A97376731A182912FB7EE33.d.446F859C058652ED7E34153F802D4004.e.6321/click - {}
RESULT: {}
RESULT: {}
COMMAND: GET /session/92e25ae387a06d821b008f80a04495e6/screenshot - {}
RESULT: {}
COMMAND: POST /session/92e25ae387a06d821b008f80a04495e6/element - {"using":"xpath","value":"(//bdi[contains(text(), \"OK\")])[1]"}
RESULT: {"using":"xpath","value":"(//bdi[contains(text(), \"OK\")])[1]"}
COMMAND: POST /session/92e25ae387a06d821b008f80a04495e6/element/f.2AE10C335A97376731A182912FB7EE33.d.446F859C058652ED7E34153F802D4004.e.6323/click - {}
RESULT: {}
COMMAND: GET /session/92e25ae387a06d821b008f80a04495e6/screenshot - {}
RESULT: {}
COMMAND: POST /session/92e25ae387a06d821b008f80a04495e6/element - {"using":"xpath","value":"//span[@id=\"application-managepartners-display-component---masterPtm--smartTable-header-inner\"]"}
RESULT: {"using":"xpath","value":"//span[@id=\"application-managepartners-display-component---masterPtm--smartTable-header-inner\"]"}
COMMAND: POST /session/92e25ae387a06d821b008f80a04495e6/elements - {"using":"xpath","value":"//span[@id=\"application-managepartners-display-component---masterPtm--smartTable-header-inner\"]"}
RESULT: {"using":"xpath","value":"//span[@id=\"application-managepartners-display-component---masterPtm--smartTable-header-inner\"]"}
COMMAND: POST /session/92e25ae387a06d821b008f80a04495e6/execute/sync - {"script":"<script> [56 bytes]","args":[{"element-6066-11e4-a52e-4f735466cecf":"f.2AE10C335A97376731A182912FB7EE33.d.446F859C058652ED7E34153F802D4004.e.5991","ELEMENT":"f.2AE10C335A97376731A182912FB7EE33.d.446F859C058652ED7E34153F802D4004.e.5991"}]}
RESULT: {"script":"<script> [56 bytes]","args":[{"element-6066-11e4-a52e-4f735466cecf":"f.2AE10C335A97376731A182912FB7EE33.d.446F859C058652ED7E34153F802D4004.e.5991","ELEMENT":"f.2AE10C335A97376731A182912FB7EE33.d.446F859C058652ED7E34153F802D4004.e.5991"}]}
COMMAND: POST /session/92e25ae387a06d821b008f80a04495e6/element - {"using":"xpath","value":"//span[contains(@title, \"Remove\")]"}
COMMAND: GET /session/92e25ae387a06d821b008f80a04495e6/screenshot - {}
RESULT: {"using":"xpath","value":"//span[contains(@title, \"Remove\")]"}
COMMAND: POST /session/92e25ae387a06d821b008f80a04495e6/element/f.2AE10C335A97376731A182912FB7EE33.d.446F859C058652ED7E34153F802D4004.e.6335/click - {}
RESULT: {}
RESULT: {}
COMMAND: GET /session/92e25ae387a06d821b008f80a04495e6/screenshot - {}
RESULT: {}
COMMAND: POST /session/92e25ae387a06d821b008f80a04495e6/element - {"using":"xpath","value":"//span[@id=\"application-managepartners-display-component---masterPtm--smartTable-header-inner\"]"}
RESULT: {"using":"xpath","value":"//span[@id=\"application-managepartners-display-component---masterPtm--smartTable-header-inner\"]"}
COMMAND: POST /session/92e25ae387a06d821b008f80a04495e6/elements - {"using":"xpath","value":"//span[@id=\"application-managepartners-display-component---masterPtm--smartTable-header-inner\"]"}
RESULT: {"using":"xpath","value":"//span[@id=\"application-managepartners-display-component---masterPtm--smartTable-header-inner\"]"}
COMMAND: POST /session/92e25ae387a06d821b008f80a04495e6/execute/sync - {"script":"<script> [56 bytes]","args":[{"element-6066-11e4-a52e-4f735466cecf":"f.2AE10C335A97376731A182912FB7EE33.d.446F859C058652ED7E34153F802D4004.e.5991","ELEMENT":"f.2AE10C335A97376731A182912FB7EE33.d.446F859C058652ED7E34153F802D4004.e.5991"}]}
RESULT: {"script":"<script> [56 bytes]","args":[{"element-6066-11e4-a52e-4f735466cecf":"f.2AE10C335A97376731A182912FB7EE33.d.446F859C058652ED7E34153F802D4004.e.5991","ELEMENT":"f.2AE10C335A97376731A182912FB7EE33.d.446F859C058652ED7E34153F802D4004.e.5991"}]}
COMMAND: POST /session/92e25ae387a06d821b008f80a04495e6/execute/async - {"script":"<script> [1562 bytes]","args":[{"selector":{"id":"application-managepartners-display-component---masterPtm--smartFilterBar-filterItemControl_BASIC-ALL_TAGS-vhi"},"wdio_ui5_key":"applicationmanagepartners-display-component---masterPtm--smartFilterBar-filterItemControl_BASIC-ALL_TAGS-vhi"}]}
COMMAND: GET /session/92e25ae387a06d821b008f80a04495e6/screenshot - {}
RESULT: {"script":"<script> [1562 bytes]","args":[{"selector":{"id":"application-managepartners-display-component---masterPtm--smartFilterBar-filterItemControl_BASIC-ALL_TAGS-vhi"},"wdio_ui5_key":"applicationmanagepartners-display-component---masterPtm--smartFilterBar-filterItemControl_BASIC-ALL_TAGS-vhi"}]}
RESULT: undefined
COMMAND: POST /session/92e25ae387a06d821b008f80a04495e6/element - {"using":"xpath","value":"//*[@id=\"application-managepartners-display-component---masterPtm--smartFilterBar-filterItemControl_BASIC-ALL_TAGS-vhi\"]"}
RESULT: {}
RESULT: {"using":"xpath","value":"//*[@id=\"application-managepartners-display-component---masterPtm--smartFilterBar-filterItemControl_BASIC-ALL_TAGS-vhi\"]"}
COMMAND: POST /session/92e25ae387a06d821b008f80a04495e6/element/f.2AE10C335A97376731A182912FB7EE33.d.446F859C058652ED7E34153F802D4004.e.6437/click - {}
RESULT: {}
COMMAND: GET /session/92e25ae387a06d821b008f80a04495e6/screenshot - {}
RESULT: {}
COMMAND: POST /session/92e25ae387a06d821b008f80a04495e6/execute/async - {"script":"<script> [1562 bytes]","args":[{"selector":{"id":"application-managepartners-display-component---masterPtm--smartFilterBar-filterItemControl_BASIC-ALL_TAGS-valueHelpDialog-smartFilterBar-btnBasicSearch","searchOpenDialogs":true,"interaction":{"idSuffix":"I"}},"wdio_ui5_key":"applicationmanagepartners-display-component---masterPtm--smartFilterBar-filterItemControl_BASIC-ALL_TAGS-valueHelpDialog-smartFilterBar-btnBasicSearch"}]}
RESULT: {"script":"<script> [1562 bytes]","args":[{"selector":{"id":"application-managepartners-display-component---masterPtm--smartFilterBar-filterItemControl_BASIC-ALL_TAGS-valueHelpDialog-smartFilterBar-btnBasicSearch","searchOpenDialogs":true,"interaction":{"idSuffix":"I"}},"wdio_ui5_key":"applicationmanagepartners-display-component---masterPtm--smartFilterBar-filterItemControl_BASIC-ALL_TAGS-valueHelpDialog-smartFilterBar-btnBasicSearch"}]}
RESULT: undefined
COMMAND: POST /session/92e25ae387a06d821b008f80a04495e6/execute/async - {"script":"<script> [776 bytes]","args":[{"enterText":"test-tag-1","selector":{"id":"application-managepartners-display-component---masterPtm--smartFilterBar-filterItemControl_BASIC-ALL_TAGS-valueHelpDialog-smartFilterBar-btnBasicSearch","searchOpenDialogs":true,"interaction":{"idSuffix":"I"}},"clearTextFirst":true,"interactionType":"ENTER_TEXT"}]}
RESULT: {"script":"<script> [776 bytes]","args":[{"enterText":"test-tag-1","selector":{"id":"application-managepartners-display-component---masterPtm--smartFilterBar-filterItemControl_BASIC-ALL_TAGS-valueHelpDialog-smartFilterBar-btnBasicSearch","searchOpenDialogs":true,"interaction":{"idSuffix":"I"}},"clearTextFirst":true,"interactionType":"ENTER_TEXT"}]}
COMMAND: POST /session/92e25ae387a06d821b008f80a04495e6/actions - {"actions":[{"id":"action20","type":"key","parameters":{},"actions":[{"type":"keyDown","value":"î€‡"},{"type":"pause","duration":10},{"type":"keyUp","value":"î€‡"}]}]}
RESULT: {"actions":[{"id":"action20","type":"key","parameters":{},"actions":[{"type":"keyDown","value":"î€‡"},{"type":"pause","duration":10},{"type":"keyUp","value":"î€‡"}]}]}
COMMAND: POST /session/92e25ae387a06d821b008f80a04495e6/elements - {"using":"xpath","value":"//table[contains(@id, \"smartFilterBar-filterItemControl_BASIC-ALL_TAGS-valueHelpDialog-table-table\")]/tbody/tr"}
COMMAND: GET /session/92e25ae387a06d821b008f80a04495e6/screenshot - {}
RESULT: {"using":"xpath","value":"//table[contains(@id, \"smartFilterBar-filterItemControl_BASIC-ALL_TAGS-valueHelpDialog-table-table\")]/tbody/tr"}
COMMAND: POST /session/92e25ae387a06d821b008f80a04495e6/element - {"using":"xpath","value":"//table[contains(@id, \"smartFilterBar-filterItemControl_BASIC-ALL_TAGS-valueHelpDialog-table-table\")]/tbody/tr[1]/td[1]/div/span"}
RESULT: {}
RESULT: {"using":"xpath","value":"//table[contains(@id, \"smartFilterBar-filterItemControl_BASIC-ALL_TAGS-valueHelpDialog-table-table\")]/tbody/tr[1]/td[1]/div/span"}
COMMAND: POST /session/92e25ae387a06d821b008f80a04495e6/elements - {"using":"xpath","value":"//table[contains(@id, \"smartFilterBar-filterItemControl_BASIC-ALL_TAGS-valueHelpDialog-table-table\")]/tbody/tr[1]/td[1]/div/span"}
RESULT: {"using":"xpath","value":"//table[contains(@id, \"smartFilterBar-filterItemControl_BASIC-ALL_TAGS-valueHelpDialog-table-table\")]/tbody/tr[1]/td[1]/div/span"}
COMMAND: POST /session/92e25ae387a06d821b008f80a04495e6/execute/sync - {"script":"<script> [56 bytes]","args":[{"element-6066-11e4-a52e-4f735466cecf":"f.2AE10C335A97376731A182912FB7EE33.d.446F859C058652ED7E34153F802D4004.e.6459","ELEMENT":"f.2AE10C335A97376731A182912FB7EE33.d.446F859C058652ED7E34153F802D4004.e.6459"}]}
RESULT: {"script":"<script> [56 bytes]","args":[{"element-6066-11e4-a52e-4f735466cecf":"f.2AE10C335A97376731A182912FB7EE33.d.446F859C058652ED7E34153F802D4004.e.6459","ELEMENT":"f.2AE10C335A97376731A182912FB7EE33.d.446F859C058652ED7E34153F802D4004.e.6459"}]}
COMMAND: POST /session/92e25ae387a06d821b008f80a04495e6/element - {"using":"xpath","value":"//div[contains(@id, \"filterItemControl_BASIC-ALL_TAGS-valueHelpDialog-table-rowsel0\")]"}
COMMAND: GET /session/92e25ae387a06d821b008f80a04495e6/screenshot - {}
RESULT: {"using":"xpath","value":"//div[contains(@id, \"filterItemControl_BASIC-ALL_TAGS-valueHelpDialog-table-rowsel0\")]"}
COMMAND: POST /session/92e25ae387a06d821b008f80a04495e6/element/f.2AE10C335A97376731A182912FB7EE33.d.446F859C058652ED7E34153F802D4004.e.6460/click - {}
RESULT: {}
RESULT: {}
COMMAND: GET /session/92e25ae387a06d821b008f80a04495e6/screenshot - {}
RESULT: {}
COMMAND: POST /session/92e25ae387a06d821b008f80a04495e6/element - {"using":"xpath","value":"(//bdi[contains(text(), \"OK\")])[1]"}
RESULT: {"using":"xpath","value":"(//bdi[contains(text(), \"OK\")])[1]"}
COMMAND: POST /session/92e25ae387a06d821b008f80a04495e6/element/f.2AE10C335A97376731A182912FB7EE33.d.446F859C058652ED7E34153F802D4004.e.6462/click - {}
RESULT: {}
COMMAND: GET /session/92e25ae387a06d821b008f80a04495e6/screenshot - {}
RESULT: {}
COMMAND: POST /session/92e25ae387a06d821b008f80a04495e6/element - {"using":"xpath","value":"//span[@id=\"application-managepartners-display-component---masterPtm--smartTable-header-inner\"]"}
RESULT: {"using":"xpath","value":"//span[@id=\"application-managepartners-display-component---masterPtm--smartTable-header-inner\"]"}
COMMAND: POST /session/92e25ae387a06d821b008f80a04495e6/elements - {"using":"xpath","value":"//span[@id=\"application-managepartners-display-component---masterPtm--smartTable-header-inner\"]"}
RESULT: {"using":"xpath","value":"//span[@id=\"application-managepartners-display-component---masterPtm--smartTable-header-inner\"]"}
COMMAND: POST /session/92e25ae387a06d821b008f80a04495e6/execute/sync - {"script":"<script> [56 bytes]","args":[{"element-6066-11e4-a52e-4f735466cecf":"f.2AE10C335A97376731A182912FB7EE33.d.446F859C058652ED7E34153F802D4004.e.5991","ELEMENT":"f.2AE10C335A97376731A182912FB7EE33.d.446F859C058652ED7E34153F802D4004.e.5991"}]}
RESULT: {"script":"<script> [56 bytes]","args":[{"element-6066-11e4-a52e-4f735466cecf":"f.2AE10C335A97376731A182912FB7EE33.d.446F859C058652ED7E34153F802D4004.e.5991","ELEMENT":"f.2AE10C335A97376731A182912FB7EE33.d.446F859C058652ED7E34153F802D4004.e.5991"}]}
COMMAND: POST /session/92e25ae387a06d821b008f80a04495e6/element - {"using":"xpath","value":"//span[contains(@title, \"Remove\")]"}
COMMAND: GET /session/92e25ae387a06d821b008f80a04495e6/screenshot - {}
RESULT: {"using":"xpath","value":"//span[contains(@title, \"Remove\")]"}
COMMAND: POST /session/92e25ae387a06d821b008f80a04495e6/element/f.2AE10C335A97376731A182912FB7EE33.d.446F859C058652ED7E34153F802D4004.e.6483/click - {}
RESULT: {}
RESULT: {}
COMMAND: GET /session/92e25ae387a06d821b008f80a04495e6/screenshot - {}
RESULT: {}
COMMAND: POST /session/92e25ae387a06d821b008f80a04495e6/execute/async - {"script":"<script> [1562 bytes]","args":[{"selector":{"id":"application-managepartners-display-component---masterPtm--partnerTypes-arrow"},"wdio_ui5_key":"applicationmanagepartners-display-component---masterPtm--partnerTypes-arrow"}]}
RESULT: {"script":"<script> [1562 bytes]","args":[{"selector":{"id":"application-managepartners-display-component---masterPtm--partnerTypes-arrow"},"wdio_ui5_key":"applicationmanagepartners-display-component---masterPtm--partnerTypes-arrow"}]}
RESULT: undefined
COMMAND: POST /session/92e25ae387a06d821b008f80a04495e6/element - {"using":"xpath","value":"//*[@id=\"application-managepartners-display-component---masterPtm--partnerTypes-arrow\"]"}
RESULT: {"using":"xpath","value":"//*[@id=\"application-managepartners-display-component---masterPtm--partnerTypes-arrow\"]"}
COMMAND: POST /session/92e25ae387a06d821b008f80a04495e6/element/f.2AE10C335A97376731A182912FB7EE33.d.446F859C058652ED7E34153F802D4004.e.6587/click - {}
RESULT: {}
COMMAND: GET /session/92e25ae387a06d821b008f80a04495e6/screenshot - {}
RESULT: {}
COMMAND: POST /session/92e25ae387a06d821b008f80a04495e6/element - {"using":"xpath","value":"//li[.//span[text()=\"External partner\"]]//div[contains(@class,\"sapMCbBg\")]"}
RESULT: {"using":"xpath","value":"//li[.//span[text()=\"External partner\"]]//div[contains(@class,\"sapMCbBg\")]"}
COMMAND: POST /session/92e25ae387a06d821b008f80a04495e6/element/f.2AE10C335A97376731A182912FB7EE33.d.446F859C058652ED7E34153F802D4004.e.6590/click - {}
RESULT: {}
COMMAND: GET /session/92e25ae387a06d821b008f80a04495e6/screenshot - {}
RESULT: {}
COMMAND: POST /session/92e25ae387a06d821b008f80a04495e6/element - {"using":"xpath","value":"//span[@id=\"application-managepartners-display-component---masterPtm--smartTable-header-inner\"]"}
RESULT: {"using":"xpath","value":"//span[@id=\"application-managepartners-display-component---masterPtm--smartTable-header-inner\"]"}
COMMAND: POST /session/92e25ae387a06d821b008f80a04495e6/elements - {"using":"xpath","value":"//span[@id=\"application-managepartners-display-component---masterPtm--smartTable-header-inner\"]"}
RESULT: {"using":"xpath","value":"//span[@id=\"application-managepartners-display-component---masterPtm--smartTable-header-inner\"]"}
COMMAND: POST /session/92e25ae387a06d821b008f80a04495e6/execute/sync - {"script":"<script> [56 bytes]","args":[{"element-6066-11e4-a52e-4f735466cecf":"f.2AE10C335A97376731A182912FB7EE33.d.446F859C058652ED7E34153F802D4004.e.5991","ELEMENT":"f.2AE10C335A97376731A182912FB7EE33.d.446F859C058652ED7E34153F802D4004.e.5991"}]}
RESULT: {"script":"<script> [56 bytes]","args":[{"element-6066-11e4-a52e-4f735466cecf":"f.2AE10C335A97376731A182912FB7EE33.d.446F859C058652ED7E34153F802D4004.e.5991","ELEMENT":"f.2AE10C335A97376731A182912FB7EE33.d.446F859C058652ED7E34153F802D4004.e.5991"}]}
COMMAND: POST /session/92e25ae387a06d821b008f80a04495e6/element - {"using":"xpath","value":"//span[contains(@title, \"Remove\")]"}
COMMAND: GET /session/92e25ae387a06d821b008f80a04495e6/screenshot - {}
RESULT: {"using":"xpath","value":"//span[contains(@title, \"Remove\")]"}
COMMAND: POST /session/92e25ae387a06d821b008f80a04495e6/element/f.2AE10C335A97376731A182912FB7EE33.d.446F859C058652ED7E34153F802D4004.e.6635/click - {}
RESULT: {}
RESULT: {}
COMMAND: GET /session/92e25ae387a06d821b008f80a04495e6/screenshot - {}
RESULT: {}
COMMAND: POST /session/92e25ae387a06d821b008f80a04495e6/execute/async - {"script":"<script> [1562 bytes]","args":[{"selector":{"id":"application-managepartners-display-component---masterPtm--smartFilterBar-btnFilters","interaction":{"idSuffix":"BDI-content"}},"wdio_ui5_key":"applicationmanagepartners-display-component---masterPtm--smartFilterBar-btnFilters"}]}
RESULT: {"script":"<script> [1562 bytes]","args":[{"selector":{"id":"application-managepartners-display-component---masterPtm--smartFilterBar-btnFilters","interaction":{"idSuffix":"BDI-content"}},"wdio_ui5_key":"applicationmanagepartners-display-component---masterPtm--smartFilterBar-btnFilters"}]}
RESULT: undefined
COMMAND: POST /session/92e25ae387a06d821b008f80a04495e6/element - {"using":"xpath","value":"//*[@id=\"application-managepartners-display-component---masterPtm--smartFilterBar-btnFilters\"]"}
RESULT: {"using":"xpath","value":"//*[@id=\"application-managepartners-display-component---masterPtm--smartFilterBar-btnFilters\"]"}
COMMAND: POST /session/92e25ae387a06d821b008f80a04495e6/element/f.2AE10C335A97376731A182912FB7EE33.d.446F859C058652ED7E34153F802D4004.e.5831/click - {}
RESULT: {}
COMMAND: GET /session/92e25ae387a06d821b008f80a04495e6/screenshot - {}
RESULT: {}
COMMAND: POST /session/92e25ae387a06d821b008f80a04495e6/elements - {"using":"xpath","value":"//table[contains(@id, \"listView-innerSelectionPanelTable-listUl\")]/tbody/tr"}
RESULT: {"using":"xpath","value":"//table[contains(@id, \"listView-innerSelectionPanelTable-listUl\")]/tbody/tr"}
COMMAND: POST /session/92e25ae387a06d821b008f80a04495e6/element - {"using":"xpath","value":"//table[contains(@id, \"listView-innerSelectionPanelTable-listUl\")]/tbody/tr[2]/td[2]/div/div"}
RESULT: {"using":"xpath","value":"//table[contains(@id, \"listView-innerSelectionPanelTable-listUl\")]/tbody/tr[2]/td[2]/div/div"}
COMMAND: POST /session/92e25ae387a06d821b008f80a04495e6/element - {"using":"xpath","value":"//table[contains(@id, \"listView-innerSelectionPanelTable-listUl\")]/tbody/tr[2]/td[2]/div"}
RESULT: {"using":"xpath","value":"//table[contains(@id, \"listView-innerSelectionPanelTable-listUl\")]/tbody/tr[2]/td[2]/div"}
COMMAND: POST /session/92e25ae387a06d821b008f80a04495e6/element - {"using":"xpath","value":"//table[contains(@id, \"listView-innerSelectionPanelTable-listUl\")]/tbody/tr[2]/td[3]/div/div/span/span[1]/bdi"}
RESULT: {"using":"xpath","value":"//table[contains(@id, \"listView-innerSelectionPanelTable-listUl\")]/tbody/tr[2]/td[3]/div/div/span/span[1]/bdi"}
COMMAND: POST /session/92e25ae387a06d821b008f80a04495e6/execute/sync - {"script":"<script> [56 bytes]","args":[{"element-6066-11e4-a52e-4f735466cecf":"f.2AE10C335A97376731A182912FB7EE33.d.446F859C058652ED7E34153F802D4004.e.6743","ELEMENT":"f.2AE10C335A97376731A182912FB7EE33.d.446F859C058652ED7E34153F802D4004.e.6743"}]}
RESULT: {"script":"<script> [56 bytes]","args":[{"element-6066-11e4-a52e-4f735466cecf":"f.2AE10C335A97376731A182912FB7EE33.d.446F859C058652ED7E34153F802D4004.e.6743","ELEMENT":"f.2AE10C335A97376731A182912FB7EE33.d.446F859C058652ED7E34153F802D4004.e.6743"}]}
COMMAND: GET /session/92e25ae387a06d821b008f80a04495e6/element/f.2AE10C335A97376731A182912FB7EE33.d.446F859C058652ED7E34153F802D4004.e.6742/attribute/aria-checked - {}
COMMAND: GET /session/92e25ae387a06d821b008f80a04495e6/screenshot - {}
RESULT: {}
COMMAND: POST /session/92e25ae387a06d821b008f80a04495e6/element - {"using":"xpath","value":"//table[contains(@id, \"listView-innerSelectionPanelTable-listUl\")]/tbody/tr[3]/td[2]/div/div"}
RESULT: {}
RESULT: {"using":"xpath","value":"//table[contains(@id, \"listView-innerSelectionPanelTable-listUl\")]/tbody/tr[3]/td[2]/div/div"}
COMMAND: POST /session/92e25ae387a06d821b008f80a04495e6/element - {"using":"xpath","value":"//table[contains(@id, \"listView-innerSelectionPanelTable-listUl\")]/tbody/tr[3]/td[2]/div"}
RESULT: {"using":"xpath","value":"//table[contains(@id, \"listView-innerSelectionPanelTable-listUl\")]/tbody/tr[3]/td[2]/div"}
COMMAND: POST /session/92e25ae387a06d821b008f80a04495e6/element - {"using":"xpath","value":"//table[contains(@id, \"listView-innerSelectionPanelTable-listUl\")]/tbody/tr[3]/td[3]/div/div/span/span[1]/bdi"}
RESULT: {"using":"xpath","value":"//table[contains(@id, \"listView-innerSelectionPanelTable-listUl\")]/tbody/tr[3]/td[3]/div/div/span/span[1]/bdi"}
COMMAND: POST /session/92e25ae387a06d821b008f80a04495e6/execute/sync - {"script":"<script> [56 bytes]","args":[{"element-6066-11e4-a52e-4f735466cecf":"f.2AE10C335A97376731A182912FB7EE33.d.446F859C058652ED7E34153F802D4004.e.6746","ELEMENT":"f.2AE10C335A97376731A182912FB7EE33.d.446F859C058652ED7E34153F802D4004.e.6746"}]}
RESULT: {"script":"<script> [56 bytes]","args":[{"element-6066-11e4-a52e-4f735466cecf":"f.2AE10C335A97376731A182912FB7EE33.d.446F859C058652ED7E34153F802D4004.e.6746","ELEMENT":"f.2AE10C335A97376731A182912FB7EE33.d.446F859C058652ED7E34153F802D4004.e.6746"}]}
COMMAND: GET /session/92e25ae387a06d821b008f80a04495e6/element/f.2AE10C335A97376731A182912FB7EE33.d.446F859C058652ED7E34153F802D4004.e.6745/attribute/aria-checked - {}
COMMAND: GET /session/92e25ae387a06d821b008f80a04495e6/screenshot - {}
RESULT: {}
COMMAND: POST /session/92e25ae387a06d821b008f80a04495e6/element - {"using":"xpath","value":"//table[contains(@id, \"listView-innerSelectionPanelTable-listUl\")]/tbody/tr[4]/td[2]/div/div"}
RESULT: {}
RESULT: {"using":"xpath","value":"//table[contains(@id, \"listView-innerSelectionPanelTable-listUl\")]/tbody/tr[4]/td[2]/div/div"}
COMMAND: POST /session/92e25ae387a06d821b008f80a04495e6/element - {"using":"xpath","value":"//table[contains(@id, \"listView-innerSelectionPanelTable-listUl\")]/tbody/tr[4]/td[2]/div"}
RESULT: {"using":"xpath","value":"//table[contains(@id, \"listView-innerSelectionPanelTable-listUl\")]/tbody/tr[4]/td[2]/div"}
COMMAND: POST /session/92e25ae387a06d821b008f80a04495e6/element - {"using":"xpath","value":"//table[contains(@id, \"listView-innerSelectionPanelTable-listUl\")]/tbody/tr[4]/td[3]/div/div/span/span[1]/bdi"}
RESULT: {"using":"xpath","value":"//table[contains(@id, \"listView-innerSelectionPanelTable-listUl\")]/tbody/tr[4]/td[3]/div/div/span/span[1]/bdi"}
COMMAND: POST /session/92e25ae387a06d821b008f80a04495e6/execute/sync - {"script":"<script> [56 bytes]","args":[{"element-6066-11e4-a52e-4f735466cecf":"f.2AE10C335A97376731A182912FB7EE33.d.446F859C058652ED7E34153F802D4004.e.6749","ELEMENT":"f.2AE10C335A97376731A182912FB7EE33.d.446F859C058652ED7E34153F802D4004.e.6749"}]}
RESULT: {"script":"<script> [56 bytes]","args":[{"element-6066-11e4-a52e-4f735466cecf":"f.2AE10C335A97376731A182912FB7EE33.d.446F859C058652ED7E34153F802D4004.e.6749","ELEMENT":"f.2AE10C335A97376731A182912FB7EE33.d.446F859C058652ED7E34153F802D4004.e.6749"}]}
COMMAND: GET /session/92e25ae387a06d821b008f80a04495e6/element/f.2AE10C335A97376731A182912FB7EE33.d.446F859C058652ED7E34153F802D4004.e.6748/attribute/aria-checked - {}
COMMAND: GET /session/92e25ae387a06d821b008f80a04495e6/screenshot - {}
RESULT: {}
COMMAND: POST /session/92e25ae387a06d821b008f80a04495e6/element - {"using":"xpath","value":"//table[contains(@id, \"listView-innerSelectionPanelTable-listUl\")]/tbody/tr[5]/td[2]/div/div"}
RESULT: {}
RESULT: {"using":"xpath","value":"//table[contains(@id, \"listView-innerSelectionPanelTable-listUl\")]/tbody/tr[5]/td[2]/div/div"}
COMMAND: POST /session/92e25ae387a06d821b008f80a04495e6/element - {"using":"xpath","value":"//table[contains(@id, \"listView-innerSelectionPanelTable-listUl\")]/tbody/tr[5]/td[2]/div"}
RESULT: {"using":"xpath","value":"//table[contains(@id, \"listView-innerSelectionPanelTable-listUl\")]/tbody/tr[5]/td[2]/div"}
COMMAND: POST /session/92e25ae387a06d821b008f80a04495e6/element - {"using":"xpath","value":"//table[contains(@id, \"listView-innerSelectionPanelTable-listUl\")]/tbody/tr[5]/td[3]/div/div/span/span[1]/bdi"}
RESULT: {"using":"xpath","value":"//table[contains(@id, \"listView-innerSelectionPanelTable-listUl\")]/tbody/tr[5]/td[3]/div/div/span/span[1]/bdi"}
COMMAND: POST /session/92e25ae387a06d821b008f80a04495e6/execute/sync - {"script":"<script> [56 bytes]","args":[{"element-6066-11e4-a52e-4f735466cecf":"f.2AE10C335A97376731A182912FB7EE33.d.446F859C058652ED7E34153F802D4004.e.6752","ELEMENT":"f.2AE10C335A97376731A182912FB7EE33.d.446F859C058652ED7E34153F802D4004.e.6752"}]}
RESULT: {"script":"<script> [56 bytes]","args":[{"element-6066-11e4-a52e-4f735466cecf":"f.2AE10C335A97376731A182912FB7EE33.d.446F859C058652ED7E34153F802D4004.e.6752","ELEMENT":"f.2AE10C335A97376731A182912FB7EE33.d.446F859C058652ED7E34153F802D4004.e.6752"}]}
COMMAND: GET /session/92e25ae387a06d821b008f80a04495e6/element/f.2AE10C335A97376731A182912FB7EE33.d.446F859C058652ED7E34153F802D4004.e.6751/attribute/aria-checked - {}
COMMAND: GET /session/92e25ae387a06d821b008f80a04495e6/screenshot - {}
RESULT: {}
COMMAND: POST /session/92e25ae387a06d821b008f80a04495e6/element - {"using":"xpath","value":"//table[contains(@id, \"listView-innerSelectionPanelTable-listUl\")]/tbody/tr[6]/td[2]/div/div"}
RESULT: {}
RESULT: {"using":"xpath","value":"//table[contains(@id, \"listView-innerSelectionPanelTable-listUl\")]/tbody/tr[6]/td[2]/div/div"}
COMMAND: POST /session/92e25ae387a06d821b008f80a04495e6/element - {"using":"xpath","value":"//table[contains(@id, \"listView-innerSelectionPanelTable-listUl\")]/tbody/tr[6]/td[2]/div"}
RESULT: {"using":"xpath","value":"//table[contains(@id, \"listView-innerSelectionPanelTable-listUl\")]/tbody/tr[6]/td[2]/div"}
COMMAND: POST /session/92e25ae387a06d821b008f80a04495e6/element - {"using":"xpath","value":"//table[contains(@id, \"listView-innerSelectionPanelTable-listUl\")]/tbody/tr[6]/td[3]/div/div/span/span[1]/bdi"}
RESULT: {"using":"xpath","value":"//table[contains(@id, \"listView-innerSelectionPanelTable-listUl\")]/tbody/tr[6]/td[3]/div/div/span/span[1]/bdi"}
COMMAND: POST /session/92e25ae387a06d821b008f80a04495e6/execute/sync - {"script":"<script> [56 bytes]","args":[{"element-6066-11e4-a52e-4f735466cecf":"f.2AE10C335A97376731A182912FB7EE33.d.446F859C058652ED7E34153F802D4004.e.6755","ELEMENT":"f.2AE10C335A97376731A182912FB7EE33.d.446F859C058652ED7E34153F802D4004.e.6755"}]}
RESULT: {"script":"<script> [56 bytes]","args":[{"element-6066-11e4-a52e-4f735466cecf":"f.2AE10C335A97376731A182912FB7EE33.d.446F859C058652ED7E34153F802D4004.e.6755","ELEMENT":"f.2AE10C335A97376731A182912FB7EE33.d.446F859C058652ED7E34153F802D4004.e.6755"}]}
COMMAND: GET /session/92e25ae387a06d821b008f80a04495e6/element/f.2AE10C335A97376731A182912FB7EE33.d.446F859C058652ED7E34153F802D4004.e.6754/attribute/aria-checked - {}
COMMAND: GET /session/92e25ae387a06d821b008f80a04495e6/screenshot - {}
RESULT: {}
COMMAND: POST /session/92e25ae387a06d821b008f80a04495e6/element - {"using":"xpath","value":"//table[contains(@id, \"listView-innerSelectionPanelTable-listUl\")]/tbody/tr[7]/td[2]/div/div"}
RESULT: {}
RESULT: {"using":"xpath","value":"//table[contains(@id, \"listView-innerSelectionPanelTable-listUl\")]/tbody/tr[7]/td[2]/div/div"}
COMMAND: POST /session/92e25ae387a06d821b008f80a04495e6/element - {"using":"xpath","value":"//table[contains(@id, \"listView-innerSelectionPanelTable-listUl\")]/tbody/tr[7]/td[2]/div"}
RESULT: {"using":"xpath","value":"//table[contains(@id, \"listView-innerSelectionPanelTable-listUl\")]/tbody/tr[7]/td[2]/div"}
COMMAND: POST /session/92e25ae387a06d821b008f80a04495e6/element - {"using":"xpath","value":"//table[contains(@id, \"listView-innerSelectionPanelTable-listUl\")]/tbody/tr[7]/td[3]/div/div/span/span[1]/bdi"}
RESULT: {"using":"xpath","value":"//table[contains(@id, \"listView-innerSelectionPanelTable-listUl\")]/tbody/tr[7]/td[3]/div/div/span/span[1]/bdi"}
COMMAND: POST /session/92e25ae387a06d821b008f80a04495e6/execute/sync - {"script":"<script> [56 bytes]","args":[{"element-6066-11e4-a52e-4f735466cecf":"f.2AE10C335A97376731A182912FB7EE33.d.446F859C058652ED7E34153F802D4004.e.6758","ELEMENT":"f.2AE10C335A97376731A182912FB7EE33.d.446F859C058652ED7E34153F802D4004.e.6758"}]}
RESULT: {"script":"<script> [56 bytes]","args":[{"element-6066-11e4-a52e-4f735466cecf":"f.2AE10C335A97376731A182912FB7EE33.d.446F859C058652ED7E34153F802D4004.e.6758","ELEMENT":"f.2AE10C335A97376731A182912FB7EE33.d.446F859C058652ED7E34153F802D4004.e.6758"}]}
COMMAND: GET /session/92e25ae387a06d821b008f80a04495e6/element/f.2AE10C335A97376731A182912FB7EE33.d.446F859C058652ED7E34153F802D4004.e.6757/attribute/aria-checked - {}
COMMAND: GET /session/92e25ae387a06d821b008f80a04495e6/screenshot - {}
RESULT: {}
COMMAND: POST /session/92e25ae387a06d821b008f80a04495e6/element - {"using":"xpath","value":"//table[contains(@id, \"listView-innerSelectionPanelTable-listUl\")]/tbody/tr[8]/td[2]/div/div"}
RESULT: {}
RESULT: {"using":"xpath","value":"//table[contains(@id, \"listView-innerSelectionPanelTable-listUl\")]/tbody/tr[8]/td[2]/div/div"}
COMMAND: POST /session/92e25ae387a06d821b008f80a04495e6/element - {"using":"xpath","value":"//table[contains(@id, \"listView-innerSelectionPanelTable-listUl\")]/tbody/tr[8]/td[2]/div"}
RESULT: {"using":"xpath","value":"//table[contains(@id, \"listView-innerSelectionPanelTable-listUl\")]/tbody/tr[8]/td[2]/div"}
COMMAND: POST /session/92e25ae387a06d821b008f80a04495e6/element - {"using":"xpath","value":"//table[contains(@id, \"listView-innerSelectionPanelTable-listUl\")]/tbody/tr[8]/td[3]/div/div/span/span[1]/bdi"}
RESULT: {"using":"xpath","value":"//table[contains(@id, \"listView-innerSelectionPanelTable-listUl\")]/tbody/tr[8]/td[3]/div/div/span/span[1]/bdi"}
COMMAND: POST /session/92e25ae387a06d821b008f80a04495e6/execute/sync - {"script":"<script> [56 bytes]","args":[{"element-6066-11e4-a52e-4f735466cecf":"f.2AE10C335A97376731A182912FB7EE33.d.446F859C058652ED7E34153F802D4004.e.6761","ELEMENT":"f.2AE10C335A97376731A182912FB7EE33.d.446F859C058652ED7E34153F802D4004.e.6761"}]}
RESULT: {"script":"<script> [56 bytes]","args":[{"element-6066-11e4-a52e-4f735466cecf":"f.2AE10C335A97376731A182912FB7EE33.d.446F859C058652ED7E34153F802D4004.e.6761","ELEMENT":"f.2AE10C335A97376731A182912FB7EE33.d.446F859C058652ED7E34153F802D4004.e.6761"}]}
COMMAND: GET /session/92e25ae387a06d821b008f80a04495e6/element/f.2AE10C335A97376731A182912FB7EE33.d.446F859C058652ED7E34153F802D4004.e.6760/attribute/aria-checked - {}
COMMAND: GET /session/92e25ae387a06d821b008f80a04495e6/screenshot - {}
RESULT: {}
COMMAND: POST /session/92e25ae387a06d821b008f80a04495e6/element - {"using":"xpath","value":"//table[contains(@id, \"listView-innerSelectionPanelTable-listUl\")]/tbody/tr[9]/td[2]/div/div"}
RESULT: {}
RESULT: {"using":"xpath","value":"//table[contains(@id, \"listView-innerSelectionPanelTable-listUl\")]/tbody/tr[9]/td[2]/div/div"}
COMMAND: POST /session/92e25ae387a06d821b008f80a04495e6/element - {"using":"xpath","value":"//table[contains(@id, \"listView-innerSelectionPanelTable-listUl\")]/tbody/tr[9]/td[2]/div"}
RESULT: {"using":"xpath","value":"//table[contains(@id, \"listView-innerSelectionPanelTable-listUl\")]/tbody/tr[9]/td[2]/div"}
COMMAND: POST /session/92e25ae387a06d821b008f80a04495e6/element - {"using":"xpath","value":"//table[contains(@id, \"listView-innerSelectionPanelTable-listUl\")]/tbody/tr[9]/td[3]/div/div/span/span[1]/bdi"}
RESULT: {"using":"xpath","value":"//table[contains(@id, \"listView-innerSelectionPanelTable-listUl\")]/tbody/tr[9]/td[3]/div/div/span/span[1]/bdi"}
COMMAND: POST /session/92e25ae387a06d821b008f80a04495e6/execute/sync - {"script":"<script> [56 bytes]","args":[{"element-6066-11e4-a52e-4f735466cecf":"f.2AE10C335A97376731A182912FB7EE33.d.446F859C058652ED7E34153F802D4004.e.6764","ELEMENT":"f.2AE10C335A97376731A182912FB7EE33.d.446F859C058652ED7E34153F802D4004.e.6764"}]}
RESULT: {"script":"<script> [56 bytes]","args":[{"element-6066-11e4-a52e-4f735466cecf":"f.2AE10C335A97376731A182912FB7EE33.d.446F859C058652ED7E34153F802D4004.e.6764","ELEMENT":"f.2AE10C335A97376731A182912FB7EE33.d.446F859C058652ED7E34153F802D4004.e.6764"}]}
COMMAND: GET /session/92e25ae387a06d821b008f80a04495e6/element/f.2AE10C335A97376731A182912FB7EE33.d.446F859C058652ED7E34153F802D4004.e.6763/attribute/aria-checked - {}
COMMAND: GET /session/92e25ae387a06d821b008f80a04495e6/screenshot - {}
RESULT: {}
COMMAND: POST /session/92e25ae387a06d821b008f80a04495e6/element - {"using":"xpath","value":"//table[contains(@id, \"listView-innerSelectionPanelTable-listUl\")]/tbody/tr[10]/td[2]/div/div"}
RESULT: {}
RESULT: {"using":"xpath","value":"//table[contains(@id, \"listView-innerSelectionPanelTable-listUl\")]/tbody/tr[10]/td[2]/div/div"}
COMMAND: POST /session/92e25ae387a06d821b008f80a04495e6/element - {"using":"xpath","value":"//table[contains(@id, \"listView-innerSelectionPanelTable-listUl\")]/tbody/tr[10]/td[2]/div"}
RESULT: {"using":"xpath","value":"//table[contains(@id, \"listView-innerSelectionPanelTable-listUl\")]/tbody/tr[10]/td[2]/div"}
COMMAND: POST /session/92e25ae387a06d821b008f80a04495e6/element - {"using":"xpath","value":"//table[contains(@id, \"listView-innerSelectionPanelTable-listUl\")]/tbody/tr[10]/td[3]/div/div/span/span[1]/bdi"}
RESULT: {"using":"xpath","value":"//table[contains(@id, \"listView-innerSelectionPanelTable-listUl\")]/tbody/tr[10]/td[3]/div/div/span/span[1]/bdi"}
COMMAND: POST /session/92e25ae387a06d821b008f80a04495e6/execute/sync - {"script":"<script> [56 bytes]","args":[{"element-6066-11e4-a52e-4f735466cecf":"f.2AE10C335A97376731A182912FB7EE33.d.446F859C058652ED7E34153F802D4004.e.6767","ELEMENT":"f.2AE10C335A97376731A182912FB7EE33.d.446F859C058652ED7E34153F802D4004.e.6767"}]}
RESULT: {"script":"<script> [56 bytes]","args":[{"element-6066-11e4-a52e-4f735466cecf":"f.2AE10C335A97376731A182912FB7EE33.d.446F859C058652ED7E34153F802D4004.e.6767","ELEMENT":"f.2AE10C335A97376731A182912FB7EE33.d.446F859C058652ED7E34153F802D4004.e.6767"}]}
COMMAND: GET /session/92e25ae387a06d821b008f80a04495e6/element/f.2AE10C335A97376731A182912FB7EE33.d.446F859C058652ED7E34153F802D4004.e.6766/attribute/aria-checked - {}
COMMAND: GET /session/92e25ae387a06d821b008f80a04495e6/screenshot - {}
RESULT: {}
COMMAND: POST /session/92e25ae387a06d821b008f80a04495e6/element - {"using":"xpath","value":"//table[contains(@id, \"listView-innerSelectionPanelTable-listUl\")]/tbody/tr[11]/td[2]/div/div"}
RESULT: {}
RESULT: {"using":"xpath","value":"//table[contains(@id, \"listView-innerSelectionPanelTable-listUl\")]/tbody/tr[11]/td[2]/div/div"}
COMMAND: POST /session/92e25ae387a06d821b008f80a04495e6/element - {"using":"xpath","value":"//table[contains(@id, \"listView-innerSelectionPanelTable-listUl\")]/tbody/tr[11]/td[2]/div"}
RESULT: {"using":"xpath","value":"//table[contains(@id, \"listView-innerSelectionPanelTable-listUl\")]/tbody/tr[11]/td[2]/div"}
COMMAND: POST /session/92e25ae387a06d821b008f80a04495e6/element - {"using":"xpath","value":"//table[contains(@id, \"listView-innerSelectionPanelTable-listUl\")]/tbody/tr[11]/td[3]/div/div/span/span[1]/bdi"}
RESULT: {"using":"xpath","value":"//table[contains(@id, \"listView-innerSelectionPanelTable-listUl\")]/tbody/tr[11]/td[3]/div/div/span/span[1]/bdi"}
COMMAND: POST /session/92e25ae387a06d821b008f80a04495e6/execute/sync - {"script":"<script> [56 bytes]","args":[{"element-6066-11e4-a52e-4f735466cecf":"f.2AE10C335A97376731A182912FB7EE33.d.446F859C058652ED7E34153F802D4004.e.6770","ELEMENT":"f.2AE10C335A97376731A182912FB7EE33.d.446F859C058652ED7E34153F802D4004.e.6770"}]}
RESULT: {"script":"<script> [56 bytes]","args":[{"element-6066-11e4-a52e-4f735466cecf":"f.2AE10C335A97376731A182912FB7EE33.d.446F859C058652ED7E34153F802D4004.e.6770","ELEMENT":"f.2AE10C335A97376731A182912FB7EE33.d.446F859C058652ED7E34153F802D4004.e.6770"}]}
COMMAND: GET /session/92e25ae387a06d821b008f80a04495e6/element/f.2AE10C335A97376731A182912FB7EE33.d.446F859C058652ED7E34153F802D4004.e.6769/attribute/aria-checked - {}
COMMAND: GET /session/92e25ae387a06d821b008f80a04495e6/screenshot - {}
RESULT: {}
COMMAND: POST /session/92e25ae387a06d821b008f80a04495e6/element - {"using":"xpath","value":"//table[contains(@id, \"listView-innerSelectionPanelTable-listUl\")]/tbody/tr[12]/td[2]/div/div"}
RESULT: {}
RESULT: {"using":"xpath","value":"//table[contains(@id, \"listView-innerSelectionPanelTable-listUl\")]/tbody/tr[12]/td[2]/div/div"}
COMMAND: POST /session/92e25ae387a06d821b008f80a04495e6/element - {"using":"xpath","value":"//table[contains(@id, \"listView-innerSelectionPanelTable-listUl\")]/tbody/tr[12]/td[2]/div"}
RESULT: {"using":"xpath","value":"//table[contains(@id, \"listView-innerSelectionPanelTable-listUl\")]/tbody/tr[12]/td[2]/div"}
COMMAND: POST /session/92e25ae387a06d821b008f80a04495e6/element - {"using":"xpath","value":"//table[contains(@id, \"listView-innerSelectionPanelTable-listUl\")]/tbody/tr[12]/td[3]/div/div/span/span[1]/bdi"}
RESULT: {"using":"xpath","value":"//table[contains(@id, \"listView-innerSelectionPanelTable-listUl\")]/tbody/tr[12]/td[3]/div/div/span/span[1]/bdi"}
COMMAND: POST /session/92e25ae387a06d821b008f80a04495e6/execute/sync - {"script":"<script> [56 bytes]","args":[{"element-6066-11e4-a52e-4f735466cecf":"f.2AE10C335A97376731A182912FB7EE33.d.446F859C058652ED7E34153F802D4004.e.6773","ELEMENT":"f.2AE10C335A97376731A182912FB7EE33.d.446F859C058652ED7E34153F802D4004.e.6773"}]}
RESULT: {"script":"<script> [56 bytes]","args":[{"element-6066-11e4-a52e-4f735466cecf":"f.2AE10C335A97376731A182912FB7EE33.d.446F859C058652ED7E34153F802D4004.e.6773","ELEMENT":"f.2AE10C335A97376731A182912FB7EE33.d.446F859C058652ED7E34153F802D4004.e.6773"}]}
COMMAND: GET /session/92e25ae387a06d821b008f80a04495e6/element/f.2AE10C335A97376731A182912FB7EE33.d.446F859C058652ED7E34153F802D4004.e.6772/attribute/aria-checked - {}
COMMAND: GET /session/92e25ae387a06d821b008f80a04495e6/screenshot - {}
RESULT: {}
COMMAND: POST /session/92e25ae387a06d821b008f80a04495e6/element - {"using":"xpath","value":"//table[contains(@id, \"listView-innerSelectionPanelTable-listUl\")]/tbody/tr[13]/td[2]/div/div"}
RESULT: {}
RESULT: {"using":"xpath","value":"//table[contains(@id, \"listView-innerSelectionPanelTable-listUl\")]/tbody/tr[13]/td[2]/div/div"}
COMMAND: POST /session/92e25ae387a06d821b008f80a04495e6/element - {"using":"xpath","value":"//table[contains(@id, \"listView-innerSelectionPanelTable-listUl\")]/tbody/tr[13]/td[2]/div"}
RESULT: {"using":"xpath","value":"//table[contains(@id, \"listView-innerSelectionPanelTable-listUl\")]/tbody/tr[13]/td[2]/div"}
COMMAND: POST /session/92e25ae387a06d821b008f80a04495e6/element - {"using":"xpath","value":"//table[contains(@id, \"listView-innerSelectionPanelTable-listUl\")]/tbody/tr[13]/td[3]/div/div/span/span[1]/bdi"}
RESULT: {"using":"xpath","value":"//table[contains(@id, \"listView-innerSelectionPanelTable-listUl\")]/tbody/tr[13]/td[3]/div/div/span/span[1]/bdi"}
COMMAND: POST /session/92e25ae387a06d821b008f80a04495e6/execute/sync - {"script":"<script> [56 bytes]","args":[{"element-6066-11e4-a52e-4f735466cecf":"f.2AE10C335A97376731A182912FB7EE33.d.446F859C058652ED7E34153F802D4004.e.6776","ELEMENT":"f.2AE10C335A97376731A182912FB7EE33.d.446F859C058652ED7E34153F802D4004.e.6776"}]}
RESULT: {"script":"<script> [56 bytes]","args":[{"element-6066-11e4-a52e-4f735466cecf":"f.2AE10C335A97376731A182912FB7EE33.d.446F859C058652ED7E34153F802D4004.e.6776","ELEMENT":"f.2AE10C335A97376731A182912FB7EE33.d.446F859C058652ED7E34153F802D4004.e.6776"}]}
COMMAND: GET /session/92e25ae387a06d821b008f80a04495e6/element/f.2AE10C335A97376731A182912FB7EE33.d.446F859C058652ED7E34153F802D4004.e.6775/attribute/aria-checked - {}
COMMAND: GET /session/92e25ae387a06d821b008f80a04495e6/screenshot - {}
RESULT: {}
COMMAND: POST /session/92e25ae387a06d821b008f80a04495e6/element - {"using":"xpath","value":"//table[contains(@id, \"listView-innerSelectionPanelTable-listUl\")]/tbody/tr[14]/td[2]/div/div"}
COMMAND: POST /session/92e25ae387a06d821b008f80a04495e6/element/f.2AE10C335A97376731A182912FB7EE33.d.446F859C058652ED7E34153F802D4004.e.6774/click - {}
RESULT: {}
RESULT: {}
COMMAND: GET /session/92e25ae387a06d821b008f80a04495e6/screenshot - {}
RESULT: {"using":"xpath","value":"//table[contains(@id, \"listView-innerSelectionPanelTable-listUl\")]/tbody/tr[14]/td[2]/div/div"}
COMMAND: POST /session/92e25ae387a06d821b008f80a04495e6/element - {"using":"xpath","value":"//table[contains(@id, \"listView-innerSelectionPanelTable-listUl\")]/tbody/tr[14]/td[2]/div"}
RESULT: {}
RESULT: {"using":"xpath","value":"//table[contains(@id, \"listView-innerSelectionPanelTable-listUl\")]/tbody/tr[14]/td[2]/div"}
COMMAND: POST /session/92e25ae387a06d821b008f80a04495e6/element - {"using":"xpath","value":"//table[contains(@id, \"listView-innerSelectionPanelTable-listUl\")]/tbody/tr[14]/td[3]/div/div/span/span[1]/bdi"}
RESULT: {"using":"xpath","value":"//table[contains(@id, \"listView-innerSelectionPanelTable-listUl\")]/tbody/tr[14]/td[3]/div/div/span/span[1]/bdi"}
COMMAND: POST /session/92e25ae387a06d821b008f80a04495e6/execute/sync - {"script":"<script> [56 bytes]","args":[{"element-6066-11e4-a52e-4f735466cecf":"f.2AE10C335A97376731A182912FB7EE33.d.446F859C058652ED7E34153F802D4004.e.6780","ELEMENT":"f.2AE10C335A97376731A182912FB7EE33.d.446F859C058652ED7E34153F802D4004.e.6780"}]}
RESULT: {"script":"<script> [56 bytes]","args":[{"element-6066-11e4-a52e-4f735466cecf":"f.2AE10C335A97376731A182912FB7EE33.d.446F859C058652ED7E34153F802D4004.e.6780","ELEMENT":"f.2AE10C335A97376731A182912FB7EE33.d.446F859C058652ED7E34153F802D4004.e.6780"}]}
COMMAND: GET /session/92e25ae387a06d821b008f80a04495e6/element/f.2AE10C335A97376731A182912FB7EE33.d.446F859C058652ED7E34153F802D4004.e.6779/attribute/aria-checked - {}
COMMAND: GET /session/92e25ae387a06d821b008f80a04495e6/screenshot - {}
RESULT: {}
COMMAND: POST /session/92e25ae387a06d821b008f80a04495e6/element - {"using":"xpath","value":"//table[contains(@id, \"listView-innerSelectionPanelTable-listUl\")]/tbody/tr[15]/td[2]/div/div"}
RESULT: {}
RESULT: {"using":"xpath","value":"//table[contains(@id, \"listView-innerSelectionPanelTable-listUl\")]/tbody/tr[15]/td[2]/div/div"}
COMMAND: POST /session/92e25ae387a06d821b008f80a04495e6/element - {"using":"xpath","value":"//table[contains(@id, \"listView-innerSelectionPanelTable-listUl\")]/tbody/tr[15]/td[2]/div"}
RESULT: {"using":"xpath","value":"//table[contains(@id, \"listView-innerSelectionPanelTable-listUl\")]/tbody/tr[15]/td[2]/div"}
COMMAND: POST /session/92e25ae387a06d821b008f80a04495e6/element - {"using":"xpath","value":"//table[contains(@id, \"listView-innerSelectionPanelTable-listUl\")]/tbody/tr[15]/td[3]/div/div/span/span[1]/bdi"}
RESULT: {"using":"xpath","value":"//table[contains(@id, \"listView-innerSelectionPanelTable-listUl\")]/tbody/tr[15]/td[3]/div/div/span/span[1]/bdi"}
COMMAND: POST /session/92e25ae387a06d821b008f80a04495e6/execute/sync - {"script":"<script> [56 bytes]","args":[{"element-6066-11e4-a52e-4f735466cecf":"f.2AE10C335A97376731A182912FB7EE33.d.446F859C058652ED7E34153F802D4004.e.6783","ELEMENT":"f.2AE10C335A97376731A182912FB7EE33.d.446F859C058652ED7E34153F802D4004.e.6783"}]}
RESULT: {"script":"<script> [56 bytes]","args":[{"element-6066-11e4-a52e-4f735466cecf":"f.2AE10C335A97376731A182912FB7EE33.d.446F859C058652ED7E34153F802D4004.e.6783","ELEMENT":"f.2AE10C335A97376731A182912FB7EE33.d.446F859C058652ED7E34153F802D4004.e.6783"}]}
COMMAND: GET /session/92e25ae387a06d821b008f80a04495e6/element/f.2AE10C335A97376731A182912FB7EE33.d.446F859C058652ED7E34153F802D4004.e.6782/attribute/aria-checked - {}
COMMAND: GET /session/92e25ae387a06d821b008f80a04495e6/screenshot - {}
RESULT: {}
COMMAND: POST /session/92e25ae387a06d821b008f80a04495e6/element - {"using":"xpath","value":"//table[contains(@id, \"listView-innerSelectionPanelTable-listUl\")]/tbody/tr[16]/td[2]/div/div"}
RESULT: {}
RESULT: {"using":"xpath","value":"//table[contains(@id, \"listView-innerSelectionPanelTable-listUl\")]/tbody/tr[16]/td[2]/div/div"}
COMMAND: POST /session/92e25ae387a06d821b008f80a04495e6/element - {"using":"xpath","value":"//table[contains(@id, \"listView-innerSelectionPanelTable-listUl\")]/tbody/tr[16]/td[2]/div"}
RESULT: {"using":"xpath","value":"//table[contains(@id, \"listView-innerSelectionPanelTable-listUl\")]/tbody/tr[16]/td[2]/div"}
COMMAND: POST /session/92e25ae387a06d821b008f80a04495e6/element - {"using":"xpath","value":"//table[contains(@id, \"listView-innerSelectionPanelTable-listUl\")]/tbody/tr[16]/td[3]/div/div/span/span[1]/bdi"}
RESULT: {"using":"xpath","value":"//table[contains(@id, \"listView-innerSelectionPanelTable-listUl\")]/tbody/tr[16]/td[3]/div/div/span/span[1]/bdi"}
COMMAND: POST /session/92e25ae387a06d821b008f80a04495e6/execute/sync - {"script":"<script> [56 bytes]","args":[{"element-6066-11e4-a52e-4f735466cecf":"f.2AE10C335A97376731A182912FB7EE33.d.446F859C058652ED7E34153F802D4004.e.6786","ELEMENT":"f.2AE10C335A97376731A182912FB7EE33.d.446F859C058652ED7E34153F802D4004.e.6786"}]}
RESULT: {"script":"<script> [56 bytes]","args":[{"element-6066-11e4-a52e-4f735466cecf":"f.2AE10C335A97376731A182912FB7EE33.d.446F859C058652ED7E34153F802D4004.e.6786","ELEMENT":"f.2AE10C335A97376731A182912FB7EE33.d.446F859C058652ED7E34153F802D4004.e.6786"}]}
COMMAND: GET /session/92e25ae387a06d821b008f80a04495e6/element/f.2AE10C335A97376731A182912FB7EE33.d.446F859C058652ED7E34153F802D4004.e.6785/attribute/aria-checked - {}
COMMAND: GET /session/92e25ae387a06d821b008f80a04495e6/screenshot - {}
RESULT: {}
COMMAND: POST /session/92e25ae387a06d821b008f80a04495e6/element - {"using":"xpath","value":"//table[contains(@id, \"listView-innerSelectionPanelTable-listUl\")]/tbody/tr[17]/td[2]/div/div"}
RESULT: {}
RESULT: {"using":"xpath","value":"//table[contains(@id, \"listView-innerSelectionPanelTable-listUl\")]/tbody/tr[17]/td[2]/div/div"}
COMMAND: POST /session/92e25ae387a06d821b008f80a04495e6/element - {"using":"xpath","value":"//table[contains(@id, \"listView-innerSelectionPanelTable-listUl\")]/tbody/tr[17]/td[2]/div"}
RESULT: {"using":"xpath","value":"//table[contains(@id, \"listView-innerSelectionPanelTable-listUl\")]/tbody/tr[17]/td[2]/div"}
COMMAND: POST /session/92e25ae387a06d821b008f80a04495e6/element - {"using":"xpath","value":"//table[contains(@id, \"listView-innerSelectionPanelTable-listUl\")]/tbody/tr[17]/td[3]/div/div/span/span[1]/bdi"}
RESULT: {"using":"xpath","value":"//table[contains(@id, \"listView-innerSelectionPanelTable-listUl\")]/tbody/tr[17]/td[3]/div/div/span/span[1]/bdi"}
COMMAND: POST /session/92e25ae387a06d821b008f80a04495e6/execute/sync - {"script":"<script> [56 bytes]","args":[{"element-6066-11e4-a52e-4f735466cecf":"f.2AE10C335A97376731A182912FB7EE33.d.446F859C058652ED7E34153F802D4004.e.6789","ELEMENT":"f.2AE10C335A97376731A182912FB7EE33.d.446F859C058652ED7E34153F802D4004.e.6789"}]}
RESULT: {"script":"<script> [56 bytes]","args":[{"element-6066-11e4-a52e-4f735466cecf":"f.2AE10C335A97376731A182912FB7EE33.d.446F859C058652ED7E34153F802D4004.e.6789","ELEMENT":"f.2AE10C335A97376731A182912FB7EE33.d.446F859C058652ED7E34153F802D4004.e.6789"}]}
COMMAND: GET /session/92e25ae387a06d821b008f80a04495e6/element/f.2AE10C335A97376731A182912FB7EE33.d.446F859C058652ED7E34153F802D4004.e.6788/attribute/aria-checked - {}
COMMAND: GET /session/92e25ae387a06d821b008f80a04495e6/screenshot - {}
RESULT: {}
COMMAND: POST /session/92e25ae387a06d821b008f80a04495e6/element - {"using":"xpath","value":"//table[contains(@id, \"listView-innerSelectionPanelTable-listUl\")]/tbody/tr[18]/td[2]/div/div"}
RESULT: {}
RESULT: {"using":"xpath","value":"//table[contains(@id, \"listView-innerSelectionPanelTable-listUl\")]/tbody/tr[18]/td[2]/div/div"}
COMMAND: POST /session/92e25ae387a06d821b008f80a04495e6/element - {"using":"xpath","value":"//table[contains(@id, \"listView-innerSelectionPanelTable-listUl\")]/tbody/tr[18]/td[2]/div"}
RESULT: {"using":"xpath","value":"//table[contains(@id, \"listView-innerSelectionPanelTable-listUl\")]/tbody/tr[18]/td[2]/div"}
COMMAND: POST /session/92e25ae387a06d821b008f80a04495e6/element - {"using":"xpath","value":"//table[contains(@id, \"listView-innerSelectionPanelTable-listUl\")]/tbody/tr[18]/td[3]/div/div/span/span[1]/bdi"}
RESULT: {"using":"xpath","value":"//table[contains(@id, \"listView-innerSelectionPanelTable-listUl\")]/tbody/tr[18]/td[3]/div/div/span/span[1]/bdi"}
COMMAND: POST /session/92e25ae387a06d821b008f80a04495e6/execute/sync - {"script":"<script> [56 bytes]","args":[{"element-6066-11e4-a52e-4f735466cecf":"f.2AE10C335A97376731A182912FB7EE33.d.446F859C058652ED7E34153F802D4004.e.6792","ELEMENT":"f.2AE10C335A97376731A182912FB7EE33.d.446F859C058652ED7E34153F802D4004.e.6792"}]}
RESULT: {"script":"<script> [56 bytes]","args":[{"element-6066-11e4-a52e-4f735466cecf":"f.2AE10C335A97376731A182912FB7EE33.d.446F859C058652ED7E34153F802D4004.e.6792","ELEMENT":"f.2AE10C335A97376731A182912FB7EE33.d.446F859C058652ED7E34153F802D4004.e.6792"}]}
COMMAND: GET /session/92e25ae387a06d821b008f80a04495e6/element/f.2AE10C335A97376731A182912FB7EE33.d.446F859C058652ED7E34153F802D4004.e.6791/attribute/aria-checked - {}
COMMAND: GET /session/92e25ae387a06d821b008f80a04495e6/screenshot - {}
RESULT: {}
COMMAND: POST /session/92e25ae387a06d821b008f80a04495e6/element - {"using":"xpath","value":"//table[contains(@id, \"listView-innerSelectionPanelTable-listUl\")]/tbody/tr[19]/td[2]/div/div"}
RESULT: {}
RESULT: {"using":"xpath","value":"//table[contains(@id, \"listView-innerSelectionPanelTable-listUl\")]/tbody/tr[19]/td[2]/div/div"}
COMMAND: POST /session/92e25ae387a06d821b008f80a04495e6/element - {"using":"xpath","value":"//table[contains(@id, \"listView-innerSelectionPanelTable-listUl\")]/tbody/tr[19]/td[2]/div"}
RESULT: {"using":"xpath","value":"//table[contains(@id, \"listView-innerSelectionPanelTable-listUl\")]/tbody/tr[19]/td[2]/div"}
COMMAND: POST /session/92e25ae387a06d821b008f80a04495e6/element - {"using":"xpath","value":"//table[contains(@id, \"listView-innerSelectionPanelTable-listUl\")]/tbody/tr[19]/td[3]/div/div/span/span[1]/bdi"}
RESULT: {"using":"xpath","value":"//table[contains(@id, \"listView-innerSelectionPanelTable-listUl\")]/tbody/tr[19]/td[3]/div/div/span/span[1]/bdi"}
COMMAND: POST /session/92e25ae387a06d821b008f80a04495e6/execute/sync - {"script":"<script> [56 bytes]","args":[{"element-6066-11e4-a52e-4f735466cecf":"f.2AE10C335A97376731A182912FB7EE33.d.446F859C058652ED7E34153F802D4004.e.6795","ELEMENT":"f.2AE10C335A97376731A182912FB7EE33.d.446F859C058652ED7E34153F802D4004.e.6795"}]}
RESULT: {"script":"<script> [56 bytes]","args":[{"element-6066-11e4-a52e-4f735466cecf":"f.2AE10C335A97376731A182912FB7EE33.d.446F859C058652ED7E34153F802D4004.e.6795","ELEMENT":"f.2AE10C335A97376731A182912FB7EE33.d.446F859C058652ED7E34153F802D4004.e.6795"}]}
COMMAND: GET /session/92e25ae387a06d821b008f80a04495e6/element/f.2AE10C335A97376731A182912FB7EE33.d.446F859C058652ED7E34153F802D4004.e.6794/attribute/aria-checked - {}
COMMAND: GET /session/92e25ae387a06d821b008f80a04495e6/screenshot - {}
RESULT: {}
COMMAND: POST /session/92e25ae387a06d821b008f80a04495e6/element - {"using":"xpath","value":"//table[contains(@id, \"listView-innerSelectionPanelTable-listUl\")]/tbody/tr[20]/td[2]/div/div"}
RESULT: {}
RESULT: {"using":"xpath","value":"//table[contains(@id, \"listView-innerSelectionPanelTable-listUl\")]/tbody/tr[20]/td[2]/div/div"}
COMMAND: POST /session/92e25ae387a06d821b008f80a04495e6/element - {"using":"xpath","value":"//table[contains(@id, \"listView-innerSelectionPanelTable-listUl\")]/tbody/tr[20]/td[2]/div"}
RESULT: {"using":"xpath","value":"//table[contains(@id, \"listView-innerSelectionPanelTable-listUl\")]/tbody/tr[20]/td[2]/div"}
COMMAND: POST /session/92e25ae387a06d821b008f80a04495e6/element - {"using":"xpath","value":"//table[contains(@id, \"listView-innerSelectionPanelTable-listUl\")]/tbody/tr[20]/td[3]/div/div/span/span[1]/bdi"}
RESULT: {"using":"xpath","value":"//table[contains(@id, \"listView-innerSelectionPanelTable-listUl\")]/tbody/tr[20]/td[3]/div/div/span/span[1]/bdi"}
COMMAND: POST /session/92e25ae387a06d821b008f80a04495e6/execute/sync - {"script":"<script> [56 bytes]","args":[{"element-6066-11e4-a52e-4f735466cecf":"f.2AE10C335A97376731A182912FB7EE33.d.446F859C058652ED7E34153F802D4004.e.6798","ELEMENT":"f.2AE10C335A97376731A182912FB7EE33.d.446F859C058652ED7E34153F802D4004.e.6798"}]}
RESULT: {"script":"<script> [56 bytes]","args":[{"element-6066-11e4-a52e-4f735466cecf":"f.2AE10C335A97376731A182912FB7EE33.d.446F859C058652ED7E34153F802D4004.e.6798","ELEMENT":"f.2AE10C335A97376731A182912FB7EE33.d.446F859C058652ED7E34153F802D4004.e.6798"}]}
COMMAND: GET /session/92e25ae387a06d821b008f80a04495e6/element/f.2AE10C335A97376731A182912FB7EE33.d.446F859C058652ED7E34153F802D4004.e.6797/attribute/aria-checked - {}
COMMAND: GET /session/92e25ae387a06d821b008f80a04495e6/screenshot - {}
RESULT: {}
COMMAND: POST /session/92e25ae387a06d821b008f80a04495e6/element - {"using":"xpath","value":"//table[contains(@id, \"listView-innerSelectionPanelTable-listUl\")]/tbody/tr[21]/td[2]/div/div"}
RESULT: {}
RESULT: {"using":"xpath","value":"//table[contains(@id, \"listView-innerSelectionPanelTable-listUl\")]/tbody/tr[21]/td[2]/div/div"}
COMMAND: POST /session/92e25ae387a06d821b008f80a04495e6/element - {"using":"xpath","value":"//table[contains(@id, \"listView-innerSelectionPanelTable-listUl\")]/tbody/tr[21]/td[2]/div"}
RESULT: {"using":"xpath","value":"//table[contains(@id, \"listView-innerSelectionPanelTable-listUl\")]/tbody/tr[21]/td[2]/div"}
COMMAND: POST /session/92e25ae387a06d821b008f80a04495e6/element - {"using":"xpath","value":"//table[contains(@id, \"listView-innerSelectionPanelTable-listUl\")]/tbody/tr[21]/td[3]/div/div/span/span[1]/bdi"}
RESULT: {"using":"xpath","value":"//table[contains(@id, \"listView-innerSelectionPanelTable-listUl\")]/tbody/tr[21]/td[3]/div/div/span/span[1]/bdi"}
COMMAND: POST /session/92e25ae387a06d821b008f80a04495e6/execute/sync - {"script":"<script> [56 bytes]","args":[{"element-6066-11e4-a52e-4f735466cecf":"f.2AE10C335A97376731A182912FB7EE33.d.446F859C058652ED7E34153F802D4004.e.6801","ELEMENT":"f.2AE10C335A97376731A182912FB7EE33.d.446F859C058652ED7E34153F802D4004.e.6801"}]}
RESULT: {"script":"<script> [56 bytes]","args":[{"element-6066-11e4-a52e-4f735466cecf":"f.2AE10C335A97376731A182912FB7EE33.d.446F859C058652ED7E34153F802D4004.e.6801","ELEMENT":"f.2AE10C335A97376731A182912FB7EE33.d.446F859C058652ED7E34153F802D4004.e.6801"}]}
COMMAND: GET /session/92e25ae387a06d821b008f80a04495e6/element/f.2AE10C335A97376731A182912FB7EE33.d.446F859C058652ED7E34153F802D4004.e.6800/attribute/aria-checked - {}
COMMAND: GET /session/92e25ae387a06d821b008f80a04495e6/screenshot - {}
RESULT: {}
COMMAND: POST /session/92e25ae387a06d821b008f80a04495e6/element - {"using":"xpath","value":"//table[contains(@id, \"listView-innerSelectionPanelTable-listUl\")]/tbody/tr[22]/td[2]/div/div"}
RESULT: {}
RESULT: {"using":"xpath","value":"//table[contains(@id, \"listView-innerSelectionPanelTable-listUl\")]/tbody/tr[22]/td[2]/div/div"}
COMMAND: POST /session/92e25ae387a06d821b008f80a04495e6/element - {"using":"xpath","value":"//table[contains(@id, \"listView-innerSelectionPanelTable-listUl\")]/tbody/tr[22]/td[2]/div"}
RESULT: {"using":"xpath","value":"//table[contains(@id, \"listView-innerSelectionPanelTable-listUl\")]/tbody/tr[22]/td[2]/div"}
COMMAND: POST /session/92e25ae387a06d821b008f80a04495e6/element - {"using":"xpath","value":"//table[contains(@id, \"listView-innerSelectionPanelTable-listUl\")]/tbody/tr[22]/td[3]/div/div/span/span[1]/bdi"}
RESULT: {"using":"xpath","value":"//table[contains(@id, \"listView-innerSelectionPanelTable-listUl\")]/tbody/tr[22]/td[3]/div/div/span/span[1]/bdi"}
COMMAND: POST /session/92e25ae387a06d821b008f80a04495e6/execute/sync - {"script":"<script> [56 bytes]","args":[{"element-6066-11e4-a52e-4f735466cecf":"f.2AE10C335A97376731A182912FB7EE33.d.446F859C058652ED7E34153F802D4004.e.6804","ELEMENT":"f.2AE10C335A97376731A182912FB7EE33.d.446F859C058652ED7E34153F802D4004.e.6804"}]}
RESULT: {"script":"<script> [56 bytes]","args":[{"element-6066-11e4-a52e-4f735466cecf":"f.2AE10C335A97376731A182912FB7EE33.d.446F859C058652ED7E34153F802D4004.e.6804","ELEMENT":"f.2AE10C335A97376731A182912FB7EE33.d.446F859C058652ED7E34153F802D4004.e.6804"}]}
COMMAND: GET /session/92e25ae387a06d821b008f80a04495e6/element/f.2AE10C335A97376731A182912FB7EE33.d.446F859C058652ED7E34153F802D4004.e.6803/attribute/aria-checked - {}
COMMAND: GET /session/92e25ae387a06d821b008f80a04495e6/screenshot - {}
RESULT: {}
COMMAND: POST /session/92e25ae387a06d821b008f80a04495e6/element - {"using":"xpath","value":"//table[contains(@id, \"listView-innerSelectionPanelTable-listUl\")]/tbody/tr[23]/td[2]/div/div"}
RESULT: {}
RESULT: {"using":"xpath","value":"//table[contains(@id, \"listView-innerSelectionPanelTable-listUl\")]/tbody/tr[23]/td[2]/div/div"}
COMMAND: POST /session/92e25ae387a06d821b008f80a04495e6/element - {"using":"xpath","value":"//table[contains(@id, \"listView-innerSelectionPanelTable-listUl\")]/tbody/tr[23]/td[2]/div"}
RESULT: {"using":"xpath","value":"//table[contains(@id, \"listView-innerSelectionPanelTable-listUl\")]/tbody/tr[23]/td[2]/div"}
COMMAND: POST /session/92e25ae387a06d821b008f80a04495e6/element - {"using":"xpath","value":"//table[contains(@id, \"listView-innerSelectionPanelTable-listUl\")]/tbody/tr[23]/td[3]/div/div/span/span[1]/bdi"}
RESULT: {"using":"xpath","value":"//table[contains(@id, \"listView-innerSelectionPanelTable-listUl\")]/tbody/tr[23]/td[3]/div/div/span/span[1]/bdi"}
COMMAND: POST /session/92e25ae387a06d821b008f80a04495e6/execute/sync - {"script":"<script> [56 bytes]","args":[{"element-6066-11e4-a52e-4f735466cecf":"f.2AE10C335A97376731A182912FB7EE33.d.446F859C058652ED7E34153F802D4004.e.6807","ELEMENT":"f.2AE10C335A97376731A182912FB7EE33.d.446F859C058652ED7E34153F802D4004.e.6807"}]}
RESULT: {"script":"<script> [56 bytes]","args":[{"element-6066-11e4-a52e-4f735466cecf":"f.2AE10C335A97376731A182912FB7EE33.d.446F859C058652ED7E34153F802D4004.e.6807","ELEMENT":"f.2AE10C335A97376731A182912FB7EE33.d.446F859C058652ED7E34153F802D4004.e.6807"}]}
COMMAND: GET /session/92e25ae387a06d821b008f80a04495e6/element/f.2AE10C335A97376731A182912FB7EE33.d.446F859C058652ED7E34153F802D4004.e.6806/attribute/aria-checked - {}
COMMAND: GET /session/92e25ae387a06d821b008f80a04495e6/screenshot - {}
RESULT: {}
COMMAND: POST /session/92e25ae387a06d821b008f80a04495e6/element - {"using":"xpath","value":"//table[contains(@id, \"listView-innerSelectionPanelTable-listUl\")]/tbody/tr[24]/td[2]/div/div"}
RESULT: {}
RESULT: {"using":"xpath","value":"//table[contains(@id, \"listView-innerSelectionPanelTable-listUl\")]/tbody/tr[24]/td[2]/div/div"}
COMMAND: POST /session/92e25ae387a06d821b008f80a04495e6/element - {"using":"xpath","value":"//table[contains(@id, \"listView-innerSelectionPanelTable-listUl\")]/tbody/tr[24]/td[2]/div"}
RESULT: {"using":"xpath","value":"//table[contains(@id, \"listView-innerSelectionPanelTable-listUl\")]/tbody/tr[24]/td[2]/div"}
COMMAND: POST /session/92e25ae387a06d821b008f80a04495e6/element - {"using":"xpath","value":"//table[contains(@id, \"listView-innerSelectionPanelTable-listUl\")]/tbody/tr[24]/td[3]/div/div/span/span[1]/bdi"}
RESULT: {"using":"xpath","value":"//table[contains(@id, \"listView-innerSelectionPanelTable-listUl\")]/tbody/tr[24]/td[3]/div/div/span/span[1]/bdi"}
COMMAND: POST /session/92e25ae387a06d821b008f80a04495e6/execute/sync - {"script":"<script> [56 bytes]","args":[{"element-6066-11e4-a52e-4f735466cecf":"f.2AE10C335A97376731A182912FB7EE33.d.446F859C058652ED7E34153F802D4004.e.6810","ELEMENT":"f.2AE10C335A97376731A182912FB7EE33.d.446F859C058652ED7E34153F802D4004.e.6810"}]}
RESULT: {"script":"<script> [56 bytes]","args":[{"element-6066-11e4-a52e-4f735466cecf":"f.2AE10C335A97376731A182912FB7EE33.d.446F859C058652ED7E34153F802D4004.e.6810","ELEMENT":"f.2AE10C335A97376731A182912FB7EE33.d.446F859C058652ED7E34153F802D4004.e.6810"}]}
COMMAND: GET /session/92e25ae387a06d821b008f80a04495e6/element/f.2AE10C335A97376731A182912FB7EE33.d.446F859C058652ED7E34153F802D4004.e.6809/attribute/aria-checked - {}
COMMAND: GET /session/92e25ae387a06d821b008f80a04495e6/screenshot - {}
RESULT: {}
COMMAND: POST /session/92e25ae387a06d821b008f80a04495e6/element - {"using":"xpath","value":"//table[contains(@id, \"listView-innerSelectionPanelTable-listUl\")]/tbody/tr[25]/td[2]/div/div"}
RESULT: {}
RESULT: {"using":"xpath","value":"//table[contains(@id, \"listView-innerSelectionPanelTable-listUl\")]/tbody/tr[25]/td[2]/div/div"}
COMMAND: POST /session/92e25ae387a06d821b008f80a04495e6/element - {"using":"xpath","value":"//table[contains(@id, \"listView-innerSelectionPanelTable-listUl\")]/tbody/tr[25]/td[2]/div"}
RESULT: {"using":"xpath","value":"//table[contains(@id, \"listView-innerSelectionPanelTable-listUl\")]/tbody/tr[25]/td[2]/div"}
COMMAND: POST /session/92e25ae387a06d821b008f80a04495e6/element - {"using":"xpath","value":"//table[contains(@id, \"listView-innerSelectionPanelTable-listUl\")]/tbody/tr[25]/td[3]/div/div/span/span[1]/bdi"}
RESULT: {"using":"xpath","value":"//table[contains(@id, \"listView-innerSelectionPanelTable-listUl\")]/tbody/tr[25]/td[3]/div/div/span/span[1]/bdi"}
COMMAND: POST /session/92e25ae387a06d821b008f80a04495e6/execute/sync - {"script":"<script> [56 bytes]","args":[{"element-6066-11e4-a52e-4f735466cecf":"f.2AE10C335A97376731A182912FB7EE33.d.446F859C058652ED7E34153F802D4004.e.6813","ELEMENT":"f.2AE10C335A97376731A182912FB7EE33.d.446F859C058652ED7E34153F802D4004.e.6813"}]}
RESULT: {"script":"<script> [56 bytes]","args":[{"element-6066-11e4-a52e-4f735466cecf":"f.2AE10C335A97376731A182912FB7EE33.d.446F859C058652ED7E34153F802D4004.e.6813","ELEMENT":"f.2AE10C335A97376731A182912FB7EE33.d.446F859C058652ED7E34153F802D4004.e.6813"}]}
COMMAND: GET /session/92e25ae387a06d821b008f80a04495e6/element/f.2AE10C335A97376731A182912FB7EE33.d.446F859C058652ED7E34153F802D4004.e.6812/attribute/aria-checked - {}
COMMAND: GET /session/92e25ae387a06d821b008f80a04495e6/screenshot - {}
RESULT: {}
COMMAND: POST /session/92e25ae387a06d821b008f80a04495e6/element - {"using":"xpath","value":"//bdi[contains(text(), \"OK\")]"}
RESULT: {}
RESULT: {"using":"xpath","value":"//bdi[contains(text(), \"OK\")]"}
COMMAND: POST /session/92e25ae387a06d821b008f80a04495e6/element/f.2AE10C335A97376731A182912FB7EE33.d.446F859C058652ED7E34153F802D4004.e.6814/click - {}
RESULT: {}
COMMAND: GET /session/92e25ae387a06d821b008f80a04495e6/screenshot - {}
RESULT: {}
COMMAND: POST /session/92e25ae387a06d821b008f80a04495e6/execute/async - {"script":"<script> [1562 bytes]","args":[{"selector":{"id":"application-managepartners-display-component---masterPtm--smartFilterBar-filterItemControlA_-LINK_TO_ADDRESSES_MAIN.CITY1-vhi"},"wdio_ui5_key":"applicationmanagepartners-display-component---masterPtm--smartFilterBar-filterItemControlA_-LINK_TO_ADDRESSES_MAIN.CITY1-vhi"}]}
RESULT: {"script":"<script> [1562 bytes]","args":[{"selector":{"id":"application-managepartners-display-component---masterPtm--smartFilterBar-filterItemControlA_-LINK_TO_ADDRESSES_MAIN.CITY1-vhi"},"wdio_ui5_key":"applicationmanagepartners-display-component---masterPtm--smartFilterBar-filterItemControlA_-LINK_TO_ADDRESSES_MAIN.CITY1-vhi"}]}
RESULT: undefined
COMMAND: POST /session/92e25ae387a06d821b008f80a04495e6/element - {"using":"xpath","value":"//*[@id=\"application-managepartners-display-component---masterPtm--smartFilterBar-filterItemControlA_-LINK_TO_ADDRESSES_MAIN.CITY1-vhi\"]"}
RESULT: {"using":"xpath","value":"//*[@id=\"application-managepartners-display-component---masterPtm--smartFilterBar-filterItemControlA_-LINK_TO_ADDRESSES_MAIN.CITY1-vhi\"]"}
COMMAND: POST /session/92e25ae387a06d821b008f80a04495e6/element/f.2AE10C335A97376731A182912FB7EE33.d.446F859C058652ED7E34153F802D4004.e.6828/click - {}
RESULT: {}
COMMAND: GET /session/92e25ae387a06d821b008f80a04495e6/screenshot - {}
RESULT: {}
COMMAND: POST /session/92e25ae387a06d821b008f80a04495e6/execute/async - {"script":"<script> [1562 bytes]","args":[{"selector":{"controlType":"sap.m.Input","viewName":"etm.portal.ui.managepartners.view.Master","viewId":"application-managepartners-display-component---masterPtm","properties":{"valueState":"None"},"searchOpenDialogs":true,"interaction":{"idSuffix":"inner"}},"wdio_ui5_key":"etmportal.ui.managepartners.view.Mastersap.m.Input{\"valueState\":\"None\"}"}]}
RESULT: {"script":"<script> [1562 bytes]","args":[{"selector":{"controlType":"sap.m.Input","viewName":"etm.portal.ui.managepartners.view.Master","viewId":"application-managepartners-display-component---masterPtm","properties":{"valueState":"None"},"searchOpenDialogs":true,"interaction":{"idSuffix":"inner"}},"wdio_ui5_key":"etmportal.ui.managepartners.view.Mastersap.m.Input{\"valueState\":\"None\"}"}]}
RESULT: undefined
COMMAND: POST /session/92e25ae387a06d821b008f80a04495e6/execute/async - {"script":"<script> [776 bytes]","args":[{"enterText":"Bangalore","selector":{"controlType":"sap.m.Input","viewName":"etm.portal.ui.managepartners.view.Master","viewId":"application-managepartners-display-component---masterPtm","properties":{"valueState":"None"},"searchOpenDialogs":true,"interaction":{"idSuffix":"inner"}},"clearTextFirst":true,"interactionType":"ENTER_TEXT"}]}
RESULT: {"script":"<script> [776 bytes]","args":[{"enterText":"Bangalore","selector":{"controlType":"sap.m.Input","viewName":"etm.portal.ui.managepartners.view.Master","viewId":"application-managepartners-display-component---masterPtm","properties":{"valueState":"None"},"searchOpenDialogs":true,"interaction":{"idSuffix":"inner"}},"clearTextFirst":true,"interactionType":"ENTER_TEXT"}]}
COMMAND: POST /session/92e25ae387a06d821b008f80a04495e6/actions - {"actions":[{"id":"action21","type":"key","parameters":{},"actions":[{"type":"keyDown","value":"î€‡"},{"type":"pause","duration":10},{"type":"keyUp","value":"î€‡"}]}]}
RESULT: {"actions":[{"id":"action21","type":"key","parameters":{},"actions":[{"type":"keyDown","value":"î€‡"},{"type":"pause","duration":10},{"type":"keyUp","value":"î€‡"}]}]}
COMMAND: GET /session/92e25ae387a06d821b008f80a04495e6/screenshot - {}
RESULT: {}
COMMAND: POST /session/92e25ae387a06d821b008f80a04495e6/element - {"using":"xpath","value":"(//bdi[contains(text(), \"OK\")])[1]"}
RESULT: {"using":"xpath","value":"(//bdi[contains(text(), \"OK\")])[1]"}
COMMAND: POST /session/92e25ae387a06d821b008f80a04495e6/element/f.2AE10C335A97376731A182912FB7EE33.d.446F859C058652ED7E34153F802D4004.e.6834/click - {}
RESULT: {}
COMMAND: GET /session/92e25ae387a06d821b008f80a04495e6/screenshot - {}
RESULT: {}
COMMAND: POST /session/92e25ae387a06d821b008f80a04495e6/element - {"using":"xpath","value":"//span[@id=\"application-managepartners-display-component---masterPtm--smartTable-header-inner\"]"}
RESULT: {"using":"xpath","value":"//span[@id=\"application-managepartners-display-component---masterPtm--smartTable-header-inner\"]"}
COMMAND: POST /session/92e25ae387a06d821b008f80a04495e6/elements - {"using":"xpath","value":"//span[@id=\"application-managepartners-display-component---masterPtm--smartTable-header-inner\"]"}
RESULT: {"using":"xpath","value":"//span[@id=\"application-managepartners-display-component---masterPtm--smartTable-header-inner\"]"}
COMMAND: POST /session/92e25ae387a06d821b008f80a04495e6/execute/sync - {"script":"<script> [56 bytes]","args":[{"element-6066-11e4-a52e-4f735466cecf":"f.2AE10C335A97376731A182912FB7EE33.d.446F859C058652ED7E34153F802D4004.e.5991","ELEMENT":"f.2AE10C335A97376731A182912FB7EE33.d.446F859C058652ED7E34153F802D4004.e.5991"}]}
RESULT: {"script":"<script> [56 bytes]","args":[{"element-6066-11e4-a52e-4f735466cecf":"f.2AE10C335A97376731A182912FB7EE33.d.446F859C058652ED7E34153F802D4004.e.5991","ELEMENT":"f.2AE10C335A97376731A182912FB7EE33.d.446F859C058652ED7E34153F802D4004.e.5991"}]}
COMMAND: GET /session/92e25ae387a06d821b008f80a04495e6/screenshot - {}
COMMAND: GET /session/92e25ae387a06d821b008f80a04495e6/screenshot - {}
RESULT: {}
]]></system-out>
      <system-err><![CDATA[
TypeError: Cannot read properties of null (reading '0')
    at Context.<anonymous> (D:\a\1\s\test\specs\BTS\manage-partners.spec.js:664:91)
]]></system-err>
    </testcase>
    <testcase classname="chrome.136_0_7103_49.windows.Partner_specific_tests_US150819_US151080_US151654_US151176_US103444_US151078_US151079_US151109_US151174_US151175_US151189" name="Should do filtering and navigation tests US151109" time="146.841">
      <skipped />
      <system-out><![CDATA[
COMMAND: POST /session/92e25ae387a06d821b008f80a04495e6/element - {"using":"xpath","value":"//li[.//span[text()=\"Manage Partners\"]]"}
RESULT: {}
RESULT: {"using":"xpath","value":"//li[.//span[text()=\"Manage Partners\"]]"}
COMMAND: POST /session/92e25ae387a06d821b008f80a04495e6/element - {"using":"xpath","value":"//li[.//span[text()=\"Manage Partners\"]]"}
RESULT: {"using":"xpath","value":"//li[.//span[text()=\"Manage Partners\"]]"}
COMMAND: POST /session/92e25ae387a06d821b008f80a04495e6/element - {"using":"css selector","value":"#shell-header-logo"}
RESULT: {"using":"css selector","value":"#shell-header-logo"}
COMMAND: POST /session/92e25ae387a06d821b008f80a04495e6/element/f.2AE10C335A97376731A182912FB7EE33.d.446F859C058652ED7E34153F802D4004.e.5821/click - {}
COMMAND: POST /session/92e25ae387a06d821b008f80a04495e6/execute/sync - {"script":"<script> [8489 bytes]","args":[{"element-6066-11e4-a52e-4f735466cecf":"f.2AE10C335A97376731A182912FB7EE33.d.446F859C058652ED7E34153F802D4004.e.5821","ELEMENT":"f.2AE10C335A97376731A182912FB7EE33.d.446F859C058652ED7E34153F802D4004.e.5821"}]}
RESULT: {}
COMMAND: GET /session/92e25ae387a06d821b008f80a04495e6/screenshot - {}
COMMAND: POST /session/92e25ae387a06d821b008f80a04495e6/element - {"using":"css selector","value":"#shell-header-logo"}
RESULT: {}
RESULT: {"using":"css selector","value":"#shell-header-logo"}
COMMAND: POST /session/92e25ae387a06d821b008f80a04495e6/execute/sync - {"script":"<script> [8489 bytes]","args":[{"element-6066-11e4-a52e-4f735466cecf":"f.2AE10C335A97376731A182912FB7EE33.d.446F859C058652ED7E34153F802D4004.e.6840","ELEMENT":"f.2AE10C335A97376731A182912FB7EE33.d.446F859C058652ED7E34153F802D4004.e.6840"}]}
RESULT: {"script":"<script> [8489 bytes]","args":[{"element-6066-11e4-a52e-4f735466cecf":"f.2AE10C335A97376731A182912FB7EE33.d.446F859C058652ED7E34153F802D4004.e.6840","ELEMENT":"f.2AE10C335A97376731A182912FB7EE33.d.446F859C058652ED7E34153F802D4004.e.6840"}]}
COMMAND: POST /session/92e25ae387a06d821b008f80a04495e6/execute/sync - {"script":"<script> [5351 bytes]","args":[{"element-6066-11e4-a52e-4f735466cecf":"f.2AE10C335A97376731A182912FB7EE33.d.446F859C058652ED7E34153F802D4004.e.6840","ELEMENT":"f.2AE10C335A97376731A182912FB7EE33.d.446F859C058652ED7E34153F802D4004.e.6840"}]}
COMMAND: GET /session/92e25ae387a06d821b008f80a04495e6/screenshot - {}
RESULT: {"script":"<script> [5351 bytes]","args":[{"element-6066-11e4-a52e-4f735466cecf":"f.2AE10C335A97376731A182912FB7EE33.d.446F859C058652ED7E34153F802D4004.e.6840","ELEMENT":"f.2AE10C335A97376731A182912FB7EE33.d.446F859C058652ED7E34153F802D4004.e.6840"}]}
COMMAND: GET /session/92e25ae387a06d821b008f80a04495e6/screenshot - {}
RESULT: {}
RESULT: {}
RESULT: undefined
COMMAND: POST /session/92e25ae387a06d821b008f80a04495e6/element - {"using":"xpath","value":"//*[@id=\"__tile30\"]"}
RESULT: {"using":"xpath","value":"//*[@id=\"__tile30\"]"}
COMMAND: POST /session/92e25ae387a06d821b008f80a04495e6/element/f.2AE10C335A97376731A182912FB7EE33.d.446F859C058652ED7E34153F802D4004.e.4488/click - {}
RESULT: {}
COMMAND: POST /session/92e25ae387a06d821b008f80a04495e6/element - {"using":"xpath","value":"//button[@data-kt=\"addButton\"]"}
COMMAND: GET /session/92e25ae387a06d821b008f80a04495e6/screenshot - {}
RESULT: {"using":"xpath","value":"//button[@data-kt=\"addButton\"]"}
COMMAND: POST /session/92e25ae387a06d821b008f80a04495e6/elements - {"using":"xpath","value":"//button[@data-kt=\"addButton\"]"}
RESULT: {}
RESULT: {"using":"xpath","value":"//button[@data-kt=\"addButton\"]"}
COMMAND: POST /session/92e25ae387a06d821b008f80a04495e6/execute/sync - {"script":"<script> [8489 bytes]","args":[{"element-6066-11e4-a52e-4f735466cecf":"f.2AE10C335A97376731A182912FB7EE33.d.446F859C058652ED7E34153F802D4004.e.6885","ELEMENT":"f.2AE10C335A97376731A182912FB7EE33.d.446F859C058652ED7E34153F802D4004.e.6885"}]}
RESULT: {"script":"<script> [8489 bytes]","args":[{"element-6066-11e4-a52e-4f735466cecf":"f.2AE10C335A97376731A182912FB7EE33.d.446F859C058652ED7E34153F802D4004.e.6885","ELEMENT":"f.2AE10C335A97376731A182912FB7EE33.d.446F859C058652ED7E34153F802D4004.e.6885"}]}
COMMAND: GET /session/92e25ae387a06d821b008f80a04495e6/element/f.2AE10C335A97376731A182912FB7EE33.d.446F859C058652ED7E34153F802D4004.e.6885/enabled - {}
COMMAND: GET /session/92e25ae387a06d821b008f80a04495e6/screenshot - {}
RESULT: {}
COMMAND: POST /session/92e25ae387a06d821b008f80a04495e6/execute/sync - {"script":"<script> [8489 bytes]","args":[{"element-6066-11e4-a52e-4f735466cecf":"f.2AE10C335A97376731A182912FB7EE33.d.446F859C058652ED7E34153F802D4004.e.6885","ELEMENT":"f.2AE10C335A97376731A182912FB7EE33.d.446F859C058652ED7E34153F802D4004.e.6885"}]}
COMMAND: GET /session/92e25ae387a06d821b008f80a04495e6/screenshot - {}
RESULT: {}
RESULT: {"script":"<script> [8489 bytes]","args":[{"element-6066-11e4-a52e-4f735466cecf":"f.2AE10C335A97376731A182912FB7EE33.d.446F859C058652ED7E34153F802D4004.e.6885","ELEMENT":"f.2AE10C335A97376731A182912FB7EE33.d.446F859C058652ED7E34153F802D4004.e.6885"}]}
COMMAND: POST /session/92e25ae387a06d821b008f80a04495e6/execute/sync - {"script":"<script> [5351 bytes]","args":[{"element-6066-11e4-a52e-4f735466cecf":"f.2AE10C335A97376731A182912FB7EE33.d.446F859C058652ED7E34153F802D4004.e.6885","ELEMENT":"f.2AE10C335A97376731A182912FB7EE33.d.446F859C058652ED7E34153F802D4004.e.6885"}]}
COMMAND: GET /session/92e25ae387a06d821b008f80a04495e6/screenshot - {}
RESULT: {}
RESULT: {"script":"<script> [5351 bytes]","args":[{"element-6066-11e4-a52e-4f735466cecf":"f.2AE10C335A97376731A182912FB7EE33.d.446F859C058652ED7E34153F802D4004.e.6885","ELEMENT":"f.2AE10C335A97376731A182912FB7EE33.d.446F859C058652ED7E34153F802D4004.e.6885"}]}
COMMAND: GET /session/92e25ae387a06d821b008f80a04495e6/screenshot - {}
RESULT: {}
RESULT: {}
COMMAND: POST /session/92e25ae387a06d821b008f80a04495e6/element - {"using":"xpath","value":"//span[@id=\"application-managepartners-display-component---masterPtm--smartTable-header-inner\"]"}
RESULT: {"using":"xpath","value":"//span[@id=\"application-managepartners-display-component---masterPtm--smartTable-header-inner\"]"}
COMMAND: POST /session/92e25ae387a06d821b008f80a04495e6/elements - {"using":"xpath","value":"//span[@id=\"application-managepartners-display-component---masterPtm--smartTable-header-inner\"]"}
RESULT: {"using":"xpath","value":"//span[@id=\"application-managepartners-display-component---masterPtm--smartTable-header-inner\"]"}
COMMAND: POST /session/92e25ae387a06d821b008f80a04495e6/execute/sync - {"script":"<script> [56 bytes]","args":[{"element-6066-11e4-a52e-4f735466cecf":"f.2AE10C335A97376731A182912FB7EE33.d.446F859C058652ED7E34153F802D4004.e.7008","ELEMENT":"f.2AE10C335A97376731A182912FB7EE33.d.446F859C058652ED7E34153F802D4004.e.7008"}]}
RESULT: {"script":"<script> [56 bytes]","args":[{"element-6066-11e4-a52e-4f735466cecf":"f.2AE10C335A97376731A182912FB7EE33.d.446F859C058652ED7E34153F802D4004.e.7008","ELEMENT":"f.2AE10C335A97376731A182912FB7EE33.d.446F859C058652ED7E34153F802D4004.e.7008"}]}
RESULT: undefined
COMMAND: POST /session/92e25ae387a06d821b008f80a04495e6/execute/async - {"script":"<script> [776 bytes]","args":[{"enterText":"External Partner WDIO","selector":{"id":"application-managepartners-display-component---masterPtm--smartFilterBar-btnBasicSearch","interaction":{"idSuffix":"I"}},"clearTextFirst":true,"interactionType":"ENTER_TEXT"}]}
COMMAND: GET /session/92e25ae387a06d821b008f80a04495e6/screenshot - {}
RESULT: {"script":"<script> [776 bytes]","args":[{"enterText":"External Partner WDIO","selector":{"id":"application-managepartners-display-component---masterPtm--smartFilterBar-btnBasicSearch","interaction":{"idSuffix":"I"}},"clearTextFirst":true,"interactionType":"ENTER_TEXT"}]}
RESULT: {}
COMMAND: POST /session/92e25ae387a06d821b008f80a04495e6/actions - {"actions":[{"id":"action22","type":"key","parameters":{},"actions":[{"type":"keyDown","value":"î€‡"},{"type":"pause","duration":10},{"type":"keyUp","value":"î€‡"}]}]}
RESULT: {"actions":[{"id":"action22","type":"key","parameters":{},"actions":[{"type":"keyDown","value":"î€‡"},{"type":"pause","duration":10},{"type":"keyUp","value":"î€‡"}]}]}
COMMAND: GET /session/92e25ae387a06d821b008f80a04495e6/screenshot - {}
RESULT: {}
COMMAND: POST /session/92e25ae387a06d821b008f80a04495e6/element - {"using":"xpath","value":"//span[@id=\"application-managepartners-display-component---masterPtm--smartTable-header-inner\"]"}
RESULT: {"using":"xpath","value":"//span[@id=\"application-managepartners-display-component---masterPtm--smartTable-header-inner\"]"}
COMMAND: POST /session/92e25ae387a06d821b008f80a04495e6/elements - {"using":"xpath","value":"//span[@id=\"application-managepartners-display-component---masterPtm--smartTable-header-inner\"]"}
RESULT: {"using":"xpath","value":"//span[@id=\"application-managepartners-display-component---masterPtm--smartTable-header-inner\"]"}
COMMAND: POST /session/92e25ae387a06d821b008f80a04495e6/execute/sync - {"script":"<script> [56 bytes]","args":[{"element-6066-11e4-a52e-4f735466cecf":"f.2AE10C335A97376731A182912FB7EE33.d.446F859C058652ED7E34153F802D4004.e.7008","ELEMENT":"f.2AE10C335A97376731A182912FB7EE33.d.446F859C058652ED7E34153F802D4004.e.7008"}]}
RESULT: {"script":"<script> [56 bytes]","args":[{"element-6066-11e4-a52e-4f735466cecf":"f.2AE10C335A97376731A182912FB7EE33.d.446F859C058652ED7E34153F802D4004.e.7008","ELEMENT":"f.2AE10C335A97376731A182912FB7EE33.d.446F859C058652ED7E34153F802D4004.e.7008"}]}
COMMAND: POST /session/92e25ae387a06d821b008f80a04495e6/element - {"using":"xpath","value":"//div[contains(@id, \"managepartners-display-component---masterPtm--smartFilterBar-btnBasicSearch-reset\")]"}
COMMAND: GET /session/92e25ae387a06d821b008f80a04495e6/screenshot - {}
RESULT: {"using":"xpath","value":"//div[contains(@id, \"managepartners-display-component---masterPtm--smartFilterBar-btnBasicSearch-reset\")]"}
COMMAND: POST /session/92e25ae387a06d821b008f80a04495e6/element/f.2AE10C335A97376731A182912FB7EE33.d.446F859C058652ED7E34153F802D4004.e.7091/click - {}
RESULT: {}
RESULT: {}
COMMAND: GET /session/92e25ae387a06d821b008f80a04495e6/screenshot - {}
RESULT: {}
RESULT: undefined
COMMAND: POST /session/92e25ae387a06d821b008f80a04495e6/element - {"using":"xpath","value":"//*[@id=\"application-managepartners-display-component---masterPtm--smartFilterBar-filterItemControl_BASIC-MAIN_ADDRESS-vhi\"]"}
RESULT: {"using":"xpath","value":"//*[@id=\"application-managepartners-display-component---masterPtm--smartFilterBar-filterItemControl_BASIC-MAIN_ADDRESS-vhi\"]"}
COMMAND: POST /session/92e25ae387a06d821b008f80a04495e6/element/f.2AE10C335A97376731A182912FB7EE33.d.446F859C058652ED7E34153F802D4004.e.7169/click - {}
RESULT: {}
COMMAND: GET /session/92e25ae387a06d821b008f80a04495e6/screenshot - {}
RESULT: {}
RESULT: undefined
COMMAND: POST /session/92e25ae387a06d821b008f80a04495e6/execute/async - {"script":"<script> [776 bytes]","args":[{"enterText":"Romania","selector":{"id":"application-managepartners-display-component---masterPtm--smartFilterBar-filterItemControl_BASIC-MAIN_ADDRESS-valueHelpDialog-smartFilterBar-btnBasicSearch","searchOpenDialogs":true,"interaction":{"idSuffix":"I"}},"clearTextFirst":true,"interactionType":"ENTER_TEXT"}]}
RESULT: {"script":"<script> [776 bytes]","args":[{"enterText":"Romania","selector":{"id":"application-managepartners-display-component---masterPtm--smartFilterBar-filterItemControl_BASIC-MAIN_ADDRESS-valueHelpDialog-smartFilterBar-btnBasicSearch","searchOpenDialogs":true,"interaction":{"idSuffix":"I"}},"clearTextFirst":true,"interactionType":"ENTER_TEXT"}]}
COMMAND: POST /session/92e25ae387a06d821b008f80a04495e6/actions - {"actions":[{"id":"action23","type":"key","parameters":{},"actions":[{"type":"keyDown","value":"î€‡"},{"type":"pause","duration":10},{"type":"keyUp","value":"î€‡"}]}]}
RESULT: {"actions":[{"id":"action23","type":"key","parameters":{},"actions":[{"type":"keyDown","value":"î€‡"},{"type":"pause","duration":10},{"type":"keyUp","value":"î€‡"}]}]}
COMMAND: POST /session/92e25ae387a06d821b008f80a04495e6/elements - {"using":"xpath","value":"//table[contains(@id, \"smartFilterBar-filterItemControl_BASIC-MAIN_ADDRESS-valueHelpDialog-table-table\")]/tbody/tr"}
COMMAND: GET /session/92e25ae387a06d821b008f80a04495e6/screenshot - {}
RESULT: {"using":"xpath","value":"//table[contains(@id, \"smartFilterBar-filterItemControl_BASIC-MAIN_ADDRESS-valueHelpDialog-table-table\")]/tbody/tr"}
COMMAND: POST /session/92e25ae387a06d821b008f80a04495e6/element - {"using":"xpath","value":"//table[contains(@id, \"smartFilterBar-filterItemControl_BASIC-MAIN_ADDRESS-valueHelpDialog-table-table\")]/tbody/tr[1]/td[1]/div/span"}
RESULT: {}
RESULT: {"using":"xpath","value":"//table[contains(@id, \"smartFilterBar-filterItemControl_BASIC-MAIN_ADDRESS-valueHelpDialog-table-table\")]/tbody/tr[1]/td[1]/div/span"}
COMMAND: POST /session/92e25ae387a06d821b008f80a04495e6/elements - {"using":"xpath","value":"//table[contains(@id, \"smartFilterBar-filterItemControl_BASIC-MAIN_ADDRESS-valueHelpDialog-table-table\")]/tbody/tr[1]/td[1]/div/span"}
RESULT: {"using":"xpath","value":"//table[contains(@id, \"smartFilterBar-filterItemControl_BASIC-MAIN_ADDRESS-valueHelpDialog-table-table\")]/tbody/tr[1]/td[1]/div/span"}
COMMAND: POST /session/92e25ae387a06d821b008f80a04495e6/execute/sync - {"script":"<script> [56 bytes]","args":[{"element-6066-11e4-a52e-4f735466cecf":"f.2AE10C335A97376731A182912FB7EE33.d.446F859C058652ED7E34153F802D4004.e.7190","ELEMENT":"f.2AE10C335A97376731A182912FB7EE33.d.446F859C058652ED7E34153F802D4004.e.7190"}]}
RESULT: {"script":"<script> [56 bytes]","args":[{"element-6066-11e4-a52e-4f735466cecf":"f.2AE10C335A97376731A182912FB7EE33.d.446F859C058652ED7E34153F802D4004.e.7190","ELEMENT":"f.2AE10C335A97376731A182912FB7EE33.d.446F859C058652ED7E34153F802D4004.e.7190"}]}
COMMAND: POST /session/92e25ae387a06d821b008f80a04495e6/element - {"using":"xpath","value":"//div[contains(@id, \"filterItemControl_BASIC-MAIN_ADDRESS-valueHelpDialog-table-rowsel0\")]"}
COMMAND: GET /session/92e25ae387a06d821b008f80a04495e6/screenshot - {}
RESULT: {"using":"xpath","value":"//div[contains(@id, \"filterItemControl_BASIC-MAIN_ADDRESS-valueHelpDialog-table-rowsel0\")]"}
COMMAND: POST /session/92e25ae387a06d821b008f80a04495e6/element/f.2AE10C335A97376731A182912FB7EE33.d.446F859C058652ED7E34153F802D4004.e.7191/click - {}
RESULT: {}
RESULT: {}
COMMAND: GET /session/92e25ae387a06d821b008f80a04495e6/screenshot - {}
RESULT: {}
COMMAND: POST /session/92e25ae387a06d821b008f80a04495e6/element - {"using":"xpath","value":"(//bdi[contains(text(), \"OK\")])[1]"}
RESULT: {"using":"xpath","value":"(//bdi[contains(text(), \"OK\")])[1]"}
COMMAND: POST /session/92e25ae387a06d821b008f80a04495e6/element/f.2AE10C335A97376731A182912FB7EE33.d.446F859C058652ED7E34153F802D4004.e.7193/click - {}
RESULT: {}
COMMAND: GET /session/92e25ae387a06d821b008f80a04495e6/screenshot - {}
RESULT: {}
COMMAND: POST /session/92e25ae387a06d821b008f80a04495e6/element - {"using":"xpath","value":"//span[@id=\"application-managepartners-display-component---masterPtm--smartTable-header-inner\"]"}
RESULT: {"using":"xpath","value":"//span[@id=\"application-managepartners-display-component---masterPtm--smartTable-header-inner\"]"}
COMMAND: POST /session/92e25ae387a06d821b008f80a04495e6/elements - {"using":"xpath","value":"//span[@id=\"application-managepartners-display-component---masterPtm--smartTable-header-inner\"]"}
RESULT: {"using":"xpath","value":"//span[@id=\"application-managepartners-display-component---masterPtm--smartTable-header-inner\"]"}
COMMAND: POST /session/92e25ae387a06d821b008f80a04495e6/execute/sync - {"script":"<script> [56 bytes]","args":[{"element-6066-11e4-a52e-4f735466cecf":"f.2AE10C335A97376731A182912FB7EE33.d.446F859C058652ED7E34153F802D4004.e.7008","ELEMENT":"f.2AE10C335A97376731A182912FB7EE33.d.446F859C058652ED7E34153F802D4004.e.7008"}]}
RESULT: {"script":"<script> [56 bytes]","args":[{"element-6066-11e4-a52e-4f735466cecf":"f.2AE10C335A97376731A182912FB7EE33.d.446F859C058652ED7E34153F802D4004.e.7008","ELEMENT":"f.2AE10C335A97376731A182912FB7EE33.d.446F859C058652ED7E34153F802D4004.e.7008"}]}
COMMAND: POST /session/92e25ae387a06d821b008f80a04495e6/element - {"using":"xpath","value":"//span[contains(@title, \"Remove\")]"}
COMMAND: GET /session/92e25ae387a06d821b008f80a04495e6/screenshot - {}
RESULT: {"using":"xpath","value":"//span[contains(@title, \"Remove\")]"}
COMMAND: POST /session/92e25ae387a06d821b008f80a04495e6/element/f.2AE10C335A97376731A182912FB7EE33.d.446F859C058652ED7E34153F802D4004.e.7206/click - {}
RESULT: {}
RESULT: {}
COMMAND: GET /session/92e25ae387a06d821b008f80a04495e6/screenshot - {}
COMMAND: POST /session/92e25ae387a06d821b008f80a04495e6/element - {"using":"xpath","value":"//span[@id=\"application-managepartners-display-component---masterPtm--smartTable-header-inner\"]"}
RESULT: {}
RESULT: {"using":"xpath","value":"//span[@id=\"application-managepartners-display-component---masterPtm--smartTable-header-inner\"]"}
COMMAND: POST /session/92e25ae387a06d821b008f80a04495e6/elements - {"using":"xpath","value":"//span[@id=\"application-managepartners-display-component---masterPtm--smartTable-header-inner\"]"}
RESULT: {"using":"xpath","value":"//span[@id=\"application-managepartners-display-component---masterPtm--smartTable-header-inner\"]"}
COMMAND: POST /session/92e25ae387a06d821b008f80a04495e6/execute/sync - {"script":"<script> [56 bytes]","args":[{"element-6066-11e4-a52e-4f735466cecf":"f.2AE10C335A97376731A182912FB7EE33.d.446F859C058652ED7E34153F802D4004.e.7008","ELEMENT":"f.2AE10C335A97376731A182912FB7EE33.d.446F859C058652ED7E34153F802D4004.e.7008"}]}
RESULT: {"script":"<script> [56 bytes]","args":[{"element-6066-11e4-a52e-4f735466cecf":"f.2AE10C335A97376731A182912FB7EE33.d.446F859C058652ED7E34153F802D4004.e.7008","ELEMENT":"f.2AE10C335A97376731A182912FB7EE33.d.446F859C058652ED7E34153F802D4004.e.7008"}]}
RESULT: undefined
COMMAND: POST /session/92e25ae387a06d821b008f80a04495e6/element - {"using":"xpath","value":"//*[@id=\"application-managepartners-display-component---masterPtm--smartFilterBar-filterItemControl_BASIC-YARD-vhi\"]"}
COMMAND: GET /session/92e25ae387a06d821b008f80a04495e6/screenshot - {}
RESULT: {"using":"xpath","value":"//*[@id=\"application-managepartners-display-component---masterPtm--smartFilterBar-filterItemControl_BASIC-YARD-vhi\"]"}
COMMAND: POST /session/92e25ae387a06d821b008f80a04495e6/element/f.2AE10C335A97376731A182912FB7EE33.d.446F859C058652ED7E34153F802D4004.e.7309/click - {}
RESULT: {}
RESULT: {}
COMMAND: GET /session/92e25ae387a06d821b008f80a04495e6/screenshot - {}
RESULT: {}
RESULT: undefined
COMMAND: POST /session/92e25ae387a06d821b008f80a04495e6/execute/async - {"script":"<script> [776 bytes]","args":[{"enterText":"Test","selector":{"id":"application-managepartners-display-component---masterPtm--smartFilterBar-filterItemControl_BASIC-YARD-valueHelpDialog-smartFilterBar-btnBasicSearch","searchOpenDialogs":true,"interaction":{"idSuffix":"I"}},"clearTextFirst":true,"interactionType":"ENTER_TEXT"}]}
RESULT: {"script":"<script> [776 bytes]","args":[{"enterText":"Test","selector":{"id":"application-managepartners-display-component---masterPtm--smartFilterBar-filterItemControl_BASIC-YARD-valueHelpDialog-smartFilterBar-btnBasicSearch","searchOpenDialogs":true,"interaction":{"idSuffix":"I"}},"clearTextFirst":true,"interactionType":"ENTER_TEXT"}]}
COMMAND: POST /session/92e25ae387a06d821b008f80a04495e6/actions - {"actions":[{"id":"action24","type":"key","parameters":{},"actions":[{"type":"keyDown","value":"î€‡"},{"type":"pause","duration":10},{"type":"keyUp","value":"î€‡"}]}]}
RESULT: {"actions":[{"id":"action24","type":"key","parameters":{},"actions":[{"type":"keyDown","value":"î€‡"},{"type":"pause","duration":10},{"type":"keyUp","value":"î€‡"}]}]}
COMMAND: POST /session/92e25ae387a06d821b008f80a04495e6/elements - {"using":"xpath","value":"//table[contains(@id, \"smartFilterBar-filterItemControl_BASIC-YARD-valueHelpDialog-table-table\")]/tbody/tr"}
COMMAND: GET /session/92e25ae387a06d821b008f80a04495e6/screenshot - {}
RESULT: {"using":"xpath","value":"//table[contains(@id, \"smartFilterBar-filterItemControl_BASIC-YARD-valueHelpDialog-table-table\")]/tbody/tr"}
COMMAND: POST /session/92e25ae387a06d821b008f80a04495e6/element - {"using":"xpath","value":"//table[contains(@id, \"smartFilterBar-filterItemControl_BASIC-YARD-valueHelpDialog-table-table\")]/tbody/tr[1]/td[1]/div/span"}
RESULT: {}
RESULT: {"using":"xpath","value":"//table[contains(@id, \"smartFilterBar-filterItemControl_BASIC-YARD-valueHelpDialog-table-table\")]/tbody/tr[1]/td[1]/div/span"}
COMMAND: POST /session/92e25ae387a06d821b008f80a04495e6/elements - {"using":"xpath","value":"//table[contains(@id, \"smartFilterBar-filterItemControl_BASIC-YARD-valueHelpDialog-table-table\")]/tbody/tr[1]/td[1]/div/span"}
RESULT: {"using":"xpath","value":"//table[contains(@id, \"smartFilterBar-filterItemControl_BASIC-YARD-valueHelpDialog-table-table\")]/tbody/tr[1]/td[1]/div/span"}
COMMAND: POST /session/92e25ae387a06d821b008f80a04495e6/execute/sync - {"script":"<script> [56 bytes]","args":[{"element-6066-11e4-a52e-4f735466cecf":"f.2AE10C335A97376731A182912FB7EE33.d.446F859C058652ED7E34153F802D4004.e.7330","ELEMENT":"f.2AE10C335A97376731A182912FB7EE33.d.446F859C058652ED7E34153F802D4004.e.7330"}]}
RESULT: {"script":"<script> [56 bytes]","args":[{"element-6066-11e4-a52e-4f735466cecf":"f.2AE10C335A97376731A182912FB7EE33.d.446F859C058652ED7E34153F802D4004.e.7330","ELEMENT":"f.2AE10C335A97376731A182912FB7EE33.d.446F859C058652ED7E34153F802D4004.e.7330"}]}
COMMAND: POST /session/92e25ae387a06d821b008f80a04495e6/element - {"using":"xpath","value":"//table[contains(@id, \"smartFilterBar-filterItemControl_BASIC-YARD-valueHelpDialog-table-table\")]/tbody/tr[2]/td[1]/div/span"}
COMMAND: GET /session/92e25ae387a06d821b008f80a04495e6/screenshot - {}
RESULT: {"using":"xpath","value":"//table[contains(@id, \"smartFilterBar-filterItemControl_BASIC-YARD-valueHelpDialog-table-table\")]/tbody/tr[2]/td[1]/div/span"}
COMMAND: POST /session/92e25ae387a06d821b008f80a04495e6/elements - {"using":"xpath","value":"//table[contains(@id, \"smartFilterBar-filterItemControl_BASIC-YARD-valueHelpDialog-table-table\")]/tbody/tr[2]/td[1]/div/span"}
RESULT: {}
RESULT: {"using":"xpath","value":"//table[contains(@id, \"smartFilterBar-filterItemControl_BASIC-YARD-valueHelpDialog-table-table\")]/tbody/tr[2]/td[1]/div/span"}
COMMAND: POST /session/92e25ae387a06d821b008f80a04495e6/execute/sync - {"script":"<script> [56 bytes]","args":[{"element-6066-11e4-a52e-4f735466cecf":"f.2AE10C335A97376731A182912FB7EE33.d.446F859C058652ED7E34153F802D4004.e.7331","ELEMENT":"f.2AE10C335A97376731A182912FB7EE33.d.446F859C058652ED7E34153F802D4004.e.7331"}]}
RESULT: {"script":"<script> [56 bytes]","args":[{"element-6066-11e4-a52e-4f735466cecf":"f.2AE10C335A97376731A182912FB7EE33.d.446F859C058652ED7E34153F802D4004.e.7331","ELEMENT":"f.2AE10C335A97376731A182912FB7EE33.d.446F859C058652ED7E34153F802D4004.e.7331"}]}
COMMAND: POST /session/92e25ae387a06d821b008f80a04495e6/element - {"using":"xpath","value":"//table[contains(@id, \"smartFilterBar-filterItemControl_BASIC-YARD-valueHelpDialog-table-table\")]/tbody/tr[3]/td[1]/div/span"}
COMMAND: GET /session/92e25ae387a06d821b008f80a04495e6/screenshot - {}
RESULT: {"using":"xpath","value":"//table[contains(@id, \"smartFilterBar-filterItemControl_BASIC-YARD-valueHelpDialog-table-table\")]/tbody/tr[3]/td[1]/div/span"}
COMMAND: POST /session/92e25ae387a06d821b008f80a04495e6/elements - {"using":"xpath","value":"//table[contains(@id, \"smartFilterBar-filterItemControl_BASIC-YARD-valueHelpDialog-table-table\")]/tbody/tr[3]/td[1]/div/span"}
RESULT: {}
RESULT: {"using":"xpath","value":"//table[contains(@id, \"smartFilterBar-filterItemControl_BASIC-YARD-valueHelpDialog-table-table\")]/tbody/tr[3]/td[1]/div/span"}
COMMAND: POST /session/92e25ae387a06d821b008f80a04495e6/execute/sync - {"script":"<script> [56 bytes]","args":[{"element-6066-11e4-a52e-4f735466cecf":"f.2AE10C335A97376731A182912FB7EE33.d.446F859C058652ED7E34153F802D4004.e.7332","ELEMENT":"f.2AE10C335A97376731A182912FB7EE33.d.446F859C058652ED7E34153F802D4004.e.7332"}]}
RESULT: {"script":"<script> [56 bytes]","args":[{"element-6066-11e4-a52e-4f735466cecf":"f.2AE10C335A97376731A182912FB7EE33.d.446F859C058652ED7E34153F802D4004.e.7332","ELEMENT":"f.2AE10C335A97376731A182912FB7EE33.d.446F859C058652ED7E34153F802D4004.e.7332"}]}
COMMAND: POST /session/92e25ae387a06d821b008f80a04495e6/element - {"using":"xpath","value":"//div[contains(@id, \"filterItemControl_BASIC-YARD-valueHelpDialog-table-rowsel2\")]"}
COMMAND: GET /session/92e25ae387a06d821b008f80a04495e6/screenshot - {}
RESULT: {"using":"xpath","value":"//div[contains(@id, \"filterItemControl_BASIC-YARD-valueHelpDialog-table-rowsel2\")]"}
COMMAND: POST /session/92e25ae387a06d821b008f80a04495e6/element/f.2AE10C335A97376731A182912FB7EE33.d.446F859C058652ED7E34153F802D4004.e.7333/click - {}
RESULT: {}
RESULT: {}
COMMAND: GET /session/92e25ae387a06d821b008f80a04495e6/screenshot - {}
RESULT: {}
COMMAND: POST /session/92e25ae387a06d821b008f80a04495e6/element - {"using":"xpath","value":"(//bdi[contains(text(), \"OK\")])[1]"}
RESULT: {"using":"xpath","value":"(//bdi[contains(text(), \"OK\")])[1]"}
COMMAND: POST /session/92e25ae387a06d821b008f80a04495e6/element/f.2AE10C335A97376731A182912FB7EE33.d.446F859C058652ED7E34153F802D4004.e.7335/click - {}
RESULT: {}
COMMAND: GET /session/92e25ae387a06d821b008f80a04495e6/screenshot - {}
RESULT: {}
COMMAND: POST /session/92e25ae387a06d821b008f80a04495e6/element - {"using":"xpath","value":"//span[@id=\"application-managepartners-display-component---masterPtm--smartTable-header-inner\"]"}
RESULT: {"using":"xpath","value":"//span[@id=\"application-managepartners-display-component---masterPtm--smartTable-header-inner\"]"}
COMMAND: POST /session/92e25ae387a06d821b008f80a04495e6/elements - {"using":"xpath","value":"//span[@id=\"application-managepartners-display-component---masterPtm--smartTable-header-inner\"]"}
RESULT: {"using":"xpath","value":"//span[@id=\"application-managepartners-display-component---masterPtm--smartTable-header-inner\"]"}
COMMAND: POST /session/92e25ae387a06d821b008f80a04495e6/execute/sync - {"script":"<script> [56 bytes]","args":[{"element-6066-11e4-a52e-4f735466cecf":"f.2AE10C335A97376731A182912FB7EE33.d.446F859C058652ED7E34153F802D4004.e.7008","ELEMENT":"f.2AE10C335A97376731A182912FB7EE33.d.446F859C058652ED7E34153F802D4004.e.7008"}]}
RESULT: {"script":"<script> [56 bytes]","args":[{"element-6066-11e4-a52e-4f735466cecf":"f.2AE10C335A97376731A182912FB7EE33.d.446F859C058652ED7E34153F802D4004.e.7008","ELEMENT":"f.2AE10C335A97376731A182912FB7EE33.d.446F859C058652ED7E34153F802D4004.e.7008"}]}
COMMAND: POST /session/92e25ae387a06d821b008f80a04495e6/element - {"using":"xpath","value":"//span[contains(@title, \"Remove\")]"}
COMMAND: GET /session/92e25ae387a06d821b008f80a04495e6/screenshot - {}
RESULT: {"using":"xpath","value":"//span[contains(@title, \"Remove\")]"}
COMMAND: POST /session/92e25ae387a06d821b008f80a04495e6/element/f.2AE10C335A97376731A182912FB7EE33.d.446F859C058652ED7E34153F802D4004.e.7347/click - {}
RESULT: {}
RESULT: {}
COMMAND: GET /session/92e25ae387a06d821b008f80a04495e6/screenshot - {}
COMMAND: POST /session/92e25ae387a06d821b008f80a04495e6/element - {"using":"xpath","value":"//span[@id=\"application-managepartners-display-component---masterPtm--smartTable-header-inner\"]"}
RESULT: {}
RESULT: {"using":"xpath","value":"//span[@id=\"application-managepartners-display-component---masterPtm--smartTable-header-inner\"]"}
COMMAND: POST /session/92e25ae387a06d821b008f80a04495e6/elements - {"using":"xpath","value":"//span[@id=\"application-managepartners-display-component---masterPtm--smartTable-header-inner\"]"}
RESULT: {"using":"xpath","value":"//span[@id=\"application-managepartners-display-component---masterPtm--smartTable-header-inner\"]"}
COMMAND: POST /session/92e25ae387a06d821b008f80a04495e6/execute/sync - {"script":"<script> [56 bytes]","args":[{"element-6066-11e4-a52e-4f735466cecf":"f.2AE10C335A97376731A182912FB7EE33.d.446F859C058652ED7E34153F802D4004.e.7008","ELEMENT":"f.2AE10C335A97376731A182912FB7EE33.d.446F859C058652ED7E34153F802D4004.e.7008"}]}
RESULT: {"script":"<script> [56 bytes]","args":[{"element-6066-11e4-a52e-4f735466cecf":"f.2AE10C335A97376731A182912FB7EE33.d.446F859C058652ED7E34153F802D4004.e.7008","ELEMENT":"f.2AE10C335A97376731A182912FB7EE33.d.446F859C058652ED7E34153F802D4004.e.7008"}]}
RESULT: undefined
COMMAND: POST /session/92e25ae387a06d821b008f80a04495e6/element - {"using":"xpath","value":"//*[@id=\"application-managepartners-display-component---masterPtm--smartFilterBar-filterItemControl_BASIC-ALL_TAGS-vhi\"]"}
COMMAND: GET /session/92e25ae387a06d821b008f80a04495e6/screenshot - {}
RESULT: {"using":"xpath","value":"//*[@id=\"application-managepartners-display-component---masterPtm--smartFilterBar-filterItemControl_BASIC-ALL_TAGS-vhi\"]"}
COMMAND: POST /session/92e25ae387a06d821b008f80a04495e6/element/f.2AE10C335A97376731A182912FB7EE33.d.446F859C058652ED7E34153F802D4004.e.7450/click - {}
RESULT: {}
RESULT: {}
COMMAND: GET /session/92e25ae387a06d821b008f80a04495e6/screenshot - {}
RESULT: {}
RESULT: undefined
COMMAND: POST /session/92e25ae387a06d821b008f80a04495e6/execute/async - {"script":"<script> [776 bytes]","args":[{"enterText":"test-tag-1","selector":{"id":"application-managepartners-display-component---masterPtm--smartFilterBar-filterItemControl_BASIC-ALL_TAGS-valueHelpDialog-smartFilterBar-btnBasicSearch","searchOpenDialogs":true,"interaction":{"idSuffix":"I"}},"clearTextFirst":true,"interactionType":"ENTER_TEXT"}]}
RESULT: {"script":"<script> [776 bytes]","args":[{"enterText":"test-tag-1","selector":{"id":"application-managepartners-display-component---masterPtm--smartFilterBar-filterItemControl_BASIC-ALL_TAGS-valueHelpDialog-smartFilterBar-btnBasicSearch","searchOpenDialogs":true,"interaction":{"idSuffix":"I"}},"clearTextFirst":true,"interactionType":"ENTER_TEXT"}]}
COMMAND: POST /session/92e25ae387a06d821b008f80a04495e6/actions - {"actions":[{"id":"action25","type":"key","parameters":{},"actions":[{"type":"keyDown","value":"î€‡"},{"type":"pause","duration":10},{"type":"keyUp","value":"î€‡"}]}]}
RESULT: {"actions":[{"id":"action25","type":"key","parameters":{},"actions":[{"type":"keyDown","value":"î€‡"},{"type":"pause","duration":10},{"type":"keyUp","value":"î€‡"}]}]}
COMMAND: POST /session/92e25ae387a06d821b008f80a04495e6/elements - {"using":"xpath","value":"//table[contains(@id, \"smartFilterBar-filterItemControl_BASIC-ALL_TAGS-valueHelpDialog-table-table\")]/tbody/tr"}
COMMAND: GET /session/92e25ae387a06d821b008f80a04495e6/screenshot - {}
RESULT: {"using":"xpath","value":"//table[contains(@id, \"smartFilterBar-filterItemControl_BASIC-ALL_TAGS-valueHelpDialog-table-table\")]/tbody/tr"}
COMMAND: POST /session/92e25ae387a06d821b008f80a04495e6/element - {"using":"xpath","value":"//table[contains(@id, \"smartFilterBar-filterItemControl_BASIC-ALL_TAGS-valueHelpDialog-table-table\")]/tbody/tr[1]/td[1]/div/span"}
RESULT: {}
RESULT: {"using":"xpath","value":"//table[contains(@id, \"smartFilterBar-filterItemControl_BASIC-ALL_TAGS-valueHelpDialog-table-table\")]/tbody/tr[1]/td[1]/div/span"}
COMMAND: POST /session/92e25ae387a06d821b008f80a04495e6/elements - {"using":"xpath","value":"//table[contains(@id, \"smartFilterBar-filterItemControl_BASIC-ALL_TAGS-valueHelpDialog-table-table\")]/tbody/tr[1]/td[1]/div/span"}
RESULT: {"using":"xpath","value":"//table[contains(@id, \"smartFilterBar-filterItemControl_BASIC-ALL_TAGS-valueHelpDialog-table-table\")]/tbody/tr[1]/td[1]/div/span"}
COMMAND: POST /session/92e25ae387a06d821b008f80a04495e6/execute/sync - {"script":"<script> [56 bytes]","args":[{"element-6066-11e4-a52e-4f735466cecf":"f.2AE10C335A97376731A182912FB7EE33.d.446F859C058652ED7E34153F802D4004.e.7471","ELEMENT":"f.2AE10C335A97376731A182912FB7EE33.d.446F859C058652ED7E34153F802D4004.e.7471"}]}
RESULT: {"script":"<script> [56 bytes]","args":[{"element-6066-11e4-a52e-4f735466cecf":"f.2AE10C335A97376731A182912FB7EE33.d.446F859C058652ED7E34153F802D4004.e.7471","ELEMENT":"f.2AE10C335A97376731A182912FB7EE33.d.446F859C058652ED7E34153F802D4004.e.7471"}]}
COMMAND: POST /session/92e25ae387a06d821b008f80a04495e6/element - {"using":"xpath","value":"//div[contains(@id, \"filterItemControl_BASIC-ALL_TAGS-valueHelpDialog-table-rowsel0\")]"}
COMMAND: GET /session/92e25ae387a06d821b008f80a04495e6/screenshot - {}
RESULT: {"using":"xpath","value":"//div[contains(@id, \"filterItemControl_BASIC-ALL_TAGS-valueHelpDialog-table-rowsel0\")]"}
COMMAND: POST /session/92e25ae387a06d821b008f80a04495e6/element/f.2AE10C335A97376731A182912FB7EE33.d.446F859C058652ED7E34153F802D4004.e.7472/click - {}
RESULT: {}
RESULT: {}
COMMAND: GET /session/92e25ae387a06d821b008f80a04495e6/screenshot - {}
RESULT: {}
COMMAND: POST /session/92e25ae387a06d821b008f80a04495e6/element - {"using":"xpath","value":"(//bdi[contains(text(), \"OK\")])[1]"}
RESULT: {"using":"xpath","value":"(//bdi[contains(text(), \"OK\")])[1]"}
COMMAND: POST /session/92e25ae387a06d821b008f80a04495e6/element/f.2AE10C335A97376731A182912FB7EE33.d.446F859C058652ED7E34153F802D4004.e.7474/click - {}
RESULT: {}
COMMAND: GET /session/92e25ae387a06d821b008f80a04495e6/screenshot - {}
RESULT: {}
COMMAND: POST /session/92e25ae387a06d821b008f80a04495e6/element - {"using":"xpath","value":"//span[@id=\"application-managepartners-display-component---masterPtm--smartTable-header-inner\"]"}
RESULT: {"using":"xpath","value":"//span[@id=\"application-managepartners-display-component---masterPtm--smartTable-header-inner\"]"}
COMMAND: POST /session/92e25ae387a06d821b008f80a04495e6/elements - {"using":"xpath","value":"//span[@id=\"application-managepartners-display-component---masterPtm--smartTable-header-inner\"]"}
RESULT: {"using":"xpath","value":"//span[@id=\"application-managepartners-display-component---masterPtm--smartTable-header-inner\"]"}
COMMAND: POST /session/92e25ae387a06d821b008f80a04495e6/execute/sync - {"script":"<script> [56 bytes]","args":[{"element-6066-11e4-a52e-4f735466cecf":"f.2AE10C335A97376731A182912FB7EE33.d.446F859C058652ED7E34153F802D4004.e.7008","ELEMENT":"f.2AE10C335A97376731A182912FB7EE33.d.446F859C058652ED7E34153F802D4004.e.7008"}]}
RESULT: {"script":"<script> [56 bytes]","args":[{"element-6066-11e4-a52e-4f735466cecf":"f.2AE10C335A97376731A182912FB7EE33.d.446F859C058652ED7E34153F802D4004.e.7008","ELEMENT":"f.2AE10C335A97376731A182912FB7EE33.d.446F859C058652ED7E34153F802D4004.e.7008"}]}
COMMAND: POST /session/92e25ae387a06d821b008f80a04495e6/element - {"using":"xpath","value":"//span[contains(@title, \"Remove\")]"}
COMMAND: GET /session/92e25ae387a06d821b008f80a04495e6/screenshot - {}
RESULT: {"using":"xpath","value":"//span[contains(@title, \"Remove\")]"}
COMMAND: POST /session/92e25ae387a06d821b008f80a04495e6/element/f.2AE10C335A97376731A182912FB7EE33.d.446F859C058652ED7E34153F802D4004.e.7495/click - {}
RESULT: {}
RESULT: {}
COMMAND: GET /session/92e25ae387a06d821b008f80a04495e6/screenshot - {}
RESULT: undefined
COMMAND: POST /session/92e25ae387a06d821b008f80a04495e6/element - {"using":"xpath","value":"//*[@id=\"application-managepartners-display-component---masterPtm--partnerTypes-arrow\"]"}
RESULT: {}
RESULT: {"using":"xpath","value":"//*[@id=\"application-managepartners-display-component---masterPtm--partnerTypes-arrow\"]"}
COMMAND: POST /session/92e25ae387a06d821b008f80a04495e6/element/f.2AE10C335A97376731A182912FB7EE33.d.446F859C058652ED7E34153F802D4004.e.7599/click - {}
RESULT: {}
COMMAND: GET /session/92e25ae387a06d821b008f80a04495e6/screenshot - {}
RESULT: {}
COMMAND: POST /session/92e25ae387a06d821b008f80a04495e6/element - {"using":"xpath","value":"//li[.//span[text()=\"External partner\"]]//div[contains(@class,\"sapMCbBg\")]"}
RESULT: {"using":"xpath","value":"//li[.//span[text()=\"External partner\"]]//div[contains(@class,\"sapMCbBg\")]"}
COMMAND: POST /session/92e25ae387a06d821b008f80a04495e6/element/f.2AE10C335A97376731A182912FB7EE33.d.446F859C058652ED7E34153F802D4004.e.7604/click - {}
RESULT: {}
COMMAND: GET /session/92e25ae387a06d821b008f80a04495e6/screenshot - {}
RESULT: {}
COMMAND: POST /session/92e25ae387a06d821b008f80a04495e6/element - {"using":"xpath","value":"//span[@id=\"application-managepartners-display-component---masterPtm--smartTable-header-inner\"]"}
RESULT: {"using":"xpath","value":"//span[@id=\"application-managepartners-display-component---masterPtm--smartTable-header-inner\"]"}
COMMAND: POST /session/92e25ae387a06d821b008f80a04495e6/elements - {"using":"xpath","value":"//span[@id=\"application-managepartners-display-component---masterPtm--smartTable-header-inner\"]"}
RESULT: {"using":"xpath","value":"//span[@id=\"application-managepartners-display-component---masterPtm--smartTable-header-inner\"]"}
COMMAND: POST /session/92e25ae387a06d821b008f80a04495e6/execute/sync - {"script":"<script> [56 bytes]","args":[{"element-6066-11e4-a52e-4f735466cecf":"f.2AE10C335A97376731A182912FB7EE33.d.446F859C058652ED7E34153F802D4004.e.7008","ELEMENT":"f.2AE10C335A97376731A182912FB7EE33.d.446F859C058652ED7E34153F802D4004.e.7008"}]}
RESULT: {"script":"<script> [56 bytes]","args":[{"element-6066-11e4-a52e-4f735466cecf":"f.2AE10C335A97376731A182912FB7EE33.d.446F859C058652ED7E34153F802D4004.e.7008","ELEMENT":"f.2AE10C335A97376731A182912FB7EE33.d.446F859C058652ED7E34153F802D4004.e.7008"}]}
COMMAND: POST /session/92e25ae387a06d821b008f80a04495e6/element - {"using":"xpath","value":"//span[contains(@title, \"Remove\")]"}
COMMAND: GET /session/92e25ae387a06d821b008f80a04495e6/screenshot - {}
RESULT: {"using":"xpath","value":"//span[contains(@title, \"Remove\")]"}
COMMAND: POST /session/92e25ae387a06d821b008f80a04495e6/element/f.2AE10C335A97376731A182912FB7EE33.d.446F859C058652ED7E34153F802D4004.e.7649/click - {}
RESULT: {}
RESULT: {}
COMMAND: GET /session/92e25ae387a06d821b008f80a04495e6/screenshot - {}
RESULT: {}
RESULT: undefined
COMMAND: POST /session/92e25ae387a06d821b008f80a04495e6/element - {"using":"xpath","value":"//*[@id=\"application-managepartners-display-component---masterPtm--smartFilterBar-btnFilters\"]"}
RESULT: {"using":"xpath","value":"//*[@id=\"application-managepartners-display-component---masterPtm--smartFilterBar-btnFilters\"]"}
COMMAND: POST /session/92e25ae387a06d821b008f80a04495e6/element/f.2AE10C335A97376731A182912FB7EE33.d.446F859C058652ED7E34153F802D4004.e.6850/click - {}
RESULT: {}
COMMAND: GET /session/92e25ae387a06d821b008f80a04495e6/screenshot - {}
RESULT: {}
COMMAND: POST /session/92e25ae387a06d821b008f80a04495e6/elements - {"using":"xpath","value":"//table[contains(@id, \"listView-innerSelectionPanelTable-listUl\")]/tbody/tr"}
RESULT: {"using":"xpath","value":"//table[contains(@id, \"listView-innerSelectionPanelTable-listUl\")]/tbody/tr"}
COMMAND: POST /session/92e25ae387a06d821b008f80a04495e6/element - {"using":"xpath","value":"//table[contains(@id, \"listView-innerSelectionPanelTable-listUl\")]/tbody/tr[2]/td[2]/div/div"}
RESULT: {"using":"xpath","value":"//table[contains(@id, \"listView-innerSelectionPanelTable-listUl\")]/tbody/tr[2]/td[2]/div/div"}
COMMAND: POST /session/92e25ae387a06d821b008f80a04495e6/element - {"using":"xpath","value":"//table[contains(@id, \"listView-innerSelectionPanelTable-listUl\")]/tbody/tr[2]/td[2]/div"}
RESULT: {"using":"xpath","value":"//table[contains(@id, \"listView-innerSelectionPanelTable-listUl\")]/tbody/tr[2]/td[2]/div"}
COMMAND: POST /session/92e25ae387a06d821b008f80a04495e6/element - {"using":"xpath","value":"//table[contains(@id, \"listView-innerSelectionPanelTable-listUl\")]/tbody/tr[2]/td[3]/div/div/span/span[1]/bdi"}
RESULT: {"using":"xpath","value":"//table[contains(@id, \"listView-innerSelectionPanelTable-listUl\")]/tbody/tr[2]/td[3]/div/div/span/span[1]/bdi"}
COMMAND: POST /session/92e25ae387a06d821b008f80a04495e6/execute/sync - {"script":"<script> [56 bytes]","args":[{"element-6066-11e4-a52e-4f735466cecf":"f.2AE10C335A97376731A182912FB7EE33.d.446F859C058652ED7E34153F802D4004.e.7757","ELEMENT":"f.2AE10C335A97376731A182912FB7EE33.d.446F859C058652ED7E34153F802D4004.e.7757"}]}
RESULT: {"script":"<script> [56 bytes]","args":[{"element-6066-11e4-a52e-4f735466cecf":"f.2AE10C335A97376731A182912FB7EE33.d.446F859C058652ED7E34153F802D4004.e.7757","ELEMENT":"f.2AE10C335A97376731A182912FB7EE33.d.446F859C058652ED7E34153F802D4004.e.7757"}]}
COMMAND: GET /session/92e25ae387a06d821b008f80a04495e6/element/f.2AE10C335A97376731A182912FB7EE33.d.446F859C058652ED7E34153F802D4004.e.7756/attribute/aria-checked - {}
COMMAND: GET /session/92e25ae387a06d821b008f80a04495e6/screenshot - {}
RESULT: {}
COMMAND: POST /session/92e25ae387a06d821b008f80a04495e6/element - {"using":"xpath","value":"//table[contains(@id, \"listView-innerSelectionPanelTable-listUl\")]/tbody/tr[3]/td[2]/div/div"}
RESULT: {}
RESULT: {"using":"xpath","value":"//table[contains(@id, \"listView-innerSelectionPanelTable-listUl\")]/tbody/tr[3]/td[2]/div/div"}
COMMAND: POST /session/92e25ae387a06d821b008f80a04495e6/element - {"using":"xpath","value":"//table[contains(@id, \"listView-innerSelectionPanelTable-listUl\")]/tbody/tr[3]/td[2]/div"}
RESULT: {"using":"xpath","value":"//table[contains(@id, \"listView-innerSelectionPanelTable-listUl\")]/tbody/tr[3]/td[2]/div"}
COMMAND: POST /session/92e25ae387a06d821b008f80a04495e6/element - {"using":"xpath","value":"//table[contains(@id, \"listView-innerSelectionPanelTable-listUl\")]/tbody/tr[3]/td[3]/div/div/span/span[1]/bdi"}
RESULT: {"using":"xpath","value":"//table[contains(@id, \"listView-innerSelectionPanelTable-listUl\")]/tbody/tr[3]/td[3]/div/div/span/span[1]/bdi"}
COMMAND: POST /session/92e25ae387a06d821b008f80a04495e6/execute/sync - {"script":"<script> [56 bytes]","args":[{"element-6066-11e4-a52e-4f735466cecf":"f.2AE10C335A97376731A182912FB7EE33.d.446F859C058652ED7E34153F802D4004.e.7760","ELEMENT":"f.2AE10C335A97376731A182912FB7EE33.d.446F859C058652ED7E34153F802D4004.e.7760"}]}
RESULT: {"script":"<script> [56 bytes]","args":[{"element-6066-11e4-a52e-4f735466cecf":"f.2AE10C335A97376731A182912FB7EE33.d.446F859C058652ED7E34153F802D4004.e.7760","ELEMENT":"f.2AE10C335A97376731A182912FB7EE33.d.446F859C058652ED7E34153F802D4004.e.7760"}]}
COMMAND: GET /session/92e25ae387a06d821b008f80a04495e6/element/f.2AE10C335A97376731A182912FB7EE33.d.446F859C058652ED7E34153F802D4004.e.7759/attribute/aria-checked - {}
COMMAND: GET /session/92e25ae387a06d821b008f80a04495e6/screenshot - {}
RESULT: {}
COMMAND: POST /session/92e25ae387a06d821b008f80a04495e6/element - {"using":"xpath","value":"//table[contains(@id, \"listView-innerSelectionPanelTable-listUl\")]/tbody/tr[4]/td[2]/div/div"}
RESULT: {}
RESULT: {"using":"xpath","value":"//table[contains(@id, \"listView-innerSelectionPanelTable-listUl\")]/tbody/tr[4]/td[2]/div/div"}
COMMAND: POST /session/92e25ae387a06d821b008f80a04495e6/element - {"using":"xpath","value":"//table[contains(@id, \"listView-innerSelectionPanelTable-listUl\")]/tbody/tr[4]/td[2]/div"}
RESULT: {"using":"xpath","value":"//table[contains(@id, \"listView-innerSelectionPanelTable-listUl\")]/tbody/tr[4]/td[2]/div"}
COMMAND: POST /session/92e25ae387a06d821b008f80a04495e6/element - {"using":"xpath","value":"//table[contains(@id, \"listView-innerSelectionPanelTable-listUl\")]/tbody/tr[4]/td[3]/div/div/span/span[1]/bdi"}
RESULT: {"using":"xpath","value":"//table[contains(@id, \"listView-innerSelectionPanelTable-listUl\")]/tbody/tr[4]/td[3]/div/div/span/span[1]/bdi"}
COMMAND: POST /session/92e25ae387a06d821b008f80a04495e6/execute/sync - {"script":"<script> [56 bytes]","args":[{"element-6066-11e4-a52e-4f735466cecf":"f.2AE10C335A97376731A182912FB7EE33.d.446F859C058652ED7E34153F802D4004.e.7763","ELEMENT":"f.2AE10C335A97376731A182912FB7EE33.d.446F859C058652ED7E34153F802D4004.e.7763"}]}
RESULT: {"script":"<script> [56 bytes]","args":[{"element-6066-11e4-a52e-4f735466cecf":"f.2AE10C335A97376731A182912FB7EE33.d.446F859C058652ED7E34153F802D4004.e.7763","ELEMENT":"f.2AE10C335A97376731A182912FB7EE33.d.446F859C058652ED7E34153F802D4004.e.7763"}]}
COMMAND: GET /session/92e25ae387a06d821b008f80a04495e6/element/f.2AE10C335A97376731A182912FB7EE33.d.446F859C058652ED7E34153F802D4004.e.7762/attribute/aria-checked - {}
COMMAND: GET /session/92e25ae387a06d821b008f80a04495e6/screenshot - {}
RESULT: {}
COMMAND: POST /session/92e25ae387a06d821b008f80a04495e6/element - {"using":"xpath","value":"//table[contains(@id, \"listView-innerSelectionPanelTable-listUl\")]/tbody/tr[5]/td[2]/div/div"}
RESULT: {}
RESULT: {"using":"xpath","value":"//table[contains(@id, \"listView-innerSelectionPanelTable-listUl\")]/tbody/tr[5]/td[2]/div/div"}
COMMAND: POST /session/92e25ae387a06d821b008f80a04495e6/element - {"using":"xpath","value":"//table[contains(@id, \"listView-innerSelectionPanelTable-listUl\")]/tbody/tr[5]/td[2]/div"}
RESULT: {"using":"xpath","value":"//table[contains(@id, \"listView-innerSelectionPanelTable-listUl\")]/tbody/tr[5]/td[2]/div"}
COMMAND: POST /session/92e25ae387a06d821b008f80a04495e6/element - {"using":"xpath","value":"//table[contains(@id, \"listView-innerSelectionPanelTable-listUl\")]/tbody/tr[5]/td[3]/div/div/span/span[1]/bdi"}
RESULT: {"using":"xpath","value":"//table[contains(@id, \"listView-innerSelectionPanelTable-listUl\")]/tbody/tr[5]/td[3]/div/div/span/span[1]/bdi"}
COMMAND: POST /session/92e25ae387a06d821b008f80a04495e6/execute/sync - {"script":"<script> [56 bytes]","args":[{"element-6066-11e4-a52e-4f735466cecf":"f.2AE10C335A97376731A182912FB7EE33.d.446F859C058652ED7E34153F802D4004.e.7766","ELEMENT":"f.2AE10C335A97376731A182912FB7EE33.d.446F859C058652ED7E34153F802D4004.e.7766"}]}
RESULT: {"script":"<script> [56 bytes]","args":[{"element-6066-11e4-a52e-4f735466cecf":"f.2AE10C335A97376731A182912FB7EE33.d.446F859C058652ED7E34153F802D4004.e.7766","ELEMENT":"f.2AE10C335A97376731A182912FB7EE33.d.446F859C058652ED7E34153F802D4004.e.7766"}]}
COMMAND: GET /session/92e25ae387a06d821b008f80a04495e6/element/f.2AE10C335A97376731A182912FB7EE33.d.446F859C058652ED7E34153F802D4004.e.7765/attribute/aria-checked - {}
COMMAND: GET /session/92e25ae387a06d821b008f80a04495e6/screenshot - {}
RESULT: {}
COMMAND: POST /session/92e25ae387a06d821b008f80a04495e6/element - {"using":"xpath","value":"//table[contains(@id, \"listView-innerSelectionPanelTable-listUl\")]/tbody/tr[6]/td[2]/div/div"}
RESULT: {}
RESULT: {"using":"xpath","value":"//table[contains(@id, \"listView-innerSelectionPanelTable-listUl\")]/tbody/tr[6]/td[2]/div/div"}
COMMAND: POST /session/92e25ae387a06d821b008f80a04495e6/element - {"using":"xpath","value":"//table[contains(@id, \"listView-innerSelectionPanelTable-listUl\")]/tbody/tr[6]/td[2]/div"}
RESULT: {"using":"xpath","value":"//table[contains(@id, \"listView-innerSelectionPanelTable-listUl\")]/tbody/tr[6]/td[2]/div"}
COMMAND: POST /session/92e25ae387a06d821b008f80a04495e6/element - {"using":"xpath","value":"//table[contains(@id, \"listView-innerSelectionPanelTable-listUl\")]/tbody/tr[6]/td[3]/div/div/span/span[1]/bdi"}
RESULT: {"using":"xpath","value":"//table[contains(@id, \"listView-innerSelectionPanelTable-listUl\")]/tbody/tr[6]/td[3]/div/div/span/span[1]/bdi"}
COMMAND: POST /session/92e25ae387a06d821b008f80a04495e6/execute/sync - {"script":"<script> [56 bytes]","args":[{"element-6066-11e4-a52e-4f735466cecf":"f.2AE10C335A97376731A182912FB7EE33.d.446F859C058652ED7E34153F802D4004.e.7769","ELEMENT":"f.2AE10C335A97376731A182912FB7EE33.d.446F859C058652ED7E34153F802D4004.e.7769"}]}
RESULT: {"script":"<script> [56 bytes]","args":[{"element-6066-11e4-a52e-4f735466cecf":"f.2AE10C335A97376731A182912FB7EE33.d.446F859C058652ED7E34153F802D4004.e.7769","ELEMENT":"f.2AE10C335A97376731A182912FB7EE33.d.446F859C058652ED7E34153F802D4004.e.7769"}]}
COMMAND: GET /session/92e25ae387a06d821b008f80a04495e6/element/f.2AE10C335A97376731A182912FB7EE33.d.446F859C058652ED7E34153F802D4004.e.7768/attribute/aria-checked - {}
COMMAND: GET /session/92e25ae387a06d821b008f80a04495e6/screenshot - {}
RESULT: {}
COMMAND: POST /session/92e25ae387a06d821b008f80a04495e6/element - {"using":"xpath","value":"//table[contains(@id, \"listView-innerSelectionPanelTable-listUl\")]/tbody/tr[7]/td[2]/div/div"}
RESULT: {}
RESULT: {"using":"xpath","value":"//table[contains(@id, \"listView-innerSelectionPanelTable-listUl\")]/tbody/tr[7]/td[2]/div/div"}
COMMAND: POST /session/92e25ae387a06d821b008f80a04495e6/element - {"using":"xpath","value":"//table[contains(@id, \"listView-innerSelectionPanelTable-listUl\")]/tbody/tr[7]/td[2]/div"}
RESULT: {"using":"xpath","value":"//table[contains(@id, \"listView-innerSelectionPanelTable-listUl\")]/tbody/tr[7]/td[2]/div"}
COMMAND: POST /session/92e25ae387a06d821b008f80a04495e6/element - {"using":"xpath","value":"//table[contains(@id, \"listView-innerSelectionPanelTable-listUl\")]/tbody/tr[7]/td[3]/div/div/span/span[1]/bdi"}
RESULT: {"using":"xpath","value":"//table[contains(@id, \"listView-innerSelectionPanelTable-listUl\")]/tbody/tr[7]/td[3]/div/div/span/span[1]/bdi"}
COMMAND: POST /session/92e25ae387a06d821b008f80a04495e6/execute/sync - {"script":"<script> [56 bytes]","args":[{"element-6066-11e4-a52e-4f735466cecf":"f.2AE10C335A97376731A182912FB7EE33.d.446F859C058652ED7E34153F802D4004.e.7772","ELEMENT":"f.2AE10C335A97376731A182912FB7EE33.d.446F859C058652ED7E34153F802D4004.e.7772"}]}
RESULT: {"script":"<script> [56 bytes]","args":[{"element-6066-11e4-a52e-4f735466cecf":"f.2AE10C335A97376731A182912FB7EE33.d.446F859C058652ED7E34153F802D4004.e.7772","ELEMENT":"f.2AE10C335A97376731A182912FB7EE33.d.446F859C058652ED7E34153F802D4004.e.7772"}]}
COMMAND: GET /session/92e25ae387a06d821b008f80a04495e6/element/f.2AE10C335A97376731A182912FB7EE33.d.446F859C058652ED7E34153F802D4004.e.7771/attribute/aria-checked - {}
COMMAND: GET /session/92e25ae387a06d821b008f80a04495e6/screenshot - {}
RESULT: {}
COMMAND: POST /session/92e25ae387a06d821b008f80a04495e6/element - {"using":"xpath","value":"//table[contains(@id, \"listView-innerSelectionPanelTable-listUl\")]/tbody/tr[8]/td[2]/div/div"}
RESULT: {}
RESULT: {"using":"xpath","value":"//table[contains(@id, \"listView-innerSelectionPanelTable-listUl\")]/tbody/tr[8]/td[2]/div/div"}
COMMAND: POST /session/92e25ae387a06d821b008f80a04495e6/element - {"using":"xpath","value":"//table[contains(@id, \"listView-innerSelectionPanelTable-listUl\")]/tbody/tr[8]/td[2]/div"}
RESULT: {"using":"xpath","value":"//table[contains(@id, \"listView-innerSelectionPanelTable-listUl\")]/tbody/tr[8]/td[2]/div"}
COMMAND: POST /session/92e25ae387a06d821b008f80a04495e6/element - {"using":"xpath","value":"//table[contains(@id, \"listView-innerSelectionPanelTable-listUl\")]/tbody/tr[8]/td[3]/div/div/span/span[1]/bdi"}
RESULT: {"using":"xpath","value":"//table[contains(@id, \"listView-innerSelectionPanelTable-listUl\")]/tbody/tr[8]/td[3]/div/div/span/span[1]/bdi"}
COMMAND: POST /session/92e25ae387a06d821b008f80a04495e6/execute/sync - {"script":"<script> [56 bytes]","args":[{"element-6066-11e4-a52e-4f735466cecf":"f.2AE10C335A97376731A182912FB7EE33.d.446F859C058652ED7E34153F802D4004.e.7775","ELEMENT":"f.2AE10C335A97376731A182912FB7EE33.d.446F859C058652ED7E34153F802D4004.e.7775"}]}
RESULT: {"script":"<script> [56 bytes]","args":[{"element-6066-11e4-a52e-4f735466cecf":"f.2AE10C335A97376731A182912FB7EE33.d.446F859C058652ED7E34153F802D4004.e.7775","ELEMENT":"f.2AE10C335A97376731A182912FB7EE33.d.446F859C058652ED7E34153F802D4004.e.7775"}]}
COMMAND: GET /session/92e25ae387a06d821b008f80a04495e6/element/f.2AE10C335A97376731A182912FB7EE33.d.446F859C058652ED7E34153F802D4004.e.7774/attribute/aria-checked - {}
COMMAND: GET /session/92e25ae387a06d821b008f80a04495e6/screenshot - {}
RESULT: {}
COMMAND: POST /session/92e25ae387a06d821b008f80a04495e6/element - {"using":"xpath","value":"//table[contains(@id, \"listView-innerSelectionPanelTable-listUl\")]/tbody/tr[9]/td[2]/div/div"}
RESULT: {}
RESULT: {"using":"xpath","value":"//table[contains(@id, \"listView-innerSelectionPanelTable-listUl\")]/tbody/tr[9]/td[2]/div/div"}
COMMAND: POST /session/92e25ae387a06d821b008f80a04495e6/element - {"using":"xpath","value":"//table[contains(@id, \"listView-innerSelectionPanelTable-listUl\")]/tbody/tr[9]/td[2]/div"}
RESULT: {"using":"xpath","value":"//table[contains(@id, \"listView-innerSelectionPanelTable-listUl\")]/tbody/tr[9]/td[2]/div"}
COMMAND: POST /session/92e25ae387a06d821b008f80a04495e6/element - {"using":"xpath","value":"//table[contains(@id, \"listView-innerSelectionPanelTable-listUl\")]/tbody/tr[9]/td[3]/div/div/span/span[1]/bdi"}
RESULT: {"using":"xpath","value":"//table[contains(@id, \"listView-innerSelectionPanelTable-listUl\")]/tbody/tr[9]/td[3]/div/div/span/span[1]/bdi"}
COMMAND: POST /session/92e25ae387a06d821b008f80a04495e6/execute/sync - {"script":"<script> [56 bytes]","args":[{"element-6066-11e4-a52e-4f735466cecf":"f.2AE10C335A97376731A182912FB7EE33.d.446F859C058652ED7E34153F802D4004.e.7778","ELEMENT":"f.2AE10C335A97376731A182912FB7EE33.d.446F859C058652ED7E34153F802D4004.e.7778"}]}
RESULT: {"script":"<script> [56 bytes]","args":[{"element-6066-11e4-a52e-4f735466cecf":"f.2AE10C335A97376731A182912FB7EE33.d.446F859C058652ED7E34153F802D4004.e.7778","ELEMENT":"f.2AE10C335A97376731A182912FB7EE33.d.446F859C058652ED7E34153F802D4004.e.7778"}]}
COMMAND: GET /session/92e25ae387a06d821b008f80a04495e6/element/f.2AE10C335A97376731A182912FB7EE33.d.446F859C058652ED7E34153F802D4004.e.7777/attribute/aria-checked - {}
COMMAND: GET /session/92e25ae387a06d821b008f80a04495e6/screenshot - {}
RESULT: {}
COMMAND: POST /session/92e25ae387a06d821b008f80a04495e6/element - {"using":"xpath","value":"//table[contains(@id, \"listView-innerSelectionPanelTable-listUl\")]/tbody/tr[10]/td[2]/div/div"}
RESULT: {}
RESULT: {"using":"xpath","value":"//table[contains(@id, \"listView-innerSelectionPanelTable-listUl\")]/tbody/tr[10]/td[2]/div/div"}
COMMAND: POST /session/92e25ae387a06d821b008f80a04495e6/element - {"using":"xpath","value":"//table[contains(@id, \"listView-innerSelectionPanelTable-listUl\")]/tbody/tr[10]/td[2]/div"}
RESULT: {"using":"xpath","value":"//table[contains(@id, \"listView-innerSelectionPanelTable-listUl\")]/tbody/tr[10]/td[2]/div"}
COMMAND: POST /session/92e25ae387a06d821b008f80a04495e6/element - {"using":"xpath","value":"//table[contains(@id, \"listView-innerSelectionPanelTable-listUl\")]/tbody/tr[10]/td[3]/div/div/span/span[1]/bdi"}
RESULT: {"using":"xpath","value":"//table[contains(@id, \"listView-innerSelectionPanelTable-listUl\")]/tbody/tr[10]/td[3]/div/div/span/span[1]/bdi"}
COMMAND: POST /session/92e25ae387a06d821b008f80a04495e6/execute/sync - {"script":"<script> [56 bytes]","args":[{"element-6066-11e4-a52e-4f735466cecf":"f.2AE10C335A97376731A182912FB7EE33.d.446F859C058652ED7E34153F802D4004.e.7781","ELEMENT":"f.2AE10C335A97376731A182912FB7EE33.d.446F859C058652ED7E34153F802D4004.e.7781"}]}
RESULT: {"script":"<script> [56 bytes]","args":[{"element-6066-11e4-a52e-4f735466cecf":"f.2AE10C335A97376731A182912FB7EE33.d.446F859C058652ED7E34153F802D4004.e.7781","ELEMENT":"f.2AE10C335A97376731A182912FB7EE33.d.446F859C058652ED7E34153F802D4004.e.7781"}]}
COMMAND: GET /session/92e25ae387a06d821b008f80a04495e6/element/f.2AE10C335A97376731A182912FB7EE33.d.446F859C058652ED7E34153F802D4004.e.7780/attribute/aria-checked - {}
COMMAND: GET /session/92e25ae387a06d821b008f80a04495e6/screenshot - {}
RESULT: {}
COMMAND: POST /session/92e25ae387a06d821b008f80a04495e6/element - {"using":"xpath","value":"//table[contains(@id, \"listView-innerSelectionPanelTable-listUl\")]/tbody/tr[11]/td[2]/div/div"}
RESULT: {}
RESULT: {"using":"xpath","value":"//table[contains(@id, \"listView-innerSelectionPanelTable-listUl\")]/tbody/tr[11]/td[2]/div/div"}
COMMAND: POST /session/92e25ae387a06d821b008f80a04495e6/element - {"using":"xpath","value":"//table[contains(@id, \"listView-innerSelectionPanelTable-listUl\")]/tbody/tr[11]/td[2]/div"}
RESULT: {"using":"xpath","value":"//table[contains(@id, \"listView-innerSelectionPanelTable-listUl\")]/tbody/tr[11]/td[2]/div"}
COMMAND: POST /session/92e25ae387a06d821b008f80a04495e6/element - {"using":"xpath","value":"//table[contains(@id, \"listView-innerSelectionPanelTable-listUl\")]/tbody/tr[11]/td[3]/div/div/span/span[1]/bdi"}
RESULT: {"using":"xpath","value":"//table[contains(@id, \"listView-innerSelectionPanelTable-listUl\")]/tbody/tr[11]/td[3]/div/div/span/span[1]/bdi"}
COMMAND: POST /session/92e25ae387a06d821b008f80a04495e6/execute/sync - {"script":"<script> [56 bytes]","args":[{"element-6066-11e4-a52e-4f735466cecf":"f.2AE10C335A97376731A182912FB7EE33.d.446F859C058652ED7E34153F802D4004.e.7784","ELEMENT":"f.2AE10C335A97376731A182912FB7EE33.d.446F859C058652ED7E34153F802D4004.e.7784"}]}
RESULT: {"script":"<script> [56 bytes]","args":[{"element-6066-11e4-a52e-4f735466cecf":"f.2AE10C335A97376731A182912FB7EE33.d.446F859C058652ED7E34153F802D4004.e.7784","ELEMENT":"f.2AE10C335A97376731A182912FB7EE33.d.446F859C058652ED7E34153F802D4004.e.7784"}]}
COMMAND: GET /session/92e25ae387a06d821b008f80a04495e6/element/f.2AE10C335A97376731A182912FB7EE33.d.446F859C058652ED7E34153F802D4004.e.7783/attribute/aria-checked - {}
COMMAND: GET /session/92e25ae387a06d821b008f80a04495e6/screenshot - {}
RESULT: {}
COMMAND: POST /session/92e25ae387a06d821b008f80a04495e6/element - {"using":"xpath","value":"//table[contains(@id, \"listView-innerSelectionPanelTable-listUl\")]/tbody/tr[12]/td[2]/div/div"}
RESULT: {}
RESULT: {"using":"xpath","value":"//table[contains(@id, \"listView-innerSelectionPanelTable-listUl\")]/tbody/tr[12]/td[2]/div/div"}
COMMAND: POST /session/92e25ae387a06d821b008f80a04495e6/element - {"using":"xpath","value":"//table[contains(@id, \"listView-innerSelectionPanelTable-listUl\")]/tbody/tr[12]/td[2]/div"}
RESULT: {"using":"xpath","value":"//table[contains(@id, \"listView-innerSelectionPanelTable-listUl\")]/tbody/tr[12]/td[2]/div"}
COMMAND: POST /session/92e25ae387a06d821b008f80a04495e6/element - {"using":"xpath","value":"//table[contains(@id, \"listView-innerSelectionPanelTable-listUl\")]/tbody/tr[12]/td[3]/div/div/span/span[1]/bdi"}
RESULT: {"using":"xpath","value":"//table[contains(@id, \"listView-innerSelectionPanelTable-listUl\")]/tbody/tr[12]/td[3]/div/div/span/span[1]/bdi"}
COMMAND: POST /session/92e25ae387a06d821b008f80a04495e6/execute/sync - {"script":"<script> [56 bytes]","args":[{"element-6066-11e4-a52e-4f735466cecf":"f.2AE10C335A97376731A182912FB7EE33.d.446F859C058652ED7E34153F802D4004.e.7787","ELEMENT":"f.2AE10C335A97376731A182912FB7EE33.d.446F859C058652ED7E34153F802D4004.e.7787"}]}
RESULT: {"script":"<script> [56 bytes]","args":[{"element-6066-11e4-a52e-4f735466cecf":"f.2AE10C335A97376731A182912FB7EE33.d.446F859C058652ED7E34153F802D4004.e.7787","ELEMENT":"f.2AE10C335A97376731A182912FB7EE33.d.446F859C058652ED7E34153F802D4004.e.7787"}]}
COMMAND: GET /session/92e25ae387a06d821b008f80a04495e6/element/f.2AE10C335A97376731A182912FB7EE33.d.446F859C058652ED7E34153F802D4004.e.7786/attribute/aria-checked - {}
COMMAND: GET /session/92e25ae387a06d821b008f80a04495e6/screenshot - {}
RESULT: {}
COMMAND: POST /session/92e25ae387a06d821b008f80a04495e6/element - {"using":"xpath","value":"//table[contains(@id, \"listView-innerSelectionPanelTable-listUl\")]/tbody/tr[13]/td[2]/div/div"}
RESULT: {}
RESULT: {"using":"xpath","value":"//table[contains(@id, \"listView-innerSelectionPanelTable-listUl\")]/tbody/tr[13]/td[2]/div/div"}
COMMAND: POST /session/92e25ae387a06d821b008f80a04495e6/element - {"using":"xpath","value":"//table[contains(@id, \"listView-innerSelectionPanelTable-listUl\")]/tbody/tr[13]/td[2]/div"}
RESULT: {"using":"xpath","value":"//table[contains(@id, \"listView-innerSelectionPanelTable-listUl\")]/tbody/tr[13]/td[2]/div"}
COMMAND: POST /session/92e25ae387a06d821b008f80a04495e6/element - {"using":"xpath","value":"//table[contains(@id, \"listView-innerSelectionPanelTable-listUl\")]/tbody/tr[13]/td[3]/div/div/span/span[1]/bdi"}
RESULT: {"using":"xpath","value":"//table[contains(@id, \"listView-innerSelectionPanelTable-listUl\")]/tbody/tr[13]/td[3]/div/div/span/span[1]/bdi"}
COMMAND: POST /session/92e25ae387a06d821b008f80a04495e6/execute/sync - {"script":"<script> [56 bytes]","args":[{"element-6066-11e4-a52e-4f735466cecf":"f.2AE10C335A97376731A182912FB7EE33.d.446F859C058652ED7E34153F802D4004.e.7790","ELEMENT":"f.2AE10C335A97376731A182912FB7EE33.d.446F859C058652ED7E34153F802D4004.e.7790"}]}
RESULT: {"script":"<script> [56 bytes]","args":[{"element-6066-11e4-a52e-4f735466cecf":"f.2AE10C335A97376731A182912FB7EE33.d.446F859C058652ED7E34153F802D4004.e.7790","ELEMENT":"f.2AE10C335A97376731A182912FB7EE33.d.446F859C058652ED7E34153F802D4004.e.7790"}]}
COMMAND: GET /session/92e25ae387a06d821b008f80a04495e6/element/f.2AE10C335A97376731A182912FB7EE33.d.446F859C058652ED7E34153F802D4004.e.7789/attribute/aria-checked - {}
COMMAND: GET /session/92e25ae387a06d821b008f80a04495e6/screenshot - {}
RESULT: {}
COMMAND: POST /session/92e25ae387a06d821b008f80a04495e6/element - {"using":"xpath","value":"//table[contains(@id, \"listView-innerSelectionPanelTable-listUl\")]/tbody/tr[14]/td[2]/div/div"}
COMMAND: POST /session/92e25ae387a06d821b008f80a04495e6/element/f.2AE10C335A97376731A182912FB7EE33.d.446F859C058652ED7E34153F802D4004.e.7788/click - {}
RESULT: {}
RESULT: {}
COMMAND: GET /session/92e25ae387a06d821b008f80a04495e6/screenshot - {}
RESULT: {"using":"xpath","value":"//table[contains(@id, \"listView-innerSelectionPanelTable-listUl\")]/tbody/tr[14]/td[2]/div/div"}
COMMAND: POST /session/92e25ae387a06d821b008f80a04495e6/element - {"using":"xpath","value":"//table[contains(@id, \"listView-innerSelectionPanelTable-listUl\")]/tbody/tr[14]/td[2]/div"}
RESULT: {}
RESULT: {"using":"xpath","value":"//table[contains(@id, \"listView-innerSelectionPanelTable-listUl\")]/tbody/tr[14]/td[2]/div"}
COMMAND: POST /session/92e25ae387a06d821b008f80a04495e6/element - {"using":"xpath","value":"//table[contains(@id, \"listView-innerSelectionPanelTable-listUl\")]/tbody/tr[14]/td[3]/div/div/span/span[1]/bdi"}
RESULT: {"using":"xpath","value":"//table[contains(@id, \"listView-innerSelectionPanelTable-listUl\")]/tbody/tr[14]/td[3]/div/div/span/span[1]/bdi"}
COMMAND: POST /session/92e25ae387a06d821b008f80a04495e6/execute/sync - {"script":"<script> [56 bytes]","args":[{"element-6066-11e4-a52e-4f735466cecf":"f.2AE10C335A97376731A182912FB7EE33.d.446F859C058652ED7E34153F802D4004.e.7794","ELEMENT":"f.2AE10C335A97376731A182912FB7EE33.d.446F859C058652ED7E34153F802D4004.e.7794"}]}
RESULT: {"script":"<script> [56 bytes]","args":[{"element-6066-11e4-a52e-4f735466cecf":"f.2AE10C335A97376731A182912FB7EE33.d.446F859C058652ED7E34153F802D4004.e.7794","ELEMENT":"f.2AE10C335A97376731A182912FB7EE33.d.446F859C058652ED7E34153F802D4004.e.7794"}]}
COMMAND: GET /session/92e25ae387a06d821b008f80a04495e6/element/f.2AE10C335A97376731A182912FB7EE33.d.446F859C058652ED7E34153F802D4004.e.7793/attribute/aria-checked - {}
COMMAND: GET /session/92e25ae387a06d821b008f80a04495e6/screenshot - {}
RESULT: {}
COMMAND: POST /session/92e25ae387a06d821b008f80a04495e6/element - {"using":"xpath","value":"//table[contains(@id, \"listView-innerSelectionPanelTable-listUl\")]/tbody/tr[15]/td[2]/div/div"}
RESULT: {}
RESULT: {"using":"xpath","value":"//table[contains(@id, \"listView-innerSelectionPanelTable-listUl\")]/tbody/tr[15]/td[2]/div/div"}
COMMAND: POST /session/92e25ae387a06d821b008f80a04495e6/element - {"using":"xpath","value":"//table[contains(@id, \"listView-innerSelectionPanelTable-listUl\")]/tbody/tr[15]/td[2]/div"}
RESULT: {"using":"xpath","value":"//table[contains(@id, \"listView-innerSelectionPanelTable-listUl\")]/tbody/tr[15]/td[2]/div"}
COMMAND: POST /session/92e25ae387a06d821b008f80a04495e6/element - {"using":"xpath","value":"//table[contains(@id, \"listView-innerSelectionPanelTable-listUl\")]/tbody/tr[15]/td[3]/div/div/span/span[1]/bdi"}
RESULT: {"using":"xpath","value":"//table[contains(@id, \"listView-innerSelectionPanelTable-listUl\")]/tbody/tr[15]/td[3]/div/div/span/span[1]/bdi"}
COMMAND: POST /session/92e25ae387a06d821b008f80a04495e6/execute/sync - {"script":"<script> [56 bytes]","args":[{"element-6066-11e4-a52e-4f735466cecf":"f.2AE10C335A97376731A182912FB7EE33.d.446F859C058652ED7E34153F802D4004.e.7797","ELEMENT":"f.2AE10C335A97376731A182912FB7EE33.d.446F859C058652ED7E34153F802D4004.e.7797"}]}
RESULT: {"script":"<script> [56 bytes]","args":[{"element-6066-11e4-a52e-4f735466cecf":"f.2AE10C335A97376731A182912FB7EE33.d.446F859C058652ED7E34153F802D4004.e.7797","ELEMENT":"f.2AE10C335A97376731A182912FB7EE33.d.446F859C058652ED7E34153F802D4004.e.7797"}]}
COMMAND: GET /session/92e25ae387a06d821b008f80a04495e6/element/f.2AE10C335A97376731A182912FB7EE33.d.446F859C058652ED7E34153F802D4004.e.7796/attribute/aria-checked - {}
COMMAND: GET /session/92e25ae387a06d821b008f80a04495e6/screenshot - {}
RESULT: {}
COMMAND: POST /session/92e25ae387a06d821b008f80a04495e6/element - {"using":"xpath","value":"//table[contains(@id, \"listView-innerSelectionPanelTable-listUl\")]/tbody/tr[16]/td[2]/div/div"}
RESULT: {}
RESULT: {"using":"xpath","value":"//table[contains(@id, \"listView-innerSelectionPanelTable-listUl\")]/tbody/tr[16]/td[2]/div/div"}
COMMAND: POST /session/92e25ae387a06d821b008f80a04495e6/element - {"using":"xpath","value":"//table[contains(@id, \"listView-innerSelectionPanelTable-listUl\")]/tbody/tr[16]/td[2]/div"}
RESULT: {"using":"xpath","value":"//table[contains(@id, \"listView-innerSelectionPanelTable-listUl\")]/tbody/tr[16]/td[2]/div"}
COMMAND: POST /session/92e25ae387a06d821b008f80a04495e6/element - {"using":"xpath","value":"//table[contains(@id, \"listView-innerSelectionPanelTable-listUl\")]/tbody/tr[16]/td[3]/div/div/span/span[1]/bdi"}
RESULT: {"using":"xpath","value":"//table[contains(@id, \"listView-innerSelectionPanelTable-listUl\")]/tbody/tr[16]/td[3]/div/div/span/span[1]/bdi"}
COMMAND: POST /session/92e25ae387a06d821b008f80a04495e6/execute/sync - {"script":"<script> [56 bytes]","args":[{"element-6066-11e4-a52e-4f735466cecf":"f.2AE10C335A97376731A182912FB7EE33.d.446F859C058652ED7E34153F802D4004.e.7800","ELEMENT":"f.2AE10C335A97376731A182912FB7EE33.d.446F859C058652ED7E34153F802D4004.e.7800"}]}
RESULT: {"script":"<script> [56 bytes]","args":[{"element-6066-11e4-a52e-4f735466cecf":"f.2AE10C335A97376731A182912FB7EE33.d.446F859C058652ED7E34153F802D4004.e.7800","ELEMENT":"f.2AE10C335A97376731A182912FB7EE33.d.446F859C058652ED7E34153F802D4004.e.7800"}]}
COMMAND: GET /session/92e25ae387a06d821b008f80a04495e6/element/f.2AE10C335A97376731A182912FB7EE33.d.446F859C058652ED7E34153F802D4004.e.7799/attribute/aria-checked - {}
COMMAND: GET /session/92e25ae387a06d821b008f80a04495e6/screenshot - {}
RESULT: {}
COMMAND: POST /session/92e25ae387a06d821b008f80a04495e6/element - {"using":"xpath","value":"//table[contains(@id, \"listView-innerSelectionPanelTable-listUl\")]/tbody/tr[17]/td[2]/div/div"}
RESULT: {}
RESULT: {"using":"xpath","value":"//table[contains(@id, \"listView-innerSelectionPanelTable-listUl\")]/tbody/tr[17]/td[2]/div/div"}
COMMAND: POST /session/92e25ae387a06d821b008f80a04495e6/element - {"using":"xpath","value":"//table[contains(@id, \"listView-innerSelectionPanelTable-listUl\")]/tbody/tr[17]/td[2]/div"}
RESULT: {"using":"xpath","value":"//table[contains(@id, \"listView-innerSelectionPanelTable-listUl\")]/tbody/tr[17]/td[2]/div"}
COMMAND: POST /session/92e25ae387a06d821b008f80a04495e6/element - {"using":"xpath","value":"//table[contains(@id, \"listView-innerSelectionPanelTable-listUl\")]/tbody/tr[17]/td[3]/div/div/span/span[1]/bdi"}
RESULT: {"using":"xpath","value":"//table[contains(@id, \"listView-innerSelectionPanelTable-listUl\")]/tbody/tr[17]/td[3]/div/div/span/span[1]/bdi"}
COMMAND: POST /session/92e25ae387a06d821b008f80a04495e6/execute/sync - {"script":"<script> [56 bytes]","args":[{"element-6066-11e4-a52e-4f735466cecf":"f.2AE10C335A97376731A182912FB7EE33.d.446F859C058652ED7E34153F802D4004.e.7803","ELEMENT":"f.2AE10C335A97376731A182912FB7EE33.d.446F859C058652ED7E34153F802D4004.e.7803"}]}
RESULT: {"script":"<script> [56 bytes]","args":[{"element-6066-11e4-a52e-4f735466cecf":"f.2AE10C335A97376731A182912FB7EE33.d.446F859C058652ED7E34153F802D4004.e.7803","ELEMENT":"f.2AE10C335A97376731A182912FB7EE33.d.446F859C058652ED7E34153F802D4004.e.7803"}]}
COMMAND: GET /session/92e25ae387a06d821b008f80a04495e6/element/f.2AE10C335A97376731A182912FB7EE33.d.446F859C058652ED7E34153F802D4004.e.7802/attribute/aria-checked - {}
COMMAND: GET /session/92e25ae387a06d821b008f80a04495e6/screenshot - {}
RESULT: {}
COMMAND: POST /session/92e25ae387a06d821b008f80a04495e6/element - {"using":"xpath","value":"//table[contains(@id, \"listView-innerSelectionPanelTable-listUl\")]/tbody/tr[18]/td[2]/div/div"}
RESULT: {}
RESULT: {"using":"xpath","value":"//table[contains(@id, \"listView-innerSelectionPanelTable-listUl\")]/tbody/tr[18]/td[2]/div/div"}
COMMAND: POST /session/92e25ae387a06d821b008f80a04495e6/element - {"using":"xpath","value":"//table[contains(@id, \"listView-innerSelectionPanelTable-listUl\")]/tbody/tr[18]/td[2]/div"}
RESULT: {"using":"xpath","value":"//table[contains(@id, \"listView-innerSelectionPanelTable-listUl\")]/tbody/tr[18]/td[2]/div"}
COMMAND: POST /session/92e25ae387a06d821b008f80a04495e6/element - {"using":"xpath","value":"//table[contains(@id, \"listView-innerSelectionPanelTable-listUl\")]/tbody/tr[18]/td[3]/div/div/span/span[1]/bdi"}
RESULT: {"using":"xpath","value":"//table[contains(@id, \"listView-innerSelectionPanelTable-listUl\")]/tbody/tr[18]/td[3]/div/div/span/span[1]/bdi"}
COMMAND: POST /session/92e25ae387a06d821b008f80a04495e6/execute/sync - {"script":"<script> [56 bytes]","args":[{"element-6066-11e4-a52e-4f735466cecf":"f.2AE10C335A97376731A182912FB7EE33.d.446F859C058652ED7E34153F802D4004.e.7806","ELEMENT":"f.2AE10C335A97376731A182912FB7EE33.d.446F859C058652ED7E34153F802D4004.e.7806"}]}
RESULT: {"script":"<script> [56 bytes]","args":[{"element-6066-11e4-a52e-4f735466cecf":"f.2AE10C335A97376731A182912FB7EE33.d.446F859C058652ED7E34153F802D4004.e.7806","ELEMENT":"f.2AE10C335A97376731A182912FB7EE33.d.446F859C058652ED7E34153F802D4004.e.7806"}]}
COMMAND: GET /session/92e25ae387a06d821b008f80a04495e6/element/f.2AE10C335A97376731A182912FB7EE33.d.446F859C058652ED7E34153F802D4004.e.7805/attribute/aria-checked - {}
COMMAND: GET /session/92e25ae387a06d821b008f80a04495e6/screenshot - {}
RESULT: {}
COMMAND: POST /session/92e25ae387a06d821b008f80a04495e6/element - {"using":"xpath","value":"//table[contains(@id, \"listView-innerSelectionPanelTable-listUl\")]/tbody/tr[19]/td[2]/div/div"}
RESULT: {}
RESULT: {"using":"xpath","value":"//table[contains(@id, \"listView-innerSelectionPanelTable-listUl\")]/tbody/tr[19]/td[2]/div/div"}
COMMAND: POST /session/92e25ae387a06d821b008f80a04495e6/element - {"using":"xpath","value":"//table[contains(@id, \"listView-innerSelectionPanelTable-listUl\")]/tbody/tr[19]/td[2]/div"}
RESULT: {"using":"xpath","value":"//table[contains(@id, \"listView-innerSelectionPanelTable-listUl\")]/tbody/tr[19]/td[2]/div"}
COMMAND: POST /session/92e25ae387a06d821b008f80a04495e6/element - {"using":"xpath","value":"//table[contains(@id, \"listView-innerSelectionPanelTable-listUl\")]/tbody/tr[19]/td[3]/div/div/span/span[1]/bdi"}
RESULT: {"using":"xpath","value":"//table[contains(@id, \"listView-innerSelectionPanelTable-listUl\")]/tbody/tr[19]/td[3]/div/div/span/span[1]/bdi"}
COMMAND: POST /session/92e25ae387a06d821b008f80a04495e6/execute/sync - {"script":"<script> [56 bytes]","args":[{"element-6066-11e4-a52e-4f735466cecf":"f.2AE10C335A97376731A182912FB7EE33.d.446F859C058652ED7E34153F802D4004.e.7809","ELEMENT":"f.2AE10C335A97376731A182912FB7EE33.d.446F859C058652ED7E34153F802D4004.e.7809"}]}
RESULT: {"script":"<script> [56 bytes]","args":[{"element-6066-11e4-a52e-4f735466cecf":"f.2AE10C335A97376731A182912FB7EE33.d.446F859C058652ED7E34153F802D4004.e.7809","ELEMENT":"f.2AE10C335A97376731A182912FB7EE33.d.446F859C058652ED7E34153F802D4004.e.7809"}]}
COMMAND: GET /session/92e25ae387a06d821b008f80a04495e6/element/f.2AE10C335A97376731A182912FB7EE33.d.446F859C058652ED7E34153F802D4004.e.7808/attribute/aria-checked - {}
COMMAND: GET /session/92e25ae387a06d821b008f80a04495e6/screenshot - {}
RESULT: {}
COMMAND: POST /session/92e25ae387a06d821b008f80a04495e6/element - {"using":"xpath","value":"//table[contains(@id, \"listView-innerSelectionPanelTable-listUl\")]/tbody/tr[20]/td[2]/div/div"}
RESULT: {}
RESULT: {"using":"xpath","value":"//table[contains(@id, \"listView-innerSelectionPanelTable-listUl\")]/tbody/tr[20]/td[2]/div/div"}
COMMAND: POST /session/92e25ae387a06d821b008f80a04495e6/element - {"using":"xpath","value":"//table[contains(@id, \"listView-innerSelectionPanelTable-listUl\")]/tbody/tr[20]/td[2]/div"}
RESULT: {"using":"xpath","value":"//table[contains(@id, \"listView-innerSelectionPanelTable-listUl\")]/tbody/tr[20]/td[2]/div"}
COMMAND: POST /session/92e25ae387a06d821b008f80a04495e6/element - {"using":"xpath","value":"//table[contains(@id, \"listView-innerSelectionPanelTable-listUl\")]/tbody/tr[20]/td[3]/div/div/span/span[1]/bdi"}
RESULT: {"using":"xpath","value":"//table[contains(@id, \"listView-innerSelectionPanelTable-listUl\")]/tbody/tr[20]/td[3]/div/div/span/span[1]/bdi"}
COMMAND: POST /session/92e25ae387a06d821b008f80a04495e6/execute/sync - {"script":"<script> [56 bytes]","args":[{"element-6066-11e4-a52e-4f735466cecf":"f.2AE10C335A97376731A182912FB7EE33.d.446F859C058652ED7E34153F802D4004.e.7812","ELEMENT":"f.2AE10C335A97376731A182912FB7EE33.d.446F859C058652ED7E34153F802D4004.e.7812"}]}
RESULT: {"script":"<script> [56 bytes]","args":[{"element-6066-11e4-a52e-4f735466cecf":"f.2AE10C335A97376731A182912FB7EE33.d.446F859C058652ED7E34153F802D4004.e.7812","ELEMENT":"f.2AE10C335A97376731A182912FB7EE33.d.446F859C058652ED7E34153F802D4004.e.7812"}]}
COMMAND: GET /session/92e25ae387a06d821b008f80a04495e6/element/f.2AE10C335A97376731A182912FB7EE33.d.446F859C058652ED7E34153F802D4004.e.7811/attribute/aria-checked - {}
COMMAND: GET /session/92e25ae387a06d821b008f80a04495e6/screenshot - {}
RESULT: {}
COMMAND: POST /session/92e25ae387a06d821b008f80a04495e6/element - {"using":"xpath","value":"//table[contains(@id, \"listView-innerSelectionPanelTable-listUl\")]/tbody/tr[21]/td[2]/div/div"}
RESULT: {}
RESULT: {"using":"xpath","value":"//table[contains(@id, \"listView-innerSelectionPanelTable-listUl\")]/tbody/tr[21]/td[2]/div/div"}
COMMAND: POST /session/92e25ae387a06d821b008f80a04495e6/element - {"using":"xpath","value":"//table[contains(@id, \"listView-innerSelectionPanelTable-listUl\")]/tbody/tr[21]/td[2]/div"}
RESULT: {"using":"xpath","value":"//table[contains(@id, \"listView-innerSelectionPanelTable-listUl\")]/tbody/tr[21]/td[2]/div"}
COMMAND: POST /session/92e25ae387a06d821b008f80a04495e6/element - {"using":"xpath","value":"//table[contains(@id, \"listView-innerSelectionPanelTable-listUl\")]/tbody/tr[21]/td[3]/div/div/span/span[1]/bdi"}
RESULT: {"using":"xpath","value":"//table[contains(@id, \"listView-innerSelectionPanelTable-listUl\")]/tbody/tr[21]/td[3]/div/div/span/span[1]/bdi"}
COMMAND: POST /session/92e25ae387a06d821b008f80a04495e6/execute/sync - {"script":"<script> [56 bytes]","args":[{"element-6066-11e4-a52e-4f735466cecf":"f.2AE10C335A97376731A182912FB7EE33.d.446F859C058652ED7E34153F802D4004.e.7815","ELEMENT":"f.2AE10C335A97376731A182912FB7EE33.d.446F859C058652ED7E34153F802D4004.e.7815"}]}
RESULT: {"script":"<script> [56 bytes]","args":[{"element-6066-11e4-a52e-4f735466cecf":"f.2AE10C335A97376731A182912FB7EE33.d.446F859C058652ED7E34153F802D4004.e.7815","ELEMENT":"f.2AE10C335A97376731A182912FB7EE33.d.446F859C058652ED7E34153F802D4004.e.7815"}]}
COMMAND: GET /session/92e25ae387a06d821b008f80a04495e6/element/f.2AE10C335A97376731A182912FB7EE33.d.446F859C058652ED7E34153F802D4004.e.7814/attribute/aria-checked - {}
COMMAND: GET /session/92e25ae387a06d821b008f80a04495e6/screenshot - {}
RESULT: {}
COMMAND: POST /session/92e25ae387a06d821b008f80a04495e6/element - {"using":"xpath","value":"//table[contains(@id, \"listView-innerSelectionPanelTable-listUl\")]/tbody/tr[22]/td[2]/div/div"}
RESULT: {}
RESULT: {"using":"xpath","value":"//table[contains(@id, \"listView-innerSelectionPanelTable-listUl\")]/tbody/tr[22]/td[2]/div/div"}
COMMAND: POST /session/92e25ae387a06d821b008f80a04495e6/element - {"using":"xpath","value":"//table[contains(@id, \"listView-innerSelectionPanelTable-listUl\")]/tbody/tr[22]/td[2]/div"}
RESULT: {"using":"xpath","value":"//table[contains(@id, \"listView-innerSelectionPanelTable-listUl\")]/tbody/tr[22]/td[2]/div"}
COMMAND: POST /session/92e25ae387a06d821b008f80a04495e6/element - {"using":"xpath","value":"//table[contains(@id, \"listView-innerSelectionPanelTable-listUl\")]/tbody/tr[22]/td[3]/div/div/span/span[1]/bdi"}
RESULT: {"using":"xpath","value":"//table[contains(@id, \"listView-innerSelectionPanelTable-listUl\")]/tbody/tr[22]/td[3]/div/div/span/span[1]/bdi"}
COMMAND: POST /session/92e25ae387a06d821b008f80a04495e6/execute/sync - {"script":"<script> [56 bytes]","args":[{"element-6066-11e4-a52e-4f735466cecf":"f.2AE10C335A97376731A182912FB7EE33.d.446F859C058652ED7E34153F802D4004.e.7818","ELEMENT":"f.2AE10C335A97376731A182912FB7EE33.d.446F859C058652ED7E34153F802D4004.e.7818"}]}
RESULT: {"script":"<script> [56 bytes]","args":[{"element-6066-11e4-a52e-4f735466cecf":"f.2AE10C335A97376731A182912FB7EE33.d.446F859C058652ED7E34153F802D4004.e.7818","ELEMENT":"f.2AE10C335A97376731A182912FB7EE33.d.446F859C058652ED7E34153F802D4004.e.7818"}]}
COMMAND: GET /session/92e25ae387a06d821b008f80a04495e6/element/f.2AE10C335A97376731A182912FB7EE33.d.446F859C058652ED7E34153F802D4004.e.7817/attribute/aria-checked - {}
COMMAND: GET /session/92e25ae387a06d821b008f80a04495e6/screenshot - {}
RESULT: {}
COMMAND: POST /session/92e25ae387a06d821b008f80a04495e6/element - {"using":"xpath","value":"//table[contains(@id, \"listView-innerSelectionPanelTable-listUl\")]/tbody/tr[23]/td[2]/div/div"}
RESULT: {}
RESULT: {"using":"xpath","value":"//table[contains(@id, \"listView-innerSelectionPanelTable-listUl\")]/tbody/tr[23]/td[2]/div/div"}
COMMAND: POST /session/92e25ae387a06d821b008f80a04495e6/element - {"using":"xpath","value":"//table[contains(@id, \"listView-innerSelectionPanelTable-listUl\")]/tbody/tr[23]/td[2]/div"}
RESULT: {"using":"xpath","value":"//table[contains(@id, \"listView-innerSelectionPanelTable-listUl\")]/tbody/tr[23]/td[2]/div"}
COMMAND: POST /session/92e25ae387a06d821b008f80a04495e6/element - {"using":"xpath","value":"//table[contains(@id, \"listView-innerSelectionPanelTable-listUl\")]/tbody/tr[23]/td[3]/div/div/span/span[1]/bdi"}
RESULT: {"using":"xpath","value":"//table[contains(@id, \"listView-innerSelectionPanelTable-listUl\")]/tbody/tr[23]/td[3]/div/div/span/span[1]/bdi"}
COMMAND: POST /session/92e25ae387a06d821b008f80a04495e6/execute/sync - {"script":"<script> [56 bytes]","args":[{"element-6066-11e4-a52e-4f735466cecf":"f.2AE10C335A97376731A182912FB7EE33.d.446F859C058652ED7E34153F802D4004.e.7821","ELEMENT":"f.2AE10C335A97376731A182912FB7EE33.d.446F859C058652ED7E34153F802D4004.e.7821"}]}
RESULT: {"script":"<script> [56 bytes]","args":[{"element-6066-11e4-a52e-4f735466cecf":"f.2AE10C335A97376731A182912FB7EE33.d.446F859C058652ED7E34153F802D4004.e.7821","ELEMENT":"f.2AE10C335A97376731A182912FB7EE33.d.446F859C058652ED7E34153F802D4004.e.7821"}]}
COMMAND: GET /session/92e25ae387a06d821b008f80a04495e6/element/f.2AE10C335A97376731A182912FB7EE33.d.446F859C058652ED7E34153F802D4004.e.7820/attribute/aria-checked - {}
COMMAND: GET /session/92e25ae387a06d821b008f80a04495e6/screenshot - {}
RESULT: {}
COMMAND: POST /session/92e25ae387a06d821b008f80a04495e6/element - {"using":"xpath","value":"//table[contains(@id, \"listView-innerSelectionPanelTable-listUl\")]/tbody/tr[24]/td[2]/div/div"}
RESULT: {}
RESULT: {"using":"xpath","value":"//table[contains(@id, \"listView-innerSelectionPanelTable-listUl\")]/tbody/tr[24]/td[2]/div/div"}
COMMAND: POST /session/92e25ae387a06d821b008f80a04495e6/element - {"using":"xpath","value":"//table[contains(@id, \"listView-innerSelectionPanelTable-listUl\")]/tbody/tr[24]/td[2]/div"}
RESULT: {"using":"xpath","value":"//table[contains(@id, \"listView-innerSelectionPanelTable-listUl\")]/tbody/tr[24]/td[2]/div"}
COMMAND: POST /session/92e25ae387a06d821b008f80a04495e6/element - {"using":"xpath","value":"//table[contains(@id, \"listView-innerSelectionPanelTable-listUl\")]/tbody/tr[24]/td[3]/div/div/span/span[1]/bdi"}
RESULT: {"using":"xpath","value":"//table[contains(@id, \"listView-innerSelectionPanelTable-listUl\")]/tbody/tr[24]/td[3]/div/div/span/span[1]/bdi"}
COMMAND: POST /session/92e25ae387a06d821b008f80a04495e6/execute/sync - {"script":"<script> [56 bytes]","args":[{"element-6066-11e4-a52e-4f735466cecf":"f.2AE10C335A97376731A182912FB7EE33.d.446F859C058652ED7E34153F802D4004.e.7824","ELEMENT":"f.2AE10C335A97376731A182912FB7EE33.d.446F859C058652ED7E34153F802D4004.e.7824"}]}
RESULT: {"script":"<script> [56 bytes]","args":[{"element-6066-11e4-a52e-4f735466cecf":"f.2AE10C335A97376731A182912FB7EE33.d.446F859C058652ED7E34153F802D4004.e.7824","ELEMENT":"f.2AE10C335A97376731A182912FB7EE33.d.446F859C058652ED7E34153F802D4004.e.7824"}]}
COMMAND: GET /session/92e25ae387a06d821b008f80a04495e6/element/f.2AE10C335A97376731A182912FB7EE33.d.446F859C058652ED7E34153F802D4004.e.7823/attribute/aria-checked - {}
COMMAND: GET /session/92e25ae387a06d821b008f80a04495e6/screenshot - {}
RESULT: {}
COMMAND: POST /session/92e25ae387a06d821b008f80a04495e6/element - {"using":"xpath","value":"//table[contains(@id, \"listView-innerSelectionPanelTable-listUl\")]/tbody/tr[25]/td[2]/div/div"}
RESULT: {}
RESULT: {"using":"xpath","value":"//table[contains(@id, \"listView-innerSelectionPanelTable-listUl\")]/tbody/tr[25]/td[2]/div/div"}
COMMAND: POST /session/92e25ae387a06d821b008f80a04495e6/element - {"using":"xpath","value":"//table[contains(@id, \"listView-innerSelectionPanelTable-listUl\")]/tbody/tr[25]/td[2]/div"}
RESULT: {"using":"xpath","value":"//table[contains(@id, \"listView-innerSelectionPanelTable-listUl\")]/tbody/tr[25]/td[2]/div"}
COMMAND: POST /session/92e25ae387a06d821b008f80a04495e6/element - {"using":"xpath","value":"//table[contains(@id, \"listView-innerSelectionPanelTable-listUl\")]/tbody/tr[25]/td[3]/div/div/span/span[1]/bdi"}
RESULT: {"using":"xpath","value":"//table[contains(@id, \"listView-innerSelectionPanelTable-listUl\")]/tbody/tr[25]/td[3]/div/div/span/span[1]/bdi"}
COMMAND: POST /session/92e25ae387a06d821b008f80a04495e6/execute/sync - {"script":"<script> [56 bytes]","args":[{"element-6066-11e4-a52e-4f735466cecf":"f.2AE10C335A97376731A182912FB7EE33.d.446F859C058652ED7E34153F802D4004.e.7827","ELEMENT":"f.2AE10C335A97376731A182912FB7EE33.d.446F859C058652ED7E34153F802D4004.e.7827"}]}
RESULT: {"script":"<script> [56 bytes]","args":[{"element-6066-11e4-a52e-4f735466cecf":"f.2AE10C335A97376731A182912FB7EE33.d.446F859C058652ED7E34153F802D4004.e.7827","ELEMENT":"f.2AE10C335A97376731A182912FB7EE33.d.446F859C058652ED7E34153F802D4004.e.7827"}]}
COMMAND: GET /session/92e25ae387a06d821b008f80a04495e6/element/f.2AE10C335A97376731A182912FB7EE33.d.446F859C058652ED7E34153F802D4004.e.7826/attribute/aria-checked - {}
COMMAND: GET /session/92e25ae387a06d821b008f80a04495e6/screenshot - {}
RESULT: {}
COMMAND: POST /session/92e25ae387a06d821b008f80a04495e6/element - {"using":"xpath","value":"//bdi[contains(text(), \"OK\")]"}
RESULT: {}
RESULT: {"using":"xpath","value":"//bdi[contains(text(), \"OK\")]"}
COMMAND: POST /session/92e25ae387a06d821b008f80a04495e6/element/f.2AE10C335A97376731A182912FB7EE33.d.446F859C058652ED7E34153F802D4004.e.7828/click - {}
RESULT: {}
COMMAND: GET /session/92e25ae387a06d821b008f80a04495e6/screenshot - {}
RESULT: {}
RESULT: undefined
COMMAND: POST /session/92e25ae387a06d821b008f80a04495e6/element - {"using":"xpath","value":"//*[@id=\"application-managepartners-display-component---masterPtm--smartFilterBar-filterItemControlA_-LINK_TO_ADDRESSES_MAIN.CITY1-vhi\"]"}
RESULT: {"using":"xpath","value":"//*[@id=\"application-managepartners-display-component---masterPtm--smartFilterBar-filterItemControlA_-LINK_TO_ADDRESSES_MAIN.CITY1-vhi\"]"}
COMMAND: POST /session/92e25ae387a06d821b008f80a04495e6/element/f.2AE10C335A97376731A182912FB7EE33.d.446F859C058652ED7E34153F802D4004.e.7842/click - {}
RESULT: {}
COMMAND: GET /session/92e25ae387a06d821b008f80a04495e6/screenshot - {}
RESULT: {}
RESULT: undefined
COMMAND: POST /session/92e25ae387a06d821b008f80a04495e6/execute/async - {"script":"<script> [776 bytes]","args":[{"enterText":"Bangalore","selector":{"controlType":"sap.m.Input","viewName":"etm.portal.ui.managepartners.view.Master","viewId":"application-managepartners-display-component---masterPtm","properties":{"valueState":"None"},"searchOpenDialogs":true,"interaction":{"idSuffix":"inner"}},"clearTextFirst":true,"interactionType":"ENTER_TEXT"}]}
RESULT: {"script":"<script> [776 bytes]","args":[{"enterText":"Bangalore","selector":{"controlType":"sap.m.Input","viewName":"etm.portal.ui.managepartners.view.Master","viewId":"application-managepartners-display-component---masterPtm","properties":{"valueState":"None"},"searchOpenDialogs":true,"interaction":{"idSuffix":"inner"}},"clearTextFirst":true,"interactionType":"ENTER_TEXT"}]}
COMMAND: POST /session/92e25ae387a06d821b008f80a04495e6/actions - {"actions":[{"id":"action26","type":"key","parameters":{},"actions":[{"type":"keyDown","value":"î€‡"},{"type":"pause","duration":10},{"type":"keyUp","value":"î€‡"}]}]}
RESULT: {"actions":[{"id":"action26","type":"key","parameters":{},"actions":[{"type":"keyDown","value":"î€‡"},{"type":"pause","duration":10},{"type":"keyUp","value":"î€‡"}]}]}
COMMAND: GET /session/92e25ae387a06d821b008f80a04495e6/screenshot - {}
RESULT: {}
COMMAND: POST /session/92e25ae387a06d821b008f80a04495e6/element - {"using":"xpath","value":"(//bdi[contains(text(), \"OK\")])[1]"}
RESULT: {"using":"xpath","value":"(//bdi[contains(text(), \"OK\")])[1]"}
COMMAND: POST /session/92e25ae387a06d821b008f80a04495e6/element/f.2AE10C335A97376731A182912FB7EE33.d.446F859C058652ED7E34153F802D4004.e.7847/click - {}
RESULT: {}
COMMAND: GET /session/92e25ae387a06d821b008f80a04495e6/screenshot - {}
RESULT: {}
COMMAND: POST /session/92e25ae387a06d821b008f80a04495e6/element - {"using":"xpath","value":"//span[@id=\"application-managepartners-display-component---masterPtm--smartTable-header-inner\"]"}
RESULT: {"using":"xpath","value":"//span[@id=\"application-managepartners-display-component---masterPtm--smartTable-header-inner\"]"}
COMMAND: POST /session/92e25ae387a06d821b008f80a04495e6/elements - {"using":"xpath","value":"//span[@id=\"application-managepartners-display-component---masterPtm--smartTable-header-inner\"]"}
RESULT: {"using":"xpath","value":"//span[@id=\"application-managepartners-display-component---masterPtm--smartTable-header-inner\"]"}
COMMAND: POST /session/92e25ae387a06d821b008f80a04495e6/execute/sync - {"script":"<script> [56 bytes]","args":[{"element-6066-11e4-a52e-4f735466cecf":"f.2AE10C335A97376731A182912FB7EE33.d.446F859C058652ED7E34153F802D4004.e.7008","ELEMENT":"f.2AE10C335A97376731A182912FB7EE33.d.446F859C058652ED7E34153F802D4004.e.7008"}]}
RESULT: {"script":"<script> [56 bytes]","args":[{"element-6066-11e4-a52e-4f735466cecf":"f.2AE10C335A97376731A182912FB7EE33.d.446F859C058652ED7E34153F802D4004.e.7008","ELEMENT":"f.2AE10C335A97376731A182912FB7EE33.d.446F859C058652ED7E34153F802D4004.e.7008"}]}
COMMAND: GET /session/92e25ae387a06d821b008f80a04495e6/screenshot - {}
COMMAND: GET /session/92e25ae387a06d821b008f80a04495e6/screenshot - {}
RESULT: {}
]]></system-out>
      <system-err><![CDATA[
TypeError: Cannot read properties of null (reading '0')
    at Context.<anonymous> (D:\a\1\s\test\specs\BTS\manage-partners.spec.js:664:91)
]]></system-err>
    </testcase>
    <testcase classname="chrome.136_0_7103_49.windows.Partner_specific_tests_US150819_US151080_US151654_US151176_US103444_US151078_US151079_US151109_US151174_US151175_US151189" name="Should try to save empty partner US151174" time="47.727">
      <system-out><![CDATA[
COMMAND: GET /session/92e25ae387a06d821b008f80a04495e6/screenshot - {}
COMMAND: POST /session/92e25ae387a06d821b008f80a04495e6/element - {"using":"xpath","value":"//li[.//span[text()=\"Manage Partners\"]]"}
RESULT: {}
RESULT: {"using":"xpath","value":"//li[.//span[text()=\"Manage Partners\"]]"}
COMMAND: POST /session/92e25ae387a06d821b008f80a04495e6/element - {"using":"xpath","value":"//li[.//span[text()=\"Manage Partners\"]]"}
RESULT: {}
RESULT: {"using":"xpath","value":"//li[.//span[text()=\"Manage Partners\"]]"}
COMMAND: POST /session/92e25ae387a06d821b008f80a04495e6/element - {"using":"css selector","value":"#shell-header-logo"}
RESULT: {"using":"css selector","value":"#shell-header-logo"}
COMMAND: POST /session/92e25ae387a06d821b008f80a04495e6/element/f.2AE10C335A97376731A182912FB7EE33.d.446F859C058652ED7E34153F802D4004.e.7851/click - {}
COMMAND: POST /session/92e25ae387a06d821b008f80a04495e6/execute/sync - {"script":"<script> [8489 bytes]","args":[{"element-6066-11e4-a52e-4f735466cecf":"f.2AE10C335A97376731A182912FB7EE33.d.446F859C058652ED7E34153F802D4004.e.7851","ELEMENT":"f.2AE10C335A97376731A182912FB7EE33.d.446F859C058652ED7E34153F802D4004.e.7851"}]}
RESULT: {}
COMMAND: GET /session/92e25ae387a06d821b008f80a04495e6/screenshot - {}
COMMAND: POST /session/92e25ae387a06d821b008f80a04495e6/element - {"using":"css selector","value":"#shell-header-logo"}
RESULT: {}
RESULT: {"using":"css selector","value":"#shell-header-logo"}
COMMAND: POST /session/92e25ae387a06d821b008f80a04495e6/execute/sync - {"script":"<script> [8489 bytes]","args":[{"element-6066-11e4-a52e-4f735466cecf":"f.2AE10C335A97376731A182912FB7EE33.d.446F859C058652ED7E34153F802D4004.e.8872","ELEMENT":"f.2AE10C335A97376731A182912FB7EE33.d.446F859C058652ED7E34153F802D4004.e.8872"}]}
RESULT: {"script":"<script> [8489 bytes]","args":[{"element-6066-11e4-a52e-4f735466cecf":"f.2AE10C335A97376731A182912FB7EE33.d.446F859C058652ED7E34153F802D4004.e.8872","ELEMENT":"f.2AE10C335A97376731A182912FB7EE33.d.446F859C058652ED7E34153F802D4004.e.8872"}]}
COMMAND: POST /session/92e25ae387a06d821b008f80a04495e6/execute/sync - {"script":"<script> [5351 bytes]","args":[{"element-6066-11e4-a52e-4f735466cecf":"f.2AE10C335A97376731A182912FB7EE33.d.446F859C058652ED7E34153F802D4004.e.8872","ELEMENT":"f.2AE10C335A97376731A182912FB7EE33.d.446F859C058652ED7E34153F802D4004.e.8872"}]}
COMMAND: GET /session/92e25ae387a06d821b008f80a04495e6/screenshot - {}
RESULT: {"script":"<script> [5351 bytes]","args":[{"element-6066-11e4-a52e-4f735466cecf":"f.2AE10C335A97376731A182912FB7EE33.d.446F859C058652ED7E34153F802D4004.e.8872","ELEMENT":"f.2AE10C335A97376731A182912FB7EE33.d.446F859C058652ED7E34153F802D4004.e.8872"}]}
COMMAND: GET /session/92e25ae387a06d821b008f80a04495e6/screenshot - {}
RESULT: {}
RESULT: {}
RESULT: undefined
COMMAND: POST /session/92e25ae387a06d821b008f80a04495e6/element - {"using":"xpath","value":"//*[@id=\"__tile30\"]"}
RESULT: {"using":"xpath","value":"//*[@id=\"__tile30\"]"}
COMMAND: POST /session/92e25ae387a06d821b008f80a04495e6/element/f.2AE10C335A97376731A182912FB7EE33.d.446F859C058652ED7E34153F802D4004.e.4488/click - {}
RESULT: {}
COMMAND: POST /session/92e25ae387a06d821b008f80a04495e6/element - {"using":"xpath","value":"//button[@data-kt=\"addButton\"]"}
COMMAND: GET /session/92e25ae387a06d821b008f80a04495e6/screenshot - {}
RESULT: {"using":"xpath","value":"//button[@data-kt=\"addButton\"]"}
COMMAND: POST /session/92e25ae387a06d821b008f80a04495e6/elements - {"using":"xpath","value":"//button[@data-kt=\"addButton\"]"}
RESULT: {}
RESULT: {"using":"xpath","value":"//button[@data-kt=\"addButton\"]"}
COMMAND: POST /session/92e25ae387a06d821b008f80a04495e6/element - {"using":"xpath","value":"//button[@data-kt=\"addButton\"]"}
RESULT: {"using":"xpath","value":"//button[@data-kt=\"addButton\"]"}
COMMAND: POST /session/92e25ae387a06d821b008f80a04495e6/execute/sync - {"script":"<script> [8489 bytes]","args":[{"element-6066-11e4-a52e-4f735466cecf":"f.2AE10C335A97376731A182912FB7EE33.d.446F859C058652ED7E34153F802D4004.e.8918","ELEMENT":"f.2AE10C335A97376731A182912FB7EE33.d.446F859C058652ED7E34153F802D4004.e.8918"}]}
RESULT: {"script":"<script> [8489 bytes]","args":[{"element-6066-11e4-a52e-4f735466cecf":"f.2AE10C335A97376731A182912FB7EE33.d.446F859C058652ED7E34153F802D4004.e.8918","ELEMENT":"f.2AE10C335A97376731A182912FB7EE33.d.446F859C058652ED7E34153F802D4004.e.8918"}]}
COMMAND: GET /session/92e25ae387a06d821b008f80a04495e6/element/f.2AE10C335A97376731A182912FB7EE33.d.446F859C058652ED7E34153F802D4004.e.8918/enabled - {}
COMMAND: GET /session/92e25ae387a06d821b008f80a04495e6/screenshot - {}
RESULT: {}
COMMAND: POST /session/92e25ae387a06d821b008f80a04495e6/execute/sync - {"script":"<script> [8489 bytes]","args":[{"element-6066-11e4-a52e-4f735466cecf":"f.2AE10C335A97376731A182912FB7EE33.d.446F859C058652ED7E34153F802D4004.e.8918","ELEMENT":"f.2AE10C335A97376731A182912FB7EE33.d.446F859C058652ED7E34153F802D4004.e.8918"}]}
COMMAND: GET /session/92e25ae387a06d821b008f80a04495e6/screenshot - {}
RESULT: {}
RESULT: {"script":"<script> [8489 bytes]","args":[{"element-6066-11e4-a52e-4f735466cecf":"f.2AE10C335A97376731A182912FB7EE33.d.446F859C058652ED7E34153F802D4004.e.8918","ELEMENT":"f.2AE10C335A97376731A182912FB7EE33.d.446F859C058652ED7E34153F802D4004.e.8918"}]}
COMMAND: POST /session/92e25ae387a06d821b008f80a04495e6/execute/sync - {"script":"<script> [5351 bytes]","args":[{"element-6066-11e4-a52e-4f735466cecf":"f.2AE10C335A97376731A182912FB7EE33.d.446F859C058652ED7E34153F802D4004.e.8918","ELEMENT":"f.2AE10C335A97376731A182912FB7EE33.d.446F859C058652ED7E34153F802D4004.e.8918"}]}
COMMAND: GET /session/92e25ae387a06d821b008f80a04495e6/screenshot - {}
RESULT: {}
RESULT: {"script":"<script> [5351 bytes]","args":[{"element-6066-11e4-a52e-4f735466cecf":"f.2AE10C335A97376731A182912FB7EE33.d.446F859C058652ED7E34153F802D4004.e.8918","ELEMENT":"f.2AE10C335A97376731A182912FB7EE33.d.446F859C058652ED7E34153F802D4004.e.8918"}]}
COMMAND: POST /session/92e25ae387a06d821b008f80a04495e6/element/f.2AE10C335A97376731A182912FB7EE33.d.446F859C058652ED7E34153F802D4004.e.8918/click - {}
COMMAND: GET /session/92e25ae387a06d821b008f80a04495e6/screenshot - {}
RESULT: {}
RESULT: {}
COMMAND: GET /session/92e25ae387a06d821b008f80a04495e6/screenshot - {}
COMMAND: POST /session/92e25ae387a06d821b008f80a04495e6/element - {"using":"xpath","value":"//button[@data-kt=\"saveButton\"]"}
RESULT: {}
RESULT: {}
RESULT: {"using":"xpath","value":"//button[@data-kt=\"saveButton\"]"}
COMMAND: POST /session/92e25ae387a06d821b008f80a04495e6/element/f.2AE10C335A97376731A182912FB7EE33.d.446F859C058652ED7E34153F802D4004.e.9306/click - {}
RESULT: {}
COMMAND: GET /session/92e25ae387a06d821b008f80a04495e6/screenshot - {}
RESULT: {}
COMMAND: POST /session/92e25ae387a06d821b008f80a04495e6/element - {"using":"xpath","value":"//span[contains(@class, \"sapMMsgBoxText\")]"}
RESULT: {"using":"xpath","value":"//span[contains(@class, \"sapMMsgBoxText\")]"}
COMMAND: POST /session/92e25ae387a06d821b008f80a04495e6/execute/sync - {"script":"<script> [56 bytes]","args":[{"element-6066-11e4-a52e-4f735466cecf":"f.2AE10C335A97376731A182912FB7EE33.d.446F859C058652ED7E34153F802D4004.e.9352","ELEMENT":"f.2AE10C335A97376731A182912FB7EE33.d.446F859C058652ED7E34153F802D4004.e.9352"}]}
RESULT: {"script":"<script> [56 bytes]","args":[{"element-6066-11e4-a52e-4f735466cecf":"f.2AE10C335A97376731A182912FB7EE33.d.446F859C058652ED7E34153F802D4004.e.9352","ELEMENT":"f.2AE10C335A97376731A182912FB7EE33.d.446F859C058652ED7E34153F802D4004.e.9352"}]}
COMMAND: POST /session/92e25ae387a06d821b008f80a04495e6/element - {"using":"xpath","value":"(//bdi[contains(text(), \"Close\")])[1]"}
COMMAND: POST /session/92e25ae387a06d821b008f80a04495e6/elements - {"using":"xpath","value":"//span[contains(@class, \"sapMMsgBoxText\")]"}
COMMAND: GET /session/92e25ae387a06d821b008f80a04495e6/screenshot - {}
RESULT: {"using":"xpath","value":"(//bdi[contains(text(), \"Close\")])[1]"}
COMMAND: POST /session/92e25ae387a06d821b008f80a04495e6/element/f.2AE10C335A97376731A182912FB7EE33.d.446F859C058652ED7E34153F802D4004.e.9353/click - {}
RESULT: {"using":"xpath","value":"//span[contains(@class, \"sapMMsgBoxText\")]"}
RESULT: {}
RESULT: {}
COMMAND: GET /session/92e25ae387a06d821b008f80a04495e6/screenshot - {}
RESULT: {}
COMMAND: POST /session/92e25ae387a06d821b008f80a04495e6/element - {"using":"css selector","value":"#shell-header-logo"}
RESULT: {"using":"css selector","value":"#shell-header-logo"}
COMMAND: POST /session/92e25ae387a06d821b008f80a04495e6/element/f.2AE10C335A97376731A182912FB7EE33.d.446F859C058652ED7E34153F802D4004.e.8872/click - {}
RESULT: {}
COMMAND: GET /session/92e25ae387a06d821b008f80a04495e6/screenshot - {}
RESULT: {}
]]></system-out>
    </testcase>
    <testcase classname="chrome.136_0_7103_49.windows.Partner_specific_tests_US150819_US151080_US151654_US151176_US103444_US151078_US151079_US151109_US151174_US151175_US151189" name="Should do various searches US151175" time="160.455">
      <system-out><![CDATA[
COMMAND: POST /session/92e25ae387a06d821b008f80a04495e6/element - {"using":"xpath","value":"//li[.//span[text()=\"Manage Partners\"]]"}
RESULT: {"using":"xpath","value":"//li[.//span[text()=\"Manage Partners\"]]"}
COMMAND: POST /session/92e25ae387a06d821b008f80a04495e6/element - {"using":"xpath","value":"//li[.//span[text()=\"Manage Partners\"]]"}
RESULT: {"using":"xpath","value":"//li[.//span[text()=\"Manage Partners\"]]"}
COMMAND: POST /session/92e25ae387a06d821b008f80a04495e6/element - {"using":"css selector","value":"#shell-header-logo"}
RESULT: {"using":"css selector","value":"#shell-header-logo"}
COMMAND: POST /session/92e25ae387a06d821b008f80a04495e6/element/f.2AE10C335A97376731A182912FB7EE33.d.446F859C058652ED7E34153F802D4004.e.9355/click - {}
COMMAND: POST /session/92e25ae387a06d821b008f80a04495e6/execute/sync - {"script":"<script> [8489 bytes]","args":[{"element-6066-11e4-a52e-4f735466cecf":"f.2AE10C335A97376731A182912FB7EE33.d.446F859C058652ED7E34153F802D4004.e.9355","ELEMENT":"f.2AE10C335A97376731A182912FB7EE33.d.446F859C058652ED7E34153F802D4004.e.9355"}]}
RESULT: {}
COMMAND: GET /session/92e25ae387a06d821b008f80a04495e6/screenshot - {}
RESULT: {"script":"<script> [8489 bytes]","args":[{"element-6066-11e4-a52e-4f735466cecf":"f.2AE10C335A97376731A182912FB7EE33.d.446F859C058652ED7E34153F802D4004.e.9355","ELEMENT":"f.2AE10C335A97376731A182912FB7EE33.d.446F859C058652ED7E34153F802D4004.e.9355"}]}
COMMAND: POST /session/92e25ae387a06d821b008f80a04495e6/execute/sync - {"script":"<script> [5351 bytes]","args":[{"element-6066-11e4-a52e-4f735466cecf":"f.2AE10C335A97376731A182912FB7EE33.d.446F859C058652ED7E34153F802D4004.e.9355","ELEMENT":"f.2AE10C335A97376731A182912FB7EE33.d.446F859C058652ED7E34153F802D4004.e.9355"}]}
COMMAND: GET /session/92e25ae387a06d821b008f80a04495e6/screenshot - {}
RESULT: {}
RESULT: {"script":"<script> [5351 bytes]","args":[{"element-6066-11e4-a52e-4f735466cecf":"f.2AE10C335A97376731A182912FB7EE33.d.446F859C058652ED7E34153F802D4004.e.9355","ELEMENT":"f.2AE10C335A97376731A182912FB7EE33.d.446F859C058652ED7E34153F802D4004.e.9355"}]}
COMMAND: GET /session/92e25ae387a06d821b008f80a04495e6/screenshot - {}
RESULT: {}
RESULT: {}
RESULT: undefined
COMMAND: POST /session/92e25ae387a06d821b008f80a04495e6/element - {"using":"xpath","value":"//*[@id=\"__tile30\"]"}
RESULT: {"using":"xpath","value":"//*[@id=\"__tile30\"]"}
COMMAND: POST /session/92e25ae387a06d821b008f80a04495e6/element/f.2AE10C335A97376731A182912FB7EE33.d.446F859C058652ED7E34153F802D4004.e.4488/click - {}
RESULT: {}
COMMAND: POST /session/92e25ae387a06d821b008f80a04495e6/element - {"using":"xpath","value":"//button[@data-kt=\"addButton\"]"}
COMMAND: GET /session/92e25ae387a06d821b008f80a04495e6/screenshot - {}
RESULT: {"using":"xpath","value":"//button[@data-kt=\"addButton\"]"}
COMMAND: POST /session/92e25ae387a06d821b008f80a04495e6/elements - {"using":"xpath","value":"//button[@data-kt=\"addButton\"]"}
RESULT: {}
RESULT: {"using":"xpath","value":"//button[@data-kt=\"addButton\"]"}
COMMAND: POST /session/92e25ae387a06d821b008f80a04495e6/element - {"using":"xpath","value":"//button[@data-kt=\"addButton\"]"}
RESULT: {"using":"xpath","value":"//button[@data-kt=\"addButton\"]"}
COMMAND: POST /session/92e25ae387a06d821b008f80a04495e6/execute/sync - {"script":"<script> [8489 bytes]","args":[{"element-6066-11e4-a52e-4f735466cecf":"f.2AE10C335A97376731A182912FB7EE33.d.446F859C058652ED7E34153F802D4004.e.9389","ELEMENT":"f.2AE10C335A97376731A182912FB7EE33.d.446F859C058652ED7E34153F802D4004.e.9389"}]}
RESULT: {"script":"<script> [8489 bytes]","args":[{"element-6066-11e4-a52e-4f735466cecf":"f.2AE10C335A97376731A182912FB7EE33.d.446F859C058652ED7E34153F802D4004.e.9389","ELEMENT":"f.2AE10C335A97376731A182912FB7EE33.d.446F859C058652ED7E34153F802D4004.e.9389"}]}
COMMAND: GET /session/92e25ae387a06d821b008f80a04495e6/element/f.2AE10C335A97376731A182912FB7EE33.d.446F859C058652ED7E34153F802D4004.e.9389/enabled - {}
COMMAND: GET /session/92e25ae387a06d821b008f80a04495e6/screenshot - {}
RESULT: {}
COMMAND: POST /session/92e25ae387a06d821b008f80a04495e6/execute/sync - {"script":"<script> [8489 bytes]","args":[{"element-6066-11e4-a52e-4f735466cecf":"f.2AE10C335A97376731A182912FB7EE33.d.446F859C058652ED7E34153F802D4004.e.9389","ELEMENT":"f.2AE10C335A97376731A182912FB7EE33.d.446F859C058652ED7E34153F802D4004.e.9389"}]}
COMMAND: GET /session/92e25ae387a06d821b008f80a04495e6/screenshot - {}
RESULT: {}
RESULT: {"script":"<script> [8489 bytes]","args":[{"element-6066-11e4-a52e-4f735466cecf":"f.2AE10C335A97376731A182912FB7EE33.d.446F859C058652ED7E34153F802D4004.e.9389","ELEMENT":"f.2AE10C335A97376731A182912FB7EE33.d.446F859C058652ED7E34153F802D4004.e.9389"}]}
COMMAND: POST /session/92e25ae387a06d821b008f80a04495e6/execute/sync - {"script":"<script> [5351 bytes]","args":[{"element-6066-11e4-a52e-4f735466cecf":"f.2AE10C335A97376731A182912FB7EE33.d.446F859C058652ED7E34153F802D4004.e.9389","ELEMENT":"f.2AE10C335A97376731A182912FB7EE33.d.446F859C058652ED7E34153F802D4004.e.9389"}]}
COMMAND: GET /session/92e25ae387a06d821b008f80a04495e6/screenshot - {}
RESULT: {}
RESULT: {"script":"<script> [5351 bytes]","args":[{"element-6066-11e4-a52e-4f735466cecf":"f.2AE10C335A97376731A182912FB7EE33.d.446F859C058652ED7E34153F802D4004.e.9389","ELEMENT":"f.2AE10C335A97376731A182912FB7EE33.d.446F859C058652ED7E34153F802D4004.e.9389"}]}
COMMAND: GET /session/92e25ae387a06d821b008f80a04495e6/screenshot - {}
RESULT: {}
RESULT: {}
COMMAND: POST /session/92e25ae387a06d821b008f80a04495e6/element - {"using":"xpath","value":"//span[@id=\"application-managepartners-display-component---masterPtm--smartTable-header-inner\"]"}
RESULT: {"using":"xpath","value":"//span[@id=\"application-managepartners-display-component---masterPtm--smartTable-header-inner\"]"}
COMMAND: POST /session/92e25ae387a06d821b008f80a04495e6/elements - {"using":"xpath","value":"//span[@id=\"application-managepartners-display-component---masterPtm--smartTable-header-inner\"]"}
RESULT: {"using":"xpath","value":"//span[@id=\"application-managepartners-display-component---masterPtm--smartTable-header-inner\"]"}
COMMAND: POST /session/92e25ae387a06d821b008f80a04495e6/execute/sync - {"script":"<script> [56 bytes]","args":[{"element-6066-11e4-a52e-4f735466cecf":"f.2AE10C335A97376731A182912FB7EE33.d.446F859C058652ED7E34153F802D4004.e.9525","ELEMENT":"f.2AE10C335A97376731A182912FB7EE33.d.446F859C058652ED7E34153F802D4004.e.9525"}]}
RESULT: {"script":"<script> [56 bytes]","args":[{"element-6066-11e4-a52e-4f735466cecf":"f.2AE10C335A97376731A182912FB7EE33.d.446F859C058652ED7E34153F802D4004.e.9525","ELEMENT":"f.2AE10C335A97376731A182912FB7EE33.d.446F859C058652ED7E34153F802D4004.e.9525"}]}
RESULT: undefined
COMMAND: POST /session/92e25ae387a06d821b008f80a04495e6/element - {"using":"xpath","value":"//*[@id=\"application-managepartners-display-component---masterPtm--smartFilterBar-btnFilters\"]"}
COMMAND: GET /session/92e25ae387a06d821b008f80a04495e6/screenshot - {}
RESULT: {"using":"xpath","value":"//*[@id=\"application-managepartners-display-component---masterPtm--smartFilterBar-btnFilters\"]"}
COMMAND: POST /session/92e25ae387a06d821b008f80a04495e6/element/f.2AE10C335A97376731A182912FB7EE33.d.446F859C058652ED7E34153F802D4004.e.9365/click - {}
RESULT: {}
RESULT: {}
COMMAND: GET /session/92e25ae387a06d821b008f80a04495e6/screenshot - {}
RESULT: {}
COMMAND: POST /session/92e25ae387a06d821b008f80a04495e6/elements - {"using":"xpath","value":"//table[contains(@id, \"listView-innerSelectionPanelTable-listUl\")]/tbody/tr"}
RESULT: {"using":"xpath","value":"//table[contains(@id, \"listView-innerSelectionPanelTable-listUl\")]/tbody/tr"}
COMMAND: POST /session/92e25ae387a06d821b008f80a04495e6/element - {"using":"xpath","value":"//table[contains(@id, \"listView-innerSelectionPanelTable-listUl\")]/tbody/tr[2]/td[2]/div/div"}
RESULT: {"using":"xpath","value":"//table[contains(@id, \"listView-innerSelectionPanelTable-listUl\")]/tbody/tr[2]/td[2]/div/div"}
COMMAND: POST /session/92e25ae387a06d821b008f80a04495e6/element - {"using":"xpath","value":"//table[contains(@id, \"listView-innerSelectionPanelTable-listUl\")]/tbody/tr[2]/td[2]/div"}
RESULT: {"using":"xpath","value":"//table[contains(@id, \"listView-innerSelectionPanelTable-listUl\")]/tbody/tr[2]/td[2]/div"}
COMMAND: POST /session/92e25ae387a06d821b008f80a04495e6/element - {"using":"xpath","value":"//table[contains(@id, \"listView-innerSelectionPanelTable-listUl\")]/tbody/tr[2]/td[3]/div/div/span/span[1]/bdi"}
RESULT: {"using":"xpath","value":"//table[contains(@id, \"listView-innerSelectionPanelTable-listUl\")]/tbody/tr[2]/td[3]/div/div/span/span[1]/bdi"}
COMMAND: POST /session/92e25ae387a06d821b008f80a04495e6/execute/sync - {"script":"<script> [56 bytes]","args":[{"element-6066-11e4-a52e-4f735466cecf":"f.2AE10C335A97376731A182912FB7EE33.d.446F859C058652ED7E34153F802D4004.e.9593","ELEMENT":"f.2AE10C335A97376731A182912FB7EE33.d.446F859C058652ED7E34153F802D4004.e.9593"}]}
RESULT: {"script":"<script> [56 bytes]","args":[{"element-6066-11e4-a52e-4f735466cecf":"f.2AE10C335A97376731A182912FB7EE33.d.446F859C058652ED7E34153F802D4004.e.9593","ELEMENT":"f.2AE10C335A97376731A182912FB7EE33.d.446F859C058652ED7E34153F802D4004.e.9593"}]}
COMMAND: GET /session/92e25ae387a06d821b008f80a04495e6/element/f.2AE10C335A97376731A182912FB7EE33.d.446F859C058652ED7E34153F802D4004.e.9592/attribute/aria-checked - {}
COMMAND: GET /session/92e25ae387a06d821b008f80a04495e6/screenshot - {}
RESULT: {}
COMMAND: POST /session/92e25ae387a06d821b008f80a04495e6/element - {"using":"xpath","value":"//table[contains(@id, \"listView-innerSelectionPanelTable-listUl\")]/tbody/tr[3]/td[2]/div/div"}
RESULT: {}
RESULT: {"using":"xpath","value":"//table[contains(@id, \"listView-innerSelectionPanelTable-listUl\")]/tbody/tr[3]/td[2]/div/div"}
COMMAND: POST /session/92e25ae387a06d821b008f80a04495e6/element - {"using":"xpath","value":"//table[contains(@id, \"listView-innerSelectionPanelTable-listUl\")]/tbody/tr[3]/td[2]/div"}
RESULT: {"using":"xpath","value":"//table[contains(@id, \"listView-innerSelectionPanelTable-listUl\")]/tbody/tr[3]/td[2]/div"}
COMMAND: POST /session/92e25ae387a06d821b008f80a04495e6/element - {"using":"xpath","value":"//table[contains(@id, \"listView-innerSelectionPanelTable-listUl\")]/tbody/tr[3]/td[3]/div/div/span/span[1]/bdi"}
RESULT: {"using":"xpath","value":"//table[contains(@id, \"listView-innerSelectionPanelTable-listUl\")]/tbody/tr[3]/td[3]/div/div/span/span[1]/bdi"}
COMMAND: POST /session/92e25ae387a06d821b008f80a04495e6/execute/sync - {"script":"<script> [56 bytes]","args":[{"element-6066-11e4-a52e-4f735466cecf":"f.2AE10C335A97376731A182912FB7EE33.d.446F859C058652ED7E34153F802D4004.e.9596","ELEMENT":"f.2AE10C335A97376731A182912FB7EE33.d.446F859C058652ED7E34153F802D4004.e.9596"}]}
RESULT: {"script":"<script> [56 bytes]","args":[{"element-6066-11e4-a52e-4f735466cecf":"f.2AE10C335A97376731A182912FB7EE33.d.446F859C058652ED7E34153F802D4004.e.9596","ELEMENT":"f.2AE10C335A97376731A182912FB7EE33.d.446F859C058652ED7E34153F802D4004.e.9596"}]}
COMMAND: GET /session/92e25ae387a06d821b008f80a04495e6/element/f.2AE10C335A97376731A182912FB7EE33.d.446F859C058652ED7E34153F802D4004.e.9595/attribute/aria-checked - {}
COMMAND: GET /session/92e25ae387a06d821b008f80a04495e6/screenshot - {}
RESULT: {}
COMMAND: POST /session/92e25ae387a06d821b008f80a04495e6/element - {"using":"xpath","value":"//table[contains(@id, \"listView-innerSelectionPanelTable-listUl\")]/tbody/tr[4]/td[2]/div/div"}
RESULT: {}
RESULT: {"using":"xpath","value":"//table[contains(@id, \"listView-innerSelectionPanelTable-listUl\")]/tbody/tr[4]/td[2]/div/div"}
COMMAND: POST /session/92e25ae387a06d821b008f80a04495e6/element - {"using":"xpath","value":"//table[contains(@id, \"listView-innerSelectionPanelTable-listUl\")]/tbody/tr[4]/td[2]/div"}
RESULT: {"using":"xpath","value":"//table[contains(@id, \"listView-innerSelectionPanelTable-listUl\")]/tbody/tr[4]/td[2]/div"}
COMMAND: POST /session/92e25ae387a06d821b008f80a04495e6/element - {"using":"xpath","value":"//table[contains(@id, \"listView-innerSelectionPanelTable-listUl\")]/tbody/tr[4]/td[3]/div/div/span/span[1]/bdi"}
RESULT: {"using":"xpath","value":"//table[contains(@id, \"listView-innerSelectionPanelTable-listUl\")]/tbody/tr[4]/td[3]/div/div/span/span[1]/bdi"}
COMMAND: POST /session/92e25ae387a06d821b008f80a04495e6/execute/sync - {"script":"<script> [56 bytes]","args":[{"element-6066-11e4-a52e-4f735466cecf":"f.2AE10C335A97376731A182912FB7EE33.d.446F859C058652ED7E34153F802D4004.e.9599","ELEMENT":"f.2AE10C335A97376731A182912FB7EE33.d.446F859C058652ED7E34153F802D4004.e.9599"}]}
RESULT: {"script":"<script> [56 bytes]","args":[{"element-6066-11e4-a52e-4f735466cecf":"f.2AE10C335A97376731A182912FB7EE33.d.446F859C058652ED7E34153F802D4004.e.9599","ELEMENT":"f.2AE10C335A97376731A182912FB7EE33.d.446F859C058652ED7E34153F802D4004.e.9599"}]}
COMMAND: GET /session/92e25ae387a06d821b008f80a04495e6/element/f.2AE10C335A97376731A182912FB7EE33.d.446F859C058652ED7E34153F802D4004.e.9598/attribute/aria-checked - {}
COMMAND: GET /session/92e25ae387a06d821b008f80a04495e6/screenshot - {}
RESULT: {}
COMMAND: POST /session/92e25ae387a06d821b008f80a04495e6/element - {"using":"xpath","value":"//table[contains(@id, \"listView-innerSelectionPanelTable-listUl\")]/tbody/tr[5]/td[2]/div/div"}
RESULT: {}
RESULT: {"using":"xpath","value":"//table[contains(@id, \"listView-innerSelectionPanelTable-listUl\")]/tbody/tr[5]/td[2]/div/div"}
COMMAND: POST /session/92e25ae387a06d821b008f80a04495e6/element - {"using":"xpath","value":"//table[contains(@id, \"listView-innerSelectionPanelTable-listUl\")]/tbody/tr[5]/td[2]/div"}
RESULT: {"using":"xpath","value":"//table[contains(@id, \"listView-innerSelectionPanelTable-listUl\")]/tbody/tr[5]/td[2]/div"}
COMMAND: POST /session/92e25ae387a06d821b008f80a04495e6/element - {"using":"xpath","value":"//table[contains(@id, \"listView-innerSelectionPanelTable-listUl\")]/tbody/tr[5]/td[3]/div/div/span/span[1]/bdi"}
RESULT: {"using":"xpath","value":"//table[contains(@id, \"listView-innerSelectionPanelTable-listUl\")]/tbody/tr[5]/td[3]/div/div/span/span[1]/bdi"}
COMMAND: POST /session/92e25ae387a06d821b008f80a04495e6/execute/sync - {"script":"<script> [56 bytes]","args":[{"element-6066-11e4-a52e-4f735466cecf":"f.2AE10C335A97376731A182912FB7EE33.d.446F859C058652ED7E34153F802D4004.e.9602","ELEMENT":"f.2AE10C335A97376731A182912FB7EE33.d.446F859C058652ED7E34153F802D4004.e.9602"}]}
RESULT: {"script":"<script> [56 bytes]","args":[{"element-6066-11e4-a52e-4f735466cecf":"f.2AE10C335A97376731A182912FB7EE33.d.446F859C058652ED7E34153F802D4004.e.9602","ELEMENT":"f.2AE10C335A97376731A182912FB7EE33.d.446F859C058652ED7E34153F802D4004.e.9602"}]}
COMMAND: GET /session/92e25ae387a06d821b008f80a04495e6/element/f.2AE10C335A97376731A182912FB7EE33.d.446F859C058652ED7E34153F802D4004.e.9601/attribute/aria-checked - {}
COMMAND: GET /session/92e25ae387a06d821b008f80a04495e6/screenshot - {}
RESULT: {}
COMMAND: POST /session/92e25ae387a06d821b008f80a04495e6/element - {"using":"xpath","value":"//table[contains(@id, \"listView-innerSelectionPanelTable-listUl\")]/tbody/tr[6]/td[2]/div/div"}
RESULT: {}
RESULT: {"using":"xpath","value":"//table[contains(@id, \"listView-innerSelectionPanelTable-listUl\")]/tbody/tr[6]/td[2]/div/div"}
COMMAND: POST /session/92e25ae387a06d821b008f80a04495e6/element - {"using":"xpath","value":"//table[contains(@id, \"listView-innerSelectionPanelTable-listUl\")]/tbody/tr[6]/td[2]/div"}
RESULT: {"using":"xpath","value":"//table[contains(@id, \"listView-innerSelectionPanelTable-listUl\")]/tbody/tr[6]/td[2]/div"}
COMMAND: POST /session/92e25ae387a06d821b008f80a04495e6/element - {"using":"xpath","value":"//table[contains(@id, \"listView-innerSelectionPanelTable-listUl\")]/tbody/tr[6]/td[3]/div/div/span/span[1]/bdi"}
RESULT: {"using":"xpath","value":"//table[contains(@id, \"listView-innerSelectionPanelTable-listUl\")]/tbody/tr[6]/td[3]/div/div/span/span[1]/bdi"}
COMMAND: POST /session/92e25ae387a06d821b008f80a04495e6/execute/sync - {"script":"<script> [56 bytes]","args":[{"element-6066-11e4-a52e-4f735466cecf":"f.2AE10C335A97376731A182912FB7EE33.d.446F859C058652ED7E34153F802D4004.e.9605","ELEMENT":"f.2AE10C335A97376731A182912FB7EE33.d.446F859C058652ED7E34153F802D4004.e.9605"}]}
RESULT: {"script":"<script> [56 bytes]","args":[{"element-6066-11e4-a52e-4f735466cecf":"f.2AE10C335A97376731A182912FB7EE33.d.446F859C058652ED7E34153F802D4004.e.9605","ELEMENT":"f.2AE10C335A97376731A182912FB7EE33.d.446F859C058652ED7E34153F802D4004.e.9605"}]}
COMMAND: GET /session/92e25ae387a06d821b008f80a04495e6/element/f.2AE10C335A97376731A182912FB7EE33.d.446F859C058652ED7E34153F802D4004.e.9604/attribute/aria-checked - {}
COMMAND: GET /session/92e25ae387a06d821b008f80a04495e6/screenshot - {}
RESULT: {}
COMMAND: POST /session/92e25ae387a06d821b008f80a04495e6/element - {"using":"xpath","value":"//table[contains(@id, \"listView-innerSelectionPanelTable-listUl\")]/tbody/tr[7]/td[2]/div/div"}
RESULT: {}
RESULT: {"using":"xpath","value":"//table[contains(@id, \"listView-innerSelectionPanelTable-listUl\")]/tbody/tr[7]/td[2]/div/div"}
COMMAND: POST /session/92e25ae387a06d821b008f80a04495e6/element - {"using":"xpath","value":"//table[contains(@id, \"listView-innerSelectionPanelTable-listUl\")]/tbody/tr[7]/td[2]/div"}
RESULT: {"using":"xpath","value":"//table[contains(@id, \"listView-innerSelectionPanelTable-listUl\")]/tbody/tr[7]/td[2]/div"}
COMMAND: POST /session/92e25ae387a06d821b008f80a04495e6/element - {"using":"xpath","value":"//table[contains(@id, \"listView-innerSelectionPanelTable-listUl\")]/tbody/tr[7]/td[3]/div/div/span/span[1]/bdi"}
RESULT: {"using":"xpath","value":"//table[contains(@id, \"listView-innerSelectionPanelTable-listUl\")]/tbody/tr[7]/td[3]/div/div/span/span[1]/bdi"}
COMMAND: POST /session/92e25ae387a06d821b008f80a04495e6/execute/sync - {"script":"<script> [56 bytes]","args":[{"element-6066-11e4-a52e-4f735466cecf":"f.2AE10C335A97376731A182912FB7EE33.d.446F859C058652ED7E34153F802D4004.e.9608","ELEMENT":"f.2AE10C335A97376731A182912FB7EE33.d.446F859C058652ED7E34153F802D4004.e.9608"}]}
RESULT: {"script":"<script> [56 bytes]","args":[{"element-6066-11e4-a52e-4f735466cecf":"f.2AE10C335A97376731A182912FB7EE33.d.446F859C058652ED7E34153F802D4004.e.9608","ELEMENT":"f.2AE10C335A97376731A182912FB7EE33.d.446F859C058652ED7E34153F802D4004.e.9608"}]}
COMMAND: GET /session/92e25ae387a06d821b008f80a04495e6/element/f.2AE10C335A97376731A182912FB7EE33.d.446F859C058652ED7E34153F802D4004.e.9607/attribute/aria-checked - {}
COMMAND: GET /session/92e25ae387a06d821b008f80a04495e6/screenshot - {}
RESULT: {}
COMMAND: POST /session/92e25ae387a06d821b008f80a04495e6/element - {"using":"xpath","value":"//table[contains(@id, \"listView-innerSelectionPanelTable-listUl\")]/tbody/tr[8]/td[2]/div/div"}
RESULT: {}
RESULT: {"using":"xpath","value":"//table[contains(@id, \"listView-innerSelectionPanelTable-listUl\")]/tbody/tr[8]/td[2]/div/div"}
COMMAND: POST /session/92e25ae387a06d821b008f80a04495e6/element - {"using":"xpath","value":"//table[contains(@id, \"listView-innerSelectionPanelTable-listUl\")]/tbody/tr[8]/td[2]/div"}
RESULT: {"using":"xpath","value":"//table[contains(@id, \"listView-innerSelectionPanelTable-listUl\")]/tbody/tr[8]/td[2]/div"}
COMMAND: POST /session/92e25ae387a06d821b008f80a04495e6/element - {"using":"xpath","value":"//table[contains(@id, \"listView-innerSelectionPanelTable-listUl\")]/tbody/tr[8]/td[3]/div/div/span/span[1]/bdi"}
RESULT: {"using":"xpath","value":"//table[contains(@id, \"listView-innerSelectionPanelTable-listUl\")]/tbody/tr[8]/td[3]/div/div/span/span[1]/bdi"}
COMMAND: POST /session/92e25ae387a06d821b008f80a04495e6/execute/sync - {"script":"<script> [56 bytes]","args":[{"element-6066-11e4-a52e-4f735466cecf":"f.2AE10C335A97376731A182912FB7EE33.d.446F859C058652ED7E34153F802D4004.e.9611","ELEMENT":"f.2AE10C335A97376731A182912FB7EE33.d.446F859C058652ED7E34153F802D4004.e.9611"}]}
RESULT: {"script":"<script> [56 bytes]","args":[{"element-6066-11e4-a52e-4f735466cecf":"f.2AE10C335A97376731A182912FB7EE33.d.446F859C058652ED7E34153F802D4004.e.9611","ELEMENT":"f.2AE10C335A97376731A182912FB7EE33.d.446F859C058652ED7E34153F802D4004.e.9611"}]}
COMMAND: GET /session/92e25ae387a06d821b008f80a04495e6/element/f.2AE10C335A97376731A182912FB7EE33.d.446F859C058652ED7E34153F802D4004.e.9610/attribute/aria-checked - {}
COMMAND: GET /session/92e25ae387a06d821b008f80a04495e6/screenshot - {}
RESULT: {}
COMMAND: POST /session/92e25ae387a06d821b008f80a04495e6/element - {"using":"xpath","value":"//table[contains(@id, \"listView-innerSelectionPanelTable-listUl\")]/tbody/tr[9]/td[2]/div/div"}
RESULT: {}
RESULT: {"using":"xpath","value":"//table[contains(@id, \"listView-innerSelectionPanelTable-listUl\")]/tbody/tr[9]/td[2]/div/div"}
COMMAND: POST /session/92e25ae387a06d821b008f80a04495e6/element - {"using":"xpath","value":"//table[contains(@id, \"listView-innerSelectionPanelTable-listUl\")]/tbody/tr[9]/td[2]/div"}
RESULT: {"using":"xpath","value":"//table[contains(@id, \"listView-innerSelectionPanelTable-listUl\")]/tbody/tr[9]/td[2]/div"}
COMMAND: POST /session/92e25ae387a06d821b008f80a04495e6/element - {"using":"xpath","value":"//table[contains(@id, \"listView-innerSelectionPanelTable-listUl\")]/tbody/tr[9]/td[3]/div/div/span/span[1]/bdi"}
RESULT: {"using":"xpath","value":"//table[contains(@id, \"listView-innerSelectionPanelTable-listUl\")]/tbody/tr[9]/td[3]/div/div/span/span[1]/bdi"}
COMMAND: POST /session/92e25ae387a06d821b008f80a04495e6/execute/sync - {"script":"<script> [56 bytes]","args":[{"element-6066-11e4-a52e-4f735466cecf":"f.2AE10C335A97376731A182912FB7EE33.d.446F859C058652ED7E34153F802D4004.e.9614","ELEMENT":"f.2AE10C335A97376731A182912FB7EE33.d.446F859C058652ED7E34153F802D4004.e.9614"}]}
RESULT: {"script":"<script> [56 bytes]","args":[{"element-6066-11e4-a52e-4f735466cecf":"f.2AE10C335A97376731A182912FB7EE33.d.446F859C058652ED7E34153F802D4004.e.9614","ELEMENT":"f.2AE10C335A97376731A182912FB7EE33.d.446F859C058652ED7E34153F802D4004.e.9614"}]}
COMMAND: GET /session/92e25ae387a06d821b008f80a04495e6/element/f.2AE10C335A97376731A182912FB7EE33.d.446F859C058652ED7E34153F802D4004.e.9613/attribute/aria-checked - {}
COMMAND: GET /session/92e25ae387a06d821b008f80a04495e6/screenshot - {}
RESULT: {}
COMMAND: POST /session/92e25ae387a06d821b008f80a04495e6/element - {"using":"xpath","value":"//table[contains(@id, \"listView-innerSelectionPanelTable-listUl\")]/tbody/tr[10]/td[2]/div/div"}
RESULT: {}
RESULT: {"using":"xpath","value":"//table[contains(@id, \"listView-innerSelectionPanelTable-listUl\")]/tbody/tr[10]/td[2]/div/div"}
COMMAND: POST /session/92e25ae387a06d821b008f80a04495e6/element - {"using":"xpath","value":"//table[contains(@id, \"listView-innerSelectionPanelTable-listUl\")]/tbody/tr[10]/td[2]/div"}
RESULT: {"using":"xpath","value":"//table[contains(@id, \"listView-innerSelectionPanelTable-listUl\")]/tbody/tr[10]/td[2]/div"}
COMMAND: POST /session/92e25ae387a06d821b008f80a04495e6/element - {"using":"xpath","value":"//table[contains(@id, \"listView-innerSelectionPanelTable-listUl\")]/tbody/tr[10]/td[3]/div/div/span/span[1]/bdi"}
RESULT: {"using":"xpath","value":"//table[contains(@id, \"listView-innerSelectionPanelTable-listUl\")]/tbody/tr[10]/td[3]/div/div/span/span[1]/bdi"}
COMMAND: POST /session/92e25ae387a06d821b008f80a04495e6/execute/sync - {"script":"<script> [56 bytes]","args":[{"element-6066-11e4-a52e-4f735466cecf":"f.2AE10C335A97376731A182912FB7EE33.d.446F859C058652ED7E34153F802D4004.e.9617","ELEMENT":"f.2AE10C335A97376731A182912FB7EE33.d.446F859C058652ED7E34153F802D4004.e.9617"}]}
RESULT: {"script":"<script> [56 bytes]","args":[{"element-6066-11e4-a52e-4f735466cecf":"f.2AE10C335A97376731A182912FB7EE33.d.446F859C058652ED7E34153F802D4004.e.9617","ELEMENT":"f.2AE10C335A97376731A182912FB7EE33.d.446F859C058652ED7E34153F802D4004.e.9617"}]}
COMMAND: GET /session/92e25ae387a06d821b008f80a04495e6/element/f.2AE10C335A97376731A182912FB7EE33.d.446F859C058652ED7E34153F802D4004.e.9616/attribute/aria-checked - {}
COMMAND: GET /session/92e25ae387a06d821b008f80a04495e6/screenshot - {}
RESULT: {}
COMMAND: POST /session/92e25ae387a06d821b008f80a04495e6/element - {"using":"xpath","value":"//table[contains(@id, \"listView-innerSelectionPanelTable-listUl\")]/tbody/tr[11]/td[2]/div/div"}
RESULT: {}
RESULT: {"using":"xpath","value":"//table[contains(@id, \"listView-innerSelectionPanelTable-listUl\")]/tbody/tr[11]/td[2]/div/div"}
COMMAND: POST /session/92e25ae387a06d821b008f80a04495e6/element - {"using":"xpath","value":"//table[contains(@id, \"listView-innerSelectionPanelTable-listUl\")]/tbody/tr[11]/td[2]/div"}
RESULT: {"using":"xpath","value":"//table[contains(@id, \"listView-innerSelectionPanelTable-listUl\")]/tbody/tr[11]/td[2]/div"}
COMMAND: POST /session/92e25ae387a06d821b008f80a04495e6/element - {"using":"xpath","value":"//table[contains(@id, \"listView-innerSelectionPanelTable-listUl\")]/tbody/tr[11]/td[3]/div/div/span/span[1]/bdi"}
RESULT: {"using":"xpath","value":"//table[contains(@id, \"listView-innerSelectionPanelTable-listUl\")]/tbody/tr[11]/td[3]/div/div/span/span[1]/bdi"}
COMMAND: POST /session/92e25ae387a06d821b008f80a04495e6/execute/sync - {"script":"<script> [56 bytes]","args":[{"element-6066-11e4-a52e-4f735466cecf":"f.2AE10C335A97376731A182912FB7EE33.d.446F859C058652ED7E34153F802D4004.e.9620","ELEMENT":"f.2AE10C335A97376731A182912FB7EE33.d.446F859C058652ED7E34153F802D4004.e.9620"}]}
RESULT: {"script":"<script> [56 bytes]","args":[{"element-6066-11e4-a52e-4f735466cecf":"f.2AE10C335A97376731A182912FB7EE33.d.446F859C058652ED7E34153F802D4004.e.9620","ELEMENT":"f.2AE10C335A97376731A182912FB7EE33.d.446F859C058652ED7E34153F802D4004.e.9620"}]}
COMMAND: GET /session/92e25ae387a06d821b008f80a04495e6/element/f.2AE10C335A97376731A182912FB7EE33.d.446F859C058652ED7E34153F802D4004.e.9619/attribute/aria-checked - {}
COMMAND: GET /session/92e25ae387a06d821b008f80a04495e6/screenshot - {}
RESULT: {}
COMMAND: POST /session/92e25ae387a06d821b008f80a04495e6/element - {"using":"xpath","value":"//table[contains(@id, \"listView-innerSelectionPanelTable-listUl\")]/tbody/tr[12]/td[2]/div/div"}
RESULT: {}
RESULT: {"using":"xpath","value":"//table[contains(@id, \"listView-innerSelectionPanelTable-listUl\")]/tbody/tr[12]/td[2]/div/div"}
COMMAND: POST /session/92e25ae387a06d821b008f80a04495e6/element - {"using":"xpath","value":"//table[contains(@id, \"listView-innerSelectionPanelTable-listUl\")]/tbody/tr[12]/td[2]/div"}
RESULT: {"using":"xpath","value":"//table[contains(@id, \"listView-innerSelectionPanelTable-listUl\")]/tbody/tr[12]/td[2]/div"}
COMMAND: POST /session/92e25ae387a06d821b008f80a04495e6/element - {"using":"xpath","value":"//table[contains(@id, \"listView-innerSelectionPanelTable-listUl\")]/tbody/tr[12]/td[3]/div/div/span/span[1]/bdi"}
RESULT: {"using":"xpath","value":"//table[contains(@id, \"listView-innerSelectionPanelTable-listUl\")]/tbody/tr[12]/td[3]/div/div/span/span[1]/bdi"}
COMMAND: POST /session/92e25ae387a06d821b008f80a04495e6/execute/sync - {"script":"<script> [56 bytes]","args":[{"element-6066-11e4-a52e-4f735466cecf":"f.2AE10C335A97376731A182912FB7EE33.d.446F859C058652ED7E34153F802D4004.e.9623","ELEMENT":"f.2AE10C335A97376731A182912FB7EE33.d.446F859C058652ED7E34153F802D4004.e.9623"}]}
RESULT: {"script":"<script> [56 bytes]","args":[{"element-6066-11e4-a52e-4f735466cecf":"f.2AE10C335A97376731A182912FB7EE33.d.446F859C058652ED7E34153F802D4004.e.9623","ELEMENT":"f.2AE10C335A97376731A182912FB7EE33.d.446F859C058652ED7E34153F802D4004.e.9623"}]}
COMMAND: GET /session/92e25ae387a06d821b008f80a04495e6/element/f.2AE10C335A97376731A182912FB7EE33.d.446F859C058652ED7E34153F802D4004.e.9622/attribute/aria-checked - {}
COMMAND: GET /session/92e25ae387a06d821b008f80a04495e6/screenshot - {}
RESULT: {}
COMMAND: POST /session/92e25ae387a06d821b008f80a04495e6/element - {"using":"xpath","value":"//table[contains(@id, \"listView-innerSelectionPanelTable-listUl\")]/tbody/tr[13]/td[2]/div/div"}
RESULT: {}
RESULT: {"using":"xpath","value":"//table[contains(@id, \"listView-innerSelectionPanelTable-listUl\")]/tbody/tr[13]/td[2]/div/div"}
COMMAND: POST /session/92e25ae387a06d821b008f80a04495e6/element - {"using":"xpath","value":"//table[contains(@id, \"listView-innerSelectionPanelTable-listUl\")]/tbody/tr[13]/td[2]/div"}
RESULT: {"using":"xpath","value":"//table[contains(@id, \"listView-innerSelectionPanelTable-listUl\")]/tbody/tr[13]/td[2]/div"}
COMMAND: POST /session/92e25ae387a06d821b008f80a04495e6/element - {"using":"xpath","value":"//table[contains(@id, \"listView-innerSelectionPanelTable-listUl\")]/tbody/tr[13]/td[3]/div/div/span/span[1]/bdi"}
RESULT: {"using":"xpath","value":"//table[contains(@id, \"listView-innerSelectionPanelTable-listUl\")]/tbody/tr[13]/td[3]/div/div/span/span[1]/bdi"}
COMMAND: POST /session/92e25ae387a06d821b008f80a04495e6/execute/sync - {"script":"<script> [56 bytes]","args":[{"element-6066-11e4-a52e-4f735466cecf":"f.2AE10C335A97376731A182912FB7EE33.d.446F859C058652ED7E34153F802D4004.e.9626","ELEMENT":"f.2AE10C335A97376731A182912FB7EE33.d.446F859C058652ED7E34153F802D4004.e.9626"}]}
RESULT: {"script":"<script> [56 bytes]","args":[{"element-6066-11e4-a52e-4f735466cecf":"f.2AE10C335A97376731A182912FB7EE33.d.446F859C058652ED7E34153F802D4004.e.9626","ELEMENT":"f.2AE10C335A97376731A182912FB7EE33.d.446F859C058652ED7E34153F802D4004.e.9626"}]}
COMMAND: GET /session/92e25ae387a06d821b008f80a04495e6/element/f.2AE10C335A97376731A182912FB7EE33.d.446F859C058652ED7E34153F802D4004.e.9625/attribute/aria-checked - {}
COMMAND: GET /session/92e25ae387a06d821b008f80a04495e6/screenshot - {}
RESULT: {}
COMMAND: POST /session/92e25ae387a06d821b008f80a04495e6/element - {"using":"xpath","value":"//table[contains(@id, \"listView-innerSelectionPanelTable-listUl\")]/tbody/tr[14]/td[2]/div/div"}
RESULT: {}
RESULT: {"using":"xpath","value":"//table[contains(@id, \"listView-innerSelectionPanelTable-listUl\")]/tbody/tr[14]/td[2]/div/div"}
COMMAND: POST /session/92e25ae387a06d821b008f80a04495e6/element - {"using":"xpath","value":"//table[contains(@id, \"listView-innerSelectionPanelTable-listUl\")]/tbody/tr[14]/td[2]/div"}
RESULT: {"using":"xpath","value":"//table[contains(@id, \"listView-innerSelectionPanelTable-listUl\")]/tbody/tr[14]/td[2]/div"}
COMMAND: POST /session/92e25ae387a06d821b008f80a04495e6/element - {"using":"xpath","value":"//table[contains(@id, \"listView-innerSelectionPanelTable-listUl\")]/tbody/tr[14]/td[3]/div/div/span/span[1]/bdi"}
RESULT: {"using":"xpath","value":"//table[contains(@id, \"listView-innerSelectionPanelTable-listUl\")]/tbody/tr[14]/td[3]/div/div/span/span[1]/bdi"}
COMMAND: POST /session/92e25ae387a06d821b008f80a04495e6/execute/sync - {"script":"<script> [56 bytes]","args":[{"element-6066-11e4-a52e-4f735466cecf":"f.2AE10C335A97376731A182912FB7EE33.d.446F859C058652ED7E34153F802D4004.e.9629","ELEMENT":"f.2AE10C335A97376731A182912FB7EE33.d.446F859C058652ED7E34153F802D4004.e.9629"}]}
RESULT: {"script":"<script> [56 bytes]","args":[{"element-6066-11e4-a52e-4f735466cecf":"f.2AE10C335A97376731A182912FB7EE33.d.446F859C058652ED7E34153F802D4004.e.9629","ELEMENT":"f.2AE10C335A97376731A182912FB7EE33.d.446F859C058652ED7E34153F802D4004.e.9629"}]}
COMMAND: GET /session/92e25ae387a06d821b008f80a04495e6/element/f.2AE10C335A97376731A182912FB7EE33.d.446F859C058652ED7E34153F802D4004.e.9628/attribute/aria-checked - {}
COMMAND: GET /session/92e25ae387a06d821b008f80a04495e6/screenshot - {}
RESULT: {}
COMMAND: POST /session/92e25ae387a06d821b008f80a04495e6/element - {"using":"xpath","value":"//table[contains(@id, \"listView-innerSelectionPanelTable-listUl\")]/tbody/tr[15]/td[2]/div/div"}
RESULT: {}
RESULT: {"using":"xpath","value":"//table[contains(@id, \"listView-innerSelectionPanelTable-listUl\")]/tbody/tr[15]/td[2]/div/div"}
COMMAND: POST /session/92e25ae387a06d821b008f80a04495e6/element - {"using":"xpath","value":"//table[contains(@id, \"listView-innerSelectionPanelTable-listUl\")]/tbody/tr[15]/td[2]/div"}
RESULT: {"using":"xpath","value":"//table[contains(@id, \"listView-innerSelectionPanelTable-listUl\")]/tbody/tr[15]/td[2]/div"}
COMMAND: POST /session/92e25ae387a06d821b008f80a04495e6/element - {"using":"xpath","value":"//table[contains(@id, \"listView-innerSelectionPanelTable-listUl\")]/tbody/tr[15]/td[3]/div/div/span/span[1]/bdi"}
RESULT: {"using":"xpath","value":"//table[contains(@id, \"listView-innerSelectionPanelTable-listUl\")]/tbody/tr[15]/td[3]/div/div/span/span[1]/bdi"}
COMMAND: POST /session/92e25ae387a06d821b008f80a04495e6/execute/sync - {"script":"<script> [56 bytes]","args":[{"element-6066-11e4-a52e-4f735466cecf":"f.2AE10C335A97376731A182912FB7EE33.d.446F859C058652ED7E34153F802D4004.e.9632","ELEMENT":"f.2AE10C335A97376731A182912FB7EE33.d.446F859C058652ED7E34153F802D4004.e.9632"}]}
RESULT: {"script":"<script> [56 bytes]","args":[{"element-6066-11e4-a52e-4f735466cecf":"f.2AE10C335A97376731A182912FB7EE33.d.446F859C058652ED7E34153F802D4004.e.9632","ELEMENT":"f.2AE10C335A97376731A182912FB7EE33.d.446F859C058652ED7E34153F802D4004.e.9632"}]}
COMMAND: GET /session/92e25ae387a06d821b008f80a04495e6/element/f.2AE10C335A97376731A182912FB7EE33.d.446F859C058652ED7E34153F802D4004.e.9631/attribute/aria-checked - {}
COMMAND: GET /session/92e25ae387a06d821b008f80a04495e6/screenshot - {}
RESULT: {}
COMMAND: POST /session/92e25ae387a06d821b008f80a04495e6/element - {"using":"xpath","value":"//table[contains(@id, \"listView-innerSelectionPanelTable-listUl\")]/tbody/tr[16]/td[2]/div/div"}
RESULT: {}
RESULT: {"using":"xpath","value":"//table[contains(@id, \"listView-innerSelectionPanelTable-listUl\")]/tbody/tr[16]/td[2]/div/div"}
COMMAND: POST /session/92e25ae387a06d821b008f80a04495e6/element - {"using":"xpath","value":"//table[contains(@id, \"listView-innerSelectionPanelTable-listUl\")]/tbody/tr[16]/td[2]/div"}
RESULT: {"using":"xpath","value":"//table[contains(@id, \"listView-innerSelectionPanelTable-listUl\")]/tbody/tr[16]/td[2]/div"}
COMMAND: POST /session/92e25ae387a06d821b008f80a04495e6/element - {"using":"xpath","value":"//table[contains(@id, \"listView-innerSelectionPanelTable-listUl\")]/tbody/tr[16]/td[3]/div/div/span/span[1]/bdi"}
RESULT: {"using":"xpath","value":"//table[contains(@id, \"listView-innerSelectionPanelTable-listUl\")]/tbody/tr[16]/td[3]/div/div/span/span[1]/bdi"}
COMMAND: POST /session/92e25ae387a06d821b008f80a04495e6/execute/sync - {"script":"<script> [56 bytes]","args":[{"element-6066-11e4-a52e-4f735466cecf":"f.2AE10C335A97376731A182912FB7EE33.d.446F859C058652ED7E34153F802D4004.e.9635","ELEMENT":"f.2AE10C335A97376731A182912FB7EE33.d.446F859C058652ED7E34153F802D4004.e.9635"}]}
RESULT: {"script":"<script> [56 bytes]","args":[{"element-6066-11e4-a52e-4f735466cecf":"f.2AE10C335A97376731A182912FB7EE33.d.446F859C058652ED7E34153F802D4004.e.9635","ELEMENT":"f.2AE10C335A97376731A182912FB7EE33.d.446F859C058652ED7E34153F802D4004.e.9635"}]}
COMMAND: GET /session/92e25ae387a06d821b008f80a04495e6/element/f.2AE10C335A97376731A182912FB7EE33.d.446F859C058652ED7E34153F802D4004.e.9634/attribute/aria-checked - {}
COMMAND: GET /session/92e25ae387a06d821b008f80a04495e6/screenshot - {}
RESULT: {}
COMMAND: POST /session/92e25ae387a06d821b008f80a04495e6/element - {"using":"xpath","value":"//table[contains(@id, \"listView-innerSelectionPanelTable-listUl\")]/tbody/tr[17]/td[2]/div/div"}
RESULT: {}
RESULT: {"using":"xpath","value":"//table[contains(@id, \"listView-innerSelectionPanelTable-listUl\")]/tbody/tr[17]/td[2]/div/div"}
COMMAND: POST /session/92e25ae387a06d821b008f80a04495e6/element - {"using":"xpath","value":"//table[contains(@id, \"listView-innerSelectionPanelTable-listUl\")]/tbody/tr[17]/td[2]/div"}
RESULT: {"using":"xpath","value":"//table[contains(@id, \"listView-innerSelectionPanelTable-listUl\")]/tbody/tr[17]/td[2]/div"}
COMMAND: POST /session/92e25ae387a06d821b008f80a04495e6/element - {"using":"xpath","value":"//table[contains(@id, \"listView-innerSelectionPanelTable-listUl\")]/tbody/tr[17]/td[3]/div/div/span/span[1]/bdi"}
RESULT: {"using":"xpath","value":"//table[contains(@id, \"listView-innerSelectionPanelTable-listUl\")]/tbody/tr[17]/td[3]/div/div/span/span[1]/bdi"}
COMMAND: POST /session/92e25ae387a06d821b008f80a04495e6/execute/sync - {"script":"<script> [56 bytes]","args":[{"element-6066-11e4-a52e-4f735466cecf":"f.2AE10C335A97376731A182912FB7EE33.d.446F859C058652ED7E34153F802D4004.e.9638","ELEMENT":"f.2AE10C335A97376731A182912FB7EE33.d.446F859C058652ED7E34153F802D4004.e.9638"}]}
RESULT: {"script":"<script> [56 bytes]","args":[{"element-6066-11e4-a52e-4f735466cecf":"f.2AE10C335A97376731A182912FB7EE33.d.446F859C058652ED7E34153F802D4004.e.9638","ELEMENT":"f.2AE10C335A97376731A182912FB7EE33.d.446F859C058652ED7E34153F802D4004.e.9638"}]}
COMMAND: GET /session/92e25ae387a06d821b008f80a04495e6/element/f.2AE10C335A97376731A182912FB7EE33.d.446F859C058652ED7E34153F802D4004.e.9637/attribute/aria-checked - {}
COMMAND: GET /session/92e25ae387a06d821b008f80a04495e6/screenshot - {}
RESULT: {}
COMMAND: POST /session/92e25ae387a06d821b008f80a04495e6/element - {"using":"xpath","value":"//table[contains(@id, \"listView-innerSelectionPanelTable-listUl\")]/tbody/tr[18]/td[2]/div/div"}
RESULT: {}
RESULT: {"using":"xpath","value":"//table[contains(@id, \"listView-innerSelectionPanelTable-listUl\")]/tbody/tr[18]/td[2]/div/div"}
COMMAND: POST /session/92e25ae387a06d821b008f80a04495e6/element - {"using":"xpath","value":"//table[contains(@id, \"listView-innerSelectionPanelTable-listUl\")]/tbody/tr[18]/td[2]/div"}
RESULT: {"using":"xpath","value":"//table[contains(@id, \"listView-innerSelectionPanelTable-listUl\")]/tbody/tr[18]/td[2]/div"}
COMMAND: POST /session/92e25ae387a06d821b008f80a04495e6/element - {"using":"xpath","value":"//table[contains(@id, \"listView-innerSelectionPanelTable-listUl\")]/tbody/tr[18]/td[3]/div/div/span/span[1]/bdi"}
RESULT: {"using":"xpath","value":"//table[contains(@id, \"listView-innerSelectionPanelTable-listUl\")]/tbody/tr[18]/td[3]/div/div/span/span[1]/bdi"}
COMMAND: POST /session/92e25ae387a06d821b008f80a04495e6/execute/sync - {"script":"<script> [56 bytes]","args":[{"element-6066-11e4-a52e-4f735466cecf":"f.2AE10C335A97376731A182912FB7EE33.d.446F859C058652ED7E34153F802D4004.e.9641","ELEMENT":"f.2AE10C335A97376731A182912FB7EE33.d.446F859C058652ED7E34153F802D4004.e.9641"}]}
RESULT: {"script":"<script> [56 bytes]","args":[{"element-6066-11e4-a52e-4f735466cecf":"f.2AE10C335A97376731A182912FB7EE33.d.446F859C058652ED7E34153F802D4004.e.9641","ELEMENT":"f.2AE10C335A97376731A182912FB7EE33.d.446F859C058652ED7E34153F802D4004.e.9641"}]}
COMMAND: GET /session/92e25ae387a06d821b008f80a04495e6/element/f.2AE10C335A97376731A182912FB7EE33.d.446F859C058652ED7E34153F802D4004.e.9640/attribute/aria-checked - {}
COMMAND: GET /session/92e25ae387a06d821b008f80a04495e6/screenshot - {}
RESULT: {}
COMMAND: POST /session/92e25ae387a06d821b008f80a04495e6/element - {"using":"xpath","value":"//table[contains(@id, \"listView-innerSelectionPanelTable-listUl\")]/tbody/tr[19]/td[2]/div/div"}
RESULT: {}
RESULT: {"using":"xpath","value":"//table[contains(@id, \"listView-innerSelectionPanelTable-listUl\")]/tbody/tr[19]/td[2]/div/div"}
COMMAND: POST /session/92e25ae387a06d821b008f80a04495e6/element - {"using":"xpath","value":"//table[contains(@id, \"listView-innerSelectionPanelTable-listUl\")]/tbody/tr[19]/td[2]/div"}
RESULT: {"using":"xpath","value":"//table[contains(@id, \"listView-innerSelectionPanelTable-listUl\")]/tbody/tr[19]/td[2]/div"}
COMMAND: POST /session/92e25ae387a06d821b008f80a04495e6/element - {"using":"xpath","value":"//table[contains(@id, \"listView-innerSelectionPanelTable-listUl\")]/tbody/tr[19]/td[3]/div/div/span/span[1]/bdi"}
RESULT: {"using":"xpath","value":"//table[contains(@id, \"listView-innerSelectionPanelTable-listUl\")]/tbody/tr[19]/td[3]/div/div/span/span[1]/bdi"}
COMMAND: POST /session/92e25ae387a06d821b008f80a04495e6/execute/sync - {"script":"<script> [56 bytes]","args":[{"element-6066-11e4-a52e-4f735466cecf":"f.2AE10C335A97376731A182912FB7EE33.d.446F859C058652ED7E34153F802D4004.e.9644","ELEMENT":"f.2AE10C335A97376731A182912FB7EE33.d.446F859C058652ED7E34153F802D4004.e.9644"}]}
RESULT: {"script":"<script> [56 bytes]","args":[{"element-6066-11e4-a52e-4f735466cecf":"f.2AE10C335A97376731A182912FB7EE33.d.446F859C058652ED7E34153F802D4004.e.9644","ELEMENT":"f.2AE10C335A97376731A182912FB7EE33.d.446F859C058652ED7E34153F802D4004.e.9644"}]}
COMMAND: GET /session/92e25ae387a06d821b008f80a04495e6/element/f.2AE10C335A97376731A182912FB7EE33.d.446F859C058652ED7E34153F802D4004.e.9643/attribute/aria-checked - {}
COMMAND: GET /session/92e25ae387a06d821b008f80a04495e6/screenshot - {}
RESULT: {}
COMMAND: POST /session/92e25ae387a06d821b008f80a04495e6/element - {"using":"xpath","value":"//table[contains(@id, \"listView-innerSelectionPanelTable-listUl\")]/tbody/tr[20]/td[2]/div/div"}
RESULT: {}
RESULT: {"using":"xpath","value":"//table[contains(@id, \"listView-innerSelectionPanelTable-listUl\")]/tbody/tr[20]/td[2]/div/div"}
COMMAND: POST /session/92e25ae387a06d821b008f80a04495e6/element - {"using":"xpath","value":"//table[contains(@id, \"listView-innerSelectionPanelTable-listUl\")]/tbody/tr[20]/td[2]/div"}
RESULT: {"using":"xpath","value":"//table[contains(@id, \"listView-innerSelectionPanelTable-listUl\")]/tbody/tr[20]/td[2]/div"}
COMMAND: POST /session/92e25ae387a06d821b008f80a04495e6/element - {"using":"xpath","value":"//table[contains(@id, \"listView-innerSelectionPanelTable-listUl\")]/tbody/tr[20]/td[3]/div/div/span/span[1]/bdi"}
RESULT: {"using":"xpath","value":"//table[contains(@id, \"listView-innerSelectionPanelTable-listUl\")]/tbody/tr[20]/td[3]/div/div/span/span[1]/bdi"}
COMMAND: POST /session/92e25ae387a06d821b008f80a04495e6/execute/sync - {"script":"<script> [56 bytes]","args":[{"element-6066-11e4-a52e-4f735466cecf":"f.2AE10C335A97376731A182912FB7EE33.d.446F859C058652ED7E34153F802D4004.e.9647","ELEMENT":"f.2AE10C335A97376731A182912FB7EE33.d.446F859C058652ED7E34153F802D4004.e.9647"}]}
RESULT: {"script":"<script> [56 bytes]","args":[{"element-6066-11e4-a52e-4f735466cecf":"f.2AE10C335A97376731A182912FB7EE33.d.446F859C058652ED7E34153F802D4004.e.9647","ELEMENT":"f.2AE10C335A97376731A182912FB7EE33.d.446F859C058652ED7E34153F802D4004.e.9647"}]}
COMMAND: GET /session/92e25ae387a06d821b008f80a04495e6/element/f.2AE10C335A97376731A182912FB7EE33.d.446F859C058652ED7E34153F802D4004.e.9646/attribute/aria-checked - {}
COMMAND: GET /session/92e25ae387a06d821b008f80a04495e6/screenshot - {}
RESULT: {}
COMMAND: POST /session/92e25ae387a06d821b008f80a04495e6/element - {"using":"xpath","value":"//table[contains(@id, \"listView-innerSelectionPanelTable-listUl\")]/tbody/tr[21]/td[2]/div/div"}
COMMAND: POST /session/92e25ae387a06d821b008f80a04495e6/element/f.2AE10C335A97376731A182912FB7EE33.d.446F859C058652ED7E34153F802D4004.e.9645/click - {}
RESULT: {}
RESULT: {"using":"xpath","value":"//table[contains(@id, \"listView-innerSelectionPanelTable-listUl\")]/tbody/tr[21]/td[2]/div/div"}
COMMAND: POST /session/92e25ae387a06d821b008f80a04495e6/element - {"using":"xpath","value":"//table[contains(@id, \"listView-innerSelectionPanelTable-listUl\")]/tbody/tr[21]/td[2]/div"}
RESULT: {}
COMMAND: GET /session/92e25ae387a06d821b008f80a04495e6/screenshot - {}
RESULT: {"using":"xpath","value":"//table[contains(@id, \"listView-innerSelectionPanelTable-listUl\")]/tbody/tr[21]/td[2]/div"}
COMMAND: POST /session/92e25ae387a06d821b008f80a04495e6/element - {"using":"xpath","value":"//table[contains(@id, \"listView-innerSelectionPanelTable-listUl\")]/tbody/tr[21]/td[3]/div/div/span/span[1]/bdi"}
RESULT: {}
RESULT: {"using":"xpath","value":"//table[contains(@id, \"listView-innerSelectionPanelTable-listUl\")]/tbody/tr[21]/td[3]/div/div/span/span[1]/bdi"}
COMMAND: POST /session/92e25ae387a06d821b008f80a04495e6/execute/sync - {"script":"<script> [56 bytes]","args":[{"element-6066-11e4-a52e-4f735466cecf":"f.2AE10C335A97376731A182912FB7EE33.d.446F859C058652ED7E34153F802D4004.e.9653","ELEMENT":"f.2AE10C335A97376731A182912FB7EE33.d.446F859C058652ED7E34153F802D4004.e.9653"}]}
RESULT: {"script":"<script> [56 bytes]","args":[{"element-6066-11e4-a52e-4f735466cecf":"f.2AE10C335A97376731A182912FB7EE33.d.446F859C058652ED7E34153F802D4004.e.9653","ELEMENT":"f.2AE10C335A97376731A182912FB7EE33.d.446F859C058652ED7E34153F802D4004.e.9653"}]}
COMMAND: GET /session/92e25ae387a06d821b008f80a04495e6/element/f.2AE10C335A97376731A182912FB7EE33.d.446F859C058652ED7E34153F802D4004.e.9652/attribute/aria-checked - {}
COMMAND: GET /session/92e25ae387a06d821b008f80a04495e6/screenshot - {}
RESULT: {}
COMMAND: POST /session/92e25ae387a06d821b008f80a04495e6/element - {"using":"xpath","value":"//table[contains(@id, \"listView-innerSelectionPanelTable-listUl\")]/tbody/tr[22]/td[2]/div/div"}
COMMAND: POST /session/92e25ae387a06d821b008f80a04495e6/element/f.2AE10C335A97376731A182912FB7EE33.d.446F859C058652ED7E34153F802D4004.e.9648/click - {}
RESULT: {}
RESULT: {"using":"xpath","value":"//table[contains(@id, \"listView-innerSelectionPanelTable-listUl\")]/tbody/tr[22]/td[2]/div/div"}
COMMAND: POST /session/92e25ae387a06d821b008f80a04495e6/element - {"using":"xpath","value":"//table[contains(@id, \"listView-innerSelectionPanelTable-listUl\")]/tbody/tr[22]/td[2]/div"}
RESULT: {}
COMMAND: GET /session/92e25ae387a06d821b008f80a04495e6/screenshot - {}
RESULT: {"using":"xpath","value":"//table[contains(@id, \"listView-innerSelectionPanelTable-listUl\")]/tbody/tr[22]/td[2]/div"}
COMMAND: POST /session/92e25ae387a06d821b008f80a04495e6/element - {"using":"xpath","value":"//table[contains(@id, \"listView-innerSelectionPanelTable-listUl\")]/tbody/tr[22]/td[3]/div/div/span/span[1]/bdi"}
RESULT: {}
RESULT: {"using":"xpath","value":"//table[contains(@id, \"listView-innerSelectionPanelTable-listUl\")]/tbody/tr[22]/td[3]/div/div/span/span[1]/bdi"}
COMMAND: POST /session/92e25ae387a06d821b008f80a04495e6/execute/sync - {"script":"<script> [56 bytes]","args":[{"element-6066-11e4-a52e-4f735466cecf":"f.2AE10C335A97376731A182912FB7EE33.d.446F859C058652ED7E34153F802D4004.e.9657","ELEMENT":"f.2AE10C335A97376731A182912FB7EE33.d.446F859C058652ED7E34153F802D4004.e.9657"}]}
RESULT: {"script":"<script> [56 bytes]","args":[{"element-6066-11e4-a52e-4f735466cecf":"f.2AE10C335A97376731A182912FB7EE33.d.446F859C058652ED7E34153F802D4004.e.9657","ELEMENT":"f.2AE10C335A97376731A182912FB7EE33.d.446F859C058652ED7E34153F802D4004.e.9657"}]}
COMMAND: GET /session/92e25ae387a06d821b008f80a04495e6/element/f.2AE10C335A97376731A182912FB7EE33.d.446F859C058652ED7E34153F802D4004.e.9656/attribute/aria-checked - {}
COMMAND: GET /session/92e25ae387a06d821b008f80a04495e6/screenshot - {}
RESULT: {}
COMMAND: POST /session/92e25ae387a06d821b008f80a04495e6/element - {"using":"xpath","value":"//table[contains(@id, \"listView-innerSelectionPanelTable-listUl\")]/tbody/tr[23]/td[2]/div/div"}
RESULT: {}
RESULT: {"using":"xpath","value":"//table[contains(@id, \"listView-innerSelectionPanelTable-listUl\")]/tbody/tr[23]/td[2]/div/div"}
COMMAND: POST /session/92e25ae387a06d821b008f80a04495e6/element - {"using":"xpath","value":"//table[contains(@id, \"listView-innerSelectionPanelTable-listUl\")]/tbody/tr[23]/td[2]/div"}
RESULT: {"using":"xpath","value":"//table[contains(@id, \"listView-innerSelectionPanelTable-listUl\")]/tbody/tr[23]/td[2]/div"}
COMMAND: POST /session/92e25ae387a06d821b008f80a04495e6/element - {"using":"xpath","value":"//table[contains(@id, \"listView-innerSelectionPanelTable-listUl\")]/tbody/tr[23]/td[3]/div/div/span/span[1]/bdi"}
RESULT: {"using":"xpath","value":"//table[contains(@id, \"listView-innerSelectionPanelTable-listUl\")]/tbody/tr[23]/td[3]/div/div/span/span[1]/bdi"}
COMMAND: POST /session/92e25ae387a06d821b008f80a04495e6/execute/sync - {"script":"<script> [56 bytes]","args":[{"element-6066-11e4-a52e-4f735466cecf":"f.2AE10C335A97376731A182912FB7EE33.d.446F859C058652ED7E34153F802D4004.e.9660","ELEMENT":"f.2AE10C335A97376731A182912FB7EE33.d.446F859C058652ED7E34153F802D4004.e.9660"}]}
RESULT: {"script":"<script> [56 bytes]","args":[{"element-6066-11e4-a52e-4f735466cecf":"f.2AE10C335A97376731A182912FB7EE33.d.446F859C058652ED7E34153F802D4004.e.9660","ELEMENT":"f.2AE10C335A97376731A182912FB7EE33.d.446F859C058652ED7E34153F802D4004.e.9660"}]}
COMMAND: GET /session/92e25ae387a06d821b008f80a04495e6/element/f.2AE10C335A97376731A182912FB7EE33.d.446F859C058652ED7E34153F802D4004.e.9659/attribute/aria-checked - {}
COMMAND: GET /session/92e25ae387a06d821b008f80a04495e6/screenshot - {}
RESULT: {}
COMMAND: POST /session/92e25ae387a06d821b008f80a04495e6/element - {"using":"xpath","value":"//table[contains(@id, \"listView-innerSelectionPanelTable-listUl\")]/tbody/tr[24]/td[2]/div/div"}
RESULT: {}
RESULT: {"using":"xpath","value":"//table[contains(@id, \"listView-innerSelectionPanelTable-listUl\")]/tbody/tr[24]/td[2]/div/div"}
COMMAND: POST /session/92e25ae387a06d821b008f80a04495e6/element - {"using":"xpath","value":"//table[contains(@id, \"listView-innerSelectionPanelTable-listUl\")]/tbody/tr[24]/td[2]/div"}
RESULT: {"using":"xpath","value":"//table[contains(@id, \"listView-innerSelectionPanelTable-listUl\")]/tbody/tr[24]/td[2]/div"}
COMMAND: POST /session/92e25ae387a06d821b008f80a04495e6/element - {"using":"xpath","value":"//table[contains(@id, \"listView-innerSelectionPanelTable-listUl\")]/tbody/tr[24]/td[3]/div/div/span/span[1]/bdi"}
RESULT: {"using":"xpath","value":"//table[contains(@id, \"listView-innerSelectionPanelTable-listUl\")]/tbody/tr[24]/td[3]/div/div/span/span[1]/bdi"}
COMMAND: POST /session/92e25ae387a06d821b008f80a04495e6/execute/sync - {"script":"<script> [56 bytes]","args":[{"element-6066-11e4-a52e-4f735466cecf":"f.2AE10C335A97376731A182912FB7EE33.d.446F859C058652ED7E34153F802D4004.e.9663","ELEMENT":"f.2AE10C335A97376731A182912FB7EE33.d.446F859C058652ED7E34153F802D4004.e.9663"}]}
RESULT: {"script":"<script> [56 bytes]","args":[{"element-6066-11e4-a52e-4f735466cecf":"f.2AE10C335A97376731A182912FB7EE33.d.446F859C058652ED7E34153F802D4004.e.9663","ELEMENT":"f.2AE10C335A97376731A182912FB7EE33.d.446F859C058652ED7E34153F802D4004.e.9663"}]}
COMMAND: GET /session/92e25ae387a06d821b008f80a04495e6/element/f.2AE10C335A97376731A182912FB7EE33.d.446F859C058652ED7E34153F802D4004.e.9662/attribute/aria-checked - {}
COMMAND: GET /session/92e25ae387a06d821b008f80a04495e6/screenshot - {}
RESULT: {}
COMMAND: POST /session/92e25ae387a06d821b008f80a04495e6/element - {"using":"xpath","value":"//table[contains(@id, \"listView-innerSelectionPanelTable-listUl\")]/tbody/tr[25]/td[2]/div/div"}
RESULT: {}
RESULT: {"using":"xpath","value":"//table[contains(@id, \"listView-innerSelectionPanelTable-listUl\")]/tbody/tr[25]/td[2]/div/div"}
COMMAND: POST /session/92e25ae387a06d821b008f80a04495e6/element - {"using":"xpath","value":"//table[contains(@id, \"listView-innerSelectionPanelTable-listUl\")]/tbody/tr[25]/td[2]/div"}
RESULT: {"using":"xpath","value":"//table[contains(@id, \"listView-innerSelectionPanelTable-listUl\")]/tbody/tr[25]/td[2]/div"}
COMMAND: POST /session/92e25ae387a06d821b008f80a04495e6/element - {"using":"xpath","value":"//table[contains(@id, \"listView-innerSelectionPanelTable-listUl\")]/tbody/tr[25]/td[3]/div/div/span/span[1]/bdi"}
RESULT: {"using":"xpath","value":"//table[contains(@id, \"listView-innerSelectionPanelTable-listUl\")]/tbody/tr[25]/td[3]/div/div/span/span[1]/bdi"}
COMMAND: POST /session/92e25ae387a06d821b008f80a04495e6/execute/sync - {"script":"<script> [56 bytes]","args":[{"element-6066-11e4-a52e-4f735466cecf":"f.2AE10C335A97376731A182912FB7EE33.d.446F859C058652ED7E34153F802D4004.e.9666","ELEMENT":"f.2AE10C335A97376731A182912FB7EE33.d.446F859C058652ED7E34153F802D4004.e.9666"}]}
RESULT: {"script":"<script> [56 bytes]","args":[{"element-6066-11e4-a52e-4f735466cecf":"f.2AE10C335A97376731A182912FB7EE33.d.446F859C058652ED7E34153F802D4004.e.9666","ELEMENT":"f.2AE10C335A97376731A182912FB7EE33.d.446F859C058652ED7E34153F802D4004.e.9666"}]}
COMMAND: GET /session/92e25ae387a06d821b008f80a04495e6/element/f.2AE10C335A97376731A182912FB7EE33.d.446F859C058652ED7E34153F802D4004.e.9665/attribute/aria-checked - {}
COMMAND: GET /session/92e25ae387a06d821b008f80a04495e6/screenshot - {}
RESULT: {}
COMMAND: POST /session/92e25ae387a06d821b008f80a04495e6/element - {"using":"xpath","value":"//bdi[contains(text(), \"OK\")]"}
RESULT: {}
RESULT: {"using":"xpath","value":"//bdi[contains(text(), \"OK\")]"}
COMMAND: POST /session/92e25ae387a06d821b008f80a04495e6/element/f.2AE10C335A97376731A182912FB7EE33.d.446F859C058652ED7E34153F802D4004.e.9667/click - {}
RESULT: {}
COMMAND: GET /session/92e25ae387a06d821b008f80a04495e6/screenshot - {}
RESULT: {}
COMMAND: POST /session/92e25ae387a06d821b008f80a04495e6/execute/async - {"script":"<script> [1562 bytes]","args":[{"selector":{"id":"application-managepartners-display-component---masterPtm--smartFilterBar-filterItemControlA_-LINK_TO_ADDRESSES_MAIN.ID-vhi"},"wdio_ui5_key":"applicationmanagepartners-display-component---masterPtm--smartFilterBar-filterItemControlA_-LINK_TO_ADDRESSES_MAIN.ID-vhi"}]}
RESULT: {"script":"<script> [1562 bytes]","args":[{"selector":{"id":"application-managepartners-display-component---masterPtm--smartFilterBar-filterItemControlA_-LINK_TO_ADDRESSES_MAIN.ID-vhi"},"wdio_ui5_key":"applicationmanagepartners-display-component---masterPtm--smartFilterBar-filterItemControlA_-LINK_TO_ADDRESSES_MAIN.ID-vhi"}]}
RESULT: undefined
COMMAND: POST /session/92e25ae387a06d821b008f80a04495e6/element - {"using":"xpath","value":"//*[@id=\"application-managepartners-display-component---masterPtm--smartFilterBar-filterItemControlA_-LINK_TO_ADDRESSES_MAIN.ID-vhi\"]"}
RESULT: {"using":"xpath","value":"//*[@id=\"application-managepartners-display-component---masterPtm--smartFilterBar-filterItemControlA_-LINK_TO_ADDRESSES_MAIN.ID-vhi\"]"}
COMMAND: POST /session/92e25ae387a06d821b008f80a04495e6/element/f.2AE10C335A97376731A182912FB7EE33.d.446F859C058652ED7E34153F802D4004.e.9680/click - {}
RESULT: {}
COMMAND: GET /session/92e25ae387a06d821b008f80a04495e6/screenshot - {}
RESULT: {}
COMMAND: POST /session/92e25ae387a06d821b008f80a04495e6/element - {"using":"xpath","value":"//div[input[@value=\"contains\"]]//span[contains(@id, \"arrow\")]"}
RESULT: {"using":"xpath","value":"//div[input[@value=\"contains\"]]//span[contains(@id, \"arrow\")]"}
COMMAND: POST /session/92e25ae387a06d821b008f80a04495e6/element/f.2AE10C335A97376731A182912FB7EE33.d.446F859C058652ED7E34153F802D4004.e.9685/click - {}
RESULT: {}
COMMAND: GET /session/92e25ae387a06d821b008f80a04495e6/screenshot - {}
RESULT: {}
COMMAND: POST /session/92e25ae387a06d821b008f80a04495e6/element - {"using":"xpath","value":"//li[.//span[text()='equal to']]"}
RESULT: {"using":"xpath","value":"//li[.//span[text()='equal to']]"}
COMMAND: POST /session/92e25ae387a06d821b008f80a04495e6/element/f.2AE10C335A97376731A182912FB7EE33.d.446F859C058652ED7E34153F802D4004.e.9686/click - {}
RESULT: {}
COMMAND: GET /session/92e25ae387a06d821b008f80a04495e6/screenshot - {}
RESULT: {}
RESULT: undefined
COMMAND: POST /session/92e25ae387a06d821b008f80a04495e6/execute/async - {"script":"<script> [776 bytes]","args":[{"enterText":"1006","selector":{"controlType":"sap.m.Input","viewName":"etm.portal.ui.managepartners.view.Master","viewId":"application-managepartners-display-component---masterPtm","properties":{"valueState":"None"},"searchOpenDialogs":true,"interaction":{"idSuffix":"inner"}},"clearTextFirst":true,"interactionType":"ENTER_TEXT"}]}
RESULT: {"script":"<script> [776 bytes]","args":[{"enterText":"1006","selector":{"controlType":"sap.m.Input","viewName":"etm.portal.ui.managepartners.view.Master","viewId":"application-managepartners-display-component---masterPtm","properties":{"valueState":"None"},"searchOpenDialogs":true,"interaction":{"idSuffix":"inner"}},"clearTextFirst":true,"interactionType":"ENTER_TEXT"}]}
COMMAND: POST /session/92e25ae387a06d821b008f80a04495e6/actions - {"actions":[{"id":"action32","type":"key","parameters":{},"actions":[{"type":"keyDown","value":"î€‡"},{"type":"pause","duration":10},{"type":"keyUp","value":"î€‡"}]}]}
RESULT: {"actions":[{"id":"action32","type":"key","parameters":{},"actions":[{"type":"keyDown","value":"î€‡"},{"type":"pause","duration":10},{"type":"keyUp","value":"î€‡"}]}]}
COMMAND: GET /session/92e25ae387a06d821b008f80a04495e6/screenshot - {}
RESULT: {}
COMMAND: POST /session/92e25ae387a06d821b008f80a04495e6/element - {"using":"xpath","value":"(//bdi[contains(text(), \"OK\")])[1]"}
RESULT: {"using":"xpath","value":"(//bdi[contains(text(), \"OK\")])[1]"}
COMMAND: POST /session/92e25ae387a06d821b008f80a04495e6/element/f.2AE10C335A97376731A182912FB7EE33.d.446F859C058652ED7E34153F802D4004.e.9687/click - {}
RESULT: {}
COMMAND: GET /session/92e25ae387a06d821b008f80a04495e6/screenshot - {}
RESULT: {}
COMMAND: POST /session/92e25ae387a06d821b008f80a04495e6/element - {"using":"xpath","value":"//span[@id=\"application-managepartners-display-component---masterPtm--smartTable-header-inner\"]"}
RESULT: {"using":"xpath","value":"//span[@id=\"application-managepartners-display-component---masterPtm--smartTable-header-inner\"]"}
COMMAND: POST /session/92e25ae387a06d821b008f80a04495e6/elements - {"using":"xpath","value":"//span[@id=\"application-managepartners-display-component---masterPtm--smartTable-header-inner\"]"}
RESULT: {"using":"xpath","value":"//span[@id=\"application-managepartners-display-component---masterPtm--smartTable-header-inner\"]"}
COMMAND: POST /session/92e25ae387a06d821b008f80a04495e6/execute/sync - {"script":"<script> [56 bytes]","args":[{"element-6066-11e4-a52e-4f735466cecf":"f.2AE10C335A97376731A182912FB7EE33.d.446F859C058652ED7E34153F802D4004.e.9525","ELEMENT":"f.2AE10C335A97376731A182912FB7EE33.d.446F859C058652ED7E34153F802D4004.e.9525"}]}
RESULT: {"script":"<script> [56 bytes]","args":[{"element-6066-11e4-a52e-4f735466cecf":"f.2AE10C335A97376731A182912FB7EE33.d.446F859C058652ED7E34153F802D4004.e.9525","ELEMENT":"f.2AE10C335A97376731A182912FB7EE33.d.446F859C058652ED7E34153F802D4004.e.9525"}]}
COMMAND: POST /session/92e25ae387a06d821b008f80a04495e6/element - {"using":"xpath","value":"//span[contains(@title, \"Remove\")]"}
COMMAND: GET /session/92e25ae387a06d821b008f80a04495e6/screenshot - {}
RESULT: {"using":"xpath","value":"//span[contains(@title, \"Remove\")]"}
COMMAND: POST /session/92e25ae387a06d821b008f80a04495e6/element/f.2AE10C335A97376731A182912FB7EE33.d.446F859C058652ED7E34153F802D4004.e.9690/click - {}
RESULT: {}
RESULT: {}
COMMAND: GET /session/92e25ae387a06d821b008f80a04495e6/screenshot - {}
RESULT: {}
RESULT: undefined
COMMAND: POST /session/92e25ae387a06d821b008f80a04495e6/element - {"using":"xpath","value":"//*[@id=\"application-managepartners-display-component---masterPtm--smartFilterBar-filterItemControl_BASIC-YARD-vhi\"]"}
RESULT: {"using":"xpath","value":"//*[@id=\"application-managepartners-display-component---masterPtm--smartFilterBar-filterItemControl_BASIC-YARD-vhi\"]"}
COMMAND: POST /session/92e25ae387a06d821b008f80a04495e6/element/f.2AE10C335A97376731A182912FB7EE33.d.446F859C058652ED7E34153F802D4004.e.9796/click - {}
RESULT: {}
COMMAND: GET /session/92e25ae387a06d821b008f80a04495e6/screenshot - {}
RESULT: {}
RESULT: undefined
COMMAND: POST /session/92e25ae387a06d821b008f80a04495e6/execute/async - {"script":"<script> [776 bytes]","args":[{"enterText":"Test","selector":{"id":"application-managepartners-display-component---masterPtm--smartFilterBar-filterItemControl_BASIC-YARD-valueHelpDialog-smartFilterBar-btnBasicSearch","searchOpenDialogs":true,"interaction":{"idSuffix":"I"}},"clearTextFirst":true,"interactionType":"ENTER_TEXT"}]}
RESULT: {"script":"<script> [776 bytes]","args":[{"enterText":"Test","selector":{"id":"application-managepartners-display-component---masterPtm--smartFilterBar-filterItemControl_BASIC-YARD-valueHelpDialog-smartFilterBar-btnBasicSearch","searchOpenDialogs":true,"interaction":{"idSuffix":"I"}},"clearTextFirst":true,"interactionType":"ENTER_TEXT"}]}
COMMAND: POST /session/92e25ae387a06d821b008f80a04495e6/actions - {"actions":[{"id":"action33","type":"key","parameters":{},"actions":[{"type":"keyDown","value":"î€‡"},{"type":"pause","duration":10},{"type":"keyUp","value":"î€‡"}]}]}
RESULT: {"actions":[{"id":"action33","type":"key","parameters":{},"actions":[{"type":"keyDown","value":"î€‡"},{"type":"pause","duration":10},{"type":"keyUp","value":"î€‡"}]}]}
COMMAND: POST /session/92e25ae387a06d821b008f80a04495e6/elements - {"using":"xpath","value":"//table[contains(@id, \"smartFilterBar-filterItemControl_BASIC-YARD-valueHelpDialog-table-table\")]/tbody/tr"}
COMMAND: GET /session/92e25ae387a06d821b008f80a04495e6/screenshot - {}
RESULT: {"using":"xpath","value":"//table[contains(@id, \"smartFilterBar-filterItemControl_BASIC-YARD-valueHelpDialog-table-table\")]/tbody/tr"}
COMMAND: POST /session/92e25ae387a06d821b008f80a04495e6/element - {"using":"xpath","value":"//table[contains(@id, \"smartFilterBar-filterItemControl_BASIC-YARD-valueHelpDialog-table-table\")]/tbody/tr[1]/td[1]/div/span"}
RESULT: {}
RESULT: {"using":"xpath","value":"//table[contains(@id, \"smartFilterBar-filterItemControl_BASIC-YARD-valueHelpDialog-table-table\")]/tbody/tr[1]/td[1]/div/span"}
COMMAND: POST /session/92e25ae387a06d821b008f80a04495e6/elements - {"using":"xpath","value":"//table[contains(@id, \"smartFilterBar-filterItemControl_BASIC-YARD-valueHelpDialog-table-table\")]/tbody/tr[1]/td[1]/div/span"}
RESULT: {"using":"xpath","value":"//table[contains(@id, \"smartFilterBar-filterItemControl_BASIC-YARD-valueHelpDialog-table-table\")]/tbody/tr[1]/td[1]/div/span"}
COMMAND: POST /session/92e25ae387a06d821b008f80a04495e6/execute/sync - {"script":"<script> [56 bytes]","args":[{"element-6066-11e4-a52e-4f735466cecf":"f.2AE10C335A97376731A182912FB7EE33.d.446F859C058652ED7E34153F802D4004.e.9816","ELEMENT":"f.2AE10C335A97376731A182912FB7EE33.d.446F859C058652ED7E34153F802D4004.e.9816"}]}
RESULT: {"script":"<script> [56 bytes]","args":[{"element-6066-11e4-a52e-4f735466cecf":"f.2AE10C335A97376731A182912FB7EE33.d.446F859C058652ED7E34153F802D4004.e.9816","ELEMENT":"f.2AE10C335A97376731A182912FB7EE33.d.446F859C058652ED7E34153F802D4004.e.9816"}]}
COMMAND: POST /session/92e25ae387a06d821b008f80a04495e6/element - {"using":"xpath","value":"//table[contains(@id, \"smartFilterBar-filterItemControl_BASIC-YARD-valueHelpDialog-table-table\")]/tbody/tr[2]/td[1]/div/span"}
COMMAND: GET /session/92e25ae387a06d821b008f80a04495e6/screenshot - {}
RESULT: {"using":"xpath","value":"//table[contains(@id, \"smartFilterBar-filterItemControl_BASIC-YARD-valueHelpDialog-table-table\")]/tbody/tr[2]/td[1]/div/span"}
COMMAND: POST /session/92e25ae387a06d821b008f80a04495e6/elements - {"using":"xpath","value":"//table[contains(@id, \"smartFilterBar-filterItemControl_BASIC-YARD-valueHelpDialog-table-table\")]/tbody/tr[2]/td[1]/div/span"}
RESULT: {}
RESULT: {"using":"xpath","value":"//table[contains(@id, \"smartFilterBar-filterItemControl_BASIC-YARD-valueHelpDialog-table-table\")]/tbody/tr[2]/td[1]/div/span"}
COMMAND: POST /session/92e25ae387a06d821b008f80a04495e6/execute/sync - {"script":"<script> [56 bytes]","args":[{"element-6066-11e4-a52e-4f735466cecf":"f.2AE10C335A97376731A182912FB7EE33.d.446F859C058652ED7E34153F802D4004.e.9817","ELEMENT":"f.2AE10C335A97376731A182912FB7EE33.d.446F859C058652ED7E34153F802D4004.e.9817"}]}
RESULT: {"script":"<script> [56 bytes]","args":[{"element-6066-11e4-a52e-4f735466cecf":"f.2AE10C335A97376731A182912FB7EE33.d.446F859C058652ED7E34153F802D4004.e.9817","ELEMENT":"f.2AE10C335A97376731A182912FB7EE33.d.446F859C058652ED7E34153F802D4004.e.9817"}]}
COMMAND: POST /session/92e25ae387a06d821b008f80a04495e6/element - {"using":"xpath","value":"//table[contains(@id, \"smartFilterBar-filterItemControl_BASIC-YARD-valueHelpDialog-table-table\")]/tbody/tr[3]/td[1]/div/span"}
COMMAND: GET /session/92e25ae387a06d821b008f80a04495e6/screenshot - {}
RESULT: {"using":"xpath","value":"//table[contains(@id, \"smartFilterBar-filterItemControl_BASIC-YARD-valueHelpDialog-table-table\")]/tbody/tr[3]/td[1]/div/span"}
COMMAND: POST /session/92e25ae387a06d821b008f80a04495e6/elements - {"using":"xpath","value":"//table[contains(@id, \"smartFilterBar-filterItemControl_BASIC-YARD-valueHelpDialog-table-table\")]/tbody/tr[3]/td[1]/div/span"}
RESULT: {}
RESULT: {"using":"xpath","value":"//table[contains(@id, \"smartFilterBar-filterItemControl_BASIC-YARD-valueHelpDialog-table-table\")]/tbody/tr[3]/td[1]/div/span"}
COMMAND: POST /session/92e25ae387a06d821b008f80a04495e6/execute/sync - {"script":"<script> [56 bytes]","args":[{"element-6066-11e4-a52e-4f735466cecf":"f.2AE10C335A97376731A182912FB7EE33.d.446F859C058652ED7E34153F802D4004.e.9818","ELEMENT":"f.2AE10C335A97376731A182912FB7EE33.d.446F859C058652ED7E34153F802D4004.e.9818"}]}
RESULT: {"script":"<script> [56 bytes]","args":[{"element-6066-11e4-a52e-4f735466cecf":"f.2AE10C335A97376731A182912FB7EE33.d.446F859C058652ED7E34153F802D4004.e.9818","ELEMENT":"f.2AE10C335A97376731A182912FB7EE33.d.446F859C058652ED7E34153F802D4004.e.9818"}]}
COMMAND: POST /session/92e25ae387a06d821b008f80a04495e6/element - {"using":"xpath","value":"//div[contains(@id, \"filterItemControl_BASIC-YARD-valueHelpDialog-table-rowsel2\")]"}
COMMAND: GET /session/92e25ae387a06d821b008f80a04495e6/screenshot - {}
RESULT: {"using":"xpath","value":"//div[contains(@id, \"filterItemControl_BASIC-YARD-valueHelpDialog-table-rowsel2\")]"}
COMMAND: POST /session/92e25ae387a06d821b008f80a04495e6/element/f.2AE10C335A97376731A182912FB7EE33.d.446F859C058652ED7E34153F802D4004.e.9819/click - {}
RESULT: {}
RESULT: {}
COMMAND: GET /session/92e25ae387a06d821b008f80a04495e6/screenshot - {}
RESULT: {}
COMMAND: POST /session/92e25ae387a06d821b008f80a04495e6/element - {"using":"xpath","value":"(//bdi[contains(text(), \"OK\")])[1]"}
RESULT: {"using":"xpath","value":"(//bdi[contains(text(), \"OK\")])[1]"}
COMMAND: POST /session/92e25ae387a06d821b008f80a04495e6/element/f.2AE10C335A97376731A182912FB7EE33.d.446F859C058652ED7E34153F802D4004.e.9821/click - {}
RESULT: {}
COMMAND: GET /session/92e25ae387a06d821b008f80a04495e6/screenshot - {}
RESULT: {}
COMMAND: POST /session/92e25ae387a06d821b008f80a04495e6/element - {"using":"xpath","value":"//span[@id=\"application-managepartners-display-component---masterPtm--smartTable-header-inner\"]"}
RESULT: {"using":"xpath","value":"//span[@id=\"application-managepartners-display-component---masterPtm--smartTable-header-inner\"]"}
COMMAND: POST /session/92e25ae387a06d821b008f80a04495e6/elements - {"using":"xpath","value":"//span[@id=\"application-managepartners-display-component---masterPtm--smartTable-header-inner\"]"}
RESULT: {"using":"xpath","value":"//span[@id=\"application-managepartners-display-component---masterPtm--smartTable-header-inner\"]"}
COMMAND: POST /session/92e25ae387a06d821b008f80a04495e6/execute/sync - {"script":"<script> [56 bytes]","args":[{"element-6066-11e4-a52e-4f735466cecf":"f.2AE10C335A97376731A182912FB7EE33.d.446F859C058652ED7E34153F802D4004.e.9525","ELEMENT":"f.2AE10C335A97376731A182912FB7EE33.d.446F859C058652ED7E34153F802D4004.e.9525"}]}
RESULT: {"script":"<script> [56 bytes]","args":[{"element-6066-11e4-a52e-4f735466cecf":"f.2AE10C335A97376731A182912FB7EE33.d.446F859C058652ED7E34153F802D4004.e.9525","ELEMENT":"f.2AE10C335A97376731A182912FB7EE33.d.446F859C058652ED7E34153F802D4004.e.9525"}]}
COMMAND: POST /session/92e25ae387a06d821b008f80a04495e6/element - {"using":"xpath","value":"//span[contains(@title, \"Remove\")]"}
COMMAND: GET /session/92e25ae387a06d821b008f80a04495e6/screenshot - {}
RESULT: {"using":"xpath","value":"//span[contains(@title, \"Remove\")]"}
COMMAND: POST /session/92e25ae387a06d821b008f80a04495e6/element/f.2AE10C335A97376731A182912FB7EE33.d.446F859C058652ED7E34153F802D4004.e.9835/click - {}
RESULT: {}
RESULT: {}
COMMAND: GET /session/92e25ae387a06d821b008f80a04495e6/screenshot - {}
RESULT: {}
RESULT: undefined
COMMAND: POST /session/92e25ae387a06d821b008f80a04495e6/element - {"using":"xpath","value":"//*[@id=\"application-managepartners-display-component---masterPtm--smartFilterBar-filterItemControl_BASIC-MAIN_ADDRESS-vhi\"]"}
RESULT: {"using":"xpath","value":"//*[@id=\"application-managepartners-display-component---masterPtm--smartFilterBar-filterItemControl_BASIC-MAIN_ADDRESS-vhi\"]"}
COMMAND: POST /session/92e25ae387a06d821b008f80a04495e6/element/f.2AE10C335A97376731A182912FB7EE33.d.446F859C058652ED7E34153F802D4004.e.9938/click - {}
RESULT: {}
COMMAND: GET /session/92e25ae387a06d821b008f80a04495e6/screenshot - {}
RESULT: {}
RESULT: undefined
COMMAND: POST /session/92e25ae387a06d821b008f80a04495e6/execute/async - {"script":"<script> [776 bytes]","args":[{"enterText":"Romania","selector":{"id":"application-managepartners-display-component---masterPtm--smartFilterBar-filterItemControl_BASIC-MAIN_ADDRESS-valueHelpDialog-smartFilterBar-btnBasicSearch","searchOpenDialogs":true,"interaction":{"idSuffix":"I"}},"clearTextFirst":true,"interactionType":"ENTER_TEXT"}]}
RESULT: {"script":"<script> [776 bytes]","args":[{"enterText":"Romania","selector":{"id":"application-managepartners-display-component---masterPtm--smartFilterBar-filterItemControl_BASIC-MAIN_ADDRESS-valueHelpDialog-smartFilterBar-btnBasicSearch","searchOpenDialogs":true,"interaction":{"idSuffix":"I"}},"clearTextFirst":true,"interactionType":"ENTER_TEXT"}]}
COMMAND: POST /session/92e25ae387a06d821b008f80a04495e6/actions - {"actions":[{"id":"action34","type":"key","parameters":{},"actions":[{"type":"keyDown","value":"î€‡"},{"type":"pause","duration":10},{"type":"keyUp","value":"î€‡"}]}]}
RESULT: {"actions":[{"id":"action34","type":"key","parameters":{},"actions":[{"type":"keyDown","value":"î€‡"},{"type":"pause","duration":10},{"type":"keyUp","value":"î€‡"}]}]}
COMMAND: POST /session/92e25ae387a06d821b008f80a04495e6/elements - {"using":"xpath","value":"//table[contains(@id, \"smartFilterBar-filterItemControl_BASIC-MAIN_ADDRESS-valueHelpDialog-table-table\")]/tbody/tr"}
COMMAND: GET /session/92e25ae387a06d821b008f80a04495e6/screenshot - {}
RESULT: {"using":"xpath","value":"//table[contains(@id, \"smartFilterBar-filterItemControl_BASIC-MAIN_ADDRESS-valueHelpDialog-table-table\")]/tbody/tr"}
COMMAND: POST /session/92e25ae387a06d821b008f80a04495e6/element - {"using":"xpath","value":"//table[contains(@id, \"smartFilterBar-filterItemControl_BASIC-MAIN_ADDRESS-valueHelpDialog-table-table\")]/tbody/tr[1]/td[1]/div/span"}
RESULT: {}
RESULT: {"using":"xpath","value":"//table[contains(@id, \"smartFilterBar-filterItemControl_BASIC-MAIN_ADDRESS-valueHelpDialog-table-table\")]/tbody/tr[1]/td[1]/div/span"}
COMMAND: POST /session/92e25ae387a06d821b008f80a04495e6/elements - {"using":"xpath","value":"//table[contains(@id, \"smartFilterBar-filterItemControl_BASIC-MAIN_ADDRESS-valueHelpDialog-table-table\")]/tbody/tr[1]/td[1]/div/span"}
RESULT: {"using":"xpath","value":"//table[contains(@id, \"smartFilterBar-filterItemControl_BASIC-MAIN_ADDRESS-valueHelpDialog-table-table\")]/tbody/tr[1]/td[1]/div/span"}
COMMAND: POST /session/92e25ae387a06d821b008f80a04495e6/execute/sync - {"script":"<script> [56 bytes]","args":[{"element-6066-11e4-a52e-4f735466cecf":"f.2AE10C335A97376731A182912FB7EE33.d.446F859C058652ED7E34153F802D4004.e.9958","ELEMENT":"f.2AE10C335A97376731A182912FB7EE33.d.446F859C058652ED7E34153F802D4004.e.9958"}]}
RESULT: {"script":"<script> [56 bytes]","args":[{"element-6066-11e4-a52e-4f735466cecf":"f.2AE10C335A97376731A182912FB7EE33.d.446F859C058652ED7E34153F802D4004.e.9958","ELEMENT":"f.2AE10C335A97376731A182912FB7EE33.d.446F859C058652ED7E34153F802D4004.e.9958"}]}
COMMAND: POST /session/92e25ae387a06d821b008f80a04495e6/element - {"using":"xpath","value":"//div[contains(@id, \"filterItemControl_BASIC-MAIN_ADDRESS-valueHelpDialog-table-rowsel0\")]"}
COMMAND: GET /session/92e25ae387a06d821b008f80a04495e6/screenshot - {}
RESULT: {"using":"xpath","value":"//div[contains(@id, \"filterItemControl_BASIC-MAIN_ADDRESS-valueHelpDialog-table-rowsel0\")]"}
COMMAND: POST /session/92e25ae387a06d821b008f80a04495e6/element/f.2AE10C335A97376731A182912FB7EE33.d.446F859C058652ED7E34153F802D4004.e.9959/click - {}
RESULT: {}
RESULT: {}
COMMAND: GET /session/92e25ae387a06d821b008f80a04495e6/screenshot - {}
RESULT: {}
COMMAND: POST /session/92e25ae387a06d821b008f80a04495e6/element - {"using":"xpath","value":"(//bdi[contains(text(), \"OK\")])[1]"}
RESULT: {"using":"xpath","value":"(//bdi[contains(text(), \"OK\")])[1]"}
COMMAND: POST /session/92e25ae387a06d821b008f80a04495e6/element/f.2AE10C335A97376731A182912FB7EE33.d.446F859C058652ED7E34153F802D4004.e.9961/click - {}
RESULT: {}
COMMAND: GET /session/92e25ae387a06d821b008f80a04495e6/screenshot - {}
RESULT: {}
COMMAND: POST /session/92e25ae387a06d821b008f80a04495e6/element - {"using":"xpath","value":"//span[@id=\"application-managepartners-display-component---masterPtm--smartTable-header-inner\"]"}
RESULT: {"using":"xpath","value":"//span[@id=\"application-managepartners-display-component---masterPtm--smartTable-header-inner\"]"}
COMMAND: POST /session/92e25ae387a06d821b008f80a04495e6/elements - {"using":"xpath","value":"//span[@id=\"application-managepartners-display-component---masterPtm--smartTable-header-inner\"]"}
RESULT: {"using":"xpath","value":"//span[@id=\"application-managepartners-display-component---masterPtm--smartTable-header-inner\"]"}
COMMAND: POST /session/92e25ae387a06d821b008f80a04495e6/execute/sync - {"script":"<script> [56 bytes]","args":[{"element-6066-11e4-a52e-4f735466cecf":"f.2AE10C335A97376731A182912FB7EE33.d.446F859C058652ED7E34153F802D4004.e.9525","ELEMENT":"f.2AE10C335A97376731A182912FB7EE33.d.446F859C058652ED7E34153F802D4004.e.9525"}]}
RESULT: {"script":"<script> [56 bytes]","args":[{"element-6066-11e4-a52e-4f735466cecf":"f.2AE10C335A97376731A182912FB7EE33.d.446F859C058652ED7E34153F802D4004.e.9525","ELEMENT":"f.2AE10C335A97376731A182912FB7EE33.d.446F859C058652ED7E34153F802D4004.e.9525"}]}
COMMAND: POST /session/92e25ae387a06d821b008f80a04495e6/element - {"using":"xpath","value":"//span[contains(@title, \"Remove\")]"}
COMMAND: GET /session/92e25ae387a06d821b008f80a04495e6/screenshot - {}
RESULT: {"using":"xpath","value":"//span[contains(@title, \"Remove\")]"}
COMMAND: POST /session/92e25ae387a06d821b008f80a04495e6/element/f.2AE10C335A97376731A182912FB7EE33.d.446F859C058652ED7E34153F802D4004.e.9974/click - {}
RESULT: {}
RESULT: {}
COMMAND: GET /session/92e25ae387a06d821b008f80a04495e6/screenshot - {}
RESULT: {}
COMMAND: POST /session/92e25ae387a06d821b008f80a04495e6/execute/async - {"script":"<script> [1562 bytes]","args":[{"selector":{"id":"application-managepartners-display-component---masterPtm--catalogs-arrow"},"wdio_ui5_key":"applicationmanagepartners-display-component---masterPtm--catalogs-arrow"}]}
RESULT: {"script":"<script> [1562 bytes]","args":[{"selector":{"id":"application-managepartners-display-component---masterPtm--catalogs-arrow"},"wdio_ui5_key":"applicationmanagepartners-display-component---masterPtm--catalogs-arrow"}]}
RESULT: undefined
COMMAND: POST /session/92e25ae387a06d821b008f80a04495e6/element - {"using":"xpath","value":"//*[@id=\"application-managepartners-display-component---masterPtm--catalogs-arrow\"]"}
RESULT: {"using":"xpath","value":"//*[@id=\"application-managepartners-display-component---masterPtm--catalogs-arrow\"]"}
COMMAND: POST /session/92e25ae387a06d821b008f80a04495e6/element/f.2AE10C335A97376731A182912FB7EE33.d.446F859C058652ED7E34153F802D4004.e.10078/click - {}
RESULT: {}
COMMAND: GET /session/92e25ae387a06d821b008f80a04495e6/screenshot - {}
RESULT: {}
COMMAND: POST /session/92e25ae387a06d821b008f80a04495e6/element - {"using":"xpath","value":"//li[.//span[text()=\"Webshop Catalog\"]]//div[contains(@class,\"sapMCbBg\")]"}
RESULT: {"using":"xpath","value":"//li[.//span[text()=\"Webshop Catalog\"]]//div[contains(@class,\"sapMCbBg\")]"}
COMMAND: POST /session/92e25ae387a06d821b008f80a04495e6/element/f.2AE10C335A97376731A182912FB7EE33.d.446F859C058652ED7E34153F802D4004.e.10092/click - {}
RESULT: {}
COMMAND: GET /session/92e25ae387a06d821b008f80a04495e6/screenshot - {}
RESULT: {}
RESULT: undefined
COMMAND: POST /session/92e25ae387a06d821b008f80a04495e6/element - {"using":"xpath","value":"//*[@id=\"application-managepartners-display-component---masterPtm--catalogs-arrow\"]"}
RESULT: {"using":"xpath","value":"//*[@id=\"application-managepartners-display-component---masterPtm--catalogs-arrow\"]"}
COMMAND: POST /session/92e25ae387a06d821b008f80a04495e6/element/f.2AE10C335A97376731A182912FB7EE33.d.446F859C058652ED7E34153F802D4004.e.10078/click - {}
RESULT: {}
COMMAND: POST /session/92e25ae387a06d821b008f80a04495e6/element - {"using":"xpath","value":"//span[@id=\"application-managepartners-display-component---masterPtm--smartTable-header-inner\"]"}
COMMAND: GET /session/92e25ae387a06d821b008f80a04495e6/screenshot - {}
RESULT: {"using":"xpath","value":"//span[@id=\"application-managepartners-display-component---masterPtm--smartTable-header-inner\"]"}
COMMAND: POST /session/92e25ae387a06d821b008f80a04495e6/elements - {"using":"xpath","value":"//span[@id=\"application-managepartners-display-component---masterPtm--smartTable-header-inner\"]"}
RESULT: {}
RESULT: {"using":"xpath","value":"//span[@id=\"application-managepartners-display-component---masterPtm--smartTable-header-inner\"]"}
COMMAND: POST /session/92e25ae387a06d821b008f80a04495e6/execute/sync - {"script":"<script> [56 bytes]","args":[{"element-6066-11e4-a52e-4f735466cecf":"f.2AE10C335A97376731A182912FB7EE33.d.446F859C058652ED7E34153F802D4004.e.9525","ELEMENT":"f.2AE10C335A97376731A182912FB7EE33.d.446F859C058652ED7E34153F802D4004.e.9525"}]}
RESULT: {"script":"<script> [56 bytes]","args":[{"element-6066-11e4-a52e-4f735466cecf":"f.2AE10C335A97376731A182912FB7EE33.d.446F859C058652ED7E34153F802D4004.e.9525","ELEMENT":"f.2AE10C335A97376731A182912FB7EE33.d.446F859C058652ED7E34153F802D4004.e.9525"}]}
COMMAND: POST /session/92e25ae387a06d821b008f80a04495e6/element - {"using":"xpath","value":"//span[contains(@title, \"Remove\")]"}
COMMAND: GET /session/92e25ae387a06d821b008f80a04495e6/screenshot - {}
RESULT: {"using":"xpath","value":"//span[contains(@title, \"Remove\")]"}
COMMAND: POST /session/92e25ae387a06d821b008f80a04495e6/element/f.2AE10C335A97376731A182912FB7EE33.d.446F859C058652ED7E34153F802D4004.e.10106/click - {}
RESULT: {}
RESULT: {}
COMMAND: GET /session/92e25ae387a06d821b008f80a04495e6/screenshot - {}
RESULT: {}
COMMAND: POST /session/92e25ae387a06d821b008f80a04495e6/execute/async - {"script":"<script> [1562 bytes]","args":[{"selector":{"id":"application-managepartners-display-component---masterPtm--currencies-arrow"},"wdio_ui5_key":"applicationmanagepartners-display-component---masterPtm--currencies-arrow"}]}
RESULT: {"script":"<script> [1562 bytes]","args":[{"selector":{"id":"application-managepartners-display-component---masterPtm--currencies-arrow"},"wdio_ui5_key":"applicationmanagepartners-display-component---masterPtm--currencies-arrow"}]}
RESULT: undefined
COMMAND: POST /session/92e25ae387a06d821b008f80a04495e6/element - {"using":"xpath","value":"//*[@id=\"application-managepartners-display-component---masterPtm--currencies-arrow\"]"}
RESULT: {"using":"xpath","value":"//*[@id=\"application-managepartners-display-component---masterPtm--currencies-arrow\"]"}
COMMAND: POST /session/92e25ae387a06d821b008f80a04495e6/element/f.2AE10C335A97376731A182912FB7EE33.d.446F859C058652ED7E34153F802D4004.e.10223/click - {}
RESULT: {}
COMMAND: GET /session/92e25ae387a06d821b008f80a04495e6/screenshot - {}
RESULT: {}
COMMAND: POST /session/92e25ae387a06d821b008f80a04495e6/element - {"using":"xpath","value":"//li[.//span[text()=\"US Dollar\"]]//div[contains(@class,\"sapMCbBg\")]"}
RESULT: {"using":"xpath","value":"//li[.//span[text()=\"US Dollar\"]]//div[contains(@class,\"sapMCbBg\")]"}
COMMAND: POST /session/92e25ae387a06d821b008f80a04495e6/element/f.2AE10C335A97376731A182912FB7EE33.d.446F859C058652ED7E34153F802D4004.e.10226/click - {}
RESULT: {}
COMMAND: GET /session/92e25ae387a06d821b008f80a04495e6/screenshot - {}
RESULT: {}
RESULT: undefined
COMMAND: POST /session/92e25ae387a06d821b008f80a04495e6/element - {"using":"xpath","value":"//*[@id=\"application-managepartners-display-component---masterPtm--currencies-arrow\"]"}
RESULT: {"using":"xpath","value":"//*[@id=\"application-managepartners-display-component---masterPtm--currencies-arrow\"]"}
COMMAND: POST /session/92e25ae387a06d821b008f80a04495e6/element/f.2AE10C335A97376731A182912FB7EE33.d.446F859C058652ED7E34153F802D4004.e.10223/click - {}
RESULT: {}
COMMAND: POST /session/92e25ae387a06d821b008f80a04495e6/element - {"using":"xpath","value":"//span[@id=\"application-managepartners-display-component---masterPtm--smartTable-header-inner\"]"}
COMMAND: GET /session/92e25ae387a06d821b008f80a04495e6/screenshot - {}
RESULT: {"using":"xpath","value":"//span[@id=\"application-managepartners-display-component---masterPtm--smartTable-header-inner\"]"}
COMMAND: POST /session/92e25ae387a06d821b008f80a04495e6/elements - {"using":"xpath","value":"//span[@id=\"application-managepartners-display-component---masterPtm--smartTable-header-inner\"]"}
RESULT: {}
RESULT: {"using":"xpath","value":"//span[@id=\"application-managepartners-display-component---masterPtm--smartTable-header-inner\"]"}
COMMAND: POST /session/92e25ae387a06d821b008f80a04495e6/execute/sync - {"script":"<script> [56 bytes]","args":[{"element-6066-11e4-a52e-4f735466cecf":"f.2AE10C335A97376731A182912FB7EE33.d.446F859C058652ED7E34153F802D4004.e.9525","ELEMENT":"f.2AE10C335A97376731A182912FB7EE33.d.446F859C058652ED7E34153F802D4004.e.9525"}]}
RESULT: {"script":"<script> [56 bytes]","args":[{"element-6066-11e4-a52e-4f735466cecf":"f.2AE10C335A97376731A182912FB7EE33.d.446F859C058652ED7E34153F802D4004.e.9525","ELEMENT":"f.2AE10C335A97376731A182912FB7EE33.d.446F859C058652ED7E34153F802D4004.e.9525"}]}
COMMAND: POST /session/92e25ae387a06d821b008f80a04495e6/element - {"using":"xpath","value":"//span[contains(@title, \"Remove\")]"}
COMMAND: GET /session/92e25ae387a06d821b008f80a04495e6/screenshot - {}
RESULT: {"using":"xpath","value":"//span[contains(@title, \"Remove\")]"}
COMMAND: POST /session/92e25ae387a06d821b008f80a04495e6/element/f.2AE10C335A97376731A182912FB7EE33.d.446F859C058652ED7E34153F802D4004.e.10310/click - {}
RESULT: {}
RESULT: {}
COMMAND: GET /session/92e25ae387a06d821b008f80a04495e6/screenshot - {}
RESULT: {}
COMMAND: POST /session/92e25ae387a06d821b008f80a04495e6/execute/async - {"script":"<script> [1562 bytes]","args":[{"selector":{"id":"application-managepartners-display-component---masterPtm--languages-arrow"},"wdio_ui5_key":"applicationmanagepartners-display-component---masterPtm--languages-arrow"}]}
RESULT: {"script":"<script> [1562 bytes]","args":[{"selector":{"id":"application-managepartners-display-component---masterPtm--languages-arrow"},"wdio_ui5_key":"applicationmanagepartners-display-component---masterPtm--languages-arrow"}]}
RESULT: undefined
COMMAND: POST /session/92e25ae387a06d821b008f80a04495e6/element - {"using":"xpath","value":"//*[@id=\"application-managepartners-display-component---masterPtm--languages-arrow\"]"}
RESULT: {"using":"xpath","value":"//*[@id=\"application-managepartners-display-component---masterPtm--languages-arrow\"]"}
COMMAND: POST /session/92e25ae387a06d821b008f80a04495e6/element/f.2AE10C335A97376731A182912FB7EE33.d.446F859C058652ED7E34153F802D4004.e.10388/click - {}
RESULT: {}
COMMAND: GET /session/92e25ae387a06d821b008f80a04495e6/screenshot - {}
RESULT: {}
COMMAND: POST /session/92e25ae387a06d821b008f80a04495e6/element - {"using":"xpath","value":"//li[.//span[text()=\"German\"]]//div[contains(@class,\"sapMCbBg\")]"}
RESULT: {"using":"xpath","value":"//li[.//span[text()=\"German\"]]//div[contains(@class,\"sapMCbBg\")]"}
COMMAND: POST /session/92e25ae387a06d821b008f80a04495e6/element/f.2AE10C335A97376731A182912FB7EE33.d.446F859C058652ED7E34153F802D4004.e.10432/click - {}
RESULT: {}
COMMAND: GET /session/92e25ae387a06d821b008f80a04495e6/screenshot - {}
RESULT: {}
RESULT: undefined
COMMAND: POST /session/92e25ae387a06d821b008f80a04495e6/element - {"using":"xpath","value":"//*[@id=\"application-managepartners-display-component---masterPtm--languages-arrow\"]"}
RESULT: {"using":"xpath","value":"//*[@id=\"application-managepartners-display-component---masterPtm--languages-arrow\"]"}
COMMAND: POST /session/92e25ae387a06d821b008f80a04495e6/element/f.2AE10C335A97376731A182912FB7EE33.d.446F859C058652ED7E34153F802D4004.e.10388/click - {}
RESULT: {}
COMMAND: POST /session/92e25ae387a06d821b008f80a04495e6/element - {"using":"xpath","value":"//span[@id=\"application-managepartners-display-component---masterPtm--smartTable-header-inner\"]"}
COMMAND: GET /session/92e25ae387a06d821b008f80a04495e6/screenshot - {}
RESULT: {"using":"xpath","value":"//span[@id=\"application-managepartners-display-component---masterPtm--smartTable-header-inner\"]"}
COMMAND: POST /session/92e25ae387a06d821b008f80a04495e6/elements - {"using":"xpath","value":"//span[@id=\"application-managepartners-display-component---masterPtm--smartTable-header-inner\"]"}
RESULT: {}
RESULT: {"using":"xpath","value":"//span[@id=\"application-managepartners-display-component---masterPtm--smartTable-header-inner\"]"}
COMMAND: POST /session/92e25ae387a06d821b008f80a04495e6/execute/sync - {"script":"<script> [56 bytes]","args":[{"element-6066-11e4-a52e-4f735466cecf":"f.2AE10C335A97376731A182912FB7EE33.d.446F859C058652ED7E34153F802D4004.e.9525","ELEMENT":"f.2AE10C335A97376731A182912FB7EE33.d.446F859C058652ED7E34153F802D4004.e.9525"}]}
RESULT: {"script":"<script> [56 bytes]","args":[{"element-6066-11e4-a52e-4f735466cecf":"f.2AE10C335A97376731A182912FB7EE33.d.446F859C058652ED7E34153F802D4004.e.9525","ELEMENT":"f.2AE10C335A97376731A182912FB7EE33.d.446F859C058652ED7E34153F802D4004.e.9525"}]}
COMMAND: POST /session/92e25ae387a06d821b008f80a04495e6/element - {"using":"css selector","value":"#shell-header-logo"}
COMMAND: GET /session/92e25ae387a06d821b008f80a04495e6/screenshot - {}
RESULT: {"using":"css selector","value":"#shell-header-logo"}
COMMAND: POST /session/92e25ae387a06d821b008f80a04495e6/element/f.2AE10C335A97376731A182912FB7EE33.d.446F859C058652ED7E34153F802D4004.e.9355/click - {}
RESULT: {}
RESULT: {}
COMMAND: GET /session/92e25ae387a06d821b008f80a04495e6/screenshot - {}
RESULT: {}
COMMAND: POST /session/92e25ae387a06d821b008f80a04495e6/element - {"using":"css selector","value":"#j_username"}
COMMAND: POST /session/92e25ae387a06d821b008f80a04495e6/url - {"url":"https://qa-testing-00-live-etm-ui.cfapps.eu10-004.hana.ondemand.com/"}
COMMAND: GET /session/92e25ae387a06d821b008f80a04495e6/screenshot - {}
RESULT: {"using":"css selector","value":"#j_username"}
COMMAND: POST /session/92e25ae387a06d821b008f80a04495e6/element - {"using":"css selector","value":"#j_username"}
RESULT: {"url":"https://qa-testing-00-live-etm-ui.cfapps.eu10-004.hana.ondemand.com/"}
RESULT: undefined
COMMAND: GET /session/92e25ae387a06d821b008f80a04495e6/screenshot - {}
RESULT: {}
RESULT: {"using":"css selector","value":"#j_username"}
COMMAND: POST /session/92e25ae387a06d821b008f80a04495e6/element - {"using":"css selector","value":"#shell-header-logo"}
RESULT: {}
RESULT: {"using":"css selector","value":"#shell-header-logo"}
COMMAND: POST /session/92e25ae387a06d821b008f80a04495e6/execute/sync - {"script":"<script> [8489 bytes]","args":[{"element-6066-11e4-a52e-4f735466cecf":"f.2AE10C335A97376731A182912FB7EE33.d.F511D0A9C971DFE647CC0A842EE073C3.e.10514","ELEMENT":"f.2AE10C335A97376731A182912FB7EE33.d.F511D0A9C971DFE647CC0A842EE073C3.e.10514"}]}
RESULT: {"script":"<script> [8489 bytes]","args":[{"element-6066-11e4-a52e-4f735466cecf":"f.2AE10C335A97376731A182912FB7EE33.d.F511D0A9C971DFE647CC0A842EE073C3.e.10514","ELEMENT":"f.2AE10C335A97376731A182912FB7EE33.d.F511D0A9C971DFE647CC0A842EE073C3.e.10514"}]}
COMMAND: POST /session/92e25ae387a06d821b008f80a04495e6/element - {"using":"css selector","value":"#shell-header-logo"}
COMMAND: GET /session/92e25ae387a06d821b008f80a04495e6/screenshot - {}
RESULT: {"using":"css selector","value":"#shell-header-logo"}
COMMAND: POST /session/92e25ae387a06d821b008f80a04495e6/execute/sync - {"script":"<script> [8489 bytes]","args":[{"element-6066-11e4-a52e-4f735466cecf":"f.2AE10C335A97376731A182912FB7EE33.d.F511D0A9C971DFE647CC0A842EE073C3.e.10514","ELEMENT":"f.2AE10C335A97376731A182912FB7EE33.d.F511D0A9C971DFE647CC0A842EE073C3.e.10514"}]}
RESULT: {}
RESULT: {"script":"<script> [8489 bytes]","args":[{"element-6066-11e4-a52e-4f735466cecf":"f.2AE10C335A97376731A182912FB7EE33.d.F511D0A9C971DFE647CC0A842EE073C3.e.10514","ELEMENT":"f.2AE10C335A97376731A182912FB7EE33.d.F511D0A9C971DFE647CC0A842EE073C3.e.10514"}]}
COMMAND: POST /session/92e25ae387a06d821b008f80a04495e6/execute/sync - {"script":"<script> [5351 bytes]","args":[{"element-6066-11e4-a52e-4f735466cecf":"f.2AE10C335A97376731A182912FB7EE33.d.F511D0A9C971DFE647CC0A842EE073C3.e.10514","ELEMENT":"f.2AE10C335A97376731A182912FB7EE33.d.F511D0A9C971DFE647CC0A842EE073C3.e.10514"}]}
COMMAND: GET /session/92e25ae387a06d821b008f80a04495e6/screenshot - {}
RESULT: {"script":"<script> [5351 bytes]","args":[{"element-6066-11e4-a52e-4f735466cecf":"f.2AE10C335A97376731A182912FB7EE33.d.F511D0A9C971DFE647CC0A842EE073C3.e.10514","ELEMENT":"f.2AE10C335A97376731A182912FB7EE33.d.F511D0A9C971DFE647CC0A842EE073C3.e.10514"}]}
COMMAND: POST /session/92e25ae387a06d821b008f80a04495e6/element - {"using":"css selector","value":"#shell-header-logo"}
COMMAND: GET /session/92e25ae387a06d821b008f80a04495e6/screenshot - {}
RESULT: {}
RESULT: {}
RESULT: {"using":"css selector","value":"#shell-header-logo"}
COMMAND: POST /session/92e25ae387a06d821b008f80a04495e6/element/f.2AE10C335A97376731A182912FB7EE33.d.F511D0A9C971DFE647CC0A842EE073C3.e.10514/click - {}
RESULT: {}
COMMAND: GET /session/92e25ae387a06d821b008f80a04495e6/screenshot - {}
RESULT: {}
COMMAND: POST /session/92e25ae387a06d821b008f80a04495e6/execute/async - {"script":"<script> [189 bytes]","args":[]}
RESULT: {"script":"<script> [189 bytes]","args":[]}
COMMAND: POST /session/92e25ae387a06d821b008f80a04495e6/execute/async - {"script":"<script> [123 bytes]","args":[]}
RESULT: {"script":"<script> [123 bytes]","args":[]}
COMMAND: POST /session/92e25ae387a06d821b008f80a04495e6/timeouts - {"script":"<number>"}
RESULT: {"script":"<number>"}
COMMAND: GET /session/92e25ae387a06d821b008f80a04495e6/timeouts - {}
RESULT: {}
RESULT: undefined
COMMAND: POST /session/92e25ae387a06d821b008f80a04495e6/execute/async - {"script":"<script> [2676 bytes]","args":[]}
RESULT: {"script":"<script> [2676 bytes]","args":[]}
COMMAND: POST /session/92e25ae387a06d821b008f80a04495e6/execute/async - {"script":"<script> [2342 bytes]","args":[{"protocol":"http","hostname":"0.0.0.0","path":"/","capabilities":{"browserName":"chrome","goog:chromeOptions":{"binary":"C:\\Program Files\\Google\\Chrome\\Application\\chrome.exe","args":["--start-maximized"]}},"logLevel":"warn","connectionRetryTimeout":120000,"connectionRetryCount":3,"logLevels":{},"enableDirectConnect":true,"strictSSL":true,"_":"65 more keys: [\"cacheDir\",\"port\",\"requestedCapabilities\",\"automationProtocol\",\"baseUrl\",\"waitforInterval\",\"waitforTimeout\",\"onReload\",\"beforeCommand\",\"afterCommand\",\"rootDir\",\"specs\",\"suites\",\"exclude\",\"groupLogsByTestSpec\",\"excludeDriverLogs\",\"bail\",\"framework\",\"reporters\",\"services\",\"maxInstances\",\"maxInstancesPerCapability\",\"injectGlobals\",\"filesToWatch\",\"execArgv\",\"runnerEnv\",\"runner\",\"shard\",\"specFileRetries\",\"specFileRetriesDelay\",\"specFileRetriesDeferred\",\"reporterSyncInterval\",\"reporterSyncTimeout\",\"cucumberFeaturesWithLineNumbers\",\"autoCompileOpts\",\"mochaOpts\",\"jasmineOpts\",\"cucumberOpts\",\"onPrepare\",\"onWorkerStart\",\"onWorkerEnd\",\"before\",\"beforeSession\",\"beforeSuite\",\"beforeHook\",\"beforeTest\",\"afterTest\",\"afterHook\",\"afterSuite\",\"afterSession\",\"after\",\"onComplete\",\"beforeAssertion\",\"afterAssertion\",\"beforeFeature\",\"beforeScenario\",\"beforeStep\",\"afterStep\",\"afterScenario\",\"afterFeature\",\"_\",\"suite\",\"$0\",\"ignoredWorkerServices\",\"wdi5\"]"}]}
RESULT: {"script":"<script> [2342 bytes]","args":[{"protocol":"http","hostname":"0.0.0.0","path":"/","capabilities":{"browserName":"chrome","goog:chromeOptions":{"binary":"C:\\Program Files\\Google\\Chrome\\Application\\chrome.exe","args":["--start-maximized"]}},"logLevel":"warn","connectionRetryTimeout":120000,"connectionRetryCount":3,"logLevels":{},"enableDirectConnect":true,"strictSSL":true,"_":"65 more keys: [\"cacheDir\",\"port\",\"requestedCapabilities\",\"automationProtocol\",\"baseUrl\",\"waitforInterval\",\"waitforTimeout\",\"onReload\",\"beforeCommand\",\"afterCommand\",\"rootDir\",\"specs\",\"suites\",\"exclude\",\"groupLogsByTestSpec\",\"excludeDriverLogs\",\"bail\",\"framework\",\"reporters\",\"services\",\"maxInstances\",\"maxInstancesPerCapability\",\"injectGlobals\",\"filesToWatch\",\"execArgv\",\"runnerEnv\",\"runner\",\"shard\",\"specFileRetries\",\"specFileRetriesDelay\",\"specFileRetriesDeferred\",\"reporterSyncInterval\",\"reporterSyncTimeout\",\"cucumberFeaturesWithLineNumbers\",\"autoCompileOpts\",\"mochaOpts\",\"jasmineOpts\",\"cucumberOpts\",\"onPrepare\",\"onWorkerStart\",\"onWorkerEnd\",\"before\",\"beforeSession\",\"beforeSuite\",\"beforeHook\",\"beforeTest\",\"afterTest\",\"afterHook\",\"afterSuite\",\"afterSession\",\"after\",\"onComplete\",\"beforeAssertion\",\"afterAssertion\",\"beforeFeature\",\"beforeScenario\",\"beforeStep\",\"afterStep\",\"afterScenario\",\"afterFeature\",\"_\",\"suite\",\"$0\",\"ignoredWorkerServices\",\"wdi5\"]"}]}
COMMAND: POST /session/92e25ae387a06d821b008f80a04495e6/execute/async - {"script":"<script> [21126 bytes]","args":[35000]}
RESULT: {"script":"<script> [21126 bytes]","args":[35000]}
COMMAND: POST /session/92e25ae387a06d821b008f80a04495e6/window/maximize - {}
RESULT: {}
COMMAND: POST /session/92e25ae387a06d821b008f80a04495e6/execute/async - {"script":"<script> [1562 bytes]","args":[{"selector":{"id":"shell-header","interaction":{"idSuffix":"icon"}},"wdio_ui5_key":"shellheader"}]}
COMMAND: GET /session/92e25ae387a06d821b008f80a04495e6/screenshot - {}
RESULT: {"script":"<script> [1562 bytes]","args":[{"selector":{"id":"shell-header","interaction":{"idSuffix":"icon"}},"wdio_ui5_key":"shellheader"}]}
RESULT: undefined
COMMAND: POST /session/92e25ae387a06d821b008f80a04495e6/refresh - {}
RESULT: {}
RESULT: {}
COMMAND: GET /session/92e25ae387a06d821b008f80a04495e6/screenshot - {}
RESULT: {}
COMMAND: POST /session/92e25ae387a06d821b008f80a04495e6/refresh - {}
RESULT: {}
COMMAND: GET /session/92e25ae387a06d821b008f80a04495e6/screenshot - {}
RESULT: {}
COMMAND: POST /session/92e25ae387a06d821b008f80a04495e6/window/fullscreen - {}
RESULT: {}
COMMAND: POST /session/92e25ae387a06d821b008f80a04495e6/execute/async - {"script":"<script> [189 bytes]","args":[]}
RESULT: {"script":"<script> [189 bytes]","args":[]}
COMMAND: POST /session/92e25ae387a06d821b008f80a04495e6/execute/async - {"script":"<script> [123 bytes]","args":[]}
RESULT: {"script":"<script> [123 bytes]","args":[]}
COMMAND: POST /session/92e25ae387a06d821b008f80a04495e6/timeouts - {"script":"<number>"}
RESULT: {"script":"<number>"}
COMMAND: GET /session/92e25ae387a06d821b008f80a04495e6/timeouts - {}
RESULT: {}
RESULT: undefined
COMMAND: POST /session/92e25ae387a06d821b008f80a04495e6/execute/async - {"script":"<script> [2676 bytes]","args":[]}
RESULT: {"script":"<script> [2676 bytes]","args":[]}
COMMAND: POST /session/92e25ae387a06d821b008f80a04495e6/execute/async - {"script":"<script> [2342 bytes]","args":[{"protocol":"http","hostname":"0.0.0.0","path":"/","capabilities":{"browserName":"chrome","goog:chromeOptions":{"binary":"C:\\Program Files\\Google\\Chrome\\Application\\chrome.exe","args":["--start-maximized"]}},"logLevel":"warn","connectionRetryTimeout":120000,"connectionRetryCount":3,"logLevels":{},"enableDirectConnect":true,"strictSSL":true,"_":"65 more keys: [\"cacheDir\",\"port\",\"requestedCapabilities\",\"automationProtocol\",\"baseUrl\",\"waitforInterval\",\"waitforTimeout\",\"onReload\",\"beforeCommand\",\"afterCommand\",\"rootDir\",\"specs\",\"suites\",\"exclude\",\"groupLogsByTestSpec\",\"excludeDriverLogs\",\"bail\",\"framework\",\"reporters\",\"services\",\"maxInstances\",\"maxInstancesPerCapability\",\"injectGlobals\",\"filesToWatch\",\"execArgv\",\"runnerEnv\",\"runner\",\"shard\",\"specFileRetries\",\"specFileRetriesDelay\",\"specFileRetriesDeferred\",\"reporterSyncInterval\",\"reporterSyncTimeout\",\"cucumberFeaturesWithLineNumbers\",\"autoCompileOpts\",\"mochaOpts\",\"jasmineOpts\",\"cucumberOpts\",\"onPrepare\",\"onWorkerStart\",\"onWorkerEnd\",\"before\",\"beforeSession\",\"beforeSuite\",\"beforeHook\",\"beforeTest\",\"afterTest\",\"afterHook\",\"afterSuite\",\"afterSession\",\"after\",\"onComplete\",\"beforeAssertion\",\"afterAssertion\",\"beforeFeature\",\"beforeScenario\",\"beforeStep\",\"afterStep\",\"afterScenario\",\"afterFeature\",\"_\",\"suite\",\"$0\",\"ignoredWorkerServices\",\"wdi5\"]"}]}
RESULT: {"script":"<script> [2342 bytes]","args":[{"protocol":"http","hostname":"0.0.0.0","path":"/","capabilities":{"browserName":"chrome","goog:chromeOptions":{"binary":"C:\\Program Files\\Google\\Chrome\\Application\\chrome.exe","args":["--start-maximized"]}},"logLevel":"warn","connectionRetryTimeout":120000,"connectionRetryCount":3,"logLevels":{},"enableDirectConnect":true,"strictSSL":true,"_":"65 more keys: [\"cacheDir\",\"port\",\"requestedCapabilities\",\"automationProtocol\",\"baseUrl\",\"waitforInterval\",\"waitforTimeout\",\"onReload\",\"beforeCommand\",\"afterCommand\",\"rootDir\",\"specs\",\"suites\",\"exclude\",\"groupLogsByTestSpec\",\"excludeDriverLogs\",\"bail\",\"framework\",\"reporters\",\"services\",\"maxInstances\",\"maxInstancesPerCapability\",\"injectGlobals\",\"filesToWatch\",\"execArgv\",\"runnerEnv\",\"runner\",\"shard\",\"specFileRetries\",\"specFileRetriesDelay\",\"specFileRetriesDeferred\",\"reporterSyncInterval\",\"reporterSyncTimeout\",\"cucumberFeaturesWithLineNumbers\",\"autoCompileOpts\",\"mochaOpts\",\"jasmineOpts\",\"cucumberOpts\",\"onPrepare\",\"onWorkerStart\",\"onWorkerEnd\",\"before\",\"beforeSession\",\"beforeSuite\",\"beforeHook\",\"beforeTest\",\"afterTest\",\"afterHook\",\"afterSuite\",\"afterSession\",\"after\",\"onComplete\",\"beforeAssertion\",\"afterAssertion\",\"beforeFeature\",\"beforeScenario\",\"beforeStep\",\"afterStep\",\"afterScenario\",\"afterFeature\",\"_\",\"suite\",\"$0\",\"ignoredWorkerServices\",\"wdi5\"]"}]}
COMMAND: POST /session/92e25ae387a06d821b008f80a04495e6/execute/async - {"script":"<script> [21126 bytes]","args":[35000]}
RESULT: {"script":"<script> [21126 bytes]","args":[35000]}
]]></system-out>
    </testcase>
  </testsuite>
  <testsuite timestamp="2025-05-13T17:58:05" time="472.906" tests="4" failures="0" errors="0" skipped="0">
    <properties>
      <property name="specId" value="0" />
      <property name="suiteName" value="Create partner US118246" />
      <property name="capabilities" value="chrome.136_0_7103_49.windows" />
      <property name="file" value="file:///D:/a/1/s/test/specs/BTS/create-partner.spec.js" />
    </properties>
    <testcase classname="chrome.136_0_7103_49.windows.Create_partner_US118246" name="Should create a new yard in case create yard failed" time="121.066">
      <system-out><![CDATA[
COMMAND: POST /session/92e25ae387a06d821b008f80a04495e6/window/fullscreen - {}
RESULT: {}
COMMAND: POST /session/92e25ae387a06d821b008f80a04495e6/execute/async - {"script":"<script> [1562 bytes]","args":[{"selector":{"controlType":"sap.m.GenericTile","properties":{"header":"Manage Yards"}},"wdio_ui5_key":"sapm.GenericTile{\"header\":\"Manage Yards\"}"}]}
RESULT: {"script":"<script> [1562 bytes]","args":[{"selector":{"controlType":"sap.m.GenericTile","properties":{"header":"Manage Yards"}},"wdio_ui5_key":"sapm.GenericTile{\"header\":\"Manage Yards\"}"}]}
RESULT: undefined
COMMAND: POST /session/92e25ae387a06d821b008f80a04495e6/element - {"using":"xpath","value":"//*[@id=\"__tile41\"]"}
RESULT: {"using":"xpath","value":"//*[@id=\"__tile41\"]"}
COMMAND: POST /session/92e25ae387a06d821b008f80a04495e6/element/f.2AE10C335A97376731A182912FB7EE33.d.9B3DADD2D00C95FCB95E24B604D68433.e.10677/click - {}
RESULT: {}
COMMAND: POST /session/92e25ae387a06d821b008f80a04495e6/element - {"using":"xpath","value":"//button[@data-kt=\"addNewYardOverflowToolbarButton\"]"}
COMMAND: GET /session/92e25ae387a06d821b008f80a04495e6/screenshot - {}
RESULT: {"using":"xpath","value":"//button[@data-kt=\"addNewYardOverflowToolbarButton\"]"}
COMMAND: POST /session/92e25ae387a06d821b008f80a04495e6/elements - {"using":"xpath","value":"//button[@data-kt=\"addNewYardOverflowToolbarButton\"]"}
RESULT: {}
RESULT: {"using":"xpath","value":"//button[@data-kt=\"addNewYardOverflowToolbarButton\"]"}
COMMAND: POST /session/92e25ae387a06d821b008f80a04495e6/elements - {"using":"xpath","value":"//button[@data-kt=\"addNewYardOverflowToolbarButton\"]"}
RESULT: {"using":"xpath","value":"//button[@data-kt=\"addNewYardOverflowToolbarButton\"]"}
COMMAND: POST /session/92e25ae387a06d821b008f80a04495e6/elements - {"using":"xpath","value":"//button[@data-kt=\"addNewYardOverflowToolbarButton\"]"}
RESULT: {"using":"xpath","value":"//button[@data-kt=\"addNewYardOverflowToolbarButton\"]"}
COMMAND: POST /session/92e25ae387a06d821b008f80a04495e6/elements - {"using":"xpath","value":"//button[@data-kt=\"addNewYardOverflowToolbarButton\"]"}
RESULT: {"using":"xpath","value":"//button[@data-kt=\"addNewYardOverflowToolbarButton\"]"}
COMMAND: POST /session/92e25ae387a06d821b008f80a04495e6/elements - {"using":"xpath","value":"//button[@data-kt=\"addNewYardOverflowToolbarButton\"]"}
RESULT: {"using":"xpath","value":"//button[@data-kt=\"addNewYardOverflowToolbarButton\"]"}
COMMAND: POST /session/92e25ae387a06d821b008f80a04495e6/elements - {"using":"xpath","value":"//button[@data-kt=\"addNewYardOverflowToolbarButton\"]"}
RESULT: {"using":"xpath","value":"//button[@data-kt=\"addNewYardOverflowToolbarButton\"]"}
COMMAND: POST /session/92e25ae387a06d821b008f80a04495e6/elements - {"using":"xpath","value":"//button[@data-kt=\"addNewYardOverflowToolbarButton\"]"}
RESULT: {"using":"xpath","value":"//button[@data-kt=\"addNewYardOverflowToolbarButton\"]"}
COMMAND: POST /session/92e25ae387a06d821b008f80a04495e6/element - {"using":"xpath","value":"//button[@data-kt=\"addNewYardOverflowToolbarButton\"]"}
RESULT: {"using":"xpath","value":"//button[@data-kt=\"addNewYardOverflowToolbarButton\"]"}
COMMAND: POST /session/92e25ae387a06d821b008f80a04495e6/execute/sync - {"script":"<script> [8489 bytes]","args":[{"element-6066-11e4-a52e-4f735466cecf":"f.2AE10C335A97376731A182912FB7EE33.d.9B3DADD2D00C95FCB95E24B604D68433.e.10810","ELEMENT":"f.2AE10C335A97376731A182912FB7EE33.d.9B3DADD2D00C95FCB95E24B604D68433.e.10810"}]}
RESULT: {"script":"<script> [8489 bytes]","args":[{"element-6066-11e4-a52e-4f735466cecf":"f.2AE10C335A97376731A182912FB7EE33.d.9B3DADD2D00C95FCB95E24B604D68433.e.10810","ELEMENT":"f.2AE10C335A97376731A182912FB7EE33.d.9B3DADD2D00C95FCB95E24B604D68433.e.10810"}]}
COMMAND: GET /session/92e25ae387a06d821b008f80a04495e6/element/f.2AE10C335A97376731A182912FB7EE33.d.9B3DADD2D00C95FCB95E24B604D68433.e.10810/enabled - {}
COMMAND: GET /session/92e25ae387a06d821b008f80a04495e6/screenshot - {}
RESULT: {}
RESULT: {}
COMMAND: POST /session/92e25ae387a06d821b008f80a04495e6/execute/sync - {"script":"<script> [8489 bytes]","args":[{"element-6066-11e4-a52e-4f735466cecf":"f.2AE10C335A97376731A182912FB7EE33.d.9B3DADD2D00C95FCB95E24B604D68433.e.10810","ELEMENT":"f.2AE10C335A97376731A182912FB7EE33.d.9B3DADD2D00C95FCB95E24B604D68433.e.10810"}]}
COMMAND: GET /session/92e25ae387a06d821b008f80a04495e6/screenshot - {}
RESULT: {"script":"<script> [8489 bytes]","args":[{"element-6066-11e4-a52e-4f735466cecf":"f.2AE10C335A97376731A182912FB7EE33.d.9B3DADD2D00C95FCB95E24B604D68433.e.10810","ELEMENT":"f.2AE10C335A97376731A182912FB7EE33.d.9B3DADD2D00C95FCB95E24B604D68433.e.10810"}]}
COMMAND: POST /session/92e25ae387a06d821b008f80a04495e6/execute/sync - {"script":"<script> [5351 bytes]","args":[{"element-6066-11e4-a52e-4f735466cecf":"f.2AE10C335A97376731A182912FB7EE33.d.9B3DADD2D00C95FCB95E24B604D68433.e.10810","ELEMENT":"f.2AE10C335A97376731A182912FB7EE33.d.9B3DADD2D00C95FCB95E24B604D68433.e.10810"}]}
COMMAND: GET /session/92e25ae387a06d821b008f80a04495e6/screenshot - {}
RESULT: {}
RESULT: {"script":"<script> [5351 bytes]","args":[{"element-6066-11e4-a52e-4f735466cecf":"f.2AE10C335A97376731A182912FB7EE33.d.9B3DADD2D00C95FCB95E24B604D68433.e.10810","ELEMENT":"f.2AE10C335A97376731A182912FB7EE33.d.9B3DADD2D00C95FCB95E24B604D68433.e.10810"}]}
COMMAND: POST /session/92e25ae387a06d821b008f80a04495e6/element/f.2AE10C335A97376731A182912FB7EE33.d.9B3DADD2D00C95FCB95E24B604D68433.e.10810/click - {}
COMMAND: GET /session/92e25ae387a06d821b008f80a04495e6/screenshot - {}
RESULT: {}
RESULT: {}
COMMAND: GET /session/92e25ae387a06d821b008f80a04495e6/screenshot - {}
RESULT: {}
COMMAND: POST /session/92e25ae387a06d821b008f80a04495e6/element - {"using":"xpath","value":"//input[@id=\"application-manageyards-display-component---NewYard--yardId-inner\"]"}
RESULT: {}
RESULT: {"using":"xpath","value":"//input[@id=\"application-manageyards-display-component---NewYard--yardId-inner\"]"}
COMMAND: POST /session/92e25ae387a06d821b008f80a04495e6/element - {"using":"xpath","value":"//input[@id=\"application-manageyards-display-component---NewYard--yardId-inner\"]"}
RESULT: {"using":"xpath","value":"//input[@id=\"application-manageyards-display-component---NewYard--yardId-inner\"]"}
COMMAND: POST /session/92e25ae387a06d821b008f80a04495e6/execute/async - {"script":"<script> [1562 bytes]","args":[{"selector":{"id":"application-manageyards-display-component---NewYard--addressDetailDetailsName1","interaction":{"idSuffix":"inner"}},"wdio_ui5_key":"applicationmanageyards-display-component---NewYard--addressDetailDetailsName1"}]}
RESULT: {"script":"<script> [1562 bytes]","args":[{"selector":{"id":"application-manageyards-display-component---NewYard--addressDetailDetailsName1","interaction":{"idSuffix":"inner"}},"wdio_ui5_key":"applicationmanageyards-display-component---NewYard--addressDetailDetailsName1"}]}
RESULT: undefined
COMMAND: POST /session/92e25ae387a06d821b008f80a04495e6/execute/async - {"script":"<script> [776 bytes]","args":[{"enterText":"Intracompany Yard wdIO","selector":{"id":"application-manageyards-display-component---NewYard--addressDetailDetailsName1","interaction":{"idSuffix":"inner"}},"clearTextFirst":true,"interactionType":"ENTER_TEXT"}]}
RESULT: {"script":"<script> [776 bytes]","args":[{"enterText":"Intracompany Yard wdIO","selector":{"id":"application-manageyards-display-component---NewYard--addressDetailDetailsName1","interaction":{"idSuffix":"inner"}},"clearTextFirst":true,"interactionType":"ENTER_TEXT"}]}
COMMAND: POST /session/92e25ae387a06d821b008f80a04495e6/execute/async - {"script":"<script> [1562 bytes]","args":[{"selector":{"id":"application-manageyards-display-component---NewYard--addressDetailDetailsLanguage-arrow"},"wdio_ui5_key":"applicationmanageyards-display-component---NewYard--addressDetailDetailsLanguage-arrow"}]}
RESULT: {"script":"<script> [1562 bytes]","args":[{"selector":{"id":"application-manageyards-display-component---NewYard--addressDetailDetailsLanguage-arrow"},"wdio_ui5_key":"applicationmanageyards-display-component---NewYard--addressDetailDetailsLanguage-arrow"}]}
RESULT: undefined
COMMAND: POST /session/92e25ae387a06d821b008f80a04495e6/element - {"using":"xpath","value":"//*[@id=\"application-manageyards-display-component---NewYard--addressDetailDetailsLanguage-arrow\"]"}
RESULT: {"using":"xpath","value":"//*[@id=\"application-manageyards-display-component---NewYard--addressDetailDetailsLanguage-arrow\"]"}
COMMAND: POST /session/92e25ae387a06d821b008f80a04495e6/element/f.2AE10C335A97376731A182912FB7EE33.d.9B3DADD2D00C95FCB95E24B604D68433.e.11252/click - {}
RESULT: {}
COMMAND: POST /session/92e25ae387a06d821b008f80a04495e6/element - {"using":"xpath","value":"//span[contains(text(), \"English\")]"}
COMMAND: GET /session/92e25ae387a06d821b008f80a04495e6/screenshot - {}
RESULT: {"using":"xpath","value":"//span[contains(text(), \"English\")]"}
COMMAND: POST /session/92e25ae387a06d821b008f80a04495e6/element/f.2AE10C335A97376731A182912FB7EE33.d.9B3DADD2D00C95FCB95E24B604D68433.e.11253/click - {}
RESULT: {}
RESULT: {}
COMMAND: POST /session/92e25ae387a06d821b008f80a04495e6/execute/async - {"script":"<script> [1562 bytes]","args":[{"selector":{"id":"application-manageyards-display-component---NewYard--addressDetailDetailsCity1","interaction":{"idSuffix":"inner"}},"wdio_ui5_key":"applicationmanageyards-display-component---NewYard--addressDetailDetailsCity1"}]}
COMMAND: GET /session/92e25ae387a06d821b008f80a04495e6/screenshot - {}
RESULT: {"script":"<script> [1562 bytes]","args":[{"selector":{"id":"application-manageyards-display-component---NewYard--addressDetailDetailsCity1","interaction":{"idSuffix":"inner"}},"wdio_ui5_key":"applicationmanageyards-display-component---NewYard--addressDetailDetailsCity1"}]}
RESULT: undefined
COMMAND: POST /session/92e25ae387a06d821b008f80a04495e6/execute/async - {"script":"<script> [776 bytes]","args":[{"enterText":"Rosario","selector":{"id":"application-manageyards-display-component---NewYard--addressDetailDetailsCity1","interaction":{"idSuffix":"inner"}},"clearTextFirst":true,"interactionType":"ENTER_TEXT"}]}
RESULT: {}
RESULT: {"script":"<script> [776 bytes]","args":[{"enterText":"Rosario","selector":{"id":"application-manageyards-display-component---NewYard--addressDetailDetailsCity1","interaction":{"idSuffix":"inner"}},"clearTextFirst":true,"interactionType":"ENTER_TEXT"}]}
COMMAND: POST /session/92e25ae387a06d821b008f80a04495e6/execute/async - {"script":"<script> [1562 bytes]","args":[{"selector":{"id":"application-manageyards-display-component---NewYard--addressDetailDetailsCountry-arrow"},"wdio_ui5_key":"applicationmanageyards-display-component---NewYard--addressDetailDetailsCountry-arrow"}]}
RESULT: {"script":"<script> [1562 bytes]","args":[{"selector":{"id":"application-manageyards-display-component---NewYard--addressDetailDetailsCountry-arrow"},"wdio_ui5_key":"applicationmanageyards-display-component---NewYard--addressDetailDetailsCountry-arrow"}]}
RESULT: undefined
COMMAND: POST /session/92e25ae387a06d821b008f80a04495e6/element - {"using":"xpath","value":"//*[@id=\"application-manageyards-display-component---NewYard--addressDetailDetailsCountry-arrow\"]"}
RESULT: {"using":"xpath","value":"//*[@id=\"application-manageyards-display-component---NewYard--addressDetailDetailsCountry-arrow\"]"}
COMMAND: POST /session/92e25ae387a06d821b008f80a04495e6/element/f.2AE10C335A97376731A182912FB7EE33.d.9B3DADD2D00C95FCB95E24B604D68433.e.11255/click - {}
RESULT: {}
COMMAND: POST /session/92e25ae387a06d821b008f80a04495e6/element - {"using":"xpath","value":"//span[contains(text(), \"Argentina\")]"}
COMMAND: GET /session/92e25ae387a06d821b008f80a04495e6/screenshot - {}
RESULT: {"using":"xpath","value":"//span[contains(text(), \"Argentina\")]"}
COMMAND: POST /session/92e25ae387a06d821b008f80a04495e6/element/f.2AE10C335A97376731A182912FB7EE33.d.9B3DADD2D00C95FCB95E24B604D68433.e.11256/click - {}
RESULT: {}
RESULT: {}
COMMAND: POST /session/92e25ae387a06d821b008f80a04495e6/execute/async - {"script":"<script> [1562 bytes]","args":[{"selector":{"id":"application-manageyards-display-component---NewYard--addressEditDetailsCostObjectCstType-arrow"},"wdio_ui5_key":"applicationmanageyards-display-component---NewYard--addressEditDetailsCostObjectCstType-arrow"}]}
COMMAND: GET /session/92e25ae387a06d821b008f80a04495e6/screenshot - {}
RESULT: {"script":"<script> [1562 bytes]","args":[{"selector":{"id":"application-manageyards-display-component---NewYard--addressEditDetailsCostObjectCstType-arrow"},"wdio_ui5_key":"applicationmanageyards-display-component---NewYard--addressEditDetailsCostObjectCstType-arrow"}]}
RESULT: undefined
COMMAND: POST /session/92e25ae387a06d821b008f80a04495e6/element - {"using":"xpath","value":"//*[@id=\"application-manageyards-display-component---NewYard--addressEditDetailsCostObjectCstType-arrow\"]"}
RESULT: {}
RESULT: {"using":"xpath","value":"//*[@id=\"application-manageyards-display-component---NewYard--addressEditDetailsCostObjectCstType-arrow\"]"}
COMMAND: POST /session/92e25ae387a06d821b008f80a04495e6/element/f.2AE10C335A97376731A182912FB7EE33.d.9B3DADD2D00C95FCB95E24B604D68433.e.11258/click - {}
RESULT: {}
COMMAND: POST /session/92e25ae387a06d821b008f80a04495e6/element - {"using":"xpath","value":"//span[contains(text(), \"Cost Center\")]"}
COMMAND: GET /session/92e25ae387a06d821b008f80a04495e6/screenshot - {}
RESULT: {"using":"xpath","value":"//span[contains(text(), \"Cost Center\")]"}
COMMAND: POST /session/92e25ae387a06d821b008f80a04495e6/element/f.2AE10C335A97376731A182912FB7EE33.d.9B3DADD2D00C95FCB95E24B604D68433.e.11259/click - {}
RESULT: {}
RESULT: {}
COMMAND: GET /session/92e25ae387a06d821b008f80a04495e6/screenshot - {}
RESULT: {}
COMMAND: POST /session/92e25ae387a06d821b008f80a04495e6/element - {"using":"xpath","value":"//span[@id=\"application-manageyards-display-component---NewYard--addressNewCostObjectCstID-vhi\"]"}
RESULT: {"using":"xpath","value":"//span[@id=\"application-manageyards-display-component---NewYard--addressNewCostObjectCstID-vhi\"]"}
COMMAND: POST /session/92e25ae387a06d821b008f80a04495e6/execute/sync - {"script":"<script> [8489 bytes]","args":[{"element-6066-11e4-a52e-4f735466cecf":"f.2AE10C335A97376731A182912FB7EE33.d.9B3DADD2D00C95FCB95E24B604D68433.e.11263","ELEMENT":"f.2AE10C335A97376731A182912FB7EE33.d.9B3DADD2D00C95FCB95E24B604D68433.e.11263"}]}
RESULT: {"script":"<script> [8489 bytes]","args":[{"element-6066-11e4-a52e-4f735466cecf":"f.2AE10C335A97376731A182912FB7EE33.d.9B3DADD2D00C95FCB95E24B604D68433.e.11263","ELEMENT":"f.2AE10C335A97376731A182912FB7EE33.d.9B3DADD2D00C95FCB95E24B604D68433.e.11263"}]}
COMMAND: POST /session/92e25ae387a06d821b008f80a04495e6/execute/async - {"script":"<script> [1562 bytes]","args":[{"selector":{"id":"application-manageyards-display-component---NewYard--addressNewCostObjectCstID-vhi"},"wdio_ui5_key":"applicationmanageyards-display-component---NewYard--addressNewCostObjectCstID-vhi"}]}
COMMAND: GET /session/92e25ae387a06d821b008f80a04495e6/screenshot - {}
RESULT: {"script":"<script> [1562 bytes]","args":[{"selector":{"id":"application-manageyards-display-component---NewYard--addressNewCostObjectCstID-vhi"},"wdio_ui5_key":"applicationmanageyards-display-component---NewYard--addressNewCostObjectCstID-vhi"}]}
RESULT: undefined
COMMAND: POST /session/92e25ae387a06d821b008f80a04495e6/element - {"using":"xpath","value":"//*[@id=\"application-manageyards-display-component---NewYard--addressNewCostObjectCstID-vhi\"]"}
RESULT: {}
RESULT: {"using":"xpath","value":"//*[@id=\"application-manageyards-display-component---NewYard--addressNewCostObjectCstID-vhi\"]"}
COMMAND: POST /session/92e25ae387a06d821b008f80a04495e6/element/f.2AE10C335A97376731A182912FB7EE33.d.9B3DADD2D00C95FCB95E24B604D68433.e.11263/click - {}
RESULT: {}
COMMAND: GET /session/92e25ae387a06d821b008f80a04495e6/screenshot - {}
RESULT: {}
COMMAND: POST /session/92e25ae387a06d821b008f80a04495e6/execute/async - {"script":"<script> [1562 bytes]","args":[{"selector":{"controlType":"sap.m.SearchField","properties":{"placeholder":"Search"},"searchOpenDialogs":true,"interaction":{"idSuffix":"I"}},"wdio_ui5_key":"sapm.SearchField{\"placeholder\":\"Search\"}"}]}
RESULT: {"script":"<script> [1562 bytes]","args":[{"selector":{"controlType":"sap.m.SearchField","properties":{"placeholder":"Search"},"searchOpenDialogs":true,"interaction":{"idSuffix":"I"}},"wdio_ui5_key":"sapm.SearchField{\"placeholder\":\"Search\"}"}]}
RESULT: undefined
COMMAND: POST /session/92e25ae387a06d821b008f80a04495e6/execute/async - {"script":"<script> [776 bytes]","args":[{"enterText":"10001013","selector":{"controlType":"sap.m.SearchField","properties":{"placeholder":"Search"},"searchOpenDialogs":true,"interaction":{"idSuffix":"I"}},"clearTextFirst":true,"interactionType":"ENTER_TEXT"}]}
RESULT: {"script":"<script> [776 bytes]","args":[{"enterText":"10001013","selector":{"controlType":"sap.m.SearchField","properties":{"placeholder":"Search"},"searchOpenDialogs":true,"interaction":{"idSuffix":"I"}},"clearTextFirst":true,"interactionType":"ENTER_TEXT"}]}
COMMAND: POST /session/92e25ae387a06d821b008f80a04495e6/actions - {"actions":[{"id":"action35","type":"key","parameters":{},"actions":[{"type":"keyDown","value":"î€‡"},{"type":"pause","duration":10},{"type":"keyUp","value":"î€‡"}]}]}
RESULT: {"actions":[{"id":"action35","type":"key","parameters":{},"actions":[{"type":"keyDown","value":"î€‡"},{"type":"pause","duration":10},{"type":"keyUp","value":"î€‡"}]}]}
COMMAND: GET /session/92e25ae387a06d821b008f80a04495e6/screenshot - {}
RESULT: {}
COMMAND: POST /session/92e25ae387a06d821b008f80a04495e6/element - {"using":"xpath","value":"//span[contains(text(), \"General Management\")]"}
RESULT: {"using":"xpath","value":"//span[contains(text(), \"General Management\")]"}
COMMAND: POST /session/92e25ae387a06d821b008f80a04495e6/element/f.2AE10C335A97376731A182912FB7EE33.d.9B3DADD2D00C95FCB95E24B604D68433.e.11304/click - {}
RESULT: {}
COMMAND: GET /session/92e25ae387a06d821b008f80a04495e6/screenshot - {}
RESULT: {}
COMMAND: POST /session/92e25ae387a06d821b008f80a04495e6/element - {"using":"xpath","value":"//bdi[contains(text(), \"OK\")]"}
RESULT: {"using":"xpath","value":"//bdi[contains(text(), \"OK\")]"}
COMMAND: POST /session/92e25ae387a06d821b008f80a04495e6/element/f.2AE10C335A97376731A182912FB7EE33.d.9B3DADD2D00C95FCB95E24B604D68433.e.11305/click - {}
RESULT: {}
COMMAND: GET /session/92e25ae387a06d821b008f80a04495e6/screenshot - {}
RESULT: {}
COMMAND: POST /session/92e25ae387a06d821b008f80a04495e6/execute/async - {"script":"<script> [1562 bytes]","args":[{"selector":{"id":"application-manageyards-display-component---NewYard--addressEditDetailsCurrency-arrow"},"wdio_ui5_key":"applicationmanageyards-display-component---NewYard--addressEditDetailsCurrency-arrow"}]}
RESULT: {"script":"<script> [1562 bytes]","args":[{"selector":{"id":"application-manageyards-display-component---NewYard--addressEditDetailsCurrency-arrow"},"wdio_ui5_key":"applicationmanageyards-display-component---NewYard--addressEditDetailsCurrency-arrow"}]}
RESULT: undefined
COMMAND: POST /session/92e25ae387a06d821b008f80a04495e6/element - {"using":"xpath","value":"//*[@id=\"application-manageyards-display-component---NewYard--addressEditDetailsCurrency-arrow\"]"}
RESULT: {"using":"xpath","value":"//*[@id=\"application-manageyards-display-component---NewYard--addressEditDetailsCurrency-arrow\"]"}
COMMAND: POST /session/92e25ae387a06d821b008f80a04495e6/element/f.2AE10C335A97376731A182912FB7EE33.d.9B3DADD2D00C95FCB95E24B604D68433.e.11308/click - {}
RESULT: {}
COMMAND: POST /session/92e25ae387a06d821b008f80a04495e6/element - {"using":"xpath","value":"//span[contains(text(), \"Euro\")]"}
COMMAND: GET /session/92e25ae387a06d821b008f80a04495e6/screenshot - {}
RESULT: {"using":"xpath","value":"//span[contains(text(), \"Euro\")]"}
COMMAND: POST /session/92e25ae387a06d821b008f80a04495e6/element/f.2AE10C335A97376731A182912FB7EE33.d.9B3DADD2D00C95FCB95E24B604D68433.e.11309/click - {}
RESULT: {}
RESULT: {}
COMMAND: POST /session/92e25ae387a06d821b008f80a04495e6/execute/async - {"script":"<script> [1562 bytes]","args":[{"selector":{"controlType":"sap.m.Input","viewName":"etm.portal.ui.manageyards.view.New","viewId":"application-manageyards-display-component---NewYard","bindingPath":{"path":"","propertyPath":"/CONTROLLING_AREA","modelName":"NewYardModel"},"interaction":{"idSuffix":"inner"}},"wdio_ui5_key":"etmportal.ui.manageyards.view.Newsap.m.Input{\"path\":\"\",\"propertyPath\":\"/CONTROLLING_AREA\",\"modelName\":\"NewYardModel\"}"}]}
COMMAND: GET /session/92e25ae387a06d821b008f80a04495e6/screenshot - {}
RESULT: {"script":"<script> [1562 bytes]","args":[{"selector":{"controlType":"sap.m.Input","viewName":"etm.portal.ui.manageyards.view.New","viewId":"application-manageyards-display-component---NewYard","bindingPath":{"path":"","propertyPath":"/CONTROLLING_AREA","modelName":"NewYardModel"},"interaction":{"idSuffix":"inner"}},"wdio_ui5_key":"etmportal.ui.manageyards.view.Newsap.m.Input{\"path\":\"\",\"propertyPath\":\"/CONTROLLING_AREA\",\"modelName\":\"NewYardModel\"}"}]}
RESULT: undefined
COMMAND: POST /session/92e25ae387a06d821b008f80a04495e6/execute/async - {"script":"<script> [776 bytes]","args":[{"enterText":"Z001","selector":{"controlType":"sap.m.Input","viewName":"etm.portal.ui.manageyards.view.New","viewId":"application-manageyards-display-component---NewYard","bindingPath":{"path":"","propertyPath":"/CONTROLLING_AREA","modelName":"NewYardModel"},"interaction":{"idSuffix":"inner"}},"clearTextFirst":true,"interactionType":"ENTER_TEXT"}]}
RESULT: {}
RESULT: {"script":"<script> [776 bytes]","args":[{"enterText":"Z001","selector":{"controlType":"sap.m.Input","viewName":"etm.portal.ui.manageyards.view.New","viewId":"application-manageyards-display-component---NewYard","bindingPath":{"path":"","propertyPath":"/CONTROLLING_AREA","modelName":"NewYardModel"},"interaction":{"idSuffix":"inner"}},"clearTextFirst":true,"interactionType":"ENTER_TEXT"}]}
COMMAND: POST /session/92e25ae387a06d821b008f80a04495e6/execute/async - {"script":"<script> [1562 bytes]","args":[{"selector":{"id":"application-manageyards-display-component---NewYard--companyCodeComboBox","interaction":{"idSuffix":"inner"}},"wdio_ui5_key":"applicationmanageyards-display-component---NewYard--companyCodeComboBox"}]}
RESULT: {"script":"<script> [1562 bytes]","args":[{"selector":{"id":"application-manageyards-display-component---NewYard--companyCodeComboBox","interaction":{"idSuffix":"inner"}},"wdio_ui5_key":"applicationmanageyards-display-component---NewYard--companyCodeComboBox"}]}
RESULT: undefined
COMMAND: POST /session/92e25ae387a06d821b008f80a04495e6/execute/async - {"script":"<script> [776 bytes]","args":[{"enterText":"1000","selector":{"id":"application-manageyards-display-component---NewYard--companyCodeComboBox","interaction":{"idSuffix":"inner"}},"clearTextFirst":true,"interactionType":"ENTER_TEXT"}]}
RESULT: {"script":"<script> [776 bytes]","args":[{"enterText":"1000","selector":{"id":"application-manageyards-display-component---NewYard--companyCodeComboBox","interaction":{"idSuffix":"inner"}},"clearTextFirst":true,"interactionType":"ENTER_TEXT"}]}
COMMAND: POST /session/92e25ae387a06d821b008f80a04495e6/execute/async - {"script":"<script> [1562 bytes]","args":[{"selector":{"controlType":"sap.m.Input","viewName":"etm.portal.ui.manageyards.view.New","viewId":"application-manageyards-display-component---NewYard","bindingPath":{"path":"","propertyPath":"/PLANT","modelName":"NewYardModel"},"interaction":{"idSuffix":"inner"}},"wdio_ui5_key":"etmportal.ui.manageyards.view.Newsap.m.Input{\"path\":\"\",\"propertyPath\":\"/PLANT\",\"modelName\":\"NewYardModel\"}"}]}
RESULT: {"script":"<script> [1562 bytes]","args":[{"selector":{"controlType":"sap.m.Input","viewName":"etm.portal.ui.manageyards.view.New","viewId":"application-manageyards-display-component---NewYard","bindingPath":{"path":"","propertyPath":"/PLANT","modelName":"NewYardModel"},"interaction":{"idSuffix":"inner"}},"wdio_ui5_key":"etmportal.ui.manageyards.view.Newsap.m.Input{\"path\":\"\",\"propertyPath\":\"/PLANT\",\"modelName\":\"NewYardModel\"}"}]}
RESULT: undefined
COMMAND: POST /session/92e25ae387a06d821b008f80a04495e6/execute/async - {"script":"<script> [776 bytes]","args":[{"enterText":"1001","selector":{"controlType":"sap.m.Input","viewName":"etm.portal.ui.manageyards.view.New","viewId":"application-manageyards-display-component---NewYard","bindingPath":{"path":"","propertyPath":"/PLANT","modelName":"NewYardModel"},"interaction":{"idSuffix":"inner"}},"clearTextFirst":true,"interactionType":"ENTER_TEXT"}]}
RESULT: {"script":"<script> [776 bytes]","args":[{"enterText":"1001","selector":{"controlType":"sap.m.Input","viewName":"etm.portal.ui.manageyards.view.New","viewId":"application-manageyards-display-component---NewYard","bindingPath":{"path":"","propertyPath":"/PLANT","modelName":"NewYardModel"},"interaction":{"idSuffix":"inner"}},"clearTextFirst":true,"interactionType":"ENTER_TEXT"}]}
COMMAND: POST /session/92e25ae387a06d821b008f80a04495e6/execute/async - {"script":"<script> [1562 bytes]","args":[{"selector":{"controlType":"sap.m.Input","viewName":"etm.portal.ui.manageyards.view.New","viewId":"application-manageyards-display-component---NewYard","bindingPath":{"path":"","propertyPath":"/SALES_AREA_VKORG","modelName":"NewYardModel"},"interaction":{"idSuffix":"inner"}},"wdio_ui5_key":"etmportal.ui.manageyards.view.Newsap.m.Input{\"path\":\"\",\"propertyPath\":\"/SALES_AREA_VKORG\",\"modelName\":\"NewYardModel\"}"}]}
RESULT: {"script":"<script> [1562 bytes]","args":[{"selector":{"controlType":"sap.m.Input","viewName":"etm.portal.ui.manageyards.view.New","viewId":"application-manageyards-display-component---NewYard","bindingPath":{"path":"","propertyPath":"/SALES_AREA_VKORG","modelName":"NewYardModel"},"interaction":{"idSuffix":"inner"}},"wdio_ui5_key":"etmportal.ui.manageyards.view.Newsap.m.Input{\"path\":\"\",\"propertyPath\":\"/SALES_AREA_VKORG\",\"modelName\":\"NewYardModel\"}"}]}
RESULT: undefined
COMMAND: POST /session/92e25ae387a06d821b008f80a04495e6/execute/async - {"script":"<script> [776 bytes]","args":[{"enterText":"C002","selector":{"controlType":"sap.m.Input","viewName":"etm.portal.ui.manageyards.view.New","viewId":"application-manageyards-display-component---NewYard","bindingPath":{"path":"","propertyPath":"/SALES_AREA_VKORG","modelName":"NewYardModel"},"interaction":{"idSuffix":"inner"}},"clearTextFirst":true,"interactionType":"ENTER_TEXT"}]}
RESULT: {"script":"<script> [776 bytes]","args":[{"enterText":"C002","selector":{"controlType":"sap.m.Input","viewName":"etm.portal.ui.manageyards.view.New","viewId":"application-manageyards-display-component---NewYard","bindingPath":{"path":"","propertyPath":"/SALES_AREA_VKORG","modelName":"NewYardModel"},"interaction":{"idSuffix":"inner"}},"clearTextFirst":true,"interactionType":"ENTER_TEXT"}]}
COMMAND: POST /session/92e25ae387a06d821b008f80a04495e6/execute/async - {"script":"<script> [1562 bytes]","args":[{"selector":{"controlType":"sap.m.Input","viewName":"etm.portal.ui.manageyards.view.New","viewId":"application-manageyards-display-component---NewYard","bindingPath":{"path":"","propertyPath":"/SALES_AREA_VTWEG","modelName":"NewYardModel"},"interaction":{"idSuffix":"inner"}},"wdio_ui5_key":"etmportal.ui.manageyards.view.Newsap.m.Input{\"path\":\"\",\"propertyPath\":\"/SALES_AREA_VTWEG\",\"modelName\":\"NewYardModel\"}"}]}
RESULT: {"script":"<script> [1562 bytes]","args":[{"selector":{"controlType":"sap.m.Input","viewName":"etm.portal.ui.manageyards.view.New","viewId":"application-manageyards-display-component---NewYard","bindingPath":{"path":"","propertyPath":"/SALES_AREA_VTWEG","modelName":"NewYardModel"},"interaction":{"idSuffix":"inner"}},"wdio_ui5_key":"etmportal.ui.manageyards.view.Newsap.m.Input{\"path\":\"\",\"propertyPath\":\"/SALES_AREA_VTWEG\",\"modelName\":\"NewYardModel\"}"}]}
RESULT: undefined
COMMAND: POST /session/92e25ae387a06d821b008f80a04495e6/execute/async - {"script":"<script> [776 bytes]","args":[{"enterText":"C2","selector":{"controlType":"sap.m.Input","viewName":"etm.portal.ui.manageyards.view.New","viewId":"application-manageyards-display-component---NewYard","bindingPath":{"path":"","propertyPath":"/SALES_AREA_VTWEG","modelName":"NewYardModel"},"interaction":{"idSuffix":"inner"}},"clearTextFirst":true,"interactionType":"ENTER_TEXT"}]}
RESULT: {"script":"<script> [776 bytes]","args":[{"enterText":"C2","selector":{"controlType":"sap.m.Input","viewName":"etm.portal.ui.manageyards.view.New","viewId":"application-manageyards-display-component---NewYard","bindingPath":{"path":"","propertyPath":"/SALES_AREA_VTWEG","modelName":"NewYardModel"},"interaction":{"idSuffix":"inner"}},"clearTextFirst":true,"interactionType":"ENTER_TEXT"}]}
COMMAND: POST /session/92e25ae387a06d821b008f80a04495e6/execute/async - {"script":"<script> [1562 bytes]","args":[{"selector":{"controlType":"sap.m.Input","viewName":"etm.portal.ui.manageyards.view.New","viewId":"application-manageyards-display-component---NewYard","bindingPath":{"path":"","propertyPath":"/SALES_AREA_SPART","modelName":"NewYardModel"},"interaction":{"idSuffix":"inner"}},"wdio_ui5_key":"etmportal.ui.manageyards.view.Newsap.m.Input{\"path\":\"\",\"propertyPath\":\"/SALES_AREA_SPART\",\"modelName\":\"NewYardModel\"}"}]}
RESULT: {"script":"<script> [1562 bytes]","args":[{"selector":{"controlType":"sap.m.Input","viewName":"etm.portal.ui.manageyards.view.New","viewId":"application-manageyards-display-component---NewYard","bindingPath":{"path":"","propertyPath":"/SALES_AREA_SPART","modelName":"NewYardModel"},"interaction":{"idSuffix":"inner"}},"wdio_ui5_key":"etmportal.ui.manageyards.view.Newsap.m.Input{\"path\":\"\",\"propertyPath\":\"/SALES_AREA_SPART\",\"modelName\":\"NewYardModel\"}"}]}
RESULT: undefined
COMMAND: POST /session/92e25ae387a06d821b008f80a04495e6/execute/async - {"script":"<script> [776 bytes]","args":[{"enterText":"C2","selector":{"controlType":"sap.m.Input","viewName":"etm.portal.ui.manageyards.view.New","viewId":"application-manageyards-display-component---NewYard","bindingPath":{"path":"","propertyPath":"/SALES_AREA_SPART","modelName":"NewYardModel"},"interaction":{"idSuffix":"inner"}},"clearTextFirst":true,"interactionType":"ENTER_TEXT"}]}
RESULT: {"script":"<script> [776 bytes]","args":[{"enterText":"C2","selector":{"controlType":"sap.m.Input","viewName":"etm.portal.ui.manageyards.view.New","viewId":"application-manageyards-display-component---NewYard","bindingPath":{"path":"","propertyPath":"/SALES_AREA_SPART","modelName":"NewYardModel"},"interaction":{"idSuffix":"inner"}},"clearTextFirst":true,"interactionType":"ENTER_TEXT"}]}
COMMAND: POST /session/92e25ae387a06d821b008f80a04495e6/execute/async - {"script":"<script> [1562 bytes]","args":[{"selector":{"controlType":"sap.m.Input","viewName":"etm.portal.ui.manageyards.view.New","viewId":"application-manageyards-display-component---NewYard","bindingPath":{"path":"","propertyPath":"/SHIP_POINT","modelName":"NewYardModel"},"interaction":{"idSuffix":"inner"}},"wdio_ui5_key":"etmportal.ui.manageyards.view.Newsap.m.Input{\"path\":\"\",\"propertyPath\":\"/SHIP_POINT\",\"modelName\":\"NewYardModel\"}"}]}
RESULT: {"script":"<script> [1562 bytes]","args":[{"selector":{"controlType":"sap.m.Input","viewName":"etm.portal.ui.manageyards.view.New","viewId":"application-manageyards-display-component---NewYard","bindingPath":{"path":"","propertyPath":"/SHIP_POINT","modelName":"NewYardModel"},"interaction":{"idSuffix":"inner"}},"wdio_ui5_key":"etmportal.ui.manageyards.view.Newsap.m.Input{\"path\":\"\",\"propertyPath\":\"/SHIP_POINT\",\"modelName\":\"NewYardModel\"}"}]}
RESULT: undefined
COMMAND: POST /session/92e25ae387a06d821b008f80a04495e6/execute/async - {"script":"<script> [776 bytes]","args":[{"enterText":"1710","selector":{"controlType":"sap.m.Input","viewName":"etm.portal.ui.manageyards.view.New","viewId":"application-manageyards-display-component---NewYard","bindingPath":{"path":"","propertyPath":"/SHIP_POINT","modelName":"NewYardModel"},"interaction":{"idSuffix":"inner"}},"clearTextFirst":true,"interactionType":"ENTER_TEXT"}]}
RESULT: {"script":"<script> [776 bytes]","args":[{"enterText":"1710","selector":{"controlType":"sap.m.Input","viewName":"etm.portal.ui.manageyards.view.New","viewId":"application-manageyards-display-component---NewYard","bindingPath":{"path":"","propertyPath":"/SHIP_POINT","modelName":"NewYardModel"},"interaction":{"idSuffix":"inner"}},"clearTextFirst":true,"interactionType":"ENTER_TEXT"}]}
COMMAND: POST /session/92e25ae387a06d821b008f80a04495e6/execute/async - {"script":"<script> [1562 bytes]","args":[{"selector":{"controlType":"sap.m.Input","viewName":"etm.portal.ui.manageyards.view.New","viewId":"application-manageyards-display-component---NewYard","bindingPath":{"path":"","propertyPath":"/DELIVERY_TYPE","modelName":"NewYardModel"},"interaction":{"idSuffix":"inner"}},"wdio_ui5_key":"etmportal.ui.manageyards.view.Newsap.m.Input{\"path\":\"\",\"propertyPath\":\"/DELIVERY_TYPE\",\"modelName\":\"NewYardModel\"}"}]}
RESULT: {"script":"<script> [1562 bytes]","args":[{"selector":{"controlType":"sap.m.Input","viewName":"etm.portal.ui.manageyards.view.New","viewId":"application-manageyards-display-component---NewYard","bindingPath":{"path":"","propertyPath":"/DELIVERY_TYPE","modelName":"NewYardModel"},"interaction":{"idSuffix":"inner"}},"wdio_ui5_key":"etmportal.ui.manageyards.view.Newsap.m.Input{\"path\":\"\",\"propertyPath\":\"/DELIVERY_TYPE\",\"modelName\":\"NewYardModel\"}"}]}
RESULT: undefined
COMMAND: POST /session/92e25ae387a06d821b008f80a04495e6/execute/async - {"script":"<script> [776 bytes]","args":[{"enterText":"ZL01","selector":{"controlType":"sap.m.Input","viewName":"etm.portal.ui.manageyards.view.New","viewId":"application-manageyards-display-component---NewYard","bindingPath":{"path":"","propertyPath":"/DELIVERY_TYPE","modelName":"NewYardModel"},"interaction":{"idSuffix":"inner"}},"clearTextFirst":true,"interactionType":"ENTER_TEXT"}]}
RESULT: {"script":"<script> [776 bytes]","args":[{"enterText":"ZL01","selector":{"controlType":"sap.m.Input","viewName":"etm.portal.ui.manageyards.view.New","viewId":"application-manageyards-display-component---NewYard","bindingPath":{"path":"","propertyPath":"/DELIVERY_TYPE","modelName":"NewYardModel"},"interaction":{"idSuffix":"inner"}},"clearTextFirst":true,"interactionType":"ENTER_TEXT"}]}
COMMAND: POST /session/92e25ae387a06d821b008f80a04495e6/execute/async - {"script":"<script> [1562 bytes]","args":[{"selector":{"controlType":"sap.m.Input","viewName":"etm.portal.ui.manageyards.view.New","viewId":"application-manageyards-display-component---NewYard","bindingPath":{"path":"","propertyPath":"/AUART","modelName":"NewYardModel"},"interaction":{"idSuffix":"inner"}},"wdio_ui5_key":"etmportal.ui.manageyards.view.Newsap.m.Input{\"path\":\"\",\"propertyPath\":\"/AUART\",\"modelName\":\"NewYardModel\"}"}]}
RESULT: {"script":"<script> [1562 bytes]","args":[{"selector":{"controlType":"sap.m.Input","viewName":"etm.portal.ui.manageyards.view.New","viewId":"application-manageyards-display-component---NewYard","bindingPath":{"path":"","propertyPath":"/AUART","modelName":"NewYardModel"},"interaction":{"idSuffix":"inner"}},"wdio_ui5_key":"etmportal.ui.manageyards.view.Newsap.m.Input{\"path\":\"\",\"propertyPath\":\"/AUART\",\"modelName\":\"NewYardModel\"}"}]}
RESULT: undefined
COMMAND: POST /session/92e25ae387a06d821b008f80a04495e6/execute/async - {"script":"<script> [776 bytes]","args":[{"enterText":"TA","selector":{"controlType":"sap.m.Input","viewName":"etm.portal.ui.manageyards.view.New","viewId":"application-manageyards-display-component---NewYard","bindingPath":{"path":"","propertyPath":"/AUART","modelName":"NewYardModel"},"interaction":{"idSuffix":"inner"}},"clearTextFirst":true,"interactionType":"ENTER_TEXT"}]}
RESULT: {"script":"<script> [776 bytes]","args":[{"enterText":"TA","selector":{"controlType":"sap.m.Input","viewName":"etm.portal.ui.manageyards.view.New","viewId":"application-manageyards-display-component---NewYard","bindingPath":{"path":"","propertyPath":"/AUART","modelName":"NewYardModel"},"interaction":{"idSuffix":"inner"}},"clearTextFirst":true,"interactionType":"ENTER_TEXT"}]}
COMMAND: POST /session/92e25ae387a06d821b008f80a04495e6/element - {"using":"xpath","value":"//button[@data-kt=\"newYardSaveButton\"]"}
RESULT: {"using":"xpath","value":"//button[@data-kt=\"newYardSaveButton\"]"}
COMMAND: POST /session/92e25ae387a06d821b008f80a04495e6/element/f.2AE10C335A97376731A182912FB7EE33.d.9B3DADD2D00C95FCB95E24B604D68433.e.11214/click - {}
RESULT: {}
COMMAND: GET /session/92e25ae387a06d821b008f80a04495e6/screenshot - {}
COMMAND: POST /session/92e25ae387a06d821b008f80a04495e6/element - {"using":"xpath","value":"//header[contains(@id, 'ObjectPageLayout-headerTitle')]/div[1]/div[2]/div[1]/span[1]"}
RESULT: {}
RESULT: {"using":"xpath","value":"//header[contains(@id, 'ObjectPageLayout-headerTitle')]/div[1]/div[2]/div[1]/span[1]"}
COMMAND: POST /session/92e25ae387a06d821b008f80a04495e6/elements - {"using":"xpath","value":"//header[contains(@id, 'ObjectPageLayout-headerTitle')]/div[1]/div[2]/div[1]/span[1]"}
RESULT: {"using":"xpath","value":"//header[contains(@id, 'ObjectPageLayout-headerTitle')]/div[1]/div[2]/div[1]/span[1]"}
COMMAND: POST /session/92e25ae387a06d821b008f80a04495e6/execute/sync - {"script":"<script> [56 bytes]","args":[{"element-6066-11e4-a52e-4f735466cecf":"f.2AE10C335A97376731A182912FB7EE33.d.9B3DADD2D00C95FCB95E24B604D68433.e.11534","ELEMENT":"f.2AE10C335A97376731A182912FB7EE33.d.9B3DADD2D00C95FCB95E24B604D68433.e.11534"}]}
RESULT: {"script":"<script> [56 bytes]","args":[{"element-6066-11e4-a52e-4f735466cecf":"f.2AE10C335A97376731A182912FB7EE33.d.9B3DADD2D00C95FCB95E24B604D68433.e.11534","ELEMENT":"f.2AE10C335A97376731A182912FB7EE33.d.9B3DADD2D00C95FCB95E24B604D68433.e.11534"}]}
COMMAND: GET /session/92e25ae387a06d821b008f80a04495e6/screenshot - {}
RESULT: {}
COMMAND: POST /session/92e25ae387a06d821b008f80a04495e6/element - {"using":"css selector","value":"#shell-header-logo"}
RESULT: {"using":"css selector","value":"#shell-header-logo"}
COMMAND: POST /session/92e25ae387a06d821b008f80a04495e6/element/f.2AE10C335A97376731A182912FB7EE33.d.9B3DADD2D00C95FCB95E24B604D68433.e.10778/click - {}
RESULT: {}
COMMAND: GET /session/92e25ae387a06d821b008f80a04495e6/screenshot - {}
RESULT: {}
COMMAND: POST /session/92e25ae387a06d821b008f80a04495e6/execute/sync - {"script":"<script> [299 bytes]","args":[["getModel","getResource"]]}
RESULT: {"script":"<script> [299 bytes]","args":[["getModel","getResource"]]}
]]></system-out>
    </testcase>
    <testcase classname="chrome.136_0_7103_49.windows.Create_partner_US118246" name="Should create new external partner" time="92.098">
      <system-out><![CDATA[
COMMAND: GET /session/92e25ae387a06d821b008f80a04495e6/screenshot - {}
COMMAND: POST /session/92e25ae387a06d821b008f80a04495e6/window/fullscreen - {}
RESULT: {}
RESULT: {}
COMMAND: POST /session/92e25ae387a06d821b008f80a04495e6/execute/async - {"script":"<script> [1562 bytes]","args":[{"selector":{"controlType":"sap.m.GenericTile","properties":{"header":"Manage Partners"}},"wdio_ui5_key":"sapm.GenericTile{\"header\":\"Manage Partners\"}"}]}
RESULT: {"script":"<script> [1562 bytes]","args":[{"selector":{"controlType":"sap.m.GenericTile","properties":{"header":"Manage Partners"}},"wdio_ui5_key":"sapm.GenericTile{\"header\":\"Manage Partners\"}"}]}
RESULT: undefined
COMMAND: POST /session/92e25ae387a06d821b008f80a04495e6/element - {"using":"xpath","value":"//*[@id=\"__tile38\"]"}
RESULT: {"using":"xpath","value":"//*[@id=\"__tile38\"]"}
COMMAND: POST /session/92e25ae387a06d821b008f80a04495e6/element/f.2AE10C335A97376731A182912FB7EE33.d.9B3DADD2D00C95FCB95E24B604D68433.e.10668/click - {}
RESULT: {}
COMMAND: POST /session/92e25ae387a06d821b008f80a04495e6/element - {"using":"xpath","value":"//button[@data-kt=\"addButton\"]"}
COMMAND: GET /session/92e25ae387a06d821b008f80a04495e6/screenshot - {}
RESULT: {"using":"xpath","value":"//button[@data-kt=\"addButton\"]"}
COMMAND: POST /session/92e25ae387a06d821b008f80a04495e6/elements - {"using":"xpath","value":"//button[@data-kt=\"addButton\"]"}
RESULT: {}
RESULT: {"using":"xpath","value":"//button[@data-kt=\"addButton\"]"}
COMMAND: POST /session/92e25ae387a06d821b008f80a04495e6/elements - {"using":"xpath","value":"//button[@data-kt=\"addButton\"]"}
RESULT: {"using":"xpath","value":"//button[@data-kt=\"addButton\"]"}
COMMAND: POST /session/92e25ae387a06d821b008f80a04495e6/elements - {"using":"xpath","value":"//button[@data-kt=\"addButton\"]"}
RESULT: {"using":"xpath","value":"//button[@data-kt=\"addButton\"]"}
COMMAND: POST /session/92e25ae387a06d821b008f80a04495e6/elements - {"using":"xpath","value":"//button[@data-kt=\"addButton\"]"}
RESULT: {"using":"xpath","value":"//button[@data-kt=\"addButton\"]"}
COMMAND: POST /session/92e25ae387a06d821b008f80a04495e6/elements - {"using":"xpath","value":"//button[@data-kt=\"addButton\"]"}
RESULT: {"using":"xpath","value":"//button[@data-kt=\"addButton\"]"}
COMMAND: POST /session/92e25ae387a06d821b008f80a04495e6/elements - {"using":"xpath","value":"//button[@data-kt=\"addButton\"]"}
RESULT: {"using":"xpath","value":"//button[@data-kt=\"addButton\"]"}
COMMAND: POST /session/92e25ae387a06d821b008f80a04495e6/elements - {"using":"xpath","value":"//button[@data-kt=\"addButton\"]"}
RESULT: {"using":"xpath","value":"//button[@data-kt=\"addButton\"]"}
COMMAND: POST /session/92e25ae387a06d821b008f80a04495e6/elements - {"using":"xpath","value":"//button[@data-kt=\"addButton\"]"}
RESULT: {"using":"xpath","value":"//button[@data-kt=\"addButton\"]"}
COMMAND: POST /session/92e25ae387a06d821b008f80a04495e6/elements - {"using":"xpath","value":"//button[@data-kt=\"addButton\"]"}
RESULT: {"using":"xpath","value":"//button[@data-kt=\"addButton\"]"}
COMMAND: POST /session/92e25ae387a06d821b008f80a04495e6/elements - {"using":"xpath","value":"//button[@data-kt=\"addButton\"]"}
RESULT: {"using":"xpath","value":"//button[@data-kt=\"addButton\"]"}
COMMAND: POST /session/92e25ae387a06d821b008f80a04495e6/elements - {"using":"xpath","value":"//button[@data-kt=\"addButton\"]"}
RESULT: {"using":"xpath","value":"//button[@data-kt=\"addButton\"]"}
COMMAND: POST /session/92e25ae387a06d821b008f80a04495e6/elements - {"using":"xpath","value":"//button[@data-kt=\"addButton\"]"}
RESULT: {"using":"xpath","value":"//button[@data-kt=\"addButton\"]"}
COMMAND: POST /session/92e25ae387a06d821b008f80a04495e6/elements - {"using":"xpath","value":"//button[@data-kt=\"addButton\"]"}
RESULT: {"using":"xpath","value":"//button[@data-kt=\"addButton\"]"}
COMMAND: POST /session/92e25ae387a06d821b008f80a04495e6/elements - {"using":"xpath","value":"//button[@data-kt=\"addButton\"]"}
RESULT: {"using":"xpath","value":"//button[@data-kt=\"addButton\"]"}
COMMAND: POST /session/92e25ae387a06d821b008f80a04495e6/elements - {"using":"xpath","value":"//button[@data-kt=\"addButton\"]"}
RESULT: {"using":"xpath","value":"//button[@data-kt=\"addButton\"]"}
COMMAND: POST /session/92e25ae387a06d821b008f80a04495e6/elements - {"using":"xpath","value":"//button[@data-kt=\"addButton\"]"}
RESULT: {"using":"xpath","value":"//button[@data-kt=\"addButton\"]"}
COMMAND: POST /session/92e25ae387a06d821b008f80a04495e6/elements - {"using":"xpath","value":"//button[@data-kt=\"addButton\"]"}
RESULT: {"using":"xpath","value":"//button[@data-kt=\"addButton\"]"}
COMMAND: POST /session/92e25ae387a06d821b008f80a04495e6/elements - {"using":"xpath","value":"//button[@data-kt=\"addButton\"]"}
RESULT: {"using":"xpath","value":"//button[@data-kt=\"addButton\"]"}
COMMAND: POST /session/92e25ae387a06d821b008f80a04495e6/elements - {"using":"xpath","value":"//button[@data-kt=\"addButton\"]"}
RESULT: {"using":"xpath","value":"//button[@data-kt=\"addButton\"]"}
COMMAND: POST /session/92e25ae387a06d821b008f80a04495e6/elements - {"using":"xpath","value":"//button[@data-kt=\"addButton\"]"}
RESULT: {"using":"xpath","value":"//button[@data-kt=\"addButton\"]"}
COMMAND: POST /session/92e25ae387a06d821b008f80a04495e6/elements - {"using":"xpath","value":"//button[@data-kt=\"addButton\"]"}
RESULT: {"using":"xpath","value":"//button[@data-kt=\"addButton\"]"}
COMMAND: POST /session/92e25ae387a06d821b008f80a04495e6/elements - {"using":"xpath","value":"//button[@data-kt=\"addButton\"]"}
RESULT: {"using":"xpath","value":"//button[@data-kt=\"addButton\"]"}
COMMAND: POST /session/92e25ae387a06d821b008f80a04495e6/elements - {"using":"xpath","value":"//button[@data-kt=\"addButton\"]"}
RESULT: {"using":"xpath","value":"//button[@data-kt=\"addButton\"]"}
COMMAND: POST /session/92e25ae387a06d821b008f80a04495e6/element - {"using":"xpath","value":"//button[@data-kt=\"addButton\"]"}
RESULT: {"using":"xpath","value":"//button[@data-kt=\"addButton\"]"}
COMMAND: POST /session/92e25ae387a06d821b008f80a04495e6/execute/sync - {"script":"<script> [8489 bytes]","args":[{"element-6066-11e4-a52e-4f735466cecf":"f.2AE10C335A97376731A182912FB7EE33.d.9B3DADD2D00C95FCB95E24B604D68433.e.11572","ELEMENT":"f.2AE10C335A97376731A182912FB7EE33.d.9B3DADD2D00C95FCB95E24B604D68433.e.11572"}]}
RESULT: {"script":"<script> [8489 bytes]","args":[{"element-6066-11e4-a52e-4f735466cecf":"f.2AE10C335A97376731A182912FB7EE33.d.9B3DADD2D00C95FCB95E24B604D68433.e.11572","ELEMENT":"f.2AE10C335A97376731A182912FB7EE33.d.9B3DADD2D00C95FCB95E24B604D68433.e.11572"}]}
COMMAND: GET /session/92e25ae387a06d821b008f80a04495e6/element/f.2AE10C335A97376731A182912FB7EE33.d.9B3DADD2D00C95FCB95E24B604D68433.e.11572/enabled - {}
COMMAND: GET /session/92e25ae387a06d821b008f80a04495e6/screenshot - {}
RESULT: {}
COMMAND: POST /session/92e25ae387a06d821b008f80a04495e6/execute/sync - {"script":"<script> [8489 bytes]","args":[{"element-6066-11e4-a52e-4f735466cecf":"f.2AE10C335A97376731A182912FB7EE33.d.9B3DADD2D00C95FCB95E24B604D68433.e.11572","ELEMENT":"f.2AE10C335A97376731A182912FB7EE33.d.9B3DADD2D00C95FCB95E24B604D68433.e.11572"}]}
COMMAND: GET /session/92e25ae387a06d821b008f80a04495e6/screenshot - {}
RESULT: {}
RESULT: {"script":"<script> [8489 bytes]","args":[{"element-6066-11e4-a52e-4f735466cecf":"f.2AE10C335A97376731A182912FB7EE33.d.9B3DADD2D00C95FCB95E24B604D68433.e.11572","ELEMENT":"f.2AE10C335A97376731A182912FB7EE33.d.9B3DADD2D00C95FCB95E24B604D68433.e.11572"}]}
COMMAND: POST /session/92e25ae387a06d821b008f80a04495e6/execute/sync - {"script":"<script> [5351 bytes]","args":[{"element-6066-11e4-a52e-4f735466cecf":"f.2AE10C335A97376731A182912FB7EE33.d.9B3DADD2D00C95FCB95E24B604D68433.e.11572","ELEMENT":"f.2AE10C335A97376731A182912FB7EE33.d.9B3DADD2D00C95FCB95E24B604D68433.e.11572"}]}
COMMAND: GET /session/92e25ae387a06d821b008f80a04495e6/screenshot - {}
RESULT: {}
RESULT: {"script":"<script> [5351 bytes]","args":[{"element-6066-11e4-a52e-4f735466cecf":"f.2AE10C335A97376731A182912FB7EE33.d.9B3DADD2D00C95FCB95E24B604D68433.e.11572","ELEMENT":"f.2AE10C335A97376731A182912FB7EE33.d.9B3DADD2D00C95FCB95E24B604D68433.e.11572"}]}
COMMAND: POST /session/92e25ae387a06d821b008f80a04495e6/element/f.2AE10C335A97376731A182912FB7EE33.d.9B3DADD2D00C95FCB95E24B604D68433.e.11572/click - {}
COMMAND: GET /session/92e25ae387a06d821b008f80a04495e6/screenshot - {}
RESULT: {}
RESULT: {}
COMMAND: GET /session/92e25ae387a06d821b008f80a04495e6/screenshot - {}
COMMAND: POST /session/92e25ae387a06d821b008f80a04495e6/execute/async - {"script":"<script> [1562 bytes]","args":[{"selector":{"id":"application-managepartners-display-component---NewPartner--addressDetailDetailsName1","interaction":{"idSuffix":"inner"}},"wdio_ui5_key":"applicationmanagepartners-display-component---NewPartner--addressDetailDetailsName1"}]}
RESULT: {}
RESULT: {}
RESULT: {"script":"<script> [1562 bytes]","args":[{"selector":{"id":"application-managepartners-display-component---NewPartner--addressDetailDetailsName1","interaction":{"idSuffix":"inner"}},"wdio_ui5_key":"applicationmanagepartners-display-component---NewPartner--addressDetailDetailsName1"}]}
RESULT: undefined
COMMAND: POST /session/92e25ae387a06d821b008f80a04495e6/execute/async - {"script":"<script> [776 bytes]","args":[{"enterText":"External Partner WDIO","selector":{"id":"application-managepartners-display-component---NewPartner--addressDetailDetailsName1","interaction":{"idSuffix":"inner"}},"clearTextFirst":true,"interactionType":"ENTER_TEXT"}]}
RESULT: {"script":"<script> [776 bytes]","args":[{"enterText":"External Partner WDIO","selector":{"id":"application-managepartners-display-component---NewPartner--addressDetailDetailsName1","interaction":{"idSuffix":"inner"}},"clearTextFirst":true,"interactionType":"ENTER_TEXT"}]}
COMMAND: POST /session/92e25ae387a06d821b008f80a04495e6/execute/async - {"script":"<script> [1562 bytes]","args":[{"selector":{"id":"application-managepartners-display-component---NewPartner--addressDetailDetailsLanguage-arrow"},"wdio_ui5_key":"applicationmanagepartners-display-component---NewPartner--addressDetailDetailsLanguage-arrow"}]}
RESULT: {"script":"<script> [1562 bytes]","args":[{"selector":{"id":"application-managepartners-display-component---NewPartner--addressDetailDetailsLanguage-arrow"},"wdio_ui5_key":"applicationmanagepartners-display-component---NewPartner--addressDetailDetailsLanguage-arrow"}]}
RESULT: undefined
COMMAND: POST /session/92e25ae387a06d821b008f80a04495e6/element - {"using":"xpath","value":"//*[@id=\"application-managepartners-display-component---NewPartner--addressDetailDetailsLanguage-arrow\"]"}
RESULT: {"using":"xpath","value":"//*[@id=\"application-managepartners-display-component---NewPartner--addressDetailDetailsLanguage-arrow\"]"}
COMMAND: POST /session/92e25ae387a06d821b008f80a04495e6/element/f.2AE10C335A97376731A182912FB7EE33.d.9B3DADD2D00C95FCB95E24B604D68433.e.12009/click - {}
RESULT: {}
COMMAND: POST /session/92e25ae387a06d821b008f80a04495e6/element - {"using":"xpath","value":"//span[contains(text(), \"English\")]"}
COMMAND: GET /session/92e25ae387a06d821b008f80a04495e6/screenshot - {}
RESULT: {"using":"xpath","value":"//span[contains(text(), \"English\")]"}
COMMAND: POST /session/92e25ae387a06d821b008f80a04495e6/element/f.2AE10C335A97376731A182912FB7EE33.d.9B3DADD2D00C95FCB95E24B604D68433.e.12010/click - {}
RESULT: {}
RESULT: {}
COMMAND: GET /session/92e25ae387a06d821b008f80a04495e6/screenshot - {}
RESULT: {}
COMMAND: POST /session/92e25ae387a06d821b008f80a04495e6/execute/async - {"script":"<script> [1562 bytes]","args":[{"selector":{"id":"application-managepartners-display-component---NewPartner--addressDetailDetailsCity1","interaction":{"idSuffix":"inner"}},"wdio_ui5_key":"applicationmanagepartners-display-component---NewPartner--addressDetailDetailsCity1"}]}
RESULT: {"script":"<script> [1562 bytes]","args":[{"selector":{"id":"application-managepartners-display-component---NewPartner--addressDetailDetailsCity1","interaction":{"idSuffix":"inner"}},"wdio_ui5_key":"applicationmanagepartners-display-component---NewPartner--addressDetailDetailsCity1"}]}
RESULT: undefined
COMMAND: POST /session/92e25ae387a06d821b008f80a04495e6/execute/async - {"script":"<script> [776 bytes]","args":[{"enterText":"Rosario","selector":{"id":"application-managepartners-display-component---NewPartner--addressDetailDetailsCity1","interaction":{"idSuffix":"inner"}},"clearTextFirst":true,"interactionType":"ENTER_TEXT"}]}
RESULT: {"script":"<script> [776 bytes]","args":[{"enterText":"Rosario","selector":{"id":"application-managepartners-display-component---NewPartner--addressDetailDetailsCity1","interaction":{"idSuffix":"inner"}},"clearTextFirst":true,"interactionType":"ENTER_TEXT"}]}
COMMAND: POST /session/92e25ae387a06d821b008f80a04495e6/execute/async - {"script":"<script> [1562 bytes]","args":[{"selector":{"id":"application-managepartners-display-component---NewPartner--addressDetailDetailsCountry-arrow"},"wdio_ui5_key":"applicationmanagepartners-display-component---NewPartner--addressDetailDetailsCountry-arrow"}]}
RESULT: {"script":"<script> [1562 bytes]","args":[{"selector":{"id":"application-managepartners-display-component---NewPartner--addressDetailDetailsCountry-arrow"},"wdio_ui5_key":"applicationmanagepartners-display-component---NewPartner--addressDetailDetailsCountry-arrow"}]}
RESULT: undefined
COMMAND: POST /session/92e25ae387a06d821b008f80a04495e6/element - {"using":"xpath","value":"//*[@id=\"application-managepartners-display-component---NewPartner--addressDetailDetailsCountry-arrow\"]"}
RESULT: {"using":"xpath","value":"//*[@id=\"application-managepartners-display-component---NewPartner--addressDetailDetailsCountry-arrow\"]"}
COMMAND: POST /session/92e25ae387a06d821b008f80a04495e6/element/f.2AE10C335A97376731A182912FB7EE33.d.9B3DADD2D00C95FCB95E24B604D68433.e.11966/click - {}
RESULT: {}
COMMAND: POST /session/92e25ae387a06d821b008f80a04495e6/element - {"using":"xpath","value":"//span[contains(text(), \"Argentina\")]"}
COMMAND: GET /session/92e25ae387a06d821b008f80a04495e6/screenshot - {}
RESULT: {"using":"xpath","value":"//span[contains(text(), \"Argentina\")]"}
COMMAND: POST /session/92e25ae387a06d821b008f80a04495e6/element/f.2AE10C335A97376731A182912FB7EE33.d.9B3DADD2D00C95FCB95E24B604D68433.e.12012/click - {}
RESULT: {}
RESULT: {}
COMMAND: GET /session/92e25ae387a06d821b008f80a04495e6/screenshot - {}
RESULT: {}
COMMAND: POST /session/92e25ae387a06d821b008f80a04495e6/element - {"using":"xpath","value":"//bdi[contains(text(), \"Commercial\")]"}
RESULT: {"using":"xpath","value":"//bdi[contains(text(), \"Commercial\")]"}
COMMAND: POST /session/92e25ae387a06d821b008f80a04495e6/element/f.2AE10C335A97376731A182912FB7EE33.d.9B3DADD2D00C95FCB95E24B604D68433.e.12013/click - {}
RESULT: {}
COMMAND: GET /session/92e25ae387a06d821b008f80a04495e6/screenshot - {}
RESULT: {}
COMMAND: POST /session/92e25ae387a06d821b008f80a04495e6/execute/async - {"script":"<script> [1562 bytes]","args":[{"selector":{"id":"application-managepartners-display-component---NewPartner--partnerDetailInternal-arrow"},"wdio_ui5_key":"applicationmanagepartners-display-component---NewPartner--partnerDetailInternal-arrow"}]}
RESULT: {"script":"<script> [1562 bytes]","args":[{"selector":{"id":"application-managepartners-display-component---NewPartner--partnerDetailInternal-arrow"},"wdio_ui5_key":"applicationmanagepartners-display-component---NewPartner--partnerDetailInternal-arrow"}]}
RESULT: undefined
COMMAND: POST /session/92e25ae387a06d821b008f80a04495e6/element - {"using":"xpath","value":"//*[@id=\"application-managepartners-display-component---NewPartner--partnerDetailInternal-arrow\"]"}
RESULT: {"using":"xpath","value":"//*[@id=\"application-managepartners-display-component---NewPartner--partnerDetailInternal-arrow\"]"}
COMMAND: POST /session/92e25ae387a06d821b008f80a04495e6/element/f.2AE10C335A97376731A182912FB7EE33.d.9B3DADD2D00C95FCB95E24B604D68433.e.12019/click - {}
RESULT: {}
COMMAND: POST /session/92e25ae387a06d821b008f80a04495e6/element - {"using":"xpath","value":"//span[contains(text(), \"External partner\")]"}
COMMAND: GET /session/92e25ae387a06d821b008f80a04495e6/screenshot - {}
RESULT: {"using":"xpath","value":"//span[contains(text(), \"External partner\")]"}
COMMAND: POST /session/92e25ae387a06d821b008f80a04495e6/element/f.2AE10C335A97376731A182912FB7EE33.d.9B3DADD2D00C95FCB95E24B604D68433.e.12020/click - {}
RESULT: {}
RESULT: {}
COMMAND: POST /session/92e25ae387a06d821b008f80a04495e6/execute/async - {"script":"<script> [1562 bytes]","args":[{"selector":{"id":"application-managepartners-display-component---NewPartner--partnerDetailsCurrency-arrow"},"wdio_ui5_key":"applicationmanagepartners-display-component---NewPartner--partnerDetailsCurrency-arrow"}]}
COMMAND: GET /session/92e25ae387a06d821b008f80a04495e6/screenshot - {}
RESULT: {"script":"<script> [1562 bytes]","args":[{"selector":{"id":"application-managepartners-display-component---NewPartner--partnerDetailsCurrency-arrow"},"wdio_ui5_key":"applicationmanagepartners-display-component---NewPartner--partnerDetailsCurrency-arrow"}]}
RESULT: undefined
COMMAND: POST /session/92e25ae387a06d821b008f80a04495e6/element - {"using":"xpath","value":"//*[@id=\"application-managepartners-display-component---NewPartner--partnerDetailsCurrency-arrow\"]"}
RESULT: {}
RESULT: {"using":"xpath","value":"//*[@id=\"application-managepartners-display-component---NewPartner--partnerDetailsCurrency-arrow\"]"}
COMMAND: POST /session/92e25ae387a06d821b008f80a04495e6/element/f.2AE10C335A97376731A182912FB7EE33.d.9B3DADD2D00C95FCB95E24B604D68433.e.12025/click - {}
RESULT: {}
COMMAND: POST /session/92e25ae387a06d821b008f80a04495e6/element - {"using":"xpath","value":"//span[contains(text(), \"US Dollar\")]"}
COMMAND: GET /session/92e25ae387a06d821b008f80a04495e6/screenshot - {}
RESULT: {"using":"xpath","value":"//span[contains(text(), \"US Dollar\")]"}
COMMAND: POST /session/92e25ae387a06d821b008f80a04495e6/element/f.2AE10C335A97376731A182912FB7EE33.d.9B3DADD2D00C95FCB95E24B604D68433.e.12026/click - {}
RESULT: {}
RESULT: {}
COMMAND: GET /session/92e25ae387a06d821b008f80a04495e6/screenshot - {}
RESULT: {}
COMMAND: POST /session/92e25ae387a06d821b008f80a04495e6/element - {"using":"xpath","value":"//input[@id=\"application-managepartners-display-component---NewPartner--companyCodeComboBox-inner\"]"}
RESULT: {"using":"xpath","value":"//input[@id=\"application-managepartners-display-component---NewPartner--companyCodeComboBox-inner\"]"}
COMMAND: POST /session/92e25ae387a06d821b008f80a04495e6/element/f.2AE10C335A97376731A182912FB7EE33.d.9B3DADD2D00C95FCB95E24B604D68433.e.11893/clear - {}
RESULT: {}
COMMAND: POST /session/92e25ae387a06d821b008f80a04495e6/element/f.2AE10C335A97376731A182912FB7EE33.d.9B3DADD2D00C95FCB95E24B604D68433.e.11893/value - {"text":"C002"}
COMMAND: GET /session/92e25ae387a06d821b008f80a04495e6/screenshot - {}
RESULT: {"text":"C002"}
COMMAND: GET /session/92e25ae387a06d821b008f80a04495e6/screenshot - {}
RESULT: {}
RESULT: {}
COMMAND: POST /session/92e25ae387a06d821b008f80a04495e6/element - {"using":"xpath","value":"//li[.//span[text()= \"C002\"]]"}
RESULT: {"using":"xpath","value":"//li[.//span[text()= \"C002\"]]"}
COMMAND: POST /session/92e25ae387a06d821b008f80a04495e6/element/f.2AE10C335A97376731A182912FB7EE33.d.9B3DADD2D00C95FCB95E24B604D68433.e.12030/click - {}
RESULT: {}
COMMAND: GET /session/92e25ae387a06d821b008f80a04495e6/screenshot - {}
RESULT: {}
COMMAND: POST /session/92e25ae387a06d821b008f80a04495e6/execute/async - {"script":"<script> [1562 bytes]","args":[{"selector":{"id":"application-managepartners-display-component---NewPartner--btnAddTableRow-img"},"wdio_ui5_key":"applicationmanagepartners-display-component---NewPartner--btnAddTableRow-img"}]}
RESULT: {"script":"<script> [1562 bytes]","args":[{"selector":{"id":"application-managepartners-display-component---NewPartner--btnAddTableRow-img"},"wdio_ui5_key":"applicationmanagepartners-display-component---NewPartner--btnAddTableRow-img"}]}
RESULT: undefined
COMMAND: POST /session/92e25ae387a06d821b008f80a04495e6/element - {"using":"xpath","value":"//*[@id=\"application-managepartners-display-component---NewPartner--btnAddTableRow-img\"]"}
RESULT: {"using":"xpath","value":"//*[@id=\"application-managepartners-display-component---NewPartner--btnAddTableRow-img\"]"}
COMMAND: POST /session/92e25ae387a06d821b008f80a04495e6/element/f.2AE10C335A97376731A182912FB7EE33.d.9B3DADD2D00C95FCB95E24B604D68433.e.12031/click - {}
RESULT: {}
COMMAND: GET /session/92e25ae387a06d821b008f80a04495e6/screenshot - {}
RESULT: {}
COMMAND: POST /session/92e25ae387a06d821b008f80a04495e6/element - {"using":"xpath","value":"//input[@id=\"application-managepartners-display-component---NewPartner--assignmentYard-application-managepartners-display-component---NewPartner--assignmentsTable-0-inner\"]"}
RESULT: {"using":"xpath","value":"//input[@id=\"application-managepartners-display-component---NewPartner--assignmentYard-application-managepartners-display-component---NewPartner--assignmentsTable-0-inner\"]"}
COMMAND: POST /session/92e25ae387a06d821b008f80a04495e6/element/f.2AE10C335A97376731A182912FB7EE33.d.9B3DADD2D00C95FCB95E24B604D68433.e.12034/clear - {}
RESULT: {}
COMMAND: POST /session/92e25ae387a06d821b008f80a04495e6/element/f.2AE10C335A97376731A182912FB7EE33.d.9B3DADD2D00C95FCB95E24B604D68433.e.12034/value - {"text":"280"}
COMMAND: GET /session/92e25ae387a06d821b008f80a04495e6/screenshot - {}
RESULT: {"text":"280"}
COMMAND: GET /session/92e25ae387a06d821b008f80a04495e6/screenshot - {}
RESULT: {}
RESULT: {}
COMMAND: POST /session/92e25ae387a06d821b008f80a04495e6/element - {"using":"xpath","value":"//li[.//span[text()='280']]"}
RESULT: {"using":"xpath","value":"//li[.//span[text()='280']]"}
COMMAND: POST /session/92e25ae387a06d821b008f80a04495e6/element/f.2AE10C335A97376731A182912FB7EE33.d.9B3DADD2D00C95FCB95E24B604D68433.e.12042/click - {}
RESULT: {}
COMMAND: GET /session/92e25ae387a06d821b008f80a04495e6/screenshot - {}
RESULT: {}
COMMAND: POST /session/92e25ae387a06d821b008f80a04495e6/actions - {"actions":[{"id":"action36","type":"key","parameters":{},"actions":[{"type":"keyDown","value":"î€‡"},{"type":"pause","duration":10},{"type":"keyUp","value":"î€‡"}]}]}
RESULT: {"actions":[{"id":"action36","type":"key","parameters":{},"actions":[{"type":"keyDown","value":"î€‡"},{"type":"pause","duration":10},{"type":"keyUp","value":"î€‡"}]}]}
COMMAND: POST /session/92e25ae387a06d821b008f80a04495e6/element - {"using":"xpath","value":"//td[contains(@id, \"assignmentsTable-0-cell2\")]/div/div"}
COMMAND: GET /session/92e25ae387a06d821b008f80a04495e6/screenshot - {}
RESULT: {"using":"xpath","value":"//td[contains(@id, \"assignmentsTable-0-cell2\")]/div/div"}
COMMAND: POST /session/92e25ae387a06d821b008f80a04495e6/element/f.2AE10C335A97376731A182912FB7EE33.d.9B3DADD2D00C95FCB95E24B604D68433.e.12045/click - {}
RESULT: {}
RESULT: {}
COMMAND: GET /session/92e25ae387a06d821b008f80a04495e6/screenshot - {}
RESULT: {}
COMMAND: POST /session/92e25ae387a06d821b008f80a04495e6/element - {"using":"xpath","value":"//button[@data-kt=\"saveButton\"]"}
RESULT: {"using":"xpath","value":"//button[@data-kt=\"saveButton\"]"}
COMMAND: POST /session/92e25ae387a06d821b008f80a04495e6/element/f.2AE10C335A97376731A182912FB7EE33.d.9B3DADD2D00C95FCB95E24B604D68433.e.11902/click - {}
RESULT: {}
COMMAND: GET /session/92e25ae387a06d821b008f80a04495e6/screenshot - {}
RESULT: {}
COMMAND: POST /session/92e25ae387a06d821b008f80a04495e6/element - {"using":"xpath","value":"//header[contains(@id, 'ObjectPageLayout-headerTitle')]/div[1]/div[2]/div[2]/span[1]"}
RESULT: {"using":"xpath","value":"//header[contains(@id, 'ObjectPageLayout-headerTitle')]/div[1]/div[2]/div[2]/span[1]"}
COMMAND: POST /session/92e25ae387a06d821b008f80a04495e6/elements - {"using":"xpath","value":"//header[contains(@id, 'ObjectPageLayout-headerTitle')]/div[1]/div[2]/div[2]/span[1]"}
RESULT: {"using":"xpath","value":"//header[contains(@id, 'ObjectPageLayout-headerTitle')]/div[1]/div[2]/div[2]/span[1]"}
COMMAND: POST /session/92e25ae387a06d821b008f80a04495e6/execute/sync - {"script":"<script> [56 bytes]","args":[{"element-6066-11e4-a52e-4f735466cecf":"f.2AE10C335A97376731A182912FB7EE33.d.9B3DADD2D00C95FCB95E24B604D68433.e.12207","ELEMENT":"f.2AE10C335A97376731A182912FB7EE33.d.9B3DADD2D00C95FCB95E24B604D68433.e.12207"}]}
RESULT: {"script":"<script> [56 bytes]","args":[{"element-6066-11e4-a52e-4f735466cecf":"f.2AE10C335A97376731A182912FB7EE33.d.9B3DADD2D00C95FCB95E24B604D68433.e.12207","ELEMENT":"f.2AE10C335A97376731A182912FB7EE33.d.9B3DADD2D00C95FCB95E24B604D68433.e.12207"}]}
COMMAND: POST /session/92e25ae387a06d821b008f80a04495e6/element - {"using":"css selector","value":"#shell-header-logo"}
COMMAND: GET /session/92e25ae387a06d821b008f80a04495e6/screenshot - {}
RESULT: {"using":"css selector","value":"#shell-header-logo"}
COMMAND: POST /session/92e25ae387a06d821b008f80a04495e6/element/f.2AE10C335A97376731A182912FB7EE33.d.9B3DADD2D00C95FCB95E24B604D68433.e.11539/click - {}
RESULT: {}
RESULT: {}
COMMAND: GET /session/92e25ae387a06d821b008f80a04495e6/screenshot - {}
RESULT: {}
COMMAND: POST /session/92e25ae387a06d821b008f80a04495e6/execute/sync - {"script":"<script> [299 bytes]","args":[["getModel","getResource"]]}
RESULT: {"script":"<script> [299 bytes]","args":[["getModel","getResource"]]}
]]></system-out>
    </testcase>
    <testcase classname="chrome.136_0_7103_49.windows.Create_partner_US118246" name="Should create a new yard in case create yard failed" time="99.505">
      <system-out><![CDATA[
COMMAND: GET /session/92e25ae387a06d821b008f80a04495e6/screenshot - {}
RESULT: undefined
COMMAND: POST /session/92e25ae387a06d821b008f80a04495e6/element - {"using":"xpath","value":"//*[@id=\"__tile41\"]"}
RESULT: {}
RESULT: {"using":"xpath","value":"//*[@id=\"__tile41\"]"}
COMMAND: POST /session/92e25ae387a06d821b008f80a04495e6/element/f.2AE10C335A97376731A182912FB7EE33.d.9B3DADD2D00C95FCB95E24B604D68433.e.10677/click - {}
RESULT: {}
COMMAND: POST /session/92e25ae387a06d821b008f80a04495e6/element - {"using":"xpath","value":"//button[@data-kt=\"addNewYardOverflowToolbarButton\"]"}
COMMAND: GET /session/92e25ae387a06d821b008f80a04495e6/screenshot - {}
RESULT: {"using":"xpath","value":"//button[@data-kt=\"addNewYardOverflowToolbarButton\"]"}
COMMAND: POST /session/92e25ae387a06d821b008f80a04495e6/elements - {"using":"xpath","value":"//button[@data-kt=\"addNewYardOverflowToolbarButton\"]"}
RESULT: {}
RESULT: {"using":"xpath","value":"//button[@data-kt=\"addNewYardOverflowToolbarButton\"]"}
COMMAND: POST /session/92e25ae387a06d821b008f80a04495e6/element - {"using":"xpath","value":"//button[@data-kt=\"addNewYardOverflowToolbarButton\"]"}
RESULT: {"using":"xpath","value":"//button[@data-kt=\"addNewYardOverflowToolbarButton\"]"}
COMMAND: POST /session/92e25ae387a06d821b008f80a04495e6/execute/sync - {"script":"<script> [8489 bytes]","args":[{"element-6066-11e4-a52e-4f735466cecf":"f.2AE10C335A97376731A182912FB7EE33.d.9B3DADD2D00C95FCB95E24B604D68433.e.12243","ELEMENT":"f.2AE10C335A97376731A182912FB7EE33.d.9B3DADD2D00C95FCB95E24B604D68433.e.12243"}]}
RESULT: {"script":"<script> [8489 bytes]","args":[{"element-6066-11e4-a52e-4f735466cecf":"f.2AE10C335A97376731A182912FB7EE33.d.9B3DADD2D00C95FCB95E24B604D68433.e.12243","ELEMENT":"f.2AE10C335A97376731A182912FB7EE33.d.9B3DADD2D00C95FCB95E24B604D68433.e.12243"}]}
COMMAND: GET /session/92e25ae387a06d821b008f80a04495e6/element/f.2AE10C335A97376731A182912FB7EE33.d.9B3DADD2D00C95FCB95E24B604D68433.e.12243/enabled - {}
COMMAND: GET /session/92e25ae387a06d821b008f80a04495e6/screenshot - {}
RESULT: {}
COMMAND: POST /session/92e25ae387a06d821b008f80a04495e6/execute/sync - {"script":"<script> [8489 bytes]","args":[{"element-6066-11e4-a52e-4f735466cecf":"f.2AE10C335A97376731A182912FB7EE33.d.9B3DADD2D00C95FCB95E24B604D68433.e.12243","ELEMENT":"f.2AE10C335A97376731A182912FB7EE33.d.9B3DADD2D00C95FCB95E24B604D68433.e.12243"}]}
COMMAND: GET /session/92e25ae387a06d821b008f80a04495e6/screenshot - {}
RESULT: {}
RESULT: {"script":"<script> [8489 bytes]","args":[{"element-6066-11e4-a52e-4f735466cecf":"f.2AE10C335A97376731A182912FB7EE33.d.9B3DADD2D00C95FCB95E24B604D68433.e.12243","ELEMENT":"f.2AE10C335A97376731A182912FB7EE33.d.9B3DADD2D00C95FCB95E24B604D68433.e.12243"}]}
COMMAND: POST /session/92e25ae387a06d821b008f80a04495e6/execute/sync - {"script":"<script> [5351 bytes]","args":[{"element-6066-11e4-a52e-4f735466cecf":"f.2AE10C335A97376731A182912FB7EE33.d.9B3DADD2D00C95FCB95E24B604D68433.e.12243","ELEMENT":"f.2AE10C335A97376731A182912FB7EE33.d.9B3DADD2D00C95FCB95E24B604D68433.e.12243"}]}
COMMAND: GET /session/92e25ae387a06d821b008f80a04495e6/screenshot - {}
RESULT: {}
RESULT: {"script":"<script> [5351 bytes]","args":[{"element-6066-11e4-a52e-4f735466cecf":"f.2AE10C335A97376731A182912FB7EE33.d.9B3DADD2D00C95FCB95E24B604D68433.e.12243","ELEMENT":"f.2AE10C335A97376731A182912FB7EE33.d.9B3DADD2D00C95FCB95E24B604D68433.e.12243"}]}
COMMAND: POST /session/92e25ae387a06d821b008f80a04495e6/element/f.2AE10C335A97376731A182912FB7EE33.d.9B3DADD2D00C95FCB95E24B604D68433.e.12243/click - {}
COMMAND: GET /session/92e25ae387a06d821b008f80a04495e6/screenshot - {}
RESULT: {}
RESULT: {}
COMMAND: GET /session/92e25ae387a06d821b008f80a04495e6/screenshot - {}
COMMAND: POST /session/92e25ae387a06d821b008f80a04495e6/element - {"using":"xpath","value":"//input[@id=\"application-manageyards-display-component---NewYard--yardId-inner\"]"}
RESULT: {}
RESULT: {}
RESULT: {"using":"xpath","value":"//input[@id=\"application-manageyards-display-component---NewYard--yardId-inner\"]"}
COMMAND: POST /session/92e25ae387a06d821b008f80a04495e6/element - {"using":"xpath","value":"//input[@id=\"application-manageyards-display-component---NewYard--yardId-inner\"]"}
RESULT: {"using":"xpath","value":"//input[@id=\"application-manageyards-display-component---NewYard--yardId-inner\"]"}
RESULT: undefined
COMMAND: POST /session/92e25ae387a06d821b008f80a04495e6/execute/async - {"script":"<script> [776 bytes]","args":[{"enterText":"Warehouse Managed WDIO","selector":{"id":"application-manageyards-display-component---NewYard--addressDetailDetailsName1","interaction":{"idSuffix":"inner"}},"clearTextFirst":true,"interactionType":"ENTER_TEXT"}]}
RESULT: {"script":"<script> [776 bytes]","args":[{"enterText":"Warehouse Managed WDIO","selector":{"id":"application-manageyards-display-component---NewYard--addressDetailDetailsName1","interaction":{"idSuffix":"inner"}},"clearTextFirst":true,"interactionType":"ENTER_TEXT"}]}
RESULT: undefined
COMMAND: POST /session/92e25ae387a06d821b008f80a04495e6/element - {"using":"xpath","value":"//*[@id=\"application-manageyards-display-component---NewYard--addressDetailDetailsLanguage-arrow\"]"}
RESULT: {"using":"xpath","value":"//*[@id=\"application-manageyards-display-component---NewYard--addressDetailDetailsLanguage-arrow\"]"}
COMMAND: POST /session/92e25ae387a06d821b008f80a04495e6/element/f.2AE10C335A97376731A182912FB7EE33.d.9B3DADD2D00C95FCB95E24B604D68433.e.12675/click - {}
RESULT: {}
COMMAND: POST /session/92e25ae387a06d821b008f80a04495e6/element - {"using":"xpath","value":"//span[contains(text(), \"English\")]"}
COMMAND: GET /session/92e25ae387a06d821b008f80a04495e6/screenshot - {}
RESULT: {"using":"xpath","value":"//span[contains(text(), \"English\")]"}
COMMAND: POST /session/92e25ae387a06d821b008f80a04495e6/element/f.2AE10C335A97376731A182912FB7EE33.d.9B3DADD2D00C95FCB95E24B604D68433.e.12676/click - {}
RESULT: {}
RESULT: {}
RESULT: undefined
COMMAND: POST /session/92e25ae387a06d821b008f80a04495e6/execute/async - {"script":"<script> [776 bytes]","args":[{"enterText":"Rosario","selector":{"id":"application-manageyards-display-component---NewYard--addressDetailDetailsCity1","interaction":{"idSuffix":"inner"}},"clearTextFirst":true,"interactionType":"ENTER_TEXT"}]}
COMMAND: GET /session/92e25ae387a06d821b008f80a04495e6/screenshot - {}
RESULT: {"script":"<script> [776 bytes]","args":[{"enterText":"Rosario","selector":{"id":"application-manageyards-display-component---NewYard--addressDetailDetailsCity1","interaction":{"idSuffix":"inner"}},"clearTextFirst":true,"interactionType":"ENTER_TEXT"}]}
RESULT: undefined
COMMAND: POST /session/92e25ae387a06d821b008f80a04495e6/element - {"using":"xpath","value":"//*[@id=\"application-manageyards-display-component---NewYard--addressDetailDetailsCountry-arrow\"]"}
RESULT: {}
RESULT: {"using":"xpath","value":"//*[@id=\"application-manageyards-display-component---NewYard--addressDetailDetailsCountry-arrow\"]"}
COMMAND: POST /session/92e25ae387a06d821b008f80a04495e6/element/f.2AE10C335A97376731A182912FB7EE33.d.9B3DADD2D00C95FCB95E24B604D68433.e.12677/click - {}
RESULT: {}
COMMAND: POST /session/92e25ae387a06d821b008f80a04495e6/element - {"using":"xpath","value":"//span[contains(text(), \"Argentina\")]"}
COMMAND: GET /session/92e25ae387a06d821b008f80a04495e6/screenshot - {}
RESULT: {"using":"xpath","value":"//span[contains(text(), \"Argentina\")]"}
COMMAND: POST /session/92e25ae387a06d821b008f80a04495e6/element/f.2AE10C335A97376731A182912FB7EE33.d.9B3DADD2D00C95FCB95E24B604D68433.e.12679/click - {}
RESULT: {}
RESULT: {}
RESULT: undefined
COMMAND: POST /session/92e25ae387a06d821b008f80a04495e6/element - {"using":"xpath","value":"//*[@id=\"application-manageyards-display-component---NewYard--addressEditDetailsCostObjectCstType-arrow\"]"}
COMMAND: GET /session/92e25ae387a06d821b008f80a04495e6/screenshot - {}
RESULT: {"using":"xpath","value":"//*[@id=\"application-manageyards-display-component---NewYard--addressEditDetailsCostObjectCstType-arrow\"]"}
COMMAND: POST /session/92e25ae387a06d821b008f80a04495e6/element/f.2AE10C335A97376731A182912FB7EE33.d.9B3DADD2D00C95FCB95E24B604D68433.e.12680/click - {}
RESULT: {}
RESULT: {}
COMMAND: POST /session/92e25ae387a06d821b008f80a04495e6/element - {"using":"xpath","value":"//span[contains(text(), \"Cost Center\")]"}
COMMAND: GET /session/92e25ae387a06d821b008f80a04495e6/screenshot - {}
RESULT: {"using":"xpath","value":"//span[contains(text(), \"Cost Center\")]"}
COMMAND: POST /session/92e25ae387a06d821b008f80a04495e6/element/f.2AE10C335A97376731A182912FB7EE33.d.9B3DADD2D00C95FCB95E24B604D68433.e.12681/click - {}
RESULT: {}
RESULT: {}
COMMAND: GET /session/92e25ae387a06d821b008f80a04495e6/screenshot - {}
RESULT: {}
COMMAND: POST /session/92e25ae387a06d821b008f80a04495e6/element - {"using":"xpath","value":"//span[@id=\"application-manageyards-display-component---NewYard--addressNewCostObjectCstID-vhi\"]"}
RESULT: {"using":"xpath","value":"//span[@id=\"application-manageyards-display-component---NewYard--addressNewCostObjectCstID-vhi\"]"}
COMMAND: POST /session/92e25ae387a06d821b008f80a04495e6/execute/sync - {"script":"<script> [8489 bytes]","args":[{"element-6066-11e4-a52e-4f735466cecf":"f.2AE10C335A97376731A182912FB7EE33.d.9B3DADD2D00C95FCB95E24B604D68433.e.12685","ELEMENT":"f.2AE10C335A97376731A182912FB7EE33.d.9B3DADD2D00C95FCB95E24B604D68433.e.12685"}]}
RESULT: {"script":"<script> [8489 bytes]","args":[{"element-6066-11e4-a52e-4f735466cecf":"f.2AE10C335A97376731A182912FB7EE33.d.9B3DADD2D00C95FCB95E24B604D68433.e.12685","ELEMENT":"f.2AE10C335A97376731A182912FB7EE33.d.9B3DADD2D00C95FCB95E24B604D68433.e.12685"}]}
RESULT: undefined
COMMAND: POST /session/92e25ae387a06d821b008f80a04495e6/element - {"using":"xpath","value":"//*[@id=\"application-manageyards-display-component---NewYard--addressNewCostObjectCstID-vhi\"]"}
COMMAND: GET /session/92e25ae387a06d821b008f80a04495e6/screenshot - {}
RESULT: {"using":"xpath","value":"//*[@id=\"application-manageyards-display-component---NewYard--addressNewCostObjectCstID-vhi\"]"}
COMMAND: POST /session/92e25ae387a06d821b008f80a04495e6/element/f.2AE10C335A97376731A182912FB7EE33.d.9B3DADD2D00C95FCB95E24B604D68433.e.12685/click - {}
RESULT: {}
RESULT: {}
COMMAND: GET /session/92e25ae387a06d821b008f80a04495e6/screenshot - {}
RESULT: {}
RESULT: undefined
COMMAND: POST /session/92e25ae387a06d821b008f80a04495e6/execute/async - {"script":"<script> [776 bytes]","args":[{"enterText":"10001013","selector":{"controlType":"sap.m.SearchField","properties":{"placeholder":"Search"},"searchOpenDialogs":true,"interaction":{"idSuffix":"I"}},"clearTextFirst":true,"interactionType":"ENTER_TEXT"}]}
RESULT: {"script":"<script> [776 bytes]","args":[{"enterText":"10001013","selector":{"controlType":"sap.m.SearchField","properties":{"placeholder":"Search"},"searchOpenDialogs":true,"interaction":{"idSuffix":"I"}},"clearTextFirst":true,"interactionType":"ENTER_TEXT"}]}
COMMAND: POST /session/92e25ae387a06d821b008f80a04495e6/actions - {"actions":[{"id":"action37","type":"key","parameters":{},"actions":[{"type":"keyDown","value":"î€‡"},{"type":"pause","duration":10},{"type":"keyUp","value":"î€‡"}]}]}
RESULT: {"actions":[{"id":"action37","type":"key","parameters":{},"actions":[{"type":"keyDown","value":"î€‡"},{"type":"pause","duration":10},{"type":"keyUp","value":"î€‡"}]}]}
COMMAND: GET /session/92e25ae387a06d821b008f80a04495e6/screenshot - {}
RESULT: {}
COMMAND: POST /session/92e25ae387a06d821b008f80a04495e6/element - {"using":"xpath","value":"//span[contains(text(), \"General Management\")]"}
RESULT: {"using":"xpath","value":"//span[contains(text(), \"General Management\")]"}
COMMAND: POST /session/92e25ae387a06d821b008f80a04495e6/element/f.2AE10C335A97376731A182912FB7EE33.d.9B3DADD2D00C95FCB95E24B604D68433.e.12725/click - {}
RESULT: {}
COMMAND: GET /session/92e25ae387a06d821b008f80a04495e6/screenshot - {}
RESULT: {}
COMMAND: POST /session/92e25ae387a06d821b008f80a04495e6/element - {"using":"xpath","value":"//bdi[contains(text(), \"OK\")]"}
RESULT: {"using":"xpath","value":"//bdi[contains(text(), \"OK\")]"}
COMMAND: POST /session/92e25ae387a06d821b008f80a04495e6/element/f.2AE10C335A97376731A182912FB7EE33.d.9B3DADD2D00C95FCB95E24B604D68433.e.12726/click - {}
RESULT: {}
COMMAND: GET /session/92e25ae387a06d821b008f80a04495e6/screenshot - {}
RESULT: {}
RESULT: undefined
COMMAND: POST /session/92e25ae387a06d821b008f80a04495e6/element - {"using":"xpath","value":"//*[@id=\"application-manageyards-display-component---NewYard--addressEditDetailsCurrency-arrow\"]"}
RESULT: {"using":"xpath","value":"//*[@id=\"application-manageyards-display-component---NewYard--addressEditDetailsCurrency-arrow\"]"}
COMMAND: POST /session/92e25ae387a06d821b008f80a04495e6/element/f.2AE10C335A97376731A182912FB7EE33.d.9B3DADD2D00C95FCB95E24B604D68433.e.12729/click - {}
RESULT: {}
COMMAND: POST /session/92e25ae387a06d821b008f80a04495e6/element - {"using":"xpath","value":"//span[contains(text(), \"Euro\")]"}
COMMAND: GET /session/92e25ae387a06d821b008f80a04495e6/screenshot - {}
RESULT: {"using":"xpath","value":"//span[contains(text(), \"Euro\")]"}
COMMAND: POST /session/92e25ae387a06d821b008f80a04495e6/element/f.2AE10C335A97376731A182912FB7EE33.d.9B3DADD2D00C95FCB95E24B604D68433.e.12730/click - {}
RESULT: {}
RESULT: {}
RESULT: undefined
COMMAND: POST /session/92e25ae387a06d821b008f80a04495e6/execute/async - {"script":"<script> [776 bytes]","args":[{"enterText":"Z001","selector":{"controlType":"sap.m.Input","viewName":"etm.portal.ui.manageyards.view.New","viewId":"application-manageyards-display-component---NewYard","bindingPath":{"path":"","propertyPath":"/CONTROLLING_AREA","modelName":"NewYardModel"},"interaction":{"idSuffix":"inner"}},"clearTextFirst":true,"interactionType":"ENTER_TEXT"}]}
COMMAND: GET /session/92e25ae387a06d821b008f80a04495e6/screenshot - {}
RESULT: {"script":"<script> [776 bytes]","args":[{"enterText":"Z001","selector":{"controlType":"sap.m.Input","viewName":"etm.portal.ui.manageyards.view.New","viewId":"application-manageyards-display-component---NewYard","bindingPath":{"path":"","propertyPath":"/CONTROLLING_AREA","modelName":"NewYardModel"},"interaction":{"idSuffix":"inner"}},"clearTextFirst":true,"interactionType":"ENTER_TEXT"}]}
RESULT: undefined
COMMAND: POST /session/92e25ae387a06d821b008f80a04495e6/execute/async - {"script":"<script> [776 bytes]","args":[{"enterText":"1000","selector":{"id":"application-manageyards-display-component---NewYard--companyCodeComboBox","interaction":{"idSuffix":"inner"}},"clearTextFirst":true,"interactionType":"ENTER_TEXT"}]}
RESULT: {}
RESULT: {"script":"<script> [776 bytes]","args":[{"enterText":"1000","selector":{"id":"application-manageyards-display-component---NewYard--companyCodeComboBox","interaction":{"idSuffix":"inner"}},"clearTextFirst":true,"interactionType":"ENTER_TEXT"}]}
RESULT: undefined
COMMAND: POST /session/92e25ae387a06d821b008f80a04495e6/execute/async - {"script":"<script> [776 bytes]","args":[{"enterText":"1001","selector":{"controlType":"sap.m.Input","viewName":"etm.portal.ui.manageyards.view.New","viewId":"application-manageyards-display-component---NewYard","bindingPath":{"path":"","propertyPath":"/PLANT","modelName":"NewYardModel"},"interaction":{"idSuffix":"inner"}},"clearTextFirst":true,"interactionType":"ENTER_TEXT"}]}
RESULT: {"script":"<script> [776 bytes]","args":[{"enterText":"1001","selector":{"controlType":"sap.m.Input","viewName":"etm.portal.ui.manageyards.view.New","viewId":"application-manageyards-display-component---NewYard","bindingPath":{"path":"","propertyPath":"/PLANT","modelName":"NewYardModel"},"interaction":{"idSuffix":"inner"}},"clearTextFirst":true,"interactionType":"ENTER_TEXT"}]}
RESULT: undefined
COMMAND: POST /session/92e25ae387a06d821b008f80a04495e6/execute/async - {"script":"<script> [776 bytes]","args":[{"enterText":"C002","selector":{"controlType":"sap.m.Input","viewName":"etm.portal.ui.manageyards.view.New","viewId":"application-manageyards-display-component---NewYard","bindingPath":{"path":"","propertyPath":"/SALES_AREA_VKORG","modelName":"NewYardModel"},"interaction":{"idSuffix":"inner"}},"clearTextFirst":true,"interactionType":"ENTER_TEXT"}]}
RESULT: {"script":"<script> [776 bytes]","args":[{"enterText":"C002","selector":{"controlType":"sap.m.Input","viewName":"etm.portal.ui.manageyards.view.New","viewId":"application-manageyards-display-component---NewYard","bindingPath":{"path":"","propertyPath":"/SALES_AREA_VKORG","modelName":"NewYardModel"},"interaction":{"idSuffix":"inner"}},"clearTextFirst":true,"interactionType":"ENTER_TEXT"}]}
RESULT: undefined
COMMAND: POST /session/92e25ae387a06d821b008f80a04495e6/execute/async - {"script":"<script> [776 bytes]","args":[{"enterText":"C2","selector":{"controlType":"sap.m.Input","viewName":"etm.portal.ui.manageyards.view.New","viewId":"application-manageyards-display-component---NewYard","bindingPath":{"path":"","propertyPath":"/SALES_AREA_VTWEG","modelName":"NewYardModel"},"interaction":{"idSuffix":"inner"}},"clearTextFirst":true,"interactionType":"ENTER_TEXT"}]}
RESULT: {"script":"<script> [776 bytes]","args":[{"enterText":"C2","selector":{"controlType":"sap.m.Input","viewName":"etm.portal.ui.manageyards.view.New","viewId":"application-manageyards-display-component---NewYard","bindingPath":{"path":"","propertyPath":"/SALES_AREA_VTWEG","modelName":"NewYardModel"},"interaction":{"idSuffix":"inner"}},"clearTextFirst":true,"interactionType":"ENTER_TEXT"}]}
RESULT: undefined
COMMAND: POST /session/92e25ae387a06d821b008f80a04495e6/execute/async - {"script":"<script> [776 bytes]","args":[{"enterText":"C2","selector":{"controlType":"sap.m.Input","viewName":"etm.portal.ui.manageyards.view.New","viewId":"application-manageyards-display-component---NewYard","bindingPath":{"path":"","propertyPath":"/SALES_AREA_SPART","modelName":"NewYardModel"},"interaction":{"idSuffix":"inner"}},"clearTextFirst":true,"interactionType":"ENTER_TEXT"}]}
RESULT: {"script":"<script> [776 bytes]","args":[{"enterText":"C2","selector":{"controlType":"sap.m.Input","viewName":"etm.portal.ui.manageyards.view.New","viewId":"application-manageyards-display-component---NewYard","bindingPath":{"path":"","propertyPath":"/SALES_AREA_SPART","modelName":"NewYardModel"},"interaction":{"idSuffix":"inner"}},"clearTextFirst":true,"interactionType":"ENTER_TEXT"}]}
RESULT: undefined
COMMAND: POST /session/92e25ae387a06d821b008f80a04495e6/execute/async - {"script":"<script> [776 bytes]","args":[{"enterText":"1710","selector":{"controlType":"sap.m.Input","viewName":"etm.portal.ui.manageyards.view.New","viewId":"application-manageyards-display-component---NewYard","bindingPath":{"path":"","propertyPath":"/SHIP_POINT","modelName":"NewYardModel"},"interaction":{"idSuffix":"inner"}},"clearTextFirst":true,"interactionType":"ENTER_TEXT"}]}
RESULT: {"script":"<script> [776 bytes]","args":[{"enterText":"1710","selector":{"controlType":"sap.m.Input","viewName":"etm.portal.ui.manageyards.view.New","viewId":"application-manageyards-display-component---NewYard","bindingPath":{"path":"","propertyPath":"/SHIP_POINT","modelName":"NewYardModel"},"interaction":{"idSuffix":"inner"}},"clearTextFirst":true,"interactionType":"ENTER_TEXT"}]}
RESULT: undefined
COMMAND: POST /session/92e25ae387a06d821b008f80a04495e6/execute/async - {"script":"<script> [776 bytes]","args":[{"enterText":"ZL01","selector":{"controlType":"sap.m.Input","viewName":"etm.portal.ui.manageyards.view.New","viewId":"application-manageyards-display-component---NewYard","bindingPath":{"path":"","propertyPath":"/DELIVERY_TYPE","modelName":"NewYardModel"},"interaction":{"idSuffix":"inner"}},"clearTextFirst":true,"interactionType":"ENTER_TEXT"}]}
RESULT: {"script":"<script> [776 bytes]","args":[{"enterText":"ZL01","selector":{"controlType":"sap.m.Input","viewName":"etm.portal.ui.manageyards.view.New","viewId":"application-manageyards-display-component---NewYard","bindingPath":{"path":"","propertyPath":"/DELIVERY_TYPE","modelName":"NewYardModel"},"interaction":{"idSuffix":"inner"}},"clearTextFirst":true,"interactionType":"ENTER_TEXT"}]}
RESULT: undefined
COMMAND: POST /session/92e25ae387a06d821b008f80a04495e6/execute/async - {"script":"<script> [776 bytes]","args":[{"enterText":"TA","selector":{"controlType":"sap.m.Input","viewName":"etm.portal.ui.manageyards.view.New","viewId":"application-manageyards-display-component---NewYard","bindingPath":{"path":"","propertyPath":"/AUART","modelName":"NewYardModel"},"interaction":{"idSuffix":"inner"}},"clearTextFirst":true,"interactionType":"ENTER_TEXT"}]}
RESULT: {"script":"<script> [776 bytes]","args":[{"enterText":"TA","selector":{"controlType":"sap.m.Input","viewName":"etm.portal.ui.manageyards.view.New","viewId":"application-manageyards-display-component---NewYard","bindingPath":{"path":"","propertyPath":"/AUART","modelName":"NewYardModel"},"interaction":{"idSuffix":"inner"}},"clearTextFirst":true,"interactionType":"ENTER_TEXT"}]}
COMMAND: POST /session/92e25ae387a06d821b008f80a04495e6/execute/async - {"script":"<script> [1562 bytes]","args":[{"selector":{"id":"application-manageyards-display-component---NewYard--whmCheckBox","interaction":{"idSuffix":"CbBg"}},"wdio_ui5_key":"applicationmanageyards-display-component---NewYard--whmCheckBox"}]}
RESULT: {"script":"<script> [1562 bytes]","args":[{"selector":{"id":"application-manageyards-display-component---NewYard--whmCheckBox","interaction":{"idSuffix":"CbBg"}},"wdio_ui5_key":"applicationmanageyards-display-component---NewYard--whmCheckBox"}]}
RESULT: undefined
COMMAND: POST /session/92e25ae387a06d821b008f80a04495e6/element - {"using":"xpath","value":"//*[@id=\"application-manageyards-display-component---NewYard--whmCheckBox\"]"}
RESULT: {"using":"xpath","value":"//*[@id=\"application-manageyards-display-component---NewYard--whmCheckBox\"]"}
COMMAND: POST /session/92e25ae387a06d821b008f80a04495e6/element/f.2AE10C335A97376731A182912FB7EE33.d.9B3DADD2D00C95FCB95E24B604D68433.e.12740/click - {}
RESULT: {}
COMMAND: GET /session/92e25ae387a06d821b008f80a04495e6/screenshot - {}
RESULT: {}
COMMAND: POST /session/92e25ae387a06d821b008f80a04495e6/element - {"using":"xpath","value":"//button[@data-kt=\"newYardSaveButton\"]"}
RESULT: {"using":"xpath","value":"//button[@data-kt=\"newYardSaveButton\"]"}
COMMAND: POST /session/92e25ae387a06d821b008f80a04495e6/element/f.2AE10C335A97376731A182912FB7EE33.d.9B3DADD2D00C95FCB95E24B604D68433.e.12634/click - {}
RESULT: {}
COMMAND: GET /session/92e25ae387a06d821b008f80a04495e6/screenshot - {}
RESULT: {}
COMMAND: POST /session/92e25ae387a06d821b008f80a04495e6/element - {"using":"xpath","value":"//header[contains(@id, 'ObjectPageLayout-headerTitle')]/div[1]/div[2]/div[1]/span[1]"}
RESULT: {"using":"xpath","value":"//header[contains(@id, 'ObjectPageLayout-headerTitle')]/div[1]/div[2]/div[1]/span[1]"}
COMMAND: POST /session/92e25ae387a06d821b008f80a04495e6/elements - {"using":"xpath","value":"//header[contains(@id, 'ObjectPageLayout-headerTitle')]/div[1]/div[2]/div[1]/span[1]"}
RESULT: {"using":"xpath","value":"//header[contains(@id, 'ObjectPageLayout-headerTitle')]/div[1]/div[2]/div[1]/span[1]"}
COMMAND: POST /session/92e25ae387a06d821b008f80a04495e6/execute/sync - {"script":"<script> [56 bytes]","args":[{"element-6066-11e4-a52e-4f735466cecf":"f.2AE10C335A97376731A182912FB7EE33.d.9B3DADD2D00C95FCB95E24B604D68433.e.12944","ELEMENT":"f.2AE10C335A97376731A182912FB7EE33.d.9B3DADD2D00C95FCB95E24B604D68433.e.12944"}]}
RESULT: {"script":"<script> [56 bytes]","args":[{"element-6066-11e4-a52e-4f735466cecf":"f.2AE10C335A97376731A182912FB7EE33.d.9B3DADD2D00C95FCB95E24B604D68433.e.12944","ELEMENT":"f.2AE10C335A97376731A182912FB7EE33.d.9B3DADD2D00C95FCB95E24B604D68433.e.12944"}]}
COMMAND: GET /session/92e25ae387a06d821b008f80a04495e6/screenshot - {}
RESULT: {}
COMMAND: POST /session/92e25ae387a06d821b008f80a04495e6/element - {"using":"css selector","value":"#shell-header-logo"}
RESULT: {"using":"css selector","value":"#shell-header-logo"}
COMMAND: POST /session/92e25ae387a06d821b008f80a04495e6/element/f.2AE10C335A97376731A182912FB7EE33.d.9B3DADD2D00C95FCB95E24B604D68433.e.12211/click - {}
RESULT: {}
COMMAND: GET /session/92e25ae387a06d821b008f80a04495e6/screenshot - {}
RESULT: {}
COMMAND: POST /session/92e25ae387a06d821b008f80a04495e6/execute/sync - {"script":"<script> [299 bytes]","args":[["getModel","getResource"]]}
RESULT: {"script":"<script> [299 bytes]","args":[["getModel","getResource"]]}
]]></system-out>
    </testcase>
    <testcase classname="chrome.136_0_7103_49.windows.Create_partner_US118246" name="Should create new external WHM partner" time="96.172">
      <system-out><![CDATA[
COMMAND: POST /session/92e25ae387a06d821b008f80a04495e6/window/fullscreen - {}
COMMAND: GET /session/92e25ae387a06d821b008f80a04495e6/screenshot - {}
RESULT: {}
RESULT: undefined
COMMAND: POST /session/92e25ae387a06d821b008f80a04495e6/element - {"using":"xpath","value":"//*[@id=\"__tile38\"]"}
RESULT: {}
RESULT: {"using":"xpath","value":"//*[@id=\"__tile38\"]"}
COMMAND: POST /session/92e25ae387a06d821b008f80a04495e6/element/f.2AE10C335A97376731A182912FB7EE33.d.9B3DADD2D00C95FCB95E24B604D68433.e.10668/click - {}
RESULT: {}
COMMAND: POST /session/92e25ae387a06d821b008f80a04495e6/element - {"using":"xpath","value":"//button[@data-kt=\"addButton\"]"}
COMMAND: GET /session/92e25ae387a06d821b008f80a04495e6/screenshot - {}
RESULT: {"using":"xpath","value":"//button[@data-kt=\"addButton\"]"}
COMMAND: POST /session/92e25ae387a06d821b008f80a04495e6/elements - {"using":"xpath","value":"//button[@data-kt=\"addButton\"]"}
RESULT: {}
RESULT: {"using":"xpath","value":"//button[@data-kt=\"addButton\"]"}
COMMAND: POST /session/92e25ae387a06d821b008f80a04495e6/elements - {"using":"xpath","value":"//button[@data-kt=\"addButton\"]"}
RESULT: {"using":"xpath","value":"//button[@data-kt=\"addButton\"]"}
COMMAND: POST /session/92e25ae387a06d821b008f80a04495e6/elements - {"using":"xpath","value":"//button[@data-kt=\"addButton\"]"}
RESULT: {"using":"xpath","value":"//button[@data-kt=\"addButton\"]"}
COMMAND: POST /session/92e25ae387a06d821b008f80a04495e6/elements - {"using":"xpath","value":"//button[@data-kt=\"addButton\"]"}
RESULT: {"using":"xpath","value":"//button[@data-kt=\"addButton\"]"}
COMMAND: POST /session/92e25ae387a06d821b008f80a04495e6/elements - {"using":"xpath","value":"//button[@data-kt=\"addButton\"]"}
RESULT: {"using":"xpath","value":"//button[@data-kt=\"addButton\"]"}
COMMAND: POST /session/92e25ae387a06d821b008f80a04495e6/element - {"using":"xpath","value":"//button[@data-kt=\"addButton\"]"}
RESULT: {"using":"xpath","value":"//button[@data-kt=\"addButton\"]"}
COMMAND: POST /session/92e25ae387a06d821b008f80a04495e6/execute/sync - {"script":"<script> [8489 bytes]","args":[{"element-6066-11e4-a52e-4f735466cecf":"f.2AE10C335A97376731A182912FB7EE33.d.9B3DADD2D00C95FCB95E24B604D68433.e.12981","ELEMENT":"f.2AE10C335A97376731A182912FB7EE33.d.9B3DADD2D00C95FCB95E24B604D68433.e.12981"}]}
RESULT: {"script":"<script> [8489 bytes]","args":[{"element-6066-11e4-a52e-4f735466cecf":"f.2AE10C335A97376731A182912FB7EE33.d.9B3DADD2D00C95FCB95E24B604D68433.e.12981","ELEMENT":"f.2AE10C335A97376731A182912FB7EE33.d.9B3DADD2D00C95FCB95E24B604D68433.e.12981"}]}
COMMAND: GET /session/92e25ae387a06d821b008f80a04495e6/element/f.2AE10C335A97376731A182912FB7EE33.d.9B3DADD2D00C95FCB95E24B604D68433.e.12981/enabled - {}
COMMAND: GET /session/92e25ae387a06d821b008f80a04495e6/screenshot - {}
RESULT: {}
COMMAND: POST /session/92e25ae387a06d821b008f80a04495e6/execute/sync - {"script":"<script> [8489 bytes]","args":[{"element-6066-11e4-a52e-4f735466cecf":"f.2AE10C335A97376731A182912FB7EE33.d.9B3DADD2D00C95FCB95E24B604D68433.e.12981","ELEMENT":"f.2AE10C335A97376731A182912FB7EE33.d.9B3DADD2D00C95FCB95E24B604D68433.e.12981"}]}
COMMAND: GET /session/92e25ae387a06d821b008f80a04495e6/screenshot - {}
RESULT: {}
RESULT: {"script":"<script> [8489 bytes]","args":[{"element-6066-11e4-a52e-4f735466cecf":"f.2AE10C335A97376731A182912FB7EE33.d.9B3DADD2D00C95FCB95E24B604D68433.e.12981","ELEMENT":"f.2AE10C335A97376731A182912FB7EE33.d.9B3DADD2D00C95FCB95E24B604D68433.e.12981"}]}
COMMAND: POST /session/92e25ae387a06d821b008f80a04495e6/execute/sync - {"script":"<script> [5351 bytes]","args":[{"element-6066-11e4-a52e-4f735466cecf":"f.2AE10C335A97376731A182912FB7EE33.d.9B3DADD2D00C95FCB95E24B604D68433.e.12981","ELEMENT":"f.2AE10C335A97376731A182912FB7EE33.d.9B3DADD2D00C95FCB95E24B604D68433.e.12981"}]}
COMMAND: GET /session/92e25ae387a06d821b008f80a04495e6/screenshot - {}
RESULT: {}
RESULT: {"script":"<script> [5351 bytes]","args":[{"element-6066-11e4-a52e-4f735466cecf":"f.2AE10C335A97376731A182912FB7EE33.d.9B3DADD2D00C95FCB95E24B604D68433.e.12981","ELEMENT":"f.2AE10C335A97376731A182912FB7EE33.d.9B3DADD2D00C95FCB95E24B604D68433.e.12981"}]}
COMMAND: POST /session/92e25ae387a06d821b008f80a04495e6/element/f.2AE10C335A97376731A182912FB7EE33.d.9B3DADD2D00C95FCB95E24B604D68433.e.12981/click - {}
COMMAND: GET /session/92e25ae387a06d821b008f80a04495e6/screenshot - {}
RESULT: {}
RESULT: {}
COMMAND: GET /session/92e25ae387a06d821b008f80a04495e6/screenshot - {}
RESULT: {}
RESULT: {}
RESULT: undefined
COMMAND: POST /session/92e25ae387a06d821b008f80a04495e6/execute/async - {"script":"<script> [776 bytes]","args":[{"enterText":"External Partner WDIO","selector":{"id":"application-managepartners-display-component---NewPartner--addressDetailDetailsName1","interaction":{"idSuffix":"inner"}},"clearTextFirst":true,"interactionType":"ENTER_TEXT"}]}
RESULT: {"script":"<script> [776 bytes]","args":[{"enterText":"External Partner WDIO","selector":{"id":"application-managepartners-display-component---NewPartner--addressDetailDetailsName1","interaction":{"idSuffix":"inner"}},"clearTextFirst":true,"interactionType":"ENTER_TEXT"}]}
RESULT: undefined
COMMAND: POST /session/92e25ae387a06d821b008f80a04495e6/element - {"using":"xpath","value":"//*[@id=\"application-managepartners-display-component---NewPartner--addressDetailDetailsLanguage-arrow\"]"}
RESULT: {"using":"xpath","value":"//*[@id=\"application-managepartners-display-component---NewPartner--addressDetailDetailsLanguage-arrow\"]"}
COMMAND: POST /session/92e25ae387a06d821b008f80a04495e6/element/f.2AE10C335A97376731A182912FB7EE33.d.9B3DADD2D00C95FCB95E24B604D68433.e.13426/click - {}
RESULT: {}
COMMAND: POST /session/92e25ae387a06d821b008f80a04495e6/element - {"using":"xpath","value":"//span[contains(text(), \"English\")]"}
COMMAND: GET /session/92e25ae387a06d821b008f80a04495e6/screenshot - {}
RESULT: {"using":"xpath","value":"//span[contains(text(), \"English\")]"}
COMMAND: POST /session/92e25ae387a06d821b008f80a04495e6/element/f.2AE10C335A97376731A182912FB7EE33.d.9B3DADD2D00C95FCB95E24B604D68433.e.13427/click - {}
RESULT: {}
RESULT: {}
COMMAND: GET /session/92e25ae387a06d821b008f80a04495e6/screenshot - {}
RESULT: {}
RESULT: undefined
COMMAND: POST /session/92e25ae387a06d821b008f80a04495e6/execute/async - {"script":"<script> [776 bytes]","args":[{"enterText":"Rosario","selector":{"id":"application-managepartners-display-component---NewPartner--addressDetailDetailsCity1","interaction":{"idSuffix":"inner"}},"clearTextFirst":true,"interactionType":"ENTER_TEXT"}]}
RESULT: {"script":"<script> [776 bytes]","args":[{"enterText":"Rosario","selector":{"id":"application-managepartners-display-component---NewPartner--addressDetailDetailsCity1","interaction":{"idSuffix":"inner"}},"clearTextFirst":true,"interactionType":"ENTER_TEXT"}]}
RESULT: undefined
COMMAND: POST /session/92e25ae387a06d821b008f80a04495e6/element - {"using":"xpath","value":"//*[@id=\"application-managepartners-display-component---NewPartner--addressDetailDetailsCountry-arrow\"]"}
RESULT: {"using":"xpath","value":"//*[@id=\"application-managepartners-display-component---NewPartner--addressDetailDetailsCountry-arrow\"]"}
COMMAND: POST /session/92e25ae387a06d821b008f80a04495e6/element/f.2AE10C335A97376731A182912FB7EE33.d.9B3DADD2D00C95FCB95E24B604D68433.e.13394/click - {}
RESULT: {}
COMMAND: POST /session/92e25ae387a06d821b008f80a04495e6/element - {"using":"xpath","value":"//span[contains(text(), \"Argentina\")]"}
COMMAND: GET /session/92e25ae387a06d821b008f80a04495e6/screenshot - {}
RESULT: {"using":"xpath","value":"//span[contains(text(), \"Argentina\")]"}
COMMAND: POST /session/92e25ae387a06d821b008f80a04495e6/element/f.2AE10C335A97376731A182912FB7EE33.d.9B3DADD2D00C95FCB95E24B604D68433.e.13428/click - {}
RESULT: {}
RESULT: {}
COMMAND: GET /session/92e25ae387a06d821b008f80a04495e6/screenshot - {}
RESULT: {}
COMMAND: POST /session/92e25ae387a06d821b008f80a04495e6/element - {"using":"xpath","value":"//bdi[contains(text(), \"Commercial\")]"}
RESULT: {"using":"xpath","value":"//bdi[contains(text(), \"Commercial\")]"}
COMMAND: POST /session/92e25ae387a06d821b008f80a04495e6/element/f.2AE10C335A97376731A182912FB7EE33.d.9B3DADD2D00C95FCB95E24B604D68433.e.13429/click - {}
RESULT: {}
COMMAND: GET /session/92e25ae387a06d821b008f80a04495e6/screenshot - {}
RESULT: {}
RESULT: undefined
COMMAND: POST /session/92e25ae387a06d821b008f80a04495e6/element - {"using":"xpath","value":"//*[@id=\"application-managepartners-display-component---NewPartner--partnerDetailInternal-arrow\"]"}
RESULT: {"using":"xpath","value":"//*[@id=\"application-managepartners-display-component---NewPartner--partnerDetailInternal-arrow\"]"}
COMMAND: POST /session/92e25ae387a06d821b008f80a04495e6/element/f.2AE10C335A97376731A182912FB7EE33.d.9B3DADD2D00C95FCB95E24B604D68433.e.13435/click - {}
RESULT: {}
COMMAND: POST /session/92e25ae387a06d821b008f80a04495e6/element - {"using":"xpath","value":"//span[contains(text(), \"External partner\")]"}
COMMAND: GET /session/92e25ae387a06d821b008f80a04495e6/screenshot - {}
RESULT: {"using":"xpath","value":"//span[contains(text(), \"External partner\")]"}
COMMAND: POST /session/92e25ae387a06d821b008f80a04495e6/element/f.2AE10C335A97376731A182912FB7EE33.d.9B3DADD2D00C95FCB95E24B604D68433.e.13436/click - {}
RESULT: {}
RESULT: {}
RESULT: undefined
COMMAND: POST /session/92e25ae387a06d821b008f80a04495e6/element - {"using":"xpath","value":"//*[@id=\"application-managepartners-display-component---NewPartner--partnerDetailsCurrency-arrow\"]"}
COMMAND: GET /session/92e25ae387a06d821b008f80a04495e6/screenshot - {}
RESULT: {"using":"xpath","value":"//*[@id=\"application-managepartners-display-component---NewPartner--partnerDetailsCurrency-arrow\"]"}
COMMAND: POST /session/92e25ae387a06d821b008f80a04495e6/element/f.2AE10C335A97376731A182912FB7EE33.d.9B3DADD2D00C95FCB95E24B604D68433.e.13441/click - {}
RESULT: {}
RESULT: {}
COMMAND: POST /session/92e25ae387a06d821b008f80a04495e6/element - {"using":"xpath","value":"//span[contains(text(), \"US Dollar\")]"}
COMMAND: GET /session/92e25ae387a06d821b008f80a04495e6/screenshot - {}
RESULT: {"using":"xpath","value":"//span[contains(text(), \"US Dollar\")]"}
COMMAND: POST /session/92e25ae387a06d821b008f80a04495e6/element/f.2AE10C335A97376731A182912FB7EE33.d.9B3DADD2D00C95FCB95E24B604D68433.e.13442/click - {}
RESULT: {}
RESULT: {}
COMMAND: GET /session/92e25ae387a06d821b008f80a04495e6/screenshot - {}
RESULT: {}
COMMAND: POST /session/92e25ae387a06d821b008f80a04495e6/element - {"using":"xpath","value":"//input[@id=\"application-managepartners-display-component---NewPartner--companyCodeComboBox-inner\"]"}
RESULT: {"using":"xpath","value":"//input[@id=\"application-managepartners-display-component---NewPartner--companyCodeComboBox-inner\"]"}
COMMAND: POST /session/92e25ae387a06d821b008f80a04495e6/element/f.2AE10C335A97376731A182912FB7EE33.d.9B3DADD2D00C95FCB95E24B604D68433.e.13303/clear - {}
RESULT: {}
COMMAND: POST /session/92e25ae387a06d821b008f80a04495e6/element/f.2AE10C335A97376731A182912FB7EE33.d.9B3DADD2D00C95FCB95E24B604D68433.e.13303/value - {"text":"C002"}
COMMAND: GET /session/92e25ae387a06d821b008f80a04495e6/screenshot - {}
RESULT: {"text":"C002"}
COMMAND: GET /session/92e25ae387a06d821b008f80a04495e6/screenshot - {}
RESULT: {}
RESULT: {}
COMMAND: POST /session/92e25ae387a06d821b008f80a04495e6/element - {"using":"xpath","value":"//li[.//span[text()= \"C002\"]]"}
RESULT: {"using":"xpath","value":"//li[.//span[text()= \"C002\"]]"}
COMMAND: POST /session/92e25ae387a06d821b008f80a04495e6/element/f.2AE10C335A97376731A182912FB7EE33.d.9B3DADD2D00C95FCB95E24B604D68433.e.13446/click - {}
RESULT: {}
COMMAND: GET /session/92e25ae387a06d821b008f80a04495e6/screenshot - {}
RESULT: {}
RESULT: undefined
COMMAND: POST /session/92e25ae387a06d821b008f80a04495e6/element - {"using":"xpath","value":"//*[@id=\"application-managepartners-display-component---NewPartner--btnAddTableRow-img\"]"}
RESULT: {"using":"xpath","value":"//*[@id=\"application-managepartners-display-component---NewPartner--btnAddTableRow-img\"]"}
COMMAND: POST /session/92e25ae387a06d821b008f80a04495e6/element/f.2AE10C335A97376731A182912FB7EE33.d.9B3DADD2D00C95FCB95E24B604D68433.e.13447/click - {}
RESULT: {}
COMMAND: GET /session/92e25ae387a06d821b008f80a04495e6/screenshot - {}
RESULT: {}
COMMAND: POST /session/92e25ae387a06d821b008f80a04495e6/element - {"using":"xpath","value":"//input[@id=\"application-managepartners-display-component---NewPartner--assignmentYard-application-managepartners-display-component---NewPartner--assignmentsTable-0-inner\"]"}
RESULT: {"using":"xpath","value":"//input[@id=\"application-managepartners-display-component---NewPartner--assignmentYard-application-managepartners-display-component---NewPartner--assignmentsTable-0-inner\"]"}
COMMAND: POST /session/92e25ae387a06d821b008f80a04495e6/element/f.2AE10C335A97376731A182912FB7EE33.d.9B3DADD2D00C95FCB95E24B604D68433.e.13450/clear - {}
RESULT: {}
COMMAND: POST /session/92e25ae387a06d821b008f80a04495e6/element/f.2AE10C335A97376731A182912FB7EE33.d.9B3DADD2D00C95FCB95E24B604D68433.e.13450/value - {"text":"281"}
COMMAND: GET /session/92e25ae387a06d821b008f80a04495e6/screenshot - {}
RESULT: {"text":"281"}
COMMAND: GET /session/92e25ae387a06d821b008f80a04495e6/screenshot - {}
RESULT: {}
RESULT: {}
COMMAND: POST /session/92e25ae387a06d821b008f80a04495e6/element - {"using":"xpath","value":"//li[.//span[text()='281']]"}
RESULT: {"using":"xpath","value":"//li[.//span[text()='281']]"}
COMMAND: POST /session/92e25ae387a06d821b008f80a04495e6/element/f.2AE10C335A97376731A182912FB7EE33.d.9B3DADD2D00C95FCB95E24B604D68433.e.13458/click - {}
RESULT: {}
COMMAND: GET /session/92e25ae387a06d821b008f80a04495e6/screenshot - {}
RESULT: {}
COMMAND: POST /session/92e25ae387a06d821b008f80a04495e6/actions - {"actions":[{"id":"action38","type":"key","parameters":{},"actions":[{"type":"keyDown","value":"î€‡"},{"type":"pause","duration":10},{"type":"keyUp","value":"î€‡"}]}]}
RESULT: {"actions":[{"id":"action38","type":"key","parameters":{},"actions":[{"type":"keyDown","value":"î€‡"},{"type":"pause","duration":10},{"type":"keyUp","value":"î€‡"}]}]}
COMMAND: POST /session/92e25ae387a06d821b008f80a04495e6/element - {"using":"xpath","value":"//td[contains(@id, \"assignmentsTable-0-cell2\")]/div/div"}
COMMAND: GET /session/92e25ae387a06d821b008f80a04495e6/screenshot - {}
RESULT: {"using":"xpath","value":"//td[contains(@id, \"assignmentsTable-0-cell2\")]/div/div"}
COMMAND: POST /session/92e25ae387a06d821b008f80a04495e6/element/f.2AE10C335A97376731A182912FB7EE33.d.9B3DADD2D00C95FCB95E24B604D68433.e.13461/click - {}
RESULT: {}
RESULT: {}
COMMAND: GET /session/92e25ae387a06d821b008f80a04495e6/screenshot - {}
RESULT: {}
COMMAND: POST /session/92e25ae387a06d821b008f80a04495e6/element - {"using":"xpath","value":"//button[@data-kt=\"saveButton\"]"}
RESULT: {"using":"xpath","value":"//button[@data-kt=\"saveButton\"]"}
COMMAND: POST /session/92e25ae387a06d821b008f80a04495e6/element/f.2AE10C335A97376731A182912FB7EE33.d.9B3DADD2D00C95FCB95E24B604D68433.e.13341/click - {}
RESULT: {}
COMMAND: GET /session/92e25ae387a06d821b008f80a04495e6/screenshot - {}
RESULT: {}
COMMAND: POST /session/92e25ae387a06d821b008f80a04495e6/element - {"using":"xpath","value":"//header[contains(@id, 'ObjectPageLayout-headerTitle')]/div[1]/div[2]/div[2]/span[1]"}
RESULT: {"using":"xpath","value":"//header[contains(@id, 'ObjectPageLayout-headerTitle')]/div[1]/div[2]/div[2]/span[1]"}
COMMAND: POST /session/92e25ae387a06d821b008f80a04495e6/elements - {"using":"xpath","value":"//header[contains(@id, 'ObjectPageLayout-headerTitle')]/div[1]/div[2]/div[2]/span[1]"}
RESULT: {"using":"xpath","value":"//header[contains(@id, 'ObjectPageLayout-headerTitle')]/div[1]/div[2]/div[2]/span[1]"}
COMMAND: POST /session/92e25ae387a06d821b008f80a04495e6/execute/sync - {"script":"<script> [56 bytes]","args":[{"element-6066-11e4-a52e-4f735466cecf":"f.2AE10C335A97376731A182912FB7EE33.d.9B3DADD2D00C95FCB95E24B604D68433.e.13625","ELEMENT":"f.2AE10C335A97376731A182912FB7EE33.d.9B3DADD2D00C95FCB95E24B604D68433.e.13625"}]}
RESULT: {"script":"<script> [56 bytes]","args":[{"element-6066-11e4-a52e-4f735466cecf":"f.2AE10C335A97376731A182912FB7EE33.d.9B3DADD2D00C95FCB95E24B604D68433.e.13625","ELEMENT":"f.2AE10C335A97376731A182912FB7EE33.d.9B3DADD2D00C95FCB95E24B604D68433.e.13625"}]}
COMMAND: POST /session/92e25ae387a06d821b008f80a04495e6/element - {"using":"css selector","value":"#shell-header-logo"}
COMMAND: GET /session/92e25ae387a06d821b008f80a04495e6/screenshot - {}
RESULT: {"using":"css selector","value":"#shell-header-logo"}
COMMAND: POST /session/92e25ae387a06d821b008f80a04495e6/element/f.2AE10C335A97376731A182912FB7EE33.d.9B3DADD2D00C95FCB95E24B604D68433.e.12948/click - {}
RESULT: {}
RESULT: {}
COMMAND: GET /session/92e25ae387a06d821b008f80a04495e6/screenshot - {}
RESULT: {}
COMMAND: POST /session/92e25ae387a06d821b008f80a04495e6/execute/sync - {"script":"<script> [299 bytes]","args":[["getModel","getResource"]]}
RESULT: {"script":"<script> [299 bytes]","args":[["getModel","getResource"]]}
COMMAND: GET /session/92e25ae387a06d821b008f80a04495e6/screenshot - {}
RESULT: {}
COMMAND: DELETE /session/92e25ae387a06d821b008f80a04495e6 - {}
RESULT: {}
]]></system-out>
    </testcase>
  </testsuite>
</testsuites>