<?xml version="1.0" encoding="UTF-8"?>
<testsuites tests="80" failures="33" errors="33" skipped="0">
  <testsuite timestamp="2025-06-04T16:17:05" time="800.965" tests="8" failures="1" errors="1" skipped="0">
    <properties>
      <property name="specId" value="0" />
      <property name="suiteName" value="Stock increase - with WHM US125587" />
      <property name="capabilities" value="chrome.137_0_7151_56.windows" />
      <property name="file" value="file:///D:/a/1/s/test/specs/HTR/stock-increase.spec.js" />
    </properties>
    <testcase classname="chrome.137_0_7151_56.windows.Stock_increase_-_with_WHM_US125587" name="Should create a new WHM yard" time="126.78">
      <system-out><![CDATA[
COMMAND: POST /session/9a1232cba82ddf4e476e9164e77f8ae5/window/fullscreen - {}
RESULT: {}
COMMAND: POST /session/9a1232cba82ddf4e476e9164e77f8ae5/execute/async - {"script":"<script> [1562 bytes]","args":[{"selector":{"controlType":"sap.m.GenericTile","properties":{"header":"Manage Yards"}},"wdio_ui5_key":"sapm.GenericTile{\"header\":\"Manage Yards\"}"}]}
RESULT: {"script":"<script> [1562 bytes]","args":[{"selector":{"controlType":"sap.m.GenericTile","properties":{"header":"Manage Yards"}},"wdio_ui5_key":"sapm.GenericTile{\"header\":\"Manage Yards\"}"}]}
RESULT: undefined
COMMAND: POST /session/9a1232cba82ddf4e476e9164e77f8ae5/element - {"using":"xpath","value":"//*[@id=\"__tile41\"]"}
RESULT: {"using":"xpath","value":"//*[@id=\"__tile41\"]"}
COMMAND: POST /session/9a1232cba82ddf4e476e9164e77f8ae5/element/f.6A59EF44FD37C6BF5E8460C410EAC6E4.d.45186086CD2D60300C153F893660A960.e.128/click - {}
RESULT: {}
COMMAND: GET /session/9a1232cba82ddf4e476e9164e77f8ae5/screenshot - {}
RESULT: {}
COMMAND: POST /session/9a1232cba82ddf4e476e9164e77f8ae5/elements - {"using":"xpath","value":"//span[text()='Error']"}
RESULT: {"using":"xpath","value":"//span[text()='Error']"}
COMMAND: POST /session/9a1232cba82ddf4e476e9164e77f8ae5/element - {"using":"xpath","value":"//button[@data-kt=\"addNewYardOverflowToolbarButton\"]"}
RESULT: {"using":"xpath","value":"//button[@data-kt=\"addNewYardOverflowToolbarButton\"]"}
COMMAND: POST /session/9a1232cba82ddf4e476e9164e77f8ae5/elements - {"using":"xpath","value":"//button[@data-kt=\"addNewYardOverflowToolbarButton\"]"}
RESULT: {"using":"xpath","value":"//button[@data-kt=\"addNewYardOverflowToolbarButton\"]"}
COMMAND: POST /session/9a1232cba82ddf4e476e9164e77f8ae5/elements - {"using":"xpath","value":"//button[@data-kt=\"addNewYardOverflowToolbarButton\"]"}
RESULT: {"using":"xpath","value":"//button[@data-kt=\"addNewYardOverflowToolbarButton\"]"}
COMMAND: POST /session/9a1232cba82ddf4e476e9164e77f8ae5/elements - {"using":"xpath","value":"//button[@data-kt=\"addNewYardOverflowToolbarButton\"]"}
RESULT: {"using":"xpath","value":"//button[@data-kt=\"addNewYardOverflowToolbarButton\"]"}
COMMAND: POST /session/9a1232cba82ddf4e476e9164e77f8ae5/elements - {"using":"xpath","value":"//button[@data-kt=\"addNewYardOverflowToolbarButton\"]"}
RESULT: {"using":"xpath","value":"//button[@data-kt=\"addNewYardOverflowToolbarButton\"]"}
COMMAND: POST /session/9a1232cba82ddf4e476e9164e77f8ae5/element - {"using":"xpath","value":"//button[@data-kt=\"addNewYardOverflowToolbarButton\"]"}
RESULT: {"using":"xpath","value":"//button[@data-kt=\"addNewYardOverflowToolbarButton\"]"}
COMMAND: POST /session/9a1232cba82ddf4e476e9164e77f8ae5/execute/sync - {"script":"<script> [8489 bytes]","args":[{"element-6066-11e4-a52e-4f735466cecf":"f.6A59EF44FD37C6BF5E8460C410EAC6E4.d.45186086CD2D60300C153F893660A960.e.257","ELEMENT":"f.6A59EF44FD37C6BF5E8460C410EAC6E4.d.45186086CD2D60300C153F893660A960.e.257"}]}
RESULT: {"script":"<script> [8489 bytes]","args":[{"element-6066-11e4-a52e-4f735466cecf":"f.6A59EF44FD37C6BF5E8460C410EAC6E4.d.45186086CD2D60300C153F893660A960.e.257","ELEMENT":"f.6A59EF44FD37C6BF5E8460C410EAC6E4.d.45186086CD2D60300C153F893660A960.e.257"}]}
COMMAND: GET /session/9a1232cba82ddf4e476e9164e77f8ae5/element/f.6A59EF44FD37C6BF5E8460C410EAC6E4.d.45186086CD2D60300C153F893660A960.e.257/enabled - {}
COMMAND: GET /session/9a1232cba82ddf4e476e9164e77f8ae5/screenshot - {}
RESULT: {}
COMMAND: POST /session/9a1232cba82ddf4e476e9164e77f8ae5/execute/sync - {"script":"<script> [8489 bytes]","args":[{"element-6066-11e4-a52e-4f735466cecf":"f.6A59EF44FD37C6BF5E8460C410EAC6E4.d.45186086CD2D60300C153F893660A960.e.257","ELEMENT":"f.6A59EF44FD37C6BF5E8460C410EAC6E4.d.45186086CD2D60300C153F893660A960.e.257"}]}
COMMAND: GET /session/9a1232cba82ddf4e476e9164e77f8ae5/screenshot - {}
RESULT: {}
RESULT: {"script":"<script> [8489 bytes]","args":[{"element-6066-11e4-a52e-4f735466cecf":"f.6A59EF44FD37C6BF5E8460C410EAC6E4.d.45186086CD2D60300C153F893660A960.e.257","ELEMENT":"f.6A59EF44FD37C6BF5E8460C410EAC6E4.d.45186086CD2D60300C153F893660A960.e.257"}]}
COMMAND: POST /session/9a1232cba82ddf4e476e9164e77f8ae5/execute/sync - {"script":"<script> [5351 bytes]","args":[{"element-6066-11e4-a52e-4f735466cecf":"f.6A59EF44FD37C6BF5E8460C410EAC6E4.d.45186086CD2D60300C153F893660A960.e.257","ELEMENT":"f.6A59EF44FD37C6BF5E8460C410EAC6E4.d.45186086CD2D60300C153F893660A960.e.257"}]}
COMMAND: GET /session/9a1232cba82ddf4e476e9164e77f8ae5/screenshot - {}
RESULT: {}
RESULT: {"script":"<script> [5351 bytes]","args":[{"element-6066-11e4-a52e-4f735466cecf":"f.6A59EF44FD37C6BF5E8460C410EAC6E4.d.45186086CD2D60300C153F893660A960.e.257","ELEMENT":"f.6A59EF44FD37C6BF5E8460C410EAC6E4.d.45186086CD2D60300C153F893660A960.e.257"}]}
COMMAND: POST /session/9a1232cba82ddf4e476e9164e77f8ae5/element/f.6A59EF44FD37C6BF5E8460C410EAC6E4.d.45186086CD2D60300C153F893660A960.e.257/click - {}
COMMAND: GET /session/9a1232cba82ddf4e476e9164e77f8ae5/screenshot - {}
RESULT: {}
RESULT: {}
COMMAND: GET /session/9a1232cba82ddf4e476e9164e77f8ae5/screenshot - {}
COMMAND: POST /session/9a1232cba82ddf4e476e9164e77f8ae5/element - {"using":"xpath","value":"//input[@id=\"application-manageyards-display-component---NewYard--yardId-inner\"]"}
RESULT: {}
RESULT: {}
RESULT: {"using":"xpath","value":"//input[@id=\"application-manageyards-display-component---NewYard--yardId-inner\"]"}
COMMAND: POST /session/9a1232cba82ddf4e476e9164e77f8ae5/element - {"using":"xpath","value":"//input[@id=\"application-manageyards-display-component---NewYard--yardId-inner\"]"}
RESULT: {"using":"xpath","value":"//input[@id=\"application-manageyards-display-component---NewYard--yardId-inner\"]"}
COMMAND: POST /session/9a1232cba82ddf4e476e9164e77f8ae5/execute/async - {"script":"<script> [1562 bytes]","args":[{"selector":{"id":"application-manageyards-display-component---NewYard--addressDetailDetailsName1","interaction":{"idSuffix":"inner"}},"wdio_ui5_key":"applicationmanageyards-display-component---NewYard--addressDetailDetailsName1"}]}
RESULT: {"script":"<script> [1562 bytes]","args":[{"selector":{"id":"application-manageyards-display-component---NewYard--addressDetailDetailsName1","interaction":{"idSuffix":"inner"}},"wdio_ui5_key":"applicationmanageyards-display-component---NewYard--addressDetailDetailsName1"}]}
RESULT: undefined
COMMAND: POST /session/9a1232cba82ddf4e476e9164e77f8ae5/execute/async - {"script":"<script> [776 bytes]","args":[{"enterText":"Warehouse Managed WDIO","selector":{"id":"application-manageyards-display-component---NewYard--addressDetailDetailsName1","interaction":{"idSuffix":"inner"}},"clearTextFirst":true,"interactionType":"ENTER_TEXT"}]}
RESULT: {"script":"<script> [776 bytes]","args":[{"enterText":"Warehouse Managed WDIO","selector":{"id":"application-manageyards-display-component---NewYard--addressDetailDetailsName1","interaction":{"idSuffix":"inner"}},"clearTextFirst":true,"interactionType":"ENTER_TEXT"}]}
COMMAND: POST /session/9a1232cba82ddf4e476e9164e77f8ae5/execute/async - {"script":"<script> [1562 bytes]","args":[{"selector":{"id":"application-manageyards-display-component---NewYard--addressDetailDetailsLanguage-arrow"},"wdio_ui5_key":"applicationmanageyards-display-component---NewYard--addressDetailDetailsLanguage-arrow"}]}
RESULT: {"script":"<script> [1562 bytes]","args":[{"selector":{"id":"application-manageyards-display-component---NewYard--addressDetailDetailsLanguage-arrow"},"wdio_ui5_key":"applicationmanageyards-display-component---NewYard--addressDetailDetailsLanguage-arrow"}]}
RESULT: undefined
COMMAND: POST /session/9a1232cba82ddf4e476e9164e77f8ae5/element - {"using":"xpath","value":"//*[@id=\"application-manageyards-display-component---NewYard--addressDetailDetailsLanguage-arrow\"]"}
RESULT: {"using":"xpath","value":"//*[@id=\"application-manageyards-display-component---NewYard--addressDetailDetailsLanguage-arrow\"]"}
COMMAND: POST /session/9a1232cba82ddf4e476e9164e77f8ae5/element/f.6A59EF44FD37C6BF5E8460C410EAC6E4.d.45186086CD2D60300C153F893660A960.e.688/click - {}
RESULT: {}
COMMAND: POST /session/9a1232cba82ddf4e476e9164e77f8ae5/element - {"using":"xpath","value":"//span[contains(text(), \"English\")]"}
COMMAND: GET /session/9a1232cba82ddf4e476e9164e77f8ae5/screenshot - {}
RESULT: {"using":"xpath","value":"//span[contains(text(), \"English\")]"}
COMMAND: POST /session/9a1232cba82ddf4e476e9164e77f8ae5/element/f.6A59EF44FD37C6BF5E8460C410EAC6E4.d.45186086CD2D60300C153F893660A960.e.689/click - {}
RESULT: {}
RESULT: {}
COMMAND: POST /session/9a1232cba82ddf4e476e9164e77f8ae5/execute/async - {"script":"<script> [1562 bytes]","args":[{"selector":{"id":"application-manageyards-display-component---NewYard--addressDetailDetailsCity1","interaction":{"idSuffix":"inner"}},"wdio_ui5_key":"applicationmanageyards-display-component---NewYard--addressDetailDetailsCity1"}]}
COMMAND: GET /session/9a1232cba82ddf4e476e9164e77f8ae5/screenshot - {}
RESULT: {"script":"<script> [1562 bytes]","args":[{"selector":{"id":"application-manageyards-display-component---NewYard--addressDetailDetailsCity1","interaction":{"idSuffix":"inner"}},"wdio_ui5_key":"applicationmanageyards-display-component---NewYard--addressDetailDetailsCity1"}]}
RESULT: undefined
COMMAND: POST /session/9a1232cba82ddf4e476e9164e77f8ae5/execute/async - {"script":"<script> [776 bytes]","args":[{"enterText":"Rosario","selector":{"id":"application-manageyards-display-component---NewYard--addressDetailDetailsCity1","interaction":{"idSuffix":"inner"}},"clearTextFirst":true,"interactionType":"ENTER_TEXT"}]}
RESULT: {}
RESULT: {"script":"<script> [776 bytes]","args":[{"enterText":"Rosario","selector":{"id":"application-manageyards-display-component---NewYard--addressDetailDetailsCity1","interaction":{"idSuffix":"inner"}},"clearTextFirst":true,"interactionType":"ENTER_TEXT"}]}
COMMAND: POST /session/9a1232cba82ddf4e476e9164e77f8ae5/execute/async - {"script":"<script> [1562 bytes]","args":[{"selector":{"id":"application-manageyards-display-component---NewYard--addressDetailDetailsCountry-arrow"},"wdio_ui5_key":"applicationmanageyards-display-component---NewYard--addressDetailDetailsCountry-arrow"}]}
RESULT: {"script":"<script> [1562 bytes]","args":[{"selector":{"id":"application-manageyards-display-component---NewYard--addressDetailDetailsCountry-arrow"},"wdio_ui5_key":"applicationmanageyards-display-component---NewYard--addressDetailDetailsCountry-arrow"}]}
RESULT: undefined
COMMAND: POST /session/9a1232cba82ddf4e476e9164e77f8ae5/element - {"using":"xpath","value":"//*[@id=\"application-manageyards-display-component---NewYard--addressDetailDetailsCountry-arrow\"]"}
RESULT: {"using":"xpath","value":"//*[@id=\"application-manageyards-display-component---NewYard--addressDetailDetailsCountry-arrow\"]"}
COMMAND: POST /session/9a1232cba82ddf4e476e9164e77f8ae5/element/f.6A59EF44FD37C6BF5E8460C410EAC6E4.d.45186086CD2D60300C153F893660A960.e.691/click - {}
RESULT: {}
COMMAND: POST /session/9a1232cba82ddf4e476e9164e77f8ae5/element - {"using":"xpath","value":"//span[contains(text(), \"Argentina\")]"}
COMMAND: GET /session/9a1232cba82ddf4e476e9164e77f8ae5/screenshot - {}
RESULT: {"using":"xpath","value":"//span[contains(text(), \"Argentina\")]"}
COMMAND: POST /session/9a1232cba82ddf4e476e9164e77f8ae5/element/f.6A59EF44FD37C6BF5E8460C410EAC6E4.d.45186086CD2D60300C153F893660A960.e.693/click - {}
RESULT: {}
RESULT: {}
COMMAND: POST /session/9a1232cba82ddf4e476e9164e77f8ae5/execute/async - {"script":"<script> [1562 bytes]","args":[{"selector":{"id":"application-manageyards-display-component---NewYard--addressEditDetailsCostObjectCstType-arrow"},"wdio_ui5_key":"applicationmanageyards-display-component---NewYard--addressEditDetailsCostObjectCstType-arrow"}]}
COMMAND: GET /session/9a1232cba82ddf4e476e9164e77f8ae5/screenshot - {}
RESULT: {"script":"<script> [1562 bytes]","args":[{"selector":{"id":"application-manageyards-display-component---NewYard--addressEditDetailsCostObjectCstType-arrow"},"wdio_ui5_key":"applicationmanageyards-display-component---NewYard--addressEditDetailsCostObjectCstType-arrow"}]}
RESULT: undefined
COMMAND: POST /session/9a1232cba82ddf4e476e9164e77f8ae5/element - {"using":"xpath","value":"//*[@id=\"application-manageyards-display-component---NewYard--addressEditDetailsCostObjectCstType-arrow\"]"}
RESULT: {}
RESULT: {"using":"xpath","value":"//*[@id=\"application-manageyards-display-component---NewYard--addressEditDetailsCostObjectCstType-arrow\"]"}
COMMAND: POST /session/9a1232cba82ddf4e476e9164e77f8ae5/element/f.6A59EF44FD37C6BF5E8460C410EAC6E4.d.45186086CD2D60300C153F893660A960.e.694/click - {}
RESULT: {}
COMMAND: POST /session/9a1232cba82ddf4e476e9164e77f8ae5/element - {"using":"xpath","value":"//span[contains(text(), \"Cost Center\")]"}
COMMAND: GET /session/9a1232cba82ddf4e476e9164e77f8ae5/screenshot - {}
RESULT: {"using":"xpath","value":"//span[contains(text(), \"Cost Center\")]"}
COMMAND: POST /session/9a1232cba82ddf4e476e9164e77f8ae5/element/f.6A59EF44FD37C6BF5E8460C410EAC6E4.d.45186086CD2D60300C153F893660A960.e.695/click - {}
RESULT: {}
RESULT: {}
COMMAND: GET /session/9a1232cba82ddf4e476e9164e77f8ae5/screenshot - {}
RESULT: {}
COMMAND: POST /session/9a1232cba82ddf4e476e9164e77f8ae5/element - {"using":"xpath","value":"//span[@id=\"application-manageyards-display-component---NewYard--addressNewCostObjectCstID-vhi\"]"}
RESULT: {"using":"xpath","value":"//span[@id=\"application-manageyards-display-component---NewYard--addressNewCostObjectCstID-vhi\"]"}
COMMAND: POST /session/9a1232cba82ddf4e476e9164e77f8ae5/execute/sync - {"script":"<script> [8489 bytes]","args":[{"element-6066-11e4-a52e-4f735466cecf":"f.6A59EF44FD37C6BF5E8460C410EAC6E4.d.45186086CD2D60300C153F893660A960.e.699","ELEMENT":"f.6A59EF44FD37C6BF5E8460C410EAC6E4.d.45186086CD2D60300C153F893660A960.e.699"}]}
RESULT: {"script":"<script> [8489 bytes]","args":[{"element-6066-11e4-a52e-4f735466cecf":"f.6A59EF44FD37C6BF5E8460C410EAC6E4.d.45186086CD2D60300C153F893660A960.e.699","ELEMENT":"f.6A59EF44FD37C6BF5E8460C410EAC6E4.d.45186086CD2D60300C153F893660A960.e.699"}]}
COMMAND: POST /session/9a1232cba82ddf4e476e9164e77f8ae5/execute/async - {"script":"<script> [1562 bytes]","args":[{"selector":{"id":"application-manageyards-display-component---NewYard--addressNewCostObjectCstID-vhi"},"wdio_ui5_key":"applicationmanageyards-display-component---NewYard--addressNewCostObjectCstID-vhi"}]}
COMMAND: GET /session/9a1232cba82ddf4e476e9164e77f8ae5/screenshot - {}
RESULT: {"script":"<script> [1562 bytes]","args":[{"selector":{"id":"application-manageyards-display-component---NewYard--addressNewCostObjectCstID-vhi"},"wdio_ui5_key":"applicationmanageyards-display-component---NewYard--addressNewCostObjectCstID-vhi"}]}
RESULT: undefined
COMMAND: POST /session/9a1232cba82ddf4e476e9164e77f8ae5/element - {"using":"xpath","value":"//*[@id=\"application-manageyards-display-component---NewYard--addressNewCostObjectCstID-vhi\"]"}
RESULT: {}
RESULT: {"using":"xpath","value":"//*[@id=\"application-manageyards-display-component---NewYard--addressNewCostObjectCstID-vhi\"]"}
COMMAND: POST /session/9a1232cba82ddf4e476e9164e77f8ae5/element/f.6A59EF44FD37C6BF5E8460C410EAC6E4.d.45186086CD2D60300C153F893660A960.e.699/click - {}
RESULT: {}
COMMAND: GET /session/9a1232cba82ddf4e476e9164e77f8ae5/screenshot - {}
RESULT: {}
COMMAND: POST /session/9a1232cba82ddf4e476e9164e77f8ae5/execute/async - {"script":"<script> [1562 bytes]","args":[{"selector":{"controlType":"sap.m.SearchField","properties":{"placeholder":"Search"},"searchOpenDialogs":true,"interaction":{"idSuffix":"I"}},"wdio_ui5_key":"sapm.SearchField{\"placeholder\":\"Search\"}"}]}
RESULT: {"script":"<script> [1562 bytes]","args":[{"selector":{"controlType":"sap.m.SearchField","properties":{"placeholder":"Search"},"searchOpenDialogs":true,"interaction":{"idSuffix":"I"}},"wdio_ui5_key":"sapm.SearchField{\"placeholder\":\"Search\"}"}]}
RESULT: undefined
COMMAND: POST /session/9a1232cba82ddf4e476e9164e77f8ae5/execute/async - {"script":"<script> [776 bytes]","args":[{"enterText":"bauh_b","selector":{"controlType":"sap.m.SearchField","properties":{"placeholder":"Search"},"searchOpenDialogs":true,"interaction":{"idSuffix":"I"}},"clearTextFirst":true,"interactionType":"ENTER_TEXT"}]}
RESULT: {"script":"<script> [776 bytes]","args":[{"enterText":"bauh_b","selector":{"controlType":"sap.m.SearchField","properties":{"placeholder":"Search"},"searchOpenDialogs":true,"interaction":{"idSuffix":"I"}},"clearTextFirst":true,"interactionType":"ENTER_TEXT"}]}
COMMAND: POST /session/9a1232cba82ddf4e476e9164e77f8ae5/actions - {"actions":[{"id":"action1","type":"key","parameters":{},"actions":[{"type":"keyDown","value":"î€‡"},{"type":"pause","duration":10},{"type":"keyUp","value":"î€‡"}]}]}
RESULT: {"actions":[{"id":"action1","type":"key","parameters":{},"actions":[{"type":"keyDown","value":"î€‡"},{"type":"pause","duration":10},{"type":"keyUp","value":"î€‡"}]}]}
COMMAND: GET /session/9a1232cba82ddf4e476e9164e77f8ae5/screenshot - {}
RESULT: {}
COMMAND: POST /session/9a1232cba82ddf4e476e9164e77f8ae5/element - {"using":"xpath","value":"//span[contains(text(), \"Demo Yard\")]"}
RESULT: {"using":"xpath","value":"//span[contains(text(), \"Demo Yard\")]"}
COMMAND: POST /session/9a1232cba82ddf4e476e9164e77f8ae5/element/f.6A59EF44FD37C6BF5E8460C410EAC6E4.d.45186086CD2D60300C153F893660A960.e.740/click - {}
RESULT: {}
COMMAND: GET /session/9a1232cba82ddf4e476e9164e77f8ae5/screenshot - {}
RESULT: {}
COMMAND: POST /session/9a1232cba82ddf4e476e9164e77f8ae5/element - {"using":"xpath","value":"//bdi[contains(text(), \"OK\")]"}
RESULT: {"using":"xpath","value":"//bdi[contains(text(), \"OK\")]"}
COMMAND: POST /session/9a1232cba82ddf4e476e9164e77f8ae5/element/f.6A59EF44FD37C6BF5E8460C410EAC6E4.d.45186086CD2D60300C153F893660A960.e.741/click - {}
RESULT: {}
COMMAND: GET /session/9a1232cba82ddf4e476e9164e77f8ae5/screenshot - {}
RESULT: {}
COMMAND: POST /session/9a1232cba82ddf4e476e9164e77f8ae5/execute/async - {"script":"<script> [1562 bytes]","args":[{"selector":{"id":"application-manageyards-display-component---NewYard--addressEditDetailsCurrency-arrow"},"wdio_ui5_key":"applicationmanageyards-display-component---NewYard--addressEditDetailsCurrency-arrow"}]}
RESULT: {"script":"<script> [1562 bytes]","args":[{"selector":{"id":"application-manageyards-display-component---NewYard--addressEditDetailsCurrency-arrow"},"wdio_ui5_key":"applicationmanageyards-display-component---NewYard--addressEditDetailsCurrency-arrow"}]}
RESULT: undefined
COMMAND: POST /session/9a1232cba82ddf4e476e9164e77f8ae5/element - {"using":"xpath","value":"//*[@id=\"application-manageyards-display-component---NewYard--addressEditDetailsCurrency-arrow\"]"}
RESULT: {"using":"xpath","value":"//*[@id=\"application-manageyards-display-component---NewYard--addressEditDetailsCurrency-arrow\"]"}
COMMAND: POST /session/9a1232cba82ddf4e476e9164e77f8ae5/element/f.6A59EF44FD37C6BF5E8460C410EAC6E4.d.45186086CD2D60300C153F893660A960.e.744/click - {}
RESULT: {}
COMMAND: POST /session/9a1232cba82ddf4e476e9164e77f8ae5/element - {"using":"xpath","value":"//span[contains(text(), \"Euro\")]"}
COMMAND: GET /session/9a1232cba82ddf4e476e9164e77f8ae5/screenshot - {}
RESULT: {"using":"xpath","value":"//span[contains(text(), \"Euro\")]"}
COMMAND: POST /session/9a1232cba82ddf4e476e9164e77f8ae5/element/f.6A59EF44FD37C6BF5E8460C410EAC6E4.d.45186086CD2D60300C153F893660A960.e.745/click - {}
RESULT: {}
RESULT: {}
COMMAND: POST /session/9a1232cba82ddf4e476e9164e77f8ae5/execute/async - {"script":"<script> [1562 bytes]","args":[{"selector":{"controlType":"sap.m.Input","viewName":"etm.portal.ui.manageyards.view.New","viewId":"application-manageyards-display-component---NewYard","bindingPath":{"path":"","propertyPath":"/CONTROLLING_AREA","modelName":"NewYardModel"},"interaction":{"idSuffix":"inner"}},"wdio_ui5_key":"etmportal.ui.manageyards.view.Newsap.m.Input{\"path\":\"\",\"propertyPath\":\"/CONTROLLING_AREA\",\"modelName\":\"NewYardModel\"}"}]}
COMMAND: GET /session/9a1232cba82ddf4e476e9164e77f8ae5/screenshot - {}
RESULT: {"script":"<script> [1562 bytes]","args":[{"selector":{"controlType":"sap.m.Input","viewName":"etm.portal.ui.manageyards.view.New","viewId":"application-manageyards-display-component---NewYard","bindingPath":{"path":"","propertyPath":"/CONTROLLING_AREA","modelName":"NewYardModel"},"interaction":{"idSuffix":"inner"}},"wdio_ui5_key":"etmportal.ui.manageyards.view.Newsap.m.Input{\"path\":\"\",\"propertyPath\":\"/CONTROLLING_AREA\",\"modelName\":\"NewYardModel\"}"}]}
RESULT: undefined
COMMAND: POST /session/9a1232cba82ddf4e476e9164e77f8ae5/execute/async - {"script":"<script> [776 bytes]","args":[{"enterText":"Z001","selector":{"controlType":"sap.m.Input","viewName":"etm.portal.ui.manageyards.view.New","viewId":"application-manageyards-display-component---NewYard","bindingPath":{"path":"","propertyPath":"/CONTROLLING_AREA","modelName":"NewYardModel"},"interaction":{"idSuffix":"inner"}},"clearTextFirst":true,"interactionType":"ENTER_TEXT"}]}
RESULT: {}
RESULT: {"script":"<script> [776 bytes]","args":[{"enterText":"Z001","selector":{"controlType":"sap.m.Input","viewName":"etm.portal.ui.manageyards.view.New","viewId":"application-manageyards-display-component---NewYard","bindingPath":{"path":"","propertyPath":"/CONTROLLING_AREA","modelName":"NewYardModel"},"interaction":{"idSuffix":"inner"}},"clearTextFirst":true,"interactionType":"ENTER_TEXT"}]}
COMMAND: POST /session/9a1232cba82ddf4e476e9164e77f8ae5/execute/async - {"script":"<script> [1562 bytes]","args":[{"selector":{"id":"application-manageyards-display-component---NewYard--companyCodeComboBox","interaction":{"idSuffix":"inner"}},"wdio_ui5_key":"applicationmanageyards-display-component---NewYard--companyCodeComboBox"}]}
RESULT: {"script":"<script> [1562 bytes]","args":[{"selector":{"id":"application-manageyards-display-component---NewYard--companyCodeComboBox","interaction":{"idSuffix":"inner"}},"wdio_ui5_key":"applicationmanageyards-display-component---NewYard--companyCodeComboBox"}]}
RESULT: undefined
COMMAND: POST /session/9a1232cba82ddf4e476e9164e77f8ae5/execute/async - {"script":"<script> [776 bytes]","args":[{"enterText":"1000","selector":{"id":"application-manageyards-display-component---NewYard--companyCodeComboBox","interaction":{"idSuffix":"inner"}},"clearTextFirst":true,"interactionType":"ENTER_TEXT"}]}
RESULT: {"script":"<script> [776 bytes]","args":[{"enterText":"1000","selector":{"id":"application-manageyards-display-component---NewYard--companyCodeComboBox","interaction":{"idSuffix":"inner"}},"clearTextFirst":true,"interactionType":"ENTER_TEXT"}]}
COMMAND: POST /session/9a1232cba82ddf4e476e9164e77f8ae5/execute/async - {"script":"<script> [1562 bytes]","args":[{"selector":{"controlType":"sap.m.Input","viewName":"etm.portal.ui.manageyards.view.New","viewId":"application-manageyards-display-component---NewYard","bindingPath":{"path":"","propertyPath":"/PLANT","modelName":"NewYardModel"},"interaction":{"idSuffix":"inner"}},"wdio_ui5_key":"etmportal.ui.manageyards.view.Newsap.m.Input{\"path\":\"\",\"propertyPath\":\"/PLANT\",\"modelName\":\"NewYardModel\"}"}]}
RESULT: {"script":"<script> [1562 bytes]","args":[{"selector":{"controlType":"sap.m.Input","viewName":"etm.portal.ui.manageyards.view.New","viewId":"application-manageyards-display-component---NewYard","bindingPath":{"path":"","propertyPath":"/PLANT","modelName":"NewYardModel"},"interaction":{"idSuffix":"inner"}},"wdio_ui5_key":"etmportal.ui.manageyards.view.Newsap.m.Input{\"path\":\"\",\"propertyPath\":\"/PLANT\",\"modelName\":\"NewYardModel\"}"}]}
RESULT: undefined
COMMAND: POST /session/9a1232cba82ddf4e476e9164e77f8ae5/execute/async - {"script":"<script> [776 bytes]","args":[{"enterText":"1001","selector":{"controlType":"sap.m.Input","viewName":"etm.portal.ui.manageyards.view.New","viewId":"application-manageyards-display-component---NewYard","bindingPath":{"path":"","propertyPath":"/PLANT","modelName":"NewYardModel"},"interaction":{"idSuffix":"inner"}},"clearTextFirst":true,"interactionType":"ENTER_TEXT"}]}
RESULT: {"script":"<script> [776 bytes]","args":[{"enterText":"1001","selector":{"controlType":"sap.m.Input","viewName":"etm.portal.ui.manageyards.view.New","viewId":"application-manageyards-display-component---NewYard","bindingPath":{"path":"","propertyPath":"/PLANT","modelName":"NewYardModel"},"interaction":{"idSuffix":"inner"}},"clearTextFirst":true,"interactionType":"ENTER_TEXT"}]}
COMMAND: POST /session/9a1232cba82ddf4e476e9164e77f8ae5/execute/async - {"script":"<script> [1562 bytes]","args":[{"selector":{"controlType":"sap.m.Input","viewName":"etm.portal.ui.manageyards.view.New","viewId":"application-manageyards-display-component---NewYard","bindingPath":{"path":"","propertyPath":"/SALES_AREA_VKORG","modelName":"NewYardModel"},"interaction":{"idSuffix":"inner"}},"wdio_ui5_key":"etmportal.ui.manageyards.view.Newsap.m.Input{\"path\":\"\",\"propertyPath\":\"/SALES_AREA_VKORG\",\"modelName\":\"NewYardModel\"}"}]}
RESULT: {"script":"<script> [1562 bytes]","args":[{"selector":{"controlType":"sap.m.Input","viewName":"etm.portal.ui.manageyards.view.New","viewId":"application-manageyards-display-component---NewYard","bindingPath":{"path":"","propertyPath":"/SALES_AREA_VKORG","modelName":"NewYardModel"},"interaction":{"idSuffix":"inner"}},"wdio_ui5_key":"etmportal.ui.manageyards.view.Newsap.m.Input{\"path\":\"\",\"propertyPath\":\"/SALES_AREA_VKORG\",\"modelName\":\"NewYardModel\"}"}]}
RESULT: undefined
COMMAND: POST /session/9a1232cba82ddf4e476e9164e77f8ae5/execute/async - {"script":"<script> [776 bytes]","args":[{"enterText":"C002","selector":{"controlType":"sap.m.Input","viewName":"etm.portal.ui.manageyards.view.New","viewId":"application-manageyards-display-component---NewYard","bindingPath":{"path":"","propertyPath":"/SALES_AREA_VKORG","modelName":"NewYardModel"},"interaction":{"idSuffix":"inner"}},"clearTextFirst":true,"interactionType":"ENTER_TEXT"}]}
RESULT: {"script":"<script> [776 bytes]","args":[{"enterText":"C002","selector":{"controlType":"sap.m.Input","viewName":"etm.portal.ui.manageyards.view.New","viewId":"application-manageyards-display-component---NewYard","bindingPath":{"path":"","propertyPath":"/SALES_AREA_VKORG","modelName":"NewYardModel"},"interaction":{"idSuffix":"inner"}},"clearTextFirst":true,"interactionType":"ENTER_TEXT"}]}
COMMAND: POST /session/9a1232cba82ddf4e476e9164e77f8ae5/execute/async - {"script":"<script> [1562 bytes]","args":[{"selector":{"controlType":"sap.m.Input","viewName":"etm.portal.ui.manageyards.view.New","viewId":"application-manageyards-display-component---NewYard","bindingPath":{"path":"","propertyPath":"/SALES_AREA_VTWEG","modelName":"NewYardModel"},"interaction":{"idSuffix":"inner"}},"wdio_ui5_key":"etmportal.ui.manageyards.view.Newsap.m.Input{\"path\":\"\",\"propertyPath\":\"/SALES_AREA_VTWEG\",\"modelName\":\"NewYardModel\"}"}]}
RESULT: {"script":"<script> [1562 bytes]","args":[{"selector":{"controlType":"sap.m.Input","viewName":"etm.portal.ui.manageyards.view.New","viewId":"application-manageyards-display-component---NewYard","bindingPath":{"path":"","propertyPath":"/SALES_AREA_VTWEG","modelName":"NewYardModel"},"interaction":{"idSuffix":"inner"}},"wdio_ui5_key":"etmportal.ui.manageyards.view.Newsap.m.Input{\"path\":\"\",\"propertyPath\":\"/SALES_AREA_VTWEG\",\"modelName\":\"NewYardModel\"}"}]}
RESULT: undefined
COMMAND: POST /session/9a1232cba82ddf4e476e9164e77f8ae5/execute/async - {"script":"<script> [776 bytes]","args":[{"enterText":"C2","selector":{"controlType":"sap.m.Input","viewName":"etm.portal.ui.manageyards.view.New","viewId":"application-manageyards-display-component---NewYard","bindingPath":{"path":"","propertyPath":"/SALES_AREA_VTWEG","modelName":"NewYardModel"},"interaction":{"idSuffix":"inner"}},"clearTextFirst":true,"interactionType":"ENTER_TEXT"}]}
RESULT: {"script":"<script> [776 bytes]","args":[{"enterText":"C2","selector":{"controlType":"sap.m.Input","viewName":"etm.portal.ui.manageyards.view.New","viewId":"application-manageyards-display-component---NewYard","bindingPath":{"path":"","propertyPath":"/SALES_AREA_VTWEG","modelName":"NewYardModel"},"interaction":{"idSuffix":"inner"}},"clearTextFirst":true,"interactionType":"ENTER_TEXT"}]}
COMMAND: POST /session/9a1232cba82ddf4e476e9164e77f8ae5/execute/async - {"script":"<script> [1562 bytes]","args":[{"selector":{"controlType":"sap.m.Input","viewName":"etm.portal.ui.manageyards.view.New","viewId":"application-manageyards-display-component---NewYard","bindingPath":{"path":"","propertyPath":"/SALES_AREA_SPART","modelName":"NewYardModel"},"interaction":{"idSuffix":"inner"}},"wdio_ui5_key":"etmportal.ui.manageyards.view.Newsap.m.Input{\"path\":\"\",\"propertyPath\":\"/SALES_AREA_SPART\",\"modelName\":\"NewYardModel\"}"}]}
RESULT: {"script":"<script> [1562 bytes]","args":[{"selector":{"controlType":"sap.m.Input","viewName":"etm.portal.ui.manageyards.view.New","viewId":"application-manageyards-display-component---NewYard","bindingPath":{"path":"","propertyPath":"/SALES_AREA_SPART","modelName":"NewYardModel"},"interaction":{"idSuffix":"inner"}},"wdio_ui5_key":"etmportal.ui.manageyards.view.Newsap.m.Input{\"path\":\"\",\"propertyPath\":\"/SALES_AREA_SPART\",\"modelName\":\"NewYardModel\"}"}]}
RESULT: undefined
COMMAND: POST /session/9a1232cba82ddf4e476e9164e77f8ae5/execute/async - {"script":"<script> [776 bytes]","args":[{"enterText":"C2","selector":{"controlType":"sap.m.Input","viewName":"etm.portal.ui.manageyards.view.New","viewId":"application-manageyards-display-component---NewYard","bindingPath":{"path":"","propertyPath":"/SALES_AREA_SPART","modelName":"NewYardModel"},"interaction":{"idSuffix":"inner"}},"clearTextFirst":true,"interactionType":"ENTER_TEXT"}]}
RESULT: {"script":"<script> [776 bytes]","args":[{"enterText":"C2","selector":{"controlType":"sap.m.Input","viewName":"etm.portal.ui.manageyards.view.New","viewId":"application-manageyards-display-component---NewYard","bindingPath":{"path":"","propertyPath":"/SALES_AREA_SPART","modelName":"NewYardModel"},"interaction":{"idSuffix":"inner"}},"clearTextFirst":true,"interactionType":"ENTER_TEXT"}]}
COMMAND: POST /session/9a1232cba82ddf4e476e9164e77f8ae5/execute/async - {"script":"<script> [1562 bytes]","args":[{"selector":{"controlType":"sap.m.Input","viewName":"etm.portal.ui.manageyards.view.New","viewId":"application-manageyards-display-component---NewYard","bindingPath":{"path":"","propertyPath":"/SHIP_POINT","modelName":"NewYardModel"},"interaction":{"idSuffix":"inner"}},"wdio_ui5_key":"etmportal.ui.manageyards.view.Newsap.m.Input{\"path\":\"\",\"propertyPath\":\"/SHIP_POINT\",\"modelName\":\"NewYardModel\"}"}]}
RESULT: {"script":"<script> [1562 bytes]","args":[{"selector":{"controlType":"sap.m.Input","viewName":"etm.portal.ui.manageyards.view.New","viewId":"application-manageyards-display-component---NewYard","bindingPath":{"path":"","propertyPath":"/SHIP_POINT","modelName":"NewYardModel"},"interaction":{"idSuffix":"inner"}},"wdio_ui5_key":"etmportal.ui.manageyards.view.Newsap.m.Input{\"path\":\"\",\"propertyPath\":\"/SHIP_POINT\",\"modelName\":\"NewYardModel\"}"}]}
RESULT: undefined
COMMAND: POST /session/9a1232cba82ddf4e476e9164e77f8ae5/execute/async - {"script":"<script> [776 bytes]","args":[{"enterText":"1710","selector":{"controlType":"sap.m.Input","viewName":"etm.portal.ui.manageyards.view.New","viewId":"application-manageyards-display-component---NewYard","bindingPath":{"path":"","propertyPath":"/SHIP_POINT","modelName":"NewYardModel"},"interaction":{"idSuffix":"inner"}},"clearTextFirst":true,"interactionType":"ENTER_TEXT"}]}
RESULT: {"script":"<script> [776 bytes]","args":[{"enterText":"1710","selector":{"controlType":"sap.m.Input","viewName":"etm.portal.ui.manageyards.view.New","viewId":"application-manageyards-display-component---NewYard","bindingPath":{"path":"","propertyPath":"/SHIP_POINT","modelName":"NewYardModel"},"interaction":{"idSuffix":"inner"}},"clearTextFirst":true,"interactionType":"ENTER_TEXT"}]}
COMMAND: POST /session/9a1232cba82ddf4e476e9164e77f8ae5/execute/async - {"script":"<script> [1562 bytes]","args":[{"selector":{"controlType":"sap.m.Input","viewName":"etm.portal.ui.manageyards.view.New","viewId":"application-manageyards-display-component---NewYard","bindingPath":{"path":"","propertyPath":"/DELIVERY_TYPE","modelName":"NewYardModel"},"interaction":{"idSuffix":"inner"}},"wdio_ui5_key":"etmportal.ui.manageyards.view.Newsap.m.Input{\"path\":\"\",\"propertyPath\":\"/DELIVERY_TYPE\",\"modelName\":\"NewYardModel\"}"}]}
RESULT: {"script":"<script> [1562 bytes]","args":[{"selector":{"controlType":"sap.m.Input","viewName":"etm.portal.ui.manageyards.view.New","viewId":"application-manageyards-display-component---NewYard","bindingPath":{"path":"","propertyPath":"/DELIVERY_TYPE","modelName":"NewYardModel"},"interaction":{"idSuffix":"inner"}},"wdio_ui5_key":"etmportal.ui.manageyards.view.Newsap.m.Input{\"path\":\"\",\"propertyPath\":\"/DELIVERY_TYPE\",\"modelName\":\"NewYardModel\"}"}]}
RESULT: undefined
COMMAND: POST /session/9a1232cba82ddf4e476e9164e77f8ae5/execute/async - {"script":"<script> [776 bytes]","args":[{"enterText":"ZL01","selector":{"controlType":"sap.m.Input","viewName":"etm.portal.ui.manageyards.view.New","viewId":"application-manageyards-display-component---NewYard","bindingPath":{"path":"","propertyPath":"/DELIVERY_TYPE","modelName":"NewYardModel"},"interaction":{"idSuffix":"inner"}},"clearTextFirst":true,"interactionType":"ENTER_TEXT"}]}
RESULT: {"script":"<script> [776 bytes]","args":[{"enterText":"ZL01","selector":{"controlType":"sap.m.Input","viewName":"etm.portal.ui.manageyards.view.New","viewId":"application-manageyards-display-component---NewYard","bindingPath":{"path":"","propertyPath":"/DELIVERY_TYPE","modelName":"NewYardModel"},"interaction":{"idSuffix":"inner"}},"clearTextFirst":true,"interactionType":"ENTER_TEXT"}]}
COMMAND: POST /session/9a1232cba82ddf4e476e9164e77f8ae5/execute/async - {"script":"<script> [1562 bytes]","args":[{"selector":{"controlType":"sap.m.Input","viewName":"etm.portal.ui.manageyards.view.New","viewId":"application-manageyards-display-component---NewYard","bindingPath":{"path":"","propertyPath":"/AUART","modelName":"NewYardModel"},"interaction":{"idSuffix":"inner"}},"wdio_ui5_key":"etmportal.ui.manageyards.view.Newsap.m.Input{\"path\":\"\",\"propertyPath\":\"/AUART\",\"modelName\":\"NewYardModel\"}"}]}
RESULT: {"script":"<script> [1562 bytes]","args":[{"selector":{"controlType":"sap.m.Input","viewName":"etm.portal.ui.manageyards.view.New","viewId":"application-manageyards-display-component---NewYard","bindingPath":{"path":"","propertyPath":"/AUART","modelName":"NewYardModel"},"interaction":{"idSuffix":"inner"}},"wdio_ui5_key":"etmportal.ui.manageyards.view.Newsap.m.Input{\"path\":\"\",\"propertyPath\":\"/AUART\",\"modelName\":\"NewYardModel\"}"}]}
RESULT: undefined
COMMAND: POST /session/9a1232cba82ddf4e476e9164e77f8ae5/execute/async - {"script":"<script> [776 bytes]","args":[{"enterText":"TA","selector":{"controlType":"sap.m.Input","viewName":"etm.portal.ui.manageyards.view.New","viewId":"application-manageyards-display-component---NewYard","bindingPath":{"path":"","propertyPath":"/AUART","modelName":"NewYardModel"},"interaction":{"idSuffix":"inner"}},"clearTextFirst":true,"interactionType":"ENTER_TEXT"}]}
RESULT: {"script":"<script> [776 bytes]","args":[{"enterText":"TA","selector":{"controlType":"sap.m.Input","viewName":"etm.portal.ui.manageyards.view.New","viewId":"application-manageyards-display-component---NewYard","bindingPath":{"path":"","propertyPath":"/AUART","modelName":"NewYardModel"},"interaction":{"idSuffix":"inner"}},"clearTextFirst":true,"interactionType":"ENTER_TEXT"}]}
COMMAND: POST /session/9a1232cba82ddf4e476e9164e77f8ae5/execute/async - {"script":"<script> [1562 bytes]","args":[{"selector":{"id":"application-manageyards-display-component---NewYard--whmCheckBox","interaction":{"idSuffix":"CbBg"}},"wdio_ui5_key":"applicationmanageyards-display-component---NewYard--whmCheckBox"}]}
RESULT: {"script":"<script> [1562 bytes]","args":[{"selector":{"id":"application-manageyards-display-component---NewYard--whmCheckBox","interaction":{"idSuffix":"CbBg"}},"wdio_ui5_key":"applicationmanageyards-display-component---NewYard--whmCheckBox"}]}
RESULT: undefined
COMMAND: POST /session/9a1232cba82ddf4e476e9164e77f8ae5/element - {"using":"xpath","value":"//*[@id=\"application-manageyards-display-component---NewYard--whmCheckBox\"]"}
RESULT: {"using":"xpath","value":"//*[@id=\"application-manageyards-display-component---NewYard--whmCheckBox\"]"}
COMMAND: POST /session/9a1232cba82ddf4e476e9164e77f8ae5/element/f.6A59EF44FD37C6BF5E8460C410EAC6E4.d.45186086CD2D60300C153F893660A960.e.765/click - {}
RESULT: {}
COMMAND: GET /session/9a1232cba82ddf4e476e9164e77f8ae5/screenshot - {}
RESULT: {}
COMMAND: POST /session/9a1232cba82ddf4e476e9164e77f8ae5/element - {"using":"xpath","value":"//button[@data-kt=\"newYardSaveButton\"]"}
RESULT: {"using":"xpath","value":"//button[@data-kt=\"newYardSaveButton\"]"}
COMMAND: POST /session/9a1232cba82ddf4e476e9164e77f8ae5/element/f.6A59EF44FD37C6BF5E8460C410EAC6E4.d.45186086CD2D60300C153F893660A960.e.673/click - {}
RESULT: {}
COMMAND: GET /session/9a1232cba82ddf4e476e9164e77f8ae5/screenshot - {}
RESULT: {}
COMMAND: POST /session/9a1232cba82ddf4e476e9164e77f8ae5/element - {"using":"xpath","value":"//header[contains(@id, 'ObjectPageLayout-headerTitle')]/div[1]/div[2]/div[1]/span[1]"}
RESULT: {"using":"xpath","value":"//header[contains(@id, 'ObjectPageLayout-headerTitle')]/div[1]/div[2]/div[1]/span[1]"}
COMMAND: POST /session/9a1232cba82ddf4e476e9164e77f8ae5/elements - {"using":"xpath","value":"//header[contains(@id, 'ObjectPageLayout-headerTitle')]/div[1]/div[2]/div[1]/span[1]"}
RESULT: {"using":"xpath","value":"//header[contains(@id, 'ObjectPageLayout-headerTitle')]/div[1]/div[2]/div[1]/span[1]"}
COMMAND: POST /session/9a1232cba82ddf4e476e9164e77f8ae5/execute/sync - {"script":"<script> [56 bytes]","args":[{"element-6066-11e4-a52e-4f735466cecf":"f.6A59EF44FD37C6BF5E8460C410EAC6E4.d.45186086CD2D60300C153F893660A960.e.964","ELEMENT":"f.6A59EF44FD37C6BF5E8460C410EAC6E4.d.45186086CD2D60300C153F893660A960.e.964"}]}
RESULT: {"script":"<script> [56 bytes]","args":[{"element-6066-11e4-a52e-4f735466cecf":"f.6A59EF44FD37C6BF5E8460C410EAC6E4.d.45186086CD2D60300C153F893660A960.e.964","ELEMENT":"f.6A59EF44FD37C6BF5E8460C410EAC6E4.d.45186086CD2D60300C153F893660A960.e.964"}]}
COMMAND: GET /session/9a1232cba82ddf4e476e9164e77f8ae5/screenshot - {}
RESULT: {}
COMMAND: POST /session/9a1232cba82ddf4e476e9164e77f8ae5/element - {"using":"css selector","value":"#shell-header-logo"}
RESULT: {"using":"css selector","value":"#shell-header-logo"}
COMMAND: POST /session/9a1232cba82ddf4e476e9164e77f8ae5/element/f.6A59EF44FD37C6BF5E8460C410EAC6E4.d.45186086CD2D60300C153F893660A960.e.227/click - {}
RESULT: {}
COMMAND: GET /session/9a1232cba82ddf4e476e9164e77f8ae5/screenshot - {}
RESULT: {}
COMMAND: POST /session/9a1232cba82ddf4e476e9164e77f8ae5/execute/sync - {"script":"<script> [299 bytes]","args":[["getModel","getResource"]]}
RESULT: {"script":"<script> [299 bytes]","args":[["getModel","getResource"]]}
]]></system-out>
    </testcase>
    <testcase classname="chrome.137_0_7151_56.windows.Stock_increase_-_with_WHM_US125587" name="Should create a new external WHM partner" time="105.919">
      <system-out><![CDATA[
COMMAND: GET /session/9a1232cba82ddf4e476e9164e77f8ae5/screenshot - {}
COMMAND: POST /session/9a1232cba82ddf4e476e9164e77f8ae5/window/fullscreen - {}
RESULT: {}
COMMAND: POST /session/9a1232cba82ddf4e476e9164e77f8ae5/execute/async - {"script":"<script> [1562 bytes]","args":[{"selector":{"controlType":"sap.m.GenericTile","properties":{"header":"Manage Partners"}},"wdio_ui5_key":"sapm.GenericTile{\"header\":\"Manage Partners\"}"}]}
RESULT: {}
RESULT: {"script":"<script> [1562 bytes]","args":[{"selector":{"controlType":"sap.m.GenericTile","properties":{"header":"Manage Partners"}},"wdio_ui5_key":"sapm.GenericTile{\"header\":\"Manage Partners\"}"}]}
RESULT: undefined
COMMAND: POST /session/9a1232cba82ddf4e476e9164e77f8ae5/element - {"using":"xpath","value":"//*[@id=\"__tile38\"]"}
RESULT: {"using":"xpath","value":"//*[@id=\"__tile38\"]"}
COMMAND: POST /session/9a1232cba82ddf4e476e9164e77f8ae5/element/f.6A59EF44FD37C6BF5E8460C410EAC6E4.d.45186086CD2D60300C153F893660A960.e.119/click - {}
RESULT: {}
COMMAND: GET /session/9a1232cba82ddf4e476e9164e77f8ae5/screenshot - {}
RESULT: {}
COMMAND: POST /session/9a1232cba82ddf4e476e9164e77f8ae5/elements - {"using":"xpath","value":"//span[text()='Error']"}
RESULT: {"using":"xpath","value":"//span[text()='Error']"}
COMMAND: POST /session/9a1232cba82ddf4e476e9164e77f8ae5/element - {"using":"xpath","value":"//button[@data-kt=\"addButton\"]"}
RESULT: {"using":"xpath","value":"//button[@data-kt=\"addButton\"]"}
COMMAND: POST /session/9a1232cba82ddf4e476e9164e77f8ae5/elements - {"using":"xpath","value":"//button[@data-kt=\"addButton\"]"}
RESULT: {"using":"xpath","value":"//button[@data-kt=\"addButton\"]"}
COMMAND: POST /session/9a1232cba82ddf4e476e9164e77f8ae5/element - {"using":"xpath","value":"//button[@data-kt=\"addButton\"]"}
RESULT: {"using":"xpath","value":"//button[@data-kt=\"addButton\"]"}
COMMAND: POST /session/9a1232cba82ddf4e476e9164e77f8ae5/execute/sync - {"script":"<script> [8489 bytes]","args":[{"element-6066-11e4-a52e-4f735466cecf":"f.6A59EF44FD37C6BF5E8460C410EAC6E4.d.45186086CD2D60300C153F893660A960.e.1002","ELEMENT":"f.6A59EF44FD37C6BF5E8460C410EAC6E4.d.45186086CD2D60300C153F893660A960.e.1002"}]}
RESULT: {"script":"<script> [8489 bytes]","args":[{"element-6066-11e4-a52e-4f735466cecf":"f.6A59EF44FD37C6BF5E8460C410EAC6E4.d.45186086CD2D60300C153F893660A960.e.1002","ELEMENT":"f.6A59EF44FD37C6BF5E8460C410EAC6E4.d.45186086CD2D60300C153F893660A960.e.1002"}]}
COMMAND: GET /session/9a1232cba82ddf4e476e9164e77f8ae5/element/f.6A59EF44FD37C6BF5E8460C410EAC6E4.d.45186086CD2D60300C153F893660A960.e.1002/enabled - {}
COMMAND: GET /session/9a1232cba82ddf4e476e9164e77f8ae5/screenshot - {}
RESULT: {}
COMMAND: POST /session/9a1232cba82ddf4e476e9164e77f8ae5/execute/sync - {"script":"<script> [8489 bytes]","args":[{"element-6066-11e4-a52e-4f735466cecf":"f.6A59EF44FD37C6BF5E8460C410EAC6E4.d.45186086CD2D60300C153F893660A960.e.1002","ELEMENT":"f.6A59EF44FD37C6BF5E8460C410EAC6E4.d.45186086CD2D60300C153F893660A960.e.1002"}]}
COMMAND: GET /session/9a1232cba82ddf4e476e9164e77f8ae5/screenshot - {}
RESULT: {}
RESULT: {"script":"<script> [8489 bytes]","args":[{"element-6066-11e4-a52e-4f735466cecf":"f.6A59EF44FD37C6BF5E8460C410EAC6E4.d.45186086CD2D60300C153F893660A960.e.1002","ELEMENT":"f.6A59EF44FD37C6BF5E8460C410EAC6E4.d.45186086CD2D60300C153F893660A960.e.1002"}]}
COMMAND: POST /session/9a1232cba82ddf4e476e9164e77f8ae5/execute/sync - {"script":"<script> [5351 bytes]","args":[{"element-6066-11e4-a52e-4f735466cecf":"f.6A59EF44FD37C6BF5E8460C410EAC6E4.d.45186086CD2D60300C153F893660A960.e.1002","ELEMENT":"f.6A59EF44FD37C6BF5E8460C410EAC6E4.d.45186086CD2D60300C153F893660A960.e.1002"}]}
COMMAND: GET /session/9a1232cba82ddf4e476e9164e77f8ae5/screenshot - {}
RESULT: {}
RESULT: {"script":"<script> [5351 bytes]","args":[{"element-6066-11e4-a52e-4f735466cecf":"f.6A59EF44FD37C6BF5E8460C410EAC6E4.d.45186086CD2D60300C153F893660A960.e.1002","ELEMENT":"f.6A59EF44FD37C6BF5E8460C410EAC6E4.d.45186086CD2D60300C153F893660A960.e.1002"}]}
COMMAND: POST /session/9a1232cba82ddf4e476e9164e77f8ae5/element/f.6A59EF44FD37C6BF5E8460C410EAC6E4.d.45186086CD2D60300C153F893660A960.e.1002/click - {}
COMMAND: GET /session/9a1232cba82ddf4e476e9164e77f8ae5/screenshot - {}
RESULT: {}
RESULT: {}
COMMAND: GET /session/9a1232cba82ddf4e476e9164e77f8ae5/screenshot - {}
RESULT: {}
RESULT: {}
COMMAND: POST /session/9a1232cba82ddf4e476e9164e77f8ae5/execute/async - {"script":"<script> [1562 bytes]","args":[{"selector":{"id":"application-managepartners-display-component---NewPartner--addressDetailDetailsName1","interaction":{"idSuffix":"inner"}},"wdio_ui5_key":"applicationmanagepartners-display-component---NewPartner--addressDetailDetailsName1"}]}
RESULT: {"script":"<script> [1562 bytes]","args":[{"selector":{"id":"application-managepartners-display-component---NewPartner--addressDetailDetailsName1","interaction":{"idSuffix":"inner"}},"wdio_ui5_key":"applicationmanagepartners-display-component---NewPartner--addressDetailDetailsName1"}]}
RESULT: undefined
COMMAND: POST /session/9a1232cba82ddf4e476e9164e77f8ae5/execute/async - {"script":"<script> [776 bytes]","args":[{"enterText":"External Partner WDIO","selector":{"id":"application-managepartners-display-component---NewPartner--addressDetailDetailsName1","interaction":{"idSuffix":"inner"}},"clearTextFirst":true,"interactionType":"ENTER_TEXT"}]}
RESULT: {"script":"<script> [776 bytes]","args":[{"enterText":"External Partner WDIO","selector":{"id":"application-managepartners-display-component---NewPartner--addressDetailDetailsName1","interaction":{"idSuffix":"inner"}},"clearTextFirst":true,"interactionType":"ENTER_TEXT"}]}
COMMAND: POST /session/9a1232cba82ddf4e476e9164e77f8ae5/execute/async - {"script":"<script> [1562 bytes]","args":[{"selector":{"id":"application-managepartners-display-component---NewPartner--addressDetailDetailsLanguage-arrow"},"wdio_ui5_key":"applicationmanagepartners-display-component---NewPartner--addressDetailDetailsLanguage-arrow"}]}
RESULT: {"script":"<script> [1562 bytes]","args":[{"selector":{"id":"application-managepartners-display-component---NewPartner--addressDetailDetailsLanguage-arrow"},"wdio_ui5_key":"applicationmanagepartners-display-component---NewPartner--addressDetailDetailsLanguage-arrow"}]}
RESULT: undefined
COMMAND: POST /session/9a1232cba82ddf4e476e9164e77f8ae5/element - {"using":"xpath","value":"//*[@id=\"application-managepartners-display-component---NewPartner--addressDetailDetailsLanguage-arrow\"]"}
RESULT: {"using":"xpath","value":"//*[@id=\"application-managepartners-display-component---NewPartner--addressDetailDetailsLanguage-arrow\"]"}
COMMAND: POST /session/9a1232cba82ddf4e476e9164e77f8ae5/element/f.6A59EF44FD37C6BF5E8460C410EAC6E4.d.45186086CD2D60300C153F893660A960.e.1452/click - {}
RESULT: {}
COMMAND: POST /session/9a1232cba82ddf4e476e9164e77f8ae5/element - {"using":"xpath","value":"//span[contains(text(), \"English\")]"}
COMMAND: GET /session/9a1232cba82ddf4e476e9164e77f8ae5/screenshot - {}
RESULT: {"using":"xpath","value":"//span[contains(text(), \"English\")]"}
COMMAND: POST /session/9a1232cba82ddf4e476e9164e77f8ae5/element/f.6A59EF44FD37C6BF5E8460C410EAC6E4.d.45186086CD2D60300C153F893660A960.e.1453/click - {}
RESULT: {}
RESULT: {}
COMMAND: GET /session/9a1232cba82ddf4e476e9164e77f8ae5/screenshot - {}
RESULT: {}
COMMAND: POST /session/9a1232cba82ddf4e476e9164e77f8ae5/execute/async - {"script":"<script> [1562 bytes]","args":[{"selector":{"id":"application-managepartners-display-component---NewPartner--addressDetailDetailsCity1","interaction":{"idSuffix":"inner"}},"wdio_ui5_key":"applicationmanagepartners-display-component---NewPartner--addressDetailDetailsCity1"}]}
RESULT: {"script":"<script> [1562 bytes]","args":[{"selector":{"id":"application-managepartners-display-component---NewPartner--addressDetailDetailsCity1","interaction":{"idSuffix":"inner"}},"wdio_ui5_key":"applicationmanagepartners-display-component---NewPartner--addressDetailDetailsCity1"}]}
RESULT: undefined
COMMAND: POST /session/9a1232cba82ddf4e476e9164e77f8ae5/execute/async - {"script":"<script> [776 bytes]","args":[{"enterText":"Rosario","selector":{"id":"application-managepartners-display-component---NewPartner--addressDetailDetailsCity1","interaction":{"idSuffix":"inner"}},"clearTextFirst":true,"interactionType":"ENTER_TEXT"}]}
RESULT: {"script":"<script> [776 bytes]","args":[{"enterText":"Rosario","selector":{"id":"application-managepartners-display-component---NewPartner--addressDetailDetailsCity1","interaction":{"idSuffix":"inner"}},"clearTextFirst":true,"interactionType":"ENTER_TEXT"}]}
COMMAND: POST /session/9a1232cba82ddf4e476e9164e77f8ae5/execute/async - {"script":"<script> [1562 bytes]","args":[{"selector":{"id":"application-managepartners-display-component---NewPartner--addressDetailDetailsCountry-arrow"},"wdio_ui5_key":"applicationmanagepartners-display-component---NewPartner--addressDetailDetailsCountry-arrow"}]}
RESULT: {"script":"<script> [1562 bytes]","args":[{"selector":{"id":"application-managepartners-display-component---NewPartner--addressDetailDetailsCountry-arrow"},"wdio_ui5_key":"applicationmanagepartners-display-component---NewPartner--addressDetailDetailsCountry-arrow"}]}
RESULT: undefined
COMMAND: POST /session/9a1232cba82ddf4e476e9164e77f8ae5/element - {"using":"xpath","value":"//*[@id=\"application-managepartners-display-component---NewPartner--addressDetailDetailsCountry-arrow\"]"}
RESULT: {"using":"xpath","value":"//*[@id=\"application-managepartners-display-component---NewPartner--addressDetailDetailsCountry-arrow\"]"}
COMMAND: POST /session/9a1232cba82ddf4e476e9164e77f8ae5/element/f.6A59EF44FD37C6BF5E8460C410EAC6E4.d.45186086CD2D60300C153F893660A960.e.1438/click - {}
RESULT: {}
COMMAND: POST /session/9a1232cba82ddf4e476e9164e77f8ae5/element - {"using":"xpath","value":"//span[contains(text(), \"Argentina\")]"}
COMMAND: GET /session/9a1232cba82ddf4e476e9164e77f8ae5/screenshot - {}
RESULT: {"using":"xpath","value":"//span[contains(text(), \"Argentina\")]"}
COMMAND: POST /session/9a1232cba82ddf4e476e9164e77f8ae5/element/f.6A59EF44FD37C6BF5E8460C410EAC6E4.d.45186086CD2D60300C153F893660A960.e.1455/click - {}
RESULT: {}
RESULT: {}
COMMAND: GET /session/9a1232cba82ddf4e476e9164e77f8ae5/screenshot - {}
RESULT: {}
COMMAND: POST /session/9a1232cba82ddf4e476e9164e77f8ae5/element - {"using":"xpath","value":"//bdi[contains(text(), \"Commercial\")]"}
RESULT: {"using":"xpath","value":"//bdi[contains(text(), \"Commercial\")]"}
COMMAND: POST /session/9a1232cba82ddf4e476e9164e77f8ae5/element/f.6A59EF44FD37C6BF5E8460C410EAC6E4.d.45186086CD2D60300C153F893660A960.e.1456/click - {}
RESULT: {}
COMMAND: GET /session/9a1232cba82ddf4e476e9164e77f8ae5/screenshot - {}
RESULT: {}
COMMAND: POST /session/9a1232cba82ddf4e476e9164e77f8ae5/execute/async - {"script":"<script> [1562 bytes]","args":[{"selector":{"id":"application-managepartners-display-component---NewPartner--partnerDetailInternal-arrow"},"wdio_ui5_key":"applicationmanagepartners-display-component---NewPartner--partnerDetailInternal-arrow"}]}
RESULT: {"script":"<script> [1562 bytes]","args":[{"selector":{"id":"application-managepartners-display-component---NewPartner--partnerDetailInternal-arrow"},"wdio_ui5_key":"applicationmanagepartners-display-component---NewPartner--partnerDetailInternal-arrow"}]}
RESULT: undefined
COMMAND: POST /session/9a1232cba82ddf4e476e9164e77f8ae5/element - {"using":"xpath","value":"//*[@id=\"application-managepartners-display-component---NewPartner--partnerDetailInternal-arrow\"]"}
RESULT: {"using":"xpath","value":"//*[@id=\"application-managepartners-display-component---NewPartner--partnerDetailInternal-arrow\"]"}
COMMAND: POST /session/9a1232cba82ddf4e476e9164e77f8ae5/element/f.6A59EF44FD37C6BF5E8460C410EAC6E4.d.45186086CD2D60300C153F893660A960.e.1462/click - {}
RESULT: {}
COMMAND: POST /session/9a1232cba82ddf4e476e9164e77f8ae5/element - {"using":"xpath","value":"//span[contains(text(), \"External partner\")]"}
COMMAND: GET /session/9a1232cba82ddf4e476e9164e77f8ae5/screenshot - {}
RESULT: {"using":"xpath","value":"//span[contains(text(), \"External partner\")]"}
COMMAND: POST /session/9a1232cba82ddf4e476e9164e77f8ae5/element/f.6A59EF44FD37C6BF5E8460C410EAC6E4.d.45186086CD2D60300C153F893660A960.e.1463/click - {}
RESULT: {}
RESULT: {}
COMMAND: POST /session/9a1232cba82ddf4e476e9164e77f8ae5/execute/async - {"script":"<script> [1562 bytes]","args":[{"selector":{"id":"application-managepartners-display-component---NewPartner--partnerDetailsCurrency-arrow"},"wdio_ui5_key":"applicationmanagepartners-display-component---NewPartner--partnerDetailsCurrency-arrow"}]}
COMMAND: GET /session/9a1232cba82ddf4e476e9164e77f8ae5/screenshot - {}
RESULT: {"script":"<script> [1562 bytes]","args":[{"selector":{"id":"application-managepartners-display-component---NewPartner--partnerDetailsCurrency-arrow"},"wdio_ui5_key":"applicationmanagepartners-display-component---NewPartner--partnerDetailsCurrency-arrow"}]}
RESULT: undefined
COMMAND: POST /session/9a1232cba82ddf4e476e9164e77f8ae5/element - {"using":"xpath","value":"//*[@id=\"application-managepartners-display-component---NewPartner--partnerDetailsCurrency-arrow\"]"}
RESULT: {}
RESULT: {"using":"xpath","value":"//*[@id=\"application-managepartners-display-component---NewPartner--partnerDetailsCurrency-arrow\"]"}
COMMAND: POST /session/9a1232cba82ddf4e476e9164e77f8ae5/element/f.6A59EF44FD37C6BF5E8460C410EAC6E4.d.45186086CD2D60300C153F893660A960.e.1468/click - {}
RESULT: {}
COMMAND: POST /session/9a1232cba82ddf4e476e9164e77f8ae5/element - {"using":"xpath","value":"//span[contains(text(), \"US Dollar\")]"}
COMMAND: GET /session/9a1232cba82ddf4e476e9164e77f8ae5/screenshot - {}
RESULT: {"using":"xpath","value":"//span[contains(text(), \"US Dollar\")]"}
COMMAND: POST /session/9a1232cba82ddf4e476e9164e77f8ae5/element/f.6A59EF44FD37C6BF5E8460C410EAC6E4.d.45186086CD2D60300C153F893660A960.e.1469/click - {}
RESULT: {}
RESULT: {}
COMMAND: GET /session/9a1232cba82ddf4e476e9164e77f8ae5/screenshot - {}
RESULT: {}
COMMAND: POST /session/9a1232cba82ddf4e476e9164e77f8ae5/element - {"using":"xpath","value":"//input[@id=\"application-managepartners-display-component---NewPartner--companyCodeComboBox-inner\"]"}
RESULT: {"using":"xpath","value":"//input[@id=\"application-managepartners-display-component---NewPartner--companyCodeComboBox-inner\"]"}
COMMAND: POST /session/9a1232cba82ddf4e476e9164e77f8ae5/element/f.6A59EF44FD37C6BF5E8460C410EAC6E4.d.45186086CD2D60300C153F893660A960.e.1318/clear - {}
RESULT: {}
COMMAND: POST /session/9a1232cba82ddf4e476e9164e77f8ae5/element/f.6A59EF44FD37C6BF5E8460C410EAC6E4.d.45186086CD2D60300C153F893660A960.e.1318/value - {"text":"C002"}
COMMAND: GET /session/9a1232cba82ddf4e476e9164e77f8ae5/screenshot - {}
RESULT: {"text":"C002"}
COMMAND: GET /session/9a1232cba82ddf4e476e9164e77f8ae5/screenshot - {}
RESULT: {}
RESULT: {}
COMMAND: POST /session/9a1232cba82ddf4e476e9164e77f8ae5/element - {"using":"xpath","value":"//li[.//span[text()= \"C002\"]]"}
RESULT: {"using":"xpath","value":"//li[.//span[text()= \"C002\"]]"}
COMMAND: POST /session/9a1232cba82ddf4e476e9164e77f8ae5/element/f.6A59EF44FD37C6BF5E8460C410EAC6E4.d.45186086CD2D60300C153F893660A960.e.1473/click - {}
RESULT: {}
COMMAND: GET /session/9a1232cba82ddf4e476e9164e77f8ae5/screenshot - {}
RESULT: {}
COMMAND: POST /session/9a1232cba82ddf4e476e9164e77f8ae5/execute/async - {"script":"<script> [1562 bytes]","args":[{"selector":{"controlType":"sap.ui.core.Icon","viewName":"etm.portal.ui.managepartners.view.NewPartner","viewId":"application-managepartners-display-component---NewPartner","properties":{"src":{"regex":{"source":"slim\\-arrow\\-down"}}},"ancestor":{"controlType":"sap.m.ComboBox","viewName":"etm.portal.ui.managepartners.view.NewPartner","viewId":"application-managepartners-display-component---NewPartner","bindingPath":{"path":"","propertyPath":"/CATALOG","modelName":"oNewPartnerModel"}}},"wdio_ui5_key":"etmportal.ui.managepartners.view.NewPartnersap.ui.core.Icon{\"src\":{\"regex\":{\"source\":\"slim\\\\-arrow\\\\-down\"}}}{\"controlType\":\"sap.m.ComboBox\",\"viewName\":\"etm.portal.ui.managepartners.view.NewPartner\",\"viewId\":\"application-managepartners-display-component---NewPartner\",\"bindingPath\":{\"path\":\"\",\"propertyPath\":\"/CATALOG\",\"modelName\":\"oNewPartnerModel\"}}"}]}
RESULT: {"script":"<script> [1562 bytes]","args":[{"selector":{"controlType":"sap.ui.core.Icon","viewName":"etm.portal.ui.managepartners.view.NewPartner","viewId":"application-managepartners-display-component---NewPartner","properties":{"src":{"regex":{"source":"slim\\-arrow\\-down"}}},"ancestor":{"controlType":"sap.m.ComboBox","viewName":"etm.portal.ui.managepartners.view.NewPartner","viewId":"application-managepartners-display-component---NewPartner","bindingPath":{"path":"","propertyPath":"/CATALOG","modelName":"oNewPartnerModel"}}},"wdio_ui5_key":"etmportal.ui.managepartners.view.NewPartnersap.ui.core.Icon{\"src\":{\"regex\":{\"source\":\"slim\\\\-arrow\\\\-down\"}}}{\"controlType\":\"sap.m.ComboBox\",\"viewName\":\"etm.portal.ui.managepartners.view.NewPartner\",\"viewId\":\"application-managepartners-display-component---NewPartner\",\"bindingPath\":{\"path\":\"\",\"propertyPath\":\"/CATALOG\",\"modelName\":\"oNewPartnerModel\"}}"}]}
RESULT: undefined
COMMAND: POST /session/9a1232cba82ddf4e476e9164e77f8ae5/element - {"using":"xpath","value":"//*[@id=\"__box22-arrow\"]"}
RESULT: {"using":"xpath","value":"//*[@id=\"__box22-arrow\"]"}
COMMAND: POST /session/9a1232cba82ddf4e476e9164e77f8ae5/element/f.6A59EF44FD37C6BF5E8460C410EAC6E4.d.45186086CD2D60300C153F893660A960.e.1439/click - {}
RESULT: {}
COMMAND: GET /session/9a1232cba82ddf4e476e9164e77f8ae5/screenshot - {}
RESULT: {}
COMMAND: POST /session/9a1232cba82ddf4e476e9164e77f8ae5/element - {"using":"xpath","value":"//ul[contains(@id,\"popup-list-listUl\")]//li[.//span[text()= \"Webshop Catalog\"]]"}
RESULT: {"using":"xpath","value":"//ul[contains(@id,\"popup-list-listUl\")]//li[.//span[text()= \"Webshop Catalog\"]]"}
COMMAND: POST /session/9a1232cba82ddf4e476e9164e77f8ae5/element/f.6A59EF44FD37C6BF5E8460C410EAC6E4.d.45186086CD2D60300C153F893660A960.e.1475/click - {}
RESULT: {}
COMMAND: GET /session/9a1232cba82ddf4e476e9164e77f8ae5/screenshot - {}
RESULT: {}
COMMAND: POST /session/9a1232cba82ddf4e476e9164e77f8ae5/execute/async - {"script":"<script> [1562 bytes]","args":[{"selector":{"id":"application-managepartners-display-component---NewPartner--btnAddTableRow-img"},"wdio_ui5_key":"applicationmanagepartners-display-component---NewPartner--btnAddTableRow-img"}]}
RESULT: {"script":"<script> [1562 bytes]","args":[{"selector":{"id":"application-managepartners-display-component---NewPartner--btnAddTableRow-img"},"wdio_ui5_key":"applicationmanagepartners-display-component---NewPartner--btnAddTableRow-img"}]}
RESULT: undefined
COMMAND: POST /session/9a1232cba82ddf4e476e9164e77f8ae5/element - {"using":"xpath","value":"//*[@id=\"application-managepartners-display-component---NewPartner--btnAddTableRow-img\"]"}
RESULT: {"using":"xpath","value":"//*[@id=\"application-managepartners-display-component---NewPartner--btnAddTableRow-img\"]"}
COMMAND: POST /session/9a1232cba82ddf4e476e9164e77f8ae5/element/f.6A59EF44FD37C6BF5E8460C410EAC6E4.d.45186086CD2D60300C153F893660A960.e.1476/click - {}
RESULT: {}
COMMAND: GET /session/9a1232cba82ddf4e476e9164e77f8ae5/screenshot - {}
RESULT: {}
COMMAND: POST /session/9a1232cba82ddf4e476e9164e77f8ae5/element - {"using":"xpath","value":"//input[@id=\"application-managepartners-display-component---NewPartner--assignmentYard-application-managepartners-display-component---NewPartner--assignmentsTable-0-inner\"]"}
RESULT: {"using":"xpath","value":"//input[@id=\"application-managepartners-display-component---NewPartner--assignmentYard-application-managepartners-display-component---NewPartner--assignmentsTable-0-inner\"]"}
COMMAND: POST /session/9a1232cba82ddf4e476e9164e77f8ae5/element/f.6A59EF44FD37C6BF5E8460C410EAC6E4.d.45186086CD2D60300C153F893660A960.e.1479/clear - {}
RESULT: {}
COMMAND: POST /session/9a1232cba82ddf4e476e9164e77f8ae5/element/f.6A59EF44FD37C6BF5E8460C410EAC6E4.d.45186086CD2D60300C153F893660A960.e.1479/value - {"text":"655"}
COMMAND: GET /session/9a1232cba82ddf4e476e9164e77f8ae5/screenshot - {}
RESULT: {"text":"655"}
COMMAND: GET /session/9a1232cba82ddf4e476e9164e77f8ae5/screenshot - {}
RESULT: {}
RESULT: {}
COMMAND: POST /session/9a1232cba82ddf4e476e9164e77f8ae5/element - {"using":"xpath","value":"//li[.//span[text()='655']]"}
RESULT: {"using":"xpath","value":"//li[.//span[text()='655']]"}
COMMAND: POST /session/9a1232cba82ddf4e476e9164e77f8ae5/element/f.6A59EF44FD37C6BF5E8460C410EAC6E4.d.45186086CD2D60300C153F893660A960.e.1487/click - {}
RESULT: {}
COMMAND: GET /session/9a1232cba82ddf4e476e9164e77f8ae5/screenshot - {}
RESULT: {}
COMMAND: POST /session/9a1232cba82ddf4e476e9164e77f8ae5/actions - {"actions":[{"id":"action2","type":"key","parameters":{},"actions":[{"type":"keyDown","value":"î€‡"},{"type":"pause","duration":10},{"type":"keyUp","value":"î€‡"}]}]}
RESULT: {"actions":[{"id":"action2","type":"key","parameters":{},"actions":[{"type":"keyDown","value":"î€‡"},{"type":"pause","duration":10},{"type":"keyUp","value":"î€‡"}]}]}
COMMAND: POST /session/9a1232cba82ddf4e476e9164e77f8ae5/element - {"using":"xpath","value":"//td[contains(@id, \"assignmentsTable-0-cell2\")]/div/div"}
COMMAND: GET /session/9a1232cba82ddf4e476e9164e77f8ae5/screenshot - {}
RESULT: {"using":"xpath","value":"//td[contains(@id, \"assignmentsTable-0-cell2\")]/div/div"}
COMMAND: POST /session/9a1232cba82ddf4e476e9164e77f8ae5/element/f.6A59EF44FD37C6BF5E8460C410EAC6E4.d.45186086CD2D60300C153F893660A960.e.1490/click - {}
RESULT: {}
RESULT: {}
COMMAND: GET /session/9a1232cba82ddf4e476e9164e77f8ae5/screenshot - {}
RESULT: {}
COMMAND: POST /session/9a1232cba82ddf4e476e9164e77f8ae5/element - {"using":"xpath","value":"//button[@data-kt=\"saveButton\"]"}
RESULT: {"using":"xpath","value":"//button[@data-kt=\"saveButton\"]"}
COMMAND: POST /session/9a1232cba82ddf4e476e9164e77f8ae5/element/f.6A59EF44FD37C6BF5E8460C410EAC6E4.d.45186086CD2D60300C153F893660A960.e.1389/click - {}
RESULT: {}
COMMAND: GET /session/9a1232cba82ddf4e476e9164e77f8ae5/screenshot - {}
RESULT: {}
COMMAND: POST /session/9a1232cba82ddf4e476e9164e77f8ae5/element - {"using":"xpath","value":"//header[contains(@id, 'ObjectPageLayout-headerTitle')]/div[1]/div[2]/div[2]/span[1]"}
RESULT: {"using":"xpath","value":"//header[contains(@id, 'ObjectPageLayout-headerTitle')]/div[1]/div[2]/div[2]/span[1]"}
COMMAND: POST /session/9a1232cba82ddf4e476e9164e77f8ae5/elements - {"using":"xpath","value":"//header[contains(@id, 'ObjectPageLayout-headerTitle')]/div[1]/div[2]/div[2]/span[1]"}
RESULT: {"using":"xpath","value":"//header[contains(@id, 'ObjectPageLayout-headerTitle')]/div[1]/div[2]/div[2]/span[1]"}
COMMAND: POST /session/9a1232cba82ddf4e476e9164e77f8ae5/execute/sync - {"script":"<script> [56 bytes]","args":[{"element-6066-11e4-a52e-4f735466cecf":"f.6A59EF44FD37C6BF5E8460C410EAC6E4.d.45186086CD2D60300C153F893660A960.e.1653","ELEMENT":"f.6A59EF44FD37C6BF5E8460C410EAC6E4.d.45186086CD2D60300C153F893660A960.e.1653"}]}
RESULT: {"script":"<script> [56 bytes]","args":[{"element-6066-11e4-a52e-4f735466cecf":"f.6A59EF44FD37C6BF5E8460C410EAC6E4.d.45186086CD2D60300C153F893660A960.e.1653","ELEMENT":"f.6A59EF44FD37C6BF5E8460C410EAC6E4.d.45186086CD2D60300C153F893660A960.e.1653"}]}
COMMAND: POST /session/9a1232cba82ddf4e476e9164e77f8ae5/element - {"using":"css selector","value":"#shell-header-logo"}
COMMAND: GET /session/9a1232cba82ddf4e476e9164e77f8ae5/screenshot - {}
RESULT: {"using":"css selector","value":"#shell-header-logo"}
COMMAND: POST /session/9a1232cba82ddf4e476e9164e77f8ae5/element/f.6A59EF44FD37C6BF5E8460C410EAC6E4.d.45186086CD2D60300C153F893660A960.e.969/click - {}
RESULT: {}
RESULT: {}
COMMAND: GET /session/9a1232cba82ddf4e476e9164e77f8ae5/screenshot - {}
RESULT: {}
COMMAND: POST /session/9a1232cba82ddf4e476e9164e77f8ae5/execute/sync - {"script":"<script> [299 bytes]","args":[["getModel","getResource"]]}
RESULT: {"script":"<script> [299 bytes]","args":[["getModel","getResource"]]}
COMMAND: GET /session/9a1232cba82ddf4e476e9164e77f8ae5/screenshot - {}
]]></system-out>
    </testcase>
    <testcase classname="chrome.137_0_7151_56.windows.Stock_increase_-_with_WHM_US125587" name="Should create a new WHM site" time="109.482">
      <system-out><![CDATA[
COMMAND: POST /session/9a1232cba82ddf4e476e9164e77f8ae5/execute/async - {"script":"<script> [1562 bytes]","args":[{"selector":{"controlType":"sap.m.GenericTile","properties":{"header":"Manage Sites"}},"wdio_ui5_key":"sapm.GenericTile{\"header\":\"Manage Sites\"}"}]}
RESULT: {}
RESULT: {"script":"<script> [1562 bytes]","args":[{"selector":{"controlType":"sap.m.GenericTile","properties":{"header":"Manage Sites"}},"wdio_ui5_key":"sapm.GenericTile{\"header\":\"Manage Sites\"}"}]}
RESULT: undefined
COMMAND: POST /session/9a1232cba82ddf4e476e9164e77f8ae5/element - {"using":"xpath","value":"//*[@id=\"__tile40\"]"}
RESULT: {"using":"xpath","value":"//*[@id=\"__tile40\"]"}
COMMAND: POST /session/9a1232cba82ddf4e476e9164e77f8ae5/element/f.6A59EF44FD37C6BF5E8460C410EAC6E4.d.45186086CD2D60300C153F893660A960.e.125/click - {}
RESULT: {}
COMMAND: GET /session/9a1232cba82ddf4e476e9164e77f8ae5/screenshot - {}
RESULT: {}
COMMAND: POST /session/9a1232cba82ddf4e476e9164e77f8ae5/elements - {"using":"xpath","value":"//span[text()='Error']"}
RESULT: {"using":"xpath","value":"//span[text()='Error']"}
COMMAND: POST /session/9a1232cba82ddf4e476e9164e77f8ae5/element - {"using":"xpath","value":"//button[@data-kt=\"addOverflowToolbarButton\"]"}
RESULT: {"using":"xpath","value":"//button[@data-kt=\"addOverflowToolbarButton\"]"}
COMMAND: POST /session/9a1232cba82ddf4e476e9164e77f8ae5/elements - {"using":"xpath","value":"//button[@data-kt=\"addOverflowToolbarButton\"]"}
RESULT: {"using":"xpath","value":"//button[@data-kt=\"addOverflowToolbarButton\"]"}
COMMAND: POST /session/9a1232cba82ddf4e476e9164e77f8ae5/execute/sync - {"script":"<script> [8489 bytes]","args":[{"element-6066-11e4-a52e-4f735466cecf":"f.6A59EF44FD37C6BF5E8460C410EAC6E4.d.45186086CD2D60300C153F893660A960.e.1700","ELEMENT":"f.6A59EF44FD37C6BF5E8460C410EAC6E4.d.45186086CD2D60300C153F893660A960.e.1700"}]}
RESULT: {"script":"<script> [8489 bytes]","args":[{"element-6066-11e4-a52e-4f735466cecf":"f.6A59EF44FD37C6BF5E8460C410EAC6E4.d.45186086CD2D60300C153F893660A960.e.1700","ELEMENT":"f.6A59EF44FD37C6BF5E8460C410EAC6E4.d.45186086CD2D60300C153F893660A960.e.1700"}]}
COMMAND: GET /session/9a1232cba82ddf4e476e9164e77f8ae5/element/f.6A59EF44FD37C6BF5E8460C410EAC6E4.d.45186086CD2D60300C153F893660A960.e.1700/enabled - {}
COMMAND: GET /session/9a1232cba82ddf4e476e9164e77f8ae5/screenshot - {}
RESULT: {}
COMMAND: POST /session/9a1232cba82ddf4e476e9164e77f8ae5/execute/sync - {"script":"<script> [8489 bytes]","args":[{"element-6066-11e4-a52e-4f735466cecf":"f.6A59EF44FD37C6BF5E8460C410EAC6E4.d.45186086CD2D60300C153F893660A960.e.1700","ELEMENT":"f.6A59EF44FD37C6BF5E8460C410EAC6E4.d.45186086CD2D60300C153F893660A960.e.1700"}]}
COMMAND: GET /session/9a1232cba82ddf4e476e9164e77f8ae5/screenshot - {}
RESULT: {}
RESULT: {"script":"<script> [8489 bytes]","args":[{"element-6066-11e4-a52e-4f735466cecf":"f.6A59EF44FD37C6BF5E8460C410EAC6E4.d.45186086CD2D60300C153F893660A960.e.1700","ELEMENT":"f.6A59EF44FD37C6BF5E8460C410EAC6E4.d.45186086CD2D60300C153F893660A960.e.1700"}]}
COMMAND: POST /session/9a1232cba82ddf4e476e9164e77f8ae5/execute/sync - {"script":"<script> [5351 bytes]","args":[{"element-6066-11e4-a52e-4f735466cecf":"f.6A59EF44FD37C6BF5E8460C410EAC6E4.d.45186086CD2D60300C153F893660A960.e.1700","ELEMENT":"f.6A59EF44FD37C6BF5E8460C410EAC6E4.d.45186086CD2D60300C153F893660A960.e.1700"}]}
COMMAND: GET /session/9a1232cba82ddf4e476e9164e77f8ae5/screenshot - {}
RESULT: {}
RESULT: {"script":"<script> [5351 bytes]","args":[{"element-6066-11e4-a52e-4f735466cecf":"f.6A59EF44FD37C6BF5E8460C410EAC6E4.d.45186086CD2D60300C153F893660A960.e.1700","ELEMENT":"f.6A59EF44FD37C6BF5E8460C410EAC6E4.d.45186086CD2D60300C153F893660A960.e.1700"}]}
COMMAND: POST /session/9a1232cba82ddf4e476e9164e77f8ae5/element/f.6A59EF44FD37C6BF5E8460C410EAC6E4.d.45186086CD2D60300C153F893660A960.e.1700/click - {}
COMMAND: GET /session/9a1232cba82ddf4e476e9164e77f8ae5/screenshot - {}
RESULT: {}
RESULT: {}
COMMAND: GET /session/9a1232cba82ddf4e476e9164e77f8ae5/screenshot - {}
COMMAND: POST /session/9a1232cba82ddf4e476e9164e77f8ae5/element - {"using":"xpath","value":"//input[@id=\"application-managesites-display-component---NewSite--siteId-inner\"]"}
RESULT: {}
RESULT: {}
RESULT: {"using":"xpath","value":"//input[@id=\"application-managesites-display-component---NewSite--siteId-inner\"]"}
COMMAND: POST /session/9a1232cba82ddf4e476e9164e77f8ae5/element - {"using":"xpath","value":"//input[@id=\"application-managesites-display-component---NewSite--siteId-inner\"]"}
RESULT: {"using":"xpath","value":"//input[@id=\"application-managesites-display-component---NewSite--siteId-inner\"]"}
COMMAND: POST /session/9a1232cba82ddf4e476e9164e77f8ae5/execute/async - {"script":"<script> [1562 bytes]","args":[{"selector":{"id":"application-managesites-display-component---NewSite--addressDetailDetailsName1","interaction":{"idSuffix":"inner"}},"wdio_ui5_key":"applicationmanagesites-display-component---NewSite--addressDetailDetailsName1"}]}
RESULT: {"script":"<script> [1562 bytes]","args":[{"selector":{"id":"application-managesites-display-component---NewSite--addressDetailDetailsName1","interaction":{"idSuffix":"inner"}},"wdio_ui5_key":"applicationmanagesites-display-component---NewSite--addressDetailDetailsName1"}]}
RESULT: undefined
COMMAND: POST /session/9a1232cba82ddf4e476e9164e77f8ae5/execute/async - {"script":"<script> [776 bytes]","args":[{"enterText":"Warehouse Managed Site WDIO","selector":{"id":"application-managesites-display-component---NewSite--addressDetailDetailsName1","interaction":{"idSuffix":"inner"}},"clearTextFirst":true,"interactionType":"ENTER_TEXT"}]}
RESULT: {"script":"<script> [776 bytes]","args":[{"enterText":"Warehouse Managed Site WDIO","selector":{"id":"application-managesites-display-component---NewSite--addressDetailDetailsName1","interaction":{"idSuffix":"inner"}},"clearTextFirst":true,"interactionType":"ENTER_TEXT"}]}
COMMAND: POST /session/9a1232cba82ddf4e476e9164e77f8ae5/execute/async - {"script":"<script> [1562 bytes]","args":[{"selector":{"id":"application-managesites-display-component---NewSite--addressDetailDetailsLanguage-arrow"},"wdio_ui5_key":"applicationmanagesites-display-component---NewSite--addressDetailDetailsLanguage-arrow"}]}
RESULT: {"script":"<script> [1562 bytes]","args":[{"selector":{"id":"application-managesites-display-component---NewSite--addressDetailDetailsLanguage-arrow"},"wdio_ui5_key":"applicationmanagesites-display-component---NewSite--addressDetailDetailsLanguage-arrow"}]}
RESULT: undefined
COMMAND: POST /session/9a1232cba82ddf4e476e9164e77f8ae5/element - {"using":"xpath","value":"//*[@id=\"application-managesites-display-component---NewSite--addressDetailDetailsLanguage-arrow\"]"}
RESULT: {"using":"xpath","value":"//*[@id=\"application-managesites-display-component---NewSite--addressDetailDetailsLanguage-arrow\"]"}
COMMAND: POST /session/9a1232cba82ddf4e476e9164e77f8ae5/element/f.6A59EF44FD37C6BF5E8460C410EAC6E4.d.45186086CD2D60300C153F893660A960.e.2104/click - {}
RESULT: {}
COMMAND: POST /session/9a1232cba82ddf4e476e9164e77f8ae5/element - {"using":"xpath","value":"//span[contains(text(), \"English\")]"}
COMMAND: GET /session/9a1232cba82ddf4e476e9164e77f8ae5/screenshot - {}
RESULT: {"using":"xpath","value":"//span[contains(text(), \"English\")]"}
COMMAND: POST /session/9a1232cba82ddf4e476e9164e77f8ae5/element/f.6A59EF44FD37C6BF5E8460C410EAC6E4.d.45186086CD2D60300C153F893660A960.e.2105/click - {}
RESULT: {}
RESULT: {}
COMMAND: POST /session/9a1232cba82ddf4e476e9164e77f8ae5/execute/async - {"script":"<script> [1562 bytes]","args":[{"selector":{"id":"application-managesites-display-component---NewSite--addressDetailDetailsCity1","interaction":{"idSuffix":"inner"}},"wdio_ui5_key":"applicationmanagesites-display-component---NewSite--addressDetailDetailsCity1"}]}
COMMAND: GET /session/9a1232cba82ddf4e476e9164e77f8ae5/screenshot - {}
RESULT: {"script":"<script> [1562 bytes]","args":[{"selector":{"id":"application-managesites-display-component---NewSite--addressDetailDetailsCity1","interaction":{"idSuffix":"inner"}},"wdio_ui5_key":"applicationmanagesites-display-component---NewSite--addressDetailDetailsCity1"}]}
RESULT: undefined
COMMAND: POST /session/9a1232cba82ddf4e476e9164e77f8ae5/execute/async - {"script":"<script> [776 bytes]","args":[{"enterText":"Rosario","selector":{"id":"application-managesites-display-component---NewSite--addressDetailDetailsCity1","interaction":{"idSuffix":"inner"}},"clearTextFirst":true,"interactionType":"ENTER_TEXT"}]}
RESULT: {}
RESULT: {"script":"<script> [776 bytes]","args":[{"enterText":"Rosario","selector":{"id":"application-managesites-display-component---NewSite--addressDetailDetailsCity1","interaction":{"idSuffix":"inner"}},"clearTextFirst":true,"interactionType":"ENTER_TEXT"}]}
COMMAND: POST /session/9a1232cba82ddf4e476e9164e77f8ae5/execute/async - {"script":"<script> [1562 bytes]","args":[{"selector":{"id":"application-managesites-display-component---NewSite--addressDetailDetailsCountry-arrow"},"wdio_ui5_key":"applicationmanagesites-display-component---NewSite--addressDetailDetailsCountry-arrow"}]}
RESULT: {"script":"<script> [1562 bytes]","args":[{"selector":{"id":"application-managesites-display-component---NewSite--addressDetailDetailsCountry-arrow"},"wdio_ui5_key":"applicationmanagesites-display-component---NewSite--addressDetailDetailsCountry-arrow"}]}
RESULT: undefined
COMMAND: POST /session/9a1232cba82ddf4e476e9164e77f8ae5/element - {"using":"xpath","value":"//*[@id=\"application-managesites-display-component---NewSite--addressDetailDetailsCountry-arrow\"]"}
RESULT: {"using":"xpath","value":"//*[@id=\"application-managesites-display-component---NewSite--addressDetailDetailsCountry-arrow\"]"}
COMMAND: POST /session/9a1232cba82ddf4e476e9164e77f8ae5/element/f.6A59EF44FD37C6BF5E8460C410EAC6E4.d.45186086CD2D60300C153F893660A960.e.2107/click - {}
RESULT: {}
COMMAND: POST /session/9a1232cba82ddf4e476e9164e77f8ae5/element - {"using":"xpath","value":"//span[contains(text(), \"Argentina\")]"}
COMMAND: GET /session/9a1232cba82ddf4e476e9164e77f8ae5/screenshot - {}
RESULT: {"using":"xpath","value":"//span[contains(text(), \"Argentina\")]"}
COMMAND: POST /session/9a1232cba82ddf4e476e9164e77f8ae5/element/f.6A59EF44FD37C6BF5E8460C410EAC6E4.d.45186086CD2D60300C153F893660A960.e.2108/click - {}
RESULT: {}
RESULT: {}
COMMAND: GET /session/9a1232cba82ddf4e476e9164e77f8ae5/screenshot - {}
RESULT: {}
COMMAND: POST /session/9a1232cba82ddf4e476e9164e77f8ae5/execute/async - {"script":"<script> [1562 bytes]","args":[{"selector":{"id":"application-managesites-display-component---NewSite--addressEditDetailsCostObjectCstType-arrow"},"wdio_ui5_key":"applicationmanagesites-display-component---NewSite--addressEditDetailsCostObjectCstType-arrow"}]}
RESULT: {"script":"<script> [1562 bytes]","args":[{"selector":{"id":"application-managesites-display-component---NewSite--addressEditDetailsCostObjectCstType-arrow"},"wdio_ui5_key":"applicationmanagesites-display-component---NewSite--addressEditDetailsCostObjectCstType-arrow"}]}
RESULT: undefined
COMMAND: POST /session/9a1232cba82ddf4e476e9164e77f8ae5/element - {"using":"xpath","value":"//*[@id=\"application-managesites-display-component---NewSite--addressEditDetailsCostObjectCstType-arrow\"]"}
RESULT: {"using":"xpath","value":"//*[@id=\"application-managesites-display-component---NewSite--addressEditDetailsCostObjectCstType-arrow\"]"}
COMMAND: POST /session/9a1232cba82ddf4e476e9164e77f8ae5/element/f.6A59EF44FD37C6BF5E8460C410EAC6E4.d.45186086CD2D60300C153F893660A960.e.2110/click - {}
RESULT: {}
COMMAND: POST /session/9a1232cba82ddf4e476e9164e77f8ae5/element - {"using":"xpath","value":"//span[contains(text(), \"Cost Center\")]"}
COMMAND: GET /session/9a1232cba82ddf4e476e9164e77f8ae5/screenshot - {}
RESULT: {"using":"xpath","value":"//span[contains(text(), \"Cost Center\")]"}
COMMAND: POST /session/9a1232cba82ddf4e476e9164e77f8ae5/element/f.6A59EF44FD37C6BF5E8460C410EAC6E4.d.45186086CD2D60300C153F893660A960.e.2111/click - {}
RESULT: {}
RESULT: {}
COMMAND: GET /session/9a1232cba82ddf4e476e9164e77f8ae5/screenshot - {}
RESULT: {}
COMMAND: POST /session/9a1232cba82ddf4e476e9164e77f8ae5/element - {"using":"xpath","value":"//span[@id=\"application-managesites-display-component---NewSite--addressNewCostObjectCstID-vhi\"]"}
RESULT: {"using":"xpath","value":"//span[@id=\"application-managesites-display-component---NewSite--addressNewCostObjectCstID-vhi\"]"}
COMMAND: POST /session/9a1232cba82ddf4e476e9164e77f8ae5/execute/sync - {"script":"<script> [8489 bytes]","args":[{"element-6066-11e4-a52e-4f735466cecf":"f.6A59EF44FD37C6BF5E8460C410EAC6E4.d.45186086CD2D60300C153F893660A960.e.2116","ELEMENT":"f.6A59EF44FD37C6BF5E8460C410EAC6E4.d.45186086CD2D60300C153F893660A960.e.2116"}]}
RESULT: {"script":"<script> [8489 bytes]","args":[{"element-6066-11e4-a52e-4f735466cecf":"f.6A59EF44FD37C6BF5E8460C410EAC6E4.d.45186086CD2D60300C153F893660A960.e.2116","ELEMENT":"f.6A59EF44FD37C6BF5E8460C410EAC6E4.d.45186086CD2D60300C153F893660A960.e.2116"}]}
COMMAND: POST /session/9a1232cba82ddf4e476e9164e77f8ae5/execute/async - {"script":"<script> [1562 bytes]","args":[{"selector":{"id":"application-managesites-display-component---NewSite--addressNewCostObjectCstID-vhi"},"wdio_ui5_key":"applicationmanagesites-display-component---NewSite--addressNewCostObjectCstID-vhi"}]}
COMMAND: GET /session/9a1232cba82ddf4e476e9164e77f8ae5/screenshot - {}
RESULT: {"script":"<script> [1562 bytes]","args":[{"selector":{"id":"application-managesites-display-component---NewSite--addressNewCostObjectCstID-vhi"},"wdio_ui5_key":"applicationmanagesites-display-component---NewSite--addressNewCostObjectCstID-vhi"}]}
RESULT: undefined
COMMAND: POST /session/9a1232cba82ddf4e476e9164e77f8ae5/element - {"using":"xpath","value":"//*[@id=\"application-managesites-display-component---NewSite--addressNewCostObjectCstID-vhi\"]"}
RESULT: {}
RESULT: {"using":"xpath","value":"//*[@id=\"application-managesites-display-component---NewSite--addressNewCostObjectCstID-vhi\"]"}
COMMAND: POST /session/9a1232cba82ddf4e476e9164e77f8ae5/element/f.6A59EF44FD37C6BF5E8460C410EAC6E4.d.45186086CD2D60300C153F893660A960.e.2116/click - {}
RESULT: {}
COMMAND: GET /session/9a1232cba82ddf4e476e9164e77f8ae5/screenshot - {}
RESULT: {}
RESULT: undefined
COMMAND: POST /session/9a1232cba82ddf4e476e9164e77f8ae5/execute/async - {"script":"<script> [776 bytes]","args":[{"enterText":"10001013","selector":{"controlType":"sap.m.SearchField","properties":{"placeholder":"Search"},"searchOpenDialogs":true,"interaction":{"idSuffix":"I"}},"clearTextFirst":true,"interactionType":"ENTER_TEXT"}]}
RESULT: {"script":"<script> [776 bytes]","args":[{"enterText":"10001013","selector":{"controlType":"sap.m.SearchField","properties":{"placeholder":"Search"},"searchOpenDialogs":true,"interaction":{"idSuffix":"I"}},"clearTextFirst":true,"interactionType":"ENTER_TEXT"}]}
COMMAND: POST /session/9a1232cba82ddf4e476e9164e77f8ae5/actions - {"actions":[{"id":"action3","type":"key","parameters":{},"actions":[{"type":"keyDown","value":"î€‡"},{"type":"pause","duration":10},{"type":"keyUp","value":"î€‡"}]}]}
RESULT: {"actions":[{"id":"action3","type":"key","parameters":{},"actions":[{"type":"keyDown","value":"î€‡"},{"type":"pause","duration":10},{"type":"keyUp","value":"î€‡"}]}]}
COMMAND: GET /session/9a1232cba82ddf4e476e9164e77f8ae5/screenshot - {}
RESULT: {}
COMMAND: POST /session/9a1232cba82ddf4e476e9164e77f8ae5/element - {"using":"xpath","value":"//span[contains(text(), \"General Management\")]"}
RESULT: {"using":"xpath","value":"//span[contains(text(), \"General Management\")]"}
COMMAND: POST /session/9a1232cba82ddf4e476e9164e77f8ae5/element/f.6A59EF44FD37C6BF5E8460C410EAC6E4.d.45186086CD2D60300C153F893660A960.e.2155/click - {}
RESULT: {}
COMMAND: GET /session/9a1232cba82ddf4e476e9164e77f8ae5/screenshot - {}
RESULT: {}
COMMAND: POST /session/9a1232cba82ddf4e476e9164e77f8ae5/element - {"using":"xpath","value":"//bdi[contains(text(), \"OK\")]"}
RESULT: {"using":"xpath","value":"//bdi[contains(text(), \"OK\")]"}
COMMAND: POST /session/9a1232cba82ddf4e476e9164e77f8ae5/element/f.6A59EF44FD37C6BF5E8460C410EAC6E4.d.45186086CD2D60300C153F893660A960.e.2156/click - {}
RESULT: {}
COMMAND: GET /session/9a1232cba82ddf4e476e9164e77f8ae5/screenshot - {}
RESULT: {}
COMMAND: POST /session/9a1232cba82ddf4e476e9164e77f8ae5/element - {"using":"xpath","value":"//input[@id=\"application-managesites-display-component---NewSite--addressDetailDetailsCalendar-inner\"]"}
RESULT: {"using":"xpath","value":"//input[@id=\"application-managesites-display-component---NewSite--addressDetailDetailsCalendar-inner\"]"}
COMMAND: POST /session/9a1232cba82ddf4e476e9164e77f8ae5/element/f.6A59EF44FD37C6BF5E8460C410EAC6E4.d.45186086CD2D60300C153F893660A960.e.1900/clear - {}
RESULT: {}
COMMAND: POST /session/9a1232cba82ddf4e476e9164e77f8ae5/element/f.6A59EF44FD37C6BF5E8460C410EAC6E4.d.45186086CD2D60300C153F893660A960.e.1900/value - {"text":"Unit"}
COMMAND: GET /session/9a1232cba82ddf4e476e9164e77f8ae5/screenshot - {}
RESULT: {"text":"Unit"}
COMMAND: GET /session/9a1232cba82ddf4e476e9164e77f8ae5/screenshot - {}
RESULT: {}
RESULT: {}
COMMAND: POST /session/9a1232cba82ddf4e476e9164e77f8ae5/actions - {"actions":[{"id":"action4","type":"key","parameters":{},"actions":[{"type":"keyDown","value":"î€‡"},{"type":"pause","duration":10},{"type":"keyUp","value":"î€‡"}]}]}
RESULT: {"actions":[{"id":"action4","type":"key","parameters":{},"actions":[{"type":"keyDown","value":"î€‡"},{"type":"pause","duration":10},{"type":"keyUp","value":"î€‡"}]}]}
COMMAND: POST /session/9a1232cba82ddf4e476e9164e77f8ae5/element - {"using":"xpath","value":"//input[@id=\"application-managesites-display-component---NewSite--addressDetailDetailsYard-inner\"]"}
COMMAND: GET /session/9a1232cba82ddf4e476e9164e77f8ae5/screenshot - {}
RESULT: {"using":"xpath","value":"//input[@id=\"application-managesites-display-component---NewSite--addressDetailDetailsYard-inner\"]"}
COMMAND: POST /session/9a1232cba82ddf4e476e9164e77f8ae5/element/f.6A59EF44FD37C6BF5E8460C410EAC6E4.d.45186086CD2D60300C153F893660A960.e.1901/clear - {}
RESULT: {}
RESULT: {}
COMMAND: POST /session/9a1232cba82ddf4e476e9164e77f8ae5/element/f.6A59EF44FD37C6BF5E8460C410EAC6E4.d.45186086CD2D60300C153F893660A960.e.1901/value - {"text":"655"}
COMMAND: GET /session/9a1232cba82ddf4e476e9164e77f8ae5/screenshot - {}
RESULT: {"text":"655"}
COMMAND: GET /session/9a1232cba82ddf4e476e9164e77f8ae5/screenshot - {}
RESULT: {}
RESULT: {}
COMMAND: POST /session/9a1232cba82ddf4e476e9164e77f8ae5/element - {"using":"xpath","value":"//li[.//span[text()='655']]"}
RESULT: {"using":"xpath","value":"//li[.//span[text()='655']]"}
COMMAND: POST /session/9a1232cba82ddf4e476e9164e77f8ae5/element/f.6A59EF44FD37C6BF5E8460C410EAC6E4.d.45186086CD2D60300C153F893660A960.e.2164/click - {}
RESULT: {}
COMMAND: GET /session/9a1232cba82ddf4e476e9164e77f8ae5/screenshot - {}
RESULT: {}
COMMAND: POST /session/9a1232cba82ddf4e476e9164e77f8ae5/element - {"using":"xpath","value":"//input[@id=\"application-managesites-display-component---NewSite--addressDetailDetailsPartner-inner\"]"}
RESULT: {"using":"xpath","value":"//input[@id=\"application-managesites-display-component---NewSite--addressDetailDetailsPartner-inner\"]"}
COMMAND: POST /session/9a1232cba82ddf4e476e9164e77f8ae5/element - {"using":"xpath","value":"//input[@id=\"application-managesites-display-component---NewSite--addressDetailDetailsPartner-inner\"]"}
RESULT: {"using":"xpath","value":"//input[@id=\"application-managesites-display-component---NewSite--addressDetailDetailsPartner-inner\"]"}
COMMAND: POST /session/9a1232cba82ddf4e476e9164e77f8ae5/execute/async - {"script":"<script> [1562 bytes]","args":[{"selector":{"id":"application-managesites-display-component---NewSite--siteWhmCheckBox-label","interaction":{"idSuffix":"bdi"}},"wdio_ui5_key":"applicationmanagesites-display-component---NewSite--siteWhmCheckBox-label"}]}
RESULT: {"script":"<script> [1562 bytes]","args":[{"selector":{"id":"application-managesites-display-component---NewSite--siteWhmCheckBox-label","interaction":{"idSuffix":"bdi"}},"wdio_ui5_key":"applicationmanagesites-display-component---NewSite--siteWhmCheckBox-label"}]}
RESULT: undefined
COMMAND: POST /session/9a1232cba82ddf4e476e9164e77f8ae5/element - {"using":"xpath","value":"//*[@id=\"application-managesites-display-component---NewSite--siteWhmCheckBox-label\"]"}
RESULT: {"using":"xpath","value":"//*[@id=\"application-managesites-display-component---NewSite--siteWhmCheckBox-label\"]"}
COMMAND: POST /session/9a1232cba82ddf4e476e9164e77f8ae5/element/f.6A59EF44FD37C6BF5E8460C410EAC6E4.d.45186086CD2D60300C153F893660A960.e.2166/click - {}
RESULT: {}
COMMAND: GET /session/9a1232cba82ddf4e476e9164e77f8ae5/screenshot - {}
RESULT: {}
COMMAND: POST /session/9a1232cba82ddf4e476e9164e77f8ae5/element - {"using":"xpath","value":"//button[@data-kt=\"saveButton\"]"}
RESULT: {"using":"xpath","value":"//button[@data-kt=\"saveButton\"]"}
COMMAND: POST /session/9a1232cba82ddf4e476e9164e77f8ae5/element/f.6A59EF44FD37C6BF5E8460C410EAC6E4.d.45186086CD2D60300C153F893660A960.e.2084/click - {}
RESULT: {}
COMMAND: GET /session/9a1232cba82ddf4e476e9164e77f8ae5/screenshot - {}
RESULT: {}
COMMAND: POST /session/9a1232cba82ddf4e476e9164e77f8ae5/element - {"using":"xpath","value":"//header[contains(@id, 'ObjectPageLayout-headerTitle')]/div[1]/div[2]/div[2]/span[1]"}
RESULT: {"using":"xpath","value":"//header[contains(@id, 'ObjectPageLayout-headerTitle')]/div[1]/div[2]/div[2]/span[1]"}
COMMAND: POST /session/9a1232cba82ddf4e476e9164e77f8ae5/elements - {"using":"xpath","value":"//header[contains(@id, 'ObjectPageLayout-headerTitle')]/div[1]/div[2]/div[2]/span[1]"}
RESULT: {"using":"xpath","value":"//header[contains(@id, 'ObjectPageLayout-headerTitle')]/div[1]/div[2]/div[2]/span[1]"}
COMMAND: POST /session/9a1232cba82ddf4e476e9164e77f8ae5/execute/sync - {"script":"<script> [56 bytes]","args":[{"element-6066-11e4-a52e-4f735466cecf":"f.6A59EF44FD37C6BF5E8460C410EAC6E4.d.45186086CD2D60300C153F893660A960.e.2365","ELEMENT":"f.6A59EF44FD37C6BF5E8460C410EAC6E4.d.45186086CD2D60300C153F893660A960.e.2365"}]}
RESULT: {"script":"<script> [56 bytes]","args":[{"element-6066-11e4-a52e-4f735466cecf":"f.6A59EF44FD37C6BF5E8460C410EAC6E4.d.45186086CD2D60300C153F893660A960.e.2365","ELEMENT":"f.6A59EF44FD37C6BF5E8460C410EAC6E4.d.45186086CD2D60300C153F893660A960.e.2365"}]}
COMMAND: POST /session/9a1232cba82ddf4e476e9164e77f8ae5/element - {"using":"css selector","value":"#shell-header-logo"}
COMMAND: GET /session/9a1232cba82ddf4e476e9164e77f8ae5/screenshot - {}
RESULT: {"using":"css selector","value":"#shell-header-logo"}
COMMAND: POST /session/9a1232cba82ddf4e476e9164e77f8ae5/element/f.6A59EF44FD37C6BF5E8460C410EAC6E4.d.45186086CD2D60300C153F893660A960.e.1657/click - {}
RESULT: {}
RESULT: {}
COMMAND: GET /session/9a1232cba82ddf4e476e9164e77f8ae5/screenshot - {}
RESULT: {}
COMMAND: POST /session/9a1232cba82ddf4e476e9164e77f8ae5/execute/sync - {"script":"<script> [299 bytes]","args":[["getModel","getResource"]]}
RESULT: {"script":"<script> [299 bytes]","args":[["getModel","getResource"]]}
COMMAND: GET /session/9a1232cba82ddf4e476e9164e77f8ae5/screenshot - {}
]]></system-out>
    </testcase>
    <testcase classname="chrome.137_0_7151_56.windows.Stock_increase_-_with_WHM_US125587" name="Should create a new material" time="124.671">
      <system-out><![CDATA[
COMMAND: POST /session/9a1232cba82ddf4e476e9164e77f8ae5/execute/async - {"script":"<script> [1562 bytes]","args":[{"selector":{"controlType":"sap.m.GenericTile","properties":{"header":"Manage Resources"}},"wdio_ui5_key":"sapm.GenericTile{\"header\":\"Manage Resources\"}"}]}
RESULT: {}
RESULT: {"script":"<script> [1562 bytes]","args":[{"selector":{"controlType":"sap.m.GenericTile","properties":{"header":"Manage Resources"}},"wdio_ui5_key":"sapm.GenericTile{\"header\":\"Manage Resources\"}"}]}
RESULT: undefined
COMMAND: POST /session/9a1232cba82ddf4e476e9164e77f8ae5/element - {"using":"xpath","value":"//*[@id=\"__tile39\"]"}
RESULT: {"using":"xpath","value":"//*[@id=\"__tile39\"]"}
COMMAND: POST /session/9a1232cba82ddf4e476e9164e77f8ae5/element/f.6A59EF44FD37C6BF5E8460C410EAC6E4.d.45186086CD2D60300C153F893660A960.e.122/click - {}
RESULT: {}
COMMAND: GET /session/9a1232cba82ddf4e476e9164e77f8ae5/screenshot - {}
RESULT: {}
COMMAND: POST /session/9a1232cba82ddf4e476e9164e77f8ae5/elements - {"using":"xpath","value":"//span[text()='Error']"}
RESULT: {"using":"xpath","value":"//span[text()='Error']"}
COMMAND: POST /session/9a1232cba82ddf4e476e9164e77f8ae5/element - {"using":"xpath","value":"//button[@data-kt=\"addNewRUOverflowToolbarButton\"]"}
RESULT: {"using":"xpath","value":"//button[@data-kt=\"addNewRUOverflowToolbarButton\"]"}
COMMAND: POST /session/9a1232cba82ddf4e476e9164e77f8ae5/elements - {"using":"xpath","value":"//button[@data-kt=\"addNewRUOverflowToolbarButton\"]"}
RESULT: {"using":"xpath","value":"//button[@data-kt=\"addNewRUOverflowToolbarButton\"]"}
COMMAND: POST /session/9a1232cba82ddf4e476e9164e77f8ae5/elements - {"using":"xpath","value":"//button[@data-kt=\"addNewRUOverflowToolbarButton\"]"}
RESULT: {"using":"xpath","value":"//button[@data-kt=\"addNewRUOverflowToolbarButton\"]"}
COMMAND: POST /session/9a1232cba82ddf4e476e9164e77f8ae5/element - {"using":"xpath","value":"//button[@data-kt=\"addNewRUOverflowToolbarButton\"]"}
RESULT: {"using":"xpath","value":"//button[@data-kt=\"addNewRUOverflowToolbarButton\"]"}
COMMAND: POST /session/9a1232cba82ddf4e476e9164e77f8ae5/execute/sync - {"script":"<script> [8489 bytes]","args":[{"element-6066-11e4-a52e-4f735466cecf":"f.6A59EF44FD37C6BF5E8460C410EAC6E4.d.45186086CD2D60300C153F893660A960.e.2398","ELEMENT":"f.6A59EF44FD37C6BF5E8460C410EAC6E4.d.45186086CD2D60300C153F893660A960.e.2398"}]}
RESULT: {"script":"<script> [8489 bytes]","args":[{"element-6066-11e4-a52e-4f735466cecf":"f.6A59EF44FD37C6BF5E8460C410EAC6E4.d.45186086CD2D60300C153F893660A960.e.2398","ELEMENT":"f.6A59EF44FD37C6BF5E8460C410EAC6E4.d.45186086CD2D60300C153F893660A960.e.2398"}]}
COMMAND: GET /session/9a1232cba82ddf4e476e9164e77f8ae5/element/f.6A59EF44FD37C6BF5E8460C410EAC6E4.d.45186086CD2D60300C153F893660A960.e.2398/enabled - {}
COMMAND: GET /session/9a1232cba82ddf4e476e9164e77f8ae5/screenshot - {}
RESULT: {}
COMMAND: POST /session/9a1232cba82ddf4e476e9164e77f8ae5/execute/sync - {"script":"<script> [8489 bytes]","args":[{"element-6066-11e4-a52e-4f735466cecf":"f.6A59EF44FD37C6BF5E8460C410EAC6E4.d.45186086CD2D60300C153F893660A960.e.2398","ELEMENT":"f.6A59EF44FD37C6BF5E8460C410EAC6E4.d.45186086CD2D60300C153F893660A960.e.2398"}]}
COMMAND: GET /session/9a1232cba82ddf4e476e9164e77f8ae5/screenshot - {}
RESULT: {}
RESULT: {"script":"<script> [8489 bytes]","args":[{"element-6066-11e4-a52e-4f735466cecf":"f.6A59EF44FD37C6BF5E8460C410EAC6E4.d.45186086CD2D60300C153F893660A960.e.2398","ELEMENT":"f.6A59EF44FD37C6BF5E8460C410EAC6E4.d.45186086CD2D60300C153F893660A960.e.2398"}]}
COMMAND: POST /session/9a1232cba82ddf4e476e9164e77f8ae5/execute/sync - {"script":"<script> [5351 bytes]","args":[{"element-6066-11e4-a52e-4f735466cecf":"f.6A59EF44FD37C6BF5E8460C410EAC6E4.d.45186086CD2D60300C153F893660A960.e.2398","ELEMENT":"f.6A59EF44FD37C6BF5E8460C410EAC6E4.d.45186086CD2D60300C153F893660A960.e.2398"}]}
COMMAND: GET /session/9a1232cba82ddf4e476e9164e77f8ae5/screenshot - {}
RESULT: {}
RESULT: {"script":"<script> [5351 bytes]","args":[{"element-6066-11e4-a52e-4f735466cecf":"f.6A59EF44FD37C6BF5E8460C410EAC6E4.d.45186086CD2D60300C153F893660A960.e.2398","ELEMENT":"f.6A59EF44FD37C6BF5E8460C410EAC6E4.d.45186086CD2D60300C153F893660A960.e.2398"}]}
COMMAND: POST /session/9a1232cba82ddf4e476e9164e77f8ae5/element/f.6A59EF44FD37C6BF5E8460C410EAC6E4.d.45186086CD2D60300C153F893660A960.e.2398/click - {}
COMMAND: GET /session/9a1232cba82ddf4e476e9164e77f8ae5/screenshot - {}
RESULT: {}
RESULT: {}
COMMAND: GET /session/9a1232cba82ddf4e476e9164e77f8ae5/screenshot - {}
RESULT: {}
COMMAND: POST /session/9a1232cba82ddf4e476e9164e77f8ae5/execute/async - {"script":"<script> [1562 bytes]","args":[{"selector":{"id":"application-manageresources-display-component---newResourceUnit--TYPE-arrow"},"wdio_ui5_key":"applicationmanageresources-display-component---newResourceUnit--TYPE-arrow"}]}
RESULT: {}
RESULT: {"script":"<script> [1562 bytes]","args":[{"selector":{"id":"application-manageresources-display-component---newResourceUnit--TYPE-arrow"},"wdio_ui5_key":"applicationmanageresources-display-component---newResourceUnit--TYPE-arrow"}]}
RESULT: undefined
COMMAND: POST /session/9a1232cba82ddf4e476e9164e77f8ae5/element - {"using":"xpath","value":"//*[@id=\"application-manageresources-display-component---newResourceUnit--TYPE-arrow\"]"}
RESULT: {"using":"xpath","value":"//*[@id=\"application-manageresources-display-component---newResourceUnit--TYPE-arrow\"]"}
COMMAND: POST /session/9a1232cba82ddf4e476e9164e77f8ae5/element/f.6A59EF44FD37C6BF5E8460C410EAC6E4.d.45186086CD2D60300C153F893660A960.e.2766/click - {}
RESULT: {}
COMMAND: POST /session/9a1232cba82ddf4e476e9164e77f8ae5/element - {"using":"xpath","value":"//input[@id=\"application-manageresources-display-component---newResourceUnit--TYPE-inner\"]"}
COMMAND: GET /session/9a1232cba82ddf4e476e9164e77f8ae5/screenshot - {}
RESULT: {"using":"xpath","value":"//input[@id=\"application-manageresources-display-component---newResourceUnit--TYPE-inner\"]"}
COMMAND: POST /session/9a1232cba82ddf4e476e9164e77f8ae5/element/f.6A59EF44FD37C6BF5E8460C410EAC6E4.d.45186086CD2D60300C153F893660A960.e.2750/clear - {}
RESULT: {}
RESULT: {}
COMMAND: POST /session/9a1232cba82ddf4e476e9164e77f8ae5/element/f.6A59EF44FD37C6BF5E8460C410EAC6E4.d.45186086CD2D60300C153F893660A960.e.2750/value - {"text":"Material"}
COMMAND: GET /session/9a1232cba82ddf4e476e9164e77f8ae5/screenshot - {}
RESULT: {"text":"Material"}
COMMAND: GET /session/9a1232cba82ddf4e476e9164e77f8ae5/screenshot - {}
RESULT: {}
RESULT: {}
COMMAND: POST /session/9a1232cba82ddf4e476e9164e77f8ae5/actions - {"actions":[{"id":"action5","type":"key","parameters":{},"actions":[{"type":"keyDown","value":"î€‡"},{"type":"pause","duration":10},{"type":"keyUp","value":"î€‡"}]}]}
RESULT: {"actions":[{"id":"action5","type":"key","parameters":{},"actions":[{"type":"keyDown","value":"î€‡"},{"type":"pause","duration":10},{"type":"keyUp","value":"î€‡"}]}]}
COMMAND: POST /session/9a1232cba82ddf4e476e9164e77f8ae5/execute/async - {"script":"<script> [1562 bytes]","args":[{"selector":{"id":"application-manageresources-display-component---newResourceUnit--SHORT_TEXT","interaction":{"idSuffix":"inner"}},"wdio_ui5_key":"applicationmanageresources-display-component---newResourceUnit--SHORT_TEXT"}]}
COMMAND: GET /session/9a1232cba82ddf4e476e9164e77f8ae5/screenshot - {}
RESULT: {"script":"<script> [1562 bytes]","args":[{"selector":{"id":"application-manageresources-display-component---newResourceUnit--SHORT_TEXT","interaction":{"idSuffix":"inner"}},"wdio_ui5_key":"applicationmanageresources-display-component---newResourceUnit--SHORT_TEXT"}]}
RESULT: undefined
COMMAND: POST /session/9a1232cba82ddf4e476e9164e77f8ae5/execute/async - {"script":"<script> [776 bytes]","args":[{"enterText":"Cement WDIO","selector":{"id":"application-manageresources-display-component---newResourceUnit--SHORT_TEXT","interaction":{"idSuffix":"inner"}},"clearTextFirst":true,"interactionType":"ENTER_TEXT"}]}
RESULT: {}
RESULT: {"script":"<script> [776 bytes]","args":[{"enterText":"Cement WDIO","selector":{"id":"application-manageresources-display-component---newResourceUnit--SHORT_TEXT","interaction":{"idSuffix":"inner"}},"clearTextFirst":true,"interactionType":"ENTER_TEXT"}]}
COMMAND: POST /session/9a1232cba82ddf4e476e9164e77f8ae5/execute/async - {"script":"<script> [1562 bytes]","args":[{"selector":{"id":"application-manageresources-display-component---newResourceUnit--BASE_UNIT_OF_MEASURE","interaction":{"idSuffix":"inner"}},"wdio_ui5_key":"applicationmanageresources-display-component---newResourceUnit--BASE_UNIT_OF_MEASURE"}]}
RESULT: {"script":"<script> [1562 bytes]","args":[{"selector":{"id":"application-manageresources-display-component---newResourceUnit--BASE_UNIT_OF_MEASURE","interaction":{"idSuffix":"inner"}},"wdio_ui5_key":"applicationmanageresources-display-component---newResourceUnit--BASE_UNIT_OF_MEASURE"}]}
RESULT: undefined
COMMAND: POST /session/9a1232cba82ddf4e476e9164e77f8ae5/execute/async - {"script":"<script> [776 bytes]","args":[{"enterText":"Piece","selector":{"id":"application-manageresources-display-component---newResourceUnit--BASE_UNIT_OF_MEASURE","interaction":{"idSuffix":"inner"}},"clearTextFirst":true,"interactionType":"ENTER_TEXT"}]}
RESULT: {"script":"<script> [776 bytes]","args":[{"enterText":"Piece","selector":{"id":"application-manageresources-display-component---newResourceUnit--BASE_UNIT_OF_MEASURE","interaction":{"idSuffix":"inner"}},"clearTextFirst":true,"interactionType":"ENTER_TEXT"}]}
COMMAND: POST /session/9a1232cba82ddf4e476e9164e77f8ae5/execute/async - {"script":"<script> [1562 bytes]","args":[{"selector":{"id":"application-manageresources-display-component---newResourceUnit--WEIGHT_UNIT","interaction":{"idSuffix":"inner"}},"wdio_ui5_key":"applicationmanageresources-display-component---newResourceUnit--WEIGHT_UNIT"}]}
RESULT: {"script":"<script> [1562 bytes]","args":[{"selector":{"id":"application-manageresources-display-component---newResourceUnit--WEIGHT_UNIT","interaction":{"idSuffix":"inner"}},"wdio_ui5_key":"applicationmanageresources-display-component---newResourceUnit--WEIGHT_UNIT"}]}
RESULT: undefined
COMMAND: POST /session/9a1232cba82ddf4e476e9164e77f8ae5/execute/async - {"script":"<script> [776 bytes]","args":[{"enterText":"Gram","selector":{"id":"application-manageresources-display-component---newResourceUnit--WEIGHT_UNIT","interaction":{"idSuffix":"inner"}},"clearTextFirst":true,"interactionType":"ENTER_TEXT"}]}
RESULT: {"script":"<script> [776 bytes]","args":[{"enterText":"Gram","selector":{"id":"application-manageresources-display-component---newResourceUnit--WEIGHT_UNIT","interaction":{"idSuffix":"inner"}},"clearTextFirst":true,"interactionType":"ENTER_TEXT"}]}
COMMAND: POST /session/9a1232cba82ddf4e476e9164e77f8ae5/execute/async - {"script":"<script> [1562 bytes]","args":[{"selector":{"id":"application-manageresources-display-component---newResourceUnit--DIMENSION_UNIT","interaction":{"idSuffix":"inner"}},"wdio_ui5_key":"applicationmanageresources-display-component---newResourceUnit--DIMENSION_UNIT"}]}
RESULT: {"script":"<script> [1562 bytes]","args":[{"selector":{"id":"application-manageresources-display-component---newResourceUnit--DIMENSION_UNIT","interaction":{"idSuffix":"inner"}},"wdio_ui5_key":"applicationmanageresources-display-component---newResourceUnit--DIMENSION_UNIT"}]}
RESULT: undefined
COMMAND: POST /session/9a1232cba82ddf4e476e9164e77f8ae5/execute/async - {"script":"<script> [776 bytes]","args":[{"enterText":"Meter","selector":{"id":"application-manageresources-display-component---newResourceUnit--DIMENSION_UNIT","interaction":{"idSuffix":"inner"}},"clearTextFirst":true,"interactionType":"ENTER_TEXT"}]}
RESULT: {"script":"<script> [776 bytes]","args":[{"enterText":"Meter","selector":{"id":"application-manageresources-display-component---newResourceUnit--DIMENSION_UNIT","interaction":{"idSuffix":"inner"}},"clearTextFirst":true,"interactionType":"ENTER_TEXT"}]}
COMMAND: POST /session/9a1232cba82ddf4e476e9164e77f8ae5/execute/async - {"script":"<script> [1562 bytes]","args":[{"selector":{"id":"application-manageresources-display-component---newResourceUnit--newRRUPage-anchBar-application-manageresources-display-component---newResourceUnit--control-anchor","interaction":{"idSuffix":"BDI-content"}},"wdio_ui5_key":"applicationmanageresources-display-component---newResourceUnit--newRRUPage-anchBar-application-manageresources-display-component---newResourceUnit--control-anchor"}]}
RESULT: {"script":"<script> [1562 bytes]","args":[{"selector":{"id":"application-manageresources-display-component---newResourceUnit--newRRUPage-anchBar-application-manageresources-display-component---newResourceUnit--control-anchor","interaction":{"idSuffix":"BDI-content"}},"wdio_ui5_key":"applicationmanageresources-display-component---newResourceUnit--newRRUPage-anchBar-application-manageresources-display-component---newResourceUnit--control-anchor"}]}
RESULT: undefined
COMMAND: POST /session/9a1232cba82ddf4e476e9164e77f8ae5/element - {"using":"xpath","value":"//*[@id=\"application-manageresources-display-component---newResourceUnit--newRRUPage-anchBar-application-manageresources-display-component---newResourceUnit--control-anchor\"]"}
RESULT: {"using":"xpath","value":"//*[@id=\"application-manageresources-display-component---newResourceUnit--newRRUPage-anchBar-application-manageresources-display-component---newResourceUnit--control-anchor\"]"}
COMMAND: POST /session/9a1232cba82ddf4e476e9164e77f8ae5/element/f.6A59EF44FD37C6BF5E8460C410EAC6E4.d.45186086CD2D60300C153F893660A960.e.2898/click - {}
RESULT: {}
COMMAND: POST /session/9a1232cba82ddf4e476e9164e77f8ae5/execute/async - {"script":"<script> [1562 bytes]","args":[{"selector":{"id":"application-manageresources-display-component---newResourceUnit--PLANNING_GROUP","interaction":{"idSuffix":"inner"}},"wdio_ui5_key":"applicationmanageresources-display-component---newResourceUnit--PLANNING_GROUP"}]}
COMMAND: GET /session/9a1232cba82ddf4e476e9164e77f8ae5/screenshot - {}
RESULT: {"script":"<script> [1562 bytes]","args":[{"selector":{"id":"application-manageresources-display-component---newResourceUnit--PLANNING_GROUP","interaction":{"idSuffix":"inner"}},"wdio_ui5_key":"applicationmanageresources-display-component---newResourceUnit--PLANNING_GROUP"}]}
RESULT: undefined
COMMAND: POST /session/9a1232cba82ddf4e476e9164e77f8ae5/execute/async - {"script":"<script> [776 bytes]","args":[{"enterText":"Material","selector":{"id":"application-manageresources-display-component---newResourceUnit--PLANNING_GROUP","interaction":{"idSuffix":"inner"}},"clearTextFirst":true,"interactionType":"ENTER_TEXT"}]}
RESULT: {}
RESULT: {"script":"<script> [776 bytes]","args":[{"enterText":"Material","selector":{"id":"application-manageresources-display-component---newResourceUnit--PLANNING_GROUP","interaction":{"idSuffix":"inner"}},"clearTextFirst":true,"interactionType":"ENTER_TEXT"}]}
COMMAND: POST /session/9a1232cba82ddf4e476e9164e77f8ae5/execute/async - {"script":"<script> [1562 bytes]","args":[{"selector":{"id":"application-manageresources-display-component---newResourceUnit--PLANNING_INDICATOR","interaction":{"idSuffix":"inner"}},"wdio_ui5_key":"applicationmanageresources-display-component---newResourceUnit--PLANNING_INDICATOR"}]}
RESULT: {"script":"<script> [1562 bytes]","args":[{"selector":{"id":"application-manageresources-display-component---newResourceUnit--PLANNING_INDICATOR","interaction":{"idSuffix":"inner"}},"wdio_ui5_key":"applicationmanageresources-display-component---newResourceUnit--PLANNING_INDICATOR"}]}
RESULT: undefined
COMMAND: POST /session/9a1232cba82ddf4e476e9164e77f8ae5/execute/async - {"script":"<script> [776 bytes]","args":[{"enterText":"10 - infinite","selector":{"id":"application-manageresources-display-component---newResourceUnit--PLANNING_INDICATOR","interaction":{"idSuffix":"inner"}},"clearTextFirst":true,"interactionType":"ENTER_TEXT"}]}
RESULT: {"script":"<script> [776 bytes]","args":[{"enterText":"10 - infinite","selector":{"id":"application-manageresources-display-component---newResourceUnit--PLANNING_INDICATOR","interaction":{"idSuffix":"inner"}},"clearTextFirst":true,"interactionType":"ENTER_TEXT"}]}
COMMAND: POST /session/9a1232cba82ddf4e476e9164e77f8ae5/element - {"using":"css selector","value":"#application-manageresources-display-component---newResourceUnit--btnAddTimeSegment"}
RESULT: {"using":"css selector","value":"#application-manageresources-display-component---newResourceUnit--btnAddTimeSegment"}
COMMAND: GET /session/9a1232cba82ddf4e476e9164e77f8ae5/element/f.6A59EF44FD37C6BF5E8460C410EAC6E4.d.45186086CD2D60300C153F893660A960.e.2906/rect - {}
RESULT: {}
COMMAND: GET /session/9a1232cba82ddf4e476e9164e77f8ae5/window/rect - {}
RESULT: {}
COMMAND: POST /session/9a1232cba82ddf4e476e9164e77f8ae5/execute/sync - {"script":"<script> [92 bytes]","args":[]}
RESULT: {"script":"<script> [92 bytes]","args":[]}
COMMAND: POST /session/9a1232cba82ddf4e476e9164e77f8ae5/actions - {"actions":[{"id":"action6","type":"wheel","parameters":{},"actions":[{"type":"scroll","x":-1888,"y":-32,"deltaX":0,"deltaY":0,"duration":0,"origin":{"element-6066-11e4-a52e-4f735466cecf":"f.6A59EF44FD37C6BF5E8460C410EAC6E4.d.45186086CD2D60300C153F893660A960.e.2906"}}]}]}
COMMAND: GET /session/9a1232cba82ddf4e476e9164e77f8ae5/screenshot - {}
RESULT: {}
COMMAND: POST /session/9a1232cba82ddf4e476e9164e77f8ae5/execute/sync - {"script":"<script> [79 bytes]","args":[{"element-6066-11e4-a52e-4f735466cecf":"f.6A59EF44FD37C6BF5E8460C410EAC6E4.d.45186086CD2D60300C153F893660A960.e.2906","ELEMENT":"f.6A59EF44FD37C6BF5E8460C410EAC6E4.d.45186086CD2D60300C153F893660A960.e.2906"},{"block":"start","inline":"nearest"}]}
RESULT: {"script":"<script> [79 bytes]","args":[{"element-6066-11e4-a52e-4f735466cecf":"f.6A59EF44FD37C6BF5E8460C410EAC6E4.d.45186086CD2D60300C153F893660A960.e.2906","ELEMENT":"f.6A59EF44FD37C6BF5E8460C410EAC6E4.d.45186086CD2D60300C153F893660A960.e.2906"},{"block":"start","inline":"nearest"}]}
COMMAND: POST /session/9a1232cba82ddf4e476e9164e77f8ae5/execute/async - {"script":"<script> [1562 bytes]","args":[{"selector":{"id":"application-manageresources-display-component---newResourceUnit--btnAddTimeSegment","interaction":{"idSuffix":"inner"}},"wdio_ui5_key":"applicationmanageresources-display-component---newResourceUnit--btnAddTimeSegment"}]}
COMMAND: GET /session/9a1232cba82ddf4e476e9164e77f8ae5/screenshot - {}
RESULT: {"script":"<script> [1562 bytes]","args":[{"selector":{"id":"application-manageresources-display-component---newResourceUnit--btnAddTimeSegment","interaction":{"idSuffix":"inner"}},"wdio_ui5_key":"applicationmanageresources-display-component---newResourceUnit--btnAddTimeSegment"}]}
RESULT: undefined
COMMAND: POST /session/9a1232cba82ddf4e476e9164e77f8ae5/element - {"using":"xpath","value":"//*[@id=\"application-manageresources-display-component---newResourceUnit--btnAddTimeSegment\"]"}
RESULT: {}
RESULT: {"using":"xpath","value":"//*[@id=\"application-manageresources-display-component---newResourceUnit--btnAddTimeSegment\"]"}
COMMAND: POST /session/9a1232cba82ddf4e476e9164e77f8ae5/element/f.6A59EF44FD37C6BF5E8460C410EAC6E4.d.45186086CD2D60300C153F893660A960.e.2906/click - {}
RESULT: {}
COMMAND: GET /session/9a1232cba82ddf4e476e9164e77f8ae5/screenshot - {}
RESULT: {}
COMMAND: POST /session/9a1232cba82ddf4e476e9164e77f8ae5/element - {"using":"xpath","value":"//input[@id=\"application-manageresources-display-component---newResourceUnit--idRuTSAdmin-application-manageresources-display-component---newResourceUnit--RUTimeSegment-0-inner\"]"}
RESULT: {"using":"xpath","value":"//input[@id=\"application-manageresources-display-component---newResourceUnit--idRuTSAdmin-application-manageresources-display-component---newResourceUnit--RUTimeSegment-0-inner\"]"}
COMMAND: POST /session/9a1232cba82ddf4e476e9164e77f8ae5/element/f.6A59EF44FD37C6BF5E8460C410EAC6E4.d.45186086CD2D60300C153F893660A960.e.2911/clear - {}
RESULT: {}
COMMAND: POST /session/9a1232cba82ddf4e476e9164e77f8ae5/element/f.6A59EF44FD37C6BF5E8460C410EAC6E4.d.45186086CD2D60300C153F893660A960.e.2911/value - {"text":"655"}
COMMAND: GET /session/9a1232cba82ddf4e476e9164e77f8ae5/screenshot - {}
RESULT: {"text":"655"}
COMMAND: GET /session/9a1232cba82ddf4e476e9164e77f8ae5/screenshot - {}
RESULT: {}
RESULT: {}
COMMAND: POST /session/9a1232cba82ddf4e476e9164e77f8ae5/element - {"using":"xpath","value":"//li[.//span[text()='655']]"}
RESULT: {"using":"xpath","value":"//li[.//span[text()='655']]"}
COMMAND: POST /session/9a1232cba82ddf4e476e9164e77f8ae5/element/f.6A59EF44FD37C6BF5E8460C410EAC6E4.d.45186086CD2D60300C153F893660A960.e.2922/click - {}
RESULT: {}
COMMAND: GET /session/9a1232cba82ddf4e476e9164e77f8ae5/screenshot - {}
RESULT: {}
COMMAND: POST /session/9a1232cba82ddf4e476e9164e77f8ae5/element - {"using":"xpath","value":"(//span[contains(@id, \"-application-manageresources-display-component---newResourceUnit--RUTimeSegment-0-arrow\")])[2]"}
RESULT: {"using":"xpath","value":"(//span[contains(@id, \"-application-manageresources-display-component---newResourceUnit--RUTimeSegment-0-arrow\")])[2]"}
COMMAND: POST /session/9a1232cba82ddf4e476e9164e77f8ae5/element/f.6A59EF44FD37C6BF5E8460C410EAC6E4.d.45186086CD2D60300C153F893660A960.e.2923/click - {}
RESULT: {}
COMMAND: POST /session/9a1232cba82ddf4e476e9164e77f8ae5/element - {"using":"xpath","value":"//span[contains(text(), \"PM Order\")]"}
COMMAND: GET /session/9a1232cba82ddf4e476e9164e77f8ae5/screenshot - {}
RESULT: {"using":"xpath","value":"//span[contains(text(), \"PM Order\")]"}
COMMAND: POST /session/9a1232cba82ddf4e476e9164e77f8ae5/element/f.6A59EF44FD37C6BF5E8460C410EAC6E4.d.45186086CD2D60300C153F893660A960.e.2924/click - {}
RESULT: {}
RESULT: {}
COMMAND: GET /session/9a1232cba82ddf4e476e9164e77f8ae5/screenshot - {}
RESULT: {}
COMMAND: POST /session/9a1232cba82ddf4e476e9164e77f8ae5/element - {"using":"xpath","value":"//td/div/div/div/span[contains(@id, \"newResourceUnit--RUTimeSegment-0-vhi\")][1]"}
RESULT: {"using":"xpath","value":"//td/div/div/div/span[contains(@id, \"newResourceUnit--RUTimeSegment-0-vhi\")][1]"}
COMMAND: GET /session/9a1232cba82ddf4e476e9164e77f8ae5/element/f.6A59EF44FD37C6BF5E8460C410EAC6E4.d.45186086CD2D60300C153F893660A960.e.2928/rect - {}
RESULT: {}
COMMAND: GET /session/9a1232cba82ddf4e476e9164e77f8ae5/window/rect - {}
RESULT: {}
COMMAND: POST /session/9a1232cba82ddf4e476e9164e77f8ae5/execute/sync - {"script":"<script> [92 bytes]","args":[]}
RESULT: {"script":"<script> [92 bytes]","args":[]}
COMMAND: POST /session/9a1232cba82ddf4e476e9164e77f8ae5/actions - {"actions":[{"id":"action7","type":"wheel","parameters":{},"actions":[{"type":"scroll","x":-1888,"y":-24,"deltaX":0,"deltaY":0,"duration":0,"origin":{"element-6066-11e4-a52e-4f735466cecf":"f.6A59EF44FD37C6BF5E8460C410EAC6E4.d.45186086CD2D60300C153F893660A960.e.2928"}}]}]}
COMMAND: GET /session/9a1232cba82ddf4e476e9164e77f8ae5/screenshot - {}
RESULT: {}
COMMAND: POST /session/9a1232cba82ddf4e476e9164e77f8ae5/execute/sync - {"script":"<script> [79 bytes]","args":[{"element-6066-11e4-a52e-4f735466cecf":"f.6A59EF44FD37C6BF5E8460C410EAC6E4.d.45186086CD2D60300C153F893660A960.e.2928","ELEMENT":"f.6A59EF44FD37C6BF5E8460C410EAC6E4.d.45186086CD2D60300C153F893660A960.e.2928"},{"block":"start","inline":"nearest"}]}
RESULT: {"script":"<script> [79 bytes]","args":[{"element-6066-11e4-a52e-4f735466cecf":"f.6A59EF44FD37C6BF5E8460C410EAC6E4.d.45186086CD2D60300C153F893660A960.e.2928","ELEMENT":"f.6A59EF44FD37C6BF5E8460C410EAC6E4.d.45186086CD2D60300C153F893660A960.e.2928"},{"block":"start","inline":"nearest"}]}
COMMAND: GET /session/9a1232cba82ddf4e476e9164e77f8ae5/screenshot - {}
RESULT: {}
COMMAND: POST /session/9a1232cba82ddf4e476e9164e77f8ae5/element/f.6A59EF44FD37C6BF5E8460C410EAC6E4.d.45186086CD2D60300C153F893660A960.e.2928/click - {}
RESULT: {}
COMMAND: GET /session/9a1232cba82ddf4e476e9164e77f8ae5/screenshot - {}
RESULT: {}
RESULT: undefined
COMMAND: POST /session/9a1232cba82ddf4e476e9164e77f8ae5/execute/async - {"script":"<script> [776 bytes]","args":[{"enterText":"4000360","selector":{"controlType":"sap.m.SearchField","properties":{"placeholder":"Search"},"searchOpenDialogs":true,"interaction":{"idSuffix":"I"}},"clearTextFirst":true,"interactionType":"ENTER_TEXT"}]}
RESULT: {"script":"<script> [776 bytes]","args":[{"enterText":"4000360","selector":{"controlType":"sap.m.SearchField","properties":{"placeholder":"Search"},"searchOpenDialogs":true,"interaction":{"idSuffix":"I"}},"clearTextFirst":true,"interactionType":"ENTER_TEXT"}]}
COMMAND: POST /session/9a1232cba82ddf4e476e9164e77f8ae5/actions - {"actions":[{"id":"action8","type":"key","parameters":{},"actions":[{"type":"keyDown","value":"î€‡"},{"type":"pause","duration":10},{"type":"keyUp","value":"î€‡"}]}]}
RESULT: {"actions":[{"id":"action8","type":"key","parameters":{},"actions":[{"type":"keyDown","value":"î€‡"},{"type":"pause","duration":10},{"type":"keyUp","value":"î€‡"}]}]}
COMMAND: GET /session/9a1232cba82ddf4e476e9164e77f8ae5/screenshot - {}
RESULT: {}
COMMAND: POST /session/9a1232cba82ddf4e476e9164e77f8ae5/element - {"using":"xpath","value":"//td/div/span[contains(text(), \"BGL Vehicles\")]"}
RESULT: {"using":"xpath","value":"//td/div/span[contains(text(), \"BGL Vehicles\")]"}
COMMAND: POST /session/9a1232cba82ddf4e476e9164e77f8ae5/element/f.6A59EF44FD37C6BF5E8460C410EAC6E4.d.45186086CD2D60300C153F893660A960.e.2948/click - {}
RESULT: {}
COMMAND: GET /session/9a1232cba82ddf4e476e9164e77f8ae5/screenshot - {}
RESULT: {}
COMMAND: POST /session/9a1232cba82ddf4e476e9164e77f8ae5/element - {"using":"xpath","value":"//bdi[contains(text(), \"OK\")]"}
RESULT: {"using":"xpath","value":"//bdi[contains(text(), \"OK\")]"}
COMMAND: POST /session/9a1232cba82ddf4e476e9164e77f8ae5/element/f.6A59EF44FD37C6BF5E8460C410EAC6E4.d.45186086CD2D60300C153F893660A960.e.2949/click - {}
RESULT: {}
COMMAND: GET /session/9a1232cba82ddf4e476e9164e77f8ae5/screenshot - {}
RESULT: {}
COMMAND: POST /session/9a1232cba82ddf4e476e9164e77f8ae5/element - {"using":"xpath","value":"//label[contains(@class, 'sapMLabelRequired') and .//bdi[contains(text(), 'Planned Retirement')]]"}
RESULT: {"using":"xpath","value":"//label[contains(@class, 'sapMLabelRequired') and .//bdi[contains(text(), 'Planned Retirement')]]"}
COMMAND: POST /session/9a1232cba82ddf4e476e9164e77f8ae5/elements - {"using":"xpath","value":"//label[contains(@class, 'sapMLabelRequired') and .//bdi[contains(text(), 'Planned Retirement')]]"}
RESULT: {"using":"xpath","value":"//label[contains(@class, 'sapMLabelRequired') and .//bdi[contains(text(), 'Planned Retirement')]]"}
COMMAND: POST /session/9a1232cba82ddf4e476e9164e77f8ae5/element - {"using":"xpath","value":"//button[@data-kt=\"resourceUnitSaveButton\"]"}
RESULT: {"using":"xpath","value":"//button[@data-kt=\"resourceUnitSaveButton\"]"}
COMMAND: POST /session/9a1232cba82ddf4e476e9164e77f8ae5/element/f.6A59EF44FD37C6BF5E8460C410EAC6E4.d.45186086CD2D60300C153F893660A960.e.2785/click - {}
RESULT: {}
COMMAND: GET /session/9a1232cba82ddf4e476e9164e77f8ae5/screenshot - {}
RESULT: {}
COMMAND: POST /session/9a1232cba82ddf4e476e9164e77f8ae5/element - {"using":"xpath","value":"//bdi[contains(text(), \"Close\")]"}
RESULT: {"using":"xpath","value":"//bdi[contains(text(), \"Close\")]"}
COMMAND: POST /session/9a1232cba82ddf4e476e9164e77f8ae5/element/f.6A59EF44FD37C6BF5E8460C410EAC6E4.d.45186086CD2D60300C153F893660A960.e.2955/click - {}
RESULT: {}
COMMAND: GET /session/9a1232cba82ddf4e476e9164e77f8ae5/screenshot - {}
RESULT: {}
COMMAND: POST /session/9a1232cba82ddf4e476e9164e77f8ae5/element - {"using":"xpath","value":"//header[contains(@id, 'detailRruPage-headerTitle')]/div[1]/div[2]/div[2]/span[1]"}
RESULT: {"using":"xpath","value":"//header[contains(@id, 'detailRruPage-headerTitle')]/div[1]/div[2]/div[2]/span[1]"}
COMMAND: POST /session/9a1232cba82ddf4e476e9164e77f8ae5/elements - {"using":"xpath","value":"//header[contains(@id, 'detailRruPage-headerTitle')]/div[1]/div[2]/div[2]/span[1]"}
RESULT: {"using":"xpath","value":"//header[contains(@id, 'detailRruPage-headerTitle')]/div[1]/div[2]/div[2]/span[1]"}
COMMAND: POST /session/9a1232cba82ddf4e476e9164e77f8ae5/execute/sync - {"script":"<script> [56 bytes]","args":[{"element-6066-11e4-a52e-4f735466cecf":"f.6A59EF44FD37C6BF5E8460C410EAC6E4.d.45186086CD2D60300C153F893660A960.e.2985","ELEMENT":"f.6A59EF44FD37C6BF5E8460C410EAC6E4.d.45186086CD2D60300C153F893660A960.e.2985"}]}
RESULT: {"script":"<script> [56 bytes]","args":[{"element-6066-11e4-a52e-4f735466cecf":"f.6A59EF44FD37C6BF5E8460C410EAC6E4.d.45186086CD2D60300C153F893660A960.e.2985","ELEMENT":"f.6A59EF44FD37C6BF5E8460C410EAC6E4.d.45186086CD2D60300C153F893660A960.e.2985"}]}
COMMAND: POST /session/9a1232cba82ddf4e476e9164e77f8ae5/element - {"using":"css selector","value":"#shell-header-logo"}
COMMAND: GET /session/9a1232cba82ddf4e476e9164e77f8ae5/screenshot - {}
RESULT: {"using":"css selector","value":"#shell-header-logo"}
COMMAND: POST /session/9a1232cba82ddf4e476e9164e77f8ae5/element/f.6A59EF44FD37C6BF5E8460C410EAC6E4.d.45186086CD2D60300C153F893660A960.e.2370/click - {}
RESULT: {}
RESULT: {}
COMMAND: GET /session/9a1232cba82ddf4e476e9164e77f8ae5/screenshot - {}
RESULT: {}
]]></system-out>
    </testcase>
    <testcase classname="chrome.137_0_7151_56.windows.Stock_increase_-_with_WHM_US125587" name="Bin Status Report Should Create New Organization yard" time="85.099">
      <system-out><![CDATA[
COMMAND: POST /session/9a1232cba82ddf4e476e9164e77f8ae5/execute/async - {"script":"<script> [1562 bytes]","args":[{"selector":{"controlType":"sap.m.GenericTile","properties":{"header":"Bin Status Report"}},"wdio_ui5_key":"sapm.GenericTile{\"header\":\"Bin Status Report\"}"}]}
RESULT: {"script":"<script> [1562 bytes]","args":[{"selector":{"controlType":"sap.m.GenericTile","properties":{"header":"Bin Status Report"}},"wdio_ui5_key":"sapm.GenericTile{\"header\":\"Bin Status Report\"}"}]}
RESULT: undefined
COMMAND: POST /session/9a1232cba82ddf4e476e9164e77f8ae5/element - {"using":"xpath","value":"//*[@id=\"__tile104\"]"}
RESULT: {"using":"xpath","value":"//*[@id=\"__tile104\"]"}
COMMAND: POST /session/9a1232cba82ddf4e476e9164e77f8ae5/element/f.6A59EF44FD37C6BF5E8460C410EAC6E4.d.45186086CD2D60300C153F893660A960.e.2989/click - {}
RESULT: {}
COMMAND: GET /session/9a1232cba82ddf4e476e9164e77f8ae5/screenshot - {}
RESULT: {}
COMMAND: POST /session/9a1232cba82ddf4e476e9164e77f8ae5/elements - {"using":"xpath","value":"//span[text()='Error']"}
RESULT: {"using":"xpath","value":"//span[text()='Error']"}
COMMAND: POST /session/9a1232cba82ddf4e476e9164e77f8ae5/element - {"using":"xpath","value":"//button[@id=\"application-binstatusreport-display-component---warehousing--createOrgBtn\"]"}
RESULT: {"using":"xpath","value":"//button[@id=\"application-binstatusreport-display-component---warehousing--createOrgBtn\"]"}
COMMAND: POST /session/9a1232cba82ddf4e476e9164e77f8ae5/elements - {"using":"xpath","value":"//button[@id=\"application-binstatusreport-display-component---warehousing--createOrgBtn\"]"}
RESULT: {"using":"xpath","value":"//button[@id=\"application-binstatusreport-display-component---warehousing--createOrgBtn\"]"}
COMMAND: POST /session/9a1232cba82ddf4e476e9164e77f8ae5/execute/sync - {"script":"<script> [8489 bytes]","args":[{"element-6066-11e4-a52e-4f735466cecf":"f.6A59EF44FD37C6BF5E8460C410EAC6E4.d.45186086CD2D60300C153F893660A960.e.3048","ELEMENT":"f.6A59EF44FD37C6BF5E8460C410EAC6E4.d.45186086CD2D60300C153F893660A960.e.3048"}]}
RESULT: {"script":"<script> [8489 bytes]","args":[{"element-6066-11e4-a52e-4f735466cecf":"f.6A59EF44FD37C6BF5E8460C410EAC6E4.d.45186086CD2D60300C153F893660A960.e.3048","ELEMENT":"f.6A59EF44FD37C6BF5E8460C410EAC6E4.d.45186086CD2D60300C153F893660A960.e.3048"}]}
COMMAND: GET /session/9a1232cba82ddf4e476e9164e77f8ae5/element/f.6A59EF44FD37C6BF5E8460C410EAC6E4.d.45186086CD2D60300C153F893660A960.e.3048/enabled - {}
COMMAND: GET /session/9a1232cba82ddf4e476e9164e77f8ae5/screenshot - {}
RESULT: {}
COMMAND: POST /session/9a1232cba82ddf4e476e9164e77f8ae5/execute/sync - {"script":"<script> [8489 bytes]","args":[{"element-6066-11e4-a52e-4f735466cecf":"f.6A59EF44FD37C6BF5E8460C410EAC6E4.d.45186086CD2D60300C153F893660A960.e.3048","ELEMENT":"f.6A59EF44FD37C6BF5E8460C410EAC6E4.d.45186086CD2D60300C153F893660A960.e.3048"}]}
COMMAND: GET /session/9a1232cba82ddf4e476e9164e77f8ae5/screenshot - {}
RESULT: {}
RESULT: {"script":"<script> [8489 bytes]","args":[{"element-6066-11e4-a52e-4f735466cecf":"f.6A59EF44FD37C6BF5E8460C410EAC6E4.d.45186086CD2D60300C153F893660A960.e.3048","ELEMENT":"f.6A59EF44FD37C6BF5E8460C410EAC6E4.d.45186086CD2D60300C153F893660A960.e.3048"}]}
COMMAND: POST /session/9a1232cba82ddf4e476e9164e77f8ae5/execute/sync - {"script":"<script> [5351 bytes]","args":[{"element-6066-11e4-a52e-4f735466cecf":"f.6A59EF44FD37C6BF5E8460C410EAC6E4.d.45186086CD2D60300C153F893660A960.e.3048","ELEMENT":"f.6A59EF44FD37C6BF5E8460C410EAC6E4.d.45186086CD2D60300C153F893660A960.e.3048"}]}
COMMAND: GET /session/9a1232cba82ddf4e476e9164e77f8ae5/screenshot - {}
RESULT: {}
RESULT: {"script":"<script> [5351 bytes]","args":[{"element-6066-11e4-a52e-4f735466cecf":"f.6A59EF44FD37C6BF5E8460C410EAC6E4.d.45186086CD2D60300C153F893660A960.e.3048","ELEMENT":"f.6A59EF44FD37C6BF5E8460C410EAC6E4.d.45186086CD2D60300C153F893660A960.e.3048"}]}
COMMAND: GET /session/9a1232cba82ddf4e476e9164e77f8ae5/screenshot - {}
RESULT: {}
RESULT: {}
COMMAND: POST /session/9a1232cba82ddf4e476e9164e77f8ae5/element/f.6A59EF44FD37C6BF5E8460C410EAC6E4.d.45186086CD2D60300C153F893660A960.e.3048/click - {}
RESULT: {}
COMMAND: GET /session/9a1232cba82ddf4e476e9164e77f8ae5/screenshot - {}
RESULT: {}
COMMAND: POST /session/9a1232cba82ddf4e476e9164e77f8ae5/execute/async - {"script":"<script> [1562 bytes]","args":[{"selector":{"id":"createOrganizationPop--sectionInput","searchOpenDialogs":true,"interaction":{"idSuffix":"inner"}},"wdio_ui5_key":"createOrganizationPopsectionInput"}]}
RESULT: {"script":"<script> [1562 bytes]","args":[{"selector":{"id":"createOrganizationPop--sectionInput","searchOpenDialogs":true,"interaction":{"idSuffix":"inner"}},"wdio_ui5_key":"createOrganizationPopsectionInput"}]}
RESULT: undefined
COMMAND: POST /session/9a1232cba82ddf4e476e9164e77f8ae5/execute/async - {"script":"<script> [776 bytes]","args":[{"enterText":"WDIO-655","selector":{"id":"createOrganizationPop--sectionInput","searchOpenDialogs":true,"interaction":{"idSuffix":"inner"}},"clearTextFirst":true,"interactionType":"ENTER_TEXT"}]}
RESULT: {"script":"<script> [776 bytes]","args":[{"enterText":"WDIO-655","selector":{"id":"createOrganizationPop--sectionInput","searchOpenDialogs":true,"interaction":{"idSuffix":"inner"}},"clearTextFirst":true,"interactionType":"ENTER_TEXT"}]}
COMMAND: POST /session/9a1232cba82ddf4e476e9164e77f8ae5/execute/async - {"script":"<script> [1562 bytes]","args":[{"selector":{"id":"createOrganizationPop--descriptionInput","searchOpenDialogs":true,"interaction":{"idSuffix":"inner"}},"wdio_ui5_key":"createOrganizationPopdescriptionInput"}]}
RESULT: {"script":"<script> [1562 bytes]","args":[{"selector":{"id":"createOrganizationPop--descriptionInput","searchOpenDialogs":true,"interaction":{"idSuffix":"inner"}},"wdio_ui5_key":"createOrganizationPopdescriptionInput"}]}
RESULT: undefined
COMMAND: POST /session/9a1232cba82ddf4e476e9164e77f8ae5/execute/async - {"script":"<script> [776 bytes]","args":[{"enterText":"Shipping-655","selector":{"id":"createOrganizationPop--descriptionInput","searchOpenDialogs":true,"interaction":{"idSuffix":"inner"}},"clearTextFirst":true,"interactionType":"ENTER_TEXT"}]}
RESULT: {"script":"<script> [776 bytes]","args":[{"enterText":"Shipping-655","selector":{"id":"createOrganizationPop--descriptionInput","searchOpenDialogs":true,"interaction":{"idSuffix":"inner"}},"clearTextFirst":true,"interactionType":"ENTER_TEXT"}]}
COMMAND: POST /session/9a1232cba82ddf4e476e9164e77f8ae5/element - {"using":"css selector","value":"#createOrganizationPop--yardOrg-inner"}
RESULT: {"using":"css selector","value":"#createOrganizationPop--yardOrg-inner"}
COMMAND: POST /session/9a1232cba82ddf4e476e9164e77f8ae5/element/f.6A59EF44FD37C6BF5E8460C410EAC6E4.d.45186086CD2D60300C153F893660A960.e.3094/clear - {}
RESULT: {}
COMMAND: POST /session/9a1232cba82ddf4e476e9164e77f8ae5/element/f.6A59EF44FD37C6BF5E8460C410EAC6E4.d.45186086CD2D60300C153F893660A960.e.3094/value - {"text":"655"}
COMMAND: GET /session/9a1232cba82ddf4e476e9164e77f8ae5/screenshot - {}
RESULT: {"text":"655"}
COMMAND: GET /session/9a1232cba82ddf4e476e9164e77f8ae5/screenshot - {}
RESULT: {}
RESULT: {}
COMMAND: POST /session/9a1232cba82ddf4e476e9164e77f8ae5/actions - {"actions":[{"id":"action9","type":"key","parameters":{},"actions":[{"type":"keyDown","value":"î€‡"},{"type":"pause","duration":10},{"type":"keyUp","value":"î€‡"}]}]}
RESULT: {"actions":[{"id":"action9","type":"key","parameters":{},"actions":[{"type":"keyDown","value":"î€‡"},{"type":"pause","duration":10},{"type":"keyUp","value":"î€‡"}]}]}
COMMAND: POST /session/9a1232cba82ddf4e476e9164e77f8ae5/execute/async - {"script":"<script> [1562 bytes]","args":[{"selector":{"id":"createOrganizationPop--grZone","searchOpenDialogs":true,"interaction":{"idSuffix":"CbBg"}},"wdio_ui5_key":"createOrganizationPopgrZone"}]}
COMMAND: GET /session/9a1232cba82ddf4e476e9164e77f8ae5/screenshot - {}
RESULT: {"script":"<script> [1562 bytes]","args":[{"selector":{"id":"createOrganizationPop--grZone","searchOpenDialogs":true,"interaction":{"idSuffix":"CbBg"}},"wdio_ui5_key":"createOrganizationPopgrZone"}]}
RESULT: undefined
COMMAND: POST /session/9a1232cba82ddf4e476e9164e77f8ae5/element - {"using":"xpath","value":"//*[@id=\"createOrganizationPop--grZone\"]"}
RESULT: {}
RESULT: {"using":"xpath","value":"//*[@id=\"createOrganizationPop--grZone\"]"}
COMMAND: POST /session/9a1232cba82ddf4e476e9164e77f8ae5/element/f.6A59EF44FD37C6BF5E8460C410EAC6E4.d.45186086CD2D60300C153F893660A960.e.3116/click - {}
RESULT: {}
COMMAND: GET /session/9a1232cba82ddf4e476e9164e77f8ae5/screenshot - {}
RESULT: {}
COMMAND: POST /session/9a1232cba82ddf4e476e9164e77f8ae5/execute/async - {"script":"<script> [1562 bytes]","args":[{"selector":{"id":"createOrganizationPop--giZone","searchOpenDialogs":true,"interaction":{"idSuffix":"CbBg"}},"wdio_ui5_key":"createOrganizationPopgiZone"}]}
RESULT: {"script":"<script> [1562 bytes]","args":[{"selector":{"id":"createOrganizationPop--giZone","searchOpenDialogs":true,"interaction":{"idSuffix":"CbBg"}},"wdio_ui5_key":"createOrganizationPopgiZone"}]}
RESULT: undefined
COMMAND: POST /session/9a1232cba82ddf4e476e9164e77f8ae5/element - {"using":"xpath","value":"//*[@id=\"createOrganizationPop--giZone\"]"}
RESULT: {"using":"xpath","value":"//*[@id=\"createOrganizationPop--giZone\"]"}
COMMAND: POST /session/9a1232cba82ddf4e476e9164e77f8ae5/element/f.6A59EF44FD37C6BF5E8460C410EAC6E4.d.45186086CD2D60300C153F893660A960.e.3118/click - {}
RESULT: {}
COMMAND: GET /session/9a1232cba82ddf4e476e9164e77f8ae5/screenshot - {}
RESULT: {}
COMMAND: POST /session/9a1232cba82ddf4e476e9164e77f8ae5/execute/async - {"script":"<script> [1562 bytes]","args":[{"selector":{"id":"createOrganizationPop--binNoInput","searchOpenDialogs":true,"interaction":{"idSuffix":"inner"}},"wdio_ui5_key":"createOrganizationPopbinNoInput"}]}
RESULT: {"script":"<script> [1562 bytes]","args":[{"selector":{"id":"createOrganizationPop--binNoInput","searchOpenDialogs":true,"interaction":{"idSuffix":"inner"}},"wdio_ui5_key":"createOrganizationPopbinNoInput"}]}
RESULT: undefined
COMMAND: POST /session/9a1232cba82ddf4e476e9164e77f8ae5/execute/async - {"script":"<script> [776 bytes]","args":[{"enterText":"Bin-Wd","selector":{"id":"createOrganizationPop--binNoInput","searchOpenDialogs":true,"interaction":{"idSuffix":"inner"}},"clearTextFirst":true,"interactionType":"ENTER_TEXT"}]}
RESULT: {"script":"<script> [776 bytes]","args":[{"enterText":"Bin-Wd","selector":{"id":"createOrganizationPop--binNoInput","searchOpenDialogs":true,"interaction":{"idSuffix":"inner"}},"clearTextFirst":true,"interactionType":"ENTER_TEXT"}]}
COMMAND: POST /session/9a1232cba82ddf4e476e9164e77f8ae5/execute/async - {"script":"<script> [1562 bytes]","args":[{"selector":{"id":"createOrganizationPop--descriptionId","searchOpenDialogs":true,"interaction":{"idSuffix":"inner"}},"wdio_ui5_key":"createOrganizationPopdescriptionId"}]}
RESULT: {"script":"<script> [1562 bytes]","args":[{"selector":{"id":"createOrganizationPop--descriptionId","searchOpenDialogs":true,"interaction":{"idSuffix":"inner"}},"wdio_ui5_key":"createOrganizationPopdescriptionId"}]}
RESULT: undefined
COMMAND: POST /session/9a1232cba82ddf4e476e9164e77f8ae5/execute/async - {"script":"<script> [776 bytes]","args":[{"enterText":"Shipping-Wd","selector":{"id":"createOrganizationPop--descriptionId","searchOpenDialogs":true,"interaction":{"idSuffix":"inner"}},"clearTextFirst":true,"interactionType":"ENTER_TEXT"}]}
RESULT: {"script":"<script> [776 bytes]","args":[{"enterText":"Shipping-Wd","selector":{"id":"createOrganizationPop--descriptionId","searchOpenDialogs":true,"interaction":{"idSuffix":"inner"}},"clearTextFirst":true,"interactionType":"ENTER_TEXT"}]}
COMMAND: POST /session/9a1232cba82ddf4e476e9164e77f8ae5/execute/async - {"script":"<script> [1562 bytes]","args":[{"selector":{"controlType":"sap.m.CheckBox","viewName":"etm.portal.ui.binstatusreport.view.MasterWareBins","viewId":"application-binstatusreport-display-component---warehousing","bindingPath":{"path":"","propertyPath":"/ZONE","modelName":"newBin"},"searchOpenDialogs":true,"interaction":{"idSuffix":"CbBg"}},"wdio_ui5_key":"etmportal.ui.binstatusreport.view.MasterWareBinssap.m.CheckBox{\"path\":\"\",\"propertyPath\":\"/ZONE\",\"modelName\":\"newBin\"}"}]}
RESULT: {"script":"<script> [1562 bytes]","args":[{"selector":{"controlType":"sap.m.CheckBox","viewName":"etm.portal.ui.binstatusreport.view.MasterWareBins","viewId":"application-binstatusreport-display-component---warehousing","bindingPath":{"path":"","propertyPath":"/ZONE","modelName":"newBin"},"searchOpenDialogs":true,"interaction":{"idSuffix":"CbBg"}},"wdio_ui5_key":"etmportal.ui.binstatusreport.view.MasterWareBinssap.m.CheckBox{\"path\":\"\",\"propertyPath\":\"/ZONE\",\"modelName\":\"newBin\"}"}]}
RESULT: undefined
COMMAND: POST /session/9a1232cba82ddf4e476e9164e77f8ae5/element - {"using":"xpath","value":"//*[@id=\"__box56\"]"}
RESULT: {"using":"xpath","value":"//*[@id=\"__box56\"]"}
COMMAND: POST /session/9a1232cba82ddf4e476e9164e77f8ae5/element/f.6A59EF44FD37C6BF5E8460C410EAC6E4.d.45186086CD2D60300C153F893660A960.e.3141/click - {}
RESULT: {}
COMMAND: GET /session/9a1232cba82ddf4e476e9164e77f8ae5/screenshot - {}
RESULT: {}
COMMAND: POST /session/9a1232cba82ddf4e476e9164e77f8ae5/execute/async - {"script":"<script> [1562 bytes]","args":[{"selector":{"id":"createOrganizationPop--binTypesCB","searchOpenDialogs":true,"interaction":{"idSuffix":"inner"}},"wdio_ui5_key":"createOrganizationPopbinTypesCB"}]}
RESULT: {"script":"<script> [1562 bytes]","args":[{"selector":{"id":"createOrganizationPop--binTypesCB","searchOpenDialogs":true,"interaction":{"idSuffix":"inner"}},"wdio_ui5_key":"createOrganizationPopbinTypesCB"}]}
RESULT: undefined
COMMAND: POST /session/9a1232cba82ddf4e476e9164e77f8ae5/execute/async - {"script":"<script> [776 bytes]","args":[{"enterText":"1 - General / No capacity check","selector":{"id":"createOrganizationPop--binTypesCB","searchOpenDialogs":true,"interaction":{"idSuffix":"inner"}},"clearTextFirst":true,"interactionType":"ENTER_TEXT"}]}
RESULT: {"script":"<script> [776 bytes]","args":[{"enterText":"1 - General / No capacity check","selector":{"id":"createOrganizationPop--binTypesCB","searchOpenDialogs":true,"interaction":{"idSuffix":"inner"}},"clearTextFirst":true,"interactionType":"ENTER_TEXT"}]}
COMMAND: POST /session/9a1232cba82ddf4e476e9164e77f8ae5/actions - {"actions":[{"id":"action10","type":"key","parameters":{},"actions":[{"type":"keyDown","value":"î€‡"},{"type":"pause","duration":10},{"type":"keyUp","value":"î€‡"}]}]}
RESULT: {"actions":[{"id":"action10","type":"key","parameters":{},"actions":[{"type":"keyDown","value":"î€‡"},{"type":"pause","duration":10},{"type":"keyUp","value":"î€‡"}]}]}
COMMAND: GET /session/9a1232cba82ddf4e476e9164e77f8ae5/screenshot - {}
RESULT: {}
COMMAND: POST /session/9a1232cba82ddf4e476e9164e77f8ae5/execute/async - {"script":"<script> [1562 bytes]","args":[{"selector":{"id":"createOrganizationPop--finishBtn","searchOpenDialogs":true,"interaction":{"idSuffix":"BDI-content"}},"wdio_ui5_key":"createOrganizationPopfinishBtn"}]}
RESULT: {"script":"<script> [1562 bytes]","args":[{"selector":{"id":"createOrganizationPop--finishBtn","searchOpenDialogs":true,"interaction":{"idSuffix":"BDI-content"}},"wdio_ui5_key":"createOrganizationPopfinishBtn"}]}
RESULT: undefined
COMMAND: POST /session/9a1232cba82ddf4e476e9164e77f8ae5/element - {"using":"xpath","value":"//*[@id=\"createOrganizationPop--finishBtn\"]"}
RESULT: {"using":"xpath","value":"//*[@id=\"createOrganizationPop--finishBtn\"]"}
COMMAND: POST /session/9a1232cba82ddf4e476e9164e77f8ae5/element/f.6A59EF44FD37C6BF5E8460C410EAC6E4.d.45186086CD2D60300C153F893660A960.e.3152/click - {}
RESULT: {}
COMMAND: GET /session/9a1232cba82ddf4e476e9164e77f8ae5/screenshot - {}
RESULT: {}
COMMAND: POST /session/9a1232cba82ddf4e476e9164e77f8ae5/element - {"using":"css selector","value":"#shell-header-logo"}
RESULT: {"using":"css selector","value":"#shell-header-logo"}
COMMAND: POST /session/9a1232cba82ddf4e476e9164e77f8ae5/element/f.6A59EF44FD37C6BF5E8460C410EAC6E4.d.45186086CD2D60300C153F893660A960.e.2996/click - {}
RESULT: {}
COMMAND: GET /session/9a1232cba82ddf4e476e9164e77f8ae5/screenshot - {}
RESULT: {}
]]></system-out>
    </testcase>
    <testcase classname="chrome.137_0_7151_56.windows.Stock_increase_-_with_WHM_US125587" name="Bin Status Report Should Create New Organization for Site" time="74.164">
      <system-out><![CDATA[
RESULT: undefined
COMMAND: POST /session/9a1232cba82ddf4e476e9164e77f8ae5/element - {"using":"xpath","value":"//*[@id=\"__tile104\"]"}
RESULT: {"using":"xpath","value":"//*[@id=\"__tile104\"]"}
COMMAND: POST /session/9a1232cba82ddf4e476e9164e77f8ae5/element/f.6A59EF44FD37C6BF5E8460C410EAC6E4.d.45186086CD2D60300C153F893660A960.e.2989/click - {}
RESULT: {}
COMMAND: GET /session/9a1232cba82ddf4e476e9164e77f8ae5/screenshot - {}
COMMAND: POST /session/9a1232cba82ddf4e476e9164e77f8ae5/elements - {"using":"xpath","value":"//span[text()='Error']"}
RESULT: {}
RESULT: {"using":"xpath","value":"//span[text()='Error']"}
COMMAND: POST /session/9a1232cba82ddf4e476e9164e77f8ae5/element - {"using":"xpath","value":"//button[@id=\"application-binstatusreport-display-component---warehousing--createOrgBtn\"]"}
RESULT: {"using":"xpath","value":"//button[@id=\"application-binstatusreport-display-component---warehousing--createOrgBtn\"]"}
COMMAND: POST /session/9a1232cba82ddf4e476e9164e77f8ae5/elements - {"using":"xpath","value":"//button[@id=\"application-binstatusreport-display-component---warehousing--createOrgBtn\"]"}
RESULT: {"using":"xpath","value":"//button[@id=\"application-binstatusreport-display-component---warehousing--createOrgBtn\"]"}
COMMAND: POST /session/9a1232cba82ddf4e476e9164e77f8ae5/execute/sync - {"script":"<script> [8489 bytes]","args":[{"element-6066-11e4-a52e-4f735466cecf":"f.6A59EF44FD37C6BF5E8460C410EAC6E4.d.45186086CD2D60300C153F893660A960.e.3194","ELEMENT":"f.6A59EF44FD37C6BF5E8460C410EAC6E4.d.45186086CD2D60300C153F893660A960.e.3194"}]}
RESULT: {"script":"<script> [8489 bytes]","args":[{"element-6066-11e4-a52e-4f735466cecf":"f.6A59EF44FD37C6BF5E8460C410EAC6E4.d.45186086CD2D60300C153F893660A960.e.3194","ELEMENT":"f.6A59EF44FD37C6BF5E8460C410EAC6E4.d.45186086CD2D60300C153F893660A960.e.3194"}]}
COMMAND: GET /session/9a1232cba82ddf4e476e9164e77f8ae5/element/f.6A59EF44FD37C6BF5E8460C410EAC6E4.d.45186086CD2D60300C153F893660A960.e.3194/enabled - {}
COMMAND: GET /session/9a1232cba82ddf4e476e9164e77f8ae5/screenshot - {}
RESULT: {}
COMMAND: POST /session/9a1232cba82ddf4e476e9164e77f8ae5/execute/sync - {"script":"<script> [8489 bytes]","args":[{"element-6066-11e4-a52e-4f735466cecf":"f.6A59EF44FD37C6BF5E8460C410EAC6E4.d.45186086CD2D60300C153F893660A960.e.3194","ELEMENT":"f.6A59EF44FD37C6BF5E8460C410EAC6E4.d.45186086CD2D60300C153F893660A960.e.3194"}]}
COMMAND: GET /session/9a1232cba82ddf4e476e9164e77f8ae5/screenshot - {}
RESULT: {}
RESULT: {"script":"<script> [8489 bytes]","args":[{"element-6066-11e4-a52e-4f735466cecf":"f.6A59EF44FD37C6BF5E8460C410EAC6E4.d.45186086CD2D60300C153F893660A960.e.3194","ELEMENT":"f.6A59EF44FD37C6BF5E8460C410EAC6E4.d.45186086CD2D60300C153F893660A960.e.3194"}]}
COMMAND: POST /session/9a1232cba82ddf4e476e9164e77f8ae5/execute/sync - {"script":"<script> [5351 bytes]","args":[{"element-6066-11e4-a52e-4f735466cecf":"f.6A59EF44FD37C6BF5E8460C410EAC6E4.d.45186086CD2D60300C153F893660A960.e.3194","ELEMENT":"f.6A59EF44FD37C6BF5E8460C410EAC6E4.d.45186086CD2D60300C153F893660A960.e.3194"}]}
COMMAND: GET /session/9a1232cba82ddf4e476e9164e77f8ae5/screenshot - {}
RESULT: {}
RESULT: {"script":"<script> [5351 bytes]","args":[{"element-6066-11e4-a52e-4f735466cecf":"f.6A59EF44FD37C6BF5E8460C410EAC6E4.d.45186086CD2D60300C153F893660A960.e.3194","ELEMENT":"f.6A59EF44FD37C6BF5E8460C410EAC6E4.d.45186086CD2D60300C153F893660A960.e.3194"}]}
COMMAND: GET /session/9a1232cba82ddf4e476e9164e77f8ae5/screenshot - {}
RESULT: {}
RESULT: {}
COMMAND: POST /session/9a1232cba82ddf4e476e9164e77f8ae5/element/f.6A59EF44FD37C6BF5E8460C410EAC6E4.d.45186086CD2D60300C153F893660A960.e.3194/click - {}
RESULT: {}
COMMAND: GET /session/9a1232cba82ddf4e476e9164e77f8ae5/screenshot - {}
RESULT: {}
RESULT: undefined
COMMAND: POST /session/9a1232cba82ddf4e476e9164e77f8ae5/execute/async - {"script":"<script> [776 bytes]","args":[{"enterText":"2367","selector":{"id":"createOrganizationPop--sectionInput","searchOpenDialogs":true,"interaction":{"idSuffix":"inner"}},"clearTextFirst":true,"interactionType":"ENTER_TEXT"}]}
RESULT: {"script":"<script> [776 bytes]","args":[{"enterText":"2367","selector":{"id":"createOrganizationPop--sectionInput","searchOpenDialogs":true,"interaction":{"idSuffix":"inner"}},"clearTextFirst":true,"interactionType":"ENTER_TEXT"}]}
RESULT: undefined
COMMAND: POST /session/9a1232cba82ddf4e476e9164e77f8ae5/execute/async - {"script":"<script> [776 bytes]","args":[{"enterText":"WDIO-2367","selector":{"id":"createOrganizationPop--descriptionInput","searchOpenDialogs":true,"interaction":{"idSuffix":"inner"}},"clearTextFirst":true,"interactionType":"ENTER_TEXT"}]}
RESULT: {"script":"<script> [776 bytes]","args":[{"enterText":"WDIO-2367","selector":{"id":"createOrganizationPop--descriptionInput","searchOpenDialogs":true,"interaction":{"idSuffix":"inner"}},"clearTextFirst":true,"interactionType":"ENTER_TEXT"}]}
COMMAND: POST /session/9a1232cba82ddf4e476e9164e77f8ae5/element - {"using":"css selector","value":"#createOrganizationPop--siteOrg-inner"}
RESULT: {"using":"css selector","value":"#createOrganizationPop--siteOrg-inner"}
COMMAND: POST /session/9a1232cba82ddf4e476e9164e77f8ae5/element/f.6A59EF44FD37C6BF5E8460C410EAC6E4.d.45186086CD2D60300C153F893660A960.e.3249/clear - {}
RESULT: {}
COMMAND: POST /session/9a1232cba82ddf4e476e9164e77f8ae5/element/f.6A59EF44FD37C6BF5E8460C410EAC6E4.d.45186086CD2D60300C153F893660A960.e.3249/value - {"text":"2367"}
COMMAND: GET /session/9a1232cba82ddf4e476e9164e77f8ae5/screenshot - {}
RESULT: {"text":"2367"}
COMMAND: GET /session/9a1232cba82ddf4e476e9164e77f8ae5/screenshot - {}
RESULT: {}
RESULT: {}
COMMAND: POST /session/9a1232cba82ddf4e476e9164e77f8ae5/actions - {"actions":[{"id":"action11","type":"key","parameters":{},"actions":[{"type":"keyDown","value":"î€‡"},{"type":"pause","duration":10},{"type":"keyUp","value":"î€‡"}]}]}
RESULT: {"actions":[{"id":"action11","type":"key","parameters":{},"actions":[{"type":"keyDown","value":"î€‡"},{"type":"pause","duration":10},{"type":"keyUp","value":"î€‡"}]}]}
RESULT: undefined
COMMAND: POST /session/9a1232cba82ddf4e476e9164e77f8ae5/element - {"using":"xpath","value":"//*[@id=\"createOrganizationPop--giZone\"]"}
COMMAND: GET /session/9a1232cba82ddf4e476e9164e77f8ae5/screenshot - {}
RESULT: {"using":"xpath","value":"//*[@id=\"createOrganizationPop--giZone\"]"}
COMMAND: POST /session/9a1232cba82ddf4e476e9164e77f8ae5/element/f.6A59EF44FD37C6BF5E8460C410EAC6E4.d.45186086CD2D60300C153F893660A960.e.3287/click - {}
RESULT: {}
RESULT: {}
COMMAND: GET /session/9a1232cba82ddf4e476e9164e77f8ae5/screenshot - {}
RESULT: {}
RESULT: undefined
COMMAND: POST /session/9a1232cba82ddf4e476e9164e77f8ae5/execute/async - {"script":"<script> [776 bytes]","args":[{"enterText":"WD-BIN","selector":{"id":"createOrganizationPop--binNoInput","searchOpenDialogs":true,"interaction":{"idSuffix":"inner"}},"clearTextFirst":true,"interactionType":"ENTER_TEXT"}]}
RESULT: {"script":"<script> [776 bytes]","args":[{"enterText":"WD-BIN","selector":{"id":"createOrganizationPop--binNoInput","searchOpenDialogs":true,"interaction":{"idSuffix":"inner"}},"clearTextFirst":true,"interactionType":"ENTER_TEXT"}]}
RESULT: undefined
COMMAND: POST /session/9a1232cba82ddf4e476e9164e77f8ae5/execute/async - {"script":"<script> [776 bytes]","args":[{"enterText":"WD-BIN","selector":{"id":"createOrganizationPop--descriptionId","searchOpenDialogs":true,"interaction":{"idSuffix":"inner"}},"clearTextFirst":true,"interactionType":"ENTER_TEXT"}]}
RESULT: {"script":"<script> [776 bytes]","args":[{"enterText":"WD-BIN","selector":{"id":"createOrganizationPop--descriptionId","searchOpenDialogs":true,"interaction":{"idSuffix":"inner"}},"clearTextFirst":true,"interactionType":"ENTER_TEXT"}]}
COMMAND: POST /session/9a1232cba82ddf4e476e9164e77f8ae5/execute/async - {"script":"<script> [1562 bytes]","args":[{"selector":{"controlType":"sap.m.CheckBox","viewName":"etm.portal.ui.binstatusreport.view.MasterWareBins","viewId":"application-binstatusreport-display-component---warehousing","bindingPath":{"propertyPath":"/ZONE","modelName":"newBin"},"searchOpenDialogs":true,"interaction":{"idSuffix":"CbBg"}},"wdio_ui5_key":"etmportal.ui.binstatusreport.view.MasterWareBinssap.m.CheckBox{\"propertyPath\":\"/ZONE\",\"modelName\":\"newBin\"}"}]}
RESULT: {"script":"<script> [1562 bytes]","args":[{"selector":{"controlType":"sap.m.CheckBox","viewName":"etm.portal.ui.binstatusreport.view.MasterWareBins","viewId":"application-binstatusreport-display-component---warehousing","bindingPath":{"propertyPath":"/ZONE","modelName":"newBin"},"searchOpenDialogs":true,"interaction":{"idSuffix":"CbBg"}},"wdio_ui5_key":"etmportal.ui.binstatusreport.view.MasterWareBinssap.m.CheckBox{\"propertyPath\":\"/ZONE\",\"modelName\":\"newBin\"}"}]}
RESULT: undefined
COMMAND: POST /session/9a1232cba82ddf4e476e9164e77f8ae5/element - {"using":"xpath","value":"//*[@id=\"__box68\"]"}
RESULT: {"using":"xpath","value":"//*[@id=\"__box68\"]"}
COMMAND: POST /session/9a1232cba82ddf4e476e9164e77f8ae5/element/f.6A59EF44FD37C6BF5E8460C410EAC6E4.d.45186086CD2D60300C153F893660A960.e.3309/click - {}
RESULT: {}
COMMAND: GET /session/9a1232cba82ddf4e476e9164e77f8ae5/screenshot - {}
RESULT: {}
RESULT: undefined
COMMAND: POST /session/9a1232cba82ddf4e476e9164e77f8ae5/execute/async - {"script":"<script> [776 bytes]","args":[{"enterText":"1 - General / No capacity check","selector":{"id":"createOrganizationPop--binTypesCB","searchOpenDialogs":true,"interaction":{"idSuffix":"inner"}},"clearTextFirst":true,"interactionType":"ENTER_TEXT"}]}
RESULT: {"script":"<script> [776 bytes]","args":[{"enterText":"1 - General / No capacity check","selector":{"id":"createOrganizationPop--binTypesCB","searchOpenDialogs":true,"interaction":{"idSuffix":"inner"}},"clearTextFirst":true,"interactionType":"ENTER_TEXT"}]}
COMMAND: POST /session/9a1232cba82ddf4e476e9164e77f8ae5/execute/async - {"script":"<script> [1562 bytes]","args":[{"selector":{"id":"createOrganizationPop--capacityId","searchOpenDialogs":true,"interaction":{"idSuffix":"inner"}},"wdio_ui5_key":"createOrganizationPopcapacityId"}]}
RESULT: {"script":"<script> [1562 bytes]","args":[{"selector":{"id":"createOrganizationPop--capacityId","searchOpenDialogs":true,"interaction":{"idSuffix":"inner"}},"wdio_ui5_key":"createOrganizationPopcapacityId"}]}
RESULT: undefined
COMMAND: POST /session/9a1232cba82ddf4e476e9164e77f8ae5/actions - {"actions":[{"id":"action12","type":"key","parameters":{},"actions":[{"type":"keyDown","value":"î€‡"},{"type":"pause","duration":10},{"type":"keyUp","value":"î€‡"}]}]}
RESULT: {"actions":[{"id":"action12","type":"key","parameters":{},"actions":[{"type":"keyDown","value":"î€‡"},{"type":"pause","duration":10},{"type":"keyUp","value":"î€‡"}]}]}
COMMAND: GET /session/9a1232cba82ddf4e476e9164e77f8ae5/screenshot - {}
RESULT: {}
RESULT: undefined
COMMAND: POST /session/9a1232cba82ddf4e476e9164e77f8ae5/element - {"using":"xpath","value":"//*[@id=\"createOrganizationPop--finishBtn\"]"}
RESULT: {"using":"xpath","value":"//*[@id=\"createOrganizationPop--finishBtn\"]"}
COMMAND: POST /session/9a1232cba82ddf4e476e9164e77f8ae5/element/f.6A59EF44FD37C6BF5E8460C410EAC6E4.d.45186086CD2D60300C153F893660A960.e.3323/click - {}
RESULT: {}
COMMAND: GET /session/9a1232cba82ddf4e476e9164e77f8ae5/screenshot - {}
RESULT: {}
COMMAND: POST /session/9a1232cba82ddf4e476e9164e77f8ae5/element - {"using":"css selector","value":"#shell-header-logo"}
RESULT: {"using":"css selector","value":"#shell-header-logo"}
COMMAND: POST /session/9a1232cba82ddf4e476e9164e77f8ae5/element/f.6A59EF44FD37C6BF5E8460C410EAC6E4.d.45186086CD2D60300C153F893660A960.e.3161/click - {}
RESULT: {}
COMMAND: GET /session/9a1232cba82ddf4e476e9164e77f8ae5/screenshot - {}
RESULT: {}
]]></system-out>
    </testcase>
    <testcase classname="chrome.137_0_7151_56.windows.Stock_increase_-_with_WHM_US125587" name="Create a Warehouse Movement for created yard" time="59.999">
      <system-out><![CDATA[
COMMAND: POST /session/9a1232cba82ddf4e476e9164e77f8ae5/execute/async - {"script":"<script> [1562 bytes]","args":[{"selector":{"controlType":"sap.m.GenericTile","properties":{"header":"Manage Warehouse Movements"}},"wdio_ui5_key":"sapm.GenericTile{\"header\":\"Manage Warehouse Movements\"}"}]}
RESULT: {"script":"<script> [1562 bytes]","args":[{"selector":{"controlType":"sap.m.GenericTile","properties":{"header":"Manage Warehouse Movements"}},"wdio_ui5_key":"sapm.GenericTile{\"header\":\"Manage Warehouse Movements\"}"}]}
RESULT: undefined
COMMAND: POST /session/9a1232cba82ddf4e476e9164e77f8ae5/element - {"using":"xpath","value":"//*[@id=\"__tile105\"]"}
RESULT: {"using":"xpath","value":"//*[@id=\"__tile105\"]"}
COMMAND: POST /session/9a1232cba82ddf4e476e9164e77f8ae5/element/f.6A59EF44FD37C6BF5E8460C410EAC6E4.d.45186086CD2D60300C153F893660A960.e.3334/click - {}
RESULT: {}
COMMAND: GET /session/9a1232cba82ddf4e476e9164e77f8ae5/screenshot - {}
RESULT: {}
COMMAND: POST /session/9a1232cba82ddf4e476e9164e77f8ae5/elements - {"using":"xpath","value":"//span[text()='Error']"}
RESULT: {"using":"xpath","value":"//span[text()='Error']"}
COMMAND: POST /session/9a1232cba82ddf4e476e9164e77f8ae5/element - {"using":"xpath","value":"//input[@id='application-warehousemovements-display-component---warehouseMovements--smartFilterBar-filterItemControl_BASIC-YARD-inner']"}
RESULT: {"using":"xpath","value":"//input[@id='application-warehousemovements-display-component---warehouseMovements--smartFilterBar-filterItemControl_BASIC-YARD-inner']"}
COMMAND: POST /session/9a1232cba82ddf4e476e9164e77f8ae5/elements - {"using":"xpath","value":"//input[@id='application-warehousemovements-display-component---warehouseMovements--smartFilterBar-filterItemControl_BASIC-YARD-inner']"}
RESULT: {"using":"xpath","value":"//input[@id='application-warehousemovements-display-component---warehouseMovements--smartFilterBar-filterItemControl_BASIC-YARD-inner']"}
COMMAND: POST /session/9a1232cba82ddf4e476e9164e77f8ae5/elements - {"using":"xpath","value":"//input[@id='application-warehousemovements-display-component---warehouseMovements--smartFilterBar-filterItemControl_BASIC-YARD-inner']"}
RESULT: {"using":"xpath","value":"//input[@id='application-warehousemovements-display-component---warehouseMovements--smartFilterBar-filterItemControl_BASIC-YARD-inner']"}
COMMAND: POST /session/9a1232cba82ddf4e476e9164e77f8ae5/elements - {"using":"xpath","value":"//input[@id='application-warehousemovements-display-component---warehouseMovements--smartFilterBar-filterItemControl_BASIC-YARD-inner']"}
RESULT: {"using":"xpath","value":"//input[@id='application-warehousemovements-display-component---warehouseMovements--smartFilterBar-filterItemControl_BASIC-YARD-inner']"}
COMMAND: POST /session/9a1232cba82ddf4e476e9164e77f8ae5/elements - {"using":"xpath","value":"//input[@id='application-warehousemovements-display-component---warehouseMovements--smartFilterBar-filterItemControl_BASIC-YARD-inner']"}
RESULT: {"using":"xpath","value":"//input[@id='application-warehousemovements-display-component---warehouseMovements--smartFilterBar-filterItemControl_BASIC-YARD-inner']"}
COMMAND: POST /session/9a1232cba82ddf4e476e9164e77f8ae5/elements - {"using":"xpath","value":"//input[@id='application-warehousemovements-display-component---warehouseMovements--smartFilterBar-filterItemControl_BASIC-YARD-inner']"}
RESULT: {"using":"xpath","value":"//input[@id='application-warehousemovements-display-component---warehouseMovements--smartFilterBar-filterItemControl_BASIC-YARD-inner']"}
COMMAND: POST /session/9a1232cba82ddf4e476e9164e77f8ae5/elements - {"using":"xpath","value":"//input[@id='application-warehousemovements-display-component---warehouseMovements--smartFilterBar-filterItemControl_BASIC-YARD-inner']"}
RESULT: {"using":"xpath","value":"//input[@id='application-warehousemovements-display-component---warehouseMovements--smartFilterBar-filterItemControl_BASIC-YARD-inner']"}
COMMAND: POST /session/9a1232cba82ddf4e476e9164e77f8ae5/elements - {"using":"xpath","value":"//input[@id='application-warehousemovements-display-component---warehouseMovements--smartFilterBar-filterItemControl_BASIC-YARD-inner']"}
RESULT: {"using":"xpath","value":"//input[@id='application-warehousemovements-display-component---warehouseMovements--smartFilterBar-filterItemControl_BASIC-YARD-inner']"}
COMMAND: POST /session/9a1232cba82ddf4e476e9164e77f8ae5/elements - {"using":"xpath","value":"//input[@id='application-warehousemovements-display-component---warehouseMovements--smartFilterBar-filterItemControl_BASIC-YARD-inner']"}
RESULT: {"using":"xpath","value":"//input[@id='application-warehousemovements-display-component---warehouseMovements--smartFilterBar-filterItemControl_BASIC-YARD-inner']"}
COMMAND: POST /session/9a1232cba82ddf4e476e9164e77f8ae5/elements - {"using":"xpath","value":"//input[@id='application-warehousemovements-display-component---warehouseMovements--smartFilterBar-filterItemControl_BASIC-YARD-inner']"}
RESULT: {"using":"xpath","value":"//input[@id='application-warehousemovements-display-component---warehouseMovements--smartFilterBar-filterItemControl_BASIC-YARD-inner']"}
COMMAND: POST /session/9a1232cba82ddf4e476e9164e77f8ae5/elements - {"using":"xpath","value":"//input[@id='application-warehousemovements-display-component---warehouseMovements--smartFilterBar-filterItemControl_BASIC-YARD-inner']"}
RESULT: {"using":"xpath","value":"//input[@id='application-warehousemovements-display-component---warehouseMovements--smartFilterBar-filterItemControl_BASIC-YARD-inner']"}
COMMAND: POST /session/9a1232cba82ddf4e476e9164e77f8ae5/elements - {"using":"xpath","value":"//input[@id='application-warehousemovements-display-component---warehouseMovements--smartFilterBar-filterItemControl_BASIC-YARD-inner']"}
RESULT: {"using":"xpath","value":"//input[@id='application-warehousemovements-display-component---warehouseMovements--smartFilterBar-filterItemControl_BASIC-YARD-inner']"}
COMMAND: POST /session/9a1232cba82ddf4e476e9164e77f8ae5/elements - {"using":"xpath","value":"//input[@id='application-warehousemovements-display-component---warehouseMovements--smartFilterBar-filterItemControl_BASIC-YARD-inner']"}
RESULT: {"using":"xpath","value":"//input[@id='application-warehousemovements-display-component---warehouseMovements--smartFilterBar-filterItemControl_BASIC-YARD-inner']"}
COMMAND: POST /session/9a1232cba82ddf4e476e9164e77f8ae5/element - {"using":"xpath","value":"//input[@id='application-warehousemovements-display-component---warehouseMovements--smartFilterBar-filterItemControl_BASIC-YARD-inner']"}
RESULT: {"using":"xpath","value":"//input[@id='application-warehousemovements-display-component---warehouseMovements--smartFilterBar-filterItemControl_BASIC-YARD-inner']"}
COMMAND: POST /session/9a1232cba82ddf4e476e9164e77f8ae5/execute/sync - {"script":"<script> [8489 bytes]","args":[{"element-6066-11e4-a52e-4f735466cecf":"f.6A59EF44FD37C6BF5E8460C410EAC6E4.d.45186086CD2D60300C153F893660A960.e.3357","ELEMENT":"f.6A59EF44FD37C6BF5E8460C410EAC6E4.d.45186086CD2D60300C153F893660A960.e.3357"}]}
RESULT: {"script":"<script> [8489 bytes]","args":[{"element-6066-11e4-a52e-4f735466cecf":"f.6A59EF44FD37C6BF5E8460C410EAC6E4.d.45186086CD2D60300C153F893660A960.e.3357","ELEMENT":"f.6A59EF44FD37C6BF5E8460C410EAC6E4.d.45186086CD2D60300C153F893660A960.e.3357"}]}
COMMAND: GET /session/9a1232cba82ddf4e476e9164e77f8ae5/element/f.6A59EF44FD37C6BF5E8460C410EAC6E4.d.45186086CD2D60300C153F893660A960.e.3357/enabled - {}
COMMAND: GET /session/9a1232cba82ddf4e476e9164e77f8ae5/screenshot - {}
RESULT: {}
COMMAND: POST /session/9a1232cba82ddf4e476e9164e77f8ae5/execute/sync - {"script":"<script> [8489 bytes]","args":[{"element-6066-11e4-a52e-4f735466cecf":"f.6A59EF44FD37C6BF5E8460C410EAC6E4.d.45186086CD2D60300C153F893660A960.e.3357","ELEMENT":"f.6A59EF44FD37C6BF5E8460C410EAC6E4.d.45186086CD2D60300C153F893660A960.e.3357"}]}
COMMAND: GET /session/9a1232cba82ddf4e476e9164e77f8ae5/screenshot - {}
RESULT: {}
RESULT: {"script":"<script> [8489 bytes]","args":[{"element-6066-11e4-a52e-4f735466cecf":"f.6A59EF44FD37C6BF5E8460C410EAC6E4.d.45186086CD2D60300C153F893660A960.e.3357","ELEMENT":"f.6A59EF44FD37C6BF5E8460C410EAC6E4.d.45186086CD2D60300C153F893660A960.e.3357"}]}
COMMAND: POST /session/9a1232cba82ddf4e476e9164e77f8ae5/execute/sync - {"script":"<script> [5351 bytes]","args":[{"element-6066-11e4-a52e-4f735466cecf":"f.6A59EF44FD37C6BF5E8460C410EAC6E4.d.45186086CD2D60300C153F893660A960.e.3357","ELEMENT":"f.6A59EF44FD37C6BF5E8460C410EAC6E4.d.45186086CD2D60300C153F893660A960.e.3357"}]}
COMMAND: GET /session/9a1232cba82ddf4e476e9164e77f8ae5/screenshot - {}
RESULT: {}
RESULT: {"script":"<script> [5351 bytes]","args":[{"element-6066-11e4-a52e-4f735466cecf":"f.6A59EF44FD37C6BF5E8460C410EAC6E4.d.45186086CD2D60300C153F893660A960.e.3357","ELEMENT":"f.6A59EF44FD37C6BF5E8460C410EAC6E4.d.45186086CD2D60300C153F893660A960.e.3357"}]}
COMMAND: GET /session/9a1232cba82ddf4e476e9164e77f8ae5/screenshot - {}
RESULT: {}
RESULT: {}
COMMAND: POST /session/9a1232cba82ddf4e476e9164e77f8ae5/element/f.6A59EF44FD37C6BF5E8460C410EAC6E4.d.45186086CD2D60300C153F893660A960.e.3357/clear - {}
RESULT: {}
COMMAND: POST /session/9a1232cba82ddf4e476e9164e77f8ae5/element/f.6A59EF44FD37C6BF5E8460C410EAC6E4.d.45186086CD2D60300C153F893660A960.e.3357/value - {"text":"655"}
COMMAND: GET /session/9a1232cba82ddf4e476e9164e77f8ae5/screenshot - {}
RESULT: {"text":"655"}
COMMAND: POST /session/9a1232cba82ddf4e476e9164e77f8ae5/actions - {"actions":[{"id":"action13","type":"key","parameters":{},"actions":[{"type":"keyDown","value":"î€‡"},{"type":"pause","duration":10},{"type":"keyUp","value":"î€‡"}]}]}
COMMAND: GET /session/9a1232cba82ddf4e476e9164e77f8ae5/screenshot - {}
RESULT: {}
RESULT: {"actions":[{"id":"action13","type":"key","parameters":{},"actions":[{"type":"keyDown","value":"î€‡"},{"type":"pause","duration":10},{"type":"keyUp","value":"î€‡"}]}]}
COMMAND: GET /session/9a1232cba82ddf4e476e9164e77f8ae5/screenshot - {}
RESULT: {}
RESULT: {}
COMMAND: POST /session/9a1232cba82ddf4e476e9164e77f8ae5/element - {"using":"xpath","value":"//button[contains(@data-kt, \"MasterMovementAddOverflowToolbarButton\")]"}
RESULT: {"using":"xpath","value":"//button[contains(@data-kt, \"MasterMovementAddOverflowToolbarButton\")]"}
COMMAND: POST /session/9a1232cba82ddf4e476e9164e77f8ae5/element/f.6A59EF44FD37C6BF5E8460C410EAC6E4.d.45186086CD2D60300C153F893660A960.e.3380/click - {}
RESULT: {}
COMMAND: GET /session/9a1232cba82ddf4e476e9164e77f8ae5/screenshot - {}
RESULT: {}
COMMAND: POST /session/9a1232cba82ddf4e476e9164e77f8ae5/element - {"using":"xpath","value":"//*[@id=\"application-warehousemovements-display-component---addMovement--sectionsList-arrow\"]"}
RESULT: {"using":"xpath","value":"//*[@id=\"application-warehousemovements-display-component---addMovement--sectionsList-arrow\"]"}
COMMAND: POST /session/9a1232cba82ddf4e476e9164e77f8ae5/element/f.6A59EF44FD37C6BF5E8460C410EAC6E4.d.45186086CD2D60300C153F893660A960.e.3545/click - {}
RESULT: {}
COMMAND: POST /session/9a1232cba82ddf4e476e9164e77f8ae5/actions - {"actions":[{"id":"action14","type":"key","parameters":{},"actions":[{"type":"keyDown","value":"î€•"},{"type":"pause","duration":10},{"type":"keyUp","value":"î€•"}]}]}
COMMAND: GET /session/9a1232cba82ddf4e476e9164e77f8ae5/screenshot - {}
RESULT: {"actions":[{"id":"action14","type":"key","parameters":{},"actions":[{"type":"keyDown","value":"î€•"},{"type":"pause","duration":10},{"type":"keyUp","value":"î€•"}]}]}
COMMAND: GET /session/9a1232cba82ddf4e476e9164e77f8ae5/screenshot - {}
RESULT: {}
RESULT: {}
COMMAND: POST /session/9a1232cba82ddf4e476e9164e77f8ae5/actions - {"actions":[{"id":"action15","type":"key","parameters":{},"actions":[{"type":"keyDown","value":"î€‡"},{"type":"pause","duration":10},{"type":"keyUp","value":"î€‡"}]}]}
RESULT: {"actions":[{"id":"action15","type":"key","parameters":{},"actions":[{"type":"keyDown","value":"î€‡"},{"type":"pause","duration":10},{"type":"keyUp","value":"î€‡"}]}]}
COMMAND: GET /session/9a1232cba82ddf4e476e9164e77f8ae5/screenshot - {}
RESULT: {}
COMMAND: POST /session/9a1232cba82ddf4e476e9164e77f8ae5/element - {"using":"xpath","value":"//*[@id=\"application-warehousemovements-display-component---addMovement--saveMovementBtn-BDI-content\" and text()=\"Save\"]"}
RESULT: {"using":"xpath","value":"//*[@id=\"application-warehousemovements-display-component---addMovement--saveMovementBtn-BDI-content\" and text()=\"Save\"]"}
COMMAND: POST /session/9a1232cba82ddf4e476e9164e77f8ae5/element/f.6A59EF44FD37C6BF5E8460C410EAC6E4.d.45186086CD2D60300C153F893660A960.e.3546/click - {}
RESULT: {}
COMMAND: GET /session/9a1232cba82ddf4e476e9164e77f8ae5/screenshot - {}
RESULT: {}
COMMAND: POST /session/9a1232cba82ddf4e476e9164e77f8ae5/element - {"using":"css selector","value":"#shell-header-logo"}
RESULT: {"using":"css selector","value":"#shell-header-logo"}
COMMAND: POST /session/9a1232cba82ddf4e476e9164e77f8ae5/element/f.6A59EF44FD37C6BF5E8460C410EAC6E4.d.45186086CD2D60300C153F893660A960.e.3337/click - {}
RESULT: {}
COMMAND: GET /session/9a1232cba82ddf4e476e9164e77f8ae5/screenshot - {}
RESULT: {}
]]></system-out>
    </testcase>
  </testsuite>
  <testsuite timestamp="2025-06-04T16:30:26" time="146.104" tests="6" failures="0" errors="0" skipped="0">
    <properties>
      <property name="specId" value="0" />
      <property name="suiteName" value="Provide to Site w/ warehouse management w/ clarification US115878" />
      <property name="capabilities" value="chrome.137_0_7151_56.windows" />
      <property name="file" value="file:///D:/a/1/s/test/specs/HTR/provide-to-site-w-warehouse-w-clarification.spec.js" />
    </properties>
    <testcase classname="chrome.137_0_7151_56.windows.Provide_to_Site_w/_warehouse_management_w/_clarification_US115878" name="Should create a new WHM yard" time="0.02">
      <system-out><![CDATA[
COMMAND: POST /session/9a1232cba82ddf4e476e9164e77f8ae5/window/fullscreen - {}
RESULT: {}
]]></system-out>
    </testcase>
    <testcase classname="chrome.137_0_7151_56.windows.Provide_to_Site_w/_warehouse_management_w/_clarification_US115878" name="Should create a new external WHM partner" time="0.002" />
    <testcase classname="chrome.137_0_7151_56.windows.Provide_to_Site_w/_warehouse_management_w/_clarification_US115878" name="Should create a new WHM site" time="0.004" />
    <testcase classname="chrome.137_0_7151_56.windows.Provide_to_Site_w/_warehouse_management_w/_clarification_US115878" name="Should create a new material" time="126.777">
      <system-out><![CDATA[
COMMAND: POST /session/9a1232cba82ddf4e476e9164e77f8ae5/execute/async - {"script":"<script> [1562 bytes]","args":[{"selector":{"controlType":"sap.m.GenericTile","properties":{"header":"Manage Resources"}},"wdio_ui5_key":"sapm.GenericTile{\"header\":\"Manage Resources\"}"}]}
RESULT: {"script":"<script> [1562 bytes]","args":[{"selector":{"controlType":"sap.m.GenericTile","properties":{"header":"Manage Resources"}},"wdio_ui5_key":"sapm.GenericTile{\"header\":\"Manage Resources\"}"}]}
RESULT: undefined
COMMAND: POST /session/9a1232cba82ddf4e476e9164e77f8ae5/element - {"using":"xpath","value":"//*[@id=\"__tile31\"]"}
RESULT: {"using":"xpath","value":"//*[@id=\"__tile31\"]"}
COMMAND: POST /session/9a1232cba82ddf4e476e9164e77f8ae5/element/f.6A59EF44FD37C6BF5E8460C410EAC6E4.d.F4A56F39DCE3BE9144DC4E03CF43D9F6.e.4061/click - {}
RESULT: {}
COMMAND: GET /session/9a1232cba82ddf4e476e9164e77f8ae5/screenshot - {}
RESULT: {}
COMMAND: POST /session/9a1232cba82ddf4e476e9164e77f8ae5/elements - {"using":"xpath","value":"//span[text()='Error']"}
RESULT: {"using":"xpath","value":"//span[text()='Error']"}
COMMAND: POST /session/9a1232cba82ddf4e476e9164e77f8ae5/element - {"using":"xpath","value":"//button[@data-kt=\"addNewRUOverflowToolbarButton\"]"}
RESULT: {"using":"xpath","value":"//button[@data-kt=\"addNewRUOverflowToolbarButton\"]"}
COMMAND: POST /session/9a1232cba82ddf4e476e9164e77f8ae5/elements - {"using":"xpath","value":"//button[@data-kt=\"addNewRUOverflowToolbarButton\"]"}
RESULT: {"using":"xpath","value":"//button[@data-kt=\"addNewRUOverflowToolbarButton\"]"}
COMMAND: POST /session/9a1232cba82ddf4e476e9164e77f8ae5/execute/sync - {"script":"<script> [8489 bytes]","args":[{"element-6066-11e4-a52e-4f735466cecf":"f.6A59EF44FD37C6BF5E8460C410EAC6E4.d.F4A56F39DCE3BE9144DC4E03CF43D9F6.e.4192","ELEMENT":"f.6A59EF44FD37C6BF5E8460C410EAC6E4.d.F4A56F39DCE3BE9144DC4E03CF43D9F6.e.4192"}]}
RESULT: {"script":"<script> [8489 bytes]","args":[{"element-6066-11e4-a52e-4f735466cecf":"f.6A59EF44FD37C6BF5E8460C410EAC6E4.d.F4A56F39DCE3BE9144DC4E03CF43D9F6.e.4192","ELEMENT":"f.6A59EF44FD37C6BF5E8460C410EAC6E4.d.F4A56F39DCE3BE9144DC4E03CF43D9F6.e.4192"}]}
COMMAND: GET /session/9a1232cba82ddf4e476e9164e77f8ae5/element/f.6A59EF44FD37C6BF5E8460C410EAC6E4.d.F4A56F39DCE3BE9144DC4E03CF43D9F6.e.4192/enabled - {}
COMMAND: GET /session/9a1232cba82ddf4e476e9164e77f8ae5/screenshot - {}
RESULT: {}
COMMAND: POST /session/9a1232cba82ddf4e476e9164e77f8ae5/execute/sync - {"script":"<script> [8489 bytes]","args":[{"element-6066-11e4-a52e-4f735466cecf":"f.6A59EF44FD37C6BF5E8460C410EAC6E4.d.F4A56F39DCE3BE9144DC4E03CF43D9F6.e.4192","ELEMENT":"f.6A59EF44FD37C6BF5E8460C410EAC6E4.d.F4A56F39DCE3BE9144DC4E03CF43D9F6.e.4192"}]}
COMMAND: GET /session/9a1232cba82ddf4e476e9164e77f8ae5/screenshot - {}
RESULT: {}
RESULT: {"script":"<script> [8489 bytes]","args":[{"element-6066-11e4-a52e-4f735466cecf":"f.6A59EF44FD37C6BF5E8460C410EAC6E4.d.F4A56F39DCE3BE9144DC4E03CF43D9F6.e.4192","ELEMENT":"f.6A59EF44FD37C6BF5E8460C410EAC6E4.d.F4A56F39DCE3BE9144DC4E03CF43D9F6.e.4192"}]}
COMMAND: POST /session/9a1232cba82ddf4e476e9164e77f8ae5/execute/sync - {"script":"<script> [5351 bytes]","args":[{"element-6066-11e4-a52e-4f735466cecf":"f.6A59EF44FD37C6BF5E8460C410EAC6E4.d.F4A56F39DCE3BE9144DC4E03CF43D9F6.e.4192","ELEMENT":"f.6A59EF44FD37C6BF5E8460C410EAC6E4.d.F4A56F39DCE3BE9144DC4E03CF43D9F6.e.4192"}]}
COMMAND: GET /session/9a1232cba82ddf4e476e9164e77f8ae5/screenshot - {}
RESULT: {}
RESULT: {"script":"<script> [5351 bytes]","args":[{"element-6066-11e4-a52e-4f735466cecf":"f.6A59EF44FD37C6BF5E8460C410EAC6E4.d.F4A56F39DCE3BE9144DC4E03CF43D9F6.e.4192","ELEMENT":"f.6A59EF44FD37C6BF5E8460C410EAC6E4.d.F4A56F39DCE3BE9144DC4E03CF43D9F6.e.4192"}]}
COMMAND: POST /session/9a1232cba82ddf4e476e9164e77f8ae5/element/f.6A59EF44FD37C6BF5E8460C410EAC6E4.d.F4A56F39DCE3BE9144DC4E03CF43D9F6.e.4192/click - {}
COMMAND: GET /session/9a1232cba82ddf4e476e9164e77f8ae5/screenshot - {}
RESULT: {}
RESULT: {}
COMMAND: GET /session/9a1232cba82ddf4e476e9164e77f8ae5/screenshot - {}
COMMAND: POST /session/9a1232cba82ddf4e476e9164e77f8ae5/execute/async - {"script":"<script> [1562 bytes]","args":[{"selector":{"id":"application-manageresources-display-component---newResourceUnit--TYPE-arrow"},"wdio_ui5_key":"applicationmanageresources-display-component---newResourceUnit--TYPE-arrow"}]}
RESULT: {}
RESULT: {}
RESULT: {"script":"<script> [1562 bytes]","args":[{"selector":{"id":"application-manageresources-display-component---newResourceUnit--TYPE-arrow"},"wdio_ui5_key":"applicationmanageresources-display-component---newResourceUnit--TYPE-arrow"}]}
RESULT: undefined
COMMAND: POST /session/9a1232cba82ddf4e476e9164e77f8ae5/element - {"using":"xpath","value":"//*[@id=\"application-manageresources-display-component---newResourceUnit--TYPE-arrow\"]"}
RESULT: {"using":"xpath","value":"//*[@id=\"application-manageresources-display-component---newResourceUnit--TYPE-arrow\"]"}
COMMAND: POST /session/9a1232cba82ddf4e476e9164e77f8ae5/element/f.6A59EF44FD37C6BF5E8460C410EAC6E4.d.F4A56F39DCE3BE9144DC4E03CF43D9F6.e.4563/click - {}
RESULT: {}
COMMAND: POST /session/9a1232cba82ddf4e476e9164e77f8ae5/element - {"using":"xpath","value":"//input[@id=\"application-manageresources-display-component---newResourceUnit--TYPE-inner\"]"}
COMMAND: GET /session/9a1232cba82ddf4e476e9164e77f8ae5/screenshot - {}
RESULT: {"using":"xpath","value":"//input[@id=\"application-manageresources-display-component---newResourceUnit--TYPE-inner\"]"}
COMMAND: POST /session/9a1232cba82ddf4e476e9164e77f8ae5/element/f.6A59EF44FD37C6BF5E8460C410EAC6E4.d.F4A56F39DCE3BE9144DC4E03CF43D9F6.e.4545/clear - {}
RESULT: {}
RESULT: {}
COMMAND: POST /session/9a1232cba82ddf4e476e9164e77f8ae5/element/f.6A59EF44FD37C6BF5E8460C410EAC6E4.d.F4A56F39DCE3BE9144DC4E03CF43D9F6.e.4545/value - {"text":"Material"}
COMMAND: GET /session/9a1232cba82ddf4e476e9164e77f8ae5/screenshot - {}
RESULT: {"text":"Material"}
COMMAND: GET /session/9a1232cba82ddf4e476e9164e77f8ae5/screenshot - {}
RESULT: {}
RESULT: {}
COMMAND: POST /session/9a1232cba82ddf4e476e9164e77f8ae5/actions - {"actions":[{"id":"action16","type":"key","parameters":{},"actions":[{"type":"keyDown","value":"î€‡"},{"type":"pause","duration":10},{"type":"keyUp","value":"î€‡"}]}]}
RESULT: {"actions":[{"id":"action16","type":"key","parameters":{},"actions":[{"type":"keyDown","value":"î€‡"},{"type":"pause","duration":10},{"type":"keyUp","value":"î€‡"}]}]}
COMMAND: POST /session/9a1232cba82ddf4e476e9164e77f8ae5/execute/async - {"script":"<script> [1562 bytes]","args":[{"selector":{"id":"application-manageresources-display-component---newResourceUnit--SHORT_TEXT","interaction":{"idSuffix":"inner"}},"wdio_ui5_key":"applicationmanageresources-display-component---newResourceUnit--SHORT_TEXT"}]}
COMMAND: GET /session/9a1232cba82ddf4e476e9164e77f8ae5/screenshot - {}
RESULT: {"script":"<script> [1562 bytes]","args":[{"selector":{"id":"application-manageresources-display-component---newResourceUnit--SHORT_TEXT","interaction":{"idSuffix":"inner"}},"wdio_ui5_key":"applicationmanageresources-display-component---newResourceUnit--SHORT_TEXT"}]}
RESULT: undefined
COMMAND: POST /session/9a1232cba82ddf4e476e9164e77f8ae5/execute/async - {"script":"<script> [776 bytes]","args":[{"enterText":"Cement WDIO","selector":{"id":"application-manageresources-display-component---newResourceUnit--SHORT_TEXT","interaction":{"idSuffix":"inner"}},"clearTextFirst":true,"interactionType":"ENTER_TEXT"}]}
RESULT: {}
RESULT: {"script":"<script> [776 bytes]","args":[{"enterText":"Cement WDIO","selector":{"id":"application-manageresources-display-component---newResourceUnit--SHORT_TEXT","interaction":{"idSuffix":"inner"}},"clearTextFirst":true,"interactionType":"ENTER_TEXT"}]}
COMMAND: POST /session/9a1232cba82ddf4e476e9164e77f8ae5/execute/async - {"script":"<script> [1562 bytes]","args":[{"selector":{"id":"application-manageresources-display-component---newResourceUnit--BASE_UNIT_OF_MEASURE","interaction":{"idSuffix":"inner"}},"wdio_ui5_key":"applicationmanageresources-display-component---newResourceUnit--BASE_UNIT_OF_MEASURE"}]}
RESULT: {"script":"<script> [1562 bytes]","args":[{"selector":{"id":"application-manageresources-display-component---newResourceUnit--BASE_UNIT_OF_MEASURE","interaction":{"idSuffix":"inner"}},"wdio_ui5_key":"applicationmanageresources-display-component---newResourceUnit--BASE_UNIT_OF_MEASURE"}]}
RESULT: undefined
COMMAND: POST /session/9a1232cba82ddf4e476e9164e77f8ae5/execute/async - {"script":"<script> [776 bytes]","args":[{"enterText":"Piece","selector":{"id":"application-manageresources-display-component---newResourceUnit--BASE_UNIT_OF_MEASURE","interaction":{"idSuffix":"inner"}},"clearTextFirst":true,"interactionType":"ENTER_TEXT"}]}
RESULT: {"script":"<script> [776 bytes]","args":[{"enterText":"Piece","selector":{"id":"application-manageresources-display-component---newResourceUnit--BASE_UNIT_OF_MEASURE","interaction":{"idSuffix":"inner"}},"clearTextFirst":true,"interactionType":"ENTER_TEXT"}]}
COMMAND: POST /session/9a1232cba82ddf4e476e9164e77f8ae5/execute/async - {"script":"<script> [1562 bytes]","args":[{"selector":{"id":"application-manageresources-display-component---newResourceUnit--WEIGHT_UNIT","interaction":{"idSuffix":"inner"}},"wdio_ui5_key":"applicationmanageresources-display-component---newResourceUnit--WEIGHT_UNIT"}]}
RESULT: {"script":"<script> [1562 bytes]","args":[{"selector":{"id":"application-manageresources-display-component---newResourceUnit--WEIGHT_UNIT","interaction":{"idSuffix":"inner"}},"wdio_ui5_key":"applicationmanageresources-display-component---newResourceUnit--WEIGHT_UNIT"}]}
RESULT: undefined
COMMAND: POST /session/9a1232cba82ddf4e476e9164e77f8ae5/execute/async - {"script":"<script> [776 bytes]","args":[{"enterText":"Gram","selector":{"id":"application-manageresources-display-component---newResourceUnit--WEIGHT_UNIT","interaction":{"idSuffix":"inner"}},"clearTextFirst":true,"interactionType":"ENTER_TEXT"}]}
RESULT: {"script":"<script> [776 bytes]","args":[{"enterText":"Gram","selector":{"id":"application-manageresources-display-component---newResourceUnit--WEIGHT_UNIT","interaction":{"idSuffix":"inner"}},"clearTextFirst":true,"interactionType":"ENTER_TEXT"}]}
COMMAND: POST /session/9a1232cba82ddf4e476e9164e77f8ae5/execute/async - {"script":"<script> [1562 bytes]","args":[{"selector":{"id":"application-manageresources-display-component---newResourceUnit--DIMENSION_UNIT","interaction":{"idSuffix":"inner"}},"wdio_ui5_key":"applicationmanageresources-display-component---newResourceUnit--DIMENSION_UNIT"}]}
RESULT: {"script":"<script> [1562 bytes]","args":[{"selector":{"id":"application-manageresources-display-component---newResourceUnit--DIMENSION_UNIT","interaction":{"idSuffix":"inner"}},"wdio_ui5_key":"applicationmanageresources-display-component---newResourceUnit--DIMENSION_UNIT"}]}
RESULT: undefined
COMMAND: POST /session/9a1232cba82ddf4e476e9164e77f8ae5/execute/async - {"script":"<script> [776 bytes]","args":[{"enterText":"Meter","selector":{"id":"application-manageresources-display-component---newResourceUnit--DIMENSION_UNIT","interaction":{"idSuffix":"inner"}},"clearTextFirst":true,"interactionType":"ENTER_TEXT"}]}
RESULT: {"script":"<script> [776 bytes]","args":[{"enterText":"Meter","selector":{"id":"application-manageresources-display-component---newResourceUnit--DIMENSION_UNIT","interaction":{"idSuffix":"inner"}},"clearTextFirst":true,"interactionType":"ENTER_TEXT"}]}
COMMAND: POST /session/9a1232cba82ddf4e476e9164e77f8ae5/execute/async - {"script":"<script> [1562 bytes]","args":[{"selector":{"id":"application-manageresources-display-component---newResourceUnit--newRRUPage-anchBar-application-manageresources-display-component---newResourceUnit--control-anchor","interaction":{"idSuffix":"BDI-content"}},"wdio_ui5_key":"applicationmanageresources-display-component---newResourceUnit--newRRUPage-anchBar-application-manageresources-display-component---newResourceUnit--control-anchor"}]}
RESULT: {"script":"<script> [1562 bytes]","args":[{"selector":{"id":"application-manageresources-display-component---newResourceUnit--newRRUPage-anchBar-application-manageresources-display-component---newResourceUnit--control-anchor","interaction":{"idSuffix":"BDI-content"}},"wdio_ui5_key":"applicationmanageresources-display-component---newResourceUnit--newRRUPage-anchBar-application-manageresources-display-component---newResourceUnit--control-anchor"}]}
RESULT: undefined
COMMAND: POST /session/9a1232cba82ddf4e476e9164e77f8ae5/element - {"using":"xpath","value":"//*[@id=\"application-manageresources-display-component---newResourceUnit--newRRUPage-anchBar-application-manageresources-display-component---newResourceUnit--control-anchor\"]"}
RESULT: {"using":"xpath","value":"//*[@id=\"application-manageresources-display-component---newResourceUnit--newRRUPage-anchBar-application-manageresources-display-component---newResourceUnit--control-anchor\"]"}
COMMAND: POST /session/9a1232cba82ddf4e476e9164e77f8ae5/element/f.6A59EF44FD37C6BF5E8460C410EAC6E4.d.F4A56F39DCE3BE9144DC4E03CF43D9F6.e.4695/click - {}
RESULT: {}
COMMAND: POST /session/9a1232cba82ddf4e476e9164e77f8ae5/execute/async - {"script":"<script> [1562 bytes]","args":[{"selector":{"id":"application-manageresources-display-component---newResourceUnit--PLANNING_GROUP","interaction":{"idSuffix":"inner"}},"wdio_ui5_key":"applicationmanageresources-display-component---newResourceUnit--PLANNING_GROUP"}]}
COMMAND: GET /session/9a1232cba82ddf4e476e9164e77f8ae5/screenshot - {}
RESULT: {"script":"<script> [1562 bytes]","args":[{"selector":{"id":"application-manageresources-display-component---newResourceUnit--PLANNING_GROUP","interaction":{"idSuffix":"inner"}},"wdio_ui5_key":"applicationmanageresources-display-component---newResourceUnit--PLANNING_GROUP"}]}
RESULT: undefined
COMMAND: POST /session/9a1232cba82ddf4e476e9164e77f8ae5/execute/async - {"script":"<script> [776 bytes]","args":[{"enterText":"Material","selector":{"id":"application-manageresources-display-component---newResourceUnit--PLANNING_GROUP","interaction":{"idSuffix":"inner"}},"clearTextFirst":true,"interactionType":"ENTER_TEXT"}]}
RESULT: {}
RESULT: {"script":"<script> [776 bytes]","args":[{"enterText":"Material","selector":{"id":"application-manageresources-display-component---newResourceUnit--PLANNING_GROUP","interaction":{"idSuffix":"inner"}},"clearTextFirst":true,"interactionType":"ENTER_TEXT"}]}
COMMAND: POST /session/9a1232cba82ddf4e476e9164e77f8ae5/execute/async - {"script":"<script> [1562 bytes]","args":[{"selector":{"id":"application-manageresources-display-component---newResourceUnit--PLANNING_INDICATOR","interaction":{"idSuffix":"inner"}},"wdio_ui5_key":"applicationmanageresources-display-component---newResourceUnit--PLANNING_INDICATOR"}]}
RESULT: {"script":"<script> [1562 bytes]","args":[{"selector":{"id":"application-manageresources-display-component---newResourceUnit--PLANNING_INDICATOR","interaction":{"idSuffix":"inner"}},"wdio_ui5_key":"applicationmanageresources-display-component---newResourceUnit--PLANNING_INDICATOR"}]}
RESULT: undefined
COMMAND: POST /session/9a1232cba82ddf4e476e9164e77f8ae5/execute/async - {"script":"<script> [776 bytes]","args":[{"enterText":"10 - infinite","selector":{"id":"application-manageresources-display-component---newResourceUnit--PLANNING_INDICATOR","interaction":{"idSuffix":"inner"}},"clearTextFirst":true,"interactionType":"ENTER_TEXT"}]}
RESULT: {"script":"<script> [776 bytes]","args":[{"enterText":"10 - infinite","selector":{"id":"application-manageresources-display-component---newResourceUnit--PLANNING_INDICATOR","interaction":{"idSuffix":"inner"}},"clearTextFirst":true,"interactionType":"ENTER_TEXT"}]}
COMMAND: POST /session/9a1232cba82ddf4e476e9164e77f8ae5/element - {"using":"css selector","value":"#application-manageresources-display-component---newResourceUnit--btnAddTimeSegment"}
RESULT: {"using":"css selector","value":"#application-manageresources-display-component---newResourceUnit--btnAddTimeSegment"}
COMMAND: GET /session/9a1232cba82ddf4e476e9164e77f8ae5/element/f.6A59EF44FD37C6BF5E8460C410EAC6E4.d.F4A56F39DCE3BE9144DC4E03CF43D9F6.e.4705/rect - {}
RESULT: {}
COMMAND: GET /session/9a1232cba82ddf4e476e9164e77f8ae5/window/rect - {}
RESULT: {}
COMMAND: POST /session/9a1232cba82ddf4e476e9164e77f8ae5/execute/sync - {"script":"<script> [92 bytes]","args":[]}
RESULT: {"script":"<script> [92 bytes]","args":[]}
COMMAND: POST /session/9a1232cba82ddf4e476e9164e77f8ae5/actions - {"actions":[{"id":"action17","type":"wheel","parameters":{},"actions":[{"type":"scroll","x":-1888,"y":-32,"deltaX":0,"deltaY":0,"duration":0,"origin":{"element-6066-11e4-a52e-4f735466cecf":"f.6A59EF44FD37C6BF5E8460C410EAC6E4.d.F4A56F39DCE3BE9144DC4E03CF43D9F6.e.4705"}}]}]}
COMMAND: GET /session/9a1232cba82ddf4e476e9164e77f8ae5/screenshot - {}
RESULT: {}
COMMAND: POST /session/9a1232cba82ddf4e476e9164e77f8ae5/execute/sync - {"script":"<script> [79 bytes]","args":[{"element-6066-11e4-a52e-4f735466cecf":"f.6A59EF44FD37C6BF5E8460C410EAC6E4.d.F4A56F39DCE3BE9144DC4E03CF43D9F6.e.4705","ELEMENT":"f.6A59EF44FD37C6BF5E8460C410EAC6E4.d.F4A56F39DCE3BE9144DC4E03CF43D9F6.e.4705"},{"block":"start","inline":"nearest"}]}
RESULT: {"script":"<script> [79 bytes]","args":[{"element-6066-11e4-a52e-4f735466cecf":"f.6A59EF44FD37C6BF5E8460C410EAC6E4.d.F4A56F39DCE3BE9144DC4E03CF43D9F6.e.4705","ELEMENT":"f.6A59EF44FD37C6BF5E8460C410EAC6E4.d.F4A56F39DCE3BE9144DC4E03CF43D9F6.e.4705"},{"block":"start","inline":"nearest"}]}
COMMAND: POST /session/9a1232cba82ddf4e476e9164e77f8ae5/execute/async - {"script":"<script> [1562 bytes]","args":[{"selector":{"id":"application-manageresources-display-component---newResourceUnit--btnAddTimeSegment","interaction":{"idSuffix":"inner"}},"wdio_ui5_key":"applicationmanageresources-display-component---newResourceUnit--btnAddTimeSegment"}]}
COMMAND: GET /session/9a1232cba82ddf4e476e9164e77f8ae5/screenshot - {}
RESULT: {"script":"<script> [1562 bytes]","args":[{"selector":{"id":"application-manageresources-display-component---newResourceUnit--btnAddTimeSegment","interaction":{"idSuffix":"inner"}},"wdio_ui5_key":"applicationmanageresources-display-component---newResourceUnit--btnAddTimeSegment"}]}
RESULT: undefined
COMMAND: POST /session/9a1232cba82ddf4e476e9164e77f8ae5/element - {"using":"xpath","value":"//*[@id=\"application-manageresources-display-component---newResourceUnit--btnAddTimeSegment\"]"}
RESULT: {}
RESULT: {"using":"xpath","value":"//*[@id=\"application-manageresources-display-component---newResourceUnit--btnAddTimeSegment\"]"}
COMMAND: POST /session/9a1232cba82ddf4e476e9164e77f8ae5/element/f.6A59EF44FD37C6BF5E8460C410EAC6E4.d.F4A56F39DCE3BE9144DC4E03CF43D9F6.e.4705/click - {}
RESULT: {}
COMMAND: GET /session/9a1232cba82ddf4e476e9164e77f8ae5/screenshot - {}
RESULT: {}
COMMAND: POST /session/9a1232cba82ddf4e476e9164e77f8ae5/element - {"using":"xpath","value":"//input[@id=\"application-manageresources-display-component---newResourceUnit--idRuTSAdmin-application-manageresources-display-component---newResourceUnit--RUTimeSegment-0-inner\"]"}
RESULT: {"using":"xpath","value":"//input[@id=\"application-manageresources-display-component---newResourceUnit--idRuTSAdmin-application-manageresources-display-component---newResourceUnit--RUTimeSegment-0-inner\"]"}
COMMAND: POST /session/9a1232cba82ddf4e476e9164e77f8ae5/element/f.6A59EF44FD37C6BF5E8460C410EAC6E4.d.F4A56F39DCE3BE9144DC4E03CF43D9F6.e.4710/clear - {}
RESULT: {}
COMMAND: POST /session/9a1232cba82ddf4e476e9164e77f8ae5/element/f.6A59EF44FD37C6BF5E8460C410EAC6E4.d.F4A56F39DCE3BE9144DC4E03CF43D9F6.e.4710/value - {"text":"655"}
COMMAND: GET /session/9a1232cba82ddf4e476e9164e77f8ae5/screenshot - {}
RESULT: {"text":"655"}
COMMAND: GET /session/9a1232cba82ddf4e476e9164e77f8ae5/screenshot - {}
RESULT: {}
RESULT: {}
COMMAND: POST /session/9a1232cba82ddf4e476e9164e77f8ae5/element - {"using":"xpath","value":"//li[.//span[text()='655']]"}
RESULT: {"using":"xpath","value":"//li[.//span[text()='655']]"}
COMMAND: POST /session/9a1232cba82ddf4e476e9164e77f8ae5/element/f.6A59EF44FD37C6BF5E8460C410EAC6E4.d.F4A56F39DCE3BE9144DC4E03CF43D9F6.e.4719/click - {}
RESULT: {}
COMMAND: GET /session/9a1232cba82ddf4e476e9164e77f8ae5/screenshot - {}
RESULT: {}
COMMAND: POST /session/9a1232cba82ddf4e476e9164e77f8ae5/element - {"using":"xpath","value":"(//span[contains(@id, \"-application-manageresources-display-component---newResourceUnit--RUTimeSegment-0-arrow\")])[2]"}
RESULT: {"using":"xpath","value":"(//span[contains(@id, \"-application-manageresources-display-component---newResourceUnit--RUTimeSegment-0-arrow\")])[2]"}
COMMAND: POST /session/9a1232cba82ddf4e476e9164e77f8ae5/element/f.6A59EF44FD37C6BF5E8460C410EAC6E4.d.F4A56F39DCE3BE9144DC4E03CF43D9F6.e.4720/click - {}
RESULT: {}
COMMAND: POST /session/9a1232cba82ddf4e476e9164e77f8ae5/element - {"using":"xpath","value":"//span[contains(text(), \"PM Order\")]"}
COMMAND: GET /session/9a1232cba82ddf4e476e9164e77f8ae5/screenshot - {}
RESULT: {"using":"xpath","value":"//span[contains(text(), \"PM Order\")]"}
COMMAND: POST /session/9a1232cba82ddf4e476e9164e77f8ae5/element/f.6A59EF44FD37C6BF5E8460C410EAC6E4.d.F4A56F39DCE3BE9144DC4E03CF43D9F6.e.4721/click - {}
RESULT: {}
RESULT: {}
COMMAND: GET /session/9a1232cba82ddf4e476e9164e77f8ae5/screenshot - {}
RESULT: {}
COMMAND: POST /session/9a1232cba82ddf4e476e9164e77f8ae5/element - {"using":"xpath","value":"//td/div/div/div/span[contains(@id, \"newResourceUnit--RUTimeSegment-0-vhi\")][1]"}
RESULT: {"using":"xpath","value":"//td/div/div/div/span[contains(@id, \"newResourceUnit--RUTimeSegment-0-vhi\")][1]"}
COMMAND: GET /session/9a1232cba82ddf4e476e9164e77f8ae5/element/f.6A59EF44FD37C6BF5E8460C410EAC6E4.d.F4A56F39DCE3BE9144DC4E03CF43D9F6.e.4725/rect - {}
RESULT: {}
COMMAND: GET /session/9a1232cba82ddf4e476e9164e77f8ae5/window/rect - {}
RESULT: {}
COMMAND: POST /session/9a1232cba82ddf4e476e9164e77f8ae5/execute/sync - {"script":"<script> [92 bytes]","args":[]}
RESULT: {"script":"<script> [92 bytes]","args":[]}
COMMAND: POST /session/9a1232cba82ddf4e476e9164e77f8ae5/actions - {"actions":[{"id":"action18","type":"wheel","parameters":{},"actions":[{"type":"scroll","x":-1888,"y":-24,"deltaX":0,"deltaY":0,"duration":0,"origin":{"element-6066-11e4-a52e-4f735466cecf":"f.6A59EF44FD37C6BF5E8460C410EAC6E4.d.F4A56F39DCE3BE9144DC4E03CF43D9F6.e.4725"}}]}]}
COMMAND: GET /session/9a1232cba82ddf4e476e9164e77f8ae5/screenshot - {}
RESULT: {}
COMMAND: POST /session/9a1232cba82ddf4e476e9164e77f8ae5/execute/sync - {"script":"<script> [79 bytes]","args":[{"element-6066-11e4-a52e-4f735466cecf":"f.6A59EF44FD37C6BF5E8460C410EAC6E4.d.F4A56F39DCE3BE9144DC4E03CF43D9F6.e.4725","ELEMENT":"f.6A59EF44FD37C6BF5E8460C410EAC6E4.d.F4A56F39DCE3BE9144DC4E03CF43D9F6.e.4725"},{"block":"start","inline":"nearest"}]}
RESULT: {"script":"<script> [79 bytes]","args":[{"element-6066-11e4-a52e-4f735466cecf":"f.6A59EF44FD37C6BF5E8460C410EAC6E4.d.F4A56F39DCE3BE9144DC4E03CF43D9F6.e.4725","ELEMENT":"f.6A59EF44FD37C6BF5E8460C410EAC6E4.d.F4A56F39DCE3BE9144DC4E03CF43D9F6.e.4725"},{"block":"start","inline":"nearest"}]}
COMMAND: GET /session/9a1232cba82ddf4e476e9164e77f8ae5/screenshot - {}
RESULT: {}
COMMAND: POST /session/9a1232cba82ddf4e476e9164e77f8ae5/element/f.6A59EF44FD37C6BF5E8460C410EAC6E4.d.F4A56F39DCE3BE9144DC4E03CF43D9F6.e.4725/click - {}
RESULT: {}
COMMAND: GET /session/9a1232cba82ddf4e476e9164e77f8ae5/screenshot - {}
RESULT: {}
COMMAND: POST /session/9a1232cba82ddf4e476e9164e77f8ae5/execute/async - {"script":"<script> [1562 bytes]","args":[{"selector":{"controlType":"sap.m.SearchField","properties":{"placeholder":"Search"},"searchOpenDialogs":true,"interaction":{"idSuffix":"I"}},"wdio_ui5_key":"sapm.SearchField{\"placeholder\":\"Search\"}"}]}
RESULT: {"script":"<script> [1562 bytes]","args":[{"selector":{"controlType":"sap.m.SearchField","properties":{"placeholder":"Search"},"searchOpenDialogs":true,"interaction":{"idSuffix":"I"}},"wdio_ui5_key":"sapm.SearchField{\"placeholder\":\"Search\"}"}]}
RESULT: undefined
COMMAND: POST /session/9a1232cba82ddf4e476e9164e77f8ae5/execute/async - {"script":"<script> [776 bytes]","args":[{"enterText":"4000360","selector":{"controlType":"sap.m.SearchField","properties":{"placeholder":"Search"},"searchOpenDialogs":true,"interaction":{"idSuffix":"I"}},"clearTextFirst":true,"interactionType":"ENTER_TEXT"}]}
RESULT: {"script":"<script> [776 bytes]","args":[{"enterText":"4000360","selector":{"controlType":"sap.m.SearchField","properties":{"placeholder":"Search"},"searchOpenDialogs":true,"interaction":{"idSuffix":"I"}},"clearTextFirst":true,"interactionType":"ENTER_TEXT"}]}
COMMAND: POST /session/9a1232cba82ddf4e476e9164e77f8ae5/actions - {"actions":[{"id":"action19","type":"key","parameters":{},"actions":[{"type":"keyDown","value":"î€‡"},{"type":"pause","duration":10},{"type":"keyUp","value":"î€‡"}]}]}
RESULT: {"actions":[{"id":"action19","type":"key","parameters":{},"actions":[{"type":"keyDown","value":"î€‡"},{"type":"pause","duration":10},{"type":"keyUp","value":"î€‡"}]}]}
COMMAND: GET /session/9a1232cba82ddf4e476e9164e77f8ae5/screenshot - {}
RESULT: {}
COMMAND: POST /session/9a1232cba82ddf4e476e9164e77f8ae5/element - {"using":"xpath","value":"//td/div/span[contains(text(), \"BGL Vehicles\")]"}
RESULT: {"using":"xpath","value":"//td/div/span[contains(text(), \"BGL Vehicles\")]"}
COMMAND: POST /session/9a1232cba82ddf4e476e9164e77f8ae5/element/f.6A59EF44FD37C6BF5E8460C410EAC6E4.d.F4A56F39DCE3BE9144DC4E03CF43D9F6.e.4747/click - {}
RESULT: {}
COMMAND: GET /session/9a1232cba82ddf4e476e9164e77f8ae5/screenshot - {}
RESULT: {}
COMMAND: POST /session/9a1232cba82ddf4e476e9164e77f8ae5/element - {"using":"xpath","value":"//bdi[contains(text(), \"OK\")]"}
RESULT: {"using":"xpath","value":"//bdi[contains(text(), \"OK\")]"}
COMMAND: POST /session/9a1232cba82ddf4e476e9164e77f8ae5/element/f.6A59EF44FD37C6BF5E8460C410EAC6E4.d.F4A56F39DCE3BE9144DC4E03CF43D9F6.e.4748/click - {}
RESULT: {}
COMMAND: GET /session/9a1232cba82ddf4e476e9164e77f8ae5/screenshot - {}
RESULT: {}
COMMAND: POST /session/9a1232cba82ddf4e476e9164e77f8ae5/element - {"using":"xpath","value":"//label[contains(@class, 'sapMLabelRequired') and .//bdi[contains(text(), 'Planned Retirement')]]"}
RESULT: {"using":"xpath","value":"//label[contains(@class, 'sapMLabelRequired') and .//bdi[contains(text(), 'Planned Retirement')]]"}
COMMAND: POST /session/9a1232cba82ddf4e476e9164e77f8ae5/elements - {"using":"xpath","value":"//label[contains(@class, 'sapMLabelRequired') and .//bdi[contains(text(), 'Planned Retirement')]]"}
RESULT: {"using":"xpath","value":"//label[contains(@class, 'sapMLabelRequired') and .//bdi[contains(text(), 'Planned Retirement')]]"}
COMMAND: POST /session/9a1232cba82ddf4e476e9164e77f8ae5/element - {"using":"xpath","value":"//button[@data-kt=\"resourceUnitSaveButton\"]"}
RESULT: {"using":"xpath","value":"//button[@data-kt=\"resourceUnitSaveButton\"]"}
COMMAND: POST /session/9a1232cba82ddf4e476e9164e77f8ae5/element/f.6A59EF44FD37C6BF5E8460C410EAC6E4.d.F4A56F39DCE3BE9144DC4E03CF43D9F6.e.4582/click - {}
RESULT: {}
COMMAND: GET /session/9a1232cba82ddf4e476e9164e77f8ae5/screenshot - {}
RESULT: {}
COMMAND: POST /session/9a1232cba82ddf4e476e9164e77f8ae5/element - {"using":"xpath","value":"//bdi[contains(text(), \"Close\")]"}
RESULT: {"using":"xpath","value":"//bdi[contains(text(), \"Close\")]"}
COMMAND: POST /session/9a1232cba82ddf4e476e9164e77f8ae5/element/f.6A59EF44FD37C6BF5E8460C410EAC6E4.d.F4A56F39DCE3BE9144DC4E03CF43D9F6.e.4755/click - {}
RESULT: {}
COMMAND: GET /session/9a1232cba82ddf4e476e9164e77f8ae5/screenshot - {}
RESULT: {}
COMMAND: POST /session/9a1232cba82ddf4e476e9164e77f8ae5/element - {"using":"xpath","value":"//header[contains(@id, 'detailRruPage-headerTitle')]/div[1]/div[2]/div[2]/span[1]"}
RESULT: {"using":"xpath","value":"//header[contains(@id, 'detailRruPage-headerTitle')]/div[1]/div[2]/div[2]/span[1]"}
COMMAND: POST /session/9a1232cba82ddf4e476e9164e77f8ae5/elements - {"using":"xpath","value":"//header[contains(@id, 'detailRruPage-headerTitle')]/div[1]/div[2]/div[2]/span[1]"}
RESULT: {"using":"xpath","value":"//header[contains(@id, 'detailRruPage-headerTitle')]/div[1]/div[2]/div[2]/span[1]"}
COMMAND: POST /session/9a1232cba82ddf4e476e9164e77f8ae5/execute/sync - {"script":"<script> [56 bytes]","args":[{"element-6066-11e4-a52e-4f735466cecf":"f.6A59EF44FD37C6BF5E8460C410EAC6E4.d.F4A56F39DCE3BE9144DC4E03CF43D9F6.e.4788","ELEMENT":"f.6A59EF44FD37C6BF5E8460C410EAC6E4.d.F4A56F39DCE3BE9144DC4E03CF43D9F6.e.4788"}]}
RESULT: {"script":"<script> [56 bytes]","args":[{"element-6066-11e4-a52e-4f735466cecf":"f.6A59EF44FD37C6BF5E8460C410EAC6E4.d.F4A56F39DCE3BE9144DC4E03CF43D9F6.e.4788","ELEMENT":"f.6A59EF44FD37C6BF5E8460C410EAC6E4.d.F4A56F39DCE3BE9144DC4E03CF43D9F6.e.4788"}]}
COMMAND: POST /session/9a1232cba82ddf4e476e9164e77f8ae5/element - {"using":"css selector","value":"#shell-header-logo"}
COMMAND: GET /session/9a1232cba82ddf4e476e9164e77f8ae5/screenshot - {}
RESULT: {"using":"css selector","value":"#shell-header-logo"}
COMMAND: POST /session/9a1232cba82ddf4e476e9164e77f8ae5/element/f.6A59EF44FD37C6BF5E8460C410EAC6E4.d.F4A56F39DCE3BE9144DC4E03CF43D9F6.e.4044/click - {}
RESULT: {}
RESULT: {}
COMMAND: GET /session/9a1232cba82ddf4e476e9164e77f8ae5/screenshot - {}
RESULT: {}
]]></system-out>
    </testcase>
    <testcase classname="chrome.137_0_7151_56.windows.Provide_to_Site_w/_warehouse_management_w/_clarification_US115878" name="Bin Status Report Should Create New Organization yard" time="0.003" />
    <testcase classname="chrome.137_0_7151_56.windows.Provide_to_Site_w/_warehouse_management_w/_clarification_US115878" name="Bin Status Report Should Create New Organization for Site" time="0.002" />
  </testsuite>
  <testsuite timestamp="2025-06-04T16:32:52" time="442.255" tests="6" failures="6" errors="6" skipped="0">
    <properties>
      <property name="specId" value="0" />
      <property name="suiteName" value="Provide to Site w/ warehouse management w clarification" />
      <property name="capabilities" value="chrome.137_0_7151_56.windows" />
      <property name="file" value="file:///D:/a/1/s/test/specs/HTR/provide-to-site-w-warehouse-w-clarification.spec.js" />
    </properties>
  </testsuite>
  <testsuite timestamp="2025-06-04T16:40:14" time="165.996" tests="6" failures="0" errors="0" skipped="0">
    <properties>
      <property name="specId" value="0" />
      <property name="suiteName" value="Provide to Site w/ warehouse management w/o clarification US113782 " />
      <property name="capabilities" value="chrome.137_0_7151_56.windows" />
      <property name="file" value="file:///D:/a/1/s/test/specs/HTR/provide-to-site-w-warehouse-wo-clarification.spec.js" />
    </properties>
    <testcase classname="chrome.137_0_7151_56.windows.Provide_to_Site_w/_warehouse_management_w/o_clarification_US113782_" name="Should create a new WHM yard" time="0.012">
      <system-out><![CDATA[
COMMAND: POST /session/9a1232cba82ddf4e476e9164e77f8ae5/window/fullscreen - {}
RESULT: {}
]]></system-out>
    </testcase>
    <testcase classname="chrome.137_0_7151_56.windows.Provide_to_Site_w/_warehouse_management_w/o_clarification_US113782_" name="Should create a new external WHM partner" time="0.002" />
    <testcase classname="chrome.137_0_7151_56.windows.Provide_to_Site_w/_warehouse_management_w/o_clarification_US113782_" name="Should create a new WHM site" time="0.002" />
    <testcase classname="chrome.137_0_7151_56.windows.Provide_to_Site_w/_warehouse_management_w/o_clarification_US113782_" name="Should create a new material" time="147.22">
      <system-out><![CDATA[
COMMAND: POST /session/9a1232cba82ddf4e476e9164e77f8ae5/execute/async - {"script":"<script> [1562 bytes]","args":[{"selector":{"controlType":"sap.m.GenericTile","properties":{"header":"Manage Resources"}},"wdio_ui5_key":"sapm.GenericTile{\"header\":\"Manage Resources\"}"}]}
RESULT: {"script":"<script> [1562 bytes]","args":[{"selector":{"controlType":"sap.m.GenericTile","properties":{"header":"Manage Resources"}},"wdio_ui5_key":"sapm.GenericTile{\"header\":\"Manage Resources\"}"}]}
RESULT: undefined
COMMAND: POST /session/9a1232cba82ddf4e476e9164e77f8ae5/element - {"using":"xpath","value":"//*[@id=\"__tile31\"]"}
RESULT: {"using":"xpath","value":"//*[@id=\"__tile31\"]"}
COMMAND: POST /session/9a1232cba82ddf4e476e9164e77f8ae5/element/f.6A59EF44FD37C6BF5E8460C410EAC6E4.d.06F762B4E51696373F0206470420A329.e.5224/click - {}
RESULT: {}
COMMAND: GET /session/9a1232cba82ddf4e476e9164e77f8ae5/screenshot - {}
RESULT: {}
COMMAND: POST /session/9a1232cba82ddf4e476e9164e77f8ae5/elements - {"using":"xpath","value":"//span[text()='Error']"}
RESULT: {"using":"xpath","value":"//span[text()='Error']"}
COMMAND: POST /session/9a1232cba82ddf4e476e9164e77f8ae5/element - {"using":"xpath","value":"//button[@data-kt=\"addNewRUOverflowToolbarButton\"]"}
RESULT: {"using":"xpath","value":"//button[@data-kt=\"addNewRUOverflowToolbarButton\"]"}
COMMAND: POST /session/9a1232cba82ddf4e476e9164e77f8ae5/elements - {"using":"xpath","value":"//button[@data-kt=\"addNewRUOverflowToolbarButton\"]"}
RESULT: {"using":"xpath","value":"//button[@data-kt=\"addNewRUOverflowToolbarButton\"]"}
COMMAND: POST /session/9a1232cba82ddf4e476e9164e77f8ae5/execute/sync - {"script":"<script> [8489 bytes]","args":[{"element-6066-11e4-a52e-4f735466cecf":"f.6A59EF44FD37C6BF5E8460C410EAC6E4.d.06F762B4E51696373F0206470420A329.e.5366","ELEMENT":"f.6A59EF44FD37C6BF5E8460C410EAC6E4.d.06F762B4E51696373F0206470420A329.e.5366"}]}
RESULT: {"script":"<script> [8489 bytes]","args":[{"element-6066-11e4-a52e-4f735466cecf":"f.6A59EF44FD37C6BF5E8460C410EAC6E4.d.06F762B4E51696373F0206470420A329.e.5366","ELEMENT":"f.6A59EF44FD37C6BF5E8460C410EAC6E4.d.06F762B4E51696373F0206470420A329.e.5366"}]}
COMMAND: GET /session/9a1232cba82ddf4e476e9164e77f8ae5/element/f.6A59EF44FD37C6BF5E8460C410EAC6E4.d.06F762B4E51696373F0206470420A329.e.5366/enabled - {}
COMMAND: GET /session/9a1232cba82ddf4e476e9164e77f8ae5/screenshot - {}
RESULT: {}
COMMAND: POST /session/9a1232cba82ddf4e476e9164e77f8ae5/execute/sync - {"script":"<script> [8489 bytes]","args":[{"element-6066-11e4-a52e-4f735466cecf":"f.6A59EF44FD37C6BF5E8460C410EAC6E4.d.06F762B4E51696373F0206470420A329.e.5366","ELEMENT":"f.6A59EF44FD37C6BF5E8460C410EAC6E4.d.06F762B4E51696373F0206470420A329.e.5366"}]}
COMMAND: GET /session/9a1232cba82ddf4e476e9164e77f8ae5/screenshot - {}
RESULT: {}
RESULT: {"script":"<script> [8489 bytes]","args":[{"element-6066-11e4-a52e-4f735466cecf":"f.6A59EF44FD37C6BF5E8460C410EAC6E4.d.06F762B4E51696373F0206470420A329.e.5366","ELEMENT":"f.6A59EF44FD37C6BF5E8460C410EAC6E4.d.06F762B4E51696373F0206470420A329.e.5366"}]}
COMMAND: POST /session/9a1232cba82ddf4e476e9164e77f8ae5/execute/sync - {"script":"<script> [5351 bytes]","args":[{"element-6066-11e4-a52e-4f735466cecf":"f.6A59EF44FD37C6BF5E8460C410EAC6E4.d.06F762B4E51696373F0206470420A329.e.5366","ELEMENT":"f.6A59EF44FD37C6BF5E8460C410EAC6E4.d.06F762B4E51696373F0206470420A329.e.5366"}]}
COMMAND: GET /session/9a1232cba82ddf4e476e9164e77f8ae5/screenshot - {}
RESULT: {}
RESULT: {"script":"<script> [5351 bytes]","args":[{"element-6066-11e4-a52e-4f735466cecf":"f.6A59EF44FD37C6BF5E8460C410EAC6E4.d.06F762B4E51696373F0206470420A329.e.5366","ELEMENT":"f.6A59EF44FD37C6BF5E8460C410EAC6E4.d.06F762B4E51696373F0206470420A329.e.5366"}]}
COMMAND: POST /session/9a1232cba82ddf4e476e9164e77f8ae5/element/f.6A59EF44FD37C6BF5E8460C410EAC6E4.d.06F762B4E51696373F0206470420A329.e.5366/click - {}
COMMAND: GET /session/9a1232cba82ddf4e476e9164e77f8ae5/screenshot - {}
RESULT: {}
RESULT: {}
COMMAND: GET /session/9a1232cba82ddf4e476e9164e77f8ae5/screenshot - {}
COMMAND: POST /session/9a1232cba82ddf4e476e9164e77f8ae5/execute/async - {"script":"<script> [1562 bytes]","args":[{"selector":{"id":"application-manageresources-display-component---newResourceUnit--TYPE-arrow"},"wdio_ui5_key":"applicationmanageresources-display-component---newResourceUnit--TYPE-arrow"}]}
RESULT: {}
RESULT: {}
RESULT: {"script":"<script> [1562 bytes]","args":[{"selector":{"id":"application-manageresources-display-component---newResourceUnit--TYPE-arrow"},"wdio_ui5_key":"applicationmanageresources-display-component---newResourceUnit--TYPE-arrow"}]}
RESULT: undefined
COMMAND: POST /session/9a1232cba82ddf4e476e9164e77f8ae5/element - {"using":"xpath","value":"//*[@id=\"application-manageresources-display-component---newResourceUnit--TYPE-arrow\"]"}
RESULT: {"using":"xpath","value":"//*[@id=\"application-manageresources-display-component---newResourceUnit--TYPE-arrow\"]"}
COMMAND: POST /session/9a1232cba82ddf4e476e9164e77f8ae5/element/f.6A59EF44FD37C6BF5E8460C410EAC6E4.d.06F762B4E51696373F0206470420A329.e.5724/click - {}
RESULT: {}
COMMAND: POST /session/9a1232cba82ddf4e476e9164e77f8ae5/element - {"using":"xpath","value":"//input[@id=\"application-manageresources-display-component---newResourceUnit--TYPE-inner\"]"}
COMMAND: GET /session/9a1232cba82ddf4e476e9164e77f8ae5/screenshot - {}
RESULT: {"using":"xpath","value":"//input[@id=\"application-manageresources-display-component---newResourceUnit--TYPE-inner\"]"}
COMMAND: POST /session/9a1232cba82ddf4e476e9164e77f8ae5/element/f.6A59EF44FD37C6BF5E8460C410EAC6E4.d.06F762B4E51696373F0206470420A329.e.5708/clear - {}
RESULT: {}
RESULT: {}
COMMAND: POST /session/9a1232cba82ddf4e476e9164e77f8ae5/element/f.6A59EF44FD37C6BF5E8460C410EAC6E4.d.06F762B4E51696373F0206470420A329.e.5708/value - {"text":"Material"}
COMMAND: GET /session/9a1232cba82ddf4e476e9164e77f8ae5/screenshot - {}
RESULT: {"text":"Material"}
COMMAND: GET /session/9a1232cba82ddf4e476e9164e77f8ae5/screenshot - {}
RESULT: {}
RESULT: {}
COMMAND: POST /session/9a1232cba82ddf4e476e9164e77f8ae5/actions - {"actions":[{"id":"action21","type":"key","parameters":{},"actions":[{"type":"keyDown","value":"î€‡"},{"type":"pause","duration":10},{"type":"keyUp","value":"î€‡"}]}]}
RESULT: {"actions":[{"id":"action21","type":"key","parameters":{},"actions":[{"type":"keyDown","value":"î€‡"},{"type":"pause","duration":10},{"type":"keyUp","value":"î€‡"}]}]}
COMMAND: POST /session/9a1232cba82ddf4e476e9164e77f8ae5/execute/async - {"script":"<script> [1562 bytes]","args":[{"selector":{"id":"application-manageresources-display-component---newResourceUnit--SHORT_TEXT","interaction":{"idSuffix":"inner"}},"wdio_ui5_key":"applicationmanageresources-display-component---newResourceUnit--SHORT_TEXT"}]}
COMMAND: GET /session/9a1232cba82ddf4e476e9164e77f8ae5/screenshot - {}
RESULT: {"script":"<script> [1562 bytes]","args":[{"selector":{"id":"application-manageresources-display-component---newResourceUnit--SHORT_TEXT","interaction":{"idSuffix":"inner"}},"wdio_ui5_key":"applicationmanageresources-display-component---newResourceUnit--SHORT_TEXT"}]}
RESULT: undefined
COMMAND: POST /session/9a1232cba82ddf4e476e9164e77f8ae5/execute/async - {"script":"<script> [776 bytes]","args":[{"enterText":"Cement WDIO","selector":{"id":"application-manageresources-display-component---newResourceUnit--SHORT_TEXT","interaction":{"idSuffix":"inner"}},"clearTextFirst":true,"interactionType":"ENTER_TEXT"}]}
RESULT: {}
RESULT: {"script":"<script> [776 bytes]","args":[{"enterText":"Cement WDIO","selector":{"id":"application-manageresources-display-component---newResourceUnit--SHORT_TEXT","interaction":{"idSuffix":"inner"}},"clearTextFirst":true,"interactionType":"ENTER_TEXT"}]}
COMMAND: POST /session/9a1232cba82ddf4e476e9164e77f8ae5/execute/async - {"script":"<script> [1562 bytes]","args":[{"selector":{"id":"application-manageresources-display-component---newResourceUnit--BASE_UNIT_OF_MEASURE","interaction":{"idSuffix":"inner"}},"wdio_ui5_key":"applicationmanageresources-display-component---newResourceUnit--BASE_UNIT_OF_MEASURE"}]}
RESULT: {"script":"<script> [1562 bytes]","args":[{"selector":{"id":"application-manageresources-display-component---newResourceUnit--BASE_UNIT_OF_MEASURE","interaction":{"idSuffix":"inner"}},"wdio_ui5_key":"applicationmanageresources-display-component---newResourceUnit--BASE_UNIT_OF_MEASURE"}]}
RESULT: undefined
COMMAND: POST /session/9a1232cba82ddf4e476e9164e77f8ae5/execute/async - {"script":"<script> [776 bytes]","args":[{"enterText":"Piece","selector":{"id":"application-manageresources-display-component---newResourceUnit--BASE_UNIT_OF_MEASURE","interaction":{"idSuffix":"inner"}},"clearTextFirst":true,"interactionType":"ENTER_TEXT"}]}
RESULT: {"script":"<script> [776 bytes]","args":[{"enterText":"Piece","selector":{"id":"application-manageresources-display-component---newResourceUnit--BASE_UNIT_OF_MEASURE","interaction":{"idSuffix":"inner"}},"clearTextFirst":true,"interactionType":"ENTER_TEXT"}]}
COMMAND: POST /session/9a1232cba82ddf4e476e9164e77f8ae5/execute/async - {"script":"<script> [1562 bytes]","args":[{"selector":{"id":"application-manageresources-display-component---newResourceUnit--WEIGHT_UNIT","interaction":{"idSuffix":"inner"}},"wdio_ui5_key":"applicationmanageresources-display-component---newResourceUnit--WEIGHT_UNIT"}]}
RESULT: {"script":"<script> [1562 bytes]","args":[{"selector":{"id":"application-manageresources-display-component---newResourceUnit--WEIGHT_UNIT","interaction":{"idSuffix":"inner"}},"wdio_ui5_key":"applicationmanageresources-display-component---newResourceUnit--WEIGHT_UNIT"}]}
RESULT: undefined
COMMAND: POST /session/9a1232cba82ddf4e476e9164e77f8ae5/execute/async - {"script":"<script> [776 bytes]","args":[{"enterText":"Gram","selector":{"id":"application-manageresources-display-component---newResourceUnit--WEIGHT_UNIT","interaction":{"idSuffix":"inner"}},"clearTextFirst":true,"interactionType":"ENTER_TEXT"}]}
RESULT: {"script":"<script> [776 bytes]","args":[{"enterText":"Gram","selector":{"id":"application-manageresources-display-component---newResourceUnit--WEIGHT_UNIT","interaction":{"idSuffix":"inner"}},"clearTextFirst":true,"interactionType":"ENTER_TEXT"}]}
COMMAND: POST /session/9a1232cba82ddf4e476e9164e77f8ae5/execute/async - {"script":"<script> [1562 bytes]","args":[{"selector":{"id":"application-manageresources-display-component---newResourceUnit--DIMENSION_UNIT","interaction":{"idSuffix":"inner"}},"wdio_ui5_key":"applicationmanageresources-display-component---newResourceUnit--DIMENSION_UNIT"}]}
RESULT: {"script":"<script> [1562 bytes]","args":[{"selector":{"id":"application-manageresources-display-component---newResourceUnit--DIMENSION_UNIT","interaction":{"idSuffix":"inner"}},"wdio_ui5_key":"applicationmanageresources-display-component---newResourceUnit--DIMENSION_UNIT"}]}
RESULT: undefined
COMMAND: POST /session/9a1232cba82ddf4e476e9164e77f8ae5/execute/async - {"script":"<script> [776 bytes]","args":[{"enterText":"Meter","selector":{"id":"application-manageresources-display-component---newResourceUnit--DIMENSION_UNIT","interaction":{"idSuffix":"inner"}},"clearTextFirst":true,"interactionType":"ENTER_TEXT"}]}
RESULT: {"script":"<script> [776 bytes]","args":[{"enterText":"Meter","selector":{"id":"application-manageresources-display-component---newResourceUnit--DIMENSION_UNIT","interaction":{"idSuffix":"inner"}},"clearTextFirst":true,"interactionType":"ENTER_TEXT"}]}
COMMAND: POST /session/9a1232cba82ddf4e476e9164e77f8ae5/execute/async - {"script":"<script> [1562 bytes]","args":[{"selector":{"id":"application-manageresources-display-component---newResourceUnit--newRRUPage-anchBar-application-manageresources-display-component---newResourceUnit--control-anchor","interaction":{"idSuffix":"BDI-content"}},"wdio_ui5_key":"applicationmanageresources-display-component---newResourceUnit--newRRUPage-anchBar-application-manageresources-display-component---newResourceUnit--control-anchor"}]}
RESULT: {"script":"<script> [1562 bytes]","args":[{"selector":{"id":"application-manageresources-display-component---newResourceUnit--newRRUPage-anchBar-application-manageresources-display-component---newResourceUnit--control-anchor","interaction":{"idSuffix":"BDI-content"}},"wdio_ui5_key":"applicationmanageresources-display-component---newResourceUnit--newRRUPage-anchBar-application-manageresources-display-component---newResourceUnit--control-anchor"}]}
RESULT: undefined
COMMAND: POST /session/9a1232cba82ddf4e476e9164e77f8ae5/element - {"using":"xpath","value":"//*[@id=\"application-manageresources-display-component---newResourceUnit--newRRUPage-anchBar-application-manageresources-display-component---newResourceUnit--control-anchor\"]"}
RESULT: {"using":"xpath","value":"//*[@id=\"application-manageresources-display-component---newResourceUnit--newRRUPage-anchBar-application-manageresources-display-component---newResourceUnit--control-anchor\"]"}
COMMAND: POST /session/9a1232cba82ddf4e476e9164e77f8ae5/element/f.6A59EF44FD37C6BF5E8460C410EAC6E4.d.06F762B4E51696373F0206470420A329.e.5856/click - {}
RESULT: {}
COMMAND: POST /session/9a1232cba82ddf4e476e9164e77f8ae5/execute/async - {"script":"<script> [1562 bytes]","args":[{"selector":{"id":"application-manageresources-display-component---newResourceUnit--PLANNING_GROUP","interaction":{"idSuffix":"inner"}},"wdio_ui5_key":"applicationmanageresources-display-component---newResourceUnit--PLANNING_GROUP"}]}
COMMAND: GET /session/9a1232cba82ddf4e476e9164e77f8ae5/screenshot - {}
RESULT: {"script":"<script> [1562 bytes]","args":[{"selector":{"id":"application-manageresources-display-component---newResourceUnit--PLANNING_GROUP","interaction":{"idSuffix":"inner"}},"wdio_ui5_key":"applicationmanageresources-display-component---newResourceUnit--PLANNING_GROUP"}]}
RESULT: undefined
COMMAND: POST /session/9a1232cba82ddf4e476e9164e77f8ae5/execute/async - {"script":"<script> [776 bytes]","args":[{"enterText":"Material","selector":{"id":"application-manageresources-display-component---newResourceUnit--PLANNING_GROUP","interaction":{"idSuffix":"inner"}},"clearTextFirst":true,"interactionType":"ENTER_TEXT"}]}
RESULT: {}
RESULT: {"script":"<script> [776 bytes]","args":[{"enterText":"Material","selector":{"id":"application-manageresources-display-component---newResourceUnit--PLANNING_GROUP","interaction":{"idSuffix":"inner"}},"clearTextFirst":true,"interactionType":"ENTER_TEXT"}]}
COMMAND: POST /session/9a1232cba82ddf4e476e9164e77f8ae5/execute/async - {"script":"<script> [1562 bytes]","args":[{"selector":{"id":"application-manageresources-display-component---newResourceUnit--PLANNING_INDICATOR","interaction":{"idSuffix":"inner"}},"wdio_ui5_key":"applicationmanageresources-display-component---newResourceUnit--PLANNING_INDICATOR"}]}
RESULT: {"script":"<script> [1562 bytes]","args":[{"selector":{"id":"application-manageresources-display-component---newResourceUnit--PLANNING_INDICATOR","interaction":{"idSuffix":"inner"}},"wdio_ui5_key":"applicationmanageresources-display-component---newResourceUnit--PLANNING_INDICATOR"}]}
RESULT: undefined
COMMAND: POST /session/9a1232cba82ddf4e476e9164e77f8ae5/execute/async - {"script":"<script> [776 bytes]","args":[{"enterText":"10 - infinite","selector":{"id":"application-manageresources-display-component---newResourceUnit--PLANNING_INDICATOR","interaction":{"idSuffix":"inner"}},"clearTextFirst":true,"interactionType":"ENTER_TEXT"}]}
RESULT: {"script":"<script> [776 bytes]","args":[{"enterText":"10 - infinite","selector":{"id":"application-manageresources-display-component---newResourceUnit--PLANNING_INDICATOR","interaction":{"idSuffix":"inner"}},"clearTextFirst":true,"interactionType":"ENTER_TEXT"}]}
COMMAND: POST /session/9a1232cba82ddf4e476e9164e77f8ae5/element - {"using":"css selector","value":"#application-manageresources-display-component---newResourceUnit--btnAddTimeSegment"}
RESULT: {"using":"css selector","value":"#application-manageresources-display-component---newResourceUnit--btnAddTimeSegment"}
COMMAND: GET /session/9a1232cba82ddf4e476e9164e77f8ae5/element/f.6A59EF44FD37C6BF5E8460C410EAC6E4.d.06F762B4E51696373F0206470420A329.e.5866/rect - {}
RESULT: {}
COMMAND: GET /session/9a1232cba82ddf4e476e9164e77f8ae5/window/rect - {}
RESULT: {}
COMMAND: POST /session/9a1232cba82ddf4e476e9164e77f8ae5/execute/sync - {"script":"<script> [92 bytes]","args":[]}
RESULT: {"script":"<script> [92 bytes]","args":[]}
COMMAND: POST /session/9a1232cba82ddf4e476e9164e77f8ae5/actions - {"actions":[{"id":"action22","type":"wheel","parameters":{},"actions":[{"type":"scroll","x":-1888,"y":-32,"deltaX":0,"deltaY":0,"duration":0,"origin":{"element-6066-11e4-a52e-4f735466cecf":"f.6A59EF44FD37C6BF5E8460C410EAC6E4.d.06F762B4E51696373F0206470420A329.e.5866"}}]}]}
COMMAND: GET /session/9a1232cba82ddf4e476e9164e77f8ae5/screenshot - {}
RESULT: {}
COMMAND: POST /session/9a1232cba82ddf4e476e9164e77f8ae5/execute/sync - {"script":"<script> [79 bytes]","args":[{"element-6066-11e4-a52e-4f735466cecf":"f.6A59EF44FD37C6BF5E8460C410EAC6E4.d.06F762B4E51696373F0206470420A329.e.5866","ELEMENT":"f.6A59EF44FD37C6BF5E8460C410EAC6E4.d.06F762B4E51696373F0206470420A329.e.5866"},{"block":"start","inline":"nearest"}]}
RESULT: {"script":"<script> [79 bytes]","args":[{"element-6066-11e4-a52e-4f735466cecf":"f.6A59EF44FD37C6BF5E8460C410EAC6E4.d.06F762B4E51696373F0206470420A329.e.5866","ELEMENT":"f.6A59EF44FD37C6BF5E8460C410EAC6E4.d.06F762B4E51696373F0206470420A329.e.5866"},{"block":"start","inline":"nearest"}]}
COMMAND: POST /session/9a1232cba82ddf4e476e9164e77f8ae5/execute/async - {"script":"<script> [1562 bytes]","args":[{"selector":{"id":"application-manageresources-display-component---newResourceUnit--btnAddTimeSegment","interaction":{"idSuffix":"inner"}},"wdio_ui5_key":"applicationmanageresources-display-component---newResourceUnit--btnAddTimeSegment"}]}
COMMAND: GET /session/9a1232cba82ddf4e476e9164e77f8ae5/screenshot - {}
RESULT: {"script":"<script> [1562 bytes]","args":[{"selector":{"id":"application-manageresources-display-component---newResourceUnit--btnAddTimeSegment","interaction":{"idSuffix":"inner"}},"wdio_ui5_key":"applicationmanageresources-display-component---newResourceUnit--btnAddTimeSegment"}]}
RESULT: undefined
COMMAND: POST /session/9a1232cba82ddf4e476e9164e77f8ae5/element - {"using":"xpath","value":"//*[@id=\"application-manageresources-display-component---newResourceUnit--btnAddTimeSegment\"]"}
RESULT: {}
RESULT: {"using":"xpath","value":"//*[@id=\"application-manageresources-display-component---newResourceUnit--btnAddTimeSegment\"]"}
COMMAND: POST /session/9a1232cba82ddf4e476e9164e77f8ae5/element/f.6A59EF44FD37C6BF5E8460C410EAC6E4.d.06F762B4E51696373F0206470420A329.e.5866/click - {}
RESULT: {}
COMMAND: GET /session/9a1232cba82ddf4e476e9164e77f8ae5/screenshot - {}
RESULT: {}
COMMAND: POST /session/9a1232cba82ddf4e476e9164e77f8ae5/element - {"using":"xpath","value":"//input[@id=\"application-manageresources-display-component---newResourceUnit--idRuTSAdmin-application-manageresources-display-component---newResourceUnit--RUTimeSegment-0-inner\"]"}
RESULT: {"using":"xpath","value":"//input[@id=\"application-manageresources-display-component---newResourceUnit--idRuTSAdmin-application-manageresources-display-component---newResourceUnit--RUTimeSegment-0-inner\"]"}
COMMAND: POST /session/9a1232cba82ddf4e476e9164e77f8ae5/element/f.6A59EF44FD37C6BF5E8460C410EAC6E4.d.06F762B4E51696373F0206470420A329.e.5871/clear - {}
RESULT: {}
COMMAND: POST /session/9a1232cba82ddf4e476e9164e77f8ae5/element/f.6A59EF44FD37C6BF5E8460C410EAC6E4.d.06F762B4E51696373F0206470420A329.e.5871/value - {"text":"655"}
COMMAND: GET /session/9a1232cba82ddf4e476e9164e77f8ae5/screenshot - {}
RESULT: {"text":"655"}
COMMAND: GET /session/9a1232cba82ddf4e476e9164e77f8ae5/screenshot - {}
RESULT: {}
RESULT: {}
COMMAND: POST /session/9a1232cba82ddf4e476e9164e77f8ae5/element - {"using":"xpath","value":"//li[.//span[text()='655']]"}
RESULT: {"using":"xpath","value":"//li[.//span[text()='655']]"}
COMMAND: POST /session/9a1232cba82ddf4e476e9164e77f8ae5/element/f.6A59EF44FD37C6BF5E8460C410EAC6E4.d.06F762B4E51696373F0206470420A329.e.5881/click - {}
RESULT: {}
COMMAND: GET /session/9a1232cba82ddf4e476e9164e77f8ae5/screenshot - {}
RESULT: {}
COMMAND: POST /session/9a1232cba82ddf4e476e9164e77f8ae5/element - {"using":"xpath","value":"(//span[contains(@id, \"-application-manageresources-display-component---newResourceUnit--RUTimeSegment-0-arrow\")])[2]"}
RESULT: {"using":"xpath","value":"(//span[contains(@id, \"-application-manageresources-display-component---newResourceUnit--RUTimeSegment-0-arrow\")])[2]"}
COMMAND: POST /session/9a1232cba82ddf4e476e9164e77f8ae5/element/f.6A59EF44FD37C6BF5E8460C410EAC6E4.d.06F762B4E51696373F0206470420A329.e.5882/click - {}
RESULT: {}
COMMAND: POST /session/9a1232cba82ddf4e476e9164e77f8ae5/element - {"using":"xpath","value":"//span[contains(text(), \"PM Order\")]"}
COMMAND: GET /session/9a1232cba82ddf4e476e9164e77f8ae5/screenshot - {}
RESULT: {"using":"xpath","value":"//span[contains(text(), \"PM Order\")]"}
COMMAND: POST /session/9a1232cba82ddf4e476e9164e77f8ae5/element/f.6A59EF44FD37C6BF5E8460C410EAC6E4.d.06F762B4E51696373F0206470420A329.e.5883/click - {}
RESULT: {}
RESULT: {}
COMMAND: GET /session/9a1232cba82ddf4e476e9164e77f8ae5/screenshot - {}
RESULT: {}
COMMAND: POST /session/9a1232cba82ddf4e476e9164e77f8ae5/element - {"using":"xpath","value":"//td/div/div/div/span[contains(@id, \"newResourceUnit--RUTimeSegment-0-vhi\")][1]"}
RESULT: {"using":"xpath","value":"//td/div/div/div/span[contains(@id, \"newResourceUnit--RUTimeSegment-0-vhi\")][1]"}
COMMAND: GET /session/9a1232cba82ddf4e476e9164e77f8ae5/element/f.6A59EF44FD37C6BF5E8460C410EAC6E4.d.06F762B4E51696373F0206470420A329.e.5887/rect - {}
RESULT: {}
COMMAND: GET /session/9a1232cba82ddf4e476e9164e77f8ae5/window/rect - {}
RESULT: {}
COMMAND: POST /session/9a1232cba82ddf4e476e9164e77f8ae5/execute/sync - {"script":"<script> [92 bytes]","args":[]}
RESULT: {"script":"<script> [92 bytes]","args":[]}
COMMAND: POST /session/9a1232cba82ddf4e476e9164e77f8ae5/actions - {"actions":[{"id":"action23","type":"wheel","parameters":{},"actions":[{"type":"scroll","x":-1888,"y":-24,"deltaX":0,"deltaY":0,"duration":0,"origin":{"element-6066-11e4-a52e-4f735466cecf":"f.6A59EF44FD37C6BF5E8460C410EAC6E4.d.06F762B4E51696373F0206470420A329.e.5887"}}]}]}
COMMAND: GET /session/9a1232cba82ddf4e476e9164e77f8ae5/screenshot - {}
RESULT: {}
COMMAND: POST /session/9a1232cba82ddf4e476e9164e77f8ae5/execute/sync - {"script":"<script> [79 bytes]","args":[{"element-6066-11e4-a52e-4f735466cecf":"f.6A59EF44FD37C6BF5E8460C410EAC6E4.d.06F762B4E51696373F0206470420A329.e.5887","ELEMENT":"f.6A59EF44FD37C6BF5E8460C410EAC6E4.d.06F762B4E51696373F0206470420A329.e.5887"},{"block":"start","inline":"nearest"}]}
RESULT: {"script":"<script> [79 bytes]","args":[{"element-6066-11e4-a52e-4f735466cecf":"f.6A59EF44FD37C6BF5E8460C410EAC6E4.d.06F762B4E51696373F0206470420A329.e.5887","ELEMENT":"f.6A59EF44FD37C6BF5E8460C410EAC6E4.d.06F762B4E51696373F0206470420A329.e.5887"},{"block":"start","inline":"nearest"}]}
COMMAND: GET /session/9a1232cba82ddf4e476e9164e77f8ae5/screenshot - {}
RESULT: {}
COMMAND: POST /session/9a1232cba82ddf4e476e9164e77f8ae5/element/f.6A59EF44FD37C6BF5E8460C410EAC6E4.d.06F762B4E51696373F0206470420A329.e.5887/click - {}
RESULT: {}
COMMAND: GET /session/9a1232cba82ddf4e476e9164e77f8ae5/screenshot - {}
RESULT: {}
COMMAND: POST /session/9a1232cba82ddf4e476e9164e77f8ae5/execute/async - {"script":"<script> [1562 bytes]","args":[{"selector":{"controlType":"sap.m.SearchField","properties":{"placeholder":"Search"},"searchOpenDialogs":true,"interaction":{"idSuffix":"I"}},"wdio_ui5_key":"sapm.SearchField{\"placeholder\":\"Search\"}"}]}
RESULT: {"script":"<script> [1562 bytes]","args":[{"selector":{"controlType":"sap.m.SearchField","properties":{"placeholder":"Search"},"searchOpenDialogs":true,"interaction":{"idSuffix":"I"}},"wdio_ui5_key":"sapm.SearchField{\"placeholder\":\"Search\"}"}]}
RESULT: undefined
COMMAND: POST /session/9a1232cba82ddf4e476e9164e77f8ae5/execute/async - {"script":"<script> [776 bytes]","args":[{"enterText":"4000360","selector":{"controlType":"sap.m.SearchField","properties":{"placeholder":"Search"},"searchOpenDialogs":true,"interaction":{"idSuffix":"I"}},"clearTextFirst":true,"interactionType":"ENTER_TEXT"}]}
RESULT: {"script":"<script> [776 bytes]","args":[{"enterText":"4000360","selector":{"controlType":"sap.m.SearchField","properties":{"placeholder":"Search"},"searchOpenDialogs":true,"interaction":{"idSuffix":"I"}},"clearTextFirst":true,"interactionType":"ENTER_TEXT"}]}
COMMAND: POST /session/9a1232cba82ddf4e476e9164e77f8ae5/actions - {"actions":[{"id":"action24","type":"key","parameters":{},"actions":[{"type":"keyDown","value":"î€‡"},{"type":"pause","duration":10},{"type":"keyUp","value":"î€‡"}]}]}
RESULT: {"actions":[{"id":"action24","type":"key","parameters":{},"actions":[{"type":"keyDown","value":"î€‡"},{"type":"pause","duration":10},{"type":"keyUp","value":"î€‡"}]}]}
COMMAND: GET /session/9a1232cba82ddf4e476e9164e77f8ae5/screenshot - {}
RESULT: {}
COMMAND: POST /session/9a1232cba82ddf4e476e9164e77f8ae5/element - {"using":"xpath","value":"//td/div/span[contains(text(), \"BGL Vehicles\")]"}
RESULT: {"using":"xpath","value":"//td/div/span[contains(text(), \"BGL Vehicles\")]"}
COMMAND: POST /session/9a1232cba82ddf4e476e9164e77f8ae5/element/f.6A59EF44FD37C6BF5E8460C410EAC6E4.d.06F762B4E51696373F0206470420A329.e.5909/click - {}
RESULT: {}
COMMAND: GET /session/9a1232cba82ddf4e476e9164e77f8ae5/screenshot - {}
RESULT: {}
COMMAND: POST /session/9a1232cba82ddf4e476e9164e77f8ae5/element - {"using":"xpath","value":"//bdi[contains(text(), \"OK\")]"}
RESULT: {"using":"xpath","value":"//bdi[contains(text(), \"OK\")]"}
COMMAND: POST /session/9a1232cba82ddf4e476e9164e77f8ae5/element/f.6A59EF44FD37C6BF5E8460C410EAC6E4.d.06F762B4E51696373F0206470420A329.e.5910/click - {}
RESULT: {}
COMMAND: GET /session/9a1232cba82ddf4e476e9164e77f8ae5/screenshot - {}
RESULT: {}
COMMAND: POST /session/9a1232cba82ddf4e476e9164e77f8ae5/element - {"using":"xpath","value":"//label[contains(@class, 'sapMLabelRequired') and .//bdi[contains(text(), 'Planned Retirement')]]"}
RESULT: {"using":"xpath","value":"//label[contains(@class, 'sapMLabelRequired') and .//bdi[contains(text(), 'Planned Retirement')]]"}
COMMAND: POST /session/9a1232cba82ddf4e476e9164e77f8ae5/elements - {"using":"xpath","value":"//label[contains(@class, 'sapMLabelRequired') and .//bdi[contains(text(), 'Planned Retirement')]]"}
RESULT: {"using":"xpath","value":"//label[contains(@class, 'sapMLabelRequired') and .//bdi[contains(text(), 'Planned Retirement')]]"}
COMMAND: POST /session/9a1232cba82ddf4e476e9164e77f8ae5/element - {"using":"xpath","value":"//button[@data-kt=\"resourceUnitSaveButton\"]"}
RESULT: {"using":"xpath","value":"//button[@data-kt=\"resourceUnitSaveButton\"]"}
COMMAND: POST /session/9a1232cba82ddf4e476e9164e77f8ae5/element/f.6A59EF44FD37C6BF5E8460C410EAC6E4.d.06F762B4E51696373F0206470420A329.e.5742/click - {}
RESULT: {}
COMMAND: GET /session/9a1232cba82ddf4e476e9164e77f8ae5/screenshot - {}
RESULT: {}
COMMAND: POST /session/9a1232cba82ddf4e476e9164e77f8ae5/element - {"using":"xpath","value":"//bdi[contains(text(), \"Close\")]"}
RESULT: {"using":"xpath","value":"//bdi[contains(text(), \"Close\")]"}
COMMAND: POST /session/9a1232cba82ddf4e476e9164e77f8ae5/element/f.6A59EF44FD37C6BF5E8460C410EAC6E4.d.06F762B4E51696373F0206470420A329.e.5917/click - {}
RESULT: {}
COMMAND: GET /session/9a1232cba82ddf4e476e9164e77f8ae5/screenshot - {}
RESULT: {}
COMMAND: POST /session/9a1232cba82ddf4e476e9164e77f8ae5/element - {"using":"xpath","value":"//header[contains(@id, 'detailRruPage-headerTitle')]/div[1]/div[2]/div[2]/span[1]"}
RESULT: {"using":"xpath","value":"//header[contains(@id, 'detailRruPage-headerTitle')]/div[1]/div[2]/div[2]/span[1]"}
COMMAND: POST /session/9a1232cba82ddf4e476e9164e77f8ae5/elements - {"using":"xpath","value":"//header[contains(@id, 'detailRruPage-headerTitle')]/div[1]/div[2]/div[2]/span[1]"}
RESULT: {"using":"xpath","value":"//header[contains(@id, 'detailRruPage-headerTitle')]/div[1]/div[2]/div[2]/span[1]"}
COMMAND: POST /session/9a1232cba82ddf4e476e9164e77f8ae5/execute/sync - {"script":"<script> [56 bytes]","args":[{"element-6066-11e4-a52e-4f735466cecf":"f.6A59EF44FD37C6BF5E8460C410EAC6E4.d.06F762B4E51696373F0206470420A329.e.5951","ELEMENT":"f.6A59EF44FD37C6BF5E8460C410EAC6E4.d.06F762B4E51696373F0206470420A329.e.5951"}]}
RESULT: {"script":"<script> [56 bytes]","args":[{"element-6066-11e4-a52e-4f735466cecf":"f.6A59EF44FD37C6BF5E8460C410EAC6E4.d.06F762B4E51696373F0206470420A329.e.5951","ELEMENT":"f.6A59EF44FD37C6BF5E8460C410EAC6E4.d.06F762B4E51696373F0206470420A329.e.5951"}]}
COMMAND: POST /session/9a1232cba82ddf4e476e9164e77f8ae5/element - {"using":"css selector","value":"#shell-header-logo"}
COMMAND: GET /session/9a1232cba82ddf4e476e9164e77f8ae5/screenshot - {}
RESULT: {"using":"css selector","value":"#shell-header-logo"}
COMMAND: POST /session/9a1232cba82ddf4e476e9164e77f8ae5/element/f.6A59EF44FD37C6BF5E8460C410EAC6E4.d.06F762B4E51696373F0206470420A329.e.5206/click - {}
RESULT: {}
RESULT: {}
COMMAND: GET /session/9a1232cba82ddf4e476e9164e77f8ae5/screenshot - {}
RESULT: {}
]]></system-out>
    </testcase>
    <testcase classname="chrome.137_0_7151_56.windows.Provide_to_Site_w/_warehouse_management_w/o_clarification_US113782_" name="Bin Status Report Should Create New Organization yard" time="0.002" />
    <testcase classname="chrome.137_0_7151_56.windows.Provide_to_Site_w/_warehouse_management_w/o_clarification_US113782_" name="Bin Status Report Should Create New Organization for Site" time="0.002" />
  </testsuite>
  <testsuite timestamp="2025-06-04T16:43:00" time="306.966" tests="5" failures="5" errors="5" skipped="0">
    <properties>
      <property name="specId" value="0" />
      <property name="suiteName" value="Provide to Site w/ warehouse management wo clarification" />
      <property name="capabilities" value="chrome.137_0_7151_56.windows" />
      <property name="file" value="file:///D:/a/1/s/test/specs/HTR/provide-to-site-w-warehouse-wo-clarification.spec.js" />
    </properties>
  </testsuite>
  <testsuite timestamp="2025-06-04T16:48:07" time="538.097" tests="4" failures="0" errors="0" skipped="0">
    <properties>
      <property name="specId" value="0" />
      <property name="suiteName" value="Provide to Site w/o warehouse management w/ clarification US116605" />
      <property name="capabilities" value="chrome.137_0_7151_56.windows" />
      <property name="file" value="file:///D:/a/1/s/test/specs/HTR/provide-to-site-wo-warehouse-w-clarification.spec.js" />
    </properties>
    <testcase classname="chrome.137_0_7151_56.windows.Provide_to_Site_w/o_warehouse_management_w/_clarification_US116605" name="Should create a new yard" time="115.27">
      <system-out><![CDATA[
COMMAND: POST /session/9a1232cba82ddf4e476e9164e77f8ae5/window/fullscreen - {}
RESULT: {}
COMMAND: POST /session/9a1232cba82ddf4e476e9164e77f8ae5/execute/async - {"script":"<script> [1562 bytes]","args":[{"selector":{"controlType":"sap.m.GenericTile","properties":{"header":"Manage Yards"}},"wdio_ui5_key":"sapm.GenericTile{\"header\":\"Manage Yards\"}"}]}
RESULT: {"script":"<script> [1562 bytes]","args":[{"selector":{"controlType":"sap.m.GenericTile","properties":{"header":"Manage Yards"}},"wdio_ui5_key":"sapm.GenericTile{\"header\":\"Manage Yards\"}"}]}
RESULT: undefined
COMMAND: POST /session/9a1232cba82ddf4e476e9164e77f8ae5/element - {"using":"xpath","value":"//*[@id=\"__tile33\"]"}
RESULT: {"using":"xpath","value":"//*[@id=\"__tile33\"]"}
COMMAND: POST /session/9a1232cba82ddf4e476e9164e77f8ae5/element/f.6A59EF44FD37C6BF5E8460C410EAC6E4.d.A5A3632BB5BEB5926E23420D26C55327.e.6411/click - {}
RESULT: {}
COMMAND: GET /session/9a1232cba82ddf4e476e9164e77f8ae5/screenshot - {}
RESULT: {}
COMMAND: POST /session/9a1232cba82ddf4e476e9164e77f8ae5/elements - {"using":"xpath","value":"//span[text()='Error']"}
RESULT: {"using":"xpath","value":"//span[text()='Error']"}
COMMAND: POST /session/9a1232cba82ddf4e476e9164e77f8ae5/element - {"using":"xpath","value":"//button[@data-kt=\"addNewYardOverflowToolbarButton\"]"}
RESULT: {"using":"xpath","value":"//button[@data-kt=\"addNewYardOverflowToolbarButton\"]"}
COMMAND: POST /session/9a1232cba82ddf4e476e9164e77f8ae5/elements - {"using":"xpath","value":"//button[@data-kt=\"addNewYardOverflowToolbarButton\"]"}
RESULT: {"using":"xpath","value":"//button[@data-kt=\"addNewYardOverflowToolbarButton\"]"}
COMMAND: POST /session/9a1232cba82ddf4e476e9164e77f8ae5/execute/sync - {"script":"<script> [8489 bytes]","args":[{"element-6066-11e4-a52e-4f735466cecf":"f.6A59EF44FD37C6BF5E8460C410EAC6E4.d.A5A3632BB5BEB5926E23420D26C55327.e.6545","ELEMENT":"f.6A59EF44FD37C6BF5E8460C410EAC6E4.d.A5A3632BB5BEB5926E23420D26C55327.e.6545"}]}
RESULT: {"script":"<script> [8489 bytes]","args":[{"element-6066-11e4-a52e-4f735466cecf":"f.6A59EF44FD37C6BF5E8460C410EAC6E4.d.A5A3632BB5BEB5926E23420D26C55327.e.6545","ELEMENT":"f.6A59EF44FD37C6BF5E8460C410EAC6E4.d.A5A3632BB5BEB5926E23420D26C55327.e.6545"}]}
COMMAND: GET /session/9a1232cba82ddf4e476e9164e77f8ae5/element/f.6A59EF44FD37C6BF5E8460C410EAC6E4.d.A5A3632BB5BEB5926E23420D26C55327.e.6545/enabled - {}
COMMAND: GET /session/9a1232cba82ddf4e476e9164e77f8ae5/screenshot - {}
RESULT: {}
COMMAND: POST /session/9a1232cba82ddf4e476e9164e77f8ae5/execute/sync - {"script":"<script> [8489 bytes]","args":[{"element-6066-11e4-a52e-4f735466cecf":"f.6A59EF44FD37C6BF5E8460C410EAC6E4.d.A5A3632BB5BEB5926E23420D26C55327.e.6545","ELEMENT":"f.6A59EF44FD37C6BF5E8460C410EAC6E4.d.A5A3632BB5BEB5926E23420D26C55327.e.6545"}]}
COMMAND: GET /session/9a1232cba82ddf4e476e9164e77f8ae5/screenshot - {}
RESULT: {}
RESULT: {"script":"<script> [8489 bytes]","args":[{"element-6066-11e4-a52e-4f735466cecf":"f.6A59EF44FD37C6BF5E8460C410EAC6E4.d.A5A3632BB5BEB5926E23420D26C55327.e.6545","ELEMENT":"f.6A59EF44FD37C6BF5E8460C410EAC6E4.d.A5A3632BB5BEB5926E23420D26C55327.e.6545"}]}
COMMAND: POST /session/9a1232cba82ddf4e476e9164e77f8ae5/execute/sync - {"script":"<script> [5351 bytes]","args":[{"element-6066-11e4-a52e-4f735466cecf":"f.6A59EF44FD37C6BF5E8460C410EAC6E4.d.A5A3632BB5BEB5926E23420D26C55327.e.6545","ELEMENT":"f.6A59EF44FD37C6BF5E8460C410EAC6E4.d.A5A3632BB5BEB5926E23420D26C55327.e.6545"}]}
COMMAND: GET /session/9a1232cba82ddf4e476e9164e77f8ae5/screenshot - {}
RESULT: {}
RESULT: {"script":"<script> [5351 bytes]","args":[{"element-6066-11e4-a52e-4f735466cecf":"f.6A59EF44FD37C6BF5E8460C410EAC6E4.d.A5A3632BB5BEB5926E23420D26C55327.e.6545","ELEMENT":"f.6A59EF44FD37C6BF5E8460C410EAC6E4.d.A5A3632BB5BEB5926E23420D26C55327.e.6545"}]}
COMMAND: POST /session/9a1232cba82ddf4e476e9164e77f8ae5/element/f.6A59EF44FD37C6BF5E8460C410EAC6E4.d.A5A3632BB5BEB5926E23420D26C55327.e.6545/click - {}
COMMAND: GET /session/9a1232cba82ddf4e476e9164e77f8ae5/screenshot - {}
RESULT: {}
RESULT: {}
COMMAND: GET /session/9a1232cba82ddf4e476e9164e77f8ae5/screenshot - {}
COMMAND: POST /session/9a1232cba82ddf4e476e9164e77f8ae5/element - {"using":"xpath","value":"//input[@id=\"application-manageyards-display-component---NewYard--yardId-inner\"]"}
RESULT: {}
RESULT: {}
RESULT: {"using":"xpath","value":"//input[@id=\"application-manageyards-display-component---NewYard--yardId-inner\"]"}
COMMAND: POST /session/9a1232cba82ddf4e476e9164e77f8ae5/element - {"using":"xpath","value":"//input[@id=\"application-manageyards-display-component---NewYard--yardId-inner\"]"}
RESULT: {"using":"xpath","value":"//input[@id=\"application-manageyards-display-component---NewYard--yardId-inner\"]"}
COMMAND: POST /session/9a1232cba82ddf4e476e9164e77f8ae5/execute/async - {"script":"<script> [1562 bytes]","args":[{"selector":{"id":"application-manageyards-display-component---NewYard--addressDetailDetailsName1","interaction":{"idSuffix":"inner"}},"wdio_ui5_key":"applicationmanageyards-display-component---NewYard--addressDetailDetailsName1"}]}
RESULT: {"script":"<script> [1562 bytes]","args":[{"selector":{"id":"application-manageyards-display-component---NewYard--addressDetailDetailsName1","interaction":{"idSuffix":"inner"}},"wdio_ui5_key":"applicationmanageyards-display-component---NewYard--addressDetailDetailsName1"}]}
RESULT: undefined
COMMAND: POST /session/9a1232cba82ddf4e476e9164e77f8ae5/execute/async - {"script":"<script> [776 bytes]","args":[{"enterText":"Other Yard WDIO","selector":{"id":"application-manageyards-display-component---NewYard--addressDetailDetailsName1","interaction":{"idSuffix":"inner"}},"clearTextFirst":true,"interactionType":"ENTER_TEXT"}]}
RESULT: {"script":"<script> [776 bytes]","args":[{"enterText":"Other Yard WDIO","selector":{"id":"application-manageyards-display-component---NewYard--addressDetailDetailsName1","interaction":{"idSuffix":"inner"}},"clearTextFirst":true,"interactionType":"ENTER_TEXT"}]}
COMMAND: POST /session/9a1232cba82ddf4e476e9164e77f8ae5/execute/async - {"script":"<script> [1562 bytes]","args":[{"selector":{"id":"application-manageyards-display-component---NewYard--addressDetailDetailsLanguage-arrow"},"wdio_ui5_key":"applicationmanageyards-display-component---NewYard--addressDetailDetailsLanguage-arrow"}]}
RESULT: {"script":"<script> [1562 bytes]","args":[{"selector":{"id":"application-manageyards-display-component---NewYard--addressDetailDetailsLanguage-arrow"},"wdio_ui5_key":"applicationmanageyards-display-component---NewYard--addressDetailDetailsLanguage-arrow"}]}
RESULT: undefined
COMMAND: POST /session/9a1232cba82ddf4e476e9164e77f8ae5/element - {"using":"xpath","value":"//*[@id=\"application-manageyards-display-component---NewYard--addressDetailDetailsLanguage-arrow\"]"}
RESULT: {"using":"xpath","value":"//*[@id=\"application-manageyards-display-component---NewYard--addressDetailDetailsLanguage-arrow\"]"}
COMMAND: POST /session/9a1232cba82ddf4e476e9164e77f8ae5/element/f.6A59EF44FD37C6BF5E8460C410EAC6E4.d.A5A3632BB5BEB5926E23420D26C55327.e.6970/click - {}
RESULT: {}
COMMAND: POST /session/9a1232cba82ddf4e476e9164e77f8ae5/element - {"using":"xpath","value":"//span[contains(text(), \"English\")]"}
COMMAND: GET /session/9a1232cba82ddf4e476e9164e77f8ae5/screenshot - {}
RESULT: {"using":"xpath","value":"//span[contains(text(), \"English\")]"}
COMMAND: POST /session/9a1232cba82ddf4e476e9164e77f8ae5/element/f.6A59EF44FD37C6BF5E8460C410EAC6E4.d.A5A3632BB5BEB5926E23420D26C55327.e.6971/click - {}
RESULT: {}
RESULT: {}
COMMAND: POST /session/9a1232cba82ddf4e476e9164e77f8ae5/execute/async - {"script":"<script> [1562 bytes]","args":[{"selector":{"id":"application-manageyards-display-component---NewYard--addressDetailDetailsCity1","interaction":{"idSuffix":"inner"}},"wdio_ui5_key":"applicationmanageyards-display-component---NewYard--addressDetailDetailsCity1"}]}
COMMAND: GET /session/9a1232cba82ddf4e476e9164e77f8ae5/screenshot - {}
RESULT: {"script":"<script> [1562 bytes]","args":[{"selector":{"id":"application-manageyards-display-component---NewYard--addressDetailDetailsCity1","interaction":{"idSuffix":"inner"}},"wdio_ui5_key":"applicationmanageyards-display-component---NewYard--addressDetailDetailsCity1"}]}
RESULT: undefined
COMMAND: POST /session/9a1232cba82ddf4e476e9164e77f8ae5/execute/async - {"script":"<script> [776 bytes]","args":[{"enterText":"Rosario","selector":{"id":"application-manageyards-display-component---NewYard--addressDetailDetailsCity1","interaction":{"idSuffix":"inner"}},"clearTextFirst":true,"interactionType":"ENTER_TEXT"}]}
RESULT: {}
RESULT: {"script":"<script> [776 bytes]","args":[{"enterText":"Rosario","selector":{"id":"application-manageyards-display-component---NewYard--addressDetailDetailsCity1","interaction":{"idSuffix":"inner"}},"clearTextFirst":true,"interactionType":"ENTER_TEXT"}]}
COMMAND: POST /session/9a1232cba82ddf4e476e9164e77f8ae5/execute/async - {"script":"<script> [1562 bytes]","args":[{"selector":{"id":"application-manageyards-display-component---NewYard--addressDetailDetailsCountry-arrow"},"wdio_ui5_key":"applicationmanageyards-display-component---NewYard--addressDetailDetailsCountry-arrow"}]}
RESULT: {"script":"<script> [1562 bytes]","args":[{"selector":{"id":"application-manageyards-display-component---NewYard--addressDetailDetailsCountry-arrow"},"wdio_ui5_key":"applicationmanageyards-display-component---NewYard--addressDetailDetailsCountry-arrow"}]}
RESULT: undefined
COMMAND: POST /session/9a1232cba82ddf4e476e9164e77f8ae5/element - {"using":"xpath","value":"//*[@id=\"application-manageyards-display-component---NewYard--addressDetailDetailsCountry-arrow\"]"}
RESULT: {"using":"xpath","value":"//*[@id=\"application-manageyards-display-component---NewYard--addressDetailDetailsCountry-arrow\"]"}
COMMAND: POST /session/9a1232cba82ddf4e476e9164e77f8ae5/element/f.6A59EF44FD37C6BF5E8460C410EAC6E4.d.A5A3632BB5BEB5926E23420D26C55327.e.6973/click - {}
RESULT: {}
COMMAND: POST /session/9a1232cba82ddf4e476e9164e77f8ae5/element - {"using":"xpath","value":"//span[contains(text(), \"Argentina\")]"}
COMMAND: GET /session/9a1232cba82ddf4e476e9164e77f8ae5/screenshot - {}
RESULT: {"using":"xpath","value":"//span[contains(text(), \"Argentina\")]"}
COMMAND: POST /session/9a1232cba82ddf4e476e9164e77f8ae5/element/f.6A59EF44FD37C6BF5E8460C410EAC6E4.d.A5A3632BB5BEB5926E23420D26C55327.e.6975/click - {}
RESULT: {}
RESULT: {}
COMMAND: POST /session/9a1232cba82ddf4e476e9164e77f8ae5/execute/async - {"script":"<script> [1562 bytes]","args":[{"selector":{"id":"application-manageyards-display-component---NewYard--addressEditDetailsCostObjectCstType-arrow"},"wdio_ui5_key":"applicationmanageyards-display-component---NewYard--addressEditDetailsCostObjectCstType-arrow"}]}
COMMAND: GET /session/9a1232cba82ddf4e476e9164e77f8ae5/screenshot - {}
RESULT: {"script":"<script> [1562 bytes]","args":[{"selector":{"id":"application-manageyards-display-component---NewYard--addressEditDetailsCostObjectCstType-arrow"},"wdio_ui5_key":"applicationmanageyards-display-component---NewYard--addressEditDetailsCostObjectCstType-arrow"}]}
RESULT: undefined
COMMAND: POST /session/9a1232cba82ddf4e476e9164e77f8ae5/element - {"using":"xpath","value":"//*[@id=\"application-manageyards-display-component---NewYard--addressEditDetailsCostObjectCstType-arrow\"]"}
RESULT: {}
RESULT: {"using":"xpath","value":"//*[@id=\"application-manageyards-display-component---NewYard--addressEditDetailsCostObjectCstType-arrow\"]"}
COMMAND: POST /session/9a1232cba82ddf4e476e9164e77f8ae5/element/f.6A59EF44FD37C6BF5E8460C410EAC6E4.d.A5A3632BB5BEB5926E23420D26C55327.e.6976/click - {}
RESULT: {}
COMMAND: POST /session/9a1232cba82ddf4e476e9164e77f8ae5/element - {"using":"xpath","value":"//span[contains(text(), \"Cost Center\")]"}
COMMAND: GET /session/9a1232cba82ddf4e476e9164e77f8ae5/screenshot - {}
RESULT: {"using":"xpath","value":"//span[contains(text(), \"Cost Center\")]"}
COMMAND: POST /session/9a1232cba82ddf4e476e9164e77f8ae5/element/f.6A59EF44FD37C6BF5E8460C410EAC6E4.d.A5A3632BB5BEB5926E23420D26C55327.e.6977/click - {}
RESULT: {}
RESULT: {}
COMMAND: GET /session/9a1232cba82ddf4e476e9164e77f8ae5/screenshot - {}
RESULT: {}
COMMAND: POST /session/9a1232cba82ddf4e476e9164e77f8ae5/element - {"using":"xpath","value":"//span[@id=\"application-manageyards-display-component---NewYard--addressNewCostObjectCstID-vhi\"]"}
RESULT: {"using":"xpath","value":"//span[@id=\"application-manageyards-display-component---NewYard--addressNewCostObjectCstID-vhi\"]"}
COMMAND: POST /session/9a1232cba82ddf4e476e9164e77f8ae5/execute/sync - {"script":"<script> [8489 bytes]","args":[{"element-6066-11e4-a52e-4f735466cecf":"f.6A59EF44FD37C6BF5E8460C410EAC6E4.d.A5A3632BB5BEB5926E23420D26C55327.e.6981","ELEMENT":"f.6A59EF44FD37C6BF5E8460C410EAC6E4.d.A5A3632BB5BEB5926E23420D26C55327.e.6981"}]}
RESULT: {"script":"<script> [8489 bytes]","args":[{"element-6066-11e4-a52e-4f735466cecf":"f.6A59EF44FD37C6BF5E8460C410EAC6E4.d.A5A3632BB5BEB5926E23420D26C55327.e.6981","ELEMENT":"f.6A59EF44FD37C6BF5E8460C410EAC6E4.d.A5A3632BB5BEB5926E23420D26C55327.e.6981"}]}
COMMAND: POST /session/9a1232cba82ddf4e476e9164e77f8ae5/execute/async - {"script":"<script> [1562 bytes]","args":[{"selector":{"id":"application-manageyards-display-component---NewYard--addressNewCostObjectCstID-vhi"},"wdio_ui5_key":"applicationmanageyards-display-component---NewYard--addressNewCostObjectCstID-vhi"}]}
COMMAND: GET /session/9a1232cba82ddf4e476e9164e77f8ae5/screenshot - {}
RESULT: {"script":"<script> [1562 bytes]","args":[{"selector":{"id":"application-manageyards-display-component---NewYard--addressNewCostObjectCstID-vhi"},"wdio_ui5_key":"applicationmanageyards-display-component---NewYard--addressNewCostObjectCstID-vhi"}]}
RESULT: undefined
COMMAND: POST /session/9a1232cba82ddf4e476e9164e77f8ae5/element - {"using":"xpath","value":"//*[@id=\"application-manageyards-display-component---NewYard--addressNewCostObjectCstID-vhi\"]"}
RESULT: {}
RESULT: {"using":"xpath","value":"//*[@id=\"application-manageyards-display-component---NewYard--addressNewCostObjectCstID-vhi\"]"}
COMMAND: POST /session/9a1232cba82ddf4e476e9164e77f8ae5/element/f.6A59EF44FD37C6BF5E8460C410EAC6E4.d.A5A3632BB5BEB5926E23420D26C55327.e.6981/click - {}
RESULT: {}
COMMAND: GET /session/9a1232cba82ddf4e476e9164e77f8ae5/screenshot - {}
RESULT: {}
COMMAND: POST /session/9a1232cba82ddf4e476e9164e77f8ae5/execute/async - {"script":"<script> [1562 bytes]","args":[{"selector":{"controlType":"sap.m.SearchField","properties":{"placeholder":"Search"},"searchOpenDialogs":true,"interaction":{"idSuffix":"I"}},"wdio_ui5_key":"sapm.SearchField{\"placeholder\":\"Search\"}"}]}
RESULT: {"script":"<script> [1562 bytes]","args":[{"selector":{"controlType":"sap.m.SearchField","properties":{"placeholder":"Search"},"searchOpenDialogs":true,"interaction":{"idSuffix":"I"}},"wdio_ui5_key":"sapm.SearchField{\"placeholder\":\"Search\"}"}]}
RESULT: undefined
COMMAND: POST /session/9a1232cba82ddf4e476e9164e77f8ae5/execute/async - {"script":"<script> [776 bytes]","args":[{"enterText":"bauh_b","selector":{"controlType":"sap.m.SearchField","properties":{"placeholder":"Search"},"searchOpenDialogs":true,"interaction":{"idSuffix":"I"}},"clearTextFirst":true,"interactionType":"ENTER_TEXT"}]}
RESULT: {"script":"<script> [776 bytes]","args":[{"enterText":"bauh_b","selector":{"controlType":"sap.m.SearchField","properties":{"placeholder":"Search"},"searchOpenDialogs":true,"interaction":{"idSuffix":"I"}},"clearTextFirst":true,"interactionType":"ENTER_TEXT"}]}
COMMAND: POST /session/9a1232cba82ddf4e476e9164e77f8ae5/actions - {"actions":[{"id":"action25","type":"key","parameters":{},"actions":[{"type":"keyDown","value":"î€‡"},{"type":"pause","duration":10},{"type":"keyUp","value":"î€‡"}]}]}
RESULT: {"actions":[{"id":"action25","type":"key","parameters":{},"actions":[{"type":"keyDown","value":"î€‡"},{"type":"pause","duration":10},{"type":"keyUp","value":"î€‡"}]}]}
COMMAND: GET /session/9a1232cba82ddf4e476e9164e77f8ae5/screenshot - {}
RESULT: {}
COMMAND: POST /session/9a1232cba82ddf4e476e9164e77f8ae5/element - {"using":"xpath","value":"//span[contains(text(), \"Demo Yard\")]"}
RESULT: {"using":"xpath","value":"//span[contains(text(), \"Demo Yard\")]"}
COMMAND: POST /session/9a1232cba82ddf4e476e9164e77f8ae5/element/f.6A59EF44FD37C6BF5E8460C410EAC6E4.d.A5A3632BB5BEB5926E23420D26C55327.e.7021/click - {}
RESULT: {}
COMMAND: GET /session/9a1232cba82ddf4e476e9164e77f8ae5/screenshot - {}
RESULT: {}
COMMAND: POST /session/9a1232cba82ddf4e476e9164e77f8ae5/element - {"using":"xpath","value":"//bdi[contains(text(), \"OK\")]"}
RESULT: {"using":"xpath","value":"//bdi[contains(text(), \"OK\")]"}
COMMAND: POST /session/9a1232cba82ddf4e476e9164e77f8ae5/element/f.6A59EF44FD37C6BF5E8460C410EAC6E4.d.A5A3632BB5BEB5926E23420D26C55327.e.7022/click - {}
RESULT: {}
COMMAND: GET /session/9a1232cba82ddf4e476e9164e77f8ae5/screenshot - {}
RESULT: {}
COMMAND: POST /session/9a1232cba82ddf4e476e9164e77f8ae5/execute/async - {"script":"<script> [1562 bytes]","args":[{"selector":{"id":"application-manageyards-display-component---NewYard--addressEditDetailsCurrency-arrow"},"wdio_ui5_key":"applicationmanageyards-display-component---NewYard--addressEditDetailsCurrency-arrow"}]}
RESULT: {"script":"<script> [1562 bytes]","args":[{"selector":{"id":"application-manageyards-display-component---NewYard--addressEditDetailsCurrency-arrow"},"wdio_ui5_key":"applicationmanageyards-display-component---NewYard--addressEditDetailsCurrency-arrow"}]}
RESULT: undefined
COMMAND: POST /session/9a1232cba82ddf4e476e9164e77f8ae5/element - {"using":"xpath","value":"//*[@id=\"application-manageyards-display-component---NewYard--addressEditDetailsCurrency-arrow\"]"}
RESULT: {"using":"xpath","value":"//*[@id=\"application-manageyards-display-component---NewYard--addressEditDetailsCurrency-arrow\"]"}
COMMAND: POST /session/9a1232cba82ddf4e476e9164e77f8ae5/element/f.6A59EF44FD37C6BF5E8460C410EAC6E4.d.A5A3632BB5BEB5926E23420D26C55327.e.7025/click - {}
RESULT: {}
COMMAND: POST /session/9a1232cba82ddf4e476e9164e77f8ae5/element - {"using":"xpath","value":"//span[contains(text(), \"Euro\")]"}
COMMAND: GET /session/9a1232cba82ddf4e476e9164e77f8ae5/screenshot - {}
RESULT: {"using":"xpath","value":"//span[contains(text(), \"Euro\")]"}
COMMAND: POST /session/9a1232cba82ddf4e476e9164e77f8ae5/element/f.6A59EF44FD37C6BF5E8460C410EAC6E4.d.A5A3632BB5BEB5926E23420D26C55327.e.7026/click - {}
RESULT: {}
RESULT: {}
COMMAND: POST /session/9a1232cba82ddf4e476e9164e77f8ae5/execute/async - {"script":"<script> [1562 bytes]","args":[{"selector":{"controlType":"sap.m.Input","viewName":"etm.portal.ui.manageyards.view.New","viewId":"application-manageyards-display-component---NewYard","bindingPath":{"path":"","propertyPath":"/CONTROLLING_AREA","modelName":"NewYardModel"},"interaction":{"idSuffix":"inner"}},"wdio_ui5_key":"etmportal.ui.manageyards.view.Newsap.m.Input{\"path\":\"\",\"propertyPath\":\"/CONTROLLING_AREA\",\"modelName\":\"NewYardModel\"}"}]}
COMMAND: GET /session/9a1232cba82ddf4e476e9164e77f8ae5/screenshot - {}
RESULT: {"script":"<script> [1562 bytes]","args":[{"selector":{"controlType":"sap.m.Input","viewName":"etm.portal.ui.manageyards.view.New","viewId":"application-manageyards-display-component---NewYard","bindingPath":{"path":"","propertyPath":"/CONTROLLING_AREA","modelName":"NewYardModel"},"interaction":{"idSuffix":"inner"}},"wdio_ui5_key":"etmportal.ui.manageyards.view.Newsap.m.Input{\"path\":\"\",\"propertyPath\":\"/CONTROLLING_AREA\",\"modelName\":\"NewYardModel\"}"}]}
RESULT: undefined
COMMAND: POST /session/9a1232cba82ddf4e476e9164e77f8ae5/execute/async - {"script":"<script> [776 bytes]","args":[{"enterText":"Z001","selector":{"controlType":"sap.m.Input","viewName":"etm.portal.ui.manageyards.view.New","viewId":"application-manageyards-display-component---NewYard","bindingPath":{"path":"","propertyPath":"/CONTROLLING_AREA","modelName":"NewYardModel"},"interaction":{"idSuffix":"inner"}},"clearTextFirst":true,"interactionType":"ENTER_TEXT"}]}
RESULT: {}
RESULT: {"script":"<script> [776 bytes]","args":[{"enterText":"Z001","selector":{"controlType":"sap.m.Input","viewName":"etm.portal.ui.manageyards.view.New","viewId":"application-manageyards-display-component---NewYard","bindingPath":{"path":"","propertyPath":"/CONTROLLING_AREA","modelName":"NewYardModel"},"interaction":{"idSuffix":"inner"}},"clearTextFirst":true,"interactionType":"ENTER_TEXT"}]}
COMMAND: POST /session/9a1232cba82ddf4e476e9164e77f8ae5/execute/async - {"script":"<script> [1562 bytes]","args":[{"selector":{"id":"application-manageyards-display-component---NewYard--companyCodeComboBox","interaction":{"idSuffix":"inner"}},"wdio_ui5_key":"applicationmanageyards-display-component---NewYard--companyCodeComboBox"}]}
RESULT: {"script":"<script> [1562 bytes]","args":[{"selector":{"id":"application-manageyards-display-component---NewYard--companyCodeComboBox","interaction":{"idSuffix":"inner"}},"wdio_ui5_key":"applicationmanageyards-display-component---NewYard--companyCodeComboBox"}]}
RESULT: undefined
COMMAND: POST /session/9a1232cba82ddf4e476e9164e77f8ae5/execute/async - {"script":"<script> [776 bytes]","args":[{"enterText":"1000","selector":{"id":"application-manageyards-display-component---NewYard--companyCodeComboBox","interaction":{"idSuffix":"inner"}},"clearTextFirst":true,"interactionType":"ENTER_TEXT"}]}
RESULT: {"script":"<script> [776 bytes]","args":[{"enterText":"1000","selector":{"id":"application-manageyards-display-component---NewYard--companyCodeComboBox","interaction":{"idSuffix":"inner"}},"clearTextFirst":true,"interactionType":"ENTER_TEXT"}]}
COMMAND: POST /session/9a1232cba82ddf4e476e9164e77f8ae5/execute/async - {"script":"<script> [1562 bytes]","args":[{"selector":{"controlType":"sap.m.Input","viewName":"etm.portal.ui.manageyards.view.New","viewId":"application-manageyards-display-component---NewYard","bindingPath":{"path":"","propertyPath":"/PLANT","modelName":"NewYardModel"},"interaction":{"idSuffix":"inner"}},"wdio_ui5_key":"etmportal.ui.manageyards.view.Newsap.m.Input{\"path\":\"\",\"propertyPath\":\"/PLANT\",\"modelName\":\"NewYardModel\"}"}]}
RESULT: {"script":"<script> [1562 bytes]","args":[{"selector":{"controlType":"sap.m.Input","viewName":"etm.portal.ui.manageyards.view.New","viewId":"application-manageyards-display-component---NewYard","bindingPath":{"path":"","propertyPath":"/PLANT","modelName":"NewYardModel"},"interaction":{"idSuffix":"inner"}},"wdio_ui5_key":"etmportal.ui.manageyards.view.Newsap.m.Input{\"path\":\"\",\"propertyPath\":\"/PLANT\",\"modelName\":\"NewYardModel\"}"}]}
RESULT: undefined
COMMAND: POST /session/9a1232cba82ddf4e476e9164e77f8ae5/execute/async - {"script":"<script> [776 bytes]","args":[{"enterText":"1001","selector":{"controlType":"sap.m.Input","viewName":"etm.portal.ui.manageyards.view.New","viewId":"application-manageyards-display-component---NewYard","bindingPath":{"path":"","propertyPath":"/PLANT","modelName":"NewYardModel"},"interaction":{"idSuffix":"inner"}},"clearTextFirst":true,"interactionType":"ENTER_TEXT"}]}
RESULT: {"script":"<script> [776 bytes]","args":[{"enterText":"1001","selector":{"controlType":"sap.m.Input","viewName":"etm.portal.ui.manageyards.view.New","viewId":"application-manageyards-display-component---NewYard","bindingPath":{"path":"","propertyPath":"/PLANT","modelName":"NewYardModel"},"interaction":{"idSuffix":"inner"}},"clearTextFirst":true,"interactionType":"ENTER_TEXT"}]}
COMMAND: POST /session/9a1232cba82ddf4e476e9164e77f8ae5/execute/async - {"script":"<script> [1562 bytes]","args":[{"selector":{"controlType":"sap.m.Input","viewName":"etm.portal.ui.manageyards.view.New","viewId":"application-manageyards-display-component---NewYard","bindingPath":{"path":"","propertyPath":"/SALES_AREA_VKORG","modelName":"NewYardModel"},"interaction":{"idSuffix":"inner"}},"wdio_ui5_key":"etmportal.ui.manageyards.view.Newsap.m.Input{\"path\":\"\",\"propertyPath\":\"/SALES_AREA_VKORG\",\"modelName\":\"NewYardModel\"}"}]}
RESULT: {"script":"<script> [1562 bytes]","args":[{"selector":{"controlType":"sap.m.Input","viewName":"etm.portal.ui.manageyards.view.New","viewId":"application-manageyards-display-component---NewYard","bindingPath":{"path":"","propertyPath":"/SALES_AREA_VKORG","modelName":"NewYardModel"},"interaction":{"idSuffix":"inner"}},"wdio_ui5_key":"etmportal.ui.manageyards.view.Newsap.m.Input{\"path\":\"\",\"propertyPath\":\"/SALES_AREA_VKORG\",\"modelName\":\"NewYardModel\"}"}]}
RESULT: undefined
COMMAND: POST /session/9a1232cba82ddf4e476e9164e77f8ae5/execute/async - {"script":"<script> [776 bytes]","args":[{"enterText":"C002","selector":{"controlType":"sap.m.Input","viewName":"etm.portal.ui.manageyards.view.New","viewId":"application-manageyards-display-component---NewYard","bindingPath":{"path":"","propertyPath":"/SALES_AREA_VKORG","modelName":"NewYardModel"},"interaction":{"idSuffix":"inner"}},"clearTextFirst":true,"interactionType":"ENTER_TEXT"}]}
RESULT: {"script":"<script> [776 bytes]","args":[{"enterText":"C002","selector":{"controlType":"sap.m.Input","viewName":"etm.portal.ui.manageyards.view.New","viewId":"application-manageyards-display-component---NewYard","bindingPath":{"path":"","propertyPath":"/SALES_AREA_VKORG","modelName":"NewYardModel"},"interaction":{"idSuffix":"inner"}},"clearTextFirst":true,"interactionType":"ENTER_TEXT"}]}
COMMAND: POST /session/9a1232cba82ddf4e476e9164e77f8ae5/execute/async - {"script":"<script> [1562 bytes]","args":[{"selector":{"controlType":"sap.m.Input","viewName":"etm.portal.ui.manageyards.view.New","viewId":"application-manageyards-display-component---NewYard","bindingPath":{"path":"","propertyPath":"/SALES_AREA_VTWEG","modelName":"NewYardModel"},"interaction":{"idSuffix":"inner"}},"wdio_ui5_key":"etmportal.ui.manageyards.view.Newsap.m.Input{\"path\":\"\",\"propertyPath\":\"/SALES_AREA_VTWEG\",\"modelName\":\"NewYardModel\"}"}]}
RESULT: {"script":"<script> [1562 bytes]","args":[{"selector":{"controlType":"sap.m.Input","viewName":"etm.portal.ui.manageyards.view.New","viewId":"application-manageyards-display-component---NewYard","bindingPath":{"path":"","propertyPath":"/SALES_AREA_VTWEG","modelName":"NewYardModel"},"interaction":{"idSuffix":"inner"}},"wdio_ui5_key":"etmportal.ui.manageyards.view.Newsap.m.Input{\"path\":\"\",\"propertyPath\":\"/SALES_AREA_VTWEG\",\"modelName\":\"NewYardModel\"}"}]}
RESULT: undefined
COMMAND: POST /session/9a1232cba82ddf4e476e9164e77f8ae5/execute/async - {"script":"<script> [776 bytes]","args":[{"enterText":"C2","selector":{"controlType":"sap.m.Input","viewName":"etm.portal.ui.manageyards.view.New","viewId":"application-manageyards-display-component---NewYard","bindingPath":{"path":"","propertyPath":"/SALES_AREA_VTWEG","modelName":"NewYardModel"},"interaction":{"idSuffix":"inner"}},"clearTextFirst":true,"interactionType":"ENTER_TEXT"}]}
RESULT: {"script":"<script> [776 bytes]","args":[{"enterText":"C2","selector":{"controlType":"sap.m.Input","viewName":"etm.portal.ui.manageyards.view.New","viewId":"application-manageyards-display-component---NewYard","bindingPath":{"path":"","propertyPath":"/SALES_AREA_VTWEG","modelName":"NewYardModel"},"interaction":{"idSuffix":"inner"}},"clearTextFirst":true,"interactionType":"ENTER_TEXT"}]}
COMMAND: POST /session/9a1232cba82ddf4e476e9164e77f8ae5/execute/async - {"script":"<script> [1562 bytes]","args":[{"selector":{"controlType":"sap.m.Input","viewName":"etm.portal.ui.manageyards.view.New","viewId":"application-manageyards-display-component---NewYard","bindingPath":{"path":"","propertyPath":"/SALES_AREA_SPART","modelName":"NewYardModel"},"interaction":{"idSuffix":"inner"}},"wdio_ui5_key":"etmportal.ui.manageyards.view.Newsap.m.Input{\"path\":\"\",\"propertyPath\":\"/SALES_AREA_SPART\",\"modelName\":\"NewYardModel\"}"}]}
RESULT: {"script":"<script> [1562 bytes]","args":[{"selector":{"controlType":"sap.m.Input","viewName":"etm.portal.ui.manageyards.view.New","viewId":"application-manageyards-display-component---NewYard","bindingPath":{"path":"","propertyPath":"/SALES_AREA_SPART","modelName":"NewYardModel"},"interaction":{"idSuffix":"inner"}},"wdio_ui5_key":"etmportal.ui.manageyards.view.Newsap.m.Input{\"path\":\"\",\"propertyPath\":\"/SALES_AREA_SPART\",\"modelName\":\"NewYardModel\"}"}]}
RESULT: undefined
COMMAND: POST /session/9a1232cba82ddf4e476e9164e77f8ae5/execute/async - {"script":"<script> [776 bytes]","args":[{"enterText":"C2","selector":{"controlType":"sap.m.Input","viewName":"etm.portal.ui.manageyards.view.New","viewId":"application-manageyards-display-component---NewYard","bindingPath":{"path":"","propertyPath":"/SALES_AREA_SPART","modelName":"NewYardModel"},"interaction":{"idSuffix":"inner"}},"clearTextFirst":true,"interactionType":"ENTER_TEXT"}]}
RESULT: {"script":"<script> [776 bytes]","args":[{"enterText":"C2","selector":{"controlType":"sap.m.Input","viewName":"etm.portal.ui.manageyards.view.New","viewId":"application-manageyards-display-component---NewYard","bindingPath":{"path":"","propertyPath":"/SALES_AREA_SPART","modelName":"NewYardModel"},"interaction":{"idSuffix":"inner"}},"clearTextFirst":true,"interactionType":"ENTER_TEXT"}]}
COMMAND: POST /session/9a1232cba82ddf4e476e9164e77f8ae5/execute/async - {"script":"<script> [1562 bytes]","args":[{"selector":{"controlType":"sap.m.Input","viewName":"etm.portal.ui.manageyards.view.New","viewId":"application-manageyards-display-component---NewYard","bindingPath":{"path":"","propertyPath":"/SHIP_POINT","modelName":"NewYardModel"},"interaction":{"idSuffix":"inner"}},"wdio_ui5_key":"etmportal.ui.manageyards.view.Newsap.m.Input{\"path\":\"\",\"propertyPath\":\"/SHIP_POINT\",\"modelName\":\"NewYardModel\"}"}]}
RESULT: {"script":"<script> [1562 bytes]","args":[{"selector":{"controlType":"sap.m.Input","viewName":"etm.portal.ui.manageyards.view.New","viewId":"application-manageyards-display-component---NewYard","bindingPath":{"path":"","propertyPath":"/SHIP_POINT","modelName":"NewYardModel"},"interaction":{"idSuffix":"inner"}},"wdio_ui5_key":"etmportal.ui.manageyards.view.Newsap.m.Input{\"path\":\"\",\"propertyPath\":\"/SHIP_POINT\",\"modelName\":\"NewYardModel\"}"}]}
RESULT: undefined
COMMAND: POST /session/9a1232cba82ddf4e476e9164e77f8ae5/execute/async - {"script":"<script> [776 bytes]","args":[{"enterText":"1710","selector":{"controlType":"sap.m.Input","viewName":"etm.portal.ui.manageyards.view.New","viewId":"application-manageyards-display-component---NewYard","bindingPath":{"path":"","propertyPath":"/SHIP_POINT","modelName":"NewYardModel"},"interaction":{"idSuffix":"inner"}},"clearTextFirst":true,"interactionType":"ENTER_TEXT"}]}
RESULT: {"script":"<script> [776 bytes]","args":[{"enterText":"1710","selector":{"controlType":"sap.m.Input","viewName":"etm.portal.ui.manageyards.view.New","viewId":"application-manageyards-display-component---NewYard","bindingPath":{"path":"","propertyPath":"/SHIP_POINT","modelName":"NewYardModel"},"interaction":{"idSuffix":"inner"}},"clearTextFirst":true,"interactionType":"ENTER_TEXT"}]}
COMMAND: POST /session/9a1232cba82ddf4e476e9164e77f8ae5/execute/async - {"script":"<script> [1562 bytes]","args":[{"selector":{"controlType":"sap.m.Input","viewName":"etm.portal.ui.manageyards.view.New","viewId":"application-manageyards-display-component---NewYard","bindingPath":{"path":"","propertyPath":"/DELIVERY_TYPE","modelName":"NewYardModel"},"interaction":{"idSuffix":"inner"}},"wdio_ui5_key":"etmportal.ui.manageyards.view.Newsap.m.Input{\"path\":\"\",\"propertyPath\":\"/DELIVERY_TYPE\",\"modelName\":\"NewYardModel\"}"}]}
RESULT: {"script":"<script> [1562 bytes]","args":[{"selector":{"controlType":"sap.m.Input","viewName":"etm.portal.ui.manageyards.view.New","viewId":"application-manageyards-display-component---NewYard","bindingPath":{"path":"","propertyPath":"/DELIVERY_TYPE","modelName":"NewYardModel"},"interaction":{"idSuffix":"inner"}},"wdio_ui5_key":"etmportal.ui.manageyards.view.Newsap.m.Input{\"path\":\"\",\"propertyPath\":\"/DELIVERY_TYPE\",\"modelName\":\"NewYardModel\"}"}]}
RESULT: undefined
COMMAND: POST /session/9a1232cba82ddf4e476e9164e77f8ae5/execute/async - {"script":"<script> [776 bytes]","args":[{"enterText":"ZL01","selector":{"controlType":"sap.m.Input","viewName":"etm.portal.ui.manageyards.view.New","viewId":"application-manageyards-display-component---NewYard","bindingPath":{"path":"","propertyPath":"/DELIVERY_TYPE","modelName":"NewYardModel"},"interaction":{"idSuffix":"inner"}},"clearTextFirst":true,"interactionType":"ENTER_TEXT"}]}
RESULT: {"script":"<script> [776 bytes]","args":[{"enterText":"ZL01","selector":{"controlType":"sap.m.Input","viewName":"etm.portal.ui.manageyards.view.New","viewId":"application-manageyards-display-component---NewYard","bindingPath":{"path":"","propertyPath":"/DELIVERY_TYPE","modelName":"NewYardModel"},"interaction":{"idSuffix":"inner"}},"clearTextFirst":true,"interactionType":"ENTER_TEXT"}]}
COMMAND: POST /session/9a1232cba82ddf4e476e9164e77f8ae5/execute/async - {"script":"<script> [1562 bytes]","args":[{"selector":{"controlType":"sap.m.Input","viewName":"etm.portal.ui.manageyards.view.New","viewId":"application-manageyards-display-component---NewYard","bindingPath":{"path":"","propertyPath":"/AUART","modelName":"NewYardModel"},"interaction":{"idSuffix":"inner"}},"wdio_ui5_key":"etmportal.ui.manageyards.view.Newsap.m.Input{\"path\":\"\",\"propertyPath\":\"/AUART\",\"modelName\":\"NewYardModel\"}"}]}
RESULT: {"script":"<script> [1562 bytes]","args":[{"selector":{"controlType":"sap.m.Input","viewName":"etm.portal.ui.manageyards.view.New","viewId":"application-manageyards-display-component---NewYard","bindingPath":{"path":"","propertyPath":"/AUART","modelName":"NewYardModel"},"interaction":{"idSuffix":"inner"}},"wdio_ui5_key":"etmportal.ui.manageyards.view.Newsap.m.Input{\"path\":\"\",\"propertyPath\":\"/AUART\",\"modelName\":\"NewYardModel\"}"}]}
RESULT: undefined
COMMAND: POST /session/9a1232cba82ddf4e476e9164e77f8ae5/execute/async - {"script":"<script> [776 bytes]","args":[{"enterText":"TA","selector":{"controlType":"sap.m.Input","viewName":"etm.portal.ui.manageyards.view.New","viewId":"application-manageyards-display-component---NewYard","bindingPath":{"path":"","propertyPath":"/AUART","modelName":"NewYardModel"},"interaction":{"idSuffix":"inner"}},"clearTextFirst":true,"interactionType":"ENTER_TEXT"}]}
RESULT: {"script":"<script> [776 bytes]","args":[{"enterText":"TA","selector":{"controlType":"sap.m.Input","viewName":"etm.portal.ui.manageyards.view.New","viewId":"application-manageyards-display-component---NewYard","bindingPath":{"path":"","propertyPath":"/AUART","modelName":"NewYardModel"},"interaction":{"idSuffix":"inner"}},"clearTextFirst":true,"interactionType":"ENTER_TEXT"}]}
COMMAND: POST /session/9a1232cba82ddf4e476e9164e77f8ae5/element - {"using":"xpath","value":"//button[@data-kt=\"newYardSaveButton\"]"}
RESULT: {"using":"xpath","value":"//button[@data-kt=\"newYardSaveButton\"]"}
COMMAND: POST /session/9a1232cba82ddf4e476e9164e77f8ae5/element/f.6A59EF44FD37C6BF5E8460C410EAC6E4.d.A5A3632BB5BEB5926E23420D26C55327.e.6951/click - {}
RESULT: {}
COMMAND: GET /session/9a1232cba82ddf4e476e9164e77f8ae5/screenshot - {}
RESULT: {}
COMMAND: POST /session/9a1232cba82ddf4e476e9164e77f8ae5/element - {"using":"xpath","value":"//header[contains(@id, 'ObjectPageLayout-headerTitle')]/div[1]/div[2]/div[1]/span[1]"}
RESULT: {"using":"xpath","value":"//header[contains(@id, 'ObjectPageLayout-headerTitle')]/div[1]/div[2]/div[1]/span[1]"}
COMMAND: POST /session/9a1232cba82ddf4e476e9164e77f8ae5/elements - {"using":"xpath","value":"//header[contains(@id, 'ObjectPageLayout-headerTitle')]/div[1]/div[2]/div[1]/span[1]"}
RESULT: {"using":"xpath","value":"//header[contains(@id, 'ObjectPageLayout-headerTitle')]/div[1]/div[2]/div[1]/span[1]"}
COMMAND: POST /session/9a1232cba82ddf4e476e9164e77f8ae5/execute/sync - {"script":"<script> [56 bytes]","args":[{"element-6066-11e4-a52e-4f735466cecf":"f.6A59EF44FD37C6BF5E8460C410EAC6E4.d.A5A3632BB5BEB5926E23420D26C55327.e.7243","ELEMENT":"f.6A59EF44FD37C6BF5E8460C410EAC6E4.d.A5A3632BB5BEB5926E23420D26C55327.e.7243"}]}
RESULT: {"script":"<script> [56 bytes]","args":[{"element-6066-11e4-a52e-4f735466cecf":"f.6A59EF44FD37C6BF5E8460C410EAC6E4.d.A5A3632BB5BEB5926E23420D26C55327.e.7243","ELEMENT":"f.6A59EF44FD37C6BF5E8460C410EAC6E4.d.A5A3632BB5BEB5926E23420D26C55327.e.7243"}]}
COMMAND: GET /session/9a1232cba82ddf4e476e9164e77f8ae5/screenshot - {}
RESULT: {}
COMMAND: POST /session/9a1232cba82ddf4e476e9164e77f8ae5/element - {"using":"css selector","value":"#shell-header-logo"}
RESULT: {"using":"css selector","value":"#shell-header-logo"}
COMMAND: POST /session/9a1232cba82ddf4e476e9164e77f8ae5/element/f.6A59EF44FD37C6BF5E8460C410EAC6E4.d.A5A3632BB5BEB5926E23420D26C55327.e.6389/click - {}
RESULT: {}
COMMAND: GET /session/9a1232cba82ddf4e476e9164e77f8ae5/screenshot - {}
RESULT: {}
COMMAND: POST /session/9a1232cba82ddf4e476e9164e77f8ae5/execute/sync - {"script":"<script> [299 bytes]","args":[["getModel","getResource"]]}
RESULT: {"script":"<script> [299 bytes]","args":[["getModel","getResource"]]}
]]></system-out>
    </testcase>
    <testcase classname="chrome.137_0_7151_56.windows.Provide_to_Site_w/o_warehouse_management_w/_clarification_US116605" name="Should create a new external partner" time="102.886">
      <system-out><![CDATA[
COMMAND: POST /session/9a1232cba82ddf4e476e9164e77f8ae5/window/fullscreen - {}
COMMAND: GET /session/9a1232cba82ddf4e476e9164e77f8ae5/screenshot - {}
RESULT: {}
COMMAND: POST /session/9a1232cba82ddf4e476e9164e77f8ae5/execute/async - {"script":"<script> [1562 bytes]","args":[{"selector":{"controlType":"sap.m.GenericTile","properties":{"header":"Manage Partners"}},"wdio_ui5_key":"sapm.GenericTile{\"header\":\"Manage Partners\"}"}]}
RESULT: {}
RESULT: {"script":"<script> [1562 bytes]","args":[{"selector":{"controlType":"sap.m.GenericTile","properties":{"header":"Manage Partners"}},"wdio_ui5_key":"sapm.GenericTile{\"header\":\"Manage Partners\"}"}]}
RESULT: undefined
COMMAND: POST /session/9a1232cba82ddf4e476e9164e77f8ae5/element - {"using":"xpath","value":"//*[@id=\"__tile30\"]"}
RESULT: {"using":"xpath","value":"//*[@id=\"__tile30\"]"}
COMMAND: POST /session/9a1232cba82ddf4e476e9164e77f8ae5/element/f.6A59EF44FD37C6BF5E8460C410EAC6E4.d.A5A3632BB5BEB5926E23420D26C55327.e.6402/click - {}
RESULT: {}
COMMAND: GET /session/9a1232cba82ddf4e476e9164e77f8ae5/screenshot - {}
RESULT: {}
COMMAND: POST /session/9a1232cba82ddf4e476e9164e77f8ae5/elements - {"using":"xpath","value":"//span[text()='Error']"}
RESULT: {"using":"xpath","value":"//span[text()='Error']"}
COMMAND: POST /session/9a1232cba82ddf4e476e9164e77f8ae5/element - {"using":"xpath","value":"//button[@data-kt=\"addButton\"]"}
RESULT: {"using":"xpath","value":"//button[@data-kt=\"addButton\"]"}
COMMAND: POST /session/9a1232cba82ddf4e476e9164e77f8ae5/elements - {"using":"xpath","value":"//button[@data-kt=\"addButton\"]"}
RESULT: {"using":"xpath","value":"//button[@data-kt=\"addButton\"]"}
COMMAND: POST /session/9a1232cba82ddf4e476e9164e77f8ae5/execute/sync - {"script":"<script> [8489 bytes]","args":[{"element-6066-11e4-a52e-4f735466cecf":"f.6A59EF44FD37C6BF5E8460C410EAC6E4.d.A5A3632BB5BEB5926E23420D26C55327.e.7294","ELEMENT":"f.6A59EF44FD37C6BF5E8460C410EAC6E4.d.A5A3632BB5BEB5926E23420D26C55327.e.7294"}]}
RESULT: {"script":"<script> [8489 bytes]","args":[{"element-6066-11e4-a52e-4f735466cecf":"f.6A59EF44FD37C6BF5E8460C410EAC6E4.d.A5A3632BB5BEB5926E23420D26C55327.e.7294","ELEMENT":"f.6A59EF44FD37C6BF5E8460C410EAC6E4.d.A5A3632BB5BEB5926E23420D26C55327.e.7294"}]}
COMMAND: GET /session/9a1232cba82ddf4e476e9164e77f8ae5/element/f.6A59EF44FD37C6BF5E8460C410EAC6E4.d.A5A3632BB5BEB5926E23420D26C55327.e.7294/enabled - {}
COMMAND: GET /session/9a1232cba82ddf4e476e9164e77f8ae5/screenshot - {}
RESULT: {}
COMMAND: POST /session/9a1232cba82ddf4e476e9164e77f8ae5/execute/sync - {"script":"<script> [8489 bytes]","args":[{"element-6066-11e4-a52e-4f735466cecf":"f.6A59EF44FD37C6BF5E8460C410EAC6E4.d.A5A3632BB5BEB5926E23420D26C55327.e.7294","ELEMENT":"f.6A59EF44FD37C6BF5E8460C410EAC6E4.d.A5A3632BB5BEB5926E23420D26C55327.e.7294"}]}
COMMAND: GET /session/9a1232cba82ddf4e476e9164e77f8ae5/screenshot - {}
RESULT: {}
RESULT: {"script":"<script> [8489 bytes]","args":[{"element-6066-11e4-a52e-4f735466cecf":"f.6A59EF44FD37C6BF5E8460C410EAC6E4.d.A5A3632BB5BEB5926E23420D26C55327.e.7294","ELEMENT":"f.6A59EF44FD37C6BF5E8460C410EAC6E4.d.A5A3632BB5BEB5926E23420D26C55327.e.7294"}]}
COMMAND: POST /session/9a1232cba82ddf4e476e9164e77f8ae5/execute/sync - {"script":"<script> [5351 bytes]","args":[{"element-6066-11e4-a52e-4f735466cecf":"f.6A59EF44FD37C6BF5E8460C410EAC6E4.d.A5A3632BB5BEB5926E23420D26C55327.e.7294","ELEMENT":"f.6A59EF44FD37C6BF5E8460C410EAC6E4.d.A5A3632BB5BEB5926E23420D26C55327.e.7294"}]}
COMMAND: GET /session/9a1232cba82ddf4e476e9164e77f8ae5/screenshot - {}
RESULT: {}
RESULT: {"script":"<script> [5351 bytes]","args":[{"element-6066-11e4-a52e-4f735466cecf":"f.6A59EF44FD37C6BF5E8460C410EAC6E4.d.A5A3632BB5BEB5926E23420D26C55327.e.7294","ELEMENT":"f.6A59EF44FD37C6BF5E8460C410EAC6E4.d.A5A3632BB5BEB5926E23420D26C55327.e.7294"}]}
COMMAND: POST /session/9a1232cba82ddf4e476e9164e77f8ae5/element/f.6A59EF44FD37C6BF5E8460C410EAC6E4.d.A5A3632BB5BEB5926E23420D26C55327.e.7294/click - {}
COMMAND: GET /session/9a1232cba82ddf4e476e9164e77f8ae5/screenshot - {}
RESULT: {}
RESULT: {}
RESULT: {}
COMMAND: GET /session/9a1232cba82ddf4e476e9164e77f8ae5/screenshot - {}
COMMAND: POST /session/9a1232cba82ddf4e476e9164e77f8ae5/execute/async - {"script":"<script> [1562 bytes]","args":[{"selector":{"id":"application-managepartners-display-component---NewPartner--addressDetailDetailsName1","interaction":{"idSuffix":"inner"}},"wdio_ui5_key":"applicationmanagepartners-display-component---NewPartner--addressDetailDetailsName1"}]}
RESULT: {}
RESULT: {"script":"<script> [1562 bytes]","args":[{"selector":{"id":"application-managepartners-display-component---NewPartner--addressDetailDetailsName1","interaction":{"idSuffix":"inner"}},"wdio_ui5_key":"applicationmanagepartners-display-component---NewPartner--addressDetailDetailsName1"}]}
RESULT: undefined
COMMAND: POST /session/9a1232cba82ddf4e476e9164e77f8ae5/execute/async - {"script":"<script> [776 bytes]","args":[{"enterText":"External Partner WDIO","selector":{"id":"application-managepartners-display-component---NewPartner--addressDetailDetailsName1","interaction":{"idSuffix":"inner"}},"clearTextFirst":true,"interactionType":"ENTER_TEXT"}]}
RESULT: {"script":"<script> [776 bytes]","args":[{"enterText":"External Partner WDIO","selector":{"id":"application-managepartners-display-component---NewPartner--addressDetailDetailsName1","interaction":{"idSuffix":"inner"}},"clearTextFirst":true,"interactionType":"ENTER_TEXT"}]}
COMMAND: POST /session/9a1232cba82ddf4e476e9164e77f8ae5/execute/async - {"script":"<script> [1562 bytes]","args":[{"selector":{"id":"application-managepartners-display-component---NewPartner--addressDetailDetailsLanguage-arrow"},"wdio_ui5_key":"applicationmanagepartners-display-component---NewPartner--addressDetailDetailsLanguage-arrow"}]}
RESULT: {"script":"<script> [1562 bytes]","args":[{"selector":{"id":"application-managepartners-display-component---NewPartner--addressDetailDetailsLanguage-arrow"},"wdio_ui5_key":"applicationmanagepartners-display-component---NewPartner--addressDetailDetailsLanguage-arrow"}]}
RESULT: undefined
COMMAND: POST /session/9a1232cba82ddf4e476e9164e77f8ae5/element - {"using":"xpath","value":"//*[@id=\"application-managepartners-display-component---NewPartner--addressDetailDetailsLanguage-arrow\"]"}
RESULT: {"using":"xpath","value":"//*[@id=\"application-managepartners-display-component---NewPartner--addressDetailDetailsLanguage-arrow\"]"}
COMMAND: POST /session/9a1232cba82ddf4e476e9164e77f8ae5/element/f.6A59EF44FD37C6BF5E8460C410EAC6E4.d.A5A3632BB5BEB5926E23420D26C55327.e.7730/click - {}
RESULT: {}
COMMAND: POST /session/9a1232cba82ddf4e476e9164e77f8ae5/element - {"using":"xpath","value":"//span[contains(text(), \"English\")]"}
COMMAND: GET /session/9a1232cba82ddf4e476e9164e77f8ae5/screenshot - {}
RESULT: {"using":"xpath","value":"//span[contains(text(), \"English\")]"}
COMMAND: POST /session/9a1232cba82ddf4e476e9164e77f8ae5/element/f.6A59EF44FD37C6BF5E8460C410EAC6E4.d.A5A3632BB5BEB5926E23420D26C55327.e.7731/click - {}
RESULT: {}
RESULT: {}
COMMAND: GET /session/9a1232cba82ddf4e476e9164e77f8ae5/screenshot - {}
RESULT: {}
COMMAND: POST /session/9a1232cba82ddf4e476e9164e77f8ae5/execute/async - {"script":"<script> [1562 bytes]","args":[{"selector":{"id":"application-managepartners-display-component---NewPartner--addressDetailDetailsCity1","interaction":{"idSuffix":"inner"}},"wdio_ui5_key":"applicationmanagepartners-display-component---NewPartner--addressDetailDetailsCity1"}]}
RESULT: {"script":"<script> [1562 bytes]","args":[{"selector":{"id":"application-managepartners-display-component---NewPartner--addressDetailDetailsCity1","interaction":{"idSuffix":"inner"}},"wdio_ui5_key":"applicationmanagepartners-display-component---NewPartner--addressDetailDetailsCity1"}]}
RESULT: undefined
COMMAND: POST /session/9a1232cba82ddf4e476e9164e77f8ae5/execute/async - {"script":"<script> [776 bytes]","args":[{"enterText":"Rosario","selector":{"id":"application-managepartners-display-component---NewPartner--addressDetailDetailsCity1","interaction":{"idSuffix":"inner"}},"clearTextFirst":true,"interactionType":"ENTER_TEXT"}]}
RESULT: {"script":"<script> [776 bytes]","args":[{"enterText":"Rosario","selector":{"id":"application-managepartners-display-component---NewPartner--addressDetailDetailsCity1","interaction":{"idSuffix":"inner"}},"clearTextFirst":true,"interactionType":"ENTER_TEXT"}]}
COMMAND: POST /session/9a1232cba82ddf4e476e9164e77f8ae5/execute/async - {"script":"<script> [1562 bytes]","args":[{"selector":{"id":"application-managepartners-display-component---NewPartner--addressDetailDetailsCountry-arrow"},"wdio_ui5_key":"applicationmanagepartners-display-component---NewPartner--addressDetailDetailsCountry-arrow"}]}
RESULT: {"script":"<script> [1562 bytes]","args":[{"selector":{"id":"application-managepartners-display-component---NewPartner--addressDetailDetailsCountry-arrow"},"wdio_ui5_key":"applicationmanagepartners-display-component---NewPartner--addressDetailDetailsCountry-arrow"}]}
RESULT: undefined
COMMAND: POST /session/9a1232cba82ddf4e476e9164e77f8ae5/element - {"using":"xpath","value":"//*[@id=\"application-managepartners-display-component---NewPartner--addressDetailDetailsCountry-arrow\"]"}
RESULT: {"using":"xpath","value":"//*[@id=\"application-managepartners-display-component---NewPartner--addressDetailDetailsCountry-arrow\"]"}
COMMAND: POST /session/9a1232cba82ddf4e476e9164e77f8ae5/element/f.6A59EF44FD37C6BF5E8460C410EAC6E4.d.A5A3632BB5BEB5926E23420D26C55327.e.7695/click - {}
RESULT: {}
COMMAND: POST /session/9a1232cba82ddf4e476e9164e77f8ae5/element - {"using":"xpath","value":"//span[contains(text(), \"Argentina\")]"}
COMMAND: GET /session/9a1232cba82ddf4e476e9164e77f8ae5/screenshot - {}
RESULT: {"using":"xpath","value":"//span[contains(text(), \"Argentina\")]"}
COMMAND: POST /session/9a1232cba82ddf4e476e9164e77f8ae5/element/f.6A59EF44FD37C6BF5E8460C410EAC6E4.d.A5A3632BB5BEB5926E23420D26C55327.e.7733/click - {}
RESULT: {}
RESULT: {}
COMMAND: GET /session/9a1232cba82ddf4e476e9164e77f8ae5/screenshot - {}
RESULT: {}
COMMAND: POST /session/9a1232cba82ddf4e476e9164e77f8ae5/element - {"using":"xpath","value":"//bdi[contains(text(), \"Commercial\")]"}
RESULT: {"using":"xpath","value":"//bdi[contains(text(), \"Commercial\")]"}
COMMAND: POST /session/9a1232cba82ddf4e476e9164e77f8ae5/element/f.6A59EF44FD37C6BF5E8460C410EAC6E4.d.A5A3632BB5BEB5926E23420D26C55327.e.7734/click - {}
RESULT: {}
COMMAND: GET /session/9a1232cba82ddf4e476e9164e77f8ae5/screenshot - {}
RESULT: {}
COMMAND: POST /session/9a1232cba82ddf4e476e9164e77f8ae5/execute/async - {"script":"<script> [1562 bytes]","args":[{"selector":{"id":"application-managepartners-display-component---NewPartner--partnerDetailInternal-arrow"},"wdio_ui5_key":"applicationmanagepartners-display-component---NewPartner--partnerDetailInternal-arrow"}]}
RESULT: {"script":"<script> [1562 bytes]","args":[{"selector":{"id":"application-managepartners-display-component---NewPartner--partnerDetailInternal-arrow"},"wdio_ui5_key":"applicationmanagepartners-display-component---NewPartner--partnerDetailInternal-arrow"}]}
RESULT: undefined
COMMAND: POST /session/9a1232cba82ddf4e476e9164e77f8ae5/element - {"using":"xpath","value":"//*[@id=\"application-managepartners-display-component---NewPartner--partnerDetailInternal-arrow\"]"}
RESULT: {"using":"xpath","value":"//*[@id=\"application-managepartners-display-component---NewPartner--partnerDetailInternal-arrow\"]"}
COMMAND: POST /session/9a1232cba82ddf4e476e9164e77f8ae5/element/f.6A59EF44FD37C6BF5E8460C410EAC6E4.d.A5A3632BB5BEB5926E23420D26C55327.e.7742/click - {}
RESULT: {}
COMMAND: POST /session/9a1232cba82ddf4e476e9164e77f8ae5/element - {"using":"xpath","value":"//span[contains(text(), \"External partner\")]"}
COMMAND: GET /session/9a1232cba82ddf4e476e9164e77f8ae5/screenshot - {}
RESULT: {"using":"xpath","value":"//span[contains(text(), \"External partner\")]"}
COMMAND: POST /session/9a1232cba82ddf4e476e9164e77f8ae5/element/f.6A59EF44FD37C6BF5E8460C410EAC6E4.d.A5A3632BB5BEB5926E23420D26C55327.e.7743/click - {}
RESULT: {}
RESULT: {}
COMMAND: POST /session/9a1232cba82ddf4e476e9164e77f8ae5/execute/async - {"script":"<script> [1562 bytes]","args":[{"selector":{"id":"application-managepartners-display-component---NewPartner--partnerDetailsCurrency-arrow"},"wdio_ui5_key":"applicationmanagepartners-display-component---NewPartner--partnerDetailsCurrency-arrow"}]}
COMMAND: GET /session/9a1232cba82ddf4e476e9164e77f8ae5/screenshot - {}
RESULT: {"script":"<script> [1562 bytes]","args":[{"selector":{"id":"application-managepartners-display-component---NewPartner--partnerDetailsCurrency-arrow"},"wdio_ui5_key":"applicationmanagepartners-display-component---NewPartner--partnerDetailsCurrency-arrow"}]}
RESULT: undefined
COMMAND: POST /session/9a1232cba82ddf4e476e9164e77f8ae5/element - {"using":"xpath","value":"//*[@id=\"application-managepartners-display-component---NewPartner--partnerDetailsCurrency-arrow\"]"}
RESULT: {}
RESULT: {"using":"xpath","value":"//*[@id=\"application-managepartners-display-component---NewPartner--partnerDetailsCurrency-arrow\"]"}
COMMAND: POST /session/9a1232cba82ddf4e476e9164e77f8ae5/element/f.6A59EF44FD37C6BF5E8460C410EAC6E4.d.A5A3632BB5BEB5926E23420D26C55327.e.7748/click - {}
RESULT: {}
COMMAND: POST /session/9a1232cba82ddf4e476e9164e77f8ae5/element - {"using":"xpath","value":"//span[contains(text(), \"US Dollar\")]"}
COMMAND: GET /session/9a1232cba82ddf4e476e9164e77f8ae5/screenshot - {}
RESULT: {"using":"xpath","value":"//span[contains(text(), \"US Dollar\")]"}
COMMAND: POST /session/9a1232cba82ddf4e476e9164e77f8ae5/element/f.6A59EF44FD37C6BF5E8460C410EAC6E4.d.A5A3632BB5BEB5926E23420D26C55327.e.7749/click - {}
RESULT: {}
RESULT: {}
COMMAND: GET /session/9a1232cba82ddf4e476e9164e77f8ae5/screenshot - {}
RESULT: {}
COMMAND: POST /session/9a1232cba82ddf4e476e9164e77f8ae5/element - {"using":"xpath","value":"//input[@id=\"application-managepartners-display-component---NewPartner--companyCodeComboBox-inner\"]"}
RESULT: {"using":"xpath","value":"//input[@id=\"application-managepartners-display-component---NewPartner--companyCodeComboBox-inner\"]"}
COMMAND: POST /session/9a1232cba82ddf4e476e9164e77f8ae5/element/f.6A59EF44FD37C6BF5E8460C410EAC6E4.d.A5A3632BB5BEB5926E23420D26C55327.e.7596/clear - {}
RESULT: {}
COMMAND: POST /session/9a1232cba82ddf4e476e9164e77f8ae5/element/f.6A59EF44FD37C6BF5E8460C410EAC6E4.d.A5A3632BB5BEB5926E23420D26C55327.e.7596/value - {"text":"C002"}
COMMAND: GET /session/9a1232cba82ddf4e476e9164e77f8ae5/screenshot - {}
RESULT: {"text":"C002"}
COMMAND: GET /session/9a1232cba82ddf4e476e9164e77f8ae5/screenshot - {}
RESULT: {}
RESULT: {}
COMMAND: POST /session/9a1232cba82ddf4e476e9164e77f8ae5/element - {"using":"xpath","value":"//li[.//span[text()= \"C002\"]]"}
RESULT: {"using":"xpath","value":"//li[.//span[text()= \"C002\"]]"}
COMMAND: POST /session/9a1232cba82ddf4e476e9164e77f8ae5/element/f.6A59EF44FD37C6BF5E8460C410EAC6E4.d.A5A3632BB5BEB5926E23420D26C55327.e.7753/click - {}
RESULT: {}
COMMAND: GET /session/9a1232cba82ddf4e476e9164e77f8ae5/screenshot - {}
RESULT: {}
COMMAND: POST /session/9a1232cba82ddf4e476e9164e77f8ae5/execute/async - {"script":"<script> [1562 bytes]","args":[{"selector":{"controlType":"sap.ui.core.Icon","viewName":"etm.portal.ui.managepartners.view.NewPartner","viewId":"application-managepartners-display-component---NewPartner","properties":{"src":{"regex":{"source":"slim\\-arrow\\-down"}}},"ancestor":{"controlType":"sap.m.ComboBox","viewName":"etm.portal.ui.managepartners.view.NewPartner","viewId":"application-managepartners-display-component---NewPartner","bindingPath":{"path":"","propertyPath":"/CATALOG","modelName":"oNewPartnerModel"}}},"wdio_ui5_key":"etmportal.ui.managepartners.view.NewPartnersap.ui.core.Icon{\"src\":{\"regex\":{\"source\":\"slim\\\\-arrow\\\\-down\"}}}{\"controlType\":\"sap.m.ComboBox\",\"viewName\":\"etm.portal.ui.managepartners.view.NewPartner\",\"viewId\":\"application-managepartners-display-component---NewPartner\",\"bindingPath\":{\"path\":\"\",\"propertyPath\":\"/CATALOG\",\"modelName\":\"oNewPartnerModel\"}}"}]}
RESULT: {"script":"<script> [1562 bytes]","args":[{"selector":{"controlType":"sap.ui.core.Icon","viewName":"etm.portal.ui.managepartners.view.NewPartner","viewId":"application-managepartners-display-component---NewPartner","properties":{"src":{"regex":{"source":"slim\\-arrow\\-down"}}},"ancestor":{"controlType":"sap.m.ComboBox","viewName":"etm.portal.ui.managepartners.view.NewPartner","viewId":"application-managepartners-display-component---NewPartner","bindingPath":{"path":"","propertyPath":"/CATALOG","modelName":"oNewPartnerModel"}}},"wdio_ui5_key":"etmportal.ui.managepartners.view.NewPartnersap.ui.core.Icon{\"src\":{\"regex\":{\"source\":\"slim\\\\-arrow\\\\-down\"}}}{\"controlType\":\"sap.m.ComboBox\",\"viewName\":\"etm.portal.ui.managepartners.view.NewPartner\",\"viewId\":\"application-managepartners-display-component---NewPartner\",\"bindingPath\":{\"path\":\"\",\"propertyPath\":\"/CATALOG\",\"modelName\":\"oNewPartnerModel\"}}"}]}
RESULT: undefined
COMMAND: POST /session/9a1232cba82ddf4e476e9164e77f8ae5/element - {"using":"xpath","value":"//*[@id=\"__box21-arrow\"]"}
RESULT: {"using":"xpath","value":"//*[@id=\"__box21-arrow\"]"}
COMMAND: POST /session/9a1232cba82ddf4e476e9164e77f8ae5/element/f.6A59EF44FD37C6BF5E8460C410EAC6E4.d.A5A3632BB5BEB5926E23420D26C55327.e.7696/click - {}
RESULT: {}
COMMAND: GET /session/9a1232cba82ddf4e476e9164e77f8ae5/screenshot - {}
RESULT: {}
COMMAND: POST /session/9a1232cba82ddf4e476e9164e77f8ae5/element - {"using":"xpath","value":"//ul[contains(@id,\"popup-list-listUl\")]//li[.//span[text()= \"Webshop Catalog\"]]"}
RESULT: {"using":"xpath","value":"//ul[contains(@id,\"popup-list-listUl\")]//li[.//span[text()= \"Webshop Catalog\"]]"}
COMMAND: POST /session/9a1232cba82ddf4e476e9164e77f8ae5/element/f.6A59EF44FD37C6BF5E8460C410EAC6E4.d.A5A3632BB5BEB5926E23420D26C55327.e.7755/click - {}
RESULT: {}
COMMAND: GET /session/9a1232cba82ddf4e476e9164e77f8ae5/screenshot - {}
RESULT: {}
COMMAND: POST /session/9a1232cba82ddf4e476e9164e77f8ae5/execute/async - {"script":"<script> [1562 bytes]","args":[{"selector":{"id":"application-managepartners-display-component---NewPartner--btnAddTableRow-img"},"wdio_ui5_key":"applicationmanagepartners-display-component---NewPartner--btnAddTableRow-img"}]}
RESULT: {"script":"<script> [1562 bytes]","args":[{"selector":{"id":"application-managepartners-display-component---NewPartner--btnAddTableRow-img"},"wdio_ui5_key":"applicationmanagepartners-display-component---NewPartner--btnAddTableRow-img"}]}
RESULT: undefined
COMMAND: POST /session/9a1232cba82ddf4e476e9164e77f8ae5/element - {"using":"xpath","value":"//*[@id=\"application-managepartners-display-component---NewPartner--btnAddTableRow-img\"]"}
RESULT: {"using":"xpath","value":"//*[@id=\"application-managepartners-display-component---NewPartner--btnAddTableRow-img\"]"}
COMMAND: POST /session/9a1232cba82ddf4e476e9164e77f8ae5/element/f.6A59EF44FD37C6BF5E8460C410EAC6E4.d.A5A3632BB5BEB5926E23420D26C55327.e.7756/click - {}
RESULT: {}
COMMAND: GET /session/9a1232cba82ddf4e476e9164e77f8ae5/screenshot - {}
RESULT: {}
COMMAND: POST /session/9a1232cba82ddf4e476e9164e77f8ae5/element - {"using":"xpath","value":"//input[@id=\"application-managepartners-display-component---NewPartner--assignmentYard-application-managepartners-display-component---NewPartner--assignmentsTable-0-inner\"]"}
RESULT: {"using":"xpath","value":"//input[@id=\"application-managepartners-display-component---NewPartner--assignmentYard-application-managepartners-display-component---NewPartner--assignmentsTable-0-inner\"]"}
COMMAND: POST /session/9a1232cba82ddf4e476e9164e77f8ae5/element/f.6A59EF44FD37C6BF5E8460C410EAC6E4.d.A5A3632BB5BEB5926E23420D26C55327.e.7759/clear - {}
RESULT: {}
COMMAND: POST /session/9a1232cba82ddf4e476e9164e77f8ae5/element/f.6A59EF44FD37C6BF5E8460C410EAC6E4.d.A5A3632BB5BEB5926E23420D26C55327.e.7759/value - {"text":"660"}
COMMAND: GET /session/9a1232cba82ddf4e476e9164e77f8ae5/screenshot - {}
RESULT: {"text":"660"}
COMMAND: GET /session/9a1232cba82ddf4e476e9164e77f8ae5/screenshot - {}
RESULT: {}
RESULT: {}
COMMAND: POST /session/9a1232cba82ddf4e476e9164e77f8ae5/element - {"using":"xpath","value":"//li[.//span[text()='660']]"}
RESULT: {"using":"xpath","value":"//li[.//span[text()='660']]"}
COMMAND: POST /session/9a1232cba82ddf4e476e9164e77f8ae5/element/f.6A59EF44FD37C6BF5E8460C410EAC6E4.d.A5A3632BB5BEB5926E23420D26C55327.e.7767/click - {}
RESULT: {}
COMMAND: GET /session/9a1232cba82ddf4e476e9164e77f8ae5/screenshot - {}
RESULT: {}
COMMAND: POST /session/9a1232cba82ddf4e476e9164e77f8ae5/actions - {"actions":[{"id":"action26","type":"key","parameters":{},"actions":[{"type":"keyDown","value":"î€‡"},{"type":"pause","duration":10},{"type":"keyUp","value":"î€‡"}]}]}
RESULT: {"actions":[{"id":"action26","type":"key","parameters":{},"actions":[{"type":"keyDown","value":"î€‡"},{"type":"pause","duration":10},{"type":"keyUp","value":"î€‡"}]}]}
COMMAND: POST /session/9a1232cba82ddf4e476e9164e77f8ae5/element - {"using":"xpath","value":"//td[contains(@id, \"assignmentsTable-0-cell2\")]/div/div"}
COMMAND: GET /session/9a1232cba82ddf4e476e9164e77f8ae5/screenshot - {}
RESULT: {"using":"xpath","value":"//td[contains(@id, \"assignmentsTable-0-cell2\")]/div/div"}
COMMAND: POST /session/9a1232cba82ddf4e476e9164e77f8ae5/element/f.6A59EF44FD37C6BF5E8460C410EAC6E4.d.A5A3632BB5BEB5926E23420D26C55327.e.7770/click - {}
RESULT: {}
RESULT: {}
COMMAND: GET /session/9a1232cba82ddf4e476e9164e77f8ae5/screenshot - {}
RESULT: {}
COMMAND: POST /session/9a1232cba82ddf4e476e9164e77f8ae5/element - {"using":"xpath","value":"//button[@data-kt=\"saveButton\"]"}
RESULT: {"using":"xpath","value":"//button[@data-kt=\"saveButton\"]"}
COMMAND: POST /session/9a1232cba82ddf4e476e9164e77f8ae5/element/f.6A59EF44FD37C6BF5E8460C410EAC6E4.d.A5A3632BB5BEB5926E23420D26C55327.e.7664/click - {}
RESULT: {}
COMMAND: GET /session/9a1232cba82ddf4e476e9164e77f8ae5/screenshot - {}
RESULT: {}
COMMAND: POST /session/9a1232cba82ddf4e476e9164e77f8ae5/element - {"using":"xpath","value":"//header[contains(@id, 'ObjectPageLayout-headerTitle')]/div[1]/div[2]/div[2]/span[1]"}
RESULT: {"using":"xpath","value":"//header[contains(@id, 'ObjectPageLayout-headerTitle')]/div[1]/div[2]/div[2]/span[1]"}
COMMAND: POST /session/9a1232cba82ddf4e476e9164e77f8ae5/elements - {"using":"xpath","value":"//header[contains(@id, 'ObjectPageLayout-headerTitle')]/div[1]/div[2]/div[2]/span[1]"}
RESULT: {"using":"xpath","value":"//header[contains(@id, 'ObjectPageLayout-headerTitle')]/div[1]/div[2]/div[2]/span[1]"}
COMMAND: POST /session/9a1232cba82ddf4e476e9164e77f8ae5/execute/sync - {"script":"<script> [56 bytes]","args":[{"element-6066-11e4-a52e-4f735466cecf":"f.6A59EF44FD37C6BF5E8460C410EAC6E4.d.A5A3632BB5BEB5926E23420D26C55327.e.7933","ELEMENT":"f.6A59EF44FD37C6BF5E8460C410EAC6E4.d.A5A3632BB5BEB5926E23420D26C55327.e.7933"}]}
RESULT: {"script":"<script> [56 bytes]","args":[{"element-6066-11e4-a52e-4f735466cecf":"f.6A59EF44FD37C6BF5E8460C410EAC6E4.d.A5A3632BB5BEB5926E23420D26C55327.e.7933","ELEMENT":"f.6A59EF44FD37C6BF5E8460C410EAC6E4.d.A5A3632BB5BEB5926E23420D26C55327.e.7933"}]}
COMMAND: POST /session/9a1232cba82ddf4e476e9164e77f8ae5/element - {"using":"css selector","value":"#shell-header-logo"}
COMMAND: GET /session/9a1232cba82ddf4e476e9164e77f8ae5/screenshot - {}
RESULT: {"using":"css selector","value":"#shell-header-logo"}
COMMAND: POST /session/9a1232cba82ddf4e476e9164e77f8ae5/element/f.6A59EF44FD37C6BF5E8460C410EAC6E4.d.A5A3632BB5BEB5926E23420D26C55327.e.7250/click - {}
RESULT: {}
RESULT: {}
COMMAND: GET /session/9a1232cba82ddf4e476e9164e77f8ae5/screenshot - {}
RESULT: {}
COMMAND: POST /session/9a1232cba82ddf4e476e9164e77f8ae5/execute/sync - {"script":"<script> [299 bytes]","args":[["getModel","getResource"]]}
RESULT: {"script":"<script> [299 bytes]","args":[["getModel","getResource"]]}
]]></system-out>
    </testcase>
    <testcase classname="chrome.137_0_7151_56.windows.Provide_to_Site_w/o_warehouse_management_w/_clarification_US116605" name="Should create a new site" time="154.115">
      <system-out><![CDATA[
COMMAND: POST /session/9a1232cba82ddf4e476e9164e77f8ae5/execute/async - {"script":"<script> [1562 bytes]","args":[{"selector":{"controlType":"sap.m.GenericTile","properties":{"header":"Manage Sites"}},"wdio_ui5_key":"sapm.GenericTile{\"header\":\"Manage Sites\"}"}]}
COMMAND: GET /session/9a1232cba82ddf4e476e9164e77f8ae5/screenshot - {}
RESULT: {"script":"<script> [1562 bytes]","args":[{"selector":{"controlType":"sap.m.GenericTile","properties":{"header":"Manage Sites"}},"wdio_ui5_key":"sapm.GenericTile{\"header\":\"Manage Sites\"}"}]}
RESULT: undefined
COMMAND: POST /session/9a1232cba82ddf4e476e9164e77f8ae5/element - {"using":"xpath","value":"//*[@id=\"__tile32\"]"}
RESULT: {}
RESULT: {"using":"xpath","value":"//*[@id=\"__tile32\"]"}
COMMAND: POST /session/9a1232cba82ddf4e476e9164e77f8ae5/element/f.6A59EF44FD37C6BF5E8460C410EAC6E4.d.A5A3632BB5BEB5926E23420D26C55327.e.6408/click - {}
RESULT: {}
COMMAND: GET /session/9a1232cba82ddf4e476e9164e77f8ae5/screenshot - {}
RESULT: {}
COMMAND: POST /session/9a1232cba82ddf4e476e9164e77f8ae5/elements - {"using":"xpath","value":"//span[text()='Error']"}
RESULT: {"using":"xpath","value":"//span[text()='Error']"}
COMMAND: POST /session/9a1232cba82ddf4e476e9164e77f8ae5/element - {"using":"xpath","value":"//button[@data-kt=\"addOverflowToolbarButton\"]"}
RESULT: {"using":"xpath","value":"//button[@data-kt=\"addOverflowToolbarButton\"]"}
COMMAND: POST /session/9a1232cba82ddf4e476e9164e77f8ae5/elements - {"using":"xpath","value":"//button[@data-kt=\"addOverflowToolbarButton\"]"}
RESULT: {"using":"xpath","value":"//button[@data-kt=\"addOverflowToolbarButton\"]"}
COMMAND: POST /session/9a1232cba82ddf4e476e9164e77f8ae5/execute/sync - {"script":"<script> [8489 bytes]","args":[{"element-6066-11e4-a52e-4f735466cecf":"f.6A59EF44FD37C6BF5E8460C410EAC6E4.d.A5A3632BB5BEB5926E23420D26C55327.e.7980","ELEMENT":"f.6A59EF44FD37C6BF5E8460C410EAC6E4.d.A5A3632BB5BEB5926E23420D26C55327.e.7980"}]}
RESULT: {"script":"<script> [8489 bytes]","args":[{"element-6066-11e4-a52e-4f735466cecf":"f.6A59EF44FD37C6BF5E8460C410EAC6E4.d.A5A3632BB5BEB5926E23420D26C55327.e.7980","ELEMENT":"f.6A59EF44FD37C6BF5E8460C410EAC6E4.d.A5A3632BB5BEB5926E23420D26C55327.e.7980"}]}
COMMAND: GET /session/9a1232cba82ddf4e476e9164e77f8ae5/element/f.6A59EF44FD37C6BF5E8460C410EAC6E4.d.A5A3632BB5BEB5926E23420D26C55327.e.7980/enabled - {}
COMMAND: GET /session/9a1232cba82ddf4e476e9164e77f8ae5/screenshot - {}
RESULT: {}
COMMAND: POST /session/9a1232cba82ddf4e476e9164e77f8ae5/execute/sync - {"script":"<script> [8489 bytes]","args":[{"element-6066-11e4-a52e-4f735466cecf":"f.6A59EF44FD37C6BF5E8460C410EAC6E4.d.A5A3632BB5BEB5926E23420D26C55327.e.7980","ELEMENT":"f.6A59EF44FD37C6BF5E8460C410EAC6E4.d.A5A3632BB5BEB5926E23420D26C55327.e.7980"}]}
COMMAND: GET /session/9a1232cba82ddf4e476e9164e77f8ae5/screenshot - {}
RESULT: {}
RESULT: {"script":"<script> [8489 bytes]","args":[{"element-6066-11e4-a52e-4f735466cecf":"f.6A59EF44FD37C6BF5E8460C410EAC6E4.d.A5A3632BB5BEB5926E23420D26C55327.e.7980","ELEMENT":"f.6A59EF44FD37C6BF5E8460C410EAC6E4.d.A5A3632BB5BEB5926E23420D26C55327.e.7980"}]}
COMMAND: POST /session/9a1232cba82ddf4e476e9164e77f8ae5/execute/sync - {"script":"<script> [5351 bytes]","args":[{"element-6066-11e4-a52e-4f735466cecf":"f.6A59EF44FD37C6BF5E8460C410EAC6E4.d.A5A3632BB5BEB5926E23420D26C55327.e.7980","ELEMENT":"f.6A59EF44FD37C6BF5E8460C410EAC6E4.d.A5A3632BB5BEB5926E23420D26C55327.e.7980"}]}
COMMAND: GET /session/9a1232cba82ddf4e476e9164e77f8ae5/screenshot - {}
RESULT: {}
RESULT: {}
RESULT: {"script":"<script> [5351 bytes]","args":[{"element-6066-11e4-a52e-4f735466cecf":"f.6A59EF44FD37C6BF5E8460C410EAC6E4.d.A5A3632BB5BEB5926E23420D26C55327.e.7980","ELEMENT":"f.6A59EF44FD37C6BF5E8460C410EAC6E4.d.A5A3632BB5BEB5926E23420D26C55327.e.7980"}]}
COMMAND: POST /session/9a1232cba82ddf4e476e9164e77f8ae5/element/f.6A59EF44FD37C6BF5E8460C410EAC6E4.d.A5A3632BB5BEB5926E23420D26C55327.e.7980/click - {}
COMMAND: GET /session/9a1232cba82ddf4e476e9164e77f8ae5/screenshot - {}
RESULT: {}
COMMAND: GET /session/9a1232cba82ddf4e476e9164e77f8ae5/screenshot - {}
COMMAND: POST /session/9a1232cba82ddf4e476e9164e77f8ae5/element - {"using":"xpath","value":"//input[@id=\"application-managesites-display-component---NewSite--siteId-inner\"]"}
RESULT: {}
RESULT: {}
RESULT: {"using":"xpath","value":"//input[@id=\"application-managesites-display-component---NewSite--siteId-inner\"]"}
COMMAND: POST /session/9a1232cba82ddf4e476e9164e77f8ae5/element - {"using":"xpath","value":"//input[@id=\"application-managesites-display-component---NewSite--siteId-inner\"]"}
RESULT: {"using":"xpath","value":"//input[@id=\"application-managesites-display-component---NewSite--siteId-inner\"]"}
COMMAND: POST /session/9a1232cba82ddf4e476e9164e77f8ae5/execute/async - {"script":"<script> [1562 bytes]","args":[{"selector":{"id":"application-managesites-display-component---NewSite--addressDetailDetailsName1","interaction":{"idSuffix":"inner"}},"wdio_ui5_key":"applicationmanagesites-display-component---NewSite--addressDetailDetailsName1"}]}
RESULT: {"script":"<script> [1562 bytes]","args":[{"selector":{"id":"application-managesites-display-component---NewSite--addressDetailDetailsName1","interaction":{"idSuffix":"inner"}},"wdio_ui5_key":"applicationmanagesites-display-component---NewSite--addressDetailDetailsName1"}]}
RESULT: undefined
COMMAND: POST /session/9a1232cba82ddf4e476e9164e77f8ae5/execute/async - {"script":"<script> [776 bytes]","args":[{"enterText":"Other Type Site WDIO","selector":{"id":"application-managesites-display-component---NewSite--addressDetailDetailsName1","interaction":{"idSuffix":"inner"}},"clearTextFirst":true,"interactionType":"ENTER_TEXT"}]}
RESULT: {"script":"<script> [776 bytes]","args":[{"enterText":"Other Type Site WDIO","selector":{"id":"application-managesites-display-component---NewSite--addressDetailDetailsName1","interaction":{"idSuffix":"inner"}},"clearTextFirst":true,"interactionType":"ENTER_TEXT"}]}
COMMAND: POST /session/9a1232cba82ddf4e476e9164e77f8ae5/execute/async - {"script":"<script> [1562 bytes]","args":[{"selector":{"id":"application-managesites-display-component---NewSite--addressDetailDetailsLanguage-arrow"},"wdio_ui5_key":"applicationmanagesites-display-component---NewSite--addressDetailDetailsLanguage-arrow"}]}
RESULT: {"script":"<script> [1562 bytes]","args":[{"selector":{"id":"application-managesites-display-component---NewSite--addressDetailDetailsLanguage-arrow"},"wdio_ui5_key":"applicationmanagesites-display-component---NewSite--addressDetailDetailsLanguage-arrow"}]}
RESULT: undefined
COMMAND: POST /session/9a1232cba82ddf4e476e9164e77f8ae5/element - {"using":"xpath","value":"//*[@id=\"application-managesites-display-component---NewSite--addressDetailDetailsLanguage-arrow\"]"}
RESULT: {"using":"xpath","value":"//*[@id=\"application-managesites-display-component---NewSite--addressDetailDetailsLanguage-arrow\"]"}
COMMAND: POST /session/9a1232cba82ddf4e476e9164e77f8ae5/element/f.6A59EF44FD37C6BF5E8460C410EAC6E4.d.A5A3632BB5BEB5926E23420D26C55327.e.8446/click - {}
RESULT: {}
COMMAND: POST /session/9a1232cba82ddf4e476e9164e77f8ae5/element - {"using":"xpath","value":"//span[contains(text(), \"English\")]"}
COMMAND: GET /session/9a1232cba82ddf4e476e9164e77f8ae5/screenshot - {}
RESULT: {"using":"xpath","value":"//span[contains(text(), \"English\")]"}
COMMAND: POST /session/9a1232cba82ddf4e476e9164e77f8ae5/element/f.6A59EF44FD37C6BF5E8460C410EAC6E4.d.A5A3632BB5BEB5926E23420D26C55327.e.8447/click - {}
RESULT: {}
RESULT: {}
COMMAND: POST /session/9a1232cba82ddf4e476e9164e77f8ae5/execute/async - {"script":"<script> [1562 bytes]","args":[{"selector":{"id":"application-managesites-display-component---NewSite--addressDetailDetailsCity1","interaction":{"idSuffix":"inner"}},"wdio_ui5_key":"applicationmanagesites-display-component---NewSite--addressDetailDetailsCity1"}]}
COMMAND: GET /session/9a1232cba82ddf4e476e9164e77f8ae5/screenshot - {}
RESULT: {"script":"<script> [1562 bytes]","args":[{"selector":{"id":"application-managesites-display-component---NewSite--addressDetailDetailsCity1","interaction":{"idSuffix":"inner"}},"wdio_ui5_key":"applicationmanagesites-display-component---NewSite--addressDetailDetailsCity1"}]}
RESULT: undefined
COMMAND: POST /session/9a1232cba82ddf4e476e9164e77f8ae5/execute/async - {"script":"<script> [776 bytes]","args":[{"enterText":"Rosario","selector":{"id":"application-managesites-display-component---NewSite--addressDetailDetailsCity1","interaction":{"idSuffix":"inner"}},"clearTextFirst":true,"interactionType":"ENTER_TEXT"}]}
RESULT: {}
RESULT: {"script":"<script> [776 bytes]","args":[{"enterText":"Rosario","selector":{"id":"application-managesites-display-component---NewSite--addressDetailDetailsCity1","interaction":{"idSuffix":"inner"}},"clearTextFirst":true,"interactionType":"ENTER_TEXT"}]}
COMMAND: POST /session/9a1232cba82ddf4e476e9164e77f8ae5/execute/async - {"script":"<script> [1562 bytes]","args":[{"selector":{"id":"application-managesites-display-component---NewSite--addressDetailDetailsCountry-arrow"},"wdio_ui5_key":"applicationmanagesites-display-component---NewSite--addressDetailDetailsCountry-arrow"}]}
RESULT: {"script":"<script> [1562 bytes]","args":[{"selector":{"id":"application-managesites-display-component---NewSite--addressDetailDetailsCountry-arrow"},"wdio_ui5_key":"applicationmanagesites-display-component---NewSite--addressDetailDetailsCountry-arrow"}]}
RESULT: undefined
COMMAND: POST /session/9a1232cba82ddf4e476e9164e77f8ae5/element - {"using":"xpath","value":"//*[@id=\"application-managesites-display-component---NewSite--addressDetailDetailsCountry-arrow\"]"}
RESULT: {"using":"xpath","value":"//*[@id=\"application-managesites-display-component---NewSite--addressDetailDetailsCountry-arrow\"]"}
COMMAND: POST /session/9a1232cba82ddf4e476e9164e77f8ae5/element/f.6A59EF44FD37C6BF5E8460C410EAC6E4.d.A5A3632BB5BEB5926E23420D26C55327.e.8449/click - {}
RESULT: {}
COMMAND: POST /session/9a1232cba82ddf4e476e9164e77f8ae5/element - {"using":"xpath","value":"//span[contains(text(), \"Argentina\")]"}
COMMAND: GET /session/9a1232cba82ddf4e476e9164e77f8ae5/screenshot - {}
RESULT: {"using":"xpath","value":"//span[contains(text(), \"Argentina\")]"}
COMMAND: POST /session/9a1232cba82ddf4e476e9164e77f8ae5/element/f.6A59EF44FD37C6BF5E8460C410EAC6E4.d.A5A3632BB5BEB5926E23420D26C55327.e.8451/click - {}
RESULT: {}
RESULT: {}
COMMAND: GET /session/9a1232cba82ddf4e476e9164e77f8ae5/screenshot - {}
RESULT: {}
COMMAND: POST /session/9a1232cba82ddf4e476e9164e77f8ae5/execute/async - {"script":"<script> [1562 bytes]","args":[{"selector":{"id":"application-managesites-display-component---NewSite--addressEditDetailsCostObjectCstType-arrow"},"wdio_ui5_key":"applicationmanagesites-display-component---NewSite--addressEditDetailsCostObjectCstType-arrow"}]}
RESULT: {"script":"<script> [1562 bytes]","args":[{"selector":{"id":"application-managesites-display-component---NewSite--addressEditDetailsCostObjectCstType-arrow"},"wdio_ui5_key":"applicationmanagesites-display-component---NewSite--addressEditDetailsCostObjectCstType-arrow"}]}
RESULT: undefined
COMMAND: POST /session/9a1232cba82ddf4e476e9164e77f8ae5/element - {"using":"xpath","value":"//*[@id=\"application-managesites-display-component---NewSite--addressEditDetailsCostObjectCstType-arrow\"]"}
RESULT: {"using":"xpath","value":"//*[@id=\"application-managesites-display-component---NewSite--addressEditDetailsCostObjectCstType-arrow\"]"}
COMMAND: POST /session/9a1232cba82ddf4e476e9164e77f8ae5/element/f.6A59EF44FD37C6BF5E8460C410EAC6E4.d.A5A3632BB5BEB5926E23420D26C55327.e.8452/click - {}
RESULT: {}
COMMAND: POST /session/9a1232cba82ddf4e476e9164e77f8ae5/element - {"using":"xpath","value":"//span[contains(text(), \"Cost Center\")]"}
COMMAND: GET /session/9a1232cba82ddf4e476e9164e77f8ae5/screenshot - {}
RESULT: {"using":"xpath","value":"//span[contains(text(), \"Cost Center\")]"}
COMMAND: POST /session/9a1232cba82ddf4e476e9164e77f8ae5/element/f.6A59EF44FD37C6BF5E8460C410EAC6E4.d.A5A3632BB5BEB5926E23420D26C55327.e.8453/click - {}
RESULT: {}
RESULT: {}
COMMAND: GET /session/9a1232cba82ddf4e476e9164e77f8ae5/screenshot - {}
RESULT: {}
COMMAND: POST /session/9a1232cba82ddf4e476e9164e77f8ae5/element - {"using":"xpath","value":"//span[@id=\"application-managesites-display-component---NewSite--addressNewCostObjectCstID-vhi\"]"}
RESULT: {"using":"xpath","value":"//span[@id=\"application-managesites-display-component---NewSite--addressNewCostObjectCstID-vhi\"]"}
COMMAND: POST /session/9a1232cba82ddf4e476e9164e77f8ae5/execute/sync - {"script":"<script> [8489 bytes]","args":[{"element-6066-11e4-a52e-4f735466cecf":"f.6A59EF44FD37C6BF5E8460C410EAC6E4.d.A5A3632BB5BEB5926E23420D26C55327.e.8458","ELEMENT":"f.6A59EF44FD37C6BF5E8460C410EAC6E4.d.A5A3632BB5BEB5926E23420D26C55327.e.8458"}]}
RESULT: {"script":"<script> [8489 bytes]","args":[{"element-6066-11e4-a52e-4f735466cecf":"f.6A59EF44FD37C6BF5E8460C410EAC6E4.d.A5A3632BB5BEB5926E23420D26C55327.e.8458","ELEMENT":"f.6A59EF44FD37C6BF5E8460C410EAC6E4.d.A5A3632BB5BEB5926E23420D26C55327.e.8458"}]}
COMMAND: POST /session/9a1232cba82ddf4e476e9164e77f8ae5/execute/async - {"script":"<script> [1562 bytes]","args":[{"selector":{"id":"application-managesites-display-component---NewSite--addressNewCostObjectCstID-vhi"},"wdio_ui5_key":"applicationmanagesites-display-component---NewSite--addressNewCostObjectCstID-vhi"}]}
COMMAND: GET /session/9a1232cba82ddf4e476e9164e77f8ae5/screenshot - {}
RESULT: {"script":"<script> [1562 bytes]","args":[{"selector":{"id":"application-managesites-display-component---NewSite--addressNewCostObjectCstID-vhi"},"wdio_ui5_key":"applicationmanagesites-display-component---NewSite--addressNewCostObjectCstID-vhi"}]}
RESULT: undefined
COMMAND: POST /session/9a1232cba82ddf4e476e9164e77f8ae5/element - {"using":"xpath","value":"//*[@id=\"application-managesites-display-component---NewSite--addressNewCostObjectCstID-vhi\"]"}
RESULT: {}
RESULT: {"using":"xpath","value":"//*[@id=\"application-managesites-display-component---NewSite--addressNewCostObjectCstID-vhi\"]"}
COMMAND: POST /session/9a1232cba82ddf4e476e9164e77f8ae5/element/f.6A59EF44FD37C6BF5E8460C410EAC6E4.d.A5A3632BB5BEB5926E23420D26C55327.e.8458/click - {}
RESULT: {}
COMMAND: GET /session/9a1232cba82ddf4e476e9164e77f8ae5/screenshot - {}
RESULT: {}
RESULT: undefined
COMMAND: POST /session/9a1232cba82ddf4e476e9164e77f8ae5/execute/async - {"script":"<script> [776 bytes]","args":[{"enterText":"10001013","selector":{"controlType":"sap.m.SearchField","properties":{"placeholder":"Search"},"searchOpenDialogs":true,"interaction":{"idSuffix":"I"}},"clearTextFirst":true,"interactionType":"ENTER_TEXT"}]}
RESULT: {"script":"<script> [776 bytes]","args":[{"enterText":"10001013","selector":{"controlType":"sap.m.SearchField","properties":{"placeholder":"Search"},"searchOpenDialogs":true,"interaction":{"idSuffix":"I"}},"clearTextFirst":true,"interactionType":"ENTER_TEXT"}]}
COMMAND: POST /session/9a1232cba82ddf4e476e9164e77f8ae5/actions - {"actions":[{"id":"action27","type":"key","parameters":{},"actions":[{"type":"keyDown","value":"î€‡"},{"type":"pause","duration":10},{"type":"keyUp","value":"î€‡"}]}]}
RESULT: {"actions":[{"id":"action27","type":"key","parameters":{},"actions":[{"type":"keyDown","value":"î€‡"},{"type":"pause","duration":10},{"type":"keyUp","value":"î€‡"}]}]}
COMMAND: GET /session/9a1232cba82ddf4e476e9164e77f8ae5/screenshot - {}
RESULT: {}
COMMAND: POST /session/9a1232cba82ddf4e476e9164e77f8ae5/element - {"using":"xpath","value":"//span[contains(text(), \"General Management\")]"}
RESULT: {"using":"xpath","value":"//span[contains(text(), \"General Management\")]"}
COMMAND: POST /session/9a1232cba82ddf4e476e9164e77f8ae5/element/f.6A59EF44FD37C6BF5E8460C410EAC6E4.d.A5A3632BB5BEB5926E23420D26C55327.e.8496/click - {}
RESULT: {}
COMMAND: GET /session/9a1232cba82ddf4e476e9164e77f8ae5/screenshot - {}
RESULT: {}
COMMAND: POST /session/9a1232cba82ddf4e476e9164e77f8ae5/element - {"using":"xpath","value":"//bdi[contains(text(), \"OK\")]"}
RESULT: {"using":"xpath","value":"//bdi[contains(text(), \"OK\")]"}
COMMAND: POST /session/9a1232cba82ddf4e476e9164e77f8ae5/element/f.6A59EF44FD37C6BF5E8460C410EAC6E4.d.A5A3632BB5BEB5926E23420D26C55327.e.8497/click - {}
RESULT: {}
COMMAND: GET /session/9a1232cba82ddf4e476e9164e77f8ae5/screenshot - {}
RESULT: {}
COMMAND: POST /session/9a1232cba82ddf4e476e9164e77f8ae5/element - {"using":"xpath","value":"//input[@id=\"application-managesites-display-component---NewSite--addressDetailDetailsCalendar-inner\"]"}
RESULT: {"using":"xpath","value":"//input[@id=\"application-managesites-display-component---NewSite--addressDetailDetailsCalendar-inner\"]"}
COMMAND: POST /session/9a1232cba82ddf4e476e9164e77f8ae5/element/f.6A59EF44FD37C6BF5E8460C410EAC6E4.d.A5A3632BB5BEB5926E23420D26C55327.e.8237/clear - {}
RESULT: {}
COMMAND: POST /session/9a1232cba82ddf4e476e9164e77f8ae5/element/f.6A59EF44FD37C6BF5E8460C410EAC6E4.d.A5A3632BB5BEB5926E23420D26C55327.e.8237/value - {"text":"Unit"}
COMMAND: GET /session/9a1232cba82ddf4e476e9164e77f8ae5/screenshot - {}
RESULT: {"text":"Unit"}
COMMAND: GET /session/9a1232cba82ddf4e476e9164e77f8ae5/screenshot - {}
RESULT: {}
RESULT: {}
COMMAND: POST /session/9a1232cba82ddf4e476e9164e77f8ae5/actions - {"actions":[{"id":"action28","type":"key","parameters":{},"actions":[{"type":"keyDown","value":"î€‡"},{"type":"pause","duration":10},{"type":"keyUp","value":"î€‡"}]}]}
RESULT: {"actions":[{"id":"action28","type":"key","parameters":{},"actions":[{"type":"keyDown","value":"î€‡"},{"type":"pause","duration":10},{"type":"keyUp","value":"î€‡"}]}]}
COMMAND: POST /session/9a1232cba82ddf4e476e9164e77f8ae5/element - {"using":"xpath","value":"//input[@id=\"application-managesites-display-component---NewSite--addressDetailDetailsYard-inner\"]"}
COMMAND: GET /session/9a1232cba82ddf4e476e9164e77f8ae5/screenshot - {}
RESULT: {"using":"xpath","value":"//input[@id=\"application-managesites-display-component---NewSite--addressDetailDetailsYard-inner\"]"}
COMMAND: POST /session/9a1232cba82ddf4e476e9164e77f8ae5/element/f.6A59EF44FD37C6BF5E8460C410EAC6E4.d.A5A3632BB5BEB5926E23420D26C55327.e.8238/clear - {}
RESULT: {}
RESULT: {}
COMMAND: POST /session/9a1232cba82ddf4e476e9164e77f8ae5/element/f.6A59EF44FD37C6BF5E8460C410EAC6E4.d.A5A3632BB5BEB5926E23420D26C55327.e.8238/value - {"text":"660"}
COMMAND: GET /session/9a1232cba82ddf4e476e9164e77f8ae5/screenshot - {}
RESULT: {"text":"660"}
COMMAND: GET /session/9a1232cba82ddf4e476e9164e77f8ae5/screenshot - {}
RESULT: {}
RESULT: {}
COMMAND: POST /session/9a1232cba82ddf4e476e9164e77f8ae5/element - {"using":"xpath","value":"//li[.//span[text()='660']]"}
RESULT: {"using":"xpath","value":"//li[.//span[text()='660']]"}
COMMAND: POST /session/9a1232cba82ddf4e476e9164e77f8ae5/element/f.6A59EF44FD37C6BF5E8460C410EAC6E4.d.A5A3632BB5BEB5926E23420D26C55327.e.8505/click - {}
RESULT: {}
COMMAND: GET /session/9a1232cba82ddf4e476e9164e77f8ae5/screenshot - {}
RESULT: {}
COMMAND: POST /session/9a1232cba82ddf4e476e9164e77f8ae5/element - {"using":"xpath","value":"//input[@id=\"application-managesites-display-component---NewSite--addressDetailDetailsPartner-inner\"]"}
RESULT: {"using":"xpath","value":"//input[@id=\"application-managesites-display-component---NewSite--addressDetailDetailsPartner-inner\"]"}
COMMAND: POST /session/9a1232cba82ddf4e476e9164e77f8ae5/element - {"using":"xpath","value":"//input[@id=\"application-managesites-display-component---NewSite--addressDetailDetailsPartner-inner\"]"}
RESULT: {"using":"xpath","value":"//input[@id=\"application-managesites-display-component---NewSite--addressDetailDetailsPartner-inner\"]"}
COMMAND: POST /session/9a1232cba82ddf4e476e9164e77f8ae5/element - {"using":"xpath","value":"//button[@data-kt=\"saveButton\"]"}
RESULT: {"using":"xpath","value":"//button[@data-kt=\"saveButton\"]"}
COMMAND: POST /session/9a1232cba82ddf4e476e9164e77f8ae5/element/f.6A59EF44FD37C6BF5E8460C410EAC6E4.d.A5A3632BB5BEB5926E23420D26C55327.e.8431/click - {}
RESULT: {}
COMMAND: GET /session/9a1232cba82ddf4e476e9164e77f8ae5/screenshot - {}
RESULT: {}
COMMAND: POST /session/9a1232cba82ddf4e476e9164e77f8ae5/element - {"using":"xpath","value":"//header[contains(@id, 'ObjectPageLayout-headerTitle')]/div[1]/div[2]/div[2]/span[1]"}
RESULT: {"using":"xpath","value":"//header[contains(@id, 'ObjectPageLayout-headerTitle')]/div[1]/div[2]/div[2]/span[1]"}
COMMAND: POST /session/9a1232cba82ddf4e476e9164e77f8ae5/elements - {"using":"xpath","value":"//header[contains(@id, 'ObjectPageLayout-headerTitle')]/div[1]/div[2]/div[2]/span[1]"}
RESULT: {"using":"xpath","value":"//header[contains(@id, 'ObjectPageLayout-headerTitle')]/div[1]/div[2]/div[2]/span[1]"}
COMMAND: POST /session/9a1232cba82ddf4e476e9164e77f8ae5/execute/sync - {"script":"<script> [56 bytes]","args":[{"element-6066-11e4-a52e-4f735466cecf":"f.6A59EF44FD37C6BF5E8460C410EAC6E4.d.A5A3632BB5BEB5926E23420D26C55327.e.8706","ELEMENT":"f.6A59EF44FD37C6BF5E8460C410EAC6E4.d.A5A3632BB5BEB5926E23420D26C55327.e.8706"}]}
RESULT: {"script":"<script> [56 bytes]","args":[{"element-6066-11e4-a52e-4f735466cecf":"f.6A59EF44FD37C6BF5E8460C410EAC6E4.d.A5A3632BB5BEB5926E23420D26C55327.e.8706","ELEMENT":"f.6A59EF44FD37C6BF5E8460C410EAC6E4.d.A5A3632BB5BEB5926E23420D26C55327.e.8706"}]}
COMMAND: POST /session/9a1232cba82ddf4e476e9164e77f8ae5/element - {"using":"css selector","value":"#shell-header-logo"}
COMMAND: GET /session/9a1232cba82ddf4e476e9164e77f8ae5/screenshot - {}
RESULT: {"using":"css selector","value":"#shell-header-logo"}
COMMAND: POST /session/9a1232cba82ddf4e476e9164e77f8ae5/element/f.6A59EF44FD37C6BF5E8460C410EAC6E4.d.A5A3632BB5BEB5926E23420D26C55327.e.7937/click - {}
RESULT: {}
RESULT: {}
COMMAND: GET /session/9a1232cba82ddf4e476e9164e77f8ae5/screenshot - {}
RESULT: {}
COMMAND: POST /session/9a1232cba82ddf4e476e9164e77f8ae5/execute/sync - {"script":"<script> [299 bytes]","args":[["getModel","getResource"]]}
RESULT: {"script":"<script> [299 bytes]","args":[["getModel","getResource"]]}
COMMAND: POST /session/9a1232cba82ddf4e476e9164e77f8ae5/actions - {"actions":[{"id":"action29","type":"key","parameters":{},"actions":[{"type":"keyDown","value":"î€‡"},{"type":"pause","duration":10},{"type":"keyUp","value":"î€‡"}]}]}
COMMAND: GET /session/9a1232cba82ddf4e476e9164e77f8ae5/screenshot - {}
RESULT: {"actions":[{"id":"action29","type":"key","parameters":{},"actions":[{"type":"keyDown","value":"î€‡"},{"type":"pause","duration":10},{"type":"keyUp","value":"î€‡"}]}]}
COMMAND: GET /session/9a1232cba82ddf4e476e9164e77f8ae5/screenshot - {}
RESULT: {}
RESULT: {}
COMMAND: POST /session/9a1232cba82ddf4e476e9164e77f8ae5/refresh - {}
RESULT: {}
COMMAND: GET /session/9a1232cba82ddf4e476e9164e77f8ae5/screenshot - {}
RESULT: {}
RESULT: undefined
COMMAND: POST /session/9a1232cba82ddf4e476e9164e77f8ae5/refresh - {}
RESULT: {}
COMMAND: GET /session/9a1232cba82ddf4e476e9164e77f8ae5/screenshot - {}
RESULT: {}
COMMAND: POST /session/9a1232cba82ddf4e476e9164e77f8ae5/window/fullscreen - {}
RESULT: {}
COMMAND: POST /session/9a1232cba82ddf4e476e9164e77f8ae5/execute/async - {"script":"<script> [189 bytes]","args":[]}
RESULT: {"script":"<script> [189 bytes]","args":[]}
COMMAND: POST /session/9a1232cba82ddf4e476e9164e77f8ae5/execute/async - {"script":"<script> [123 bytes]","args":[]}
RESULT: {"script":"<script> [123 bytes]","args":[]}
COMMAND: POST /session/9a1232cba82ddf4e476e9164e77f8ae5/timeouts - {"script":"<number>"}
RESULT: {"script":"<number>"}
COMMAND: GET /session/9a1232cba82ddf4e476e9164e77f8ae5/timeouts - {}
RESULT: {}
RESULT: undefined
COMMAND: POST /session/9a1232cba82ddf4e476e9164e77f8ae5/execute/async - {"script":"<script> [2676 bytes]","args":[]}
RESULT: {"script":"<script> [2676 bytes]","args":[]}
COMMAND: POST /session/9a1232cba82ddf4e476e9164e77f8ae5/execute/async - {"script":"<script> [2342 bytes]","args":[{"protocol":"http","hostname":"0.0.0.0","path":"/","capabilities":{"browserName":"chrome","goog:chromeOptions":{"binary":"C:\\Program Files\\Google\\Chrome\\Application\\chrome.exe","args":["--start-maximized"]}},"logLevel":"warn","connectionRetryTimeout":120000,"connectionRetryCount":3,"logLevels":{},"enableDirectConnect":true,"strictSSL":true,"_":"65 more keys: [\"cacheDir\",\"port\",\"requestedCapabilities\",\"automationProtocol\",\"baseUrl\",\"waitforInterval\",\"waitforTimeout\",\"onReload\",\"beforeCommand\",\"afterCommand\",\"rootDir\",\"specs\",\"suites\",\"exclude\",\"groupLogsByTestSpec\",\"excludeDriverLogs\",\"bail\",\"framework\",\"reporters\",\"services\",\"maxInstances\",\"maxInstancesPerCapability\",\"injectGlobals\",\"filesToWatch\",\"execArgv\",\"runnerEnv\",\"runner\",\"shard\",\"specFileRetries\",\"specFileRetriesDelay\",\"specFileRetriesDeferred\",\"reporterSyncInterval\",\"reporterSyncTimeout\",\"cucumberFeaturesWithLineNumbers\",\"autoCompileOpts\",\"mochaOpts\",\"jasmineOpts\",\"cucumberOpts\",\"onPrepare\",\"onWorkerStart\",\"onWorkerEnd\",\"before\",\"beforeSession\",\"beforeSuite\",\"beforeHook\",\"beforeTest\",\"afterTest\",\"afterHook\",\"afterSuite\",\"afterSession\",\"after\",\"onComplete\",\"beforeAssertion\",\"afterAssertion\",\"beforeFeature\",\"beforeScenario\",\"beforeStep\",\"afterStep\",\"afterScenario\",\"afterFeature\",\"_\",\"suite\",\"$0\",\"ignoredWorkerServices\",\"wdi5\"]"}]}
RESULT: {"script":"<script> [2342 bytes]","args":[{"protocol":"http","hostname":"0.0.0.0","path":"/","capabilities":{"browserName":"chrome","goog:chromeOptions":{"binary":"C:\\Program Files\\Google\\Chrome\\Application\\chrome.exe","args":["--start-maximized"]}},"logLevel":"warn","connectionRetryTimeout":120000,"connectionRetryCount":3,"logLevels":{},"enableDirectConnect":true,"strictSSL":true,"_":"65 more keys: [\"cacheDir\",\"port\",\"requestedCapabilities\",\"automationProtocol\",\"baseUrl\",\"waitforInterval\",\"waitforTimeout\",\"onReload\",\"beforeCommand\",\"afterCommand\",\"rootDir\",\"specs\",\"suites\",\"exclude\",\"groupLogsByTestSpec\",\"excludeDriverLogs\",\"bail\",\"framework\",\"reporters\",\"services\",\"maxInstances\",\"maxInstancesPerCapability\",\"injectGlobals\",\"filesToWatch\",\"execArgv\",\"runnerEnv\",\"runner\",\"shard\",\"specFileRetries\",\"specFileRetriesDelay\",\"specFileRetriesDeferred\",\"reporterSyncInterval\",\"reporterSyncTimeout\",\"cucumberFeaturesWithLineNumbers\",\"autoCompileOpts\",\"mochaOpts\",\"jasmineOpts\",\"cucumberOpts\",\"onPrepare\",\"onWorkerStart\",\"onWorkerEnd\",\"before\",\"beforeSession\",\"beforeSuite\",\"beforeHook\",\"beforeTest\",\"afterTest\",\"afterHook\",\"afterSuite\",\"afterSession\",\"after\",\"onComplete\",\"beforeAssertion\",\"afterAssertion\",\"beforeFeature\",\"beforeScenario\",\"beforeStep\",\"afterStep\",\"afterScenario\",\"afterFeature\",\"_\",\"suite\",\"$0\",\"ignoredWorkerServices\",\"wdi5\"]"}]}
COMMAND: POST /session/9a1232cba82ddf4e476e9164e77f8ae5/execute/async - {"script":"<script> [21126 bytes]","args":[35000]}
RESULT: {"script":"<script> [21126 bytes]","args":[35000]}
COMMAND: POST /session/9a1232cba82ddf4e476e9164e77f8ae5/window/fullscreen - {}
RESULT: {}
]]></system-out>
    </testcase>
    <testcase classname="chrome.137_0_7151_56.windows.Provide_to_Site_w/o_warehouse_management_w/_clarification_US116605" name="Should create a new material" time="143.959">
      <system-out><![CDATA[
COMMAND: POST /session/9a1232cba82ddf4e476e9164e77f8ae5/execute/async - {"script":"<script> [1562 bytes]","args":[{"selector":{"controlType":"sap.m.GenericTile","properties":{"header":"Manage Resources"}},"wdio_ui5_key":"sapm.GenericTile{\"header\":\"Manage Resources\"}"}]}
RESULT: {"script":"<script> [1562 bytes]","args":[{"selector":{"controlType":"sap.m.GenericTile","properties":{"header":"Manage Resources"}},"wdio_ui5_key":"sapm.GenericTile{\"header\":\"Manage Resources\"}"}]}
RESULT: undefined
COMMAND: POST /session/9a1232cba82ddf4e476e9164e77f8ae5/element - {"using":"xpath","value":"//*[@id=\"__tile31\"]"}
RESULT: {"using":"xpath","value":"//*[@id=\"__tile31\"]"}
COMMAND: POST /session/9a1232cba82ddf4e476e9164e77f8ae5/element/f.6A59EF44FD37C6BF5E8460C410EAC6E4.d.0016A05B9539462C6E145E70E3F44D0D.e.8780/click - {}
RESULT: {}
COMMAND: GET /session/9a1232cba82ddf4e476e9164e77f8ae5/screenshot - {}
RESULT: {}
COMMAND: POST /session/9a1232cba82ddf4e476e9164e77f8ae5/elements - {"using":"xpath","value":"//span[text()='Error']"}
RESULT: {"using":"xpath","value":"//span[text()='Error']"}
COMMAND: POST /session/9a1232cba82ddf4e476e9164e77f8ae5/element - {"using":"xpath","value":"//button[@data-kt=\"addNewRUOverflowToolbarButton\"]"}
RESULT: {"using":"xpath","value":"//button[@data-kt=\"addNewRUOverflowToolbarButton\"]"}
COMMAND: POST /session/9a1232cba82ddf4e476e9164e77f8ae5/elements - {"using":"xpath","value":"//button[@data-kt=\"addNewRUOverflowToolbarButton\"]"}
RESULT: {"using":"xpath","value":"//button[@data-kt=\"addNewRUOverflowToolbarButton\"]"}
COMMAND: POST /session/9a1232cba82ddf4e476e9164e77f8ae5/elements - {"using":"xpath","value":"//button[@data-kt=\"addNewRUOverflowToolbarButton\"]"}
RESULT: {"using":"xpath","value":"//button[@data-kt=\"addNewRUOverflowToolbarButton\"]"}
COMMAND: POST /session/9a1232cba82ddf4e476e9164e77f8ae5/elements - {"using":"xpath","value":"//button[@data-kt=\"addNewRUOverflowToolbarButton\"]"}
RESULT: {"using":"xpath","value":"//button[@data-kt=\"addNewRUOverflowToolbarButton\"]"}
COMMAND: POST /session/9a1232cba82ddf4e476e9164e77f8ae5/elements - {"using":"xpath","value":"//button[@data-kt=\"addNewRUOverflowToolbarButton\"]"}
RESULT: {"using":"xpath","value":"//button[@data-kt=\"addNewRUOverflowToolbarButton\"]"}
COMMAND: POST /session/9a1232cba82ddf4e476e9164e77f8ae5/elements - {"using":"xpath","value":"//button[@data-kt=\"addNewRUOverflowToolbarButton\"]"}
RESULT: {"using":"xpath","value":"//button[@data-kt=\"addNewRUOverflowToolbarButton\"]"}
COMMAND: POST /session/9a1232cba82ddf4e476e9164e77f8ae5/elements - {"using":"xpath","value":"//button[@data-kt=\"addNewRUOverflowToolbarButton\"]"}
RESULT: {"using":"xpath","value":"//button[@data-kt=\"addNewRUOverflowToolbarButton\"]"}
COMMAND: POST /session/9a1232cba82ddf4e476e9164e77f8ae5/elements - {"using":"xpath","value":"//button[@data-kt=\"addNewRUOverflowToolbarButton\"]"}
RESULT: {"using":"xpath","value":"//button[@data-kt=\"addNewRUOverflowToolbarButton\"]"}
COMMAND: POST /session/9a1232cba82ddf4e476e9164e77f8ae5/elements - {"using":"xpath","value":"//button[@data-kt=\"addNewRUOverflowToolbarButton\"]"}
RESULT: {"using":"xpath","value":"//button[@data-kt=\"addNewRUOverflowToolbarButton\"]"}
COMMAND: POST /session/9a1232cba82ddf4e476e9164e77f8ae5/elements - {"using":"xpath","value":"//button[@data-kt=\"addNewRUOverflowToolbarButton\"]"}
RESULT: {"using":"xpath","value":"//button[@data-kt=\"addNewRUOverflowToolbarButton\"]"}
COMMAND: POST /session/9a1232cba82ddf4e476e9164e77f8ae5/elements - {"using":"xpath","value":"//button[@data-kt=\"addNewRUOverflowToolbarButton\"]"}
RESULT: {"using":"xpath","value":"//button[@data-kt=\"addNewRUOverflowToolbarButton\"]"}
COMMAND: POST /session/9a1232cba82ddf4e476e9164e77f8ae5/elements - {"using":"xpath","value":"//button[@data-kt=\"addNewRUOverflowToolbarButton\"]"}
RESULT: {"using":"xpath","value":"//button[@data-kt=\"addNewRUOverflowToolbarButton\"]"}
COMMAND: POST /session/9a1232cba82ddf4e476e9164e77f8ae5/elements - {"using":"xpath","value":"//button[@data-kt=\"addNewRUOverflowToolbarButton\"]"}
RESULT: {"using":"xpath","value":"//button[@data-kt=\"addNewRUOverflowToolbarButton\"]"}
COMMAND: POST /session/9a1232cba82ddf4e476e9164e77f8ae5/elements - {"using":"xpath","value":"//button[@data-kt=\"addNewRUOverflowToolbarButton\"]"}
RESULT: {"using":"xpath","value":"//button[@data-kt=\"addNewRUOverflowToolbarButton\"]"}
COMMAND: POST /session/9a1232cba82ddf4e476e9164e77f8ae5/elements - {"using":"xpath","value":"//button[@data-kt=\"addNewRUOverflowToolbarButton\"]"}
RESULT: {"using":"xpath","value":"//button[@data-kt=\"addNewRUOverflowToolbarButton\"]"}
COMMAND: POST /session/9a1232cba82ddf4e476e9164e77f8ae5/elements - {"using":"xpath","value":"//button[@data-kt=\"addNewRUOverflowToolbarButton\"]"}
RESULT: {"using":"xpath","value":"//button[@data-kt=\"addNewRUOverflowToolbarButton\"]"}
COMMAND: POST /session/9a1232cba82ddf4e476e9164e77f8ae5/elements - {"using":"xpath","value":"//button[@data-kt=\"addNewRUOverflowToolbarButton\"]"}
RESULT: {"using":"xpath","value":"//button[@data-kt=\"addNewRUOverflowToolbarButton\"]"}
COMMAND: POST /session/9a1232cba82ddf4e476e9164e77f8ae5/elements - {"using":"xpath","value":"//button[@data-kt=\"addNewRUOverflowToolbarButton\"]"}
RESULT: {"using":"xpath","value":"//button[@data-kt=\"addNewRUOverflowToolbarButton\"]"}
COMMAND: POST /session/9a1232cba82ddf4e476e9164e77f8ae5/elements - {"using":"xpath","value":"//button[@data-kt=\"addNewRUOverflowToolbarButton\"]"}
RESULT: {"using":"xpath","value":"//button[@data-kt=\"addNewRUOverflowToolbarButton\"]"}
COMMAND: POST /session/9a1232cba82ddf4e476e9164e77f8ae5/elements - {"using":"xpath","value":"//button[@data-kt=\"addNewRUOverflowToolbarButton\"]"}
RESULT: {"using":"xpath","value":"//button[@data-kt=\"addNewRUOverflowToolbarButton\"]"}
COMMAND: POST /session/9a1232cba82ddf4e476e9164e77f8ae5/elements - {"using":"xpath","value":"//button[@data-kt=\"addNewRUOverflowToolbarButton\"]"}
RESULT: {"using":"xpath","value":"//button[@data-kt=\"addNewRUOverflowToolbarButton\"]"}
COMMAND: POST /session/9a1232cba82ddf4e476e9164e77f8ae5/elements - {"using":"xpath","value":"//button[@data-kt=\"addNewRUOverflowToolbarButton\"]"}
RESULT: {"using":"xpath","value":"//button[@data-kt=\"addNewRUOverflowToolbarButton\"]"}
COMMAND: POST /session/9a1232cba82ddf4e476e9164e77f8ae5/element - {"using":"xpath","value":"//button[@data-kt=\"addNewRUOverflowToolbarButton\"]"}
RESULT: {"using":"xpath","value":"//button[@data-kt=\"addNewRUOverflowToolbarButton\"]"}
COMMAND: POST /session/9a1232cba82ddf4e476e9164e77f8ae5/execute/sync - {"script":"<script> [8489 bytes]","args":[{"element-6066-11e4-a52e-4f735466cecf":"f.6A59EF44FD37C6BF5E8460C410EAC6E4.d.0016A05B9539462C6E145E70E3F44D0D.e.8899","ELEMENT":"f.6A59EF44FD37C6BF5E8460C410EAC6E4.d.0016A05B9539462C6E145E70E3F44D0D.e.8899"}]}
RESULT: {"script":"<script> [8489 bytes]","args":[{"element-6066-11e4-a52e-4f735466cecf":"f.6A59EF44FD37C6BF5E8460C410EAC6E4.d.0016A05B9539462C6E145E70E3F44D0D.e.8899","ELEMENT":"f.6A59EF44FD37C6BF5E8460C410EAC6E4.d.0016A05B9539462C6E145E70E3F44D0D.e.8899"}]}
COMMAND: GET /session/9a1232cba82ddf4e476e9164e77f8ae5/element/f.6A59EF44FD37C6BF5E8460C410EAC6E4.d.0016A05B9539462C6E145E70E3F44D0D.e.8899/enabled - {}
COMMAND: GET /session/9a1232cba82ddf4e476e9164e77f8ae5/screenshot - {}
RESULT: {}
RESULT: {}
COMMAND: POST /session/9a1232cba82ddf4e476e9164e77f8ae5/execute/sync - {"script":"<script> [8489 bytes]","args":[{"element-6066-11e4-a52e-4f735466cecf":"f.6A59EF44FD37C6BF5E8460C410EAC6E4.d.0016A05B9539462C6E145E70E3F44D0D.e.8899","ELEMENT":"f.6A59EF44FD37C6BF5E8460C410EAC6E4.d.0016A05B9539462C6E145E70E3F44D0D.e.8899"}]}
COMMAND: GET /session/9a1232cba82ddf4e476e9164e77f8ae5/screenshot - {}
RESULT: {"script":"<script> [8489 bytes]","args":[{"element-6066-11e4-a52e-4f735466cecf":"f.6A59EF44FD37C6BF5E8460C410EAC6E4.d.0016A05B9539462C6E145E70E3F44D0D.e.8899","ELEMENT":"f.6A59EF44FD37C6BF5E8460C410EAC6E4.d.0016A05B9539462C6E145E70E3F44D0D.e.8899"}]}
COMMAND: POST /session/9a1232cba82ddf4e476e9164e77f8ae5/execute/sync - {"script":"<script> [5351 bytes]","args":[{"element-6066-11e4-a52e-4f735466cecf":"f.6A59EF44FD37C6BF5E8460C410EAC6E4.d.0016A05B9539462C6E145E70E3F44D0D.e.8899","ELEMENT":"f.6A59EF44FD37C6BF5E8460C410EAC6E4.d.0016A05B9539462C6E145E70E3F44D0D.e.8899"}]}
COMMAND: GET /session/9a1232cba82ddf4e476e9164e77f8ae5/screenshot - {}
RESULT: {}
RESULT: {"script":"<script> [5351 bytes]","args":[{"element-6066-11e4-a52e-4f735466cecf":"f.6A59EF44FD37C6BF5E8460C410EAC6E4.d.0016A05B9539462C6E145E70E3F44D0D.e.8899","ELEMENT":"f.6A59EF44FD37C6BF5E8460C410EAC6E4.d.0016A05B9539462C6E145E70E3F44D0D.e.8899"}]}
COMMAND: POST /session/9a1232cba82ddf4e476e9164e77f8ae5/element/f.6A59EF44FD37C6BF5E8460C410EAC6E4.d.0016A05B9539462C6E145E70E3F44D0D.e.8899/click - {}
COMMAND: GET /session/9a1232cba82ddf4e476e9164e77f8ae5/screenshot - {}
RESULT: {}
RESULT: {}
COMMAND: GET /session/9a1232cba82ddf4e476e9164e77f8ae5/screenshot - {}
COMMAND: POST /session/9a1232cba82ddf4e476e9164e77f8ae5/execute/async - {"script":"<script> [1562 bytes]","args":[{"selector":{"id":"application-manageresources-display-component---newResourceUnit--TYPE-arrow"},"wdio_ui5_key":"applicationmanageresources-display-component---newResourceUnit--TYPE-arrow"}]}
RESULT: {}
RESULT: {}
RESULT: {"script":"<script> [1562 bytes]","args":[{"selector":{"id":"application-manageresources-display-component---newResourceUnit--TYPE-arrow"},"wdio_ui5_key":"applicationmanageresources-display-component---newResourceUnit--TYPE-arrow"}]}
RESULT: undefined
COMMAND: POST /session/9a1232cba82ddf4e476e9164e77f8ae5/element - {"using":"xpath","value":"//*[@id=\"application-manageresources-display-component---newResourceUnit--TYPE-arrow\"]"}
RESULT: {"using":"xpath","value":"//*[@id=\"application-manageresources-display-component---newResourceUnit--TYPE-arrow\"]"}
COMMAND: POST /session/9a1232cba82ddf4e476e9164e77f8ae5/element/f.6A59EF44FD37C6BF5E8460C410EAC6E4.d.0016A05B9539462C6E145E70E3F44D0D.e.9255/click - {}
RESULT: {}
COMMAND: POST /session/9a1232cba82ddf4e476e9164e77f8ae5/element - {"using":"xpath","value":"//input[@id=\"application-manageresources-display-component---newResourceUnit--TYPE-inner\"]"}
COMMAND: GET /session/9a1232cba82ddf4e476e9164e77f8ae5/screenshot - {}
RESULT: {"using":"xpath","value":"//input[@id=\"application-manageresources-display-component---newResourceUnit--TYPE-inner\"]"}
COMMAND: POST /session/9a1232cba82ddf4e476e9164e77f8ae5/element/f.6A59EF44FD37C6BF5E8460C410EAC6E4.d.0016A05B9539462C6E145E70E3F44D0D.e.9240/clear - {}
RESULT: {}
RESULT: {}
COMMAND: POST /session/9a1232cba82ddf4e476e9164e77f8ae5/element/f.6A59EF44FD37C6BF5E8460C410EAC6E4.d.0016A05B9539462C6E145E70E3F44D0D.e.9240/value - {"text":"Material"}
COMMAND: GET /session/9a1232cba82ddf4e476e9164e77f8ae5/screenshot - {}
RESULT: {"text":"Material"}
COMMAND: GET /session/9a1232cba82ddf4e476e9164e77f8ae5/screenshot - {}
RESULT: {}
RESULT: {}
COMMAND: POST /session/9a1232cba82ddf4e476e9164e77f8ae5/actions - {"actions":[{"id":"action30","type":"key","parameters":{},"actions":[{"type":"keyDown","value":"î€‡"},{"type":"pause","duration":10},{"type":"keyUp","value":"î€‡"}]}]}
RESULT: {"actions":[{"id":"action30","type":"key","parameters":{},"actions":[{"type":"keyDown","value":"î€‡"},{"type":"pause","duration":10},{"type":"keyUp","value":"î€‡"}]}]}
COMMAND: POST /session/9a1232cba82ddf4e476e9164e77f8ae5/execute/async - {"script":"<script> [1562 bytes]","args":[{"selector":{"id":"application-manageresources-display-component---newResourceUnit--SHORT_TEXT","interaction":{"idSuffix":"inner"}},"wdio_ui5_key":"applicationmanageresources-display-component---newResourceUnit--SHORT_TEXT"}]}
COMMAND: GET /session/9a1232cba82ddf4e476e9164e77f8ae5/screenshot - {}
RESULT: {"script":"<script> [1562 bytes]","args":[{"selector":{"id":"application-manageresources-display-component---newResourceUnit--SHORT_TEXT","interaction":{"idSuffix":"inner"}},"wdio_ui5_key":"applicationmanageresources-display-component---newResourceUnit--SHORT_TEXT"}]}
RESULT: undefined
COMMAND: POST /session/9a1232cba82ddf4e476e9164e77f8ae5/execute/async - {"script":"<script> [776 bytes]","args":[{"enterText":"Cement WDIO","selector":{"id":"application-manageresources-display-component---newResourceUnit--SHORT_TEXT","interaction":{"idSuffix":"inner"}},"clearTextFirst":true,"interactionType":"ENTER_TEXT"}]}
RESULT: {}
RESULT: {"script":"<script> [776 bytes]","args":[{"enterText":"Cement WDIO","selector":{"id":"application-manageresources-display-component---newResourceUnit--SHORT_TEXT","interaction":{"idSuffix":"inner"}},"clearTextFirst":true,"interactionType":"ENTER_TEXT"}]}
COMMAND: POST /session/9a1232cba82ddf4e476e9164e77f8ae5/execute/async - {"script":"<script> [1562 bytes]","args":[{"selector":{"id":"application-manageresources-display-component---newResourceUnit--BASE_UNIT_OF_MEASURE","interaction":{"idSuffix":"inner"}},"wdio_ui5_key":"applicationmanageresources-display-component---newResourceUnit--BASE_UNIT_OF_MEASURE"}]}
RESULT: {"script":"<script> [1562 bytes]","args":[{"selector":{"id":"application-manageresources-display-component---newResourceUnit--BASE_UNIT_OF_MEASURE","interaction":{"idSuffix":"inner"}},"wdio_ui5_key":"applicationmanageresources-display-component---newResourceUnit--BASE_UNIT_OF_MEASURE"}]}
RESULT: undefined
COMMAND: POST /session/9a1232cba82ddf4e476e9164e77f8ae5/execute/async - {"script":"<script> [776 bytes]","args":[{"enterText":"Piece","selector":{"id":"application-manageresources-display-component---newResourceUnit--BASE_UNIT_OF_MEASURE","interaction":{"idSuffix":"inner"}},"clearTextFirst":true,"interactionType":"ENTER_TEXT"}]}
RESULT: {"script":"<script> [776 bytes]","args":[{"enterText":"Piece","selector":{"id":"application-manageresources-display-component---newResourceUnit--BASE_UNIT_OF_MEASURE","interaction":{"idSuffix":"inner"}},"clearTextFirst":true,"interactionType":"ENTER_TEXT"}]}
COMMAND: POST /session/9a1232cba82ddf4e476e9164e77f8ae5/execute/async - {"script":"<script> [1562 bytes]","args":[{"selector":{"id":"application-manageresources-display-component---newResourceUnit--WEIGHT_UNIT","interaction":{"idSuffix":"inner"}},"wdio_ui5_key":"applicationmanageresources-display-component---newResourceUnit--WEIGHT_UNIT"}]}
RESULT: {"script":"<script> [1562 bytes]","args":[{"selector":{"id":"application-manageresources-display-component---newResourceUnit--WEIGHT_UNIT","interaction":{"idSuffix":"inner"}},"wdio_ui5_key":"applicationmanageresources-display-component---newResourceUnit--WEIGHT_UNIT"}]}
RESULT: undefined
COMMAND: POST /session/9a1232cba82ddf4e476e9164e77f8ae5/execute/async - {"script":"<script> [776 bytes]","args":[{"enterText":"Gram","selector":{"id":"application-manageresources-display-component---newResourceUnit--WEIGHT_UNIT","interaction":{"idSuffix":"inner"}},"clearTextFirst":true,"interactionType":"ENTER_TEXT"}]}
RESULT: {"script":"<script> [776 bytes]","args":[{"enterText":"Gram","selector":{"id":"application-manageresources-display-component---newResourceUnit--WEIGHT_UNIT","interaction":{"idSuffix":"inner"}},"clearTextFirst":true,"interactionType":"ENTER_TEXT"}]}
COMMAND: POST /session/9a1232cba82ddf4e476e9164e77f8ae5/execute/async - {"script":"<script> [1562 bytes]","args":[{"selector":{"id":"application-manageresources-display-component---newResourceUnit--DIMENSION_UNIT","interaction":{"idSuffix":"inner"}},"wdio_ui5_key":"applicationmanageresources-display-component---newResourceUnit--DIMENSION_UNIT"}]}
RESULT: {"script":"<script> [1562 bytes]","args":[{"selector":{"id":"application-manageresources-display-component---newResourceUnit--DIMENSION_UNIT","interaction":{"idSuffix":"inner"}},"wdio_ui5_key":"applicationmanageresources-display-component---newResourceUnit--DIMENSION_UNIT"}]}
RESULT: undefined
COMMAND: POST /session/9a1232cba82ddf4e476e9164e77f8ae5/execute/async - {"script":"<script> [776 bytes]","args":[{"enterText":"Meter","selector":{"id":"application-manageresources-display-component---newResourceUnit--DIMENSION_UNIT","interaction":{"idSuffix":"inner"}},"clearTextFirst":true,"interactionType":"ENTER_TEXT"}]}
RESULT: {"script":"<script> [776 bytes]","args":[{"enterText":"Meter","selector":{"id":"application-manageresources-display-component---newResourceUnit--DIMENSION_UNIT","interaction":{"idSuffix":"inner"}},"clearTextFirst":true,"interactionType":"ENTER_TEXT"}]}
COMMAND: POST /session/9a1232cba82ddf4e476e9164e77f8ae5/execute/async - {"script":"<script> [1562 bytes]","args":[{"selector":{"id":"application-manageresources-display-component---newResourceUnit--newRRUPage-anchBar-application-manageresources-display-component---newResourceUnit--control-anchor","interaction":{"idSuffix":"BDI-content"}},"wdio_ui5_key":"applicationmanageresources-display-component---newResourceUnit--newRRUPage-anchBar-application-manageresources-display-component---newResourceUnit--control-anchor"}]}
RESULT: {"script":"<script> [1562 bytes]","args":[{"selector":{"id":"application-manageresources-display-component---newResourceUnit--newRRUPage-anchBar-application-manageresources-display-component---newResourceUnit--control-anchor","interaction":{"idSuffix":"BDI-content"}},"wdio_ui5_key":"applicationmanageresources-display-component---newResourceUnit--newRRUPage-anchBar-application-manageresources-display-component---newResourceUnit--control-anchor"}]}
RESULT: undefined
COMMAND: POST /session/9a1232cba82ddf4e476e9164e77f8ae5/element - {"using":"xpath","value":"//*[@id=\"application-manageresources-display-component---newResourceUnit--newRRUPage-anchBar-application-manageresources-display-component---newResourceUnit--control-anchor\"]"}
RESULT: {"using":"xpath","value":"//*[@id=\"application-manageresources-display-component---newResourceUnit--newRRUPage-anchBar-application-manageresources-display-component---newResourceUnit--control-anchor\"]"}
COMMAND: POST /session/9a1232cba82ddf4e476e9164e77f8ae5/element/f.6A59EF44FD37C6BF5E8460C410EAC6E4.d.0016A05B9539462C6E145E70E3F44D0D.e.9386/click - {}
RESULT: {}
COMMAND: POST /session/9a1232cba82ddf4e476e9164e77f8ae5/execute/async - {"script":"<script> [1562 bytes]","args":[{"selector":{"id":"application-manageresources-display-component---newResourceUnit--PLANNING_GROUP","interaction":{"idSuffix":"inner"}},"wdio_ui5_key":"applicationmanageresources-display-component---newResourceUnit--PLANNING_GROUP"}]}
COMMAND: GET /session/9a1232cba82ddf4e476e9164e77f8ae5/screenshot - {}
RESULT: {"script":"<script> [1562 bytes]","args":[{"selector":{"id":"application-manageresources-display-component---newResourceUnit--PLANNING_GROUP","interaction":{"idSuffix":"inner"}},"wdio_ui5_key":"applicationmanageresources-display-component---newResourceUnit--PLANNING_GROUP"}]}
RESULT: undefined
COMMAND: POST /session/9a1232cba82ddf4e476e9164e77f8ae5/execute/async - {"script":"<script> [776 bytes]","args":[{"enterText":"Material","selector":{"id":"application-manageresources-display-component---newResourceUnit--PLANNING_GROUP","interaction":{"idSuffix":"inner"}},"clearTextFirst":true,"interactionType":"ENTER_TEXT"}]}
RESULT: {}
RESULT: {"script":"<script> [776 bytes]","args":[{"enterText":"Material","selector":{"id":"application-manageresources-display-component---newResourceUnit--PLANNING_GROUP","interaction":{"idSuffix":"inner"}},"clearTextFirst":true,"interactionType":"ENTER_TEXT"}]}
COMMAND: POST /session/9a1232cba82ddf4e476e9164e77f8ae5/execute/async - {"script":"<script> [1562 bytes]","args":[{"selector":{"id":"application-manageresources-display-component---newResourceUnit--PLANNING_INDICATOR","interaction":{"idSuffix":"inner"}},"wdio_ui5_key":"applicationmanageresources-display-component---newResourceUnit--PLANNING_INDICATOR"}]}
RESULT: {"script":"<script> [1562 bytes]","args":[{"selector":{"id":"application-manageresources-display-component---newResourceUnit--PLANNING_INDICATOR","interaction":{"idSuffix":"inner"}},"wdio_ui5_key":"applicationmanageresources-display-component---newResourceUnit--PLANNING_INDICATOR"}]}
RESULT: undefined
COMMAND: POST /session/9a1232cba82ddf4e476e9164e77f8ae5/execute/async - {"script":"<script> [776 bytes]","args":[{"enterText":"10 - infinite","selector":{"id":"application-manageresources-display-component---newResourceUnit--PLANNING_INDICATOR","interaction":{"idSuffix":"inner"}},"clearTextFirst":true,"interactionType":"ENTER_TEXT"}]}
RESULT: {"script":"<script> [776 bytes]","args":[{"enterText":"10 - infinite","selector":{"id":"application-manageresources-display-component---newResourceUnit--PLANNING_INDICATOR","interaction":{"idSuffix":"inner"}},"clearTextFirst":true,"interactionType":"ENTER_TEXT"}]}
COMMAND: POST /session/9a1232cba82ddf4e476e9164e77f8ae5/element - {"using":"css selector","value":"#application-manageresources-display-component---newResourceUnit--btnAddTimeSegment"}
RESULT: {"using":"css selector","value":"#application-manageresources-display-component---newResourceUnit--btnAddTimeSegment"}
COMMAND: GET /session/9a1232cba82ddf4e476e9164e77f8ae5/element/f.6A59EF44FD37C6BF5E8460C410EAC6E4.d.0016A05B9539462C6E145E70E3F44D0D.e.9394/rect - {}
RESULT: {}
COMMAND: GET /session/9a1232cba82ddf4e476e9164e77f8ae5/window/rect - {}
RESULT: {}
COMMAND: POST /session/9a1232cba82ddf4e476e9164e77f8ae5/execute/sync - {"script":"<script> [92 bytes]","args":[]}
RESULT: {"script":"<script> [92 bytes]","args":[]}
COMMAND: POST /session/9a1232cba82ddf4e476e9164e77f8ae5/actions - {"actions":[{"id":"action31","type":"wheel","parameters":{},"actions":[{"type":"scroll","x":-1888,"y":-32,"deltaX":0,"deltaY":0,"duration":0,"origin":{"element-6066-11e4-a52e-4f735466cecf":"f.6A59EF44FD37C6BF5E8460C410EAC6E4.d.0016A05B9539462C6E145E70E3F44D0D.e.9394"}}]}]}
COMMAND: GET /session/9a1232cba82ddf4e476e9164e77f8ae5/screenshot - {}
RESULT: {}
COMMAND: POST /session/9a1232cba82ddf4e476e9164e77f8ae5/execute/sync - {"script":"<script> [79 bytes]","args":[{"element-6066-11e4-a52e-4f735466cecf":"f.6A59EF44FD37C6BF5E8460C410EAC6E4.d.0016A05B9539462C6E145E70E3F44D0D.e.9394","ELEMENT":"f.6A59EF44FD37C6BF5E8460C410EAC6E4.d.0016A05B9539462C6E145E70E3F44D0D.e.9394"},{"block":"start","inline":"nearest"}]}
RESULT: {"script":"<script> [79 bytes]","args":[{"element-6066-11e4-a52e-4f735466cecf":"f.6A59EF44FD37C6BF5E8460C410EAC6E4.d.0016A05B9539462C6E145E70E3F44D0D.e.9394","ELEMENT":"f.6A59EF44FD37C6BF5E8460C410EAC6E4.d.0016A05B9539462C6E145E70E3F44D0D.e.9394"},{"block":"start","inline":"nearest"}]}
COMMAND: POST /session/9a1232cba82ddf4e476e9164e77f8ae5/execute/async - {"script":"<script> [1562 bytes]","args":[{"selector":{"id":"application-manageresources-display-component---newResourceUnit--btnAddTimeSegment","interaction":{"idSuffix":"inner"}},"wdio_ui5_key":"applicationmanageresources-display-component---newResourceUnit--btnAddTimeSegment"}]}
COMMAND: GET /session/9a1232cba82ddf4e476e9164e77f8ae5/screenshot - {}
RESULT: {"script":"<script> [1562 bytes]","args":[{"selector":{"id":"application-manageresources-display-component---newResourceUnit--btnAddTimeSegment","interaction":{"idSuffix":"inner"}},"wdio_ui5_key":"applicationmanageresources-display-component---newResourceUnit--btnAddTimeSegment"}]}
RESULT: undefined
COMMAND: POST /session/9a1232cba82ddf4e476e9164e77f8ae5/element - {"using":"xpath","value":"//*[@id=\"application-manageresources-display-component---newResourceUnit--btnAddTimeSegment\"]"}
RESULT: {}
RESULT: {"using":"xpath","value":"//*[@id=\"application-manageresources-display-component---newResourceUnit--btnAddTimeSegment\"]"}
COMMAND: POST /session/9a1232cba82ddf4e476e9164e77f8ae5/element/f.6A59EF44FD37C6BF5E8460C410EAC6E4.d.0016A05B9539462C6E145E70E3F44D0D.e.9394/click - {}
RESULT: {}
COMMAND: GET /session/9a1232cba82ddf4e476e9164e77f8ae5/screenshot - {}
RESULT: {}
COMMAND: POST /session/9a1232cba82ddf4e476e9164e77f8ae5/element - {"using":"xpath","value":"//input[@id=\"application-manageresources-display-component---newResourceUnit--idRuTSAdmin-application-manageresources-display-component---newResourceUnit--RUTimeSegment-0-inner\"]"}
RESULT: {"using":"xpath","value":"//input[@id=\"application-manageresources-display-component---newResourceUnit--idRuTSAdmin-application-manageresources-display-component---newResourceUnit--RUTimeSegment-0-inner\"]"}
COMMAND: POST /session/9a1232cba82ddf4e476e9164e77f8ae5/element/f.6A59EF44FD37C6BF5E8460C410EAC6E4.d.0016A05B9539462C6E145E70E3F44D0D.e.9399/clear - {}
RESULT: {}
COMMAND: POST /session/9a1232cba82ddf4e476e9164e77f8ae5/element/f.6A59EF44FD37C6BF5E8460C410EAC6E4.d.0016A05B9539462C6E145E70E3F44D0D.e.9399/value - {"text":"660"}
COMMAND: GET /session/9a1232cba82ddf4e476e9164e77f8ae5/screenshot - {}
RESULT: {"text":"660"}
COMMAND: GET /session/9a1232cba82ddf4e476e9164e77f8ae5/screenshot - {}
RESULT: {}
RESULT: {}
COMMAND: POST /session/9a1232cba82ddf4e476e9164e77f8ae5/element - {"using":"xpath","value":"//li[.//span[text()='660']]"}
RESULT: {"using":"xpath","value":"//li[.//span[text()='660']]"}
COMMAND: POST /session/9a1232cba82ddf4e476e9164e77f8ae5/element/f.6A59EF44FD37C6BF5E8460C410EAC6E4.d.0016A05B9539462C6E145E70E3F44D0D.e.9408/click - {}
RESULT: {}
COMMAND: GET /session/9a1232cba82ddf4e476e9164e77f8ae5/screenshot - {}
RESULT: {}
COMMAND: POST /session/9a1232cba82ddf4e476e9164e77f8ae5/element - {"using":"xpath","value":"(//span[contains(@id, \"-application-manageresources-display-component---newResourceUnit--RUTimeSegment-0-arrow\")])[2]"}
RESULT: {"using":"xpath","value":"(//span[contains(@id, \"-application-manageresources-display-component---newResourceUnit--RUTimeSegment-0-arrow\")])[2]"}
COMMAND: POST /session/9a1232cba82ddf4e476e9164e77f8ae5/element/f.6A59EF44FD37C6BF5E8460C410EAC6E4.d.0016A05B9539462C6E145E70E3F44D0D.e.9409/click - {}
RESULT: {}
COMMAND: POST /session/9a1232cba82ddf4e476e9164e77f8ae5/element - {"using":"xpath","value":"//span[contains(text(), \"PM Order\")]"}
COMMAND: GET /session/9a1232cba82ddf4e476e9164e77f8ae5/screenshot - {}
RESULT: {"using":"xpath","value":"//span[contains(text(), \"PM Order\")]"}
COMMAND: POST /session/9a1232cba82ddf4e476e9164e77f8ae5/element/f.6A59EF44FD37C6BF5E8460C410EAC6E4.d.0016A05B9539462C6E145E70E3F44D0D.e.9410/click - {}
RESULT: {}
RESULT: {}
COMMAND: GET /session/9a1232cba82ddf4e476e9164e77f8ae5/screenshot - {}
RESULT: {}
COMMAND: POST /session/9a1232cba82ddf4e476e9164e77f8ae5/element - {"using":"xpath","value":"//td/div/div/div/span[contains(@id, \"newResourceUnit--RUTimeSegment-0-vhi\")][1]"}
RESULT: {"using":"xpath","value":"//td/div/div/div/span[contains(@id, \"newResourceUnit--RUTimeSegment-0-vhi\")][1]"}
COMMAND: GET /session/9a1232cba82ddf4e476e9164e77f8ae5/element/f.6A59EF44FD37C6BF5E8460C410EAC6E4.d.0016A05B9539462C6E145E70E3F44D0D.e.9414/rect - {}
RESULT: {}
COMMAND: GET /session/9a1232cba82ddf4e476e9164e77f8ae5/window/rect - {}
RESULT: {}
COMMAND: POST /session/9a1232cba82ddf4e476e9164e77f8ae5/execute/sync - {"script":"<script> [92 bytes]","args":[]}
RESULT: {"script":"<script> [92 bytes]","args":[]}
COMMAND: POST /session/9a1232cba82ddf4e476e9164e77f8ae5/actions - {"actions":[{"id":"action32","type":"wheel","parameters":{},"actions":[{"type":"scroll","x":-1888,"y":-24,"deltaX":0,"deltaY":0,"duration":0,"origin":{"element-6066-11e4-a52e-4f735466cecf":"f.6A59EF44FD37C6BF5E8460C410EAC6E4.d.0016A05B9539462C6E145E70E3F44D0D.e.9414"}}]}]}
COMMAND: GET /session/9a1232cba82ddf4e476e9164e77f8ae5/screenshot - {}
RESULT: {}
COMMAND: POST /session/9a1232cba82ddf4e476e9164e77f8ae5/execute/sync - {"script":"<script> [79 bytes]","args":[{"element-6066-11e4-a52e-4f735466cecf":"f.6A59EF44FD37C6BF5E8460C410EAC6E4.d.0016A05B9539462C6E145E70E3F44D0D.e.9414","ELEMENT":"f.6A59EF44FD37C6BF5E8460C410EAC6E4.d.0016A05B9539462C6E145E70E3F44D0D.e.9414"},{"block":"start","inline":"nearest"}]}
RESULT: {"script":"<script> [79 bytes]","args":[{"element-6066-11e4-a52e-4f735466cecf":"f.6A59EF44FD37C6BF5E8460C410EAC6E4.d.0016A05B9539462C6E145E70E3F44D0D.e.9414","ELEMENT":"f.6A59EF44FD37C6BF5E8460C410EAC6E4.d.0016A05B9539462C6E145E70E3F44D0D.e.9414"},{"block":"start","inline":"nearest"}]}
COMMAND: GET /session/9a1232cba82ddf4e476e9164e77f8ae5/screenshot - {}
RESULT: {}
COMMAND: POST /session/9a1232cba82ddf4e476e9164e77f8ae5/element/f.6A59EF44FD37C6BF5E8460C410EAC6E4.d.0016A05B9539462C6E145E70E3F44D0D.e.9414/click - {}
RESULT: {}
COMMAND: GET /session/9a1232cba82ddf4e476e9164e77f8ae5/screenshot - {}
RESULT: {}
COMMAND: POST /session/9a1232cba82ddf4e476e9164e77f8ae5/execute/async - {"script":"<script> [1562 bytes]","args":[{"selector":{"controlType":"sap.m.SearchField","properties":{"placeholder":"Search"},"searchOpenDialogs":true,"interaction":{"idSuffix":"I"}},"wdio_ui5_key":"sapm.SearchField{\"placeholder\":\"Search\"}"}]}
RESULT: {"script":"<script> [1562 bytes]","args":[{"selector":{"controlType":"sap.m.SearchField","properties":{"placeholder":"Search"},"searchOpenDialogs":true,"interaction":{"idSuffix":"I"}},"wdio_ui5_key":"sapm.SearchField{\"placeholder\":\"Search\"}"}]}
RESULT: undefined
COMMAND: POST /session/9a1232cba82ddf4e476e9164e77f8ae5/execute/async - {"script":"<script> [776 bytes]","args":[{"enterText":"4000360","selector":{"controlType":"sap.m.SearchField","properties":{"placeholder":"Search"},"searchOpenDialogs":true,"interaction":{"idSuffix":"I"}},"clearTextFirst":true,"interactionType":"ENTER_TEXT"}]}
RESULT: {"script":"<script> [776 bytes]","args":[{"enterText":"4000360","selector":{"controlType":"sap.m.SearchField","properties":{"placeholder":"Search"},"searchOpenDialogs":true,"interaction":{"idSuffix":"I"}},"clearTextFirst":true,"interactionType":"ENTER_TEXT"}]}
COMMAND: POST /session/9a1232cba82ddf4e476e9164e77f8ae5/actions - {"actions":[{"id":"action33","type":"key","parameters":{},"actions":[{"type":"keyDown","value":"î€‡"},{"type":"pause","duration":10},{"type":"keyUp","value":"î€‡"}]}]}
RESULT: {"actions":[{"id":"action33","type":"key","parameters":{},"actions":[{"type":"keyDown","value":"î€‡"},{"type":"pause","duration":10},{"type":"keyUp","value":"î€‡"}]}]}
COMMAND: GET /session/9a1232cba82ddf4e476e9164e77f8ae5/screenshot - {}
RESULT: {}
COMMAND: POST /session/9a1232cba82ddf4e476e9164e77f8ae5/element - {"using":"xpath","value":"//td/div/span[contains(text(), \"BGL Vehicles\")]"}
RESULT: {"using":"xpath","value":"//td/div/span[contains(text(), \"BGL Vehicles\")]"}
COMMAND: POST /session/9a1232cba82ddf4e476e9164e77f8ae5/element/f.6A59EF44FD37C6BF5E8460C410EAC6E4.d.0016A05B9539462C6E145E70E3F44D0D.e.9437/click - {}
RESULT: {}
COMMAND: GET /session/9a1232cba82ddf4e476e9164e77f8ae5/screenshot - {}
RESULT: {}
COMMAND: POST /session/9a1232cba82ddf4e476e9164e77f8ae5/element - {"using":"xpath","value":"//bdi[contains(text(), \"OK\")]"}
RESULT: {"using":"xpath","value":"//bdi[contains(text(), \"OK\")]"}
COMMAND: POST /session/9a1232cba82ddf4e476e9164e77f8ae5/element/f.6A59EF44FD37C6BF5E8460C410EAC6E4.d.0016A05B9539462C6E145E70E3F44D0D.e.9438/click - {}
RESULT: {}
COMMAND: GET /session/9a1232cba82ddf4e476e9164e77f8ae5/screenshot - {}
RESULT: {}
COMMAND: POST /session/9a1232cba82ddf4e476e9164e77f8ae5/element - {"using":"xpath","value":"//label[contains(@class, 'sapMLabelRequired') and .//bdi[contains(text(), 'Planned Retirement')]]"}
RESULT: {"using":"xpath","value":"//label[contains(@class, 'sapMLabelRequired') and .//bdi[contains(text(), 'Planned Retirement')]]"}
COMMAND: POST /session/9a1232cba82ddf4e476e9164e77f8ae5/elements - {"using":"xpath","value":"//label[contains(@class, 'sapMLabelRequired') and .//bdi[contains(text(), 'Planned Retirement')]]"}
RESULT: {"using":"xpath","value":"//label[contains(@class, 'sapMLabelRequired') and .//bdi[contains(text(), 'Planned Retirement')]]"}
COMMAND: POST /session/9a1232cba82ddf4e476e9164e77f8ae5/element - {"using":"xpath","value":"//button[@data-kt=\"resourceUnitSaveButton\"]"}
RESULT: {"using":"xpath","value":"//button[@data-kt=\"resourceUnitSaveButton\"]"}
COMMAND: POST /session/9a1232cba82ddf4e476e9164e77f8ae5/element/f.6A59EF44FD37C6BF5E8460C410EAC6E4.d.0016A05B9539462C6E145E70E3F44D0D.e.9272/click - {}
RESULT: {}
COMMAND: GET /session/9a1232cba82ddf4e476e9164e77f8ae5/screenshot - {}
RESULT: {}
COMMAND: POST /session/9a1232cba82ddf4e476e9164e77f8ae5/element - {"using":"xpath","value":"//bdi[contains(text(), \"Close\")]"}
RESULT: {"using":"xpath","value":"//bdi[contains(text(), \"Close\")]"}
COMMAND: POST /session/9a1232cba82ddf4e476e9164e77f8ae5/element/f.6A59EF44FD37C6BF5E8460C410EAC6E4.d.0016A05B9539462C6E145E70E3F44D0D.e.9445/click - {}
RESULT: {}
COMMAND: GET /session/9a1232cba82ddf4e476e9164e77f8ae5/screenshot - {}
RESULT: {}
COMMAND: POST /session/9a1232cba82ddf4e476e9164e77f8ae5/element - {"using":"xpath","value":"//header[contains(@id, 'detailRruPage-headerTitle')]/div[1]/div[2]/div[2]/span[1]"}
RESULT: {"using":"xpath","value":"//header[contains(@id, 'detailRruPage-headerTitle')]/div[1]/div[2]/div[2]/span[1]"}
COMMAND: POST /session/9a1232cba82ddf4e476e9164e77f8ae5/elements - {"using":"xpath","value":"//header[contains(@id, 'detailRruPage-headerTitle')]/div[1]/div[2]/div[2]/span[1]"}
RESULT: {"using":"xpath","value":"//header[contains(@id, 'detailRruPage-headerTitle')]/div[1]/div[2]/div[2]/span[1]"}
COMMAND: POST /session/9a1232cba82ddf4e476e9164e77f8ae5/execute/sync - {"script":"<script> [56 bytes]","args":[{"element-6066-11e4-a52e-4f735466cecf":"f.6A59EF44FD37C6BF5E8460C410EAC6E4.d.0016A05B9539462C6E145E70E3F44D0D.e.9474","ELEMENT":"f.6A59EF44FD37C6BF5E8460C410EAC6E4.d.0016A05B9539462C6E145E70E3F44D0D.e.9474"}]}
RESULT: {"script":"<script> [56 bytes]","args":[{"element-6066-11e4-a52e-4f735466cecf":"f.6A59EF44FD37C6BF5E8460C410EAC6E4.d.0016A05B9539462C6E145E70E3F44D0D.e.9474","ELEMENT":"f.6A59EF44FD37C6BF5E8460C410EAC6E4.d.0016A05B9539462C6E145E70E3F44D0D.e.9474"}]}
COMMAND: POST /session/9a1232cba82ddf4e476e9164e77f8ae5/element - {"using":"css selector","value":"#shell-header-logo"}
COMMAND: GET /session/9a1232cba82ddf4e476e9164e77f8ae5/screenshot - {}
RESULT: {"using":"css selector","value":"#shell-header-logo"}
COMMAND: POST /session/9a1232cba82ddf4e476e9164e77f8ae5/element/f.6A59EF44FD37C6BF5E8460C410EAC6E4.d.0016A05B9539462C6E145E70E3F44D0D.e.8857/click - {}
RESULT: {}
RESULT: {}
COMMAND: GET /session/9a1232cba82ddf4e476e9164e77f8ae5/screenshot - {}
RESULT: {}
]]></system-out>
    </testcase>
  </testsuite>
  <testsuite timestamp="2025-06-04T16:57:05" time="286.139" tests="6" failures="4" errors="4" skipped="0">
    <properties>
      <property name="specId" value="0" />
      <property name="suiteName" value="Provide to Site w/o warehouse management w clarification" />
      <property name="capabilities" value="chrome.137_0_7151_56.windows" />
      <property name="file" value="file:///D:/a/1/s/test/specs/HTR/provide-to-site-wo-warehouse-w-clarification.spec.js" />
    </properties>
    <testcase classname="chrome.137_0_7151_56.windows.Provide_to_Site_w/o_warehouse_management_w_clarification" name="Should Test for Handover Execution" time="13.234">
      <system-out><![CDATA[
COMMAND: POST /session/9a1232cba82ddf4e476e9164e77f8ae5/element - {"using":"xpath","value":"(//span[contains(@id, \"imgNav\")])[1]"}
COMMAND: GET /session/9a1232cba82ddf4e476e9164e77f8ae5/screenshot - {}
RESULT: {"using":"xpath","value":"(//span[contains(@id, \"imgNav\")])[1]"}
COMMAND: POST /session/9a1232cba82ddf4e476e9164e77f8ae5/element/f.6A59EF44FD37C6BF5E8460C410EAC6E4.d.0016A05B9539462C6E145E70E3F44D0D.e.9537/click - {}
RESULT: {}
RESULT: {}
COMMAND: GET /session/9a1232cba82ddf4e476e9164e77f8ae5/screenshot - {}
RESULT: {}
COMMAND: POST /session/9a1232cba82ddf4e476e9164e77f8ae5/element - {"using":"css selector","value":"#shell-header-logo"}
RESULT: {"using":"css selector","value":"#shell-header-logo"}
COMMAND: POST /session/9a1232cba82ddf4e476e9164e77f8ae5/element/f.6A59EF44FD37C6BF5E8460C410EAC6E4.d.0016A05B9539462C6E145E70E3F44D0D.e.9477/click - {}
RESULT: {}
COMMAND: GET /session/9a1232cba82ddf4e476e9164e77f8ae5/screenshot - {}
RESULT: {}
]]></system-out>
    </testcase>
    <testcase classname="chrome.137_0_7151_56.windows.Provide_to_Site_w/o_warehouse_management_w_clarification" name="Should test for Clarification" time="0.003">
      <system-out><![CDATA[
COMMAND: POST /session/9a1232cba82ddf4e476e9164e77f8ae5/element - {"using":"css selector","value":"#j_username"}
COMMAND: POST /session/9a1232cba82ddf4e476e9164e77f8ae5/url - {"url":"https://qa-testing-00-live-etm-ui.cfapps.eu10-004.hana.ondemand.com/"}
COMMAND: GET /session/9a1232cba82ddf4e476e9164e77f8ae5/screenshot - {}
RESULT: {"using":"css selector","value":"#j_username"}
COMMAND: POST /session/9a1232cba82ddf4e476e9164e77f8ae5/element - {"using":"css selector","value":"#j_username"}
RESULT: {"url":"https://qa-testing-00-live-etm-ui.cfapps.eu10-004.hana.ondemand.com/"}
RESULT: undefined
COMMAND: GET /session/9a1232cba82ddf4e476e9164e77f8ae5/screenshot - {}
RESULT: {}
RESULT: {"using":"css selector","value":"#j_username"}
COMMAND: POST /session/9a1232cba82ddf4e476e9164e77f8ae5/element - {"using":"css selector","value":"#shell-header-logo"}
RESULT: {}
RESULT: {"using":"css selector","value":"#shell-header-logo"}
COMMAND: POST /session/9a1232cba82ddf4e476e9164e77f8ae5/execute/sync - {"script":"<script> [8489 bytes]","args":[{"element-6066-11e4-a52e-4f735466cecf":"f.6A59EF44FD37C6BF5E8460C410EAC6E4.d.DB0C58D1B02124C1854BB3B646C20132.e.9940","ELEMENT":"f.6A59EF44FD37C6BF5E8460C410EAC6E4.d.DB0C58D1B02124C1854BB3B646C20132.e.9940"}]}
RESULT: {"script":"<script> [8489 bytes]","args":[{"element-6066-11e4-a52e-4f735466cecf":"f.6A59EF44FD37C6BF5E8460C410EAC6E4.d.DB0C58D1B02124C1854BB3B646C20132.e.9940","ELEMENT":"f.6A59EF44FD37C6BF5E8460C410EAC6E4.d.DB0C58D1B02124C1854BB3B646C20132.e.9940"}]}
COMMAND: POST /session/9a1232cba82ddf4e476e9164e77f8ae5/element - {"using":"css selector","value":"#shell-header-logo"}
COMMAND: GET /session/9a1232cba82ddf4e476e9164e77f8ae5/screenshot - {}
RESULT: {"using":"css selector","value":"#shell-header-logo"}
COMMAND: POST /session/9a1232cba82ddf4e476e9164e77f8ae5/execute/sync - {"script":"<script> [8489 bytes]","args":[{"element-6066-11e4-a52e-4f735466cecf":"f.6A59EF44FD37C6BF5E8460C410EAC6E4.d.DB0C58D1B02124C1854BB3B646C20132.e.9940","ELEMENT":"f.6A59EF44FD37C6BF5E8460C410EAC6E4.d.DB0C58D1B02124C1854BB3B646C20132.e.9940"}]}
RESULT: {}
RESULT: {"script":"<script> [8489 bytes]","args":[{"element-6066-11e4-a52e-4f735466cecf":"f.6A59EF44FD37C6BF5E8460C410EAC6E4.d.DB0C58D1B02124C1854BB3B646C20132.e.9940","ELEMENT":"f.6A59EF44FD37C6BF5E8460C410EAC6E4.d.DB0C58D1B02124C1854BB3B646C20132.e.9940"}]}
COMMAND: POST /session/9a1232cba82ddf4e476e9164e77f8ae5/execute/sync - {"script":"<script> [5351 bytes]","args":[{"element-6066-11e4-a52e-4f735466cecf":"f.6A59EF44FD37C6BF5E8460C410EAC6E4.d.DB0C58D1B02124C1854BB3B646C20132.e.9940","ELEMENT":"f.6A59EF44FD37C6BF5E8460C410EAC6E4.d.DB0C58D1B02124C1854BB3B646C20132.e.9940"}]}
COMMAND: GET /session/9a1232cba82ddf4e476e9164e77f8ae5/screenshot - {}
RESULT: {"script":"<script> [5351 bytes]","args":[{"element-6066-11e4-a52e-4f735466cecf":"f.6A59EF44FD37C6BF5E8460C410EAC6E4.d.DB0C58D1B02124C1854BB3B646C20132.e.9940","ELEMENT":"f.6A59EF44FD37C6BF5E8460C410EAC6E4.d.DB0C58D1B02124C1854BB3B646C20132.e.9940"}]}
COMMAND: POST /session/9a1232cba82ddf4e476e9164e77f8ae5/element - {"using":"css selector","value":"#shell-header-logo"}
COMMAND: GET /session/9a1232cba82ddf4e476e9164e77f8ae5/screenshot - {}
RESULT: {}
RESULT: {"using":"css selector","value":"#shell-header-logo"}
COMMAND: POST /session/9a1232cba82ddf4e476e9164e77f8ae5/element/f.6A59EF44FD37C6BF5E8460C410EAC6E4.d.DB0C58D1B02124C1854BB3B646C20132.e.9940/click - {}
RESULT: {}
RESULT: {}
COMMAND: GET /session/9a1232cba82ddf4e476e9164e77f8ae5/screenshot - {}
RESULT: {}
COMMAND: POST /session/9a1232cba82ddf4e476e9164e77f8ae5/execute/async - {"script":"<script> [189 bytes]","args":[]}
RESULT: {"script":"<script> [189 bytes]","args":[]}
COMMAND: POST /session/9a1232cba82ddf4e476e9164e77f8ae5/execute/async - {"script":"<script> [123 bytes]","args":[]}
RESULT: {"script":"<script> [123 bytes]","args":[]}
COMMAND: POST /session/9a1232cba82ddf4e476e9164e77f8ae5/timeouts - {"script":"<number>"}
RESULT: {"script":"<number>"}
COMMAND: GET /session/9a1232cba82ddf4e476e9164e77f8ae5/timeouts - {}
RESULT: {}
RESULT: undefined
COMMAND: POST /session/9a1232cba82ddf4e476e9164e77f8ae5/execute/async - {"script":"<script> [2676 bytes]","args":[]}
RESULT: {"script":"<script> [2676 bytes]","args":[]}
COMMAND: POST /session/9a1232cba82ddf4e476e9164e77f8ae5/execute/async - {"script":"<script> [2342 bytes]","args":[{"protocol":"http","hostname":"0.0.0.0","path":"/","capabilities":{"browserName":"chrome","goog:chromeOptions":{"binary":"C:\\Program Files\\Google\\Chrome\\Application\\chrome.exe","args":["--start-maximized"]}},"logLevel":"warn","connectionRetryTimeout":120000,"connectionRetryCount":3,"logLevels":{},"enableDirectConnect":true,"strictSSL":true,"_":"65 more keys: [\"cacheDir\",\"port\",\"requestedCapabilities\",\"automationProtocol\",\"baseUrl\",\"waitforInterval\",\"waitforTimeout\",\"onReload\",\"beforeCommand\",\"afterCommand\",\"rootDir\",\"specs\",\"suites\",\"exclude\",\"groupLogsByTestSpec\",\"excludeDriverLogs\",\"bail\",\"framework\",\"reporters\",\"services\",\"maxInstances\",\"maxInstancesPerCapability\",\"injectGlobals\",\"filesToWatch\",\"execArgv\",\"runnerEnv\",\"runner\",\"shard\",\"specFileRetries\",\"specFileRetriesDelay\",\"specFileRetriesDeferred\",\"reporterSyncInterval\",\"reporterSyncTimeout\",\"cucumberFeaturesWithLineNumbers\",\"autoCompileOpts\",\"mochaOpts\",\"jasmineOpts\",\"cucumberOpts\",\"onPrepare\",\"onWorkerStart\",\"onWorkerEnd\",\"before\",\"beforeSession\",\"beforeSuite\",\"beforeHook\",\"beforeTest\",\"afterTest\",\"afterHook\",\"afterSuite\",\"afterSession\",\"after\",\"onComplete\",\"beforeAssertion\",\"afterAssertion\",\"beforeFeature\",\"beforeScenario\",\"beforeStep\",\"afterStep\",\"afterScenario\",\"afterFeature\",\"_\",\"suite\",\"$0\",\"ignoredWorkerServices\",\"wdi5\"]"}]}
RESULT: {"script":"<script> [2342 bytes]","args":[{"protocol":"http","hostname":"0.0.0.0","path":"/","capabilities":{"browserName":"chrome","goog:chromeOptions":{"binary":"C:\\Program Files\\Google\\Chrome\\Application\\chrome.exe","args":["--start-maximized"]}},"logLevel":"warn","connectionRetryTimeout":120000,"connectionRetryCount":3,"logLevels":{},"enableDirectConnect":true,"strictSSL":true,"_":"65 more keys: [\"cacheDir\",\"port\",\"requestedCapabilities\",\"automationProtocol\",\"baseUrl\",\"waitforInterval\",\"waitforTimeout\",\"onReload\",\"beforeCommand\",\"afterCommand\",\"rootDir\",\"specs\",\"suites\",\"exclude\",\"groupLogsByTestSpec\",\"excludeDriverLogs\",\"bail\",\"framework\",\"reporters\",\"services\",\"maxInstances\",\"maxInstancesPerCapability\",\"injectGlobals\",\"filesToWatch\",\"execArgv\",\"runnerEnv\",\"runner\",\"shard\",\"specFileRetries\",\"specFileRetriesDelay\",\"specFileRetriesDeferred\",\"reporterSyncInterval\",\"reporterSyncTimeout\",\"cucumberFeaturesWithLineNumbers\",\"autoCompileOpts\",\"mochaOpts\",\"jasmineOpts\",\"cucumberOpts\",\"onPrepare\",\"onWorkerStart\",\"onWorkerEnd\",\"before\",\"beforeSession\",\"beforeSuite\",\"beforeHook\",\"beforeTest\",\"afterTest\",\"afterHook\",\"afterSuite\",\"afterSession\",\"after\",\"onComplete\",\"beforeAssertion\",\"afterAssertion\",\"beforeFeature\",\"beforeScenario\",\"beforeStep\",\"afterStep\",\"afterScenario\",\"afterFeature\",\"_\",\"suite\",\"$0\",\"ignoredWorkerServices\",\"wdi5\"]"}]}
COMMAND: POST /session/9a1232cba82ddf4e476e9164e77f8ae5/execute/async - {"script":"<script> [21126 bytes]","args":[35000]}
RESULT: {"script":"<script> [21126 bytes]","args":[35000]}
COMMAND: POST /session/9a1232cba82ddf4e476e9164e77f8ae5/window/maximize - {}
RESULT: {}
COMMAND: POST /session/9a1232cba82ddf4e476e9164e77f8ae5/execute/async - {"script":"<script> [1562 bytes]","args":[{"selector":{"id":"shell-header","interaction":{"idSuffix":"icon"}},"wdio_ui5_key":"shellheader"}]}
COMMAND: GET /session/9a1232cba82ddf4e476e9164e77f8ae5/screenshot - {}
RESULT: {"script":"<script> [1562 bytes]","args":[{"selector":{"id":"shell-header","interaction":{"idSuffix":"icon"}},"wdio_ui5_key":"shellheader"}]}
RESULT: undefined
COMMAND: POST /session/9a1232cba82ddf4e476e9164e77f8ae5/window/fullscreen - {}
RESULT: {}
RESULT: {}
]]></system-out>
    </testcase>
  </testsuite>
  <testsuite timestamp="2025-06-04T17:01:51" time="142.05" tests="4" failures="0" errors="0" skipped="0">
    <properties>
      <property name="specId" value="0" />
      <property name="suiteName" value="Provide to Site w/o warehouse management w/o clarification US116612" />
      <property name="capabilities" value="chrome.137_0_7151_56.windows" />
      <property name="file" value="file:///D:/a/1/s/test/specs/HTR/provide-to-site-wo-warehouse-wo-clarification.spec.js" />
    </properties>
    <testcase classname="chrome.137_0_7151_56.windows.Provide_to_Site_w/o_warehouse_management_w/o_clarification_US116612" name="Should create a new yard" time="0.013">
      <system-out><![CDATA[
COMMAND: POST /session/9a1232cba82ddf4e476e9164e77f8ae5/window/fullscreen - {}
RESULT: {}
]]></system-out>
    </testcase>
    <testcase classname="chrome.137_0_7151_56.windows.Provide_to_Site_w/o_warehouse_management_w/o_clarification_US116612" name="Should create a new external partner" time="0.003" />
    <testcase classname="chrome.137_0_7151_56.windows.Provide_to_Site_w/o_warehouse_management_w/o_clarification_US116612" name="Should create a new site" time="0.002" />
    <testcase classname="chrome.137_0_7151_56.windows.Provide_to_Site_w/o_warehouse_management_w/o_clarification_US116612" name="Should create a new material" time="125.475">
      <system-out><![CDATA[
COMMAND: POST /session/9a1232cba82ddf4e476e9164e77f8ae5/execute/async - {"script":"<script> [1562 bytes]","args":[{"selector":{"controlType":"sap.m.GenericTile","properties":{"header":"Manage Resources"}},"wdio_ui5_key":"sapm.GenericTile{\"header\":\"Manage Resources\"}"}]}
RESULT: {"script":"<script> [1562 bytes]","args":[{"selector":{"controlType":"sap.m.GenericTile","properties":{"header":"Manage Resources"}},"wdio_ui5_key":"sapm.GenericTile{\"header\":\"Manage Resources\"}"}]}
RESULT: undefined
COMMAND: POST /session/9a1232cba82ddf4e476e9164e77f8ae5/element - {"using":"xpath","value":"//*[@id=\"__tile31\"]"}
RESULT: {"using":"xpath","value":"//*[@id=\"__tile31\"]"}
COMMAND: POST /session/9a1232cba82ddf4e476e9164e77f8ae5/element/f.6A59EF44FD37C6BF5E8460C410EAC6E4.d.DB0C58D1B02124C1854BB3B646C20132.e.9957/click - {}
RESULT: {}
COMMAND: GET /session/9a1232cba82ddf4e476e9164e77f8ae5/screenshot - {}
RESULT: {}
COMMAND: POST /session/9a1232cba82ddf4e476e9164e77f8ae5/elements - {"using":"xpath","value":"//span[text()='Error']"}
RESULT: {"using":"xpath","value":"//span[text()='Error']"}
COMMAND: POST /session/9a1232cba82ddf4e476e9164e77f8ae5/element - {"using":"xpath","value":"//button[@data-kt=\"addNewRUOverflowToolbarButton\"]"}
RESULT: {"using":"xpath","value":"//button[@data-kt=\"addNewRUOverflowToolbarButton\"]"}
COMMAND: POST /session/9a1232cba82ddf4e476e9164e77f8ae5/elements - {"using":"xpath","value":"//button[@data-kt=\"addNewRUOverflowToolbarButton\"]"}
RESULT: {"using":"xpath","value":"//button[@data-kt=\"addNewRUOverflowToolbarButton\"]"}
COMMAND: POST /session/9a1232cba82ddf4e476e9164e77f8ae5/execute/sync - {"script":"<script> [8489 bytes]","args":[{"element-6066-11e4-a52e-4f735466cecf":"f.6A59EF44FD37C6BF5E8460C410EAC6E4.d.DB0C58D1B02124C1854BB3B646C20132.e.10097","ELEMENT":"f.6A59EF44FD37C6BF5E8460C410EAC6E4.d.DB0C58D1B02124C1854BB3B646C20132.e.10097"}]}
RESULT: {"script":"<script> [8489 bytes]","args":[{"element-6066-11e4-a52e-4f735466cecf":"f.6A59EF44FD37C6BF5E8460C410EAC6E4.d.DB0C58D1B02124C1854BB3B646C20132.e.10097","ELEMENT":"f.6A59EF44FD37C6BF5E8460C410EAC6E4.d.DB0C58D1B02124C1854BB3B646C20132.e.10097"}]}
COMMAND: GET /session/9a1232cba82ddf4e476e9164e77f8ae5/element/f.6A59EF44FD37C6BF5E8460C410EAC6E4.d.DB0C58D1B02124C1854BB3B646C20132.e.10097/enabled - {}
COMMAND: GET /session/9a1232cba82ddf4e476e9164e77f8ae5/screenshot - {}
RESULT: {}
COMMAND: POST /session/9a1232cba82ddf4e476e9164e77f8ae5/execute/sync - {"script":"<script> [8489 bytes]","args":[{"element-6066-11e4-a52e-4f735466cecf":"f.6A59EF44FD37C6BF5E8460C410EAC6E4.d.DB0C58D1B02124C1854BB3B646C20132.e.10097","ELEMENT":"f.6A59EF44FD37C6BF5E8460C410EAC6E4.d.DB0C58D1B02124C1854BB3B646C20132.e.10097"}]}
COMMAND: GET /session/9a1232cba82ddf4e476e9164e77f8ae5/screenshot - {}
RESULT: {}
RESULT: {"script":"<script> [8489 bytes]","args":[{"element-6066-11e4-a52e-4f735466cecf":"f.6A59EF44FD37C6BF5E8460C410EAC6E4.d.DB0C58D1B02124C1854BB3B646C20132.e.10097","ELEMENT":"f.6A59EF44FD37C6BF5E8460C410EAC6E4.d.DB0C58D1B02124C1854BB3B646C20132.e.10097"}]}
COMMAND: POST /session/9a1232cba82ddf4e476e9164e77f8ae5/execute/sync - {"script":"<script> [5351 bytes]","args":[{"element-6066-11e4-a52e-4f735466cecf":"f.6A59EF44FD37C6BF5E8460C410EAC6E4.d.DB0C58D1B02124C1854BB3B646C20132.e.10097","ELEMENT":"f.6A59EF44FD37C6BF5E8460C410EAC6E4.d.DB0C58D1B02124C1854BB3B646C20132.e.10097"}]}
COMMAND: GET /session/9a1232cba82ddf4e476e9164e77f8ae5/screenshot - {}
RESULT: {}
RESULT: {"script":"<script> [5351 bytes]","args":[{"element-6066-11e4-a52e-4f735466cecf":"f.6A59EF44FD37C6BF5E8460C410EAC6E4.d.DB0C58D1B02124C1854BB3B646C20132.e.10097","ELEMENT":"f.6A59EF44FD37C6BF5E8460C410EAC6E4.d.DB0C58D1B02124C1854BB3B646C20132.e.10097"}]}
COMMAND: POST /session/9a1232cba82ddf4e476e9164e77f8ae5/element/f.6A59EF44FD37C6BF5E8460C410EAC6E4.d.DB0C58D1B02124C1854BB3B646C20132.e.10097/click - {}
COMMAND: GET /session/9a1232cba82ddf4e476e9164e77f8ae5/screenshot - {}
RESULT: {}
RESULT: {}
COMMAND: GET /session/9a1232cba82ddf4e476e9164e77f8ae5/screenshot - {}
COMMAND: POST /session/9a1232cba82ddf4e476e9164e77f8ae5/execute/async - {"script":"<script> [1562 bytes]","args":[{"selector":{"id":"application-manageresources-display-component---newResourceUnit--TYPE-arrow"},"wdio_ui5_key":"applicationmanageresources-display-component---newResourceUnit--TYPE-arrow"}]}
RESULT: {}
RESULT: {}
RESULT: {"script":"<script> [1562 bytes]","args":[{"selector":{"id":"application-manageresources-display-component---newResourceUnit--TYPE-arrow"},"wdio_ui5_key":"applicationmanageresources-display-component---newResourceUnit--TYPE-arrow"}]}
RESULT: undefined
COMMAND: POST /session/9a1232cba82ddf4e476e9164e77f8ae5/element - {"using":"xpath","value":"//*[@id=\"application-manageresources-display-component---newResourceUnit--TYPE-arrow\"]"}
RESULT: {"using":"xpath","value":"//*[@id=\"application-manageresources-display-component---newResourceUnit--TYPE-arrow\"]"}
COMMAND: POST /session/9a1232cba82ddf4e476e9164e77f8ae5/element/f.6A59EF44FD37C6BF5E8460C410EAC6E4.d.DB0C58D1B02124C1854BB3B646C20132.e.10458/click - {}
RESULT: {}
COMMAND: POST /session/9a1232cba82ddf4e476e9164e77f8ae5/element - {"using":"xpath","value":"//input[@id=\"application-manageresources-display-component---newResourceUnit--TYPE-inner\"]"}
COMMAND: GET /session/9a1232cba82ddf4e476e9164e77f8ae5/screenshot - {}
RESULT: {"using":"xpath","value":"//input[@id=\"application-manageresources-display-component---newResourceUnit--TYPE-inner\"]"}
COMMAND: POST /session/9a1232cba82ddf4e476e9164e77f8ae5/element/f.6A59EF44FD37C6BF5E8460C410EAC6E4.d.DB0C58D1B02124C1854BB3B646C20132.e.10440/clear - {}
RESULT: {}
RESULT: {}
COMMAND: POST /session/9a1232cba82ddf4e476e9164e77f8ae5/element/f.6A59EF44FD37C6BF5E8460C410EAC6E4.d.DB0C58D1B02124C1854BB3B646C20132.e.10440/value - {"text":"Material"}
COMMAND: GET /session/9a1232cba82ddf4e476e9164e77f8ae5/screenshot - {}
RESULT: {"text":"Material"}
COMMAND: GET /session/9a1232cba82ddf4e476e9164e77f8ae5/screenshot - {}
RESULT: {}
RESULT: {}
COMMAND: POST /session/9a1232cba82ddf4e476e9164e77f8ae5/actions - {"actions":[{"id":"action34","type":"key","parameters":{},"actions":[{"type":"keyDown","value":"î€‡"},{"type":"pause","duration":10},{"type":"keyUp","value":"î€‡"}]}]}
RESULT: {"actions":[{"id":"action34","type":"key","parameters":{},"actions":[{"type":"keyDown","value":"î€‡"},{"type":"pause","duration":10},{"type":"keyUp","value":"î€‡"}]}]}
COMMAND: POST /session/9a1232cba82ddf4e476e9164e77f8ae5/execute/async - {"script":"<script> [1562 bytes]","args":[{"selector":{"id":"application-manageresources-display-component---newResourceUnit--SHORT_TEXT","interaction":{"idSuffix":"inner"}},"wdio_ui5_key":"applicationmanageresources-display-component---newResourceUnit--SHORT_TEXT"}]}
COMMAND: GET /session/9a1232cba82ddf4e476e9164e77f8ae5/screenshot - {}
RESULT: {"script":"<script> [1562 bytes]","args":[{"selector":{"id":"application-manageresources-display-component---newResourceUnit--SHORT_TEXT","interaction":{"idSuffix":"inner"}},"wdio_ui5_key":"applicationmanageresources-display-component---newResourceUnit--SHORT_TEXT"}]}
RESULT: undefined
COMMAND: POST /session/9a1232cba82ddf4e476e9164e77f8ae5/execute/async - {"script":"<script> [776 bytes]","args":[{"enterText":"Cement WDIO","selector":{"id":"application-manageresources-display-component---newResourceUnit--SHORT_TEXT","interaction":{"idSuffix":"inner"}},"clearTextFirst":true,"interactionType":"ENTER_TEXT"}]}
RESULT: {}
RESULT: {"script":"<script> [776 bytes]","args":[{"enterText":"Cement WDIO","selector":{"id":"application-manageresources-display-component---newResourceUnit--SHORT_TEXT","interaction":{"idSuffix":"inner"}},"clearTextFirst":true,"interactionType":"ENTER_TEXT"}]}
COMMAND: POST /session/9a1232cba82ddf4e476e9164e77f8ae5/execute/async - {"script":"<script> [1562 bytes]","args":[{"selector":{"id":"application-manageresources-display-component---newResourceUnit--BASE_UNIT_OF_MEASURE","interaction":{"idSuffix":"inner"}},"wdio_ui5_key":"applicationmanageresources-display-component---newResourceUnit--BASE_UNIT_OF_MEASURE"}]}
RESULT: {"script":"<script> [1562 bytes]","args":[{"selector":{"id":"application-manageresources-display-component---newResourceUnit--BASE_UNIT_OF_MEASURE","interaction":{"idSuffix":"inner"}},"wdio_ui5_key":"applicationmanageresources-display-component---newResourceUnit--BASE_UNIT_OF_MEASURE"}]}
RESULT: undefined
COMMAND: POST /session/9a1232cba82ddf4e476e9164e77f8ae5/execute/async - {"script":"<script> [776 bytes]","args":[{"enterText":"Piece","selector":{"id":"application-manageresources-display-component---newResourceUnit--BASE_UNIT_OF_MEASURE","interaction":{"idSuffix":"inner"}},"clearTextFirst":true,"interactionType":"ENTER_TEXT"}]}
RESULT: {"script":"<script> [776 bytes]","args":[{"enterText":"Piece","selector":{"id":"application-manageresources-display-component---newResourceUnit--BASE_UNIT_OF_MEASURE","interaction":{"idSuffix":"inner"}},"clearTextFirst":true,"interactionType":"ENTER_TEXT"}]}
COMMAND: POST /session/9a1232cba82ddf4e476e9164e77f8ae5/execute/async - {"script":"<script> [1562 bytes]","args":[{"selector":{"id":"application-manageresources-display-component---newResourceUnit--WEIGHT_UNIT","interaction":{"idSuffix":"inner"}},"wdio_ui5_key":"applicationmanageresources-display-component---newResourceUnit--WEIGHT_UNIT"}]}
RESULT: {"script":"<script> [1562 bytes]","args":[{"selector":{"id":"application-manageresources-display-component---newResourceUnit--WEIGHT_UNIT","interaction":{"idSuffix":"inner"}},"wdio_ui5_key":"applicationmanageresources-display-component---newResourceUnit--WEIGHT_UNIT"}]}
RESULT: undefined
COMMAND: POST /session/9a1232cba82ddf4e476e9164e77f8ae5/execute/async - {"script":"<script> [776 bytes]","args":[{"enterText":"Gram","selector":{"id":"application-manageresources-display-component---newResourceUnit--WEIGHT_UNIT","interaction":{"idSuffix":"inner"}},"clearTextFirst":true,"interactionType":"ENTER_TEXT"}]}
RESULT: {"script":"<script> [776 bytes]","args":[{"enterText":"Gram","selector":{"id":"application-manageresources-display-component---newResourceUnit--WEIGHT_UNIT","interaction":{"idSuffix":"inner"}},"clearTextFirst":true,"interactionType":"ENTER_TEXT"}]}
COMMAND: POST /session/9a1232cba82ddf4e476e9164e77f8ae5/execute/async - {"script":"<script> [1562 bytes]","args":[{"selector":{"id":"application-manageresources-display-component---newResourceUnit--DIMENSION_UNIT","interaction":{"idSuffix":"inner"}},"wdio_ui5_key":"applicationmanageresources-display-component---newResourceUnit--DIMENSION_UNIT"}]}
RESULT: {"script":"<script> [1562 bytes]","args":[{"selector":{"id":"application-manageresources-display-component---newResourceUnit--DIMENSION_UNIT","interaction":{"idSuffix":"inner"}},"wdio_ui5_key":"applicationmanageresources-display-component---newResourceUnit--DIMENSION_UNIT"}]}
RESULT: undefined
COMMAND: POST /session/9a1232cba82ddf4e476e9164e77f8ae5/execute/async - {"script":"<script> [776 bytes]","args":[{"enterText":"Meter","selector":{"id":"application-manageresources-display-component---newResourceUnit--DIMENSION_UNIT","interaction":{"idSuffix":"inner"}},"clearTextFirst":true,"interactionType":"ENTER_TEXT"}]}
RESULT: {"script":"<script> [776 bytes]","args":[{"enterText":"Meter","selector":{"id":"application-manageresources-display-component---newResourceUnit--DIMENSION_UNIT","interaction":{"idSuffix":"inner"}},"clearTextFirst":true,"interactionType":"ENTER_TEXT"}]}
COMMAND: POST /session/9a1232cba82ddf4e476e9164e77f8ae5/execute/async - {"script":"<script> [1562 bytes]","args":[{"selector":{"id":"application-manageresources-display-component---newResourceUnit--newRRUPage-anchBar-application-manageresources-display-component---newResourceUnit--control-anchor","interaction":{"idSuffix":"BDI-content"}},"wdio_ui5_key":"applicationmanageresources-display-component---newResourceUnit--newRRUPage-anchBar-application-manageresources-display-component---newResourceUnit--control-anchor"}]}
RESULT: {"script":"<script> [1562 bytes]","args":[{"selector":{"id":"application-manageresources-display-component---newResourceUnit--newRRUPage-anchBar-application-manageresources-display-component---newResourceUnit--control-anchor","interaction":{"idSuffix":"BDI-content"}},"wdio_ui5_key":"applicationmanageresources-display-component---newResourceUnit--newRRUPage-anchBar-application-manageresources-display-component---newResourceUnit--control-anchor"}]}
RESULT: undefined
COMMAND: POST /session/9a1232cba82ddf4e476e9164e77f8ae5/element - {"using":"xpath","value":"//*[@id=\"application-manageresources-display-component---newResourceUnit--newRRUPage-anchBar-application-manageresources-display-component---newResourceUnit--control-anchor\"]"}
RESULT: {"using":"xpath","value":"//*[@id=\"application-manageresources-display-component---newResourceUnit--newRRUPage-anchBar-application-manageresources-display-component---newResourceUnit--control-anchor\"]"}
COMMAND: POST /session/9a1232cba82ddf4e476e9164e77f8ae5/element/f.6A59EF44FD37C6BF5E8460C410EAC6E4.d.DB0C58D1B02124C1854BB3B646C20132.e.10590/click - {}
RESULT: {}
COMMAND: POST /session/9a1232cba82ddf4e476e9164e77f8ae5/execute/async - {"script":"<script> [1562 bytes]","args":[{"selector":{"id":"application-manageresources-display-component---newResourceUnit--PLANNING_GROUP","interaction":{"idSuffix":"inner"}},"wdio_ui5_key":"applicationmanageresources-display-component---newResourceUnit--PLANNING_GROUP"}]}
COMMAND: GET /session/9a1232cba82ddf4e476e9164e77f8ae5/screenshot - {}
RESULT: {"script":"<script> [1562 bytes]","args":[{"selector":{"id":"application-manageresources-display-component---newResourceUnit--PLANNING_GROUP","interaction":{"idSuffix":"inner"}},"wdio_ui5_key":"applicationmanageresources-display-component---newResourceUnit--PLANNING_GROUP"}]}
RESULT: undefined
COMMAND: POST /session/9a1232cba82ddf4e476e9164e77f8ae5/execute/async - {"script":"<script> [776 bytes]","args":[{"enterText":"Material","selector":{"id":"application-manageresources-display-component---newResourceUnit--PLANNING_GROUP","interaction":{"idSuffix":"inner"}},"clearTextFirst":true,"interactionType":"ENTER_TEXT"}]}
RESULT: {}
RESULT: {"script":"<script> [776 bytes]","args":[{"enterText":"Material","selector":{"id":"application-manageresources-display-component---newResourceUnit--PLANNING_GROUP","interaction":{"idSuffix":"inner"}},"clearTextFirst":true,"interactionType":"ENTER_TEXT"}]}
COMMAND: POST /session/9a1232cba82ddf4e476e9164e77f8ae5/execute/async - {"script":"<script> [1562 bytes]","args":[{"selector":{"id":"application-manageresources-display-component---newResourceUnit--PLANNING_INDICATOR","interaction":{"idSuffix":"inner"}},"wdio_ui5_key":"applicationmanageresources-display-component---newResourceUnit--PLANNING_INDICATOR"}]}
RESULT: {"script":"<script> [1562 bytes]","args":[{"selector":{"id":"application-manageresources-display-component---newResourceUnit--PLANNING_INDICATOR","interaction":{"idSuffix":"inner"}},"wdio_ui5_key":"applicationmanageresources-display-component---newResourceUnit--PLANNING_INDICATOR"}]}
RESULT: undefined
COMMAND: POST /session/9a1232cba82ddf4e476e9164e77f8ae5/execute/async - {"script":"<script> [776 bytes]","args":[{"enterText":"10 - infinite","selector":{"id":"application-manageresources-display-component---newResourceUnit--PLANNING_INDICATOR","interaction":{"idSuffix":"inner"}},"clearTextFirst":true,"interactionType":"ENTER_TEXT"}]}
RESULT: {"script":"<script> [776 bytes]","args":[{"enterText":"10 - infinite","selector":{"id":"application-manageresources-display-component---newResourceUnit--PLANNING_INDICATOR","interaction":{"idSuffix":"inner"}},"clearTextFirst":true,"interactionType":"ENTER_TEXT"}]}
COMMAND: POST /session/9a1232cba82ddf4e476e9164e77f8ae5/element - {"using":"css selector","value":"#application-manageresources-display-component---newResourceUnit--btnAddTimeSegment"}
RESULT: {"using":"css selector","value":"#application-manageresources-display-component---newResourceUnit--btnAddTimeSegment"}
COMMAND: GET /session/9a1232cba82ddf4e476e9164e77f8ae5/element/f.6A59EF44FD37C6BF5E8460C410EAC6E4.d.DB0C58D1B02124C1854BB3B646C20132.e.10600/rect - {}
RESULT: {}
COMMAND: GET /session/9a1232cba82ddf4e476e9164e77f8ae5/window/rect - {}
RESULT: {}
COMMAND: POST /session/9a1232cba82ddf4e476e9164e77f8ae5/execute/sync - {"script":"<script> [92 bytes]","args":[]}
RESULT: {"script":"<script> [92 bytes]","args":[]}
COMMAND: POST /session/9a1232cba82ddf4e476e9164e77f8ae5/actions - {"actions":[{"id":"action35","type":"wheel","parameters":{},"actions":[{"type":"scroll","x":-1888,"y":-32,"deltaX":0,"deltaY":0,"duration":0,"origin":{"element-6066-11e4-a52e-4f735466cecf":"f.6A59EF44FD37C6BF5E8460C410EAC6E4.d.DB0C58D1B02124C1854BB3B646C20132.e.10600"}}]}]}
COMMAND: GET /session/9a1232cba82ddf4e476e9164e77f8ae5/screenshot - {}
RESULT: {}
COMMAND: POST /session/9a1232cba82ddf4e476e9164e77f8ae5/execute/sync - {"script":"<script> [79 bytes]","args":[{"element-6066-11e4-a52e-4f735466cecf":"f.6A59EF44FD37C6BF5E8460C410EAC6E4.d.DB0C58D1B02124C1854BB3B646C20132.e.10600","ELEMENT":"f.6A59EF44FD37C6BF5E8460C410EAC6E4.d.DB0C58D1B02124C1854BB3B646C20132.e.10600"},{"block":"start","inline":"nearest"}]}
RESULT: {"script":"<script> [79 bytes]","args":[{"element-6066-11e4-a52e-4f735466cecf":"f.6A59EF44FD37C6BF5E8460C410EAC6E4.d.DB0C58D1B02124C1854BB3B646C20132.e.10600","ELEMENT":"f.6A59EF44FD37C6BF5E8460C410EAC6E4.d.DB0C58D1B02124C1854BB3B646C20132.e.10600"},{"block":"start","inline":"nearest"}]}
COMMAND: POST /session/9a1232cba82ddf4e476e9164e77f8ae5/execute/async - {"script":"<script> [1562 bytes]","args":[{"selector":{"id":"application-manageresources-display-component---newResourceUnit--btnAddTimeSegment","interaction":{"idSuffix":"inner"}},"wdio_ui5_key":"applicationmanageresources-display-component---newResourceUnit--btnAddTimeSegment"}]}
COMMAND: GET /session/9a1232cba82ddf4e476e9164e77f8ae5/screenshot - {}
RESULT: {"script":"<script> [1562 bytes]","args":[{"selector":{"id":"application-manageresources-display-component---newResourceUnit--btnAddTimeSegment","interaction":{"idSuffix":"inner"}},"wdio_ui5_key":"applicationmanageresources-display-component---newResourceUnit--btnAddTimeSegment"}]}
RESULT: undefined
COMMAND: POST /session/9a1232cba82ddf4e476e9164e77f8ae5/element - {"using":"xpath","value":"//*[@id=\"application-manageresources-display-component---newResourceUnit--btnAddTimeSegment\"]"}
RESULT: {}
RESULT: {"using":"xpath","value":"//*[@id=\"application-manageresources-display-component---newResourceUnit--btnAddTimeSegment\"]"}
COMMAND: POST /session/9a1232cba82ddf4e476e9164e77f8ae5/element/f.6A59EF44FD37C6BF5E8460C410EAC6E4.d.DB0C58D1B02124C1854BB3B646C20132.e.10600/click - {}
RESULT: {}
COMMAND: GET /session/9a1232cba82ddf4e476e9164e77f8ae5/screenshot - {}
RESULT: {}
COMMAND: POST /session/9a1232cba82ddf4e476e9164e77f8ae5/element - {"using":"xpath","value":"//input[@id=\"application-manageresources-display-component---newResourceUnit--idRuTSAdmin-application-manageresources-display-component---newResourceUnit--RUTimeSegment-0-inner\"]"}
RESULT: {"using":"xpath","value":"//input[@id=\"application-manageresources-display-component---newResourceUnit--idRuTSAdmin-application-manageresources-display-component---newResourceUnit--RUTimeSegment-0-inner\"]"}
COMMAND: POST /session/9a1232cba82ddf4e476e9164e77f8ae5/element/f.6A59EF44FD37C6BF5E8460C410EAC6E4.d.DB0C58D1B02124C1854BB3B646C20132.e.10605/clear - {}
RESULT: {}
COMMAND: POST /session/9a1232cba82ddf4e476e9164e77f8ae5/element/f.6A59EF44FD37C6BF5E8460C410EAC6E4.d.DB0C58D1B02124C1854BB3B646C20132.e.10605/value - {"text":"660"}
COMMAND: GET /session/9a1232cba82ddf4e476e9164e77f8ae5/screenshot - {}
RESULT: {"text":"660"}
COMMAND: GET /session/9a1232cba82ddf4e476e9164e77f8ae5/screenshot - {}
RESULT: {}
RESULT: {}
COMMAND: POST /session/9a1232cba82ddf4e476e9164e77f8ae5/element - {"using":"xpath","value":"//li[.//span[text()='660']]"}
RESULT: {"using":"xpath","value":"//li[.//span[text()='660']]"}
COMMAND: POST /session/9a1232cba82ddf4e476e9164e77f8ae5/element/f.6A59EF44FD37C6BF5E8460C410EAC6E4.d.DB0C58D1B02124C1854BB3B646C20132.e.10614/click - {}
RESULT: {}
COMMAND: GET /session/9a1232cba82ddf4e476e9164e77f8ae5/screenshot - {}
RESULT: {}
COMMAND: POST /session/9a1232cba82ddf4e476e9164e77f8ae5/element - {"using":"xpath","value":"(//span[contains(@id, \"-application-manageresources-display-component---newResourceUnit--RUTimeSegment-0-arrow\")])[2]"}
RESULT: {"using":"xpath","value":"(//span[contains(@id, \"-application-manageresources-display-component---newResourceUnit--RUTimeSegment-0-arrow\")])[2]"}
COMMAND: POST /session/9a1232cba82ddf4e476e9164e77f8ae5/element/f.6A59EF44FD37C6BF5E8460C410EAC6E4.d.DB0C58D1B02124C1854BB3B646C20132.e.10615/click - {}
RESULT: {}
COMMAND: POST /session/9a1232cba82ddf4e476e9164e77f8ae5/element - {"using":"xpath","value":"//span[contains(text(), \"PM Order\")]"}
COMMAND: GET /session/9a1232cba82ddf4e476e9164e77f8ae5/screenshot - {}
RESULT: {"using":"xpath","value":"//span[contains(text(), \"PM Order\")]"}
COMMAND: POST /session/9a1232cba82ddf4e476e9164e77f8ae5/element/f.6A59EF44FD37C6BF5E8460C410EAC6E4.d.DB0C58D1B02124C1854BB3B646C20132.e.10616/click - {}
RESULT: {}
RESULT: {}
COMMAND: GET /session/9a1232cba82ddf4e476e9164e77f8ae5/screenshot - {}
RESULT: {}
COMMAND: POST /session/9a1232cba82ddf4e476e9164e77f8ae5/element - {"using":"xpath","value":"//td/div/div/div/span[contains(@id, \"newResourceUnit--RUTimeSegment-0-vhi\")][1]"}
RESULT: {"using":"xpath","value":"//td/div/div/div/span[contains(@id, \"newResourceUnit--RUTimeSegment-0-vhi\")][1]"}
COMMAND: GET /session/9a1232cba82ddf4e476e9164e77f8ae5/element/f.6A59EF44FD37C6BF5E8460C410EAC6E4.d.DB0C58D1B02124C1854BB3B646C20132.e.10620/rect - {}
RESULT: {}
COMMAND: GET /session/9a1232cba82ddf4e476e9164e77f8ae5/window/rect - {}
RESULT: {}
COMMAND: POST /session/9a1232cba82ddf4e476e9164e77f8ae5/execute/sync - {"script":"<script> [92 bytes]","args":[]}
RESULT: {"script":"<script> [92 bytes]","args":[]}
COMMAND: POST /session/9a1232cba82ddf4e476e9164e77f8ae5/actions - {"actions":[{"id":"action36","type":"wheel","parameters":{},"actions":[{"type":"scroll","x":-1888,"y":-24,"deltaX":0,"deltaY":0,"duration":0,"origin":{"element-6066-11e4-a52e-4f735466cecf":"f.6A59EF44FD37C6BF5E8460C410EAC6E4.d.DB0C58D1B02124C1854BB3B646C20132.e.10620"}}]}]}
COMMAND: GET /session/9a1232cba82ddf4e476e9164e77f8ae5/screenshot - {}
RESULT: {}
COMMAND: POST /session/9a1232cba82ddf4e476e9164e77f8ae5/execute/sync - {"script":"<script> [79 bytes]","args":[{"element-6066-11e4-a52e-4f735466cecf":"f.6A59EF44FD37C6BF5E8460C410EAC6E4.d.DB0C58D1B02124C1854BB3B646C20132.e.10620","ELEMENT":"f.6A59EF44FD37C6BF5E8460C410EAC6E4.d.DB0C58D1B02124C1854BB3B646C20132.e.10620"},{"block":"start","inline":"nearest"}]}
RESULT: {"script":"<script> [79 bytes]","args":[{"element-6066-11e4-a52e-4f735466cecf":"f.6A59EF44FD37C6BF5E8460C410EAC6E4.d.DB0C58D1B02124C1854BB3B646C20132.e.10620","ELEMENT":"f.6A59EF44FD37C6BF5E8460C410EAC6E4.d.DB0C58D1B02124C1854BB3B646C20132.e.10620"},{"block":"start","inline":"nearest"}]}
COMMAND: GET /session/9a1232cba82ddf4e476e9164e77f8ae5/screenshot - {}
RESULT: {}
COMMAND: POST /session/9a1232cba82ddf4e476e9164e77f8ae5/element/f.6A59EF44FD37C6BF5E8460C410EAC6E4.d.DB0C58D1B02124C1854BB3B646C20132.e.10620/click - {}
RESULT: {}
COMMAND: GET /session/9a1232cba82ddf4e476e9164e77f8ae5/screenshot - {}
RESULT: {}
COMMAND: POST /session/9a1232cba82ddf4e476e9164e77f8ae5/execute/async - {"script":"<script> [1562 bytes]","args":[{"selector":{"controlType":"sap.m.SearchField","properties":{"placeholder":"Search"},"searchOpenDialogs":true,"interaction":{"idSuffix":"I"}},"wdio_ui5_key":"sapm.SearchField{\"placeholder\":\"Search\"}"}]}
RESULT: {"script":"<script> [1562 bytes]","args":[{"selector":{"controlType":"sap.m.SearchField","properties":{"placeholder":"Search"},"searchOpenDialogs":true,"interaction":{"idSuffix":"I"}},"wdio_ui5_key":"sapm.SearchField{\"placeholder\":\"Search\"}"}]}
RESULT: undefined
COMMAND: POST /session/9a1232cba82ddf4e476e9164e77f8ae5/execute/async - {"script":"<script> [776 bytes]","args":[{"enterText":"4000360","selector":{"controlType":"sap.m.SearchField","properties":{"placeholder":"Search"},"searchOpenDialogs":true,"interaction":{"idSuffix":"I"}},"clearTextFirst":true,"interactionType":"ENTER_TEXT"}]}
RESULT: {"script":"<script> [776 bytes]","args":[{"enterText":"4000360","selector":{"controlType":"sap.m.SearchField","properties":{"placeholder":"Search"},"searchOpenDialogs":true,"interaction":{"idSuffix":"I"}},"clearTextFirst":true,"interactionType":"ENTER_TEXT"}]}
COMMAND: POST /session/9a1232cba82ddf4e476e9164e77f8ae5/actions - {"actions":[{"id":"action37","type":"key","parameters":{},"actions":[{"type":"keyDown","value":"î€‡"},{"type":"pause","duration":10},{"type":"keyUp","value":"î€‡"}]}]}
RESULT: {"actions":[{"id":"action37","type":"key","parameters":{},"actions":[{"type":"keyDown","value":"î€‡"},{"type":"pause","duration":10},{"type":"keyUp","value":"î€‡"}]}]}
COMMAND: GET /session/9a1232cba82ddf4e476e9164e77f8ae5/screenshot - {}
RESULT: {}
COMMAND: POST /session/9a1232cba82ddf4e476e9164e77f8ae5/element - {"using":"xpath","value":"//td/div/span[contains(text(), \"BGL Vehicles\")]"}
RESULT: {"using":"xpath","value":"//td/div/span[contains(text(), \"BGL Vehicles\")]"}
COMMAND: POST /session/9a1232cba82ddf4e476e9164e77f8ae5/element/f.6A59EF44FD37C6BF5E8460C410EAC6E4.d.DB0C58D1B02124C1854BB3B646C20132.e.10643/click - {}
RESULT: {}
COMMAND: GET /session/9a1232cba82ddf4e476e9164e77f8ae5/screenshot - {}
RESULT: {}
COMMAND: POST /session/9a1232cba82ddf4e476e9164e77f8ae5/element - {"using":"xpath","value":"//bdi[contains(text(), \"OK\")]"}
RESULT: {"using":"xpath","value":"//bdi[contains(text(), \"OK\")]"}
COMMAND: POST /session/9a1232cba82ddf4e476e9164e77f8ae5/element/f.6A59EF44FD37C6BF5E8460C410EAC6E4.d.DB0C58D1B02124C1854BB3B646C20132.e.10644/click - {}
RESULT: {}
COMMAND: GET /session/9a1232cba82ddf4e476e9164e77f8ae5/screenshot - {}
RESULT: {}
COMMAND: POST /session/9a1232cba82ddf4e476e9164e77f8ae5/element - {"using":"xpath","value":"//label[contains(@class, 'sapMLabelRequired') and .//bdi[contains(text(), 'Planned Retirement')]]"}
RESULT: {"using":"xpath","value":"//label[contains(@class, 'sapMLabelRequired') and .//bdi[contains(text(), 'Planned Retirement')]]"}
COMMAND: POST /session/9a1232cba82ddf4e476e9164e77f8ae5/elements - {"using":"xpath","value":"//label[contains(@class, 'sapMLabelRequired') and .//bdi[contains(text(), 'Planned Retirement')]]"}
RESULT: {"using":"xpath","value":"//label[contains(@class, 'sapMLabelRequired') and .//bdi[contains(text(), 'Planned Retirement')]]"}
COMMAND: POST /session/9a1232cba82ddf4e476e9164e77f8ae5/element - {"using":"xpath","value":"//button[@data-kt=\"resourceUnitSaveButton\"]"}
RESULT: {"using":"xpath","value":"//button[@data-kt=\"resourceUnitSaveButton\"]"}
COMMAND: POST /session/9a1232cba82ddf4e476e9164e77f8ae5/element/f.6A59EF44FD37C6BF5E8460C410EAC6E4.d.DB0C58D1B02124C1854BB3B646C20132.e.10476/click - {}
RESULT: {}
COMMAND: GET /session/9a1232cba82ddf4e476e9164e77f8ae5/screenshot - {}
RESULT: {}
COMMAND: POST /session/9a1232cba82ddf4e476e9164e77f8ae5/element - {"using":"xpath","value":"//bdi[contains(text(), \"Close\")]"}
RESULT: {"using":"xpath","value":"//bdi[contains(text(), \"Close\")]"}
COMMAND: POST /session/9a1232cba82ddf4e476e9164e77f8ae5/element/f.6A59EF44FD37C6BF5E8460C410EAC6E4.d.DB0C58D1B02124C1854BB3B646C20132.e.10651/click - {}
RESULT: {}
COMMAND: GET /session/9a1232cba82ddf4e476e9164e77f8ae5/screenshot - {}
RESULT: {}
COMMAND: POST /session/9a1232cba82ddf4e476e9164e77f8ae5/element - {"using":"xpath","value":"//header[contains(@id, 'detailRruPage-headerTitle')]/div[1]/div[2]/div[2]/span[1]"}
RESULT: {"using":"xpath","value":"//header[contains(@id, 'detailRruPage-headerTitle')]/div[1]/div[2]/div[2]/span[1]"}
COMMAND: POST /session/9a1232cba82ddf4e476e9164e77f8ae5/elements - {"using":"xpath","value":"//header[contains(@id, 'detailRruPage-headerTitle')]/div[1]/div[2]/div[2]/span[1]"}
RESULT: {"using":"xpath","value":"//header[contains(@id, 'detailRruPage-headerTitle')]/div[1]/div[2]/div[2]/span[1]"}
COMMAND: POST /session/9a1232cba82ddf4e476e9164e77f8ae5/execute/sync - {"script":"<script> [56 bytes]","args":[{"element-6066-11e4-a52e-4f735466cecf":"f.6A59EF44FD37C6BF5E8460C410EAC6E4.d.DB0C58D1B02124C1854BB3B646C20132.e.10681","ELEMENT":"f.6A59EF44FD37C6BF5E8460C410EAC6E4.d.DB0C58D1B02124C1854BB3B646C20132.e.10681"}]}
RESULT: {"script":"<script> [56 bytes]","args":[{"element-6066-11e4-a52e-4f735466cecf":"f.6A59EF44FD37C6BF5E8460C410EAC6E4.d.DB0C58D1B02124C1854BB3B646C20132.e.10681","ELEMENT":"f.6A59EF44FD37C6BF5E8460C410EAC6E4.d.DB0C58D1B02124C1854BB3B646C20132.e.10681"}]}
COMMAND: POST /session/9a1232cba82ddf4e476e9164e77f8ae5/element - {"using":"css selector","value":"#shell-header-logo"}
COMMAND: GET /session/9a1232cba82ddf4e476e9164e77f8ae5/screenshot - {}
RESULT: {"using":"css selector","value":"#shell-header-logo"}
COMMAND: POST /session/9a1232cba82ddf4e476e9164e77f8ae5/element/f.6A59EF44FD37C6BF5E8460C410EAC6E4.d.DB0C58D1B02124C1854BB3B646C20132.e.9940/click - {}
RESULT: {}
RESULT: {}
COMMAND: GET /session/9a1232cba82ddf4e476e9164e77f8ae5/screenshot - {}
RESULT: {}
]]></system-out>
    </testcase>
  </testsuite>
  <testsuite timestamp="2025-06-04T17:04:13" time="286.455" tests="6" failures="4" errors="4" skipped="0">
    <properties>
      <property name="specId" value="0" />
      <property name="suiteName" value="Provide to Site w/o warehouse management w/o clarification" />
      <property name="capabilities" value="chrome.137_0_7151_56.windows" />
      <property name="file" value="file:///D:/a/1/s/test/specs/HTR/provide-to-site-wo-warehouse-wo-clarification.spec.js" />
    </properties>
    <testcase classname="chrome.137_0_7151_56.windows.Provide_to_Site_w/o_warehouse_management_w/o_clarification" name="Should Test for Handover Execution" time="12.844">
      <system-out><![CDATA[
COMMAND: POST /session/9a1232cba82ddf4e476e9164e77f8ae5/element - {"using":"xpath","value":"(//span[contains(@id, \"imgNav\")])[1]"}
COMMAND: GET /session/9a1232cba82ddf4e476e9164e77f8ae5/screenshot - {}
RESULT: {"using":"xpath","value":"(//span[contains(@id, \"imgNav\")])[1]"}
COMMAND: POST /session/9a1232cba82ddf4e476e9164e77f8ae5/element/f.6A59EF44FD37C6BF5E8460C410EAC6E4.d.DB0C58D1B02124C1854BB3B646C20132.e.10750/click - {}
RESULT: {}
RESULT: {}
COMMAND: GET /session/9a1232cba82ddf4e476e9164e77f8ae5/screenshot - {}
RESULT: {}
COMMAND: POST /session/9a1232cba82ddf4e476e9164e77f8ae5/element - {"using":"css selector","value":"#shell-header-logo"}
RESULT: {"using":"css selector","value":"#shell-header-logo"}
COMMAND: POST /session/9a1232cba82ddf4e476e9164e77f8ae5/element/f.6A59EF44FD37C6BF5E8460C410EAC6E4.d.DB0C58D1B02124C1854BB3B646C20132.e.10686/click - {}
RESULT: {}
COMMAND: GET /session/9a1232cba82ddf4e476e9164e77f8ae5/screenshot - {}
RESULT: {}
]]></system-out>
    </testcase>
    <testcase classname="chrome.137_0_7151_56.windows.Provide_to_Site_w/o_warehouse_management_w/o_clarification" name="Should test for Clarification" time="0.003">
      <system-out><![CDATA[
COMMAND: POST /session/9a1232cba82ddf4e476e9164e77f8ae5/element - {"using":"css selector","value":"#j_username"}
COMMAND: POST /session/9a1232cba82ddf4e476e9164e77f8ae5/url - {"url":"https://qa-testing-00-live-etm-ui.cfapps.eu10-004.hana.ondemand.com/"}
COMMAND: GET /session/9a1232cba82ddf4e476e9164e77f8ae5/screenshot - {}
RESULT: {"using":"css selector","value":"#j_username"}
COMMAND: POST /session/9a1232cba82ddf4e476e9164e77f8ae5/element - {"using":"css selector","value":"#j_username"}
RESULT: {"url":"https://qa-testing-00-live-etm-ui.cfapps.eu10-004.hana.ondemand.com/"}
RESULT: undefined
COMMAND: GET /session/9a1232cba82ddf4e476e9164e77f8ae5/screenshot - {}
RESULT: {}
RESULT: {"using":"css selector","value":"#j_username"}
COMMAND: POST /session/9a1232cba82ddf4e476e9164e77f8ae5/element - {"using":"css selector","value":"#shell-header-logo"}
RESULT: {}
RESULT: {"using":"css selector","value":"#shell-header-logo"}
COMMAND: POST /session/9a1232cba82ddf4e476e9164e77f8ae5/execute/sync - {"script":"<script> [8489 bytes]","args":[{"element-6066-11e4-a52e-4f735466cecf":"f.6A59EF44FD37C6BF5E8460C410EAC6E4.d.B2234982F6483119BD55ED0038A3B6B7.e.11122","ELEMENT":"f.6A59EF44FD37C6BF5E8460C410EAC6E4.d.B2234982F6483119BD55ED0038A3B6B7.e.11122"}]}
RESULT: {"script":"<script> [8489 bytes]","args":[{"element-6066-11e4-a52e-4f735466cecf":"f.6A59EF44FD37C6BF5E8460C410EAC6E4.d.B2234982F6483119BD55ED0038A3B6B7.e.11122","ELEMENT":"f.6A59EF44FD37C6BF5E8460C410EAC6E4.d.B2234982F6483119BD55ED0038A3B6B7.e.11122"}]}
COMMAND: POST /session/9a1232cba82ddf4e476e9164e77f8ae5/element - {"using":"css selector","value":"#shell-header-logo"}
COMMAND: GET /session/9a1232cba82ddf4e476e9164e77f8ae5/screenshot - {}
RESULT: {"using":"css selector","value":"#shell-header-logo"}
COMMAND: POST /session/9a1232cba82ddf4e476e9164e77f8ae5/execute/sync - {"script":"<script> [8489 bytes]","args":[{"element-6066-11e4-a52e-4f735466cecf":"f.6A59EF44FD37C6BF5E8460C410EAC6E4.d.B2234982F6483119BD55ED0038A3B6B7.e.11122","ELEMENT":"f.6A59EF44FD37C6BF5E8460C410EAC6E4.d.B2234982F6483119BD55ED0038A3B6B7.e.11122"}]}
RESULT: {}
RESULT: {"script":"<script> [8489 bytes]","args":[{"element-6066-11e4-a52e-4f735466cecf":"f.6A59EF44FD37C6BF5E8460C410EAC6E4.d.B2234982F6483119BD55ED0038A3B6B7.e.11122","ELEMENT":"f.6A59EF44FD37C6BF5E8460C410EAC6E4.d.B2234982F6483119BD55ED0038A3B6B7.e.11122"}]}
COMMAND: POST /session/9a1232cba82ddf4e476e9164e77f8ae5/execute/sync - {"script":"<script> [5351 bytes]","args":[{"element-6066-11e4-a52e-4f735466cecf":"f.6A59EF44FD37C6BF5E8460C410EAC6E4.d.B2234982F6483119BD55ED0038A3B6B7.e.11122","ELEMENT":"f.6A59EF44FD37C6BF5E8460C410EAC6E4.d.B2234982F6483119BD55ED0038A3B6B7.e.11122"}]}
COMMAND: GET /session/9a1232cba82ddf4e476e9164e77f8ae5/screenshot - {}
RESULT: {"script":"<script> [5351 bytes]","args":[{"element-6066-11e4-a52e-4f735466cecf":"f.6A59EF44FD37C6BF5E8460C410EAC6E4.d.B2234982F6483119BD55ED0038A3B6B7.e.11122","ELEMENT":"f.6A59EF44FD37C6BF5E8460C410EAC6E4.d.B2234982F6483119BD55ED0038A3B6B7.e.11122"}]}
COMMAND: POST /session/9a1232cba82ddf4e476e9164e77f8ae5/element - {"using":"css selector","value":"#shell-header-logo"}
COMMAND: GET /session/9a1232cba82ddf4e476e9164e77f8ae5/screenshot - {}
RESULT: {}
RESULT: {"using":"css selector","value":"#shell-header-logo"}
COMMAND: POST /session/9a1232cba82ddf4e476e9164e77f8ae5/element/f.6A59EF44FD37C6BF5E8460C410EAC6E4.d.B2234982F6483119BD55ED0038A3B6B7.e.11122/click - {}
RESULT: {}
RESULT: {}
COMMAND: GET /session/9a1232cba82ddf4e476e9164e77f8ae5/screenshot - {}
RESULT: {}
COMMAND: POST /session/9a1232cba82ddf4e476e9164e77f8ae5/execute/async - {"script":"<script> [189 bytes]","args":[]}
RESULT: {"script":"<script> [189 bytes]","args":[]}
COMMAND: POST /session/9a1232cba82ddf4e476e9164e77f8ae5/execute/async - {"script":"<script> [123 bytes]","args":[]}
RESULT: {"script":"<script> [123 bytes]","args":[]}
COMMAND: POST /session/9a1232cba82ddf4e476e9164e77f8ae5/timeouts - {"script":"<number>"}
RESULT: {"script":"<number>"}
COMMAND: GET /session/9a1232cba82ddf4e476e9164e77f8ae5/timeouts - {}
RESULT: {}
RESULT: undefined
COMMAND: POST /session/9a1232cba82ddf4e476e9164e77f8ae5/execute/async - {"script":"<script> [2676 bytes]","args":[]}
RESULT: {"script":"<script> [2676 bytes]","args":[]}
COMMAND: POST /session/9a1232cba82ddf4e476e9164e77f8ae5/execute/async - {"script":"<script> [2342 bytes]","args":[{"protocol":"http","hostname":"0.0.0.0","path":"/","capabilities":{"browserName":"chrome","goog:chromeOptions":{"binary":"C:\\Program Files\\Google\\Chrome\\Application\\chrome.exe","args":["--start-maximized"]}},"logLevel":"warn","connectionRetryTimeout":120000,"connectionRetryCount":3,"logLevels":{},"enableDirectConnect":true,"strictSSL":true,"_":"65 more keys: [\"cacheDir\",\"port\",\"requestedCapabilities\",\"automationProtocol\",\"baseUrl\",\"waitforInterval\",\"waitforTimeout\",\"onReload\",\"beforeCommand\",\"afterCommand\",\"rootDir\",\"specs\",\"suites\",\"exclude\",\"groupLogsByTestSpec\",\"excludeDriverLogs\",\"bail\",\"framework\",\"reporters\",\"services\",\"maxInstances\",\"maxInstancesPerCapability\",\"injectGlobals\",\"filesToWatch\",\"execArgv\",\"runnerEnv\",\"runner\",\"shard\",\"specFileRetries\",\"specFileRetriesDelay\",\"specFileRetriesDeferred\",\"reporterSyncInterval\",\"reporterSyncTimeout\",\"cucumberFeaturesWithLineNumbers\",\"autoCompileOpts\",\"mochaOpts\",\"jasmineOpts\",\"cucumberOpts\",\"onPrepare\",\"onWorkerStart\",\"onWorkerEnd\",\"before\",\"beforeSession\",\"beforeSuite\",\"beforeHook\",\"beforeTest\",\"afterTest\",\"afterHook\",\"afterSuite\",\"afterSession\",\"after\",\"onComplete\",\"beforeAssertion\",\"afterAssertion\",\"beforeFeature\",\"beforeScenario\",\"beforeStep\",\"afterStep\",\"afterScenario\",\"afterFeature\",\"_\",\"suite\",\"$0\",\"ignoredWorkerServices\",\"wdi5\"]"}]}
RESULT: {"script":"<script> [2342 bytes]","args":[{"protocol":"http","hostname":"0.0.0.0","path":"/","capabilities":{"browserName":"chrome","goog:chromeOptions":{"binary":"C:\\Program Files\\Google\\Chrome\\Application\\chrome.exe","args":["--start-maximized"]}},"logLevel":"warn","connectionRetryTimeout":120000,"connectionRetryCount":3,"logLevels":{},"enableDirectConnect":true,"strictSSL":true,"_":"65 more keys: [\"cacheDir\",\"port\",\"requestedCapabilities\",\"automationProtocol\",\"baseUrl\",\"waitforInterval\",\"waitforTimeout\",\"onReload\",\"beforeCommand\",\"afterCommand\",\"rootDir\",\"specs\",\"suites\",\"exclude\",\"groupLogsByTestSpec\",\"excludeDriverLogs\",\"bail\",\"framework\",\"reporters\",\"services\",\"maxInstances\",\"maxInstancesPerCapability\",\"injectGlobals\",\"filesToWatch\",\"execArgv\",\"runnerEnv\",\"runner\",\"shard\",\"specFileRetries\",\"specFileRetriesDelay\",\"specFileRetriesDeferred\",\"reporterSyncInterval\",\"reporterSyncTimeout\",\"cucumberFeaturesWithLineNumbers\",\"autoCompileOpts\",\"mochaOpts\",\"jasmineOpts\",\"cucumberOpts\",\"onPrepare\",\"onWorkerStart\",\"onWorkerEnd\",\"before\",\"beforeSession\",\"beforeSuite\",\"beforeHook\",\"beforeTest\",\"afterTest\",\"afterHook\",\"afterSuite\",\"afterSession\",\"after\",\"onComplete\",\"beforeAssertion\",\"afterAssertion\",\"beforeFeature\",\"beforeScenario\",\"beforeStep\",\"afterStep\",\"afterScenario\",\"afterFeature\",\"_\",\"suite\",\"$0\",\"ignoredWorkerServices\",\"wdi5\"]"}]}
COMMAND: POST /session/9a1232cba82ddf4e476e9164e77f8ae5/execute/async - {"script":"<script> [21126 bytes]","args":[35000]}
RESULT: {"script":"<script> [21126 bytes]","args":[35000]}
COMMAND: POST /session/9a1232cba82ddf4e476e9164e77f8ae5/window/maximize - {}
RESULT: {}
COMMAND: POST /session/9a1232cba82ddf4e476e9164e77f8ae5/execute/async - {"script":"<script> [1562 bytes]","args":[{"selector":{"id":"shell-header","interaction":{"idSuffix":"icon"}},"wdio_ui5_key":"shellheader"}]}
COMMAND: GET /session/9a1232cba82ddf4e476e9164e77f8ae5/screenshot - {}
RESULT: {"script":"<script> [1562 bytes]","args":[{"selector":{"id":"shell-header","interaction":{"idSuffix":"icon"}},"wdio_ui5_key":"shellheader"}]}
RESULT: undefined
COMMAND: POST /session/9a1232cba82ddf4e476e9164e77f8ae5/refresh - {}
RESULT: {}
RESULT: {}
COMMAND: GET /session/9a1232cba82ddf4e476e9164e77f8ae5/screenshot - {}
RESULT: {}
COMMAND: POST /session/9a1232cba82ddf4e476e9164e77f8ae5/refresh - {}
RESULT: {}
COMMAND: GET /session/9a1232cba82ddf4e476e9164e77f8ae5/screenshot - {}
RESULT: {}
COMMAND: POST /session/9a1232cba82ddf4e476e9164e77f8ae5/window/fullscreen - {}
RESULT: {}
COMMAND: POST /session/9a1232cba82ddf4e476e9164e77f8ae5/execute/async - {"script":"<script> [189 bytes]","args":[]}
RESULT: {"script":"<script> [189 bytes]","args":[]}
COMMAND: POST /session/9a1232cba82ddf4e476e9164e77f8ae5/execute/async - {"script":"<script> [123 bytes]","args":[]}
RESULT: {"script":"<script> [123 bytes]","args":[]}
COMMAND: POST /session/9a1232cba82ddf4e476e9164e77f8ae5/timeouts - {"script":"<number>"}
RESULT: {"script":"<number>"}
COMMAND: GET /session/9a1232cba82ddf4e476e9164e77f8ae5/timeouts - {}
RESULT: {}
RESULT: undefined
COMMAND: POST /session/9a1232cba82ddf4e476e9164e77f8ae5/execute/async - {"script":"<script> [2676 bytes]","args":[]}
RESULT: {"script":"<script> [2676 bytes]","args":[]}
COMMAND: POST /session/9a1232cba82ddf4e476e9164e77f8ae5/execute/async - {"script":"<script> [2342 bytes]","args":[{"protocol":"http","hostname":"0.0.0.0","path":"/","capabilities":{"browserName":"chrome","goog:chromeOptions":{"binary":"C:\\Program Files\\Google\\Chrome\\Application\\chrome.exe","args":["--start-maximized"]}},"logLevel":"warn","connectionRetryTimeout":120000,"connectionRetryCount":3,"logLevels":{},"enableDirectConnect":true,"strictSSL":true,"_":"65 more keys: [\"cacheDir\",\"port\",\"requestedCapabilities\",\"automationProtocol\",\"baseUrl\",\"waitforInterval\",\"waitforTimeout\",\"onReload\",\"beforeCommand\",\"afterCommand\",\"rootDir\",\"specs\",\"suites\",\"exclude\",\"groupLogsByTestSpec\",\"excludeDriverLogs\",\"bail\",\"framework\",\"reporters\",\"services\",\"maxInstances\",\"maxInstancesPerCapability\",\"injectGlobals\",\"filesToWatch\",\"execArgv\",\"runnerEnv\",\"runner\",\"shard\",\"specFileRetries\",\"specFileRetriesDelay\",\"specFileRetriesDeferred\",\"reporterSyncInterval\",\"reporterSyncTimeout\",\"cucumberFeaturesWithLineNumbers\",\"autoCompileOpts\",\"mochaOpts\",\"jasmineOpts\",\"cucumberOpts\",\"onPrepare\",\"onWorkerStart\",\"onWorkerEnd\",\"before\",\"beforeSession\",\"beforeSuite\",\"beforeHook\",\"beforeTest\",\"afterTest\",\"afterHook\",\"afterSuite\",\"afterSession\",\"after\",\"onComplete\",\"beforeAssertion\",\"afterAssertion\",\"beforeFeature\",\"beforeScenario\",\"beforeStep\",\"afterStep\",\"afterScenario\",\"afterFeature\",\"_\",\"suite\",\"$0\",\"ignoredWorkerServices\",\"wdi5\"]"}]}
RESULT: {"script":"<script> [2342 bytes]","args":[{"protocol":"http","hostname":"0.0.0.0","path":"/","capabilities":{"browserName":"chrome","goog:chromeOptions":{"binary":"C:\\Program Files\\Google\\Chrome\\Application\\chrome.exe","args":["--start-maximized"]}},"logLevel":"warn","connectionRetryTimeout":120000,"connectionRetryCount":3,"logLevels":{},"enableDirectConnect":true,"strictSSL":true,"_":"65 more keys: [\"cacheDir\",\"port\",\"requestedCapabilities\",\"automationProtocol\",\"baseUrl\",\"waitforInterval\",\"waitforTimeout\",\"onReload\",\"beforeCommand\",\"afterCommand\",\"rootDir\",\"specs\",\"suites\",\"exclude\",\"groupLogsByTestSpec\",\"excludeDriverLogs\",\"bail\",\"framework\",\"reporters\",\"services\",\"maxInstances\",\"maxInstancesPerCapability\",\"injectGlobals\",\"filesToWatch\",\"execArgv\",\"runnerEnv\",\"runner\",\"shard\",\"specFileRetries\",\"specFileRetriesDelay\",\"specFileRetriesDeferred\",\"reporterSyncInterval\",\"reporterSyncTimeout\",\"cucumberFeaturesWithLineNumbers\",\"autoCompileOpts\",\"mochaOpts\",\"jasmineOpts\",\"cucumberOpts\",\"onPrepare\",\"onWorkerStart\",\"onWorkerEnd\",\"before\",\"beforeSession\",\"beforeSuite\",\"beforeHook\",\"beforeTest\",\"afterTest\",\"afterHook\",\"afterSuite\",\"afterSession\",\"after\",\"onComplete\",\"beforeAssertion\",\"afterAssertion\",\"beforeFeature\",\"beforeScenario\",\"beforeStep\",\"afterStep\",\"afterScenario\",\"afterFeature\",\"_\",\"suite\",\"$0\",\"ignoredWorkerServices\",\"wdi5\"]"}]}
COMMAND: POST /session/9a1232cba82ddf4e476e9164e77f8ae5/execute/async - {"script":"<script> [21126 bytes]","args":[35000]}
RESULT: {"script":"<script> [21126 bytes]","args":[35000]}
]]></system-out>
    </testcase>
  </testsuite>
  <testsuite timestamp="2025-06-04T17:09:00" time="171.539" tests="6" failures="0" errors="0" skipped="0">
    <properties>
      <property name="specId" value="0" />
      <property name="suiteName" value="Return from Site w/ warehouse management w/ clarification US125588" />
      <property name="capabilities" value="chrome.137_0_7151_56.windows" />
      <property name="file" value="file:///D:/a/1/s/test/specs/HTR/return-from-site-w-warehouse-management-w-clarification.spec.js" />
    </properties>
    <testcase classname="chrome.137_0_7151_56.windows.Return_from_Site_w/_warehouse_management_w/_clarification_US125588" name="Should create a new WHM yard" time="0.01">
      <system-out><![CDATA[
COMMAND: POST /session/9a1232cba82ddf4e476e9164e77f8ae5/window/fullscreen - {}
RESULT: {}
]]></system-out>
    </testcase>
    <testcase classname="chrome.137_0_7151_56.windows.Return_from_Site_w/_warehouse_management_w/_clarification_US125588" name="Should create a new external WHM partner" time="0.002" />
    <testcase classname="chrome.137_0_7151_56.windows.Return_from_Site_w/_warehouse_management_w/_clarification_US125588" name="Should create a new WHM site" time="0.002" />
    <testcase classname="chrome.137_0_7151_56.windows.Return_from_Site_w/_warehouse_management_w/_clarification_US125588" name="Should create a new material" time="124.312">
      <system-out><![CDATA[
COMMAND: POST /session/9a1232cba82ddf4e476e9164e77f8ae5/execute/async - {"script":"<script> [1562 bytes]","args":[{"selector":{"controlType":"sap.m.GenericTile","properties":{"header":"Manage Resources"}},"wdio_ui5_key":"sapm.GenericTile{\"header\":\"Manage Resources\"}"}]}
RESULT: {"script":"<script> [1562 bytes]","args":[{"selector":{"controlType":"sap.m.GenericTile","properties":{"header":"Manage Resources"}},"wdio_ui5_key":"sapm.GenericTile{\"header\":\"Manage Resources\"}"}]}
RESULT: undefined
COMMAND: POST /session/9a1232cba82ddf4e476e9164e77f8ae5/element - {"using":"xpath","value":"//*[@id=\"__tile39\"]"}
RESULT: {"using":"xpath","value":"//*[@id=\"__tile39\"]"}
COMMAND: POST /session/9a1232cba82ddf4e476e9164e77f8ae5/element/f.6A59EF44FD37C6BF5E8460C410EAC6E4.d.6E0D3B89E9AF31AA5A9D6579AEAC01F9.e.11287/click - {}
RESULT: {}
COMMAND: GET /session/9a1232cba82ddf4e476e9164e77f8ae5/screenshot - {}
RESULT: {}
COMMAND: POST /session/9a1232cba82ddf4e476e9164e77f8ae5/elements - {"using":"xpath","value":"//span[text()='Error']"}
RESULT: {"using":"xpath","value":"//span[text()='Error']"}
COMMAND: POST /session/9a1232cba82ddf4e476e9164e77f8ae5/element - {"using":"xpath","value":"//button[@data-kt=\"addNewRUOverflowToolbarButton\"]"}
RESULT: {"using":"xpath","value":"//button[@data-kt=\"addNewRUOverflowToolbarButton\"]"}
COMMAND: POST /session/9a1232cba82ddf4e476e9164e77f8ae5/elements - {"using":"xpath","value":"//button[@data-kt=\"addNewRUOverflowToolbarButton\"]"}
RESULT: {"using":"xpath","value":"//button[@data-kt=\"addNewRUOverflowToolbarButton\"]"}
COMMAND: POST /session/9a1232cba82ddf4e476e9164e77f8ae5/elements - {"using":"xpath","value":"//button[@data-kt=\"addNewRUOverflowToolbarButton\"]"}
RESULT: {"using":"xpath","value":"//button[@data-kt=\"addNewRUOverflowToolbarButton\"]"}
COMMAND: POST /session/9a1232cba82ddf4e476e9164e77f8ae5/elements - {"using":"xpath","value":"//button[@data-kt=\"addNewRUOverflowToolbarButton\"]"}
RESULT: {"using":"xpath","value":"//button[@data-kt=\"addNewRUOverflowToolbarButton\"]"}
COMMAND: POST /session/9a1232cba82ddf4e476e9164e77f8ae5/elements - {"using":"xpath","value":"//button[@data-kt=\"addNewRUOverflowToolbarButton\"]"}
RESULT: {"using":"xpath","value":"//button[@data-kt=\"addNewRUOverflowToolbarButton\"]"}
COMMAND: POST /session/9a1232cba82ddf4e476e9164e77f8ae5/elements - {"using":"xpath","value":"//button[@data-kt=\"addNewRUOverflowToolbarButton\"]"}
RESULT: {"using":"xpath","value":"//button[@data-kt=\"addNewRUOverflowToolbarButton\"]"}
COMMAND: POST /session/9a1232cba82ddf4e476e9164e77f8ae5/element - {"using":"xpath","value":"//button[@data-kt=\"addNewRUOverflowToolbarButton\"]"}
RESULT: {"using":"xpath","value":"//button[@data-kt=\"addNewRUOverflowToolbarButton\"]"}
COMMAND: POST /session/9a1232cba82ddf4e476e9164e77f8ae5/execute/sync - {"script":"<script> [8489 bytes]","args":[{"element-6066-11e4-a52e-4f735466cecf":"f.6A59EF44FD37C6BF5E8460C410EAC6E4.d.6E0D3B89E9AF31AA5A9D6579AEAC01F9.e.11439","ELEMENT":"f.6A59EF44FD37C6BF5E8460C410EAC6E4.d.6E0D3B89E9AF31AA5A9D6579AEAC01F9.e.11439"}]}
RESULT: {"script":"<script> [8489 bytes]","args":[{"element-6066-11e4-a52e-4f735466cecf":"f.6A59EF44FD37C6BF5E8460C410EAC6E4.d.6E0D3B89E9AF31AA5A9D6579AEAC01F9.e.11439","ELEMENT":"f.6A59EF44FD37C6BF5E8460C410EAC6E4.d.6E0D3B89E9AF31AA5A9D6579AEAC01F9.e.11439"}]}
COMMAND: GET /session/9a1232cba82ddf4e476e9164e77f8ae5/element/f.6A59EF44FD37C6BF5E8460C410EAC6E4.d.6E0D3B89E9AF31AA5A9D6579AEAC01F9.e.11439/enabled - {}
COMMAND: GET /session/9a1232cba82ddf4e476e9164e77f8ae5/screenshot - {}
RESULT: {}
COMMAND: POST /session/9a1232cba82ddf4e476e9164e77f8ae5/execute/sync - {"script":"<script> [8489 bytes]","args":[{"element-6066-11e4-a52e-4f735466cecf":"f.6A59EF44FD37C6BF5E8460C410EAC6E4.d.6E0D3B89E9AF31AA5A9D6579AEAC01F9.e.11439","ELEMENT":"f.6A59EF44FD37C6BF5E8460C410EAC6E4.d.6E0D3B89E9AF31AA5A9D6579AEAC01F9.e.11439"}]}
COMMAND: GET /session/9a1232cba82ddf4e476e9164e77f8ae5/screenshot - {}
RESULT: {}
RESULT: {"script":"<script> [8489 bytes]","args":[{"element-6066-11e4-a52e-4f735466cecf":"f.6A59EF44FD37C6BF5E8460C410EAC6E4.d.6E0D3B89E9AF31AA5A9D6579AEAC01F9.e.11439","ELEMENT":"f.6A59EF44FD37C6BF5E8460C410EAC6E4.d.6E0D3B89E9AF31AA5A9D6579AEAC01F9.e.11439"}]}
COMMAND: POST /session/9a1232cba82ddf4e476e9164e77f8ae5/execute/sync - {"script":"<script> [5351 bytes]","args":[{"element-6066-11e4-a52e-4f735466cecf":"f.6A59EF44FD37C6BF5E8460C410EAC6E4.d.6E0D3B89E9AF31AA5A9D6579AEAC01F9.e.11439","ELEMENT":"f.6A59EF44FD37C6BF5E8460C410EAC6E4.d.6E0D3B89E9AF31AA5A9D6579AEAC01F9.e.11439"}]}
COMMAND: GET /session/9a1232cba82ddf4e476e9164e77f8ae5/screenshot - {}
RESULT: {}
RESULT: {"script":"<script> [5351 bytes]","args":[{"element-6066-11e4-a52e-4f735466cecf":"f.6A59EF44FD37C6BF5E8460C410EAC6E4.d.6E0D3B89E9AF31AA5A9D6579AEAC01F9.e.11439","ELEMENT":"f.6A59EF44FD37C6BF5E8460C410EAC6E4.d.6E0D3B89E9AF31AA5A9D6579AEAC01F9.e.11439"}]}
COMMAND: POST /session/9a1232cba82ddf4e476e9164e77f8ae5/element/f.6A59EF44FD37C6BF5E8460C410EAC6E4.d.6E0D3B89E9AF31AA5A9D6579AEAC01F9.e.11439/click - {}
COMMAND: GET /session/9a1232cba82ddf4e476e9164e77f8ae5/screenshot - {}
RESULT: {}
RESULT: {}
COMMAND: GET /session/9a1232cba82ddf4e476e9164e77f8ae5/screenshot - {}
COMMAND: POST /session/9a1232cba82ddf4e476e9164e77f8ae5/execute/async - {"script":"<script> [1562 bytes]","args":[{"selector":{"id":"application-manageresources-display-component---newResourceUnit--TYPE-arrow"},"wdio_ui5_key":"applicationmanageresources-display-component---newResourceUnit--TYPE-arrow"}]}
RESULT: {}
RESULT: {}
RESULT: {"script":"<script> [1562 bytes]","args":[{"selector":{"id":"application-manageresources-display-component---newResourceUnit--TYPE-arrow"},"wdio_ui5_key":"applicationmanageresources-display-component---newResourceUnit--TYPE-arrow"}]}
RESULT: undefined
COMMAND: POST /session/9a1232cba82ddf4e476e9164e77f8ae5/element - {"using":"xpath","value":"//*[@id=\"application-manageresources-display-component---newResourceUnit--TYPE-arrow\"]"}
RESULT: {"using":"xpath","value":"//*[@id=\"application-manageresources-display-component---newResourceUnit--TYPE-arrow\"]"}
COMMAND: POST /session/9a1232cba82ddf4e476e9164e77f8ae5/element/f.6A59EF44FD37C6BF5E8460C410EAC6E4.d.6E0D3B89E9AF31AA5A9D6579AEAC01F9.e.11790/click - {}
RESULT: {}
COMMAND: POST /session/9a1232cba82ddf4e476e9164e77f8ae5/element - {"using":"xpath","value":"//input[@id=\"application-manageresources-display-component---newResourceUnit--TYPE-inner\"]"}
COMMAND: GET /session/9a1232cba82ddf4e476e9164e77f8ae5/screenshot - {}
RESULT: {"using":"xpath","value":"//input[@id=\"application-manageresources-display-component---newResourceUnit--TYPE-inner\"]"}
COMMAND: POST /session/9a1232cba82ddf4e476e9164e77f8ae5/element/f.6A59EF44FD37C6BF5E8460C410EAC6E4.d.6E0D3B89E9AF31AA5A9D6579AEAC01F9.e.11779/clear - {}
RESULT: {}
RESULT: {}
COMMAND: POST /session/9a1232cba82ddf4e476e9164e77f8ae5/element/f.6A59EF44FD37C6BF5E8460C410EAC6E4.d.6E0D3B89E9AF31AA5A9D6579AEAC01F9.e.11779/value - {"text":"Material"}
COMMAND: GET /session/9a1232cba82ddf4e476e9164e77f8ae5/screenshot - {}
RESULT: {"text":"Material"}
COMMAND: GET /session/9a1232cba82ddf4e476e9164e77f8ae5/screenshot - {}
RESULT: {}
RESULT: {}
COMMAND: POST /session/9a1232cba82ddf4e476e9164e77f8ae5/actions - {"actions":[{"id":"action38","type":"key","parameters":{},"actions":[{"type":"keyDown","value":"î€‡"},{"type":"pause","duration":10},{"type":"keyUp","value":"î€‡"}]}]}
RESULT: {"actions":[{"id":"action38","type":"key","parameters":{},"actions":[{"type":"keyDown","value":"î€‡"},{"type":"pause","duration":10},{"type":"keyUp","value":"î€‡"}]}]}
COMMAND: POST /session/9a1232cba82ddf4e476e9164e77f8ae5/execute/async - {"script":"<script> [1562 bytes]","args":[{"selector":{"id":"application-manageresources-display-component---newResourceUnit--SHORT_TEXT","interaction":{"idSuffix":"inner"}},"wdio_ui5_key":"applicationmanageresources-display-component---newResourceUnit--SHORT_TEXT"}]}
COMMAND: GET /session/9a1232cba82ddf4e476e9164e77f8ae5/screenshot - {}
RESULT: {"script":"<script> [1562 bytes]","args":[{"selector":{"id":"application-manageresources-display-component---newResourceUnit--SHORT_TEXT","interaction":{"idSuffix":"inner"}},"wdio_ui5_key":"applicationmanageresources-display-component---newResourceUnit--SHORT_TEXT"}]}
RESULT: undefined
COMMAND: POST /session/9a1232cba82ddf4e476e9164e77f8ae5/execute/async - {"script":"<script> [776 bytes]","args":[{"enterText":"Cement WDIO","selector":{"id":"application-manageresources-display-component---newResourceUnit--SHORT_TEXT","interaction":{"idSuffix":"inner"}},"clearTextFirst":true,"interactionType":"ENTER_TEXT"}]}
RESULT: {}
RESULT: {"script":"<script> [776 bytes]","args":[{"enterText":"Cement WDIO","selector":{"id":"application-manageresources-display-component---newResourceUnit--SHORT_TEXT","interaction":{"idSuffix":"inner"}},"clearTextFirst":true,"interactionType":"ENTER_TEXT"}]}
COMMAND: POST /session/9a1232cba82ddf4e476e9164e77f8ae5/execute/async - {"script":"<script> [1562 bytes]","args":[{"selector":{"id":"application-manageresources-display-component---newResourceUnit--BASE_UNIT_OF_MEASURE","interaction":{"idSuffix":"inner"}},"wdio_ui5_key":"applicationmanageresources-display-component---newResourceUnit--BASE_UNIT_OF_MEASURE"}]}
RESULT: {"script":"<script> [1562 bytes]","args":[{"selector":{"id":"application-manageresources-display-component---newResourceUnit--BASE_UNIT_OF_MEASURE","interaction":{"idSuffix":"inner"}},"wdio_ui5_key":"applicationmanageresources-display-component---newResourceUnit--BASE_UNIT_OF_MEASURE"}]}
RESULT: undefined
COMMAND: POST /session/9a1232cba82ddf4e476e9164e77f8ae5/execute/async - {"script":"<script> [776 bytes]","args":[{"enterText":"Piece","selector":{"id":"application-manageresources-display-component---newResourceUnit--BASE_UNIT_OF_MEASURE","interaction":{"idSuffix":"inner"}},"clearTextFirst":true,"interactionType":"ENTER_TEXT"}]}
RESULT: {"script":"<script> [776 bytes]","args":[{"enterText":"Piece","selector":{"id":"application-manageresources-display-component---newResourceUnit--BASE_UNIT_OF_MEASURE","interaction":{"idSuffix":"inner"}},"clearTextFirst":true,"interactionType":"ENTER_TEXT"}]}
COMMAND: POST /session/9a1232cba82ddf4e476e9164e77f8ae5/execute/async - {"script":"<script> [1562 bytes]","args":[{"selector":{"id":"application-manageresources-display-component---newResourceUnit--WEIGHT_UNIT","interaction":{"idSuffix":"inner"}},"wdio_ui5_key":"applicationmanageresources-display-component---newResourceUnit--WEIGHT_UNIT"}]}
RESULT: {"script":"<script> [1562 bytes]","args":[{"selector":{"id":"application-manageresources-display-component---newResourceUnit--WEIGHT_UNIT","interaction":{"idSuffix":"inner"}},"wdio_ui5_key":"applicationmanageresources-display-component---newResourceUnit--WEIGHT_UNIT"}]}
RESULT: undefined
COMMAND: POST /session/9a1232cba82ddf4e476e9164e77f8ae5/execute/async - {"script":"<script> [776 bytes]","args":[{"enterText":"Gram","selector":{"id":"application-manageresources-display-component---newResourceUnit--WEIGHT_UNIT","interaction":{"idSuffix":"inner"}},"clearTextFirst":true,"interactionType":"ENTER_TEXT"}]}
RESULT: {"script":"<script> [776 bytes]","args":[{"enterText":"Gram","selector":{"id":"application-manageresources-display-component---newResourceUnit--WEIGHT_UNIT","interaction":{"idSuffix":"inner"}},"clearTextFirst":true,"interactionType":"ENTER_TEXT"}]}
COMMAND: POST /session/9a1232cba82ddf4e476e9164e77f8ae5/execute/async - {"script":"<script> [1562 bytes]","args":[{"selector":{"id":"application-manageresources-display-component---newResourceUnit--DIMENSION_UNIT","interaction":{"idSuffix":"inner"}},"wdio_ui5_key":"applicationmanageresources-display-component---newResourceUnit--DIMENSION_UNIT"}]}
RESULT: {"script":"<script> [1562 bytes]","args":[{"selector":{"id":"application-manageresources-display-component---newResourceUnit--DIMENSION_UNIT","interaction":{"idSuffix":"inner"}},"wdio_ui5_key":"applicationmanageresources-display-component---newResourceUnit--DIMENSION_UNIT"}]}
RESULT: undefined
COMMAND: POST /session/9a1232cba82ddf4e476e9164e77f8ae5/execute/async - {"script":"<script> [776 bytes]","args":[{"enterText":"Meter","selector":{"id":"application-manageresources-display-component---newResourceUnit--DIMENSION_UNIT","interaction":{"idSuffix":"inner"}},"clearTextFirst":true,"interactionType":"ENTER_TEXT"}]}
RESULT: {"script":"<script> [776 bytes]","args":[{"enterText":"Meter","selector":{"id":"application-manageresources-display-component---newResourceUnit--DIMENSION_UNIT","interaction":{"idSuffix":"inner"}},"clearTextFirst":true,"interactionType":"ENTER_TEXT"}]}
COMMAND: POST /session/9a1232cba82ddf4e476e9164e77f8ae5/execute/async - {"script":"<script> [1562 bytes]","args":[{"selector":{"id":"application-manageresources-display-component---newResourceUnit--newRRUPage-anchBar-application-manageresources-display-component---newResourceUnit--control-anchor","interaction":{"idSuffix":"BDI-content"}},"wdio_ui5_key":"applicationmanageresources-display-component---newResourceUnit--newRRUPage-anchBar-application-manageresources-display-component---newResourceUnit--control-anchor"}]}
RESULT: {"script":"<script> [1562 bytes]","args":[{"selector":{"id":"application-manageresources-display-component---newResourceUnit--newRRUPage-anchBar-application-manageresources-display-component---newResourceUnit--control-anchor","interaction":{"idSuffix":"BDI-content"}},"wdio_ui5_key":"applicationmanageresources-display-component---newResourceUnit--newRRUPage-anchBar-application-manageresources-display-component---newResourceUnit--control-anchor"}]}
RESULT: undefined
COMMAND: POST /session/9a1232cba82ddf4e476e9164e77f8ae5/element - {"using":"xpath","value":"//*[@id=\"application-manageresources-display-component---newResourceUnit--newRRUPage-anchBar-application-manageresources-display-component---newResourceUnit--control-anchor\"]"}
RESULT: {"using":"xpath","value":"//*[@id=\"application-manageresources-display-component---newResourceUnit--newRRUPage-anchBar-application-manageresources-display-component---newResourceUnit--control-anchor\"]"}
COMMAND: POST /session/9a1232cba82ddf4e476e9164e77f8ae5/element/f.6A59EF44FD37C6BF5E8460C410EAC6E4.d.6E0D3B89E9AF31AA5A9D6579AEAC01F9.e.11921/click - {}
RESULT: {}
COMMAND: POST /session/9a1232cba82ddf4e476e9164e77f8ae5/execute/async - {"script":"<script> [1562 bytes]","args":[{"selector":{"id":"application-manageresources-display-component---newResourceUnit--PLANNING_GROUP","interaction":{"idSuffix":"inner"}},"wdio_ui5_key":"applicationmanageresources-display-component---newResourceUnit--PLANNING_GROUP"}]}
COMMAND: GET /session/9a1232cba82ddf4e476e9164e77f8ae5/screenshot - {}
RESULT: {"script":"<script> [1562 bytes]","args":[{"selector":{"id":"application-manageresources-display-component---newResourceUnit--PLANNING_GROUP","interaction":{"idSuffix":"inner"}},"wdio_ui5_key":"applicationmanageresources-display-component---newResourceUnit--PLANNING_GROUP"}]}
RESULT: undefined
COMMAND: POST /session/9a1232cba82ddf4e476e9164e77f8ae5/execute/async - {"script":"<script> [776 bytes]","args":[{"enterText":"Material","selector":{"id":"application-manageresources-display-component---newResourceUnit--PLANNING_GROUP","interaction":{"idSuffix":"inner"}},"clearTextFirst":true,"interactionType":"ENTER_TEXT"}]}
RESULT: {}
RESULT: {"script":"<script> [776 bytes]","args":[{"enterText":"Material","selector":{"id":"application-manageresources-display-component---newResourceUnit--PLANNING_GROUP","interaction":{"idSuffix":"inner"}},"clearTextFirst":true,"interactionType":"ENTER_TEXT"}]}
COMMAND: POST /session/9a1232cba82ddf4e476e9164e77f8ae5/execute/async - {"script":"<script> [1562 bytes]","args":[{"selector":{"id":"application-manageresources-display-component---newResourceUnit--PLANNING_INDICATOR","interaction":{"idSuffix":"inner"}},"wdio_ui5_key":"applicationmanageresources-display-component---newResourceUnit--PLANNING_INDICATOR"}]}
RESULT: {"script":"<script> [1562 bytes]","args":[{"selector":{"id":"application-manageresources-display-component---newResourceUnit--PLANNING_INDICATOR","interaction":{"idSuffix":"inner"}},"wdio_ui5_key":"applicationmanageresources-display-component---newResourceUnit--PLANNING_INDICATOR"}]}
RESULT: undefined
COMMAND: POST /session/9a1232cba82ddf4e476e9164e77f8ae5/execute/async - {"script":"<script> [776 bytes]","args":[{"enterText":"10 - infinite","selector":{"id":"application-manageresources-display-component---newResourceUnit--PLANNING_INDICATOR","interaction":{"idSuffix":"inner"}},"clearTextFirst":true,"interactionType":"ENTER_TEXT"}]}
RESULT: {"script":"<script> [776 bytes]","args":[{"enterText":"10 - infinite","selector":{"id":"application-manageresources-display-component---newResourceUnit--PLANNING_INDICATOR","interaction":{"idSuffix":"inner"}},"clearTextFirst":true,"interactionType":"ENTER_TEXT"}]}
COMMAND: POST /session/9a1232cba82ddf4e476e9164e77f8ae5/element - {"using":"css selector","value":"#application-manageresources-display-component---newResourceUnit--btnAddTimeSegment"}
RESULT: {"using":"css selector","value":"#application-manageresources-display-component---newResourceUnit--btnAddTimeSegment"}
COMMAND: GET /session/9a1232cba82ddf4e476e9164e77f8ae5/element/f.6A59EF44FD37C6BF5E8460C410EAC6E4.d.6E0D3B89E9AF31AA5A9D6579AEAC01F9.e.11931/rect - {}
RESULT: {}
COMMAND: GET /session/9a1232cba82ddf4e476e9164e77f8ae5/window/rect - {}
RESULT: {}
COMMAND: POST /session/9a1232cba82ddf4e476e9164e77f8ae5/execute/sync - {"script":"<script> [92 bytes]","args":[]}
RESULT: {"script":"<script> [92 bytes]","args":[]}
COMMAND: POST /session/9a1232cba82ddf4e476e9164e77f8ae5/actions - {"actions":[{"id":"action39","type":"wheel","parameters":{},"actions":[{"type":"scroll","x":-1888,"y":-32,"deltaX":0,"deltaY":0,"duration":0,"origin":{"element-6066-11e4-a52e-4f735466cecf":"f.6A59EF44FD37C6BF5E8460C410EAC6E4.d.6E0D3B89E9AF31AA5A9D6579AEAC01F9.e.11931"}}]}]}
COMMAND: GET /session/9a1232cba82ddf4e476e9164e77f8ae5/screenshot - {}
RESULT: {}
COMMAND: POST /session/9a1232cba82ddf4e476e9164e77f8ae5/execute/sync - {"script":"<script> [79 bytes]","args":[{"element-6066-11e4-a52e-4f735466cecf":"f.6A59EF44FD37C6BF5E8460C410EAC6E4.d.6E0D3B89E9AF31AA5A9D6579AEAC01F9.e.11931","ELEMENT":"f.6A59EF44FD37C6BF5E8460C410EAC6E4.d.6E0D3B89E9AF31AA5A9D6579AEAC01F9.e.11931"},{"block":"start","inline":"nearest"}]}
RESULT: {"script":"<script> [79 bytes]","args":[{"element-6066-11e4-a52e-4f735466cecf":"f.6A59EF44FD37C6BF5E8460C410EAC6E4.d.6E0D3B89E9AF31AA5A9D6579AEAC01F9.e.11931","ELEMENT":"f.6A59EF44FD37C6BF5E8460C410EAC6E4.d.6E0D3B89E9AF31AA5A9D6579AEAC01F9.e.11931"},{"block":"start","inline":"nearest"}]}
COMMAND: POST /session/9a1232cba82ddf4e476e9164e77f8ae5/execute/async - {"script":"<script> [1562 bytes]","args":[{"selector":{"id":"application-manageresources-display-component---newResourceUnit--btnAddTimeSegment","interaction":{"idSuffix":"inner"}},"wdio_ui5_key":"applicationmanageresources-display-component---newResourceUnit--btnAddTimeSegment"}]}
COMMAND: GET /session/9a1232cba82ddf4e476e9164e77f8ae5/screenshot - {}
RESULT: {"script":"<script> [1562 bytes]","args":[{"selector":{"id":"application-manageresources-display-component---newResourceUnit--btnAddTimeSegment","interaction":{"idSuffix":"inner"}},"wdio_ui5_key":"applicationmanageresources-display-component---newResourceUnit--btnAddTimeSegment"}]}
RESULT: undefined
COMMAND: POST /session/9a1232cba82ddf4e476e9164e77f8ae5/element - {"using":"xpath","value":"//*[@id=\"application-manageresources-display-component---newResourceUnit--btnAddTimeSegment\"]"}
RESULT: {}
RESULT: {"using":"xpath","value":"//*[@id=\"application-manageresources-display-component---newResourceUnit--btnAddTimeSegment\"]"}
COMMAND: POST /session/9a1232cba82ddf4e476e9164e77f8ae5/element/f.6A59EF44FD37C6BF5E8460C410EAC6E4.d.6E0D3B89E9AF31AA5A9D6579AEAC01F9.e.11931/click - {}
RESULT: {}
COMMAND: GET /session/9a1232cba82ddf4e476e9164e77f8ae5/screenshot - {}
RESULT: {}
COMMAND: POST /session/9a1232cba82ddf4e476e9164e77f8ae5/element - {"using":"xpath","value":"//input[@id=\"application-manageresources-display-component---newResourceUnit--idRuTSAdmin-application-manageresources-display-component---newResourceUnit--RUTimeSegment-0-inner\"]"}
RESULT: {"using":"xpath","value":"//input[@id=\"application-manageresources-display-component---newResourceUnit--idRuTSAdmin-application-manageresources-display-component---newResourceUnit--RUTimeSegment-0-inner\"]"}
COMMAND: POST /session/9a1232cba82ddf4e476e9164e77f8ae5/element/f.6A59EF44FD37C6BF5E8460C410EAC6E4.d.6E0D3B89E9AF31AA5A9D6579AEAC01F9.e.11936/clear - {}
RESULT: {}
COMMAND: POST /session/9a1232cba82ddf4e476e9164e77f8ae5/element/f.6A59EF44FD37C6BF5E8460C410EAC6E4.d.6E0D3B89E9AF31AA5A9D6579AEAC01F9.e.11936/value - {"text":"655"}
COMMAND: GET /session/9a1232cba82ddf4e476e9164e77f8ae5/screenshot - {}
RESULT: {"text":"655"}
COMMAND: GET /session/9a1232cba82ddf4e476e9164e77f8ae5/screenshot - {}
RESULT: {}
RESULT: {}
COMMAND: POST /session/9a1232cba82ddf4e476e9164e77f8ae5/element - {"using":"xpath","value":"//li[.//span[text()='655']]"}
RESULT: {"using":"xpath","value":"//li[.//span[text()='655']]"}
COMMAND: POST /session/9a1232cba82ddf4e476e9164e77f8ae5/element/f.6A59EF44FD37C6BF5E8460C410EAC6E4.d.6E0D3B89E9AF31AA5A9D6579AEAC01F9.e.11945/click - {}
RESULT: {}
COMMAND: GET /session/9a1232cba82ddf4e476e9164e77f8ae5/screenshot - {}
RESULT: {}
COMMAND: POST /session/9a1232cba82ddf4e476e9164e77f8ae5/element - {"using":"xpath","value":"(//span[contains(@id, \"-application-manageresources-display-component---newResourceUnit--RUTimeSegment-0-arrow\")])[2]"}
RESULT: {"using":"xpath","value":"(//span[contains(@id, \"-application-manageresources-display-component---newResourceUnit--RUTimeSegment-0-arrow\")])[2]"}
COMMAND: POST /session/9a1232cba82ddf4e476e9164e77f8ae5/element/f.6A59EF44FD37C6BF5E8460C410EAC6E4.d.6E0D3B89E9AF31AA5A9D6579AEAC01F9.e.11946/click - {}
RESULT: {}
COMMAND: POST /session/9a1232cba82ddf4e476e9164e77f8ae5/element - {"using":"xpath","value":"//span[contains(text(), \"PM Order\")]"}
COMMAND: GET /session/9a1232cba82ddf4e476e9164e77f8ae5/screenshot - {}
RESULT: {"using":"xpath","value":"//span[contains(text(), \"PM Order\")]"}
COMMAND: POST /session/9a1232cba82ddf4e476e9164e77f8ae5/element/f.6A59EF44FD37C6BF5E8460C410EAC6E4.d.6E0D3B89E9AF31AA5A9D6579AEAC01F9.e.11947/click - {}
RESULT: {}
RESULT: {}
COMMAND: GET /session/9a1232cba82ddf4e476e9164e77f8ae5/screenshot - {}
RESULT: {}
COMMAND: POST /session/9a1232cba82ddf4e476e9164e77f8ae5/element - {"using":"xpath","value":"//td/div/div/div/span[contains(@id, \"newResourceUnit--RUTimeSegment-0-vhi\")][1]"}
RESULT: {"using":"xpath","value":"//td/div/div/div/span[contains(@id, \"newResourceUnit--RUTimeSegment-0-vhi\")][1]"}
COMMAND: GET /session/9a1232cba82ddf4e476e9164e77f8ae5/element/f.6A59EF44FD37C6BF5E8460C410EAC6E4.d.6E0D3B89E9AF31AA5A9D6579AEAC01F9.e.11951/rect - {}
RESULT: {}
COMMAND: GET /session/9a1232cba82ddf4e476e9164e77f8ae5/window/rect - {}
RESULT: {}
COMMAND: POST /session/9a1232cba82ddf4e476e9164e77f8ae5/execute/sync - {"script":"<script> [92 bytes]","args":[]}
RESULT: {"script":"<script> [92 bytes]","args":[]}
COMMAND: POST /session/9a1232cba82ddf4e476e9164e77f8ae5/actions - {"actions":[{"id":"action40","type":"wheel","parameters":{},"actions":[{"type":"scroll","x":-1888,"y":-24,"deltaX":0,"deltaY":0,"duration":0,"origin":{"element-6066-11e4-a52e-4f735466cecf":"f.6A59EF44FD37C6BF5E8460C410EAC6E4.d.6E0D3B89E9AF31AA5A9D6579AEAC01F9.e.11951"}}]}]}
COMMAND: GET /session/9a1232cba82ddf4e476e9164e77f8ae5/screenshot - {}
RESULT: {}
COMMAND: POST /session/9a1232cba82ddf4e476e9164e77f8ae5/execute/sync - {"script":"<script> [79 bytes]","args":[{"element-6066-11e4-a52e-4f735466cecf":"f.6A59EF44FD37C6BF5E8460C410EAC6E4.d.6E0D3B89E9AF31AA5A9D6579AEAC01F9.e.11951","ELEMENT":"f.6A59EF44FD37C6BF5E8460C410EAC6E4.d.6E0D3B89E9AF31AA5A9D6579AEAC01F9.e.11951"},{"block":"start","inline":"nearest"}]}
RESULT: {"script":"<script> [79 bytes]","args":[{"element-6066-11e4-a52e-4f735466cecf":"f.6A59EF44FD37C6BF5E8460C410EAC6E4.d.6E0D3B89E9AF31AA5A9D6579AEAC01F9.e.11951","ELEMENT":"f.6A59EF44FD37C6BF5E8460C410EAC6E4.d.6E0D3B89E9AF31AA5A9D6579AEAC01F9.e.11951"},{"block":"start","inline":"nearest"}]}
COMMAND: GET /session/9a1232cba82ddf4e476e9164e77f8ae5/screenshot - {}
RESULT: {}
COMMAND: POST /session/9a1232cba82ddf4e476e9164e77f8ae5/element/f.6A59EF44FD37C6BF5E8460C410EAC6E4.d.6E0D3B89E9AF31AA5A9D6579AEAC01F9.e.11951/click - {}
RESULT: {}
COMMAND: GET /session/9a1232cba82ddf4e476e9164e77f8ae5/screenshot - {}
RESULT: {}
COMMAND: POST /session/9a1232cba82ddf4e476e9164e77f8ae5/execute/async - {"script":"<script> [1562 bytes]","args":[{"selector":{"controlType":"sap.m.SearchField","properties":{"placeholder":"Search"},"searchOpenDialogs":true,"interaction":{"idSuffix":"I"}},"wdio_ui5_key":"sapm.SearchField{\"placeholder\":\"Search\"}"}]}
RESULT: {"script":"<script> [1562 bytes]","args":[{"selector":{"controlType":"sap.m.SearchField","properties":{"placeholder":"Search"},"searchOpenDialogs":true,"interaction":{"idSuffix":"I"}},"wdio_ui5_key":"sapm.SearchField{\"placeholder\":\"Search\"}"}]}
RESULT: undefined
COMMAND: POST /session/9a1232cba82ddf4e476e9164e77f8ae5/execute/async - {"script":"<script> [776 bytes]","args":[{"enterText":"4000360","selector":{"controlType":"sap.m.SearchField","properties":{"placeholder":"Search"},"searchOpenDialogs":true,"interaction":{"idSuffix":"I"}},"clearTextFirst":true,"interactionType":"ENTER_TEXT"}]}
RESULT: {"script":"<script> [776 bytes]","args":[{"enterText":"4000360","selector":{"controlType":"sap.m.SearchField","properties":{"placeholder":"Search"},"searchOpenDialogs":true,"interaction":{"idSuffix":"I"}},"clearTextFirst":true,"interactionType":"ENTER_TEXT"}]}
COMMAND: POST /session/9a1232cba82ddf4e476e9164e77f8ae5/actions - {"actions":[{"id":"action41","type":"key","parameters":{},"actions":[{"type":"keyDown","value":"î€‡"},{"type":"pause","duration":10},{"type":"keyUp","value":"î€‡"}]}]}
RESULT: {"actions":[{"id":"action41","type":"key","parameters":{},"actions":[{"type":"keyDown","value":"î€‡"},{"type":"pause","duration":10},{"type":"keyUp","value":"î€‡"}]}]}
COMMAND: GET /session/9a1232cba82ddf4e476e9164e77f8ae5/screenshot - {}
RESULT: {}
COMMAND: POST /session/9a1232cba82ddf4e476e9164e77f8ae5/element - {"using":"xpath","value":"//td/div/span[contains(text(), \"BGL Vehicles\")]"}
RESULT: {"using":"xpath","value":"//td/div/span[contains(text(), \"BGL Vehicles\")]"}
COMMAND: POST /session/9a1232cba82ddf4e476e9164e77f8ae5/element/f.6A59EF44FD37C6BF5E8460C410EAC6E4.d.6E0D3B89E9AF31AA5A9D6579AEAC01F9.e.11972/click - {}
RESULT: {}
COMMAND: GET /session/9a1232cba82ddf4e476e9164e77f8ae5/screenshot - {}
RESULT: {}
COMMAND: POST /session/9a1232cba82ddf4e476e9164e77f8ae5/element - {"using":"xpath","value":"//bdi[contains(text(), \"OK\")]"}
RESULT: {"using":"xpath","value":"//bdi[contains(text(), \"OK\")]"}
COMMAND: POST /session/9a1232cba82ddf4e476e9164e77f8ae5/element/f.6A59EF44FD37C6BF5E8460C410EAC6E4.d.6E0D3B89E9AF31AA5A9D6579AEAC01F9.e.11973/click - {}
RESULT: {}
COMMAND: GET /session/9a1232cba82ddf4e476e9164e77f8ae5/screenshot - {}
RESULT: {}
COMMAND: POST /session/9a1232cba82ddf4e476e9164e77f8ae5/element - {"using":"xpath","value":"//label[contains(@class, 'sapMLabelRequired') and .//bdi[contains(text(), 'Planned Retirement')]]"}
RESULT: {"using":"xpath","value":"//label[contains(@class, 'sapMLabelRequired') and .//bdi[contains(text(), 'Planned Retirement')]]"}
COMMAND: POST /session/9a1232cba82ddf4e476e9164e77f8ae5/elements - {"using":"xpath","value":"//label[contains(@class, 'sapMLabelRequired') and .//bdi[contains(text(), 'Planned Retirement')]]"}
RESULT: {"using":"xpath","value":"//label[contains(@class, 'sapMLabelRequired') and .//bdi[contains(text(), 'Planned Retirement')]]"}
COMMAND: POST /session/9a1232cba82ddf4e476e9164e77f8ae5/element - {"using":"xpath","value":"//button[@data-kt=\"resourceUnitSaveButton\"]"}
RESULT: {"using":"xpath","value":"//button[@data-kt=\"resourceUnitSaveButton\"]"}
COMMAND: POST /session/9a1232cba82ddf4e476e9164e77f8ae5/element/f.6A59EF44FD37C6BF5E8460C410EAC6E4.d.6E0D3B89E9AF31AA5A9D6579AEAC01F9.e.11807/click - {}
RESULT: {}
COMMAND: GET /session/9a1232cba82ddf4e476e9164e77f8ae5/screenshot - {}
RESULT: {}
COMMAND: POST /session/9a1232cba82ddf4e476e9164e77f8ae5/element - {"using":"xpath","value":"//bdi[contains(text(), \"Close\")]"}
RESULT: {"using":"xpath","value":"//bdi[contains(text(), \"Close\")]"}
COMMAND: POST /session/9a1232cba82ddf4e476e9164e77f8ae5/element/f.6A59EF44FD37C6BF5E8460C410EAC6E4.d.6E0D3B89E9AF31AA5A9D6579AEAC01F9.e.11979/click - {}
RESULT: {}
COMMAND: GET /session/9a1232cba82ddf4e476e9164e77f8ae5/screenshot - {}
RESULT: {}
COMMAND: POST /session/9a1232cba82ddf4e476e9164e77f8ae5/element - {"using":"xpath","value":"//header[contains(@id, 'detailRruPage-headerTitle')]/div[1]/div[2]/div[2]/span[1]"}
RESULT: {"using":"xpath","value":"//header[contains(@id, 'detailRruPage-headerTitle')]/div[1]/div[2]/div[2]/span[1]"}
COMMAND: POST /session/9a1232cba82ddf4e476e9164e77f8ae5/elements - {"using":"xpath","value":"//header[contains(@id, 'detailRruPage-headerTitle')]/div[1]/div[2]/div[2]/span[1]"}
RESULT: {"using":"xpath","value":"//header[contains(@id, 'detailRruPage-headerTitle')]/div[1]/div[2]/div[2]/span[1]"}
COMMAND: POST /session/9a1232cba82ddf4e476e9164e77f8ae5/execute/sync - {"script":"<script> [56 bytes]","args":[{"element-6066-11e4-a52e-4f735466cecf":"f.6A59EF44FD37C6BF5E8460C410EAC6E4.d.6E0D3B89E9AF31AA5A9D6579AEAC01F9.e.12012","ELEMENT":"f.6A59EF44FD37C6BF5E8460C410EAC6E4.d.6E0D3B89E9AF31AA5A9D6579AEAC01F9.e.12012"}]}
RESULT: {"script":"<script> [56 bytes]","args":[{"element-6066-11e4-a52e-4f735466cecf":"f.6A59EF44FD37C6BF5E8460C410EAC6E4.d.6E0D3B89E9AF31AA5A9D6579AEAC01F9.e.12012","ELEMENT":"f.6A59EF44FD37C6BF5E8460C410EAC6E4.d.6E0D3B89E9AF31AA5A9D6579AEAC01F9.e.12012"}]}
COMMAND: POST /session/9a1232cba82ddf4e476e9164e77f8ae5/element - {"using":"css selector","value":"#shell-header-logo"}
COMMAND: GET /session/9a1232cba82ddf4e476e9164e77f8ae5/screenshot - {}
RESULT: {"using":"css selector","value":"#shell-header-logo"}
COMMAND: POST /session/9a1232cba82ddf4e476e9164e77f8ae5/element/f.6A59EF44FD37C6BF5E8460C410EAC6E4.d.6E0D3B89E9AF31AA5A9D6579AEAC01F9.e.11397/click - {}
RESULT: {}
RESULT: {}
COMMAND: GET /session/9a1232cba82ddf4e476e9164e77f8ae5/screenshot - {}
RESULT: {}
]]></system-out>
    </testcase>
    <testcase classname="chrome.137_0_7151_56.windows.Return_from_Site_w/_warehouse_management_w/_clarification_US125588" name="Bin Status Report Should Create New Organization yard" time="0.003" />
    <testcase classname="chrome.137_0_7151_56.windows.Return_from_Site_w/_warehouse_management_w/_clarification_US125588" name="Bin Status Report Should Create New Organization for Site" time="0.002" />
  </testsuite>
  <testsuite timestamp="2025-06-04T17:11:51" time="504.623" tests="7" failures="7" errors="7" skipped="0">
    <properties>
      <property name="specId" value="0" />
      <property name="suiteName" value="Return from Site w/ warehouse management w clarification" />
      <property name="capabilities" value="chrome.137_0_7151_56.windows" />
      <property name="file" value="file:///D:/a/1/s/test/specs/HTR/return-from-site-w-warehouse-management-w-clarification.spec.js" />
    </properties>
  </testsuite>
  <testsuite timestamp="2025-06-04T17:20:16" time="515.825" tests="9" failures="3" errors="3" skipped="0">
    <properties>
      <property name="specId" value="0" />
      <property name="suiteName" value="Create masterdata for Yard Overview - trigger provide US130988" />
      <property name="capabilities" value="chrome.137_0_7151_56.windows" />
      <property name="file" value="file:///D:/a/1/s/test/specs/HTR/stock-decrease.spec.js" />
    </properties>
    <testcase classname="chrome.137_0_7151_56.windows.Create_masterdata_for_Yard_Overview_-_trigger_provide_US130988" name="Should create a new WHM yard" time="0.014">
      <system-out><![CDATA[
COMMAND: POST /session/9a1232cba82ddf4e476e9164e77f8ae5/window/fullscreen - {}
RESULT: {}
]]></system-out>
    </testcase>
    <testcase classname="chrome.137_0_7151_56.windows.Create_masterdata_for_Yard_Overview_-_trigger_provide_US130988" name="Should create a new partner" time="0.002" />
    <testcase classname="chrome.137_0_7151_56.windows.Create_masterdata_for_Yard_Overview_-_trigger_provide_US130988" name="Should create a new site" time="0.002" />
    <testcase classname="chrome.137_0_7151_56.windows.Create_masterdata_for_Yard_Overview_-_trigger_provide_US130988" name="Should create a new material" time="123.11">
      <system-out><![CDATA[
COMMAND: POST /session/9a1232cba82ddf4e476e9164e77f8ae5/execute/async - {"script":"<script> [1562 bytes]","args":[{"selector":{"controlType":"sap.m.GenericTile","properties":{"header":"Manage Resources"}},"wdio_ui5_key":"sapm.GenericTile{\"header\":\"Manage Resources\"}"}]}
RESULT: {"script":"<script> [1562 bytes]","args":[{"selector":{"controlType":"sap.m.GenericTile","properties":{"header":"Manage Resources"}},"wdio_ui5_key":"sapm.GenericTile{\"header\":\"Manage Resources\"}"}]}
RESULT: undefined
COMMAND: POST /session/9a1232cba82ddf4e476e9164e77f8ae5/element - {"using":"xpath","value":"//*[@id=\"__tile31\"]"}
RESULT: {"using":"xpath","value":"//*[@id=\"__tile31\"]"}
COMMAND: POST /session/9a1232cba82ddf4e476e9164e77f8ae5/element/f.6A59EF44FD37C6BF5E8460C410EAC6E4.d.EC9E0566CCF30BD40D9F3D6C16F6C574.e.12466/click - {}
RESULT: {}
COMMAND: GET /session/9a1232cba82ddf4e476e9164e77f8ae5/screenshot - {}
RESULT: {}
COMMAND: POST /session/9a1232cba82ddf4e476e9164e77f8ae5/elements - {"using":"xpath","value":"//span[text()='Error']"}
RESULT: {"using":"xpath","value":"//span[text()='Error']"}
COMMAND: POST /session/9a1232cba82ddf4e476e9164e77f8ae5/element - {"using":"xpath","value":"//button[@data-kt=\"addNewRUOverflowToolbarButton\"]"}
RESULT: {"using":"xpath","value":"//button[@data-kt=\"addNewRUOverflowToolbarButton\"]"}
COMMAND: POST /session/9a1232cba82ddf4e476e9164e77f8ae5/elements - {"using":"xpath","value":"//button[@data-kt=\"addNewRUOverflowToolbarButton\"]"}
RESULT: {"using":"xpath","value":"//button[@data-kt=\"addNewRUOverflowToolbarButton\"]"}
COMMAND: POST /session/9a1232cba82ddf4e476e9164e77f8ae5/execute/sync - {"script":"<script> [8489 bytes]","args":[{"element-6066-11e4-a52e-4f735466cecf":"f.6A59EF44FD37C6BF5E8460C410EAC6E4.d.EC9E0566CCF30BD40D9F3D6C16F6C574.e.12594","ELEMENT":"f.6A59EF44FD37C6BF5E8460C410EAC6E4.d.EC9E0566CCF30BD40D9F3D6C16F6C574.e.12594"}]}
RESULT: {"script":"<script> [8489 bytes]","args":[{"element-6066-11e4-a52e-4f735466cecf":"f.6A59EF44FD37C6BF5E8460C410EAC6E4.d.EC9E0566CCF30BD40D9F3D6C16F6C574.e.12594","ELEMENT":"f.6A59EF44FD37C6BF5E8460C410EAC6E4.d.EC9E0566CCF30BD40D9F3D6C16F6C574.e.12594"}]}
COMMAND: GET /session/9a1232cba82ddf4e476e9164e77f8ae5/element/f.6A59EF44FD37C6BF5E8460C410EAC6E4.d.EC9E0566CCF30BD40D9F3D6C16F6C574.e.12594/enabled - {}
COMMAND: GET /session/9a1232cba82ddf4e476e9164e77f8ae5/screenshot - {}
RESULT: {}
COMMAND: POST /session/9a1232cba82ddf4e476e9164e77f8ae5/execute/sync - {"script":"<script> [8489 bytes]","args":[{"element-6066-11e4-a52e-4f735466cecf":"f.6A59EF44FD37C6BF5E8460C410EAC6E4.d.EC9E0566CCF30BD40D9F3D6C16F6C574.e.12594","ELEMENT":"f.6A59EF44FD37C6BF5E8460C410EAC6E4.d.EC9E0566CCF30BD40D9F3D6C16F6C574.e.12594"}]}
COMMAND: GET /session/9a1232cba82ddf4e476e9164e77f8ae5/screenshot - {}
RESULT: {}
RESULT: {"script":"<script> [8489 bytes]","args":[{"element-6066-11e4-a52e-4f735466cecf":"f.6A59EF44FD37C6BF5E8460C410EAC6E4.d.EC9E0566CCF30BD40D9F3D6C16F6C574.e.12594","ELEMENT":"f.6A59EF44FD37C6BF5E8460C410EAC6E4.d.EC9E0566CCF30BD40D9F3D6C16F6C574.e.12594"}]}
COMMAND: POST /session/9a1232cba82ddf4e476e9164e77f8ae5/execute/sync - {"script":"<script> [5351 bytes]","args":[{"element-6066-11e4-a52e-4f735466cecf":"f.6A59EF44FD37C6BF5E8460C410EAC6E4.d.EC9E0566CCF30BD40D9F3D6C16F6C574.e.12594","ELEMENT":"f.6A59EF44FD37C6BF5E8460C410EAC6E4.d.EC9E0566CCF30BD40D9F3D6C16F6C574.e.12594"}]}
COMMAND: GET /session/9a1232cba82ddf4e476e9164e77f8ae5/screenshot - {}
RESULT: {}
RESULT: {"script":"<script> [5351 bytes]","args":[{"element-6066-11e4-a52e-4f735466cecf":"f.6A59EF44FD37C6BF5E8460C410EAC6E4.d.EC9E0566CCF30BD40D9F3D6C16F6C574.e.12594","ELEMENT":"f.6A59EF44FD37C6BF5E8460C410EAC6E4.d.EC9E0566CCF30BD40D9F3D6C16F6C574.e.12594"}]}
COMMAND: POST /session/9a1232cba82ddf4e476e9164e77f8ae5/element/f.6A59EF44FD37C6BF5E8460C410EAC6E4.d.EC9E0566CCF30BD40D9F3D6C16F6C574.e.12594/click - {}
COMMAND: GET /session/9a1232cba82ddf4e476e9164e77f8ae5/screenshot - {}
RESULT: {}
RESULT: {}
COMMAND: GET /session/9a1232cba82ddf4e476e9164e77f8ae5/screenshot - {}
RESULT: {}
RESULT: {}
COMMAND: POST /session/9a1232cba82ddf4e476e9164e77f8ae5/execute/async - {"script":"<script> [1562 bytes]","args":[{"selector":{"id":"application-manageresources-display-component---newResourceUnit--TYPE-arrow"},"wdio_ui5_key":"applicationmanageresources-display-component---newResourceUnit--TYPE-arrow"}]}
RESULT: {"script":"<script> [1562 bytes]","args":[{"selector":{"id":"application-manageresources-display-component---newResourceUnit--TYPE-arrow"},"wdio_ui5_key":"applicationmanageresources-display-component---newResourceUnit--TYPE-arrow"}]}
RESULT: undefined
COMMAND: POST /session/9a1232cba82ddf4e476e9164e77f8ae5/element - {"using":"xpath","value":"//*[@id=\"application-manageresources-display-component---newResourceUnit--TYPE-arrow\"]"}
RESULT: {"using":"xpath","value":"//*[@id=\"application-manageresources-display-component---newResourceUnit--TYPE-arrow\"]"}
COMMAND: POST /session/9a1232cba82ddf4e476e9164e77f8ae5/element/f.6A59EF44FD37C6BF5E8460C410EAC6E4.d.EC9E0566CCF30BD40D9F3D6C16F6C574.e.12763/click - {}
RESULT: {}
COMMAND: POST /session/9a1232cba82ddf4e476e9164e77f8ae5/element - {"using":"xpath","value":"//input[@id=\"application-manageresources-display-component---newResourceUnit--TYPE-inner\"]"}
COMMAND: GET /session/9a1232cba82ddf4e476e9164e77f8ae5/screenshot - {}
RESULT: {"using":"xpath","value":"//input[@id=\"application-manageresources-display-component---newResourceUnit--TYPE-inner\"]"}
COMMAND: POST /session/9a1232cba82ddf4e476e9164e77f8ae5/element/f.6A59EF44FD37C6BF5E8460C410EAC6E4.d.EC9E0566CCF30BD40D9F3D6C16F6C574.e.12645/clear - {}
RESULT: {}
RESULT: {}
COMMAND: POST /session/9a1232cba82ddf4e476e9164e77f8ae5/element/f.6A59EF44FD37C6BF5E8460C410EAC6E4.d.EC9E0566CCF30BD40D9F3D6C16F6C574.e.12645/value - {"text":"Material"}
COMMAND: GET /session/9a1232cba82ddf4e476e9164e77f8ae5/screenshot - {}
RESULT: {"text":"Material"}
COMMAND: GET /session/9a1232cba82ddf4e476e9164e77f8ae5/screenshot - {}
RESULT: {}
RESULT: {}
COMMAND: POST /session/9a1232cba82ddf4e476e9164e77f8ae5/actions - {"actions":[{"id":"action43","type":"key","parameters":{},"actions":[{"type":"keyDown","value":"î€‡"},{"type":"pause","duration":10},{"type":"keyUp","value":"î€‡"}]}]}
RESULT: {"actions":[{"id":"action43","type":"key","parameters":{},"actions":[{"type":"keyDown","value":"î€‡"},{"type":"pause","duration":10},{"type":"keyUp","value":"î€‡"}]}]}
COMMAND: POST /session/9a1232cba82ddf4e476e9164e77f8ae5/execute/async - {"script":"<script> [1562 bytes]","args":[{"selector":{"id":"application-manageresources-display-component---newResourceUnit--SHORT_TEXT","interaction":{"idSuffix":"inner"}},"wdio_ui5_key":"applicationmanageresources-display-component---newResourceUnit--SHORT_TEXT"}]}
COMMAND: GET /session/9a1232cba82ddf4e476e9164e77f8ae5/screenshot - {}
RESULT: {"script":"<script> [1562 bytes]","args":[{"selector":{"id":"application-manageresources-display-component---newResourceUnit--SHORT_TEXT","interaction":{"idSuffix":"inner"}},"wdio_ui5_key":"applicationmanageresources-display-component---newResourceUnit--SHORT_TEXT"}]}
RESULT: undefined
COMMAND: POST /session/9a1232cba82ddf4e476e9164e77f8ae5/execute/async - {"script":"<script> [776 bytes]","args":[{"enterText":"Cement WDIO","selector":{"id":"application-manageresources-display-component---newResourceUnit--SHORT_TEXT","interaction":{"idSuffix":"inner"}},"clearTextFirst":true,"interactionType":"ENTER_TEXT"}]}
RESULT: {}
RESULT: {"script":"<script> [776 bytes]","args":[{"enterText":"Cement WDIO","selector":{"id":"application-manageresources-display-component---newResourceUnit--SHORT_TEXT","interaction":{"idSuffix":"inner"}},"clearTextFirst":true,"interactionType":"ENTER_TEXT"}]}
COMMAND: POST /session/9a1232cba82ddf4e476e9164e77f8ae5/execute/async - {"script":"<script> [1562 bytes]","args":[{"selector":{"id":"application-manageresources-display-component---newResourceUnit--BASE_UNIT_OF_MEASURE","interaction":{"idSuffix":"inner"}},"wdio_ui5_key":"applicationmanageresources-display-component---newResourceUnit--BASE_UNIT_OF_MEASURE"}]}
RESULT: {"script":"<script> [1562 bytes]","args":[{"selector":{"id":"application-manageresources-display-component---newResourceUnit--BASE_UNIT_OF_MEASURE","interaction":{"idSuffix":"inner"}},"wdio_ui5_key":"applicationmanageresources-display-component---newResourceUnit--BASE_UNIT_OF_MEASURE"}]}
RESULT: undefined
COMMAND: POST /session/9a1232cba82ddf4e476e9164e77f8ae5/execute/async - {"script":"<script> [776 bytes]","args":[{"enterText":"Piece","selector":{"id":"application-manageresources-display-component---newResourceUnit--BASE_UNIT_OF_MEASURE","interaction":{"idSuffix":"inner"}},"clearTextFirst":true,"interactionType":"ENTER_TEXT"}]}
RESULT: {"script":"<script> [776 bytes]","args":[{"enterText":"Piece","selector":{"id":"application-manageresources-display-component---newResourceUnit--BASE_UNIT_OF_MEASURE","interaction":{"idSuffix":"inner"}},"clearTextFirst":true,"interactionType":"ENTER_TEXT"}]}
COMMAND: POST /session/9a1232cba82ddf4e476e9164e77f8ae5/execute/async - {"script":"<script> [1562 bytes]","args":[{"selector":{"id":"application-manageresources-display-component---newResourceUnit--WEIGHT_UNIT","interaction":{"idSuffix":"inner"}},"wdio_ui5_key":"applicationmanageresources-display-component---newResourceUnit--WEIGHT_UNIT"}]}
RESULT: {"script":"<script> [1562 bytes]","args":[{"selector":{"id":"application-manageresources-display-component---newResourceUnit--WEIGHT_UNIT","interaction":{"idSuffix":"inner"}},"wdio_ui5_key":"applicationmanageresources-display-component---newResourceUnit--WEIGHT_UNIT"}]}
RESULT: undefined
COMMAND: POST /session/9a1232cba82ddf4e476e9164e77f8ae5/execute/async - {"script":"<script> [776 bytes]","args":[{"enterText":"Gram","selector":{"id":"application-manageresources-display-component---newResourceUnit--WEIGHT_UNIT","interaction":{"idSuffix":"inner"}},"clearTextFirst":true,"interactionType":"ENTER_TEXT"}]}
RESULT: {"script":"<script> [776 bytes]","args":[{"enterText":"Gram","selector":{"id":"application-manageresources-display-component---newResourceUnit--WEIGHT_UNIT","interaction":{"idSuffix":"inner"}},"clearTextFirst":true,"interactionType":"ENTER_TEXT"}]}
COMMAND: POST /session/9a1232cba82ddf4e476e9164e77f8ae5/execute/async - {"script":"<script> [1562 bytes]","args":[{"selector":{"id":"application-manageresources-display-component---newResourceUnit--DIMENSION_UNIT","interaction":{"idSuffix":"inner"}},"wdio_ui5_key":"applicationmanageresources-display-component---newResourceUnit--DIMENSION_UNIT"}]}
RESULT: {"script":"<script> [1562 bytes]","args":[{"selector":{"id":"application-manageresources-display-component---newResourceUnit--DIMENSION_UNIT","interaction":{"idSuffix":"inner"}},"wdio_ui5_key":"applicationmanageresources-display-component---newResourceUnit--DIMENSION_UNIT"}]}
RESULT: undefined
COMMAND: POST /session/9a1232cba82ddf4e476e9164e77f8ae5/execute/async - {"script":"<script> [776 bytes]","args":[{"enterText":"Meter","selector":{"id":"application-manageresources-display-component---newResourceUnit--DIMENSION_UNIT","interaction":{"idSuffix":"inner"}},"clearTextFirst":true,"interactionType":"ENTER_TEXT"}]}
RESULT: {"script":"<script> [776 bytes]","args":[{"enterText":"Meter","selector":{"id":"application-manageresources-display-component---newResourceUnit--DIMENSION_UNIT","interaction":{"idSuffix":"inner"}},"clearTextFirst":true,"interactionType":"ENTER_TEXT"}]}
COMMAND: POST /session/9a1232cba82ddf4e476e9164e77f8ae5/execute/async - {"script":"<script> [1562 bytes]","args":[{"selector":{"id":"application-manageresources-display-component---newResourceUnit--newRRUPage-anchBar-application-manageresources-display-component---newResourceUnit--control-anchor","interaction":{"idSuffix":"BDI-content"}},"wdio_ui5_key":"applicationmanageresources-display-component---newResourceUnit--newRRUPage-anchBar-application-manageresources-display-component---newResourceUnit--control-anchor"}]}
RESULT: {"script":"<script> [1562 bytes]","args":[{"selector":{"id":"application-manageresources-display-component---newResourceUnit--newRRUPage-anchBar-application-manageresources-display-component---newResourceUnit--control-anchor","interaction":{"idSuffix":"BDI-content"}},"wdio_ui5_key":"applicationmanageresources-display-component---newResourceUnit--newRRUPage-anchBar-application-manageresources-display-component---newResourceUnit--control-anchor"}]}
RESULT: undefined
COMMAND: POST /session/9a1232cba82ddf4e476e9164e77f8ae5/element - {"using":"xpath","value":"//*[@id=\"application-manageresources-display-component---newResourceUnit--newRRUPage-anchBar-application-manageresources-display-component---newResourceUnit--control-anchor\"]"}
RESULT: {"using":"xpath","value":"//*[@id=\"application-manageresources-display-component---newResourceUnit--newRRUPage-anchBar-application-manageresources-display-component---newResourceUnit--control-anchor\"]"}
COMMAND: POST /session/9a1232cba82ddf4e476e9164e77f8ae5/element/f.6A59EF44FD37C6BF5E8460C410EAC6E4.d.EC9E0566CCF30BD40D9F3D6C16F6C574.e.12895/click - {}
RESULT: {}
COMMAND: POST /session/9a1232cba82ddf4e476e9164e77f8ae5/execute/async - {"script":"<script> [1562 bytes]","args":[{"selector":{"id":"application-manageresources-display-component---newResourceUnit--PLANNING_GROUP","interaction":{"idSuffix":"inner"}},"wdio_ui5_key":"applicationmanageresources-display-component---newResourceUnit--PLANNING_GROUP"}]}
COMMAND: GET /session/9a1232cba82ddf4e476e9164e77f8ae5/screenshot - {}
RESULT: {"script":"<script> [1562 bytes]","args":[{"selector":{"id":"application-manageresources-display-component---newResourceUnit--PLANNING_GROUP","interaction":{"idSuffix":"inner"}},"wdio_ui5_key":"applicationmanageresources-display-component---newResourceUnit--PLANNING_GROUP"}]}
RESULT: undefined
COMMAND: POST /session/9a1232cba82ddf4e476e9164e77f8ae5/execute/async - {"script":"<script> [776 bytes]","args":[{"enterText":"Material","selector":{"id":"application-manageresources-display-component---newResourceUnit--PLANNING_GROUP","interaction":{"idSuffix":"inner"}},"clearTextFirst":true,"interactionType":"ENTER_TEXT"}]}
RESULT: {}
RESULT: {"script":"<script> [776 bytes]","args":[{"enterText":"Material","selector":{"id":"application-manageresources-display-component---newResourceUnit--PLANNING_GROUP","interaction":{"idSuffix":"inner"}},"clearTextFirst":true,"interactionType":"ENTER_TEXT"}]}
COMMAND: POST /session/9a1232cba82ddf4e476e9164e77f8ae5/execute/async - {"script":"<script> [1562 bytes]","args":[{"selector":{"id":"application-manageresources-display-component---newResourceUnit--PLANNING_INDICATOR","interaction":{"idSuffix":"inner"}},"wdio_ui5_key":"applicationmanageresources-display-component---newResourceUnit--PLANNING_INDICATOR"}]}
RESULT: {"script":"<script> [1562 bytes]","args":[{"selector":{"id":"application-manageresources-display-component---newResourceUnit--PLANNING_INDICATOR","interaction":{"idSuffix":"inner"}},"wdio_ui5_key":"applicationmanageresources-display-component---newResourceUnit--PLANNING_INDICATOR"}]}
RESULT: undefined
COMMAND: POST /session/9a1232cba82ddf4e476e9164e77f8ae5/execute/async - {"script":"<script> [776 bytes]","args":[{"enterText":"10 - infinite","selector":{"id":"application-manageresources-display-component---newResourceUnit--PLANNING_INDICATOR","interaction":{"idSuffix":"inner"}},"clearTextFirst":true,"interactionType":"ENTER_TEXT"}]}
RESULT: {"script":"<script> [776 bytes]","args":[{"enterText":"10 - infinite","selector":{"id":"application-manageresources-display-component---newResourceUnit--PLANNING_INDICATOR","interaction":{"idSuffix":"inner"}},"clearTextFirst":true,"interactionType":"ENTER_TEXT"}]}
COMMAND: POST /session/9a1232cba82ddf4e476e9164e77f8ae5/element - {"using":"css selector","value":"#application-manageresources-display-component---newResourceUnit--btnAddTimeSegment"}
RESULT: {"using":"css selector","value":"#application-manageresources-display-component---newResourceUnit--btnAddTimeSegment"}
COMMAND: GET /session/9a1232cba82ddf4e476e9164e77f8ae5/element/f.6A59EF44FD37C6BF5E8460C410EAC6E4.d.EC9E0566CCF30BD40D9F3D6C16F6C574.e.12905/rect - {}
RESULT: {}
COMMAND: GET /session/9a1232cba82ddf4e476e9164e77f8ae5/window/rect - {}
RESULT: {}
COMMAND: POST /session/9a1232cba82ddf4e476e9164e77f8ae5/execute/sync - {"script":"<script> [92 bytes]","args":[]}
RESULT: {"script":"<script> [92 bytes]","args":[]}
COMMAND: POST /session/9a1232cba82ddf4e476e9164e77f8ae5/actions - {"actions":[{"id":"action44","type":"wheel","parameters":{},"actions":[{"type":"scroll","x":-1888,"y":-32,"deltaX":0,"deltaY":0,"duration":0,"origin":{"element-6066-11e4-a52e-4f735466cecf":"f.6A59EF44FD37C6BF5E8460C410EAC6E4.d.EC9E0566CCF30BD40D9F3D6C16F6C574.e.12905"}}]}]}
COMMAND: GET /session/9a1232cba82ddf4e476e9164e77f8ae5/screenshot - {}
RESULT: {}
COMMAND: POST /session/9a1232cba82ddf4e476e9164e77f8ae5/execute/sync - {"script":"<script> [79 bytes]","args":[{"element-6066-11e4-a52e-4f735466cecf":"f.6A59EF44FD37C6BF5E8460C410EAC6E4.d.EC9E0566CCF30BD40D9F3D6C16F6C574.e.12905","ELEMENT":"f.6A59EF44FD37C6BF5E8460C410EAC6E4.d.EC9E0566CCF30BD40D9F3D6C16F6C574.e.12905"},{"block":"start","inline":"nearest"}]}
RESULT: {"script":"<script> [79 bytes]","args":[{"element-6066-11e4-a52e-4f735466cecf":"f.6A59EF44FD37C6BF5E8460C410EAC6E4.d.EC9E0566CCF30BD40D9F3D6C16F6C574.e.12905","ELEMENT":"f.6A59EF44FD37C6BF5E8460C410EAC6E4.d.EC9E0566CCF30BD40D9F3D6C16F6C574.e.12905"},{"block":"start","inline":"nearest"}]}
COMMAND: POST /session/9a1232cba82ddf4e476e9164e77f8ae5/execute/async - {"script":"<script> [1562 bytes]","args":[{"selector":{"id":"application-manageresources-display-component---newResourceUnit--btnAddTimeSegment","interaction":{"idSuffix":"inner"}},"wdio_ui5_key":"applicationmanageresources-display-component---newResourceUnit--btnAddTimeSegment"}]}
COMMAND: GET /session/9a1232cba82ddf4e476e9164e77f8ae5/screenshot - {}
RESULT: {"script":"<script> [1562 bytes]","args":[{"selector":{"id":"application-manageresources-display-component---newResourceUnit--btnAddTimeSegment","interaction":{"idSuffix":"inner"}},"wdio_ui5_key":"applicationmanageresources-display-component---newResourceUnit--btnAddTimeSegment"}]}
RESULT: undefined
COMMAND: POST /session/9a1232cba82ddf4e476e9164e77f8ae5/element - {"using":"xpath","value":"//*[@id=\"application-manageresources-display-component---newResourceUnit--btnAddTimeSegment\"]"}
RESULT: {}
RESULT: {"using":"xpath","value":"//*[@id=\"application-manageresources-display-component---newResourceUnit--btnAddTimeSegment\"]"}
COMMAND: POST /session/9a1232cba82ddf4e476e9164e77f8ae5/element/f.6A59EF44FD37C6BF5E8460C410EAC6E4.d.EC9E0566CCF30BD40D9F3D6C16F6C574.e.12905/click - {}
RESULT: {}
COMMAND: GET /session/9a1232cba82ddf4e476e9164e77f8ae5/screenshot - {}
RESULT: {}
COMMAND: POST /session/9a1232cba82ddf4e476e9164e77f8ae5/element - {"using":"xpath","value":"//input[@id=\"application-manageresources-display-component---newResourceUnit--idRuTSAdmin-application-manageresources-display-component---newResourceUnit--RUTimeSegment-0-inner\"]"}
RESULT: {"using":"xpath","value":"//input[@id=\"application-manageresources-display-component---newResourceUnit--idRuTSAdmin-application-manageresources-display-component---newResourceUnit--RUTimeSegment-0-inner\"]"}
COMMAND: POST /session/9a1232cba82ddf4e476e9164e77f8ae5/element/f.6A59EF44FD37C6BF5E8460C410EAC6E4.d.EC9E0566CCF30BD40D9F3D6C16F6C574.e.12910/clear - {}
RESULT: {}
COMMAND: POST /session/9a1232cba82ddf4e476e9164e77f8ae5/element/f.6A59EF44FD37C6BF5E8460C410EAC6E4.d.EC9E0566CCF30BD40D9F3D6C16F6C574.e.12910/value - {"text":"655"}
COMMAND: GET /session/9a1232cba82ddf4e476e9164e77f8ae5/screenshot - {}
RESULT: {"text":"655"}
COMMAND: GET /session/9a1232cba82ddf4e476e9164e77f8ae5/screenshot - {}
RESULT: {}
RESULT: {}
COMMAND: POST /session/9a1232cba82ddf4e476e9164e77f8ae5/element - {"using":"xpath","value":"//li[.//span[text()='655']]"}
RESULT: {"using":"xpath","value":"//li[.//span[text()='655']]"}
COMMAND: POST /session/9a1232cba82ddf4e476e9164e77f8ae5/element/f.6A59EF44FD37C6BF5E8460C410EAC6E4.d.EC9E0566CCF30BD40D9F3D6C16F6C574.e.12919/click - {}
RESULT: {}
COMMAND: GET /session/9a1232cba82ddf4e476e9164e77f8ae5/screenshot - {}
RESULT: {}
COMMAND: POST /session/9a1232cba82ddf4e476e9164e77f8ae5/element - {"using":"xpath","value":"(//span[contains(@id, \"-application-manageresources-display-component---newResourceUnit--RUTimeSegment-0-arrow\")])[2]"}
RESULT: {"using":"xpath","value":"(//span[contains(@id, \"-application-manageresources-display-component---newResourceUnit--RUTimeSegment-0-arrow\")])[2]"}
COMMAND: POST /session/9a1232cba82ddf4e476e9164e77f8ae5/element/f.6A59EF44FD37C6BF5E8460C410EAC6E4.d.EC9E0566CCF30BD40D9F3D6C16F6C574.e.12920/click - {}
RESULT: {}
COMMAND: POST /session/9a1232cba82ddf4e476e9164e77f8ae5/element - {"using":"xpath","value":"//span[contains(text(), \"PM Order\")]"}
COMMAND: GET /session/9a1232cba82ddf4e476e9164e77f8ae5/screenshot - {}
RESULT: {"using":"xpath","value":"//span[contains(text(), \"PM Order\")]"}
COMMAND: POST /session/9a1232cba82ddf4e476e9164e77f8ae5/element/f.6A59EF44FD37C6BF5E8460C410EAC6E4.d.EC9E0566CCF30BD40D9F3D6C16F6C574.e.12921/click - {}
RESULT: {}
RESULT: {}
COMMAND: GET /session/9a1232cba82ddf4e476e9164e77f8ae5/screenshot - {}
RESULT: {}
COMMAND: POST /session/9a1232cba82ddf4e476e9164e77f8ae5/element - {"using":"xpath","value":"//td/div/div/div/span[contains(@id, \"newResourceUnit--RUTimeSegment-0-vhi\")][1]"}
RESULT: {"using":"xpath","value":"//td/div/div/div/span[contains(@id, \"newResourceUnit--RUTimeSegment-0-vhi\")][1]"}
COMMAND: GET /session/9a1232cba82ddf4e476e9164e77f8ae5/element/f.6A59EF44FD37C6BF5E8460C410EAC6E4.d.EC9E0566CCF30BD40D9F3D6C16F6C574.e.12925/rect - {}
RESULT: {}
COMMAND: GET /session/9a1232cba82ddf4e476e9164e77f8ae5/window/rect - {}
RESULT: {}
COMMAND: POST /session/9a1232cba82ddf4e476e9164e77f8ae5/execute/sync - {"script":"<script> [92 bytes]","args":[]}
RESULT: {"script":"<script> [92 bytes]","args":[]}
COMMAND: POST /session/9a1232cba82ddf4e476e9164e77f8ae5/actions - {"actions":[{"id":"action45","type":"wheel","parameters":{},"actions":[{"type":"scroll","x":-1888,"y":-24,"deltaX":0,"deltaY":0,"duration":0,"origin":{"element-6066-11e4-a52e-4f735466cecf":"f.6A59EF44FD37C6BF5E8460C410EAC6E4.d.EC9E0566CCF30BD40D9F3D6C16F6C574.e.12925"}}]}]}
COMMAND: GET /session/9a1232cba82ddf4e476e9164e77f8ae5/screenshot - {}
RESULT: {}
COMMAND: POST /session/9a1232cba82ddf4e476e9164e77f8ae5/execute/sync - {"script":"<script> [79 bytes]","args":[{"element-6066-11e4-a52e-4f735466cecf":"f.6A59EF44FD37C6BF5E8460C410EAC6E4.d.EC9E0566CCF30BD40D9F3D6C16F6C574.e.12925","ELEMENT":"f.6A59EF44FD37C6BF5E8460C410EAC6E4.d.EC9E0566CCF30BD40D9F3D6C16F6C574.e.12925"},{"block":"start","inline":"nearest"}]}
RESULT: {"script":"<script> [79 bytes]","args":[{"element-6066-11e4-a52e-4f735466cecf":"f.6A59EF44FD37C6BF5E8460C410EAC6E4.d.EC9E0566CCF30BD40D9F3D6C16F6C574.e.12925","ELEMENT":"f.6A59EF44FD37C6BF5E8460C410EAC6E4.d.EC9E0566CCF30BD40D9F3D6C16F6C574.e.12925"},{"block":"start","inline":"nearest"}]}
COMMAND: GET /session/9a1232cba82ddf4e476e9164e77f8ae5/screenshot - {}
RESULT: {}
COMMAND: POST /session/9a1232cba82ddf4e476e9164e77f8ae5/element/f.6A59EF44FD37C6BF5E8460C410EAC6E4.d.EC9E0566CCF30BD40D9F3D6C16F6C574.e.12925/click - {}
RESULT: {}
COMMAND: GET /session/9a1232cba82ddf4e476e9164e77f8ae5/screenshot - {}
RESULT: {}
COMMAND: POST /session/9a1232cba82ddf4e476e9164e77f8ae5/execute/async - {"script":"<script> [1562 bytes]","args":[{"selector":{"controlType":"sap.m.SearchField","properties":{"placeholder":"Search"},"searchOpenDialogs":true,"interaction":{"idSuffix":"I"}},"wdio_ui5_key":"sapm.SearchField{\"placeholder\":\"Search\"}"}]}
RESULT: {"script":"<script> [1562 bytes]","args":[{"selector":{"controlType":"sap.m.SearchField","properties":{"placeholder":"Search"},"searchOpenDialogs":true,"interaction":{"idSuffix":"I"}},"wdio_ui5_key":"sapm.SearchField{\"placeholder\":\"Search\"}"}]}
RESULT: undefined
COMMAND: POST /session/9a1232cba82ddf4e476e9164e77f8ae5/execute/async - {"script":"<script> [776 bytes]","args":[{"enterText":"4000360","selector":{"controlType":"sap.m.SearchField","properties":{"placeholder":"Search"},"searchOpenDialogs":true,"interaction":{"idSuffix":"I"}},"clearTextFirst":true,"interactionType":"ENTER_TEXT"}]}
RESULT: {"script":"<script> [776 bytes]","args":[{"enterText":"4000360","selector":{"controlType":"sap.m.SearchField","properties":{"placeholder":"Search"},"searchOpenDialogs":true,"interaction":{"idSuffix":"I"}},"clearTextFirst":true,"interactionType":"ENTER_TEXT"}]}
COMMAND: POST /session/9a1232cba82ddf4e476e9164e77f8ae5/actions - {"actions":[{"id":"action46","type":"key","parameters":{},"actions":[{"type":"keyDown","value":"î€‡"},{"type":"pause","duration":10},{"type":"keyUp","value":"î€‡"}]}]}
RESULT: {"actions":[{"id":"action46","type":"key","parameters":{},"actions":[{"type":"keyDown","value":"î€‡"},{"type":"pause","duration":10},{"type":"keyUp","value":"î€‡"}]}]}
COMMAND: GET /session/9a1232cba82ddf4e476e9164e77f8ae5/screenshot - {}
RESULT: {}
COMMAND: POST /session/9a1232cba82ddf4e476e9164e77f8ae5/element - {"using":"xpath","value":"//td/div/span[contains(text(), \"BGL Vehicles\")]"}
RESULT: {"using":"xpath","value":"//td/div/span[contains(text(), \"BGL Vehicles\")]"}
COMMAND: POST /session/9a1232cba82ddf4e476e9164e77f8ae5/element/f.6A59EF44FD37C6BF5E8460C410EAC6E4.d.EC9E0566CCF30BD40D9F3D6C16F6C574.e.12946/click - {}
RESULT: {}
COMMAND: GET /session/9a1232cba82ddf4e476e9164e77f8ae5/screenshot - {}
RESULT: {}
COMMAND: POST /session/9a1232cba82ddf4e476e9164e77f8ae5/element - {"using":"xpath","value":"//bdi[contains(text(), \"OK\")]"}
RESULT: {"using":"xpath","value":"//bdi[contains(text(), \"OK\")]"}
COMMAND: POST /session/9a1232cba82ddf4e476e9164e77f8ae5/element/f.6A59EF44FD37C6BF5E8460C410EAC6E4.d.EC9E0566CCF30BD40D9F3D6C16F6C574.e.12947/click - {}
RESULT: {}
COMMAND: GET /session/9a1232cba82ddf4e476e9164e77f8ae5/screenshot - {}
RESULT: {}
COMMAND: POST /session/9a1232cba82ddf4e476e9164e77f8ae5/element - {"using":"xpath","value":"//label[contains(@class, 'sapMLabelRequired') and .//bdi[contains(text(), 'Planned Retirement')]]"}
RESULT: {"using":"xpath","value":"//label[contains(@class, 'sapMLabelRequired') and .//bdi[contains(text(), 'Planned Retirement')]]"}
COMMAND: POST /session/9a1232cba82ddf4e476e9164e77f8ae5/elements - {"using":"xpath","value":"//label[contains(@class, 'sapMLabelRequired') and .//bdi[contains(text(), 'Planned Retirement')]]"}
RESULT: {"using":"xpath","value":"//label[contains(@class, 'sapMLabelRequired') and .//bdi[contains(text(), 'Planned Retirement')]]"}
COMMAND: POST /session/9a1232cba82ddf4e476e9164e77f8ae5/element - {"using":"xpath","value":"//button[@data-kt=\"resourceUnitSaveButton\"]"}
RESULT: {"using":"xpath","value":"//button[@data-kt=\"resourceUnitSaveButton\"]"}
COMMAND: POST /session/9a1232cba82ddf4e476e9164e77f8ae5/element/f.6A59EF44FD37C6BF5E8460C410EAC6E4.d.EC9E0566CCF30BD40D9F3D6C16F6C574.e.12782/click - {}
RESULT: {}
COMMAND: GET /session/9a1232cba82ddf4e476e9164e77f8ae5/screenshot - {}
RESULT: {}
COMMAND: POST /session/9a1232cba82ddf4e476e9164e77f8ae5/element - {"using":"xpath","value":"//bdi[contains(text(), \"Close\")]"}
RESULT: {"using":"xpath","value":"//bdi[contains(text(), \"Close\")]"}
COMMAND: POST /session/9a1232cba82ddf4e476e9164e77f8ae5/element/f.6A59EF44FD37C6BF5E8460C410EAC6E4.d.EC9E0566CCF30BD40D9F3D6C16F6C574.e.12953/click - {}
RESULT: {}
COMMAND: GET /session/9a1232cba82ddf4e476e9164e77f8ae5/screenshot - {}
RESULT: {}
COMMAND: POST /session/9a1232cba82ddf4e476e9164e77f8ae5/element - {"using":"xpath","value":"//header[contains(@id, 'detailRruPage-headerTitle')]/div[1]/div[2]/div[2]/span[1]"}
RESULT: {"using":"xpath","value":"//header[contains(@id, 'detailRruPage-headerTitle')]/div[1]/div[2]/div[2]/span[1]"}
COMMAND: POST /session/9a1232cba82ddf4e476e9164e77f8ae5/elements - {"using":"xpath","value":"//header[contains(@id, 'detailRruPage-headerTitle')]/div[1]/div[2]/div[2]/span[1]"}
RESULT: {"using":"xpath","value":"//header[contains(@id, 'detailRruPage-headerTitle')]/div[1]/div[2]/div[2]/span[1]"}
COMMAND: POST /session/9a1232cba82ddf4e476e9164e77f8ae5/execute/sync - {"script":"<script> [56 bytes]","args":[{"element-6066-11e4-a52e-4f735466cecf":"f.6A59EF44FD37C6BF5E8460C410EAC6E4.d.EC9E0566CCF30BD40D9F3D6C16F6C574.e.12988","ELEMENT":"f.6A59EF44FD37C6BF5E8460C410EAC6E4.d.EC9E0566CCF30BD40D9F3D6C16F6C574.e.12988"}]}
RESULT: {"script":"<script> [56 bytes]","args":[{"element-6066-11e4-a52e-4f735466cecf":"f.6A59EF44FD37C6BF5E8460C410EAC6E4.d.EC9E0566CCF30BD40D9F3D6C16F6C574.e.12988","ELEMENT":"f.6A59EF44FD37C6BF5E8460C410EAC6E4.d.EC9E0566CCF30BD40D9F3D6C16F6C574.e.12988"}]}
COMMAND: POST /session/9a1232cba82ddf4e476e9164e77f8ae5/element - {"using":"css selector","value":"#shell-header-logo"}
COMMAND: GET /session/9a1232cba82ddf4e476e9164e77f8ae5/screenshot - {}
RESULT: {"using":"css selector","value":"#shell-header-logo"}
COMMAND: POST /session/9a1232cba82ddf4e476e9164e77f8ae5/element/f.6A59EF44FD37C6BF5E8460C410EAC6E4.d.EC9E0566CCF30BD40D9F3D6C16F6C574.e.12445/click - {}
RESULT: {}
RESULT: {}
COMMAND: GET /session/9a1232cba82ddf4e476e9164e77f8ae5/screenshot - {}
RESULT: {}
]]></system-out>
    </testcase>
    <testcase classname="chrome.137_0_7151_56.windows.Create_masterdata_for_Yard_Overview_-_trigger_provide_US130988" name="Bin Status Report Should Create New Organization yard" time="0.002" />
    <testcase classname="chrome.137_0_7151_56.windows.Create_masterdata_for_Yard_Overview_-_trigger_provide_US130988" name="Create a Warehouse Movement for created yard" time="45.205">
      <system-out><![CDATA[
COMMAND: POST /session/9a1232cba82ddf4e476e9164e77f8ae5/execute/async - {"script":"<script> [1562 bytes]","args":[{"selector":{"controlType":"sap.m.GenericTile","properties":{"header":"Manage Warehouse Movements"}},"wdio_ui5_key":"sapm.GenericTile{\"header\":\"Manage Warehouse Movements\"}"}]}
RESULT: {"script":"<script> [1562 bytes]","args":[{"selector":{"controlType":"sap.m.GenericTile","properties":{"header":"Manage Warehouse Movements"}},"wdio_ui5_key":"sapm.GenericTile{\"header\":\"Manage Warehouse Movements\"}"}]}
RESULT: undefined
COMMAND: POST /session/9a1232cba82ddf4e476e9164e77f8ae5/element - {"using":"xpath","value":"//*[@id=\"__tile105\"]"}
RESULT: {"using":"xpath","value":"//*[@id=\"__tile105\"]"}
COMMAND: POST /session/9a1232cba82ddf4e476e9164e77f8ae5/element/f.6A59EF44FD37C6BF5E8460C410EAC6E4.d.EC9E0566CCF30BD40D9F3D6C16F6C574.e.12992/click - {}
RESULT: {}
COMMAND: POST /session/9a1232cba82ddf4e476e9164e77f8ae5/element - {"using":"xpath","value":"//input[@id='application-warehousemovements-display-component---warehouseMovements--smartFilterBar-filterItemControl_BASIC-YARD-inner']"}
COMMAND: GET /session/9a1232cba82ddf4e476e9164e77f8ae5/screenshot - {}
RESULT: {"using":"xpath","value":"//input[@id='application-warehousemovements-display-component---warehouseMovements--smartFilterBar-filterItemControl_BASIC-YARD-inner']"}
COMMAND: POST /session/9a1232cba82ddf4e476e9164e77f8ae5/elements - {"using":"xpath","value":"//input[@id='application-warehousemovements-display-component---warehouseMovements--smartFilterBar-filterItemControl_BASIC-YARD-inner']"}
RESULT: {}
RESULT: {"using":"xpath","value":"//input[@id='application-warehousemovements-display-component---warehouseMovements--smartFilterBar-filterItemControl_BASIC-YARD-inner']"}
COMMAND: POST /session/9a1232cba82ddf4e476e9164e77f8ae5/elements - {"using":"xpath","value":"//input[@id='application-warehousemovements-display-component---warehouseMovements--smartFilterBar-filterItemControl_BASIC-YARD-inner']"}
RESULT: {"using":"xpath","value":"//input[@id='application-warehousemovements-display-component---warehouseMovements--smartFilterBar-filterItemControl_BASIC-YARD-inner']"}
COMMAND: POST /session/9a1232cba82ddf4e476e9164e77f8ae5/element - {"using":"xpath","value":"//input[@id='application-warehousemovements-display-component---warehouseMovements--smartFilterBar-filterItemControl_BASIC-YARD-inner']"}
RESULT: {"using":"xpath","value":"//input[@id='application-warehousemovements-display-component---warehouseMovements--smartFilterBar-filterItemControl_BASIC-YARD-inner']"}
COMMAND: POST /session/9a1232cba82ddf4e476e9164e77f8ae5/execute/sync - {"script":"<script> [8489 bytes]","args":[{"element-6066-11e4-a52e-4f735466cecf":"f.6A59EF44FD37C6BF5E8460C410EAC6E4.d.EC9E0566CCF30BD40D9F3D6C16F6C574.e.13015","ELEMENT":"f.6A59EF44FD37C6BF5E8460C410EAC6E4.d.EC9E0566CCF30BD40D9F3D6C16F6C574.e.13015"}]}
RESULT: {"script":"<script> [8489 bytes]","args":[{"element-6066-11e4-a52e-4f735466cecf":"f.6A59EF44FD37C6BF5E8460C410EAC6E4.d.EC9E0566CCF30BD40D9F3D6C16F6C574.e.13015","ELEMENT":"f.6A59EF44FD37C6BF5E8460C410EAC6E4.d.EC9E0566CCF30BD40D9F3D6C16F6C574.e.13015"}]}
COMMAND: GET /session/9a1232cba82ddf4e476e9164e77f8ae5/element/f.6A59EF44FD37C6BF5E8460C410EAC6E4.d.EC9E0566CCF30BD40D9F3D6C16F6C574.e.13015/enabled - {}
COMMAND: GET /session/9a1232cba82ddf4e476e9164e77f8ae5/screenshot - {}
RESULT: {}
COMMAND: POST /session/9a1232cba82ddf4e476e9164e77f8ae5/execute/sync - {"script":"<script> [8489 bytes]","args":[{"element-6066-11e4-a52e-4f735466cecf":"f.6A59EF44FD37C6BF5E8460C410EAC6E4.d.EC9E0566CCF30BD40D9F3D6C16F6C574.e.13015","ELEMENT":"f.6A59EF44FD37C6BF5E8460C410EAC6E4.d.EC9E0566CCF30BD40D9F3D6C16F6C574.e.13015"}]}
COMMAND: GET /session/9a1232cba82ddf4e476e9164e77f8ae5/screenshot - {}
RESULT: {}
RESULT: {"script":"<script> [8489 bytes]","args":[{"element-6066-11e4-a52e-4f735466cecf":"f.6A59EF44FD37C6BF5E8460C410EAC6E4.d.EC9E0566CCF30BD40D9F3D6C16F6C574.e.13015","ELEMENT":"f.6A59EF44FD37C6BF5E8460C410EAC6E4.d.EC9E0566CCF30BD40D9F3D6C16F6C574.e.13015"}]}
COMMAND: POST /session/9a1232cba82ddf4e476e9164e77f8ae5/execute/sync - {"script":"<script> [5351 bytes]","args":[{"element-6066-11e4-a52e-4f735466cecf":"f.6A59EF44FD37C6BF5E8460C410EAC6E4.d.EC9E0566CCF30BD40D9F3D6C16F6C574.e.13015","ELEMENT":"f.6A59EF44FD37C6BF5E8460C410EAC6E4.d.EC9E0566CCF30BD40D9F3D6C16F6C574.e.13015"}]}
COMMAND: GET /session/9a1232cba82ddf4e476e9164e77f8ae5/screenshot - {}
RESULT: {}
RESULT: {"script":"<script> [5351 bytes]","args":[{"element-6066-11e4-a52e-4f735466cecf":"f.6A59EF44FD37C6BF5E8460C410EAC6E4.d.EC9E0566CCF30BD40D9F3D6C16F6C574.e.13015","ELEMENT":"f.6A59EF44FD37C6BF5E8460C410EAC6E4.d.EC9E0566CCF30BD40D9F3D6C16F6C574.e.13015"}]}
COMMAND: GET /session/9a1232cba82ddf4e476e9164e77f8ae5/screenshot - {}
RESULT: {}
RESULT: {}
COMMAND: POST /session/9a1232cba82ddf4e476e9164e77f8ae5/element/f.6A59EF44FD37C6BF5E8460C410EAC6E4.d.EC9E0566CCF30BD40D9F3D6C16F6C574.e.13015/clear - {}
RESULT: {}
COMMAND: POST /session/9a1232cba82ddf4e476e9164e77f8ae5/element/f.6A59EF44FD37C6BF5E8460C410EAC6E4.d.EC9E0566CCF30BD40D9F3D6C16F6C574.e.13015/value - {"text":"655"}
COMMAND: GET /session/9a1232cba82ddf4e476e9164e77f8ae5/screenshot - {}
RESULT: {"text":"655"}
COMMAND: POST /session/9a1232cba82ddf4e476e9164e77f8ae5/actions - {"actions":[{"id":"action47","type":"key","parameters":{},"actions":[{"type":"keyDown","value":"î€‡"},{"type":"pause","duration":10},{"type":"keyUp","value":"î€‡"}]}]}
COMMAND: GET /session/9a1232cba82ddf4e476e9164e77f8ae5/screenshot - {}
RESULT: {}
RESULT: {"actions":[{"id":"action47","type":"key","parameters":{},"actions":[{"type":"keyDown","value":"î€‡"},{"type":"pause","duration":10},{"type":"keyUp","value":"î€‡"}]}]}
COMMAND: GET /session/9a1232cba82ddf4e476e9164e77f8ae5/screenshot - {}
RESULT: {}
RESULT: {}
COMMAND: POST /session/9a1232cba82ddf4e476e9164e77f8ae5/element - {"using":"xpath","value":"//button[contains(@data-kt, \"MasterMovementAddOverflowToolbarButton\")]"}
RESULT: {"using":"xpath","value":"//button[contains(@data-kt, \"MasterMovementAddOverflowToolbarButton\")]"}
COMMAND: POST /session/9a1232cba82ddf4e476e9164e77f8ae5/element/f.6A59EF44FD37C6BF5E8460C410EAC6E4.d.EC9E0566CCF30BD40D9F3D6C16F6C574.e.13038/click - {}
RESULT: {}
COMMAND: GET /session/9a1232cba82ddf4e476e9164e77f8ae5/screenshot - {}
RESULT: {}
COMMAND: POST /session/9a1232cba82ddf4e476e9164e77f8ae5/element - {"using":"xpath","value":"//*[@id=\"application-warehousemovements-display-component---addMovement--sectionsList-arrow\"]"}
RESULT: {"using":"xpath","value":"//*[@id=\"application-warehousemovements-display-component---addMovement--sectionsList-arrow\"]"}
COMMAND: POST /session/9a1232cba82ddf4e476e9164e77f8ae5/element/f.6A59EF44FD37C6BF5E8460C410EAC6E4.d.EC9E0566CCF30BD40D9F3D6C16F6C574.e.13198/click - {}
RESULT: {}
COMMAND: POST /session/9a1232cba82ddf4e476e9164e77f8ae5/actions - {"actions":[{"id":"action48","type":"key","parameters":{},"actions":[{"type":"keyDown","value":"î€•"},{"type":"pause","duration":10},{"type":"keyUp","value":"î€•"}]}]}
COMMAND: GET /session/9a1232cba82ddf4e476e9164e77f8ae5/screenshot - {}
RESULT: {"actions":[{"id":"action48","type":"key","parameters":{},"actions":[{"type":"keyDown","value":"î€•"},{"type":"pause","duration":10},{"type":"keyUp","value":"î€•"}]}]}
COMMAND: GET /session/9a1232cba82ddf4e476e9164e77f8ae5/screenshot - {}
RESULT: {}
RESULT: {}
COMMAND: POST /session/9a1232cba82ddf4e476e9164e77f8ae5/actions - {"actions":[{"id":"action49","type":"key","parameters":{},"actions":[{"type":"keyDown","value":"î€‡"},{"type":"pause","duration":10},{"type":"keyUp","value":"î€‡"}]}]}
RESULT: {"actions":[{"id":"action49","type":"key","parameters":{},"actions":[{"type":"keyDown","value":"î€‡"},{"type":"pause","duration":10},{"type":"keyUp","value":"î€‡"}]}]}
COMMAND: GET /session/9a1232cba82ddf4e476e9164e77f8ae5/screenshot - {}
RESULT: {}
COMMAND: POST /session/9a1232cba82ddf4e476e9164e77f8ae5/element - {"using":"xpath","value":"//*[@id=\"application-warehousemovements-display-component---addMovement--saveMovementBtn-BDI-content\" and text()=\"Save\"]"}
RESULT: {"using":"xpath","value":"//*[@id=\"application-warehousemovements-display-component---addMovement--saveMovementBtn-BDI-content\" and text()=\"Save\"]"}
COMMAND: POST /session/9a1232cba82ddf4e476e9164e77f8ae5/element/f.6A59EF44FD37C6BF5E8460C410EAC6E4.d.EC9E0566CCF30BD40D9F3D6C16F6C574.e.13199/click - {}
RESULT: {}
COMMAND: GET /session/9a1232cba82ddf4e476e9164e77f8ae5/screenshot - {}
RESULT: {}
COMMAND: POST /session/9a1232cba82ddf4e476e9164e77f8ae5/element - {"using":"css selector","value":"#shell-header-logo"}
RESULT: {"using":"css selector","value":"#shell-header-logo"}
COMMAND: POST /session/9a1232cba82ddf4e476e9164e77f8ae5/element/f.6A59EF44FD37C6BF5E8460C410EAC6E4.d.EC9E0566CCF30BD40D9F3D6C16F6C574.e.12996/click - {}
RESULT: {}
COMMAND: GET /session/9a1232cba82ddf4e476e9164e77f8ae5/screenshot - {}
RESULT: {}
]]></system-out>
    </testcase>
  </testsuite>
  <testsuite timestamp="2025-06-04T17:28:52" time="686.083" tests="7" failures="3" errors="3" skipped="0">
    <properties>
      <property name="specId" value="0" />
      <property name="suiteName" value="Transfer Yard to Yard US131076" />
      <property name="capabilities" value="chrome.137_0_7151_56.windows" />
      <property name="file" value="file:///D:/a/1/s/test/specs/HTR/transfer-yard-to-yard.spec.js" />
    </properties>
    <testcase classname="chrome.137_0_7151_56.windows.Transfer_Yard_to_Yard_US131076" name="Should create a new yard" time="0.014">
      <system-out><![CDATA[
COMMAND: POST /session/9a1232cba82ddf4e476e9164e77f8ae5/window/fullscreen - {}
RESULT: {}
]]></system-out>
    </testcase>
    <testcase classname="chrome.137_0_7151_56.windows.Transfer_Yard_to_Yard_US131076" name="Should create a new 2nd yard" time="142.765">
      <system-out><![CDATA[
COMMAND: POST /session/9a1232cba82ddf4e476e9164e77f8ae5/window/fullscreen - {}
RESULT: {}
COMMAND: POST /session/9a1232cba82ddf4e476e9164e77f8ae5/execute/async - {"script":"<script> [1562 bytes]","args":[{"selector":{"controlType":"sap.m.GenericTile","properties":{"header":"Manage Yards"}},"wdio_ui5_key":"sapm.GenericTile{\"header\":\"Manage Yards\"}"}]}
RESULT: {"script":"<script> [1562 bytes]","args":[{"selector":{"controlType":"sap.m.GenericTile","properties":{"header":"Manage Yards"}},"wdio_ui5_key":"sapm.GenericTile{\"header\":\"Manage Yards\"}"}]}
RESULT: undefined
COMMAND: POST /session/9a1232cba82ddf4e476e9164e77f8ae5/element - {"using":"xpath","value":"//*[@id=\"__tile33\"]"}
RESULT: {"using":"xpath","value":"//*[@id=\"__tile33\"]"}
COMMAND: POST /session/9a1232cba82ddf4e476e9164e77f8ae5/element/f.6A59EF44FD37C6BF5E8460C410EAC6E4.d.99567F559911DFD741D2AAB3D1F42E98.e.13824/click - {}
RESULT: {}
COMMAND: GET /session/9a1232cba82ddf4e476e9164e77f8ae5/screenshot - {}
RESULT: {}
COMMAND: POST /session/9a1232cba82ddf4e476e9164e77f8ae5/elements - {"using":"xpath","value":"//span[text()='Error']"}
RESULT: {"using":"xpath","value":"//span[text()='Error']"}
COMMAND: POST /session/9a1232cba82ddf4e476e9164e77f8ae5/element - {"using":"xpath","value":"//button[@data-kt=\"addNewYardOverflowToolbarButton\"]"}
RESULT: {"using":"xpath","value":"//button[@data-kt=\"addNewYardOverflowToolbarButton\"]"}
COMMAND: POST /session/9a1232cba82ddf4e476e9164e77f8ae5/elements - {"using":"xpath","value":"//button[@data-kt=\"addNewYardOverflowToolbarButton\"]"}
RESULT: {"using":"xpath","value":"//button[@data-kt=\"addNewYardOverflowToolbarButton\"]"}
COMMAND: POST /session/9a1232cba82ddf4e476e9164e77f8ae5/elements - {"using":"xpath","value":"//button[@data-kt=\"addNewYardOverflowToolbarButton\"]"}
RESULT: {"using":"xpath","value":"//button[@data-kt=\"addNewYardOverflowToolbarButton\"]"}
COMMAND: POST /session/9a1232cba82ddf4e476e9164e77f8ae5/elements - {"using":"xpath","value":"//button[@data-kt=\"addNewYardOverflowToolbarButton\"]"}
RESULT: {"using":"xpath","value":"//button[@data-kt=\"addNewYardOverflowToolbarButton\"]"}
COMMAND: POST /session/9a1232cba82ddf4e476e9164e77f8ae5/elements - {"using":"xpath","value":"//button[@data-kt=\"addNewYardOverflowToolbarButton\"]"}
RESULT: {"using":"xpath","value":"//button[@data-kt=\"addNewYardOverflowToolbarButton\"]"}
COMMAND: POST /session/9a1232cba82ddf4e476e9164e77f8ae5/elements - {"using":"xpath","value":"//button[@data-kt=\"addNewYardOverflowToolbarButton\"]"}
RESULT: {"using":"xpath","value":"//button[@data-kt=\"addNewYardOverflowToolbarButton\"]"}
COMMAND: POST /session/9a1232cba82ddf4e476e9164e77f8ae5/elements - {"using":"xpath","value":"//button[@data-kt=\"addNewYardOverflowToolbarButton\"]"}
RESULT: {"using":"xpath","value":"//button[@data-kt=\"addNewYardOverflowToolbarButton\"]"}
COMMAND: POST /session/9a1232cba82ddf4e476e9164e77f8ae5/elements - {"using":"xpath","value":"//button[@data-kt=\"addNewYardOverflowToolbarButton\"]"}
RESULT: {"using":"xpath","value":"//button[@data-kt=\"addNewYardOverflowToolbarButton\"]"}
COMMAND: POST /session/9a1232cba82ddf4e476e9164e77f8ae5/element - {"using":"xpath","value":"//button[@data-kt=\"addNewYardOverflowToolbarButton\"]"}
RESULT: {"using":"xpath","value":"//button[@data-kt=\"addNewYardOverflowToolbarButton\"]"}
COMMAND: POST /session/9a1232cba82ddf4e476e9164e77f8ae5/execute/sync - {"script":"<script> [8489 bytes]","args":[{"element-6066-11e4-a52e-4f735466cecf":"f.6A59EF44FD37C6BF5E8460C410EAC6E4.d.99567F559911DFD741D2AAB3D1F42E98.e.13948","ELEMENT":"f.6A59EF44FD37C6BF5E8460C410EAC6E4.d.99567F559911DFD741D2AAB3D1F42E98.e.13948"}]}
RESULT: {"script":"<script> [8489 bytes]","args":[{"element-6066-11e4-a52e-4f735466cecf":"f.6A59EF44FD37C6BF5E8460C410EAC6E4.d.99567F559911DFD741D2AAB3D1F42E98.e.13948","ELEMENT":"f.6A59EF44FD37C6BF5E8460C410EAC6E4.d.99567F559911DFD741D2AAB3D1F42E98.e.13948"}]}
COMMAND: GET /session/9a1232cba82ddf4e476e9164e77f8ae5/element/f.6A59EF44FD37C6BF5E8460C410EAC6E4.d.99567F559911DFD741D2AAB3D1F42E98.e.13948/enabled - {}
COMMAND: GET /session/9a1232cba82ddf4e476e9164e77f8ae5/screenshot - {}
RESULT: {}
COMMAND: POST /session/9a1232cba82ddf4e476e9164e77f8ae5/execute/sync - {"script":"<script> [8489 bytes]","args":[{"element-6066-11e4-a52e-4f735466cecf":"f.6A59EF44FD37C6BF5E8460C410EAC6E4.d.99567F559911DFD741D2AAB3D1F42E98.e.13948","ELEMENT":"f.6A59EF44FD37C6BF5E8460C410EAC6E4.d.99567F559911DFD741D2AAB3D1F42E98.e.13948"}]}
COMMAND: GET /session/9a1232cba82ddf4e476e9164e77f8ae5/screenshot - {}
RESULT: {}
RESULT: {"script":"<script> [8489 bytes]","args":[{"element-6066-11e4-a52e-4f735466cecf":"f.6A59EF44FD37C6BF5E8460C410EAC6E4.d.99567F559911DFD741D2AAB3D1F42E98.e.13948","ELEMENT":"f.6A59EF44FD37C6BF5E8460C410EAC6E4.d.99567F559911DFD741D2AAB3D1F42E98.e.13948"}]}
COMMAND: POST /session/9a1232cba82ddf4e476e9164e77f8ae5/execute/sync - {"script":"<script> [5351 bytes]","args":[{"element-6066-11e4-a52e-4f735466cecf":"f.6A59EF44FD37C6BF5E8460C410EAC6E4.d.99567F559911DFD741D2AAB3D1F42E98.e.13948","ELEMENT":"f.6A59EF44FD37C6BF5E8460C410EAC6E4.d.99567F559911DFD741D2AAB3D1F42E98.e.13948"}]}
COMMAND: GET /session/9a1232cba82ddf4e476e9164e77f8ae5/screenshot - {}
RESULT: {}
RESULT: {"script":"<script> [5351 bytes]","args":[{"element-6066-11e4-a52e-4f735466cecf":"f.6A59EF44FD37C6BF5E8460C410EAC6E4.d.99567F559911DFD741D2AAB3D1F42E98.e.13948","ELEMENT":"f.6A59EF44FD37C6BF5E8460C410EAC6E4.d.99567F559911DFD741D2AAB3D1F42E98.e.13948"}]}
COMMAND: POST /session/9a1232cba82ddf4e476e9164e77f8ae5/element/f.6A59EF44FD37C6BF5E8460C410EAC6E4.d.99567F559911DFD741D2AAB3D1F42E98.e.13948/click - {}
COMMAND: GET /session/9a1232cba82ddf4e476e9164e77f8ae5/screenshot - {}
RESULT: {}
RESULT: {}
COMMAND: GET /session/9a1232cba82ddf4e476e9164e77f8ae5/screenshot - {}
COMMAND: POST /session/9a1232cba82ddf4e476e9164e77f8ae5/element - {"using":"xpath","value":"//input[@id=\"application-manageyards-display-component---NewYard--yardId-inner\"]"}
RESULT: {}
RESULT: {}
RESULT: {"using":"xpath","value":"//input[@id=\"application-manageyards-display-component---NewYard--yardId-inner\"]"}
COMMAND: POST /session/9a1232cba82ddf4e476e9164e77f8ae5/element - {"using":"xpath","value":"//input[@id=\"application-manageyards-display-component---NewYard--yardId-inner\"]"}
RESULT: {"using":"xpath","value":"//input[@id=\"application-manageyards-display-component---NewYard--yardId-inner\"]"}
COMMAND: POST /session/9a1232cba82ddf4e476e9164e77f8ae5/execute/async - {"script":"<script> [1562 bytes]","args":[{"selector":{"id":"application-manageyards-display-component---NewYard--addressDetailDetailsName1","interaction":{"idSuffix":"inner"}},"wdio_ui5_key":"applicationmanageyards-display-component---NewYard--addressDetailDetailsName1"}]}
RESULT: {"script":"<script> [1562 bytes]","args":[{"selector":{"id":"application-manageyards-display-component---NewYard--addressDetailDetailsName1","interaction":{"idSuffix":"inner"}},"wdio_ui5_key":"applicationmanageyards-display-component---NewYard--addressDetailDetailsName1"}]}
RESULT: undefined
COMMAND: POST /session/9a1232cba82ddf4e476e9164e77f8ae5/execute/async - {"script":"<script> [776 bytes]","args":[{"enterText":"Intracompany Yard wdIO","selector":{"id":"application-manageyards-display-component---NewYard--addressDetailDetailsName1","interaction":{"idSuffix":"inner"}},"clearTextFirst":true,"interactionType":"ENTER_TEXT"}]}
RESULT: {"script":"<script> [776 bytes]","args":[{"enterText":"Intracompany Yard wdIO","selector":{"id":"application-manageyards-display-component---NewYard--addressDetailDetailsName1","interaction":{"idSuffix":"inner"}},"clearTextFirst":true,"interactionType":"ENTER_TEXT"}]}
COMMAND: POST /session/9a1232cba82ddf4e476e9164e77f8ae5/execute/async - {"script":"<script> [1562 bytes]","args":[{"selector":{"id":"application-manageyards-display-component---NewYard--addressDetailDetailsLanguage-arrow"},"wdio_ui5_key":"applicationmanageyards-display-component---NewYard--addressDetailDetailsLanguage-arrow"}]}
RESULT: {"script":"<script> [1562 bytes]","args":[{"selector":{"id":"application-manageyards-display-component---NewYard--addressDetailDetailsLanguage-arrow"},"wdio_ui5_key":"applicationmanageyards-display-component---NewYard--addressDetailDetailsLanguage-arrow"}]}
RESULT: undefined
COMMAND: POST /session/9a1232cba82ddf4e476e9164e77f8ae5/element - {"using":"xpath","value":"//*[@id=\"application-manageyards-display-component---NewYard--addressDetailDetailsLanguage-arrow\"]"}
RESULT: {"using":"xpath","value":"//*[@id=\"application-manageyards-display-component---NewYard--addressDetailDetailsLanguage-arrow\"]"}
COMMAND: POST /session/9a1232cba82ddf4e476e9164e77f8ae5/element/f.6A59EF44FD37C6BF5E8460C410EAC6E4.d.99567F559911DFD741D2AAB3D1F42E98.e.14378/click - {}
RESULT: {}
COMMAND: POST /session/9a1232cba82ddf4e476e9164e77f8ae5/element - {"using":"xpath","value":"//span[contains(text(), \"English\")]"}
COMMAND: GET /session/9a1232cba82ddf4e476e9164e77f8ae5/screenshot - {}
RESULT: {"using":"xpath","value":"//span[contains(text(), \"English\")]"}
COMMAND: POST /session/9a1232cba82ddf4e476e9164e77f8ae5/element/f.6A59EF44FD37C6BF5E8460C410EAC6E4.d.99567F559911DFD741D2AAB3D1F42E98.e.14379/click - {}
RESULT: {}
RESULT: {}
COMMAND: POST /session/9a1232cba82ddf4e476e9164e77f8ae5/execute/async - {"script":"<script> [1562 bytes]","args":[{"selector":{"id":"application-manageyards-display-component---NewYard--addressDetailDetailsCity1","interaction":{"idSuffix":"inner"}},"wdio_ui5_key":"applicationmanageyards-display-component---NewYard--addressDetailDetailsCity1"}]}
COMMAND: GET /session/9a1232cba82ddf4e476e9164e77f8ae5/screenshot - {}
RESULT: {"script":"<script> [1562 bytes]","args":[{"selector":{"id":"application-manageyards-display-component---NewYard--addressDetailDetailsCity1","interaction":{"idSuffix":"inner"}},"wdio_ui5_key":"applicationmanageyards-display-component---NewYard--addressDetailDetailsCity1"}]}
RESULT: undefined
COMMAND: POST /session/9a1232cba82ddf4e476e9164e77f8ae5/execute/async - {"script":"<script> [776 bytes]","args":[{"enterText":"Rosario","selector":{"id":"application-manageyards-display-component---NewYard--addressDetailDetailsCity1","interaction":{"idSuffix":"inner"}},"clearTextFirst":true,"interactionType":"ENTER_TEXT"}]}
RESULT: {}
RESULT: {"script":"<script> [776 bytes]","args":[{"enterText":"Rosario","selector":{"id":"application-manageyards-display-component---NewYard--addressDetailDetailsCity1","interaction":{"idSuffix":"inner"}},"clearTextFirst":true,"interactionType":"ENTER_TEXT"}]}
COMMAND: POST /session/9a1232cba82ddf4e476e9164e77f8ae5/execute/async - {"script":"<script> [1562 bytes]","args":[{"selector":{"id":"application-manageyards-display-component---NewYard--addressDetailDetailsCountry-arrow"},"wdio_ui5_key":"applicationmanageyards-display-component---NewYard--addressDetailDetailsCountry-arrow"}]}
RESULT: {"script":"<script> [1562 bytes]","args":[{"selector":{"id":"application-manageyards-display-component---NewYard--addressDetailDetailsCountry-arrow"},"wdio_ui5_key":"applicationmanageyards-display-component---NewYard--addressDetailDetailsCountry-arrow"}]}
RESULT: undefined
COMMAND: POST /session/9a1232cba82ddf4e476e9164e77f8ae5/element - {"using":"xpath","value":"//*[@id=\"application-manageyards-display-component---NewYard--addressDetailDetailsCountry-arrow\"]"}
RESULT: {"using":"xpath","value":"//*[@id=\"application-manageyards-display-component---NewYard--addressDetailDetailsCountry-arrow\"]"}
COMMAND: POST /session/9a1232cba82ddf4e476e9164e77f8ae5/element/f.6A59EF44FD37C6BF5E8460C410EAC6E4.d.99567F559911DFD741D2AAB3D1F42E98.e.14381/click - {}
RESULT: {}
COMMAND: POST /session/9a1232cba82ddf4e476e9164e77f8ae5/element - {"using":"xpath","value":"//span[contains(text(), \"Argentina\")]"}
COMMAND: GET /session/9a1232cba82ddf4e476e9164e77f8ae5/screenshot - {}
RESULT: {}
RESULT: {"using":"xpath","value":"//span[contains(text(), \"Argentina\")]"}
COMMAND: POST /session/9a1232cba82ddf4e476e9164e77f8ae5/element/f.6A59EF44FD37C6BF5E8460C410EAC6E4.d.99567F559911DFD741D2AAB3D1F42E98.e.14383/click - {}
RESULT: {}
COMMAND: POST /session/9a1232cba82ddf4e476e9164e77f8ae5/execute/async - {"script":"<script> [1562 bytes]","args":[{"selector":{"id":"application-manageyards-display-component---NewYard--addressEditDetailsCostObjectCstType-arrow"},"wdio_ui5_key":"applicationmanageyards-display-component---NewYard--addressEditDetailsCostObjectCstType-arrow"}]}
COMMAND: GET /session/9a1232cba82ddf4e476e9164e77f8ae5/screenshot - {}
RESULT: {"script":"<script> [1562 bytes]","args":[{"selector":{"id":"application-manageyards-display-component---NewYard--addressEditDetailsCostObjectCstType-arrow"},"wdio_ui5_key":"applicationmanageyards-display-component---NewYard--addressEditDetailsCostObjectCstType-arrow"}]}
RESULT: undefined
COMMAND: POST /session/9a1232cba82ddf4e476e9164e77f8ae5/element - {"using":"xpath","value":"//*[@id=\"application-manageyards-display-component---NewYard--addressEditDetailsCostObjectCstType-arrow\"]"}
RESULT: {}
RESULT: {"using":"xpath","value":"//*[@id=\"application-manageyards-display-component---NewYard--addressEditDetailsCostObjectCstType-arrow\"]"}
COMMAND: POST /session/9a1232cba82ddf4e476e9164e77f8ae5/element/f.6A59EF44FD37C6BF5E8460C410EAC6E4.d.99567F559911DFD741D2AAB3D1F42E98.e.14384/click - {}
RESULT: {}
COMMAND: POST /session/9a1232cba82ddf4e476e9164e77f8ae5/element - {"using":"xpath","value":"//span[contains(text(), \"Cost Center\")]"}
COMMAND: GET /session/9a1232cba82ddf4e476e9164e77f8ae5/screenshot - {}
RESULT: {"using":"xpath","value":"//span[contains(text(), \"Cost Center\")]"}
COMMAND: POST /session/9a1232cba82ddf4e476e9164e77f8ae5/element/f.6A59EF44FD37C6BF5E8460C410EAC6E4.d.99567F559911DFD741D2AAB3D1F42E98.e.14385/click - {}
RESULT: {}
RESULT: {}
COMMAND: GET /session/9a1232cba82ddf4e476e9164e77f8ae5/screenshot - {}
RESULT: {}
COMMAND: POST /session/9a1232cba82ddf4e476e9164e77f8ae5/element - {"using":"xpath","value":"//span[@id=\"application-manageyards-display-component---NewYard--addressNewCostObjectCstID-vhi\"]"}
RESULT: {"using":"xpath","value":"//span[@id=\"application-manageyards-display-component---NewYard--addressNewCostObjectCstID-vhi\"]"}
COMMAND: POST /session/9a1232cba82ddf4e476e9164e77f8ae5/execute/sync - {"script":"<script> [8489 bytes]","args":[{"element-6066-11e4-a52e-4f735466cecf":"f.6A59EF44FD37C6BF5E8460C410EAC6E4.d.99567F559911DFD741D2AAB3D1F42E98.e.14389","ELEMENT":"f.6A59EF44FD37C6BF5E8460C410EAC6E4.d.99567F559911DFD741D2AAB3D1F42E98.e.14389"}]}
RESULT: {"script":"<script> [8489 bytes]","args":[{"element-6066-11e4-a52e-4f735466cecf":"f.6A59EF44FD37C6BF5E8460C410EAC6E4.d.99567F559911DFD741D2AAB3D1F42E98.e.14389","ELEMENT":"f.6A59EF44FD37C6BF5E8460C410EAC6E4.d.99567F559911DFD741D2AAB3D1F42E98.e.14389"}]}
COMMAND: POST /session/9a1232cba82ddf4e476e9164e77f8ae5/execute/async - {"script":"<script> [1562 bytes]","args":[{"selector":{"id":"application-manageyards-display-component---NewYard--addressNewCostObjectCstID-vhi"},"wdio_ui5_key":"applicationmanageyards-display-component---NewYard--addressNewCostObjectCstID-vhi"}]}
COMMAND: GET /session/9a1232cba82ddf4e476e9164e77f8ae5/screenshot - {}
RESULT: {"script":"<script> [1562 bytes]","args":[{"selector":{"id":"application-manageyards-display-component---NewYard--addressNewCostObjectCstID-vhi"},"wdio_ui5_key":"applicationmanageyards-display-component---NewYard--addressNewCostObjectCstID-vhi"}]}
RESULT: undefined
COMMAND: POST /session/9a1232cba82ddf4e476e9164e77f8ae5/element - {"using":"xpath","value":"//*[@id=\"application-manageyards-display-component---NewYard--addressNewCostObjectCstID-vhi\"]"}
RESULT: {}
RESULT: {"using":"xpath","value":"//*[@id=\"application-manageyards-display-component---NewYard--addressNewCostObjectCstID-vhi\"]"}
COMMAND: POST /session/9a1232cba82ddf4e476e9164e77f8ae5/element/f.6A59EF44FD37C6BF5E8460C410EAC6E4.d.99567F559911DFD741D2AAB3D1F42E98.e.14389/click - {}
RESULT: {}
COMMAND: GET /session/9a1232cba82ddf4e476e9164e77f8ae5/screenshot - {}
RESULT: {}
COMMAND: POST /session/9a1232cba82ddf4e476e9164e77f8ae5/execute/async - {"script":"<script> [1562 bytes]","args":[{"selector":{"controlType":"sap.m.SearchField","properties":{"placeholder":"Search"},"searchOpenDialogs":true,"interaction":{"idSuffix":"I"}},"wdio_ui5_key":"sapm.SearchField{\"placeholder\":\"Search\"}"}]}
RESULT: {"script":"<script> [1562 bytes]","args":[{"selector":{"controlType":"sap.m.SearchField","properties":{"placeholder":"Search"},"searchOpenDialogs":true,"interaction":{"idSuffix":"I"}},"wdio_ui5_key":"sapm.SearchField{\"placeholder\":\"Search\"}"}]}
RESULT: undefined
COMMAND: POST /session/9a1232cba82ddf4e476e9164e77f8ae5/execute/async - {"script":"<script> [776 bytes]","args":[{"enterText":"bauh_b","selector":{"controlType":"sap.m.SearchField","properties":{"placeholder":"Search"},"searchOpenDialogs":true,"interaction":{"idSuffix":"I"}},"clearTextFirst":true,"interactionType":"ENTER_TEXT"}]}
RESULT: {"script":"<script> [776 bytes]","args":[{"enterText":"bauh_b","selector":{"controlType":"sap.m.SearchField","properties":{"placeholder":"Search"},"searchOpenDialogs":true,"interaction":{"idSuffix":"I"}},"clearTextFirst":true,"interactionType":"ENTER_TEXT"}]}
COMMAND: POST /session/9a1232cba82ddf4e476e9164e77f8ae5/actions - {"actions":[{"id":"action51","type":"key","parameters":{},"actions":[{"type":"keyDown","value":"î€‡"},{"type":"pause","duration":10},{"type":"keyUp","value":"î€‡"}]}]}
RESULT: {"actions":[{"id":"action51","type":"key","parameters":{},"actions":[{"type":"keyDown","value":"î€‡"},{"type":"pause","duration":10},{"type":"keyUp","value":"î€‡"}]}]}
COMMAND: GET /session/9a1232cba82ddf4e476e9164e77f8ae5/screenshot - {}
RESULT: {}
COMMAND: POST /session/9a1232cba82ddf4e476e9164e77f8ae5/element - {"using":"xpath","value":"//span[contains(text(), \"Demo Yard\")]"}
RESULT: {"using":"xpath","value":"//span[contains(text(), \"Demo Yard\")]"}
COMMAND: POST /session/9a1232cba82ddf4e476e9164e77f8ae5/element/f.6A59EF44FD37C6BF5E8460C410EAC6E4.d.99567F559911DFD741D2AAB3D1F42E98.e.14429/click - {}
RESULT: {}
COMMAND: GET /session/9a1232cba82ddf4e476e9164e77f8ae5/screenshot - {}
RESULT: {}
COMMAND: POST /session/9a1232cba82ddf4e476e9164e77f8ae5/element - {"using":"xpath","value":"//bdi[contains(text(), \"OK\")]"}
RESULT: {"using":"xpath","value":"//bdi[contains(text(), \"OK\")]"}
COMMAND: POST /session/9a1232cba82ddf4e476e9164e77f8ae5/element/f.6A59EF44FD37C6BF5E8460C410EAC6E4.d.99567F559911DFD741D2AAB3D1F42E98.e.14430/click - {}
RESULT: {}
COMMAND: GET /session/9a1232cba82ddf4e476e9164e77f8ae5/screenshot - {}
RESULT: {}
COMMAND: POST /session/9a1232cba82ddf4e476e9164e77f8ae5/execute/async - {"script":"<script> [1562 bytes]","args":[{"selector":{"id":"application-manageyards-display-component---NewYard--addressEditDetailsCurrency-arrow"},"wdio_ui5_key":"applicationmanageyards-display-component---NewYard--addressEditDetailsCurrency-arrow"}]}
RESULT: {"script":"<script> [1562 bytes]","args":[{"selector":{"id":"application-manageyards-display-component---NewYard--addressEditDetailsCurrency-arrow"},"wdio_ui5_key":"applicationmanageyards-display-component---NewYard--addressEditDetailsCurrency-arrow"}]}
RESULT: undefined
COMMAND: POST /session/9a1232cba82ddf4e476e9164e77f8ae5/element - {"using":"xpath","value":"//*[@id=\"application-manageyards-display-component---NewYard--addressEditDetailsCurrency-arrow\"]"}
RESULT: {"using":"xpath","value":"//*[@id=\"application-manageyards-display-component---NewYard--addressEditDetailsCurrency-arrow\"]"}
COMMAND: POST /session/9a1232cba82ddf4e476e9164e77f8ae5/element/f.6A59EF44FD37C6BF5E8460C410EAC6E4.d.99567F559911DFD741D2AAB3D1F42E98.e.14433/click - {}
RESULT: {}
COMMAND: POST /session/9a1232cba82ddf4e476e9164e77f8ae5/element - {"using":"xpath","value":"//span[contains(text(), \"Euro\")]"}
COMMAND: GET /session/9a1232cba82ddf4e476e9164e77f8ae5/screenshot - {}
RESULT: {"using":"xpath","value":"//span[contains(text(), \"Euro\")]"}
COMMAND: POST /session/9a1232cba82ddf4e476e9164e77f8ae5/element/f.6A59EF44FD37C6BF5E8460C410EAC6E4.d.99567F559911DFD741D2AAB3D1F42E98.e.14434/click - {}
RESULT: {}
RESULT: {}
COMMAND: POST /session/9a1232cba82ddf4e476e9164e77f8ae5/execute/async - {"script":"<script> [1562 bytes]","args":[{"selector":{"controlType":"sap.m.Input","viewName":"etm.portal.ui.manageyards.view.New","viewId":"application-manageyards-display-component---NewYard","bindingPath":{"path":"","propertyPath":"/CONTROLLING_AREA","modelName":"NewYardModel"},"interaction":{"idSuffix":"inner"}},"wdio_ui5_key":"etmportal.ui.manageyards.view.Newsap.m.Input{\"path\":\"\",\"propertyPath\":\"/CONTROLLING_AREA\",\"modelName\":\"NewYardModel\"}"}]}
COMMAND: GET /session/9a1232cba82ddf4e476e9164e77f8ae5/screenshot - {}
RESULT: {"script":"<script> [1562 bytes]","args":[{"selector":{"controlType":"sap.m.Input","viewName":"etm.portal.ui.manageyards.view.New","viewId":"application-manageyards-display-component---NewYard","bindingPath":{"path":"","propertyPath":"/CONTROLLING_AREA","modelName":"NewYardModel"},"interaction":{"idSuffix":"inner"}},"wdio_ui5_key":"etmportal.ui.manageyards.view.Newsap.m.Input{\"path\":\"\",\"propertyPath\":\"/CONTROLLING_AREA\",\"modelName\":\"NewYardModel\"}"}]}
RESULT: undefined
COMMAND: POST /session/9a1232cba82ddf4e476e9164e77f8ae5/execute/async - {"script":"<script> [776 bytes]","args":[{"enterText":"Z001","selector":{"controlType":"sap.m.Input","viewName":"etm.portal.ui.manageyards.view.New","viewId":"application-manageyards-display-component---NewYard","bindingPath":{"path":"","propertyPath":"/CONTROLLING_AREA","modelName":"NewYardModel"},"interaction":{"idSuffix":"inner"}},"clearTextFirst":true,"interactionType":"ENTER_TEXT"}]}
RESULT: {}
RESULT: {"script":"<script> [776 bytes]","args":[{"enterText":"Z001","selector":{"controlType":"sap.m.Input","viewName":"etm.portal.ui.manageyards.view.New","viewId":"application-manageyards-display-component---NewYard","bindingPath":{"path":"","propertyPath":"/CONTROLLING_AREA","modelName":"NewYardModel"},"interaction":{"idSuffix":"inner"}},"clearTextFirst":true,"interactionType":"ENTER_TEXT"}]}
COMMAND: POST /session/9a1232cba82ddf4e476e9164e77f8ae5/execute/async - {"script":"<script> [1562 bytes]","args":[{"selector":{"id":"application-manageyards-display-component---NewYard--companyCodeComboBox","interaction":{"idSuffix":"inner"}},"wdio_ui5_key":"applicationmanageyards-display-component---NewYard--companyCodeComboBox"}]}
RESULT: {"script":"<script> [1562 bytes]","args":[{"selector":{"id":"application-manageyards-display-component---NewYard--companyCodeComboBox","interaction":{"idSuffix":"inner"}},"wdio_ui5_key":"applicationmanageyards-display-component---NewYard--companyCodeComboBox"}]}
RESULT: undefined
COMMAND: POST /session/9a1232cba82ddf4e476e9164e77f8ae5/execute/async - {"script":"<script> [776 bytes]","args":[{"enterText":"1000","selector":{"id":"application-manageyards-display-component---NewYard--companyCodeComboBox","interaction":{"idSuffix":"inner"}},"clearTextFirst":true,"interactionType":"ENTER_TEXT"}]}
RESULT: {"script":"<script> [776 bytes]","args":[{"enterText":"1000","selector":{"id":"application-manageyards-display-component---NewYard--companyCodeComboBox","interaction":{"idSuffix":"inner"}},"clearTextFirst":true,"interactionType":"ENTER_TEXT"}]}
COMMAND: POST /session/9a1232cba82ddf4e476e9164e77f8ae5/execute/async - {"script":"<script> [1562 bytes]","args":[{"selector":{"controlType":"sap.m.Input","viewName":"etm.portal.ui.manageyards.view.New","viewId":"application-manageyards-display-component---NewYard","bindingPath":{"path":"","propertyPath":"/PLANT","modelName":"NewYardModel"},"interaction":{"idSuffix":"inner"}},"wdio_ui5_key":"etmportal.ui.manageyards.view.Newsap.m.Input{\"path\":\"\",\"propertyPath\":\"/PLANT\",\"modelName\":\"NewYardModel\"}"}]}
RESULT: {"script":"<script> [1562 bytes]","args":[{"selector":{"controlType":"sap.m.Input","viewName":"etm.portal.ui.manageyards.view.New","viewId":"application-manageyards-display-component---NewYard","bindingPath":{"path":"","propertyPath":"/PLANT","modelName":"NewYardModel"},"interaction":{"idSuffix":"inner"}},"wdio_ui5_key":"etmportal.ui.manageyards.view.Newsap.m.Input{\"path\":\"\",\"propertyPath\":\"/PLANT\",\"modelName\":\"NewYardModel\"}"}]}
RESULT: undefined
COMMAND: POST /session/9a1232cba82ddf4e476e9164e77f8ae5/execute/async - {"script":"<script> [776 bytes]","args":[{"enterText":"1001","selector":{"controlType":"sap.m.Input","viewName":"etm.portal.ui.manageyards.view.New","viewId":"application-manageyards-display-component---NewYard","bindingPath":{"path":"","propertyPath":"/PLANT","modelName":"NewYardModel"},"interaction":{"idSuffix":"inner"}},"clearTextFirst":true,"interactionType":"ENTER_TEXT"}]}
RESULT: {"script":"<script> [776 bytes]","args":[{"enterText":"1001","selector":{"controlType":"sap.m.Input","viewName":"etm.portal.ui.manageyards.view.New","viewId":"application-manageyards-display-component---NewYard","bindingPath":{"path":"","propertyPath":"/PLANT","modelName":"NewYardModel"},"interaction":{"idSuffix":"inner"}},"clearTextFirst":true,"interactionType":"ENTER_TEXT"}]}
COMMAND: POST /session/9a1232cba82ddf4e476e9164e77f8ae5/execute/async - {"script":"<script> [1562 bytes]","args":[{"selector":{"controlType":"sap.m.Input","viewName":"etm.portal.ui.manageyards.view.New","viewId":"application-manageyards-display-component---NewYard","bindingPath":{"path":"","propertyPath":"/SALES_AREA_VKORG","modelName":"NewYardModel"},"interaction":{"idSuffix":"inner"}},"wdio_ui5_key":"etmportal.ui.manageyards.view.Newsap.m.Input{\"path\":\"\",\"propertyPath\":\"/SALES_AREA_VKORG\",\"modelName\":\"NewYardModel\"}"}]}
RESULT: {"script":"<script> [1562 bytes]","args":[{"selector":{"controlType":"sap.m.Input","viewName":"etm.portal.ui.manageyards.view.New","viewId":"application-manageyards-display-component---NewYard","bindingPath":{"path":"","propertyPath":"/SALES_AREA_VKORG","modelName":"NewYardModel"},"interaction":{"idSuffix":"inner"}},"wdio_ui5_key":"etmportal.ui.manageyards.view.Newsap.m.Input{\"path\":\"\",\"propertyPath\":\"/SALES_AREA_VKORG\",\"modelName\":\"NewYardModel\"}"}]}
RESULT: undefined
COMMAND: POST /session/9a1232cba82ddf4e476e9164e77f8ae5/execute/async - {"script":"<script> [776 bytes]","args":[{"enterText":"C002","selector":{"controlType":"sap.m.Input","viewName":"etm.portal.ui.manageyards.view.New","viewId":"application-manageyards-display-component---NewYard","bindingPath":{"path":"","propertyPath":"/SALES_AREA_VKORG","modelName":"NewYardModel"},"interaction":{"idSuffix":"inner"}},"clearTextFirst":true,"interactionType":"ENTER_TEXT"}]}
RESULT: {"script":"<script> [776 bytes]","args":[{"enterText":"C002","selector":{"controlType":"sap.m.Input","viewName":"etm.portal.ui.manageyards.view.New","viewId":"application-manageyards-display-component---NewYard","bindingPath":{"path":"","propertyPath":"/SALES_AREA_VKORG","modelName":"NewYardModel"},"interaction":{"idSuffix":"inner"}},"clearTextFirst":true,"interactionType":"ENTER_TEXT"}]}
COMMAND: POST /session/9a1232cba82ddf4e476e9164e77f8ae5/execute/async - {"script":"<script> [1562 bytes]","args":[{"selector":{"controlType":"sap.m.Input","viewName":"etm.portal.ui.manageyards.view.New","viewId":"application-manageyards-display-component---NewYard","bindingPath":{"path":"","propertyPath":"/SALES_AREA_VTWEG","modelName":"NewYardModel"},"interaction":{"idSuffix":"inner"}},"wdio_ui5_key":"etmportal.ui.manageyards.view.Newsap.m.Input{\"path\":\"\",\"propertyPath\":\"/SALES_AREA_VTWEG\",\"modelName\":\"NewYardModel\"}"}]}
RESULT: {"script":"<script> [1562 bytes]","args":[{"selector":{"controlType":"sap.m.Input","viewName":"etm.portal.ui.manageyards.view.New","viewId":"application-manageyards-display-component---NewYard","bindingPath":{"path":"","propertyPath":"/SALES_AREA_VTWEG","modelName":"NewYardModel"},"interaction":{"idSuffix":"inner"}},"wdio_ui5_key":"etmportal.ui.manageyards.view.Newsap.m.Input{\"path\":\"\",\"propertyPath\":\"/SALES_AREA_VTWEG\",\"modelName\":\"NewYardModel\"}"}]}
RESULT: undefined
COMMAND: POST /session/9a1232cba82ddf4e476e9164e77f8ae5/execute/async - {"script":"<script> [776 bytes]","args":[{"enterText":"C2","selector":{"controlType":"sap.m.Input","viewName":"etm.portal.ui.manageyards.view.New","viewId":"application-manageyards-display-component---NewYard","bindingPath":{"path":"","propertyPath":"/SALES_AREA_VTWEG","modelName":"NewYardModel"},"interaction":{"idSuffix":"inner"}},"clearTextFirst":true,"interactionType":"ENTER_TEXT"}]}
RESULT: {"script":"<script> [776 bytes]","args":[{"enterText":"C2","selector":{"controlType":"sap.m.Input","viewName":"etm.portal.ui.manageyards.view.New","viewId":"application-manageyards-display-component---NewYard","bindingPath":{"path":"","propertyPath":"/SALES_AREA_VTWEG","modelName":"NewYardModel"},"interaction":{"idSuffix":"inner"}},"clearTextFirst":true,"interactionType":"ENTER_TEXT"}]}
COMMAND: POST /session/9a1232cba82ddf4e476e9164e77f8ae5/execute/async - {"script":"<script> [1562 bytes]","args":[{"selector":{"controlType":"sap.m.Input","viewName":"etm.portal.ui.manageyards.view.New","viewId":"application-manageyards-display-component---NewYard","bindingPath":{"path":"","propertyPath":"/SALES_AREA_SPART","modelName":"NewYardModel"},"interaction":{"idSuffix":"inner"}},"wdio_ui5_key":"etmportal.ui.manageyards.view.Newsap.m.Input{\"path\":\"\",\"propertyPath\":\"/SALES_AREA_SPART\",\"modelName\":\"NewYardModel\"}"}]}
RESULT: {"script":"<script> [1562 bytes]","args":[{"selector":{"controlType":"sap.m.Input","viewName":"etm.portal.ui.manageyards.view.New","viewId":"application-manageyards-display-component---NewYard","bindingPath":{"path":"","propertyPath":"/SALES_AREA_SPART","modelName":"NewYardModel"},"interaction":{"idSuffix":"inner"}},"wdio_ui5_key":"etmportal.ui.manageyards.view.Newsap.m.Input{\"path\":\"\",\"propertyPath\":\"/SALES_AREA_SPART\",\"modelName\":\"NewYardModel\"}"}]}
RESULT: undefined
COMMAND: POST /session/9a1232cba82ddf4e476e9164e77f8ae5/execute/async - {"script":"<script> [776 bytes]","args":[{"enterText":"C2","selector":{"controlType":"sap.m.Input","viewName":"etm.portal.ui.manageyards.view.New","viewId":"application-manageyards-display-component---NewYard","bindingPath":{"path":"","propertyPath":"/SALES_AREA_SPART","modelName":"NewYardModel"},"interaction":{"idSuffix":"inner"}},"clearTextFirst":true,"interactionType":"ENTER_TEXT"}]}
RESULT: {"script":"<script> [776 bytes]","args":[{"enterText":"C2","selector":{"controlType":"sap.m.Input","viewName":"etm.portal.ui.manageyards.view.New","viewId":"application-manageyards-display-component---NewYard","bindingPath":{"path":"","propertyPath":"/SALES_AREA_SPART","modelName":"NewYardModel"},"interaction":{"idSuffix":"inner"}},"clearTextFirst":true,"interactionType":"ENTER_TEXT"}]}
COMMAND: POST /session/9a1232cba82ddf4e476e9164e77f8ae5/execute/async - {"script":"<script> [1562 bytes]","args":[{"selector":{"controlType":"sap.m.Input","viewName":"etm.portal.ui.manageyards.view.New","viewId":"application-manageyards-display-component---NewYard","bindingPath":{"path":"","propertyPath":"/SHIP_POINT","modelName":"NewYardModel"},"interaction":{"idSuffix":"inner"}},"wdio_ui5_key":"etmportal.ui.manageyards.view.Newsap.m.Input{\"path\":\"\",\"propertyPath\":\"/SHIP_POINT\",\"modelName\":\"NewYardModel\"}"}]}
RESULT: {"script":"<script> [1562 bytes]","args":[{"selector":{"controlType":"sap.m.Input","viewName":"etm.portal.ui.manageyards.view.New","viewId":"application-manageyards-display-component---NewYard","bindingPath":{"path":"","propertyPath":"/SHIP_POINT","modelName":"NewYardModel"},"interaction":{"idSuffix":"inner"}},"wdio_ui5_key":"etmportal.ui.manageyards.view.Newsap.m.Input{\"path\":\"\",\"propertyPath\":\"/SHIP_POINT\",\"modelName\":\"NewYardModel\"}"}]}
RESULT: undefined
COMMAND: POST /session/9a1232cba82ddf4e476e9164e77f8ae5/execute/async - {"script":"<script> [776 bytes]","args":[{"enterText":"1710","selector":{"controlType":"sap.m.Input","viewName":"etm.portal.ui.manageyards.view.New","viewId":"application-manageyards-display-component---NewYard","bindingPath":{"path":"","propertyPath":"/SHIP_POINT","modelName":"NewYardModel"},"interaction":{"idSuffix":"inner"}},"clearTextFirst":true,"interactionType":"ENTER_TEXT"}]}
RESULT: {"script":"<script> [776 bytes]","args":[{"enterText":"1710","selector":{"controlType":"sap.m.Input","viewName":"etm.portal.ui.manageyards.view.New","viewId":"application-manageyards-display-component---NewYard","bindingPath":{"path":"","propertyPath":"/SHIP_POINT","modelName":"NewYardModel"},"interaction":{"idSuffix":"inner"}},"clearTextFirst":true,"interactionType":"ENTER_TEXT"}]}
COMMAND: POST /session/9a1232cba82ddf4e476e9164e77f8ae5/execute/async - {"script":"<script> [1562 bytes]","args":[{"selector":{"controlType":"sap.m.Input","viewName":"etm.portal.ui.manageyards.view.New","viewId":"application-manageyards-display-component---NewYard","bindingPath":{"path":"","propertyPath":"/DELIVERY_TYPE","modelName":"NewYardModel"},"interaction":{"idSuffix":"inner"}},"wdio_ui5_key":"etmportal.ui.manageyards.view.Newsap.m.Input{\"path\":\"\",\"propertyPath\":\"/DELIVERY_TYPE\",\"modelName\":\"NewYardModel\"}"}]}
RESULT: {"script":"<script> [1562 bytes]","args":[{"selector":{"controlType":"sap.m.Input","viewName":"etm.portal.ui.manageyards.view.New","viewId":"application-manageyards-display-component---NewYard","bindingPath":{"path":"","propertyPath":"/DELIVERY_TYPE","modelName":"NewYardModel"},"interaction":{"idSuffix":"inner"}},"wdio_ui5_key":"etmportal.ui.manageyards.view.Newsap.m.Input{\"path\":\"\",\"propertyPath\":\"/DELIVERY_TYPE\",\"modelName\":\"NewYardModel\"}"}]}
RESULT: undefined
COMMAND: POST /session/9a1232cba82ddf4e476e9164e77f8ae5/execute/async - {"script":"<script> [776 bytes]","args":[{"enterText":"ZL01","selector":{"controlType":"sap.m.Input","viewName":"etm.portal.ui.manageyards.view.New","viewId":"application-manageyards-display-component---NewYard","bindingPath":{"path":"","propertyPath":"/DELIVERY_TYPE","modelName":"NewYardModel"},"interaction":{"idSuffix":"inner"}},"clearTextFirst":true,"interactionType":"ENTER_TEXT"}]}
RESULT: {"script":"<script> [776 bytes]","args":[{"enterText":"ZL01","selector":{"controlType":"sap.m.Input","viewName":"etm.portal.ui.manageyards.view.New","viewId":"application-manageyards-display-component---NewYard","bindingPath":{"path":"","propertyPath":"/DELIVERY_TYPE","modelName":"NewYardModel"},"interaction":{"idSuffix":"inner"}},"clearTextFirst":true,"interactionType":"ENTER_TEXT"}]}
COMMAND: POST /session/9a1232cba82ddf4e476e9164e77f8ae5/execute/async - {"script":"<script> [1562 bytes]","args":[{"selector":{"controlType":"sap.m.Input","viewName":"etm.portal.ui.manageyards.view.New","viewId":"application-manageyards-display-component---NewYard","bindingPath":{"path":"","propertyPath":"/AUART","modelName":"NewYardModel"},"interaction":{"idSuffix":"inner"}},"wdio_ui5_key":"etmportal.ui.manageyards.view.Newsap.m.Input{\"path\":\"\",\"propertyPath\":\"/AUART\",\"modelName\":\"NewYardModel\"}"}]}
RESULT: {"script":"<script> [1562 bytes]","args":[{"selector":{"controlType":"sap.m.Input","viewName":"etm.portal.ui.manageyards.view.New","viewId":"application-manageyards-display-component---NewYard","bindingPath":{"path":"","propertyPath":"/AUART","modelName":"NewYardModel"},"interaction":{"idSuffix":"inner"}},"wdio_ui5_key":"etmportal.ui.manageyards.view.Newsap.m.Input{\"path\":\"\",\"propertyPath\":\"/AUART\",\"modelName\":\"NewYardModel\"}"}]}
RESULT: undefined
COMMAND: POST /session/9a1232cba82ddf4e476e9164e77f8ae5/execute/async - {"script":"<script> [776 bytes]","args":[{"enterText":"TA","selector":{"controlType":"sap.m.Input","viewName":"etm.portal.ui.manageyards.view.New","viewId":"application-manageyards-display-component---NewYard","bindingPath":{"path":"","propertyPath":"/AUART","modelName":"NewYardModel"},"interaction":{"idSuffix":"inner"}},"clearTextFirst":true,"interactionType":"ENTER_TEXT"}]}
RESULT: {"script":"<script> [776 bytes]","args":[{"enterText":"TA","selector":{"controlType":"sap.m.Input","viewName":"etm.portal.ui.manageyards.view.New","viewId":"application-manageyards-display-component---NewYard","bindingPath":{"path":"","propertyPath":"/AUART","modelName":"NewYardModel"},"interaction":{"idSuffix":"inner"}},"clearTextFirst":true,"interactionType":"ENTER_TEXT"}]}
COMMAND: POST /session/9a1232cba82ddf4e476e9164e77f8ae5/element - {"using":"xpath","value":"//button[@data-kt=\"newYardSaveButton\"]"}
RESULT: {"using":"xpath","value":"//button[@data-kt=\"newYardSaveButton\"]"}
COMMAND: POST /session/9a1232cba82ddf4e476e9164e77f8ae5/element/f.6A59EF44FD37C6BF5E8460C410EAC6E4.d.99567F559911DFD741D2AAB3D1F42E98.e.14361/click - {}
RESULT: {}
COMMAND: GET /session/9a1232cba82ddf4e476e9164e77f8ae5/screenshot - {}
RESULT: {}
COMMAND: POST /session/9a1232cba82ddf4e476e9164e77f8ae5/element - {"using":"xpath","value":"//header[contains(@id, 'ObjectPageLayout-headerTitle')]/div[1]/div[2]/div[1]/span[1]"}
RESULT: {"using":"xpath","value":"//header[contains(@id, 'ObjectPageLayout-headerTitle')]/div[1]/div[2]/div[1]/span[1]"}
COMMAND: POST /session/9a1232cba82ddf4e476e9164e77f8ae5/elements - {"using":"xpath","value":"//header[contains(@id, 'ObjectPageLayout-headerTitle')]/div[1]/div[2]/div[1]/span[1]"}
RESULT: {"using":"xpath","value":"//header[contains(@id, 'ObjectPageLayout-headerTitle')]/div[1]/div[2]/div[1]/span[1]"}
COMMAND: POST /session/9a1232cba82ddf4e476e9164e77f8ae5/execute/sync - {"script":"<script> [56 bytes]","args":[{"element-6066-11e4-a52e-4f735466cecf":"f.6A59EF44FD37C6BF5E8460C410EAC6E4.d.99567F559911DFD741D2AAB3D1F42E98.e.14653","ELEMENT":"f.6A59EF44FD37C6BF5E8460C410EAC6E4.d.99567F559911DFD741D2AAB3D1F42E98.e.14653"}]}
RESULT: {"script":"<script> [56 bytes]","args":[{"element-6066-11e4-a52e-4f735466cecf":"f.6A59EF44FD37C6BF5E8460C410EAC6E4.d.99567F559911DFD741D2AAB3D1F42E98.e.14653","ELEMENT":"f.6A59EF44FD37C6BF5E8460C410EAC6E4.d.99567F559911DFD741D2AAB3D1F42E98.e.14653"}]}
COMMAND: GET /session/9a1232cba82ddf4e476e9164e77f8ae5/screenshot - {}
RESULT: {}
COMMAND: POST /session/9a1232cba82ddf4e476e9164e77f8ae5/element - {"using":"css selector","value":"#shell-header-logo"}
RESULT: {"using":"css selector","value":"#shell-header-logo"}
COMMAND: POST /session/9a1232cba82ddf4e476e9164e77f8ae5/element/f.6A59EF44FD37C6BF5E8460C410EAC6E4.d.99567F559911DFD741D2AAB3D1F42E98.e.13796/click - {}
RESULT: {}
COMMAND: GET /session/9a1232cba82ddf4e476e9164e77f8ae5/screenshot - {}
RESULT: {}
COMMAND: POST /session/9a1232cba82ddf4e476e9164e77f8ae5/execute/sync - {"script":"<script> [299 bytes]","args":[["getModel","getResource"]]}
RESULT: {"script":"<script> [299 bytes]","args":[["getModel","getResource"]]}
]]></system-out>
    </testcase>
    <testcase classname="chrome.137_0_7151_56.windows.Transfer_Yard_to_Yard_US131076" name="Should create an equipment" time="150.424">
      <system-out><![CDATA[
COMMAND: POST /session/9a1232cba82ddf4e476e9164e77f8ae5/execute/async - {"script":"<script> [1562 bytes]","args":[{"selector":{"controlType":"sap.m.GenericTile","properties":{"header":"Manage Resources"}},"wdio_ui5_key":"sapm.GenericTile{\"header\":\"Manage Resources\"}"}]}
COMMAND: GET /session/9a1232cba82ddf4e476e9164e77f8ae5/screenshot - {}
RESULT: {"script":"<script> [1562 bytes]","args":[{"selector":{"controlType":"sap.m.GenericTile","properties":{"header":"Manage Resources"}},"wdio_ui5_key":"sapm.GenericTile{\"header\":\"Manage Resources\"}"}]}
RESULT: undefined
COMMAND: POST /session/9a1232cba82ddf4e476e9164e77f8ae5/element - {"using":"xpath","value":"//*[@id=\"__tile31\"]"}
RESULT: {}
RESULT: {"using":"xpath","value":"//*[@id=\"__tile31\"]"}
COMMAND: POST /session/9a1232cba82ddf4e476e9164e77f8ae5/element/f.6A59EF44FD37C6BF5E8460C410EAC6E4.d.99567F559911DFD741D2AAB3D1F42E98.e.13818/click - {}
RESULT: {}
COMMAND: GET /session/9a1232cba82ddf4e476e9164e77f8ae5/screenshot - {}
RESULT: {}
COMMAND: POST /session/9a1232cba82ddf4e476e9164e77f8ae5/elements - {"using":"xpath","value":"//span[text()='Error']"}
RESULT: {"using":"xpath","value":"//span[text()='Error']"}
COMMAND: POST /session/9a1232cba82ddf4e476e9164e77f8ae5/element - {"using":"xpath","value":"//button[@data-kt=\"addNewRUOverflowToolbarButton\"]"}
RESULT: {"using":"xpath","value":"//button[@data-kt=\"addNewRUOverflowToolbarButton\"]"}
COMMAND: POST /session/9a1232cba82ddf4e476e9164e77f8ae5/elements - {"using":"xpath","value":"//button[@data-kt=\"addNewRUOverflowToolbarButton\"]"}
RESULT: {"using":"xpath","value":"//button[@data-kt=\"addNewRUOverflowToolbarButton\"]"}
COMMAND: POST /session/9a1232cba82ddf4e476e9164e77f8ae5/execute/sync - {"script":"<script> [8489 bytes]","args":[{"element-6066-11e4-a52e-4f735466cecf":"f.6A59EF44FD37C6BF5E8460C410EAC6E4.d.99567F559911DFD741D2AAB3D1F42E98.e.14684","ELEMENT":"f.6A59EF44FD37C6BF5E8460C410EAC6E4.d.99567F559911DFD741D2AAB3D1F42E98.e.14684"}]}
RESULT: {"script":"<script> [8489 bytes]","args":[{"element-6066-11e4-a52e-4f735466cecf":"f.6A59EF44FD37C6BF5E8460C410EAC6E4.d.99567F559911DFD741D2AAB3D1F42E98.e.14684","ELEMENT":"f.6A59EF44FD37C6BF5E8460C410EAC6E4.d.99567F559911DFD741D2AAB3D1F42E98.e.14684"}]}
COMMAND: GET /session/9a1232cba82ddf4e476e9164e77f8ae5/element/f.6A59EF44FD37C6BF5E8460C410EAC6E4.d.99567F559911DFD741D2AAB3D1F42E98.e.14684/enabled - {}
COMMAND: GET /session/9a1232cba82ddf4e476e9164e77f8ae5/screenshot - {}
RESULT: {}
COMMAND: POST /session/9a1232cba82ddf4e476e9164e77f8ae5/execute/sync - {"script":"<script> [8489 bytes]","args":[{"element-6066-11e4-a52e-4f735466cecf":"f.6A59EF44FD37C6BF5E8460C410EAC6E4.d.99567F559911DFD741D2AAB3D1F42E98.e.14684","ELEMENT":"f.6A59EF44FD37C6BF5E8460C410EAC6E4.d.99567F559911DFD741D2AAB3D1F42E98.e.14684"}]}
COMMAND: GET /session/9a1232cba82ddf4e476e9164e77f8ae5/screenshot - {}
RESULT: {}
RESULT: {"script":"<script> [8489 bytes]","args":[{"element-6066-11e4-a52e-4f735466cecf":"f.6A59EF44FD37C6BF5E8460C410EAC6E4.d.99567F559911DFD741D2AAB3D1F42E98.e.14684","ELEMENT":"f.6A59EF44FD37C6BF5E8460C410EAC6E4.d.99567F559911DFD741D2AAB3D1F42E98.e.14684"}]}
COMMAND: POST /session/9a1232cba82ddf4e476e9164e77f8ae5/execute/sync - {"script":"<script> [5351 bytes]","args":[{"element-6066-11e4-a52e-4f735466cecf":"f.6A59EF44FD37C6BF5E8460C410EAC6E4.d.99567F559911DFD741D2AAB3D1F42E98.e.14684","ELEMENT":"f.6A59EF44FD37C6BF5E8460C410EAC6E4.d.99567F559911DFD741D2AAB3D1F42E98.e.14684"}]}
COMMAND: GET /session/9a1232cba82ddf4e476e9164e77f8ae5/screenshot - {}
RESULT: {}
RESULT: {"script":"<script> [5351 bytes]","args":[{"element-6066-11e4-a52e-4f735466cecf":"f.6A59EF44FD37C6BF5E8460C410EAC6E4.d.99567F559911DFD741D2AAB3D1F42E98.e.14684","ELEMENT":"f.6A59EF44FD37C6BF5E8460C410EAC6E4.d.99567F559911DFD741D2AAB3D1F42E98.e.14684"}]}
COMMAND: POST /session/9a1232cba82ddf4e476e9164e77f8ae5/element/f.6A59EF44FD37C6BF5E8460C410EAC6E4.d.99567F559911DFD741D2AAB3D1F42E98.e.14684/click - {}
COMMAND: GET /session/9a1232cba82ddf4e476e9164e77f8ae5/screenshot - {}
RESULT: {}
RESULT: {}
COMMAND: GET /session/9a1232cba82ddf4e476e9164e77f8ae5/screenshot - {}
RESULT: {}
COMMAND: POST /session/9a1232cba82ddf4e476e9164e77f8ae5/execute/async - {"script":"<script> [1562 bytes]","args":[{"selector":{"id":"application-manageresources-display-component---newResourceUnit--TYPE-arrow"},"wdio_ui5_key":"applicationmanageresources-display-component---newResourceUnit--TYPE-arrow"}]}
RESULT: {}
RESULT: {"script":"<script> [1562 bytes]","args":[{"selector":{"id":"application-manageresources-display-component---newResourceUnit--TYPE-arrow"},"wdio_ui5_key":"applicationmanageresources-display-component---newResourceUnit--TYPE-arrow"}]}
RESULT: undefined
COMMAND: POST /session/9a1232cba82ddf4e476e9164e77f8ae5/element - {"using":"xpath","value":"//*[@id=\"application-manageresources-display-component---newResourceUnit--TYPE-arrow\"]"}
RESULT: {"using":"xpath","value":"//*[@id=\"application-manageresources-display-component---newResourceUnit--TYPE-arrow\"]"}
COMMAND: POST /session/9a1232cba82ddf4e476e9164e77f8ae5/element/f.6A59EF44FD37C6BF5E8460C410EAC6E4.d.99567F559911DFD741D2AAB3D1F42E98.e.15053/click - {}
RESULT: {}
COMMAND: POST /session/9a1232cba82ddf4e476e9164e77f8ae5/element - {"using":"xpath","value":"//input[@id=\"application-manageresources-display-component---newResourceUnit--TYPE-inner\"]"}
COMMAND: GET /session/9a1232cba82ddf4e476e9164e77f8ae5/screenshot - {}
RESULT: {"using":"xpath","value":"//input[@id=\"application-manageresources-display-component---newResourceUnit--TYPE-inner\"]"}
COMMAND: POST /session/9a1232cba82ddf4e476e9164e77f8ae5/element/f.6A59EF44FD37C6BF5E8460C410EAC6E4.d.99567F559911DFD741D2AAB3D1F42E98.e.15037/clear - {}
RESULT: {}
RESULT: {}
COMMAND: POST /session/9a1232cba82ddf4e476e9164e77f8ae5/element/f.6A59EF44FD37C6BF5E8460C410EAC6E4.d.99567F559911DFD741D2AAB3D1F42E98.e.15037/value - {"text":"Equipment"}
COMMAND: GET /session/9a1232cba82ddf4e476e9164e77f8ae5/screenshot - {}
RESULT: {"text":"Equipment"}
COMMAND: GET /session/9a1232cba82ddf4e476e9164e77f8ae5/screenshot - {}
RESULT: {}
RESULT: {}
COMMAND: POST /session/9a1232cba82ddf4e476e9164e77f8ae5/actions - {"actions":[{"id":"action52","type":"key","parameters":{},"actions":[{"type":"keyDown","value":"î€‡"},{"type":"pause","duration":10},{"type":"keyUp","value":"î€‡"}]}]}
RESULT: {"actions":[{"id":"action52","type":"key","parameters":{},"actions":[{"type":"keyDown","value":"î€‡"},{"type":"pause","duration":10},{"type":"keyUp","value":"î€‡"}]}]}
COMMAND: POST /session/9a1232cba82ddf4e476e9164e77f8ae5/execute/async - {"script":"<script> [1562 bytes]","args":[{"selector":{"id":"application-manageresources-display-component---newResourceUnit--resourceId","interaction":{"idSuffix":"inner"}},"wdio_ui5_key":"applicationmanageresources-display-component---newResourceUnit--resourceId"}]}
COMMAND: GET /session/9a1232cba82ddf4e476e9164e77f8ae5/screenshot - {}
RESULT: {"script":"<script> [1562 bytes]","args":[{"selector":{"id":"application-manageresources-display-component---newResourceUnit--resourceId","interaction":{"idSuffix":"inner"}},"wdio_ui5_key":"applicationmanageresources-display-component---newResourceUnit--resourceId"}]}
RESULT: undefined
COMMAND: POST /session/9a1232cba82ddf4e476e9164e77f8ae5/execute/async - {"script":"<script> [776 bytes]","args":[{"enterText":"ADWipK1GgY","selector":{"id":"application-manageresources-display-component---newResourceUnit--resourceId","interaction":{"idSuffix":"inner"}},"clearTextFirst":true,"interactionType":"ENTER_TEXT"}]}
RESULT: {}
RESULT: {"script":"<script> [776 bytes]","args":[{"enterText":"ADWipK1GgY","selector":{"id":"application-manageresources-display-component---newResourceUnit--resourceId","interaction":{"idSuffix":"inner"}},"clearTextFirst":true,"interactionType":"ENTER_TEXT"}]}
COMMAND: POST /session/9a1232cba82ddf4e476e9164e77f8ae5/execute/async - {"script":"<script> [1562 bytes]","args":[{"selector":{"id":"application-manageresources-display-component---newResourceUnit--SHORT_TEXT","interaction":{"idSuffix":"inner"}},"wdio_ui5_key":"applicationmanageresources-display-component---newResourceUnit--SHORT_TEXT"}]}
RESULT: {"script":"<script> [1562 bytes]","args":[{"selector":{"id":"application-manageresources-display-component---newResourceUnit--SHORT_TEXT","interaction":{"idSuffix":"inner"}},"wdio_ui5_key":"applicationmanageresources-display-component---newResourceUnit--SHORT_TEXT"}]}
RESULT: undefined
COMMAND: POST /session/9a1232cba82ddf4e476e9164e77f8ae5/execute/async - {"script":"<script> [776 bytes]","args":[{"enterText":"Intercompany Equipment WDIO","selector":{"id":"application-manageresources-display-component---newResourceUnit--SHORT_TEXT","interaction":{"idSuffix":"inner"}},"clearTextFirst":true,"interactionType":"ENTER_TEXT"}]}
RESULT: {"script":"<script> [776 bytes]","args":[{"enterText":"Intercompany Equipment WDIO","selector":{"id":"application-manageresources-display-component---newResourceUnit--SHORT_TEXT","interaction":{"idSuffix":"inner"}},"clearTextFirst":true,"interactionType":"ENTER_TEXT"}]}
COMMAND: POST /session/9a1232cba82ddf4e476e9164e77f8ae5/execute/async - {"script":"<script> [1562 bytes]","args":[{"selector":{"id":"application-manageresources-display-component---newResourceUnit--BASE_UNIT_OF_MEASURE","interaction":{"idSuffix":"inner"}},"wdio_ui5_key":"applicationmanageresources-display-component---newResourceUnit--BASE_UNIT_OF_MEASURE"}]}
RESULT: {"script":"<script> [1562 bytes]","args":[{"selector":{"id":"application-manageresources-display-component---newResourceUnit--BASE_UNIT_OF_MEASURE","interaction":{"idSuffix":"inner"}},"wdio_ui5_key":"applicationmanageresources-display-component---newResourceUnit--BASE_UNIT_OF_MEASURE"}]}
RESULT: undefined
COMMAND: POST /session/9a1232cba82ddf4e476e9164e77f8ae5/execute/async - {"script":"<script> [776 bytes]","args":[{"enterText":"Piece","selector":{"id":"application-manageresources-display-component---newResourceUnit--BASE_UNIT_OF_MEASURE","interaction":{"idSuffix":"inner"}},"clearTextFirst":true,"interactionType":"ENTER_TEXT"}]}
RESULT: {"script":"<script> [776 bytes]","args":[{"enterText":"Piece","selector":{"id":"application-manageresources-display-component---newResourceUnit--BASE_UNIT_OF_MEASURE","interaction":{"idSuffix":"inner"}},"clearTextFirst":true,"interactionType":"ENTER_TEXT"}]}
COMMAND: POST /session/9a1232cba82ddf4e476e9164e77f8ae5/execute/async - {"script":"<script> [1562 bytes]","args":[{"selector":{"id":"application-manageresources-display-component---newResourceUnit--WEIGHT_UNIT","interaction":{"idSuffix":"inner"}},"wdio_ui5_key":"applicationmanageresources-display-component---newResourceUnit--WEIGHT_UNIT"}]}
RESULT: {"script":"<script> [1562 bytes]","args":[{"selector":{"id":"application-manageresources-display-component---newResourceUnit--WEIGHT_UNIT","interaction":{"idSuffix":"inner"}},"wdio_ui5_key":"applicationmanageresources-display-component---newResourceUnit--WEIGHT_UNIT"}]}
RESULT: undefined
COMMAND: POST /session/9a1232cba82ddf4e476e9164e77f8ae5/execute/async - {"script":"<script> [776 bytes]","args":[{"enterText":"Gram","selector":{"id":"application-manageresources-display-component---newResourceUnit--WEIGHT_UNIT","interaction":{"idSuffix":"inner"}},"clearTextFirst":true,"interactionType":"ENTER_TEXT"}]}
RESULT: {"script":"<script> [776 bytes]","args":[{"enterText":"Gram","selector":{"id":"application-manageresources-display-component---newResourceUnit--WEIGHT_UNIT","interaction":{"idSuffix":"inner"}},"clearTextFirst":true,"interactionType":"ENTER_TEXT"}]}
COMMAND: POST /session/9a1232cba82ddf4e476e9164e77f8ae5/execute/async - {"script":"<script> [1562 bytes]","args":[{"selector":{"id":"application-manageresources-display-component---newResourceUnit--DIMENSION_UNIT","interaction":{"idSuffix":"inner"}},"wdio_ui5_key":"applicationmanageresources-display-component---newResourceUnit--DIMENSION_UNIT"}]}
RESULT: {"script":"<script> [1562 bytes]","args":[{"selector":{"id":"application-manageresources-display-component---newResourceUnit--DIMENSION_UNIT","interaction":{"idSuffix":"inner"}},"wdio_ui5_key":"applicationmanageresources-display-component---newResourceUnit--DIMENSION_UNIT"}]}
RESULT: undefined
COMMAND: POST /session/9a1232cba82ddf4e476e9164e77f8ae5/execute/async - {"script":"<script> [776 bytes]","args":[{"enterText":"Meter","selector":{"id":"application-manageresources-display-component---newResourceUnit--DIMENSION_UNIT","interaction":{"idSuffix":"inner"}},"clearTextFirst":true,"interactionType":"ENTER_TEXT"}]}
RESULT: {"script":"<script> [776 bytes]","args":[{"enterText":"Meter","selector":{"id":"application-manageresources-display-component---newResourceUnit--DIMENSION_UNIT","interaction":{"idSuffix":"inner"}},"clearTextFirst":true,"interactionType":"ENTER_TEXT"}]}
COMMAND: POST /session/9a1232cba82ddf4e476e9164e77f8ae5/execute/async - {"script":"<script> [1562 bytes]","args":[{"selector":{"id":"application-manageresources-display-component---newResourceUnit--newRRUPage-anchBar-application-manageresources-display-component---newResourceUnit--control-anchor","interaction":{"idSuffix":"BDI-content"}},"wdio_ui5_key":"applicationmanageresources-display-component---newResourceUnit--newRRUPage-anchBar-application-manageresources-display-component---newResourceUnit--control-anchor"}]}
RESULT: {"script":"<script> [1562 bytes]","args":[{"selector":{"id":"application-manageresources-display-component---newResourceUnit--newRRUPage-anchBar-application-manageresources-display-component---newResourceUnit--control-anchor","interaction":{"idSuffix":"BDI-content"}},"wdio_ui5_key":"applicationmanageresources-display-component---newResourceUnit--newRRUPage-anchBar-application-manageresources-display-component---newResourceUnit--control-anchor"}]}
RESULT: undefined
COMMAND: POST /session/9a1232cba82ddf4e476e9164e77f8ae5/element - {"using":"xpath","value":"//*[@id=\"application-manageresources-display-component---newResourceUnit--newRRUPage-anchBar-application-manageresources-display-component---newResourceUnit--control-anchor\"]"}
RESULT: {"using":"xpath","value":"//*[@id=\"application-manageresources-display-component---newResourceUnit--newRRUPage-anchBar-application-manageresources-display-component---newResourceUnit--control-anchor\"]"}
COMMAND: POST /session/9a1232cba82ddf4e476e9164e77f8ae5/element/f.6A59EF44FD37C6BF5E8460C410EAC6E4.d.99567F559911DFD741D2AAB3D1F42E98.e.15210/click - {}
RESULT: {}
COMMAND: POST /session/9a1232cba82ddf4e476e9164e77f8ae5/execute/async - {"script":"<script> [1562 bytes]","args":[{"selector":{"id":"application-manageresources-display-component---newResourceUnit--PLANNING_GROUP","interaction":{"idSuffix":"inner"}},"wdio_ui5_key":"applicationmanageresources-display-component---newResourceUnit--PLANNING_GROUP"}]}
COMMAND: GET /session/9a1232cba82ddf4e476e9164e77f8ae5/screenshot - {}
RESULT: {"script":"<script> [1562 bytes]","args":[{"selector":{"id":"application-manageresources-display-component---newResourceUnit--PLANNING_GROUP","interaction":{"idSuffix":"inner"}},"wdio_ui5_key":"applicationmanageresources-display-component---newResourceUnit--PLANNING_GROUP"}]}
RESULT: undefined
COMMAND: POST /session/9a1232cba82ddf4e476e9164e77f8ae5/execute/async - {"script":"<script> [776 bytes]","args":[{"enterText":"Heavy Equi","selector":{"id":"application-manageresources-display-component---newResourceUnit--PLANNING_GROUP","interaction":{"idSuffix":"inner"}},"clearTextFirst":true,"interactionType":"ENTER_TEXT"}]}
RESULT: {}
RESULT: {"script":"<script> [776 bytes]","args":[{"enterText":"Heavy Equi","selector":{"id":"application-manageresources-display-component---newResourceUnit--PLANNING_GROUP","interaction":{"idSuffix":"inner"}},"clearTextFirst":true,"interactionType":"ENTER_TEXT"}]}
COMMAND: POST /session/9a1232cba82ddf4e476e9164e77f8ae5/execute/async - {"script":"<script> [1562 bytes]","args":[{"selector":{"id":"application-manageresources-display-component---newResourceUnit--ITEM_TYPE-arrow"},"wdio_ui5_key":"applicationmanageresources-display-component---newResourceUnit--ITEM_TYPE-arrow"}]}
RESULT: {"script":"<script> [1562 bytes]","args":[{"selector":{"id":"application-manageresources-display-component---newResourceUnit--ITEM_TYPE-arrow"},"wdio_ui5_key":"applicationmanageresources-display-component---newResourceUnit--ITEM_TYPE-arrow"}]}
RESULT: undefined
COMMAND: POST /session/9a1232cba82ddf4e476e9164e77f8ae5/element - {"using":"xpath","value":"//*[@id=\"application-manageresources-display-component---newResourceUnit--ITEM_TYPE-arrow\"]"}
RESULT: {"using":"xpath","value":"//*[@id=\"application-manageresources-display-component---newResourceUnit--ITEM_TYPE-arrow\"]"}
COMMAND: POST /session/9a1232cba82ddf4e476e9164e77f8ae5/element/f.6A59EF44FD37C6BF5E8460C410EAC6E4.d.99567F559911DFD741D2AAB3D1F42E98.e.15219/click - {}
RESULT: {}
COMMAND: POST /session/9a1232cba82ddf4e476e9164e77f8ae5/element - {"using":"xpath","value":"//ul[contains(@id,\"ITEM_TYPE-popup-list-listUl\")]//li[.//span[contains(text(),\"Resource Unit\")]]"}
COMMAND: GET /session/9a1232cba82ddf4e476e9164e77f8ae5/screenshot - {}
RESULT: {"using":"xpath","value":"//ul[contains(@id,\"ITEM_TYPE-popup-list-listUl\")]//li[.//span[contains(text(),\"Resource Unit\")]]"}
COMMAND: POST /session/9a1232cba82ddf4e476e9164e77f8ae5/element/f.6A59EF44FD37C6BF5E8460C410EAC6E4.d.99567F559911DFD741D2AAB3D1F42E98.e.15220/click - {}
RESULT: {}
RESULT: {}
COMMAND: GET /session/9a1232cba82ddf4e476e9164e77f8ae5/screenshot - {}
RESULT: {}
COMMAND: POST /session/9a1232cba82ddf4e476e9164e77f8ae5/element - {"using":"css selector","value":"#application-manageresources-display-component---newResourceUnit--btnAddTimeSegment"}
RESULT: {"using":"css selector","value":"#application-manageresources-display-component---newResourceUnit--btnAddTimeSegment"}
COMMAND: GET /session/9a1232cba82ddf4e476e9164e77f8ae5/element/f.6A59EF44FD37C6BF5E8460C410EAC6E4.d.99567F559911DFD741D2AAB3D1F42E98.e.15228/rect - {}
RESULT: {}
COMMAND: GET /session/9a1232cba82ddf4e476e9164e77f8ae5/window/rect - {}
RESULT: {}
COMMAND: POST /session/9a1232cba82ddf4e476e9164e77f8ae5/execute/sync - {"script":"<script> [92 bytes]","args":[]}
RESULT: {"script":"<script> [92 bytes]","args":[]}
COMMAND: POST /session/9a1232cba82ddf4e476e9164e77f8ae5/actions - {"actions":[{"id":"action53","type":"wheel","parameters":{},"actions":[{"type":"scroll","x":-1888,"y":-32,"deltaX":0,"deltaY":0,"duration":0,"origin":{"element-6066-11e4-a52e-4f735466cecf":"f.6A59EF44FD37C6BF5E8460C410EAC6E4.d.99567F559911DFD741D2AAB3D1F42E98.e.15228"}}]}]}
COMMAND: GET /session/9a1232cba82ddf4e476e9164e77f8ae5/screenshot - {}
RESULT: {}
COMMAND: POST /session/9a1232cba82ddf4e476e9164e77f8ae5/execute/sync - {"script":"<script> [79 bytes]","args":[{"element-6066-11e4-a52e-4f735466cecf":"f.6A59EF44FD37C6BF5E8460C410EAC6E4.d.99567F559911DFD741D2AAB3D1F42E98.e.15228","ELEMENT":"f.6A59EF44FD37C6BF5E8460C410EAC6E4.d.99567F559911DFD741D2AAB3D1F42E98.e.15228"},{"block":"start","inline":"nearest"}]}
RESULT: {"script":"<script> [79 bytes]","args":[{"element-6066-11e4-a52e-4f735466cecf":"f.6A59EF44FD37C6BF5E8460C410EAC6E4.d.99567F559911DFD741D2AAB3D1F42E98.e.15228","ELEMENT":"f.6A59EF44FD37C6BF5E8460C410EAC6E4.d.99567F559911DFD741D2AAB3D1F42E98.e.15228"},{"block":"start","inline":"nearest"}]}
COMMAND: POST /session/9a1232cba82ddf4e476e9164e77f8ae5/execute/async - {"script":"<script> [1562 bytes]","args":[{"selector":{"id":"application-manageresources-display-component---newResourceUnit--btnAddTimeSegment","interaction":{"idSuffix":"inner"}},"wdio_ui5_key":"applicationmanageresources-display-component---newResourceUnit--btnAddTimeSegment"}]}
COMMAND: GET /session/9a1232cba82ddf4e476e9164e77f8ae5/screenshot - {}
RESULT: {"script":"<script> [1562 bytes]","args":[{"selector":{"id":"application-manageresources-display-component---newResourceUnit--btnAddTimeSegment","interaction":{"idSuffix":"inner"}},"wdio_ui5_key":"applicationmanageresources-display-component---newResourceUnit--btnAddTimeSegment"}]}
RESULT: undefined
COMMAND: POST /session/9a1232cba82ddf4e476e9164e77f8ae5/element - {"using":"xpath","value":"//*[@id=\"application-manageresources-display-component---newResourceUnit--btnAddTimeSegment\"]"}
RESULT: {}
RESULT: {"using":"xpath","value":"//*[@id=\"application-manageresources-display-component---newResourceUnit--btnAddTimeSegment\"]"}
COMMAND: POST /session/9a1232cba82ddf4e476e9164e77f8ae5/element/f.6A59EF44FD37C6BF5E8460C410EAC6E4.d.99567F559911DFD741D2AAB3D1F42E98.e.15228/click - {}
RESULT: {}
COMMAND: GET /session/9a1232cba82ddf4e476e9164e77f8ae5/screenshot - {}
RESULT: {}
COMMAND: POST /session/9a1232cba82ddf4e476e9164e77f8ae5/element - {"using":"xpath","value":"//input[@id=\"application-manageresources-display-component---newResourceUnit--idRuTSAdmin-application-manageresources-display-component---newResourceUnit--RUTimeSegment-0-inner\"]"}
RESULT: {"using":"xpath","value":"//input[@id=\"application-manageresources-display-component---newResourceUnit--idRuTSAdmin-application-manageresources-display-component---newResourceUnit--RUTimeSegment-0-inner\"]"}
COMMAND: POST /session/9a1232cba82ddf4e476e9164e77f8ae5/element/f.6A59EF44FD37C6BF5E8460C410EAC6E4.d.99567F559911DFD741D2AAB3D1F42E98.e.15234/clear - {}
RESULT: {}
COMMAND: POST /session/9a1232cba82ddf4e476e9164e77f8ae5/element/f.6A59EF44FD37C6BF5E8460C410EAC6E4.d.99567F559911DFD741D2AAB3D1F42E98.e.15234/value - {"text":"660"}
COMMAND: GET /session/9a1232cba82ddf4e476e9164e77f8ae5/screenshot - {}
RESULT: {"text":"660"}
COMMAND: GET /session/9a1232cba82ddf4e476e9164e77f8ae5/screenshot - {}
RESULT: {}
RESULT: {}
COMMAND: POST /session/9a1232cba82ddf4e476e9164e77f8ae5/element - {"using":"xpath","value":"//li[.//span[text()='660']]"}
RESULT: {"using":"xpath","value":"//li[.//span[text()='660']]"}
COMMAND: POST /session/9a1232cba82ddf4e476e9164e77f8ae5/element/f.6A59EF44FD37C6BF5E8460C410EAC6E4.d.99567F559911DFD741D2AAB3D1F42E98.e.15246/click - {}
RESULT: {}
COMMAND: GET /session/9a1232cba82ddf4e476e9164e77f8ae5/screenshot - {}
RESULT: {}
COMMAND: POST /session/9a1232cba82ddf4e476e9164e77f8ae5/element - {"using":"xpath","value":"(//span[contains(@id, \"-application-manageresources-display-component---newResourceUnit--RUTimeSegment-0-arrow\")])[6]"}
RESULT: {"using":"xpath","value":"(//span[contains(@id, \"-application-manageresources-display-component---newResourceUnit--RUTimeSegment-0-arrow\")])[6]"}
COMMAND: POST /session/9a1232cba82ddf4e476e9164e77f8ae5/element/f.6A59EF44FD37C6BF5E8460C410EAC6E4.d.99567F559911DFD741D2AAB3D1F42E98.e.15247/click - {}
RESULT: {}
COMMAND: GET /session/9a1232cba82ddf4e476e9164e77f8ae5/screenshot - {}
RESULT: {}
COMMAND: POST /session/9a1232cba82ddf4e476e9164e77f8ae5/element - {"using":"xpath","value":"//span[contains(text(), \"PM Order\")]"}
RESULT: {"using":"xpath","value":"//span[contains(text(), \"PM Order\")]"}
COMMAND: POST /session/9a1232cba82ddf4e476e9164e77f8ae5/element/f.6A59EF44FD37C6BF5E8460C410EAC6E4.d.99567F559911DFD741D2AAB3D1F42E98.e.15250/click - {}
RESULT: {}
COMMAND: GET /session/9a1232cba82ddf4e476e9164e77f8ae5/screenshot - {}
RESULT: {}
COMMAND: POST /session/9a1232cba82ddf4e476e9164e77f8ae5/element - {"using":"xpath","value":"(//span[contains(@id ,\"manageresources-display-component---newResourceUnit--RUTimeSegment-0-vhi\")])[1]"}
RESULT: {"using":"xpath","value":"(//span[contains(@id ,\"manageresources-display-component---newResourceUnit--RUTimeSegment-0-vhi\")])[1]"}
COMMAND: GET /session/9a1232cba82ddf4e476e9164e77f8ae5/element/f.6A59EF44FD37C6BF5E8460C410EAC6E4.d.99567F559911DFD741D2AAB3D1F42E98.e.15254/rect - {}
RESULT: {}
COMMAND: GET /session/9a1232cba82ddf4e476e9164e77f8ae5/window/rect - {}
RESULT: {}
COMMAND: POST /session/9a1232cba82ddf4e476e9164e77f8ae5/execute/sync - {"script":"<script> [92 bytes]","args":[]}
RESULT: {"script":"<script> [92 bytes]","args":[]}
COMMAND: POST /session/9a1232cba82ddf4e476e9164e77f8ae5/actions - {"actions":[{"id":"action54","type":"wheel","parameters":{},"actions":[{"type":"scroll","x":-869,"y":-24,"deltaX":0,"deltaY":0,"duration":0,"origin":{"element-6066-11e4-a52e-4f735466cecf":"f.6A59EF44FD37C6BF5E8460C410EAC6E4.d.99567F559911DFD741D2AAB3D1F42E98.e.15254"}}]}]}
COMMAND: GET /session/9a1232cba82ddf4e476e9164e77f8ae5/screenshot - {}
RESULT: {"actions":[{"id":"action54","type":"wheel","parameters":{},"actions":[{"type":"scroll","x":-869,"y":-24,"deltaX":0,"deltaY":0,"duration":0,"origin":{"element-6066-11e4-a52e-4f735466cecf":"f.6A59EF44FD37C6BF5E8460C410EAC6E4.d.99567F559911DFD741D2AAB3D1F42E98.e.15254"}}]}]}
COMMAND: DELETE /session/9a1232cba82ddf4e476e9164e77f8ae5/actions - {}
COMMAND: GET /session/9a1232cba82ddf4e476e9164e77f8ae5/screenshot - {}
RESULT: {}
RESULT: {}
COMMAND: GET /session/9a1232cba82ddf4e476e9164e77f8ae5/screenshot - {}
RESULT: {}
RESULT: {}
COMMAND: POST /session/9a1232cba82ddf4e476e9164e77f8ae5/element/f.6A59EF44FD37C6BF5E8460C410EAC6E4.d.99567F559911DFD741D2AAB3D1F42E98.e.15254/click - {}
RESULT: {}
COMMAND: GET /session/9a1232cba82ddf4e476e9164e77f8ae5/screenshot - {}
RESULT: {}
RESULT: undefined
COMMAND: POST /session/9a1232cba82ddf4e476e9164e77f8ae5/execute/async - {"script":"<script> [776 bytes]","args":[{"enterText":"4000360","selector":{"controlType":"sap.m.SearchField","properties":{"placeholder":"Search"},"searchOpenDialogs":true,"interaction":{"idSuffix":"I"}},"clearTextFirst":true,"interactionType":"ENTER_TEXT"}]}
RESULT: {"script":"<script> [776 bytes]","args":[{"enterText":"4000360","selector":{"controlType":"sap.m.SearchField","properties":{"placeholder":"Search"},"searchOpenDialogs":true,"interaction":{"idSuffix":"I"}},"clearTextFirst":true,"interactionType":"ENTER_TEXT"}]}
COMMAND: POST /session/9a1232cba82ddf4e476e9164e77f8ae5/actions - {"actions":[{"id":"action55","type":"key","parameters":{},"actions":[{"type":"keyDown","value":"î€‡"},{"type":"pause","duration":10},{"type":"keyUp","value":"î€‡"}]}]}
RESULT: {"actions":[{"id":"action55","type":"key","parameters":{},"actions":[{"type":"keyDown","value":"î€‡"},{"type":"pause","duration":10},{"type":"keyUp","value":"î€‡"}]}]}
COMMAND: GET /session/9a1232cba82ddf4e476e9164e77f8ae5/screenshot - {}
RESULT: {}
COMMAND: POST /session/9a1232cba82ddf4e476e9164e77f8ae5/element - {"using":"xpath","value":"//td/div/span[contains(text(), \"BGL Vehicles\")]"}
RESULT: {"using":"xpath","value":"//td/div/span[contains(text(), \"BGL Vehicles\")]"}
COMMAND: POST /session/9a1232cba82ddf4e476e9164e77f8ae5/element/f.6A59EF44FD37C6BF5E8460C410EAC6E4.d.99567F559911DFD741D2AAB3D1F42E98.e.15274/click - {}
RESULT: {}
COMMAND: GET /session/9a1232cba82ddf4e476e9164e77f8ae5/screenshot - {}
RESULT: {}
COMMAND: POST /session/9a1232cba82ddf4e476e9164e77f8ae5/element - {"using":"xpath","value":"//bdi[contains(text(), \"OK\")]"}
RESULT: {"using":"xpath","value":"//bdi[contains(text(), \"OK\")]"}
COMMAND: POST /session/9a1232cba82ddf4e476e9164e77f8ae5/element/f.6A59EF44FD37C6BF5E8460C410EAC6E4.d.99567F559911DFD741D2AAB3D1F42E98.e.15275/click - {}
RESULT: {}
COMMAND: GET /session/9a1232cba82ddf4e476e9164e77f8ae5/screenshot - {}
RESULT: {}
COMMAND: POST /session/9a1232cba82ddf4e476e9164e77f8ae5/execute/async - {"script":"<script> [1562 bytes]","args":[{"selector":{"id":"application-manageresources-display-component---newResourceUnit--newRRUPage-anchBar-application-manageresources-display-component---newResourceUnit--resource-anchor","interaction":{"idSuffix":"BDI-content"}},"wdio_ui5_key":"applicationmanageresources-display-component---newResourceUnit--newRRUPage-anchBar-application-manageresources-display-component---newResourceUnit--resource-anchor"}]}
RESULT: {"script":"<script> [1562 bytes]","args":[{"selector":{"id":"application-manageresources-display-component---newResourceUnit--newRRUPage-anchBar-application-manageresources-display-component---newResourceUnit--resource-anchor","interaction":{"idSuffix":"BDI-content"}},"wdio_ui5_key":"applicationmanageresources-display-component---newResourceUnit--newRRUPage-anchBar-application-manageresources-display-component---newResourceUnit--resource-anchor"}]}
RESULT: undefined
COMMAND: POST /session/9a1232cba82ddf4e476e9164e77f8ae5/element - {"using":"xpath","value":"//*[@id=\"application-manageresources-display-component---newResourceUnit--newRRUPage-anchBar-application-manageresources-display-component---newResourceUnit--resource-anchor\"]"}
RESULT: {"using":"xpath","value":"//*[@id=\"application-manageresources-display-component---newResourceUnit--newRRUPage-anchBar-application-manageresources-display-component---newResourceUnit--resource-anchor\"]"}
COMMAND: POST /session/9a1232cba82ddf4e476e9164e77f8ae5/element/f.6A59EF44FD37C6BF5E8460C410EAC6E4.d.99567F559911DFD741D2AAB3D1F42E98.e.15279/click - {}
RESULT: {}
COMMAND: POST /session/9a1232cba82ddf4e476e9164e77f8ae5/execute/async - {"script":"<script> [1562 bytes]","args":[{"selector":{"id":"application-manageresources-display-component---newResourceUnit--PLANNED_DELIVERY_DATE","interaction":{"idSuffix":"inner"}},"wdio_ui5_key":"applicationmanageresources-display-component---newResourceUnit--PLANNED_DELIVERY_DATE"}]}
COMMAND: GET /session/9a1232cba82ddf4e476e9164e77f8ae5/screenshot - {}
RESULT: {"script":"<script> [1562 bytes]","args":[{"selector":{"id":"application-manageresources-display-component---newResourceUnit--PLANNED_DELIVERY_DATE","interaction":{"idSuffix":"inner"}},"wdio_ui5_key":"applicationmanageresources-display-component---newResourceUnit--PLANNED_DELIVERY_DATE"}]}
RESULT: undefined
COMMAND: POST /session/9a1232cba82ddf4e476e9164e77f8ae5/execute/async - {"script":"<script> [6424 bytes]","args":[{"element-6066-11e4-a52e-4f735466cecf":"f.6A59EF44FD37C6BF5E8460C410EAC6E4.d.99567F559911DFD741D2AAB3D1F42E98.e.15108"},"setValue",["6/4/25"]]}
RESULT: {}
RESULT: {"script":"<script> [6424 bytes]","args":[{"element-6066-11e4-a52e-4f735466cecf":"f.6A59EF44FD37C6BF5E8460C410EAC6E4.d.99567F559911DFD741D2AAB3D1F42E98.e.15108"},"setValue",["6/4/25"]]}
COMMAND: POST /session/9a1232cba82ddf4e476e9164e77f8ae5/element - {"using":"xpath","value":"//label[contains(@class, 'sapMLabelRequired') and .//bdi[contains(text(), 'Planned Retirement')]]"}
RESULT: {"using":"xpath","value":"//label[contains(@class, 'sapMLabelRequired') and .//bdi[contains(text(), 'Planned Retirement')]]"}
COMMAND: POST /session/9a1232cba82ddf4e476e9164e77f8ae5/elements - {"using":"xpath","value":"//label[contains(@class, 'sapMLabelRequired') and .//bdi[contains(text(), 'Planned Retirement')]]"}
RESULT: {"using":"xpath","value":"//label[contains(@class, 'sapMLabelRequired') and .//bdi[contains(text(), 'Planned Retirement')]]"}
COMMAND: POST /session/9a1232cba82ddf4e476e9164e77f8ae5/element - {"using":"xpath","value":"//button[@data-kt=\"resourceUnitSaveButton\"]"}
RESULT: {"using":"xpath","value":"//button[@data-kt=\"resourceUnitSaveButton\"]"}
COMMAND: POST /session/9a1232cba82ddf4e476e9164e77f8ae5/element/f.6A59EF44FD37C6BF5E8460C410EAC6E4.d.99567F559911DFD741D2AAB3D1F42E98.e.15068/click - {}
RESULT: {}
COMMAND: GET /session/9a1232cba82ddf4e476e9164e77f8ae5/screenshot - {}
RESULT: {}
COMMAND: POST /session/9a1232cba82ddf4e476e9164e77f8ae5/element - {"using":"xpath","value":"//bdi[contains(text(), \"Close\")]"}
RESULT: {"using":"xpath","value":"//bdi[contains(text(), \"Close\")]"}
COMMAND: POST /session/9a1232cba82ddf4e476e9164e77f8ae5/element/f.6A59EF44FD37C6BF5E8460C410EAC6E4.d.99567F559911DFD741D2AAB3D1F42E98.e.15289/click - {}
RESULT: {}
COMMAND: GET /session/9a1232cba82ddf4e476e9164e77f8ae5/screenshot - {}
RESULT: {}
COMMAND: POST /session/9a1232cba82ddf4e476e9164e77f8ae5/element - {"using":"xpath","value":"(//button[contains(@id ,\"actionsToolbar-overflowButton\")])[1]"}
RESULT: {"using":"xpath","value":"(//button[contains(@id ,\"actionsToolbar-overflowButton\")])[1]"}
COMMAND: POST /session/9a1232cba82ddf4e476e9164e77f8ae5/element/f.6A59EF44FD37C6BF5E8460C410EAC6E4.d.99567F559911DFD741D2AAB3D1F42E98.e.15319/click - {}
RESULT: {}
COMMAND: GET /session/9a1232cba82ddf4e476e9164e77f8ae5/screenshot - {}
RESULT: {}
COMMAND: POST /session/9a1232cba82ddf4e476e9164e77f8ae5/element - {"using":"xpath","value":"//button[@data-kt=\"priceInfoButton\"]"}
RESULT: {"using":"xpath","value":"//button[@data-kt=\"priceInfoButton\"]"}
COMMAND: POST /session/9a1232cba82ddf4e476e9164e77f8ae5/element/f.6A59EF44FD37C6BF5E8460C410EAC6E4.d.99567F559911DFD741D2AAB3D1F42E98.e.15321/click - {}
RESULT: {}
COMMAND: GET /session/9a1232cba82ddf4e476e9164e77f8ae5/screenshot - {}
RESULT: {}
COMMAND: POST /session/9a1232cba82ddf4e476e9164e77f8ae5/element - {"using":"css selector","value":"#shell-header-logo"}
RESULT: {"using":"css selector","value":"#shell-header-logo"}
COMMAND: POST /session/9a1232cba82ddf4e476e9164e77f8ae5/element/f.6A59EF44FD37C6BF5E8460C410EAC6E4.d.99567F559911DFD741D2AAB3D1F42E98.e.14656/click - {}
RESULT: {}
COMMAND: GET /session/9a1232cba82ddf4e476e9164e77f8ae5/screenshot - {}
RESULT: {}
]]></system-out>
    </testcase>
    <testcase classname="chrome.137_0_7151_56.windows.Transfer_Yard_to_Yard_US131076" name="Prereq Should create a new equipment multipart" time="122.364">
      <system-out><![CDATA[
RESULT: undefined
COMMAND: POST /session/9a1232cba82ddf4e476e9164e77f8ae5/element - {"using":"xpath","value":"//*[@id=\"__tile31\"]"}
RESULT: {"using":"xpath","value":"//*[@id=\"__tile31\"]"}
COMMAND: POST /session/9a1232cba82ddf4e476e9164e77f8ae5/element/f.6A59EF44FD37C6BF5E8460C410EAC6E4.d.99567F559911DFD741D2AAB3D1F42E98.e.13818/click - {}
RESULT: {}
COMMAND: GET /session/9a1232cba82ddf4e476e9164e77f8ae5/screenshot - {}
RESULT: {}
COMMAND: POST /session/9a1232cba82ddf4e476e9164e77f8ae5/elements - {"using":"xpath","value":"//span[text()='Error']"}
RESULT: {"using":"xpath","value":"//span[text()='Error']"}
COMMAND: POST /session/9a1232cba82ddf4e476e9164e77f8ae5/element - {"using":"xpath","value":"//button[@data-kt=\"addNewRUOverflowToolbarButton\"]"}
RESULT: {"using":"xpath","value":"//button[@data-kt=\"addNewRUOverflowToolbarButton\"]"}
COMMAND: POST /session/9a1232cba82ddf4e476e9164e77f8ae5/elements - {"using":"xpath","value":"//button[@data-kt=\"addNewRUOverflowToolbarButton\"]"}
RESULT: {"using":"xpath","value":"//button[@data-kt=\"addNewRUOverflowToolbarButton\"]"}
COMMAND: POST /session/9a1232cba82ddf4e476e9164e77f8ae5/execute/sync - {"script":"<script> [8489 bytes]","args":[{"element-6066-11e4-a52e-4f735466cecf":"f.6A59EF44FD37C6BF5E8460C410EAC6E4.d.99567F559911DFD741D2AAB3D1F42E98.e.15398","ELEMENT":"f.6A59EF44FD37C6BF5E8460C410EAC6E4.d.99567F559911DFD741D2AAB3D1F42E98.e.15398"}]}
RESULT: {"script":"<script> [8489 bytes]","args":[{"element-6066-11e4-a52e-4f735466cecf":"f.6A59EF44FD37C6BF5E8460C410EAC6E4.d.99567F559911DFD741D2AAB3D1F42E98.e.15398","ELEMENT":"f.6A59EF44FD37C6BF5E8460C410EAC6E4.d.99567F559911DFD741D2AAB3D1F42E98.e.15398"}]}
COMMAND: GET /session/9a1232cba82ddf4e476e9164e77f8ae5/element/f.6A59EF44FD37C6BF5E8460C410EAC6E4.d.99567F559911DFD741D2AAB3D1F42E98.e.15398/enabled - {}
COMMAND: GET /session/9a1232cba82ddf4e476e9164e77f8ae5/screenshot - {}
RESULT: {}
COMMAND: POST /session/9a1232cba82ddf4e476e9164e77f8ae5/execute/sync - {"script":"<script> [8489 bytes]","args":[{"element-6066-11e4-a52e-4f735466cecf":"f.6A59EF44FD37C6BF5E8460C410EAC6E4.d.99567F559911DFD741D2AAB3D1F42E98.e.15398","ELEMENT":"f.6A59EF44FD37C6BF5E8460C410EAC6E4.d.99567F559911DFD741D2AAB3D1F42E98.e.15398"}]}
COMMAND: GET /session/9a1232cba82ddf4e476e9164e77f8ae5/screenshot - {}
RESULT: {}
RESULT: {"script":"<script> [8489 bytes]","args":[{"element-6066-11e4-a52e-4f735466cecf":"f.6A59EF44FD37C6BF5E8460C410EAC6E4.d.99567F559911DFD741D2AAB3D1F42E98.e.15398","ELEMENT":"f.6A59EF44FD37C6BF5E8460C410EAC6E4.d.99567F559911DFD741D2AAB3D1F42E98.e.15398"}]}
COMMAND: POST /session/9a1232cba82ddf4e476e9164e77f8ae5/execute/sync - {"script":"<script> [5351 bytes]","args":[{"element-6066-11e4-a52e-4f735466cecf":"f.6A59EF44FD37C6BF5E8460C410EAC6E4.d.99567F559911DFD741D2AAB3D1F42E98.e.15398","ELEMENT":"f.6A59EF44FD37C6BF5E8460C410EAC6E4.d.99567F559911DFD741D2AAB3D1F42E98.e.15398"}]}
COMMAND: GET /session/9a1232cba82ddf4e476e9164e77f8ae5/screenshot - {}
RESULT: {}
RESULT: {"script":"<script> [5351 bytes]","args":[{"element-6066-11e4-a52e-4f735466cecf":"f.6A59EF44FD37C6BF5E8460C410EAC6E4.d.99567F559911DFD741D2AAB3D1F42E98.e.15398","ELEMENT":"f.6A59EF44FD37C6BF5E8460C410EAC6E4.d.99567F559911DFD741D2AAB3D1F42E98.e.15398"}]}
COMMAND: POST /session/9a1232cba82ddf4e476e9164e77f8ae5/element/f.6A59EF44FD37C6BF5E8460C410EAC6E4.d.99567F559911DFD741D2AAB3D1F42E98.e.15398/click - {}
COMMAND: GET /session/9a1232cba82ddf4e476e9164e77f8ae5/screenshot - {}
RESULT: {}
RESULT: {}
COMMAND: GET /session/9a1232cba82ddf4e476e9164e77f8ae5/screenshot - {}
RESULT: undefined
COMMAND: POST /session/9a1232cba82ddf4e476e9164e77f8ae5/element - {"using":"xpath","value":"//*[@id=\"application-manageresources-display-component---newResourceUnit--TYPE-arrow\"]"}
RESULT: {}
RESULT: {}
RESULT: {"using":"xpath","value":"//*[@id=\"application-manageresources-display-component---newResourceUnit--TYPE-arrow\"]"}
COMMAND: POST /session/9a1232cba82ddf4e476e9164e77f8ae5/element/f.6A59EF44FD37C6BF5E8460C410EAC6E4.d.99567F559911DFD741D2AAB3D1F42E98.e.15755/click - {}
RESULT: {}
COMMAND: POST /session/9a1232cba82ddf4e476e9164e77f8ae5/element - {"using":"xpath","value":"//input[@id=\"application-manageresources-display-component---newResourceUnit--TYPE-inner\"]"}
COMMAND: GET /session/9a1232cba82ddf4e476e9164e77f8ae5/screenshot - {}
RESULT: {"using":"xpath","value":"//input[@id=\"application-manageresources-display-component---newResourceUnit--TYPE-inner\"]"}
COMMAND: POST /session/9a1232cba82ddf4e476e9164e77f8ae5/element/f.6A59EF44FD37C6BF5E8460C410EAC6E4.d.99567F559911DFD741D2AAB3D1F42E98.e.15740/clear - {}
RESULT: {}
RESULT: {}
COMMAND: POST /session/9a1232cba82ddf4e476e9164e77f8ae5/element/f.6A59EF44FD37C6BF5E8460C410EAC6E4.d.99567F559911DFD741D2AAB3D1F42E98.e.15740/value - {"text":"Equi Multipart"}
COMMAND: GET /session/9a1232cba82ddf4e476e9164e77f8ae5/screenshot - {}
RESULT: {"text":"Equi Multipart"}
COMMAND: GET /session/9a1232cba82ddf4e476e9164e77f8ae5/screenshot - {}
RESULT: {}
RESULT: {}
COMMAND: POST /session/9a1232cba82ddf4e476e9164e77f8ae5/actions - {"actions":[{"id":"action56","type":"key","parameters":{},"actions":[{"type":"keyDown","value":"î€‡"},{"type":"pause","duration":10},{"type":"keyUp","value":"î€‡"}]}]}
RESULT: {"actions":[{"id":"action56","type":"key","parameters":{},"actions":[{"type":"keyDown","value":"î€‡"},{"type":"pause","duration":10},{"type":"keyUp","value":"î€‡"}]}]}
RESULT: undefined
COMMAND: POST /session/9a1232cba82ddf4e476e9164e77f8ae5/execute/async - {"script":"<script> [776 bytes]","args":[{"enterText":"Equipment Multipart WDIO","selector":{"id":"application-manageresources-display-component---newResourceUnit--SHORT_TEXT","interaction":{"idSuffix":"inner"}},"clearTextFirst":true,"interactionType":"ENTER_TEXT"}]}
COMMAND: GET /session/9a1232cba82ddf4e476e9164e77f8ae5/screenshot - {}
RESULT: {"script":"<script> [776 bytes]","args":[{"enterText":"Equipment Multipart WDIO","selector":{"id":"application-manageresources-display-component---newResourceUnit--SHORT_TEXT","interaction":{"idSuffix":"inner"}},"clearTextFirst":true,"interactionType":"ENTER_TEXT"}]}
RESULT: undefined
COMMAND: POST /session/9a1232cba82ddf4e476e9164e77f8ae5/execute/async - {"script":"<script> [776 bytes]","args":[{"enterText":"Piece","selector":{"id":"application-manageresources-display-component---newResourceUnit--BASE_UNIT_OF_MEASURE","interaction":{"idSuffix":"inner"}},"clearTextFirst":true,"interactionType":"ENTER_TEXT"}]}
RESULT: {}
RESULT: {"script":"<script> [776 bytes]","args":[{"enterText":"Piece","selector":{"id":"application-manageresources-display-component---newResourceUnit--BASE_UNIT_OF_MEASURE","interaction":{"idSuffix":"inner"}},"clearTextFirst":true,"interactionType":"ENTER_TEXT"}]}
RESULT: undefined
COMMAND: POST /session/9a1232cba82ddf4e476e9164e77f8ae5/execute/async - {"script":"<script> [776 bytes]","args":[{"enterText":"Gram","selector":{"id":"application-manageresources-display-component---newResourceUnit--WEIGHT_UNIT","interaction":{"idSuffix":"inner"}},"clearTextFirst":true,"interactionType":"ENTER_TEXT"}]}
RESULT: {"script":"<script> [776 bytes]","args":[{"enterText":"Gram","selector":{"id":"application-manageresources-display-component---newResourceUnit--WEIGHT_UNIT","interaction":{"idSuffix":"inner"}},"clearTextFirst":true,"interactionType":"ENTER_TEXT"}]}
RESULT: undefined
COMMAND: POST /session/9a1232cba82ddf4e476e9164e77f8ae5/execute/async - {"script":"<script> [776 bytes]","args":[{"enterText":"Meter","selector":{"id":"application-manageresources-display-component---newResourceUnit--DIMENSION_UNIT","interaction":{"idSuffix":"inner"}},"clearTextFirst":true,"interactionType":"ENTER_TEXT"}]}
RESULT: {"script":"<script> [776 bytes]","args":[{"enterText":"Meter","selector":{"id":"application-manageresources-display-component---newResourceUnit--DIMENSION_UNIT","interaction":{"idSuffix":"inner"}},"clearTextFirst":true,"interactionType":"ENTER_TEXT"}]}
RESULT: undefined
COMMAND: POST /session/9a1232cba82ddf4e476e9164e77f8ae5/element - {"using":"xpath","value":"//*[@id=\"application-manageresources-display-component---newResourceUnit--newRRUPage-anchBar-application-manageresources-display-component---newResourceUnit--control-anchor\"]"}
RESULT: {"using":"xpath","value":"//*[@id=\"application-manageresources-display-component---newResourceUnit--newRRUPage-anchBar-application-manageresources-display-component---newResourceUnit--control-anchor\"]"}
COMMAND: POST /session/9a1232cba82ddf4e476e9164e77f8ae5/element/f.6A59EF44FD37C6BF5E8460C410EAC6E4.d.99567F559911DFD741D2AAB3D1F42E98.e.15887/click - {}
RESULT: {}
RESULT: undefined
COMMAND: POST /session/9a1232cba82ddf4e476e9164e77f8ae5/execute/async - {"script":"<script> [776 bytes]","args":[{"enterText":"Heavy Equi","selector":{"id":"application-manageresources-display-component---newResourceUnit--PLANNING_GROUP","interaction":{"idSuffix":"inner"}},"clearTextFirst":true,"interactionType":"ENTER_TEXT"}]}
COMMAND: GET /session/9a1232cba82ddf4e476e9164e77f8ae5/screenshot - {}
RESULT: {"script":"<script> [776 bytes]","args":[{"enterText":"Heavy Equi","selector":{"id":"application-manageresources-display-component---newResourceUnit--PLANNING_GROUP","interaction":{"idSuffix":"inner"}},"clearTextFirst":true,"interactionType":"ENTER_TEXT"}]}
RESULT: {}
COMMAND: POST /session/9a1232cba82ddf4e476e9164e77f8ae5/execute/async - {"script":"<script> [1562 bytes]","args":[{"selector":{"id":"application-manageresources-display-component---newResourceUnit--PLANNING_INDICATOR","interaction":{"idSuffix":"inner"}},"wdio_ui5_key":"applicationmanageresources-display-component---newResourceUnit--PLANNING_INDICATOR"}]}
RESULT: {"script":"<script> [1562 bytes]","args":[{"selector":{"id":"application-manageresources-display-component---newResourceUnit--PLANNING_INDICATOR","interaction":{"idSuffix":"inner"}},"wdio_ui5_key":"applicationmanageresources-display-component---newResourceUnit--PLANNING_INDICATOR"}]}
RESULT: undefined
COMMAND: POST /session/9a1232cba82ddf4e476e9164e77f8ae5/execute/async - {"script":"<script> [776 bytes]","args":[{"enterText":"10 - infinite","selector":{"id":"application-manageresources-display-component---newResourceUnit--PLANNING_INDICATOR","interaction":{"idSuffix":"inner"}},"clearTextFirst":true,"interactionType":"ENTER_TEXT"}]}
RESULT: {"script":"<script> [776 bytes]","args":[{"enterText":"10 - infinite","selector":{"id":"application-manageresources-display-component---newResourceUnit--PLANNING_INDICATOR","interaction":{"idSuffix":"inner"}},"clearTextFirst":true,"interactionType":"ENTER_TEXT"}]}
RESULT: undefined
COMMAND: POST /session/9a1232cba82ddf4e476e9164e77f8ae5/element - {"using":"xpath","value":"//*[@id=\"application-manageresources-display-component---newResourceUnit--ITEM_TYPE-arrow\"]"}
RESULT: {"using":"xpath","value":"//*[@id=\"application-manageresources-display-component---newResourceUnit--ITEM_TYPE-arrow\"]"}
COMMAND: POST /session/9a1232cba82ddf4e476e9164e77f8ae5/element/f.6A59EF44FD37C6BF5E8460C410EAC6E4.d.99567F559911DFD741D2AAB3D1F42E98.e.15894/click - {}
RESULT: {}
COMMAND: GET /session/9a1232cba82ddf4e476e9164e77f8ae5/screenshot - {}
RESULT: {}
COMMAND: POST /session/9a1232cba82ddf4e476e9164e77f8ae5/execute/async - {"script":"<script> [1562 bytes]","args":[{"selector":{"controlType":"sap.m.StandardListItem","viewName":"reusables.view.manageresources.NewResourceUnit","viewId":"application-manageresources-display-component---newResourceUnit","properties":{"title":"Pool Equipment"},"searchOpenDialogs":true,"interaction":{"idSuffix":"content"}},"wdio_ui5_key":"reusablesview.manageresources.NewResourceUnitsap.m.StandardListItem{\"title\":\"Pool Equipment\"}"}]}
RESULT: {"script":"<script> [1562 bytes]","args":[{"selector":{"controlType":"sap.m.StandardListItem","viewName":"reusables.view.manageresources.NewResourceUnit","viewId":"application-manageresources-display-component---newResourceUnit","properties":{"title":"Pool Equipment"},"searchOpenDialogs":true,"interaction":{"idSuffix":"content"}},"wdio_ui5_key":"reusablesview.manageresources.NewResourceUnitsap.m.StandardListItem{\"title\":\"Pool Equipment\"}"}]}
RESULT: undefined
COMMAND: POST /session/9a1232cba82ddf4e476e9164e77f8ae5/element - {"using":"xpath","value":"//*[@id=\"__item1700\"]"}
RESULT: {"using":"xpath","value":"//*[@id=\"__item1700\"]"}
COMMAND: POST /session/9a1232cba82ddf4e476e9164e77f8ae5/element/f.6A59EF44FD37C6BF5E8460C410EAC6E4.d.99567F559911DFD741D2AAB3D1F42E98.e.15896/click - {}
RESULT: {}
COMMAND: GET /session/9a1232cba82ddf4e476e9164e77f8ae5/screenshot - {}
RESULT: {}
COMMAND: POST /session/9a1232cba82ddf4e476e9164e77f8ae5/element - {"using":"css selector","value":"#application-manageresources-display-component---newResourceUnit--btnAddTimeSegment"}
RESULT: {"using":"css selector","value":"#application-manageresources-display-component---newResourceUnit--btnAddTimeSegment"}
COMMAND: GET /session/9a1232cba82ddf4e476e9164e77f8ae5/element/f.6A59EF44FD37C6BF5E8460C410EAC6E4.d.99567F559911DFD741D2AAB3D1F42E98.e.15958/rect - {}
RESULT: {}
COMMAND: GET /session/9a1232cba82ddf4e476e9164e77f8ae5/window/rect - {}
RESULT: {}
COMMAND: POST /session/9a1232cba82ddf4e476e9164e77f8ae5/execute/sync - {"script":"<script> [92 bytes]","args":[]}
RESULT: {"script":"<script> [92 bytes]","args":[]}
COMMAND: POST /session/9a1232cba82ddf4e476e9164e77f8ae5/actions - {"actions":[{"id":"action57","type":"wheel","parameters":{},"actions":[{"type":"scroll","x":-1888,"y":-32,"deltaX":0,"deltaY":0,"duration":0,"origin":{"element-6066-11e4-a52e-4f735466cecf":"f.6A59EF44FD37C6BF5E8460C410EAC6E4.d.99567F559911DFD741D2AAB3D1F42E98.e.15958"}}]}]}
COMMAND: GET /session/9a1232cba82ddf4e476e9164e77f8ae5/screenshot - {}
RESULT: {}
COMMAND: POST /session/9a1232cba82ddf4e476e9164e77f8ae5/execute/sync - {"script":"<script> [79 bytes]","args":[{"element-6066-11e4-a52e-4f735466cecf":"f.6A59EF44FD37C6BF5E8460C410EAC6E4.d.99567F559911DFD741D2AAB3D1F42E98.e.15958","ELEMENT":"f.6A59EF44FD37C6BF5E8460C410EAC6E4.d.99567F559911DFD741D2AAB3D1F42E98.e.15958"},{"block":"start","inline":"nearest"}]}
RESULT: {"script":"<script> [79 bytes]","args":[{"element-6066-11e4-a52e-4f735466cecf":"f.6A59EF44FD37C6BF5E8460C410EAC6E4.d.99567F559911DFD741D2AAB3D1F42E98.e.15958","ELEMENT":"f.6A59EF44FD37C6BF5E8460C410EAC6E4.d.99567F559911DFD741D2AAB3D1F42E98.e.15958"},{"block":"start","inline":"nearest"}]}
RESULT: undefined
COMMAND: POST /session/9a1232cba82ddf4e476e9164e77f8ae5/element - {"using":"xpath","value":"//*[@id=\"application-manageresources-display-component---newResourceUnit--btnAddTimeSegment\"]"}
COMMAND: GET /session/9a1232cba82ddf4e476e9164e77f8ae5/screenshot - {}
RESULT: {"using":"xpath","value":"//*[@id=\"application-manageresources-display-component---newResourceUnit--btnAddTimeSegment\"]"}
COMMAND: POST /session/9a1232cba82ddf4e476e9164e77f8ae5/element/f.6A59EF44FD37C6BF5E8460C410EAC6E4.d.99567F559911DFD741D2AAB3D1F42E98.e.15958/click - {}
RESULT: {}
RESULT: {}
COMMAND: GET /session/9a1232cba82ddf4e476e9164e77f8ae5/screenshot - {}
RESULT: {}
COMMAND: POST /session/9a1232cba82ddf4e476e9164e77f8ae5/element - {"using":"xpath","value":"//input[@id=\"application-manageresources-display-component---newResourceUnit--idRuTSAdmin-application-manageresources-display-component---newResourceUnit--RUTimeSegment-0-inner\"]"}
RESULT: {"using":"xpath","value":"//input[@id=\"application-manageresources-display-component---newResourceUnit--idRuTSAdmin-application-manageresources-display-component---newResourceUnit--RUTimeSegment-0-inner\"]"}
COMMAND: POST /session/9a1232cba82ddf4e476e9164e77f8ae5/element/f.6A59EF44FD37C6BF5E8460C410EAC6E4.d.99567F559911DFD741D2AAB3D1F42E98.e.15963/clear - {}
RESULT: {}
COMMAND: POST /session/9a1232cba82ddf4e476e9164e77f8ae5/element/f.6A59EF44FD37C6BF5E8460C410EAC6E4.d.99567F559911DFD741D2AAB3D1F42E98.e.15963/value - {"text":"660"}
COMMAND: GET /session/9a1232cba82ddf4e476e9164e77f8ae5/screenshot - {}
RESULT: {"text":"660"}
COMMAND: GET /session/9a1232cba82ddf4e476e9164e77f8ae5/screenshot - {}
RESULT: {}
RESULT: {}
COMMAND: POST /session/9a1232cba82ddf4e476e9164e77f8ae5/element - {"using":"xpath","value":"//li[.//span[text()='660']]"}
RESULT: {"using":"xpath","value":"//li[.//span[text()='660']]"}
COMMAND: POST /session/9a1232cba82ddf4e476e9164e77f8ae5/element/f.6A59EF44FD37C6BF5E8460C410EAC6E4.d.99567F559911DFD741D2AAB3D1F42E98.e.15976/click - {}
RESULT: {}
COMMAND: GET /session/9a1232cba82ddf4e476e9164e77f8ae5/screenshot - {}
RESULT: {}
COMMAND: POST /session/9a1232cba82ddf4e476e9164e77f8ae5/element - {"using":"xpath","value":"(//span[contains(@id, \"-application-manageresources-display-component---newResourceUnit--RUTimeSegment-0-arrow\")])[5]"}
RESULT: {"using":"xpath","value":"(//span[contains(@id, \"-application-manageresources-display-component---newResourceUnit--RUTimeSegment-0-arrow\")])[5]"}
COMMAND: POST /session/9a1232cba82ddf4e476e9164e77f8ae5/element/f.6A59EF44FD37C6BF5E8460C410EAC6E4.d.99567F559911DFD741D2AAB3D1F42E98.e.15977/click - {}
RESULT: {}
COMMAND: GET /session/9a1232cba82ddf4e476e9164e77f8ae5/screenshot - {}
RESULT: {}
COMMAND: POST /session/9a1232cba82ddf4e476e9164e77f8ae5/element - {"using":"xpath","value":"//span[contains(text(), \"PM Order\")]"}
RESULT: {"using":"xpath","value":"//span[contains(text(), \"PM Order\")]"}
COMMAND: POST /session/9a1232cba82ddf4e476e9164e77f8ae5/element/f.6A59EF44FD37C6BF5E8460C410EAC6E4.d.99567F559911DFD741D2AAB3D1F42E98.e.15978/click - {}
RESULT: {}
COMMAND: GET /session/9a1232cba82ddf4e476e9164e77f8ae5/screenshot - {}
RESULT: {}
COMMAND: POST /session/9a1232cba82ddf4e476e9164e77f8ae5/element - {"using":"xpath","value":"(//span[contains(@id ,\"manageresources-display-component---newResourceUnit--RUTimeSegment-0-vhi\")])[1]"}
RESULT: {"using":"xpath","value":"(//span[contains(@id ,\"manageresources-display-component---newResourceUnit--RUTimeSegment-0-vhi\")])[1]"}
COMMAND: GET /session/9a1232cba82ddf4e476e9164e77f8ae5/element/f.6A59EF44FD37C6BF5E8460C410EAC6E4.d.99567F559911DFD741D2AAB3D1F42E98.e.15982/rect - {}
RESULT: {}
COMMAND: GET /session/9a1232cba82ddf4e476e9164e77f8ae5/window/rect - {}
RESULT: {}
COMMAND: POST /session/9a1232cba82ddf4e476e9164e77f8ae5/execute/sync - {"script":"<script> [92 bytes]","args":[]}
RESULT: {"script":"<script> [92 bytes]","args":[]}
COMMAND: POST /session/9a1232cba82ddf4e476e9164e77f8ae5/actions - {"actions":[{"id":"action58","type":"wheel","parameters":{},"actions":[{"type":"scroll","x":-1888,"y":-24,"deltaX":0,"deltaY":0,"duration":0,"origin":{"element-6066-11e4-a52e-4f735466cecf":"f.6A59EF44FD37C6BF5E8460C410EAC6E4.d.99567F559911DFD741D2AAB3D1F42E98.e.15982"}}]}]}
COMMAND: GET /session/9a1232cba82ddf4e476e9164e77f8ae5/screenshot - {}
RESULT: {}
COMMAND: POST /session/9a1232cba82ddf4e476e9164e77f8ae5/execute/sync - {"script":"<script> [79 bytes]","args":[{"element-6066-11e4-a52e-4f735466cecf":"f.6A59EF44FD37C6BF5E8460C410EAC6E4.d.99567F559911DFD741D2AAB3D1F42E98.e.15982","ELEMENT":"f.6A59EF44FD37C6BF5E8460C410EAC6E4.d.99567F559911DFD741D2AAB3D1F42E98.e.15982"},{"block":"start","inline":"nearest"}]}
RESULT: {"script":"<script> [79 bytes]","args":[{"element-6066-11e4-a52e-4f735466cecf":"f.6A59EF44FD37C6BF5E8460C410EAC6E4.d.99567F559911DFD741D2AAB3D1F42E98.e.15982","ELEMENT":"f.6A59EF44FD37C6BF5E8460C410EAC6E4.d.99567F559911DFD741D2AAB3D1F42E98.e.15982"},{"block":"start","inline":"nearest"}]}
COMMAND: GET /session/9a1232cba82ddf4e476e9164e77f8ae5/screenshot - {}
RESULT: {}
COMMAND: POST /session/9a1232cba82ddf4e476e9164e77f8ae5/element/f.6A59EF44FD37C6BF5E8460C410EAC6E4.d.99567F559911DFD741D2AAB3D1F42E98.e.15982/click - {}
RESULT: {}
COMMAND: GET /session/9a1232cba82ddf4e476e9164e77f8ae5/screenshot - {}
RESULT: {}
RESULT: undefined
COMMAND: POST /session/9a1232cba82ddf4e476e9164e77f8ae5/execute/async - {"script":"<script> [776 bytes]","args":[{"enterText":"4000360","selector":{"controlType":"sap.m.SearchField","properties":{"placeholder":"Search"},"searchOpenDialogs":true,"interaction":{"idSuffix":"I"}},"clearTextFirst":true,"interactionType":"ENTER_TEXT"}]}
RESULT: {"script":"<script> [776 bytes]","args":[{"enterText":"4000360","selector":{"controlType":"sap.m.SearchField","properties":{"placeholder":"Search"},"searchOpenDialogs":true,"interaction":{"idSuffix":"I"}},"clearTextFirst":true,"interactionType":"ENTER_TEXT"}]}
COMMAND: POST /session/9a1232cba82ddf4e476e9164e77f8ae5/actions - {"actions":[{"id":"action59","type":"key","parameters":{},"actions":[{"type":"keyDown","value":"î€‡"},{"type":"pause","duration":10},{"type":"keyUp","value":"î€‡"}]}]}
RESULT: {"actions":[{"id":"action59","type":"key","parameters":{},"actions":[{"type":"keyDown","value":"î€‡"},{"type":"pause","duration":10},{"type":"keyUp","value":"î€‡"}]}]}
COMMAND: GET /session/9a1232cba82ddf4e476e9164e77f8ae5/screenshot - {}
RESULT: {}
COMMAND: POST /session/9a1232cba82ddf4e476e9164e77f8ae5/element - {"using":"xpath","value":"//td/div/span[contains(text(), \"BGL Vehicles\")]"}
RESULT: {"using":"xpath","value":"//td/div/span[contains(text(), \"BGL Vehicles\")]"}
COMMAND: POST /session/9a1232cba82ddf4e476e9164e77f8ae5/element/f.6A59EF44FD37C6BF5E8460C410EAC6E4.d.99567F559911DFD741D2AAB3D1F42E98.e.16002/click - {}
RESULT: {}
COMMAND: GET /session/9a1232cba82ddf4e476e9164e77f8ae5/screenshot - {}
RESULT: {}
COMMAND: POST /session/9a1232cba82ddf4e476e9164e77f8ae5/element - {"using":"xpath","value":"//bdi[contains(text(), \"OK\")]"}
RESULT: {"using":"xpath","value":"//bdi[contains(text(), \"OK\")]"}
COMMAND: POST /session/9a1232cba82ddf4e476e9164e77f8ae5/element/f.6A59EF44FD37C6BF5E8460C410EAC6E4.d.99567F559911DFD741D2AAB3D1F42E98.e.16003/click - {}
RESULT: {}
COMMAND: GET /session/9a1232cba82ddf4e476e9164e77f8ae5/screenshot - {}
RESULT: {}
COMMAND: POST /session/9a1232cba82ddf4e476e9164e77f8ae5/element - {"using":"xpath","value":"//label[contains(@class, 'sapMLabelRequired') and .//bdi[contains(text(), 'Planned Retirement')]]"}
RESULT: {"using":"xpath","value":"//label[contains(@class, 'sapMLabelRequired') and .//bdi[contains(text(), 'Planned Retirement')]]"}
COMMAND: POST /session/9a1232cba82ddf4e476e9164e77f8ae5/elements - {"using":"xpath","value":"//label[contains(@class, 'sapMLabelRequired') and .//bdi[contains(text(), 'Planned Retirement')]]"}
RESULT: {"using":"xpath","value":"//label[contains(@class, 'sapMLabelRequired') and .//bdi[contains(text(), 'Planned Retirement')]]"}
COMMAND: POST /session/9a1232cba82ddf4e476e9164e77f8ae5/element - {"using":"xpath","value":"//button[@data-kt=\"resourceUnitSaveButton\"]"}
RESULT: {"using":"xpath","value":"//button[@data-kt=\"resourceUnitSaveButton\"]"}
COMMAND: POST /session/9a1232cba82ddf4e476e9164e77f8ae5/element/f.6A59EF44FD37C6BF5E8460C410EAC6E4.d.99567F559911DFD741D2AAB3D1F42E98.e.15775/click - {}
RESULT: {}
COMMAND: GET /session/9a1232cba82ddf4e476e9164e77f8ae5/screenshot - {}
RESULT: {}
COMMAND: POST /session/9a1232cba82ddf4e476e9164e77f8ae5/element - {"using":"xpath","value":"//bdi[contains(text(), \"Close\")]"}
RESULT: {"using":"xpath","value":"//bdi[contains(text(), \"Close\")]"}
COMMAND: POST /session/9a1232cba82ddf4e476e9164e77f8ae5/element/f.6A59EF44FD37C6BF5E8460C410EAC6E4.d.99567F559911DFD741D2AAB3D1F42E98.e.16009/click - {}
RESULT: {}
COMMAND: GET /session/9a1232cba82ddf4e476e9164e77f8ae5/screenshot - {}
RESULT: {}
COMMAND: POST /session/9a1232cba82ddf4e476e9164e77f8ae5/element - {"using":"xpath","value":"//header[contains(@id, 'detailRruPage-headerTitle')]/div[1]/div[2]/div[2]/span[1]"}
RESULT: {"using":"xpath","value":"//header[contains(@id, 'detailRruPage-headerTitle')]/div[1]/div[2]/div[2]/span[1]"}
COMMAND: POST /session/9a1232cba82ddf4e476e9164e77f8ae5/elements - {"using":"xpath","value":"//header[contains(@id, 'detailRruPage-headerTitle')]/div[1]/div[2]/div[2]/span[1]"}
RESULT: {"using":"xpath","value":"//header[contains(@id, 'detailRruPage-headerTitle')]/div[1]/div[2]/div[2]/span[1]"}
COMMAND: POST /session/9a1232cba82ddf4e476e9164e77f8ae5/execute/sync - {"script":"<script> [56 bytes]","args":[{"element-6066-11e4-a52e-4f735466cecf":"f.6A59EF44FD37C6BF5E8460C410EAC6E4.d.99567F559911DFD741D2AAB3D1F42E98.e.16034","ELEMENT":"f.6A59EF44FD37C6BF5E8460C410EAC6E4.d.99567F559911DFD741D2AAB3D1F42E98.e.16034"}]}
RESULT: {"script":"<script> [56 bytes]","args":[{"element-6066-11e4-a52e-4f735466cecf":"f.6A59EF44FD37C6BF5E8460C410EAC6E4.d.99567F559911DFD741D2AAB3D1F42E98.e.16034","ELEMENT":"f.6A59EF44FD37C6BF5E8460C410EAC6E4.d.99567F559911DFD741D2AAB3D1F42E98.e.16034"}]}
COMMAND: POST /session/9a1232cba82ddf4e476e9164e77f8ae5/element - {"using":"css selector","value":"#shell-header-logo"}
COMMAND: GET /session/9a1232cba82ddf4e476e9164e77f8ae5/screenshot - {}
RESULT: {"using":"css selector","value":"#shell-header-logo"}
COMMAND: POST /session/9a1232cba82ddf4e476e9164e77f8ae5/element/f.6A59EF44FD37C6BF5E8460C410EAC6E4.d.99567F559911DFD741D2AAB3D1F42E98.e.15360/click - {}
RESULT: {}
RESULT: {}
COMMAND: GET /session/9a1232cba82ddf4e476e9164e77f8ae5/screenshot - {}
RESULT: {}
]]></system-out>
    </testcase>
  </testsuite>
</testsuites>