<?xml version="1.0" encoding="UTF-8"?>
<testsuites tests="18" failures="1" errors="1" skipped="0">
  <testsuite timestamp="2025-04-26T15:15:58" time="46.376" tests="2" failures="0" errors="0" skipped="0">
    <properties>
      <property name="specId" value="0" />
      <property name="suiteName" value="Assign the user test user id to an address" />
      <property name="capabilities" value="chrome.135_0_7049_96.windows" />
      <property name="file" value="file:///D:/a/1/s/test/specs/R2C/assign-user-id-to-an-address.spec.js" />
    </properties>
    <testcase classname="chrome.135_0_7049_96.windows.Assign_the_user_test_user_id_to_an_address" name="Should search for test1ETM create only if not present" time="8.209">
      <system-out><![CDATA[
COMMAND: POST /session/e7ea40813c72c691ec6b0d6c49a20f29/execute/async - {"script":"<script> [1562 bytes]","args":[{"selector":{"id":"application-addressmanagement-display-component---masterAdm--smartFilterBar-filterItemControl_BASIC-NAME-vhi"},"wdio_ui5_key":"applicationaddressmanagement-display-component---masterAdm--smartFilterBar-filterItemControl_BASIC-NAME-vhi"}]}
RESULT: {"script":"<script> [1562 bytes]","args":[{"selector":{"id":"application-addressmanagement-display-component---masterAdm--smartFilterBar-filterItemControl_BASIC-NAME-vhi"},"wdio_ui5_key":"applicationaddressmanagement-display-component---masterAdm--smartFilterBar-filterItemControl_BASIC-NAME-vhi"}]}
RESULT: undefined
COMMAND: POST /session/e7ea40813c72c691ec6b0d6c49a20f29/element - {"using":"xpath","value":"//*[@id=\"application-addressmanagement-display-component---masterAdm--smartFilterBar-filterItemControl_BASIC-NAME-vhi\"]"}
RESULT: {"using":"xpath","value":"//*[@id=\"application-addressmanagement-display-component---masterAdm--smartFilterBar-filterItemControl_BASIC-NAME-vhi\"]"}
COMMAND: POST /session/e7ea40813c72c691ec6b0d6c49a20f29/element/f.EA024E5748EAFE5A0CAA481A9B11DD22.d.568CD5B8F90BAC8384D4399197C4A6DE.e.293/click - {}
RESULT: {}
COMMAND: POST /session/e7ea40813c72c691ec6b0d6c49a20f29/execute/async - {"script":"<script> [1562 bytes]","args":[{"selector":{"controlType":"sap.m.Input","viewName":"etm.portal.ui.addressmanagement.view.Master","viewId":"application-addressmanagement-display-component---masterAdm","properties":{"valueState":"None"},"searchOpenDialogs":true,"interaction":{"idSuffix":"inner"}},"wdio_ui5_key":"etmportal.ui.addressmanagement.view.Mastersap.m.Input{\"valueState\":\"None\"}"}]}
COMMAND: GET /session/e7ea40813c72c691ec6b0d6c49a20f29/screenshot - {}
RESULT: {"script":"<script> [1562 bytes]","args":[{"selector":{"controlType":"sap.m.Input","viewName":"etm.portal.ui.addressmanagement.view.Master","viewId":"application-addressmanagement-display-component---masterAdm","properties":{"valueState":"None"},"searchOpenDialogs":true,"interaction":{"idSuffix":"inner"}},"wdio_ui5_key":"etmportal.ui.addressmanagement.view.Mastersap.m.Input{\"valueState\":\"None\"}"}]}
RESULT: undefined
COMMAND: POST /session/e7ea40813c72c691ec6b0d6c49a20f29/execute/async - {"script":"<script> [776 bytes]","args":[{"enterText":"Test1ETM","selector":{"controlType":"sap.m.Input","viewName":"etm.portal.ui.addressmanagement.view.Master","viewId":"application-addressmanagement-display-component---masterAdm","properties":{"valueState":"None"},"searchOpenDialogs":true,"interaction":{"idSuffix":"inner"}},"clearTextFirst":true,"interactionType":"ENTER_TEXT"}]}
RESULT: {}
RESULT: {"script":"<script> [776 bytes]","args":[{"enterText":"Test1ETM","selector":{"controlType":"sap.m.Input","viewName":"etm.portal.ui.addressmanagement.view.Master","viewId":"application-addressmanagement-display-component---masterAdm","properties":{"valueState":"None"},"searchOpenDialogs":true,"interaction":{"idSuffix":"inner"}},"clearTextFirst":true,"interactionType":"ENTER_TEXT"}]}
COMMAND: POST /session/e7ea40813c72c691ec6b0d6c49a20f29/actions - {"actions":[{"id":"action1","type":"key","parameters":{},"actions":[{"type":"keyDown","value":"î€‡"},{"type":"pause","duration":10},{"type":"keyUp","value":"î€‡"}]}]}
RESULT: {"actions":[{"id":"action1","type":"key","parameters":{},"actions":[{"type":"keyDown","value":"î€‡"},{"type":"pause","duration":10},{"type":"keyUp","value":"î€‡"}]}]}
COMMAND: POST /session/e7ea40813c72c691ec6b0d6c49a20f29/execute/async - {"script":"<script> [1562 bytes]","args":[{"selector":{"id":"application-addressmanagement-display-component---masterAdm--smartFilterBar-filterItemControl_BASIC-NAME-valueHelpDialog-ok","searchOpenDialogs":true,"interaction":{"idSuffix":"BDI-content"}},"wdio_ui5_key":"applicationaddressmanagement-display-component---masterAdm--smartFilterBar-filterItemControl_BASIC-NAME-valueHelpDialog-ok"}]}
COMMAND: GET /session/e7ea40813c72c691ec6b0d6c49a20f29/screenshot - {}
RESULT: {"script":"<script> [1562 bytes]","args":[{"selector":{"id":"application-addressmanagement-display-component---masterAdm--smartFilterBar-filterItemControl_BASIC-NAME-valueHelpDialog-ok","searchOpenDialogs":true,"interaction":{"idSuffix":"BDI-content"}},"wdio_ui5_key":"applicationaddressmanagement-display-component---masterAdm--smartFilterBar-filterItemControl_BASIC-NAME-valueHelpDialog-ok"}]}
RESULT: undefined
COMMAND: POST /session/e7ea40813c72c691ec6b0d6c49a20f29/element - {"using":"xpath","value":"//*[@id=\"application-addressmanagement-display-component---masterAdm--smartFilterBar-filterItemControl_BASIC-NAME-valueHelpDialog-ok\"]"}
RESULT: {}
RESULT: {"using":"xpath","value":"//*[@id=\"application-addressmanagement-display-component---masterAdm--smartFilterBar-filterItemControl_BASIC-NAME-valueHelpDialog-ok\"]"}
COMMAND: POST /session/e7ea40813c72c691ec6b0d6c49a20f29/element/f.EA024E5748EAFE5A0CAA481A9B11DD22.d.568CD5B8F90BAC8384D4399197C4A6DE.e.302/click - {}
RESULT: {}
COMMAND: GET /session/e7ea40813c72c691ec6b0d6c49a20f29/screenshot - {}
RESULT: {}
COMMAND: POST /session/e7ea40813c72c691ec6b0d6c49a20f29/element - {"using":"xpath","value":"(//span[text()=\"Active\"])[1]"}
RESULT: {"using":"xpath","value":"(//span[text()=\"Active\"])[1]"}
COMMAND: POST /session/e7ea40813c72c691ec6b0d6c49a20f29/elements - {"using":"xpath","value":"(//span[text()=\"Active\"])[1]"}
RESULT: {"using":"xpath","value":"(//span[text()=\"Active\"])[1]"}
COMMAND: POST /session/e7ea40813c72c691ec6b0d6c49a20f29/execute/sync - {"script":"<script> [8489 bytes]","args":[{"element-6066-11e4-a52e-4f735466cecf":"f.EA024E5748EAFE5A0CAA481A9B11DD22.d.568CD5B8F90BAC8384D4399197C4A6DE.e.316","ELEMENT":"f.EA024E5748EAFE5A0CAA481A9B11DD22.d.568CD5B8F90BAC8384D4399197C4A6DE.e.316"}]}
RESULT: {"script":"<script> [8489 bytes]","args":[{"element-6066-11e4-a52e-4f735466cecf":"f.EA024E5748EAFE5A0CAA481A9B11DD22.d.568CD5B8F90BAC8384D4399197C4A6DE.e.316","ELEMENT":"f.EA024E5748EAFE5A0CAA481A9B11DD22.d.568CD5B8F90BAC8384D4399197C4A6DE.e.316"}]}
COMMAND: POST /session/e7ea40813c72c691ec6b0d6c49a20f29/execute/sync - {"script":"<script> [5351 bytes]","args":[{"element-6066-11e4-a52e-4f735466cecf":"f.EA024E5748EAFE5A0CAA481A9B11DD22.d.568CD5B8F90BAC8384D4399197C4A6DE.e.316","ELEMENT":"f.EA024E5748EAFE5A0CAA481A9B11DD22.d.568CD5B8F90BAC8384D4399197C4A6DE.e.316"}]}
COMMAND: GET /session/e7ea40813c72c691ec6b0d6c49a20f29/screenshot - {}
RESULT: {"script":"<script> [5351 bytes]","args":[{"element-6066-11e4-a52e-4f735466cecf":"f.EA024E5748EAFE5A0CAA481A9B11DD22.d.568CD5B8F90BAC8384D4399197C4A6DE.e.316","ELEMENT":"f.EA024E5748EAFE5A0CAA481A9B11DD22.d.568CD5B8F90BAC8384D4399197C4A6DE.e.316"}]}
COMMAND: POST /session/e7ea40813c72c691ec6b0d6c49a20f29/element/f.EA024E5748EAFE5A0CAA481A9B11DD22.d.568CD5B8F90BAC8384D4399197C4A6DE.e.316/click - {}
COMMAND: GET /session/e7ea40813c72c691ec6b0d6c49a20f29/screenshot - {}
RESULT: {}
RESULT: {}
COMMAND: POST /session/e7ea40813c72c691ec6b0d6c49a20f29/element - {"using":"xpath","value":"//span[@id=\"application-addressmanagement-display-component---detailAdm--addressDetailDetailsName1\"]"}
COMMAND: GET /session/e7ea40813c72c691ec6b0d6c49a20f29/screenshot - {}
RESULT: {}
RESULT: {"using":"xpath","value":"//span[@id=\"application-addressmanagement-display-component---detailAdm--addressDetailDetailsName1\"]"}
COMMAND: POST /session/e7ea40813c72c691ec6b0d6c49a20f29/execute/sync - {"script":"<script> [8489 bytes]","args":[{"element-6066-11e4-a52e-4f735466cecf":"f.EA024E5748EAFE5A0CAA481A9B11DD22.d.568CD5B8F90BAC8384D4399197C4A6DE.e.389","ELEMENT":"f.EA024E5748EAFE5A0CAA481A9B11DD22.d.568CD5B8F90BAC8384D4399197C4A6DE.e.389"}]}
RESULT: {}
RESULT: {"script":"<script> [8489 bytes]","args":[{"element-6066-11e4-a52e-4f735466cecf":"f.EA024E5748EAFE5A0CAA481A9B11DD22.d.568CD5B8F90BAC8384D4399197C4A6DE.e.389","ELEMENT":"f.EA024E5748EAFE5A0CAA481A9B11DD22.d.568CD5B8F90BAC8384D4399197C4A6DE.e.389"}]}
]]></system-out>
    </testcase>
    <testcase classname="chrome.135_0_7049_96.windows.Assign_the_user_test_user_id_to_an_address" name="Should edit the title of the created found address" time="10.331">
      <system-out><![CDATA[
COMMAND: GET /session/e7ea40813c72c691ec6b0d6c49a20f29/screenshot - {}
COMMAND: POST /session/e7ea40813c72c691ec6b0d6c49a20f29/execute/async - {"script":"<script> [1562 bytes]","args":[{"selector":{"controlType":"sap.m.Button","viewName":"etm.portal.ui.addressmanagement.view.Detail","viewId":"application-addressmanagement-display-component---detailAdm","i18NText":{"propertyName":"text","key":"edit"}},"wdio_ui5_key":"etmportal.ui.addressmanagement.view.Detailsap.m.Button{\"propertyName\":\"text\",\"key\":\"edit\"}"}]}
RESULT: {"script":"<script> [1562 bytes]","args":[{"selector":{"controlType":"sap.m.Button","viewName":"etm.portal.ui.addressmanagement.view.Detail","viewId":"application-addressmanagement-display-component---detailAdm","i18NText":{"propertyName":"text","key":"edit"}},"wdio_ui5_key":"etmportal.ui.addressmanagement.view.Detailsap.m.Button{\"propertyName\":\"text\",\"key\":\"edit\"}"}]}
RESULT: undefined
COMMAND: POST /session/e7ea40813c72c691ec6b0d6c49a20f29/element - {"using":"xpath","value":"//*[@id=\"__button16\"]"}
RESULT: {}
RESULT: {"using":"xpath","value":"//*[@id=\"__button16\"]"}
COMMAND: POST /session/e7ea40813c72c691ec6b0d6c49a20f29/element/f.EA024E5748EAFE5A0CAA481A9B11DD22.d.568CD5B8F90BAC8384D4399197C4A6DE.e.395/click - {}
RESULT: {}
COMMAND: POST /session/e7ea40813c72c691ec6b0d6c49a20f29/execute/async - {"script":"<script> [1562 bytes]","args":[{"selector":{"controlType":"sap.ui.core.Icon","viewName":"etm.portal.ui.addressmanagement.view.EditDetail","properties":{"src":{"regex":{"source":"slim\\-arrow\\-down"}}},"ancestor":{"id":"addressTitle","viewName":"etm.portal.ui.addressmanagement.view.EditDetail"}},"wdio_ui5_key":"etmportal.ui.addressmanagement.view.EditDetailsap.ui.core.Icon{\"src\":{\"regex\":{\"source\":\"slim\\\\-arrow\\\\-down\"}}}{\"id\":\"addressTitle\",\"viewName\":\"etm.portal.ui.addressmanagement.view.EditDetail\"}"}]}
COMMAND: GET /session/e7ea40813c72c691ec6b0d6c49a20f29/screenshot - {}
RESULT: {"script":"<script> [1562 bytes]","args":[{"selector":{"controlType":"sap.ui.core.Icon","viewName":"etm.portal.ui.addressmanagement.view.EditDetail","properties":{"src":{"regex":{"source":"slim\\-arrow\\-down"}}},"ancestor":{"id":"addressTitle","viewName":"etm.portal.ui.addressmanagement.view.EditDetail"}},"wdio_ui5_key":"etmportal.ui.addressmanagement.view.EditDetailsap.ui.core.Icon{\"src\":{\"regex\":{\"source\":\"slim\\\\-arrow\\\\-down\"}}}{\"id\":\"addressTitle\",\"viewName\":\"etm.portal.ui.addressmanagement.view.EditDetail\"}"}]}
RESULT: undefined
COMMAND: POST /session/e7ea40813c72c691ec6b0d6c49a20f29/element - {"using":"xpath","value":"//*[@id=\"__xmlview58--addressTitle-arrow\"]"}
RESULT: {}
RESULT: {"using":"xpath","value":"//*[@id=\"__xmlview58--addressTitle-arrow\"]"}
COMMAND: POST /session/e7ea40813c72c691ec6b0d6c49a20f29/element/f.EA024E5748EAFE5A0CAA481A9B11DD22.d.568CD5B8F90BAC8384D4399197C4A6DE.e.430/click - {}
RESULT: {}
COMMAND: POST /session/e7ea40813c72c691ec6b0d6c49a20f29/execute/async - {"script":"<script> [1562 bytes]","args":[{"selector":{"controlType":"sap.m.StandardListItem","viewName":"etm.portal.ui.addressmanagement.view.EditDetail","properties":{"title":"Dr."},"searchOpenDialogs":true},"wdio_ui5_key":"etmportal.ui.addressmanagement.view.EditDetailsap.m.StandardListItem{\"title\":\"Dr.\"}"}]}
COMMAND: GET /session/e7ea40813c72c691ec6b0d6c49a20f29/screenshot - {}
RESULT: {"script":"<script> [1562 bytes]","args":[{"selector":{"controlType":"sap.m.StandardListItem","viewName":"etm.portal.ui.addressmanagement.view.EditDetail","properties":{"title":"Dr."},"searchOpenDialogs":true},"wdio_ui5_key":"etmportal.ui.addressmanagement.view.EditDetailsap.m.StandardListItem{\"title\":\"Dr.\"}"}]}
RESULT: undefined
COMMAND: POST /session/e7ea40813c72c691ec6b0d6c49a20f29/element - {"using":"xpath","value":"//*[@id=\"__item225\"]"}
RESULT: {}
RESULT: {"using":"xpath","value":"//*[@id=\"__item225\"]"}
COMMAND: POST /session/e7ea40813c72c691ec6b0d6c49a20f29/element/f.EA024E5748EAFE5A0CAA481A9B11DD22.d.568CD5B8F90BAC8384D4399197C4A6DE.e.432/click - {}
RESULT: {}
COMMAND: POST /session/e7ea40813c72c691ec6b0d6c49a20f29/execute/async - {"script":"<script> [1562 bytes]","args":[{"selector":{"controlType":"sap.m.Button","viewName":"etm.portal.ui.addressmanagement.view.EditDetail","i18NText":{"propertyName":"text","key":"save"}},"wdio_ui5_key":"etmportal.ui.addressmanagement.view.EditDetailsap.m.Button{\"propertyName\":\"text\",\"key\":\"save\"}"}]}
COMMAND: GET /session/e7ea40813c72c691ec6b0d6c49a20f29/screenshot - {}
RESULT: {"script":"<script> [1562 bytes]","args":[{"selector":{"controlType":"sap.m.Button","viewName":"etm.portal.ui.addressmanagement.view.EditDetail","i18NText":{"propertyName":"text","key":"save"}},"wdio_ui5_key":"etmportal.ui.addressmanagement.view.EditDetailsap.m.Button{\"propertyName\":\"text\",\"key\":\"save\"}"}]}
RESULT: undefined
COMMAND: POST /session/e7ea40813c72c691ec6b0d6c49a20f29/element - {"using":"xpath","value":"//*[@id=\"__button39\"]"}
RESULT: {}
RESULT: {"using":"xpath","value":"//*[@id=\"__button39\"]"}
COMMAND: POST /session/e7ea40813c72c691ec6b0d6c49a20f29/element/f.EA024E5748EAFE5A0CAA481A9B11DD22.d.568CD5B8F90BAC8384D4399197C4A6DE.e.433/click - {}
RESULT: {}
COMMAND: GET /session/e7ea40813c72c691ec6b0d6c49a20f29/screenshot - {}
RESULT: {}
COMMAND: POST /session/e7ea40813c72c691ec6b0d6c49a20f29/element - {"using":"xpath","value":"//span[@id=\"application-addressmanagement-display-component---detailAdm--addressTitle\"]"}
RESULT: {"using":"xpath","value":"//span[@id=\"application-addressmanagement-display-component---detailAdm--addressTitle\"]"}
COMMAND: GET /session/e7ea40813c72c691ec6b0d6c49a20f29/element/f.EA024E5748EAFE5A0CAA481A9B11DD22.d.568CD5B8F90BAC8384D4399197C4A6DE.e.438/text - {}
RESULT: {}
COMMAND: POST /session/e7ea40813c72c691ec6b0d6c49a20f29/element - {"using":"xpath","value":"//span[@id=\"application-addressmanagement-display-component---detailAdm--addressDetailDetailsName1\"]"}
RESULT: {"using":"xpath","value":"//span[@id=\"application-addressmanagement-display-component---detailAdm--addressDetailDetailsName1\"]"}
COMMAND: GET /session/e7ea40813c72c691ec6b0d6c49a20f29/element/f.EA024E5748EAFE5A0CAA481A9B11DD22.d.568CD5B8F90BAC8384D4399197C4A6DE.e.389/text - {}
RESULT: {}
COMMAND: POST /session/e7ea40813c72c691ec6b0d6c49a20f29/refresh - {}
RESULT: {}
COMMAND: GET /session/e7ea40813c72c691ec6b0d6c49a20f29/screenshot - {}
RESULT: {}
COMMAND: POST /session/e7ea40813c72c691ec6b0d6c49a20f29/refresh - {}
RESULT: {}
COMMAND: GET /session/e7ea40813c72c691ec6b0d6c49a20f29/screenshot - {}
RESULT: {}
COMMAND: POST /session/e7ea40813c72c691ec6b0d6c49a20f29/window/fullscreen - {}
RESULT: undefined
RESULT: {}
COMMAND: POST /session/e7ea40813c72c691ec6b0d6c49a20f29/execute/async - {"script":"<script> [189 bytes]","args":[]}
RESULT: {"script":"<script> [189 bytes]","args":[]}
COMMAND: POST /session/e7ea40813c72c691ec6b0d6c49a20f29/execute/async - {"script":"<script> [123 bytes]","args":[]}
RESULT: {"script":"<script> [123 bytes]","args":[]}
COMMAND: POST /session/e7ea40813c72c691ec6b0d6c49a20f29/timeouts - {"script":"<number>"}
RESULT: {"script":"<number>"}
COMMAND: GET /session/e7ea40813c72c691ec6b0d6c49a20f29/timeouts - {}
RESULT: {}
RESULT: undefined
COMMAND: POST /session/e7ea40813c72c691ec6b0d6c49a20f29/execute/async - {"script":"<script> [2676 bytes]","args":[]}
RESULT: {"script":"<script> [2676 bytes]","args":[]}
COMMAND: POST /session/e7ea40813c72c691ec6b0d6c49a20f29/execute/async - {"script":"<script> [2342 bytes]","args":[{"protocol":"http","hostname":"0.0.0.0","path":"/","capabilities":{"browserName":"chrome","goog:chromeOptions":{"binary":"C:\\Program Files\\Google\\Chrome\\Application\\chrome.exe","args":["--start-maximized"]}},"logLevel":"warn","connectionRetryTimeout":120000,"connectionRetryCount":3,"logLevels":{},"enableDirectConnect":true,"strictSSL":true,"_":"65 more keys: [\"cacheDir\",\"port\",\"requestedCapabilities\",\"automationProtocol\",\"baseUrl\",\"waitforInterval\",\"waitforTimeout\",\"onReload\",\"beforeCommand\",\"afterCommand\",\"rootDir\",\"specs\",\"suites\",\"exclude\",\"groupLogsByTestSpec\",\"excludeDriverLogs\",\"bail\",\"framework\",\"reporters\",\"services\",\"maxInstances\",\"maxInstancesPerCapability\",\"injectGlobals\",\"filesToWatch\",\"execArgv\",\"runnerEnv\",\"runner\",\"shard\",\"specFileRetries\",\"specFileRetriesDelay\",\"specFileRetriesDeferred\",\"reporterSyncInterval\",\"reporterSyncTimeout\",\"cucumberFeaturesWithLineNumbers\",\"autoCompileOpts\",\"mochaOpts\",\"jasmineOpts\",\"cucumberOpts\",\"onPrepare\",\"onWorkerStart\",\"onWorkerEnd\",\"before\",\"beforeSession\",\"beforeSuite\",\"beforeHook\",\"beforeTest\",\"afterTest\",\"afterHook\",\"afterSuite\",\"afterSession\",\"after\",\"onComplete\",\"beforeAssertion\",\"afterAssertion\",\"beforeFeature\",\"beforeScenario\",\"beforeStep\",\"afterStep\",\"afterScenario\",\"afterFeature\",\"_\",\"suite\",\"$0\",\"ignoredWorkerServices\",\"wdi5\"]"}]}
RESULT: {"script":"<script> [2342 bytes]","args":[{"protocol":"http","hostname":"0.0.0.0","path":"/","capabilities":{"browserName":"chrome","goog:chromeOptions":{"binary":"C:\\Program Files\\Google\\Chrome\\Application\\chrome.exe","args":["--start-maximized"]}},"logLevel":"warn","connectionRetryTimeout":120000,"connectionRetryCount":3,"logLevels":{},"enableDirectConnect":true,"strictSSL":true,"_":"65 more keys: [\"cacheDir\",\"port\",\"requestedCapabilities\",\"automationProtocol\",\"baseUrl\",\"waitforInterval\",\"waitforTimeout\",\"onReload\",\"beforeCommand\",\"afterCommand\",\"rootDir\",\"specs\",\"suites\",\"exclude\",\"groupLogsByTestSpec\",\"excludeDriverLogs\",\"bail\",\"framework\",\"reporters\",\"services\",\"maxInstances\",\"maxInstancesPerCapability\",\"injectGlobals\",\"filesToWatch\",\"execArgv\",\"runnerEnv\",\"runner\",\"shard\",\"specFileRetries\",\"specFileRetriesDelay\",\"specFileRetriesDeferred\",\"reporterSyncInterval\",\"reporterSyncTimeout\",\"cucumberFeaturesWithLineNumbers\",\"autoCompileOpts\",\"mochaOpts\",\"jasmineOpts\",\"cucumberOpts\",\"onPrepare\",\"onWorkerStart\",\"onWorkerEnd\",\"before\",\"beforeSession\",\"beforeSuite\",\"beforeHook\",\"beforeTest\",\"afterTest\",\"afterHook\",\"afterSuite\",\"afterSession\",\"after\",\"onComplete\",\"beforeAssertion\",\"afterAssertion\",\"beforeFeature\",\"beforeScenario\",\"beforeStep\",\"afterStep\",\"afterScenario\",\"afterFeature\",\"_\",\"suite\",\"$0\",\"ignoredWorkerServices\",\"wdi5\"]"}]}
COMMAND: POST /session/e7ea40813c72c691ec6b0d6c49a20f29/execute/async - {"script":"<script> [21126 bytes]","args":[35000]}
RESULT: {"script":"<script> [21126 bytes]","args":[35000]}
COMMAND: POST /session/e7ea40813c72c691ec6b0d6c49a20f29/element - {"using":"css selector","value":"#shell-header-logo"}
RESULT: {"using":"css selector","value":"#shell-header-logo"}
COMMAND: POST /session/e7ea40813c72c691ec6b0d6c49a20f29/element/f.EA024E5748EAFE5A0CAA481A9B11DD22.d.F6DC7EBA26F88EE1D27D64B24EA6C6B3.e.453/click - {}
RESULT: {}
COMMAND: GET /session/e7ea40813c72c691ec6b0d6c49a20f29/screenshot - {}
RESULT: {}
COMMAND: POST /session/e7ea40813c72c691ec6b0d6c49a20f29/execute/async - {"script":"<script> [1562 bytes]","args":[{"selector":{"controlType":"sap.m.GenericTile","properties":{"header":"Manage Yards"}},"wdio_ui5_key":"sapm.GenericTile{\"header\":\"Manage Yards\"}"}]}
RESULT: {"script":"<script> [1562 bytes]","args":[{"selector":{"controlType":"sap.m.GenericTile","properties":{"header":"Manage Yards"}},"wdio_ui5_key":"sapm.GenericTile{\"header\":\"Manage Yards\"}"}]}
RESULT: undefined
COMMAND: POST /session/e7ea40813c72c691ec6b0d6c49a20f29/element - {"using":"xpath","value":"//*[@id=\"__tile52\"]"}
RESULT: {"using":"xpath","value":"//*[@id=\"__tile52\"]"}
COMMAND: POST /session/e7ea40813c72c691ec6b0d6c49a20f29/element/f.EA024E5748EAFE5A0CAA481A9B11DD22.d.F6DC7EBA26F88EE1D27D64B24EA6C6B3.e.928/click - {}
RESULT: {}
]]></system-out>
    </testcase>
  </testsuite>
  <testsuite timestamp="2025-04-26T15:16:44" time="238.131" tests="2" failures="0" errors="0" skipped="0">
    <properties>
      <property name="specId" value="0" />
      <property name="suiteName" value="Create 2 Yards US112496" />
      <property name="capabilities" value="chrome.135_0_7049_96.windows" />
      <property name="file" value="file:///D:/a/1/s/test/specs/R2C/create-yard.spec.js" />
    </properties>
    <testcase classname="chrome.135_0_7049_96.windows.Create_2_Yards_US112496" name="Should create a new simple yard" time="112.695">
      <system-out><![CDATA[
COMMAND: GET /session/e7ea40813c72c691ec6b0d6c49a20f29/screenshot - {}
RESULT: {}
COMMAND: POST /session/e7ea40813c72c691ec6b0d6c49a20f29/execute/async - {"script":"<script> [1562 bytes]","args":[{"selector":{"controlType":"sap.ui.core.Icon","viewName":"etm.portal.ui.manageyards.view.Master","viewId":"application-manageyards-display-component---masterYard","properties":{"src":{"regex":{"source":"add"}}}},"wdio_ui5_key":"etmportal.ui.manageyards.view.Mastersap.ui.core.Icon{\"src\":{\"regex\":{\"source\":\"add\"}}}"}]}
RESULT: {"script":"<script> [1562 bytes]","args":[{"selector":{"controlType":"sap.ui.core.Icon","viewName":"etm.portal.ui.manageyards.view.Master","viewId":"application-manageyards-display-component---masterYard","properties":{"src":{"regex":{"source":"add"}}}},"wdio_ui5_key":"etmportal.ui.manageyards.view.Mastersap.ui.core.Icon{\"src\":{\"regex\":{\"source\":\"add\"}}}"}]}
RESULT: undefined
COMMAND: POST /session/e7ea40813c72c691ec6b0d6c49a20f29/element - {"using":"xpath","value":"//*[@id=\"__button25-img\"]"}
RESULT: {"using":"xpath","value":"//*[@id=\"__button25-img\"]"}
COMMAND: POST /session/e7ea40813c72c691ec6b0d6c49a20f29/element/f.EA024E5748EAFE5A0CAA481A9B11DD22.d.F6DC7EBA26F88EE1D27D64B24EA6C6B3.e.1074/click - {}
RESULT: {}
COMMAND: GET /session/e7ea40813c72c691ec6b0d6c49a20f29/screenshot - {}
RESULT: {}
COMMAND: POST /session/e7ea40813c72c691ec6b0d6c49a20f29/execute/async - {"script":"<script> [1562 bytes]","args":[{"selector":{"id":"application-manageyards-display-component---NewYard--yardId","interaction":{"idSuffix":"inner"}},"wdio_ui5_key":"applicationmanageyards-display-component---NewYard--yardId"}]}
RESULT: {"script":"<script> [1562 bytes]","args":[{"selector":{"id":"application-manageyards-display-component---NewYard--yardId","interaction":{"idSuffix":"inner"}},"wdio_ui5_key":"applicationmanageyards-display-component---NewYard--yardId"}]}
RESULT: undefined
COMMAND: POST /session/e7ea40813c72c691ec6b0d6c49a20f29/element - {"using":"xpath","value":"//*[@id=\"application-manageyards-display-component---NewYard--addressDetailDetailsName1-inner\"]"}
RESULT: {"using":"xpath","value":"//*[@id=\"application-manageyards-display-component---NewYard--addressDetailDetailsName1-inner\"]"}
COMMAND: POST /session/e7ea40813c72c691ec6b0d6c49a20f29/element/f.EA024E5748EAFE5A0CAA481A9B11DD22.d.F6DC7EBA26F88EE1D27D64B24EA6C6B3.e.1198/clear - {}
RESULT: {}
COMMAND: POST /session/e7ea40813c72c691ec6b0d6c49a20f29/element/f.EA024E5748EAFE5A0CAA481A9B11DD22.d.F6DC7EBA26F88EE1D27D64B24EA6C6B3.e.1198/value - {"text":"Webdriver Yard zn3d8"}
COMMAND: GET /session/e7ea40813c72c691ec6b0d6c49a20f29/screenshot - {}
RESULT: {"text":"Webdriver Yard zn3d8"}
COMMAND: POST /session/e7ea40813c72c691ec6b0d6c49a20f29/element - {"using":"xpath","value":"//*[@id=\"application-manageyards-display-component---NewYard--addressDetailDetailsLanguage-inner\"]"}
COMMAND: GET /session/e7ea40813c72c691ec6b0d6c49a20f29/screenshot - {}
RESULT: {}
RESULT: {"using":"xpath","value":"//*[@id=\"application-manageyards-display-component---NewYard--addressDetailDetailsLanguage-inner\"]"}
COMMAND: POST /session/e7ea40813c72c691ec6b0d6c49a20f29/element/f.EA024E5748EAFE5A0CAA481A9B11DD22.d.F6DC7EBA26F88EE1D27D64B24EA6C6B3.e.1199/clear - {}
RESULT: {}
RESULT: {}
COMMAND: POST /session/e7ea40813c72c691ec6b0d6c49a20f29/element/f.EA024E5748EAFE5A0CAA481A9B11DD22.d.F6DC7EBA26F88EE1D27D64B24EA6C6B3.e.1199/value - {"text":"Romanian"}
COMMAND: GET /session/e7ea40813c72c691ec6b0d6c49a20f29/screenshot - {}
RESULT: {"text":"Romanian"}
COMMAND: GET /session/e7ea40813c72c691ec6b0d6c49a20f29/screenshot - {}
RESULT: {}
RESULT: {}
COMMAND: POST /session/e7ea40813c72c691ec6b0d6c49a20f29/element - {"using":"xpath","value":"//*[@id=\"application-manageyards-display-component---NewYard--addressDetailDetailsCity1-inner\"]"}
RESULT: {"using":"xpath","value":"//*[@id=\"application-manageyards-display-component---NewYard--addressDetailDetailsCity1-inner\"]"}
COMMAND: POST /session/e7ea40813c72c691ec6b0d6c49a20f29/element/f.EA024E5748EAFE5A0CAA481A9B11DD22.d.F6DC7EBA26F88EE1D27D64B24EA6C6B3.e.1201/clear - {}
RESULT: {}
COMMAND: POST /session/e7ea40813c72c691ec6b0d6c49a20f29/element/f.EA024E5748EAFE5A0CAA481A9B11DD22.d.F6DC7EBA26F88EE1D27D64B24EA6C6B3.e.1201/value - {"text":"Bucuresti"}
COMMAND: GET /session/e7ea40813c72c691ec6b0d6c49a20f29/screenshot - {}
RESULT: {"text":"Bucuresti"}
COMMAND: GET /session/e7ea40813c72c691ec6b0d6c49a20f29/screenshot - {}
RESULT: {}
RESULT: {}
COMMAND: POST /session/e7ea40813c72c691ec6b0d6c49a20f29/element - {"using":"xpath","value":"//*[@id=\"application-manageyards-display-component---NewYard--addressDetailDetailsCountry-inner\"]"}
RESULT: {"using":"xpath","value":"//*[@id=\"application-manageyards-display-component---NewYard--addressDetailDetailsCountry-inner\"]"}
COMMAND: POST /session/e7ea40813c72c691ec6b0d6c49a20f29/element/f.EA024E5748EAFE5A0CAA481A9B11DD22.d.F6DC7EBA26F88EE1D27D64B24EA6C6B3.e.1205/clear - {}
RESULT: {}
COMMAND: POST /session/e7ea40813c72c691ec6b0d6c49a20f29/element/f.EA024E5748EAFE5A0CAA481A9B11DD22.d.F6DC7EBA26F88EE1D27D64B24EA6C6B3.e.1205/value - {"text":"Romania"}
COMMAND: GET /session/e7ea40813c72c691ec6b0d6c49a20f29/screenshot - {}
RESULT: {"text":"Romania"}
COMMAND: GET /session/e7ea40813c72c691ec6b0d6c49a20f29/screenshot - {}
RESULT: {}
RESULT: {}
COMMAND: POST /session/e7ea40813c72c691ec6b0d6c49a20f29/element - {"using":"xpath","value":"//div[contains(text(), \"Commercial\")]"}
RESULT: {"using":"xpath","value":"//div[contains(text(), \"Commercial\")]"}
COMMAND: GET /session/e7ea40813c72c691ec6b0d6c49a20f29/element/f.EA024E5748EAFE5A0CAA481A9B11DD22.d.F6DC7EBA26F88EE1D27D64B24EA6C6B3.e.1399/rect - {}
RESULT: {}
COMMAND: GET /session/e7ea40813c72c691ec6b0d6c49a20f29/window/rect - {}
RESULT: {}
COMMAND: POST /session/e7ea40813c72c691ec6b0d6c49a20f29/execute/sync - {"script":"<script> [92 bytes]","args":[]}
RESULT: {"script":"<script> [92 bytes]","args":[]}
COMMAND: POST /session/e7ea40813c72c691ec6b0d6c49a20f29/actions - {"actions":[{"id":"action2","type":"wheel","parameters":{},"actions":[{"type":"scroll","x":-1825,"y":-44,"deltaX":0,"deltaY":0,"duration":0,"origin":{"element-6066-11e4-a52e-4f735466cecf":"f.EA024E5748EAFE5A0CAA481A9B11DD22.d.F6DC7EBA26F88EE1D27D64B24EA6C6B3.e.1399"}}]}]}
COMMAND: GET /session/e7ea40813c72c691ec6b0d6c49a20f29/screenshot - {}
RESULT: {}
COMMAND: POST /session/e7ea40813c72c691ec6b0d6c49a20f29/execute/sync - {"script":"<script> [79 bytes]","args":[{"element-6066-11e4-a52e-4f735466cecf":"f.EA024E5748EAFE5A0CAA481A9B11DD22.d.F6DC7EBA26F88EE1D27D64B24EA6C6B3.e.1399","ELEMENT":"f.EA024E5748EAFE5A0CAA481A9B11DD22.d.F6DC7EBA26F88EE1D27D64B24EA6C6B3.e.1399"},{"block":"start","inline":"nearest"}]}
RESULT: {"script":"<script> [79 bytes]","args":[{"element-6066-11e4-a52e-4f735466cecf":"f.EA024E5748EAFE5A0CAA481A9B11DD22.d.F6DC7EBA26F88EE1D27D64B24EA6C6B3.e.1399","ELEMENT":"f.EA024E5748EAFE5A0CAA481A9B11DD22.d.F6DC7EBA26F88EE1D27D64B24EA6C6B3.e.1399"},{"block":"start","inline":"nearest"}]}
COMMAND: GET /session/e7ea40813c72c691ec6b0d6c49a20f29/screenshot - {}
RESULT: {}
COMMAND: POST /session/e7ea40813c72c691ec6b0d6c49a20f29/element - {"using":"xpath","value":"//input[@id='application-manageyards-display-component---NewYard--addressEditDetailsCostObjectCstType-inner']"}
RESULT: {"using":"xpath","value":"//input[@id='application-manageyards-display-component---NewYard--addressEditDetailsCostObjectCstType-inner']"}
COMMAND: POST /session/e7ea40813c72c691ec6b0d6c49a20f29/execute/sync - {"script":"<script> [8489 bytes]","args":[{"element-6066-11e4-a52e-4f735466cecf":"f.EA024E5748EAFE5A0CAA481A9B11DD22.d.F6DC7EBA26F88EE1D27D64B24EA6C6B3.e.1211","ELEMENT":"f.EA024E5748EAFE5A0CAA481A9B11DD22.d.F6DC7EBA26F88EE1D27D64B24EA6C6B3.e.1211"}]}
RESULT: {"script":"<script> [8489 bytes]","args":[{"element-6066-11e4-a52e-4f735466cecf":"f.EA024E5748EAFE5A0CAA481A9B11DD22.d.F6DC7EBA26F88EE1D27D64B24EA6C6B3.e.1211","ELEMENT":"f.EA024E5748EAFE5A0CAA481A9B11DD22.d.F6DC7EBA26F88EE1D27D64B24EA6C6B3.e.1211"}]}
COMMAND: POST /session/e7ea40813c72c691ec6b0d6c49a20f29/element/f.EA024E5748EAFE5A0CAA481A9B11DD22.d.F6DC7EBA26F88EE1D27D64B24EA6C6B3.e.1211/clear - {}
COMMAND: GET /session/e7ea40813c72c691ec6b0d6c49a20f29/screenshot - {}
RESULT: {}
COMMAND: POST /session/e7ea40813c72c691ec6b0d6c49a20f29/element/f.EA024E5748EAFE5A0CAA481A9B11DD22.d.F6DC7EBA26F88EE1D27D64B24EA6C6B3.e.1211/value - {"text":"Cost"}
COMMAND: GET /session/e7ea40813c72c691ec6b0d6c49a20f29/screenshot - {}
RESULT: {}
RESULT: {"text":"Cost"}
COMMAND: GET /session/e7ea40813c72c691ec6b0d6c49a20f29/screenshot - {}
RESULT: {}
RESULT: {}
COMMAND: POST /session/e7ea40813c72c691ec6b0d6c49a20f29/execute/async - {"script":"<script> [1562 bytes]","args":[{"selector":{"id":"application-manageyards-display-component---NewYard--addressNewCostObjectCstID","interaction":{"idSuffix":"inner"}},"wdio_ui5_key":"applicationmanageyards-display-component---NewYard--addressNewCostObjectCstID"}]}
RESULT: {"script":"<script> [1562 bytes]","args":[{"selector":{"id":"application-manageyards-display-component---NewYard--addressNewCostObjectCstID","interaction":{"idSuffix":"inner"}},"wdio_ui5_key":"applicationmanageyards-display-component---NewYard--addressNewCostObjectCstID"}]}
RESULT: undefined
COMMAND: POST /session/e7ea40813c72c691ec6b0d6c49a20f29/execute/async - {"script":"<script> [776 bytes]","args":[{"enterText":"10001013","selector":{"id":"application-manageyards-display-component---NewYard--addressNewCostObjectCstID","interaction":{"idSuffix":"inner"}},"clearTextFirst":true,"interactionType":"ENTER_TEXT"}]}
RESULT: {"script":"<script> [776 bytes]","args":[{"enterText":"10001013","selector":{"id":"application-manageyards-display-component---NewYard--addressNewCostObjectCstID","interaction":{"idSuffix":"inner"}},"clearTextFirst":true,"interactionType":"ENTER_TEXT"}]}
COMMAND: POST /session/e7ea40813c72c691ec6b0d6c49a20f29/actions - {"actions":[{"id":"action3","type":"key","parameters":{},"actions":[{"type":"keyDown","value":"î€‡"},{"type":"pause","duration":10},{"type":"keyUp","value":"î€‡"}]}]}
RESULT: {"actions":[{"id":"action3","type":"key","parameters":{},"actions":[{"type":"keyDown","value":"î€‡"},{"type":"pause","duration":10},{"type":"keyUp","value":"î€‡"}]}]}
COMMAND: GET /session/e7ea40813c72c691ec6b0d6c49a20f29/screenshot - {}
RESULT: {}
COMMAND: POST /session/e7ea40813c72c691ec6b0d6c49a20f29/execute/async - {"script":"<script> [1562 bytes]","args":[{"selector":{"controlType":"sap.m.Button","viewName":"etm.portal.ui.manageyards.view.New","viewId":"application-manageyards-display-component---NewYard","i18NText":{"propertyName":"text","key":"save"},"interaction":{"idSuffix":"inner"}},"wdio_ui5_key":"etmportal.ui.manageyards.view.Newsap.m.Button{\"propertyName\":\"text\",\"key\":\"save\"}"}]}
RESULT: {"script":"<script> [1562 bytes]","args":[{"selector":{"controlType":"sap.m.Button","viewName":"etm.portal.ui.manageyards.view.New","viewId":"application-manageyards-display-component---NewYard","i18NText":{"propertyName":"text","key":"save"},"interaction":{"idSuffix":"inner"}},"wdio_ui5_key":"etmportal.ui.manageyards.view.Newsap.m.Button{\"propertyName\":\"text\",\"key\":\"save\"}"}]}
RESULT: undefined
COMMAND: POST /session/e7ea40813c72c691ec6b0d6c49a20f29/element - {"using":"xpath","value":"//*[@id=\"__button39\"]"}
RESULT: {"using":"xpath","value":"//*[@id=\"__button39\"]"}
COMMAND: POST /session/e7ea40813c72c691ec6b0d6c49a20f29/element/f.EA024E5748EAFE5A0CAA481A9B11DD22.d.F6DC7EBA26F88EE1D27D64B24EA6C6B3.e.1375/click - {}
RESULT: {}
COMMAND: GET /session/e7ea40813c72c691ec6b0d6c49a20f29/screenshot - {}
RESULT: {}
COMMAND: POST /session/e7ea40813c72c691ec6b0d6c49a20f29/element - {"using":"xpath","value":"//header/div/div/div/div/div/div[2]/div/span"}
RESULT: {"using":"xpath","value":"//header/div/div/div/div/div/div[2]/div/span"}
COMMAND: GET /session/e7ea40813c72c691ec6b0d6c49a20f29/element/f.EA024E5748EAFE5A0CAA481A9B11DD22.d.F6DC7EBA26F88EE1D27D64B24EA6C6B3.e.1618/text - {}
RESULT: {}
COMMAND: POST /session/e7ea40813c72c691ec6b0d6c49a20f29/element - {"using":"xpath","value":"//header/div/div[2]/div[2]/span"}
RESULT: {"using":"xpath","value":"//header/div/div[2]/div[2]/span"}
COMMAND: GET /session/e7ea40813c72c691ec6b0d6c49a20f29/element/f.EA024E5748EAFE5A0CAA481A9B11DD22.d.F6DC7EBA26F88EE1D27D64B24EA6C6B3.e.1619/text - {}
RESULT: {}
COMMAND: POST /session/e7ea40813c72c691ec6b0d6c49a20f29/execute/async - {"script":"<script> [1562 bytes]","args":[{"selector":{"controlType":"sap.m.OverflowToolbarButton","viewName":"etm.portal.ui.manageyards.view.Detail","viewId":"application-manageyards-display-component---detailYard","i18NText":{"propertyName":"tooltip","key":"closeColumn"},"interaction":{"idSuffix":"inner"}},"wdio_ui5_key":"etmportal.ui.manageyards.view.Detailsap.m.OverflowToolbarButton{\"propertyName\":\"tooltip\",\"key\":\"closeColumn\"}"}]}
RESULT: {"script":"<script> [1562 bytes]","args":[{"selector":{"controlType":"sap.m.OverflowToolbarButton","viewName":"etm.portal.ui.manageyards.view.Detail","viewId":"application-manageyards-display-component---detailYard","i18NText":{"propertyName":"tooltip","key":"closeColumn"},"interaction":{"idSuffix":"inner"}},"wdio_ui5_key":"etmportal.ui.manageyards.view.Detailsap.m.OverflowToolbarButton{\"propertyName\":\"tooltip\",\"key\":\"closeColumn\"}"}]}
RESULT: undefined
COMMAND: POST /session/e7ea40813c72c691ec6b0d6c49a20f29/element - {"using":"xpath","value":"//*[@id=\"__button62\"]"}
RESULT: {"using":"xpath","value":"//*[@id=\"__button62\"]"}
COMMAND: POST /session/e7ea40813c72c691ec6b0d6c49a20f29/element/f.EA024E5748EAFE5A0CAA481A9B11DD22.d.F6DC7EBA26F88EE1D27D64B24EA6C6B3.e.1621/click - {}
RESULT: {}
COMMAND: POST /session/e7ea40813c72c691ec6b0d6c49a20f29/refresh - {}
COMMAND: GET /session/e7ea40813c72c691ec6b0d6c49a20f29/screenshot - {}
RESULT: {}
COMMAND: GET /session/e7ea40813c72c691ec6b0d6c49a20f29/screenshot - {}
RESULT: {}
RESULT: {}
COMMAND: POST /session/e7ea40813c72c691ec6b0d6c49a20f29/refresh - {}
RESULT: {}
COMMAND: GET /session/e7ea40813c72c691ec6b0d6c49a20f29/screenshot - {}
RESULT: {}
COMMAND: POST /session/e7ea40813c72c691ec6b0d6c49a20f29/window/fullscreen - {}
RESULT: {}
COMMAND: POST /session/e7ea40813c72c691ec6b0d6c49a20f29/execute/async - {"script":"<script> [189 bytes]","args":[]}
RESULT: {"script":"<script> [189 bytes]","args":[]}
COMMAND: POST /session/e7ea40813c72c691ec6b0d6c49a20f29/execute/async - {"script":"<script> [123 bytes]","args":[]}
RESULT: {"script":"<script> [123 bytes]","args":[]}
COMMAND: POST /session/e7ea40813c72c691ec6b0d6c49a20f29/timeouts - {"script":"<number>"}
RESULT: {"script":"<number>"}
COMMAND: GET /session/e7ea40813c72c691ec6b0d6c49a20f29/timeouts - {}
RESULT: {}
RESULT: undefined
COMMAND: POST /session/e7ea40813c72c691ec6b0d6c49a20f29/execute/async - {"script":"<script> [2676 bytes]","args":[]}
RESULT: {"script":"<script> [2676 bytes]","args":[]}
COMMAND: POST /session/e7ea40813c72c691ec6b0d6c49a20f29/execute/async - {"script":"<script> [2342 bytes]","args":[{"protocol":"http","hostname":"0.0.0.0","path":"/","capabilities":{"browserName":"chrome","goog:chromeOptions":{"binary":"C:\\Program Files\\Google\\Chrome\\Application\\chrome.exe","args":["--start-maximized"]}},"logLevel":"warn","connectionRetryTimeout":120000,"connectionRetryCount":3,"logLevels":{},"enableDirectConnect":true,"strictSSL":true,"_":"65 more keys: [\"cacheDir\",\"port\",\"requestedCapabilities\",\"automationProtocol\",\"baseUrl\",\"waitforInterval\",\"waitforTimeout\",\"onReload\",\"beforeCommand\",\"afterCommand\",\"rootDir\",\"specs\",\"suites\",\"exclude\",\"groupLogsByTestSpec\",\"excludeDriverLogs\",\"bail\",\"framework\",\"reporters\",\"services\",\"maxInstances\",\"maxInstancesPerCapability\",\"injectGlobals\",\"filesToWatch\",\"execArgv\",\"runnerEnv\",\"runner\",\"shard\",\"specFileRetries\",\"specFileRetriesDelay\",\"specFileRetriesDeferred\",\"reporterSyncInterval\",\"reporterSyncTimeout\",\"cucumberFeaturesWithLineNumbers\",\"autoCompileOpts\",\"mochaOpts\",\"jasmineOpts\",\"cucumberOpts\",\"onPrepare\",\"onWorkerStart\",\"onWorkerEnd\",\"before\",\"beforeSession\",\"beforeSuite\",\"beforeHook\",\"beforeTest\",\"afterTest\",\"afterHook\",\"afterSuite\",\"afterSession\",\"after\",\"onComplete\",\"beforeAssertion\",\"afterAssertion\",\"beforeFeature\",\"beforeScenario\",\"beforeStep\",\"afterStep\",\"afterScenario\",\"afterFeature\",\"_\",\"suite\",\"$0\",\"ignoredWorkerServices\",\"wdi5\"]"}]}
RESULT: {"script":"<script> [2342 bytes]","args":[{"protocol":"http","hostname":"0.0.0.0","path":"/","capabilities":{"browserName":"chrome","goog:chromeOptions":{"binary":"C:\\Program Files\\Google\\Chrome\\Application\\chrome.exe","args":["--start-maximized"]}},"logLevel":"warn","connectionRetryTimeout":120000,"connectionRetryCount":3,"logLevels":{},"enableDirectConnect":true,"strictSSL":true,"_":"65 more keys: [\"cacheDir\",\"port\",\"requestedCapabilities\",\"automationProtocol\",\"baseUrl\",\"waitforInterval\",\"waitforTimeout\",\"onReload\",\"beforeCommand\",\"afterCommand\",\"rootDir\",\"specs\",\"suites\",\"exclude\",\"groupLogsByTestSpec\",\"excludeDriverLogs\",\"bail\",\"framework\",\"reporters\",\"services\",\"maxInstances\",\"maxInstancesPerCapability\",\"injectGlobals\",\"filesToWatch\",\"execArgv\",\"runnerEnv\",\"runner\",\"shard\",\"specFileRetries\",\"specFileRetriesDelay\",\"specFileRetriesDeferred\",\"reporterSyncInterval\",\"reporterSyncTimeout\",\"cucumberFeaturesWithLineNumbers\",\"autoCompileOpts\",\"mochaOpts\",\"jasmineOpts\",\"cucumberOpts\",\"onPrepare\",\"onWorkerStart\",\"onWorkerEnd\",\"before\",\"beforeSession\",\"beforeSuite\",\"beforeHook\",\"beforeTest\",\"afterTest\",\"afterHook\",\"afterSuite\",\"afterSession\",\"after\",\"onComplete\",\"beforeAssertion\",\"afterAssertion\",\"beforeFeature\",\"beforeScenario\",\"beforeStep\",\"afterStep\",\"afterScenario\",\"afterFeature\",\"_\",\"suite\",\"$0\",\"ignoredWorkerServices\",\"wdi5\"]"}]}
COMMAND: POST /session/e7ea40813c72c691ec6b0d6c49a20f29/execute/async - {"script":"<script> [21126 bytes]","args":[35000]}
RESULT: {"script":"<script> [21126 bytes]","args":[35000]}
]]></system-out>
    </testcase>
    <testcase classname="chrome.135_0_7049_96.windows.Create_2_Yards_US112496" name="Should create a WHM yard" time="69.708">
      <system-out><![CDATA[
COMMAND: POST /session/e7ea40813c72c691ec6b0d6c49a20f29/execute/async - {"script":"<script> [1562 bytes]","args":[{"selector":{"controlType":"sap.ui.core.Icon","viewName":"etm.portal.ui.manageyards.view.Master","viewId":"application-manageyards-display-component---masterYard","properties":{"src":{"regex":{"source":"add"}}}},"wdio_ui5_key":"etmportal.ui.manageyards.view.Mastersap.ui.core.Icon{\"src\":{\"regex\":{\"source\":\"add\"}}}"}]}
RESULT: {"script":"<script> [1562 bytes]","args":[{"selector":{"controlType":"sap.ui.core.Icon","viewName":"etm.portal.ui.manageyards.view.Master","viewId":"application-manageyards-display-component---masterYard","properties":{"src":{"regex":{"source":"add"}}}},"wdio_ui5_key":"etmportal.ui.manageyards.view.Mastersap.ui.core.Icon{\"src\":{\"regex\":{\"source\":\"add\"}}}"}]}
RESULT: undefined
COMMAND: POST /session/e7ea40813c72c691ec6b0d6c49a20f29/element - {"using":"xpath","value":"//*[@id=\"__button9-img\"]"}
RESULT: {"using":"xpath","value":"//*[@id=\"__button9-img\"]"}
COMMAND: POST /session/e7ea40813c72c691ec6b0d6c49a20f29/element/f.EA024E5748EAFE5A0CAA481A9B11DD22.d.A82CD891ADEECBC9E3A15D53D2511661.e.1913/click - {}
RESULT: {}
COMMAND: GET /session/e7ea40813c72c691ec6b0d6c49a20f29/screenshot - {}
RESULT: {}
COMMAND: POST /session/e7ea40813c72c691ec6b0d6c49a20f29/execute/async - {"script":"<script> [1562 bytes]","args":[{"selector":{"id":"application-manageyards-display-component---NewYard--yardId","interaction":{"idSuffix":"inner"}},"wdio_ui5_key":"applicationmanageyards-display-component---NewYard--yardId"}]}
RESULT: {"script":"<script> [1562 bytes]","args":[{"selector":{"id":"application-manageyards-display-component---NewYard--yardId","interaction":{"idSuffix":"inner"}},"wdio_ui5_key":"applicationmanageyards-display-component---NewYard--yardId"}]}
RESULT: undefined
COMMAND: POST /session/e7ea40813c72c691ec6b0d6c49a20f29/element - {"using":"xpath","value":"//*[@id=\"application-manageyards-display-component---NewYard--addressDetailDetailsName1-inner\"]"}
RESULT: {"using":"xpath","value":"//*[@id=\"application-manageyards-display-component---NewYard--addressDetailDetailsName1-inner\"]"}
COMMAND: POST /session/e7ea40813c72c691ec6b0d6c49a20f29/element/f.EA024E5748EAFE5A0CAA481A9B11DD22.d.A82CD891ADEECBC9E3A15D53D2511661.e.2064/clear - {}
RESULT: {}
COMMAND: POST /session/e7ea40813c72c691ec6b0d6c49a20f29/element/f.EA024E5748EAFE5A0CAA481A9B11DD22.d.A82CD891ADEECBC9E3A15D53D2511661.e.2064/value - {"text":"Webdriver WHM Yard qmnjs"}
COMMAND: GET /session/e7ea40813c72c691ec6b0d6c49a20f29/screenshot - {}
RESULT: {"text":"Webdriver WHM Yard qmnjs"}
COMMAND: POST /session/e7ea40813c72c691ec6b0d6c49a20f29/element - {"using":"xpath","value":"//*[@id=\"application-manageyards-display-component---NewYard--addressDetailDetailsLanguage-inner\"]"}
COMMAND: GET /session/e7ea40813c72c691ec6b0d6c49a20f29/screenshot - {}
RESULT: {}
RESULT: {"using":"xpath","value":"//*[@id=\"application-manageyards-display-component---NewYard--addressDetailDetailsLanguage-inner\"]"}
COMMAND: POST /session/e7ea40813c72c691ec6b0d6c49a20f29/element/f.EA024E5748EAFE5A0CAA481A9B11DD22.d.A82CD891ADEECBC9E3A15D53D2511661.e.2065/clear - {}
RESULT: {}
RESULT: {}
COMMAND: POST /session/e7ea40813c72c691ec6b0d6c49a20f29/element/f.EA024E5748EAFE5A0CAA481A9B11DD22.d.A82CD891ADEECBC9E3A15D53D2511661.e.2065/value - {"text":"Romanian"}
COMMAND: GET /session/e7ea40813c72c691ec6b0d6c49a20f29/screenshot - {}
RESULT: {"text":"Romanian"}
COMMAND: GET /session/e7ea40813c72c691ec6b0d6c49a20f29/screenshot - {}
RESULT: {}
RESULT: {}
COMMAND: POST /session/e7ea40813c72c691ec6b0d6c49a20f29/element - {"using":"xpath","value":"//*[@id=\"application-manageyards-display-component---NewYard--addressDetailDetailsCity1-inner\"]"}
RESULT: {"using":"xpath","value":"//*[@id=\"application-manageyards-display-component---NewYard--addressDetailDetailsCity1-inner\"]"}
COMMAND: POST /session/e7ea40813c72c691ec6b0d6c49a20f29/element/f.EA024E5748EAFE5A0CAA481A9B11DD22.d.A82CD891ADEECBC9E3A15D53D2511661.e.2067/clear - {}
RESULT: {}
COMMAND: POST /session/e7ea40813c72c691ec6b0d6c49a20f29/element/f.EA024E5748EAFE5A0CAA481A9B11DD22.d.A82CD891ADEECBC9E3A15D53D2511661.e.2067/value - {"text":"Bucuresti"}
COMMAND: GET /session/e7ea40813c72c691ec6b0d6c49a20f29/screenshot - {}
RESULT: {"text":"Bucuresti"}
COMMAND: GET /session/e7ea40813c72c691ec6b0d6c49a20f29/screenshot - {}
RESULT: {}
RESULT: {}
COMMAND: POST /session/e7ea40813c72c691ec6b0d6c49a20f29/element - {"using":"xpath","value":"//*[@id=\"application-manageyards-display-component---NewYard--addressDetailDetailsCountry-inner\"]"}
RESULT: {"using":"xpath","value":"//*[@id=\"application-manageyards-display-component---NewYard--addressDetailDetailsCountry-inner\"]"}
COMMAND: POST /session/e7ea40813c72c691ec6b0d6c49a20f29/element/f.EA024E5748EAFE5A0CAA481A9B11DD22.d.A82CD891ADEECBC9E3A15D53D2511661.e.2071/clear - {}
RESULT: {}
COMMAND: POST /session/e7ea40813c72c691ec6b0d6c49a20f29/element/f.EA024E5748EAFE5A0CAA481A9B11DD22.d.A82CD891ADEECBC9E3A15D53D2511661.e.2071/value - {"text":"Romania"}
COMMAND: GET /session/e7ea40813c72c691ec6b0d6c49a20f29/screenshot - {}
RESULT: {"text":"Romania"}
COMMAND: GET /session/e7ea40813c72c691ec6b0d6c49a20f29/screenshot - {}
RESULT: {}
COMMAND: POST /session/e7ea40813c72c691ec6b0d6c49a20f29/execute/async - {"script":"<script> [1562 bytes]","args":[{"selector":{"controlType":"sap.m.Button","viewName":"etm.portal.ui.manageyards.view.New","viewId":"application-manageyards-display-component---NewYard","properties":{"text":"Commercial"},"interaction":{"idSuffix":"BDI-content"}},"wdio_ui5_key":"etmportal.ui.manageyards.view.Newsap.m.Button{\"text\":\"Commercial\"}"}]}
RESULT: {}
RESULT: {"script":"<script> [1562 bytes]","args":[{"selector":{"controlType":"sap.m.Button","viewName":"etm.portal.ui.manageyards.view.New","viewId":"application-manageyards-display-component---NewYard","properties":{"text":"Commercial"},"interaction":{"idSuffix":"BDI-content"}},"wdio_ui5_key":"etmportal.ui.manageyards.view.Newsap.m.Button{\"text\":\"Commercial\"}"}]}
RESULT: undefined
COMMAND: POST /session/e7ea40813c72c691ec6b0d6c49a20f29/element - {"using":"xpath","value":"//*[@id=\"application-manageyards-display-component---NewYard--ObjectPageLayout-anchBar-__section18-anchor\"]"}
RESULT: {"using":"xpath","value":"//*[@id=\"application-manageyards-display-component---NewYard--ObjectPageLayout-anchBar-__section18-anchor\"]"}
COMMAND: POST /session/e7ea40813c72c691ec6b0d6c49a20f29/element/f.EA024E5748EAFE5A0CAA481A9B11DD22.d.A82CD891ADEECBC9E3A15D53D2511661.e.2214/click - {}
RESULT: {}
COMMAND: GET /session/e7ea40813c72c691ec6b0d6c49a20f29/screenshot - {}
RESULT: {}
COMMAND: POST /session/e7ea40813c72c691ec6b0d6c49a20f29/element - {"using":"xpath","value":"//input[@id='application-manageyards-display-component---NewYard--addressEditDetailsCostObjectCstType-inner']"}
RESULT: {"using":"xpath","value":"//input[@id='application-manageyards-display-component---NewYard--addressEditDetailsCostObjectCstType-inner']"}
COMMAND: POST /session/e7ea40813c72c691ec6b0d6c49a20f29/execute/sync - {"script":"<script> [8489 bytes]","args":[{"element-6066-11e4-a52e-4f735466cecf":"f.EA024E5748EAFE5A0CAA481A9B11DD22.d.A82CD891ADEECBC9E3A15D53D2511661.e.2077","ELEMENT":"f.EA024E5748EAFE5A0CAA481A9B11DD22.d.A82CD891ADEECBC9E3A15D53D2511661.e.2077"}]}
RESULT: {"script":"<script> [8489 bytes]","args":[{"element-6066-11e4-a52e-4f735466cecf":"f.EA024E5748EAFE5A0CAA481A9B11DD22.d.A82CD891ADEECBC9E3A15D53D2511661.e.2077","ELEMENT":"f.EA024E5748EAFE5A0CAA481A9B11DD22.d.A82CD891ADEECBC9E3A15D53D2511661.e.2077"}]}
COMMAND: POST /session/e7ea40813c72c691ec6b0d6c49a20f29/element/f.EA024E5748EAFE5A0CAA481A9B11DD22.d.A82CD891ADEECBC9E3A15D53D2511661.e.2077/clear - {}
COMMAND: GET /session/e7ea40813c72c691ec6b0d6c49a20f29/screenshot - {}
RESULT: {}
COMMAND: POST /session/e7ea40813c72c691ec6b0d6c49a20f29/element/f.EA024E5748EAFE5A0CAA481A9B11DD22.d.A82CD891ADEECBC9E3A15D53D2511661.e.2077/value - {"text":"Cost"}
COMMAND: GET /session/e7ea40813c72c691ec6b0d6c49a20f29/screenshot - {}
RESULT: {}
RESULT: {"text":"Cost"}
COMMAND: GET /session/e7ea40813c72c691ec6b0d6c49a20f29/screenshot - {}
RESULT: {}
RESULT: {}
COMMAND: POST /session/e7ea40813c72c691ec6b0d6c49a20f29/execute/async - {"script":"<script> [1562 bytes]","args":[{"selector":{"id":"application-manageyards-display-component---NewYard--addressNewCostObjectCstID","interaction":{"idSuffix":"inner"}},"wdio_ui5_key":"applicationmanageyards-display-component---NewYard--addressNewCostObjectCstID"}]}
RESULT: {"script":"<script> [1562 bytes]","args":[{"selector":{"id":"application-manageyards-display-component---NewYard--addressNewCostObjectCstID","interaction":{"idSuffix":"inner"}},"wdio_ui5_key":"applicationmanageyards-display-component---NewYard--addressNewCostObjectCstID"}]}
RESULT: undefined
COMMAND: POST /session/e7ea40813c72c691ec6b0d6c49a20f29/execute/async - {"script":"<script> [776 bytes]","args":[{"enterText":"10001013","selector":{"id":"application-manageyards-display-component---NewYard--addressNewCostObjectCstID","interaction":{"idSuffix":"inner"}},"clearTextFirst":true,"interactionType":"ENTER_TEXT"}]}
RESULT: {"script":"<script> [776 bytes]","args":[{"enterText":"10001013","selector":{"id":"application-manageyards-display-component---NewYard--addressNewCostObjectCstID","interaction":{"idSuffix":"inner"}},"clearTextFirst":true,"interactionType":"ENTER_TEXT"}]}
COMMAND: POST /session/e7ea40813c72c691ec6b0d6c49a20f29/actions - {"actions":[{"id":"action4","type":"key","parameters":{},"actions":[{"type":"keyDown","value":"î€‡"},{"type":"pause","duration":10},{"type":"keyUp","value":"î€‡"}]}]}
RESULT: {"actions":[{"id":"action4","type":"key","parameters":{},"actions":[{"type":"keyDown","value":"î€‡"},{"type":"pause","duration":10},{"type":"keyUp","value":"î€‡"}]}]}
COMMAND: POST /session/e7ea40813c72c691ec6b0d6c49a20f29/execute/async - {"script":"<script> [1562 bytes]","args":[{"selector":{"id":"application-manageyards-display-component---NewYard--addressEditDetailsCurrency","interaction":{"idSuffix":"inner"}},"wdio_ui5_key":"applicationmanageyards-display-component---NewYard--addressEditDetailsCurrency"}]}
COMMAND: GET /session/e7ea40813c72c691ec6b0d6c49a20f29/screenshot - {}
RESULT: {"script":"<script> [1562 bytes]","args":[{"selector":{"id":"application-manageyards-display-component---NewYard--addressEditDetailsCurrency","interaction":{"idSuffix":"inner"}},"wdio_ui5_key":"applicationmanageyards-display-component---NewYard--addressEditDetailsCurrency"}]}
RESULT: undefined
COMMAND: POST /session/e7ea40813c72c691ec6b0d6c49a20f29/execute/async - {"script":"<script> [776 bytes]","args":[{"enterText":"Euro","selector":{"id":"application-manageyards-display-component---NewYard--addressEditDetailsCurrency","interaction":{"idSuffix":"inner"}},"clearTextFirst":true,"interactionType":"ENTER_TEXT"}]}
RESULT: {}
RESULT: {"script":"<script> [776 bytes]","args":[{"enterText":"Euro","selector":{"id":"application-manageyards-display-component---NewYard--addressEditDetailsCurrency","interaction":{"idSuffix":"inner"}},"clearTextFirst":true,"interactionType":"ENTER_TEXT"}]}
COMMAND: POST /session/e7ea40813c72c691ec6b0d6c49a20f29/execute/async - {"script":"<script> [1562 bytes]","args":[{"selector":{"controlType":"sap.m.Input","viewName":"etm.portal.ui.manageyards.view.New","viewId":"application-manageyards-display-component---NewYard","bindingPath":{"path":"","propertyPath":"/CONTROLLING_AREA","modelName":"NewYardModel"},"interaction":{"idSuffix":"inner"}},"wdio_ui5_key":"etmportal.ui.manageyards.view.Newsap.m.Input{\"path\":\"\",\"propertyPath\":\"/CONTROLLING_AREA\",\"modelName\":\"NewYardModel\"}"}]}
RESULT: {"script":"<script> [1562 bytes]","args":[{"selector":{"controlType":"sap.m.Input","viewName":"etm.portal.ui.manageyards.view.New","viewId":"application-manageyards-display-component---NewYard","bindingPath":{"path":"","propertyPath":"/CONTROLLING_AREA","modelName":"NewYardModel"},"interaction":{"idSuffix":"inner"}},"wdio_ui5_key":"etmportal.ui.manageyards.view.Newsap.m.Input{\"path\":\"\",\"propertyPath\":\"/CONTROLLING_AREA\",\"modelName\":\"NewYardModel\"}"}]}
RESULT: undefined
COMMAND: POST /session/e7ea40813c72c691ec6b0d6c49a20f29/execute/async - {"script":"<script> [776 bytes]","args":[{"enterText":"Z001","selector":{"controlType":"sap.m.Input","viewName":"etm.portal.ui.manageyards.view.New","viewId":"application-manageyards-display-component---NewYard","bindingPath":{"path":"","propertyPath":"/CONTROLLING_AREA","modelName":"NewYardModel"},"interaction":{"idSuffix":"inner"}},"clearTextFirst":true,"interactionType":"ENTER_TEXT"}]}
RESULT: {"script":"<script> [776 bytes]","args":[{"enterText":"Z001","selector":{"controlType":"sap.m.Input","viewName":"etm.portal.ui.manageyards.view.New","viewId":"application-manageyards-display-component---NewYard","bindingPath":{"path":"","propertyPath":"/CONTROLLING_AREA","modelName":"NewYardModel"},"interaction":{"idSuffix":"inner"}},"clearTextFirst":true,"interactionType":"ENTER_TEXT"}]}
COMMAND: POST /session/e7ea40813c72c691ec6b0d6c49a20f29/execute/async - {"script":"<script> [1562 bytes]","args":[{"selector":{"id":"application-manageyards-display-component---NewYard--companyCodeComboBox","interaction":{"idSuffix":"inner"}},"wdio_ui5_key":"applicationmanageyards-display-component---NewYard--companyCodeComboBox"}]}
RESULT: {"script":"<script> [1562 bytes]","args":[{"selector":{"id":"application-manageyards-display-component---NewYard--companyCodeComboBox","interaction":{"idSuffix":"inner"}},"wdio_ui5_key":"applicationmanageyards-display-component---NewYard--companyCodeComboBox"}]}
RESULT: undefined
COMMAND: POST /session/e7ea40813c72c691ec6b0d6c49a20f29/execute/async - {"script":"<script> [776 bytes]","args":[{"enterText":"1000","selector":{"id":"application-manageyards-display-component---NewYard--companyCodeComboBox","interaction":{"idSuffix":"inner"}},"clearTextFirst":true,"interactionType":"ENTER_TEXT"}]}
RESULT: {"script":"<script> [776 bytes]","args":[{"enterText":"1000","selector":{"id":"application-manageyards-display-component---NewYard--companyCodeComboBox","interaction":{"idSuffix":"inner"}},"clearTextFirst":true,"interactionType":"ENTER_TEXT"}]}
COMMAND: POST /session/e7ea40813c72c691ec6b0d6c49a20f29/actions - {"actions":[{"id":"action5","type":"key","parameters":{},"actions":[{"type":"keyDown","value":"î€‡"},{"type":"pause","duration":10},{"type":"keyUp","value":"î€‡"}]}]}
RESULT: {"actions":[{"id":"action5","type":"key","parameters":{},"actions":[{"type":"keyDown","value":"î€‡"},{"type":"pause","duration":10},{"type":"keyUp","value":"î€‡"}]}]}
COMMAND: POST /session/e7ea40813c72c691ec6b0d6c49a20f29/execute/async - {"script":"<script> [1562 bytes]","args":[{"selector":{"controlType":"sap.m.Input","viewName":"etm.portal.ui.manageyards.view.New","viewId":"application-manageyards-display-component---NewYard","bindingPath":{"path":"","propertyPath":"/PLANT","modelName":"NewYardModel"},"interaction":{"idSuffix":"inner"}},"wdio_ui5_key":"etmportal.ui.manageyards.view.Newsap.m.Input{\"path\":\"\",\"propertyPath\":\"/PLANT\",\"modelName\":\"NewYardModel\"}"}]}
COMMAND: GET /session/e7ea40813c72c691ec6b0d6c49a20f29/screenshot - {}
RESULT: {"script":"<script> [1562 bytes]","args":[{"selector":{"controlType":"sap.m.Input","viewName":"etm.portal.ui.manageyards.view.New","viewId":"application-manageyards-display-component---NewYard","bindingPath":{"path":"","propertyPath":"/PLANT","modelName":"NewYardModel"},"interaction":{"idSuffix":"inner"}},"wdio_ui5_key":"etmportal.ui.manageyards.view.Newsap.m.Input{\"path\":\"\",\"propertyPath\":\"/PLANT\",\"modelName\":\"NewYardModel\"}"}]}
RESULT: undefined
COMMAND: POST /session/e7ea40813c72c691ec6b0d6c49a20f29/execute/async - {"script":"<script> [776 bytes]","args":[{"enterText":"1001","selector":{"controlType":"sap.m.Input","viewName":"etm.portal.ui.manageyards.view.New","viewId":"application-manageyards-display-component---NewYard","bindingPath":{"path":"","propertyPath":"/PLANT","modelName":"NewYardModel"},"interaction":{"idSuffix":"inner"}},"clearTextFirst":true,"interactionType":"ENTER_TEXT"}]}
RESULT: {}
RESULT: {"script":"<script> [776 bytes]","args":[{"enterText":"1001","selector":{"controlType":"sap.m.Input","viewName":"etm.portal.ui.manageyards.view.New","viewId":"application-manageyards-display-component---NewYard","bindingPath":{"path":"","propertyPath":"/PLANT","modelName":"NewYardModel"},"interaction":{"idSuffix":"inner"}},"clearTextFirst":true,"interactionType":"ENTER_TEXT"}]}
COMMAND: POST /session/e7ea40813c72c691ec6b0d6c49a20f29/execute/async - {"script":"<script> [1562 bytes]","args":[{"selector":{"controlType":"sap.m.Input","viewName":"etm.portal.ui.manageyards.view.New","viewId":"application-manageyards-display-component---NewYard","bindingPath":{"path":"","propertyPath":"/SALES_AREA_VKORG","modelName":"NewYardModel"},"interaction":{"idSuffix":"inner"}},"wdio_ui5_key":"etmportal.ui.manageyards.view.Newsap.m.Input{\"path\":\"\",\"propertyPath\":\"/SALES_AREA_VKORG\",\"modelName\":\"NewYardModel\"}"}]}
RESULT: {"script":"<script> [1562 bytes]","args":[{"selector":{"controlType":"sap.m.Input","viewName":"etm.portal.ui.manageyards.view.New","viewId":"application-manageyards-display-component---NewYard","bindingPath":{"path":"","propertyPath":"/SALES_AREA_VKORG","modelName":"NewYardModel"},"interaction":{"idSuffix":"inner"}},"wdio_ui5_key":"etmportal.ui.manageyards.view.Newsap.m.Input{\"path\":\"\",\"propertyPath\":\"/SALES_AREA_VKORG\",\"modelName\":\"NewYardModel\"}"}]}
RESULT: undefined
COMMAND: POST /session/e7ea40813c72c691ec6b0d6c49a20f29/execute/async - {"script":"<script> [776 bytes]","args":[{"enterText":"C002","selector":{"controlType":"sap.m.Input","viewName":"etm.portal.ui.manageyards.view.New","viewId":"application-manageyards-display-component---NewYard","bindingPath":{"path":"","propertyPath":"/SALES_AREA_VKORG","modelName":"NewYardModel"},"interaction":{"idSuffix":"inner"}},"clearTextFirst":true,"interactionType":"ENTER_TEXT"}]}
RESULT: {"script":"<script> [776 bytes]","args":[{"enterText":"C002","selector":{"controlType":"sap.m.Input","viewName":"etm.portal.ui.manageyards.view.New","viewId":"application-manageyards-display-component---NewYard","bindingPath":{"path":"","propertyPath":"/SALES_AREA_VKORG","modelName":"NewYardModel"},"interaction":{"idSuffix":"inner"}},"clearTextFirst":true,"interactionType":"ENTER_TEXT"}]}
COMMAND: POST /session/e7ea40813c72c691ec6b0d6c49a20f29/execute/async - {"script":"<script> [1562 bytes]","args":[{"selector":{"controlType":"sap.m.Input","viewName":"etm.portal.ui.manageyards.view.New","viewId":"application-manageyards-display-component---NewYard","bindingPath":{"path":"","propertyPath":"/SALES_AREA_VTWEG","modelName":"NewYardModel"},"interaction":{"idSuffix":"inner"}},"wdio_ui5_key":"etmportal.ui.manageyards.view.Newsap.m.Input{\"path\":\"\",\"propertyPath\":\"/SALES_AREA_VTWEG\",\"modelName\":\"NewYardModel\"}"}]}
RESULT: {"script":"<script> [1562 bytes]","args":[{"selector":{"controlType":"sap.m.Input","viewName":"etm.portal.ui.manageyards.view.New","viewId":"application-manageyards-display-component---NewYard","bindingPath":{"path":"","propertyPath":"/SALES_AREA_VTWEG","modelName":"NewYardModel"},"interaction":{"idSuffix":"inner"}},"wdio_ui5_key":"etmportal.ui.manageyards.view.Newsap.m.Input{\"path\":\"\",\"propertyPath\":\"/SALES_AREA_VTWEG\",\"modelName\":\"NewYardModel\"}"}]}
RESULT: undefined
COMMAND: POST /session/e7ea40813c72c691ec6b0d6c49a20f29/execute/async - {"script":"<script> [776 bytes]","args":[{"enterText":"C2","selector":{"controlType":"sap.m.Input","viewName":"etm.portal.ui.manageyards.view.New","viewId":"application-manageyards-display-component---NewYard","bindingPath":{"path":"","propertyPath":"/SALES_AREA_VTWEG","modelName":"NewYardModel"},"interaction":{"idSuffix":"inner"}},"clearTextFirst":true,"interactionType":"ENTER_TEXT"}]}
RESULT: {"script":"<script> [776 bytes]","args":[{"enterText":"C2","selector":{"controlType":"sap.m.Input","viewName":"etm.portal.ui.manageyards.view.New","viewId":"application-manageyards-display-component---NewYard","bindingPath":{"path":"","propertyPath":"/SALES_AREA_VTWEG","modelName":"NewYardModel"},"interaction":{"idSuffix":"inner"}},"clearTextFirst":true,"interactionType":"ENTER_TEXT"}]}
COMMAND: POST /session/e7ea40813c72c691ec6b0d6c49a20f29/execute/async - {"script":"<script> [1562 bytes]","args":[{"selector":{"controlType":"sap.m.Input","viewName":"etm.portal.ui.manageyards.view.New","viewId":"application-manageyards-display-component---NewYard","bindingPath":{"path":"","propertyPath":"/SALES_AREA_SPART","modelName":"NewYardModel"},"interaction":{"idSuffix":"inner"}},"wdio_ui5_key":"etmportal.ui.manageyards.view.Newsap.m.Input{\"path\":\"\",\"propertyPath\":\"/SALES_AREA_SPART\",\"modelName\":\"NewYardModel\"}"}]}
RESULT: {"script":"<script> [1562 bytes]","args":[{"selector":{"controlType":"sap.m.Input","viewName":"etm.portal.ui.manageyards.view.New","viewId":"application-manageyards-display-component---NewYard","bindingPath":{"path":"","propertyPath":"/SALES_AREA_SPART","modelName":"NewYardModel"},"interaction":{"idSuffix":"inner"}},"wdio_ui5_key":"etmportal.ui.manageyards.view.Newsap.m.Input{\"path\":\"\",\"propertyPath\":\"/SALES_AREA_SPART\",\"modelName\":\"NewYardModel\"}"}]}
RESULT: undefined
COMMAND: POST /session/e7ea40813c72c691ec6b0d6c49a20f29/execute/async - {"script":"<script> [776 bytes]","args":[{"enterText":"C2","selector":{"controlType":"sap.m.Input","viewName":"etm.portal.ui.manageyards.view.New","viewId":"application-manageyards-display-component---NewYard","bindingPath":{"path":"","propertyPath":"/SALES_AREA_SPART","modelName":"NewYardModel"},"interaction":{"idSuffix":"inner"}},"clearTextFirst":true,"interactionType":"ENTER_TEXT"}]}
RESULT: {"script":"<script> [776 bytes]","args":[{"enterText":"C2","selector":{"controlType":"sap.m.Input","viewName":"etm.portal.ui.manageyards.view.New","viewId":"application-manageyards-display-component---NewYard","bindingPath":{"path":"","propertyPath":"/SALES_AREA_SPART","modelName":"NewYardModel"},"interaction":{"idSuffix":"inner"}},"clearTextFirst":true,"interactionType":"ENTER_TEXT"}]}
COMMAND: POST /session/e7ea40813c72c691ec6b0d6c49a20f29/execute/async - {"script":"<script> [1562 bytes]","args":[{"selector":{"id":"application-manageyards-display-component---NewYard--whmCheckBox","interaction":{"idSuffix":"CbBg"}},"wdio_ui5_key":"applicationmanageyards-display-component---NewYard--whmCheckBox"}]}
RESULT: {"script":"<script> [1562 bytes]","args":[{"selector":{"id":"application-manageyards-display-component---NewYard--whmCheckBox","interaction":{"idSuffix":"CbBg"}},"wdio_ui5_key":"applicationmanageyards-display-component---NewYard--whmCheckBox"}]}
RESULT: undefined
COMMAND: POST /session/e7ea40813c72c691ec6b0d6c49a20f29/element - {"using":"xpath","value":"//*[@id=\"application-manageyards-display-component---NewYard--whmCheckBox\"]"}
RESULT: {"using":"xpath","value":"//*[@id=\"application-manageyards-display-component---NewYard--whmCheckBox\"]"}
COMMAND: POST /session/e7ea40813c72c691ec6b0d6c49a20f29/element/f.EA024E5748EAFE5A0CAA481A9B11DD22.d.A82CD891ADEECBC9E3A15D53D2511661.e.2237/click - {}
RESULT: {}
COMMAND: POST /session/e7ea40813c72c691ec6b0d6c49a20f29/execute/async - {"script":"<script> [1562 bytes]","args":[{"selector":{"controlType":"sap.m.Button","viewName":"etm.portal.ui.manageyards.view.New","viewId":"application-manageyards-display-component---NewYard","i18NText":{"propertyName":"text","key":"save"},"interaction":{"idSuffix":"inner"}},"wdio_ui5_key":"etmportal.ui.manageyards.view.Newsap.m.Button{\"propertyName\":\"text\",\"key\":\"save\"}"}]}
COMMAND: GET /session/e7ea40813c72c691ec6b0d6c49a20f29/screenshot - {}
RESULT: {"script":"<script> [1562 bytes]","args":[{"selector":{"controlType":"sap.m.Button","viewName":"etm.portal.ui.manageyards.view.New","viewId":"application-manageyards-display-component---NewYard","i18NText":{"propertyName":"text","key":"save"},"interaction":{"idSuffix":"inner"}},"wdio_ui5_key":"etmportal.ui.manageyards.view.Newsap.m.Button{\"propertyName\":\"text\",\"key\":\"save\"}"}]}
RESULT: undefined
COMMAND: POST /session/e7ea40813c72c691ec6b0d6c49a20f29/element - {"using":"xpath","value":"//*[@id=\"__button43\"]"}
RESULT: {}
RESULT: {"using":"xpath","value":"//*[@id=\"__button43\"]"}
COMMAND: POST /session/e7ea40813c72c691ec6b0d6c49a20f29/element/f.EA024E5748EAFE5A0CAA481A9B11DD22.d.A82CD891ADEECBC9E3A15D53D2511661.e.2202/click - {}
RESULT: {}
COMMAND: GET /session/e7ea40813c72c691ec6b0d6c49a20f29/screenshot - {}
RESULT: {}
COMMAND: POST /session/e7ea40813c72c691ec6b0d6c49a20f29/element - {"using":"xpath","value":"//header/div/div/div/div/div/div[2]/div/span"}
RESULT: {"using":"xpath","value":"//header/div/div/div/div/div/div[2]/div/span"}
COMMAND: GET /session/e7ea40813c72c691ec6b0d6c49a20f29/element/f.EA024E5748EAFE5A0CAA481A9B11DD22.d.A82CD891ADEECBC9E3A15D53D2511661.e.2389/text - {}
RESULT: {}
COMMAND: POST /session/e7ea40813c72c691ec6b0d6c49a20f29/element - {"using":"xpath","value":"//header/div/div[2]/div[2]/span"}
RESULT: {"using":"xpath","value":"//header/div/div[2]/div[2]/span"}
COMMAND: GET /session/e7ea40813c72c691ec6b0d6c49a20f29/element/f.EA024E5748EAFE5A0CAA481A9B11DD22.d.A82CD891ADEECBC9E3A15D53D2511661.e.2390/text - {}
RESULT: {}
COMMAND: POST /session/e7ea40813c72c691ec6b0d6c49a20f29/element - {"using":"css selector","value":"#j_username"}
COMMAND: POST /session/e7ea40813c72c691ec6b0d6c49a20f29/url - {"url":"https://qa-testing-00-live-etm-ui.cfapps.eu10-004.hana.ondemand.com/"}
RESULT: {"url":"https://qa-testing-00-live-etm-ui.cfapps.eu10-004.hana.ondemand.com/"}
RESULT: undefined
COMMAND: GET /session/e7ea40813c72c691ec6b0d6c49a20f29/screenshot - {}
RESULT: {"using":"css selector","value":"#j_username"}
COMMAND: POST /session/e7ea40813c72c691ec6b0d6c49a20f29/element - {"using":"css selector","value":"#j_username"}
RESULT: {}
RESULT: {"using":"css selector","value":"#j_username"}
COMMAND: POST /session/e7ea40813c72c691ec6b0d6c49a20f29/element - {"using":"css selector","value":"#shell-header-logo"}
RESULT: {"using":"css selector","value":"#shell-header-logo"}
COMMAND: POST /session/e7ea40813c72c691ec6b0d6c49a20f29/execute/sync - {"script":"<script> [8489 bytes]","args":[{"element-6066-11e4-a52e-4f735466cecf":"f.EA024E5748EAFE5A0CAA481A9B11DD22.d.90144C76FCDB54CE6D77C0394B02C1A2.e.2406","ELEMENT":"f.EA024E5748EAFE5A0CAA481A9B11DD22.d.90144C76FCDB54CE6D77C0394B02C1A2.e.2406"}]}
RESULT: {"script":"<script> [8489 bytes]","args":[{"element-6066-11e4-a52e-4f735466cecf":"f.EA024E5748EAFE5A0CAA481A9B11DD22.d.90144C76FCDB54CE6D77C0394B02C1A2.e.2406","ELEMENT":"f.EA024E5748EAFE5A0CAA481A9B11DD22.d.90144C76FCDB54CE6D77C0394B02C1A2.e.2406"}]}
COMMAND: POST /session/e7ea40813c72c691ec6b0d6c49a20f29/element - {"using":"css selector","value":"#shell-header-logo"}
COMMAND: GET /session/e7ea40813c72c691ec6b0d6c49a20f29/screenshot - {}
RESULT: {"using":"css selector","value":"#shell-header-logo"}
COMMAND: POST /session/e7ea40813c72c691ec6b0d6c49a20f29/execute/sync - {"script":"<script> [8489 bytes]","args":[{"element-6066-11e4-a52e-4f735466cecf":"f.EA024E5748EAFE5A0CAA481A9B11DD22.d.90144C76FCDB54CE6D77C0394B02C1A2.e.2406","ELEMENT":"f.EA024E5748EAFE5A0CAA481A9B11DD22.d.90144C76FCDB54CE6D77C0394B02C1A2.e.2406"}]}
RESULT: {}
RESULT: {"script":"<script> [8489 bytes]","args":[{"element-6066-11e4-a52e-4f735466cecf":"f.EA024E5748EAFE5A0CAA481A9B11DD22.d.90144C76FCDB54CE6D77C0394B02C1A2.e.2406","ELEMENT":"f.EA024E5748EAFE5A0CAA481A9B11DD22.d.90144C76FCDB54CE6D77C0394B02C1A2.e.2406"}]}
COMMAND: POST /session/e7ea40813c72c691ec6b0d6c49a20f29/execute/sync - {"script":"<script> [5351 bytes]","args":[{"element-6066-11e4-a52e-4f735466cecf":"f.EA024E5748EAFE5A0CAA481A9B11DD22.d.90144C76FCDB54CE6D77C0394B02C1A2.e.2406","ELEMENT":"f.EA024E5748EAFE5A0CAA481A9B11DD22.d.90144C76FCDB54CE6D77C0394B02C1A2.e.2406"}]}
COMMAND: GET /session/e7ea40813c72c691ec6b0d6c49a20f29/screenshot - {}
RESULT: {"script":"<script> [5351 bytes]","args":[{"element-6066-11e4-a52e-4f735466cecf":"f.EA024E5748EAFE5A0CAA481A9B11DD22.d.90144C76FCDB54CE6D77C0394B02C1A2.e.2406","ELEMENT":"f.EA024E5748EAFE5A0CAA481A9B11DD22.d.90144C76FCDB54CE6D77C0394B02C1A2.e.2406"}]}
COMMAND: POST /session/e7ea40813c72c691ec6b0d6c49a20f29/element - {"using":"css selector","value":"#shell-header-logo"}
COMMAND: GET /session/e7ea40813c72c691ec6b0d6c49a20f29/screenshot - {}
RESULT: {}
RESULT: {"using":"css selector","value":"#shell-header-logo"}
COMMAND: POST /session/e7ea40813c72c691ec6b0d6c49a20f29/element/f.EA024E5748EAFE5A0CAA481A9B11DD22.d.90144C76FCDB54CE6D77C0394B02C1A2.e.2406/click - {}
RESULT: {}
RESULT: {}
COMMAND: GET /session/e7ea40813c72c691ec6b0d6c49a20f29/screenshot - {}
RESULT: {}
COMMAND: POST /session/e7ea40813c72c691ec6b0d6c49a20f29/execute/async - {"script":"<script> [189 bytes]","args":[]}
RESULT: {"script":"<script> [189 bytes]","args":[]}
COMMAND: POST /session/e7ea40813c72c691ec6b0d6c49a20f29/execute/async - {"script":"<script> [123 bytes]","args":[]}
RESULT: {"script":"<script> [123 bytes]","args":[]}
COMMAND: POST /session/e7ea40813c72c691ec6b0d6c49a20f29/timeouts - {"script":"<number>"}
RESULT: {"script":"<number>"}
COMMAND: GET /session/e7ea40813c72c691ec6b0d6c49a20f29/timeouts - {}
RESULT: {}
RESULT: undefined
COMMAND: POST /session/e7ea40813c72c691ec6b0d6c49a20f29/execute/async - {"script":"<script> [2676 bytes]","args":[]}
RESULT: {"script":"<script> [2676 bytes]","args":[]}
COMMAND: POST /session/e7ea40813c72c691ec6b0d6c49a20f29/execute/async - {"script":"<script> [2342 bytes]","args":[{"protocol":"http","hostname":"0.0.0.0","path":"/","capabilities":{"browserName":"chrome","goog:chromeOptions":{"binary":"C:\\Program Files\\Google\\Chrome\\Application\\chrome.exe","args":["--start-maximized"]}},"logLevel":"warn","connectionRetryTimeout":120000,"connectionRetryCount":3,"logLevels":{},"enableDirectConnect":true,"strictSSL":true,"_":"65 more keys: [\"cacheDir\",\"port\",\"requestedCapabilities\",\"automationProtocol\",\"baseUrl\",\"waitforInterval\",\"waitforTimeout\",\"onReload\",\"beforeCommand\",\"afterCommand\",\"rootDir\",\"specs\",\"suites\",\"exclude\",\"groupLogsByTestSpec\",\"excludeDriverLogs\",\"bail\",\"framework\",\"reporters\",\"services\",\"maxInstances\",\"maxInstancesPerCapability\",\"injectGlobals\",\"filesToWatch\",\"execArgv\",\"runnerEnv\",\"runner\",\"shard\",\"specFileRetries\",\"specFileRetriesDelay\",\"specFileRetriesDeferred\",\"reporterSyncInterval\",\"reporterSyncTimeout\",\"cucumberFeaturesWithLineNumbers\",\"autoCompileOpts\",\"mochaOpts\",\"jasmineOpts\",\"cucumberOpts\",\"onPrepare\",\"onWorkerStart\",\"onWorkerEnd\",\"before\",\"beforeSession\",\"beforeSuite\",\"beforeHook\",\"beforeTest\",\"afterTest\",\"afterHook\",\"afterSuite\",\"afterSession\",\"after\",\"onComplete\",\"beforeAssertion\",\"afterAssertion\",\"beforeFeature\",\"beforeScenario\",\"beforeStep\",\"afterStep\",\"afterScenario\",\"afterFeature\",\"_\",\"suite\",\"$0\",\"ignoredWorkerServices\",\"wdi5\"]"}]}
RESULT: {"script":"<script> [2342 bytes]","args":[{"protocol":"http","hostname":"0.0.0.0","path":"/","capabilities":{"browserName":"chrome","goog:chromeOptions":{"binary":"C:\\Program Files\\Google\\Chrome\\Application\\chrome.exe","args":["--start-maximized"]}},"logLevel":"warn","connectionRetryTimeout":120000,"connectionRetryCount":3,"logLevels":{},"enableDirectConnect":true,"strictSSL":true,"_":"65 more keys: [\"cacheDir\",\"port\",\"requestedCapabilities\",\"automationProtocol\",\"baseUrl\",\"waitforInterval\",\"waitforTimeout\",\"onReload\",\"beforeCommand\",\"afterCommand\",\"rootDir\",\"specs\",\"suites\",\"exclude\",\"groupLogsByTestSpec\",\"excludeDriverLogs\",\"bail\",\"framework\",\"reporters\",\"services\",\"maxInstances\",\"maxInstancesPerCapability\",\"injectGlobals\",\"filesToWatch\",\"execArgv\",\"runnerEnv\",\"runner\",\"shard\",\"specFileRetries\",\"specFileRetriesDelay\",\"specFileRetriesDeferred\",\"reporterSyncInterval\",\"reporterSyncTimeout\",\"cucumberFeaturesWithLineNumbers\",\"autoCompileOpts\",\"mochaOpts\",\"jasmineOpts\",\"cucumberOpts\",\"onPrepare\",\"onWorkerStart\",\"onWorkerEnd\",\"before\",\"beforeSession\",\"beforeSuite\",\"beforeHook\",\"beforeTest\",\"afterTest\",\"afterHook\",\"afterSuite\",\"afterSession\",\"after\",\"onComplete\",\"beforeAssertion\",\"afterAssertion\",\"beforeFeature\",\"beforeScenario\",\"beforeStep\",\"afterStep\",\"afterScenario\",\"afterFeature\",\"_\",\"suite\",\"$0\",\"ignoredWorkerServices\",\"wdi5\"]"}]}
COMMAND: POST /session/e7ea40813c72c691ec6b0d6c49a20f29/execute/async - {"script":"<script> [21126 bytes]","args":[35000]}
RESULT: {"script":"<script> [21126 bytes]","args":[35000]}
COMMAND: POST /session/e7ea40813c72c691ec6b0d6c49a20f29/window/maximize - {}
RESULT: {}
COMMAND: POST /session/e7ea40813c72c691ec6b0d6c49a20f29/execute/async - {"script":"<script> [1562 bytes]","args":[{"selector":{"id":"shell-header","interaction":{"idSuffix":"icon"}},"wdio_ui5_key":"shellheader"}]}
COMMAND: GET /session/e7ea40813c72c691ec6b0d6c49a20f29/screenshot - {}
RESULT: {"script":"<script> [1562 bytes]","args":[{"selector":{"id":"shell-header","interaction":{"idSuffix":"icon"}},"wdio_ui5_key":"shellheader"}]}
RESULT: undefined
COMMAND: POST /session/e7ea40813c72c691ec6b0d6c49a20f29/refresh - {}
RESULT: {}
RESULT: {}
COMMAND: GET /session/e7ea40813c72c691ec6b0d6c49a20f29/screenshot - {}
RESULT: {}
COMMAND: POST /session/e7ea40813c72c691ec6b0d6c49a20f29/refresh - {}
RESULT: {}
COMMAND: GET /session/e7ea40813c72c691ec6b0d6c49a20f29/screenshot - {}
RESULT: {}
COMMAND: POST /session/e7ea40813c72c691ec6b0d6c49a20f29/window/fullscreen - {}
RESULT: {}
COMMAND: POST /session/e7ea40813c72c691ec6b0d6c49a20f29/execute/async - {"script":"<script> [189 bytes]","args":[]}
RESULT: {"script":"<script> [189 bytes]","args":[]}
COMMAND: POST /session/e7ea40813c72c691ec6b0d6c49a20f29/execute/async - {"script":"<script> [123 bytes]","args":[]}
RESULT: {"script":"<script> [123 bytes]","args":[]}
COMMAND: POST /session/e7ea40813c72c691ec6b0d6c49a20f29/timeouts - {"script":"<number>"}
RESULT: {"script":"<number>"}
COMMAND: GET /session/e7ea40813c72c691ec6b0d6c49a20f29/timeouts - {}
RESULT: {}
RESULT: undefined
COMMAND: POST /session/e7ea40813c72c691ec6b0d6c49a20f29/execute/async - {"script":"<script> [2676 bytes]","args":[]}
RESULT: {"script":"<script> [2676 bytes]","args":[]}
COMMAND: POST /session/e7ea40813c72c691ec6b0d6c49a20f29/execute/async - {"script":"<script> [2342 bytes]","args":[{"protocol":"http","hostname":"0.0.0.0","path":"/","capabilities":{"browserName":"chrome","goog:chromeOptions":{"binary":"C:\\Program Files\\Google\\Chrome\\Application\\chrome.exe","args":["--start-maximized"]}},"logLevel":"warn","connectionRetryTimeout":120000,"connectionRetryCount":3,"logLevels":{},"enableDirectConnect":true,"strictSSL":true,"_":"65 more keys: [\"cacheDir\",\"port\",\"requestedCapabilities\",\"automationProtocol\",\"baseUrl\",\"waitforInterval\",\"waitforTimeout\",\"onReload\",\"beforeCommand\",\"afterCommand\",\"rootDir\",\"specs\",\"suites\",\"exclude\",\"groupLogsByTestSpec\",\"excludeDriverLogs\",\"bail\",\"framework\",\"reporters\",\"services\",\"maxInstances\",\"maxInstancesPerCapability\",\"injectGlobals\",\"filesToWatch\",\"execArgv\",\"runnerEnv\",\"runner\",\"shard\",\"specFileRetries\",\"specFileRetriesDelay\",\"specFileRetriesDeferred\",\"reporterSyncInterval\",\"reporterSyncTimeout\",\"cucumberFeaturesWithLineNumbers\",\"autoCompileOpts\",\"mochaOpts\",\"jasmineOpts\",\"cucumberOpts\",\"onPrepare\",\"onWorkerStart\",\"onWorkerEnd\",\"before\",\"beforeSession\",\"beforeSuite\",\"beforeHook\",\"beforeTest\",\"afterTest\",\"afterHook\",\"afterSuite\",\"afterSession\",\"after\",\"onComplete\",\"beforeAssertion\",\"afterAssertion\",\"beforeFeature\",\"beforeScenario\",\"beforeStep\",\"afterStep\",\"afterScenario\",\"afterFeature\",\"_\",\"suite\",\"$0\",\"ignoredWorkerServices\",\"wdi5\"]"}]}
RESULT: {"script":"<script> [2342 bytes]","args":[{"protocol":"http","hostname":"0.0.0.0","path":"/","capabilities":{"browserName":"chrome","goog:chromeOptions":{"binary":"C:\\Program Files\\Google\\Chrome\\Application\\chrome.exe","args":["--start-maximized"]}},"logLevel":"warn","connectionRetryTimeout":120000,"connectionRetryCount":3,"logLevels":{},"enableDirectConnect":true,"strictSSL":true,"_":"65 more keys: [\"cacheDir\",\"port\",\"requestedCapabilities\",\"automationProtocol\",\"baseUrl\",\"waitforInterval\",\"waitforTimeout\",\"onReload\",\"beforeCommand\",\"afterCommand\",\"rootDir\",\"specs\",\"suites\",\"exclude\",\"groupLogsByTestSpec\",\"excludeDriverLogs\",\"bail\",\"framework\",\"reporters\",\"services\",\"maxInstances\",\"maxInstancesPerCapability\",\"injectGlobals\",\"filesToWatch\",\"execArgv\",\"runnerEnv\",\"runner\",\"shard\",\"specFileRetries\",\"specFileRetriesDelay\",\"specFileRetriesDeferred\",\"reporterSyncInterval\",\"reporterSyncTimeout\",\"cucumberFeaturesWithLineNumbers\",\"autoCompileOpts\",\"mochaOpts\",\"jasmineOpts\",\"cucumberOpts\",\"onPrepare\",\"onWorkerStart\",\"onWorkerEnd\",\"before\",\"beforeSession\",\"beforeSuite\",\"beforeHook\",\"beforeTest\",\"afterTest\",\"afterHook\",\"afterSuite\",\"afterSession\",\"after\",\"onComplete\",\"beforeAssertion\",\"afterAssertion\",\"beforeFeature\",\"beforeScenario\",\"beforeStep\",\"afterStep\",\"afterScenario\",\"afterFeature\",\"_\",\"suite\",\"$0\",\"ignoredWorkerServices\",\"wdi5\"]"}]}
COMMAND: POST /session/e7ea40813c72c691ec6b0d6c49a20f29/execute/async - {"script":"<script> [21126 bytes]","args":[35000]}
RESULT: {"script":"<script> [21126 bytes]","args":[35000]}
]]></system-out>
    </testcase>
  </testsuite>
  <testsuite timestamp="2025-04-26T15:20:42" time="191.508" tests="2" failures="0" errors="0" skipped="0">
    <properties>
      <property name="specId" value="0" />
      <property name="suiteName" value="Create partner US118246" />
      <property name="capabilities" value="chrome.135_0_7049_96.windows" />
      <property name="file" value="file:///D:/a/1/s/test/specs/BTS/create-partner.spec.js" />
    </properties>
    <testcase classname="chrome.135_0_7049_96.windows.Create_partner_US118246" name="Should create new external partner" time="78.881">
      <system-out><![CDATA[
COMMAND: POST /session/e7ea40813c72c691ec6b0d6c49a20f29/window/fullscreen - {}
RESULT: {}
COMMAND: POST /session/e7ea40813c72c691ec6b0d6c49a20f29/execute/async - {"script":"<script> [1562 bytes]","args":[{"selector":{"controlType":"sap.m.GenericTile","properties":{"header":"Manage Partners"}},"wdio_ui5_key":"sapm.GenericTile{\"header\":\"Manage Partners\"}"}]}
RESULT: {"script":"<script> [1562 bytes]","args":[{"selector":{"controlType":"sap.m.GenericTile","properties":{"header":"Manage Partners"}},"wdio_ui5_key":"sapm.GenericTile{\"header\":\"Manage Partners\"}"}]}
RESULT: undefined
COMMAND: POST /session/e7ea40813c72c691ec6b0d6c49a20f29/element - {"using":"xpath","value":"//*[@id=\"__tile38\"]"}
RESULT: {"using":"xpath","value":"//*[@id=\"__tile38\"]"}
COMMAND: POST /session/e7ea40813c72c691ec6b0d6c49a20f29/element/f.EA024E5748EAFE5A0CAA481A9B11DD22.d.69D261EBD2455B7A5B06E21D9B3B6FF5.e.2554/click - {}
RESULT: {}
COMMAND: POST /session/e7ea40813c72c691ec6b0d6c49a20f29/element - {"using":"xpath","value":"//button[@data-kt=\"addButton\"]"}
COMMAND: GET /session/e7ea40813c72c691ec6b0d6c49a20f29/screenshot - {}
RESULT: {"using":"xpath","value":"//button[@data-kt=\"addButton\"]"}
COMMAND: POST /session/e7ea40813c72c691ec6b0d6c49a20f29/elements - {"using":"xpath","value":"//button[@data-kt=\"addButton\"]"}
RESULT: {}
RESULT: {"using":"xpath","value":"//button[@data-kt=\"addButton\"]"}
COMMAND: POST /session/e7ea40813c72c691ec6b0d6c49a20f29/elements - {"using":"xpath","value":"//button[@data-kt=\"addButton\"]"}
RESULT: {"using":"xpath","value":"//button[@data-kt=\"addButton\"]"}
COMMAND: POST /session/e7ea40813c72c691ec6b0d6c49a20f29/elements - {"using":"xpath","value":"//button[@data-kt=\"addButton\"]"}
RESULT: {"using":"xpath","value":"//button[@data-kt=\"addButton\"]"}
COMMAND: POST /session/e7ea40813c72c691ec6b0d6c49a20f29/elements - {"using":"xpath","value":"//button[@data-kt=\"addButton\"]"}
RESULT: {"using":"xpath","value":"//button[@data-kt=\"addButton\"]"}
COMMAND: POST /session/e7ea40813c72c691ec6b0d6c49a20f29/elements - {"using":"xpath","value":"//button[@data-kt=\"addButton\"]"}
RESULT: {"using":"xpath","value":"//button[@data-kt=\"addButton\"]"}
COMMAND: POST /session/e7ea40813c72c691ec6b0d6c49a20f29/elements - {"using":"xpath","value":"//button[@data-kt=\"addButton\"]"}
RESULT: {"using":"xpath","value":"//button[@data-kt=\"addButton\"]"}
COMMAND: POST /session/e7ea40813c72c691ec6b0d6c49a20f29/elements - {"using":"xpath","value":"//button[@data-kt=\"addButton\"]"}
RESULT: {"using":"xpath","value":"//button[@data-kt=\"addButton\"]"}
COMMAND: POST /session/e7ea40813c72c691ec6b0d6c49a20f29/elements - {"using":"xpath","value":"//button[@data-kt=\"addButton\"]"}
RESULT: {"using":"xpath","value":"//button[@data-kt=\"addButton\"]"}
COMMAND: POST /session/e7ea40813c72c691ec6b0d6c49a20f29/elements - {"using":"xpath","value":"//button[@data-kt=\"addButton\"]"}
RESULT: {"using":"xpath","value":"//button[@data-kt=\"addButton\"]"}
COMMAND: POST /session/e7ea40813c72c691ec6b0d6c49a20f29/elements - {"using":"xpath","value":"//button[@data-kt=\"addButton\"]"}
RESULT: {"using":"xpath","value":"//button[@data-kt=\"addButton\"]"}
COMMAND: POST /session/e7ea40813c72c691ec6b0d6c49a20f29/elements - {"using":"xpath","value":"//button[@data-kt=\"addButton\"]"}
RESULT: {"using":"xpath","value":"//button[@data-kt=\"addButton\"]"}
COMMAND: POST /session/e7ea40813c72c691ec6b0d6c49a20f29/elements - {"using":"xpath","value":"//button[@data-kt=\"addButton\"]"}
RESULT: {"using":"xpath","value":"//button[@data-kt=\"addButton\"]"}
COMMAND: POST /session/e7ea40813c72c691ec6b0d6c49a20f29/elements - {"using":"xpath","value":"//button[@data-kt=\"addButton\"]"}
RESULT: {"using":"xpath","value":"//button[@data-kt=\"addButton\"]"}
COMMAND: POST /session/e7ea40813c72c691ec6b0d6c49a20f29/elements - {"using":"xpath","value":"//button[@data-kt=\"addButton\"]"}
RESULT: {"using":"xpath","value":"//button[@data-kt=\"addButton\"]"}
COMMAND: POST /session/e7ea40813c72c691ec6b0d6c49a20f29/elements - {"using":"xpath","value":"//button[@data-kt=\"addButton\"]"}
RESULT: {"using":"xpath","value":"//button[@data-kt=\"addButton\"]"}
COMMAND: POST /session/e7ea40813c72c691ec6b0d6c49a20f29/elements - {"using":"xpath","value":"//button[@data-kt=\"addButton\"]"}
RESULT: {"using":"xpath","value":"//button[@data-kt=\"addButton\"]"}
COMMAND: POST /session/e7ea40813c72c691ec6b0d6c49a20f29/elements - {"using":"xpath","value":"//button[@data-kt=\"addButton\"]"}
RESULT: {"using":"xpath","value":"//button[@data-kt=\"addButton\"]"}
COMMAND: POST /session/e7ea40813c72c691ec6b0d6c49a20f29/elements - {"using":"xpath","value":"//button[@data-kt=\"addButton\"]"}
RESULT: {"using":"xpath","value":"//button[@data-kt=\"addButton\"]"}
COMMAND: POST /session/e7ea40813c72c691ec6b0d6c49a20f29/elements - {"using":"xpath","value":"//button[@data-kt=\"addButton\"]"}
RESULT: {"using":"xpath","value":"//button[@data-kt=\"addButton\"]"}
COMMAND: POST /session/e7ea40813c72c691ec6b0d6c49a20f29/elements - {"using":"xpath","value":"//button[@data-kt=\"addButton\"]"}
RESULT: {"using":"xpath","value":"//button[@data-kt=\"addButton\"]"}
COMMAND: POST /session/e7ea40813c72c691ec6b0d6c49a20f29/elements - {"using":"xpath","value":"//button[@data-kt=\"addButton\"]"}
RESULT: {"using":"xpath","value":"//button[@data-kt=\"addButton\"]"}
COMMAND: POST /session/e7ea40813c72c691ec6b0d6c49a20f29/elements - {"using":"xpath","value":"//button[@data-kt=\"addButton\"]"}
RESULT: {"using":"xpath","value":"//button[@data-kt=\"addButton\"]"}
COMMAND: POST /session/e7ea40813c72c691ec6b0d6c49a20f29/elements - {"using":"xpath","value":"//button[@data-kt=\"addButton\"]"}
RESULT: {"using":"xpath","value":"//button[@data-kt=\"addButton\"]"}
COMMAND: POST /session/e7ea40813c72c691ec6b0d6c49a20f29/elements - {"using":"xpath","value":"//button[@data-kt=\"addButton\"]"}
RESULT: {"using":"xpath","value":"//button[@data-kt=\"addButton\"]"}
COMMAND: POST /session/e7ea40813c72c691ec6b0d6c49a20f29/elements - {"using":"xpath","value":"//button[@data-kt=\"addButton\"]"}
RESULT: {"using":"xpath","value":"//button[@data-kt=\"addButton\"]"}
COMMAND: POST /session/e7ea40813c72c691ec6b0d6c49a20f29/element - {"using":"xpath","value":"//button[@data-kt=\"addButton\"]"}
RESULT: {"using":"xpath","value":"//button[@data-kt=\"addButton\"]"}
COMMAND: POST /session/e7ea40813c72c691ec6b0d6c49a20f29/execute/sync - {"script":"<script> [8489 bytes]","args":[{"element-6066-11e4-a52e-4f735466cecf":"f.EA024E5748EAFE5A0CAA481A9B11DD22.d.69D261EBD2455B7A5B06E21D9B3B6FF5.e.2702","ELEMENT":"f.EA024E5748EAFE5A0CAA481A9B11DD22.d.69D261EBD2455B7A5B06E21D9B3B6FF5.e.2702"}]}
RESULT: {"script":"<script> [8489 bytes]","args":[{"element-6066-11e4-a52e-4f735466cecf":"f.EA024E5748EAFE5A0CAA481A9B11DD22.d.69D261EBD2455B7A5B06E21D9B3B6FF5.e.2702","ELEMENT":"f.EA024E5748EAFE5A0CAA481A9B11DD22.d.69D261EBD2455B7A5B06E21D9B3B6FF5.e.2702"}]}
COMMAND: GET /session/e7ea40813c72c691ec6b0d6c49a20f29/element/f.EA024E5748EAFE5A0CAA481A9B11DD22.d.69D261EBD2455B7A5B06E21D9B3B6FF5.e.2702/enabled - {}
COMMAND: GET /session/e7ea40813c72c691ec6b0d6c49a20f29/screenshot - {}
RESULT: {}
COMMAND: POST /session/e7ea40813c72c691ec6b0d6c49a20f29/execute/sync - {"script":"<script> [8489 bytes]","args":[{"element-6066-11e4-a52e-4f735466cecf":"f.EA024E5748EAFE5A0CAA481A9B11DD22.d.69D261EBD2455B7A5B06E21D9B3B6FF5.e.2702","ELEMENT":"f.EA024E5748EAFE5A0CAA481A9B11DD22.d.69D261EBD2455B7A5B06E21D9B3B6FF5.e.2702"}]}
COMMAND: GET /session/e7ea40813c72c691ec6b0d6c49a20f29/screenshot - {}
RESULT: {}
RESULT: {"script":"<script> [8489 bytes]","args":[{"element-6066-11e4-a52e-4f735466cecf":"f.EA024E5748EAFE5A0CAA481A9B11DD22.d.69D261EBD2455B7A5B06E21D9B3B6FF5.e.2702","ELEMENT":"f.EA024E5748EAFE5A0CAA481A9B11DD22.d.69D261EBD2455B7A5B06E21D9B3B6FF5.e.2702"}]}
COMMAND: POST /session/e7ea40813c72c691ec6b0d6c49a20f29/execute/sync - {"script":"<script> [5351 bytes]","args":[{"element-6066-11e4-a52e-4f735466cecf":"f.EA024E5748EAFE5A0CAA481A9B11DD22.d.69D261EBD2455B7A5B06E21D9B3B6FF5.e.2702","ELEMENT":"f.EA024E5748EAFE5A0CAA481A9B11DD22.d.69D261EBD2455B7A5B06E21D9B3B6FF5.e.2702"}]}
COMMAND: GET /session/e7ea40813c72c691ec6b0d6c49a20f29/screenshot - {}
RESULT: {}
RESULT: {"script":"<script> [5351 bytes]","args":[{"element-6066-11e4-a52e-4f735466cecf":"f.EA024E5748EAFE5A0CAA481A9B11DD22.d.69D261EBD2455B7A5B06E21D9B3B6FF5.e.2702","ELEMENT":"f.EA024E5748EAFE5A0CAA481A9B11DD22.d.69D261EBD2455B7A5B06E21D9B3B6FF5.e.2702"}]}
COMMAND: POST /session/e7ea40813c72c691ec6b0d6c49a20f29/element/f.EA024E5748EAFE5A0CAA481A9B11DD22.d.69D261EBD2455B7A5B06E21D9B3B6FF5.e.2702/click - {}
COMMAND: GET /session/e7ea40813c72c691ec6b0d6c49a20f29/screenshot - {}
RESULT: {}
RESULT: {}
COMMAND: GET /session/e7ea40813c72c691ec6b0d6c49a20f29/screenshot - {}
COMMAND: POST /session/e7ea40813c72c691ec6b0d6c49a20f29/execute/async - {"script":"<script> [1562 bytes]","args":[{"selector":{"id":"application-managepartners-display-component---NewPartner--addressDetailDetailsName1","interaction":{"idSuffix":"inner"}},"wdio_ui5_key":"applicationmanagepartners-display-component---NewPartner--addressDetailDetailsName1"}]}
RESULT: {}
RESULT: {}
RESULT: {"script":"<script> [1562 bytes]","args":[{"selector":{"id":"application-managepartners-display-component---NewPartner--addressDetailDetailsName1","interaction":{"idSuffix":"inner"}},"wdio_ui5_key":"applicationmanagepartners-display-component---NewPartner--addressDetailDetailsName1"}]}
RESULT: undefined
COMMAND: POST /session/e7ea40813c72c691ec6b0d6c49a20f29/execute/async - {"script":"<script> [776 bytes]","args":[{"enterText":"External Partner WDIO","selector":{"id":"application-managepartners-display-component---NewPartner--addressDetailDetailsName1","interaction":{"idSuffix":"inner"}},"clearTextFirst":true,"interactionType":"ENTER_TEXT"}]}
RESULT: {"script":"<script> [776 bytes]","args":[{"enterText":"External Partner WDIO","selector":{"id":"application-managepartners-display-component---NewPartner--addressDetailDetailsName1","interaction":{"idSuffix":"inner"}},"clearTextFirst":true,"interactionType":"ENTER_TEXT"}]}
COMMAND: POST /session/e7ea40813c72c691ec6b0d6c49a20f29/execute/async - {"script":"<script> [1562 bytes]","args":[{"selector":{"id":"application-managepartners-display-component---NewPartner--addressDetailDetailsLanguage-arrow"},"wdio_ui5_key":"applicationmanagepartners-display-component---NewPartner--addressDetailDetailsLanguage-arrow"}]}
RESULT: {"script":"<script> [1562 bytes]","args":[{"selector":{"id":"application-managepartners-display-component---NewPartner--addressDetailDetailsLanguage-arrow"},"wdio_ui5_key":"applicationmanagepartners-display-component---NewPartner--addressDetailDetailsLanguage-arrow"}]}
RESULT: undefined
COMMAND: POST /session/e7ea40813c72c691ec6b0d6c49a20f29/element - {"using":"xpath","value":"//*[@id=\"application-managepartners-display-component---NewPartner--addressDetailDetailsLanguage-arrow\"]"}
RESULT: {"using":"xpath","value":"//*[@id=\"application-managepartners-display-component---NewPartner--addressDetailDetailsLanguage-arrow\"]"}
COMMAND: POST /session/e7ea40813c72c691ec6b0d6c49a20f29/element/f.EA024E5748EAFE5A0CAA481A9B11DD22.d.69D261EBD2455B7A5B06E21D9B3B6FF5.e.3154/click - {}
RESULT: {}
COMMAND: POST /session/e7ea40813c72c691ec6b0d6c49a20f29/element - {"using":"xpath","value":"//span[contains(text(), \"English\")]"}
COMMAND: GET /session/e7ea40813c72c691ec6b0d6c49a20f29/screenshot - {}
RESULT: {"using":"xpath","value":"//span[contains(text(), \"English\")]"}
COMMAND: POST /session/e7ea40813c72c691ec6b0d6c49a20f29/element/f.EA024E5748EAFE5A0CAA481A9B11DD22.d.69D261EBD2455B7A5B06E21D9B3B6FF5.e.3155/click - {}
RESULT: {}
RESULT: {}
COMMAND: GET /session/e7ea40813c72c691ec6b0d6c49a20f29/screenshot - {}
RESULT: {}
COMMAND: POST /session/e7ea40813c72c691ec6b0d6c49a20f29/execute/async - {"script":"<script> [1562 bytes]","args":[{"selector":{"id":"application-managepartners-display-component---NewPartner--addressDetailDetailsCity1","interaction":{"idSuffix":"inner"}},"wdio_ui5_key":"applicationmanagepartners-display-component---NewPartner--addressDetailDetailsCity1"}]}
RESULT: {"script":"<script> [1562 bytes]","args":[{"selector":{"id":"application-managepartners-display-component---NewPartner--addressDetailDetailsCity1","interaction":{"idSuffix":"inner"}},"wdio_ui5_key":"applicationmanagepartners-display-component---NewPartner--addressDetailDetailsCity1"}]}
RESULT: undefined
COMMAND: POST /session/e7ea40813c72c691ec6b0d6c49a20f29/execute/async - {"script":"<script> [776 bytes]","args":[{"enterText":"Rosario","selector":{"id":"application-managepartners-display-component---NewPartner--addressDetailDetailsCity1","interaction":{"idSuffix":"inner"}},"clearTextFirst":true,"interactionType":"ENTER_TEXT"}]}
RESULT: {"script":"<script> [776 bytes]","args":[{"enterText":"Rosario","selector":{"id":"application-managepartners-display-component---NewPartner--addressDetailDetailsCity1","interaction":{"idSuffix":"inner"}},"clearTextFirst":true,"interactionType":"ENTER_TEXT"}]}
COMMAND: POST /session/e7ea40813c72c691ec6b0d6c49a20f29/execute/async - {"script":"<script> [1562 bytes]","args":[{"selector":{"id":"application-managepartners-display-component---NewPartner--addressDetailDetailsCountry-arrow"},"wdio_ui5_key":"applicationmanagepartners-display-component---NewPartner--addressDetailDetailsCountry-arrow"}]}
RESULT: {"script":"<script> [1562 bytes]","args":[{"selector":{"id":"application-managepartners-display-component---NewPartner--addressDetailDetailsCountry-arrow"},"wdio_ui5_key":"applicationmanagepartners-display-component---NewPartner--addressDetailDetailsCountry-arrow"}]}
RESULT: undefined
COMMAND: POST /session/e7ea40813c72c691ec6b0d6c49a20f29/element - {"using":"xpath","value":"//*[@id=\"application-managepartners-display-component---NewPartner--addressDetailDetailsCountry-arrow\"]"}
RESULT: {"using":"xpath","value":"//*[@id=\"application-managepartners-display-component---NewPartner--addressDetailDetailsCountry-arrow\"]"}
COMMAND: POST /session/e7ea40813c72c691ec6b0d6c49a20f29/element/f.EA024E5748EAFE5A0CAA481A9B11DD22.d.69D261EBD2455B7A5B06E21D9B3B6FF5.e.3141/click - {}
RESULT: {}
COMMAND: POST /session/e7ea40813c72c691ec6b0d6c49a20f29/element - {"using":"xpath","value":"//span[contains(text(), \"Argentina\")]"}
COMMAND: GET /session/e7ea40813c72c691ec6b0d6c49a20f29/screenshot - {}
RESULT: {"using":"xpath","value":"//span[contains(text(), \"Argentina\")]"}
COMMAND: POST /session/e7ea40813c72c691ec6b0d6c49a20f29/element/f.EA024E5748EAFE5A0CAA481A9B11DD22.d.69D261EBD2455B7A5B06E21D9B3B6FF5.e.3157/click - {}
RESULT: {}
RESULT: {}
COMMAND: GET /session/e7ea40813c72c691ec6b0d6c49a20f29/screenshot - {}
RESULT: {}
COMMAND: POST /session/e7ea40813c72c691ec6b0d6c49a20f29/element - {"using":"xpath","value":"//bdi[contains(text(), \"Commercial\")]"}
RESULT: {"using":"xpath","value":"//bdi[contains(text(), \"Commercial\")]"}
COMMAND: POST /session/e7ea40813c72c691ec6b0d6c49a20f29/element/f.EA024E5748EAFE5A0CAA481A9B11DD22.d.69D261EBD2455B7A5B06E21D9B3B6FF5.e.3158/click - {}
RESULT: {}
COMMAND: GET /session/e7ea40813c72c691ec6b0d6c49a20f29/screenshot - {}
RESULT: {}
COMMAND: POST /session/e7ea40813c72c691ec6b0d6c49a20f29/execute/async - {"script":"<script> [1562 bytes]","args":[{"selector":{"id":"application-managepartners-display-component---NewPartner--partnerDetailInternal-arrow"},"wdio_ui5_key":"applicationmanagepartners-display-component---NewPartner--partnerDetailInternal-arrow"}]}
RESULT: {"script":"<script> [1562 bytes]","args":[{"selector":{"id":"application-managepartners-display-component---NewPartner--partnerDetailInternal-arrow"},"wdio_ui5_key":"applicationmanagepartners-display-component---NewPartner--partnerDetailInternal-arrow"}]}
RESULT: undefined
COMMAND: POST /session/e7ea40813c72c691ec6b0d6c49a20f29/element - {"using":"xpath","value":"//*[@id=\"application-managepartners-display-component---NewPartner--partnerDetailInternal-arrow\"]"}
RESULT: {"using":"xpath","value":"//*[@id=\"application-managepartners-display-component---NewPartner--partnerDetailInternal-arrow\"]"}
COMMAND: POST /session/e7ea40813c72c691ec6b0d6c49a20f29/element/f.EA024E5748EAFE5A0CAA481A9B11DD22.d.69D261EBD2455B7A5B06E21D9B3B6FF5.e.3164/click - {}
RESULT: {}
COMMAND: POST /session/e7ea40813c72c691ec6b0d6c49a20f29/element - {"using":"xpath","value":"//span[contains(text(), \"External partner\")]"}
COMMAND: GET /session/e7ea40813c72c691ec6b0d6c49a20f29/screenshot - {}
RESULT: {"using":"xpath","value":"//span[contains(text(), \"External partner\")]"}
COMMAND: POST /session/e7ea40813c72c691ec6b0d6c49a20f29/element/f.EA024E5748EAFE5A0CAA481A9B11DD22.d.69D261EBD2455B7A5B06E21D9B3B6FF5.e.3167/click - {}
RESULT: {}
RESULT: {}
COMMAND: POST /session/e7ea40813c72c691ec6b0d6c49a20f29/execute/async - {"script":"<script> [1562 bytes]","args":[{"selector":{"id":"application-managepartners-display-component---NewPartner--partnerDetailsCurrency-arrow"},"wdio_ui5_key":"applicationmanagepartners-display-component---NewPartner--partnerDetailsCurrency-arrow"}]}
COMMAND: GET /session/e7ea40813c72c691ec6b0d6c49a20f29/screenshot - {}
RESULT: {"script":"<script> [1562 bytes]","args":[{"selector":{"id":"application-managepartners-display-component---NewPartner--partnerDetailsCurrency-arrow"},"wdio_ui5_key":"applicationmanagepartners-display-component---NewPartner--partnerDetailsCurrency-arrow"}]}
RESULT: undefined
COMMAND: POST /session/e7ea40813c72c691ec6b0d6c49a20f29/element - {"using":"xpath","value":"//*[@id=\"application-managepartners-display-component---NewPartner--partnerDetailsCurrency-arrow\"]"}
RESULT: {}
RESULT: {"using":"xpath","value":"//*[@id=\"application-managepartners-display-component---NewPartner--partnerDetailsCurrency-arrow\"]"}
COMMAND: POST /session/e7ea40813c72c691ec6b0d6c49a20f29/element/f.EA024E5748EAFE5A0CAA481A9B11DD22.d.69D261EBD2455B7A5B06E21D9B3B6FF5.e.3172/click - {}
RESULT: {}
COMMAND: POST /session/e7ea40813c72c691ec6b0d6c49a20f29/element - {"using":"xpath","value":"//span[contains(text(), \"US Dollar\")]"}
COMMAND: GET /session/e7ea40813c72c691ec6b0d6c49a20f29/screenshot - {}
RESULT: {"using":"xpath","value":"//span[contains(text(), \"US Dollar\")]"}
COMMAND: POST /session/e7ea40813c72c691ec6b0d6c49a20f29/element/f.EA024E5748EAFE5A0CAA481A9B11DD22.d.69D261EBD2455B7A5B06E21D9B3B6FF5.e.3173/click - {}
RESULT: {}
RESULT: {}
COMMAND: GET /session/e7ea40813c72c691ec6b0d6c49a20f29/screenshot - {}
RESULT: {}
COMMAND: POST /session/e7ea40813c72c691ec6b0d6c49a20f29/element - {"using":"xpath","value":"//input[@id=\"application-managepartners-display-component---NewPartner--companyCodeComboBox-inner\"]"}
RESULT: {"using":"xpath","value":"//input[@id=\"application-managepartners-display-component---NewPartner--companyCodeComboBox-inner\"]"}
COMMAND: POST /session/e7ea40813c72c691ec6b0d6c49a20f29/element/f.EA024E5748EAFE5A0CAA481A9B11DD22.d.69D261EBD2455B7A5B06E21D9B3B6FF5.e.3015/clear - {}
RESULT: {}
COMMAND: POST /session/e7ea40813c72c691ec6b0d6c49a20f29/element/f.EA024E5748EAFE5A0CAA481A9B11DD22.d.69D261EBD2455B7A5B06E21D9B3B6FF5.e.3015/value - {"text":"C002"}
COMMAND: GET /session/e7ea40813c72c691ec6b0d6c49a20f29/screenshot - {}
RESULT: {"text":"C002"}
COMMAND: GET /session/e7ea40813c72c691ec6b0d6c49a20f29/screenshot - {}
RESULT: {}
RESULT: {}
COMMAND: POST /session/e7ea40813c72c691ec6b0d6c49a20f29/element - {"using":"xpath","value":"//span[contains(text(), \"C002\")]"}
RESULT: {"using":"xpath","value":"//span[contains(text(), \"C002\")]"}
COMMAND: POST /session/e7ea40813c72c691ec6b0d6c49a20f29/element/f.EA024E5748EAFE5A0CAA481A9B11DD22.d.69D261EBD2455B7A5B06E21D9B3B6FF5.e.3177/click - {}
RESULT: {}
COMMAND: GET /session/e7ea40813c72c691ec6b0d6c49a20f29/screenshot - {}
RESULT: {}
COMMAND: POST /session/e7ea40813c72c691ec6b0d6c49a20f29/execute/async - {"script":"<script> [1562 bytes]","args":[{"selector":{"id":"application-managepartners-display-component---NewPartner--btnAddTableRow-img"},"wdio_ui5_key":"applicationmanagepartners-display-component---NewPartner--btnAddTableRow-img"}]}
RESULT: {"script":"<script> [1562 bytes]","args":[{"selector":{"id":"application-managepartners-display-component---NewPartner--btnAddTableRow-img"},"wdio_ui5_key":"applicationmanagepartners-display-component---NewPartner--btnAddTableRow-img"}]}
RESULT: undefined
COMMAND: POST /session/e7ea40813c72c691ec6b0d6c49a20f29/element - {"using":"xpath","value":"//*[@id=\"application-managepartners-display-component---NewPartner--btnAddTableRow-img\"]"}
RESULT: {"using":"xpath","value":"//*[@id=\"application-managepartners-display-component---NewPartner--btnAddTableRow-img\"]"}
COMMAND: POST /session/e7ea40813c72c691ec6b0d6c49a20f29/element/f.EA024E5748EAFE5A0CAA481A9B11DD22.d.69D261EBD2455B7A5B06E21D9B3B6FF5.e.3178/click - {}
RESULT: {}
COMMAND: GET /session/e7ea40813c72c691ec6b0d6c49a20f29/screenshot - {}
RESULT: {}
COMMAND: POST /session/e7ea40813c72c691ec6b0d6c49a20f29/element - {"using":"xpath","value":"//input[@id=\"application-managepartners-display-component---NewPartner--assignmentYard-application-managepartners-display-component---NewPartner--assignmentsTable-0-inner\"]"}
RESULT: {"using":"xpath","value":"//input[@id=\"application-managepartners-display-component---NewPartner--assignmentYard-application-managepartners-display-component---NewPartner--assignmentsTable-0-inner\"]"}
COMMAND: POST /session/e7ea40813c72c691ec6b0d6c49a20f29/element/f.EA024E5748EAFE5A0CAA481A9B11DD22.d.69D261EBD2455B7A5B06E21D9B3B6FF5.e.3181/clear - {}
RESULT: {}
COMMAND: POST /session/e7ea40813c72c691ec6b0d6c49a20f29/element/f.EA024E5748EAFE5A0CAA481A9B11DD22.d.69D261EBD2455B7A5B06E21D9B3B6FF5.e.3181/value - {"text":"254"}
COMMAND: GET /session/e7ea40813c72c691ec6b0d6c49a20f29/screenshot - {}
RESULT: {}
RESULT: {"text":"254"}
COMMAND: GET /session/e7ea40813c72c691ec6b0d6c49a20f29/screenshot - {}
RESULT: {}
COMMAND: POST /session/e7ea40813c72c691ec6b0d6c49a20f29/element - {"using":"xpath","value":"//li[.//span[text()='254']]"}
RESULT: {"using":"xpath","value":"//li[.//span[text()='254']]"}
COMMAND: POST /session/e7ea40813c72c691ec6b0d6c49a20f29/element/f.EA024E5748EAFE5A0CAA481A9B11DD22.d.69D261EBD2455B7A5B06E21D9B3B6FF5.e.3189/click - {}
RESULT: {}
COMMAND: GET /session/e7ea40813c72c691ec6b0d6c49a20f29/screenshot - {}
RESULT: {}
COMMAND: POST /session/e7ea40813c72c691ec6b0d6c49a20f29/actions - {"actions":[{"id":"action6","type":"key","parameters":{},"actions":[{"type":"keyDown","value":"î€‡"},{"type":"pause","duration":10},{"type":"keyUp","value":"î€‡"}]}]}
RESULT: {"actions":[{"id":"action6","type":"key","parameters":{},"actions":[{"type":"keyDown","value":"î€‡"},{"type":"pause","duration":10},{"type":"keyUp","value":"î€‡"}]}]}
COMMAND: POST /session/e7ea40813c72c691ec6b0d6c49a20f29/element - {"using":"xpath","value":"//td[contains(@id, \"assignmentsTable-0-cell2\")]/div/div"}
COMMAND: GET /session/e7ea40813c72c691ec6b0d6c49a20f29/screenshot - {}
RESULT: {"using":"xpath","value":"//td[contains(@id, \"assignmentsTable-0-cell2\")]/div/div"}
COMMAND: POST /session/e7ea40813c72c691ec6b0d6c49a20f29/element/f.EA024E5748EAFE5A0CAA481A9B11DD22.d.69D261EBD2455B7A5B06E21D9B3B6FF5.e.3192/click - {}
RESULT: {}
RESULT: {}
COMMAND: GET /session/e7ea40813c72c691ec6b0d6c49a20f29/screenshot - {}
RESULT: {}
COMMAND: POST /session/e7ea40813c72c691ec6b0d6c49a20f29/element - {"using":"xpath","value":"//button[@data-kt=\"saveButton\"]"}
RESULT: {"using":"xpath","value":"//button[@data-kt=\"saveButton\"]"}
COMMAND: POST /session/e7ea40813c72c691ec6b0d6c49a20f29/element/f.EA024E5748EAFE5A0CAA481A9B11DD22.d.69D261EBD2455B7A5B06E21D9B3B6FF5.e.3065/click - {}
RESULT: {}
COMMAND: GET /session/e7ea40813c72c691ec6b0d6c49a20f29/screenshot - {}
RESULT: {}
COMMAND: POST /session/e7ea40813c72c691ec6b0d6c49a20f29/element - {"using":"xpath","value":"//header[contains(@id, 'ObjectPageLayout-headerTitle')]/div[1]/div[2]/div[2]/span[1]"}
RESULT: {"using":"xpath","value":"//header[contains(@id, 'ObjectPageLayout-headerTitle')]/div[1]/div[2]/div[2]/span[1]"}
COMMAND: POST /session/e7ea40813c72c691ec6b0d6c49a20f29/elements - {"using":"xpath","value":"//header[contains(@id, 'ObjectPageLayout-headerTitle')]/div[1]/div[2]/div[2]/span[1]"}
RESULT: {"using":"xpath","value":"//header[contains(@id, 'ObjectPageLayout-headerTitle')]/div[1]/div[2]/div[2]/span[1]"}
COMMAND: POST /session/e7ea40813c72c691ec6b0d6c49a20f29/execute/sync - {"script":"<script> [56 bytes]","args":[{"element-6066-11e4-a52e-4f735466cecf":"f.EA024E5748EAFE5A0CAA481A9B11DD22.d.69D261EBD2455B7A5B06E21D9B3B6FF5.e.3353","ELEMENT":"f.EA024E5748EAFE5A0CAA481A9B11DD22.d.69D261EBD2455B7A5B06E21D9B3B6FF5.e.3353"}]}
RESULT: {"script":"<script> [56 bytes]","args":[{"element-6066-11e4-a52e-4f735466cecf":"f.EA024E5748EAFE5A0CAA481A9B11DD22.d.69D261EBD2455B7A5B06E21D9B3B6FF5.e.3353","ELEMENT":"f.EA024E5748EAFE5A0CAA481A9B11DD22.d.69D261EBD2455B7A5B06E21D9B3B6FF5.e.3353"}]}
COMMAND: POST /session/e7ea40813c72c691ec6b0d6c49a20f29/element - {"using":"css selector","value":"#shell-header-logo"}
COMMAND: GET /session/e7ea40813c72c691ec6b0d6c49a20f29/screenshot - {}
RESULT: {"using":"css selector","value":"#shell-header-logo"}
COMMAND: POST /session/e7ea40813c72c691ec6b0d6c49a20f29/element/f.EA024E5748EAFE5A0CAA481A9B11DD22.d.69D261EBD2455B7A5B06E21D9B3B6FF5.e.2667/click - {}
RESULT: {}
RESULT: {}
COMMAND: GET /session/e7ea40813c72c691ec6b0d6c49a20f29/screenshot - {}
RESULT: {}
COMMAND: POST /session/e7ea40813c72c691ec6b0d6c49a20f29/execute/sync - {"script":"<script> [299 bytes]","args":[["getModel","getResource"]]}
RESULT: {"script":"<script> [299 bytes]","args":[["getModel","getResource"]]}
COMMAND: GET /session/e7ea40813c72c691ec6b0d6c49a20f29/screenshot - {}
]]></system-out>
    </testcase>
    <testcase classname="chrome.135_0_7049_96.windows.Create_partner_US118246" name="Should create new external WHM partner" time="64.689">
      <system-out><![CDATA[
COMMAND: POST /session/e7ea40813c72c691ec6b0d6c49a20f29/window/fullscreen - {}
RESULT: {}
RESULT: {}
RESULT: undefined
COMMAND: POST /session/e7ea40813c72c691ec6b0d6c49a20f29/element - {"using":"xpath","value":"//*[@id=\"__tile38\"]"}
RESULT: {"using":"xpath","value":"//*[@id=\"__tile38\"]"}
COMMAND: POST /session/e7ea40813c72c691ec6b0d6c49a20f29/element/f.EA024E5748EAFE5A0CAA481A9B11DD22.d.69D261EBD2455B7A5B06E21D9B3B6FF5.e.2554/click - {}
RESULT: {}
COMMAND: POST /session/e7ea40813c72c691ec6b0d6c49a20f29/element - {"using":"xpath","value":"//button[@data-kt=\"addButton\"]"}
COMMAND: GET /session/e7ea40813c72c691ec6b0d6c49a20f29/screenshot - {}
RESULT: {"using":"xpath","value":"//button[@data-kt=\"addButton\"]"}
COMMAND: POST /session/e7ea40813c72c691ec6b0d6c49a20f29/elements - {"using":"xpath","value":"//button[@data-kt=\"addButton\"]"}
RESULT: {}
RESULT: {"using":"xpath","value":"//button[@data-kt=\"addButton\"]"}
COMMAND: POST /session/e7ea40813c72c691ec6b0d6c49a20f29/elements - {"using":"xpath","value":"//button[@data-kt=\"addButton\"]"}
RESULT: {"using":"xpath","value":"//button[@data-kt=\"addButton\"]"}
COMMAND: POST /session/e7ea40813c72c691ec6b0d6c49a20f29/element - {"using":"xpath","value":"//button[@data-kt=\"addButton\"]"}
RESULT: {"using":"xpath","value":"//button[@data-kt=\"addButton\"]"}
COMMAND: POST /session/e7ea40813c72c691ec6b0d6c49a20f29/execute/sync - {"script":"<script> [8489 bytes]","args":[{"element-6066-11e4-a52e-4f735466cecf":"f.EA024E5748EAFE5A0CAA481A9B11DD22.d.69D261EBD2455B7A5B06E21D9B3B6FF5.e.3400","ELEMENT":"f.EA024E5748EAFE5A0CAA481A9B11DD22.d.69D261EBD2455B7A5B06E21D9B3B6FF5.e.3400"}]}
RESULT: {"script":"<script> [8489 bytes]","args":[{"element-6066-11e4-a52e-4f735466cecf":"f.EA024E5748EAFE5A0CAA481A9B11DD22.d.69D261EBD2455B7A5B06E21D9B3B6FF5.e.3400","ELEMENT":"f.EA024E5748EAFE5A0CAA481A9B11DD22.d.69D261EBD2455B7A5B06E21D9B3B6FF5.e.3400"}]}
COMMAND: GET /session/e7ea40813c72c691ec6b0d6c49a20f29/element/f.EA024E5748EAFE5A0CAA481A9B11DD22.d.69D261EBD2455B7A5B06E21D9B3B6FF5.e.3400/enabled - {}
COMMAND: GET /session/e7ea40813c72c691ec6b0d6c49a20f29/screenshot - {}
RESULT: {}
COMMAND: POST /session/e7ea40813c72c691ec6b0d6c49a20f29/execute/sync - {"script":"<script> [8489 bytes]","args":[{"element-6066-11e4-a52e-4f735466cecf":"f.EA024E5748EAFE5A0CAA481A9B11DD22.d.69D261EBD2455B7A5B06E21D9B3B6FF5.e.3400","ELEMENT":"f.EA024E5748EAFE5A0CAA481A9B11DD22.d.69D261EBD2455B7A5B06E21D9B3B6FF5.e.3400"}]}
COMMAND: GET /session/e7ea40813c72c691ec6b0d6c49a20f29/screenshot - {}
RESULT: {}
RESULT: {"script":"<script> [8489 bytes]","args":[{"element-6066-11e4-a52e-4f735466cecf":"f.EA024E5748EAFE5A0CAA481A9B11DD22.d.69D261EBD2455B7A5B06E21D9B3B6FF5.e.3400","ELEMENT":"f.EA024E5748EAFE5A0CAA481A9B11DD22.d.69D261EBD2455B7A5B06E21D9B3B6FF5.e.3400"}]}
COMMAND: POST /session/e7ea40813c72c691ec6b0d6c49a20f29/execute/sync - {"script":"<script> [5351 bytes]","args":[{"element-6066-11e4-a52e-4f735466cecf":"f.EA024E5748EAFE5A0CAA481A9B11DD22.d.69D261EBD2455B7A5B06E21D9B3B6FF5.e.3400","ELEMENT":"f.EA024E5748EAFE5A0CAA481A9B11DD22.d.69D261EBD2455B7A5B06E21D9B3B6FF5.e.3400"}]}
COMMAND: GET /session/e7ea40813c72c691ec6b0d6c49a20f29/screenshot - {}
RESULT: {}
RESULT: {"script":"<script> [5351 bytes]","args":[{"element-6066-11e4-a52e-4f735466cecf":"f.EA024E5748EAFE5A0CAA481A9B11DD22.d.69D261EBD2455B7A5B06E21D9B3B6FF5.e.3400","ELEMENT":"f.EA024E5748EAFE5A0CAA481A9B11DD22.d.69D261EBD2455B7A5B06E21D9B3B6FF5.e.3400"}]}
COMMAND: POST /session/e7ea40813c72c691ec6b0d6c49a20f29/element/f.EA024E5748EAFE5A0CAA481A9B11DD22.d.69D261EBD2455B7A5B06E21D9B3B6FF5.e.3400/click - {}
COMMAND: GET /session/e7ea40813c72c691ec6b0d6c49a20f29/screenshot - {}
RESULT: {}
RESULT: {}
COMMAND: GET /session/e7ea40813c72c691ec6b0d6c49a20f29/screenshot - {}
RESULT: undefined
COMMAND: POST /session/e7ea40813c72c691ec6b0d6c49a20f29/execute/async - {"script":"<script> [776 bytes]","args":[{"enterText":"WHM Partner WDIO","selector":{"id":"application-managepartners-display-component---NewPartner--addressDetailDetailsName1","interaction":{"idSuffix":"inner"}},"clearTextFirst":true,"interactionType":"ENTER_TEXT"}]}
RESULT: {}
RESULT: {}
RESULT: {"script":"<script> [776 bytes]","args":[{"enterText":"WHM Partner WDIO","selector":{"id":"application-managepartners-display-component---NewPartner--addressDetailDetailsName1","interaction":{"idSuffix":"inner"}},"clearTextFirst":true,"interactionType":"ENTER_TEXT"}]}
RESULT: undefined
COMMAND: POST /session/e7ea40813c72c691ec6b0d6c49a20f29/element - {"using":"xpath","value":"//*[@id=\"application-managepartners-display-component---NewPartner--addressDetailDetailsLanguage-arrow\"]"}
RESULT: {"using":"xpath","value":"//*[@id=\"application-managepartners-display-component---NewPartner--addressDetailDetailsLanguage-arrow\"]"}
COMMAND: POST /session/e7ea40813c72c691ec6b0d6c49a20f29/element/f.EA024E5748EAFE5A0CAA481A9B11DD22.d.69D261EBD2455B7A5B06E21D9B3B6FF5.e.3846/click - {}
RESULT: {}
COMMAND: POST /session/e7ea40813c72c691ec6b0d6c49a20f29/element - {"using":"xpath","value":"//span[contains(text(), \"English\")]"}
COMMAND: GET /session/e7ea40813c72c691ec6b0d6c49a20f29/screenshot - {}
RESULT: {"using":"xpath","value":"//span[contains(text(), \"English\")]"}
COMMAND: POST /session/e7ea40813c72c691ec6b0d6c49a20f29/element/f.EA024E5748EAFE5A0CAA481A9B11DD22.d.69D261EBD2455B7A5B06E21D9B3B6FF5.e.3847/click - {}
RESULT: {}
RESULT: {}
COMMAND: GET /session/e7ea40813c72c691ec6b0d6c49a20f29/screenshot - {}
RESULT: {}
RESULT: undefined
COMMAND: POST /session/e7ea40813c72c691ec6b0d6c49a20f29/execute/async - {"script":"<script> [776 bytes]","args":[{"enterText":"Rosario","selector":{"id":"application-managepartners-display-component---NewPartner--addressDetailDetailsCity1","interaction":{"idSuffix":"inner"}},"clearTextFirst":true,"interactionType":"ENTER_TEXT"}]}
RESULT: {"script":"<script> [776 bytes]","args":[{"enterText":"Rosario","selector":{"id":"application-managepartners-display-component---NewPartner--addressDetailDetailsCity1","interaction":{"idSuffix":"inner"}},"clearTextFirst":true,"interactionType":"ENTER_TEXT"}]}
RESULT: undefined
COMMAND: POST /session/e7ea40813c72c691ec6b0d6c49a20f29/element - {"using":"xpath","value":"//*[@id=\"application-managepartners-display-component---NewPartner--addressDetailDetailsCountry-arrow\"]"}
RESULT: {"using":"xpath","value":"//*[@id=\"application-managepartners-display-component---NewPartner--addressDetailDetailsCountry-arrow\"]"}
COMMAND: POST /session/e7ea40813c72c691ec6b0d6c49a20f29/element/f.EA024E5748EAFE5A0CAA481A9B11DD22.d.69D261EBD2455B7A5B06E21D9B3B6FF5.e.3834/click - {}
RESULT: {}
COMMAND: POST /session/e7ea40813c72c691ec6b0d6c49a20f29/element - {"using":"xpath","value":"//span[contains(text(), \"Argentina\")]"}
COMMAND: GET /session/e7ea40813c72c691ec6b0d6c49a20f29/screenshot - {}
RESULT: {"using":"xpath","value":"//span[contains(text(), \"Argentina\")]"}
COMMAND: POST /session/e7ea40813c72c691ec6b0d6c49a20f29/element/f.EA024E5748EAFE5A0CAA481A9B11DD22.d.69D261EBD2455B7A5B06E21D9B3B6FF5.e.3848/click - {}
RESULT: {}
RESULT: {}
COMMAND: GET /session/e7ea40813c72c691ec6b0d6c49a20f29/screenshot - {}
RESULT: {}
COMMAND: POST /session/e7ea40813c72c691ec6b0d6c49a20f29/element - {"using":"xpath","value":"//bdi[contains(text(), \"Commercial\")]"}
RESULT: {"using":"xpath","value":"//bdi[contains(text(), \"Commercial\")]"}
COMMAND: POST /session/e7ea40813c72c691ec6b0d6c49a20f29/element/f.EA024E5748EAFE5A0CAA481A9B11DD22.d.69D261EBD2455B7A5B06E21D9B3B6FF5.e.3849/click - {}
RESULT: {}
COMMAND: GET /session/e7ea40813c72c691ec6b0d6c49a20f29/screenshot - {}
RESULT: {}
RESULT: undefined
COMMAND: POST /session/e7ea40813c72c691ec6b0d6c49a20f29/element - {"using":"xpath","value":"//*[@id=\"application-managepartners-display-component---NewPartner--partnerDetailInternal-arrow\"]"}
RESULT: {"using":"xpath","value":"//*[@id=\"application-managepartners-display-component---NewPartner--partnerDetailInternal-arrow\"]"}
COMMAND: POST /session/e7ea40813c72c691ec6b0d6c49a20f29/element/f.EA024E5748EAFE5A0CAA481A9B11DD22.d.69D261EBD2455B7A5B06E21D9B3B6FF5.e.3855/click - {}
RESULT: {}
COMMAND: POST /session/e7ea40813c72c691ec6b0d6c49a20f29/element - {"using":"xpath","value":"//span[contains(text(), \"External partner\")]"}
COMMAND: GET /session/e7ea40813c72c691ec6b0d6c49a20f29/screenshot - {}
RESULT: {"using":"xpath","value":"//span[contains(text(), \"External partner\")]"}
COMMAND: POST /session/e7ea40813c72c691ec6b0d6c49a20f29/element/f.EA024E5748EAFE5A0CAA481A9B11DD22.d.69D261EBD2455B7A5B06E21D9B3B6FF5.e.3858/click - {}
RESULT: {}
RESULT: {}
RESULT: undefined
COMMAND: POST /session/e7ea40813c72c691ec6b0d6c49a20f29/element - {"using":"xpath","value":"//*[@id=\"application-managepartners-display-component---NewPartner--partnerDetailsCurrency-arrow\"]"}
COMMAND: GET /session/e7ea40813c72c691ec6b0d6c49a20f29/screenshot - {}
RESULT: {"using":"xpath","value":"//*[@id=\"application-managepartners-display-component---NewPartner--partnerDetailsCurrency-arrow\"]"}
COMMAND: POST /session/e7ea40813c72c691ec6b0d6c49a20f29/element/f.EA024E5748EAFE5A0CAA481A9B11DD22.d.69D261EBD2455B7A5B06E21D9B3B6FF5.e.3863/click - {}
RESULT: {}
RESULT: {}
COMMAND: POST /session/e7ea40813c72c691ec6b0d6c49a20f29/element - {"using":"xpath","value":"//span[contains(text(), \"US Dollar\")]"}
COMMAND: GET /session/e7ea40813c72c691ec6b0d6c49a20f29/screenshot - {}
RESULT: {"using":"xpath","value":"//span[contains(text(), \"US Dollar\")]"}
COMMAND: POST /session/e7ea40813c72c691ec6b0d6c49a20f29/element/f.EA024E5748EAFE5A0CAA481A9B11DD22.d.69D261EBD2455B7A5B06E21D9B3B6FF5.e.3864/click - {}
RESULT: {}
RESULT: {}
COMMAND: GET /session/e7ea40813c72c691ec6b0d6c49a20f29/screenshot - {}
RESULT: {}
COMMAND: POST /session/e7ea40813c72c691ec6b0d6c49a20f29/element - {"using":"xpath","value":"//input[@id=\"application-managepartners-display-component---NewPartner--companyCodeComboBox-inner\"]"}
RESULT: {"using":"xpath","value":"//input[@id=\"application-managepartners-display-component---NewPartner--companyCodeComboBox-inner\"]"}
COMMAND: POST /session/e7ea40813c72c691ec6b0d6c49a20f29/element/f.EA024E5748EAFE5A0CAA481A9B11DD22.d.69D261EBD2455B7A5B06E21D9B3B6FF5.e.3703/clear - {}
RESULT: {}
COMMAND: POST /session/e7ea40813c72c691ec6b0d6c49a20f29/element/f.EA024E5748EAFE5A0CAA481A9B11DD22.d.69D261EBD2455B7A5B06E21D9B3B6FF5.e.3703/value - {"text":"C002"}
COMMAND: GET /session/e7ea40813c72c691ec6b0d6c49a20f29/screenshot - {}
RESULT: {"text":"C002"}
COMMAND: GET /session/e7ea40813c72c691ec6b0d6c49a20f29/screenshot - {}
RESULT: {}
RESULT: {}
COMMAND: POST /session/e7ea40813c72c691ec6b0d6c49a20f29/element - {"using":"xpath","value":"//span[contains(text(), \"C002\")]"}
RESULT: {"using":"xpath","value":"//span[contains(text(), \"C002\")]"}
COMMAND: POST /session/e7ea40813c72c691ec6b0d6c49a20f29/element/f.EA024E5748EAFE5A0CAA481A9B11DD22.d.69D261EBD2455B7A5B06E21D9B3B6FF5.e.3868/click - {}
RESULT: {}
COMMAND: GET /session/e7ea40813c72c691ec6b0d6c49a20f29/screenshot - {}
RESULT: {}
RESULT: undefined
COMMAND: POST /session/e7ea40813c72c691ec6b0d6c49a20f29/element - {"using":"xpath","value":"//*[@id=\"application-managepartners-display-component---NewPartner--btnAddTableRow-img\"]"}
RESULT: {"using":"xpath","value":"//*[@id=\"application-managepartners-display-component---NewPartner--btnAddTableRow-img\"]"}
COMMAND: POST /session/e7ea40813c72c691ec6b0d6c49a20f29/element/f.EA024E5748EAFE5A0CAA481A9B11DD22.d.69D261EBD2455B7A5B06E21D9B3B6FF5.e.3869/click - {}
RESULT: {}
COMMAND: GET /session/e7ea40813c72c691ec6b0d6c49a20f29/screenshot - {}
RESULT: {}
COMMAND: POST /session/e7ea40813c72c691ec6b0d6c49a20f29/element - {"using":"xpath","value":"//input[@id=\"application-managepartners-display-component---NewPartner--assignmentYard-application-managepartners-display-component---NewPartner--assignmentsTable-0-inner\"]"}
RESULT: {"using":"xpath","value":"//input[@id=\"application-managepartners-display-component---NewPartner--assignmentYard-application-managepartners-display-component---NewPartner--assignmentsTable-0-inner\"]"}
COMMAND: POST /session/e7ea40813c72c691ec6b0d6c49a20f29/element/f.EA024E5748EAFE5A0CAA481A9B11DD22.d.69D261EBD2455B7A5B06E21D9B3B6FF5.e.3872/clear - {}
RESULT: {}
COMMAND: POST /session/e7ea40813c72c691ec6b0d6c49a20f29/element/f.EA024E5748EAFE5A0CAA481A9B11DD22.d.69D261EBD2455B7A5B06E21D9B3B6FF5.e.3872/value - {"text":"255"}
COMMAND: GET /session/e7ea40813c72c691ec6b0d6c49a20f29/screenshot - {}
RESULT: {"text":"255"}
COMMAND: GET /session/e7ea40813c72c691ec6b0d6c49a20f29/screenshot - {}
RESULT: {}
RESULT: {}
COMMAND: POST /session/e7ea40813c72c691ec6b0d6c49a20f29/element - {"using":"xpath","value":"//li[.//span[text()='255']]"}
RESULT: {"using":"xpath","value":"//li[.//span[text()='255']]"}
COMMAND: POST /session/e7ea40813c72c691ec6b0d6c49a20f29/element/f.EA024E5748EAFE5A0CAA481A9B11DD22.d.69D261EBD2455B7A5B06E21D9B3B6FF5.e.3880/click - {}
RESULT: {}
COMMAND: GET /session/e7ea40813c72c691ec6b0d6c49a20f29/screenshot - {}
RESULT: {}
COMMAND: POST /session/e7ea40813c72c691ec6b0d6c49a20f29/actions - {"actions":[{"id":"action7","type":"key","parameters":{},"actions":[{"type":"keyDown","value":"î€‡"},{"type":"pause","duration":10},{"type":"keyUp","value":"î€‡"}]}]}
RESULT: {"actions":[{"id":"action7","type":"key","parameters":{},"actions":[{"type":"keyDown","value":"î€‡"},{"type":"pause","duration":10},{"type":"keyUp","value":"î€‡"}]}]}
COMMAND: POST /session/e7ea40813c72c691ec6b0d6c49a20f29/element - {"using":"xpath","value":"//td[contains(@id, \"assignmentsTable-0-cell2\")]/div/div"}
COMMAND: GET /session/e7ea40813c72c691ec6b0d6c49a20f29/screenshot - {}
RESULT: {"using":"xpath","value":"//td[contains(@id, \"assignmentsTable-0-cell2\")]/div/div"}
COMMAND: POST /session/e7ea40813c72c691ec6b0d6c49a20f29/element/f.EA024E5748EAFE5A0CAA481A9B11DD22.d.69D261EBD2455B7A5B06E21D9B3B6FF5.e.3883/click - {}
RESULT: {}
RESULT: {}
COMMAND: GET /session/e7ea40813c72c691ec6b0d6c49a20f29/screenshot - {}
RESULT: {}
COMMAND: POST /session/e7ea40813c72c691ec6b0d6c49a20f29/element - {"using":"xpath","value":"//button[@data-kt=\"saveButton\"]"}
RESULT: {"using":"xpath","value":"//button[@data-kt=\"saveButton\"]"}
COMMAND: POST /session/e7ea40813c72c691ec6b0d6c49a20f29/element/f.EA024E5748EAFE5A0CAA481A9B11DD22.d.69D261EBD2455B7A5B06E21D9B3B6FF5.e.3784/click - {}
RESULT: {}
COMMAND: GET /session/e7ea40813c72c691ec6b0d6c49a20f29/screenshot - {}
RESULT: {}
COMMAND: POST /session/e7ea40813c72c691ec6b0d6c49a20f29/element - {"using":"xpath","value":"//header[contains(@id, 'ObjectPageLayout-headerTitle')]/div[1]/div[2]/div[2]/span[1]"}
RESULT: {"using":"xpath","value":"//header[contains(@id, 'ObjectPageLayout-headerTitle')]/div[1]/div[2]/div[2]/span[1]"}
COMMAND: POST /session/e7ea40813c72c691ec6b0d6c49a20f29/elements - {"using":"xpath","value":"//header[contains(@id, 'ObjectPageLayout-headerTitle')]/div[1]/div[2]/div[2]/span[1]"}
RESULT: {"using":"xpath","value":"//header[contains(@id, 'ObjectPageLayout-headerTitle')]/div[1]/div[2]/div[2]/span[1]"}
COMMAND: POST /session/e7ea40813c72c691ec6b0d6c49a20f29/execute/sync - {"script":"<script> [56 bytes]","args":[{"element-6066-11e4-a52e-4f735466cecf":"f.EA024E5748EAFE5A0CAA481A9B11DD22.d.69D261EBD2455B7A5B06E21D9B3B6FF5.e.4043","ELEMENT":"f.EA024E5748EAFE5A0CAA481A9B11DD22.d.69D261EBD2455B7A5B06E21D9B3B6FF5.e.4043"}]}
RESULT: {"script":"<script> [56 bytes]","args":[{"element-6066-11e4-a52e-4f735466cecf":"f.EA024E5748EAFE5A0CAA481A9B11DD22.d.69D261EBD2455B7A5B06E21D9B3B6FF5.e.4043","ELEMENT":"f.EA024E5748EAFE5A0CAA481A9B11DD22.d.69D261EBD2455B7A5B06E21D9B3B6FF5.e.4043"}]}
COMMAND: POST /session/e7ea40813c72c691ec6b0d6c49a20f29/element - {"using":"css selector","value":"#shell-header-logo"}
COMMAND: GET /session/e7ea40813c72c691ec6b0d6c49a20f29/screenshot - {}
RESULT: {"using":"css selector","value":"#shell-header-logo"}
COMMAND: POST /session/e7ea40813c72c691ec6b0d6c49a20f29/element/f.EA024E5748EAFE5A0CAA481A9B11DD22.d.69D261EBD2455B7A5B06E21D9B3B6FF5.e.3356/click - {}
RESULT: {}
RESULT: {}
COMMAND: GET /session/e7ea40813c72c691ec6b0d6c49a20f29/screenshot - {}
RESULT: {}
COMMAND: POST /session/e7ea40813c72c691ec6b0d6c49a20f29/execute/sync - {"script":"<script> [299 bytes]","args":[["getModel","getResource"]]}
RESULT: {"script":"<script> [299 bytes]","args":[["getModel","getResource"]]}
COMMAND: GET /session/e7ea40813c72c691ec6b0d6c49a20f29/screenshot - {}
COMMAND: POST /session/e7ea40813c72c691ec6b0d6c49a20f29/refresh - {}
RESULT: {}
RESULT: {}
COMMAND: GET /session/e7ea40813c72c691ec6b0d6c49a20f29/screenshot - {}
RESULT: {}
COMMAND: POST /session/e7ea40813c72c691ec6b0d6c49a20f29/refresh - {}
RESULT: {}
COMMAND: GET /session/e7ea40813c72c691ec6b0d6c49a20f29/screenshot - {}
RESULT: {}
COMMAND: POST /session/e7ea40813c72c691ec6b0d6c49a20f29/window/fullscreen - {}
RESULT: {}
COMMAND: POST /session/e7ea40813c72c691ec6b0d6c49a20f29/execute/async - {"script":"<script> [189 bytes]","args":[]}
RESULT: {"script":"<script> [189 bytes]","args":[]}
COMMAND: POST /session/e7ea40813c72c691ec6b0d6c49a20f29/execute/async - {"script":"<script> [123 bytes]","args":[]}
RESULT: {"script":"<script> [123 bytes]","args":[]}
COMMAND: POST /session/e7ea40813c72c691ec6b0d6c49a20f29/timeouts - {"script":"<number>"}
RESULT: {"script":"<number>"}
COMMAND: GET /session/e7ea40813c72c691ec6b0d6c49a20f29/timeouts - {}
RESULT: {}
RESULT: undefined
COMMAND: POST /session/e7ea40813c72c691ec6b0d6c49a20f29/execute/async - {"script":"<script> [2676 bytes]","args":[]}
RESULT: {"script":"<script> [2676 bytes]","args":[]}
COMMAND: POST /session/e7ea40813c72c691ec6b0d6c49a20f29/execute/async - {"script":"<script> [2342 bytes]","args":[{"protocol":"http","hostname":"0.0.0.0","path":"/","capabilities":{"browserName":"chrome","goog:chromeOptions":{"binary":"C:\\Program Files\\Google\\Chrome\\Application\\chrome.exe","args":["--start-maximized"]}},"logLevel":"warn","connectionRetryTimeout":120000,"connectionRetryCount":3,"logLevels":{},"enableDirectConnect":true,"strictSSL":true,"_":"65 more keys: [\"cacheDir\",\"port\",\"requestedCapabilities\",\"automationProtocol\",\"baseUrl\",\"waitforInterval\",\"waitforTimeout\",\"onReload\",\"beforeCommand\",\"afterCommand\",\"rootDir\",\"specs\",\"suites\",\"exclude\",\"groupLogsByTestSpec\",\"excludeDriverLogs\",\"bail\",\"framework\",\"reporters\",\"services\",\"maxInstances\",\"maxInstancesPerCapability\",\"injectGlobals\",\"filesToWatch\",\"execArgv\",\"runnerEnv\",\"runner\",\"shard\",\"specFileRetries\",\"specFileRetriesDelay\",\"specFileRetriesDeferred\",\"reporterSyncInterval\",\"reporterSyncTimeout\",\"cucumberFeaturesWithLineNumbers\",\"autoCompileOpts\",\"mochaOpts\",\"jasmineOpts\",\"cucumberOpts\",\"onPrepare\",\"onWorkerStart\",\"onWorkerEnd\",\"before\",\"beforeSession\",\"beforeSuite\",\"beforeHook\",\"beforeTest\",\"afterTest\",\"afterHook\",\"afterSuite\",\"afterSession\",\"after\",\"onComplete\",\"beforeAssertion\",\"afterAssertion\",\"beforeFeature\",\"beforeScenario\",\"beforeStep\",\"afterStep\",\"afterScenario\",\"afterFeature\",\"_\",\"suite\",\"$0\",\"ignoredWorkerServices\",\"wdi5\"]"}]}
RESULT: {"script":"<script> [2342 bytes]","args":[{"protocol":"http","hostname":"0.0.0.0","path":"/","capabilities":{"browserName":"chrome","goog:chromeOptions":{"binary":"C:\\Program Files\\Google\\Chrome\\Application\\chrome.exe","args":["--start-maximized"]}},"logLevel":"warn","connectionRetryTimeout":120000,"connectionRetryCount":3,"logLevels":{},"enableDirectConnect":true,"strictSSL":true,"_":"65 more keys: [\"cacheDir\",\"port\",\"requestedCapabilities\",\"automationProtocol\",\"baseUrl\",\"waitforInterval\",\"waitforTimeout\",\"onReload\",\"beforeCommand\",\"afterCommand\",\"rootDir\",\"specs\",\"suites\",\"exclude\",\"groupLogsByTestSpec\",\"excludeDriverLogs\",\"bail\",\"framework\",\"reporters\",\"services\",\"maxInstances\",\"maxInstancesPerCapability\",\"injectGlobals\",\"filesToWatch\",\"execArgv\",\"runnerEnv\",\"runner\",\"shard\",\"specFileRetries\",\"specFileRetriesDelay\",\"specFileRetriesDeferred\",\"reporterSyncInterval\",\"reporterSyncTimeout\",\"cucumberFeaturesWithLineNumbers\",\"autoCompileOpts\",\"mochaOpts\",\"jasmineOpts\",\"cucumberOpts\",\"onPrepare\",\"onWorkerStart\",\"onWorkerEnd\",\"before\",\"beforeSession\",\"beforeSuite\",\"beforeHook\",\"beforeTest\",\"afterTest\",\"afterHook\",\"afterSuite\",\"afterSession\",\"after\",\"onComplete\",\"beforeAssertion\",\"afterAssertion\",\"beforeFeature\",\"beforeScenario\",\"beforeStep\",\"afterStep\",\"afterScenario\",\"afterFeature\",\"_\",\"suite\",\"$0\",\"ignoredWorkerServices\",\"wdi5\"]"}]}
COMMAND: POST /session/e7ea40813c72c691ec6b0d6c49a20f29/execute/async - {"script":"<script> [21126 bytes]","args":[35000]}
RESULT: {"script":"<script> [21126 bytes]","args":[35000]}
COMMAND: POST /session/e7ea40813c72c691ec6b0d6c49a20f29/element - {"using":"css selector","value":"#shell-header-logo"}
RESULT: {"using":"css selector","value":"#shell-header-logo"}
COMMAND: POST /session/e7ea40813c72c691ec6b0d6c49a20f29/element/f.EA024E5748EAFE5A0CAA481A9B11DD22.d.9DFD2101D6AFFF3E1EB17397BCC5BFD5.e.4187/click - {}
RESULT: {}
COMMAND: GET /session/e7ea40813c72c691ec6b0d6c49a20f29/screenshot - {}
RESULT: {}
COMMAND: POST /session/e7ea40813c72c691ec6b0d6c49a20f29/execute/async - {"script":"<script> [1562 bytes]","args":[{"selector":{"controlType":"sap.m.GenericTile","properties":{"header":"Manage Sites"}},"wdio_ui5_key":"sapm.GenericTile{\"header\":\"Manage Sites\"}"}]}
RESULT: {"script":"<script> [1562 bytes]","args":[{"selector":{"controlType":"sap.m.GenericTile","properties":{"header":"Manage Sites"}},"wdio_ui5_key":"sapm.GenericTile{\"header\":\"Manage Sites\"}"}]}
RESULT: undefined
COMMAND: POST /session/e7ea40813c72c691ec6b0d6c49a20f29/element - {"using":"xpath","value":"//*[@id=\"__tile32\"]"}
RESULT: {"using":"xpath","value":"//*[@id=\"__tile32\"]"}
COMMAND: POST /session/e7ea40813c72c691ec6b0d6c49a20f29/element/f.EA024E5748EAFE5A0CAA481A9B11DD22.d.9DFD2101D6AFFF3E1EB17397BCC5BFD5.e.4115/click - {}
RESULT: {}
]]></system-out>
    </testcase>
  </testsuite>
  <testsuite timestamp="2025-04-26T15:23:54" time="170.309" tests="2" failures="0" errors="0" skipped="0">
    <properties>
      <property name="specId" value="0" />
      <property name="suiteName" value="Create 2 sites US118246" />
      <property name="capabilities" value="chrome.135_0_7049_96.windows" />
      <property name="file" value="file:///D:/a/1/s/test/specs/R2C/create-site.spec.js" />
    </properties>
    <testcase classname="chrome.135_0_7049_96.windows.Create_2_sites_US118246" name="Should create new site" time="74.423">
      <system-out><![CDATA[
COMMAND: POST /session/e7ea40813c72c691ec6b0d6c49a20f29/execute/async - {"script":"<script> [1562 bytes]","args":[{"selector":{"controlType":"sap.m.Title","viewName":"etm.portal.ui.managesites.view.Master","viewId":"application-managesites-display-component---masterSite","i18NText":{"propertyName":"text","key":"sites"}},"wdio_ui5_key":"etmportal.ui.managesites.view.Mastersap.m.Title{\"propertyName\":\"text\",\"key\":\"sites\"}"}]}
COMMAND: GET /session/e7ea40813c72c691ec6b0d6c49a20f29/screenshot - {}
RESULT: {"script":"<script> [1562 bytes]","args":[{"selector":{"controlType":"sap.m.Title","viewName":"etm.portal.ui.managesites.view.Master","viewId":"application-managesites-display-component---masterSite","i18NText":{"propertyName":"text","key":"sites"}},"wdio_ui5_key":"etmportal.ui.managesites.view.Mastersap.m.Title{\"propertyName\":\"text\",\"key\":\"sites\"}"}]}
RESULT: undefined
COMMAND: POST /session/e7ea40813c72c691ec6b0d6c49a20f29/execute/async - {"script":"<script> [6424 bytes]","args":[{"element-6066-11e4-a52e-4f735466cecf":"f.EA024E5748EAFE5A0CAA481A9B11DD22.d.9DFD2101D6AFFF3E1EB17397BCC5BFD5.e.4363"},"getText",[]]}
RESULT: {}
RESULT: {"script":"<script> [6424 bytes]","args":[{"element-6066-11e4-a52e-4f735466cecf":"f.EA024E5748EAFE5A0CAA481A9B11DD22.d.9DFD2101D6AFFF3E1EB17397BCC5BFD5.e.4363"},"getText",[]]}
COMMAND: POST /session/e7ea40813c72c691ec6b0d6c49a20f29/execute/async - {"script":"<script> [1562 bytes]","args":[{"selector":{"controlType":"sap.ui.core.Icon","viewName":"etm.portal.ui.managesites.view.Master","viewId":"application-managesites-display-component---masterSite","properties":{"src":{"regex":{"source":"add"}}}},"wdio_ui5_key":"etmportal.ui.managesites.view.Mastersap.ui.core.Icon{\"src\":{\"regex\":{\"source\":\"add\"}}}"}]}
RESULT: {"script":"<script> [1562 bytes]","args":[{"selector":{"controlType":"sap.ui.core.Icon","viewName":"etm.portal.ui.managesites.view.Master","viewId":"application-managesites-display-component---masterSite","properties":{"src":{"regex":{"source":"add"}}}},"wdio_ui5_key":"etmportal.ui.managesites.view.Mastersap.ui.core.Icon{\"src\":{\"regex\":{\"source\":\"add\"}}}"}]}
RESULT: undefined
COMMAND: POST /session/e7ea40813c72c691ec6b0d6c49a20f29/element - {"using":"xpath","value":"//*[@id=\"__button4-img\"]"}
RESULT: {"using":"xpath","value":"//*[@id=\"__button4-img\"]"}
COMMAND: POST /session/e7ea40813c72c691ec6b0d6c49a20f29/element/f.EA024E5748EAFE5A0CAA481A9B11DD22.d.9DFD2101D6AFFF3E1EB17397BCC5BFD5.e.4237/click - {}
RESULT: {}
COMMAND: POST /session/e7ea40813c72c691ec6b0d6c49a20f29/execute/async - {"script":"<script> [1562 bytes]","args":[{"selector":{"id":"application-managesites-display-component---NewSite--siteId","interaction":{"idSuffix":"inner"}},"wdio_ui5_key":"applicationmanagesites-display-component---NewSite--siteId"}]}
COMMAND: GET /session/e7ea40813c72c691ec6b0d6c49a20f29/screenshot - {}
RESULT: {"script":"<script> [1562 bytes]","args":[{"selector":{"id":"application-managesites-display-component---NewSite--siteId","interaction":{"idSuffix":"inner"}},"wdio_ui5_key":"applicationmanagesites-display-component---NewSite--siteId"}]}
RESULT: undefined
COMMAND: POST /session/e7ea40813c72c691ec6b0d6c49a20f29/execute/async - {"script":"<script> [1562 bytes]","args":[{"selector":{"id":"application-managesites-display-component---NewSite--addressDetailDetailsName1","interaction":{"idSuffix":"inner"}},"wdio_ui5_key":"applicationmanagesites-display-component---NewSite--addressDetailDetailsName1"}]}
RESULT: {}
RESULT: {"script":"<script> [1562 bytes]","args":[{"selector":{"id":"application-managesites-display-component---NewSite--addressDetailDetailsName1","interaction":{"idSuffix":"inner"}},"wdio_ui5_key":"applicationmanagesites-display-component---NewSite--addressDetailDetailsName1"}]}
RESULT: undefined
COMMAND: POST /session/e7ea40813c72c691ec6b0d6c49a20f29/execute/async - {"script":"<script> [776 bytes]","args":[{"enterText":"Webdriver Site ch31o","selector":{"id":"application-managesites-display-component---NewSite--addressDetailDetailsName1","interaction":{"idSuffix":"inner"}},"clearTextFirst":true,"interactionType":"ENTER_TEXT"}]}
RESULT: {"script":"<script> [776 bytes]","args":[{"enterText":"Webdriver Site ch31o","selector":{"id":"application-managesites-display-component---NewSite--addressDetailDetailsName1","interaction":{"idSuffix":"inner"}},"clearTextFirst":true,"interactionType":"ENTER_TEXT"}]}
COMMAND: POST /session/e7ea40813c72c691ec6b0d6c49a20f29/execute/async - {"script":"<script> [1562 bytes]","args":[{"selector":{"id":"application-managesites-display-component---NewSite--addressDetailDetailsLanguage","interaction":{"idSuffix":"inner"}},"wdio_ui5_key":"applicationmanagesites-display-component---NewSite--addressDetailDetailsLanguage"}]}
RESULT: {"script":"<script> [1562 bytes]","args":[{"selector":{"id":"application-managesites-display-component---NewSite--addressDetailDetailsLanguage","interaction":{"idSuffix":"inner"}},"wdio_ui5_key":"applicationmanagesites-display-component---NewSite--addressDetailDetailsLanguage"}]}
RESULT: undefined
COMMAND: POST /session/e7ea40813c72c691ec6b0d6c49a20f29/execute/async - {"script":"<script> [776 bytes]","args":[{"enterText":"Romanian","selector":{"id":"application-managesites-display-component---NewSite--addressDetailDetailsLanguage","interaction":{"idSuffix":"inner"}},"clearTextFirst":true,"interactionType":"ENTER_TEXT"}]}
RESULT: {"script":"<script> [776 bytes]","args":[{"enterText":"Romanian","selector":{"id":"application-managesites-display-component---NewSite--addressDetailDetailsLanguage","interaction":{"idSuffix":"inner"}},"clearTextFirst":true,"interactionType":"ENTER_TEXT"}]}
COMMAND: POST /session/e7ea40813c72c691ec6b0d6c49a20f29/execute/async - {"script":"<script> [1562 bytes]","args":[{"selector":{"id":"application-managesites-display-component---NewSite--addressDetailDetailsCity1","interaction":{"idSuffix":"inner"}},"wdio_ui5_key":"applicationmanagesites-display-component---NewSite--addressDetailDetailsCity1"}]}
RESULT: {"script":"<script> [1562 bytes]","args":[{"selector":{"id":"application-managesites-display-component---NewSite--addressDetailDetailsCity1","interaction":{"idSuffix":"inner"}},"wdio_ui5_key":"applicationmanagesites-display-component---NewSite--addressDetailDetailsCity1"}]}
RESULT: undefined
COMMAND: POST /session/e7ea40813c72c691ec6b0d6c49a20f29/execute/async - {"script":"<script> [776 bytes]","args":[{"enterText":"Bucharest","selector":{"id":"application-managesites-display-component---NewSite--addressDetailDetailsCity1","interaction":{"idSuffix":"inner"}},"clearTextFirst":true,"interactionType":"ENTER_TEXT"}]}
RESULT: {"script":"<script> [776 bytes]","args":[{"enterText":"Bucharest","selector":{"id":"application-managesites-display-component---NewSite--addressDetailDetailsCity1","interaction":{"idSuffix":"inner"}},"clearTextFirst":true,"interactionType":"ENTER_TEXT"}]}
COMMAND: POST /session/e7ea40813c72c691ec6b0d6c49a20f29/execute/async - {"script":"<script> [1562 bytes]","args":[{"selector":{"id":"application-managesites-display-component---NewSite--addressDetailDetailsCountry","interaction":{"idSuffix":"inner"}},"wdio_ui5_key":"applicationmanagesites-display-component---NewSite--addressDetailDetailsCountry"}]}
RESULT: {"script":"<script> [1562 bytes]","args":[{"selector":{"id":"application-managesites-display-component---NewSite--addressDetailDetailsCountry","interaction":{"idSuffix":"inner"}},"wdio_ui5_key":"applicationmanagesites-display-component---NewSite--addressDetailDetailsCountry"}]}
RESULT: undefined
COMMAND: POST /session/e7ea40813c72c691ec6b0d6c49a20f29/execute/async - {"script":"<script> [776 bytes]","args":[{"enterText":"Romania","selector":{"id":"application-managesites-display-component---NewSite--addressDetailDetailsCountry","interaction":{"idSuffix":"inner"}},"clearTextFirst":true,"interactionType":"ENTER_TEXT"}]}
RESULT: {"script":"<script> [776 bytes]","args":[{"enterText":"Romania","selector":{"id":"application-managesites-display-component---NewSite--addressDetailDetailsCountry","interaction":{"idSuffix":"inner"}},"clearTextFirst":true,"interactionType":"ENTER_TEXT"}]}
COMMAND: POST /session/e7ea40813c72c691ec6b0d6c49a20f29/execute/async - {"script":"<script> [1562 bytes]","args":[{"selector":{"id":"application-managesites-display-component---NewSite--addressDetailDetailsCalendar","interaction":{"idSuffix":"inner"}},"wdio_ui5_key":"applicationmanagesites-display-component---NewSite--addressDetailDetailsCalendar"}]}
RESULT: {"script":"<script> [1562 bytes]","args":[{"selector":{"id":"application-managesites-display-component---NewSite--addressDetailDetailsCalendar","interaction":{"idSuffix":"inner"}},"wdio_ui5_key":"applicationmanagesites-display-component---NewSite--addressDetailDetailsCalendar"}]}
RESULT: undefined
COMMAND: POST /session/e7ea40813c72c691ec6b0d6c49a20f29/execute/async - {"script":"<script> [776 bytes]","args":[{"enterText":"Germany","selector":{"id":"application-managesites-display-component---NewSite--addressDetailDetailsCalendar","interaction":{"idSuffix":"inner"}},"clearTextFirst":true,"interactionType":"ENTER_TEXT"}]}
RESULT: {"script":"<script> [776 bytes]","args":[{"enterText":"Germany","selector":{"id":"application-managesites-display-component---NewSite--addressDetailDetailsCalendar","interaction":{"idSuffix":"inner"}},"clearTextFirst":true,"interactionType":"ENTER_TEXT"}]}
COMMAND: POST /session/e7ea40813c72c691ec6b0d6c49a20f29/execute/async - {"script":"<script> [1562 bytes]","args":[{"selector":{"id":"application-managesites-display-component---NewSite--addressEditDetailsCostObjectCstType-arrow"},"wdio_ui5_key":"applicationmanagesites-display-component---NewSite--addressEditDetailsCostObjectCstType-arrow"}]}
RESULT: {"script":"<script> [1562 bytes]","args":[{"selector":{"id":"application-managesites-display-component---NewSite--addressEditDetailsCostObjectCstType-arrow"},"wdio_ui5_key":"applicationmanagesites-display-component---NewSite--addressEditDetailsCostObjectCstType-arrow"}]}
RESULT: undefined
COMMAND: POST /session/e7ea40813c72c691ec6b0d6c49a20f29/element - {"using":"xpath","value":"//*[@id=\"application-managesites-display-component---NewSite--addressEditDetailsCostObjectCstType-arrow\"]"}
RESULT: {"using":"xpath","value":"//*[@id=\"application-managesites-display-component---NewSite--addressEditDetailsCostObjectCstType-arrow\"]"}
COMMAND: POST /session/e7ea40813c72c691ec6b0d6c49a20f29/element/f.EA024E5748EAFE5A0CAA481A9B11DD22.d.9DFD2101D6AFFF3E1EB17397BCC5BFD5.e.4637/click - {}
RESULT: {}
COMMAND: POST /session/e7ea40813c72c691ec6b0d6c49a20f29/element - {"using":"xpath","value":"//span[contains(text(), \"Work Breakdown Structure\")]"}
COMMAND: GET /session/e7ea40813c72c691ec6b0d6c49a20f29/screenshot - {}
RESULT: {"using":"xpath","value":"//span[contains(text(), \"Work Breakdown Structure\")]"}
COMMAND: POST /session/e7ea40813c72c691ec6b0d6c49a20f29/element/f.EA024E5748EAFE5A0CAA481A9B11DD22.d.9DFD2101D6AFFF3E1EB17397BCC5BFD5.e.4638/click - {}
RESULT: {}
RESULT: {}
COMMAND: GET /session/e7ea40813c72c691ec6b0d6c49a20f29/screenshot - {}
RESULT: {}
COMMAND: POST /session/e7ea40813c72c691ec6b0d6c49a20f29/execute/async - {"script":"<script> [1562 bytes]","args":[{"selector":{"id":"application-managesites-display-component---NewSite--addressNewCostObjectCstID-vhi"},"wdio_ui5_key":"applicationmanagesites-display-component---NewSite--addressNewCostObjectCstID-vhi"}]}
RESULT: {"script":"<script> [1562 bytes]","args":[{"selector":{"id":"application-managesites-display-component---NewSite--addressNewCostObjectCstID-vhi"},"wdio_ui5_key":"applicationmanagesites-display-component---NewSite--addressNewCostObjectCstID-vhi"}]}
RESULT: undefined
COMMAND: POST /session/e7ea40813c72c691ec6b0d6c49a20f29/element - {"using":"xpath","value":"//*[@id=\"application-managesites-display-component---NewSite--addressNewCostObjectCstID-vhi\"]"}
RESULT: {"using":"xpath","value":"//*[@id=\"application-managesites-display-component---NewSite--addressNewCostObjectCstID-vhi\"]"}
COMMAND: POST /session/e7ea40813c72c691ec6b0d6c49a20f29/element/f.EA024E5748EAFE5A0CAA481A9B11DD22.d.9DFD2101D6AFFF3E1EB17397BCC5BFD5.e.4643/click - {}
RESULT: {}
COMMAND: GET /session/e7ea40813c72c691ec6b0d6c49a20f29/screenshot - {}
RESULT: {}
COMMAND: POST /session/e7ea40813c72c691ec6b0d6c49a20f29/execute/async - {"script":"<script> [1562 bytes]","args":[{"selector":{"controlType":"sap.m.SearchField","properties":{"placeholder":"Search"},"searchOpenDialogs":true,"interaction":{"idSuffix":"I"}},"wdio_ui5_key":"sapm.SearchField{\"placeholder\":\"Search\"}"}]}
RESULT: {"script":"<script> [1562 bytes]","args":[{"selector":{"controlType":"sap.m.SearchField","properties":{"placeholder":"Search"},"searchOpenDialogs":true,"interaction":{"idSuffix":"I"}},"wdio_ui5_key":"sapm.SearchField{\"placeholder\":\"Search\"}"}]}
RESULT: undefined
COMMAND: POST /session/e7ea40813c72c691ec6b0d6c49a20f29/execute/async - {"script":"<script> [776 bytes]","args":[{"enterText":"A1-000100-01","selector":{"controlType":"sap.m.SearchField","properties":{"placeholder":"Search"},"searchOpenDialogs":true,"interaction":{"idSuffix":"I"}},"clearTextFirst":true,"interactionType":"ENTER_TEXT"}]}
RESULT: {"script":"<script> [776 bytes]","args":[{"enterText":"A1-000100-01","selector":{"controlType":"sap.m.SearchField","properties":{"placeholder":"Search"},"searchOpenDialogs":true,"interaction":{"idSuffix":"I"}},"clearTextFirst":true,"interactionType":"ENTER_TEXT"}]}
COMMAND: POST /session/e7ea40813c72c691ec6b0d6c49a20f29/actions - {"actions":[{"id":"action8","type":"key","parameters":{},"actions":[{"type":"keyDown","value":"î€‡"},{"type":"pause","duration":10},{"type":"keyUp","value":"î€‡"}]}]}
RESULT: {"actions":[{"id":"action8","type":"key","parameters":{},"actions":[{"type":"keyDown","value":"î€‡"},{"type":"pause","duration":10},{"type":"keyUp","value":"î€‡"}]}]}
COMMAND: GET /session/e7ea40813c72c691ec6b0d6c49a20f29/screenshot - {}
RESULT: {}
COMMAND: POST /session/e7ea40813c72c691ec6b0d6c49a20f29/element - {"using":"xpath","value":"//span[contains(text(), \"Template for ETO-Process\")]"}
RESULT: {"using":"xpath","value":"//span[contains(text(), \"Template for ETO-Process\")]"}
COMMAND: POST /session/e7ea40813c72c691ec6b0d6c49a20f29/element/f.EA024E5748EAFE5A0CAA481A9B11DD22.d.9DFD2101D6AFFF3E1EB17397BCC5BFD5.e.4663/click - {}
RESULT: {}
COMMAND: GET /session/e7ea40813c72c691ec6b0d6c49a20f29/screenshot - {}
RESULT: {}
COMMAND: POST /session/e7ea40813c72c691ec6b0d6c49a20f29/element - {"using":"xpath","value":"//bdi[contains(text(), \"OK\")]"}
RESULT: {"using":"xpath","value":"//bdi[contains(text(), \"OK\")]"}
COMMAND: POST /session/e7ea40813c72c691ec6b0d6c49a20f29/element/f.EA024E5748EAFE5A0CAA481A9B11DD22.d.9DFD2101D6AFFF3E1EB17397BCC5BFD5.e.4664/click - {}
RESULT: {}
COMMAND: GET /session/e7ea40813c72c691ec6b0d6c49a20f29/screenshot - {}
RESULT: {}
COMMAND: POST /session/e7ea40813c72c691ec6b0d6c49a20f29/element - {"using":"xpath","value":"//input[@id=\"application-managesites-display-component---NewSite--addressDetailDetailsYard-inner\"]"}
RESULT: {"using":"xpath","value":"//input[@id=\"application-managesites-display-component---NewSite--addressDetailDetailsYard-inner\"]"}
COMMAND: POST /session/e7ea40813c72c691ec6b0d6c49a20f29/element/f.EA024E5748EAFE5A0CAA481A9B11DD22.d.9DFD2101D6AFFF3E1EB17397BCC5BFD5.e.4424/value - {"text":"254"}
RESULT: {"text":"254"}
COMMAND: GET /session/e7ea40813c72c691ec6b0d6c49a20f29/screenshot - {}
RESULT: {}
COMMAND: POST /session/e7ea40813c72c691ec6b0d6c49a20f29/actions - {"actions":[{"id":"action9","type":"key","parameters":{},"actions":[{"type":"keyDown","value":"î€‡"},{"type":"pause","duration":10},{"type":"keyUp","value":"î€‡"}]}]}
RESULT: {"actions":[{"id":"action9","type":"key","parameters":{},"actions":[{"type":"keyDown","value":"î€‡"},{"type":"pause","duration":10},{"type":"keyUp","value":"î€‡"}]}]}
COMMAND: GET /session/e7ea40813c72c691ec6b0d6c49a20f29/screenshot - {}
RESULT: {}
COMMAND: POST /session/e7ea40813c72c691ec6b0d6c49a20f29/element - {"using":"xpath","value":"//input[@id=\"application-managesites-display-component---NewSite--addressDetailDetailsPartner-inner\"]"}
RESULT: {"using":"xpath","value":"//input[@id=\"application-managesites-display-component---NewSite--addressDetailDetailsPartner-inner\"]"}
COMMAND: POST /session/e7ea40813c72c691ec6b0d6c49a20f29/elements - {"using":"xpath","value":"//input[@id=\"application-managesites-display-component---NewSite--addressDetailDetailsPartner-inner\"]"}
RESULT: {"using":"xpath","value":"//input[@id=\"application-managesites-display-component---NewSite--addressDetailDetailsPartner-inner\"]"}
COMMAND: POST /session/e7ea40813c72c691ec6b0d6c49a20f29/execute/async - {"script":"<script> [1562 bytes]","args":[{"selector":{"controlType":"sap.m.Button","viewName":"etm.portal.ui.managesites.view.NewSmartSite","viewId":"application-managesites-display-component---NewSite","properties":{"text":"Commercial"},"interaction":{"idSuffix":"BDI-content"}},"wdio_ui5_key":"etmportal.ui.managesites.view.NewSmartSitesap.m.Button{\"text\":\"Commercial\"}"}]}
RESULT: {"script":"<script> [1562 bytes]","args":[{"selector":{"controlType":"sap.m.Button","viewName":"etm.portal.ui.managesites.view.NewSmartSite","viewId":"application-managesites-display-component---NewSite","properties":{"text":"Commercial"},"interaction":{"idSuffix":"BDI-content"}},"wdio_ui5_key":"etmportal.ui.managesites.view.NewSmartSitesap.m.Button{\"text\":\"Commercial\"}"}]}
RESULT: undefined
COMMAND: POST /session/e7ea40813c72c691ec6b0d6c49a20f29/element - {"using":"xpath","value":"//*[@id=\"application-managesites-display-component---NewSite--ObjectPageLayout-anchBar-__section5-anchor\"]"}
RESULT: {"using":"xpath","value":"//*[@id=\"application-managesites-display-component---NewSite--ObjectPageLayout-anchBar-__section5-anchor\"]"}
COMMAND: POST /session/e7ea40813c72c691ec6b0d6c49a20f29/element/f.EA024E5748EAFE5A0CAA481A9B11DD22.d.9DFD2101D6AFFF3E1EB17397BCC5BFD5.e.4671/click - {}
RESULT: {}
COMMAND: POST /session/e7ea40813c72c691ec6b0d6c49a20f29/execute/async - {"script":"<script> [1562 bytes]","args":[{"selector":{"controlType":"sap.m.Button","viewName":"etm.portal.ui.managesites.view.NewSmartSite","viewId":"application-managesites-display-component---NewSite","i18NText":{"propertyName":"text","key":"save"},"interaction":{"idSuffix":"BDI-content"}},"wdio_ui5_key":"etmportal.ui.managesites.view.NewSmartSitesap.m.Button{\"propertyName\":\"text\",\"key\":\"save\"}"}]}
COMMAND: GET /session/e7ea40813c72c691ec6b0d6c49a20f29/screenshot - {}
RESULT: {"script":"<script> [1562 bytes]","args":[{"selector":{"controlType":"sap.m.Button","viewName":"etm.portal.ui.managesites.view.NewSmartSite","viewId":"application-managesites-display-component---NewSite","i18NText":{"propertyName":"text","key":"save"},"interaction":{"idSuffix":"BDI-content"}},"wdio_ui5_key":"etmportal.ui.managesites.view.NewSmartSitesap.m.Button{\"propertyName\":\"text\",\"key\":\"save\"}"}]}
RESULT: undefined
COMMAND: POST /session/e7ea40813c72c691ec6b0d6c49a20f29/element - {"using":"xpath","value":"//*[@id=\"__button16\"]"}
RESULT: {}
RESULT: {"using":"xpath","value":"//*[@id=\"__button16\"]"}
COMMAND: POST /session/e7ea40813c72c691ec6b0d6c49a20f29/element/f.EA024E5748EAFE5A0CAA481A9B11DD22.d.9DFD2101D6AFFF3E1EB17397BCC5BFD5.e.4584/click - {}
RESULT: {}
COMMAND: GET /session/e7ea40813c72c691ec6b0d6c49a20f29/screenshot - {}
RESULT: {}
COMMAND: POST /session/e7ea40813c72c691ec6b0d6c49a20f29/execute/async - {"script":"<script> [1562 bytes]","args":[{"selector":{"id":"application-managesites-display-component---detailSite--addressDetailDetailsYardText"},"wdio_ui5_key":"applicationmanagesites-display-component---detailSite--addressDetailDetailsYardText"}]}
RESULT: {"script":"<script> [1562 bytes]","args":[{"selector":{"id":"application-managesites-display-component---detailSite--addressDetailDetailsYardText"},"wdio_ui5_key":"applicationmanagesites-display-component---detailSite--addressDetailDetailsYardText"}]}
RESULT: undefined
COMMAND: POST /session/e7ea40813c72c691ec6b0d6c49a20f29/element - {"using":"xpath","value":"//header/div/div[2]/div[2]/span"}
RESULT: {"using":"xpath","value":"//header/div/div[2]/div[2]/span"}
COMMAND: GET /session/e7ea40813c72c691ec6b0d6c49a20f29/element/f.EA024E5748EAFE5A0CAA481A9B11DD22.d.9DFD2101D6AFFF3E1EB17397BCC5BFD5.e.4892/text - {}
RESULT: {}
COMMAND: POST /session/e7ea40813c72c691ec6b0d6c49a20f29/execute/async - {"script":"<script> [1562 bytes]","args":[{"selector":{"controlType":"sap.m.Label","viewName":"etm.portal.ui.managesites.view.Detail","viewId":"application-managesites-display-component---detailSite","i18NText":{"propertyName":"text","key":"status"}},"wdio_ui5_key":"etmportal.ui.managesites.view.Detailsap.m.Label{\"propertyName\":\"text\",\"key\":\"status\"}"}]}
RESULT: {"script":"<script> [1562 bytes]","args":[{"selector":{"controlType":"sap.m.Label","viewName":"etm.portal.ui.managesites.view.Detail","viewId":"application-managesites-display-component---detailSite","i18NText":{"propertyName":"text","key":"status"}},"wdio_ui5_key":"etmportal.ui.managesites.view.Detailsap.m.Label{\"propertyName\":\"text\",\"key\":\"status\"}"}]}
RESULT: undefined
COMMAND: POST /session/e7ea40813c72c691ec6b0d6c49a20f29/execute/async - {"script":"<script> [6424 bytes]","args":[{"element-6066-11e4-a52e-4f735466cecf":"f.EA024E5748EAFE5A0CAA481A9B11DD22.d.9DFD2101D6AFFF3E1EB17397BCC5BFD5.e.4881"},"getText",[]]}
RESULT: {"script":"<script> [6424 bytes]","args":[{"element-6066-11e4-a52e-4f735466cecf":"f.EA024E5748EAFE5A0CAA481A9B11DD22.d.9DFD2101D6AFFF3E1EB17397BCC5BFD5.e.4881"},"getText",[]]}
]]></system-out>
    </testcase>
    <testcase classname="chrome.135_0_7049_96.windows.Create_2_sites_US118246" name="Should create WHM site" time="53.215">
      <system-out><![CDATA[
RESULT: undefined
COMMAND: POST /session/e7ea40813c72c691ec6b0d6c49a20f29/element - {"using":"xpath","value":"//*[@id=\"__button4-img\"]"}
RESULT: {"using":"xpath","value":"//*[@id=\"__button4-img\"]"}
COMMAND: POST /session/e7ea40813c72c691ec6b0d6c49a20f29/element/f.EA024E5748EAFE5A0CAA481A9B11DD22.d.9DFD2101D6AFFF3E1EB17397BCC5BFD5.e.4893/click - {}
RESULT: {}
COMMAND: GET /session/e7ea40813c72c691ec6b0d6c49a20f29/screenshot - {}
RESULT: {}
RESULT: undefined
COMMAND: POST /session/e7ea40813c72c691ec6b0d6c49a20f29/execute/async - {"script":"<script> [1562 bytes]","args":[{"selector":{"controlType":"sap.m.Button","viewName":"etm.portal.ui.managesites.view.NewSmartSite","viewId":"application-managesites-display-component---NewSite","properties":{"text":"General Information"},"interaction":{"idSuffix":"BDI-content"}},"wdio_ui5_key":"etmportal.ui.managesites.view.NewSmartSitesap.m.Button{\"text\":\"General Information\"}"}]}
RESULT: {"script":"<script> [1562 bytes]","args":[{"selector":{"controlType":"sap.m.Button","viewName":"etm.portal.ui.managesites.view.NewSmartSite","viewId":"application-managesites-display-component---NewSite","properties":{"text":"General Information"},"interaction":{"idSuffix":"BDI-content"}},"wdio_ui5_key":"etmportal.ui.managesites.view.NewSmartSitesap.m.Button{\"text\":\"General Information\"}"}]}
RESULT: undefined
COMMAND: POST /session/e7ea40813c72c691ec6b0d6c49a20f29/element - {"using":"xpath","value":"//*[@id=\"application-managesites-display-component---NewSite--ObjectPageLayout-anchBar-__section3-anchor\"]"}
RESULT: {"using":"xpath","value":"//*[@id=\"application-managesites-display-component---NewSite--ObjectPageLayout-anchBar-__section3-anchor\"]"}
COMMAND: POST /session/e7ea40813c72c691ec6b0d6c49a20f29/element/f.EA024E5748EAFE5A0CAA481A9B11DD22.d.9DFD2101D6AFFF3E1EB17397BCC5BFD5.e.5076/click - {}
RESULT: {}
RESULT: undefined
COMMAND: POST /session/e7ea40813c72c691ec6b0d6c49a20f29/execute/async - {"script":"<script> [776 bytes]","args":[{"enterText":"Webdriver WHM Site r3hq","selector":{"id":"application-managesites-display-component---NewSite--addressDetailDetailsName1","interaction":{"idSuffix":"inner"}},"clearTextFirst":true,"interactionType":"ENTER_TEXT"}]}
COMMAND: GET /session/e7ea40813c72c691ec6b0d6c49a20f29/screenshot - {}
RESULT: {"script":"<script> [776 bytes]","args":[{"enterText":"Webdriver WHM Site r3hq","selector":{"id":"application-managesites-display-component---NewSite--addressDetailDetailsName1","interaction":{"idSuffix":"inner"}},"clearTextFirst":true,"interactionType":"ENTER_TEXT"}]}
RESULT: {}
RESULT: undefined
COMMAND: POST /session/e7ea40813c72c691ec6b0d6c49a20f29/execute/async - {"script":"<script> [776 bytes]","args":[{"enterText":"Romanian","selector":{"id":"application-managesites-display-component---NewSite--addressDetailDetailsLanguage","interaction":{"idSuffix":"inner"}},"clearTextFirst":true,"interactionType":"ENTER_TEXT"}]}
RESULT: {"script":"<script> [776 bytes]","args":[{"enterText":"Romanian","selector":{"id":"application-managesites-display-component---NewSite--addressDetailDetailsLanguage","interaction":{"idSuffix":"inner"}},"clearTextFirst":true,"interactionType":"ENTER_TEXT"}]}
COMMAND: POST /session/e7ea40813c72c691ec6b0d6c49a20f29/actions - {"actions":[{"id":"action10","type":"key","parameters":{},"actions":[{"type":"keyDown","value":"î€‡"},{"type":"pause","duration":10},{"type":"keyUp","value":"î€‡"}]}]}
RESULT: {"actions":[{"id":"action10","type":"key","parameters":{},"actions":[{"type":"keyDown","value":"î€‡"},{"type":"pause","duration":10},{"type":"keyUp","value":"î€‡"}]}]}
RESULT: undefined
COMMAND: POST /session/e7ea40813c72c691ec6b0d6c49a20f29/execute/async - {"script":"<script> [776 bytes]","args":[{"enterText":"Bucharest","selector":{"id":"application-managesites-display-component---NewSite--addressDetailDetailsCity1","interaction":{"idSuffix":"inner"}},"clearTextFirst":true,"interactionType":"ENTER_TEXT"}]}
COMMAND: GET /session/e7ea40813c72c691ec6b0d6c49a20f29/screenshot - {}
RESULT: {"script":"<script> [776 bytes]","args":[{"enterText":"Bucharest","selector":{"id":"application-managesites-display-component---NewSite--addressDetailDetailsCity1","interaction":{"idSuffix":"inner"}},"clearTextFirst":true,"interactionType":"ENTER_TEXT"}]}
RESULT: {}
COMMAND: POST /session/e7ea40813c72c691ec6b0d6c49a20f29/actions - {"actions":[{"id":"action11","type":"key","parameters":{},"actions":[{"type":"keyDown","value":"î€‡"},{"type":"pause","duration":10},{"type":"keyUp","value":"î€‡"}]}]}
RESULT: {"actions":[{"id":"action11","type":"key","parameters":{},"actions":[{"type":"keyDown","value":"î€‡"},{"type":"pause","duration":10},{"type":"keyUp","value":"î€‡"}]}]}
RESULT: undefined
COMMAND: POST /session/e7ea40813c72c691ec6b0d6c49a20f29/execute/async - {"script":"<script> [6424 bytes]","args":[{"element-6066-11e4-a52e-4f735466cecf":"f.EA024E5748EAFE5A0CAA481A9B11DD22.d.9DFD2101D6AFFF3E1EB17397BCC5BFD5.e.4413"},"setValue",["Romania"]]}
COMMAND: GET /session/e7ea40813c72c691ec6b0d6c49a20f29/screenshot - {}
COMMAND: POST /session/e7ea40813c72c691ec6b0d6c49a20f29/execute/async - {"script":"<script> [1562 bytes]","args":[{"selector":{"id":"application-managesites-display-component---NewSite--addressDetailDetailsCountry","interaction":{"idSuffix":"inner"}},"wdio_ui5_key":"applicationmanagesites-display-component---NewSite--addressDetailDetailsCountry"}]}
RESULT: {}
RESULT: {"script":"<script> [1562 bytes]","args":[{"selector":{"id":"application-managesites-display-component---NewSite--addressDetailDetailsCountry","interaction":{"idSuffix":"inner"}},"wdio_ui5_key":"applicationmanagesites-display-component---NewSite--addressDetailDetailsCountry"}]}
COMMAND: POST /session/e7ea40813c72c691ec6b0d6c49a20f29/execute/async - {"script":"<script> [6424 bytes]","args":[{"element-6066-11e4-a52e-4f735466cecf":"f.EA024E5748EAFE5A0CAA481A9B11DD22.d.9DFD2101D6AFFF3E1EB17397BCC5BFD5.e.4948"},"setValue",["Romania"]]}
RESULT: {"script":"<script> [6424 bytes]","args":[{"element-6066-11e4-a52e-4f735466cecf":"f.EA024E5748EAFE5A0CAA481A9B11DD22.d.9DFD2101D6AFFF3E1EB17397BCC5BFD5.e.4948"},"setValue",["Romania"]]}
COMMAND: POST /session/e7ea40813c72c691ec6b0d6c49a20f29/actions - {"actions":[{"id":"action12","type":"key","parameters":{},"actions":[{"type":"keyDown","value":"î€‡"},{"type":"pause","duration":10},{"type":"keyUp","value":"î€‡"}]}]}
RESULT: {"actions":[{"id":"action12","type":"key","parameters":{},"actions":[{"type":"keyDown","value":"î€‡"},{"type":"pause","duration":10},{"type":"keyUp","value":"î€‡"}]}]}
RESULT: undefined
COMMAND: POST /session/e7ea40813c72c691ec6b0d6c49a20f29/execute/async - {"script":"<script> [776 bytes]","args":[{"enterText":"Germany","selector":{"id":"application-managesites-display-component---NewSite--addressDetailDetailsCalendar","interaction":{"idSuffix":"inner"}},"clearTextFirst":true,"interactionType":"ENTER_TEXT"}]}
COMMAND: GET /session/e7ea40813c72c691ec6b0d6c49a20f29/screenshot - {}
RESULT: {"script":"<script> [776 bytes]","args":[{"enterText":"Germany","selector":{"id":"application-managesites-display-component---NewSite--addressDetailDetailsCalendar","interaction":{"idSuffix":"inner"}},"clearTextFirst":true,"interactionType":"ENTER_TEXT"}]}
RESULT: {}
COMMAND: POST /session/e7ea40813c72c691ec6b0d6c49a20f29/actions - {"actions":[{"id":"action13","type":"key","parameters":{},"actions":[{"type":"keyDown","value":"î€‡"},{"type":"pause","duration":10},{"type":"keyUp","value":"î€‡"}]}]}
RESULT: {"actions":[{"id":"action13","type":"key","parameters":{},"actions":[{"type":"keyDown","value":"î€‡"},{"type":"pause","duration":10},{"type":"keyUp","value":"î€‡"}]}]}
COMMAND: POST /session/e7ea40813c72c691ec6b0d6c49a20f29/execute/async - {"script":"<script> [1562 bytes]","args":[{"selector":{"id":"application-managesites-display-component---NewSite--addressEditDetailsCostObjectCstType","interaction":{"idSuffix":"inner"}},"wdio_ui5_key":"applicationmanagesites-display-component---NewSite--addressEditDetailsCostObjectCstType"}]}
COMMAND: GET /session/e7ea40813c72c691ec6b0d6c49a20f29/screenshot - {}
RESULT: {"script":"<script> [1562 bytes]","args":[{"selector":{"id":"application-managesites-display-component---NewSite--addressEditDetailsCostObjectCstType","interaction":{"idSuffix":"inner"}},"wdio_ui5_key":"applicationmanagesites-display-component---NewSite--addressEditDetailsCostObjectCstType"}]}
RESULT: undefined
COMMAND: POST /session/e7ea40813c72c691ec6b0d6c49a20f29/execute/async - {"script":"<script> [776 bytes]","args":[{"enterText":"Cost","selector":{"id":"application-managesites-display-component---NewSite--addressEditDetailsCostObjectCstType","interaction":{"idSuffix":"inner"}},"clearTextFirst":true,"interactionType":"ENTER_TEXT"}]}
RESULT: {}
RESULT: {"script":"<script> [776 bytes]","args":[{"enterText":"Cost","selector":{"id":"application-managesites-display-component---NewSite--addressEditDetailsCostObjectCstType","interaction":{"idSuffix":"inner"}},"clearTextFirst":true,"interactionType":"ENTER_TEXT"}]}
COMMAND: POST /session/e7ea40813c72c691ec6b0d6c49a20f29/actions - {"actions":[{"id":"action14","type":"key","parameters":{},"actions":[{"type":"keyDown","value":"î€‡"},{"type":"pause","duration":10},{"type":"keyUp","value":"î€‡"}]}]}
RESULT: {"actions":[{"id":"action14","type":"key","parameters":{},"actions":[{"type":"keyDown","value":"î€‡"},{"type":"pause","duration":10},{"type":"keyUp","value":"î€‡"}]}]}
COMMAND: POST /session/e7ea40813c72c691ec6b0d6c49a20f29/execute/async - {"script":"<script> [1562 bytes]","args":[{"selector":{"id":"application-managesites-display-component---NewSite--addressNewCostObjectCstID","interaction":{"idSuffix":"inner"}},"wdio_ui5_key":"applicationmanagesites-display-component---NewSite--addressNewCostObjectCstID"}]}
COMMAND: GET /session/e7ea40813c72c691ec6b0d6c49a20f29/screenshot - {}
RESULT: {"script":"<script> [1562 bytes]","args":[{"selector":{"id":"application-managesites-display-component---NewSite--addressNewCostObjectCstID","interaction":{"idSuffix":"inner"}},"wdio_ui5_key":"applicationmanagesites-display-component---NewSite--addressNewCostObjectCstID"}]}
RESULT: undefined
COMMAND: POST /session/e7ea40813c72c691ec6b0d6c49a20f29/execute/async - {"script":"<script> [776 bytes]","args":[{"enterText":"1001","selector":{"id":"application-managesites-display-component---NewSite--addressNewCostObjectCstID","interaction":{"idSuffix":"inner"}},"clearTextFirst":true,"interactionType":"ENTER_TEXT"}]}
RESULT: {}
RESULT: {"script":"<script> [776 bytes]","args":[{"enterText":"1001","selector":{"id":"application-managesites-display-component---NewSite--addressNewCostObjectCstID","interaction":{"idSuffix":"inner"}},"clearTextFirst":true,"interactionType":"ENTER_TEXT"}]}
COMMAND: POST /session/e7ea40813c72c691ec6b0d6c49a20f29/actions - {"actions":[{"id":"action15","type":"key","parameters":{},"actions":[{"type":"keyDown","value":"î€‡"},{"type":"pause","duration":10},{"type":"keyUp","value":"î€‡"}]}]}
RESULT: {"actions":[{"id":"action15","type":"key","parameters":{},"actions":[{"type":"keyDown","value":"î€‡"},{"type":"pause","duration":10},{"type":"keyUp","value":"î€‡"}]}]}
COMMAND: POST /session/e7ea40813c72c691ec6b0d6c49a20f29/element - {"using":"xpath","value":"//input[@id=\"application-managesites-display-component---NewSite--addressDetailDetailsYard-inner\"]"}
COMMAND: GET /session/e7ea40813c72c691ec6b0d6c49a20f29/screenshot - {}
RESULT: {"using":"xpath","value":"//input[@id=\"application-managesites-display-component---NewSite--addressDetailDetailsYard-inner\"]"}
COMMAND: POST /session/e7ea40813c72c691ec6b0d6c49a20f29/element/f.EA024E5748EAFE5A0CAA481A9B11DD22.d.9DFD2101D6AFFF3E1EB17397BCC5BFD5.e.4959/value - {"text":"255"}
RESULT: {}
RESULT: {"text":"255"}
COMMAND: GET /session/e7ea40813c72c691ec6b0d6c49a20f29/screenshot - {}
RESULT: {}
COMMAND: POST /session/e7ea40813c72c691ec6b0d6c49a20f29/actions - {"actions":[{"id":"action16","type":"key","parameters":{},"actions":[{"type":"keyDown","value":"î€‡"},{"type":"pause","duration":10},{"type":"keyUp","value":"î€‡"}]}]}
RESULT: {"actions":[{"id":"action16","type":"key","parameters":{},"actions":[{"type":"keyDown","value":"î€‡"},{"type":"pause","duration":10},{"type":"keyUp","value":"î€‡"}]}]}
COMMAND: GET /session/e7ea40813c72c691ec6b0d6c49a20f29/screenshot - {}
RESULT: {}
COMMAND: POST /session/e7ea40813c72c691ec6b0d6c49a20f29/element - {"using":"xpath","value":"//input[@id=\"application-managesites-display-component---NewSite--addressDetailDetailsPartner-inner\"]"}
RESULT: {"using":"xpath","value":"//input[@id=\"application-managesites-display-component---NewSite--addressDetailDetailsPartner-inner\"]"}
COMMAND: POST /session/e7ea40813c72c691ec6b0d6c49a20f29/elements - {"using":"xpath","value":"//input[@id=\"application-managesites-display-component---NewSite--addressDetailDetailsPartner-inner\"]"}
RESULT: {"using":"xpath","value":"//input[@id=\"application-managesites-display-component---NewSite--addressDetailDetailsPartner-inner\"]"}
RESULT: undefined
COMMAND: POST /session/e7ea40813c72c691ec6b0d6c49a20f29/element - {"using":"xpath","value":"//*[@id=\"application-managesites-display-component---NewSite--ObjectPageLayout-anchBar-__section5-anchor\"]"}
RESULT: {"using":"xpath","value":"//*[@id=\"application-managesites-display-component---NewSite--ObjectPageLayout-anchBar-__section5-anchor\"]"}
COMMAND: POST /session/e7ea40813c72c691ec6b0d6c49a20f29/element/f.EA024E5748EAFE5A0CAA481A9B11DD22.d.9DFD2101D6AFFF3E1EB17397BCC5BFD5.e.5083/click - {}
RESULT: {}
COMMAND: POST /session/e7ea40813c72c691ec6b0d6c49a20f29/execute/async - {"script":"<script> [1562 bytes]","args":[{"selector":{"id":"application-managesites-display-component---NewSite--siteWhmCheckBox-label","interaction":{"idSuffix":"bdi"}},"wdio_ui5_key":"applicationmanagesites-display-component---NewSite--siteWhmCheckBox-label"}]}
COMMAND: GET /session/e7ea40813c72c691ec6b0d6c49a20f29/screenshot - {}
RESULT: {"script":"<script> [1562 bytes]","args":[{"selector":{"id":"application-managesites-display-component---NewSite--siteWhmCheckBox-label","interaction":{"idSuffix":"bdi"}},"wdio_ui5_key":"applicationmanagesites-display-component---NewSite--siteWhmCheckBox-label"}]}
RESULT: undefined
COMMAND: POST /session/e7ea40813c72c691ec6b0d6c49a20f29/element - {"using":"xpath","value":"//*[@id=\"application-managesites-display-component---NewSite--siteWhmCheckBox-label\"]"}
RESULT: {}
RESULT: {"using":"xpath","value":"//*[@id=\"application-managesites-display-component---NewSite--siteWhmCheckBox-label\"]"}
COMMAND: POST /session/e7ea40813c72c691ec6b0d6c49a20f29/element/f.EA024E5748EAFE5A0CAA481A9B11DD22.d.9DFD2101D6AFFF3E1EB17397BCC5BFD5.e.5086/click - {}
RESULT: {}
RESULT: undefined
COMMAND: POST /session/e7ea40813c72c691ec6b0d6c49a20f29/element - {"using":"xpath","value":"//*[@id=\"__button16\"]"}
COMMAND: GET /session/e7ea40813c72c691ec6b0d6c49a20f29/screenshot - {}
RESULT: {"using":"xpath","value":"//*[@id=\"__button16\"]"}
COMMAND: POST /session/e7ea40813c72c691ec6b0d6c49a20f29/element/f.EA024E5748EAFE5A0CAA481A9B11DD22.d.9DFD2101D6AFFF3E1EB17397BCC5BFD5.e.5087/click - {}
RESULT: {}
RESULT: {}
COMMAND: GET /session/e7ea40813c72c691ec6b0d6c49a20f29/screenshot - {}
RESULT: {}
COMMAND: POST /session/e7ea40813c72c691ec6b0d6c49a20f29/element - {"using":"xpath","value":"//header/div/div[2]/div[2]/span"}
RESULT: {"using":"xpath","value":"//header/div/div[2]/div[2]/span"}
COMMAND: GET /session/e7ea40813c72c691ec6b0d6c49a20f29/element/f.EA024E5748EAFE5A0CAA481A9B11DD22.d.9DFD2101D6AFFF3E1EB17397BCC5BFD5.e.5289/text - {}
RESULT: {}
RESULT: undefined
RESULT: undefined
COMMAND: POST /session/e7ea40813c72c691ec6b0d6c49a20f29/execute/async - {"script":"<script> [6424 bytes]","args":[{"element-6066-11e4-a52e-4f735466cecf":"f.EA024E5748EAFE5A0CAA481A9B11DD22.d.9DFD2101D6AFFF3E1EB17397BCC5BFD5.e.4881"},"getText",[]]}
COMMAND: POST /session/e7ea40813c72c691ec6b0d6c49a20f29/execute/async - {"script":"<script> [1562 bytes]","args":[{"selector":{"controlType":"sap.m.Label","viewName":"etm.portal.ui.managesites.view.Detail","viewId":"application-managesites-display-component---detailSite","i18NText":{"propertyName":"text","key":"status"}},"wdio_ui5_key":"etmportal.ui.managesites.view.Detailsap.m.Label{\"propertyName\":\"text\",\"key\":\"status\"}"}]}
RESULT: {"script":"<script> [1562 bytes]","args":[{"selector":{"controlType":"sap.m.Label","viewName":"etm.portal.ui.managesites.view.Detail","viewId":"application-managesites-display-component---detailSite","i18NText":{"propertyName":"text","key":"status"}},"wdio_ui5_key":"etmportal.ui.managesites.view.Detailsap.m.Label{\"propertyName\":\"text\",\"key\":\"status\"}"}]}
COMMAND: POST /session/e7ea40813c72c691ec6b0d6c49a20f29/execute/async - {"script":"<script> [6424 bytes]","args":[{"element-6066-11e4-a52e-4f735466cecf":"f.EA024E5748EAFE5A0CAA481A9B11DD22.d.9DFD2101D6AFFF3E1EB17397BCC5BFD5.e.5278"},"getText",[]]}
RESULT: {"script":"<script> [6424 bytes]","args":[{"element-6066-11e4-a52e-4f735466cecf":"f.EA024E5748EAFE5A0CAA481A9B11DD22.d.9DFD2101D6AFFF3E1EB17397BCC5BFD5.e.5278"},"getText",[]]}
COMMAND: POST /session/e7ea40813c72c691ec6b0d6c49a20f29/execute/async - {"script":"<script> [1562 bytes]","args":[{"selector":{"id":"shell-header","interaction":{"idSuffix":"icon"}},"wdio_ui5_key":"shellheader"}]}
RESULT: {"script":"<script> [1562 bytes]","args":[{"selector":{"id":"shell-header","interaction":{"idSuffix":"icon"}},"wdio_ui5_key":"shellheader"}]}
RESULT: undefined
COMMAND: POST /session/e7ea40813c72c691ec6b0d6c49a20f29/element - {"using":"xpath","value":"//*[@id=\"shell-header\"]"}
RESULT: {"using":"xpath","value":"//*[@id=\"shell-header\"]"}
COMMAND: POST /session/e7ea40813c72c691ec6b0d6c49a20f29/element/f.EA024E5748EAFE5A0CAA481A9B11DD22.d.9DFD2101D6AFFF3E1EB17397BCC5BFD5.e.5290/click - {}
RESULT: {}
COMMAND: GET /session/e7ea40813c72c691ec6b0d6c49a20f29/screenshot - {}
COMMAND: POST /session/e7ea40813c72c691ec6b0d6c49a20f29/refresh - {}
RESULT: {}
RESULT: {}
COMMAND: GET /session/e7ea40813c72c691ec6b0d6c49a20f29/screenshot - {}
RESULT: {}
COMMAND: POST /session/e7ea40813c72c691ec6b0d6c49a20f29/refresh - {}
RESULT: {}
COMMAND: GET /session/e7ea40813c72c691ec6b0d6c49a20f29/screenshot - {}
RESULT: {}
COMMAND: POST /session/e7ea40813c72c691ec6b0d6c49a20f29/window/fullscreen - {}
RESULT: {}
COMMAND: POST /session/e7ea40813c72c691ec6b0d6c49a20f29/execute/async - {"script":"<script> [189 bytes]","args":[]}
RESULT: {"script":"<script> [189 bytes]","args":[]}
COMMAND: POST /session/e7ea40813c72c691ec6b0d6c49a20f29/execute/async - {"script":"<script> [123 bytes]","args":[]}
RESULT: {"script":"<script> [123 bytes]","args":[]}
COMMAND: POST /session/e7ea40813c72c691ec6b0d6c49a20f29/timeouts - {"script":"<number>"}
RESULT: {"script":"<number>"}
COMMAND: GET /session/e7ea40813c72c691ec6b0d6c49a20f29/timeouts - {}
RESULT: {}
RESULT: undefined
COMMAND: POST /session/e7ea40813c72c691ec6b0d6c49a20f29/execute/async - {"script":"<script> [2676 bytes]","args":[]}
RESULT: {"script":"<script> [2676 bytes]","args":[]}
COMMAND: POST /session/e7ea40813c72c691ec6b0d6c49a20f29/execute/async - {"script":"<script> [2342 bytes]","args":[{"protocol":"http","hostname":"0.0.0.0","path":"/","capabilities":{"browserName":"chrome","goog:chromeOptions":{"binary":"C:\\Program Files\\Google\\Chrome\\Application\\chrome.exe","args":["--start-maximized"]}},"logLevel":"warn","connectionRetryTimeout":120000,"connectionRetryCount":3,"logLevels":{},"enableDirectConnect":true,"strictSSL":true,"_":"65 more keys: [\"cacheDir\",\"port\",\"requestedCapabilities\",\"automationProtocol\",\"baseUrl\",\"waitforInterval\",\"waitforTimeout\",\"onReload\",\"beforeCommand\",\"afterCommand\",\"rootDir\",\"specs\",\"suites\",\"exclude\",\"groupLogsByTestSpec\",\"excludeDriverLogs\",\"bail\",\"framework\",\"reporters\",\"services\",\"maxInstances\",\"maxInstancesPerCapability\",\"injectGlobals\",\"filesToWatch\",\"execArgv\",\"runnerEnv\",\"runner\",\"shard\",\"specFileRetries\",\"specFileRetriesDelay\",\"specFileRetriesDeferred\",\"reporterSyncInterval\",\"reporterSyncTimeout\",\"cucumberFeaturesWithLineNumbers\",\"autoCompileOpts\",\"mochaOpts\",\"jasmineOpts\",\"cucumberOpts\",\"onPrepare\",\"onWorkerStart\",\"onWorkerEnd\",\"before\",\"beforeSession\",\"beforeSuite\",\"beforeHook\",\"beforeTest\",\"afterTest\",\"afterHook\",\"afterSuite\",\"afterSession\",\"after\",\"onComplete\",\"beforeAssertion\",\"afterAssertion\",\"beforeFeature\",\"beforeScenario\",\"beforeStep\",\"afterStep\",\"afterScenario\",\"afterFeature\",\"_\",\"suite\",\"$0\",\"ignoredWorkerServices\",\"wdi5\"]"}]}
RESULT: {"script":"<script> [2342 bytes]","args":[{"protocol":"http","hostname":"0.0.0.0","path":"/","capabilities":{"browserName":"chrome","goog:chromeOptions":{"binary":"C:\\Program Files\\Google\\Chrome\\Application\\chrome.exe","args":["--start-maximized"]}},"logLevel":"warn","connectionRetryTimeout":120000,"connectionRetryCount":3,"logLevels":{},"enableDirectConnect":true,"strictSSL":true,"_":"65 more keys: [\"cacheDir\",\"port\",\"requestedCapabilities\",\"automationProtocol\",\"baseUrl\",\"waitforInterval\",\"waitforTimeout\",\"onReload\",\"beforeCommand\",\"afterCommand\",\"rootDir\",\"specs\",\"suites\",\"exclude\",\"groupLogsByTestSpec\",\"excludeDriverLogs\",\"bail\",\"framework\",\"reporters\",\"services\",\"maxInstances\",\"maxInstancesPerCapability\",\"injectGlobals\",\"filesToWatch\",\"execArgv\",\"runnerEnv\",\"runner\",\"shard\",\"specFileRetries\",\"specFileRetriesDelay\",\"specFileRetriesDeferred\",\"reporterSyncInterval\",\"reporterSyncTimeout\",\"cucumberFeaturesWithLineNumbers\",\"autoCompileOpts\",\"mochaOpts\",\"jasmineOpts\",\"cucumberOpts\",\"onPrepare\",\"onWorkerStart\",\"onWorkerEnd\",\"before\",\"beforeSession\",\"beforeSuite\",\"beforeHook\",\"beforeTest\",\"afterTest\",\"afterHook\",\"afterSuite\",\"afterSession\",\"after\",\"onComplete\",\"beforeAssertion\",\"afterAssertion\",\"beforeFeature\",\"beforeScenario\",\"beforeStep\",\"afterStep\",\"afterScenario\",\"afterFeature\",\"_\",\"suite\",\"$0\",\"ignoredWorkerServices\",\"wdi5\"]"}]}
COMMAND: POST /session/e7ea40813c72c691ec6b0d6c49a20f29/execute/async - {"script":"<script> [21126 bytes]","args":[35000]}
RESULT: {"script":"<script> [21126 bytes]","args":[35000]}
COMMAND: POST /session/e7ea40813c72c691ec6b0d6c49a20f29/element - {"using":"css selector","value":"#j_username"}
COMMAND: POST /session/e7ea40813c72c691ec6b0d6c49a20f29/url - {"url":"https://qa-testing-00-live-etm-ui.cfapps.eu10-004.hana.ondemand.com/"}
RESULT: {"using":"css selector","value":"#j_username"}
COMMAND: POST /session/e7ea40813c72c691ec6b0d6c49a20f29/element - {"using":"css selector","value":"#j_username"}
RESULT: {"url":"https://qa-testing-00-live-etm-ui.cfapps.eu10-004.hana.ondemand.com/"}
RESULT: undefined
COMMAND: GET /session/e7ea40813c72c691ec6b0d6c49a20f29/screenshot - {}
RESULT: {"using":"css selector","value":"#j_username"}
COMMAND: POST /session/e7ea40813c72c691ec6b0d6c49a20f29/element - {"using":"css selector","value":"#shell-header-logo"}
RESULT: {}
RESULT: {"using":"css selector","value":"#shell-header-logo"}
COMMAND: POST /session/e7ea40813c72c691ec6b0d6c49a20f29/execute/sync - {"script":"<script> [8489 bytes]","args":[{"element-6066-11e4-a52e-4f735466cecf":"f.EA024E5748EAFE5A0CAA481A9B11DD22.d.2B6A9E240B4A71B4B413F3C370DCB434.e.5835","ELEMENT":"f.EA024E5748EAFE5A0CAA481A9B11DD22.d.2B6A9E240B4A71B4B413F3C370DCB434.e.5835"}]}
RESULT: {"script":"<script> [8489 bytes]","args":[{"element-6066-11e4-a52e-4f735466cecf":"f.EA024E5748EAFE5A0CAA481A9B11DD22.d.2B6A9E240B4A71B4B413F3C370DCB434.e.5835","ELEMENT":"f.EA024E5748EAFE5A0CAA481A9B11DD22.d.2B6A9E240B4A71B4B413F3C370DCB434.e.5835"}]}
COMMAND: POST /session/e7ea40813c72c691ec6b0d6c49a20f29/element - {"using":"css selector","value":"#shell-header-logo"}
COMMAND: GET /session/e7ea40813c72c691ec6b0d6c49a20f29/screenshot - {}
RESULT: {"using":"css selector","value":"#shell-header-logo"}
COMMAND: POST /session/e7ea40813c72c691ec6b0d6c49a20f29/execute/sync - {"script":"<script> [8489 bytes]","args":[{"element-6066-11e4-a52e-4f735466cecf":"f.EA024E5748EAFE5A0CAA481A9B11DD22.d.2B6A9E240B4A71B4B413F3C370DCB434.e.5835","ELEMENT":"f.EA024E5748EAFE5A0CAA481A9B11DD22.d.2B6A9E240B4A71B4B413F3C370DCB434.e.5835"}]}
RESULT: {}
RESULT: {"script":"<script> [8489 bytes]","args":[{"element-6066-11e4-a52e-4f735466cecf":"f.EA024E5748EAFE5A0CAA481A9B11DD22.d.2B6A9E240B4A71B4B413F3C370DCB434.e.5835","ELEMENT":"f.EA024E5748EAFE5A0CAA481A9B11DD22.d.2B6A9E240B4A71B4B413F3C370DCB434.e.5835"}]}
COMMAND: POST /session/e7ea40813c72c691ec6b0d6c49a20f29/execute/sync - {"script":"<script> [5351 bytes]","args":[{"element-6066-11e4-a52e-4f735466cecf":"f.EA024E5748EAFE5A0CAA481A9B11DD22.d.2B6A9E240B4A71B4B413F3C370DCB434.e.5835","ELEMENT":"f.EA024E5748EAFE5A0CAA481A9B11DD22.d.2B6A9E240B4A71B4B413F3C370DCB434.e.5835"}]}
COMMAND: GET /session/e7ea40813c72c691ec6b0d6c49a20f29/screenshot - {}
RESULT: {"script":"<script> [5351 bytes]","args":[{"element-6066-11e4-a52e-4f735466cecf":"f.EA024E5748EAFE5A0CAA481A9B11DD22.d.2B6A9E240B4A71B4B413F3C370DCB434.e.5835","ELEMENT":"f.EA024E5748EAFE5A0CAA481A9B11DD22.d.2B6A9E240B4A71B4B413F3C370DCB434.e.5835"}]}
COMMAND: POST /session/e7ea40813c72c691ec6b0d6c49a20f29/element - {"using":"css selector","value":"#shell-header-logo"}
COMMAND: GET /session/e7ea40813c72c691ec6b0d6c49a20f29/screenshot - {}
RESULT: {}
RESULT: {"using":"css selector","value":"#shell-header-logo"}
COMMAND: POST /session/e7ea40813c72c691ec6b0d6c49a20f29/element/f.EA024E5748EAFE5A0CAA481A9B11DD22.d.2B6A9E240B4A71B4B413F3C370DCB434.e.5835/click - {}
RESULT: {}
RESULT: {}
COMMAND: GET /session/e7ea40813c72c691ec6b0d6c49a20f29/screenshot - {}
RESULT: {}
COMMAND: POST /session/e7ea40813c72c691ec6b0d6c49a20f29/execute/async - {"script":"<script> [189 bytes]","args":[]}
RESULT: {"script":"<script> [189 bytes]","args":[]}
COMMAND: POST /session/e7ea40813c72c691ec6b0d6c49a20f29/execute/async - {"script":"<script> [123 bytes]","args":[]}
RESULT: {"script":"<script> [123 bytes]","args":[]}
COMMAND: POST /session/e7ea40813c72c691ec6b0d6c49a20f29/timeouts - {"script":"<number>"}
RESULT: {"script":"<number>"}
COMMAND: GET /session/e7ea40813c72c691ec6b0d6c49a20f29/timeouts - {}
RESULT: {}
RESULT: undefined
COMMAND: POST /session/e7ea40813c72c691ec6b0d6c49a20f29/execute/async - {"script":"<script> [2676 bytes]","args":[]}
RESULT: {"script":"<script> [2676 bytes]","args":[]}
COMMAND: POST /session/e7ea40813c72c691ec6b0d6c49a20f29/execute/async - {"script":"<script> [2342 bytes]","args":[{"protocol":"http","hostname":"0.0.0.0","path":"/","capabilities":{"browserName":"chrome","goog:chromeOptions":{"binary":"C:\\Program Files\\Google\\Chrome\\Application\\chrome.exe","args":["--start-maximized"]}},"logLevel":"warn","connectionRetryTimeout":120000,"connectionRetryCount":3,"logLevels":{},"enableDirectConnect":true,"strictSSL":true,"_":"65 more keys: [\"cacheDir\",\"port\",\"requestedCapabilities\",\"automationProtocol\",\"baseUrl\",\"waitforInterval\",\"waitforTimeout\",\"onReload\",\"beforeCommand\",\"afterCommand\",\"rootDir\",\"specs\",\"suites\",\"exclude\",\"groupLogsByTestSpec\",\"excludeDriverLogs\",\"bail\",\"framework\",\"reporters\",\"services\",\"maxInstances\",\"maxInstancesPerCapability\",\"injectGlobals\",\"filesToWatch\",\"execArgv\",\"runnerEnv\",\"runner\",\"shard\",\"specFileRetries\",\"specFileRetriesDelay\",\"specFileRetriesDeferred\",\"reporterSyncInterval\",\"reporterSyncTimeout\",\"cucumberFeaturesWithLineNumbers\",\"autoCompileOpts\",\"mochaOpts\",\"jasmineOpts\",\"cucumberOpts\",\"onPrepare\",\"onWorkerStart\",\"onWorkerEnd\",\"before\",\"beforeSession\",\"beforeSuite\",\"beforeHook\",\"beforeTest\",\"afterTest\",\"afterHook\",\"afterSuite\",\"afterSession\",\"after\",\"onComplete\",\"beforeAssertion\",\"afterAssertion\",\"beforeFeature\",\"beforeScenario\",\"beforeStep\",\"afterStep\",\"afterScenario\",\"afterFeature\",\"_\",\"suite\",\"$0\",\"ignoredWorkerServices\",\"wdi5\"]"}]}
RESULT: {"script":"<script> [2342 bytes]","args":[{"protocol":"http","hostname":"0.0.0.0","path":"/","capabilities":{"browserName":"chrome","goog:chromeOptions":{"binary":"C:\\Program Files\\Google\\Chrome\\Application\\chrome.exe","args":["--start-maximized"]}},"logLevel":"warn","connectionRetryTimeout":120000,"connectionRetryCount":3,"logLevels":{},"enableDirectConnect":true,"strictSSL":true,"_":"65 more keys: [\"cacheDir\",\"port\",\"requestedCapabilities\",\"automationProtocol\",\"baseUrl\",\"waitforInterval\",\"waitforTimeout\",\"onReload\",\"beforeCommand\",\"afterCommand\",\"rootDir\",\"specs\",\"suites\",\"exclude\",\"groupLogsByTestSpec\",\"excludeDriverLogs\",\"bail\",\"framework\",\"reporters\",\"services\",\"maxInstances\",\"maxInstancesPerCapability\",\"injectGlobals\",\"filesToWatch\",\"execArgv\",\"runnerEnv\",\"runner\",\"shard\",\"specFileRetries\",\"specFileRetriesDelay\",\"specFileRetriesDeferred\",\"reporterSyncInterval\",\"reporterSyncTimeout\",\"cucumberFeaturesWithLineNumbers\",\"autoCompileOpts\",\"mochaOpts\",\"jasmineOpts\",\"cucumberOpts\",\"onPrepare\",\"onWorkerStart\",\"onWorkerEnd\",\"before\",\"beforeSession\",\"beforeSuite\",\"beforeHook\",\"beforeTest\",\"afterTest\",\"afterHook\",\"afterSuite\",\"afterSession\",\"after\",\"onComplete\",\"beforeAssertion\",\"afterAssertion\",\"beforeFeature\",\"beforeScenario\",\"beforeStep\",\"afterStep\",\"afterScenario\",\"afterFeature\",\"_\",\"suite\",\"$0\",\"ignoredWorkerServices\",\"wdi5\"]"}]}
COMMAND: POST /session/e7ea40813c72c691ec6b0d6c49a20f29/execute/async - {"script":"<script> [21126 bytes]","args":[35000]}
RESULT: {"script":"<script> [21126 bytes]","args":[35000]}
COMMAND: POST /session/e7ea40813c72c691ec6b0d6c49a20f29/window/maximize - {}
RESULT: {}
COMMAND: POST /session/e7ea40813c72c691ec6b0d6c49a20f29/execute/async - {"script":"<script> [1562 bytes]","args":[{"selector":{"id":"shell-header","interaction":{"idSuffix":"icon"}},"wdio_ui5_key":"shellheader"}]}
COMMAND: GET /session/e7ea40813c72c691ec6b0d6c49a20f29/screenshot - {}
RESULT: {"script":"<script> [1562 bytes]","args":[{"selector":{"id":"shell-header","interaction":{"idSuffix":"icon"}},"wdio_ui5_key":"shellheader"}]}
RESULT: undefined
RESULT: {}
COMMAND: POST /session/e7ea40813c72c691ec6b0d6c49a20f29/execute/async - {"script":"<script> [1562 bytes]","args":[{"selector":{"controlType":"sap.m.Title","i18NText":{"propertyName":"text","key":"dataCollectionAgreement"},"searchOpenDialogs":true},"wdio_ui5_key":"sapm.Title{\"propertyName\":\"text\",\"key\":\"dataCollectionAgreement\"}"}]}
RESULT: {"script":"<script> [1562 bytes]","args":[{"selector":{"controlType":"sap.m.Title","i18NText":{"propertyName":"text","key":"dataCollectionAgreement"},"searchOpenDialogs":true},"wdio_ui5_key":"sapm.Title{\"propertyName\":\"text\",\"key\":\"dataCollectionAgreement\"}"}]}
RESULT: undefined
COMMAND: POST /session/e7ea40813c72c691ec6b0d6c49a20f29/execute/async - {"script":"<script> [1562 bytes]","args":[{"selector":{"controlType":"sap.m.GenericTile","properties":{"header":"Manage Resources"}},"wdio_ui5_key":"sapm.GenericTile{\"header\":\"Manage Resources\"}"}]}
RESULT: {"script":"<script> [1562 bytes]","args":[{"selector":{"controlType":"sap.m.GenericTile","properties":{"header":"Manage Resources"}},"wdio_ui5_key":"sapm.GenericTile{\"header\":\"Manage Resources\"}"}]}
RESULT: undefined
COMMAND: POST /session/e7ea40813c72c691ec6b0d6c49a20f29/element - {"using":"xpath","value":"//*[@id=\"__tile31\"]"}
RESULT: {"using":"xpath","value":"//*[@id=\"__tile31\"]"}
COMMAND: POST /session/e7ea40813c72c691ec6b0d6c49a20f29/element/f.EA024E5748EAFE5A0CAA481A9B11DD22.d.2B6A9E240B4A71B4B413F3C370DCB434.e.5858/click - {}
RESULT: {}
COMMAND: GET /session/e7ea40813c72c691ec6b0d6c49a20f29/screenshot - {}
RESULT: {}
]]></system-out>
    </testcase>
  </testsuite>
  <testsuite timestamp="2025-04-26T15:26:44" time="511.196" tests="2" failures="0" errors="0" skipped="0">
    <properties>
      <property name="specId" value="0" />
      <property name="suiteName" value="Create 2 RU material US118246" />
      <property name="capabilities" value="chrome.135_0_7049_96.windows" />
      <property name="file" value="file:///D:/a/1/s/test/specs/R2C/create-material.spec.js" />
    </properties>
    <testcase classname="chrome.135_0_7049_96.windows.Create_2_RU_material_US118246" name="Create material" time="242.192">
      <system-out><![CDATA[
COMMAND: POST /session/e7ea40813c72c691ec6b0d6c49a20f29/element - {"using":"xpath","value":"//button[@data-kt=\"addNewRUOverflowToolbarButton\"]"}
RESULT: {"using":"xpath","value":"//button[@data-kt=\"addNewRUOverflowToolbarButton\"]"}
COMMAND: POST /session/e7ea40813c72c691ec6b0d6c49a20f29/execute/sync - {"script":"<script> [8489 bytes]","args":[{"element-6066-11e4-a52e-4f735466cecf":"f.EA024E5748EAFE5A0CAA481A9B11DD22.d.2B6A9E240B4A71B4B413F3C370DCB434.e.5997","ELEMENT":"f.EA024E5748EAFE5A0CAA481A9B11DD22.d.2B6A9E240B4A71B4B413F3C370DCB434.e.5997"}]}
RESULT: {"script":"<script> [8489 bytes]","args":[{"element-6066-11e4-a52e-4f735466cecf":"f.EA024E5748EAFE5A0CAA481A9B11DD22.d.2B6A9E240B4A71B4B413F3C370DCB434.e.5997","ELEMENT":"f.EA024E5748EAFE5A0CAA481A9B11DD22.d.2B6A9E240B4A71B4B413F3C370DCB434.e.5997"}]}
COMMAND: POST /session/e7ea40813c72c691ec6b0d6c49a20f29/element/f.EA024E5748EAFE5A0CAA481A9B11DD22.d.2B6A9E240B4A71B4B413F3C370DCB434.e.5997/click - {}
COMMAND: GET /session/e7ea40813c72c691ec6b0d6c49a20f29/screenshot - {}
RESULT: {}
COMMAND: GET /session/e7ea40813c72c691ec6b0d6c49a20f29/screenshot - {}
RESULT: {}
RESULT: {}
COMMAND: POST /session/e7ea40813c72c691ec6b0d6c49a20f29/execute/async - {"script":"<script> [1562 bytes]","args":[{"selector":{"controlType":"sap.m.ComboBox","viewName":"reusables.view.manageresources.NewResourceUnit","viewId":"application-manageresources-display-component---newResourceUnit","bindingPath":{"path":"","propertyPath":"/RuTypes","modelName":"catalogModel"},"searchOpenDialogs":true},"wdio_ui5_key":"reusablesview.manageresources.NewResourceUnitsap.m.ComboBox{\"path\":\"\",\"propertyPath\":\"/RuTypes\",\"modelName\":\"catalogModel\"}"}]}
RESULT: {"script":"<script> [1562 bytes]","args":[{"selector":{"controlType":"sap.m.ComboBox","viewName":"reusables.view.manageresources.NewResourceUnit","viewId":"application-manageresources-display-component---newResourceUnit","bindingPath":{"path":"","propertyPath":"/RuTypes","modelName":"catalogModel"},"searchOpenDialogs":true},"wdio_ui5_key":"reusablesview.manageresources.NewResourceUnitsap.m.ComboBox{\"path\":\"\",\"propertyPath\":\"/RuTypes\",\"modelName\":\"catalogModel\"}"}]}
RESULT: undefined
COMMAND: POST /session/e7ea40813c72c691ec6b0d6c49a20f29/execute/async - {"script":"<script> [1562 bytes]","args":[{"selector":{"controlType":"sap.m.ComboBox","viewName":"reusables.view.manageresources.NewResourceUnit","viewId":"application-manageresources-display-component---newResourceUnit","bindingPath":{"path":"","propertyPath":"/Yards","modelName":"catalogModel"},"searchOpenDialogs":true},"wdio_ui5_key":"reusablesview.manageresources.NewResourceUnitsap.m.ComboBox{\"path\":\"\",\"propertyPath\":\"/Yards\",\"modelName\":\"catalogModel\"}"}]}
RESULT: {"script":"<script> [1562 bytes]","args":[{"selector":{"controlType":"sap.m.ComboBox","viewName":"reusables.view.manageresources.NewResourceUnit","viewId":"application-manageresources-display-component---newResourceUnit","bindingPath":{"path":"","propertyPath":"/Yards","modelName":"catalogModel"},"searchOpenDialogs":true},"wdio_ui5_key":"reusablesview.manageresources.NewResourceUnitsap.m.ComboBox{\"path\":\"\",\"propertyPath\":\"/Yards\",\"modelName\":\"catalogModel\"}"}]}
RESULT: undefined
COMMAND: POST /session/e7ea40813c72c691ec6b0d6c49a20f29/execute/async - {"script":"<script> [1562 bytes]","args":[{"selector":{"controlType":"etm.portal.ui.reusables.customControls.LiveSearchComboBox","viewName":"reusables.view.manageresources.NewResourceUnit","viewId":"application-manageresources-display-component---newResourceUnit","bindingPath":{"path":"","propertyPath":"/CatalogItems","modelName":"catalogModel"},"searchOpenDialogs":true},"wdio_ui5_key":"reusablesview.manageresources.NewResourceUnitetm.portal.ui.reusables.customControls.LiveSearchComboBox{\"path\":\"\",\"propertyPath\":\"/CatalogItems\",\"modelName\":\"catalogModel\"}"}]}
RESULT: {"script":"<script> [1562 bytes]","args":[{"selector":{"controlType":"etm.portal.ui.reusables.customControls.LiveSearchComboBox","viewName":"reusables.view.manageresources.NewResourceUnit","viewId":"application-manageresources-display-component---newResourceUnit","bindingPath":{"path":"","propertyPath":"/CatalogItems","modelName":"catalogModel"},"searchOpenDialogs":true},"wdio_ui5_key":"reusablesview.manageresources.NewResourceUnitetm.portal.ui.reusables.customControls.LiveSearchComboBox{\"path\":\"\",\"propertyPath\":\"/CatalogItems\",\"modelName\":\"catalogModel\"}"}]}
RESULT: undefined
COMMAND: POST /session/e7ea40813c72c691ec6b0d6c49a20f29/element - {"using":"xpath","value":"//bdi[text()=\"OK\"]"}
RESULT: {"using":"xpath","value":"//bdi[text()=\"OK\"]"}
COMMAND: POST /session/e7ea40813c72c691ec6b0d6c49a20f29/elements - {"using":"xpath","value":"//bdi[text()=\"OK\"]"}
RESULT: {"using":"xpath","value":"//bdi[text()=\"OK\"]"}
COMMAND: POST /session/e7ea40813c72c691ec6b0d6c49a20f29/elements - {"using":"xpath","value":"//bdi[text()=\"OK\"]"}
RESULT: {"using":"xpath","value":"//bdi[text()=\"OK\"]"}
COMMAND: POST /session/e7ea40813c72c691ec6b0d6c49a20f29/elements - {"using":"xpath","value":"//bdi[text()=\"OK\"]"}
RESULT: {"using":"xpath","value":"//bdi[text()=\"OK\"]"}
COMMAND: POST /session/e7ea40813c72c691ec6b0d6c49a20f29/elements - {"using":"xpath","value":"//bdi[text()=\"OK\"]"}
RESULT: {"using":"xpath","value":"//bdi[text()=\"OK\"]"}
COMMAND: POST /session/e7ea40813c72c691ec6b0d6c49a20f29/elements - {"using":"xpath","value":"//bdi[text()=\"OK\"]"}
RESULT: {"using":"xpath","value":"//bdi[text()=\"OK\"]"}
COMMAND: POST /session/e7ea40813c72c691ec6b0d6c49a20f29/elements - {"using":"xpath","value":"//bdi[text()=\"OK\"]"}
RESULT: {"using":"xpath","value":"//bdi[text()=\"OK\"]"}
COMMAND: POST /session/e7ea40813c72c691ec6b0d6c49a20f29/elements - {"using":"xpath","value":"//bdi[text()=\"OK\"]"}
RESULT: {"using":"xpath","value":"//bdi[text()=\"OK\"]"}
COMMAND: POST /session/e7ea40813c72c691ec6b0d6c49a20f29/elements - {"using":"xpath","value":"//bdi[text()=\"OK\"]"}
RESULT: {"using":"xpath","value":"//bdi[text()=\"OK\"]"}
COMMAND: POST /session/e7ea40813c72c691ec6b0d6c49a20f29/elements - {"using":"xpath","value":"//bdi[text()=\"OK\"]"}
RESULT: {"using":"xpath","value":"//bdi[text()=\"OK\"]"}
COMMAND: POST /session/e7ea40813c72c691ec6b0d6c49a20f29/elements - {"using":"xpath","value":"//bdi[text()=\"OK\"]"}
RESULT: {"using":"xpath","value":"//bdi[text()=\"OK\"]"}
COMMAND: POST /session/e7ea40813c72c691ec6b0d6c49a20f29/elements - {"using":"xpath","value":"//bdi[text()=\"OK\"]"}
RESULT: {"using":"xpath","value":"//bdi[text()=\"OK\"]"}
COMMAND: POST /session/e7ea40813c72c691ec6b0d6c49a20f29/elements - {"using":"xpath","value":"//bdi[text()=\"OK\"]"}
RESULT: {"using":"xpath","value":"//bdi[text()=\"OK\"]"}
COMMAND: POST /session/e7ea40813c72c691ec6b0d6c49a20f29/elements - {"using":"xpath","value":"//bdi[text()=\"OK\"]"}
RESULT: {"using":"xpath","value":"//bdi[text()=\"OK\"]"}
COMMAND: POST /session/e7ea40813c72c691ec6b0d6c49a20f29/elements - {"using":"xpath","value":"//bdi[text()=\"OK\"]"}
RESULT: {"using":"xpath","value":"//bdi[text()=\"OK\"]"}
COMMAND: POST /session/e7ea40813c72c691ec6b0d6c49a20f29/elements - {"using":"xpath","value":"//bdi[text()=\"OK\"]"}
RESULT: {"using":"xpath","value":"//bdi[text()=\"OK\"]"}
COMMAND: POST /session/e7ea40813c72c691ec6b0d6c49a20f29/elements - {"using":"xpath","value":"//bdi[text()=\"OK\"]"}
RESULT: {"using":"xpath","value":"//bdi[text()=\"OK\"]"}
COMMAND: POST /session/e7ea40813c72c691ec6b0d6c49a20f29/elements - {"using":"xpath","value":"//bdi[text()=\"OK\"]"}
RESULT: {"using":"xpath","value":"//bdi[text()=\"OK\"]"}
COMMAND: POST /session/e7ea40813c72c691ec6b0d6c49a20f29/elements - {"using":"xpath","value":"//bdi[text()=\"OK\"]"}
RESULT: {"using":"xpath","value":"//bdi[text()=\"OK\"]"}
COMMAND: POST /session/e7ea40813c72c691ec6b0d6c49a20f29/elements - {"using":"xpath","value":"//bdi[text()=\"OK\"]"}
RESULT: {"using":"xpath","value":"//bdi[text()=\"OK\"]"}
COMMAND: POST /session/e7ea40813c72c691ec6b0d6c49a20f29/elements - {"using":"xpath","value":"//bdi[text()=\"OK\"]"}
RESULT: {"using":"xpath","value":"//bdi[text()=\"OK\"]"}
COMMAND: POST /session/e7ea40813c72c691ec6b0d6c49a20f29/elements - {"using":"xpath","value":"//bdi[text()=\"OK\"]"}
RESULT: {"using":"xpath","value":"//bdi[text()=\"OK\"]"}
COMMAND: POST /session/e7ea40813c72c691ec6b0d6c49a20f29/elements - {"using":"xpath","value":"//bdi[text()=\"OK\"]"}
RESULT: {"using":"xpath","value":"//bdi[text()=\"OK\"]"}
COMMAND: POST /session/e7ea40813c72c691ec6b0d6c49a20f29/elements - {"using":"xpath","value":"//bdi[text()=\"OK\"]"}
RESULT: {"using":"xpath","value":"//bdi[text()=\"OK\"]"}
COMMAND: POST /session/e7ea40813c72c691ec6b0d6c49a20f29/elements - {"using":"xpath","value":"//bdi[text()=\"OK\"]"}
RESULT: {"using":"xpath","value":"//bdi[text()=\"OK\"]"}
COMMAND: POST /session/e7ea40813c72c691ec6b0d6c49a20f29/elements - {"using":"xpath","value":"//bdi[text()=\"OK\"]"}
RESULT: {"using":"xpath","value":"//bdi[text()=\"OK\"]"}
COMMAND: POST /session/e7ea40813c72c691ec6b0d6c49a20f29/elements - {"using":"xpath","value":"//bdi[text()=\"OK\"]"}
RESULT: {"using":"xpath","value":"//bdi[text()=\"OK\"]"}
COMMAND: POST /session/e7ea40813c72c691ec6b0d6c49a20f29/elements - {"using":"xpath","value":"//bdi[text()=\"OK\"]"}
RESULT: {"using":"xpath","value":"//bdi[text()=\"OK\"]"}
COMMAND: POST /session/e7ea40813c72c691ec6b0d6c49a20f29/elements - {"using":"xpath","value":"//bdi[text()=\"OK\"]"}
RESULT: {"using":"xpath","value":"//bdi[text()=\"OK\"]"}
COMMAND: POST /session/e7ea40813c72c691ec6b0d6c49a20f29/elements - {"using":"xpath","value":"//bdi[text()=\"OK\"]"}
RESULT: {"using":"xpath","value":"//bdi[text()=\"OK\"]"}
COMMAND: POST /session/e7ea40813c72c691ec6b0d6c49a20f29/elements - {"using":"xpath","value":"//bdi[text()=\"OK\"]"}
RESULT: {"using":"xpath","value":"//bdi[text()=\"OK\"]"}
COMMAND: POST /session/e7ea40813c72c691ec6b0d6c49a20f29/elements - {"using":"xpath","value":"//bdi[text()=\"OK\"]"}
RESULT: {"using":"xpath","value":"//bdi[text()=\"OK\"]"}
COMMAND: POST /session/e7ea40813c72c691ec6b0d6c49a20f29/elements - {"using":"xpath","value":"//bdi[text()=\"OK\"]"}
RESULT: {"using":"xpath","value":"//bdi[text()=\"OK\"]"}
COMMAND: POST /session/e7ea40813c72c691ec6b0d6c49a20f29/elements - {"using":"xpath","value":"//bdi[text()=\"OK\"]"}
RESULT: {"using":"xpath","value":"//bdi[text()=\"OK\"]"}
COMMAND: POST /session/e7ea40813c72c691ec6b0d6c49a20f29/elements - {"using":"xpath","value":"//bdi[text()=\"OK\"]"}
RESULT: {"using":"xpath","value":"//bdi[text()=\"OK\"]"}
COMMAND: POST /session/e7ea40813c72c691ec6b0d6c49a20f29/elements - {"using":"xpath","value":"//bdi[text()=\"OK\"]"}
RESULT: {"using":"xpath","value":"//bdi[text()=\"OK\"]"}
COMMAND: POST /session/e7ea40813c72c691ec6b0d6c49a20f29/elements - {"using":"xpath","value":"//bdi[text()=\"OK\"]"}
RESULT: {"using":"xpath","value":"//bdi[text()=\"OK\"]"}
COMMAND: POST /session/e7ea40813c72c691ec6b0d6c49a20f29/elements - {"using":"xpath","value":"//bdi[text()=\"OK\"]"}
RESULT: {"using":"xpath","value":"//bdi[text()=\"OK\"]"}
COMMAND: POST /session/e7ea40813c72c691ec6b0d6c49a20f29/elements - {"using":"xpath","value":"//bdi[text()=\"OK\"]"}
RESULT: {"using":"xpath","value":"//bdi[text()=\"OK\"]"}
COMMAND: POST /session/e7ea40813c72c691ec6b0d6c49a20f29/elements - {"using":"xpath","value":"//bdi[text()=\"OK\"]"}
RESULT: {"using":"xpath","value":"//bdi[text()=\"OK\"]"}
COMMAND: POST /session/e7ea40813c72c691ec6b0d6c49a20f29/elements - {"using":"xpath","value":"//bdi[text()=\"OK\"]"}
RESULT: {"using":"xpath","value":"//bdi[text()=\"OK\"]"}
COMMAND: POST /session/e7ea40813c72c691ec6b0d6c49a20f29/elements - {"using":"xpath","value":"//bdi[text()=\"OK\"]"}
RESULT: {"using":"xpath","value":"//bdi[text()=\"OK\"]"}
COMMAND: POST /session/e7ea40813c72c691ec6b0d6c49a20f29/elements - {"using":"xpath","value":"//bdi[text()=\"OK\"]"}
RESULT: {"using":"xpath","value":"//bdi[text()=\"OK\"]"}
COMMAND: POST /session/e7ea40813c72c691ec6b0d6c49a20f29/elements - {"using":"xpath","value":"//bdi[text()=\"OK\"]"}
RESULT: {"using":"xpath","value":"//bdi[text()=\"OK\"]"}
COMMAND: POST /session/e7ea40813c72c691ec6b0d6c49a20f29/elements - {"using":"xpath","value":"//bdi[text()=\"OK\"]"}
RESULT: {"using":"xpath","value":"//bdi[text()=\"OK\"]"}
COMMAND: POST /session/e7ea40813c72c691ec6b0d6c49a20f29/elements - {"using":"xpath","value":"//bdi[text()=\"OK\"]"}
RESULT: {"using":"xpath","value":"//bdi[text()=\"OK\"]"}
COMMAND: POST /session/e7ea40813c72c691ec6b0d6c49a20f29/elements - {"using":"xpath","value":"//bdi[text()=\"OK\"]"}
RESULT: {"using":"xpath","value":"//bdi[text()=\"OK\"]"}
COMMAND: POST /session/e7ea40813c72c691ec6b0d6c49a20f29/elements - {"using":"xpath","value":"//bdi[text()=\"OK\"]"}
RESULT: {"using":"xpath","value":"//bdi[text()=\"OK\"]"}
COMMAND: POST /session/e7ea40813c72c691ec6b0d6c49a20f29/elements - {"using":"xpath","value":"//bdi[text()=\"OK\"]"}
RESULT: {"using":"xpath","value":"//bdi[text()=\"OK\"]"}
COMMAND: POST /session/e7ea40813c72c691ec6b0d6c49a20f29/elements - {"using":"xpath","value":"//bdi[text()=\"OK\"]"}
RESULT: {"using":"xpath","value":"//bdi[text()=\"OK\"]"}
COMMAND: POST /session/e7ea40813c72c691ec6b0d6c49a20f29/elements - {"using":"xpath","value":"//bdi[text()=\"OK\"]"}
RESULT: {"using":"xpath","value":"//bdi[text()=\"OK\"]"}
COMMAND: POST /session/e7ea40813c72c691ec6b0d6c49a20f29/elements - {"using":"xpath","value":"//bdi[text()=\"OK\"]"}
RESULT: {"using":"xpath","value":"//bdi[text()=\"OK\"]"}
COMMAND: POST /session/e7ea40813c72c691ec6b0d6c49a20f29/elements - {"using":"xpath","value":"//bdi[text()=\"OK\"]"}
RESULT: {"using":"xpath","value":"//bdi[text()=\"OK\"]"}
COMMAND: POST /session/e7ea40813c72c691ec6b0d6c49a20f29/elements - {"using":"xpath","value":"//bdi[text()=\"OK\"]"}
RESULT: {"using":"xpath","value":"//bdi[text()=\"OK\"]"}
COMMAND: POST /session/e7ea40813c72c691ec6b0d6c49a20f29/elements - {"using":"xpath","value":"//bdi[text()=\"OK\"]"}
RESULT: {"using":"xpath","value":"//bdi[text()=\"OK\"]"}
COMMAND: POST /session/e7ea40813c72c691ec6b0d6c49a20f29/elements - {"using":"xpath","value":"//bdi[text()=\"OK\"]"}
RESULT: {"using":"xpath","value":"//bdi[text()=\"OK\"]"}
COMMAND: POST /session/e7ea40813c72c691ec6b0d6c49a20f29/elements - {"using":"xpath","value":"//bdi[text()=\"OK\"]"}
RESULT: {"using":"xpath","value":"//bdi[text()=\"OK\"]"}
COMMAND: POST /session/e7ea40813c72c691ec6b0d6c49a20f29/elements - {"using":"xpath","value":"//bdi[text()=\"OK\"]"}
RESULT: {"using":"xpath","value":"//bdi[text()=\"OK\"]"}
COMMAND: POST /session/e7ea40813c72c691ec6b0d6c49a20f29/elements - {"using":"xpath","value":"//bdi[text()=\"OK\"]"}
RESULT: {"using":"xpath","value":"//bdi[text()=\"OK\"]"}
COMMAND: POST /session/e7ea40813c72c691ec6b0d6c49a20f29/elements - {"using":"xpath","value":"//bdi[text()=\"OK\"]"}
RESULT: {"using":"xpath","value":"//bdi[text()=\"OK\"]"}
COMMAND: POST /session/e7ea40813c72c691ec6b0d6c49a20f29/elements - {"using":"xpath","value":"//bdi[text()=\"OK\"]"}
RESULT: {"using":"xpath","value":"//bdi[text()=\"OK\"]"}
COMMAND: POST /session/e7ea40813c72c691ec6b0d6c49a20f29/elements - {"using":"xpath","value":"//bdi[text()=\"OK\"]"}
RESULT: {"using":"xpath","value":"//bdi[text()=\"OK\"]"}
COMMAND: POST /session/e7ea40813c72c691ec6b0d6c49a20f29/elements - {"using":"xpath","value":"//bdi[text()=\"OK\"]"}
RESULT: {"using":"xpath","value":"//bdi[text()=\"OK\"]"}
COMMAND: POST /session/e7ea40813c72c691ec6b0d6c49a20f29/elements - {"using":"xpath","value":"//bdi[text()=\"OK\"]"}
RESULT: {"using":"xpath","value":"//bdi[text()=\"OK\"]"}
COMMAND: POST /session/e7ea40813c72c691ec6b0d6c49a20f29/elements - {"using":"xpath","value":"//bdi[text()=\"OK\"]"}
RESULT: {"using":"xpath","value":"//bdi[text()=\"OK\"]"}
COMMAND: POST /session/e7ea40813c72c691ec6b0d6c49a20f29/elements - {"using":"xpath","value":"//bdi[text()=\"OK\"]"}
RESULT: {"using":"xpath","value":"//bdi[text()=\"OK\"]"}
COMMAND: POST /session/e7ea40813c72c691ec6b0d6c49a20f29/elements - {"using":"xpath","value":"//bdi[text()=\"OK\"]"}
RESULT: {"using":"xpath","value":"//bdi[text()=\"OK\"]"}
COMMAND: POST /session/e7ea40813c72c691ec6b0d6c49a20f29/elements - {"using":"xpath","value":"//bdi[text()=\"OK\"]"}
RESULT: {"using":"xpath","value":"//bdi[text()=\"OK\"]"}
COMMAND: POST /session/e7ea40813c72c691ec6b0d6c49a20f29/elements - {"using":"xpath","value":"//bdi[text()=\"OK\"]"}
RESULT: {"using":"xpath","value":"//bdi[text()=\"OK\"]"}
COMMAND: POST /session/e7ea40813c72c691ec6b0d6c49a20f29/elements - {"using":"xpath","value":"//bdi[text()=\"OK\"]"}
RESULT: {"using":"xpath","value":"//bdi[text()=\"OK\"]"}
COMMAND: POST /session/e7ea40813c72c691ec6b0d6c49a20f29/elements - {"using":"xpath","value":"//bdi[text()=\"OK\"]"}
RESULT: {"using":"xpath","value":"//bdi[text()=\"OK\"]"}
COMMAND: POST /session/e7ea40813c72c691ec6b0d6c49a20f29/elements - {"using":"xpath","value":"//bdi[text()=\"OK\"]"}
RESULT: {"using":"xpath","value":"//bdi[text()=\"OK\"]"}
COMMAND: POST /session/e7ea40813c72c691ec6b0d6c49a20f29/elements - {"using":"xpath","value":"//bdi[text()=\"OK\"]"}
RESULT: {"using":"xpath","value":"//bdi[text()=\"OK\"]"}
COMMAND: POST /session/e7ea40813c72c691ec6b0d6c49a20f29/elements - {"using":"xpath","value":"//bdi[text()=\"OK\"]"}
RESULT: {"using":"xpath","value":"//bdi[text()=\"OK\"]"}
COMMAND: POST /session/e7ea40813c72c691ec6b0d6c49a20f29/elements - {"using":"xpath","value":"//bdi[text()=\"OK\"]"}
RESULT: {"using":"xpath","value":"//bdi[text()=\"OK\"]"}
COMMAND: POST /session/e7ea40813c72c691ec6b0d6c49a20f29/elements - {"using":"xpath","value":"//bdi[text()=\"OK\"]"}
RESULT: {"using":"xpath","value":"//bdi[text()=\"OK\"]"}
COMMAND: POST /session/e7ea40813c72c691ec6b0d6c49a20f29/elements - {"using":"xpath","value":"//bdi[text()=\"OK\"]"}
RESULT: {"using":"xpath","value":"//bdi[text()=\"OK\"]"}
COMMAND: POST /session/e7ea40813c72c691ec6b0d6c49a20f29/elements - {"using":"xpath","value":"//bdi[text()=\"OK\"]"}
RESULT: {"using":"xpath","value":"//bdi[text()=\"OK\"]"}
COMMAND: POST /session/e7ea40813c72c691ec6b0d6c49a20f29/elements - {"using":"xpath","value":"//bdi[text()=\"OK\"]"}
RESULT: {"using":"xpath","value":"//bdi[text()=\"OK\"]"}
COMMAND: POST /session/e7ea40813c72c691ec6b0d6c49a20f29/elements - {"using":"xpath","value":"//bdi[text()=\"OK\"]"}
RESULT: {"using":"xpath","value":"//bdi[text()=\"OK\"]"}
COMMAND: POST /session/e7ea40813c72c691ec6b0d6c49a20f29/elements - {"using":"xpath","value":"//bdi[text()=\"OK\"]"}
RESULT: {"using":"xpath","value":"//bdi[text()=\"OK\"]"}
COMMAND: POST /session/e7ea40813c72c691ec6b0d6c49a20f29/elements - {"using":"xpath","value":"//bdi[text()=\"OK\"]"}
RESULT: {"using":"xpath","value":"//bdi[text()=\"OK\"]"}
COMMAND: POST /session/e7ea40813c72c691ec6b0d6c49a20f29/elements - {"using":"xpath","value":"//bdi[text()=\"OK\"]"}
RESULT: {"using":"xpath","value":"//bdi[text()=\"OK\"]"}
COMMAND: POST /session/e7ea40813c72c691ec6b0d6c49a20f29/elements - {"using":"xpath","value":"//bdi[text()=\"OK\"]"}
RESULT: {"using":"xpath","value":"//bdi[text()=\"OK\"]"}
COMMAND: POST /session/e7ea40813c72c691ec6b0d6c49a20f29/elements - {"using":"xpath","value":"//bdi[text()=\"OK\"]"}
RESULT: {"using":"xpath","value":"//bdi[text()=\"OK\"]"}
COMMAND: POST /session/e7ea40813c72c691ec6b0d6c49a20f29/elements - {"using":"xpath","value":"//bdi[text()=\"OK\"]"}
RESULT: {"using":"xpath","value":"//bdi[text()=\"OK\"]"}
COMMAND: POST /session/e7ea40813c72c691ec6b0d6c49a20f29/elements - {"using":"xpath","value":"//bdi[text()=\"OK\"]"}
RESULT: {"using":"xpath","value":"//bdi[text()=\"OK\"]"}
COMMAND: POST /session/e7ea40813c72c691ec6b0d6c49a20f29/elements - {"using":"xpath","value":"//bdi[text()=\"OK\"]"}
RESULT: {"using":"xpath","value":"//bdi[text()=\"OK\"]"}
COMMAND: POST /session/e7ea40813c72c691ec6b0d6c49a20f29/elements - {"using":"xpath","value":"//bdi[text()=\"OK\"]"}
RESULT: {"using":"xpath","value":"//bdi[text()=\"OK\"]"}
COMMAND: POST /session/e7ea40813c72c691ec6b0d6c49a20f29/elements - {"using":"xpath","value":"//bdi[text()=\"OK\"]"}
RESULT: {"using":"xpath","value":"//bdi[text()=\"OK\"]"}
COMMAND: POST /session/e7ea40813c72c691ec6b0d6c49a20f29/elements - {"using":"xpath","value":"//bdi[text()=\"OK\"]"}
RESULT: {"using":"xpath","value":"//bdi[text()=\"OK\"]"}
COMMAND: POST /session/e7ea40813c72c691ec6b0d6c49a20f29/elements - {"using":"xpath","value":"//bdi[text()=\"OK\"]"}
RESULT: {"using":"xpath","value":"//bdi[text()=\"OK\"]"}
COMMAND: POST /session/e7ea40813c72c691ec6b0d6c49a20f29/elements - {"using":"xpath","value":"//bdi[text()=\"OK\"]"}
RESULT: {"using":"xpath","value":"//bdi[text()=\"OK\"]"}
COMMAND: POST /session/e7ea40813c72c691ec6b0d6c49a20f29/elements - {"using":"xpath","value":"//bdi[text()=\"OK\"]"}
RESULT: {"using":"xpath","value":"//bdi[text()=\"OK\"]"}
COMMAND: POST /session/e7ea40813c72c691ec6b0d6c49a20f29/elements - {"using":"xpath","value":"//bdi[text()=\"OK\"]"}
RESULT: {"using":"xpath","value":"//bdi[text()=\"OK\"]"}
COMMAND: POST /session/e7ea40813c72c691ec6b0d6c49a20f29/elements - {"using":"xpath","value":"//bdi[text()=\"OK\"]"}
RESULT: {"using":"xpath","value":"//bdi[text()=\"OK\"]"}
COMMAND: POST /session/e7ea40813c72c691ec6b0d6c49a20f29/elements - {"using":"xpath","value":"//bdi[text()=\"OK\"]"}
RESULT: {"using":"xpath","value":"//bdi[text()=\"OK\"]"}
COMMAND: POST /session/e7ea40813c72c691ec6b0d6c49a20f29/elements - {"using":"xpath","value":"//bdi[text()=\"OK\"]"}
RESULT: {"using":"xpath","value":"//bdi[text()=\"OK\"]"}
COMMAND: POST /session/e7ea40813c72c691ec6b0d6c49a20f29/elements - {"using":"xpath","value":"//bdi[text()=\"OK\"]"}
RESULT: {"using":"xpath","value":"//bdi[text()=\"OK\"]"}
COMMAND: POST /session/e7ea40813c72c691ec6b0d6c49a20f29/elements - {"using":"xpath","value":"//bdi[text()=\"OK\"]"}
RESULT: {"using":"xpath","value":"//bdi[text()=\"OK\"]"}
COMMAND: POST /session/e7ea40813c72c691ec6b0d6c49a20f29/elements - {"using":"xpath","value":"//bdi[text()=\"OK\"]"}
RESULT: {"using":"xpath","value":"//bdi[text()=\"OK\"]"}
COMMAND: POST /session/e7ea40813c72c691ec6b0d6c49a20f29/elements - {"using":"xpath","value":"//bdi[text()=\"OK\"]"}
RESULT: {"using":"xpath","value":"//bdi[text()=\"OK\"]"}
COMMAND: POST /session/e7ea40813c72c691ec6b0d6c49a20f29/elements - {"using":"xpath","value":"//bdi[text()=\"OK\"]"}
RESULT: {"using":"xpath","value":"//bdi[text()=\"OK\"]"}
COMMAND: POST /session/e7ea40813c72c691ec6b0d6c49a20f29/elements - {"using":"xpath","value":"//bdi[text()=\"OK\"]"}
RESULT: {"using":"xpath","value":"//bdi[text()=\"OK\"]"}
COMMAND: POST /session/e7ea40813c72c691ec6b0d6c49a20f29/elements - {"using":"xpath","value":"//bdi[text()=\"OK\"]"}
RESULT: {"using":"xpath","value":"//bdi[text()=\"OK\"]"}
COMMAND: POST /session/e7ea40813c72c691ec6b0d6c49a20f29/elements - {"using":"xpath","value":"//bdi[text()=\"OK\"]"}
RESULT: {"using":"xpath","value":"//bdi[text()=\"OK\"]"}
COMMAND: POST /session/e7ea40813c72c691ec6b0d6c49a20f29/elements - {"using":"xpath","value":"//bdi[text()=\"OK\"]"}
RESULT: {"using":"xpath","value":"//bdi[text()=\"OK\"]"}
COMMAND: POST /session/e7ea40813c72c691ec6b0d6c49a20f29/elements - {"using":"xpath","value":"//bdi[text()=\"OK\"]"}
RESULT: {"using":"xpath","value":"//bdi[text()=\"OK\"]"}
COMMAND: POST /session/e7ea40813c72c691ec6b0d6c49a20f29/elements - {"using":"xpath","value":"//bdi[text()=\"OK\"]"}
RESULT: {"using":"xpath","value":"//bdi[text()=\"OK\"]"}
COMMAND: POST /session/e7ea40813c72c691ec6b0d6c49a20f29/elements - {"using":"xpath","value":"//bdi[text()=\"OK\"]"}
RESULT: {"using":"xpath","value":"//bdi[text()=\"OK\"]"}
COMMAND: POST /session/e7ea40813c72c691ec6b0d6c49a20f29/elements - {"using":"xpath","value":"//bdi[text()=\"OK\"]"}
RESULT: {"using":"xpath","value":"//bdi[text()=\"OK\"]"}
COMMAND: POST /session/e7ea40813c72c691ec6b0d6c49a20f29/elements - {"using":"xpath","value":"//bdi[text()=\"OK\"]"}
RESULT: {"using":"xpath","value":"//bdi[text()=\"OK\"]"}
COMMAND: POST /session/e7ea40813c72c691ec6b0d6c49a20f29/elements - {"using":"xpath","value":"//bdi[text()=\"OK\"]"}
RESULT: {"using":"xpath","value":"//bdi[text()=\"OK\"]"}
COMMAND: POST /session/e7ea40813c72c691ec6b0d6c49a20f29/elements - {"using":"xpath","value":"//bdi[text()=\"OK\"]"}
RESULT: {"using":"xpath","value":"//bdi[text()=\"OK\"]"}
COMMAND: POST /session/e7ea40813c72c691ec6b0d6c49a20f29/elements - {"using":"xpath","value":"//bdi[text()=\"OK\"]"}
RESULT: {"using":"xpath","value":"//bdi[text()=\"OK\"]"}
COMMAND: POST /session/e7ea40813c72c691ec6b0d6c49a20f29/elements - {"using":"xpath","value":"//bdi[text()=\"OK\"]"}
RESULT: {"using":"xpath","value":"//bdi[text()=\"OK\"]"}
COMMAND: POST /session/e7ea40813c72c691ec6b0d6c49a20f29/elements - {"using":"xpath","value":"//bdi[text()=\"OK\"]"}
RESULT: {"using":"xpath","value":"//bdi[text()=\"OK\"]"}
COMMAND: POST /session/e7ea40813c72c691ec6b0d6c49a20f29/elements - {"using":"xpath","value":"//bdi[text()=\"OK\"]"}
RESULT: {"using":"xpath","value":"//bdi[text()=\"OK\"]"}
COMMAND: POST /session/e7ea40813c72c691ec6b0d6c49a20f29/elements - {"using":"xpath","value":"//bdi[text()=\"OK\"]"}
RESULT: {"using":"xpath","value":"//bdi[text()=\"OK\"]"}
COMMAND: POST /session/e7ea40813c72c691ec6b0d6c49a20f29/elements - {"using":"xpath","value":"//bdi[text()=\"OK\"]"}
RESULT: {"using":"xpath","value":"//bdi[text()=\"OK\"]"}
COMMAND: POST /session/e7ea40813c72c691ec6b0d6c49a20f29/elements - {"using":"xpath","value":"//bdi[text()=\"OK\"]"}
RESULT: {"using":"xpath","value":"//bdi[text()=\"OK\"]"}
COMMAND: POST /session/e7ea40813c72c691ec6b0d6c49a20f29/elements - {"using":"xpath","value":"//bdi[text()=\"OK\"]"}
COMMAND: POST /session/e7ea40813c72c691ec6b0d6c49a20f29/element - {"using":"xpath","value":"//bdi[text()=\"OK\"]"}
RESULT: {"using":"xpath","value":"//bdi[text()=\"OK\"]"}
RESULT: {"using":"xpath","value":"//bdi[text()=\"OK\"]"}
COMMAND: POST /session/e7ea40813c72c691ec6b0d6c49a20f29/elements - {"using":"xpath","value":"//bdi[text()=\"OK\"]"}
RESULT: {"using":"xpath","value":"//bdi[text()=\"OK\"]"}
COMMAND: POST /session/e7ea40813c72c691ec6b0d6c49a20f29/elements - {"using":"xpath","value":"//bdi[text()=\"OK\"]"}
RESULT: {"using":"xpath","value":"//bdi[text()=\"OK\"]"}
COMMAND: POST /session/e7ea40813c72c691ec6b0d6c49a20f29/elements - {"using":"xpath","value":"//bdi[text()=\"OK\"]"}
RESULT: {"using":"xpath","value":"//bdi[text()=\"OK\"]"}
COMMAND: POST /session/e7ea40813c72c691ec6b0d6c49a20f29/elements - {"using":"xpath","value":"//bdi[text()=\"OK\"]"}
RESULT: {"using":"xpath","value":"//bdi[text()=\"OK\"]"}
COMMAND: POST /session/e7ea40813c72c691ec6b0d6c49a20f29/elements - {"using":"xpath","value":"//bdi[text()=\"OK\"]"}
RESULT: {"using":"xpath","value":"//bdi[text()=\"OK\"]"}
COMMAND: POST /session/e7ea40813c72c691ec6b0d6c49a20f29/elements - {"using":"xpath","value":"//bdi[text()=\"OK\"]"}
RESULT: {"using":"xpath","value":"//bdi[text()=\"OK\"]"}
COMMAND: POST /session/e7ea40813c72c691ec6b0d6c49a20f29/elements - {"using":"xpath","value":"//bdi[text()=\"OK\"]"}
RESULT: {"using":"xpath","value":"//bdi[text()=\"OK\"]"}
COMMAND: POST /session/e7ea40813c72c691ec6b0d6c49a20f29/elements - {"using":"xpath","value":"//bdi[text()=\"OK\"]"}
RESULT: {"using":"xpath","value":"//bdi[text()=\"OK\"]"}
COMMAND: POST /session/e7ea40813c72c691ec6b0d6c49a20f29/elements - {"using":"xpath","value":"//bdi[text()=\"OK\"]"}
RESULT: {"using":"xpath","value":"//bdi[text()=\"OK\"]"}
COMMAND: POST /session/e7ea40813c72c691ec6b0d6c49a20f29/elements - {"using":"xpath","value":"//bdi[text()=\"OK\"]"}
RESULT: {"using":"xpath","value":"//bdi[text()=\"OK\"]"}
COMMAND: POST /session/e7ea40813c72c691ec6b0d6c49a20f29/elements - {"using":"xpath","value":"//bdi[text()=\"OK\"]"}
RESULT: {"using":"xpath","value":"//bdi[text()=\"OK\"]"}
COMMAND: POST /session/e7ea40813c72c691ec6b0d6c49a20f29/elements - {"using":"xpath","value":"//bdi[text()=\"OK\"]"}
RESULT: {"using":"xpath","value":"//bdi[text()=\"OK\"]"}
COMMAND: POST /session/e7ea40813c72c691ec6b0d6c49a20f29/elements - {"using":"xpath","value":"//bdi[text()=\"OK\"]"}
RESULT: {"using":"xpath","value":"//bdi[text()=\"OK\"]"}
COMMAND: POST /session/e7ea40813c72c691ec6b0d6c49a20f29/elements - {"using":"xpath","value":"//bdi[text()=\"OK\"]"}
RESULT: {"using":"xpath","value":"//bdi[text()=\"OK\"]"}
COMMAND: POST /session/e7ea40813c72c691ec6b0d6c49a20f29/elements - {"using":"xpath","value":"//bdi[text()=\"OK\"]"}
RESULT: {"using":"xpath","value":"//bdi[text()=\"OK\"]"}
COMMAND: POST /session/e7ea40813c72c691ec6b0d6c49a20f29/elements - {"using":"xpath","value":"//bdi[text()=\"OK\"]"}
RESULT: {"using":"xpath","value":"//bdi[text()=\"OK\"]"}
COMMAND: POST /session/e7ea40813c72c691ec6b0d6c49a20f29/elements - {"using":"xpath","value":"//bdi[text()=\"OK\"]"}
RESULT: {"using":"xpath","value":"//bdi[text()=\"OK\"]"}
COMMAND: POST /session/e7ea40813c72c691ec6b0d6c49a20f29/elements - {"using":"xpath","value":"//bdi[text()=\"OK\"]"}
RESULT: {"using":"xpath","value":"//bdi[text()=\"OK\"]"}
COMMAND: POST /session/e7ea40813c72c691ec6b0d6c49a20f29/elements - {"using":"xpath","value":"//bdi[text()=\"OK\"]"}
RESULT: {"using":"xpath","value":"//bdi[text()=\"OK\"]"}
COMMAND: POST /session/e7ea40813c72c691ec6b0d6c49a20f29/elements - {"using":"xpath","value":"//bdi[text()=\"OK\"]"}
RESULT: {"using":"xpath","value":"//bdi[text()=\"OK\"]"}
COMMAND: POST /session/e7ea40813c72c691ec6b0d6c49a20f29/elements - {"using":"xpath","value":"//bdi[text()=\"OK\"]"}
RESULT: {"using":"xpath","value":"//bdi[text()=\"OK\"]"}
COMMAND: POST /session/e7ea40813c72c691ec6b0d6c49a20f29/elements - {"using":"xpath","value":"//bdi[text()=\"OK\"]"}
RESULT: {"using":"xpath","value":"//bdi[text()=\"OK\"]"}
COMMAND: POST /session/e7ea40813c72c691ec6b0d6c49a20f29/elements - {"using":"xpath","value":"//bdi[text()=\"OK\"]"}
RESULT: {"using":"xpath","value":"//bdi[text()=\"OK\"]"}
COMMAND: POST /session/e7ea40813c72c691ec6b0d6c49a20f29/elements - {"using":"xpath","value":"//bdi[text()=\"OK\"]"}
RESULT: {"using":"xpath","value":"//bdi[text()=\"OK\"]"}
COMMAND: POST /session/e7ea40813c72c691ec6b0d6c49a20f29/elements - {"using":"xpath","value":"//bdi[text()=\"OK\"]"}
RESULT: {"using":"xpath","value":"//bdi[text()=\"OK\"]"}
COMMAND: POST /session/e7ea40813c72c691ec6b0d6c49a20f29/elements - {"using":"xpath","value":"//bdi[text()=\"OK\"]"}
RESULT: {"using":"xpath","value":"//bdi[text()=\"OK\"]"}
COMMAND: POST /session/e7ea40813c72c691ec6b0d6c49a20f29/elements - {"using":"xpath","value":"//bdi[text()=\"OK\"]"}
RESULT: {"using":"xpath","value":"//bdi[text()=\"OK\"]"}
COMMAND: POST /session/e7ea40813c72c691ec6b0d6c49a20f29/elements - {"using":"xpath","value":"//bdi[text()=\"OK\"]"}
RESULT: {"using":"xpath","value":"//bdi[text()=\"OK\"]"}
COMMAND: POST /session/e7ea40813c72c691ec6b0d6c49a20f29/elements - {"using":"xpath","value":"//bdi[text()=\"OK\"]"}
RESULT: {"using":"xpath","value":"//bdi[text()=\"OK\"]"}
COMMAND: POST /session/e7ea40813c72c691ec6b0d6c49a20f29/elements - {"using":"xpath","value":"//bdi[text()=\"OK\"]"}
RESULT: {"using":"xpath","value":"//bdi[text()=\"OK\"]"}
COMMAND: POST /session/e7ea40813c72c691ec6b0d6c49a20f29/elements - {"using":"xpath","value":"//bdi[text()=\"OK\"]"}
RESULT: {"using":"xpath","value":"//bdi[text()=\"OK\"]"}
COMMAND: POST /session/e7ea40813c72c691ec6b0d6c49a20f29/elements - {"using":"xpath","value":"//bdi[text()=\"OK\"]"}
RESULT: {"using":"xpath","value":"//bdi[text()=\"OK\"]"}
COMMAND: POST /session/e7ea40813c72c691ec6b0d6c49a20f29/elements - {"using":"xpath","value":"//bdi[text()=\"OK\"]"}
RESULT: {"using":"xpath","value":"//bdi[text()=\"OK\"]"}
COMMAND: POST /session/e7ea40813c72c691ec6b0d6c49a20f29/elements - {"using":"xpath","value":"//bdi[text()=\"OK\"]"}
RESULT: {"using":"xpath","value":"//bdi[text()=\"OK\"]"}
COMMAND: POST /session/e7ea40813c72c691ec6b0d6c49a20f29/elements - {"using":"xpath","value":"//bdi[text()=\"OK\"]"}
RESULT: {"using":"xpath","value":"//bdi[text()=\"OK\"]"}
COMMAND: POST /session/e7ea40813c72c691ec6b0d6c49a20f29/elements - {"using":"xpath","value":"//bdi[text()=\"OK\"]"}
RESULT: {"using":"xpath","value":"//bdi[text()=\"OK\"]"}
COMMAND: POST /session/e7ea40813c72c691ec6b0d6c49a20f29/elements - {"using":"xpath","value":"//bdi[text()=\"OK\"]"}
RESULT: {"using":"xpath","value":"//bdi[text()=\"OK\"]"}
COMMAND: POST /session/e7ea40813c72c691ec6b0d6c49a20f29/elements - {"using":"xpath","value":"//bdi[text()=\"OK\"]"}
RESULT: {"using":"xpath","value":"//bdi[text()=\"OK\"]"}
COMMAND: POST /session/e7ea40813c72c691ec6b0d6c49a20f29/elements - {"using":"xpath","value":"//bdi[text()=\"OK\"]"}
RESULT: {"using":"xpath","value":"//bdi[text()=\"OK\"]"}
COMMAND: POST /session/e7ea40813c72c691ec6b0d6c49a20f29/elements - {"using":"xpath","value":"//bdi[text()=\"OK\"]"}
RESULT: {"using":"xpath","value":"//bdi[text()=\"OK\"]"}
COMMAND: POST /session/e7ea40813c72c691ec6b0d6c49a20f29/elements - {"using":"xpath","value":"//bdi[text()=\"OK\"]"}
RESULT: {"using":"xpath","value":"//bdi[text()=\"OK\"]"}
COMMAND: POST /session/e7ea40813c72c691ec6b0d6c49a20f29/elements - {"using":"xpath","value":"//bdi[text()=\"OK\"]"}
RESULT: {"using":"xpath","value":"//bdi[text()=\"OK\"]"}
COMMAND: POST /session/e7ea40813c72c691ec6b0d6c49a20f29/elements - {"using":"xpath","value":"//bdi[text()=\"OK\"]"}
RESULT: {"using":"xpath","value":"//bdi[text()=\"OK\"]"}
COMMAND: POST /session/e7ea40813c72c691ec6b0d6c49a20f29/elements - {"using":"xpath","value":"//bdi[text()=\"OK\"]"}
RESULT: {"using":"xpath","value":"//bdi[text()=\"OK\"]"}
COMMAND: POST /session/e7ea40813c72c691ec6b0d6c49a20f29/elements - {"using":"xpath","value":"//bdi[text()=\"OK\"]"}
RESULT: {"using":"xpath","value":"//bdi[text()=\"OK\"]"}
COMMAND: POST /session/e7ea40813c72c691ec6b0d6c49a20f29/elements - {"using":"xpath","value":"//bdi[text()=\"OK\"]"}
RESULT: {"using":"xpath","value":"//bdi[text()=\"OK\"]"}
COMMAND: POST /session/e7ea40813c72c691ec6b0d6c49a20f29/elements - {"using":"xpath","value":"//bdi[text()=\"OK\"]"}
RESULT: {"using":"xpath","value":"//bdi[text()=\"OK\"]"}
COMMAND: POST /session/e7ea40813c72c691ec6b0d6c49a20f29/elements - {"using":"xpath","value":"//bdi[text()=\"OK\"]"}
RESULT: {"using":"xpath","value":"//bdi[text()=\"OK\"]"}
COMMAND: POST /session/e7ea40813c72c691ec6b0d6c49a20f29/elements - {"using":"xpath","value":"//bdi[text()=\"OK\"]"}
RESULT: {"using":"xpath","value":"//bdi[text()=\"OK\"]"}
COMMAND: POST /session/e7ea40813c72c691ec6b0d6c49a20f29/elements - {"using":"xpath","value":"//bdi[text()=\"OK\"]"}
RESULT: {"using":"xpath","value":"//bdi[text()=\"OK\"]"}
COMMAND: POST /session/e7ea40813c72c691ec6b0d6c49a20f29/elements - {"using":"xpath","value":"//bdi[text()=\"OK\"]"}
RESULT: {"using":"xpath","value":"//bdi[text()=\"OK\"]"}
COMMAND: POST /session/e7ea40813c72c691ec6b0d6c49a20f29/elements - {"using":"xpath","value":"//bdi[text()=\"OK\"]"}
RESULT: {"using":"xpath","value":"//bdi[text()=\"OK\"]"}
COMMAND: POST /session/e7ea40813c72c691ec6b0d6c49a20f29/elements - {"using":"xpath","value":"//bdi[text()=\"OK\"]"}
RESULT: {"using":"xpath","value":"//bdi[text()=\"OK\"]"}
COMMAND: POST /session/e7ea40813c72c691ec6b0d6c49a20f29/elements - {"using":"xpath","value":"//bdi[text()=\"OK\"]"}
RESULT: {"using":"xpath","value":"//bdi[text()=\"OK\"]"}
COMMAND: POST /session/e7ea40813c72c691ec6b0d6c49a20f29/elements - {"using":"xpath","value":"//bdi[text()=\"OK\"]"}
RESULT: {"using":"xpath","value":"//bdi[text()=\"OK\"]"}
COMMAND: POST /session/e7ea40813c72c691ec6b0d6c49a20f29/elements - {"using":"xpath","value":"//bdi[text()=\"OK\"]"}
RESULT: {"using":"xpath","value":"//bdi[text()=\"OK\"]"}
COMMAND: POST /session/e7ea40813c72c691ec6b0d6c49a20f29/elements - {"using":"xpath","value":"//bdi[text()=\"OK\"]"}
RESULT: {"using":"xpath","value":"//bdi[text()=\"OK\"]"}
COMMAND: POST /session/e7ea40813c72c691ec6b0d6c49a20f29/elements - {"using":"xpath","value":"//bdi[text()=\"OK\"]"}
RESULT: {"using":"xpath","value":"//bdi[text()=\"OK\"]"}
COMMAND: POST /session/e7ea40813c72c691ec6b0d6c49a20f29/elements - {"using":"xpath","value":"//bdi[text()=\"OK\"]"}
RESULT: {"using":"xpath","value":"//bdi[text()=\"OK\"]"}
COMMAND: POST /session/e7ea40813c72c691ec6b0d6c49a20f29/elements - {"using":"xpath","value":"//bdi[text()=\"OK\"]"}
RESULT: {"using":"xpath","value":"//bdi[text()=\"OK\"]"}
COMMAND: POST /session/e7ea40813c72c691ec6b0d6c49a20f29/elements - {"using":"xpath","value":"//bdi[text()=\"OK\"]"}
RESULT: {"using":"xpath","value":"//bdi[text()=\"OK\"]"}
COMMAND: POST /session/e7ea40813c72c691ec6b0d6c49a20f29/elements - {"using":"xpath","value":"//bdi[text()=\"OK\"]"}
RESULT: {"using":"xpath","value":"//bdi[text()=\"OK\"]"}
COMMAND: POST /session/e7ea40813c72c691ec6b0d6c49a20f29/elements - {"using":"xpath","value":"//bdi[text()=\"OK\"]"}
RESULT: {"using":"xpath","value":"//bdi[text()=\"OK\"]"}
COMMAND: POST /session/e7ea40813c72c691ec6b0d6c49a20f29/elements - {"using":"xpath","value":"//bdi[text()=\"OK\"]"}
RESULT: {"using":"xpath","value":"//bdi[text()=\"OK\"]"}
COMMAND: POST /session/e7ea40813c72c691ec6b0d6c49a20f29/elements - {"using":"xpath","value":"//bdi[text()=\"OK\"]"}
RESULT: {"using":"xpath","value":"//bdi[text()=\"OK\"]"}
COMMAND: POST /session/e7ea40813c72c691ec6b0d6c49a20f29/elements - {"using":"xpath","value":"//bdi[text()=\"OK\"]"}
RESULT: {"using":"xpath","value":"//bdi[text()=\"OK\"]"}
COMMAND: POST /session/e7ea40813c72c691ec6b0d6c49a20f29/elements - {"using":"xpath","value":"//bdi[text()=\"OK\"]"}
RESULT: {"using":"xpath","value":"//bdi[text()=\"OK\"]"}
COMMAND: POST /session/e7ea40813c72c691ec6b0d6c49a20f29/elements - {"using":"xpath","value":"//bdi[text()=\"OK\"]"}
RESULT: {"using":"xpath","value":"//bdi[text()=\"OK\"]"}
COMMAND: POST /session/e7ea40813c72c691ec6b0d6c49a20f29/elements - {"using":"xpath","value":"//bdi[text()=\"OK\"]"}
RESULT: {"using":"xpath","value":"//bdi[text()=\"OK\"]"}
COMMAND: POST /session/e7ea40813c72c691ec6b0d6c49a20f29/elements - {"using":"xpath","value":"//bdi[text()=\"OK\"]"}
RESULT: {"using":"xpath","value":"//bdi[text()=\"OK\"]"}
COMMAND: POST /session/e7ea40813c72c691ec6b0d6c49a20f29/elements - {"using":"xpath","value":"//bdi[text()=\"OK\"]"}
RESULT: {"using":"xpath","value":"//bdi[text()=\"OK\"]"}
COMMAND: POST /session/e7ea40813c72c691ec6b0d6c49a20f29/elements - {"using":"xpath","value":"//bdi[text()=\"OK\"]"}
RESULT: {"using":"xpath","value":"//bdi[text()=\"OK\"]"}
COMMAND: POST /session/e7ea40813c72c691ec6b0d6c49a20f29/elements - {"using":"xpath","value":"//bdi[text()=\"OK\"]"}
RESULT: {"using":"xpath","value":"//bdi[text()=\"OK\"]"}
COMMAND: POST /session/e7ea40813c72c691ec6b0d6c49a20f29/elements - {"using":"xpath","value":"//bdi[text()=\"OK\"]"}
RESULT: {"using":"xpath","value":"//bdi[text()=\"OK\"]"}
COMMAND: POST /session/e7ea40813c72c691ec6b0d6c49a20f29/elements - {"using":"xpath","value":"//bdi[text()=\"OK\"]"}
RESULT: {"using":"xpath","value":"//bdi[text()=\"OK\"]"}
COMMAND: POST /session/e7ea40813c72c691ec6b0d6c49a20f29/elements - {"using":"xpath","value":"//bdi[text()=\"OK\"]"}
RESULT: {"using":"xpath","value":"//bdi[text()=\"OK\"]"}
COMMAND: POST /session/e7ea40813c72c691ec6b0d6c49a20f29/elements - {"using":"xpath","value":"//bdi[text()=\"OK\"]"}
RESULT: {"using":"xpath","value":"//bdi[text()=\"OK\"]"}
COMMAND: POST /session/e7ea40813c72c691ec6b0d6c49a20f29/elements - {"using":"xpath","value":"//bdi[text()=\"OK\"]"}
RESULT: {"using":"xpath","value":"//bdi[text()=\"OK\"]"}
COMMAND: POST /session/e7ea40813c72c691ec6b0d6c49a20f29/elements - {"using":"xpath","value":"//bdi[text()=\"OK\"]"}
RESULT: {"using":"xpath","value":"//bdi[text()=\"OK\"]"}
COMMAND: POST /session/e7ea40813c72c691ec6b0d6c49a20f29/elements - {"using":"xpath","value":"//bdi[text()=\"OK\"]"}
RESULT: {"using":"xpath","value":"//bdi[text()=\"OK\"]"}
COMMAND: POST /session/e7ea40813c72c691ec6b0d6c49a20f29/elements - {"using":"xpath","value":"//bdi[text()=\"OK\"]"}
RESULT: {"using":"xpath","value":"//bdi[text()=\"OK\"]"}
COMMAND: POST /session/e7ea40813c72c691ec6b0d6c49a20f29/elements - {"using":"xpath","value":"//bdi[text()=\"OK\"]"}
RESULT: {"using":"xpath","value":"//bdi[text()=\"OK\"]"}
COMMAND: POST /session/e7ea40813c72c691ec6b0d6c49a20f29/elements - {"using":"xpath","value":"//bdi[text()=\"OK\"]"}
RESULT: {"using":"xpath","value":"//bdi[text()=\"OK\"]"}
COMMAND: POST /session/e7ea40813c72c691ec6b0d6c49a20f29/elements - {"using":"xpath","value":"//bdi[text()=\"OK\"]"}
RESULT: {"using":"xpath","value":"//bdi[text()=\"OK\"]"}
COMMAND: POST /session/e7ea40813c72c691ec6b0d6c49a20f29/elements - {"using":"xpath","value":"//bdi[text()=\"OK\"]"}
RESULT: {"using":"xpath","value":"//bdi[text()=\"OK\"]"}
COMMAND: POST /session/e7ea40813c72c691ec6b0d6c49a20f29/elements - {"using":"xpath","value":"//bdi[text()=\"OK\"]"}
RESULT: {"using":"xpath","value":"//bdi[text()=\"OK\"]"}
COMMAND: POST /session/e7ea40813c72c691ec6b0d6c49a20f29/elements - {"using":"xpath","value":"//bdi[text()=\"OK\"]"}
RESULT: {"using":"xpath","value":"//bdi[text()=\"OK\"]"}
COMMAND: POST /session/e7ea40813c72c691ec6b0d6c49a20f29/elements - {"using":"xpath","value":"//bdi[text()=\"OK\"]"}
RESULT: {"using":"xpath","value":"//bdi[text()=\"OK\"]"}
COMMAND: POST /session/e7ea40813c72c691ec6b0d6c49a20f29/elements - {"using":"xpath","value":"//bdi[text()=\"OK\"]"}
RESULT: {"using":"xpath","value":"//bdi[text()=\"OK\"]"}
COMMAND: POST /session/e7ea40813c72c691ec6b0d6c49a20f29/elements - {"using":"xpath","value":"//bdi[text()=\"OK\"]"}
RESULT: {"using":"xpath","value":"//bdi[text()=\"OK\"]"}
COMMAND: POST /session/e7ea40813c72c691ec6b0d6c49a20f29/elements - {"using":"xpath","value":"//bdi[text()=\"OK\"]"}
RESULT: {"using":"xpath","value":"//bdi[text()=\"OK\"]"}
COMMAND: POST /session/e7ea40813c72c691ec6b0d6c49a20f29/elements - {"using":"xpath","value":"//bdi[text()=\"OK\"]"}
RESULT: {"using":"xpath","value":"//bdi[text()=\"OK\"]"}
COMMAND: POST /session/e7ea40813c72c691ec6b0d6c49a20f29/elements - {"using":"xpath","value":"//bdi[text()=\"OK\"]"}
RESULT: {"using":"xpath","value":"//bdi[text()=\"OK\"]"}
COMMAND: POST /session/e7ea40813c72c691ec6b0d6c49a20f29/elements - {"using":"xpath","value":"//bdi[text()=\"OK\"]"}
RESULT: {"using":"xpath","value":"//bdi[text()=\"OK\"]"}
COMMAND: POST /session/e7ea40813c72c691ec6b0d6c49a20f29/elements - {"using":"xpath","value":"//bdi[text()=\"OK\"]"}
RESULT: {"using":"xpath","value":"//bdi[text()=\"OK\"]"}
COMMAND: POST /session/e7ea40813c72c691ec6b0d6c49a20f29/elements - {"using":"xpath","value":"//bdi[text()=\"OK\"]"}
RESULT: {"using":"xpath","value":"//bdi[text()=\"OK\"]"}
COMMAND: POST /session/e7ea40813c72c691ec6b0d6c49a20f29/elements - {"using":"xpath","value":"//bdi[text()=\"OK\"]"}
RESULT: {"using":"xpath","value":"//bdi[text()=\"OK\"]"}
COMMAND: POST /session/e7ea40813c72c691ec6b0d6c49a20f29/elements - {"using":"xpath","value":"//bdi[text()=\"OK\"]"}
RESULT: {"using":"xpath","value":"//bdi[text()=\"OK\"]"}
COMMAND: POST /session/e7ea40813c72c691ec6b0d6c49a20f29/elements - {"using":"xpath","value":"//bdi[text()=\"OK\"]"}
RESULT: {"using":"xpath","value":"//bdi[text()=\"OK\"]"}
COMMAND: POST /session/e7ea40813c72c691ec6b0d6c49a20f29/elements - {"using":"xpath","value":"//bdi[text()=\"OK\"]"}
RESULT: {"using":"xpath","value":"//bdi[text()=\"OK\"]"}
COMMAND: POST /session/e7ea40813c72c691ec6b0d6c49a20f29/elements - {"using":"xpath","value":"//bdi[text()=\"OK\"]"}
RESULT: {"using":"xpath","value":"//bdi[text()=\"OK\"]"}
COMMAND: POST /session/e7ea40813c72c691ec6b0d6c49a20f29/elements - {"using":"xpath","value":"//bdi[text()=\"OK\"]"}
RESULT: {"using":"xpath","value":"//bdi[text()=\"OK\"]"}
COMMAND: POST /session/e7ea40813c72c691ec6b0d6c49a20f29/elements - {"using":"xpath","value":"//bdi[text()=\"OK\"]"}
RESULT: {"using":"xpath","value":"//bdi[text()=\"OK\"]"}
COMMAND: POST /session/e7ea40813c72c691ec6b0d6c49a20f29/elements - {"using":"xpath","value":"//bdi[text()=\"OK\"]"}
RESULT: {"using":"xpath","value":"//bdi[text()=\"OK\"]"}
COMMAND: POST /session/e7ea40813c72c691ec6b0d6c49a20f29/elements - {"using":"xpath","value":"//bdi[text()=\"OK\"]"}
RESULT: {"using":"xpath","value":"//bdi[text()=\"OK\"]"}
COMMAND: POST /session/e7ea40813c72c691ec6b0d6c49a20f29/elements - {"using":"xpath","value":"//bdi[text()=\"OK\"]"}
RESULT: {"using":"xpath","value":"//bdi[text()=\"OK\"]"}
COMMAND: POST /session/e7ea40813c72c691ec6b0d6c49a20f29/elements - {"using":"xpath","value":"//bdi[text()=\"OK\"]"}
RESULT: {"using":"xpath","value":"//bdi[text()=\"OK\"]"}
COMMAND: POST /session/e7ea40813c72c691ec6b0d6c49a20f29/elements - {"using":"xpath","value":"//bdi[text()=\"OK\"]"}
RESULT: {"using":"xpath","value":"//bdi[text()=\"OK\"]"}
COMMAND: POST /session/e7ea40813c72c691ec6b0d6c49a20f29/elements - {"using":"xpath","value":"//bdi[text()=\"OK\"]"}
RESULT: {"using":"xpath","value":"//bdi[text()=\"OK\"]"}
COMMAND: POST /session/e7ea40813c72c691ec6b0d6c49a20f29/elements - {"using":"xpath","value":"//bdi[text()=\"OK\"]"}
RESULT: {"using":"xpath","value":"//bdi[text()=\"OK\"]"}
COMMAND: POST /session/e7ea40813c72c691ec6b0d6c49a20f29/elements - {"using":"xpath","value":"//bdi[text()=\"OK\"]"}
RESULT: {"using":"xpath","value":"//bdi[text()=\"OK\"]"}
COMMAND: POST /session/e7ea40813c72c691ec6b0d6c49a20f29/elements - {"using":"xpath","value":"//bdi[text()=\"OK\"]"}
RESULT: {"using":"xpath","value":"//bdi[text()=\"OK\"]"}
COMMAND: POST /session/e7ea40813c72c691ec6b0d6c49a20f29/elements - {"using":"xpath","value":"//bdi[text()=\"OK\"]"}
RESULT: {"using":"xpath","value":"//bdi[text()=\"OK\"]"}
COMMAND: POST /session/e7ea40813c72c691ec6b0d6c49a20f29/elements - {"using":"xpath","value":"//bdi[text()=\"OK\"]"}
RESULT: {"using":"xpath","value":"//bdi[text()=\"OK\"]"}
COMMAND: POST /session/e7ea40813c72c691ec6b0d6c49a20f29/elements - {"using":"xpath","value":"//bdi[text()=\"OK\"]"}
RESULT: {"using":"xpath","value":"//bdi[text()=\"OK\"]"}
COMMAND: POST /session/e7ea40813c72c691ec6b0d6c49a20f29/elements - {"using":"xpath","value":"//bdi[text()=\"OK\"]"}
RESULT: {"using":"xpath","value":"//bdi[text()=\"OK\"]"}
COMMAND: POST /session/e7ea40813c72c691ec6b0d6c49a20f29/elements - {"using":"xpath","value":"//bdi[text()=\"OK\"]"}
RESULT: {"using":"xpath","value":"//bdi[text()=\"OK\"]"}
COMMAND: POST /session/e7ea40813c72c691ec6b0d6c49a20f29/elements - {"using":"xpath","value":"//bdi[text()=\"OK\"]"}
RESULT: {"using":"xpath","value":"//bdi[text()=\"OK\"]"}
COMMAND: POST /session/e7ea40813c72c691ec6b0d6c49a20f29/elements - {"using":"xpath","value":"//bdi[text()=\"OK\"]"}
RESULT: {"using":"xpath","value":"//bdi[text()=\"OK\"]"}
COMMAND: POST /session/e7ea40813c72c691ec6b0d6c49a20f29/elements - {"using":"xpath","value":"//bdi[text()=\"OK\"]"}
RESULT: {"using":"xpath","value":"//bdi[text()=\"OK\"]"}
COMMAND: POST /session/e7ea40813c72c691ec6b0d6c49a20f29/execute/async - {"script":"<script> [1562 bytes]","args":[{"selector":{"id":"application-manageresources-display-component---newResourceUnit--TYPE-arrow"},"wdio_ui5_key":"applicationmanageresources-display-component---newResourceUnit--TYPE-arrow"}]}
RESULT: {"script":"<script> [1562 bytes]","args":[{"selector":{"id":"application-manageresources-display-component---newResourceUnit--TYPE-arrow"},"wdio_ui5_key":"applicationmanageresources-display-component---newResourceUnit--TYPE-arrow"}]}
RESULT: undefined
COMMAND: POST /session/e7ea40813c72c691ec6b0d6c49a20f29/element - {"using":"xpath","value":"//*[@id=\"application-manageresources-display-component---newResourceUnit--TYPE-arrow\"]"}
RESULT: {"using":"xpath","value":"//*[@id=\"application-manageresources-display-component---newResourceUnit--TYPE-arrow\"]"}
COMMAND: POST /session/e7ea40813c72c691ec6b0d6c49a20f29/element/f.EA024E5748EAFE5A0CAA481A9B11DD22.d.2B6A9E240B4A71B4B413F3C370DCB434.e.6329/click - {}
RESULT: {}
COMMAND: POST /session/e7ea40813c72c691ec6b0d6c49a20f29/execute/async - {"script":"<script> [1562 bytes]","args":[{"selector":{"controlType":"sap.m.StandardListItem","viewName":"reusables.view.manageresources.NewResourceUnit","viewId":"application-manageresources-display-component---newResourceUnit","properties":{"title":"Material"},"searchOpenDialogs":true,"interaction":{"idSuffix":"titleText"}},"wdio_ui5_key":"reusablesview.manageresources.NewResourceUnitsap.m.StandardListItem{\"title\":\"Material\"}"}]}
COMMAND: GET /session/e7ea40813c72c691ec6b0d6c49a20f29/screenshot - {}
RESULT: {"script":"<script> [1562 bytes]","args":[{"selector":{"controlType":"sap.m.StandardListItem","viewName":"reusables.view.manageresources.NewResourceUnit","viewId":"application-manageresources-display-component---newResourceUnit","properties":{"title":"Material"},"searchOpenDialogs":true,"interaction":{"idSuffix":"titleText"}},"wdio_ui5_key":"reusablesview.manageresources.NewResourceUnitsap.m.StandardListItem{\"title\":\"Material\"}"}]}
RESULT: undefined
COMMAND: POST /session/e7ea40813c72c691ec6b0d6c49a20f29/element - {"using":"xpath","value":"//*[@id=\"__item142\"]"}
RESULT: {}
RESULT: {"using":"xpath","value":"//*[@id=\"__item142\"]"}
COMMAND: POST /session/e7ea40813c72c691ec6b0d6c49a20f29/element/f.EA024E5748EAFE5A0CAA481A9B11DD22.d.2B6A9E240B4A71B4B413F3C370DCB434.e.6332/click - {}
RESULT: {}
COMMAND: POST /session/e7ea40813c72c691ec6b0d6c49a20f29/execute/async - {"script":"<script> [1562 bytes]","args":[{"selector":{"id":"application-manageresources-display-component---newResourceUnit--SHORT_TEXT","interaction":{"idSuffix":"inner"}},"wdio_ui5_key":"applicationmanageresources-display-component---newResourceUnit--SHORT_TEXT"}]}
COMMAND: GET /session/e7ea40813c72c691ec6b0d6c49a20f29/screenshot - {}
RESULT: {"script":"<script> [1562 bytes]","args":[{"selector":{"id":"application-manageresources-display-component---newResourceUnit--SHORT_TEXT","interaction":{"idSuffix":"inner"}},"wdio_ui5_key":"applicationmanageresources-display-component---newResourceUnit--SHORT_TEXT"}]}
RESULT: undefined
COMMAND: POST /session/e7ea40813c72c691ec6b0d6c49a20f29/execute/async - {"script":"<script> [776 bytes]","args":[{"enterText":"WebdriverRU R2Cq7jcp","selector":{"id":"application-manageresources-display-component---newResourceUnit--SHORT_TEXT","interaction":{"idSuffix":"inner"}},"clearTextFirst":true,"interactionType":"ENTER_TEXT"}]}
RESULT: {}
RESULT: {"script":"<script> [776 bytes]","args":[{"enterText":"WebdriverRU R2Cq7jcp","selector":{"id":"application-manageresources-display-component---newResourceUnit--SHORT_TEXT","interaction":{"idSuffix":"inner"}},"clearTextFirst":true,"interactionType":"ENTER_TEXT"}]}
COMMAND: POST /session/e7ea40813c72c691ec6b0d6c49a20f29/execute/async - {"script":"<script> [1562 bytes]","args":[{"selector":{"id":"application-manageresources-display-component---newResourceUnit--BASE_UNIT_OF_MEASURE-arrow"},"wdio_ui5_key":"applicationmanageresources-display-component---newResourceUnit--BASE_UNIT_OF_MEASURE-arrow"}]}
RESULT: {"script":"<script> [1562 bytes]","args":[{"selector":{"id":"application-manageresources-display-component---newResourceUnit--BASE_UNIT_OF_MEASURE-arrow"},"wdio_ui5_key":"applicationmanageresources-display-component---newResourceUnit--BASE_UNIT_OF_MEASURE-arrow"}]}
RESULT: undefined
COMMAND: POST /session/e7ea40813c72c691ec6b0d6c49a20f29/element - {"using":"xpath","value":"//*[@id=\"application-manageresources-display-component---newResourceUnit--BASE_UNIT_OF_MEASURE-arrow\"]"}
RESULT: {"using":"xpath","value":"//*[@id=\"application-manageresources-display-component---newResourceUnit--BASE_UNIT_OF_MEASURE-arrow\"]"}
COMMAND: POST /session/e7ea40813c72c691ec6b0d6c49a20f29/element/f.EA024E5748EAFE5A0CAA481A9B11DD22.d.2B6A9E240B4A71B4B413F3C370DCB434.e.6390/click - {}
RESULT: {}
COMMAND: POST /session/e7ea40813c72c691ec6b0d6c49a20f29/execute/async - {"script":"<script> [1562 bytes]","args":[{"selector":{"controlType":"sap.m.StandardListItem","viewName":"reusables.view.manageresources.NewResourceUnit","viewId":"application-manageresources-display-component---newResourceUnit","properties":{"title":"Piece"},"searchOpenDialogs":true,"interaction":{"idSuffix":"titleText"}},"wdio_ui5_key":"reusablesview.manageresources.NewResourceUnitsap.m.StandardListItem{\"title\":\"Piece\"}"}]}
COMMAND: GET /session/e7ea40813c72c691ec6b0d6c49a20f29/screenshot - {}
RESULT: {"script":"<script> [1562 bytes]","args":[{"selector":{"controlType":"sap.m.StandardListItem","viewName":"reusables.view.manageresources.NewResourceUnit","viewId":"application-manageresources-display-component---newResourceUnit","properties":{"title":"Piece"},"searchOpenDialogs":true,"interaction":{"idSuffix":"titleText"}},"wdio_ui5_key":"reusablesview.manageresources.NewResourceUnitsap.m.StandardListItem{\"title\":\"Piece\"}"}]}
RESULT: undefined
COMMAND: POST /session/e7ea40813c72c691ec6b0d6c49a20f29/element - {"using":"xpath","value":"//*[@id=\"__item186\"]"}
RESULT: {}
RESULT: {"using":"xpath","value":"//*[@id=\"__item186\"]"}
COMMAND: POST /session/e7ea40813c72c691ec6b0d6c49a20f29/element/f.EA024E5748EAFE5A0CAA481A9B11DD22.d.2B6A9E240B4A71B4B413F3C370DCB434.e.6392/click - {}
RESULT: {}
COMMAND: POST /session/e7ea40813c72c691ec6b0d6c49a20f29/execute/async - {"script":"<script> [1562 bytes]","args":[{"selector":{"id":"application-manageresources-display-component---newResourceUnit--WEIGHT_UNIT-arrow"},"wdio_ui5_key":"applicationmanageresources-display-component---newResourceUnit--WEIGHT_UNIT-arrow"}]}
COMMAND: GET /session/e7ea40813c72c691ec6b0d6c49a20f29/screenshot - {}
RESULT: {"script":"<script> [1562 bytes]","args":[{"selector":{"id":"application-manageresources-display-component---newResourceUnit--WEIGHT_UNIT-arrow"},"wdio_ui5_key":"applicationmanageresources-display-component---newResourceUnit--WEIGHT_UNIT-arrow"}]}
RESULT: undefined
COMMAND: POST /session/e7ea40813c72c691ec6b0d6c49a20f29/element - {"using":"xpath","value":"//*[@id=\"application-manageresources-display-component---newResourceUnit--WEIGHT_UNIT-arrow\"]"}
RESULT: {}
RESULT: {"using":"xpath","value":"//*[@id=\"application-manageresources-display-component---newResourceUnit--WEIGHT_UNIT-arrow\"]"}
COMMAND: POST /session/e7ea40813c72c691ec6b0d6c49a20f29/element/f.EA024E5748EAFE5A0CAA481A9B11DD22.d.2B6A9E240B4A71B4B413F3C370DCB434.e.6393/click - {}
RESULT: {}
COMMAND: POST /session/e7ea40813c72c691ec6b0d6c49a20f29/execute/async - {"script":"<script> [1562 bytes]","args":[{"selector":{"controlType":"sap.m.StandardListItem","viewName":"reusables.view.manageresources.NewResourceUnit","viewId":"application-manageresources-display-component---newResourceUnit","properties":{"title":"Gram"},"searchOpenDialogs":true,"interaction":{"idSuffix":"content"}},"wdio_ui5_key":"reusablesview.manageresources.NewResourceUnitsap.m.StandardListItem{\"title\":\"Gram\"}"}]}
COMMAND: GET /session/e7ea40813c72c691ec6b0d6c49a20f29/screenshot - {}
RESULT: {"script":"<script> [1562 bytes]","args":[{"selector":{"controlType":"sap.m.StandardListItem","viewName":"reusables.view.manageresources.NewResourceUnit","viewId":"application-manageresources-display-component---newResourceUnit","properties":{"title":"Gram"},"searchOpenDialogs":true,"interaction":{"idSuffix":"content"}},"wdio_ui5_key":"reusablesview.manageresources.NewResourceUnitsap.m.StandardListItem{\"title\":\"Gram\"}"}]}
RESULT: undefined
COMMAND: POST /session/e7ea40813c72c691ec6b0d6c49a20f29/element - {"using":"xpath","value":"//*[@id=\"__item251\"]"}
RESULT: {}
RESULT: {"using":"xpath","value":"//*[@id=\"__item251\"]"}
COMMAND: POST /session/e7ea40813c72c691ec6b0d6c49a20f29/element/f.EA024E5748EAFE5A0CAA481A9B11DD22.d.2B6A9E240B4A71B4B413F3C370DCB434.e.6395/click - {}
RESULT: {}
COMMAND: GET /session/e7ea40813c72c691ec6b0d6c49a20f29/screenshot - {}
RESULT: {}
COMMAND: POST /session/e7ea40813c72c691ec6b0d6c49a20f29/execute/async - {"script":"<script> [1562 bytes]","args":[{"selector":{"id":"application-manageresources-display-component---newResourceUnit--newRRUPage-OPHeaderContent-collapseBtn-img"},"wdio_ui5_key":"applicationmanageresources-display-component---newResourceUnit--newRRUPage-OPHeaderContent-collapseBtn-img"}]}
RESULT: {"script":"<script> [1562 bytes]","args":[{"selector":{"id":"application-manageresources-display-component---newResourceUnit--newRRUPage-OPHeaderContent-collapseBtn-img"},"wdio_ui5_key":"applicationmanageresources-display-component---newResourceUnit--newRRUPage-OPHeaderContent-collapseBtn-img"}]}
RESULT: undefined
COMMAND: POST /session/e7ea40813c72c691ec6b0d6c49a20f29/element - {"using":"xpath","value":"//*[@id=\"application-manageresources-display-component---newResourceUnit--newRRUPage-OPHeaderContent-collapseBtn-img\"]"}
RESULT: {"using":"xpath","value":"//*[@id=\"application-manageresources-display-component---newResourceUnit--newRRUPage-OPHeaderContent-collapseBtn-img\"]"}
COMMAND: POST /session/e7ea40813c72c691ec6b0d6c49a20f29/element/f.EA024E5748EAFE5A0CAA481A9B11DD22.d.2B6A9E240B4A71B4B413F3C370DCB434.e.6340/click - {}
RESULT: {}
COMMAND: GET /session/e7ea40813c72c691ec6b0d6c49a20f29/screenshot - {}
RESULT: {}
COMMAND: POST /session/e7ea40813c72c691ec6b0d6c49a20f29/element - {"using":"xpath","value":"(//span[contains(@id ,\"application-manageresources-display-component---newResourceUnit--DIMENSION_UNIT-arrow\")])[1]"}
RESULT: {"using":"xpath","value":"(//span[contains(@id ,\"application-manageresources-display-component---newResourceUnit--DIMENSION_UNIT-arrow\")])[1]"}
COMMAND: POST /session/e7ea40813c72c691ec6b0d6c49a20f29/element/f.EA024E5748EAFE5A0CAA481A9B11DD22.d.2B6A9E240B4A71B4B413F3C370DCB434.e.6401/click - {}
RESULT: {}
COMMAND: GET /session/e7ea40813c72c691ec6b0d6c49a20f29/screenshot - {}
RESULT: {}
COMMAND: POST /session/e7ea40813c72c691ec6b0d6c49a20f29/execute/async - {"script":"<script> [1562 bytes]","args":[{"selector":{"controlType":"sap.m.StandardListItem","viewName":"reusables.view.manageresources.NewResourceUnit","viewId":"application-manageresources-display-component---newResourceUnit","properties":{"title":"Centimeter"},"searchOpenDialogs":true,"interaction":{"idSuffix":"titleText"}},"wdio_ui5_key":"reusablesview.manageresources.NewResourceUnitsap.m.StandardListItem{\"title\":\"Centimeter\"}"}]}
RESULT: {"script":"<script> [1562 bytes]","args":[{"selector":{"controlType":"sap.m.StandardListItem","viewName":"reusables.view.manageresources.NewResourceUnit","viewId":"application-manageresources-display-component---newResourceUnit","properties":{"title":"Centimeter"},"searchOpenDialogs":true,"interaction":{"idSuffix":"titleText"}},"wdio_ui5_key":"reusablesview.manageresources.NewResourceUnitsap.m.StandardListItem{\"title\":\"Centimeter\"}"}]}
RESULT: undefined
COMMAND: POST /session/e7ea40813c72c691ec6b0d6c49a20f29/element - {"using":"xpath","value":"//*[@id=\"__item254\"]"}
RESULT: {"using":"xpath","value":"//*[@id=\"__item254\"]"}
COMMAND: POST /session/e7ea40813c72c691ec6b0d6c49a20f29/element/f.EA024E5748EAFE5A0CAA481A9B11DD22.d.2B6A9E240B4A71B4B413F3C370DCB434.e.6403/click - {}
RESULT: {}
COMMAND: GET /session/e7ea40813c72c691ec6b0d6c49a20f29/screenshot - {}
RESULT: {}
COMMAND: POST /session/e7ea40813c72c691ec6b0d6c49a20f29/execute/async - {"script":"<script> [1562 bytes]","args":[{"selector":{"id":"application-manageresources-display-component---newResourceUnit--newRRUPage-anchBar-application-manageresources-display-component---newResourceUnit--reference-anchor","interaction":{"idSuffix":"BDI-content"}},"wdio_ui5_key":"applicationmanageresources-display-component---newResourceUnit--newRRUPage-anchBar-application-manageresources-display-component---newResourceUnit--reference-anchor"}]}
RESULT: {"script":"<script> [1562 bytes]","args":[{"selector":{"id":"application-manageresources-display-component---newResourceUnit--newRRUPage-anchBar-application-manageresources-display-component---newResourceUnit--reference-anchor","interaction":{"idSuffix":"BDI-content"}},"wdio_ui5_key":"applicationmanageresources-display-component---newResourceUnit--newRRUPage-anchBar-application-manageresources-display-component---newResourceUnit--reference-anchor"}]}
RESULT: undefined
COMMAND: POST /session/e7ea40813c72c691ec6b0d6c49a20f29/element - {"using":"xpath","value":"//*[@id=\"application-manageresources-display-component---newResourceUnit--newRRUPage-anchBar-application-manageresources-display-component---newResourceUnit--reference-anchor\"]"}
RESULT: {"using":"xpath","value":"//*[@id=\"application-manageresources-display-component---newResourceUnit--newRRUPage-anchBar-application-manageresources-display-component---newResourceUnit--reference-anchor\"]"}
COMMAND: POST /session/e7ea40813c72c691ec6b0d6c49a20f29/element/f.EA024E5748EAFE5A0CAA481A9B11DD22.d.2B6A9E240B4A71B4B413F3C370DCB434.e.6405/click - {}
RESULT: {}
COMMAND: POST /session/e7ea40813c72c691ec6b0d6c49a20f29/execute/async - {"script":"<script> [1562 bytes]","args":[{"selector":{"id":"application-manageresources-display-component---newResourceUnit--PLANNING_GROUP-arrow"},"wdio_ui5_key":"applicationmanageresources-display-component---newResourceUnit--PLANNING_GROUP-arrow"}]}
COMMAND: GET /session/e7ea40813c72c691ec6b0d6c49a20f29/screenshot - {}
RESULT: {"script":"<script> [1562 bytes]","args":[{"selector":{"id":"application-manageresources-display-component---newResourceUnit--PLANNING_GROUP-arrow"},"wdio_ui5_key":"applicationmanageresources-display-component---newResourceUnit--PLANNING_GROUP-arrow"}]}
RESULT: undefined
COMMAND: POST /session/e7ea40813c72c691ec6b0d6c49a20f29/element - {"using":"xpath","value":"//*[@id=\"application-manageresources-display-component---newResourceUnit--PLANNING_GROUP-arrow\"]"}
RESULT: {}
RESULT: {"using":"xpath","value":"//*[@id=\"application-manageresources-display-component---newResourceUnit--PLANNING_GROUP-arrow\"]"}
COMMAND: POST /session/e7ea40813c72c691ec6b0d6c49a20f29/element/f.EA024E5748EAFE5A0CAA481A9B11DD22.d.2B6A9E240B4A71B4B413F3C370DCB434.e.6409/click - {}
RESULT: {}
COMMAND: POST /session/e7ea40813c72c691ec6b0d6c49a20f29/execute/async - {"script":"<script> [1562 bytes]","args":[{"selector":{"controlType":"sap.m.StandardListItem","viewName":"reusables.view.manageresources.NewResourceUnit","viewId":"application-manageresources-display-component---newResourceUnit","properties":{"title":"Heavy Equi"},"searchOpenDialogs":true,"interaction":{"idSuffix":"content"}},"wdio_ui5_key":"reusablesview.manageresources.NewResourceUnitsap.m.StandardListItem{\"title\":\"Heavy Equi\"}"}]}
COMMAND: GET /session/e7ea40813c72c691ec6b0d6c49a20f29/screenshot - {}
RESULT: {"script":"<script> [1562 bytes]","args":[{"selector":{"controlType":"sap.m.StandardListItem","viewName":"reusables.view.manageresources.NewResourceUnit","viewId":"application-manageresources-display-component---newResourceUnit","properties":{"title":"Heavy Equi"},"searchOpenDialogs":true,"interaction":{"idSuffix":"content"}},"wdio_ui5_key":"reusablesview.manageresources.NewResourceUnitsap.m.StandardListItem{\"title\":\"Heavy Equi\"}"}]}
RESULT: undefined
COMMAND: POST /session/e7ea40813c72c691ec6b0d6c49a20f29/element - {"using":"xpath","value":"//*[@id=\"__item262\"]"}
RESULT: {}
RESULT: {"using":"xpath","value":"//*[@id=\"__item262\"]"}
COMMAND: POST /session/e7ea40813c72c691ec6b0d6c49a20f29/element/f.EA024E5748EAFE5A0CAA481A9B11DD22.d.2B6A9E240B4A71B4B413F3C370DCB434.e.6413/click - {}
RESULT: {}
COMMAND: GET /session/e7ea40813c72c691ec6b0d6c49a20f29/screenshot - {}
RESULT: {}
COMMAND: POST /session/e7ea40813c72c691ec6b0d6c49a20f29/execute/async - {"script":"<script> [1562 bytes]","args":[{"selector":{"id":"application-manageresources-display-component---newResourceUnit--PLANNING_INDICATOR-arrow"},"wdio_ui5_key":"applicationmanageresources-display-component---newResourceUnit--PLANNING_INDICATOR-arrow"}]}
RESULT: {"script":"<script> [1562 bytes]","args":[{"selector":{"id":"application-manageresources-display-component---newResourceUnit--PLANNING_INDICATOR-arrow"},"wdio_ui5_key":"applicationmanageresources-display-component---newResourceUnit--PLANNING_INDICATOR-arrow"}]}
RESULT: undefined
COMMAND: POST /session/e7ea40813c72c691ec6b0d6c49a20f29/element - {"using":"xpath","value":"//*[@id=\"application-manageresources-display-component---newResourceUnit--PLANNING_INDICATOR-arrow\"]"}
RESULT: {"using":"xpath","value":"//*[@id=\"application-manageresources-display-component---newResourceUnit--PLANNING_INDICATOR-arrow\"]"}
COMMAND: POST /session/e7ea40813c72c691ec6b0d6c49a20f29/element/f.EA024E5748EAFE5A0CAA481A9B11DD22.d.2B6A9E240B4A71B4B413F3C370DCB434.e.6414/click - {}
RESULT: {}
COMMAND: POST /session/e7ea40813c72c691ec6b0d6c49a20f29/execute/async - {"script":"<script> [1562 bytes]","args":[{"selector":{"controlType":"sap.m.StandardListItem","viewName":"reusables.view.manageresources.NewResourceUnit","viewId":"application-manageresources-display-component---newResourceUnit","properties":{"title":"10 - infinite"},"searchOpenDialogs":true,"interaction":{"idSuffix":"content"}},"wdio_ui5_key":"reusablesview.manageresources.NewResourceUnitsap.m.StandardListItem{\"title\":\"10 - infinite\"}"}]}
COMMAND: GET /session/e7ea40813c72c691ec6b0d6c49a20f29/screenshot - {}
RESULT: {"script":"<script> [1562 bytes]","args":[{"selector":{"controlType":"sap.m.StandardListItem","viewName":"reusables.view.manageresources.NewResourceUnit","viewId":"application-manageresources-display-component---newResourceUnit","properties":{"title":"10 - infinite"},"searchOpenDialogs":true,"interaction":{"idSuffix":"content"}},"wdio_ui5_key":"reusablesview.manageresources.NewResourceUnitsap.m.StandardListItem{\"title\":\"10 - infinite\"}"}]}
RESULT: undefined
COMMAND: POST /session/e7ea40813c72c691ec6b0d6c49a20f29/element - {"using":"xpath","value":"//*[@id=\"__item272\"]"}
RESULT: {}
RESULT: {"using":"xpath","value":"//*[@id=\"__item272\"]"}
COMMAND: POST /session/e7ea40813c72c691ec6b0d6c49a20f29/element/f.EA024E5748EAFE5A0CAA481A9B11DD22.d.2B6A9E240B4A71B4B413F3C370DCB434.e.6416/click - {}
RESULT: {}
COMMAND: GET /session/e7ea40813c72c691ec6b0d6c49a20f29/screenshot - {}
RESULT: {}
COMMAND: POST /session/e7ea40813c72c691ec6b0d6c49a20f29/element - {"using":"xpath","value":"//bdi[contains(text(), \"Time Segment\")]"}
RESULT: {"using":"xpath","value":"//bdi[contains(text(), \"Time Segment\")]"}
COMMAND: GET /session/e7ea40813c72c691ec6b0d6c49a20f29/element/f.EA024E5748EAFE5A0CAA481A9B11DD22.d.2B6A9E240B4A71B4B413F3C370DCB434.e.6417/rect - {}
RESULT: {}
COMMAND: GET /session/e7ea40813c72c691ec6b0d6c49a20f29/window/rect - {}
RESULT: {}
COMMAND: POST /session/e7ea40813c72c691ec6b0d6c49a20f29/execute/sync - {"script":"<script> [92 bytes]","args":[]}
RESULT: {"script":"<script> [92 bytes]","args":[]}
COMMAND: POST /session/e7ea40813c72c691ec6b0d6c49a20f29/actions - {"actions":[{"id":"action17","type":"wheel","parameters":{},"actions":[{"type":"scroll","x":-1820,"y":-21,"deltaX":0,"deltaY":0,"duration":0,"origin":{"element-6066-11e4-a52e-4f735466cecf":"f.EA024E5748EAFE5A0CAA481A9B11DD22.d.2B6A9E240B4A71B4B413F3C370DCB434.e.6417"}}]}]}
COMMAND: GET /session/e7ea40813c72c691ec6b0d6c49a20f29/screenshot - {}
RESULT: {}
COMMAND: POST /session/e7ea40813c72c691ec6b0d6c49a20f29/execute/sync - {"script":"<script> [79 bytes]","args":[{"element-6066-11e4-a52e-4f735466cecf":"f.EA024E5748EAFE5A0CAA481A9B11DD22.d.2B6A9E240B4A71B4B413F3C370DCB434.e.6417","ELEMENT":"f.EA024E5748EAFE5A0CAA481A9B11DD22.d.2B6A9E240B4A71B4B413F3C370DCB434.e.6417"},{"block":"start","inline":"nearest"}]}
RESULT: {"script":"<script> [79 bytes]","args":[{"element-6066-11e4-a52e-4f735466cecf":"f.EA024E5748EAFE5A0CAA481A9B11DD22.d.2B6A9E240B4A71B4B413F3C370DCB434.e.6417","ELEMENT":"f.EA024E5748EAFE5A0CAA481A9B11DD22.d.2B6A9E240B4A71B4B413F3C370DCB434.e.6417"},{"block":"start","inline":"nearest"}]}
COMMAND: GET /session/e7ea40813c72c691ec6b0d6c49a20f29/screenshot - {}
RESULT: {}
COMMAND: POST /session/e7ea40813c72c691ec6b0d6c49a20f29/element - {"using":"xpath","value":"//span[@id=\"application-manageresources-display-component---newResourceUnit--btnAddTimeSegment-img\"]"}
RESULT: {"using":"xpath","value":"//span[@id=\"application-manageresources-display-component---newResourceUnit--btnAddTimeSegment-img\"]"}
COMMAND: POST /session/e7ea40813c72c691ec6b0d6c49a20f29/execute/sync - {"script":"<script> [8489 bytes]","args":[{"element-6066-11e4-a52e-4f735466cecf":"f.EA024E5748EAFE5A0CAA481A9B11DD22.d.2B6A9E240B4A71B4B413F3C370DCB434.e.6420","ELEMENT":"f.EA024E5748EAFE5A0CAA481A9B11DD22.d.2B6A9E240B4A71B4B413F3C370DCB434.e.6420"}]}
RESULT: {"script":"<script> [8489 bytes]","args":[{"element-6066-11e4-a52e-4f735466cecf":"f.EA024E5748EAFE5A0CAA481A9B11DD22.d.2B6A9E240B4A71B4B413F3C370DCB434.e.6420","ELEMENT":"f.EA024E5748EAFE5A0CAA481A9B11DD22.d.2B6A9E240B4A71B4B413F3C370DCB434.e.6420"}]}
COMMAND: POST /session/e7ea40813c72c691ec6b0d6c49a20f29/element/f.EA024E5748EAFE5A0CAA481A9B11DD22.d.2B6A9E240B4A71B4B413F3C370DCB434.e.6420/click - {}
COMMAND: GET /session/e7ea40813c72c691ec6b0d6c49a20f29/screenshot - {}
RESULT: {}
COMMAND: GET /session/e7ea40813c72c691ec6b0d6c49a20f29/screenshot - {}
RESULT: {}
COMMAND: POST /session/e7ea40813c72c691ec6b0d6c49a20f29/element - {"using":"xpath","value":"//input[@id=\"application-manageresources-display-component---newResourceUnit--idRuTSAdmin-application-manageresources-display-component---newResourceUnit--RUTimeSegment-0-inner\"]"}
RESULT: {}
RESULT: {"using":"xpath","value":"//input[@id=\"application-manageresources-display-component---newResourceUnit--idRuTSAdmin-application-manageresources-display-component---newResourceUnit--RUTimeSegment-0-inner\"]"}
COMMAND: POST /session/e7ea40813c72c691ec6b0d6c49a20f29/element/f.EA024E5748EAFE5A0CAA481A9B11DD22.d.2B6A9E240B4A71B4B413F3C370DCB434.e.6423/clear - {}
RESULT: {}
COMMAND: POST /session/e7ea40813c72c691ec6b0d6c49a20f29/element/f.EA024E5748EAFE5A0CAA481A9B11DD22.d.2B6A9E240B4A71B4B413F3C370DCB434.e.6423/value - {"text":"254"}
COMMAND: GET /session/e7ea40813c72c691ec6b0d6c49a20f29/screenshot - {}
RESULT: {"text":"254"}
COMMAND: GET /session/e7ea40813c72c691ec6b0d6c49a20f29/screenshot - {}
RESULT: {}
RESULT: {}
COMMAND: POST /session/e7ea40813c72c691ec6b0d6c49a20f29/actions - {"actions":[{"id":"action18","type":"key","parameters":{},"actions":[{"type":"keyDown","value":"î€‡"},{"type":"pause","duration":10},{"type":"keyUp","value":"î€‡"}]}]}
RESULT: {"actions":[{"id":"action18","type":"key","parameters":{},"actions":[{"type":"keyDown","value":"î€‡"},{"type":"pause","duration":10},{"type":"keyUp","value":"î€‡"}]}]}
COMMAND: GET /session/e7ea40813c72c691ec6b0d6c49a20f29/screenshot - {}
RESULT: {}
COMMAND: POST /session/e7ea40813c72c691ec6b0d6c49a20f29/execute/async - {"script":"<script> [1562 bytes]","args":[{"selector":{"controlType":"sap.m.Button","viewName":"reusables.view.manageresources.NewResourceUnit","viewId":"application-manageresources-display-component---newResourceUnit","i18NText":{"propertyName":"tooltip","key":"save"},"interaction":{"idSuffix":"BDI-content"}},"wdio_ui5_key":"reusablesview.manageresources.NewResourceUnitsap.m.Button{\"propertyName\":\"tooltip\",\"key\":\"save\"}"}]}
RESULT: {"script":"<script> [1562 bytes]","args":[{"selector":{"controlType":"sap.m.Button","viewName":"reusables.view.manageresources.NewResourceUnit","viewId":"application-manageresources-display-component---newResourceUnit","i18NText":{"propertyName":"tooltip","key":"save"},"interaction":{"idSuffix":"BDI-content"}},"wdio_ui5_key":"reusablesview.manageresources.NewResourceUnitsap.m.Button{\"propertyName\":\"tooltip\",\"key\":\"save\"}"}]}
RESULT: undefined
COMMAND: POST /session/e7ea40813c72c691ec6b0d6c49a20f29/element - {"using":"xpath","value":"//*[@id=\"application-manageresources-display-component---newResourceUnit--createRuButton\"]"}
RESULT: {"using":"xpath","value":"//*[@id=\"application-manageresources-display-component---newResourceUnit--createRuButton\"]"}
COMMAND: POST /session/e7ea40813c72c691ec6b0d6c49a20f29/element/f.EA024E5748EAFE5A0CAA481A9B11DD22.d.2B6A9E240B4A71B4B413F3C370DCB434.e.6346/click - {}
RESULT: {}
COMMAND: GET /session/e7ea40813c72c691ec6b0d6c49a20f29/screenshot - {}
RESULT: {}
COMMAND: POST /session/e7ea40813c72c691ec6b0d6c49a20f29/execute/async - {"script":"<script> [1562 bytes]","args":[{"selector":{"controlType":"sap.m.Title","properties":{"text":"Success"},"searchOpenDialogs":true},"wdio_ui5_key":"sapm.Title{\"text\":\"Success\"}"}]}
RESULT: {"script":"<script> [1562 bytes]","args":[{"selector":{"controlType":"sap.m.Title","properties":{"text":"Success"},"searchOpenDialogs":true},"wdio_ui5_key":"sapm.Title{\"text\":\"Success\"}"}]}
RESULT: undefined
COMMAND: POST /session/e7ea40813c72c691ec6b0d6c49a20f29/execute/async - {"script":"<script> [6424 bytes]","args":[{"element-6066-11e4-a52e-4f735466cecf":"f.EA024E5748EAFE5A0CAA481A9B11DD22.d.2B6A9E240B4A71B4B413F3C370DCB434.e.6437"},"getText",[]]}
RESULT: {"script":"<script> [6424 bytes]","args":[{"element-6066-11e4-a52e-4f735466cecf":"f.EA024E5748EAFE5A0CAA481A9B11DD22.d.2B6A9E240B4A71B4B413F3C370DCB434.e.6437"},"getText",[]]}
COMMAND: POST /session/e7ea40813c72c691ec6b0d6c49a20f29/element - {"using":"xpath","value":"//*[contains(@id, '__text') and (contains(text(), 'successfully created') or contains(., 'successfully created'))]"}
RESULT: {"using":"xpath","value":"//*[contains(@id, '__text') and (contains(text(), 'successfully created') or contains(., 'successfully created'))]"}
COMMAND: GET /session/e7ea40813c72c691ec6b0d6c49a20f29/element/f.EA024E5748EAFE5A0CAA481A9B11DD22.d.2B6A9E240B4A71B4B413F3C370DCB434.e.6436/text - {}
RESULT: {}
COMMAND: POST /session/e7ea40813c72c691ec6b0d6c49a20f29/execute/async - {"script":"<script> [1562 bytes]","args":[{"selector":{"controlType":"sap.m.Button","properties":{"text":"Close"},"searchOpenDialogs":true,"interaction":{"idSuffix":"BDI-content"}},"wdio_ui5_key":"sapm.Button{\"text\":\"Close\"}"}]}
RESULT: {"script":"<script> [1562 bytes]","args":[{"selector":{"controlType":"sap.m.Button","properties":{"text":"Close"},"searchOpenDialogs":true,"interaction":{"idSuffix":"BDI-content"}},"wdio_ui5_key":"sapm.Button{\"text\":\"Close\"}"}]}
RESULT: undefined
COMMAND: POST /session/e7ea40813c72c691ec6b0d6c49a20f29/element - {"using":"xpath","value":"//*[@id=\"__mbox-btn-0\"]"}
RESULT: {"using":"xpath","value":"//*[@id=\"__mbox-btn-0\"]"}
COMMAND: POST /session/e7ea40813c72c691ec6b0d6c49a20f29/element/f.EA024E5748EAFE5A0CAA481A9B11DD22.d.2B6A9E240B4A71B4B413F3C370DCB434.e.6433/click - {}
RESULT: {}
COMMAND: GET /session/e7ea40813c72c691ec6b0d6c49a20f29/screenshot - {}
RESULT: {}
COMMAND: POST /session/e7ea40813c72c691ec6b0d6c49a20f29/execute/async - {"script":"<script> [1562 bytes]","args":[{"selector":{"controlType":"sap.ui.core.Icon","viewName":"etm.portal.ui.manageresources.view.Detail","viewId":"application-manageresources-display-component---detailRU","properties":{"src":{"regex":{"source":"overflow"}}}},"wdio_ui5_key":"etmportal.ui.manageresources.view.Detailsap.ui.core.Icon{\"src\":{\"regex\":{\"source\":\"overflow\"}}}"}]}
RESULT: {"script":"<script> [1562 bytes]","args":[{"selector":{"controlType":"sap.ui.core.Icon","viewName":"etm.portal.ui.manageresources.view.Detail","viewId":"application-manageresources-display-component---detailRU","properties":{"src":{"regex":{"source":"overflow"}}}},"wdio_ui5_key":"etmportal.ui.manageresources.view.Detailsap.ui.core.Icon{\"src\":{\"regex\":{\"source\":\"overflow\"}}}"}]}
RESULT: undefined
COMMAND: POST /session/e7ea40813c72c691ec6b0d6c49a20f29/element - {"using":"xpath","value":"//*[@id=\"__title15-_actionsToolbar-overflowButton-img\"]"}
RESULT: {"using":"xpath","value":"//*[@id=\"__title15-_actionsToolbar-overflowButton-img\"]"}
COMMAND: POST /session/e7ea40813c72c691ec6b0d6c49a20f29/element/f.EA024E5748EAFE5A0CAA481A9B11DD22.d.2B6A9E240B4A71B4B413F3C370DCB434.e.6463/click - {}
RESULT: {}
COMMAND: POST /session/e7ea40813c72c691ec6b0d6c49a20f29/execute/async - {"script":"<script> [1562 bytes]","args":[{"selector":{"controlType":"sap.m.Button","viewName":"etm.portal.ui.manageresources.view.Detail","viewId":"application-manageresources-display-component---detailRU","i18NText":{"propertyName":"tooltip","key":"closeColumn"},"searchOpenDialogs":true,"interaction":{"idSuffix":"inner"}},"wdio_ui5_key":"etmportal.ui.manageresources.view.Detailsap.m.Button{\"propertyName\":\"tooltip\",\"key\":\"closeColumn\"}"}]}
COMMAND: GET /session/e7ea40813c72c691ec6b0d6c49a20f29/screenshot - {}
RESULT: {"script":"<script> [1562 bytes]","args":[{"selector":{"controlType":"sap.m.Button","viewName":"etm.portal.ui.manageresources.view.Detail","viewId":"application-manageresources-display-component---detailRU","i18NText":{"propertyName":"tooltip","key":"closeColumn"},"searchOpenDialogs":true,"interaction":{"idSuffix":"inner"}},"wdio_ui5_key":"etmportal.ui.manageresources.view.Detailsap.m.Button{\"propertyName\":\"tooltip\",\"key\":\"closeColumn\"}"}]}
RESULT: undefined
COMMAND: POST /session/e7ea40813c72c691ec6b0d6c49a20f29/element - {"using":"xpath","value":"//*[@id=\"__button43\"]"}
RESULT: {}
RESULT: {"using":"xpath","value":"//*[@id=\"__button43\"]"}
COMMAND: POST /session/e7ea40813c72c691ec6b0d6c49a20f29/element/f.EA024E5748EAFE5A0CAA481A9B11DD22.d.2B6A9E240B4A71B4B413F3C370DCB434.e.6465/click - {}
RESULT: {}
COMMAND: GET /session/e7ea40813c72c691ec6b0d6c49a20f29/screenshot - {}
RESULT: {}
COMMAND: POST /session/e7ea40813c72c691ec6b0d6c49a20f29/refresh - {}
RESULT: {}
COMMAND: GET /session/e7ea40813c72c691ec6b0d6c49a20f29/screenshot - {}
RESULT: {}
COMMAND: POST /session/e7ea40813c72c691ec6b0d6c49a20f29/refresh - {}
RESULT: {}
COMMAND: GET /session/e7ea40813c72c691ec6b0d6c49a20f29/screenshot - {}
RESULT: {}
COMMAND: POST /session/e7ea40813c72c691ec6b0d6c49a20f29/window/fullscreen - {}
RESULT: {}
COMMAND: POST /session/e7ea40813c72c691ec6b0d6c49a20f29/execute/async - {"script":"<script> [189 bytes]","args":[]}
RESULT: {"script":"<script> [189 bytes]","args":[]}
COMMAND: POST /session/e7ea40813c72c691ec6b0d6c49a20f29/execute/async - {"script":"<script> [123 bytes]","args":[]}
RESULT: {"script":"<script> [123 bytes]","args":[]}
COMMAND: POST /session/e7ea40813c72c691ec6b0d6c49a20f29/timeouts - {"script":"<number>"}
RESULT: {"script":"<number>"}
COMMAND: GET /session/e7ea40813c72c691ec6b0d6c49a20f29/timeouts - {}
RESULT: {}
RESULT: undefined
COMMAND: POST /session/e7ea40813c72c691ec6b0d6c49a20f29/execute/async - {"script":"<script> [2676 bytes]","args":[]}
RESULT: {"script":"<script> [2676 bytes]","args":[]}
COMMAND: POST /session/e7ea40813c72c691ec6b0d6c49a20f29/execute/async - {"script":"<script> [2342 bytes]","args":[{"protocol":"http","hostname":"0.0.0.0","path":"/","capabilities":{"browserName":"chrome","goog:chromeOptions":{"binary":"C:\\Program Files\\Google\\Chrome\\Application\\chrome.exe","args":["--start-maximized"]}},"logLevel":"warn","connectionRetryTimeout":120000,"connectionRetryCount":3,"logLevels":{},"enableDirectConnect":true,"strictSSL":true,"_":"65 more keys: [\"cacheDir\",\"port\",\"requestedCapabilities\",\"automationProtocol\",\"baseUrl\",\"waitforInterval\",\"waitforTimeout\",\"onReload\",\"beforeCommand\",\"afterCommand\",\"rootDir\",\"specs\",\"suites\",\"exclude\",\"groupLogsByTestSpec\",\"excludeDriverLogs\",\"bail\",\"framework\",\"reporters\",\"services\",\"maxInstances\",\"maxInstancesPerCapability\",\"injectGlobals\",\"filesToWatch\",\"execArgv\",\"runnerEnv\",\"runner\",\"shard\",\"specFileRetries\",\"specFileRetriesDelay\",\"specFileRetriesDeferred\",\"reporterSyncInterval\",\"reporterSyncTimeout\",\"cucumberFeaturesWithLineNumbers\",\"autoCompileOpts\",\"mochaOpts\",\"jasmineOpts\",\"cucumberOpts\",\"onPrepare\",\"onWorkerStart\",\"onWorkerEnd\",\"before\",\"beforeSession\",\"beforeSuite\",\"beforeHook\",\"beforeTest\",\"afterTest\",\"afterHook\",\"afterSuite\",\"afterSession\",\"after\",\"onComplete\",\"beforeAssertion\",\"afterAssertion\",\"beforeFeature\",\"beforeScenario\",\"beforeStep\",\"afterStep\",\"afterScenario\",\"afterFeature\",\"_\",\"suite\",\"$0\",\"ignoredWorkerServices\",\"wdi5\"]"}]}
RESULT: {"script":"<script> [2342 bytes]","args":[{"protocol":"http","hostname":"0.0.0.0","path":"/","capabilities":{"browserName":"chrome","goog:chromeOptions":{"binary":"C:\\Program Files\\Google\\Chrome\\Application\\chrome.exe","args":["--start-maximized"]}},"logLevel":"warn","connectionRetryTimeout":120000,"connectionRetryCount":3,"logLevels":{},"enableDirectConnect":true,"strictSSL":true,"_":"65 more keys: [\"cacheDir\",\"port\",\"requestedCapabilities\",\"automationProtocol\",\"baseUrl\",\"waitforInterval\",\"waitforTimeout\",\"onReload\",\"beforeCommand\",\"afterCommand\",\"rootDir\",\"specs\",\"suites\",\"exclude\",\"groupLogsByTestSpec\",\"excludeDriverLogs\",\"bail\",\"framework\",\"reporters\",\"services\",\"maxInstances\",\"maxInstancesPerCapability\",\"injectGlobals\",\"filesToWatch\",\"execArgv\",\"runnerEnv\",\"runner\",\"shard\",\"specFileRetries\",\"specFileRetriesDelay\",\"specFileRetriesDeferred\",\"reporterSyncInterval\",\"reporterSyncTimeout\",\"cucumberFeaturesWithLineNumbers\",\"autoCompileOpts\",\"mochaOpts\",\"jasmineOpts\",\"cucumberOpts\",\"onPrepare\",\"onWorkerStart\",\"onWorkerEnd\",\"before\",\"beforeSession\",\"beforeSuite\",\"beforeHook\",\"beforeTest\",\"afterTest\",\"afterHook\",\"afterSuite\",\"afterSession\",\"after\",\"onComplete\",\"beforeAssertion\",\"afterAssertion\",\"beforeFeature\",\"beforeScenario\",\"beforeStep\",\"afterStep\",\"afterScenario\",\"afterFeature\",\"_\",\"suite\",\"$0\",\"ignoredWorkerServices\",\"wdi5\"]"}]}
COMMAND: POST /session/e7ea40813c72c691ec6b0d6c49a20f29/execute/async - {"script":"<script> [21126 bytes]","args":[35000]}
RESULT: {"script":"<script> [21126 bytes]","args":[35000]}
]]></system-out>
    </testcase>
    <testcase classname="chrome.135_0_7049_96.windows.Create_2_RU_material_US118246" name="Create WHM material" time="183.256">
      <system-out><![CDATA[
COMMAND: POST /session/e7ea40813c72c691ec6b0d6c49a20f29/element - {"using":"xpath","value":"//button[@data-kt=\"addNewRUOverflowToolbarButton\"]"}
RESULT: {"using":"xpath","value":"//button[@data-kt=\"addNewRUOverflowToolbarButton\"]"}
COMMAND: POST /session/e7ea40813c72c691ec6b0d6c49a20f29/execute/sync - {"script":"<script> [8489 bytes]","args":[{"element-6066-11e4-a52e-4f735466cecf":"f.EA024E5748EAFE5A0CAA481A9B11DD22.d.74B7B59D0919C0D130A11A8F98F3986A.e.6832","ELEMENT":"f.EA024E5748EAFE5A0CAA481A9B11DD22.d.74B7B59D0919C0D130A11A8F98F3986A.e.6832"}]}
RESULT: {"script":"<script> [8489 bytes]","args":[{"element-6066-11e4-a52e-4f735466cecf":"f.EA024E5748EAFE5A0CAA481A9B11DD22.d.74B7B59D0919C0D130A11A8F98F3986A.e.6832","ELEMENT":"f.EA024E5748EAFE5A0CAA481A9B11DD22.d.74B7B59D0919C0D130A11A8F98F3986A.e.6832"}]}
COMMAND: POST /session/e7ea40813c72c691ec6b0d6c49a20f29/element/f.EA024E5748EAFE5A0CAA481A9B11DD22.d.74B7B59D0919C0D130A11A8F98F3986A.e.6832/click - {}
COMMAND: GET /session/e7ea40813c72c691ec6b0d6c49a20f29/screenshot - {}
RESULT: {}
COMMAND: GET /session/e7ea40813c72c691ec6b0d6c49a20f29/screenshot - {}
RESULT: {}
RESULT: {}
COMMAND: POST /session/e7ea40813c72c691ec6b0d6c49a20f29/execute/async - {"script":"<script> [1562 bytes]","args":[{"selector":{"controlType":"sap.m.ComboBox","viewName":"reusables.view.manageresources.NewResourceUnit","viewId":"application-manageresources-display-component---newResourceUnit","bindingPath":{"path":"","propertyPath":"/RuTypes","modelName":"catalogModel"},"searchOpenDialogs":true},"wdio_ui5_key":"reusablesview.manageresources.NewResourceUnitsap.m.ComboBox{\"path\":\"\",\"propertyPath\":\"/RuTypes\",\"modelName\":\"catalogModel\"}"}]}
RESULT: {"script":"<script> [1562 bytes]","args":[{"selector":{"controlType":"sap.m.ComboBox","viewName":"reusables.view.manageresources.NewResourceUnit","viewId":"application-manageresources-display-component---newResourceUnit","bindingPath":{"path":"","propertyPath":"/RuTypes","modelName":"catalogModel"},"searchOpenDialogs":true},"wdio_ui5_key":"reusablesview.manageresources.NewResourceUnitsap.m.ComboBox{\"path\":\"\",\"propertyPath\":\"/RuTypes\",\"modelName\":\"catalogModel\"}"}]}
RESULT: undefined
COMMAND: POST /session/e7ea40813c72c691ec6b0d6c49a20f29/execute/async - {"script":"<script> [1562 bytes]","args":[{"selector":{"controlType":"sap.m.ComboBox","viewName":"reusables.view.manageresources.NewResourceUnit","viewId":"application-manageresources-display-component---newResourceUnit","bindingPath":{"path":"","propertyPath":"/Yards","modelName":"catalogModel"},"searchOpenDialogs":true},"wdio_ui5_key":"reusablesview.manageresources.NewResourceUnitsap.m.ComboBox{\"path\":\"\",\"propertyPath\":\"/Yards\",\"modelName\":\"catalogModel\"}"}]}
RESULT: {"script":"<script> [1562 bytes]","args":[{"selector":{"controlType":"sap.m.ComboBox","viewName":"reusables.view.manageresources.NewResourceUnit","viewId":"application-manageresources-display-component---newResourceUnit","bindingPath":{"path":"","propertyPath":"/Yards","modelName":"catalogModel"},"searchOpenDialogs":true},"wdio_ui5_key":"reusablesview.manageresources.NewResourceUnitsap.m.ComboBox{\"path\":\"\",\"propertyPath\":\"/Yards\",\"modelName\":\"catalogModel\"}"}]}
RESULT: undefined
COMMAND: POST /session/e7ea40813c72c691ec6b0d6c49a20f29/execute/async - {"script":"<script> [1562 bytes]","args":[{"selector":{"controlType":"etm.portal.ui.reusables.customControls.LiveSearchComboBox","viewName":"reusables.view.manageresources.NewResourceUnit","viewId":"application-manageresources-display-component---newResourceUnit","bindingPath":{"path":"","propertyPath":"/CatalogItems","modelName":"catalogModel"},"searchOpenDialogs":true},"wdio_ui5_key":"reusablesview.manageresources.NewResourceUnitetm.portal.ui.reusables.customControls.LiveSearchComboBox{\"path\":\"\",\"propertyPath\":\"/CatalogItems\",\"modelName\":\"catalogModel\"}"}]}
RESULT: {"script":"<script> [1562 bytes]","args":[{"selector":{"controlType":"etm.portal.ui.reusables.customControls.LiveSearchComboBox","viewName":"reusables.view.manageresources.NewResourceUnit","viewId":"application-manageresources-display-component---newResourceUnit","bindingPath":{"path":"","propertyPath":"/CatalogItems","modelName":"catalogModel"},"searchOpenDialogs":true},"wdio_ui5_key":"reusablesview.manageresources.NewResourceUnitetm.portal.ui.reusables.customControls.LiveSearchComboBox{\"path\":\"\",\"propertyPath\":\"/CatalogItems\",\"modelName\":\"catalogModel\"}"}]}
RESULT: undefined
COMMAND: POST /session/e7ea40813c72c691ec6b0d6c49a20f29/element - {"using":"xpath","value":"//bdi[text()=\"OK\"]"}
RESULT: {"using":"xpath","value":"//bdi[text()=\"OK\"]"}
COMMAND: POST /session/e7ea40813c72c691ec6b0d6c49a20f29/elements - {"using":"xpath","value":"//bdi[text()=\"OK\"]"}
RESULT: {"using":"xpath","value":"//bdi[text()=\"OK\"]"}
COMMAND: POST /session/e7ea40813c72c691ec6b0d6c49a20f29/elements - {"using":"xpath","value":"//bdi[text()=\"OK\"]"}
RESULT: {"using":"xpath","value":"//bdi[text()=\"OK\"]"}
COMMAND: POST /session/e7ea40813c72c691ec6b0d6c49a20f29/elements - {"using":"xpath","value":"//bdi[text()=\"OK\"]"}
RESULT: {"using":"xpath","value":"//bdi[text()=\"OK\"]"}
COMMAND: POST /session/e7ea40813c72c691ec6b0d6c49a20f29/elements - {"using":"xpath","value":"//bdi[text()=\"OK\"]"}
RESULT: {"using":"xpath","value":"//bdi[text()=\"OK\"]"}
COMMAND: POST /session/e7ea40813c72c691ec6b0d6c49a20f29/elements - {"using":"xpath","value":"//bdi[text()=\"OK\"]"}
RESULT: {"using":"xpath","value":"//bdi[text()=\"OK\"]"}
COMMAND: POST /session/e7ea40813c72c691ec6b0d6c49a20f29/elements - {"using":"xpath","value":"//bdi[text()=\"OK\"]"}
RESULT: {"using":"xpath","value":"//bdi[text()=\"OK\"]"}
COMMAND: POST /session/e7ea40813c72c691ec6b0d6c49a20f29/elements - {"using":"xpath","value":"//bdi[text()=\"OK\"]"}
RESULT: {"using":"xpath","value":"//bdi[text()=\"OK\"]"}
COMMAND: POST /session/e7ea40813c72c691ec6b0d6c49a20f29/elements - {"using":"xpath","value":"//bdi[text()=\"OK\"]"}
RESULT: {"using":"xpath","value":"//bdi[text()=\"OK\"]"}
COMMAND: POST /session/e7ea40813c72c691ec6b0d6c49a20f29/elements - {"using":"xpath","value":"//bdi[text()=\"OK\"]"}
RESULT: {"using":"xpath","value":"//bdi[text()=\"OK\"]"}
COMMAND: POST /session/e7ea40813c72c691ec6b0d6c49a20f29/elements - {"using":"xpath","value":"//bdi[text()=\"OK\"]"}
RESULT: {"using":"xpath","value":"//bdi[text()=\"OK\"]"}
COMMAND: POST /session/e7ea40813c72c691ec6b0d6c49a20f29/elements - {"using":"xpath","value":"//bdi[text()=\"OK\"]"}
RESULT: {"using":"xpath","value":"//bdi[text()=\"OK\"]"}
COMMAND: POST /session/e7ea40813c72c691ec6b0d6c49a20f29/elements - {"using":"xpath","value":"//bdi[text()=\"OK\"]"}
RESULT: {"using":"xpath","value":"//bdi[text()=\"OK\"]"}
COMMAND: POST /session/e7ea40813c72c691ec6b0d6c49a20f29/elements - {"using":"xpath","value":"//bdi[text()=\"OK\"]"}
RESULT: {"using":"xpath","value":"//bdi[text()=\"OK\"]"}
COMMAND: POST /session/e7ea40813c72c691ec6b0d6c49a20f29/elements - {"using":"xpath","value":"//bdi[text()=\"OK\"]"}
RESULT: {"using":"xpath","value":"//bdi[text()=\"OK\"]"}
COMMAND: POST /session/e7ea40813c72c691ec6b0d6c49a20f29/elements - {"using":"xpath","value":"//bdi[text()=\"OK\"]"}
RESULT: {"using":"xpath","value":"//bdi[text()=\"OK\"]"}
COMMAND: POST /session/e7ea40813c72c691ec6b0d6c49a20f29/elements - {"using":"xpath","value":"//bdi[text()=\"OK\"]"}
RESULT: {"using":"xpath","value":"//bdi[text()=\"OK\"]"}
COMMAND: POST /session/e7ea40813c72c691ec6b0d6c49a20f29/elements - {"using":"xpath","value":"//bdi[text()=\"OK\"]"}
RESULT: {"using":"xpath","value":"//bdi[text()=\"OK\"]"}
COMMAND: POST /session/e7ea40813c72c691ec6b0d6c49a20f29/elements - {"using":"xpath","value":"//bdi[text()=\"OK\"]"}
RESULT: {"using":"xpath","value":"//bdi[text()=\"OK\"]"}
COMMAND: POST /session/e7ea40813c72c691ec6b0d6c49a20f29/elements - {"using":"xpath","value":"//bdi[text()=\"OK\"]"}
RESULT: {"using":"xpath","value":"//bdi[text()=\"OK\"]"}
COMMAND: POST /session/e7ea40813c72c691ec6b0d6c49a20f29/elements - {"using":"xpath","value":"//bdi[text()=\"OK\"]"}
RESULT: {"using":"xpath","value":"//bdi[text()=\"OK\"]"}
COMMAND: POST /session/e7ea40813c72c691ec6b0d6c49a20f29/elements - {"using":"xpath","value":"//bdi[text()=\"OK\"]"}
RESULT: {"using":"xpath","value":"//bdi[text()=\"OK\"]"}
COMMAND: POST /session/e7ea40813c72c691ec6b0d6c49a20f29/elements - {"using":"xpath","value":"//bdi[text()=\"OK\"]"}
RESULT: {"using":"xpath","value":"//bdi[text()=\"OK\"]"}
COMMAND: POST /session/e7ea40813c72c691ec6b0d6c49a20f29/elements - {"using":"xpath","value":"//bdi[text()=\"OK\"]"}
RESULT: {"using":"xpath","value":"//bdi[text()=\"OK\"]"}
COMMAND: POST /session/e7ea40813c72c691ec6b0d6c49a20f29/elements - {"using":"xpath","value":"//bdi[text()=\"OK\"]"}
RESULT: {"using":"xpath","value":"//bdi[text()=\"OK\"]"}
COMMAND: POST /session/e7ea40813c72c691ec6b0d6c49a20f29/elements - {"using":"xpath","value":"//bdi[text()=\"OK\"]"}
RESULT: {"using":"xpath","value":"//bdi[text()=\"OK\"]"}
COMMAND: POST /session/e7ea40813c72c691ec6b0d6c49a20f29/elements - {"using":"xpath","value":"//bdi[text()=\"OK\"]"}
RESULT: {"using":"xpath","value":"//bdi[text()=\"OK\"]"}
COMMAND: POST /session/e7ea40813c72c691ec6b0d6c49a20f29/elements - {"using":"xpath","value":"//bdi[text()=\"OK\"]"}
RESULT: {"using":"xpath","value":"//bdi[text()=\"OK\"]"}
COMMAND: POST /session/e7ea40813c72c691ec6b0d6c49a20f29/elements - {"using":"xpath","value":"//bdi[text()=\"OK\"]"}
RESULT: {"using":"xpath","value":"//bdi[text()=\"OK\"]"}
COMMAND: POST /session/e7ea40813c72c691ec6b0d6c49a20f29/elements - {"using":"xpath","value":"//bdi[text()=\"OK\"]"}
RESULT: {"using":"xpath","value":"//bdi[text()=\"OK\"]"}
COMMAND: POST /session/e7ea40813c72c691ec6b0d6c49a20f29/elements - {"using":"xpath","value":"//bdi[text()=\"OK\"]"}
RESULT: {"using":"xpath","value":"//bdi[text()=\"OK\"]"}
COMMAND: POST /session/e7ea40813c72c691ec6b0d6c49a20f29/elements - {"using":"xpath","value":"//bdi[text()=\"OK\"]"}
RESULT: {"using":"xpath","value":"//bdi[text()=\"OK\"]"}
COMMAND: POST /session/e7ea40813c72c691ec6b0d6c49a20f29/elements - {"using":"xpath","value":"//bdi[text()=\"OK\"]"}
RESULT: {"using":"xpath","value":"//bdi[text()=\"OK\"]"}
COMMAND: POST /session/e7ea40813c72c691ec6b0d6c49a20f29/elements - {"using":"xpath","value":"//bdi[text()=\"OK\"]"}
RESULT: {"using":"xpath","value":"//bdi[text()=\"OK\"]"}
COMMAND: POST /session/e7ea40813c72c691ec6b0d6c49a20f29/elements - {"using":"xpath","value":"//bdi[text()=\"OK\"]"}
RESULT: {"using":"xpath","value":"//bdi[text()=\"OK\"]"}
COMMAND: POST /session/e7ea40813c72c691ec6b0d6c49a20f29/elements - {"using":"xpath","value":"//bdi[text()=\"OK\"]"}
RESULT: {"using":"xpath","value":"//bdi[text()=\"OK\"]"}
COMMAND: POST /session/e7ea40813c72c691ec6b0d6c49a20f29/elements - {"using":"xpath","value":"//bdi[text()=\"OK\"]"}
RESULT: {"using":"xpath","value":"//bdi[text()=\"OK\"]"}
COMMAND: POST /session/e7ea40813c72c691ec6b0d6c49a20f29/elements - {"using":"xpath","value":"//bdi[text()=\"OK\"]"}
RESULT: {"using":"xpath","value":"//bdi[text()=\"OK\"]"}
COMMAND: POST /session/e7ea40813c72c691ec6b0d6c49a20f29/elements - {"using":"xpath","value":"//bdi[text()=\"OK\"]"}
RESULT: {"using":"xpath","value":"//bdi[text()=\"OK\"]"}
COMMAND: POST /session/e7ea40813c72c691ec6b0d6c49a20f29/elements - {"using":"xpath","value":"//bdi[text()=\"OK\"]"}
RESULT: {"using":"xpath","value":"//bdi[text()=\"OK\"]"}
COMMAND: POST /session/e7ea40813c72c691ec6b0d6c49a20f29/elements - {"using":"xpath","value":"//bdi[text()=\"OK\"]"}
RESULT: {"using":"xpath","value":"//bdi[text()=\"OK\"]"}
COMMAND: POST /session/e7ea40813c72c691ec6b0d6c49a20f29/elements - {"using":"xpath","value":"//bdi[text()=\"OK\"]"}
RESULT: {"using":"xpath","value":"//bdi[text()=\"OK\"]"}
COMMAND: POST /session/e7ea40813c72c691ec6b0d6c49a20f29/elements - {"using":"xpath","value":"//bdi[text()=\"OK\"]"}
RESULT: {"using":"xpath","value":"//bdi[text()=\"OK\"]"}
COMMAND: POST /session/e7ea40813c72c691ec6b0d6c49a20f29/elements - {"using":"xpath","value":"//bdi[text()=\"OK\"]"}
RESULT: {"using":"xpath","value":"//bdi[text()=\"OK\"]"}
COMMAND: POST /session/e7ea40813c72c691ec6b0d6c49a20f29/elements - {"using":"xpath","value":"//bdi[text()=\"OK\"]"}
RESULT: {"using":"xpath","value":"//bdi[text()=\"OK\"]"}
COMMAND: POST /session/e7ea40813c72c691ec6b0d6c49a20f29/elements - {"using":"xpath","value":"//bdi[text()=\"OK\"]"}
RESULT: {"using":"xpath","value":"//bdi[text()=\"OK\"]"}
COMMAND: POST /session/e7ea40813c72c691ec6b0d6c49a20f29/elements - {"using":"xpath","value":"//bdi[text()=\"OK\"]"}
RESULT: {"using":"xpath","value":"//bdi[text()=\"OK\"]"}
COMMAND: POST /session/e7ea40813c72c691ec6b0d6c49a20f29/elements - {"using":"xpath","value":"//bdi[text()=\"OK\"]"}
RESULT: {"using":"xpath","value":"//bdi[text()=\"OK\"]"}
COMMAND: POST /session/e7ea40813c72c691ec6b0d6c49a20f29/elements - {"using":"xpath","value":"//bdi[text()=\"OK\"]"}
RESULT: {"using":"xpath","value":"//bdi[text()=\"OK\"]"}
COMMAND: POST /session/e7ea40813c72c691ec6b0d6c49a20f29/elements - {"using":"xpath","value":"//bdi[text()=\"OK\"]"}
RESULT: {"using":"xpath","value":"//bdi[text()=\"OK\"]"}
COMMAND: POST /session/e7ea40813c72c691ec6b0d6c49a20f29/elements - {"using":"xpath","value":"//bdi[text()=\"OK\"]"}
RESULT: {"using":"xpath","value":"//bdi[text()=\"OK\"]"}
COMMAND: POST /session/e7ea40813c72c691ec6b0d6c49a20f29/elements - {"using":"xpath","value":"//bdi[text()=\"OK\"]"}
RESULT: {"using":"xpath","value":"//bdi[text()=\"OK\"]"}
COMMAND: POST /session/e7ea40813c72c691ec6b0d6c49a20f29/elements - {"using":"xpath","value":"//bdi[text()=\"OK\"]"}
RESULT: {"using":"xpath","value":"//bdi[text()=\"OK\"]"}
COMMAND: POST /session/e7ea40813c72c691ec6b0d6c49a20f29/elements - {"using":"xpath","value":"//bdi[text()=\"OK\"]"}
RESULT: {"using":"xpath","value":"//bdi[text()=\"OK\"]"}
COMMAND: POST /session/e7ea40813c72c691ec6b0d6c49a20f29/elements - {"using":"xpath","value":"//bdi[text()=\"OK\"]"}
RESULT: {"using":"xpath","value":"//bdi[text()=\"OK\"]"}
COMMAND: POST /session/e7ea40813c72c691ec6b0d6c49a20f29/elements - {"using":"xpath","value":"//bdi[text()=\"OK\"]"}
RESULT: {"using":"xpath","value":"//bdi[text()=\"OK\"]"}
COMMAND: POST /session/e7ea40813c72c691ec6b0d6c49a20f29/elements - {"using":"xpath","value":"//bdi[text()=\"OK\"]"}
RESULT: {"using":"xpath","value":"//bdi[text()=\"OK\"]"}
COMMAND: POST /session/e7ea40813c72c691ec6b0d6c49a20f29/elements - {"using":"xpath","value":"//bdi[text()=\"OK\"]"}
RESULT: {"using":"xpath","value":"//bdi[text()=\"OK\"]"}
COMMAND: POST /session/e7ea40813c72c691ec6b0d6c49a20f29/elements - {"using":"xpath","value":"//bdi[text()=\"OK\"]"}
RESULT: {"using":"xpath","value":"//bdi[text()=\"OK\"]"}
COMMAND: POST /session/e7ea40813c72c691ec6b0d6c49a20f29/elements - {"using":"xpath","value":"//bdi[text()=\"OK\"]"}
RESULT: {"using":"xpath","value":"//bdi[text()=\"OK\"]"}
COMMAND: POST /session/e7ea40813c72c691ec6b0d6c49a20f29/elements - {"using":"xpath","value":"//bdi[text()=\"OK\"]"}
RESULT: {"using":"xpath","value":"//bdi[text()=\"OK\"]"}
COMMAND: POST /session/e7ea40813c72c691ec6b0d6c49a20f29/elements - {"using":"xpath","value":"//bdi[text()=\"OK\"]"}
RESULT: {"using":"xpath","value":"//bdi[text()=\"OK\"]"}
COMMAND: POST /session/e7ea40813c72c691ec6b0d6c49a20f29/elements - {"using":"xpath","value":"//bdi[text()=\"OK\"]"}
RESULT: {"using":"xpath","value":"//bdi[text()=\"OK\"]"}
COMMAND: POST /session/e7ea40813c72c691ec6b0d6c49a20f29/elements - {"using":"xpath","value":"//bdi[text()=\"OK\"]"}
RESULT: {"using":"xpath","value":"//bdi[text()=\"OK\"]"}
COMMAND: POST /session/e7ea40813c72c691ec6b0d6c49a20f29/elements - {"using":"xpath","value":"//bdi[text()=\"OK\"]"}
RESULT: {"using":"xpath","value":"//bdi[text()=\"OK\"]"}
COMMAND: POST /session/e7ea40813c72c691ec6b0d6c49a20f29/elements - {"using":"xpath","value":"//bdi[text()=\"OK\"]"}
RESULT: {"using":"xpath","value":"//bdi[text()=\"OK\"]"}
COMMAND: POST /session/e7ea40813c72c691ec6b0d6c49a20f29/elements - {"using":"xpath","value":"//bdi[text()=\"OK\"]"}
RESULT: {"using":"xpath","value":"//bdi[text()=\"OK\"]"}
COMMAND: POST /session/e7ea40813c72c691ec6b0d6c49a20f29/elements - {"using":"xpath","value":"//bdi[text()=\"OK\"]"}
RESULT: {"using":"xpath","value":"//bdi[text()=\"OK\"]"}
COMMAND: POST /session/e7ea40813c72c691ec6b0d6c49a20f29/elements - {"using":"xpath","value":"//bdi[text()=\"OK\"]"}
RESULT: {"using":"xpath","value":"//bdi[text()=\"OK\"]"}
COMMAND: POST /session/e7ea40813c72c691ec6b0d6c49a20f29/elements - {"using":"xpath","value":"//bdi[text()=\"OK\"]"}
RESULT: {"using":"xpath","value":"//bdi[text()=\"OK\"]"}
COMMAND: POST /session/e7ea40813c72c691ec6b0d6c49a20f29/elements - {"using":"xpath","value":"//bdi[text()=\"OK\"]"}
RESULT: {"using":"xpath","value":"//bdi[text()=\"OK\"]"}
COMMAND: POST /session/e7ea40813c72c691ec6b0d6c49a20f29/elements - {"using":"xpath","value":"//bdi[text()=\"OK\"]"}
RESULT: {"using":"xpath","value":"//bdi[text()=\"OK\"]"}
COMMAND: POST /session/e7ea40813c72c691ec6b0d6c49a20f29/elements - {"using":"xpath","value":"//bdi[text()=\"OK\"]"}
RESULT: {"using":"xpath","value":"//bdi[text()=\"OK\"]"}
COMMAND: POST /session/e7ea40813c72c691ec6b0d6c49a20f29/elements - {"using":"xpath","value":"//bdi[text()=\"OK\"]"}
RESULT: {"using":"xpath","value":"//bdi[text()=\"OK\"]"}
COMMAND: POST /session/e7ea40813c72c691ec6b0d6c49a20f29/elements - {"using":"xpath","value":"//bdi[text()=\"OK\"]"}
RESULT: {"using":"xpath","value":"//bdi[text()=\"OK\"]"}
COMMAND: POST /session/e7ea40813c72c691ec6b0d6c49a20f29/elements - {"using":"xpath","value":"//bdi[text()=\"OK\"]"}
RESULT: {"using":"xpath","value":"//bdi[text()=\"OK\"]"}
COMMAND: POST /session/e7ea40813c72c691ec6b0d6c49a20f29/elements - {"using":"xpath","value":"//bdi[text()=\"OK\"]"}
RESULT: {"using":"xpath","value":"//bdi[text()=\"OK\"]"}
COMMAND: POST /session/e7ea40813c72c691ec6b0d6c49a20f29/elements - {"using":"xpath","value":"//bdi[text()=\"OK\"]"}
RESULT: {"using":"xpath","value":"//bdi[text()=\"OK\"]"}
COMMAND: POST /session/e7ea40813c72c691ec6b0d6c49a20f29/elements - {"using":"xpath","value":"//bdi[text()=\"OK\"]"}
RESULT: {"using":"xpath","value":"//bdi[text()=\"OK\"]"}
COMMAND: POST /session/e7ea40813c72c691ec6b0d6c49a20f29/elements - {"using":"xpath","value":"//bdi[text()=\"OK\"]"}
RESULT: {"using":"xpath","value":"//bdi[text()=\"OK\"]"}
COMMAND: POST /session/e7ea40813c72c691ec6b0d6c49a20f29/elements - {"using":"xpath","value":"//bdi[text()=\"OK\"]"}
RESULT: {"using":"xpath","value":"//bdi[text()=\"OK\"]"}
COMMAND: POST /session/e7ea40813c72c691ec6b0d6c49a20f29/elements - {"using":"xpath","value":"//bdi[text()=\"OK\"]"}
RESULT: {"using":"xpath","value":"//bdi[text()=\"OK\"]"}
COMMAND: POST /session/e7ea40813c72c691ec6b0d6c49a20f29/elements - {"using":"xpath","value":"//bdi[text()=\"OK\"]"}
RESULT: {"using":"xpath","value":"//bdi[text()=\"OK\"]"}
COMMAND: POST /session/e7ea40813c72c691ec6b0d6c49a20f29/elements - {"using":"xpath","value":"//bdi[text()=\"OK\"]"}
RESULT: {"using":"xpath","value":"//bdi[text()=\"OK\"]"}
COMMAND: POST /session/e7ea40813c72c691ec6b0d6c49a20f29/elements - {"using":"xpath","value":"//bdi[text()=\"OK\"]"}
RESULT: {"using":"xpath","value":"//bdi[text()=\"OK\"]"}
COMMAND: POST /session/e7ea40813c72c691ec6b0d6c49a20f29/elements - {"using":"xpath","value":"//bdi[text()=\"OK\"]"}
RESULT: {"using":"xpath","value":"//bdi[text()=\"OK\"]"}
COMMAND: POST /session/e7ea40813c72c691ec6b0d6c49a20f29/elements - {"using":"xpath","value":"//bdi[text()=\"OK\"]"}
RESULT: {"using":"xpath","value":"//bdi[text()=\"OK\"]"}
COMMAND: POST /session/e7ea40813c72c691ec6b0d6c49a20f29/elements - {"using":"xpath","value":"//bdi[text()=\"OK\"]"}
RESULT: {"using":"xpath","value":"//bdi[text()=\"OK\"]"}
COMMAND: POST /session/e7ea40813c72c691ec6b0d6c49a20f29/elements - {"using":"xpath","value":"//bdi[text()=\"OK\"]"}
RESULT: {"using":"xpath","value":"//bdi[text()=\"OK\"]"}
COMMAND: POST /session/e7ea40813c72c691ec6b0d6c49a20f29/elements - {"using":"xpath","value":"//bdi[text()=\"OK\"]"}
RESULT: {"using":"xpath","value":"//bdi[text()=\"OK\"]"}
COMMAND: POST /session/e7ea40813c72c691ec6b0d6c49a20f29/elements - {"using":"xpath","value":"//bdi[text()=\"OK\"]"}
RESULT: {"using":"xpath","value":"//bdi[text()=\"OK\"]"}
COMMAND: POST /session/e7ea40813c72c691ec6b0d6c49a20f29/elements - {"using":"xpath","value":"//bdi[text()=\"OK\"]"}
RESULT: {"using":"xpath","value":"//bdi[text()=\"OK\"]"}
COMMAND: POST /session/e7ea40813c72c691ec6b0d6c49a20f29/elements - {"using":"xpath","value":"//bdi[text()=\"OK\"]"}
RESULT: {"using":"xpath","value":"//bdi[text()=\"OK\"]"}
COMMAND: POST /session/e7ea40813c72c691ec6b0d6c49a20f29/elements - {"using":"xpath","value":"//bdi[text()=\"OK\"]"}
RESULT: {"using":"xpath","value":"//bdi[text()=\"OK\"]"}
COMMAND: POST /session/e7ea40813c72c691ec6b0d6c49a20f29/elements - {"using":"xpath","value":"//bdi[text()=\"OK\"]"}
RESULT: {"using":"xpath","value":"//bdi[text()=\"OK\"]"}
COMMAND: POST /session/e7ea40813c72c691ec6b0d6c49a20f29/elements - {"using":"xpath","value":"//bdi[text()=\"OK\"]"}
RESULT: {"using":"xpath","value":"//bdi[text()=\"OK\"]"}
COMMAND: POST /session/e7ea40813c72c691ec6b0d6c49a20f29/elements - {"using":"xpath","value":"//bdi[text()=\"OK\"]"}
RESULT: {"using":"xpath","value":"//bdi[text()=\"OK\"]"}
COMMAND: POST /session/e7ea40813c72c691ec6b0d6c49a20f29/elements - {"using":"xpath","value":"//bdi[text()=\"OK\"]"}
RESULT: {"using":"xpath","value":"//bdi[text()=\"OK\"]"}
COMMAND: POST /session/e7ea40813c72c691ec6b0d6c49a20f29/elements - {"using":"xpath","value":"//bdi[text()=\"OK\"]"}
RESULT: {"using":"xpath","value":"//bdi[text()=\"OK\"]"}
COMMAND: POST /session/e7ea40813c72c691ec6b0d6c49a20f29/elements - {"using":"xpath","value":"//bdi[text()=\"OK\"]"}
RESULT: {"using":"xpath","value":"//bdi[text()=\"OK\"]"}
COMMAND: POST /session/e7ea40813c72c691ec6b0d6c49a20f29/elements - {"using":"xpath","value":"//bdi[text()=\"OK\"]"}
RESULT: {"using":"xpath","value":"//bdi[text()=\"OK\"]"}
COMMAND: POST /session/e7ea40813c72c691ec6b0d6c49a20f29/elements - {"using":"xpath","value":"//bdi[text()=\"OK\"]"}
RESULT: {"using":"xpath","value":"//bdi[text()=\"OK\"]"}
COMMAND: POST /session/e7ea40813c72c691ec6b0d6c49a20f29/elements - {"using":"xpath","value":"//bdi[text()=\"OK\"]"}
RESULT: {"using":"xpath","value":"//bdi[text()=\"OK\"]"}
COMMAND: POST /session/e7ea40813c72c691ec6b0d6c49a20f29/elements - {"using":"xpath","value":"//bdi[text()=\"OK\"]"}
RESULT: {"using":"xpath","value":"//bdi[text()=\"OK\"]"}
COMMAND: POST /session/e7ea40813c72c691ec6b0d6c49a20f29/elements - {"using":"xpath","value":"//bdi[text()=\"OK\"]"}
RESULT: {"using":"xpath","value":"//bdi[text()=\"OK\"]"}
COMMAND: POST /session/e7ea40813c72c691ec6b0d6c49a20f29/elements - {"using":"xpath","value":"//bdi[text()=\"OK\"]"}
RESULT: {"using":"xpath","value":"//bdi[text()=\"OK\"]"}
COMMAND: POST /session/e7ea40813c72c691ec6b0d6c49a20f29/elements - {"using":"xpath","value":"//bdi[text()=\"OK\"]"}
RESULT: {"using":"xpath","value":"//bdi[text()=\"OK\"]"}
COMMAND: POST /session/e7ea40813c72c691ec6b0d6c49a20f29/elements - {"using":"xpath","value":"//bdi[text()=\"OK\"]"}
RESULT: {"using":"xpath","value":"//bdi[text()=\"OK\"]"}
COMMAND: POST /session/e7ea40813c72c691ec6b0d6c49a20f29/elements - {"using":"xpath","value":"//bdi[text()=\"OK\"]"}
RESULT: {"using":"xpath","value":"//bdi[text()=\"OK\"]"}
COMMAND: POST /session/e7ea40813c72c691ec6b0d6c49a20f29/elements - {"using":"xpath","value":"//bdi[text()=\"OK\"]"}
RESULT: {"using":"xpath","value":"//bdi[text()=\"OK\"]"}
COMMAND: POST /session/e7ea40813c72c691ec6b0d6c49a20f29/elements - {"using":"xpath","value":"//bdi[text()=\"OK\"]"}
RESULT: {"using":"xpath","value":"//bdi[text()=\"OK\"]"}
COMMAND: POST /session/e7ea40813c72c691ec6b0d6c49a20f29/elements - {"using":"xpath","value":"//bdi[text()=\"OK\"]"}
RESULT: {"using":"xpath","value":"//bdi[text()=\"OK\"]"}
COMMAND: POST /session/e7ea40813c72c691ec6b0d6c49a20f29/elements - {"using":"xpath","value":"//bdi[text()=\"OK\"]"}
RESULT: {"using":"xpath","value":"//bdi[text()=\"OK\"]"}
COMMAND: POST /session/e7ea40813c72c691ec6b0d6c49a20f29/elements - {"using":"xpath","value":"//bdi[text()=\"OK\"]"}
RESULT: {"using":"xpath","value":"//bdi[text()=\"OK\"]"}
COMMAND: POST /session/e7ea40813c72c691ec6b0d6c49a20f29/elements - {"using":"xpath","value":"//bdi[text()=\"OK\"]"}
RESULT: {"using":"xpath","value":"//bdi[text()=\"OK\"]"}
COMMAND: POST /session/e7ea40813c72c691ec6b0d6c49a20f29/elements - {"using":"xpath","value":"//bdi[text()=\"OK\"]"}
RESULT: {"using":"xpath","value":"//bdi[text()=\"OK\"]"}
COMMAND: POST /session/e7ea40813c72c691ec6b0d6c49a20f29/elements - {"using":"xpath","value":"//bdi[text()=\"OK\"]"}
RESULT: {"using":"xpath","value":"//bdi[text()=\"OK\"]"}
COMMAND: POST /session/e7ea40813c72c691ec6b0d6c49a20f29/elements - {"using":"xpath","value":"//bdi[text()=\"OK\"]"}
RESULT: {"using":"xpath","value":"//bdi[text()=\"OK\"]"}
COMMAND: POST /session/e7ea40813c72c691ec6b0d6c49a20f29/elements - {"using":"xpath","value":"//bdi[text()=\"OK\"]"}
RESULT: {"using":"xpath","value":"//bdi[text()=\"OK\"]"}
COMMAND: POST /session/e7ea40813c72c691ec6b0d6c49a20f29/elements - {"using":"xpath","value":"//bdi[text()=\"OK\"]"}
RESULT: {"using":"xpath","value":"//bdi[text()=\"OK\"]"}
COMMAND: POST /session/e7ea40813c72c691ec6b0d6c49a20f29/elements - {"using":"xpath","value":"//bdi[text()=\"OK\"]"}
RESULT: {"using":"xpath","value":"//bdi[text()=\"OK\"]"}
COMMAND: POST /session/e7ea40813c72c691ec6b0d6c49a20f29/elements - {"using":"xpath","value":"//bdi[text()=\"OK\"]"}
COMMAND: POST /session/e7ea40813c72c691ec6b0d6c49a20f29/element - {"using":"xpath","value":"//bdi[text()=\"OK\"]"}
RESULT: {"using":"xpath","value":"//bdi[text()=\"OK\"]"}
RESULT: {"using":"xpath","value":"//bdi[text()=\"OK\"]"}
COMMAND: POST /session/e7ea40813c72c691ec6b0d6c49a20f29/elements - {"using":"xpath","value":"//bdi[text()=\"OK\"]"}
RESULT: {"using":"xpath","value":"//bdi[text()=\"OK\"]"}
COMMAND: POST /session/e7ea40813c72c691ec6b0d6c49a20f29/elements - {"using":"xpath","value":"//bdi[text()=\"OK\"]"}
RESULT: {"using":"xpath","value":"//bdi[text()=\"OK\"]"}
COMMAND: POST /session/e7ea40813c72c691ec6b0d6c49a20f29/elements - {"using":"xpath","value":"//bdi[text()=\"OK\"]"}
RESULT: {"using":"xpath","value":"//bdi[text()=\"OK\"]"}
COMMAND: POST /session/e7ea40813c72c691ec6b0d6c49a20f29/elements - {"using":"xpath","value":"//bdi[text()=\"OK\"]"}
RESULT: {"using":"xpath","value":"//bdi[text()=\"OK\"]"}
COMMAND: POST /session/e7ea40813c72c691ec6b0d6c49a20f29/elements - {"using":"xpath","value":"//bdi[text()=\"OK\"]"}
RESULT: {"using":"xpath","value":"//bdi[text()=\"OK\"]"}
COMMAND: POST /session/e7ea40813c72c691ec6b0d6c49a20f29/elements - {"using":"xpath","value":"//bdi[text()=\"OK\"]"}
RESULT: {"using":"xpath","value":"//bdi[text()=\"OK\"]"}
COMMAND: POST /session/e7ea40813c72c691ec6b0d6c49a20f29/elements - {"using":"xpath","value":"//bdi[text()=\"OK\"]"}
RESULT: {"using":"xpath","value":"//bdi[text()=\"OK\"]"}
COMMAND: POST /session/e7ea40813c72c691ec6b0d6c49a20f29/elements - {"using":"xpath","value":"//bdi[text()=\"OK\"]"}
RESULT: {"using":"xpath","value":"//bdi[text()=\"OK\"]"}
COMMAND: POST /session/e7ea40813c72c691ec6b0d6c49a20f29/elements - {"using":"xpath","value":"//bdi[text()=\"OK\"]"}
RESULT: {"using":"xpath","value":"//bdi[text()=\"OK\"]"}
COMMAND: POST /session/e7ea40813c72c691ec6b0d6c49a20f29/elements - {"using":"xpath","value":"//bdi[text()=\"OK\"]"}
RESULT: {"using":"xpath","value":"//bdi[text()=\"OK\"]"}
COMMAND: POST /session/e7ea40813c72c691ec6b0d6c49a20f29/elements - {"using":"xpath","value":"//bdi[text()=\"OK\"]"}
RESULT: {"using":"xpath","value":"//bdi[text()=\"OK\"]"}
COMMAND: POST /session/e7ea40813c72c691ec6b0d6c49a20f29/elements - {"using":"xpath","value":"//bdi[text()=\"OK\"]"}
RESULT: {"using":"xpath","value":"//bdi[text()=\"OK\"]"}
COMMAND: POST /session/e7ea40813c72c691ec6b0d6c49a20f29/elements - {"using":"xpath","value":"//bdi[text()=\"OK\"]"}
RESULT: {"using":"xpath","value":"//bdi[text()=\"OK\"]"}
COMMAND: POST /session/e7ea40813c72c691ec6b0d6c49a20f29/elements - {"using":"xpath","value":"//bdi[text()=\"OK\"]"}
RESULT: {"using":"xpath","value":"//bdi[text()=\"OK\"]"}
COMMAND: POST /session/e7ea40813c72c691ec6b0d6c49a20f29/elements - {"using":"xpath","value":"//bdi[text()=\"OK\"]"}
RESULT: {"using":"xpath","value":"//bdi[text()=\"OK\"]"}
COMMAND: POST /session/e7ea40813c72c691ec6b0d6c49a20f29/elements - {"using":"xpath","value":"//bdi[text()=\"OK\"]"}
RESULT: {"using":"xpath","value":"//bdi[text()=\"OK\"]"}
COMMAND: POST /session/e7ea40813c72c691ec6b0d6c49a20f29/elements - {"using":"xpath","value":"//bdi[text()=\"OK\"]"}
RESULT: {"using":"xpath","value":"//bdi[text()=\"OK\"]"}
COMMAND: POST /session/e7ea40813c72c691ec6b0d6c49a20f29/elements - {"using":"xpath","value":"//bdi[text()=\"OK\"]"}
RESULT: {"using":"xpath","value":"//bdi[text()=\"OK\"]"}
COMMAND: POST /session/e7ea40813c72c691ec6b0d6c49a20f29/elements - {"using":"xpath","value":"//bdi[text()=\"OK\"]"}
RESULT: {"using":"xpath","value":"//bdi[text()=\"OK\"]"}
COMMAND: POST /session/e7ea40813c72c691ec6b0d6c49a20f29/elements - {"using":"xpath","value":"//bdi[text()=\"OK\"]"}
RESULT: {"using":"xpath","value":"//bdi[text()=\"OK\"]"}
COMMAND: POST /session/e7ea40813c72c691ec6b0d6c49a20f29/elements - {"using":"xpath","value":"//bdi[text()=\"OK\"]"}
RESULT: {"using":"xpath","value":"//bdi[text()=\"OK\"]"}
COMMAND: POST /session/e7ea40813c72c691ec6b0d6c49a20f29/elements - {"using":"xpath","value":"//bdi[text()=\"OK\"]"}
RESULT: {"using":"xpath","value":"//bdi[text()=\"OK\"]"}
COMMAND: POST /session/e7ea40813c72c691ec6b0d6c49a20f29/elements - {"using":"xpath","value":"//bdi[text()=\"OK\"]"}
RESULT: {"using":"xpath","value":"//bdi[text()=\"OK\"]"}
COMMAND: POST /session/e7ea40813c72c691ec6b0d6c49a20f29/elements - {"using":"xpath","value":"//bdi[text()=\"OK\"]"}
RESULT: {"using":"xpath","value":"//bdi[text()=\"OK\"]"}
COMMAND: POST /session/e7ea40813c72c691ec6b0d6c49a20f29/elements - {"using":"xpath","value":"//bdi[text()=\"OK\"]"}
RESULT: {"using":"xpath","value":"//bdi[text()=\"OK\"]"}
COMMAND: POST /session/e7ea40813c72c691ec6b0d6c49a20f29/elements - {"using":"xpath","value":"//bdi[text()=\"OK\"]"}
RESULT: {"using":"xpath","value":"//bdi[text()=\"OK\"]"}
COMMAND: POST /session/e7ea40813c72c691ec6b0d6c49a20f29/elements - {"using":"xpath","value":"//bdi[text()=\"OK\"]"}
RESULT: {"using":"xpath","value":"//bdi[text()=\"OK\"]"}
COMMAND: POST /session/e7ea40813c72c691ec6b0d6c49a20f29/elements - {"using":"xpath","value":"//bdi[text()=\"OK\"]"}
RESULT: {"using":"xpath","value":"//bdi[text()=\"OK\"]"}
COMMAND: POST /session/e7ea40813c72c691ec6b0d6c49a20f29/elements - {"using":"xpath","value":"//bdi[text()=\"OK\"]"}
RESULT: {"using":"xpath","value":"//bdi[text()=\"OK\"]"}
COMMAND: POST /session/e7ea40813c72c691ec6b0d6c49a20f29/elements - {"using":"xpath","value":"//bdi[text()=\"OK\"]"}
RESULT: {"using":"xpath","value":"//bdi[text()=\"OK\"]"}
COMMAND: POST /session/e7ea40813c72c691ec6b0d6c49a20f29/elements - {"using":"xpath","value":"//bdi[text()=\"OK\"]"}
RESULT: {"using":"xpath","value":"//bdi[text()=\"OK\"]"}
COMMAND: POST /session/e7ea40813c72c691ec6b0d6c49a20f29/elements - {"using":"xpath","value":"//bdi[text()=\"OK\"]"}
RESULT: {"using":"xpath","value":"//bdi[text()=\"OK\"]"}
COMMAND: POST /session/e7ea40813c72c691ec6b0d6c49a20f29/elements - {"using":"xpath","value":"//bdi[text()=\"OK\"]"}
RESULT: {"using":"xpath","value":"//bdi[text()=\"OK\"]"}
COMMAND: POST /session/e7ea40813c72c691ec6b0d6c49a20f29/elements - {"using":"xpath","value":"//bdi[text()=\"OK\"]"}
RESULT: {"using":"xpath","value":"//bdi[text()=\"OK\"]"}
COMMAND: POST /session/e7ea40813c72c691ec6b0d6c49a20f29/elements - {"using":"xpath","value":"//bdi[text()=\"OK\"]"}
RESULT: {"using":"xpath","value":"//bdi[text()=\"OK\"]"}
COMMAND: POST /session/e7ea40813c72c691ec6b0d6c49a20f29/elements - {"using":"xpath","value":"//bdi[text()=\"OK\"]"}
RESULT: {"using":"xpath","value":"//bdi[text()=\"OK\"]"}
COMMAND: POST /session/e7ea40813c72c691ec6b0d6c49a20f29/elements - {"using":"xpath","value":"//bdi[text()=\"OK\"]"}
RESULT: {"using":"xpath","value":"//bdi[text()=\"OK\"]"}
COMMAND: POST /session/e7ea40813c72c691ec6b0d6c49a20f29/elements - {"using":"xpath","value":"//bdi[text()=\"OK\"]"}
RESULT: {"using":"xpath","value":"//bdi[text()=\"OK\"]"}
COMMAND: POST /session/e7ea40813c72c691ec6b0d6c49a20f29/elements - {"using":"xpath","value":"//bdi[text()=\"OK\"]"}
RESULT: {"using":"xpath","value":"//bdi[text()=\"OK\"]"}
COMMAND: POST /session/e7ea40813c72c691ec6b0d6c49a20f29/elements - {"using":"xpath","value":"//bdi[text()=\"OK\"]"}
RESULT: {"using":"xpath","value":"//bdi[text()=\"OK\"]"}
COMMAND: POST /session/e7ea40813c72c691ec6b0d6c49a20f29/elements - {"using":"xpath","value":"//bdi[text()=\"OK\"]"}
RESULT: {"using":"xpath","value":"//bdi[text()=\"OK\"]"}
COMMAND: POST /session/e7ea40813c72c691ec6b0d6c49a20f29/elements - {"using":"xpath","value":"//bdi[text()=\"OK\"]"}
RESULT: {"using":"xpath","value":"//bdi[text()=\"OK\"]"}
COMMAND: POST /session/e7ea40813c72c691ec6b0d6c49a20f29/elements - {"using":"xpath","value":"//bdi[text()=\"OK\"]"}
RESULT: {"using":"xpath","value":"//bdi[text()=\"OK\"]"}
COMMAND: POST /session/e7ea40813c72c691ec6b0d6c49a20f29/elements - {"using":"xpath","value":"//bdi[text()=\"OK\"]"}
RESULT: {"using":"xpath","value":"//bdi[text()=\"OK\"]"}
COMMAND: POST /session/e7ea40813c72c691ec6b0d6c49a20f29/elements - {"using":"xpath","value":"//bdi[text()=\"OK\"]"}
RESULT: {"using":"xpath","value":"//bdi[text()=\"OK\"]"}
COMMAND: POST /session/e7ea40813c72c691ec6b0d6c49a20f29/elements - {"using":"xpath","value":"//bdi[text()=\"OK\"]"}
RESULT: {"using":"xpath","value":"//bdi[text()=\"OK\"]"}
COMMAND: POST /session/e7ea40813c72c691ec6b0d6c49a20f29/elements - {"using":"xpath","value":"//bdi[text()=\"OK\"]"}
RESULT: {"using":"xpath","value":"//bdi[text()=\"OK\"]"}
COMMAND: POST /session/e7ea40813c72c691ec6b0d6c49a20f29/elements - {"using":"xpath","value":"//bdi[text()=\"OK\"]"}
RESULT: {"using":"xpath","value":"//bdi[text()=\"OK\"]"}
COMMAND: POST /session/e7ea40813c72c691ec6b0d6c49a20f29/elements - {"using":"xpath","value":"//bdi[text()=\"OK\"]"}
RESULT: {"using":"xpath","value":"//bdi[text()=\"OK\"]"}
COMMAND: POST /session/e7ea40813c72c691ec6b0d6c49a20f29/elements - {"using":"xpath","value":"//bdi[text()=\"OK\"]"}
RESULT: {"using":"xpath","value":"//bdi[text()=\"OK\"]"}
COMMAND: POST /session/e7ea40813c72c691ec6b0d6c49a20f29/elements - {"using":"xpath","value":"//bdi[text()=\"OK\"]"}
RESULT: {"using":"xpath","value":"//bdi[text()=\"OK\"]"}
COMMAND: POST /session/e7ea40813c72c691ec6b0d6c49a20f29/elements - {"using":"xpath","value":"//bdi[text()=\"OK\"]"}
RESULT: {"using":"xpath","value":"//bdi[text()=\"OK\"]"}
COMMAND: POST /session/e7ea40813c72c691ec6b0d6c49a20f29/elements - {"using":"xpath","value":"//bdi[text()=\"OK\"]"}
RESULT: {"using":"xpath","value":"//bdi[text()=\"OK\"]"}
COMMAND: POST /session/e7ea40813c72c691ec6b0d6c49a20f29/elements - {"using":"xpath","value":"//bdi[text()=\"OK\"]"}
RESULT: {"using":"xpath","value":"//bdi[text()=\"OK\"]"}
COMMAND: POST /session/e7ea40813c72c691ec6b0d6c49a20f29/elements - {"using":"xpath","value":"//bdi[text()=\"OK\"]"}
RESULT: {"using":"xpath","value":"//bdi[text()=\"OK\"]"}
COMMAND: POST /session/e7ea40813c72c691ec6b0d6c49a20f29/elements - {"using":"xpath","value":"//bdi[text()=\"OK\"]"}
RESULT: {"using":"xpath","value":"//bdi[text()=\"OK\"]"}
COMMAND: POST /session/e7ea40813c72c691ec6b0d6c49a20f29/elements - {"using":"xpath","value":"//bdi[text()=\"OK\"]"}
RESULT: {"using":"xpath","value":"//bdi[text()=\"OK\"]"}
COMMAND: POST /session/e7ea40813c72c691ec6b0d6c49a20f29/elements - {"using":"xpath","value":"//bdi[text()=\"OK\"]"}
RESULT: {"using":"xpath","value":"//bdi[text()=\"OK\"]"}
COMMAND: POST /session/e7ea40813c72c691ec6b0d6c49a20f29/elements - {"using":"xpath","value":"//bdi[text()=\"OK\"]"}
RESULT: {"using":"xpath","value":"//bdi[text()=\"OK\"]"}
COMMAND: POST /session/e7ea40813c72c691ec6b0d6c49a20f29/elements - {"using":"xpath","value":"//bdi[text()=\"OK\"]"}
RESULT: {"using":"xpath","value":"//bdi[text()=\"OK\"]"}
COMMAND: POST /session/e7ea40813c72c691ec6b0d6c49a20f29/elements - {"using":"xpath","value":"//bdi[text()=\"OK\"]"}
RESULT: {"using":"xpath","value":"//bdi[text()=\"OK\"]"}
COMMAND: POST /session/e7ea40813c72c691ec6b0d6c49a20f29/elements - {"using":"xpath","value":"//bdi[text()=\"OK\"]"}
RESULT: {"using":"xpath","value":"//bdi[text()=\"OK\"]"}
COMMAND: POST /session/e7ea40813c72c691ec6b0d6c49a20f29/elements - {"using":"xpath","value":"//bdi[text()=\"OK\"]"}
RESULT: {"using":"xpath","value":"//bdi[text()=\"OK\"]"}
COMMAND: POST /session/e7ea40813c72c691ec6b0d6c49a20f29/elements - {"using":"xpath","value":"//bdi[text()=\"OK\"]"}
RESULT: {"using":"xpath","value":"//bdi[text()=\"OK\"]"}
COMMAND: POST /session/e7ea40813c72c691ec6b0d6c49a20f29/elements - {"using":"xpath","value":"//bdi[text()=\"OK\"]"}
RESULT: {"using":"xpath","value":"//bdi[text()=\"OK\"]"}
COMMAND: POST /session/e7ea40813c72c691ec6b0d6c49a20f29/elements - {"using":"xpath","value":"//bdi[text()=\"OK\"]"}
RESULT: {"using":"xpath","value":"//bdi[text()=\"OK\"]"}
COMMAND: POST /session/e7ea40813c72c691ec6b0d6c49a20f29/elements - {"using":"xpath","value":"//bdi[text()=\"OK\"]"}
RESULT: {"using":"xpath","value":"//bdi[text()=\"OK\"]"}
COMMAND: POST /session/e7ea40813c72c691ec6b0d6c49a20f29/elements - {"using":"xpath","value":"//bdi[text()=\"OK\"]"}
RESULT: {"using":"xpath","value":"//bdi[text()=\"OK\"]"}
COMMAND: POST /session/e7ea40813c72c691ec6b0d6c49a20f29/elements - {"using":"xpath","value":"//bdi[text()=\"OK\"]"}
RESULT: {"using":"xpath","value":"//bdi[text()=\"OK\"]"}
COMMAND: POST /session/e7ea40813c72c691ec6b0d6c49a20f29/elements - {"using":"xpath","value":"//bdi[text()=\"OK\"]"}
RESULT: {"using":"xpath","value":"//bdi[text()=\"OK\"]"}
COMMAND: POST /session/e7ea40813c72c691ec6b0d6c49a20f29/elements - {"using":"xpath","value":"//bdi[text()=\"OK\"]"}
RESULT: {"using":"xpath","value":"//bdi[text()=\"OK\"]"}
COMMAND: POST /session/e7ea40813c72c691ec6b0d6c49a20f29/elements - {"using":"xpath","value":"//bdi[text()=\"OK\"]"}
RESULT: {"using":"xpath","value":"//bdi[text()=\"OK\"]"}
COMMAND: POST /session/e7ea40813c72c691ec6b0d6c49a20f29/elements - {"using":"xpath","value":"//bdi[text()=\"OK\"]"}
RESULT: {"using":"xpath","value":"//bdi[text()=\"OK\"]"}
COMMAND: POST /session/e7ea40813c72c691ec6b0d6c49a20f29/elements - {"using":"xpath","value":"//bdi[text()=\"OK\"]"}
RESULT: {"using":"xpath","value":"//bdi[text()=\"OK\"]"}
COMMAND: POST /session/e7ea40813c72c691ec6b0d6c49a20f29/elements - {"using":"xpath","value":"//bdi[text()=\"OK\"]"}
RESULT: {"using":"xpath","value":"//bdi[text()=\"OK\"]"}
COMMAND: POST /session/e7ea40813c72c691ec6b0d6c49a20f29/elements - {"using":"xpath","value":"//bdi[text()=\"OK\"]"}
RESULT: {"using":"xpath","value":"//bdi[text()=\"OK\"]"}
COMMAND: POST /session/e7ea40813c72c691ec6b0d6c49a20f29/elements - {"using":"xpath","value":"//bdi[text()=\"OK\"]"}
RESULT: {"using":"xpath","value":"//bdi[text()=\"OK\"]"}
COMMAND: POST /session/e7ea40813c72c691ec6b0d6c49a20f29/elements - {"using":"xpath","value":"//bdi[text()=\"OK\"]"}
RESULT: {"using":"xpath","value":"//bdi[text()=\"OK\"]"}
COMMAND: POST /session/e7ea40813c72c691ec6b0d6c49a20f29/elements - {"using":"xpath","value":"//bdi[text()=\"OK\"]"}
RESULT: {"using":"xpath","value":"//bdi[text()=\"OK\"]"}
COMMAND: POST /session/e7ea40813c72c691ec6b0d6c49a20f29/elements - {"using":"xpath","value":"//bdi[text()=\"OK\"]"}
RESULT: {"using":"xpath","value":"//bdi[text()=\"OK\"]"}
COMMAND: POST /session/e7ea40813c72c691ec6b0d6c49a20f29/elements - {"using":"xpath","value":"//bdi[text()=\"OK\"]"}
RESULT: {"using":"xpath","value":"//bdi[text()=\"OK\"]"}
COMMAND: POST /session/e7ea40813c72c691ec6b0d6c49a20f29/elements - {"using":"xpath","value":"//bdi[text()=\"OK\"]"}
RESULT: {"using":"xpath","value":"//bdi[text()=\"OK\"]"}
COMMAND: POST /session/e7ea40813c72c691ec6b0d6c49a20f29/elements - {"using":"xpath","value":"//bdi[text()=\"OK\"]"}
RESULT: {"using":"xpath","value":"//bdi[text()=\"OK\"]"}
COMMAND: POST /session/e7ea40813c72c691ec6b0d6c49a20f29/elements - {"using":"xpath","value":"//bdi[text()=\"OK\"]"}
RESULT: {"using":"xpath","value":"//bdi[text()=\"OK\"]"}
COMMAND: POST /session/e7ea40813c72c691ec6b0d6c49a20f29/elements - {"using":"xpath","value":"//bdi[text()=\"OK\"]"}
RESULT: {"using":"xpath","value":"//bdi[text()=\"OK\"]"}
COMMAND: POST /session/e7ea40813c72c691ec6b0d6c49a20f29/elements - {"using":"xpath","value":"//bdi[text()=\"OK\"]"}
RESULT: {"using":"xpath","value":"//bdi[text()=\"OK\"]"}
COMMAND: POST /session/e7ea40813c72c691ec6b0d6c49a20f29/elements - {"using":"xpath","value":"//bdi[text()=\"OK\"]"}
RESULT: {"using":"xpath","value":"//bdi[text()=\"OK\"]"}
COMMAND: POST /session/e7ea40813c72c691ec6b0d6c49a20f29/elements - {"using":"xpath","value":"//bdi[text()=\"OK\"]"}
RESULT: {"using":"xpath","value":"//bdi[text()=\"OK\"]"}
COMMAND: POST /session/e7ea40813c72c691ec6b0d6c49a20f29/elements - {"using":"xpath","value":"//bdi[text()=\"OK\"]"}
RESULT: {"using":"xpath","value":"//bdi[text()=\"OK\"]"}
COMMAND: POST /session/e7ea40813c72c691ec6b0d6c49a20f29/elements - {"using":"xpath","value":"//bdi[text()=\"OK\"]"}
RESULT: {"using":"xpath","value":"//bdi[text()=\"OK\"]"}
COMMAND: POST /session/e7ea40813c72c691ec6b0d6c49a20f29/elements - {"using":"xpath","value":"//bdi[text()=\"OK\"]"}
RESULT: {"using":"xpath","value":"//bdi[text()=\"OK\"]"}
COMMAND: POST /session/e7ea40813c72c691ec6b0d6c49a20f29/elements - {"using":"xpath","value":"//bdi[text()=\"OK\"]"}
RESULT: {"using":"xpath","value":"//bdi[text()=\"OK\"]"}
COMMAND: POST /session/e7ea40813c72c691ec6b0d6c49a20f29/elements - {"using":"xpath","value":"//bdi[text()=\"OK\"]"}
RESULT: {"using":"xpath","value":"//bdi[text()=\"OK\"]"}
COMMAND: POST /session/e7ea40813c72c691ec6b0d6c49a20f29/elements - {"using":"xpath","value":"//bdi[text()=\"OK\"]"}
RESULT: {"using":"xpath","value":"//bdi[text()=\"OK\"]"}
COMMAND: POST /session/e7ea40813c72c691ec6b0d6c49a20f29/elements - {"using":"xpath","value":"//bdi[text()=\"OK\"]"}
RESULT: {"using":"xpath","value":"//bdi[text()=\"OK\"]"}
COMMAND: POST /session/e7ea40813c72c691ec6b0d6c49a20f29/elements - {"using":"xpath","value":"//bdi[text()=\"OK\"]"}
RESULT: {"using":"xpath","value":"//bdi[text()=\"OK\"]"}
COMMAND: POST /session/e7ea40813c72c691ec6b0d6c49a20f29/elements - {"using":"xpath","value":"//bdi[text()=\"OK\"]"}
RESULT: {"using":"xpath","value":"//bdi[text()=\"OK\"]"}
COMMAND: POST /session/e7ea40813c72c691ec6b0d6c49a20f29/elements - {"using":"xpath","value":"//bdi[text()=\"OK\"]"}
RESULT: {"using":"xpath","value":"//bdi[text()=\"OK\"]"}
COMMAND: POST /session/e7ea40813c72c691ec6b0d6c49a20f29/elements - {"using":"xpath","value":"//bdi[text()=\"OK\"]"}
RESULT: {"using":"xpath","value":"//bdi[text()=\"OK\"]"}
COMMAND: POST /session/e7ea40813c72c691ec6b0d6c49a20f29/elements - {"using":"xpath","value":"//bdi[text()=\"OK\"]"}
RESULT: {"using":"xpath","value":"//bdi[text()=\"OK\"]"}
COMMAND: POST /session/e7ea40813c72c691ec6b0d6c49a20f29/elements - {"using":"xpath","value":"//bdi[text()=\"OK\"]"}
RESULT: {"using":"xpath","value":"//bdi[text()=\"OK\"]"}
COMMAND: POST /session/e7ea40813c72c691ec6b0d6c49a20f29/elements - {"using":"xpath","value":"//bdi[text()=\"OK\"]"}
RESULT: {"using":"xpath","value":"//bdi[text()=\"OK\"]"}
COMMAND: POST /session/e7ea40813c72c691ec6b0d6c49a20f29/elements - {"using":"xpath","value":"//bdi[text()=\"OK\"]"}
RESULT: {"using":"xpath","value":"//bdi[text()=\"OK\"]"}
COMMAND: POST /session/e7ea40813c72c691ec6b0d6c49a20f29/elements - {"using":"xpath","value":"//bdi[text()=\"OK\"]"}
RESULT: {"using":"xpath","value":"//bdi[text()=\"OK\"]"}
COMMAND: POST /session/e7ea40813c72c691ec6b0d6c49a20f29/elements - {"using":"xpath","value":"//bdi[text()=\"OK\"]"}
RESULT: {"using":"xpath","value":"//bdi[text()=\"OK\"]"}
COMMAND: POST /session/e7ea40813c72c691ec6b0d6c49a20f29/elements - {"using":"xpath","value":"//bdi[text()=\"OK\"]"}
RESULT: {"using":"xpath","value":"//bdi[text()=\"OK\"]"}
COMMAND: POST /session/e7ea40813c72c691ec6b0d6c49a20f29/elements - {"using":"xpath","value":"//bdi[text()=\"OK\"]"}
RESULT: {"using":"xpath","value":"//bdi[text()=\"OK\"]"}
COMMAND: POST /session/e7ea40813c72c691ec6b0d6c49a20f29/elements - {"using":"xpath","value":"//bdi[text()=\"OK\"]"}
RESULT: {"using":"xpath","value":"//bdi[text()=\"OK\"]"}
COMMAND: POST /session/e7ea40813c72c691ec6b0d6c49a20f29/elements - {"using":"xpath","value":"//bdi[text()=\"OK\"]"}
RESULT: {"using":"xpath","value":"//bdi[text()=\"OK\"]"}
COMMAND: POST /session/e7ea40813c72c691ec6b0d6c49a20f29/elements - {"using":"xpath","value":"//bdi[text()=\"OK\"]"}
RESULT: {"using":"xpath","value":"//bdi[text()=\"OK\"]"}
COMMAND: POST /session/e7ea40813c72c691ec6b0d6c49a20f29/elements - {"using":"xpath","value":"//bdi[text()=\"OK\"]"}
RESULT: {"using":"xpath","value":"//bdi[text()=\"OK\"]"}
COMMAND: POST /session/e7ea40813c72c691ec6b0d6c49a20f29/elements - {"using":"xpath","value":"//bdi[text()=\"OK\"]"}
RESULT: {"using":"xpath","value":"//bdi[text()=\"OK\"]"}
COMMAND: POST /session/e7ea40813c72c691ec6b0d6c49a20f29/elements - {"using":"xpath","value":"//bdi[text()=\"OK\"]"}
RESULT: {"using":"xpath","value":"//bdi[text()=\"OK\"]"}
COMMAND: POST /session/e7ea40813c72c691ec6b0d6c49a20f29/elements - {"using":"xpath","value":"//bdi[text()=\"OK\"]"}
RESULT: {"using":"xpath","value":"//bdi[text()=\"OK\"]"}
COMMAND: POST /session/e7ea40813c72c691ec6b0d6c49a20f29/elements - {"using":"xpath","value":"//bdi[text()=\"OK\"]"}
RESULT: {"using":"xpath","value":"//bdi[text()=\"OK\"]"}
COMMAND: POST /session/e7ea40813c72c691ec6b0d6c49a20f29/elements - {"using":"xpath","value":"//bdi[text()=\"OK\"]"}
RESULT: {"using":"xpath","value":"//bdi[text()=\"OK\"]"}
COMMAND: POST /session/e7ea40813c72c691ec6b0d6c49a20f29/elements - {"using":"xpath","value":"//bdi[text()=\"OK\"]"}
RESULT: {"using":"xpath","value":"//bdi[text()=\"OK\"]"}
COMMAND: POST /session/e7ea40813c72c691ec6b0d6c49a20f29/elements - {"using":"xpath","value":"//bdi[text()=\"OK\"]"}
RESULT: {"using":"xpath","value":"//bdi[text()=\"OK\"]"}
COMMAND: POST /session/e7ea40813c72c691ec6b0d6c49a20f29/elements - {"using":"xpath","value":"//bdi[text()=\"OK\"]"}
RESULT: {"using":"xpath","value":"//bdi[text()=\"OK\"]"}
COMMAND: POST /session/e7ea40813c72c691ec6b0d6c49a20f29/elements - {"using":"xpath","value":"//bdi[text()=\"OK\"]"}
RESULT: {"using":"xpath","value":"//bdi[text()=\"OK\"]"}
COMMAND: POST /session/e7ea40813c72c691ec6b0d6c49a20f29/execute/async - {"script":"<script> [1562 bytes]","args":[{"selector":{"id":"application-manageresources-display-component---newResourceUnit--TYPE-arrow"},"wdio_ui5_key":"applicationmanageresources-display-component---newResourceUnit--TYPE-arrow"}]}
RESULT: {"script":"<script> [1562 bytes]","args":[{"selector":{"id":"application-manageresources-display-component---newResourceUnit--TYPE-arrow"},"wdio_ui5_key":"applicationmanageresources-display-component---newResourceUnit--TYPE-arrow"}]}
RESULT: undefined
COMMAND: POST /session/e7ea40813c72c691ec6b0d6c49a20f29/element - {"using":"xpath","value":"//*[@id=\"application-manageresources-display-component---newResourceUnit--TYPE-arrow\"]"}
RESULT: {"using":"xpath","value":"//*[@id=\"application-manageresources-display-component---newResourceUnit--TYPE-arrow\"]"}
COMMAND: POST /session/e7ea40813c72c691ec6b0d6c49a20f29/element/f.EA024E5748EAFE5A0CAA481A9B11DD22.d.74B7B59D0919C0D130A11A8F98F3986A.e.7192/click - {}
RESULT: {}
COMMAND: POST /session/e7ea40813c72c691ec6b0d6c49a20f29/execute/async - {"script":"<script> [1562 bytes]","args":[{"selector":{"controlType":"sap.m.StandardListItem","viewName":"reusables.view.manageresources.NewResourceUnit","viewId":"application-manageresources-display-component---newResourceUnit","properties":{"title":"Material"},"searchOpenDialogs":true,"interaction":{"idSuffix":"titleText"}},"wdio_ui5_key":"reusablesview.manageresources.NewResourceUnitsap.m.StandardListItem{\"title\":\"Material\"}"}]}
COMMAND: GET /session/e7ea40813c72c691ec6b0d6c49a20f29/screenshot - {}
RESULT: {"script":"<script> [1562 bytes]","args":[{"selector":{"controlType":"sap.m.StandardListItem","viewName":"reusables.view.manageresources.NewResourceUnit","viewId":"application-manageresources-display-component---newResourceUnit","properties":{"title":"Material"},"searchOpenDialogs":true,"interaction":{"idSuffix":"titleText"}},"wdio_ui5_key":"reusablesview.manageresources.NewResourceUnitsap.m.StandardListItem{\"title\":\"Material\"}"}]}
RESULT: undefined
COMMAND: POST /session/e7ea40813c72c691ec6b0d6c49a20f29/element - {"using":"xpath","value":"//*[@id=\"__item143\"]"}
RESULT: {}
RESULT: {"using":"xpath","value":"//*[@id=\"__item143\"]"}
COMMAND: POST /session/e7ea40813c72c691ec6b0d6c49a20f29/element/f.EA024E5748EAFE5A0CAA481A9B11DD22.d.74B7B59D0919C0D130A11A8F98F3986A.e.7195/click - {}
RESULT: {}
COMMAND: POST /session/e7ea40813c72c691ec6b0d6c49a20f29/execute/async - {"script":"<script> [1562 bytes]","args":[{"selector":{"id":"application-manageresources-display-component---newResourceUnit--SHORT_TEXT","interaction":{"idSuffix":"inner"}},"wdio_ui5_key":"applicationmanageresources-display-component---newResourceUnit--SHORT_TEXT"}]}
COMMAND: GET /session/e7ea40813c72c691ec6b0d6c49a20f29/screenshot - {}
RESULT: {"script":"<script> [1562 bytes]","args":[{"selector":{"id":"application-manageresources-display-component---newResourceUnit--SHORT_TEXT","interaction":{"idSuffix":"inner"}},"wdio_ui5_key":"applicationmanageresources-display-component---newResourceUnit--SHORT_TEXT"}]}
RESULT: undefined
COMMAND: POST /session/e7ea40813c72c691ec6b0d6c49a20f29/execute/async - {"script":"<script> [776 bytes]","args":[{"enterText":"WebdriverWHM_RU R2Chs3q6","selector":{"id":"application-manageresources-display-component---newResourceUnit--SHORT_TEXT","interaction":{"idSuffix":"inner"}},"clearTextFirst":true,"interactionType":"ENTER_TEXT"}]}
RESULT: {}
RESULT: {"script":"<script> [776 bytes]","args":[{"enterText":"WebdriverWHM_RU R2Chs3q6","selector":{"id":"application-manageresources-display-component---newResourceUnit--SHORT_TEXT","interaction":{"idSuffix":"inner"}},"clearTextFirst":true,"interactionType":"ENTER_TEXT"}]}
COMMAND: POST /session/e7ea40813c72c691ec6b0d6c49a20f29/execute/async - {"script":"<script> [1562 bytes]","args":[{"selector":{"id":"application-manageresources-display-component---newResourceUnit--BASE_UNIT_OF_MEASURE-arrow"},"wdio_ui5_key":"applicationmanageresources-display-component---newResourceUnit--BASE_UNIT_OF_MEASURE-arrow"}]}
RESULT: {"script":"<script> [1562 bytes]","args":[{"selector":{"id":"application-manageresources-display-component---newResourceUnit--BASE_UNIT_OF_MEASURE-arrow"},"wdio_ui5_key":"applicationmanageresources-display-component---newResourceUnit--BASE_UNIT_OF_MEASURE-arrow"}]}
RESULT: undefined
COMMAND: POST /session/e7ea40813c72c691ec6b0d6c49a20f29/element - {"using":"xpath","value":"//*[@id=\"application-manageresources-display-component---newResourceUnit--BASE_UNIT_OF_MEASURE-arrow\"]"}
RESULT: {"using":"xpath","value":"//*[@id=\"application-manageresources-display-component---newResourceUnit--BASE_UNIT_OF_MEASURE-arrow\"]"}
COMMAND: POST /session/e7ea40813c72c691ec6b0d6c49a20f29/element/f.EA024E5748EAFE5A0CAA481A9B11DD22.d.74B7B59D0919C0D130A11A8F98F3986A.e.7253/click - {}
RESULT: {}
COMMAND: POST /session/e7ea40813c72c691ec6b0d6c49a20f29/execute/async - {"script":"<script> [1562 bytes]","args":[{"selector":{"controlType":"sap.m.StandardListItem","viewName":"reusables.view.manageresources.NewResourceUnit","viewId":"application-manageresources-display-component---newResourceUnit","properties":{"title":"Piece"},"searchOpenDialogs":true,"interaction":{"idSuffix":"content"}},"wdio_ui5_key":"reusablesview.manageresources.NewResourceUnitsap.m.StandardListItem{\"title\":\"Piece\"}"}]}
COMMAND: GET /session/e7ea40813c72c691ec6b0d6c49a20f29/screenshot - {}
RESULT: {"script":"<script> [1562 bytes]","args":[{"selector":{"controlType":"sap.m.StandardListItem","viewName":"reusables.view.manageresources.NewResourceUnit","viewId":"application-manageresources-display-component---newResourceUnit","properties":{"title":"Piece"},"searchOpenDialogs":true,"interaction":{"idSuffix":"content"}},"wdio_ui5_key":"reusablesview.manageresources.NewResourceUnitsap.m.StandardListItem{\"title\":\"Piece\"}"}]}
RESULT: undefined
COMMAND: POST /session/e7ea40813c72c691ec6b0d6c49a20f29/element - {"using":"xpath","value":"//*[@id=\"__item187\"]"}
RESULT: {}
RESULT: {"using":"xpath","value":"//*[@id=\"__item187\"]"}
COMMAND: POST /session/e7ea40813c72c691ec6b0d6c49a20f29/element/f.EA024E5748EAFE5A0CAA481A9B11DD22.d.74B7B59D0919C0D130A11A8F98F3986A.e.7255/click - {}
RESULT: {}
COMMAND: POST /session/e7ea40813c72c691ec6b0d6c49a20f29/execute/async - {"script":"<script> [1562 bytes]","args":[{"selector":{"id":"application-manageresources-display-component---newResourceUnit--WEIGHT_UNIT-arrow"},"wdio_ui5_key":"applicationmanageresources-display-component---newResourceUnit--WEIGHT_UNIT-arrow"}]}
COMMAND: GET /session/e7ea40813c72c691ec6b0d6c49a20f29/screenshot - {}
RESULT: {"script":"<script> [1562 bytes]","args":[{"selector":{"id":"application-manageresources-display-component---newResourceUnit--WEIGHT_UNIT-arrow"},"wdio_ui5_key":"applicationmanageresources-display-component---newResourceUnit--WEIGHT_UNIT-arrow"}]}
RESULT: undefined
COMMAND: POST /session/e7ea40813c72c691ec6b0d6c49a20f29/element - {"using":"xpath","value":"//*[@id=\"application-manageresources-display-component---newResourceUnit--WEIGHT_UNIT-arrow\"]"}
RESULT: {}
RESULT: {"using":"xpath","value":"//*[@id=\"application-manageresources-display-component---newResourceUnit--WEIGHT_UNIT-arrow\"]"}
COMMAND: POST /session/e7ea40813c72c691ec6b0d6c49a20f29/element/f.EA024E5748EAFE5A0CAA481A9B11DD22.d.74B7B59D0919C0D130A11A8F98F3986A.e.7256/click - {}
RESULT: {}
COMMAND: POST /session/e7ea40813c72c691ec6b0d6c49a20f29/execute/async - {"script":"<script> [1562 bytes]","args":[{"selector":{"controlType":"sap.m.StandardListItem","viewName":"reusables.view.manageresources.NewResourceUnit","viewId":"application-manageresources-display-component---newResourceUnit","properties":{"title":"Gram"},"searchOpenDialogs":true,"interaction":{"idSuffix":"content"}},"wdio_ui5_key":"reusablesview.manageresources.NewResourceUnitsap.m.StandardListItem{\"title\":\"Gram\"}"}]}
COMMAND: GET /session/e7ea40813c72c691ec6b0d6c49a20f29/screenshot - {}
RESULT: {"script":"<script> [1562 bytes]","args":[{"selector":{"controlType":"sap.m.StandardListItem","viewName":"reusables.view.manageresources.NewResourceUnit","viewId":"application-manageresources-display-component---newResourceUnit","properties":{"title":"Gram"},"searchOpenDialogs":true,"interaction":{"idSuffix":"content"}},"wdio_ui5_key":"reusablesview.manageresources.NewResourceUnitsap.m.StandardListItem{\"title\":\"Gram\"}"}]}
RESULT: undefined
COMMAND: POST /session/e7ea40813c72c691ec6b0d6c49a20f29/element - {"using":"xpath","value":"//*[@id=\"__item252\"]"}
RESULT: {}
RESULT: {"using":"xpath","value":"//*[@id=\"__item252\"]"}
COMMAND: POST /session/e7ea40813c72c691ec6b0d6c49a20f29/element/f.EA024E5748EAFE5A0CAA481A9B11DD22.d.74B7B59D0919C0D130A11A8F98F3986A.e.7258/click - {}
RESULT: {}
COMMAND: GET /session/e7ea40813c72c691ec6b0d6c49a20f29/screenshot - {}
RESULT: {}
COMMAND: POST /session/e7ea40813c72c691ec6b0d6c49a20f29/execute/async - {"script":"<script> [1562 bytes]","args":[{"selector":{"id":"application-manageresources-display-component---newResourceUnit--newRRUPage-OPHeaderContent-collapseBtn-img"},"wdio_ui5_key":"applicationmanageresources-display-component---newResourceUnit--newRRUPage-OPHeaderContent-collapseBtn-img"}]}
RESULT: {"script":"<script> [1562 bytes]","args":[{"selector":{"id":"application-manageresources-display-component---newResourceUnit--newRRUPage-OPHeaderContent-collapseBtn-img"},"wdio_ui5_key":"applicationmanageresources-display-component---newResourceUnit--newRRUPage-OPHeaderContent-collapseBtn-img"}]}
RESULT: undefined
COMMAND: POST /session/e7ea40813c72c691ec6b0d6c49a20f29/element - {"using":"xpath","value":"//*[@id=\"application-manageresources-display-component---newResourceUnit--newRRUPage-OPHeaderContent-collapseBtn-img\"]"}
RESULT: {"using":"xpath","value":"//*[@id=\"application-manageresources-display-component---newResourceUnit--newRRUPage-OPHeaderContent-collapseBtn-img\"]"}
COMMAND: POST /session/e7ea40813c72c691ec6b0d6c49a20f29/element/f.EA024E5748EAFE5A0CAA481A9B11DD22.d.74B7B59D0919C0D130A11A8F98F3986A.e.7203/click - {}
RESULT: {}
COMMAND: GET /session/e7ea40813c72c691ec6b0d6c49a20f29/screenshot - {}
RESULT: {}
COMMAND: POST /session/e7ea40813c72c691ec6b0d6c49a20f29/element - {"using":"xpath","value":"(//span[contains(@id ,\"application-manageresources-display-component---newResourceUnit--DIMENSION_UNIT-arrow\")])[1]"}
RESULT: {"using":"xpath","value":"(//span[contains(@id ,\"application-manageresources-display-component---newResourceUnit--DIMENSION_UNIT-arrow\")])[1]"}
COMMAND: POST /session/e7ea40813c72c691ec6b0d6c49a20f29/element/f.EA024E5748EAFE5A0CAA481A9B11DD22.d.74B7B59D0919C0D130A11A8F98F3986A.e.7264/click - {}
RESULT: {}
COMMAND: GET /session/e7ea40813c72c691ec6b0d6c49a20f29/screenshot - {}
RESULT: {}
COMMAND: POST /session/e7ea40813c72c691ec6b0d6c49a20f29/execute/async - {"script":"<script> [1562 bytes]","args":[{"selector":{"controlType":"sap.m.StandardListItem","viewName":"reusables.view.manageresources.NewResourceUnit","viewId":"application-manageresources-display-component---newResourceUnit","properties":{"title":"Centimeter"},"searchOpenDialogs":true,"interaction":{"idSuffix":"titleText"}},"wdio_ui5_key":"reusablesview.manageresources.NewResourceUnitsap.m.StandardListItem{\"title\":\"Centimeter\"}"}]}
RESULT: {"script":"<script> [1562 bytes]","args":[{"selector":{"controlType":"sap.m.StandardListItem","viewName":"reusables.view.manageresources.NewResourceUnit","viewId":"application-manageresources-display-component---newResourceUnit","properties":{"title":"Centimeter"},"searchOpenDialogs":true,"interaction":{"idSuffix":"titleText"}},"wdio_ui5_key":"reusablesview.manageresources.NewResourceUnitsap.m.StandardListItem{\"title\":\"Centimeter\"}"}]}
RESULT: undefined
COMMAND: POST /session/e7ea40813c72c691ec6b0d6c49a20f29/element - {"using":"xpath","value":"//*[@id=\"__item255\"]"}
RESULT: {"using":"xpath","value":"//*[@id=\"__item255\"]"}
COMMAND: POST /session/e7ea40813c72c691ec6b0d6c49a20f29/element/f.EA024E5748EAFE5A0CAA481A9B11DD22.d.74B7B59D0919C0D130A11A8F98F3986A.e.7266/click - {}
RESULT: {}
COMMAND: GET /session/e7ea40813c72c691ec6b0d6c49a20f29/screenshot - {}
RESULT: {}
COMMAND: POST /session/e7ea40813c72c691ec6b0d6c49a20f29/execute/async - {"script":"<script> [1562 bytes]","args":[{"selector":{"id":"application-manageresources-display-component---newResourceUnit--newRRUPage-anchBar-application-manageresources-display-component---newResourceUnit--reference-anchor","interaction":{"idSuffix":"BDI-content"}},"wdio_ui5_key":"applicationmanageresources-display-component---newResourceUnit--newRRUPage-anchBar-application-manageresources-display-component---newResourceUnit--reference-anchor"}]}
RESULT: {"script":"<script> [1562 bytes]","args":[{"selector":{"id":"application-manageresources-display-component---newResourceUnit--newRRUPage-anchBar-application-manageresources-display-component---newResourceUnit--reference-anchor","interaction":{"idSuffix":"BDI-content"}},"wdio_ui5_key":"applicationmanageresources-display-component---newResourceUnit--newRRUPage-anchBar-application-manageresources-display-component---newResourceUnit--reference-anchor"}]}
RESULT: undefined
COMMAND: POST /session/e7ea40813c72c691ec6b0d6c49a20f29/element - {"using":"xpath","value":"//*[@id=\"application-manageresources-display-component---newResourceUnit--newRRUPage-anchBar-application-manageresources-display-component---newResourceUnit--reference-anchor\"]"}
RESULT: {"using":"xpath","value":"//*[@id=\"application-manageresources-display-component---newResourceUnit--newRRUPage-anchBar-application-manageresources-display-component---newResourceUnit--reference-anchor\"]"}
COMMAND: POST /session/e7ea40813c72c691ec6b0d6c49a20f29/element/f.EA024E5748EAFE5A0CAA481A9B11DD22.d.74B7B59D0919C0D130A11A8F98F3986A.e.7268/click - {}
RESULT: {}
COMMAND: POST /session/e7ea40813c72c691ec6b0d6c49a20f29/execute/async - {"script":"<script> [1562 bytes]","args":[{"selector":{"id":"application-manageresources-display-component---newResourceUnit--PLANNING_GROUP-arrow"},"wdio_ui5_key":"applicationmanageresources-display-component---newResourceUnit--PLANNING_GROUP-arrow"}]}
COMMAND: GET /session/e7ea40813c72c691ec6b0d6c49a20f29/screenshot - {}
RESULT: {"script":"<script> [1562 bytes]","args":[{"selector":{"id":"application-manageresources-display-component---newResourceUnit--PLANNING_GROUP-arrow"},"wdio_ui5_key":"applicationmanageresources-display-component---newResourceUnit--PLANNING_GROUP-arrow"}]}
RESULT: undefined
COMMAND: POST /session/e7ea40813c72c691ec6b0d6c49a20f29/element - {"using":"xpath","value":"//*[@id=\"application-manageresources-display-component---newResourceUnit--PLANNING_GROUP-arrow\"]"}
RESULT: {}
RESULT: {"using":"xpath","value":"//*[@id=\"application-manageresources-display-component---newResourceUnit--PLANNING_GROUP-arrow\"]"}
COMMAND: POST /session/e7ea40813c72c691ec6b0d6c49a20f29/element/f.EA024E5748EAFE5A0CAA481A9B11DD22.d.74B7B59D0919C0D130A11A8F98F3986A.e.7272/click - {}
RESULT: {}
COMMAND: POST /session/e7ea40813c72c691ec6b0d6c49a20f29/execute/async - {"script":"<script> [1562 bytes]","args":[{"selector":{"controlType":"sap.m.StandardListItem","viewName":"reusables.view.manageresources.NewResourceUnit","viewId":"application-manageresources-display-component---newResourceUnit","properties":{"title":"Heavy Equi"},"searchOpenDialogs":true,"interaction":{"idSuffix":"content"}},"wdio_ui5_key":"reusablesview.manageresources.NewResourceUnitsap.m.StandardListItem{\"title\":\"Heavy Equi\"}"}]}
COMMAND: GET /session/e7ea40813c72c691ec6b0d6c49a20f29/screenshot - {}
RESULT: {"script":"<script> [1562 bytes]","args":[{"selector":{"controlType":"sap.m.StandardListItem","viewName":"reusables.view.manageresources.NewResourceUnit","viewId":"application-manageresources-display-component---newResourceUnit","properties":{"title":"Heavy Equi"},"searchOpenDialogs":true,"interaction":{"idSuffix":"content"}},"wdio_ui5_key":"reusablesview.manageresources.NewResourceUnitsap.m.StandardListItem{\"title\":\"Heavy Equi\"}"}]}
RESULT: undefined
COMMAND: POST /session/e7ea40813c72c691ec6b0d6c49a20f29/element - {"using":"xpath","value":"//*[@id=\"__item263\"]"}
RESULT: {}
RESULT: {"using":"xpath","value":"//*[@id=\"__item263\"]"}
COMMAND: POST /session/e7ea40813c72c691ec6b0d6c49a20f29/element/f.EA024E5748EAFE5A0CAA481A9B11DD22.d.74B7B59D0919C0D130A11A8F98F3986A.e.7274/click - {}
RESULT: {}
COMMAND: GET /session/e7ea40813c72c691ec6b0d6c49a20f29/screenshot - {}
RESULT: {}
COMMAND: POST /session/e7ea40813c72c691ec6b0d6c49a20f29/execute/async - {"script":"<script> [1562 bytes]","args":[{"selector":{"id":"application-manageresources-display-component---newResourceUnit--PLANNING_INDICATOR-arrow"},"wdio_ui5_key":"applicationmanageresources-display-component---newResourceUnit--PLANNING_INDICATOR-arrow"}]}
RESULT: {"script":"<script> [1562 bytes]","args":[{"selector":{"id":"application-manageresources-display-component---newResourceUnit--PLANNING_INDICATOR-arrow"},"wdio_ui5_key":"applicationmanageresources-display-component---newResourceUnit--PLANNING_INDICATOR-arrow"}]}
RESULT: undefined
COMMAND: POST /session/e7ea40813c72c691ec6b0d6c49a20f29/element - {"using":"xpath","value":"//*[@id=\"application-manageresources-display-component---newResourceUnit--PLANNING_INDICATOR-arrow\"]"}
RESULT: {"using":"xpath","value":"//*[@id=\"application-manageresources-display-component---newResourceUnit--PLANNING_INDICATOR-arrow\"]"}
COMMAND: POST /session/e7ea40813c72c691ec6b0d6c49a20f29/element/f.EA024E5748EAFE5A0CAA481A9B11DD22.d.74B7B59D0919C0D130A11A8F98F3986A.e.7275/click - {}
RESULT: {}
COMMAND: POST /session/e7ea40813c72c691ec6b0d6c49a20f29/execute/async - {"script":"<script> [1562 bytes]","args":[{"selector":{"controlType":"sap.m.StandardListItem","viewName":"reusables.view.manageresources.NewResourceUnit","viewId":"application-manageresources-display-component---newResourceUnit","properties":{"title":"10 - infinite"},"searchOpenDialogs":true,"interaction":{"idSuffix":"content"}},"wdio_ui5_key":"reusablesview.manageresources.NewResourceUnitsap.m.StandardListItem{\"title\":\"10 - infinite\"}"}]}
COMMAND: GET /session/e7ea40813c72c691ec6b0d6c49a20f29/screenshot - {}
RESULT: {"script":"<script> [1562 bytes]","args":[{"selector":{"controlType":"sap.m.StandardListItem","viewName":"reusables.view.manageresources.NewResourceUnit","viewId":"application-manageresources-display-component---newResourceUnit","properties":{"title":"10 - infinite"},"searchOpenDialogs":true,"interaction":{"idSuffix":"content"}},"wdio_ui5_key":"reusablesview.manageresources.NewResourceUnitsap.m.StandardListItem{\"title\":\"10 - infinite\"}"}]}
RESULT: undefined
COMMAND: POST /session/e7ea40813c72c691ec6b0d6c49a20f29/element - {"using":"xpath","value":"//*[@id=\"__item273\"]"}
RESULT: {}
RESULT: {"using":"xpath","value":"//*[@id=\"__item273\"]"}
COMMAND: POST /session/e7ea40813c72c691ec6b0d6c49a20f29/element/f.EA024E5748EAFE5A0CAA481A9B11DD22.d.74B7B59D0919C0D130A11A8F98F3986A.e.7277/click - {}
RESULT: {}
COMMAND: GET /session/e7ea40813c72c691ec6b0d6c49a20f29/screenshot - {}
RESULT: {}
COMMAND: POST /session/e7ea40813c72c691ec6b0d6c49a20f29/element - {"using":"xpath","value":"//bdi[contains(text(), \"Time Segment\")]"}
RESULT: {"using":"xpath","value":"//bdi[contains(text(), \"Time Segment\")]"}
COMMAND: GET /session/e7ea40813c72c691ec6b0d6c49a20f29/element/f.EA024E5748EAFE5A0CAA481A9B11DD22.d.74B7B59D0919C0D130A11A8F98F3986A.e.7278/rect - {}
RESULT: {}
COMMAND: GET /session/e7ea40813c72c691ec6b0d6c49a20f29/window/rect - {}
RESULT: {}
COMMAND: POST /session/e7ea40813c72c691ec6b0d6c49a20f29/execute/sync - {"script":"<script> [92 bytes]","args":[]}
RESULT: {"script":"<script> [92 bytes]","args":[]}
COMMAND: POST /session/e7ea40813c72c691ec6b0d6c49a20f29/actions - {"actions":[{"id":"action19","type":"wheel","parameters":{},"actions":[{"type":"scroll","x":-1804,"y":-21,"deltaX":0,"deltaY":0,"duration":0,"origin":{"element-6066-11e4-a52e-4f735466cecf":"f.EA024E5748EAFE5A0CAA481A9B11DD22.d.74B7B59D0919C0D130A11A8F98F3986A.e.7278"}}]}]}
COMMAND: GET /session/e7ea40813c72c691ec6b0d6c49a20f29/screenshot - {}
RESULT: {}
COMMAND: POST /session/e7ea40813c72c691ec6b0d6c49a20f29/execute/sync - {"script":"<script> [79 bytes]","args":[{"element-6066-11e4-a52e-4f735466cecf":"f.EA024E5748EAFE5A0CAA481A9B11DD22.d.74B7B59D0919C0D130A11A8F98F3986A.e.7278","ELEMENT":"f.EA024E5748EAFE5A0CAA481A9B11DD22.d.74B7B59D0919C0D130A11A8F98F3986A.e.7278"},{"block":"start","inline":"nearest"}]}
RESULT: {"script":"<script> [79 bytes]","args":[{"element-6066-11e4-a52e-4f735466cecf":"f.EA024E5748EAFE5A0CAA481A9B11DD22.d.74B7B59D0919C0D130A11A8F98F3986A.e.7278","ELEMENT":"f.EA024E5748EAFE5A0CAA481A9B11DD22.d.74B7B59D0919C0D130A11A8F98F3986A.e.7278"},{"block":"start","inline":"nearest"}]}
COMMAND: GET /session/e7ea40813c72c691ec6b0d6c49a20f29/screenshot - {}
RESULT: {}
COMMAND: POST /session/e7ea40813c72c691ec6b0d6c49a20f29/element - {"using":"xpath","value":"//span[@id=\"application-manageresources-display-component---newResourceUnit--btnAddTimeSegment-img\"]"}
RESULT: {"using":"xpath","value":"//span[@id=\"application-manageresources-display-component---newResourceUnit--btnAddTimeSegment-img\"]"}
COMMAND: POST /session/e7ea40813c72c691ec6b0d6c49a20f29/execute/sync - {"script":"<script> [8489 bytes]","args":[{"element-6066-11e4-a52e-4f735466cecf":"f.EA024E5748EAFE5A0CAA481A9B11DD22.d.74B7B59D0919C0D130A11A8F98F3986A.e.7281","ELEMENT":"f.EA024E5748EAFE5A0CAA481A9B11DD22.d.74B7B59D0919C0D130A11A8F98F3986A.e.7281"}]}
RESULT: {"script":"<script> [8489 bytes]","args":[{"element-6066-11e4-a52e-4f735466cecf":"f.EA024E5748EAFE5A0CAA481A9B11DD22.d.74B7B59D0919C0D130A11A8F98F3986A.e.7281","ELEMENT":"f.EA024E5748EAFE5A0CAA481A9B11DD22.d.74B7B59D0919C0D130A11A8F98F3986A.e.7281"}]}
COMMAND: POST /session/e7ea40813c72c691ec6b0d6c49a20f29/element/f.EA024E5748EAFE5A0CAA481A9B11DD22.d.74B7B59D0919C0D130A11A8F98F3986A.e.7281/click - {}
COMMAND: GET /session/e7ea40813c72c691ec6b0d6c49a20f29/screenshot - {}
RESULT: {}
COMMAND: GET /session/e7ea40813c72c691ec6b0d6c49a20f29/screenshot - {}
RESULT: {}
RESULT: {}
COMMAND: POST /session/e7ea40813c72c691ec6b0d6c49a20f29/element - {"using":"xpath","value":"//input[@id=\"application-manageresources-display-component---newResourceUnit--idRuTSAdmin-application-manageresources-display-component---newResourceUnit--RUTimeSegment-0-inner\"]"}
RESULT: {"using":"xpath","value":"//input[@id=\"application-manageresources-display-component---newResourceUnit--idRuTSAdmin-application-manageresources-display-component---newResourceUnit--RUTimeSegment-0-inner\"]"}
COMMAND: POST /session/e7ea40813c72c691ec6b0d6c49a20f29/element/f.EA024E5748EAFE5A0CAA481A9B11DD22.d.74B7B59D0919C0D130A11A8F98F3986A.e.7284/clear - {}
RESULT: {}
COMMAND: POST /session/e7ea40813c72c691ec6b0d6c49a20f29/element/f.EA024E5748EAFE5A0CAA481A9B11DD22.d.74B7B59D0919C0D130A11A8F98F3986A.e.7284/value - {"text":"255"}
COMMAND: GET /session/e7ea40813c72c691ec6b0d6c49a20f29/screenshot - {}
RESULT: {"text":"255"}
COMMAND: GET /session/e7ea40813c72c691ec6b0d6c49a20f29/screenshot - {}
RESULT: {}
RESULT: {}
COMMAND: POST /session/e7ea40813c72c691ec6b0d6c49a20f29/actions - {"actions":[{"id":"action20","type":"key","parameters":{},"actions":[{"type":"keyDown","value":"î€‡"},{"type":"pause","duration":10},{"type":"keyUp","value":"î€‡"}]}]}
RESULT: {"actions":[{"id":"action20","type":"key","parameters":{},"actions":[{"type":"keyDown","value":"î€‡"},{"type":"pause","duration":10},{"type":"keyUp","value":"î€‡"}]}]}
COMMAND: POST /session/e7ea40813c72c691ec6b0d6c49a20f29/execute/async - {"script":"<script> [1562 bytes]","args":[{"selector":{"controlType":"sap.m.Button","viewName":"reusables.view.manageresources.NewResourceUnit","viewId":"application-manageresources-display-component---newResourceUnit","i18NText":{"propertyName":"tooltip","key":"save"},"interaction":{"idSuffix":"BDI-content"}},"wdio_ui5_key":"reusablesview.manageresources.NewResourceUnitsap.m.Button{\"propertyName\":\"tooltip\",\"key\":\"save\"}"}]}
COMMAND: GET /session/e7ea40813c72c691ec6b0d6c49a20f29/screenshot - {}
RESULT: {"script":"<script> [1562 bytes]","args":[{"selector":{"controlType":"sap.m.Button","viewName":"reusables.view.manageresources.NewResourceUnit","viewId":"application-manageresources-display-component---newResourceUnit","i18NText":{"propertyName":"tooltip","key":"save"},"interaction":{"idSuffix":"BDI-content"}},"wdio_ui5_key":"reusablesview.manageresources.NewResourceUnitsap.m.Button{\"propertyName\":\"tooltip\",\"key\":\"save\"}"}]}
RESULT: undefined
COMMAND: POST /session/e7ea40813c72c691ec6b0d6c49a20f29/element - {"using":"xpath","value":"//*[@id=\"application-manageresources-display-component---newResourceUnit--createRuButton\"]"}
RESULT: {}
RESULT: {"using":"xpath","value":"//*[@id=\"application-manageresources-display-component---newResourceUnit--createRuButton\"]"}
COMMAND: POST /session/e7ea40813c72c691ec6b0d6c49a20f29/element/f.EA024E5748EAFE5A0CAA481A9B11DD22.d.74B7B59D0919C0D130A11A8F98F3986A.e.7209/click - {}
RESULT: {}
COMMAND: GET /session/e7ea40813c72c691ec6b0d6c49a20f29/screenshot - {}
RESULT: {}
COMMAND: POST /session/e7ea40813c72c691ec6b0d6c49a20f29/execute/async - {"script":"<script> [1562 bytes]","args":[{"selector":{"controlType":"sap.m.Title","properties":{"text":"Success"},"searchOpenDialogs":true},"wdio_ui5_key":"sapm.Title{\"text\":\"Success\"}"}]}
RESULT: {"script":"<script> [1562 bytes]","args":[{"selector":{"controlType":"sap.m.Title","properties":{"text":"Success"},"searchOpenDialogs":true},"wdio_ui5_key":"sapm.Title{\"text\":\"Success\"}"}]}
RESULT: undefined
COMMAND: POST /session/e7ea40813c72c691ec6b0d6c49a20f29/execute/async - {"script":"<script> [6424 bytes]","args":[{"element-6066-11e4-a52e-4f735466cecf":"f.EA024E5748EAFE5A0CAA481A9B11DD22.d.74B7B59D0919C0D130A11A8F98F3986A.e.7299"},"getText",[]]}
RESULT: {"script":"<script> [6424 bytes]","args":[{"element-6066-11e4-a52e-4f735466cecf":"f.EA024E5748EAFE5A0CAA481A9B11DD22.d.74B7B59D0919C0D130A11A8F98F3986A.e.7299"},"getText",[]]}
COMMAND: POST /session/e7ea40813c72c691ec6b0d6c49a20f29/element - {"using":"xpath","value":"//*[contains(@id, '__text') and (contains(text(), 'successfully created') or contains(., 'successfully created'))]"}
RESULT: {"using":"xpath","value":"//*[contains(@id, '__text') and (contains(text(), 'successfully created') or contains(., 'successfully created'))]"}
COMMAND: GET /session/e7ea40813c72c691ec6b0d6c49a20f29/element/f.EA024E5748EAFE5A0CAA481A9B11DD22.d.74B7B59D0919C0D130A11A8F98F3986A.e.7298/text - {}
RESULT: {}
COMMAND: POST /session/e7ea40813c72c691ec6b0d6c49a20f29/execute/async - {"script":"<script> [1562 bytes]","args":[{"selector":{"controlType":"sap.m.Button","properties":{"text":"Close"},"searchOpenDialogs":true,"interaction":{"idSuffix":"BDI-content"}},"wdio_ui5_key":"sapm.Button{\"text\":\"Close\"}"}]}
RESULT: {"script":"<script> [1562 bytes]","args":[{"selector":{"controlType":"sap.m.Button","properties":{"text":"Close"},"searchOpenDialogs":true,"interaction":{"idSuffix":"BDI-content"}},"wdio_ui5_key":"sapm.Button{\"text\":\"Close\"}"}]}
RESULT: undefined
COMMAND: POST /session/e7ea40813c72c691ec6b0d6c49a20f29/element - {"using":"xpath","value":"//*[@id=\"__mbox-btn-0\"]"}
RESULT: {"using":"xpath","value":"//*[@id=\"__mbox-btn-0\"]"}
COMMAND: POST /session/e7ea40813c72c691ec6b0d6c49a20f29/element/f.EA024E5748EAFE5A0CAA481A9B11DD22.d.74B7B59D0919C0D130A11A8F98F3986A.e.7295/click - {}
RESULT: {}
COMMAND: GET /session/e7ea40813c72c691ec6b0d6c49a20f29/screenshot - {}
RESULT: {}
COMMAND: POST /session/e7ea40813c72c691ec6b0d6c49a20f29/execute/async - {"script":"<script> [1562 bytes]","args":[{"selector":{"controlType":"sap.ui.core.Icon","viewName":"etm.portal.ui.manageresources.view.Detail","viewId":"application-manageresources-display-component---detailRU","properties":{"src":{"regex":{"source":"overflow"}}}},"wdio_ui5_key":"etmportal.ui.manageresources.view.Detailsap.ui.core.Icon{\"src\":{\"regex\":{\"source\":\"overflow\"}}}"}]}
RESULT: {"script":"<script> [1562 bytes]","args":[{"selector":{"controlType":"sap.ui.core.Icon","viewName":"etm.portal.ui.manageresources.view.Detail","viewId":"application-manageresources-display-component---detailRU","properties":{"src":{"regex":{"source":"overflow"}}}},"wdio_ui5_key":"etmportal.ui.manageresources.view.Detailsap.ui.core.Icon{\"src\":{\"regex\":{\"source\":\"overflow\"}}}"}]}
RESULT: undefined
COMMAND: POST /session/e7ea40813c72c691ec6b0d6c49a20f29/element - {"using":"xpath","value":"//*[@id=\"__title15-_actionsToolbar-overflowButton-img\"]"}
RESULT: {"using":"xpath","value":"//*[@id=\"__title15-_actionsToolbar-overflowButton-img\"]"}
COMMAND: POST /session/e7ea40813c72c691ec6b0d6c49a20f29/element/f.EA024E5748EAFE5A0CAA481A9B11DD22.d.74B7B59D0919C0D130A11A8F98F3986A.e.7327/click - {}
RESULT: {}
COMMAND: POST /session/e7ea40813c72c691ec6b0d6c49a20f29/execute/async - {"script":"<script> [1562 bytes]","args":[{"selector":{"controlType":"sap.m.Button","viewName":"etm.portal.ui.manageresources.view.Detail","viewId":"application-manageresources-display-component---detailRU","i18NText":{"propertyName":"tooltip","key":"closeColumn"},"searchOpenDialogs":true,"interaction":{"idSuffix":"inner"}},"wdio_ui5_key":"etmportal.ui.manageresources.view.Detailsap.m.Button{\"propertyName\":\"tooltip\",\"key\":\"closeColumn\"}"}]}
COMMAND: GET /session/e7ea40813c72c691ec6b0d6c49a20f29/screenshot - {}
RESULT: {"script":"<script> [1562 bytes]","args":[{"selector":{"controlType":"sap.m.Button","viewName":"etm.portal.ui.manageresources.view.Detail","viewId":"application-manageresources-display-component---detailRU","i18NText":{"propertyName":"tooltip","key":"closeColumn"},"searchOpenDialogs":true,"interaction":{"idSuffix":"inner"}},"wdio_ui5_key":"etmportal.ui.manageresources.view.Detailsap.m.Button{\"propertyName\":\"tooltip\",\"key\":\"closeColumn\"}"}]}
RESULT: undefined
COMMAND: POST /session/e7ea40813c72c691ec6b0d6c49a20f29/element - {"using":"xpath","value":"//*[@id=\"__button41\"]"}
RESULT: {}
RESULT: {"using":"xpath","value":"//*[@id=\"__button41\"]"}
COMMAND: POST /session/e7ea40813c72c691ec6b0d6c49a20f29/element/f.EA024E5748EAFE5A0CAA481A9B11DD22.d.74B7B59D0919C0D130A11A8F98F3986A.e.7329/click - {}
RESULT: {}
COMMAND: POST /session/e7ea40813c72c691ec6b0d6c49a20f29/element - {"using":"css selector","value":"#j_username"}
COMMAND: POST /session/e7ea40813c72c691ec6b0d6c49a20f29/url - {"url":"https://qa-testing-00-live-etm-ui.cfapps.eu10-004.hana.ondemand.com/"}
COMMAND: GET /session/e7ea40813c72c691ec6b0d6c49a20f29/screenshot - {}
RESULT: {"using":"css selector","value":"#j_username"}
COMMAND: POST /session/e7ea40813c72c691ec6b0d6c49a20f29/element - {"using":"css selector","value":"#j_username"}
RESULT: {"url":"https://qa-testing-00-live-etm-ui.cfapps.eu10-004.hana.ondemand.com/"}
RESULT: undefined
COMMAND: GET /session/e7ea40813c72c691ec6b0d6c49a20f29/screenshot - {}
RESULT: {}
RESULT: {"using":"css selector","value":"#j_username"}
COMMAND: POST /session/e7ea40813c72c691ec6b0d6c49a20f29/element - {"using":"css selector","value":"#shell-header-logo"}
RESULT: {}
RESULT: {"using":"css selector","value":"#shell-header-logo"}
COMMAND: POST /session/e7ea40813c72c691ec6b0d6c49a20f29/execute/sync - {"script":"<script> [8489 bytes]","args":[{"element-6066-11e4-a52e-4f735466cecf":"f.EA024E5748EAFE5A0CAA481A9B11DD22.d.E5356F41DCF328C1A997C8D7016F0B15.e.7426","ELEMENT":"f.EA024E5748EAFE5A0CAA481A9B11DD22.d.E5356F41DCF328C1A997C8D7016F0B15.e.7426"}]}
RESULT: {"script":"<script> [8489 bytes]","args":[{"element-6066-11e4-a52e-4f735466cecf":"f.EA024E5748EAFE5A0CAA481A9B11DD22.d.E5356F41DCF328C1A997C8D7016F0B15.e.7426","ELEMENT":"f.EA024E5748EAFE5A0CAA481A9B11DD22.d.E5356F41DCF328C1A997C8D7016F0B15.e.7426"}]}
COMMAND: POST /session/e7ea40813c72c691ec6b0d6c49a20f29/element - {"using":"css selector","value":"#shell-header-logo"}
COMMAND: GET /session/e7ea40813c72c691ec6b0d6c49a20f29/screenshot - {}
RESULT: {"using":"css selector","value":"#shell-header-logo"}
COMMAND: POST /session/e7ea40813c72c691ec6b0d6c49a20f29/execute/sync - {"script":"<script> [8489 bytes]","args":[{"element-6066-11e4-a52e-4f735466cecf":"f.EA024E5748EAFE5A0CAA481A9B11DD22.d.E5356F41DCF328C1A997C8D7016F0B15.e.7426","ELEMENT":"f.EA024E5748EAFE5A0CAA481A9B11DD22.d.E5356F41DCF328C1A997C8D7016F0B15.e.7426"}]}
RESULT: {}
RESULT: {"script":"<script> [8489 bytes]","args":[{"element-6066-11e4-a52e-4f735466cecf":"f.EA024E5748EAFE5A0CAA481A9B11DD22.d.E5356F41DCF328C1A997C8D7016F0B15.e.7426","ELEMENT":"f.EA024E5748EAFE5A0CAA481A9B11DD22.d.E5356F41DCF328C1A997C8D7016F0B15.e.7426"}]}
COMMAND: POST /session/e7ea40813c72c691ec6b0d6c49a20f29/execute/sync - {"script":"<script> [5351 bytes]","args":[{"element-6066-11e4-a52e-4f735466cecf":"f.EA024E5748EAFE5A0CAA481A9B11DD22.d.E5356F41DCF328C1A997C8D7016F0B15.e.7426","ELEMENT":"f.EA024E5748EAFE5A0CAA481A9B11DD22.d.E5356F41DCF328C1A997C8D7016F0B15.e.7426"}]}
COMMAND: GET /session/e7ea40813c72c691ec6b0d6c49a20f29/screenshot - {}
RESULT: {"script":"<script> [5351 bytes]","args":[{"element-6066-11e4-a52e-4f735466cecf":"f.EA024E5748EAFE5A0CAA481A9B11DD22.d.E5356F41DCF328C1A997C8D7016F0B15.e.7426","ELEMENT":"f.EA024E5748EAFE5A0CAA481A9B11DD22.d.E5356F41DCF328C1A997C8D7016F0B15.e.7426"}]}
COMMAND: POST /session/e7ea40813c72c691ec6b0d6c49a20f29/element - {"using":"css selector","value":"#shell-header-logo"}
COMMAND: GET /session/e7ea40813c72c691ec6b0d6c49a20f29/screenshot - {}
RESULT: {}
RESULT: {"using":"css selector","value":"#shell-header-logo"}
COMMAND: POST /session/e7ea40813c72c691ec6b0d6c49a20f29/element/f.EA024E5748EAFE5A0CAA481A9B11DD22.d.E5356F41DCF328C1A997C8D7016F0B15.e.7426/click - {}
RESULT: {}
RESULT: {}
COMMAND: GET /session/e7ea40813c72c691ec6b0d6c49a20f29/screenshot - {}
RESULT: {}
COMMAND: POST /session/e7ea40813c72c691ec6b0d6c49a20f29/execute/async - {"script":"<script> [189 bytes]","args":[]}
RESULT: {"script":"<script> [189 bytes]","args":[]}
COMMAND: POST /session/e7ea40813c72c691ec6b0d6c49a20f29/execute/async - {"script":"<script> [123 bytes]","args":[]}
RESULT: {"script":"<script> [123 bytes]","args":[]}
COMMAND: POST /session/e7ea40813c72c691ec6b0d6c49a20f29/timeouts - {"script":"<number>"}
RESULT: {"script":"<number>"}
COMMAND: GET /session/e7ea40813c72c691ec6b0d6c49a20f29/timeouts - {}
RESULT: {}
RESULT: undefined
COMMAND: POST /session/e7ea40813c72c691ec6b0d6c49a20f29/execute/async - {"script":"<script> [2676 bytes]","args":[]}
RESULT: {"script":"<script> [2676 bytes]","args":[]}
COMMAND: POST /session/e7ea40813c72c691ec6b0d6c49a20f29/execute/async - {"script":"<script> [2342 bytes]","args":[{"protocol":"http","hostname":"0.0.0.0","path":"/","capabilities":{"browserName":"chrome","goog:chromeOptions":{"binary":"C:\\Program Files\\Google\\Chrome\\Application\\chrome.exe","args":["--start-maximized"]}},"logLevel":"warn","connectionRetryTimeout":120000,"connectionRetryCount":3,"logLevels":{},"enableDirectConnect":true,"strictSSL":true,"_":"65 more keys: [\"cacheDir\",\"port\",\"requestedCapabilities\",\"automationProtocol\",\"baseUrl\",\"waitforInterval\",\"waitforTimeout\",\"onReload\",\"beforeCommand\",\"afterCommand\",\"rootDir\",\"specs\",\"suites\",\"exclude\",\"groupLogsByTestSpec\",\"excludeDriverLogs\",\"bail\",\"framework\",\"reporters\",\"services\",\"maxInstances\",\"maxInstancesPerCapability\",\"injectGlobals\",\"filesToWatch\",\"execArgv\",\"runnerEnv\",\"runner\",\"shard\",\"specFileRetries\",\"specFileRetriesDelay\",\"specFileRetriesDeferred\",\"reporterSyncInterval\",\"reporterSyncTimeout\",\"cucumberFeaturesWithLineNumbers\",\"autoCompileOpts\",\"mochaOpts\",\"jasmineOpts\",\"cucumberOpts\",\"onPrepare\",\"onWorkerStart\",\"onWorkerEnd\",\"before\",\"beforeSession\",\"beforeSuite\",\"beforeHook\",\"beforeTest\",\"afterTest\",\"afterHook\",\"afterSuite\",\"afterSession\",\"after\",\"onComplete\",\"beforeAssertion\",\"afterAssertion\",\"beforeFeature\",\"beforeScenario\",\"beforeStep\",\"afterStep\",\"afterScenario\",\"afterFeature\",\"_\",\"suite\",\"$0\",\"ignoredWorkerServices\",\"wdi5\"]"}]}
RESULT: {"script":"<script> [2342 bytes]","args":[{"protocol":"http","hostname":"0.0.0.0","path":"/","capabilities":{"browserName":"chrome","goog:chromeOptions":{"binary":"C:\\Program Files\\Google\\Chrome\\Application\\chrome.exe","args":["--start-maximized"]}},"logLevel":"warn","connectionRetryTimeout":120000,"connectionRetryCount":3,"logLevels":{},"enableDirectConnect":true,"strictSSL":true,"_":"65 more keys: [\"cacheDir\",\"port\",\"requestedCapabilities\",\"automationProtocol\",\"baseUrl\",\"waitforInterval\",\"waitforTimeout\",\"onReload\",\"beforeCommand\",\"afterCommand\",\"rootDir\",\"specs\",\"suites\",\"exclude\",\"groupLogsByTestSpec\",\"excludeDriverLogs\",\"bail\",\"framework\",\"reporters\",\"services\",\"maxInstances\",\"maxInstancesPerCapability\",\"injectGlobals\",\"filesToWatch\",\"execArgv\",\"runnerEnv\",\"runner\",\"shard\",\"specFileRetries\",\"specFileRetriesDelay\",\"specFileRetriesDeferred\",\"reporterSyncInterval\",\"reporterSyncTimeout\",\"cucumberFeaturesWithLineNumbers\",\"autoCompileOpts\",\"mochaOpts\",\"jasmineOpts\",\"cucumberOpts\",\"onPrepare\",\"onWorkerStart\",\"onWorkerEnd\",\"before\",\"beforeSession\",\"beforeSuite\",\"beforeHook\",\"beforeTest\",\"afterTest\",\"afterHook\",\"afterSuite\",\"afterSession\",\"after\",\"onComplete\",\"beforeAssertion\",\"afterAssertion\",\"beforeFeature\",\"beforeScenario\",\"beforeStep\",\"afterStep\",\"afterScenario\",\"afterFeature\",\"_\",\"suite\",\"$0\",\"ignoredWorkerServices\",\"wdi5\"]"}]}
COMMAND: POST /session/e7ea40813c72c691ec6b0d6c49a20f29/execute/async - {"script":"<script> [21126 bytes]","args":[35000]}
RESULT: {"script":"<script> [21126 bytes]","args":[35000]}
COMMAND: POST /session/e7ea40813c72c691ec6b0d6c49a20f29/window/maximize - {}
RESULT: {}
COMMAND: POST /session/e7ea40813c72c691ec6b0d6c49a20f29/execute/async - {"script":"<script> [1562 bytes]","args":[{"selector":{"id":"shell-header","interaction":{"idSuffix":"icon"}},"wdio_ui5_key":"shellheader"}]}
COMMAND: GET /session/e7ea40813c72c691ec6b0d6c49a20f29/screenshot - {}
RESULT: {"script":"<script> [1562 bytes]","args":[{"selector":{"id":"shell-header","interaction":{"idSuffix":"icon"}},"wdio_ui5_key":"shellheader"}]}
RESULT: undefined
]]></system-out>
    </testcase>
  </testsuite>
  <testsuite timestamp="2025-04-26T15:35:15" time="198.162" tests="1" failures="1" errors="1" skipped="0">
    <properties>
      <property name="specId" value="0" />
      <property name="suiteName" value="create-equipment" />
      <property name="capabilities" value="chrome.135_0_7049_96.windows" />
      <property name="file" value="file:///D:/a/1/s/test/specs/R2C/create-equipment.spec.js" />
    </properties>
  </testsuite>
  <testsuite timestamp="2025-04-26T15:38:33" time="71.635" tests="2" failures="0" errors="0" skipped="0">
    <properties>
      <property name="specId" value="0" />
      <property name="suiteName" value="Personnel creation and reference material verification  US120163" />
      <property name="capabilities" value="chrome.135_0_7049_96.windows" />
      <property name="file" value="file:///D:/a/1/s/test/specs/R2C/create-personnel-no-material-reference.spec.js" />
    </properties>
    <testcase classname="chrome.135_0_7049_96.windows.Personnel_creation_and_reference_material_verification__US120163" name="Should create a new personnel and verify if the material reference is visible" time="51.117">
      <system-out><![CDATA[
RESULT: undefined
COMMAND: POST /session/e7ea40813c72c691ec6b0d6c49a20f29/element - {"using":"xpath","value":"//*[@id=\"__tile31\"]"}
RESULT: {"using":"xpath","value":"//*[@id=\"__tile31\"]"}
COMMAND: POST /session/e7ea40813c72c691ec6b0d6c49a20f29/element/f.EA024E5748EAFE5A0CAA481A9B11DD22.d.E5356F41DCF328C1A997C8D7016F0B15.e.7449/click - {}
RESULT: {}
COMMAND: GET /session/e7ea40813c72c691ec6b0d6c49a20f29/screenshot - {}
RESULT: {}
COMMAND: POST /session/e7ea40813c72c691ec6b0d6c49a20f29/element - {"using":"xpath","value":"//button[@data-kt=\"addNewRUOverflowToolbarButton\"]"}
RESULT: {"using":"xpath","value":"//button[@data-kt=\"addNewRUOverflowToolbarButton\"]"}
COMMAND: POST /session/e7ea40813c72c691ec6b0d6c49a20f29/execute/sync - {"script":"<script> [8489 bytes]","args":[{"element-6066-11e4-a52e-4f735466cecf":"f.EA024E5748EAFE5A0CAA481A9B11DD22.d.E5356F41DCF328C1A997C8D7016F0B15.e.8252","ELEMENT":"f.EA024E5748EAFE5A0CAA481A9B11DD22.d.E5356F41DCF328C1A997C8D7016F0B15.e.8252"}]}
RESULT: {"script":"<script> [8489 bytes]","args":[{"element-6066-11e4-a52e-4f735466cecf":"f.EA024E5748EAFE5A0CAA481A9B11DD22.d.E5356F41DCF328C1A997C8D7016F0B15.e.8252","ELEMENT":"f.EA024E5748EAFE5A0CAA481A9B11DD22.d.E5356F41DCF328C1A997C8D7016F0B15.e.8252"}]}
COMMAND: POST /session/e7ea40813c72c691ec6b0d6c49a20f29/element/f.EA024E5748EAFE5A0CAA481A9B11DD22.d.E5356F41DCF328C1A997C8D7016F0B15.e.8252/click - {}
COMMAND: GET /session/e7ea40813c72c691ec6b0d6c49a20f29/screenshot - {}
RESULT: {}
RESULT: undefined
COMMAND: POST /session/e7ea40813c72c691ec6b0d6c49a20f29/element - {"using":"xpath","value":"//*[@id=\"application-manageresources-display-component---newResourceUnit--TYPE-arrow\"]"}
COMMAND: GET /session/e7ea40813c72c691ec6b0d6c49a20f29/screenshot - {}
RESULT: {}
RESULT: {"using":"xpath","value":"//*[@id=\"application-manageresources-display-component---newResourceUnit--TYPE-arrow\"]"}
COMMAND: POST /session/e7ea40813c72c691ec6b0d6c49a20f29/element/f.EA024E5748EAFE5A0CAA481A9B11DD22.d.E5356F41DCF328C1A997C8D7016F0B15.e.8489/click - {}
RESULT: {}
RESULT: {}
COMMAND: POST /session/e7ea40813c72c691ec6b0d6c49a20f29/execute/async - {"script":"<script> [1562 bytes]","args":[{"selector":{"controlType":"sap.m.StandardListItem","viewName":"reusables.view.manageresources.NewResourceUnit","viewId":"application-manageresources-display-component---newResourceUnit","properties":{"title":"Personnel"},"searchOpenDialogs":true,"interaction":{"idSuffix":"titleText"}},"wdio_ui5_key":"reusablesview.manageresources.NewResourceUnitsap.m.StandardListItem{\"title\":\"Personnel\"}"}]}
COMMAND: GET /session/e7ea40813c72c691ec6b0d6c49a20f29/screenshot - {}
RESULT: {"script":"<script> [1562 bytes]","args":[{"selector":{"controlType":"sap.m.StandardListItem","viewName":"reusables.view.manageresources.NewResourceUnit","viewId":"application-manageresources-display-component---newResourceUnit","properties":{"title":"Personnel"},"searchOpenDialogs":true,"interaction":{"idSuffix":"titleText"}},"wdio_ui5_key":"reusablesview.manageresources.NewResourceUnitsap.m.StandardListItem{\"title\":\"Personnel\"}"}]}
RESULT: undefined
COMMAND: POST /session/e7ea40813c72c691ec6b0d6c49a20f29/element - {"using":"xpath","value":"//*[@id=\"__item495\"]"}
RESULT: {}
RESULT: {"using":"xpath","value":"//*[@id=\"__item495\"]"}
COMMAND: POST /session/e7ea40813c72c691ec6b0d6c49a20f29/element/f.EA024E5748EAFE5A0CAA481A9B11DD22.d.E5356F41DCF328C1A997C8D7016F0B15.e.8495/click - {}
RESULT: {}
RESULT: undefined
COMMAND: POST /session/e7ea40813c72c691ec6b0d6c49a20f29/execute/async - {"script":"<script> [776 bytes]","args":[{"enterText":"WdIOPersonnel3cv94","selector":{"id":"application-manageresources-display-component---newResourceUnit--SHORT_TEXT","interaction":{"idSuffix":"inner"}},"clearTextFirst":true,"interactionType":"ENTER_TEXT"}]}
COMMAND: GET /session/e7ea40813c72c691ec6b0d6c49a20f29/screenshot - {}
RESULT: {"script":"<script> [776 bytes]","args":[{"enterText":"WdIOPersonnel3cv94","selector":{"id":"application-manageresources-display-component---newResourceUnit--SHORT_TEXT","interaction":{"idSuffix":"inner"}},"clearTextFirst":true,"interactionType":"ENTER_TEXT"}]}
COMMAND: POST /session/e7ea40813c72c691ec6b0d6c49a20f29/element - {"using":"xpath","value":"//bdi[contains(text(), \"Material\")]"}
RESULT: {}
RESULT: {"using":"xpath","value":"//bdi[contains(text(), \"Material\")]"}
COMMAND: POST /session/e7ea40813c72c691ec6b0d6c49a20f29/element - {"using":"xpath","value":"//bdi[contains(text(), \"Material\")]"}
RESULT: {"using":"xpath","value":"//bdi[contains(text(), \"Material\")]"}
COMMAND: POST /session/e7ea40813c72c691ec6b0d6c49a20f29/execute/async - {"script":"<script> [1562 bytes]","args":[{"selector":{"id":"application-manageresources-display-component---newResourceUnit--BASE_UNIT_OF_MEASURE-arrow"},"wdio_ui5_key":"applicationmanageresources-display-component---newResourceUnit--BASE_UNIT_OF_MEASURE-arrow"}]}
RESULT: {"script":"<script> [1562 bytes]","args":[{"selector":{"id":"application-manageresources-display-component---newResourceUnit--BASE_UNIT_OF_MEASURE-arrow"},"wdio_ui5_key":"applicationmanageresources-display-component---newResourceUnit--BASE_UNIT_OF_MEASURE-arrow"}]}
RESULT: undefined
COMMAND: POST /session/e7ea40813c72c691ec6b0d6c49a20f29/element - {"using":"xpath","value":"//*[@id=\"application-manageresources-display-component---newResourceUnit--BASE_UNIT_OF_MEASURE-arrow\"]"}
RESULT: {"using":"xpath","value":"//*[@id=\"application-manageresources-display-component---newResourceUnit--BASE_UNIT_OF_MEASURE-arrow\"]"}
COMMAND: POST /session/e7ea40813c72c691ec6b0d6c49a20f29/element/f.EA024E5748EAFE5A0CAA481A9B11DD22.d.E5356F41DCF328C1A997C8D7016F0B15.e.8537/click - {}
RESULT: {}
COMMAND: POST /session/e7ea40813c72c691ec6b0d6c49a20f29/execute/async - {"script":"<script> [1562 bytes]","args":[{"selector":{"controlType":"sap.m.StandardListItem","viewName":"reusables.view.manageresources.NewResourceUnit","viewId":"application-manageresources-display-component---newResourceUnit","properties":{"title":"Percent"},"searchOpenDialogs":true,"interaction":{"idSuffix":"titleText"}},"wdio_ui5_key":"reusablesview.manageresources.NewResourceUnitsap.m.StandardListItem{\"title\":\"Percent\"}"}]}
COMMAND: GET /session/e7ea40813c72c691ec6b0d6c49a20f29/screenshot - {}
RESULT: {"script":"<script> [1562 bytes]","args":[{"selector":{"controlType":"sap.m.StandardListItem","viewName":"reusables.view.manageresources.NewResourceUnit","viewId":"application-manageresources-display-component---newResourceUnit","properties":{"title":"Percent"},"searchOpenDialogs":true,"interaction":{"idSuffix":"titleText"}},"wdio_ui5_key":"reusablesview.manageresources.NewResourceUnitsap.m.StandardListItem{\"title\":\"Percent\"}"}]}
RESULT: undefined
COMMAND: POST /session/e7ea40813c72c691ec6b0d6c49a20f29/element - {"using":"xpath","value":"//*[@id=\"__item517\"]"}
RESULT: {}
RESULT: {"using":"xpath","value":"//*[@id=\"__item517\"]"}
COMMAND: POST /session/e7ea40813c72c691ec6b0d6c49a20f29/element/f.EA024E5748EAFE5A0CAA481A9B11DD22.d.E5356F41DCF328C1A997C8D7016F0B15.e.8539/click - {}
RESULT: {}
COMMAND: POST /session/e7ea40813c72c691ec6b0d6c49a20f29/execute/async - {"script":"<script> [1562 bytes]","args":[{"selector":{"id":"application-manageresources-display-component---newResourceUnit--PLANNING_GROUP-arrow"},"wdio_ui5_key":"applicationmanageresources-display-component---newResourceUnit--PLANNING_GROUP-arrow"}]}
COMMAND: GET /session/e7ea40813c72c691ec6b0d6c49a20f29/screenshot - {}
RESULT: {"script":"<script> [1562 bytes]","args":[{"selector":{"id":"application-manageresources-display-component---newResourceUnit--PLANNING_GROUP-arrow"},"wdio_ui5_key":"applicationmanageresources-display-component---newResourceUnit--PLANNING_GROUP-arrow"}]}
RESULT: undefined
COMMAND: POST /session/e7ea40813c72c691ec6b0d6c49a20f29/element - {"using":"xpath","value":"//*[@id=\"application-manageresources-display-component---newResourceUnit--PLANNING_GROUP-arrow\"]"}
RESULT: {}
RESULT: {"using":"xpath","value":"//*[@id=\"application-manageresources-display-component---newResourceUnit--PLANNING_GROUP-arrow\"]"}
COMMAND: POST /session/e7ea40813c72c691ec6b0d6c49a20f29/element/f.EA024E5748EAFE5A0CAA481A9B11DD22.d.E5356F41DCF328C1A997C8D7016F0B15.e.8540/click - {}
RESULT: {}
COMMAND: GET /session/e7ea40813c72c691ec6b0d6c49a20f29/screenshot - {}
RESULT: {}
COMMAND: POST /session/e7ea40813c72c691ec6b0d6c49a20f29/execute/async - {"script":"<script> [1562 bytes]","args":[{"selector":{"controlType":"sap.m.StandardListItem","viewName":"reusables.view.manageresources.NewResourceUnit","viewId":"application-manageresources-display-component---newResourceUnit","properties":{"title":"Operating personnel"},"searchOpenDialogs":true,"interaction":{"idSuffix":"titleText"}},"wdio_ui5_key":"reusablesview.manageresources.NewResourceUnitsap.m.StandardListItem{\"title\":\"Operating personnel\"}"}]}
RESULT: {"script":"<script> [1562 bytes]","args":[{"selector":{"controlType":"sap.m.StandardListItem","viewName":"reusables.view.manageresources.NewResourceUnit","viewId":"application-manageresources-display-component---newResourceUnit","properties":{"title":"Operating personnel"},"searchOpenDialogs":true,"interaction":{"idSuffix":"titleText"}},"wdio_ui5_key":"reusablesview.manageresources.NewResourceUnitsap.m.StandardListItem{\"title\":\"Operating personnel\"}"}]}
RESULT: undefined
COMMAND: POST /session/e7ea40813c72c691ec6b0d6c49a20f29/element - {"using":"xpath","value":"//*[@id=\"__item526\"]"}
RESULT: {"using":"xpath","value":"//*[@id=\"__item526\"]"}
COMMAND: POST /session/e7ea40813c72c691ec6b0d6c49a20f29/element/f.EA024E5748EAFE5A0CAA481A9B11DD22.d.E5356F41DCF328C1A997C8D7016F0B15.e.8542/click - {}
RESULT: {}
COMMAND: GET /session/e7ea40813c72c691ec6b0d6c49a20f29/screenshot - {}
RESULT: {}
COMMAND: POST /session/e7ea40813c72c691ec6b0d6c49a20f29/element - {"using":"xpath","value":"//bdi[contains(text(), \"Time Segment\")]"}
RESULT: {"using":"xpath","value":"//bdi[contains(text(), \"Time Segment\")]"}
COMMAND: GET /session/e7ea40813c72c691ec6b0d6c49a20f29/element/f.EA024E5748EAFE5A0CAA481A9B11DD22.d.E5356F41DCF328C1A997C8D7016F0B15.e.8543/rect - {}
RESULT: {}
COMMAND: GET /session/e7ea40813c72c691ec6b0d6c49a20f29/window/rect - {}
RESULT: {}
COMMAND: POST /session/e7ea40813c72c691ec6b0d6c49a20f29/execute/sync - {"script":"<script> [92 bytes]","args":[]}
RESULT: {"script":"<script> [92 bytes]","args":[]}
COMMAND: POST /session/e7ea40813c72c691ec6b0d6c49a20f29/actions - {"actions":[{"id":"action23","type":"wheel","parameters":{},"actions":[{"type":"scroll","x":-1820,"y":804,"deltaX":0,"deltaY":0,"duration":0,"origin":{"element-6066-11e4-a52e-4f735466cecf":"f.EA024E5748EAFE5A0CAA481A9B11DD22.d.E5356F41DCF328C1A997C8D7016F0B15.e.8543"}}]}]}
COMMAND: GET /session/e7ea40813c72c691ec6b0d6c49a20f29/screenshot - {}
RESULT: {}
COMMAND: POST /session/e7ea40813c72c691ec6b0d6c49a20f29/execute/sync - {"script":"<script> [79 bytes]","args":[{"element-6066-11e4-a52e-4f735466cecf":"f.EA024E5748EAFE5A0CAA481A9B11DD22.d.E5356F41DCF328C1A997C8D7016F0B15.e.8543","ELEMENT":"f.EA024E5748EAFE5A0CAA481A9B11DD22.d.E5356F41DCF328C1A997C8D7016F0B15.e.8543"},{"block":"start","inline":"nearest"}]}
RESULT: {"script":"<script> [79 bytes]","args":[{"element-6066-11e4-a52e-4f735466cecf":"f.EA024E5748EAFE5A0CAA481A9B11DD22.d.E5356F41DCF328C1A997C8D7016F0B15.e.8543","ELEMENT":"f.EA024E5748EAFE5A0CAA481A9B11DD22.d.E5356F41DCF328C1A997C8D7016F0B15.e.8543"},{"block":"start","inline":"nearest"}]}
COMMAND: GET /session/e7ea40813c72c691ec6b0d6c49a20f29/screenshot - {}
RESULT: {}
COMMAND: POST /session/e7ea40813c72c691ec6b0d6c49a20f29/element - {"using":"xpath","value":"//span[@id=\"application-manageresources-display-component---newResourceUnit--btnAddTimeSegment-img\"]"}
RESULT: {"using":"xpath","value":"//span[@id=\"application-manageresources-display-component---newResourceUnit--btnAddTimeSegment-img\"]"}
COMMAND: POST /session/e7ea40813c72c691ec6b0d6c49a20f29/execute/sync - {"script":"<script> [8489 bytes]","args":[{"element-6066-11e4-a52e-4f735466cecf":"f.EA024E5748EAFE5A0CAA481A9B11DD22.d.E5356F41DCF328C1A997C8D7016F0B15.e.8550","ELEMENT":"f.EA024E5748EAFE5A0CAA481A9B11DD22.d.E5356F41DCF328C1A997C8D7016F0B15.e.8550"}]}
RESULT: {"script":"<script> [8489 bytes]","args":[{"element-6066-11e4-a52e-4f735466cecf":"f.EA024E5748EAFE5A0CAA481A9B11DD22.d.E5356F41DCF328C1A997C8D7016F0B15.e.8550","ELEMENT":"f.EA024E5748EAFE5A0CAA481A9B11DD22.d.E5356F41DCF328C1A997C8D7016F0B15.e.8550"}]}
COMMAND: POST /session/e7ea40813c72c691ec6b0d6c49a20f29/element/f.EA024E5748EAFE5A0CAA481A9B11DD22.d.E5356F41DCF328C1A997C8D7016F0B15.e.8550/click - {}
COMMAND: GET /session/e7ea40813c72c691ec6b0d6c49a20f29/screenshot - {}
RESULT: {}
COMMAND: GET /session/e7ea40813c72c691ec6b0d6c49a20f29/screenshot - {}
RESULT: {}
RESULT: {}
COMMAND: POST /session/e7ea40813c72c691ec6b0d6c49a20f29/element - {"using":"xpath","value":"//input[@id=\"application-manageresources-display-component---newResourceUnit--idRuTSAdmin-application-manageresources-display-component---newResourceUnit--RUTimeSegment-0-inner\"]"}
RESULT: {"using":"xpath","value":"//input[@id=\"application-manageresources-display-component---newResourceUnit--idRuTSAdmin-application-manageresources-display-component---newResourceUnit--RUTimeSegment-0-inner\"]"}
COMMAND: POST /session/e7ea40813c72c691ec6b0d6c49a20f29/element/f.EA024E5748EAFE5A0CAA481A9B11DD22.d.E5356F41DCF328C1A997C8D7016F0B15.e.8553/clear - {}
RESULT: {}
COMMAND: POST /session/e7ea40813c72c691ec6b0d6c49a20f29/element/f.EA024E5748EAFE5A0CAA481A9B11DD22.d.E5356F41DCF328C1A997C8D7016F0B15.e.8553/value - {"text":"webdriveryard"}
COMMAND: GET /session/e7ea40813c72c691ec6b0d6c49a20f29/screenshot - {}
RESULT: {"text":"webdriveryard"}
COMMAND: GET /session/e7ea40813c72c691ec6b0d6c49a20f29/screenshot - {}
RESULT: {}
RESULT: {}
COMMAND: POST /session/e7ea40813c72c691ec6b0d6c49a20f29/actions - {"actions":[{"id":"action24","type":"key","parameters":{},"actions":[{"type":"keyDown","value":"î€‡"},{"type":"pause","duration":10},{"type":"keyUp","value":"î€‡"}]}]}
RESULT: {"actions":[{"id":"action24","type":"key","parameters":{},"actions":[{"type":"keyDown","value":"î€‡"},{"type":"pause","duration":10},{"type":"keyUp","value":"î€‡"}]}]}
COMMAND: GET /session/e7ea40813c72c691ec6b0d6c49a20f29/screenshot - {}
RESULT: {}
COMMAND: POST /session/e7ea40813c72c691ec6b0d6c49a20f29/element - {"using":"xpath","value":"//input[contains(@id, \"application-manageresources-display-component---newResourceUnit--newControlDataDateRangePicker-inner\")]"}
RESULT: {"using":"xpath","value":"//input[contains(@id, \"application-manageresources-display-component---newResourceUnit--newControlDataDateRangePicker-inner\")]"}
COMMAND: POST /session/e7ea40813c72c691ec6b0d6c49a20f29/element/f.EA024E5748EAFE5A0CAA481A9B11DD22.d.E5356F41DCF328C1A997C8D7016F0B15.e.8524/clear - {}
RESULT: {}
COMMAND: POST /session/e7ea40813c72c691ec6b0d6c49a20f29/element/f.EA024E5748EAFE5A0CAA481A9B11DD22.d.E5356F41DCF328C1A997C8D7016F0B15.e.8524/value - {"text":"12/17/26 - 2/18/27"}
COMMAND: GET /session/e7ea40813c72c691ec6b0d6c49a20f29/screenshot - {}
RESULT: {"text":"12/17/26 - 2/18/27"}
COMMAND: POST /session/e7ea40813c72c691ec6b0d6c49a20f29/element - {"using":"xpath","value":"//bdi[contains(@id, \"application-manageresources-display-component---newResourceUnit--createRuButton-BDI-content\")]"}
COMMAND: GET /session/e7ea40813c72c691ec6b0d6c49a20f29/screenshot - {}
RESULT: {}
RESULT: {"using":"xpath","value":"//bdi[contains(@id, \"application-manageresources-display-component---newResourceUnit--createRuButton-BDI-content\")]"}
COMMAND: POST /session/e7ea40813c72c691ec6b0d6c49a20f29/element/f.EA024E5748EAFE5A0CAA481A9B11DD22.d.E5356F41DCF328C1A997C8D7016F0B15.e.8565/click - {}
RESULT: {}
RESULT: {}
COMMAND: GET /session/e7ea40813c72c691ec6b0d6c49a20f29/screenshot - {}
RESULT: {}
COMMAND: POST /session/e7ea40813c72c691ec6b0d6c49a20f29/actions - {"actions":[{"id":"action25","type":"key","parameters":{},"actions":[{"type":"keyDown","value":"î€‡"},{"type":"pause","duration":10},{"type":"keyUp","value":"î€‡"}]}]}
RESULT: {"actions":[{"id":"action25","type":"key","parameters":{},"actions":[{"type":"keyDown","value":"î€‡"},{"type":"pause","duration":10},{"type":"keyUp","value":"î€‡"}]}]}
COMMAND: GET /session/e7ea40813c72c691ec6b0d6c49a20f29/screenshot - {}
RESULT: {}
]]></system-out>
    </testcase>
    <testcase classname="chrome.135_0_7049_96.windows.Personnel_creation_and_reference_material_verification__US120163" name="Should verify if the reference material is visible in edit and detail mode" time="15.602">
      <system-out><![CDATA[
COMMAND: POST /session/e7ea40813c72c691ec6b0d6c49a20f29/element - {"using":"xpath","value":"//bdi[contains(text(), \"Edit\")]"}
RESULT: {"using":"xpath","value":"//bdi[contains(text(), \"Edit\")]"}
COMMAND: POST /session/e7ea40813c72c691ec6b0d6c49a20f29/element/f.EA024E5748EAFE5A0CAA481A9B11DD22.d.E5356F41DCF328C1A997C8D7016F0B15.e.8589/click - {}
RESULT: {}
COMMAND: GET /session/e7ea40813c72c691ec6b0d6c49a20f29/screenshot - {}
RESULT: {}
COMMAND: POST /session/e7ea40813c72c691ec6b0d6c49a20f29/element - {"using":"xpath","value":"//bdi[contains(text(), \"Material\")]"}
RESULT: {"using":"xpath","value":"//bdi[contains(text(), \"Material\")]"}
COMMAND: POST /session/e7ea40813c72c691ec6b0d6c49a20f29/element - {"using":"xpath","value":"//bdi[contains(text(), \"Material\")]"}
RESULT: {"using":"xpath","value":"//bdi[contains(text(), \"Material\")]"}
COMMAND: POST /session/e7ea40813c72c691ec6b0d6c49a20f29/element - {"using":"xpath","value":"(//bdi[contains(text(), \"Save\")])[2]"}
RESULT: {"using":"xpath","value":"(//bdi[contains(text(), \"Save\")])[2]"}
COMMAND: POST /session/e7ea40813c72c691ec6b0d6c49a20f29/element/f.EA024E5748EAFE5A0CAA481A9B11DD22.d.E5356F41DCF328C1A997C8D7016F0B15.e.8640/click - {}
RESULT: {}
COMMAND: GET /session/e7ea40813c72c691ec6b0d6c49a20f29/screenshot - {}
RESULT: {}
COMMAND: POST /session/e7ea40813c72c691ec6b0d6c49a20f29/element - {"using":"css selector","value":"#j_username"}
COMMAND: POST /session/e7ea40813c72c691ec6b0d6c49a20f29/url - {"url":"https://qa-testing-00-live-etm-ui.cfapps.eu10-004.hana.ondemand.com/"}
RESULT: {"using":"css selector","value":"#j_username"}
COMMAND: POST /session/e7ea40813c72c691ec6b0d6c49a20f29/element - {"using":"css selector","value":"#j_username"}
RESULT: {"url":"https://qa-testing-00-live-etm-ui.cfapps.eu10-004.hana.ondemand.com/"}
RESULT: undefined
COMMAND: GET /session/e7ea40813c72c691ec6b0d6c49a20f29/screenshot - {}
RESULT: {"using":"css selector","value":"#j_username"}
COMMAND: POST /session/e7ea40813c72c691ec6b0d6c49a20f29/element - {"using":"css selector","value":"#shell-header-logo"}
RESULT: {}
RESULT: {"using":"css selector","value":"#shell-header-logo"}
COMMAND: POST /session/e7ea40813c72c691ec6b0d6c49a20f29/execute/sync - {"script":"<script> [8489 bytes]","args":[{"element-6066-11e4-a52e-4f735466cecf":"f.EA024E5748EAFE5A0CAA481A9B11DD22.d.A2F6A66CFA07627BC8EA7C5A94B6D278.e.8659","ELEMENT":"f.EA024E5748EAFE5A0CAA481A9B11DD22.d.A2F6A66CFA07627BC8EA7C5A94B6D278.e.8659"}]}
RESULT: {"script":"<script> [8489 bytes]","args":[{"element-6066-11e4-a52e-4f735466cecf":"f.EA024E5748EAFE5A0CAA481A9B11DD22.d.A2F6A66CFA07627BC8EA7C5A94B6D278.e.8659","ELEMENT":"f.EA024E5748EAFE5A0CAA481A9B11DD22.d.A2F6A66CFA07627BC8EA7C5A94B6D278.e.8659"}]}
COMMAND: POST /session/e7ea40813c72c691ec6b0d6c49a20f29/element - {"using":"css selector","value":"#shell-header-logo"}
COMMAND: GET /session/e7ea40813c72c691ec6b0d6c49a20f29/screenshot - {}
RESULT: {"using":"css selector","value":"#shell-header-logo"}
COMMAND: POST /session/e7ea40813c72c691ec6b0d6c49a20f29/execute/sync - {"script":"<script> [8489 bytes]","args":[{"element-6066-11e4-a52e-4f735466cecf":"f.EA024E5748EAFE5A0CAA481A9B11DD22.d.A2F6A66CFA07627BC8EA7C5A94B6D278.e.8659","ELEMENT":"f.EA024E5748EAFE5A0CAA481A9B11DD22.d.A2F6A66CFA07627BC8EA7C5A94B6D278.e.8659"}]}
RESULT: {}
RESULT: {"script":"<script> [8489 bytes]","args":[{"element-6066-11e4-a52e-4f735466cecf":"f.EA024E5748EAFE5A0CAA481A9B11DD22.d.A2F6A66CFA07627BC8EA7C5A94B6D278.e.8659","ELEMENT":"f.EA024E5748EAFE5A0CAA481A9B11DD22.d.A2F6A66CFA07627BC8EA7C5A94B6D278.e.8659"}]}
COMMAND: POST /session/e7ea40813c72c691ec6b0d6c49a20f29/execute/sync - {"script":"<script> [5351 bytes]","args":[{"element-6066-11e4-a52e-4f735466cecf":"f.EA024E5748EAFE5A0CAA481A9B11DD22.d.A2F6A66CFA07627BC8EA7C5A94B6D278.e.8659","ELEMENT":"f.EA024E5748EAFE5A0CAA481A9B11DD22.d.A2F6A66CFA07627BC8EA7C5A94B6D278.e.8659"}]}
COMMAND: GET /session/e7ea40813c72c691ec6b0d6c49a20f29/screenshot - {}
RESULT: {"script":"<script> [5351 bytes]","args":[{"element-6066-11e4-a52e-4f735466cecf":"f.EA024E5748EAFE5A0CAA481A9B11DD22.d.A2F6A66CFA07627BC8EA7C5A94B6D278.e.8659","ELEMENT":"f.EA024E5748EAFE5A0CAA481A9B11DD22.d.A2F6A66CFA07627BC8EA7C5A94B6D278.e.8659"}]}
COMMAND: POST /session/e7ea40813c72c691ec6b0d6c49a20f29/element - {"using":"css selector","value":"#shell-header-logo"}
COMMAND: GET /session/e7ea40813c72c691ec6b0d6c49a20f29/screenshot - {}
RESULT: {}
RESULT: {"using":"css selector","value":"#shell-header-logo"}
COMMAND: POST /session/e7ea40813c72c691ec6b0d6c49a20f29/element/f.EA024E5748EAFE5A0CAA481A9B11DD22.d.A2F6A66CFA07627BC8EA7C5A94B6D278.e.8659/click - {}
RESULT: {}
RESULT: {}
COMMAND: GET /session/e7ea40813c72c691ec6b0d6c49a20f29/screenshot - {}
RESULT: {}
COMMAND: POST /session/e7ea40813c72c691ec6b0d6c49a20f29/execute/async - {"script":"<script> [189 bytes]","args":[]}
RESULT: {"script":"<script> [189 bytes]","args":[]}
COMMAND: POST /session/e7ea40813c72c691ec6b0d6c49a20f29/execute/async - {"script":"<script> [123 bytes]","args":[]}
RESULT: {"script":"<script> [123 bytes]","args":[]}
COMMAND: POST /session/e7ea40813c72c691ec6b0d6c49a20f29/timeouts - {"script":"<number>"}
RESULT: {"script":"<number>"}
COMMAND: GET /session/e7ea40813c72c691ec6b0d6c49a20f29/timeouts - {}
RESULT: {}
RESULT: undefined
COMMAND: POST /session/e7ea40813c72c691ec6b0d6c49a20f29/execute/async - {"script":"<script> [2676 bytes]","args":[]}
RESULT: {"script":"<script> [2676 bytes]","args":[]}
COMMAND: POST /session/e7ea40813c72c691ec6b0d6c49a20f29/execute/async - {"script":"<script> [2342 bytes]","args":[{"protocol":"http","hostname":"0.0.0.0","path":"/","capabilities":{"browserName":"chrome","goog:chromeOptions":{"binary":"C:\\Program Files\\Google\\Chrome\\Application\\chrome.exe","args":["--start-maximized"]}},"logLevel":"warn","connectionRetryTimeout":120000,"connectionRetryCount":3,"logLevels":{},"enableDirectConnect":true,"strictSSL":true,"_":"65 more keys: [\"cacheDir\",\"port\",\"requestedCapabilities\",\"automationProtocol\",\"baseUrl\",\"waitforInterval\",\"waitforTimeout\",\"onReload\",\"beforeCommand\",\"afterCommand\",\"rootDir\",\"specs\",\"suites\",\"exclude\",\"groupLogsByTestSpec\",\"excludeDriverLogs\",\"bail\",\"framework\",\"reporters\",\"services\",\"maxInstances\",\"maxInstancesPerCapability\",\"injectGlobals\",\"filesToWatch\",\"execArgv\",\"runnerEnv\",\"runner\",\"shard\",\"specFileRetries\",\"specFileRetriesDelay\",\"specFileRetriesDeferred\",\"reporterSyncInterval\",\"reporterSyncTimeout\",\"cucumberFeaturesWithLineNumbers\",\"autoCompileOpts\",\"mochaOpts\",\"jasmineOpts\",\"cucumberOpts\",\"onPrepare\",\"onWorkerStart\",\"onWorkerEnd\",\"before\",\"beforeSession\",\"beforeSuite\",\"beforeHook\",\"beforeTest\",\"afterTest\",\"afterHook\",\"afterSuite\",\"afterSession\",\"after\",\"onComplete\",\"beforeAssertion\",\"afterAssertion\",\"beforeFeature\",\"beforeScenario\",\"beforeStep\",\"afterStep\",\"afterScenario\",\"afterFeature\",\"_\",\"suite\",\"$0\",\"ignoredWorkerServices\",\"wdi5\"]"}]}
RESULT: {"script":"<script> [2342 bytes]","args":[{"protocol":"http","hostname":"0.0.0.0","path":"/","capabilities":{"browserName":"chrome","goog:chromeOptions":{"binary":"C:\\Program Files\\Google\\Chrome\\Application\\chrome.exe","args":["--start-maximized"]}},"logLevel":"warn","connectionRetryTimeout":120000,"connectionRetryCount":3,"logLevels":{},"enableDirectConnect":true,"strictSSL":true,"_":"65 more keys: [\"cacheDir\",\"port\",\"requestedCapabilities\",\"automationProtocol\",\"baseUrl\",\"waitforInterval\",\"waitforTimeout\",\"onReload\",\"beforeCommand\",\"afterCommand\",\"rootDir\",\"specs\",\"suites\",\"exclude\",\"groupLogsByTestSpec\",\"excludeDriverLogs\",\"bail\",\"framework\",\"reporters\",\"services\",\"maxInstances\",\"maxInstancesPerCapability\",\"injectGlobals\",\"filesToWatch\",\"execArgv\",\"runnerEnv\",\"runner\",\"shard\",\"specFileRetries\",\"specFileRetriesDelay\",\"specFileRetriesDeferred\",\"reporterSyncInterval\",\"reporterSyncTimeout\",\"cucumberFeaturesWithLineNumbers\",\"autoCompileOpts\",\"mochaOpts\",\"jasmineOpts\",\"cucumberOpts\",\"onPrepare\",\"onWorkerStart\",\"onWorkerEnd\",\"before\",\"beforeSession\",\"beforeSuite\",\"beforeHook\",\"beforeTest\",\"afterTest\",\"afterHook\",\"afterSuite\",\"afterSession\",\"after\",\"onComplete\",\"beforeAssertion\",\"afterAssertion\",\"beforeFeature\",\"beforeScenario\",\"beforeStep\",\"afterStep\",\"afterScenario\",\"afterFeature\",\"_\",\"suite\",\"$0\",\"ignoredWorkerServices\",\"wdi5\"]"}]}
COMMAND: POST /session/e7ea40813c72c691ec6b0d6c49a20f29/execute/async - {"script":"<script> [21126 bytes]","args":[35000]}
RESULT: {"script":"<script> [21126 bytes]","args":[35000]}
COMMAND: POST /session/e7ea40813c72c691ec6b0d6c49a20f29/window/maximize - {}
RESULT: {}
COMMAND: POST /session/e7ea40813c72c691ec6b0d6c49a20f29/execute/async - {"script":"<script> [1562 bytes]","args":[{"selector":{"id":"shell-header","interaction":{"idSuffix":"icon"}},"wdio_ui5_key":"shellheader"}]}
COMMAND: GET /session/e7ea40813c72c691ec6b0d6c49a20f29/screenshot - {}
RESULT: {"script":"<script> [1562 bytes]","args":[{"selector":{"id":"shell-header","interaction":{"idSuffix":"icon"}},"wdio_ui5_key":"shellheader"}]}
RESULT: undefined
RESULT: {}
]]></system-out>
    </testcase>
  </testsuite>
  <testsuite timestamp="2025-04-26T15:39:45" time="412.694" tests="5" failures="0" errors="0" skipped="0">
    <properties>
      <property name="specId" value="0" />
      <property name="suiteName" value="Warehouse movements inventory test" />
      <property name="capabilities" value="chrome.135_0_7049_96.windows" />
      <property name="file" value="file:///D:/a/1/s/test/specs/R2C/create-resource.spec.js" />
    </properties>
    <testcase classname="chrome.135_0_7049_96.windows.Warehouse_movements_inventory_test" name="Should create a new WHM yard" time="123.209">
      <system-out><![CDATA[
COMMAND: POST /session/e7ea40813c72c691ec6b0d6c49a20f29/execute/async - {"script":"<script> [1562 bytes]","args":[{"selector":{"controlType":"sap.m.GenericTile","properties":{"header":"Manage Yards"}},"wdio_ui5_key":"sapm.GenericTile{\"header\":\"Manage Yards\"}"}]}
RESULT: {"script":"<script> [1562 bytes]","args":[{"selector":{"controlType":"sap.m.GenericTile","properties":{"header":"Manage Yards"}},"wdio_ui5_key":"sapm.GenericTile{\"header\":\"Manage Yards\"}"}]}
RESULT: undefined
COMMAND: POST /session/e7ea40813c72c691ec6b0d6c49a20f29/element - {"using":"xpath","value":"//*[@id=\"__tile41\"]"}
RESULT: {"using":"xpath","value":"//*[@id=\"__tile41\"]"}
COMMAND: POST /session/e7ea40813c72c691ec6b0d6c49a20f29/element/f.EA024E5748EAFE5A0CAA481A9B11DD22.d.A2F6A66CFA07627BC8EA7C5A94B6D278.e.8668/click - {}
RESULT: {}
COMMAND: GET /session/e7ea40813c72c691ec6b0d6c49a20f29/screenshot - {}
RESULT: {}
COMMAND: POST /session/e7ea40813c72c691ec6b0d6c49a20f29/execute/async - {"script":"<script> [1562 bytes]","args":[{"selector":{"controlType":"sap.ui.core.Icon","viewName":"etm.portal.ui.manageyards.view.Master","viewId":"application-manageyards-display-component---masterYard","properties":{"src":{"regex":{"source":"add"}}}},"wdio_ui5_key":"etmportal.ui.manageyards.view.Mastersap.ui.core.Icon{\"src\":{\"regex\":{\"source\":\"add\"}}}"}]}
RESULT: {"script":"<script> [1562 bytes]","args":[{"selector":{"controlType":"sap.ui.core.Icon","viewName":"etm.portal.ui.manageyards.view.Master","viewId":"application-manageyards-display-component---masterYard","properties":{"src":{"regex":{"source":"add"}}}},"wdio_ui5_key":"etmportal.ui.manageyards.view.Mastersap.ui.core.Icon{\"src\":{\"regex\":{\"source\":\"add\"}}}"}]}
RESULT: undefined
COMMAND: POST /session/e7ea40813c72c691ec6b0d6c49a20f29/element - {"using":"xpath","value":"//*[@id=\"__button4-img\"]"}
RESULT: {"using":"xpath","value":"//*[@id=\"__button4-img\"]"}
COMMAND: POST /session/e7ea40813c72c691ec6b0d6c49a20f29/element/f.EA024E5748EAFE5A0CAA481A9B11DD22.d.A2F6A66CFA07627BC8EA7C5A94B6D278.e.8715/click - {}
RESULT: {}
COMMAND: GET /session/e7ea40813c72c691ec6b0d6c49a20f29/screenshot - {}
RESULT: {}
COMMAND: POST /session/e7ea40813c72c691ec6b0d6c49a20f29/execute/async - {"script":"<script> [1562 bytes]","args":[{"selector":{"id":"application-manageyards-display-component---NewYard--yardId","interaction":{"idSuffix":"inner"}},"wdio_ui5_key":"applicationmanageyards-display-component---NewYard--yardId"}]}
RESULT: {"script":"<script> [1562 bytes]","args":[{"selector":{"id":"application-manageyards-display-component---NewYard--yardId","interaction":{"idSuffix":"inner"}},"wdio_ui5_key":"applicationmanageyards-display-component---NewYard--yardId"}]}
RESULT: undefined
COMMAND: POST /session/e7ea40813c72c691ec6b0d6c49a20f29/element - {"using":"xpath","value":"//*[@id=\"application-manageyards-display-component---NewYard--addressDetailDetailsName1-inner\"]"}
RESULT: {"using":"xpath","value":"//*[@id=\"application-manageyards-display-component---NewYard--addressDetailDetailsName1-inner\"]"}
COMMAND: POST /session/e7ea40813c72c691ec6b0d6c49a20f29/element/f.EA024E5748EAFE5A0CAA481A9B11DD22.d.A2F6A66CFA07627BC8EA7C5A94B6D278.e.8929/clear - {}
RESULT: {}
COMMAND: POST /session/e7ea40813c72c691ec6b0d6c49a20f29/element/f.EA024E5748EAFE5A0CAA481A9B11DD22.d.A2F6A66CFA07627BC8EA7C5A94B6D278.e.8929/value - {"text":"WebdriverWHMYardz6za4h"}
COMMAND: GET /session/e7ea40813c72c691ec6b0d6c49a20f29/screenshot - {}
RESULT: {"text":"WebdriverWHMYardz6za4h"}
COMMAND: POST /session/e7ea40813c72c691ec6b0d6c49a20f29/element - {"using":"xpath","value":"//*[@id=\"application-manageyards-display-component---NewYard--addressDetailDetailsLanguage-inner\"]"}
COMMAND: GET /session/e7ea40813c72c691ec6b0d6c49a20f29/screenshot - {}
RESULT: {}
RESULT: {}
RESULT: {"using":"xpath","value":"//*[@id=\"application-manageyards-display-component---NewYard--addressDetailDetailsLanguage-inner\"]"}
COMMAND: POST /session/e7ea40813c72c691ec6b0d6c49a20f29/element/f.EA024E5748EAFE5A0CAA481A9B11DD22.d.A2F6A66CFA07627BC8EA7C5A94B6D278.e.8930/clear - {}
RESULT: {}
COMMAND: POST /session/e7ea40813c72c691ec6b0d6c49a20f29/element/f.EA024E5748EAFE5A0CAA481A9B11DD22.d.A2F6A66CFA07627BC8EA7C5A94B6D278.e.8930/value - {"text":"Romanian"}
COMMAND: GET /session/e7ea40813c72c691ec6b0d6c49a20f29/screenshot - {}
RESULT: {"text":"Romanian"}
COMMAND: POST /session/e7ea40813c72c691ec6b0d6c49a20f29/element - {"using":"xpath","value":"//input[contains(@id ,\"application-manageyards-display-component---NewYard--addressDetailDetailsName1-inner\")]"}
COMMAND: GET /session/e7ea40813c72c691ec6b0d6c49a20f29/screenshot - {}
RESULT: {}
RESULT: {"using":"xpath","value":"//input[contains(@id ,\"application-manageyards-display-component---NewYard--addressDetailDetailsName1-inner\")]"}
COMMAND: GET /session/e7ea40813c72c691ec6b0d6c49a20f29/element/f.EA024E5748EAFE5A0CAA481A9B11DD22.d.A2F6A66CFA07627BC8EA7C5A94B6D278.e.8929/property/value - {}
RESULT: {}
RESULT: {}
COMMAND: GET /session/e7ea40813c72c691ec6b0d6c49a20f29/screenshot - {}
RESULT: {}
COMMAND: POST /session/e7ea40813c72c691ec6b0d6c49a20f29/element - {"using":"xpath","value":"//*[@id=\"application-manageyards-display-component---NewYard--addressDetailDetailsCity1-inner\"]"}
RESULT: {"using":"xpath","value":"//*[@id=\"application-manageyards-display-component---NewYard--addressDetailDetailsCity1-inner\"]"}
COMMAND: POST /session/e7ea40813c72c691ec6b0d6c49a20f29/element/f.EA024E5748EAFE5A0CAA481A9B11DD22.d.A2F6A66CFA07627BC8EA7C5A94B6D278.e.8932/clear - {}
RESULT: {}
COMMAND: POST /session/e7ea40813c72c691ec6b0d6c49a20f29/element/f.EA024E5748EAFE5A0CAA481A9B11DD22.d.A2F6A66CFA07627BC8EA7C5A94B6D278.e.8932/value - {"text":"Bucuresti"}
COMMAND: GET /session/e7ea40813c72c691ec6b0d6c49a20f29/screenshot - {}
RESULT: {"text":"Bucuresti"}
COMMAND: GET /session/e7ea40813c72c691ec6b0d6c49a20f29/screenshot - {}
RESULT: {}
RESULT: {}
COMMAND: POST /session/e7ea40813c72c691ec6b0d6c49a20f29/element - {"using":"xpath","value":"//*[@id=\"application-manageyards-display-component---NewYard--addressDetailDetailsCountry-inner\"]"}
RESULT: {"using":"xpath","value":"//*[@id=\"application-manageyards-display-component---NewYard--addressDetailDetailsCountry-inner\"]"}
COMMAND: POST /session/e7ea40813c72c691ec6b0d6c49a20f29/element/f.EA024E5748EAFE5A0CAA481A9B11DD22.d.A2F6A66CFA07627BC8EA7C5A94B6D278.e.8936/clear - {}
RESULT: {}
COMMAND: POST /session/e7ea40813c72c691ec6b0d6c49a20f29/element/f.EA024E5748EAFE5A0CAA481A9B11DD22.d.A2F6A66CFA07627BC8EA7C5A94B6D278.e.8936/value - {"text":"Romania"}
COMMAND: GET /session/e7ea40813c72c691ec6b0d6c49a20f29/screenshot - {}
RESULT: {"text":"Romania"}
COMMAND: GET /session/e7ea40813c72c691ec6b0d6c49a20f29/screenshot - {}
RESULT: {}
RESULT: {}
COMMAND: POST /session/e7ea40813c72c691ec6b0d6c49a20f29/execute/async - {"script":"<script> [1562 bytes]","args":[{"selector":{"controlType":"sap.m.Button","viewName":"etm.portal.ui.manageyards.view.New","viewId":"application-manageyards-display-component---NewYard","properties":{"text":"Commercial"},"interaction":{"idSuffix":"BDI-content"}},"wdio_ui5_key":"etmportal.ui.manageyards.view.Newsap.m.Button{\"text\":\"Commercial\"}"}]}
RESULT: {"script":"<script> [1562 bytes]","args":[{"selector":{"controlType":"sap.m.Button","viewName":"etm.portal.ui.manageyards.view.New","viewId":"application-manageyards-display-component---NewYard","properties":{"text":"Commercial"},"interaction":{"idSuffix":"BDI-content"}},"wdio_ui5_key":"etmportal.ui.manageyards.view.Newsap.m.Button{\"text\":\"Commercial\"}"}]}
RESULT: undefined
COMMAND: POST /session/e7ea40813c72c691ec6b0d6c49a20f29/element - {"using":"xpath","value":"//*[@id=\"application-manageyards-display-component---NewYard--ObjectPageLayout-anchBar-__section5-anchor\"]"}
RESULT: {"using":"xpath","value":"//*[@id=\"application-manageyards-display-component---NewYard--ObjectPageLayout-anchBar-__section5-anchor\"]"}
COMMAND: POST /session/e7ea40813c72c691ec6b0d6c49a20f29/element/f.EA024E5748EAFE5A0CAA481A9B11DD22.d.A2F6A66CFA07627BC8EA7C5A94B6D278.e.9134/click - {}
RESULT: {}
COMMAND: GET /session/e7ea40813c72c691ec6b0d6c49a20f29/screenshot - {}
RESULT: {}
COMMAND: POST /session/e7ea40813c72c691ec6b0d6c49a20f29/element - {"using":"xpath","value":"//div[contains(text(), \"Commercial\")]"}
RESULT: {"using":"xpath","value":"//div[contains(text(), \"Commercial\")]"}
COMMAND: GET /session/e7ea40813c72c691ec6b0d6c49a20f29/element/f.EA024E5748EAFE5A0CAA481A9B11DD22.d.A2F6A66CFA07627BC8EA7C5A94B6D278.e.9143/rect - {}
RESULT: {}
COMMAND: GET /session/e7ea40813c72c691ec6b0d6c49a20f29/window/rect - {}
RESULT: {}
COMMAND: POST /session/e7ea40813c72c691ec6b0d6c49a20f29/execute/sync - {"script":"<script> [92 bytes]","args":[]}
RESULT: {"script":"<script> [92 bytes]","args":[]}
COMMAND: POST /session/e7ea40813c72c691ec6b0d6c49a20f29/actions - {"actions":[{"id":"action26","type":"wheel","parameters":{},"actions":[{"type":"scroll","x":-1841,"y":-44,"deltaX":0,"deltaY":0,"duration":0,"origin":{"element-6066-11e4-a52e-4f735466cecf":"f.EA024E5748EAFE5A0CAA481A9B11DD22.d.A2F6A66CFA07627BC8EA7C5A94B6D278.e.9143"}}]}]}
COMMAND: GET /session/e7ea40813c72c691ec6b0d6c49a20f29/screenshot - {}
RESULT: {}
COMMAND: POST /session/e7ea40813c72c691ec6b0d6c49a20f29/execute/sync - {"script":"<script> [79 bytes]","args":[{"element-6066-11e4-a52e-4f735466cecf":"f.EA024E5748EAFE5A0CAA481A9B11DD22.d.A2F6A66CFA07627BC8EA7C5A94B6D278.e.9143","ELEMENT":"f.EA024E5748EAFE5A0CAA481A9B11DD22.d.A2F6A66CFA07627BC8EA7C5A94B6D278.e.9143"},{"block":"start","inline":"nearest"}]}
RESULT: {"script":"<script> [79 bytes]","args":[{"element-6066-11e4-a52e-4f735466cecf":"f.EA024E5748EAFE5A0CAA481A9B11DD22.d.A2F6A66CFA07627BC8EA7C5A94B6D278.e.9143","ELEMENT":"f.EA024E5748EAFE5A0CAA481A9B11DD22.d.A2F6A66CFA07627BC8EA7C5A94B6D278.e.9143"},{"block":"start","inline":"nearest"}]}
COMMAND: GET /session/e7ea40813c72c691ec6b0d6c49a20f29/screenshot - {}
RESULT: {}
COMMAND: POST /session/e7ea40813c72c691ec6b0d6c49a20f29/execute/async - {"script":"<script> [1562 bytes]","args":[{"selector":{"id":"application-manageyards-display-component---NewYard--addressEditDetailsCostObjectCstType-arrow"},"wdio_ui5_key":"applicationmanageyards-display-component---NewYard--addressEditDetailsCostObjectCstType-arrow"}]}
RESULT: {"script":"<script> [1562 bytes]","args":[{"selector":{"id":"application-manageyards-display-component---NewYard--addressEditDetailsCostObjectCstType-arrow"},"wdio_ui5_key":"applicationmanageyards-display-component---NewYard--addressEditDetailsCostObjectCstType-arrow"}]}
RESULT: undefined
COMMAND: POST /session/e7ea40813c72c691ec6b0d6c49a20f29/element - {"using":"xpath","value":"//*[@id=\"application-manageyards-display-component---NewYard--addressEditDetailsCostObjectCstType-arrow\"]"}
RESULT: {"using":"xpath","value":"//*[@id=\"application-manageyards-display-component---NewYard--addressEditDetailsCostObjectCstType-arrow\"]"}
COMMAND: POST /session/e7ea40813c72c691ec6b0d6c49a20f29/element/f.EA024E5748EAFE5A0CAA481A9B11DD22.d.A2F6A66CFA07627BC8EA7C5A94B6D278.e.9144/click - {}
RESULT: {}
COMMAND: POST /session/e7ea40813c72c691ec6b0d6c49a20f29/element - {"using":"xpath","value":"//span[contains(text(), \"Cost Center\")]"}
COMMAND: GET /session/e7ea40813c72c691ec6b0d6c49a20f29/screenshot - {}
RESULT: {"using":"xpath","value":"//span[contains(text(), \"Cost Center\")]"}
COMMAND: POST /session/e7ea40813c72c691ec6b0d6c49a20f29/element/f.EA024E5748EAFE5A0CAA481A9B11DD22.d.A2F6A66CFA07627BC8EA7C5A94B6D278.e.9145/click - {}
RESULT: {}
RESULT: {}
COMMAND: GET /session/e7ea40813c72c691ec6b0d6c49a20f29/screenshot - {}
RESULT: {}
COMMAND: POST /session/e7ea40813c72c691ec6b0d6c49a20f29/execute/async - {"script":"<script> [1562 bytes]","args":[{"selector":{"id":"application-manageyards-display-component---NewYard--addressNewCostObjectCstID-vhi"},"wdio_ui5_key":"applicationmanageyards-display-component---NewYard--addressNewCostObjectCstID-vhi"}]}
RESULT: {"script":"<script> [1562 bytes]","args":[{"selector":{"id":"application-manageyards-display-component---NewYard--addressNewCostObjectCstID-vhi"},"wdio_ui5_key":"applicationmanageyards-display-component---NewYard--addressNewCostObjectCstID-vhi"}]}
RESULT: undefined
COMMAND: POST /session/e7ea40813c72c691ec6b0d6c49a20f29/element - {"using":"xpath","value":"//*[@id=\"application-manageyards-display-component---NewYard--addressNewCostObjectCstID-vhi\"]"}
RESULT: {"using":"xpath","value":"//*[@id=\"application-manageyards-display-component---NewYard--addressNewCostObjectCstID-vhi\"]"}
COMMAND: POST /session/e7ea40813c72c691ec6b0d6c49a20f29/element/f.EA024E5748EAFE5A0CAA481A9B11DD22.d.A2F6A66CFA07627BC8EA7C5A94B6D278.e.9149/click - {}
RESULT: {}
COMMAND: GET /session/e7ea40813c72c691ec6b0d6c49a20f29/screenshot - {}
RESULT: {}
COMMAND: POST /session/e7ea40813c72c691ec6b0d6c49a20f29/execute/async - {"script":"<script> [1562 bytes]","args":[{"selector":{"controlType":"sap.m.SearchField","properties":{"placeholder":"Search"},"searchOpenDialogs":true,"interaction":{"idSuffix":"I"}},"wdio_ui5_key":"sapm.SearchField{\"placeholder\":\"Search\"}"}]}
RESULT: {"script":"<script> [1562 bytes]","args":[{"selector":{"controlType":"sap.m.SearchField","properties":{"placeholder":"Search"},"searchOpenDialogs":true,"interaction":{"idSuffix":"I"}},"wdio_ui5_key":"sapm.SearchField{\"placeholder\":\"Search\"}"}]}
RESULT: undefined
COMMAND: POST /session/e7ea40813c72c691ec6b0d6c49a20f29/execute/async - {"script":"<script> [776 bytes]","args":[{"enterText":"10001013","selector":{"controlType":"sap.m.SearchField","properties":{"placeholder":"Search"},"searchOpenDialogs":true,"interaction":{"idSuffix":"I"}},"clearTextFirst":true,"interactionType":"ENTER_TEXT"}]}
RESULT: {"script":"<script> [776 bytes]","args":[{"enterText":"10001013","selector":{"controlType":"sap.m.SearchField","properties":{"placeholder":"Search"},"searchOpenDialogs":true,"interaction":{"idSuffix":"I"}},"clearTextFirst":true,"interactionType":"ENTER_TEXT"}]}
COMMAND: POST /session/e7ea40813c72c691ec6b0d6c49a20f29/actions - {"actions":[{"id":"action27","type":"key","parameters":{},"actions":[{"type":"keyDown","value":"î€‡"},{"type":"pause","duration":10},{"type":"keyUp","value":"î€‡"}]}]}
RESULT: {"actions":[{"id":"action27","type":"key","parameters":{},"actions":[{"type":"keyDown","value":"î€‡"},{"type":"pause","duration":10},{"type":"keyUp","value":"î€‡"}]}]}
COMMAND: GET /session/e7ea40813c72c691ec6b0d6c49a20f29/screenshot - {}
RESULT: {}
COMMAND: POST /session/e7ea40813c72c691ec6b0d6c49a20f29/element - {"using":"xpath","value":"//span[contains(text(), \"General Management\")]"}
RESULT: {"using":"xpath","value":"//span[contains(text(), \"General Management\")]"}
COMMAND: POST /session/e7ea40813c72c691ec6b0d6c49a20f29/element/f.EA024E5748EAFE5A0CAA481A9B11DD22.d.A2F6A66CFA07627BC8EA7C5A94B6D278.e.9191/click - {}
RESULT: {}
COMMAND: GET /session/e7ea40813c72c691ec6b0d6c49a20f29/screenshot - {}
RESULT: {}
COMMAND: POST /session/e7ea40813c72c691ec6b0d6c49a20f29/element - {"using":"xpath","value":"//bdi[contains(text(), \"OK\")]"}
RESULT: {"using":"xpath","value":"//bdi[contains(text(), \"OK\")]"}
COMMAND: POST /session/e7ea40813c72c691ec6b0d6c49a20f29/element/f.EA024E5748EAFE5A0CAA481A9B11DD22.d.A2F6A66CFA07627BC8EA7C5A94B6D278.e.9192/click - {}
RESULT: {}
COMMAND: GET /session/e7ea40813c72c691ec6b0d6c49a20f29/screenshot - {}
RESULT: {}
COMMAND: POST /session/e7ea40813c72c691ec6b0d6c49a20f29/execute/async - {"script":"<script> [1562 bytes]","args":[{"selector":{"id":"application-manageyards-display-component---NewYard--addressEditDetailsCurrency","interaction":{"idSuffix":"inner"}},"wdio_ui5_key":"applicationmanageyards-display-component---NewYard--addressEditDetailsCurrency"}]}
RESULT: {"script":"<script> [1562 bytes]","args":[{"selector":{"id":"application-manageyards-display-component---NewYard--addressEditDetailsCurrency","interaction":{"idSuffix":"inner"}},"wdio_ui5_key":"applicationmanageyards-display-component---NewYard--addressEditDetailsCurrency"}]}
RESULT: undefined
COMMAND: POST /session/e7ea40813c72c691ec6b0d6c49a20f29/execute/async - {"script":"<script> [776 bytes]","args":[{"enterText":"Euro","selector":{"id":"application-manageyards-display-component---NewYard--addressEditDetailsCurrency","interaction":{"idSuffix":"inner"}},"clearTextFirst":true,"interactionType":"ENTER_TEXT"}]}
RESULT: {"script":"<script> [776 bytes]","args":[{"enterText":"Euro","selector":{"id":"application-manageyards-display-component---NewYard--addressEditDetailsCurrency","interaction":{"idSuffix":"inner"}},"clearTextFirst":true,"interactionType":"ENTER_TEXT"}]}
COMMAND: POST /session/e7ea40813c72c691ec6b0d6c49a20f29/execute/async - {"script":"<script> [1562 bytes]","args":[{"selector":{"controlType":"sap.m.Input","viewName":"etm.portal.ui.manageyards.view.New","viewId":"application-manageyards-display-component---NewYard","bindingPath":{"path":"","propertyPath":"/CONTROLLING_AREA","modelName":"NewYardModel"},"interaction":{"idSuffix":"inner"}},"wdio_ui5_key":"etmportal.ui.manageyards.view.Newsap.m.Input{\"path\":\"\",\"propertyPath\":\"/CONTROLLING_AREA\",\"modelName\":\"NewYardModel\"}"}]}
RESULT: {"script":"<script> [1562 bytes]","args":[{"selector":{"controlType":"sap.m.Input","viewName":"etm.portal.ui.manageyards.view.New","viewId":"application-manageyards-display-component---NewYard","bindingPath":{"path":"","propertyPath":"/CONTROLLING_AREA","modelName":"NewYardModel"},"interaction":{"idSuffix":"inner"}},"wdio_ui5_key":"etmportal.ui.manageyards.view.Newsap.m.Input{\"path\":\"\",\"propertyPath\":\"/CONTROLLING_AREA\",\"modelName\":\"NewYardModel\"}"}]}
RESULT: undefined
COMMAND: POST /session/e7ea40813c72c691ec6b0d6c49a20f29/execute/async - {"script":"<script> [776 bytes]","args":[{"enterText":"Z001","selector":{"controlType":"sap.m.Input","viewName":"etm.portal.ui.manageyards.view.New","viewId":"application-manageyards-display-component---NewYard","bindingPath":{"path":"","propertyPath":"/CONTROLLING_AREA","modelName":"NewYardModel"},"interaction":{"idSuffix":"inner"}},"clearTextFirst":true,"interactionType":"ENTER_TEXT"}]}
RESULT: {"script":"<script> [776 bytes]","args":[{"enterText":"Z001","selector":{"controlType":"sap.m.Input","viewName":"etm.portal.ui.manageyards.view.New","viewId":"application-manageyards-display-component---NewYard","bindingPath":{"path":"","propertyPath":"/CONTROLLING_AREA","modelName":"NewYardModel"},"interaction":{"idSuffix":"inner"}},"clearTextFirst":true,"interactionType":"ENTER_TEXT"}]}
COMMAND: POST /session/e7ea40813c72c691ec6b0d6c49a20f29/execute/async - {"script":"<script> [1562 bytes]","args":[{"selector":{"id":"application-manageyards-display-component---NewYard--companyCodeComboBox","interaction":{"idSuffix":"inner"}},"wdio_ui5_key":"applicationmanageyards-display-component---NewYard--companyCodeComboBox"}]}
RESULT: {"script":"<script> [1562 bytes]","args":[{"selector":{"id":"application-manageyards-display-component---NewYard--companyCodeComboBox","interaction":{"idSuffix":"inner"}},"wdio_ui5_key":"applicationmanageyards-display-component---NewYard--companyCodeComboBox"}]}
RESULT: undefined
COMMAND: POST /session/e7ea40813c72c691ec6b0d6c49a20f29/execute/async - {"script":"<script> [776 bytes]","args":[{"enterText":"1000","selector":{"id":"application-manageyards-display-component---NewYard--companyCodeComboBox","interaction":{"idSuffix":"inner"}},"clearTextFirst":true,"interactionType":"ENTER_TEXT"}]}
RESULT: {"script":"<script> [776 bytes]","args":[{"enterText":"1000","selector":{"id":"application-manageyards-display-component---NewYard--companyCodeComboBox","interaction":{"idSuffix":"inner"}},"clearTextFirst":true,"interactionType":"ENTER_TEXT"}]}
COMMAND: POST /session/e7ea40813c72c691ec6b0d6c49a20f29/actions - {"actions":[{"id":"action28","type":"key","parameters":{},"actions":[{"type":"keyDown","value":"î€‡"},{"type":"pause","duration":10},{"type":"keyUp","value":"î€‡"}]}]}
RESULT: {"actions":[{"id":"action28","type":"key","parameters":{},"actions":[{"type":"keyDown","value":"î€‡"},{"type":"pause","duration":10},{"type":"keyUp","value":"î€‡"}]}]}
COMMAND: POST /session/e7ea40813c72c691ec6b0d6c49a20f29/execute/async - {"script":"<script> [1562 bytes]","args":[{"selector":{"controlType":"sap.m.Input","viewName":"etm.portal.ui.manageyards.view.New","viewId":"application-manageyards-display-component---NewYard","bindingPath":{"path":"","propertyPath":"/PLANT","modelName":"NewYardModel"},"interaction":{"idSuffix":"inner"}},"wdio_ui5_key":"etmportal.ui.manageyards.view.Newsap.m.Input{\"path\":\"\",\"propertyPath\":\"/PLANT\",\"modelName\":\"NewYardModel\"}"}]}
COMMAND: GET /session/e7ea40813c72c691ec6b0d6c49a20f29/screenshot - {}
RESULT: {"script":"<script> [1562 bytes]","args":[{"selector":{"controlType":"sap.m.Input","viewName":"etm.portal.ui.manageyards.view.New","viewId":"application-manageyards-display-component---NewYard","bindingPath":{"path":"","propertyPath":"/PLANT","modelName":"NewYardModel"},"interaction":{"idSuffix":"inner"}},"wdio_ui5_key":"etmportal.ui.manageyards.view.Newsap.m.Input{\"path\":\"\",\"propertyPath\":\"/PLANT\",\"modelName\":\"NewYardModel\"}"}]}
RESULT: undefined
COMMAND: POST /session/e7ea40813c72c691ec6b0d6c49a20f29/execute/async - {"script":"<script> [776 bytes]","args":[{"enterText":"1001","selector":{"controlType":"sap.m.Input","viewName":"etm.portal.ui.manageyards.view.New","viewId":"application-manageyards-display-component---NewYard","bindingPath":{"path":"","propertyPath":"/PLANT","modelName":"NewYardModel"},"interaction":{"idSuffix":"inner"}},"clearTextFirst":true,"interactionType":"ENTER_TEXT"}]}
RESULT: {}
RESULT: {"script":"<script> [776 bytes]","args":[{"enterText":"1001","selector":{"controlType":"sap.m.Input","viewName":"etm.portal.ui.manageyards.view.New","viewId":"application-manageyards-display-component---NewYard","bindingPath":{"path":"","propertyPath":"/PLANT","modelName":"NewYardModel"},"interaction":{"idSuffix":"inner"}},"clearTextFirst":true,"interactionType":"ENTER_TEXT"}]}
COMMAND: POST /session/e7ea40813c72c691ec6b0d6c49a20f29/execute/async - {"script":"<script> [1562 bytes]","args":[{"selector":{"controlType":"sap.m.Input","viewName":"etm.portal.ui.manageyards.view.New","viewId":"application-manageyards-display-component---NewYard","bindingPath":{"path":"","propertyPath":"/SALES_AREA_VKORG","modelName":"NewYardModel"},"interaction":{"idSuffix":"inner"}},"wdio_ui5_key":"etmportal.ui.manageyards.view.Newsap.m.Input{\"path\":\"\",\"propertyPath\":\"/SALES_AREA_VKORG\",\"modelName\":\"NewYardModel\"}"}]}
RESULT: {"script":"<script> [1562 bytes]","args":[{"selector":{"controlType":"sap.m.Input","viewName":"etm.portal.ui.manageyards.view.New","viewId":"application-manageyards-display-component---NewYard","bindingPath":{"path":"","propertyPath":"/SALES_AREA_VKORG","modelName":"NewYardModel"},"interaction":{"idSuffix":"inner"}},"wdio_ui5_key":"etmportal.ui.manageyards.view.Newsap.m.Input{\"path\":\"\",\"propertyPath\":\"/SALES_AREA_VKORG\",\"modelName\":\"NewYardModel\"}"}]}
RESULT: undefined
COMMAND: POST /session/e7ea40813c72c691ec6b0d6c49a20f29/execute/async - {"script":"<script> [776 bytes]","args":[{"enterText":"C002","selector":{"controlType":"sap.m.Input","viewName":"etm.portal.ui.manageyards.view.New","viewId":"application-manageyards-display-component---NewYard","bindingPath":{"path":"","propertyPath":"/SALES_AREA_VKORG","modelName":"NewYardModel"},"interaction":{"idSuffix":"inner"}},"clearTextFirst":true,"interactionType":"ENTER_TEXT"}]}
RESULT: {"script":"<script> [776 bytes]","args":[{"enterText":"C002","selector":{"controlType":"sap.m.Input","viewName":"etm.portal.ui.manageyards.view.New","viewId":"application-manageyards-display-component---NewYard","bindingPath":{"path":"","propertyPath":"/SALES_AREA_VKORG","modelName":"NewYardModel"},"interaction":{"idSuffix":"inner"}},"clearTextFirst":true,"interactionType":"ENTER_TEXT"}]}
COMMAND: POST /session/e7ea40813c72c691ec6b0d6c49a20f29/execute/async - {"script":"<script> [1562 bytes]","args":[{"selector":{"controlType":"sap.m.Input","viewName":"etm.portal.ui.manageyards.view.New","viewId":"application-manageyards-display-component---NewYard","bindingPath":{"path":"","propertyPath":"/SALES_AREA_VTWEG","modelName":"NewYardModel"},"interaction":{"idSuffix":"inner"}},"wdio_ui5_key":"etmportal.ui.manageyards.view.Newsap.m.Input{\"path\":\"\",\"propertyPath\":\"/SALES_AREA_VTWEG\",\"modelName\":\"NewYardModel\"}"}]}
RESULT: {"script":"<script> [1562 bytes]","args":[{"selector":{"controlType":"sap.m.Input","viewName":"etm.portal.ui.manageyards.view.New","viewId":"application-manageyards-display-component---NewYard","bindingPath":{"path":"","propertyPath":"/SALES_AREA_VTWEG","modelName":"NewYardModel"},"interaction":{"idSuffix":"inner"}},"wdio_ui5_key":"etmportal.ui.manageyards.view.Newsap.m.Input{\"path\":\"\",\"propertyPath\":\"/SALES_AREA_VTWEG\",\"modelName\":\"NewYardModel\"}"}]}
RESULT: undefined
COMMAND: POST /session/e7ea40813c72c691ec6b0d6c49a20f29/execute/async - {"script":"<script> [776 bytes]","args":[{"enterText":"C2","selector":{"controlType":"sap.m.Input","viewName":"etm.portal.ui.manageyards.view.New","viewId":"application-manageyards-display-component---NewYard","bindingPath":{"path":"","propertyPath":"/SALES_AREA_VTWEG","modelName":"NewYardModel"},"interaction":{"idSuffix":"inner"}},"clearTextFirst":true,"interactionType":"ENTER_TEXT"}]}
RESULT: {"script":"<script> [776 bytes]","args":[{"enterText":"C2","selector":{"controlType":"sap.m.Input","viewName":"etm.portal.ui.manageyards.view.New","viewId":"application-manageyards-display-component---NewYard","bindingPath":{"path":"","propertyPath":"/SALES_AREA_VTWEG","modelName":"NewYardModel"},"interaction":{"idSuffix":"inner"}},"clearTextFirst":true,"interactionType":"ENTER_TEXT"}]}
COMMAND: POST /session/e7ea40813c72c691ec6b0d6c49a20f29/execute/async - {"script":"<script> [1562 bytes]","args":[{"selector":{"controlType":"sap.m.Input","viewName":"etm.portal.ui.manageyards.view.New","viewId":"application-manageyards-display-component---NewYard","bindingPath":{"path":"","propertyPath":"/SALES_AREA_SPART","modelName":"NewYardModel"},"interaction":{"idSuffix":"inner"}},"wdio_ui5_key":"etmportal.ui.manageyards.view.Newsap.m.Input{\"path\":\"\",\"propertyPath\":\"/SALES_AREA_SPART\",\"modelName\":\"NewYardModel\"}"}]}
RESULT: {"script":"<script> [1562 bytes]","args":[{"selector":{"controlType":"sap.m.Input","viewName":"etm.portal.ui.manageyards.view.New","viewId":"application-manageyards-display-component---NewYard","bindingPath":{"path":"","propertyPath":"/SALES_AREA_SPART","modelName":"NewYardModel"},"interaction":{"idSuffix":"inner"}},"wdio_ui5_key":"etmportal.ui.manageyards.view.Newsap.m.Input{\"path\":\"\",\"propertyPath\":\"/SALES_AREA_SPART\",\"modelName\":\"NewYardModel\"}"}]}
RESULT: undefined
COMMAND: POST /session/e7ea40813c72c691ec6b0d6c49a20f29/execute/async - {"script":"<script> [776 bytes]","args":[{"enterText":"C2","selector":{"controlType":"sap.m.Input","viewName":"etm.portal.ui.manageyards.view.New","viewId":"application-manageyards-display-component---NewYard","bindingPath":{"path":"","propertyPath":"/SALES_AREA_SPART","modelName":"NewYardModel"},"interaction":{"idSuffix":"inner"}},"clearTextFirst":true,"interactionType":"ENTER_TEXT"}]}
RESULT: {"script":"<script> [776 bytes]","args":[{"enterText":"C2","selector":{"controlType":"sap.m.Input","viewName":"etm.portal.ui.manageyards.view.New","viewId":"application-manageyards-display-component---NewYard","bindingPath":{"path":"","propertyPath":"/SALES_AREA_SPART","modelName":"NewYardModel"},"interaction":{"idSuffix":"inner"}},"clearTextFirst":true,"interactionType":"ENTER_TEXT"}]}
COMMAND: POST /session/e7ea40813c72c691ec6b0d6c49a20f29/execute/async - {"script":"<script> [1562 bytes]","args":[{"selector":{"id":"application-manageyards-display-component---NewYard--whmCheckBox","interaction":{"idSuffix":"CbBg"}},"wdio_ui5_key":"applicationmanageyards-display-component---NewYard--whmCheckBox"}]}
RESULT: {"script":"<script> [1562 bytes]","args":[{"selector":{"id":"application-manageyards-display-component---NewYard--whmCheckBox","interaction":{"idSuffix":"CbBg"}},"wdio_ui5_key":"applicationmanageyards-display-component---NewYard--whmCheckBox"}]}
RESULT: undefined
COMMAND: POST /session/e7ea40813c72c691ec6b0d6c49a20f29/element - {"using":"xpath","value":"//*[@id=\"application-manageyards-display-component---NewYard--whmCheckBox\"]"}
RESULT: {"using":"xpath","value":"//*[@id=\"application-manageyards-display-component---NewYard--whmCheckBox\"]"}
COMMAND: POST /session/e7ea40813c72c691ec6b0d6c49a20f29/element/f.EA024E5748EAFE5A0CAA481A9B11DD22.d.A2F6A66CFA07627BC8EA7C5A94B6D278.e.9203/click - {}
RESULT: {}
COMMAND: POST /session/e7ea40813c72c691ec6b0d6c49a20f29/execute/async - {"script":"<script> [1562 bytes]","args":[{"selector":{"controlType":"sap.m.Button","viewName":"etm.portal.ui.manageyards.view.New","viewId":"application-manageyards-display-component---NewYard","i18NText":{"propertyName":"text","key":"save"},"interaction":{"idSuffix":"inner"}},"wdio_ui5_key":"etmportal.ui.manageyards.view.Newsap.m.Button{\"propertyName\":\"text\",\"key\":\"save\"}"}]}
COMMAND: GET /session/e7ea40813c72c691ec6b0d6c49a20f29/screenshot - {}
RESULT: {"script":"<script> [1562 bytes]","args":[{"selector":{"controlType":"sap.m.Button","viewName":"etm.portal.ui.manageyards.view.New","viewId":"application-manageyards-display-component---NewYard","i18NText":{"propertyName":"text","key":"save"},"interaction":{"idSuffix":"inner"}},"wdio_ui5_key":"etmportal.ui.manageyards.view.Newsap.m.Button{\"propertyName\":\"text\",\"key\":\"save\"}"}]}
RESULT: undefined
COMMAND: POST /session/e7ea40813c72c691ec6b0d6c49a20f29/element - {"using":"xpath","value":"//*[@id=\"__button18\"]"}
RESULT: {}
RESULT: {"using":"xpath","value":"//*[@id=\"__button18\"]"}
COMMAND: POST /session/e7ea40813c72c691ec6b0d6c49a20f29/element/f.EA024E5748EAFE5A0CAA481A9B11DD22.d.A2F6A66CFA07627BC8EA7C5A94B6D278.e.9112/click - {}
RESULT: {}
COMMAND: GET /session/e7ea40813c72c691ec6b0d6c49a20f29/screenshot - {}
RESULT: {}
COMMAND: POST /session/e7ea40813c72c691ec6b0d6c49a20f29/element - {"using":"css selector","value":"#shell-header-logo"}
RESULT: {"using":"css selector","value":"#shell-header-logo"}
COMMAND: POST /session/e7ea40813c72c691ec6b0d6c49a20f29/element/f.EA024E5748EAFE5A0CAA481A9B11DD22.d.A2F6A66CFA07627BC8EA7C5A94B6D278.e.8659/click - {}
RESULT: {}
COMMAND: GET /session/e7ea40813c72c691ec6b0d6c49a20f29/screenshot - {}
RESULT: {}
COMMAND: POST /session/e7ea40813c72c691ec6b0d6c49a20f29/refresh - {}
RESULT: {}
COMMAND: GET /session/e7ea40813c72c691ec6b0d6c49a20f29/screenshot - {}
RESULT: {}
COMMAND: POST /session/e7ea40813c72c691ec6b0d6c49a20f29/execute/async - {"script":"<script> [189 bytes]","args":[]}
RESULT: {"script":"<script> [189 bytes]","args":[]}
COMMAND: POST /session/e7ea40813c72c691ec6b0d6c49a20f29/execute/async - {"script":"<script> [123 bytes]","args":[]}
RESULT: {"script":"<script> [123 bytes]","args":[]}
COMMAND: POST /session/e7ea40813c72c691ec6b0d6c49a20f29/timeouts - {"script":"<number>"}
RESULT: {"script":"<number>"}
COMMAND: GET /session/e7ea40813c72c691ec6b0d6c49a20f29/timeouts - {}
RESULT: {}
RESULT: undefined
COMMAND: POST /session/e7ea40813c72c691ec6b0d6c49a20f29/execute/async - {"script":"<script> [2676 bytes]","args":[]}
RESULT: {"script":"<script> [2676 bytes]","args":[]}
COMMAND: POST /session/e7ea40813c72c691ec6b0d6c49a20f29/execute/async - {"script":"<script> [2342 bytes]","args":[{"protocol":"http","hostname":"0.0.0.0","path":"/","capabilities":{"browserName":"chrome","goog:chromeOptions":{"binary":"C:\\Program Files\\Google\\Chrome\\Application\\chrome.exe","args":["--start-maximized"]}},"logLevel":"warn","connectionRetryTimeout":120000,"connectionRetryCount":3,"logLevels":{},"enableDirectConnect":true,"strictSSL":true,"_":"65 more keys: [\"cacheDir\",\"port\",\"requestedCapabilities\",\"automationProtocol\",\"baseUrl\",\"waitforInterval\",\"waitforTimeout\",\"onReload\",\"beforeCommand\",\"afterCommand\",\"rootDir\",\"specs\",\"suites\",\"exclude\",\"groupLogsByTestSpec\",\"excludeDriverLogs\",\"bail\",\"framework\",\"reporters\",\"services\",\"maxInstances\",\"maxInstancesPerCapability\",\"injectGlobals\",\"filesToWatch\",\"execArgv\",\"runnerEnv\",\"runner\",\"shard\",\"specFileRetries\",\"specFileRetriesDelay\",\"specFileRetriesDeferred\",\"reporterSyncInterval\",\"reporterSyncTimeout\",\"cucumberFeaturesWithLineNumbers\",\"autoCompileOpts\",\"mochaOpts\",\"jasmineOpts\",\"cucumberOpts\",\"onPrepare\",\"onWorkerStart\",\"onWorkerEnd\",\"before\",\"beforeSession\",\"beforeSuite\",\"beforeHook\",\"beforeTest\",\"afterTest\",\"afterHook\",\"afterSuite\",\"afterSession\",\"after\",\"onComplete\",\"beforeAssertion\",\"afterAssertion\",\"beforeFeature\",\"beforeScenario\",\"beforeStep\",\"afterStep\",\"afterScenario\",\"afterFeature\",\"_\",\"suite\",\"$0\",\"ignoredWorkerServices\",\"wdi5\"]"}]}
RESULT: {"script":"<script> [2342 bytes]","args":[{"protocol":"http","hostname":"0.0.0.0","path":"/","capabilities":{"browserName":"chrome","goog:chromeOptions":{"binary":"C:\\Program Files\\Google\\Chrome\\Application\\chrome.exe","args":["--start-maximized"]}},"logLevel":"warn","connectionRetryTimeout":120000,"connectionRetryCount":3,"logLevels":{},"enableDirectConnect":true,"strictSSL":true,"_":"65 more keys: [\"cacheDir\",\"port\",\"requestedCapabilities\",\"automationProtocol\",\"baseUrl\",\"waitforInterval\",\"waitforTimeout\",\"onReload\",\"beforeCommand\",\"afterCommand\",\"rootDir\",\"specs\",\"suites\",\"exclude\",\"groupLogsByTestSpec\",\"excludeDriverLogs\",\"bail\",\"framework\",\"reporters\",\"services\",\"maxInstances\",\"maxInstancesPerCapability\",\"injectGlobals\",\"filesToWatch\",\"execArgv\",\"runnerEnv\",\"runner\",\"shard\",\"specFileRetries\",\"specFileRetriesDelay\",\"specFileRetriesDeferred\",\"reporterSyncInterval\",\"reporterSyncTimeout\",\"cucumberFeaturesWithLineNumbers\",\"autoCompileOpts\",\"mochaOpts\",\"jasmineOpts\",\"cucumberOpts\",\"onPrepare\",\"onWorkerStart\",\"onWorkerEnd\",\"before\",\"beforeSession\",\"beforeSuite\",\"beforeHook\",\"beforeTest\",\"afterTest\",\"afterHook\",\"afterSuite\",\"afterSession\",\"after\",\"onComplete\",\"beforeAssertion\",\"afterAssertion\",\"beforeFeature\",\"beforeScenario\",\"beforeStep\",\"afterStep\",\"afterScenario\",\"afterFeature\",\"_\",\"suite\",\"$0\",\"ignoredWorkerServices\",\"wdi5\"]"}]}
COMMAND: POST /session/e7ea40813c72c691ec6b0d6c49a20f29/execute/async - {"script":"<script> [21126 bytes]","args":[35000]}
RESULT: {"script":"<script> [21126 bytes]","args":[35000]}
]]></system-out>
    </testcase>
    <testcase classname="chrome.135_0_7049_96.windows.Warehouse_movements_inventory_test" name="Should create a new warehouse organization" time="47.413">
      <system-out><![CDATA[
COMMAND: POST /session/e7ea40813c72c691ec6b0d6c49a20f29/execute/async - {"script":"<script> [1562 bytes]","args":[{"selector":{"controlType":"sap.m.GenericTile","properties":{"header":"Bin Status Report"}},"wdio_ui5_key":"sapm.GenericTile{\"header\":\"Bin Status Report\"}"}]}
RESULT: {"script":"<script> [1562 bytes]","args":[{"selector":{"controlType":"sap.m.GenericTile","properties":{"header":"Bin Status Report"}},"wdio_ui5_key":"sapm.GenericTile{\"header\":\"Bin Status Report\"}"}]}
RESULT: undefined
COMMAND: POST /session/e7ea40813c72c691ec6b0d6c49a20f29/element - {"using":"xpath","value":"//*[@id=\"__tile104\"]"}
RESULT: {"using":"xpath","value":"//*[@id=\"__tile104\"]"}
COMMAND: POST /session/e7ea40813c72c691ec6b0d6c49a20f29/element/f.EA024E5748EAFE5A0CAA481A9B11DD22.d.86928C301E533AB31E70D6E098B937E1.e.9412/click - {}
RESULT: {}
COMMAND: GET /session/e7ea40813c72c691ec6b0d6c49a20f29/screenshot - {}
RESULT: {}
COMMAND: POST /session/e7ea40813c72c691ec6b0d6c49a20f29/execute/async - {"script":"<script> [1562 bytes]","args":[{"selector":{"id":"application-binstatusreport-display-component---warehousing--createOrgBtn","interaction":{"idSuffix":"BDI-content"}},"wdio_ui5_key":"applicationbinstatusreport-display-component---warehousing--createOrgBtn"}]}
RESULT: {"script":"<script> [1562 bytes]","args":[{"selector":{"id":"application-binstatusreport-display-component---warehousing--createOrgBtn","interaction":{"idSuffix":"BDI-content"}},"wdio_ui5_key":"applicationbinstatusreport-display-component---warehousing--createOrgBtn"}]}
RESULT: undefined
COMMAND: POST /session/e7ea40813c72c691ec6b0d6c49a20f29/element - {"using":"xpath","value":"//*[@id=\"application-binstatusreport-display-component---warehousing--createOrgBtn\"]"}
RESULT: {"using":"xpath","value":"//*[@id=\"application-binstatusreport-display-component---warehousing--createOrgBtn\"]"}
COMMAND: POST /session/e7ea40813c72c691ec6b0d6c49a20f29/element/f.EA024E5748EAFE5A0CAA481A9B11DD22.d.86928C301E533AB31E70D6E098B937E1.e.9457/click - {}
RESULT: {}
COMMAND: GET /session/e7ea40813c72c691ec6b0d6c49a20f29/screenshot - {}
RESULT: {}
COMMAND: POST /session/e7ea40813c72c691ec6b0d6c49a20f29/execute/async - {"script":"<script> [1562 bytes]","args":[{"selector":{"id":"createOrganizationPop--sectionInput","searchOpenDialogs":true,"interaction":{"idSuffix":"inner"}},"wdio_ui5_key":"createOrganizationPopsectionInput"}]}
RESULT: {"script":"<script> [1562 bytes]","args":[{"selector":{"id":"createOrganizationPop--sectionInput","searchOpenDialogs":true,"interaction":{"idSuffix":"inner"}},"wdio_ui5_key":"createOrganizationPopsectionInput"}]}
RESULT: undefined
COMMAND: POST /session/e7ea40813c72c691ec6b0d6c49a20f29/execute/async - {"script":"<script> [776 bytes]","args":[{"enterText":"Sechv1bi","selector":{"id":"createOrganizationPop--sectionInput","searchOpenDialogs":true,"interaction":{"idSuffix":"inner"}},"clearTextFirst":true,"interactionType":"ENTER_TEXT"}]}
RESULT: {"script":"<script> [776 bytes]","args":[{"enterText":"Sechv1bi","selector":{"id":"createOrganizationPop--sectionInput","searchOpenDialogs":true,"interaction":{"idSuffix":"inner"}},"clearTextFirst":true,"interactionType":"ENTER_TEXT"}]}
COMMAND: POST /session/e7ea40813c72c691ec6b0d6c49a20f29/execute/async - {"script":"<script> [1562 bytes]","args":[{"selector":{"id":"createOrganizationPop--descriptionInput","searchOpenDialogs":true,"interaction":{"idSuffix":"inner"}},"wdio_ui5_key":"createOrganizationPopdescriptionInput"}]}
RESULT: {"script":"<script> [1562 bytes]","args":[{"selector":{"id":"createOrganizationPop--descriptionInput","searchOpenDialogs":true,"interaction":{"idSuffix":"inner"}},"wdio_ui5_key":"createOrganizationPopdescriptionInput"}]}
RESULT: undefined
COMMAND: POST /session/e7ea40813c72c691ec6b0d6c49a20f29/execute/async - {"script":"<script> [776 bytes]","args":[{"enterText":"OrgNamesdj34","selector":{"id":"createOrganizationPop--descriptionInput","searchOpenDialogs":true,"interaction":{"idSuffix":"inner"}},"clearTextFirst":true,"interactionType":"ENTER_TEXT"}]}
RESULT: {"script":"<script> [776 bytes]","args":[{"enterText":"OrgNamesdj34","selector":{"id":"createOrganizationPop--descriptionInput","searchOpenDialogs":true,"interaction":{"idSuffix":"inner"}},"clearTextFirst":true,"interactionType":"ENTER_TEXT"}]}
COMMAND: POST /session/e7ea40813c72c691ec6b0d6c49a20f29/element - {"using":"xpath","value":"//input[contains(@id ,\"createOrganizationPop--yardOrg-inner\")]"}
RESULT: {"using":"xpath","value":"//input[contains(@id ,\"createOrganizationPop--yardOrg-inner\")]"}
COMMAND: POST /session/e7ea40813c72c691ec6b0d6c49a20f29/element/f.EA024E5748EAFE5A0CAA481A9B11DD22.d.86928C301E533AB31E70D6E098B937E1.e.9493/clear - {}
RESULT: {}
COMMAND: POST /session/e7ea40813c72c691ec6b0d6c49a20f29/element/f.EA024E5748EAFE5A0CAA481A9B11DD22.d.86928C301E533AB31E70D6E098B937E1.e.9493/value - {"text":"WebdriverWHMYardz6za4h"}
COMMAND: GET /session/e7ea40813c72c691ec6b0d6c49a20f29/screenshot - {}
RESULT: {"text":"WebdriverWHMYardz6za4h"}
COMMAND: GET /session/e7ea40813c72c691ec6b0d6c49a20f29/screenshot - {}
RESULT: {}
RESULT: {}
COMMAND: POST /session/e7ea40813c72c691ec6b0d6c49a20f29/actions - {"actions":[{"id":"action29","type":"key","parameters":{},"actions":[{"type":"keyDown","value":"î€‡"},{"type":"pause","duration":10},{"type":"keyUp","value":"î€‡"}]}]}
RESULT: {"actions":[{"id":"action29","type":"key","parameters":{},"actions":[{"type":"keyDown","value":"î€‡"},{"type":"pause","duration":10},{"type":"keyUp","value":"î€‡"}]}]}
COMMAND: GET /session/e7ea40813c72c691ec6b0d6c49a20f29/screenshot - {}
RESULT: {}
COMMAND: POST /session/e7ea40813c72c691ec6b0d6c49a20f29/execute/async - {"script":"<script> [1562 bytes]","args":[{"selector":{"id":"createOrganizationPop--grZone","searchOpenDialogs":true,"interaction":{"idSuffix":"CbBg"}},"wdio_ui5_key":"createOrganizationPopgrZone"}]}
RESULT: {"script":"<script> [1562 bytes]","args":[{"selector":{"id":"createOrganizationPop--grZone","searchOpenDialogs":true,"interaction":{"idSuffix":"CbBg"}},"wdio_ui5_key":"createOrganizationPopgrZone"}]}
RESULT: undefined
COMMAND: POST /session/e7ea40813c72c691ec6b0d6c49a20f29/element - {"using":"xpath","value":"//*[@id=\"createOrganizationPop--grZone\"]"}
RESULT: {"using":"xpath","value":"//*[@id=\"createOrganizationPop--grZone\"]"}
COMMAND: POST /session/e7ea40813c72c691ec6b0d6c49a20f29/element/f.EA024E5748EAFE5A0CAA481A9B11DD22.d.86928C301E533AB31E70D6E098B937E1.e.9515/click - {}
RESULT: {}
COMMAND: POST /session/e7ea40813c72c691ec6b0d6c49a20f29/execute/async - {"script":"<script> [1562 bytes]","args":[{"selector":{"id":"createOrganizationPop--giZone","searchOpenDialogs":true,"interaction":{"idSuffix":"CbBg"}},"wdio_ui5_key":"createOrganizationPopgiZone"}]}
COMMAND: GET /session/e7ea40813c72c691ec6b0d6c49a20f29/screenshot - {}
RESULT: {"script":"<script> [1562 bytes]","args":[{"selector":{"id":"createOrganizationPop--giZone","searchOpenDialogs":true,"interaction":{"idSuffix":"CbBg"}},"wdio_ui5_key":"createOrganizationPopgiZone"}]}
RESULT: undefined
COMMAND: POST /session/e7ea40813c72c691ec6b0d6c49a20f29/element - {"using":"xpath","value":"//*[@id=\"createOrganizationPop--giZone\"]"}
RESULT: {}
RESULT: {"using":"xpath","value":"//*[@id=\"createOrganizationPop--giZone\"]"}
COMMAND: POST /session/e7ea40813c72c691ec6b0d6c49a20f29/element/f.EA024E5748EAFE5A0CAA481A9B11DD22.d.86928C301E533AB31E70D6E098B937E1.e.9517/click - {}
RESULT: {}
COMMAND: POST /session/e7ea40813c72c691ec6b0d6c49a20f29/execute/async - {"script":"<script> [1562 bytes]","args":[{"selector":{"id":"createOrganizationPop--binNoInput","searchOpenDialogs":true,"interaction":{"idSuffix":"inner"}},"wdio_ui5_key":"createOrganizationPopbinNoInput"}]}
COMMAND: GET /session/e7ea40813c72c691ec6b0d6c49a20f29/screenshot - {}
RESULT: {"script":"<script> [1562 bytes]","args":[{"selector":{"id":"createOrganizationPop--binNoInput","searchOpenDialogs":true,"interaction":{"idSuffix":"inner"}},"wdio_ui5_key":"createOrganizationPopbinNoInput"}]}
RESULT: undefined
COMMAND: POST /session/e7ea40813c72c691ec6b0d6c49a20f29/execute/async - {"script":"<script> [776 bytes]","args":[{"enterText":"Bin6bb89","selector":{"id":"createOrganizationPop--binNoInput","searchOpenDialogs":true,"interaction":{"idSuffix":"inner"}},"clearTextFirst":true,"interactionType":"ENTER_TEXT"}]}
RESULT: {}
RESULT: {"script":"<script> [776 bytes]","args":[{"enterText":"Bin6bb89","selector":{"id":"createOrganizationPop--binNoInput","searchOpenDialogs":true,"interaction":{"idSuffix":"inner"}},"clearTextFirst":true,"interactionType":"ENTER_TEXT"}]}
COMMAND: POST /session/e7ea40813c72c691ec6b0d6c49a20f29/execute/async - {"script":"<script> [1562 bytes]","args":[{"selector":{"id":"createOrganizationPop--descriptionId","searchOpenDialogs":true,"interaction":{"idSuffix":"inner"}},"wdio_ui5_key":"createOrganizationPopdescriptionId"}]}
RESULT: {"script":"<script> [1562 bytes]","args":[{"selector":{"id":"createOrganizationPop--descriptionId","searchOpenDialogs":true,"interaction":{"idSuffix":"inner"}},"wdio_ui5_key":"createOrganizationPopdescriptionId"}]}
RESULT: undefined
COMMAND: POST /session/e7ea40813c72c691ec6b0d6c49a20f29/execute/async - {"script":"<script> [776 bytes]","args":[{"enterText":"Binvoopi","selector":{"id":"createOrganizationPop--descriptionId","searchOpenDialogs":true,"interaction":{"idSuffix":"inner"}},"clearTextFirst":true,"interactionType":"ENTER_TEXT"}]}
RESULT: {"script":"<script> [776 bytes]","args":[{"enterText":"Binvoopi","selector":{"id":"createOrganizationPop--descriptionId","searchOpenDialogs":true,"interaction":{"idSuffix":"inner"}},"clearTextFirst":true,"interactionType":"ENTER_TEXT"}]}
COMMAND: POST /session/e7ea40813c72c691ec6b0d6c49a20f29/execute/async - {"script":"<script> [1562 bytes]","args":[{"selector":{"controlType":"sap.m.CheckBox","viewName":"etm.portal.ui.binstatusreport.view.MasterWareBins","viewId":"application-binstatusreport-display-component---warehousing","bindingPath":{"path":"","propertyPath":"/ZONE","modelName":"newBin"},"searchOpenDialogs":true,"interaction":{"idSuffix":"CbBg"}},"wdio_ui5_key":"etmportal.ui.binstatusreport.view.MasterWareBinssap.m.CheckBox{\"path\":\"\",\"propertyPath\":\"/ZONE\",\"modelName\":\"newBin\"}"}]}
RESULT: {"script":"<script> [1562 bytes]","args":[{"selector":{"controlType":"sap.m.CheckBox","viewName":"etm.portal.ui.binstatusreport.view.MasterWareBins","viewId":"application-binstatusreport-display-component---warehousing","bindingPath":{"path":"","propertyPath":"/ZONE","modelName":"newBin"},"searchOpenDialogs":true,"interaction":{"idSuffix":"CbBg"}},"wdio_ui5_key":"etmportal.ui.binstatusreport.view.MasterWareBinssap.m.CheckBox{\"path\":\"\",\"propertyPath\":\"/ZONE\",\"modelName\":\"newBin\"}"}]}
RESULT: undefined
COMMAND: POST /session/e7ea40813c72c691ec6b0d6c49a20f29/element - {"using":"xpath","value":"//*[@id=\"__box12\"]"}
RESULT: {"using":"xpath","value":"//*[@id=\"__box12\"]"}
COMMAND: POST /session/e7ea40813c72c691ec6b0d6c49a20f29/element/f.EA024E5748EAFE5A0CAA481A9B11DD22.d.86928C301E533AB31E70D6E098B937E1.e.9521/click - {}
RESULT: {}
COMMAND: POST /session/e7ea40813c72c691ec6b0d6c49a20f29/execute/async - {"script":"<script> [1562 bytes]","args":[{"selector":{"id":"createOrganizationPop--binTypesCB-arrow","searchOpenDialogs":true},"wdio_ui5_key":"createOrganizationPopbinTypesCB-arrow"}]}
COMMAND: GET /session/e7ea40813c72c691ec6b0d6c49a20f29/screenshot - {}
RESULT: {"script":"<script> [1562 bytes]","args":[{"selector":{"id":"createOrganizationPop--binTypesCB-arrow","searchOpenDialogs":true},"wdio_ui5_key":"createOrganizationPopbinTypesCB-arrow"}]}
RESULT: undefined
COMMAND: POST /session/e7ea40813c72c691ec6b0d6c49a20f29/element - {"using":"xpath","value":"//*[@id=\"createOrganizationPop--binTypesCB-arrow\"]"}
RESULT: {}
RESULT: {"using":"xpath","value":"//*[@id=\"createOrganizationPop--binTypesCB-arrow\"]"}
COMMAND: POST /session/e7ea40813c72c691ec6b0d6c49a20f29/element/f.EA024E5748EAFE5A0CAA481A9B11DD22.d.86928C301E533AB31E70D6E098B937E1.e.9522/click - {}
RESULT: {}
COMMAND: POST /session/e7ea40813c72c691ec6b0d6c49a20f29/execute/async - {"script":"<script> [1562 bytes]","args":[{"selector":{"controlType":"sap.m.StandardListItem","viewName":"etm.portal.ui.binstatusreport.view.MasterWareBins","viewId":"application-binstatusreport-display-component---warehousing","properties":{"title":"1 - General / No capacity check"},"searchOpenDialogs":true,"interaction":{"idSuffix":"content"}},"wdio_ui5_key":"etmportal.ui.binstatusreport.view.MasterWareBinssap.m.StandardListItem{\"title\":\"1 - General / No capacity check\"}"}]}
COMMAND: GET /session/e7ea40813c72c691ec6b0d6c49a20f29/screenshot - {}
RESULT: {"script":"<script> [1562 bytes]","args":[{"selector":{"controlType":"sap.m.StandardListItem","viewName":"etm.portal.ui.binstatusreport.view.MasterWareBins","viewId":"application-binstatusreport-display-component---warehousing","properties":{"title":"1 - General / No capacity check"},"searchOpenDialogs":true,"interaction":{"idSuffix":"content"}},"wdio_ui5_key":"etmportal.ui.binstatusreport.view.MasterWareBinssap.m.StandardListItem{\"title\":\"1 - General / No capacity check\"}"}]}
RESULT: undefined
COMMAND: POST /session/e7ea40813c72c691ec6b0d6c49a20f29/element - {"using":"xpath","value":"//*[@id=\"__item76\"]"}
RESULT: {}
RESULT: {"using":"xpath","value":"//*[@id=\"__item76\"]"}
COMMAND: POST /session/e7ea40813c72c691ec6b0d6c49a20f29/element/f.EA024E5748EAFE5A0CAA481A9B11DD22.d.86928C301E533AB31E70D6E098B937E1.e.9524/click - {}
RESULT: {}
COMMAND: POST /session/e7ea40813c72c691ec6b0d6c49a20f29/execute/async - {"script":"<script> [1562 bytes]","args":[{"selector":{"id":"createOrganizationPop--finishBtn","searchOpenDialogs":true,"interaction":{"idSuffix":"BDI-content"}},"wdio_ui5_key":"createOrganizationPopfinishBtn"}]}
COMMAND: GET /session/e7ea40813c72c691ec6b0d6c49a20f29/screenshot - {}
RESULT: {"script":"<script> [1562 bytes]","args":[{"selector":{"id":"createOrganizationPop--finishBtn","searchOpenDialogs":true,"interaction":{"idSuffix":"BDI-content"}},"wdio_ui5_key":"createOrganizationPopfinishBtn"}]}
RESULT: undefined
COMMAND: POST /session/e7ea40813c72c691ec6b0d6c49a20f29/element - {"using":"xpath","value":"//*[@id=\"createOrganizationPop--finishBtn\"]"}
RESULT: {}
RESULT: {"using":"xpath","value":"//*[@id=\"createOrganizationPop--finishBtn\"]"}
COMMAND: POST /session/e7ea40813c72c691ec6b0d6c49a20f29/element/f.EA024E5748EAFE5A0CAA481A9B11DD22.d.86928C301E533AB31E70D6E098B937E1.e.9526/click - {}
RESULT: {}
COMMAND: GET /session/e7ea40813c72c691ec6b0d6c49a20f29/screenshot - {}
RESULT: {}
COMMAND: POST /session/e7ea40813c72c691ec6b0d6c49a20f29/element - {"using":"css selector","value":"#shell-header-logo"}
RESULT: {"using":"css selector","value":"#shell-header-logo"}
COMMAND: POST /session/e7ea40813c72c691ec6b0d6c49a20f29/element/f.EA024E5748EAFE5A0CAA481A9B11DD22.d.86928C301E533AB31E70D6E098B937E1.e.9416/click - {}
RESULT: {}
COMMAND: GET /session/e7ea40813c72c691ec6b0d6c49a20f29/screenshot - {}
RESULT: {}
]]></system-out>
    </testcase>
    <testcase classname="chrome.135_0_7049_96.windows.Warehouse_movements_inventory_test" name="Should Create new material for WHM yard" time="110.579">
      <system-out><![CDATA[
COMMAND: POST /session/e7ea40813c72c691ec6b0d6c49a20f29/execute/async - {"script":"<script> [1562 bytes]","args":[{"selector":{"controlType":"sap.m.GenericTile","properties":{"header":"Manage Resources"}},"wdio_ui5_key":"sapm.GenericTile{\"header\":\"Manage Resources\"}"}]}
RESULT: {"script":"<script> [1562 bytes]","args":[{"selector":{"controlType":"sap.m.GenericTile","properties":{"header":"Manage Resources"}},"wdio_ui5_key":"sapm.GenericTile{\"header\":\"Manage Resources\"}"}]}
RESULT: undefined
COMMAND: POST /session/e7ea40813c72c691ec6b0d6c49a20f29/element - {"using":"xpath","value":"//*[@id=\"__tile39\"]"}
RESULT: {"using":"xpath","value":"//*[@id=\"__tile39\"]"}
COMMAND: POST /session/e7ea40813c72c691ec6b0d6c49a20f29/element/f.EA024E5748EAFE5A0CAA481A9B11DD22.d.86928C301E533AB31E70D6E098B937E1.e.9534/click - {}
RESULT: {}
COMMAND: GET /session/e7ea40813c72c691ec6b0d6c49a20f29/screenshot - {}
RESULT: {}
COMMAND: POST /session/e7ea40813c72c691ec6b0d6c49a20f29/element - {"using":"xpath","value":"//button[@data-kt=\"addNewRUOverflowToolbarButton\"]"}
RESULT: {"using":"xpath","value":"//button[@data-kt=\"addNewRUOverflowToolbarButton\"]"}
COMMAND: POST /session/e7ea40813c72c691ec6b0d6c49a20f29/execute/sync - {"script":"<script> [8489 bytes]","args":[{"element-6066-11e4-a52e-4f735466cecf":"f.EA024E5748EAFE5A0CAA481A9B11DD22.d.86928C301E533AB31E70D6E098B937E1.e.9565","ELEMENT":"f.EA024E5748EAFE5A0CAA481A9B11DD22.d.86928C301E533AB31E70D6E098B937E1.e.9565"}]}
RESULT: {"script":"<script> [8489 bytes]","args":[{"element-6066-11e4-a52e-4f735466cecf":"f.EA024E5748EAFE5A0CAA481A9B11DD22.d.86928C301E533AB31E70D6E098B937E1.e.9565","ELEMENT":"f.EA024E5748EAFE5A0CAA481A9B11DD22.d.86928C301E533AB31E70D6E098B937E1.e.9565"}]}
COMMAND: POST /session/e7ea40813c72c691ec6b0d6c49a20f29/element/f.EA024E5748EAFE5A0CAA481A9B11DD22.d.86928C301E533AB31E70D6E098B937E1.e.9565/click - {}
COMMAND: GET /session/e7ea40813c72c691ec6b0d6c49a20f29/screenshot - {}
RESULT: {}
COMMAND: POST /session/e7ea40813c72c691ec6b0d6c49a20f29/execute/async - {"script":"<script> [1562 bytes]","args":[{"selector":{"id":"application-manageresources-display-component---newResourceUnit--TYPE-arrow"},"wdio_ui5_key":"applicationmanageresources-display-component---newResourceUnit--TYPE-arrow"}]}
COMMAND: GET /session/e7ea40813c72c691ec6b0d6c49a20f29/screenshot - {}
RESULT: {}
RESULT: {"script":"<script> [1562 bytes]","args":[{"selector":{"id":"application-manageresources-display-component---newResourceUnit--TYPE-arrow"},"wdio_ui5_key":"applicationmanageresources-display-component---newResourceUnit--TYPE-arrow"}]}
RESULT: undefined
COMMAND: POST /session/e7ea40813c72c691ec6b0d6c49a20f29/element - {"using":"xpath","value":"//*[@id=\"application-manageresources-display-component---newResourceUnit--TYPE-arrow\"]"}
RESULT: {}
RESULT: {"using":"xpath","value":"//*[@id=\"application-manageresources-display-component---newResourceUnit--TYPE-arrow\"]"}
COMMAND: POST /session/e7ea40813c72c691ec6b0d6c49a20f29/element/f.EA024E5748EAFE5A0CAA481A9B11DD22.d.86928C301E533AB31E70D6E098B937E1.e.9733/click - {}
RESULT: {}
COMMAND: POST /session/e7ea40813c72c691ec6b0d6c49a20f29/execute/async - {"script":"<script> [1562 bytes]","args":[{"selector":{"controlType":"sap.m.StandardListItem","viewName":"reusables.view.manageresources.NewResourceUnit","viewId":"application-manageresources-display-component---newResourceUnit","properties":{"title":"Material"},"searchOpenDialogs":true,"interaction":{"idSuffix":"titleText"}},"wdio_ui5_key":"reusablesview.manageresources.NewResourceUnitsap.m.StandardListItem{\"title\":\"Material\"}"}]}
COMMAND: GET /session/e7ea40813c72c691ec6b0d6c49a20f29/screenshot - {}
RESULT: {"script":"<script> [1562 bytes]","args":[{"selector":{"controlType":"sap.m.StandardListItem","viewName":"reusables.view.manageresources.NewResourceUnit","viewId":"application-manageresources-display-component---newResourceUnit","properties":{"title":"Material"},"searchOpenDialogs":true,"interaction":{"idSuffix":"titleText"}},"wdio_ui5_key":"reusablesview.manageresources.NewResourceUnitsap.m.StandardListItem{\"title\":\"Material\"}"}]}
RESULT: undefined
COMMAND: POST /session/e7ea40813c72c691ec6b0d6c49a20f29/element - {"using":"xpath","value":"//*[@id=\"__item206\"]"}
RESULT: {}
RESULT: {"using":"xpath","value":"//*[@id=\"__item206\"]"}
COMMAND: POST /session/e7ea40813c72c691ec6b0d6c49a20f29/element/f.EA024E5748EAFE5A0CAA481A9B11DD22.d.86928C301E533AB31E70D6E098B937E1.e.9736/click - {}
RESULT: {}
COMMAND: POST /session/e7ea40813c72c691ec6b0d6c49a20f29/execute/async - {"script":"<script> [1562 bytes]","args":[{"selector":{"id":"application-manageresources-display-component---newResourceUnit--SHORT_TEXT","interaction":{"idSuffix":"inner"}},"wdio_ui5_key":"applicationmanageresources-display-component---newResourceUnit--SHORT_TEXT"}]}
COMMAND: GET /session/e7ea40813c72c691ec6b0d6c49a20f29/screenshot - {}
RESULT: {"script":"<script> [1562 bytes]","args":[{"selector":{"id":"application-manageresources-display-component---newResourceUnit--SHORT_TEXT","interaction":{"idSuffix":"inner"}},"wdio_ui5_key":"applicationmanageresources-display-component---newResourceUnit--SHORT_TEXT"}]}
RESULT: undefined
COMMAND: POST /session/e7ea40813c72c691ec6b0d6c49a20f29/execute/async - {"script":"<script> [776 bytes]","args":[{"enterText":"WebdriverRUR2Cqqfpr","selector":{"id":"application-manageresources-display-component---newResourceUnit--SHORT_TEXT","interaction":{"idSuffix":"inner"}},"clearTextFirst":true,"interactionType":"ENTER_TEXT"}]}
RESULT: {}
RESULT: {"script":"<script> [776 bytes]","args":[{"enterText":"WebdriverRUR2Cqqfpr","selector":{"id":"application-manageresources-display-component---newResourceUnit--SHORT_TEXT","interaction":{"idSuffix":"inner"}},"clearTextFirst":true,"interactionType":"ENTER_TEXT"}]}
COMMAND: POST /session/e7ea40813c72c691ec6b0d6c49a20f29/execute/async - {"script":"<script> [1562 bytes]","args":[{"selector":{"id":"application-manageresources-display-component---newResourceUnit--BASE_UNIT_OF_MEASURE-arrow"},"wdio_ui5_key":"applicationmanageresources-display-component---newResourceUnit--BASE_UNIT_OF_MEASURE-arrow"}]}
RESULT: {"script":"<script> [1562 bytes]","args":[{"selector":{"id":"application-manageresources-display-component---newResourceUnit--BASE_UNIT_OF_MEASURE-arrow"},"wdio_ui5_key":"applicationmanageresources-display-component---newResourceUnit--BASE_UNIT_OF_MEASURE-arrow"}]}
RESULT: undefined
COMMAND: POST /session/e7ea40813c72c691ec6b0d6c49a20f29/element - {"using":"xpath","value":"//*[@id=\"application-manageresources-display-component---newResourceUnit--BASE_UNIT_OF_MEASURE-arrow\"]"}
RESULT: {"using":"xpath","value":"//*[@id=\"application-manageresources-display-component---newResourceUnit--BASE_UNIT_OF_MEASURE-arrow\"]"}
COMMAND: POST /session/e7ea40813c72c691ec6b0d6c49a20f29/element/f.EA024E5748EAFE5A0CAA481A9B11DD22.d.86928C301E533AB31E70D6E098B937E1.e.9792/click - {}
RESULT: {}
COMMAND: POST /session/e7ea40813c72c691ec6b0d6c49a20f29/execute/async - {"script":"<script> [1562 bytes]","args":[{"selector":{"controlType":"sap.m.StandardListItem","viewName":"reusables.view.manageresources.NewResourceUnit","viewId":"application-manageresources-display-component---newResourceUnit","properties":{"title":"Piece"},"searchOpenDialogs":true,"interaction":{"idSuffix":"titleText"}},"wdio_ui5_key":"reusablesview.manageresources.NewResourceUnitsap.m.StandardListItem{\"title\":\"Piece\"}"}]}
COMMAND: GET /session/e7ea40813c72c691ec6b0d6c49a20f29/screenshot - {}
RESULT: {"script":"<script> [1562 bytes]","args":[{"selector":{"controlType":"sap.m.StandardListItem","viewName":"reusables.view.manageresources.NewResourceUnit","viewId":"application-manageresources-display-component---newResourceUnit","properties":{"title":"Piece"},"searchOpenDialogs":true,"interaction":{"idSuffix":"titleText"}},"wdio_ui5_key":"reusablesview.manageresources.NewResourceUnitsap.m.StandardListItem{\"title\":\"Piece\"}"}]}
RESULT: undefined
COMMAND: POST /session/e7ea40813c72c691ec6b0d6c49a20f29/element - {"using":"xpath","value":"//*[@id=\"__item250\"]"}
RESULT: {}
RESULT: {"using":"xpath","value":"//*[@id=\"__item250\"]"}
COMMAND: POST /session/e7ea40813c72c691ec6b0d6c49a20f29/element/f.EA024E5748EAFE5A0CAA481A9B11DD22.d.86928C301E533AB31E70D6E098B937E1.e.9794/click - {}
RESULT: {}
COMMAND: POST /session/e7ea40813c72c691ec6b0d6c49a20f29/element - {"using":"xpath","value":"//input[contains(@id ,\"application-manageresources-display-component---newResourceUnit--SHORT_TEXT-inner\")]"}
COMMAND: GET /session/e7ea40813c72c691ec6b0d6c49a20f29/screenshot - {}
RESULT: {"using":"xpath","value":"//input[contains(@id ,\"application-manageresources-display-component---newResourceUnit--SHORT_TEXT-inner\")]"}
COMMAND: GET /session/e7ea40813c72c691ec6b0d6c49a20f29/element/f.EA024E5748EAFE5A0CAA481A9B11DD22.d.86928C301E533AB31E70D6E098B937E1.e.9753/property/value - {}
RESULT: {}
RESULT: {}
COMMAND: POST /session/e7ea40813c72c691ec6b0d6c49a20f29/execute/async - {"script":"<script> [1562 bytes]","args":[{"selector":{"id":"application-manageresources-display-component---newResourceUnit--WEIGHT_UNIT-arrow"},"wdio_ui5_key":"applicationmanageresources-display-component---newResourceUnit--WEIGHT_UNIT-arrow"}]}
COMMAND: GET /session/e7ea40813c72c691ec6b0d6c49a20f29/screenshot - {}
RESULT: {"script":"<script> [1562 bytes]","args":[{"selector":{"id":"application-manageresources-display-component---newResourceUnit--WEIGHT_UNIT-arrow"},"wdio_ui5_key":"applicationmanageresources-display-component---newResourceUnit--WEIGHT_UNIT-arrow"}]}
RESULT: undefined
COMMAND: POST /session/e7ea40813c72c691ec6b0d6c49a20f29/element - {"using":"xpath","value":"//*[@id=\"application-manageresources-display-component---newResourceUnit--WEIGHT_UNIT-arrow\"]"}
RESULT: {}
RESULT: {"using":"xpath","value":"//*[@id=\"application-manageresources-display-component---newResourceUnit--WEIGHT_UNIT-arrow\"]"}
COMMAND: POST /session/e7ea40813c72c691ec6b0d6c49a20f29/element/f.EA024E5748EAFE5A0CAA481A9B11DD22.d.86928C301E533AB31E70D6E098B937E1.e.9795/click - {}
RESULT: {}
COMMAND: POST /session/e7ea40813c72c691ec6b0d6c49a20f29/execute/async - {"script":"<script> [1562 bytes]","args":[{"selector":{"controlType":"sap.m.StandardListItem","viewName":"reusables.view.manageresources.NewResourceUnit","viewId":"application-manageresources-display-component---newResourceUnit","properties":{"title":"Gram"},"searchOpenDialogs":true,"interaction":{"idSuffix":"content"}},"wdio_ui5_key":"reusablesview.manageresources.NewResourceUnitsap.m.StandardListItem{\"title\":\"Gram\"}"}]}
COMMAND: GET /session/e7ea40813c72c691ec6b0d6c49a20f29/screenshot - {}
RESULT: {"script":"<script> [1562 bytes]","args":[{"selector":{"controlType":"sap.m.StandardListItem","viewName":"reusables.view.manageresources.NewResourceUnit","viewId":"application-manageresources-display-component---newResourceUnit","properties":{"title":"Gram"},"searchOpenDialogs":true,"interaction":{"idSuffix":"content"}},"wdio_ui5_key":"reusablesview.manageresources.NewResourceUnitsap.m.StandardListItem{\"title\":\"Gram\"}"}]}
RESULT: undefined
COMMAND: POST /session/e7ea40813c72c691ec6b0d6c49a20f29/element - {"using":"xpath","value":"//*[@id=\"__item315\"]"}
RESULT: {}
RESULT: {"using":"xpath","value":"//*[@id=\"__item315\"]"}
COMMAND: POST /session/e7ea40813c72c691ec6b0d6c49a20f29/element/f.EA024E5748EAFE5A0CAA481A9B11DD22.d.86928C301E533AB31E70D6E098B937E1.e.9797/click - {}
RESULT: {}
COMMAND: POST /session/e7ea40813c72c691ec6b0d6c49a20f29/execute/async - {"script":"<script> [1562 bytes]","args":[{"selector":{"id":"application-manageresources-display-component---newResourceUnit--newRRUPage-OPHeaderContent-collapseBtn-img"},"wdio_ui5_key":"applicationmanageresources-display-component---newResourceUnit--newRRUPage-OPHeaderContent-collapseBtn-img"}]}
COMMAND: GET /session/e7ea40813c72c691ec6b0d6c49a20f29/screenshot - {}
RESULT: {"script":"<script> [1562 bytes]","args":[{"selector":{"id":"application-manageresources-display-component---newResourceUnit--newRRUPage-OPHeaderContent-collapseBtn-img"},"wdio_ui5_key":"applicationmanageresources-display-component---newResourceUnit--newRRUPage-OPHeaderContent-collapseBtn-img"}]}
RESULT: undefined
COMMAND: POST /session/e7ea40813c72c691ec6b0d6c49a20f29/element - {"using":"xpath","value":"//*[@id=\"application-manageresources-display-component---newResourceUnit--newRRUPage-OPHeaderContent-collapseBtn-img\"]"}
RESULT: {}
RESULT: {"using":"xpath","value":"//*[@id=\"application-manageresources-display-component---newResourceUnit--newRRUPage-OPHeaderContent-collapseBtn-img\"]"}
COMMAND: POST /session/e7ea40813c72c691ec6b0d6c49a20f29/element/f.EA024E5748EAFE5A0CAA481A9B11DD22.d.86928C301E533AB31E70D6E098B937E1.e.9743/click - {}
RESULT: {}
COMMAND: GET /session/e7ea40813c72c691ec6b0d6c49a20f29/screenshot - {}
RESULT: {}
COMMAND: POST /session/e7ea40813c72c691ec6b0d6c49a20f29/element - {"using":"xpath","value":"(//span[contains(@id ,\"application-manageresources-display-component---newResourceUnit--DIMENSION_UNIT-arrow\")])[1]"}
RESULT: {"using":"xpath","value":"(//span[contains(@id ,\"application-manageresources-display-component---newResourceUnit--DIMENSION_UNIT-arrow\")])[1]"}
COMMAND: POST /session/e7ea40813c72c691ec6b0d6c49a20f29/element/f.EA024E5748EAFE5A0CAA481A9B11DD22.d.86928C301E533AB31E70D6E098B937E1.e.9801/click - {}
RESULT: {}
COMMAND: GET /session/e7ea40813c72c691ec6b0d6c49a20f29/screenshot - {}
RESULT: {}
COMMAND: POST /session/e7ea40813c72c691ec6b0d6c49a20f29/execute/async - {"script":"<script> [1562 bytes]","args":[{"selector":{"controlType":"sap.m.StandardListItem","viewName":"reusables.view.manageresources.NewResourceUnit","viewId":"application-manageresources-display-component---newResourceUnit","properties":{"title":"Centimeter"},"searchOpenDialogs":true,"interaction":{"idSuffix":"titleText"}},"wdio_ui5_key":"reusablesview.manageresources.NewResourceUnitsap.m.StandardListItem{\"title\":\"Centimeter\"}"}]}
RESULT: {"script":"<script> [1562 bytes]","args":[{"selector":{"controlType":"sap.m.StandardListItem","viewName":"reusables.view.manageresources.NewResourceUnit","viewId":"application-manageresources-display-component---newResourceUnit","properties":{"title":"Centimeter"},"searchOpenDialogs":true,"interaction":{"idSuffix":"titleText"}},"wdio_ui5_key":"reusablesview.manageresources.NewResourceUnitsap.m.StandardListItem{\"title\":\"Centimeter\"}"}]}
RESULT: undefined
COMMAND: POST /session/e7ea40813c72c691ec6b0d6c49a20f29/element - {"using":"xpath","value":"//*[@id=\"__item318\"]"}
RESULT: {"using":"xpath","value":"//*[@id=\"__item318\"]"}
COMMAND: POST /session/e7ea40813c72c691ec6b0d6c49a20f29/element/f.EA024E5748EAFE5A0CAA481A9B11DD22.d.86928C301E533AB31E70D6E098B937E1.e.9805/click - {}
RESULT: {}
COMMAND: POST /session/e7ea40813c72c691ec6b0d6c49a20f29/execute/async - {"script":"<script> [1562 bytes]","args":[{"selector":{"id":"application-manageresources-display-component---newResourceUnit--newRRUPage-anchBar-application-manageresources-display-component---newResourceUnit--reference-anchor","interaction":{"idSuffix":"BDI-content"}},"wdio_ui5_key":"applicationmanageresources-display-component---newResourceUnit--newRRUPage-anchBar-application-manageresources-display-component---newResourceUnit--reference-anchor"}]}
COMMAND: GET /session/e7ea40813c72c691ec6b0d6c49a20f29/screenshot - {}
RESULT: {"script":"<script> [1562 bytes]","args":[{"selector":{"id":"application-manageresources-display-component---newResourceUnit--newRRUPage-anchBar-application-manageresources-display-component---newResourceUnit--reference-anchor","interaction":{"idSuffix":"BDI-content"}},"wdio_ui5_key":"applicationmanageresources-display-component---newResourceUnit--newRRUPage-anchBar-application-manageresources-display-component---newResourceUnit--reference-anchor"}]}
RESULT: undefined
COMMAND: POST /session/e7ea40813c72c691ec6b0d6c49a20f29/element - {"using":"xpath","value":"//*[@id=\"application-manageresources-display-component---newResourceUnit--newRRUPage-anchBar-application-manageresources-display-component---newResourceUnit--reference-anchor\"]"}
RESULT: {}
RESULT: {"using":"xpath","value":"//*[@id=\"application-manageresources-display-component---newResourceUnit--newRRUPage-anchBar-application-manageresources-display-component---newResourceUnit--reference-anchor\"]"}
COMMAND: POST /session/e7ea40813c72c691ec6b0d6c49a20f29/element/f.EA024E5748EAFE5A0CAA481A9B11DD22.d.86928C301E533AB31E70D6E098B937E1.e.9807/click - {}
RESULT: {}
COMMAND: POST /session/e7ea40813c72c691ec6b0d6c49a20f29/execute/async - {"script":"<script> [1562 bytes]","args":[{"selector":{"id":"application-manageresources-display-component---newResourceUnit--PLANNING_GROUP-arrow"},"wdio_ui5_key":"applicationmanageresources-display-component---newResourceUnit--PLANNING_GROUP-arrow"}]}
COMMAND: GET /session/e7ea40813c72c691ec6b0d6c49a20f29/screenshot - {}
RESULT: {"script":"<script> [1562 bytes]","args":[{"selector":{"id":"application-manageresources-display-component---newResourceUnit--PLANNING_GROUP-arrow"},"wdio_ui5_key":"applicationmanageresources-display-component---newResourceUnit--PLANNING_GROUP-arrow"}]}
RESULT: undefined
COMMAND: POST /session/e7ea40813c72c691ec6b0d6c49a20f29/element - {"using":"xpath","value":"//*[@id=\"application-manageresources-display-component---newResourceUnit--PLANNING_GROUP-arrow\"]"}
RESULT: {}
RESULT: {"using":"xpath","value":"//*[@id=\"application-manageresources-display-component---newResourceUnit--PLANNING_GROUP-arrow\"]"}
COMMAND: POST /session/e7ea40813c72c691ec6b0d6c49a20f29/element/f.EA024E5748EAFE5A0CAA481A9B11DD22.d.86928C301E533AB31E70D6E098B937E1.e.9811/click - {}
RESULT: {}
COMMAND: POST /session/e7ea40813c72c691ec6b0d6c49a20f29/execute/async - {"script":"<script> [1562 bytes]","args":[{"selector":{"controlType":"sap.m.StandardListItem","viewName":"reusables.view.manageresources.NewResourceUnit","viewId":"application-manageresources-display-component---newResourceUnit","properties":{"title":"Heavy Equi"},"searchOpenDialogs":true,"interaction":{"idSuffix":"content"}},"wdio_ui5_key":"reusablesview.manageresources.NewResourceUnitsap.m.StandardListItem{\"title\":\"Heavy Equi\"}"}]}
COMMAND: GET /session/e7ea40813c72c691ec6b0d6c49a20f29/screenshot - {}
RESULT: {"script":"<script> [1562 bytes]","args":[{"selector":{"controlType":"sap.m.StandardListItem","viewName":"reusables.view.manageresources.NewResourceUnit","viewId":"application-manageresources-display-component---newResourceUnit","properties":{"title":"Heavy Equi"},"searchOpenDialogs":true,"interaction":{"idSuffix":"content"}},"wdio_ui5_key":"reusablesview.manageresources.NewResourceUnitsap.m.StandardListItem{\"title\":\"Heavy Equi\"}"}]}
RESULT: undefined
COMMAND: POST /session/e7ea40813c72c691ec6b0d6c49a20f29/element - {"using":"xpath","value":"//*[@id=\"__item326\"]"}
RESULT: {}
RESULT: {"using":"xpath","value":"//*[@id=\"__item326\"]"}
COMMAND: POST /session/e7ea40813c72c691ec6b0d6c49a20f29/element/f.EA024E5748EAFE5A0CAA481A9B11DD22.d.86928C301E533AB31E70D6E098B937E1.e.9815/click - {}
RESULT: {}
COMMAND: GET /session/e7ea40813c72c691ec6b0d6c49a20f29/screenshot - {}
RESULT: {}
COMMAND: POST /session/e7ea40813c72c691ec6b0d6c49a20f29/execute/async - {"script":"<script> [1562 bytes]","args":[{"selector":{"id":"application-manageresources-display-component---newResourceUnit--PLANNING_INDICATOR-arrow"},"wdio_ui5_key":"applicationmanageresources-display-component---newResourceUnit--PLANNING_INDICATOR-arrow"}]}
RESULT: {"script":"<script> [1562 bytes]","args":[{"selector":{"id":"application-manageresources-display-component---newResourceUnit--PLANNING_INDICATOR-arrow"},"wdio_ui5_key":"applicationmanageresources-display-component---newResourceUnit--PLANNING_INDICATOR-arrow"}]}
RESULT: undefined
COMMAND: POST /session/e7ea40813c72c691ec6b0d6c49a20f29/element - {"using":"xpath","value":"//*[@id=\"application-manageresources-display-component---newResourceUnit--PLANNING_INDICATOR-arrow\"]"}
RESULT: {"using":"xpath","value":"//*[@id=\"application-manageresources-display-component---newResourceUnit--PLANNING_INDICATOR-arrow\"]"}
COMMAND: POST /session/e7ea40813c72c691ec6b0d6c49a20f29/element/f.EA024E5748EAFE5A0CAA481A9B11DD22.d.86928C301E533AB31E70D6E098B937E1.e.9816/click - {}
RESULT: {}
COMMAND: POST /session/e7ea40813c72c691ec6b0d6c49a20f29/execute/async - {"script":"<script> [1562 bytes]","args":[{"selector":{"controlType":"sap.m.StandardListItem","viewName":"reusables.view.manageresources.NewResourceUnit","viewId":"application-manageresources-display-component---newResourceUnit","properties":{"title":"10 - infinite"},"searchOpenDialogs":true,"interaction":{"idSuffix":"content"}},"wdio_ui5_key":"reusablesview.manageresources.NewResourceUnitsap.m.StandardListItem{\"title\":\"10 - infinite\"}"}]}
COMMAND: GET /session/e7ea40813c72c691ec6b0d6c49a20f29/screenshot - {}
RESULT: {"script":"<script> [1562 bytes]","args":[{"selector":{"controlType":"sap.m.StandardListItem","viewName":"reusables.view.manageresources.NewResourceUnit","viewId":"application-manageresources-display-component---newResourceUnit","properties":{"title":"10 - infinite"},"searchOpenDialogs":true,"interaction":{"idSuffix":"content"}},"wdio_ui5_key":"reusablesview.manageresources.NewResourceUnitsap.m.StandardListItem{\"title\":\"10 - infinite\"}"}]}
RESULT: undefined
COMMAND: POST /session/e7ea40813c72c691ec6b0d6c49a20f29/element - {"using":"xpath","value":"//*[@id=\"__item336\"]"}
RESULT: {}
RESULT: {"using":"xpath","value":"//*[@id=\"__item336\"]"}
COMMAND: POST /session/e7ea40813c72c691ec6b0d6c49a20f29/element/f.EA024E5748EAFE5A0CAA481A9B11DD22.d.86928C301E533AB31E70D6E098B937E1.e.9818/click - {}
RESULT: {}
COMMAND: GET /session/e7ea40813c72c691ec6b0d6c49a20f29/screenshot - {}
RESULT: {}
COMMAND: POST /session/e7ea40813c72c691ec6b0d6c49a20f29/element - {"using":"xpath","value":"//bdi[contains(text(), \"Time Segment\")]"}
RESULT: {"using":"xpath","value":"//bdi[contains(text(), \"Time Segment\")]"}
COMMAND: GET /session/e7ea40813c72c691ec6b0d6c49a20f29/element/f.EA024E5748EAFE5A0CAA481A9B11DD22.d.86928C301E533AB31E70D6E098B937E1.e.9819/rect - {}
RESULT: {}
COMMAND: GET /session/e7ea40813c72c691ec6b0d6c49a20f29/window/rect - {}
RESULT: {}
COMMAND: POST /session/e7ea40813c72c691ec6b0d6c49a20f29/execute/sync - {"script":"<script> [92 bytes]","args":[]}
RESULT: {"script":"<script> [92 bytes]","args":[]}
COMMAND: POST /session/e7ea40813c72c691ec6b0d6c49a20f29/actions - {"actions":[{"id":"action30","type":"wheel","parameters":{},"actions":[{"type":"scroll","x":-1820,"y":-21,"deltaX":0,"deltaY":0,"duration":0,"origin":{"element-6066-11e4-a52e-4f735466cecf":"f.EA024E5748EAFE5A0CAA481A9B11DD22.d.86928C301E533AB31E70D6E098B937E1.e.9819"}}]}]}
COMMAND: GET /session/e7ea40813c72c691ec6b0d6c49a20f29/screenshot - {}
RESULT: {}
COMMAND: POST /session/e7ea40813c72c691ec6b0d6c49a20f29/execute/sync - {"script":"<script> [79 bytes]","args":[{"element-6066-11e4-a52e-4f735466cecf":"f.EA024E5748EAFE5A0CAA481A9B11DD22.d.86928C301E533AB31E70D6E098B937E1.e.9819","ELEMENT":"f.EA024E5748EAFE5A0CAA481A9B11DD22.d.86928C301E533AB31E70D6E098B937E1.e.9819"},{"block":"start","inline":"nearest"}]}
RESULT: {"script":"<script> [79 bytes]","args":[{"element-6066-11e4-a52e-4f735466cecf":"f.EA024E5748EAFE5A0CAA481A9B11DD22.d.86928C301E533AB31E70D6E098B937E1.e.9819","ELEMENT":"f.EA024E5748EAFE5A0CAA481A9B11DD22.d.86928C301E533AB31E70D6E098B937E1.e.9819"},{"block":"start","inline":"nearest"}]}
COMMAND: GET /session/e7ea40813c72c691ec6b0d6c49a20f29/screenshot - {}
RESULT: {}
COMMAND: POST /session/e7ea40813c72c691ec6b0d6c49a20f29/element - {"using":"xpath","value":"//span[@id=\"application-manageresources-display-component---newResourceUnit--btnAddTimeSegment-img\"]"}
RESULT: {"using":"xpath","value":"//span[@id=\"application-manageresources-display-component---newResourceUnit--btnAddTimeSegment-img\"]"}
COMMAND: POST /session/e7ea40813c72c691ec6b0d6c49a20f29/execute/sync - {"script":"<script> [8489 bytes]","args":[{"element-6066-11e4-a52e-4f735466cecf":"f.EA024E5748EAFE5A0CAA481A9B11DD22.d.86928C301E533AB31E70D6E098B937E1.e.9822","ELEMENT":"f.EA024E5748EAFE5A0CAA481A9B11DD22.d.86928C301E533AB31E70D6E098B937E1.e.9822"}]}
RESULT: {"script":"<script> [8489 bytes]","args":[{"element-6066-11e4-a52e-4f735466cecf":"f.EA024E5748EAFE5A0CAA481A9B11DD22.d.86928C301E533AB31E70D6E098B937E1.e.9822","ELEMENT":"f.EA024E5748EAFE5A0CAA481A9B11DD22.d.86928C301E533AB31E70D6E098B937E1.e.9822"}]}
COMMAND: POST /session/e7ea40813c72c691ec6b0d6c49a20f29/element/f.EA024E5748EAFE5A0CAA481A9B11DD22.d.86928C301E533AB31E70D6E098B937E1.e.9822/click - {}
COMMAND: GET /session/e7ea40813c72c691ec6b0d6c49a20f29/screenshot - {}
RESULT: {}
COMMAND: GET /session/e7ea40813c72c691ec6b0d6c49a20f29/screenshot - {}
COMMAND: POST /session/e7ea40813c72c691ec6b0d6c49a20f29/element - {"using":"xpath","value":"//input[@id=\"application-manageresources-display-component---newResourceUnit--idRuTSAdmin-application-manageresources-display-component---newResourceUnit--RUTimeSegment-0-inner\"]"}
RESULT: {}
RESULT: {}
RESULT: {"using":"xpath","value":"//input[@id=\"application-manageresources-display-component---newResourceUnit--idRuTSAdmin-application-manageresources-display-component---newResourceUnit--RUTimeSegment-0-inner\"]"}
COMMAND: POST /session/e7ea40813c72c691ec6b0d6c49a20f29/element/f.EA024E5748EAFE5A0CAA481A9B11DD22.d.86928C301E533AB31E70D6E098B937E1.e.9825/clear - {}
RESULT: {}
COMMAND: POST /session/e7ea40813c72c691ec6b0d6c49a20f29/element/f.EA024E5748EAFE5A0CAA481A9B11DD22.d.86928C301E533AB31E70D6E098B937E1.e.9825/value - {"text":"WebdriverWHMYardz6za4h"}
COMMAND: GET /session/e7ea40813c72c691ec6b0d6c49a20f29/screenshot - {}
RESULT: {"text":"WebdriverWHMYardz6za4h"}
COMMAND: GET /session/e7ea40813c72c691ec6b0d6c49a20f29/screenshot - {}
RESULT: {}
RESULT: {}
COMMAND: POST /session/e7ea40813c72c691ec6b0d6c49a20f29/actions - {"actions":[{"id":"action31","type":"key","parameters":{},"actions":[{"type":"keyDown","value":"î€‡"},{"type":"pause","duration":10},{"type":"keyUp","value":"î€‡"}]}]}
RESULT: {"actions":[{"id":"action31","type":"key","parameters":{},"actions":[{"type":"keyDown","value":"î€‡"},{"type":"pause","duration":10},{"type":"keyUp","value":"î€‡"}]}]}
COMMAND: GET /session/e7ea40813c72c691ec6b0d6c49a20f29/screenshot - {}
RESULT: {}
COMMAND: POST /session/e7ea40813c72c691ec6b0d6c49a20f29/execute/async - {"script":"<script> [1562 bytes]","args":[{"selector":{"controlType":"sap.m.Button","viewName":"reusables.view.manageresources.NewResourceUnit","viewId":"application-manageresources-display-component---newResourceUnit","i18NText":{"propertyName":"tooltip","key":"save"},"interaction":{"idSuffix":"BDI-content"}},"wdio_ui5_key":"reusablesview.manageresources.NewResourceUnitsap.m.Button{\"propertyName\":\"tooltip\",\"key\":\"save\"}"}]}
RESULT: {"script":"<script> [1562 bytes]","args":[{"selector":{"controlType":"sap.m.Button","viewName":"reusables.view.manageresources.NewResourceUnit","viewId":"application-manageresources-display-component---newResourceUnit","i18NText":{"propertyName":"tooltip","key":"save"},"interaction":{"idSuffix":"BDI-content"}},"wdio_ui5_key":"reusablesview.manageresources.NewResourceUnitsap.m.Button{\"propertyName\":\"tooltip\",\"key\":\"save\"}"}]}
RESULT: undefined
COMMAND: POST /session/e7ea40813c72c691ec6b0d6c49a20f29/element - {"using":"xpath","value":"//*[@id=\"application-manageresources-display-component---newResourceUnit--createRuButton\"]"}
RESULT: {"using":"xpath","value":"//*[@id=\"application-manageresources-display-component---newResourceUnit--createRuButton\"]"}
COMMAND: POST /session/e7ea40813c72c691ec6b0d6c49a20f29/element/f.EA024E5748EAFE5A0CAA481A9B11DD22.d.86928C301E533AB31E70D6E098B937E1.e.9749/click - {}
RESULT: {}
COMMAND: GET /session/e7ea40813c72c691ec6b0d6c49a20f29/screenshot - {}
RESULT: {}
COMMAND: POST /session/e7ea40813c72c691ec6b0d6c49a20f29/execute/async - {"script":"<script> [1562 bytes]","args":[{"selector":{"controlType":"sap.m.Title","properties":{"text":"Success"},"searchOpenDialogs":true},"wdio_ui5_key":"sapm.Title{\"text\":\"Success\"}"}]}
RESULT: {"script":"<script> [1562 bytes]","args":[{"selector":{"controlType":"sap.m.Title","properties":{"text":"Success"},"searchOpenDialogs":true},"wdio_ui5_key":"sapm.Title{\"text\":\"Success\"}"}]}
RESULT: undefined
COMMAND: POST /session/e7ea40813c72c691ec6b0d6c49a20f29/execute/async - {"script":"<script> [6424 bytes]","args":[{"element-6066-11e4-a52e-4f735466cecf":"f.EA024E5748EAFE5A0CAA481A9B11DD22.d.86928C301E533AB31E70D6E098B937E1.e.9839"},"getText",[]]}
RESULT: {"script":"<script> [6424 bytes]","args":[{"element-6066-11e4-a52e-4f735466cecf":"f.EA024E5748EAFE5A0CAA481A9B11DD22.d.86928C301E533AB31E70D6E098B937E1.e.9839"},"getText",[]]}
COMMAND: POST /session/e7ea40813c72c691ec6b0d6c49a20f29/element - {"using":"xpath","value":"//*[contains(@id, '__text') and (contains(text(), 'successfully created') or contains(., 'successfully created'))]"}
RESULT: {"using":"xpath","value":"//*[contains(@id, '__text') and (contains(text(), 'successfully created') or contains(., 'successfully created'))]"}
COMMAND: GET /session/e7ea40813c72c691ec6b0d6c49a20f29/element/f.EA024E5748EAFE5A0CAA481A9B11DD22.d.86928C301E533AB31E70D6E098B937E1.e.9838/text - {}
RESULT: {}
COMMAND: POST /session/e7ea40813c72c691ec6b0d6c49a20f29/execute/async - {"script":"<script> [1562 bytes]","args":[{"selector":{"controlType":"sap.m.Button","properties":{"text":"Close"},"searchOpenDialogs":true,"interaction":{"idSuffix":"BDI-content"}},"wdio_ui5_key":"sapm.Button{\"text\":\"Close\"}"}]}
RESULT: {"script":"<script> [1562 bytes]","args":[{"selector":{"controlType":"sap.m.Button","properties":{"text":"Close"},"searchOpenDialogs":true,"interaction":{"idSuffix":"BDI-content"}},"wdio_ui5_key":"sapm.Button{\"text\":\"Close\"}"}]}
RESULT: undefined
COMMAND: POST /session/e7ea40813c72c691ec6b0d6c49a20f29/element - {"using":"xpath","value":"//*[@id=\"__mbox-btn-0\"]"}
RESULT: {"using":"xpath","value":"//*[@id=\"__mbox-btn-0\"]"}
COMMAND: POST /session/e7ea40813c72c691ec6b0d6c49a20f29/element/f.EA024E5748EAFE5A0CAA481A9B11DD22.d.86928C301E533AB31E70D6E098B937E1.e.9835/click - {}
RESULT: {}
COMMAND: GET /session/e7ea40813c72c691ec6b0d6c49a20f29/screenshot - {}
RESULT: {}
COMMAND: POST /session/e7ea40813c72c691ec6b0d6c49a20f29/execute/async - {"script":"<script> [1562 bytes]","args":[{"selector":{"controlType":"sap.ui.core.Icon","viewName":"etm.portal.ui.manageresources.view.Detail","viewId":"application-manageresources-display-component---detailRU","properties":{"src":{"regex":{"source":"overflow"}}}},"wdio_ui5_key":"etmportal.ui.manageresources.view.Detailsap.ui.core.Icon{\"src\":{\"regex\":{\"source\":\"overflow\"}}}"}]}
RESULT: {"script":"<script> [1562 bytes]","args":[{"selector":{"controlType":"sap.ui.core.Icon","viewName":"etm.portal.ui.manageresources.view.Detail","viewId":"application-manageresources-display-component---detailRU","properties":{"src":{"regex":{"source":"overflow"}}}},"wdio_ui5_key":"etmportal.ui.manageresources.view.Detailsap.ui.core.Icon{\"src\":{\"regex\":{\"source\":\"overflow\"}}}"}]}
RESULT: undefined
COMMAND: POST /session/e7ea40813c72c691ec6b0d6c49a20f29/element - {"using":"xpath","value":"//*[@id=\"__title18-_actionsToolbar-overflowButton-img\"]"}
RESULT: {"using":"xpath","value":"//*[@id=\"__title18-_actionsToolbar-overflowButton-img\"]"}
COMMAND: POST /session/e7ea40813c72c691ec6b0d6c49a20f29/element/f.EA024E5748EAFE5A0CAA481A9B11DD22.d.86928C301E533AB31E70D6E098B937E1.e.9870/click - {}
RESULT: {}
COMMAND: POST /session/e7ea40813c72c691ec6b0d6c49a20f29/execute/async - {"script":"<script> [1562 bytes]","args":[{"selector":{"controlType":"sap.m.Button","viewName":"etm.portal.ui.manageresources.view.Detail","viewId":"application-manageresources-display-component---detailRU","i18NText":{"propertyName":"tooltip","key":"closeColumn"},"searchOpenDialogs":true,"interaction":{"idSuffix":"inner"}},"wdio_ui5_key":"etmportal.ui.manageresources.view.Detailsap.m.Button{\"propertyName\":\"tooltip\",\"key\":\"closeColumn\"}"}]}
COMMAND: GET /session/e7ea40813c72c691ec6b0d6c49a20f29/screenshot - {}
RESULT: {"script":"<script> [1562 bytes]","args":[{"selector":{"controlType":"sap.m.Button","viewName":"etm.portal.ui.manageresources.view.Detail","viewId":"application-manageresources-display-component---detailRU","i18NText":{"propertyName":"tooltip","key":"closeColumn"},"searchOpenDialogs":true,"interaction":{"idSuffix":"inner"}},"wdio_ui5_key":"etmportal.ui.manageresources.view.Detailsap.m.Button{\"propertyName\":\"tooltip\",\"key\":\"closeColumn\"}"}]}
RESULT: undefined
COMMAND: POST /session/e7ea40813c72c691ec6b0d6c49a20f29/element - {"using":"xpath","value":"//*[@id=\"__button47\"]"}
RESULT: {}
RESULT: {"using":"xpath","value":"//*[@id=\"__button47\"]"}
COMMAND: POST /session/e7ea40813c72c691ec6b0d6c49a20f29/element/f.EA024E5748EAFE5A0CAA481A9B11DD22.d.86928C301E533AB31E70D6E098B937E1.e.9874/click - {}
RESULT: {}
COMMAND: GET /session/e7ea40813c72c691ec6b0d6c49a20f29/screenshot - {}
RESULT: {}
COMMAND: POST /session/e7ea40813c72c691ec6b0d6c49a20f29/refresh - {}
RESULT: {}
COMMAND: GET /session/e7ea40813c72c691ec6b0d6c49a20f29/screenshot - {}
RESULT: {}
COMMAND: POST /session/e7ea40813c72c691ec6b0d6c49a20f29/execute/async - {"script":"<script> [189 bytes]","args":[]}
RESULT: {"script":"<script> [189 bytes]","args":[]}
COMMAND: POST /session/e7ea40813c72c691ec6b0d6c49a20f29/execute/async - {"script":"<script> [123 bytes]","args":[]}
RESULT: {"script":"<script> [123 bytes]","args":[]}
COMMAND: POST /session/e7ea40813c72c691ec6b0d6c49a20f29/timeouts - {"script":"<number>"}
RESULT: {"script":"<number>"}
COMMAND: GET /session/e7ea40813c72c691ec6b0d6c49a20f29/timeouts - {}
RESULT: {}
RESULT: undefined
COMMAND: POST /session/e7ea40813c72c691ec6b0d6c49a20f29/execute/async - {"script":"<script> [2676 bytes]","args":[]}
RESULT: {"script":"<script> [2676 bytes]","args":[]}
COMMAND: POST /session/e7ea40813c72c691ec6b0d6c49a20f29/execute/async - {"script":"<script> [2342 bytes]","args":[{"protocol":"http","hostname":"0.0.0.0","path":"/","capabilities":{"browserName":"chrome","goog:chromeOptions":{"binary":"C:\\Program Files\\Google\\Chrome\\Application\\chrome.exe","args":["--start-maximized"]}},"logLevel":"warn","connectionRetryTimeout":120000,"connectionRetryCount":3,"logLevels":{},"enableDirectConnect":true,"strictSSL":true,"_":"65 more keys: [\"cacheDir\",\"port\",\"requestedCapabilities\",\"automationProtocol\",\"baseUrl\",\"waitforInterval\",\"waitforTimeout\",\"onReload\",\"beforeCommand\",\"afterCommand\",\"rootDir\",\"specs\",\"suites\",\"exclude\",\"groupLogsByTestSpec\",\"excludeDriverLogs\",\"bail\",\"framework\",\"reporters\",\"services\",\"maxInstances\",\"maxInstancesPerCapability\",\"injectGlobals\",\"filesToWatch\",\"execArgv\",\"runnerEnv\",\"runner\",\"shard\",\"specFileRetries\",\"specFileRetriesDelay\",\"specFileRetriesDeferred\",\"reporterSyncInterval\",\"reporterSyncTimeout\",\"cucumberFeaturesWithLineNumbers\",\"autoCompileOpts\",\"mochaOpts\",\"jasmineOpts\",\"cucumberOpts\",\"onPrepare\",\"onWorkerStart\",\"onWorkerEnd\",\"before\",\"beforeSession\",\"beforeSuite\",\"beforeHook\",\"beforeTest\",\"afterTest\",\"afterHook\",\"afterSuite\",\"afterSession\",\"after\",\"onComplete\",\"beforeAssertion\",\"afterAssertion\",\"beforeFeature\",\"beforeScenario\",\"beforeStep\",\"afterStep\",\"afterScenario\",\"afterFeature\",\"_\",\"suite\",\"$0\",\"ignoredWorkerServices\",\"wdi5\"]"}]}
RESULT: {"script":"<script> [2342 bytes]","args":[{"protocol":"http","hostname":"0.0.0.0","path":"/","capabilities":{"browserName":"chrome","goog:chromeOptions":{"binary":"C:\\Program Files\\Google\\Chrome\\Application\\chrome.exe","args":["--start-maximized"]}},"logLevel":"warn","connectionRetryTimeout":120000,"connectionRetryCount":3,"logLevels":{},"enableDirectConnect":true,"strictSSL":true,"_":"65 more keys: [\"cacheDir\",\"port\",\"requestedCapabilities\",\"automationProtocol\",\"baseUrl\",\"waitforInterval\",\"waitforTimeout\",\"onReload\",\"beforeCommand\",\"afterCommand\",\"rootDir\",\"specs\",\"suites\",\"exclude\",\"groupLogsByTestSpec\",\"excludeDriverLogs\",\"bail\",\"framework\",\"reporters\",\"services\",\"maxInstances\",\"maxInstancesPerCapability\",\"injectGlobals\",\"filesToWatch\",\"execArgv\",\"runnerEnv\",\"runner\",\"shard\",\"specFileRetries\",\"specFileRetriesDelay\",\"specFileRetriesDeferred\",\"reporterSyncInterval\",\"reporterSyncTimeout\",\"cucumberFeaturesWithLineNumbers\",\"autoCompileOpts\",\"mochaOpts\",\"jasmineOpts\",\"cucumberOpts\",\"onPrepare\",\"onWorkerStart\",\"onWorkerEnd\",\"before\",\"beforeSession\",\"beforeSuite\",\"beforeHook\",\"beforeTest\",\"afterTest\",\"afterHook\",\"afterSuite\",\"afterSession\",\"after\",\"onComplete\",\"beforeAssertion\",\"afterAssertion\",\"beforeFeature\",\"beforeScenario\",\"beforeStep\",\"afterStep\",\"afterScenario\",\"afterFeature\",\"_\",\"suite\",\"$0\",\"ignoredWorkerServices\",\"wdi5\"]"}]}
COMMAND: POST /session/e7ea40813c72c691ec6b0d6c49a20f29/execute/async - {"script":"<script> [21126 bytes]","args":[35000]}
RESULT: {"script":"<script> [21126 bytes]","args":[35000]}
COMMAND: POST /session/e7ea40813c72c691ec6b0d6c49a20f29/element - {"using":"css selector","value":"#shell-header-logo"}
RESULT: {"using":"css selector","value":"#shell-header-logo"}
COMMAND: POST /session/e7ea40813c72c691ec6b0d6c49a20f29/element/f.EA024E5748EAFE5A0CAA481A9B11DD22.d.B04D83A9FBC46F1FB0EEFA1A7687D073.e.10091/click - {}
RESULT: {}
COMMAND: GET /session/e7ea40813c72c691ec6b0d6c49a20f29/screenshot - {}
RESULT: {}
COMMAND: POST /session/e7ea40813c72c691ec6b0d6c49a20f29/element - {"using":"css selector","value":"#shell-header-logo"}
RESULT: {"using":"css selector","value":"#shell-header-logo"}
COMMAND: POST /session/e7ea40813c72c691ec6b0d6c49a20f29/element/f.EA024E5748EAFE5A0CAA481A9B11DD22.d.B04D83A9FBC46F1FB0EEFA1A7687D073.e.10273/click - {}
RESULT: {}
COMMAND: GET /session/e7ea40813c72c691ec6b0d6c49a20f29/screenshot - {}
RESULT: {}
]]></system-out>
    </testcase>
    <testcase classname="chrome.135_0_7049_96.windows.Warehouse_movements_inventory_test" name="Should do a stock increase handover" time="73.045">
      <system-out><![CDATA[
COMMAND: POST /session/e7ea40813c72c691ec6b0d6c49a20f29/execute/async - {"script":"<script> [1562 bytes]","args":[{"selector":{"controlType":"sap.m.Text","viewName":"etm.portal.ui.managehandoverstile.view.Master","properties":{"text":"Manage Handovers"},"interaction":{"idSuffix":"inner"}},"wdio_ui5_key":"etmportal.ui.managehandoverstile.view.Mastersap.m.Text{\"text\":\"Manage Handovers\"}"}]}
RESULT: {"script":"<script> [1562 bytes]","args":[{"selector":{"controlType":"sap.m.Text","viewName":"etm.portal.ui.managehandoverstile.view.Master","properties":{"text":"Manage Handovers"},"interaction":{"idSuffix":"inner"}},"wdio_ui5_key":"etmportal.ui.managehandoverstile.view.Mastersap.m.Text{\"text\":\"Manage Handovers\"}"}]}
RESULT: undefined
COMMAND: POST /session/e7ea40813c72c691ec6b0d6c49a20f29/element - {"using":"xpath","value":"//*[@id=\"__tile132-title\"]"}
RESULT: {"using":"xpath","value":"//*[@id=\"__tile132-title\"]"}
COMMAND: POST /session/e7ea40813c72c691ec6b0d6c49a20f29/element/f.EA024E5748EAFE5A0CAA481A9B11DD22.d.B04D83A9FBC46F1FB0EEFA1A7687D073.e.10281/click - {}
RESULT: {}
COMMAND: GET /session/e7ea40813c72c691ec6b0d6c49a20f29/screenshot - {}
RESULT: {}
COMMAND: POST /session/e7ea40813c72c691ec6b0d6c49a20f29/element - {"using":"xpath","value":"//button[(@data-kt = 'masterHOAddButton')]"}
RESULT: {"using":"xpath","value":"//button[(@data-kt = 'masterHOAddButton')]"}
COMMAND: POST /session/e7ea40813c72c691ec6b0d6c49a20f29/element/f.EA024E5748EAFE5A0CAA481A9B11DD22.d.B04D83A9FBC46F1FB0EEFA1A7687D073.e.10322/click - {}
RESULT: {}
COMMAND: GET /session/e7ea40813c72c691ec6b0d6c49a20f29/screenshot - {}
RESULT: {}
COMMAND: POST /session/e7ea40813c72c691ec6b0d6c49a20f29/element - {"using":"xpath","value":"//span[contains(@id ,\"AddNewHO--typeSelect-arrow\")]"}
RESULT: {"using":"xpath","value":"//span[contains(@id ,\"AddNewHO--typeSelect-arrow\")]"}
COMMAND: POST /session/e7ea40813c72c691ec6b0d6c49a20f29/element/f.EA024E5748EAFE5A0CAA481A9B11DD22.d.B04D83A9FBC46F1FB0EEFA1A7687D073.e.10636/click - {}
RESULT: {}
COMMAND: POST /session/e7ea40813c72c691ec6b0d6c49a20f29/element - {"using":"xpath","value":"(//li[contains(text(), \"stock increase yard\")])[1]"}
COMMAND: GET /session/e7ea40813c72c691ec6b0d6c49a20f29/screenshot - {}
RESULT: {"using":"xpath","value":"(//li[contains(text(), \"stock increase yard\")])[1]"}
COMMAND: POST /session/e7ea40813c72c691ec6b0d6c49a20f29/element/f.EA024E5748EAFE5A0CAA481A9B11DD22.d.B04D83A9FBC46F1FB0EEFA1A7687D073.e.10637/click - {}
RESULT: {}
RESULT: {}
COMMAND: GET /session/e7ea40813c72c691ec6b0d6c49a20f29/screenshot - {}
RESULT: {}
COMMAND: POST /session/e7ea40813c72c691ec6b0d6c49a20f29/execute/async - {"script":"<script> [1562 bytes]","args":[{"selector":{"id":"application-managehandovers-display-component---AddNewHO--dueDate","interaction":{"idSuffix":"inner"}},"wdio_ui5_key":"applicationmanagehandovers-display-component---AddNewHO--dueDate"}]}
RESULT: {"script":"<script> [1562 bytes]","args":[{"selector":{"id":"application-managehandovers-display-component---AddNewHO--dueDate","interaction":{"idSuffix":"inner"}},"wdio_ui5_key":"applicationmanagehandovers-display-component---AddNewHO--dueDate"}]}
RESULT: undefined
COMMAND: POST /session/e7ea40813c72c691ec6b0d6c49a20f29/execute/async - {"script":"<script> [6424 bytes]","args":[{"element-6066-11e4-a52e-4f735466cecf":"f.EA024E5748EAFE5A0CAA481A9B11DD22.d.B04D83A9FBC46F1FB0EEFA1A7687D073.e.10641"},"setValue",["04/26/2025"]]}
RESULT: {"script":"<script> [6424 bytes]","args":[{"element-6066-11e4-a52e-4f735466cecf":"f.EA024E5748EAFE5A0CAA481A9B11DD22.d.B04D83A9FBC46F1FB0EEFA1A7687D073.e.10641"},"setValue",["04/26/2025"]]}
COMMAND: POST /session/e7ea40813c72c691ec6b0d6c49a20f29/element - {"using":"xpath","value":"//input[@id=\"generalSectionFrg--receiveYard-inner\"]"}
RESULT: {"using":"xpath","value":"//input[@id=\"generalSectionFrg--receiveYard-inner\"]"}
COMMAND: POST /session/e7ea40813c72c691ec6b0d6c49a20f29/element/f.EA024E5748EAFE5A0CAA481A9B11DD22.d.B04D83A9FBC46F1FB0EEFA1A7687D073.e.10647/clear - {}
RESULT: {}
COMMAND: POST /session/e7ea40813c72c691ec6b0d6c49a20f29/element/f.EA024E5748EAFE5A0CAA481A9B11DD22.d.B04D83A9FBC46F1FB0EEFA1A7687D073.e.10647/value - {"text":"WebdriverWHMYardz6za4h"}
COMMAND: GET /session/e7ea40813c72c691ec6b0d6c49a20f29/screenshot - {}
RESULT: {"text":"WebdriverWHMYardz6za4h"}
COMMAND: GET /session/e7ea40813c72c691ec6b0d6c49a20f29/screenshot - {}
RESULT: {}
RESULT: {}
COMMAND: POST /session/e7ea40813c72c691ec6b0d6c49a20f29/execute/async - {"script":"<script> [1562 bytes]","args":[{"selector":{"id":"application-managehandovers-display-component---AddNewHO--ObjectPageLayout-anchBar-application-managehandovers-display-component---AddNewHO--section4-anchor","interaction":{"idSuffix":"BDI-content"}},"wdio_ui5_key":"applicationmanagehandovers-display-component---AddNewHO--ObjectPageLayout-anchBar-application-managehandovers-display-component---AddNewHO--section4-anchor"}]}
RESULT: {"script":"<script> [1562 bytes]","args":[{"selector":{"id":"application-managehandovers-display-component---AddNewHO--ObjectPageLayout-anchBar-application-managehandovers-display-component---AddNewHO--section4-anchor","interaction":{"idSuffix":"BDI-content"}},"wdio_ui5_key":"applicationmanagehandovers-display-component---AddNewHO--ObjectPageLayout-anchBar-application-managehandovers-display-component---AddNewHO--section4-anchor"}]}
RESULT: undefined
COMMAND: POST /session/e7ea40813c72c691ec6b0d6c49a20f29/element - {"using":"xpath","value":"//*[@id=\"application-managehandovers-display-component---AddNewHO--ObjectPageLayout-anchBar-application-managehandovers-display-component---AddNewHO--section4-anchor\"]"}
RESULT: {"using":"xpath","value":"//*[@id=\"application-managehandovers-display-component---AddNewHO--ObjectPageLayout-anchBar-application-managehandovers-display-component---AddNewHO--section4-anchor\"]"}
COMMAND: POST /session/e7ea40813c72c691ec6b0d6c49a20f29/element/f.EA024E5748EAFE5A0CAA481A9B11DD22.d.B04D83A9FBC46F1FB0EEFA1A7687D073.e.10665/click - {}
RESULT: {}
COMMAND: GET /session/e7ea40813c72c691ec6b0d6c49a20f29/screenshot - {}
RESULT: {}
COMMAND: POST /session/e7ea40813c72c691ec6b0d6c49a20f29/element - {"using":"xpath","value":"//button[@aria-label=\"Add\"]"}
RESULT: {"using":"xpath","value":"//button[@aria-label=\"Add\"]"}
COMMAND: POST /session/e7ea40813c72c691ec6b0d6c49a20f29/element/f.EA024E5748EAFE5A0CAA481A9B11DD22.d.B04D83A9FBC46F1FB0EEFA1A7687D073.e.10669/click - {}
RESULT: {}
COMMAND: GET /session/e7ea40813c72c691ec6b0d6c49a20f29/screenshot - {}
RESULT: {}
COMMAND: POST /session/e7ea40813c72c691ec6b0d6c49a20f29/execute/async - {"script":"<script> [1562 bytes]","args":[{"selector":{"id":"application-managehandovers-display-component---AddNewHO--smartFilterBar-btnBasicSearch","searchOpenDialogs":true,"interaction":{"idSuffix":"I"}},"wdio_ui5_key":"applicationmanagehandovers-display-component---AddNewHO--smartFilterBar-btnBasicSearch"}]}
RESULT: {"script":"<script> [1562 bytes]","args":[{"selector":{"id":"application-managehandovers-display-component---AddNewHO--smartFilterBar-btnBasicSearch","searchOpenDialogs":true,"interaction":{"idSuffix":"I"}},"wdio_ui5_key":"applicationmanagehandovers-display-component---AddNewHO--smartFilterBar-btnBasicSearch"}]}
RESULT: undefined
COMMAND: POST /session/e7ea40813c72c691ec6b0d6c49a20f29/execute/async - {"script":"<script> [776 bytes]","args":[{"enterText":"WebdriverRUR2Cqqfpr","selector":{"id":"application-managehandovers-display-component---AddNewHO--smartFilterBar-btnBasicSearch","searchOpenDialogs":true,"interaction":{"idSuffix":"I"}},"clearTextFirst":true,"interactionType":"ENTER_TEXT"}]}
RESULT: {"script":"<script> [776 bytes]","args":[{"enterText":"WebdriverRUR2Cqqfpr","selector":{"id":"application-managehandovers-display-component---AddNewHO--smartFilterBar-btnBasicSearch","searchOpenDialogs":true,"interaction":{"idSuffix":"I"}},"clearTextFirst":true,"interactionType":"ENTER_TEXT"}]}
COMMAND: POST /session/e7ea40813c72c691ec6b0d6c49a20f29/actions - {"actions":[{"id":"action32","type":"key","parameters":{},"actions":[{"type":"keyDown","value":"î€‡"},{"type":"pause","duration":10},{"type":"keyUp","value":"î€‡"}]}]}
RESULT: {"actions":[{"id":"action32","type":"key","parameters":{},"actions":[{"type":"keyDown","value":"î€‡"},{"type":"pause","duration":10},{"type":"keyUp","value":"î€‡"}]}]}
COMMAND: POST /session/e7ea40813c72c691ec6b0d6c49a20f29/execute/async - {"script":"<script> [1562 bytes]","args":[{"selector":{"id":"application-managehandovers-display-component---AddNewHO--popup-sa","searchOpenDialogs":true,"interaction":{"idSuffix":"CbBg"}},"wdio_ui5_key":"applicationmanagehandovers-display-component---AddNewHO--popup-sa"}]}
COMMAND: GET /session/e7ea40813c72c691ec6b0d6c49a20f29/screenshot - {}
RESULT: {"script":"<script> [1562 bytes]","args":[{"selector":{"id":"application-managehandovers-display-component---AddNewHO--popup-sa","searchOpenDialogs":true,"interaction":{"idSuffix":"CbBg"}},"wdio_ui5_key":"applicationmanagehandovers-display-component---AddNewHO--popup-sa"}]}
RESULT: undefined
COMMAND: POST /session/e7ea40813c72c691ec6b0d6c49a20f29/element - {"using":"xpath","value":"//*[@id=\"application-managehandovers-display-component---AddNewHO--popup-sa\"]"}
RESULT: {}
RESULT: {"using":"xpath","value":"//*[@id=\"application-managehandovers-display-component---AddNewHO--popup-sa\"]"}
COMMAND: POST /session/e7ea40813c72c691ec6b0d6c49a20f29/element/f.EA024E5748EAFE5A0CAA481A9B11DD22.d.B04D83A9FBC46F1FB0EEFA1A7687D073.e.10817/click - {}
RESULT: {}
COMMAND: GET /session/e7ea40813c72c691ec6b0d6c49a20f29/screenshot - {}
RESULT: {}
COMMAND: POST /session/e7ea40813c72c691ec6b0d6c49a20f29/element - {"using":"xpath","value":"//bdi[contains(text(), \"Select\")]"}
RESULT: {"using":"xpath","value":"//bdi[contains(text(), \"Select\")]"}
COMMAND: POST /session/e7ea40813c72c691ec6b0d6c49a20f29/element/f.EA024E5748EAFE5A0CAA481A9B11DD22.d.B04D83A9FBC46F1FB0EEFA1A7687D073.e.10818/click - {}
RESULT: {}
COMMAND: GET /session/e7ea40813c72c691ec6b0d6c49a20f29/screenshot - {}
RESULT: {}
COMMAND: POST /session/e7ea40813c72c691ec6b0d6c49a20f29/element - {"using":"xpath","value":"//button[@data-kt=\"AddNewHOSaveButton\"]"}
RESULT: {"using":"xpath","value":"//button[@data-kt=\"AddNewHOSaveButton\"]"}
COMMAND: POST /session/e7ea40813c72c691ec6b0d6c49a20f29/element/f.EA024E5748EAFE5A0CAA481A9B11DD22.d.B04D83A9FBC46F1FB0EEFA1A7687D073.e.10822/click - {}
RESULT: {}
COMMAND: GET /session/e7ea40813c72c691ec6b0d6c49a20f29/screenshot - {}
RESULT: {}
COMMAND: POST /session/e7ea40813c72c691ec6b0d6c49a20f29/execute/async - {"script":"<script> [1562 bytes]","args":[{"selector":{"id":"receiptDatePicker","viewName":"etm.portal.ui.managehandovers.view.DetailExecuteHO","interaction":{"idSuffix":"inner"}},"wdio_ui5_key":"receiptDatePickeretmportal.ui.managehandovers.view.DetailExecuteHO"}]}
RESULT: {"script":"<script> [1562 bytes]","args":[{"selector":{"id":"receiptDatePicker","viewName":"etm.portal.ui.managehandovers.view.DetailExecuteHO","interaction":{"idSuffix":"inner"}},"wdio_ui5_key":"receiptDatePickeretmportal.ui.managehandovers.view.DetailExecuteHO"}]}
RESULT: undefined
COMMAND: POST /session/e7ea40813c72c691ec6b0d6c49a20f29/execute/async - {"script":"<script> [6424 bytes]","args":[{"element-6066-11e4-a52e-4f735466cecf":"f.EA024E5748EAFE5A0CAA481A9B11DD22.d.B04D83A9FBC46F1FB0EEFA1A7687D073.e.10846"},"setValue",["04/26/2025"]]}
RESULT: {"script":"<script> [6424 bytes]","args":[{"element-6066-11e4-a52e-4f735466cecf":"f.EA024E5748EAFE5A0CAA481A9B11DD22.d.B04D83A9FBC46F1FB0EEFA1A7687D073.e.10846"},"setValue",["04/26/2025"]]}
COMMAND: POST /session/e7ea40813c72c691ec6b0d6c49a20f29/element - {"using":"xpath","value":"//button[@data-kt=\"PickingTableConfirmAllButton\"]"}
RESULT: {"using":"xpath","value":"//button[@data-kt=\"PickingTableConfirmAllButton\"]"}
COMMAND: POST /session/e7ea40813c72c691ec6b0d6c49a20f29/element/f.EA024E5748EAFE5A0CAA481A9B11DD22.d.B04D83A9FBC46F1FB0EEFA1A7687D073.e.10865/click - {}
RESULT: {}
COMMAND: GET /session/e7ea40813c72c691ec6b0d6c49a20f29/screenshot - {}
RESULT: {}
COMMAND: POST /session/e7ea40813c72c691ec6b0d6c49a20f29/element - {"using":"xpath","value":"//bdi[contains(text(), \"OK\")]"}
RESULT: {"using":"xpath","value":"//bdi[contains(text(), \"OK\")]"}
COMMAND: POST /session/e7ea40813c72c691ec6b0d6c49a20f29/element/f.EA024E5748EAFE5A0CAA481A9B11DD22.d.B04D83A9FBC46F1FB0EEFA1A7687D073.e.10868/click - {}
RESULT: {}
COMMAND: GET /session/e7ea40813c72c691ec6b0d6c49a20f29/screenshot - {}
RESULT: {}
COMMAND: POST /session/e7ea40813c72c691ec6b0d6c49a20f29/element - {"using":"xpath","value":"(//bdi[contains(text(), \"Receive\")])[2]"}
RESULT: {"using":"xpath","value":"(//bdi[contains(text(), \"Receive\")])[2]"}
COMMAND: POST /session/e7ea40813c72c691ec6b0d6c49a20f29/element/f.EA024E5748EAFE5A0CAA481A9B11DD22.d.B04D83A9FBC46F1FB0EEFA1A7687D073.e.10869/click - {}
RESULT: {}
COMMAND: GET /session/e7ea40813c72c691ec6b0d6c49a20f29/screenshot - {}
RESULT: {}
COMMAND: POST /session/e7ea40813c72c691ec6b0d6c49a20f29/element - {"using":"css selector","value":"#shell-header-logo"}
RESULT: {"using":"css selector","value":"#shell-header-logo"}
COMMAND: POST /session/e7ea40813c72c691ec6b0d6c49a20f29/element/f.EA024E5748EAFE5A0CAA481A9B11DD22.d.B04D83A9FBC46F1FB0EEFA1A7687D073.e.10273/click - {}
RESULT: {}
COMMAND: GET /session/e7ea40813c72c691ec6b0d6c49a20f29/screenshot - {}
RESULT: {}
]]></system-out>
    </testcase>
    <testcase classname="chrome.135_0_7049_96.windows.Warehouse_movements_inventory_test" name="Verify the warehouse movement" time="39.751">
      <system-out><![CDATA[
COMMAND: POST /session/e7ea40813c72c691ec6b0d6c49a20f29/execute/async - {"script":"<script> [1562 bytes]","args":[{"selector":{"controlType":"sap.m.GenericTile","properties":{"header":"Manage Warehouse Movements"}},"wdio_ui5_key":"sapm.GenericTile{\"header\":\"Manage Warehouse Movements\"}"}]}
RESULT: {"script":"<script> [1562 bytes]","args":[{"selector":{"controlType":"sap.m.GenericTile","properties":{"header":"Manage Warehouse Movements"}},"wdio_ui5_key":"sapm.GenericTile{\"header\":\"Manage Warehouse Movements\"}"}]}
RESULT: undefined
COMMAND: POST /session/e7ea40813c72c691ec6b0d6c49a20f29/element - {"using":"xpath","value":"//*[@id=\"__tile105\"]"}
RESULT: {"using":"xpath","value":"//*[@id=\"__tile105\"]"}
COMMAND: POST /session/e7ea40813c72c691ec6b0d6c49a20f29/element/f.EA024E5748EAFE5A0CAA481A9B11DD22.d.B04D83A9FBC46F1FB0EEFA1A7687D073.e.10265/click - {}
RESULT: {}
COMMAND: GET /session/e7ea40813c72c691ec6b0d6c49a20f29/screenshot - {}
RESULT: {}
COMMAND: POST /session/e7ea40813c72c691ec6b0d6c49a20f29/execute/async - {"script":"<script> [1562 bytes]","args":[{"selector":{"id":"application-warehousemovements-display-component---warehouseMovements--smartFilterBar-filterItemControl_BASIC-YARD-vhi"},"wdio_ui5_key":"applicationwarehousemovements-display-component---warehouseMovements--smartFilterBar-filterItemControl_BASIC-YARD-vhi"}]}
RESULT: {"script":"<script> [1562 bytes]","args":[{"selector":{"id":"application-warehousemovements-display-component---warehouseMovements--smartFilterBar-filterItemControl_BASIC-YARD-vhi"},"wdio_ui5_key":"applicationwarehousemovements-display-component---warehouseMovements--smartFilterBar-filterItemControl_BASIC-YARD-vhi"}]}
RESULT: undefined
COMMAND: POST /session/e7ea40813c72c691ec6b0d6c49a20f29/element - {"using":"xpath","value":"//*[@id=\"application-warehousemovements-display-component---warehouseMovements--smartFilterBar-filterItemControl_BASIC-YARD-vhi\"]"}
RESULT: {"using":"xpath","value":"//*[@id=\"application-warehousemovements-display-component---warehouseMovements--smartFilterBar-filterItemControl_BASIC-YARD-vhi\"]"}
COMMAND: POST /session/e7ea40813c72c691ec6b0d6c49a20f29/element/f.EA024E5748EAFE5A0CAA481A9B11DD22.d.B04D83A9FBC46F1FB0EEFA1A7687D073.e.11293/click - {}
RESULT: {}
COMMAND: GET /session/e7ea40813c72c691ec6b0d6c49a20f29/screenshot - {}
RESULT: {}
COMMAND: POST /session/e7ea40813c72c691ec6b0d6c49a20f29/execute/async - {"script":"<script> [1562 bytes]","args":[{"selector":{"id":"application-warehousemovements-display-component---warehouseMovements--smartFilterBar-filterItemControl_BASIC-YARD-valueHelpDialog-smartFilterBar-btnBasicSearch","searchOpenDialogs":true,"interaction":{"idSuffix":"I"}},"wdio_ui5_key":"applicationwarehousemovements-display-component---warehouseMovements--smartFilterBar-filterItemControl_BASIC-YARD-valueHelpDialog-smartFilterBar-btnBasicSearch"}]}
RESULT: {"script":"<script> [1562 bytes]","args":[{"selector":{"id":"application-warehousemovements-display-component---warehouseMovements--smartFilterBar-filterItemControl_BASIC-YARD-valueHelpDialog-smartFilterBar-btnBasicSearch","searchOpenDialogs":true,"interaction":{"idSuffix":"I"}},"wdio_ui5_key":"applicationwarehousemovements-display-component---warehouseMovements--smartFilterBar-filterItemControl_BASIC-YARD-valueHelpDialog-smartFilterBar-btnBasicSearch"}]}
RESULT: undefined
COMMAND: POST /session/e7ea40813c72c691ec6b0d6c49a20f29/execute/async - {"script":"<script> [776 bytes]","args":[{"enterText":"WebdriverWHMYardz6za4h","selector":{"id":"application-warehousemovements-display-component---warehouseMovements--smartFilterBar-filterItemControl_BASIC-YARD-valueHelpDialog-smartFilterBar-btnBasicSearch","searchOpenDialogs":true,"interaction":{"idSuffix":"I"}},"clearTextFirst":true,"interactionType":"ENTER_TEXT"}]}
RESULT: {"script":"<script> [776 bytes]","args":[{"enterText":"WebdriverWHMYardz6za4h","selector":{"id":"application-warehousemovements-display-component---warehouseMovements--smartFilterBar-filterItemControl_BASIC-YARD-valueHelpDialog-smartFilterBar-btnBasicSearch","searchOpenDialogs":true,"interaction":{"idSuffix":"I"}},"clearTextFirst":true,"interactionType":"ENTER_TEXT"}]}
COMMAND: POST /session/e7ea40813c72c691ec6b0d6c49a20f29/actions - {"actions":[{"id":"action33","type":"key","parameters":{},"actions":[{"type":"keyDown","value":"î€‡"},{"type":"pause","duration":10},{"type":"keyUp","value":"î€‡"}]}]}
RESULT: {"actions":[{"id":"action33","type":"key","parameters":{},"actions":[{"type":"keyDown","value":"î€‡"},{"type":"pause","duration":10},{"type":"keyUp","value":"î€‡"}]}]}
COMMAND: GET /session/e7ea40813c72c691ec6b0d6c49a20f29/screenshot - {}
RESULT: {}
COMMAND: POST /session/e7ea40813c72c691ec6b0d6c49a20f29/element - {"using":"xpath","value":"//div[@id='application-warehousemovements-display-component---warehouseMovements--smartFilterBar-filterItemControl_BASIC-YARD-valueHelpDialog-table-rowsel0']"}
RESULT: {"using":"xpath","value":"//div[@id='application-warehousemovements-display-component---warehouseMovements--smartFilterBar-filterItemControl_BASIC-YARD-valueHelpDialog-table-rowsel0']"}
COMMAND: POST /session/e7ea40813c72c691ec6b0d6c49a20f29/element/f.EA024E5748EAFE5A0CAA481A9B11DD22.d.B04D83A9FBC46F1FB0EEFA1A7687D073.e.11302/click - {}
RESULT: {}
COMMAND: POST /session/e7ea40813c72c691ec6b0d6c49a20f29/execute/async - {"script":"<script> [1562 bytes]","args":[{"selector":{"id":"application-warehousemovements-display-component---warehouseMovements--smartFilterBar-filterItemControl_BASIC-YARD-valueHelpDialog-ok","searchOpenDialogs":true,"interaction":{"idSuffix":"BDI-content"}},"wdio_ui5_key":"applicationwarehousemovements-display-component---warehouseMovements--smartFilterBar-filterItemControl_BASIC-YARD-valueHelpDialog-ok"}]}
COMMAND: GET /session/e7ea40813c72c691ec6b0d6c49a20f29/screenshot - {}
RESULT: {"script":"<script> [1562 bytes]","args":[{"selector":{"id":"application-warehousemovements-display-component---warehouseMovements--smartFilterBar-filterItemControl_BASIC-YARD-valueHelpDialog-ok","searchOpenDialogs":true,"interaction":{"idSuffix":"BDI-content"}},"wdio_ui5_key":"applicationwarehousemovements-display-component---warehouseMovements--smartFilterBar-filterItemControl_BASIC-YARD-valueHelpDialog-ok"}]}
RESULT: undefined
COMMAND: POST /session/e7ea40813c72c691ec6b0d6c49a20f29/element - {"using":"xpath","value":"//*[@id=\"application-warehousemovements-display-component---warehouseMovements--smartFilterBar-filterItemControl_BASIC-YARD-valueHelpDialog-ok\"]"}
RESULT: {}
RESULT: {"using":"xpath","value":"//*[@id=\"application-warehousemovements-display-component---warehouseMovements--smartFilterBar-filterItemControl_BASIC-YARD-valueHelpDialog-ok\"]"}
COMMAND: POST /session/e7ea40813c72c691ec6b0d6c49a20f29/element/f.EA024E5748EAFE5A0CAA481A9B11DD22.d.B04D83A9FBC46F1FB0EEFA1A7687D073.e.11305/click - {}
RESULT: {}
COMMAND: POST /session/e7ea40813c72c691ec6b0d6c49a20f29/execute/async - {"script":"<script> [1562 bytes]","args":[{"selector":{"controlType":"sap.ui.core.Icon","viewName":"etm.portal.ui.warehousemovements.view.MasterMovement","viewId":"application-warehousemovements-display-component---warehouseMovements","properties":{"src":{"regex":{"source":"add"}}}},"wdio_ui5_key":"etmportal.ui.warehousemovements.view.MasterMovementsap.ui.core.Icon{\"src\":{\"regex\":{\"source\":\"add\"}}}"}]}
COMMAND: GET /session/e7ea40813c72c691ec6b0d6c49a20f29/screenshot - {}
RESULT: {"script":"<script> [1562 bytes]","args":[{"selector":{"controlType":"sap.ui.core.Icon","viewName":"etm.portal.ui.warehousemovements.view.MasterMovement","viewId":"application-warehousemovements-display-component---warehouseMovements","properties":{"src":{"regex":{"source":"add"}}}},"wdio_ui5_key":"etmportal.ui.warehousemovements.view.MasterMovementsap.ui.core.Icon{\"src\":{\"regex\":{\"source\":\"add\"}}}"}]}
RESULT: undefined
COMMAND: POST /session/e7ea40813c72c691ec6b0d6c49a20f29/element - {"using":"xpath","value":"//*[@id=\"__button73-img\"]"}
RESULT: {}
RESULT: {"using":"xpath","value":"//*[@id=\"__button73-img\"]"}
COMMAND: POST /session/e7ea40813c72c691ec6b0d6c49a20f29/element/f.EA024E5748EAFE5A0CAA481A9B11DD22.d.B04D83A9FBC46F1FB0EEFA1A7687D073.e.11160/click - {}
RESULT: {}
COMMAND: POST /session/e7ea40813c72c691ec6b0d6c49a20f29/element - {"using":"xpath","value":"//input[contains(@id ,\"application-warehousemovements-display-component---addMovement--sectionsList-inner\")]"}
COMMAND: GET /session/e7ea40813c72c691ec6b0d6c49a20f29/screenshot - {}
RESULT: {"using":"xpath","value":"//input[contains(@id ,\"application-warehousemovements-display-component---addMovement--sectionsList-inner\")]"}
COMMAND: POST /session/e7ea40813c72c691ec6b0d6c49a20f29/elements - {"using":"xpath","value":"//input[contains(@id ,\"application-warehousemovements-display-component---addMovement--sectionsList-inner\")]"}
RESULT: {}
RESULT: {"using":"xpath","value":"//input[contains(@id ,\"application-warehousemovements-display-component---addMovement--sectionsList-inner\")]"}
COMMAND: POST /session/e7ea40813c72c691ec6b0d6c49a20f29/elements - {"using":"xpath","value":"//input[contains(@id ,\"application-warehousemovements-display-component---addMovement--sectionsList-inner\")]"}
RESULT: {"using":"xpath","value":"//input[contains(@id ,\"application-warehousemovements-display-component---addMovement--sectionsList-inner\")]"}
COMMAND: POST /session/e7ea40813c72c691ec6b0d6c49a20f29/element - {"using":"xpath","value":"//input[contains(@id ,\"application-warehousemovements-display-component---addMovement--sectionsList-inner\")]"}
RESULT: {"using":"xpath","value":"//input[contains(@id ,\"application-warehousemovements-display-component---addMovement--sectionsList-inner\")]"}
COMMAND: POST /session/e7ea40813c72c691ec6b0d6c49a20f29/element/f.EA024E5748EAFE5A0CAA481A9B11DD22.d.B04D83A9FBC46F1FB0EEFA1A7687D073.e.11367/clear - {}
RESULT: {}
COMMAND: POST /session/e7ea40813c72c691ec6b0d6c49a20f29/element/f.EA024E5748EAFE5A0CAA481A9B11DD22.d.B04D83A9FBC46F1FB0EEFA1A7687D073.e.11367/value - {"text":"Sechv1bi"}
COMMAND: GET /session/e7ea40813c72c691ec6b0d6c49a20f29/screenshot - {}
RESULT: {"text":"Sechv1bi"}
COMMAND: GET /session/e7ea40813c72c691ec6b0d6c49a20f29/screenshot - {}
RESULT: {}
RESULT: {}
COMMAND: POST /session/e7ea40813c72c691ec6b0d6c49a20f29/actions - {"actions":[{"id":"action34","type":"key","parameters":{},"actions":[{"type":"keyDown","value":"î€‡"},{"type":"pause","duration":10},{"type":"keyUp","value":"î€‡"}]}]}
RESULT: {"actions":[{"id":"action34","type":"key","parameters":{},"actions":[{"type":"keyDown","value":"î€‡"},{"type":"pause","duration":10},{"type":"keyUp","value":"î€‡"}]}]}
COMMAND: GET /session/e7ea40813c72c691ec6b0d6c49a20f29/screenshot - {}
RESULT: {}
COMMAND: POST /session/e7ea40813c72c691ec6b0d6c49a20f29/execute/async - {"script":"<script> [1562 bytes]","args":[{"selector":{"id":"application-warehousemovements-display-component---addMovement--addItem-img"},"wdio_ui5_key":"applicationwarehousemovements-display-component---addMovement--addItem-img"}]}
RESULT: {"script":"<script> [1562 bytes]","args":[{"selector":{"id":"application-warehousemovements-display-component---addMovement--addItem-img"},"wdio_ui5_key":"applicationwarehousemovements-display-component---addMovement--addItem-img"}]}
RESULT: undefined
COMMAND: POST /session/e7ea40813c72c691ec6b0d6c49a20f29/element - {"using":"xpath","value":"//*[@id=\"application-warehousemovements-display-component---addMovement--addItem-img\"]"}
RESULT: {"using":"xpath","value":"//*[@id=\"application-warehousemovements-display-component---addMovement--addItem-img\"]"}
COMMAND: POST /session/e7ea40813c72c691ec6b0d6c49a20f29/element/f.EA024E5748EAFE5A0CAA481A9B11DD22.d.B04D83A9FBC46F1FB0EEFA1A7687D073.e.11351/click - {}
RESULT: {}
COMMAND: POST /session/e7ea40813c72c691ec6b0d6c49a20f29/execute/async - {"script":"<script> [1562 bytes]","args":[{"selector":{"id":"movementItemsPopUp--invSearch","searchOpenDialogs":true,"interaction":{"idSuffix":"I"}},"wdio_ui5_key":"movementItemsPopUpinvSearch"}]}
COMMAND: GET /session/e7ea40813c72c691ec6b0d6c49a20f29/screenshot - {}
RESULT: {"script":"<script> [1562 bytes]","args":[{"selector":{"id":"movementItemsPopUp--invSearch","searchOpenDialogs":true,"interaction":{"idSuffix":"I"}},"wdio_ui5_key":"movementItemsPopUpinvSearch"}]}
RESULT: undefined
COMMAND: POST /session/e7ea40813c72c691ec6b0d6c49a20f29/execute/async - {"script":"<script> [776 bytes]","args":[{"enterText":"WebdriverRUR2Cqqfpr","selector":{"id":"movementItemsPopUp--invSearch","searchOpenDialogs":true,"interaction":{"idSuffix":"I"}},"clearTextFirst":true,"interactionType":"ENTER_TEXT"}]}
RESULT: {}
RESULT: {"script":"<script> [776 bytes]","args":[{"enterText":"WebdriverRUR2Cqqfpr","selector":{"id":"movementItemsPopUp--invSearch","searchOpenDialogs":true,"interaction":{"idSuffix":"I"}},"clearTextFirst":true,"interactionType":"ENTER_TEXT"}]}
COMMAND: POST /session/e7ea40813c72c691ec6b0d6c49a20f29/execute/async - {"script":"<script> [1562 bytes]","args":[{"selector":{"id":"movementItemsPopUp--movementItemsTable-sa","searchOpenDialogs":true,"interaction":{"idSuffix":"CbBg"}},"wdio_ui5_key":"movementItemsPopUpmovementItemsTable-sa"}]}
RESULT: {"script":"<script> [1562 bytes]","args":[{"selector":{"id":"movementItemsPopUp--movementItemsTable-sa","searchOpenDialogs":true,"interaction":{"idSuffix":"CbBg"}},"wdio_ui5_key":"movementItemsPopUpmovementItemsTable-sa"}]}
RESULT: undefined
COMMAND: POST /session/e7ea40813c72c691ec6b0d6c49a20f29/element - {"using":"xpath","value":"//*[@id=\"movementItemsPopUp--movementItemsTable-sa\"]"}
RESULT: {"using":"xpath","value":"//*[@id=\"movementItemsPopUp--movementItemsTable-sa\"]"}
COMMAND: POST /session/e7ea40813c72c691ec6b0d6c49a20f29/element/f.EA024E5748EAFE5A0CAA481A9B11DD22.d.B04D83A9FBC46F1FB0EEFA1A7687D073.e.11444/click - {}
RESULT: {}
COMMAND: POST /session/e7ea40813c72c691ec6b0d6c49a20f29/execute/async - {"script":"<script> [1562 bytes]","args":[{"selector":{"id":"movementItemsPopUp--createBtn","searchOpenDialogs":true,"interaction":{"idSuffix":"BDI-content"}},"wdio_ui5_key":"movementItemsPopUpcreateBtn"}]}
COMMAND: GET /session/e7ea40813c72c691ec6b0d6c49a20f29/screenshot - {}
RESULT: {"script":"<script> [1562 bytes]","args":[{"selector":{"id":"movementItemsPopUp--createBtn","searchOpenDialogs":true,"interaction":{"idSuffix":"BDI-content"}},"wdio_ui5_key":"movementItemsPopUpcreateBtn"}]}
RESULT: undefined
COMMAND: POST /session/e7ea40813c72c691ec6b0d6c49a20f29/element - {"using":"xpath","value":"//*[@id=\"movementItemsPopUp--createBtn\"]"}
RESULT: {}
RESULT: {"using":"xpath","value":"//*[@id=\"movementItemsPopUp--createBtn\"]"}
COMMAND: POST /session/e7ea40813c72c691ec6b0d6c49a20f29/element/f.EA024E5748EAFE5A0CAA481A9B11DD22.d.B04D83A9FBC46F1FB0EEFA1A7687D073.e.11446/click - {}
RESULT: {}
COMMAND: GET /session/e7ea40813c72c691ec6b0d6c49a20f29/screenshot - {}
RESULT: {}
COMMAND: DELETE /session/e7ea40813c72c691ec6b0d6c49a20f29 - {}
RESULT: {}
]]></system-out>
    </testcase>
  </testsuite>
</testsuites>