<?xml version="1.0" encoding="UTF-8"?>
<testsuites tests="20" failures="0" errors="0" skipped="0">
  <testsuite timestamp="2025-04-15T15:30:02" time="1346.892" tests="7" failures="0" errors="0" skipped="0">
    <properties>
      <property name="specId" value="0"/>
      <property name="suiteName" value="E2E - Logistical and commercial statuses"/>
      <property name="capabilities" value="chrome.135_0_7049_42.windows"/>
      <property name="file" value="file:///D:/a/1/s/test/specs/R2C/E2E-Logistical-and-commercial-status.spec.js"/>
    </properties>
    <testcase classname="chrome.135_0_7049_42.windows.E2E_-_Logistical_and_commercial_statuses" name="Should create prerequisites yard partner and site" time="309.116">
      <system-out><![CDATA[
COMMAND: POST /session/0fa557d69f96d3283d48a39825366b34/execute/async - {"script":"<script> [1562 bytes]","args":[{"selector":{"controlType":"sap.m.GenericTile","properties":{"header":"Manage Yards"}},"wdio_ui5_key":"sapm.GenericTile{\"header\":\"Manage Yards\"}"}]}
RESULT: {"script":"<script> [1562 bytes]","args":[{"selector":{"controlType":"sap.m.GenericTile","properties":{"header":"Manage Yards"}},"wdio_ui5_key":"sapm.GenericTile{\"header\":\"Manage Yards\"}"}]}
RESULT: undefined
COMMAND: POST /session/0fa557d69f96d3283d48a39825366b34/element - {"using":"xpath","value":"//*[@id=\"__tile41\"]"}
RESULT: {"using":"xpath","value":"//*[@id=\"__tile41\"]"}
COMMAND: POST /session/0fa557d69f96d3283d48a39825366b34/element/f.3F808B98CDAAA2B1E2AEFB154760237E.d.D5FD5E582FFA0D4B558DDDC773781825.e.121/click - {}
RESULT: {}
COMMAND: GET /session/0fa557d69f96d3283d48a39825366b34/screenshot - {}
RESULT: {}
COMMAND: POST /session/0fa557d69f96d3283d48a39825366b34/execute/async - {"script":"<script> [1562 bytes]","args":[{"selector":{"controlType":"sap.ui.core.Icon","viewName":"etm.portal.ui.manageyards.view.Master","viewId":"application-manageyards-display-component---masterYard","properties":{"src":{"regex":{"source":"add"}}}},"wdio_ui5_key":"etmportal.ui.manageyards.view.Mastersap.ui.core.Icon{\"src\":{\"regex\":{\"source\":\"add\"}}}"}]}
RESULT: {"script":"<script> [1562 bytes]","args":[{"selector":{"controlType":"sap.ui.core.Icon","viewName":"etm.portal.ui.manageyards.view.Master","viewId":"application-manageyards-display-component---masterYard","properties":{"src":{"regex":{"source":"add"}}}},"wdio_ui5_key":"etmportal.ui.manageyards.view.Mastersap.ui.core.Icon{\"src\":{\"regex\":{\"source\":\"add\"}}}"}]}
RESULT: undefined
COMMAND: POST /session/0fa557d69f96d3283d48a39825366b34/element - {"using":"xpath","value":"//*[@id=\"__button4-img\"]"}
RESULT: {"using":"xpath","value":"//*[@id=\"__button4-img\"]"}
COMMAND: POST /session/0fa557d69f96d3283d48a39825366b34/element/f.3F808B98CDAAA2B1E2AEFB154760237E.d.D5FD5E582FFA0D4B558DDDC773781825.e.168/click - {}
RESULT: {}
COMMAND: GET /session/0fa557d69f96d3283d48a39825366b34/screenshot - {}
RESULT: {}
COMMAND: POST /session/0fa557d69f96d3283d48a39825366b34/execute/async - {"script":"<script> [1562 bytes]","args":[{"selector":{"id":"application-manageyards-display-component---NewYard--yardId","interaction":{"idSuffix":"inner"}},"wdio_ui5_key":"applicationmanageyards-display-component---NewYard--yardId"}]}
RESULT: {"script":"<script> [1562 bytes]","args":[{"selector":{"id":"application-manageyards-display-component---NewYard--yardId","interaction":{"idSuffix":"inner"}},"wdio_ui5_key":"applicationmanageyards-display-component---NewYard--yardId"}]}
RESULT: undefined
COMMAND: POST /session/0fa557d69f96d3283d48a39825366b34/element - {"using":"xpath","value":"//*[@id=\"application-manageyards-display-component---NewYard--addressDetailDetailsName1-inner\"]"}
RESULT: {"using":"xpath","value":"//*[@id=\"application-manageyards-display-component---NewYard--addressDetailDetailsName1-inner\"]"}
COMMAND: POST /session/0fa557d69f96d3283d48a39825366b34/element/f.3F808B98CDAAA2B1E2AEFB154760237E.d.D5FD5E582FFA0D4B558DDDC773781825.e.380/clear - {}
RESULT: {}
COMMAND: POST /session/0fa557d69f96d3283d48a39825366b34/element/f.3F808B98CDAAA2B1E2AEFB154760237E.d.D5FD5E582FFA0D4B558DDDC773781825.e.380/value - {"text":"WebdriverYard3gcwcf"}
COMMAND: GET /session/0fa557d69f96d3283d48a39825366b34/screenshot - {}
RESULT: {"text":"WebdriverYard3gcwcf"}
COMMAND: POST /session/0fa557d69f96d3283d48a39825366b34/element - {"using":"xpath","value":"//*[@id=\"application-manageyards-display-component---NewYard--addressDetailDetailsLanguage-inner\"]"}
COMMAND: GET /session/0fa557d69f96d3283d48a39825366b34/screenshot - {}
RESULT: {}
RESULT: {"using":"xpath","value":"//*[@id=\"application-manageyards-display-component---NewYard--addressDetailDetailsLanguage-inner\"]"}
COMMAND: POST /session/0fa557d69f96d3283d48a39825366b34/element/f.3F808B98CDAAA2B1E2AEFB154760237E.d.D5FD5E582FFA0D4B558DDDC773781825.e.381/clear - {}
RESULT: {}
RESULT: {}
COMMAND: POST /session/0fa557d69f96d3283d48a39825366b34/element/f.3F808B98CDAAA2B1E2AEFB154760237E.d.D5FD5E582FFA0D4B558DDDC773781825.e.381/value - {"text":"Romanian"}
COMMAND: GET /session/0fa557d69f96d3283d48a39825366b34/screenshot - {}
RESULT: {"text":"Romanian"}
COMMAND: POST /session/0fa557d69f96d3283d48a39825366b34/element - {"using":"xpath","value":"//input[contains(@id ,\"application-manageyards-display-component---NewYard--addressDetailDetailsName1-inner\")]"}
COMMAND: GET /session/0fa557d69f96d3283d48a39825366b34/screenshot - {}
RESULT: {}
RESULT: {"using":"xpath","value":"//input[contains(@id ,\"application-manageyards-display-component---NewYard--addressDetailDetailsName1-inner\")]"}
COMMAND: GET /session/0fa557d69f96d3283d48a39825366b34/element/f.3F808B98CDAAA2B1E2AEFB154760237E.d.D5FD5E582FFA0D4B558DDDC773781825.e.380/property/value - {}
RESULT: {}
RESULT: {}
COMMAND: GET /session/0fa557d69f96d3283d48a39825366b34/screenshot - {}
RESULT: {}
COMMAND: POST /session/0fa557d69f96d3283d48a39825366b34/element - {"using":"xpath","value":"//*[@id=\"application-manageyards-display-component---NewYard--addressDetailDetailsCity1-inner\"]"}
RESULT: {"using":"xpath","value":"//*[@id=\"application-manageyards-display-component---NewYard--addressDetailDetailsCity1-inner\"]"}
COMMAND: POST /session/0fa557d69f96d3283d48a39825366b34/element/f.3F808B98CDAAA2B1E2AEFB154760237E.d.D5FD5E582FFA0D4B558DDDC773781825.e.383/clear - {}
RESULT: {}
COMMAND: POST /session/0fa557d69f96d3283d48a39825366b34/element/f.3F808B98CDAAA2B1E2AEFB154760237E.d.D5FD5E582FFA0D4B558DDDC773781825.e.383/value - {"text":"Bucuresti"}
COMMAND: GET /session/0fa557d69f96d3283d48a39825366b34/screenshot - {}
RESULT: {"text":"Bucuresti"}
COMMAND: GET /session/0fa557d69f96d3283d48a39825366b34/screenshot - {}
RESULT: {}
RESULT: {}
COMMAND: POST /session/0fa557d69f96d3283d48a39825366b34/element - {"using":"xpath","value":"//*[@id=\"application-manageyards-display-component---NewYard--addressDetailDetailsCountry-inner\"]"}
RESULT: {"using":"xpath","value":"//*[@id=\"application-manageyards-display-component---NewYard--addressDetailDetailsCountry-inner\"]"}
COMMAND: POST /session/0fa557d69f96d3283d48a39825366b34/element/f.3F808B98CDAAA2B1E2AEFB154760237E.d.D5FD5E582FFA0D4B558DDDC773781825.e.387/clear - {}
RESULT: {}
COMMAND: POST /session/0fa557d69f96d3283d48a39825366b34/element/f.3F808B98CDAAA2B1E2AEFB154760237E.d.D5FD5E582FFA0D4B558DDDC773781825.e.387/value - {"text":"Romania"}
COMMAND: GET /session/0fa557d69f96d3283d48a39825366b34/screenshot - {}
RESULT: {"text":"Romania"}
COMMAND: GET /session/0fa557d69f96d3283d48a39825366b34/screenshot - {}
RESULT: {}
RESULT: {}
COMMAND: POST /session/0fa557d69f96d3283d48a39825366b34/element - {"using":"xpath","value":"//div[contains(text(), \"Commercial\")]"}
RESULT: {"using":"xpath","value":"//div[contains(text(), \"Commercial\")]"}
COMMAND: GET /session/0fa557d69f96d3283d48a39825366b34/element/f.3F808B98CDAAA2B1E2AEFB154760237E.d.D5FD5E582FFA0D4B558DDDC773781825.e.582/rect - {}
RESULT: {}
COMMAND: GET /session/0fa557d69f96d3283d48a39825366b34/window/rect - {}
RESULT: {}
COMMAND: POST /session/0fa557d69f96d3283d48a39825366b34/execute/sync - {"script":"<script> [92 bytes]","args":[]}
RESULT: {"script":"<script> [92 bytes]","args":[]}
COMMAND: POST /session/0fa557d69f96d3283d48a39825366b34/actions - {"actions":[{"id":"action1","type":"wheel","parameters":{},"actions":[{"type":"scroll","x":-1841,"y":-44,"deltaX":0,"deltaY":0,"duration":0,"origin":{"element-6066-11e4-a52e-4f735466cecf":"f.3F808B98CDAAA2B1E2AEFB154760237E.d.D5FD5E582FFA0D4B558DDDC773781825.e.582"}}]}]}
COMMAND: GET /session/0fa557d69f96d3283d48a39825366b34/screenshot - {}
RESULT: {}
COMMAND: POST /session/0fa557d69f96d3283d48a39825366b34/execute/sync - {"script":"<script> [79 bytes]","args":[{"element-6066-11e4-a52e-4f735466cecf":"f.3F808B98CDAAA2B1E2AEFB154760237E.d.D5FD5E582FFA0D4B558DDDC773781825.e.582","ELEMENT":"f.3F808B98CDAAA2B1E2AEFB154760237E.d.D5FD5E582FFA0D4B558DDDC773781825.e.582"},{"block":"start","inline":"nearest"}]}
RESULT: {"script":"<script> [79 bytes]","args":[{"element-6066-11e4-a52e-4f735466cecf":"f.3F808B98CDAAA2B1E2AEFB154760237E.d.D5FD5E582FFA0D4B558DDDC773781825.e.582","ELEMENT":"f.3F808B98CDAAA2B1E2AEFB154760237E.d.D5FD5E582FFA0D4B558DDDC773781825.e.582"},{"block":"start","inline":"nearest"}]}
COMMAND: GET /session/0fa557d69f96d3283d48a39825366b34/screenshot - {}
RESULT: {}
COMMAND: POST /session/0fa557d69f96d3283d48a39825366b34/execute/async - {"script":"<script> [1562 bytes]","args":[{"selector":{"id":"application-manageyards-display-component---NewYard--addressEditDetailsCostObjectCstType-arrow"},"wdio_ui5_key":"applicationmanageyards-display-component---NewYard--addressEditDetailsCostObjectCstType-arrow"}]}
RESULT: {"script":"<script> [1562 bytes]","args":[{"selector":{"id":"application-manageyards-display-component---NewYard--addressEditDetailsCostObjectCstType-arrow"},"wdio_ui5_key":"applicationmanageyards-display-component---NewYard--addressEditDetailsCostObjectCstType-arrow"}]}
RESULT: undefined
COMMAND: POST /session/0fa557d69f96d3283d48a39825366b34/element - {"using":"xpath","value":"//*[@id=\"application-manageyards-display-component---NewYard--addressEditDetailsCostObjectCstType-arrow\"]"}
RESULT: {"using":"xpath","value":"//*[@id=\"application-manageyards-display-component---NewYard--addressEditDetailsCostObjectCstType-arrow\"]"}
COMMAND: POST /session/0fa557d69f96d3283d48a39825366b34/element/f.3F808B98CDAAA2B1E2AEFB154760237E.d.D5FD5E582FFA0D4B558DDDC773781825.e.589/click - {}
RESULT: {}
COMMAND: POST /session/0fa557d69f96d3283d48a39825366b34/element - {"using":"xpath","value":"//span[contains(text(), \"Cost Center\")]"}
COMMAND: GET /session/0fa557d69f96d3283d48a39825366b34/screenshot - {}
RESULT: {"using":"xpath","value":"//span[contains(text(), \"Cost Center\")]"}
COMMAND: POST /session/0fa557d69f96d3283d48a39825366b34/element/f.3F808B98CDAAA2B1E2AEFB154760237E.d.D5FD5E582FFA0D4B558DDDC773781825.e.591/click - {}
RESULT: {}
RESULT: {}
COMMAND: GET /session/0fa557d69f96d3283d48a39825366b34/screenshot - {}
RESULT: {}
COMMAND: POST /session/0fa557d69f96d3283d48a39825366b34/execute/async - {"script":"<script> [1562 bytes]","args":[{"selector":{"id":"application-manageyards-display-component---NewYard--addressNewCostObjectCstID-vhi"},"wdio_ui5_key":"applicationmanageyards-display-component---NewYard--addressNewCostObjectCstID-vhi"}]}
RESULT: {"script":"<script> [1562 bytes]","args":[{"selector":{"id":"application-manageyards-display-component---NewYard--addressNewCostObjectCstID-vhi"},"wdio_ui5_key":"applicationmanageyards-display-component---NewYard--addressNewCostObjectCstID-vhi"}]}
RESULT: undefined
COMMAND: POST /session/0fa557d69f96d3283d48a39825366b34/element - {"using":"xpath","value":"//*[@id=\"application-manageyards-display-component---NewYard--addressNewCostObjectCstID-vhi\"]"}
RESULT: {"using":"xpath","value":"//*[@id=\"application-manageyards-display-component---NewYard--addressNewCostObjectCstID-vhi\"]"}
COMMAND: POST /session/0fa557d69f96d3283d48a39825366b34/element/f.3F808B98CDAAA2B1E2AEFB154760237E.d.D5FD5E582FFA0D4B558DDDC773781825.e.605/click - {}
RESULT: {}
COMMAND: GET /session/0fa557d69f96d3283d48a39825366b34/screenshot - {}
RESULT: {}
COMMAND: POST /session/0fa557d69f96d3283d48a39825366b34/execute/async - {"script":"<script> [1562 bytes]","args":[{"selector":{"controlType":"sap.m.SearchField","properties":{"placeholder":"Search"},"searchOpenDialogs":true,"interaction":{"idSuffix":"I"}},"wdio_ui5_key":"sapm.SearchField{\"placeholder\":\"Search\"}"}]}
RESULT: {"script":"<script> [1562 bytes]","args":[{"selector":{"controlType":"sap.m.SearchField","properties":{"placeholder":"Search"},"searchOpenDialogs":true,"interaction":{"idSuffix":"I"}},"wdio_ui5_key":"sapm.SearchField{\"placeholder\":\"Search\"}"}]}
RESULT: undefined
COMMAND: POST /session/0fa557d69f96d3283d48a39825366b34/execute/async - {"script":"<script> [776 bytes]","args":[{"enterText":"10001013","selector":{"controlType":"sap.m.SearchField","properties":{"placeholder":"Search"},"searchOpenDialogs":true,"interaction":{"idSuffix":"I"}},"clearTextFirst":true,"interactionType":"ENTER_TEXT"}]}
RESULT: {"script":"<script> [776 bytes]","args":[{"enterText":"10001013","selector":{"controlType":"sap.m.SearchField","properties":{"placeholder":"Search"},"searchOpenDialogs":true,"interaction":{"idSuffix":"I"}},"clearTextFirst":true,"interactionType":"ENTER_TEXT"}]}
COMMAND: POST /session/0fa557d69f96d3283d48a39825366b34/actions - {"actions":[{"id":"action2","type":"key","parameters":{},"actions":[{"type":"keyDown","value":""},{"type":"pause","duration":10},{"type":"keyUp","value":""}]}]}
RESULT: {"actions":[{"id":"action2","type":"key","parameters":{},"actions":[{"type":"keyDown","value":""},{"type":"pause","duration":10},{"type":"keyUp","value":""}]}]}
COMMAND: GET /session/0fa557d69f96d3283d48a39825366b34/screenshot - {}
RESULT: {}
COMMAND: POST /session/0fa557d69f96d3283d48a39825366b34/element - {"using":"xpath","value":"//span[contains(text(), \"General Management\")]"}
RESULT: {"using":"xpath","value":"//span[contains(text(), \"General Management\")]"}
COMMAND: POST /session/0fa557d69f96d3283d48a39825366b34/element/f.3F808B98CDAAA2B1E2AEFB154760237E.d.D5FD5E582FFA0D4B558DDDC773781825.e.646/click - {}
RESULT: {}
COMMAND: GET /session/0fa557d69f96d3283d48a39825366b34/screenshot - {}
RESULT: {}
COMMAND: POST /session/0fa557d69f96d3283d48a39825366b34/element - {"using":"xpath","value":"//bdi[contains(text(), \"OK\")]"}
RESULT: {"using":"xpath","value":"//bdi[contains(text(), \"OK\")]"}
COMMAND: POST /session/0fa557d69f96d3283d48a39825366b34/element/f.3F808B98CDAAA2B1E2AEFB154760237E.d.D5FD5E582FFA0D4B558DDDC773781825.e.647/click - {}
RESULT: {}
COMMAND: GET /session/0fa557d69f96d3283d48a39825366b34/screenshot - {}
RESULT: {}
COMMAND: POST /session/0fa557d69f96d3283d48a39825366b34/execute/async - {"script":"<script> [1562 bytes]","args":[{"selector":{"controlType":"sap.m.Button","viewName":"etm.portal.ui.manageyards.view.New","viewId":"application-manageyards-display-component---NewYard","i18NText":{"propertyName":"text","key":"save"},"interaction":{"idSuffix":"inner"}},"wdio_ui5_key":"etmportal.ui.manageyards.view.Newsap.m.Button{\"propertyName\":\"text\",\"key\":\"save\"}"}]}
RESULT: {"script":"<script> [1562 bytes]","args":[{"selector":{"controlType":"sap.m.Button","viewName":"etm.portal.ui.manageyards.view.New","viewId":"application-manageyards-display-component---NewYard","i18NText":{"propertyName":"text","key":"save"},"interaction":{"idSuffix":"inner"}},"wdio_ui5_key":"etmportal.ui.manageyards.view.Newsap.m.Button{\"propertyName\":\"text\",\"key\":\"save\"}"}]}
RESULT: undefined
COMMAND: POST /session/0fa557d69f96d3283d48a39825366b34/element - {"using":"xpath","value":"//*[@id=\"__button18\"]"}
RESULT: {"using":"xpath","value":"//*[@id=\"__button18\"]"}
COMMAND: POST /session/0fa557d69f96d3283d48a39825366b34/element/f.3F808B98CDAAA2B1E2AEFB154760237E.d.D5FD5E582FFA0D4B558DDDC773781825.e.560/click - {}
RESULT: {}
COMMAND: GET /session/0fa557d69f96d3283d48a39825366b34/screenshot - {}
RESULT: {}
COMMAND: POST /session/0fa557d69f96d3283d48a39825366b34/element - {"using":"xpath","value":"//header/div/div[2]/div[2]/span"}
RESULT: {"using":"xpath","value":"//header/div/div[2]/div[2]/span"}
COMMAND: GET /session/0fa557d69f96d3283d48a39825366b34/element/f.3F808B98CDAAA2B1E2AEFB154760237E.d.D5FD5E582FFA0D4B558DDDC773781825.e.844/text - {}
RESULT: {}
COMMAND: POST /session/0fa557d69f96d3283d48a39825366b34/execute/async - {"script":"<script> [1562 bytes]","args":[{"selector":{"controlType":"sap.m.OverflowToolbarButton","viewName":"etm.portal.ui.manageyards.view.Detail","viewId":"application-manageyards-display-component---detailYard","i18NText":{"propertyName":"tooltip","key":"closeColumn"},"interaction":{"idSuffix":"inner"}},"wdio_ui5_key":"etmportal.ui.manageyards.view.Detailsap.m.OverflowToolbarButton{\"propertyName\":\"tooltip\",\"key\":\"closeColumn\"}"}]}
RESULT: {"script":"<script> [1562 bytes]","args":[{"selector":{"controlType":"sap.m.OverflowToolbarButton","viewName":"etm.portal.ui.manageyards.view.Detail","viewId":"application-manageyards-display-component---detailYard","i18NText":{"propertyName":"tooltip","key":"closeColumn"},"interaction":{"idSuffix":"inner"}},"wdio_ui5_key":"etmportal.ui.manageyards.view.Detailsap.m.OverflowToolbarButton{\"propertyName\":\"tooltip\",\"key\":\"closeColumn\"}"}]}
RESULT: undefined
COMMAND: POST /session/0fa557d69f96d3283d48a39825366b34/element - {"using":"xpath","value":"//*[@id=\"__button42\"]"}
RESULT: {"using":"xpath","value":"//*[@id=\"__button42\"]"}
COMMAND: POST /session/0fa557d69f96d3283d48a39825366b34/element/f.3F808B98CDAAA2B1E2AEFB154760237E.d.D5FD5E582FFA0D4B558DDDC773781825.e.846/click - {}
RESULT: {}
COMMAND: GET /session/0fa557d69f96d3283d48a39825366b34/screenshot - {}
RESULT: {}
COMMAND: POST /session/0fa557d69f96d3283d48a39825366b34/element - {"using":"css selector","value":"#shell-header-logo"}
RESULT: {"using":"css selector","value":"#shell-header-logo"}
COMMAND: POST /session/0fa557d69f96d3283d48a39825366b34/element/f.3F808B98CDAAA2B1E2AEFB154760237E.d.D5FD5E582FFA0D4B558DDDC773781825.e.123/click - {}
RESULT: {}
COMMAND: GET /session/0fa557d69f96d3283d48a39825366b34/screenshot - {}
RESULT: {}
COMMAND: POST /session/0fa557d69f96d3283d48a39825366b34/refresh - {}
RESULT: {}
COMMAND: GET /session/0fa557d69f96d3283d48a39825366b34/screenshot - {}
RESULT: {}
COMMAND: POST /session/0fa557d69f96d3283d48a39825366b34/refresh - {}
RESULT: {}
COMMAND: GET /session/0fa557d69f96d3283d48a39825366b34/screenshot - {}
RESULT: {}
COMMAND: POST /session/0fa557d69f96d3283d48a39825366b34/execute/async - {"script":"<script> [189 bytes]","args":[]}
RESULT: {"script":"<script> [189 bytes]","args":[]}
COMMAND: POST /session/0fa557d69f96d3283d48a39825366b34/execute/async - {"script":"<script> [123 bytes]","args":[]}
RESULT: {"script":"<script> [123 bytes]","args":[]}
COMMAND: POST /session/0fa557d69f96d3283d48a39825366b34/timeouts - {"script":"<number>"}
RESULT: {"script":"<number>"}
COMMAND: GET /session/0fa557d69f96d3283d48a39825366b34/timeouts - {}
RESULT: {}
RESULT: undefined
COMMAND: POST /session/0fa557d69f96d3283d48a39825366b34/execute/async - {"script":"<script> [2676 bytes]","args":[]}
RESULT: {"script":"<script> [2676 bytes]","args":[]}
COMMAND: POST /session/0fa557d69f96d3283d48a39825366b34/execute/async - {"script":"<script> [2342 bytes]","args":[{"protocol":"http","hostname":"0.0.0.0","path":"/","capabilities":{"browserName":"chrome","goog:chromeOptions":{"binary":"C:\\Program Files\\Google\\Chrome\\Application\\chrome.exe","args":["--start-maximized"]}},"logLevel":"warn","connectionRetryTimeout":120000,"connectionRetryCount":3,"logLevels":{},"enableDirectConnect":true,"strictSSL":true,"_":"65 more keys: [\"cacheDir\",\"port\",\"requestedCapabilities\",\"automationProtocol\",\"baseUrl\",\"waitforInterval\",\"waitforTimeout\",\"onReload\",\"beforeCommand\",\"afterCommand\",\"rootDir\",\"specs\",\"suites\",\"exclude\",\"groupLogsByTestSpec\",\"excludeDriverLogs\",\"bail\",\"framework\",\"reporters\",\"services\",\"maxInstances\",\"maxInstancesPerCapability\",\"injectGlobals\",\"filesToWatch\",\"execArgv\",\"runnerEnv\",\"runner\",\"shard\",\"specFileRetries\",\"specFileRetriesDelay\",\"specFileRetriesDeferred\",\"reporterSyncInterval\",\"reporterSyncTimeout\",\"cucumberFeaturesWithLineNumbers\",\"autoCompileOpts\",\"mochaOpts\",\"jasmineOpts\",\"cucumberOpts\",\"onPrepare\",\"onWorkerStart\",\"onWorkerEnd\",\"before\",\"beforeSession\",\"beforeSuite\",\"beforeHook\",\"beforeTest\",\"afterTest\",\"afterHook\",\"afterSuite\",\"afterSession\",\"after\",\"onComplete\",\"beforeAssertion\",\"afterAssertion\",\"beforeFeature\",\"beforeScenario\",\"beforeStep\",\"afterStep\",\"afterScenario\",\"afterFeature\",\"_\",\"suite\",\"$0\",\"ignoredWorkerServices\",\"wdi5\"]"}]}
RESULT: {"script":"<script> [2342 bytes]","args":[{"protocol":"http","hostname":"0.0.0.0","path":"/","capabilities":{"browserName":"chrome","goog:chromeOptions":{"binary":"C:\\Program Files\\Google\\Chrome\\Application\\chrome.exe","args":["--start-maximized"]}},"logLevel":"warn","connectionRetryTimeout":120000,"connectionRetryCount":3,"logLevels":{},"enableDirectConnect":true,"strictSSL":true,"_":"65 more keys: [\"cacheDir\",\"port\",\"requestedCapabilities\",\"automationProtocol\",\"baseUrl\",\"waitforInterval\",\"waitforTimeout\",\"onReload\",\"beforeCommand\",\"afterCommand\",\"rootDir\",\"specs\",\"suites\",\"exclude\",\"groupLogsByTestSpec\",\"excludeDriverLogs\",\"bail\",\"framework\",\"reporters\",\"services\",\"maxInstances\",\"maxInstancesPerCapability\",\"injectGlobals\",\"filesToWatch\",\"execArgv\",\"runnerEnv\",\"runner\",\"shard\",\"specFileRetries\",\"specFileRetriesDelay\",\"specFileRetriesDeferred\",\"reporterSyncInterval\",\"reporterSyncTimeout\",\"cucumberFeaturesWithLineNumbers\",\"autoCompileOpts\",\"mochaOpts\",\"jasmineOpts\",\"cucumberOpts\",\"onPrepare\",\"onWorkerStart\",\"onWorkerEnd\",\"before\",\"beforeSession\",\"beforeSuite\",\"beforeHook\",\"beforeTest\",\"afterTest\",\"afterHook\",\"afterSuite\",\"afterSession\",\"after\",\"onComplete\",\"beforeAssertion\",\"afterAssertion\",\"beforeFeature\",\"beforeScenario\",\"beforeStep\",\"afterStep\",\"afterScenario\",\"afterFeature\",\"_\",\"suite\",\"$0\",\"ignoredWorkerServices\",\"wdi5\"]"}]}
COMMAND: POST /session/0fa557d69f96d3283d48a39825366b34/execute/async - {"script":"<script> [21126 bytes]","args":[35000]}
RESULT: {"script":"<script> [21126 bytes]","args":[35000]}
COMMAND: POST /session/0fa557d69f96d3283d48a39825366b34/execute/async - {"script":"<script> [1562 bytes]","args":[{"selector":{"controlType":"sap.m.GenericTile","properties":{"header":"Manage Partners"}},"wdio_ui5_key":"sapm.GenericTile{\"header\":\"Manage Partners\"}"}]}
RESULT: {"script":"<script> [1562 bytes]","args":[{"selector":{"controlType":"sap.m.GenericTile","properties":{"header":"Manage Partners"}},"wdio_ui5_key":"sapm.GenericTile{\"header\":\"Manage Partners\"}"}]}
RESULT: undefined
COMMAND: POST /session/0fa557d69f96d3283d48a39825366b34/element - {"using":"xpath","value":"//*[@id=\"__tile38\"]"}
RESULT: {"using":"xpath","value":"//*[@id=\"__tile38\"]"}
COMMAND: POST /session/0fa557d69f96d3283d48a39825366b34/element/f.3F808B98CDAAA2B1E2AEFB154760237E.d.F0A90D76CE486448C2F69EB3C63C29B4.e.1226/click - {}
RESULT: {}
COMMAND: GET /session/0fa557d69f96d3283d48a39825366b34/screenshot - {}
RESULT: {}
COMMAND: POST /session/0fa557d69f96d3283d48a39825366b34/execute/async - {"script":"<script> [1562 bytes]","args":[{"selector":{"controlType":"sap.ui.core.Icon","viewName":"etm.portal.ui.managepartners.view.Master","viewId":"application-managepartners-display-component---masterPtm","properties":{"src":{"regex":{"source":"add"}}}},"wdio_ui5_key":"etmportal.ui.managepartners.view.Mastersap.ui.core.Icon{\"src\":{\"regex\":{\"source\":\"add\"}}}"}]}
RESULT: {"script":"<script> [1562 bytes]","args":[{"selector":{"controlType":"sap.ui.core.Icon","viewName":"etm.portal.ui.managepartners.view.Master","viewId":"application-managepartners-display-component---masterPtm","properties":{"src":{"regex":{"source":"add"}}}},"wdio_ui5_key":"etmportal.ui.managepartners.view.Mastersap.ui.core.Icon{\"src\":{\"regex\":{\"source\":\"add\"}}}"}]}
RESULT: undefined
COMMAND: POST /session/0fa557d69f96d3283d48a39825366b34/element - {"using":"xpath","value":"//*[@id=\"__button4-img\"]"}
RESULT: {"using":"xpath","value":"//*[@id=\"__button4-img\"]"}
COMMAND: POST /session/0fa557d69f96d3283d48a39825366b34/element/f.3F808B98CDAAA2B1E2AEFB154760237E.d.F0A90D76CE486448C2F69EB3C63C29B4.e.1277/click - {}
RESULT: {}
COMMAND: GET /session/0fa557d69f96d3283d48a39825366b34/screenshot - {}
RESULT: {}
COMMAND: POST /session/0fa557d69f96d3283d48a39825366b34/execute/async - {"script":"<script> [1562 bytes]","args":[{"selector":{"id":"application-managepartners-display-component---NewPartner--partnerId","interaction":{"idSuffix":"inner"}},"wdio_ui5_key":"applicationmanagepartners-display-component---NewPartner--partnerId"}]}
RESULT: {"script":"<script> [1562 bytes]","args":[{"selector":{"id":"application-managepartners-display-component---NewPartner--partnerId","interaction":{"idSuffix":"inner"}},"wdio_ui5_key":"applicationmanagepartners-display-component---NewPartner--partnerId"}]}
RESULT: undefined
COMMAND: POST /session/0fa557d69f96d3283d48a39825366b34/execute/async - {"script":"<script> [1562 bytes]","args":[{"selector":{"id":"application-managepartners-display-component---NewPartner--addressDetailDetailsName1","interaction":{"idSuffix":"inner"}},"wdio_ui5_key":"applicationmanagepartners-display-component---NewPartner--addressDetailDetailsName1"}]}
RESULT: {"script":"<script> [1562 bytes]","args":[{"selector":{"id":"application-managepartners-display-component---NewPartner--addressDetailDetailsName1","interaction":{"idSuffix":"inner"}},"wdio_ui5_key":"applicationmanagepartners-display-component---NewPartner--addressDetailDetailsName1"}]}
RESULT: undefined
COMMAND: POST /session/0fa557d69f96d3283d48a39825366b34/execute/async - {"script":"<script> [776 bytes]","args":[{"enterText":"WebdriverPartner7jkxg","selector":{"id":"application-managepartners-display-component---NewPartner--addressDetailDetailsName1","interaction":{"idSuffix":"inner"}},"clearTextFirst":true,"interactionType":"ENTER_TEXT"}]}
RESULT: {"script":"<script> [776 bytes]","args":[{"enterText":"WebdriverPartner7jkxg","selector":{"id":"application-managepartners-display-component---NewPartner--addressDetailDetailsName1","interaction":{"idSuffix":"inner"}},"clearTextFirst":true,"interactionType":"ENTER_TEXT"}]}
COMMAND: POST /session/0fa557d69f96d3283d48a39825366b34/execute/async - {"script":"<script> [1562 bytes]","args":[{"selector":{"id":"application-managepartners-display-component---NewPartner--addressDetailDetailsLanguage","interaction":{"idSuffix":"inner"}},"wdio_ui5_key":"applicationmanagepartners-display-component---NewPartner--addressDetailDetailsLanguage"}]}
RESULT: {"script":"<script> [1562 bytes]","args":[{"selector":{"id":"application-managepartners-display-component---NewPartner--addressDetailDetailsLanguage","interaction":{"idSuffix":"inner"}},"wdio_ui5_key":"applicationmanagepartners-display-component---NewPartner--addressDetailDetailsLanguage"}]}
RESULT: undefined
COMMAND: POST /session/0fa557d69f96d3283d48a39825366b34/execute/async - {"script":"<script> [776 bytes]","args":[{"enterText":"Romanian","selector":{"id":"application-managepartners-display-component---NewPartner--addressDetailDetailsLanguage","interaction":{"idSuffix":"inner"}},"clearTextFirst":true,"interactionType":"ENTER_TEXT"}]}
RESULT: {"script":"<script> [776 bytes]","args":[{"enterText":"Romanian","selector":{"id":"application-managepartners-display-component---NewPartner--addressDetailDetailsLanguage","interaction":{"idSuffix":"inner"}},"clearTextFirst":true,"interactionType":"ENTER_TEXT"}]}
COMMAND: POST /session/0fa557d69f96d3283d48a39825366b34/element - {"using":"xpath","value":"//input[contains(@id ,\"application-managepartners-display-component---NewPartner--addressDetailDetailsName1-inner\")]"}
RESULT: {"using":"xpath","value":"//input[contains(@id ,\"application-managepartners-display-component---NewPartner--addressDetailDetailsName1-inner\")]"}
COMMAND: GET /session/0fa557d69f96d3283d48a39825366b34/element/f.3F808B98CDAAA2B1E2AEFB154760237E.d.F0A90D76CE486448C2F69EB3C63C29B4.e.1447/property/value - {}
RESULT: {}
COMMAND: POST /session/0fa557d69f96d3283d48a39825366b34/execute/async - {"script":"<script> [1562 bytes]","args":[{"selector":{"id":"application-managepartners-display-component---NewPartner--addressDetailDetailsCity1","interaction":{"idSuffix":"inner"}},"wdio_ui5_key":"applicationmanagepartners-display-component---NewPartner--addressDetailDetailsCity1"}]}
COMMAND: GET /session/0fa557d69f96d3283d48a39825366b34/screenshot - {}
RESULT: {"script":"<script> [1562 bytes]","args":[{"selector":{"id":"application-managepartners-display-component---NewPartner--addressDetailDetailsCity1","interaction":{"idSuffix":"inner"}},"wdio_ui5_key":"applicationmanagepartners-display-component---NewPartner--addressDetailDetailsCity1"}]}
RESULT: undefined
COMMAND: POST /session/0fa557d69f96d3283d48a39825366b34/execute/async - {"script":"<script> [776 bytes]","args":[{"enterText":"Bucharest","selector":{"id":"application-managepartners-display-component---NewPartner--addressDetailDetailsCity1","interaction":{"idSuffix":"inner"}},"clearTextFirst":true,"interactionType":"ENTER_TEXT"}]}
RESULT: {}
RESULT: {"script":"<script> [776 bytes]","args":[{"enterText":"Bucharest","selector":{"id":"application-managepartners-display-component---NewPartner--addressDetailDetailsCity1","interaction":{"idSuffix":"inner"}},"clearTextFirst":true,"interactionType":"ENTER_TEXT"}]}
COMMAND: POST /session/0fa557d69f96d3283d48a39825366b34/execute/async - {"script":"<script> [1562 bytes]","args":[{"selector":{"id":"application-managepartners-display-component---NewPartner--addressDetailDetailsCountry","interaction":{"idSuffix":"inner"}},"wdio_ui5_key":"applicationmanagepartners-display-component---NewPartner--addressDetailDetailsCountry"}]}
RESULT: {"script":"<script> [1562 bytes]","args":[{"selector":{"id":"application-managepartners-display-component---NewPartner--addressDetailDetailsCountry","interaction":{"idSuffix":"inner"}},"wdio_ui5_key":"applicationmanagepartners-display-component---NewPartner--addressDetailDetailsCountry"}]}
RESULT: undefined
COMMAND: POST /session/0fa557d69f96d3283d48a39825366b34/execute/async - {"script":"<script> [6424 bytes]","args":[{"element-6066-11e4-a52e-4f735466cecf":"f.3F808B98CDAAA2B1E2AEFB154760237E.d.F0A90D76CE486448C2F69EB3C63C29B4.e.1454"},"setValue",["Romania"]]}
RESULT: {"script":"<script> [6424 bytes]","args":[{"element-6066-11e4-a52e-4f735466cecf":"f.3F808B98CDAAA2B1E2AEFB154760237E.d.F0A90D76CE486448C2F69EB3C63C29B4.e.1454"},"setValue",["Romania"]]}
COMMAND: POST /session/0fa557d69f96d3283d48a39825366b34/execute/async - {"script":"<script> [1562 bytes]","args":[{"selector":{"id":"application-managepartners-display-component---NewPartner--partnerDetailInternal","interaction":{"idSuffix":"inner"}},"wdio_ui5_key":"applicationmanagepartners-display-component---NewPartner--partnerDetailInternal"}]}
RESULT: {"script":"<script> [1562 bytes]","args":[{"selector":{"id":"application-managepartners-display-component---NewPartner--partnerDetailInternal","interaction":{"idSuffix":"inner"}},"wdio_ui5_key":"applicationmanagepartners-display-component---NewPartner--partnerDetailInternal"}]}
RESULT: undefined
COMMAND: POST /session/0fa557d69f96d3283d48a39825366b34/execute/async - {"script":"<script> [776 bytes]","args":[{"enterText":"External partner","selector":{"id":"application-managepartners-display-component---NewPartner--partnerDetailInternal","interaction":{"idSuffix":"inner"}},"clearTextFirst":true,"interactionType":"ENTER_TEXT"}]}
RESULT: {"script":"<script> [776 bytes]","args":[{"enterText":"External partner","selector":{"id":"application-managepartners-display-component---NewPartner--partnerDetailInternal","interaction":{"idSuffix":"inner"}},"clearTextFirst":true,"interactionType":"ENTER_TEXT"}]}
COMMAND: POST /session/0fa557d69f96d3283d48a39825366b34/execute/async - {"script":"<script> [1562 bytes]","args":[{"selector":{"id":"application-managepartners-display-component---NewPartner--partnerDetailsCurrency","interaction":{"idSuffix":"inner"}},"wdio_ui5_key":"applicationmanagepartners-display-component---NewPartner--partnerDetailsCurrency"}]}
RESULT: {"script":"<script> [1562 bytes]","args":[{"selector":{"id":"application-managepartners-display-component---NewPartner--partnerDetailsCurrency","interaction":{"idSuffix":"inner"}},"wdio_ui5_key":"applicationmanagepartners-display-component---NewPartner--partnerDetailsCurrency"}]}
RESULT: undefined
COMMAND: POST /session/0fa557d69f96d3283d48a39825366b34/execute/async - {"script":"<script> [776 bytes]","args":[{"enterText":"Euro","selector":{"id":"application-managepartners-display-component---NewPartner--partnerDetailsCurrency","interaction":{"idSuffix":"inner"}},"clearTextFirst":true,"interactionType":"ENTER_TEXT"}]}
RESULT: {"script":"<script> [776 bytes]","args":[{"enterText":"Euro","selector":{"id":"application-managepartners-display-component---NewPartner--partnerDetailsCurrency","interaction":{"idSuffix":"inner"}},"clearTextFirst":true,"interactionType":"ENTER_TEXT"}]}
COMMAND: POST /session/0fa557d69f96d3283d48a39825366b34/execute/async - {"script":"<script> [1562 bytes]","args":[{"selector":{"controlType":"sap.m.Button","viewName":"etm.portal.ui.managepartners.view.NewPartner","viewId":"application-managepartners-display-component---NewPartner","properties":{"text":"Commercial"},"interaction":{"idSuffix":"BDI-content"}},"wdio_ui5_key":"etmportal.ui.managepartners.view.NewPartnersap.m.Button{\"text\":\"Commercial\"}"}]}
RESULT: {"script":"<script> [1562 bytes]","args":[{"selector":{"controlType":"sap.m.Button","viewName":"etm.portal.ui.managepartners.view.NewPartner","viewId":"application-managepartners-display-component---NewPartner","properties":{"text":"Commercial"},"interaction":{"idSuffix":"BDI-content"}},"wdio_ui5_key":"etmportal.ui.managepartners.view.NewPartnersap.m.Button{\"text\":\"Commercial\"}"}]}
RESULT: undefined
COMMAND: POST /session/0fa557d69f96d3283d48a39825366b34/element - {"using":"xpath","value":"//*[@id=\"application-managepartners-display-component---NewPartner--ObjectPageLayout-anchBar-__section5-anchor\"]"}
RESULT: {"using":"xpath","value":"//*[@id=\"application-managepartners-display-component---NewPartner--ObjectPageLayout-anchBar-__section5-anchor\"]"}
COMMAND: POST /session/0fa557d69f96d3283d48a39825366b34/element/f.3F808B98CDAAA2B1E2AEFB154760237E.d.F0A90D76CE486448C2F69EB3C63C29B4.e.1699/click - {}
RESULT: {}
COMMAND: GET /session/0fa557d69f96d3283d48a39825366b34/screenshot - {}
RESULT: {}
COMMAND: POST /session/0fa557d69f96d3283d48a39825366b34/execute/async - {"script":"<script> [1562 bytes]","args":[{"selector":{"id":"application-managepartners-display-component---NewPartner--btnAddTableRow-img"},"wdio_ui5_key":"applicationmanagepartners-display-component---NewPartner--btnAddTableRow-img"}]}
RESULT: {"script":"<script> [1562 bytes]","args":[{"selector":{"id":"application-managepartners-display-component---NewPartner--btnAddTableRow-img"},"wdio_ui5_key":"applicationmanagepartners-display-component---NewPartner--btnAddTableRow-img"}]}
RESULT: undefined
COMMAND: POST /session/0fa557d69f96d3283d48a39825366b34/element - {"using":"xpath","value":"//*[@id=\"application-managepartners-display-component---NewPartner--btnAddTableRow-img\"]"}
RESULT: {"using":"xpath","value":"//*[@id=\"application-managepartners-display-component---NewPartner--btnAddTableRow-img\"]"}
COMMAND: POST /session/0fa557d69f96d3283d48a39825366b34/element/f.3F808B98CDAAA2B1E2AEFB154760237E.d.F0A90D76CE486448C2F69EB3C63C29B4.e.1705/click - {}
RESULT: {}
COMMAND: POST /session/0fa557d69f96d3283d48a39825366b34/element - {"using":"xpath","value":"//input[contains(@id ,\"application-managepartners-display-component---NewPartner--assignmentYard-application-managepartners-display-component---NewPartner\")]"}
COMMAND: GET /session/0fa557d69f96d3283d48a39825366b34/screenshot - {}
RESULT: {"using":"xpath","value":"//input[contains(@id ,\"application-managepartners-display-component---NewPartner--assignmentYard-application-managepartners-display-component---NewPartner\")]"}
COMMAND: POST /session/0fa557d69f96d3283d48a39825366b34/element/f.3F808B98CDAAA2B1E2AEFB154760237E.d.F0A90D76CE486448C2F69EB3C63C29B4.e.1708/clear - {}
RESULT: {}
RESULT: {}
COMMAND: POST /session/0fa557d69f96d3283d48a39825366b34/element/f.3F808B98CDAAA2B1E2AEFB154760237E.d.F0A90D76CE486448C2F69EB3C63C29B4.e.1708/value - {"text":"355"}
COMMAND: GET /session/0fa557d69f96d3283d48a39825366b34/screenshot - {}
RESULT: {"text":"355"}
COMMAND: POST /session/0fa557d69f96d3283d48a39825366b34/execute/async - {"script":"<script> [1562 bytes]","args":[{"selector":{"controlType":"sap.m.Button","viewName":"etm.portal.ui.managepartners.view.NewPartner","viewId":"application-managepartners-display-component---NewPartner","i18NText":{"propertyName":"text","key":"save"},"interaction":{"idSuffix":"BDI-content"}},"wdio_ui5_key":"etmportal.ui.managepartners.view.NewPartnersap.m.Button{\"propertyName\":\"text\",\"key\":\"save\"}"}]}
COMMAND: GET /session/0fa557d69f96d3283d48a39825366b34/screenshot - {}
RESULT: {}
RESULT: {"script":"<script> [1562 bytes]","args":[{"selector":{"controlType":"sap.m.Button","viewName":"etm.portal.ui.managepartners.view.NewPartner","viewId":"application-managepartners-display-component---NewPartner","i18NText":{"propertyName":"text","key":"save"},"interaction":{"idSuffix":"BDI-content"}},"wdio_ui5_key":"etmportal.ui.managepartners.view.NewPartnersap.m.Button{\"propertyName\":\"text\",\"key\":\"save\"}"}]}
RESULT: undefined
COMMAND: POST /session/0fa557d69f96d3283d48a39825366b34/element - {"using":"xpath","value":"//*[@id=\"__button12\"]"}
RESULT: {}
RESULT: {"using":"xpath","value":"//*[@id=\"__button12\"]"}
COMMAND: POST /session/0fa557d69f96d3283d48a39825366b34/element/f.3F808B98CDAAA2B1E2AEFB154760237E.d.F0A90D76CE486448C2F69EB3C63C29B4.e.1639/click - {}
RESULT: {}
COMMAND: GET /session/0fa557d69f96d3283d48a39825366b34/screenshot - {}
RESULT: {}
COMMAND: POST /session/0fa557d69f96d3283d48a39825366b34/element - {"using":"xpath","value":"//header/div/div[2]/div[2]/span"}
RESULT: {"using":"xpath","value":"//header/div/div[2]/div[2]/span"}
COMMAND: GET /session/0fa557d69f96d3283d48a39825366b34/element/f.3F808B98CDAAA2B1E2AEFB154760237E.d.F0A90D76CE486448C2F69EB3C63C29B4.e.1877/text - {}
RESULT: {}
COMMAND: POST /session/0fa557d69f96d3283d48a39825366b34/element - {"using":"xpath","value":"//header/div/div/div/div/div/div[2]/div/span"}
RESULT: {"using":"xpath","value":"//header/div/div/div/div/div/div[2]/div/span"}
COMMAND: GET /session/0fa557d69f96d3283d48a39825366b34/element/f.3F808B98CDAAA2B1E2AEFB154760237E.d.F0A90D76CE486448C2F69EB3C63C29B4.e.1878/text - {}
RESULT: {}
COMMAND: POST /session/0fa557d69f96d3283d48a39825366b34/execute/async - {"script":"<script> [1562 bytes]","args":[{"selector":{"id":"application-managepartners-display-component---detailPtm--partnerType"},"wdio_ui5_key":"applicationmanagepartners-display-component---detailPtm--partnerType"}]}
RESULT: {"script":"<script> [1562 bytes]","args":[{"selector":{"id":"application-managepartners-display-component---detailPtm--partnerType"},"wdio_ui5_key":"applicationmanagepartners-display-component---detailPtm--partnerType"}]}
RESULT: undefined
COMMAND: POST /session/0fa557d69f96d3283d48a39825366b34/execute/async - {"script":"<script> [6424 bytes]","args":[{"element-6066-11e4-a52e-4f735466cecf":"f.3F808B98CDAAA2B1E2AEFB154760237E.d.F0A90D76CE486448C2F69EB3C63C29B4.e.1879"},"getText",[]]}
RESULT: {"script":"<script> [6424 bytes]","args":[{"element-6066-11e4-a52e-4f735466cecf":"f.3F808B98CDAAA2B1E2AEFB154760237E.d.F0A90D76CE486448C2F69EB3C63C29B4.e.1879"},"getText",[]]}
COMMAND: POST /session/0fa557d69f96d3283d48a39825366b34/element - {"using":"css selector","value":"#shell-header-logo"}
RESULT: {"using":"css selector","value":"#shell-header-logo"}
COMMAND: POST /session/0fa557d69f96d3283d48a39825366b34/element/f.3F808B98CDAAA2B1E2AEFB154760237E.d.F0A90D76CE486448C2F69EB3C63C29B4.e.1229/click - {}
RESULT: {}
COMMAND: GET /session/0fa557d69f96d3283d48a39825366b34/screenshot - {}
RESULT: {}
COMMAND: POST /session/0fa557d69f96d3283d48a39825366b34/execute/async - {"script":"<script> [1562 bytes]","args":[{"selector":{"controlType":"sap.m.GenericTile","properties":{"header":"Manage Sites"}},"wdio_ui5_key":"sapm.GenericTile{\"header\":\"Manage Sites\"}"}]}
RESULT: {"script":"<script> [1562 bytes]","args":[{"selector":{"controlType":"sap.m.GenericTile","properties":{"header":"Manage Sites"}},"wdio_ui5_key":"sapm.GenericTile{\"header\":\"Manage Sites\"}"}]}
RESULT: undefined
COMMAND: POST /session/0fa557d69f96d3283d48a39825366b34/element - {"using":"xpath","value":"//*[@id=\"__tile40\"]"}
RESULT: {"using":"xpath","value":"//*[@id=\"__tile40\"]"}
COMMAND: POST /session/0fa557d69f96d3283d48a39825366b34/element/f.3F808B98CDAAA2B1E2AEFB154760237E.d.F0A90D76CE486448C2F69EB3C63C29B4.e.1211/click - {}
RESULT: {}
COMMAND: GET /session/0fa557d69f96d3283d48a39825366b34/screenshot - {}
RESULT: {}
COMMAND: POST /session/0fa557d69f96d3283d48a39825366b34/execute/async - {"script":"<script> [1562 bytes]","args":[{"selector":{"controlType":"sap.ui.core.Icon","viewName":"etm.portal.ui.managesites.view.Master","viewId":"application-managesites-display-component---masterSite","properties":{"src":{"regex":{"source":"add"}}}},"wdio_ui5_key":"etmportal.ui.managesites.view.Mastersap.ui.core.Icon{\"src\":{\"regex\":{\"source\":\"add\"}}}"}]}
RESULT: {"script":"<script> [1562 bytes]","args":[{"selector":{"controlType":"sap.ui.core.Icon","viewName":"etm.portal.ui.managesites.view.Master","viewId":"application-managesites-display-component---masterSite","properties":{"src":{"regex":{"source":"add"}}}},"wdio_ui5_key":"etmportal.ui.managesites.view.Mastersap.ui.core.Icon{\"src\":{\"regex\":{\"source\":\"add\"}}}"}]}
RESULT: undefined
COMMAND: POST /session/0fa557d69f96d3283d48a39825366b34/element - {"using":"xpath","value":"//*[@id=\"__button52-img\"]"}
RESULT: {"using":"xpath","value":"//*[@id=\"__button52-img\"]"}
COMMAND: POST /session/0fa557d69f96d3283d48a39825366b34/element/f.3F808B98CDAAA2B1E2AEFB154760237E.d.F0A90D76CE486448C2F69EB3C63C29B4.e.1927/click - {}
RESULT: {}
COMMAND: POST /session/0fa557d69f96d3283d48a39825366b34/execute/async - {"script":"<script> [1562 bytes]","args":[{"selector":{"id":"application-managesites-display-component---NewSite--siteId","interaction":{"idSuffix":"inner"}},"wdio_ui5_key":"applicationmanagesites-display-component---NewSite--siteId"}]}
COMMAND: GET /session/0fa557d69f96d3283d48a39825366b34/screenshot - {}
RESULT: {"script":"<script> [1562 bytes]","args":[{"selector":{"id":"application-managesites-display-component---NewSite--siteId","interaction":{"idSuffix":"inner"}},"wdio_ui5_key":"applicationmanagesites-display-component---NewSite--siteId"}]}
RESULT: undefined
COMMAND: POST /session/0fa557d69f96d3283d48a39825366b34/execute/async - {"script":"<script> [1562 bytes]","args":[{"selector":{"id":"application-managesites-display-component---NewSite--addressDetailDetailsName1","interaction":{"idSuffix":"inner"}},"wdio_ui5_key":"applicationmanagesites-display-component---NewSite--addressDetailDetailsName1"}]}
RESULT: {}
RESULT: {"script":"<script> [1562 bytes]","args":[{"selector":{"id":"application-managesites-display-component---NewSite--addressDetailDetailsName1","interaction":{"idSuffix":"inner"}},"wdio_ui5_key":"applicationmanagesites-display-component---NewSite--addressDetailDetailsName1"}]}
RESULT: undefined
COMMAND: POST /session/0fa557d69f96d3283d48a39825366b34/execute/async - {"script":"<script> [776 bytes]","args":[{"enterText":"WebdriverSite9r8t2","selector":{"id":"application-managesites-display-component---NewSite--addressDetailDetailsName1","interaction":{"idSuffix":"inner"}},"clearTextFirst":true,"interactionType":"ENTER_TEXT"}]}
RESULT: {"script":"<script> [776 bytes]","args":[{"enterText":"WebdriverSite9r8t2","selector":{"id":"application-managesites-display-component---NewSite--addressDetailDetailsName1","interaction":{"idSuffix":"inner"}},"clearTextFirst":true,"interactionType":"ENTER_TEXT"}]}
COMMAND: POST /session/0fa557d69f96d3283d48a39825366b34/execute/async - {"script":"<script> [1562 bytes]","args":[{"selector":{"id":"application-managesites-display-component---NewSite--addressDetailDetailsLanguage","interaction":{"idSuffix":"inner"}},"wdio_ui5_key":"applicationmanagesites-display-component---NewSite--addressDetailDetailsLanguage"}]}
RESULT: {"script":"<script> [1562 bytes]","args":[{"selector":{"id":"application-managesites-display-component---NewSite--addressDetailDetailsLanguage","interaction":{"idSuffix":"inner"}},"wdio_ui5_key":"applicationmanagesites-display-component---NewSite--addressDetailDetailsLanguage"}]}
RESULT: undefined
COMMAND: POST /session/0fa557d69f96d3283d48a39825366b34/execute/async - {"script":"<script> [776 bytes]","args":[{"enterText":"Romanian","selector":{"id":"application-managesites-display-component---NewSite--addressDetailDetailsLanguage","interaction":{"idSuffix":"inner"}},"clearTextFirst":true,"interactionType":"ENTER_TEXT"}]}
RESULT: {"script":"<script> [776 bytes]","args":[{"enterText":"Romanian","selector":{"id":"application-managesites-display-component---NewSite--addressDetailDetailsLanguage","interaction":{"idSuffix":"inner"}},"clearTextFirst":true,"interactionType":"ENTER_TEXT"}]}
COMMAND: POST /session/0fa557d69f96d3283d48a39825366b34/execute/async - {"script":"<script> [1562 bytes]","args":[{"selector":{"id":"application-managesites-display-component---NewSite--addressDetailDetailsCity1","interaction":{"idSuffix":"inner"}},"wdio_ui5_key":"applicationmanagesites-display-component---NewSite--addressDetailDetailsCity1"}]}
RESULT: {"script":"<script> [1562 bytes]","args":[{"selector":{"id":"application-managesites-display-component---NewSite--addressDetailDetailsCity1","interaction":{"idSuffix":"inner"}},"wdio_ui5_key":"applicationmanagesites-display-component---NewSite--addressDetailDetailsCity1"}]}
RESULT: undefined
COMMAND: POST /session/0fa557d69f96d3283d48a39825366b34/execute/async - {"script":"<script> [776 bytes]","args":[{"enterText":"Bucharest","selector":{"id":"application-managesites-display-component---NewSite--addressDetailDetailsCity1","interaction":{"idSuffix":"inner"}},"clearTextFirst":true,"interactionType":"ENTER_TEXT"}]}
RESULT: {"script":"<script> [776 bytes]","args":[{"enterText":"Bucharest","selector":{"id":"application-managesites-display-component---NewSite--addressDetailDetailsCity1","interaction":{"idSuffix":"inner"}},"clearTextFirst":true,"interactionType":"ENTER_TEXT"}]}
COMMAND: POST /session/0fa557d69f96d3283d48a39825366b34/execute/async - {"script":"<script> [1562 bytes]","args":[{"selector":{"id":"application-managesites-display-component---NewSite--addressDetailDetailsCountry","interaction":{"idSuffix":"inner"}},"wdio_ui5_key":"applicationmanagesites-display-component---NewSite--addressDetailDetailsCountry"}]}
RESULT: {"script":"<script> [1562 bytes]","args":[{"selector":{"id":"application-managesites-display-component---NewSite--addressDetailDetailsCountry","interaction":{"idSuffix":"inner"}},"wdio_ui5_key":"applicationmanagesites-display-component---NewSite--addressDetailDetailsCountry"}]}
RESULT: undefined
COMMAND: POST /session/0fa557d69f96d3283d48a39825366b34/execute/async - {"script":"<script> [776 bytes]","args":[{"enterText":"Romania","selector":{"id":"application-managesites-display-component---NewSite--addressDetailDetailsCountry","interaction":{"idSuffix":"inner"}},"clearTextFirst":true,"interactionType":"ENTER_TEXT"}]}
RESULT: {"script":"<script> [776 bytes]","args":[{"enterText":"Romania","selector":{"id":"application-managesites-display-component---NewSite--addressDetailDetailsCountry","interaction":{"idSuffix":"inner"}},"clearTextFirst":true,"interactionType":"ENTER_TEXT"}]}
COMMAND: POST /session/0fa557d69f96d3283d48a39825366b34/element - {"using":"css selector","value":"#application-managesites-display-component---NewSite--addressDetailDetailsCalendar-inner"}
RESULT: {"using":"css selector","value":"#application-managesites-display-component---NewSite--addressDetailDetailsCalendar-inner"}
COMMAND: POST /session/0fa557d69f96d3283d48a39825366b34/element/f.3F808B98CDAAA2B1E2AEFB154760237E.d.F0A90D76CE486448C2F69EB3C63C29B4.e.2127/clear - {}
RESULT: {}
COMMAND: POST /session/0fa557d69f96d3283d48a39825366b34/element/f.3F808B98CDAAA2B1E2AEFB154760237E.d.F0A90D76CE486448C2F69EB3C63C29B4.e.2127/value - {"text":"Germany"}
COMMAND: GET /session/0fa557d69f96d3283d48a39825366b34/screenshot - {}
RESULT: {"text":"Germany"}
COMMAND: POST /session/0fa557d69f96d3283d48a39825366b34/execute/async - {"script":"<script> [1562 bytes]","args":[{"selector":{"id":"application-managesites-display-component---NewSite--addressEditDetailsCostObjectCstType-arrow"},"wdio_ui5_key":"applicationmanagesites-display-component---NewSite--addressEditDetailsCostObjectCstType-arrow"}]}
COMMAND: GET /session/0fa557d69f96d3283d48a39825366b34/screenshot - {}
RESULT: {}
RESULT: {"script":"<script> [1562 bytes]","args":[{"selector":{"id":"application-managesites-display-component---NewSite--addressEditDetailsCostObjectCstType-arrow"},"wdio_ui5_key":"applicationmanagesites-display-component---NewSite--addressEditDetailsCostObjectCstType-arrow"}]}
RESULT: undefined
COMMAND: POST /session/0fa557d69f96d3283d48a39825366b34/element - {"using":"xpath","value":"//*[@id=\"application-managesites-display-component---NewSite--addressEditDetailsCostObjectCstType-arrow\"]"}
RESULT: {}
RESULT: {"using":"xpath","value":"//*[@id=\"application-managesites-display-component---NewSite--addressEditDetailsCostObjectCstType-arrow\"]"}
COMMAND: POST /session/0fa557d69f96d3283d48a39825366b34/element/f.3F808B98CDAAA2B1E2AEFB154760237E.d.F0A90D76CE486448C2F69EB3C63C29B4.e.2326/click - {}
RESULT: {}
COMMAND: POST /session/0fa557d69f96d3283d48a39825366b34/element - {"using":"xpath","value":"//span[contains(text(), \"Work Breakdown Structure\")]"}
COMMAND: GET /session/0fa557d69f96d3283d48a39825366b34/screenshot - {}
RESULT: {"using":"xpath","value":"//span[contains(text(), \"Work Breakdown Structure\")]"}
COMMAND: POST /session/0fa557d69f96d3283d48a39825366b34/element/f.3F808B98CDAAA2B1E2AEFB154760237E.d.F0A90D76CE486448C2F69EB3C63C29B4.e.2328/click - {}
RESULT: {}
RESULT: {}
COMMAND: GET /session/0fa557d69f96d3283d48a39825366b34/screenshot - {}
RESULT: {}
COMMAND: POST /session/0fa557d69f96d3283d48a39825366b34/execute/async - {"script":"<script> [1562 bytes]","args":[{"selector":{"id":"application-managesites-display-component---NewSite--addressNewCostObjectCstID-vhi"},"wdio_ui5_key":"applicationmanagesites-display-component---NewSite--addressNewCostObjectCstID-vhi"}]}
RESULT: {"script":"<script> [1562 bytes]","args":[{"selector":{"id":"application-managesites-display-component---NewSite--addressNewCostObjectCstID-vhi"},"wdio_ui5_key":"applicationmanagesites-display-component---NewSite--addressNewCostObjectCstID-vhi"}]}
RESULT: undefined
COMMAND: POST /session/0fa557d69f96d3283d48a39825366b34/element - {"using":"xpath","value":"//*[@id=\"application-managesites-display-component---NewSite--addressNewCostObjectCstID-vhi\"]"}
RESULT: {"using":"xpath","value":"//*[@id=\"application-managesites-display-component---NewSite--addressNewCostObjectCstID-vhi\"]"}
COMMAND: POST /session/0fa557d69f96d3283d48a39825366b34/element/f.3F808B98CDAAA2B1E2AEFB154760237E.d.F0A90D76CE486448C2F69EB3C63C29B4.e.2331/click - {}
RESULT: {}
COMMAND: GET /session/0fa557d69f96d3283d48a39825366b34/screenshot - {}
RESULT: {}
COMMAND: POST /session/0fa557d69f96d3283d48a39825366b34/execute/async - {"script":"<script> [1562 bytes]","args":[{"selector":{"controlType":"sap.m.SearchField","properties":{"placeholder":"Search"},"searchOpenDialogs":true,"interaction":{"idSuffix":"I"}},"wdio_ui5_key":"sapm.SearchField{\"placeholder\":\"Search\"}"}]}
RESULT: {"script":"<script> [1562 bytes]","args":[{"selector":{"controlType":"sap.m.SearchField","properties":{"placeholder":"Search"},"searchOpenDialogs":true,"interaction":{"idSuffix":"I"}},"wdio_ui5_key":"sapm.SearchField{\"placeholder\":\"Search\"}"}]}
RESULT: undefined
COMMAND: POST /session/0fa557d69f96d3283d48a39825366b34/execute/async - {"script":"<script> [776 bytes]","args":[{"enterText":"A1-000100-01","selector":{"controlType":"sap.m.SearchField","properties":{"placeholder":"Search"},"searchOpenDialogs":true,"interaction":{"idSuffix":"I"}},"clearTextFirst":true,"interactionType":"ENTER_TEXT"}]}
RESULT: {"script":"<script> [776 bytes]","args":[{"enterText":"A1-000100-01","selector":{"controlType":"sap.m.SearchField","properties":{"placeholder":"Search"},"searchOpenDialogs":true,"interaction":{"idSuffix":"I"}},"clearTextFirst":true,"interactionType":"ENTER_TEXT"}]}
COMMAND: POST /session/0fa557d69f96d3283d48a39825366b34/actions - {"actions":[{"id":"action3","type":"key","parameters":{},"actions":[{"type":"keyDown","value":""},{"type":"pause","duration":10},{"type":"keyUp","value":""}]}]}
RESULT: {"actions":[{"id":"action3","type":"key","parameters":{},"actions":[{"type":"keyDown","value":""},{"type":"pause","duration":10},{"type":"keyUp","value":""}]}]}
COMMAND: GET /session/0fa557d69f96d3283d48a39825366b34/screenshot - {}
RESULT: {}
COMMAND: POST /session/0fa557d69f96d3283d48a39825366b34/element - {"using":"xpath","value":"//span[contains(text(), \"Template for ETO-Process\")]"}
RESULT: {"using":"xpath","value":"//span[contains(text(), \"Template for ETO-Process\")]"}
COMMAND: POST /session/0fa557d69f96d3283d48a39825366b34/element/f.3F808B98CDAAA2B1E2AEFB154760237E.d.F0A90D76CE486448C2F69EB3C63C29B4.e.2350/click - {}
RESULT: {}
COMMAND: GET /session/0fa557d69f96d3283d48a39825366b34/screenshot - {}
RESULT: {}
COMMAND: POST /session/0fa557d69f96d3283d48a39825366b34/element - {"using":"xpath","value":"//bdi[contains(text(), \"OK\")]"}
RESULT: {"using":"xpath","value":"//bdi[contains(text(), \"OK\")]"}
COMMAND: POST /session/0fa557d69f96d3283d48a39825366b34/element/f.3F808B98CDAAA2B1E2AEFB154760237E.d.F0A90D76CE486448C2F69EB3C63C29B4.e.2351/click - {}
RESULT: {}
COMMAND: GET /session/0fa557d69f96d3283d48a39825366b34/screenshot - {}
RESULT: {}
COMMAND: POST /session/0fa557d69f96d3283d48a39825366b34/element - {"using":"xpath","value":"//input[@id=\"application-managesites-display-component---NewSite--addressDetailDetailsYard-inner\"]"}
RESULT: {"using":"xpath","value":"//input[@id=\"application-managesites-display-component---NewSite--addressDetailDetailsYard-inner\"]"}
COMMAND: POST /session/0fa557d69f96d3283d48a39825366b34/element/f.3F808B98CDAAA2B1E2AEFB154760237E.d.F0A90D76CE486448C2F69EB3C63C29B4.e.2128/value - {"text":"355"}
RESULT: {"text":"355"}
COMMAND: GET /session/0fa557d69f96d3283d48a39825366b34/screenshot - {}
RESULT: {}
COMMAND: POST /session/0fa557d69f96d3283d48a39825366b34/actions - {"actions":[{"id":"action4","type":"key","parameters":{},"actions":[{"type":"keyDown","value":""},{"type":"pause","duration":10},{"type":"keyUp","value":""}]}]}
RESULT: {"actions":[{"id":"action4","type":"key","parameters":{},"actions":[{"type":"keyDown","value":""},{"type":"pause","duration":10},{"type":"keyUp","value":""}]}]}
COMMAND: GET /session/0fa557d69f96d3283d48a39825366b34/screenshot - {}
RESULT: {}
COMMAND: POST /session/0fa557d69f96d3283d48a39825366b34/element - {"using":"xpath","value":"//input[@id=\"application-managesites-display-component---NewSite--addressDetailDetailsPartner-inner\"]"}
RESULT: {"using":"xpath","value":"//input[@id=\"application-managesites-display-component---NewSite--addressDetailDetailsPartner-inner\"]"}
COMMAND: POST /session/0fa557d69f96d3283d48a39825366b34/elements - {"using":"xpath","value":"//input[@id=\"application-managesites-display-component---NewSite--addressDetailDetailsPartner-inner\"]"}
RESULT: {"using":"xpath","value":"//input[@id=\"application-managesites-display-component---NewSite--addressDetailDetailsPartner-inner\"]"}
COMMAND: POST /session/0fa557d69f96d3283d48a39825366b34/execute/async - {"script":"<script> [1562 bytes]","args":[{"selector":{"controlType":"sap.m.Button","viewName":"etm.portal.ui.managesites.view.NewSmartSite","viewId":"application-managesites-display-component---NewSite","properties":{"text":"Commercial"},"interaction":{"idSuffix":"BDI-content"}},"wdio_ui5_key":"etmportal.ui.managesites.view.NewSmartSitesap.m.Button{\"text\":\"Commercial\"}"}]}
RESULT: {"script":"<script> [1562 bytes]","args":[{"selector":{"controlType":"sap.m.Button","viewName":"etm.portal.ui.managesites.view.NewSmartSite","viewId":"application-managesites-display-component---NewSite","properties":{"text":"Commercial"},"interaction":{"idSuffix":"BDI-content"}},"wdio_ui5_key":"etmportal.ui.managesites.view.NewSmartSitesap.m.Button{\"text\":\"Commercial\"}"}]}
RESULT: undefined
COMMAND: POST /session/0fa557d69f96d3283d48a39825366b34/element - {"using":"xpath","value":"//*[@id=\"application-managesites-display-component---NewSite--ObjectPageLayout-anchBar-__section31-anchor\"]"}
RESULT: {"using":"xpath","value":"//*[@id=\"application-managesites-display-component---NewSite--ObjectPageLayout-anchBar-__section31-anchor\"]"}
COMMAND: POST /session/0fa557d69f96d3283d48a39825366b34/element/f.3F808B98CDAAA2B1E2AEFB154760237E.d.F0A90D76CE486448C2F69EB3C63C29B4.e.2358/click - {}
RESULT: {}
COMMAND: POST /session/0fa557d69f96d3283d48a39825366b34/execute/async - {"script":"<script> [1562 bytes]","args":[{"selector":{"controlType":"sap.m.Button","viewName":"etm.portal.ui.managesites.view.NewSmartSite","viewId":"application-managesites-display-component---NewSite","i18NText":{"propertyName":"text","key":"save"},"interaction":{"idSuffix":"BDI-content"}},"wdio_ui5_key":"etmportal.ui.managesites.view.NewSmartSitesap.m.Button{\"propertyName\":\"text\",\"key\":\"save\"}"}]}
COMMAND: GET /session/0fa557d69f96d3283d48a39825366b34/screenshot - {}
RESULT: {"script":"<script> [1562 bytes]","args":[{"selector":{"controlType":"sap.m.Button","viewName":"etm.portal.ui.managesites.view.NewSmartSite","viewId":"application-managesites-display-component---NewSite","i18NText":{"propertyName":"text","key":"save"},"interaction":{"idSuffix":"BDI-content"}},"wdio_ui5_key":"etmportal.ui.managesites.view.NewSmartSitesap.m.Button{\"propertyName\":\"text\",\"key\":\"save\"}"}]}
RESULT: undefined
COMMAND: POST /session/0fa557d69f96d3283d48a39825366b34/element - {"using":"xpath","value":"//*[@id=\"__button64\"]"}
RESULT: {}
RESULT: {"using":"xpath","value":"//*[@id=\"__button64\"]"}
COMMAND: POST /session/0fa557d69f96d3283d48a39825366b34/element/f.3F808B98CDAAA2B1E2AEFB154760237E.d.F0A90D76CE486448C2F69EB3C63C29B4.e.2298/click - {}
RESULT: {}
COMMAND: GET /session/0fa557d69f96d3283d48a39825366b34/screenshot - {}
RESULT: {}
COMMAND: POST /session/0fa557d69f96d3283d48a39825366b34/execute/async - {"script":"<script> [1562 bytes]","args":[{"selector":{"id":"application-managesites-display-component---detailSite--addressDetailDetailsYardText"},"wdio_ui5_key":"applicationmanagesites-display-component---detailSite--addressDetailDetailsYardText"}]}
RESULT: {"script":"<script> [1562 bytes]","args":[{"selector":{"id":"application-managesites-display-component---detailSite--addressDetailDetailsYardText"},"wdio_ui5_key":"applicationmanagesites-display-component---detailSite--addressDetailDetailsYardText"}]}
RESULT: undefined
COMMAND: POST /session/0fa557d69f96d3283d48a39825366b34/element - {"using":"xpath","value":"//header/div/div[2]/div[2]/span"}
RESULT: {"using":"xpath","value":"//header/div/div[2]/div[2]/span"}
COMMAND: GET /session/0fa557d69f96d3283d48a39825366b34/element/f.3F808B98CDAAA2B1E2AEFB154760237E.d.F0A90D76CE486448C2F69EB3C63C29B4.e.2560/text - {}
RESULT: {}
COMMAND: POST /session/0fa557d69f96d3283d48a39825366b34/element - {"using":"xpath","value":"//header/div/div/div/div/div/div[2]/div/span"}
RESULT: {"using":"xpath","value":"//header/div/div/div/div/div/div[2]/div/span"}
COMMAND: GET /session/0fa557d69f96d3283d48a39825366b34/element/f.3F808B98CDAAA2B1E2AEFB154760237E.d.F0A90D76CE486448C2F69EB3C63C29B4.e.2561/text - {}
RESULT: {}
COMMAND: POST /session/0fa557d69f96d3283d48a39825366b34/element - {"using":"css selector","value":"#shell-header-logo"}
RESULT: {"using":"css selector","value":"#shell-header-logo"}
COMMAND: POST /session/0fa557d69f96d3283d48a39825366b34/element/f.3F808B98CDAAA2B1E2AEFB154760237E.d.F0A90D76CE486448C2F69EB3C63C29B4.e.1883/click - {}
RESULT: {}
COMMAND: GET /session/0fa557d69f96d3283d48a39825366b34/screenshot - {}
RESULT: {}
]]></system-out>
    </testcase>
    <testcase classname="chrome.135_0_7049_42.windows.E2E_-_Logistical_and_commercial_statuses" name="It should stock increase the resource" time="256.268">
      <system-out><![CDATA[
COMMAND: POST /session/0fa557d69f96d3283d48a39825366b34/execute/async - {"script":"<script> [1562 bytes]","args":[{"selector":{"controlType":"sap.m.GenericTile","properties":{"header":"Manage Resources"}},"wdio_ui5_key":"sapm.GenericTile{\"header\":\"Manage Resources\"}"}]}
RESULT: {"script":"<script> [1562 bytes]","args":[{"selector":{"controlType":"sap.m.GenericTile","properties":{"header":"Manage Resources"}},"wdio_ui5_key":"sapm.GenericTile{\"header\":\"Manage Resources\"}"}]}
RESULT: undefined
COMMAND: POST /session/0fa557d69f96d3283d48a39825366b34/element - {"using":"xpath","value":"//*[@id=\"__tile39\"]"}
RESULT: {"using":"xpath","value":"//*[@id=\"__tile39\"]"}
COMMAND: POST /session/0fa557d69f96d3283d48a39825366b34/element/f.3F808B98CDAAA2B1E2AEFB154760237E.d.F0A90D76CE486448C2F69EB3C63C29B4.e.2563/click - {}
RESULT: {}
COMMAND: GET /session/0fa557d69f96d3283d48a39825366b34/screenshot - {}
RESULT: {}
RESULT: undefined
RESULT: undefined
COMMAND: POST /session/0fa557d69f96d3283d48a39825366b34/element - {"using":"xpath","value":"//button[@data-kt=\"addNewRUOverflowToolbarButton\"]"}
RESULT: {"using":"xpath","value":"//button[@data-kt=\"addNewRUOverflowToolbarButton\"]"}
COMMAND: POST /session/0fa557d69f96d3283d48a39825366b34/execute/sync - {"script":"<script> [8489 bytes]","args":[{"element-6066-11e4-a52e-4f735466cecf":"f.3F808B98CDAAA2B1E2AEFB154760237E.d.F0A90D76CE486448C2F69EB3C63C29B4.e.2605","ELEMENT":"f.3F808B98CDAAA2B1E2AEFB154760237E.d.F0A90D76CE486448C2F69EB3C63C29B4.e.2605"}]}
RESULT: {"script":"<script> [8489 bytes]","args":[{"element-6066-11e4-a52e-4f735466cecf":"f.3F808B98CDAAA2B1E2AEFB154760237E.d.F0A90D76CE486448C2F69EB3C63C29B4.e.2605","ELEMENT":"f.3F808B98CDAAA2B1E2AEFB154760237E.d.F0A90D76CE486448C2F69EB3C63C29B4.e.2605"}]}
COMMAND: POST /session/0fa557d69f96d3283d48a39825366b34/element/f.3F808B98CDAAA2B1E2AEFB154760237E.d.F0A90D76CE486448C2F69EB3C63C29B4.e.2605/click - {}
COMMAND: GET /session/0fa557d69f96d3283d48a39825366b34/screenshot - {}
RESULT: {}
COMMAND: POST /session/0fa557d69f96d3283d48a39825366b34/execute/async - {"script":"<script> [1562 bytes]","args":[{"selector":{"id":"application-manageresources-display-component---newResourceUnit--TYPE-arrow"},"wdio_ui5_key":"applicationmanageresources-display-component---newResourceUnit--TYPE-arrow"}]}
COMMAND: GET /session/0fa557d69f96d3283d48a39825366b34/screenshot - {}
RESULT: {}
RESULT: {"script":"<script> [1562 bytes]","args":[{"selector":{"id":"application-manageresources-display-component---newResourceUnit--TYPE-arrow"},"wdio_ui5_key":"applicationmanageresources-display-component---newResourceUnit--TYPE-arrow"}]}
RESULT: undefined
COMMAND: POST /session/0fa557d69f96d3283d48a39825366b34/element - {"using":"xpath","value":"//*[@id=\"application-manageresources-display-component---newResourceUnit--TYPE-arrow\"]"}
RESULT: {}
RESULT: {"using":"xpath","value":"//*[@id=\"application-manageresources-display-component---newResourceUnit--TYPE-arrow\"]"}
COMMAND: POST /session/0fa557d69f96d3283d48a39825366b34/element/f.3F808B98CDAAA2B1E2AEFB154760237E.d.F0A90D76CE486448C2F69EB3C63C29B4.e.2924/click - {}
RESULT: {}
COMMAND: POST /session/0fa557d69f96d3283d48a39825366b34/execute/async - {"script":"<script> [1562 bytes]","args":[{"selector":{"controlType":"sap.m.StandardListItem","viewName":"reusables.view.manageresources.NewResourceUnit","viewId":"application-manageresources-display-component---newResourceUnit","properties":{"title":"Material"},"searchOpenDialogs":true,"interaction":{"idSuffix":"titleText"}},"wdio_ui5_key":"reusablesview.manageresources.NewResourceUnitsap.m.StandardListItem{\"title\":\"Material\"}"}]}
COMMAND: GET /session/0fa557d69f96d3283d48a39825366b34/screenshot - {}
RESULT: {"script":"<script> [1562 bytes]","args":[{"selector":{"controlType":"sap.m.StandardListItem","viewName":"reusables.view.manageresources.NewResourceUnit","viewId":"application-manageresources-display-component---newResourceUnit","properties":{"title":"Material"},"searchOpenDialogs":true,"interaction":{"idSuffix":"titleText"}},"wdio_ui5_key":"reusablesview.manageresources.NewResourceUnitsap.m.StandardListItem{\"title\":\"Material\"}"}]}
RESULT: undefined
COMMAND: POST /session/0fa557d69f96d3283d48a39825366b34/element - {"using":"xpath","value":"//*[@id=\"__item939\"]"}
RESULT: {}
RESULT: {"using":"xpath","value":"//*[@id=\"__item939\"]"}
COMMAND: POST /session/0fa557d69f96d3283d48a39825366b34/element/f.3F808B98CDAAA2B1E2AEFB154760237E.d.F0A90D76CE486448C2F69EB3C63C29B4.e.2927/click - {}
RESULT: {}
COMMAND: POST /session/0fa557d69f96d3283d48a39825366b34/execute/async - {"script":"<script> [1562 bytes]","args":[{"selector":{"id":"application-manageresources-display-component---newResourceUnit--SHORT_TEXT","interaction":{"idSuffix":"inner"}},"wdio_ui5_key":"applicationmanageresources-display-component---newResourceUnit--SHORT_TEXT"}]}
COMMAND: GET /session/0fa557d69f96d3283d48a39825366b34/screenshot - {}
RESULT: {"script":"<script> [1562 bytes]","args":[{"selector":{"id":"application-manageresources-display-component---newResourceUnit--SHORT_TEXT","interaction":{"idSuffix":"inner"}},"wdio_ui5_key":"applicationmanageresources-display-component---newResourceUnit--SHORT_TEXT"}]}
RESULT: undefined
COMMAND: POST /session/0fa557d69f96d3283d48a39825366b34/execute/async - {"script":"<script> [776 bytes]","args":[{"enterText":"WebdriverRUR2C23kknl","selector":{"id":"application-manageresources-display-component---newResourceUnit--SHORT_TEXT","interaction":{"idSuffix":"inner"}},"clearTextFirst":true,"interactionType":"ENTER_TEXT"}]}
RESULT: {}
RESULT: {"script":"<script> [776 bytes]","args":[{"enterText":"WebdriverRUR2C23kknl","selector":{"id":"application-manageresources-display-component---newResourceUnit--SHORT_TEXT","interaction":{"idSuffix":"inner"}},"clearTextFirst":true,"interactionType":"ENTER_TEXT"}]}
COMMAND: POST /session/0fa557d69f96d3283d48a39825366b34/execute/async - {"script":"<script> [1562 bytes]","args":[{"selector":{"id":"application-manageresources-display-component---newResourceUnit--BASE_UNIT_OF_MEASURE-arrow"},"wdio_ui5_key":"applicationmanageresources-display-component---newResourceUnit--BASE_UNIT_OF_MEASURE-arrow"}]}
RESULT: {"script":"<script> [1562 bytes]","args":[{"selector":{"id":"application-manageresources-display-component---newResourceUnit--BASE_UNIT_OF_MEASURE-arrow"},"wdio_ui5_key":"applicationmanageresources-display-component---newResourceUnit--BASE_UNIT_OF_MEASURE-arrow"}]}
RESULT: undefined
COMMAND: POST /session/0fa557d69f96d3283d48a39825366b34/element - {"using":"xpath","value":"//*[@id=\"application-manageresources-display-component---newResourceUnit--BASE_UNIT_OF_MEASURE-arrow\"]"}
RESULT: {"using":"xpath","value":"//*[@id=\"application-manageresources-display-component---newResourceUnit--BASE_UNIT_OF_MEASURE-arrow\"]"}
COMMAND: POST /session/0fa557d69f96d3283d48a39825366b34/element/f.3F808B98CDAAA2B1E2AEFB154760237E.d.F0A90D76CE486448C2F69EB3C63C29B4.e.2984/click - {}
RESULT: {}
COMMAND: POST /session/0fa557d69f96d3283d48a39825366b34/execute/async - {"script":"<script> [1562 bytes]","args":[{"selector":{"controlType":"sap.m.StandardListItem","viewName":"reusables.view.manageresources.NewResourceUnit","viewId":"application-manageresources-display-component---newResourceUnit","properties":{"title":"Piece"},"searchOpenDialogs":true,"interaction":{"idSuffix":"titleText"}},"wdio_ui5_key":"reusablesview.manageresources.NewResourceUnitsap.m.StandardListItem{\"title\":\"Piece\"}"}]}
COMMAND: GET /session/0fa557d69f96d3283d48a39825366b34/screenshot - {}
RESULT: {"script":"<script> [1562 bytes]","args":[{"selector":{"controlType":"sap.m.StandardListItem","viewName":"reusables.view.manageresources.NewResourceUnit","viewId":"application-manageresources-display-component---newResourceUnit","properties":{"title":"Piece"},"searchOpenDialogs":true,"interaction":{"idSuffix":"titleText"}},"wdio_ui5_key":"reusablesview.manageresources.NewResourceUnitsap.m.StandardListItem{\"title\":\"Piece\"}"}]}
RESULT: undefined
COMMAND: POST /session/0fa557d69f96d3283d48a39825366b34/element - {"using":"xpath","value":"//*[@id=\"__item983\"]"}
RESULT: {}
RESULT: {"using":"xpath","value":"//*[@id=\"__item983\"]"}
COMMAND: POST /session/0fa557d69f96d3283d48a39825366b34/element/f.3F808B98CDAAA2B1E2AEFB154760237E.d.F0A90D76CE486448C2F69EB3C63C29B4.e.2986/click - {}
RESULT: {}
COMMAND: POST /session/0fa557d69f96d3283d48a39825366b34/element - {"using":"xpath","value":"//input[contains(@id ,\"application-manageresources-display-component---newResourceUnit--SHORT_TEXT-inner\")]"}
COMMAND: GET /session/0fa557d69f96d3283d48a39825366b34/screenshot - {}
RESULT: {"using":"xpath","value":"//input[contains(@id ,\"application-manageresources-display-component---newResourceUnit--SHORT_TEXT-inner\")]"}
COMMAND: GET /session/0fa557d69f96d3283d48a39825366b34/element/f.3F808B98CDAAA2B1E2AEFB154760237E.d.F0A90D76CE486448C2F69EB3C63C29B4.e.2945/property/value - {}
RESULT: {}
RESULT: {}
COMMAND: POST /session/0fa557d69f96d3283d48a39825366b34/execute/async - {"script":"<script> [1562 bytes]","args":[{"selector":{"id":"application-manageresources-display-component---newResourceUnit--WEIGHT_UNIT-arrow"},"wdio_ui5_key":"applicationmanageresources-display-component---newResourceUnit--WEIGHT_UNIT-arrow"}]}
COMMAND: GET /session/0fa557d69f96d3283d48a39825366b34/screenshot - {}
RESULT: {"script":"<script> [1562 bytes]","args":[{"selector":{"id":"application-manageresources-display-component---newResourceUnit--WEIGHT_UNIT-arrow"},"wdio_ui5_key":"applicationmanageresources-display-component---newResourceUnit--WEIGHT_UNIT-arrow"}]}
RESULT: undefined
COMMAND: POST /session/0fa557d69f96d3283d48a39825366b34/element - {"using":"xpath","value":"//*[@id=\"application-manageresources-display-component---newResourceUnit--WEIGHT_UNIT-arrow\"]"}
RESULT: {}
RESULT: {"using":"xpath","value":"//*[@id=\"application-manageresources-display-component---newResourceUnit--WEIGHT_UNIT-arrow\"]"}
COMMAND: POST /session/0fa557d69f96d3283d48a39825366b34/element/f.3F808B98CDAAA2B1E2AEFB154760237E.d.F0A90D76CE486448C2F69EB3C63C29B4.e.2987/click - {}
RESULT: {}
COMMAND: POST /session/0fa557d69f96d3283d48a39825366b34/execute/async - {"script":"<script> [1562 bytes]","args":[{"selector":{"controlType":"sap.m.StandardListItem","viewName":"reusables.view.manageresources.NewResourceUnit","viewId":"application-manageresources-display-component---newResourceUnit","properties":{"title":"Gram"},"searchOpenDialogs":true,"interaction":{"idSuffix":"content"}},"wdio_ui5_key":"reusablesview.manageresources.NewResourceUnitsap.m.StandardListItem{\"title\":\"Gram\"}"}]}
COMMAND: GET /session/0fa557d69f96d3283d48a39825366b34/screenshot - {}
RESULT: {"script":"<script> [1562 bytes]","args":[{"selector":{"controlType":"sap.m.StandardListItem","viewName":"reusables.view.manageresources.NewResourceUnit","viewId":"application-manageresources-display-component---newResourceUnit","properties":{"title":"Gram"},"searchOpenDialogs":true,"interaction":{"idSuffix":"content"}},"wdio_ui5_key":"reusablesview.manageresources.NewResourceUnitsap.m.StandardListItem{\"title\":\"Gram\"}"}]}
RESULT: undefined
COMMAND: POST /session/0fa557d69f96d3283d48a39825366b34/element - {"using":"xpath","value":"//*[@id=\"__item1048\"]"}
RESULT: {}
RESULT: {"using":"xpath","value":"//*[@id=\"__item1048\"]"}
COMMAND: POST /session/0fa557d69f96d3283d48a39825366b34/element/f.3F808B98CDAAA2B1E2AEFB154760237E.d.F0A90D76CE486448C2F69EB3C63C29B4.e.2989/click - {}
RESULT: {}
COMMAND: POST /session/0fa557d69f96d3283d48a39825366b34/execute/async - {"script":"<script> [1562 bytes]","args":[{"selector":{"id":"application-manageresources-display-component---newResourceUnit--newRRUPage-OPHeaderContent-collapseBtn-img"},"wdio_ui5_key":"applicationmanageresources-display-component---newResourceUnit--newRRUPage-OPHeaderContent-collapseBtn-img"}]}
COMMAND: GET /session/0fa557d69f96d3283d48a39825366b34/screenshot - {}
RESULT: {"script":"<script> [1562 bytes]","args":[{"selector":{"id":"application-manageresources-display-component---newResourceUnit--newRRUPage-OPHeaderContent-collapseBtn-img"},"wdio_ui5_key":"applicationmanageresources-display-component---newResourceUnit--newRRUPage-OPHeaderContent-collapseBtn-img"}]}
RESULT: undefined
COMMAND: POST /session/0fa557d69f96d3283d48a39825366b34/element - {"using":"xpath","value":"//*[@id=\"application-manageresources-display-component---newResourceUnit--newRRUPage-OPHeaderContent-collapseBtn-img\"]"}
RESULT: {}
RESULT: {"using":"xpath","value":"//*[@id=\"application-manageresources-display-component---newResourceUnit--newRRUPage-OPHeaderContent-collapseBtn-img\"]"}
COMMAND: POST /session/0fa557d69f96d3283d48a39825366b34/element/f.3F808B98CDAAA2B1E2AEFB154760237E.d.F0A90D76CE486448C2F69EB3C63C29B4.e.2935/click - {}
RESULT: {}
COMMAND: GET /session/0fa557d69f96d3283d48a39825366b34/screenshot - {}
RESULT: {}
COMMAND: POST /session/0fa557d69f96d3283d48a39825366b34/element - {"using":"xpath","value":"(//span[contains(@id ,\"application-manageresources-display-component---newResourceUnit--DIMENSION_UNIT-arrow\")])[1]"}
RESULT: {"using":"xpath","value":"(//span[contains(@id ,\"application-manageresources-display-component---newResourceUnit--DIMENSION_UNIT-arrow\")])[1]"}
COMMAND: POST /session/0fa557d69f96d3283d48a39825366b34/element/f.3F808B98CDAAA2B1E2AEFB154760237E.d.F0A90D76CE486448C2F69EB3C63C29B4.e.2993/click - {}
RESULT: {}
COMMAND: GET /session/0fa557d69f96d3283d48a39825366b34/screenshot - {}
RESULT: {}
COMMAND: POST /session/0fa557d69f96d3283d48a39825366b34/execute/async - {"script":"<script> [1562 bytes]","args":[{"selector":{"controlType":"sap.m.StandardListItem","viewName":"reusables.view.manageresources.NewResourceUnit","viewId":"application-manageresources-display-component---newResourceUnit","properties":{"title":"Centimeter"},"searchOpenDialogs":true,"interaction":{"idSuffix":"titleText"}},"wdio_ui5_key":"reusablesview.manageresources.NewResourceUnitsap.m.StandardListItem{\"title\":\"Centimeter\"}"}]}
RESULT: {"script":"<script> [1562 bytes]","args":[{"selector":{"controlType":"sap.m.StandardListItem","viewName":"reusables.view.manageresources.NewResourceUnit","viewId":"application-manageresources-display-component---newResourceUnit","properties":{"title":"Centimeter"},"searchOpenDialogs":true,"interaction":{"idSuffix":"titleText"}},"wdio_ui5_key":"reusablesview.manageresources.NewResourceUnitsap.m.StandardListItem{\"title\":\"Centimeter\"}"}]}
RESULT: undefined
COMMAND: POST /session/0fa557d69f96d3283d48a39825366b34/element - {"using":"xpath","value":"//*[@id=\"__item1051\"]"}
RESULT: {"using":"xpath","value":"//*[@id=\"__item1051\"]"}
COMMAND: POST /session/0fa557d69f96d3283d48a39825366b34/element/f.3F808B98CDAAA2B1E2AEFB154760237E.d.F0A90D76CE486448C2F69EB3C63C29B4.e.2997/click - {}
RESULT: {}
COMMAND: POST /session/0fa557d69f96d3283d48a39825366b34/execute/async - {"script":"<script> [1562 bytes]","args":[{"selector":{"id":"application-manageresources-display-component---newResourceUnit--newRRUPage-anchBar-application-manageresources-display-component---newResourceUnit--reference-anchor","interaction":{"idSuffix":"BDI-content"}},"wdio_ui5_key":"applicationmanageresources-display-component---newResourceUnit--newRRUPage-anchBar-application-manageresources-display-component---newResourceUnit--reference-anchor"}]}
COMMAND: GET /session/0fa557d69f96d3283d48a39825366b34/screenshot - {}
RESULT: {"script":"<script> [1562 bytes]","args":[{"selector":{"id":"application-manageresources-display-component---newResourceUnit--newRRUPage-anchBar-application-manageresources-display-component---newResourceUnit--reference-anchor","interaction":{"idSuffix":"BDI-content"}},"wdio_ui5_key":"applicationmanageresources-display-component---newResourceUnit--newRRUPage-anchBar-application-manageresources-display-component---newResourceUnit--reference-anchor"}]}
RESULT: undefined
COMMAND: POST /session/0fa557d69f96d3283d48a39825366b34/element - {"using":"xpath","value":"//*[@id=\"application-manageresources-display-component---newResourceUnit--newRRUPage-anchBar-application-manageresources-display-component---newResourceUnit--reference-anchor\"]"}
RESULT: {}
RESULT: {"using":"xpath","value":"//*[@id=\"application-manageresources-display-component---newResourceUnit--newRRUPage-anchBar-application-manageresources-display-component---newResourceUnit--reference-anchor\"]"}
COMMAND: POST /session/0fa557d69f96d3283d48a39825366b34/element/f.3F808B98CDAAA2B1E2AEFB154760237E.d.F0A90D76CE486448C2F69EB3C63C29B4.e.2999/click - {}
RESULT: {}
COMMAND: POST /session/0fa557d69f96d3283d48a39825366b34/execute/async - {"script":"<script> [1562 bytes]","args":[{"selector":{"id":"application-manageresources-display-component---newResourceUnit--PLANNING_GROUP-arrow"},"wdio_ui5_key":"applicationmanageresources-display-component---newResourceUnit--PLANNING_GROUP-arrow"}]}
COMMAND: GET /session/0fa557d69f96d3283d48a39825366b34/screenshot - {}
RESULT: {"script":"<script> [1562 bytes]","args":[{"selector":{"id":"application-manageresources-display-component---newResourceUnit--PLANNING_GROUP-arrow"},"wdio_ui5_key":"applicationmanageresources-display-component---newResourceUnit--PLANNING_GROUP-arrow"}]}
RESULT: undefined
COMMAND: POST /session/0fa557d69f96d3283d48a39825366b34/element - {"using":"xpath","value":"//*[@id=\"application-manageresources-display-component---newResourceUnit--PLANNING_GROUP-arrow\"]"}
RESULT: {}
RESULT: {"using":"xpath","value":"//*[@id=\"application-manageresources-display-component---newResourceUnit--PLANNING_GROUP-arrow\"]"}
COMMAND: POST /session/0fa557d69f96d3283d48a39825366b34/element/f.3F808B98CDAAA2B1E2AEFB154760237E.d.F0A90D76CE486448C2F69EB3C63C29B4.e.3003/click - {}
RESULT: {}
COMMAND: POST /session/0fa557d69f96d3283d48a39825366b34/execute/async - {"script":"<script> [1562 bytes]","args":[{"selector":{"controlType":"sap.m.StandardListItem","viewName":"reusables.view.manageresources.NewResourceUnit","viewId":"application-manageresources-display-component---newResourceUnit","properties":{"title":"Heavy Equi"},"searchOpenDialogs":true,"interaction":{"idSuffix":"content"}},"wdio_ui5_key":"reusablesview.manageresources.NewResourceUnitsap.m.StandardListItem{\"title\":\"Heavy Equi\"}"}]}
COMMAND: GET /session/0fa557d69f96d3283d48a39825366b34/screenshot - {}
RESULT: {"script":"<script> [1562 bytes]","args":[{"selector":{"controlType":"sap.m.StandardListItem","viewName":"reusables.view.manageresources.NewResourceUnit","viewId":"application-manageresources-display-component---newResourceUnit","properties":{"title":"Heavy Equi"},"searchOpenDialogs":true,"interaction":{"idSuffix":"content"}},"wdio_ui5_key":"reusablesview.manageresources.NewResourceUnitsap.m.StandardListItem{\"title\":\"Heavy Equi\"}"}]}
RESULT: undefined
COMMAND: POST /session/0fa557d69f96d3283d48a39825366b34/element - {"using":"xpath","value":"//*[@id=\"__item1059\"]"}
RESULT: {}
RESULT: {"using":"xpath","value":"//*[@id=\"__item1059\"]"}
COMMAND: POST /session/0fa557d69f96d3283d48a39825366b34/element/f.3F808B98CDAAA2B1E2AEFB154760237E.d.F0A90D76CE486448C2F69EB3C63C29B4.e.3005/click - {}
RESULT: {}
COMMAND: GET /session/0fa557d69f96d3283d48a39825366b34/screenshot - {}
RESULT: {}
COMMAND: POST /session/0fa557d69f96d3283d48a39825366b34/execute/async - {"script":"<script> [1562 bytes]","args":[{"selector":{"id":"application-manageresources-display-component---newResourceUnit--PLANNING_INDICATOR-arrow"},"wdio_ui5_key":"applicationmanageresources-display-component---newResourceUnit--PLANNING_INDICATOR-arrow"}]}
RESULT: {"script":"<script> [1562 bytes]","args":[{"selector":{"id":"application-manageresources-display-component---newResourceUnit--PLANNING_INDICATOR-arrow"},"wdio_ui5_key":"applicationmanageresources-display-component---newResourceUnit--PLANNING_INDICATOR-arrow"}]}
RESULT: undefined
COMMAND: POST /session/0fa557d69f96d3283d48a39825366b34/element - {"using":"xpath","value":"//*[@id=\"application-manageresources-display-component---newResourceUnit--PLANNING_INDICATOR-arrow\"]"}
RESULT: {"using":"xpath","value":"//*[@id=\"application-manageresources-display-component---newResourceUnit--PLANNING_INDICATOR-arrow\"]"}
COMMAND: POST /session/0fa557d69f96d3283d48a39825366b34/element/f.3F808B98CDAAA2B1E2AEFB154760237E.d.F0A90D76CE486448C2F69EB3C63C29B4.e.3006/click - {}
RESULT: {}
COMMAND: POST /session/0fa557d69f96d3283d48a39825366b34/execute/async - {"script":"<script> [1562 bytes]","args":[{"selector":{"controlType":"sap.m.StandardListItem","viewName":"reusables.view.manageresources.NewResourceUnit","viewId":"application-manageresources-display-component---newResourceUnit","properties":{"title":"10 - infinite"},"searchOpenDialogs":true,"interaction":{"idSuffix":"content"}},"wdio_ui5_key":"reusablesview.manageresources.NewResourceUnitsap.m.StandardListItem{\"title\":\"10 - infinite\"}"}]}
COMMAND: GET /session/0fa557d69f96d3283d48a39825366b34/screenshot - {}
RESULT: {"script":"<script> [1562 bytes]","args":[{"selector":{"controlType":"sap.m.StandardListItem","viewName":"reusables.view.manageresources.NewResourceUnit","viewId":"application-manageresources-display-component---newResourceUnit","properties":{"title":"10 - infinite"},"searchOpenDialogs":true,"interaction":{"idSuffix":"content"}},"wdio_ui5_key":"reusablesview.manageresources.NewResourceUnitsap.m.StandardListItem{\"title\":\"10 - infinite\"}"}]}
RESULT: undefined
COMMAND: POST /session/0fa557d69f96d3283d48a39825366b34/element - {"using":"xpath","value":"//*[@id=\"__item1069\"]"}
RESULT: {}
RESULT: {"using":"xpath","value":"//*[@id=\"__item1069\"]"}
COMMAND: POST /session/0fa557d69f96d3283d48a39825366b34/element/f.3F808B98CDAAA2B1E2AEFB154760237E.d.F0A90D76CE486448C2F69EB3C63C29B4.e.3008/click - {}
RESULT: {}
COMMAND: GET /session/0fa557d69f96d3283d48a39825366b34/screenshot - {}
RESULT: {}
COMMAND: POST /session/0fa557d69f96d3283d48a39825366b34/element - {"using":"xpath","value":"//bdi[contains(text(), \"Time Segment\")]"}
RESULT: {"using":"xpath","value":"//bdi[contains(text(), \"Time Segment\")]"}
COMMAND: GET /session/0fa557d69f96d3283d48a39825366b34/element/f.3F808B98CDAAA2B1E2AEFB154760237E.d.F0A90D76CE486448C2F69EB3C63C29B4.e.3009/rect - {}
RESULT: {}
COMMAND: GET /session/0fa557d69f96d3283d48a39825366b34/window/rect - {}
RESULT: {}
COMMAND: POST /session/0fa557d69f96d3283d48a39825366b34/execute/sync - {"script":"<script> [92 bytes]","args":[]}
RESULT: {"script":"<script> [92 bytes]","args":[]}
COMMAND: POST /session/0fa557d69f96d3283d48a39825366b34/actions - {"actions":[{"id":"action5","type":"wheel","parameters":{},"actions":[{"type":"scroll","x":-1820,"y":-21,"deltaX":0,"deltaY":0,"duration":0,"origin":{"element-6066-11e4-a52e-4f735466cecf":"f.3F808B98CDAAA2B1E2AEFB154760237E.d.F0A90D76CE486448C2F69EB3C63C29B4.e.3009"}}]}]}
COMMAND: GET /session/0fa557d69f96d3283d48a39825366b34/screenshot - {}
RESULT: {}
COMMAND: POST /session/0fa557d69f96d3283d48a39825366b34/execute/sync - {"script":"<script> [79 bytes]","args":[{"element-6066-11e4-a52e-4f735466cecf":"f.3F808B98CDAAA2B1E2AEFB154760237E.d.F0A90D76CE486448C2F69EB3C63C29B4.e.3009","ELEMENT":"f.3F808B98CDAAA2B1E2AEFB154760237E.d.F0A90D76CE486448C2F69EB3C63C29B4.e.3009"},{"block":"start","inline":"nearest"}]}
RESULT: {"script":"<script> [79 bytes]","args":[{"element-6066-11e4-a52e-4f735466cecf":"f.3F808B98CDAAA2B1E2AEFB154760237E.d.F0A90D76CE486448C2F69EB3C63C29B4.e.3009","ELEMENT":"f.3F808B98CDAAA2B1E2AEFB154760237E.d.F0A90D76CE486448C2F69EB3C63C29B4.e.3009"},{"block":"start","inline":"nearest"}]}
COMMAND: GET /session/0fa557d69f96d3283d48a39825366b34/screenshot - {}
RESULT: {}
COMMAND: POST /session/0fa557d69f96d3283d48a39825366b34/element - {"using":"xpath","value":"//span[@id=\"application-manageresources-display-component---newResourceUnit--btnAddTimeSegment-img\"]"}
RESULT: {"using":"xpath","value":"//span[@id=\"application-manageresources-display-component---newResourceUnit--btnAddTimeSegment-img\"]"}
COMMAND: POST /session/0fa557d69f96d3283d48a39825366b34/execute/sync - {"script":"<script> [8489 bytes]","args":[{"element-6066-11e4-a52e-4f735466cecf":"f.3F808B98CDAAA2B1E2AEFB154760237E.d.F0A90D76CE486448C2F69EB3C63C29B4.e.3012","ELEMENT":"f.3F808B98CDAAA2B1E2AEFB154760237E.d.F0A90D76CE486448C2F69EB3C63C29B4.e.3012"}]}
RESULT: {"script":"<script> [8489 bytes]","args":[{"element-6066-11e4-a52e-4f735466cecf":"f.3F808B98CDAAA2B1E2AEFB154760237E.d.F0A90D76CE486448C2F69EB3C63C29B4.e.3012","ELEMENT":"f.3F808B98CDAAA2B1E2AEFB154760237E.d.F0A90D76CE486448C2F69EB3C63C29B4.e.3012"}]}
COMMAND: POST /session/0fa557d69f96d3283d48a39825366b34/element/f.3F808B98CDAAA2B1E2AEFB154760237E.d.F0A90D76CE486448C2F69EB3C63C29B4.e.3012/click - {}
COMMAND: GET /session/0fa557d69f96d3283d48a39825366b34/screenshot - {}
RESULT: {}
COMMAND: GET /session/0fa557d69f96d3283d48a39825366b34/screenshot - {}
COMMAND: POST /session/0fa557d69f96d3283d48a39825366b34/element - {"using":"xpath","value":"//input[@id=\"application-manageresources-display-component---newResourceUnit--idRuTSAdmin-application-manageresources-display-component---newResourceUnit--RUTimeSegment-0-inner\"]"}
RESULT: {}
RESULT: {}
RESULT: {"using":"xpath","value":"//input[@id=\"application-manageresources-display-component---newResourceUnit--idRuTSAdmin-application-manageresources-display-component---newResourceUnit--RUTimeSegment-0-inner\"]"}
COMMAND: POST /session/0fa557d69f96d3283d48a39825366b34/element/f.3F808B98CDAAA2B1E2AEFB154760237E.d.F0A90D76CE486448C2F69EB3C63C29B4.e.3015/clear - {}
RESULT: {}
COMMAND: POST /session/0fa557d69f96d3283d48a39825366b34/element/f.3F808B98CDAAA2B1E2AEFB154760237E.d.F0A90D76CE486448C2F69EB3C63C29B4.e.3015/value - {"text":"WebdriverYard3gcwcf"}
COMMAND: GET /session/0fa557d69f96d3283d48a39825366b34/screenshot - {}
RESULT: {"text":"WebdriverYard3gcwcf"}
COMMAND: GET /session/0fa557d69f96d3283d48a39825366b34/screenshot - {}
RESULT: {}
RESULT: {}
COMMAND: POST /session/0fa557d69f96d3283d48a39825366b34/actions - {"actions":[{"id":"action6","type":"key","parameters":{},"actions":[{"type":"keyDown","value":""},{"type":"pause","duration":10},{"type":"keyUp","value":""}]}]}
RESULT: {"actions":[{"id":"action6","type":"key","parameters":{},"actions":[{"type":"keyDown","value":""},{"type":"pause","duration":10},{"type":"keyUp","value":""}]}]}
COMMAND: GET /session/0fa557d69f96d3283d48a39825366b34/screenshot - {}
RESULT: {}
COMMAND: POST /session/0fa557d69f96d3283d48a39825366b34/execute/async - {"script":"<script> [1562 bytes]","args":[{"selector":{"controlType":"sap.m.Button","viewName":"reusables.view.manageresources.NewResourceUnit","viewId":"application-manageresources-display-component---newResourceUnit","i18NText":{"propertyName":"tooltip","key":"save"},"interaction":{"idSuffix":"BDI-content"}},"wdio_ui5_key":"reusablesview.manageresources.NewResourceUnitsap.m.Button{\"propertyName\":\"tooltip\",\"key\":\"save\"}"}]}
RESULT: {"script":"<script> [1562 bytes]","args":[{"selector":{"controlType":"sap.m.Button","viewName":"reusables.view.manageresources.NewResourceUnit","viewId":"application-manageresources-display-component---newResourceUnit","i18NText":{"propertyName":"tooltip","key":"save"},"interaction":{"idSuffix":"BDI-content"}},"wdio_ui5_key":"reusablesview.manageresources.NewResourceUnitsap.m.Button{\"propertyName\":\"tooltip\",\"key\":\"save\"}"}]}
RESULT: undefined
COMMAND: POST /session/0fa557d69f96d3283d48a39825366b34/element - {"using":"xpath","value":"//*[@id=\"application-manageresources-display-component---newResourceUnit--createRuButton\"]"}
RESULT: {"using":"xpath","value":"//*[@id=\"application-manageresources-display-component---newResourceUnit--createRuButton\"]"}
COMMAND: POST /session/0fa557d69f96d3283d48a39825366b34/element/f.3F808B98CDAAA2B1E2AEFB154760237E.d.F0A90D76CE486448C2F69EB3C63C29B4.e.2941/click - {}
RESULT: {}
COMMAND: GET /session/0fa557d69f96d3283d48a39825366b34/screenshot - {}
RESULT: {}
COMMAND: POST /session/0fa557d69f96d3283d48a39825366b34/execute/async - {"script":"<script> [1562 bytes]","args":[{"selector":{"controlType":"sap.m.Title","properties":{"text":"Success"},"searchOpenDialogs":true},"wdio_ui5_key":"sapm.Title{\"text\":\"Success\"}"}]}
RESULT: {"script":"<script> [1562 bytes]","args":[{"selector":{"controlType":"sap.m.Title","properties":{"text":"Success"},"searchOpenDialogs":true},"wdio_ui5_key":"sapm.Title{\"text\":\"Success\"}"}]}
RESULT: undefined
COMMAND: POST /session/0fa557d69f96d3283d48a39825366b34/execute/async - {"script":"<script> [6424 bytes]","args":[{"element-6066-11e4-a52e-4f735466cecf":"f.3F808B98CDAAA2B1E2AEFB154760237E.d.F0A90D76CE486448C2F69EB3C63C29B4.e.3029"},"getText",[]]}
RESULT: {"script":"<script> [6424 bytes]","args":[{"element-6066-11e4-a52e-4f735466cecf":"f.3F808B98CDAAA2B1E2AEFB154760237E.d.F0A90D76CE486448C2F69EB3C63C29B4.e.3029"},"getText",[]]}
COMMAND: POST /session/0fa557d69f96d3283d48a39825366b34/element - {"using":"xpath","value":"//*[contains(@id, '__text') and (contains(text(), 'successfully created') or contains(., 'successfully created'))]"}
RESULT: {"using":"xpath","value":"//*[contains(@id, '__text') and (contains(text(), 'successfully created') or contains(., 'successfully created'))]"}
COMMAND: GET /session/0fa557d69f96d3283d48a39825366b34/element/f.3F808B98CDAAA2B1E2AEFB154760237E.d.F0A90D76CE486448C2F69EB3C63C29B4.e.3028/text - {}
RESULT: {}
COMMAND: POST /session/0fa557d69f96d3283d48a39825366b34/execute/async - {"script":"<script> [1562 bytes]","args":[{"selector":{"controlType":"sap.m.Button","properties":{"text":"Close"},"searchOpenDialogs":true,"interaction":{"idSuffix":"BDI-content"}},"wdio_ui5_key":"sapm.Button{\"text\":\"Close\"}"}]}
RESULT: {"script":"<script> [1562 bytes]","args":[{"selector":{"controlType":"sap.m.Button","properties":{"text":"Close"},"searchOpenDialogs":true,"interaction":{"idSuffix":"BDI-content"}},"wdio_ui5_key":"sapm.Button{\"text\":\"Close\"}"}]}
RESULT: undefined
COMMAND: POST /session/0fa557d69f96d3283d48a39825366b34/element - {"using":"xpath","value":"//*[@id=\"__mbox-btn-0\"]"}
RESULT: {"using":"xpath","value":"//*[@id=\"__mbox-btn-0\"]"}
COMMAND: POST /session/0fa557d69f96d3283d48a39825366b34/element/f.3F808B98CDAAA2B1E2AEFB154760237E.d.F0A90D76CE486448C2F69EB3C63C29B4.e.3026/click - {}
RESULT: {}
COMMAND: GET /session/0fa557d69f96d3283d48a39825366b34/screenshot - {}
RESULT: {}
COMMAND: POST /session/0fa557d69f96d3283d48a39825366b34/execute/async - {"script":"<script> [1562 bytes]","args":[{"selector":{"controlType":"sap.ui.core.Icon","viewName":"etm.portal.ui.manageresources.view.Detail","viewId":"application-manageresources-display-component---detailRU","properties":{"src":{"regex":{"source":"overflow"}}}},"wdio_ui5_key":"etmportal.ui.manageresources.view.Detailsap.ui.core.Icon{\"src\":{\"regex\":{\"source\":\"overflow\"}}}"}]}
RESULT: {"script":"<script> [1562 bytes]","args":[{"selector":{"controlType":"sap.ui.core.Icon","viewName":"etm.portal.ui.manageresources.view.Detail","viewId":"application-manageresources-display-component---detailRU","properties":{"src":{"regex":{"source":"overflow"}}}},"wdio_ui5_key":"etmportal.ui.manageresources.view.Detailsap.ui.core.Icon{\"src\":{\"regex\":{\"source\":\"overflow\"}}}"}]}
RESULT: undefined
COMMAND: POST /session/0fa557d69f96d3283d48a39825366b34/element - {"using":"xpath","value":"//*[@id=\"__title36-_actionsToolbar-overflowButton-img\"]"}
RESULT: {"using":"xpath","value":"//*[@id=\"__title36-_actionsToolbar-overflowButton-img\"]"}
COMMAND: POST /session/0fa557d69f96d3283d48a39825366b34/element/f.3F808B98CDAAA2B1E2AEFB154760237E.d.F0A90D76CE486448C2F69EB3C63C29B4.e.3062/click - {}
RESULT: {}
COMMAND: POST /session/0fa557d69f96d3283d48a39825366b34/execute/async - {"script":"<script> [1562 bytes]","args":[{"selector":{"controlType":"sap.m.Button","viewName":"etm.portal.ui.manageresources.view.Detail","viewId":"application-manageresources-display-component---detailRU","i18NText":{"propertyName":"tooltip","key":"closeColumn"},"searchOpenDialogs":true,"interaction":{"idSuffix":"inner"}},"wdio_ui5_key":"etmportal.ui.manageresources.view.Detailsap.m.Button{\"propertyName\":\"tooltip\",\"key\":\"closeColumn\"}"}]}
COMMAND: GET /session/0fa557d69f96d3283d48a39825366b34/screenshot - {}
RESULT: {"script":"<script> [1562 bytes]","args":[{"selector":{"controlType":"sap.m.Button","viewName":"etm.portal.ui.manageresources.view.Detail","viewId":"application-manageresources-display-component---detailRU","i18NText":{"propertyName":"tooltip","key":"closeColumn"},"searchOpenDialogs":true,"interaction":{"idSuffix":"inner"}},"wdio_ui5_key":"etmportal.ui.manageresources.view.Detailsap.m.Button{\"propertyName\":\"tooltip\",\"key\":\"closeColumn\"}"}]}
RESULT: undefined
COMMAND: POST /session/0fa557d69f96d3283d48a39825366b34/element - {"using":"xpath","value":"//*[@id=\"__button147\"]"}
RESULT: {}
RESULT: {"using":"xpath","value":"//*[@id=\"__button147\"]"}
COMMAND: POST /session/0fa557d69f96d3283d48a39825366b34/element/f.3F808B98CDAAA2B1E2AEFB154760237E.d.F0A90D76CE486448C2F69EB3C63C29B4.e.3066/click - {}
RESULT: {}
COMMAND: GET /session/0fa557d69f96d3283d48a39825366b34/screenshot - {}
RESULT: {}
COMMAND: POST /session/0fa557d69f96d3283d48a39825366b34/refresh - {}
RESULT: {}
COMMAND: GET /session/0fa557d69f96d3283d48a39825366b34/screenshot - {}
RESULT: {}
RESULT: undefined
COMMAND: POST /session/0fa557d69f96d3283d48a39825366b34/refresh - {}
RESULT: {}
COMMAND: GET /session/0fa557d69f96d3283d48a39825366b34/screenshot - {}
RESULT: {}
COMMAND: POST /session/0fa557d69f96d3283d48a39825366b34/execute/async - {"script":"<script> [189 bytes]","args":[]}
RESULT: {"script":"<script> [189 bytes]","args":[]}
COMMAND: POST /session/0fa557d69f96d3283d48a39825366b34/execute/async - {"script":"<script> [123 bytes]","args":[]}
RESULT: {"script":"<script> [123 bytes]","args":[]}
COMMAND: POST /session/0fa557d69f96d3283d48a39825366b34/timeouts - {"script":"<number>"}
RESULT: {"script":"<number>"}
COMMAND: GET /session/0fa557d69f96d3283d48a39825366b34/timeouts - {}
RESULT: {}
RESULT: undefined
COMMAND: POST /session/0fa557d69f96d3283d48a39825366b34/execute/async - {"script":"<script> [2676 bytes]","args":[]}
RESULT: {"script":"<script> [2676 bytes]","args":[]}
COMMAND: POST /session/0fa557d69f96d3283d48a39825366b34/execute/async - {"script":"<script> [2342 bytes]","args":[{"protocol":"http","hostname":"0.0.0.0","path":"/","capabilities":{"browserName":"chrome","goog:chromeOptions":{"binary":"C:\\Program Files\\Google\\Chrome\\Application\\chrome.exe","args":["--start-maximized"]}},"logLevel":"warn","connectionRetryTimeout":120000,"connectionRetryCount":3,"logLevels":{},"enableDirectConnect":true,"strictSSL":true,"_":"65 more keys: [\"cacheDir\",\"port\",\"requestedCapabilities\",\"automationProtocol\",\"baseUrl\",\"waitforInterval\",\"waitforTimeout\",\"onReload\",\"beforeCommand\",\"afterCommand\",\"rootDir\",\"specs\",\"suites\",\"exclude\",\"groupLogsByTestSpec\",\"excludeDriverLogs\",\"bail\",\"framework\",\"reporters\",\"services\",\"maxInstances\",\"maxInstancesPerCapability\",\"injectGlobals\",\"filesToWatch\",\"execArgv\",\"runnerEnv\",\"runner\",\"shard\",\"specFileRetries\",\"specFileRetriesDelay\",\"specFileRetriesDeferred\",\"reporterSyncInterval\",\"reporterSyncTimeout\",\"cucumberFeaturesWithLineNumbers\",\"autoCompileOpts\",\"mochaOpts\",\"jasmineOpts\",\"cucumberOpts\",\"onPrepare\",\"onWorkerStart\",\"onWorkerEnd\",\"before\",\"beforeSession\",\"beforeSuite\",\"beforeHook\",\"beforeTest\",\"afterTest\",\"afterHook\",\"afterSuite\",\"afterSession\",\"after\",\"onComplete\",\"beforeAssertion\",\"afterAssertion\",\"beforeFeature\",\"beforeScenario\",\"beforeStep\",\"afterStep\",\"afterScenario\",\"afterFeature\",\"_\",\"suite\",\"$0\",\"ignoredWorkerServices\",\"wdi5\"]"}]}
RESULT: undefined
RESULT: undefined
RESULT: {"script":"<script> [2342 bytes]","args":[{"protocol":"http","hostname":"0.0.0.0","path":"/","capabilities":{"browserName":"chrome","goog:chromeOptions":{"binary":"C:\\Program Files\\Google\\Chrome\\Application\\chrome.exe","args":["--start-maximized"]}},"logLevel":"warn","connectionRetryTimeout":120000,"connectionRetryCount":3,"logLevels":{},"enableDirectConnect":true,"strictSSL":true,"_":"65 more keys: [\"cacheDir\",\"port\",\"requestedCapabilities\",\"automationProtocol\",\"baseUrl\",\"waitforInterval\",\"waitforTimeout\",\"onReload\",\"beforeCommand\",\"afterCommand\",\"rootDir\",\"specs\",\"suites\",\"exclude\",\"groupLogsByTestSpec\",\"excludeDriverLogs\",\"bail\",\"framework\",\"reporters\",\"services\",\"maxInstances\",\"maxInstancesPerCapability\",\"injectGlobals\",\"filesToWatch\",\"execArgv\",\"runnerEnv\",\"runner\",\"shard\",\"specFileRetries\",\"specFileRetriesDelay\",\"specFileRetriesDeferred\",\"reporterSyncInterval\",\"reporterSyncTimeout\",\"cucumberFeaturesWithLineNumbers\",\"autoCompileOpts\",\"mochaOpts\",\"jasmineOpts\",\"cucumberOpts\",\"onPrepare\",\"onWorkerStart\",\"onWorkerEnd\",\"before\",\"beforeSession\",\"beforeSuite\",\"beforeHook\",\"beforeTest\",\"afterTest\",\"afterHook\",\"afterSuite\",\"afterSession\",\"after\",\"onComplete\",\"beforeAssertion\",\"afterAssertion\",\"beforeFeature\",\"beforeScenario\",\"beforeStep\",\"afterStep\",\"afterScenario\",\"afterFeature\",\"_\",\"suite\",\"$0\",\"ignoredWorkerServices\",\"wdi5\"]"}]}
COMMAND: POST /session/0fa557d69f96d3283d48a39825366b34/execute/async - {"script":"<script> [21126 bytes]","args":[35000]}
RESULT: {"script":"<script> [21126 bytes]","args":[35000]}
COMMAND: POST /session/0fa557d69f96d3283d48a39825366b34/element - {"using":"css selector","value":"#shell-header-logo"}
RESULT: {"using":"css selector","value":"#shell-header-logo"}
COMMAND: POST /session/0fa557d69f96d3283d48a39825366b34/element/f.3F808B98CDAAA2B1E2AEFB154760237E.d.42456BD3B08FD115314376BD21E79795.e.3343/click - {}
RESULT: {}
COMMAND: GET /session/0fa557d69f96d3283d48a39825366b34/screenshot - {}
RESULT: {}
COMMAND: POST /session/0fa557d69f96d3283d48a39825366b34/execute/async - {"script":"<script> [1562 bytes]","args":[{"selector":{"controlType":"sap.m.Text","viewName":"etm.portal.ui.managehandoverstile.view.Master","properties":{"text":"Manage Handovers"},"interaction":{"idSuffix":"inner"}},"wdio_ui5_key":"etmportal.ui.managehandoverstile.view.Mastersap.m.Text{\"text\":\"Manage Handovers\"}"}]}
RESULT: {"script":"<script> [1562 bytes]","args":[{"selector":{"controlType":"sap.m.Text","viewName":"etm.portal.ui.managehandoverstile.view.Master","properties":{"text":"Manage Handovers"},"interaction":{"idSuffix":"inner"}},"wdio_ui5_key":"etmportal.ui.managehandoverstile.view.Mastersap.m.Text{\"text\":\"Manage Handovers\"}"}]}
RESULT: undefined
COMMAND: POST /session/0fa557d69f96d3283d48a39825366b34/element - {"using":"xpath","value":"//*[@id=\"__tile133-title\"]"}
RESULT: {"using":"xpath","value":"//*[@id=\"__tile133-title\"]"}
COMMAND: POST /session/0fa557d69f96d3283d48a39825366b34/element/f.3F808B98CDAAA2B1E2AEFB154760237E.d.42456BD3B08FD115314376BD21E79795.e.3532/click - {}
RESULT: {}
COMMAND: GET /session/0fa557d69f96d3283d48a39825366b34/screenshot - {}
RESULT: {}
COMMAND: POST /session/0fa557d69f96d3283d48a39825366b34/element - {"using":"xpath","value":"//button[@data-kt=\"masterHOAddButton\"]"}
RESULT: {"using":"xpath","value":"//button[@data-kt=\"masterHOAddButton\"]"}
COMMAND: POST /session/0fa557d69f96d3283d48a39825366b34/element - {"using":"xpath","value":"//button[@data-kt=\"masterHOAddButton\"]"}
RESULT: {"using":"xpath","value":"//button[@data-kt=\"masterHOAddButton\"]"}
COMMAND: POST /session/0fa557d69f96d3283d48a39825366b34/element - {"using":"xpath","value":"//button[@data-kt=\"masterHOAddButton\"]"}
RESULT: {"using":"xpath","value":"//button[@data-kt=\"masterHOAddButton\"]"}
COMMAND: POST /session/0fa557d69f96d3283d48a39825366b34/execute/sync - {"script":"<script> [8489 bytes]","args":[{"element-6066-11e4-a52e-4f735466cecf":"f.3F808B98CDAAA2B1E2AEFB154760237E.d.42456BD3B08FD115314376BD21E79795.e.3567","ELEMENT":"f.3F808B98CDAAA2B1E2AEFB154760237E.d.42456BD3B08FD115314376BD21E79795.e.3567"}]}
RESULT: {"script":"<script> [8489 bytes]","args":[{"element-6066-11e4-a52e-4f735466cecf":"f.3F808B98CDAAA2B1E2AEFB154760237E.d.42456BD3B08FD115314376BD21E79795.e.3567","ELEMENT":"f.3F808B98CDAAA2B1E2AEFB154760237E.d.42456BD3B08FD115314376BD21E79795.e.3567"}]}
COMMAND: POST /session/0fa557d69f96d3283d48a39825366b34/element/f.3F808B98CDAAA2B1E2AEFB154760237E.d.42456BD3B08FD115314376BD21E79795.e.3567/click - {}
COMMAND: GET /session/0fa557d69f96d3283d48a39825366b34/screenshot - {}
RESULT: {}
COMMAND: GET /session/0fa557d69f96d3283d48a39825366b34/screenshot - {}
COMMAND: POST /session/0fa557d69f96d3283d48a39825366b34/element - {"using":"xpath","value":"//span[contains(@id ,\"AddNewHO--typeSelect-arrow\")]"}
RESULT: {}
RESULT: {}
RESULT: {"using":"xpath","value":"//span[contains(@id ,\"AddNewHO--typeSelect-arrow\")]"}
COMMAND: POST /session/0fa557d69f96d3283d48a39825366b34/element/f.3F808B98CDAAA2B1E2AEFB154760237E.d.42456BD3B08FD115314376BD21E79795.e.3864/click - {}
RESULT: {}
COMMAND: GET /session/0fa557d69f96d3283d48a39825366b34/screenshot - {}
RESULT: {}
COMMAND: POST /session/0fa557d69f96d3283d48a39825366b34/element - {"using":"xpath","value":"(//li[contains(text(), \"stock increase yard\")])[1]"}
RESULT: {"using":"xpath","value":"(//li[contains(text(), \"stock increase yard\")])[1]"}
COMMAND: POST /session/0fa557d69f96d3283d48a39825366b34/element/f.3F808B98CDAAA2B1E2AEFB154760237E.d.42456BD3B08FD115314376BD21E79795.e.3865/click - {}
RESULT: {}
COMMAND: GET /session/0fa557d69f96d3283d48a39825366b34/screenshot - {}
RESULT: {}
COMMAND: POST /session/0fa557d69f96d3283d48a39825366b34/execute/async - {"script":"<script> [1562 bytes]","args":[{"selector":{"id":"application-managehandovers-display-component---AddNewHO--dueDate","interaction":{"idSuffix":"inner"}},"wdio_ui5_key":"applicationmanagehandovers-display-component---AddNewHO--dueDate"}]}
RESULT: {"script":"<script> [1562 bytes]","args":[{"selector":{"id":"application-managehandovers-display-component---AddNewHO--dueDate","interaction":{"idSuffix":"inner"}},"wdio_ui5_key":"applicationmanagehandovers-display-component---AddNewHO--dueDate"}]}
RESULT: undefined
COMMAND: POST /session/0fa557d69f96d3283d48a39825366b34/execute/async - {"script":"<script> [6424 bytes]","args":[{"element-6066-11e4-a52e-4f735466cecf":"f.3F808B98CDAAA2B1E2AEFB154760237E.d.42456BD3B08FD115314376BD21E79795.e.3869"},"setValue",["04/15/2025"]]}
RESULT: {"script":"<script> [6424 bytes]","args":[{"element-6066-11e4-a52e-4f735466cecf":"f.3F808B98CDAAA2B1E2AEFB154760237E.d.42456BD3B08FD115314376BD21E79795.e.3869"},"setValue",["04/15/2025"]]}
COMMAND: POST /session/0fa557d69f96d3283d48a39825366b34/element - {"using":"xpath","value":"//input[@id=\"generalSectionFrg--receiveYard-inner\"]"}
RESULT: {"using":"xpath","value":"//input[@id=\"generalSectionFrg--receiveYard-inner\"]"}
COMMAND: POST /session/0fa557d69f96d3283d48a39825366b34/element/f.3F808B98CDAAA2B1E2AEFB154760237E.d.42456BD3B08FD115314376BD21E79795.e.3875/clear - {}
RESULT: {}
COMMAND: POST /session/0fa557d69f96d3283d48a39825366b34/element/f.3F808B98CDAAA2B1E2AEFB154760237E.d.42456BD3B08FD115314376BD21E79795.e.3875/value - {"text":"WebdriverYard3gcwcf"}
COMMAND: GET /session/0fa557d69f96d3283d48a39825366b34/screenshot - {}
RESULT: {"text":"WebdriverYard3gcwcf"}
COMMAND: GET /session/0fa557d69f96d3283d48a39825366b34/screenshot - {}
RESULT: {}
RESULT: {}
COMMAND: POST /session/0fa557d69f96d3283d48a39825366b34/execute/async - {"script":"<script> [1562 bytes]","args":[{"selector":{"id":"application-managehandovers-display-component---AddNewHO--ObjectPageLayout-anchBar-application-managehandovers-display-component---AddNewHO--section4-anchor","interaction":{"idSuffix":"BDI-content"}},"wdio_ui5_key":"applicationmanagehandovers-display-component---AddNewHO--ObjectPageLayout-anchBar-application-managehandovers-display-component---AddNewHO--section4-anchor"}]}
RESULT: {"script":"<script> [1562 bytes]","args":[{"selector":{"id":"application-managehandovers-display-component---AddNewHO--ObjectPageLayout-anchBar-application-managehandovers-display-component---AddNewHO--section4-anchor","interaction":{"idSuffix":"BDI-content"}},"wdio_ui5_key":"applicationmanagehandovers-display-component---AddNewHO--ObjectPageLayout-anchBar-application-managehandovers-display-component---AddNewHO--section4-anchor"}]}
RESULT: undefined
COMMAND: POST /session/0fa557d69f96d3283d48a39825366b34/element - {"using":"xpath","value":"//*[@id=\"application-managehandovers-display-component---AddNewHO--ObjectPageLayout-anchBar-application-managehandovers-display-component---AddNewHO--section4-anchor\"]"}
RESULT: {"using":"xpath","value":"//*[@id=\"application-managehandovers-display-component---AddNewHO--ObjectPageLayout-anchBar-application-managehandovers-display-component---AddNewHO--section4-anchor\"]"}
COMMAND: POST /session/0fa557d69f96d3283d48a39825366b34/element/f.3F808B98CDAAA2B1E2AEFB154760237E.d.42456BD3B08FD115314376BD21E79795.e.3892/click - {}
RESULT: {}
COMMAND: GET /session/0fa557d69f96d3283d48a39825366b34/screenshot - {}
RESULT: {}
COMMAND: POST /session/0fa557d69f96d3283d48a39825366b34/element - {"using":"xpath","value":"//button[@aria-label=\"Add\"]"}
RESULT: {"using":"xpath","value":"//button[@aria-label=\"Add\"]"}
COMMAND: POST /session/0fa557d69f96d3283d48a39825366b34/element/f.3F808B98CDAAA2B1E2AEFB154760237E.d.42456BD3B08FD115314376BD21E79795.e.3896/click - {}
RESULT: {}
COMMAND: GET /session/0fa557d69f96d3283d48a39825366b34/screenshot - {}
RESULT: {}
COMMAND: POST /session/0fa557d69f96d3283d48a39825366b34/execute/async - {"script":"<script> [1562 bytes]","args":[{"selector":{"id":"application-managehandovers-display-component---AddNewHO--smartFilterBar-btnBasicSearch","searchOpenDialogs":true,"interaction":{"idSuffix":"I"}},"wdio_ui5_key":"applicationmanagehandovers-display-component---AddNewHO--smartFilterBar-btnBasicSearch"}]}
RESULT: {"script":"<script> [1562 bytes]","args":[{"selector":{"id":"application-managehandovers-display-component---AddNewHO--smartFilterBar-btnBasicSearch","searchOpenDialogs":true,"interaction":{"idSuffix":"I"}},"wdio_ui5_key":"applicationmanagehandovers-display-component---AddNewHO--smartFilterBar-btnBasicSearch"}]}
RESULT: undefined
COMMAND: POST /session/0fa557d69f96d3283d48a39825366b34/execute/async - {"script":"<script> [776 bytes]","args":[{"enterText":"WebdriverRUR2C23kknl","selector":{"id":"application-managehandovers-display-component---AddNewHO--smartFilterBar-btnBasicSearch","searchOpenDialogs":true,"interaction":{"idSuffix":"I"}},"clearTextFirst":true,"interactionType":"ENTER_TEXT"}]}
RESULT: {"script":"<script> [776 bytes]","args":[{"enterText":"WebdriverRUR2C23kknl","selector":{"id":"application-managehandovers-display-component---AddNewHO--smartFilterBar-btnBasicSearch","searchOpenDialogs":true,"interaction":{"idSuffix":"I"}},"clearTextFirst":true,"interactionType":"ENTER_TEXT"}]}
COMMAND: POST /session/0fa557d69f96d3283d48a39825366b34/actions - {"actions":[{"id":"action7","type":"key","parameters":{},"actions":[{"type":"keyDown","value":""},{"type":"pause","duration":10},{"type":"keyUp","value":""}]}]}
RESULT: {"actions":[{"id":"action7","type":"key","parameters":{},"actions":[{"type":"keyDown","value":""},{"type":"pause","duration":10},{"type":"keyUp","value":""}]}]}
COMMAND: POST /session/0fa557d69f96d3283d48a39825366b34/execute/async - {"script":"<script> [1562 bytes]","args":[{"selector":{"id":"application-managehandovers-display-component---AddNewHO--popup-sa","searchOpenDialogs":true,"interaction":{"idSuffix":"CbBg"}},"wdio_ui5_key":"applicationmanagehandovers-display-component---AddNewHO--popup-sa"}]}
COMMAND: GET /session/0fa557d69f96d3283d48a39825366b34/screenshot - {}
RESULT: {"script":"<script> [1562 bytes]","args":[{"selector":{"id":"application-managehandovers-display-component---AddNewHO--popup-sa","searchOpenDialogs":true,"interaction":{"idSuffix":"CbBg"}},"wdio_ui5_key":"applicationmanagehandovers-display-component---AddNewHO--popup-sa"}]}
RESULT: undefined
COMMAND: POST /session/0fa557d69f96d3283d48a39825366b34/element - {"using":"xpath","value":"//*[@id=\"application-managehandovers-display-component---AddNewHO--popup-sa\"]"}
RESULT: {}
RESULT: {"using":"xpath","value":"//*[@id=\"application-managehandovers-display-component---AddNewHO--popup-sa\"]"}
COMMAND: POST /session/0fa557d69f96d3283d48a39825366b34/element/f.3F808B98CDAAA2B1E2AEFB154760237E.d.42456BD3B08FD115314376BD21E79795.e.4002/click - {}
RESULT: {}
COMMAND: GET /session/0fa557d69f96d3283d48a39825366b34/screenshot - {}
RESULT: {}
COMMAND: POST /session/0fa557d69f96d3283d48a39825366b34/element - {"using":"xpath","value":"//bdi[contains(text(), \"Select\")]"}
RESULT: {"using":"xpath","value":"//bdi[contains(text(), \"Select\")]"}
COMMAND: POST /session/0fa557d69f96d3283d48a39825366b34/element/f.3F808B98CDAAA2B1E2AEFB154760237E.d.42456BD3B08FD115314376BD21E79795.e.4003/click - {}
RESULT: {}
COMMAND: GET /session/0fa557d69f96d3283d48a39825366b34/screenshot - {}
RESULT: {}
COMMAND: POST /session/0fa557d69f96d3283d48a39825366b34/execute/async - {"script":"<script> [1562 bytes]","args":[{"selector":{"controlType":"sap.m.Input","viewName":"etm.portal.ui.managehandovers.view.AddNewHO","viewId":"application-managehandovers-display-component---AddNewHO","bindingPath":{"path":"/items/0","propertyPath":"TYPE","modelName":"hoItemsModel"},"interaction":{"idSuffix":"inner"}},"wdio_ui5_key":"etmportal.ui.managehandovers.view.AddNewHOsap.m.Input{\"path\":\"/items/0\",\"propertyPath\":\"TYPE\",\"modelName\":\"hoItemsModel\"}"}]}
RESULT: {"script":"<script> [1562 bytes]","args":[{"selector":{"controlType":"sap.m.Input","viewName":"etm.portal.ui.managehandovers.view.AddNewHO","viewId":"application-managehandovers-display-component---AddNewHO","bindingPath":{"path":"/items/0","propertyPath":"TYPE","modelName":"hoItemsModel"},"interaction":{"idSuffix":"inner"}},"wdio_ui5_key":"etmportal.ui.managehandovers.view.AddNewHOsap.m.Input{\"path\":\"/items/0\",\"propertyPath\":\"TYPE\",\"modelName\":\"hoItemsModel\"}"}]}
RESULT: undefined
COMMAND: POST /session/0fa557d69f96d3283d48a39825366b34/execute/async - {"script":"<script> [776 bytes]","args":[{"enterText":"100","selector":{"controlType":"sap.m.Input","viewName":"etm.portal.ui.managehandovers.view.AddNewHO","viewId":"application-managehandovers-display-component---AddNewHO","bindingPath":{"path":"/items/0","propertyPath":"TYPE","modelName":"hoItemsModel"},"interaction":{"idSuffix":"inner"}},"clearTextFirst":true,"interactionType":"ENTER_TEXT"}]}
RESULT: {"script":"<script> [776 bytes]","args":[{"enterText":"100","selector":{"controlType":"sap.m.Input","viewName":"etm.portal.ui.managehandovers.view.AddNewHO","viewId":"application-managehandovers-display-component---AddNewHO","bindingPath":{"path":"/items/0","propertyPath":"TYPE","modelName":"hoItemsModel"},"interaction":{"idSuffix":"inner"}},"clearTextFirst":true,"interactionType":"ENTER_TEXT"}]}
COMMAND: POST /session/0fa557d69f96d3283d48a39825366b34/element - {"using":"xpath","value":"//button[@data-kt=\"AddNewHOSaveButton\"]"}
RESULT: {"using":"xpath","value":"//button[@data-kt=\"AddNewHOSaveButton\"]"}
COMMAND: POST /session/0fa557d69f96d3283d48a39825366b34/element/f.3F808B98CDAAA2B1E2AEFB154760237E.d.42456BD3B08FD115314376BD21E79795.e.4008/click - {}
RESULT: {}
COMMAND: GET /session/0fa557d69f96d3283d48a39825366b34/screenshot - {}
RESULT: {}
COMMAND: POST /session/0fa557d69f96d3283d48a39825366b34/execute/async - {"script":"<script> [1562 bytes]","args":[{"selector":{"id":"receiptDatePicker","viewName":"etm.portal.ui.managehandovers.view.DetailExecuteHO","interaction":{"idSuffix":"inner"}},"wdio_ui5_key":"receiptDatePickeretmportal.ui.managehandovers.view.DetailExecuteHO"}]}
RESULT: {"script":"<script> [1562 bytes]","args":[{"selector":{"id":"receiptDatePicker","viewName":"etm.portal.ui.managehandovers.view.DetailExecuteHO","interaction":{"idSuffix":"inner"}},"wdio_ui5_key":"receiptDatePickeretmportal.ui.managehandovers.view.DetailExecuteHO"}]}
RESULT: undefined
COMMAND: POST /session/0fa557d69f96d3283d48a39825366b34/execute/async - {"script":"<script> [6424 bytes]","args":[{"element-6066-11e4-a52e-4f735466cecf":"f.3F808B98CDAAA2B1E2AEFB154760237E.d.42456BD3B08FD115314376BD21E79795.e.4036"},"setValue",["04/15/2025"]]}
RESULT: {"script":"<script> [6424 bytes]","args":[{"element-6066-11e4-a52e-4f735466cecf":"f.3F808B98CDAAA2B1E2AEFB154760237E.d.42456BD3B08FD115314376BD21E79795.e.4036"},"setValue",["04/15/2025"]]}
COMMAND: POST /session/0fa557d69f96d3283d48a39825366b34/element - {"using":"xpath","value":"//button[@data-kt=\"PickingTableConfirmAllButton\"]"}
RESULT: {"using":"xpath","value":"//button[@data-kt=\"PickingTableConfirmAllButton\"]"}
COMMAND: POST /session/0fa557d69f96d3283d48a39825366b34/element/f.3F808B98CDAAA2B1E2AEFB154760237E.d.42456BD3B08FD115314376BD21E79795.e.4052/click - {}
RESULT: {}
COMMAND: GET /session/0fa557d69f96d3283d48a39825366b34/screenshot - {}
RESULT: {}
COMMAND: POST /session/0fa557d69f96d3283d48a39825366b34/element - {"using":"xpath","value":"//bdi[contains(text(), \"OK\")]"}
RESULT: {"using":"xpath","value":"//bdi[contains(text(), \"OK\")]"}
COMMAND: POST /session/0fa557d69f96d3283d48a39825366b34/element/f.3F808B98CDAAA2B1E2AEFB154760237E.d.42456BD3B08FD115314376BD21E79795.e.4054/click - {}
RESULT: {}
COMMAND: GET /session/0fa557d69f96d3283d48a39825366b34/screenshot - {}
RESULT: {}
COMMAND: POST /session/0fa557d69f96d3283d48a39825366b34/element - {"using":"xpath","value":"(//bdi[contains(text(), \"Receive\")])[2]"}
RESULT: {"using":"xpath","value":"(//bdi[contains(text(), \"Receive\")])[2]"}
COMMAND: POST /session/0fa557d69f96d3283d48a39825366b34/element/f.3F808B98CDAAA2B1E2AEFB154760237E.d.42456BD3B08FD115314376BD21E79795.e.4056/click - {}
RESULT: {}
COMMAND: GET /session/0fa557d69f96d3283d48a39825366b34/screenshot - {}
RESULT: {}
COMMAND: POST /session/0fa557d69f96d3283d48a39825366b34/element - {"using":"css selector","value":"#shell-header-logo"}
RESULT: {"using":"css selector","value":"#shell-header-logo"}
COMMAND: POST /session/0fa557d69f96d3283d48a39825366b34/element/f.3F808B98CDAAA2B1E2AEFB154760237E.d.42456BD3B08FD115314376BD21E79795.e.3535/click - {}
RESULT: {}
COMMAND: GET /session/0fa557d69f96d3283d48a39825366b34/screenshot - {}
]]></system-out>
    </testcase>
    <testcase classname="chrome.135_0_7049_42.windows.E2E_-_Logistical_and_commercial_statuses" name="Should add a pricing rule and a condition to the RU" time="95.983">
      <system-out><![CDATA[
COMMAND: POST /session/0fa557d69f96d3283d48a39825366b34/execute/async - {"script":"<script> [1562 bytes]","args":[{"selector":{"controlType":"sap.m.GenericTile","properties":{"header":"Manage Pricing Rules"}},"wdio_ui5_key":"sapm.GenericTile{\"header\":\"Manage Pricing Rules\"}"}]}
RESULT: {}
RESULT: {"script":"<script> [1562 bytes]","args":[{"selector":{"controlType":"sap.m.GenericTile","properties":{"header":"Manage Pricing Rules"}},"wdio_ui5_key":"sapm.GenericTile{\"header\":\"Manage Pricing Rules\"}"}]}
RESULT: undefined
COMMAND: POST /session/0fa557d69f96d3283d48a39825366b34/element - {"using":"xpath","value":"//*[@id=\"__tile55\"]"}
RESULT: {"using":"xpath","value":"//*[@id=\"__tile55\"]"}
COMMAND: POST /session/0fa557d69f96d3283d48a39825366b34/element/f.3F808B98CDAAA2B1E2AEFB154760237E.d.42456BD3B08FD115314376BD21E79795.e.4205/click - {}
RESULT: {}
COMMAND: GET /session/0fa557d69f96d3283d48a39825366b34/screenshot - {}
RESULT: {}
COMMAND: POST /session/0fa557d69f96d3283d48a39825366b34/execute/async - {"script":"<script> [1562 bytes]","args":[{"selector":{"controlType":"sap.ui.core.Icon","viewName":"etm.portal.ui.managepricingrules.view.MasterHeader","viewId":"application-managepricingrules-display-component---priceInfoHeader","properties":{"src":{"regex":{"source":"activity\\-items"}}}},"wdio_ui5_key":"etmportal.ui.managepricingrules.view.MasterHeadersap.ui.core.Icon{\"src\":{\"regex\":{\"source\":\"activity\\\\-items\"}}}"}]}
RESULT: {"script":"<script> [1562 bytes]","args":[{"selector":{"controlType":"sap.ui.core.Icon","viewName":"etm.portal.ui.managepricingrules.view.MasterHeader","viewId":"application-managepricingrules-display-component---priceInfoHeader","properties":{"src":{"regex":{"source":"activity\\-items"}}}},"wdio_ui5_key":"etmportal.ui.managepricingrules.view.MasterHeadersap.ui.core.Icon{\"src\":{\"regex\":{\"source\":\"activity\\\\-items\"}}}"}]}
RESULT: undefined
COMMAND: POST /session/0fa557d69f96d3283d48a39825366b34/element - {"using":"xpath","value":"//*[@id=\"__filter22-icon\"]"}
RESULT: {"using":"xpath","value":"//*[@id=\"__filter22-icon\"]"}
COMMAND: POST /session/0fa557d69f96d3283d48a39825366b34/element/f.3F808B98CDAAA2B1E2AEFB154760237E.d.42456BD3B08FD115314376BD21E79795.e.4290/click - {}
RESULT: {}
COMMAND: GET /session/0fa557d69f96d3283d48a39825366b34/screenshot - {}
RESULT: {}
COMMAND: POST /session/0fa557d69f96d3283d48a39825366b34/execute/async - {"script":"<script> [1562 bytes]","args":[{"selector":{"controlType":"sap.ui.core.Icon","viewName":"etm.portal.ui.managepricingrules.view.MasterItem","viewId":"application-managepricingrules-display-component---priceInfoItem","properties":{"src":{"regex":{"source":"add"}}}},"wdio_ui5_key":"etmportal.ui.managepricingrules.view.MasterItemsap.ui.core.Icon{\"src\":{\"regex\":{\"source\":\"add\"}}}"}]}
RESULT: {"script":"<script> [1562 bytes]","args":[{"selector":{"controlType":"sap.ui.core.Icon","viewName":"etm.portal.ui.managepricingrules.view.MasterItem","viewId":"application-managepricingrules-display-component---priceInfoItem","properties":{"src":{"regex":{"source":"add"}}}},"wdio_ui5_key":"etmportal.ui.managepricingrules.view.MasterItemsap.ui.core.Icon{\"src\":{\"regex\":{\"source\":\"add\"}}}"}]}
RESULT: undefined
COMMAND: POST /session/0fa557d69f96d3283d48a39825366b34/element - {"using":"xpath","value":"//*[@id=\"__button76-img\"]"}
RESULT: {"using":"xpath","value":"//*[@id=\"__button76-img\"]"}
COMMAND: POST /session/0fa557d69f96d3283d48a39825366b34/element/f.3F808B98CDAAA2B1E2AEFB154760237E.d.42456BD3B08FD115314376BD21E79795.e.4340/click - {}
RESULT: {}
COMMAND: GET /session/0fa557d69f96d3283d48a39825366b34/screenshot - {}
RESULT: {}
COMMAND: POST /session/0fa557d69f96d3283d48a39825366b34/element - {"using":"xpath","value":"//input[@id=\"application-managepricingrules-display-component---newInfoPriceItem--condRU-inner\"]"}
RESULT: {"using":"xpath","value":"//input[@id=\"application-managepricingrules-display-component---newInfoPriceItem--condRU-inner\"]"}
COMMAND: POST /session/0fa557d69f96d3283d48a39825366b34/element/f.3F808B98CDAAA2B1E2AEFB154760237E.d.42456BD3B08FD115314376BD21E79795.e.4550/clear - {}
RESULT: {}
COMMAND: POST /session/0fa557d69f96d3283d48a39825366b34/element/f.3F808B98CDAAA2B1E2AEFB154760237E.d.42456BD3B08FD115314376BD21E79795.e.4550/value - {"text":"WebdriverRUR2C23kknl"}
COMMAND: GET /session/0fa557d69f96d3283d48a39825366b34/screenshot - {}
RESULT: {"text":"WebdriverRUR2C23kknl"}
COMMAND: POST /session/0fa557d69f96d3283d48a39825366b34/execute/async - {"script":"<script> [1562 bytes]","args":[{"selector":{"id":"application-managepricingrules-display-component---newInfoPriceItem--condValidTo","interaction":{"idSuffix":"inner"}},"wdio_ui5_key":"applicationmanagepricingrules-display-component---newInfoPriceItem--condValidTo"}]}
COMMAND: GET /session/0fa557d69f96d3283d48a39825366b34/screenshot - {}
RESULT: {}
RESULT: {}
RESULT: {"script":"<script> [1562 bytes]","args":[{"selector":{"id":"application-managepricingrules-display-component---newInfoPriceItem--condValidTo","interaction":{"idSuffix":"inner"}},"wdio_ui5_key":"applicationmanagepricingrules-display-component---newInfoPriceItem--condValidTo"}]}
RESULT: undefined
COMMAND: POST /session/0fa557d69f96d3283d48a39825366b34/execute/async - {"script":"<script> [776 bytes]","args":[{"enterText":"5/18/33","selector":{"id":"application-managepricingrules-display-component---newInfoPriceItem--condValidTo","interaction":{"idSuffix":"inner"}},"clearTextFirst":true,"interactionType":"ENTER_TEXT"}]}
RESULT: {"script":"<script> [776 bytes]","args":[{"enterText":"5/18/33","selector":{"id":"application-managepricingrules-display-component---newInfoPriceItem--condValidTo","interaction":{"idSuffix":"inner"}},"clearTextFirst":true,"interactionType":"ENTER_TEXT"}]}
COMMAND: POST /session/0fa557d69f96d3283d48a39825366b34/execute/async - {"script":"<script> [1562 bytes]","args":[{"selector":{"id":"application-managepricingrules-display-component---newInfoPriceItem--billType-arrow"},"wdio_ui5_key":"applicationmanagepricingrules-display-component---newInfoPriceItem--billType-arrow"}]}
RESULT: {"script":"<script> [1562 bytes]","args":[{"selector":{"id":"application-managepricingrules-display-component---newInfoPriceItem--billType-arrow"},"wdio_ui5_key":"applicationmanagepricingrules-display-component---newInfoPriceItem--billType-arrow"}]}
RESULT: undefined
COMMAND: POST /session/0fa557d69f96d3283d48a39825366b34/element - {"using":"xpath","value":"//*[@id=\"application-managepricingrules-display-component---newInfoPriceItem--billType-arrow\"]"}
RESULT: {"using":"xpath","value":"//*[@id=\"application-managepricingrules-display-component---newInfoPriceItem--billType-arrow\"]"}
COMMAND: POST /session/0fa557d69f96d3283d48a39825366b34/element/f.3F808B98CDAAA2B1E2AEFB154760237E.d.42456BD3B08FD115314376BD21E79795.e.4637/click - {}
RESULT: {}
COMMAND: POST /session/0fa557d69f96d3283d48a39825366b34/element - {"using":"xpath","value":"//span[contains(text(), \"TB - Time based\")]"}
COMMAND: GET /session/0fa557d69f96d3283d48a39825366b34/screenshot - {}
RESULT: {"using":"xpath","value":"//span[contains(text(), \"TB - Time based\")]"}
COMMAND: POST /session/0fa557d69f96d3283d48a39825366b34/element/f.3F808B98CDAAA2B1E2AEFB154760237E.d.42456BD3B08FD115314376BD21E79795.e.4694/click - {}
RESULT: {}
RESULT: {}
COMMAND: POST /session/0fa557d69f96d3283d48a39825366b34/execute/async - {"script":"<script> [1562 bytes]","args":[{"selector":{"id":"application-managepricingrules-display-component---newInfoPriceItem--priceProc-arrow"},"wdio_ui5_key":"applicationmanagepricingrules-display-component---newInfoPriceItem--priceProc-arrow"}]}
COMMAND: GET /session/0fa557d69f96d3283d48a39825366b34/screenshot - {}
RESULT: {"script":"<script> [1562 bytes]","args":[{"selector":{"id":"application-managepricingrules-display-component---newInfoPriceItem--priceProc-arrow"},"wdio_ui5_key":"applicationmanagepricingrules-display-component---newInfoPriceItem--priceProc-arrow"}]}
RESULT: undefined
COMMAND: POST /session/0fa557d69f96d3283d48a39825366b34/element - {"using":"xpath","value":"//*[@id=\"application-managepricingrules-display-component---newInfoPriceItem--priceProc-arrow\"]"}
RESULT: {}
RESULT: {"using":"xpath","value":"//*[@id=\"application-managepricingrules-display-component---newInfoPriceItem--priceProc-arrow\"]"}
COMMAND: POST /session/0fa557d69f96d3283d48a39825366b34/element/f.3F808B98CDAAA2B1E2AEFB154760237E.d.42456BD3B08FD115314376BD21E79795.e.4644/click - {}
RESULT: {}
COMMAND: POST /session/0fa557d69f96d3283d48a39825366b34/element - {"using":"xpath","value":"//span[contains(text(), \"TBS - Time based standard\")]"}
COMMAND: GET /session/0fa557d69f96d3283d48a39825366b34/screenshot - {}
RESULT: {"using":"xpath","value":"//span[contains(text(), \"TBS - Time based standard\")]"}
COMMAND: POST /session/0fa557d69f96d3283d48a39825366b34/element/f.3F808B98CDAAA2B1E2AEFB154760237E.d.42456BD3B08FD115314376BD21E79795.e.4695/click - {}
RESULT: {}
RESULT: {}
COMMAND: POST /session/0fa557d69f96d3283d48a39825366b34/execute/async - {"script":"<script> [1562 bytes]","args":[{"selector":{"id":"application-managepricingrules-display-component---newInfoPriceItem--calcBase-arrow"},"wdio_ui5_key":"applicationmanagepricingrules-display-component---newInfoPriceItem--calcBase-arrow"}]}
COMMAND: GET /session/0fa557d69f96d3283d48a39825366b34/screenshot - {}
RESULT: {"script":"<script> [1562 bytes]","args":[{"selector":{"id":"application-managepricingrules-display-component---newInfoPriceItem--calcBase-arrow"},"wdio_ui5_key":"applicationmanagepricingrules-display-component---newInfoPriceItem--calcBase-arrow"}]}
RESULT: undefined
COMMAND: POST /session/0fa557d69f96d3283d48a39825366b34/element - {"using":"xpath","value":"//*[@id=\"application-managepricingrules-display-component---newInfoPriceItem--calcBase-arrow\"]"}
RESULT: {}
RESULT: {"using":"xpath","value":"//*[@id=\"application-managepricingrules-display-component---newInfoPriceItem--calcBase-arrow\"]"}
COMMAND: POST /session/0fa557d69f96d3283d48a39825366b34/element/f.3F808B98CDAAA2B1E2AEFB154760237E.d.42456BD3B08FD115314376BD21E79795.e.4651/click - {}
RESULT: {}
COMMAND: GET /session/0fa557d69f96d3283d48a39825366b34/screenshot - {}
RESULT: {}
COMMAND: POST /session/0fa557d69f96d3283d48a39825366b34/element - {"using":"xpath","value":"//span[contains(text(), \"0006 - TB(calendar days)\")]"}
RESULT: {"using":"xpath","value":"//span[contains(text(), \"0006 - TB(calendar days)\")]"}
COMMAND: POST /session/0fa557d69f96d3283d48a39825366b34/element/f.3F808B98CDAAA2B1E2AEFB154760237E.d.42456BD3B08FD115314376BD21E79795.e.4696/click - {}
RESULT: {}
COMMAND: POST /session/0fa557d69f96d3283d48a39825366b34/execute/async - {"script":"<script> [1562 bytes]","args":[{"selector":{"id":"application-managepricingrules-display-component---newInfoPriceItem--daysMonth","interaction":{"idSuffix":"inner"}},"wdio_ui5_key":"applicationmanagepricingrules-display-component---newInfoPriceItem--daysMonth"}]}
COMMAND: GET /session/0fa557d69f96d3283d48a39825366b34/screenshot - {}
RESULT: {"script":"<script> [1562 bytes]","args":[{"selector":{"id":"application-managepricingrules-display-component---newInfoPriceItem--daysMonth","interaction":{"idSuffix":"inner"}},"wdio_ui5_key":"applicationmanagepricingrules-display-component---newInfoPriceItem--daysMonth"}]}
RESULT: undefined
COMMAND: POST /session/0fa557d69f96d3283d48a39825366b34/execute/async - {"script":"<script> [776 bytes]","args":[{"enterText":"30","selector":{"id":"application-managepricingrules-display-component---newInfoPriceItem--daysMonth","interaction":{"idSuffix":"inner"}},"clearTextFirst":true,"interactionType":"ENTER_TEXT"}]}
RESULT: {}
RESULT: {"script":"<script> [776 bytes]","args":[{"enterText":"30","selector":{"id":"application-managepricingrules-display-component---newInfoPriceItem--daysMonth","interaction":{"idSuffix":"inner"}},"clearTextFirst":true,"interactionType":"ENTER_TEXT"}]}
COMMAND: POST /session/0fa557d69f96d3283d48a39825366b34/element - {"using":"xpath","value":"//button[@data-kt=\"saveNewRuleButton\"]"}
RESULT: {"using":"xpath","value":"//button[@data-kt=\"saveNewRuleButton\"]"}
COMMAND: POST /session/0fa557d69f96d3283d48a39825366b34/element/f.3F808B98CDAAA2B1E2AEFB154760237E.d.42456BD3B08FD115314376BD21E79795.e.4672/click - {}
RESULT: {}
COMMAND: GET /session/0fa557d69f96d3283d48a39825366b34/screenshot - {}
RESULT: {}
COMMAND: POST /session/0fa557d69f96d3283d48a39825366b34/element - {"using":"css selector","value":"#shell-header-logo"}
RESULT: {"using":"css selector","value":"#shell-header-logo"}
COMMAND: POST /session/0fa557d69f96d3283d48a39825366b34/element/f.3F808B98CDAAA2B1E2AEFB154760237E.d.42456BD3B08FD115314376BD21E79795.e.4209/click - {}
RESULT: {}
COMMAND: GET /session/0fa557d69f96d3283d48a39825366b34/screenshot - {}
RESULT: {}
COMMAND: POST /session/0fa557d69f96d3283d48a39825366b34/execute/async - {"script":"<script> [1562 bytes]","args":[{"selector":{"controlType":"sap.m.Text","properties":{"text":"Manage Conditions & Prices"},"interaction":{"idSuffix":"inner"}},"wdio_ui5_key":"sapm.Text{\"text\":\"Manage Conditions & Prices\"}"}]}
RESULT: {"script":"<script> [1562 bytes]","args":[{"selector":{"controlType":"sap.m.Text","properties":{"text":"Manage Conditions & Prices"},"interaction":{"idSuffix":"inner"}},"wdio_ui5_key":"sapm.Text{\"text\":\"Manage Conditions & Prices\"}"}]}
RESULT: undefined
COMMAND: POST /session/0fa557d69f96d3283d48a39825366b34/element - {"using":"xpath","value":"//*[@id=\"__tile53-title\"]"}
RESULT: {"using":"xpath","value":"//*[@id=\"__tile53-title\"]"}
COMMAND: POST /session/0fa557d69f96d3283d48a39825366b34/element/f.3F808B98CDAAA2B1E2AEFB154760237E.d.42456BD3B08FD115314376BD21E79795.e.4705/click - {}
RESULT: {}
COMMAND: GET /session/0fa557d69f96d3283d48a39825366b34/screenshot - {}
RESULT: {}
COMMAND: POST /session/0fa557d69f96d3283d48a39825366b34/element - {"using":"xpath","value":"//button[@aria-label=\"Create\"]"}
RESULT: {"using":"xpath","value":"//button[@aria-label=\"Create\"]"}
COMMAND: POST /session/0fa557d69f96d3283d48a39825366b34/elements - {"using":"xpath","value":"//button[@aria-label=\"Create\"]"}
RESULT: {"using":"xpath","value":"//button[@aria-label=\"Create\"]"}
COMMAND: POST /session/0fa557d69f96d3283d48a39825366b34/elements - {"using":"xpath","value":"//button[@aria-label=\"Create\"]"}
RESULT: {"using":"xpath","value":"//button[@aria-label=\"Create\"]"}
COMMAND: POST /session/0fa557d69f96d3283d48a39825366b34/element - {"using":"xpath","value":"//button[@aria-label=\"Create\"]"}
RESULT: {"using":"xpath","value":"//button[@aria-label=\"Create\"]"}
COMMAND: POST /session/0fa557d69f96d3283d48a39825366b34/element/f.3F808B98CDAAA2B1E2AEFB154760237E.d.42456BD3B08FD115314376BD21E79795.e.4738/click - {}
RESULT: {}
COMMAND: POST /session/0fa557d69f96d3283d48a39825366b34/actions - {"actions":[{"id":"action8","type":"key","parameters":{},"actions":[{"type":"keyDown","value":""},{"type":"pause","duration":10},{"type":"keyUp","value":""}]}]}
COMMAND: GET /session/0fa557d69f96d3283d48a39825366b34/screenshot - {}
RESULT: {"actions":[{"id":"action8","type":"key","parameters":{},"actions":[{"type":"keyDown","value":""},{"type":"pause","duration":10},{"type":"keyUp","value":""}]}]}
COMMAND: GET /session/0fa557d69f96d3283d48a39825366b34/screenshot - {}
COMMAND: POST /session/0fa557d69f96d3283d48a39825366b34/execute/async - {"script":"<script> [1562 bytes]","args":[{"selector":{"id":"application-manageconditionprice-display-component---newCondition--condBillCond-arrow"},"wdio_ui5_key":"applicationmanageconditionprice-display-component---newCondition--condBillCond-arrow"}]}
RESULT: {}
RESULT: {}
RESULT: {"script":"<script> [1562 bytes]","args":[{"selector":{"id":"application-manageconditionprice-display-component---newCondition--condBillCond-arrow"},"wdio_ui5_key":"applicationmanageconditionprice-display-component---newCondition--condBillCond-arrow"}]}
RESULT: undefined
COMMAND: POST /session/0fa557d69f96d3283d48a39825366b34/element - {"using":"xpath","value":"//*[@id=\"application-manageconditionprice-display-component---newCondition--condBillCond-arrow\"]"}
RESULT: {"using":"xpath","value":"//*[@id=\"application-manageconditionprice-display-component---newCondition--condBillCond-arrow\"]"}
COMMAND: POST /session/0fa557d69f96d3283d48a39825366b34/element/f.3F808B98CDAAA2B1E2AEFB154760237E.d.42456BD3B08FD115314376BD21E79795.e.5212/click - {}
RESULT: {}
COMMAND: POST /session/0fa557d69f96d3283d48a39825366b34/element - {"using":"xpath","value":"//span[contains(text(), \"DISP - D&I special price\")]"}
COMMAND: GET /session/0fa557d69f96d3283d48a39825366b34/screenshot - {}
RESULT: {"using":"xpath","value":"//span[contains(text(), \"DISP - D&I special price\")]"}
COMMAND: POST /session/0fa557d69f96d3283d48a39825366b34/element/f.3F808B98CDAAA2B1E2AEFB154760237E.d.42456BD3B08FD115314376BD21E79795.e.5213/click - {}
RESULT: {}
RESULT: {}
COMMAND: POST /session/0fa557d69f96d3283d48a39825366b34/execute/async - {"script":"<script> [1562 bytes]","args":[{"selector":{"id":"application-manageconditionprice-display-component---newCondition--condValidTo","interaction":{"idSuffix":"inner"}},"wdio_ui5_key":"applicationmanageconditionprice-display-component---newCondition--condValidTo"}]}
COMMAND: GET /session/0fa557d69f96d3283d48a39825366b34/screenshot - {}
RESULT: {"script":"<script> [1562 bytes]","args":[{"selector":{"id":"application-manageconditionprice-display-component---newCondition--condValidTo","interaction":{"idSuffix":"inner"}},"wdio_ui5_key":"applicationmanageconditionprice-display-component---newCondition--condValidTo"}]}
RESULT: undefined
COMMAND: POST /session/0fa557d69f96d3283d48a39825366b34/execute/async - {"script":"<script> [776 bytes]","args":[{"enterText":"5/11/33","selector":{"id":"application-manageconditionprice-display-component---newCondition--condValidTo","interaction":{"idSuffix":"inner"}},"clearTextFirst":true,"interactionType":"ENTER_TEXT"}]}
RESULT: {}
RESULT: {"script":"<script> [776 bytes]","args":[{"enterText":"5/11/33","selector":{"id":"application-manageconditionprice-display-component---newCondition--condValidTo","interaction":{"idSuffix":"inner"}},"clearTextFirst":true,"interactionType":"ENTER_TEXT"}]}
COMMAND: POST /session/0fa557d69f96d3283d48a39825366b34/element - {"using":"xpath","value":"//input[@id=\"application-manageconditionprice-display-component---newCondition--condRU-inner\"]"}
RESULT: {"using":"xpath","value":"//input[@id=\"application-manageconditionprice-display-component---newCondition--condRU-inner\"]"}
COMMAND: POST /session/0fa557d69f96d3283d48a39825366b34/element/f.3F808B98CDAAA2B1E2AEFB154760237E.d.42456BD3B08FD115314376BD21E79795.e.4942/clear - {}
RESULT: {}
COMMAND: POST /session/0fa557d69f96d3283d48a39825366b34/element/f.3F808B98CDAAA2B1E2AEFB154760237E.d.42456BD3B08FD115314376BD21E79795.e.4942/value - {"text":"WebdriverRUR2C23kknl"}
COMMAND: GET /session/0fa557d69f96d3283d48a39825366b34/screenshot - {}
RESULT: {"text":"WebdriverRUR2C23kknl"}
COMMAND: GET /session/0fa557d69f96d3283d48a39825366b34/screenshot - {}
RESULT: {}
RESULT: {}
COMMAND: POST /session/0fa557d69f96d3283d48a39825366b34/actions - {"actions":[{"id":"action9","type":"key","parameters":{},"actions":[{"type":"keyDown","value":""},{"type":"pause","duration":10},{"type":"keyUp","value":""}]}]}
RESULT: {"actions":[{"id":"action9","type":"key","parameters":{},"actions":[{"type":"keyDown","value":""},{"type":"pause","duration":10},{"type":"keyUp","value":""}]}]}
COMMAND: POST /session/0fa557d69f96d3283d48a39825366b34/execute/async - {"script":"<script> [1562 bytes]","args":[{"selector":{"id":"application-manageconditionprice-display-component---newCondition--condBaseQty","interaction":{"idSuffix":"inner"}},"wdio_ui5_key":"applicationmanageconditionprice-display-component---newCondition--condBaseQty"}]}
COMMAND: GET /session/0fa557d69f96d3283d48a39825366b34/screenshot - {}
RESULT: {"script":"<script> [1562 bytes]","args":[{"selector":{"id":"application-manageconditionprice-display-component---newCondition--condBaseQty","interaction":{"idSuffix":"inner"}},"wdio_ui5_key":"applicationmanageconditionprice-display-component---newCondition--condBaseQty"}]}
RESULT: undefined
COMMAND: POST /session/0fa557d69f96d3283d48a39825366b34/execute/async - {"script":"<script> [776 bytes]","args":[{"enterText":"1","selector":{"id":"application-manageconditionprice-display-component---newCondition--condBaseQty","interaction":{"idSuffix":"inner"}},"clearTextFirst":true,"interactionType":"ENTER_TEXT"}]}
RESULT: {}
RESULT: {"script":"<script> [776 bytes]","args":[{"enterText":"1","selector":{"id":"application-manageconditionprice-display-component---newCondition--condBaseQty","interaction":{"idSuffix":"inner"}},"clearTextFirst":true,"interactionType":"ENTER_TEXT"}]}
COMMAND: POST /session/0fa557d69f96d3283d48a39825366b34/execute/async - {"script":"<script> [1562 bytes]","args":[{"selector":{"id":"application-manageconditionprice-display-component---newCondition--condValue","interaction":{"idSuffix":"inner"}},"wdio_ui5_key":"applicationmanageconditionprice-display-component---newCondition--condValue"}]}
RESULT: {"script":"<script> [1562 bytes]","args":[{"selector":{"id":"application-manageconditionprice-display-component---newCondition--condValue","interaction":{"idSuffix":"inner"}},"wdio_ui5_key":"applicationmanageconditionprice-display-component---newCondition--condValue"}]}
RESULT: undefined
COMMAND: POST /session/0fa557d69f96d3283d48a39825366b34/execute/async - {"script":"<script> [776 bytes]","args":[{"enterText":"100","selector":{"id":"application-manageconditionprice-display-component---newCondition--condValue","interaction":{"idSuffix":"inner"}},"clearTextFirst":true,"interactionType":"ENTER_TEXT"}]}
RESULT: {"script":"<script> [776 bytes]","args":[{"enterText":"100","selector":{"id":"application-manageconditionprice-display-component---newCondition--condValue","interaction":{"idSuffix":"inner"}},"clearTextFirst":true,"interactionType":"ENTER_TEXT"}]}
COMMAND: POST /session/0fa557d69f96d3283d48a39825366b34/execute/async - {"script":"<script> [1562 bytes]","args":[{"selector":{"id":"application-manageconditionprice-display-component---newCondition--condCurr-arrow"},"wdio_ui5_key":"applicationmanageconditionprice-display-component---newCondition--condCurr-arrow"}]}
RESULT: {"script":"<script> [1562 bytes]","args":[{"selector":{"id":"application-manageconditionprice-display-component---newCondition--condCurr-arrow"},"wdio_ui5_key":"applicationmanageconditionprice-display-component---newCondition--condCurr-arrow"}]}
RESULT: undefined
COMMAND: POST /session/0fa557d69f96d3283d48a39825366b34/element - {"using":"xpath","value":"//*[@id=\"application-manageconditionprice-display-component---newCondition--condCurr-arrow\"]"}
RESULT: {"using":"xpath","value":"//*[@id=\"application-manageconditionprice-display-component---newCondition--condCurr-arrow\"]"}
COMMAND: POST /session/0fa557d69f96d3283d48a39825366b34/element/f.3F808B98CDAAA2B1E2AEFB154760237E.d.42456BD3B08FD115314376BD21E79795.e.5162/click - {}
RESULT: {}
COMMAND: POST /session/0fa557d69f96d3283d48a39825366b34/element - {"using":"xpath","value":"//span[contains(text(), \"Euro\")]"}
COMMAND: GET /session/0fa557d69f96d3283d48a39825366b34/screenshot - {}
RESULT: {"using":"xpath","value":"//span[contains(text(), \"Euro\")]"}
COMMAND: POST /session/0fa557d69f96d3283d48a39825366b34/element/f.3F808B98CDAAA2B1E2AEFB154760237E.d.42456BD3B08FD115314376BD21E79795.e.5251/click - {}
RESULT: {}
RESULT: {}
COMMAND: POST /session/0fa557d69f96d3283d48a39825366b34/element - {"using":"xpath","value":"//button[@data-kt=\"saveButton\"]"}
COMMAND: GET /session/0fa557d69f96d3283d48a39825366b34/screenshot - {}
RESULT: {"using":"xpath","value":"//button[@data-kt=\"saveButton\"]"}
COMMAND: POST /session/0fa557d69f96d3283d48a39825366b34/element/f.3F808B98CDAAA2B1E2AEFB154760237E.d.42456BD3B08FD115314376BD21E79795.e.5163/click - {}
RESULT: {}
RESULT: {}
COMMAND: GET /session/0fa557d69f96d3283d48a39825366b34/screenshot - {}
RESULT: {}
COMMAND: POST /session/0fa557d69f96d3283d48a39825366b34/element - {"using":"css selector","value":"#shell-header-logo"}
RESULT: {"using":"css selector","value":"#shell-header-logo"}
COMMAND: POST /session/0fa557d69f96d3283d48a39825366b34/element/f.3F808B98CDAAA2B1E2AEFB154760237E.d.42456BD3B08FD115314376BD21E79795.e.4708/click - {}
RESULT: {}
COMMAND: GET /session/0fa557d69f96d3283d48a39825366b34/screenshot - {}
RESULT: {}
]]></system-out>
    </testcase>
    <testcase classname="chrome.135_0_7049_42.windows.E2E_-_Logistical_and_commercial_statuses" name="Should create a new contract" time="57.826">
      <system-out><![CDATA[
COMMAND: POST /session/0fa557d69f96d3283d48a39825366b34/execute/async - {"script":"<script> [1562 bytes]","args":[{"selector":{"controlType":"sap.m.GenericTile","viewName":"etm.portal.ui.managecontractstile.view.Master","i18NText":{"propertyName":"header","key":"manageContractsTileTitle"}},"wdio_ui5_key":"etmportal.ui.managecontractstile.view.Mastersap.m.GenericTile{\"propertyName\":\"header\",\"key\":\"manageContractsTileTitle\"}"}]}
RESULT: {"script":"<script> [1562 bytes]","args":[{"selector":{"controlType":"sap.m.GenericTile","viewName":"etm.portal.ui.managecontractstile.view.Master","i18NText":{"propertyName":"header","key":"manageContractsTileTitle"}},"wdio_ui5_key":"etmportal.ui.managecontractstile.view.Mastersap.m.GenericTile{\"propertyName\":\"header\",\"key\":\"manageContractsTileTitle\"}"}]}
RESULT: undefined
COMMAND: POST /session/0fa557d69f96d3283d48a39825366b34/element - {"using":"xpath","value":"//*[@id=\"__tile130\"]"}
RESULT: {"using":"xpath","value":"//*[@id=\"__tile130\"]"}
COMMAND: POST /session/0fa557d69f96d3283d48a39825366b34/element/f.3F808B98CDAAA2B1E2AEFB154760237E.d.42456BD3B08FD115314376BD21E79795.e.5255/click - {}
RESULT: {}
COMMAND: GET /session/0fa557d69f96d3283d48a39825366b34/screenshot - {}
RESULT: {}
COMMAND: POST /session/0fa557d69f96d3283d48a39825366b34/element - {"using":"xpath","value":"//button[@data-kt=\"addButton\"]"}
RESULT: {"using":"xpath","value":"//button[@data-kt=\"addButton\"]"}
COMMAND: POST /session/0fa557d69f96d3283d48a39825366b34/elements - {"using":"xpath","value":"//button[@data-kt=\"addButton\"]"}
RESULT: {"using":"xpath","value":"//button[@data-kt=\"addButton\"]"}
COMMAND: POST /session/0fa557d69f96d3283d48a39825366b34/elements - {"using":"xpath","value":"//button[@data-kt=\"addButton\"]"}
RESULT: {"using":"xpath","value":"//button[@data-kt=\"addButton\"]"}
COMMAND: POST /session/0fa557d69f96d3283d48a39825366b34/elements - {"using":"xpath","value":"//button[@data-kt=\"addButton\"]"}
RESULT: {"using":"xpath","value":"//button[@data-kt=\"addButton\"]"}
COMMAND: POST /session/0fa557d69f96d3283d48a39825366b34/elements - {"using":"xpath","value":"//button[@data-kt=\"addButton\"]"}
RESULT: {"using":"xpath","value":"//button[@data-kt=\"addButton\"]"}
COMMAND: POST /session/0fa557d69f96d3283d48a39825366b34/elements - {"using":"xpath","value":"//button[@data-kt=\"addButton\"]"}
RESULT: {"using":"xpath","value":"//button[@data-kt=\"addButton\"]"}
COMMAND: POST /session/0fa557d69f96d3283d48a39825366b34/elements - {"using":"xpath","value":"//button[@data-kt=\"addButton\"]"}
RESULT: {"using":"xpath","value":"//button[@data-kt=\"addButton\"]"}
COMMAND: POST /session/0fa557d69f96d3283d48a39825366b34/elements - {"using":"xpath","value":"//button[@data-kt=\"addButton\"]"}
RESULT: {"using":"xpath","value":"//button[@data-kt=\"addButton\"]"}
COMMAND: POST /session/0fa557d69f96d3283d48a39825366b34/elements - {"using":"xpath","value":"//button[@data-kt=\"addButton\"]"}
RESULT: {"using":"xpath","value":"//button[@data-kt=\"addButton\"]"}
RESULT: undefined
COMMAND: POST /session/0fa557d69f96d3283d48a39825366b34/elements - {"using":"xpath","value":"//button[@data-kt=\"addButton\"]"}
RESULT: {"using":"xpath","value":"//button[@data-kt=\"addButton\"]"}
COMMAND: POST /session/0fa557d69f96d3283d48a39825366b34/element - {"using":"xpath","value":"//button[@data-kt=\"addButton\"]"}
RESULT: {"using":"xpath","value":"//button[@data-kt=\"addButton\"]"}
COMMAND: POST /session/0fa557d69f96d3283d48a39825366b34/element/f.3F808B98CDAAA2B1E2AEFB154760237E.d.42456BD3B08FD115314376BD21E79795.e.5300/click - {}
RESULT: {}
COMMAND: GET /session/0fa557d69f96d3283d48a39825366b34/screenshot - {}
RESULT: {}
COMMAND: POST /session/0fa557d69f96d3283d48a39825366b34/execute/async - {"script":"<script> [1562 bytes]","args":[{"selector":{"id":"application-managecontracts-display-component---AddNewContract--projectDescription","interaction":{"idSuffix":"inner"}},"wdio_ui5_key":"applicationmanagecontracts-display-component---AddNewContract--projectDescription"}]}
RESULT: {"script":"<script> [1562 bytes]","args":[{"selector":{"id":"application-managecontracts-display-component---AddNewContract--projectDescription","interaction":{"idSuffix":"inner"}},"wdio_ui5_key":"applicationmanagecontracts-display-component---AddNewContract--projectDescription"}]}
RESULT: undefined
COMMAND: POST /session/0fa557d69f96d3283d48a39825366b34/execute/async - {"script":"<script> [776 bytes]","args":[{"enterText":"WdIOR2cfw5my","selector":{"id":"application-managecontracts-display-component---AddNewContract--projectDescription","interaction":{"idSuffix":"inner"}},"clearTextFirst":true,"interactionType":"ENTER_TEXT"}]}
RESULT: {"script":"<script> [776 bytes]","args":[{"enterText":"WdIOR2cfw5my","selector":{"id":"application-managecontracts-display-component---AddNewContract--projectDescription","interaction":{"idSuffix":"inner"}},"clearTextFirst":true,"interactionType":"ENTER_TEXT"}]}
COMMAND: POST /session/0fa557d69f96d3283d48a39825366b34/element - {"using":"xpath","value":"//input[@id=\"application-managecontracts-display-component---AddNewContract--yardId-inner\"]"}
RESULT: {"using":"xpath","value":"//input[@id=\"application-managecontracts-display-component---AddNewContract--yardId-inner\"]"}
COMMAND: POST /session/0fa557d69f96d3283d48a39825366b34/element/f.3F808B98CDAAA2B1E2AEFB154760237E.d.42456BD3B08FD115314376BD21E79795.e.5396/clear - {}
RESULT: {}
COMMAND: POST /session/0fa557d69f96d3283d48a39825366b34/element/f.3F808B98CDAAA2B1E2AEFB154760237E.d.42456BD3B08FD115314376BD21E79795.e.5396/value - {"text":"WebdriverYard3gcwcf"}
COMMAND: GET /session/0fa557d69f96d3283d48a39825366b34/screenshot - {}
RESULT: {"text":"WebdriverYard3gcwcf"}
COMMAND: GET /session/0fa557d69f96d3283d48a39825366b34/screenshot - {}
RESULT: {}
RESULT: {}
COMMAND: POST /session/0fa557d69f96d3283d48a39825366b34/actions - {"actions":[{"id":"action10","type":"key","parameters":{},"actions":[{"type":"keyDown","value":""},{"type":"pause","duration":10},{"type":"keyUp","value":""}]}]}
RESULT: {"actions":[{"id":"action10","type":"key","parameters":{},"actions":[{"type":"keyDown","value":""},{"type":"pause","duration":10},{"type":"keyUp","value":""}]}]}
COMMAND: GET /session/0fa557d69f96d3283d48a39825366b34/screenshot - {}
RESULT: {}
COMMAND: POST /session/0fa557d69f96d3283d48a39825366b34/element - {"using":"xpath","value":"//input[@id=\"application-managecontracts-display-component---AddNewContract--customerSelect-inner\"]"}
RESULT: {"using":"xpath","value":"//input[@id=\"application-managecontracts-display-component---AddNewContract--customerSelect-inner\"]"}
COMMAND: POST /session/0fa557d69f96d3283d48a39825366b34/element/f.3F808B98CDAAA2B1E2AEFB154760237E.d.42456BD3B08FD115314376BD21E79795.e.5394/clear - {}
RESULT: {}
COMMAND: POST /session/0fa557d69f96d3283d48a39825366b34/element/f.3F808B98CDAAA2B1E2AEFB154760237E.d.42456BD3B08FD115314376BD21E79795.e.5394/value - {"text":"WebdriverPartner7jkxg"}
COMMAND: GET /session/0fa557d69f96d3283d48a39825366b34/screenshot - {}
RESULT: {"text":"WebdriverPartner7jkxg"}
COMMAND: GET /session/0fa557d69f96d3283d48a39825366b34/screenshot - {}
RESULT: {}
RESULT: {}
COMMAND: POST /session/0fa557d69f96d3283d48a39825366b34/actions - {"actions":[{"id":"action11","type":"key","parameters":{},"actions":[{"type":"keyDown","value":""},{"type":"pause","duration":10},{"type":"keyUp","value":""}]}]}
RESULT: {"actions":[{"id":"action11","type":"key","parameters":{},"actions":[{"type":"keyDown","value":""},{"type":"pause","duration":10},{"type":"keyUp","value":""}]}]}
COMMAND: GET /session/0fa557d69f96d3283d48a39825366b34/screenshot - {}
RESULT: {}
COMMAND: POST /session/0fa557d69f96d3283d48a39825366b34/element - {"using":"xpath","value":"//input[@id=\"application-managecontracts-display-component---AddNewContract--site-inner\"]"}
RESULT: {"using":"xpath","value":"//input[@id=\"application-managecontracts-display-component---AddNewContract--site-inner\"]"}
COMMAND: POST /session/0fa557d69f96d3283d48a39825366b34/element/f.3F808B98CDAAA2B1E2AEFB154760237E.d.42456BD3B08FD115314376BD21E79795.e.5395/clear - {}
RESULT: {}
COMMAND: POST /session/0fa557d69f96d3283d48a39825366b34/element/f.3F808B98CDAAA2B1E2AEFB154760237E.d.42456BD3B08FD115314376BD21E79795.e.5395/value - {"text":"WebdriverSite9r8t2"}
COMMAND: GET /session/0fa557d69f96d3283d48a39825366b34/screenshot - {}
RESULT: {"text":"WebdriverSite9r8t2"}
COMMAND: GET /session/0fa557d69f96d3283d48a39825366b34/screenshot - {}
RESULT: {}
RESULT: {}
COMMAND: POST /session/0fa557d69f96d3283d48a39825366b34/actions - {"actions":[{"id":"action12","type":"key","parameters":{},"actions":[{"type":"keyDown","value":""},{"type":"pause","duration":10},{"type":"keyUp","value":""}]}]}
RESULT: {"actions":[{"id":"action12","type":"key","parameters":{},"actions":[{"type":"keyDown","value":""},{"type":"pause","duration":10},{"type":"keyUp","value":""}]}]}
COMMAND: POST /session/0fa557d69f96d3283d48a39825366b34/element - {"using":"xpath","value":"//button[@data-kt=\"saveButton\"]"}
COMMAND: GET /session/0fa557d69f96d3283d48a39825366b34/screenshot - {}
RESULT: {"using":"xpath","value":"//button[@data-kt=\"saveButton\"]"}
COMMAND: POST /session/0fa557d69f96d3283d48a39825366b34/element/f.3F808B98CDAAA2B1E2AEFB154760237E.d.42456BD3B08FD115314376BD21E79795.e.5418/click - {}
RESULT: {}
RESULT: {}
COMMAND: GET /session/0fa557d69f96d3283d48a39825366b34/screenshot - {}
RESULT: {}
COMMAND: POST /session/0fa557d69f96d3283d48a39825366b34/execute/async - {"script":"<script> [1562 bytes]","args":[{"selector":{"id":"contractDetailTitleNoExpanded","viewName":"etm.portal.ui.managecontracts.view.Detail"},"wdio_ui5_key":"contractDetailTitleNoExpandedetmportal.ui.managecontracts.view.Detail"}]}
RESULT: {"script":"<script> [1562 bytes]","args":[{"selector":{"id":"contractDetailTitleNoExpanded","viewName":"etm.portal.ui.managecontracts.view.Detail"},"wdio_ui5_key":"contractDetailTitleNoExpandedetmportal.ui.managecontracts.view.Detail"}]}
RESULT: undefined
COMMAND: POST /session/0fa557d69f96d3283d48a39825366b34/execute/async - {"script":"<script> [6424 bytes]","args":[{"element-6066-11e4-a52e-4f735466cecf":"f.3F808B98CDAAA2B1E2AEFB154760237E.d.42456BD3B08FD115314376BD21E79795.e.5518"},"getText",[]]}
RESULT: {"script":"<script> [6424 bytes]","args":[{"element-6066-11e4-a52e-4f735466cecf":"f.3F808B98CDAAA2B1E2AEFB154760237E.d.42456BD3B08FD115314376BD21E79795.e.5518"},"getText",[]]}
]]></system-out>
    </testcase>
    <testcase classname="chrome.135_0_7049_42.windows.E2E_-_Logistical_and_commercial_statuses" name="Should add materialID to the contract" time="45.005">
      <system-out><![CDATA[
COMMAND: POST /session/0fa557d69f96d3283d48a39825366b34/element - {"using":"xpath","value":"//button[@data-kt=\"contractDetailEditBtnButton\"]"}
RESULT: {"using":"xpath","value":"//button[@data-kt=\"contractDetailEditBtnButton\"]"}
COMMAND: POST /session/0fa557d69f96d3283d48a39825366b34/element/f.3F808B98CDAAA2B1E2AEFB154760237E.d.42456BD3B08FD115314376BD21E79795.e.5519/click - {}
RESULT: {}
COMMAND: GET /session/0fa557d69f96d3283d48a39825366b34/screenshot - {}
RESULT: {}
COMMAND: POST /session/0fa557d69f96d3283d48a39825366b34/element - {"using":"xpath","value":"(//span[contains(text(), \"Additional Addresses\")])[2]"}
RESULT: {"using":"xpath","value":"(//span[contains(text(), \"Additional Addresses\")])[2]"}
COMMAND: POST /session/0fa557d69f96d3283d48a39825366b34/element/f.3F808B98CDAAA2B1E2AEFB154760237E.d.42456BD3B08FD115314376BD21E79795.e.5576/click - {}
RESULT: {}
COMMAND: GET /session/0fa557d69f96d3283d48a39825366b34/screenshot - {}
RESULT: {}
COMMAND: POST /session/0fa557d69f96d3283d48a39825366b34/element - {"using":"xpath","value":"//button[@data-kt=\"btnAddTableRowOverflowToolbarButton\"]"}
RESULT: {"using":"xpath","value":"//button[@data-kt=\"btnAddTableRowOverflowToolbarButton\"]"}
COMMAND: POST /session/0fa557d69f96d3283d48a39825366b34/element/f.3F808B98CDAAA2B1E2AEFB154760237E.d.42456BD3B08FD115314376BD21E79795.e.5578/click - {}
RESULT: {}
COMMAND: GET /session/0fa557d69f96d3283d48a39825366b34/screenshot - {}
RESULT: {}
COMMAND: POST /session/0fa557d69f96d3283d48a39825366b34/element - {"using":"xpath","value":"//div[(text() = 'Standard Entry' or . = 'Standard Entry')]"}
RESULT: {"using":"xpath","value":"//div[(text() = 'Standard Entry' or . = 'Standard Entry')]"}
COMMAND: POST /session/0fa557d69f96d3283d48a39825366b34/element/f.3F808B98CDAAA2B1E2AEFB154760237E.d.42456BD3B08FD115314376BD21E79795.e.5580/click - {}
RESULT: {}
COMMAND: POST /session/0fa557d69f96d3283d48a39825366b34/element - {"using":"xpath","value":"//td[6]/div/div/input[1]"}
COMMAND: GET /session/0fa557d69f96d3283d48a39825366b34/screenshot - {}
RESULT: {"using":"xpath","value":"//td[6]/div/div/input[1]"}
COMMAND: POST /session/0fa557d69f96d3283d48a39825366b34/element/f.3F808B98CDAAA2B1E2AEFB154760237E.d.42456BD3B08FD115314376BD21E79795.e.5582/click - {}
RESULT: {}
RESULT: {}
COMMAND: POST /session/0fa557d69f96d3283d48a39825366b34/actions - {"actions":[{"id":"action13","type":"key","parameters":{},"actions":[{"type":"keyDown","value":""},{"type":"pause","duration":10},{"type":"keyUp","value":""}]}]}
COMMAND: GET /session/0fa557d69f96d3283d48a39825366b34/screenshot - {}
RESULT: {"actions":[{"id":"action13","type":"key","parameters":{},"actions":[{"type":"keyDown","value":""},{"type":"pause","duration":10},{"type":"keyUp","value":""}]}]}
COMMAND: POST /session/0fa557d69f96d3283d48a39825366b34/element - {"using":"xpath","value":"//td[6]/div/div/input[1]"}
COMMAND: GET /session/0fa557d69f96d3283d48a39825366b34/screenshot - {}
RESULT: {}
RESULT: {"using":"xpath","value":"//td[6]/div/div/input[1]"}
COMMAND: POST /session/0fa557d69f96d3283d48a39825366b34/element/f.3F808B98CDAAA2B1E2AEFB154760237E.d.42456BD3B08FD115314376BD21E79795.e.5582/clear - {}
RESULT: {}
RESULT: {}
COMMAND: POST /session/0fa557d69f96d3283d48a39825366b34/element/f.3F808B98CDAAA2B1E2AEFB154760237E.d.42456BD3B08FD115314376BD21E79795.e.5582/value - {"text":"Material"}
COMMAND: GET /session/0fa557d69f96d3283d48a39825366b34/screenshot - {}
RESULT: {"text":"Material"}
COMMAND: GET /session/0fa557d69f96d3283d48a39825366b34/screenshot - {}
RESULT: {}
RESULT: {}
COMMAND: POST /session/0fa557d69f96d3283d48a39825366b34/actions - {"actions":[{"id":"action14","type":"key","parameters":{},"actions":[{"type":"keyDown","value":""},{"type":"pause","duration":10},{"type":"keyUp","value":""}]}]}
RESULT: {"actions":[{"id":"action14","type":"key","parameters":{},"actions":[{"type":"keyDown","value":""},{"type":"pause","duration":10},{"type":"keyUp","value":""}]}]}
COMMAND: GET /session/0fa557d69f96d3283d48a39825366b34/screenshot - {}
RESULT: {}
COMMAND: POST /session/0fa557d69f96d3283d48a39825366b34/actions - {"actions":[{"id":"action15","type":"key","parameters":{},"actions":[{"type":"keyDown","value":""},{"type":"pause","duration":10},{"type":"keyUp","value":""}]}]}
RESULT: {"actions":[{"id":"action15","type":"key","parameters":{},"actions":[{"type":"keyDown","value":""},{"type":"pause","duration":10},{"type":"keyUp","value":""}]}]}
COMMAND: POST /session/0fa557d69f96d3283d48a39825366b34/element - {"using":"xpath","value":"//td[7]/div/div/input"}
COMMAND: GET /session/0fa557d69f96d3283d48a39825366b34/screenshot - {}
RESULT: {"using":"xpath","value":"//td[7]/div/div/input"}
COMMAND: POST /session/0fa557d69f96d3283d48a39825366b34/element/f.3F808B98CDAAA2B1E2AEFB154760237E.d.42456BD3B08FD115314376BD21E79795.e.5595/clear - {}
RESULT: {}
RESULT: {}
COMMAND: POST /session/0fa557d69f96d3283d48a39825366b34/element/f.3F808B98CDAAA2B1E2AEFB154760237E.d.42456BD3B08FD115314376BD21E79795.e.5595/value - {"text":"WebdriverRUR2C23kknl"}
COMMAND: GET /session/0fa557d69f96d3283d48a39825366b34/screenshot - {}
RESULT: {"text":"WebdriverRUR2C23kknl"}
COMMAND: GET /session/0fa557d69f96d3283d48a39825366b34/screenshot - {}
RESULT: {}
RESULT: {}
COMMAND: POST /session/0fa557d69f96d3283d48a39825366b34/actions - {"actions":[{"id":"action16","type":"key","parameters":{},"actions":[{"type":"keyDown","value":""},{"type":"pause","duration":10},{"type":"keyUp","value":""}]}]}
RESULT: {"actions":[{"id":"action16","type":"key","parameters":{},"actions":[{"type":"keyDown","value":""},{"type":"pause","duration":10},{"type":"keyUp","value":""}]}]}
COMMAND: GET /session/0fa557d69f96d3283d48a39825366b34/screenshot - {}
RESULT: {}
COMMAND: POST /session/0fa557d69f96d3283d48a39825366b34/actions - {"actions":[{"id":"action17","type":"key","parameters":{},"actions":[{"type":"keyDown","value":""},{"type":"pause","duration":10},{"type":"keyUp","value":""}]}]}
RESULT: {"actions":[{"id":"action17","type":"key","parameters":{},"actions":[{"type":"keyDown","value":""},{"type":"pause","duration":10},{"type":"keyUp","value":""}]}]}
COMMAND: GET /session/0fa557d69f96d3283d48a39825366b34/screenshot - {}
RESULT: {}
COMMAND: POST /session/0fa557d69f96d3283d48a39825366b34/element - {"using":"xpath","value":"(//button[@data-kt=\"saveButton\"])[2]"}
RESULT: {"using":"xpath","value":"(//button[@data-kt=\"saveButton\"])[2]"}
COMMAND: POST /session/0fa557d69f96d3283d48a39825366b34/element/f.3F808B98CDAAA2B1E2AEFB154760237E.d.42456BD3B08FD115314376BD21E79795.e.5618/click - {}
RESULT: {}
COMMAND: GET /session/0fa557d69f96d3283d48a39825366b34/screenshot - {}
RESULT: {}
]]></system-out>
    </testcase>
    <testcase classname="chrome.135_0_7049_42.windows.E2E_-_Logistical_and_commercial_statuses" name="It should follow the handover steps to the status fully provided" time="340.75">
      <system-out><![CDATA[
COMMAND: POST /session/0fa557d69f96d3283d48a39825366b34/execute/async - {"script":"<script> [1562 bytes]","args":[{"selector":{"id":"contractDetailProvideButton","viewName":"etm.portal.ui.managecontracts.view.Detail","interaction":{"idSuffix":"BDI-content"}},"wdio_ui5_key":"contractDetailProvideButtonetmportal.ui.managecontracts.view.Detail"}]}
RESULT: {"script":"<script> [1562 bytes]","args":[{"selector":{"id":"contractDetailProvideButton","viewName":"etm.portal.ui.managecontracts.view.Detail","interaction":{"idSuffix":"BDI-content"}},"wdio_ui5_key":"contractDetailProvideButtonetmportal.ui.managecontracts.view.Detail"}]}
RESULT: undefined
COMMAND: POST /session/0fa557d69f96d3283d48a39825366b34/element - {"using":"xpath","value":"//*[@id=\"__xmlview61--contractDetailProvideButton\"]"}
RESULT: {"using":"xpath","value":"//*[@id=\"__xmlview61--contractDetailProvideButton\"]"}
COMMAND: POST /session/0fa557d69f96d3283d48a39825366b34/element/f.3F808B98CDAAA2B1E2AEFB154760237E.d.42456BD3B08FD115314376BD21E79795.e.5622/click - {}
RESULT: {}
COMMAND: GET /session/0fa557d69f96d3283d48a39825366b34/screenshot - {}
RESULT: {}
COMMAND: POST /session/0fa557d69f96d3283d48a39825366b34/execute/async - {"script":"<script> [1562 bytes]","args":[{"selector":{"id":"application-managehandovers-display-component---AddNewHO--oneStep","interaction":{"idSuffix":"CbBg"}},"wdio_ui5_key":"applicationmanagehandovers-display-component---AddNewHO--oneStep"}]}
RESULT: {"script":"<script> [1562 bytes]","args":[{"selector":{"id":"application-managehandovers-display-component---AddNewHO--oneStep","interaction":{"idSuffix":"CbBg"}},"wdio_ui5_key":"applicationmanagehandovers-display-component---AddNewHO--oneStep"}]}
RESULT: undefined
COMMAND: POST /session/0fa557d69f96d3283d48a39825366b34/element - {"using":"xpath","value":"//*[@id=\"application-managehandovers-display-component---AddNewHO--oneStep\"]"}
RESULT: {"using":"xpath","value":"//*[@id=\"application-managehandovers-display-component---AddNewHO--oneStep\"]"}
COMMAND: POST /session/0fa557d69f96d3283d48a39825366b34/element/f.3F808B98CDAAA2B1E2AEFB154760237E.d.42456BD3B08FD115314376BD21E79795.e.5790/click - {}
RESULT: {}
RESULT: undefined
COMMAND: POST /session/0fa557d69f96d3283d48a39825366b34/execute/async - {"script":"<script> [776 bytes]","args":[{"enterText":"04/15/25","selector":{"id":"application-managehandovers-display-component---AddNewHO--dueDate","interaction":{"idSuffix":"inner"}},"clearTextFirst":true,"interactionType":"ENTER_TEXT"}]}
COMMAND: GET /session/0fa557d69f96d3283d48a39825366b34/screenshot - {}
RESULT: {"script":"<script> [776 bytes]","args":[{"enterText":"04/15/25","selector":{"id":"application-managehandovers-display-component---AddNewHO--dueDate","interaction":{"idSuffix":"inner"}},"clearTextFirst":true,"interactionType":"ENTER_TEXT"}]}
RESULT: undefined
COMMAND: POST /session/0fa557d69f96d3283d48a39825366b34/element - {"using":"xpath","value":"//*[@id=\"application-managehandovers-display-component---AddNewHO--ObjectPageLayout-anchBar-application-managehandovers-display-component---AddNewHO--section4-anchor\"]"}
RESULT: {}
RESULT: {"using":"xpath","value":"//*[@id=\"application-managehandovers-display-component---AddNewHO--ObjectPageLayout-anchBar-application-managehandovers-display-component---AddNewHO--section4-anchor\"]"}
COMMAND: POST /session/0fa557d69f96d3283d48a39825366b34/element/f.3F808B98CDAAA2B1E2AEFB154760237E.d.42456BD3B08FD115314376BD21E79795.e.5791/click - {}
RESULT: {}
COMMAND: POST /session/0fa557d69f96d3283d48a39825366b34/execute/async - {"script":"<script> [1562 bytes]","args":[{"selector":{"controlType":"sap.ui.core.Icon","viewName":"etm.portal.ui.managehandovers.view.AddNewHO","viewId":"application-managehandovers-display-component---AddNewHO","properties":{"src":{"regex":{"source":"add"}}}},"wdio_ui5_key":"etmportal.ui.managehandovers.view.AddNewHOsap.ui.core.Icon{\"src\":{\"regex\":{\"source\":\"add\"}}}"}]}
COMMAND: GET /session/0fa557d69f96d3283d48a39825366b34/screenshot - {}
RESULT: {"script":"<script> [1562 bytes]","args":[{"selector":{"controlType":"sap.ui.core.Icon","viewName":"etm.portal.ui.managehandovers.view.AddNewHO","viewId":"application-managehandovers-display-component---AddNewHO","properties":{"src":{"regex":{"source":"add"}}}},"wdio_ui5_key":"etmportal.ui.managehandovers.view.AddNewHOsap.ui.core.Icon{\"src\":{\"regex\":{\"source\":\"add\"}}}"}]}
RESULT: undefined
COMMAND: POST /session/0fa557d69f96d3283d48a39825366b34/element - {"using":"xpath","value":"//*[@id=\"__button152-img\"]"}
RESULT: {}
RESULT: {"using":"xpath","value":"//*[@id=\"__button152-img\"]"}
COMMAND: POST /session/0fa557d69f96d3283d48a39825366b34/element/f.3F808B98CDAAA2B1E2AEFB154760237E.d.42456BD3B08FD115314376BD21E79795.e.5795/click - {}
RESULT: {}
COMMAND: GET /session/0fa557d69f96d3283d48a39825366b34/screenshot - {}
RESULT: {}
RESULT: undefined
COMMAND: POST /session/0fa557d69f96d3283d48a39825366b34/element - {"using":"xpath","value":"//*[@id=\"application-managehandovers-display-component---AddNewHO--popup-sa\"]"}
RESULT: {"using":"xpath","value":"//*[@id=\"application-managehandovers-display-component---AddNewHO--popup-sa\"]"}
COMMAND: POST /session/0fa557d69f96d3283d48a39825366b34/element/f.3F808B98CDAAA2B1E2AEFB154760237E.d.42456BD3B08FD115314376BD21E79795.e.5813/click - {}
RESULT: {}
COMMAND: POST /session/0fa557d69f96d3283d48a39825366b34/execute/async - {"script":"<script> [1562 bytes]","args":[{"selector":{"controlType":"sap.m.Button","viewName":"etm.portal.ui.managehandovers.view.AddNewHO","viewId":"application-managehandovers-display-component---AddNewHO","i18NText":{"propertyName":"text","key":"select"},"searchOpenDialogs":true,"interaction":{"idSuffix":"inner"}},"wdio_ui5_key":"etmportal.ui.managehandovers.view.AddNewHOsap.m.Button{\"propertyName\":\"text\",\"key\":\"select\"}"}]}
COMMAND: GET /session/0fa557d69f96d3283d48a39825366b34/screenshot - {}
RESULT: {"script":"<script> [1562 bytes]","args":[{"selector":{"controlType":"sap.m.Button","viewName":"etm.portal.ui.managehandovers.view.AddNewHO","viewId":"application-managehandovers-display-component---AddNewHO","i18NText":{"propertyName":"text","key":"select"},"searchOpenDialogs":true,"interaction":{"idSuffix":"inner"}},"wdio_ui5_key":"etmportal.ui.managehandovers.view.AddNewHOsap.m.Button{\"propertyName\":\"text\",\"key\":\"select\"}"}]}
RESULT: undefined
COMMAND: POST /session/0fa557d69f96d3283d48a39825366b34/element - {"using":"xpath","value":"//*[@id=\"__button156\"]"}
RESULT: {}
RESULT: {"using":"xpath","value":"//*[@id=\"__button156\"]"}
COMMAND: POST /session/0fa557d69f96d3283d48a39825366b34/element/f.3F808B98CDAAA2B1E2AEFB154760237E.d.42456BD3B08FD115314376BD21E79795.e.5815/click - {}
RESULT: {}
COMMAND: POST /session/0fa557d69f96d3283d48a39825366b34/execute/async - {"script":"<script> [1562 bytes]","args":[{"selector":{"id":"application-managehandovers-display-component---AddNewHO--confirmCreationButton","interaction":{"idSuffix":"BDI-content"}},"wdio_ui5_key":"applicationmanagehandovers-display-component---AddNewHO--confirmCreationButton"}]}
COMMAND: GET /session/0fa557d69f96d3283d48a39825366b34/screenshot - {}
RESULT: {"script":"<script> [1562 bytes]","args":[{"selector":{"id":"application-managehandovers-display-component---AddNewHO--confirmCreationButton","interaction":{"idSuffix":"BDI-content"}},"wdio_ui5_key":"applicationmanagehandovers-display-component---AddNewHO--confirmCreationButton"}]}
RESULT: undefined
COMMAND: POST /session/0fa557d69f96d3283d48a39825366b34/element - {"using":"xpath","value":"//*[@id=\"application-managehandovers-display-component---AddNewHO--confirmCreationButton\"]"}
RESULT: {}
RESULT: {"using":"xpath","value":"//*[@id=\"application-managehandovers-display-component---AddNewHO--confirmCreationButton\"]"}
COMMAND: POST /session/0fa557d69f96d3283d48a39825366b34/element/f.3F808B98CDAAA2B1E2AEFB154760237E.d.42456BD3B08FD115314376BD21E79795.e.5753/click - {}
RESULT: {}
COMMAND: GET /session/0fa557d69f96d3283d48a39825366b34/screenshot - {}
RESULT: {}
COMMAND: POST /session/0fa557d69f96d3283d48a39825366b34/element - {"using":"xpath","value":"//a[contains(@data-kt ,\"GeneralSectionReceiveContracttLink\")]"}
RESULT: {"using":"xpath","value":"//a[contains(@data-kt ,\"GeneralSectionReceiveContracttLink\")]"}
COMMAND: POST /session/0fa557d69f96d3283d48a39825366b34/element/f.3F808B98CDAAA2B1E2AEFB154760237E.d.42456BD3B08FD115314376BD21E79795.e.5859/click - {}
RESULT: {}
COMMAND: GET /session/0fa557d69f96d3283d48a39825366b34/screenshot - {}
RESULT: {}
COMMAND: POST /session/0fa557d69f96d3283d48a39825366b34/element - {"using":"xpath","value":"//a[contains(@data-kt ,\"ContextMenuId2Link\")]"}
RESULT: {"using":"xpath","value":"//a[contains(@data-kt ,\"ContextMenuId2Link\")]"}
COMMAND: POST /session/0fa557d69f96d3283d48a39825366b34/element/f.3F808B98CDAAA2B1E2AEFB154760237E.d.42456BD3B08FD115314376BD21E79795.e.5868/click - {}
RESULT: undefined
RESULT: undefined
RESULT: {}
COMMAND: GET /session/0fa557d69f96d3283d48a39825366b34/screenshot - {}
RESULT: {}
COMMAND: POST /session/0fa557d69f96d3283d48a39825366b34/execute/async - {"script":"<script> [1562 bytes]","args":[{"selector":{"controlType":"sap.m.ObjectStatus","viewName":"etm.portal.ui.managecontracts.view.Detail","bindingPath":{"propertyPath":"LINK_TO_LOGISTICAL_STATUS/DESCRIPTION","modelName":"catalogModel"}},"wdio_ui5_key":"etmportal.ui.managecontracts.view.Detailsap.m.ObjectStatus{\"propertyPath\":\"LINK_TO_LOGISTICAL_STATUS/DESCRIPTION\",\"modelName\":\"catalogModel\"}"}]}
RESULT: {"script":"<script> [1562 bytes]","args":[{"selector":{"controlType":"sap.m.ObjectStatus","viewName":"etm.portal.ui.managecontracts.view.Detail","bindingPath":{"propertyPath":"LINK_TO_LOGISTICAL_STATUS/DESCRIPTION","modelName":"catalogModel"}},"wdio_ui5_key":"etmportal.ui.managecontracts.view.Detailsap.m.ObjectStatus{\"propertyPath\":\"LINK_TO_LOGISTICAL_STATUS/DESCRIPTION\",\"modelName\":\"catalogModel\"}"}]}
RESULT: undefined
COMMAND: POST /session/0fa557d69f96d3283d48a39825366b34/execute/async - {"script":"<script> [6424 bytes]","args":[{"element-6066-11e4-a52e-4f735466cecf":"f.3F808B98CDAAA2B1E2AEFB154760237E.d.42456BD3B08FD115314376BD21E79795.e.6060"},"getText",[]]}
RESULT: {"script":"<script> [6424 bytes]","args":[{"element-6066-11e4-a52e-4f735466cecf":"f.3F808B98CDAAA2B1E2AEFB154760237E.d.42456BD3B08FD115314376BD21E79795.e.6060"},"getText",[]]}
COMMAND: POST /session/0fa557d69f96d3283d48a39825366b34/execute/async - {"script":"<script> [1562 bytes]","args":[{"selector":{"controlType":"sap.m.ObjectStatus","viewName":"etm.portal.ui.managecontracts.view.Detail","bindingPath":{"propertyPath":"LINK_TO_COMMERCIAL_STATUS/DESCRIPTION","modelName":"catalogModel"}},"wdio_ui5_key":"etmportal.ui.managecontracts.view.Detailsap.m.ObjectStatus{\"propertyPath\":\"LINK_TO_COMMERCIAL_STATUS/DESCRIPTION\",\"modelName\":\"catalogModel\"}"}]}
RESULT: {"script":"<script> [1562 bytes]","args":[{"selector":{"controlType":"sap.m.ObjectStatus","viewName":"etm.portal.ui.managecontracts.view.Detail","bindingPath":{"propertyPath":"LINK_TO_COMMERCIAL_STATUS/DESCRIPTION","modelName":"catalogModel"}},"wdio_ui5_key":"etmportal.ui.managecontracts.view.Detailsap.m.ObjectStatus{\"propertyPath\":\"LINK_TO_COMMERCIAL_STATUS/DESCRIPTION\",\"modelName\":\"catalogModel\"}"}]}
RESULT: undefined
COMMAND: POST /session/0fa557d69f96d3283d48a39825366b34/execute/async - {"script":"<script> [6424 bytes]","args":[{"element-6066-11e4-a52e-4f735466cecf":"f.3F808B98CDAAA2B1E2AEFB154760237E.d.42456BD3B08FD115314376BD21E79795.e.6061"},"getText",[]]}
RESULT: {"script":"<script> [6424 bytes]","args":[{"element-6066-11e4-a52e-4f735466cecf":"f.3F808B98CDAAA2B1E2AEFB154760237E.d.42456BD3B08FD115314376BD21E79795.e.6061"},"getText",[]]}
COMMAND: POST /session/0fa557d69f96d3283d48a39825366b34/execute/async - {"script":"<script> [1562 bytes]","args":[{"selector":{"id":"backBtn"},"wdio_ui5_key":"backBtn"}]}
RESULT: {"script":"<script> [1562 bytes]","args":[{"selector":{"id":"backBtn"},"wdio_ui5_key":"backBtn"}]}
RESULT: undefined
COMMAND: POST /session/0fa557d69f96d3283d48a39825366b34/element - {"using":"xpath","value":"//*[@id=\"backBtn\"]"}
RESULT: {"using":"xpath","value":"//*[@id=\"backBtn\"]"}
COMMAND: POST /session/0fa557d69f96d3283d48a39825366b34/element/f.3F808B98CDAAA2B1E2AEFB154760237E.d.42456BD3B08FD115314376BD21E79795.e.6062/click - {}
RESULT: {}
COMMAND: GET /session/0fa557d69f96d3283d48a39825366b34/screenshot - {}
COMMAND: POST /session/0fa557d69f96d3283d48a39825366b34/execute/async - {"script":"<script> [1562 bytes]","args":[{"selector":{"controlType":"sap.m.Text","viewName":"etm.portal.ui.managehandovers.view.DetailExecuteHO","bindingPath":{"propertyPath":"NO","modelName":"catalogModel"}},"wdio_ui5_key":"etmportal.ui.managehandovers.view.DetailExecuteHOsap.m.Text{\"propertyPath\":\"NO\",\"modelName\":\"catalogModel\"}"}]}
RESULT: {}
RESULT: {"script":"<script> [1562 bytes]","args":[{"selector":{"controlType":"sap.m.Text","viewName":"etm.portal.ui.managehandovers.view.DetailExecuteHO","bindingPath":{"propertyPath":"NO","modelName":"catalogModel"}},"wdio_ui5_key":"etmportal.ui.managehandovers.view.DetailExecuteHOsap.m.Text{\"propertyPath\":\"NO\",\"modelName\":\"catalogModel\"}"}]}
RESULT: undefined
COMMAND: POST /session/0fa557d69f96d3283d48a39825366b34/execute/async - {"script":"<script> [6424 bytes]","args":[{"element-6066-11e4-a52e-4f735466cecf":"f.3F808B98CDAAA2B1E2AEFB154760237E.d.42456BD3B08FD115314376BD21E79795.e.6216"},"getText",[]]}
RESULT: {"script":"<script> [6424 bytes]","args":[{"element-6066-11e4-a52e-4f735466cecf":"f.3F808B98CDAAA2B1E2AEFB154760237E.d.42456BD3B08FD115314376BD21E79795.e.6216"},"getText",[]]}
COMMAND: POST /session/0fa557d69f96d3283d48a39825366b34/execute/async - {"script":"<script> [1562 bytes]","args":[{"selector":{"controlType":"sap.m.Button","viewName":"etm.portal.ui.managehandovers.view.DetailExecuteHO","i18NText":{"propertyName":"text","key":"confirmAll"},"interaction":{"idSuffix":"inner"}},"wdio_ui5_key":"etmportal.ui.managehandovers.view.DetailExecuteHOsap.m.Button{\"propertyName\":\"text\",\"key\":\"confirmAll\"}"}]}
RESULT: {"script":"<script> [1562 bytes]","args":[{"selector":{"controlType":"sap.m.Button","viewName":"etm.portal.ui.managehandovers.view.DetailExecuteHO","i18NText":{"propertyName":"text","key":"confirmAll"},"interaction":{"idSuffix":"inner"}},"wdio_ui5_key":"etmportal.ui.managehandovers.view.DetailExecuteHOsap.m.Button{\"propertyName\":\"text\",\"key\":\"confirmAll\"}"}]}
RESULT: undefined
COMMAND: POST /session/0fa557d69f96d3283d48a39825366b34/element - {"using":"xpath","value":"//*[@id=\"__button239\"]"}
RESULT: {"using":"xpath","value":"//*[@id=\"__button239\"]"}
COMMAND: POST /session/0fa557d69f96d3283d48a39825366b34/element/f.3F808B98CDAAA2B1E2AEFB154760237E.d.42456BD3B08FD115314376BD21E79795.e.6218/click - {}
RESULT: {}
COMMAND: GET /session/0fa557d69f96d3283d48a39825366b34/screenshot - {}
RESULT: {}
COMMAND: POST /session/0fa557d69f96d3283d48a39825366b34/execute/async - {"script":"<script> [1562 bytes]","args":[{"selector":{"controlType":"sap.m.Button","properties":{"text":"OK"},"searchOpenDialogs":true,"interaction":{"idSuffix":"content"}},"wdio_ui5_key":"sapm.Button{\"text\":\"OK\"}"}]}
RESULT: {"script":"<script> [1562 bytes]","args":[{"selector":{"controlType":"sap.m.Button","properties":{"text":"OK"},"searchOpenDialogs":true,"interaction":{"idSuffix":"content"}},"wdio_ui5_key":"sapm.Button{\"text\":\"OK\"}"}]}
RESULT: undefined
COMMAND: POST /session/0fa557d69f96d3283d48a39825366b34/element - {"using":"xpath","value":"//*[@id=\"__mbox-btn-2\"]"}
RESULT: {"using":"xpath","value":"//*[@id=\"__mbox-btn-2\"]"}
COMMAND: POST /session/0fa557d69f96d3283d48a39825366b34/element/f.3F808B98CDAAA2B1E2AEFB154760237E.d.42456BD3B08FD115314376BD21E79795.e.6221/click - {}
RESULT: {}
COMMAND: GET /session/0fa557d69f96d3283d48a39825366b34/screenshot - {}
RESULT: {}
COMMAND: POST /session/0fa557d69f96d3283d48a39825366b34/element - {"using":"xpath","value":"//button[contains(@data-kt ,\"execHoPickFooterButton\")]"}
RESULT: {"using":"xpath","value":"//button[contains(@data-kt ,\"execHoPickFooterButton\")]"}
COMMAND: POST /session/0fa557d69f96d3283d48a39825366b34/element/f.3F808B98CDAAA2B1E2AEFB154760237E.d.42456BD3B08FD115314376BD21E79795.e.6224/click - {}
RESULT: {}
COMMAND: GET /session/0fa557d69f96d3283d48a39825366b34/screenshot - {}
RESULT: {}
COMMAND: POST /session/0fa557d69f96d3283d48a39825366b34/refresh - {}
RESULT: {}
COMMAND: GET /session/0fa557d69f96d3283d48a39825366b34/screenshot - {}
RESULT: {}
COMMAND: POST /session/0fa557d69f96d3283d48a39825366b34/refresh - {}
RESULT: {}
COMMAND: GET /session/0fa557d69f96d3283d48a39825366b34/screenshot - {}
RESULT: {}
COMMAND: POST /session/0fa557d69f96d3283d48a39825366b34/execute/async - {"script":"<script> [189 bytes]","args":[]}
RESULT: {"script":"<script> [189 bytes]","args":[]}
COMMAND: POST /session/0fa557d69f96d3283d48a39825366b34/execute/async - {"script":"<script> [123 bytes]","args":[]}
RESULT: {"script":"<script> [123 bytes]","args":[]}
COMMAND: POST /session/0fa557d69f96d3283d48a39825366b34/timeouts - {"script":"<number>"}
RESULT: {"script":"<number>"}
COMMAND: GET /session/0fa557d69f96d3283d48a39825366b34/timeouts - {}
RESULT: {}
RESULT: undefined
COMMAND: POST /session/0fa557d69f96d3283d48a39825366b34/execute/async - {"script":"<script> [2676 bytes]","args":[]}
RESULT: {"script":"<script> [2676 bytes]","args":[]}
COMMAND: POST /session/0fa557d69f96d3283d48a39825366b34/execute/async - {"script":"<script> [2342 bytes]","args":[{"protocol":"http","hostname":"0.0.0.0","path":"/","capabilities":{"browserName":"chrome","goog:chromeOptions":{"binary":"C:\\Program Files\\Google\\Chrome\\Application\\chrome.exe","args":["--start-maximized"]}},"logLevel":"warn","connectionRetryTimeout":120000,"connectionRetryCount":3,"logLevels":{},"enableDirectConnect":true,"strictSSL":true,"_":"65 more keys: [\"cacheDir\",\"port\",\"requestedCapabilities\",\"automationProtocol\",\"baseUrl\",\"waitforInterval\",\"waitforTimeout\",\"onReload\",\"beforeCommand\",\"afterCommand\",\"rootDir\",\"specs\",\"suites\",\"exclude\",\"groupLogsByTestSpec\",\"excludeDriverLogs\",\"bail\",\"framework\",\"reporters\",\"services\",\"maxInstances\",\"maxInstancesPerCapability\",\"injectGlobals\",\"filesToWatch\",\"execArgv\",\"runnerEnv\",\"runner\",\"shard\",\"specFileRetries\",\"specFileRetriesDelay\",\"specFileRetriesDeferred\",\"reporterSyncInterval\",\"reporterSyncTimeout\",\"cucumberFeaturesWithLineNumbers\",\"autoCompileOpts\",\"mochaOpts\",\"jasmineOpts\",\"cucumberOpts\",\"onPrepare\",\"onWorkerStart\",\"onWorkerEnd\",\"before\",\"beforeSession\",\"beforeSuite\",\"beforeHook\",\"beforeTest\",\"afterTest\",\"afterHook\",\"afterSuite\",\"afterSession\",\"after\",\"onComplete\",\"beforeAssertion\",\"afterAssertion\",\"beforeFeature\",\"beforeScenario\",\"beforeStep\",\"afterStep\",\"afterScenario\",\"afterFeature\",\"_\",\"suite\",\"$0\",\"ignoredWorkerServices\",\"wdi5\"]"}]}
RESULT: {"script":"<script> [2342 bytes]","args":[{"protocol":"http","hostname":"0.0.0.0","path":"/","capabilities":{"browserName":"chrome","goog:chromeOptions":{"binary":"C:\\Program Files\\Google\\Chrome\\Application\\chrome.exe","args":["--start-maximized"]}},"logLevel":"warn","connectionRetryTimeout":120000,"connectionRetryCount":3,"logLevels":{},"enableDirectConnect":true,"strictSSL":true,"_":"65 more keys: [\"cacheDir\",\"port\",\"requestedCapabilities\",\"automationProtocol\",\"baseUrl\",\"waitforInterval\",\"waitforTimeout\",\"onReload\",\"beforeCommand\",\"afterCommand\",\"rootDir\",\"specs\",\"suites\",\"exclude\",\"groupLogsByTestSpec\",\"excludeDriverLogs\",\"bail\",\"framework\",\"reporters\",\"services\",\"maxInstances\",\"maxInstancesPerCapability\",\"injectGlobals\",\"filesToWatch\",\"execArgv\",\"runnerEnv\",\"runner\",\"shard\",\"specFileRetries\",\"specFileRetriesDelay\",\"specFileRetriesDeferred\",\"reporterSyncInterval\",\"reporterSyncTimeout\",\"cucumberFeaturesWithLineNumbers\",\"autoCompileOpts\",\"mochaOpts\",\"jasmineOpts\",\"cucumberOpts\",\"onPrepare\",\"onWorkerStart\",\"onWorkerEnd\",\"before\",\"beforeSession\",\"beforeSuite\",\"beforeHook\",\"beforeTest\",\"afterTest\",\"afterHook\",\"afterSuite\",\"afterSession\",\"after\",\"onComplete\",\"beforeAssertion\",\"afterAssertion\",\"beforeFeature\",\"beforeScenario\",\"beforeStep\",\"afterStep\",\"afterScenario\",\"afterFeature\",\"_\",\"suite\",\"$0\",\"ignoredWorkerServices\",\"wdi5\"]"}]}
COMMAND: POST /session/0fa557d69f96d3283d48a39825366b34/execute/async - {"script":"<script> [21126 bytes]","args":[35000]}
RESULT: {"script":"<script> [21126 bytes]","args":[35000]}
COMMAND: POST /session/0fa557d69f96d3283d48a39825366b34/execute/async - {"script":"<script> [1562 bytes]","args":[{"selector":{"controlType":"sap.m.SearchField","viewName":"etm.portal.ui.managehandovers.view.MasterHO","bindingPath":{"path":"","propertyPath":"/_BASIC_SEARCH_FIELD","modelName":"fi1t3rM0d31"},"interaction":{"idSuffix":"I"}},"wdio_ui5_key":"etmportal.ui.managehandovers.view.MasterHOsap.m.SearchField{\"path\":\"\",\"propertyPath\":\"/_BASIC_SEARCH_FIELD\",\"modelName\":\"fi1t3rM0d31\"}"}]}
RESULT: {"script":"<script> [1562 bytes]","args":[{"selector":{"controlType":"sap.m.SearchField","viewName":"etm.portal.ui.managehandovers.view.MasterHO","bindingPath":{"path":"","propertyPath":"/_BASIC_SEARCH_FIELD","modelName":"fi1t3rM0d31"},"interaction":{"idSuffix":"I"}},"wdio_ui5_key":"etmportal.ui.managehandovers.view.MasterHOsap.m.SearchField{\"path\":\"\",\"propertyPath\":\"/_BASIC_SEARCH_FIELD\",\"modelName\":\"fi1t3rM0d31\"}"}]}
RESULT: undefined
COMMAND: POST /session/0fa557d69f96d3283d48a39825366b34/execute/async - {"script":"<script> [776 bytes]","args":[{"enterText":"30520","selector":{"controlType":"sap.m.SearchField","viewName":"etm.portal.ui.managehandovers.view.MasterHO","bindingPath":{"path":"","propertyPath":"/_BASIC_SEARCH_FIELD","modelName":"fi1t3rM0d31"},"interaction":{"idSuffix":"I"}},"clearTextFirst":true,"interactionType":"ENTER_TEXT"}]}
RESULT: {"script":"<script> [776 bytes]","args":[{"enterText":"30520","selector":{"controlType":"sap.m.SearchField","viewName":"etm.portal.ui.managehandovers.view.MasterHO","bindingPath":{"path":"","propertyPath":"/_BASIC_SEARCH_FIELD","modelName":"fi1t3rM0d31"},"interaction":{"idSuffix":"I"}},"clearTextFirst":true,"interactionType":"ENTER_TEXT"}]}
COMMAND: POST /session/0fa557d69f96d3283d48a39825366b34/actions - {"actions":[{"id":"action18","type":"key","parameters":{},"actions":[{"type":"keyDown","value":""},{"type":"pause","duration":10},{"type":"keyUp","value":""}]}]}
RESULT: {"actions":[{"id":"action18","type":"key","parameters":{},"actions":[{"type":"keyDown","value":""},{"type":"pause","duration":10},{"type":"keyUp","value":""}]}]}
COMMAND: GET /session/0fa557d69f96d3283d48a39825366b34/screenshot - {}
RESULT: {}
COMMAND: POST /session/0fa557d69f96d3283d48a39825366b34/execute/async - {"script":"<script> [1562 bytes]","args":[{"selector":{"controlType":"sap.m.Title","viewName":"etm.portal.ui.managehandovers.view.MasterHO","properties":{"text":"Records (1)"}},"wdio_ui5_key":"etmportal.ui.managehandovers.view.MasterHOsap.m.Title{\"text\":\"Records (1)\"}"}]}
RESULT: {"script":"<script> [1562 bytes]","args":[{"selector":{"controlType":"sap.m.Title","viewName":"etm.portal.ui.managehandovers.view.MasterHO","properties":{"text":"Records (1)"}},"wdio_ui5_key":"etmportal.ui.managehandovers.view.MasterHOsap.m.Title{\"text\":\"Records (1)\"}"}]}
RESULT: undefined
COMMAND: POST /session/0fa557d69f96d3283d48a39825366b34/execute/async - {"script":"<script> [6424 bytes]","args":[{"element-6066-11e4-a52e-4f735466cecf":"f.3F808B98CDAAA2B1E2AEFB154760237E.d.45E599A93FBD6A991448C5EEB8640EB1.e.6501"},"getText",[]]}
RESULT: {"script":"<script> [6424 bytes]","args":[{"element-6066-11e4-a52e-4f735466cecf":"f.3F808B98CDAAA2B1E2AEFB154760237E.d.45E599A93FBD6A991448C5EEB8640EB1.e.6501"},"getText",[]]}
COMMAND: POST /session/0fa557d69f96d3283d48a39825366b34/execute/async - {"script":"<script> [1562 bytes]","args":[{"selector":{"controlType":"sap.ui.core.Icon","viewName":"etm.portal.ui.managehandovers.view.MasterHO","properties":{"src":{"regex":{"source":"slim\\-arrow\\-right"}}}},"wdio_ui5_key":"etmportal.ui.managehandovers.view.MasterHOsap.ui.core.Icon{\"src\":{\"regex\":{\"source\":\"slim\\\\-arrow\\\\-right\"}}}"}]}
RESULT: {"script":"<script> [1562 bytes]","args":[{"selector":{"controlType":"sap.ui.core.Icon","viewName":"etm.portal.ui.managehandovers.view.MasterHO","properties":{"src":{"regex":{"source":"slim\\-arrow\\-right"}}}},"wdio_ui5_key":"etmportal.ui.managehandovers.view.MasterHOsap.ui.core.Icon{\"src\":{\"regex\":{\"source\":\"slim\\\\-arrow\\\\-right\"}}}"}]}
RESULT: undefined
COMMAND: POST /session/0fa557d69f96d3283d48a39825366b34/element - {"using":"xpath","value":"//*[@id=\"__item18-__clone16-imgNav\"]"}
RESULT: {"using":"xpath","value":"//*[@id=\"__item18-__clone16-imgNav\"]"}
COMMAND: POST /session/0fa557d69f96d3283d48a39825366b34/element/f.3F808B98CDAAA2B1E2AEFB154760237E.d.45E599A93FBD6A991448C5EEB8640EB1.e.6500/click - {}
RESULT: {}
COMMAND: GET /session/0fa557d69f96d3283d48a39825366b34/screenshot - {}
RESULT: {}
COMMAND: POST /session/0fa557d69f96d3283d48a39825366b34/element - {"using":"xpath","value":"//a[contains(@data-kt ,\"GeneralSectionReceiveContracttLink\")]"}
RESULT: {"using":"xpath","value":"//a[contains(@data-kt ,\"GeneralSectionReceiveContracttLink\")]"}
COMMAND: POST /session/0fa557d69f96d3283d48a39825366b34/element/f.3F808B98CDAAA2B1E2AEFB154760237E.d.45E599A93FBD6A991448C5EEB8640EB1.e.6602/click - {}
RESULT: {}
COMMAND: GET /session/0fa557d69f96d3283d48a39825366b34/screenshot - {}
RESULT: {}
COMMAND: POST /session/0fa557d69f96d3283d48a39825366b34/element - {"using":"xpath","value":"//a[contains(@data-kt ,\"ContextMenuId2Link\")]"}
RESULT: {"using":"xpath","value":"//a[contains(@data-kt ,\"ContextMenuId2Link\")]"}
COMMAND: POST /session/0fa557d69f96d3283d48a39825366b34/element/f.3F808B98CDAAA2B1E2AEFB154760237E.d.45E599A93FBD6A991448C5EEB8640EB1.e.6605/click - {}
RESULT: {}
COMMAND: GET /session/0fa557d69f96d3283d48a39825366b34/screenshot - {}
RESULT: {}
RESULT: undefined
RESULT: undefined
COMMAND: POST /session/0fa557d69f96d3283d48a39825366b34/execute/async - {"script":"<script> [1562 bytes]","args":[{"selector":{"controlType":"sap.m.ObjectStatus","viewName":"etm.portal.ui.managecontracts.view.Detail","bindingPath":{"propertyPath":"LINK_TO_LOGISTICAL_STATUS/DESCRIPTION","modelName":"catalogModel"}},"wdio_ui5_key":"etmportal.ui.managecontracts.view.Detailsap.m.ObjectStatus{\"propertyPath\":\"LINK_TO_LOGISTICAL_STATUS/DESCRIPTION\",\"modelName\":\"catalogModel\"}"}]}
RESULT: {"script":"<script> [1562 bytes]","args":[{"selector":{"controlType":"sap.m.ObjectStatus","viewName":"etm.portal.ui.managecontracts.view.Detail","bindingPath":{"propertyPath":"LINK_TO_LOGISTICAL_STATUS/DESCRIPTION","modelName":"catalogModel"}},"wdio_ui5_key":"etmportal.ui.managecontracts.view.Detailsap.m.ObjectStatus{\"propertyPath\":\"LINK_TO_LOGISTICAL_STATUS/DESCRIPTION\",\"modelName\":\"catalogModel\"}"}]}
RESULT: undefined
COMMAND: POST /session/0fa557d69f96d3283d48a39825366b34/execute/async - {"script":"<script> [6424 bytes]","args":[{"element-6066-11e4-a52e-4f735466cecf":"f.3F808B98CDAAA2B1E2AEFB154760237E.d.45E599A93FBD6A991448C5EEB8640EB1.e.6827"},"getText",[]]}
RESULT: {"script":"<script> [6424 bytes]","args":[{"element-6066-11e4-a52e-4f735466cecf":"f.3F808B98CDAAA2B1E2AEFB154760237E.d.45E599A93FBD6A991448C5EEB8640EB1.e.6827"},"getText",[]]}
COMMAND: POST /session/0fa557d69f96d3283d48a39825366b34/execute/async - {"script":"<script> [1562 bytes]","args":[{"selector":{"controlType":"sap.m.ObjectStatus","viewName":"etm.portal.ui.managecontracts.view.Detail","bindingPath":{"propertyPath":"LINK_TO_COMMERCIAL_STATUS/DESCRIPTION","modelName":"catalogModel"}},"wdio_ui5_key":"etmportal.ui.managecontracts.view.Detailsap.m.ObjectStatus{\"propertyPath\":\"LINK_TO_COMMERCIAL_STATUS/DESCRIPTION\",\"modelName\":\"catalogModel\"}"}]}
RESULT: {"script":"<script> [1562 bytes]","args":[{"selector":{"controlType":"sap.m.ObjectStatus","viewName":"etm.portal.ui.managecontracts.view.Detail","bindingPath":{"propertyPath":"LINK_TO_COMMERCIAL_STATUS/DESCRIPTION","modelName":"catalogModel"}},"wdio_ui5_key":"etmportal.ui.managecontracts.view.Detailsap.m.ObjectStatus{\"propertyPath\":\"LINK_TO_COMMERCIAL_STATUS/DESCRIPTION\",\"modelName\":\"catalogModel\"}"}]}
RESULT: undefined
COMMAND: POST /session/0fa557d69f96d3283d48a39825366b34/execute/async - {"script":"<script> [6424 bytes]","args":[{"element-6066-11e4-a52e-4f735466cecf":"f.3F808B98CDAAA2B1E2AEFB154760237E.d.45E599A93FBD6A991448C5EEB8640EB1.e.6828"},"getText",[]]}
RESULT: {"script":"<script> [6424 bytes]","args":[{"element-6066-11e4-a52e-4f735466cecf":"f.3F808B98CDAAA2B1E2AEFB154760237E.d.45E599A93FBD6A991448C5EEB8640EB1.e.6828"},"getText",[]]}
COMMAND: POST /session/0fa557d69f96d3283d48a39825366b34/execute/async - {"script":"<script> [1562 bytes]","args":[{"selector":{"id":"backBtn"},"wdio_ui5_key":"backBtn"}]}
RESULT: {"script":"<script> [1562 bytes]","args":[{"selector":{"id":"backBtn"},"wdio_ui5_key":"backBtn"}]}
RESULT: undefined
COMMAND: POST /session/0fa557d69f96d3283d48a39825366b34/element - {"using":"xpath","value":"//*[@id=\"backBtn\"]"}
RESULT: {"using":"xpath","value":"//*[@id=\"backBtn\"]"}
COMMAND: POST /session/0fa557d69f96d3283d48a39825366b34/element/f.3F808B98CDAAA2B1E2AEFB154760237E.d.45E599A93FBD6A991448C5EEB8640EB1.e.6829/click - {}
RESULT: {}
COMMAND: GET /session/0fa557d69f96d3283d48a39825366b34/screenshot - {}
RESULT: {}
COMMAND: POST /session/0fa557d69f96d3283d48a39825366b34/execute/async - {"script":"<script> [1562 bytes]","args":[{"selector":{"controlType":"sap.m.Button","viewName":"etm.portal.ui.managehandovers.view.DetailExecuteHO","i18NText":{"propertyName":"text","key":"confirmAll"},"interaction":{"idSuffix":"BDI-content"}},"wdio_ui5_key":"etmportal.ui.managehandovers.view.DetailExecuteHOsap.m.Button{\"propertyName\":\"text\",\"key\":\"confirmAll\"}"}]}
RESULT: {"script":"<script> [1562 bytes]","args":[{"selector":{"controlType":"sap.m.Button","viewName":"etm.portal.ui.managehandovers.view.DetailExecuteHO","i18NText":{"propertyName":"text","key":"confirmAll"},"interaction":{"idSuffix":"BDI-content"}},"wdio_ui5_key":"etmportal.ui.managehandovers.view.DetailExecuteHOsap.m.Button{\"propertyName\":\"text\",\"key\":\"confirmAll\"}"}]}
RESULT: undefined
COMMAND: POST /session/0fa557d69f96d3283d48a39825366b34/element - {"using":"xpath","value":"//*[@id=\"__button84\"]"}
RESULT: {"using":"xpath","value":"//*[@id=\"__button84\"]"}
COMMAND: POST /session/0fa557d69f96d3283d48a39825366b34/element/f.3F808B98CDAAA2B1E2AEFB154760237E.d.45E599A93FBD6A991448C5EEB8640EB1.e.6966/click - {}
RESULT: {}
COMMAND: GET /session/0fa557d69f96d3283d48a39825366b34/screenshot - {}
RESULT: {}
COMMAND: POST /session/0fa557d69f96d3283d48a39825366b34/execute/async - {"script":"<script> [1562 bytes]","args":[{"selector":{"controlType":"sap.m.Button","properties":{"text":"OK"},"searchOpenDialogs":true,"interaction":{"idSuffix":"inner"}},"wdio_ui5_key":"sapm.Button{\"text\":\"OK\"}"}]}
RESULT: {"script":"<script> [1562 bytes]","args":[{"selector":{"controlType":"sap.m.Button","properties":{"text":"OK"},"searchOpenDialogs":true,"interaction":{"idSuffix":"inner"}},"wdio_ui5_key":"sapm.Button{\"text\":\"OK\"}"}]}
RESULT: undefined
COMMAND: POST /session/0fa557d69f96d3283d48a39825366b34/element - {"using":"xpath","value":"//*[@id=\"__mbox-btn-0\"]"}
RESULT: {"using":"xpath","value":"//*[@id=\"__mbox-btn-0\"]"}
COMMAND: POST /session/0fa557d69f96d3283d48a39825366b34/element/f.3F808B98CDAAA2B1E2AEFB154760237E.d.45E599A93FBD6A991448C5EEB8640EB1.e.6972/click - {}
RESULT: {}
COMMAND: GET /session/0fa557d69f96d3283d48a39825366b34/screenshot - {}
RESULT: {}
COMMAND: POST /session/0fa557d69f96d3283d48a39825366b34/element - {"using":"xpath","value":"//button[contains(@data-kt ,\"execHoIssueFooterButton\")]"}
RESULT: {"using":"xpath","value":"//button[contains(@data-kt ,\"execHoIssueFooterButton\")]"}
COMMAND: POST /session/0fa557d69f96d3283d48a39825366b34/element/f.3F808B98CDAAA2B1E2AEFB154760237E.d.45E599A93FBD6A991448C5EEB8640EB1.e.6975/click - {}
RESULT: {}
COMMAND: GET /session/0fa557d69f96d3283d48a39825366b34/screenshot - {}
RESULT: {}
COMMAND: POST /session/0fa557d69f96d3283d48a39825366b34/refresh - {}
RESULT: {}
COMMAND: GET /session/0fa557d69f96d3283d48a39825366b34/screenshot - {}
RESULT: {}
COMMAND: POST /session/0fa557d69f96d3283d48a39825366b34/refresh - {}
RESULT: {}
COMMAND: GET /session/0fa557d69f96d3283d48a39825366b34/screenshot - {}
RESULT: {}
COMMAND: POST /session/0fa557d69f96d3283d48a39825366b34/execute/async - {"script":"<script> [189 bytes]","args":[]}
RESULT: {"script":"<script> [189 bytes]","args":[]}
COMMAND: POST /session/0fa557d69f96d3283d48a39825366b34/execute/async - {"script":"<script> [123 bytes]","args":[]}
RESULT: {"script":"<script> [123 bytes]","args":[]}
COMMAND: POST /session/0fa557d69f96d3283d48a39825366b34/timeouts - {"script":"<number>"}
RESULT: {"script":"<number>"}
COMMAND: GET /session/0fa557d69f96d3283d48a39825366b34/timeouts - {}
RESULT: {}
RESULT: undefined
COMMAND: POST /session/0fa557d69f96d3283d48a39825366b34/execute/async - {"script":"<script> [2676 bytes]","args":[]}
RESULT: {"script":"<script> [2676 bytes]","args":[]}
COMMAND: POST /session/0fa557d69f96d3283d48a39825366b34/execute/async - {"script":"<script> [2342 bytes]","args":[{"protocol":"http","hostname":"0.0.0.0","path":"/","capabilities":{"browserName":"chrome","goog:chromeOptions":{"binary":"C:\\Program Files\\Google\\Chrome\\Application\\chrome.exe","args":["--start-maximized"]}},"logLevel":"warn","connectionRetryTimeout":120000,"connectionRetryCount":3,"logLevels":{},"enableDirectConnect":true,"strictSSL":true,"_":"65 more keys: [\"cacheDir\",\"port\",\"requestedCapabilities\",\"automationProtocol\",\"baseUrl\",\"waitforInterval\",\"waitforTimeout\",\"onReload\",\"beforeCommand\",\"afterCommand\",\"rootDir\",\"specs\",\"suites\",\"exclude\",\"groupLogsByTestSpec\",\"excludeDriverLogs\",\"bail\",\"framework\",\"reporters\",\"services\",\"maxInstances\",\"maxInstancesPerCapability\",\"injectGlobals\",\"filesToWatch\",\"execArgv\",\"runnerEnv\",\"runner\",\"shard\",\"specFileRetries\",\"specFileRetriesDelay\",\"specFileRetriesDeferred\",\"reporterSyncInterval\",\"reporterSyncTimeout\",\"cucumberFeaturesWithLineNumbers\",\"autoCompileOpts\",\"mochaOpts\",\"jasmineOpts\",\"cucumberOpts\",\"onPrepare\",\"onWorkerStart\",\"onWorkerEnd\",\"before\",\"beforeSession\",\"beforeSuite\",\"beforeHook\",\"beforeTest\",\"afterTest\",\"afterHook\",\"afterSuite\",\"afterSession\",\"after\",\"onComplete\",\"beforeAssertion\",\"afterAssertion\",\"beforeFeature\",\"beforeScenario\",\"beforeStep\",\"afterStep\",\"afterScenario\",\"afterFeature\",\"_\",\"suite\",\"$0\",\"ignoredWorkerServices\",\"wdi5\"]"}]}
RESULT: {"script":"<script> [2342 bytes]","args":[{"protocol":"http","hostname":"0.0.0.0","path":"/","capabilities":{"browserName":"chrome","goog:chromeOptions":{"binary":"C:\\Program Files\\Google\\Chrome\\Application\\chrome.exe","args":["--start-maximized"]}},"logLevel":"warn","connectionRetryTimeout":120000,"connectionRetryCount":3,"logLevels":{},"enableDirectConnect":true,"strictSSL":true,"_":"65 more keys: [\"cacheDir\",\"port\",\"requestedCapabilities\",\"automationProtocol\",\"baseUrl\",\"waitforInterval\",\"waitforTimeout\",\"onReload\",\"beforeCommand\",\"afterCommand\",\"rootDir\",\"specs\",\"suites\",\"exclude\",\"groupLogsByTestSpec\",\"excludeDriverLogs\",\"bail\",\"framework\",\"reporters\",\"services\",\"maxInstances\",\"maxInstancesPerCapability\",\"injectGlobals\",\"filesToWatch\",\"execArgv\",\"runnerEnv\",\"runner\",\"shard\",\"specFileRetries\",\"specFileRetriesDelay\",\"specFileRetriesDeferred\",\"reporterSyncInterval\",\"reporterSyncTimeout\",\"cucumberFeaturesWithLineNumbers\",\"autoCompileOpts\",\"mochaOpts\",\"jasmineOpts\",\"cucumberOpts\",\"onPrepare\",\"onWorkerStart\",\"onWorkerEnd\",\"before\",\"beforeSession\",\"beforeSuite\",\"beforeHook\",\"beforeTest\",\"afterTest\",\"afterHook\",\"afterSuite\",\"afterSession\",\"after\",\"onComplete\",\"beforeAssertion\",\"afterAssertion\",\"beforeFeature\",\"beforeScenario\",\"beforeStep\",\"afterStep\",\"afterScenario\",\"afterFeature\",\"_\",\"suite\",\"$0\",\"ignoredWorkerServices\",\"wdi5\"]"}]}
COMMAND: POST /session/0fa557d69f96d3283d48a39825366b34/execute/async - {"script":"<script> [21126 bytes]","args":[35000]}
RESULT: {"script":"<script> [21126 bytes]","args":[35000]}
COMMAND: POST /session/0fa557d69f96d3283d48a39825366b34/execute/async - {"script":"<script> [1562 bytes]","args":[{"selector":{"controlType":"sap.m.SearchField","viewName":"etm.portal.ui.managehandovers.view.MasterHO","bindingPath":{"path":"","propertyPath":"/_BASIC_SEARCH_FIELD","modelName":"fi1t3rM0d31"},"interaction":{"idSuffix":"I"}},"wdio_ui5_key":"etmportal.ui.managehandovers.view.MasterHOsap.m.SearchField{\"path\":\"\",\"propertyPath\":\"/_BASIC_SEARCH_FIELD\",\"modelName\":\"fi1t3rM0d31\"}"}]}
RESULT: {"script":"<script> [1562 bytes]","args":[{"selector":{"controlType":"sap.m.SearchField","viewName":"etm.portal.ui.managehandovers.view.MasterHO","bindingPath":{"path":"","propertyPath":"/_BASIC_SEARCH_FIELD","modelName":"fi1t3rM0d31"},"interaction":{"idSuffix":"I"}},"wdio_ui5_key":"etmportal.ui.managehandovers.view.MasterHOsap.m.SearchField{\"path\":\"\",\"propertyPath\":\"/_BASIC_SEARCH_FIELD\",\"modelName\":\"fi1t3rM0d31\"}"}]}
RESULT: undefined
COMMAND: POST /session/0fa557d69f96d3283d48a39825366b34/execute/async - {"script":"<script> [776 bytes]","args":[{"enterText":"30520","selector":{"controlType":"sap.m.SearchField","viewName":"etm.portal.ui.managehandovers.view.MasterHO","bindingPath":{"path":"","propertyPath":"/_BASIC_SEARCH_FIELD","modelName":"fi1t3rM0d31"},"interaction":{"idSuffix":"I"}},"clearTextFirst":true,"interactionType":"ENTER_TEXT"}]}
RESULT: {"script":"<script> [776 bytes]","args":[{"enterText":"30520","selector":{"controlType":"sap.m.SearchField","viewName":"etm.portal.ui.managehandovers.view.MasterHO","bindingPath":{"path":"","propertyPath":"/_BASIC_SEARCH_FIELD","modelName":"fi1t3rM0d31"},"interaction":{"idSuffix":"I"}},"clearTextFirst":true,"interactionType":"ENTER_TEXT"}]}
COMMAND: POST /session/0fa557d69f96d3283d48a39825366b34/actions - {"actions":[{"id":"action19","type":"key","parameters":{},"actions":[{"type":"keyDown","value":""},{"type":"pause","duration":10},{"type":"keyUp","value":""}]}]}
RESULT: {"actions":[{"id":"action19","type":"key","parameters":{},"actions":[{"type":"keyDown","value":""},{"type":"pause","duration":10},{"type":"keyUp","value":""}]}]}
COMMAND: GET /session/0fa557d69f96d3283d48a39825366b34/screenshot - {}
RESULT: {}
COMMAND: POST /session/0fa557d69f96d3283d48a39825366b34/execute/async - {"script":"<script> [1562 bytes]","args":[{"selector":{"controlType":"sap.m.Title","viewName":"etm.portal.ui.managehandovers.view.MasterHO","properties":{"text":"Records (1)"}},"wdio_ui5_key":"etmportal.ui.managehandovers.view.MasterHOsap.m.Title{\"text\":\"Records (1)\"}"}]}
RESULT: {"script":"<script> [1562 bytes]","args":[{"selector":{"controlType":"sap.m.Title","viewName":"etm.portal.ui.managehandovers.view.MasterHO","properties":{"text":"Records (1)"}},"wdio_ui5_key":"etmportal.ui.managehandovers.view.MasterHOsap.m.Title{\"text\":\"Records (1)\"}"}]}
RESULT: undefined
COMMAND: POST /session/0fa557d69f96d3283d48a39825366b34/execute/async - {"script":"<script> [6424 bytes]","args":[{"element-6066-11e4-a52e-4f735466cecf":"f.3F808B98CDAAA2B1E2AEFB154760237E.d.5BAF48C1057BEF28599EE2304036C3A4.e.7243"},"getText",[]]}
RESULT: {"script":"<script> [6424 bytes]","args":[{"element-6066-11e4-a52e-4f735466cecf":"f.3F808B98CDAAA2B1E2AEFB154760237E.d.5BAF48C1057BEF28599EE2304036C3A4.e.7243"},"getText",[]]}
COMMAND: POST /session/0fa557d69f96d3283d48a39825366b34/execute/async - {"script":"<script> [1562 bytes]","args":[{"selector":{"controlType":"sap.ui.core.Icon","viewName":"etm.portal.ui.managehandovers.view.MasterHO","properties":{"src":{"regex":{"source":"slim\\-arrow\\-right"}}}},"wdio_ui5_key":"etmportal.ui.managehandovers.view.MasterHOsap.ui.core.Icon{\"src\":{\"regex\":{\"source\":\"slim\\\\-arrow\\\\-right\"}}}"}]}
RESULT: {"script":"<script> [1562 bytes]","args":[{"selector":{"controlType":"sap.ui.core.Icon","viewName":"etm.portal.ui.managehandovers.view.MasterHO","properties":{"src":{"regex":{"source":"slim\\-arrow\\-right"}}}},"wdio_ui5_key":"etmportal.ui.managehandovers.view.MasterHOsap.ui.core.Icon{\"src\":{\"regex\":{\"source\":\"slim\\\\-arrow\\\\-right\"}}}"}]}
RESULT: undefined
COMMAND: POST /session/0fa557d69f96d3283d48a39825366b34/element - {"using":"xpath","value":"//*[@id=\"__item20-__clone16-imgNav\"]"}
RESULT: {"using":"xpath","value":"//*[@id=\"__item20-__clone16-imgNav\"]"}
COMMAND: POST /session/0fa557d69f96d3283d48a39825366b34/element/f.3F808B98CDAAA2B1E2AEFB154760237E.d.5BAF48C1057BEF28599EE2304036C3A4.e.7242/click - {}
RESULT: {}
COMMAND: GET /session/0fa557d69f96d3283d48a39825366b34/screenshot - {}
RESULT: {}
COMMAND: POST /session/0fa557d69f96d3283d48a39825366b34/execute/async - {"script":"<script> [1562 bytes]","args":[{"selector":{"controlType":"sap.m.ObjectStatus","viewName":"etm.portal.ui.managehandovers.view.DetailExecuteHO","labelFor":{"text":"Status"}},"wdio_ui5_key":"etmportal.ui.managehandovers.view.DetailExecuteHOsap.m.ObjectStatus{\"text\":\"Status\"}"}]}
RESULT: {"script":"<script> [1562 bytes]","args":[{"selector":{"controlType":"sap.m.ObjectStatus","viewName":"etm.portal.ui.managehandovers.view.DetailExecuteHO","labelFor":{"text":"Status"}},"wdio_ui5_key":"etmportal.ui.managehandovers.view.DetailExecuteHOsap.m.ObjectStatus{\"text\":\"Status\"}"}]}
RESULT: undefined
COMMAND: POST /session/0fa557d69f96d3283d48a39825366b34/execute/async - {"script":"<script> [6424 bytes]","args":[{"element-6066-11e4-a52e-4f735466cecf":"f.3F808B98CDAAA2B1E2AEFB154760237E.d.5BAF48C1057BEF28599EE2304036C3A4.e.7340"},"getText",[]]}
RESULT: {"script":"<script> [6424 bytes]","args":[{"element-6066-11e4-a52e-4f735466cecf":"f.3F808B98CDAAA2B1E2AEFB154760237E.d.5BAF48C1057BEF28599EE2304036C3A4.e.7340"},"getText",[]]}
COMMAND: POST /session/0fa557d69f96d3283d48a39825366b34/execute/async - {"script":"<script> [1562 bytes]","args":[{"selector":{"controlType":"sap.m.Button","viewName":"etm.portal.ui.managehandovers.view.DetailExecuteHO","i18NText":{"propertyName":"text","key":"confirmAll"},"interaction":{"idSuffix":"BDI-content"}},"wdio_ui5_key":"etmportal.ui.managehandovers.view.DetailExecuteHOsap.m.Button{\"propertyName\":\"text\",\"key\":\"confirmAll\"}"}]}
RESULT: {"script":"<script> [1562 bytes]","args":[{"selector":{"controlType":"sap.m.Button","viewName":"etm.portal.ui.managehandovers.view.DetailExecuteHO","i18NText":{"propertyName":"text","key":"confirmAll"},"interaction":{"idSuffix":"BDI-content"}},"wdio_ui5_key":"etmportal.ui.managehandovers.view.DetailExecuteHOsap.m.Button{\"propertyName\":\"text\",\"key\":\"confirmAll\"}"}]}
RESULT: undefined
COMMAND: POST /session/0fa557d69f96d3283d48a39825366b34/element - {"using":"xpath","value":"//*[@id=\"__button30\"]"}
RESULT: {"using":"xpath","value":"//*[@id=\"__button30\"]"}
COMMAND: POST /session/0fa557d69f96d3283d48a39825366b34/element/f.3F808B98CDAAA2B1E2AEFB154760237E.d.5BAF48C1057BEF28599EE2304036C3A4.e.7344/click - {}
RESULT: {}
COMMAND: GET /session/0fa557d69f96d3283d48a39825366b34/screenshot - {}
RESULT: {}
COMMAND: POST /session/0fa557d69f96d3283d48a39825366b34/execute/async - {"script":"<script> [1562 bytes]","args":[{"selector":{"controlType":"sap.m.Button","properties":{"text":"OK"},"searchOpenDialogs":true,"interaction":{"idSuffix":"BDI-content"}},"wdio_ui5_key":"sapm.Button{\"text\":\"OK\"}"}]}
RESULT: {"script":"<script> [1562 bytes]","args":[{"selector":{"controlType":"sap.m.Button","properties":{"text":"OK"},"searchOpenDialogs":true,"interaction":{"idSuffix":"BDI-content"}},"wdio_ui5_key":"sapm.Button{\"text\":\"OK\"}"}]}
RESULT: undefined
COMMAND: POST /session/0fa557d69f96d3283d48a39825366b34/element - {"using":"xpath","value":"//*[@id=\"__mbox-btn-0\"]"}
RESULT: {"using":"xpath","value":"//*[@id=\"__mbox-btn-0\"]"}
COMMAND: POST /session/0fa557d69f96d3283d48a39825366b34/element/f.3F808B98CDAAA2B1E2AEFB154760237E.d.5BAF48C1057BEF28599EE2304036C3A4.e.7345/click - {}
RESULT: {}
COMMAND: GET /session/0fa557d69f96d3283d48a39825366b34/screenshot - {}
RESULT: {}
COMMAND: POST /session/0fa557d69f96d3283d48a39825366b34/element - {"using":"xpath","value":"//button[contains(@data-kt ,\"execHoReceiveFooterButton\")]"}
RESULT: {"using":"xpath","value":"//button[contains(@data-kt ,\"execHoReceiveFooterButton\")]"}
COMMAND: POST /session/0fa557d69f96d3283d48a39825366b34/element/f.3F808B98CDAAA2B1E2AEFB154760237E.d.5BAF48C1057BEF28599EE2304036C3A4.e.7302/click - {}
RESULT: {}
COMMAND: GET /session/0fa557d69f96d3283d48a39825366b34/screenshot - {}
RESULT: {}
COMMAND: POST /session/0fa557d69f96d3283d48a39825366b34/refresh - {}
RESULT: {}
COMMAND: GET /session/0fa557d69f96d3283d48a39825366b34/screenshot - {}
RESULT: {}
COMMAND: POST /session/0fa557d69f96d3283d48a39825366b34/refresh - {}
RESULT: {}
COMMAND: GET /session/0fa557d69f96d3283d48a39825366b34/screenshot - {}
RESULT: {}
COMMAND: POST /session/0fa557d69f96d3283d48a39825366b34/execute/async - {"script":"<script> [189 bytes]","args":[]}
RESULT: {"script":"<script> [189 bytes]","args":[]}
COMMAND: POST /session/0fa557d69f96d3283d48a39825366b34/execute/async - {"script":"<script> [123 bytes]","args":[]}
RESULT: {"script":"<script> [123 bytes]","args":[]}
COMMAND: POST /session/0fa557d69f96d3283d48a39825366b34/timeouts - {"script":"<number>"}
RESULT: {"script":"<number>"}
COMMAND: GET /session/0fa557d69f96d3283d48a39825366b34/timeouts - {}
RESULT: {}
RESULT: undefined
COMMAND: POST /session/0fa557d69f96d3283d48a39825366b34/execute/async - {"script":"<script> [2676 bytes]","args":[]}
RESULT: {"script":"<script> [2676 bytes]","args":[]}
COMMAND: POST /session/0fa557d69f96d3283d48a39825366b34/execute/async - {"script":"<script> [2342 bytes]","args":[{"protocol":"http","hostname":"0.0.0.0","path":"/","capabilities":{"browserName":"chrome","goog:chromeOptions":{"binary":"C:\\Program Files\\Google\\Chrome\\Application\\chrome.exe","args":["--start-maximized"]}},"logLevel":"warn","connectionRetryTimeout":120000,"connectionRetryCount":3,"logLevels":{},"enableDirectConnect":true,"strictSSL":true,"_":"65 more keys: [\"cacheDir\",\"port\",\"requestedCapabilities\",\"automationProtocol\",\"baseUrl\",\"waitforInterval\",\"waitforTimeout\",\"onReload\",\"beforeCommand\",\"afterCommand\",\"rootDir\",\"specs\",\"suites\",\"exclude\",\"groupLogsByTestSpec\",\"excludeDriverLogs\",\"bail\",\"framework\",\"reporters\",\"services\",\"maxInstances\",\"maxInstancesPerCapability\",\"injectGlobals\",\"filesToWatch\",\"execArgv\",\"runnerEnv\",\"runner\",\"shard\",\"specFileRetries\",\"specFileRetriesDelay\",\"specFileRetriesDeferred\",\"reporterSyncInterval\",\"reporterSyncTimeout\",\"cucumberFeaturesWithLineNumbers\",\"autoCompileOpts\",\"mochaOpts\",\"jasmineOpts\",\"cucumberOpts\",\"onPrepare\",\"onWorkerStart\",\"onWorkerEnd\",\"before\",\"beforeSession\",\"beforeSuite\",\"beforeHook\",\"beforeTest\",\"afterTest\",\"afterHook\",\"afterSuite\",\"afterSession\",\"after\",\"onComplete\",\"beforeAssertion\",\"afterAssertion\",\"beforeFeature\",\"beforeScenario\",\"beforeStep\",\"afterStep\",\"afterScenario\",\"afterFeature\",\"_\",\"suite\",\"$0\",\"ignoredWorkerServices\",\"wdi5\"]"}]}
RESULT: {"script":"<script> [2342 bytes]","args":[{"protocol":"http","hostname":"0.0.0.0","path":"/","capabilities":{"browserName":"chrome","goog:chromeOptions":{"binary":"C:\\Program Files\\Google\\Chrome\\Application\\chrome.exe","args":["--start-maximized"]}},"logLevel":"warn","connectionRetryTimeout":120000,"connectionRetryCount":3,"logLevels":{},"enableDirectConnect":true,"strictSSL":true,"_":"65 more keys: [\"cacheDir\",\"port\",\"requestedCapabilities\",\"automationProtocol\",\"baseUrl\",\"waitforInterval\",\"waitforTimeout\",\"onReload\",\"beforeCommand\",\"afterCommand\",\"rootDir\",\"specs\",\"suites\",\"exclude\",\"groupLogsByTestSpec\",\"excludeDriverLogs\",\"bail\",\"framework\",\"reporters\",\"services\",\"maxInstances\",\"maxInstancesPerCapability\",\"injectGlobals\",\"filesToWatch\",\"execArgv\",\"runnerEnv\",\"runner\",\"shard\",\"specFileRetries\",\"specFileRetriesDelay\",\"specFileRetriesDeferred\",\"reporterSyncInterval\",\"reporterSyncTimeout\",\"cucumberFeaturesWithLineNumbers\",\"autoCompileOpts\",\"mochaOpts\",\"jasmineOpts\",\"cucumberOpts\",\"onPrepare\",\"onWorkerStart\",\"onWorkerEnd\",\"before\",\"beforeSession\",\"beforeSuite\",\"beforeHook\",\"beforeTest\",\"afterTest\",\"afterHook\",\"afterSuite\",\"afterSession\",\"after\",\"onComplete\",\"beforeAssertion\",\"afterAssertion\",\"beforeFeature\",\"beforeScenario\",\"beforeStep\",\"afterStep\",\"afterScenario\",\"afterFeature\",\"_\",\"suite\",\"$0\",\"ignoredWorkerServices\",\"wdi5\"]"}]}
COMMAND: POST /session/0fa557d69f96d3283d48a39825366b34/execute/async - {"script":"<script> [21126 bytes]","args":[35000]}
RESULT: {"script":"<script> [21126 bytes]","args":[35000]}
COMMAND: POST /session/0fa557d69f96d3283d48a39825366b34/execute/async - {"script":"<script> [1562 bytes]","args":[{"selector":{"controlType":"sap.m.SearchField","viewName":"etm.portal.ui.managehandovers.view.MasterHO","bindingPath":{"path":"","propertyPath":"/_BASIC_SEARCH_FIELD","modelName":"fi1t3rM0d31"},"interaction":{"idSuffix":"I"}},"wdio_ui5_key":"etmportal.ui.managehandovers.view.MasterHOsap.m.SearchField{\"path\":\"\",\"propertyPath\":\"/_BASIC_SEARCH_FIELD\",\"modelName\":\"fi1t3rM0d31\"}"}]}
RESULT: {"script":"<script> [1562 bytes]","args":[{"selector":{"controlType":"sap.m.SearchField","viewName":"etm.portal.ui.managehandovers.view.MasterHO","bindingPath":{"path":"","propertyPath":"/_BASIC_SEARCH_FIELD","modelName":"fi1t3rM0d31"},"interaction":{"idSuffix":"I"}},"wdio_ui5_key":"etmportal.ui.managehandovers.view.MasterHOsap.m.SearchField{\"path\":\"\",\"propertyPath\":\"/_BASIC_SEARCH_FIELD\",\"modelName\":\"fi1t3rM0d31\"}"}]}
RESULT: undefined
COMMAND: POST /session/0fa557d69f96d3283d48a39825366b34/execute/async - {"script":"<script> [776 bytes]","args":[{"enterText":"30520","selector":{"controlType":"sap.m.SearchField","viewName":"etm.portal.ui.managehandovers.view.MasterHO","bindingPath":{"path":"","propertyPath":"/_BASIC_SEARCH_FIELD","modelName":"fi1t3rM0d31"},"interaction":{"idSuffix":"I"}},"clearTextFirst":true,"interactionType":"ENTER_TEXT"}]}
RESULT: {"script":"<script> [776 bytes]","args":[{"enterText":"30520","selector":{"controlType":"sap.m.SearchField","viewName":"etm.portal.ui.managehandovers.view.MasterHO","bindingPath":{"path":"","propertyPath":"/_BASIC_SEARCH_FIELD","modelName":"fi1t3rM0d31"},"interaction":{"idSuffix":"I"}},"clearTextFirst":true,"interactionType":"ENTER_TEXT"}]}
COMMAND: POST /session/0fa557d69f96d3283d48a39825366b34/actions - {"actions":[{"id":"action20","type":"key","parameters":{},"actions":[{"type":"keyDown","value":""},{"type":"pause","duration":10},{"type":"keyUp","value":""}]}]}
RESULT: {"actions":[{"id":"action20","type":"key","parameters":{},"actions":[{"type":"keyDown","value":""},{"type":"pause","duration":10},{"type":"keyUp","value":""}]}]}
COMMAND: GET /session/0fa557d69f96d3283d48a39825366b34/screenshot - {}
RESULT: {}
COMMAND: POST /session/0fa557d69f96d3283d48a39825366b34/execute/async - {"script":"<script> [1562 bytes]","args":[{"selector":{"controlType":"sap.m.Title","viewName":"etm.portal.ui.managehandovers.view.MasterHO","properties":{"text":"Records (1)"}},"wdio_ui5_key":"etmportal.ui.managehandovers.view.MasterHOsap.m.Title{\"text\":\"Records (1)\"}"}]}
RESULT: {"script":"<script> [1562 bytes]","args":[{"selector":{"controlType":"sap.m.Title","viewName":"etm.portal.ui.managehandovers.view.MasterHO","properties":{"text":"Records (1)"}},"wdio_ui5_key":"etmportal.ui.managehandovers.view.MasterHOsap.m.Title{\"text\":\"Records (1)\"}"}]}
RESULT: undefined
COMMAND: POST /session/0fa557d69f96d3283d48a39825366b34/execute/async - {"script":"<script> [6424 bytes]","args":[{"element-6066-11e4-a52e-4f735466cecf":"f.3F808B98CDAAA2B1E2AEFB154760237E.d.D530263C295332769C2D2BD061715EA1.e.7504"},"getText",[]]}
RESULT: {"script":"<script> [6424 bytes]","args":[{"element-6066-11e4-a52e-4f735466cecf":"f.3F808B98CDAAA2B1E2AEFB154760237E.d.D530263C295332769C2D2BD061715EA1.e.7504"},"getText",[]]}
COMMAND: POST /session/0fa557d69f96d3283d48a39825366b34/execute/async - {"script":"<script> [1562 bytes]","args":[{"selector":{"controlType":"sap.ui.core.Icon","viewName":"etm.portal.ui.managehandovers.view.MasterHO","properties":{"src":{"regex":{"source":"slim\\-arrow\\-right"}}}},"wdio_ui5_key":"etmportal.ui.managehandovers.view.MasterHOsap.ui.core.Icon{\"src\":{\"regex\":{\"source\":\"slim\\\\-arrow\\\\-right\"}}}"}]}
RESULT: {"script":"<script> [1562 bytes]","args":[{"selector":{"controlType":"sap.ui.core.Icon","viewName":"etm.portal.ui.managehandovers.view.MasterHO","properties":{"src":{"regex":{"source":"slim\\-arrow\\-right"}}}},"wdio_ui5_key":"etmportal.ui.managehandovers.view.MasterHOsap.ui.core.Icon{\"src\":{\"regex\":{\"source\":\"slim\\\\-arrow\\\\-right\"}}}"}]}
RESULT: undefined
COMMAND: POST /session/0fa557d69f96d3283d48a39825366b34/element - {"using":"xpath","value":"//*[@id=\"__item18-__clone16-imgNav\"]"}
RESULT: {"using":"xpath","value":"//*[@id=\"__item18-__clone16-imgNav\"]"}
COMMAND: POST /session/0fa557d69f96d3283d48a39825366b34/element/f.3F808B98CDAAA2B1E2AEFB154760237E.d.D530263C295332769C2D2BD061715EA1.e.7503/click - {}
RESULT: {}
COMMAND: GET /session/0fa557d69f96d3283d48a39825366b34/screenshot - {}
RESULT: {}
COMMAND: POST /session/0fa557d69f96d3283d48a39825366b34/execute/async - {"script":"<script> [1562 bytes]","args":[{"selector":{"controlType":"sap.m.ObjectStatus","viewName":"etm.portal.ui.managehandovers.view.DetailManageHO","viewId":"application-managehandovers-display-component---detailManageHO","labelFor":{"text":"Status"}},"wdio_ui5_key":"etmportal.ui.managehandovers.view.DetailManageHOsap.m.ObjectStatus{\"text\":\"Status\"}"}]}
RESULT: {"script":"<script> [1562 bytes]","args":[{"selector":{"controlType":"sap.m.ObjectStatus","viewName":"etm.portal.ui.managehandovers.view.DetailManageHO","viewId":"application-managehandovers-display-component---detailManageHO","labelFor":{"text":"Status"}},"wdio_ui5_key":"etmportal.ui.managehandovers.view.DetailManageHOsap.m.ObjectStatus{\"text\":\"Status\"}"}]}
RESULT: undefined
COMMAND: POST /session/0fa557d69f96d3283d48a39825366b34/execute/async - {"script":"<script> [6424 bytes]","args":[{"element-6066-11e4-a52e-4f735466cecf":"f.3F808B98CDAAA2B1E2AEFB154760237E.d.D530263C295332769C2D2BD061715EA1.e.7588"},"getText",[]]}
RESULT: {"script":"<script> [6424 bytes]","args":[{"element-6066-11e4-a52e-4f735466cecf":"f.3F808B98CDAAA2B1E2AEFB154760237E.d.D530263C295332769C2D2BD061715EA1.e.7588"},"getText",[]]}
COMMAND: POST /session/0fa557d69f96d3283d48a39825366b34/element - {"using":"xpath","value":"//a[contains(@data-kt ,\"GeneralSectionReceiveContracttLink\")]"}
RESULT: {"using":"xpath","value":"//a[contains(@data-kt ,\"GeneralSectionReceiveContracttLink\")]"}
COMMAND: POST /session/0fa557d69f96d3283d48a39825366b34/element/f.3F808B98CDAAA2B1E2AEFB154760237E.d.D530263C295332769C2D2BD061715EA1.e.7589/click - {}
RESULT: {}
COMMAND: GET /session/0fa557d69f96d3283d48a39825366b34/screenshot - {}
RESULT: {}
COMMAND: POST /session/0fa557d69f96d3283d48a39825366b34/element - {"using":"xpath","value":"//a[contains(@data-kt ,\"ContextMenuId2Link\")]"}
RESULT: {"using":"xpath","value":"//a[contains(@data-kt ,\"ContextMenuId2Link\")]"}
COMMAND: POST /session/0fa557d69f96d3283d48a39825366b34/element/f.3F808B98CDAAA2B1E2AEFB154760237E.d.D530263C295332769C2D2BD061715EA1.e.7592/click - {}
RESULT: {}
COMMAND: GET /session/0fa557d69f96d3283d48a39825366b34/screenshot - {}
RESULT: {}
COMMAND: POST /session/0fa557d69f96d3283d48a39825366b34/execute/async - {"script":"<script> [1562 bytes]","args":[{"selector":{"controlType":"sap.m.ObjectStatus","viewName":"etm.portal.ui.managecontracts.view.Detail","bindingPath":{"propertyPath":"LINK_TO_LOGISTICAL_STATUS/DESCRIPTION","modelName":"catalogModel"}},"wdio_ui5_key":"etmportal.ui.managecontracts.view.Detailsap.m.ObjectStatus{\"propertyPath\":\"LINK_TO_LOGISTICAL_STATUS/DESCRIPTION\",\"modelName\":\"catalogModel\"}"}]}
RESULT: undefined
RESULT: {"script":"<script> [1562 bytes]","args":[{"selector":{"controlType":"sap.m.ObjectStatus","viewName":"etm.portal.ui.managecontracts.view.Detail","bindingPath":{"propertyPath":"LINK_TO_LOGISTICAL_STATUS/DESCRIPTION","modelName":"catalogModel"}},"wdio_ui5_key":"etmportal.ui.managecontracts.view.Detailsap.m.ObjectStatus{\"propertyPath\":\"LINK_TO_LOGISTICAL_STATUS/DESCRIPTION\",\"modelName\":\"catalogModel\"}"}]}
RESULT: undefined
COMMAND: POST /session/0fa557d69f96d3283d48a39825366b34/execute/async - {"script":"<script> [6424 bytes]","args":[{"element-6066-11e4-a52e-4f735466cecf":"f.3F808B98CDAAA2B1E2AEFB154760237E.d.D530263C295332769C2D2BD061715EA1.e.7820"},"getText",[]]}
RESULT: {"script":"<script> [6424 bytes]","args":[{"element-6066-11e4-a52e-4f735466cecf":"f.3F808B98CDAAA2B1E2AEFB154760237E.d.D530263C295332769C2D2BD061715EA1.e.7820"},"getText",[]]}
COMMAND: POST /session/0fa557d69f96d3283d48a39825366b34/execute/async - {"script":"<script> [1562 bytes]","args":[{"selector":{"controlType":"sap.m.ObjectStatus","viewName":"etm.portal.ui.managecontracts.view.Detail","bindingPath":{"propertyPath":"LINK_TO_COMMERCIAL_STATUS/DESCRIPTION","modelName":"catalogModel"}},"wdio_ui5_key":"etmportal.ui.managecontracts.view.Detailsap.m.ObjectStatus{\"propertyPath\":\"LINK_TO_COMMERCIAL_STATUS/DESCRIPTION\",\"modelName\":\"catalogModel\"}"}]}
RESULT: {"script":"<script> [1562 bytes]","args":[{"selector":{"controlType":"sap.m.ObjectStatus","viewName":"etm.portal.ui.managecontracts.view.Detail","bindingPath":{"propertyPath":"LINK_TO_COMMERCIAL_STATUS/DESCRIPTION","modelName":"catalogModel"}},"wdio_ui5_key":"etmportal.ui.managecontracts.view.Detailsap.m.ObjectStatus{\"propertyPath\":\"LINK_TO_COMMERCIAL_STATUS/DESCRIPTION\",\"modelName\":\"catalogModel\"}"}]}
RESULT: undefined
COMMAND: POST /session/0fa557d69f96d3283d48a39825366b34/execute/async - {"script":"<script> [6424 bytes]","args":[{"element-6066-11e4-a52e-4f735466cecf":"f.3F808B98CDAAA2B1E2AEFB154760237E.d.D530263C295332769C2D2BD061715EA1.e.7821"},"getText",[]]}
RESULT: {"script":"<script> [6424 bytes]","args":[{"element-6066-11e4-a52e-4f735466cecf":"f.3F808B98CDAAA2B1E2AEFB154760237E.d.D530263C295332769C2D2BD061715EA1.e.7821"},"getText",[]]}
]]></system-out>
    </testcase>
    <testcase classname="chrome.135_0_7049_42.windows.E2E_-_Logistical_and_commercial_statuses" name="It should follow the handover steps to the status fully returned" time="206.925">
      <system-out><![CDATA[
COMMAND: POST /session/0fa557d69f96d3283d48a39825366b34/execute/async - {"script":"<script> [1562 bytes]","args":[{"selector":{"id":"contractDetailReturnButton","viewName":"etm.portal.ui.managecontracts.view.Detail","interaction":{"idSuffix":"BDI-content"}},"wdio_ui5_key":"contractDetailReturnButtonetmportal.ui.managecontracts.view.Detail"}]}
RESULT: {"script":"<script> [1562 bytes]","args":[{"selector":{"id":"contractDetailReturnButton","viewName":"etm.portal.ui.managecontracts.view.Detail","interaction":{"idSuffix":"BDI-content"}},"wdio_ui5_key":"contractDetailReturnButtonetmportal.ui.managecontracts.view.Detail"}]}
RESULT: undefined
COMMAND: POST /session/0fa557d69f96d3283d48a39825366b34/element - {"using":"xpath","value":"//*[@id=\"__xmlview2--contractDetailReturnButton\"]"}
RESULT: {"using":"xpath","value":"//*[@id=\"__xmlview2--contractDetailReturnButton\"]"}
COMMAND: POST /session/0fa557d69f96d3283d48a39825366b34/element/f.3F808B98CDAAA2B1E2AEFB154760237E.d.D530263C295332769C2D2BD061715EA1.e.7692/click - {}
RESULT: {}
COMMAND: POST /session/0fa557d69f96d3283d48a39825366b34/execute/async - {"script":"<script> [1562 bytes]","args":[{"selector":{"id":"application-managehandovers-display-component---AddNewHO--dueDate","interaction":{"idSuffix":"inner"}},"wdio_ui5_key":"applicationmanagehandovers-display-component---AddNewHO--dueDate"}]}
COMMAND: GET /session/0fa557d69f96d3283d48a39825366b34/screenshot - {}
RESULT: {"script":"<script> [1562 bytes]","args":[{"selector":{"id":"application-managehandovers-display-component---AddNewHO--dueDate","interaction":{"idSuffix":"inner"}},"wdio_ui5_key":"applicationmanagehandovers-display-component---AddNewHO--dueDate"}]}
RESULT: undefined
COMMAND: POST /session/0fa557d69f96d3283d48a39825366b34/execute/async - {"script":"<script> [776 bytes]","args":[{"enterText":"04/15/25","selector":{"id":"application-managehandovers-display-component---AddNewHO--dueDate","interaction":{"idSuffix":"inner"}},"clearTextFirst":true,"interactionType":"ENTER_TEXT"}]}
RESULT: {}
RESULT: {"script":"<script> [776 bytes]","args":[{"enterText":"04/15/25","selector":{"id":"application-managehandovers-display-component---AddNewHO--dueDate","interaction":{"idSuffix":"inner"}},"clearTextFirst":true,"interactionType":"ENTER_TEXT"}]}
COMMAND: POST /session/0fa557d69f96d3283d48a39825366b34/element - {"using":"xpath","value":"//bdi[contains(@id ,\"application-managehandovers-display-component---AddNewHO--ObjectPageLayout-anchBar-application-managehandovers-display-component---AddNewHO--section4-anchor-BDI-content\")]"}
RESULT: {"using":"xpath","value":"//bdi[contains(@id ,\"application-managehandovers-display-component---AddNewHO--ObjectPageLayout-anchBar-application-managehandovers-display-component---AddNewHO--section4-anchor-BDI-content\")]"}
COMMAND: POST /session/0fa557d69f96d3283d48a39825366b34/element/f.3F808B98CDAAA2B1E2AEFB154760237E.d.D530263C295332769C2D2BD061715EA1.e.7973/click - {}
RESULT: {}
COMMAND: GET /session/0fa557d69f96d3283d48a39825366b34/screenshot - {}
RESULT: {}
COMMAND: POST /session/0fa557d69f96d3283d48a39825366b34/element - {"using":"xpath","value":"//button[contains(@data-kt ,\"AddNewHOProvideAddItemsButton\")]"}
RESULT: {"using":"xpath","value":"//button[contains(@data-kt ,\"AddNewHOProvideAddItemsButton\")]"}
COMMAND: POST /session/0fa557d69f96d3283d48a39825366b34/element/f.3F808B98CDAAA2B1E2AEFB154760237E.d.D530263C295332769C2D2BD061715EA1.e.7978/click - {}
RESULT: {}
COMMAND: GET /session/0fa557d69f96d3283d48a39825366b34/screenshot - {}
RESULT: {}
COMMAND: POST /session/0fa557d69f96d3283d48a39825366b34/execute/async - {"script":"<script> [1562 bytes]","args":[{"selector":{"id":"application-managehandovers-display-component---AddNewHO--popup-sa","searchOpenDialogs":true,"interaction":{"idSuffix":"CbBg"}},"wdio_ui5_key":"applicationmanagehandovers-display-component---AddNewHO--popup-sa"}]}
RESULT: {"script":"<script> [1562 bytes]","args":[{"selector":{"id":"application-managehandovers-display-component---AddNewHO--popup-sa","searchOpenDialogs":true,"interaction":{"idSuffix":"CbBg"}},"wdio_ui5_key":"applicationmanagehandovers-display-component---AddNewHO--popup-sa"}]}
RESULT: undefined
COMMAND: POST /session/0fa557d69f96d3283d48a39825366b34/element - {"using":"xpath","value":"//*[@id=\"application-managehandovers-display-component---AddNewHO--popup-sa\"]"}
RESULT: {"using":"xpath","value":"//*[@id=\"application-managehandovers-display-component---AddNewHO--popup-sa\"]"}
COMMAND: POST /session/0fa557d69f96d3283d48a39825366b34/element/f.3F808B98CDAAA2B1E2AEFB154760237E.d.D530263C295332769C2D2BD061715EA1.e.7995/click - {}
RESULT: {}
COMMAND: POST /session/0fa557d69f96d3283d48a39825366b34/execute/async - {"script":"<script> [1562 bytes]","args":[{"selector":{"controlType":"sap.m.Button","viewName":"etm.portal.ui.managehandovers.view.AddNewHO","viewId":"application-managehandovers-display-component---AddNewHO","i18NText":{"propertyName":"text","key":"select"},"searchOpenDialogs":true,"interaction":{"idSuffix":"BDI-content"}},"wdio_ui5_key":"etmportal.ui.managehandovers.view.AddNewHOsap.m.Button{\"propertyName\":\"text\",\"key\":\"select\"}"}]}
COMMAND: GET /session/0fa557d69f96d3283d48a39825366b34/screenshot - {}
RESULT: {"script":"<script> [1562 bytes]","args":[{"selector":{"controlType":"sap.m.Button","viewName":"etm.portal.ui.managehandovers.view.AddNewHO","viewId":"application-managehandovers-display-component---AddNewHO","i18NText":{"propertyName":"text","key":"select"},"searchOpenDialogs":true,"interaction":{"idSuffix":"BDI-content"}},"wdio_ui5_key":"etmportal.ui.managehandovers.view.AddNewHOsap.m.Button{\"propertyName\":\"text\",\"key\":\"select\"}"}]}
RESULT: undefined
COMMAND: POST /session/0fa557d69f96d3283d48a39825366b34/element - {"using":"xpath","value":"//*[@id=\"__button60\"]"}
RESULT: {}
RESULT: {"using":"xpath","value":"//*[@id=\"__button60\"]"}
COMMAND: POST /session/0fa557d69f96d3283d48a39825366b34/element/f.3F808B98CDAAA2B1E2AEFB154760237E.d.D530263C295332769C2D2BD061715EA1.e.7998/click - {}
RESULT: {}
COMMAND: GET /session/0fa557d69f96d3283d48a39825366b34/screenshot - {}
RESULT: {}
COMMAND: POST /session/0fa557d69f96d3283d48a39825366b34/execute/async - {"script":"<script> [1562 bytes]","args":[{"selector":{"id":"application-managehandovers-display-component---AddNewHO--confirmCreationButton","interaction":{"idSuffix":"BDI-content"}},"wdio_ui5_key":"applicationmanagehandovers-display-component---AddNewHO--confirmCreationButton"}]}
RESULT: {"script":"<script> [1562 bytes]","args":[{"selector":{"id":"application-managehandovers-display-component---AddNewHO--confirmCreationButton","interaction":{"idSuffix":"BDI-content"}},"wdio_ui5_key":"applicationmanagehandovers-display-component---AddNewHO--confirmCreationButton"}]}
RESULT: undefined
COMMAND: POST /session/0fa557d69f96d3283d48a39825366b34/element - {"using":"xpath","value":"//*[@id=\"application-managehandovers-display-component---AddNewHO--confirmCreationButton\"]"}
RESULT: {"using":"xpath","value":"//*[@id=\"application-managehandovers-display-component---AddNewHO--confirmCreationButton\"]"}
COMMAND: POST /session/0fa557d69f96d3283d48a39825366b34/element/f.3F808B98CDAAA2B1E2AEFB154760237E.d.D530263C295332769C2D2BD061715EA1.e.7932/click - {}
RESULT: {}
COMMAND: GET /session/0fa557d69f96d3283d48a39825366b34/screenshot - {}
RESULT: {}
COMMAND: POST /session/0fa557d69f96d3283d48a39825366b34/execute/async - {"script":"<script> [1562 bytes]","args":[{"selector":{"controlType":"sap.m.Text","viewName":"etm.portal.ui.managehandovers.view.DetailExecuteHO","bindingPath":{"propertyPath":"NO","modelName":"catalogModel"}},"wdio_ui5_key":"etmportal.ui.managehandovers.view.DetailExecuteHOsap.m.Text{\"propertyPath\":\"NO\",\"modelName\":\"catalogModel\"}"}]}
RESULT: {"script":"<script> [1562 bytes]","args":[{"selector":{"controlType":"sap.m.Text","viewName":"etm.portal.ui.managehandovers.view.DetailExecuteHO","bindingPath":{"propertyPath":"NO","modelName":"catalogModel"}},"wdio_ui5_key":"etmportal.ui.managehandovers.view.DetailExecuteHOsap.m.Text{\"propertyPath\":\"NO\",\"modelName\":\"catalogModel\"}"}]}
RESULT: undefined
COMMAND: POST /session/0fa557d69f96d3283d48a39825366b34/execute/async - {"script":"<script> [6424 bytes]","args":[{"element-6066-11e4-a52e-4f735466cecf":"f.3F808B98CDAAA2B1E2AEFB154760237E.d.D530263C295332769C2D2BD061715EA1.e.8054"},"getText",[]]}
RESULT: {"script":"<script> [6424 bytes]","args":[{"element-6066-11e4-a52e-4f735466cecf":"f.3F808B98CDAAA2B1E2AEFB154760237E.d.D530263C295332769C2D2BD061715EA1.e.8054"},"getText",[]]}
COMMAND: POST /session/0fa557d69f96d3283d48a39825366b34/element - {"using":"xpath","value":"//a[contains(@data-kt ,\"GeneralSectionSendContractLink\")]"}
RESULT: {"using":"xpath","value":"//a[contains(@data-kt ,\"GeneralSectionSendContractLink\")]"}
COMMAND: POST /session/0fa557d69f96d3283d48a39825366b34/element/f.3F808B98CDAAA2B1E2AEFB154760237E.d.D530263C295332769C2D2BD061715EA1.e.8055/click - {}
RESULT: {}
COMMAND: GET /session/0fa557d69f96d3283d48a39825366b34/screenshot - {}
RESULT: {}
COMMAND: POST /session/0fa557d69f96d3283d48a39825366b34/element - {"using":"xpath","value":"//a[contains(@data-kt ,\"ContextMenuId2Link\")]"}
RESULT: {"using":"xpath","value":"//a[contains(@data-kt ,\"ContextMenuId2Link\")]"}
COMMAND: POST /session/0fa557d69f96d3283d48a39825366b34/elements - {"using":"xpath","value":"//a[contains(@data-kt ,\"ContextMenuId2Link\")]"}
RESULT: {"using":"xpath","value":"//a[contains(@data-kt ,\"ContextMenuId2Link\")]"}
COMMAND: POST /session/0fa557d69f96d3283d48a39825366b34/element/f.3F808B98CDAAA2B1E2AEFB154760237E.d.D530263C295332769C2D2BD061715EA1.e.8057/click - {}
RESULT: undefined
RESULT: undefined
RESULT: {}
COMMAND: GET /session/0fa557d69f96d3283d48a39825366b34/screenshot - {}
RESULT: {}
COMMAND: POST /session/0fa557d69f96d3283d48a39825366b34/execute/async - {"script":"<script> [1562 bytes]","args":[{"selector":{"controlType":"sap.m.Link","viewName":"etm.portal.ui.managehandovers.view.DetailExecuteHO","properties":{"text":"Contract Overview"},"searchOpenDialogs":true},"wdio_ui5_key":"etmportal.ui.managehandovers.view.DetailExecuteHOsap.m.Link{\"text\":\"Contract Overview\"}"}]}
RESULT: {"script":"<script> [1562 bytes]","args":[{"selector":{"controlType":"sap.m.Link","viewName":"etm.portal.ui.managehandovers.view.DetailExecuteHO","properties":{"text":"Contract Overview"},"searchOpenDialogs":true},"wdio_ui5_key":"etmportal.ui.managehandovers.view.DetailExecuteHOsap.m.Link{\"text\":\"Contract Overview\"}"}]}
RESULT: undefined
RESULT: undefined
COMMAND: POST /session/0fa557d69f96d3283d48a39825366b34/execute/async - {"script":"<script> [6424 bytes]","args":[{"element-6066-11e4-a52e-4f735466cecf":"f.3F808B98CDAAA2B1E2AEFB154760237E.d.D530263C295332769C2D2BD061715EA1.e.7820"},"getText",[]]}
COMMAND: POST /session/0fa557d69f96d3283d48a39825366b34/execute/async - {"script":"<script> [1562 bytes]","args":[{"selector":{"controlType":"sap.m.ObjectStatus","viewName":"etm.portal.ui.managecontracts.view.Detail","bindingPath":{"propertyPath":"LINK_TO_LOGISTICAL_STATUS/DESCRIPTION","modelName":"catalogModel"}},"wdio_ui5_key":"etmportal.ui.managecontracts.view.Detailsap.m.ObjectStatus{\"propertyPath\":\"LINK_TO_LOGISTICAL_STATUS/DESCRIPTION\",\"modelName\":\"catalogModel\"}"}]}
RESULT: {"script":"<script> [1562 bytes]","args":[{"selector":{"controlType":"sap.m.ObjectStatus","viewName":"etm.portal.ui.managecontracts.view.Detail","bindingPath":{"propertyPath":"LINK_TO_LOGISTICAL_STATUS/DESCRIPTION","modelName":"catalogModel"}},"wdio_ui5_key":"etmportal.ui.managecontracts.view.Detailsap.m.ObjectStatus{\"propertyPath\":\"LINK_TO_LOGISTICAL_STATUS/DESCRIPTION\",\"modelName\":\"catalogModel\"}"}]}
COMMAND: POST /session/0fa557d69f96d3283d48a39825366b34/execute/async - {"script":"<script> [6424 bytes]","args":[{"element-6066-11e4-a52e-4f735466cecf":"f.3F808B98CDAAA2B1E2AEFB154760237E.d.D530263C295332769C2D2BD061715EA1.e.8248"},"getText",[]]}
RESULT: {"script":"<script> [6424 bytes]","args":[{"element-6066-11e4-a52e-4f735466cecf":"f.3F808B98CDAAA2B1E2AEFB154760237E.d.D530263C295332769C2D2BD061715EA1.e.8248"},"getText",[]]}
RESULT: undefined
COMMAND: POST /session/0fa557d69f96d3283d48a39825366b34/execute/async - {"script":"<script> [6424 bytes]","args":[{"element-6066-11e4-a52e-4f735466cecf":"f.3F808B98CDAAA2B1E2AEFB154760237E.d.D530263C295332769C2D2BD061715EA1.e.7821"},"getText",[]]}
COMMAND: POST /session/0fa557d69f96d3283d48a39825366b34/execute/async - {"script":"<script> [1562 bytes]","args":[{"selector":{"controlType":"sap.m.ObjectStatus","viewName":"etm.portal.ui.managecontracts.view.Detail","bindingPath":{"propertyPath":"LINK_TO_COMMERCIAL_STATUS/DESCRIPTION","modelName":"catalogModel"}},"wdio_ui5_key":"etmportal.ui.managecontracts.view.Detailsap.m.ObjectStatus{\"propertyPath\":\"LINK_TO_COMMERCIAL_STATUS/DESCRIPTION\",\"modelName\":\"catalogModel\"}"}]}
RESULT: {"script":"<script> [1562 bytes]","args":[{"selector":{"controlType":"sap.m.ObjectStatus","viewName":"etm.portal.ui.managecontracts.view.Detail","bindingPath":{"propertyPath":"LINK_TO_COMMERCIAL_STATUS/DESCRIPTION","modelName":"catalogModel"}},"wdio_ui5_key":"etmportal.ui.managecontracts.view.Detailsap.m.ObjectStatus{\"propertyPath\":\"LINK_TO_COMMERCIAL_STATUS/DESCRIPTION\",\"modelName\":\"catalogModel\"}"}]}
COMMAND: POST /session/0fa557d69f96d3283d48a39825366b34/execute/async - {"script":"<script> [6424 bytes]","args":[{"element-6066-11e4-a52e-4f735466cecf":"f.3F808B98CDAAA2B1E2AEFB154760237E.d.D530263C295332769C2D2BD061715EA1.e.8249"},"getText",[]]}
RESULT: {"script":"<script> [6424 bytes]","args":[{"element-6066-11e4-a52e-4f735466cecf":"f.3F808B98CDAAA2B1E2AEFB154760237E.d.D530263C295332769C2D2BD061715EA1.e.8249"},"getText",[]]}
COMMAND: POST /session/0fa557d69f96d3283d48a39825366b34/execute/async - {"script":"<script> [1562 bytes]","args":[{"selector":{"id":"backBtn"},"wdio_ui5_key":"backBtn"}]}
RESULT: {"script":"<script> [1562 bytes]","args":[{"selector":{"id":"backBtn"},"wdio_ui5_key":"backBtn"}]}
RESULT: undefined
COMMAND: POST /session/0fa557d69f96d3283d48a39825366b34/element - {"using":"xpath","value":"//*[@id=\"backBtn\"]"}
RESULT: {"using":"xpath","value":"//*[@id=\"backBtn\"]"}
COMMAND: POST /session/0fa557d69f96d3283d48a39825366b34/element/f.3F808B98CDAAA2B1E2AEFB154760237E.d.D530263C295332769C2D2BD061715EA1.e.8250/click - {}
RESULT: {}
COMMAND: GET /session/0fa557d69f96d3283d48a39825366b34/screenshot - {}
RESULT: {}
COMMAND: POST /session/0fa557d69f96d3283d48a39825366b34/execute/async - {"script":"<script> [1562 bytes]","args":[{"selector":{"controlType":"sap.m.Button","viewName":"etm.portal.ui.managehandovers.view.DetailExecuteHO","i18NText":{"propertyName":"text","key":"confirmAll"},"interaction":{"idSuffix":"BDI-content"}},"wdio_ui5_key":"etmportal.ui.managehandovers.view.DetailExecuteHOsap.m.Button{\"propertyName\":\"text\",\"key\":\"confirmAll\"}"}]}
RESULT: {"script":"<script> [1562 bytes]","args":[{"selector":{"controlType":"sap.m.Button","viewName":"etm.portal.ui.managehandovers.view.DetailExecuteHO","i18NText":{"propertyName":"text","key":"confirmAll"},"interaction":{"idSuffix":"BDI-content"}},"wdio_ui5_key":"etmportal.ui.managehandovers.view.DetailExecuteHOsap.m.Button{\"propertyName\":\"text\",\"key\":\"confirmAll\"}"}]}
RESULT: undefined
COMMAND: POST /session/0fa557d69f96d3283d48a39825366b34/element - {"using":"xpath","value":"//*[@id=\"__button143\"]"}
RESULT: {"using":"xpath","value":"//*[@id=\"__button143\"]"}
COMMAND: POST /session/0fa557d69f96d3283d48a39825366b34/element/f.3F808B98CDAAA2B1E2AEFB154760237E.d.D530263C295332769C2D2BD061715EA1.e.8399/click - {}
RESULT: {}
COMMAND: POST /session/0fa557d69f96d3283d48a39825366b34/execute/async - {"script":"<script> [1562 bytes]","args":[{"selector":{"controlType":"sap.m.Button","properties":{"text":"OK"},"searchOpenDialogs":true,"interaction":{"idSuffix":"BDI-content"}},"wdio_ui5_key":"sapm.Button{\"text\":\"OK\"}"}]}
COMMAND: GET /session/0fa557d69f96d3283d48a39825366b34/screenshot - {}
RESULT: {"script":"<script> [1562 bytes]","args":[{"selector":{"controlType":"sap.m.Button","properties":{"text":"OK"},"searchOpenDialogs":true,"interaction":{"idSuffix":"BDI-content"}},"wdio_ui5_key":"sapm.Button{\"text\":\"OK\"}"}]}
RESULT: undefined
COMMAND: POST /session/0fa557d69f96d3283d48a39825366b34/element - {"using":"xpath","value":"//*[@id=\"__mbox-btn-0\"]"}
RESULT: {}
RESULT: {"using":"xpath","value":"//*[@id=\"__mbox-btn-0\"]"}
COMMAND: POST /session/0fa557d69f96d3283d48a39825366b34/element/f.3F808B98CDAAA2B1E2AEFB154760237E.d.D530263C295332769C2D2BD061715EA1.e.8402/click - {}
RESULT: {}
COMMAND: GET /session/0fa557d69f96d3283d48a39825366b34/screenshot - {}
RESULT: {}
COMMAND: POST /session/0fa557d69f96d3283d48a39825366b34/element - {"using":"xpath","value":"//button[contains(@data-kt ,\"execHoIssueFooterButton\")]"}
RESULT: {"using":"xpath","value":"//button[contains(@data-kt ,\"execHoIssueFooterButton\")]"}
COMMAND: POST /session/0fa557d69f96d3283d48a39825366b34/element/f.3F808B98CDAAA2B1E2AEFB154760237E.d.D530263C295332769C2D2BD061715EA1.e.8405/click - {}
RESULT: {}
COMMAND: GET /session/0fa557d69f96d3283d48a39825366b34/screenshot - {}
RESULT: {}
COMMAND: POST /session/0fa557d69f96d3283d48a39825366b34/refresh - {}
RESULT: {}
COMMAND: GET /session/0fa557d69f96d3283d48a39825366b34/screenshot - {}
RESULT: {}
COMMAND: POST /session/0fa557d69f96d3283d48a39825366b34/refresh - {}
RESULT: {}
COMMAND: GET /session/0fa557d69f96d3283d48a39825366b34/screenshot - {}
RESULT: {}
COMMAND: POST /session/0fa557d69f96d3283d48a39825366b34/execute/async - {"script":"<script> [189 bytes]","args":[]}
RESULT: {"script":"<script> [189 bytes]","args":[]}
COMMAND: POST /session/0fa557d69f96d3283d48a39825366b34/execute/async - {"script":"<script> [123 bytes]","args":[]}
RESULT: {"script":"<script> [123 bytes]","args":[]}
COMMAND: POST /session/0fa557d69f96d3283d48a39825366b34/timeouts - {"script":"<number>"}
RESULT: {"script":"<number>"}
COMMAND: GET /session/0fa557d69f96d3283d48a39825366b34/timeouts - {}
RESULT: {}
RESULT: undefined
COMMAND: POST /session/0fa557d69f96d3283d48a39825366b34/execute/async - {"script":"<script> [2676 bytes]","args":[]}
RESULT: {"script":"<script> [2676 bytes]","args":[]}
COMMAND: POST /session/0fa557d69f96d3283d48a39825366b34/execute/async - {"script":"<script> [2342 bytes]","args":[{"protocol":"http","hostname":"0.0.0.0","path":"/","capabilities":{"browserName":"chrome","goog:chromeOptions":{"binary":"C:\\Program Files\\Google\\Chrome\\Application\\chrome.exe","args":["--start-maximized"]}},"logLevel":"warn","connectionRetryTimeout":120000,"connectionRetryCount":3,"logLevels":{},"enableDirectConnect":true,"strictSSL":true,"_":"65 more keys: [\"cacheDir\",\"port\",\"requestedCapabilities\",\"automationProtocol\",\"baseUrl\",\"waitforInterval\",\"waitforTimeout\",\"onReload\",\"beforeCommand\",\"afterCommand\",\"rootDir\",\"specs\",\"suites\",\"exclude\",\"groupLogsByTestSpec\",\"excludeDriverLogs\",\"bail\",\"framework\",\"reporters\",\"services\",\"maxInstances\",\"maxInstancesPerCapability\",\"injectGlobals\",\"filesToWatch\",\"execArgv\",\"runnerEnv\",\"runner\",\"shard\",\"specFileRetries\",\"specFileRetriesDelay\",\"specFileRetriesDeferred\",\"reporterSyncInterval\",\"reporterSyncTimeout\",\"cucumberFeaturesWithLineNumbers\",\"autoCompileOpts\",\"mochaOpts\",\"jasmineOpts\",\"cucumberOpts\",\"onPrepare\",\"onWorkerStart\",\"onWorkerEnd\",\"before\",\"beforeSession\",\"beforeSuite\",\"beforeHook\",\"beforeTest\",\"afterTest\",\"afterHook\",\"afterSuite\",\"afterSession\",\"after\",\"onComplete\",\"beforeAssertion\",\"afterAssertion\",\"beforeFeature\",\"beforeScenario\",\"beforeStep\",\"afterStep\",\"afterScenario\",\"afterFeature\",\"_\",\"suite\",\"$0\",\"ignoredWorkerServices\",\"wdi5\"]"}]}
RESULT: {"script":"<script> [2342 bytes]","args":[{"protocol":"http","hostname":"0.0.0.0","path":"/","capabilities":{"browserName":"chrome","goog:chromeOptions":{"binary":"C:\\Program Files\\Google\\Chrome\\Application\\chrome.exe","args":["--start-maximized"]}},"logLevel":"warn","connectionRetryTimeout":120000,"connectionRetryCount":3,"logLevels":{},"enableDirectConnect":true,"strictSSL":true,"_":"65 more keys: [\"cacheDir\",\"port\",\"requestedCapabilities\",\"automationProtocol\",\"baseUrl\",\"waitforInterval\",\"waitforTimeout\",\"onReload\",\"beforeCommand\",\"afterCommand\",\"rootDir\",\"specs\",\"suites\",\"exclude\",\"groupLogsByTestSpec\",\"excludeDriverLogs\",\"bail\",\"framework\",\"reporters\",\"services\",\"maxInstances\",\"maxInstancesPerCapability\",\"injectGlobals\",\"filesToWatch\",\"execArgv\",\"runnerEnv\",\"runner\",\"shard\",\"specFileRetries\",\"specFileRetriesDelay\",\"specFileRetriesDeferred\",\"reporterSyncInterval\",\"reporterSyncTimeout\",\"cucumberFeaturesWithLineNumbers\",\"autoCompileOpts\",\"mochaOpts\",\"jasmineOpts\",\"cucumberOpts\",\"onPrepare\",\"onWorkerStart\",\"onWorkerEnd\",\"before\",\"beforeSession\",\"beforeSuite\",\"beforeHook\",\"beforeTest\",\"afterTest\",\"afterHook\",\"afterSuite\",\"afterSession\",\"after\",\"onComplete\",\"beforeAssertion\",\"afterAssertion\",\"beforeFeature\",\"beforeScenario\",\"beforeStep\",\"afterStep\",\"afterScenario\",\"afterFeature\",\"_\",\"suite\",\"$0\",\"ignoredWorkerServices\",\"wdi5\"]"}]}
COMMAND: POST /session/0fa557d69f96d3283d48a39825366b34/execute/async - {"script":"<script> [21126 bytes]","args":[35000]}
RESULT: {"script":"<script> [21126 bytes]","args":[35000]}
COMMAND: POST /session/0fa557d69f96d3283d48a39825366b34/execute/async - {"script":"<script> [1562 bytes]","args":[{"selector":{"controlType":"sap.m.SearchField","viewName":"etm.portal.ui.managehandovers.view.MasterHO","bindingPath":{"path":"","propertyPath":"/_BASIC_SEARCH_FIELD","modelName":"fi1t3rM0d31"},"interaction":{"idSuffix":"I"}},"wdio_ui5_key":"etmportal.ui.managehandovers.view.MasterHOsap.m.SearchField{\"path\":\"\",\"propertyPath\":\"/_BASIC_SEARCH_FIELD\",\"modelName\":\"fi1t3rM0d31\"}"}]}
RESULT: {"script":"<script> [1562 bytes]","args":[{"selector":{"controlType":"sap.m.SearchField","viewName":"etm.portal.ui.managehandovers.view.MasterHO","bindingPath":{"path":"","propertyPath":"/_BASIC_SEARCH_FIELD","modelName":"fi1t3rM0d31"},"interaction":{"idSuffix":"I"}},"wdio_ui5_key":"etmportal.ui.managehandovers.view.MasterHOsap.m.SearchField{\"path\":\"\",\"propertyPath\":\"/_BASIC_SEARCH_FIELD\",\"modelName\":\"fi1t3rM0d31\"}"}]}
RESULT: undefined
COMMAND: POST /session/0fa557d69f96d3283d48a39825366b34/execute/async - {"script":"<script> [776 bytes]","args":[{"enterText":"30521","selector":{"controlType":"sap.m.SearchField","viewName":"etm.portal.ui.managehandovers.view.MasterHO","bindingPath":{"path":"","propertyPath":"/_BASIC_SEARCH_FIELD","modelName":"fi1t3rM0d31"},"interaction":{"idSuffix":"I"}},"clearTextFirst":true,"interactionType":"ENTER_TEXT"}]}
RESULT: {"script":"<script> [776 bytes]","args":[{"enterText":"30521","selector":{"controlType":"sap.m.SearchField","viewName":"etm.portal.ui.managehandovers.view.MasterHO","bindingPath":{"path":"","propertyPath":"/_BASIC_SEARCH_FIELD","modelName":"fi1t3rM0d31"},"interaction":{"idSuffix":"I"}},"clearTextFirst":true,"interactionType":"ENTER_TEXT"}]}
COMMAND: POST /session/0fa557d69f96d3283d48a39825366b34/actions - {"actions":[{"id":"action21","type":"key","parameters":{},"actions":[{"type":"keyDown","value":""},{"type":"pause","duration":10},{"type":"keyUp","value":""}]}]}
RESULT: {"actions":[{"id":"action21","type":"key","parameters":{},"actions":[{"type":"keyDown","value":""},{"type":"pause","duration":10},{"type":"keyUp","value":""}]}]}
COMMAND: GET /session/0fa557d69f96d3283d48a39825366b34/screenshot - {}
RESULT: {}
COMMAND: POST /session/0fa557d69f96d3283d48a39825366b34/execute/async - {"script":"<script> [1562 bytes]","args":[{"selector":{"controlType":"sap.m.Title","viewName":"etm.portal.ui.managehandovers.view.MasterHO","properties":{"text":"Records (1)"}},"wdio_ui5_key":"etmportal.ui.managehandovers.view.MasterHOsap.m.Title{\"text\":\"Records (1)\"}"}]}
RESULT: {"script":"<script> [1562 bytes]","args":[{"selector":{"controlType":"sap.m.Title","viewName":"etm.portal.ui.managehandovers.view.MasterHO","properties":{"text":"Records (1)"}},"wdio_ui5_key":"etmportal.ui.managehandovers.view.MasterHOsap.m.Title{\"text\":\"Records (1)\"}"}]}
RESULT: undefined
COMMAND: POST /session/0fa557d69f96d3283d48a39825366b34/execute/async - {"script":"<script> [6424 bytes]","args":[{"element-6066-11e4-a52e-4f735466cecf":"f.3F808B98CDAAA2B1E2AEFB154760237E.d.B8678E3B9B16810465C81DE4A608BC1A.e.8715"},"getText",[]]}
RESULT: {"script":"<script> [6424 bytes]","args":[{"element-6066-11e4-a52e-4f735466cecf":"f.3F808B98CDAAA2B1E2AEFB154760237E.d.B8678E3B9B16810465C81DE4A608BC1A.e.8715"},"getText",[]]}
COMMAND: POST /session/0fa557d69f96d3283d48a39825366b34/execute/async - {"script":"<script> [1562 bytes]","args":[{"selector":{"controlType":"sap.ui.core.Icon","viewName":"etm.portal.ui.managehandovers.view.MasterHO","properties":{"src":{"regex":{"source":"slim\\-arrow\\-right"}}}},"wdio_ui5_key":"etmportal.ui.managehandovers.view.MasterHOsap.ui.core.Icon{\"src\":{\"regex\":{\"source\":\"slim\\\\-arrow\\\\-right\"}}}"}]}
RESULT: {"script":"<script> [1562 bytes]","args":[{"selector":{"controlType":"sap.ui.core.Icon","viewName":"etm.portal.ui.managehandovers.view.MasterHO","properties":{"src":{"regex":{"source":"slim\\-arrow\\-right"}}}},"wdio_ui5_key":"etmportal.ui.managehandovers.view.MasterHOsap.ui.core.Icon{\"src\":{\"regex\":{\"source\":\"slim\\\\-arrow\\\\-right\"}}}"}]}
RESULT: undefined
COMMAND: POST /session/0fa557d69f96d3283d48a39825366b34/element - {"using":"xpath","value":"//*[@id=\"__item32-__clone16-imgNav\"]"}
RESULT: {"using":"xpath","value":"//*[@id=\"__item32-__clone16-imgNav\"]"}
COMMAND: POST /session/0fa557d69f96d3283d48a39825366b34/element/f.3F808B98CDAAA2B1E2AEFB154760237E.d.B8678E3B9B16810465C81DE4A608BC1A.e.8714/click - {}
RESULT: {}
COMMAND: GET /session/0fa557d69f96d3283d48a39825366b34/screenshot - {}
RESULT: {}
COMMAND: POST /session/0fa557d69f96d3283d48a39825366b34/execute/async - {"script":"<script> [1562 bytes]","args":[{"selector":{"controlType":"sap.m.ObjectStatus","viewName":"etm.portal.ui.managehandovers.view.DetailManageHO","viewId":"application-managehandovers-display-component---detailManageHO","labelFor":{"text":"Status"}},"wdio_ui5_key":"etmportal.ui.managehandovers.view.DetailManageHOsap.m.ObjectStatus{\"text\":\"Status\"}"}]}
RESULT: {"script":"<script> [1562 bytes]","args":[{"selector":{"controlType":"sap.m.ObjectStatus","viewName":"etm.portal.ui.managehandovers.view.DetailManageHO","viewId":"application-managehandovers-display-component---detailManageHO","labelFor":{"text":"Status"}},"wdio_ui5_key":"etmportal.ui.managehandovers.view.DetailManageHOsap.m.ObjectStatus{\"text\":\"Status\"}"}]}
RESULT: undefined
COMMAND: POST /session/0fa557d69f96d3283d48a39825366b34/execute/async - {"script":"<script> [6424 bytes]","args":[{"element-6066-11e4-a52e-4f735466cecf":"f.3F808B98CDAAA2B1E2AEFB154760237E.d.B8678E3B9B16810465C81DE4A608BC1A.e.8803"},"getText",[]]}
RESULT: {"script":"<script> [6424 bytes]","args":[{"element-6066-11e4-a52e-4f735466cecf":"f.3F808B98CDAAA2B1E2AEFB154760237E.d.B8678E3B9B16810465C81DE4A608BC1A.e.8803"},"getText",[]]}
COMMAND: POST /session/0fa557d69f96d3283d48a39825366b34/element - {"using":"xpath","value":"//a[contains(@data-kt ,\"GeneralSectionSendContractLink\")]"}
RESULT: {"using":"xpath","value":"//a[contains(@data-kt ,\"GeneralSectionSendContractLink\")]"}
COMMAND: POST /session/0fa557d69f96d3283d48a39825366b34/element/f.3F808B98CDAAA2B1E2AEFB154760237E.d.B8678E3B9B16810465C81DE4A608BC1A.e.8804/click - {}
RESULT: {}
COMMAND: GET /session/0fa557d69f96d3283d48a39825366b34/screenshot - {}
RESULT: {}
COMMAND: POST /session/0fa557d69f96d3283d48a39825366b34/elements - {"using":"xpath","value":"//a[contains(@data-kt ,\"ContextMenuId2Link\")]"}
RESULT: {"using":"xpath","value":"//a[contains(@data-kt ,\"ContextMenuId2Link\")]"}
COMMAND: POST /session/0fa557d69f96d3283d48a39825366b34/element/f.3F808B98CDAAA2B1E2AEFB154760237E.d.D530263C295332769C2D2BD061715EA1.e.8057/click - {}
COMMAND: POST /session/0fa557d69f96d3283d48a39825366b34/element - {"using":"xpath","value":"//a[contains(@data-kt ,\"ContextMenuId2Link\")]"}
RESULT: {"using":"xpath","value":"//a[contains(@data-kt ,\"ContextMenuId2Link\")]"}
COMMAND: POST /session/0fa557d69f96d3283d48a39825366b34/element/f.3F808B98CDAAA2B1E2AEFB154760237E.d.D530263C295332769C2D2BD061715EA1.e.8057/click - {}
COMMAND: POST /session/0fa557d69f96d3283d48a39825366b34/element - {"using":"xpath","value":"//a[contains(@data-kt ,\"ContextMenuId2Link\")]"}
RESULT: {"using":"xpath","value":"//a[contains(@data-kt ,\"ContextMenuId2Link\")]"}
COMMAND: POST /session/0fa557d69f96d3283d48a39825366b34/element/f.3F808B98CDAAA2B1E2AEFB154760237E.d.B8678E3B9B16810465C81DE4A608BC1A.e.8807/click - {}
RESULT: {}
COMMAND: GET /session/0fa557d69f96d3283d48a39825366b34/screenshot - {}
RESULT: {}
RESULT: undefined
RESULT: undefined
COMMAND: POST /session/0fa557d69f96d3283d48a39825366b34/execute/async - {"script":"<script> [1562 bytes]","args":[{"selector":{"controlType":"sap.m.ObjectStatus","viewName":"etm.portal.ui.managecontracts.view.Detail","bindingPath":{"propertyPath":"LINK_TO_COMMERCIAL_STATUS/DESCRIPTION","modelName":"catalogModel"}},"wdio_ui5_key":"etmportal.ui.managecontracts.view.Detailsap.m.ObjectStatus{\"propertyPath\":\"LINK_TO_COMMERCIAL_STATUS/DESCRIPTION\",\"modelName\":\"catalogModel\"}"}]}
RESULT: {"script":"<script> [1562 bytes]","args":[{"selector":{"controlType":"sap.m.ObjectStatus","viewName":"etm.portal.ui.managecontracts.view.Detail","bindingPath":{"propertyPath":"LINK_TO_COMMERCIAL_STATUS/DESCRIPTION","modelName":"catalogModel"}},"wdio_ui5_key":"etmportal.ui.managecontracts.view.Detailsap.m.ObjectStatus{\"propertyPath\":\"LINK_TO_COMMERCIAL_STATUS/DESCRIPTION\",\"modelName\":\"catalogModel\"}"}]}
RESULT: undefined
COMMAND: POST /session/0fa557d69f96d3283d48a39825366b34/execute/async - {"script":"<script> [6424 bytes]","args":[{"element-6066-11e4-a52e-4f735466cecf":"f.3F808B98CDAAA2B1E2AEFB154760237E.d.B8678E3B9B16810465C81DE4A608BC1A.e.9031"},"getText",[]]}
RESULT: {"script":"<script> [6424 bytes]","args":[{"element-6066-11e4-a52e-4f735466cecf":"f.3F808B98CDAAA2B1E2AEFB154760237E.d.B8678E3B9B16810465C81DE4A608BC1A.e.9031"},"getText",[]]}
COMMAND: POST /session/0fa557d69f96d3283d48a39825366b34/execute/async - {"script":"<script> [1562 bytes]","args":[{"selector":{"controlType":"sap.m.ObjectStatus","viewName":"etm.portal.ui.managecontracts.view.Detail","bindingPath":{"propertyPath":"LINK_TO_LOGISTICAL_STATUS/DESCRIPTION","modelName":"catalogModel"}},"wdio_ui5_key":"etmportal.ui.managecontracts.view.Detailsap.m.ObjectStatus{\"propertyPath\":\"LINK_TO_LOGISTICAL_STATUS/DESCRIPTION\",\"modelName\":\"catalogModel\"}"}]}
RESULT: {"script":"<script> [1562 bytes]","args":[{"selector":{"controlType":"sap.m.ObjectStatus","viewName":"etm.portal.ui.managecontracts.view.Detail","bindingPath":{"propertyPath":"LINK_TO_LOGISTICAL_STATUS/DESCRIPTION","modelName":"catalogModel"}},"wdio_ui5_key":"etmportal.ui.managecontracts.view.Detailsap.m.ObjectStatus{\"propertyPath\":\"LINK_TO_LOGISTICAL_STATUS/DESCRIPTION\",\"modelName\":\"catalogModel\"}"}]}
RESULT: undefined
COMMAND: POST /session/0fa557d69f96d3283d48a39825366b34/execute/async - {"script":"<script> [6424 bytes]","args":[{"element-6066-11e4-a52e-4f735466cecf":"f.3F808B98CDAAA2B1E2AEFB154760237E.d.B8678E3B9B16810465C81DE4A608BC1A.e.9032"},"getText",[]]}
RESULT: {"script":"<script> [6424 bytes]","args":[{"element-6066-11e4-a52e-4f735466cecf":"f.3F808B98CDAAA2B1E2AEFB154760237E.d.B8678E3B9B16810465C81DE4A608BC1A.e.9032"},"getText",[]]}
COMMAND: POST /session/0fa557d69f96d3283d48a39825366b34/element - {"using":"xpath","value":"//button[@data-kt=\"contractDetailEditBtnButton\"]"}
RESULT: {"using":"xpath","value":"//button[@data-kt=\"contractDetailEditBtnButton\"]"}
COMMAND: POST /session/0fa557d69f96d3283d48a39825366b34/element/f.3F808B98CDAAA2B1E2AEFB154760237E.d.B8678E3B9B16810465C81DE4A608BC1A.e.8845/click - {}
RESULT: {}
COMMAND: GET /session/0fa557d69f96d3283d48a39825366b34/screenshot - {}
RESULT: {}
COMMAND: POST /session/0fa557d69f96d3283d48a39825366b34/element - {"using":"xpath","value":"(//span[contains(text(), \"Additional Addresses\")])[2]"}
RESULT: {"using":"xpath","value":"(//span[contains(text(), \"Additional Addresses\")])[2]"}
COMMAND: POST /session/0fa557d69f96d3283d48a39825366b34/element/f.3F808B98CDAAA2B1E2AEFB154760237E.d.B8678E3B9B16810465C81DE4A608BC1A.e.9093/click - {}
RESULT: {}
COMMAND: GET /session/0fa557d69f96d3283d48a39825366b34/screenshot - {}
RESULT: {}
COMMAND: POST /session/0fa557d69f96d3283d48a39825366b34/element - {"using":"xpath","value":"//button[@data-kt=\"btnAddTableRowOverflowToolbarButton\"]"}
RESULT: {"using":"xpath","value":"//button[@data-kt=\"btnAddTableRowOverflowToolbarButton\"]"}
COMMAND: POST /session/0fa557d69f96d3283d48a39825366b34/element/f.3F808B98CDAAA2B1E2AEFB154760237E.d.B8678E3B9B16810465C81DE4A608BC1A.e.9095/click - {}
RESULT: {}
COMMAND: GET /session/0fa557d69f96d3283d48a39825366b34/screenshot - {}
RESULT: {}
COMMAND: POST /session/0fa557d69f96d3283d48a39825366b34/element - {"using":"xpath","value":"//div[(text() = 'Standard Entry' or . = 'Standard Entry')]"}
RESULT: {"using":"xpath","value":"//div[(text() = 'Standard Entry' or . = 'Standard Entry')]"}
COMMAND: POST /session/0fa557d69f96d3283d48a39825366b34/element/f.3F808B98CDAAA2B1E2AEFB154760237E.d.B8678E3B9B16810465C81DE4A608BC1A.e.9097/click - {}
RESULT: {}
COMMAND: POST /session/0fa557d69f96d3283d48a39825366b34/execute/async - {"script":"<script> [1562 bytes]","args":[{"selector":{"controlType":"sap.ui.core.Icon","viewName":"etm.portal.ui.managecontracts.view.EditContract","properties":{"src":{"regex":{"source":"slim\\-arrow\\-down"}}},"ancestor":{"controlType":"sap.m.ComboBox","viewName":"etm.portal.ui.managecontracts.view.EditContract","bindingPath":{"propertyPath":"RU_TYPE","modelName":"catalogModel"}}},"wdio_ui5_key":"etmportal.ui.managecontracts.view.EditContractsap.ui.core.Icon{\"src\":{\"regex\":{\"source\":\"slim\\\\-arrow\\\\-down\"}}}{\"controlType\":\"sap.m.ComboBox\",\"viewName\":\"etm.portal.ui.managecontracts.view.EditContract\",\"bindingPath\":{\"propertyPath\":\"RU_TYPE\",\"modelName\":\"catalogModel\"}}"}]}
COMMAND: GET /session/0fa557d69f96d3283d48a39825366b34/screenshot - {}
RESULT: {"script":"<script> [1562 bytes]","args":[{"selector":{"controlType":"sap.ui.core.Icon","viewName":"etm.portal.ui.managecontracts.view.EditContract","properties":{"src":{"regex":{"source":"slim\\-arrow\\-down"}}},"ancestor":{"controlType":"sap.m.ComboBox","viewName":"etm.portal.ui.managecontracts.view.EditContract","bindingPath":{"propertyPath":"RU_TYPE","modelName":"catalogModel"}}},"wdio_ui5_key":"etmportal.ui.managecontracts.view.EditContractsap.ui.core.Icon{\"src\":{\"regex\":{\"source\":\"slim\\\\-arrow\\\\-down\"}}}{\"controlType\":\"sap.m.ComboBox\",\"viewName\":\"etm.portal.ui.managecontracts.view.EditContract\",\"bindingPath\":{\"propertyPath\":\"RU_TYPE\",\"modelName\":\"catalogModel\"}}"}]}
RESULT: undefined
COMMAND: POST /session/0fa557d69f96d3283d48a39825366b34/element - {"using":"xpath","value":"//*[@id=\"__box20-arrow\"]"}
RESULT: {}
RESULT: {"using":"xpath","value":"//*[@id=\"__box20-arrow\"]"}
COMMAND: POST /session/0fa557d69f96d3283d48a39825366b34/element/f.3F808B98CDAAA2B1E2AEFB154760237E.d.B8678E3B9B16810465C81DE4A608BC1A.e.9112/click - {}
RESULT: {}
COMMAND: POST /session/0fa557d69f96d3283d48a39825366b34/execute/async - {"script":"<script> [1562 bytes]","args":[{"selector":{"controlType":"sap.m.StandardListItem","viewName":"etm.portal.ui.managecontracts.view.EditContract","properties":{"title":"Material"},"searchOpenDialogs":true,"interaction":{"idSuffix":"content"}},"wdio_ui5_key":"etmportal.ui.managecontracts.view.EditContractsap.m.StandardListItem{\"title\":\"Material\"}"}]}
COMMAND: GET /session/0fa557d69f96d3283d48a39825366b34/screenshot - {}
RESULT: {"script":"<script> [1562 bytes]","args":[{"selector":{"controlType":"sap.m.StandardListItem","viewName":"etm.portal.ui.managecontracts.view.EditContract","properties":{"title":"Material"},"searchOpenDialogs":true,"interaction":{"idSuffix":"content"}},"wdio_ui5_key":"etmportal.ui.managecontracts.view.EditContractsap.m.StandardListItem{\"title\":\"Material\"}"}]}
RESULT: undefined
COMMAND: POST /session/0fa557d69f96d3283d48a39825366b34/element - {"using":"xpath","value":"//*[@id=\"__item96\"]"}
RESULT: {}
RESULT: {"using":"xpath","value":"//*[@id=\"__item96\"]"}
COMMAND: POST /session/0fa557d69f96d3283d48a39825366b34/element/f.3F808B98CDAAA2B1E2AEFB154760237E.d.B8678E3B9B16810465C81DE4A608BC1A.e.9115/click - {}
RESULT: {}
COMMAND: POST /session/0fa557d69f96d3283d48a39825366b34/element - {"using":"xpath","value":"//td[7]/div/div/input"}
COMMAND: GET /session/0fa557d69f96d3283d48a39825366b34/screenshot - {}
RESULT: {"using":"xpath","value":"//td[7]/div/div/input"}
COMMAND: POST /session/0fa557d69f96d3283d48a39825366b34/element/f.3F808B98CDAAA2B1E2AEFB154760237E.d.B8678E3B9B16810465C81DE4A608BC1A.e.9118/clear - {}
RESULT: {}
RESULT: {}
COMMAND: POST /session/0fa557d69f96d3283d48a39825366b34/element/f.3F808B98CDAAA2B1E2AEFB154760237E.d.B8678E3B9B16810465C81DE4A608BC1A.e.9118/value - {"text":"WebdriverRUR2C23kknl"}
COMMAND: GET /session/0fa557d69f96d3283d48a39825366b34/screenshot - {}
RESULT: {"text":"WebdriverRUR2C23kknl"}
COMMAND: GET /session/0fa557d69f96d3283d48a39825366b34/screenshot - {}
RESULT: {}
RESULT: {}
COMMAND: POST /session/0fa557d69f96d3283d48a39825366b34/actions - {"actions":[{"id":"action22","type":"key","parameters":{},"actions":[{"type":"keyDown","value":""},{"type":"pause","duration":10},{"type":"keyUp","value":""}]}]}
RESULT: {"actions":[{"id":"action22","type":"key","parameters":{},"actions":[{"type":"keyDown","value":""},{"type":"pause","duration":10},{"type":"keyUp","value":""}]}]}
COMMAND: GET /session/0fa557d69f96d3283d48a39825366b34/screenshot - {}
RESULT: {}
COMMAND: POST /session/0fa557d69f96d3283d48a39825366b34/element - {"using":"xpath","value":"//button[@data-kt=\"saveButton\"]"}
RESULT: {"using":"xpath","value":"//button[@data-kt=\"saveButton\"]"}
COMMAND: POST /session/0fa557d69f96d3283d48a39825366b34/element/f.3F808B98CDAAA2B1E2AEFB154760237E.d.B8678E3B9B16810465C81DE4A608BC1A.e.9141/click - {}
RESULT: {}
COMMAND: GET /session/0fa557d69f96d3283d48a39825366b34/screenshot - {}
RESULT: {}
RESULT: undefined
COMMAND: POST /session/0fa557d69f96d3283d48a39825366b34/execute/async - {"script":"<script> [6424 bytes]","args":[{"element-6066-11e4-a52e-4f735466cecf":"f.3F808B98CDAAA2B1E2AEFB154760237E.d.B8678E3B9B16810465C81DE4A608BC1A.e.9032"},"getText",[]]}
RESULT: {"script":"<script> [6424 bytes]","args":[{"element-6066-11e4-a52e-4f735466cecf":"f.3F808B98CDAAA2B1E2AEFB154760237E.d.B8678E3B9B16810465C81DE4A608BC1A.e.9032"},"getText",[]]}
COMMAND: POST /session/0fa557d69f96d3283d48a39825366b34/element - {"using":"css selector","value":"#j_username"}
COMMAND: POST /session/0fa557d69f96d3283d48a39825366b34/url - {"url":"https://qa-testing-00-live-etm-ui.cfapps.eu10-004.hana.ondemand.com/"}
RESULT: {"url":"https://qa-testing-00-live-etm-ui.cfapps.eu10-004.hana.ondemand.com/"}
RESULT: undefined
COMMAND: GET /session/0fa557d69f96d3283d48a39825366b34/screenshot - {}
RESULT: {"using":"css selector","value":"#j_username"}
COMMAND: POST /session/0fa557d69f96d3283d48a39825366b34/element - {"using":"css selector","value":"#j_username"}
RESULT: {}
RESULT: {"using":"css selector","value":"#j_username"}
COMMAND: POST /session/0fa557d69f96d3283d48a39825366b34/element - {"using":"css selector","value":"#shell-header-logo"}
RESULT: {"using":"css selector","value":"#shell-header-logo"}
COMMAND: POST /session/0fa557d69f96d3283d48a39825366b34/execute/sync - {"script":"<script> [8489 bytes]","args":[{"element-6066-11e4-a52e-4f735466cecf":"f.3F808B98CDAAA2B1E2AEFB154760237E.d.96475B23FCE91761B21C2608825F1CA0.e.9153","ELEMENT":"f.3F808B98CDAAA2B1E2AEFB154760237E.d.96475B23FCE91761B21C2608825F1CA0.e.9153"}]}
RESULT: {"script":"<script> [8489 bytes]","args":[{"element-6066-11e4-a52e-4f735466cecf":"f.3F808B98CDAAA2B1E2AEFB154760237E.d.96475B23FCE91761B21C2608825F1CA0.e.9153","ELEMENT":"f.3F808B98CDAAA2B1E2AEFB154760237E.d.96475B23FCE91761B21C2608825F1CA0.e.9153"}]}
COMMAND: POST /session/0fa557d69f96d3283d48a39825366b34/element - {"using":"css selector","value":"#shell-header-logo"}
COMMAND: GET /session/0fa557d69f96d3283d48a39825366b34/screenshot - {}
RESULT: {"using":"css selector","value":"#shell-header-logo"}
COMMAND: POST /session/0fa557d69f96d3283d48a39825366b34/execute/sync - {"script":"<script> [8489 bytes]","args":[{"element-6066-11e4-a52e-4f735466cecf":"f.3F808B98CDAAA2B1E2AEFB154760237E.d.96475B23FCE91761B21C2608825F1CA0.e.9153","ELEMENT":"f.3F808B98CDAAA2B1E2AEFB154760237E.d.96475B23FCE91761B21C2608825F1CA0.e.9153"}]}
RESULT: {}
RESULT: {"script":"<script> [8489 bytes]","args":[{"element-6066-11e4-a52e-4f735466cecf":"f.3F808B98CDAAA2B1E2AEFB154760237E.d.96475B23FCE91761B21C2608825F1CA0.e.9153","ELEMENT":"f.3F808B98CDAAA2B1E2AEFB154760237E.d.96475B23FCE91761B21C2608825F1CA0.e.9153"}]}
COMMAND: POST /session/0fa557d69f96d3283d48a39825366b34/execute/sync - {"script":"<script> [5351 bytes]","args":[{"element-6066-11e4-a52e-4f735466cecf":"f.3F808B98CDAAA2B1E2AEFB154760237E.d.96475B23FCE91761B21C2608825F1CA0.e.9153","ELEMENT":"f.3F808B98CDAAA2B1E2AEFB154760237E.d.96475B23FCE91761B21C2608825F1CA0.e.9153"}]}
COMMAND: GET /session/0fa557d69f96d3283d48a39825366b34/screenshot - {}
RESULT: {"script":"<script> [5351 bytes]","args":[{"element-6066-11e4-a52e-4f735466cecf":"f.3F808B98CDAAA2B1E2AEFB154760237E.d.96475B23FCE91761B21C2608825F1CA0.e.9153","ELEMENT":"f.3F808B98CDAAA2B1E2AEFB154760237E.d.96475B23FCE91761B21C2608825F1CA0.e.9153"}]}
COMMAND: POST /session/0fa557d69f96d3283d48a39825366b34/element - {"using":"css selector","value":"#shell-header-logo"}
COMMAND: GET /session/0fa557d69f96d3283d48a39825366b34/screenshot - {}
RESULT: {}
RESULT: {"using":"css selector","value":"#shell-header-logo"}
COMMAND: POST /session/0fa557d69f96d3283d48a39825366b34/element/f.3F808B98CDAAA2B1E2AEFB154760237E.d.96475B23FCE91761B21C2608825F1CA0.e.9153/click - {}
RESULT: {}
RESULT: {}
COMMAND: GET /session/0fa557d69f96d3283d48a39825366b34/screenshot - {}
RESULT: {}
COMMAND: POST /session/0fa557d69f96d3283d48a39825366b34/execute/async - {"script":"<script> [189 bytes]","args":[]}
RESULT: {"script":"<script> [189 bytes]","args":[]}
COMMAND: POST /session/0fa557d69f96d3283d48a39825366b34/execute/async - {"script":"<script> [123 bytes]","args":[]}
RESULT: {"script":"<script> [123 bytes]","args":[]}
COMMAND: POST /session/0fa557d69f96d3283d48a39825366b34/timeouts - {"script":"<number>"}
RESULT: {"script":"<number>"}
COMMAND: GET /session/0fa557d69f96d3283d48a39825366b34/timeouts - {}
RESULT: {}
RESULT: undefined
COMMAND: POST /session/0fa557d69f96d3283d48a39825366b34/execute/async - {"script":"<script> [2676 bytes]","args":[]}
RESULT: {"script":"<script> [2676 bytes]","args":[]}
COMMAND: POST /session/0fa557d69f96d3283d48a39825366b34/execute/async - {"script":"<script> [2342 bytes]","args":[{"protocol":"http","hostname":"0.0.0.0","path":"/","capabilities":{"browserName":"chrome","goog:chromeOptions":{"binary":"C:\\Program Files\\Google\\Chrome\\Application\\chrome.exe","args":["--start-maximized"]}},"logLevel":"warn","connectionRetryTimeout":120000,"connectionRetryCount":3,"logLevels":{},"enableDirectConnect":true,"strictSSL":true,"_":"65 more keys: [\"cacheDir\",\"port\",\"requestedCapabilities\",\"automationProtocol\",\"baseUrl\",\"waitforInterval\",\"waitforTimeout\",\"onReload\",\"beforeCommand\",\"afterCommand\",\"rootDir\",\"specs\",\"suites\",\"exclude\",\"groupLogsByTestSpec\",\"excludeDriverLogs\",\"bail\",\"framework\",\"reporters\",\"services\",\"maxInstances\",\"maxInstancesPerCapability\",\"injectGlobals\",\"filesToWatch\",\"execArgv\",\"runnerEnv\",\"runner\",\"shard\",\"specFileRetries\",\"specFileRetriesDelay\",\"specFileRetriesDeferred\",\"reporterSyncInterval\",\"reporterSyncTimeout\",\"cucumberFeaturesWithLineNumbers\",\"autoCompileOpts\",\"mochaOpts\",\"jasmineOpts\",\"cucumberOpts\",\"onPrepare\",\"onWorkerStart\",\"onWorkerEnd\",\"before\",\"beforeSession\",\"beforeSuite\",\"beforeHook\",\"beforeTest\",\"afterTest\",\"afterHook\",\"afterSuite\",\"afterSession\",\"after\",\"onComplete\",\"beforeAssertion\",\"afterAssertion\",\"beforeFeature\",\"beforeScenario\",\"beforeStep\",\"afterStep\",\"afterScenario\",\"afterFeature\",\"_\",\"suite\",\"$0\",\"ignoredWorkerServices\",\"wdi5\"]"}]}
RESULT: {"script":"<script> [2342 bytes]","args":[{"protocol":"http","hostname":"0.0.0.0","path":"/","capabilities":{"browserName":"chrome","goog:chromeOptions":{"binary":"C:\\Program Files\\Google\\Chrome\\Application\\chrome.exe","args":["--start-maximized"]}},"logLevel":"warn","connectionRetryTimeout":120000,"connectionRetryCount":3,"logLevels":{},"enableDirectConnect":true,"strictSSL":true,"_":"65 more keys: [\"cacheDir\",\"port\",\"requestedCapabilities\",\"automationProtocol\",\"baseUrl\",\"waitforInterval\",\"waitforTimeout\",\"onReload\",\"beforeCommand\",\"afterCommand\",\"rootDir\",\"specs\",\"suites\",\"exclude\",\"groupLogsByTestSpec\",\"excludeDriverLogs\",\"bail\",\"framework\",\"reporters\",\"services\",\"maxInstances\",\"maxInstancesPerCapability\",\"injectGlobals\",\"filesToWatch\",\"execArgv\",\"runnerEnv\",\"runner\",\"shard\",\"specFileRetries\",\"specFileRetriesDelay\",\"specFileRetriesDeferred\",\"reporterSyncInterval\",\"reporterSyncTimeout\",\"cucumberFeaturesWithLineNumbers\",\"autoCompileOpts\",\"mochaOpts\",\"jasmineOpts\",\"cucumberOpts\",\"onPrepare\",\"onWorkerStart\",\"onWorkerEnd\",\"before\",\"beforeSession\",\"beforeSuite\",\"beforeHook\",\"beforeTest\",\"afterTest\",\"afterHook\",\"afterSuite\",\"afterSession\",\"after\",\"onComplete\",\"beforeAssertion\",\"afterAssertion\",\"beforeFeature\",\"beforeScenario\",\"beforeStep\",\"afterStep\",\"afterScenario\",\"afterFeature\",\"_\",\"suite\",\"$0\",\"ignoredWorkerServices\",\"wdi5\"]"}]}
COMMAND: POST /session/0fa557d69f96d3283d48a39825366b34/execute/async - {"script":"<script> [21126 bytes]","args":[35000]}
RESULT: {"script":"<script> [21126 bytes]","args":[35000]}
COMMAND: POST /session/0fa557d69f96d3283d48a39825366b34/window/maximize - {}
RESULT: {}
COMMAND: POST /session/0fa557d69f96d3283d48a39825366b34/execute/async - {"script":"<script> [1562 bytes]","args":[{"selector":{"id":"shell-header","interaction":{"idSuffix":"icon"}},"wdio_ui5_key":"shellheader"}]}
COMMAND: GET /session/0fa557d69f96d3283d48a39825366b34/screenshot - {}
RESULT: {"script":"<script> [1562 bytes]","args":[{"selector":{"id":"shell-header","interaction":{"idSuffix":"icon"}},"wdio_ui5_key":"shellheader"}]}
RESULT: undefined
RESULT: {}
COMMAND: POST /session/0fa557d69f96d3283d48a39825366b34/execute/async - {"script":"<script> [1562 bytes]","args":[{"selector":{"controlType":"sap.m.GenericTile","properties":{"header":"Manage Sites"}},"wdio_ui5_key":"sapm.GenericTile{\"header\":\"Manage Sites\"}"}]}
RESULT: {"script":"<script> [1562 bytes]","args":[{"selector":{"controlType":"sap.m.GenericTile","properties":{"header":"Manage Sites"}},"wdio_ui5_key":"sapm.GenericTile{\"header\":\"Manage Sites\"}"}]}
RESULT: undefined
COMMAND: POST /session/0fa557d69f96d3283d48a39825366b34/element - {"using":"xpath","value":"//*[@id=\"__tile40\"]"}
RESULT: {"using":"xpath","value":"//*[@id=\"__tile40\"]"}
COMMAND: POST /session/0fa557d69f96d3283d48a39825366b34/element/f.3F808B98CDAAA2B1E2AEFB154760237E.d.96475B23FCE91761B21C2608825F1CA0.e.9161/click - {}
RESULT: {}
COMMAND: GET /session/0fa557d69f96d3283d48a39825366b34/screenshot - {}
RESULT: {}
]]></system-out>
    </testcase>
  </testsuite>
  <testsuite timestamp="2025-04-15T15:52:29" time="126.098" tests="2" failures="0" errors="0" skipped="0">
    <properties>
      <property name="specId" value="0"/>
      <property name="suiteName" value="Dynamic site option US120073"/>
      <property name="capabilities" value="chrome.135_0_7049_42.windows"/>
      <property name="file" value="file:///D:/a/1/s/test/specs/R2C/dynamic-site-option.spec.js"/>
    </properties>
    <testcase classname="chrome.135_0_7049_42.windows.Dynamic_site_option_US120073" name="Should create new site" time="74.952">
      <system-out><![CDATA[
COMMAND: POST /session/0fa557d69f96d3283d48a39825366b34/execute/async - {"script":"<script> [1562 bytes]","args":[{"selector":{"controlType":"sap.ui.core.Icon","viewName":"etm.portal.ui.managesites.view.Master","viewId":"application-managesites-display-component---masterSite","properties":{"src":{"regex":{"source":"add"}}}},"wdio_ui5_key":"etmportal.ui.managesites.view.Mastersap.ui.core.Icon{\"src\":{\"regex\":{\"source\":\"add\"}}}"}]}
RESULT: {"script":"<script> [1562 bytes]","args":[{"selector":{"controlType":"sap.ui.core.Icon","viewName":"etm.portal.ui.managesites.view.Master","viewId":"application-managesites-display-component---masterSite","properties":{"src":{"regex":{"source":"add"}}}},"wdio_ui5_key":"etmportal.ui.managesites.view.Mastersap.ui.core.Icon{\"src\":{\"regex\":{\"source\":\"add\"}}}"}]}
RESULT: undefined
COMMAND: POST /session/0fa557d69f96d3283d48a39825366b34/element - {"using":"xpath","value":"//*[@id=\"__button4-img\"]"}
RESULT: {"using":"xpath","value":"//*[@id=\"__button4-img\"]"}
COMMAND: POST /session/0fa557d69f96d3283d48a39825366b34/element/f.3F808B98CDAAA2B1E2AEFB154760237E.d.96475B23FCE91761B21C2608825F1CA0.e.9208/click - {}
RESULT: {}
COMMAND: POST /session/0fa557d69f96d3283d48a39825366b34/execute/async - {"script":"<script> [1562 bytes]","args":[{"selector":{"id":"application-managesites-display-component---NewSite--siteId","interaction":{"idSuffix":"inner"}},"wdio_ui5_key":"applicationmanagesites-display-component---NewSite--siteId"}]}
COMMAND: GET /session/0fa557d69f96d3283d48a39825366b34/screenshot - {}
RESULT: {"script":"<script> [1562 bytes]","args":[{"selector":{"id":"application-managesites-display-component---NewSite--siteId","interaction":{"idSuffix":"inner"}},"wdio_ui5_key":"applicationmanagesites-display-component---NewSite--siteId"}]}
RESULT: undefined
COMMAND: POST /session/0fa557d69f96d3283d48a39825366b34/execute/async - {"script":"<script> [1562 bytes]","args":[{"selector":{"id":"application-managesites-display-component---NewSite--addressDetailDetailsName1","interaction":{"idSuffix":"inner"}},"wdio_ui5_key":"applicationmanagesites-display-component---NewSite--addressDetailDetailsName1"}]}
RESULT: {}
RESULT: {"script":"<script> [1562 bytes]","args":[{"selector":{"id":"application-managesites-display-component---NewSite--addressDetailDetailsName1","interaction":{"idSuffix":"inner"}},"wdio_ui5_key":"applicationmanagesites-display-component---NewSite--addressDetailDetailsName1"}]}
RESULT: undefined
COMMAND: POST /session/0fa557d69f96d3283d48a39825366b34/execute/async - {"script":"<script> [776 bytes]","args":[{"enterText":"Webdriver Site b3d15i","selector":{"id":"application-managesites-display-component---NewSite--addressDetailDetailsName1","interaction":{"idSuffix":"inner"}},"clearTextFirst":true,"interactionType":"ENTER_TEXT"}]}
RESULT: {"script":"<script> [776 bytes]","args":[{"enterText":"Webdriver Site b3d15i","selector":{"id":"application-managesites-display-component---NewSite--addressDetailDetailsName1","interaction":{"idSuffix":"inner"}},"clearTextFirst":true,"interactionType":"ENTER_TEXT"}]}
COMMAND: POST /session/0fa557d69f96d3283d48a39825366b34/execute/async - {"script":"<script> [1562 bytes]","args":[{"selector":{"id":"application-managesites-display-component---NewSite--addressDetailDetailsLanguage","interaction":{"idSuffix":"inner"}},"wdio_ui5_key":"applicationmanagesites-display-component---NewSite--addressDetailDetailsLanguage"}]}
RESULT: {"script":"<script> [1562 bytes]","args":[{"selector":{"id":"application-managesites-display-component---NewSite--addressDetailDetailsLanguage","interaction":{"idSuffix":"inner"}},"wdio_ui5_key":"applicationmanagesites-display-component---NewSite--addressDetailDetailsLanguage"}]}
RESULT: undefined
COMMAND: POST /session/0fa557d69f96d3283d48a39825366b34/execute/async - {"script":"<script> [776 bytes]","args":[{"enterText":"Romanian","selector":{"id":"application-managesites-display-component---NewSite--addressDetailDetailsLanguage","interaction":{"idSuffix":"inner"}},"clearTextFirst":true,"interactionType":"ENTER_TEXT"}]}
RESULT: {"script":"<script> [776 bytes]","args":[{"enterText":"Romanian","selector":{"id":"application-managesites-display-component---NewSite--addressDetailDetailsLanguage","interaction":{"idSuffix":"inner"}},"clearTextFirst":true,"interactionType":"ENTER_TEXT"}]}
COMMAND: POST /session/0fa557d69f96d3283d48a39825366b34/execute/async - {"script":"<script> [1562 bytes]","args":[{"selector":{"id":"application-managesites-display-component---NewSite--addressDetailDetailsCity1","interaction":{"idSuffix":"inner"}},"wdio_ui5_key":"applicationmanagesites-display-component---NewSite--addressDetailDetailsCity1"}]}
RESULT: {"script":"<script> [1562 bytes]","args":[{"selector":{"id":"application-managesites-display-component---NewSite--addressDetailDetailsCity1","interaction":{"idSuffix":"inner"}},"wdio_ui5_key":"applicationmanagesites-display-component---NewSite--addressDetailDetailsCity1"}]}
RESULT: undefined
COMMAND: POST /session/0fa557d69f96d3283d48a39825366b34/execute/async - {"script":"<script> [776 bytes]","args":[{"enterText":"Bucharest","selector":{"id":"application-managesites-display-component---NewSite--addressDetailDetailsCity1","interaction":{"idSuffix":"inner"}},"clearTextFirst":true,"interactionType":"ENTER_TEXT"}]}
RESULT: {"script":"<script> [776 bytes]","args":[{"enterText":"Bucharest","selector":{"id":"application-managesites-display-component---NewSite--addressDetailDetailsCity1","interaction":{"idSuffix":"inner"}},"clearTextFirst":true,"interactionType":"ENTER_TEXT"}]}
COMMAND: POST /session/0fa557d69f96d3283d48a39825366b34/execute/async - {"script":"<script> [1562 bytes]","args":[{"selector":{"id":"application-managesites-display-component---NewSite--addressDetailDetailsCountry","interaction":{"idSuffix":"inner"}},"wdio_ui5_key":"applicationmanagesites-display-component---NewSite--addressDetailDetailsCountry"}]}
RESULT: {"script":"<script> [1562 bytes]","args":[{"selector":{"id":"application-managesites-display-component---NewSite--addressDetailDetailsCountry","interaction":{"idSuffix":"inner"}},"wdio_ui5_key":"applicationmanagesites-display-component---NewSite--addressDetailDetailsCountry"}]}
RESULT: undefined
COMMAND: POST /session/0fa557d69f96d3283d48a39825366b34/execute/async - {"script":"<script> [776 bytes]","args":[{"enterText":"Romania","selector":{"id":"application-managesites-display-component---NewSite--addressDetailDetailsCountry","interaction":{"idSuffix":"inner"}},"clearTextFirst":true,"interactionType":"ENTER_TEXT"}]}
RESULT: {"script":"<script> [776 bytes]","args":[{"enterText":"Romania","selector":{"id":"application-managesites-display-component---NewSite--addressDetailDetailsCountry","interaction":{"idSuffix":"inner"}},"clearTextFirst":true,"interactionType":"ENTER_TEXT"}]}
COMMAND: POST /session/0fa557d69f96d3283d48a39825366b34/execute/async - {"script":"<script> [1562 bytes]","args":[{"selector":{"id":"application-managesites-display-component---NewSite--addressDetailDetailsCalendar","interaction":{"idSuffix":"inner"}},"wdio_ui5_key":"applicationmanagesites-display-component---NewSite--addressDetailDetailsCalendar"}]}
RESULT: {"script":"<script> [1562 bytes]","args":[{"selector":{"id":"application-managesites-display-component---NewSite--addressDetailDetailsCalendar","interaction":{"idSuffix":"inner"}},"wdio_ui5_key":"applicationmanagesites-display-component---NewSite--addressDetailDetailsCalendar"}]}
RESULT: undefined
COMMAND: POST /session/0fa557d69f96d3283d48a39825366b34/execute/async - {"script":"<script> [776 bytes]","args":[{"enterText":"Germany","selector":{"id":"application-managesites-display-component---NewSite--addressDetailDetailsCalendar","interaction":{"idSuffix":"inner"}},"clearTextFirst":true,"interactionType":"ENTER_TEXT"}]}
RESULT: {"script":"<script> [776 bytes]","args":[{"enterText":"Germany","selector":{"id":"application-managesites-display-component---NewSite--addressDetailDetailsCalendar","interaction":{"idSuffix":"inner"}},"clearTextFirst":true,"interactionType":"ENTER_TEXT"}]}
COMMAND: POST /session/0fa557d69f96d3283d48a39825366b34/execute/async - {"script":"<script> [1562 bytes]","args":[{"selector":{"id":"application-managesites-display-component---NewSite--addressEditDetailsCostObjectCstType-arrow"},"wdio_ui5_key":"applicationmanagesites-display-component---NewSite--addressEditDetailsCostObjectCstType-arrow"}]}
RESULT: {"script":"<script> [1562 bytes]","args":[{"selector":{"id":"application-managesites-display-component---NewSite--addressEditDetailsCostObjectCstType-arrow"},"wdio_ui5_key":"applicationmanagesites-display-component---NewSite--addressEditDetailsCostObjectCstType-arrow"}]}
RESULT: undefined
COMMAND: POST /session/0fa557d69f96d3283d48a39825366b34/element - {"using":"xpath","value":"//*[@id=\"application-managesites-display-component---NewSite--addressEditDetailsCostObjectCstType-arrow\"]"}
RESULT: {"using":"xpath","value":"//*[@id=\"application-managesites-display-component---NewSite--addressEditDetailsCostObjectCstType-arrow\"]"}
COMMAND: POST /session/0fa557d69f96d3283d48a39825366b34/element/f.3F808B98CDAAA2B1E2AEFB154760237E.d.96475B23FCE91761B21C2608825F1CA0.e.9588/click - {}
RESULT: {}
COMMAND: POST /session/0fa557d69f96d3283d48a39825366b34/element - {"using":"xpath","value":"//span[contains(text(), \"Work Breakdown Structure\")]"}
COMMAND: GET /session/0fa557d69f96d3283d48a39825366b34/screenshot - {}
RESULT: {"using":"xpath","value":"//span[contains(text(), \"Work Breakdown Structure\")]"}
COMMAND: POST /session/0fa557d69f96d3283d48a39825366b34/element/f.3F808B98CDAAA2B1E2AEFB154760237E.d.96475B23FCE91761B21C2608825F1CA0.e.9589/click - {}
RESULT: {}
RESULT: {}
COMMAND: GET /session/0fa557d69f96d3283d48a39825366b34/screenshot - {}
RESULT: {}
COMMAND: POST /session/0fa557d69f96d3283d48a39825366b34/execute/async - {"script":"<script> [1562 bytes]","args":[{"selector":{"id":"application-managesites-display-component---NewSite--addressNewCostObjectCstID-vhi"},"wdio_ui5_key":"applicationmanagesites-display-component---NewSite--addressNewCostObjectCstID-vhi"}]}
RESULT: {"script":"<script> [1562 bytes]","args":[{"selector":{"id":"application-managesites-display-component---NewSite--addressNewCostObjectCstID-vhi"},"wdio_ui5_key":"applicationmanagesites-display-component---NewSite--addressNewCostObjectCstID-vhi"}]}
RESULT: undefined
COMMAND: POST /session/0fa557d69f96d3283d48a39825366b34/element - {"using":"xpath","value":"//*[@id=\"application-managesites-display-component---NewSite--addressNewCostObjectCstID-vhi\"]"}
RESULT: {"using":"xpath","value":"//*[@id=\"application-managesites-display-component---NewSite--addressNewCostObjectCstID-vhi\"]"}
COMMAND: POST /session/0fa557d69f96d3283d48a39825366b34/element/f.3F808B98CDAAA2B1E2AEFB154760237E.d.96475B23FCE91761B21C2608825F1CA0.e.9593/click - {}
RESULT: {}
COMMAND: GET /session/0fa557d69f96d3283d48a39825366b34/screenshot - {}
RESULT: {}
COMMAND: POST /session/0fa557d69f96d3283d48a39825366b34/execute/async - {"script":"<script> [1562 bytes]","args":[{"selector":{"controlType":"sap.m.SearchField","properties":{"placeholder":"Search"},"searchOpenDialogs":true,"interaction":{"idSuffix":"I"}},"wdio_ui5_key":"sapm.SearchField{\"placeholder\":\"Search\"}"}]}
RESULT: {"script":"<script> [1562 bytes]","args":[{"selector":{"controlType":"sap.m.SearchField","properties":{"placeholder":"Search"},"searchOpenDialogs":true,"interaction":{"idSuffix":"I"}},"wdio_ui5_key":"sapm.SearchField{\"placeholder\":\"Search\"}"}]}
RESULT: undefined
COMMAND: POST /session/0fa557d69f96d3283d48a39825366b34/execute/async - {"script":"<script> [776 bytes]","args":[{"enterText":"A1-000100-01","selector":{"controlType":"sap.m.SearchField","properties":{"placeholder":"Search"},"searchOpenDialogs":true,"interaction":{"idSuffix":"I"}},"clearTextFirst":true,"interactionType":"ENTER_TEXT"}]}
RESULT: {"script":"<script> [776 bytes]","args":[{"enterText":"A1-000100-01","selector":{"controlType":"sap.m.SearchField","properties":{"placeholder":"Search"},"searchOpenDialogs":true,"interaction":{"idSuffix":"I"}},"clearTextFirst":true,"interactionType":"ENTER_TEXT"}]}
COMMAND: POST /session/0fa557d69f96d3283d48a39825366b34/actions - {"actions":[{"id":"action23","type":"key","parameters":{},"actions":[{"type":"keyDown","value":""},{"type":"pause","duration":10},{"type":"keyUp","value":""}]}]}
RESULT: {"actions":[{"id":"action23","type":"key","parameters":{},"actions":[{"type":"keyDown","value":""},{"type":"pause","duration":10},{"type":"keyUp","value":""}]}]}
COMMAND: GET /session/0fa557d69f96d3283d48a39825366b34/screenshot - {}
RESULT: {}
COMMAND: POST /session/0fa557d69f96d3283d48a39825366b34/element - {"using":"xpath","value":"//span[contains(text(), \"Template for ETO-Process\")]"}
RESULT: {"using":"xpath","value":"//span[contains(text(), \"Template for ETO-Process\")]"}
COMMAND: POST /session/0fa557d69f96d3283d48a39825366b34/element/f.3F808B98CDAAA2B1E2AEFB154760237E.d.96475B23FCE91761B21C2608825F1CA0.e.9613/click - {}
RESULT: {}
COMMAND: GET /session/0fa557d69f96d3283d48a39825366b34/screenshot - {}
RESULT: {}
COMMAND: POST /session/0fa557d69f96d3283d48a39825366b34/element - {"using":"xpath","value":"//bdi[contains(text(), \"OK\")]"}
RESULT: {"using":"xpath","value":"//bdi[contains(text(), \"OK\")]"}
COMMAND: POST /session/0fa557d69f96d3283d48a39825366b34/element/f.3F808B98CDAAA2B1E2AEFB154760237E.d.96475B23FCE91761B21C2608825F1CA0.e.9614/click - {}
RESULT: {}
COMMAND: GET /session/0fa557d69f96d3283d48a39825366b34/screenshot - {}
RESULT: {}
COMMAND: POST /session/0fa557d69f96d3283d48a39825366b34/element - {"using":"xpath","value":"//input[@id=\"application-managesites-display-component---NewSite--addressDetailDetailsYard-inner\"]"}
RESULT: {"using":"xpath","value":"//input[@id=\"application-managesites-display-component---NewSite--addressDetailDetailsYard-inner\"]"}
COMMAND: POST /session/0fa557d69f96d3283d48a39825366b34/element/f.3F808B98CDAAA2B1E2AEFB154760237E.d.96475B23FCE91761B21C2608825F1CA0.e.9391/value - {"text":"webdriver"}
RESULT: {"text":"webdriver"}
COMMAND: GET /session/0fa557d69f96d3283d48a39825366b34/screenshot - {}
RESULT: {}
COMMAND: POST /session/0fa557d69f96d3283d48a39825366b34/actions - {"actions":[{"id":"action24","type":"key","parameters":{},"actions":[{"type":"keyDown","value":""},{"type":"pause","duration":10},{"type":"keyUp","value":""}]}]}
RESULT: {"actions":[{"id":"action24","type":"key","parameters":{},"actions":[{"type":"keyDown","value":""},{"type":"pause","duration":10},{"type":"keyUp","value":""}]}]}
COMMAND: GET /session/0fa557d69f96d3283d48a39825366b34/screenshot - {}
RESULT: {}
COMMAND: POST /session/0fa557d69f96d3283d48a39825366b34/element - {"using":"xpath","value":"//input[@id=\"application-managesites-display-component---NewSite--addressDetailDetailsPartner-inner\"]"}
RESULT: {"using":"xpath","value":"//input[@id=\"application-managesites-display-component---NewSite--addressDetailDetailsPartner-inner\"]"}
COMMAND: POST /session/0fa557d69f96d3283d48a39825366b34/elements - {"using":"xpath","value":"//input[@id=\"application-managesites-display-component---NewSite--addressDetailDetailsPartner-inner\"]"}
RESULT: {"using":"xpath","value":"//input[@id=\"application-managesites-display-component---NewSite--addressDetailDetailsPartner-inner\"]"}
COMMAND: POST /session/0fa557d69f96d3283d48a39825366b34/execute/async - {"script":"<script> [1562 bytes]","args":[{"selector":{"controlType":"sap.m.Button","viewName":"etm.portal.ui.managesites.view.NewSmartSite","viewId":"application-managesites-display-component---NewSite","properties":{"text":"Commercial"},"interaction":{"idSuffix":"BDI-content"}},"wdio_ui5_key":"etmportal.ui.managesites.view.NewSmartSitesap.m.Button{\"text\":\"Commercial\"}"}]}
RESULT: {"script":"<script> [1562 bytes]","args":[{"selector":{"controlType":"sap.m.Button","viewName":"etm.portal.ui.managesites.view.NewSmartSite","viewId":"application-managesites-display-component---NewSite","properties":{"text":"Commercial"},"interaction":{"idSuffix":"BDI-content"}},"wdio_ui5_key":"etmportal.ui.managesites.view.NewSmartSitesap.m.Button{\"text\":\"Commercial\"}"}]}
RESULT: undefined
COMMAND: POST /session/0fa557d69f96d3283d48a39825366b34/element - {"using":"xpath","value":"//*[@id=\"application-managesites-display-component---NewSite--ObjectPageLayout-anchBar-__section5-anchor\"]"}
RESULT: {"using":"xpath","value":"//*[@id=\"application-managesites-display-component---NewSite--ObjectPageLayout-anchBar-__section5-anchor\"]"}
COMMAND: POST /session/0fa557d69f96d3283d48a39825366b34/element/f.3F808B98CDAAA2B1E2AEFB154760237E.d.96475B23FCE91761B21C2608825F1CA0.e.9621/click - {}
RESULT: {}
COMMAND: POST /session/0fa557d69f96d3283d48a39825366b34/execute/async - {"script":"<script> [1562 bytes]","args":[{"selector":{"controlType":"sap.m.Button","viewName":"etm.portal.ui.managesites.view.NewSmartSite","viewId":"application-managesites-display-component---NewSite","i18NText":{"propertyName":"text","key":"save"},"interaction":{"idSuffix":"BDI-content"}},"wdio_ui5_key":"etmportal.ui.managesites.view.NewSmartSitesap.m.Button{\"propertyName\":\"text\",\"key\":\"save\"}"}]}
COMMAND: GET /session/0fa557d69f96d3283d48a39825366b34/screenshot - {}
RESULT: {"script":"<script> [1562 bytes]","args":[{"selector":{"controlType":"sap.m.Button","viewName":"etm.portal.ui.managesites.view.NewSmartSite","viewId":"application-managesites-display-component---NewSite","i18NText":{"propertyName":"text","key":"save"},"interaction":{"idSuffix":"BDI-content"}},"wdio_ui5_key":"etmportal.ui.managesites.view.NewSmartSitesap.m.Button{\"propertyName\":\"text\",\"key\":\"save\"}"}]}
RESULT: undefined
COMMAND: POST /session/0fa557d69f96d3283d48a39825366b34/element - {"using":"xpath","value":"//*[@id=\"__button16\"]"}
RESULT: {}
RESULT: {"using":"xpath","value":"//*[@id=\"__button16\"]"}
COMMAND: POST /session/0fa557d69f96d3283d48a39825366b34/element/f.3F808B98CDAAA2B1E2AEFB154760237E.d.96475B23FCE91761B21C2608825F1CA0.e.9560/click - {}
RESULT: {}
COMMAND: GET /session/0fa557d69f96d3283d48a39825366b34/screenshot - {}
RESULT: {}
COMMAND: POST /session/0fa557d69f96d3283d48a39825366b34/execute/async - {"script":"<script> [1562 bytes]","args":[{"selector":{"id":"application-managesites-display-component---detailSite--addressDetailDetailsYardText"},"wdio_ui5_key":"applicationmanagesites-display-component---detailSite--addressDetailDetailsYardText"}]}
RESULT: {"script":"<script> [1562 bytes]","args":[{"selector":{"id":"application-managesites-display-component---detailSite--addressDetailDetailsYardText"},"wdio_ui5_key":"applicationmanagesites-display-component---detailSite--addressDetailDetailsYardText"}]}
RESULT: undefined
COMMAND: POST /session/0fa557d69f96d3283d48a39825366b34/execute/async - {"script":"<script> [1562 bytes]","args":[{"selector":{"controlType":"sap.m.Label","viewName":"etm.portal.ui.managesites.view.Detail","viewId":"application-managesites-display-component---detailSite","i18NText":{"propertyName":"text","key":"status"}},"wdio_ui5_key":"etmportal.ui.managesites.view.Detailsap.m.Label{\"propertyName\":\"text\",\"key\":\"status\"}"}]}
RESULT: {"script":"<script> [1562 bytes]","args":[{"selector":{"controlType":"sap.m.Label","viewName":"etm.portal.ui.managesites.view.Detail","viewId":"application-managesites-display-component---detailSite","i18NText":{"propertyName":"text","key":"status"}},"wdio_ui5_key":"etmportal.ui.managesites.view.Detailsap.m.Label{\"propertyName\":\"text\",\"key\":\"status\"}"}]}
RESULT: undefined
COMMAND: POST /session/0fa557d69f96d3283d48a39825366b34/execute/async - {"script":"<script> [6424 bytes]","args":[{"element-6066-11e4-a52e-4f735466cecf":"f.3F808B98CDAAA2B1E2AEFB154760237E.d.96475B23FCE91761B21C2608825F1CA0.e.9810"},"getText",[]]}
RESULT: {"script":"<script> [6424 bytes]","args":[{"element-6066-11e4-a52e-4f735466cecf":"f.3F808B98CDAAA2B1E2AEFB154760237E.d.96475B23FCE91761B21C2608825F1CA0.e.9810"},"getText",[]]}
]]></system-out>
    </testcase>
    <testcase classname="chrome.135_0_7049_42.windows.Dynamic_site_option_US120073" name="Should edit partner field" time="17.844">
      <system-out><![CDATA[
COMMAND: POST /session/0fa557d69f96d3283d48a39825366b34/execute/async - {"script":"<script> [1562 bytes]","args":[{"selector":{"controlType":"sap.m.Button","viewName":"etm.portal.ui.managesites.view.Detail","viewId":"application-managesites-display-component---detailSite","i18NText":{"propertyName":"text","key":"edit"},"interaction":{"idSuffix":"content"}},"wdio_ui5_key":"etmportal.ui.managesites.view.Detailsap.m.Button{\"propertyName\":\"text\",\"key\":\"edit\"}"}]}
RESULT: {"script":"<script> [1562 bytes]","args":[{"selector":{"controlType":"sap.m.Button","viewName":"etm.portal.ui.managesites.view.Detail","viewId":"application-managesites-display-component---detailSite","i18NText":{"propertyName":"text","key":"edit"},"interaction":{"idSuffix":"content"}},"wdio_ui5_key":"etmportal.ui.managesites.view.Detailsap.m.Button{\"propertyName\":\"text\",\"key\":\"edit\"}"}]}
RESULT: undefined
COMMAND: POST /session/0fa557d69f96d3283d48a39825366b34/element - {"using":"xpath","value":"//*[@id=\"__button35\"]"}
RESULT: {"using":"xpath","value":"//*[@id=\"__button35\"]"}
COMMAND: POST /session/0fa557d69f96d3283d48a39825366b34/element/f.3F808B98CDAAA2B1E2AEFB154760237E.d.96475B23FCE91761B21C2608825F1CA0.e.9823/click - {}
RESULT: {}
COMMAND: GET /session/0fa557d69f96d3283d48a39825366b34/screenshot - {}
RESULT: {}
COMMAND: POST /session/0fa557d69f96d3283d48a39825366b34/element - {"using":"xpath","value":"//bdi[contains(text(), \"Commercial\")]"}
RESULT: {"using":"xpath","value":"//bdi[contains(text(), \"Commercial\")]"}
COMMAND: POST /session/0fa557d69f96d3283d48a39825366b34/element/f.3F808B98CDAAA2B1E2AEFB154760237E.d.96475B23FCE91761B21C2608825F1CA0.e.10010/click - {}
RESULT: {}
COMMAND: POST /session/0fa557d69f96d3283d48a39825366b34/element - {"using":"xpath","value":"//input[@id=\"application-managesites-display-component---NewSite--addressDetailDetailsPartner-inner\"]"}
COMMAND: GET /session/0fa557d69f96d3283d48a39825366b34/screenshot - {}
RESULT: {"using":"xpath","value":"//input[@id=\"application-managesites-display-component---NewSite--addressDetailDetailsPartner-inner\"]"}
COMMAND: POST /session/0fa557d69f96d3283d48a39825366b34/elements - {"using":"xpath","value":"//input[@id=\"application-managesites-display-component---NewSite--addressDetailDetailsPartner-inner\"]"}
RESULT: {}
RESULT: {"using":"xpath","value":"//input[@id=\"application-managesites-display-component---NewSite--addressDetailDetailsPartner-inner\"]"}
COMMAND: POST /session/0fa557d69f96d3283d48a39825366b34/element - {"using":"xpath","value":"//bdi[contains(text(), \"Save\")]"}
RESULT: {"using":"xpath","value":"//bdi[contains(text(), \"Save\")]"}
COMMAND: POST /session/0fa557d69f96d3283d48a39825366b34/element - {"using":"css selector","value":"#j_username"}
COMMAND: POST /session/0fa557d69f96d3283d48a39825366b34/url - {"url":"https://qa-testing-00-live-etm-ui.cfapps.eu10-004.hana.ondemand.com/"}
RESULT: {"using":"css selector","value":"#j_username"}
COMMAND: POST /session/0fa557d69f96d3283d48a39825366b34/element - {"using":"css selector","value":"#j_username"}
RESULT: {"url":"https://qa-testing-00-live-etm-ui.cfapps.eu10-004.hana.ondemand.com/"}
RESULT: undefined
COMMAND: GET /session/0fa557d69f96d3283d48a39825366b34/screenshot - {}
RESULT: {"using":"css selector","value":"#j_username"}
COMMAND: POST /session/0fa557d69f96d3283d48a39825366b34/element - {"using":"css selector","value":"#shell-header-logo"}
RESULT: {}
RESULT: {"using":"css selector","value":"#shell-header-logo"}
COMMAND: POST /session/0fa557d69f96d3283d48a39825366b34/execute/sync - {"script":"<script> [8489 bytes]","args":[{"element-6066-11e4-a52e-4f735466cecf":"f.3F808B98CDAAA2B1E2AEFB154760237E.d.90D36B1956AF906364AC1BF867FFFD6D.e.10038","ELEMENT":"f.3F808B98CDAAA2B1E2AEFB154760237E.d.90D36B1956AF906364AC1BF867FFFD6D.e.10038"}]}
RESULT: {"script":"<script> [8489 bytes]","args":[{"element-6066-11e4-a52e-4f735466cecf":"f.3F808B98CDAAA2B1E2AEFB154760237E.d.90D36B1956AF906364AC1BF867FFFD6D.e.10038","ELEMENT":"f.3F808B98CDAAA2B1E2AEFB154760237E.d.90D36B1956AF906364AC1BF867FFFD6D.e.10038"}]}
COMMAND: POST /session/0fa557d69f96d3283d48a39825366b34/element - {"using":"css selector","value":"#shell-header-logo"}
COMMAND: GET /session/0fa557d69f96d3283d48a39825366b34/screenshot - {}
RESULT: {"using":"css selector","value":"#shell-header-logo"}
COMMAND: POST /session/0fa557d69f96d3283d48a39825366b34/execute/sync - {"script":"<script> [8489 bytes]","args":[{"element-6066-11e4-a52e-4f735466cecf":"f.3F808B98CDAAA2B1E2AEFB154760237E.d.90D36B1956AF906364AC1BF867FFFD6D.e.10038","ELEMENT":"f.3F808B98CDAAA2B1E2AEFB154760237E.d.90D36B1956AF906364AC1BF867FFFD6D.e.10038"}]}
RESULT: {}
RESULT: {"script":"<script> [8489 bytes]","args":[{"element-6066-11e4-a52e-4f735466cecf":"f.3F808B98CDAAA2B1E2AEFB154760237E.d.90D36B1956AF906364AC1BF867FFFD6D.e.10038","ELEMENT":"f.3F808B98CDAAA2B1E2AEFB154760237E.d.90D36B1956AF906364AC1BF867FFFD6D.e.10038"}]}
COMMAND: POST /session/0fa557d69f96d3283d48a39825366b34/execute/sync - {"script":"<script> [5351 bytes]","args":[{"element-6066-11e4-a52e-4f735466cecf":"f.3F808B98CDAAA2B1E2AEFB154760237E.d.90D36B1956AF906364AC1BF867FFFD6D.e.10038","ELEMENT":"f.3F808B98CDAAA2B1E2AEFB154760237E.d.90D36B1956AF906364AC1BF867FFFD6D.e.10038"}]}
COMMAND: GET /session/0fa557d69f96d3283d48a39825366b34/screenshot - {}
RESULT: {"script":"<script> [5351 bytes]","args":[{"element-6066-11e4-a52e-4f735466cecf":"f.3F808B98CDAAA2B1E2AEFB154760237E.d.90D36B1956AF906364AC1BF867FFFD6D.e.10038","ELEMENT":"f.3F808B98CDAAA2B1E2AEFB154760237E.d.90D36B1956AF906364AC1BF867FFFD6D.e.10038"}]}
COMMAND: POST /session/0fa557d69f96d3283d48a39825366b34/element - {"using":"css selector","value":"#shell-header-logo"}
COMMAND: GET /session/0fa557d69f96d3283d48a39825366b34/screenshot - {}
RESULT: {}
RESULT: {"using":"css selector","value":"#shell-header-logo"}
COMMAND: POST /session/0fa557d69f96d3283d48a39825366b34/element/f.3F808B98CDAAA2B1E2AEFB154760237E.d.90D36B1956AF906364AC1BF867FFFD6D.e.10038/click - {}
RESULT: {}
RESULT: {}
COMMAND: GET /session/0fa557d69f96d3283d48a39825366b34/screenshot - {}
RESULT: {}
COMMAND: POST /session/0fa557d69f96d3283d48a39825366b34/execute/async - {"script":"<script> [189 bytes]","args":[]}
RESULT: {"script":"<script> [189 bytes]","args":[]}
COMMAND: POST /session/0fa557d69f96d3283d48a39825366b34/execute/async - {"script":"<script> [123 bytes]","args":[]}
RESULT: {"script":"<script> [123 bytes]","args":[]}
COMMAND: POST /session/0fa557d69f96d3283d48a39825366b34/timeouts - {"script":"<number>"}
RESULT: {"script":"<number>"}
COMMAND: GET /session/0fa557d69f96d3283d48a39825366b34/timeouts - {}
RESULT: {}
RESULT: undefined
COMMAND: POST /session/0fa557d69f96d3283d48a39825366b34/execute/async - {"script":"<script> [2676 bytes]","args":[]}
RESULT: {"script":"<script> [2676 bytes]","args":[]}
COMMAND: POST /session/0fa557d69f96d3283d48a39825366b34/execute/async - {"script":"<script> [2342 bytes]","args":[{"protocol":"http","hostname":"0.0.0.0","path":"/","capabilities":{"browserName":"chrome","goog:chromeOptions":{"binary":"C:\\Program Files\\Google\\Chrome\\Application\\chrome.exe","args":["--start-maximized"]}},"logLevel":"warn","connectionRetryTimeout":120000,"connectionRetryCount":3,"logLevels":{},"enableDirectConnect":true,"strictSSL":true,"_":"65 more keys: [\"cacheDir\",\"port\",\"requestedCapabilities\",\"automationProtocol\",\"baseUrl\",\"waitforInterval\",\"waitforTimeout\",\"onReload\",\"beforeCommand\",\"afterCommand\",\"rootDir\",\"specs\",\"suites\",\"exclude\",\"groupLogsByTestSpec\",\"excludeDriverLogs\",\"bail\",\"framework\",\"reporters\",\"services\",\"maxInstances\",\"maxInstancesPerCapability\",\"injectGlobals\",\"filesToWatch\",\"execArgv\",\"runnerEnv\",\"runner\",\"shard\",\"specFileRetries\",\"specFileRetriesDelay\",\"specFileRetriesDeferred\",\"reporterSyncInterval\",\"reporterSyncTimeout\",\"cucumberFeaturesWithLineNumbers\",\"autoCompileOpts\",\"mochaOpts\",\"jasmineOpts\",\"cucumberOpts\",\"onPrepare\",\"onWorkerStart\",\"onWorkerEnd\",\"before\",\"beforeSession\",\"beforeSuite\",\"beforeHook\",\"beforeTest\",\"afterTest\",\"afterHook\",\"afterSuite\",\"afterSession\",\"after\",\"onComplete\",\"beforeAssertion\",\"afterAssertion\",\"beforeFeature\",\"beforeScenario\",\"beforeStep\",\"afterStep\",\"afterScenario\",\"afterFeature\",\"_\",\"suite\",\"$0\",\"ignoredWorkerServices\",\"wdi5\"]"}]}
RESULT: {"script":"<script> [2342 bytes]","args":[{"protocol":"http","hostname":"0.0.0.0","path":"/","capabilities":{"browserName":"chrome","goog:chromeOptions":{"binary":"C:\\Program Files\\Google\\Chrome\\Application\\chrome.exe","args":["--start-maximized"]}},"logLevel":"warn","connectionRetryTimeout":120000,"connectionRetryCount":3,"logLevels":{},"enableDirectConnect":true,"strictSSL":true,"_":"65 more keys: [\"cacheDir\",\"port\",\"requestedCapabilities\",\"automationProtocol\",\"baseUrl\",\"waitforInterval\",\"waitforTimeout\",\"onReload\",\"beforeCommand\",\"afterCommand\",\"rootDir\",\"specs\",\"suites\",\"exclude\",\"groupLogsByTestSpec\",\"excludeDriverLogs\",\"bail\",\"framework\",\"reporters\",\"services\",\"maxInstances\",\"maxInstancesPerCapability\",\"injectGlobals\",\"filesToWatch\",\"execArgv\",\"runnerEnv\",\"runner\",\"shard\",\"specFileRetries\",\"specFileRetriesDelay\",\"specFileRetriesDeferred\",\"reporterSyncInterval\",\"reporterSyncTimeout\",\"cucumberFeaturesWithLineNumbers\",\"autoCompileOpts\",\"mochaOpts\",\"jasmineOpts\",\"cucumberOpts\",\"onPrepare\",\"onWorkerStart\",\"onWorkerEnd\",\"before\",\"beforeSession\",\"beforeSuite\",\"beforeHook\",\"beforeTest\",\"afterTest\",\"afterHook\",\"afterSuite\",\"afterSession\",\"after\",\"onComplete\",\"beforeAssertion\",\"afterAssertion\",\"beforeFeature\",\"beforeScenario\",\"beforeStep\",\"afterStep\",\"afterScenario\",\"afterFeature\",\"_\",\"suite\",\"$0\",\"ignoredWorkerServices\",\"wdi5\"]"}]}
COMMAND: POST /session/0fa557d69f96d3283d48a39825366b34/execute/async - {"script":"<script> [21126 bytes]","args":[35000]}
RESULT: {"script":"<script> [21126 bytes]","args":[35000]}
COMMAND: POST /session/0fa557d69f96d3283d48a39825366b34/window/maximize - {}
RESULT: {}
COMMAND: POST /session/0fa557d69f96d3283d48a39825366b34/execute/async - {"script":"<script> [1562 bytes]","args":[{"selector":{"id":"shell-header","interaction":{"idSuffix":"icon"}},"wdio_ui5_key":"shellheader"}]}
COMMAND: GET /session/0fa557d69f96d3283d48a39825366b34/screenshot - {}
RESULT: {"script":"<script> [1562 bytes]","args":[{"selector":{"id":"shell-header","interaction":{"idSuffix":"icon"}},"wdio_ui5_key":"shellheader"}]}
RESULT: undefined
RESULT: {}
]]></system-out>
    </testcase>
  </testsuite>
  <testsuite timestamp="2025-04-15T15:54:35" time="493.19" tests="5" failures="0" errors="0" skipped="0">
    <properties>
      <property name="specId" value="0"/>
      <property name="suiteName" value="Warehouse movements inventory test"/>
      <property name="capabilities" value="chrome.135_0_7049_42.windows"/>
      <property name="file" value="file:///D:/a/1/s/test/specs/R2C/create-resource.spec.js"/>
    </properties>
    <testcase classname="chrome.135_0_7049_42.windows.Warehouse_movements_inventory_test" name="Should create a new WHM yard" time="143.709">
      <system-out><![CDATA[
COMMAND: POST /session/0fa557d69f96d3283d48a39825366b34/execute/async - {"script":"<script> [1562 bytes]","args":[{"selector":{"controlType":"sap.m.GenericTile","properties":{"header":"Manage Yards"}},"wdio_ui5_key":"sapm.GenericTile{\"header\":\"Manage Yards\"}"}]}
RESULT: {"script":"<script> [1562 bytes]","args":[{"selector":{"controlType":"sap.m.GenericTile","properties":{"header":"Manage Yards"}},"wdio_ui5_key":"sapm.GenericTile{\"header\":\"Manage Yards\"}"}]}
RESULT: undefined
COMMAND: POST /session/0fa557d69f96d3283d48a39825366b34/element - {"using":"xpath","value":"//*[@id=\"__tile41\"]"}
RESULT: {"using":"xpath","value":"//*[@id=\"__tile41\"]"}
COMMAND: POST /session/0fa557d69f96d3283d48a39825366b34/element/f.3F808B98CDAAA2B1E2AEFB154760237E.d.90D36B1956AF906364AC1BF867FFFD6D.e.10051/click - {}
RESULT: {}
COMMAND: GET /session/0fa557d69f96d3283d48a39825366b34/screenshot - {}
RESULT: {}
COMMAND: POST /session/0fa557d69f96d3283d48a39825366b34/execute/async - {"script":"<script> [1562 bytes]","args":[{"selector":{"controlType":"sap.ui.core.Icon","viewName":"etm.portal.ui.manageyards.view.Master","viewId":"application-manageyards-display-component---masterYard","properties":{"src":{"regex":{"source":"add"}}}},"wdio_ui5_key":"etmportal.ui.manageyards.view.Mastersap.ui.core.Icon{\"src\":{\"regex\":{\"source\":\"add\"}}}"}]}
RESULT: {"script":"<script> [1562 bytes]","args":[{"selector":{"controlType":"sap.ui.core.Icon","viewName":"etm.portal.ui.manageyards.view.Master","viewId":"application-manageyards-display-component---masterYard","properties":{"src":{"regex":{"source":"add"}}}},"wdio_ui5_key":"etmportal.ui.manageyards.view.Mastersap.ui.core.Icon{\"src\":{\"regex\":{\"source\":\"add\"}}}"}]}
RESULT: undefined
COMMAND: POST /session/0fa557d69f96d3283d48a39825366b34/element - {"using":"xpath","value":"//*[@id=\"__button4-img\"]"}
RESULT: {"using":"xpath","value":"//*[@id=\"__button4-img\"]"}
COMMAND: POST /session/0fa557d69f96d3283d48a39825366b34/element/f.3F808B98CDAAA2B1E2AEFB154760237E.d.90D36B1956AF906364AC1BF867FFFD6D.e.10097/click - {}
RESULT: {}
COMMAND: GET /session/0fa557d69f96d3283d48a39825366b34/screenshot - {}
RESULT: {}
COMMAND: POST /session/0fa557d69f96d3283d48a39825366b34/execute/async - {"script":"<script> [1562 bytes]","args":[{"selector":{"id":"application-manageyards-display-component---NewYard--yardId","interaction":{"idSuffix":"inner"}},"wdio_ui5_key":"applicationmanageyards-display-component---NewYard--yardId"}]}
RESULT: {"script":"<script> [1562 bytes]","args":[{"selector":{"id":"application-manageyards-display-component---NewYard--yardId","interaction":{"idSuffix":"inner"}},"wdio_ui5_key":"applicationmanageyards-display-component---NewYard--yardId"}]}
RESULT: undefined
COMMAND: POST /session/0fa557d69f96d3283d48a39825366b34/element - {"using":"xpath","value":"//*[@id=\"application-manageyards-display-component---NewYard--addressDetailDetailsName1-inner\"]"}
RESULT: {"using":"xpath","value":"//*[@id=\"application-manageyards-display-component---NewYard--addressDetailDetailsName1-inner\"]"}
COMMAND: POST /session/0fa557d69f96d3283d48a39825366b34/element/f.3F808B98CDAAA2B1E2AEFB154760237E.d.90D36B1956AF906364AC1BF867FFFD6D.e.10314/clear - {}
RESULT: {}
COMMAND: POST /session/0fa557d69f96d3283d48a39825366b34/element/f.3F808B98CDAAA2B1E2AEFB154760237E.d.90D36B1956AF906364AC1BF867FFFD6D.e.10314/value - {"text":"WebdriverWHMYardsnyajg"}
COMMAND: GET /session/0fa557d69f96d3283d48a39825366b34/screenshot - {}
RESULT: {"text":"WebdriverWHMYardsnyajg"}
COMMAND: POST /session/0fa557d69f96d3283d48a39825366b34/element - {"using":"xpath","value":"//*[@id=\"application-manageyards-display-component---NewYard--addressDetailDetailsLanguage-inner\"]"}
COMMAND: GET /session/0fa557d69f96d3283d48a39825366b34/screenshot - {}
RESULT: {}
RESULT: {"using":"xpath","value":"//*[@id=\"application-manageyards-display-component---NewYard--addressDetailDetailsLanguage-inner\"]"}
COMMAND: POST /session/0fa557d69f96d3283d48a39825366b34/element/f.3F808B98CDAAA2B1E2AEFB154760237E.d.90D36B1956AF906364AC1BF867FFFD6D.e.10315/clear - {}
RESULT: {}
RESULT: {}
COMMAND: POST /session/0fa557d69f96d3283d48a39825366b34/element/f.3F808B98CDAAA2B1E2AEFB154760237E.d.90D36B1956AF906364AC1BF867FFFD6D.e.10315/value - {"text":"Romanian"}
COMMAND: GET /session/0fa557d69f96d3283d48a39825366b34/screenshot - {}
RESULT: {"text":"Romanian"}
COMMAND: POST /session/0fa557d69f96d3283d48a39825366b34/element - {"using":"xpath","value":"//input[contains(@id ,\"application-manageyards-display-component---NewYard--addressDetailDetailsName1-inner\")]"}
COMMAND: GET /session/0fa557d69f96d3283d48a39825366b34/screenshot - {}
RESULT: {}
RESULT: {"using":"xpath","value":"//input[contains(@id ,\"application-manageyards-display-component---NewYard--addressDetailDetailsName1-inner\")]"}
COMMAND: GET /session/0fa557d69f96d3283d48a39825366b34/element/f.3F808B98CDAAA2B1E2AEFB154760237E.d.90D36B1956AF906364AC1BF867FFFD6D.e.10314/property/value - {}
RESULT: {}
RESULT: {}
COMMAND: GET /session/0fa557d69f96d3283d48a39825366b34/screenshot - {}
RESULT: {}
COMMAND: POST /session/0fa557d69f96d3283d48a39825366b34/element - {"using":"xpath","value":"//*[@id=\"application-manageyards-display-component---NewYard--addressDetailDetailsCity1-inner\"]"}
RESULT: {"using":"xpath","value":"//*[@id=\"application-manageyards-display-component---NewYard--addressDetailDetailsCity1-inner\"]"}
COMMAND: POST /session/0fa557d69f96d3283d48a39825366b34/element/f.3F808B98CDAAA2B1E2AEFB154760237E.d.90D36B1956AF906364AC1BF867FFFD6D.e.10317/clear - {}
RESULT: {}
COMMAND: POST /session/0fa557d69f96d3283d48a39825366b34/element/f.3F808B98CDAAA2B1E2AEFB154760237E.d.90D36B1956AF906364AC1BF867FFFD6D.e.10317/value - {"text":"Bucuresti"}
COMMAND: GET /session/0fa557d69f96d3283d48a39825366b34/screenshot - {}
RESULT: {"text":"Bucuresti"}
COMMAND: GET /session/0fa557d69f96d3283d48a39825366b34/screenshot - {}
RESULT: {}
RESULT: {}
COMMAND: POST /session/0fa557d69f96d3283d48a39825366b34/element - {"using":"xpath","value":"//*[@id=\"application-manageyards-display-component---NewYard--addressDetailDetailsCountry-inner\"]"}
RESULT: {"using":"xpath","value":"//*[@id=\"application-manageyards-display-component---NewYard--addressDetailDetailsCountry-inner\"]"}
COMMAND: POST /session/0fa557d69f96d3283d48a39825366b34/element/f.3F808B98CDAAA2B1E2AEFB154760237E.d.90D36B1956AF906364AC1BF867FFFD6D.e.10321/clear - {}
RESULT: {}
COMMAND: POST /session/0fa557d69f96d3283d48a39825366b34/element/f.3F808B98CDAAA2B1E2AEFB154760237E.d.90D36B1956AF906364AC1BF867FFFD6D.e.10321/value - {"text":"Romania"}
COMMAND: GET /session/0fa557d69f96d3283d48a39825366b34/screenshot - {}
RESULT: {"text":"Romania"}
COMMAND: GET /session/0fa557d69f96d3283d48a39825366b34/screenshot - {}
RESULT: {}
RESULT: {}
COMMAND: POST /session/0fa557d69f96d3283d48a39825366b34/execute/async - {"script":"<script> [1562 bytes]","args":[{"selector":{"controlType":"sap.m.Button","viewName":"etm.portal.ui.manageyards.view.New","viewId":"application-manageyards-display-component---NewYard","properties":{"text":"Commercial"},"interaction":{"idSuffix":"BDI-content"}},"wdio_ui5_key":"etmportal.ui.manageyards.view.Newsap.m.Button{\"text\":\"Commercial\"}"}]}
RESULT: {"script":"<script> [1562 bytes]","args":[{"selector":{"controlType":"sap.m.Button","viewName":"etm.portal.ui.manageyards.view.New","viewId":"application-manageyards-display-component---NewYard","properties":{"text":"Commercial"},"interaction":{"idSuffix":"BDI-content"}},"wdio_ui5_key":"etmportal.ui.manageyards.view.Newsap.m.Button{\"text\":\"Commercial\"}"}]}
RESULT: undefined
COMMAND: POST /session/0fa557d69f96d3283d48a39825366b34/element - {"using":"xpath","value":"//*[@id=\"application-manageyards-display-component---NewYard--ObjectPageLayout-anchBar-__section5-anchor\"]"}
RESULT: {"using":"xpath","value":"//*[@id=\"application-manageyards-display-component---NewYard--ObjectPageLayout-anchBar-__section5-anchor\"]"}
COMMAND: POST /session/0fa557d69f96d3283d48a39825366b34/element/f.3F808B98CDAAA2B1E2AEFB154760237E.d.90D36B1956AF906364AC1BF867FFFD6D.e.10513/click - {}
RESULT: {}
COMMAND: GET /session/0fa557d69f96d3283d48a39825366b34/screenshot - {}
RESULT: {}
COMMAND: POST /session/0fa557d69f96d3283d48a39825366b34/element - {"using":"xpath","value":"//div[contains(text(), \"Commercial\")]"}
RESULT: {"using":"xpath","value":"//div[contains(text(), \"Commercial\")]"}
COMMAND: GET /session/0fa557d69f96d3283d48a39825366b34/element/f.3F808B98CDAAA2B1E2AEFB154760237E.d.90D36B1956AF906364AC1BF867FFFD6D.e.10522/rect - {}
RESULT: {}
COMMAND: GET /session/0fa557d69f96d3283d48a39825366b34/window/rect - {}
RESULT: {}
COMMAND: POST /session/0fa557d69f96d3283d48a39825366b34/execute/sync - {"script":"<script> [92 bytes]","args":[]}
RESULT: {"script":"<script> [92 bytes]","args":[]}
COMMAND: POST /session/0fa557d69f96d3283d48a39825366b34/actions - {"actions":[{"id":"action25","type":"wheel","parameters":{},"actions":[{"type":"scroll","x":-1841,"y":-44,"deltaX":0,"deltaY":0,"duration":0,"origin":{"element-6066-11e4-a52e-4f735466cecf":"f.3F808B98CDAAA2B1E2AEFB154760237E.d.90D36B1956AF906364AC1BF867FFFD6D.e.10522"}}]}]}
COMMAND: GET /session/0fa557d69f96d3283d48a39825366b34/screenshot - {}
RESULT: {}
COMMAND: POST /session/0fa557d69f96d3283d48a39825366b34/execute/sync - {"script":"<script> [79 bytes]","args":[{"element-6066-11e4-a52e-4f735466cecf":"f.3F808B98CDAAA2B1E2AEFB154760237E.d.90D36B1956AF906364AC1BF867FFFD6D.e.10522","ELEMENT":"f.3F808B98CDAAA2B1E2AEFB154760237E.d.90D36B1956AF906364AC1BF867FFFD6D.e.10522"},{"block":"start","inline":"nearest"}]}
RESULT: {"script":"<script> [79 bytes]","args":[{"element-6066-11e4-a52e-4f735466cecf":"f.3F808B98CDAAA2B1E2AEFB154760237E.d.90D36B1956AF906364AC1BF867FFFD6D.e.10522","ELEMENT":"f.3F808B98CDAAA2B1E2AEFB154760237E.d.90D36B1956AF906364AC1BF867FFFD6D.e.10522"},{"block":"start","inline":"nearest"}]}
COMMAND: GET /session/0fa557d69f96d3283d48a39825366b34/screenshot - {}
RESULT: {}
COMMAND: POST /session/0fa557d69f96d3283d48a39825366b34/execute/async - {"script":"<script> [1562 bytes]","args":[{"selector":{"id":"application-manageyards-display-component---NewYard--addressEditDetailsCostObjectCstType-arrow"},"wdio_ui5_key":"applicationmanageyards-display-component---NewYard--addressEditDetailsCostObjectCstType-arrow"}]}
RESULT: {"script":"<script> [1562 bytes]","args":[{"selector":{"id":"application-manageyards-display-component---NewYard--addressEditDetailsCostObjectCstType-arrow"},"wdio_ui5_key":"applicationmanageyards-display-component---NewYard--addressEditDetailsCostObjectCstType-arrow"}]}
RESULT: undefined
COMMAND: POST /session/0fa557d69f96d3283d48a39825366b34/element - {"using":"xpath","value":"//*[@id=\"application-manageyards-display-component---NewYard--addressEditDetailsCostObjectCstType-arrow\"]"}
RESULT: {"using":"xpath","value":"//*[@id=\"application-manageyards-display-component---NewYard--addressEditDetailsCostObjectCstType-arrow\"]"}
COMMAND: POST /session/0fa557d69f96d3283d48a39825366b34/element/f.3F808B98CDAAA2B1E2AEFB154760237E.d.90D36B1956AF906364AC1BF867FFFD6D.e.10523/click - {}
RESULT: {}
COMMAND: POST /session/0fa557d69f96d3283d48a39825366b34/element - {"using":"xpath","value":"//span[contains(text(), \"Cost Center\")]"}
COMMAND: GET /session/0fa557d69f96d3283d48a39825366b34/screenshot - {}
RESULT: {"using":"xpath","value":"//span[contains(text(), \"Cost Center\")]"}
COMMAND: POST /session/0fa557d69f96d3283d48a39825366b34/element/f.3F808B98CDAAA2B1E2AEFB154760237E.d.90D36B1956AF906364AC1BF867FFFD6D.e.10524/click - {}
RESULT: {}
RESULT: {}
COMMAND: GET /session/0fa557d69f96d3283d48a39825366b34/screenshot - {}
RESULT: {}
COMMAND: POST /session/0fa557d69f96d3283d48a39825366b34/execute/async - {"script":"<script> [1562 bytes]","args":[{"selector":{"id":"application-manageyards-display-component---NewYard--addressNewCostObjectCstID-vhi"},"wdio_ui5_key":"applicationmanageyards-display-component---NewYard--addressNewCostObjectCstID-vhi"}]}
RESULT: {"script":"<script> [1562 bytes]","args":[{"selector":{"id":"application-manageyards-display-component---NewYard--addressNewCostObjectCstID-vhi"},"wdio_ui5_key":"applicationmanageyards-display-component---NewYard--addressNewCostObjectCstID-vhi"}]}
RESULT: undefined
COMMAND: POST /session/0fa557d69f96d3283d48a39825366b34/element - {"using":"xpath","value":"//*[@id=\"application-manageyards-display-component---NewYard--addressNewCostObjectCstID-vhi\"]"}
RESULT: {"using":"xpath","value":"//*[@id=\"application-manageyards-display-component---NewYard--addressNewCostObjectCstID-vhi\"]"}
COMMAND: POST /session/0fa557d69f96d3283d48a39825366b34/element/f.3F808B98CDAAA2B1E2AEFB154760237E.d.90D36B1956AF906364AC1BF867FFFD6D.e.10527/click - {}
RESULT: {}
COMMAND: GET /session/0fa557d69f96d3283d48a39825366b34/screenshot - {}
RESULT: {}
COMMAND: POST /session/0fa557d69f96d3283d48a39825366b34/execute/async - {"script":"<script> [1562 bytes]","args":[{"selector":{"controlType":"sap.m.SearchField","properties":{"placeholder":"Search"},"searchOpenDialogs":true,"interaction":{"idSuffix":"I"}},"wdio_ui5_key":"sapm.SearchField{\"placeholder\":\"Search\"}"}]}
RESULT: {"script":"<script> [1562 bytes]","args":[{"selector":{"controlType":"sap.m.SearchField","properties":{"placeholder":"Search"},"searchOpenDialogs":true,"interaction":{"idSuffix":"I"}},"wdio_ui5_key":"sapm.SearchField{\"placeholder\":\"Search\"}"}]}
RESULT: undefined
COMMAND: POST /session/0fa557d69f96d3283d48a39825366b34/execute/async - {"script":"<script> [776 bytes]","args":[{"enterText":"10001013","selector":{"controlType":"sap.m.SearchField","properties":{"placeholder":"Search"},"searchOpenDialogs":true,"interaction":{"idSuffix":"I"}},"clearTextFirst":true,"interactionType":"ENTER_TEXT"}]}
RESULT: {"script":"<script> [776 bytes]","args":[{"enterText":"10001013","selector":{"controlType":"sap.m.SearchField","properties":{"placeholder":"Search"},"searchOpenDialogs":true,"interaction":{"idSuffix":"I"}},"clearTextFirst":true,"interactionType":"ENTER_TEXT"}]}
COMMAND: POST /session/0fa557d69f96d3283d48a39825366b34/actions - {"actions":[{"id":"action26","type":"key","parameters":{},"actions":[{"type":"keyDown","value":""},{"type":"pause","duration":10},{"type":"keyUp","value":""}]}]}
RESULT: {"actions":[{"id":"action26","type":"key","parameters":{},"actions":[{"type":"keyDown","value":""},{"type":"pause","duration":10},{"type":"keyUp","value":""}]}]}
COMMAND: GET /session/0fa557d69f96d3283d48a39825366b34/screenshot - {}
RESULT: {}
COMMAND: POST /session/0fa557d69f96d3283d48a39825366b34/element - {"using":"xpath","value":"//span[contains(text(), \"General Management\")]"}
RESULT: {"using":"xpath","value":"//span[contains(text(), \"General Management\")]"}
COMMAND: POST /session/0fa557d69f96d3283d48a39825366b34/element/f.3F808B98CDAAA2B1E2AEFB154760237E.d.90D36B1956AF906364AC1BF867FFFD6D.e.10568/click - {}
RESULT: {}
COMMAND: GET /session/0fa557d69f96d3283d48a39825366b34/screenshot - {}
RESULT: {}
COMMAND: POST /session/0fa557d69f96d3283d48a39825366b34/element - {"using":"xpath","value":"//bdi[contains(text(), \"OK\")]"}
RESULT: {"using":"xpath","value":"//bdi[contains(text(), \"OK\")]"}
COMMAND: POST /session/0fa557d69f96d3283d48a39825366b34/element/f.3F808B98CDAAA2B1E2AEFB154760237E.d.90D36B1956AF906364AC1BF867FFFD6D.e.10569/click - {}
RESULT: {}
COMMAND: GET /session/0fa557d69f96d3283d48a39825366b34/screenshot - {}
RESULT: {}
COMMAND: POST /session/0fa557d69f96d3283d48a39825366b34/execute/async - {"script":"<script> [1562 bytes]","args":[{"selector":{"id":"application-manageyards-display-component---NewYard--addressEditDetailsCurrency","interaction":{"idSuffix":"inner"}},"wdio_ui5_key":"applicationmanageyards-display-component---NewYard--addressEditDetailsCurrency"}]}
RESULT: {"script":"<script> [1562 bytes]","args":[{"selector":{"id":"application-manageyards-display-component---NewYard--addressEditDetailsCurrency","interaction":{"idSuffix":"inner"}},"wdio_ui5_key":"applicationmanageyards-display-component---NewYard--addressEditDetailsCurrency"}]}
RESULT: undefined
COMMAND: POST /session/0fa557d69f96d3283d48a39825366b34/execute/async - {"script":"<script> [776 bytes]","args":[{"enterText":"Euro","selector":{"id":"application-manageyards-display-component---NewYard--addressEditDetailsCurrency","interaction":{"idSuffix":"inner"}},"clearTextFirst":true,"interactionType":"ENTER_TEXT"}]}
RESULT: {"script":"<script> [776 bytes]","args":[{"enterText":"Euro","selector":{"id":"application-manageyards-display-component---NewYard--addressEditDetailsCurrency","interaction":{"idSuffix":"inner"}},"clearTextFirst":true,"interactionType":"ENTER_TEXT"}]}
COMMAND: POST /session/0fa557d69f96d3283d48a39825366b34/execute/async - {"script":"<script> [1562 bytes]","args":[{"selector":{"controlType":"sap.m.Input","viewName":"etm.portal.ui.manageyards.view.New","viewId":"application-manageyards-display-component---NewYard","bindingPath":{"path":"","propertyPath":"/CONTROLLING_AREA","modelName":"NewYardModel"},"interaction":{"idSuffix":"inner"}},"wdio_ui5_key":"etmportal.ui.manageyards.view.Newsap.m.Input{\"path\":\"\",\"propertyPath\":\"/CONTROLLING_AREA\",\"modelName\":\"NewYardModel\"}"}]}
RESULT: {"script":"<script> [1562 bytes]","args":[{"selector":{"controlType":"sap.m.Input","viewName":"etm.portal.ui.manageyards.view.New","viewId":"application-manageyards-display-component---NewYard","bindingPath":{"path":"","propertyPath":"/CONTROLLING_AREA","modelName":"NewYardModel"},"interaction":{"idSuffix":"inner"}},"wdio_ui5_key":"etmportal.ui.manageyards.view.Newsap.m.Input{\"path\":\"\",\"propertyPath\":\"/CONTROLLING_AREA\",\"modelName\":\"NewYardModel\"}"}]}
RESULT: undefined
COMMAND: POST /session/0fa557d69f96d3283d48a39825366b34/execute/async - {"script":"<script> [776 bytes]","args":[{"enterText":"Z001","selector":{"controlType":"sap.m.Input","viewName":"etm.portal.ui.manageyards.view.New","viewId":"application-manageyards-display-component---NewYard","bindingPath":{"path":"","propertyPath":"/CONTROLLING_AREA","modelName":"NewYardModel"},"interaction":{"idSuffix":"inner"}},"clearTextFirst":true,"interactionType":"ENTER_TEXT"}]}
RESULT: {"script":"<script> [776 bytes]","args":[{"enterText":"Z001","selector":{"controlType":"sap.m.Input","viewName":"etm.portal.ui.manageyards.view.New","viewId":"application-manageyards-display-component---NewYard","bindingPath":{"path":"","propertyPath":"/CONTROLLING_AREA","modelName":"NewYardModel"},"interaction":{"idSuffix":"inner"}},"clearTextFirst":true,"interactionType":"ENTER_TEXT"}]}
COMMAND: POST /session/0fa557d69f96d3283d48a39825366b34/execute/async - {"script":"<script> [1562 bytes]","args":[{"selector":{"id":"application-manageyards-display-component---NewYard--companyCodeComboBox","interaction":{"idSuffix":"inner"}},"wdio_ui5_key":"applicationmanageyards-display-component---NewYard--companyCodeComboBox"}]}
RESULT: {"script":"<script> [1562 bytes]","args":[{"selector":{"id":"application-manageyards-display-component---NewYard--companyCodeComboBox","interaction":{"idSuffix":"inner"}},"wdio_ui5_key":"applicationmanageyards-display-component---NewYard--companyCodeComboBox"}]}
RESULT: undefined
COMMAND: POST /session/0fa557d69f96d3283d48a39825366b34/execute/async - {"script":"<script> [776 bytes]","args":[{"enterText":"1000","selector":{"id":"application-manageyards-display-component---NewYard--companyCodeComboBox","interaction":{"idSuffix":"inner"}},"clearTextFirst":true,"interactionType":"ENTER_TEXT"}]}
RESULT: {"script":"<script> [776 bytes]","args":[{"enterText":"1000","selector":{"id":"application-manageyards-display-component---NewYard--companyCodeComboBox","interaction":{"idSuffix":"inner"}},"clearTextFirst":true,"interactionType":"ENTER_TEXT"}]}
COMMAND: POST /session/0fa557d69f96d3283d48a39825366b34/actions - {"actions":[{"id":"action27","type":"key","parameters":{},"actions":[{"type":"keyDown","value":""},{"type":"pause","duration":10},{"type":"keyUp","value":""}]}]}
RESULT: {"actions":[{"id":"action27","type":"key","parameters":{},"actions":[{"type":"keyDown","value":""},{"type":"pause","duration":10},{"type":"keyUp","value":""}]}]}
COMMAND: POST /session/0fa557d69f96d3283d48a39825366b34/execute/async - {"script":"<script> [1562 bytes]","args":[{"selector":{"controlType":"sap.m.Input","viewName":"etm.portal.ui.manageyards.view.New","viewId":"application-manageyards-display-component---NewYard","bindingPath":{"path":"","propertyPath":"/PLANT","modelName":"NewYardModel"},"interaction":{"idSuffix":"inner"}},"wdio_ui5_key":"etmportal.ui.manageyards.view.Newsap.m.Input{\"path\":\"\",\"propertyPath\":\"/PLANT\",\"modelName\":\"NewYardModel\"}"}]}
COMMAND: GET /session/0fa557d69f96d3283d48a39825366b34/screenshot - {}
RESULT: {"script":"<script> [1562 bytes]","args":[{"selector":{"controlType":"sap.m.Input","viewName":"etm.portal.ui.manageyards.view.New","viewId":"application-manageyards-display-component---NewYard","bindingPath":{"path":"","propertyPath":"/PLANT","modelName":"NewYardModel"},"interaction":{"idSuffix":"inner"}},"wdio_ui5_key":"etmportal.ui.manageyards.view.Newsap.m.Input{\"path\":\"\",\"propertyPath\":\"/PLANT\",\"modelName\":\"NewYardModel\"}"}]}
RESULT: undefined
COMMAND: POST /session/0fa557d69f96d3283d48a39825366b34/execute/async - {"script":"<script> [776 bytes]","args":[{"enterText":"1001","selector":{"controlType":"sap.m.Input","viewName":"etm.portal.ui.manageyards.view.New","viewId":"application-manageyards-display-component---NewYard","bindingPath":{"path":"","propertyPath":"/PLANT","modelName":"NewYardModel"},"interaction":{"idSuffix":"inner"}},"clearTextFirst":true,"interactionType":"ENTER_TEXT"}]}
RESULT: {}
RESULT: {"script":"<script> [776 bytes]","args":[{"enterText":"1001","selector":{"controlType":"sap.m.Input","viewName":"etm.portal.ui.manageyards.view.New","viewId":"application-manageyards-display-component---NewYard","bindingPath":{"path":"","propertyPath":"/PLANT","modelName":"NewYardModel"},"interaction":{"idSuffix":"inner"}},"clearTextFirst":true,"interactionType":"ENTER_TEXT"}]}
COMMAND: POST /session/0fa557d69f96d3283d48a39825366b34/execute/async - {"script":"<script> [1562 bytes]","args":[{"selector":{"controlType":"sap.m.Input","viewName":"etm.portal.ui.manageyards.view.New","viewId":"application-manageyards-display-component---NewYard","bindingPath":{"path":"","propertyPath":"/SALES_AREA_VKORG","modelName":"NewYardModel"},"interaction":{"idSuffix":"inner"}},"wdio_ui5_key":"etmportal.ui.manageyards.view.Newsap.m.Input{\"path\":\"\",\"propertyPath\":\"/SALES_AREA_VKORG\",\"modelName\":\"NewYardModel\"}"}]}
RESULT: {"script":"<script> [1562 bytes]","args":[{"selector":{"controlType":"sap.m.Input","viewName":"etm.portal.ui.manageyards.view.New","viewId":"application-manageyards-display-component---NewYard","bindingPath":{"path":"","propertyPath":"/SALES_AREA_VKORG","modelName":"NewYardModel"},"interaction":{"idSuffix":"inner"}},"wdio_ui5_key":"etmportal.ui.manageyards.view.Newsap.m.Input{\"path\":\"\",\"propertyPath\":\"/SALES_AREA_VKORG\",\"modelName\":\"NewYardModel\"}"}]}
RESULT: undefined
COMMAND: POST /session/0fa557d69f96d3283d48a39825366b34/execute/async - {"script":"<script> [776 bytes]","args":[{"enterText":"C002","selector":{"controlType":"sap.m.Input","viewName":"etm.portal.ui.manageyards.view.New","viewId":"application-manageyards-display-component---NewYard","bindingPath":{"path":"","propertyPath":"/SALES_AREA_VKORG","modelName":"NewYardModel"},"interaction":{"idSuffix":"inner"}},"clearTextFirst":true,"interactionType":"ENTER_TEXT"}]}
RESULT: {"script":"<script> [776 bytes]","args":[{"enterText":"C002","selector":{"controlType":"sap.m.Input","viewName":"etm.portal.ui.manageyards.view.New","viewId":"application-manageyards-display-component---NewYard","bindingPath":{"path":"","propertyPath":"/SALES_AREA_VKORG","modelName":"NewYardModel"},"interaction":{"idSuffix":"inner"}},"clearTextFirst":true,"interactionType":"ENTER_TEXT"}]}
COMMAND: POST /session/0fa557d69f96d3283d48a39825366b34/execute/async - {"script":"<script> [1562 bytes]","args":[{"selector":{"controlType":"sap.m.Input","viewName":"etm.portal.ui.manageyards.view.New","viewId":"application-manageyards-display-component---NewYard","bindingPath":{"path":"","propertyPath":"/SALES_AREA_VTWEG","modelName":"NewYardModel"},"interaction":{"idSuffix":"inner"}},"wdio_ui5_key":"etmportal.ui.manageyards.view.Newsap.m.Input{\"path\":\"\",\"propertyPath\":\"/SALES_AREA_VTWEG\",\"modelName\":\"NewYardModel\"}"}]}
RESULT: {"script":"<script> [1562 bytes]","args":[{"selector":{"controlType":"sap.m.Input","viewName":"etm.portal.ui.manageyards.view.New","viewId":"application-manageyards-display-component---NewYard","bindingPath":{"path":"","propertyPath":"/SALES_AREA_VTWEG","modelName":"NewYardModel"},"interaction":{"idSuffix":"inner"}},"wdio_ui5_key":"etmportal.ui.manageyards.view.Newsap.m.Input{\"path\":\"\",\"propertyPath\":\"/SALES_AREA_VTWEG\",\"modelName\":\"NewYardModel\"}"}]}
RESULT: undefined
COMMAND: POST /session/0fa557d69f96d3283d48a39825366b34/execute/async - {"script":"<script> [776 bytes]","args":[{"enterText":"C2","selector":{"controlType":"sap.m.Input","viewName":"etm.portal.ui.manageyards.view.New","viewId":"application-manageyards-display-component---NewYard","bindingPath":{"path":"","propertyPath":"/SALES_AREA_VTWEG","modelName":"NewYardModel"},"interaction":{"idSuffix":"inner"}},"clearTextFirst":true,"interactionType":"ENTER_TEXT"}]}
RESULT: {"script":"<script> [776 bytes]","args":[{"enterText":"C2","selector":{"controlType":"sap.m.Input","viewName":"etm.portal.ui.manageyards.view.New","viewId":"application-manageyards-display-component---NewYard","bindingPath":{"path":"","propertyPath":"/SALES_AREA_VTWEG","modelName":"NewYardModel"},"interaction":{"idSuffix":"inner"}},"clearTextFirst":true,"interactionType":"ENTER_TEXT"}]}
COMMAND: POST /session/0fa557d69f96d3283d48a39825366b34/execute/async - {"script":"<script> [1562 bytes]","args":[{"selector":{"controlType":"sap.m.Input","viewName":"etm.portal.ui.manageyards.view.New","viewId":"application-manageyards-display-component---NewYard","bindingPath":{"path":"","propertyPath":"/SALES_AREA_SPART","modelName":"NewYardModel"},"interaction":{"idSuffix":"inner"}},"wdio_ui5_key":"etmportal.ui.manageyards.view.Newsap.m.Input{\"path\":\"\",\"propertyPath\":\"/SALES_AREA_SPART\",\"modelName\":\"NewYardModel\"}"}]}
RESULT: {"script":"<script> [1562 bytes]","args":[{"selector":{"controlType":"sap.m.Input","viewName":"etm.portal.ui.manageyards.view.New","viewId":"application-manageyards-display-component---NewYard","bindingPath":{"path":"","propertyPath":"/SALES_AREA_SPART","modelName":"NewYardModel"},"interaction":{"idSuffix":"inner"}},"wdio_ui5_key":"etmportal.ui.manageyards.view.Newsap.m.Input{\"path\":\"\",\"propertyPath\":\"/SALES_AREA_SPART\",\"modelName\":\"NewYardModel\"}"}]}
RESULT: undefined
COMMAND: POST /session/0fa557d69f96d3283d48a39825366b34/execute/async - {"script":"<script> [776 bytes]","args":[{"enterText":"C2","selector":{"controlType":"sap.m.Input","viewName":"etm.portal.ui.manageyards.view.New","viewId":"application-manageyards-display-component---NewYard","bindingPath":{"path":"","propertyPath":"/SALES_AREA_SPART","modelName":"NewYardModel"},"interaction":{"idSuffix":"inner"}},"clearTextFirst":true,"interactionType":"ENTER_TEXT"}]}
RESULT: {"script":"<script> [776 bytes]","args":[{"enterText":"C2","selector":{"controlType":"sap.m.Input","viewName":"etm.portal.ui.manageyards.view.New","viewId":"application-manageyards-display-component---NewYard","bindingPath":{"path":"","propertyPath":"/SALES_AREA_SPART","modelName":"NewYardModel"},"interaction":{"idSuffix":"inner"}},"clearTextFirst":true,"interactionType":"ENTER_TEXT"}]}
COMMAND: POST /session/0fa557d69f96d3283d48a39825366b34/execute/async - {"script":"<script> [1562 bytes]","args":[{"selector":{"id":"application-manageyards-display-component---NewYard--whmCheckBox","interaction":{"idSuffix":"CbBg"}},"wdio_ui5_key":"applicationmanageyards-display-component---NewYard--whmCheckBox"}]}
RESULT: {"script":"<script> [1562 bytes]","args":[{"selector":{"id":"application-manageyards-display-component---NewYard--whmCheckBox","interaction":{"idSuffix":"CbBg"}},"wdio_ui5_key":"applicationmanageyards-display-component---NewYard--whmCheckBox"}]}
RESULT: undefined
COMMAND: POST /session/0fa557d69f96d3283d48a39825366b34/element - {"using":"xpath","value":"//*[@id=\"application-manageyards-display-component---NewYard--whmCheckBox\"]"}
RESULT: {"using":"xpath","value":"//*[@id=\"application-manageyards-display-component---NewYard--whmCheckBox\"]"}
COMMAND: POST /session/0fa557d69f96d3283d48a39825366b34/element/f.3F808B98CDAAA2B1E2AEFB154760237E.d.90D36B1956AF906364AC1BF867FFFD6D.e.10580/click - {}
RESULT: {}
COMMAND: POST /session/0fa557d69f96d3283d48a39825366b34/execute/async - {"script":"<script> [1562 bytes]","args":[{"selector":{"controlType":"sap.m.Button","viewName":"etm.portal.ui.manageyards.view.New","viewId":"application-manageyards-display-component---NewYard","i18NText":{"propertyName":"text","key":"save"},"interaction":{"idSuffix":"inner"}},"wdio_ui5_key":"etmportal.ui.manageyards.view.Newsap.m.Button{\"propertyName\":\"text\",\"key\":\"save\"}"}]}
COMMAND: GET /session/0fa557d69f96d3283d48a39825366b34/screenshot - {}
RESULT: {}
RESULT: {"script":"<script> [1562 bytes]","args":[{"selector":{"controlType":"sap.m.Button","viewName":"etm.portal.ui.manageyards.view.New","viewId":"application-manageyards-display-component---NewYard","i18NText":{"propertyName":"text","key":"save"},"interaction":{"idSuffix":"inner"}},"wdio_ui5_key":"etmportal.ui.manageyards.view.Newsap.m.Button{\"propertyName\":\"text\",\"key\":\"save\"}"}]}
RESULT: undefined
COMMAND: POST /session/0fa557d69f96d3283d48a39825366b34/element - {"using":"xpath","value":"//*[@id=\"__button18\"]"}
RESULT: {"using":"xpath","value":"//*[@id=\"__button18\"]"}
COMMAND: POST /session/0fa557d69f96d3283d48a39825366b34/element/f.3F808B98CDAAA2B1E2AEFB154760237E.d.90D36B1956AF906364AC1BF867FFFD6D.e.10479/click - {}
RESULT: {}
COMMAND: GET /session/0fa557d69f96d3283d48a39825366b34/screenshot - {}
RESULT: {}
COMMAND: POST /session/0fa557d69f96d3283d48a39825366b34/element - {"using":"css selector","value":"#shell-header-logo"}
RESULT: {"using":"css selector","value":"#shell-header-logo"}
COMMAND: POST /session/0fa557d69f96d3283d48a39825366b34/element/f.3F808B98CDAAA2B1E2AEFB154760237E.d.90D36B1956AF906364AC1BF867FFFD6D.e.10038/click - {}
RESULT: {}
COMMAND: GET /session/0fa557d69f96d3283d48a39825366b34/screenshot - {}
RESULT: {}
COMMAND: POST /session/0fa557d69f96d3283d48a39825366b34/refresh - {}
RESULT: {}
COMMAND: GET /session/0fa557d69f96d3283d48a39825366b34/screenshot - {}
RESULT: {}
COMMAND: POST /session/0fa557d69f96d3283d48a39825366b34/refresh - {}
RESULT: {}
COMMAND: GET /session/0fa557d69f96d3283d48a39825366b34/screenshot - {}
RESULT: {}
COMMAND: POST /session/0fa557d69f96d3283d48a39825366b34/execute/async - {"script":"<script> [189 bytes]","args":[]}
RESULT: {"script":"<script> [189 bytes]","args":[]}
COMMAND: POST /session/0fa557d69f96d3283d48a39825366b34/execute/async - {"script":"<script> [123 bytes]","args":[]}
RESULT: {"script":"<script> [123 bytes]","args":[]}
COMMAND: POST /session/0fa557d69f96d3283d48a39825366b34/timeouts - {"script":"<number>"}
RESULT: {"script":"<number>"}
COMMAND: GET /session/0fa557d69f96d3283d48a39825366b34/timeouts - {}
RESULT: {}
RESULT: undefined
COMMAND: POST /session/0fa557d69f96d3283d48a39825366b34/execute/async - {"script":"<script> [2676 bytes]","args":[]}
RESULT: {"script":"<script> [2676 bytes]","args":[]}
COMMAND: POST /session/0fa557d69f96d3283d48a39825366b34/execute/async - {"script":"<script> [2342 bytes]","args":[{"protocol":"http","hostname":"0.0.0.0","path":"/","capabilities":{"browserName":"chrome","goog:chromeOptions":{"binary":"C:\\Program Files\\Google\\Chrome\\Application\\chrome.exe","args":["--start-maximized"]}},"logLevel":"warn","connectionRetryTimeout":120000,"connectionRetryCount":3,"logLevels":{},"enableDirectConnect":true,"strictSSL":true,"_":"65 more keys: [\"cacheDir\",\"port\",\"requestedCapabilities\",\"automationProtocol\",\"baseUrl\",\"waitforInterval\",\"waitforTimeout\",\"onReload\",\"beforeCommand\",\"afterCommand\",\"rootDir\",\"specs\",\"suites\",\"exclude\",\"groupLogsByTestSpec\",\"excludeDriverLogs\",\"bail\",\"framework\",\"reporters\",\"services\",\"maxInstances\",\"maxInstancesPerCapability\",\"injectGlobals\",\"filesToWatch\",\"execArgv\",\"runnerEnv\",\"runner\",\"shard\",\"specFileRetries\",\"specFileRetriesDelay\",\"specFileRetriesDeferred\",\"reporterSyncInterval\",\"reporterSyncTimeout\",\"cucumberFeaturesWithLineNumbers\",\"autoCompileOpts\",\"mochaOpts\",\"jasmineOpts\",\"cucumberOpts\",\"onPrepare\",\"onWorkerStart\",\"onWorkerEnd\",\"before\",\"beforeSession\",\"beforeSuite\",\"beforeHook\",\"beforeTest\",\"afterTest\",\"afterHook\",\"afterSuite\",\"afterSession\",\"after\",\"onComplete\",\"beforeAssertion\",\"afterAssertion\",\"beforeFeature\",\"beforeScenario\",\"beforeStep\",\"afterStep\",\"afterScenario\",\"afterFeature\",\"_\",\"suite\",\"$0\",\"ignoredWorkerServices\",\"wdi5\"]"}]}
RESULT: {"script":"<script> [2342 bytes]","args":[{"protocol":"http","hostname":"0.0.0.0","path":"/","capabilities":{"browserName":"chrome","goog:chromeOptions":{"binary":"C:\\Program Files\\Google\\Chrome\\Application\\chrome.exe","args":["--start-maximized"]}},"logLevel":"warn","connectionRetryTimeout":120000,"connectionRetryCount":3,"logLevels":{},"enableDirectConnect":true,"strictSSL":true,"_":"65 more keys: [\"cacheDir\",\"port\",\"requestedCapabilities\",\"automationProtocol\",\"baseUrl\",\"waitforInterval\",\"waitforTimeout\",\"onReload\",\"beforeCommand\",\"afterCommand\",\"rootDir\",\"specs\",\"suites\",\"exclude\",\"groupLogsByTestSpec\",\"excludeDriverLogs\",\"bail\",\"framework\",\"reporters\",\"services\",\"maxInstances\",\"maxInstancesPerCapability\",\"injectGlobals\",\"filesToWatch\",\"execArgv\",\"runnerEnv\",\"runner\",\"shard\",\"specFileRetries\",\"specFileRetriesDelay\",\"specFileRetriesDeferred\",\"reporterSyncInterval\",\"reporterSyncTimeout\",\"cucumberFeaturesWithLineNumbers\",\"autoCompileOpts\",\"mochaOpts\",\"jasmineOpts\",\"cucumberOpts\",\"onPrepare\",\"onWorkerStart\",\"onWorkerEnd\",\"before\",\"beforeSession\",\"beforeSuite\",\"beforeHook\",\"beforeTest\",\"afterTest\",\"afterHook\",\"afterSuite\",\"afterSession\",\"after\",\"onComplete\",\"beforeAssertion\",\"afterAssertion\",\"beforeFeature\",\"beforeScenario\",\"beforeStep\",\"afterStep\",\"afterScenario\",\"afterFeature\",\"_\",\"suite\",\"$0\",\"ignoredWorkerServices\",\"wdi5\"]"}]}
COMMAND: POST /session/0fa557d69f96d3283d48a39825366b34/execute/async - {"script":"<script> [21126 bytes]","args":[35000]}
RESULT: {"script":"<script> [21126 bytes]","args":[35000]}
]]></system-out>
    </testcase>
    <testcase classname="chrome.135_0_7049_42.windows.Warehouse_movements_inventory_test" name="Should create a new warehouse organization" time="59.529">
      <system-out><![CDATA[
COMMAND: POST /session/0fa557d69f96d3283d48a39825366b34/execute/async - {"script":"<script> [1562 bytes]","args":[{"selector":{"controlType":"sap.m.GenericTile","properties":{"header":"Bin Status Report"}},"wdio_ui5_key":"sapm.GenericTile{\"header\":\"Bin Status Report\"}"}]}
RESULT: {"script":"<script> [1562 bytes]","args":[{"selector":{"controlType":"sap.m.GenericTile","properties":{"header":"Bin Status Report"}},"wdio_ui5_key":"sapm.GenericTile{\"header\":\"Bin Status Report\"}"}]}
RESULT: undefined
COMMAND: POST /session/0fa557d69f96d3283d48a39825366b34/element - {"using":"xpath","value":"//*[@id=\"__tile104\"]"}
RESULT: {"using":"xpath","value":"//*[@id=\"__tile104\"]"}
COMMAND: POST /session/0fa557d69f96d3283d48a39825366b34/element/f.3F808B98CDAAA2B1E2AEFB154760237E.d.E1C7D49044B9FE3F86B6C76DC80CBF35.e.10812/click - {}
RESULT: {}
COMMAND: GET /session/0fa557d69f96d3283d48a39825366b34/screenshot - {}
RESULT: {}
COMMAND: POST /session/0fa557d69f96d3283d48a39825366b34/execute/async - {"script":"<script> [1562 bytes]","args":[{"selector":{"id":"application-binstatusreport-display-component---warehousing--createOrgBtn","interaction":{"idSuffix":"BDI-content"}},"wdio_ui5_key":"applicationbinstatusreport-display-component---warehousing--createOrgBtn"}]}
RESULT: {"script":"<script> [1562 bytes]","args":[{"selector":{"id":"application-binstatusreport-display-component---warehousing--createOrgBtn","interaction":{"idSuffix":"BDI-content"}},"wdio_ui5_key":"applicationbinstatusreport-display-component---warehousing--createOrgBtn"}]}
RESULT: undefined
COMMAND: POST /session/0fa557d69f96d3283d48a39825366b34/element - {"using":"xpath","value":"//*[@id=\"application-binstatusreport-display-component---warehousing--createOrgBtn\"]"}
RESULT: {"using":"xpath","value":"//*[@id=\"application-binstatusreport-display-component---warehousing--createOrgBtn\"]"}
COMMAND: POST /session/0fa557d69f96d3283d48a39825366b34/element/f.3F808B98CDAAA2B1E2AEFB154760237E.d.E1C7D49044B9FE3F86B6C76DC80CBF35.e.10858/click - {}
RESULT: {}
COMMAND: GET /session/0fa557d69f96d3283d48a39825366b34/screenshot - {}
RESULT: {}
COMMAND: POST /session/0fa557d69f96d3283d48a39825366b34/execute/async - {"script":"<script> [1562 bytes]","args":[{"selector":{"id":"createOrganizationPop--sectionInput","searchOpenDialogs":true,"interaction":{"idSuffix":"inner"}},"wdio_ui5_key":"createOrganizationPopsectionInput"}]}
RESULT: {"script":"<script> [1562 bytes]","args":[{"selector":{"id":"createOrganizationPop--sectionInput","searchOpenDialogs":true,"interaction":{"idSuffix":"inner"}},"wdio_ui5_key":"createOrganizationPopsectionInput"}]}
RESULT: undefined
COMMAND: POST /session/0fa557d69f96d3283d48a39825366b34/execute/async - {"script":"<script> [776 bytes]","args":[{"enterText":"Sec4oh3w","selector":{"id":"createOrganizationPop--sectionInput","searchOpenDialogs":true,"interaction":{"idSuffix":"inner"}},"clearTextFirst":true,"interactionType":"ENTER_TEXT"}]}
RESULT: {"script":"<script> [776 bytes]","args":[{"enterText":"Sec4oh3w","selector":{"id":"createOrganizationPop--sectionInput","searchOpenDialogs":true,"interaction":{"idSuffix":"inner"}},"clearTextFirst":true,"interactionType":"ENTER_TEXT"}]}
COMMAND: POST /session/0fa557d69f96d3283d48a39825366b34/execute/async - {"script":"<script> [1562 bytes]","args":[{"selector":{"id":"createOrganizationPop--descriptionInput","searchOpenDialogs":true,"interaction":{"idSuffix":"inner"}},"wdio_ui5_key":"createOrganizationPopdescriptionInput"}]}
RESULT: {"script":"<script> [1562 bytes]","args":[{"selector":{"id":"createOrganizationPop--descriptionInput","searchOpenDialogs":true,"interaction":{"idSuffix":"inner"}},"wdio_ui5_key":"createOrganizationPopdescriptionInput"}]}
RESULT: undefined
COMMAND: POST /session/0fa557d69f96d3283d48a39825366b34/execute/async - {"script":"<script> [776 bytes]","args":[{"enterText":"OrgNamek9oqk","selector":{"id":"createOrganizationPop--descriptionInput","searchOpenDialogs":true,"interaction":{"idSuffix":"inner"}},"clearTextFirst":true,"interactionType":"ENTER_TEXT"}]}
RESULT: {"script":"<script> [776 bytes]","args":[{"enterText":"OrgNamek9oqk","selector":{"id":"createOrganizationPop--descriptionInput","searchOpenDialogs":true,"interaction":{"idSuffix":"inner"}},"clearTextFirst":true,"interactionType":"ENTER_TEXT"}]}
COMMAND: POST /session/0fa557d69f96d3283d48a39825366b34/element - {"using":"xpath","value":"//input[contains(@id ,\"createOrganizationPop--yardOrg-inner\")]"}
RESULT: {"using":"xpath","value":"//input[contains(@id ,\"createOrganizationPop--yardOrg-inner\")]"}
COMMAND: POST /session/0fa557d69f96d3283d48a39825366b34/element/f.3F808B98CDAAA2B1E2AEFB154760237E.d.E1C7D49044B9FE3F86B6C76DC80CBF35.e.10901/clear - {}
RESULT: {}
COMMAND: POST /session/0fa557d69f96d3283d48a39825366b34/element/f.3F808B98CDAAA2B1E2AEFB154760237E.d.E1C7D49044B9FE3F86B6C76DC80CBF35.e.10901/value - {"text":"WebdriverWHMYardsnyajg"}
COMMAND: GET /session/0fa557d69f96d3283d48a39825366b34/screenshot - {}
RESULT: {"text":"WebdriverWHMYardsnyajg"}
COMMAND: GET /session/0fa557d69f96d3283d48a39825366b34/screenshot - {}
RESULT: {}
RESULT: {}
COMMAND: POST /session/0fa557d69f96d3283d48a39825366b34/actions - {"actions":[{"id":"action28","type":"key","parameters":{},"actions":[{"type":"keyDown","value":""},{"type":"pause","duration":10},{"type":"keyUp","value":""}]}]}
RESULT: {"actions":[{"id":"action28","type":"key","parameters":{},"actions":[{"type":"keyDown","value":""},{"type":"pause","duration":10},{"type":"keyUp","value":""}]}]}
COMMAND: GET /session/0fa557d69f96d3283d48a39825366b34/screenshot - {}
RESULT: {}
COMMAND: POST /session/0fa557d69f96d3283d48a39825366b34/execute/async - {"script":"<script> [1562 bytes]","args":[{"selector":{"id":"createOrganizationPop--grZone","searchOpenDialogs":true,"interaction":{"idSuffix":"CbBg"}},"wdio_ui5_key":"createOrganizationPopgrZone"}]}
RESULT: {"script":"<script> [1562 bytes]","args":[{"selector":{"id":"createOrganizationPop--grZone","searchOpenDialogs":true,"interaction":{"idSuffix":"CbBg"}},"wdio_ui5_key":"createOrganizationPopgrZone"}]}
RESULT: undefined
COMMAND: POST /session/0fa557d69f96d3283d48a39825366b34/element - {"using":"xpath","value":"//*[@id=\"createOrganizationPop--grZone\"]"}
RESULT: {"using":"xpath","value":"//*[@id=\"createOrganizationPop--grZone\"]"}
COMMAND: POST /session/0fa557d69f96d3283d48a39825366b34/element/f.3F808B98CDAAA2B1E2AEFB154760237E.d.E1C7D49044B9FE3F86B6C76DC80CBF35.e.10921/click - {}
RESULT: {}
COMMAND: POST /session/0fa557d69f96d3283d48a39825366b34/execute/async - {"script":"<script> [1562 bytes]","args":[{"selector":{"id":"createOrganizationPop--giZone","searchOpenDialogs":true,"interaction":{"idSuffix":"CbBg"}},"wdio_ui5_key":"createOrganizationPopgiZone"}]}
COMMAND: GET /session/0fa557d69f96d3283d48a39825366b34/screenshot - {}
RESULT: {"script":"<script> [1562 bytes]","args":[{"selector":{"id":"createOrganizationPop--giZone","searchOpenDialogs":true,"interaction":{"idSuffix":"CbBg"}},"wdio_ui5_key":"createOrganizationPopgiZone"}]}
RESULT: undefined
COMMAND: POST /session/0fa557d69f96d3283d48a39825366b34/element - {"using":"xpath","value":"//*[@id=\"createOrganizationPop--giZone\"]"}
RESULT: {}
RESULT: {"using":"xpath","value":"//*[@id=\"createOrganizationPop--giZone\"]"}
COMMAND: POST /session/0fa557d69f96d3283d48a39825366b34/element/f.3F808B98CDAAA2B1E2AEFB154760237E.d.E1C7D49044B9FE3F86B6C76DC80CBF35.e.10923/click - {}
RESULT: {}
COMMAND: POST /session/0fa557d69f96d3283d48a39825366b34/execute/async - {"script":"<script> [1562 bytes]","args":[{"selector":{"id":"createOrganizationPop--binNoInput","searchOpenDialogs":true,"interaction":{"idSuffix":"inner"}},"wdio_ui5_key":"createOrganizationPopbinNoInput"}]}
COMMAND: GET /session/0fa557d69f96d3283d48a39825366b34/screenshot - {}
RESULT: {"script":"<script> [1562 bytes]","args":[{"selector":{"id":"createOrganizationPop--binNoInput","searchOpenDialogs":true,"interaction":{"idSuffix":"inner"}},"wdio_ui5_key":"createOrganizationPopbinNoInput"}]}
RESULT: undefined
COMMAND: POST /session/0fa557d69f96d3283d48a39825366b34/execute/async - {"script":"<script> [776 bytes]","args":[{"enterText":"Bin0ikfj","selector":{"id":"createOrganizationPop--binNoInput","searchOpenDialogs":true,"interaction":{"idSuffix":"inner"}},"clearTextFirst":true,"interactionType":"ENTER_TEXT"}]}
RESULT: {}
RESULT: {"script":"<script> [776 bytes]","args":[{"enterText":"Bin0ikfj","selector":{"id":"createOrganizationPop--binNoInput","searchOpenDialogs":true,"interaction":{"idSuffix":"inner"}},"clearTextFirst":true,"interactionType":"ENTER_TEXT"}]}
COMMAND: POST /session/0fa557d69f96d3283d48a39825366b34/execute/async - {"script":"<script> [1562 bytes]","args":[{"selector":{"id":"createOrganizationPop--descriptionId","searchOpenDialogs":true,"interaction":{"idSuffix":"inner"}},"wdio_ui5_key":"createOrganizationPopdescriptionId"}]}
RESULT: {"script":"<script> [1562 bytes]","args":[{"selector":{"id":"createOrganizationPop--descriptionId","searchOpenDialogs":true,"interaction":{"idSuffix":"inner"}},"wdio_ui5_key":"createOrganizationPopdescriptionId"}]}
RESULT: undefined
COMMAND: POST /session/0fa557d69f96d3283d48a39825366b34/execute/async - {"script":"<script> [776 bytes]","args":[{"enterText":"Bindadfng","selector":{"id":"createOrganizationPop--descriptionId","searchOpenDialogs":true,"interaction":{"idSuffix":"inner"}},"clearTextFirst":true,"interactionType":"ENTER_TEXT"}]}
RESULT: {"script":"<script> [776 bytes]","args":[{"enterText":"Bindadfng","selector":{"id":"createOrganizationPop--descriptionId","searchOpenDialogs":true,"interaction":{"idSuffix":"inner"}},"clearTextFirst":true,"interactionType":"ENTER_TEXT"}]}
COMMAND: POST /session/0fa557d69f96d3283d48a39825366b34/execute/async - {"script":"<script> [1562 bytes]","args":[{"selector":{"controlType":"sap.m.CheckBox","viewName":"etm.portal.ui.binstatusreport.view.MasterWareBins","viewId":"application-binstatusreport-display-component---warehousing","bindingPath":{"path":"","propertyPath":"/ZONE","modelName":"newBin"},"searchOpenDialogs":true,"interaction":{"idSuffix":"CbBg"}},"wdio_ui5_key":"etmportal.ui.binstatusreport.view.MasterWareBinssap.m.CheckBox{\"path\":\"\",\"propertyPath\":\"/ZONE\",\"modelName\":\"newBin\"}"}]}
RESULT: {"script":"<script> [1562 bytes]","args":[{"selector":{"controlType":"sap.m.CheckBox","viewName":"etm.portal.ui.binstatusreport.view.MasterWareBins","viewId":"application-binstatusreport-display-component---warehousing","bindingPath":{"path":"","propertyPath":"/ZONE","modelName":"newBin"},"searchOpenDialogs":true,"interaction":{"idSuffix":"CbBg"}},"wdio_ui5_key":"etmportal.ui.binstatusreport.view.MasterWareBinssap.m.CheckBox{\"path\":\"\",\"propertyPath\":\"/ZONE\",\"modelName\":\"newBin\"}"}]}
RESULT: undefined
COMMAND: POST /session/0fa557d69f96d3283d48a39825366b34/element - {"using":"xpath","value":"//*[@id=\"__box12\"]"}
RESULT: {"using":"xpath","value":"//*[@id=\"__box12\"]"}
COMMAND: POST /session/0fa557d69f96d3283d48a39825366b34/element/f.3F808B98CDAAA2B1E2AEFB154760237E.d.E1C7D49044B9FE3F86B6C76DC80CBF35.e.10927/click - {}
RESULT: {}
COMMAND: POST /session/0fa557d69f96d3283d48a39825366b34/execute/async - {"script":"<script> [1562 bytes]","args":[{"selector":{"id":"createOrganizationPop--binTypesCB-arrow","searchOpenDialogs":true},"wdio_ui5_key":"createOrganizationPopbinTypesCB-arrow"}]}
COMMAND: GET /session/0fa557d69f96d3283d48a39825366b34/screenshot - {}
RESULT: {"script":"<script> [1562 bytes]","args":[{"selector":{"id":"createOrganizationPop--binTypesCB-arrow","searchOpenDialogs":true},"wdio_ui5_key":"createOrganizationPopbinTypesCB-arrow"}]}
RESULT: undefined
COMMAND: POST /session/0fa557d69f96d3283d48a39825366b34/element - {"using":"xpath","value":"//*[@id=\"createOrganizationPop--binTypesCB-arrow\"]"}
RESULT: {}
RESULT: {"using":"xpath","value":"//*[@id=\"createOrganizationPop--binTypesCB-arrow\"]"}
COMMAND: POST /session/0fa557d69f96d3283d48a39825366b34/element/f.3F808B98CDAAA2B1E2AEFB154760237E.d.E1C7D49044B9FE3F86B6C76DC80CBF35.e.10928/click - {}
RESULT: {}
COMMAND: POST /session/0fa557d69f96d3283d48a39825366b34/execute/async - {"script":"<script> [1562 bytes]","args":[{"selector":{"controlType":"sap.m.StandardListItem","viewName":"etm.portal.ui.binstatusreport.view.MasterWareBins","viewId":"application-binstatusreport-display-component---warehousing","properties":{"title":"1 - General / No capacity check"},"searchOpenDialogs":true,"interaction":{"idSuffix":"content"}},"wdio_ui5_key":"etmportal.ui.binstatusreport.view.MasterWareBinssap.m.StandardListItem{\"title\":\"1 - General / No capacity check\"}"}]}
COMMAND: GET /session/0fa557d69f96d3283d48a39825366b34/screenshot - {}
RESULT: {"script":"<script> [1562 bytes]","args":[{"selector":{"controlType":"sap.m.StandardListItem","viewName":"etm.portal.ui.binstatusreport.view.MasterWareBins","viewId":"application-binstatusreport-display-component---warehousing","properties":{"title":"1 - General / No capacity check"},"searchOpenDialogs":true,"interaction":{"idSuffix":"content"}},"wdio_ui5_key":"etmportal.ui.binstatusreport.view.MasterWareBinssap.m.StandardListItem{\"title\":\"1 - General / No capacity check\"}"}]}
RESULT: undefined
COMMAND: POST /session/0fa557d69f96d3283d48a39825366b34/element - {"using":"xpath","value":"//*[@id=\"__item110\"]"}
RESULT: {}
RESULT: {"using":"xpath","value":"//*[@id=\"__item110\"]"}
COMMAND: POST /session/0fa557d69f96d3283d48a39825366b34/element/f.3F808B98CDAAA2B1E2AEFB154760237E.d.E1C7D49044B9FE3F86B6C76DC80CBF35.e.10930/click - {}
RESULT: {}
COMMAND: POST /session/0fa557d69f96d3283d48a39825366b34/execute/async - {"script":"<script> [1562 bytes]","args":[{"selector":{"id":"createOrganizationPop--finishBtn","searchOpenDialogs":true,"interaction":{"idSuffix":"BDI-content"}},"wdio_ui5_key":"createOrganizationPopfinishBtn"}]}
COMMAND: GET /session/0fa557d69f96d3283d48a39825366b34/screenshot - {}
RESULT: {"script":"<script> [1562 bytes]","args":[{"selector":{"id":"createOrganizationPop--finishBtn","searchOpenDialogs":true,"interaction":{"idSuffix":"BDI-content"}},"wdio_ui5_key":"createOrganizationPopfinishBtn"}]}
RESULT: undefined
COMMAND: POST /session/0fa557d69f96d3283d48a39825366b34/element - {"using":"xpath","value":"//*[@id=\"createOrganizationPop--finishBtn\"]"}
RESULT: {}
RESULT: {"using":"xpath","value":"//*[@id=\"createOrganizationPop--finishBtn\"]"}
COMMAND: POST /session/0fa557d69f96d3283d48a39825366b34/element/f.3F808B98CDAAA2B1E2AEFB154760237E.d.E1C7D49044B9FE3F86B6C76DC80CBF35.e.10932/click - {}
RESULT: {}
COMMAND: GET /session/0fa557d69f96d3283d48a39825366b34/screenshot - {}
RESULT: {}
COMMAND: POST /session/0fa557d69f96d3283d48a39825366b34/element - {"using":"css selector","value":"#shell-header-logo"}
RESULT: {"using":"css selector","value":"#shell-header-logo"}
COMMAND: POST /session/0fa557d69f96d3283d48a39825366b34/element/f.3F808B98CDAAA2B1E2AEFB154760237E.d.E1C7D49044B9FE3F86B6C76DC80CBF35.e.10817/click - {}
RESULT: {}
COMMAND: GET /session/0fa557d69f96d3283d48a39825366b34/screenshot - {}
RESULT: {}
]]></system-out>
    </testcase>
    <testcase classname="chrome.135_0_7049_42.windows.Warehouse_movements_inventory_test" name="Should Create new material for WHM yard" time="156.578">
      <system-out><![CDATA[
COMMAND: POST /session/0fa557d69f96d3283d48a39825366b34/execute/async - {"script":"<script> [1562 bytes]","args":[{"selector":{"controlType":"sap.m.GenericTile","properties":{"header":"Manage Resources"}},"wdio_ui5_key":"sapm.GenericTile{\"header\":\"Manage Resources\"}"}]}
RESULT: {"script":"<script> [1562 bytes]","args":[{"selector":{"controlType":"sap.m.GenericTile","properties":{"header":"Manage Resources"}},"wdio_ui5_key":"sapm.GenericTile{\"header\":\"Manage Resources\"}"}]}
RESULT: undefined
COMMAND: POST /session/0fa557d69f96d3283d48a39825366b34/element - {"using":"xpath","value":"//*[@id=\"__tile39\"]"}
RESULT: {"using":"xpath","value":"//*[@id=\"__tile39\"]"}
COMMAND: POST /session/0fa557d69f96d3283d48a39825366b34/element/f.3F808B98CDAAA2B1E2AEFB154760237E.d.E1C7D49044B9FE3F86B6C76DC80CBF35.e.10940/click - {}
RESULT: {}
COMMAND: GET /session/0fa557d69f96d3283d48a39825366b34/screenshot - {}
RESULT: {}
RESULT: undefined
COMMAND: POST /session/0fa557d69f96d3283d48a39825366b34/element - {"using":"xpath","value":"//button[@data-kt=\"addNewRUOverflowToolbarButton\"]"}
RESULT: {"using":"xpath","value":"//button[@data-kt=\"addNewRUOverflowToolbarButton\"]"}
COMMAND: POST /session/0fa557d69f96d3283d48a39825366b34/execute/sync - {"script":"<script> [8489 bytes]","args":[{"element-6066-11e4-a52e-4f735466cecf":"f.3F808B98CDAAA2B1E2AEFB154760237E.d.E1C7D49044B9FE3F86B6C76DC80CBF35.e.10970","ELEMENT":"f.3F808B98CDAAA2B1E2AEFB154760237E.d.E1C7D49044B9FE3F86B6C76DC80CBF35.e.10970"}]}
RESULT: {"script":"<script> [8489 bytes]","args":[{"element-6066-11e4-a52e-4f735466cecf":"f.3F808B98CDAAA2B1E2AEFB154760237E.d.E1C7D49044B9FE3F86B6C76DC80CBF35.e.10970","ELEMENT":"f.3F808B98CDAAA2B1E2AEFB154760237E.d.E1C7D49044B9FE3F86B6C76DC80CBF35.e.10970"}]}
COMMAND: POST /session/0fa557d69f96d3283d48a39825366b34/element/f.3F808B98CDAAA2B1E2AEFB154760237E.d.E1C7D49044B9FE3F86B6C76DC80CBF35.e.10970/click - {}
COMMAND: GET /session/0fa557d69f96d3283d48a39825366b34/screenshot - {}
RESULT: {}
COMMAND: POST /session/0fa557d69f96d3283d48a39825366b34/execute/async - {"script":"<script> [1562 bytes]","args":[{"selector":{"id":"application-manageresources-display-component---newResourceUnit--TYPE-arrow"},"wdio_ui5_key":"applicationmanageresources-display-component---newResourceUnit--TYPE-arrow"}]}
COMMAND: GET /session/0fa557d69f96d3283d48a39825366b34/screenshot - {}
RESULT: {}
RESULT: {"script":"<script> [1562 bytes]","args":[{"selector":{"id":"application-manageresources-display-component---newResourceUnit--TYPE-arrow"},"wdio_ui5_key":"applicationmanageresources-display-component---newResourceUnit--TYPE-arrow"}]}
RESULT: undefined
COMMAND: POST /session/0fa557d69f96d3283d48a39825366b34/element - {"using":"xpath","value":"//*[@id=\"application-manageresources-display-component---newResourceUnit--TYPE-arrow\"]"}
RESULT: {}
RESULT: {"using":"xpath","value":"//*[@id=\"application-manageresources-display-component---newResourceUnit--TYPE-arrow\"]"}
COMMAND: POST /session/0fa557d69f96d3283d48a39825366b34/element/f.3F808B98CDAAA2B1E2AEFB154760237E.d.E1C7D49044B9FE3F86B6C76DC80CBF35.e.11140/click - {}
RESULT: {}
COMMAND: POST /session/0fa557d69f96d3283d48a39825366b34/execute/async - {"script":"<script> [1562 bytes]","args":[{"selector":{"controlType":"sap.m.StandardListItem","viewName":"reusables.view.manageresources.NewResourceUnit","viewId":"application-manageresources-display-component---newResourceUnit","properties":{"title":"Material"},"searchOpenDialogs":true,"interaction":{"idSuffix":"titleText"}},"wdio_ui5_key":"reusablesview.manageresources.NewResourceUnitsap.m.StandardListItem{\"title\":\"Material\"}"}]}
COMMAND: GET /session/0fa557d69f96d3283d48a39825366b34/screenshot - {}
RESULT: {"script":"<script> [1562 bytes]","args":[{"selector":{"controlType":"sap.m.StandardListItem","viewName":"reusables.view.manageresources.NewResourceUnit","viewId":"application-manageresources-display-component---newResourceUnit","properties":{"title":"Material"},"searchOpenDialogs":true,"interaction":{"idSuffix":"titleText"}},"wdio_ui5_key":"reusablesview.manageresources.NewResourceUnitsap.m.StandardListItem{\"title\":\"Material\"}"}]}
RESULT: undefined
COMMAND: POST /session/0fa557d69f96d3283d48a39825366b34/element - {"using":"xpath","value":"//*[@id=\"__item240\"]"}
RESULT: {}
RESULT: {"using":"xpath","value":"//*[@id=\"__item240\"]"}
COMMAND: POST /session/0fa557d69f96d3283d48a39825366b34/element/f.3F808B98CDAAA2B1E2AEFB154760237E.d.E1C7D49044B9FE3F86B6C76DC80CBF35.e.11143/click - {}
RESULT: {}
COMMAND: POST /session/0fa557d69f96d3283d48a39825366b34/execute/async - {"script":"<script> [1562 bytes]","args":[{"selector":{"id":"application-manageresources-display-component---newResourceUnit--SHORT_TEXT","interaction":{"idSuffix":"inner"}},"wdio_ui5_key":"applicationmanageresources-display-component---newResourceUnit--SHORT_TEXT"}]}
COMMAND: GET /session/0fa557d69f96d3283d48a39825366b34/screenshot - {}
RESULT: {"script":"<script> [1562 bytes]","args":[{"selector":{"id":"application-manageresources-display-component---newResourceUnit--SHORT_TEXT","interaction":{"idSuffix":"inner"}},"wdio_ui5_key":"applicationmanageresources-display-component---newResourceUnit--SHORT_TEXT"}]}
RESULT: undefined
COMMAND: POST /session/0fa557d69f96d3283d48a39825366b34/execute/async - {"script":"<script> [776 bytes]","args":[{"enterText":"WebdriverRUR2Curqcy","selector":{"id":"application-manageresources-display-component---newResourceUnit--SHORT_TEXT","interaction":{"idSuffix":"inner"}},"clearTextFirst":true,"interactionType":"ENTER_TEXT"}]}
RESULT: {}
RESULT: {"script":"<script> [776 bytes]","args":[{"enterText":"WebdriverRUR2Curqcy","selector":{"id":"application-manageresources-display-component---newResourceUnit--SHORT_TEXT","interaction":{"idSuffix":"inner"}},"clearTextFirst":true,"interactionType":"ENTER_TEXT"}]}
COMMAND: POST /session/0fa557d69f96d3283d48a39825366b34/execute/async - {"script":"<script> [1562 bytes]","args":[{"selector":{"id":"application-manageresources-display-component---newResourceUnit--BASE_UNIT_OF_MEASURE-arrow"},"wdio_ui5_key":"applicationmanageresources-display-component---newResourceUnit--BASE_UNIT_OF_MEASURE-arrow"}]}
RESULT: {"script":"<script> [1562 bytes]","args":[{"selector":{"id":"application-manageresources-display-component---newResourceUnit--BASE_UNIT_OF_MEASURE-arrow"},"wdio_ui5_key":"applicationmanageresources-display-component---newResourceUnit--BASE_UNIT_OF_MEASURE-arrow"}]}
RESULT: undefined
COMMAND: POST /session/0fa557d69f96d3283d48a39825366b34/element - {"using":"xpath","value":"//*[@id=\"application-manageresources-display-component---newResourceUnit--BASE_UNIT_OF_MEASURE-arrow\"]"}
RESULT: {"using":"xpath","value":"//*[@id=\"application-manageresources-display-component---newResourceUnit--BASE_UNIT_OF_MEASURE-arrow\"]"}
COMMAND: POST /session/0fa557d69f96d3283d48a39825366b34/element/f.3F808B98CDAAA2B1E2AEFB154760237E.d.E1C7D49044B9FE3F86B6C76DC80CBF35.e.11199/click - {}
RESULT: {}
COMMAND: POST /session/0fa557d69f96d3283d48a39825366b34/execute/async - {"script":"<script> [1562 bytes]","args":[{"selector":{"controlType":"sap.m.StandardListItem","viewName":"reusables.view.manageresources.NewResourceUnit","viewId":"application-manageresources-display-component---newResourceUnit","properties":{"title":"Piece"},"searchOpenDialogs":true,"interaction":{"idSuffix":"titleText"}},"wdio_ui5_key":"reusablesview.manageresources.NewResourceUnitsap.m.StandardListItem{\"title\":\"Piece\"}"}]}
COMMAND: GET /session/0fa557d69f96d3283d48a39825366b34/screenshot - {}
RESULT: {"script":"<script> [1562 bytes]","args":[{"selector":{"controlType":"sap.m.StandardListItem","viewName":"reusables.view.manageresources.NewResourceUnit","viewId":"application-manageresources-display-component---newResourceUnit","properties":{"title":"Piece"},"searchOpenDialogs":true,"interaction":{"idSuffix":"titleText"}},"wdio_ui5_key":"reusablesview.manageresources.NewResourceUnitsap.m.StandardListItem{\"title\":\"Piece\"}"}]}
RESULT: undefined
COMMAND: POST /session/0fa557d69f96d3283d48a39825366b34/element - {"using":"xpath","value":"//*[@id=\"__item284\"]"}
RESULT: {}
RESULT: {"using":"xpath","value":"//*[@id=\"__item284\"]"}
COMMAND: POST /session/0fa557d69f96d3283d48a39825366b34/element/f.3F808B98CDAAA2B1E2AEFB154760237E.d.E1C7D49044B9FE3F86B6C76DC80CBF35.e.11201/click - {}
RESULT: {}
COMMAND: POST /session/0fa557d69f96d3283d48a39825366b34/element - {"using":"xpath","value":"//input[contains(@id ,\"application-manageresources-display-component---newResourceUnit--SHORT_TEXT-inner\")]"}
COMMAND: GET /session/0fa557d69f96d3283d48a39825366b34/screenshot - {}
RESULT: {"using":"xpath","value":"//input[contains(@id ,\"application-manageresources-display-component---newResourceUnit--SHORT_TEXT-inner\")]"}
COMMAND: GET /session/0fa557d69f96d3283d48a39825366b34/element/f.3F808B98CDAAA2B1E2AEFB154760237E.d.E1C7D49044B9FE3F86B6C76DC80CBF35.e.11160/property/value - {}
RESULT: {}
RESULT: {}
COMMAND: POST /session/0fa557d69f96d3283d48a39825366b34/execute/async - {"script":"<script> [1562 bytes]","args":[{"selector":{"id":"application-manageresources-display-component---newResourceUnit--WEIGHT_UNIT-arrow"},"wdio_ui5_key":"applicationmanageresources-display-component---newResourceUnit--WEIGHT_UNIT-arrow"}]}
COMMAND: GET /session/0fa557d69f96d3283d48a39825366b34/screenshot - {}
RESULT: {"script":"<script> [1562 bytes]","args":[{"selector":{"id":"application-manageresources-display-component---newResourceUnit--WEIGHT_UNIT-arrow"},"wdio_ui5_key":"applicationmanageresources-display-component---newResourceUnit--WEIGHT_UNIT-arrow"}]}
RESULT: undefined
COMMAND: POST /session/0fa557d69f96d3283d48a39825366b34/element - {"using":"xpath","value":"//*[@id=\"application-manageresources-display-component---newResourceUnit--WEIGHT_UNIT-arrow\"]"}
RESULT: {}
RESULT: {"using":"xpath","value":"//*[@id=\"application-manageresources-display-component---newResourceUnit--WEIGHT_UNIT-arrow\"]"}
COMMAND: POST /session/0fa557d69f96d3283d48a39825366b34/element/f.3F808B98CDAAA2B1E2AEFB154760237E.d.E1C7D49044B9FE3F86B6C76DC80CBF35.e.11202/click - {}
RESULT: {}
COMMAND: POST /session/0fa557d69f96d3283d48a39825366b34/execute/async - {"script":"<script> [1562 bytes]","args":[{"selector":{"controlType":"sap.m.StandardListItem","viewName":"reusables.view.manageresources.NewResourceUnit","viewId":"application-manageresources-display-component---newResourceUnit","properties":{"title":"Gram"},"searchOpenDialogs":true,"interaction":{"idSuffix":"content"}},"wdio_ui5_key":"reusablesview.manageresources.NewResourceUnitsap.m.StandardListItem{\"title\":\"Gram\"}"}]}
COMMAND: GET /session/0fa557d69f96d3283d48a39825366b34/screenshot - {}
RESULT: {"script":"<script> [1562 bytes]","args":[{"selector":{"controlType":"sap.m.StandardListItem","viewName":"reusables.view.manageresources.NewResourceUnit","viewId":"application-manageresources-display-component---newResourceUnit","properties":{"title":"Gram"},"searchOpenDialogs":true,"interaction":{"idSuffix":"content"}},"wdio_ui5_key":"reusablesview.manageresources.NewResourceUnitsap.m.StandardListItem{\"title\":\"Gram\"}"}]}
RESULT: undefined
COMMAND: POST /session/0fa557d69f96d3283d48a39825366b34/element - {"using":"xpath","value":"//*[@id=\"__item349\"]"}
RESULT: {}
RESULT: {"using":"xpath","value":"//*[@id=\"__item349\"]"}
COMMAND: POST /session/0fa557d69f96d3283d48a39825366b34/element/f.3F808B98CDAAA2B1E2AEFB154760237E.d.E1C7D49044B9FE3F86B6C76DC80CBF35.e.11204/click - {}
RESULT: {}
COMMAND: POST /session/0fa557d69f96d3283d48a39825366b34/execute/async - {"script":"<script> [1562 bytes]","args":[{"selector":{"id":"application-manageresources-display-component---newResourceUnit--newRRUPage-OPHeaderContent-collapseBtn-img"},"wdio_ui5_key":"applicationmanageresources-display-component---newResourceUnit--newRRUPage-OPHeaderContent-collapseBtn-img"}]}
COMMAND: GET /session/0fa557d69f96d3283d48a39825366b34/screenshot - {}
RESULT: {"script":"<script> [1562 bytes]","args":[{"selector":{"id":"application-manageresources-display-component---newResourceUnit--newRRUPage-OPHeaderContent-collapseBtn-img"},"wdio_ui5_key":"applicationmanageresources-display-component---newResourceUnit--newRRUPage-OPHeaderContent-collapseBtn-img"}]}
RESULT: undefined
COMMAND: POST /session/0fa557d69f96d3283d48a39825366b34/element - {"using":"xpath","value":"//*[@id=\"application-manageresources-display-component---newResourceUnit--newRRUPage-OPHeaderContent-collapseBtn-img\"]"}
RESULT: {}
RESULT: {"using":"xpath","value":"//*[@id=\"application-manageresources-display-component---newResourceUnit--newRRUPage-OPHeaderContent-collapseBtn-img\"]"}
COMMAND: POST /session/0fa557d69f96d3283d48a39825366b34/element/f.3F808B98CDAAA2B1E2AEFB154760237E.d.E1C7D49044B9FE3F86B6C76DC80CBF35.e.11150/click - {}
RESULT: {}
COMMAND: GET /session/0fa557d69f96d3283d48a39825366b34/screenshot - {}
RESULT: {}
COMMAND: POST /session/0fa557d69f96d3283d48a39825366b34/element - {"using":"xpath","value":"(//span[contains(@id ,\"application-manageresources-display-component---newResourceUnit--DIMENSION_UNIT-arrow\")])[1]"}
RESULT: {"using":"xpath","value":"(//span[contains(@id ,\"application-manageresources-display-component---newResourceUnit--DIMENSION_UNIT-arrow\")])[1]"}
COMMAND: POST /session/0fa557d69f96d3283d48a39825366b34/element/f.3F808B98CDAAA2B1E2AEFB154760237E.d.E1C7D49044B9FE3F86B6C76DC80CBF35.e.11210/click - {}
RESULT: {}
COMMAND: GET /session/0fa557d69f96d3283d48a39825366b34/screenshot - {}
RESULT: {}
COMMAND: POST /session/0fa557d69f96d3283d48a39825366b34/execute/async - {"script":"<script> [1562 bytes]","args":[{"selector":{"controlType":"sap.m.StandardListItem","viewName":"reusables.view.manageresources.NewResourceUnit","viewId":"application-manageresources-display-component---newResourceUnit","properties":{"title":"Centimeter"},"searchOpenDialogs":true,"interaction":{"idSuffix":"titleText"}},"wdio_ui5_key":"reusablesview.manageresources.NewResourceUnitsap.m.StandardListItem{\"title\":\"Centimeter\"}"}]}
RESULT: {"script":"<script> [1562 bytes]","args":[{"selector":{"controlType":"sap.m.StandardListItem","viewName":"reusables.view.manageresources.NewResourceUnit","viewId":"application-manageresources-display-component---newResourceUnit","properties":{"title":"Centimeter"},"searchOpenDialogs":true,"interaction":{"idSuffix":"titleText"}},"wdio_ui5_key":"reusablesview.manageresources.NewResourceUnitsap.m.StandardListItem{\"title\":\"Centimeter\"}"}]}
RESULT: undefined
COMMAND: POST /session/0fa557d69f96d3283d48a39825366b34/element - {"using":"xpath","value":"//*[@id=\"__item352\"]"}
RESULT: {"using":"xpath","value":"//*[@id=\"__item352\"]"}
COMMAND: POST /session/0fa557d69f96d3283d48a39825366b34/element/f.3F808B98CDAAA2B1E2AEFB154760237E.d.E1C7D49044B9FE3F86B6C76DC80CBF35.e.11212/click - {}
RESULT: {}
COMMAND: POST /session/0fa557d69f96d3283d48a39825366b34/execute/async - {"script":"<script> [1562 bytes]","args":[{"selector":{"id":"application-manageresources-display-component---newResourceUnit--newRRUPage-anchBar-application-manageresources-display-component---newResourceUnit--reference-anchor","interaction":{"idSuffix":"BDI-content"}},"wdio_ui5_key":"applicationmanageresources-display-component---newResourceUnit--newRRUPage-anchBar-application-manageresources-display-component---newResourceUnit--reference-anchor"}]}
COMMAND: GET /session/0fa557d69f96d3283d48a39825366b34/screenshot - {}
RESULT: {"script":"<script> [1562 bytes]","args":[{"selector":{"id":"application-manageresources-display-component---newResourceUnit--newRRUPage-anchBar-application-manageresources-display-component---newResourceUnit--reference-anchor","interaction":{"idSuffix":"BDI-content"}},"wdio_ui5_key":"applicationmanageresources-display-component---newResourceUnit--newRRUPage-anchBar-application-manageresources-display-component---newResourceUnit--reference-anchor"}]}
RESULT: undefined
COMMAND: POST /session/0fa557d69f96d3283d48a39825366b34/element - {"using":"xpath","value":"//*[@id=\"application-manageresources-display-component---newResourceUnit--newRRUPage-anchBar-application-manageresources-display-component---newResourceUnit--reference-anchor\"]"}
RESULT: {}
RESULT: {"using":"xpath","value":"//*[@id=\"application-manageresources-display-component---newResourceUnit--newRRUPage-anchBar-application-manageresources-display-component---newResourceUnit--reference-anchor\"]"}
COMMAND: POST /session/0fa557d69f96d3283d48a39825366b34/element/f.3F808B98CDAAA2B1E2AEFB154760237E.d.E1C7D49044B9FE3F86B6C76DC80CBF35.e.11214/click - {}
RESULT: {}
COMMAND: POST /session/0fa557d69f96d3283d48a39825366b34/execute/async - {"script":"<script> [1562 bytes]","args":[{"selector":{"id":"application-manageresources-display-component---newResourceUnit--PLANNING_GROUP-arrow"},"wdio_ui5_key":"applicationmanageresources-display-component---newResourceUnit--PLANNING_GROUP-arrow"}]}
COMMAND: GET /session/0fa557d69f96d3283d48a39825366b34/screenshot - {}
RESULT: {"script":"<script> [1562 bytes]","args":[{"selector":{"id":"application-manageresources-display-component---newResourceUnit--PLANNING_GROUP-arrow"},"wdio_ui5_key":"applicationmanageresources-display-component---newResourceUnit--PLANNING_GROUP-arrow"}]}
RESULT: undefined
COMMAND: POST /session/0fa557d69f96d3283d48a39825366b34/element - {"using":"xpath","value":"//*[@id=\"application-manageresources-display-component---newResourceUnit--PLANNING_GROUP-arrow\"]"}
RESULT: {}
RESULT: {"using":"xpath","value":"//*[@id=\"application-manageresources-display-component---newResourceUnit--PLANNING_GROUP-arrow\"]"}
COMMAND: POST /session/0fa557d69f96d3283d48a39825366b34/element/f.3F808B98CDAAA2B1E2AEFB154760237E.d.E1C7D49044B9FE3F86B6C76DC80CBF35.e.11218/click - {}
RESULT: {}
COMMAND: POST /session/0fa557d69f96d3283d48a39825366b34/execute/async - {"script":"<script> [1562 bytes]","args":[{"selector":{"controlType":"sap.m.StandardListItem","viewName":"reusables.view.manageresources.NewResourceUnit","viewId":"application-manageresources-display-component---newResourceUnit","properties":{"title":"Heavy Equi"},"searchOpenDialogs":true,"interaction":{"idSuffix":"content"}},"wdio_ui5_key":"reusablesview.manageresources.NewResourceUnitsap.m.StandardListItem{\"title\":\"Heavy Equi\"}"}]}
COMMAND: GET /session/0fa557d69f96d3283d48a39825366b34/screenshot - {}
RESULT: {"script":"<script> [1562 bytes]","args":[{"selector":{"controlType":"sap.m.StandardListItem","viewName":"reusables.view.manageresources.NewResourceUnit","viewId":"application-manageresources-display-component---newResourceUnit","properties":{"title":"Heavy Equi"},"searchOpenDialogs":true,"interaction":{"idSuffix":"content"}},"wdio_ui5_key":"reusablesview.manageresources.NewResourceUnitsap.m.StandardListItem{\"title\":\"Heavy Equi\"}"}]}
RESULT: undefined
COMMAND: POST /session/0fa557d69f96d3283d48a39825366b34/element - {"using":"xpath","value":"//*[@id=\"__item360\"]"}
RESULT: {}
RESULT: {"using":"xpath","value":"//*[@id=\"__item360\"]"}
COMMAND: POST /session/0fa557d69f96d3283d48a39825366b34/element/f.3F808B98CDAAA2B1E2AEFB154760237E.d.E1C7D49044B9FE3F86B6C76DC80CBF35.e.11220/click - {}
RESULT: {}
COMMAND: GET /session/0fa557d69f96d3283d48a39825366b34/screenshot - {}
RESULT: {}
COMMAND: POST /session/0fa557d69f96d3283d48a39825366b34/execute/async - {"script":"<script> [1562 bytes]","args":[{"selector":{"id":"application-manageresources-display-component---newResourceUnit--PLANNING_INDICATOR-arrow"},"wdio_ui5_key":"applicationmanageresources-display-component---newResourceUnit--PLANNING_INDICATOR-arrow"}]}
RESULT: {"script":"<script> [1562 bytes]","args":[{"selector":{"id":"application-manageresources-display-component---newResourceUnit--PLANNING_INDICATOR-arrow"},"wdio_ui5_key":"applicationmanageresources-display-component---newResourceUnit--PLANNING_INDICATOR-arrow"}]}
RESULT: undefined
COMMAND: POST /session/0fa557d69f96d3283d48a39825366b34/element - {"using":"xpath","value":"//*[@id=\"application-manageresources-display-component---newResourceUnit--PLANNING_INDICATOR-arrow\"]"}
RESULT: {"using":"xpath","value":"//*[@id=\"application-manageresources-display-component---newResourceUnit--PLANNING_INDICATOR-arrow\"]"}
COMMAND: POST /session/0fa557d69f96d3283d48a39825366b34/element/f.3F808B98CDAAA2B1E2AEFB154760237E.d.E1C7D49044B9FE3F86B6C76DC80CBF35.e.11221/click - {}
RESULT: {}
COMMAND: POST /session/0fa557d69f96d3283d48a39825366b34/execute/async - {"script":"<script> [1562 bytes]","args":[{"selector":{"controlType":"sap.m.StandardListItem","viewName":"reusables.view.manageresources.NewResourceUnit","viewId":"application-manageresources-display-component---newResourceUnit","properties":{"title":"10 - infinite"},"searchOpenDialogs":true,"interaction":{"idSuffix":"content"}},"wdio_ui5_key":"reusablesview.manageresources.NewResourceUnitsap.m.StandardListItem{\"title\":\"10 - infinite\"}"}]}
COMMAND: GET /session/0fa557d69f96d3283d48a39825366b34/screenshot - {}
RESULT: {"script":"<script> [1562 bytes]","args":[{"selector":{"controlType":"sap.m.StandardListItem","viewName":"reusables.view.manageresources.NewResourceUnit","viewId":"application-manageresources-display-component---newResourceUnit","properties":{"title":"10 - infinite"},"searchOpenDialogs":true,"interaction":{"idSuffix":"content"}},"wdio_ui5_key":"reusablesview.manageresources.NewResourceUnitsap.m.StandardListItem{\"title\":\"10 - infinite\"}"}]}
RESULT: undefined
COMMAND: POST /session/0fa557d69f96d3283d48a39825366b34/element - {"using":"xpath","value":"//*[@id=\"__item370\"]"}
RESULT: {}
RESULT: {"using":"xpath","value":"//*[@id=\"__item370\"]"}
COMMAND: POST /session/0fa557d69f96d3283d48a39825366b34/element/f.3F808B98CDAAA2B1E2AEFB154760237E.d.E1C7D49044B9FE3F86B6C76DC80CBF35.e.11223/click - {}
RESULT: {}
COMMAND: GET /session/0fa557d69f96d3283d48a39825366b34/screenshot - {}
RESULT: {}
COMMAND: POST /session/0fa557d69f96d3283d48a39825366b34/element - {"using":"xpath","value":"//bdi[contains(text(), \"Time Segment\")]"}
RESULT: {"using":"xpath","value":"//bdi[contains(text(), \"Time Segment\")]"}
COMMAND: GET /session/0fa557d69f96d3283d48a39825366b34/element/f.3F808B98CDAAA2B1E2AEFB154760237E.d.E1C7D49044B9FE3F86B6C76DC80CBF35.e.11224/rect - {}
RESULT: {}
COMMAND: GET /session/0fa557d69f96d3283d48a39825366b34/window/rect - {}
RESULT: {}
COMMAND: POST /session/0fa557d69f96d3283d48a39825366b34/execute/sync - {"script":"<script> [92 bytes]","args":[]}
RESULT: {"script":"<script> [92 bytes]","args":[]}
COMMAND: POST /session/0fa557d69f96d3283d48a39825366b34/actions - {"actions":[{"id":"action29","type":"wheel","parameters":{},"actions":[{"type":"scroll","x":-1820,"y":-21,"deltaX":0,"deltaY":0,"duration":0,"origin":{"element-6066-11e4-a52e-4f735466cecf":"f.3F808B98CDAAA2B1E2AEFB154760237E.d.E1C7D49044B9FE3F86B6C76DC80CBF35.e.11224"}}]}]}
COMMAND: GET /session/0fa557d69f96d3283d48a39825366b34/screenshot - {}
RESULT: {}
COMMAND: POST /session/0fa557d69f96d3283d48a39825366b34/execute/sync - {"script":"<script> [79 bytes]","args":[{"element-6066-11e4-a52e-4f735466cecf":"f.3F808B98CDAAA2B1E2AEFB154760237E.d.E1C7D49044B9FE3F86B6C76DC80CBF35.e.11224","ELEMENT":"f.3F808B98CDAAA2B1E2AEFB154760237E.d.E1C7D49044B9FE3F86B6C76DC80CBF35.e.11224"},{"block":"start","inline":"nearest"}]}
RESULT: {"script":"<script> [79 bytes]","args":[{"element-6066-11e4-a52e-4f735466cecf":"f.3F808B98CDAAA2B1E2AEFB154760237E.d.E1C7D49044B9FE3F86B6C76DC80CBF35.e.11224","ELEMENT":"f.3F808B98CDAAA2B1E2AEFB154760237E.d.E1C7D49044B9FE3F86B6C76DC80CBF35.e.11224"},{"block":"start","inline":"nearest"}]}
COMMAND: GET /session/0fa557d69f96d3283d48a39825366b34/screenshot - {}
RESULT: {}
COMMAND: POST /session/0fa557d69f96d3283d48a39825366b34/element - {"using":"xpath","value":"//span[@id=\"application-manageresources-display-component---newResourceUnit--btnAddTimeSegment-img\"]"}
RESULT: {"using":"xpath","value":"//span[@id=\"application-manageresources-display-component---newResourceUnit--btnAddTimeSegment-img\"]"}
COMMAND: POST /session/0fa557d69f96d3283d48a39825366b34/execute/sync - {"script":"<script> [8489 bytes]","args":[{"element-6066-11e4-a52e-4f735466cecf":"f.3F808B98CDAAA2B1E2AEFB154760237E.d.E1C7D49044B9FE3F86B6C76DC80CBF35.e.11227","ELEMENT":"f.3F808B98CDAAA2B1E2AEFB154760237E.d.E1C7D49044B9FE3F86B6C76DC80CBF35.e.11227"}]}
RESULT: {"script":"<script> [8489 bytes]","args":[{"element-6066-11e4-a52e-4f735466cecf":"f.3F808B98CDAAA2B1E2AEFB154760237E.d.E1C7D49044B9FE3F86B6C76DC80CBF35.e.11227","ELEMENT":"f.3F808B98CDAAA2B1E2AEFB154760237E.d.E1C7D49044B9FE3F86B6C76DC80CBF35.e.11227"}]}
COMMAND: POST /session/0fa557d69f96d3283d48a39825366b34/element/f.3F808B98CDAAA2B1E2AEFB154760237E.d.E1C7D49044B9FE3F86B6C76DC80CBF35.e.11227/click - {}
COMMAND: GET /session/0fa557d69f96d3283d48a39825366b34/screenshot - {}
RESULT: {}
COMMAND: GET /session/0fa557d69f96d3283d48a39825366b34/screenshot - {}
COMMAND: POST /session/0fa557d69f96d3283d48a39825366b34/element - {"using":"xpath","value":"//input[@id=\"application-manageresources-display-component---newResourceUnit--idRuTSAdmin-application-manageresources-display-component---newResourceUnit--RUTimeSegment-0-inner\"]"}
RESULT: {}
RESULT: {}
RESULT: {"using":"xpath","value":"//input[@id=\"application-manageresources-display-component---newResourceUnit--idRuTSAdmin-application-manageresources-display-component---newResourceUnit--RUTimeSegment-0-inner\"]"}
COMMAND: POST /session/0fa557d69f96d3283d48a39825366b34/element/f.3F808B98CDAAA2B1E2AEFB154760237E.d.E1C7D49044B9FE3F86B6C76DC80CBF35.e.11230/clear - {}
RESULT: {}
COMMAND: POST /session/0fa557d69f96d3283d48a39825366b34/element/f.3F808B98CDAAA2B1E2AEFB154760237E.d.E1C7D49044B9FE3F86B6C76DC80CBF35.e.11230/value - {"text":"WebdriverWHMYardsnyajg"}
COMMAND: GET /session/0fa557d69f96d3283d48a39825366b34/screenshot - {}
RESULT: {"text":"WebdriverWHMYardsnyajg"}
COMMAND: GET /session/0fa557d69f96d3283d48a39825366b34/screenshot - {}
RESULT: {}
RESULT: {}
COMMAND: POST /session/0fa557d69f96d3283d48a39825366b34/actions - {"actions":[{"id":"action30","type":"key","parameters":{},"actions":[{"type":"keyDown","value":""},{"type":"pause","duration":10},{"type":"keyUp","value":""}]}]}
RESULT: {"actions":[{"id":"action30","type":"key","parameters":{},"actions":[{"type":"keyDown","value":""},{"type":"pause","duration":10},{"type":"keyUp","value":""}]}]}
COMMAND: GET /session/0fa557d69f96d3283d48a39825366b34/screenshot - {}
RESULT: {}
COMMAND: POST /session/0fa557d69f96d3283d48a39825366b34/execute/async - {"script":"<script> [1562 bytes]","args":[{"selector":{"controlType":"sap.m.Button","viewName":"reusables.view.manageresources.NewResourceUnit","viewId":"application-manageresources-display-component---newResourceUnit","i18NText":{"propertyName":"tooltip","key":"save"},"interaction":{"idSuffix":"BDI-content"}},"wdio_ui5_key":"reusablesview.manageresources.NewResourceUnitsap.m.Button{\"propertyName\":\"tooltip\",\"key\":\"save\"}"}]}
RESULT: {"script":"<script> [1562 bytes]","args":[{"selector":{"controlType":"sap.m.Button","viewName":"reusables.view.manageresources.NewResourceUnit","viewId":"application-manageresources-display-component---newResourceUnit","i18NText":{"propertyName":"tooltip","key":"save"},"interaction":{"idSuffix":"BDI-content"}},"wdio_ui5_key":"reusablesview.manageresources.NewResourceUnitsap.m.Button{\"propertyName\":\"tooltip\",\"key\":\"save\"}"}]}
RESULT: undefined
COMMAND: POST /session/0fa557d69f96d3283d48a39825366b34/element - {"using":"xpath","value":"//*[@id=\"application-manageresources-display-component---newResourceUnit--createRuButton\"]"}
RESULT: {"using":"xpath","value":"//*[@id=\"application-manageresources-display-component---newResourceUnit--createRuButton\"]"}
COMMAND: POST /session/0fa557d69f96d3283d48a39825366b34/element/f.3F808B98CDAAA2B1E2AEFB154760237E.d.E1C7D49044B9FE3F86B6C76DC80CBF35.e.11156/click - {}
RESULT: {}
COMMAND: GET /session/0fa557d69f96d3283d48a39825366b34/screenshot - {}
RESULT: {}
COMMAND: POST /session/0fa557d69f96d3283d48a39825366b34/execute/async - {"script":"<script> [1562 bytes]","args":[{"selector":{"controlType":"sap.m.Title","properties":{"text":"Success"},"searchOpenDialogs":true},"wdio_ui5_key":"sapm.Title{\"text\":\"Success\"}"}]}
RESULT: {"script":"<script> [1562 bytes]","args":[{"selector":{"controlType":"sap.m.Title","properties":{"text":"Success"},"searchOpenDialogs":true},"wdio_ui5_key":"sapm.Title{\"text\":\"Success\"}"}]}
RESULT: undefined
COMMAND: POST /session/0fa557d69f96d3283d48a39825366b34/execute/async - {"script":"<script> [6424 bytes]","args":[{"element-6066-11e4-a52e-4f735466cecf":"f.3F808B98CDAAA2B1E2AEFB154760237E.d.E1C7D49044B9FE3F86B6C76DC80CBF35.e.11246"},"getText",[]]}
RESULT: {"script":"<script> [6424 bytes]","args":[{"element-6066-11e4-a52e-4f735466cecf":"f.3F808B98CDAAA2B1E2AEFB154760237E.d.E1C7D49044B9FE3F86B6C76DC80CBF35.e.11246"},"getText",[]]}
COMMAND: POST /session/0fa557d69f96d3283d48a39825366b34/element - {"using":"xpath","value":"//*[contains(@id, '__text') and (contains(text(), 'successfully created') or contains(., 'successfully created'))]"}
RESULT: {"using":"xpath","value":"//*[contains(@id, '__text') and (contains(text(), 'successfully created') or contains(., 'successfully created'))]"}
COMMAND: GET /session/0fa557d69f96d3283d48a39825366b34/element/f.3F808B98CDAAA2B1E2AEFB154760237E.d.E1C7D49044B9FE3F86B6C76DC80CBF35.e.11245/text - {}
RESULT: {}
COMMAND: POST /session/0fa557d69f96d3283d48a39825366b34/execute/async - {"script":"<script> [1562 bytes]","args":[{"selector":{"controlType":"sap.m.Button","properties":{"text":"Close"},"searchOpenDialogs":true,"interaction":{"idSuffix":"BDI-content"}},"wdio_ui5_key":"sapm.Button{\"text\":\"Close\"}"}]}
RESULT: {"script":"<script> [1562 bytes]","args":[{"selector":{"controlType":"sap.m.Button","properties":{"text":"Close"},"searchOpenDialogs":true,"interaction":{"idSuffix":"BDI-content"}},"wdio_ui5_key":"sapm.Button{\"text\":\"Close\"}"}]}
RESULT: undefined
COMMAND: POST /session/0fa557d69f96d3283d48a39825366b34/element - {"using":"xpath","value":"//*[@id=\"__mbox-btn-0\"]"}
RESULT: {"using":"xpath","value":"//*[@id=\"__mbox-btn-0\"]"}
COMMAND: POST /session/0fa557d69f96d3283d48a39825366b34/element/f.3F808B98CDAAA2B1E2AEFB154760237E.d.E1C7D49044B9FE3F86B6C76DC80CBF35.e.11242/click - {}
RESULT: {}
COMMAND: GET /session/0fa557d69f96d3283d48a39825366b34/screenshot - {}
RESULT: {}
COMMAND: POST /session/0fa557d69f96d3283d48a39825366b34/execute/async - {"script":"<script> [1562 bytes]","args":[{"selector":{"controlType":"sap.ui.core.Icon","viewName":"etm.portal.ui.manageresources.view.Detail","viewId":"application-manageresources-display-component---detailRU","properties":{"src":{"regex":{"source":"overflow"}}}},"wdio_ui5_key":"etmportal.ui.manageresources.view.Detailsap.ui.core.Icon{\"src\":{\"regex\":{\"source\":\"overflow\"}}}"}]}
RESULT: {"script":"<script> [1562 bytes]","args":[{"selector":{"controlType":"sap.ui.core.Icon","viewName":"etm.portal.ui.manageresources.view.Detail","viewId":"application-manageresources-display-component---detailRU","properties":{"src":{"regex":{"source":"overflow"}}}},"wdio_ui5_key":"etmportal.ui.manageresources.view.Detailsap.ui.core.Icon{\"src\":{\"regex\":{\"source\":\"overflow\"}}}"}]}
RESULT: undefined
COMMAND: POST /session/0fa557d69f96d3283d48a39825366b34/element - {"using":"xpath","value":"//*[@id=\"__title18-_actionsToolbar-overflowButton-img\"]"}
RESULT: {"using":"xpath","value":"//*[@id=\"__title18-_actionsToolbar-overflowButton-img\"]"}
COMMAND: POST /session/0fa557d69f96d3283d48a39825366b34/element/f.3F808B98CDAAA2B1E2AEFB154760237E.d.E1C7D49044B9FE3F86B6C76DC80CBF35.e.11275/click - {}
RESULT: {}
COMMAND: POST /session/0fa557d69f96d3283d48a39825366b34/execute/async - {"script":"<script> [1562 bytes]","args":[{"selector":{"controlType":"sap.m.Button","viewName":"etm.portal.ui.manageresources.view.Detail","viewId":"application-manageresources-display-component---detailRU","i18NText":{"propertyName":"tooltip","key":"closeColumn"},"searchOpenDialogs":true,"interaction":{"idSuffix":"inner"}},"wdio_ui5_key":"etmportal.ui.manageresources.view.Detailsap.m.Button{\"propertyName\":\"tooltip\",\"key\":\"closeColumn\"}"}]}
COMMAND: GET /session/0fa557d69f96d3283d48a39825366b34/screenshot - {}
RESULT: {"script":"<script> [1562 bytes]","args":[{"selector":{"controlType":"sap.m.Button","viewName":"etm.portal.ui.manageresources.view.Detail","viewId":"application-manageresources-display-component---detailRU","i18NText":{"propertyName":"tooltip","key":"closeColumn"},"searchOpenDialogs":true,"interaction":{"idSuffix":"inner"}},"wdio_ui5_key":"etmportal.ui.manageresources.view.Detailsap.m.Button{\"propertyName\":\"tooltip\",\"key\":\"closeColumn\"}"}]}
RESULT: undefined
COMMAND: POST /session/0fa557d69f96d3283d48a39825366b34/element - {"using":"xpath","value":"//*[@id=\"__button47\"]"}
RESULT: {}
RESULT: {"using":"xpath","value":"//*[@id=\"__button47\"]"}
COMMAND: POST /session/0fa557d69f96d3283d48a39825366b34/element/f.3F808B98CDAAA2B1E2AEFB154760237E.d.E1C7D49044B9FE3F86B6C76DC80CBF35.e.11277/click - {}
RESULT: {}
COMMAND: GET /session/0fa557d69f96d3283d48a39825366b34/screenshot - {}
RESULT: {}
COMMAND: POST /session/0fa557d69f96d3283d48a39825366b34/refresh - {}
RESULT: {}
COMMAND: GET /session/0fa557d69f96d3283d48a39825366b34/screenshot - {}
RESULT: {}
COMMAND: POST /session/0fa557d69f96d3283d48a39825366b34/refresh - {}
RESULT: {}
COMMAND: GET /session/0fa557d69f96d3283d48a39825366b34/screenshot - {}
RESULT: {}
COMMAND: POST /session/0fa557d69f96d3283d48a39825366b34/execute/async - {"script":"<script> [189 bytes]","args":[]}
RESULT: {"script":"<script> [189 bytes]","args":[]}
COMMAND: POST /session/0fa557d69f96d3283d48a39825366b34/execute/async - {"script":"<script> [123 bytes]","args":[]}
RESULT: {"script":"<script> [123 bytes]","args":[]}
COMMAND: POST /session/0fa557d69f96d3283d48a39825366b34/timeouts - {"script":"<number>"}
RESULT: {"script":"<number>"}
COMMAND: GET /session/0fa557d69f96d3283d48a39825366b34/timeouts - {}
RESULT: {}
RESULT: undefined
COMMAND: POST /session/0fa557d69f96d3283d48a39825366b34/execute/async - {"script":"<script> [2676 bytes]","args":[]}
RESULT: {"script":"<script> [2676 bytes]","args":[]}
COMMAND: POST /session/0fa557d69f96d3283d48a39825366b34/execute/async - {"script":"<script> [2342 bytes]","args":[{"protocol":"http","hostname":"0.0.0.0","path":"/","capabilities":{"browserName":"chrome","goog:chromeOptions":{"binary":"C:\\Program Files\\Google\\Chrome\\Application\\chrome.exe","args":["--start-maximized"]}},"logLevel":"warn","connectionRetryTimeout":120000,"connectionRetryCount":3,"logLevels":{},"enableDirectConnect":true,"strictSSL":true,"_":"65 more keys: [\"cacheDir\",\"port\",\"requestedCapabilities\",\"automationProtocol\",\"baseUrl\",\"waitforInterval\",\"waitforTimeout\",\"onReload\",\"beforeCommand\",\"afterCommand\",\"rootDir\",\"specs\",\"suites\",\"exclude\",\"groupLogsByTestSpec\",\"excludeDriverLogs\",\"bail\",\"framework\",\"reporters\",\"services\",\"maxInstances\",\"maxInstancesPerCapability\",\"injectGlobals\",\"filesToWatch\",\"execArgv\",\"runnerEnv\",\"runner\",\"shard\",\"specFileRetries\",\"specFileRetriesDelay\",\"specFileRetriesDeferred\",\"reporterSyncInterval\",\"reporterSyncTimeout\",\"cucumberFeaturesWithLineNumbers\",\"autoCompileOpts\",\"mochaOpts\",\"jasmineOpts\",\"cucumberOpts\",\"onPrepare\",\"onWorkerStart\",\"onWorkerEnd\",\"before\",\"beforeSession\",\"beforeSuite\",\"beforeHook\",\"beforeTest\",\"afterTest\",\"afterHook\",\"afterSuite\",\"afterSession\",\"after\",\"onComplete\",\"beforeAssertion\",\"afterAssertion\",\"beforeFeature\",\"beforeScenario\",\"beforeStep\",\"afterStep\",\"afterScenario\",\"afterFeature\",\"_\",\"suite\",\"$0\",\"ignoredWorkerServices\",\"wdi5\"]"}]}
RESULT: undefined
RESULT: undefined
RESULT: {"script":"<script> [2342 bytes]","args":[{"protocol":"http","hostname":"0.0.0.0","path":"/","capabilities":{"browserName":"chrome","goog:chromeOptions":{"binary":"C:\\Program Files\\Google\\Chrome\\Application\\chrome.exe","args":["--start-maximized"]}},"logLevel":"warn","connectionRetryTimeout":120000,"connectionRetryCount":3,"logLevels":{},"enableDirectConnect":true,"strictSSL":true,"_":"65 more keys: [\"cacheDir\",\"port\",\"requestedCapabilities\",\"automationProtocol\",\"baseUrl\",\"waitforInterval\",\"waitforTimeout\",\"onReload\",\"beforeCommand\",\"afterCommand\",\"rootDir\",\"specs\",\"suites\",\"exclude\",\"groupLogsByTestSpec\",\"excludeDriverLogs\",\"bail\",\"framework\",\"reporters\",\"services\",\"maxInstances\",\"maxInstancesPerCapability\",\"injectGlobals\",\"filesToWatch\",\"execArgv\",\"runnerEnv\",\"runner\",\"shard\",\"specFileRetries\",\"specFileRetriesDelay\",\"specFileRetriesDeferred\",\"reporterSyncInterval\",\"reporterSyncTimeout\",\"cucumberFeaturesWithLineNumbers\",\"autoCompileOpts\",\"mochaOpts\",\"jasmineOpts\",\"cucumberOpts\",\"onPrepare\",\"onWorkerStart\",\"onWorkerEnd\",\"before\",\"beforeSession\",\"beforeSuite\",\"beforeHook\",\"beforeTest\",\"afterTest\",\"afterHook\",\"afterSuite\",\"afterSession\",\"after\",\"onComplete\",\"beforeAssertion\",\"afterAssertion\",\"beforeFeature\",\"beforeScenario\",\"beforeStep\",\"afterStep\",\"afterScenario\",\"afterFeature\",\"_\",\"suite\",\"$0\",\"ignoredWorkerServices\",\"wdi5\"]"}]}
COMMAND: POST /session/0fa557d69f96d3283d48a39825366b34/execute/async - {"script":"<script> [21126 bytes]","args":[35000]}
RESULT: {"script":"<script> [21126 bytes]","args":[35000]}
COMMAND: POST /session/0fa557d69f96d3283d48a39825366b34/element - {"using":"css selector","value":"#shell-header-logo"}
RESULT: {"using":"css selector","value":"#shell-header-logo"}
COMMAND: POST /session/0fa557d69f96d3283d48a39825366b34/element/f.3F808B98CDAAA2B1E2AEFB154760237E.d.BB692BC32CBA5F0D6FCDF59264E140C2.e.11483/click - {}
RESULT: {}
COMMAND: GET /session/0fa557d69f96d3283d48a39825366b34/screenshot - {}
RESULT: {}
COMMAND: POST /session/0fa557d69f96d3283d48a39825366b34/element - {"using":"css selector","value":"#shell-header-logo"}
RESULT: {"using":"css selector","value":"#shell-header-logo"}
COMMAND: POST /session/0fa557d69f96d3283d48a39825366b34/element/f.3F808B98CDAAA2B1E2AEFB154760237E.d.BB692BC32CBA5F0D6FCDF59264E140C2.e.11659/click - {}
RESULT: {}
COMMAND: GET /session/0fa557d69f96d3283d48a39825366b34/screenshot - {}
RESULT: {}
]]></system-out>
    </testcase>
    <testcase classname="chrome.135_0_7049_42.windows.Warehouse_movements_inventory_test" name="Should do a stock increase handover" time="70.651">
      <system-out><![CDATA[
COMMAND: POST /session/0fa557d69f96d3283d48a39825366b34/execute/async - {"script":"<script> [1562 bytes]","args":[{"selector":{"controlType":"sap.m.GenericTile","properties":{"header":"Manage Handovers"}},"wdio_ui5_key":"sapm.GenericTile{\"header\":\"Manage Handovers\"}"}]}
RESULT: {"script":"<script> [1562 bytes]","args":[{"selector":{"controlType":"sap.m.GenericTile","properties":{"header":"Manage Handovers"}},"wdio_ui5_key":"sapm.GenericTile{\"header\":\"Manage Handovers\"}"}]}
RESULT: undefined
COMMAND: POST /session/0fa557d69f96d3283d48a39825366b34/element - {"using":"xpath","value":"//*[@id=\"__tile131\"]"}
RESULT: {"using":"xpath","value":"//*[@id=\"__tile131\"]"}
COMMAND: POST /session/0fa557d69f96d3283d48a39825366b34/element/f.3F808B98CDAAA2B1E2AEFB154760237E.d.BB692BC32CBA5F0D6FCDF59264E140C2.e.11668/click - {}
RESULT: {}
COMMAND: GET /session/0fa557d69f96d3283d48a39825366b34/screenshot - {}
RESULT: {}
COMMAND: POST /session/0fa557d69f96d3283d48a39825366b34/element - {"using":"xpath","value":"//button[(@data-kt = 'masterHOAddButton')]"}
RESULT: {"using":"xpath","value":"//button[(@data-kt = 'masterHOAddButton')]"}
COMMAND: POST /session/0fa557d69f96d3283d48a39825366b34/element/f.3F808B98CDAAA2B1E2AEFB154760237E.d.BB692BC32CBA5F0D6FCDF59264E140C2.e.11707/click - {}
RESULT: {}
COMMAND: GET /session/0fa557d69f96d3283d48a39825366b34/screenshot - {}
RESULT: {}
COMMAND: POST /session/0fa557d69f96d3283d48a39825366b34/element - {"using":"xpath","value":"//span[contains(@id ,\"AddNewHO--typeSelect-arrow\")]"}
RESULT: {"using":"xpath","value":"//span[contains(@id ,\"AddNewHO--typeSelect-arrow\")]"}
COMMAND: POST /session/0fa557d69f96d3283d48a39825366b34/element/f.3F808B98CDAAA2B1E2AEFB154760237E.d.BB692BC32CBA5F0D6FCDF59264E140C2.e.11995/click - {}
RESULT: {}
COMMAND: POST /session/0fa557d69f96d3283d48a39825366b34/element - {"using":"xpath","value":"(//li[contains(text(), \"stock increase yard\")])[1]"}
COMMAND: GET /session/0fa557d69f96d3283d48a39825366b34/screenshot - {}
RESULT: {"using":"xpath","value":"(//li[contains(text(), \"stock increase yard\")])[1]"}
COMMAND: POST /session/0fa557d69f96d3283d48a39825366b34/element/f.3F808B98CDAAA2B1E2AEFB154760237E.d.BB692BC32CBA5F0D6FCDF59264E140C2.e.11996/click - {}
RESULT: {}
RESULT: {}
COMMAND: GET /session/0fa557d69f96d3283d48a39825366b34/screenshot - {}
RESULT: {}
COMMAND: POST /session/0fa557d69f96d3283d48a39825366b34/execute/async - {"script":"<script> [1562 bytes]","args":[{"selector":{"id":"application-managehandovers-display-component---AddNewHO--dueDate","interaction":{"idSuffix":"inner"}},"wdio_ui5_key":"applicationmanagehandovers-display-component---AddNewHO--dueDate"}]}
RESULT: {"script":"<script> [1562 bytes]","args":[{"selector":{"id":"application-managehandovers-display-component---AddNewHO--dueDate","interaction":{"idSuffix":"inner"}},"wdio_ui5_key":"applicationmanagehandovers-display-component---AddNewHO--dueDate"}]}
RESULT: undefined
COMMAND: POST /session/0fa557d69f96d3283d48a39825366b34/execute/async - {"script":"<script> [6424 bytes]","args":[{"element-6066-11e4-a52e-4f735466cecf":"f.3F808B98CDAAA2B1E2AEFB154760237E.d.BB692BC32CBA5F0D6FCDF59264E140C2.e.12000"},"setValue",["04/15/2025"]]}
RESULT: {"script":"<script> [6424 bytes]","args":[{"element-6066-11e4-a52e-4f735466cecf":"f.3F808B98CDAAA2B1E2AEFB154760237E.d.BB692BC32CBA5F0D6FCDF59264E140C2.e.12000"},"setValue",["04/15/2025"]]}
COMMAND: POST /session/0fa557d69f96d3283d48a39825366b34/element - {"using":"xpath","value":"//input[@id=\"generalSectionFrg--receiveYard-inner\"]"}
RESULT: {"using":"xpath","value":"//input[@id=\"generalSectionFrg--receiveYard-inner\"]"}
COMMAND: POST /session/0fa557d69f96d3283d48a39825366b34/element/f.3F808B98CDAAA2B1E2AEFB154760237E.d.BB692BC32CBA5F0D6FCDF59264E140C2.e.12006/clear - {}
RESULT: {}
COMMAND: POST /session/0fa557d69f96d3283d48a39825366b34/element/f.3F808B98CDAAA2B1E2AEFB154760237E.d.BB692BC32CBA5F0D6FCDF59264E140C2.e.12006/value - {"text":"WebdriverWHMYardsnyajg"}
COMMAND: GET /session/0fa557d69f96d3283d48a39825366b34/screenshot - {}
RESULT: {"text":"WebdriverWHMYardsnyajg"}
COMMAND: GET /session/0fa557d69f96d3283d48a39825366b34/screenshot - {}
RESULT: {}
RESULT: {}
COMMAND: POST /session/0fa557d69f96d3283d48a39825366b34/execute/async - {"script":"<script> [1562 bytes]","args":[{"selector":{"id":"application-managehandovers-display-component---AddNewHO--ObjectPageLayout-anchBar-application-managehandovers-display-component---AddNewHO--section4-anchor","interaction":{"idSuffix":"BDI-content"}},"wdio_ui5_key":"applicationmanagehandovers-display-component---AddNewHO--ObjectPageLayout-anchBar-application-managehandovers-display-component---AddNewHO--section4-anchor"}]}
RESULT: {"script":"<script> [1562 bytes]","args":[{"selector":{"id":"application-managehandovers-display-component---AddNewHO--ObjectPageLayout-anchBar-application-managehandovers-display-component---AddNewHO--section4-anchor","interaction":{"idSuffix":"BDI-content"}},"wdio_ui5_key":"applicationmanagehandovers-display-component---AddNewHO--ObjectPageLayout-anchBar-application-managehandovers-display-component---AddNewHO--section4-anchor"}]}
RESULT: undefined
COMMAND: POST /session/0fa557d69f96d3283d48a39825366b34/element - {"using":"xpath","value":"//*[@id=\"application-managehandovers-display-component---AddNewHO--ObjectPageLayout-anchBar-application-managehandovers-display-component---AddNewHO--section4-anchor\"]"}
RESULT: {"using":"xpath","value":"//*[@id=\"application-managehandovers-display-component---AddNewHO--ObjectPageLayout-anchBar-application-managehandovers-display-component---AddNewHO--section4-anchor\"]"}
COMMAND: POST /session/0fa557d69f96d3283d48a39825366b34/element/f.3F808B98CDAAA2B1E2AEFB154760237E.d.BB692BC32CBA5F0D6FCDF59264E140C2.e.12022/click - {}
RESULT: {}
COMMAND: GET /session/0fa557d69f96d3283d48a39825366b34/screenshot - {}
RESULT: {}
COMMAND: POST /session/0fa557d69f96d3283d48a39825366b34/element - {"using":"xpath","value":"//button[@aria-label=\"Add\"]"}
RESULT: {"using":"xpath","value":"//button[@aria-label=\"Add\"]"}
COMMAND: POST /session/0fa557d69f96d3283d48a39825366b34/element/f.3F808B98CDAAA2B1E2AEFB154760237E.d.BB692BC32CBA5F0D6FCDF59264E140C2.e.12026/click - {}
RESULT: {}
COMMAND: GET /session/0fa557d69f96d3283d48a39825366b34/screenshot - {}
RESULT: {}
COMMAND: POST /session/0fa557d69f96d3283d48a39825366b34/execute/async - {"script":"<script> [1562 bytes]","args":[{"selector":{"id":"application-managehandovers-display-component---AddNewHO--smartFilterBar-btnBasicSearch","searchOpenDialogs":true,"interaction":{"idSuffix":"I"}},"wdio_ui5_key":"applicationmanagehandovers-display-component---AddNewHO--smartFilterBar-btnBasicSearch"}]}
RESULT: {"script":"<script> [1562 bytes]","args":[{"selector":{"id":"application-managehandovers-display-component---AddNewHO--smartFilterBar-btnBasicSearch","searchOpenDialogs":true,"interaction":{"idSuffix":"I"}},"wdio_ui5_key":"applicationmanagehandovers-display-component---AddNewHO--smartFilterBar-btnBasicSearch"}]}
RESULT: undefined
COMMAND: POST /session/0fa557d69f96d3283d48a39825366b34/execute/async - {"script":"<script> [776 bytes]","args":[{"enterText":"WebdriverRUR2Curqcy","selector":{"id":"application-managehandovers-display-component---AddNewHO--smartFilterBar-btnBasicSearch","searchOpenDialogs":true,"interaction":{"idSuffix":"I"}},"clearTextFirst":true,"interactionType":"ENTER_TEXT"}]}
RESULT: {"script":"<script> [776 bytes]","args":[{"enterText":"WebdriverRUR2Curqcy","selector":{"id":"application-managehandovers-display-component---AddNewHO--smartFilterBar-btnBasicSearch","searchOpenDialogs":true,"interaction":{"idSuffix":"I"}},"clearTextFirst":true,"interactionType":"ENTER_TEXT"}]}
COMMAND: POST /session/0fa557d69f96d3283d48a39825366b34/actions - {"actions":[{"id":"action31","type":"key","parameters":{},"actions":[{"type":"keyDown","value":""},{"type":"pause","duration":10},{"type":"keyUp","value":""}]}]}
RESULT: {"actions":[{"id":"action31","type":"key","parameters":{},"actions":[{"type":"keyDown","value":""},{"type":"pause","duration":10},{"type":"keyUp","value":""}]}]}
COMMAND: POST /session/0fa557d69f96d3283d48a39825366b34/execute/async - {"script":"<script> [1562 bytes]","args":[{"selector":{"id":"application-managehandovers-display-component---AddNewHO--popup-sa","searchOpenDialogs":true,"interaction":{"idSuffix":"CbBg"}},"wdio_ui5_key":"applicationmanagehandovers-display-component---AddNewHO--popup-sa"}]}
COMMAND: GET /session/0fa557d69f96d3283d48a39825366b34/screenshot - {}
RESULT: {"script":"<script> [1562 bytes]","args":[{"selector":{"id":"application-managehandovers-display-component---AddNewHO--popup-sa","searchOpenDialogs":true,"interaction":{"idSuffix":"CbBg"}},"wdio_ui5_key":"applicationmanagehandovers-display-component---AddNewHO--popup-sa"}]}
RESULT: undefined
COMMAND: POST /session/0fa557d69f96d3283d48a39825366b34/element - {"using":"xpath","value":"//*[@id=\"application-managehandovers-display-component---AddNewHO--popup-sa\"]"}
RESULT: {}
RESULT: {"using":"xpath","value":"//*[@id=\"application-managehandovers-display-component---AddNewHO--popup-sa\"]"}
COMMAND: POST /session/0fa557d69f96d3283d48a39825366b34/element/f.3F808B98CDAAA2B1E2AEFB154760237E.d.BB692BC32CBA5F0D6FCDF59264E140C2.e.12180/click - {}
RESULT: {}
COMMAND: GET /session/0fa557d69f96d3283d48a39825366b34/screenshot - {}
RESULT: {}
COMMAND: POST /session/0fa557d69f96d3283d48a39825366b34/element - {"using":"xpath","value":"//bdi[contains(text(), \"Select\")]"}
RESULT: {"using":"xpath","value":"//bdi[contains(text(), \"Select\")]"}
COMMAND: POST /session/0fa557d69f96d3283d48a39825366b34/element/f.3F808B98CDAAA2B1E2AEFB154760237E.d.BB692BC32CBA5F0D6FCDF59264E140C2.e.12181/click - {}
RESULT: {}
COMMAND: GET /session/0fa557d69f96d3283d48a39825366b34/screenshot - {}
RESULT: {}
COMMAND: POST /session/0fa557d69f96d3283d48a39825366b34/element - {"using":"xpath","value":"//button[@data-kt=\"AddNewHOSaveButton\"]"}
RESULT: {"using":"xpath","value":"//button[@data-kt=\"AddNewHOSaveButton\"]"}
COMMAND: POST /session/0fa557d69f96d3283d48a39825366b34/element/f.3F808B98CDAAA2B1E2AEFB154760237E.d.BB692BC32CBA5F0D6FCDF59264E140C2.e.12185/click - {}
RESULT: {}
COMMAND: GET /session/0fa557d69f96d3283d48a39825366b34/screenshot - {}
RESULT: {}
COMMAND: POST /session/0fa557d69f96d3283d48a39825366b34/execute/async - {"script":"<script> [1562 bytes]","args":[{"selector":{"id":"receiptDatePicker","viewName":"etm.portal.ui.managehandovers.view.DetailExecuteHO","interaction":{"idSuffix":"inner"}},"wdio_ui5_key":"receiptDatePickeretmportal.ui.managehandovers.view.DetailExecuteHO"}]}
RESULT: {"script":"<script> [1562 bytes]","args":[{"selector":{"id":"receiptDatePicker","viewName":"etm.portal.ui.managehandovers.view.DetailExecuteHO","interaction":{"idSuffix":"inner"}},"wdio_ui5_key":"receiptDatePickeretmportal.ui.managehandovers.view.DetailExecuteHO"}]}
RESULT: undefined
COMMAND: POST /session/0fa557d69f96d3283d48a39825366b34/execute/async - {"script":"<script> [6424 bytes]","args":[{"element-6066-11e4-a52e-4f735466cecf":"f.3F808B98CDAAA2B1E2AEFB154760237E.d.BB692BC32CBA5F0D6FCDF59264E140C2.e.12211"},"setValue",["04/15/2025"]]}
RESULT: {"script":"<script> [6424 bytes]","args":[{"element-6066-11e4-a52e-4f735466cecf":"f.3F808B98CDAAA2B1E2AEFB154760237E.d.BB692BC32CBA5F0D6FCDF59264E140C2.e.12211"},"setValue",["04/15/2025"]]}
COMMAND: POST /session/0fa557d69f96d3283d48a39825366b34/element - {"using":"xpath","value":"//button[@data-kt=\"PickingTableConfirmAllButton\"]"}
RESULT: {"using":"xpath","value":"//button[@data-kt=\"PickingTableConfirmAllButton\"]"}
COMMAND: POST /session/0fa557d69f96d3283d48a39825366b34/element/f.3F808B98CDAAA2B1E2AEFB154760237E.d.BB692BC32CBA5F0D6FCDF59264E140C2.e.12230/click - {}
RESULT: {}
COMMAND: GET /session/0fa557d69f96d3283d48a39825366b34/screenshot - {}
RESULT: {}
COMMAND: POST /session/0fa557d69f96d3283d48a39825366b34/element - {"using":"xpath","value":"//bdi[contains(text(), \"OK\")]"}
RESULT: {"using":"xpath","value":"//bdi[contains(text(), \"OK\")]"}
COMMAND: POST /session/0fa557d69f96d3283d48a39825366b34/element/f.3F808B98CDAAA2B1E2AEFB154760237E.d.BB692BC32CBA5F0D6FCDF59264E140C2.e.12232/click - {}
RESULT: {}
COMMAND: GET /session/0fa557d69f96d3283d48a39825366b34/screenshot - {}
RESULT: {}
COMMAND: POST /session/0fa557d69f96d3283d48a39825366b34/element - {"using":"xpath","value":"(//bdi[contains(text(), \"Receive\")])[2]"}
RESULT: {"using":"xpath","value":"(//bdi[contains(text(), \"Receive\")])[2]"}
COMMAND: POST /session/0fa557d69f96d3283d48a39825366b34/element/f.3F808B98CDAAA2B1E2AEFB154760237E.d.BB692BC32CBA5F0D6FCDF59264E140C2.e.12234/click - {}
RESULT: {}
COMMAND: GET /session/0fa557d69f96d3283d48a39825366b34/screenshot - {}
RESULT: {}
COMMAND: POST /session/0fa557d69f96d3283d48a39825366b34/element - {"using":"css selector","value":"#shell-header-logo"}
RESULT: {"using":"css selector","value":"#shell-header-logo"}
COMMAND: POST /session/0fa557d69f96d3283d48a39825366b34/element/f.3F808B98CDAAA2B1E2AEFB154760237E.d.BB692BC32CBA5F0D6FCDF59264E140C2.e.11659/click - {}
RESULT: {}
COMMAND: GET /session/0fa557d69f96d3283d48a39825366b34/screenshot - {}
RESULT: {}
]]></system-out>
    </testcase>
    <testcase classname="chrome.135_0_7049_42.windows.Warehouse_movements_inventory_test" name="Verify the warehouse movement" time="40.685">
      <system-out><![CDATA[
COMMAND: POST /session/0fa557d69f96d3283d48a39825366b34/execute/async - {"script":"<script> [1562 bytes]","args":[{"selector":{"controlType":"sap.m.GenericTile","properties":{"header":"Manage Warehouse Movements"}},"wdio_ui5_key":"sapm.GenericTile{\"header\":\"Manage Warehouse Movements\"}"}]}
RESULT: {"script":"<script> [1562 bytes]","args":[{"selector":{"controlType":"sap.m.GenericTile","properties":{"header":"Manage Warehouse Movements"}},"wdio_ui5_key":"sapm.GenericTile{\"header\":\"Manage Warehouse Movements\"}"}]}
RESULT: undefined
COMMAND: POST /session/0fa557d69f96d3283d48a39825366b34/element - {"using":"xpath","value":"//*[@id=\"__tile105\"]"}
RESULT: {"using":"xpath","value":"//*[@id=\"__tile105\"]"}
COMMAND: POST /session/0fa557d69f96d3283d48a39825366b34/element/f.3F808B98CDAAA2B1E2AEFB154760237E.d.BB692BC32CBA5F0D6FCDF59264E140C2.e.12467/click - {}
RESULT: {}
COMMAND: GET /session/0fa557d69f96d3283d48a39825366b34/screenshot - {}
RESULT: {}
COMMAND: POST /session/0fa557d69f96d3283d48a39825366b34/execute/async - {"script":"<script> [1562 bytes]","args":[{"selector":{"id":"application-warehousemovements-display-component---warehouseMovements--smartFilterBar-filterItemControl_BASIC-YARD-vhi"},"wdio_ui5_key":"applicationwarehousemovements-display-component---warehouseMovements--smartFilterBar-filterItemControl_BASIC-YARD-vhi"}]}
RESULT: {"script":"<script> [1562 bytes]","args":[{"selector":{"id":"application-warehousemovements-display-component---warehouseMovements--smartFilterBar-filterItemControl_BASIC-YARD-vhi"},"wdio_ui5_key":"applicationwarehousemovements-display-component---warehouseMovements--smartFilterBar-filterItemControl_BASIC-YARD-vhi"}]}
RESULT: undefined
COMMAND: POST /session/0fa557d69f96d3283d48a39825366b34/element - {"using":"xpath","value":"//*[@id=\"application-warehousemovements-display-component---warehouseMovements--smartFilterBar-filterItemControl_BASIC-YARD-vhi\"]"}
RESULT: {"using":"xpath","value":"//*[@id=\"application-warehousemovements-display-component---warehouseMovements--smartFilterBar-filterItemControl_BASIC-YARD-vhi\"]"}
COMMAND: POST /session/0fa557d69f96d3283d48a39825366b34/element/f.3F808B98CDAAA2B1E2AEFB154760237E.d.BB692BC32CBA5F0D6FCDF59264E140C2.e.12542/click - {}
RESULT: {}
COMMAND: GET /session/0fa557d69f96d3283d48a39825366b34/screenshot - {}
RESULT: {}
COMMAND: POST /session/0fa557d69f96d3283d48a39825366b34/execute/async - {"script":"<script> [1562 bytes]","args":[{"selector":{"id":"application-warehousemovements-display-component---warehouseMovements--smartFilterBar-filterItemControl_BASIC-YARD-valueHelpDialog-smartFilterBar-btnBasicSearch","searchOpenDialogs":true,"interaction":{"idSuffix":"I"}},"wdio_ui5_key":"applicationwarehousemovements-display-component---warehouseMovements--smartFilterBar-filterItemControl_BASIC-YARD-valueHelpDialog-smartFilterBar-btnBasicSearch"}]}
RESULT: {"script":"<script> [1562 bytes]","args":[{"selector":{"id":"application-warehousemovements-display-component---warehouseMovements--smartFilterBar-filterItemControl_BASIC-YARD-valueHelpDialog-smartFilterBar-btnBasicSearch","searchOpenDialogs":true,"interaction":{"idSuffix":"I"}},"wdio_ui5_key":"applicationwarehousemovements-display-component---warehouseMovements--smartFilterBar-filterItemControl_BASIC-YARD-valueHelpDialog-smartFilterBar-btnBasicSearch"}]}
RESULT: undefined
COMMAND: POST /session/0fa557d69f96d3283d48a39825366b34/execute/async - {"script":"<script> [776 bytes]","args":[{"enterText":"WebdriverWHMYardsnyajg","selector":{"id":"application-warehousemovements-display-component---warehouseMovements--smartFilterBar-filterItemControl_BASIC-YARD-valueHelpDialog-smartFilterBar-btnBasicSearch","searchOpenDialogs":true,"interaction":{"idSuffix":"I"}},"clearTextFirst":true,"interactionType":"ENTER_TEXT"}]}
RESULT: {"script":"<script> [776 bytes]","args":[{"enterText":"WebdriverWHMYardsnyajg","selector":{"id":"application-warehousemovements-display-component---warehouseMovements--smartFilterBar-filterItemControl_BASIC-YARD-valueHelpDialog-smartFilterBar-btnBasicSearch","searchOpenDialogs":true,"interaction":{"idSuffix":"I"}},"clearTextFirst":true,"interactionType":"ENTER_TEXT"}]}
COMMAND: POST /session/0fa557d69f96d3283d48a39825366b34/actions - {"actions":[{"id":"action32","type":"key","parameters":{},"actions":[{"type":"keyDown","value":""},{"type":"pause","duration":10},{"type":"keyUp","value":""}]}]}
RESULT: {"actions":[{"id":"action32","type":"key","parameters":{},"actions":[{"type":"keyDown","value":""},{"type":"pause","duration":10},{"type":"keyUp","value":""}]}]}
COMMAND: GET /session/0fa557d69f96d3283d48a39825366b34/screenshot - {}
RESULT: {}
COMMAND: POST /session/0fa557d69f96d3283d48a39825366b34/element - {"using":"xpath","value":"//div[@id='application-warehousemovements-display-component---warehouseMovements--smartFilterBar-filterItemControl_BASIC-YARD-valueHelpDialog-table-rowsel0']"}
RESULT: {"using":"xpath","value":"//div[@id='application-warehousemovements-display-component---warehouseMovements--smartFilterBar-filterItemControl_BASIC-YARD-valueHelpDialog-table-rowsel0']"}
COMMAND: POST /session/0fa557d69f96d3283d48a39825366b34/element/f.3F808B98CDAAA2B1E2AEFB154760237E.d.BB692BC32CBA5F0D6FCDF59264E140C2.e.12551/click - {}
RESULT: {}
COMMAND: POST /session/0fa557d69f96d3283d48a39825366b34/execute/async - {"script":"<script> [1562 bytes]","args":[{"selector":{"id":"application-warehousemovements-display-component---warehouseMovements--smartFilterBar-filterItemControl_BASIC-YARD-valueHelpDialog-ok","searchOpenDialogs":true,"interaction":{"idSuffix":"BDI-content"}},"wdio_ui5_key":"applicationwarehousemovements-display-component---warehouseMovements--smartFilterBar-filterItemControl_BASIC-YARD-valueHelpDialog-ok"}]}
COMMAND: GET /session/0fa557d69f96d3283d48a39825366b34/screenshot - {}
RESULT: {"script":"<script> [1562 bytes]","args":[{"selector":{"id":"application-warehousemovements-display-component---warehouseMovements--smartFilterBar-filterItemControl_BASIC-YARD-valueHelpDialog-ok","searchOpenDialogs":true,"interaction":{"idSuffix":"BDI-content"}},"wdio_ui5_key":"applicationwarehousemovements-display-component---warehouseMovements--smartFilterBar-filterItemControl_BASIC-YARD-valueHelpDialog-ok"}]}
RESULT: undefined
COMMAND: POST /session/0fa557d69f96d3283d48a39825366b34/element - {"using":"xpath","value":"//*[@id=\"application-warehousemovements-display-component---warehouseMovements--smartFilterBar-filterItemControl_BASIC-YARD-valueHelpDialog-ok\"]"}
RESULT: {}
RESULT: {"using":"xpath","value":"//*[@id=\"application-warehousemovements-display-component---warehouseMovements--smartFilterBar-filterItemControl_BASIC-YARD-valueHelpDialog-ok\"]"}
COMMAND: POST /session/0fa557d69f96d3283d48a39825366b34/element/f.3F808B98CDAAA2B1E2AEFB154760237E.d.BB692BC32CBA5F0D6FCDF59264E140C2.e.12554/click - {}
RESULT: {}
COMMAND: POST /session/0fa557d69f96d3283d48a39825366b34/execute/async - {"script":"<script> [1562 bytes]","args":[{"selector":{"controlType":"sap.ui.core.Icon","viewName":"etm.portal.ui.warehousemovements.view.MasterMovement","viewId":"application-warehousemovements-display-component---warehouseMovements","properties":{"src":{"regex":{"source":"add"}}}},"wdio_ui5_key":"etmportal.ui.warehousemovements.view.MasterMovementsap.ui.core.Icon{\"src\":{\"regex\":{\"source\":\"add\"}}}"}]}
COMMAND: GET /session/0fa557d69f96d3283d48a39825366b34/screenshot - {}
RESULT: {"script":"<script> [1562 bytes]","args":[{"selector":{"controlType":"sap.ui.core.Icon","viewName":"etm.portal.ui.warehousemovements.view.MasterMovement","viewId":"application-warehousemovements-display-component---warehouseMovements","properties":{"src":{"regex":{"source":"add"}}}},"wdio_ui5_key":"etmportal.ui.warehousemovements.view.MasterMovementsap.ui.core.Icon{\"src\":{\"regex\":{\"source\":\"add\"}}}"}]}
RESULT: undefined
COMMAND: POST /session/0fa557d69f96d3283d48a39825366b34/element - {"using":"xpath","value":"//*[@id=\"__button73-img\"]"}
RESULT: {}
RESULT: {"using":"xpath","value":"//*[@id=\"__button73-img\"]"}
COMMAND: POST /session/0fa557d69f96d3283d48a39825366b34/element/f.3F808B98CDAAA2B1E2AEFB154760237E.d.BB692BC32CBA5F0D6FCDF59264E140C2.e.12504/click - {}
RESULT: {}
COMMAND: POST /session/0fa557d69f96d3283d48a39825366b34/element - {"using":"xpath","value":"//input[contains(@id ,\"application-warehousemovements-display-component---addMovement--sectionsList-inner\")]"}
COMMAND: GET /session/0fa557d69f96d3283d48a39825366b34/screenshot - {}
RESULT: {"using":"xpath","value":"//input[contains(@id ,\"application-warehousemovements-display-component---addMovement--sectionsList-inner\")]"}
COMMAND: POST /session/0fa557d69f96d3283d48a39825366b34/elements - {"using":"xpath","value":"//input[contains(@id ,\"application-warehousemovements-display-component---addMovement--sectionsList-inner\")]"}
RESULT: {}
RESULT: {"using":"xpath","value":"//input[contains(@id ,\"application-warehousemovements-display-component---addMovement--sectionsList-inner\")]"}
COMMAND: POST /session/0fa557d69f96d3283d48a39825366b34/elements - {"using":"xpath","value":"//input[contains(@id ,\"application-warehousemovements-display-component---addMovement--sectionsList-inner\")]"}
RESULT: {"using":"xpath","value":"//input[contains(@id ,\"application-warehousemovements-display-component---addMovement--sectionsList-inner\")]"}
COMMAND: POST /session/0fa557d69f96d3283d48a39825366b34/element - {"using":"xpath","value":"//input[contains(@id ,\"application-warehousemovements-display-component---addMovement--sectionsList-inner\")]"}
RESULT: {"using":"xpath","value":"//input[contains(@id ,\"application-warehousemovements-display-component---addMovement--sectionsList-inner\")]"}
COMMAND: POST /session/0fa557d69f96d3283d48a39825366b34/element/f.3F808B98CDAAA2B1E2AEFB154760237E.d.BB692BC32CBA5F0D6FCDF59264E140C2.e.12617/clear - {}
RESULT: {}
COMMAND: POST /session/0fa557d69f96d3283d48a39825366b34/element/f.3F808B98CDAAA2B1E2AEFB154760237E.d.BB692BC32CBA5F0D6FCDF59264E140C2.e.12617/value - {"text":"Sec4oh3w"}
COMMAND: GET /session/0fa557d69f96d3283d48a39825366b34/screenshot - {}
RESULT: {"text":"Sec4oh3w"}
COMMAND: GET /session/0fa557d69f96d3283d48a39825366b34/screenshot - {}
RESULT: {}
RESULT: {}
COMMAND: POST /session/0fa557d69f96d3283d48a39825366b34/actions - {"actions":[{"id":"action33","type":"key","parameters":{},"actions":[{"type":"keyDown","value":""},{"type":"pause","duration":10},{"type":"keyUp","value":""}]}]}
RESULT: {"actions":[{"id":"action33","type":"key","parameters":{},"actions":[{"type":"keyDown","value":""},{"type":"pause","duration":10},{"type":"keyUp","value":""}]}]}
COMMAND: GET /session/0fa557d69f96d3283d48a39825366b34/screenshot - {}
RESULT: {}
COMMAND: POST /session/0fa557d69f96d3283d48a39825366b34/execute/async - {"script":"<script> [1562 bytes]","args":[{"selector":{"id":"application-warehousemovements-display-component---addMovement--addItem-img"},"wdio_ui5_key":"applicationwarehousemovements-display-component---addMovement--addItem-img"}]}
RESULT: {"script":"<script> [1562 bytes]","args":[{"selector":{"id":"application-warehousemovements-display-component---addMovement--addItem-img"},"wdio_ui5_key":"applicationwarehousemovements-display-component---addMovement--addItem-img"}]}
RESULT: undefined
COMMAND: POST /session/0fa557d69f96d3283d48a39825366b34/element - {"using":"xpath","value":"//*[@id=\"application-warehousemovements-display-component---addMovement--addItem-img\"]"}
RESULT: {"using":"xpath","value":"//*[@id=\"application-warehousemovements-display-component---addMovement--addItem-img\"]"}
COMMAND: POST /session/0fa557d69f96d3283d48a39825366b34/element/f.3F808B98CDAAA2B1E2AEFB154760237E.d.BB692BC32CBA5F0D6FCDF59264E140C2.e.12601/click - {}
RESULT: {}
COMMAND: POST /session/0fa557d69f96d3283d48a39825366b34/execute/async - {"script":"<script> [1562 bytes]","args":[{"selector":{"id":"movementItemsPopUp--invSearch","searchOpenDialogs":true,"interaction":{"idSuffix":"I"}},"wdio_ui5_key":"movementItemsPopUpinvSearch"}]}
COMMAND: GET /session/0fa557d69f96d3283d48a39825366b34/screenshot - {}
RESULT: {"script":"<script> [1562 bytes]","args":[{"selector":{"id":"movementItemsPopUp--invSearch","searchOpenDialogs":true,"interaction":{"idSuffix":"I"}},"wdio_ui5_key":"movementItemsPopUpinvSearch"}]}
RESULT: undefined
COMMAND: POST /session/0fa557d69f96d3283d48a39825366b34/execute/async - {"script":"<script> [776 bytes]","args":[{"enterText":"WebdriverRUR2Curqcy","selector":{"id":"movementItemsPopUp--invSearch","searchOpenDialogs":true,"interaction":{"idSuffix":"I"}},"clearTextFirst":true,"interactionType":"ENTER_TEXT"}]}
RESULT: {}
RESULT: {"script":"<script> [776 bytes]","args":[{"enterText":"WebdriverRUR2Curqcy","selector":{"id":"movementItemsPopUp--invSearch","searchOpenDialogs":true,"interaction":{"idSuffix":"I"}},"clearTextFirst":true,"interactionType":"ENTER_TEXT"}]}
COMMAND: POST /session/0fa557d69f96d3283d48a39825366b34/execute/async - {"script":"<script> [1562 bytes]","args":[{"selector":{"id":"movementItemsPopUp--movementItemsTable-sa","searchOpenDialogs":true,"interaction":{"idSuffix":"CbBg"}},"wdio_ui5_key":"movementItemsPopUpmovementItemsTable-sa"}]}
RESULT: {"script":"<script> [1562 bytes]","args":[{"selector":{"id":"movementItemsPopUp--movementItemsTable-sa","searchOpenDialogs":true,"interaction":{"idSuffix":"CbBg"}},"wdio_ui5_key":"movementItemsPopUpmovementItemsTable-sa"}]}
RESULT: undefined
COMMAND: POST /session/0fa557d69f96d3283d48a39825366b34/element - {"using":"xpath","value":"//*[@id=\"movementItemsPopUp--movementItemsTable-sa\"]"}
RESULT: {"using":"xpath","value":"//*[@id=\"movementItemsPopUp--movementItemsTable-sa\"]"}
COMMAND: POST /session/0fa557d69f96d3283d48a39825366b34/element/f.3F808B98CDAAA2B1E2AEFB154760237E.d.BB692BC32CBA5F0D6FCDF59264E140C2.e.12690/click - {}
RESULT: {}
COMMAND: POST /session/0fa557d69f96d3283d48a39825366b34/execute/async - {"script":"<script> [1562 bytes]","args":[{"selector":{"id":"movementItemsPopUp--createBtn","searchOpenDialogs":true,"interaction":{"idSuffix":"BDI-content"}},"wdio_ui5_key":"movementItemsPopUpcreateBtn"}]}
COMMAND: GET /session/0fa557d69f96d3283d48a39825366b34/screenshot - {}
RESULT: {"script":"<script> [1562 bytes]","args":[{"selector":{"id":"movementItemsPopUp--createBtn","searchOpenDialogs":true,"interaction":{"idSuffix":"BDI-content"}},"wdio_ui5_key":"movementItemsPopUpcreateBtn"}]}
RESULT: undefined
COMMAND: POST /session/0fa557d69f96d3283d48a39825366b34/element - {"using":"xpath","value":"//*[@id=\"movementItemsPopUp--createBtn\"]"}
RESULT: {}
RESULT: {"using":"xpath","value":"//*[@id=\"movementItemsPopUp--createBtn\"]"}
COMMAND: POST /session/0fa557d69f96d3283d48a39825366b34/element/f.3F808B98CDAAA2B1E2AEFB154760237E.d.BB692BC32CBA5F0D6FCDF59264E140C2.e.12692/click - {}
RESULT: {}
COMMAND: GET /session/0fa557d69f96d3283d48a39825366b34/screenshot - {}
RESULT: {}
COMMAND: POST /session/0fa557d69f96d3283d48a39825366b34/element - {"using":"css selector","value":"#j_username"}
COMMAND: POST /session/0fa557d69f96d3283d48a39825366b34/url - {"url":"https://qa-testing-00-live-etm-ui.cfapps.eu10-004.hana.ondemand.com/"}
RESULT: {"using":"css selector","value":"#j_username"}
COMMAND: POST /session/0fa557d69f96d3283d48a39825366b34/element - {"using":"css selector","value":"#j_username"}
RESULT: {"url":"https://qa-testing-00-live-etm-ui.cfapps.eu10-004.hana.ondemand.com/"}
RESULT: undefined
COMMAND: GET /session/0fa557d69f96d3283d48a39825366b34/screenshot - {}
RESULT: {"using":"css selector","value":"#j_username"}
COMMAND: POST /session/0fa557d69f96d3283d48a39825366b34/element - {"using":"css selector","value":"#shell-header-logo"}
RESULT: {}
RESULT: {"using":"css selector","value":"#shell-header-logo"}
COMMAND: POST /session/0fa557d69f96d3283d48a39825366b34/execute/sync - {"script":"<script> [8489 bytes]","args":[{"element-6066-11e4-a52e-4f735466cecf":"f.3F808B98CDAAA2B1E2AEFB154760237E.d.282FF1BC320A1ED9DA16C7C9FAE221EE.e.12705","ELEMENT":"f.3F808B98CDAAA2B1E2AEFB154760237E.d.282FF1BC320A1ED9DA16C7C9FAE221EE.e.12705"}]}
RESULT: {"script":"<script> [8489 bytes]","args":[{"element-6066-11e4-a52e-4f735466cecf":"f.3F808B98CDAAA2B1E2AEFB154760237E.d.282FF1BC320A1ED9DA16C7C9FAE221EE.e.12705","ELEMENT":"f.3F808B98CDAAA2B1E2AEFB154760237E.d.282FF1BC320A1ED9DA16C7C9FAE221EE.e.12705"}]}
COMMAND: POST /session/0fa557d69f96d3283d48a39825366b34/element - {"using":"css selector","value":"#shell-header-logo"}
COMMAND: GET /session/0fa557d69f96d3283d48a39825366b34/screenshot - {}
RESULT: {"using":"css selector","value":"#shell-header-logo"}
COMMAND: POST /session/0fa557d69f96d3283d48a39825366b34/execute/sync - {"script":"<script> [8489 bytes]","args":[{"element-6066-11e4-a52e-4f735466cecf":"f.3F808B98CDAAA2B1E2AEFB154760237E.d.282FF1BC320A1ED9DA16C7C9FAE221EE.e.12705","ELEMENT":"f.3F808B98CDAAA2B1E2AEFB154760237E.d.282FF1BC320A1ED9DA16C7C9FAE221EE.e.12705"}]}
RESULT: {}
RESULT: {"script":"<script> [8489 bytes]","args":[{"element-6066-11e4-a52e-4f735466cecf":"f.3F808B98CDAAA2B1E2AEFB154760237E.d.282FF1BC320A1ED9DA16C7C9FAE221EE.e.12705","ELEMENT":"f.3F808B98CDAAA2B1E2AEFB154760237E.d.282FF1BC320A1ED9DA16C7C9FAE221EE.e.12705"}]}
COMMAND: POST /session/0fa557d69f96d3283d48a39825366b34/execute/sync - {"script":"<script> [5351 bytes]","args":[{"element-6066-11e4-a52e-4f735466cecf":"f.3F808B98CDAAA2B1E2AEFB154760237E.d.282FF1BC320A1ED9DA16C7C9FAE221EE.e.12705","ELEMENT":"f.3F808B98CDAAA2B1E2AEFB154760237E.d.282FF1BC320A1ED9DA16C7C9FAE221EE.e.12705"}]}
COMMAND: GET /session/0fa557d69f96d3283d48a39825366b34/screenshot - {}
RESULT: {"script":"<script> [5351 bytes]","args":[{"element-6066-11e4-a52e-4f735466cecf":"f.3F808B98CDAAA2B1E2AEFB154760237E.d.282FF1BC320A1ED9DA16C7C9FAE221EE.e.12705","ELEMENT":"f.3F808B98CDAAA2B1E2AEFB154760237E.d.282FF1BC320A1ED9DA16C7C9FAE221EE.e.12705"}]}
COMMAND: POST /session/0fa557d69f96d3283d48a39825366b34/element - {"using":"css selector","value":"#shell-header-logo"}
COMMAND: GET /session/0fa557d69f96d3283d48a39825366b34/screenshot - {}
RESULT: {}
RESULT: {"using":"css selector","value":"#shell-header-logo"}
COMMAND: POST /session/0fa557d69f96d3283d48a39825366b34/element/f.3F808B98CDAAA2B1E2AEFB154760237E.d.282FF1BC320A1ED9DA16C7C9FAE221EE.e.12705/click - {}
RESULT: {}
RESULT: {}
COMMAND: GET /session/0fa557d69f96d3283d48a39825366b34/screenshot - {}
RESULT: {}
COMMAND: POST /session/0fa557d69f96d3283d48a39825366b34/execute/async - {"script":"<script> [189 bytes]","args":[]}
RESULT: {"script":"<script> [189 bytes]","args":[]}
COMMAND: POST /session/0fa557d69f96d3283d48a39825366b34/execute/async - {"script":"<script> [123 bytes]","args":[]}
RESULT: {"script":"<script> [123 bytes]","args":[]}
COMMAND: POST /session/0fa557d69f96d3283d48a39825366b34/timeouts - {"script":"<number>"}
RESULT: {"script":"<number>"}
COMMAND: GET /session/0fa557d69f96d3283d48a39825366b34/timeouts - {}
RESULT: {}
RESULT: undefined
COMMAND: POST /session/0fa557d69f96d3283d48a39825366b34/execute/async - {"script":"<script> [2676 bytes]","args":[]}
RESULT: {"script":"<script> [2676 bytes]","args":[]}
COMMAND: POST /session/0fa557d69f96d3283d48a39825366b34/execute/async - {"script":"<script> [2342 bytes]","args":[{"protocol":"http","hostname":"0.0.0.0","path":"/","capabilities":{"browserName":"chrome","goog:chromeOptions":{"binary":"C:\\Program Files\\Google\\Chrome\\Application\\chrome.exe","args":["--start-maximized"]}},"logLevel":"warn","connectionRetryTimeout":120000,"connectionRetryCount":3,"logLevels":{},"enableDirectConnect":true,"strictSSL":true,"_":"65 more keys: [\"cacheDir\",\"port\",\"requestedCapabilities\",\"automationProtocol\",\"baseUrl\",\"waitforInterval\",\"waitforTimeout\",\"onReload\",\"beforeCommand\",\"afterCommand\",\"rootDir\",\"specs\",\"suites\",\"exclude\",\"groupLogsByTestSpec\",\"excludeDriverLogs\",\"bail\",\"framework\",\"reporters\",\"services\",\"maxInstances\",\"maxInstancesPerCapability\",\"injectGlobals\",\"filesToWatch\",\"execArgv\",\"runnerEnv\",\"runner\",\"shard\",\"specFileRetries\",\"specFileRetriesDelay\",\"specFileRetriesDeferred\",\"reporterSyncInterval\",\"reporterSyncTimeout\",\"cucumberFeaturesWithLineNumbers\",\"autoCompileOpts\",\"mochaOpts\",\"jasmineOpts\",\"cucumberOpts\",\"onPrepare\",\"onWorkerStart\",\"onWorkerEnd\",\"before\",\"beforeSession\",\"beforeSuite\",\"beforeHook\",\"beforeTest\",\"afterTest\",\"afterHook\",\"afterSuite\",\"afterSession\",\"after\",\"onComplete\",\"beforeAssertion\",\"afterAssertion\",\"beforeFeature\",\"beforeScenario\",\"beforeStep\",\"afterStep\",\"afterScenario\",\"afterFeature\",\"_\",\"suite\",\"$0\",\"ignoredWorkerServices\",\"wdi5\"]"}]}
RESULT: {"script":"<script> [2342 bytes]","args":[{"protocol":"http","hostname":"0.0.0.0","path":"/","capabilities":{"browserName":"chrome","goog:chromeOptions":{"binary":"C:\\Program Files\\Google\\Chrome\\Application\\chrome.exe","args":["--start-maximized"]}},"logLevel":"warn","connectionRetryTimeout":120000,"connectionRetryCount":3,"logLevels":{},"enableDirectConnect":true,"strictSSL":true,"_":"65 more keys: [\"cacheDir\",\"port\",\"requestedCapabilities\",\"automationProtocol\",\"baseUrl\",\"waitforInterval\",\"waitforTimeout\",\"onReload\",\"beforeCommand\",\"afterCommand\",\"rootDir\",\"specs\",\"suites\",\"exclude\",\"groupLogsByTestSpec\",\"excludeDriverLogs\",\"bail\",\"framework\",\"reporters\",\"services\",\"maxInstances\",\"maxInstancesPerCapability\",\"injectGlobals\",\"filesToWatch\",\"execArgv\",\"runnerEnv\",\"runner\",\"shard\",\"specFileRetries\",\"specFileRetriesDelay\",\"specFileRetriesDeferred\",\"reporterSyncInterval\",\"reporterSyncTimeout\",\"cucumberFeaturesWithLineNumbers\",\"autoCompileOpts\",\"mochaOpts\",\"jasmineOpts\",\"cucumberOpts\",\"onPrepare\",\"onWorkerStart\",\"onWorkerEnd\",\"before\",\"beforeSession\",\"beforeSuite\",\"beforeHook\",\"beforeTest\",\"afterTest\",\"afterHook\",\"afterSuite\",\"afterSession\",\"after\",\"onComplete\",\"beforeAssertion\",\"afterAssertion\",\"beforeFeature\",\"beforeScenario\",\"beforeStep\",\"afterStep\",\"afterScenario\",\"afterFeature\",\"_\",\"suite\",\"$0\",\"ignoredWorkerServices\",\"wdi5\"]"}]}
COMMAND: POST /session/0fa557d69f96d3283d48a39825366b34/execute/async - {"script":"<script> [21126 bytes]","args":[35000]}
RESULT: {"script":"<script> [21126 bytes]","args":[35000]}
COMMAND: POST /session/0fa557d69f96d3283d48a39825366b34/window/maximize - {}
RESULT: {}
COMMAND: POST /session/0fa557d69f96d3283d48a39825366b34/execute/async - {"script":"<script> [1562 bytes]","args":[{"selector":{"id":"shell-header","interaction":{"idSuffix":"icon"}},"wdio_ui5_key":"shellheader"}]}
COMMAND: GET /session/0fa557d69f96d3283d48a39825366b34/screenshot - {}
RESULT: {"script":"<script> [1562 bytes]","args":[{"selector":{"id":"shell-header","interaction":{"idSuffix":"icon"}},"wdio_ui5_key":"shellheader"}]}
RESULT: undefined
RESULT: {}
]]></system-out>
    </testcase>
  </testsuite>
  <testsuite timestamp="2025-04-15T16:02:48" time="786.136" tests="5" failures="0" errors="0" skipped="0">
    <properties>
      <property name="specId" value="0"/>
      <property name="suiteName" value="Create masterdata for Yard Overview - trigger provide US130988"/>
      <property name="capabilities" value="chrome.135_0_7049_42.windows"/>
      <property name="file" value="file:///D:/a/1/s/test/specs/R2C/yard-overview-trigger.spec.js"/>
    </properties>
    <testcase classname="chrome.135_0_7049_42.windows.Create_masterdata_for_Yard_Overview_-_trigger_provide_US130988" name="Should create prerequisites yard partner site material" time="457.608">
      <system-out><![CDATA[
COMMAND: POST /session/0fa557d69f96d3283d48a39825366b34/execute/async - {"script":"<script> [1562 bytes]","args":[{"selector":{"controlType":"sap.m.GenericTile","properties":{"header":"Manage Yards"}},"wdio_ui5_key":"sapm.GenericTile{\"header\":\"Manage Yards\"}"}]}
RESULT: {"script":"<script> [1562 bytes]","args":[{"selector":{"controlType":"sap.m.GenericTile","properties":{"header":"Manage Yards"}},"wdio_ui5_key":"sapm.GenericTile{\"header\":\"Manage Yards\"}"}]}
RESULT: undefined
COMMAND: POST /session/0fa557d69f96d3283d48a39825366b34/element - {"using":"xpath","value":"//*[@id=\"__tile41\"]"}
RESULT: {"using":"xpath","value":"//*[@id=\"__tile41\"]"}
COMMAND: POST /session/0fa557d69f96d3283d48a39825366b34/element/f.3F808B98CDAAA2B1E2AEFB154760237E.d.282FF1BC320A1ED9DA16C7C9FAE221EE.e.12711/click - {}
RESULT: {}
COMMAND: GET /session/0fa557d69f96d3283d48a39825366b34/screenshot - {}
RESULT: {}
COMMAND: POST /session/0fa557d69f96d3283d48a39825366b34/execute/async - {"script":"<script> [1562 bytes]","args":[{"selector":{"controlType":"sap.ui.core.Icon","viewName":"etm.portal.ui.manageyards.view.Master","viewId":"application-manageyards-display-component---masterYard","properties":{"src":{"regex":{"source":"add"}}}},"wdio_ui5_key":"etmportal.ui.manageyards.view.Mastersap.ui.core.Icon{\"src\":{\"regex\":{\"source\":\"add\"}}}"}]}
RESULT: {"script":"<script> [1562 bytes]","args":[{"selector":{"controlType":"sap.ui.core.Icon","viewName":"etm.portal.ui.manageyards.view.Master","viewId":"application-manageyards-display-component---masterYard","properties":{"src":{"regex":{"source":"add"}}}},"wdio_ui5_key":"etmportal.ui.manageyards.view.Mastersap.ui.core.Icon{\"src\":{\"regex\":{\"source\":\"add\"}}}"}]}
RESULT: undefined
COMMAND: POST /session/0fa557d69f96d3283d48a39825366b34/element - {"using":"xpath","value":"//*[@id=\"__button4-img\"]"}
RESULT: {"using":"xpath","value":"//*[@id=\"__button4-img\"]"}
COMMAND: POST /session/0fa557d69f96d3283d48a39825366b34/element/f.3F808B98CDAAA2B1E2AEFB154760237E.d.282FF1BC320A1ED9DA16C7C9FAE221EE.e.12756/click - {}
RESULT: {}
COMMAND: GET /session/0fa557d69f96d3283d48a39825366b34/screenshot - {}
RESULT: {}
COMMAND: POST /session/0fa557d69f96d3283d48a39825366b34/execute/async - {"script":"<script> [1562 bytes]","args":[{"selector":{"id":"application-manageyards-display-component---NewYard--yardId","interaction":{"idSuffix":"inner"}},"wdio_ui5_key":"applicationmanageyards-display-component---NewYard--yardId"}]}
RESULT: {"script":"<script> [1562 bytes]","args":[{"selector":{"id":"application-manageyards-display-component---NewYard--yardId","interaction":{"idSuffix":"inner"}},"wdio_ui5_key":"applicationmanageyards-display-component---NewYard--yardId"}]}
RESULT: undefined
COMMAND: POST /session/0fa557d69f96d3283d48a39825366b34/element - {"using":"xpath","value":"//*[@id=\"application-manageyards-display-component---NewYard--addressDetailDetailsName1-inner\"]"}
RESULT: {"using":"xpath","value":"//*[@id=\"application-manageyards-display-component---NewYard--addressDetailDetailsName1-inner\"]"}
COMMAND: POST /session/0fa557d69f96d3283d48a39825366b34/element/f.3F808B98CDAAA2B1E2AEFB154760237E.d.282FF1BC320A1ED9DA16C7C9FAE221EE.e.12972/clear - {}
RESULT: {}
COMMAND: POST /session/0fa557d69f96d3283d48a39825366b34/element/f.3F808B98CDAAA2B1E2AEFB154760237E.d.282FF1BC320A1ED9DA16C7C9FAE221EE.e.12972/value - {"text":"WebdriverYardvwabj"}
COMMAND: GET /session/0fa557d69f96d3283d48a39825366b34/screenshot - {}
RESULT: {"text":"WebdriverYardvwabj"}
COMMAND: POST /session/0fa557d69f96d3283d48a39825366b34/element - {"using":"xpath","value":"//*[@id=\"application-manageyards-display-component---NewYard--addressDetailDetailsLanguage-inner\"]"}
COMMAND: GET /session/0fa557d69f96d3283d48a39825366b34/screenshot - {}
RESULT: {}
RESULT: {"using":"xpath","value":"//*[@id=\"application-manageyards-display-component---NewYard--addressDetailDetailsLanguage-inner\"]"}
COMMAND: POST /session/0fa557d69f96d3283d48a39825366b34/element/f.3F808B98CDAAA2B1E2AEFB154760237E.d.282FF1BC320A1ED9DA16C7C9FAE221EE.e.12973/clear - {}
RESULT: {}
RESULT: {}
COMMAND: POST /session/0fa557d69f96d3283d48a39825366b34/element/f.3F808B98CDAAA2B1E2AEFB154760237E.d.282FF1BC320A1ED9DA16C7C9FAE221EE.e.12973/value - {"text":"Romanian"}
COMMAND: GET /session/0fa557d69f96d3283d48a39825366b34/screenshot - {}
RESULT: {"text":"Romanian"}
COMMAND: POST /session/0fa557d69f96d3283d48a39825366b34/element - {"using":"xpath","value":"//input[contains(@id ,\"application-manageyards-display-component---NewYard--addressDetailDetailsName1-inner\")]"}
COMMAND: GET /session/0fa557d69f96d3283d48a39825366b34/screenshot - {}
RESULT: {}
RESULT: {"using":"xpath","value":"//input[contains(@id ,\"application-manageyards-display-component---NewYard--addressDetailDetailsName1-inner\")]"}
COMMAND: GET /session/0fa557d69f96d3283d48a39825366b34/element/f.3F808B98CDAAA2B1E2AEFB154760237E.d.282FF1BC320A1ED9DA16C7C9FAE221EE.e.12972/property/value - {}
RESULT: {}
RESULT: {}
COMMAND: GET /session/0fa557d69f96d3283d48a39825366b34/screenshot - {}
RESULT: {}
COMMAND: POST /session/0fa557d69f96d3283d48a39825366b34/element - {"using":"xpath","value":"//*[@id=\"application-manageyards-display-component---NewYard--addressDetailDetailsCity1-inner\"]"}
RESULT: {"using":"xpath","value":"//*[@id=\"application-manageyards-display-component---NewYard--addressDetailDetailsCity1-inner\"]"}
COMMAND: POST /session/0fa557d69f96d3283d48a39825366b34/element/f.3F808B98CDAAA2B1E2AEFB154760237E.d.282FF1BC320A1ED9DA16C7C9FAE221EE.e.12975/clear - {}
RESULT: {}
COMMAND: POST /session/0fa557d69f96d3283d48a39825366b34/element/f.3F808B98CDAAA2B1E2AEFB154760237E.d.282FF1BC320A1ED9DA16C7C9FAE221EE.e.12975/value - {"text":"Bucuresti"}
COMMAND: GET /session/0fa557d69f96d3283d48a39825366b34/screenshot - {}
RESULT: {"text":"Bucuresti"}
COMMAND: GET /session/0fa557d69f96d3283d48a39825366b34/screenshot - {}
RESULT: {}
RESULT: {}
COMMAND: POST /session/0fa557d69f96d3283d48a39825366b34/element - {"using":"xpath","value":"//*[@id=\"application-manageyards-display-component---NewYard--addressDetailDetailsCountry-inner\"]"}
RESULT: {"using":"xpath","value":"//*[@id=\"application-manageyards-display-component---NewYard--addressDetailDetailsCountry-inner\"]"}
COMMAND: POST /session/0fa557d69f96d3283d48a39825366b34/element/f.3F808B98CDAAA2B1E2AEFB154760237E.d.282FF1BC320A1ED9DA16C7C9FAE221EE.e.12979/clear - {}
RESULT: {}
COMMAND: POST /session/0fa557d69f96d3283d48a39825366b34/element/f.3F808B98CDAAA2B1E2AEFB154760237E.d.282FF1BC320A1ED9DA16C7C9FAE221EE.e.12979/value - {"text":"Romania"}
COMMAND: GET /session/0fa557d69f96d3283d48a39825366b34/screenshot - {}
RESULT: {"text":"Romania"}
COMMAND: GET /session/0fa557d69f96d3283d48a39825366b34/screenshot - {}
RESULT: {}
RESULT: {}
COMMAND: POST /session/0fa557d69f96d3283d48a39825366b34/element - {"using":"xpath","value":"//div[contains(text(), \"Commercial\")]"}
RESULT: {"using":"xpath","value":"//div[contains(text(), \"Commercial\")]"}
COMMAND: GET /session/0fa557d69f96d3283d48a39825366b34/element/f.3F808B98CDAAA2B1E2AEFB154760237E.d.282FF1BC320A1ED9DA16C7C9FAE221EE.e.13175/rect - {}
RESULT: {}
COMMAND: GET /session/0fa557d69f96d3283d48a39825366b34/window/rect - {}
RESULT: {}
COMMAND: POST /session/0fa557d69f96d3283d48a39825366b34/execute/sync - {"script":"<script> [92 bytes]","args":[]}
RESULT: {"script":"<script> [92 bytes]","args":[]}
COMMAND: POST /session/0fa557d69f96d3283d48a39825366b34/actions - {"actions":[{"id":"action34","type":"wheel","parameters":{},"actions":[{"type":"scroll","x":-1841,"y":-44,"deltaX":0,"deltaY":0,"duration":0,"origin":{"element-6066-11e4-a52e-4f735466cecf":"f.3F808B98CDAAA2B1E2AEFB154760237E.d.282FF1BC320A1ED9DA16C7C9FAE221EE.e.13175"}}]}]}
COMMAND: GET /session/0fa557d69f96d3283d48a39825366b34/screenshot - {}
RESULT: {}
COMMAND: POST /session/0fa557d69f96d3283d48a39825366b34/execute/sync - {"script":"<script> [79 bytes]","args":[{"element-6066-11e4-a52e-4f735466cecf":"f.3F808B98CDAAA2B1E2AEFB154760237E.d.282FF1BC320A1ED9DA16C7C9FAE221EE.e.13175","ELEMENT":"f.3F808B98CDAAA2B1E2AEFB154760237E.d.282FF1BC320A1ED9DA16C7C9FAE221EE.e.13175"},{"block":"start","inline":"nearest"}]}
RESULT: {"script":"<script> [79 bytes]","args":[{"element-6066-11e4-a52e-4f735466cecf":"f.3F808B98CDAAA2B1E2AEFB154760237E.d.282FF1BC320A1ED9DA16C7C9FAE221EE.e.13175","ELEMENT":"f.3F808B98CDAAA2B1E2AEFB154760237E.d.282FF1BC320A1ED9DA16C7C9FAE221EE.e.13175"},{"block":"start","inline":"nearest"}]}
COMMAND: GET /session/0fa557d69f96d3283d48a39825366b34/screenshot - {}
RESULT: {}
COMMAND: POST /session/0fa557d69f96d3283d48a39825366b34/execute/async - {"script":"<script> [1562 bytes]","args":[{"selector":{"id":"application-manageyards-display-component---NewYard--addressEditDetailsCostObjectCstType-arrow"},"wdio_ui5_key":"applicationmanageyards-display-component---NewYard--addressEditDetailsCostObjectCstType-arrow"}]}
RESULT: {"script":"<script> [1562 bytes]","args":[{"selector":{"id":"application-manageyards-display-component---NewYard--addressEditDetailsCostObjectCstType-arrow"},"wdio_ui5_key":"applicationmanageyards-display-component---NewYard--addressEditDetailsCostObjectCstType-arrow"}]}
RESULT: undefined
COMMAND: POST /session/0fa557d69f96d3283d48a39825366b34/element - {"using":"xpath","value":"//*[@id=\"application-manageyards-display-component---NewYard--addressEditDetailsCostObjectCstType-arrow\"]"}
RESULT: {"using":"xpath","value":"//*[@id=\"application-manageyards-display-component---NewYard--addressEditDetailsCostObjectCstType-arrow\"]"}
COMMAND: POST /session/0fa557d69f96d3283d48a39825366b34/element/f.3F808B98CDAAA2B1E2AEFB154760237E.d.282FF1BC320A1ED9DA16C7C9FAE221EE.e.13183/click - {}
RESULT: {}
COMMAND: POST /session/0fa557d69f96d3283d48a39825366b34/element - {"using":"xpath","value":"//span[contains(text(), \"Cost Center\")]"}
COMMAND: GET /session/0fa557d69f96d3283d48a39825366b34/screenshot - {}
RESULT: {"using":"xpath","value":"//span[contains(text(), \"Cost Center\")]"}
COMMAND: POST /session/0fa557d69f96d3283d48a39825366b34/element/f.3F808B98CDAAA2B1E2AEFB154760237E.d.282FF1BC320A1ED9DA16C7C9FAE221EE.e.13184/click - {}
RESULT: {}
RESULT: {}
COMMAND: GET /session/0fa557d69f96d3283d48a39825366b34/screenshot - {}
RESULT: {}
COMMAND: POST /session/0fa557d69f96d3283d48a39825366b34/execute/async - {"script":"<script> [1562 bytes]","args":[{"selector":{"id":"application-manageyards-display-component---NewYard--addressNewCostObjectCstID-vhi"},"wdio_ui5_key":"applicationmanageyards-display-component---NewYard--addressNewCostObjectCstID-vhi"}]}
RESULT: {"script":"<script> [1562 bytes]","args":[{"selector":{"id":"application-manageyards-display-component---NewYard--addressNewCostObjectCstID-vhi"},"wdio_ui5_key":"applicationmanageyards-display-component---NewYard--addressNewCostObjectCstID-vhi"}]}
RESULT: undefined
COMMAND: POST /session/0fa557d69f96d3283d48a39825366b34/element - {"using":"xpath","value":"//*[@id=\"application-manageyards-display-component---NewYard--addressNewCostObjectCstID-vhi\"]"}
RESULT: {"using":"xpath","value":"//*[@id=\"application-manageyards-display-component---NewYard--addressNewCostObjectCstID-vhi\"]"}
COMMAND: POST /session/0fa557d69f96d3283d48a39825366b34/element/f.3F808B98CDAAA2B1E2AEFB154760237E.d.282FF1BC320A1ED9DA16C7C9FAE221EE.e.13187/click - {}
RESULT: {}
COMMAND: GET /session/0fa557d69f96d3283d48a39825366b34/screenshot - {}
RESULT: {}
COMMAND: POST /session/0fa557d69f96d3283d48a39825366b34/execute/async - {"script":"<script> [1562 bytes]","args":[{"selector":{"controlType":"sap.m.SearchField","properties":{"placeholder":"Search"},"searchOpenDialogs":true,"interaction":{"idSuffix":"I"}},"wdio_ui5_key":"sapm.SearchField{\"placeholder\":\"Search\"}"}]}
RESULT: {"script":"<script> [1562 bytes]","args":[{"selector":{"controlType":"sap.m.SearchField","properties":{"placeholder":"Search"},"searchOpenDialogs":true,"interaction":{"idSuffix":"I"}},"wdio_ui5_key":"sapm.SearchField{\"placeholder\":\"Search\"}"}]}
RESULT: undefined
COMMAND: POST /session/0fa557d69f96d3283d48a39825366b34/execute/async - {"script":"<script> [776 bytes]","args":[{"enterText":"10001013","selector":{"controlType":"sap.m.SearchField","properties":{"placeholder":"Search"},"searchOpenDialogs":true,"interaction":{"idSuffix":"I"}},"clearTextFirst":true,"interactionType":"ENTER_TEXT"}]}
RESULT: {"script":"<script> [776 bytes]","args":[{"enterText":"10001013","selector":{"controlType":"sap.m.SearchField","properties":{"placeholder":"Search"},"searchOpenDialogs":true,"interaction":{"idSuffix":"I"}},"clearTextFirst":true,"interactionType":"ENTER_TEXT"}]}
COMMAND: POST /session/0fa557d69f96d3283d48a39825366b34/actions - {"actions":[{"id":"action35","type":"key","parameters":{},"actions":[{"type":"keyDown","value":""},{"type":"pause","duration":10},{"type":"keyUp","value":""}]}]}
RESULT: {"actions":[{"id":"action35","type":"key","parameters":{},"actions":[{"type":"keyDown","value":""},{"type":"pause","duration":10},{"type":"keyUp","value":""}]}]}
COMMAND: GET /session/0fa557d69f96d3283d48a39825366b34/screenshot - {}
RESULT: {}
COMMAND: POST /session/0fa557d69f96d3283d48a39825366b34/element - {"using":"xpath","value":"//span[contains(text(), \"General Management\")]"}
RESULT: {"using":"xpath","value":"//span[contains(text(), \"General Management\")]"}
COMMAND: POST /session/0fa557d69f96d3283d48a39825366b34/element/f.3F808B98CDAAA2B1E2AEFB154760237E.d.282FF1BC320A1ED9DA16C7C9FAE221EE.e.13228/click - {}
RESULT: {}
COMMAND: GET /session/0fa557d69f96d3283d48a39825366b34/screenshot - {}
RESULT: {}
COMMAND: POST /session/0fa557d69f96d3283d48a39825366b34/element - {"using":"xpath","value":"//bdi[contains(text(), \"OK\")]"}
RESULT: {"using":"xpath","value":"//bdi[contains(text(), \"OK\")]"}
COMMAND: POST /session/0fa557d69f96d3283d48a39825366b34/element/f.3F808B98CDAAA2B1E2AEFB154760237E.d.282FF1BC320A1ED9DA16C7C9FAE221EE.e.13229/click - {}
RESULT: {}
COMMAND: GET /session/0fa557d69f96d3283d48a39825366b34/screenshot - {}
RESULT: {}
COMMAND: POST /session/0fa557d69f96d3283d48a39825366b34/execute/async - {"script":"<script> [1562 bytes]","args":[{"selector":{"controlType":"sap.m.Button","viewName":"etm.portal.ui.manageyards.view.New","viewId":"application-manageyards-display-component---NewYard","i18NText":{"propertyName":"text","key":"save"},"interaction":{"idSuffix":"inner"}},"wdio_ui5_key":"etmportal.ui.manageyards.view.Newsap.m.Button{\"propertyName\":\"text\",\"key\":\"save\"}"}]}
RESULT: {"script":"<script> [1562 bytes]","args":[{"selector":{"controlType":"sap.m.Button","viewName":"etm.portal.ui.manageyards.view.New","viewId":"application-manageyards-display-component---NewYard","i18NText":{"propertyName":"text","key":"save"},"interaction":{"idSuffix":"inner"}},"wdio_ui5_key":"etmportal.ui.manageyards.view.Newsap.m.Button{\"propertyName\":\"text\",\"key\":\"save\"}"}]}
RESULT: undefined
COMMAND: POST /session/0fa557d69f96d3283d48a39825366b34/element - {"using":"xpath","value":"//*[@id=\"__button18\"]"}
RESULT: {"using":"xpath","value":"//*[@id=\"__button18\"]"}
COMMAND: POST /session/0fa557d69f96d3283d48a39825366b34/element/f.3F808B98CDAAA2B1E2AEFB154760237E.d.282FF1BC320A1ED9DA16C7C9FAE221EE.e.13153/click - {}
RESULT: {}
COMMAND: GET /session/0fa557d69f96d3283d48a39825366b34/screenshot - {}
RESULT: {}
COMMAND: POST /session/0fa557d69f96d3283d48a39825366b34/element - {"using":"xpath","value":"//header/div/div[2]/div[2]/span"}
RESULT: {"using":"xpath","value":"//header/div/div[2]/div[2]/span"}
COMMAND: GET /session/0fa557d69f96d3283d48a39825366b34/element/f.3F808B98CDAAA2B1E2AEFB154760237E.d.282FF1BC320A1ED9DA16C7C9FAE221EE.e.13426/text - {}
RESULT: {}
COMMAND: POST /session/0fa557d69f96d3283d48a39825366b34/execute/async - {"script":"<script> [1562 bytes]","args":[{"selector":{"controlType":"sap.m.OverflowToolbarButton","viewName":"etm.portal.ui.manageyards.view.Detail","viewId":"application-manageyards-display-component---detailYard","i18NText":{"propertyName":"tooltip","key":"closeColumn"},"interaction":{"idSuffix":"inner"}},"wdio_ui5_key":"etmportal.ui.manageyards.view.Detailsap.m.OverflowToolbarButton{\"propertyName\":\"tooltip\",\"key\":\"closeColumn\"}"}]}
RESULT: {"script":"<script> [1562 bytes]","args":[{"selector":{"controlType":"sap.m.OverflowToolbarButton","viewName":"etm.portal.ui.manageyards.view.Detail","viewId":"application-manageyards-display-component---detailYard","i18NText":{"propertyName":"tooltip","key":"closeColumn"},"interaction":{"idSuffix":"inner"}},"wdio_ui5_key":"etmportal.ui.manageyards.view.Detailsap.m.OverflowToolbarButton{\"propertyName\":\"tooltip\",\"key\":\"closeColumn\"}"}]}
RESULT: undefined
COMMAND: POST /session/0fa557d69f96d3283d48a39825366b34/element - {"using":"xpath","value":"//*[@id=\"__button42\"]"}
RESULT: {"using":"xpath","value":"//*[@id=\"__button42\"]"}
COMMAND: POST /session/0fa557d69f96d3283d48a39825366b34/element/f.3F808B98CDAAA2B1E2AEFB154760237E.d.282FF1BC320A1ED9DA16C7C9FAE221EE.e.13428/click - {}
RESULT: {}
COMMAND: GET /session/0fa557d69f96d3283d48a39825366b34/screenshot - {}
RESULT: {}
COMMAND: POST /session/0fa557d69f96d3283d48a39825366b34/element - {"using":"css selector","value":"#shell-header-logo"}
RESULT: {"using":"css selector","value":"#shell-header-logo"}
COMMAND: POST /session/0fa557d69f96d3283d48a39825366b34/element/f.3F808B98CDAAA2B1E2AEFB154760237E.d.282FF1BC320A1ED9DA16C7C9FAE221EE.e.12705/click - {}
RESULT: {}
COMMAND: GET /session/0fa557d69f96d3283d48a39825366b34/screenshot - {}
RESULT: {}
COMMAND: POST /session/0fa557d69f96d3283d48a39825366b34/refresh - {}
RESULT: {}
COMMAND: GET /session/0fa557d69f96d3283d48a39825366b34/screenshot - {}
RESULT: {}
COMMAND: POST /session/0fa557d69f96d3283d48a39825366b34/refresh - {}
RESULT: {}
COMMAND: GET /session/0fa557d69f96d3283d48a39825366b34/screenshot - {}
RESULT: {}
COMMAND: POST /session/0fa557d69f96d3283d48a39825366b34/execute/async - {"script":"<script> [189 bytes]","args":[]}
RESULT: {"script":"<script> [189 bytes]","args":[]}
COMMAND: POST /session/0fa557d69f96d3283d48a39825366b34/execute/async - {"script":"<script> [123 bytes]","args":[]}
RESULT: {"script":"<script> [123 bytes]","args":[]}
COMMAND: POST /session/0fa557d69f96d3283d48a39825366b34/timeouts - {"script":"<number>"}
RESULT: {"script":"<number>"}
COMMAND: GET /session/0fa557d69f96d3283d48a39825366b34/timeouts - {}
RESULT: {}
RESULT: undefined
COMMAND: POST /session/0fa557d69f96d3283d48a39825366b34/execute/async - {"script":"<script> [2676 bytes]","args":[]}
RESULT: {"script":"<script> [2676 bytes]","args":[]}
COMMAND: POST /session/0fa557d69f96d3283d48a39825366b34/execute/async - {"script":"<script> [2342 bytes]","args":[{"protocol":"http","hostname":"0.0.0.0","path":"/","capabilities":{"browserName":"chrome","goog:chromeOptions":{"binary":"C:\\Program Files\\Google\\Chrome\\Application\\chrome.exe","args":["--start-maximized"]}},"logLevel":"warn","connectionRetryTimeout":120000,"connectionRetryCount":3,"logLevels":{},"enableDirectConnect":true,"strictSSL":true,"_":"65 more keys: [\"cacheDir\",\"port\",\"requestedCapabilities\",\"automationProtocol\",\"baseUrl\",\"waitforInterval\",\"waitforTimeout\",\"onReload\",\"beforeCommand\",\"afterCommand\",\"rootDir\",\"specs\",\"suites\",\"exclude\",\"groupLogsByTestSpec\",\"excludeDriverLogs\",\"bail\",\"framework\",\"reporters\",\"services\",\"maxInstances\",\"maxInstancesPerCapability\",\"injectGlobals\",\"filesToWatch\",\"execArgv\",\"runnerEnv\",\"runner\",\"shard\",\"specFileRetries\",\"specFileRetriesDelay\",\"specFileRetriesDeferred\",\"reporterSyncInterval\",\"reporterSyncTimeout\",\"cucumberFeaturesWithLineNumbers\",\"autoCompileOpts\",\"mochaOpts\",\"jasmineOpts\",\"cucumberOpts\",\"onPrepare\",\"onWorkerStart\",\"onWorkerEnd\",\"before\",\"beforeSession\",\"beforeSuite\",\"beforeHook\",\"beforeTest\",\"afterTest\",\"afterHook\",\"afterSuite\",\"afterSession\",\"after\",\"onComplete\",\"beforeAssertion\",\"afterAssertion\",\"beforeFeature\",\"beforeScenario\",\"beforeStep\",\"afterStep\",\"afterScenario\",\"afterFeature\",\"_\",\"suite\",\"$0\",\"ignoredWorkerServices\",\"wdi5\"]"}]}
RESULT: {"script":"<script> [2342 bytes]","args":[{"protocol":"http","hostname":"0.0.0.0","path":"/","capabilities":{"browserName":"chrome","goog:chromeOptions":{"binary":"C:\\Program Files\\Google\\Chrome\\Application\\chrome.exe","args":["--start-maximized"]}},"logLevel":"warn","connectionRetryTimeout":120000,"connectionRetryCount":3,"logLevels":{},"enableDirectConnect":true,"strictSSL":true,"_":"65 more keys: [\"cacheDir\",\"port\",\"requestedCapabilities\",\"automationProtocol\",\"baseUrl\",\"waitforInterval\",\"waitforTimeout\",\"onReload\",\"beforeCommand\",\"afterCommand\",\"rootDir\",\"specs\",\"suites\",\"exclude\",\"groupLogsByTestSpec\",\"excludeDriverLogs\",\"bail\",\"framework\",\"reporters\",\"services\",\"maxInstances\",\"maxInstancesPerCapability\",\"injectGlobals\",\"filesToWatch\",\"execArgv\",\"runnerEnv\",\"runner\",\"shard\",\"specFileRetries\",\"specFileRetriesDelay\",\"specFileRetriesDeferred\",\"reporterSyncInterval\",\"reporterSyncTimeout\",\"cucumberFeaturesWithLineNumbers\",\"autoCompileOpts\",\"mochaOpts\",\"jasmineOpts\",\"cucumberOpts\",\"onPrepare\",\"onWorkerStart\",\"onWorkerEnd\",\"before\",\"beforeSession\",\"beforeSuite\",\"beforeHook\",\"beforeTest\",\"afterTest\",\"afterHook\",\"afterSuite\",\"afterSession\",\"after\",\"onComplete\",\"beforeAssertion\",\"afterAssertion\",\"beforeFeature\",\"beforeScenario\",\"beforeStep\",\"afterStep\",\"afterScenario\",\"afterFeature\",\"_\",\"suite\",\"$0\",\"ignoredWorkerServices\",\"wdi5\"]"}]}
COMMAND: POST /session/0fa557d69f96d3283d48a39825366b34/execute/async - {"script":"<script> [21126 bytes]","args":[35000]}
RESULT: {"script":"<script> [21126 bytes]","args":[35000]}
COMMAND: POST /session/0fa557d69f96d3283d48a39825366b34/execute/async - {"script":"<script> [1562 bytes]","args":[{"selector":{"controlType":"sap.m.GenericTile","properties":{"header":"Manage Partners"}},"wdio_ui5_key":"sapm.GenericTile{\"header\":\"Manage Partners\"}"}]}
RESULT: {"script":"<script> [1562 bytes]","args":[{"selector":{"controlType":"sap.m.GenericTile","properties":{"header":"Manage Partners"}},"wdio_ui5_key":"sapm.GenericTile{\"header\":\"Manage Partners\"}"}]}
RESULT: undefined
COMMAND: POST /session/0fa557d69f96d3283d48a39825366b34/element - {"using":"xpath","value":"//*[@id=\"__tile38\"]"}
RESULT: {"using":"xpath","value":"//*[@id=\"__tile38\"]"}
COMMAND: POST /session/0fa557d69f96d3283d48a39825366b34/element/f.3F808B98CDAAA2B1E2AEFB154760237E.d.C82CAC2B6979F6579177118662BDBB5A.e.13798/click - {}
RESULT: {}
COMMAND: GET /session/0fa557d69f96d3283d48a39825366b34/screenshot - {}
RESULT: {}
COMMAND: POST /session/0fa557d69f96d3283d48a39825366b34/execute/async - {"script":"<script> [1562 bytes]","args":[{"selector":{"controlType":"sap.ui.core.Icon","viewName":"etm.portal.ui.managepartners.view.Master","viewId":"application-managepartners-display-component---masterPtm","properties":{"src":{"regex":{"source":"add"}}}},"wdio_ui5_key":"etmportal.ui.managepartners.view.Mastersap.ui.core.Icon{\"src\":{\"regex\":{\"source\":\"add\"}}}"}]}
RESULT: {"script":"<script> [1562 bytes]","args":[{"selector":{"controlType":"sap.ui.core.Icon","viewName":"etm.portal.ui.managepartners.view.Master","viewId":"application-managepartners-display-component---masterPtm","properties":{"src":{"regex":{"source":"add"}}}},"wdio_ui5_key":"etmportal.ui.managepartners.view.Mastersap.ui.core.Icon{\"src\":{\"regex\":{\"source\":\"add\"}}}"}]}
RESULT: undefined
COMMAND: POST /session/0fa557d69f96d3283d48a39825366b34/element - {"using":"xpath","value":"//*[@id=\"__button4-img\"]"}
RESULT: {"using":"xpath","value":"//*[@id=\"__button4-img\"]"}
COMMAND: POST /session/0fa557d69f96d3283d48a39825366b34/element/f.3F808B98CDAAA2B1E2AEFB154760237E.d.C82CAC2B6979F6579177118662BDBB5A.e.13848/click - {}
RESULT: {}
COMMAND: GET /session/0fa557d69f96d3283d48a39825366b34/screenshot - {}
RESULT: {}
COMMAND: POST /session/0fa557d69f96d3283d48a39825366b34/execute/async - {"script":"<script> [1562 bytes]","args":[{"selector":{"id":"application-managepartners-display-component---NewPartner--partnerId","interaction":{"idSuffix":"inner"}},"wdio_ui5_key":"applicationmanagepartners-display-component---NewPartner--partnerId"}]}
RESULT: {"script":"<script> [1562 bytes]","args":[{"selector":{"id":"application-managepartners-display-component---NewPartner--partnerId","interaction":{"idSuffix":"inner"}},"wdio_ui5_key":"applicationmanagepartners-display-component---NewPartner--partnerId"}]}
RESULT: undefined
COMMAND: POST /session/0fa557d69f96d3283d48a39825366b34/execute/async - {"script":"<script> [1562 bytes]","args":[{"selector":{"id":"application-managepartners-display-component---NewPartner--addressDetailDetailsName1","interaction":{"idSuffix":"inner"}},"wdio_ui5_key":"applicationmanagepartners-display-component---NewPartner--addressDetailDetailsName1"}]}
RESULT: {"script":"<script> [1562 bytes]","args":[{"selector":{"id":"application-managepartners-display-component---NewPartner--addressDetailDetailsName1","interaction":{"idSuffix":"inner"}},"wdio_ui5_key":"applicationmanagepartners-display-component---NewPartner--addressDetailDetailsName1"}]}
RESULT: undefined
COMMAND: POST /session/0fa557d69f96d3283d48a39825366b34/execute/async - {"script":"<script> [776 bytes]","args":[{"enterText":"WebdriverPartnerchftx","selector":{"id":"application-managepartners-display-component---NewPartner--addressDetailDetailsName1","interaction":{"idSuffix":"inner"}},"clearTextFirst":true,"interactionType":"ENTER_TEXT"}]}
RESULT: {"script":"<script> [776 bytes]","args":[{"enterText":"WebdriverPartnerchftx","selector":{"id":"application-managepartners-display-component---NewPartner--addressDetailDetailsName1","interaction":{"idSuffix":"inner"}},"clearTextFirst":true,"interactionType":"ENTER_TEXT"}]}
COMMAND: POST /session/0fa557d69f96d3283d48a39825366b34/execute/async - {"script":"<script> [1562 bytes]","args":[{"selector":{"id":"application-managepartners-display-component---NewPartner--addressDetailDetailsLanguage","interaction":{"idSuffix":"inner"}},"wdio_ui5_key":"applicationmanagepartners-display-component---NewPartner--addressDetailDetailsLanguage"}]}
RESULT: {"script":"<script> [1562 bytes]","args":[{"selector":{"id":"application-managepartners-display-component---NewPartner--addressDetailDetailsLanguage","interaction":{"idSuffix":"inner"}},"wdio_ui5_key":"applicationmanagepartners-display-component---NewPartner--addressDetailDetailsLanguage"}]}
RESULT: undefined
COMMAND: POST /session/0fa557d69f96d3283d48a39825366b34/execute/async - {"script":"<script> [776 bytes]","args":[{"enterText":"Romanian","selector":{"id":"application-managepartners-display-component---NewPartner--addressDetailDetailsLanguage","interaction":{"idSuffix":"inner"}},"clearTextFirst":true,"interactionType":"ENTER_TEXT"}]}
RESULT: {"script":"<script> [776 bytes]","args":[{"enterText":"Romanian","selector":{"id":"application-managepartners-display-component---NewPartner--addressDetailDetailsLanguage","interaction":{"idSuffix":"inner"}},"clearTextFirst":true,"interactionType":"ENTER_TEXT"}]}
COMMAND: POST /session/0fa557d69f96d3283d48a39825366b34/element - {"using":"xpath","value":"//input[contains(@id ,\"application-managepartners-display-component---NewPartner--addressDetailDetailsName1-inner\")]"}
RESULT: {"using":"xpath","value":"//input[contains(@id ,\"application-managepartners-display-component---NewPartner--addressDetailDetailsName1-inner\")]"}
COMMAND: GET /session/0fa557d69f96d3283d48a39825366b34/element/f.3F808B98CDAAA2B1E2AEFB154760237E.d.C82CAC2B6979F6579177118662BDBB5A.e.14024/property/value - {}
RESULT: {}
COMMAND: POST /session/0fa557d69f96d3283d48a39825366b34/execute/async - {"script":"<script> [1562 bytes]","args":[{"selector":{"id":"application-managepartners-display-component---NewPartner--addressDetailDetailsCity1","interaction":{"idSuffix":"inner"}},"wdio_ui5_key":"applicationmanagepartners-display-component---NewPartner--addressDetailDetailsCity1"}]}
COMMAND: GET /session/0fa557d69f96d3283d48a39825366b34/screenshot - {}
RESULT: {"script":"<script> [1562 bytes]","args":[{"selector":{"id":"application-managepartners-display-component---NewPartner--addressDetailDetailsCity1","interaction":{"idSuffix":"inner"}},"wdio_ui5_key":"applicationmanagepartners-display-component---NewPartner--addressDetailDetailsCity1"}]}
RESULT: undefined
COMMAND: POST /session/0fa557d69f96d3283d48a39825366b34/execute/async - {"script":"<script> [776 bytes]","args":[{"enterText":"Bucharest","selector":{"id":"application-managepartners-display-component---NewPartner--addressDetailDetailsCity1","interaction":{"idSuffix":"inner"}},"clearTextFirst":true,"interactionType":"ENTER_TEXT"}]}
RESULT: {}
RESULT: {"script":"<script> [776 bytes]","args":[{"enterText":"Bucharest","selector":{"id":"application-managepartners-display-component---NewPartner--addressDetailDetailsCity1","interaction":{"idSuffix":"inner"}},"clearTextFirst":true,"interactionType":"ENTER_TEXT"}]}
COMMAND: POST /session/0fa557d69f96d3283d48a39825366b34/execute/async - {"script":"<script> [1562 bytes]","args":[{"selector":{"id":"application-managepartners-display-component---NewPartner--addressDetailDetailsCountry","interaction":{"idSuffix":"inner"}},"wdio_ui5_key":"applicationmanagepartners-display-component---NewPartner--addressDetailDetailsCountry"}]}
RESULT: {"script":"<script> [1562 bytes]","args":[{"selector":{"id":"application-managepartners-display-component---NewPartner--addressDetailDetailsCountry","interaction":{"idSuffix":"inner"}},"wdio_ui5_key":"applicationmanagepartners-display-component---NewPartner--addressDetailDetailsCountry"}]}
RESULT: undefined
COMMAND: POST /session/0fa557d69f96d3283d48a39825366b34/execute/async - {"script":"<script> [6424 bytes]","args":[{"element-6066-11e4-a52e-4f735466cecf":"f.3F808B98CDAAA2B1E2AEFB154760237E.d.C82CAC2B6979F6579177118662BDBB5A.e.14031"},"setValue",["Romania"]]}
RESULT: {"script":"<script> [6424 bytes]","args":[{"element-6066-11e4-a52e-4f735466cecf":"f.3F808B98CDAAA2B1E2AEFB154760237E.d.C82CAC2B6979F6579177118662BDBB5A.e.14031"},"setValue",["Romania"]]}
COMMAND: POST /session/0fa557d69f96d3283d48a39825366b34/execute/async - {"script":"<script> [1562 bytes]","args":[{"selector":{"id":"application-managepartners-display-component---NewPartner--partnerDetailInternal","interaction":{"idSuffix":"inner"}},"wdio_ui5_key":"applicationmanagepartners-display-component---NewPartner--partnerDetailInternal"}]}
RESULT: {"script":"<script> [1562 bytes]","args":[{"selector":{"id":"application-managepartners-display-component---NewPartner--partnerDetailInternal","interaction":{"idSuffix":"inner"}},"wdio_ui5_key":"applicationmanagepartners-display-component---NewPartner--partnerDetailInternal"}]}
RESULT: undefined
COMMAND: POST /session/0fa557d69f96d3283d48a39825366b34/execute/async - {"script":"<script> [776 bytes]","args":[{"enterText":"External partner","selector":{"id":"application-managepartners-display-component---NewPartner--partnerDetailInternal","interaction":{"idSuffix":"inner"}},"clearTextFirst":true,"interactionType":"ENTER_TEXT"}]}
RESULT: {"script":"<script> [776 bytes]","args":[{"enterText":"External partner","selector":{"id":"application-managepartners-display-component---NewPartner--partnerDetailInternal","interaction":{"idSuffix":"inner"}},"clearTextFirst":true,"interactionType":"ENTER_TEXT"}]}
COMMAND: POST /session/0fa557d69f96d3283d48a39825366b34/execute/async - {"script":"<script> [1562 bytes]","args":[{"selector":{"id":"application-managepartners-display-component---NewPartner--partnerDetailsCurrency","interaction":{"idSuffix":"inner"}},"wdio_ui5_key":"applicationmanagepartners-display-component---NewPartner--partnerDetailsCurrency"}]}
RESULT: {"script":"<script> [1562 bytes]","args":[{"selector":{"id":"application-managepartners-display-component---NewPartner--partnerDetailsCurrency","interaction":{"idSuffix":"inner"}},"wdio_ui5_key":"applicationmanagepartners-display-component---NewPartner--partnerDetailsCurrency"}]}
RESULT: undefined
COMMAND: POST /session/0fa557d69f96d3283d48a39825366b34/execute/async - {"script":"<script> [776 bytes]","args":[{"enterText":"Euro","selector":{"id":"application-managepartners-display-component---NewPartner--partnerDetailsCurrency","interaction":{"idSuffix":"inner"}},"clearTextFirst":true,"interactionType":"ENTER_TEXT"}]}
RESULT: {"script":"<script> [776 bytes]","args":[{"enterText":"Euro","selector":{"id":"application-managepartners-display-component---NewPartner--partnerDetailsCurrency","interaction":{"idSuffix":"inner"}},"clearTextFirst":true,"interactionType":"ENTER_TEXT"}]}
COMMAND: POST /session/0fa557d69f96d3283d48a39825366b34/execute/async - {"script":"<script> [1562 bytes]","args":[{"selector":{"controlType":"sap.m.Button","viewName":"etm.portal.ui.managepartners.view.NewPartner","viewId":"application-managepartners-display-component---NewPartner","properties":{"text":"Commercial"},"interaction":{"idSuffix":"BDI-content"}},"wdio_ui5_key":"etmportal.ui.managepartners.view.NewPartnersap.m.Button{\"text\":\"Commercial\"}"}]}
RESULT: {"script":"<script> [1562 bytes]","args":[{"selector":{"controlType":"sap.m.Button","viewName":"etm.portal.ui.managepartners.view.NewPartner","viewId":"application-managepartners-display-component---NewPartner","properties":{"text":"Commercial"},"interaction":{"idSuffix":"BDI-content"}},"wdio_ui5_key":"etmportal.ui.managepartners.view.NewPartnersap.m.Button{\"text\":\"Commercial\"}"}]}
RESULT: undefined
COMMAND: POST /session/0fa557d69f96d3283d48a39825366b34/element - {"using":"xpath","value":"//*[@id=\"application-managepartners-display-component---NewPartner--ObjectPageLayout-anchBar-__section5-anchor\"]"}
RESULT: {"using":"xpath","value":"//*[@id=\"application-managepartners-display-component---NewPartner--ObjectPageLayout-anchBar-__section5-anchor\"]"}
COMMAND: POST /session/0fa557d69f96d3283d48a39825366b34/element/f.3F808B98CDAAA2B1E2AEFB154760237E.d.C82CAC2B6979F6579177118662BDBB5A.e.14271/click - {}
RESULT: {}
COMMAND: GET /session/0fa557d69f96d3283d48a39825366b34/screenshot - {}
RESULT: {}
COMMAND: POST /session/0fa557d69f96d3283d48a39825366b34/execute/async - {"script":"<script> [1562 bytes]","args":[{"selector":{"id":"application-managepartners-display-component---NewPartner--btnAddTableRow-img"},"wdio_ui5_key":"applicationmanagepartners-display-component---NewPartner--btnAddTableRow-img"}]}
RESULT: {"script":"<script> [1562 bytes]","args":[{"selector":{"id":"application-managepartners-display-component---NewPartner--btnAddTableRow-img"},"wdio_ui5_key":"applicationmanagepartners-display-component---NewPartner--btnAddTableRow-img"}]}
RESULT: undefined
COMMAND: POST /session/0fa557d69f96d3283d48a39825366b34/element - {"using":"xpath","value":"//*[@id=\"application-managepartners-display-component---NewPartner--btnAddTableRow-img\"]"}
RESULT: {"using":"xpath","value":"//*[@id=\"application-managepartners-display-component---NewPartner--btnAddTableRow-img\"]"}
COMMAND: POST /session/0fa557d69f96d3283d48a39825366b34/element/f.3F808B98CDAAA2B1E2AEFB154760237E.d.C82CAC2B6979F6579177118662BDBB5A.e.14279/click - {}
RESULT: {}
COMMAND: POST /session/0fa557d69f96d3283d48a39825366b34/element - {"using":"xpath","value":"//input[contains(@id ,\"application-managepartners-display-component---NewPartner--assignmentYard-application-managepartners-display-component---NewPartner\")]"}
COMMAND: GET /session/0fa557d69f96d3283d48a39825366b34/screenshot - {}
RESULT: {"using":"xpath","value":"//input[contains(@id ,\"application-managepartners-display-component---NewPartner--assignmentYard-application-managepartners-display-component---NewPartner\")]"}
COMMAND: POST /session/0fa557d69f96d3283d48a39825366b34/element/f.3F808B98CDAAA2B1E2AEFB154760237E.d.C82CAC2B6979F6579177118662BDBB5A.e.14282/clear - {}
RESULT: {}
RESULT: {}
COMMAND: POST /session/0fa557d69f96d3283d48a39825366b34/element/f.3F808B98CDAAA2B1E2AEFB154760237E.d.C82CAC2B6979F6579177118662BDBB5A.e.14282/value - {"text":"358"}
COMMAND: GET /session/0fa557d69f96d3283d48a39825366b34/screenshot - {}
RESULT: {"text":"358"}
COMMAND: POST /session/0fa557d69f96d3283d48a39825366b34/execute/async - {"script":"<script> [1562 bytes]","args":[{"selector":{"controlType":"sap.m.Button","viewName":"etm.portal.ui.managepartners.view.NewPartner","viewId":"application-managepartners-display-component---NewPartner","i18NText":{"propertyName":"text","key":"save"},"interaction":{"idSuffix":"BDI-content"}},"wdio_ui5_key":"etmportal.ui.managepartners.view.NewPartnersap.m.Button{\"propertyName\":\"text\",\"key\":\"save\"}"}]}
COMMAND: GET /session/0fa557d69f96d3283d48a39825366b34/screenshot - {}
RESULT: {}
RESULT: {"script":"<script> [1562 bytes]","args":[{"selector":{"controlType":"sap.m.Button","viewName":"etm.portal.ui.managepartners.view.NewPartner","viewId":"application-managepartners-display-component---NewPartner","i18NText":{"propertyName":"text","key":"save"},"interaction":{"idSuffix":"BDI-content"}},"wdio_ui5_key":"etmportal.ui.managepartners.view.NewPartnersap.m.Button{\"propertyName\":\"text\",\"key\":\"save\"}"}]}
RESULT: undefined
COMMAND: POST /session/0fa557d69f96d3283d48a39825366b34/element - {"using":"xpath","value":"//*[@id=\"__button12\"]"}
RESULT: {}
RESULT: {"using":"xpath","value":"//*[@id=\"__button12\"]"}
COMMAND: POST /session/0fa557d69f96d3283d48a39825366b34/element/f.3F808B98CDAAA2B1E2AEFB154760237E.d.C82CAC2B6979F6579177118662BDBB5A.e.14208/click - {}
RESULT: {}
COMMAND: GET /session/0fa557d69f96d3283d48a39825366b34/screenshot - {}
RESULT: {}
COMMAND: POST /session/0fa557d69f96d3283d48a39825366b34/element - {"using":"xpath","value":"//header/div/div[2]/div[2]/span"}
RESULT: {"using":"xpath","value":"//header/div/div[2]/div[2]/span"}
COMMAND: GET /session/0fa557d69f96d3283d48a39825366b34/element/f.3F808B98CDAAA2B1E2AEFB154760237E.d.C82CAC2B6979F6579177118662BDBB5A.e.14452/text - {}
RESULT: {}
COMMAND: POST /session/0fa557d69f96d3283d48a39825366b34/element - {"using":"xpath","value":"//header/div/div/div/div/div/div[2]/div/span"}
RESULT: {"using":"xpath","value":"//header/div/div/div/div/div/div[2]/div/span"}
COMMAND: GET /session/0fa557d69f96d3283d48a39825366b34/element/f.3F808B98CDAAA2B1E2AEFB154760237E.d.C82CAC2B6979F6579177118662BDBB5A.e.14453/text - {}
RESULT: {}
COMMAND: POST /session/0fa557d69f96d3283d48a39825366b34/execute/async - {"script":"<script> [1562 bytes]","args":[{"selector":{"id":"application-managepartners-display-component---detailPtm--partnerType"},"wdio_ui5_key":"applicationmanagepartners-display-component---detailPtm--partnerType"}]}
RESULT: {"script":"<script> [1562 bytes]","args":[{"selector":{"id":"application-managepartners-display-component---detailPtm--partnerType"},"wdio_ui5_key":"applicationmanagepartners-display-component---detailPtm--partnerType"}]}
RESULT: undefined
COMMAND: POST /session/0fa557d69f96d3283d48a39825366b34/execute/async - {"script":"<script> [6424 bytes]","args":[{"element-6066-11e4-a52e-4f735466cecf":"f.3F808B98CDAAA2B1E2AEFB154760237E.d.C82CAC2B6979F6579177118662BDBB5A.e.14454"},"getText",[]]}
RESULT: {"script":"<script> [6424 bytes]","args":[{"element-6066-11e4-a52e-4f735466cecf":"f.3F808B98CDAAA2B1E2AEFB154760237E.d.C82CAC2B6979F6579177118662BDBB5A.e.14454"},"getText",[]]}
COMMAND: POST /session/0fa557d69f96d3283d48a39825366b34/element - {"using":"css selector","value":"#shell-header-logo"}
RESULT: {"using":"css selector","value":"#shell-header-logo"}
COMMAND: POST /session/0fa557d69f96d3283d48a39825366b34/element/f.3F808B98CDAAA2B1E2AEFB154760237E.d.C82CAC2B6979F6579177118662BDBB5A.e.13799/click - {}
RESULT: {}
COMMAND: GET /session/0fa557d69f96d3283d48a39825366b34/screenshot - {}
RESULT: {}
COMMAND: POST /session/0fa557d69f96d3283d48a39825366b34/execute/async - {"script":"<script> [1562 bytes]","args":[{"selector":{"controlType":"sap.m.GenericTile","properties":{"header":"Manage Sites"}},"wdio_ui5_key":"sapm.GenericTile{\"header\":\"Manage Sites\"}"}]}
RESULT: {"script":"<script> [1562 bytes]","args":[{"selector":{"controlType":"sap.m.GenericTile","properties":{"header":"Manage Sites"}},"wdio_ui5_key":"sapm.GenericTile{\"header\":\"Manage Sites\"}"}]}
RESULT: undefined
COMMAND: POST /session/0fa557d69f96d3283d48a39825366b34/element - {"using":"xpath","value":"//*[@id=\"__tile40\"]"}
RESULT: {"using":"xpath","value":"//*[@id=\"__tile40\"]"}
COMMAND: POST /session/0fa557d69f96d3283d48a39825366b34/element/f.3F808B98CDAAA2B1E2AEFB154760237E.d.C82CAC2B6979F6579177118662BDBB5A.e.14456/click - {}
RESULT: {}
COMMAND: GET /session/0fa557d69f96d3283d48a39825366b34/screenshot - {}
RESULT: {}
COMMAND: POST /session/0fa557d69f96d3283d48a39825366b34/execute/async - {"script":"<script> [1562 bytes]","args":[{"selector":{"controlType":"sap.ui.core.Icon","viewName":"etm.portal.ui.managesites.view.Master","viewId":"application-managesites-display-component---masterSite","properties":{"src":{"regex":{"source":"add"}}}},"wdio_ui5_key":"etmportal.ui.managesites.view.Mastersap.ui.core.Icon{\"src\":{\"regex\":{\"source\":\"add\"}}}"}]}
RESULT: {"script":"<script> [1562 bytes]","args":[{"selector":{"controlType":"sap.ui.core.Icon","viewName":"etm.portal.ui.managesites.view.Master","viewId":"application-managesites-display-component---masterSite","properties":{"src":{"regex":{"source":"add"}}}},"wdio_ui5_key":"etmportal.ui.managesites.view.Mastersap.ui.core.Icon{\"src\":{\"regex\":{\"source\":\"add\"}}}"}]}
RESULT: undefined
COMMAND: POST /session/0fa557d69f96d3283d48a39825366b34/element - {"using":"xpath","value":"//*[@id=\"__button52-img\"]"}
RESULT: {"using":"xpath","value":"//*[@id=\"__button52-img\"]"}
COMMAND: POST /session/0fa557d69f96d3283d48a39825366b34/element/f.3F808B98CDAAA2B1E2AEFB154760237E.d.C82CAC2B6979F6579177118662BDBB5A.e.14504/click - {}
RESULT: {}
COMMAND: POST /session/0fa557d69f96d3283d48a39825366b34/execute/async - {"script":"<script> [1562 bytes]","args":[{"selector":{"id":"application-managesites-display-component---NewSite--siteId","interaction":{"idSuffix":"inner"}},"wdio_ui5_key":"applicationmanagesites-display-component---NewSite--siteId"}]}
COMMAND: GET /session/0fa557d69f96d3283d48a39825366b34/screenshot - {}
RESULT: {"script":"<script> [1562 bytes]","args":[{"selector":{"id":"application-managesites-display-component---NewSite--siteId","interaction":{"idSuffix":"inner"}},"wdio_ui5_key":"applicationmanagesites-display-component---NewSite--siteId"}]}
RESULT: undefined
COMMAND: POST /session/0fa557d69f96d3283d48a39825366b34/execute/async - {"script":"<script> [1562 bytes]","args":[{"selector":{"id":"application-managesites-display-component---NewSite--addressDetailDetailsName1","interaction":{"idSuffix":"inner"}},"wdio_ui5_key":"applicationmanagesites-display-component---NewSite--addressDetailDetailsName1"}]}
RESULT: {}
RESULT: {"script":"<script> [1562 bytes]","args":[{"selector":{"id":"application-managesites-display-component---NewSite--addressDetailDetailsName1","interaction":{"idSuffix":"inner"}},"wdio_ui5_key":"applicationmanagesites-display-component---NewSite--addressDetailDetailsName1"}]}
RESULT: undefined
COMMAND: POST /session/0fa557d69f96d3283d48a39825366b34/execute/async - {"script":"<script> [776 bytes]","args":[{"enterText":"WebdriverSitep1jtv","selector":{"id":"application-managesites-display-component---NewSite--addressDetailDetailsName1","interaction":{"idSuffix":"inner"}},"clearTextFirst":true,"interactionType":"ENTER_TEXT"}]}
RESULT: {"script":"<script> [776 bytes]","args":[{"enterText":"WebdriverSitep1jtv","selector":{"id":"application-managesites-display-component---NewSite--addressDetailDetailsName1","interaction":{"idSuffix":"inner"}},"clearTextFirst":true,"interactionType":"ENTER_TEXT"}]}
COMMAND: POST /session/0fa557d69f96d3283d48a39825366b34/execute/async - {"script":"<script> [1562 bytes]","args":[{"selector":{"id":"application-managesites-display-component---NewSite--addressDetailDetailsLanguage","interaction":{"idSuffix":"inner"}},"wdio_ui5_key":"applicationmanagesites-display-component---NewSite--addressDetailDetailsLanguage"}]}
RESULT: {"script":"<script> [1562 bytes]","args":[{"selector":{"id":"application-managesites-display-component---NewSite--addressDetailDetailsLanguage","interaction":{"idSuffix":"inner"}},"wdio_ui5_key":"applicationmanagesites-display-component---NewSite--addressDetailDetailsLanguage"}]}
RESULT: undefined
COMMAND: POST /session/0fa557d69f96d3283d48a39825366b34/execute/async - {"script":"<script> [776 bytes]","args":[{"enterText":"Romanian","selector":{"id":"application-managesites-display-component---NewSite--addressDetailDetailsLanguage","interaction":{"idSuffix":"inner"}},"clearTextFirst":true,"interactionType":"ENTER_TEXT"}]}
RESULT: {"script":"<script> [776 bytes]","args":[{"enterText":"Romanian","selector":{"id":"application-managesites-display-component---NewSite--addressDetailDetailsLanguage","interaction":{"idSuffix":"inner"}},"clearTextFirst":true,"interactionType":"ENTER_TEXT"}]}
COMMAND: POST /session/0fa557d69f96d3283d48a39825366b34/execute/async - {"script":"<script> [1562 bytes]","args":[{"selector":{"id":"application-managesites-display-component---NewSite--addressDetailDetailsCity1","interaction":{"idSuffix":"inner"}},"wdio_ui5_key":"applicationmanagesites-display-component---NewSite--addressDetailDetailsCity1"}]}
RESULT: {"script":"<script> [1562 bytes]","args":[{"selector":{"id":"application-managesites-display-component---NewSite--addressDetailDetailsCity1","interaction":{"idSuffix":"inner"}},"wdio_ui5_key":"applicationmanagesites-display-component---NewSite--addressDetailDetailsCity1"}]}
RESULT: undefined
COMMAND: POST /session/0fa557d69f96d3283d48a39825366b34/execute/async - {"script":"<script> [776 bytes]","args":[{"enterText":"Bucharest","selector":{"id":"application-managesites-display-component---NewSite--addressDetailDetailsCity1","interaction":{"idSuffix":"inner"}},"clearTextFirst":true,"interactionType":"ENTER_TEXT"}]}
RESULT: {"script":"<script> [776 bytes]","args":[{"enterText":"Bucharest","selector":{"id":"application-managesites-display-component---NewSite--addressDetailDetailsCity1","interaction":{"idSuffix":"inner"}},"clearTextFirst":true,"interactionType":"ENTER_TEXT"}]}
COMMAND: POST /session/0fa557d69f96d3283d48a39825366b34/execute/async - {"script":"<script> [1562 bytes]","args":[{"selector":{"id":"application-managesites-display-component---NewSite--addressDetailDetailsCountry","interaction":{"idSuffix":"inner"}},"wdio_ui5_key":"applicationmanagesites-display-component---NewSite--addressDetailDetailsCountry"}]}
RESULT: {"script":"<script> [1562 bytes]","args":[{"selector":{"id":"application-managesites-display-component---NewSite--addressDetailDetailsCountry","interaction":{"idSuffix":"inner"}},"wdio_ui5_key":"applicationmanagesites-display-component---NewSite--addressDetailDetailsCountry"}]}
RESULT: undefined
COMMAND: POST /session/0fa557d69f96d3283d48a39825366b34/execute/async - {"script":"<script> [776 bytes]","args":[{"enterText":"Romania","selector":{"id":"application-managesites-display-component---NewSite--addressDetailDetailsCountry","interaction":{"idSuffix":"inner"}},"clearTextFirst":true,"interactionType":"ENTER_TEXT"}]}
RESULT: {"script":"<script> [776 bytes]","args":[{"enterText":"Romania","selector":{"id":"application-managesites-display-component---NewSite--addressDetailDetailsCountry","interaction":{"idSuffix":"inner"}},"clearTextFirst":true,"interactionType":"ENTER_TEXT"}]}
COMMAND: POST /session/0fa557d69f96d3283d48a39825366b34/element - {"using":"css selector","value":"#application-managesites-display-component---NewSite--addressDetailDetailsCalendar-inner"}
RESULT: {"using":"css selector","value":"#application-managesites-display-component---NewSite--addressDetailDetailsCalendar-inner"}
COMMAND: POST /session/0fa557d69f96d3283d48a39825366b34/element/f.3F808B98CDAAA2B1E2AEFB154760237E.d.C82CAC2B6979F6579177118662BDBB5A.e.14730/clear - {}
RESULT: {}
COMMAND: POST /session/0fa557d69f96d3283d48a39825366b34/element/f.3F808B98CDAAA2B1E2AEFB154760237E.d.C82CAC2B6979F6579177118662BDBB5A.e.14730/value - {"text":"Germany"}
COMMAND: GET /session/0fa557d69f96d3283d48a39825366b34/screenshot - {}
RESULT: {"text":"Germany"}
COMMAND: POST /session/0fa557d69f96d3283d48a39825366b34/execute/async - {"script":"<script> [1562 bytes]","args":[{"selector":{"id":"application-managesites-display-component---NewSite--addressEditDetailsCostObjectCstType-arrow"},"wdio_ui5_key":"applicationmanagesites-display-component---NewSite--addressEditDetailsCostObjectCstType-arrow"}]}
COMMAND: GET /session/0fa557d69f96d3283d48a39825366b34/screenshot - {}
RESULT: {}
RESULT: {"script":"<script> [1562 bytes]","args":[{"selector":{"id":"application-managesites-display-component---NewSite--addressEditDetailsCostObjectCstType-arrow"},"wdio_ui5_key":"applicationmanagesites-display-component---NewSite--addressEditDetailsCostObjectCstType-arrow"}]}
RESULT: undefined
COMMAND: POST /session/0fa557d69f96d3283d48a39825366b34/element - {"using":"xpath","value":"//*[@id=\"application-managesites-display-component---NewSite--addressEditDetailsCostObjectCstType-arrow\"]"}
RESULT: {}
RESULT: {"using":"xpath","value":"//*[@id=\"application-managesites-display-component---NewSite--addressEditDetailsCostObjectCstType-arrow\"]"}
COMMAND: POST /session/0fa557d69f96d3283d48a39825366b34/element/f.3F808B98CDAAA2B1E2AEFB154760237E.d.C82CAC2B6979F6579177118662BDBB5A.e.14901/click - {}
RESULT: {}
COMMAND: POST /session/0fa557d69f96d3283d48a39825366b34/element - {"using":"xpath","value":"//span[contains(text(), \"Work Breakdown Structure\")]"}
COMMAND: GET /session/0fa557d69f96d3283d48a39825366b34/screenshot - {}
RESULT: {"using":"xpath","value":"//span[contains(text(), \"Work Breakdown Structure\")]"}
COMMAND: POST /session/0fa557d69f96d3283d48a39825366b34/element/f.3F808B98CDAAA2B1E2AEFB154760237E.d.C82CAC2B6979F6579177118662BDBB5A.e.14903/click - {}
RESULT: {}
RESULT: {}
COMMAND: GET /session/0fa557d69f96d3283d48a39825366b34/screenshot - {}
RESULT: {}
COMMAND: POST /session/0fa557d69f96d3283d48a39825366b34/execute/async - {"script":"<script> [1562 bytes]","args":[{"selector":{"id":"application-managesites-display-component---NewSite--addressNewCostObjectCstID-vhi"},"wdio_ui5_key":"applicationmanagesites-display-component---NewSite--addressNewCostObjectCstID-vhi"}]}
RESULT: {"script":"<script> [1562 bytes]","args":[{"selector":{"id":"application-managesites-display-component---NewSite--addressNewCostObjectCstID-vhi"},"wdio_ui5_key":"applicationmanagesites-display-component---NewSite--addressNewCostObjectCstID-vhi"}]}
RESULT: undefined
COMMAND: POST /session/0fa557d69f96d3283d48a39825366b34/element - {"using":"xpath","value":"//*[@id=\"application-managesites-display-component---NewSite--addressNewCostObjectCstID-vhi\"]"}
RESULT: {"using":"xpath","value":"//*[@id=\"application-managesites-display-component---NewSite--addressNewCostObjectCstID-vhi\"]"}
COMMAND: POST /session/0fa557d69f96d3283d48a39825366b34/element/f.3F808B98CDAAA2B1E2AEFB154760237E.d.C82CAC2B6979F6579177118662BDBB5A.e.14907/click - {}
RESULT: {}
COMMAND: GET /session/0fa557d69f96d3283d48a39825366b34/screenshot - {}
RESULT: {}
COMMAND: POST /session/0fa557d69f96d3283d48a39825366b34/execute/async - {"script":"<script> [1562 bytes]","args":[{"selector":{"controlType":"sap.m.SearchField","properties":{"placeholder":"Search"},"searchOpenDialogs":true,"interaction":{"idSuffix":"I"}},"wdio_ui5_key":"sapm.SearchField{\"placeholder\":\"Search\"}"}]}
RESULT: {"script":"<script> [1562 bytes]","args":[{"selector":{"controlType":"sap.m.SearchField","properties":{"placeholder":"Search"},"searchOpenDialogs":true,"interaction":{"idSuffix":"I"}},"wdio_ui5_key":"sapm.SearchField{\"placeholder\":\"Search\"}"}]}
RESULT: undefined
COMMAND: POST /session/0fa557d69f96d3283d48a39825366b34/execute/async - {"script":"<script> [776 bytes]","args":[{"enterText":"A1-000100-01","selector":{"controlType":"sap.m.SearchField","properties":{"placeholder":"Search"},"searchOpenDialogs":true,"interaction":{"idSuffix":"I"}},"clearTextFirst":true,"interactionType":"ENTER_TEXT"}]}
RESULT: {"script":"<script> [776 bytes]","args":[{"enterText":"A1-000100-01","selector":{"controlType":"sap.m.SearchField","properties":{"placeholder":"Search"},"searchOpenDialogs":true,"interaction":{"idSuffix":"I"}},"clearTextFirst":true,"interactionType":"ENTER_TEXT"}]}
COMMAND: POST /session/0fa557d69f96d3283d48a39825366b34/actions - {"actions":[{"id":"action36","type":"key","parameters":{},"actions":[{"type":"keyDown","value":""},{"type":"pause","duration":10},{"type":"keyUp","value":""}]}]}
RESULT: {"actions":[{"id":"action36","type":"key","parameters":{},"actions":[{"type":"keyDown","value":""},{"type":"pause","duration":10},{"type":"keyUp","value":""}]}]}
COMMAND: GET /session/0fa557d69f96d3283d48a39825366b34/screenshot - {}
RESULT: {}
COMMAND: POST /session/0fa557d69f96d3283d48a39825366b34/element - {"using":"xpath","value":"//span[contains(text(), \"Template for ETO-Process\")]"}
RESULT: {"using":"xpath","value":"//span[contains(text(), \"Template for ETO-Process\")]"}
COMMAND: POST /session/0fa557d69f96d3283d48a39825366b34/element/f.3F808B98CDAAA2B1E2AEFB154760237E.d.C82CAC2B6979F6579177118662BDBB5A.e.14927/click - {}
RESULT: {}
COMMAND: GET /session/0fa557d69f96d3283d48a39825366b34/screenshot - {}
RESULT: {}
COMMAND: POST /session/0fa557d69f96d3283d48a39825366b34/element - {"using":"xpath","value":"//bdi[contains(text(), \"OK\")]"}
RESULT: {"using":"xpath","value":"//bdi[contains(text(), \"OK\")]"}
COMMAND: POST /session/0fa557d69f96d3283d48a39825366b34/element/f.3F808B98CDAAA2B1E2AEFB154760237E.d.C82CAC2B6979F6579177118662BDBB5A.e.14928/click - {}
RESULT: {}
COMMAND: GET /session/0fa557d69f96d3283d48a39825366b34/screenshot - {}
RESULT: {}
COMMAND: POST /session/0fa557d69f96d3283d48a39825366b34/element - {"using":"xpath","value":"//input[@id=\"application-managesites-display-component---NewSite--addressDetailDetailsYard-inner\"]"}
RESULT: {"using":"xpath","value":"//input[@id=\"application-managesites-display-component---NewSite--addressDetailDetailsYard-inner\"]"}
COMMAND: POST /session/0fa557d69f96d3283d48a39825366b34/element/f.3F808B98CDAAA2B1E2AEFB154760237E.d.C82CAC2B6979F6579177118662BDBB5A.e.14731/value - {"text":"358"}
RESULT: {"text":"358"}
COMMAND: GET /session/0fa557d69f96d3283d48a39825366b34/screenshot - {}
RESULT: {}
COMMAND: POST /session/0fa557d69f96d3283d48a39825366b34/actions - {"actions":[{"id":"action37","type":"key","parameters":{},"actions":[{"type":"keyDown","value":""},{"type":"pause","duration":10},{"type":"keyUp","value":""}]}]}
RESULT: {"actions":[{"id":"action37","type":"key","parameters":{},"actions":[{"type":"keyDown","value":""},{"type":"pause","duration":10},{"type":"keyUp","value":""}]}]}
COMMAND: GET /session/0fa557d69f96d3283d48a39825366b34/screenshot - {}
RESULT: {}
COMMAND: POST /session/0fa557d69f96d3283d48a39825366b34/element - {"using":"xpath","value":"//input[@id=\"application-managesites-display-component---NewSite--addressDetailDetailsPartner-inner\"]"}
RESULT: {"using":"xpath","value":"//input[@id=\"application-managesites-display-component---NewSite--addressDetailDetailsPartner-inner\"]"}
COMMAND: POST /session/0fa557d69f96d3283d48a39825366b34/elements - {"using":"xpath","value":"//input[@id=\"application-managesites-display-component---NewSite--addressDetailDetailsPartner-inner\"]"}
RESULT: {"using":"xpath","value":"//input[@id=\"application-managesites-display-component---NewSite--addressDetailDetailsPartner-inner\"]"}
COMMAND: POST /session/0fa557d69f96d3283d48a39825366b34/execute/async - {"script":"<script> [1562 bytes]","args":[{"selector":{"controlType":"sap.m.Button","viewName":"etm.portal.ui.managesites.view.NewSmartSite","viewId":"application-managesites-display-component---NewSite","properties":{"text":"Commercial"},"interaction":{"idSuffix":"BDI-content"}},"wdio_ui5_key":"etmportal.ui.managesites.view.NewSmartSitesap.m.Button{\"text\":\"Commercial\"}"}]}
RESULT: {"script":"<script> [1562 bytes]","args":[{"selector":{"controlType":"sap.m.Button","viewName":"etm.portal.ui.managesites.view.NewSmartSite","viewId":"application-managesites-display-component---NewSite","properties":{"text":"Commercial"},"interaction":{"idSuffix":"BDI-content"}},"wdio_ui5_key":"etmportal.ui.managesites.view.NewSmartSitesap.m.Button{\"text\":\"Commercial\"}"}]}
RESULT: undefined
COMMAND: POST /session/0fa557d69f96d3283d48a39825366b34/element - {"using":"xpath","value":"//*[@id=\"application-managesites-display-component---NewSite--ObjectPageLayout-anchBar-__section31-anchor\"]"}
RESULT: {"using":"xpath","value":"//*[@id=\"application-managesites-display-component---NewSite--ObjectPageLayout-anchBar-__section31-anchor\"]"}
COMMAND: POST /session/0fa557d69f96d3283d48a39825366b34/element/f.3F808B98CDAAA2B1E2AEFB154760237E.d.C82CAC2B6979F6579177118662BDBB5A.e.14935/click - {}
RESULT: {}
COMMAND: POST /session/0fa557d69f96d3283d48a39825366b34/execute/async - {"script":"<script> [1562 bytes]","args":[{"selector":{"controlType":"sap.m.Button","viewName":"etm.portal.ui.managesites.view.NewSmartSite","viewId":"application-managesites-display-component---NewSite","i18NText":{"propertyName":"text","key":"save"},"interaction":{"idSuffix":"BDI-content"}},"wdio_ui5_key":"etmportal.ui.managesites.view.NewSmartSitesap.m.Button{\"propertyName\":\"text\",\"key\":\"save\"}"}]}
COMMAND: GET /session/0fa557d69f96d3283d48a39825366b34/screenshot - {}
RESULT: {"script":"<script> [1562 bytes]","args":[{"selector":{"controlType":"sap.m.Button","viewName":"etm.portal.ui.managesites.view.NewSmartSite","viewId":"application-managesites-display-component---NewSite","i18NText":{"propertyName":"text","key":"save"},"interaction":{"idSuffix":"BDI-content"}},"wdio_ui5_key":"etmportal.ui.managesites.view.NewSmartSitesap.m.Button{\"propertyName\":\"text\",\"key\":\"save\"}"}]}
RESULT: undefined
COMMAND: POST /session/0fa557d69f96d3283d48a39825366b34/element - {"using":"xpath","value":"//*[@id=\"__button64\"]"}
RESULT: {}
RESULT: {"using":"xpath","value":"//*[@id=\"__button64\"]"}
COMMAND: POST /session/0fa557d69f96d3283d48a39825366b34/element/f.3F808B98CDAAA2B1E2AEFB154760237E.d.C82CAC2B6979F6579177118662BDBB5A.e.14869/click - {}
RESULT: {}
COMMAND: GET /session/0fa557d69f96d3283d48a39825366b34/screenshot - {}
RESULT: {}
COMMAND: POST /session/0fa557d69f96d3283d48a39825366b34/execute/async - {"script":"<script> [1562 bytes]","args":[{"selector":{"id":"application-managesites-display-component---detailSite--addressDetailDetailsYardText"},"wdio_ui5_key":"applicationmanagesites-display-component---detailSite--addressDetailDetailsYardText"}]}
RESULT: {"script":"<script> [1562 bytes]","args":[{"selector":{"id":"application-managesites-display-component---detailSite--addressDetailDetailsYardText"},"wdio_ui5_key":"applicationmanagesites-display-component---detailSite--addressDetailDetailsYardText"}]}
RESULT: undefined
COMMAND: POST /session/0fa557d69f96d3283d48a39825366b34/element - {"using":"xpath","value":"//header/div/div[2]/div[2]/span"}
RESULT: {"using":"xpath","value":"//header/div/div[2]/div[2]/span"}
COMMAND: GET /session/0fa557d69f96d3283d48a39825366b34/element/f.3F808B98CDAAA2B1E2AEFB154760237E.d.C82CAC2B6979F6579177118662BDBB5A.e.15138/text - {}
RESULT: {}
COMMAND: POST /session/0fa557d69f96d3283d48a39825366b34/element - {"using":"xpath","value":"//header/div/div/div/div/div/div[2]/div/span"}
RESULT: {"using":"xpath","value":"//header/div/div/div/div/div/div[2]/div/span"}
COMMAND: GET /session/0fa557d69f96d3283d48a39825366b34/element/f.3F808B98CDAAA2B1E2AEFB154760237E.d.C82CAC2B6979F6579177118662BDBB5A.e.15139/text - {}
RESULT: {}
COMMAND: POST /session/0fa557d69f96d3283d48a39825366b34/element - {"using":"css selector","value":"#shell-header-logo"}
RESULT: {"using":"css selector","value":"#shell-header-logo"}
COMMAND: POST /session/0fa557d69f96d3283d48a39825366b34/element/f.3F808B98CDAAA2B1E2AEFB154760237E.d.C82CAC2B6979F6579177118662BDBB5A.e.14459/click - {}
RESULT: {}
COMMAND: GET /session/0fa557d69f96d3283d48a39825366b34/screenshot - {}
RESULT: {}
COMMAND: POST /session/0fa557d69f96d3283d48a39825366b34/execute/async - {"script":"<script> [1562 bytes]","args":[{"selector":{"controlType":"sap.m.GenericTile","properties":{"header":"Manage Resources"}},"wdio_ui5_key":"sapm.GenericTile{\"header\":\"Manage Resources\"}"}]}
RESULT: {"script":"<script> [1562 bytes]","args":[{"selector":{"controlType":"sap.m.GenericTile","properties":{"header":"Manage Resources"}},"wdio_ui5_key":"sapm.GenericTile{\"header\":\"Manage Resources\"}"}]}
RESULT: undefined
COMMAND: POST /session/0fa557d69f96d3283d48a39825366b34/element - {"using":"xpath","value":"//*[@id=\"__tile39\"]"}
RESULT: {"using":"xpath","value":"//*[@id=\"__tile39\"]"}
COMMAND: POST /session/0fa557d69f96d3283d48a39825366b34/element/f.3F808B98CDAAA2B1E2AEFB154760237E.d.C82CAC2B6979F6579177118662BDBB5A.e.15141/click - {}
RESULT: {}
COMMAND: GET /session/0fa557d69f96d3283d48a39825366b34/screenshot - {}
COMMAND: POST /session/0fa557d69f96d3283d48a39825366b34/element - {"using":"xpath","value":"//button[@data-kt=\"addNewRUOverflowToolbarButton\"]"}
RESULT: {}
RESULT: {"using":"xpath","value":"//button[@data-kt=\"addNewRUOverflowToolbarButton\"]"}
COMMAND: POST /session/0fa557d69f96d3283d48a39825366b34/element - {"using":"xpath","value":"//button[@data-kt=\"addNewRUOverflowToolbarButton\"]"}
RESULT: {"using":"xpath","value":"//button[@data-kt=\"addNewRUOverflowToolbarButton\"]"}
RESULT: undefined
COMMAND: POST /session/0fa557d69f96d3283d48a39825366b34/element - {"using":"xpath","value":"//button[@data-kt=\"addNewRUOverflowToolbarButton\"]"}
RESULT: {"using":"xpath","value":"//button[@data-kt=\"addNewRUOverflowToolbarButton\"]"}
COMMAND: POST /session/0fa557d69f96d3283d48a39825366b34/element - {"using":"xpath","value":"//button[@data-kt=\"addNewRUOverflowToolbarButton\"]"}
RESULT: {"using":"xpath","value":"//button[@data-kt=\"addNewRUOverflowToolbarButton\"]"}
COMMAND: POST /session/0fa557d69f96d3283d48a39825366b34/execute/sync - {"script":"<script> [8489 bytes]","args":[{"element-6066-11e4-a52e-4f735466cecf":"f.3F808B98CDAAA2B1E2AEFB154760237E.d.C82CAC2B6979F6579177118662BDBB5A.e.15285","ELEMENT":"f.3F808B98CDAAA2B1E2AEFB154760237E.d.C82CAC2B6979F6579177118662BDBB5A.e.15285"}]}
RESULT: {"script":"<script> [8489 bytes]","args":[{"element-6066-11e4-a52e-4f735466cecf":"f.3F808B98CDAAA2B1E2AEFB154760237E.d.C82CAC2B6979F6579177118662BDBB5A.e.15285","ELEMENT":"f.3F808B98CDAAA2B1E2AEFB154760237E.d.C82CAC2B6979F6579177118662BDBB5A.e.15285"}]}
COMMAND: POST /session/0fa557d69f96d3283d48a39825366b34/element/f.3F808B98CDAAA2B1E2AEFB154760237E.d.C82CAC2B6979F6579177118662BDBB5A.e.15285/click - {}
COMMAND: GET /session/0fa557d69f96d3283d48a39825366b34/screenshot - {}
RESULT: {}
COMMAND: POST /session/0fa557d69f96d3283d48a39825366b34/execute/async - {"script":"<script> [1562 bytes]","args":[{"selector":{"id":"application-manageresources-display-component---newResourceUnit--TYPE-arrow"},"wdio_ui5_key":"applicationmanageresources-display-component---newResourceUnit--TYPE-arrow"}]}
COMMAND: GET /session/0fa557d69f96d3283d48a39825366b34/screenshot - {}
RESULT: {}
RESULT: {"script":"<script> [1562 bytes]","args":[{"selector":{"id":"application-manageresources-display-component---newResourceUnit--TYPE-arrow"},"wdio_ui5_key":"applicationmanageresources-display-component---newResourceUnit--TYPE-arrow"}]}
RESULT: undefined
COMMAND: POST /session/0fa557d69f96d3283d48a39825366b34/element - {"using":"xpath","value":"//*[@id=\"application-manageresources-display-component---newResourceUnit--TYPE-arrow\"]"}
RESULT: {}
RESULT: {"using":"xpath","value":"//*[@id=\"application-manageresources-display-component---newResourceUnit--TYPE-arrow\"]"}
COMMAND: POST /session/0fa557d69f96d3283d48a39825366b34/element/f.3F808B98CDAAA2B1E2AEFB154760237E.d.C82CAC2B6979F6579177118662BDBB5A.e.15504/click - {}
RESULT: {}
COMMAND: POST /session/0fa557d69f96d3283d48a39825366b34/execute/async - {"script":"<script> [1562 bytes]","args":[{"selector":{"controlType":"sap.m.StandardListItem","viewName":"reusables.view.manageresources.NewResourceUnit","viewId":"application-manageresources-display-component---newResourceUnit","properties":{"title":"Material"},"searchOpenDialogs":true,"interaction":{"idSuffix":"titleText"}},"wdio_ui5_key":"reusablesview.manageresources.NewResourceUnitsap.m.StandardListItem{\"title\":\"Material\"}"}]}
COMMAND: GET /session/0fa557d69f96d3283d48a39825366b34/screenshot - {}
RESULT: {"script":"<script> [1562 bytes]","args":[{"selector":{"controlType":"sap.m.StandardListItem","viewName":"reusables.view.manageresources.NewResourceUnit","viewId":"application-manageresources-display-component---newResourceUnit","properties":{"title":"Material"},"searchOpenDialogs":true,"interaction":{"idSuffix":"titleText"}},"wdio_ui5_key":"reusablesview.manageresources.NewResourceUnitsap.m.StandardListItem{\"title\":\"Material\"}"}]}
RESULT: undefined
COMMAND: POST /session/0fa557d69f96d3283d48a39825366b34/element - {"using":"xpath","value":"//*[@id=\"__item957\"]"}
RESULT: {}
RESULT: {"using":"xpath","value":"//*[@id=\"__item957\"]"}
COMMAND: POST /session/0fa557d69f96d3283d48a39825366b34/element/f.3F808B98CDAAA2B1E2AEFB154760237E.d.C82CAC2B6979F6579177118662BDBB5A.e.15507/click - {}
RESULT: {}
COMMAND: POST /session/0fa557d69f96d3283d48a39825366b34/execute/async - {"script":"<script> [1562 bytes]","args":[{"selector":{"id":"application-manageresources-display-component---newResourceUnit--SHORT_TEXT","interaction":{"idSuffix":"inner"}},"wdio_ui5_key":"applicationmanageresources-display-component---newResourceUnit--SHORT_TEXT"}]}
COMMAND: GET /session/0fa557d69f96d3283d48a39825366b34/screenshot - {}
RESULT: {"script":"<script> [1562 bytes]","args":[{"selector":{"id":"application-manageresources-display-component---newResourceUnit--SHORT_TEXT","interaction":{"idSuffix":"inner"}},"wdio_ui5_key":"applicationmanageresources-display-component---newResourceUnit--SHORT_TEXT"}]}
RESULT: undefined
COMMAND: POST /session/0fa557d69f96d3283d48a39825366b34/execute/async - {"script":"<script> [776 bytes]","args":[{"enterText":"WebdriverRUR2C8pyso","selector":{"id":"application-manageresources-display-component---newResourceUnit--SHORT_TEXT","interaction":{"idSuffix":"inner"}},"clearTextFirst":true,"interactionType":"ENTER_TEXT"}]}
RESULT: {}
RESULT: {"script":"<script> [776 bytes]","args":[{"enterText":"WebdriverRUR2C8pyso","selector":{"id":"application-manageresources-display-component---newResourceUnit--SHORT_TEXT","interaction":{"idSuffix":"inner"}},"clearTextFirst":true,"interactionType":"ENTER_TEXT"}]}
COMMAND: POST /session/0fa557d69f96d3283d48a39825366b34/execute/async - {"script":"<script> [1562 bytes]","args":[{"selector":{"id":"application-manageresources-display-component---newResourceUnit--BASE_UNIT_OF_MEASURE-arrow"},"wdio_ui5_key":"applicationmanageresources-display-component---newResourceUnit--BASE_UNIT_OF_MEASURE-arrow"}]}
RESULT: {"script":"<script> [1562 bytes]","args":[{"selector":{"id":"application-manageresources-display-component---newResourceUnit--BASE_UNIT_OF_MEASURE-arrow"},"wdio_ui5_key":"applicationmanageresources-display-component---newResourceUnit--BASE_UNIT_OF_MEASURE-arrow"}]}
RESULT: undefined
COMMAND: POST /session/0fa557d69f96d3283d48a39825366b34/element - {"using":"xpath","value":"//*[@id=\"application-manageresources-display-component---newResourceUnit--BASE_UNIT_OF_MEASURE-arrow\"]"}
RESULT: {"using":"xpath","value":"//*[@id=\"application-manageresources-display-component---newResourceUnit--BASE_UNIT_OF_MEASURE-arrow\"]"}
COMMAND: POST /session/0fa557d69f96d3283d48a39825366b34/element/f.3F808B98CDAAA2B1E2AEFB154760237E.d.C82CAC2B6979F6579177118662BDBB5A.e.15563/click - {}
RESULT: {}
COMMAND: POST /session/0fa557d69f96d3283d48a39825366b34/execute/async - {"script":"<script> [1562 bytes]","args":[{"selector":{"controlType":"sap.m.StandardListItem","viewName":"reusables.view.manageresources.NewResourceUnit","viewId":"application-manageresources-display-component---newResourceUnit","properties":{"title":"Piece"},"searchOpenDialogs":true,"interaction":{"idSuffix":"titleText"}},"wdio_ui5_key":"reusablesview.manageresources.NewResourceUnitsap.m.StandardListItem{\"title\":\"Piece\"}"}]}
COMMAND: GET /session/0fa557d69f96d3283d48a39825366b34/screenshot - {}
RESULT: {"script":"<script> [1562 bytes]","args":[{"selector":{"controlType":"sap.m.StandardListItem","viewName":"reusables.view.manageresources.NewResourceUnit","viewId":"application-manageresources-display-component---newResourceUnit","properties":{"title":"Piece"},"searchOpenDialogs":true,"interaction":{"idSuffix":"titleText"}},"wdio_ui5_key":"reusablesview.manageresources.NewResourceUnitsap.m.StandardListItem{\"title\":\"Piece\"}"}]}
RESULT: undefined
COMMAND: POST /session/0fa557d69f96d3283d48a39825366b34/element - {"using":"xpath","value":"//*[@id=\"__item1001\"]"}
RESULT: {}
RESULT: {"using":"xpath","value":"//*[@id=\"__item1001\"]"}
COMMAND: POST /session/0fa557d69f96d3283d48a39825366b34/element/f.3F808B98CDAAA2B1E2AEFB154760237E.d.C82CAC2B6979F6579177118662BDBB5A.e.15565/click - {}
RESULT: {}
COMMAND: POST /session/0fa557d69f96d3283d48a39825366b34/element - {"using":"xpath","value":"//input[contains(@id ,\"application-manageresources-display-component---newResourceUnit--SHORT_TEXT-inner\")]"}
COMMAND: GET /session/0fa557d69f96d3283d48a39825366b34/screenshot - {}
RESULT: {"using":"xpath","value":"//input[contains(@id ,\"application-manageresources-display-component---newResourceUnit--SHORT_TEXT-inner\")]"}
COMMAND: GET /session/0fa557d69f96d3283d48a39825366b34/element/f.3F808B98CDAAA2B1E2AEFB154760237E.d.C82CAC2B6979F6579177118662BDBB5A.e.15524/property/value - {}
RESULT: {}
RESULT: {}
COMMAND: POST /session/0fa557d69f96d3283d48a39825366b34/execute/async - {"script":"<script> [1562 bytes]","args":[{"selector":{"id":"application-manageresources-display-component---newResourceUnit--WEIGHT_UNIT-arrow"},"wdio_ui5_key":"applicationmanageresources-display-component---newResourceUnit--WEIGHT_UNIT-arrow"}]}
COMMAND: GET /session/0fa557d69f96d3283d48a39825366b34/screenshot - {}
RESULT: {"script":"<script> [1562 bytes]","args":[{"selector":{"id":"application-manageresources-display-component---newResourceUnit--WEIGHT_UNIT-arrow"},"wdio_ui5_key":"applicationmanageresources-display-component---newResourceUnit--WEIGHT_UNIT-arrow"}]}
RESULT: undefined
COMMAND: POST /session/0fa557d69f96d3283d48a39825366b34/element - {"using":"xpath","value":"//*[@id=\"application-manageresources-display-component---newResourceUnit--WEIGHT_UNIT-arrow\"]"}
RESULT: {}
RESULT: {"using":"xpath","value":"//*[@id=\"application-manageresources-display-component---newResourceUnit--WEIGHT_UNIT-arrow\"]"}
COMMAND: POST /session/0fa557d69f96d3283d48a39825366b34/element/f.3F808B98CDAAA2B1E2AEFB154760237E.d.C82CAC2B6979F6579177118662BDBB5A.e.15566/click - {}
RESULT: {}
COMMAND: POST /session/0fa557d69f96d3283d48a39825366b34/execute/async - {"script":"<script> [1562 bytes]","args":[{"selector":{"controlType":"sap.m.StandardListItem","viewName":"reusables.view.manageresources.NewResourceUnit","viewId":"application-manageresources-display-component---newResourceUnit","properties":{"title":"Gram"},"searchOpenDialogs":true,"interaction":{"idSuffix":"content"}},"wdio_ui5_key":"reusablesview.manageresources.NewResourceUnitsap.m.StandardListItem{\"title\":\"Gram\"}"}]}
COMMAND: GET /session/0fa557d69f96d3283d48a39825366b34/screenshot - {}
RESULT: {"script":"<script> [1562 bytes]","args":[{"selector":{"controlType":"sap.m.StandardListItem","viewName":"reusables.view.manageresources.NewResourceUnit","viewId":"application-manageresources-display-component---newResourceUnit","properties":{"title":"Gram"},"searchOpenDialogs":true,"interaction":{"idSuffix":"content"}},"wdio_ui5_key":"reusablesview.manageresources.NewResourceUnitsap.m.StandardListItem{\"title\":\"Gram\"}"}]}
RESULT: undefined
COMMAND: POST /session/0fa557d69f96d3283d48a39825366b34/element - {"using":"xpath","value":"//*[@id=\"__item1066\"]"}
RESULT: {}
RESULT: {"using":"xpath","value":"//*[@id=\"__item1066\"]"}
COMMAND: POST /session/0fa557d69f96d3283d48a39825366b34/element/f.3F808B98CDAAA2B1E2AEFB154760237E.d.C82CAC2B6979F6579177118662BDBB5A.e.15568/click - {}
RESULT: {}
COMMAND: POST /session/0fa557d69f96d3283d48a39825366b34/execute/async - {"script":"<script> [1562 bytes]","args":[{"selector":{"id":"application-manageresources-display-component---newResourceUnit--newRRUPage-OPHeaderContent-collapseBtn-img"},"wdio_ui5_key":"applicationmanageresources-display-component---newResourceUnit--newRRUPage-OPHeaderContent-collapseBtn-img"}]}
COMMAND: GET /session/0fa557d69f96d3283d48a39825366b34/screenshot - {}
RESULT: {"script":"<script> [1562 bytes]","args":[{"selector":{"id":"application-manageresources-display-component---newResourceUnit--newRRUPage-OPHeaderContent-collapseBtn-img"},"wdio_ui5_key":"applicationmanageresources-display-component---newResourceUnit--newRRUPage-OPHeaderContent-collapseBtn-img"}]}
RESULT: undefined
COMMAND: POST /session/0fa557d69f96d3283d48a39825366b34/element - {"using":"xpath","value":"//*[@id=\"application-manageresources-display-component---newResourceUnit--newRRUPage-OPHeaderContent-collapseBtn-img\"]"}
RESULT: {}
RESULT: {"using":"xpath","value":"//*[@id=\"application-manageresources-display-component---newResourceUnit--newRRUPage-OPHeaderContent-collapseBtn-img\"]"}
COMMAND: POST /session/0fa557d69f96d3283d48a39825366b34/element/f.3F808B98CDAAA2B1E2AEFB154760237E.d.C82CAC2B6979F6579177118662BDBB5A.e.15514/click - {}
RESULT: {}
COMMAND: GET /session/0fa557d69f96d3283d48a39825366b34/screenshot - {}
RESULT: {}
COMMAND: POST /session/0fa557d69f96d3283d48a39825366b34/element - {"using":"xpath","value":"(//span[contains(@id ,\"application-manageresources-display-component---newResourceUnit--DIMENSION_UNIT-arrow\")])[1]"}
RESULT: {"using":"xpath","value":"(//span[contains(@id ,\"application-manageresources-display-component---newResourceUnit--DIMENSION_UNIT-arrow\")])[1]"}
COMMAND: POST /session/0fa557d69f96d3283d48a39825366b34/element/f.3F808B98CDAAA2B1E2AEFB154760237E.d.C82CAC2B6979F6579177118662BDBB5A.e.15574/click - {}
RESULT: {}
COMMAND: GET /session/0fa557d69f96d3283d48a39825366b34/screenshot - {}
RESULT: {}
COMMAND: POST /session/0fa557d69f96d3283d48a39825366b34/execute/async - {"script":"<script> [1562 bytes]","args":[{"selector":{"controlType":"sap.m.StandardListItem","viewName":"reusables.view.manageresources.NewResourceUnit","viewId":"application-manageresources-display-component---newResourceUnit","properties":{"title":"Centimeter"},"searchOpenDialogs":true,"interaction":{"idSuffix":"titleText"}},"wdio_ui5_key":"reusablesview.manageresources.NewResourceUnitsap.m.StandardListItem{\"title\":\"Centimeter\"}"}]}
RESULT: {"script":"<script> [1562 bytes]","args":[{"selector":{"controlType":"sap.m.StandardListItem","viewName":"reusables.view.manageresources.NewResourceUnit","viewId":"application-manageresources-display-component---newResourceUnit","properties":{"title":"Centimeter"},"searchOpenDialogs":true,"interaction":{"idSuffix":"titleText"}},"wdio_ui5_key":"reusablesview.manageresources.NewResourceUnitsap.m.StandardListItem{\"title\":\"Centimeter\"}"}]}
RESULT: undefined
COMMAND: POST /session/0fa557d69f96d3283d48a39825366b34/element - {"using":"xpath","value":"//*[@id=\"__item1069\"]"}
RESULT: {"using":"xpath","value":"//*[@id=\"__item1069\"]"}
COMMAND: POST /session/0fa557d69f96d3283d48a39825366b34/element/f.3F808B98CDAAA2B1E2AEFB154760237E.d.C82CAC2B6979F6579177118662BDBB5A.e.15576/click - {}
RESULT: {}
COMMAND: POST /session/0fa557d69f96d3283d48a39825366b34/execute/async - {"script":"<script> [1562 bytes]","args":[{"selector":{"id":"application-manageresources-display-component---newResourceUnit--newRRUPage-anchBar-application-manageresources-display-component---newResourceUnit--reference-anchor","interaction":{"idSuffix":"BDI-content"}},"wdio_ui5_key":"applicationmanageresources-display-component---newResourceUnit--newRRUPage-anchBar-application-manageresources-display-component---newResourceUnit--reference-anchor"}]}
COMMAND: GET /session/0fa557d69f96d3283d48a39825366b34/screenshot - {}
RESULT: {"script":"<script> [1562 bytes]","args":[{"selector":{"id":"application-manageresources-display-component---newResourceUnit--newRRUPage-anchBar-application-manageresources-display-component---newResourceUnit--reference-anchor","interaction":{"idSuffix":"BDI-content"}},"wdio_ui5_key":"applicationmanageresources-display-component---newResourceUnit--newRRUPage-anchBar-application-manageresources-display-component---newResourceUnit--reference-anchor"}]}
RESULT: undefined
COMMAND: POST /session/0fa557d69f96d3283d48a39825366b34/element - {"using":"xpath","value":"//*[@id=\"application-manageresources-display-component---newResourceUnit--newRRUPage-anchBar-application-manageresources-display-component---newResourceUnit--reference-anchor\"]"}
RESULT: {}
RESULT: {"using":"xpath","value":"//*[@id=\"application-manageresources-display-component---newResourceUnit--newRRUPage-anchBar-application-manageresources-display-component---newResourceUnit--reference-anchor\"]"}
COMMAND: POST /session/0fa557d69f96d3283d48a39825366b34/element/f.3F808B98CDAAA2B1E2AEFB154760237E.d.C82CAC2B6979F6579177118662BDBB5A.e.15578/click - {}
RESULT: {}
COMMAND: POST /session/0fa557d69f96d3283d48a39825366b34/execute/async - {"script":"<script> [1562 bytes]","args":[{"selector":{"id":"application-manageresources-display-component---newResourceUnit--PLANNING_GROUP-arrow"},"wdio_ui5_key":"applicationmanageresources-display-component---newResourceUnit--PLANNING_GROUP-arrow"}]}
COMMAND: GET /session/0fa557d69f96d3283d48a39825366b34/screenshot - {}
RESULT: {"script":"<script> [1562 bytes]","args":[{"selector":{"id":"application-manageresources-display-component---newResourceUnit--PLANNING_GROUP-arrow"},"wdio_ui5_key":"applicationmanageresources-display-component---newResourceUnit--PLANNING_GROUP-arrow"}]}
RESULT: undefined
COMMAND: POST /session/0fa557d69f96d3283d48a39825366b34/element - {"using":"xpath","value":"//*[@id=\"application-manageresources-display-component---newResourceUnit--PLANNING_GROUP-arrow\"]"}
RESULT: {}
RESULT: {"using":"xpath","value":"//*[@id=\"application-manageresources-display-component---newResourceUnit--PLANNING_GROUP-arrow\"]"}
COMMAND: POST /session/0fa557d69f96d3283d48a39825366b34/element/f.3F808B98CDAAA2B1E2AEFB154760237E.d.C82CAC2B6979F6579177118662BDBB5A.e.15584/click - {}
RESULT: {}
COMMAND: POST /session/0fa557d69f96d3283d48a39825366b34/execute/async - {"script":"<script> [1562 bytes]","args":[{"selector":{"controlType":"sap.m.StandardListItem","viewName":"reusables.view.manageresources.NewResourceUnit","viewId":"application-manageresources-display-component---newResourceUnit","properties":{"title":"Heavy Equi"},"searchOpenDialogs":true,"interaction":{"idSuffix":"content"}},"wdio_ui5_key":"reusablesview.manageresources.NewResourceUnitsap.m.StandardListItem{\"title\":\"Heavy Equi\"}"}]}
COMMAND: GET /session/0fa557d69f96d3283d48a39825366b34/screenshot - {}
RESULT: {"script":"<script> [1562 bytes]","args":[{"selector":{"controlType":"sap.m.StandardListItem","viewName":"reusables.view.manageresources.NewResourceUnit","viewId":"application-manageresources-display-component---newResourceUnit","properties":{"title":"Heavy Equi"},"searchOpenDialogs":true,"interaction":{"idSuffix":"content"}},"wdio_ui5_key":"reusablesview.manageresources.NewResourceUnitsap.m.StandardListItem{\"title\":\"Heavy Equi\"}"}]}
RESULT: undefined
COMMAND: POST /session/0fa557d69f96d3283d48a39825366b34/element - {"using":"xpath","value":"//*[@id=\"__item1077\"]"}
RESULT: {}
RESULT: {"using":"xpath","value":"//*[@id=\"__item1077\"]"}
COMMAND: POST /session/0fa557d69f96d3283d48a39825366b34/element/f.3F808B98CDAAA2B1E2AEFB154760237E.d.C82CAC2B6979F6579177118662BDBB5A.e.15586/click - {}
RESULT: {}
COMMAND: GET /session/0fa557d69f96d3283d48a39825366b34/screenshot - {}
RESULT: {}
COMMAND: POST /session/0fa557d69f96d3283d48a39825366b34/execute/async - {"script":"<script> [1562 bytes]","args":[{"selector":{"id":"application-manageresources-display-component---newResourceUnit--PLANNING_INDICATOR-arrow"},"wdio_ui5_key":"applicationmanageresources-display-component---newResourceUnit--PLANNING_INDICATOR-arrow"}]}
RESULT: {"script":"<script> [1562 bytes]","args":[{"selector":{"id":"application-manageresources-display-component---newResourceUnit--PLANNING_INDICATOR-arrow"},"wdio_ui5_key":"applicationmanageresources-display-component---newResourceUnit--PLANNING_INDICATOR-arrow"}]}
RESULT: undefined
COMMAND: POST /session/0fa557d69f96d3283d48a39825366b34/element - {"using":"xpath","value":"//*[@id=\"application-manageresources-display-component---newResourceUnit--PLANNING_INDICATOR-arrow\"]"}
RESULT: {"using":"xpath","value":"//*[@id=\"application-manageresources-display-component---newResourceUnit--PLANNING_INDICATOR-arrow\"]"}
COMMAND: POST /session/0fa557d69f96d3283d48a39825366b34/element/f.3F808B98CDAAA2B1E2AEFB154760237E.d.C82CAC2B6979F6579177118662BDBB5A.e.15587/click - {}
RESULT: {}
COMMAND: POST /session/0fa557d69f96d3283d48a39825366b34/execute/async - {"script":"<script> [1562 bytes]","args":[{"selector":{"controlType":"sap.m.StandardListItem","viewName":"reusables.view.manageresources.NewResourceUnit","viewId":"application-manageresources-display-component---newResourceUnit","properties":{"title":"10 - infinite"},"searchOpenDialogs":true,"interaction":{"idSuffix":"content"}},"wdio_ui5_key":"reusablesview.manageresources.NewResourceUnitsap.m.StandardListItem{\"title\":\"10 - infinite\"}"}]}
COMMAND: GET /session/0fa557d69f96d3283d48a39825366b34/screenshot - {}
RESULT: {"script":"<script> [1562 bytes]","args":[{"selector":{"controlType":"sap.m.StandardListItem","viewName":"reusables.view.manageresources.NewResourceUnit","viewId":"application-manageresources-display-component---newResourceUnit","properties":{"title":"10 - infinite"},"searchOpenDialogs":true,"interaction":{"idSuffix":"content"}},"wdio_ui5_key":"reusablesview.manageresources.NewResourceUnitsap.m.StandardListItem{\"title\":\"10 - infinite\"}"}]}
RESULT: undefined
COMMAND: POST /session/0fa557d69f96d3283d48a39825366b34/element - {"using":"xpath","value":"//*[@id=\"__item1087\"]"}
RESULT: {}
RESULT: {"using":"xpath","value":"//*[@id=\"__item1087\"]"}
COMMAND: POST /session/0fa557d69f96d3283d48a39825366b34/element/f.3F808B98CDAAA2B1E2AEFB154760237E.d.C82CAC2B6979F6579177118662BDBB5A.e.15589/click - {}
RESULT: {}
COMMAND: GET /session/0fa557d69f96d3283d48a39825366b34/screenshot - {}
RESULT: {}
COMMAND: POST /session/0fa557d69f96d3283d48a39825366b34/element - {"using":"xpath","value":"//bdi[contains(text(), \"Time Segment\")]"}
RESULT: {"using":"xpath","value":"//bdi[contains(text(), \"Time Segment\")]"}
COMMAND: GET /session/0fa557d69f96d3283d48a39825366b34/element/f.3F808B98CDAAA2B1E2AEFB154760237E.d.C82CAC2B6979F6579177118662BDBB5A.e.15590/rect - {}
RESULT: {}
COMMAND: GET /session/0fa557d69f96d3283d48a39825366b34/window/rect - {}
RESULT: {}
COMMAND: POST /session/0fa557d69f96d3283d48a39825366b34/execute/sync - {"script":"<script> [92 bytes]","args":[]}
RESULT: {"script":"<script> [92 bytes]","args":[]}
COMMAND: POST /session/0fa557d69f96d3283d48a39825366b34/actions - {"actions":[{"id":"action38","type":"wheel","parameters":{},"actions":[{"type":"scroll","x":-1820,"y":-21,"deltaX":0,"deltaY":0,"duration":0,"origin":{"element-6066-11e4-a52e-4f735466cecf":"f.3F808B98CDAAA2B1E2AEFB154760237E.d.C82CAC2B6979F6579177118662BDBB5A.e.15590"}}]}]}
COMMAND: GET /session/0fa557d69f96d3283d48a39825366b34/screenshot - {}
RESULT: {}
COMMAND: POST /session/0fa557d69f96d3283d48a39825366b34/execute/sync - {"script":"<script> [79 bytes]","args":[{"element-6066-11e4-a52e-4f735466cecf":"f.3F808B98CDAAA2B1E2AEFB154760237E.d.C82CAC2B6979F6579177118662BDBB5A.e.15590","ELEMENT":"f.3F808B98CDAAA2B1E2AEFB154760237E.d.C82CAC2B6979F6579177118662BDBB5A.e.15590"},{"block":"start","inline":"nearest"}]}
RESULT: {"script":"<script> [79 bytes]","args":[{"element-6066-11e4-a52e-4f735466cecf":"f.3F808B98CDAAA2B1E2AEFB154760237E.d.C82CAC2B6979F6579177118662BDBB5A.e.15590","ELEMENT":"f.3F808B98CDAAA2B1E2AEFB154760237E.d.C82CAC2B6979F6579177118662BDBB5A.e.15590"},{"block":"start","inline":"nearest"}]}
COMMAND: GET /session/0fa557d69f96d3283d48a39825366b34/screenshot - {}
RESULT: {}
COMMAND: POST /session/0fa557d69f96d3283d48a39825366b34/element - {"using":"xpath","value":"//span[@id=\"application-manageresources-display-component---newResourceUnit--btnAddTimeSegment-img\"]"}
RESULT: {"using":"xpath","value":"//span[@id=\"application-manageresources-display-component---newResourceUnit--btnAddTimeSegment-img\"]"}
COMMAND: POST /session/0fa557d69f96d3283d48a39825366b34/execute/sync - {"script":"<script> [8489 bytes]","args":[{"element-6066-11e4-a52e-4f735466cecf":"f.3F808B98CDAAA2B1E2AEFB154760237E.d.C82CAC2B6979F6579177118662BDBB5A.e.15593","ELEMENT":"f.3F808B98CDAAA2B1E2AEFB154760237E.d.C82CAC2B6979F6579177118662BDBB5A.e.15593"}]}
RESULT: {"script":"<script> [8489 bytes]","args":[{"element-6066-11e4-a52e-4f735466cecf":"f.3F808B98CDAAA2B1E2AEFB154760237E.d.C82CAC2B6979F6579177118662BDBB5A.e.15593","ELEMENT":"f.3F808B98CDAAA2B1E2AEFB154760237E.d.C82CAC2B6979F6579177118662BDBB5A.e.15593"}]}
COMMAND: POST /session/0fa557d69f96d3283d48a39825366b34/element/f.3F808B98CDAAA2B1E2AEFB154760237E.d.C82CAC2B6979F6579177118662BDBB5A.e.15593/click - {}
COMMAND: GET /session/0fa557d69f96d3283d48a39825366b34/screenshot - {}
RESULT: {}
COMMAND: GET /session/0fa557d69f96d3283d48a39825366b34/screenshot - {}
COMMAND: POST /session/0fa557d69f96d3283d48a39825366b34/element - {"using":"xpath","value":"//input[@id=\"application-manageresources-display-component---newResourceUnit--idRuTSAdmin-application-manageresources-display-component---newResourceUnit--RUTimeSegment-0-inner\"]"}
RESULT: {}
RESULT: {}
RESULT: {"using":"xpath","value":"//input[@id=\"application-manageresources-display-component---newResourceUnit--idRuTSAdmin-application-manageresources-display-component---newResourceUnit--RUTimeSegment-0-inner\"]"}
COMMAND: POST /session/0fa557d69f96d3283d48a39825366b34/element/f.3F808B98CDAAA2B1E2AEFB154760237E.d.C82CAC2B6979F6579177118662BDBB5A.e.15596/clear - {}
RESULT: {}
COMMAND: POST /session/0fa557d69f96d3283d48a39825366b34/element/f.3F808B98CDAAA2B1E2AEFB154760237E.d.C82CAC2B6979F6579177118662BDBB5A.e.15596/value - {"text":"WebdriverYardvwabj"}
COMMAND: GET /session/0fa557d69f96d3283d48a39825366b34/screenshot - {}
RESULT: {"text":"WebdriverYardvwabj"}
COMMAND: GET /session/0fa557d69f96d3283d48a39825366b34/screenshot - {}
RESULT: {}
RESULT: {}
COMMAND: POST /session/0fa557d69f96d3283d48a39825366b34/actions - {"actions":[{"id":"action39","type":"key","parameters":{},"actions":[{"type":"keyDown","value":""},{"type":"pause","duration":10},{"type":"keyUp","value":""}]}]}
RESULT: {"actions":[{"id":"action39","type":"key","parameters":{},"actions":[{"type":"keyDown","value":""},{"type":"pause","duration":10},{"type":"keyUp","value":""}]}]}
COMMAND: GET /session/0fa557d69f96d3283d48a39825366b34/screenshot - {}
RESULT: {}
COMMAND: POST /session/0fa557d69f96d3283d48a39825366b34/execute/async - {"script":"<script> [1562 bytes]","args":[{"selector":{"controlType":"sap.m.Button","viewName":"reusables.view.manageresources.NewResourceUnit","viewId":"application-manageresources-display-component---newResourceUnit","i18NText":{"propertyName":"tooltip","key":"save"},"interaction":{"idSuffix":"BDI-content"}},"wdio_ui5_key":"reusablesview.manageresources.NewResourceUnitsap.m.Button{\"propertyName\":\"tooltip\",\"key\":\"save\"}"}]}
RESULT: {"script":"<script> [1562 bytes]","args":[{"selector":{"controlType":"sap.m.Button","viewName":"reusables.view.manageresources.NewResourceUnit","viewId":"application-manageresources-display-component---newResourceUnit","i18NText":{"propertyName":"tooltip","key":"save"},"interaction":{"idSuffix":"BDI-content"}},"wdio_ui5_key":"reusablesview.manageresources.NewResourceUnitsap.m.Button{\"propertyName\":\"tooltip\",\"key\":\"save\"}"}]}
RESULT: undefined
COMMAND: POST /session/0fa557d69f96d3283d48a39825366b34/element - {"using":"xpath","value":"//*[@id=\"application-manageresources-display-component---newResourceUnit--createRuButton\"]"}
RESULT: {"using":"xpath","value":"//*[@id=\"application-manageresources-display-component---newResourceUnit--createRuButton\"]"}
COMMAND: POST /session/0fa557d69f96d3283d48a39825366b34/element/f.3F808B98CDAAA2B1E2AEFB154760237E.d.C82CAC2B6979F6579177118662BDBB5A.e.15520/click - {}
RESULT: {}
COMMAND: GET /session/0fa557d69f96d3283d48a39825366b34/screenshot - {}
RESULT: {}
COMMAND: POST /session/0fa557d69f96d3283d48a39825366b34/execute/async - {"script":"<script> [1562 bytes]","args":[{"selector":{"controlType":"sap.m.Title","properties":{"text":"Success"},"searchOpenDialogs":true},"wdio_ui5_key":"sapm.Title{\"text\":\"Success\"}"}]}
RESULT: {"script":"<script> [1562 bytes]","args":[{"selector":{"controlType":"sap.m.Title","properties":{"text":"Success"},"searchOpenDialogs":true},"wdio_ui5_key":"sapm.Title{\"text\":\"Success\"}"}]}
RESULT: undefined
COMMAND: POST /session/0fa557d69f96d3283d48a39825366b34/execute/async - {"script":"<script> [6424 bytes]","args":[{"element-6066-11e4-a52e-4f735466cecf":"f.3F808B98CDAAA2B1E2AEFB154760237E.d.C82CAC2B6979F6579177118662BDBB5A.e.15610"},"getText",[]]}
RESULT: {"script":"<script> [6424 bytes]","args":[{"element-6066-11e4-a52e-4f735466cecf":"f.3F808B98CDAAA2B1E2AEFB154760237E.d.C82CAC2B6979F6579177118662BDBB5A.e.15610"},"getText",[]]}
COMMAND: POST /session/0fa557d69f96d3283d48a39825366b34/element - {"using":"xpath","value":"//*[contains(@id, '__text') and (contains(text(), 'successfully created') or contains(., 'successfully created'))]"}
RESULT: {"using":"xpath","value":"//*[contains(@id, '__text') and (contains(text(), 'successfully created') or contains(., 'successfully created'))]"}
COMMAND: GET /session/0fa557d69f96d3283d48a39825366b34/element/f.3F808B98CDAAA2B1E2AEFB154760237E.d.C82CAC2B6979F6579177118662BDBB5A.e.15609/text - {}
RESULT: {}
COMMAND: POST /session/0fa557d69f96d3283d48a39825366b34/execute/async - {"script":"<script> [1562 bytes]","args":[{"selector":{"controlType":"sap.m.Button","properties":{"text":"Close"},"searchOpenDialogs":true,"interaction":{"idSuffix":"BDI-content"}},"wdio_ui5_key":"sapm.Button{\"text\":\"Close\"}"}]}
RESULT: {"script":"<script> [1562 bytes]","args":[{"selector":{"controlType":"sap.m.Button","properties":{"text":"Close"},"searchOpenDialogs":true,"interaction":{"idSuffix":"BDI-content"}},"wdio_ui5_key":"sapm.Button{\"text\":\"Close\"}"}]}
RESULT: undefined
COMMAND: POST /session/0fa557d69f96d3283d48a39825366b34/element - {"using":"xpath","value":"//*[@id=\"__mbox-btn-0\"]"}
RESULT: {"using":"xpath","value":"//*[@id=\"__mbox-btn-0\"]"}
COMMAND: POST /session/0fa557d69f96d3283d48a39825366b34/element/f.3F808B98CDAAA2B1E2AEFB154760237E.d.C82CAC2B6979F6579177118662BDBB5A.e.15607/click - {}
RESULT: {}
COMMAND: GET /session/0fa557d69f96d3283d48a39825366b34/screenshot - {}
RESULT: {}
COMMAND: POST /session/0fa557d69f96d3283d48a39825366b34/execute/async - {"script":"<script> [1562 bytes]","args":[{"selector":{"controlType":"sap.ui.core.Icon","viewName":"etm.portal.ui.manageresources.view.Detail","viewId":"application-manageresources-display-component---detailRU","properties":{"src":{"regex":{"source":"overflow"}}}},"wdio_ui5_key":"etmportal.ui.manageresources.view.Detailsap.ui.core.Icon{\"src\":{\"regex\":{\"source\":\"overflow\"}}}"}]}
RESULT: {"script":"<script> [1562 bytes]","args":[{"selector":{"controlType":"sap.ui.core.Icon","viewName":"etm.portal.ui.manageresources.view.Detail","viewId":"application-manageresources-display-component---detailRU","properties":{"src":{"regex":{"source":"overflow"}}}},"wdio_ui5_key":"etmportal.ui.manageresources.view.Detailsap.ui.core.Icon{\"src\":{\"regex\":{\"source\":\"overflow\"}}}"}]}
RESULT: undefined
COMMAND: POST /session/0fa557d69f96d3283d48a39825366b34/element - {"using":"xpath","value":"//*[@id=\"__title36-_actionsToolbar-overflowButton-img\"]"}
RESULT: {"using":"xpath","value":"//*[@id=\"__title36-_actionsToolbar-overflowButton-img\"]"}
COMMAND: POST /session/0fa557d69f96d3283d48a39825366b34/element/f.3F808B98CDAAA2B1E2AEFB154760237E.d.C82CAC2B6979F6579177118662BDBB5A.e.15639/click - {}
RESULT: {}
COMMAND: POST /session/0fa557d69f96d3283d48a39825366b34/execute/async - {"script":"<script> [1562 bytes]","args":[{"selector":{"controlType":"sap.m.Button","viewName":"etm.portal.ui.manageresources.view.Detail","viewId":"application-manageresources-display-component---detailRU","i18NText":{"propertyName":"tooltip","key":"closeColumn"},"searchOpenDialogs":true,"interaction":{"idSuffix":"inner"}},"wdio_ui5_key":"etmportal.ui.manageresources.view.Detailsap.m.Button{\"propertyName\":\"tooltip\",\"key\":\"closeColumn\"}"}]}
COMMAND: GET /session/0fa557d69f96d3283d48a39825366b34/screenshot - {}
RESULT: {"script":"<script> [1562 bytes]","args":[{"selector":{"controlType":"sap.m.Button","viewName":"etm.portal.ui.manageresources.view.Detail","viewId":"application-manageresources-display-component---detailRU","i18NText":{"propertyName":"tooltip","key":"closeColumn"},"searchOpenDialogs":true,"interaction":{"idSuffix":"inner"}},"wdio_ui5_key":"etmportal.ui.manageresources.view.Detailsap.m.Button{\"propertyName\":\"tooltip\",\"key\":\"closeColumn\"}"}]}
RESULT: undefined
COMMAND: POST /session/0fa557d69f96d3283d48a39825366b34/element - {"using":"xpath","value":"//*[@id=\"__button147\"]"}
RESULT: {}
RESULT: {"using":"xpath","value":"//*[@id=\"__button147\"]"}
COMMAND: POST /session/0fa557d69f96d3283d48a39825366b34/element/f.3F808B98CDAAA2B1E2AEFB154760237E.d.C82CAC2B6979F6579177118662BDBB5A.e.15641/click - {}
RESULT: {}
COMMAND: GET /session/0fa557d69f96d3283d48a39825366b34/screenshot - {}
RESULT: {}
COMMAND: POST /session/0fa557d69f96d3283d48a39825366b34/refresh - {}
RESULT: {}
COMMAND: GET /session/0fa557d69f96d3283d48a39825366b34/screenshot - {}
RESULT: {}
RESULT: undefined
RESULT: undefined
COMMAND: POST /session/0fa557d69f96d3283d48a39825366b34/refresh - {}
RESULT: {}
COMMAND: GET /session/0fa557d69f96d3283d48a39825366b34/screenshot - {}
RESULT: {}
RESULT: undefined
RESULT: undefined
COMMAND: POST /session/0fa557d69f96d3283d48a39825366b34/execute/async - {"script":"<script> [189 bytes]","args":[]}
RESULT: {"script":"<script> [189 bytes]","args":[]}
COMMAND: POST /session/0fa557d69f96d3283d48a39825366b34/execute/async - {"script":"<script> [123 bytes]","args":[]}
RESULT: {"script":"<script> [123 bytes]","args":[]}
COMMAND: POST /session/0fa557d69f96d3283d48a39825366b34/timeouts - {"script":"<number>"}
RESULT: {"script":"<number>"}
COMMAND: GET /session/0fa557d69f96d3283d48a39825366b34/timeouts - {}
RESULT: {}
RESULT: undefined
COMMAND: POST /session/0fa557d69f96d3283d48a39825366b34/execute/async - {"script":"<script> [2676 bytes]","args":[]}
RESULT: {"script":"<script> [2676 bytes]","args":[]}
COMMAND: POST /session/0fa557d69f96d3283d48a39825366b34/execute/async - {"script":"<script> [2342 bytes]","args":[{"protocol":"http","hostname":"0.0.0.0","path":"/","capabilities":{"browserName":"chrome","goog:chromeOptions":{"binary":"C:\\Program Files\\Google\\Chrome\\Application\\chrome.exe","args":["--start-maximized"]}},"logLevel":"warn","connectionRetryTimeout":120000,"connectionRetryCount":3,"logLevels":{},"enableDirectConnect":true,"strictSSL":true,"_":"65 more keys: [\"cacheDir\",\"port\",\"requestedCapabilities\",\"automationProtocol\",\"baseUrl\",\"waitforInterval\",\"waitforTimeout\",\"onReload\",\"beforeCommand\",\"afterCommand\",\"rootDir\",\"specs\",\"suites\",\"exclude\",\"groupLogsByTestSpec\",\"excludeDriverLogs\",\"bail\",\"framework\",\"reporters\",\"services\",\"maxInstances\",\"maxInstancesPerCapability\",\"injectGlobals\",\"filesToWatch\",\"execArgv\",\"runnerEnv\",\"runner\",\"shard\",\"specFileRetries\",\"specFileRetriesDelay\",\"specFileRetriesDeferred\",\"reporterSyncInterval\",\"reporterSyncTimeout\",\"cucumberFeaturesWithLineNumbers\",\"autoCompileOpts\",\"mochaOpts\",\"jasmineOpts\",\"cucumberOpts\",\"onPrepare\",\"onWorkerStart\",\"onWorkerEnd\",\"before\",\"beforeSession\",\"beforeSuite\",\"beforeHook\",\"beforeTest\",\"afterTest\",\"afterHook\",\"afterSuite\",\"afterSession\",\"after\",\"onComplete\",\"beforeAssertion\",\"afterAssertion\",\"beforeFeature\",\"beforeScenario\",\"beforeStep\",\"afterStep\",\"afterScenario\",\"afterFeature\",\"_\",\"suite\",\"$0\",\"ignoredWorkerServices\",\"wdi5\"]"}]}
RESULT: {"script":"<script> [2342 bytes]","args":[{"protocol":"http","hostname":"0.0.0.0","path":"/","capabilities":{"browserName":"chrome","goog:chromeOptions":{"binary":"C:\\Program Files\\Google\\Chrome\\Application\\chrome.exe","args":["--start-maximized"]}},"logLevel":"warn","connectionRetryTimeout":120000,"connectionRetryCount":3,"logLevels":{},"enableDirectConnect":true,"strictSSL":true,"_":"65 more keys: [\"cacheDir\",\"port\",\"requestedCapabilities\",\"automationProtocol\",\"baseUrl\",\"waitforInterval\",\"waitforTimeout\",\"onReload\",\"beforeCommand\",\"afterCommand\",\"rootDir\",\"specs\",\"suites\",\"exclude\",\"groupLogsByTestSpec\",\"excludeDriverLogs\",\"bail\",\"framework\",\"reporters\",\"services\",\"maxInstances\",\"maxInstancesPerCapability\",\"injectGlobals\",\"filesToWatch\",\"execArgv\",\"runnerEnv\",\"runner\",\"shard\",\"specFileRetries\",\"specFileRetriesDelay\",\"specFileRetriesDeferred\",\"reporterSyncInterval\",\"reporterSyncTimeout\",\"cucumberFeaturesWithLineNumbers\",\"autoCompileOpts\",\"mochaOpts\",\"jasmineOpts\",\"cucumberOpts\",\"onPrepare\",\"onWorkerStart\",\"onWorkerEnd\",\"before\",\"beforeSession\",\"beforeSuite\",\"beforeHook\",\"beforeTest\",\"afterTest\",\"afterHook\",\"afterSuite\",\"afterSession\",\"after\",\"onComplete\",\"beforeAssertion\",\"afterAssertion\",\"beforeFeature\",\"beforeScenario\",\"beforeStep\",\"afterStep\",\"afterScenario\",\"afterFeature\",\"_\",\"suite\",\"$0\",\"ignoredWorkerServices\",\"wdi5\"]"}]}
COMMAND: POST /session/0fa557d69f96d3283d48a39825366b34/execute/async - {"script":"<script> [21126 bytes]","args":[35000]}
RESULT: {"script":"<script> [21126 bytes]","args":[35000]}
COMMAND: POST /session/0fa557d69f96d3283d48a39825366b34/element - {"using":"css selector","value":"#shell-header-logo"}
RESULT: {"using":"css selector","value":"#shell-header-logo"}
COMMAND: POST /session/0fa557d69f96d3283d48a39825366b34/element/f.3F808B98CDAAA2B1E2AEFB154760237E.d.B98BD85A5F941D96002DE5E2398E55B8.e.15759/click - {}
RESULT: {}
COMMAND: GET /session/0fa557d69f96d3283d48a39825366b34/screenshot - {}
RESULT: {}
]]></system-out>
    </testcase>
    <testcase classname="chrome.135_0_7049_42.windows.Create_masterdata_for_Yard_Overview_-_trigger_provide_US130988" name="It should stock increase the resource" time="77.132">
      <system-out><![CDATA[
COMMAND: POST /session/0fa557d69f96d3283d48a39825366b34/execute/async - {"script":"<script> [1562 bytes]","args":[{"selector":{"controlType":"sap.m.Text","viewName":"etm.portal.ui.managehandoverstile.view.Master","properties":{"text":"Manage Handovers"},"interaction":{"idSuffix":"inner"}},"wdio_ui5_key":"etmportal.ui.managehandoverstile.view.Mastersap.m.Text{\"text\":\"Manage Handovers\"}"}]}
RESULT: {"script":"<script> [1562 bytes]","args":[{"selector":{"controlType":"sap.m.Text","viewName":"etm.portal.ui.managehandoverstile.view.Master","properties":{"text":"Manage Handovers"},"interaction":{"idSuffix":"inner"}},"wdio_ui5_key":"etmportal.ui.managehandoverstile.view.Mastersap.m.Text{\"text\":\"Manage Handovers\"}"}]}
RESULT: undefined
COMMAND: POST /session/0fa557d69f96d3283d48a39825366b34/element - {"using":"xpath","value":"//*[@id=\"__tile132-title\"]"}
RESULT: {"using":"xpath","value":"//*[@id=\"__tile132-title\"]"}
COMMAND: POST /session/0fa557d69f96d3283d48a39825366b34/element/f.3F808B98CDAAA2B1E2AEFB154760237E.d.B98BD85A5F941D96002DE5E2398E55B8.e.15917/click - {}
RESULT: {}
COMMAND: GET /session/0fa557d69f96d3283d48a39825366b34/screenshot - {}
RESULT: {}
COMMAND: POST /session/0fa557d69f96d3283d48a39825366b34/element - {"using":"xpath","value":"//button[@data-kt=\"masterHOAddButton\"]"}
RESULT: {"using":"xpath","value":"//button[@data-kt=\"masterHOAddButton\"]"}
COMMAND: POST /session/0fa557d69f96d3283d48a39825366b34/execute/sync - {"script":"<script> [8489 bytes]","args":[{"element-6066-11e4-a52e-4f735466cecf":"f.3F808B98CDAAA2B1E2AEFB154760237E.d.B98BD85A5F941D96002DE5E2398E55B8.e.15949","ELEMENT":"f.3F808B98CDAAA2B1E2AEFB154760237E.d.B98BD85A5F941D96002DE5E2398E55B8.e.15949"}]}
RESULT: {"script":"<script> [8489 bytes]","args":[{"element-6066-11e4-a52e-4f735466cecf":"f.3F808B98CDAAA2B1E2AEFB154760237E.d.B98BD85A5F941D96002DE5E2398E55B8.e.15949","ELEMENT":"f.3F808B98CDAAA2B1E2AEFB154760237E.d.B98BD85A5F941D96002DE5E2398E55B8.e.15949"}]}
COMMAND: POST /session/0fa557d69f96d3283d48a39825366b34/element/f.3F808B98CDAAA2B1E2AEFB154760237E.d.B98BD85A5F941D96002DE5E2398E55B8.e.15949/click - {}
RESULT: {}
COMMAND: GET /session/0fa557d69f96d3283d48a39825366b34/screenshot - {}
COMMAND: GET /session/0fa557d69f96d3283d48a39825366b34/screenshot - {}
RESULT: {}
RESULT: {}
COMMAND: POST /session/0fa557d69f96d3283d48a39825366b34/element - {"using":"xpath","value":"//span[contains(@id ,\"AddNewHO--typeSelect-arrow\")]"}
RESULT: {"using":"xpath","value":"//span[contains(@id ,\"AddNewHO--typeSelect-arrow\")]"}
COMMAND: POST /session/0fa557d69f96d3283d48a39825366b34/element/f.3F808B98CDAAA2B1E2AEFB154760237E.d.B98BD85A5F941D96002DE5E2398E55B8.e.16247/click - {}
RESULT: {}
COMMAND: GET /session/0fa557d69f96d3283d48a39825366b34/screenshot - {}
RESULT: {}
COMMAND: POST /session/0fa557d69f96d3283d48a39825366b34/element - {"using":"xpath","value":"(//li[contains(text(), \"stock increase yard\")])[1]"}
RESULT: {"using":"xpath","value":"(//li[contains(text(), \"stock increase yard\")])[1]"}
COMMAND: POST /session/0fa557d69f96d3283d48a39825366b34/element/f.3F808B98CDAAA2B1E2AEFB154760237E.d.B98BD85A5F941D96002DE5E2398E55B8.e.16248/click - {}
RESULT: {}
COMMAND: GET /session/0fa557d69f96d3283d48a39825366b34/screenshot - {}
RESULT: {}
COMMAND: POST /session/0fa557d69f96d3283d48a39825366b34/execute/async - {"script":"<script> [1562 bytes]","args":[{"selector":{"id":"application-managehandovers-display-component---AddNewHO--dueDate","interaction":{"idSuffix":"inner"}},"wdio_ui5_key":"applicationmanagehandovers-display-component---AddNewHO--dueDate"}]}
RESULT: {"script":"<script> [1562 bytes]","args":[{"selector":{"id":"application-managehandovers-display-component---AddNewHO--dueDate","interaction":{"idSuffix":"inner"}},"wdio_ui5_key":"applicationmanagehandovers-display-component---AddNewHO--dueDate"}]}
RESULT: undefined
COMMAND: POST /session/0fa557d69f96d3283d48a39825366b34/execute/async - {"script":"<script> [6424 bytes]","args":[{"element-6066-11e4-a52e-4f735466cecf":"f.3F808B98CDAAA2B1E2AEFB154760237E.d.B98BD85A5F941D96002DE5E2398E55B8.e.16250"},"setValue",["04/15/2025"]]}
RESULT: {"script":"<script> [6424 bytes]","args":[{"element-6066-11e4-a52e-4f735466cecf":"f.3F808B98CDAAA2B1E2AEFB154760237E.d.B98BD85A5F941D96002DE5E2398E55B8.e.16250"},"setValue",["04/15/2025"]]}
COMMAND: POST /session/0fa557d69f96d3283d48a39825366b34/element - {"using":"xpath","value":"//input[@id=\"generalSectionFrg--receiveYard-inner\"]"}
RESULT: {"using":"xpath","value":"//input[@id=\"generalSectionFrg--receiveYard-inner\"]"}
COMMAND: POST /session/0fa557d69f96d3283d48a39825366b34/element/f.3F808B98CDAAA2B1E2AEFB154760237E.d.B98BD85A5F941D96002DE5E2398E55B8.e.16256/clear - {}
RESULT: {}
COMMAND: POST /session/0fa557d69f96d3283d48a39825366b34/element/f.3F808B98CDAAA2B1E2AEFB154760237E.d.B98BD85A5F941D96002DE5E2398E55B8.e.16256/value - {"text":"WebdriverYardvwabj"}
COMMAND: GET /session/0fa557d69f96d3283d48a39825366b34/screenshot - {}
RESULT: {"text":"WebdriverYardvwabj"}
COMMAND: GET /session/0fa557d69f96d3283d48a39825366b34/screenshot - {}
RESULT: {}
RESULT: {}
COMMAND: POST /session/0fa557d69f96d3283d48a39825366b34/execute/async - {"script":"<script> [1562 bytes]","args":[{"selector":{"id":"application-managehandovers-display-component---AddNewHO--ObjectPageLayout-anchBar-application-managehandovers-display-component---AddNewHO--section4-anchor","interaction":{"idSuffix":"BDI-content"}},"wdio_ui5_key":"applicationmanagehandovers-display-component---AddNewHO--ObjectPageLayout-anchBar-application-managehandovers-display-component---AddNewHO--section4-anchor"}]}
RESULT: {"script":"<script> [1562 bytes]","args":[{"selector":{"id":"application-managehandovers-display-component---AddNewHO--ObjectPageLayout-anchBar-application-managehandovers-display-component---AddNewHO--section4-anchor","interaction":{"idSuffix":"BDI-content"}},"wdio_ui5_key":"applicationmanagehandovers-display-component---AddNewHO--ObjectPageLayout-anchBar-application-managehandovers-display-component---AddNewHO--section4-anchor"}]}
RESULT: undefined
COMMAND: POST /session/0fa557d69f96d3283d48a39825366b34/element - {"using":"xpath","value":"//*[@id=\"application-managehandovers-display-component---AddNewHO--ObjectPageLayout-anchBar-application-managehandovers-display-component---AddNewHO--section4-anchor\"]"}
RESULT: {"using":"xpath","value":"//*[@id=\"application-managehandovers-display-component---AddNewHO--ObjectPageLayout-anchBar-application-managehandovers-display-component---AddNewHO--section4-anchor\"]"}
COMMAND: POST /session/0fa557d69f96d3283d48a39825366b34/element/f.3F808B98CDAAA2B1E2AEFB154760237E.d.B98BD85A5F941D96002DE5E2398E55B8.e.16273/click - {}
RESULT: {}
COMMAND: GET /session/0fa557d69f96d3283d48a39825366b34/screenshot - {}
RESULT: {}
COMMAND: POST /session/0fa557d69f96d3283d48a39825366b34/element - {"using":"xpath","value":"//button[@aria-label=\"Add\"]"}
RESULT: {"using":"xpath","value":"//button[@aria-label=\"Add\"]"}
COMMAND: POST /session/0fa557d69f96d3283d48a39825366b34/element/f.3F808B98CDAAA2B1E2AEFB154760237E.d.B98BD85A5F941D96002DE5E2398E55B8.e.16277/click - {}
RESULT: {}
COMMAND: GET /session/0fa557d69f96d3283d48a39825366b34/screenshot - {}
RESULT: {}
COMMAND: POST /session/0fa557d69f96d3283d48a39825366b34/execute/async - {"script":"<script> [1562 bytes]","args":[{"selector":{"id":"application-managehandovers-display-component---AddNewHO--smartFilterBar-btnBasicSearch","searchOpenDialogs":true,"interaction":{"idSuffix":"I"}},"wdio_ui5_key":"applicationmanagehandovers-display-component---AddNewHO--smartFilterBar-btnBasicSearch"}]}
RESULT: {"script":"<script> [1562 bytes]","args":[{"selector":{"id":"application-managehandovers-display-component---AddNewHO--smartFilterBar-btnBasicSearch","searchOpenDialogs":true,"interaction":{"idSuffix":"I"}},"wdio_ui5_key":"applicationmanagehandovers-display-component---AddNewHO--smartFilterBar-btnBasicSearch"}]}
RESULT: undefined
COMMAND: POST /session/0fa557d69f96d3283d48a39825366b34/execute/async - {"script":"<script> [776 bytes]","args":[{"enterText":"WebdriverRUR2C8pyso","selector":{"id":"application-managehandovers-display-component---AddNewHO--smartFilterBar-btnBasicSearch","searchOpenDialogs":true,"interaction":{"idSuffix":"I"}},"clearTextFirst":true,"interactionType":"ENTER_TEXT"}]}
RESULT: {"script":"<script> [776 bytes]","args":[{"enterText":"WebdriverRUR2C8pyso","selector":{"id":"application-managehandovers-display-component---AddNewHO--smartFilterBar-btnBasicSearch","searchOpenDialogs":true,"interaction":{"idSuffix":"I"}},"clearTextFirst":true,"interactionType":"ENTER_TEXT"}]}
COMMAND: POST /session/0fa557d69f96d3283d48a39825366b34/actions - {"actions":[{"id":"action40","type":"key","parameters":{},"actions":[{"type":"keyDown","value":""},{"type":"pause","duration":10},{"type":"keyUp","value":""}]}]}
RESULT: {"actions":[{"id":"action40","type":"key","parameters":{},"actions":[{"type":"keyDown","value":""},{"type":"pause","duration":10},{"type":"keyUp","value":""}]}]}
COMMAND: POST /session/0fa557d69f96d3283d48a39825366b34/execute/async - {"script":"<script> [1562 bytes]","args":[{"selector":{"id":"application-managehandovers-display-component---AddNewHO--popup-sa","searchOpenDialogs":true,"interaction":{"idSuffix":"CbBg"}},"wdio_ui5_key":"applicationmanagehandovers-display-component---AddNewHO--popup-sa"}]}
COMMAND: GET /session/0fa557d69f96d3283d48a39825366b34/screenshot - {}
RESULT: {"script":"<script> [1562 bytes]","args":[{"selector":{"id":"application-managehandovers-display-component---AddNewHO--popup-sa","searchOpenDialogs":true,"interaction":{"idSuffix":"CbBg"}},"wdio_ui5_key":"applicationmanagehandovers-display-component---AddNewHO--popup-sa"}]}
RESULT: undefined
COMMAND: POST /session/0fa557d69f96d3283d48a39825366b34/element - {"using":"xpath","value":"//*[@id=\"application-managehandovers-display-component---AddNewHO--popup-sa\"]"}
RESULT: {}
RESULT: {"using":"xpath","value":"//*[@id=\"application-managehandovers-display-component---AddNewHO--popup-sa\"]"}
COMMAND: POST /session/0fa557d69f96d3283d48a39825366b34/element/f.3F808B98CDAAA2B1E2AEFB154760237E.d.B98BD85A5F941D96002DE5E2398E55B8.e.16388/click - {}
RESULT: {}
COMMAND: GET /session/0fa557d69f96d3283d48a39825366b34/screenshot - {}
RESULT: {}
COMMAND: POST /session/0fa557d69f96d3283d48a39825366b34/element - {"using":"xpath","value":"//bdi[contains(text(), \"Select\")]"}
RESULT: {"using":"xpath","value":"//bdi[contains(text(), \"Select\")]"}
COMMAND: POST /session/0fa557d69f96d3283d48a39825366b34/element/f.3F808B98CDAAA2B1E2AEFB154760237E.d.B98BD85A5F941D96002DE5E2398E55B8.e.16389/click - {}
RESULT: {}
COMMAND: GET /session/0fa557d69f96d3283d48a39825366b34/screenshot - {}
RESULT: {}
COMMAND: POST /session/0fa557d69f96d3283d48a39825366b34/execute/async - {"script":"<script> [1562 bytes]","args":[{"selector":{"controlType":"sap.m.Input","viewName":"etm.portal.ui.managehandovers.view.AddNewHO","viewId":"application-managehandovers-display-component---AddNewHO","bindingPath":{"path":"/items/0","propertyPath":"TYPE","modelName":"hoItemsModel"},"interaction":{"idSuffix":"inner"}},"wdio_ui5_key":"etmportal.ui.managehandovers.view.AddNewHOsap.m.Input{\"path\":\"/items/0\",\"propertyPath\":\"TYPE\",\"modelName\":\"hoItemsModel\"}"}]}
RESULT: {"script":"<script> [1562 bytes]","args":[{"selector":{"controlType":"sap.m.Input","viewName":"etm.portal.ui.managehandovers.view.AddNewHO","viewId":"application-managehandovers-display-component---AddNewHO","bindingPath":{"path":"/items/0","propertyPath":"TYPE","modelName":"hoItemsModel"},"interaction":{"idSuffix":"inner"}},"wdio_ui5_key":"etmportal.ui.managehandovers.view.AddNewHOsap.m.Input{\"path\":\"/items/0\",\"propertyPath\":\"TYPE\",\"modelName\":\"hoItemsModel\"}"}]}
RESULT: undefined
COMMAND: POST /session/0fa557d69f96d3283d48a39825366b34/execute/async - {"script":"<script> [776 bytes]","args":[{"enterText":"100","selector":{"controlType":"sap.m.Input","viewName":"etm.portal.ui.managehandovers.view.AddNewHO","viewId":"application-managehandovers-display-component---AddNewHO","bindingPath":{"path":"/items/0","propertyPath":"TYPE","modelName":"hoItemsModel"},"interaction":{"idSuffix":"inner"}},"clearTextFirst":true,"interactionType":"ENTER_TEXT"}]}
RESULT: {"script":"<script> [776 bytes]","args":[{"enterText":"100","selector":{"controlType":"sap.m.Input","viewName":"etm.portal.ui.managehandovers.view.AddNewHO","viewId":"application-managehandovers-display-component---AddNewHO","bindingPath":{"path":"/items/0","propertyPath":"TYPE","modelName":"hoItemsModel"},"interaction":{"idSuffix":"inner"}},"clearTextFirst":true,"interactionType":"ENTER_TEXT"}]}
COMMAND: POST /session/0fa557d69f96d3283d48a39825366b34/element - {"using":"xpath","value":"//button[@data-kt=\"AddNewHOSaveButton\"]"}
RESULT: {"using":"xpath","value":"//button[@data-kt=\"AddNewHOSaveButton\"]"}
COMMAND: POST /session/0fa557d69f96d3283d48a39825366b34/element/f.3F808B98CDAAA2B1E2AEFB154760237E.d.B98BD85A5F941D96002DE5E2398E55B8.e.16394/click - {}
RESULT: {}
COMMAND: GET /session/0fa557d69f96d3283d48a39825366b34/screenshot - {}
RESULT: {}
COMMAND: POST /session/0fa557d69f96d3283d48a39825366b34/execute/async - {"script":"<script> [1562 bytes]","args":[{"selector":{"id":"receiptDatePicker","viewName":"etm.portal.ui.managehandovers.view.DetailExecuteHO","interaction":{"idSuffix":"inner"}},"wdio_ui5_key":"receiptDatePickeretmportal.ui.managehandovers.view.DetailExecuteHO"}]}
RESULT: {"script":"<script> [1562 bytes]","args":[{"selector":{"id":"receiptDatePicker","viewName":"etm.portal.ui.managehandovers.view.DetailExecuteHO","interaction":{"idSuffix":"inner"}},"wdio_ui5_key":"receiptDatePickeretmportal.ui.managehandovers.view.DetailExecuteHO"}]}
RESULT: undefined
COMMAND: POST /session/0fa557d69f96d3283d48a39825366b34/execute/async - {"script":"<script> [6424 bytes]","args":[{"element-6066-11e4-a52e-4f735466cecf":"f.3F808B98CDAAA2B1E2AEFB154760237E.d.B98BD85A5F941D96002DE5E2398E55B8.e.16417"},"setValue",["04/15/2025"]]}
RESULT: {"script":"<script> [6424 bytes]","args":[{"element-6066-11e4-a52e-4f735466cecf":"f.3F808B98CDAAA2B1E2AEFB154760237E.d.B98BD85A5F941D96002DE5E2398E55B8.e.16417"},"setValue",["04/15/2025"]]}
COMMAND: POST /session/0fa557d69f96d3283d48a39825366b34/element - {"using":"xpath","value":"//button[@data-kt=\"PickingTableConfirmAllButton\"]"}
RESULT: {"using":"xpath","value":"//button[@data-kt=\"PickingTableConfirmAllButton\"]"}
COMMAND: POST /session/0fa557d69f96d3283d48a39825366b34/element/f.3F808B98CDAAA2B1E2AEFB154760237E.d.B98BD85A5F941D96002DE5E2398E55B8.e.16432/click - {}
RESULT: {}
COMMAND: GET /session/0fa557d69f96d3283d48a39825366b34/screenshot - {}
RESULT: {}
COMMAND: POST /session/0fa557d69f96d3283d48a39825366b34/element - {"using":"xpath","value":"//bdi[contains(text(), \"OK\")]"}
RESULT: {"using":"xpath","value":"//bdi[contains(text(), \"OK\")]"}
COMMAND: POST /session/0fa557d69f96d3283d48a39825366b34/element/f.3F808B98CDAAA2B1E2AEFB154760237E.d.B98BD85A5F941D96002DE5E2398E55B8.e.16434/click - {}
RESULT: {}
COMMAND: GET /session/0fa557d69f96d3283d48a39825366b34/screenshot - {}
RESULT: {}
COMMAND: POST /session/0fa557d69f96d3283d48a39825366b34/element - {"using":"xpath","value":"(//bdi[contains(text(), \"Receive\")])[2]"}
RESULT: {"using":"xpath","value":"(//bdi[contains(text(), \"Receive\")])[2]"}
COMMAND: POST /session/0fa557d69f96d3283d48a39825366b34/element/f.3F808B98CDAAA2B1E2AEFB154760237E.d.B98BD85A5F941D96002DE5E2398E55B8.e.16436/click - {}
RESULT: {}
COMMAND: GET /session/0fa557d69f96d3283d48a39825366b34/screenshot - {}
RESULT: {}
COMMAND: POST /session/0fa557d69f96d3283d48a39825366b34/element - {"using":"css selector","value":"#shell-header-logo"}
RESULT: {"using":"css selector","value":"#shell-header-logo"}
COMMAND: POST /session/0fa557d69f96d3283d48a39825366b34/element/f.3F808B98CDAAA2B1E2AEFB154760237E.d.B98BD85A5F941D96002DE5E2398E55B8.e.15919/click - {}
RESULT: {}
]]></system-out>
    </testcase>
    <testcase classname="chrome.135_0_7049_42.windows.Create_masterdata_for_Yard_Overview_-_trigger_provide_US130988" name="Should create a new contract" time="63.272">
      <system-out><![CDATA[
COMMAND: POST /session/0fa557d69f96d3283d48a39825366b34/execute/async - {"script":"<script> [1562 bytes]","args":[{"selector":{"controlType":"sap.m.GenericTile","viewName":"etm.portal.ui.managecontractstile.view.Master","i18NText":{"propertyName":"header","key":"manageContractsTileTitle"}},"wdio_ui5_key":"etmportal.ui.managecontractstile.view.Mastersap.m.GenericTile{\"propertyName\":\"header\",\"key\":\"manageContractsTileTitle\"}"}]}
COMMAND: GET /session/0fa557d69f96d3283d48a39825366b34/screenshot - {}
RESULT: {"script":"<script> [1562 bytes]","args":[{"selector":{"controlType":"sap.m.GenericTile","viewName":"etm.portal.ui.managecontractstile.view.Master","i18NText":{"propertyName":"header","key":"manageContractsTileTitle"}},"wdio_ui5_key":"etmportal.ui.managecontractstile.view.Mastersap.m.GenericTile{\"propertyName\":\"header\",\"key\":\"manageContractsTileTitle\"}"}]}
RESULT: undefined
COMMAND: POST /session/0fa557d69f96d3283d48a39825366b34/element - {"using":"xpath","value":"//*[@id=\"__tile130\"]"}
RESULT: {}
RESULT: {"using":"xpath","value":"//*[@id=\"__tile130\"]"}
COMMAND: POST /session/0fa557d69f96d3283d48a39825366b34/element/f.3F808B98CDAAA2B1E2AEFB154760237E.d.B98BD85A5F941D96002DE5E2398E55B8.e.15907/click - {}
RESULT: {}
COMMAND: GET /session/0fa557d69f96d3283d48a39825366b34/screenshot - {}
RESULT: {}
RESULT: undefined
RESULT: undefined
COMMAND: POST /session/0fa557d69f96d3283d48a39825366b34/element - {"using":"xpath","value":"//button[@data-kt=\"addButton\"]"}
RESULT: {"using":"xpath","value":"//button[@data-kt=\"addButton\"]"}
COMMAND: POST /session/0fa557d69f96d3283d48a39825366b34/element/f.3F808B98CDAAA2B1E2AEFB154760237E.d.B98BD85A5F941D96002DE5E2398E55B8.e.16635/click - {}
RESULT: {}
COMMAND: GET /session/0fa557d69f96d3283d48a39825366b34/screenshot - {}
RESULT: {}
COMMAND: POST /session/0fa557d69f96d3283d48a39825366b34/execute/async - {"script":"<script> [1562 bytes]","args":[{"selector":{"id":"application-managecontracts-display-component---AddNewContract--projectDescription","interaction":{"idSuffix":"inner"}},"wdio_ui5_key":"applicationmanagecontracts-display-component---AddNewContract--projectDescription"}]}
RESULT: {"script":"<script> [1562 bytes]","args":[{"selector":{"id":"application-managecontracts-display-component---AddNewContract--projectDescription","interaction":{"idSuffix":"inner"}},"wdio_ui5_key":"applicationmanagecontracts-display-component---AddNewContract--projectDescription"}]}
RESULT: undefined
COMMAND: POST /session/0fa557d69f96d3283d48a39825366b34/execute/async - {"script":"<script> [776 bytes]","args":[{"enterText":"WdIOOvervieww4qb","selector":{"id":"application-managecontracts-display-component---AddNewContract--projectDescription","interaction":{"idSuffix":"inner"}},"clearTextFirst":true,"interactionType":"ENTER_TEXT"}]}
RESULT: {"script":"<script> [776 bytes]","args":[{"enterText":"WdIOOvervieww4qb","selector":{"id":"application-managecontracts-display-component---AddNewContract--projectDescription","interaction":{"idSuffix":"inner"}},"clearTextFirst":true,"interactionType":"ENTER_TEXT"}]}
COMMAND: POST /session/0fa557d69f96d3283d48a39825366b34/element - {"using":"xpath","value":"//input[@id=\"application-managecontracts-display-component---AddNewContract--yardId-inner\"]"}
RESULT: {"using":"xpath","value":"//input[@id=\"application-managecontracts-display-component---AddNewContract--yardId-inner\"]"}
COMMAND: POST /session/0fa557d69f96d3283d48a39825366b34/element/f.3F808B98CDAAA2B1E2AEFB154760237E.d.B98BD85A5F941D96002DE5E2398E55B8.e.16921/clear - {}
RESULT: {}
COMMAND: POST /session/0fa557d69f96d3283d48a39825366b34/element/f.3F808B98CDAAA2B1E2AEFB154760237E.d.B98BD85A5F941D96002DE5E2398E55B8.e.16921/value - {"text":"WebdriverYardvwabj"}
COMMAND: GET /session/0fa557d69f96d3283d48a39825366b34/screenshot - {}
RESULT: {"text":"WebdriverYardvwabj"}
COMMAND: GET /session/0fa557d69f96d3283d48a39825366b34/screenshot - {}
RESULT: {}
RESULT: {}
COMMAND: POST /session/0fa557d69f96d3283d48a39825366b34/actions - {"actions":[{"id":"action41","type":"key","parameters":{},"actions":[{"type":"keyDown","value":""},{"type":"pause","duration":10},{"type":"keyUp","value":""}]}]}
RESULT: {"actions":[{"id":"action41","type":"key","parameters":{},"actions":[{"type":"keyDown","value":""},{"type":"pause","duration":10},{"type":"keyUp","value":""}]}]}
COMMAND: GET /session/0fa557d69f96d3283d48a39825366b34/screenshot - {}
RESULT: {}
COMMAND: POST /session/0fa557d69f96d3283d48a39825366b34/element - {"using":"xpath","value":"//input[@id=\"application-managecontracts-display-component---AddNewContract--customerSelect-inner\"]"}
RESULT: {"using":"xpath","value":"//input[@id=\"application-managecontracts-display-component---AddNewContract--customerSelect-inner\"]"}
COMMAND: POST /session/0fa557d69f96d3283d48a39825366b34/element/f.3F808B98CDAAA2B1E2AEFB154760237E.d.B98BD85A5F941D96002DE5E2398E55B8.e.16919/clear - {}
RESULT: {}
COMMAND: POST /session/0fa557d69f96d3283d48a39825366b34/element/f.3F808B98CDAAA2B1E2AEFB154760237E.d.B98BD85A5F941D96002DE5E2398E55B8.e.16919/value - {"text":"WebdriverPartnerchftx"}
COMMAND: GET /session/0fa557d69f96d3283d48a39825366b34/screenshot - {}
RESULT: {"text":"WebdriverPartnerchftx"}
COMMAND: GET /session/0fa557d69f96d3283d48a39825366b34/screenshot - {}
RESULT: {}
RESULT: {}
COMMAND: POST /session/0fa557d69f96d3283d48a39825366b34/actions - {"actions":[{"id":"action42","type":"key","parameters":{},"actions":[{"type":"keyDown","value":""},{"type":"pause","duration":10},{"type":"keyUp","value":""}]}]}
RESULT: {"actions":[{"id":"action42","type":"key","parameters":{},"actions":[{"type":"keyDown","value":""},{"type":"pause","duration":10},{"type":"keyUp","value":""}]}]}
COMMAND: GET /session/0fa557d69f96d3283d48a39825366b34/screenshot - {}
RESULT: {}
COMMAND: POST /session/0fa557d69f96d3283d48a39825366b34/element - {"using":"xpath","value":"//input[@id=\"application-managecontracts-display-component---AddNewContract--site-inner\"]"}
RESULT: {"using":"xpath","value":"//input[@id=\"application-managecontracts-display-component---AddNewContract--site-inner\"]"}
COMMAND: POST /session/0fa557d69f96d3283d48a39825366b34/element/f.3F808B98CDAAA2B1E2AEFB154760237E.d.B98BD85A5F941D96002DE5E2398E55B8.e.16920/clear - {}
RESULT: {}
COMMAND: POST /session/0fa557d69f96d3283d48a39825366b34/element/f.3F808B98CDAAA2B1E2AEFB154760237E.d.B98BD85A5F941D96002DE5E2398E55B8.e.16920/value - {"text":"WebdriverSitep1jtv"}
COMMAND: GET /session/0fa557d69f96d3283d48a39825366b34/screenshot - {}
RESULT: {"text":"WebdriverSitep1jtv"}
COMMAND: GET /session/0fa557d69f96d3283d48a39825366b34/screenshot - {}
RESULT: {}
RESULT: {}
COMMAND: POST /session/0fa557d69f96d3283d48a39825366b34/actions - {"actions":[{"id":"action43","type":"key","parameters":{},"actions":[{"type":"keyDown","value":""},{"type":"pause","duration":10},{"type":"keyUp","value":""}]}]}
RESULT: {"actions":[{"id":"action43","type":"key","parameters":{},"actions":[{"type":"keyDown","value":""},{"type":"pause","duration":10},{"type":"keyUp","value":""}]}]}
COMMAND: GET /session/0fa557d69f96d3283d48a39825366b34/screenshot - {}
RESULT: {}
COMMAND: POST /session/0fa557d69f96d3283d48a39825366b34/element - {"using":"xpath","value":"//button[@data-kt=\"saveButton\"]"}
RESULT: {"using":"xpath","value":"//button[@data-kt=\"saveButton\"]"}
COMMAND: POST /session/0fa557d69f96d3283d48a39825366b34/element/f.3F808B98CDAAA2B1E2AEFB154760237E.d.B98BD85A5F941D96002DE5E2398E55B8.e.16943/click - {}
RESULT: {}
COMMAND: GET /session/0fa557d69f96d3283d48a39825366b34/screenshot - {}
RESULT: {}
COMMAND: POST /session/0fa557d69f96d3283d48a39825366b34/execute/async - {"script":"<script> [1562 bytes]","args":[{"selector":{"id":"contractDetailTitleNoExpanded","viewName":"etm.portal.ui.managecontracts.view.Detail"},"wdio_ui5_key":"contractDetailTitleNoExpandedetmportal.ui.managecontracts.view.Detail"}]}
RESULT: {"script":"<script> [1562 bytes]","args":[{"selector":{"id":"contractDetailTitleNoExpanded","viewName":"etm.portal.ui.managecontracts.view.Detail"},"wdio_ui5_key":"contractDetailTitleNoExpandedetmportal.ui.managecontracts.view.Detail"}]}
RESULT: undefined
COMMAND: POST /session/0fa557d69f96d3283d48a39825366b34/execute/async - {"script":"<script> [6424 bytes]","args":[{"element-6066-11e4-a52e-4f735466cecf":"f.3F808B98CDAAA2B1E2AEFB154760237E.d.B98BD85A5F941D96002DE5E2398E55B8.e.17022"},"getText",[]]}
RESULT: {"script":"<script> [6424 bytes]","args":[{"element-6066-11e4-a52e-4f735466cecf":"f.3F808B98CDAAA2B1E2AEFB154760237E.d.B98BD85A5F941D96002DE5E2398E55B8.e.17022"},"getText",[]]}
]]></system-out>
    </testcase>
    <testcase classname="chrome.135_0_7049_42.windows.Create_masterdata_for_Yard_Overview_-_trigger_provide_US130988" name="Should add material to the contract" time="48.314">
      <system-out><![CDATA[
COMMAND: POST /session/0fa557d69f96d3283d48a39825366b34/element - {"using":"xpath","value":"//button[@data-kt=\"contractDetailEditBtnButton\"]"}
RESULT: {"using":"xpath","value":"//button[@data-kt=\"contractDetailEditBtnButton\"]"}
COMMAND: POST /session/0fa557d69f96d3283d48a39825366b34/element/f.3F808B98CDAAA2B1E2AEFB154760237E.d.B98BD85A5F941D96002DE5E2398E55B8.e.17023/click - {}
RESULT: {}
COMMAND: GET /session/0fa557d69f96d3283d48a39825366b34/screenshot - {}
RESULT: {}
COMMAND: POST /session/0fa557d69f96d3283d48a39825366b34/element - {"using":"xpath","value":"(//span[contains(text(), \"Additional Addresses\")])[2]"}
RESULT: {"using":"xpath","value":"(//span[contains(text(), \"Additional Addresses\")])[2]"}
COMMAND: POST /session/0fa557d69f96d3283d48a39825366b34/element/f.3F808B98CDAAA2B1E2AEFB154760237E.d.B98BD85A5F941D96002DE5E2398E55B8.e.17083/click - {}
RESULT: {}
COMMAND: GET /session/0fa557d69f96d3283d48a39825366b34/screenshot - {}
RESULT: {}
COMMAND: POST /session/0fa557d69f96d3283d48a39825366b34/element - {"using":"xpath","value":"//button[@data-kt=\"btnAddTableRowOverflowToolbarButton\"]"}
RESULT: {"using":"xpath","value":"//button[@data-kt=\"btnAddTableRowOverflowToolbarButton\"]"}
COMMAND: POST /session/0fa557d69f96d3283d48a39825366b34/element/f.3F808B98CDAAA2B1E2AEFB154760237E.d.B98BD85A5F941D96002DE5E2398E55B8.e.17085/click - {}
RESULT: {}
COMMAND: GET /session/0fa557d69f96d3283d48a39825366b34/screenshot - {}
RESULT: {}
COMMAND: POST /session/0fa557d69f96d3283d48a39825366b34/element - {"using":"xpath","value":"//div[(text() = 'Standard Entry' or . = 'Standard Entry')]"}
RESULT: {"using":"xpath","value":"//div[(text() = 'Standard Entry' or . = 'Standard Entry')]"}
COMMAND: POST /session/0fa557d69f96d3283d48a39825366b34/element/f.3F808B98CDAAA2B1E2AEFB154760237E.d.B98BD85A5F941D96002DE5E2398E55B8.e.17087/click - {}
RESULT: {}
COMMAND: POST /session/0fa557d69f96d3283d48a39825366b34/element - {"using":"xpath","value":"//td[6]/div/div/input[1]"}
COMMAND: GET /session/0fa557d69f96d3283d48a39825366b34/screenshot - {}
RESULT: {"using":"xpath","value":"//td[6]/div/div/input[1]"}
COMMAND: POST /session/0fa557d69f96d3283d48a39825366b34/element/f.3F808B98CDAAA2B1E2AEFB154760237E.d.B98BD85A5F941D96002DE5E2398E55B8.e.17089/click - {}
RESULT: {}
RESULT: {}
COMMAND: POST /session/0fa557d69f96d3283d48a39825366b34/actions - {"actions":[{"id":"action44","type":"key","parameters":{},"actions":[{"type":"keyDown","value":""},{"type":"pause","duration":10},{"type":"keyUp","value":""}]}]}
COMMAND: GET /session/0fa557d69f96d3283d48a39825366b34/screenshot - {}
RESULT: {"actions":[{"id":"action44","type":"key","parameters":{},"actions":[{"type":"keyDown","value":""},{"type":"pause","duration":10},{"type":"keyUp","value":""}]}]}
COMMAND: POST /session/0fa557d69f96d3283d48a39825366b34/element - {"using":"xpath","value":"//td[6]/div/div/input[1]"}
COMMAND: GET /session/0fa557d69f96d3283d48a39825366b34/screenshot - {}
RESULT: {}
RESULT: {"using":"xpath","value":"//td[6]/div/div/input[1]"}
COMMAND: POST /session/0fa557d69f96d3283d48a39825366b34/element/f.3F808B98CDAAA2B1E2AEFB154760237E.d.B98BD85A5F941D96002DE5E2398E55B8.e.17089/clear - {}
RESULT: {}
RESULT: {}
COMMAND: POST /session/0fa557d69f96d3283d48a39825366b34/element/f.3F808B98CDAAA2B1E2AEFB154760237E.d.B98BD85A5F941D96002DE5E2398E55B8.e.17089/value - {"text":"Material"}
COMMAND: GET /session/0fa557d69f96d3283d48a39825366b34/screenshot - {}
RESULT: {"text":"Material"}
COMMAND: GET /session/0fa557d69f96d3283d48a39825366b34/screenshot - {}
RESULT: {}
RESULT: {}
COMMAND: POST /session/0fa557d69f96d3283d48a39825366b34/actions - {"actions":[{"id":"action45","type":"key","parameters":{},"actions":[{"type":"keyDown","value":""},{"type":"pause","duration":10},{"type":"keyUp","value":""}]}]}
RESULT: {"actions":[{"id":"action45","type":"key","parameters":{},"actions":[{"type":"keyDown","value":""},{"type":"pause","duration":10},{"type":"keyUp","value":""}]}]}
COMMAND: GET /session/0fa557d69f96d3283d48a39825366b34/screenshot - {}
RESULT: {}
COMMAND: POST /session/0fa557d69f96d3283d48a39825366b34/actions - {"actions":[{"id":"action46","type":"key","parameters":{},"actions":[{"type":"keyDown","value":""},{"type":"pause","duration":10},{"type":"keyUp","value":""}]}]}
RESULT: {"actions":[{"id":"action46","type":"key","parameters":{},"actions":[{"type":"keyDown","value":""},{"type":"pause","duration":10},{"type":"keyUp","value":""}]}]}
COMMAND: POST /session/0fa557d69f96d3283d48a39825366b34/element - {"using":"xpath","value":"//td[7]/div/div/input"}
COMMAND: GET /session/0fa557d69f96d3283d48a39825366b34/screenshot - {}
RESULT: {"using":"xpath","value":"//td[7]/div/div/input"}
COMMAND: POST /session/0fa557d69f96d3283d48a39825366b34/element/f.3F808B98CDAAA2B1E2AEFB154760237E.d.B98BD85A5F941D96002DE5E2398E55B8.e.17102/clear - {}
RESULT: {}
RESULT: {}
COMMAND: POST /session/0fa557d69f96d3283d48a39825366b34/element/f.3F808B98CDAAA2B1E2AEFB154760237E.d.B98BD85A5F941D96002DE5E2398E55B8.e.17102/value - {"text":"WebdriverRUR2C8pyso"}
COMMAND: GET /session/0fa557d69f96d3283d48a39825366b34/screenshot - {}
RESULT: {"text":"WebdriverRUR2C8pyso"}
COMMAND: GET /session/0fa557d69f96d3283d48a39825366b34/screenshot - {}
RESULT: {}
RESULT: {}
COMMAND: POST /session/0fa557d69f96d3283d48a39825366b34/actions - {"actions":[{"id":"action47","type":"key","parameters":{},"actions":[{"type":"keyDown","value":""},{"type":"pause","duration":10},{"type":"keyUp","value":""}]}]}
RESULT: {"actions":[{"id":"action47","type":"key","parameters":{},"actions":[{"type":"keyDown","value":""},{"type":"pause","duration":10},{"type":"keyUp","value":""}]}]}
COMMAND: GET /session/0fa557d69f96d3283d48a39825366b34/screenshot - {}
RESULT: {}
COMMAND: POST /session/0fa557d69f96d3283d48a39825366b34/actions - {"actions":[{"id":"action48","type":"key","parameters":{},"actions":[{"type":"keyDown","value":""},{"type":"pause","duration":10},{"type":"keyUp","value":""}]}]}
RESULT: {"actions":[{"id":"action48","type":"key","parameters":{},"actions":[{"type":"keyDown","value":""},{"type":"pause","duration":10},{"type":"keyUp","value":""}]}]}
COMMAND: GET /session/0fa557d69f96d3283d48a39825366b34/screenshot - {}
RESULT: {}
COMMAND: POST /session/0fa557d69f96d3283d48a39825366b34/element - {"using":"xpath","value":"(//button[@data-kt=\"saveButton\"])[2]"}
RESULT: {"using":"xpath","value":"(//button[@data-kt=\"saveButton\"])[2]"}
COMMAND: POST /session/0fa557d69f96d3283d48a39825366b34/element/f.3F808B98CDAAA2B1E2AEFB154760237E.d.B98BD85A5F941D96002DE5E2398E55B8.e.17128/click - {}
RESULT: {}
COMMAND: GET /session/0fa557d69f96d3283d48a39825366b34/screenshot - {}
RESULT: {}
]]></system-out>
    </testcase>
    <testcase classname="chrome.135_0_7049_42.windows.Create_masterdata_for_Yard_Overview_-_trigger_provide_US130988" name="Navigate to Yard overview and provide the RU" time="122.868">
      <system-out><![CDATA[
COMMAND: POST /session/0fa557d69f96d3283d48a39825366b34/element - {"using":"css selector","value":"#shell-header-logo"}
RESULT: {"using":"css selector","value":"#shell-header-logo"}
COMMAND: POST /session/0fa557d69f96d3283d48a39825366b34/element/f.3F808B98CDAAA2B1E2AEFB154760237E.d.B98BD85A5F941D96002DE5E2398E55B8.e.16589/click - {}
RESULT: {}
COMMAND: GET /session/0fa557d69f96d3283d48a39825366b34/screenshot - {}
RESULT: {}
COMMAND: POST /session/0fa557d69f96d3283d48a39825366b34/execute/async - {"script":"<script> [1562 bytes]","args":[{"selector":{"controlType":"sap.m.GenericTile","properties":{"header":"Yard Overview"}},"wdio_ui5_key":"sapm.GenericTile{\"header\":\"Yard Overview\"}"}]}
RESULT: {"script":"<script> [1562 bytes]","args":[{"selector":{"controlType":"sap.m.GenericTile","properties":{"header":"Yard Overview"}},"wdio_ui5_key":"sapm.GenericTile{\"header\":\"Yard Overview\"}"}]}
RESULT: undefined
COMMAND: POST /session/0fa557d69f96d3283d48a39825366b34/element - {"using":"xpath","value":"//*[@id=\"__tile102\"]"}
RESULT: {"using":"xpath","value":"//*[@id=\"__tile102\"]"}
COMMAND: POST /session/0fa557d69f96d3283d48a39825366b34/element/f.3F808B98CDAAA2B1E2AEFB154760237E.d.B98BD85A5F941D96002DE5E2398E55B8.e.17132/click - {}
RESULT: {}
COMMAND: GET /session/0fa557d69f96d3283d48a39825366b34/screenshot - {}
RESULT: {}
COMMAND: POST /session/0fa557d69f96d3283d48a39825366b34/execute/async - {"script":"<script> [1562 bytes]","args":[{"selector":{"id":"application-yardoverview-display-component---masterYardInventory--smartFilterBar-btnBasicSearch","interaction":{"idSuffix":"I"}},"wdio_ui5_key":"applicationyardoverview-display-component---masterYardInventory--smartFilterBar-btnBasicSearch"}]}
RESULT: {"script":"<script> [1562 bytes]","args":[{"selector":{"id":"application-yardoverview-display-component---masterYardInventory--smartFilterBar-btnBasicSearch","interaction":{"idSuffix":"I"}},"wdio_ui5_key":"applicationyardoverview-display-component---masterYardInventory--smartFilterBar-btnBasicSearch"}]}
RESULT: undefined
COMMAND: POST /session/0fa557d69f96d3283d48a39825366b34/execute/async - {"script":"<script> [776 bytes]","args":[{"enterText":"WebdriverYardvwabj","selector":{"id":"application-yardoverview-display-component---masterYardInventory--smartFilterBar-btnBasicSearch","interaction":{"idSuffix":"I"}},"clearTextFirst":true,"interactionType":"ENTER_TEXT"}]}
RESULT: {"script":"<script> [776 bytes]","args":[{"enterText":"WebdriverYardvwabj","selector":{"id":"application-yardoverview-display-component---masterYardInventory--smartFilterBar-btnBasicSearch","interaction":{"idSuffix":"I"}},"clearTextFirst":true,"interactionType":"ENTER_TEXT"}]}
COMMAND: POST /session/0fa557d69f96d3283d48a39825366b34/actions - {"actions":[{"id":"action49","type":"key","parameters":{},"actions":[{"type":"keyDown","value":""},{"type":"pause","duration":10},{"type":"keyUp","value":""}]}]}
RESULT: {"actions":[{"id":"action49","type":"key","parameters":{},"actions":[{"type":"keyDown","value":""},{"type":"pause","duration":10},{"type":"keyUp","value":""}]}]}
COMMAND: GET /session/0fa557d69f96d3283d48a39825366b34/screenshot - {}
RESULT: {}
COMMAND: POST /session/0fa557d69f96d3283d48a39825366b34/execute/async - {"script":"<script> [1562 bytes]","args":[{"selector":{"controlType":"sap.m.ColumnListItem","viewName":"etm.portal.ui.yardoverview.view.Master","viewId":"application-yardoverview-display-component---masterYardInventory","properties":{"type":"Navigation"},"interaction":{"idSuffix":"TypeCell"}},"wdio_ui5_key":"etmportal.ui.yardoverview.view.Mastersap.m.ColumnListItem{\"type\":\"Navigation\"}"}]}
RESULT: {"script":"<script> [1562 bytes]","args":[{"selector":{"controlType":"sap.m.ColumnListItem","viewName":"etm.portal.ui.yardoverview.view.Master","viewId":"application-yardoverview-display-component---masterYardInventory","properties":{"type":"Navigation"},"interaction":{"idSuffix":"TypeCell"}},"wdio_ui5_key":"etmportal.ui.yardoverview.view.Mastersap.m.ColumnListItem{\"type\":\"Navigation\"}"}]}
RESULT: undefined
COMMAND: POST /session/0fa557d69f96d3283d48a39825366b34/element - {"using":"xpath","value":"//*[@id=\"__item1314-__clone3695\"]"}
RESULT: {"using":"xpath","value":"//*[@id=\"__item1314-__clone3695\"]"}
COMMAND: POST /session/0fa557d69f96d3283d48a39825366b34/element/f.3F808B98CDAAA2B1E2AEFB154760237E.d.B98BD85A5F941D96002DE5E2398E55B8.e.17211/click - {}
RESULT: {}
COMMAND: GET /session/0fa557d69f96d3283d48a39825366b34/screenshot - {}
RESULT: {}
COMMAND: POST /session/0fa557d69f96d3283d48a39825366b34/execute/async - {"script":"<script> [1562 bytes]","args":[{"selector":{"id":"application-yardoverview-display-component---detailYardInventory--openProvides-triggerAction-provideBtn","interaction":{"idSuffix":"BDI-content"}},"wdio_ui5_key":"applicationyardoverview-display-component---detailYardInventory--openProvides-triggerAction-provideBtn"}]}
RESULT: {"script":"<script> [1562 bytes]","args":[{"selector":{"id":"application-yardoverview-display-component---detailYardInventory--openProvides-triggerAction-provideBtn","interaction":{"idSuffix":"BDI-content"}},"wdio_ui5_key":"applicationyardoverview-display-component---detailYardInventory--openProvides-triggerAction-provideBtn"}]}
RESULT: undefined
COMMAND: POST /session/0fa557d69f96d3283d48a39825366b34/element - {"using":"xpath","value":"//*[@id=\"application-yardoverview-display-component---detailYardInventory--openProvides-triggerAction-provideBtn\"]"}
RESULT: {"using":"xpath","value":"//*[@id=\"application-yardoverview-display-component---detailYardInventory--openProvides-triggerAction-provideBtn\"]"}
COMMAND: POST /session/0fa557d69f96d3283d48a39825366b34/element/f.3F808B98CDAAA2B1E2AEFB154760237E.d.B98BD85A5F941D96002DE5E2398E55B8.e.17247/click - {}
RESULT: {}
COMMAND: POST /session/0fa557d69f96d3283d48a39825366b34/execute/async - {"script":"<script> [1562 bytes]","args":[{"selector":{"controlType":"sap.m.CheckBox","viewName":"etm.portal.ui.yardoverview.view.Detail","viewId":"application-yardoverview-display-component---detailYardInventory","properties":{"editable":true},"ancestor":{"controlType":"sap.m.ColumnListItem","viewName":"etm.portal.ui.yardoverview.view.Detail","viewId":"application-yardoverview-display-component---detailYardInventory","bindingPath":{"path":"/SmartOpenRUYardInventory(CONTRACT='10292',ITEM=10m,SUB_ITEM=0m)"},"ancestor":{"id":"application-yardoverview-display-component---detailYardInventory--customProvidesTable"}},"interaction":{"idSuffix":"CbBg"}},"wdio_ui5_key":"etmportal.ui.yardoverview.view.Detailsap.m.CheckBox{\"editable\":true}{\"controlType\":\"sap.m.ColumnListItem\",\"viewName\":\"etm.portal.ui.yardoverview.view.Detail\",\"viewId\":\"application-yardoverview-display-component---detailYardInventory\",\"bindingPath\":{\"path\":\"/SmartOpenRUYardInventory(CONTRACT='10292',ITEM=10m,SUB_ITEM=0m)\"},\"ancestor\":{\"id\":\"application-yardoverview-display-component---detailYardInventory--customProvidesTable\"}}"}]}
COMMAND: GET /session/0fa557d69f96d3283d48a39825366b34/screenshot - {}
RESULT: {"script":"<script> [1562 bytes]","args":[{"selector":{"controlType":"sap.m.CheckBox","viewName":"etm.portal.ui.yardoverview.view.Detail","viewId":"application-yardoverview-display-component---detailYardInventory","properties":{"editable":true},"ancestor":{"controlType":"sap.m.ColumnListItem","viewName":"etm.portal.ui.yardoverview.view.Detail","viewId":"application-yardoverview-display-component---detailYardInventory","bindingPath":{"path":"/SmartOpenRUYardInventory(CONTRACT='10292',ITEM=10m,SUB_ITEM=0m)"},"ancestor":{"id":"application-yardoverview-display-component---detailYardInventory--customProvidesTable"}},"interaction":{"idSuffix":"CbBg"}},"wdio_ui5_key":"etmportal.ui.yardoverview.view.Detailsap.m.CheckBox{\"editable\":true}{\"controlType\":\"sap.m.ColumnListItem\",\"viewName\":\"etm.portal.ui.yardoverview.view.Detail\",\"viewId\":\"application-yardoverview-display-component---detailYardInventory\",\"bindingPath\":{\"path\":\"/SmartOpenRUYardInventory(CONTRACT='10292',ITEM=10m,SUB_ITEM=0m)\"},\"ancestor\":{\"id\":\"application-yardoverview-display-component---detailYardInventory--customProvidesTable\"}}"}]}
RESULT: undefined
COMMAND: POST /session/0fa557d69f96d3283d48a39825366b34/element - {"using":"xpath","value":"//*[@id=\"__item1344-__clone3795-selectMulti\"]"}
RESULT: {}
RESULT: {"using":"xpath","value":"//*[@id=\"__item1344-__clone3795-selectMulti\"]"}
COMMAND: POST /session/0fa557d69f96d3283d48a39825366b34/element/f.3F808B98CDAAA2B1E2AEFB154760237E.d.B98BD85A5F941D96002DE5E2398E55B8.e.17325/click - {}
RESULT: {}
COMMAND: GET /session/0fa557d69f96d3283d48a39825366b34/screenshot - {}
RESULT: {}
RESULT: undefined
COMMAND: POST /session/0fa557d69f96d3283d48a39825366b34/element - {"using":"xpath","value":"//*[@id=\"application-yardoverview-display-component---detailYardInventory--openProvides-triggerAction-provideBtn\"]"}
RESULT: {"using":"xpath","value":"//*[@id=\"application-yardoverview-display-component---detailYardInventory--openProvides-triggerAction-provideBtn\"]"}
COMMAND: POST /session/0fa557d69f96d3283d48a39825366b34/element/f.3F808B98CDAAA2B1E2AEFB154760237E.d.B98BD85A5F941D96002DE5E2398E55B8.e.17247/click - {}
RESULT: {}
COMMAND: GET /session/0fa557d69f96d3283d48a39825366b34/screenshot - {}
RESULT: {}
COMMAND: POST /session/0fa557d69f96d3283d48a39825366b34/actions - {"actions":[{"id":"action50","type":"key","parameters":{},"actions":[{"type":"keyDown","value":""},{"type":"pause","duration":10},{"type":"keyUp","value":""}]}]}
RESULT: {"actions":[{"id":"action50","type":"key","parameters":{},"actions":[{"type":"keyDown","value":""},{"type":"pause","duration":10},{"type":"keyUp","value":""}]}]}
COMMAND: GET /session/0fa557d69f96d3283d48a39825366b34/screenshot - {}
RESULT: {}
COMMAND: POST /session/0fa557d69f96d3283d48a39825366b34/execute/async - {"script":"<script> [1562 bytes]","args":[{"selector":{"id":"application-yardoverview-display-component---detailYardInventory--smartTableProvides-btnPersonalisation-img"},"wdio_ui5_key":"applicationyardoverview-display-component---detailYardInventory--smartTableProvides-btnPersonalisation-img"}]}
RESULT: {"script":"<script> [1562 bytes]","args":[{"selector":{"id":"application-yardoverview-display-component---detailYardInventory--smartTableProvides-btnPersonalisation-img"},"wdio_ui5_key":"applicationyardoverview-display-component---detailYardInventory--smartTableProvides-btnPersonalisation-img"}]}
RESULT: undefined
COMMAND: POST /session/0fa557d69f96d3283d48a39825366b34/element - {"using":"xpath","value":"//*[@id=\"application-yardoverview-display-component---detailYardInventory--smartTableProvides-btnPersonalisation-img\"]"}
RESULT: {"using":"xpath","value":"//*[@id=\"application-yardoverview-display-component---detailYardInventory--smartTableProvides-btnPersonalisation-img\"]"}
COMMAND: POST /session/0fa557d69f96d3283d48a39825366b34/element/f.3F808B98CDAAA2B1E2AEFB154760237E.d.B98BD85A5F941D96002DE5E2398E55B8.e.17259/click - {}
RESULT: {}
COMMAND: POST /session/0fa557d69f96d3283d48a39825366b34/element - {"using":"xpath","value":"//input[contains(@id ,\"searchField-I\")]"}
COMMAND: GET /session/0fa557d69f96d3283d48a39825366b34/screenshot - {}
RESULT: {"using":"xpath","value":"//input[contains(@id ,\"searchField-I\")]"}
COMMAND: POST /session/0fa557d69f96d3283d48a39825366b34/element/f.3F808B98CDAAA2B1E2AEFB154760237E.d.B98BD85A5F941D96002DE5E2398E55B8.e.17344/clear - {}
RESULT: {}
RESULT: {}
COMMAND: POST /session/0fa557d69f96d3283d48a39825366b34/element/f.3F808B98CDAAA2B1E2AEFB154760237E.d.B98BD85A5F941D96002DE5E2398E55B8.e.17344/value - {"text":"Handover Provided"}
COMMAND: GET /session/0fa557d69f96d3283d48a39825366b34/screenshot - {}
RESULT: {"text":"Handover Provided"}
COMMAND: GET /session/0fa557d69f96d3283d48a39825366b34/screenshot - {}
RESULT: {}
RESULT: {}
COMMAND: POST /session/0fa557d69f96d3283d48a39825366b34/element - {"using":"xpath","value":"//div[contains(@id ,\"innerSelectionPanelTable-sa-CbBg\")]"}
RESULT: {"using":"xpath","value":"//div[contains(@id ,\"innerSelectionPanelTable-sa-CbBg\")]"}
COMMAND: POST /session/0fa557d69f96d3283d48a39825366b34/element/f.3F808B98CDAAA2B1E2AEFB154760237E.d.B98BD85A5F941D96002DE5E2398E55B8.e.17380/click - {}
RESULT: {}
COMMAND: POST /session/0fa557d69f96d3283d48a39825366b34/execute/async - {"script":"<script> [1562 bytes]","args":[{"selector":{"controlType":"sap.m.Button","viewName":"etm.portal.ui.yardoverview.view.Detail","viewId":"application-yardoverview-display-component---detailYardInventory","properties":{"text":"OK"},"searchOpenDialogs":true,"interaction":{"idSuffix":"BDI-content"}},"wdio_ui5_key":"etmportal.ui.yardoverview.view.Detailsap.m.Button{\"text\":\"OK\"}"}]}
COMMAND: GET /session/0fa557d69f96d3283d48a39825366b34/screenshot - {}
RESULT: {"script":"<script> [1562 bytes]","args":[{"selector":{"controlType":"sap.m.Button","viewName":"etm.portal.ui.yardoverview.view.Detail","viewId":"application-yardoverview-display-component---detailYardInventory","properties":{"text":"OK"},"searchOpenDialogs":true,"interaction":{"idSuffix":"BDI-content"}},"wdio_ui5_key":"etmportal.ui.yardoverview.view.Detailsap.m.Button{\"text\":\"OK\"}"}]}
RESULT: undefined
COMMAND: POST /session/0fa557d69f96d3283d48a39825366b34/element - {"using":"xpath","value":"//*[@id=\"__popup248-confirmBtn\"]"}
RESULT: {}
RESULT: {"using":"xpath","value":"//*[@id=\"__popup248-confirmBtn\"]"}
COMMAND: POST /session/0fa557d69f96d3283d48a39825366b34/element/f.3F808B98CDAAA2B1E2AEFB154760237E.d.B98BD85A5F941D96002DE5E2398E55B8.e.17382/click - {}
RESULT: {}
COMMAND: POST /session/0fa557d69f96d3283d48a39825366b34/element - {"using":"xpath","value":"//a[contains(@data-kt ,\"OpenProvidesHandOverItemLink\")]"}
COMMAND: GET /session/0fa557d69f96d3283d48a39825366b34/screenshot - {}
RESULT: {"using":"xpath","value":"//a[contains(@data-kt ,\"OpenProvidesHandOverItemLink\")]"}
COMMAND: POST /session/0fa557d69f96d3283d48a39825366b34/elements - {"using":"xpath","value":"//a[contains(@data-kt ,\"OpenProvidesHandOverItemLink\")]"}
RESULT: {}
RESULT: {"using":"xpath","value":"//a[contains(@data-kt ,\"OpenProvidesHandOverItemLink\")]"}
COMMAND: POST /session/0fa557d69f96d3283d48a39825366b34/element - {"using":"xpath","value":"//a[contains(@data-kt ,\"OpenProvidesHandOverItemLink\")]"}
RESULT: {"using":"xpath","value":"//a[contains(@data-kt ,\"OpenProvidesHandOverItemLink\")]"}
COMMAND: POST /session/0fa557d69f96d3283d48a39825366b34/element/f.3F808B98CDAAA2B1E2AEFB154760237E.d.B98BD85A5F941D96002DE5E2398E55B8.e.17387/click - {}
RESULT: {}
COMMAND: GET /session/0fa557d69f96d3283d48a39825366b34/screenshot - {}
RESULT: {}
COMMAND: POST /session/0fa557d69f96d3283d48a39825366b34/actions - {"actions":[{"id":"action51","type":"key","parameters":{},"actions":[{"type":"keyDown","value":""},{"type":"pause","duration":10},{"type":"keyUp","value":""}]}]}
RESULT: {"actions":[{"id":"action51","type":"key","parameters":{},"actions":[{"type":"keyDown","value":""},{"type":"pause","duration":10},{"type":"keyUp","value":""}]}]}
COMMAND: GET /session/0fa557d69f96d3283d48a39825366b34/screenshot - {}
RESULT: {}
COMMAND: POST /session/0fa557d69f96d3283d48a39825366b34/execute/async - {"script":"<script> [1562 bytes]","args":[{"selector":{"controlType":"sap.m.Button","viewName":"etm.portal.ui.managehandovers.view.DetailExecuteHO","i18NText":{"propertyName":"text","key":"confirmAll"},"interaction":{"idSuffix":"BDI-content"}},"wdio_ui5_key":"etmportal.ui.managehandovers.view.DetailExecuteHOsap.m.Button{\"propertyName\":\"text\",\"key\":\"confirmAll\"}"}]}
RESULT: {"script":"<script> [1562 bytes]","args":[{"selector":{"controlType":"sap.m.Button","viewName":"etm.portal.ui.managehandovers.view.DetailExecuteHO","i18NText":{"propertyName":"text","key":"confirmAll"},"interaction":{"idSuffix":"BDI-content"}},"wdio_ui5_key":"etmportal.ui.managehandovers.view.DetailExecuteHOsap.m.Button{\"propertyName\":\"text\",\"key\":\"confirmAll\"}"}]}
RESULT: undefined
COMMAND: POST /session/0fa557d69f96d3283d48a39825366b34/element - {"using":"xpath","value":"//*[@id=\"__button150\"]"}
RESULT: {"using":"xpath","value":"//*[@id=\"__button150\"]"}
COMMAND: POST /session/0fa557d69f96d3283d48a39825366b34/element/f.3F808B98CDAAA2B1E2AEFB154760237E.d.B98BD85A5F941D96002DE5E2398E55B8.e.17537/click - {}
RESULT: {}
COMMAND: GET /session/0fa557d69f96d3283d48a39825366b34/screenshot - {}
RESULT: {}
COMMAND: POST /session/0fa557d69f96d3283d48a39825366b34/execute/async - {"script":"<script> [1562 bytes]","args":[{"selector":{"controlType":"sap.m.Button","properties":{"text":"OK"},"searchOpenDialogs":true,"interaction":{"idSuffix":"BDI-content"}},"wdio_ui5_key":"sapm.Button{\"text\":\"OK\"}"}]}
RESULT: {"script":"<script> [1562 bytes]","args":[{"selector":{"controlType":"sap.m.Button","properties":{"text":"OK"},"searchOpenDialogs":true,"interaction":{"idSuffix":"BDI-content"}},"wdio_ui5_key":"sapm.Button{\"text\":\"OK\"}"}]}
RESULT: undefined
COMMAND: POST /session/0fa557d69f96d3283d48a39825366b34/element - {"using":"xpath","value":"//*[@id=\"__mbox-btn-4\"]"}
RESULT: {"using":"xpath","value":"//*[@id=\"__mbox-btn-4\"]"}
COMMAND: POST /session/0fa557d69f96d3283d48a39825366b34/element/f.3F808B98CDAAA2B1E2AEFB154760237E.d.B98BD85A5F941D96002DE5E2398E55B8.e.17540/click - {}
RESULT: {}
COMMAND: GET /session/0fa557d69f96d3283d48a39825366b34/screenshot - {}
RESULT: {}
COMMAND: POST /session/0fa557d69f96d3283d48a39825366b34/execute/async - {"script":"<script> [1562 bytes]","args":[{"selector":{"controlType":"sap.m.Button","viewName":"etm.portal.ui.managehandovers.view.DetailExecuteHO","i18NText":{"propertyName":"text","key":"issue"},"ancestor":{"controlType":"sap.uxap.ObjectPageDynamicHeaderTitle","viewName":"etm.portal.ui.managehandovers.view.DetailExecuteHO","bindingPath":{"path":"","propertyPath":"/layout","modelName":"frontEndModel"}},"interaction":{"idSuffix":"BDI-content"}},"wdio_ui5_key":"etmportal.ui.managehandovers.view.DetailExecuteHOsap.m.Button{\"propertyName\":\"text\",\"key\":\"issue\"}{\"controlType\":\"sap.uxap.ObjectPageDynamicHeaderTitle\",\"viewName\":\"etm.portal.ui.managehandovers.view.DetailExecuteHO\",\"bindingPath\":{\"path\":\"\",\"propertyPath\":\"/layout\",\"modelName\":\"frontEndModel\"}}"}]}
RESULT: {"script":"<script> [1562 bytes]","args":[{"selector":{"controlType":"sap.m.Button","viewName":"etm.portal.ui.managehandovers.view.DetailExecuteHO","i18NText":{"propertyName":"text","key":"issue"},"ancestor":{"controlType":"sap.uxap.ObjectPageDynamicHeaderTitle","viewName":"etm.portal.ui.managehandovers.view.DetailExecuteHO","bindingPath":{"path":"","propertyPath":"/layout","modelName":"frontEndModel"}},"interaction":{"idSuffix":"BDI-content"}},"wdio_ui5_key":"etmportal.ui.managehandovers.view.DetailExecuteHOsap.m.Button{\"propertyName\":\"text\",\"key\":\"issue\"}{\"controlType\":\"sap.uxap.ObjectPageDynamicHeaderTitle\",\"viewName\":\"etm.portal.ui.managehandovers.view.DetailExecuteHO\",\"bindingPath\":{\"path\":\"\",\"propertyPath\":\"/layout\",\"modelName\":\"frontEndModel\"}}"}]}
RESULT: undefined
COMMAND: POST /session/0fa557d69f96d3283d48a39825366b34/element - {"using":"xpath","value":"//*[@id=\"__button125\"]"}
RESULT: {"using":"xpath","value":"//*[@id=\"__button125\"]"}
COMMAND: POST /session/0fa557d69f96d3283d48a39825366b34/element/f.3F808B98CDAAA2B1E2AEFB154760237E.d.B98BD85A5F941D96002DE5E2398E55B8.e.17544/click - {}
RESULT: {}
COMMAND: GET /session/0fa557d69f96d3283d48a39825366b34/screenshot - {}
COMMAND: POST /session/0fa557d69f96d3283d48a39825366b34/element - {"using":"css selector","value":"#shell-header-logo"}
RESULT: {}
RESULT: {"using":"css selector","value":"#shell-header-logo"}
COMMAND: POST /session/0fa557d69f96d3283d48a39825366b34/element/f.3F808B98CDAAA2B1E2AEFB154760237E.d.B98BD85A5F941D96002DE5E2398E55B8.e.17135/click - {}
RESULT: {}
COMMAND: GET /session/0fa557d69f96d3283d48a39825366b34/screenshot - {}
RESULT: {}
COMMAND: POST /session/0fa557d69f96d3283d48a39825366b34/execute/async - {"script":"<script> [1562 bytes]","args":[{"selector":{"controlType":"sap.m.GenericTile","properties":{"header":"Manage Contracts"}},"wdio_ui5_key":"sapm.GenericTile{\"header\":\"Manage Contracts\"}"}]}
RESULT: {"script":"<script> [1562 bytes]","args":[{"selector":{"controlType":"sap.m.GenericTile","properties":{"header":"Manage Contracts"}},"wdio_ui5_key":"sapm.GenericTile{\"header\":\"Manage Contracts\"}"}]}
RESULT: undefined
COMMAND: POST /session/0fa557d69f96d3283d48a39825366b34/element - {"using":"xpath","value":"//*[@id=\"__tile130\"]"}
RESULT: {"using":"xpath","value":"//*[@id=\"__tile130\"]"}
COMMAND: POST /session/0fa557d69f96d3283d48a39825366b34/element/f.3F808B98CDAAA2B1E2AEFB154760237E.d.B98BD85A5F941D96002DE5E2398E55B8.e.15907/click - {}
RESULT: {}
COMMAND: GET /session/0fa557d69f96d3283d48a39825366b34/screenshot - {}
RESULT: {}
RESULT: undefined
RESULT: undefined
COMMAND: POST /session/0fa557d69f96d3283d48a39825366b34/execute/async - {"script":"<script> [1562 bytes]","args":[{"selector":{"controlType":"sap.m.SearchField","viewName":"etm.portal.ui.managecontracts.view.Master","bindingPath":{"path":"","propertyPath":"/_BASIC_SEARCH_FIELD","modelName":"fi1t3rM0d31"},"interaction":{"idSuffix":"I"}},"wdio_ui5_key":"etmportal.ui.managecontracts.view.Mastersap.m.SearchField{\"path\":\"\",\"propertyPath\":\"/_BASIC_SEARCH_FIELD\",\"modelName\":\"fi1t3rM0d31\"}"}]}
RESULT: {"script":"<script> [1562 bytes]","args":[{"selector":{"controlType":"sap.m.SearchField","viewName":"etm.portal.ui.managecontracts.view.Master","bindingPath":{"path":"","propertyPath":"/_BASIC_SEARCH_FIELD","modelName":"fi1t3rM0d31"},"interaction":{"idSuffix":"I"}},"wdio_ui5_key":"etmportal.ui.managecontracts.view.Mastersap.m.SearchField{\"path\":\"\",\"propertyPath\":\"/_BASIC_SEARCH_FIELD\",\"modelName\":\"fi1t3rM0d31\"}"}]}
RESULT: undefined
COMMAND: POST /session/0fa557d69f96d3283d48a39825366b34/execute/async - {"script":"<script> [776 bytes]","args":[{"enterText":"10292","selector":{"controlType":"sap.m.SearchField","viewName":"etm.portal.ui.managecontracts.view.Master","bindingPath":{"path":"","propertyPath":"/_BASIC_SEARCH_FIELD","modelName":"fi1t3rM0d31"},"interaction":{"idSuffix":"I"}},"clearTextFirst":true,"interactionType":"ENTER_TEXT"}]}
RESULT: {"script":"<script> [776 bytes]","args":[{"enterText":"10292","selector":{"controlType":"sap.m.SearchField","viewName":"etm.portal.ui.managecontracts.view.Master","bindingPath":{"path":"","propertyPath":"/_BASIC_SEARCH_FIELD","modelName":"fi1t3rM0d31"},"interaction":{"idSuffix":"I"}},"clearTextFirst":true,"interactionType":"ENTER_TEXT"}]}
COMMAND: POST /session/0fa557d69f96d3283d48a39825366b34/actions - {"actions":[{"id":"action52","type":"key","parameters":{},"actions":[{"type":"keyDown","value":""},{"type":"pause","duration":10},{"type":"keyUp","value":""}]}]}
RESULT: {"actions":[{"id":"action52","type":"key","parameters":{},"actions":[{"type":"keyDown","value":""},{"type":"pause","duration":10},{"type":"keyUp","value":""}]}]}
COMMAND: GET /session/0fa557d69f96d3283d48a39825366b34/screenshot - {}
RESULT: {}
COMMAND: POST /session/0fa557d69f96d3283d48a39825366b34/execute/async - {"script":"<script> [1562 bytes]","args":[{"selector":{"controlType":"sap.ui.core.Icon","viewName":"etm.portal.ui.managecontracts.view.Master","properties":{"src":{"regex":{"source":"slim\\-arrow\\-right"}}}},"wdio_ui5_key":"etmportal.ui.managecontracts.view.Mastersap.ui.core.Icon{\"src\":{\"regex\":{\"source\":\"slim\\\\-arrow\\\\-right\"}}}"}]}
RESULT: {"script":"<script> [1562 bytes]","args":[{"selector":{"controlType":"sap.ui.core.Icon","viewName":"etm.portal.ui.managecontracts.view.Master","properties":{"src":{"regex":{"source":"slim\\-arrow\\-right"}}}},"wdio_ui5_key":"etmportal.ui.managecontracts.view.Mastersap.ui.core.Icon{\"src\":{\"regex\":{\"source\":\"slim\\\\-arrow\\\\-right\"}}}"}]}
RESULT: undefined
COMMAND: POST /session/0fa557d69f96d3283d48a39825366b34/element - {"using":"xpath","value":"//*[@id=\"__item1482-__clone3973-imgNav\"]"}
RESULT: {"using":"xpath","value":"//*[@id=\"__item1482-__clone3973-imgNav\"]"}
COMMAND: POST /session/0fa557d69f96d3283d48a39825366b34/element/f.3F808B98CDAAA2B1E2AEFB154760237E.d.B98BD85A5F941D96002DE5E2398E55B8.e.17843/click - {}
RESULT: {}
COMMAND: GET /session/0fa557d69f96d3283d48a39825366b34/screenshot - {}
RESULT: {}
COMMAND: POST /session/0fa557d69f96d3283d48a39825366b34/execute/async - {"script":"<script> [1562 bytes]","args":[{"selector":{"controlType":"sap.m.ObjectStatus","viewName":"etm.portal.ui.managecontracts.view.Detail","bindingPath":{"path":"/SmartContractItems(CONTRACT='10292',ITEM=10m,SUB_ITEM=0m)","propertyPath":"STATUS"}},"wdio_ui5_key":"etmportal.ui.managecontracts.view.Detailsap.m.ObjectStatus{\"path\":\"/SmartContractItems(CONTRACT='10292',ITEM=10m,SUB_ITEM=0m)\",\"propertyPath\":\"STATUS\"}"}]}
RESULT: {"script":"<script> [1562 bytes]","args":[{"selector":{"controlType":"sap.m.ObjectStatus","viewName":"etm.portal.ui.managecontracts.view.Detail","bindingPath":{"path":"/SmartContractItems(CONTRACT='10292',ITEM=10m,SUB_ITEM=0m)","propertyPath":"STATUS"}},"wdio_ui5_key":"etmportal.ui.managecontracts.view.Detailsap.m.ObjectStatus{\"path\":\"/SmartContractItems(CONTRACT='10292',ITEM=10m,SUB_ITEM=0m)\",\"propertyPath\":\"STATUS\"}"}]}
RESULT: undefined
COMMAND: POST /session/0fa557d69f96d3283d48a39825366b34/execute/async - {"script":"<script> [6424 bytes]","args":[{"element-6066-11e4-a52e-4f735466cecf":"f.3F808B98CDAAA2B1E2AEFB154760237E.d.B98BD85A5F941D96002DE5E2398E55B8.e.17968"},"getText",[]]}
RESULT: {"script":"<script> [6424 bytes]","args":[{"element-6066-11e4-a52e-4f735466cecf":"f.3F808B98CDAAA2B1E2AEFB154760237E.d.B98BD85A5F941D96002DE5E2398E55B8.e.17968"},"getText",[]]}
COMMAND: POST /session/0fa557d69f96d3283d48a39825366b34/element - {"using":"css selector","value":"#j_username"}
COMMAND: POST /session/0fa557d69f96d3283d48a39825366b34/url - {"url":"https://qa-testing-00-live-etm-ui.cfapps.eu10-004.hana.ondemand.com/"}
RESULT: {"using":"css selector","value":"#j_username"}
COMMAND: POST /session/0fa557d69f96d3283d48a39825366b34/element - {"using":"css selector","value":"#j_username"}
RESULT: {"url":"https://qa-testing-00-live-etm-ui.cfapps.eu10-004.hana.ondemand.com/"}
RESULT: undefined
COMMAND: GET /session/0fa557d69f96d3283d48a39825366b34/screenshot - {}
RESULT: {"using":"css selector","value":"#j_username"}
COMMAND: POST /session/0fa557d69f96d3283d48a39825366b34/element - {"using":"css selector","value":"#shell-header-logo"}
RESULT: {}
RESULT: {"using":"css selector","value":"#shell-header-logo"}
COMMAND: POST /session/0fa557d69f96d3283d48a39825366b34/execute/sync - {"script":"<script> [8489 bytes]","args":[{"element-6066-11e4-a52e-4f735466cecf":"f.3F808B98CDAAA2B1E2AEFB154760237E.d.4710D79346AB775E35D9273351706B17.e.17977","ELEMENT":"f.3F808B98CDAAA2B1E2AEFB154760237E.d.4710D79346AB775E35D9273351706B17.e.17977"}]}
RESULT: {"script":"<script> [8489 bytes]","args":[{"element-6066-11e4-a52e-4f735466cecf":"f.3F808B98CDAAA2B1E2AEFB154760237E.d.4710D79346AB775E35D9273351706B17.e.17977","ELEMENT":"f.3F808B98CDAAA2B1E2AEFB154760237E.d.4710D79346AB775E35D9273351706B17.e.17977"}]}
COMMAND: POST /session/0fa557d69f96d3283d48a39825366b34/element - {"using":"css selector","value":"#shell-header-logo"}
COMMAND: GET /session/0fa557d69f96d3283d48a39825366b34/screenshot - {}
RESULT: {"using":"css selector","value":"#shell-header-logo"}
COMMAND: POST /session/0fa557d69f96d3283d48a39825366b34/execute/sync - {"script":"<script> [8489 bytes]","args":[{"element-6066-11e4-a52e-4f735466cecf":"f.3F808B98CDAAA2B1E2AEFB154760237E.d.4710D79346AB775E35D9273351706B17.e.17977","ELEMENT":"f.3F808B98CDAAA2B1E2AEFB154760237E.d.4710D79346AB775E35D9273351706B17.e.17977"}]}
RESULT: {}
RESULT: {"script":"<script> [8489 bytes]","args":[{"element-6066-11e4-a52e-4f735466cecf":"f.3F808B98CDAAA2B1E2AEFB154760237E.d.4710D79346AB775E35D9273351706B17.e.17977","ELEMENT":"f.3F808B98CDAAA2B1E2AEFB154760237E.d.4710D79346AB775E35D9273351706B17.e.17977"}]}
COMMAND: POST /session/0fa557d69f96d3283d48a39825366b34/execute/sync - {"script":"<script> [5351 bytes]","args":[{"element-6066-11e4-a52e-4f735466cecf":"f.3F808B98CDAAA2B1E2AEFB154760237E.d.4710D79346AB775E35D9273351706B17.e.17977","ELEMENT":"f.3F808B98CDAAA2B1E2AEFB154760237E.d.4710D79346AB775E35D9273351706B17.e.17977"}]}
COMMAND: GET /session/0fa557d69f96d3283d48a39825366b34/screenshot - {}
RESULT: {"script":"<script> [5351 bytes]","args":[{"element-6066-11e4-a52e-4f735466cecf":"f.3F808B98CDAAA2B1E2AEFB154760237E.d.4710D79346AB775E35D9273351706B17.e.17977","ELEMENT":"f.3F808B98CDAAA2B1E2AEFB154760237E.d.4710D79346AB775E35D9273351706B17.e.17977"}]}
COMMAND: POST /session/0fa557d69f96d3283d48a39825366b34/element - {"using":"css selector","value":"#shell-header-logo"}
COMMAND: GET /session/0fa557d69f96d3283d48a39825366b34/screenshot - {}
RESULT: {}
RESULT: {"using":"css selector","value":"#shell-header-logo"}
COMMAND: POST /session/0fa557d69f96d3283d48a39825366b34/element/f.3F808B98CDAAA2B1E2AEFB154760237E.d.4710D79346AB775E35D9273351706B17.e.17977/click - {}
RESULT: {}
RESULT: {}
COMMAND: GET /session/0fa557d69f96d3283d48a39825366b34/screenshot - {}
RESULT: {}
COMMAND: POST /session/0fa557d69f96d3283d48a39825366b34/execute/async - {"script":"<script> [189 bytes]","args":[]}
RESULT: {"script":"<script> [189 bytes]","args":[]}
COMMAND: POST /session/0fa557d69f96d3283d48a39825366b34/execute/async - {"script":"<script> [123 bytes]","args":[]}
RESULT: {"script":"<script> [123 bytes]","args":[]}
COMMAND: POST /session/0fa557d69f96d3283d48a39825366b34/timeouts - {"script":"<number>"}
RESULT: {"script":"<number>"}
COMMAND: GET /session/0fa557d69f96d3283d48a39825366b34/timeouts - {}
RESULT: {}
RESULT: undefined
COMMAND: POST /session/0fa557d69f96d3283d48a39825366b34/execute/async - {"script":"<script> [2676 bytes]","args":[]}
RESULT: {"script":"<script> [2676 bytes]","args":[]}
COMMAND: POST /session/0fa557d69f96d3283d48a39825366b34/execute/async - {"script":"<script> [2342 bytes]","args":[{"protocol":"http","hostname":"0.0.0.0","path":"/","capabilities":{"browserName":"chrome","goog:chromeOptions":{"binary":"C:\\Program Files\\Google\\Chrome\\Application\\chrome.exe","args":["--start-maximized"]}},"logLevel":"warn","connectionRetryTimeout":120000,"connectionRetryCount":3,"logLevels":{},"enableDirectConnect":true,"strictSSL":true,"_":"65 more keys: [\"cacheDir\",\"port\",\"requestedCapabilities\",\"automationProtocol\",\"baseUrl\",\"waitforInterval\",\"waitforTimeout\",\"onReload\",\"beforeCommand\",\"afterCommand\",\"rootDir\",\"specs\",\"suites\",\"exclude\",\"groupLogsByTestSpec\",\"excludeDriverLogs\",\"bail\",\"framework\",\"reporters\",\"services\",\"maxInstances\",\"maxInstancesPerCapability\",\"injectGlobals\",\"filesToWatch\",\"execArgv\",\"runnerEnv\",\"runner\",\"shard\",\"specFileRetries\",\"specFileRetriesDelay\",\"specFileRetriesDeferred\",\"reporterSyncInterval\",\"reporterSyncTimeout\",\"cucumberFeaturesWithLineNumbers\",\"autoCompileOpts\",\"mochaOpts\",\"jasmineOpts\",\"cucumberOpts\",\"onPrepare\",\"onWorkerStart\",\"onWorkerEnd\",\"before\",\"beforeSession\",\"beforeSuite\",\"beforeHook\",\"beforeTest\",\"afterTest\",\"afterHook\",\"afterSuite\",\"afterSession\",\"after\",\"onComplete\",\"beforeAssertion\",\"afterAssertion\",\"beforeFeature\",\"beforeScenario\",\"beforeStep\",\"afterStep\",\"afterScenario\",\"afterFeature\",\"_\",\"suite\",\"$0\",\"ignoredWorkerServices\",\"wdi5\"]"}]}
RESULT: {"script":"<script> [2342 bytes]","args":[{"protocol":"http","hostname":"0.0.0.0","path":"/","capabilities":{"browserName":"chrome","goog:chromeOptions":{"binary":"C:\\Program Files\\Google\\Chrome\\Application\\chrome.exe","args":["--start-maximized"]}},"logLevel":"warn","connectionRetryTimeout":120000,"connectionRetryCount":3,"logLevels":{},"enableDirectConnect":true,"strictSSL":true,"_":"65 more keys: [\"cacheDir\",\"port\",\"requestedCapabilities\",\"automationProtocol\",\"baseUrl\",\"waitforInterval\",\"waitforTimeout\",\"onReload\",\"beforeCommand\",\"afterCommand\",\"rootDir\",\"specs\",\"suites\",\"exclude\",\"groupLogsByTestSpec\",\"excludeDriverLogs\",\"bail\",\"framework\",\"reporters\",\"services\",\"maxInstances\",\"maxInstancesPerCapability\",\"injectGlobals\",\"filesToWatch\",\"execArgv\",\"runnerEnv\",\"runner\",\"shard\",\"specFileRetries\",\"specFileRetriesDelay\",\"specFileRetriesDeferred\",\"reporterSyncInterval\",\"reporterSyncTimeout\",\"cucumberFeaturesWithLineNumbers\",\"autoCompileOpts\",\"mochaOpts\",\"jasmineOpts\",\"cucumberOpts\",\"onPrepare\",\"onWorkerStart\",\"onWorkerEnd\",\"before\",\"beforeSession\",\"beforeSuite\",\"beforeHook\",\"beforeTest\",\"afterTest\",\"afterHook\",\"afterSuite\",\"afterSession\",\"after\",\"onComplete\",\"beforeAssertion\",\"afterAssertion\",\"beforeFeature\",\"beforeScenario\",\"beforeStep\",\"afterStep\",\"afterScenario\",\"afterFeature\",\"_\",\"suite\",\"$0\",\"ignoredWorkerServices\",\"wdi5\"]"}]}
COMMAND: POST /session/0fa557d69f96d3283d48a39825366b34/execute/async - {"script":"<script> [21126 bytes]","args":[35000]}
RESULT: {"script":"<script> [21126 bytes]","args":[35000]}
COMMAND: POST /session/0fa557d69f96d3283d48a39825366b34/window/maximize - {}
RESULT: {}
COMMAND: POST /session/0fa557d69f96d3283d48a39825366b34/execute/async - {"script":"<script> [1562 bytes]","args":[{"selector":{"id":"shell-header","interaction":{"idSuffix":"icon"}},"wdio_ui5_key":"shellheader"}]}
COMMAND: GET /session/0fa557d69f96d3283d48a39825366b34/screenshot - {}
RESULT: {"script":"<script> [1562 bytes]","args":[{"selector":{"id":"shell-header","interaction":{"idSuffix":"icon"}},"wdio_ui5_key":"shellheader"}]}
RESULT: undefined
RESULT: {}
]]></system-out>
    </testcase>
  </testsuite>
  <testsuite timestamp="2025-04-15T16:15:54" time="188.623" tests="1" failures="0" errors="0" skipped="0">
    <properties>
      <property name="specId" value="0"/>
      <property name="suiteName" value="Create masterdata for Yard Overview - trigger provide US130988"/>
      <property name="capabilities" value="chrome.135_0_7049_42.windows"/>
      <property name="file" value="file:///D:/a/1/s/test/specs/R2C/site-overview-return.spec.js"/>
    </properties>
    <testcase classname="chrome.135_0_7049_42.windows.Create_masterdata_for_Yard_Overview_-_trigger_provide_US130988" name="Should navigate to site overview and trigger return" time="173.124">
      <system-out><![CDATA[
COMMAND: POST /session/0fa557d69f96d3283d48a39825366b34/execute/async - {"script":"<script> [1562 bytes]","args":[{"selector":{"controlType":"sap.m.GenericTile","properties":{"header":"Site Overview"}},"wdio_ui5_key":"sapm.GenericTile{\"header\":\"Site Overview\"}"}]}
RESULT: {"script":"<script> [1562 bytes]","args":[{"selector":{"controlType":"sap.m.GenericTile","properties":{"header":"Site Overview"}},"wdio_ui5_key":"sapm.GenericTile{\"header\":\"Site Overview\"}"}]}
RESULT: undefined
COMMAND: POST /session/0fa557d69f96d3283d48a39825366b34/element - {"using":"xpath","value":"//*[@id=\"__tile100\"]"}
RESULT: {"using":"xpath","value":"//*[@id=\"__tile100\"]"}
COMMAND: POST /session/0fa557d69f96d3283d48a39825366b34/element/f.3F808B98CDAAA2B1E2AEFB154760237E.d.4710D79346AB775E35D9273351706B17.e.17991/click - {}
RESULT: {}
COMMAND: GET /session/0fa557d69f96d3283d48a39825366b34/screenshot - {}
RESULT: {}
COMMAND: POST /session/0fa557d69f96d3283d48a39825366b34/execute/async - {"script":"<script> [1562 bytes]","args":[{"selector":{"id":"application-siteinventory-display-component---masterSiteInventory--smartFilterBar-btnBasicSearch","interaction":{"idSuffix":"I"}},"wdio_ui5_key":"applicationsiteinventory-display-component---masterSiteInventory--smartFilterBar-btnBasicSearch"}]}
RESULT: {"script":"<script> [1562 bytes]","args":[{"selector":{"id":"application-siteinventory-display-component---masterSiteInventory--smartFilterBar-btnBasicSearch","interaction":{"idSuffix":"I"}},"wdio_ui5_key":"applicationsiteinventory-display-component---masterSiteInventory--smartFilterBar-btnBasicSearch"}]}
RESULT: undefined
COMMAND: POST /session/0fa557d69f96d3283d48a39825366b34/execute/async - {"script":"<script> [776 bytes]","args":[{"enterText":"WebdriverSitep1jtv","selector":{"id":"application-siteinventory-display-component---masterSiteInventory--smartFilterBar-btnBasicSearch","interaction":{"idSuffix":"I"}},"clearTextFirst":true,"interactionType":"ENTER_TEXT"}]}
RESULT: {"script":"<script> [776 bytes]","args":[{"enterText":"WebdriverSitep1jtv","selector":{"id":"application-siteinventory-display-component---masterSiteInventory--smartFilterBar-btnBasicSearch","interaction":{"idSuffix":"I"}},"clearTextFirst":true,"interactionType":"ENTER_TEXT"}]}
COMMAND: POST /session/0fa557d69f96d3283d48a39825366b34/execute/async - {"script":"<script> [1562 bytes]","args":[{"selector":{"controlType":"sap.ui.core.Icon","viewName":"etm.portal.ui.siteinventory.view.Master","viewId":"application-siteinventory-display-component---masterSiteInventory","properties":{"src":{"regex":{"source":"slim\\-arrow\\-right"}}}},"wdio_ui5_key":"etmportal.ui.siteinventory.view.Mastersap.ui.core.Icon{\"src\":{\"regex\":{\"source\":\"slim\\\\-arrow\\\\-right\"}}}"}]}
RESULT: {"script":"<script> [1562 bytes]","args":[{"selector":{"controlType":"sap.ui.core.Icon","viewName":"etm.portal.ui.siteinventory.view.Master","viewId":"application-siteinventory-display-component---masterSiteInventory","properties":{"src":{"regex":{"source":"slim\\-arrow\\-right"}}}},"wdio_ui5_key":"etmportal.ui.siteinventory.view.Mastersap.ui.core.Icon{\"src\":{\"regex\":{\"source\":\"slim\\\\-arrow\\\\-right\"}}}"}]}
RESULT: undefined
COMMAND: POST /session/0fa557d69f96d3283d48a39825366b34/element - {"using":"xpath","value":"//*[@id=\"__item20-__clone9-imgNav\"]"}
RESULT: {"using":"xpath","value":"//*[@id=\"__item20-__clone9-imgNav\"]"}
COMMAND: POST /session/0fa557d69f96d3283d48a39825366b34/element/f.3F808B98CDAAA2B1E2AEFB154760237E.d.4710D79346AB775E35D9273351706B17.e.18109/click - {}
RESULT: {}
COMMAND: GET /session/0fa557d69f96d3283d48a39825366b34/screenshot - {}
RESULT: {}
COMMAND: POST /session/0fa557d69f96d3283d48a39825366b34/execute/async - {"script":"<script> [1562 bytes]","args":[{"selector":{"id":"application-siteinventory-display-component---detailSiteInventory--onSite-triggerAction-returnBtn","interaction":{"idSuffix":"BDI-content"}},"wdio_ui5_key":"applicationsiteinventory-display-component---detailSiteInventory--onSite-triggerAction-returnBtn"}]}
RESULT: {"script":"<script> [1562 bytes]","args":[{"selector":{"id":"application-siteinventory-display-component---detailSiteInventory--onSite-triggerAction-returnBtn","interaction":{"idSuffix":"BDI-content"}},"wdio_ui5_key":"applicationsiteinventory-display-component---detailSiteInventory--onSite-triggerAction-returnBtn"}]}
RESULT: undefined
COMMAND: POST /session/0fa557d69f96d3283d48a39825366b34/element - {"using":"xpath","value":"//*[@id=\"application-siteinventory-display-component---detailSiteInventory--onSite-triggerAction-returnBtn\"]"}
RESULT: {"using":"xpath","value":"//*[@id=\"application-siteinventory-display-component---detailSiteInventory--onSite-triggerAction-returnBtn\"]"}
COMMAND: POST /session/0fa557d69f96d3283d48a39825366b34/element/f.3F808B98CDAAA2B1E2AEFB154760237E.d.4710D79346AB775E35D9273351706B17.e.18199/click - {}
RESULT: {}
COMMAND: POST /session/0fa557d69f96d3283d48a39825366b34/execute/async - {"script":"<script> [1562 bytes]","args":[{"selector":{"id":"application-siteinventory-display-component---detailSiteInventory--smartSiteHoItemsTable-sa","interaction":{"idSuffix":"CbBg"}},"wdio_ui5_key":"applicationsiteinventory-display-component---detailSiteInventory--smartSiteHoItemsTable-sa"}]}
COMMAND: GET /session/0fa557d69f96d3283d48a39825366b34/screenshot - {}
RESULT: {"script":"<script> [1562 bytes]","args":[{"selector":{"id":"application-siteinventory-display-component---detailSiteInventory--smartSiteHoItemsTable-sa","interaction":{"idSuffix":"CbBg"}},"wdio_ui5_key":"applicationsiteinventory-display-component---detailSiteInventory--smartSiteHoItemsTable-sa"}]}
RESULT: undefined
COMMAND: POST /session/0fa557d69f96d3283d48a39825366b34/element - {"using":"xpath","value":"//*[@id=\"application-siteinventory-display-component---detailSiteInventory--smartSiteHoItemsTable-sa\"]"}
RESULT: {}
RESULT: {"using":"xpath","value":"//*[@id=\"application-siteinventory-display-component---detailSiteInventory--smartSiteHoItemsTable-sa\"]"}
COMMAND: POST /session/0fa557d69f96d3283d48a39825366b34/element/f.3F808B98CDAAA2B1E2AEFB154760237E.d.4710D79346AB775E35D9273351706B17.e.18226/click - {}
RESULT: {}
RESULT: undefined
COMMAND: POST /session/0fa557d69f96d3283d48a39825366b34/element - {"using":"xpath","value":"//*[@id=\"application-siteinventory-display-component---detailSiteInventory--onSite-triggerAction-returnBtn\"]"}
COMMAND: GET /session/0fa557d69f96d3283d48a39825366b34/screenshot - {}
RESULT: {"using":"xpath","value":"//*[@id=\"application-siteinventory-display-component---detailSiteInventory--onSite-triggerAction-returnBtn\"]"}
COMMAND: POST /session/0fa557d69f96d3283d48a39825366b34/element/f.3F808B98CDAAA2B1E2AEFB154760237E.d.4710D79346AB775E35D9273351706B17.e.18199/click - {}
RESULT: {}
RESULT: {}
COMMAND: GET /session/0fa557d69f96d3283d48a39825366b34/screenshot - {}
RESULT: {}
COMMAND: POST /session/0fa557d69f96d3283d48a39825366b34/actions - {"actions":[{"id":"action53","type":"key","parameters":{},"actions":[{"type":"keyDown","value":""},{"type":"pause","duration":10},{"type":"keyUp","value":""}]}]}
RESULT: {"actions":[{"id":"action53","type":"key","parameters":{},"actions":[{"type":"keyDown","value":""},{"type":"pause","duration":10},{"type":"keyUp","value":""}]}]}
COMMAND: GET /session/0fa557d69f96d3283d48a39825366b34/screenshot - {}
RESULT: {}
COMMAND: POST /session/0fa557d69f96d3283d48a39825366b34/execute/async - {"script":"<script> [1562 bytes]","args":[{"selector":{"id":"application-siteinventory-display-component---detailSiteInventory--hoItemsSmartTable-btnPersonalisation-img"},"wdio_ui5_key":"applicationsiteinventory-display-component---detailSiteInventory--hoItemsSmartTable-btnPersonalisation-img"}]}
RESULT: {"script":"<script> [1562 bytes]","args":[{"selector":{"id":"application-siteinventory-display-component---detailSiteInventory--hoItemsSmartTable-btnPersonalisation-img"},"wdio_ui5_key":"applicationsiteinventory-display-component---detailSiteInventory--hoItemsSmartTable-btnPersonalisation-img"}]}
RESULT: undefined
COMMAND: POST /session/0fa557d69f96d3283d48a39825366b34/element - {"using":"xpath","value":"//*[@id=\"application-siteinventory-display-component---detailSiteInventory--hoItemsSmartTable-btnPersonalisation-img\"]"}
RESULT: {"using":"xpath","value":"//*[@id=\"application-siteinventory-display-component---detailSiteInventory--hoItemsSmartTable-btnPersonalisation-img\"]"}
COMMAND: POST /session/0fa557d69f96d3283d48a39825366b34/element/f.3F808B98CDAAA2B1E2AEFB154760237E.d.4710D79346AB775E35D9273351706B17.e.18231/click - {}
RESULT: {}
COMMAND: POST /session/0fa557d69f96d3283d48a39825366b34/element - {"using":"xpath","value":"//input[contains(@id ,\"searchField-I\")]"}
COMMAND: GET /session/0fa557d69f96d3283d48a39825366b34/screenshot - {}
RESULT: {"using":"xpath","value":"//input[contains(@id ,\"searchField-I\")]"}
COMMAND: POST /session/0fa557d69f96d3283d48a39825366b34/element/f.3F808B98CDAAA2B1E2AEFB154760237E.d.4710D79346AB775E35D9273351706B17.e.18234/clear - {}
RESULT: {}
RESULT: {}
COMMAND: POST /session/0fa557d69f96d3283d48a39825366b34/element/f.3F808B98CDAAA2B1E2AEFB154760237E.d.4710D79346AB775E35D9273351706B17.e.18234/value - {"text":"Handover Returned"}
COMMAND: GET /session/0fa557d69f96d3283d48a39825366b34/screenshot - {}
RESULT: {"text":"Handover Returned"}
COMMAND: GET /session/0fa557d69f96d3283d48a39825366b34/screenshot - {}
RESULT: {}
RESULT: {}
COMMAND: POST /session/0fa557d69f96d3283d48a39825366b34/element - {"using":"xpath","value":"//div[contains(@id ,\"innerSelectionPanelTable-sa-CbBg\")]"}
RESULT: {"using":"xpath","value":"//div[contains(@id ,\"innerSelectionPanelTable-sa-CbBg\")]"}
COMMAND: POST /session/0fa557d69f96d3283d48a39825366b34/element/f.3F808B98CDAAA2B1E2AEFB154760237E.d.4710D79346AB775E35D9273351706B17.e.18269/click - {}
RESULT: {}
COMMAND: POST /session/0fa557d69f96d3283d48a39825366b34/execute/async - {"script":"<script> [1562 bytes]","args":[{"selector":{"controlType":"sap.m.Button","viewName":"etm.portal.ui.siteinventory.view.Detail","viewId":"application-siteinventory-display-component---detailSiteInventory","properties":{"text":"OK"},"searchOpenDialogs":true,"interaction":{"idSuffix":"BDI-content"}},"wdio_ui5_key":"etmportal.ui.siteinventory.view.Detailsap.m.Button{\"text\":\"OK\"}"}]}
COMMAND: GET /session/0fa557d69f96d3283d48a39825366b34/screenshot - {}
RESULT: {"script":"<script> [1562 bytes]","args":[{"selector":{"controlType":"sap.m.Button","viewName":"etm.portal.ui.siteinventory.view.Detail","viewId":"application-siteinventory-display-component---detailSiteInventory","properties":{"text":"OK"},"searchOpenDialogs":true,"interaction":{"idSuffix":"BDI-content"}},"wdio_ui5_key":"etmportal.ui.siteinventory.view.Detailsap.m.Button{\"text\":\"OK\"}"}]}
RESULT: undefined
COMMAND: POST /session/0fa557d69f96d3283d48a39825366b34/element - {"using":"xpath","value":"//*[@id=\"__popup40-confirmBtn\"]"}
RESULT: {}
RESULT: {"using":"xpath","value":"//*[@id=\"__popup40-confirmBtn\"]"}
COMMAND: POST /session/0fa557d69f96d3283d48a39825366b34/element/f.3F808B98CDAAA2B1E2AEFB154760237E.d.4710D79346AB775E35D9273351706B17.e.18271/click - {}
RESULT: {}
COMMAND: GET /session/0fa557d69f96d3283d48a39825366b34/screenshot - {}
RESULT: {}
COMMAND: POST /session/0fa557d69f96d3283d48a39825366b34/element - {"using":"css selector","value":"#shell-header-logo"}
RESULT: {"using":"css selector","value":"#shell-header-logo"}
COMMAND: POST /session/0fa557d69f96d3283d48a39825366b34/element/f.3F808B98CDAAA2B1E2AEFB154760237E.d.4710D79346AB775E35D9273351706B17.e.17977/click - {}
RESULT: {}
COMMAND: GET /session/0fa557d69f96d3283d48a39825366b34/screenshot - {}
RESULT: {}
COMMAND: POST /session/0fa557d69f96d3283d48a39825366b34/execute/async - {"script":"<script> [1562 bytes]","args":[{"selector":{"controlType":"sap.m.GenericTile","properties":{"header":"Manage Handovers"}},"wdio_ui5_key":"sapm.GenericTile{\"header\":\"Manage Handovers\"}"}]}
RESULT: {"script":"<script> [1562 bytes]","args":[{"selector":{"controlType":"sap.m.GenericTile","properties":{"header":"Manage Handovers"}},"wdio_ui5_key":"sapm.GenericTile{\"header\":\"Manage Handovers\"}"}]}
RESULT: undefined
COMMAND: POST /session/0fa557d69f96d3283d48a39825366b34/element - {"using":"xpath","value":"//*[@id=\"__tile132\"]"}
RESULT: {"using":"xpath","value":"//*[@id=\"__tile132\"]"}
COMMAND: POST /session/0fa557d69f96d3283d48a39825366b34/element/f.3F808B98CDAAA2B1E2AEFB154760237E.d.4710D79346AB775E35D9273351706B17.e.18287/click - {}
RESULT: {}
COMMAND: GET /session/0fa557d69f96d3283d48a39825366b34/screenshot - {}
RESULT: {}
COMMAND: POST /session/0fa557d69f96d3283d48a39825366b34/execute/async - {"script":"<script> [1562 bytes]","args":[{"selector":{"controlType":"sap.ui.core.Icon","viewName":"etm.portal.ui.managehandovers.view.MasterHO","properties":{"src":{"regex":{"source":"value\\-help"}}},"ancestor":{"controlType":"sap.ui.comp.smartfilterbar.SFBMultiInput","viewName":"etm.portal.ui.managehandovers.view.MasterHO","labelFor":{"text":"Sending Contract"}}},"wdio_ui5_key":"etmportal.ui.managehandovers.view.MasterHOsap.ui.core.Icon{\"src\":{\"regex\":{\"source\":\"value\\\\-help\"}}}{\"controlType\":\"sap.ui.comp.smartfilterbar.SFBMultiInput\",\"viewName\":\"etm.portal.ui.managehandovers.view.MasterHO\",\"labelFor\":{\"text\":\"Sending Contract\"}}"}]}
RESULT: {"script":"<script> [1562 bytes]","args":[{"selector":{"controlType":"sap.ui.core.Icon","viewName":"etm.portal.ui.managehandovers.view.MasterHO","properties":{"src":{"regex":{"source":"value\\-help"}}},"ancestor":{"controlType":"sap.ui.comp.smartfilterbar.SFBMultiInput","viewName":"etm.portal.ui.managehandovers.view.MasterHO","labelFor":{"text":"Sending Contract"}}},"wdio_ui5_key":"etmportal.ui.managehandovers.view.MasterHOsap.ui.core.Icon{\"src\":{\"regex\":{\"source\":\"value\\\\-help\"}}}{\"controlType\":\"sap.ui.comp.smartfilterbar.SFBMultiInput\",\"viewName\":\"etm.portal.ui.managehandovers.view.MasterHO\",\"labelFor\":{\"text\":\"Sending Contract\"}}"}]}
RESULT: undefined
COMMAND: POST /session/0fa557d69f96d3283d48a39825366b34/element - {"using":"xpath","value":"//*[@id=\"__xmlview58--smartFilterBar-filterItemControl_BASIC-SEND_CONTRACT-vhi\"]"}
RESULT: {"using":"xpath","value":"//*[@id=\"__xmlview58--smartFilterBar-filterItemControl_BASIC-SEND_CONTRACT-vhi\"]"}
COMMAND: POST /session/0fa557d69f96d3283d48a39825366b34/element/f.3F808B98CDAAA2B1E2AEFB154760237E.d.4710D79346AB775E35D9273351706B17.e.18351/click - {}
RESULT: {}
COMMAND: GET /session/0fa557d69f96d3283d48a39825366b34/screenshot - {}
RESULT: {}
COMMAND: POST /session/0fa557d69f96d3283d48a39825366b34/execute/async - {"script":"<script> [1562 bytes]","args":[{"selector":{"controlType":"sap.m.SearchField","viewName":"etm.portal.ui.managehandovers.view.MasterHO","bindingPath":{"path":"","propertyPath":"/_BASIC_SEARCH_FIELD","modelName":"fi1t3rM0d31"},"searchOpenDialogs":true,"interaction":{"idSuffix":"I"}},"wdio_ui5_key":"etmportal.ui.managehandovers.view.MasterHOsap.m.SearchField{\"path\":\"\",\"propertyPath\":\"/_BASIC_SEARCH_FIELD\",\"modelName\":\"fi1t3rM0d31\"}"}]}
RESULT: {"script":"<script> [1562 bytes]","args":[{"selector":{"controlType":"sap.m.SearchField","viewName":"etm.portal.ui.managehandovers.view.MasterHO","bindingPath":{"path":"","propertyPath":"/_BASIC_SEARCH_FIELD","modelName":"fi1t3rM0d31"},"searchOpenDialogs":true,"interaction":{"idSuffix":"I"}},"wdio_ui5_key":"etmportal.ui.managehandovers.view.MasterHOsap.m.SearchField{\"path\":\"\",\"propertyPath\":\"/_BASIC_SEARCH_FIELD\",\"modelName\":\"fi1t3rM0d31\"}"}]}
RESULT: undefined
COMMAND: POST /session/0fa557d69f96d3283d48a39825366b34/execute/async - {"script":"<script> [776 bytes]","args":[{"enterText":"10292","selector":{"controlType":"sap.m.SearchField","viewName":"etm.portal.ui.managehandovers.view.MasterHO","bindingPath":{"path":"","propertyPath":"/_BASIC_SEARCH_FIELD","modelName":"fi1t3rM0d31"},"searchOpenDialogs":true,"interaction":{"idSuffix":"I"}},"clearTextFirst":true,"interactionType":"ENTER_TEXT"}]}
RESULT: {"script":"<script> [776 bytes]","args":[{"enterText":"10292","selector":{"controlType":"sap.m.SearchField","viewName":"etm.portal.ui.managehandovers.view.MasterHO","bindingPath":{"path":"","propertyPath":"/_BASIC_SEARCH_FIELD","modelName":"fi1t3rM0d31"},"searchOpenDialogs":true,"interaction":{"idSuffix":"I"}},"clearTextFirst":true,"interactionType":"ENTER_TEXT"}]}
COMMAND: POST /session/0fa557d69f96d3283d48a39825366b34/actions - {"actions":[{"id":"action54","type":"key","parameters":{},"actions":[{"type":"keyDown","value":""},{"type":"pause","duration":10},{"type":"keyUp","value":""}]}]}
RESULT: {"actions":[{"id":"action54","type":"key","parameters":{},"actions":[{"type":"keyDown","value":""},{"type":"pause","duration":10},{"type":"keyUp","value":""}]}]}
COMMAND: GET /session/0fa557d69f96d3283d48a39825366b34/screenshot - {}
RESULT: {}
COMMAND: POST /session/0fa557d69f96d3283d48a39825366b34/element - {"using":"xpath","value":"//div[contains(@id ,\"smartFilterBar-filterItemControl_BASIC-SEND_CONTRACT-valueHelpDialog-table-rowsel0\")]"}
RESULT: {"using":"xpath","value":"//div[contains(@id ,\"smartFilterBar-filterItemControl_BASIC-SEND_CONTRACT-valueHelpDialog-table-rowsel0\")]"}
COMMAND: POST /session/0fa557d69f96d3283d48a39825366b34/element/f.3F808B98CDAAA2B1E2AEFB154760237E.d.4710D79346AB775E35D9273351706B17.e.18361/click - {}
RESULT: {}
COMMAND: GET /session/0fa557d69f96d3283d48a39825366b34/screenshot - {}
RESULT: {}
COMMAND: POST /session/0fa557d69f96d3283d48a39825366b34/execute/async - {"script":"<script> [1562 bytes]","args":[{"selector":{"controlType":"sap.m.Button","viewName":"etm.portal.ui.managehandovers.view.MasterHO","properties":{"text":"OK"},"searchOpenDialogs":true,"interaction":{"idSuffix":"BDI-content"}},"wdio_ui5_key":"etmportal.ui.managehandovers.view.MasterHOsap.m.Button{\"text\":\"OK\"}"}]}
RESULT: {"script":"<script> [1562 bytes]","args":[{"selector":{"controlType":"sap.m.Button","viewName":"etm.portal.ui.managehandovers.view.MasterHO","properties":{"text":"OK"},"searchOpenDialogs":true,"interaction":{"idSuffix":"BDI-content"}},"wdio_ui5_key":"etmportal.ui.managehandovers.view.MasterHOsap.m.Button{\"text\":\"OK\"}"}]}
RESULT: undefined
COMMAND: POST /session/0fa557d69f96d3283d48a39825366b34/element - {"using":"xpath","value":"//*[@id=\"__xmlview58--smartFilterBar-filterItemControl_BASIC-SEND_CONTRACT-valueHelpDialog-ok\"]"}
RESULT: {"using":"xpath","value":"//*[@id=\"__xmlview58--smartFilterBar-filterItemControl_BASIC-SEND_CONTRACT-valueHelpDialog-ok\"]"}
COMMAND: POST /session/0fa557d69f96d3283d48a39825366b34/element/f.3F808B98CDAAA2B1E2AEFB154760237E.d.4710D79346AB775E35D9273351706B17.e.18364/click - {}
RESULT: {}
COMMAND: GET /session/0fa557d69f96d3283d48a39825366b34/screenshot - {}
RESULT: {}
COMMAND: POST /session/0fa557d69f96d3283d48a39825366b34/execute/async - {"script":"<script> [1562 bytes]","args":[{"selector":{"controlType":"sap.ui.core.Icon","viewName":"etm.portal.ui.managehandovers.view.MasterHO","properties":{"src":{"regex":{"source":"slim\\-arrow\\-right"}}}},"wdio_ui5_key":"etmportal.ui.managehandovers.view.MasterHOsap.ui.core.Icon{\"src\":{\"regex\":{\"source\":\"slim\\\\-arrow\\\\-right\"}}}"}]}
RESULT: {"script":"<script> [1562 bytes]","args":[{"selector":{"controlType":"sap.ui.core.Icon","viewName":"etm.portal.ui.managehandovers.view.MasterHO","properties":{"src":{"regex":{"source":"slim\\-arrow\\-right"}}}},"wdio_ui5_key":"etmportal.ui.managehandovers.view.MasterHOsap.ui.core.Icon{\"src\":{\"regex\":{\"source\":\"slim\\\\-arrow\\\\-right\"}}}"}]}
RESULT: undefined
COMMAND: POST /session/0fa557d69f96d3283d48a39825366b34/element - {"using":"xpath","value":"//*[@id=\"__item145-__clone231-imgNav\"]"}
RESULT: {"using":"xpath","value":"//*[@id=\"__item145-__clone231-imgNav\"]"}
COMMAND: POST /session/0fa557d69f96d3283d48a39825366b34/element/f.3F808B98CDAAA2B1E2AEFB154760237E.d.4710D79346AB775E35D9273351706B17.e.18403/click - {}
RESULT: {}
COMMAND: GET /session/0fa557d69f96d3283d48a39825366b34/screenshot - {}
RESULT: {}
COMMAND: POST /session/0fa557d69f96d3283d48a39825366b34/execute/async - {"script":"<script> [1562 bytes]","args":[{"selector":{"controlType":"sap.m.Text","viewName":"etm.portal.ui.managehandovers.view.DetailExecuteHO","bindingPath":{"propertyPath":"NO","modelName":"catalogModel"}},"wdio_ui5_key":"etmportal.ui.managehandovers.view.DetailExecuteHOsap.m.Text{\"propertyPath\":\"NO\",\"modelName\":\"catalogModel\"}"}]}
RESULT: {"script":"<script> [1562 bytes]","args":[{"selector":{"controlType":"sap.m.Text","viewName":"etm.portal.ui.managehandovers.view.DetailExecuteHO","bindingPath":{"propertyPath":"NO","modelName":"catalogModel"}},"wdio_ui5_key":"etmportal.ui.managehandovers.view.DetailExecuteHOsap.m.Text{\"propertyPath\":\"NO\",\"modelName\":\"catalogModel\"}"}]}
RESULT: undefined
COMMAND: POST /session/0fa557d69f96d3283d48a39825366b34/execute/async - {"script":"<script> [6424 bytes]","args":[{"element-6066-11e4-a52e-4f735466cecf":"f.3F808B98CDAAA2B1E2AEFB154760237E.d.4710D79346AB775E35D9273351706B17.e.18512"},"getText",[]]}
RESULT: {"script":"<script> [6424 bytes]","args":[{"element-6066-11e4-a52e-4f735466cecf":"f.3F808B98CDAAA2B1E2AEFB154760237E.d.4710D79346AB775E35D9273351706B17.e.18512"},"getText",[]]}
COMMAND: POST /session/0fa557d69f96d3283d48a39825366b34/element - {"using":"xpath","value":"//bdi[contains(text(), \"Confirm All\")]"}
RESULT: {"using":"xpath","value":"//bdi[contains(text(), \"Confirm All\")]"}
COMMAND: POST /session/0fa557d69f96d3283d48a39825366b34/element/f.3F808B98CDAAA2B1E2AEFB154760237E.d.4710D79346AB775E35D9273351706B17.e.18513/click - {}
RESULT: {}
COMMAND: GET /session/0fa557d69f96d3283d48a39825366b34/screenshot - {}
RESULT: {}
COMMAND: POST /session/0fa557d69f96d3283d48a39825366b34/actions - {"actions":[{"id":"action55","type":"key","parameters":{},"actions":[{"type":"keyDown","value":""},{"type":"pause","duration":10},{"type":"keyUp","value":""}]}]}
RESULT: {"actions":[{"id":"action55","type":"key","parameters":{},"actions":[{"type":"keyDown","value":""},{"type":"pause","duration":10},{"type":"keyUp","value":""}]}]}
COMMAND: GET /session/0fa557d69f96d3283d48a39825366b34/screenshot - {}
RESULT: {}
COMMAND: POST /session/0fa557d69f96d3283d48a39825366b34/element - {"using":"xpath","value":"(//bdi[contains(@id ,\"BDI-content\")][contains(text(), \"Issue\")])[2]"}
RESULT: {"using":"xpath","value":"(//bdi[contains(@id ,\"BDI-content\")][contains(text(), \"Issue\")])[2]"}
COMMAND: POST /session/0fa557d69f96d3283d48a39825366b34/element/f.3F808B98CDAAA2B1E2AEFB154760237E.d.4710D79346AB775E35D9273351706B17.e.18519/click - {}
RESULT: {}
COMMAND: GET /session/0fa557d69f96d3283d48a39825366b34/screenshot - {}
RESULT: {}
COMMAND: POST /session/0fa557d69f96d3283d48a39825366b34/refresh - {}
RESULT: {}
COMMAND: GET /session/0fa557d69f96d3283d48a39825366b34/screenshot - {}
RESULT: {}
COMMAND: POST /session/0fa557d69f96d3283d48a39825366b34/refresh - {}
RESULT: {}
COMMAND: GET /session/0fa557d69f96d3283d48a39825366b34/screenshot - {}
RESULT: {}
COMMAND: POST /session/0fa557d69f96d3283d48a39825366b34/execute/async - {"script":"<script> [189 bytes]","args":[]}
RESULT: {"script":"<script> [189 bytes]","args":[]}
COMMAND: POST /session/0fa557d69f96d3283d48a39825366b34/execute/async - {"script":"<script> [123 bytes]","args":[]}
RESULT: {"script":"<script> [123 bytes]","args":[]}
COMMAND: POST /session/0fa557d69f96d3283d48a39825366b34/timeouts - {"script":"<number>"}
RESULT: {"script":"<number>"}
COMMAND: GET /session/0fa557d69f96d3283d48a39825366b34/timeouts - {}
RESULT: {}
RESULT: undefined
COMMAND: POST /session/0fa557d69f96d3283d48a39825366b34/execute/async - {"script":"<script> [2676 bytes]","args":[]}
RESULT: {"script":"<script> [2676 bytes]","args":[]}
COMMAND: POST /session/0fa557d69f96d3283d48a39825366b34/execute/async - {"script":"<script> [2342 bytes]","args":[{"protocol":"http","hostname":"0.0.0.0","path":"/","capabilities":{"browserName":"chrome","goog:chromeOptions":{"binary":"C:\\Program Files\\Google\\Chrome\\Application\\chrome.exe","args":["--start-maximized"]}},"logLevel":"warn","connectionRetryTimeout":120000,"connectionRetryCount":3,"logLevels":{},"enableDirectConnect":true,"strictSSL":true,"_":"65 more keys: [\"cacheDir\",\"port\",\"requestedCapabilities\",\"automationProtocol\",\"baseUrl\",\"waitforInterval\",\"waitforTimeout\",\"onReload\",\"beforeCommand\",\"afterCommand\",\"rootDir\",\"specs\",\"suites\",\"exclude\",\"groupLogsByTestSpec\",\"excludeDriverLogs\",\"bail\",\"framework\",\"reporters\",\"services\",\"maxInstances\",\"maxInstancesPerCapability\",\"injectGlobals\",\"filesToWatch\",\"execArgv\",\"runnerEnv\",\"runner\",\"shard\",\"specFileRetries\",\"specFileRetriesDelay\",\"specFileRetriesDeferred\",\"reporterSyncInterval\",\"reporterSyncTimeout\",\"cucumberFeaturesWithLineNumbers\",\"autoCompileOpts\",\"mochaOpts\",\"jasmineOpts\",\"cucumberOpts\",\"onPrepare\",\"onWorkerStart\",\"onWorkerEnd\",\"before\",\"beforeSession\",\"beforeSuite\",\"beforeHook\",\"beforeTest\",\"afterTest\",\"afterHook\",\"afterSuite\",\"afterSession\",\"after\",\"onComplete\",\"beforeAssertion\",\"afterAssertion\",\"beforeFeature\",\"beforeScenario\",\"beforeStep\",\"afterStep\",\"afterScenario\",\"afterFeature\",\"_\",\"suite\",\"$0\",\"ignoredWorkerServices\",\"wdi5\"]"}]}
RESULT: {"script":"<script> [2342 bytes]","args":[{"protocol":"http","hostname":"0.0.0.0","path":"/","capabilities":{"browserName":"chrome","goog:chromeOptions":{"binary":"C:\\Program Files\\Google\\Chrome\\Application\\chrome.exe","args":["--start-maximized"]}},"logLevel":"warn","connectionRetryTimeout":120000,"connectionRetryCount":3,"logLevels":{},"enableDirectConnect":true,"strictSSL":true,"_":"65 more keys: [\"cacheDir\",\"port\",\"requestedCapabilities\",\"automationProtocol\",\"baseUrl\",\"waitforInterval\",\"waitforTimeout\",\"onReload\",\"beforeCommand\",\"afterCommand\",\"rootDir\",\"specs\",\"suites\",\"exclude\",\"groupLogsByTestSpec\",\"excludeDriverLogs\",\"bail\",\"framework\",\"reporters\",\"services\",\"maxInstances\",\"maxInstancesPerCapability\",\"injectGlobals\",\"filesToWatch\",\"execArgv\",\"runnerEnv\",\"runner\",\"shard\",\"specFileRetries\",\"specFileRetriesDelay\",\"specFileRetriesDeferred\",\"reporterSyncInterval\",\"reporterSyncTimeout\",\"cucumberFeaturesWithLineNumbers\",\"autoCompileOpts\",\"mochaOpts\",\"jasmineOpts\",\"cucumberOpts\",\"onPrepare\",\"onWorkerStart\",\"onWorkerEnd\",\"before\",\"beforeSession\",\"beforeSuite\",\"beforeHook\",\"beforeTest\",\"afterTest\",\"afterHook\",\"afterSuite\",\"afterSession\",\"after\",\"onComplete\",\"beforeAssertion\",\"afterAssertion\",\"beforeFeature\",\"beforeScenario\",\"beforeStep\",\"afterStep\",\"afterScenario\",\"afterFeature\",\"_\",\"suite\",\"$0\",\"ignoredWorkerServices\",\"wdi5\"]"}]}
COMMAND: POST /session/0fa557d69f96d3283d48a39825366b34/execute/async - {"script":"<script> [21126 bytes]","args":[35000]}
RESULT: {"script":"<script> [21126 bytes]","args":[35000]}
COMMAND: POST /session/0fa557d69f96d3283d48a39825366b34/element - {"using":"xpath","value":"//input[contains(@id ,\"smartFilterBar-btnBasicSearch-I\")]"}
RESULT: {"using":"xpath","value":"//input[contains(@id ,\"smartFilterBar-btnBasicSearch-I\")]"}
COMMAND: POST /session/0fa557d69f96d3283d48a39825366b34/element/f.3F808B98CDAAA2B1E2AEFB154760237E.d.AA42019F143BCAB4A52CE2987B5EFD88.e.18583/clear - {}
RESULT: {}
COMMAND: POST /session/0fa557d69f96d3283d48a39825366b34/element/f.3F808B98CDAAA2B1E2AEFB154760237E.d.AA42019F143BCAB4A52CE2987B5EFD88.e.18583/value - {"text":"30526"}
COMMAND: GET /session/0fa557d69f96d3283d48a39825366b34/screenshot - {}
RESULT: {"text":"30526"}
COMMAND: GET /session/0fa557d69f96d3283d48a39825366b34/screenshot - {}
RESULT: {}
RESULT: {}
COMMAND: POST /session/0fa557d69f96d3283d48a39825366b34/actions - {"actions":[{"id":"action56","type":"key","parameters":{},"actions":[{"type":"keyDown","value":""},{"type":"pause","duration":10},{"type":"keyUp","value":""}]}]}
RESULT: {"actions":[{"id":"action56","type":"key","parameters":{},"actions":[{"type":"keyDown","value":""},{"type":"pause","duration":10},{"type":"keyUp","value":""}]}]}
COMMAND: GET /session/0fa557d69f96d3283d48a39825366b34/screenshot - {}
RESULT: {}
COMMAND: POST /session/0fa557d69f96d3283d48a39825366b34/execute/async - {"script":"<script> [1562 bytes]","args":[{"selector":{"controlType":"sap.ui.core.Icon","viewName":"etm.portal.ui.managehandovers.view.MasterHO","properties":{"src":{"regex":{"source":"slim\\-arrow\\-right"}}}},"wdio_ui5_key":"etmportal.ui.managehandovers.view.MasterHOsap.ui.core.Icon{\"src\":{\"regex\":{\"source\":\"slim\\\\-arrow\\\\-right\"}}}"}]}
RESULT: {"script":"<script> [1562 bytes]","args":[{"selector":{"controlType":"sap.ui.core.Icon","viewName":"etm.portal.ui.managehandovers.view.MasterHO","properties":{"src":{"regex":{"source":"slim\\-arrow\\-right"}}}},"wdio_ui5_key":"etmportal.ui.managehandovers.view.MasterHOsap.ui.core.Icon{\"src\":{\"regex\":{\"source\":\"slim\\\\-arrow\\\\-right\"}}}"}]}
RESULT: undefined
COMMAND: POST /session/0fa557d69f96d3283d48a39825366b34/element - {"using":"xpath","value":"//*[@id=\"__item30-__clone16-imgNav\"]"}
RESULT: {"using":"xpath","value":"//*[@id=\"__item30-__clone16-imgNav\"]"}
COMMAND: POST /session/0fa557d69f96d3283d48a39825366b34/element/f.3F808B98CDAAA2B1E2AEFB154760237E.d.AA42019F143BCAB4A52CE2987B5EFD88.e.18676/click - {}
RESULT: {}
COMMAND: GET /session/0fa557d69f96d3283d48a39825366b34/screenshot - {}
RESULT: {}
COMMAND: POST /session/0fa557d69f96d3283d48a39825366b34/execute/async - {"script":"<script> [1562 bytes]","args":[{"selector":{"controlType":"sap.m.ObjectStatus","viewName":"etm.portal.ui.managehandovers.view.DetailManageHO","viewId":"application-managehandovers-display-component---detailManageHO","labelFor":{"text":"Status"}},"wdio_ui5_key":"etmportal.ui.managehandovers.view.DetailManageHOsap.m.ObjectStatus{\"text\":\"Status\"}"}]}
RESULT: {"script":"<script> [1562 bytes]","args":[{"selector":{"controlType":"sap.m.ObjectStatus","viewName":"etm.portal.ui.managehandovers.view.DetailManageHO","viewId":"application-managehandovers-display-component---detailManageHO","labelFor":{"text":"Status"}},"wdio_ui5_key":"etmportal.ui.managehandovers.view.DetailManageHOsap.m.ObjectStatus{\"text\":\"Status\"}"}]}
RESULT: undefined
COMMAND: POST /session/0fa557d69f96d3283d48a39825366b34/execute/async - {"script":"<script> [6424 bytes]","args":[{"element-6066-11e4-a52e-4f735466cecf":"f.3F808B98CDAAA2B1E2AEFB154760237E.d.AA42019F143BCAB4A52CE2987B5EFD88.e.18764"},"getText",[]]}
RESULT: {"script":"<script> [6424 bytes]","args":[{"element-6066-11e4-a52e-4f735466cecf":"f.3F808B98CDAAA2B1E2AEFB154760237E.d.AA42019F143BCAB4A52CE2987B5EFD88.e.18764"},"getText",[]]}
COMMAND: POST /session/0fa557d69f96d3283d48a39825366b34/element - {"using":"xpath","value":"//a[contains(@data-kt ,\"GeneralSectionSendContractLink\")]"}
RESULT: {"using":"xpath","value":"//a[contains(@data-kt ,\"GeneralSectionSendContractLink\")]"}
COMMAND: POST /session/0fa557d69f96d3283d48a39825366b34/element/f.3F808B98CDAAA2B1E2AEFB154760237E.d.AA42019F143BCAB4A52CE2987B5EFD88.e.18765/click - {}
RESULT: {}
COMMAND: GET /session/0fa557d69f96d3283d48a39825366b34/screenshot - {}
RESULT: {}
COMMAND: POST /session/0fa557d69f96d3283d48a39825366b34/element - {"using":"xpath","value":"//a[contains(@data-kt ,\"ContextMenuId2Link\")]"}
RESULT: {"using":"xpath","value":"//a[contains(@data-kt ,\"ContextMenuId2Link\")]"}
COMMAND: POST /session/0fa557d69f96d3283d48a39825366b34/element/f.3F808B98CDAAA2B1E2AEFB154760237E.d.AA42019F143BCAB4A52CE2987B5EFD88.e.18768/click - {}
RESULT: {}
COMMAND: GET /session/0fa557d69f96d3283d48a39825366b34/screenshot - {}
RESULT: {}
RESULT: undefined
RESULT: undefined
COMMAND: POST /session/0fa557d69f96d3283d48a39825366b34/execute/async - {"script":"<script> [1562 bytes]","args":[{"selector":{"id":"headerBillingItemsTabFilter","viewName":"etm.portal.ui.managecontracts.view.Detail","interaction":{"idSuffix":"text"}},"wdio_ui5_key":"headerBillingItemsTabFilteretmportal.ui.managecontracts.view.Detail"}]}
RESULT: {"script":"<script> [1562 bytes]","args":[{"selector":{"id":"headerBillingItemsTabFilter","viewName":"etm.portal.ui.managecontracts.view.Detail","interaction":{"idSuffix":"text"}},"wdio_ui5_key":"headerBillingItemsTabFilteretmportal.ui.managecontracts.view.Detail"}]}
RESULT: undefined
COMMAND: POST /session/0fa557d69f96d3283d48a39825366b34/element - {"using":"xpath","value":"//*[@id=\"__xmlview2--headerBillingItemsTabFilter\"]"}
RESULT: {"using":"xpath","value":"//*[@id=\"__xmlview2--headerBillingItemsTabFilter\"]"}
COMMAND: POST /session/0fa557d69f96d3283d48a39825366b34/element/f.3F808B98CDAAA2B1E2AEFB154760237E.d.AA42019F143BCAB4A52CE2987B5EFD88.e.18978/click - {}
RESULT: {}
COMMAND: GET /session/0fa557d69f96d3283d48a39825366b34/screenshot - {}
RESULT: {}
COMMAND: POST /session/0fa557d69f96d3283d48a39825366b34/execute/async - {"script":"<script> [1562 bytes]","args":[{"selector":{"controlType":"sap.m.ObjectStatus","viewName":"etm.portal.ui.managecontracts.view.Detail","bindingPath":{"path":"/SmartContractItems(CONTRACT='10292',ITEM=10m,SUB_ITEM=0m)","propertyPath":"STATUS"}},"wdio_ui5_key":"etmportal.ui.managecontracts.view.Detailsap.m.ObjectStatus{\"path\":\"/SmartContractItems(CONTRACT='10292',ITEM=10m,SUB_ITEM=0m)\",\"propertyPath\":\"STATUS\"}"}]}
RESULT: {"script":"<script> [1562 bytes]","args":[{"selector":{"controlType":"sap.m.ObjectStatus","viewName":"etm.portal.ui.managecontracts.view.Detail","bindingPath":{"path":"/SmartContractItems(CONTRACT='10292',ITEM=10m,SUB_ITEM=0m)","propertyPath":"STATUS"}},"wdio_ui5_key":"etmportal.ui.managecontracts.view.Detailsap.m.ObjectStatus{\"path\":\"/SmartContractItems(CONTRACT='10292',ITEM=10m,SUB_ITEM=0m)\",\"propertyPath\":\"STATUS\"}"}]}
RESULT: undefined
COMMAND: POST /session/0fa557d69f96d3283d48a39825366b34/execute/async - {"script":"<script> [6424 bytes]","args":[{"element-6066-11e4-a52e-4f735466cecf":"f.3F808B98CDAAA2B1E2AEFB154760237E.d.AA42019F143BCAB4A52CE2987B5EFD88.e.18982"},"getText",[]]}
RESULT: {"script":"<script> [6424 bytes]","args":[{"element-6066-11e4-a52e-4f735466cecf":"f.3F808B98CDAAA2B1E2AEFB154760237E.d.AA42019F143BCAB4A52CE2987B5EFD88.e.18982"},"getText",[]]}
COMMAND: DELETE /session/0fa557d69f96d3283d48a39825366b34 - {}
RESULT: {}
]]></system-out>
    </testcase>
  </testsuite>
</testsuites>