<?xml version="1.0" encoding="UTF-8"?>
<testsuites tests="2" failures="0" errors="0" skipped="0">
  <testsuite timestamp="2025-05-15T15:31:16" time="26.275" tests="2" failures="0" errors="0" skipped="0">
    <properties>
      <property name="specId" value="0" />
      <property name="suiteName" value="Check QaLive System is up, or stop pipeline" />
      <property name="capabilities" value="chrome.136_0_7103_93.windows" />
      <property name="file" value="file:///D:/a/1/s/test/specs/TECH/check-QaLive-up.spec.js" />
    </properties>
    <testcase classname="chrome.136_0_7103_93.windows.Check_QaLive_System_is_up,_or_stop_pipeline" name="should check for errors on the home page and stop pipeline if found" time="1.345">
      <system-out><![CDATA[
COMMAND: GET /session/266091f4a510e2d4dfc132c528fa6e68/source - {}
RESULT: {}
]]></system-out>
    </testcase>
    <testcase classname="chrome.136_0_7103_93.windows.Check_QaLive_System_is_up,_or_stop_pipeline" name="should check if the number in the specified element is greater than 0" time="0.212">
      <system-out><![CDATA[
COMMAND: POST /session/266091f4a510e2d4dfc132c528fa6e68/element - {"using":"css selector","value":"div.sapSuiteStackedMCBarLabel"}
RESULT: {"using":"css selector","value":"div.sapSuiteStackedMCBarLabel"}
COMMAND: GET /session/266091f4a510e2d4dfc132c528fa6e68/element/f.7C6F6C4141322819CFD86A4E8161EE29.d.EB3D4398BEAB06484C31F418E412986D.e.111/text - {}
RESULT: {}
COMMAND: DELETE /session/266091f4a510e2d4dfc132c528fa6e68 - {}
RESULT: {}
]]></system-out>
    </testcase>
  </testsuite>
</testsuites>