<?xml version="1.0" encoding="UTF-8"?>
<testsuites tests="15" failures="0" errors="0" skipped="0">
  <testsuite timestamp="2025-05-19T17:28:09" time="1582.914" tests="11" failures="0" errors="0" skipped="0">
    <properties>
      <property name="specId" value="0" />
      <property name="suiteName" value="Partner specific tests US150819 US151080 US151654 US151176 US103444 US151078 US151079 US151109 US151174 US151175 US151189" />
      <property name="capabilities" value="chrome.136_0_7103_93.windows" />
      <property name="file" value="file:///D:/a/1/s/test/specs/BTS/manage-partners.spec.js" />
    </properties>
    <testcase classname="chrome.136_0_7103_93.windows.Partner_specific_tests_US150819_US151080_US151654_US151176_US103444_US151078_US151079_US151109_US151174_US151175_US151189" name="Should create a new yard prerequisite" time="164.422">
      <system-out><![CDATA[
COMMAND: POST /session/c1c20cc70f6d9ef30ac844aa04f1cdf8/window/fullscreen - {}
RESULT: {}
COMMAND: POST /session/c1c20cc70f6d9ef30ac844aa04f1cdf8/element - {"using":"xpath","value":"//li[.//span[text()=\"Manage Partners\"]]"}
RESULT: {"using":"xpath","value":"//li[.//span[text()=\"Manage Partners\"]]"}
COMMAND: POST /session/c1c20cc70f6d9ef30ac844aa04f1cdf8/element - {"using":"xpath","value":"//li[.//span[text()=\"Manage Partners\"]]"}
RESULT: {"using":"xpath","value":"//li[.//span[text()=\"Manage Partners\"]]"}
COMMAND: POST /session/c1c20cc70f6d9ef30ac844aa04f1cdf8/element - {"using":"css selector","value":"#shell-header-logo"}
RESULT: {"using":"css selector","value":"#shell-header-logo"}
COMMAND: POST /session/c1c20cc70f6d9ef30ac844aa04f1cdf8/element/f.79CB9250C4973688A89FBF0EB0986102.d.400EFD1F9AF0380470579829ACD80238.e.260/click - {}
COMMAND: POST /session/c1c20cc70f6d9ef30ac844aa04f1cdf8/execute/sync - {"script":"<script> [8489 bytes]","args":[{"element-6066-11e4-a52e-4f735466cecf":"f.79CB9250C4973688A89FBF0EB0986102.d.400EFD1F9AF0380470579829ACD80238.e.260","ELEMENT":"f.79CB9250C4973688A89FBF0EB0986102.d.400EFD1F9AF0380470579829ACD80238.e.260"}]}
RESULT: {}
COMMAND: GET /session/c1c20cc70f6d9ef30ac844aa04f1cdf8/screenshot - {}
RESULT: {"script":"<script> [8489 bytes]","args":[{"element-6066-11e4-a52e-4f735466cecf":"f.79CB9250C4973688A89FBF0EB0986102.d.400EFD1F9AF0380470579829ACD80238.e.260","ELEMENT":"f.79CB9250C4973688A89FBF0EB0986102.d.400EFD1F9AF0380470579829ACD80238.e.260"}]}
COMMAND: POST /session/c1c20cc70f6d9ef30ac844aa04f1cdf8/execute/sync - {"script":"<script> [5351 bytes]","args":[{"element-6066-11e4-a52e-4f735466cecf":"f.79CB9250C4973688A89FBF0EB0986102.d.400EFD1F9AF0380470579829ACD80238.e.260","ELEMENT":"f.79CB9250C4973688A89FBF0EB0986102.d.400EFD1F9AF0380470579829ACD80238.e.260"}]}
COMMAND: GET /session/c1c20cc70f6d9ef30ac844aa04f1cdf8/screenshot - {}
RESULT: {}
RESULT: {"script":"<script> [5351 bytes]","args":[{"element-6066-11e4-a52e-4f735466cecf":"f.79CB9250C4973688A89FBF0EB0986102.d.400EFD1F9AF0380470579829ACD80238.e.260","ELEMENT":"f.79CB9250C4973688A89FBF0EB0986102.d.400EFD1F9AF0380470579829ACD80238.e.260"}]}
COMMAND: GET /session/c1c20cc70f6d9ef30ac844aa04f1cdf8/screenshot - {}
RESULT: {}
RESULT: {}
COMMAND: POST /session/c1c20cc70f6d9ef30ac844aa04f1cdf8/execute/async - {"script":"<script> [1562 bytes]","args":[{"selector":{"controlType":"sap.m.GenericTile","properties":{"header":"Manage Yards"}},"wdio_ui5_key":"sapm.GenericTile{\"header\":\"Manage Yards\"}"}]}
RESULT: {"script":"<script> [1562 bytes]","args":[{"selector":{"controlType":"sap.m.GenericTile","properties":{"header":"Manage Yards"}},"wdio_ui5_key":"sapm.GenericTile{\"header\":\"Manage Yards\"}"}]}
RESULT: undefined
COMMAND: POST /session/c1c20cc70f6d9ef30ac844aa04f1cdf8/element - {"using":"xpath","value":"//*[@id=\"__tile41\"]"}
RESULT: {"using":"xpath","value":"//*[@id=\"__tile41\"]"}
COMMAND: POST /session/c1c20cc70f6d9ef30ac844aa04f1cdf8/element/f.79CB9250C4973688A89FBF0EB0986102.d.400EFD1F9AF0380470579829ACD80238.e.163/click - {}
RESULT: {}
COMMAND: GET /session/c1c20cc70f6d9ef30ac844aa04f1cdf8/screenshot - {}
RESULT: {}
COMMAND: POST /session/c1c20cc70f6d9ef30ac844aa04f1cdf8/elements - {"using":"xpath","value":"//span[text()='Error']"}
RESULT: {"using":"xpath","value":"//span[text()='Error']"}
COMMAND: POST /session/c1c20cc70f6d9ef30ac844aa04f1cdf8/element - {"using":"xpath","value":"//button[@data-kt=\"addNewYardOverflowToolbarButton\"]"}
RESULT: {"using":"xpath","value":"//button[@data-kt=\"addNewYardOverflowToolbarButton\"]"}
COMMAND: POST /session/c1c20cc70f6d9ef30ac844aa04f1cdf8/elements - {"using":"xpath","value":"//button[@data-kt=\"addNewYardOverflowToolbarButton\"]"}
RESULT: {"using":"xpath","value":"//button[@data-kt=\"addNewYardOverflowToolbarButton\"]"}
COMMAND: POST /session/c1c20cc70f6d9ef30ac844aa04f1cdf8/elements - {"using":"xpath","value":"//button[@data-kt=\"addNewYardOverflowToolbarButton\"]"}
RESULT: {"using":"xpath","value":"//button[@data-kt=\"addNewYardOverflowToolbarButton\"]"}
COMMAND: POST /session/c1c20cc70f6d9ef30ac844aa04f1cdf8/elements - {"using":"xpath","value":"//button[@data-kt=\"addNewYardOverflowToolbarButton\"]"}
RESULT: {"using":"xpath","value":"//button[@data-kt=\"addNewYardOverflowToolbarButton\"]"}
COMMAND: POST /session/c1c20cc70f6d9ef30ac844aa04f1cdf8/elements - {"using":"xpath","value":"//button[@data-kt=\"addNewYardOverflowToolbarButton\"]"}
RESULT: {"using":"xpath","value":"//button[@data-kt=\"addNewYardOverflowToolbarButton\"]"}
COMMAND: POST /session/c1c20cc70f6d9ef30ac844aa04f1cdf8/elements - {"using":"xpath","value":"//button[@data-kt=\"addNewYardOverflowToolbarButton\"]"}
RESULT: {"using":"xpath","value":"//button[@data-kt=\"addNewYardOverflowToolbarButton\"]"}
COMMAND: POST /session/c1c20cc70f6d9ef30ac844aa04f1cdf8/elements - {"using":"xpath","value":"//button[@data-kt=\"addNewYardOverflowToolbarButton\"]"}
RESULT: {"using":"xpath","value":"//button[@data-kt=\"addNewYardOverflowToolbarButton\"]"}
COMMAND: POST /session/c1c20cc70f6d9ef30ac844aa04f1cdf8/element - {"using":"xpath","value":"//button[@data-kt=\"addNewYardOverflowToolbarButton\"]"}
RESULT: {"using":"xpath","value":"//button[@data-kt=\"addNewYardOverflowToolbarButton\"]"}
COMMAND: POST /session/c1c20cc70f6d9ef30ac844aa04f1cdf8/execute/sync - {"script":"<script> [8489 bytes]","args":[{"element-6066-11e4-a52e-4f735466cecf":"f.79CB9250C4973688A89FBF0EB0986102.d.400EFD1F9AF0380470579829ACD80238.e.292","ELEMENT":"f.79CB9250C4973688A89FBF0EB0986102.d.400EFD1F9AF0380470579829ACD80238.e.292"}]}
RESULT: {"script":"<script> [8489 bytes]","args":[{"element-6066-11e4-a52e-4f735466cecf":"f.79CB9250C4973688A89FBF0EB0986102.d.400EFD1F9AF0380470579829ACD80238.e.292","ELEMENT":"f.79CB9250C4973688A89FBF0EB0986102.d.400EFD1F9AF0380470579829ACD80238.e.292"}]}
COMMAND: GET /session/c1c20cc70f6d9ef30ac844aa04f1cdf8/element/f.79CB9250C4973688A89FBF0EB0986102.d.400EFD1F9AF0380470579829ACD80238.e.292/enabled - {}
COMMAND: GET /session/c1c20cc70f6d9ef30ac844aa04f1cdf8/screenshot - {}
RESULT: {}
COMMAND: POST /session/c1c20cc70f6d9ef30ac844aa04f1cdf8/execute/sync - {"script":"<script> [8489 bytes]","args":[{"element-6066-11e4-a52e-4f735466cecf":"f.79CB9250C4973688A89FBF0EB0986102.d.400EFD1F9AF0380470579829ACD80238.e.292","ELEMENT":"f.79CB9250C4973688A89FBF0EB0986102.d.400EFD1F9AF0380470579829ACD80238.e.292"}]}
COMMAND: GET /session/c1c20cc70f6d9ef30ac844aa04f1cdf8/screenshot - {}
RESULT: {}
RESULT: {"script":"<script> [8489 bytes]","args":[{"element-6066-11e4-a52e-4f735466cecf":"f.79CB9250C4973688A89FBF0EB0986102.d.400EFD1F9AF0380470579829ACD80238.e.292","ELEMENT":"f.79CB9250C4973688A89FBF0EB0986102.d.400EFD1F9AF0380470579829ACD80238.e.292"}]}
COMMAND: POST /session/c1c20cc70f6d9ef30ac844aa04f1cdf8/execute/sync - {"script":"<script> [5351 bytes]","args":[{"element-6066-11e4-a52e-4f735466cecf":"f.79CB9250C4973688A89FBF0EB0986102.d.400EFD1F9AF0380470579829ACD80238.e.292","ELEMENT":"f.79CB9250C4973688A89FBF0EB0986102.d.400EFD1F9AF0380470579829ACD80238.e.292"}]}
COMMAND: GET /session/c1c20cc70f6d9ef30ac844aa04f1cdf8/screenshot - {}
RESULT: {}
RESULT: {"script":"<script> [5351 bytes]","args":[{"element-6066-11e4-a52e-4f735466cecf":"f.79CB9250C4973688A89FBF0EB0986102.d.400EFD1F9AF0380470579829ACD80238.e.292","ELEMENT":"f.79CB9250C4973688A89FBF0EB0986102.d.400EFD1F9AF0380470579829ACD80238.e.292"}]}
COMMAND: POST /session/c1c20cc70f6d9ef30ac844aa04f1cdf8/element/f.79CB9250C4973688A89FBF0EB0986102.d.400EFD1F9AF0380470579829ACD80238.e.292/click - {}
RESULT: {}
COMMAND: GET /session/c1c20cc70f6d9ef30ac844aa04f1cdf8/screenshot - {}
RESULT: {}
RESULT: {}
COMMAND: GET /session/c1c20cc70f6d9ef30ac844aa04f1cdf8/screenshot - {}
RESULT: {}
COMMAND: POST /session/c1c20cc70f6d9ef30ac844aa04f1cdf8/element - {"using":"xpath","value":"//input[@id=\"application-manageyards-display-component---NewYard--yardId-inner\"]"}
RESULT: {"using":"xpath","value":"//input[@id=\"application-manageyards-display-component---NewYard--yardId-inner\"]"}
COMMAND: POST /session/c1c20cc70f6d9ef30ac844aa04f1cdf8/element - {"using":"xpath","value":"//input[@id=\"application-manageyards-display-component---NewYard--yardId-inner\"]"}
RESULT: {"using":"xpath","value":"//input[@id=\"application-manageyards-display-component---NewYard--yardId-inner\"]"}
COMMAND: POST /session/c1c20cc70f6d9ef30ac844aa04f1cdf8/execute/async - {"script":"<script> [1562 bytes]","args":[{"selector":{"id":"application-manageyards-display-component---NewYard--addressDetailDetailsName1","interaction":{"idSuffix":"inner"}},"wdio_ui5_key":"applicationmanageyards-display-component---NewYard--addressDetailDetailsName1"}]}
RESULT: {"script":"<script> [1562 bytes]","args":[{"selector":{"id":"application-manageyards-display-component---NewYard--addressDetailDetailsName1","interaction":{"idSuffix":"inner"}},"wdio_ui5_key":"applicationmanageyards-display-component---NewYard--addressDetailDetailsName1"}]}
RESULT: undefined
COMMAND: POST /session/c1c20cc70f6d9ef30ac844aa04f1cdf8/execute/async - {"script":"<script> [776 bytes]","args":[{"enterText":"Intracompany Yard wdIO","selector":{"id":"application-manageyards-display-component---NewYard--addressDetailDetailsName1","interaction":{"idSuffix":"inner"}},"clearTextFirst":true,"interactionType":"ENTER_TEXT"}]}
RESULT: {"script":"<script> [776 bytes]","args":[{"enterText":"Intracompany Yard wdIO","selector":{"id":"application-manageyards-display-component---NewYard--addressDetailDetailsName1","interaction":{"idSuffix":"inner"}},"clearTextFirst":true,"interactionType":"ENTER_TEXT"}]}
COMMAND: POST /session/c1c20cc70f6d9ef30ac844aa04f1cdf8/execute/async - {"script":"<script> [1562 bytes]","args":[{"selector":{"id":"application-manageyards-display-component---NewYard--addressDetailDetailsLanguage-arrow"},"wdio_ui5_key":"applicationmanageyards-display-component---NewYard--addressDetailDetailsLanguage-arrow"}]}
RESULT: {"script":"<script> [1562 bytes]","args":[{"selector":{"id":"application-manageyards-display-component---NewYard--addressDetailDetailsLanguage-arrow"},"wdio_ui5_key":"applicationmanageyards-display-component---NewYard--addressDetailDetailsLanguage-arrow"}]}
RESULT: undefined
COMMAND: POST /session/c1c20cc70f6d9ef30ac844aa04f1cdf8/element - {"using":"xpath","value":"//*[@id=\"application-manageyards-display-component---NewYard--addressDetailDetailsLanguage-arrow\"]"}
RESULT: {"using":"xpath","value":"//*[@id=\"application-manageyards-display-component---NewYard--addressDetailDetailsLanguage-arrow\"]"}
COMMAND: POST /session/c1c20cc70f6d9ef30ac844aa04f1cdf8/element/f.79CB9250C4973688A89FBF0EB0986102.d.400EFD1F9AF0380470579829ACD80238.e.724/click - {}
RESULT: {}
COMMAND: POST /session/c1c20cc70f6d9ef30ac844aa04f1cdf8/element - {"using":"xpath","value":"//span[contains(text(), \"English\")]"}
COMMAND: GET /session/c1c20cc70f6d9ef30ac844aa04f1cdf8/screenshot - {}
RESULT: {"using":"xpath","value":"//span[contains(text(), \"English\")]"}
COMMAND: POST /session/c1c20cc70f6d9ef30ac844aa04f1cdf8/element/f.79CB9250C4973688A89FBF0EB0986102.d.400EFD1F9AF0380470579829ACD80238.e.725/click - {}
RESULT: {}
RESULT: {}
COMMAND: POST /session/c1c20cc70f6d9ef30ac844aa04f1cdf8/execute/async - {"script":"<script> [1562 bytes]","args":[{"selector":{"id":"application-manageyards-display-component---NewYard--addressDetailDetailsCity1","interaction":{"idSuffix":"inner"}},"wdio_ui5_key":"applicationmanageyards-display-component---NewYard--addressDetailDetailsCity1"}]}
COMMAND: GET /session/c1c20cc70f6d9ef30ac844aa04f1cdf8/screenshot - {}
RESULT: {"script":"<script> [1562 bytes]","args":[{"selector":{"id":"application-manageyards-display-component---NewYard--addressDetailDetailsCity1","interaction":{"idSuffix":"inner"}},"wdio_ui5_key":"applicationmanageyards-display-component---NewYard--addressDetailDetailsCity1"}]}
RESULT: undefined
COMMAND: POST /session/c1c20cc70f6d9ef30ac844aa04f1cdf8/execute/async - {"script":"<script> [776 bytes]","args":[{"enterText":"Rosario","selector":{"id":"application-manageyards-display-component---NewYard--addressDetailDetailsCity1","interaction":{"idSuffix":"inner"}},"clearTextFirst":true,"interactionType":"ENTER_TEXT"}]}
RESULT: {}
RESULT: {"script":"<script> [776 bytes]","args":[{"enterText":"Rosario","selector":{"id":"application-manageyards-display-component---NewYard--addressDetailDetailsCity1","interaction":{"idSuffix":"inner"}},"clearTextFirst":true,"interactionType":"ENTER_TEXT"}]}
COMMAND: POST /session/c1c20cc70f6d9ef30ac844aa04f1cdf8/execute/async - {"script":"<script> [1562 bytes]","args":[{"selector":{"id":"application-manageyards-display-component---NewYard--addressDetailDetailsCountry-arrow"},"wdio_ui5_key":"applicationmanageyards-display-component---NewYard--addressDetailDetailsCountry-arrow"}]}
RESULT: {"script":"<script> [1562 bytes]","args":[{"selector":{"id":"application-manageyards-display-component---NewYard--addressDetailDetailsCountry-arrow"},"wdio_ui5_key":"applicationmanageyards-display-component---NewYard--addressDetailDetailsCountry-arrow"}]}
RESULT: undefined
COMMAND: POST /session/c1c20cc70f6d9ef30ac844aa04f1cdf8/element - {"using":"xpath","value":"//*[@id=\"application-manageyards-display-component---NewYard--addressDetailDetailsCountry-arrow\"]"}
RESULT: {"using":"xpath","value":"//*[@id=\"application-manageyards-display-component---NewYard--addressDetailDetailsCountry-arrow\"]"}
COMMAND: POST /session/c1c20cc70f6d9ef30ac844aa04f1cdf8/element/f.79CB9250C4973688A89FBF0EB0986102.d.400EFD1F9AF0380470579829ACD80238.e.727/click - {}
RESULT: {}
COMMAND: POST /session/c1c20cc70f6d9ef30ac844aa04f1cdf8/element - {"using":"xpath","value":"//span[contains(text(), \"Argentina\")]"}
COMMAND: GET /session/c1c20cc70f6d9ef30ac844aa04f1cdf8/screenshot - {}
RESULT: {"using":"xpath","value":"//span[contains(text(), \"Argentina\")]"}
COMMAND: POST /session/c1c20cc70f6d9ef30ac844aa04f1cdf8/element/f.79CB9250C4973688A89FBF0EB0986102.d.400EFD1F9AF0380470579829ACD80238.e.729/click - {}
RESULT: {}
RESULT: {}
COMMAND: POST /session/c1c20cc70f6d9ef30ac844aa04f1cdf8/execute/async - {"script":"<script> [1562 bytes]","args":[{"selector":{"id":"application-manageyards-display-component---NewYard--addressEditDetailsCostObjectCstType-arrow"},"wdio_ui5_key":"applicationmanageyards-display-component---NewYard--addressEditDetailsCostObjectCstType-arrow"}]}
COMMAND: GET /session/c1c20cc70f6d9ef30ac844aa04f1cdf8/screenshot - {}
RESULT: {"script":"<script> [1562 bytes]","args":[{"selector":{"id":"application-manageyards-display-component---NewYard--addressEditDetailsCostObjectCstType-arrow"},"wdio_ui5_key":"applicationmanageyards-display-component---NewYard--addressEditDetailsCostObjectCstType-arrow"}]}
RESULT: undefined
COMMAND: POST /session/c1c20cc70f6d9ef30ac844aa04f1cdf8/element - {"using":"xpath","value":"//*[@id=\"application-manageyards-display-component---NewYard--addressEditDetailsCostObjectCstType-arrow\"]"}
RESULT: {}
RESULT: {"using":"xpath","value":"//*[@id=\"application-manageyards-display-component---NewYard--addressEditDetailsCostObjectCstType-arrow\"]"}
COMMAND: POST /session/c1c20cc70f6d9ef30ac844aa04f1cdf8/element/f.79CB9250C4973688A89FBF0EB0986102.d.400EFD1F9AF0380470579829ACD80238.e.730/click - {}
RESULT: {}
COMMAND: POST /session/c1c20cc70f6d9ef30ac844aa04f1cdf8/element - {"using":"xpath","value":"//span[contains(text(), \"Cost Center\")]"}
COMMAND: GET /session/c1c20cc70f6d9ef30ac844aa04f1cdf8/screenshot - {}
RESULT: {"using":"xpath","value":"//span[contains(text(), \"Cost Center\")]"}
COMMAND: POST /session/c1c20cc70f6d9ef30ac844aa04f1cdf8/element/f.79CB9250C4973688A89FBF0EB0986102.d.400EFD1F9AF0380470579829ACD80238.e.731/click - {}
RESULT: {}
RESULT: {}
COMMAND: GET /session/c1c20cc70f6d9ef30ac844aa04f1cdf8/screenshot - {}
RESULT: {}
COMMAND: POST /session/c1c20cc70f6d9ef30ac844aa04f1cdf8/element - {"using":"xpath","value":"//span[@id=\"application-manageyards-display-component---NewYard--addressNewCostObjectCstID-vhi\"]"}
RESULT: {"using":"xpath","value":"//span[@id=\"application-manageyards-display-component---NewYard--addressNewCostObjectCstID-vhi\"]"}
COMMAND: POST /session/c1c20cc70f6d9ef30ac844aa04f1cdf8/execute/sync - {"script":"<script> [8489 bytes]","args":[{"element-6066-11e4-a52e-4f735466cecf":"f.79CB9250C4973688A89FBF0EB0986102.d.400EFD1F9AF0380470579829ACD80238.e.735","ELEMENT":"f.79CB9250C4973688A89FBF0EB0986102.d.400EFD1F9AF0380470579829ACD80238.e.735"}]}
RESULT: {"script":"<script> [8489 bytes]","args":[{"element-6066-11e4-a52e-4f735466cecf":"f.79CB9250C4973688A89FBF0EB0986102.d.400EFD1F9AF0380470579829ACD80238.e.735","ELEMENT":"f.79CB9250C4973688A89FBF0EB0986102.d.400EFD1F9AF0380470579829ACD80238.e.735"}]}
COMMAND: POST /session/c1c20cc70f6d9ef30ac844aa04f1cdf8/execute/async - {"script":"<script> [1562 bytes]","args":[{"selector":{"id":"application-manageyards-display-component---NewYard--addressNewCostObjectCstID-vhi"},"wdio_ui5_key":"applicationmanageyards-display-component---NewYard--addressNewCostObjectCstID-vhi"}]}
COMMAND: GET /session/c1c20cc70f6d9ef30ac844aa04f1cdf8/screenshot - {}
RESULT: {"script":"<script> [1562 bytes]","args":[{"selector":{"id":"application-manageyards-display-component---NewYard--addressNewCostObjectCstID-vhi"},"wdio_ui5_key":"applicationmanageyards-display-component---NewYard--addressNewCostObjectCstID-vhi"}]}
RESULT: undefined
COMMAND: POST /session/c1c20cc70f6d9ef30ac844aa04f1cdf8/element - {"using":"xpath","value":"//*[@id=\"application-manageyards-display-component---NewYard--addressNewCostObjectCstID-vhi\"]"}
RESULT: {}
RESULT: {"using":"xpath","value":"//*[@id=\"application-manageyards-display-component---NewYard--addressNewCostObjectCstID-vhi\"]"}
COMMAND: POST /session/c1c20cc70f6d9ef30ac844aa04f1cdf8/element/f.79CB9250C4973688A89FBF0EB0986102.d.400EFD1F9AF0380470579829ACD80238.e.735/click - {}
RESULT: {}
COMMAND: GET /session/c1c20cc70f6d9ef30ac844aa04f1cdf8/screenshot - {}
RESULT: {}
COMMAND: POST /session/c1c20cc70f6d9ef30ac844aa04f1cdf8/execute/async - {"script":"<script> [1562 bytes]","args":[{"selector":{"controlType":"sap.m.SearchField","properties":{"placeholder":"Search"},"searchOpenDialogs":true,"interaction":{"idSuffix":"I"}},"wdio_ui5_key":"sapm.SearchField{\"placeholder\":\"Search\"}"}]}
RESULT: {"script":"<script> [1562 bytes]","args":[{"selector":{"controlType":"sap.m.SearchField","properties":{"placeholder":"Search"},"searchOpenDialogs":true,"interaction":{"idSuffix":"I"}},"wdio_ui5_key":"sapm.SearchField{\"placeholder\":\"Search\"}"}]}
RESULT: undefined
COMMAND: POST /session/c1c20cc70f6d9ef30ac844aa04f1cdf8/execute/async - {"script":"<script> [776 bytes]","args":[{"enterText":"bauh_b","selector":{"controlType":"sap.m.SearchField","properties":{"placeholder":"Search"},"searchOpenDialogs":true,"interaction":{"idSuffix":"I"}},"clearTextFirst":true,"interactionType":"ENTER_TEXT"}]}
RESULT: {"script":"<script> [776 bytes]","args":[{"enterText":"bauh_b","selector":{"controlType":"sap.m.SearchField","properties":{"placeholder":"Search"},"searchOpenDialogs":true,"interaction":{"idSuffix":"I"}},"clearTextFirst":true,"interactionType":"ENTER_TEXT"}]}
COMMAND: POST /session/c1c20cc70f6d9ef30ac844aa04f1cdf8/actions - {"actions":[{"id":"action1","type":"key","parameters":{},"actions":[{"type":"keyDown","value":"î€‡"},{"type":"pause","duration":10},{"type":"keyUp","value":"î€‡"}]}]}
RESULT: {"actions":[{"id":"action1","type":"key","parameters":{},"actions":[{"type":"keyDown","value":"î€‡"},{"type":"pause","duration":10},{"type":"keyUp","value":"î€‡"}]}]}
COMMAND: GET /session/c1c20cc70f6d9ef30ac844aa04f1cdf8/screenshot - {}
RESULT: {}
COMMAND: POST /session/c1c20cc70f6d9ef30ac844aa04f1cdf8/element - {"using":"xpath","value":"//span[contains(text(), \"Demo Yard\")]"}
RESULT: {"using":"xpath","value":"//span[contains(text(), \"Demo Yard\")]"}
COMMAND: POST /session/c1c20cc70f6d9ef30ac844aa04f1cdf8/element/f.79CB9250C4973688A89FBF0EB0986102.d.400EFD1F9AF0380470579829ACD80238.e.776/click - {}
RESULT: {}
COMMAND: GET /session/c1c20cc70f6d9ef30ac844aa04f1cdf8/screenshot - {}
RESULT: {}
COMMAND: POST /session/c1c20cc70f6d9ef30ac844aa04f1cdf8/element - {"using":"xpath","value":"//bdi[contains(text(), \"OK\")]"}
RESULT: {"using":"xpath","value":"//bdi[contains(text(), \"OK\")]"}
COMMAND: POST /session/c1c20cc70f6d9ef30ac844aa04f1cdf8/element/f.79CB9250C4973688A89FBF0EB0986102.d.400EFD1F9AF0380470579829ACD80238.e.777/click - {}
RESULT: {}
COMMAND: GET /session/c1c20cc70f6d9ef30ac844aa04f1cdf8/screenshot - {}
RESULT: {}
COMMAND: POST /session/c1c20cc70f6d9ef30ac844aa04f1cdf8/execute/async - {"script":"<script> [1562 bytes]","args":[{"selector":{"id":"application-manageyards-display-component---NewYard--addressEditDetailsCurrency-arrow"},"wdio_ui5_key":"applicationmanageyards-display-component---NewYard--addressEditDetailsCurrency-arrow"}]}
RESULT: {"script":"<script> [1562 bytes]","args":[{"selector":{"id":"application-manageyards-display-component---NewYard--addressEditDetailsCurrency-arrow"},"wdio_ui5_key":"applicationmanageyards-display-component---NewYard--addressEditDetailsCurrency-arrow"}]}
RESULT: undefined
COMMAND: POST /session/c1c20cc70f6d9ef30ac844aa04f1cdf8/element - {"using":"xpath","value":"//*[@id=\"application-manageyards-display-component---NewYard--addressEditDetailsCurrency-arrow\"]"}
RESULT: {"using":"xpath","value":"//*[@id=\"application-manageyards-display-component---NewYard--addressEditDetailsCurrency-arrow\"]"}
COMMAND: POST /session/c1c20cc70f6d9ef30ac844aa04f1cdf8/element/f.79CB9250C4973688A89FBF0EB0986102.d.400EFD1F9AF0380470579829ACD80238.e.780/click - {}
RESULT: {}
COMMAND: POST /session/c1c20cc70f6d9ef30ac844aa04f1cdf8/element - {"using":"xpath","value":"//span[contains(text(), \"Euro\")]"}
COMMAND: GET /session/c1c20cc70f6d9ef30ac844aa04f1cdf8/screenshot - {}
RESULT: {"using":"xpath","value":"//span[contains(text(), \"Euro\")]"}
COMMAND: POST /session/c1c20cc70f6d9ef30ac844aa04f1cdf8/element/f.79CB9250C4973688A89FBF0EB0986102.d.400EFD1F9AF0380470579829ACD80238.e.781/click - {}
RESULT: {}
RESULT: {}
COMMAND: POST /session/c1c20cc70f6d9ef30ac844aa04f1cdf8/execute/async - {"script":"<script> [1562 bytes]","args":[{"selector":{"controlType":"sap.m.Input","viewName":"etm.portal.ui.manageyards.view.New","viewId":"application-manageyards-display-component---NewYard","bindingPath":{"path":"","propertyPath":"/CONTROLLING_AREA","modelName":"NewYardModel"},"interaction":{"idSuffix":"inner"}},"wdio_ui5_key":"etmportal.ui.manageyards.view.Newsap.m.Input{\"path\":\"\",\"propertyPath\":\"/CONTROLLING_AREA\",\"modelName\":\"NewYardModel\"}"}]}
COMMAND: GET /session/c1c20cc70f6d9ef30ac844aa04f1cdf8/screenshot - {}
RESULT: {"script":"<script> [1562 bytes]","args":[{"selector":{"controlType":"sap.m.Input","viewName":"etm.portal.ui.manageyards.view.New","viewId":"application-manageyards-display-component---NewYard","bindingPath":{"path":"","propertyPath":"/CONTROLLING_AREA","modelName":"NewYardModel"},"interaction":{"idSuffix":"inner"}},"wdio_ui5_key":"etmportal.ui.manageyards.view.Newsap.m.Input{\"path\":\"\",\"propertyPath\":\"/CONTROLLING_AREA\",\"modelName\":\"NewYardModel\"}"}]}
RESULT: undefined
COMMAND: POST /session/c1c20cc70f6d9ef30ac844aa04f1cdf8/execute/async - {"script":"<script> [776 bytes]","args":[{"enterText":"Z001","selector":{"controlType":"sap.m.Input","viewName":"etm.portal.ui.manageyards.view.New","viewId":"application-manageyards-display-component---NewYard","bindingPath":{"path":"","propertyPath":"/CONTROLLING_AREA","modelName":"NewYardModel"},"interaction":{"idSuffix":"inner"}},"clearTextFirst":true,"interactionType":"ENTER_TEXT"}]}
RESULT: {}
RESULT: {"script":"<script> [776 bytes]","args":[{"enterText":"Z001","selector":{"controlType":"sap.m.Input","viewName":"etm.portal.ui.manageyards.view.New","viewId":"application-manageyards-display-component---NewYard","bindingPath":{"path":"","propertyPath":"/CONTROLLING_AREA","modelName":"NewYardModel"},"interaction":{"idSuffix":"inner"}},"clearTextFirst":true,"interactionType":"ENTER_TEXT"}]}
COMMAND: POST /session/c1c20cc70f6d9ef30ac844aa04f1cdf8/execute/async - {"script":"<script> [1562 bytes]","args":[{"selector":{"id":"application-manageyards-display-component---NewYard--companyCodeComboBox","interaction":{"idSuffix":"inner"}},"wdio_ui5_key":"applicationmanageyards-display-component---NewYard--companyCodeComboBox"}]}
RESULT: {"script":"<script> [1562 bytes]","args":[{"selector":{"id":"application-manageyards-display-component---NewYard--companyCodeComboBox","interaction":{"idSuffix":"inner"}},"wdio_ui5_key":"applicationmanageyards-display-component---NewYard--companyCodeComboBox"}]}
RESULT: undefined
COMMAND: POST /session/c1c20cc70f6d9ef30ac844aa04f1cdf8/execute/async - {"script":"<script> [776 bytes]","args":[{"enterText":"1000","selector":{"id":"application-manageyards-display-component---NewYard--companyCodeComboBox","interaction":{"idSuffix":"inner"}},"clearTextFirst":true,"interactionType":"ENTER_TEXT"}]}
RESULT: {"script":"<script> [776 bytes]","args":[{"enterText":"1000","selector":{"id":"application-manageyards-display-component---NewYard--companyCodeComboBox","interaction":{"idSuffix":"inner"}},"clearTextFirst":true,"interactionType":"ENTER_TEXT"}]}
COMMAND: POST /session/c1c20cc70f6d9ef30ac844aa04f1cdf8/execute/async - {"script":"<script> [1562 bytes]","args":[{"selector":{"controlType":"sap.m.Input","viewName":"etm.portal.ui.manageyards.view.New","viewId":"application-manageyards-display-component---NewYard","bindingPath":{"path":"","propertyPath":"/PLANT","modelName":"NewYardModel"},"interaction":{"idSuffix":"inner"}},"wdio_ui5_key":"etmportal.ui.manageyards.view.Newsap.m.Input{\"path\":\"\",\"propertyPath\":\"/PLANT\",\"modelName\":\"NewYardModel\"}"}]}
RESULT: {"script":"<script> [1562 bytes]","args":[{"selector":{"controlType":"sap.m.Input","viewName":"etm.portal.ui.manageyards.view.New","viewId":"application-manageyards-display-component---NewYard","bindingPath":{"path":"","propertyPath":"/PLANT","modelName":"NewYardModel"},"interaction":{"idSuffix":"inner"}},"wdio_ui5_key":"etmportal.ui.manageyards.view.Newsap.m.Input{\"path\":\"\",\"propertyPath\":\"/PLANT\",\"modelName\":\"NewYardModel\"}"}]}
RESULT: undefined
COMMAND: POST /session/c1c20cc70f6d9ef30ac844aa04f1cdf8/execute/async - {"script":"<script> [776 bytes]","args":[{"enterText":"1001","selector":{"controlType":"sap.m.Input","viewName":"etm.portal.ui.manageyards.view.New","viewId":"application-manageyards-display-component---NewYard","bindingPath":{"path":"","propertyPath":"/PLANT","modelName":"NewYardModel"},"interaction":{"idSuffix":"inner"}},"clearTextFirst":true,"interactionType":"ENTER_TEXT"}]}
RESULT: {"script":"<script> [776 bytes]","args":[{"enterText":"1001","selector":{"controlType":"sap.m.Input","viewName":"etm.portal.ui.manageyards.view.New","viewId":"application-manageyards-display-component---NewYard","bindingPath":{"path":"","propertyPath":"/PLANT","modelName":"NewYardModel"},"interaction":{"idSuffix":"inner"}},"clearTextFirst":true,"interactionType":"ENTER_TEXT"}]}
COMMAND: POST /session/c1c20cc70f6d9ef30ac844aa04f1cdf8/execute/async - {"script":"<script> [1562 bytes]","args":[{"selector":{"controlType":"sap.m.Input","viewName":"etm.portal.ui.manageyards.view.New","viewId":"application-manageyards-display-component---NewYard","bindingPath":{"path":"","propertyPath":"/SALES_AREA_VKORG","modelName":"NewYardModel"},"interaction":{"idSuffix":"inner"}},"wdio_ui5_key":"etmportal.ui.manageyards.view.Newsap.m.Input{\"path\":\"\",\"propertyPath\":\"/SALES_AREA_VKORG\",\"modelName\":\"NewYardModel\"}"}]}
RESULT: {"script":"<script> [1562 bytes]","args":[{"selector":{"controlType":"sap.m.Input","viewName":"etm.portal.ui.manageyards.view.New","viewId":"application-manageyards-display-component---NewYard","bindingPath":{"path":"","propertyPath":"/SALES_AREA_VKORG","modelName":"NewYardModel"},"interaction":{"idSuffix":"inner"}},"wdio_ui5_key":"etmportal.ui.manageyards.view.Newsap.m.Input{\"path\":\"\",\"propertyPath\":\"/SALES_AREA_VKORG\",\"modelName\":\"NewYardModel\"}"}]}
RESULT: undefined
COMMAND: POST /session/c1c20cc70f6d9ef30ac844aa04f1cdf8/execute/async - {"script":"<script> [776 bytes]","args":[{"enterText":"C002","selector":{"controlType":"sap.m.Input","viewName":"etm.portal.ui.manageyards.view.New","viewId":"application-manageyards-display-component---NewYard","bindingPath":{"path":"","propertyPath":"/SALES_AREA_VKORG","modelName":"NewYardModel"},"interaction":{"idSuffix":"inner"}},"clearTextFirst":true,"interactionType":"ENTER_TEXT"}]}
RESULT: {"script":"<script> [776 bytes]","args":[{"enterText":"C002","selector":{"controlType":"sap.m.Input","viewName":"etm.portal.ui.manageyards.view.New","viewId":"application-manageyards-display-component---NewYard","bindingPath":{"path":"","propertyPath":"/SALES_AREA_VKORG","modelName":"NewYardModel"},"interaction":{"idSuffix":"inner"}},"clearTextFirst":true,"interactionType":"ENTER_TEXT"}]}
COMMAND: POST /session/c1c20cc70f6d9ef30ac844aa04f1cdf8/execute/async - {"script":"<script> [1562 bytes]","args":[{"selector":{"controlType":"sap.m.Input","viewName":"etm.portal.ui.manageyards.view.New","viewId":"application-manageyards-display-component---NewYard","bindingPath":{"path":"","propertyPath":"/SALES_AREA_VTWEG","modelName":"NewYardModel"},"interaction":{"idSuffix":"inner"}},"wdio_ui5_key":"etmportal.ui.manageyards.view.Newsap.m.Input{\"path\":\"\",\"propertyPath\":\"/SALES_AREA_VTWEG\",\"modelName\":\"NewYardModel\"}"}]}
RESULT: {"script":"<script> [1562 bytes]","args":[{"selector":{"controlType":"sap.m.Input","viewName":"etm.portal.ui.manageyards.view.New","viewId":"application-manageyards-display-component---NewYard","bindingPath":{"path":"","propertyPath":"/SALES_AREA_VTWEG","modelName":"NewYardModel"},"interaction":{"idSuffix":"inner"}},"wdio_ui5_key":"etmportal.ui.manageyards.view.Newsap.m.Input{\"path\":\"\",\"propertyPath\":\"/SALES_AREA_VTWEG\",\"modelName\":\"NewYardModel\"}"}]}
RESULT: undefined
COMMAND: POST /session/c1c20cc70f6d9ef30ac844aa04f1cdf8/execute/async - {"script":"<script> [776 bytes]","args":[{"enterText":"C2","selector":{"controlType":"sap.m.Input","viewName":"etm.portal.ui.manageyards.view.New","viewId":"application-manageyards-display-component---NewYard","bindingPath":{"path":"","propertyPath":"/SALES_AREA_VTWEG","modelName":"NewYardModel"},"interaction":{"idSuffix":"inner"}},"clearTextFirst":true,"interactionType":"ENTER_TEXT"}]}
RESULT: {"script":"<script> [776 bytes]","args":[{"enterText":"C2","selector":{"controlType":"sap.m.Input","viewName":"etm.portal.ui.manageyards.view.New","viewId":"application-manageyards-display-component---NewYard","bindingPath":{"path":"","propertyPath":"/SALES_AREA_VTWEG","modelName":"NewYardModel"},"interaction":{"idSuffix":"inner"}},"clearTextFirst":true,"interactionType":"ENTER_TEXT"}]}
COMMAND: POST /session/c1c20cc70f6d9ef30ac844aa04f1cdf8/execute/async - {"script":"<script> [1562 bytes]","args":[{"selector":{"controlType":"sap.m.Input","viewName":"etm.portal.ui.manageyards.view.New","viewId":"application-manageyards-display-component---NewYard","bindingPath":{"path":"","propertyPath":"/SALES_AREA_SPART","modelName":"NewYardModel"},"interaction":{"idSuffix":"inner"}},"wdio_ui5_key":"etmportal.ui.manageyards.view.Newsap.m.Input{\"path\":\"\",\"propertyPath\":\"/SALES_AREA_SPART\",\"modelName\":\"NewYardModel\"}"}]}
RESULT: {"script":"<script> [1562 bytes]","args":[{"selector":{"controlType":"sap.m.Input","viewName":"etm.portal.ui.manageyards.view.New","viewId":"application-manageyards-display-component---NewYard","bindingPath":{"path":"","propertyPath":"/SALES_AREA_SPART","modelName":"NewYardModel"},"interaction":{"idSuffix":"inner"}},"wdio_ui5_key":"etmportal.ui.manageyards.view.Newsap.m.Input{\"path\":\"\",\"propertyPath\":\"/SALES_AREA_SPART\",\"modelName\":\"NewYardModel\"}"}]}
RESULT: undefined
COMMAND: POST /session/c1c20cc70f6d9ef30ac844aa04f1cdf8/execute/async - {"script":"<script> [776 bytes]","args":[{"enterText":"C2","selector":{"controlType":"sap.m.Input","viewName":"etm.portal.ui.manageyards.view.New","viewId":"application-manageyards-display-component---NewYard","bindingPath":{"path":"","propertyPath":"/SALES_AREA_SPART","modelName":"NewYardModel"},"interaction":{"idSuffix":"inner"}},"clearTextFirst":true,"interactionType":"ENTER_TEXT"}]}
RESULT: {"script":"<script> [776 bytes]","args":[{"enterText":"C2","selector":{"controlType":"sap.m.Input","viewName":"etm.portal.ui.manageyards.view.New","viewId":"application-manageyards-display-component---NewYard","bindingPath":{"path":"","propertyPath":"/SALES_AREA_SPART","modelName":"NewYardModel"},"interaction":{"idSuffix":"inner"}},"clearTextFirst":true,"interactionType":"ENTER_TEXT"}]}
COMMAND: POST /session/c1c20cc70f6d9ef30ac844aa04f1cdf8/execute/async - {"script":"<script> [1562 bytes]","args":[{"selector":{"controlType":"sap.m.Input","viewName":"etm.portal.ui.manageyards.view.New","viewId":"application-manageyards-display-component---NewYard","bindingPath":{"path":"","propertyPath":"/SHIP_POINT","modelName":"NewYardModel"},"interaction":{"idSuffix":"inner"}},"wdio_ui5_key":"etmportal.ui.manageyards.view.Newsap.m.Input{\"path\":\"\",\"propertyPath\":\"/SHIP_POINT\",\"modelName\":\"NewYardModel\"}"}]}
RESULT: {"script":"<script> [1562 bytes]","args":[{"selector":{"controlType":"sap.m.Input","viewName":"etm.portal.ui.manageyards.view.New","viewId":"application-manageyards-display-component---NewYard","bindingPath":{"path":"","propertyPath":"/SHIP_POINT","modelName":"NewYardModel"},"interaction":{"idSuffix":"inner"}},"wdio_ui5_key":"etmportal.ui.manageyards.view.Newsap.m.Input{\"path\":\"\",\"propertyPath\":\"/SHIP_POINT\",\"modelName\":\"NewYardModel\"}"}]}
RESULT: undefined
COMMAND: POST /session/c1c20cc70f6d9ef30ac844aa04f1cdf8/execute/async - {"script":"<script> [776 bytes]","args":[{"enterText":"1710","selector":{"controlType":"sap.m.Input","viewName":"etm.portal.ui.manageyards.view.New","viewId":"application-manageyards-display-component---NewYard","bindingPath":{"path":"","propertyPath":"/SHIP_POINT","modelName":"NewYardModel"},"interaction":{"idSuffix":"inner"}},"clearTextFirst":true,"interactionType":"ENTER_TEXT"}]}
RESULT: {"script":"<script> [776 bytes]","args":[{"enterText":"1710","selector":{"controlType":"sap.m.Input","viewName":"etm.portal.ui.manageyards.view.New","viewId":"application-manageyards-display-component---NewYard","bindingPath":{"path":"","propertyPath":"/SHIP_POINT","modelName":"NewYardModel"},"interaction":{"idSuffix":"inner"}},"clearTextFirst":true,"interactionType":"ENTER_TEXT"}]}
COMMAND: POST /session/c1c20cc70f6d9ef30ac844aa04f1cdf8/execute/async - {"script":"<script> [1562 bytes]","args":[{"selector":{"controlType":"sap.m.Input","viewName":"etm.portal.ui.manageyards.view.New","viewId":"application-manageyards-display-component---NewYard","bindingPath":{"path":"","propertyPath":"/DELIVERY_TYPE","modelName":"NewYardModel"},"interaction":{"idSuffix":"inner"}},"wdio_ui5_key":"etmportal.ui.manageyards.view.Newsap.m.Input{\"path\":\"\",\"propertyPath\":\"/DELIVERY_TYPE\",\"modelName\":\"NewYardModel\"}"}]}
RESULT: {"script":"<script> [1562 bytes]","args":[{"selector":{"controlType":"sap.m.Input","viewName":"etm.portal.ui.manageyards.view.New","viewId":"application-manageyards-display-component---NewYard","bindingPath":{"path":"","propertyPath":"/DELIVERY_TYPE","modelName":"NewYardModel"},"interaction":{"idSuffix":"inner"}},"wdio_ui5_key":"etmportal.ui.manageyards.view.Newsap.m.Input{\"path\":\"\",\"propertyPath\":\"/DELIVERY_TYPE\",\"modelName\":\"NewYardModel\"}"}]}
RESULT: undefined
COMMAND: POST /session/c1c20cc70f6d9ef30ac844aa04f1cdf8/execute/async - {"script":"<script> [776 bytes]","args":[{"enterText":"ZL01","selector":{"controlType":"sap.m.Input","viewName":"etm.portal.ui.manageyards.view.New","viewId":"application-manageyards-display-component---NewYard","bindingPath":{"path":"","propertyPath":"/DELIVERY_TYPE","modelName":"NewYardModel"},"interaction":{"idSuffix":"inner"}},"clearTextFirst":true,"interactionType":"ENTER_TEXT"}]}
RESULT: {"script":"<script> [776 bytes]","args":[{"enterText":"ZL01","selector":{"controlType":"sap.m.Input","viewName":"etm.portal.ui.manageyards.view.New","viewId":"application-manageyards-display-component---NewYard","bindingPath":{"path":"","propertyPath":"/DELIVERY_TYPE","modelName":"NewYardModel"},"interaction":{"idSuffix":"inner"}},"clearTextFirst":true,"interactionType":"ENTER_TEXT"}]}
COMMAND: POST /session/c1c20cc70f6d9ef30ac844aa04f1cdf8/execute/async - {"script":"<script> [1562 bytes]","args":[{"selector":{"controlType":"sap.m.Input","viewName":"etm.portal.ui.manageyards.view.New","viewId":"application-manageyards-display-component---NewYard","bindingPath":{"path":"","propertyPath":"/AUART","modelName":"NewYardModel"},"interaction":{"idSuffix":"inner"}},"wdio_ui5_key":"etmportal.ui.manageyards.view.Newsap.m.Input{\"path\":\"\",\"propertyPath\":\"/AUART\",\"modelName\":\"NewYardModel\"}"}]}
RESULT: {"script":"<script> [1562 bytes]","args":[{"selector":{"controlType":"sap.m.Input","viewName":"etm.portal.ui.manageyards.view.New","viewId":"application-manageyards-display-component---NewYard","bindingPath":{"path":"","propertyPath":"/AUART","modelName":"NewYardModel"},"interaction":{"idSuffix":"inner"}},"wdio_ui5_key":"etmportal.ui.manageyards.view.Newsap.m.Input{\"path\":\"\",\"propertyPath\":\"/AUART\",\"modelName\":\"NewYardModel\"}"}]}
RESULT: undefined
COMMAND: POST /session/c1c20cc70f6d9ef30ac844aa04f1cdf8/execute/async - {"script":"<script> [776 bytes]","args":[{"enterText":"TA","selector":{"controlType":"sap.m.Input","viewName":"etm.portal.ui.manageyards.view.New","viewId":"application-manageyards-display-component---NewYard","bindingPath":{"path":"","propertyPath":"/AUART","modelName":"NewYardModel"},"interaction":{"idSuffix":"inner"}},"clearTextFirst":true,"interactionType":"ENTER_TEXT"}]}
RESULT: {"script":"<script> [776 bytes]","args":[{"enterText":"TA","selector":{"controlType":"sap.m.Input","viewName":"etm.portal.ui.manageyards.view.New","viewId":"application-manageyards-display-component---NewYard","bindingPath":{"path":"","propertyPath":"/AUART","modelName":"NewYardModel"},"interaction":{"idSuffix":"inner"}},"clearTextFirst":true,"interactionType":"ENTER_TEXT"}]}
COMMAND: POST /session/c1c20cc70f6d9ef30ac844aa04f1cdf8/element - {"using":"xpath","value":"//button[@data-kt=\"newYardSaveButton\"]"}
RESULT: {"using":"xpath","value":"//button[@data-kt=\"newYardSaveButton\"]"}
COMMAND: POST /session/c1c20cc70f6d9ef30ac844aa04f1cdf8/element/f.79CB9250C4973688A89FBF0EB0986102.d.400EFD1F9AF0380470579829ACD80238.e.682/click - {}
RESULT: {}
COMMAND: GET /session/c1c20cc70f6d9ef30ac844aa04f1cdf8/screenshot - {}
RESULT: {}
COMMAND: POST /session/c1c20cc70f6d9ef30ac844aa04f1cdf8/element - {"using":"xpath","value":"//header[contains(@id, 'ObjectPageLayout-headerTitle')]/div[1]/div[2]/div[1]/span[1]"}
RESULT: {"using":"xpath","value":"//header[contains(@id, 'ObjectPageLayout-headerTitle')]/div[1]/div[2]/div[1]/span[1]"}
COMMAND: POST /session/c1c20cc70f6d9ef30ac844aa04f1cdf8/elements - {"using":"xpath","value":"//header[contains(@id, 'ObjectPageLayout-headerTitle')]/div[1]/div[2]/div[1]/span[1]"}
RESULT: {"using":"xpath","value":"//header[contains(@id, 'ObjectPageLayout-headerTitle')]/div[1]/div[2]/div[1]/span[1]"}
COMMAND: POST /session/c1c20cc70f6d9ef30ac844aa04f1cdf8/execute/sync - {"script":"<script> [56 bytes]","args":[{"element-6066-11e4-a52e-4f735466cecf":"f.79CB9250C4973688A89FBF0EB0986102.d.400EFD1F9AF0380470579829ACD80238.e.1006","ELEMENT":"f.79CB9250C4973688A89FBF0EB0986102.d.400EFD1F9AF0380470579829ACD80238.e.1006"}]}
RESULT: {"script":"<script> [56 bytes]","args":[{"element-6066-11e4-a52e-4f735466cecf":"f.79CB9250C4973688A89FBF0EB0986102.d.400EFD1F9AF0380470579829ACD80238.e.1006","ELEMENT":"f.79CB9250C4973688A89FBF0EB0986102.d.400EFD1F9AF0380470579829ACD80238.e.1006"}]}
COMMAND: GET /session/c1c20cc70f6d9ef30ac844aa04f1cdf8/screenshot - {}
RESULT: {}
COMMAND: POST /session/c1c20cc70f6d9ef30ac844aa04f1cdf8/element - {"using":"css selector","value":"#shell-header-logo"}
RESULT: {"using":"css selector","value":"#shell-header-logo"}
COMMAND: POST /session/c1c20cc70f6d9ef30ac844aa04f1cdf8/element/f.79CB9250C4973688A89FBF0EB0986102.d.400EFD1F9AF0380470579829ACD80238.e.260/click - {}
RESULT: {}
COMMAND: GET /session/c1c20cc70f6d9ef30ac844aa04f1cdf8/screenshot - {}
RESULT: {}
COMMAND: POST /session/c1c20cc70f6d9ef30ac844aa04f1cdf8/execute/sync - {"script":"<script> [299 bytes]","args":[["getModel","getResource"]]}
RESULT: {"script":"<script> [299 bytes]","args":[["getModel","getResource"]]}
COMMAND: GET /session/c1c20cc70f6d9ef30ac844aa04f1cdf8/screenshot - {}
]]></system-out>
    </testcase>
    <testcase classname="chrome.136_0_7103_93.windows.Partner_specific_tests_US150819_US151080_US151654_US151176_US103444_US151078_US151079_US151109_US151174_US151175_US151189" name="Should create new external partner US150819" time="109.615">
      <system-out><![CDATA[
COMMAND: POST /session/c1c20cc70f6d9ef30ac844aa04f1cdf8/element - {"using":"xpath","value":"//li[.//span[text()=\"Manage Partners\"]]"}
RESULT: {}
RESULT: {"using":"xpath","value":"//li[.//span[text()=\"Manage Partners\"]]"}
COMMAND: POST /session/c1c20cc70f6d9ef30ac844aa04f1cdf8/element - {"using":"xpath","value":"//li[.//span[text()=\"Manage Partners\"]]"}
RESULT: {"using":"xpath","value":"//li[.//span[text()=\"Manage Partners\"]]"}
COMMAND: POST /session/c1c20cc70f6d9ef30ac844aa04f1cdf8/element - {"using":"css selector","value":"#shell-header-logo"}
RESULT: {"using":"css selector","value":"#shell-header-logo"}
COMMAND: POST /session/c1c20cc70f6d9ef30ac844aa04f1cdf8/element/f.79CB9250C4973688A89FBF0EB0986102.d.400EFD1F9AF0380470579829ACD80238.e.1008/click - {}
COMMAND: POST /session/c1c20cc70f6d9ef30ac844aa04f1cdf8/execute/sync - {"script":"<script> [8489 bytes]","args":[{"element-6066-11e4-a52e-4f735466cecf":"f.79CB9250C4973688A89FBF0EB0986102.d.400EFD1F9AF0380470579829ACD80238.e.1008","ELEMENT":"f.79CB9250C4973688A89FBF0EB0986102.d.400EFD1F9AF0380470579829ACD80238.e.1008"}]}
RESULT: {"script":"<script> [8489 bytes]","args":[{"element-6066-11e4-a52e-4f735466cecf":"f.79CB9250C4973688A89FBF0EB0986102.d.400EFD1F9AF0380470579829ACD80238.e.1008","ELEMENT":"f.79CB9250C4973688A89FBF0EB0986102.d.400EFD1F9AF0380470579829ACD80238.e.1008"}]}
COMMAND: POST /session/c1c20cc70f6d9ef30ac844aa04f1cdf8/execute/sync - {"script":"<script> [5351 bytes]","args":[{"element-6066-11e4-a52e-4f735466cecf":"f.79CB9250C4973688A89FBF0EB0986102.d.400EFD1F9AF0380470579829ACD80238.e.1008","ELEMENT":"f.79CB9250C4973688A89FBF0EB0986102.d.400EFD1F9AF0380470579829ACD80238.e.1008"}]}
COMMAND: GET /session/c1c20cc70f6d9ef30ac844aa04f1cdf8/screenshot - {}
RESULT: {}
COMMAND: GET /session/c1c20cc70f6d9ef30ac844aa04f1cdf8/screenshot - {}
RESULT: {"script":"<script> [5351 bytes]","args":[{"element-6066-11e4-a52e-4f735466cecf":"f.79CB9250C4973688A89FBF0EB0986102.d.400EFD1F9AF0380470579829ACD80238.e.1008","ELEMENT":"f.79CB9250C4973688A89FBF0EB0986102.d.400EFD1F9AF0380470579829ACD80238.e.1008"}]}
COMMAND: GET /session/c1c20cc70f6d9ef30ac844aa04f1cdf8/screenshot - {}
RESULT: {}
RESULT: {}
RESULT: {}
COMMAND: POST /session/c1c20cc70f6d9ef30ac844aa04f1cdf8/window/fullscreen - {}
RESULT: {}
COMMAND: POST /session/c1c20cc70f6d9ef30ac844aa04f1cdf8/execute/async - {"script":"<script> [1562 bytes]","args":[{"selector":{"controlType":"sap.m.GenericTile","properties":{"header":"Manage Partners"}},"wdio_ui5_key":"sapm.GenericTile{\"header\":\"Manage Partners\"}"}]}
RESULT: {"script":"<script> [1562 bytes]","args":[{"selector":{"controlType":"sap.m.GenericTile","properties":{"header":"Manage Partners"}},"wdio_ui5_key":"sapm.GenericTile{\"header\":\"Manage Partners\"}"}]}
RESULT: undefined
COMMAND: POST /session/c1c20cc70f6d9ef30ac844aa04f1cdf8/element - {"using":"xpath","value":"//*[@id=\"__tile38\"]"}
RESULT: {"using":"xpath","value":"//*[@id=\"__tile38\"]"}
COMMAND: POST /session/c1c20cc70f6d9ef30ac844aa04f1cdf8/element/f.79CB9250C4973688A89FBF0EB0986102.d.400EFD1F9AF0380470579829ACD80238.e.154/click - {}
RESULT: {}
COMMAND: GET /session/c1c20cc70f6d9ef30ac844aa04f1cdf8/screenshot - {}
RESULT: {}
COMMAND: POST /session/c1c20cc70f6d9ef30ac844aa04f1cdf8/elements - {"using":"xpath","value":"//span[text()='Error']"}
RESULT: {"using":"xpath","value":"//span[text()='Error']"}
COMMAND: POST /session/c1c20cc70f6d9ef30ac844aa04f1cdf8/element - {"using":"xpath","value":"//button[@data-kt=\"addButton\"]"}
RESULT: {"using":"xpath","value":"//button[@data-kt=\"addButton\"]"}
COMMAND: POST /session/c1c20cc70f6d9ef30ac844aa04f1cdf8/elements - {"using":"xpath","value":"//button[@data-kt=\"addButton\"]"}
RESULT: {"using":"xpath","value":"//button[@data-kt=\"addButton\"]"}
COMMAND: POST /session/c1c20cc70f6d9ef30ac844aa04f1cdf8/elements - {"using":"xpath","value":"//button[@data-kt=\"addButton\"]"}
RESULT: {"using":"xpath","value":"//button[@data-kt=\"addButton\"]"}
COMMAND: POST /session/c1c20cc70f6d9ef30ac844aa04f1cdf8/element - {"using":"xpath","value":"//button[@data-kt=\"addButton\"]"}
RESULT: {"using":"xpath","value":"//button[@data-kt=\"addButton\"]"}
COMMAND: POST /session/c1c20cc70f6d9ef30ac844aa04f1cdf8/execute/sync - {"script":"<script> [8489 bytes]","args":[{"element-6066-11e4-a52e-4f735466cecf":"f.79CB9250C4973688A89FBF0EB0986102.d.400EFD1F9AF0380470579829ACD80238.e.1054","ELEMENT":"f.79CB9250C4973688A89FBF0EB0986102.d.400EFD1F9AF0380470579829ACD80238.e.1054"}]}
RESULT: {"script":"<script> [8489 bytes]","args":[{"element-6066-11e4-a52e-4f735466cecf":"f.79CB9250C4973688A89FBF0EB0986102.d.400EFD1F9AF0380470579829ACD80238.e.1054","ELEMENT":"f.79CB9250C4973688A89FBF0EB0986102.d.400EFD1F9AF0380470579829ACD80238.e.1054"}]}
COMMAND: GET /session/c1c20cc70f6d9ef30ac844aa04f1cdf8/element/f.79CB9250C4973688A89FBF0EB0986102.d.400EFD1F9AF0380470579829ACD80238.e.1054/enabled - {}
COMMAND: GET /session/c1c20cc70f6d9ef30ac844aa04f1cdf8/screenshot - {}
RESULT: {}
COMMAND: POST /session/c1c20cc70f6d9ef30ac844aa04f1cdf8/execute/sync - {"script":"<script> [8489 bytes]","args":[{"element-6066-11e4-a52e-4f735466cecf":"f.79CB9250C4973688A89FBF0EB0986102.d.400EFD1F9AF0380470579829ACD80238.e.1054","ELEMENT":"f.79CB9250C4973688A89FBF0EB0986102.d.400EFD1F9AF0380470579829ACD80238.e.1054"}]}
COMMAND: GET /session/c1c20cc70f6d9ef30ac844aa04f1cdf8/screenshot - {}
RESULT: {}
RESULT: {"script":"<script> [8489 bytes]","args":[{"element-6066-11e4-a52e-4f735466cecf":"f.79CB9250C4973688A89FBF0EB0986102.d.400EFD1F9AF0380470579829ACD80238.e.1054","ELEMENT":"f.79CB9250C4973688A89FBF0EB0986102.d.400EFD1F9AF0380470579829ACD80238.e.1054"}]}
COMMAND: POST /session/c1c20cc70f6d9ef30ac844aa04f1cdf8/execute/sync - {"script":"<script> [5351 bytes]","args":[{"element-6066-11e4-a52e-4f735466cecf":"f.79CB9250C4973688A89FBF0EB0986102.d.400EFD1F9AF0380470579829ACD80238.e.1054","ELEMENT":"f.79CB9250C4973688A89FBF0EB0986102.d.400EFD1F9AF0380470579829ACD80238.e.1054"}]}
COMMAND: GET /session/c1c20cc70f6d9ef30ac844aa04f1cdf8/screenshot - {}
RESULT: {}
RESULT: {"script":"<script> [5351 bytes]","args":[{"element-6066-11e4-a52e-4f735466cecf":"f.79CB9250C4973688A89FBF0EB0986102.d.400EFD1F9AF0380470579829ACD80238.e.1054","ELEMENT":"f.79CB9250C4973688A89FBF0EB0986102.d.400EFD1F9AF0380470579829ACD80238.e.1054"}]}
COMMAND: POST /session/c1c20cc70f6d9ef30ac844aa04f1cdf8/element/f.79CB9250C4973688A89FBF0EB0986102.d.400EFD1F9AF0380470579829ACD80238.e.1054/click - {}
COMMAND: GET /session/c1c20cc70f6d9ef30ac844aa04f1cdf8/screenshot - {}
RESULT: {}
RESULT: {}
COMMAND: GET /session/c1c20cc70f6d9ef30ac844aa04f1cdf8/screenshot - {}
RESULT: {}
RESULT: {}
COMMAND: POST /session/c1c20cc70f6d9ef30ac844aa04f1cdf8/execute/async - {"script":"<script> [1562 bytes]","args":[{"selector":{"id":"application-managepartners-display-component---NewPartner--addressDetailDetailsName1","interaction":{"idSuffix":"inner"}},"wdio_ui5_key":"applicationmanagepartners-display-component---NewPartner--addressDetailDetailsName1"}]}
RESULT: {"script":"<script> [1562 bytes]","args":[{"selector":{"id":"application-managepartners-display-component---NewPartner--addressDetailDetailsName1","interaction":{"idSuffix":"inner"}},"wdio_ui5_key":"applicationmanagepartners-display-component---NewPartner--addressDetailDetailsName1"}]}
RESULT: undefined
COMMAND: POST /session/c1c20cc70f6d9ef30ac844aa04f1cdf8/execute/async - {"script":"<script> [776 bytes]","args":[{"enterText":"External Partner WDIO","selector":{"id":"application-managepartners-display-component---NewPartner--addressDetailDetailsName1","interaction":{"idSuffix":"inner"}},"clearTextFirst":true,"interactionType":"ENTER_TEXT"}]}
RESULT: {"script":"<script> [776 bytes]","args":[{"enterText":"External Partner WDIO","selector":{"id":"application-managepartners-display-component---NewPartner--addressDetailDetailsName1","interaction":{"idSuffix":"inner"}},"clearTextFirst":true,"interactionType":"ENTER_TEXT"}]}
COMMAND: POST /session/c1c20cc70f6d9ef30ac844aa04f1cdf8/execute/async - {"script":"<script> [1562 bytes]","args":[{"selector":{"id":"application-managepartners-display-component---NewPartner--addressDetailDetailsLanguage-arrow"},"wdio_ui5_key":"applicationmanagepartners-display-component---NewPartner--addressDetailDetailsLanguage-arrow"}]}
RESULT: {"script":"<script> [1562 bytes]","args":[{"selector":{"id":"application-managepartners-display-component---NewPartner--addressDetailDetailsLanguage-arrow"},"wdio_ui5_key":"applicationmanagepartners-display-component---NewPartner--addressDetailDetailsLanguage-arrow"}]}
RESULT: undefined
COMMAND: POST /session/c1c20cc70f6d9ef30ac844aa04f1cdf8/element - {"using":"xpath","value":"//*[@id=\"application-managepartners-display-component---NewPartner--addressDetailDetailsLanguage-arrow\"]"}
RESULT: {"using":"xpath","value":"//*[@id=\"application-managepartners-display-component---NewPartner--addressDetailDetailsLanguage-arrow\"]"}
COMMAND: POST /session/c1c20cc70f6d9ef30ac844aa04f1cdf8/element/f.79CB9250C4973688A89FBF0EB0986102.d.400EFD1F9AF0380470579829ACD80238.e.1500/click - {}
RESULT: {}
COMMAND: POST /session/c1c20cc70f6d9ef30ac844aa04f1cdf8/element - {"using":"xpath","value":"//span[contains(text(), \"English\")]"}
COMMAND: GET /session/c1c20cc70f6d9ef30ac844aa04f1cdf8/screenshot - {}
RESULT: {"using":"xpath","value":"//span[contains(text(), \"English\")]"}
COMMAND: POST /session/c1c20cc70f6d9ef30ac844aa04f1cdf8/element/f.79CB9250C4973688A89FBF0EB0986102.d.400EFD1F9AF0380470579829ACD80238.e.1501/click - {}
RESULT: {}
RESULT: {}
COMMAND: GET /session/c1c20cc70f6d9ef30ac844aa04f1cdf8/screenshot - {}
RESULT: {}
COMMAND: POST /session/c1c20cc70f6d9ef30ac844aa04f1cdf8/execute/async - {"script":"<script> [1562 bytes]","args":[{"selector":{"id":"application-managepartners-display-component---NewPartner--addressDetailDetailsCity1","interaction":{"idSuffix":"inner"}},"wdio_ui5_key":"applicationmanagepartners-display-component---NewPartner--addressDetailDetailsCity1"}]}
RESULT: {"script":"<script> [1562 bytes]","args":[{"selector":{"id":"application-managepartners-display-component---NewPartner--addressDetailDetailsCity1","interaction":{"idSuffix":"inner"}},"wdio_ui5_key":"applicationmanagepartners-display-component---NewPartner--addressDetailDetailsCity1"}]}
RESULT: undefined
COMMAND: POST /session/c1c20cc70f6d9ef30ac844aa04f1cdf8/execute/async - {"script":"<script> [776 bytes]","args":[{"enterText":"Rosario","selector":{"id":"application-managepartners-display-component---NewPartner--addressDetailDetailsCity1","interaction":{"idSuffix":"inner"}},"clearTextFirst":true,"interactionType":"ENTER_TEXT"}]}
RESULT: {"script":"<script> [776 bytes]","args":[{"enterText":"Rosario","selector":{"id":"application-managepartners-display-component---NewPartner--addressDetailDetailsCity1","interaction":{"idSuffix":"inner"}},"clearTextFirst":true,"interactionType":"ENTER_TEXT"}]}
COMMAND: POST /session/c1c20cc70f6d9ef30ac844aa04f1cdf8/execute/async - {"script":"<script> [1562 bytes]","args":[{"selector":{"id":"application-managepartners-display-component---NewPartner--addressDetailDetailsCountry-arrow"},"wdio_ui5_key":"applicationmanagepartners-display-component---NewPartner--addressDetailDetailsCountry-arrow"}]}
RESULT: {"script":"<script> [1562 bytes]","args":[{"selector":{"id":"application-managepartners-display-component---NewPartner--addressDetailDetailsCountry-arrow"},"wdio_ui5_key":"applicationmanagepartners-display-component---NewPartner--addressDetailDetailsCountry-arrow"}]}
RESULT: undefined
COMMAND: POST /session/c1c20cc70f6d9ef30ac844aa04f1cdf8/element - {"using":"xpath","value":"//*[@id=\"application-managepartners-display-component---NewPartner--addressDetailDetailsCountry-arrow\"]"}
RESULT: {"using":"xpath","value":"//*[@id=\"application-managepartners-display-component---NewPartner--addressDetailDetailsCountry-arrow\"]"}
COMMAND: POST /session/c1c20cc70f6d9ef30ac844aa04f1cdf8/element/f.79CB9250C4973688A89FBF0EB0986102.d.400EFD1F9AF0380470579829ACD80238.e.1487/click - {}
RESULT: {}
COMMAND: POST /session/c1c20cc70f6d9ef30ac844aa04f1cdf8/element - {"using":"xpath","value":"//span[contains(text(), \"Argentina\")]"}
COMMAND: GET /session/c1c20cc70f6d9ef30ac844aa04f1cdf8/screenshot - {}
RESULT: {"using":"xpath","value":"//span[contains(text(), \"Argentina\")]"}
COMMAND: POST /session/c1c20cc70f6d9ef30ac844aa04f1cdf8/element/f.79CB9250C4973688A89FBF0EB0986102.d.400EFD1F9AF0380470579829ACD80238.e.1503/click - {}
RESULT: {}
RESULT: {}
COMMAND: GET /session/c1c20cc70f6d9ef30ac844aa04f1cdf8/screenshot - {}
RESULT: {}
COMMAND: POST /session/c1c20cc70f6d9ef30ac844aa04f1cdf8/element - {"using":"xpath","value":"//bdi[contains(text(), \"Commercial\")]"}
RESULT: {"using":"xpath","value":"//bdi[contains(text(), \"Commercial\")]"}
COMMAND: POST /session/c1c20cc70f6d9ef30ac844aa04f1cdf8/element/f.79CB9250C4973688A89FBF0EB0986102.d.400EFD1F9AF0380470579829ACD80238.e.1504/click - {}
RESULT: {}
COMMAND: GET /session/c1c20cc70f6d9ef30ac844aa04f1cdf8/screenshot - {}
RESULT: {}
COMMAND: POST /session/c1c20cc70f6d9ef30ac844aa04f1cdf8/execute/async - {"script":"<script> [1562 bytes]","args":[{"selector":{"id":"application-managepartners-display-component---NewPartner--partnerDetailInternal-arrow"},"wdio_ui5_key":"applicationmanagepartners-display-component---NewPartner--partnerDetailInternal-arrow"}]}
RESULT: {"script":"<script> [1562 bytes]","args":[{"selector":{"id":"application-managepartners-display-component---NewPartner--partnerDetailInternal-arrow"},"wdio_ui5_key":"applicationmanagepartners-display-component---NewPartner--partnerDetailInternal-arrow"}]}
RESULT: undefined
COMMAND: POST /session/c1c20cc70f6d9ef30ac844aa04f1cdf8/element - {"using":"xpath","value":"//*[@id=\"application-managepartners-display-component---NewPartner--partnerDetailInternal-arrow\"]"}
RESULT: {"using":"xpath","value":"//*[@id=\"application-managepartners-display-component---NewPartner--partnerDetailInternal-arrow\"]"}
COMMAND: POST /session/c1c20cc70f6d9ef30ac844aa04f1cdf8/element/f.79CB9250C4973688A89FBF0EB0986102.d.400EFD1F9AF0380470579829ACD80238.e.1510/click - {}
RESULT: {}
COMMAND: POST /session/c1c20cc70f6d9ef30ac844aa04f1cdf8/element - {"using":"xpath","value":"//span[contains(text(), \"External partner\")]"}
COMMAND: GET /session/c1c20cc70f6d9ef30ac844aa04f1cdf8/screenshot - {}
RESULT: {"using":"xpath","value":"//span[contains(text(), \"External partner\")]"}
COMMAND: POST /session/c1c20cc70f6d9ef30ac844aa04f1cdf8/element/f.79CB9250C4973688A89FBF0EB0986102.d.400EFD1F9AF0380470579829ACD80238.e.1512/click - {}
RESULT: {}
RESULT: {}
COMMAND: POST /session/c1c20cc70f6d9ef30ac844aa04f1cdf8/execute/async - {"script":"<script> [1562 bytes]","args":[{"selector":{"id":"application-managepartners-display-component---NewPartner--partnerDetailsCurrency-arrow"},"wdio_ui5_key":"applicationmanagepartners-display-component---NewPartner--partnerDetailsCurrency-arrow"}]}
COMMAND: GET /session/c1c20cc70f6d9ef30ac844aa04f1cdf8/screenshot - {}
RESULT: {"script":"<script> [1562 bytes]","args":[{"selector":{"id":"application-managepartners-display-component---NewPartner--partnerDetailsCurrency-arrow"},"wdio_ui5_key":"applicationmanagepartners-display-component---NewPartner--partnerDetailsCurrency-arrow"}]}
RESULT: undefined
COMMAND: POST /session/c1c20cc70f6d9ef30ac844aa04f1cdf8/element - {"using":"xpath","value":"//*[@id=\"application-managepartners-display-component---NewPartner--partnerDetailsCurrency-arrow\"]"}
RESULT: {}
RESULT: {"using":"xpath","value":"//*[@id=\"application-managepartners-display-component---NewPartner--partnerDetailsCurrency-arrow\"]"}
COMMAND: POST /session/c1c20cc70f6d9ef30ac844aa04f1cdf8/element/f.79CB9250C4973688A89FBF0EB0986102.d.400EFD1F9AF0380470579829ACD80238.e.1517/click - {}
RESULT: {}
COMMAND: POST /session/c1c20cc70f6d9ef30ac844aa04f1cdf8/element - {"using":"xpath","value":"//span[contains(text(), \"US Dollar\")]"}
COMMAND: GET /session/c1c20cc70f6d9ef30ac844aa04f1cdf8/screenshot - {}
RESULT: {"using":"xpath","value":"//span[contains(text(), \"US Dollar\")]"}
COMMAND: POST /session/c1c20cc70f6d9ef30ac844aa04f1cdf8/element/f.79CB9250C4973688A89FBF0EB0986102.d.400EFD1F9AF0380470579829ACD80238.e.1518/click - {}
RESULT: {}
RESULT: {}
COMMAND: GET /session/c1c20cc70f6d9ef30ac844aa04f1cdf8/screenshot - {}
RESULT: {}
COMMAND: POST /session/c1c20cc70f6d9ef30ac844aa04f1cdf8/element - {"using":"xpath","value":"//input[@id=\"application-managepartners-display-component---NewPartner--companyCodeComboBox-inner\"]"}
RESULT: {"using":"xpath","value":"//input[@id=\"application-managepartners-display-component---NewPartner--companyCodeComboBox-inner\"]"}
COMMAND: POST /session/c1c20cc70f6d9ef30ac844aa04f1cdf8/element/f.79CB9250C4973688A89FBF0EB0986102.d.400EFD1F9AF0380470579829ACD80238.e.1367/clear - {}
RESULT: {}
COMMAND: POST /session/c1c20cc70f6d9ef30ac844aa04f1cdf8/element/f.79CB9250C4973688A89FBF0EB0986102.d.400EFD1F9AF0380470579829ACD80238.e.1367/value - {"text":"C002"}
COMMAND: GET /session/c1c20cc70f6d9ef30ac844aa04f1cdf8/screenshot - {}
RESULT: {"text":"C002"}
COMMAND: GET /session/c1c20cc70f6d9ef30ac844aa04f1cdf8/screenshot - {}
RESULT: {}
RESULT: {}
COMMAND: POST /session/c1c20cc70f6d9ef30ac844aa04f1cdf8/element - {"using":"xpath","value":"//li[.//span[text()= \"C002\"]]"}
RESULT: {"using":"xpath","value":"//li[.//span[text()= \"C002\"]]"}
COMMAND: POST /session/c1c20cc70f6d9ef30ac844aa04f1cdf8/element/f.79CB9250C4973688A89FBF0EB0986102.d.400EFD1F9AF0380470579829ACD80238.e.1522/click - {}
RESULT: {}
COMMAND: GET /session/c1c20cc70f6d9ef30ac844aa04f1cdf8/screenshot - {}
RESULT: {}
COMMAND: POST /session/c1c20cc70f6d9ef30ac844aa04f1cdf8/execute/async - {"script":"<script> [1562 bytes]","args":[{"selector":{"id":"application-managepartners-display-component---NewPartner--btnAddTableRow-img"},"wdio_ui5_key":"applicationmanagepartners-display-component---NewPartner--btnAddTableRow-img"}]}
RESULT: {"script":"<script> [1562 bytes]","args":[{"selector":{"id":"application-managepartners-display-component---NewPartner--btnAddTableRow-img"},"wdio_ui5_key":"applicationmanagepartners-display-component---NewPartner--btnAddTableRow-img"}]}
RESULT: undefined
COMMAND: POST /session/c1c20cc70f6d9ef30ac844aa04f1cdf8/element - {"using":"xpath","value":"//*[@id=\"application-managepartners-display-component---NewPartner--btnAddTableRow-img\"]"}
RESULT: {"using":"xpath","value":"//*[@id=\"application-managepartners-display-component---NewPartner--btnAddTableRow-img\"]"}
COMMAND: POST /session/c1c20cc70f6d9ef30ac844aa04f1cdf8/element/f.79CB9250C4973688A89FBF0EB0986102.d.400EFD1F9AF0380470579829ACD80238.e.1523/click - {}
RESULT: {}
COMMAND: GET /session/c1c20cc70f6d9ef30ac844aa04f1cdf8/screenshot - {}
RESULT: {}
COMMAND: POST /session/c1c20cc70f6d9ef30ac844aa04f1cdf8/element - {"using":"xpath","value":"//input[@id=\"application-managepartners-display-component---NewPartner--assignmentYard-application-managepartners-display-component---NewPartner--assignmentsTable-0-inner\"]"}
RESULT: {"using":"xpath","value":"//input[@id=\"application-managepartners-display-component---NewPartner--assignmentYard-application-managepartners-display-component---NewPartner--assignmentsTable-0-inner\"]"}
COMMAND: POST /session/c1c20cc70f6d9ef30ac844aa04f1cdf8/element/f.79CB9250C4973688A89FBF0EB0986102.d.400EFD1F9AF0380470579829ACD80238.e.1526/clear - {}
RESULT: {}
COMMAND: POST /session/c1c20cc70f6d9ef30ac844aa04f1cdf8/element/f.79CB9250C4973688A89FBF0EB0986102.d.400EFD1F9AF0380470579829ACD80238.e.1526/value - {"text":"566"}
COMMAND: GET /session/c1c20cc70f6d9ef30ac844aa04f1cdf8/screenshot - {}
RESULT: {"text":"566"}
COMMAND: GET /session/c1c20cc70f6d9ef30ac844aa04f1cdf8/screenshot - {}
RESULT: {}
RESULT: {}
COMMAND: POST /session/c1c20cc70f6d9ef30ac844aa04f1cdf8/element - {"using":"xpath","value":"//li[.//span[text()='566']]"}
RESULT: {"using":"xpath","value":"//li[.//span[text()='566']]"}
COMMAND: POST /session/c1c20cc70f6d9ef30ac844aa04f1cdf8/element/f.79CB9250C4973688A89FBF0EB0986102.d.400EFD1F9AF0380470579829ACD80238.e.1534/click - {}
RESULT: {}
COMMAND: GET /session/c1c20cc70f6d9ef30ac844aa04f1cdf8/screenshot - {}
RESULT: {}
COMMAND: POST /session/c1c20cc70f6d9ef30ac844aa04f1cdf8/actions - {"actions":[{"id":"action2","type":"key","parameters":{},"actions":[{"type":"keyDown","value":"î€‡"},{"type":"pause","duration":10},{"type":"keyUp","value":"î€‡"}]}]}
RESULT: {"actions":[{"id":"action2","type":"key","parameters":{},"actions":[{"type":"keyDown","value":"î€‡"},{"type":"pause","duration":10},{"type":"keyUp","value":"î€‡"}]}]}
COMMAND: POST /session/c1c20cc70f6d9ef30ac844aa04f1cdf8/element - {"using":"xpath","value":"//td[contains(@id, \"assignmentsTable-0-cell2\")]/div/div"}
COMMAND: GET /session/c1c20cc70f6d9ef30ac844aa04f1cdf8/screenshot - {}
RESULT: {"using":"xpath","value":"//td[contains(@id, \"assignmentsTable-0-cell2\")]/div/div"}
COMMAND: POST /session/c1c20cc70f6d9ef30ac844aa04f1cdf8/element/f.79CB9250C4973688A89FBF0EB0986102.d.400EFD1F9AF0380470579829ACD80238.e.1537/click - {}
RESULT: {}
RESULT: {}
COMMAND: GET /session/c1c20cc70f6d9ef30ac844aa04f1cdf8/screenshot - {}
RESULT: {}
COMMAND: POST /session/c1c20cc70f6d9ef30ac844aa04f1cdf8/element - {"using":"xpath","value":"//button[@data-kt=\"saveButton\"]"}
RESULT: {"using":"xpath","value":"//button[@data-kt=\"saveButton\"]"}
COMMAND: POST /session/c1c20cc70f6d9ef30ac844aa04f1cdf8/element/f.79CB9250C4973688A89FBF0EB0986102.d.400EFD1F9AF0380470579829ACD80238.e.1400/click - {}
RESULT: {}
COMMAND: GET /session/c1c20cc70f6d9ef30ac844aa04f1cdf8/screenshot - {}
RESULT: {}
COMMAND: POST /session/c1c20cc70f6d9ef30ac844aa04f1cdf8/element - {"using":"xpath","value":"//header[contains(@id, 'ObjectPageLayout-headerTitle')]/div[1]/div[2]/div[2]/span[1]"}
RESULT: {"using":"xpath","value":"//header[contains(@id, 'ObjectPageLayout-headerTitle')]/div[1]/div[2]/div[2]/span[1]"}
COMMAND: POST /session/c1c20cc70f6d9ef30ac844aa04f1cdf8/elements - {"using":"xpath","value":"//header[contains(@id, 'ObjectPageLayout-headerTitle')]/div[1]/div[2]/div[2]/span[1]"}
RESULT: {"using":"xpath","value":"//header[contains(@id, 'ObjectPageLayout-headerTitle')]/div[1]/div[2]/div[2]/span[1]"}
COMMAND: POST /session/c1c20cc70f6d9ef30ac844aa04f1cdf8/execute/sync - {"script":"<script> [56 bytes]","args":[{"element-6066-11e4-a52e-4f735466cecf":"f.79CB9250C4973688A89FBF0EB0986102.d.400EFD1F9AF0380470579829ACD80238.e.1698","ELEMENT":"f.79CB9250C4973688A89FBF0EB0986102.d.400EFD1F9AF0380470579829ACD80238.e.1698"}]}
RESULT: {"script":"<script> [56 bytes]","args":[{"element-6066-11e4-a52e-4f735466cecf":"f.79CB9250C4973688A89FBF0EB0986102.d.400EFD1F9AF0380470579829ACD80238.e.1698","ELEMENT":"f.79CB9250C4973688A89FBF0EB0986102.d.400EFD1F9AF0380470579829ACD80238.e.1698"}]}
COMMAND: POST /session/c1c20cc70f6d9ef30ac844aa04f1cdf8/element - {"using":"css selector","value":"#shell-header-logo"}
COMMAND: GET /session/c1c20cc70f6d9ef30ac844aa04f1cdf8/screenshot - {}
RESULT: {"using":"css selector","value":"#shell-header-logo"}
COMMAND: POST /session/c1c20cc70f6d9ef30ac844aa04f1cdf8/element/f.79CB9250C4973688A89FBF0EB0986102.d.400EFD1F9AF0380470579829ACD80238.e.1008/click - {}
RESULT: {}
RESULT: {}
COMMAND: GET /session/c1c20cc70f6d9ef30ac844aa04f1cdf8/screenshot - {}
RESULT: {}
COMMAND: POST /session/c1c20cc70f6d9ef30ac844aa04f1cdf8/execute/sync - {"script":"<script> [299 bytes]","args":[["getModel","getResource"]]}
RESULT: {"script":"<script> [299 bytes]","args":[["getModel","getResource"]]}
COMMAND: GET /session/c1c20cc70f6d9ef30ac844aa04f1cdf8/screenshot - {}
]]></system-out>
    </testcase>
    <testcase classname="chrome.136_0_7103_93.windows.Partner_specific_tests_US150819_US151080_US151654_US151176_US103444_US151078_US151079_US151109_US151174_US151175_US151189" name="Should filter and search partners US151080" time="107.22">
      <system-out><![CDATA[
COMMAND: POST /session/c1c20cc70f6d9ef30ac844aa04f1cdf8/element - {"using":"xpath","value":"//li[.//span[text()=\"Manage Partners\"]]"}
RESULT: {}
RESULT: {"using":"xpath","value":"//li[.//span[text()=\"Manage Partners\"]]"}
COMMAND: POST /session/c1c20cc70f6d9ef30ac844aa04f1cdf8/element - {"using":"xpath","value":"//li[.//span[text()=\"Manage Partners\"]]"}
RESULT: {"using":"xpath","value":"//li[.//span[text()=\"Manage Partners\"]]"}
COMMAND: POST /session/c1c20cc70f6d9ef30ac844aa04f1cdf8/element - {"using":"css selector","value":"#shell-header-logo"}
RESULT: {"using":"css selector","value":"#shell-header-logo"}
COMMAND: POST /session/c1c20cc70f6d9ef30ac844aa04f1cdf8/element/f.79CB9250C4973688A89FBF0EB0986102.d.400EFD1F9AF0380470579829ACD80238.e.1700/click - {}
COMMAND: POST /session/c1c20cc70f6d9ef30ac844aa04f1cdf8/execute/sync - {"script":"<script> [8489 bytes]","args":[{"element-6066-11e4-a52e-4f735466cecf":"f.79CB9250C4973688A89FBF0EB0986102.d.400EFD1F9AF0380470579829ACD80238.e.1700","ELEMENT":"f.79CB9250C4973688A89FBF0EB0986102.d.400EFD1F9AF0380470579829ACD80238.e.1700"}]}
RESULT: {"script":"<script> [8489 bytes]","args":[{"element-6066-11e4-a52e-4f735466cecf":"f.79CB9250C4973688A89FBF0EB0986102.d.400EFD1F9AF0380470579829ACD80238.e.1700","ELEMENT":"f.79CB9250C4973688A89FBF0EB0986102.d.400EFD1F9AF0380470579829ACD80238.e.1700"}]}
COMMAND: POST /session/c1c20cc70f6d9ef30ac844aa04f1cdf8/execute/sync - {"script":"<script> [5351 bytes]","args":[{"element-6066-11e4-a52e-4f735466cecf":"f.79CB9250C4973688A89FBF0EB0986102.d.400EFD1F9AF0380470579829ACD80238.e.1700","ELEMENT":"f.79CB9250C4973688A89FBF0EB0986102.d.400EFD1F9AF0380470579829ACD80238.e.1700"}]}
COMMAND: GET /session/c1c20cc70f6d9ef30ac844aa04f1cdf8/screenshot - {}
RESULT: {}
COMMAND: GET /session/c1c20cc70f6d9ef30ac844aa04f1cdf8/screenshot - {}
RESULT: {"script":"<script> [5351 bytes]","args":[{"element-6066-11e4-a52e-4f735466cecf":"f.79CB9250C4973688A89FBF0EB0986102.d.400EFD1F9AF0380470579829ACD80238.e.1700","ELEMENT":"f.79CB9250C4973688A89FBF0EB0986102.d.400EFD1F9AF0380470579829ACD80238.e.1700"}]}
COMMAND: GET /session/c1c20cc70f6d9ef30ac844aa04f1cdf8/screenshot - {}
RESULT: {}
RESULT: {}
RESULT: {}
RESULT: undefined
COMMAND: POST /session/c1c20cc70f6d9ef30ac844aa04f1cdf8/element - {"using":"xpath","value":"//*[@id=\"__tile38\"]"}
RESULT: {"using":"xpath","value":"//*[@id=\"__tile38\"]"}
COMMAND: POST /session/c1c20cc70f6d9ef30ac844aa04f1cdf8/element/f.79CB9250C4973688A89FBF0EB0986102.d.400EFD1F9AF0380470579829ACD80238.e.154/click - {}
RESULT: {}
COMMAND: GET /session/c1c20cc70f6d9ef30ac844aa04f1cdf8/screenshot - {}
RESULT: {}
COMMAND: POST /session/c1c20cc70f6d9ef30ac844aa04f1cdf8/elements - {"using":"xpath","value":"//span[text()='Error']"}
RESULT: {"using":"xpath","value":"//span[text()='Error']"}
COMMAND: POST /session/c1c20cc70f6d9ef30ac844aa04f1cdf8/element - {"using":"xpath","value":"//button[@data-kt=\"addButton\"]"}
RESULT: {"using":"xpath","value":"//button[@data-kt=\"addButton\"]"}
COMMAND: POST /session/c1c20cc70f6d9ef30ac844aa04f1cdf8/elements - {"using":"xpath","value":"//button[@data-kt=\"addButton\"]"}
RESULT: {"using":"xpath","value":"//button[@data-kt=\"addButton\"]"}
COMMAND: POST /session/c1c20cc70f6d9ef30ac844aa04f1cdf8/execute/sync - {"script":"<script> [8489 bytes]","args":[{"element-6066-11e4-a52e-4f735466cecf":"f.79CB9250C4973688A89FBF0EB0986102.d.400EFD1F9AF0380470579829ACD80238.e.1746","ELEMENT":"f.79CB9250C4973688A89FBF0EB0986102.d.400EFD1F9AF0380470579829ACD80238.e.1746"}]}
RESULT: {"script":"<script> [8489 bytes]","args":[{"element-6066-11e4-a52e-4f735466cecf":"f.79CB9250C4973688A89FBF0EB0986102.d.400EFD1F9AF0380470579829ACD80238.e.1746","ELEMENT":"f.79CB9250C4973688A89FBF0EB0986102.d.400EFD1F9AF0380470579829ACD80238.e.1746"}]}
COMMAND: GET /session/c1c20cc70f6d9ef30ac844aa04f1cdf8/element/f.79CB9250C4973688A89FBF0EB0986102.d.400EFD1F9AF0380470579829ACD80238.e.1746/enabled - {}
COMMAND: GET /session/c1c20cc70f6d9ef30ac844aa04f1cdf8/screenshot - {}
RESULT: {}
COMMAND: POST /session/c1c20cc70f6d9ef30ac844aa04f1cdf8/execute/sync - {"script":"<script> [8489 bytes]","args":[{"element-6066-11e4-a52e-4f735466cecf":"f.79CB9250C4973688A89FBF0EB0986102.d.400EFD1F9AF0380470579829ACD80238.e.1746","ELEMENT":"f.79CB9250C4973688A89FBF0EB0986102.d.400EFD1F9AF0380470579829ACD80238.e.1746"}]}
COMMAND: GET /session/c1c20cc70f6d9ef30ac844aa04f1cdf8/screenshot - {}
RESULT: {}
RESULT: {"script":"<script> [8489 bytes]","args":[{"element-6066-11e4-a52e-4f735466cecf":"f.79CB9250C4973688A89FBF0EB0986102.d.400EFD1F9AF0380470579829ACD80238.e.1746","ELEMENT":"f.79CB9250C4973688A89FBF0EB0986102.d.400EFD1F9AF0380470579829ACD80238.e.1746"}]}
COMMAND: POST /session/c1c20cc70f6d9ef30ac844aa04f1cdf8/execute/sync - {"script":"<script> [5351 bytes]","args":[{"element-6066-11e4-a52e-4f735466cecf":"f.79CB9250C4973688A89FBF0EB0986102.d.400EFD1F9AF0380470579829ACD80238.e.1746","ELEMENT":"f.79CB9250C4973688A89FBF0EB0986102.d.400EFD1F9AF0380470579829ACD80238.e.1746"}]}
COMMAND: GET /session/c1c20cc70f6d9ef30ac844aa04f1cdf8/screenshot - {}
RESULT: {}
RESULT: {"script":"<script> [5351 bytes]","args":[{"element-6066-11e4-a52e-4f735466cecf":"f.79CB9250C4973688A89FBF0EB0986102.d.400EFD1F9AF0380470579829ACD80238.e.1746","ELEMENT":"f.79CB9250C4973688A89FBF0EB0986102.d.400EFD1F9AF0380470579829ACD80238.e.1746"}]}
COMMAND: GET /session/c1c20cc70f6d9ef30ac844aa04f1cdf8/screenshot - {}
RESULT: {}
RESULT: {}
COMMAND: POST /session/c1c20cc70f6d9ef30ac844aa04f1cdf8/execute/async - {"script":"<script> [1562 bytes]","args":[{"selector":{"id":"application-managepartners-display-component---masterPtm--smartTable-btnPersonalisation-img"},"wdio_ui5_key":"applicationmanagepartners-display-component---masterPtm--smartTable-btnPersonalisation-img"}]}
RESULT: {"script":"<script> [1562 bytes]","args":[{"selector":{"id":"application-managepartners-display-component---masterPtm--smartTable-btnPersonalisation-img"},"wdio_ui5_key":"applicationmanagepartners-display-component---masterPtm--smartTable-btnPersonalisation-img"}]}
RESULT: undefined
COMMAND: POST /session/c1c20cc70f6d9ef30ac844aa04f1cdf8/element - {"using":"xpath","value":"//*[@id=\"application-managepartners-display-component---masterPtm--smartTable-btnPersonalisation-img\"]"}
RESULT: {"using":"xpath","value":"//*[@id=\"application-managepartners-display-component---masterPtm--smartTable-btnPersonalisation-img\"]"}
COMMAND: POST /session/c1c20cc70f6d9ef30ac844aa04f1cdf8/element/f.79CB9250C4973688A89FBF0EB0986102.d.400EFD1F9AF0380470579829ACD80238.e.1751/click - {}
RESULT: {}
COMMAND: GET /session/c1c20cc70f6d9ef30ac844aa04f1cdf8/screenshot - {}
RESULT: {}
COMMAND: POST /session/c1c20cc70f6d9ef30ac844aa04f1cdf8/execute/async - {"script":"<script> [1562 bytes]","args":[{"selector":{"controlType":"sap.m.IconTabFilter","viewName":"etm.portal.ui.managepartners.view.Master","viewId":"application-managepartners-display-component---masterPtm","properties":{"text":"Sort"},"searchOpenDialogs":true,"interaction":{"idSuffix":"text"}},"wdio_ui5_key":"etmportal.ui.managepartners.view.Mastersap.m.IconTabFilter{\"text\":\"Sort\"}"}]}
RESULT: {"script":"<script> [1562 bytes]","args":[{"selector":{"controlType":"sap.m.IconTabFilter","viewName":"etm.portal.ui.managepartners.view.Master","viewId":"application-managepartners-display-component---masterPtm","properties":{"text":"Sort"},"searchOpenDialogs":true,"interaction":{"idSuffix":"text"}},"wdio_ui5_key":"etmportal.ui.managepartners.view.Mastersap.m.IconTabFilter{\"text\":\"Sort\"}"}]}
RESULT: undefined
COMMAND: POST /session/c1c20cc70f6d9ef30ac844aa04f1cdf8/element - {"using":"xpath","value":"//*[@id=\"__filter1\"]"}
RESULT: {"using":"xpath","value":"//*[@id=\"__filter1\"]"}
COMMAND: POST /session/c1c20cc70f6d9ef30ac844aa04f1cdf8/element/f.79CB9250C4973688A89FBF0EB0986102.d.400EFD1F9AF0380470579829ACD80238.e.1892/click - {}
RESULT: {}
COMMAND: GET /session/c1c20cc70f6d9ef30ac844aa04f1cdf8/screenshot - {}
RESULT: {}
COMMAND: POST /session/c1c20cc70f6d9ef30ac844aa04f1cdf8/element - {"using":"xpath","value":"//input[@placeholder=\"Sort by\"]/following-sibling::div//span"}
RESULT: {"using":"xpath","value":"//input[@placeholder=\"Sort by\"]/following-sibling::div//span"}
COMMAND: POST /session/c1c20cc70f6d9ef30ac844aa04f1cdf8/element/f.79CB9250C4973688A89FBF0EB0986102.d.400EFD1F9AF0380470579829ACD80238.e.1894/click - {}
RESULT: {}
COMMAND: GET /session/c1c20cc70f6d9ef30ac844aa04f1cdf8/screenshot - {}
RESULT: {}
COMMAND: POST /session/c1c20cc70f6d9ef30ac844aa04f1cdf8/element - {"using":"xpath","value":"//li[.//span[text()=\"Language\"]]"}
RESULT: {"using":"xpath","value":"//li[.//span[text()=\"Language\"]]"}
COMMAND: POST /session/c1c20cc70f6d9ef30ac844aa04f1cdf8/element/f.79CB9250C4973688A89FBF0EB0986102.d.400EFD1F9AF0380470579829ACD80238.e.1895/click - {}
RESULT: {}
COMMAND: GET /session/c1c20cc70f6d9ef30ac844aa04f1cdf8/screenshot - {}
RESULT: {}
COMMAND: POST /session/c1c20cc70f6d9ef30ac844aa04f1cdf8/element - {"using":"xpath","value":"//bdi[contains(text(), \"OK\")]"}
RESULT: {"using":"xpath","value":"//bdi[contains(text(), \"OK\")]"}
COMMAND: POST /session/c1c20cc70f6d9ef30ac844aa04f1cdf8/element/f.79CB9250C4973688A89FBF0EB0986102.d.400EFD1F9AF0380470579829ACD80238.e.1899/click - {}
RESULT: {}
COMMAND: GET /session/c1c20cc70f6d9ef30ac844aa04f1cdf8/screenshot - {}
RESULT: {}
COMMAND: POST /session/c1c20cc70f6d9ef30ac844aa04f1cdf8/element - {"using":"xpath","value":"//table[contains(@id, \"customPartnersTable\")]//tbody/tr[1]/td[3]/span"}
RESULT: {"using":"xpath","value":"//table[contains(@id, \"customPartnersTable\")]//tbody/tr[1]/td[3]/span"}
COMMAND: POST /session/c1c20cc70f6d9ef30ac844aa04f1cdf8/execute/sync - {"script":"<script> [56 bytes]","args":[{"element-6066-11e4-a52e-4f735466cecf":"f.79CB9250C4973688A89FBF0EB0986102.d.400EFD1F9AF0380470579829ACD80238.e.2018","ELEMENT":"f.79CB9250C4973688A89FBF0EB0986102.d.400EFD1F9AF0380470579829ACD80238.e.2018"}]}
RESULT: {"script":"<script> [56 bytes]","args":[{"element-6066-11e4-a52e-4f735466cecf":"f.79CB9250C4973688A89FBF0EB0986102.d.400EFD1F9AF0380470579829ACD80238.e.2018","ELEMENT":"f.79CB9250C4973688A89FBF0EB0986102.d.400EFD1F9AF0380470579829ACD80238.e.2018"}]}
RESULT: undefined
COMMAND: POST /session/c1c20cc70f6d9ef30ac844aa04f1cdf8/element - {"using":"xpath","value":"//*[@id=\"application-managepartners-display-component---masterPtm--smartTable-btnPersonalisation-img\"]"}
COMMAND: GET /session/c1c20cc70f6d9ef30ac844aa04f1cdf8/screenshot - {}
RESULT: {"using":"xpath","value":"//*[@id=\"application-managepartners-display-component---masterPtm--smartTable-btnPersonalisation-img\"]"}
COMMAND: POST /session/c1c20cc70f6d9ef30ac844aa04f1cdf8/element/f.79CB9250C4973688A89FBF0EB0986102.d.400EFD1F9AF0380470579829ACD80238.e.1751/click - {}
RESULT: {}
RESULT: {}
COMMAND: GET /session/c1c20cc70f6d9ef30ac844aa04f1cdf8/screenshot - {}
RESULT: {}
COMMAND: POST /session/c1c20cc70f6d9ef30ac844aa04f1cdf8/element - {"using":"xpath","value":"//bdi[contains(text(), \"Reset\")]"}
RESULT: {"using":"xpath","value":"//bdi[contains(text(), \"Reset\")]"}
COMMAND: POST /session/c1c20cc70f6d9ef30ac844aa04f1cdf8/element/f.79CB9250C4973688A89FBF0EB0986102.d.400EFD1F9AF0380470579829ACD80238.e.2022/click - {}
RESULT: {}
COMMAND: GET /session/c1c20cc70f6d9ef30ac844aa04f1cdf8/screenshot - {}
RESULT: {}
COMMAND: POST /session/c1c20cc70f6d9ef30ac844aa04f1cdf8/element - {"using":"xpath","value":"(//bdi[contains(text(), \"OK\")])[2]"}
RESULT: {"using":"xpath","value":"(//bdi[contains(text(), \"OK\")])[2]"}
COMMAND: POST /session/c1c20cc70f6d9ef30ac844aa04f1cdf8/element/f.79CB9250C4973688A89FBF0EB0986102.d.400EFD1F9AF0380470579829ACD80238.e.2026/click - {}
RESULT: {}
COMMAND: GET /session/c1c20cc70f6d9ef30ac844aa04f1cdf8/screenshot - {}
RESULT: {}
COMMAND: POST /session/c1c20cc70f6d9ef30ac844aa04f1cdf8/element - {"using":"xpath","value":"//bdi[contains(text(), \"OK\")]"}
RESULT: {"using":"xpath","value":"//bdi[contains(text(), \"OK\")]"}
COMMAND: POST /session/c1c20cc70f6d9ef30ac844aa04f1cdf8/element/f.79CB9250C4973688A89FBF0EB0986102.d.400EFD1F9AF0380470579829ACD80238.e.2074/click - {}
RESULT: {}
COMMAND: GET /session/c1c20cc70f6d9ef30ac844aa04f1cdf8/screenshot - {}
RESULT: {}
COMMAND: POST /session/c1c20cc70f6d9ef30ac844aa04f1cdf8/element - {"using":"xpath","value":"//table[contains(@id, \"customPartnersTable\")]//tbody/tr[1]/td[3]/span"}
RESULT: {"using":"xpath","value":"//table[contains(@id, \"customPartnersTable\")]//tbody/tr[1]/td[3]/span"}
COMMAND: POST /session/c1c20cc70f6d9ef30ac844aa04f1cdf8/execute/sync - {"script":"<script> [56 bytes]","args":[{"element-6066-11e4-a52e-4f735466cecf":"f.79CB9250C4973688A89FBF0EB0986102.d.400EFD1F9AF0380470579829ACD80238.e.2076","ELEMENT":"f.79CB9250C4973688A89FBF0EB0986102.d.400EFD1F9AF0380470579829ACD80238.e.2076"}]}
RESULT: {"script":"<script> [56 bytes]","args":[{"element-6066-11e4-a52e-4f735466cecf":"f.79CB9250C4973688A89FBF0EB0986102.d.400EFD1F9AF0380470579829ACD80238.e.2076","ELEMENT":"f.79CB9250C4973688A89FBF0EB0986102.d.400EFD1F9AF0380470579829ACD80238.e.2076"}]}
RESULT: undefined
COMMAND: POST /session/c1c20cc70f6d9ef30ac844aa04f1cdf8/element - {"using":"xpath","value":"//*[@id=\"application-managepartners-display-component---masterPtm--smartTable-btnPersonalisation-img\"]"}
COMMAND: GET /session/c1c20cc70f6d9ef30ac844aa04f1cdf8/screenshot - {}
RESULT: {"using":"xpath","value":"//*[@id=\"application-managepartners-display-component---masterPtm--smartTable-btnPersonalisation-img\"]"}
COMMAND: POST /session/c1c20cc70f6d9ef30ac844aa04f1cdf8/element/f.79CB9250C4973688A89FBF0EB0986102.d.400EFD1F9AF0380470579829ACD80238.e.1751/click - {}
RESULT: {}
RESULT: {}
COMMAND: GET /session/c1c20cc70f6d9ef30ac844aa04f1cdf8/screenshot - {}
RESULT: {}
COMMAND: POST /session/c1c20cc70f6d9ef30ac844aa04f1cdf8/execute/async - {"script":"<script> [1562 bytes]","args":[{"selector":{"controlType":"sap.m.IconTabFilter","viewName":"etm.portal.ui.managepartners.view.Master","viewId":"application-managepartners-display-component---masterPtm","properties":{"text":"Filter"},"searchOpenDialogs":true,"interaction":{"idSuffix":"text"}},"wdio_ui5_key":"etmportal.ui.managepartners.view.Mastersap.m.IconTabFilter{\"text\":\"Filter\"}"}]}
RESULT: {"script":"<script> [1562 bytes]","args":[{"selector":{"controlType":"sap.m.IconTabFilter","viewName":"etm.portal.ui.managepartners.view.Master","viewId":"application-managepartners-display-component---masterPtm","properties":{"text":"Filter"},"searchOpenDialogs":true,"interaction":{"idSuffix":"text"}},"wdio_ui5_key":"etmportal.ui.managepartners.view.Mastersap.m.IconTabFilter{\"text\":\"Filter\"}"}]}
RESULT: undefined
COMMAND: POST /session/c1c20cc70f6d9ef30ac844aa04f1cdf8/element - {"using":"xpath","value":"//*[@id=\"__filter10\"]"}
RESULT: {"using":"xpath","value":"//*[@id=\"__filter10\"]"}
COMMAND: POST /session/c1c20cc70f6d9ef30ac844aa04f1cdf8/element/f.79CB9250C4973688A89FBF0EB0986102.d.400EFD1F9AF0380470579829ACD80238.e.2081/click - {}
RESULT: {}
COMMAND: GET /session/c1c20cc70f6d9ef30ac844aa04f1cdf8/screenshot - {}
RESULT: {}
COMMAND: POST /session/c1c20cc70f6d9ef30ac844aa04f1cdf8/element - {"using":"xpath","value":"//input[@placeholder=\"Filter by\"]/following-sibling::div//span"}
RESULT: {"using":"xpath","value":"//input[@placeholder=\"Filter by\"]/following-sibling::div//span"}
COMMAND: POST /session/c1c20cc70f6d9ef30ac844aa04f1cdf8/element/f.79CB9250C4973688A89FBF0EB0986102.d.400EFD1F9AF0380470579829ACD80238.e.2083/click - {}
RESULT: {}
COMMAND: GET /session/c1c20cc70f6d9ef30ac844aa04f1cdf8/screenshot - {}
RESULT: {}
COMMAND: POST /session/c1c20cc70f6d9ef30ac844aa04f1cdf8/element - {"using":"xpath","value":"//li[.//span[text()=\"Preferred Yard\"]]"}
RESULT: {"using":"xpath","value":"//li[.//span[text()=\"Preferred Yard\"]]"}
COMMAND: POST /session/c1c20cc70f6d9ef30ac844aa04f1cdf8/element/f.79CB9250C4973688A89FBF0EB0986102.d.400EFD1F9AF0380470579829ACD80238.e.2084/click - {}
RESULT: {}
COMMAND: GET /session/c1c20cc70f6d9ef30ac844aa04f1cdf8/screenshot - {}
RESULT: {}
COMMAND: POST /session/c1c20cc70f6d9ef30ac844aa04f1cdf8/execute/async - {"script":"<script> [1562 bytes]","args":[{"selector":{"id":"FilterPanel-filterItemControl_BASIC-application-managepartners-display-component---masterPtm--smartTable-YARDYARD-vhi","searchOpenDialogs":true},"wdio_ui5_key":"FilterPanelfilterItemControl_BASIC-application-managepartners-display-component---masterPtm--smartTable-YARDYARD-vhi"}]}
RESULT: {"script":"<script> [1562 bytes]","args":[{"selector":{"id":"FilterPanel-filterItemControl_BASIC-application-managepartners-display-component---masterPtm--smartTable-YARDYARD-vhi","searchOpenDialogs":true},"wdio_ui5_key":"FilterPanelfilterItemControl_BASIC-application-managepartners-display-component---masterPtm--smartTable-YARDYARD-vhi"}]}
RESULT: undefined
COMMAND: POST /session/c1c20cc70f6d9ef30ac844aa04f1cdf8/element - {"using":"xpath","value":"//*[@id=\"FilterPanel-filterItemControl_BASIC-application-managepartners-display-component---masterPtm--smartTable-YARDYARD-vhi\"]"}
RESULT: {"using":"xpath","value":"//*[@id=\"FilterPanel-filterItemControl_BASIC-application-managepartners-display-component---masterPtm--smartTable-YARDYARD-vhi\"]"}
COMMAND: POST /session/c1c20cc70f6d9ef30ac844aa04f1cdf8/element/f.79CB9250C4973688A89FBF0EB0986102.d.400EFD1F9AF0380470579829ACD80238.e.2087/click - {}
RESULT: {}
COMMAND: GET /session/c1c20cc70f6d9ef30ac844aa04f1cdf8/screenshot - {}
RESULT: {}
COMMAND: POST /session/c1c20cc70f6d9ef30ac844aa04f1cdf8/execute/async - {"script":"<script> [1562 bytes]","args":[{"selector":{"id":"FilterPanel-filterItemControl_BASIC-application-managepartners-display-component---masterPtm--smartTable-YARDYARD-valueHelpDialog-smartFilterBar-btnBasicSearch","searchOpenDialogs":true,"interaction":{"idSuffix":"I"}},"wdio_ui5_key":"FilterPanelfilterItemControl_BASIC-application-managepartners-display-component---masterPtm--smartTable-YARDYARD-valueHelpDialog-smartFilterBar-btnBasicSearch"}]}
RESULT: {"script":"<script> [1562 bytes]","args":[{"selector":{"id":"FilterPanel-filterItemControl_BASIC-application-managepartners-display-component---masterPtm--smartTable-YARDYARD-valueHelpDialog-smartFilterBar-btnBasicSearch","searchOpenDialogs":true,"interaction":{"idSuffix":"I"}},"wdio_ui5_key":"FilterPanelfilterItemControl_BASIC-application-managepartners-display-component---masterPtm--smartTable-YARDYARD-valueHelpDialog-smartFilterBar-btnBasicSearch"}]}
RESULT: undefined
COMMAND: POST /session/c1c20cc70f6d9ef30ac844aa04f1cdf8/execute/async - {"script":"<script> [776 bytes]","args":[{"enterText":"566","selector":{"id":"FilterPanel-filterItemControl_BASIC-application-managepartners-display-component---masterPtm--smartTable-YARDYARD-valueHelpDialog-smartFilterBar-btnBasicSearch","searchOpenDialogs":true,"interaction":{"idSuffix":"I"}},"clearTextFirst":true,"interactionType":"ENTER_TEXT"}]}
RESULT: {"script":"<script> [776 bytes]","args":[{"enterText":"566","selector":{"id":"FilterPanel-filterItemControl_BASIC-application-managepartners-display-component---masterPtm--smartTable-YARDYARD-valueHelpDialog-smartFilterBar-btnBasicSearch","searchOpenDialogs":true,"interaction":{"idSuffix":"I"}},"clearTextFirst":true,"interactionType":"ENTER_TEXT"}]}
COMMAND: POST /session/c1c20cc70f6d9ef30ac844aa04f1cdf8/actions - {"actions":[{"id":"action3","type":"key","parameters":{},"actions":[{"type":"keyDown","value":"î€‡"},{"type":"pause","duration":10},{"type":"keyUp","value":"î€‡"}]}]}
RESULT: {"actions":[{"id":"action3","type":"key","parameters":{},"actions":[{"type":"keyDown","value":"î€‡"},{"type":"pause","duration":10},{"type":"keyUp","value":"î€‡"}]}]}
COMMAND: GET /session/c1c20cc70f6d9ef30ac844aa04f1cdf8/screenshot - {}
RESULT: {}
COMMAND: POST /session/c1c20cc70f6d9ef30ac844aa04f1cdf8/elements - {"using":"xpath","value":"//table[contains(@id, \"smartTable-YARDYARD-valueHelpDialog-table-table\")]/tbody/tr"}
RESULT: {"using":"xpath","value":"//table[contains(@id, \"smartTable-YARDYARD-valueHelpDialog-table-table\")]/tbody/tr"}
COMMAND: POST /session/c1c20cc70f6d9ef30ac844aa04f1cdf8/element - {"using":"xpath","value":"//table[contains(@id, \"smartTable-YARDYARD-valueHelpDialog-table-table\")]/tbody/tr[1]/td[1]/div/span"}
RESULT: {"using":"xpath","value":"//table[contains(@id, \"smartTable-YARDYARD-valueHelpDialog-table-table\")]/tbody/tr[1]/td[1]/div/span"}
COMMAND: POST /session/c1c20cc70f6d9ef30ac844aa04f1cdf8/elements - {"using":"xpath","value":"//table[contains(@id, \"smartTable-YARDYARD-valueHelpDialog-table-table\")]/tbody/tr[1]/td[1]/div/span"}
RESULT: {"using":"xpath","value":"//table[contains(@id, \"smartTable-YARDYARD-valueHelpDialog-table-table\")]/tbody/tr[1]/td[1]/div/span"}
COMMAND: POST /session/c1c20cc70f6d9ef30ac844aa04f1cdf8/execute/sync - {"script":"<script> [56 bytes]","args":[{"element-6066-11e4-a52e-4f735466cecf":"f.79CB9250C4973688A89FBF0EB0986102.d.400EFD1F9AF0380470579829ACD80238.e.2106","ELEMENT":"f.79CB9250C4973688A89FBF0EB0986102.d.400EFD1F9AF0380470579829ACD80238.e.2106"}]}
RESULT: {"script":"<script> [56 bytes]","args":[{"element-6066-11e4-a52e-4f735466cecf":"f.79CB9250C4973688A89FBF0EB0986102.d.400EFD1F9AF0380470579829ACD80238.e.2106","ELEMENT":"f.79CB9250C4973688A89FBF0EB0986102.d.400EFD1F9AF0380470579829ACD80238.e.2106"}]}
COMMAND: POST /session/c1c20cc70f6d9ef30ac844aa04f1cdf8/element - {"using":"xpath","value":"//table[contains(@id, \"smartTable-YARDYARD-valueHelpDialog-table-table\")]/tbody/tr[2]/td[1]/div/span"}
COMMAND: GET /session/c1c20cc70f6d9ef30ac844aa04f1cdf8/screenshot - {}
RESULT: {"using":"xpath","value":"//table[contains(@id, \"smartTable-YARDYARD-valueHelpDialog-table-table\")]/tbody/tr[2]/td[1]/div/span"}
COMMAND: POST /session/c1c20cc70f6d9ef30ac844aa04f1cdf8/elements - {"using":"xpath","value":"//table[contains(@id, \"smartTable-YARDYARD-valueHelpDialog-table-table\")]/tbody/tr[2]/td[1]/div/span"}
RESULT: {}
RESULT: {"using":"xpath","value":"//table[contains(@id, \"smartTable-YARDYARD-valueHelpDialog-table-table\")]/tbody/tr[2]/td[1]/div/span"}
COMMAND: POST /session/c1c20cc70f6d9ef30ac844aa04f1cdf8/execute/sync - {"script":"<script> [56 bytes]","args":[{"element-6066-11e4-a52e-4f735466cecf":"f.79CB9250C4973688A89FBF0EB0986102.d.400EFD1F9AF0380470579829ACD80238.e.2107","ELEMENT":"f.79CB9250C4973688A89FBF0EB0986102.d.400EFD1F9AF0380470579829ACD80238.e.2107"}]}
RESULT: {"script":"<script> [56 bytes]","args":[{"element-6066-11e4-a52e-4f735466cecf":"f.79CB9250C4973688A89FBF0EB0986102.d.400EFD1F9AF0380470579829ACD80238.e.2107","ELEMENT":"f.79CB9250C4973688A89FBF0EB0986102.d.400EFD1F9AF0380470579829ACD80238.e.2107"}]}
COMMAND: POST /session/c1c20cc70f6d9ef30ac844aa04f1cdf8/element - {"using":"xpath","value":"//div[contains(@id, \"YARDYARD-valueHelpDialog-table-rowsel1\")]"}
COMMAND: GET /session/c1c20cc70f6d9ef30ac844aa04f1cdf8/screenshot - {}
RESULT: {"using":"xpath","value":"//div[contains(@id, \"YARDYARD-valueHelpDialog-table-rowsel1\")]"}
COMMAND: POST /session/c1c20cc70f6d9ef30ac844aa04f1cdf8/element/f.79CB9250C4973688A89FBF0EB0986102.d.400EFD1F9AF0380470579829ACD80238.e.2108/click - {}
RESULT: {}
RESULT: {}
COMMAND: GET /session/c1c20cc70f6d9ef30ac844aa04f1cdf8/screenshot - {}
RESULT: {}
COMMAND: POST /session/c1c20cc70f6d9ef30ac844aa04f1cdf8/element - {"using":"xpath","value":"(//bdi[contains(text(), \"OK\")])[2]"}
RESULT: {"using":"xpath","value":"(//bdi[contains(text(), \"OK\")])[2]"}
COMMAND: POST /session/c1c20cc70f6d9ef30ac844aa04f1cdf8/element/f.79CB9250C4973688A89FBF0EB0986102.d.400EFD1F9AF0380470579829ACD80238.e.2110/click - {}
RESULT: {}
COMMAND: GET /session/c1c20cc70f6d9ef30ac844aa04f1cdf8/screenshot - {}
RESULT: {}
COMMAND: POST /session/c1c20cc70f6d9ef30ac844aa04f1cdf8/element - {"using":"xpath","value":"//bdi[contains(text(), \"OK\")]"}
RESULT: {"using":"xpath","value":"//bdi[contains(text(), \"OK\")]"}
COMMAND: POST /session/c1c20cc70f6d9ef30ac844aa04f1cdf8/element/f.79CB9250C4973688A89FBF0EB0986102.d.400EFD1F9AF0380470579829ACD80238.e.2113/click - {}
RESULT: {}
COMMAND: GET /session/c1c20cc70f6d9ef30ac844aa04f1cdf8/screenshot - {}
RESULT: {}
COMMAND: POST /session/c1c20cc70f6d9ef30ac844aa04f1cdf8/element - {"using":"xpath","value":"//table[contains(@id, \"customPartnersTable\")]//tbody/tr[1]/td[3]/span"}
RESULT: {"using":"xpath","value":"//table[contains(@id, \"customPartnersTable\")]//tbody/tr[1]/td[3]/span"}
COMMAND: POST /session/c1c20cc70f6d9ef30ac844aa04f1cdf8/execute/sync - {"script":"<script> [56 bytes]","args":[{"element-6066-11e4-a52e-4f735466cecf":"f.79CB9250C4973688A89FBF0EB0986102.d.400EFD1F9AF0380470579829ACD80238.e.2076","ELEMENT":"f.79CB9250C4973688A89FBF0EB0986102.d.400EFD1F9AF0380470579829ACD80238.e.2076"}]}
RESULT: {"script":"<script> [56 bytes]","args":[{"element-6066-11e4-a52e-4f735466cecf":"f.79CB9250C4973688A89FBF0EB0986102.d.400EFD1F9AF0380470579829ACD80238.e.2076","ELEMENT":"f.79CB9250C4973688A89FBF0EB0986102.d.400EFD1F9AF0380470579829ACD80238.e.2076"}]}
COMMAND: POST /session/c1c20cc70f6d9ef30ac844aa04f1cdf8/element - {"using":"css selector","value":"#shell-header-logo"}
COMMAND: GET /session/c1c20cc70f6d9ef30ac844aa04f1cdf8/screenshot - {}
RESULT: {"using":"css selector","value":"#shell-header-logo"}
COMMAND: POST /session/c1c20cc70f6d9ef30ac844aa04f1cdf8/element/f.79CB9250C4973688A89FBF0EB0986102.d.400EFD1F9AF0380470579829ACD80238.e.1700/click - {}
RESULT: {}
RESULT: {}
COMMAND: GET /session/c1c20cc70f6d9ef30ac844aa04f1cdf8/screenshot - {}
RESULT: {}
]]></system-out>
    </testcase>
    <testcase classname="chrome.136_0_7103_93.windows.Partner_specific_tests_US150819_US151080_US151654_US151176_US103444_US151078_US151079_US151109_US151174_US151175_US151189" name="Should deactivate the created partner in earlier step US151654" time="64.935">
      <system-out><![CDATA[
COMMAND: POST /session/c1c20cc70f6d9ef30ac844aa04f1cdf8/element - {"using":"xpath","value":"//li[.//span[text()=\"Manage Partners\"]]"}
RESULT: {"using":"xpath","value":"//li[.//span[text()=\"Manage Partners\"]]"}
COMMAND: POST /session/c1c20cc70f6d9ef30ac844aa04f1cdf8/element - {"using":"xpath","value":"//li[.//span[text()=\"Manage Partners\"]]"}
RESULT: {"using":"xpath","value":"//li[.//span[text()=\"Manage Partners\"]]"}
COMMAND: POST /session/c1c20cc70f6d9ef30ac844aa04f1cdf8/element - {"using":"css selector","value":"#shell-header-logo"}
RESULT: {"using":"css selector","value":"#shell-header-logo"}
COMMAND: POST /session/c1c20cc70f6d9ef30ac844aa04f1cdf8/element/f.79CB9250C4973688A89FBF0EB0986102.d.400EFD1F9AF0380470579829ACD80238.e.2164/click - {}
COMMAND: POST /session/c1c20cc70f6d9ef30ac844aa04f1cdf8/execute/sync - {"script":"<script> [8489 bytes]","args":[{"element-6066-11e4-a52e-4f735466cecf":"f.79CB9250C4973688A89FBF0EB0986102.d.400EFD1F9AF0380470579829ACD80238.e.2164","ELEMENT":"f.79CB9250C4973688A89FBF0EB0986102.d.400EFD1F9AF0380470579829ACD80238.e.2164"}]}
RESULT: {"script":"<script> [8489 bytes]","args":[{"element-6066-11e4-a52e-4f735466cecf":"f.79CB9250C4973688A89FBF0EB0986102.d.400EFD1F9AF0380470579829ACD80238.e.2164","ELEMENT":"f.79CB9250C4973688A89FBF0EB0986102.d.400EFD1F9AF0380470579829ACD80238.e.2164"}]}
COMMAND: POST /session/c1c20cc70f6d9ef30ac844aa04f1cdf8/execute/sync - {"script":"<script> [5351 bytes]","args":[{"element-6066-11e4-a52e-4f735466cecf":"f.79CB9250C4973688A89FBF0EB0986102.d.400EFD1F9AF0380470579829ACD80238.e.2164","ELEMENT":"f.79CB9250C4973688A89FBF0EB0986102.d.400EFD1F9AF0380470579829ACD80238.e.2164"}]}
COMMAND: GET /session/c1c20cc70f6d9ef30ac844aa04f1cdf8/screenshot - {}
RESULT: {}
COMMAND: GET /session/c1c20cc70f6d9ef30ac844aa04f1cdf8/screenshot - {}
RESULT: {"script":"<script> [5351 bytes]","args":[{"element-6066-11e4-a52e-4f735466cecf":"f.79CB9250C4973688A89FBF0EB0986102.d.400EFD1F9AF0380470579829ACD80238.e.2164","ELEMENT":"f.79CB9250C4973688A89FBF0EB0986102.d.400EFD1F9AF0380470579829ACD80238.e.2164"}]}
COMMAND: GET /session/c1c20cc70f6d9ef30ac844aa04f1cdf8/screenshot - {}
RESULT: {}
RESULT: {}
RESULT: {}
RESULT: undefined
COMMAND: POST /session/c1c20cc70f6d9ef30ac844aa04f1cdf8/element - {"using":"xpath","value":"//*[@id=\"__tile38\"]"}
RESULT: {"using":"xpath","value":"//*[@id=\"__tile38\"]"}
COMMAND: POST /session/c1c20cc70f6d9ef30ac844aa04f1cdf8/element/f.79CB9250C4973688A89FBF0EB0986102.d.400EFD1F9AF0380470579829ACD80238.e.154/click - {}
RESULT: {}
COMMAND: GET /session/c1c20cc70f6d9ef30ac844aa04f1cdf8/screenshot - {}
RESULT: {}
COMMAND: POST /session/c1c20cc70f6d9ef30ac844aa04f1cdf8/elements - {"using":"xpath","value":"//span[text()='Error']"}
RESULT: {"using":"xpath","value":"//span[text()='Error']"}
COMMAND: POST /session/c1c20cc70f6d9ef30ac844aa04f1cdf8/element - {"using":"xpath","value":"//button[@data-kt=\"addButton\"]"}
RESULT: {"using":"xpath","value":"//button[@data-kt=\"addButton\"]"}
COMMAND: POST /session/c1c20cc70f6d9ef30ac844aa04f1cdf8/elements - {"using":"xpath","value":"//button[@data-kt=\"addButton\"]"}
RESULT: {"using":"xpath","value":"//button[@data-kt=\"addButton\"]"}
COMMAND: POST /session/c1c20cc70f6d9ef30ac844aa04f1cdf8/execute/sync - {"script":"<script> [8489 bytes]","args":[{"element-6066-11e4-a52e-4f735466cecf":"f.79CB9250C4973688A89FBF0EB0986102.d.400EFD1F9AF0380470579829ACD80238.e.2209","ELEMENT":"f.79CB9250C4973688A89FBF0EB0986102.d.400EFD1F9AF0380470579829ACD80238.e.2209"}]}
RESULT: {"script":"<script> [8489 bytes]","args":[{"element-6066-11e4-a52e-4f735466cecf":"f.79CB9250C4973688A89FBF0EB0986102.d.400EFD1F9AF0380470579829ACD80238.e.2209","ELEMENT":"f.79CB9250C4973688A89FBF0EB0986102.d.400EFD1F9AF0380470579829ACD80238.e.2209"}]}
COMMAND: GET /session/c1c20cc70f6d9ef30ac844aa04f1cdf8/element/f.79CB9250C4973688A89FBF0EB0986102.d.400EFD1F9AF0380470579829ACD80238.e.2209/enabled - {}
COMMAND: GET /session/c1c20cc70f6d9ef30ac844aa04f1cdf8/screenshot - {}
RESULT: {}
COMMAND: POST /session/c1c20cc70f6d9ef30ac844aa04f1cdf8/execute/sync - {"script":"<script> [8489 bytes]","args":[{"element-6066-11e4-a52e-4f735466cecf":"f.79CB9250C4973688A89FBF0EB0986102.d.400EFD1F9AF0380470579829ACD80238.e.2209","ELEMENT":"f.79CB9250C4973688A89FBF0EB0986102.d.400EFD1F9AF0380470579829ACD80238.e.2209"}]}
COMMAND: GET /session/c1c20cc70f6d9ef30ac844aa04f1cdf8/screenshot - {}
RESULT: {}
RESULT: {"script":"<script> [8489 bytes]","args":[{"element-6066-11e4-a52e-4f735466cecf":"f.79CB9250C4973688A89FBF0EB0986102.d.400EFD1F9AF0380470579829ACD80238.e.2209","ELEMENT":"f.79CB9250C4973688A89FBF0EB0986102.d.400EFD1F9AF0380470579829ACD80238.e.2209"}]}
COMMAND: POST /session/c1c20cc70f6d9ef30ac844aa04f1cdf8/execute/sync - {"script":"<script> [5351 bytes]","args":[{"element-6066-11e4-a52e-4f735466cecf":"f.79CB9250C4973688A89FBF0EB0986102.d.400EFD1F9AF0380470579829ACD80238.e.2209","ELEMENT":"f.79CB9250C4973688A89FBF0EB0986102.d.400EFD1F9AF0380470579829ACD80238.e.2209"}]}
COMMAND: GET /session/c1c20cc70f6d9ef30ac844aa04f1cdf8/screenshot - {}
RESULT: {}
RESULT: {"script":"<script> [5351 bytes]","args":[{"element-6066-11e4-a52e-4f735466cecf":"f.79CB9250C4973688A89FBF0EB0986102.d.400EFD1F9AF0380470579829ACD80238.e.2209","ELEMENT":"f.79CB9250C4973688A89FBF0EB0986102.d.400EFD1F9AF0380470579829ACD80238.e.2209"}]}
COMMAND: GET /session/c1c20cc70f6d9ef30ac844aa04f1cdf8/screenshot - {}
RESULT: {}
RESULT: {}
COMMAND: POST /session/c1c20cc70f6d9ef30ac844aa04f1cdf8/execute/async - {"script":"<script> [1562 bytes]","args":[{"selector":{"id":"application-managepartners-display-component---masterPtm--smartFilterBar-btnBasicSearch","interaction":{"idSuffix":"I"}},"wdio_ui5_key":"applicationmanagepartners-display-component---masterPtm--smartFilterBar-btnBasicSearch"}]}
RESULT: {"script":"<script> [1562 bytes]","args":[{"selector":{"id":"application-managepartners-display-component---masterPtm--smartFilterBar-btnBasicSearch","interaction":{"idSuffix":"I"}},"wdio_ui5_key":"applicationmanagepartners-display-component---masterPtm--smartFilterBar-btnBasicSearch"}]}
RESULT: undefined
COMMAND: POST /session/c1c20cc70f6d9ef30ac844aa04f1cdf8/execute/async - {"script":"<script> [776 bytes]","args":[{"enterText":"1337","selector":{"id":"application-managepartners-display-component---masterPtm--smartFilterBar-btnBasicSearch","interaction":{"idSuffix":"I"}},"clearTextFirst":true,"interactionType":"ENTER_TEXT"}]}
RESULT: {"script":"<script> [776 bytes]","args":[{"enterText":"1337","selector":{"id":"application-managepartners-display-component---masterPtm--smartFilterBar-btnBasicSearch","interaction":{"idSuffix":"I"}},"clearTextFirst":true,"interactionType":"ENTER_TEXT"}]}
COMMAND: POST /session/c1c20cc70f6d9ef30ac844aa04f1cdf8/actions - {"actions":[{"id":"action4","type":"key","parameters":{},"actions":[{"type":"keyDown","value":"î€‡"},{"type":"pause","duration":10},{"type":"keyUp","value":"î€‡"}]}]}
RESULT: {"actions":[{"id":"action4","type":"key","parameters":{},"actions":[{"type":"keyDown","value":"î€‡"},{"type":"pause","duration":10},{"type":"keyUp","value":"î€‡"}]}]}
COMMAND: GET /session/c1c20cc70f6d9ef30ac844aa04f1cdf8/screenshot - {}
RESULT: {}
COMMAND: POST /session/c1c20cc70f6d9ef30ac844aa04f1cdf8/elements - {"using":"xpath","value":"//table[contains(@id, \"customPartnersTable-listUl\")]/tbody/tr"}
RESULT: {"using":"xpath","value":"//table[contains(@id, \"customPartnersTable-listUl\")]/tbody/tr"}
COMMAND: POST /session/c1c20cc70f6d9ef30ac844aa04f1cdf8/element - {"using":"xpath","value":"//table[contains(@id, \"customPartnersTable-listUl\")]/tbody/tr[1]/td[3]/span"}
RESULT: {"using":"xpath","value":"//table[contains(@id, \"customPartnersTable-listUl\")]/tbody/tr[1]/td[3]/span"}
COMMAND: POST /session/c1c20cc70f6d9ef30ac844aa04f1cdf8/elements - {"using":"xpath","value":"//table[contains(@id, \"customPartnersTable-listUl\")]/tbody/tr[1]/td[3]/span"}
RESULT: {"using":"xpath","value":"//table[contains(@id, \"customPartnersTable-listUl\")]/tbody/tr[1]/td[3]/span"}
COMMAND: POST /session/c1c20cc70f6d9ef30ac844aa04f1cdf8/execute/sync - {"script":"<script> [56 bytes]","args":[{"element-6066-11e4-a52e-4f735466cecf":"f.79CB9250C4973688A89FBF0EB0986102.d.400EFD1F9AF0380470579829ACD80238.e.2346","ELEMENT":"f.79CB9250C4973688A89FBF0EB0986102.d.400EFD1F9AF0380470579829ACD80238.e.2346"}]}
RESULT: {"script":"<script> [56 bytes]","args":[{"element-6066-11e4-a52e-4f735466cecf":"f.79CB9250C4973688A89FBF0EB0986102.d.400EFD1F9AF0380470579829ACD80238.e.2346","ELEMENT":"f.79CB9250C4973688A89FBF0EB0986102.d.400EFD1F9AF0380470579829ACD80238.e.2346"}]}
COMMAND: POST /session/c1c20cc70f6d9ef30ac844aa04f1cdf8/element - {"using":"xpath","value":"//table[contains(@id, \"customPartnersTable-listUl\")]/tbody/tr[1]/td[7]/div/span"}
COMMAND: GET /session/c1c20cc70f6d9ef30ac844aa04f1cdf8/screenshot - {}
RESULT: {"using":"xpath","value":"//table[contains(@id, \"customPartnersTable-listUl\")]/tbody/tr[1]/td[7]/div/span"}
COMMAND: POST /session/c1c20cc70f6d9ef30ac844aa04f1cdf8/execute/sync - {"script":"<script> [56 bytes]","args":[{"element-6066-11e4-a52e-4f735466cecf":"f.79CB9250C4973688A89FBF0EB0986102.d.400EFD1F9AF0380470579829ACD80238.e.2347","ELEMENT":"f.79CB9250C4973688A89FBF0EB0986102.d.400EFD1F9AF0380470579829ACD80238.e.2347"}]}
RESULT: {}
RESULT: {"script":"<script> [56 bytes]","args":[{"element-6066-11e4-a52e-4f735466cecf":"f.79CB9250C4973688A89FBF0EB0986102.d.400EFD1F9AF0380470579829ACD80238.e.2347","ELEMENT":"f.79CB9250C4973688A89FBF0EB0986102.d.400EFD1F9AF0380470579829ACD80238.e.2347"}]}
COMMAND: POST /session/c1c20cc70f6d9ef30ac844aa04f1cdf8/element - {"using":"xpath","value":"//table[contains(@id, \"customPartnersTable-listUl\")]/tbody/tr[1]/td[2]/div/div"}
COMMAND: GET /session/c1c20cc70f6d9ef30ac844aa04f1cdf8/screenshot - {}
RESULT: {}
RESULT: {"using":"xpath","value":"//table[contains(@id, \"customPartnersTable-listUl\")]/tbody/tr[1]/td[2]/div/div"}
COMMAND: POST /session/c1c20cc70f6d9ef30ac844aa04f1cdf8/element/f.79CB9250C4973688A89FBF0EB0986102.d.400EFD1F9AF0380470579829ACD80238.e.2348/click - {}
RESULT: {}
COMMAND: GET /session/c1c20cc70f6d9ef30ac844aa04f1cdf8/screenshot - {}
RESULT: {}
COMMAND: POST /session/c1c20cc70f6d9ef30ac844aa04f1cdf8/element - {"using":"xpath","value":"//bdi[contains(text(), \"Deactivate\")]"}
RESULT: {"using":"xpath","value":"//bdi[contains(text(), \"Deactivate\")]"}
COMMAND: POST /session/c1c20cc70f6d9ef30ac844aa04f1cdf8/element/f.79CB9250C4973688A89FBF0EB0986102.d.400EFD1F9AF0380470579829ACD80238.e.2349/click - {}
RESULT: {}
COMMAND: GET /session/c1c20cc70f6d9ef30ac844aa04f1cdf8/screenshot - {}
RESULT: {}
COMMAND: POST /session/c1c20cc70f6d9ef30ac844aa04f1cdf8/element - {"using":"xpath","value":"//bdi[contains(text(), \"Yes\")]"}
RESULT: {"using":"xpath","value":"//bdi[contains(text(), \"Yes\")]"}
COMMAND: POST /session/c1c20cc70f6d9ef30ac844aa04f1cdf8/element/f.79CB9250C4973688A89FBF0EB0986102.d.400EFD1F9AF0380470579829ACD80238.e.2351/click - {}
RESULT: {}
COMMAND: GET /session/c1c20cc70f6d9ef30ac844aa04f1cdf8/screenshot - {}
RESULT: {}
COMMAND: POST /session/c1c20cc70f6d9ef30ac844aa04f1cdf8/element - {"using":"xpath","value":"//table[contains(@id, \"customPartnersTable-listUl\")]/tbody/tr[1]/td[7]/div/span"}
RESULT: {"using":"xpath","value":"//table[contains(@id, \"customPartnersTable-listUl\")]/tbody/tr[1]/td[7]/div/span"}
COMMAND: POST /session/c1c20cc70f6d9ef30ac844aa04f1cdf8/execute/sync - {"script":"<script> [56 bytes]","args":[{"element-6066-11e4-a52e-4f735466cecf":"f.79CB9250C4973688A89FBF0EB0986102.d.400EFD1F9AF0380470579829ACD80238.e.2347","ELEMENT":"f.79CB9250C4973688A89FBF0EB0986102.d.400EFD1F9AF0380470579829ACD80238.e.2347"}]}
RESULT: {"script":"<script> [56 bytes]","args":[{"element-6066-11e4-a52e-4f735466cecf":"f.79CB9250C4973688A89FBF0EB0986102.d.400EFD1F9AF0380470579829ACD80238.e.2347","ELEMENT":"f.79CB9250C4973688A89FBF0EB0986102.d.400EFD1F9AF0380470579829ACD80238.e.2347"}]}
COMMAND: GET /session/c1c20cc70f6d9ef30ac844aa04f1cdf8/screenshot - {}
RESULT: {}
COMMAND: POST /session/c1c20cc70f6d9ef30ac844aa04f1cdf8/element - {"using":"css selector","value":"#shell-header-logo"}
RESULT: {"using":"css selector","value":"#shell-header-logo"}
COMMAND: POST /session/c1c20cc70f6d9ef30ac844aa04f1cdf8/element/f.79CB9250C4973688A89FBF0EB0986102.d.400EFD1F9AF0380470579829ACD80238.e.2164/click - {}
RESULT: {}
COMMAND: GET /session/c1c20cc70f6d9ef30ac844aa04f1cdf8/screenshot - {}
RESULT: {}
]]></system-out>
    </testcase>
    <testcase classname="chrome.136_0_7103_93.windows.Partner_specific_tests_US150819_US151080_US151654_US151176_US103444_US151078_US151079_US151109_US151174_US151175_US151189" name="Should activate the created partner again US151176" time="61.07">
      <system-out><![CDATA[
COMMAND: POST /session/c1c20cc70f6d9ef30ac844aa04f1cdf8/element - {"using":"xpath","value":"//li[.//span[text()=\"Manage Partners\"]]"}
RESULT: {"using":"xpath","value":"//li[.//span[text()=\"Manage Partners\"]]"}
COMMAND: POST /session/c1c20cc70f6d9ef30ac844aa04f1cdf8/element - {"using":"xpath","value":"//li[.//span[text()=\"Manage Partners\"]]"}
RESULT: {"using":"xpath","value":"//li[.//span[text()=\"Manage Partners\"]]"}
COMMAND: POST /session/c1c20cc70f6d9ef30ac844aa04f1cdf8/element - {"using":"css selector","value":"#shell-header-logo"}
RESULT: {"using":"css selector","value":"#shell-header-logo"}
COMMAND: POST /session/c1c20cc70f6d9ef30ac844aa04f1cdf8/element/f.79CB9250C4973688A89FBF0EB0986102.d.400EFD1F9AF0380470579829ACD80238.e.2355/click - {}
COMMAND: POST /session/c1c20cc70f6d9ef30ac844aa04f1cdf8/execute/sync - {"script":"<script> [8489 bytes]","args":[{"element-6066-11e4-a52e-4f735466cecf":"f.79CB9250C4973688A89FBF0EB0986102.d.400EFD1F9AF0380470579829ACD80238.e.2355","ELEMENT":"f.79CB9250C4973688A89FBF0EB0986102.d.400EFD1F9AF0380470579829ACD80238.e.2355"}]}
RESULT: {}
COMMAND: GET /session/c1c20cc70f6d9ef30ac844aa04f1cdf8/screenshot - {}
RESULT: {"script":"<script> [8489 bytes]","args":[{"element-6066-11e4-a52e-4f735466cecf":"f.79CB9250C4973688A89FBF0EB0986102.d.400EFD1F9AF0380470579829ACD80238.e.2355","ELEMENT":"f.79CB9250C4973688A89FBF0EB0986102.d.400EFD1F9AF0380470579829ACD80238.e.2355"}]}
COMMAND: POST /session/c1c20cc70f6d9ef30ac844aa04f1cdf8/execute/sync - {"script":"<script> [5351 bytes]","args":[{"element-6066-11e4-a52e-4f735466cecf":"f.79CB9250C4973688A89FBF0EB0986102.d.400EFD1F9AF0380470579829ACD80238.e.2355","ELEMENT":"f.79CB9250C4973688A89FBF0EB0986102.d.400EFD1F9AF0380470579829ACD80238.e.2355"}]}
COMMAND: GET /session/c1c20cc70f6d9ef30ac844aa04f1cdf8/screenshot - {}
RESULT: {}
RESULT: {"script":"<script> [5351 bytes]","args":[{"element-6066-11e4-a52e-4f735466cecf":"f.79CB9250C4973688A89FBF0EB0986102.d.400EFD1F9AF0380470579829ACD80238.e.2355","ELEMENT":"f.79CB9250C4973688A89FBF0EB0986102.d.400EFD1F9AF0380470579829ACD80238.e.2355"}]}
COMMAND: GET /session/c1c20cc70f6d9ef30ac844aa04f1cdf8/screenshot - {}
RESULT: {}
RESULT: {}
RESULT: undefined
COMMAND: POST /session/c1c20cc70f6d9ef30ac844aa04f1cdf8/element - {"using":"xpath","value":"//*[@id=\"__tile38\"]"}
RESULT: {"using":"xpath","value":"//*[@id=\"__tile38\"]"}
COMMAND: POST /session/c1c20cc70f6d9ef30ac844aa04f1cdf8/element/f.79CB9250C4973688A89FBF0EB0986102.d.400EFD1F9AF0380470579829ACD80238.e.154/click - {}
RESULT: {}
COMMAND: GET /session/c1c20cc70f6d9ef30ac844aa04f1cdf8/screenshot - {}
RESULT: {}
COMMAND: POST /session/c1c20cc70f6d9ef30ac844aa04f1cdf8/elements - {"using":"xpath","value":"//span[text()='Error']"}
RESULT: {"using":"xpath","value":"//span[text()='Error']"}
COMMAND: POST /session/c1c20cc70f6d9ef30ac844aa04f1cdf8/element - {"using":"xpath","value":"//button[@data-kt=\"addButton\"]"}
RESULT: {"using":"xpath","value":"//button[@data-kt=\"addButton\"]"}
COMMAND: POST /session/c1c20cc70f6d9ef30ac844aa04f1cdf8/elements - {"using":"xpath","value":"//button[@data-kt=\"addButton\"]"}
RESULT: {"using":"xpath","value":"//button[@data-kt=\"addButton\"]"}
COMMAND: POST /session/c1c20cc70f6d9ef30ac844aa04f1cdf8/execute/sync - {"script":"<script> [8489 bytes]","args":[{"element-6066-11e4-a52e-4f735466cecf":"f.79CB9250C4973688A89FBF0EB0986102.d.400EFD1F9AF0380470579829ACD80238.e.2401","ELEMENT":"f.79CB9250C4973688A89FBF0EB0986102.d.400EFD1F9AF0380470579829ACD80238.e.2401"}]}
RESULT: {"script":"<script> [8489 bytes]","args":[{"element-6066-11e4-a52e-4f735466cecf":"f.79CB9250C4973688A89FBF0EB0986102.d.400EFD1F9AF0380470579829ACD80238.e.2401","ELEMENT":"f.79CB9250C4973688A89FBF0EB0986102.d.400EFD1F9AF0380470579829ACD80238.e.2401"}]}
COMMAND: GET /session/c1c20cc70f6d9ef30ac844aa04f1cdf8/element/f.79CB9250C4973688A89FBF0EB0986102.d.400EFD1F9AF0380470579829ACD80238.e.2401/enabled - {}
COMMAND: GET /session/c1c20cc70f6d9ef30ac844aa04f1cdf8/screenshot - {}
RESULT: {}
COMMAND: POST /session/c1c20cc70f6d9ef30ac844aa04f1cdf8/execute/sync - {"script":"<script> [8489 bytes]","args":[{"element-6066-11e4-a52e-4f735466cecf":"f.79CB9250C4973688A89FBF0EB0986102.d.400EFD1F9AF0380470579829ACD80238.e.2401","ELEMENT":"f.79CB9250C4973688A89FBF0EB0986102.d.400EFD1F9AF0380470579829ACD80238.e.2401"}]}
COMMAND: GET /session/c1c20cc70f6d9ef30ac844aa04f1cdf8/screenshot - {}
RESULT: {}
RESULT: {"script":"<script> [8489 bytes]","args":[{"element-6066-11e4-a52e-4f735466cecf":"f.79CB9250C4973688A89FBF0EB0986102.d.400EFD1F9AF0380470579829ACD80238.e.2401","ELEMENT":"f.79CB9250C4973688A89FBF0EB0986102.d.400EFD1F9AF0380470579829ACD80238.e.2401"}]}
COMMAND: POST /session/c1c20cc70f6d9ef30ac844aa04f1cdf8/execute/sync - {"script":"<script> [5351 bytes]","args":[{"element-6066-11e4-a52e-4f735466cecf":"f.79CB9250C4973688A89FBF0EB0986102.d.400EFD1F9AF0380470579829ACD80238.e.2401","ELEMENT":"f.79CB9250C4973688A89FBF0EB0986102.d.400EFD1F9AF0380470579829ACD80238.e.2401"}]}
COMMAND: GET /session/c1c20cc70f6d9ef30ac844aa04f1cdf8/screenshot - {}
RESULT: {}
RESULT: {"script":"<script> [5351 bytes]","args":[{"element-6066-11e4-a52e-4f735466cecf":"f.79CB9250C4973688A89FBF0EB0986102.d.400EFD1F9AF0380470579829ACD80238.e.2401","ELEMENT":"f.79CB9250C4973688A89FBF0EB0986102.d.400EFD1F9AF0380470579829ACD80238.e.2401"}]}
COMMAND: GET /session/c1c20cc70f6d9ef30ac844aa04f1cdf8/screenshot - {}
RESULT: {}
RESULT: {}
RESULT: undefined
COMMAND: POST /session/c1c20cc70f6d9ef30ac844aa04f1cdf8/execute/async - {"script":"<script> [776 bytes]","args":[{"enterText":"1337","selector":{"id":"application-managepartners-display-component---masterPtm--smartFilterBar-btnBasicSearch","interaction":{"idSuffix":"I"}},"clearTextFirst":true,"interactionType":"ENTER_TEXT"}]}
RESULT: {"script":"<script> [776 bytes]","args":[{"enterText":"1337","selector":{"id":"application-managepartners-display-component---masterPtm--smartFilterBar-btnBasicSearch","interaction":{"idSuffix":"I"}},"clearTextFirst":true,"interactionType":"ENTER_TEXT"}]}
COMMAND: POST /session/c1c20cc70f6d9ef30ac844aa04f1cdf8/actions - {"actions":[{"id":"action5","type":"key","parameters":{},"actions":[{"type":"keyDown","value":"î€‡"},{"type":"pause","duration":10},{"type":"keyUp","value":"î€‡"}]}]}
RESULT: {"actions":[{"id":"action5","type":"key","parameters":{},"actions":[{"type":"keyDown","value":"î€‡"},{"type":"pause","duration":10},{"type":"keyUp","value":"î€‡"}]}]}
COMMAND: GET /session/c1c20cc70f6d9ef30ac844aa04f1cdf8/screenshot - {}
RESULT: {}
COMMAND: POST /session/c1c20cc70f6d9ef30ac844aa04f1cdf8/elements - {"using":"xpath","value":"//table[contains(@id, \"customPartnersTable-listUl\")]/tbody/tr"}
RESULT: {"using":"xpath","value":"//table[contains(@id, \"customPartnersTable-listUl\")]/tbody/tr"}
COMMAND: POST /session/c1c20cc70f6d9ef30ac844aa04f1cdf8/element - {"using":"xpath","value":"//table[contains(@id, \"customPartnersTable-listUl\")]/tbody/tr[1]/td[3]/span"}
RESULT: {"using":"xpath","value":"//table[contains(@id, \"customPartnersTable-listUl\")]/tbody/tr[1]/td[3]/span"}
COMMAND: POST /session/c1c20cc70f6d9ef30ac844aa04f1cdf8/elements - {"using":"xpath","value":"//table[contains(@id, \"customPartnersTable-listUl\")]/tbody/tr[1]/td[3]/span"}
RESULT: {"using":"xpath","value":"//table[contains(@id, \"customPartnersTable-listUl\")]/tbody/tr[1]/td[3]/span"}
COMMAND: POST /session/c1c20cc70f6d9ef30ac844aa04f1cdf8/execute/sync - {"script":"<script> [56 bytes]","args":[{"element-6066-11e4-a52e-4f735466cecf":"f.79CB9250C4973688A89FBF0EB0986102.d.400EFD1F9AF0380470579829ACD80238.e.2536","ELEMENT":"f.79CB9250C4973688A89FBF0EB0986102.d.400EFD1F9AF0380470579829ACD80238.e.2536"}]}
RESULT: {"script":"<script> [56 bytes]","args":[{"element-6066-11e4-a52e-4f735466cecf":"f.79CB9250C4973688A89FBF0EB0986102.d.400EFD1F9AF0380470579829ACD80238.e.2536","ELEMENT":"f.79CB9250C4973688A89FBF0EB0986102.d.400EFD1F9AF0380470579829ACD80238.e.2536"}]}
COMMAND: POST /session/c1c20cc70f6d9ef30ac844aa04f1cdf8/element - {"using":"xpath","value":"//table[contains(@id, \"customPartnersTable-listUl\")]/tbody/tr[1]/td[7]/div/span"}
COMMAND: GET /session/c1c20cc70f6d9ef30ac844aa04f1cdf8/screenshot - {}
RESULT: {"using":"xpath","value":"//table[contains(@id, \"customPartnersTable-listUl\")]/tbody/tr[1]/td[7]/div/span"}
COMMAND: POST /session/c1c20cc70f6d9ef30ac844aa04f1cdf8/execute/sync - {"script":"<script> [56 bytes]","args":[{"element-6066-11e4-a52e-4f735466cecf":"f.79CB9250C4973688A89FBF0EB0986102.d.400EFD1F9AF0380470579829ACD80238.e.2537","ELEMENT":"f.79CB9250C4973688A89FBF0EB0986102.d.400EFD1F9AF0380470579829ACD80238.e.2537"}]}
RESULT: {}
RESULT: {"script":"<script> [56 bytes]","args":[{"element-6066-11e4-a52e-4f735466cecf":"f.79CB9250C4973688A89FBF0EB0986102.d.400EFD1F9AF0380470579829ACD80238.e.2537","ELEMENT":"f.79CB9250C4973688A89FBF0EB0986102.d.400EFD1F9AF0380470579829ACD80238.e.2537"}]}
COMMAND: POST /session/c1c20cc70f6d9ef30ac844aa04f1cdf8/element - {"using":"xpath","value":"//table[contains(@id, \"customPartnersTable-listUl\")]/tbody/tr[1]/td[2]/div/div"}
COMMAND: GET /session/c1c20cc70f6d9ef30ac844aa04f1cdf8/screenshot - {}
RESULT: {"using":"xpath","value":"//table[contains(@id, \"customPartnersTable-listUl\")]/tbody/tr[1]/td[2]/div/div"}
COMMAND: POST /session/c1c20cc70f6d9ef30ac844aa04f1cdf8/element/f.79CB9250C4973688A89FBF0EB0986102.d.400EFD1F9AF0380470579829ACD80238.e.2538/click - {}
RESULT: {}
RESULT: {}
COMMAND: GET /session/c1c20cc70f6d9ef30ac844aa04f1cdf8/screenshot - {}
RESULT: {}
COMMAND: POST /session/c1c20cc70f6d9ef30ac844aa04f1cdf8/element - {"using":"xpath","value":"//bdi[contains(text(), \"Activate\")]"}
RESULT: {"using":"xpath","value":"//bdi[contains(text(), \"Activate\")]"}
COMMAND: POST /session/c1c20cc70f6d9ef30ac844aa04f1cdf8/element/f.79CB9250C4973688A89FBF0EB0986102.d.400EFD1F9AF0380470579829ACD80238.e.2539/click - {}
RESULT: {}
COMMAND: GET /session/c1c20cc70f6d9ef30ac844aa04f1cdf8/screenshot - {}
RESULT: {}
COMMAND: POST /session/c1c20cc70f6d9ef30ac844aa04f1cdf8/element - {"using":"xpath","value":"//bdi[contains(text(), \"Yes\")]"}
RESULT: {"using":"xpath","value":"//bdi[contains(text(), \"Yes\")]"}
COMMAND: POST /session/c1c20cc70f6d9ef30ac844aa04f1cdf8/element/f.79CB9250C4973688A89FBF0EB0986102.d.400EFD1F9AF0380470579829ACD80238.e.2541/click - {}
RESULT: {}
COMMAND: GET /session/c1c20cc70f6d9ef30ac844aa04f1cdf8/screenshot - {}
RESULT: {}
COMMAND: POST /session/c1c20cc70f6d9ef30ac844aa04f1cdf8/element - {"using":"xpath","value":"//table[contains(@id, \"customPartnersTable-listUl\")]/tbody/tr[1]/td[7]/div/span"}
RESULT: {"using":"xpath","value":"//table[contains(@id, \"customPartnersTable-listUl\")]/tbody/tr[1]/td[7]/div/span"}
COMMAND: POST /session/c1c20cc70f6d9ef30ac844aa04f1cdf8/execute/sync - {"script":"<script> [56 bytes]","args":[{"element-6066-11e4-a52e-4f735466cecf":"f.79CB9250C4973688A89FBF0EB0986102.d.400EFD1F9AF0380470579829ACD80238.e.2537","ELEMENT":"f.79CB9250C4973688A89FBF0EB0986102.d.400EFD1F9AF0380470579829ACD80238.e.2537"}]}
RESULT: {"script":"<script> [56 bytes]","args":[{"element-6066-11e4-a52e-4f735466cecf":"f.79CB9250C4973688A89FBF0EB0986102.d.400EFD1F9AF0380470579829ACD80238.e.2537","ELEMENT":"f.79CB9250C4973688A89FBF0EB0986102.d.400EFD1F9AF0380470579829ACD80238.e.2537"}]}
COMMAND: GET /session/c1c20cc70f6d9ef30ac844aa04f1cdf8/screenshot - {}
RESULT: {}
COMMAND: POST /session/c1c20cc70f6d9ef30ac844aa04f1cdf8/element - {"using":"css selector","value":"#shell-header-logo"}
RESULT: {"using":"css selector","value":"#shell-header-logo"}
COMMAND: POST /session/c1c20cc70f6d9ef30ac844aa04f1cdf8/element/f.79CB9250C4973688A89FBF0EB0986102.d.400EFD1F9AF0380470579829ACD80238.e.2355/click - {}
RESULT: {}
COMMAND: GET /session/c1c20cc70f6d9ef30ac844aa04f1cdf8/screenshot - {}
RESULT: {}
]]></system-out>
    </testcase>
    <testcase classname="chrome.136_0_7103_93.windows.Partner_specific_tests_US150819_US151080_US151654_US151176_US103444_US151078_US151079_US151109_US151174_US151175_US151189" name="Should edit the created external partner and save it and check its content US103444" time="72.06">
      <system-out><![CDATA[
COMMAND: POST /session/c1c20cc70f6d9ef30ac844aa04f1cdf8/element - {"using":"xpath","value":"//li[.//span[text()=\"Manage Partners\"]]"}
RESULT: {"using":"xpath","value":"//li[.//span[text()=\"Manage Partners\"]]"}
COMMAND: POST /session/c1c20cc70f6d9ef30ac844aa04f1cdf8/element - {"using":"xpath","value":"//li[.//span[text()=\"Manage Partners\"]]"}
RESULT: {"using":"xpath","value":"//li[.//span[text()=\"Manage Partners\"]]"}
COMMAND: POST /session/c1c20cc70f6d9ef30ac844aa04f1cdf8/element - {"using":"css selector","value":"#shell-header-logo"}
RESULT: {"using":"css selector","value":"#shell-header-logo"}
COMMAND: POST /session/c1c20cc70f6d9ef30ac844aa04f1cdf8/element/f.79CB9250C4973688A89FBF0EB0986102.d.400EFD1F9AF0380470579829ACD80238.e.2545/click - {}
COMMAND: POST /session/c1c20cc70f6d9ef30ac844aa04f1cdf8/execute/sync - {"script":"<script> [8489 bytes]","args":[{"element-6066-11e4-a52e-4f735466cecf":"f.79CB9250C4973688A89FBF0EB0986102.d.400EFD1F9AF0380470579829ACD80238.e.2545","ELEMENT":"f.79CB9250C4973688A89FBF0EB0986102.d.400EFD1F9AF0380470579829ACD80238.e.2545"}]}
RESULT: {}
COMMAND: GET /session/c1c20cc70f6d9ef30ac844aa04f1cdf8/screenshot - {}
RESULT: {"script":"<script> [8489 bytes]","args":[{"element-6066-11e4-a52e-4f735466cecf":"f.79CB9250C4973688A89FBF0EB0986102.d.400EFD1F9AF0380470579829ACD80238.e.2545","ELEMENT":"f.79CB9250C4973688A89FBF0EB0986102.d.400EFD1F9AF0380470579829ACD80238.e.2545"}]}
COMMAND: POST /session/c1c20cc70f6d9ef30ac844aa04f1cdf8/execute/sync - {"script":"<script> [5351 bytes]","args":[{"element-6066-11e4-a52e-4f735466cecf":"f.79CB9250C4973688A89FBF0EB0986102.d.400EFD1F9AF0380470579829ACD80238.e.2545","ELEMENT":"f.79CB9250C4973688A89FBF0EB0986102.d.400EFD1F9AF0380470579829ACD80238.e.2545"}]}
COMMAND: GET /session/c1c20cc70f6d9ef30ac844aa04f1cdf8/screenshot - {}
RESULT: {}
RESULT: {"script":"<script> [5351 bytes]","args":[{"element-6066-11e4-a52e-4f735466cecf":"f.79CB9250C4973688A89FBF0EB0986102.d.400EFD1F9AF0380470579829ACD80238.e.2545","ELEMENT":"f.79CB9250C4973688A89FBF0EB0986102.d.400EFD1F9AF0380470579829ACD80238.e.2545"}]}
COMMAND: GET /session/c1c20cc70f6d9ef30ac844aa04f1cdf8/screenshot - {}
RESULT: {}
RESULT: {}
RESULT: undefined
COMMAND: POST /session/c1c20cc70f6d9ef30ac844aa04f1cdf8/element - {"using":"xpath","value":"//*[@id=\"__tile38\"]"}
RESULT: {"using":"xpath","value":"//*[@id=\"__tile38\"]"}
COMMAND: POST /session/c1c20cc70f6d9ef30ac844aa04f1cdf8/element/f.79CB9250C4973688A89FBF0EB0986102.d.400EFD1F9AF0380470579829ACD80238.e.154/click - {}
RESULT: {}
COMMAND: GET /session/c1c20cc70f6d9ef30ac844aa04f1cdf8/screenshot - {}
RESULT: {}
COMMAND: POST /session/c1c20cc70f6d9ef30ac844aa04f1cdf8/elements - {"using":"xpath","value":"//span[text()='Error']"}
RESULT: {"using":"xpath","value":"//span[text()='Error']"}
COMMAND: POST /session/c1c20cc70f6d9ef30ac844aa04f1cdf8/element - {"using":"xpath","value":"//button[@data-kt=\"addButton\"]"}
RESULT: {"using":"xpath","value":"//button[@data-kt=\"addButton\"]"}
COMMAND: POST /session/c1c20cc70f6d9ef30ac844aa04f1cdf8/elements - {"using":"xpath","value":"//button[@data-kt=\"addButton\"]"}
RESULT: {"using":"xpath","value":"//button[@data-kt=\"addButton\"]"}
COMMAND: POST /session/c1c20cc70f6d9ef30ac844aa04f1cdf8/execute/sync - {"script":"<script> [8489 bytes]","args":[{"element-6066-11e4-a52e-4f735466cecf":"f.79CB9250C4973688A89FBF0EB0986102.d.400EFD1F9AF0380470579829ACD80238.e.2590","ELEMENT":"f.79CB9250C4973688A89FBF0EB0986102.d.400EFD1F9AF0380470579829ACD80238.e.2590"}]}
RESULT: {"script":"<script> [8489 bytes]","args":[{"element-6066-11e4-a52e-4f735466cecf":"f.79CB9250C4973688A89FBF0EB0986102.d.400EFD1F9AF0380470579829ACD80238.e.2590","ELEMENT":"f.79CB9250C4973688A89FBF0EB0986102.d.400EFD1F9AF0380470579829ACD80238.e.2590"}]}
COMMAND: GET /session/c1c20cc70f6d9ef30ac844aa04f1cdf8/element/f.79CB9250C4973688A89FBF0EB0986102.d.400EFD1F9AF0380470579829ACD80238.e.2590/enabled - {}
COMMAND: GET /session/c1c20cc70f6d9ef30ac844aa04f1cdf8/screenshot - {}
RESULT: {}
COMMAND: POST /session/c1c20cc70f6d9ef30ac844aa04f1cdf8/execute/sync - {"script":"<script> [8489 bytes]","args":[{"element-6066-11e4-a52e-4f735466cecf":"f.79CB9250C4973688A89FBF0EB0986102.d.400EFD1F9AF0380470579829ACD80238.e.2590","ELEMENT":"f.79CB9250C4973688A89FBF0EB0986102.d.400EFD1F9AF0380470579829ACD80238.e.2590"}]}
COMMAND: GET /session/c1c20cc70f6d9ef30ac844aa04f1cdf8/screenshot - {}
RESULT: {}
RESULT: {"script":"<script> [8489 bytes]","args":[{"element-6066-11e4-a52e-4f735466cecf":"f.79CB9250C4973688A89FBF0EB0986102.d.400EFD1F9AF0380470579829ACD80238.e.2590","ELEMENT":"f.79CB9250C4973688A89FBF0EB0986102.d.400EFD1F9AF0380470579829ACD80238.e.2590"}]}
COMMAND: POST /session/c1c20cc70f6d9ef30ac844aa04f1cdf8/execute/sync - {"script":"<script> [5351 bytes]","args":[{"element-6066-11e4-a52e-4f735466cecf":"f.79CB9250C4973688A89FBF0EB0986102.d.400EFD1F9AF0380470579829ACD80238.e.2590","ELEMENT":"f.79CB9250C4973688A89FBF0EB0986102.d.400EFD1F9AF0380470579829ACD80238.e.2590"}]}
COMMAND: GET /session/c1c20cc70f6d9ef30ac844aa04f1cdf8/screenshot - {}
RESULT: {}
RESULT: {"script":"<script> [5351 bytes]","args":[{"element-6066-11e4-a52e-4f735466cecf":"f.79CB9250C4973688A89FBF0EB0986102.d.400EFD1F9AF0380470579829ACD80238.e.2590","ELEMENT":"f.79CB9250C4973688A89FBF0EB0986102.d.400EFD1F9AF0380470579829ACD80238.e.2590"}]}
COMMAND: GET /session/c1c20cc70f6d9ef30ac844aa04f1cdf8/screenshot - {}
RESULT: {}
RESULT: {}
RESULT: undefined
COMMAND: POST /session/c1c20cc70f6d9ef30ac844aa04f1cdf8/execute/async - {"script":"<script> [776 bytes]","args":[{"enterText":"1337","selector":{"id":"application-managepartners-display-component---masterPtm--smartFilterBar-btnBasicSearch","interaction":{"idSuffix":"I"}},"clearTextFirst":true,"interactionType":"ENTER_TEXT"}]}
RESULT: {"script":"<script> [776 bytes]","args":[{"enterText":"1337","selector":{"id":"application-managepartners-display-component---masterPtm--smartFilterBar-btnBasicSearch","interaction":{"idSuffix":"I"}},"clearTextFirst":true,"interactionType":"ENTER_TEXT"}]}
COMMAND: POST /session/c1c20cc70f6d9ef30ac844aa04f1cdf8/actions - {"actions":[{"id":"action6","type":"key","parameters":{},"actions":[{"type":"keyDown","value":"î€‡"},{"type":"pause","duration":10},{"type":"keyUp","value":"î€‡"}]}]}
RESULT: {"actions":[{"id":"action6","type":"key","parameters":{},"actions":[{"type":"keyDown","value":"î€‡"},{"type":"pause","duration":10},{"type":"keyUp","value":"î€‡"}]}]}
COMMAND: GET /session/c1c20cc70f6d9ef30ac844aa04f1cdf8/screenshot - {}
RESULT: {}
COMMAND: POST /session/c1c20cc70f6d9ef30ac844aa04f1cdf8/elements - {"using":"xpath","value":"//table[contains(@id, \"customPartnersTable-listUl\")]/tbody/tr"}
RESULT: {"using":"xpath","value":"//table[contains(@id, \"customPartnersTable-listUl\")]/tbody/tr"}
COMMAND: POST /session/c1c20cc70f6d9ef30ac844aa04f1cdf8/element - {"using":"xpath","value":"//table[contains(@id, \"customPartnersTable-listUl\")]/tbody/tr[1]/td[3]/span"}
RESULT: {"using":"xpath","value":"//table[contains(@id, \"customPartnersTable-listUl\")]/tbody/tr[1]/td[3]/span"}
COMMAND: POST /session/c1c20cc70f6d9ef30ac844aa04f1cdf8/elements - {"using":"xpath","value":"//table[contains(@id, \"customPartnersTable-listUl\")]/tbody/tr[1]/td[3]/span"}
RESULT: {"using":"xpath","value":"//table[contains(@id, \"customPartnersTable-listUl\")]/tbody/tr[1]/td[3]/span"}
COMMAND: POST /session/c1c20cc70f6d9ef30ac844aa04f1cdf8/execute/sync - {"script":"<script> [56 bytes]","args":[{"element-6066-11e4-a52e-4f735466cecf":"f.79CB9250C4973688A89FBF0EB0986102.d.400EFD1F9AF0380470579829ACD80238.e.2726","ELEMENT":"f.79CB9250C4973688A89FBF0EB0986102.d.400EFD1F9AF0380470579829ACD80238.e.2726"}]}
RESULT: {"script":"<script> [56 bytes]","args":[{"element-6066-11e4-a52e-4f735466cecf":"f.79CB9250C4973688A89FBF0EB0986102.d.400EFD1F9AF0380470579829ACD80238.e.2726","ELEMENT":"f.79CB9250C4973688A89FBF0EB0986102.d.400EFD1F9AF0380470579829ACD80238.e.2726"}]}
COMMAND: POST /session/c1c20cc70f6d9ef30ac844aa04f1cdf8/element - {"using":"xpath","value":"(//span[contains(@id, \"imgNav\")])[1]"}
COMMAND: GET /session/c1c20cc70f6d9ef30ac844aa04f1cdf8/screenshot - {}
RESULT: {"using":"xpath","value":"(//span[contains(@id, \"imgNav\")])[1]"}
COMMAND: POST /session/c1c20cc70f6d9ef30ac844aa04f1cdf8/element/f.79CB9250C4973688A89FBF0EB0986102.d.400EFD1F9AF0380470579829ACD80238.e.2724/click - {}
RESULT: {}
RESULT: {}
COMMAND: GET /session/c1c20cc70f6d9ef30ac844aa04f1cdf8/screenshot - {}
RESULT: {}
COMMAND: POST /session/c1c20cc70f6d9ef30ac844aa04f1cdf8/element - {"using":"xpath","value":"//bdi[contains(text(), \"Edit\")]"}
RESULT: {"using":"xpath","value":"//bdi[contains(text(), \"Edit\")]"}
COMMAND: POST /session/c1c20cc70f6d9ef30ac844aa04f1cdf8/element/f.79CB9250C4973688A89FBF0EB0986102.d.400EFD1F9AF0380470579829ACD80238.e.2863/click - {}
RESULT: {}
COMMAND: GET /session/c1c20cc70f6d9ef30ac844aa04f1cdf8/screenshot - {}
RESULT: {}
COMMAND: POST /session/c1c20cc70f6d9ef30ac844aa04f1cdf8/execute/async - {"script":"<script> [1562 bytes]","args":[{"selector":{"controlType":"sap.m.Input","viewName":"etm.portal.ui.managepartners.view.EditDetail","labelFor":{"text":"Name"},"interaction":{"idSuffix":"inner"}},"wdio_ui5_key":"etmportal.ui.managepartners.view.EditDetailsap.m.Input{\"text\":\"Name\"}"}]}
RESULT: {"script":"<script> [1562 bytes]","args":[{"selector":{"controlType":"sap.m.Input","viewName":"etm.portal.ui.managepartners.view.EditDetail","labelFor":{"text":"Name"},"interaction":{"idSuffix":"inner"}},"wdio_ui5_key":"etmportal.ui.managepartners.view.EditDetailsap.m.Input{\"text\":\"Name\"}"}]}
RESULT: undefined
COMMAND: POST /session/c1c20cc70f6d9ef30ac844aa04f1cdf8/execute/async - {"script":"<script> [776 bytes]","args":[{"enterText":"External EDIT","selector":{"controlType":"sap.m.Input","viewName":"etm.portal.ui.managepartners.view.EditDetail","labelFor":{"text":"Name"},"interaction":{"idSuffix":"inner"}},"clearTextFirst":true,"interactionType":"ENTER_TEXT"}]}
RESULT: {"script":"<script> [776 bytes]","args":[{"enterText":"External EDIT","selector":{"controlType":"sap.m.Input","viewName":"etm.portal.ui.managepartners.view.EditDetail","labelFor":{"text":"Name"},"interaction":{"idSuffix":"inner"}},"clearTextFirst":true,"interactionType":"ENTER_TEXT"}]}
COMMAND: POST /session/c1c20cc70f6d9ef30ac844aa04f1cdf8/element - {"using":"xpath","value":"(//span[contains(@id,\"addressDetailDetailsLanguage-arrow\")])[1]"}
RESULT: {"using":"xpath","value":"(//span[contains(@id,\"addressDetailDetailsLanguage-arrow\")])[1]"}
COMMAND: POST /session/c1c20cc70f6d9ef30ac844aa04f1cdf8/element/f.79CB9250C4973688A89FBF0EB0986102.d.400EFD1F9AF0380470579829ACD80238.e.2940/click - {}
RESULT: {}
COMMAND: POST /session/c1c20cc70f6d9ef30ac844aa04f1cdf8/element - {"using":"xpath","value":"//span[contains(text(), \"Chinese\")]"}
COMMAND: GET /session/c1c20cc70f6d9ef30ac844aa04f1cdf8/screenshot - {}
RESULT: {"using":"xpath","value":"//span[contains(text(), \"Chinese\")]"}
COMMAND: POST /session/c1c20cc70f6d9ef30ac844aa04f1cdf8/element/f.79CB9250C4973688A89FBF0EB0986102.d.400EFD1F9AF0380470579829ACD80238.e.2941/click - {}
RESULT: {}
RESULT: {}
COMMAND: GET /session/c1c20cc70f6d9ef30ac844aa04f1cdf8/screenshot - {}
RESULT: {}
COMMAND: POST /session/c1c20cc70f6d9ef30ac844aa04f1cdf8/execute/async - {"script":"<script> [1562 bytes]","args":[{"selector":{"controlType":"sap.m.Input","viewName":"etm.portal.ui.managepartners.view.EditDetail","labelFor":{"text":"City"},"interaction":{"idSuffix":"inner"}},"wdio_ui5_key":"etmportal.ui.managepartners.view.EditDetailsap.m.Input{\"text\":\"City\"}"}]}
RESULT: {"script":"<script> [1562 bytes]","args":[{"selector":{"controlType":"sap.m.Input","viewName":"etm.portal.ui.managepartners.view.EditDetail","labelFor":{"text":"City"},"interaction":{"idSuffix":"inner"}},"wdio_ui5_key":"etmportal.ui.managepartners.view.EditDetailsap.m.Input{\"text\":\"City\"}"}]}
RESULT: undefined
COMMAND: POST /session/c1c20cc70f6d9ef30ac844aa04f1cdf8/execute/async - {"script":"<script> [776 bytes]","args":[{"enterText":"Clooj-Napoca","selector":{"controlType":"sap.m.Input","viewName":"etm.portal.ui.managepartners.view.EditDetail","labelFor":{"text":"City"},"interaction":{"idSuffix":"inner"}},"clearTextFirst":true,"interactionType":"ENTER_TEXT"}]}
RESULT: {"script":"<script> [776 bytes]","args":[{"enterText":"Clooj-Napoca","selector":{"controlType":"sap.m.Input","viewName":"etm.portal.ui.managepartners.view.EditDetail","labelFor":{"text":"City"},"interaction":{"idSuffix":"inner"}},"clearTextFirst":true,"interactionType":"ENTER_TEXT"}]}
COMMAND: POST /session/c1c20cc70f6d9ef30ac844aa04f1cdf8/element - {"using":"xpath","value":"//button[@data-kt=\"saveButton\"]"}
RESULT: {"using":"xpath","value":"//button[@data-kt=\"saveButton\"]"}
COMMAND: POST /session/c1c20cc70f6d9ef30ac844aa04f1cdf8/element/f.79CB9250C4973688A89FBF0EB0986102.d.400EFD1F9AF0380470579829ACD80238.e.2923/click - {}
RESULT: {}
COMMAND: GET /session/c1c20cc70f6d9ef30ac844aa04f1cdf8/screenshot - {}
RESULT: {}
COMMAND: POST /session/c1c20cc70f6d9ef30ac844aa04f1cdf8/execute/async - {"script":"<script> [1562 bytes]","args":[{"selector":{"id":"application-managepartners-display-component---detailPtm--addressDetailDetailsName1"},"wdio_ui5_key":"applicationmanagepartners-display-component---detailPtm--addressDetailDetailsName1"}]}
RESULT: {"script":"<script> [1562 bytes]","args":[{"selector":{"id":"application-managepartners-display-component---detailPtm--addressDetailDetailsName1"},"wdio_ui5_key":"applicationmanagepartners-display-component---detailPtm--addressDetailDetailsName1"}]}
RESULT: undefined
COMMAND: POST /session/c1c20cc70f6d9ef30ac844aa04f1cdf8/execute/async - {"script":"<script> [6424 bytes]","args":[{"element-6066-11e4-a52e-4f735466cecf":"f.79CB9250C4973688A89FBF0EB0986102.d.400EFD1F9AF0380470579829ACD80238.e.2972"},"getValue",[]]}
RESULT: {"script":"<script> [6424 bytes]","args":[{"element-6066-11e4-a52e-4f735466cecf":"f.79CB9250C4973688A89FBF0EB0986102.d.400EFD1F9AF0380470579829ACD80238.e.2972"},"getValue",[]]}
COMMAND: POST /session/c1c20cc70f6d9ef30ac844aa04f1cdf8/element - {"using":"xpath","value":"//input[@id = \"application-managepartners-display-component---detailPtm--addressDetailDetailsLanguage-inner\"]"}
RESULT: {"using":"xpath","value":"//input[@id = \"application-managepartners-display-component---detailPtm--addressDetailDetailsLanguage-inner\"]"}
COMMAND: GET /session/c1c20cc70f6d9ef30ac844aa04f1cdf8/element/f.79CB9250C4973688A89FBF0EB0986102.d.400EFD1F9AF0380470579829ACD80238.e.2973/property/value - {}
RESULT: {}
COMMAND: POST /session/c1c20cc70f6d9ef30ac844aa04f1cdf8/execute/async - {"script":"<script> [1562 bytes]","args":[{"selector":{"id":"application-managepartners-display-component---detailPtm--addressDetailDetailsCity1"},"wdio_ui5_key":"applicationmanagepartners-display-component---detailPtm--addressDetailDetailsCity1"}]}
COMMAND: GET /session/c1c20cc70f6d9ef30ac844aa04f1cdf8/screenshot - {}
RESULT: {"script":"<script> [1562 bytes]","args":[{"selector":{"id":"application-managepartners-display-component---detailPtm--addressDetailDetailsCity1"},"wdio_ui5_key":"applicationmanagepartners-display-component---detailPtm--addressDetailDetailsCity1"}]}
RESULT: undefined
COMMAND: POST /session/c1c20cc70f6d9ef30ac844aa04f1cdf8/execute/async - {"script":"<script> [6424 bytes]","args":[{"element-6066-11e4-a52e-4f735466cecf":"f.79CB9250C4973688A89FBF0EB0986102.d.400EFD1F9AF0380470579829ACD80238.e.2974"},"getValue",[]]}
RESULT: {}
RESULT: {"script":"<script> [6424 bytes]","args":[{"element-6066-11e4-a52e-4f735466cecf":"f.79CB9250C4973688A89FBF0EB0986102.d.400EFD1F9AF0380470579829ACD80238.e.2974"},"getValue",[]]}
COMMAND: POST /session/c1c20cc70f6d9ef30ac844aa04f1cdf8/element - {"using":"css selector","value":"#shell-header-logo"}
RESULT: {"using":"css selector","value":"#shell-header-logo"}
COMMAND: POST /session/c1c20cc70f6d9ef30ac844aa04f1cdf8/element/f.79CB9250C4973688A89FBF0EB0986102.d.400EFD1F9AF0380470579829ACD80238.e.2545/click - {}
RESULT: {}
COMMAND: GET /session/c1c20cc70f6d9ef30ac844aa04f1cdf8/screenshot - {}
RESULT: {}
]]></system-out>
    </testcase>
    <testcase classname="chrome.136_0_7103_93.windows.Partner_specific_tests_US150819_US151080_US151654_US151176_US103444_US151078_US151079_US151109_US151174_US151175_US151189" name="Should create a new intercompany partner edit some of its fields US151078" time="276.332">
      <system-out><![CDATA[
COMMAND: POST /session/c1c20cc70f6d9ef30ac844aa04f1cdf8/element - {"using":"xpath","value":"//li[.//span[text()=\"Manage Partners\"]]"}
RESULT: {"using":"xpath","value":"//li[.//span[text()=\"Manage Partners\"]]"}
COMMAND: POST /session/c1c20cc70f6d9ef30ac844aa04f1cdf8/element - {"using":"xpath","value":"//li[.//span[text()=\"Manage Partners\"]]"}
RESULT: {"using":"xpath","value":"//li[.//span[text()=\"Manage Partners\"]]"}
COMMAND: POST /session/c1c20cc70f6d9ef30ac844aa04f1cdf8/element - {"using":"css selector","value":"#shell-header-logo"}
RESULT: {"using":"css selector","value":"#shell-header-logo"}
COMMAND: POST /session/c1c20cc70f6d9ef30ac844aa04f1cdf8/element/f.79CB9250C4973688A89FBF0EB0986102.d.400EFD1F9AF0380470579829ACD80238.e.3005/click - {}
COMMAND: POST /session/c1c20cc70f6d9ef30ac844aa04f1cdf8/execute/sync - {"script":"<script> [8489 bytes]","args":[{"element-6066-11e4-a52e-4f735466cecf":"f.79CB9250C4973688A89FBF0EB0986102.d.400EFD1F9AF0380470579829ACD80238.e.3005","ELEMENT":"f.79CB9250C4973688A89FBF0EB0986102.d.400EFD1F9AF0380470579829ACD80238.e.3005"}]}
RESULT: {"script":"<script> [8489 bytes]","args":[{"element-6066-11e4-a52e-4f735466cecf":"f.79CB9250C4973688A89FBF0EB0986102.d.400EFD1F9AF0380470579829ACD80238.e.3005","ELEMENT":"f.79CB9250C4973688A89FBF0EB0986102.d.400EFD1F9AF0380470579829ACD80238.e.3005"}]}
COMMAND: POST /session/c1c20cc70f6d9ef30ac844aa04f1cdf8/execute/sync - {"script":"<script> [5351 bytes]","args":[{"element-6066-11e4-a52e-4f735466cecf":"f.79CB9250C4973688A89FBF0EB0986102.d.400EFD1F9AF0380470579829ACD80238.e.3005","ELEMENT":"f.79CB9250C4973688A89FBF0EB0986102.d.400EFD1F9AF0380470579829ACD80238.e.3005"}]}
COMMAND: GET /session/c1c20cc70f6d9ef30ac844aa04f1cdf8/screenshot - {}
RESULT: {}
COMMAND: GET /session/c1c20cc70f6d9ef30ac844aa04f1cdf8/screenshot - {}
RESULT: {"script":"<script> [5351 bytes]","args":[{"element-6066-11e4-a52e-4f735466cecf":"f.79CB9250C4973688A89FBF0EB0986102.d.400EFD1F9AF0380470579829ACD80238.e.3005","ELEMENT":"f.79CB9250C4973688A89FBF0EB0986102.d.400EFD1F9AF0380470579829ACD80238.e.3005"}]}
COMMAND: GET /session/c1c20cc70f6d9ef30ac844aa04f1cdf8/screenshot - {}
RESULT: {}
RESULT: {}
RESULT: {}
COMMAND: POST /session/c1c20cc70f6d9ef30ac844aa04f1cdf8/refresh - {}
RESULT: {}
COMMAND: GET /session/c1c20cc70f6d9ef30ac844aa04f1cdf8/screenshot - {}
RESULT: {}
COMMAND: POST /session/c1c20cc70f6d9ef30ac844aa04f1cdf8/refresh - {}
RESULT: {}
COMMAND: GET /session/c1c20cc70f6d9ef30ac844aa04f1cdf8/screenshot - {}
RESULT: {}
COMMAND: POST /session/c1c20cc70f6d9ef30ac844aa04f1cdf8/window/fullscreen - {}
RESULT: {}
COMMAND: POST /session/c1c20cc70f6d9ef30ac844aa04f1cdf8/execute/async - {"script":"<script> [189 bytes]","args":[]}
RESULT: {"script":"<script> [189 bytes]","args":[]}
COMMAND: POST /session/c1c20cc70f6d9ef30ac844aa04f1cdf8/execute/async - {"script":"<script> [123 bytes]","args":[]}
RESULT: {"script":"<script> [123 bytes]","args":[]}
COMMAND: POST /session/c1c20cc70f6d9ef30ac844aa04f1cdf8/timeouts - {"script":"<number>"}
RESULT: {"script":"<number>"}
COMMAND: GET /session/c1c20cc70f6d9ef30ac844aa04f1cdf8/timeouts - {}
RESULT: {}
RESULT: undefined
COMMAND: POST /session/c1c20cc70f6d9ef30ac844aa04f1cdf8/execute/async - {"script":"<script> [2676 bytes]","args":[]}
RESULT: {"script":"<script> [2676 bytes]","args":[]}
COMMAND: POST /session/c1c20cc70f6d9ef30ac844aa04f1cdf8/execute/async - {"script":"<script> [2342 bytes]","args":[{"protocol":"http","hostname":"0.0.0.0","path":"/","capabilities":{"browserName":"chrome","goog:chromeOptions":{"binary":"C:\\Program Files\\Google\\Chrome\\Application\\chrome.exe","args":["--start-maximized"]}},"logLevel":"warn","connectionRetryTimeout":120000,"connectionRetryCount":3,"logLevels":{},"enableDirectConnect":true,"strictSSL":true,"_":"65 more keys: [\"cacheDir\",\"port\",\"requestedCapabilities\",\"automationProtocol\",\"baseUrl\",\"waitforInterval\",\"waitforTimeout\",\"onReload\",\"beforeCommand\",\"afterCommand\",\"rootDir\",\"specs\",\"suites\",\"exclude\",\"groupLogsByTestSpec\",\"excludeDriverLogs\",\"bail\",\"framework\",\"reporters\",\"services\",\"maxInstances\",\"maxInstancesPerCapability\",\"injectGlobals\",\"filesToWatch\",\"execArgv\",\"runnerEnv\",\"runner\",\"shard\",\"specFileRetries\",\"specFileRetriesDelay\",\"specFileRetriesDeferred\",\"reporterSyncInterval\",\"reporterSyncTimeout\",\"cucumberFeaturesWithLineNumbers\",\"autoCompileOpts\",\"mochaOpts\",\"jasmineOpts\",\"cucumberOpts\",\"onPrepare\",\"onWorkerStart\",\"onWorkerEnd\",\"before\",\"beforeSession\",\"beforeSuite\",\"beforeHook\",\"beforeTest\",\"afterTest\",\"afterHook\",\"afterSuite\",\"afterSession\",\"after\",\"onComplete\",\"beforeAssertion\",\"afterAssertion\",\"beforeFeature\",\"beforeScenario\",\"beforeStep\",\"afterStep\",\"afterScenario\",\"afterFeature\",\"_\",\"suite\",\"$0\",\"ignoredWorkerServices\",\"wdi5\"]"}]}
RESULT: {"script":"<script> [2342 bytes]","args":[{"protocol":"http","hostname":"0.0.0.0","path":"/","capabilities":{"browserName":"chrome","goog:chromeOptions":{"binary":"C:\\Program Files\\Google\\Chrome\\Application\\chrome.exe","args":["--start-maximized"]}},"logLevel":"warn","connectionRetryTimeout":120000,"connectionRetryCount":3,"logLevels":{},"enableDirectConnect":true,"strictSSL":true,"_":"65 more keys: [\"cacheDir\",\"port\",\"requestedCapabilities\",\"automationProtocol\",\"baseUrl\",\"waitforInterval\",\"waitforTimeout\",\"onReload\",\"beforeCommand\",\"afterCommand\",\"rootDir\",\"specs\",\"suites\",\"exclude\",\"groupLogsByTestSpec\",\"excludeDriverLogs\",\"bail\",\"framework\",\"reporters\",\"services\",\"maxInstances\",\"maxInstancesPerCapability\",\"injectGlobals\",\"filesToWatch\",\"execArgv\",\"runnerEnv\",\"runner\",\"shard\",\"specFileRetries\",\"specFileRetriesDelay\",\"specFileRetriesDeferred\",\"reporterSyncInterval\",\"reporterSyncTimeout\",\"cucumberFeaturesWithLineNumbers\",\"autoCompileOpts\",\"mochaOpts\",\"jasmineOpts\",\"cucumberOpts\",\"onPrepare\",\"onWorkerStart\",\"onWorkerEnd\",\"before\",\"beforeSession\",\"beforeSuite\",\"beforeHook\",\"beforeTest\",\"afterTest\",\"afterHook\",\"afterSuite\",\"afterSession\",\"after\",\"onComplete\",\"beforeAssertion\",\"afterAssertion\",\"beforeFeature\",\"beforeScenario\",\"beforeStep\",\"afterStep\",\"afterScenario\",\"afterFeature\",\"_\",\"suite\",\"$0\",\"ignoredWorkerServices\",\"wdi5\"]"}]}
COMMAND: POST /session/c1c20cc70f6d9ef30ac844aa04f1cdf8/execute/async - {"script":"<script> [21126 bytes]","args":[35000]}
RESULT: {"script":"<script> [21126 bytes]","args":[35000]}
COMMAND: POST /session/c1c20cc70f6d9ef30ac844aa04f1cdf8/window/fullscreen - {}
RESULT: {}
COMMAND: POST /session/c1c20cc70f6d9ef30ac844aa04f1cdf8/window/fullscreen - {}
RESULT: {}
COMMAND: POST /session/c1c20cc70f6d9ef30ac844aa04f1cdf8/execute/async - {"script":"<script> [1562 bytes]","args":[{"selector":{"controlType":"sap.m.GenericTile","properties":{"header":"Manage Partners"}},"wdio_ui5_key":"sapm.GenericTile{\"header\":\"Manage Partners\"}"}]}
RESULT: {"script":"<script> [1562 bytes]","args":[{"selector":{"controlType":"sap.m.GenericTile","properties":{"header":"Manage Partners"}},"wdio_ui5_key":"sapm.GenericTile{\"header\":\"Manage Partners\"}"}]}
RESULT: undefined
COMMAND: POST /session/c1c20cc70f6d9ef30ac844aa04f1cdf8/element - {"using":"xpath","value":"//*[@id=\"__tile30\"]"}
RESULT: {"using":"xpath","value":"//*[@id=\"__tile30\"]"}
COMMAND: POST /session/c1c20cc70f6d9ef30ac844aa04f1cdf8/element/f.79CB9250C4973688A89FBF0EB0986102.d.D79EAEE65B2DB06FCB67721397273646.e.3068/click - {}
RESULT: {}
COMMAND: GET /session/c1c20cc70f6d9ef30ac844aa04f1cdf8/screenshot - {}
RESULT: {}
COMMAND: POST /session/c1c20cc70f6d9ef30ac844aa04f1cdf8/elements - {"using":"xpath","value":"//span[text()='Error']"}
RESULT: {"using":"xpath","value":"//span[text()='Error']"}
COMMAND: POST /session/c1c20cc70f6d9ef30ac844aa04f1cdf8/element - {"using":"xpath","value":"//button[@data-kt=\"addButton\"]"}
RESULT: {"using":"xpath","value":"//button[@data-kt=\"addButton\"]"}
COMMAND: POST /session/c1c20cc70f6d9ef30ac844aa04f1cdf8/elements - {"using":"xpath","value":"//button[@data-kt=\"addButton\"]"}
RESULT: {"using":"xpath","value":"//button[@data-kt=\"addButton\"]"}
COMMAND: POST /session/c1c20cc70f6d9ef30ac844aa04f1cdf8/elements - {"using":"xpath","value":"//button[@data-kt=\"addButton\"]"}
RESULT: {"using":"xpath","value":"//button[@data-kt=\"addButton\"]"}
COMMAND: POST /session/c1c20cc70f6d9ef30ac844aa04f1cdf8/elements - {"using":"xpath","value":"//button[@data-kt=\"addButton\"]"}
RESULT: {"using":"xpath","value":"//button[@data-kt=\"addButton\"]"}
COMMAND: POST /session/c1c20cc70f6d9ef30ac844aa04f1cdf8/elements - {"using":"xpath","value":"//button[@data-kt=\"addButton\"]"}
RESULT: {"using":"xpath","value":"//button[@data-kt=\"addButton\"]"}
COMMAND: POST /session/c1c20cc70f6d9ef30ac844aa04f1cdf8/elements - {"using":"xpath","value":"//button[@data-kt=\"addButton\"]"}
RESULT: {"using":"xpath","value":"//button[@data-kt=\"addButton\"]"}
COMMAND: POST /session/c1c20cc70f6d9ef30ac844aa04f1cdf8/elements - {"using":"xpath","value":"//button[@data-kt=\"addButton\"]"}
RESULT: {"using":"xpath","value":"//button[@data-kt=\"addButton\"]"}
COMMAND: POST /session/c1c20cc70f6d9ef30ac844aa04f1cdf8/elements - {"using":"xpath","value":"//button[@data-kt=\"addButton\"]"}
RESULT: {"using":"xpath","value":"//button[@data-kt=\"addButton\"]"}
COMMAND: POST /session/c1c20cc70f6d9ef30ac844aa04f1cdf8/elements - {"using":"xpath","value":"//button[@data-kt=\"addButton\"]"}
RESULT: {"using":"xpath","value":"//button[@data-kt=\"addButton\"]"}
COMMAND: POST /session/c1c20cc70f6d9ef30ac844aa04f1cdf8/element - {"using":"xpath","value":"//button[@data-kt=\"addButton\"]"}
RESULT: {"using":"xpath","value":"//button[@data-kt=\"addButton\"]"}
COMMAND: POST /session/c1c20cc70f6d9ef30ac844aa04f1cdf8/execute/sync - {"script":"<script> [8489 bytes]","args":[{"element-6066-11e4-a52e-4f735466cecf":"f.79CB9250C4973688A89FBF0EB0986102.d.D79EAEE65B2DB06FCB67721397273646.e.3195","ELEMENT":"f.79CB9250C4973688A89FBF0EB0986102.d.D79EAEE65B2DB06FCB67721397273646.e.3195"}]}
RESULT: {"script":"<script> [8489 bytes]","args":[{"element-6066-11e4-a52e-4f735466cecf":"f.79CB9250C4973688A89FBF0EB0986102.d.D79EAEE65B2DB06FCB67721397273646.e.3195","ELEMENT":"f.79CB9250C4973688A89FBF0EB0986102.d.D79EAEE65B2DB06FCB67721397273646.e.3195"}]}
COMMAND: GET /session/c1c20cc70f6d9ef30ac844aa04f1cdf8/element/f.79CB9250C4973688A89FBF0EB0986102.d.D79EAEE65B2DB06FCB67721397273646.e.3195/enabled - {}
COMMAND: GET /session/c1c20cc70f6d9ef30ac844aa04f1cdf8/screenshot - {}
RESULT: {}
COMMAND: POST /session/c1c20cc70f6d9ef30ac844aa04f1cdf8/execute/sync - {"script":"<script> [8489 bytes]","args":[{"element-6066-11e4-a52e-4f735466cecf":"f.79CB9250C4973688A89FBF0EB0986102.d.D79EAEE65B2DB06FCB67721397273646.e.3195","ELEMENT":"f.79CB9250C4973688A89FBF0EB0986102.d.D79EAEE65B2DB06FCB67721397273646.e.3195"}]}
COMMAND: GET /session/c1c20cc70f6d9ef30ac844aa04f1cdf8/screenshot - {}
RESULT: {}
RESULT: {"script":"<script> [8489 bytes]","args":[{"element-6066-11e4-a52e-4f735466cecf":"f.79CB9250C4973688A89FBF0EB0986102.d.D79EAEE65B2DB06FCB67721397273646.e.3195","ELEMENT":"f.79CB9250C4973688A89FBF0EB0986102.d.D79EAEE65B2DB06FCB67721397273646.e.3195"}]}
COMMAND: POST /session/c1c20cc70f6d9ef30ac844aa04f1cdf8/execute/sync - {"script":"<script> [5351 bytes]","args":[{"element-6066-11e4-a52e-4f735466cecf":"f.79CB9250C4973688A89FBF0EB0986102.d.D79EAEE65B2DB06FCB67721397273646.e.3195","ELEMENT":"f.79CB9250C4973688A89FBF0EB0986102.d.D79EAEE65B2DB06FCB67721397273646.e.3195"}]}
COMMAND: GET /session/c1c20cc70f6d9ef30ac844aa04f1cdf8/screenshot - {}
RESULT: {}
RESULT: {"script":"<script> [5351 bytes]","args":[{"element-6066-11e4-a52e-4f735466cecf":"f.79CB9250C4973688A89FBF0EB0986102.d.D79EAEE65B2DB06FCB67721397273646.e.3195","ELEMENT":"f.79CB9250C4973688A89FBF0EB0986102.d.D79EAEE65B2DB06FCB67721397273646.e.3195"}]}
COMMAND: POST /session/c1c20cc70f6d9ef30ac844aa04f1cdf8/element/f.79CB9250C4973688A89FBF0EB0986102.d.D79EAEE65B2DB06FCB67721397273646.e.3195/click - {}
COMMAND: GET /session/c1c20cc70f6d9ef30ac844aa04f1cdf8/screenshot - {}
RESULT: {}
RESULT: {}
RESULT: {}
COMMAND: GET /session/c1c20cc70f6d9ef30ac844aa04f1cdf8/screenshot - {}
COMMAND: POST /session/c1c20cc70f6d9ef30ac844aa04f1cdf8/execute/async - {"script":"<script> [1562 bytes]","args":[{"selector":{"id":"application-managepartners-display-component---NewPartner--addressDetailDetailsName1","interaction":{"idSuffix":"inner"}},"wdio_ui5_key":"applicationmanagepartners-display-component---NewPartner--addressDetailDetailsName1"}]}
RESULT: {}
RESULT: {"script":"<script> [1562 bytes]","args":[{"selector":{"id":"application-managepartners-display-component---NewPartner--addressDetailDetailsName1","interaction":{"idSuffix":"inner"}},"wdio_ui5_key":"applicationmanagepartners-display-component---NewPartner--addressDetailDetailsName1"}]}
RESULT: undefined
COMMAND: POST /session/c1c20cc70f6d9ef30ac844aa04f1cdf8/execute/async - {"script":"<script> [776 bytes]","args":[{"enterText":"Intercompany Partner WDIO","selector":{"id":"application-managepartners-display-component---NewPartner--addressDetailDetailsName1","interaction":{"idSuffix":"inner"}},"clearTextFirst":true,"interactionType":"ENTER_TEXT"}]}
RESULT: {"script":"<script> [776 bytes]","args":[{"enterText":"Intercompany Partner WDIO","selector":{"id":"application-managepartners-display-component---NewPartner--addressDetailDetailsName1","interaction":{"idSuffix":"inner"}},"clearTextFirst":true,"interactionType":"ENTER_TEXT"}]}
COMMAND: POST /session/c1c20cc70f6d9ef30ac844aa04f1cdf8/execute/async - {"script":"<script> [1562 bytes]","args":[{"selector":{"id":"application-managepartners-display-component---NewPartner--addressDetailDetailsLanguage-arrow"},"wdio_ui5_key":"applicationmanagepartners-display-component---NewPartner--addressDetailDetailsLanguage-arrow"}]}
RESULT: {"script":"<script> [1562 bytes]","args":[{"selector":{"id":"application-managepartners-display-component---NewPartner--addressDetailDetailsLanguage-arrow"},"wdio_ui5_key":"applicationmanagepartners-display-component---NewPartner--addressDetailDetailsLanguage-arrow"}]}
RESULT: undefined
COMMAND: POST /session/c1c20cc70f6d9ef30ac844aa04f1cdf8/element - {"using":"xpath","value":"//*[@id=\"application-managepartners-display-component---NewPartner--addressDetailDetailsLanguage-arrow\"]"}
RESULT: {"using":"xpath","value":"//*[@id=\"application-managepartners-display-component---NewPartner--addressDetailDetailsLanguage-arrow\"]"}
COMMAND: POST /session/c1c20cc70f6d9ef30ac844aa04f1cdf8/element/f.79CB9250C4973688A89FBF0EB0986102.d.D79EAEE65B2DB06FCB67721397273646.e.3607/click - {}
RESULT: {}
COMMAND: POST /session/c1c20cc70f6d9ef30ac844aa04f1cdf8/element - {"using":"xpath","value":"//span[contains(text(), \"English\")]"}
COMMAND: GET /session/c1c20cc70f6d9ef30ac844aa04f1cdf8/screenshot - {}
RESULT: {"using":"xpath","value":"//span[contains(text(), \"English\")]"}
COMMAND: POST /session/c1c20cc70f6d9ef30ac844aa04f1cdf8/element/f.79CB9250C4973688A89FBF0EB0986102.d.D79EAEE65B2DB06FCB67721397273646.e.3608/click - {}
RESULT: {}
RESULT: {}
COMMAND: GET /session/c1c20cc70f6d9ef30ac844aa04f1cdf8/screenshot - {}
RESULT: {}
COMMAND: POST /session/c1c20cc70f6d9ef30ac844aa04f1cdf8/execute/async - {"script":"<script> [1562 bytes]","args":[{"selector":{"id":"application-managepartners-display-component---NewPartner--addressDetailDetailsCity1","interaction":{"idSuffix":"inner"}},"wdio_ui5_key":"applicationmanagepartners-display-component---NewPartner--addressDetailDetailsCity1"}]}
RESULT: {"script":"<script> [1562 bytes]","args":[{"selector":{"id":"application-managepartners-display-component---NewPartner--addressDetailDetailsCity1","interaction":{"idSuffix":"inner"}},"wdio_ui5_key":"applicationmanagepartners-display-component---NewPartner--addressDetailDetailsCity1"}]}
RESULT: undefined
COMMAND: POST /session/c1c20cc70f6d9ef30ac844aa04f1cdf8/execute/async - {"script":"<script> [776 bytes]","args":[{"enterText":"Rosario","selector":{"id":"application-managepartners-display-component---NewPartner--addressDetailDetailsCity1","interaction":{"idSuffix":"inner"}},"clearTextFirst":true,"interactionType":"ENTER_TEXT"}]}
RESULT: {"script":"<script> [776 bytes]","args":[{"enterText":"Rosario","selector":{"id":"application-managepartners-display-component---NewPartner--addressDetailDetailsCity1","interaction":{"idSuffix":"inner"}},"clearTextFirst":true,"interactionType":"ENTER_TEXT"}]}
COMMAND: POST /session/c1c20cc70f6d9ef30ac844aa04f1cdf8/execute/async - {"script":"<script> [1562 bytes]","args":[{"selector":{"id":"application-managepartners-display-component---NewPartner--addressDetailDetailsCountry-arrow"},"wdio_ui5_key":"applicationmanagepartners-display-component---NewPartner--addressDetailDetailsCountry-arrow"}]}
RESULT: {"script":"<script> [1562 bytes]","args":[{"selector":{"id":"application-managepartners-display-component---NewPartner--addressDetailDetailsCountry-arrow"},"wdio_ui5_key":"applicationmanagepartners-display-component---NewPartner--addressDetailDetailsCountry-arrow"}]}
RESULT: undefined
COMMAND: POST /session/c1c20cc70f6d9ef30ac844aa04f1cdf8/element - {"using":"xpath","value":"//*[@id=\"application-managepartners-display-component---NewPartner--addressDetailDetailsCountry-arrow\"]"}
RESULT: {"using":"xpath","value":"//*[@id=\"application-managepartners-display-component---NewPartner--addressDetailDetailsCountry-arrow\"]"}
COMMAND: POST /session/c1c20cc70f6d9ef30ac844aa04f1cdf8/element/f.79CB9250C4973688A89FBF0EB0986102.d.D79EAEE65B2DB06FCB67721397273646.e.3558/click - {}
RESULT: {}
COMMAND: POST /session/c1c20cc70f6d9ef30ac844aa04f1cdf8/element - {"using":"xpath","value":"//span[contains(text(), \"Argentina\")]"}
COMMAND: GET /session/c1c20cc70f6d9ef30ac844aa04f1cdf8/screenshot - {}
RESULT: {"using":"xpath","value":"//span[contains(text(), \"Argentina\")]"}
COMMAND: POST /session/c1c20cc70f6d9ef30ac844aa04f1cdf8/element/f.79CB9250C4973688A89FBF0EB0986102.d.D79EAEE65B2DB06FCB67721397273646.e.3610/click - {}
RESULT: {}
RESULT: {}
COMMAND: GET /session/c1c20cc70f6d9ef30ac844aa04f1cdf8/screenshot - {}
RESULT: {}
COMMAND: POST /session/c1c20cc70f6d9ef30ac844aa04f1cdf8/element - {"using":"xpath","value":"//bdi[contains(text(), \"Commercial\")]"}
RESULT: {"using":"xpath","value":"//bdi[contains(text(), \"Commercial\")]"}
COMMAND: POST /session/c1c20cc70f6d9ef30ac844aa04f1cdf8/element/f.79CB9250C4973688A89FBF0EB0986102.d.D79EAEE65B2DB06FCB67721397273646.e.3611/click - {}
RESULT: {}
COMMAND: GET /session/c1c20cc70f6d9ef30ac844aa04f1cdf8/screenshot - {}
RESULT: {}
COMMAND: POST /session/c1c20cc70f6d9ef30ac844aa04f1cdf8/execute/async - {"script":"<script> [1562 bytes]","args":[{"selector":{"id":"application-managepartners-display-component---NewPartner--partnerDetailInternal-arrow"},"wdio_ui5_key":"applicationmanagepartners-display-component---NewPartner--partnerDetailInternal-arrow"}]}
RESULT: {"script":"<script> [1562 bytes]","args":[{"selector":{"id":"application-managepartners-display-component---NewPartner--partnerDetailInternal-arrow"},"wdio_ui5_key":"applicationmanagepartners-display-component---NewPartner--partnerDetailInternal-arrow"}]}
RESULT: undefined
COMMAND: POST /session/c1c20cc70f6d9ef30ac844aa04f1cdf8/element - {"using":"xpath","value":"//*[@id=\"application-managepartners-display-component---NewPartner--partnerDetailInternal-arrow\"]"}
RESULT: {"using":"xpath","value":"//*[@id=\"application-managepartners-display-component---NewPartner--partnerDetailInternal-arrow\"]"}
COMMAND: POST /session/c1c20cc70f6d9ef30ac844aa04f1cdf8/element/f.79CB9250C4973688A89FBF0EB0986102.d.D79EAEE65B2DB06FCB67721397273646.e.3617/click - {}
RESULT: {}
COMMAND: POST /session/c1c20cc70f6d9ef30ac844aa04f1cdf8/element - {"using":"xpath","value":"//span[contains(text(), \"Affiliated company\")]"}
COMMAND: GET /session/c1c20cc70f6d9ef30ac844aa04f1cdf8/screenshot - {}
RESULT: {"using":"xpath","value":"//span[contains(text(), \"Affiliated company\")]"}
COMMAND: POST /session/c1c20cc70f6d9ef30ac844aa04f1cdf8/element/f.79CB9250C4973688A89FBF0EB0986102.d.D79EAEE65B2DB06FCB67721397273646.e.3618/click - {}
RESULT: {}
RESULT: {}
COMMAND: POST /session/c1c20cc70f6d9ef30ac844aa04f1cdf8/execute/async - {"script":"<script> [1562 bytes]","args":[{"selector":{"id":"application-managepartners-display-component---NewPartner--partnerDetailsCurrency-arrow"},"wdio_ui5_key":"applicationmanagepartners-display-component---NewPartner--partnerDetailsCurrency-arrow"}]}
COMMAND: GET /session/c1c20cc70f6d9ef30ac844aa04f1cdf8/screenshot - {}
RESULT: {"script":"<script> [1562 bytes]","args":[{"selector":{"id":"application-managepartners-display-component---NewPartner--partnerDetailsCurrency-arrow"},"wdio_ui5_key":"applicationmanagepartners-display-component---NewPartner--partnerDetailsCurrency-arrow"}]}
RESULT: undefined
COMMAND: POST /session/c1c20cc70f6d9ef30ac844aa04f1cdf8/element - {"using":"xpath","value":"//*[@id=\"application-managepartners-display-component---NewPartner--partnerDetailsCurrency-arrow\"]"}
RESULT: {}
RESULT: {"using":"xpath","value":"//*[@id=\"application-managepartners-display-component---NewPartner--partnerDetailsCurrency-arrow\"]"}
COMMAND: POST /session/c1c20cc70f6d9ef30ac844aa04f1cdf8/element/f.79CB9250C4973688A89FBF0EB0986102.d.D79EAEE65B2DB06FCB67721397273646.e.3625/click - {}
RESULT: {}
COMMAND: POST /session/c1c20cc70f6d9ef30ac844aa04f1cdf8/element - {"using":"xpath","value":"//span[contains(text(), \"Euro\")]"}
COMMAND: GET /session/c1c20cc70f6d9ef30ac844aa04f1cdf8/screenshot - {}
RESULT: {"using":"xpath","value":"//span[contains(text(), \"Euro\")]"}
COMMAND: POST /session/c1c20cc70f6d9ef30ac844aa04f1cdf8/element/f.79CB9250C4973688A89FBF0EB0986102.d.D79EAEE65B2DB06FCB67721397273646.e.3626/click - {}
RESULT: {}
RESULT: {}
COMMAND: POST /session/c1c20cc70f6d9ef30ac844aa04f1cdf8/execute/async - {"script":"<script> [1562 bytes]","args":[{"selector":{"id":"application-managepartners-display-component---NewPartner--addressEditDetailsCostObjectCstType-arrow"},"wdio_ui5_key":"applicationmanagepartners-display-component---NewPartner--addressEditDetailsCostObjectCstType-arrow"}]}
COMMAND: GET /session/c1c20cc70f6d9ef30ac844aa04f1cdf8/screenshot - {}
RESULT: {"script":"<script> [1562 bytes]","args":[{"selector":{"id":"application-managepartners-display-component---NewPartner--addressEditDetailsCostObjectCstType-arrow"},"wdio_ui5_key":"applicationmanagepartners-display-component---NewPartner--addressEditDetailsCostObjectCstType-arrow"}]}
RESULT: undefined
COMMAND: POST /session/c1c20cc70f6d9ef30ac844aa04f1cdf8/element - {"using":"xpath","value":"//*[@id=\"application-managepartners-display-component---NewPartner--addressEditDetailsCostObjectCstType-arrow\"]"}
RESULT: {}
RESULT: {"using":"xpath","value":"//*[@id=\"application-managepartners-display-component---NewPartner--addressEditDetailsCostObjectCstType-arrow\"]"}
COMMAND: POST /session/c1c20cc70f6d9ef30ac844aa04f1cdf8/element/f.79CB9250C4973688A89FBF0EB0986102.d.D79EAEE65B2DB06FCB67721397273646.e.3627/click - {}
RESULT: {}
COMMAND: POST /session/c1c20cc70f6d9ef30ac844aa04f1cdf8/element - {"using":"xpath","value":"//span[contains(text(), \"Cost Center\")]"}
COMMAND: GET /session/c1c20cc70f6d9ef30ac844aa04f1cdf8/screenshot - {}
RESULT: {"using":"xpath","value":"//span[contains(text(), \"Cost Center\")]"}
COMMAND: POST /session/c1c20cc70f6d9ef30ac844aa04f1cdf8/element/f.79CB9250C4973688A89FBF0EB0986102.d.D79EAEE65B2DB06FCB67721397273646.e.3628/click - {}
RESULT: {}
RESULT: {}
COMMAND: GET /session/c1c20cc70f6d9ef30ac844aa04f1cdf8/screenshot - {}
RESULT: {}
COMMAND: POST /session/c1c20cc70f6d9ef30ac844aa04f1cdf8/element - {"using":"xpath","value":"//span[@id=\"application-managepartners-display-component---NewPartner--addressNewCostObjectCstID-vhi\"]"}
RESULT: {"using":"xpath","value":"//span[@id=\"application-managepartners-display-component---NewPartner--addressNewCostObjectCstID-vhi\"]"}
COMMAND: POST /session/c1c20cc70f6d9ef30ac844aa04f1cdf8/execute/sync - {"script":"<script> [8489 bytes]","args":[{"element-6066-11e4-a52e-4f735466cecf":"f.79CB9250C4973688A89FBF0EB0986102.d.D79EAEE65B2DB06FCB67721397273646.e.3632","ELEMENT":"f.79CB9250C4973688A89FBF0EB0986102.d.D79EAEE65B2DB06FCB67721397273646.e.3632"}]}
RESULT: {"script":"<script> [8489 bytes]","args":[{"element-6066-11e4-a52e-4f735466cecf":"f.79CB9250C4973688A89FBF0EB0986102.d.D79EAEE65B2DB06FCB67721397273646.e.3632","ELEMENT":"f.79CB9250C4973688A89FBF0EB0986102.d.D79EAEE65B2DB06FCB67721397273646.e.3632"}]}
COMMAND: POST /session/c1c20cc70f6d9ef30ac844aa04f1cdf8/execute/async - {"script":"<script> [1562 bytes]","args":[{"selector":{"id":"application-managepartners-display-component---NewPartner--addressNewCostObjectCstID-vhi"},"wdio_ui5_key":"applicationmanagepartners-display-component---NewPartner--addressNewCostObjectCstID-vhi"}]}
COMMAND: GET /session/c1c20cc70f6d9ef30ac844aa04f1cdf8/screenshot - {}
RESULT: {"script":"<script> [1562 bytes]","args":[{"selector":{"id":"application-managepartners-display-component---NewPartner--addressNewCostObjectCstID-vhi"},"wdio_ui5_key":"applicationmanagepartners-display-component---NewPartner--addressNewCostObjectCstID-vhi"}]}
RESULT: undefined
COMMAND: POST /session/c1c20cc70f6d9ef30ac844aa04f1cdf8/element - {"using":"xpath","value":"//*[@id=\"application-managepartners-display-component---NewPartner--addressNewCostObjectCstID-vhi\"]"}
RESULT: {}
RESULT: {"using":"xpath","value":"//*[@id=\"application-managepartners-display-component---NewPartner--addressNewCostObjectCstID-vhi\"]"}
COMMAND: POST /session/c1c20cc70f6d9ef30ac844aa04f1cdf8/element/f.79CB9250C4973688A89FBF0EB0986102.d.D79EAEE65B2DB06FCB67721397273646.e.3632/click - {}
RESULT: {}
COMMAND: GET /session/c1c20cc70f6d9ef30ac844aa04f1cdf8/screenshot - {}
RESULT: {}
COMMAND: POST /session/c1c20cc70f6d9ef30ac844aa04f1cdf8/execute/async - {"script":"<script> [1562 bytes]","args":[{"selector":{"controlType":"sap.m.SearchField","properties":{"placeholder":"Search"},"searchOpenDialogs":true,"interaction":{"idSuffix":"I"}},"wdio_ui5_key":"sapm.SearchField{\"placeholder\":\"Search\"}"}]}
RESULT: {"script":"<script> [1562 bytes]","args":[{"selector":{"controlType":"sap.m.SearchField","properties":{"placeholder":"Search"},"searchOpenDialogs":true,"interaction":{"idSuffix":"I"}},"wdio_ui5_key":"sapm.SearchField{\"placeholder\":\"Search\"}"}]}
RESULT: undefined
COMMAND: POST /session/c1c20cc70f6d9ef30ac844aa04f1cdf8/execute/async - {"script":"<script> [776 bytes]","args":[{"enterText":"10001013","selector":{"controlType":"sap.m.SearchField","properties":{"placeholder":"Search"},"searchOpenDialogs":true,"interaction":{"idSuffix":"I"}},"clearTextFirst":true,"interactionType":"ENTER_TEXT"}]}
RESULT: {"script":"<script> [776 bytes]","args":[{"enterText":"10001013","selector":{"controlType":"sap.m.SearchField","properties":{"placeholder":"Search"},"searchOpenDialogs":true,"interaction":{"idSuffix":"I"}},"clearTextFirst":true,"interactionType":"ENTER_TEXT"}]}
COMMAND: POST /session/c1c20cc70f6d9ef30ac844aa04f1cdf8/actions - {"actions":[{"id":"action7","type":"key","parameters":{},"actions":[{"type":"keyDown","value":"î€‡"},{"type":"pause","duration":10},{"type":"keyUp","value":"î€‡"}]}]}
RESULT: {"actions":[{"id":"action7","type":"key","parameters":{},"actions":[{"type":"keyDown","value":"î€‡"},{"type":"pause","duration":10},{"type":"keyUp","value":"î€‡"}]}]}
COMMAND: GET /session/c1c20cc70f6d9ef30ac844aa04f1cdf8/screenshot - {}
RESULT: {}
COMMAND: POST /session/c1c20cc70f6d9ef30ac844aa04f1cdf8/element - {"using":"xpath","value":"//span[contains(text(), \"General Management\")]"}
RESULT: {"using":"xpath","value":"//span[contains(text(), \"General Management\")]"}
COMMAND: POST /session/c1c20cc70f6d9ef30ac844aa04f1cdf8/element/f.79CB9250C4973688A89FBF0EB0986102.d.D79EAEE65B2DB06FCB67721397273646.e.3642/click - {}
RESULT: {}
COMMAND: GET /session/c1c20cc70f6d9ef30ac844aa04f1cdf8/screenshot - {}
RESULT: {}
COMMAND: POST /session/c1c20cc70f6d9ef30ac844aa04f1cdf8/element - {"using":"xpath","value":"//bdi[contains(text(), \"OK\")]"}
RESULT: {"using":"xpath","value":"//bdi[contains(text(), \"OK\")]"}
COMMAND: POST /session/c1c20cc70f6d9ef30ac844aa04f1cdf8/element/f.79CB9250C4973688A89FBF0EB0986102.d.D79EAEE65B2DB06FCB67721397273646.e.3644/click - {}
RESULT: {}
COMMAND: GET /session/c1c20cc70f6d9ef30ac844aa04f1cdf8/screenshot - {}
RESULT: {}
COMMAND: POST /session/c1c20cc70f6d9ef30ac844aa04f1cdf8/element - {"using":"xpath","value":"//input[@id=\"application-managepartners-display-component---NewPartner--companyCodeComboBox-inner\"]"}
RESULT: {"using":"xpath","value":"//input[@id=\"application-managepartners-display-component---NewPartner--companyCodeComboBox-inner\"]"}
COMMAND: POST /session/c1c20cc70f6d9ef30ac844aa04f1cdf8/element/f.79CB9250C4973688A89FBF0EB0986102.d.D79EAEE65B2DB06FCB67721397273646.e.3507/clear - {}
RESULT: {}
COMMAND: POST /session/c1c20cc70f6d9ef30ac844aa04f1cdf8/element/f.79CB9250C4973688A89FBF0EB0986102.d.D79EAEE65B2DB06FCB67721397273646.e.3507/value - {"text":"C002"}
COMMAND: GET /session/c1c20cc70f6d9ef30ac844aa04f1cdf8/screenshot - {}
RESULT: {"text":"C002"}
COMMAND: GET /session/c1c20cc70f6d9ef30ac844aa04f1cdf8/screenshot - {}
RESULT: {}
RESULT: {}
COMMAND: POST /session/c1c20cc70f6d9ef30ac844aa04f1cdf8/element - {"using":"xpath","value":"//li[.//span[text()= \"C002\"]]"}
RESULT: {"using":"xpath","value":"//li[.//span[text()= \"C002\"]]"}
COMMAND: POST /session/c1c20cc70f6d9ef30ac844aa04f1cdf8/element/f.79CB9250C4973688A89FBF0EB0986102.d.D79EAEE65B2DB06FCB67721397273646.e.3650/click - {}
RESULT: {}
COMMAND: GET /session/c1c20cc70f6d9ef30ac844aa04f1cdf8/screenshot - {}
RESULT: {}
COMMAND: POST /session/c1c20cc70f6d9ef30ac844aa04f1cdf8/execute/async - {"script":"<script> [1562 bytes]","args":[{"selector":{"id":"application-managepartners-display-component---NewPartner--btnAddTableRow-img"},"wdio_ui5_key":"applicationmanagepartners-display-component---NewPartner--btnAddTableRow-img"}]}
RESULT: {"script":"<script> [1562 bytes]","args":[{"selector":{"id":"application-managepartners-display-component---NewPartner--btnAddTableRow-img"},"wdio_ui5_key":"applicationmanagepartners-display-component---NewPartner--btnAddTableRow-img"}]}
RESULT: undefined
COMMAND: POST /session/c1c20cc70f6d9ef30ac844aa04f1cdf8/element - {"using":"xpath","value":"//*[@id=\"application-managepartners-display-component---NewPartner--btnAddTableRow-img\"]"}
RESULT: {"using":"xpath","value":"//*[@id=\"application-managepartners-display-component---NewPartner--btnAddTableRow-img\"]"}
COMMAND: POST /session/c1c20cc70f6d9ef30ac844aa04f1cdf8/element/f.79CB9250C4973688A89FBF0EB0986102.d.D79EAEE65B2DB06FCB67721397273646.e.3651/click - {}
RESULT: {}
COMMAND: GET /session/c1c20cc70f6d9ef30ac844aa04f1cdf8/screenshot - {}
RESULT: {}
COMMAND: POST /session/c1c20cc70f6d9ef30ac844aa04f1cdf8/element - {"using":"xpath","value":"//input[@id=\"application-managepartners-display-component---NewPartner--assignmentYard-application-managepartners-display-component---NewPartner--assignmentsTable-0-inner\"]"}
RESULT: {"using":"xpath","value":"//input[@id=\"application-managepartners-display-component---NewPartner--assignmentYard-application-managepartners-display-component---NewPartner--assignmentsTable-0-inner\"]"}
COMMAND: POST /session/c1c20cc70f6d9ef30ac844aa04f1cdf8/element/f.79CB9250C4973688A89FBF0EB0986102.d.D79EAEE65B2DB06FCB67721397273646.e.3654/clear - {}
RESULT: {}
COMMAND: POST /session/c1c20cc70f6d9ef30ac844aa04f1cdf8/element/f.79CB9250C4973688A89FBF0EB0986102.d.D79EAEE65B2DB06FCB67721397273646.e.3654/value - {"text":"566"}
COMMAND: GET /session/c1c20cc70f6d9ef30ac844aa04f1cdf8/screenshot - {}
RESULT: {"text":"566"}
COMMAND: GET /session/c1c20cc70f6d9ef30ac844aa04f1cdf8/screenshot - {}
RESULT: {}
RESULT: {}
COMMAND: POST /session/c1c20cc70f6d9ef30ac844aa04f1cdf8/element - {"using":"xpath","value":"//li[.//span[text()='566']]"}
RESULT: {"using":"xpath","value":"//li[.//span[text()='566']]"}
COMMAND: POST /session/c1c20cc70f6d9ef30ac844aa04f1cdf8/element/f.79CB9250C4973688A89FBF0EB0986102.d.D79EAEE65B2DB06FCB67721397273646.e.3663/click - {}
RESULT: {}
COMMAND: GET /session/c1c20cc70f6d9ef30ac844aa04f1cdf8/screenshot - {}
RESULT: {}
COMMAND: POST /session/c1c20cc70f6d9ef30ac844aa04f1cdf8/actions - {"actions":[{"id":"action8","type":"key","parameters":{},"actions":[{"type":"keyDown","value":"î€‡"},{"type":"pause","duration":10},{"type":"keyUp","value":"î€‡"}]}]}
RESULT: {"actions":[{"id":"action8","type":"key","parameters":{},"actions":[{"type":"keyDown","value":"î€‡"},{"type":"pause","duration":10},{"type":"keyUp","value":"î€‡"}]}]}
COMMAND: POST /session/c1c20cc70f6d9ef30ac844aa04f1cdf8/execute/async - {"script":"<script> [1562 bytes]","args":[{"selector":{"id":"application-managepartners-display-component---NewPartner--externalCustomerComboBox-application-managepartners-display-component---NewPartner--assignmentsTable-0-vhi"},"wdio_ui5_key":"applicationmanagepartners-display-component---NewPartner--externalCustomerComboBox-application-managepartners-display-component---NewPartner--assignmentsTable-0-vhi"}]}
COMMAND: GET /session/c1c20cc70f6d9ef30ac844aa04f1cdf8/screenshot - {}
RESULT: {"script":"<script> [1562 bytes]","args":[{"selector":{"id":"application-managepartners-display-component---NewPartner--externalCustomerComboBox-application-managepartners-display-component---NewPartner--assignmentsTable-0-vhi"},"wdio_ui5_key":"applicationmanagepartners-display-component---NewPartner--externalCustomerComboBox-application-managepartners-display-component---NewPartner--assignmentsTable-0-vhi"}]}
RESULT: undefined
COMMAND: POST /session/c1c20cc70f6d9ef30ac844aa04f1cdf8/element - {"using":"xpath","value":"//*[@id=\"application-managepartners-display-component---NewPartner--externalCustomerComboBox-application-managepartners-display-component---NewPartner--assignmentsTable-0-vhi\"]"}
RESULT: {}
RESULT: {"using":"xpath","value":"//*[@id=\"application-managepartners-display-component---NewPartner--externalCustomerComboBox-application-managepartners-display-component---NewPartner--assignmentsTable-0-vhi\"]"}
COMMAND: POST /session/c1c20cc70f6d9ef30ac844aa04f1cdf8/element/f.79CB9250C4973688A89FBF0EB0986102.d.D79EAEE65B2DB06FCB67721397273646.e.3667/click - {}
RESULT: {}
RESULT: undefined
COMMAND: POST /session/c1c20cc70f6d9ef30ac844aa04f1cdf8/execute/async - {"script":"<script> [776 bytes]","args":[{"enterText":"300003","selector":{"controlType":"sap.m.SearchField","properties":{"placeholder":"Search"},"searchOpenDialogs":true,"interaction":{"idSuffix":"I"}},"clearTextFirst":true,"interactionType":"ENTER_TEXT"}]}
COMMAND: GET /session/c1c20cc70f6d9ef30ac844aa04f1cdf8/screenshot - {}
RESULT: {"script":"<script> [776 bytes]","args":[{"enterText":"300003","selector":{"controlType":"sap.m.SearchField","properties":{"placeholder":"Search"},"searchOpenDialogs":true,"interaction":{"idSuffix":"I"}},"clearTextFirst":true,"interactionType":"ENTER_TEXT"}]}
COMMAND: POST /session/c1c20cc70f6d9ef30ac844aa04f1cdf8/actions - {"actions":[{"id":"action9","type":"key","parameters":{},"actions":[{"type":"keyDown","value":"î€‡"},{"type":"pause","duration":10},{"type":"keyUp","value":"î€‡"}]}]}
RESULT: {}
RESULT: {"actions":[{"id":"action9","type":"key","parameters":{},"actions":[{"type":"keyDown","value":"î€‡"},{"type":"pause","duration":10},{"type":"keyUp","value":"î€‡"}]}]}
COMMAND: GET /session/c1c20cc70f6d9ef30ac844aa04f1cdf8/screenshot - {}
RESULT: {}
COMMAND: POST /session/c1c20cc70f6d9ef30ac844aa04f1cdf8/element - {"using":"xpath","value":"//span[contains(text(), \"300003\")]"}
RESULT: {"using":"xpath","value":"//span[contains(text(), \"300003\")]"}
COMMAND: POST /session/c1c20cc70f6d9ef30ac844aa04f1cdf8/element/f.79CB9250C4973688A89FBF0EB0986102.d.D79EAEE65B2DB06FCB67721397273646.e.3686/click - {}
RESULT: {}
COMMAND: GET /session/c1c20cc70f6d9ef30ac844aa04f1cdf8/screenshot - {}
RESULT: {}
COMMAND: POST /session/c1c20cc70f6d9ef30ac844aa04f1cdf8/element - {"using":"xpath","value":"//bdi[contains(text(), \"OK\")]"}
RESULT: {"using":"xpath","value":"//bdi[contains(text(), \"OK\")]"}
COMMAND: POST /session/c1c20cc70f6d9ef30ac844aa04f1cdf8/element/f.79CB9250C4973688A89FBF0EB0986102.d.D79EAEE65B2DB06FCB67721397273646.e.3688/click - {}
RESULT: {}
COMMAND: GET /session/c1c20cc70f6d9ef30ac844aa04f1cdf8/screenshot - {}
RESULT: {}
COMMAND: POST /session/c1c20cc70f6d9ef30ac844aa04f1cdf8/execute/async - {"script":"<script> [1562 bytes]","args":[{"selector":{"id":"application-managepartners-display-component---NewPartner--intercompVendorComboBox-application-managepartners-display-component---NewPartner--assignmentsTable-0-vhi"},"wdio_ui5_key":"applicationmanagepartners-display-component---NewPartner--intercompVendorComboBox-application-managepartners-display-component---NewPartner--assignmentsTable-0-vhi"}]}
RESULT: {"script":"<script> [1562 bytes]","args":[{"selector":{"id":"application-managepartners-display-component---NewPartner--intercompVendorComboBox-application-managepartners-display-component---NewPartner--assignmentsTable-0-vhi"},"wdio_ui5_key":"applicationmanagepartners-display-component---NewPartner--intercompVendorComboBox-application-managepartners-display-component---NewPartner--assignmentsTable-0-vhi"}]}
RESULT: undefined
COMMAND: POST /session/c1c20cc70f6d9ef30ac844aa04f1cdf8/element - {"using":"xpath","value":"//*[@id=\"application-managepartners-display-component---NewPartner--intercompVendorComboBox-application-managepartners-display-component---NewPartner--assignmentsTable-0-vhi\"]"}
RESULT: {"using":"xpath","value":"//*[@id=\"application-managepartners-display-component---NewPartner--intercompVendorComboBox-application-managepartners-display-component---NewPartner--assignmentsTable-0-vhi\"]"}
COMMAND: POST /session/c1c20cc70f6d9ef30ac844aa04f1cdf8/element/f.79CB9250C4973688A89FBF0EB0986102.d.D79EAEE65B2DB06FCB67721397273646.e.3691/click - {}
RESULT: {}
RESULT: undefined
COMMAND: POST /session/c1c20cc70f6d9ef30ac844aa04f1cdf8/execute/async - {"script":"<script> [776 bytes]","args":[{"enterText":"100005","selector":{"controlType":"sap.m.SearchField","properties":{"placeholder":"Search"},"searchOpenDialogs":true,"interaction":{"idSuffix":"I"}},"clearTextFirst":true,"interactionType":"ENTER_TEXT"}]}
COMMAND: GET /session/c1c20cc70f6d9ef30ac844aa04f1cdf8/screenshot - {}
RESULT: {"script":"<script> [776 bytes]","args":[{"enterText":"100005","selector":{"controlType":"sap.m.SearchField","properties":{"placeholder":"Search"},"searchOpenDialogs":true,"interaction":{"idSuffix":"I"}},"clearTextFirst":true,"interactionType":"ENTER_TEXT"}]}
COMMAND: POST /session/c1c20cc70f6d9ef30ac844aa04f1cdf8/actions - {"actions":[{"id":"action10","type":"key","parameters":{},"actions":[{"type":"keyDown","value":"î€‡"},{"type":"pause","duration":10},{"type":"keyUp","value":"î€‡"}]}]}
RESULT: {}
RESULT: {"actions":[{"id":"action10","type":"key","parameters":{},"actions":[{"type":"keyDown","value":"î€‡"},{"type":"pause","duration":10},{"type":"keyUp","value":"î€‡"}]}]}
COMMAND: GET /session/c1c20cc70f6d9ef30ac844aa04f1cdf8/screenshot - {}
RESULT: {}
COMMAND: POST /session/c1c20cc70f6d9ef30ac844aa04f1cdf8/element - {"using":"xpath","value":"//span[contains(text(), \"Penguins - Field/12345 Berlin\")]"}
RESULT: {"using":"xpath","value":"//span[contains(text(), \"Penguins - Field/12345 Berlin\")]"}
COMMAND: POST /session/c1c20cc70f6d9ef30ac844aa04f1cdf8/element/f.79CB9250C4973688A89FBF0EB0986102.d.D79EAEE65B2DB06FCB67721397273646.e.3710/click - {}
RESULT: {}
COMMAND: GET /session/c1c20cc70f6d9ef30ac844aa04f1cdf8/screenshot - {}
RESULT: {}
COMMAND: POST /session/c1c20cc70f6d9ef30ac844aa04f1cdf8/element - {"using":"xpath","value":"//bdi[contains(text(), \"OK\")]"}
RESULT: {"using":"xpath","value":"//bdi[contains(text(), \"OK\")]"}
COMMAND: POST /session/c1c20cc70f6d9ef30ac844aa04f1cdf8/element/f.79CB9250C4973688A89FBF0EB0986102.d.D79EAEE65B2DB06FCB67721397273646.e.3711/click - {}
RESULT: {}
COMMAND: GET /session/c1c20cc70f6d9ef30ac844aa04f1cdf8/screenshot - {}
RESULT: {}
COMMAND: POST /session/c1c20cc70f6d9ef30ac844aa04f1cdf8/element - {"using":"xpath","value":"//button[@data-kt=\"saveButton\"]"}
RESULT: {"using":"xpath","value":"//button[@data-kt=\"saveButton\"]"}
COMMAND: POST /session/c1c20cc70f6d9ef30ac844aa04f1cdf8/element/f.79CB9250C4973688A89FBF0EB0986102.d.D79EAEE65B2DB06FCB67721397273646.e.3516/click - {}
RESULT: {}
COMMAND: GET /session/c1c20cc70f6d9ef30ac844aa04f1cdf8/screenshot - {}
RESULT: {}
COMMAND: POST /session/c1c20cc70f6d9ef30ac844aa04f1cdf8/element - {"using":"xpath","value":"//header[contains(@id, 'ObjectPageLayout-headerTitle')]/div[1]/div[2]/div[2]/span[1]"}
RESULT: {"using":"xpath","value":"//header[contains(@id, 'ObjectPageLayout-headerTitle')]/div[1]/div[2]/div[2]/span[1]"}
COMMAND: POST /session/c1c20cc70f6d9ef30ac844aa04f1cdf8/elements - {"using":"xpath","value":"//header[contains(@id, 'ObjectPageLayout-headerTitle')]/div[1]/div[2]/div[2]/span[1]"}
RESULT: {"using":"xpath","value":"//header[contains(@id, 'ObjectPageLayout-headerTitle')]/div[1]/div[2]/div[2]/span[1]"}
COMMAND: POST /session/c1c20cc70f6d9ef30ac844aa04f1cdf8/execute/sync - {"script":"<script> [56 bytes]","args":[{"element-6066-11e4-a52e-4f735466cecf":"f.79CB9250C4973688A89FBF0EB0986102.d.D79EAEE65B2DB06FCB67721397273646.e.3873","ELEMENT":"f.79CB9250C4973688A89FBF0EB0986102.d.D79EAEE65B2DB06FCB67721397273646.e.3873"}]}
RESULT: {"script":"<script> [56 bytes]","args":[{"element-6066-11e4-a52e-4f735466cecf":"f.79CB9250C4973688A89FBF0EB0986102.d.D79EAEE65B2DB06FCB67721397273646.e.3873","ELEMENT":"f.79CB9250C4973688A89FBF0EB0986102.d.D79EAEE65B2DB06FCB67721397273646.e.3873"}]}
COMMAND: POST /session/c1c20cc70f6d9ef30ac844aa04f1cdf8/element - {"using":"css selector","value":"#shell-header-logo"}
COMMAND: GET /session/c1c20cc70f6d9ef30ac844aa04f1cdf8/screenshot - {}
RESULT: {"using":"css selector","value":"#shell-header-logo"}
COMMAND: POST /session/c1c20cc70f6d9ef30ac844aa04f1cdf8/element/f.79CB9250C4973688A89FBF0EB0986102.d.D79EAEE65B2DB06FCB67721397273646.e.3148/click - {}
RESULT: {}
RESULT: {}
COMMAND: GET /session/c1c20cc70f6d9ef30ac844aa04f1cdf8/screenshot - {}
RESULT: {}
COMMAND: POST /session/c1c20cc70f6d9ef30ac844aa04f1cdf8/execute/sync - {"script":"<script> [299 bytes]","args":[["getModel","getResource"]]}
RESULT: {"script":"<script> [299 bytes]","args":[["getModel","getResource"]]}
RESULT: undefined
COMMAND: POST /session/c1c20cc70f6d9ef30ac844aa04f1cdf8/element - {"using":"xpath","value":"//*[@id=\"__tile30\"]"}
COMMAND: GET /session/c1c20cc70f6d9ef30ac844aa04f1cdf8/screenshot - {}
RESULT: {"using":"xpath","value":"//*[@id=\"__tile30\"]"}
COMMAND: POST /session/c1c20cc70f6d9ef30ac844aa04f1cdf8/element/f.79CB9250C4973688A89FBF0EB0986102.d.D79EAEE65B2DB06FCB67721397273646.e.3068/click - {}
RESULT: {}
RESULT: {}
COMMAND: GET /session/c1c20cc70f6d9ef30ac844aa04f1cdf8/screenshot - {}
RESULT: {}
COMMAND: POST /session/c1c20cc70f6d9ef30ac844aa04f1cdf8/elements - {"using":"xpath","value":"//span[text()='Error']"}
RESULT: {"using":"xpath","value":"//span[text()='Error']"}
COMMAND: POST /session/c1c20cc70f6d9ef30ac844aa04f1cdf8/element - {"using":"xpath","value":"//button[@data-kt=\"addButton\"]"}
RESULT: {"using":"xpath","value":"//button[@data-kt=\"addButton\"]"}
COMMAND: POST /session/c1c20cc70f6d9ef30ac844aa04f1cdf8/elements - {"using":"xpath","value":"//button[@data-kt=\"addButton\"]"}
RESULT: {"using":"xpath","value":"//button[@data-kt=\"addButton\"]"}
COMMAND: POST /session/c1c20cc70f6d9ef30ac844aa04f1cdf8/execute/sync - {"script":"<script> [8489 bytes]","args":[{"element-6066-11e4-a52e-4f735466cecf":"f.79CB9250C4973688A89FBF0EB0986102.d.D79EAEE65B2DB06FCB67721397273646.e.3920","ELEMENT":"f.79CB9250C4973688A89FBF0EB0986102.d.D79EAEE65B2DB06FCB67721397273646.e.3920"}]}
RESULT: {"script":"<script> [8489 bytes]","args":[{"element-6066-11e4-a52e-4f735466cecf":"f.79CB9250C4973688A89FBF0EB0986102.d.D79EAEE65B2DB06FCB67721397273646.e.3920","ELEMENT":"f.79CB9250C4973688A89FBF0EB0986102.d.D79EAEE65B2DB06FCB67721397273646.e.3920"}]}
COMMAND: GET /session/c1c20cc70f6d9ef30ac844aa04f1cdf8/element/f.79CB9250C4973688A89FBF0EB0986102.d.D79EAEE65B2DB06FCB67721397273646.e.3920/enabled - {}
COMMAND: GET /session/c1c20cc70f6d9ef30ac844aa04f1cdf8/screenshot - {}
RESULT: {}
COMMAND: POST /session/c1c20cc70f6d9ef30ac844aa04f1cdf8/execute/sync - {"script":"<script> [8489 bytes]","args":[{"element-6066-11e4-a52e-4f735466cecf":"f.79CB9250C4973688A89FBF0EB0986102.d.D79EAEE65B2DB06FCB67721397273646.e.3920","ELEMENT":"f.79CB9250C4973688A89FBF0EB0986102.d.D79EAEE65B2DB06FCB67721397273646.e.3920"}]}
COMMAND: GET /session/c1c20cc70f6d9ef30ac844aa04f1cdf8/screenshot - {}
RESULT: {}
RESULT: {"script":"<script> [8489 bytes]","args":[{"element-6066-11e4-a52e-4f735466cecf":"f.79CB9250C4973688A89FBF0EB0986102.d.D79EAEE65B2DB06FCB67721397273646.e.3920","ELEMENT":"f.79CB9250C4973688A89FBF0EB0986102.d.D79EAEE65B2DB06FCB67721397273646.e.3920"}]}
COMMAND: POST /session/c1c20cc70f6d9ef30ac844aa04f1cdf8/execute/sync - {"script":"<script> [5351 bytes]","args":[{"element-6066-11e4-a52e-4f735466cecf":"f.79CB9250C4973688A89FBF0EB0986102.d.D79EAEE65B2DB06FCB67721397273646.e.3920","ELEMENT":"f.79CB9250C4973688A89FBF0EB0986102.d.D79EAEE65B2DB06FCB67721397273646.e.3920"}]}
COMMAND: GET /session/c1c20cc70f6d9ef30ac844aa04f1cdf8/screenshot - {}
RESULT: {}
RESULT: {"script":"<script> [5351 bytes]","args":[{"element-6066-11e4-a52e-4f735466cecf":"f.79CB9250C4973688A89FBF0EB0986102.d.D79EAEE65B2DB06FCB67721397273646.e.3920","ELEMENT":"f.79CB9250C4973688A89FBF0EB0986102.d.D79EAEE65B2DB06FCB67721397273646.e.3920"}]}
COMMAND: GET /session/c1c20cc70f6d9ef30ac844aa04f1cdf8/screenshot - {}
RESULT: {}
RESULT: {}
COMMAND: POST /session/c1c20cc70f6d9ef30ac844aa04f1cdf8/execute/async - {"script":"<script> [1562 bytes]","args":[{"selector":{"id":"application-managepartners-display-component---masterPtm--smartFilterBar-btnBasicSearch","interaction":{"idSuffix":"I"}},"wdio_ui5_key":"applicationmanagepartners-display-component---masterPtm--smartFilterBar-btnBasicSearch"}]}
RESULT: {"script":"<script> [1562 bytes]","args":[{"selector":{"id":"application-managepartners-display-component---masterPtm--smartFilterBar-btnBasicSearch","interaction":{"idSuffix":"I"}},"wdio_ui5_key":"applicationmanagepartners-display-component---masterPtm--smartFilterBar-btnBasicSearch"}]}
RESULT: undefined
COMMAND: POST /session/c1c20cc70f6d9ef30ac844aa04f1cdf8/execute/async - {"script":"<script> [776 bytes]","args":[{"enterText":"1339","selector":{"id":"application-managepartners-display-component---masterPtm--smartFilterBar-btnBasicSearch","interaction":{"idSuffix":"I"}},"clearTextFirst":true,"interactionType":"ENTER_TEXT"}]}
RESULT: {"script":"<script> [776 bytes]","args":[{"enterText":"1339","selector":{"id":"application-managepartners-display-component---masterPtm--smartFilterBar-btnBasicSearch","interaction":{"idSuffix":"I"}},"clearTextFirst":true,"interactionType":"ENTER_TEXT"}]}
COMMAND: POST /session/c1c20cc70f6d9ef30ac844aa04f1cdf8/actions - {"actions":[{"id":"action11","type":"key","parameters":{},"actions":[{"type":"keyDown","value":"î€‡"},{"type":"pause","duration":10},{"type":"keyUp","value":"î€‡"}]}]}
RESULT: {"actions":[{"id":"action11","type":"key","parameters":{},"actions":[{"type":"keyDown","value":"î€‡"},{"type":"pause","duration":10},{"type":"keyUp","value":"î€‡"}]}]}
COMMAND: GET /session/c1c20cc70f6d9ef30ac844aa04f1cdf8/screenshot - {}
RESULT: {}
COMMAND: POST /session/c1c20cc70f6d9ef30ac844aa04f1cdf8/elements - {"using":"xpath","value":"//table[contains(@id, \"customPartnersTable-listUl\")]/tbody/tr"}
RESULT: {"using":"xpath","value":"//table[contains(@id, \"customPartnersTable-listUl\")]/tbody/tr"}
COMMAND: POST /session/c1c20cc70f6d9ef30ac844aa04f1cdf8/element - {"using":"xpath","value":"//table[contains(@id, \"customPartnersTable-listUl\")]/tbody/tr[1]/td[3]/span"}
RESULT: {"using":"xpath","value":"//table[contains(@id, \"customPartnersTable-listUl\")]/tbody/tr[1]/td[3]/span"}
COMMAND: POST /session/c1c20cc70f6d9ef30ac844aa04f1cdf8/elements - {"using":"xpath","value":"//table[contains(@id, \"customPartnersTable-listUl\")]/tbody/tr[1]/td[3]/span"}
RESULT: {"using":"xpath","value":"//table[contains(@id, \"customPartnersTable-listUl\")]/tbody/tr[1]/td[3]/span"}
COMMAND: POST /session/c1c20cc70f6d9ef30ac844aa04f1cdf8/execute/sync - {"script":"<script> [56 bytes]","args":[{"element-6066-11e4-a52e-4f735466cecf":"f.79CB9250C4973688A89FBF0EB0986102.d.D79EAEE65B2DB06FCB67721397273646.e.4055","ELEMENT":"f.79CB9250C4973688A89FBF0EB0986102.d.D79EAEE65B2DB06FCB67721397273646.e.4055"}]}
RESULT: {"script":"<script> [56 bytes]","args":[{"element-6066-11e4-a52e-4f735466cecf":"f.79CB9250C4973688A89FBF0EB0986102.d.D79EAEE65B2DB06FCB67721397273646.e.4055","ELEMENT":"f.79CB9250C4973688A89FBF0EB0986102.d.D79EAEE65B2DB06FCB67721397273646.e.4055"}]}
COMMAND: POST /session/c1c20cc70f6d9ef30ac844aa04f1cdf8/element - {"using":"xpath","value":"(//span[contains(@id, \"imgNav\")])[1]"}
COMMAND: GET /session/c1c20cc70f6d9ef30ac844aa04f1cdf8/screenshot - {}
RESULT: {"using":"xpath","value":"(//span[contains(@id, \"imgNav\")])[1]"}
COMMAND: POST /session/c1c20cc70f6d9ef30ac844aa04f1cdf8/element/f.79CB9250C4973688A89FBF0EB0986102.d.D79EAEE65B2DB06FCB67721397273646.e.4052/click - {}
RESULT: {}
RESULT: {}
COMMAND: GET /session/c1c20cc70f6d9ef30ac844aa04f1cdf8/screenshot - {}
RESULT: {}
COMMAND: POST /session/c1c20cc70f6d9ef30ac844aa04f1cdf8/element - {"using":"xpath","value":"//bdi[contains(text(), \"Edit\")]"}
RESULT: {"using":"xpath","value":"//bdi[contains(text(), \"Edit\")]"}
COMMAND: POST /session/c1c20cc70f6d9ef30ac844aa04f1cdf8/element/f.79CB9250C4973688A89FBF0EB0986102.d.D79EAEE65B2DB06FCB67721397273646.e.4193/click - {}
RESULT: {}
COMMAND: GET /session/c1c20cc70f6d9ef30ac844aa04f1cdf8/screenshot - {}
RESULT: {}
COMMAND: POST /session/c1c20cc70f6d9ef30ac844aa04f1cdf8/execute/async - {"script":"<script> [1562 bytes]","args":[{"selector":{"controlType":"sap.m.Input","viewName":"etm.portal.ui.managepartners.view.EditDetail","labelFor":{"text":"Name"},"interaction":{"idSuffix":"inner"}},"wdio_ui5_key":"etmportal.ui.managepartners.view.EditDetailsap.m.Input{\"text\":\"Name\"}"}]}
RESULT: {"script":"<script> [1562 bytes]","args":[{"selector":{"controlType":"sap.m.Input","viewName":"etm.portal.ui.managepartners.view.EditDetail","labelFor":{"text":"Name"},"interaction":{"idSuffix":"inner"}},"wdio_ui5_key":"etmportal.ui.managepartners.view.EditDetailsap.m.Input{\"text\":\"Name\"}"}]}
RESULT: undefined
COMMAND: POST /session/c1c20cc70f6d9ef30ac844aa04f1cdf8/execute/async - {"script":"<script> [776 bytes]","args":[{"enterText":"Intercompany EDIT","selector":{"controlType":"sap.m.Input","viewName":"etm.portal.ui.managepartners.view.EditDetail","labelFor":{"text":"Name"},"interaction":{"idSuffix":"inner"}},"clearTextFirst":true,"interactionType":"ENTER_TEXT"}]}
RESULT: {"script":"<script> [776 bytes]","args":[{"enterText":"Intercompany EDIT","selector":{"controlType":"sap.m.Input","viewName":"etm.portal.ui.managepartners.view.EditDetail","labelFor":{"text":"Name"},"interaction":{"idSuffix":"inner"}},"clearTextFirst":true,"interactionType":"ENTER_TEXT"}]}
COMMAND: POST /session/c1c20cc70f6d9ef30ac844aa04f1cdf8/element - {"using":"xpath","value":"(//span[contains(@id,\"addressDetailDetailsLanguage-arrow\")])[1]"}
RESULT: {"using":"xpath","value":"(//span[contains(@id,\"addressDetailDetailsLanguage-arrow\")])[1]"}
COMMAND: POST /session/c1c20cc70f6d9ef30ac844aa04f1cdf8/element/f.79CB9250C4973688A89FBF0EB0986102.d.D79EAEE65B2DB06FCB67721397273646.e.4275/click - {}
RESULT: {}
COMMAND: POST /session/c1c20cc70f6d9ef30ac844aa04f1cdf8/element - {"using":"xpath","value":"//span[contains(text(), \"Chinese\")]"}
COMMAND: GET /session/c1c20cc70f6d9ef30ac844aa04f1cdf8/screenshot - {}
RESULT: {"using":"xpath","value":"//span[contains(text(), \"Chinese\")]"}
COMMAND: POST /session/c1c20cc70f6d9ef30ac844aa04f1cdf8/element/f.79CB9250C4973688A89FBF0EB0986102.d.D79EAEE65B2DB06FCB67721397273646.e.4276/click - {}
RESULT: {}
RESULT: {}
COMMAND: GET /session/c1c20cc70f6d9ef30ac844aa04f1cdf8/screenshot - {}
RESULT: {}
COMMAND: POST /session/c1c20cc70f6d9ef30ac844aa04f1cdf8/execute/async - {"script":"<script> [1562 bytes]","args":[{"selector":{"controlType":"sap.m.Input","viewName":"etm.portal.ui.managepartners.view.EditDetail","labelFor":{"text":"City"},"interaction":{"idSuffix":"inner"}},"wdio_ui5_key":"etmportal.ui.managepartners.view.EditDetailsap.m.Input{\"text\":\"City\"}"}]}
RESULT: {"script":"<script> [1562 bytes]","args":[{"selector":{"controlType":"sap.m.Input","viewName":"etm.portal.ui.managepartners.view.EditDetail","labelFor":{"text":"City"},"interaction":{"idSuffix":"inner"}},"wdio_ui5_key":"etmportal.ui.managepartners.view.EditDetailsap.m.Input{\"text\":\"City\"}"}]}
RESULT: undefined
COMMAND: POST /session/c1c20cc70f6d9ef30ac844aa04f1cdf8/execute/async - {"script":"<script> [776 bytes]","args":[{"enterText":"Clooj-Napoca","selector":{"controlType":"sap.m.Input","viewName":"etm.portal.ui.managepartners.view.EditDetail","labelFor":{"text":"City"},"interaction":{"idSuffix":"inner"}},"clearTextFirst":true,"interactionType":"ENTER_TEXT"}]}
RESULT: {"script":"<script> [776 bytes]","args":[{"enterText":"Clooj-Napoca","selector":{"controlType":"sap.m.Input","viewName":"etm.portal.ui.managepartners.view.EditDetail","labelFor":{"text":"City"},"interaction":{"idSuffix":"inner"}},"clearTextFirst":true,"interactionType":"ENTER_TEXT"}]}
COMMAND: POST /session/c1c20cc70f6d9ef30ac844aa04f1cdf8/element - {"using":"xpath","value":"//button[@data-kt=\"saveButton\"]"}
RESULT: {"using":"xpath","value":"//button[@data-kt=\"saveButton\"]"}
COMMAND: POST /session/c1c20cc70f6d9ef30ac844aa04f1cdf8/element/f.79CB9250C4973688A89FBF0EB0986102.d.D79EAEE65B2DB06FCB67721397273646.e.4252/click - {}
RESULT: {}
COMMAND: GET /session/c1c20cc70f6d9ef30ac844aa04f1cdf8/screenshot - {}
RESULT: {}
COMMAND: POST /session/c1c20cc70f6d9ef30ac844aa04f1cdf8/execute/async - {"script":"<script> [1562 bytes]","args":[{"selector":{"id":"application-managepartners-display-component---detailPtm--addressDetailDetailsName1"},"wdio_ui5_key":"applicationmanagepartners-display-component---detailPtm--addressDetailDetailsName1"}]}
RESULT: {"script":"<script> [1562 bytes]","args":[{"selector":{"id":"application-managepartners-display-component---detailPtm--addressDetailDetailsName1"},"wdio_ui5_key":"applicationmanagepartners-display-component---detailPtm--addressDetailDetailsName1"}]}
RESULT: undefined
COMMAND: POST /session/c1c20cc70f6d9ef30ac844aa04f1cdf8/execute/async - {"script":"<script> [6424 bytes]","args":[{"element-6066-11e4-a52e-4f735466cecf":"f.79CB9250C4973688A89FBF0EB0986102.d.D79EAEE65B2DB06FCB67721397273646.e.4307"},"getValue",[]]}
RESULT: {"script":"<script> [6424 bytes]","args":[{"element-6066-11e4-a52e-4f735466cecf":"f.79CB9250C4973688A89FBF0EB0986102.d.D79EAEE65B2DB06FCB67721397273646.e.4307"},"getValue",[]]}
COMMAND: POST /session/c1c20cc70f6d9ef30ac844aa04f1cdf8/element - {"using":"xpath","value":"//input[@id = \"application-managepartners-display-component---detailPtm--addressDetailDetailsLanguage-inner\"]"}
RESULT: {"using":"xpath","value":"//input[@id = \"application-managepartners-display-component---detailPtm--addressDetailDetailsLanguage-inner\"]"}
COMMAND: GET /session/c1c20cc70f6d9ef30ac844aa04f1cdf8/element/f.79CB9250C4973688A89FBF0EB0986102.d.D79EAEE65B2DB06FCB67721397273646.e.4308/property/value - {}
RESULT: {}
COMMAND: POST /session/c1c20cc70f6d9ef30ac844aa04f1cdf8/execute/async - {"script":"<script> [1562 bytes]","args":[{"selector":{"id":"application-managepartners-display-component---detailPtm--addressDetailDetailsCity1"},"wdio_ui5_key":"applicationmanagepartners-display-component---detailPtm--addressDetailDetailsCity1"}]}
COMMAND: GET /session/c1c20cc70f6d9ef30ac844aa04f1cdf8/screenshot - {}
RESULT: {}
RESULT: {"script":"<script> [1562 bytes]","args":[{"selector":{"id":"application-managepartners-display-component---detailPtm--addressDetailDetailsCity1"},"wdio_ui5_key":"applicationmanagepartners-display-component---detailPtm--addressDetailDetailsCity1"}]}
RESULT: undefined
COMMAND: POST /session/c1c20cc70f6d9ef30ac844aa04f1cdf8/execute/async - {"script":"<script> [6424 bytes]","args":[{"element-6066-11e4-a52e-4f735466cecf":"f.79CB9250C4973688A89FBF0EB0986102.d.D79EAEE65B2DB06FCB67721397273646.e.4309"},"getValue",[]]}
RESULT: {"script":"<script> [6424 bytes]","args":[{"element-6066-11e4-a52e-4f735466cecf":"f.79CB9250C4973688A89FBF0EB0986102.d.D79EAEE65B2DB06FCB67721397273646.e.4309"},"getValue",[]]}
COMMAND: POST /session/c1c20cc70f6d9ef30ac844aa04f1cdf8/element - {"using":"css selector","value":"#shell-header-logo"}
RESULT: {"using":"css selector","value":"#shell-header-logo"}
COMMAND: POST /session/c1c20cc70f6d9ef30ac844aa04f1cdf8/element/f.79CB9250C4973688A89FBF0EB0986102.d.D79EAEE65B2DB06FCB67721397273646.e.3876/click - {}
RESULT: {}
COMMAND: GET /session/c1c20cc70f6d9ef30ac844aa04f1cdf8/screenshot - {}
RESULT: {}
]]></system-out>
    </testcase>
    <testcase classname="chrome.136_0_7103_93.windows.Partner_specific_tests_US150819_US151080_US151654_US151176_US103444_US151078_US151079_US151109_US151174_US151175_US151189" name="Should create a new intracompany partner edit some of its fields US151079" time="273.934">
      <system-out><![CDATA[
COMMAND: POST /session/c1c20cc70f6d9ef30ac844aa04f1cdf8/element - {"using":"xpath","value":"//li[.//span[text()=\"Manage Partners\"]]"}
RESULT: {"using":"xpath","value":"//li[.//span[text()=\"Manage Partners\"]]"}
COMMAND: POST /session/c1c20cc70f6d9ef30ac844aa04f1cdf8/element - {"using":"xpath","value":"//li[.//span[text()=\"Manage Partners\"]]"}
RESULT: {"using":"xpath","value":"//li[.//span[text()=\"Manage Partners\"]]"}
COMMAND: POST /session/c1c20cc70f6d9ef30ac844aa04f1cdf8/element - {"using":"css selector","value":"#shell-header-logo"}
RESULT: {"using":"css selector","value":"#shell-header-logo"}
COMMAND: POST /session/c1c20cc70f6d9ef30ac844aa04f1cdf8/element/f.79CB9250C4973688A89FBF0EB0986102.d.D79EAEE65B2DB06FCB67721397273646.e.4340/click - {}
COMMAND: POST /session/c1c20cc70f6d9ef30ac844aa04f1cdf8/execute/sync - {"script":"<script> [8489 bytes]","args":[{"element-6066-11e4-a52e-4f735466cecf":"f.79CB9250C4973688A89FBF0EB0986102.d.D79EAEE65B2DB06FCB67721397273646.e.4340","ELEMENT":"f.79CB9250C4973688A89FBF0EB0986102.d.D79EAEE65B2DB06FCB67721397273646.e.4340"}]}
RESULT: {}
COMMAND: GET /session/c1c20cc70f6d9ef30ac844aa04f1cdf8/screenshot - {}
RESULT: {"script":"<script> [8489 bytes]","args":[{"element-6066-11e4-a52e-4f735466cecf":"f.79CB9250C4973688A89FBF0EB0986102.d.D79EAEE65B2DB06FCB67721397273646.e.4340","ELEMENT":"f.79CB9250C4973688A89FBF0EB0986102.d.D79EAEE65B2DB06FCB67721397273646.e.4340"}]}
COMMAND: POST /session/c1c20cc70f6d9ef30ac844aa04f1cdf8/execute/sync - {"script":"<script> [5351 bytes]","args":[{"element-6066-11e4-a52e-4f735466cecf":"f.79CB9250C4973688A89FBF0EB0986102.d.D79EAEE65B2DB06FCB67721397273646.e.4340","ELEMENT":"f.79CB9250C4973688A89FBF0EB0986102.d.D79EAEE65B2DB06FCB67721397273646.e.4340"}]}
COMMAND: GET /session/c1c20cc70f6d9ef30ac844aa04f1cdf8/screenshot - {}
RESULT: {}
RESULT: {"script":"<script> [5351 bytes]","args":[{"element-6066-11e4-a52e-4f735466cecf":"f.79CB9250C4973688A89FBF0EB0986102.d.D79EAEE65B2DB06FCB67721397273646.e.4340","ELEMENT":"f.79CB9250C4973688A89FBF0EB0986102.d.D79EAEE65B2DB06FCB67721397273646.e.4340"}]}
COMMAND: GET /session/c1c20cc70f6d9ef30ac844aa04f1cdf8/screenshot - {}
RESULT: {}
RESULT: {}
COMMAND: POST /session/c1c20cc70f6d9ef30ac844aa04f1cdf8/refresh - {}
RESULT: {}
COMMAND: GET /session/c1c20cc70f6d9ef30ac844aa04f1cdf8/screenshot - {}
RESULT: {}
COMMAND: POST /session/c1c20cc70f6d9ef30ac844aa04f1cdf8/refresh - {}
RESULT: {}
COMMAND: GET /session/c1c20cc70f6d9ef30ac844aa04f1cdf8/screenshot - {}
RESULT: {}
COMMAND: POST /session/c1c20cc70f6d9ef30ac844aa04f1cdf8/window/fullscreen - {}
RESULT: {}
COMMAND: POST /session/c1c20cc70f6d9ef30ac844aa04f1cdf8/execute/async - {"script":"<script> [189 bytes]","args":[]}
RESULT: {"script":"<script> [189 bytes]","args":[]}
COMMAND: POST /session/c1c20cc70f6d9ef30ac844aa04f1cdf8/execute/async - {"script":"<script> [123 bytes]","args":[]}
RESULT: {"script":"<script> [123 bytes]","args":[]}
COMMAND: POST /session/c1c20cc70f6d9ef30ac844aa04f1cdf8/timeouts - {"script":"<number>"}
RESULT: {"script":"<number>"}
COMMAND: GET /session/c1c20cc70f6d9ef30ac844aa04f1cdf8/timeouts - {}
RESULT: {}
RESULT: undefined
COMMAND: POST /session/c1c20cc70f6d9ef30ac844aa04f1cdf8/execute/async - {"script":"<script> [2676 bytes]","args":[]}
RESULT: {"script":"<script> [2676 bytes]","args":[]}
COMMAND: POST /session/c1c20cc70f6d9ef30ac844aa04f1cdf8/execute/async - {"script":"<script> [2342 bytes]","args":[{"protocol":"http","hostname":"0.0.0.0","path":"/","capabilities":{"browserName":"chrome","goog:chromeOptions":{"binary":"C:\\Program Files\\Google\\Chrome\\Application\\chrome.exe","args":["--start-maximized"]}},"logLevel":"warn","connectionRetryTimeout":120000,"connectionRetryCount":3,"logLevels":{},"enableDirectConnect":true,"strictSSL":true,"_":"65 more keys: [\"cacheDir\",\"port\",\"requestedCapabilities\",\"automationProtocol\",\"baseUrl\",\"waitforInterval\",\"waitforTimeout\",\"onReload\",\"beforeCommand\",\"afterCommand\",\"rootDir\",\"specs\",\"suites\",\"exclude\",\"groupLogsByTestSpec\",\"excludeDriverLogs\",\"bail\",\"framework\",\"reporters\",\"services\",\"maxInstances\",\"maxInstancesPerCapability\",\"injectGlobals\",\"filesToWatch\",\"execArgv\",\"runnerEnv\",\"runner\",\"shard\",\"specFileRetries\",\"specFileRetriesDelay\",\"specFileRetriesDeferred\",\"reporterSyncInterval\",\"reporterSyncTimeout\",\"cucumberFeaturesWithLineNumbers\",\"autoCompileOpts\",\"mochaOpts\",\"jasmineOpts\",\"cucumberOpts\",\"onPrepare\",\"onWorkerStart\",\"onWorkerEnd\",\"before\",\"beforeSession\",\"beforeSuite\",\"beforeHook\",\"beforeTest\",\"afterTest\",\"afterHook\",\"afterSuite\",\"afterSession\",\"after\",\"onComplete\",\"beforeAssertion\",\"afterAssertion\",\"beforeFeature\",\"beforeScenario\",\"beforeStep\",\"afterStep\",\"afterScenario\",\"afterFeature\",\"_\",\"suite\",\"$0\",\"ignoredWorkerServices\",\"wdi5\"]"}]}
RESULT: {"script":"<script> [2342 bytes]","args":[{"protocol":"http","hostname":"0.0.0.0","path":"/","capabilities":{"browserName":"chrome","goog:chromeOptions":{"binary":"C:\\Program Files\\Google\\Chrome\\Application\\chrome.exe","args":["--start-maximized"]}},"logLevel":"warn","connectionRetryTimeout":120000,"connectionRetryCount":3,"logLevels":{},"enableDirectConnect":true,"strictSSL":true,"_":"65 more keys: [\"cacheDir\",\"port\",\"requestedCapabilities\",\"automationProtocol\",\"baseUrl\",\"waitforInterval\",\"waitforTimeout\",\"onReload\",\"beforeCommand\",\"afterCommand\",\"rootDir\",\"specs\",\"suites\",\"exclude\",\"groupLogsByTestSpec\",\"excludeDriverLogs\",\"bail\",\"framework\",\"reporters\",\"services\",\"maxInstances\",\"maxInstancesPerCapability\",\"injectGlobals\",\"filesToWatch\",\"execArgv\",\"runnerEnv\",\"runner\",\"shard\",\"specFileRetries\",\"specFileRetriesDelay\",\"specFileRetriesDeferred\",\"reporterSyncInterval\",\"reporterSyncTimeout\",\"cucumberFeaturesWithLineNumbers\",\"autoCompileOpts\",\"mochaOpts\",\"jasmineOpts\",\"cucumberOpts\",\"onPrepare\",\"onWorkerStart\",\"onWorkerEnd\",\"before\",\"beforeSession\",\"beforeSuite\",\"beforeHook\",\"beforeTest\",\"afterTest\",\"afterHook\",\"afterSuite\",\"afterSession\",\"after\",\"onComplete\",\"beforeAssertion\",\"afterAssertion\",\"beforeFeature\",\"beforeScenario\",\"beforeStep\",\"afterStep\",\"afterScenario\",\"afterFeature\",\"_\",\"suite\",\"$0\",\"ignoredWorkerServices\",\"wdi5\"]"}]}
COMMAND: POST /session/c1c20cc70f6d9ef30ac844aa04f1cdf8/execute/async - {"script":"<script> [21126 bytes]","args":[35000]}
RESULT: {"script":"<script> [21126 bytes]","args":[35000]}
COMMAND: POST /session/c1c20cc70f6d9ef30ac844aa04f1cdf8/window/fullscreen - {}
RESULT: {}
COMMAND: POST /session/c1c20cc70f6d9ef30ac844aa04f1cdf8/window/fullscreen - {}
RESULT: {}
COMMAND: POST /session/c1c20cc70f6d9ef30ac844aa04f1cdf8/execute/async - {"script":"<script> [1562 bytes]","args":[{"selector":{"controlType":"sap.m.GenericTile","properties":{"header":"Manage Partners"}},"wdio_ui5_key":"sapm.GenericTile{\"header\":\"Manage Partners\"}"}]}
RESULT: {"script":"<script> [1562 bytes]","args":[{"selector":{"controlType":"sap.m.GenericTile","properties":{"header":"Manage Partners"}},"wdio_ui5_key":"sapm.GenericTile{\"header\":\"Manage Partners\"}"}]}
RESULT: undefined
COMMAND: POST /session/c1c20cc70f6d9ef30ac844aa04f1cdf8/element - {"using":"xpath","value":"//*[@id=\"__tile30\"]"}
RESULT: {"using":"xpath","value":"//*[@id=\"__tile30\"]"}
COMMAND: POST /session/c1c20cc70f6d9ef30ac844aa04f1cdf8/element/f.79CB9250C4973688A89FBF0EB0986102.d.CBBBAC0DF5A1DF8678C01227863BF3E0.e.4404/click - {}
RESULT: {}
COMMAND: GET /session/c1c20cc70f6d9ef30ac844aa04f1cdf8/screenshot - {}
RESULT: {}
COMMAND: POST /session/c1c20cc70f6d9ef30ac844aa04f1cdf8/elements - {"using":"xpath","value":"//span[text()='Error']"}
RESULT: {"using":"xpath","value":"//span[text()='Error']"}
COMMAND: POST /session/c1c20cc70f6d9ef30ac844aa04f1cdf8/element - {"using":"xpath","value":"//button[@data-kt=\"addButton\"]"}
RESULT: {"using":"xpath","value":"//button[@data-kt=\"addButton\"]"}
COMMAND: POST /session/c1c20cc70f6d9ef30ac844aa04f1cdf8/elements - {"using":"xpath","value":"//button[@data-kt=\"addButton\"]"}
RESULT: {"using":"xpath","value":"//button[@data-kt=\"addButton\"]"}
COMMAND: POST /session/c1c20cc70f6d9ef30ac844aa04f1cdf8/elements - {"using":"xpath","value":"//button[@data-kt=\"addButton\"]"}
RESULT: {"using":"xpath","value":"//button[@data-kt=\"addButton\"]"}
COMMAND: POST /session/c1c20cc70f6d9ef30ac844aa04f1cdf8/elements - {"using":"xpath","value":"//button[@data-kt=\"addButton\"]"}
RESULT: {"using":"xpath","value":"//button[@data-kt=\"addButton\"]"}
COMMAND: POST /session/c1c20cc70f6d9ef30ac844aa04f1cdf8/elements - {"using":"xpath","value":"//button[@data-kt=\"addButton\"]"}
RESULT: {"using":"xpath","value":"//button[@data-kt=\"addButton\"]"}
COMMAND: POST /session/c1c20cc70f6d9ef30ac844aa04f1cdf8/elements - {"using":"xpath","value":"//button[@data-kt=\"addButton\"]"}
RESULT: {"using":"xpath","value":"//button[@data-kt=\"addButton\"]"}
COMMAND: POST /session/c1c20cc70f6d9ef30ac844aa04f1cdf8/elements - {"using":"xpath","value":"//button[@data-kt=\"addButton\"]"}
RESULT: {"using":"xpath","value":"//button[@data-kt=\"addButton\"]"}
COMMAND: POST /session/c1c20cc70f6d9ef30ac844aa04f1cdf8/elements - {"using":"xpath","value":"//button[@data-kt=\"addButton\"]"}
RESULT: {"using":"xpath","value":"//button[@data-kt=\"addButton\"]"}
COMMAND: POST /session/c1c20cc70f6d9ef30ac844aa04f1cdf8/elements - {"using":"xpath","value":"//button[@data-kt=\"addButton\"]"}
RESULT: {"using":"xpath","value":"//button[@data-kt=\"addButton\"]"}
COMMAND: POST /session/c1c20cc70f6d9ef30ac844aa04f1cdf8/elements - {"using":"xpath","value":"//button[@data-kt=\"addButton\"]"}
RESULT: {"using":"xpath","value":"//button[@data-kt=\"addButton\"]"}
COMMAND: POST /session/c1c20cc70f6d9ef30ac844aa04f1cdf8/elements - {"using":"xpath","value":"//button[@data-kt=\"addButton\"]"}
RESULT: {"using":"xpath","value":"//button[@data-kt=\"addButton\"]"}
COMMAND: POST /session/c1c20cc70f6d9ef30ac844aa04f1cdf8/elements - {"using":"xpath","value":"//button[@data-kt=\"addButton\"]"}
RESULT: {"using":"xpath","value":"//button[@data-kt=\"addButton\"]"}
COMMAND: POST /session/c1c20cc70f6d9ef30ac844aa04f1cdf8/element - {"using":"xpath","value":"//button[@data-kt=\"addButton\"]"}
RESULT: {"using":"xpath","value":"//button[@data-kt=\"addButton\"]"}
COMMAND: POST /session/c1c20cc70f6d9ef30ac844aa04f1cdf8/execute/sync - {"script":"<script> [8489 bytes]","args":[{"element-6066-11e4-a52e-4f735466cecf":"f.79CB9250C4973688A89FBF0EB0986102.d.CBBBAC0DF5A1DF8678C01227863BF3E0.e.4519","ELEMENT":"f.79CB9250C4973688A89FBF0EB0986102.d.CBBBAC0DF5A1DF8678C01227863BF3E0.e.4519"}]}
RESULT: {"script":"<script> [8489 bytes]","args":[{"element-6066-11e4-a52e-4f735466cecf":"f.79CB9250C4973688A89FBF0EB0986102.d.CBBBAC0DF5A1DF8678C01227863BF3E0.e.4519","ELEMENT":"f.79CB9250C4973688A89FBF0EB0986102.d.CBBBAC0DF5A1DF8678C01227863BF3E0.e.4519"}]}
COMMAND: GET /session/c1c20cc70f6d9ef30ac844aa04f1cdf8/element/f.79CB9250C4973688A89FBF0EB0986102.d.CBBBAC0DF5A1DF8678C01227863BF3E0.e.4519/enabled - {}
COMMAND: GET /session/c1c20cc70f6d9ef30ac844aa04f1cdf8/screenshot - {}
RESULT: {}
COMMAND: POST /session/c1c20cc70f6d9ef30ac844aa04f1cdf8/execute/sync - {"script":"<script> [8489 bytes]","args":[{"element-6066-11e4-a52e-4f735466cecf":"f.79CB9250C4973688A89FBF0EB0986102.d.CBBBAC0DF5A1DF8678C01227863BF3E0.e.4519","ELEMENT":"f.79CB9250C4973688A89FBF0EB0986102.d.CBBBAC0DF5A1DF8678C01227863BF3E0.e.4519"}]}
COMMAND: GET /session/c1c20cc70f6d9ef30ac844aa04f1cdf8/screenshot - {}
RESULT: {}
RESULT: {"script":"<script> [8489 bytes]","args":[{"element-6066-11e4-a52e-4f735466cecf":"f.79CB9250C4973688A89FBF0EB0986102.d.CBBBAC0DF5A1DF8678C01227863BF3E0.e.4519","ELEMENT":"f.79CB9250C4973688A89FBF0EB0986102.d.CBBBAC0DF5A1DF8678C01227863BF3E0.e.4519"}]}
COMMAND: POST /session/c1c20cc70f6d9ef30ac844aa04f1cdf8/execute/sync - {"script":"<script> [5351 bytes]","args":[{"element-6066-11e4-a52e-4f735466cecf":"f.79CB9250C4973688A89FBF0EB0986102.d.CBBBAC0DF5A1DF8678C01227863BF3E0.e.4519","ELEMENT":"f.79CB9250C4973688A89FBF0EB0986102.d.CBBBAC0DF5A1DF8678C01227863BF3E0.e.4519"}]}
COMMAND: GET /session/c1c20cc70f6d9ef30ac844aa04f1cdf8/screenshot - {}
RESULT: {}
RESULT: {"script":"<script> [5351 bytes]","args":[{"element-6066-11e4-a52e-4f735466cecf":"f.79CB9250C4973688A89FBF0EB0986102.d.CBBBAC0DF5A1DF8678C01227863BF3E0.e.4519","ELEMENT":"f.79CB9250C4973688A89FBF0EB0986102.d.CBBBAC0DF5A1DF8678C01227863BF3E0.e.4519"}]}
COMMAND: POST /session/c1c20cc70f6d9ef30ac844aa04f1cdf8/element/f.79CB9250C4973688A89FBF0EB0986102.d.CBBBAC0DF5A1DF8678C01227863BF3E0.e.4519/click - {}
COMMAND: GET /session/c1c20cc70f6d9ef30ac844aa04f1cdf8/screenshot - {}
RESULT: {}
RESULT: {}
COMMAND: GET /session/c1c20cc70f6d9ef30ac844aa04f1cdf8/screenshot - {}
COMMAND: POST /session/c1c20cc70f6d9ef30ac844aa04f1cdf8/execute/async - {"script":"<script> [1562 bytes]","args":[{"selector":{"id":"application-managepartners-display-component---NewPartner--addressDetailDetailsName1","interaction":{"idSuffix":"inner"}},"wdio_ui5_key":"applicationmanagepartners-display-component---NewPartner--addressDetailDetailsName1"}]}
RESULT: {}
RESULT: {}
RESULT: {"script":"<script> [1562 bytes]","args":[{"selector":{"id":"application-managepartners-display-component---NewPartner--addressDetailDetailsName1","interaction":{"idSuffix":"inner"}},"wdio_ui5_key":"applicationmanagepartners-display-component---NewPartner--addressDetailDetailsName1"}]}
RESULT: undefined
COMMAND: POST /session/c1c20cc70f6d9ef30ac844aa04f1cdf8/execute/async - {"script":"<script> [776 bytes]","args":[{"enterText":"Intracompany Partner WDIO","selector":{"id":"application-managepartners-display-component---NewPartner--addressDetailDetailsName1","interaction":{"idSuffix":"inner"}},"clearTextFirst":true,"interactionType":"ENTER_TEXT"}]}
RESULT: {"script":"<script> [776 bytes]","args":[{"enterText":"Intracompany Partner WDIO","selector":{"id":"application-managepartners-display-component---NewPartner--addressDetailDetailsName1","interaction":{"idSuffix":"inner"}},"clearTextFirst":true,"interactionType":"ENTER_TEXT"}]}
COMMAND: POST /session/c1c20cc70f6d9ef30ac844aa04f1cdf8/execute/async - {"script":"<script> [1562 bytes]","args":[{"selector":{"id":"application-managepartners-display-component---NewPartner--addressDetailDetailsLanguage-arrow"},"wdio_ui5_key":"applicationmanagepartners-display-component---NewPartner--addressDetailDetailsLanguage-arrow"}]}
RESULT: {"script":"<script> [1562 bytes]","args":[{"selector":{"id":"application-managepartners-display-component---NewPartner--addressDetailDetailsLanguage-arrow"},"wdio_ui5_key":"applicationmanagepartners-display-component---NewPartner--addressDetailDetailsLanguage-arrow"}]}
RESULT: undefined
COMMAND: POST /session/c1c20cc70f6d9ef30ac844aa04f1cdf8/element - {"using":"xpath","value":"//*[@id=\"application-managepartners-display-component---NewPartner--addressDetailDetailsLanguage-arrow\"]"}
RESULT: {"using":"xpath","value":"//*[@id=\"application-managepartners-display-component---NewPartner--addressDetailDetailsLanguage-arrow\"]"}
COMMAND: POST /session/c1c20cc70f6d9ef30ac844aa04f1cdf8/element/f.79CB9250C4973688A89FBF0EB0986102.d.CBBBAC0DF5A1DF8678C01227863BF3E0.e.4975/click - {}
RESULT: {}
COMMAND: POST /session/c1c20cc70f6d9ef30ac844aa04f1cdf8/element - {"using":"xpath","value":"//span[contains(text(), \"English\")]"}
COMMAND: GET /session/c1c20cc70f6d9ef30ac844aa04f1cdf8/screenshot - {}
RESULT: {"using":"xpath","value":"//span[contains(text(), \"English\")]"}
COMMAND: POST /session/c1c20cc70f6d9ef30ac844aa04f1cdf8/element/f.79CB9250C4973688A89FBF0EB0986102.d.CBBBAC0DF5A1DF8678C01227863BF3E0.e.4976/click - {}
RESULT: {}
RESULT: {}
COMMAND: GET /session/c1c20cc70f6d9ef30ac844aa04f1cdf8/screenshot - {}
RESULT: {}
COMMAND: POST /session/c1c20cc70f6d9ef30ac844aa04f1cdf8/execute/async - {"script":"<script> [1562 bytes]","args":[{"selector":{"id":"application-managepartners-display-component---NewPartner--addressDetailDetailsCity1","interaction":{"idSuffix":"inner"}},"wdio_ui5_key":"applicationmanagepartners-display-component---NewPartner--addressDetailDetailsCity1"}]}
RESULT: {"script":"<script> [1562 bytes]","args":[{"selector":{"id":"application-managepartners-display-component---NewPartner--addressDetailDetailsCity1","interaction":{"idSuffix":"inner"}},"wdio_ui5_key":"applicationmanagepartners-display-component---NewPartner--addressDetailDetailsCity1"}]}
RESULT: undefined
COMMAND: POST /session/c1c20cc70f6d9ef30ac844aa04f1cdf8/execute/async - {"script":"<script> [776 bytes]","args":[{"enterText":"Rosario","selector":{"id":"application-managepartners-display-component---NewPartner--addressDetailDetailsCity1","interaction":{"idSuffix":"inner"}},"clearTextFirst":true,"interactionType":"ENTER_TEXT"}]}
RESULT: {"script":"<script> [776 bytes]","args":[{"enterText":"Rosario","selector":{"id":"application-managepartners-display-component---NewPartner--addressDetailDetailsCity1","interaction":{"idSuffix":"inner"}},"clearTextFirst":true,"interactionType":"ENTER_TEXT"}]}
COMMAND: POST /session/c1c20cc70f6d9ef30ac844aa04f1cdf8/execute/async - {"script":"<script> [1562 bytes]","args":[{"selector":{"id":"application-managepartners-display-component---NewPartner--addressDetailDetailsCountry-arrow"},"wdio_ui5_key":"applicationmanagepartners-display-component---NewPartner--addressDetailDetailsCountry-arrow"}]}
RESULT: {"script":"<script> [1562 bytes]","args":[{"selector":{"id":"application-managepartners-display-component---NewPartner--addressDetailDetailsCountry-arrow"},"wdio_ui5_key":"applicationmanagepartners-display-component---NewPartner--addressDetailDetailsCountry-arrow"}]}
RESULT: undefined
COMMAND: POST /session/c1c20cc70f6d9ef30ac844aa04f1cdf8/element - {"using":"xpath","value":"//*[@id=\"application-managepartners-display-component---NewPartner--addressDetailDetailsCountry-arrow\"]"}
RESULT: {"using":"xpath","value":"//*[@id=\"application-managepartners-display-component---NewPartner--addressDetailDetailsCountry-arrow\"]"}
COMMAND: POST /session/c1c20cc70f6d9ef30ac844aa04f1cdf8/element/f.79CB9250C4973688A89FBF0EB0986102.d.CBBBAC0DF5A1DF8678C01227863BF3E0.e.4943/click - {}
RESULT: {}
COMMAND: POST /session/c1c20cc70f6d9ef30ac844aa04f1cdf8/element - {"using":"xpath","value":"//span[contains(text(), \"Argentina\")]"}
COMMAND: GET /session/c1c20cc70f6d9ef30ac844aa04f1cdf8/screenshot - {}
RESULT: {"using":"xpath","value":"//span[contains(text(), \"Argentina\")]"}
COMMAND: POST /session/c1c20cc70f6d9ef30ac844aa04f1cdf8/element/f.79CB9250C4973688A89FBF0EB0986102.d.CBBBAC0DF5A1DF8678C01227863BF3E0.e.4978/click - {}
RESULT: {}
RESULT: {}
COMMAND: GET /session/c1c20cc70f6d9ef30ac844aa04f1cdf8/screenshot - {}
RESULT: {}
COMMAND: POST /session/c1c20cc70f6d9ef30ac844aa04f1cdf8/element - {"using":"xpath","value":"//bdi[contains(text(), \"Commercial\")]"}
RESULT: {"using":"xpath","value":"//bdi[contains(text(), \"Commercial\")]"}
COMMAND: POST /session/c1c20cc70f6d9ef30ac844aa04f1cdf8/element/f.79CB9250C4973688A89FBF0EB0986102.d.CBBBAC0DF5A1DF8678C01227863BF3E0.e.4979/click - {}
RESULT: {}
COMMAND: GET /session/c1c20cc70f6d9ef30ac844aa04f1cdf8/screenshot - {}
RESULT: {}
COMMAND: POST /session/c1c20cc70f6d9ef30ac844aa04f1cdf8/execute/async - {"script":"<script> [1562 bytes]","args":[{"selector":{"id":"application-managepartners-display-component---NewPartner--partnerDetailInternal-arrow"},"wdio_ui5_key":"applicationmanagepartners-display-component---NewPartner--partnerDetailInternal-arrow"}]}
RESULT: {"script":"<script> [1562 bytes]","args":[{"selector":{"id":"application-managepartners-display-component---NewPartner--partnerDetailInternal-arrow"},"wdio_ui5_key":"applicationmanagepartners-display-component---NewPartner--partnerDetailInternal-arrow"}]}
RESULT: undefined
COMMAND: POST /session/c1c20cc70f6d9ef30ac844aa04f1cdf8/element - {"using":"xpath","value":"//*[@id=\"application-managepartners-display-component---NewPartner--partnerDetailInternal-arrow\"]"}
RESULT: {"using":"xpath","value":"//*[@id=\"application-managepartners-display-component---NewPartner--partnerDetailInternal-arrow\"]"}
COMMAND: POST /session/c1c20cc70f6d9ef30ac844aa04f1cdf8/element/f.79CB9250C4973688A89FBF0EB0986102.d.CBBBAC0DF5A1DF8678C01227863BF3E0.e.4985/click - {}
RESULT: {}
COMMAND: POST /session/c1c20cc70f6d9ef30ac844aa04f1cdf8/element - {"using":"xpath","value":"//span[contains(text(), \"Affiliated company\")]"}
COMMAND: GET /session/c1c20cc70f6d9ef30ac844aa04f1cdf8/screenshot - {}
RESULT: {"using":"xpath","value":"//span[contains(text(), \"Affiliated company\")]"}
COMMAND: POST /session/c1c20cc70f6d9ef30ac844aa04f1cdf8/element/f.79CB9250C4973688A89FBF0EB0986102.d.CBBBAC0DF5A1DF8678C01227863BF3E0.e.4988/click - {}
RESULT: {}
RESULT: {}
COMMAND: POST /session/c1c20cc70f6d9ef30ac844aa04f1cdf8/execute/async - {"script":"<script> [1562 bytes]","args":[{"selector":{"id":"application-managepartners-display-component---NewPartner--partnerDetailsCurrency-arrow"},"wdio_ui5_key":"applicationmanagepartners-display-component---NewPartner--partnerDetailsCurrency-arrow"}]}
COMMAND: GET /session/c1c20cc70f6d9ef30ac844aa04f1cdf8/screenshot - {}
RESULT: {"script":"<script> [1562 bytes]","args":[{"selector":{"id":"application-managepartners-display-component---NewPartner--partnerDetailsCurrency-arrow"},"wdio_ui5_key":"applicationmanagepartners-display-component---NewPartner--partnerDetailsCurrency-arrow"}]}
RESULT: undefined
COMMAND: POST /session/c1c20cc70f6d9ef30ac844aa04f1cdf8/element - {"using":"xpath","value":"//*[@id=\"application-managepartners-display-component---NewPartner--partnerDetailsCurrency-arrow\"]"}
RESULT: {}
RESULT: {"using":"xpath","value":"//*[@id=\"application-managepartners-display-component---NewPartner--partnerDetailsCurrency-arrow\"]"}
COMMAND: POST /session/c1c20cc70f6d9ef30ac844aa04f1cdf8/element/f.79CB9250C4973688A89FBF0EB0986102.d.CBBBAC0DF5A1DF8678C01227863BF3E0.e.4995/click - {}
RESULT: {}
COMMAND: POST /session/c1c20cc70f6d9ef30ac844aa04f1cdf8/element - {"using":"xpath","value":"//span[contains(text(), \"Euro\")]"}
COMMAND: GET /session/c1c20cc70f6d9ef30ac844aa04f1cdf8/screenshot - {}
RESULT: {"using":"xpath","value":"//span[contains(text(), \"Euro\")]"}
COMMAND: POST /session/c1c20cc70f6d9ef30ac844aa04f1cdf8/element/f.79CB9250C4973688A89FBF0EB0986102.d.CBBBAC0DF5A1DF8678C01227863BF3E0.e.4996/click - {}
RESULT: {}
RESULT: {}
COMMAND: POST /session/c1c20cc70f6d9ef30ac844aa04f1cdf8/execute/async - {"script":"<script> [1562 bytes]","args":[{"selector":{"id":"application-managepartners-display-component---NewPartner--addressEditDetailsCostObjectCstType-arrow"},"wdio_ui5_key":"applicationmanagepartners-display-component---NewPartner--addressEditDetailsCostObjectCstType-arrow"}]}
COMMAND: GET /session/c1c20cc70f6d9ef30ac844aa04f1cdf8/screenshot - {}
RESULT: {"script":"<script> [1562 bytes]","args":[{"selector":{"id":"application-managepartners-display-component---NewPartner--addressEditDetailsCostObjectCstType-arrow"},"wdio_ui5_key":"applicationmanagepartners-display-component---NewPartner--addressEditDetailsCostObjectCstType-arrow"}]}
RESULT: undefined
COMMAND: POST /session/c1c20cc70f6d9ef30ac844aa04f1cdf8/element - {"using":"xpath","value":"//*[@id=\"application-managepartners-display-component---NewPartner--addressEditDetailsCostObjectCstType-arrow\"]"}
RESULT: {}
RESULT: {"using":"xpath","value":"//*[@id=\"application-managepartners-display-component---NewPartner--addressEditDetailsCostObjectCstType-arrow\"]"}
COMMAND: POST /session/c1c20cc70f6d9ef30ac844aa04f1cdf8/element/f.79CB9250C4973688A89FBF0EB0986102.d.CBBBAC0DF5A1DF8678C01227863BF3E0.e.4997/click - {}
RESULT: {}
COMMAND: POST /session/c1c20cc70f6d9ef30ac844aa04f1cdf8/element - {"using":"xpath","value":"//span[contains(text(), \"Cost Center\")]"}
COMMAND: GET /session/c1c20cc70f6d9ef30ac844aa04f1cdf8/screenshot - {}
RESULT: {"using":"xpath","value":"//span[contains(text(), \"Cost Center\")]"}
COMMAND: POST /session/c1c20cc70f6d9ef30ac844aa04f1cdf8/element/f.79CB9250C4973688A89FBF0EB0986102.d.CBBBAC0DF5A1DF8678C01227863BF3E0.e.4998/click - {}
RESULT: {}
RESULT: {}
COMMAND: GET /session/c1c20cc70f6d9ef30ac844aa04f1cdf8/screenshot - {}
RESULT: {}
COMMAND: POST /session/c1c20cc70f6d9ef30ac844aa04f1cdf8/element - {"using":"xpath","value":"//span[@id=\"application-managepartners-display-component---NewPartner--addressNewCostObjectCstID-vhi\"]"}
RESULT: {"using":"xpath","value":"//span[@id=\"application-managepartners-display-component---NewPartner--addressNewCostObjectCstID-vhi\"]"}
COMMAND: POST /session/c1c20cc70f6d9ef30ac844aa04f1cdf8/execute/sync - {"script":"<script> [8489 bytes]","args":[{"element-6066-11e4-a52e-4f735466cecf":"f.79CB9250C4973688A89FBF0EB0986102.d.CBBBAC0DF5A1DF8678C01227863BF3E0.e.5002","ELEMENT":"f.79CB9250C4973688A89FBF0EB0986102.d.CBBBAC0DF5A1DF8678C01227863BF3E0.e.5002"}]}
RESULT: {"script":"<script> [8489 bytes]","args":[{"element-6066-11e4-a52e-4f735466cecf":"f.79CB9250C4973688A89FBF0EB0986102.d.CBBBAC0DF5A1DF8678C01227863BF3E0.e.5002","ELEMENT":"f.79CB9250C4973688A89FBF0EB0986102.d.CBBBAC0DF5A1DF8678C01227863BF3E0.e.5002"}]}
COMMAND: POST /session/c1c20cc70f6d9ef30ac844aa04f1cdf8/execute/async - {"script":"<script> [1562 bytes]","args":[{"selector":{"id":"application-managepartners-display-component---NewPartner--addressNewCostObjectCstID-vhi"},"wdio_ui5_key":"applicationmanagepartners-display-component---NewPartner--addressNewCostObjectCstID-vhi"}]}
COMMAND: GET /session/c1c20cc70f6d9ef30ac844aa04f1cdf8/screenshot - {}
RESULT: {"script":"<script> [1562 bytes]","args":[{"selector":{"id":"application-managepartners-display-component---NewPartner--addressNewCostObjectCstID-vhi"},"wdio_ui5_key":"applicationmanagepartners-display-component---NewPartner--addressNewCostObjectCstID-vhi"}]}
RESULT: undefined
COMMAND: POST /session/c1c20cc70f6d9ef30ac844aa04f1cdf8/element - {"using":"xpath","value":"//*[@id=\"application-managepartners-display-component---NewPartner--addressNewCostObjectCstID-vhi\"]"}
RESULT: {}
RESULT: {"using":"xpath","value":"//*[@id=\"application-managepartners-display-component---NewPartner--addressNewCostObjectCstID-vhi\"]"}
COMMAND: POST /session/c1c20cc70f6d9ef30ac844aa04f1cdf8/element/f.79CB9250C4973688A89FBF0EB0986102.d.CBBBAC0DF5A1DF8678C01227863BF3E0.e.5002/click - {}
RESULT: {}
COMMAND: GET /session/c1c20cc70f6d9ef30ac844aa04f1cdf8/screenshot - {}
RESULT: {}
COMMAND: POST /session/c1c20cc70f6d9ef30ac844aa04f1cdf8/execute/async - {"script":"<script> [1562 bytes]","args":[{"selector":{"controlType":"sap.m.SearchField","properties":{"placeholder":"Search"},"searchOpenDialogs":true,"interaction":{"idSuffix":"I"}},"wdio_ui5_key":"sapm.SearchField{\"placeholder\":\"Search\"}"}]}
RESULT: {"script":"<script> [1562 bytes]","args":[{"selector":{"controlType":"sap.m.SearchField","properties":{"placeholder":"Search"},"searchOpenDialogs":true,"interaction":{"idSuffix":"I"}},"wdio_ui5_key":"sapm.SearchField{\"placeholder\":\"Search\"}"}]}
RESULT: undefined
COMMAND: POST /session/c1c20cc70f6d9ef30ac844aa04f1cdf8/execute/async - {"script":"<script> [776 bytes]","args":[{"enterText":"10001013","selector":{"controlType":"sap.m.SearchField","properties":{"placeholder":"Search"},"searchOpenDialogs":true,"interaction":{"idSuffix":"I"}},"clearTextFirst":true,"interactionType":"ENTER_TEXT"}]}
RESULT: {"script":"<script> [776 bytes]","args":[{"enterText":"10001013","selector":{"controlType":"sap.m.SearchField","properties":{"placeholder":"Search"},"searchOpenDialogs":true,"interaction":{"idSuffix":"I"}},"clearTextFirst":true,"interactionType":"ENTER_TEXT"}]}
COMMAND: POST /session/c1c20cc70f6d9ef30ac844aa04f1cdf8/actions - {"actions":[{"id":"action12","type":"key","parameters":{},"actions":[{"type":"keyDown","value":"î€‡"},{"type":"pause","duration":10},{"type":"keyUp","value":"î€‡"}]}]}
RESULT: {"actions":[{"id":"action12","type":"key","parameters":{},"actions":[{"type":"keyDown","value":"î€‡"},{"type":"pause","duration":10},{"type":"keyUp","value":"î€‡"}]}]}
COMMAND: GET /session/c1c20cc70f6d9ef30ac844aa04f1cdf8/screenshot - {}
RESULT: {}
COMMAND: POST /session/c1c20cc70f6d9ef30ac844aa04f1cdf8/element - {"using":"xpath","value":"//span[contains(text(), \"General Management\")]"}
RESULT: {"using":"xpath","value":"//span[contains(text(), \"General Management\")]"}
COMMAND: POST /session/c1c20cc70f6d9ef30ac844aa04f1cdf8/element/f.79CB9250C4973688A89FBF0EB0986102.d.CBBBAC0DF5A1DF8678C01227863BF3E0.e.5041/click - {}
RESULT: {}
COMMAND: GET /session/c1c20cc70f6d9ef30ac844aa04f1cdf8/screenshot - {}
RESULT: {}
COMMAND: POST /session/c1c20cc70f6d9ef30ac844aa04f1cdf8/element - {"using":"xpath","value":"//bdi[contains(text(), \"OK\")]"}
RESULT: {"using":"xpath","value":"//bdi[contains(text(), \"OK\")]"}
COMMAND: POST /session/c1c20cc70f6d9ef30ac844aa04f1cdf8/element/f.79CB9250C4973688A89FBF0EB0986102.d.CBBBAC0DF5A1DF8678C01227863BF3E0.e.5042/click - {}
RESULT: {}
COMMAND: GET /session/c1c20cc70f6d9ef30ac844aa04f1cdf8/screenshot - {}
RESULT: {}
COMMAND: POST /session/c1c20cc70f6d9ef30ac844aa04f1cdf8/element - {"using":"xpath","value":"//input[@id=\"application-managepartners-display-component---NewPartner--companyCodeComboBox-inner\"]"}
RESULT: {"using":"xpath","value":"//input[@id=\"application-managepartners-display-component---NewPartner--companyCodeComboBox-inner\"]"}
COMMAND: POST /session/c1c20cc70f6d9ef30ac844aa04f1cdf8/element/f.79CB9250C4973688A89FBF0EB0986102.d.CBBBAC0DF5A1DF8678C01227863BF3E0.e.4896/clear - {}
RESULT: {}
COMMAND: POST /session/c1c20cc70f6d9ef30ac844aa04f1cdf8/element/f.79CB9250C4973688A89FBF0EB0986102.d.CBBBAC0DF5A1DF8678C01227863BF3E0.e.4896/value - {"text":"1000"}
COMMAND: GET /session/c1c20cc70f6d9ef30ac844aa04f1cdf8/screenshot - {}
RESULT: {"text":"1000"}
COMMAND: GET /session/c1c20cc70f6d9ef30ac844aa04f1cdf8/screenshot - {}
RESULT: {}
RESULT: {}
COMMAND: POST /session/c1c20cc70f6d9ef30ac844aa04f1cdf8/element - {"using":"xpath","value":"//li[.//span[text()= \"1000\"]]"}
RESULT: {"using":"xpath","value":"//li[.//span[text()= \"1000\"]]"}
COMMAND: POST /session/c1c20cc70f6d9ef30ac844aa04f1cdf8/element/f.79CB9250C4973688A89FBF0EB0986102.d.CBBBAC0DF5A1DF8678C01227863BF3E0.e.5048/click - {}
RESULT: {}
COMMAND: GET /session/c1c20cc70f6d9ef30ac844aa04f1cdf8/screenshot - {}
RESULT: {}
COMMAND: POST /session/c1c20cc70f6d9ef30ac844aa04f1cdf8/execute/async - {"script":"<script> [1562 bytes]","args":[{"selector":{"id":"application-managepartners-display-component---NewPartner--btnAddTableRow-img"},"wdio_ui5_key":"applicationmanagepartners-display-component---NewPartner--btnAddTableRow-img"}]}
RESULT: {"script":"<script> [1562 bytes]","args":[{"selector":{"id":"application-managepartners-display-component---NewPartner--btnAddTableRow-img"},"wdio_ui5_key":"applicationmanagepartners-display-component---NewPartner--btnAddTableRow-img"}]}
RESULT: undefined
COMMAND: POST /session/c1c20cc70f6d9ef30ac844aa04f1cdf8/element - {"using":"xpath","value":"//*[@id=\"application-managepartners-display-component---NewPartner--btnAddTableRow-img\"]"}
RESULT: {"using":"xpath","value":"//*[@id=\"application-managepartners-display-component---NewPartner--btnAddTableRow-img\"]"}
COMMAND: POST /session/c1c20cc70f6d9ef30ac844aa04f1cdf8/element/f.79CB9250C4973688A89FBF0EB0986102.d.CBBBAC0DF5A1DF8678C01227863BF3E0.e.5049/click - {}
RESULT: {}
COMMAND: GET /session/c1c20cc70f6d9ef30ac844aa04f1cdf8/screenshot - {}
RESULT: {}
COMMAND: POST /session/c1c20cc70f6d9ef30ac844aa04f1cdf8/element - {"using":"xpath","value":"//input[@id=\"application-managepartners-display-component---NewPartner--assignmentYard-application-managepartners-display-component---NewPartner--assignmentsTable-0-inner\"]"}
RESULT: {"using":"xpath","value":"//input[@id=\"application-managepartners-display-component---NewPartner--assignmentYard-application-managepartners-display-component---NewPartner--assignmentsTable-0-inner\"]"}
COMMAND: POST /session/c1c20cc70f6d9ef30ac844aa04f1cdf8/element/f.79CB9250C4973688A89FBF0EB0986102.d.CBBBAC0DF5A1DF8678C01227863BF3E0.e.5052/clear - {}
RESULT: {}
COMMAND: POST /session/c1c20cc70f6d9ef30ac844aa04f1cdf8/element/f.79CB9250C4973688A89FBF0EB0986102.d.CBBBAC0DF5A1DF8678C01227863BF3E0.e.5052/value - {"text":"566"}
COMMAND: GET /session/c1c20cc70f6d9ef30ac844aa04f1cdf8/screenshot - {}
RESULT: {"text":"566"}
COMMAND: GET /session/c1c20cc70f6d9ef30ac844aa04f1cdf8/screenshot - {}
RESULT: {}
RESULT: {}
COMMAND: POST /session/c1c20cc70f6d9ef30ac844aa04f1cdf8/element - {"using":"xpath","value":"//li[.//span[text()='566']]"}
RESULT: {"using":"xpath","value":"//li[.//span[text()='566']]"}
COMMAND: POST /session/c1c20cc70f6d9ef30ac844aa04f1cdf8/element/f.79CB9250C4973688A89FBF0EB0986102.d.CBBBAC0DF5A1DF8678C01227863BF3E0.e.5062/click - {}
RESULT: {}
COMMAND: GET /session/c1c20cc70f6d9ef30ac844aa04f1cdf8/screenshot - {}
RESULT: {}
COMMAND: POST /session/c1c20cc70f6d9ef30ac844aa04f1cdf8/actions - {"actions":[{"id":"action13","type":"key","parameters":{},"actions":[{"type":"keyDown","value":"î€‡"},{"type":"pause","duration":10},{"type":"keyUp","value":"î€‡"}]}]}
RESULT: {"actions":[{"id":"action13","type":"key","parameters":{},"actions":[{"type":"keyDown","value":"î€‡"},{"type":"pause","duration":10},{"type":"keyUp","value":"î€‡"}]}]}
COMMAND: POST /session/c1c20cc70f6d9ef30ac844aa04f1cdf8/execute/async - {"script":"<script> [1562 bytes]","args":[{"selector":{"id":"application-managepartners-display-component---NewPartner--externalCustomerComboBox-application-managepartners-display-component---NewPartner--assignmentsTable-0-vhi"},"wdio_ui5_key":"applicationmanagepartners-display-component---NewPartner--externalCustomerComboBox-application-managepartners-display-component---NewPartner--assignmentsTable-0-vhi"}]}
COMMAND: GET /session/c1c20cc70f6d9ef30ac844aa04f1cdf8/screenshot - {}
RESULT: {"script":"<script> [1562 bytes]","args":[{"selector":{"id":"application-managepartners-display-component---NewPartner--externalCustomerComboBox-application-managepartners-display-component---NewPartner--assignmentsTable-0-vhi"},"wdio_ui5_key":"applicationmanagepartners-display-component---NewPartner--externalCustomerComboBox-application-managepartners-display-component---NewPartner--assignmentsTable-0-vhi"}]}
RESULT: undefined
COMMAND: POST /session/c1c20cc70f6d9ef30ac844aa04f1cdf8/element - {"using":"xpath","value":"//*[@id=\"application-managepartners-display-component---NewPartner--externalCustomerComboBox-application-managepartners-display-component---NewPartner--assignmentsTable-0-vhi\"]"}
RESULT: {}
RESULT: {"using":"xpath","value":"//*[@id=\"application-managepartners-display-component---NewPartner--externalCustomerComboBox-application-managepartners-display-component---NewPartner--assignmentsTable-0-vhi\"]"}
COMMAND: POST /session/c1c20cc70f6d9ef30ac844aa04f1cdf8/element/f.79CB9250C4973688A89FBF0EB0986102.d.CBBBAC0DF5A1DF8678C01227863BF3E0.e.5066/click - {}
RESULT: {}
RESULT: undefined
COMMAND: POST /session/c1c20cc70f6d9ef30ac844aa04f1cdf8/execute/async - {"script":"<script> [776 bytes]","args":[{"enterText":"300003","selector":{"controlType":"sap.m.SearchField","properties":{"placeholder":"Search"},"searchOpenDialogs":true,"interaction":{"idSuffix":"I"}},"clearTextFirst":true,"interactionType":"ENTER_TEXT"}]}
COMMAND: GET /session/c1c20cc70f6d9ef30ac844aa04f1cdf8/screenshot - {}
RESULT: {"script":"<script> [776 bytes]","args":[{"enterText":"300003","selector":{"controlType":"sap.m.SearchField","properties":{"placeholder":"Search"},"searchOpenDialogs":true,"interaction":{"idSuffix":"I"}},"clearTextFirst":true,"interactionType":"ENTER_TEXT"}]}
COMMAND: POST /session/c1c20cc70f6d9ef30ac844aa04f1cdf8/actions - {"actions":[{"id":"action14","type":"key","parameters":{},"actions":[{"type":"keyDown","value":"î€‡"},{"type":"pause","duration":10},{"type":"keyUp","value":"î€‡"}]}]}
RESULT: {}
RESULT: {"actions":[{"id":"action14","type":"key","parameters":{},"actions":[{"type":"keyDown","value":"î€‡"},{"type":"pause","duration":10},{"type":"keyUp","value":"î€‡"}]}]}
COMMAND: GET /session/c1c20cc70f6d9ef30ac844aa04f1cdf8/screenshot - {}
RESULT: {}
COMMAND: POST /session/c1c20cc70f6d9ef30ac844aa04f1cdf8/element - {"using":"xpath","value":"//span[contains(text(), \"300003\")]"}
RESULT: {"using":"xpath","value":"//span[contains(text(), \"300003\")]"}
COMMAND: POST /session/c1c20cc70f6d9ef30ac844aa04f1cdf8/element/f.79CB9250C4973688A89FBF0EB0986102.d.CBBBAC0DF5A1DF8678C01227863BF3E0.e.5082/click - {}
RESULT: {}
COMMAND: GET /session/c1c20cc70f6d9ef30ac844aa04f1cdf8/screenshot - {}
RESULT: {}
COMMAND: POST /session/c1c20cc70f6d9ef30ac844aa04f1cdf8/element - {"using":"xpath","value":"//bdi[contains(text(), \"OK\")]"}
RESULT: {"using":"xpath","value":"//bdi[contains(text(), \"OK\")]"}
COMMAND: POST /session/c1c20cc70f6d9ef30ac844aa04f1cdf8/element/f.79CB9250C4973688A89FBF0EB0986102.d.CBBBAC0DF5A1DF8678C01227863BF3E0.e.5084/click - {}
RESULT: {}
COMMAND: GET /session/c1c20cc70f6d9ef30ac844aa04f1cdf8/screenshot - {}
RESULT: {}
COMMAND: POST /session/c1c20cc70f6d9ef30ac844aa04f1cdf8/execute/async - {"script":"<script> [1562 bytes]","args":[{"selector":{"id":"application-managepartners-display-component---NewPartner--intercompVendorComboBox-application-managepartners-display-component---NewPartner--assignmentsTable-0-vhi"},"wdio_ui5_key":"applicationmanagepartners-display-component---NewPartner--intercompVendorComboBox-application-managepartners-display-component---NewPartner--assignmentsTable-0-vhi"}]}
RESULT: {"script":"<script> [1562 bytes]","args":[{"selector":{"id":"application-managepartners-display-component---NewPartner--intercompVendorComboBox-application-managepartners-display-component---NewPartner--assignmentsTable-0-vhi"},"wdio_ui5_key":"applicationmanagepartners-display-component---NewPartner--intercompVendorComboBox-application-managepartners-display-component---NewPartner--assignmentsTable-0-vhi"}]}
RESULT: undefined
COMMAND: POST /session/c1c20cc70f6d9ef30ac844aa04f1cdf8/element - {"using":"xpath","value":"//*[@id=\"application-managepartners-display-component---NewPartner--intercompVendorComboBox-application-managepartners-display-component---NewPartner--assignmentsTable-0-vhi\"]"}
RESULT: {"using":"xpath","value":"//*[@id=\"application-managepartners-display-component---NewPartner--intercompVendorComboBox-application-managepartners-display-component---NewPartner--assignmentsTable-0-vhi\"]"}
COMMAND: POST /session/c1c20cc70f6d9ef30ac844aa04f1cdf8/element/f.79CB9250C4973688A89FBF0EB0986102.d.CBBBAC0DF5A1DF8678C01227863BF3E0.e.5088/click - {}
RESULT: {}
RESULT: undefined
COMMAND: POST /session/c1c20cc70f6d9ef30ac844aa04f1cdf8/execute/async - {"script":"<script> [776 bytes]","args":[{"enterText":"100005","selector":{"controlType":"sap.m.SearchField","properties":{"placeholder":"Search"},"searchOpenDialogs":true,"interaction":{"idSuffix":"I"}},"clearTextFirst":true,"interactionType":"ENTER_TEXT"}]}
COMMAND: GET /session/c1c20cc70f6d9ef30ac844aa04f1cdf8/screenshot - {}
RESULT: {"script":"<script> [776 bytes]","args":[{"enterText":"100005","selector":{"controlType":"sap.m.SearchField","properties":{"placeholder":"Search"},"searchOpenDialogs":true,"interaction":{"idSuffix":"I"}},"clearTextFirst":true,"interactionType":"ENTER_TEXT"}]}
COMMAND: POST /session/c1c20cc70f6d9ef30ac844aa04f1cdf8/actions - {"actions":[{"id":"action15","type":"key","parameters":{},"actions":[{"type":"keyDown","value":"î€‡"},{"type":"pause","duration":10},{"type":"keyUp","value":"î€‡"}]}]}
RESULT: {}
RESULT: {"actions":[{"id":"action15","type":"key","parameters":{},"actions":[{"type":"keyDown","value":"î€‡"},{"type":"pause","duration":10},{"type":"keyUp","value":"î€‡"}]}]}
COMMAND: GET /session/c1c20cc70f6d9ef30ac844aa04f1cdf8/screenshot - {}
RESULT: {}
COMMAND: POST /session/c1c20cc70f6d9ef30ac844aa04f1cdf8/element - {"using":"xpath","value":"//span[contains(text(), \"Penguins - Field/12345 Berlin\")]"}
RESULT: {"using":"xpath","value":"//span[contains(text(), \"Penguins - Field/12345 Berlin\")]"}
COMMAND: POST /session/c1c20cc70f6d9ef30ac844aa04f1cdf8/element/f.79CB9250C4973688A89FBF0EB0986102.d.CBBBAC0DF5A1DF8678C01227863BF3E0.e.5106/click - {}
RESULT: {}
COMMAND: GET /session/c1c20cc70f6d9ef30ac844aa04f1cdf8/screenshot - {}
RESULT: {}
COMMAND: POST /session/c1c20cc70f6d9ef30ac844aa04f1cdf8/element - {"using":"xpath","value":"//bdi[contains(text(), \"OK\")]"}
RESULT: {"using":"xpath","value":"//bdi[contains(text(), \"OK\")]"}
COMMAND: POST /session/c1c20cc70f6d9ef30ac844aa04f1cdf8/element/f.79CB9250C4973688A89FBF0EB0986102.d.CBBBAC0DF5A1DF8678C01227863BF3E0.e.5107/click - {}
RESULT: {}
COMMAND: GET /session/c1c20cc70f6d9ef30ac844aa04f1cdf8/screenshot - {}
RESULT: {}
COMMAND: POST /session/c1c20cc70f6d9ef30ac844aa04f1cdf8/element - {"using":"xpath","value":"//button[@data-kt=\"saveButton\"]"}
RESULT: {"using":"xpath","value":"//button[@data-kt=\"saveButton\"]"}
COMMAND: POST /session/c1c20cc70f6d9ef30ac844aa04f1cdf8/element/f.79CB9250C4973688A89FBF0EB0986102.d.CBBBAC0DF5A1DF8678C01227863BF3E0.e.4901/click - {}
RESULT: {}
COMMAND: GET /session/c1c20cc70f6d9ef30ac844aa04f1cdf8/screenshot - {}
RESULT: {}
COMMAND: POST /session/c1c20cc70f6d9ef30ac844aa04f1cdf8/element - {"using":"xpath","value":"//header[contains(@id, 'ObjectPageLayout-headerTitle')]/div[1]/div[2]/div[2]/span[1]"}
RESULT: {"using":"xpath","value":"//header[contains(@id, 'ObjectPageLayout-headerTitle')]/div[1]/div[2]/div[2]/span[1]"}
COMMAND: POST /session/c1c20cc70f6d9ef30ac844aa04f1cdf8/elements - {"using":"xpath","value":"//header[contains(@id, 'ObjectPageLayout-headerTitle')]/div[1]/div[2]/div[2]/span[1]"}
RESULT: {"using":"xpath","value":"//header[contains(@id, 'ObjectPageLayout-headerTitle')]/div[1]/div[2]/div[2]/span[1]"}
COMMAND: POST /session/c1c20cc70f6d9ef30ac844aa04f1cdf8/execute/sync - {"script":"<script> [56 bytes]","args":[{"element-6066-11e4-a52e-4f735466cecf":"f.79CB9250C4973688A89FBF0EB0986102.d.CBBBAC0DF5A1DF8678C01227863BF3E0.e.5272","ELEMENT":"f.79CB9250C4973688A89FBF0EB0986102.d.CBBBAC0DF5A1DF8678C01227863BF3E0.e.5272"}]}
RESULT: {"script":"<script> [56 bytes]","args":[{"element-6066-11e4-a52e-4f735466cecf":"f.79CB9250C4973688A89FBF0EB0986102.d.CBBBAC0DF5A1DF8678C01227863BF3E0.e.5272","ELEMENT":"f.79CB9250C4973688A89FBF0EB0986102.d.CBBBAC0DF5A1DF8678C01227863BF3E0.e.5272"}]}
COMMAND: POST /session/c1c20cc70f6d9ef30ac844aa04f1cdf8/element - {"using":"css selector","value":"#shell-header-logo"}
COMMAND: GET /session/c1c20cc70f6d9ef30ac844aa04f1cdf8/screenshot - {}
RESULT: {"using":"css selector","value":"#shell-header-logo"}
COMMAND: POST /session/c1c20cc70f6d9ef30ac844aa04f1cdf8/element/f.79CB9250C4973688A89FBF0EB0986102.d.CBBBAC0DF5A1DF8678C01227863BF3E0.e.4484/click - {}
RESULT: {}
RESULT: {}
COMMAND: GET /session/c1c20cc70f6d9ef30ac844aa04f1cdf8/screenshot - {}
RESULT: {}
COMMAND: POST /session/c1c20cc70f6d9ef30ac844aa04f1cdf8/execute/sync - {"script":"<script> [299 bytes]","args":[["getModel","getResource"]]}
RESULT: {"script":"<script> [299 bytes]","args":[["getModel","getResource"]]}
RESULT: undefined
COMMAND: POST /session/c1c20cc70f6d9ef30ac844aa04f1cdf8/element - {"using":"xpath","value":"//*[@id=\"__tile30\"]"}
COMMAND: GET /session/c1c20cc70f6d9ef30ac844aa04f1cdf8/screenshot - {}
RESULT: {"using":"xpath","value":"//*[@id=\"__tile30\"]"}
COMMAND: POST /session/c1c20cc70f6d9ef30ac844aa04f1cdf8/element/f.79CB9250C4973688A89FBF0EB0986102.d.CBBBAC0DF5A1DF8678C01227863BF3E0.e.4404/click - {}
RESULT: {}
RESULT: {}
COMMAND: GET /session/c1c20cc70f6d9ef30ac844aa04f1cdf8/screenshot - {}
RESULT: {}
COMMAND: POST /session/c1c20cc70f6d9ef30ac844aa04f1cdf8/elements - {"using":"xpath","value":"//span[text()='Error']"}
RESULT: {"using":"xpath","value":"//span[text()='Error']"}
COMMAND: POST /session/c1c20cc70f6d9ef30ac844aa04f1cdf8/element - {"using":"xpath","value":"//button[@data-kt=\"addButton\"]"}
RESULT: {"using":"xpath","value":"//button[@data-kt=\"addButton\"]"}
COMMAND: POST /session/c1c20cc70f6d9ef30ac844aa04f1cdf8/elements - {"using":"xpath","value":"//button[@data-kt=\"addButton\"]"}
RESULT: {"using":"xpath","value":"//button[@data-kt=\"addButton\"]"}
COMMAND: POST /session/c1c20cc70f6d9ef30ac844aa04f1cdf8/execute/sync - {"script":"<script> [8489 bytes]","args":[{"element-6066-11e4-a52e-4f735466cecf":"f.79CB9250C4973688A89FBF0EB0986102.d.CBBBAC0DF5A1DF8678C01227863BF3E0.e.5321","ELEMENT":"f.79CB9250C4973688A89FBF0EB0986102.d.CBBBAC0DF5A1DF8678C01227863BF3E0.e.5321"}]}
RESULT: {"script":"<script> [8489 bytes]","args":[{"element-6066-11e4-a52e-4f735466cecf":"f.79CB9250C4973688A89FBF0EB0986102.d.CBBBAC0DF5A1DF8678C01227863BF3E0.e.5321","ELEMENT":"f.79CB9250C4973688A89FBF0EB0986102.d.CBBBAC0DF5A1DF8678C01227863BF3E0.e.5321"}]}
COMMAND: GET /session/c1c20cc70f6d9ef30ac844aa04f1cdf8/element/f.79CB9250C4973688A89FBF0EB0986102.d.CBBBAC0DF5A1DF8678C01227863BF3E0.e.5321/enabled - {}
COMMAND: GET /session/c1c20cc70f6d9ef30ac844aa04f1cdf8/screenshot - {}
RESULT: {}
COMMAND: POST /session/c1c20cc70f6d9ef30ac844aa04f1cdf8/execute/sync - {"script":"<script> [8489 bytes]","args":[{"element-6066-11e4-a52e-4f735466cecf":"f.79CB9250C4973688A89FBF0EB0986102.d.CBBBAC0DF5A1DF8678C01227863BF3E0.e.5321","ELEMENT":"f.79CB9250C4973688A89FBF0EB0986102.d.CBBBAC0DF5A1DF8678C01227863BF3E0.e.5321"}]}
COMMAND: GET /session/c1c20cc70f6d9ef30ac844aa04f1cdf8/screenshot - {}
RESULT: {}
RESULT: {"script":"<script> [8489 bytes]","args":[{"element-6066-11e4-a52e-4f735466cecf":"f.79CB9250C4973688A89FBF0EB0986102.d.CBBBAC0DF5A1DF8678C01227863BF3E0.e.5321","ELEMENT":"f.79CB9250C4973688A89FBF0EB0986102.d.CBBBAC0DF5A1DF8678C01227863BF3E0.e.5321"}]}
COMMAND: POST /session/c1c20cc70f6d9ef30ac844aa04f1cdf8/execute/sync - {"script":"<script> [5351 bytes]","args":[{"element-6066-11e4-a52e-4f735466cecf":"f.79CB9250C4973688A89FBF0EB0986102.d.CBBBAC0DF5A1DF8678C01227863BF3E0.e.5321","ELEMENT":"f.79CB9250C4973688A89FBF0EB0986102.d.CBBBAC0DF5A1DF8678C01227863BF3E0.e.5321"}]}
COMMAND: GET /session/c1c20cc70f6d9ef30ac844aa04f1cdf8/screenshot - {}
RESULT: {}
RESULT: {"script":"<script> [5351 bytes]","args":[{"element-6066-11e4-a52e-4f735466cecf":"f.79CB9250C4973688A89FBF0EB0986102.d.CBBBAC0DF5A1DF8678C01227863BF3E0.e.5321","ELEMENT":"f.79CB9250C4973688A89FBF0EB0986102.d.CBBBAC0DF5A1DF8678C01227863BF3E0.e.5321"}]}
COMMAND: GET /session/c1c20cc70f6d9ef30ac844aa04f1cdf8/screenshot - {}
RESULT: {}
RESULT: {}
COMMAND: POST /session/c1c20cc70f6d9ef30ac844aa04f1cdf8/execute/async - {"script":"<script> [1562 bytes]","args":[{"selector":{"id":"application-managepartners-display-component---masterPtm--smartFilterBar-btnBasicSearch","interaction":{"idSuffix":"I"}},"wdio_ui5_key":"applicationmanagepartners-display-component---masterPtm--smartFilterBar-btnBasicSearch"}]}
RESULT: {"script":"<script> [1562 bytes]","args":[{"selector":{"id":"application-managepartners-display-component---masterPtm--smartFilterBar-btnBasicSearch","interaction":{"idSuffix":"I"}},"wdio_ui5_key":"applicationmanagepartners-display-component---masterPtm--smartFilterBar-btnBasicSearch"}]}
RESULT: undefined
COMMAND: POST /session/c1c20cc70f6d9ef30ac844aa04f1cdf8/execute/async - {"script":"<script> [776 bytes]","args":[{"enterText":"1340","selector":{"id":"application-managepartners-display-component---masterPtm--smartFilterBar-btnBasicSearch","interaction":{"idSuffix":"I"}},"clearTextFirst":true,"interactionType":"ENTER_TEXT"}]}
RESULT: {"script":"<script> [776 bytes]","args":[{"enterText":"1340","selector":{"id":"application-managepartners-display-component---masterPtm--smartFilterBar-btnBasicSearch","interaction":{"idSuffix":"I"}},"clearTextFirst":true,"interactionType":"ENTER_TEXT"}]}
COMMAND: POST /session/c1c20cc70f6d9ef30ac844aa04f1cdf8/actions - {"actions":[{"id":"action16","type":"key","parameters":{},"actions":[{"type":"keyDown","value":"î€‡"},{"type":"pause","duration":10},{"type":"keyUp","value":"î€‡"}]}]}
RESULT: {"actions":[{"id":"action16","type":"key","parameters":{},"actions":[{"type":"keyDown","value":"î€‡"},{"type":"pause","duration":10},{"type":"keyUp","value":"î€‡"}]}]}
COMMAND: GET /session/c1c20cc70f6d9ef30ac844aa04f1cdf8/screenshot - {}
RESULT: {}
COMMAND: POST /session/c1c20cc70f6d9ef30ac844aa04f1cdf8/elements - {"using":"xpath","value":"//table[contains(@id, \"customPartnersTable-listUl\")]/tbody/tr"}
RESULT: {"using":"xpath","value":"//table[contains(@id, \"customPartnersTable-listUl\")]/tbody/tr"}
COMMAND: POST /session/c1c20cc70f6d9ef30ac844aa04f1cdf8/element - {"using":"xpath","value":"//table[contains(@id, \"customPartnersTable-listUl\")]/tbody/tr[1]/td[3]/span"}
RESULT: {"using":"xpath","value":"//table[contains(@id, \"customPartnersTable-listUl\")]/tbody/tr[1]/td[3]/span"}
COMMAND: POST /session/c1c20cc70f6d9ef30ac844aa04f1cdf8/elements - {"using":"xpath","value":"//table[contains(@id, \"customPartnersTable-listUl\")]/tbody/tr[1]/td[3]/span"}
RESULT: {"using":"xpath","value":"//table[contains(@id, \"customPartnersTable-listUl\")]/tbody/tr[1]/td[3]/span"}
COMMAND: POST /session/c1c20cc70f6d9ef30ac844aa04f1cdf8/execute/sync - {"script":"<script> [56 bytes]","args":[{"element-6066-11e4-a52e-4f735466cecf":"f.79CB9250C4973688A89FBF0EB0986102.d.CBBBAC0DF5A1DF8678C01227863BF3E0.e.5457","ELEMENT":"f.79CB9250C4973688A89FBF0EB0986102.d.CBBBAC0DF5A1DF8678C01227863BF3E0.e.5457"}]}
RESULT: {"script":"<script> [56 bytes]","args":[{"element-6066-11e4-a52e-4f735466cecf":"f.79CB9250C4973688A89FBF0EB0986102.d.CBBBAC0DF5A1DF8678C01227863BF3E0.e.5457","ELEMENT":"f.79CB9250C4973688A89FBF0EB0986102.d.CBBBAC0DF5A1DF8678C01227863BF3E0.e.5457"}]}
COMMAND: POST /session/c1c20cc70f6d9ef30ac844aa04f1cdf8/element - {"using":"xpath","value":"(//span[contains(@id, \"imgNav\")])[1]"}
COMMAND: GET /session/c1c20cc70f6d9ef30ac844aa04f1cdf8/screenshot - {}
RESULT: {"using":"xpath","value":"(//span[contains(@id, \"imgNav\")])[1]"}
COMMAND: POST /session/c1c20cc70f6d9ef30ac844aa04f1cdf8/element/f.79CB9250C4973688A89FBF0EB0986102.d.CBBBAC0DF5A1DF8678C01227863BF3E0.e.5455/click - {}
RESULT: {}
RESULT: {}
COMMAND: GET /session/c1c20cc70f6d9ef30ac844aa04f1cdf8/screenshot - {}
RESULT: {}
COMMAND: POST /session/c1c20cc70f6d9ef30ac844aa04f1cdf8/element - {"using":"xpath","value":"//bdi[contains(text(), \"Edit\")]"}
RESULT: {"using":"xpath","value":"//bdi[contains(text(), \"Edit\")]"}
COMMAND: POST /session/c1c20cc70f6d9ef30ac844aa04f1cdf8/element/f.79CB9250C4973688A89FBF0EB0986102.d.CBBBAC0DF5A1DF8678C01227863BF3E0.e.5599/click - {}
RESULT: {}
COMMAND: GET /session/c1c20cc70f6d9ef30ac844aa04f1cdf8/screenshot - {}
RESULT: {}
COMMAND: POST /session/c1c20cc70f6d9ef30ac844aa04f1cdf8/execute/async - {"script":"<script> [1562 bytes]","args":[{"selector":{"controlType":"sap.m.Input","viewName":"etm.portal.ui.managepartners.view.EditDetail","labelFor":{"text":"Name"},"interaction":{"idSuffix":"inner"}},"wdio_ui5_key":"etmportal.ui.managepartners.view.EditDetailsap.m.Input{\"text\":\"Name\"}"}]}
RESULT: {"script":"<script> [1562 bytes]","args":[{"selector":{"controlType":"sap.m.Input","viewName":"etm.portal.ui.managepartners.view.EditDetail","labelFor":{"text":"Name"},"interaction":{"idSuffix":"inner"}},"wdio_ui5_key":"etmportal.ui.managepartners.view.EditDetailsap.m.Input{\"text\":\"Name\"}"}]}
RESULT: undefined
COMMAND: POST /session/c1c20cc70f6d9ef30ac844aa04f1cdf8/execute/async - {"script":"<script> [776 bytes]","args":[{"enterText":"Intracompany EDIT","selector":{"controlType":"sap.m.Input","viewName":"etm.portal.ui.managepartners.view.EditDetail","labelFor":{"text":"Name"},"interaction":{"idSuffix":"inner"}},"clearTextFirst":true,"interactionType":"ENTER_TEXT"}]}
RESULT: {"script":"<script> [776 bytes]","args":[{"enterText":"Intracompany EDIT","selector":{"controlType":"sap.m.Input","viewName":"etm.portal.ui.managepartners.view.EditDetail","labelFor":{"text":"Name"},"interaction":{"idSuffix":"inner"}},"clearTextFirst":true,"interactionType":"ENTER_TEXT"}]}
COMMAND: POST /session/c1c20cc70f6d9ef30ac844aa04f1cdf8/element - {"using":"xpath","value":"(//span[contains(@id,\"addressDetailDetailsLanguage-arrow\")])[1]"}
RESULT: {"using":"xpath","value":"(//span[contains(@id,\"addressDetailDetailsLanguage-arrow\")])[1]"}
COMMAND: POST /session/c1c20cc70f6d9ef30ac844aa04f1cdf8/element/f.79CB9250C4973688A89FBF0EB0986102.d.CBBBAC0DF5A1DF8678C01227863BF3E0.e.5681/click - {}
RESULT: {}
COMMAND: POST /session/c1c20cc70f6d9ef30ac844aa04f1cdf8/element - {"using":"xpath","value":"//span[contains(text(), \"Chinese\")]"}
COMMAND: GET /session/c1c20cc70f6d9ef30ac844aa04f1cdf8/screenshot - {}
RESULT: {"using":"xpath","value":"//span[contains(text(), \"Chinese\")]"}
COMMAND: POST /session/c1c20cc70f6d9ef30ac844aa04f1cdf8/element/f.79CB9250C4973688A89FBF0EB0986102.d.CBBBAC0DF5A1DF8678C01227863BF3E0.e.5682/click - {}
RESULT: {}
RESULT: {}
COMMAND: GET /session/c1c20cc70f6d9ef30ac844aa04f1cdf8/screenshot - {}
RESULT: {}
COMMAND: POST /session/c1c20cc70f6d9ef30ac844aa04f1cdf8/execute/async - {"script":"<script> [1562 bytes]","args":[{"selector":{"controlType":"sap.m.Input","viewName":"etm.portal.ui.managepartners.view.EditDetail","labelFor":{"text":"City"},"interaction":{"idSuffix":"inner"}},"wdio_ui5_key":"etmportal.ui.managepartners.view.EditDetailsap.m.Input{\"text\":\"City\"}"}]}
RESULT: {"script":"<script> [1562 bytes]","args":[{"selector":{"controlType":"sap.m.Input","viewName":"etm.portal.ui.managepartners.view.EditDetail","labelFor":{"text":"City"},"interaction":{"idSuffix":"inner"}},"wdio_ui5_key":"etmportal.ui.managepartners.view.EditDetailsap.m.Input{\"text\":\"City\"}"}]}
RESULT: undefined
COMMAND: POST /session/c1c20cc70f6d9ef30ac844aa04f1cdf8/execute/async - {"script":"<script> [776 bytes]","args":[{"enterText":"Clooj-Napoca","selector":{"controlType":"sap.m.Input","viewName":"etm.portal.ui.managepartners.view.EditDetail","labelFor":{"text":"City"},"interaction":{"idSuffix":"inner"}},"clearTextFirst":true,"interactionType":"ENTER_TEXT"}]}
RESULT: {"script":"<script> [776 bytes]","args":[{"enterText":"Clooj-Napoca","selector":{"controlType":"sap.m.Input","viewName":"etm.portal.ui.managepartners.view.EditDetail","labelFor":{"text":"City"},"interaction":{"idSuffix":"inner"}},"clearTextFirst":true,"interactionType":"ENTER_TEXT"}]}
COMMAND: POST /session/c1c20cc70f6d9ef30ac844aa04f1cdf8/element - {"using":"xpath","value":"//button[@data-kt=\"saveButton\"]"}
RESULT: {"using":"xpath","value":"//button[@data-kt=\"saveButton\"]"}
COMMAND: POST /session/c1c20cc70f6d9ef30ac844aa04f1cdf8/element/f.79CB9250C4973688A89FBF0EB0986102.d.CBBBAC0DF5A1DF8678C01227863BF3E0.e.5658/click - {}
RESULT: {}
COMMAND: GET /session/c1c20cc70f6d9ef30ac844aa04f1cdf8/screenshot - {}
RESULT: {}
COMMAND: POST /session/c1c20cc70f6d9ef30ac844aa04f1cdf8/execute/async - {"script":"<script> [1562 bytes]","args":[{"selector":{"id":"application-managepartners-display-component---detailPtm--addressDetailDetailsName1"},"wdio_ui5_key":"applicationmanagepartners-display-component---detailPtm--addressDetailDetailsName1"}]}
RESULT: {"script":"<script> [1562 bytes]","args":[{"selector":{"id":"application-managepartners-display-component---detailPtm--addressDetailDetailsName1"},"wdio_ui5_key":"applicationmanagepartners-display-component---detailPtm--addressDetailDetailsName1"}]}
RESULT: undefined
COMMAND: POST /session/c1c20cc70f6d9ef30ac844aa04f1cdf8/execute/async - {"script":"<script> [6424 bytes]","args":[{"element-6066-11e4-a52e-4f735466cecf":"f.79CB9250C4973688A89FBF0EB0986102.d.CBBBAC0DF5A1DF8678C01227863BF3E0.e.5713"},"getValue",[]]}
RESULT: {"script":"<script> [6424 bytes]","args":[{"element-6066-11e4-a52e-4f735466cecf":"f.79CB9250C4973688A89FBF0EB0986102.d.CBBBAC0DF5A1DF8678C01227863BF3E0.e.5713"},"getValue",[]]}
COMMAND: POST /session/c1c20cc70f6d9ef30ac844aa04f1cdf8/element - {"using":"xpath","value":"//input[@id = \"application-managepartners-display-component---detailPtm--addressDetailDetailsLanguage-inner\"]"}
RESULT: {"using":"xpath","value":"//input[@id = \"application-managepartners-display-component---detailPtm--addressDetailDetailsLanguage-inner\"]"}
COMMAND: GET /session/c1c20cc70f6d9ef30ac844aa04f1cdf8/element/f.79CB9250C4973688A89FBF0EB0986102.d.CBBBAC0DF5A1DF8678C01227863BF3E0.e.5714/property/value - {}
RESULT: {}
COMMAND: POST /session/c1c20cc70f6d9ef30ac844aa04f1cdf8/execute/async - {"script":"<script> [1562 bytes]","args":[{"selector":{"id":"application-managepartners-display-component---detailPtm--addressDetailDetailsCity1"},"wdio_ui5_key":"applicationmanagepartners-display-component---detailPtm--addressDetailDetailsCity1"}]}
COMMAND: GET /session/c1c20cc70f6d9ef30ac844aa04f1cdf8/screenshot - {}
RESULT: {"script":"<script> [1562 bytes]","args":[{"selector":{"id":"application-managepartners-display-component---detailPtm--addressDetailDetailsCity1"},"wdio_ui5_key":"applicationmanagepartners-display-component---detailPtm--addressDetailDetailsCity1"}]}
RESULT: undefined
COMMAND: POST /session/c1c20cc70f6d9ef30ac844aa04f1cdf8/execute/async - {"script":"<script> [6424 bytes]","args":[{"element-6066-11e4-a52e-4f735466cecf":"f.79CB9250C4973688A89FBF0EB0986102.d.CBBBAC0DF5A1DF8678C01227863BF3E0.e.5715"},"getValue",[]]}
RESULT: {}
RESULT: {"script":"<script> [6424 bytes]","args":[{"element-6066-11e4-a52e-4f735466cecf":"f.79CB9250C4973688A89FBF0EB0986102.d.CBBBAC0DF5A1DF8678C01227863BF3E0.e.5715"},"getValue",[]]}
COMMAND: POST /session/c1c20cc70f6d9ef30ac844aa04f1cdf8/element - {"using":"css selector","value":"#shell-header-logo"}
RESULT: {"using":"css selector","value":"#shell-header-logo"}
COMMAND: POST /session/c1c20cc70f6d9ef30ac844aa04f1cdf8/element/f.79CB9250C4973688A89FBF0EB0986102.d.CBBBAC0DF5A1DF8678C01227863BF3E0.e.5276/click - {}
RESULT: {}
COMMAND: GET /session/c1c20cc70f6d9ef30ac844aa04f1cdf8/screenshot - {}
RESULT: {}
]]></system-out>
    </testcase>
    <testcase classname="chrome.136_0_7103_93.windows.Partner_specific_tests_US150819_US151080_US151654_US151176_US103444_US151078_US151079_US151109_US151174_US151175_US151189" name="Should do filtering and navigation tests US151109" time="165.333">
      <system-out><![CDATA[
COMMAND: POST /session/c1c20cc70f6d9ef30ac844aa04f1cdf8/element - {"using":"xpath","value":"//li[.//span[text()=\"Manage Partners\"]]"}
RESULT: {"using":"xpath","value":"//li[.//span[text()=\"Manage Partners\"]]"}
COMMAND: POST /session/c1c20cc70f6d9ef30ac844aa04f1cdf8/element - {"using":"xpath","value":"//li[.//span[text()=\"Manage Partners\"]]"}
RESULT: {"using":"xpath","value":"//li[.//span[text()=\"Manage Partners\"]]"}
COMMAND: POST /session/c1c20cc70f6d9ef30ac844aa04f1cdf8/element - {"using":"css selector","value":"#shell-header-logo"}
RESULT: {"using":"css selector","value":"#shell-header-logo"}
COMMAND: POST /session/c1c20cc70f6d9ef30ac844aa04f1cdf8/element/f.79CB9250C4973688A89FBF0EB0986102.d.CBBBAC0DF5A1DF8678C01227863BF3E0.e.5746/click - {}
COMMAND: POST /session/c1c20cc70f6d9ef30ac844aa04f1cdf8/execute/sync - {"script":"<script> [8489 bytes]","args":[{"element-6066-11e4-a52e-4f735466cecf":"f.79CB9250C4973688A89FBF0EB0986102.d.CBBBAC0DF5A1DF8678C01227863BF3E0.e.5746","ELEMENT":"f.79CB9250C4973688A89FBF0EB0986102.d.CBBBAC0DF5A1DF8678C01227863BF3E0.e.5746"}]}
RESULT: {}
COMMAND: GET /session/c1c20cc70f6d9ef30ac844aa04f1cdf8/screenshot - {}
RESULT: {"script":"<script> [8489 bytes]","args":[{"element-6066-11e4-a52e-4f735466cecf":"f.79CB9250C4973688A89FBF0EB0986102.d.CBBBAC0DF5A1DF8678C01227863BF3E0.e.5746","ELEMENT":"f.79CB9250C4973688A89FBF0EB0986102.d.CBBBAC0DF5A1DF8678C01227863BF3E0.e.5746"}]}
COMMAND: POST /session/c1c20cc70f6d9ef30ac844aa04f1cdf8/execute/sync - {"script":"<script> [5351 bytes]","args":[{"element-6066-11e4-a52e-4f735466cecf":"f.79CB9250C4973688A89FBF0EB0986102.d.CBBBAC0DF5A1DF8678C01227863BF3E0.e.5746","ELEMENT":"f.79CB9250C4973688A89FBF0EB0986102.d.CBBBAC0DF5A1DF8678C01227863BF3E0.e.5746"}]}
COMMAND: GET /session/c1c20cc70f6d9ef30ac844aa04f1cdf8/screenshot - {}
RESULT: {}
RESULT: {"script":"<script> [5351 bytes]","args":[{"element-6066-11e4-a52e-4f735466cecf":"f.79CB9250C4973688A89FBF0EB0986102.d.CBBBAC0DF5A1DF8678C01227863BF3E0.e.5746","ELEMENT":"f.79CB9250C4973688A89FBF0EB0986102.d.CBBBAC0DF5A1DF8678C01227863BF3E0.e.5746"}]}
COMMAND: GET /session/c1c20cc70f6d9ef30ac844aa04f1cdf8/screenshot - {}
RESULT: {}
RESULT: {}
RESULT: undefined
COMMAND: POST /session/c1c20cc70f6d9ef30ac844aa04f1cdf8/element - {"using":"xpath","value":"//*[@id=\"__tile30\"]"}
RESULT: {"using":"xpath","value":"//*[@id=\"__tile30\"]"}
COMMAND: POST /session/c1c20cc70f6d9ef30ac844aa04f1cdf8/element/f.79CB9250C4973688A89FBF0EB0986102.d.CBBBAC0DF5A1DF8678C01227863BF3E0.e.4404/click - {}
RESULT: {}
COMMAND: GET /session/c1c20cc70f6d9ef30ac844aa04f1cdf8/screenshot - {}
RESULT: {}
COMMAND: POST /session/c1c20cc70f6d9ef30ac844aa04f1cdf8/elements - {"using":"xpath","value":"//span[text()='Error']"}
RESULT: {"using":"xpath","value":"//span[text()='Error']"}
COMMAND: POST /session/c1c20cc70f6d9ef30ac844aa04f1cdf8/element - {"using":"xpath","value":"//button[@data-kt=\"addButton\"]"}
RESULT: {"using":"xpath","value":"//button[@data-kt=\"addButton\"]"}
COMMAND: POST /session/c1c20cc70f6d9ef30ac844aa04f1cdf8/elements - {"using":"xpath","value":"//button[@data-kt=\"addButton\"]"}
RESULT: {"using":"xpath","value":"//button[@data-kt=\"addButton\"]"}
COMMAND: POST /session/c1c20cc70f6d9ef30ac844aa04f1cdf8/execute/sync - {"script":"<script> [8489 bytes]","args":[{"element-6066-11e4-a52e-4f735466cecf":"f.79CB9250C4973688A89FBF0EB0986102.d.CBBBAC0DF5A1DF8678C01227863BF3E0.e.5792","ELEMENT":"f.79CB9250C4973688A89FBF0EB0986102.d.CBBBAC0DF5A1DF8678C01227863BF3E0.e.5792"}]}
RESULT: {"script":"<script> [8489 bytes]","args":[{"element-6066-11e4-a52e-4f735466cecf":"f.79CB9250C4973688A89FBF0EB0986102.d.CBBBAC0DF5A1DF8678C01227863BF3E0.e.5792","ELEMENT":"f.79CB9250C4973688A89FBF0EB0986102.d.CBBBAC0DF5A1DF8678C01227863BF3E0.e.5792"}]}
COMMAND: GET /session/c1c20cc70f6d9ef30ac844aa04f1cdf8/element/f.79CB9250C4973688A89FBF0EB0986102.d.CBBBAC0DF5A1DF8678C01227863BF3E0.e.5792/enabled - {}
COMMAND: GET /session/c1c20cc70f6d9ef30ac844aa04f1cdf8/screenshot - {}
RESULT: {}
COMMAND: POST /session/c1c20cc70f6d9ef30ac844aa04f1cdf8/execute/sync - {"script":"<script> [8489 bytes]","args":[{"element-6066-11e4-a52e-4f735466cecf":"f.79CB9250C4973688A89FBF0EB0986102.d.CBBBAC0DF5A1DF8678C01227863BF3E0.e.5792","ELEMENT":"f.79CB9250C4973688A89FBF0EB0986102.d.CBBBAC0DF5A1DF8678C01227863BF3E0.e.5792"}]}
COMMAND: GET /session/c1c20cc70f6d9ef30ac844aa04f1cdf8/screenshot - {}
RESULT: {}
RESULT: {"script":"<script> [8489 bytes]","args":[{"element-6066-11e4-a52e-4f735466cecf":"f.79CB9250C4973688A89FBF0EB0986102.d.CBBBAC0DF5A1DF8678C01227863BF3E0.e.5792","ELEMENT":"f.79CB9250C4973688A89FBF0EB0986102.d.CBBBAC0DF5A1DF8678C01227863BF3E0.e.5792"}]}
COMMAND: POST /session/c1c20cc70f6d9ef30ac844aa04f1cdf8/execute/sync - {"script":"<script> [5351 bytes]","args":[{"element-6066-11e4-a52e-4f735466cecf":"f.79CB9250C4973688A89FBF0EB0986102.d.CBBBAC0DF5A1DF8678C01227863BF3E0.e.5792","ELEMENT":"f.79CB9250C4973688A89FBF0EB0986102.d.CBBBAC0DF5A1DF8678C01227863BF3E0.e.5792"}]}
COMMAND: GET /session/c1c20cc70f6d9ef30ac844aa04f1cdf8/screenshot - {}
RESULT: {}
RESULT: {"script":"<script> [5351 bytes]","args":[{"element-6066-11e4-a52e-4f735466cecf":"f.79CB9250C4973688A89FBF0EB0986102.d.CBBBAC0DF5A1DF8678C01227863BF3E0.e.5792","ELEMENT":"f.79CB9250C4973688A89FBF0EB0986102.d.CBBBAC0DF5A1DF8678C01227863BF3E0.e.5792"}]}
COMMAND: GET /session/c1c20cc70f6d9ef30ac844aa04f1cdf8/screenshot - {}
RESULT: {}
RESULT: {}
COMMAND: POST /session/c1c20cc70f6d9ef30ac844aa04f1cdf8/element - {"using":"xpath","value":"//span[@id=\"application-managepartners-display-component---masterPtm--smartTable-header-inner\"]"}
RESULT: {"using":"xpath","value":"//span[@id=\"application-managepartners-display-component---masterPtm--smartTable-header-inner\"]"}
COMMAND: POST /session/c1c20cc70f6d9ef30ac844aa04f1cdf8/elements - {"using":"xpath","value":"//span[@id=\"application-managepartners-display-component---masterPtm--smartTable-header-inner\"]"}
RESULT: {"using":"xpath","value":"//span[@id=\"application-managepartners-display-component---masterPtm--smartTable-header-inner\"]"}
COMMAND: POST /session/c1c20cc70f6d9ef30ac844aa04f1cdf8/execute/sync - {"script":"<script> [56 bytes]","args":[{"element-6066-11e4-a52e-4f735466cecf":"f.79CB9250C4973688A89FBF0EB0986102.d.CBBBAC0DF5A1DF8678C01227863BF3E0.e.5920","ELEMENT":"f.79CB9250C4973688A89FBF0EB0986102.d.CBBBAC0DF5A1DF8678C01227863BF3E0.e.5920"}]}
RESULT: {"script":"<script> [56 bytes]","args":[{"element-6066-11e4-a52e-4f735466cecf":"f.79CB9250C4973688A89FBF0EB0986102.d.CBBBAC0DF5A1DF8678C01227863BF3E0.e.5920","ELEMENT":"f.79CB9250C4973688A89FBF0EB0986102.d.CBBBAC0DF5A1DF8678C01227863BF3E0.e.5920"}]}
RESULT: undefined
COMMAND: POST /session/c1c20cc70f6d9ef30ac844aa04f1cdf8/execute/async - {"script":"<script> [776 bytes]","args":[{"enterText":"External Partner WDIO","selector":{"id":"application-managepartners-display-component---masterPtm--smartFilterBar-btnBasicSearch","interaction":{"idSuffix":"I"}},"clearTextFirst":true,"interactionType":"ENTER_TEXT"}]}
COMMAND: GET /session/c1c20cc70f6d9ef30ac844aa04f1cdf8/screenshot - {}
RESULT: {"script":"<script> [776 bytes]","args":[{"enterText":"External Partner WDIO","selector":{"id":"application-managepartners-display-component---masterPtm--smartFilterBar-btnBasicSearch","interaction":{"idSuffix":"I"}},"clearTextFirst":true,"interactionType":"ENTER_TEXT"}]}
COMMAND: POST /session/c1c20cc70f6d9ef30ac844aa04f1cdf8/actions - {"actions":[{"id":"action17","type":"key","parameters":{},"actions":[{"type":"keyDown","value":"î€‡"},{"type":"pause","duration":10},{"type":"keyUp","value":"î€‡"}]}]}
RESULT: {}
RESULT: {"actions":[{"id":"action17","type":"key","parameters":{},"actions":[{"type":"keyDown","value":"î€‡"},{"type":"pause","duration":10},{"type":"keyUp","value":"î€‡"}]}]}
COMMAND: GET /session/c1c20cc70f6d9ef30ac844aa04f1cdf8/screenshot - {}
RESULT: {}
COMMAND: POST /session/c1c20cc70f6d9ef30ac844aa04f1cdf8/element - {"using":"xpath","value":"//span[@id=\"application-managepartners-display-component---masterPtm--smartTable-header-inner\"]"}
RESULT: {"using":"xpath","value":"//span[@id=\"application-managepartners-display-component---masterPtm--smartTable-header-inner\"]"}
COMMAND: POST /session/c1c20cc70f6d9ef30ac844aa04f1cdf8/elements - {"using":"xpath","value":"//span[@id=\"application-managepartners-display-component---masterPtm--smartTable-header-inner\"]"}
RESULT: {"using":"xpath","value":"//span[@id=\"application-managepartners-display-component---masterPtm--smartTable-header-inner\"]"}
COMMAND: POST /session/c1c20cc70f6d9ef30ac844aa04f1cdf8/execute/sync - {"script":"<script> [56 bytes]","args":[{"element-6066-11e4-a52e-4f735466cecf":"f.79CB9250C4973688A89FBF0EB0986102.d.CBBBAC0DF5A1DF8678C01227863BF3E0.e.5920","ELEMENT":"f.79CB9250C4973688A89FBF0EB0986102.d.CBBBAC0DF5A1DF8678C01227863BF3E0.e.5920"}]}
RESULT: {"script":"<script> [56 bytes]","args":[{"element-6066-11e4-a52e-4f735466cecf":"f.79CB9250C4973688A89FBF0EB0986102.d.CBBBAC0DF5A1DF8678C01227863BF3E0.e.5920","ELEMENT":"f.79CB9250C4973688A89FBF0EB0986102.d.CBBBAC0DF5A1DF8678C01227863BF3E0.e.5920"}]}
COMMAND: POST /session/c1c20cc70f6d9ef30ac844aa04f1cdf8/element - {"using":"xpath","value":"//div[contains(@id, \"managepartners-display-component---masterPtm--smartFilterBar-btnBasicSearch-reset\")]"}
COMMAND: GET /session/c1c20cc70f6d9ef30ac844aa04f1cdf8/screenshot - {}
RESULT: {"using":"xpath","value":"//div[contains(@id, \"managepartners-display-component---masterPtm--smartFilterBar-btnBasicSearch-reset\")]"}
COMMAND: POST /session/c1c20cc70f6d9ef30ac844aa04f1cdf8/element/f.79CB9250C4973688A89FBF0EB0986102.d.CBBBAC0DF5A1DF8678C01227863BF3E0.e.6078/click - {}
RESULT: {}
RESULT: {}
COMMAND: GET /session/c1c20cc70f6d9ef30ac844aa04f1cdf8/screenshot - {}
RESULT: {}
COMMAND: POST /session/c1c20cc70f6d9ef30ac844aa04f1cdf8/execute/async - {"script":"<script> [1562 bytes]","args":[{"selector":{"id":"application-managepartners-display-component---masterPtm--smartFilterBar-filterItemControl_BASIC-MAIN_ADDRESS-vhi"},"wdio_ui5_key":"applicationmanagepartners-display-component---masterPtm--smartFilterBar-filterItemControl_BASIC-MAIN_ADDRESS-vhi"}]}
RESULT: {"script":"<script> [1562 bytes]","args":[{"selector":{"id":"application-managepartners-display-component---masterPtm--smartFilterBar-filterItemControl_BASIC-MAIN_ADDRESS-vhi"},"wdio_ui5_key":"applicationmanagepartners-display-component---masterPtm--smartFilterBar-filterItemControl_BASIC-MAIN_ADDRESS-vhi"}]}
RESULT: undefined
COMMAND: POST /session/c1c20cc70f6d9ef30ac844aa04f1cdf8/element - {"using":"xpath","value":"//*[@id=\"application-managepartners-display-component---masterPtm--smartFilterBar-filterItemControl_BASIC-MAIN_ADDRESS-vhi\"]"}
RESULT: {"using":"xpath","value":"//*[@id=\"application-managepartners-display-component---masterPtm--smartFilterBar-filterItemControl_BASIC-MAIN_ADDRESS-vhi\"]"}
COMMAND: POST /session/c1c20cc70f6d9ef30ac844aa04f1cdf8/element/f.79CB9250C4973688A89FBF0EB0986102.d.CBBBAC0DF5A1DF8678C01227863BF3E0.e.6154/click - {}
RESULT: {}
COMMAND: GET /session/c1c20cc70f6d9ef30ac844aa04f1cdf8/screenshot - {}
RESULT: {}
COMMAND: POST /session/c1c20cc70f6d9ef30ac844aa04f1cdf8/execute/async - {"script":"<script> [1562 bytes]","args":[{"selector":{"id":"application-managepartners-display-component---masterPtm--smartFilterBar-filterItemControl_BASIC-MAIN_ADDRESS-valueHelpDialog-smartFilterBar-btnBasicSearch","searchOpenDialogs":true,"interaction":{"idSuffix":"I"}},"wdio_ui5_key":"applicationmanagepartners-display-component---masterPtm--smartFilterBar-filterItemControl_BASIC-MAIN_ADDRESS-valueHelpDialog-smartFilterBar-btnBasicSearch"}]}
RESULT: {"script":"<script> [1562 bytes]","args":[{"selector":{"id":"application-managepartners-display-component---masterPtm--smartFilterBar-filterItemControl_BASIC-MAIN_ADDRESS-valueHelpDialog-smartFilterBar-btnBasicSearch","searchOpenDialogs":true,"interaction":{"idSuffix":"I"}},"wdio_ui5_key":"applicationmanagepartners-display-component---masterPtm--smartFilterBar-filterItemControl_BASIC-MAIN_ADDRESS-valueHelpDialog-smartFilterBar-btnBasicSearch"}]}
RESULT: undefined
COMMAND: POST /session/c1c20cc70f6d9ef30ac844aa04f1cdf8/execute/async - {"script":"<script> [776 bytes]","args":[{"enterText":"Romania","selector":{"id":"application-managepartners-display-component---masterPtm--smartFilterBar-filterItemControl_BASIC-MAIN_ADDRESS-valueHelpDialog-smartFilterBar-btnBasicSearch","searchOpenDialogs":true,"interaction":{"idSuffix":"I"}},"clearTextFirst":true,"interactionType":"ENTER_TEXT"}]}
RESULT: {"script":"<script> [776 bytes]","args":[{"enterText":"Romania","selector":{"id":"application-managepartners-display-component---masterPtm--smartFilterBar-filterItemControl_BASIC-MAIN_ADDRESS-valueHelpDialog-smartFilterBar-btnBasicSearch","searchOpenDialogs":true,"interaction":{"idSuffix":"I"}},"clearTextFirst":true,"interactionType":"ENTER_TEXT"}]}
COMMAND: POST /session/c1c20cc70f6d9ef30ac844aa04f1cdf8/actions - {"actions":[{"id":"action18","type":"key","parameters":{},"actions":[{"type":"keyDown","value":"î€‡"},{"type":"pause","duration":10},{"type":"keyUp","value":"î€‡"}]}]}
RESULT: {"actions":[{"id":"action18","type":"key","parameters":{},"actions":[{"type":"keyDown","value":"î€‡"},{"type":"pause","duration":10},{"type":"keyUp","value":"î€‡"}]}]}
COMMAND: POST /session/c1c20cc70f6d9ef30ac844aa04f1cdf8/elements - {"using":"xpath","value":"//table[contains(@id, \"smartFilterBar-filterItemControl_BASIC-MAIN_ADDRESS-valueHelpDialog-table-table\")]/tbody/tr"}
COMMAND: GET /session/c1c20cc70f6d9ef30ac844aa04f1cdf8/screenshot - {}
RESULT: {"using":"xpath","value":"//table[contains(@id, \"smartFilterBar-filterItemControl_BASIC-MAIN_ADDRESS-valueHelpDialog-table-table\")]/tbody/tr"}
COMMAND: POST /session/c1c20cc70f6d9ef30ac844aa04f1cdf8/element - {"using":"xpath","value":"//table[contains(@id, \"smartFilterBar-filterItemControl_BASIC-MAIN_ADDRESS-valueHelpDialog-table-table\")]/tbody/tr[1]/td[1]/div/span"}
RESULT: {}
RESULT: {"using":"xpath","value":"//table[contains(@id, \"smartFilterBar-filterItemControl_BASIC-MAIN_ADDRESS-valueHelpDialog-table-table\")]/tbody/tr[1]/td[1]/div/span"}
COMMAND: POST /session/c1c20cc70f6d9ef30ac844aa04f1cdf8/elements - {"using":"xpath","value":"//table[contains(@id, \"smartFilterBar-filterItemControl_BASIC-MAIN_ADDRESS-valueHelpDialog-table-table\")]/tbody/tr[1]/td[1]/div/span"}
RESULT: {"using":"xpath","value":"//table[contains(@id, \"smartFilterBar-filterItemControl_BASIC-MAIN_ADDRESS-valueHelpDialog-table-table\")]/tbody/tr[1]/td[1]/div/span"}
COMMAND: POST /session/c1c20cc70f6d9ef30ac844aa04f1cdf8/execute/sync - {"script":"<script> [56 bytes]","args":[{"element-6066-11e4-a52e-4f735466cecf":"f.79CB9250C4973688A89FBF0EB0986102.d.CBBBAC0DF5A1DF8678C01227863BF3E0.e.6174","ELEMENT":"f.79CB9250C4973688A89FBF0EB0986102.d.CBBBAC0DF5A1DF8678C01227863BF3E0.e.6174"}]}
RESULT: {"script":"<script> [56 bytes]","args":[{"element-6066-11e4-a52e-4f735466cecf":"f.79CB9250C4973688A89FBF0EB0986102.d.CBBBAC0DF5A1DF8678C01227863BF3E0.e.6174","ELEMENT":"f.79CB9250C4973688A89FBF0EB0986102.d.CBBBAC0DF5A1DF8678C01227863BF3E0.e.6174"}]}
COMMAND: POST /session/c1c20cc70f6d9ef30ac844aa04f1cdf8/element - {"using":"xpath","value":"//div[contains(@id, \"filterItemControl_BASIC-MAIN_ADDRESS-valueHelpDialog-table-rowsel0\")]"}
COMMAND: GET /session/c1c20cc70f6d9ef30ac844aa04f1cdf8/screenshot - {}
RESULT: {"using":"xpath","value":"//div[contains(@id, \"filterItemControl_BASIC-MAIN_ADDRESS-valueHelpDialog-table-rowsel0\")]"}
COMMAND: POST /session/c1c20cc70f6d9ef30ac844aa04f1cdf8/element/f.79CB9250C4973688A89FBF0EB0986102.d.CBBBAC0DF5A1DF8678C01227863BF3E0.e.6175/click - {}
RESULT: {}
RESULT: {}
COMMAND: GET /session/c1c20cc70f6d9ef30ac844aa04f1cdf8/screenshot - {}
RESULT: {}
COMMAND: POST /session/c1c20cc70f6d9ef30ac844aa04f1cdf8/element - {"using":"xpath","value":"(//bdi[contains(text(), \"OK\")])[1]"}
RESULT: {"using":"xpath","value":"(//bdi[contains(text(), \"OK\")])[1]"}
COMMAND: POST /session/c1c20cc70f6d9ef30ac844aa04f1cdf8/element/f.79CB9250C4973688A89FBF0EB0986102.d.CBBBAC0DF5A1DF8678C01227863BF3E0.e.6177/click - {}
RESULT: {}
COMMAND: GET /session/c1c20cc70f6d9ef30ac844aa04f1cdf8/screenshot - {}
RESULT: {}
COMMAND: POST /session/c1c20cc70f6d9ef30ac844aa04f1cdf8/element - {"using":"xpath","value":"//span[@id=\"application-managepartners-display-component---masterPtm--smartTable-header-inner\"]"}
RESULT: {"using":"xpath","value":"//span[@id=\"application-managepartners-display-component---masterPtm--smartTable-header-inner\"]"}
COMMAND: POST /session/c1c20cc70f6d9ef30ac844aa04f1cdf8/elements - {"using":"xpath","value":"//span[@id=\"application-managepartners-display-component---masterPtm--smartTable-header-inner\"]"}
RESULT: {"using":"xpath","value":"//span[@id=\"application-managepartners-display-component---masterPtm--smartTable-header-inner\"]"}
COMMAND: POST /session/c1c20cc70f6d9ef30ac844aa04f1cdf8/execute/sync - {"script":"<script> [56 bytes]","args":[{"element-6066-11e4-a52e-4f735466cecf":"f.79CB9250C4973688A89FBF0EB0986102.d.CBBBAC0DF5A1DF8678C01227863BF3E0.e.5920","ELEMENT":"f.79CB9250C4973688A89FBF0EB0986102.d.CBBBAC0DF5A1DF8678C01227863BF3E0.e.5920"}]}
RESULT: {"script":"<script> [56 bytes]","args":[{"element-6066-11e4-a52e-4f735466cecf":"f.79CB9250C4973688A89FBF0EB0986102.d.CBBBAC0DF5A1DF8678C01227863BF3E0.e.5920","ELEMENT":"f.79CB9250C4973688A89FBF0EB0986102.d.CBBBAC0DF5A1DF8678C01227863BF3E0.e.5920"}]}
COMMAND: POST /session/c1c20cc70f6d9ef30ac844aa04f1cdf8/element - {"using":"xpath","value":"//span[contains(@title, \"Remove\")]"}
COMMAND: GET /session/c1c20cc70f6d9ef30ac844aa04f1cdf8/screenshot - {}
RESULT: {"using":"xpath","value":"//span[contains(@title, \"Remove\")]"}
COMMAND: POST /session/c1c20cc70f6d9ef30ac844aa04f1cdf8/element/f.79CB9250C4973688A89FBF0EB0986102.d.CBBBAC0DF5A1DF8678C01227863BF3E0.e.6190/click - {}
RESULT: {}
RESULT: {}
COMMAND: GET /session/c1c20cc70f6d9ef30ac844aa04f1cdf8/screenshot - {}
RESULT: {}
COMMAND: POST /session/c1c20cc70f6d9ef30ac844aa04f1cdf8/element - {"using":"xpath","value":"//span[@id=\"application-managepartners-display-component---masterPtm--smartTable-header-inner\"]"}
RESULT: {"using":"xpath","value":"//span[@id=\"application-managepartners-display-component---masterPtm--smartTable-header-inner\"]"}
COMMAND: POST /session/c1c20cc70f6d9ef30ac844aa04f1cdf8/elements - {"using":"xpath","value":"//span[@id=\"application-managepartners-display-component---masterPtm--smartTable-header-inner\"]"}
RESULT: {"using":"xpath","value":"//span[@id=\"application-managepartners-display-component---masterPtm--smartTable-header-inner\"]"}
COMMAND: POST /session/c1c20cc70f6d9ef30ac844aa04f1cdf8/execute/sync - {"script":"<script> [56 bytes]","args":[{"element-6066-11e4-a52e-4f735466cecf":"f.79CB9250C4973688A89FBF0EB0986102.d.CBBBAC0DF5A1DF8678C01227863BF3E0.e.5920","ELEMENT":"f.79CB9250C4973688A89FBF0EB0986102.d.CBBBAC0DF5A1DF8678C01227863BF3E0.e.5920"}]}
RESULT: {"script":"<script> [56 bytes]","args":[{"element-6066-11e4-a52e-4f735466cecf":"f.79CB9250C4973688A89FBF0EB0986102.d.CBBBAC0DF5A1DF8678C01227863BF3E0.e.5920","ELEMENT":"f.79CB9250C4973688A89FBF0EB0986102.d.CBBBAC0DF5A1DF8678C01227863BF3E0.e.5920"}]}
COMMAND: POST /session/c1c20cc70f6d9ef30ac844aa04f1cdf8/execute/async - {"script":"<script> [1562 bytes]","args":[{"selector":{"id":"application-managepartners-display-component---masterPtm--smartFilterBar-filterItemControl_BASIC-YARD-vhi"},"wdio_ui5_key":"applicationmanagepartners-display-component---masterPtm--smartFilterBar-filterItemControl_BASIC-YARD-vhi"}]}
COMMAND: GET /session/c1c20cc70f6d9ef30ac844aa04f1cdf8/screenshot - {}
RESULT: {"script":"<script> [1562 bytes]","args":[{"selector":{"id":"application-managepartners-display-component---masterPtm--smartFilterBar-filterItemControl_BASIC-YARD-vhi"},"wdio_ui5_key":"applicationmanagepartners-display-component---masterPtm--smartFilterBar-filterItemControl_BASIC-YARD-vhi"}]}
RESULT: undefined
COMMAND: POST /session/c1c20cc70f6d9ef30ac844aa04f1cdf8/element - {"using":"xpath","value":"//*[@id=\"application-managepartners-display-component---masterPtm--smartFilterBar-filterItemControl_BASIC-YARD-vhi\"]"}
RESULT: {}
RESULT: {"using":"xpath","value":"//*[@id=\"application-managepartners-display-component---masterPtm--smartFilterBar-filterItemControl_BASIC-YARD-vhi\"]"}
COMMAND: POST /session/c1c20cc70f6d9ef30ac844aa04f1cdf8/element/f.79CB9250C4973688A89FBF0EB0986102.d.CBBBAC0DF5A1DF8678C01227863BF3E0.e.6296/click - {}
RESULT: {}
COMMAND: GET /session/c1c20cc70f6d9ef30ac844aa04f1cdf8/screenshot - {}
RESULT: {}
COMMAND: POST /session/c1c20cc70f6d9ef30ac844aa04f1cdf8/execute/async - {"script":"<script> [1562 bytes]","args":[{"selector":{"id":"application-managepartners-display-component---masterPtm--smartFilterBar-filterItemControl_BASIC-YARD-valueHelpDialog-smartFilterBar-btnBasicSearch","searchOpenDialogs":true,"interaction":{"idSuffix":"I"}},"wdio_ui5_key":"applicationmanagepartners-display-component---masterPtm--smartFilterBar-filterItemControl_BASIC-YARD-valueHelpDialog-smartFilterBar-btnBasicSearch"}]}
RESULT: {"script":"<script> [1562 bytes]","args":[{"selector":{"id":"application-managepartners-display-component---masterPtm--smartFilterBar-filterItemControl_BASIC-YARD-valueHelpDialog-smartFilterBar-btnBasicSearch","searchOpenDialogs":true,"interaction":{"idSuffix":"I"}},"wdio_ui5_key":"applicationmanagepartners-display-component---masterPtm--smartFilterBar-filterItemControl_BASIC-YARD-valueHelpDialog-smartFilterBar-btnBasicSearch"}]}
RESULT: undefined
COMMAND: POST /session/c1c20cc70f6d9ef30ac844aa04f1cdf8/execute/async - {"script":"<script> [776 bytes]","args":[{"enterText":"Test","selector":{"id":"application-managepartners-display-component---masterPtm--smartFilterBar-filterItemControl_BASIC-YARD-valueHelpDialog-smartFilterBar-btnBasicSearch","searchOpenDialogs":true,"interaction":{"idSuffix":"I"}},"clearTextFirst":true,"interactionType":"ENTER_TEXT"}]}
RESULT: {"script":"<script> [776 bytes]","args":[{"enterText":"Test","selector":{"id":"application-managepartners-display-component---masterPtm--smartFilterBar-filterItemControl_BASIC-YARD-valueHelpDialog-smartFilterBar-btnBasicSearch","searchOpenDialogs":true,"interaction":{"idSuffix":"I"}},"clearTextFirst":true,"interactionType":"ENTER_TEXT"}]}
COMMAND: POST /session/c1c20cc70f6d9ef30ac844aa04f1cdf8/actions - {"actions":[{"id":"action19","type":"key","parameters":{},"actions":[{"type":"keyDown","value":"î€‡"},{"type":"pause","duration":10},{"type":"keyUp","value":"î€‡"}]}]}
RESULT: {"actions":[{"id":"action19","type":"key","parameters":{},"actions":[{"type":"keyDown","value":"î€‡"},{"type":"pause","duration":10},{"type":"keyUp","value":"î€‡"}]}]}
COMMAND: POST /session/c1c20cc70f6d9ef30ac844aa04f1cdf8/elements - {"using":"xpath","value":"//table[contains(@id, \"smartFilterBar-filterItemControl_BASIC-YARD-valueHelpDialog-table-table\")]/tbody/tr"}
COMMAND: GET /session/c1c20cc70f6d9ef30ac844aa04f1cdf8/screenshot - {}
RESULT: {"using":"xpath","value":"//table[contains(@id, \"smartFilterBar-filterItemControl_BASIC-YARD-valueHelpDialog-table-table\")]/tbody/tr"}
COMMAND: POST /session/c1c20cc70f6d9ef30ac844aa04f1cdf8/element - {"using":"xpath","value":"//table[contains(@id, \"smartFilterBar-filterItemControl_BASIC-YARD-valueHelpDialog-table-table\")]/tbody/tr[1]/td[1]/div/span"}
RESULT: {}
RESULT: {"using":"xpath","value":"//table[contains(@id, \"smartFilterBar-filterItemControl_BASIC-YARD-valueHelpDialog-table-table\")]/tbody/tr[1]/td[1]/div/span"}
COMMAND: POST /session/c1c20cc70f6d9ef30ac844aa04f1cdf8/elements - {"using":"xpath","value":"//table[contains(@id, \"smartFilterBar-filterItemControl_BASIC-YARD-valueHelpDialog-table-table\")]/tbody/tr[1]/td[1]/div/span"}
RESULT: {"using":"xpath","value":"//table[contains(@id, \"smartFilterBar-filterItemControl_BASIC-YARD-valueHelpDialog-table-table\")]/tbody/tr[1]/td[1]/div/span"}
COMMAND: POST /session/c1c20cc70f6d9ef30ac844aa04f1cdf8/execute/sync - {"script":"<script> [56 bytes]","args":[{"element-6066-11e4-a52e-4f735466cecf":"f.79CB9250C4973688A89FBF0EB0986102.d.CBBBAC0DF5A1DF8678C01227863BF3E0.e.6316","ELEMENT":"f.79CB9250C4973688A89FBF0EB0986102.d.CBBBAC0DF5A1DF8678C01227863BF3E0.e.6316"}]}
RESULT: {"script":"<script> [56 bytes]","args":[{"element-6066-11e4-a52e-4f735466cecf":"f.79CB9250C4973688A89FBF0EB0986102.d.CBBBAC0DF5A1DF8678C01227863BF3E0.e.6316","ELEMENT":"f.79CB9250C4973688A89FBF0EB0986102.d.CBBBAC0DF5A1DF8678C01227863BF3E0.e.6316"}]}
COMMAND: POST /session/c1c20cc70f6d9ef30ac844aa04f1cdf8/element - {"using":"xpath","value":"//table[contains(@id, \"smartFilterBar-filterItemControl_BASIC-YARD-valueHelpDialog-table-table\")]/tbody/tr[2]/td[1]/div/span"}
COMMAND: GET /session/c1c20cc70f6d9ef30ac844aa04f1cdf8/screenshot - {}
RESULT: {"using":"xpath","value":"//table[contains(@id, \"smartFilterBar-filterItemControl_BASIC-YARD-valueHelpDialog-table-table\")]/tbody/tr[2]/td[1]/div/span"}
COMMAND: POST /session/c1c20cc70f6d9ef30ac844aa04f1cdf8/elements - {"using":"xpath","value":"//table[contains(@id, \"smartFilterBar-filterItemControl_BASIC-YARD-valueHelpDialog-table-table\")]/tbody/tr[2]/td[1]/div/span"}
RESULT: {}
RESULT: {"using":"xpath","value":"//table[contains(@id, \"smartFilterBar-filterItemControl_BASIC-YARD-valueHelpDialog-table-table\")]/tbody/tr[2]/td[1]/div/span"}
COMMAND: POST /session/c1c20cc70f6d9ef30ac844aa04f1cdf8/execute/sync - {"script":"<script> [56 bytes]","args":[{"element-6066-11e4-a52e-4f735466cecf":"f.79CB9250C4973688A89FBF0EB0986102.d.CBBBAC0DF5A1DF8678C01227863BF3E0.e.6317","ELEMENT":"f.79CB9250C4973688A89FBF0EB0986102.d.CBBBAC0DF5A1DF8678C01227863BF3E0.e.6317"}]}
RESULT: {"script":"<script> [56 bytes]","args":[{"element-6066-11e4-a52e-4f735466cecf":"f.79CB9250C4973688A89FBF0EB0986102.d.CBBBAC0DF5A1DF8678C01227863BF3E0.e.6317","ELEMENT":"f.79CB9250C4973688A89FBF0EB0986102.d.CBBBAC0DF5A1DF8678C01227863BF3E0.e.6317"}]}
COMMAND: POST /session/c1c20cc70f6d9ef30ac844aa04f1cdf8/element - {"using":"xpath","value":"//table[contains(@id, \"smartFilterBar-filterItemControl_BASIC-YARD-valueHelpDialog-table-table\")]/tbody/tr[3]/td[1]/div/span"}
COMMAND: GET /session/c1c20cc70f6d9ef30ac844aa04f1cdf8/screenshot - {}
RESULT: {"using":"xpath","value":"//table[contains(@id, \"smartFilterBar-filterItemControl_BASIC-YARD-valueHelpDialog-table-table\")]/tbody/tr[3]/td[1]/div/span"}
COMMAND: POST /session/c1c20cc70f6d9ef30ac844aa04f1cdf8/elements - {"using":"xpath","value":"//table[contains(@id, \"smartFilterBar-filterItemControl_BASIC-YARD-valueHelpDialog-table-table\")]/tbody/tr[3]/td[1]/div/span"}
RESULT: {}
RESULT: {"using":"xpath","value":"//table[contains(@id, \"smartFilterBar-filterItemControl_BASIC-YARD-valueHelpDialog-table-table\")]/tbody/tr[3]/td[1]/div/span"}
COMMAND: POST /session/c1c20cc70f6d9ef30ac844aa04f1cdf8/execute/sync - {"script":"<script> [56 bytes]","args":[{"element-6066-11e4-a52e-4f735466cecf":"f.79CB9250C4973688A89FBF0EB0986102.d.CBBBAC0DF5A1DF8678C01227863BF3E0.e.6318","ELEMENT":"f.79CB9250C4973688A89FBF0EB0986102.d.CBBBAC0DF5A1DF8678C01227863BF3E0.e.6318"}]}
RESULT: {"script":"<script> [56 bytes]","args":[{"element-6066-11e4-a52e-4f735466cecf":"f.79CB9250C4973688A89FBF0EB0986102.d.CBBBAC0DF5A1DF8678C01227863BF3E0.e.6318","ELEMENT":"f.79CB9250C4973688A89FBF0EB0986102.d.CBBBAC0DF5A1DF8678C01227863BF3E0.e.6318"}]}
COMMAND: POST /session/c1c20cc70f6d9ef30ac844aa04f1cdf8/element - {"using":"xpath","value":"//div[contains(@id, \"filterItemControl_BASIC-YARD-valueHelpDialog-table-rowsel2\")]"}
COMMAND: GET /session/c1c20cc70f6d9ef30ac844aa04f1cdf8/screenshot - {}
RESULT: {"using":"xpath","value":"//div[contains(@id, \"filterItemControl_BASIC-YARD-valueHelpDialog-table-rowsel2\")]"}
COMMAND: POST /session/c1c20cc70f6d9ef30ac844aa04f1cdf8/element/f.79CB9250C4973688A89FBF0EB0986102.d.CBBBAC0DF5A1DF8678C01227863BF3E0.e.6319/click - {}
RESULT: {}
RESULT: {}
COMMAND: GET /session/c1c20cc70f6d9ef30ac844aa04f1cdf8/screenshot - {}
RESULT: {}
COMMAND: POST /session/c1c20cc70f6d9ef30ac844aa04f1cdf8/element - {"using":"xpath","value":"(//bdi[contains(text(), \"OK\")])[1]"}
RESULT: {"using":"xpath","value":"(//bdi[contains(text(), \"OK\")])[1]"}
COMMAND: POST /session/c1c20cc70f6d9ef30ac844aa04f1cdf8/element/f.79CB9250C4973688A89FBF0EB0986102.d.CBBBAC0DF5A1DF8678C01227863BF3E0.e.6321/click - {}
RESULT: {}
COMMAND: GET /session/c1c20cc70f6d9ef30ac844aa04f1cdf8/screenshot - {}
RESULT: {}
COMMAND: POST /session/c1c20cc70f6d9ef30ac844aa04f1cdf8/element - {"using":"xpath","value":"//span[@id=\"application-managepartners-display-component---masterPtm--smartTable-header-inner\"]"}
RESULT: {"using":"xpath","value":"//span[@id=\"application-managepartners-display-component---masterPtm--smartTable-header-inner\"]"}
COMMAND: POST /session/c1c20cc70f6d9ef30ac844aa04f1cdf8/elements - {"using":"xpath","value":"//span[@id=\"application-managepartners-display-component---masterPtm--smartTable-header-inner\"]"}
RESULT: {"using":"xpath","value":"//span[@id=\"application-managepartners-display-component---masterPtm--smartTable-header-inner\"]"}
COMMAND: POST /session/c1c20cc70f6d9ef30ac844aa04f1cdf8/execute/sync - {"script":"<script> [56 bytes]","args":[{"element-6066-11e4-a52e-4f735466cecf":"f.79CB9250C4973688A89FBF0EB0986102.d.CBBBAC0DF5A1DF8678C01227863BF3E0.e.5920","ELEMENT":"f.79CB9250C4973688A89FBF0EB0986102.d.CBBBAC0DF5A1DF8678C01227863BF3E0.e.5920"}]}
RESULT: {"script":"<script> [56 bytes]","args":[{"element-6066-11e4-a52e-4f735466cecf":"f.79CB9250C4973688A89FBF0EB0986102.d.CBBBAC0DF5A1DF8678C01227863BF3E0.e.5920","ELEMENT":"f.79CB9250C4973688A89FBF0EB0986102.d.CBBBAC0DF5A1DF8678C01227863BF3E0.e.5920"}]}
COMMAND: POST /session/c1c20cc70f6d9ef30ac844aa04f1cdf8/element - {"using":"xpath","value":"//span[contains(@title, \"Remove\")]"}
COMMAND: GET /session/c1c20cc70f6d9ef30ac844aa04f1cdf8/screenshot - {}
RESULT: {"using":"xpath","value":"//span[contains(@title, \"Remove\")]"}
COMMAND: POST /session/c1c20cc70f6d9ef30ac844aa04f1cdf8/element/f.79CB9250C4973688A89FBF0EB0986102.d.CBBBAC0DF5A1DF8678C01227863BF3E0.e.6334/click - {}
RESULT: {}
RESULT: {}
COMMAND: GET /session/c1c20cc70f6d9ef30ac844aa04f1cdf8/screenshot - {}
RESULT: {}
COMMAND: POST /session/c1c20cc70f6d9ef30ac844aa04f1cdf8/element - {"using":"xpath","value":"//span[@id=\"application-managepartners-display-component---masterPtm--smartTable-header-inner\"]"}
RESULT: {"using":"xpath","value":"//span[@id=\"application-managepartners-display-component---masterPtm--smartTable-header-inner\"]"}
COMMAND: POST /session/c1c20cc70f6d9ef30ac844aa04f1cdf8/elements - {"using":"xpath","value":"//span[@id=\"application-managepartners-display-component---masterPtm--smartTable-header-inner\"]"}
RESULT: {"using":"xpath","value":"//span[@id=\"application-managepartners-display-component---masterPtm--smartTable-header-inner\"]"}
COMMAND: POST /session/c1c20cc70f6d9ef30ac844aa04f1cdf8/execute/sync - {"script":"<script> [56 bytes]","args":[{"element-6066-11e4-a52e-4f735466cecf":"f.79CB9250C4973688A89FBF0EB0986102.d.CBBBAC0DF5A1DF8678C01227863BF3E0.e.5920","ELEMENT":"f.79CB9250C4973688A89FBF0EB0986102.d.CBBBAC0DF5A1DF8678C01227863BF3E0.e.5920"}]}
RESULT: {"script":"<script> [56 bytes]","args":[{"element-6066-11e4-a52e-4f735466cecf":"f.79CB9250C4973688A89FBF0EB0986102.d.CBBBAC0DF5A1DF8678C01227863BF3E0.e.5920","ELEMENT":"f.79CB9250C4973688A89FBF0EB0986102.d.CBBBAC0DF5A1DF8678C01227863BF3E0.e.5920"}]}
COMMAND: POST /session/c1c20cc70f6d9ef30ac844aa04f1cdf8/execute/async - {"script":"<script> [1562 bytes]","args":[{"selector":{"id":"application-managepartners-display-component---masterPtm--smartFilterBar-filterItemControl_BASIC-ALL_TAGS-vhi"},"wdio_ui5_key":"applicationmanagepartners-display-component---masterPtm--smartFilterBar-filterItemControl_BASIC-ALL_TAGS-vhi"}]}
COMMAND: GET /session/c1c20cc70f6d9ef30ac844aa04f1cdf8/screenshot - {}
RESULT: {"script":"<script> [1562 bytes]","args":[{"selector":{"id":"application-managepartners-display-component---masterPtm--smartFilterBar-filterItemControl_BASIC-ALL_TAGS-vhi"},"wdio_ui5_key":"applicationmanagepartners-display-component---masterPtm--smartFilterBar-filterItemControl_BASIC-ALL_TAGS-vhi"}]}
RESULT: undefined
COMMAND: POST /session/c1c20cc70f6d9ef30ac844aa04f1cdf8/element - {"using":"xpath","value":"//*[@id=\"application-managepartners-display-component---masterPtm--smartFilterBar-filterItemControl_BASIC-ALL_TAGS-vhi\"]"}
RESULT: {}
RESULT: {"using":"xpath","value":"//*[@id=\"application-managepartners-display-component---masterPtm--smartFilterBar-filterItemControl_BASIC-ALL_TAGS-vhi\"]"}
COMMAND: POST /session/c1c20cc70f6d9ef30ac844aa04f1cdf8/element/f.79CB9250C4973688A89FBF0EB0986102.d.CBBBAC0DF5A1DF8678C01227863BF3E0.e.6438/click - {}
RESULT: {}
COMMAND: GET /session/c1c20cc70f6d9ef30ac844aa04f1cdf8/screenshot - {}
RESULT: {}
COMMAND: POST /session/c1c20cc70f6d9ef30ac844aa04f1cdf8/execute/async - {"script":"<script> [1562 bytes]","args":[{"selector":{"id":"application-managepartners-display-component---masterPtm--smartFilterBar-filterItemControl_BASIC-ALL_TAGS-valueHelpDialog-smartFilterBar-btnBasicSearch","searchOpenDialogs":true,"interaction":{"idSuffix":"I"}},"wdio_ui5_key":"applicationmanagepartners-display-component---masterPtm--smartFilterBar-filterItemControl_BASIC-ALL_TAGS-valueHelpDialog-smartFilterBar-btnBasicSearch"}]}
RESULT: {"script":"<script> [1562 bytes]","args":[{"selector":{"id":"application-managepartners-display-component---masterPtm--smartFilterBar-filterItemControl_BASIC-ALL_TAGS-valueHelpDialog-smartFilterBar-btnBasicSearch","searchOpenDialogs":true,"interaction":{"idSuffix":"I"}},"wdio_ui5_key":"applicationmanagepartners-display-component---masterPtm--smartFilterBar-filterItemControl_BASIC-ALL_TAGS-valueHelpDialog-smartFilterBar-btnBasicSearch"}]}
RESULT: undefined
COMMAND: POST /session/c1c20cc70f6d9ef30ac844aa04f1cdf8/execute/async - {"script":"<script> [776 bytes]","args":[{"enterText":"test-tag-1","selector":{"id":"application-managepartners-display-component---masterPtm--smartFilterBar-filterItemControl_BASIC-ALL_TAGS-valueHelpDialog-smartFilterBar-btnBasicSearch","searchOpenDialogs":true,"interaction":{"idSuffix":"I"}},"clearTextFirst":true,"interactionType":"ENTER_TEXT"}]}
RESULT: {"script":"<script> [776 bytes]","args":[{"enterText":"test-tag-1","selector":{"id":"application-managepartners-display-component---masterPtm--smartFilterBar-filterItemControl_BASIC-ALL_TAGS-valueHelpDialog-smartFilterBar-btnBasicSearch","searchOpenDialogs":true,"interaction":{"idSuffix":"I"}},"clearTextFirst":true,"interactionType":"ENTER_TEXT"}]}
COMMAND: POST /session/c1c20cc70f6d9ef30ac844aa04f1cdf8/actions - {"actions":[{"id":"action20","type":"key","parameters":{},"actions":[{"type":"keyDown","value":"î€‡"},{"type":"pause","duration":10},{"type":"keyUp","value":"î€‡"}]}]}
RESULT: {"actions":[{"id":"action20","type":"key","parameters":{},"actions":[{"type":"keyDown","value":"î€‡"},{"type":"pause","duration":10},{"type":"keyUp","value":"î€‡"}]}]}
COMMAND: POST /session/c1c20cc70f6d9ef30ac844aa04f1cdf8/elements - {"using":"xpath","value":"//table[contains(@id, \"smartFilterBar-filterItemControl_BASIC-ALL_TAGS-valueHelpDialog-table-table\")]/tbody/tr"}
COMMAND: GET /session/c1c20cc70f6d9ef30ac844aa04f1cdf8/screenshot - {}
RESULT: {"using":"xpath","value":"//table[contains(@id, \"smartFilterBar-filterItemControl_BASIC-ALL_TAGS-valueHelpDialog-table-table\")]/tbody/tr"}
COMMAND: POST /session/c1c20cc70f6d9ef30ac844aa04f1cdf8/element - {"using":"xpath","value":"//table[contains(@id, \"smartFilterBar-filterItemControl_BASIC-ALL_TAGS-valueHelpDialog-table-table\")]/tbody/tr[1]/td[1]/div/span"}
RESULT: {}
RESULT: {"using":"xpath","value":"//table[contains(@id, \"smartFilterBar-filterItemControl_BASIC-ALL_TAGS-valueHelpDialog-table-table\")]/tbody/tr[1]/td[1]/div/span"}
COMMAND: POST /session/c1c20cc70f6d9ef30ac844aa04f1cdf8/elements - {"using":"xpath","value":"//table[contains(@id, \"smartFilterBar-filterItemControl_BASIC-ALL_TAGS-valueHelpDialog-table-table\")]/tbody/tr[1]/td[1]/div/span"}
RESULT: {"using":"xpath","value":"//table[contains(@id, \"smartFilterBar-filterItemControl_BASIC-ALL_TAGS-valueHelpDialog-table-table\")]/tbody/tr[1]/td[1]/div/span"}
COMMAND: POST /session/c1c20cc70f6d9ef30ac844aa04f1cdf8/execute/sync - {"script":"<script> [56 bytes]","args":[{"element-6066-11e4-a52e-4f735466cecf":"f.79CB9250C4973688A89FBF0EB0986102.d.CBBBAC0DF5A1DF8678C01227863BF3E0.e.6460","ELEMENT":"f.79CB9250C4973688A89FBF0EB0986102.d.CBBBAC0DF5A1DF8678C01227863BF3E0.e.6460"}]}
RESULT: {"script":"<script> [56 bytes]","args":[{"element-6066-11e4-a52e-4f735466cecf":"f.79CB9250C4973688A89FBF0EB0986102.d.CBBBAC0DF5A1DF8678C01227863BF3E0.e.6460","ELEMENT":"f.79CB9250C4973688A89FBF0EB0986102.d.CBBBAC0DF5A1DF8678C01227863BF3E0.e.6460"}]}
COMMAND: POST /session/c1c20cc70f6d9ef30ac844aa04f1cdf8/element - {"using":"xpath","value":"//div[contains(@id, \"filterItemControl_BASIC-ALL_TAGS-valueHelpDialog-table-rowsel0\")]"}
COMMAND: GET /session/c1c20cc70f6d9ef30ac844aa04f1cdf8/screenshot - {}
RESULT: {"using":"xpath","value":"//div[contains(@id, \"filterItemControl_BASIC-ALL_TAGS-valueHelpDialog-table-rowsel0\")]"}
COMMAND: POST /session/c1c20cc70f6d9ef30ac844aa04f1cdf8/element/f.79CB9250C4973688A89FBF0EB0986102.d.CBBBAC0DF5A1DF8678C01227863BF3E0.e.6461/click - {}
RESULT: {}
RESULT: {}
COMMAND: GET /session/c1c20cc70f6d9ef30ac844aa04f1cdf8/screenshot - {}
RESULT: {}
COMMAND: POST /session/c1c20cc70f6d9ef30ac844aa04f1cdf8/element - {"using":"xpath","value":"(//bdi[contains(text(), \"OK\")])[1]"}
RESULT: {"using":"xpath","value":"(//bdi[contains(text(), \"OK\")])[1]"}
COMMAND: POST /session/c1c20cc70f6d9ef30ac844aa04f1cdf8/element/f.79CB9250C4973688A89FBF0EB0986102.d.CBBBAC0DF5A1DF8678C01227863BF3E0.e.6463/click - {}
RESULT: {}
COMMAND: GET /session/c1c20cc70f6d9ef30ac844aa04f1cdf8/screenshot - {}
RESULT: {}
COMMAND: POST /session/c1c20cc70f6d9ef30ac844aa04f1cdf8/element - {"using":"xpath","value":"//span[@id=\"application-managepartners-display-component---masterPtm--smartTable-header-inner\"]"}
RESULT: {"using":"xpath","value":"//span[@id=\"application-managepartners-display-component---masterPtm--smartTable-header-inner\"]"}
COMMAND: POST /session/c1c20cc70f6d9ef30ac844aa04f1cdf8/elements - {"using":"xpath","value":"//span[@id=\"application-managepartners-display-component---masterPtm--smartTable-header-inner\"]"}
RESULT: {"using":"xpath","value":"//span[@id=\"application-managepartners-display-component---masterPtm--smartTable-header-inner\"]"}
COMMAND: POST /session/c1c20cc70f6d9ef30ac844aa04f1cdf8/execute/sync - {"script":"<script> [56 bytes]","args":[{"element-6066-11e4-a52e-4f735466cecf":"f.79CB9250C4973688A89FBF0EB0986102.d.CBBBAC0DF5A1DF8678C01227863BF3E0.e.5920","ELEMENT":"f.79CB9250C4973688A89FBF0EB0986102.d.CBBBAC0DF5A1DF8678C01227863BF3E0.e.5920"}]}
RESULT: {"script":"<script> [56 bytes]","args":[{"element-6066-11e4-a52e-4f735466cecf":"f.79CB9250C4973688A89FBF0EB0986102.d.CBBBAC0DF5A1DF8678C01227863BF3E0.e.5920","ELEMENT":"f.79CB9250C4973688A89FBF0EB0986102.d.CBBBAC0DF5A1DF8678C01227863BF3E0.e.5920"}]}
COMMAND: POST /session/c1c20cc70f6d9ef30ac844aa04f1cdf8/element - {"using":"xpath","value":"//span[contains(@title, \"Remove\")]"}
COMMAND: GET /session/c1c20cc70f6d9ef30ac844aa04f1cdf8/screenshot - {}
RESULT: {"using":"xpath","value":"//span[contains(@title, \"Remove\")]"}
COMMAND: POST /session/c1c20cc70f6d9ef30ac844aa04f1cdf8/element/f.79CB9250C4973688A89FBF0EB0986102.d.CBBBAC0DF5A1DF8678C01227863BF3E0.e.6485/click - {}
RESULT: {}
RESULT: {}
COMMAND: GET /session/c1c20cc70f6d9ef30ac844aa04f1cdf8/screenshot - {}
RESULT: {}
COMMAND: POST /session/c1c20cc70f6d9ef30ac844aa04f1cdf8/execute/async - {"script":"<script> [1562 bytes]","args":[{"selector":{"id":"application-managepartners-display-component---masterPtm--partnerTypes-arrow"},"wdio_ui5_key":"applicationmanagepartners-display-component---masterPtm--partnerTypes-arrow"}]}
RESULT: {"script":"<script> [1562 bytes]","args":[{"selector":{"id":"application-managepartners-display-component---masterPtm--partnerTypes-arrow"},"wdio_ui5_key":"applicationmanagepartners-display-component---masterPtm--partnerTypes-arrow"}]}
RESULT: undefined
COMMAND: POST /session/c1c20cc70f6d9ef30ac844aa04f1cdf8/element - {"using":"xpath","value":"//*[@id=\"application-managepartners-display-component---masterPtm--partnerTypes-arrow\"]"}
RESULT: {"using":"xpath","value":"//*[@id=\"application-managepartners-display-component---masterPtm--partnerTypes-arrow\"]"}
COMMAND: POST /session/c1c20cc70f6d9ef30ac844aa04f1cdf8/element/f.79CB9250C4973688A89FBF0EB0986102.d.CBBBAC0DF5A1DF8678C01227863BF3E0.e.6590/click - {}
RESULT: {}
COMMAND: GET /session/c1c20cc70f6d9ef30ac844aa04f1cdf8/screenshot - {}
RESULT: {}
COMMAND: POST /session/c1c20cc70f6d9ef30ac844aa04f1cdf8/element - {"using":"xpath","value":"//li[.//span[text()=\"External partner\"]]//div[contains(@class,\"sapMCbBg\")]"}
RESULT: {"using":"xpath","value":"//li[.//span[text()=\"External partner\"]]//div[contains(@class,\"sapMCbBg\")]"}
COMMAND: POST /session/c1c20cc70f6d9ef30ac844aa04f1cdf8/element/f.79CB9250C4973688A89FBF0EB0986102.d.CBBBAC0DF5A1DF8678C01227863BF3E0.e.6595/click - {}
RESULT: {}
COMMAND: GET /session/c1c20cc70f6d9ef30ac844aa04f1cdf8/screenshot - {}
RESULT: {}
COMMAND: POST /session/c1c20cc70f6d9ef30ac844aa04f1cdf8/element - {"using":"xpath","value":"//div[contains(@id,\"application-managepartners-display-component---masterPtm--smartFilterBar-btnBasicSearch-search\")]"}
RESULT: {"using":"xpath","value":"//div[contains(@id,\"application-managepartners-display-component---masterPtm--smartFilterBar-btnBasicSearch-search\")]"}
COMMAND: POST /session/c1c20cc70f6d9ef30ac844aa04f1cdf8/element/f.79CB9250C4973688A89FBF0EB0986102.d.CBBBAC0DF5A1DF8678C01227863BF3E0.e.6677/click - {}
RESULT: {}
COMMAND: GET /session/c1c20cc70f6d9ef30ac844aa04f1cdf8/screenshot - {}
RESULT: {}
COMMAND: POST /session/c1c20cc70f6d9ef30ac844aa04f1cdf8/element - {"using":"xpath","value":"//span[@id=\"application-managepartners-display-component---masterPtm--smartTable-header-inner\"]"}
RESULT: {"using":"xpath","value":"//span[@id=\"application-managepartners-display-component---masterPtm--smartTable-header-inner\"]"}
COMMAND: POST /session/c1c20cc70f6d9ef30ac844aa04f1cdf8/elements - {"using":"xpath","value":"//span[@id=\"application-managepartners-display-component---masterPtm--smartTable-header-inner\"]"}
RESULT: {"using":"xpath","value":"//span[@id=\"application-managepartners-display-component---masterPtm--smartTable-header-inner\"]"}
COMMAND: POST /session/c1c20cc70f6d9ef30ac844aa04f1cdf8/execute/sync - {"script":"<script> [56 bytes]","args":[{"element-6066-11e4-a52e-4f735466cecf":"f.79CB9250C4973688A89FBF0EB0986102.d.CBBBAC0DF5A1DF8678C01227863BF3E0.e.5920","ELEMENT":"f.79CB9250C4973688A89FBF0EB0986102.d.CBBBAC0DF5A1DF8678C01227863BF3E0.e.5920"}]}
RESULT: {"script":"<script> [56 bytes]","args":[{"element-6066-11e4-a52e-4f735466cecf":"f.79CB9250C4973688A89FBF0EB0986102.d.CBBBAC0DF5A1DF8678C01227863BF3E0.e.5920","ELEMENT":"f.79CB9250C4973688A89FBF0EB0986102.d.CBBBAC0DF5A1DF8678C01227863BF3E0.e.5920"}]}
COMMAND: POST /session/c1c20cc70f6d9ef30ac844aa04f1cdf8/element - {"using":"xpath","value":"//span[contains(@title, \"Remove\")]"}
COMMAND: GET /session/c1c20cc70f6d9ef30ac844aa04f1cdf8/screenshot - {}
RESULT: {"using":"xpath","value":"//span[contains(@title, \"Remove\")]"}
COMMAND: POST /session/c1c20cc70f6d9ef30ac844aa04f1cdf8/element/f.79CB9250C4973688A89FBF0EB0986102.d.CBBBAC0DF5A1DF8678C01227863BF3E0.e.6682/click - {}
RESULT: {}
RESULT: {}
COMMAND: GET /session/c1c20cc70f6d9ef30ac844aa04f1cdf8/screenshot - {}
RESULT: {}
COMMAND: POST /session/c1c20cc70f6d9ef30ac844aa04f1cdf8/execute/async - {"script":"<script> [1562 bytes]","args":[{"selector":{"id":"application-managepartners-display-component---masterPtm--smartFilterBar-btnFilters","interaction":{"idSuffix":"BDI-content"}},"wdio_ui5_key":"applicationmanagepartners-display-component---masterPtm--smartFilterBar-btnFilters"}]}
RESULT: {"script":"<script> [1562 bytes]","args":[{"selector":{"id":"application-managepartners-display-component---masterPtm--smartFilterBar-btnFilters","interaction":{"idSuffix":"BDI-content"}},"wdio_ui5_key":"applicationmanagepartners-display-component---masterPtm--smartFilterBar-btnFilters"}]}
RESULT: undefined
COMMAND: POST /session/c1c20cc70f6d9ef30ac844aa04f1cdf8/element - {"using":"xpath","value":"//*[@id=\"application-managepartners-display-component---masterPtm--smartFilterBar-btnFilters\"]"}
RESULT: {"using":"xpath","value":"//*[@id=\"application-managepartners-display-component---masterPtm--smartFilterBar-btnFilters\"]"}
COMMAND: POST /session/c1c20cc70f6d9ef30ac844aa04f1cdf8/element/f.79CB9250C4973688A89FBF0EB0986102.d.CBBBAC0DF5A1DF8678C01227863BF3E0.e.5757/click - {}
RESULT: {}
COMMAND: GET /session/c1c20cc70f6d9ef30ac844aa04f1cdf8/screenshot - {}
RESULT: {}
COMMAND: POST /session/c1c20cc70f6d9ef30ac844aa04f1cdf8/elements - {"using":"xpath","value":"//table[contains(@id, \"listView-innerSelectionPanelTable-listUl\")]/tbody/tr"}
RESULT: {"using":"xpath","value":"//table[contains(@id, \"listView-innerSelectionPanelTable-listUl\")]/tbody/tr"}
COMMAND: POST /session/c1c20cc70f6d9ef30ac844aa04f1cdf8/element - {"using":"xpath","value":"//table[contains(@id, \"listView-innerSelectionPanelTable-listUl\")]/tbody/tr[2]/td[2]/div/div"}
RESULT: {"using":"xpath","value":"//table[contains(@id, \"listView-innerSelectionPanelTable-listUl\")]/tbody/tr[2]/td[2]/div/div"}
COMMAND: POST /session/c1c20cc70f6d9ef30ac844aa04f1cdf8/element - {"using":"xpath","value":"//table[contains(@id, \"listView-innerSelectionPanelTable-listUl\")]/tbody/tr[2]/td[2]/div"}
RESULT: {"using":"xpath","value":"//table[contains(@id, \"listView-innerSelectionPanelTable-listUl\")]/tbody/tr[2]/td[2]/div"}
COMMAND: POST /session/c1c20cc70f6d9ef30ac844aa04f1cdf8/element - {"using":"xpath","value":"//table[contains(@id, \"listView-innerSelectionPanelTable-listUl\")]/tbody/tr[2]/td[3]/div/div/span/span[1]/bdi"}
RESULT: {"using":"xpath","value":"//table[contains(@id, \"listView-innerSelectionPanelTable-listUl\")]/tbody/tr[2]/td[3]/div/div/span/span[1]/bdi"}
COMMAND: POST /session/c1c20cc70f6d9ef30ac844aa04f1cdf8/execute/sync - {"script":"<script> [56 bytes]","args":[{"element-6066-11e4-a52e-4f735466cecf":"f.79CB9250C4973688A89FBF0EB0986102.d.CBBBAC0DF5A1DF8678C01227863BF3E0.e.6789","ELEMENT":"f.79CB9250C4973688A89FBF0EB0986102.d.CBBBAC0DF5A1DF8678C01227863BF3E0.e.6789"}]}
RESULT: {"script":"<script> [56 bytes]","args":[{"element-6066-11e4-a52e-4f735466cecf":"f.79CB9250C4973688A89FBF0EB0986102.d.CBBBAC0DF5A1DF8678C01227863BF3E0.e.6789","ELEMENT":"f.79CB9250C4973688A89FBF0EB0986102.d.CBBBAC0DF5A1DF8678C01227863BF3E0.e.6789"}]}
COMMAND: GET /session/c1c20cc70f6d9ef30ac844aa04f1cdf8/element/f.79CB9250C4973688A89FBF0EB0986102.d.CBBBAC0DF5A1DF8678C01227863BF3E0.e.6788/attribute/aria-checked - {}
COMMAND: GET /session/c1c20cc70f6d9ef30ac844aa04f1cdf8/screenshot - {}
RESULT: {}
COMMAND: POST /session/c1c20cc70f6d9ef30ac844aa04f1cdf8/element - {"using":"xpath","value":"//table[contains(@id, \"listView-innerSelectionPanelTable-listUl\")]/tbody/tr[3]/td[2]/div/div"}
RESULT: {}
RESULT: {"using":"xpath","value":"//table[contains(@id, \"listView-innerSelectionPanelTable-listUl\")]/tbody/tr[3]/td[2]/div/div"}
COMMAND: POST /session/c1c20cc70f6d9ef30ac844aa04f1cdf8/element - {"using":"xpath","value":"//table[contains(@id, \"listView-innerSelectionPanelTable-listUl\")]/tbody/tr[3]/td[2]/div"}
RESULT: {"using":"xpath","value":"//table[contains(@id, \"listView-innerSelectionPanelTable-listUl\")]/tbody/tr[3]/td[2]/div"}
COMMAND: POST /session/c1c20cc70f6d9ef30ac844aa04f1cdf8/element - {"using":"xpath","value":"//table[contains(@id, \"listView-innerSelectionPanelTable-listUl\")]/tbody/tr[3]/td[3]/div/div/span/span[1]/bdi"}
RESULT: {"using":"xpath","value":"//table[contains(@id, \"listView-innerSelectionPanelTable-listUl\")]/tbody/tr[3]/td[3]/div/div/span/span[1]/bdi"}
COMMAND: POST /session/c1c20cc70f6d9ef30ac844aa04f1cdf8/execute/sync - {"script":"<script> [56 bytes]","args":[{"element-6066-11e4-a52e-4f735466cecf":"f.79CB9250C4973688A89FBF0EB0986102.d.CBBBAC0DF5A1DF8678C01227863BF3E0.e.6792","ELEMENT":"f.79CB9250C4973688A89FBF0EB0986102.d.CBBBAC0DF5A1DF8678C01227863BF3E0.e.6792"}]}
RESULT: {"script":"<script> [56 bytes]","args":[{"element-6066-11e4-a52e-4f735466cecf":"f.79CB9250C4973688A89FBF0EB0986102.d.CBBBAC0DF5A1DF8678C01227863BF3E0.e.6792","ELEMENT":"f.79CB9250C4973688A89FBF0EB0986102.d.CBBBAC0DF5A1DF8678C01227863BF3E0.e.6792"}]}
COMMAND: GET /session/c1c20cc70f6d9ef30ac844aa04f1cdf8/element/f.79CB9250C4973688A89FBF0EB0986102.d.CBBBAC0DF5A1DF8678C01227863BF3E0.e.6791/attribute/aria-checked - {}
COMMAND: GET /session/c1c20cc70f6d9ef30ac844aa04f1cdf8/screenshot - {}
RESULT: {}
COMMAND: POST /session/c1c20cc70f6d9ef30ac844aa04f1cdf8/element - {"using":"xpath","value":"//table[contains(@id, \"listView-innerSelectionPanelTable-listUl\")]/tbody/tr[4]/td[2]/div/div"}
RESULT: {}
RESULT: {"using":"xpath","value":"//table[contains(@id, \"listView-innerSelectionPanelTable-listUl\")]/tbody/tr[4]/td[2]/div/div"}
COMMAND: POST /session/c1c20cc70f6d9ef30ac844aa04f1cdf8/element - {"using":"xpath","value":"//table[contains(@id, \"listView-innerSelectionPanelTable-listUl\")]/tbody/tr[4]/td[2]/div"}
RESULT: {"using":"xpath","value":"//table[contains(@id, \"listView-innerSelectionPanelTable-listUl\")]/tbody/tr[4]/td[2]/div"}
COMMAND: POST /session/c1c20cc70f6d9ef30ac844aa04f1cdf8/element - {"using":"xpath","value":"//table[contains(@id, \"listView-innerSelectionPanelTable-listUl\")]/tbody/tr[4]/td[3]/div/div/span/span[1]/bdi"}
RESULT: {"using":"xpath","value":"//table[contains(@id, \"listView-innerSelectionPanelTable-listUl\")]/tbody/tr[4]/td[3]/div/div/span/span[1]/bdi"}
COMMAND: POST /session/c1c20cc70f6d9ef30ac844aa04f1cdf8/execute/sync - {"script":"<script> [56 bytes]","args":[{"element-6066-11e4-a52e-4f735466cecf":"f.79CB9250C4973688A89FBF0EB0986102.d.CBBBAC0DF5A1DF8678C01227863BF3E0.e.6795","ELEMENT":"f.79CB9250C4973688A89FBF0EB0986102.d.CBBBAC0DF5A1DF8678C01227863BF3E0.e.6795"}]}
RESULT: {"script":"<script> [56 bytes]","args":[{"element-6066-11e4-a52e-4f735466cecf":"f.79CB9250C4973688A89FBF0EB0986102.d.CBBBAC0DF5A1DF8678C01227863BF3E0.e.6795","ELEMENT":"f.79CB9250C4973688A89FBF0EB0986102.d.CBBBAC0DF5A1DF8678C01227863BF3E0.e.6795"}]}
COMMAND: GET /session/c1c20cc70f6d9ef30ac844aa04f1cdf8/element/f.79CB9250C4973688A89FBF0EB0986102.d.CBBBAC0DF5A1DF8678C01227863BF3E0.e.6794/attribute/aria-checked - {}
COMMAND: GET /session/c1c20cc70f6d9ef30ac844aa04f1cdf8/screenshot - {}
RESULT: {}
COMMAND: POST /session/c1c20cc70f6d9ef30ac844aa04f1cdf8/element - {"using":"xpath","value":"//table[contains(@id, \"listView-innerSelectionPanelTable-listUl\")]/tbody/tr[5]/td[2]/div/div"}
RESULT: {}
RESULT: {"using":"xpath","value":"//table[contains(@id, \"listView-innerSelectionPanelTable-listUl\")]/tbody/tr[5]/td[2]/div/div"}
COMMAND: POST /session/c1c20cc70f6d9ef30ac844aa04f1cdf8/element - {"using":"xpath","value":"//table[contains(@id, \"listView-innerSelectionPanelTable-listUl\")]/tbody/tr[5]/td[2]/div"}
RESULT: {"using":"xpath","value":"//table[contains(@id, \"listView-innerSelectionPanelTable-listUl\")]/tbody/tr[5]/td[2]/div"}
COMMAND: POST /session/c1c20cc70f6d9ef30ac844aa04f1cdf8/element - {"using":"xpath","value":"//table[contains(@id, \"listView-innerSelectionPanelTable-listUl\")]/tbody/tr[5]/td[3]/div/div/span/span[1]/bdi"}
RESULT: {"using":"xpath","value":"//table[contains(@id, \"listView-innerSelectionPanelTable-listUl\")]/tbody/tr[5]/td[3]/div/div/span/span[1]/bdi"}
COMMAND: POST /session/c1c20cc70f6d9ef30ac844aa04f1cdf8/execute/sync - {"script":"<script> [56 bytes]","args":[{"element-6066-11e4-a52e-4f735466cecf":"f.79CB9250C4973688A89FBF0EB0986102.d.CBBBAC0DF5A1DF8678C01227863BF3E0.e.6798","ELEMENT":"f.79CB9250C4973688A89FBF0EB0986102.d.CBBBAC0DF5A1DF8678C01227863BF3E0.e.6798"}]}
RESULT: {"script":"<script> [56 bytes]","args":[{"element-6066-11e4-a52e-4f735466cecf":"f.79CB9250C4973688A89FBF0EB0986102.d.CBBBAC0DF5A1DF8678C01227863BF3E0.e.6798","ELEMENT":"f.79CB9250C4973688A89FBF0EB0986102.d.CBBBAC0DF5A1DF8678C01227863BF3E0.e.6798"}]}
COMMAND: GET /session/c1c20cc70f6d9ef30ac844aa04f1cdf8/element/f.79CB9250C4973688A89FBF0EB0986102.d.CBBBAC0DF5A1DF8678C01227863BF3E0.e.6797/attribute/aria-checked - {}
COMMAND: GET /session/c1c20cc70f6d9ef30ac844aa04f1cdf8/screenshot - {}
RESULT: {}
COMMAND: POST /session/c1c20cc70f6d9ef30ac844aa04f1cdf8/element - {"using":"xpath","value":"//table[contains(@id, \"listView-innerSelectionPanelTable-listUl\")]/tbody/tr[6]/td[2]/div/div"}
RESULT: {}
RESULT: {"using":"xpath","value":"//table[contains(@id, \"listView-innerSelectionPanelTable-listUl\")]/tbody/tr[6]/td[2]/div/div"}
COMMAND: POST /session/c1c20cc70f6d9ef30ac844aa04f1cdf8/element - {"using":"xpath","value":"//table[contains(@id, \"listView-innerSelectionPanelTable-listUl\")]/tbody/tr[6]/td[2]/div"}
RESULT: {"using":"xpath","value":"//table[contains(@id, \"listView-innerSelectionPanelTable-listUl\")]/tbody/tr[6]/td[2]/div"}
COMMAND: POST /session/c1c20cc70f6d9ef30ac844aa04f1cdf8/element - {"using":"xpath","value":"//table[contains(@id, \"listView-innerSelectionPanelTable-listUl\")]/tbody/tr[6]/td[3]/div/div/span/span[1]/bdi"}
RESULT: {"using":"xpath","value":"//table[contains(@id, \"listView-innerSelectionPanelTable-listUl\")]/tbody/tr[6]/td[3]/div/div/span/span[1]/bdi"}
COMMAND: POST /session/c1c20cc70f6d9ef30ac844aa04f1cdf8/execute/sync - {"script":"<script> [56 bytes]","args":[{"element-6066-11e4-a52e-4f735466cecf":"f.79CB9250C4973688A89FBF0EB0986102.d.CBBBAC0DF5A1DF8678C01227863BF3E0.e.6801","ELEMENT":"f.79CB9250C4973688A89FBF0EB0986102.d.CBBBAC0DF5A1DF8678C01227863BF3E0.e.6801"}]}
RESULT: {"script":"<script> [56 bytes]","args":[{"element-6066-11e4-a52e-4f735466cecf":"f.79CB9250C4973688A89FBF0EB0986102.d.CBBBAC0DF5A1DF8678C01227863BF3E0.e.6801","ELEMENT":"f.79CB9250C4973688A89FBF0EB0986102.d.CBBBAC0DF5A1DF8678C01227863BF3E0.e.6801"}]}
COMMAND: GET /session/c1c20cc70f6d9ef30ac844aa04f1cdf8/element/f.79CB9250C4973688A89FBF0EB0986102.d.CBBBAC0DF5A1DF8678C01227863BF3E0.e.6800/attribute/aria-checked - {}
COMMAND: GET /session/c1c20cc70f6d9ef30ac844aa04f1cdf8/screenshot - {}
RESULT: {}
COMMAND: POST /session/c1c20cc70f6d9ef30ac844aa04f1cdf8/element - {"using":"xpath","value":"//table[contains(@id, \"listView-innerSelectionPanelTable-listUl\")]/tbody/tr[7]/td[2]/div/div"}
RESULT: {}
RESULT: {"using":"xpath","value":"//table[contains(@id, \"listView-innerSelectionPanelTable-listUl\")]/tbody/tr[7]/td[2]/div/div"}
COMMAND: POST /session/c1c20cc70f6d9ef30ac844aa04f1cdf8/element - {"using":"xpath","value":"//table[contains(@id, \"listView-innerSelectionPanelTable-listUl\")]/tbody/tr[7]/td[2]/div"}
RESULT: {"using":"xpath","value":"//table[contains(@id, \"listView-innerSelectionPanelTable-listUl\")]/tbody/tr[7]/td[2]/div"}
COMMAND: POST /session/c1c20cc70f6d9ef30ac844aa04f1cdf8/element - {"using":"xpath","value":"//table[contains(@id, \"listView-innerSelectionPanelTable-listUl\")]/tbody/tr[7]/td[3]/div/div/span/span[1]/bdi"}
RESULT: {"using":"xpath","value":"//table[contains(@id, \"listView-innerSelectionPanelTable-listUl\")]/tbody/tr[7]/td[3]/div/div/span/span[1]/bdi"}
COMMAND: POST /session/c1c20cc70f6d9ef30ac844aa04f1cdf8/execute/sync - {"script":"<script> [56 bytes]","args":[{"element-6066-11e4-a52e-4f735466cecf":"f.79CB9250C4973688A89FBF0EB0986102.d.CBBBAC0DF5A1DF8678C01227863BF3E0.e.6804","ELEMENT":"f.79CB9250C4973688A89FBF0EB0986102.d.CBBBAC0DF5A1DF8678C01227863BF3E0.e.6804"}]}
RESULT: {"script":"<script> [56 bytes]","args":[{"element-6066-11e4-a52e-4f735466cecf":"f.79CB9250C4973688A89FBF0EB0986102.d.CBBBAC0DF5A1DF8678C01227863BF3E0.e.6804","ELEMENT":"f.79CB9250C4973688A89FBF0EB0986102.d.CBBBAC0DF5A1DF8678C01227863BF3E0.e.6804"}]}
COMMAND: GET /session/c1c20cc70f6d9ef30ac844aa04f1cdf8/element/f.79CB9250C4973688A89FBF0EB0986102.d.CBBBAC0DF5A1DF8678C01227863BF3E0.e.6803/attribute/aria-checked - {}
COMMAND: GET /session/c1c20cc70f6d9ef30ac844aa04f1cdf8/screenshot - {}
RESULT: {}
COMMAND: POST /session/c1c20cc70f6d9ef30ac844aa04f1cdf8/element - {"using":"xpath","value":"//table[contains(@id, \"listView-innerSelectionPanelTable-listUl\")]/tbody/tr[8]/td[2]/div/div"}
RESULT: {}
RESULT: {"using":"xpath","value":"//table[contains(@id, \"listView-innerSelectionPanelTable-listUl\")]/tbody/tr[8]/td[2]/div/div"}
COMMAND: POST /session/c1c20cc70f6d9ef30ac844aa04f1cdf8/element - {"using":"xpath","value":"//table[contains(@id, \"listView-innerSelectionPanelTable-listUl\")]/tbody/tr[8]/td[2]/div"}
RESULT: {"using":"xpath","value":"//table[contains(@id, \"listView-innerSelectionPanelTable-listUl\")]/tbody/tr[8]/td[2]/div"}
COMMAND: POST /session/c1c20cc70f6d9ef30ac844aa04f1cdf8/element - {"using":"xpath","value":"//table[contains(@id, \"listView-innerSelectionPanelTable-listUl\")]/tbody/tr[8]/td[3]/div/div/span/span[1]/bdi"}
RESULT: {"using":"xpath","value":"//table[contains(@id, \"listView-innerSelectionPanelTable-listUl\")]/tbody/tr[8]/td[3]/div/div/span/span[1]/bdi"}
COMMAND: POST /session/c1c20cc70f6d9ef30ac844aa04f1cdf8/execute/sync - {"script":"<script> [56 bytes]","args":[{"element-6066-11e4-a52e-4f735466cecf":"f.79CB9250C4973688A89FBF0EB0986102.d.CBBBAC0DF5A1DF8678C01227863BF3E0.e.6807","ELEMENT":"f.79CB9250C4973688A89FBF0EB0986102.d.CBBBAC0DF5A1DF8678C01227863BF3E0.e.6807"}]}
RESULT: {"script":"<script> [56 bytes]","args":[{"element-6066-11e4-a52e-4f735466cecf":"f.79CB9250C4973688A89FBF0EB0986102.d.CBBBAC0DF5A1DF8678C01227863BF3E0.e.6807","ELEMENT":"f.79CB9250C4973688A89FBF0EB0986102.d.CBBBAC0DF5A1DF8678C01227863BF3E0.e.6807"}]}
COMMAND: GET /session/c1c20cc70f6d9ef30ac844aa04f1cdf8/element/f.79CB9250C4973688A89FBF0EB0986102.d.CBBBAC0DF5A1DF8678C01227863BF3E0.e.6806/attribute/aria-checked - {}
COMMAND: GET /session/c1c20cc70f6d9ef30ac844aa04f1cdf8/screenshot - {}
RESULT: {}
COMMAND: POST /session/c1c20cc70f6d9ef30ac844aa04f1cdf8/element - {"using":"xpath","value":"//table[contains(@id, \"listView-innerSelectionPanelTable-listUl\")]/tbody/tr[9]/td[2]/div/div"}
RESULT: {}
RESULT: {"using":"xpath","value":"//table[contains(@id, \"listView-innerSelectionPanelTable-listUl\")]/tbody/tr[9]/td[2]/div/div"}
COMMAND: POST /session/c1c20cc70f6d9ef30ac844aa04f1cdf8/element - {"using":"xpath","value":"//table[contains(@id, \"listView-innerSelectionPanelTable-listUl\")]/tbody/tr[9]/td[2]/div"}
RESULT: {"using":"xpath","value":"//table[contains(@id, \"listView-innerSelectionPanelTable-listUl\")]/tbody/tr[9]/td[2]/div"}
COMMAND: POST /session/c1c20cc70f6d9ef30ac844aa04f1cdf8/element - {"using":"xpath","value":"//table[contains(@id, \"listView-innerSelectionPanelTable-listUl\")]/tbody/tr[9]/td[3]/div/div/span/span[1]/bdi"}
RESULT: {"using":"xpath","value":"//table[contains(@id, \"listView-innerSelectionPanelTable-listUl\")]/tbody/tr[9]/td[3]/div/div/span/span[1]/bdi"}
COMMAND: POST /session/c1c20cc70f6d9ef30ac844aa04f1cdf8/execute/sync - {"script":"<script> [56 bytes]","args":[{"element-6066-11e4-a52e-4f735466cecf":"f.79CB9250C4973688A89FBF0EB0986102.d.CBBBAC0DF5A1DF8678C01227863BF3E0.e.6810","ELEMENT":"f.79CB9250C4973688A89FBF0EB0986102.d.CBBBAC0DF5A1DF8678C01227863BF3E0.e.6810"}]}
RESULT: {"script":"<script> [56 bytes]","args":[{"element-6066-11e4-a52e-4f735466cecf":"f.79CB9250C4973688A89FBF0EB0986102.d.CBBBAC0DF5A1DF8678C01227863BF3E0.e.6810","ELEMENT":"f.79CB9250C4973688A89FBF0EB0986102.d.CBBBAC0DF5A1DF8678C01227863BF3E0.e.6810"}]}
COMMAND: GET /session/c1c20cc70f6d9ef30ac844aa04f1cdf8/element/f.79CB9250C4973688A89FBF0EB0986102.d.CBBBAC0DF5A1DF8678C01227863BF3E0.e.6809/attribute/aria-checked - {}
COMMAND: GET /session/c1c20cc70f6d9ef30ac844aa04f1cdf8/screenshot - {}
RESULT: {}
COMMAND: POST /session/c1c20cc70f6d9ef30ac844aa04f1cdf8/element - {"using":"xpath","value":"//table[contains(@id, \"listView-innerSelectionPanelTable-listUl\")]/tbody/tr[10]/td[2]/div/div"}
RESULT: {}
RESULT: {"using":"xpath","value":"//table[contains(@id, \"listView-innerSelectionPanelTable-listUl\")]/tbody/tr[10]/td[2]/div/div"}
COMMAND: POST /session/c1c20cc70f6d9ef30ac844aa04f1cdf8/element - {"using":"xpath","value":"//table[contains(@id, \"listView-innerSelectionPanelTable-listUl\")]/tbody/tr[10]/td[2]/div"}
RESULT: {"using":"xpath","value":"//table[contains(@id, \"listView-innerSelectionPanelTable-listUl\")]/tbody/tr[10]/td[2]/div"}
COMMAND: POST /session/c1c20cc70f6d9ef30ac844aa04f1cdf8/element - {"using":"xpath","value":"//table[contains(@id, \"listView-innerSelectionPanelTable-listUl\")]/tbody/tr[10]/td[3]/div/div/span/span[1]/bdi"}
RESULT: {"using":"xpath","value":"//table[contains(@id, \"listView-innerSelectionPanelTable-listUl\")]/tbody/tr[10]/td[3]/div/div/span/span[1]/bdi"}
COMMAND: POST /session/c1c20cc70f6d9ef30ac844aa04f1cdf8/execute/sync - {"script":"<script> [56 bytes]","args":[{"element-6066-11e4-a52e-4f735466cecf":"f.79CB9250C4973688A89FBF0EB0986102.d.CBBBAC0DF5A1DF8678C01227863BF3E0.e.6813","ELEMENT":"f.79CB9250C4973688A89FBF0EB0986102.d.CBBBAC0DF5A1DF8678C01227863BF3E0.e.6813"}]}
RESULT: {"script":"<script> [56 bytes]","args":[{"element-6066-11e4-a52e-4f735466cecf":"f.79CB9250C4973688A89FBF0EB0986102.d.CBBBAC0DF5A1DF8678C01227863BF3E0.e.6813","ELEMENT":"f.79CB9250C4973688A89FBF0EB0986102.d.CBBBAC0DF5A1DF8678C01227863BF3E0.e.6813"}]}
COMMAND: GET /session/c1c20cc70f6d9ef30ac844aa04f1cdf8/element/f.79CB9250C4973688A89FBF0EB0986102.d.CBBBAC0DF5A1DF8678C01227863BF3E0.e.6812/attribute/aria-checked - {}
COMMAND: GET /session/c1c20cc70f6d9ef30ac844aa04f1cdf8/screenshot - {}
RESULT: {}
COMMAND: POST /session/c1c20cc70f6d9ef30ac844aa04f1cdf8/element - {"using":"xpath","value":"//table[contains(@id, \"listView-innerSelectionPanelTable-listUl\")]/tbody/tr[11]/td[2]/div/div"}
RESULT: {}
RESULT: {"using":"xpath","value":"//table[contains(@id, \"listView-innerSelectionPanelTable-listUl\")]/tbody/tr[11]/td[2]/div/div"}
COMMAND: POST /session/c1c20cc70f6d9ef30ac844aa04f1cdf8/element - {"using":"xpath","value":"//table[contains(@id, \"listView-innerSelectionPanelTable-listUl\")]/tbody/tr[11]/td[2]/div"}
RESULT: {"using":"xpath","value":"//table[contains(@id, \"listView-innerSelectionPanelTable-listUl\")]/tbody/tr[11]/td[2]/div"}
COMMAND: POST /session/c1c20cc70f6d9ef30ac844aa04f1cdf8/element - {"using":"xpath","value":"//table[contains(@id, \"listView-innerSelectionPanelTable-listUl\")]/tbody/tr[11]/td[3]/div/div/span/span[1]/bdi"}
RESULT: {"using":"xpath","value":"//table[contains(@id, \"listView-innerSelectionPanelTable-listUl\")]/tbody/tr[11]/td[3]/div/div/span/span[1]/bdi"}
COMMAND: POST /session/c1c20cc70f6d9ef30ac844aa04f1cdf8/execute/sync - {"script":"<script> [56 bytes]","args":[{"element-6066-11e4-a52e-4f735466cecf":"f.79CB9250C4973688A89FBF0EB0986102.d.CBBBAC0DF5A1DF8678C01227863BF3E0.e.6816","ELEMENT":"f.79CB9250C4973688A89FBF0EB0986102.d.CBBBAC0DF5A1DF8678C01227863BF3E0.e.6816"}]}
RESULT: {"script":"<script> [56 bytes]","args":[{"element-6066-11e4-a52e-4f735466cecf":"f.79CB9250C4973688A89FBF0EB0986102.d.CBBBAC0DF5A1DF8678C01227863BF3E0.e.6816","ELEMENT":"f.79CB9250C4973688A89FBF0EB0986102.d.CBBBAC0DF5A1DF8678C01227863BF3E0.e.6816"}]}
COMMAND: GET /session/c1c20cc70f6d9ef30ac844aa04f1cdf8/element/f.79CB9250C4973688A89FBF0EB0986102.d.CBBBAC0DF5A1DF8678C01227863BF3E0.e.6815/attribute/aria-checked - {}
COMMAND: GET /session/c1c20cc70f6d9ef30ac844aa04f1cdf8/screenshot - {}
RESULT: {}
COMMAND: POST /session/c1c20cc70f6d9ef30ac844aa04f1cdf8/element - {"using":"xpath","value":"//table[contains(@id, \"listView-innerSelectionPanelTable-listUl\")]/tbody/tr[12]/td[2]/div/div"}
RESULT: {}
RESULT: {"using":"xpath","value":"//table[contains(@id, \"listView-innerSelectionPanelTable-listUl\")]/tbody/tr[12]/td[2]/div/div"}
COMMAND: POST /session/c1c20cc70f6d9ef30ac844aa04f1cdf8/element - {"using":"xpath","value":"//table[contains(@id, \"listView-innerSelectionPanelTable-listUl\")]/tbody/tr[12]/td[2]/div"}
RESULT: {"using":"xpath","value":"//table[contains(@id, \"listView-innerSelectionPanelTable-listUl\")]/tbody/tr[12]/td[2]/div"}
COMMAND: POST /session/c1c20cc70f6d9ef30ac844aa04f1cdf8/element - {"using":"xpath","value":"//table[contains(@id, \"listView-innerSelectionPanelTable-listUl\")]/tbody/tr[12]/td[3]/div/div/span/span[1]/bdi"}
RESULT: {"using":"xpath","value":"//table[contains(@id, \"listView-innerSelectionPanelTable-listUl\")]/tbody/tr[12]/td[3]/div/div/span/span[1]/bdi"}
COMMAND: POST /session/c1c20cc70f6d9ef30ac844aa04f1cdf8/execute/sync - {"script":"<script> [56 bytes]","args":[{"element-6066-11e4-a52e-4f735466cecf":"f.79CB9250C4973688A89FBF0EB0986102.d.CBBBAC0DF5A1DF8678C01227863BF3E0.e.6819","ELEMENT":"f.79CB9250C4973688A89FBF0EB0986102.d.CBBBAC0DF5A1DF8678C01227863BF3E0.e.6819"}]}
RESULT: {"script":"<script> [56 bytes]","args":[{"element-6066-11e4-a52e-4f735466cecf":"f.79CB9250C4973688A89FBF0EB0986102.d.CBBBAC0DF5A1DF8678C01227863BF3E0.e.6819","ELEMENT":"f.79CB9250C4973688A89FBF0EB0986102.d.CBBBAC0DF5A1DF8678C01227863BF3E0.e.6819"}]}
COMMAND: GET /session/c1c20cc70f6d9ef30ac844aa04f1cdf8/element/f.79CB9250C4973688A89FBF0EB0986102.d.CBBBAC0DF5A1DF8678C01227863BF3E0.e.6818/attribute/aria-checked - {}
COMMAND: GET /session/c1c20cc70f6d9ef30ac844aa04f1cdf8/screenshot - {}
RESULT: {}
COMMAND: POST /session/c1c20cc70f6d9ef30ac844aa04f1cdf8/element - {"using":"xpath","value":"//table[contains(@id, \"listView-innerSelectionPanelTable-listUl\")]/tbody/tr[13]/td[2]/div/div"}
RESULT: {}
RESULT: {"using":"xpath","value":"//table[contains(@id, \"listView-innerSelectionPanelTable-listUl\")]/tbody/tr[13]/td[2]/div/div"}
COMMAND: POST /session/c1c20cc70f6d9ef30ac844aa04f1cdf8/element - {"using":"xpath","value":"//table[contains(@id, \"listView-innerSelectionPanelTable-listUl\")]/tbody/tr[13]/td[2]/div"}
RESULT: {"using":"xpath","value":"//table[contains(@id, \"listView-innerSelectionPanelTable-listUl\")]/tbody/tr[13]/td[2]/div"}
COMMAND: POST /session/c1c20cc70f6d9ef30ac844aa04f1cdf8/element - {"using":"xpath","value":"//table[contains(@id, \"listView-innerSelectionPanelTable-listUl\")]/tbody/tr[13]/td[3]/div/div/span/span[1]/bdi"}
RESULT: {"using":"xpath","value":"//table[contains(@id, \"listView-innerSelectionPanelTable-listUl\")]/tbody/tr[13]/td[3]/div/div/span/span[1]/bdi"}
COMMAND: POST /session/c1c20cc70f6d9ef30ac844aa04f1cdf8/execute/sync - {"script":"<script> [56 bytes]","args":[{"element-6066-11e4-a52e-4f735466cecf":"f.79CB9250C4973688A89FBF0EB0986102.d.CBBBAC0DF5A1DF8678C01227863BF3E0.e.6822","ELEMENT":"f.79CB9250C4973688A89FBF0EB0986102.d.CBBBAC0DF5A1DF8678C01227863BF3E0.e.6822"}]}
RESULT: {"script":"<script> [56 bytes]","args":[{"element-6066-11e4-a52e-4f735466cecf":"f.79CB9250C4973688A89FBF0EB0986102.d.CBBBAC0DF5A1DF8678C01227863BF3E0.e.6822","ELEMENT":"f.79CB9250C4973688A89FBF0EB0986102.d.CBBBAC0DF5A1DF8678C01227863BF3E0.e.6822"}]}
COMMAND: GET /session/c1c20cc70f6d9ef30ac844aa04f1cdf8/element/f.79CB9250C4973688A89FBF0EB0986102.d.CBBBAC0DF5A1DF8678C01227863BF3E0.e.6821/attribute/aria-checked - {}
COMMAND: GET /session/c1c20cc70f6d9ef30ac844aa04f1cdf8/screenshot - {}
RESULT: {}
RESULT: {}
COMMAND: POST /session/c1c20cc70f6d9ef30ac844aa04f1cdf8/element - {"using":"xpath","value":"//table[contains(@id, \"listView-innerSelectionPanelTable-listUl\")]/tbody/tr[14]/td[2]/div/div"}
COMMAND: POST /session/c1c20cc70f6d9ef30ac844aa04f1cdf8/element/f.79CB9250C4973688A89FBF0EB0986102.d.CBBBAC0DF5A1DF8678C01227863BF3E0.e.6820/click - {}
RESULT: {"using":"xpath","value":"//table[contains(@id, \"listView-innerSelectionPanelTable-listUl\")]/tbody/tr[14]/td[2]/div/div"}
COMMAND: POST /session/c1c20cc70f6d9ef30ac844aa04f1cdf8/element - {"using":"xpath","value":"//table[contains(@id, \"listView-innerSelectionPanelTable-listUl\")]/tbody/tr[14]/td[2]/div"}
RESULT: {}
COMMAND: GET /session/c1c20cc70f6d9ef30ac844aa04f1cdf8/screenshot - {}
RESULT: {"using":"xpath","value":"//table[contains(@id, \"listView-innerSelectionPanelTable-listUl\")]/tbody/tr[14]/td[2]/div"}
COMMAND: POST /session/c1c20cc70f6d9ef30ac844aa04f1cdf8/element - {"using":"xpath","value":"//table[contains(@id, \"listView-innerSelectionPanelTable-listUl\")]/tbody/tr[14]/td[3]/div/div/span/span[1]/bdi"}
RESULT: {}
RESULT: {"using":"xpath","value":"//table[contains(@id, \"listView-innerSelectionPanelTable-listUl\")]/tbody/tr[14]/td[3]/div/div/span/span[1]/bdi"}
COMMAND: POST /session/c1c20cc70f6d9ef30ac844aa04f1cdf8/execute/sync - {"script":"<script> [56 bytes]","args":[{"element-6066-11e4-a52e-4f735466cecf":"f.79CB9250C4973688A89FBF0EB0986102.d.CBBBAC0DF5A1DF8678C01227863BF3E0.e.6826","ELEMENT":"f.79CB9250C4973688A89FBF0EB0986102.d.CBBBAC0DF5A1DF8678C01227863BF3E0.e.6826"}]}
RESULT: {"script":"<script> [56 bytes]","args":[{"element-6066-11e4-a52e-4f735466cecf":"f.79CB9250C4973688A89FBF0EB0986102.d.CBBBAC0DF5A1DF8678C01227863BF3E0.e.6826","ELEMENT":"f.79CB9250C4973688A89FBF0EB0986102.d.CBBBAC0DF5A1DF8678C01227863BF3E0.e.6826"}]}
COMMAND: GET /session/c1c20cc70f6d9ef30ac844aa04f1cdf8/element/f.79CB9250C4973688A89FBF0EB0986102.d.CBBBAC0DF5A1DF8678C01227863BF3E0.e.6825/attribute/aria-checked - {}
COMMAND: GET /session/c1c20cc70f6d9ef30ac844aa04f1cdf8/screenshot - {}
RESULT: {}
COMMAND: POST /session/c1c20cc70f6d9ef30ac844aa04f1cdf8/element - {"using":"xpath","value":"//table[contains(@id, \"listView-innerSelectionPanelTable-listUl\")]/tbody/tr[15]/td[2]/div/div"}
RESULT: {}
RESULT: {"using":"xpath","value":"//table[contains(@id, \"listView-innerSelectionPanelTable-listUl\")]/tbody/tr[15]/td[2]/div/div"}
COMMAND: POST /session/c1c20cc70f6d9ef30ac844aa04f1cdf8/element - {"using":"xpath","value":"//table[contains(@id, \"listView-innerSelectionPanelTable-listUl\")]/tbody/tr[15]/td[2]/div"}
RESULT: {"using":"xpath","value":"//table[contains(@id, \"listView-innerSelectionPanelTable-listUl\")]/tbody/tr[15]/td[2]/div"}
COMMAND: POST /session/c1c20cc70f6d9ef30ac844aa04f1cdf8/element - {"using":"xpath","value":"//table[contains(@id, \"listView-innerSelectionPanelTable-listUl\")]/tbody/tr[15]/td[3]/div/div/span/span[1]/bdi"}
RESULT: {"using":"xpath","value":"//table[contains(@id, \"listView-innerSelectionPanelTable-listUl\")]/tbody/tr[15]/td[3]/div/div/span/span[1]/bdi"}
COMMAND: POST /session/c1c20cc70f6d9ef30ac844aa04f1cdf8/execute/sync - {"script":"<script> [56 bytes]","args":[{"element-6066-11e4-a52e-4f735466cecf":"f.79CB9250C4973688A89FBF0EB0986102.d.CBBBAC0DF5A1DF8678C01227863BF3E0.e.6829","ELEMENT":"f.79CB9250C4973688A89FBF0EB0986102.d.CBBBAC0DF5A1DF8678C01227863BF3E0.e.6829"}]}
RESULT: {"script":"<script> [56 bytes]","args":[{"element-6066-11e4-a52e-4f735466cecf":"f.79CB9250C4973688A89FBF0EB0986102.d.CBBBAC0DF5A1DF8678C01227863BF3E0.e.6829","ELEMENT":"f.79CB9250C4973688A89FBF0EB0986102.d.CBBBAC0DF5A1DF8678C01227863BF3E0.e.6829"}]}
COMMAND: GET /session/c1c20cc70f6d9ef30ac844aa04f1cdf8/element/f.79CB9250C4973688A89FBF0EB0986102.d.CBBBAC0DF5A1DF8678C01227863BF3E0.e.6828/attribute/aria-checked - {}
COMMAND: GET /session/c1c20cc70f6d9ef30ac844aa04f1cdf8/screenshot - {}
RESULT: {}
COMMAND: POST /session/c1c20cc70f6d9ef30ac844aa04f1cdf8/element - {"using":"xpath","value":"//table[contains(@id, \"listView-innerSelectionPanelTable-listUl\")]/tbody/tr[16]/td[2]/div/div"}
RESULT: {}
RESULT: {"using":"xpath","value":"//table[contains(@id, \"listView-innerSelectionPanelTable-listUl\")]/tbody/tr[16]/td[2]/div/div"}
COMMAND: POST /session/c1c20cc70f6d9ef30ac844aa04f1cdf8/element - {"using":"xpath","value":"//table[contains(@id, \"listView-innerSelectionPanelTable-listUl\")]/tbody/tr[16]/td[2]/div"}
RESULT: {"using":"xpath","value":"//table[contains(@id, \"listView-innerSelectionPanelTable-listUl\")]/tbody/tr[16]/td[2]/div"}
COMMAND: POST /session/c1c20cc70f6d9ef30ac844aa04f1cdf8/element - {"using":"xpath","value":"//table[contains(@id, \"listView-innerSelectionPanelTable-listUl\")]/tbody/tr[16]/td[3]/div/div/span/span[1]/bdi"}
RESULT: {"using":"xpath","value":"//table[contains(@id, \"listView-innerSelectionPanelTable-listUl\")]/tbody/tr[16]/td[3]/div/div/span/span[1]/bdi"}
COMMAND: POST /session/c1c20cc70f6d9ef30ac844aa04f1cdf8/execute/sync - {"script":"<script> [56 bytes]","args":[{"element-6066-11e4-a52e-4f735466cecf":"f.79CB9250C4973688A89FBF0EB0986102.d.CBBBAC0DF5A1DF8678C01227863BF3E0.e.6832","ELEMENT":"f.79CB9250C4973688A89FBF0EB0986102.d.CBBBAC0DF5A1DF8678C01227863BF3E0.e.6832"}]}
RESULT: {"script":"<script> [56 bytes]","args":[{"element-6066-11e4-a52e-4f735466cecf":"f.79CB9250C4973688A89FBF0EB0986102.d.CBBBAC0DF5A1DF8678C01227863BF3E0.e.6832","ELEMENT":"f.79CB9250C4973688A89FBF0EB0986102.d.CBBBAC0DF5A1DF8678C01227863BF3E0.e.6832"}]}
COMMAND: GET /session/c1c20cc70f6d9ef30ac844aa04f1cdf8/element/f.79CB9250C4973688A89FBF0EB0986102.d.CBBBAC0DF5A1DF8678C01227863BF3E0.e.6831/attribute/aria-checked - {}
COMMAND: GET /session/c1c20cc70f6d9ef30ac844aa04f1cdf8/screenshot - {}
RESULT: {}
COMMAND: POST /session/c1c20cc70f6d9ef30ac844aa04f1cdf8/element - {"using":"xpath","value":"//table[contains(@id, \"listView-innerSelectionPanelTable-listUl\")]/tbody/tr[17]/td[2]/div/div"}
RESULT: {}
RESULT: {"using":"xpath","value":"//table[contains(@id, \"listView-innerSelectionPanelTable-listUl\")]/tbody/tr[17]/td[2]/div/div"}
COMMAND: POST /session/c1c20cc70f6d9ef30ac844aa04f1cdf8/element - {"using":"xpath","value":"//table[contains(@id, \"listView-innerSelectionPanelTable-listUl\")]/tbody/tr[17]/td[2]/div"}
RESULT: {"using":"xpath","value":"//table[contains(@id, \"listView-innerSelectionPanelTable-listUl\")]/tbody/tr[17]/td[2]/div"}
COMMAND: POST /session/c1c20cc70f6d9ef30ac844aa04f1cdf8/element - {"using":"xpath","value":"//table[contains(@id, \"listView-innerSelectionPanelTable-listUl\")]/tbody/tr[17]/td[3]/div/div/span/span[1]/bdi"}
RESULT: {"using":"xpath","value":"//table[contains(@id, \"listView-innerSelectionPanelTable-listUl\")]/tbody/tr[17]/td[3]/div/div/span/span[1]/bdi"}
COMMAND: POST /session/c1c20cc70f6d9ef30ac844aa04f1cdf8/execute/sync - {"script":"<script> [56 bytes]","args":[{"element-6066-11e4-a52e-4f735466cecf":"f.79CB9250C4973688A89FBF0EB0986102.d.CBBBAC0DF5A1DF8678C01227863BF3E0.e.6835","ELEMENT":"f.79CB9250C4973688A89FBF0EB0986102.d.CBBBAC0DF5A1DF8678C01227863BF3E0.e.6835"}]}
RESULT: {"script":"<script> [56 bytes]","args":[{"element-6066-11e4-a52e-4f735466cecf":"f.79CB9250C4973688A89FBF0EB0986102.d.CBBBAC0DF5A1DF8678C01227863BF3E0.e.6835","ELEMENT":"f.79CB9250C4973688A89FBF0EB0986102.d.CBBBAC0DF5A1DF8678C01227863BF3E0.e.6835"}]}
COMMAND: GET /session/c1c20cc70f6d9ef30ac844aa04f1cdf8/element/f.79CB9250C4973688A89FBF0EB0986102.d.CBBBAC0DF5A1DF8678C01227863BF3E0.e.6834/attribute/aria-checked - {}
COMMAND: GET /session/c1c20cc70f6d9ef30ac844aa04f1cdf8/screenshot - {}
RESULT: {}
COMMAND: POST /session/c1c20cc70f6d9ef30ac844aa04f1cdf8/element - {"using":"xpath","value":"//table[contains(@id, \"listView-innerSelectionPanelTable-listUl\")]/tbody/tr[18]/td[2]/div/div"}
RESULT: {}
RESULT: {"using":"xpath","value":"//table[contains(@id, \"listView-innerSelectionPanelTable-listUl\")]/tbody/tr[18]/td[2]/div/div"}
COMMAND: POST /session/c1c20cc70f6d9ef30ac844aa04f1cdf8/element - {"using":"xpath","value":"//table[contains(@id, \"listView-innerSelectionPanelTable-listUl\")]/tbody/tr[18]/td[2]/div"}
RESULT: {"using":"xpath","value":"//table[contains(@id, \"listView-innerSelectionPanelTable-listUl\")]/tbody/tr[18]/td[2]/div"}
COMMAND: POST /session/c1c20cc70f6d9ef30ac844aa04f1cdf8/element - {"using":"xpath","value":"//table[contains(@id, \"listView-innerSelectionPanelTable-listUl\")]/tbody/tr[18]/td[3]/div/div/span/span[1]/bdi"}
RESULT: {"using":"xpath","value":"//table[contains(@id, \"listView-innerSelectionPanelTable-listUl\")]/tbody/tr[18]/td[3]/div/div/span/span[1]/bdi"}
COMMAND: POST /session/c1c20cc70f6d9ef30ac844aa04f1cdf8/execute/sync - {"script":"<script> [56 bytes]","args":[{"element-6066-11e4-a52e-4f735466cecf":"f.79CB9250C4973688A89FBF0EB0986102.d.CBBBAC0DF5A1DF8678C01227863BF3E0.e.6838","ELEMENT":"f.79CB9250C4973688A89FBF0EB0986102.d.CBBBAC0DF5A1DF8678C01227863BF3E0.e.6838"}]}
RESULT: {"script":"<script> [56 bytes]","args":[{"element-6066-11e4-a52e-4f735466cecf":"f.79CB9250C4973688A89FBF0EB0986102.d.CBBBAC0DF5A1DF8678C01227863BF3E0.e.6838","ELEMENT":"f.79CB9250C4973688A89FBF0EB0986102.d.CBBBAC0DF5A1DF8678C01227863BF3E0.e.6838"}]}
COMMAND: GET /session/c1c20cc70f6d9ef30ac844aa04f1cdf8/element/f.79CB9250C4973688A89FBF0EB0986102.d.CBBBAC0DF5A1DF8678C01227863BF3E0.e.6837/attribute/aria-checked - {}
COMMAND: GET /session/c1c20cc70f6d9ef30ac844aa04f1cdf8/screenshot - {}
RESULT: {}
COMMAND: POST /session/c1c20cc70f6d9ef30ac844aa04f1cdf8/element - {"using":"xpath","value":"//table[contains(@id, \"listView-innerSelectionPanelTable-listUl\")]/tbody/tr[19]/td[2]/div/div"}
RESULT: {}
RESULT: {"using":"xpath","value":"//table[contains(@id, \"listView-innerSelectionPanelTable-listUl\")]/tbody/tr[19]/td[2]/div/div"}
COMMAND: POST /session/c1c20cc70f6d9ef30ac844aa04f1cdf8/element - {"using":"xpath","value":"//table[contains(@id, \"listView-innerSelectionPanelTable-listUl\")]/tbody/tr[19]/td[2]/div"}
RESULT: {"using":"xpath","value":"//table[contains(@id, \"listView-innerSelectionPanelTable-listUl\")]/tbody/tr[19]/td[2]/div"}
COMMAND: POST /session/c1c20cc70f6d9ef30ac844aa04f1cdf8/element - {"using":"xpath","value":"//table[contains(@id, \"listView-innerSelectionPanelTable-listUl\")]/tbody/tr[19]/td[3]/div/div/span/span[1]/bdi"}
RESULT: {"using":"xpath","value":"//table[contains(@id, \"listView-innerSelectionPanelTable-listUl\")]/tbody/tr[19]/td[3]/div/div/span/span[1]/bdi"}
COMMAND: POST /session/c1c20cc70f6d9ef30ac844aa04f1cdf8/execute/sync - {"script":"<script> [56 bytes]","args":[{"element-6066-11e4-a52e-4f735466cecf":"f.79CB9250C4973688A89FBF0EB0986102.d.CBBBAC0DF5A1DF8678C01227863BF3E0.e.6841","ELEMENT":"f.79CB9250C4973688A89FBF0EB0986102.d.CBBBAC0DF5A1DF8678C01227863BF3E0.e.6841"}]}
RESULT: {"script":"<script> [56 bytes]","args":[{"element-6066-11e4-a52e-4f735466cecf":"f.79CB9250C4973688A89FBF0EB0986102.d.CBBBAC0DF5A1DF8678C01227863BF3E0.e.6841","ELEMENT":"f.79CB9250C4973688A89FBF0EB0986102.d.CBBBAC0DF5A1DF8678C01227863BF3E0.e.6841"}]}
COMMAND: GET /session/c1c20cc70f6d9ef30ac844aa04f1cdf8/element/f.79CB9250C4973688A89FBF0EB0986102.d.CBBBAC0DF5A1DF8678C01227863BF3E0.e.6840/attribute/aria-checked - {}
COMMAND: GET /session/c1c20cc70f6d9ef30ac844aa04f1cdf8/screenshot - {}
RESULT: {}
COMMAND: POST /session/c1c20cc70f6d9ef30ac844aa04f1cdf8/element - {"using":"xpath","value":"//table[contains(@id, \"listView-innerSelectionPanelTable-listUl\")]/tbody/tr[20]/td[2]/div/div"}
RESULT: {}
RESULT: {"using":"xpath","value":"//table[contains(@id, \"listView-innerSelectionPanelTable-listUl\")]/tbody/tr[20]/td[2]/div/div"}
COMMAND: POST /session/c1c20cc70f6d9ef30ac844aa04f1cdf8/element - {"using":"xpath","value":"//table[contains(@id, \"listView-innerSelectionPanelTable-listUl\")]/tbody/tr[20]/td[2]/div"}
RESULT: {"using":"xpath","value":"//table[contains(@id, \"listView-innerSelectionPanelTable-listUl\")]/tbody/tr[20]/td[2]/div"}
COMMAND: POST /session/c1c20cc70f6d9ef30ac844aa04f1cdf8/element - {"using":"xpath","value":"//table[contains(@id, \"listView-innerSelectionPanelTable-listUl\")]/tbody/tr[20]/td[3]/div/div/span/span[1]/bdi"}
RESULT: {"using":"xpath","value":"//table[contains(@id, \"listView-innerSelectionPanelTable-listUl\")]/tbody/tr[20]/td[3]/div/div/span/span[1]/bdi"}
COMMAND: POST /session/c1c20cc70f6d9ef30ac844aa04f1cdf8/execute/sync - {"script":"<script> [56 bytes]","args":[{"element-6066-11e4-a52e-4f735466cecf":"f.79CB9250C4973688A89FBF0EB0986102.d.CBBBAC0DF5A1DF8678C01227863BF3E0.e.6844","ELEMENT":"f.79CB9250C4973688A89FBF0EB0986102.d.CBBBAC0DF5A1DF8678C01227863BF3E0.e.6844"}]}
RESULT: {"script":"<script> [56 bytes]","args":[{"element-6066-11e4-a52e-4f735466cecf":"f.79CB9250C4973688A89FBF0EB0986102.d.CBBBAC0DF5A1DF8678C01227863BF3E0.e.6844","ELEMENT":"f.79CB9250C4973688A89FBF0EB0986102.d.CBBBAC0DF5A1DF8678C01227863BF3E0.e.6844"}]}
COMMAND: GET /session/c1c20cc70f6d9ef30ac844aa04f1cdf8/element/f.79CB9250C4973688A89FBF0EB0986102.d.CBBBAC0DF5A1DF8678C01227863BF3E0.e.6843/attribute/aria-checked - {}
COMMAND: GET /session/c1c20cc70f6d9ef30ac844aa04f1cdf8/screenshot - {}
RESULT: {}
COMMAND: POST /session/c1c20cc70f6d9ef30ac844aa04f1cdf8/element - {"using":"xpath","value":"//table[contains(@id, \"listView-innerSelectionPanelTable-listUl\")]/tbody/tr[21]/td[2]/div/div"}
RESULT: {}
RESULT: {"using":"xpath","value":"//table[contains(@id, \"listView-innerSelectionPanelTable-listUl\")]/tbody/tr[21]/td[2]/div/div"}
COMMAND: POST /session/c1c20cc70f6d9ef30ac844aa04f1cdf8/element - {"using":"xpath","value":"//table[contains(@id, \"listView-innerSelectionPanelTable-listUl\")]/tbody/tr[21]/td[2]/div"}
RESULT: {"using":"xpath","value":"//table[contains(@id, \"listView-innerSelectionPanelTable-listUl\")]/tbody/tr[21]/td[2]/div"}
COMMAND: POST /session/c1c20cc70f6d9ef30ac844aa04f1cdf8/element - {"using":"xpath","value":"//table[contains(@id, \"listView-innerSelectionPanelTable-listUl\")]/tbody/tr[21]/td[3]/div/div/span/span[1]/bdi"}
RESULT: {"using":"xpath","value":"//table[contains(@id, \"listView-innerSelectionPanelTable-listUl\")]/tbody/tr[21]/td[3]/div/div/span/span[1]/bdi"}
COMMAND: POST /session/c1c20cc70f6d9ef30ac844aa04f1cdf8/execute/sync - {"script":"<script> [56 bytes]","args":[{"element-6066-11e4-a52e-4f735466cecf":"f.79CB9250C4973688A89FBF0EB0986102.d.CBBBAC0DF5A1DF8678C01227863BF3E0.e.6847","ELEMENT":"f.79CB9250C4973688A89FBF0EB0986102.d.CBBBAC0DF5A1DF8678C01227863BF3E0.e.6847"}]}
RESULT: {"script":"<script> [56 bytes]","args":[{"element-6066-11e4-a52e-4f735466cecf":"f.79CB9250C4973688A89FBF0EB0986102.d.CBBBAC0DF5A1DF8678C01227863BF3E0.e.6847","ELEMENT":"f.79CB9250C4973688A89FBF0EB0986102.d.CBBBAC0DF5A1DF8678C01227863BF3E0.e.6847"}]}
COMMAND: GET /session/c1c20cc70f6d9ef30ac844aa04f1cdf8/element/f.79CB9250C4973688A89FBF0EB0986102.d.CBBBAC0DF5A1DF8678C01227863BF3E0.e.6846/attribute/aria-checked - {}
COMMAND: GET /session/c1c20cc70f6d9ef30ac844aa04f1cdf8/screenshot - {}
RESULT: {}
COMMAND: POST /session/c1c20cc70f6d9ef30ac844aa04f1cdf8/element - {"using":"xpath","value":"//table[contains(@id, \"listView-innerSelectionPanelTable-listUl\")]/tbody/tr[22]/td[2]/div/div"}
RESULT: {}
RESULT: {"using":"xpath","value":"//table[contains(@id, \"listView-innerSelectionPanelTable-listUl\")]/tbody/tr[22]/td[2]/div/div"}
COMMAND: POST /session/c1c20cc70f6d9ef30ac844aa04f1cdf8/element - {"using":"xpath","value":"//table[contains(@id, \"listView-innerSelectionPanelTable-listUl\")]/tbody/tr[22]/td[2]/div"}
RESULT: {"using":"xpath","value":"//table[contains(@id, \"listView-innerSelectionPanelTable-listUl\")]/tbody/tr[22]/td[2]/div"}
COMMAND: POST /session/c1c20cc70f6d9ef30ac844aa04f1cdf8/element - {"using":"xpath","value":"//table[contains(@id, \"listView-innerSelectionPanelTable-listUl\")]/tbody/tr[22]/td[3]/div/div/span/span[1]/bdi"}
RESULT: {"using":"xpath","value":"//table[contains(@id, \"listView-innerSelectionPanelTable-listUl\")]/tbody/tr[22]/td[3]/div/div/span/span[1]/bdi"}
COMMAND: POST /session/c1c20cc70f6d9ef30ac844aa04f1cdf8/execute/sync - {"script":"<script> [56 bytes]","args":[{"element-6066-11e4-a52e-4f735466cecf":"f.79CB9250C4973688A89FBF0EB0986102.d.CBBBAC0DF5A1DF8678C01227863BF3E0.e.6850","ELEMENT":"f.79CB9250C4973688A89FBF0EB0986102.d.CBBBAC0DF5A1DF8678C01227863BF3E0.e.6850"}]}
RESULT: {"script":"<script> [56 bytes]","args":[{"element-6066-11e4-a52e-4f735466cecf":"f.79CB9250C4973688A89FBF0EB0986102.d.CBBBAC0DF5A1DF8678C01227863BF3E0.e.6850","ELEMENT":"f.79CB9250C4973688A89FBF0EB0986102.d.CBBBAC0DF5A1DF8678C01227863BF3E0.e.6850"}]}
COMMAND: GET /session/c1c20cc70f6d9ef30ac844aa04f1cdf8/element/f.79CB9250C4973688A89FBF0EB0986102.d.CBBBAC0DF5A1DF8678C01227863BF3E0.e.6849/attribute/aria-checked - {}
COMMAND: GET /session/c1c20cc70f6d9ef30ac844aa04f1cdf8/screenshot - {}
RESULT: {}
COMMAND: POST /session/c1c20cc70f6d9ef30ac844aa04f1cdf8/element - {"using":"xpath","value":"//table[contains(@id, \"listView-innerSelectionPanelTable-listUl\")]/tbody/tr[23]/td[2]/div/div"}
RESULT: {}
RESULT: {"using":"xpath","value":"//table[contains(@id, \"listView-innerSelectionPanelTable-listUl\")]/tbody/tr[23]/td[2]/div/div"}
COMMAND: POST /session/c1c20cc70f6d9ef30ac844aa04f1cdf8/element - {"using":"xpath","value":"//table[contains(@id, \"listView-innerSelectionPanelTable-listUl\")]/tbody/tr[23]/td[2]/div"}
RESULT: {"using":"xpath","value":"//table[contains(@id, \"listView-innerSelectionPanelTable-listUl\")]/tbody/tr[23]/td[2]/div"}
COMMAND: POST /session/c1c20cc70f6d9ef30ac844aa04f1cdf8/element - {"using":"xpath","value":"//table[contains(@id, \"listView-innerSelectionPanelTable-listUl\")]/tbody/tr[23]/td[3]/div/div/span/span[1]/bdi"}
RESULT: {"using":"xpath","value":"//table[contains(@id, \"listView-innerSelectionPanelTable-listUl\")]/tbody/tr[23]/td[3]/div/div/span/span[1]/bdi"}
COMMAND: POST /session/c1c20cc70f6d9ef30ac844aa04f1cdf8/execute/sync - {"script":"<script> [56 bytes]","args":[{"element-6066-11e4-a52e-4f735466cecf":"f.79CB9250C4973688A89FBF0EB0986102.d.CBBBAC0DF5A1DF8678C01227863BF3E0.e.6853","ELEMENT":"f.79CB9250C4973688A89FBF0EB0986102.d.CBBBAC0DF5A1DF8678C01227863BF3E0.e.6853"}]}
RESULT: {"script":"<script> [56 bytes]","args":[{"element-6066-11e4-a52e-4f735466cecf":"f.79CB9250C4973688A89FBF0EB0986102.d.CBBBAC0DF5A1DF8678C01227863BF3E0.e.6853","ELEMENT":"f.79CB9250C4973688A89FBF0EB0986102.d.CBBBAC0DF5A1DF8678C01227863BF3E0.e.6853"}]}
COMMAND: GET /session/c1c20cc70f6d9ef30ac844aa04f1cdf8/element/f.79CB9250C4973688A89FBF0EB0986102.d.CBBBAC0DF5A1DF8678C01227863BF3E0.e.6852/attribute/aria-checked - {}
COMMAND: GET /session/c1c20cc70f6d9ef30ac844aa04f1cdf8/screenshot - {}
RESULT: {}
COMMAND: POST /session/c1c20cc70f6d9ef30ac844aa04f1cdf8/element - {"using":"xpath","value":"//table[contains(@id, \"listView-innerSelectionPanelTable-listUl\")]/tbody/tr[24]/td[2]/div/div"}
RESULT: {}
RESULT: {"using":"xpath","value":"//table[contains(@id, \"listView-innerSelectionPanelTable-listUl\")]/tbody/tr[24]/td[2]/div/div"}
COMMAND: POST /session/c1c20cc70f6d9ef30ac844aa04f1cdf8/element - {"using":"xpath","value":"//table[contains(@id, \"listView-innerSelectionPanelTable-listUl\")]/tbody/tr[24]/td[2]/div"}
RESULT: {"using":"xpath","value":"//table[contains(@id, \"listView-innerSelectionPanelTable-listUl\")]/tbody/tr[24]/td[2]/div"}
COMMAND: POST /session/c1c20cc70f6d9ef30ac844aa04f1cdf8/element - {"using":"xpath","value":"//table[contains(@id, \"listView-innerSelectionPanelTable-listUl\")]/tbody/tr[24]/td[3]/div/div/span/span[1]/bdi"}
RESULT: {"using":"xpath","value":"//table[contains(@id, \"listView-innerSelectionPanelTable-listUl\")]/tbody/tr[24]/td[3]/div/div/span/span[1]/bdi"}
COMMAND: POST /session/c1c20cc70f6d9ef30ac844aa04f1cdf8/execute/sync - {"script":"<script> [56 bytes]","args":[{"element-6066-11e4-a52e-4f735466cecf":"f.79CB9250C4973688A89FBF0EB0986102.d.CBBBAC0DF5A1DF8678C01227863BF3E0.e.6856","ELEMENT":"f.79CB9250C4973688A89FBF0EB0986102.d.CBBBAC0DF5A1DF8678C01227863BF3E0.e.6856"}]}
RESULT: {"script":"<script> [56 bytes]","args":[{"element-6066-11e4-a52e-4f735466cecf":"f.79CB9250C4973688A89FBF0EB0986102.d.CBBBAC0DF5A1DF8678C01227863BF3E0.e.6856","ELEMENT":"f.79CB9250C4973688A89FBF0EB0986102.d.CBBBAC0DF5A1DF8678C01227863BF3E0.e.6856"}]}
COMMAND: GET /session/c1c20cc70f6d9ef30ac844aa04f1cdf8/element/f.79CB9250C4973688A89FBF0EB0986102.d.CBBBAC0DF5A1DF8678C01227863BF3E0.e.6855/attribute/aria-checked - {}
COMMAND: GET /session/c1c20cc70f6d9ef30ac844aa04f1cdf8/screenshot - {}
RESULT: {}
COMMAND: POST /session/c1c20cc70f6d9ef30ac844aa04f1cdf8/element - {"using":"xpath","value":"//table[contains(@id, \"listView-innerSelectionPanelTable-listUl\")]/tbody/tr[25]/td[2]/div/div"}
RESULT: {}
RESULT: {"using":"xpath","value":"//table[contains(@id, \"listView-innerSelectionPanelTable-listUl\")]/tbody/tr[25]/td[2]/div/div"}
COMMAND: POST /session/c1c20cc70f6d9ef30ac844aa04f1cdf8/element - {"using":"xpath","value":"//table[contains(@id, \"listView-innerSelectionPanelTable-listUl\")]/tbody/tr[25]/td[2]/div"}
RESULT: {"using":"xpath","value":"//table[contains(@id, \"listView-innerSelectionPanelTable-listUl\")]/tbody/tr[25]/td[2]/div"}
COMMAND: POST /session/c1c20cc70f6d9ef30ac844aa04f1cdf8/element - {"using":"xpath","value":"//table[contains(@id, \"listView-innerSelectionPanelTable-listUl\")]/tbody/tr[25]/td[3]/div/div/span/span[1]/bdi"}
RESULT: {"using":"xpath","value":"//table[contains(@id, \"listView-innerSelectionPanelTable-listUl\")]/tbody/tr[25]/td[3]/div/div/span/span[1]/bdi"}
COMMAND: POST /session/c1c20cc70f6d9ef30ac844aa04f1cdf8/execute/sync - {"script":"<script> [56 bytes]","args":[{"element-6066-11e4-a52e-4f735466cecf":"f.79CB9250C4973688A89FBF0EB0986102.d.CBBBAC0DF5A1DF8678C01227863BF3E0.e.6859","ELEMENT":"f.79CB9250C4973688A89FBF0EB0986102.d.CBBBAC0DF5A1DF8678C01227863BF3E0.e.6859"}]}
RESULT: {"script":"<script> [56 bytes]","args":[{"element-6066-11e4-a52e-4f735466cecf":"f.79CB9250C4973688A89FBF0EB0986102.d.CBBBAC0DF5A1DF8678C01227863BF3E0.e.6859","ELEMENT":"f.79CB9250C4973688A89FBF0EB0986102.d.CBBBAC0DF5A1DF8678C01227863BF3E0.e.6859"}]}
COMMAND: GET /session/c1c20cc70f6d9ef30ac844aa04f1cdf8/element/f.79CB9250C4973688A89FBF0EB0986102.d.CBBBAC0DF5A1DF8678C01227863BF3E0.e.6858/attribute/aria-checked - {}
COMMAND: GET /session/c1c20cc70f6d9ef30ac844aa04f1cdf8/screenshot - {}
RESULT: {}
COMMAND: POST /session/c1c20cc70f6d9ef30ac844aa04f1cdf8/element - {"using":"xpath","value":"//bdi[contains(text(), \"OK\")]"}
RESULT: {}
RESULT: {"using":"xpath","value":"//bdi[contains(text(), \"OK\")]"}
COMMAND: POST /session/c1c20cc70f6d9ef30ac844aa04f1cdf8/element/f.79CB9250C4973688A89FBF0EB0986102.d.CBBBAC0DF5A1DF8678C01227863BF3E0.e.6860/click - {}
RESULT: {}
COMMAND: GET /session/c1c20cc70f6d9ef30ac844aa04f1cdf8/screenshot - {}
RESULT: {}
COMMAND: POST /session/c1c20cc70f6d9ef30ac844aa04f1cdf8/execute/async - {"script":"<script> [1562 bytes]","args":[{"selector":{"id":"application-managepartners-display-component---masterPtm--smartFilterBar-filterItemControlA_-LINK_TO_ADDRESSES_MAIN.CITY1-vhi"},"wdio_ui5_key":"applicationmanagepartners-display-component---masterPtm--smartFilterBar-filterItemControlA_-LINK_TO_ADDRESSES_MAIN.CITY1-vhi"}]}
RESULT: {"script":"<script> [1562 bytes]","args":[{"selector":{"id":"application-managepartners-display-component---masterPtm--smartFilterBar-filterItemControlA_-LINK_TO_ADDRESSES_MAIN.CITY1-vhi"},"wdio_ui5_key":"applicationmanagepartners-display-component---masterPtm--smartFilterBar-filterItemControlA_-LINK_TO_ADDRESSES_MAIN.CITY1-vhi"}]}
RESULT: undefined
COMMAND: POST /session/c1c20cc70f6d9ef30ac844aa04f1cdf8/element - {"using":"xpath","value":"//*[@id=\"application-managepartners-display-component---masterPtm--smartFilterBar-filterItemControlA_-LINK_TO_ADDRESSES_MAIN.CITY1-vhi\"]"}
RESULT: {"using":"xpath","value":"//*[@id=\"application-managepartners-display-component---masterPtm--smartFilterBar-filterItemControlA_-LINK_TO_ADDRESSES_MAIN.CITY1-vhi\"]"}
COMMAND: POST /session/c1c20cc70f6d9ef30ac844aa04f1cdf8/element/f.79CB9250C4973688A89FBF0EB0986102.d.CBBBAC0DF5A1DF8678C01227863BF3E0.e.6874/click - {}
RESULT: {}
COMMAND: GET /session/c1c20cc70f6d9ef30ac844aa04f1cdf8/screenshot - {}
RESULT: {}
COMMAND: POST /session/c1c20cc70f6d9ef30ac844aa04f1cdf8/execute/async - {"script":"<script> [1562 bytes]","args":[{"selector":{"controlType":"sap.m.Input","viewName":"etm.portal.ui.managepartners.view.Master","viewId":"application-managepartners-display-component---masterPtm","properties":{"valueState":"None"},"searchOpenDialogs":true,"interaction":{"idSuffix":"inner"}},"wdio_ui5_key":"etmportal.ui.managepartners.view.Mastersap.m.Input{\"valueState\":\"None\"}"}]}
RESULT: {"script":"<script> [1562 bytes]","args":[{"selector":{"controlType":"sap.m.Input","viewName":"etm.portal.ui.managepartners.view.Master","viewId":"application-managepartners-display-component---masterPtm","properties":{"valueState":"None"},"searchOpenDialogs":true,"interaction":{"idSuffix":"inner"}},"wdio_ui5_key":"etmportal.ui.managepartners.view.Mastersap.m.Input{\"valueState\":\"None\"}"}]}
RESULT: undefined
COMMAND: POST /session/c1c20cc70f6d9ef30ac844aa04f1cdf8/execute/async - {"script":"<script> [776 bytes]","args":[{"enterText":"Bucure","selector":{"controlType":"sap.m.Input","viewName":"etm.portal.ui.managepartners.view.Master","viewId":"application-managepartners-display-component---masterPtm","properties":{"valueState":"None"},"searchOpenDialogs":true,"interaction":{"idSuffix":"inner"}},"clearTextFirst":true,"interactionType":"ENTER_TEXT"}]}
RESULT: {"script":"<script> [776 bytes]","args":[{"enterText":"Bucure","selector":{"controlType":"sap.m.Input","viewName":"etm.portal.ui.managepartners.view.Master","viewId":"application-managepartners-display-component---masterPtm","properties":{"valueState":"None"},"searchOpenDialogs":true,"interaction":{"idSuffix":"inner"}},"clearTextFirst":true,"interactionType":"ENTER_TEXT"}]}
COMMAND: POST /session/c1c20cc70f6d9ef30ac844aa04f1cdf8/actions - {"actions":[{"id":"action21","type":"key","parameters":{},"actions":[{"type":"keyDown","value":"î€‡"},{"type":"pause","duration":10},{"type":"keyUp","value":"î€‡"}]}]}
RESULT: {"actions":[{"id":"action21","type":"key","parameters":{},"actions":[{"type":"keyDown","value":"î€‡"},{"type":"pause","duration":10},{"type":"keyUp","value":"î€‡"}]}]}
COMMAND: GET /session/c1c20cc70f6d9ef30ac844aa04f1cdf8/screenshot - {}
RESULT: {}
COMMAND: POST /session/c1c20cc70f6d9ef30ac844aa04f1cdf8/element - {"using":"xpath","value":"(//bdi[contains(text(), \"OK\")])[1]"}
RESULT: {"using":"xpath","value":"(//bdi[contains(text(), \"OK\")])[1]"}
COMMAND: POST /session/c1c20cc70f6d9ef30ac844aa04f1cdf8/element/f.79CB9250C4973688A89FBF0EB0986102.d.CBBBAC0DF5A1DF8678C01227863BF3E0.e.6880/click - {}
RESULT: {}
COMMAND: GET /session/c1c20cc70f6d9ef30ac844aa04f1cdf8/screenshot - {}
RESULT: {}
COMMAND: POST /session/c1c20cc70f6d9ef30ac844aa04f1cdf8/element - {"using":"xpath","value":"//span[@id=\"application-managepartners-display-component---masterPtm--smartTable-header-inner\"]"}
RESULT: {"using":"xpath","value":"//span[@id=\"application-managepartners-display-component---masterPtm--smartTable-header-inner\"]"}
COMMAND: POST /session/c1c20cc70f6d9ef30ac844aa04f1cdf8/elements - {"using":"xpath","value":"//span[@id=\"application-managepartners-display-component---masterPtm--smartTable-header-inner\"]"}
RESULT: {"using":"xpath","value":"//span[@id=\"application-managepartners-display-component---masterPtm--smartTable-header-inner\"]"}
COMMAND: POST /session/c1c20cc70f6d9ef30ac844aa04f1cdf8/execute/sync - {"script":"<script> [56 bytes]","args":[{"element-6066-11e4-a52e-4f735466cecf":"f.79CB9250C4973688A89FBF0EB0986102.d.CBBBAC0DF5A1DF8678C01227863BF3E0.e.5920","ELEMENT":"f.79CB9250C4973688A89FBF0EB0986102.d.CBBBAC0DF5A1DF8678C01227863BF3E0.e.5920"}]}
RESULT: {"script":"<script> [56 bytes]","args":[{"element-6066-11e4-a52e-4f735466cecf":"f.79CB9250C4973688A89FBF0EB0986102.d.CBBBAC0DF5A1DF8678C01227863BF3E0.e.5920","ELEMENT":"f.79CB9250C4973688A89FBF0EB0986102.d.CBBBAC0DF5A1DF8678C01227863BF3E0.e.5920"}]}
COMMAND: POST /session/c1c20cc70f6d9ef30ac844aa04f1cdf8/element - {"using":"xpath","value":"//span[contains(@title, \"Remove\")]"}
COMMAND: GET /session/c1c20cc70f6d9ef30ac844aa04f1cdf8/screenshot - {}
RESULT: {"using":"xpath","value":"//span[contains(@title, \"Remove\")]"}
COMMAND: POST /session/c1c20cc70f6d9ef30ac844aa04f1cdf8/element/f.79CB9250C4973688A89FBF0EB0986102.d.CBBBAC0DF5A1DF8678C01227863BF3E0.e.6951/click - {}
RESULT: {}
RESULT: {}
COMMAND: GET /session/c1c20cc70f6d9ef30ac844aa04f1cdf8/screenshot - {}
RESULT: {}
COMMAND: POST /session/c1c20cc70f6d9ef30ac844aa04f1cdf8/element - {"using":"xpath","value":"//span[@id=\"application-managepartners-display-component---masterPtm--smartTable-header-inner\"]"}
RESULT: {"using":"xpath","value":"//span[@id=\"application-managepartners-display-component---masterPtm--smartTable-header-inner\"]"}
COMMAND: POST /session/c1c20cc70f6d9ef30ac844aa04f1cdf8/elements - {"using":"xpath","value":"//span[@id=\"application-managepartners-display-component---masterPtm--smartTable-header-inner\"]"}
RESULT: {"using":"xpath","value":"//span[@id=\"application-managepartners-display-component---masterPtm--smartTable-header-inner\"]"}
COMMAND: POST /session/c1c20cc70f6d9ef30ac844aa04f1cdf8/execute/sync - {"script":"<script> [56 bytes]","args":[{"element-6066-11e4-a52e-4f735466cecf":"f.79CB9250C4973688A89FBF0EB0986102.d.CBBBAC0DF5A1DF8678C01227863BF3E0.e.5920","ELEMENT":"f.79CB9250C4973688A89FBF0EB0986102.d.CBBBAC0DF5A1DF8678C01227863BF3E0.e.5920"}]}
RESULT: {"script":"<script> [56 bytes]","args":[{"element-6066-11e4-a52e-4f735466cecf":"f.79CB9250C4973688A89FBF0EB0986102.d.CBBBAC0DF5A1DF8678C01227863BF3E0.e.5920","ELEMENT":"f.79CB9250C4973688A89FBF0EB0986102.d.CBBBAC0DF5A1DF8678C01227863BF3E0.e.5920"}]}
COMMAND: POST /session/c1c20cc70f6d9ef30ac844aa04f1cdf8/element - {"using":"css selector","value":"#shell-header-logo"}
COMMAND: GET /session/c1c20cc70f6d9ef30ac844aa04f1cdf8/screenshot - {}
RESULT: {"using":"css selector","value":"#shell-header-logo"}
COMMAND: POST /session/c1c20cc70f6d9ef30ac844aa04f1cdf8/element/f.79CB9250C4973688A89FBF0EB0986102.d.CBBBAC0DF5A1DF8678C01227863BF3E0.e.5746/click - {}
RESULT: {}
RESULT: {}
COMMAND: GET /session/c1c20cc70f6d9ef30ac844aa04f1cdf8/screenshot - {}
RESULT: {}
]]></system-out>
    </testcase>
    <testcase classname="chrome.136_0_7103_93.windows.Partner_specific_tests_US150819_US151080_US151654_US151176_US103444_US151078_US151079_US151109_US151174_US151175_US151189" name="Should try to save empty partner US151174" time="50.791">
      <system-out><![CDATA[
COMMAND: POST /session/c1c20cc70f6d9ef30ac844aa04f1cdf8/element - {"using":"xpath","value":"//li[.//span[text()=\"Manage Partners\"]]"}
RESULT: {"using":"xpath","value":"//li[.//span[text()=\"Manage Partners\"]]"}
COMMAND: POST /session/c1c20cc70f6d9ef30ac844aa04f1cdf8/element - {"using":"xpath","value":"//li[.//span[text()=\"Manage Partners\"]]"}
RESULT: {"using":"xpath","value":"//li[.//span[text()=\"Manage Partners\"]]"}
COMMAND: POST /session/c1c20cc70f6d9ef30ac844aa04f1cdf8/element - {"using":"css selector","value":"#shell-header-logo"}
RESULT: {"using":"css selector","value":"#shell-header-logo"}
COMMAND: POST /session/c1c20cc70f6d9ef30ac844aa04f1cdf8/element/f.79CB9250C4973688A89FBF0EB0986102.d.CBBBAC0DF5A1DF8678C01227863BF3E0.e.7052/click - {}
COMMAND: POST /session/c1c20cc70f6d9ef30ac844aa04f1cdf8/execute/sync - {"script":"<script> [8489 bytes]","args":[{"element-6066-11e4-a52e-4f735466cecf":"f.79CB9250C4973688A89FBF0EB0986102.d.CBBBAC0DF5A1DF8678C01227863BF3E0.e.7052","ELEMENT":"f.79CB9250C4973688A89FBF0EB0986102.d.CBBBAC0DF5A1DF8678C01227863BF3E0.e.7052"}]}
RESULT: {}
COMMAND: GET /session/c1c20cc70f6d9ef30ac844aa04f1cdf8/screenshot - {}
RESULT: {"script":"<script> [8489 bytes]","args":[{"element-6066-11e4-a52e-4f735466cecf":"f.79CB9250C4973688A89FBF0EB0986102.d.CBBBAC0DF5A1DF8678C01227863BF3E0.e.7052","ELEMENT":"f.79CB9250C4973688A89FBF0EB0986102.d.CBBBAC0DF5A1DF8678C01227863BF3E0.e.7052"}]}
COMMAND: POST /session/c1c20cc70f6d9ef30ac844aa04f1cdf8/execute/sync - {"script":"<script> [5351 bytes]","args":[{"element-6066-11e4-a52e-4f735466cecf":"f.79CB9250C4973688A89FBF0EB0986102.d.CBBBAC0DF5A1DF8678C01227863BF3E0.e.7052","ELEMENT":"f.79CB9250C4973688A89FBF0EB0986102.d.CBBBAC0DF5A1DF8678C01227863BF3E0.e.7052"}]}
COMMAND: GET /session/c1c20cc70f6d9ef30ac844aa04f1cdf8/screenshot - {}
RESULT: {}
RESULT: {"script":"<script> [5351 bytes]","args":[{"element-6066-11e4-a52e-4f735466cecf":"f.79CB9250C4973688A89FBF0EB0986102.d.CBBBAC0DF5A1DF8678C01227863BF3E0.e.7052","ELEMENT":"f.79CB9250C4973688A89FBF0EB0986102.d.CBBBAC0DF5A1DF8678C01227863BF3E0.e.7052"}]}
COMMAND: GET /session/c1c20cc70f6d9ef30ac844aa04f1cdf8/screenshot - {}
RESULT: {}
RESULT: {}
RESULT: undefined
COMMAND: POST /session/c1c20cc70f6d9ef30ac844aa04f1cdf8/element - {"using":"xpath","value":"//*[@id=\"__tile30\"]"}
RESULT: {"using":"xpath","value":"//*[@id=\"__tile30\"]"}
COMMAND: POST /session/c1c20cc70f6d9ef30ac844aa04f1cdf8/element/f.79CB9250C4973688A89FBF0EB0986102.d.CBBBAC0DF5A1DF8678C01227863BF3E0.e.4404/click - {}
RESULT: {}
COMMAND: GET /session/c1c20cc70f6d9ef30ac844aa04f1cdf8/screenshot - {}
RESULT: {}
COMMAND: POST /session/c1c20cc70f6d9ef30ac844aa04f1cdf8/elements - {"using":"xpath","value":"//span[text()='Error']"}
RESULT: {"using":"xpath","value":"//span[text()='Error']"}
COMMAND: POST /session/c1c20cc70f6d9ef30ac844aa04f1cdf8/element - {"using":"xpath","value":"//button[@data-kt=\"addButton\"]"}
RESULT: {"using":"xpath","value":"//button[@data-kt=\"addButton\"]"}
COMMAND: POST /session/c1c20cc70f6d9ef30ac844aa04f1cdf8/elements - {"using":"xpath","value":"//button[@data-kt=\"addButton\"]"}
RESULT: {"using":"xpath","value":"//button[@data-kt=\"addButton\"]"}
COMMAND: POST /session/c1c20cc70f6d9ef30ac844aa04f1cdf8/execute/sync - {"script":"<script> [8489 bytes]","args":[{"element-6066-11e4-a52e-4f735466cecf":"f.79CB9250C4973688A89FBF0EB0986102.d.CBBBAC0DF5A1DF8678C01227863BF3E0.e.7097","ELEMENT":"f.79CB9250C4973688A89FBF0EB0986102.d.CBBBAC0DF5A1DF8678C01227863BF3E0.e.7097"}]}
RESULT: {"script":"<script> [8489 bytes]","args":[{"element-6066-11e4-a52e-4f735466cecf":"f.79CB9250C4973688A89FBF0EB0986102.d.CBBBAC0DF5A1DF8678C01227863BF3E0.e.7097","ELEMENT":"f.79CB9250C4973688A89FBF0EB0986102.d.CBBBAC0DF5A1DF8678C01227863BF3E0.e.7097"}]}
COMMAND: GET /session/c1c20cc70f6d9ef30ac844aa04f1cdf8/element/f.79CB9250C4973688A89FBF0EB0986102.d.CBBBAC0DF5A1DF8678C01227863BF3E0.e.7097/enabled - {}
COMMAND: GET /session/c1c20cc70f6d9ef30ac844aa04f1cdf8/screenshot - {}
RESULT: {}
RESULT: {}
COMMAND: POST /session/c1c20cc70f6d9ef30ac844aa04f1cdf8/execute/sync - {"script":"<script> [8489 bytes]","args":[{"element-6066-11e4-a52e-4f735466cecf":"f.79CB9250C4973688A89FBF0EB0986102.d.CBBBAC0DF5A1DF8678C01227863BF3E0.e.7097","ELEMENT":"f.79CB9250C4973688A89FBF0EB0986102.d.CBBBAC0DF5A1DF8678C01227863BF3E0.e.7097"}]}
COMMAND: GET /session/c1c20cc70f6d9ef30ac844aa04f1cdf8/screenshot - {}
RESULT: {"script":"<script> [8489 bytes]","args":[{"element-6066-11e4-a52e-4f735466cecf":"f.79CB9250C4973688A89FBF0EB0986102.d.CBBBAC0DF5A1DF8678C01227863BF3E0.e.7097","ELEMENT":"f.79CB9250C4973688A89FBF0EB0986102.d.CBBBAC0DF5A1DF8678C01227863BF3E0.e.7097"}]}
COMMAND: POST /session/c1c20cc70f6d9ef30ac844aa04f1cdf8/execute/sync - {"script":"<script> [5351 bytes]","args":[{"element-6066-11e4-a52e-4f735466cecf":"f.79CB9250C4973688A89FBF0EB0986102.d.CBBBAC0DF5A1DF8678C01227863BF3E0.e.7097","ELEMENT":"f.79CB9250C4973688A89FBF0EB0986102.d.CBBBAC0DF5A1DF8678C01227863BF3E0.e.7097"}]}
COMMAND: GET /session/c1c20cc70f6d9ef30ac844aa04f1cdf8/screenshot - {}
RESULT: {}
RESULT: {"script":"<script> [5351 bytes]","args":[{"element-6066-11e4-a52e-4f735466cecf":"f.79CB9250C4973688A89FBF0EB0986102.d.CBBBAC0DF5A1DF8678C01227863BF3E0.e.7097","ELEMENT":"f.79CB9250C4973688A89FBF0EB0986102.d.CBBBAC0DF5A1DF8678C01227863BF3E0.e.7097"}]}
COMMAND: POST /session/c1c20cc70f6d9ef30ac844aa04f1cdf8/element/f.79CB9250C4973688A89FBF0EB0986102.d.CBBBAC0DF5A1DF8678C01227863BF3E0.e.7097/click - {}
COMMAND: GET /session/c1c20cc70f6d9ef30ac844aa04f1cdf8/screenshot - {}
RESULT: {}
RESULT: {}
COMMAND: GET /session/c1c20cc70f6d9ef30ac844aa04f1cdf8/screenshot - {}
COMMAND: POST /session/c1c20cc70f6d9ef30ac844aa04f1cdf8/element - {"using":"xpath","value":"//button[@data-kt=\"saveButton\"]"}
RESULT: {}
RESULT: {}
RESULT: {"using":"xpath","value":"//button[@data-kt=\"saveButton\"]"}
COMMAND: POST /session/c1c20cc70f6d9ef30ac844aa04f1cdf8/element/f.79CB9250C4973688A89FBF0EB0986102.d.CBBBAC0DF5A1DF8678C01227863BF3E0.e.7482/click - {}
RESULT: {}
COMMAND: GET /session/c1c20cc70f6d9ef30ac844aa04f1cdf8/screenshot - {}
RESULT: {}
COMMAND: POST /session/c1c20cc70f6d9ef30ac844aa04f1cdf8/element - {"using":"xpath","value":"//span[contains(@class, \"sapMMsgBoxText\")]"}
RESULT: {"using":"xpath","value":"//span[contains(@class, \"sapMMsgBoxText\")]"}
COMMAND: POST /session/c1c20cc70f6d9ef30ac844aa04f1cdf8/execute/sync - {"script":"<script> [56 bytes]","args":[{"element-6066-11e4-a52e-4f735466cecf":"f.79CB9250C4973688A89FBF0EB0986102.d.CBBBAC0DF5A1DF8678C01227863BF3E0.e.7523","ELEMENT":"f.79CB9250C4973688A89FBF0EB0986102.d.CBBBAC0DF5A1DF8678C01227863BF3E0.e.7523"}]}
RESULT: {"script":"<script> [56 bytes]","args":[{"element-6066-11e4-a52e-4f735466cecf":"f.79CB9250C4973688A89FBF0EB0986102.d.CBBBAC0DF5A1DF8678C01227863BF3E0.e.7523","ELEMENT":"f.79CB9250C4973688A89FBF0EB0986102.d.CBBBAC0DF5A1DF8678C01227863BF3E0.e.7523"}]}
COMMAND: POST /session/c1c20cc70f6d9ef30ac844aa04f1cdf8/element - {"using":"xpath","value":"(//bdi[contains(text(), \"Close\")])[1]"}
COMMAND: POST /session/c1c20cc70f6d9ef30ac844aa04f1cdf8/elements - {"using":"xpath","value":"//span[contains(@class, \"sapMMsgBoxText\")]"}
COMMAND: GET /session/c1c20cc70f6d9ef30ac844aa04f1cdf8/screenshot - {}
RESULT: {"using":"xpath","value":"(//bdi[contains(text(), \"Close\")])[1]"}
COMMAND: POST /session/c1c20cc70f6d9ef30ac844aa04f1cdf8/element/f.79CB9250C4973688A89FBF0EB0986102.d.CBBBAC0DF5A1DF8678C01227863BF3E0.e.7524/click - {}
RESULT: {"using":"xpath","value":"//span[contains(@class, \"sapMMsgBoxText\")]"}
RESULT: {}
RESULT: {}
COMMAND: GET /session/c1c20cc70f6d9ef30ac844aa04f1cdf8/screenshot - {}
RESULT: {}
COMMAND: POST /session/c1c20cc70f6d9ef30ac844aa04f1cdf8/element - {"using":"css selector","value":"#shell-header-logo"}
RESULT: {"using":"css selector","value":"#shell-header-logo"}
COMMAND: POST /session/c1c20cc70f6d9ef30ac844aa04f1cdf8/element/f.79CB9250C4973688A89FBF0EB0986102.d.CBBBAC0DF5A1DF8678C01227863BF3E0.e.7052/click - {}
RESULT: {}
COMMAND: GET /session/c1c20cc70f6d9ef30ac844aa04f1cdf8/screenshot - {}
RESULT: {}
]]></system-out>
    </testcase>
    <testcase classname="chrome.136_0_7103_93.windows.Partner_specific_tests_US150819_US151080_US151654_US151176_US103444_US151078_US151079_US151109_US151174_US151175_US151189" name="Should do various searches US151175" time="162.326">
      <system-out><![CDATA[
COMMAND: POST /session/c1c20cc70f6d9ef30ac844aa04f1cdf8/element - {"using":"xpath","value":"//li[.//span[text()=\"Manage Partners\"]]"}
RESULT: {"using":"xpath","value":"//li[.//span[text()=\"Manage Partners\"]]"}
COMMAND: POST /session/c1c20cc70f6d9ef30ac844aa04f1cdf8/element - {"using":"xpath","value":"//li[.//span[text()=\"Manage Partners\"]]"}
RESULT: {"using":"xpath","value":"//li[.//span[text()=\"Manage Partners\"]]"}
COMMAND: POST /session/c1c20cc70f6d9ef30ac844aa04f1cdf8/element - {"using":"css selector","value":"#shell-header-logo"}
RESULT: {"using":"css selector","value":"#shell-header-logo"}
COMMAND: POST /session/c1c20cc70f6d9ef30ac844aa04f1cdf8/element/f.79CB9250C4973688A89FBF0EB0986102.d.CBBBAC0DF5A1DF8678C01227863BF3E0.e.7526/click - {}
COMMAND: POST /session/c1c20cc70f6d9ef30ac844aa04f1cdf8/execute/sync - {"script":"<script> [8489 bytes]","args":[{"element-6066-11e4-a52e-4f735466cecf":"f.79CB9250C4973688A89FBF0EB0986102.d.CBBBAC0DF5A1DF8678C01227863BF3E0.e.7526","ELEMENT":"f.79CB9250C4973688A89FBF0EB0986102.d.CBBBAC0DF5A1DF8678C01227863BF3E0.e.7526"}]}
RESULT: {"script":"<script> [8489 bytes]","args":[{"element-6066-11e4-a52e-4f735466cecf":"f.79CB9250C4973688A89FBF0EB0986102.d.CBBBAC0DF5A1DF8678C01227863BF3E0.e.7526","ELEMENT":"f.79CB9250C4973688A89FBF0EB0986102.d.CBBBAC0DF5A1DF8678C01227863BF3E0.e.7526"}]}
COMMAND: POST /session/c1c20cc70f6d9ef30ac844aa04f1cdf8/execute/sync - {"script":"<script> [5351 bytes]","args":[{"element-6066-11e4-a52e-4f735466cecf":"f.79CB9250C4973688A89FBF0EB0986102.d.CBBBAC0DF5A1DF8678C01227863BF3E0.e.7526","ELEMENT":"f.79CB9250C4973688A89FBF0EB0986102.d.CBBBAC0DF5A1DF8678C01227863BF3E0.e.7526"}]}
COMMAND: GET /session/c1c20cc70f6d9ef30ac844aa04f1cdf8/screenshot - {}
RESULT: {}
COMMAND: GET /session/c1c20cc70f6d9ef30ac844aa04f1cdf8/screenshot - {}
RESULT: {"script":"<script> [5351 bytes]","args":[{"element-6066-11e4-a52e-4f735466cecf":"f.79CB9250C4973688A89FBF0EB0986102.d.CBBBAC0DF5A1DF8678C01227863BF3E0.e.7526","ELEMENT":"f.79CB9250C4973688A89FBF0EB0986102.d.CBBBAC0DF5A1DF8678C01227863BF3E0.e.7526"}]}
COMMAND: GET /session/c1c20cc70f6d9ef30ac844aa04f1cdf8/screenshot - {}
RESULT: {}
RESULT: {}
RESULT: {}
RESULT: undefined
COMMAND: POST /session/c1c20cc70f6d9ef30ac844aa04f1cdf8/element - {"using":"xpath","value":"//*[@id=\"__tile30\"]"}
RESULT: {"using":"xpath","value":"//*[@id=\"__tile30\"]"}
COMMAND: POST /session/c1c20cc70f6d9ef30ac844aa04f1cdf8/element/f.79CB9250C4973688A89FBF0EB0986102.d.CBBBAC0DF5A1DF8678C01227863BF3E0.e.4404/click - {}
RESULT: {}
COMMAND: GET /session/c1c20cc70f6d9ef30ac844aa04f1cdf8/screenshot - {}
RESULT: {}
COMMAND: POST /session/c1c20cc70f6d9ef30ac844aa04f1cdf8/elements - {"using":"xpath","value":"//span[text()='Error']"}
RESULT: {"using":"xpath","value":"//span[text()='Error']"}
COMMAND: POST /session/c1c20cc70f6d9ef30ac844aa04f1cdf8/element - {"using":"xpath","value":"//button[@data-kt=\"addButton\"]"}
RESULT: {"using":"xpath","value":"//button[@data-kt=\"addButton\"]"}
COMMAND: POST /session/c1c20cc70f6d9ef30ac844aa04f1cdf8/elements - {"using":"xpath","value":"//button[@data-kt=\"addButton\"]"}
RESULT: {"using":"xpath","value":"//button[@data-kt=\"addButton\"]"}
COMMAND: POST /session/c1c20cc70f6d9ef30ac844aa04f1cdf8/execute/sync - {"script":"<script> [8489 bytes]","args":[{"element-6066-11e4-a52e-4f735466cecf":"f.79CB9250C4973688A89FBF0EB0986102.d.CBBBAC0DF5A1DF8678C01227863BF3E0.e.7572","ELEMENT":"f.79CB9250C4973688A89FBF0EB0986102.d.CBBBAC0DF5A1DF8678C01227863BF3E0.e.7572"}]}
RESULT: {"script":"<script> [8489 bytes]","args":[{"element-6066-11e4-a52e-4f735466cecf":"f.79CB9250C4973688A89FBF0EB0986102.d.CBBBAC0DF5A1DF8678C01227863BF3E0.e.7572","ELEMENT":"f.79CB9250C4973688A89FBF0EB0986102.d.CBBBAC0DF5A1DF8678C01227863BF3E0.e.7572"}]}
COMMAND: GET /session/c1c20cc70f6d9ef30ac844aa04f1cdf8/element/f.79CB9250C4973688A89FBF0EB0986102.d.CBBBAC0DF5A1DF8678C01227863BF3E0.e.7572/enabled - {}
COMMAND: GET /session/c1c20cc70f6d9ef30ac844aa04f1cdf8/screenshot - {}
RESULT: {}
COMMAND: POST /session/c1c20cc70f6d9ef30ac844aa04f1cdf8/execute/sync - {"script":"<script> [8489 bytes]","args":[{"element-6066-11e4-a52e-4f735466cecf":"f.79CB9250C4973688A89FBF0EB0986102.d.CBBBAC0DF5A1DF8678C01227863BF3E0.e.7572","ELEMENT":"f.79CB9250C4973688A89FBF0EB0986102.d.CBBBAC0DF5A1DF8678C01227863BF3E0.e.7572"}]}
COMMAND: GET /session/c1c20cc70f6d9ef30ac844aa04f1cdf8/screenshot - {}
RESULT: {}
RESULT: {"script":"<script> [8489 bytes]","args":[{"element-6066-11e4-a52e-4f735466cecf":"f.79CB9250C4973688A89FBF0EB0986102.d.CBBBAC0DF5A1DF8678C01227863BF3E0.e.7572","ELEMENT":"f.79CB9250C4973688A89FBF0EB0986102.d.CBBBAC0DF5A1DF8678C01227863BF3E0.e.7572"}]}
COMMAND: POST /session/c1c20cc70f6d9ef30ac844aa04f1cdf8/execute/sync - {"script":"<script> [5351 bytes]","args":[{"element-6066-11e4-a52e-4f735466cecf":"f.79CB9250C4973688A89FBF0EB0986102.d.CBBBAC0DF5A1DF8678C01227863BF3E0.e.7572","ELEMENT":"f.79CB9250C4973688A89FBF0EB0986102.d.CBBBAC0DF5A1DF8678C01227863BF3E0.e.7572"}]}
COMMAND: GET /session/c1c20cc70f6d9ef30ac844aa04f1cdf8/screenshot - {}
RESULT: {}
RESULT: {"script":"<script> [5351 bytes]","args":[{"element-6066-11e4-a52e-4f735466cecf":"f.79CB9250C4973688A89FBF0EB0986102.d.CBBBAC0DF5A1DF8678C01227863BF3E0.e.7572","ELEMENT":"f.79CB9250C4973688A89FBF0EB0986102.d.CBBBAC0DF5A1DF8678C01227863BF3E0.e.7572"}]}
COMMAND: GET /session/c1c20cc70f6d9ef30ac844aa04f1cdf8/screenshot - {}
RESULT: {}
RESULT: {}
COMMAND: POST /session/c1c20cc70f6d9ef30ac844aa04f1cdf8/element - {"using":"xpath","value":"//span[@id=\"application-managepartners-display-component---masterPtm--smartTable-header-inner\"]"}
RESULT: {"using":"xpath","value":"//span[@id=\"application-managepartners-display-component---masterPtm--smartTable-header-inner\"]"}
COMMAND: POST /session/c1c20cc70f6d9ef30ac844aa04f1cdf8/elements - {"using":"xpath","value":"//span[@id=\"application-managepartners-display-component---masterPtm--smartTable-header-inner\"]"}
RESULT: {"using":"xpath","value":"//span[@id=\"application-managepartners-display-component---masterPtm--smartTable-header-inner\"]"}
COMMAND: POST /session/c1c20cc70f6d9ef30ac844aa04f1cdf8/execute/sync - {"script":"<script> [56 bytes]","args":[{"element-6066-11e4-a52e-4f735466cecf":"f.79CB9250C4973688A89FBF0EB0986102.d.CBBBAC0DF5A1DF8678C01227863BF3E0.e.7695","ELEMENT":"f.79CB9250C4973688A89FBF0EB0986102.d.CBBBAC0DF5A1DF8678C01227863BF3E0.e.7695"}]}
RESULT: {"script":"<script> [56 bytes]","args":[{"element-6066-11e4-a52e-4f735466cecf":"f.79CB9250C4973688A89FBF0EB0986102.d.CBBBAC0DF5A1DF8678C01227863BF3E0.e.7695","ELEMENT":"f.79CB9250C4973688A89FBF0EB0986102.d.CBBBAC0DF5A1DF8678C01227863BF3E0.e.7695"}]}
RESULT: undefined
COMMAND: POST /session/c1c20cc70f6d9ef30ac844aa04f1cdf8/element - {"using":"xpath","value":"//*[@id=\"application-managepartners-display-component---masterPtm--smartFilterBar-btnFilters\"]"}
COMMAND: GET /session/c1c20cc70f6d9ef30ac844aa04f1cdf8/screenshot - {}
RESULT: {"using":"xpath","value":"//*[@id=\"application-managepartners-display-component---masterPtm--smartFilterBar-btnFilters\"]"}
COMMAND: POST /session/c1c20cc70f6d9ef30ac844aa04f1cdf8/element/f.79CB9250C4973688A89FBF0EB0986102.d.CBBBAC0DF5A1DF8678C01227863BF3E0.e.7536/click - {}
RESULT: {}
RESULT: {}
COMMAND: GET /session/c1c20cc70f6d9ef30ac844aa04f1cdf8/screenshot - {}
RESULT: {}
COMMAND: POST /session/c1c20cc70f6d9ef30ac844aa04f1cdf8/elements - {"using":"xpath","value":"//table[contains(@id, \"listView-innerSelectionPanelTable-listUl\")]/tbody/tr"}
RESULT: {"using":"xpath","value":"//table[contains(@id, \"listView-innerSelectionPanelTable-listUl\")]/tbody/tr"}
COMMAND: POST /session/c1c20cc70f6d9ef30ac844aa04f1cdf8/element - {"using":"xpath","value":"//table[contains(@id, \"listView-innerSelectionPanelTable-listUl\")]/tbody/tr[2]/td[2]/div/div"}
RESULT: {"using":"xpath","value":"//table[contains(@id, \"listView-innerSelectionPanelTable-listUl\")]/tbody/tr[2]/td[2]/div/div"}
COMMAND: POST /session/c1c20cc70f6d9ef30ac844aa04f1cdf8/element - {"using":"xpath","value":"//table[contains(@id, \"listView-innerSelectionPanelTable-listUl\")]/tbody/tr[2]/td[2]/div"}
RESULT: {"using":"xpath","value":"//table[contains(@id, \"listView-innerSelectionPanelTable-listUl\")]/tbody/tr[2]/td[2]/div"}
COMMAND: POST /session/c1c20cc70f6d9ef30ac844aa04f1cdf8/element - {"using":"xpath","value":"//table[contains(@id, \"listView-innerSelectionPanelTable-listUl\")]/tbody/tr[2]/td[3]/div/div/span/span[1]/bdi"}
RESULT: {"using":"xpath","value":"//table[contains(@id, \"listView-innerSelectionPanelTable-listUl\")]/tbody/tr[2]/td[3]/div/div/span/span[1]/bdi"}
COMMAND: POST /session/c1c20cc70f6d9ef30ac844aa04f1cdf8/execute/sync - {"script":"<script> [56 bytes]","args":[{"element-6066-11e4-a52e-4f735466cecf":"f.79CB9250C4973688A89FBF0EB0986102.d.CBBBAC0DF5A1DF8678C01227863BF3E0.e.7763","ELEMENT":"f.79CB9250C4973688A89FBF0EB0986102.d.CBBBAC0DF5A1DF8678C01227863BF3E0.e.7763"}]}
RESULT: {"script":"<script> [56 bytes]","args":[{"element-6066-11e4-a52e-4f735466cecf":"f.79CB9250C4973688A89FBF0EB0986102.d.CBBBAC0DF5A1DF8678C01227863BF3E0.e.7763","ELEMENT":"f.79CB9250C4973688A89FBF0EB0986102.d.CBBBAC0DF5A1DF8678C01227863BF3E0.e.7763"}]}
COMMAND: GET /session/c1c20cc70f6d9ef30ac844aa04f1cdf8/element/f.79CB9250C4973688A89FBF0EB0986102.d.CBBBAC0DF5A1DF8678C01227863BF3E0.e.7762/attribute/aria-checked - {}
COMMAND: GET /session/c1c20cc70f6d9ef30ac844aa04f1cdf8/screenshot - {}
RESULT: {}
COMMAND: POST /session/c1c20cc70f6d9ef30ac844aa04f1cdf8/element - {"using":"xpath","value":"//table[contains(@id, \"listView-innerSelectionPanelTable-listUl\")]/tbody/tr[3]/td[2]/div/div"}
RESULT: {}
RESULT: {"using":"xpath","value":"//table[contains(@id, \"listView-innerSelectionPanelTable-listUl\")]/tbody/tr[3]/td[2]/div/div"}
COMMAND: POST /session/c1c20cc70f6d9ef30ac844aa04f1cdf8/element - {"using":"xpath","value":"//table[contains(@id, \"listView-innerSelectionPanelTable-listUl\")]/tbody/tr[3]/td[2]/div"}
RESULT: {"using":"xpath","value":"//table[contains(@id, \"listView-innerSelectionPanelTable-listUl\")]/tbody/tr[3]/td[2]/div"}
COMMAND: POST /session/c1c20cc70f6d9ef30ac844aa04f1cdf8/element - {"using":"xpath","value":"//table[contains(@id, \"listView-innerSelectionPanelTable-listUl\")]/tbody/tr[3]/td[3]/div/div/span/span[1]/bdi"}
RESULT: {"using":"xpath","value":"//table[contains(@id, \"listView-innerSelectionPanelTable-listUl\")]/tbody/tr[3]/td[3]/div/div/span/span[1]/bdi"}
COMMAND: POST /session/c1c20cc70f6d9ef30ac844aa04f1cdf8/execute/sync - {"script":"<script> [56 bytes]","args":[{"element-6066-11e4-a52e-4f735466cecf":"f.79CB9250C4973688A89FBF0EB0986102.d.CBBBAC0DF5A1DF8678C01227863BF3E0.e.7766","ELEMENT":"f.79CB9250C4973688A89FBF0EB0986102.d.CBBBAC0DF5A1DF8678C01227863BF3E0.e.7766"}]}
RESULT: {"script":"<script> [56 bytes]","args":[{"element-6066-11e4-a52e-4f735466cecf":"f.79CB9250C4973688A89FBF0EB0986102.d.CBBBAC0DF5A1DF8678C01227863BF3E0.e.7766","ELEMENT":"f.79CB9250C4973688A89FBF0EB0986102.d.CBBBAC0DF5A1DF8678C01227863BF3E0.e.7766"}]}
COMMAND: GET /session/c1c20cc70f6d9ef30ac844aa04f1cdf8/element/f.79CB9250C4973688A89FBF0EB0986102.d.CBBBAC0DF5A1DF8678C01227863BF3E0.e.7765/attribute/aria-checked - {}
COMMAND: GET /session/c1c20cc70f6d9ef30ac844aa04f1cdf8/screenshot - {}
RESULT: {}
COMMAND: POST /session/c1c20cc70f6d9ef30ac844aa04f1cdf8/element - {"using":"xpath","value":"//table[contains(@id, \"listView-innerSelectionPanelTable-listUl\")]/tbody/tr[4]/td[2]/div/div"}
RESULT: {}
RESULT: {"using":"xpath","value":"//table[contains(@id, \"listView-innerSelectionPanelTable-listUl\")]/tbody/tr[4]/td[2]/div/div"}
COMMAND: POST /session/c1c20cc70f6d9ef30ac844aa04f1cdf8/element - {"using":"xpath","value":"//table[contains(@id, \"listView-innerSelectionPanelTable-listUl\")]/tbody/tr[4]/td[2]/div"}
RESULT: {"using":"xpath","value":"//table[contains(@id, \"listView-innerSelectionPanelTable-listUl\")]/tbody/tr[4]/td[2]/div"}
COMMAND: POST /session/c1c20cc70f6d9ef30ac844aa04f1cdf8/element - {"using":"xpath","value":"//table[contains(@id, \"listView-innerSelectionPanelTable-listUl\")]/tbody/tr[4]/td[3]/div/div/span/span[1]/bdi"}
RESULT: {"using":"xpath","value":"//table[contains(@id, \"listView-innerSelectionPanelTable-listUl\")]/tbody/tr[4]/td[3]/div/div/span/span[1]/bdi"}
COMMAND: POST /session/c1c20cc70f6d9ef30ac844aa04f1cdf8/execute/sync - {"script":"<script> [56 bytes]","args":[{"element-6066-11e4-a52e-4f735466cecf":"f.79CB9250C4973688A89FBF0EB0986102.d.CBBBAC0DF5A1DF8678C01227863BF3E0.e.7769","ELEMENT":"f.79CB9250C4973688A89FBF0EB0986102.d.CBBBAC0DF5A1DF8678C01227863BF3E0.e.7769"}]}
RESULT: {"script":"<script> [56 bytes]","args":[{"element-6066-11e4-a52e-4f735466cecf":"f.79CB9250C4973688A89FBF0EB0986102.d.CBBBAC0DF5A1DF8678C01227863BF3E0.e.7769","ELEMENT":"f.79CB9250C4973688A89FBF0EB0986102.d.CBBBAC0DF5A1DF8678C01227863BF3E0.e.7769"}]}
COMMAND: GET /session/c1c20cc70f6d9ef30ac844aa04f1cdf8/element/f.79CB9250C4973688A89FBF0EB0986102.d.CBBBAC0DF5A1DF8678C01227863BF3E0.e.7768/attribute/aria-checked - {}
COMMAND: GET /session/c1c20cc70f6d9ef30ac844aa04f1cdf8/screenshot - {}
RESULT: {}
COMMAND: POST /session/c1c20cc70f6d9ef30ac844aa04f1cdf8/element - {"using":"xpath","value":"//table[contains(@id, \"listView-innerSelectionPanelTable-listUl\")]/tbody/tr[5]/td[2]/div/div"}
RESULT: {}
RESULT: {"using":"xpath","value":"//table[contains(@id, \"listView-innerSelectionPanelTable-listUl\")]/tbody/tr[5]/td[2]/div/div"}
COMMAND: POST /session/c1c20cc70f6d9ef30ac844aa04f1cdf8/element - {"using":"xpath","value":"//table[contains(@id, \"listView-innerSelectionPanelTable-listUl\")]/tbody/tr[5]/td[2]/div"}
RESULT: {"using":"xpath","value":"//table[contains(@id, \"listView-innerSelectionPanelTable-listUl\")]/tbody/tr[5]/td[2]/div"}
COMMAND: POST /session/c1c20cc70f6d9ef30ac844aa04f1cdf8/element - {"using":"xpath","value":"//table[contains(@id, \"listView-innerSelectionPanelTable-listUl\")]/tbody/tr[5]/td[3]/div/div/span/span[1]/bdi"}
RESULT: {"using":"xpath","value":"//table[contains(@id, \"listView-innerSelectionPanelTable-listUl\")]/tbody/tr[5]/td[3]/div/div/span/span[1]/bdi"}
COMMAND: POST /session/c1c20cc70f6d9ef30ac844aa04f1cdf8/execute/sync - {"script":"<script> [56 bytes]","args":[{"element-6066-11e4-a52e-4f735466cecf":"f.79CB9250C4973688A89FBF0EB0986102.d.CBBBAC0DF5A1DF8678C01227863BF3E0.e.7772","ELEMENT":"f.79CB9250C4973688A89FBF0EB0986102.d.CBBBAC0DF5A1DF8678C01227863BF3E0.e.7772"}]}
RESULT: {"script":"<script> [56 bytes]","args":[{"element-6066-11e4-a52e-4f735466cecf":"f.79CB9250C4973688A89FBF0EB0986102.d.CBBBAC0DF5A1DF8678C01227863BF3E0.e.7772","ELEMENT":"f.79CB9250C4973688A89FBF0EB0986102.d.CBBBAC0DF5A1DF8678C01227863BF3E0.e.7772"}]}
COMMAND: GET /session/c1c20cc70f6d9ef30ac844aa04f1cdf8/element/f.79CB9250C4973688A89FBF0EB0986102.d.CBBBAC0DF5A1DF8678C01227863BF3E0.e.7771/attribute/aria-checked - {}
COMMAND: GET /session/c1c20cc70f6d9ef30ac844aa04f1cdf8/screenshot - {}
RESULT: {}
COMMAND: POST /session/c1c20cc70f6d9ef30ac844aa04f1cdf8/element - {"using":"xpath","value":"//table[contains(@id, \"listView-innerSelectionPanelTable-listUl\")]/tbody/tr[6]/td[2]/div/div"}
RESULT: {}
RESULT: {"using":"xpath","value":"//table[contains(@id, \"listView-innerSelectionPanelTable-listUl\")]/tbody/tr[6]/td[2]/div/div"}
COMMAND: POST /session/c1c20cc70f6d9ef30ac844aa04f1cdf8/element - {"using":"xpath","value":"//table[contains(@id, \"listView-innerSelectionPanelTable-listUl\")]/tbody/tr[6]/td[2]/div"}
RESULT: {"using":"xpath","value":"//table[contains(@id, \"listView-innerSelectionPanelTable-listUl\")]/tbody/tr[6]/td[2]/div"}
COMMAND: POST /session/c1c20cc70f6d9ef30ac844aa04f1cdf8/element - {"using":"xpath","value":"//table[contains(@id, \"listView-innerSelectionPanelTable-listUl\")]/tbody/tr[6]/td[3]/div/div/span/span[1]/bdi"}
RESULT: {"using":"xpath","value":"//table[contains(@id, \"listView-innerSelectionPanelTable-listUl\")]/tbody/tr[6]/td[3]/div/div/span/span[1]/bdi"}
COMMAND: POST /session/c1c20cc70f6d9ef30ac844aa04f1cdf8/execute/sync - {"script":"<script> [56 bytes]","args":[{"element-6066-11e4-a52e-4f735466cecf":"f.79CB9250C4973688A89FBF0EB0986102.d.CBBBAC0DF5A1DF8678C01227863BF3E0.e.7775","ELEMENT":"f.79CB9250C4973688A89FBF0EB0986102.d.CBBBAC0DF5A1DF8678C01227863BF3E0.e.7775"}]}
RESULT: {"script":"<script> [56 bytes]","args":[{"element-6066-11e4-a52e-4f735466cecf":"f.79CB9250C4973688A89FBF0EB0986102.d.CBBBAC0DF5A1DF8678C01227863BF3E0.e.7775","ELEMENT":"f.79CB9250C4973688A89FBF0EB0986102.d.CBBBAC0DF5A1DF8678C01227863BF3E0.e.7775"}]}
COMMAND: GET /session/c1c20cc70f6d9ef30ac844aa04f1cdf8/element/f.79CB9250C4973688A89FBF0EB0986102.d.CBBBAC0DF5A1DF8678C01227863BF3E0.e.7774/attribute/aria-checked - {}
COMMAND: GET /session/c1c20cc70f6d9ef30ac844aa04f1cdf8/screenshot - {}
RESULT: {}
COMMAND: POST /session/c1c20cc70f6d9ef30ac844aa04f1cdf8/element - {"using":"xpath","value":"//table[contains(@id, \"listView-innerSelectionPanelTable-listUl\")]/tbody/tr[7]/td[2]/div/div"}
RESULT: {}
RESULT: {"using":"xpath","value":"//table[contains(@id, \"listView-innerSelectionPanelTable-listUl\")]/tbody/tr[7]/td[2]/div/div"}
COMMAND: POST /session/c1c20cc70f6d9ef30ac844aa04f1cdf8/element - {"using":"xpath","value":"//table[contains(@id, \"listView-innerSelectionPanelTable-listUl\")]/tbody/tr[7]/td[2]/div"}
RESULT: {"using":"xpath","value":"//table[contains(@id, \"listView-innerSelectionPanelTable-listUl\")]/tbody/tr[7]/td[2]/div"}
COMMAND: POST /session/c1c20cc70f6d9ef30ac844aa04f1cdf8/element - {"using":"xpath","value":"//table[contains(@id, \"listView-innerSelectionPanelTable-listUl\")]/tbody/tr[7]/td[3]/div/div/span/span[1]/bdi"}
RESULT: {"using":"xpath","value":"//table[contains(@id, \"listView-innerSelectionPanelTable-listUl\")]/tbody/tr[7]/td[3]/div/div/span/span[1]/bdi"}
COMMAND: POST /session/c1c20cc70f6d9ef30ac844aa04f1cdf8/execute/sync - {"script":"<script> [56 bytes]","args":[{"element-6066-11e4-a52e-4f735466cecf":"f.79CB9250C4973688A89FBF0EB0986102.d.CBBBAC0DF5A1DF8678C01227863BF3E0.e.7778","ELEMENT":"f.79CB9250C4973688A89FBF0EB0986102.d.CBBBAC0DF5A1DF8678C01227863BF3E0.e.7778"}]}
RESULT: {"script":"<script> [56 bytes]","args":[{"element-6066-11e4-a52e-4f735466cecf":"f.79CB9250C4973688A89FBF0EB0986102.d.CBBBAC0DF5A1DF8678C01227863BF3E0.e.7778","ELEMENT":"f.79CB9250C4973688A89FBF0EB0986102.d.CBBBAC0DF5A1DF8678C01227863BF3E0.e.7778"}]}
COMMAND: GET /session/c1c20cc70f6d9ef30ac844aa04f1cdf8/element/f.79CB9250C4973688A89FBF0EB0986102.d.CBBBAC0DF5A1DF8678C01227863BF3E0.e.7777/attribute/aria-checked - {}
COMMAND: GET /session/c1c20cc70f6d9ef30ac844aa04f1cdf8/screenshot - {}
RESULT: {}
COMMAND: POST /session/c1c20cc70f6d9ef30ac844aa04f1cdf8/element - {"using":"xpath","value":"//table[contains(@id, \"listView-innerSelectionPanelTable-listUl\")]/tbody/tr[8]/td[2]/div/div"}
RESULT: {}
RESULT: {"using":"xpath","value":"//table[contains(@id, \"listView-innerSelectionPanelTable-listUl\")]/tbody/tr[8]/td[2]/div/div"}
COMMAND: POST /session/c1c20cc70f6d9ef30ac844aa04f1cdf8/element - {"using":"xpath","value":"//table[contains(@id, \"listView-innerSelectionPanelTable-listUl\")]/tbody/tr[8]/td[2]/div"}
RESULT: {"using":"xpath","value":"//table[contains(@id, \"listView-innerSelectionPanelTable-listUl\")]/tbody/tr[8]/td[2]/div"}
COMMAND: POST /session/c1c20cc70f6d9ef30ac844aa04f1cdf8/element - {"using":"xpath","value":"//table[contains(@id, \"listView-innerSelectionPanelTable-listUl\")]/tbody/tr[8]/td[3]/div/div/span/span[1]/bdi"}
RESULT: {"using":"xpath","value":"//table[contains(@id, \"listView-innerSelectionPanelTable-listUl\")]/tbody/tr[8]/td[3]/div/div/span/span[1]/bdi"}
COMMAND: POST /session/c1c20cc70f6d9ef30ac844aa04f1cdf8/execute/sync - {"script":"<script> [56 bytes]","args":[{"element-6066-11e4-a52e-4f735466cecf":"f.79CB9250C4973688A89FBF0EB0986102.d.CBBBAC0DF5A1DF8678C01227863BF3E0.e.7781","ELEMENT":"f.79CB9250C4973688A89FBF0EB0986102.d.CBBBAC0DF5A1DF8678C01227863BF3E0.e.7781"}]}
RESULT: {"script":"<script> [56 bytes]","args":[{"element-6066-11e4-a52e-4f735466cecf":"f.79CB9250C4973688A89FBF0EB0986102.d.CBBBAC0DF5A1DF8678C01227863BF3E0.e.7781","ELEMENT":"f.79CB9250C4973688A89FBF0EB0986102.d.CBBBAC0DF5A1DF8678C01227863BF3E0.e.7781"}]}
COMMAND: GET /session/c1c20cc70f6d9ef30ac844aa04f1cdf8/element/f.79CB9250C4973688A89FBF0EB0986102.d.CBBBAC0DF5A1DF8678C01227863BF3E0.e.7780/attribute/aria-checked - {}
COMMAND: GET /session/c1c20cc70f6d9ef30ac844aa04f1cdf8/screenshot - {}
RESULT: {}
COMMAND: POST /session/c1c20cc70f6d9ef30ac844aa04f1cdf8/element - {"using":"xpath","value":"//table[contains(@id, \"listView-innerSelectionPanelTable-listUl\")]/tbody/tr[9]/td[2]/div/div"}
RESULT: {}
RESULT: {"using":"xpath","value":"//table[contains(@id, \"listView-innerSelectionPanelTable-listUl\")]/tbody/tr[9]/td[2]/div/div"}
COMMAND: POST /session/c1c20cc70f6d9ef30ac844aa04f1cdf8/element - {"using":"xpath","value":"//table[contains(@id, \"listView-innerSelectionPanelTable-listUl\")]/tbody/tr[9]/td[2]/div"}
RESULT: {"using":"xpath","value":"//table[contains(@id, \"listView-innerSelectionPanelTable-listUl\")]/tbody/tr[9]/td[2]/div"}
COMMAND: POST /session/c1c20cc70f6d9ef30ac844aa04f1cdf8/element - {"using":"xpath","value":"//table[contains(@id, \"listView-innerSelectionPanelTable-listUl\")]/tbody/tr[9]/td[3]/div/div/span/span[1]/bdi"}
RESULT: {"using":"xpath","value":"//table[contains(@id, \"listView-innerSelectionPanelTable-listUl\")]/tbody/tr[9]/td[3]/div/div/span/span[1]/bdi"}
COMMAND: POST /session/c1c20cc70f6d9ef30ac844aa04f1cdf8/execute/sync - {"script":"<script> [56 bytes]","args":[{"element-6066-11e4-a52e-4f735466cecf":"f.79CB9250C4973688A89FBF0EB0986102.d.CBBBAC0DF5A1DF8678C01227863BF3E0.e.7784","ELEMENT":"f.79CB9250C4973688A89FBF0EB0986102.d.CBBBAC0DF5A1DF8678C01227863BF3E0.e.7784"}]}
RESULT: {"script":"<script> [56 bytes]","args":[{"element-6066-11e4-a52e-4f735466cecf":"f.79CB9250C4973688A89FBF0EB0986102.d.CBBBAC0DF5A1DF8678C01227863BF3E0.e.7784","ELEMENT":"f.79CB9250C4973688A89FBF0EB0986102.d.CBBBAC0DF5A1DF8678C01227863BF3E0.e.7784"}]}
COMMAND: GET /session/c1c20cc70f6d9ef30ac844aa04f1cdf8/element/f.79CB9250C4973688A89FBF0EB0986102.d.CBBBAC0DF5A1DF8678C01227863BF3E0.e.7783/attribute/aria-checked - {}
COMMAND: GET /session/c1c20cc70f6d9ef30ac844aa04f1cdf8/screenshot - {}
RESULT: {}
COMMAND: POST /session/c1c20cc70f6d9ef30ac844aa04f1cdf8/element - {"using":"xpath","value":"//table[contains(@id, \"listView-innerSelectionPanelTable-listUl\")]/tbody/tr[10]/td[2]/div/div"}
RESULT: {}
RESULT: {"using":"xpath","value":"//table[contains(@id, \"listView-innerSelectionPanelTable-listUl\")]/tbody/tr[10]/td[2]/div/div"}
COMMAND: POST /session/c1c20cc70f6d9ef30ac844aa04f1cdf8/element - {"using":"xpath","value":"//table[contains(@id, \"listView-innerSelectionPanelTable-listUl\")]/tbody/tr[10]/td[2]/div"}
RESULT: {"using":"xpath","value":"//table[contains(@id, \"listView-innerSelectionPanelTable-listUl\")]/tbody/tr[10]/td[2]/div"}
COMMAND: POST /session/c1c20cc70f6d9ef30ac844aa04f1cdf8/element - {"using":"xpath","value":"//table[contains(@id, \"listView-innerSelectionPanelTable-listUl\")]/tbody/tr[10]/td[3]/div/div/span/span[1]/bdi"}
RESULT: {"using":"xpath","value":"//table[contains(@id, \"listView-innerSelectionPanelTable-listUl\")]/tbody/tr[10]/td[3]/div/div/span/span[1]/bdi"}
COMMAND: POST /session/c1c20cc70f6d9ef30ac844aa04f1cdf8/execute/sync - {"script":"<script> [56 bytes]","args":[{"element-6066-11e4-a52e-4f735466cecf":"f.79CB9250C4973688A89FBF0EB0986102.d.CBBBAC0DF5A1DF8678C01227863BF3E0.e.7787","ELEMENT":"f.79CB9250C4973688A89FBF0EB0986102.d.CBBBAC0DF5A1DF8678C01227863BF3E0.e.7787"}]}
RESULT: {"script":"<script> [56 bytes]","args":[{"element-6066-11e4-a52e-4f735466cecf":"f.79CB9250C4973688A89FBF0EB0986102.d.CBBBAC0DF5A1DF8678C01227863BF3E0.e.7787","ELEMENT":"f.79CB9250C4973688A89FBF0EB0986102.d.CBBBAC0DF5A1DF8678C01227863BF3E0.e.7787"}]}
COMMAND: GET /session/c1c20cc70f6d9ef30ac844aa04f1cdf8/element/f.79CB9250C4973688A89FBF0EB0986102.d.CBBBAC0DF5A1DF8678C01227863BF3E0.e.7786/attribute/aria-checked - {}
COMMAND: GET /session/c1c20cc70f6d9ef30ac844aa04f1cdf8/screenshot - {}
RESULT: {}
COMMAND: POST /session/c1c20cc70f6d9ef30ac844aa04f1cdf8/element - {"using":"xpath","value":"//table[contains(@id, \"listView-innerSelectionPanelTable-listUl\")]/tbody/tr[11]/td[2]/div/div"}
RESULT: {}
RESULT: {"using":"xpath","value":"//table[contains(@id, \"listView-innerSelectionPanelTable-listUl\")]/tbody/tr[11]/td[2]/div/div"}
COMMAND: POST /session/c1c20cc70f6d9ef30ac844aa04f1cdf8/element - {"using":"xpath","value":"//table[contains(@id, \"listView-innerSelectionPanelTable-listUl\")]/tbody/tr[11]/td[2]/div"}
RESULT: {"using":"xpath","value":"//table[contains(@id, \"listView-innerSelectionPanelTable-listUl\")]/tbody/tr[11]/td[2]/div"}
COMMAND: POST /session/c1c20cc70f6d9ef30ac844aa04f1cdf8/element - {"using":"xpath","value":"//table[contains(@id, \"listView-innerSelectionPanelTable-listUl\")]/tbody/tr[11]/td[3]/div/div/span/span[1]/bdi"}
RESULT: {"using":"xpath","value":"//table[contains(@id, \"listView-innerSelectionPanelTable-listUl\")]/tbody/tr[11]/td[3]/div/div/span/span[1]/bdi"}
COMMAND: POST /session/c1c20cc70f6d9ef30ac844aa04f1cdf8/execute/sync - {"script":"<script> [56 bytes]","args":[{"element-6066-11e4-a52e-4f735466cecf":"f.79CB9250C4973688A89FBF0EB0986102.d.CBBBAC0DF5A1DF8678C01227863BF3E0.e.7790","ELEMENT":"f.79CB9250C4973688A89FBF0EB0986102.d.CBBBAC0DF5A1DF8678C01227863BF3E0.e.7790"}]}
RESULT: {"script":"<script> [56 bytes]","args":[{"element-6066-11e4-a52e-4f735466cecf":"f.79CB9250C4973688A89FBF0EB0986102.d.CBBBAC0DF5A1DF8678C01227863BF3E0.e.7790","ELEMENT":"f.79CB9250C4973688A89FBF0EB0986102.d.CBBBAC0DF5A1DF8678C01227863BF3E0.e.7790"}]}
COMMAND: GET /session/c1c20cc70f6d9ef30ac844aa04f1cdf8/element/f.79CB9250C4973688A89FBF0EB0986102.d.CBBBAC0DF5A1DF8678C01227863BF3E0.e.7789/attribute/aria-checked - {}
COMMAND: GET /session/c1c20cc70f6d9ef30ac844aa04f1cdf8/screenshot - {}
RESULT: {}
COMMAND: POST /session/c1c20cc70f6d9ef30ac844aa04f1cdf8/element - {"using":"xpath","value":"//table[contains(@id, \"listView-innerSelectionPanelTable-listUl\")]/tbody/tr[12]/td[2]/div/div"}
RESULT: {}
RESULT: {"using":"xpath","value":"//table[contains(@id, \"listView-innerSelectionPanelTable-listUl\")]/tbody/tr[12]/td[2]/div/div"}
COMMAND: POST /session/c1c20cc70f6d9ef30ac844aa04f1cdf8/element - {"using":"xpath","value":"//table[contains(@id, \"listView-innerSelectionPanelTable-listUl\")]/tbody/tr[12]/td[2]/div"}
RESULT: {"using":"xpath","value":"//table[contains(@id, \"listView-innerSelectionPanelTable-listUl\")]/tbody/tr[12]/td[2]/div"}
COMMAND: POST /session/c1c20cc70f6d9ef30ac844aa04f1cdf8/element - {"using":"xpath","value":"//table[contains(@id, \"listView-innerSelectionPanelTable-listUl\")]/tbody/tr[12]/td[3]/div/div/span/span[1]/bdi"}
RESULT: {"using":"xpath","value":"//table[contains(@id, \"listView-innerSelectionPanelTable-listUl\")]/tbody/tr[12]/td[3]/div/div/span/span[1]/bdi"}
COMMAND: POST /session/c1c20cc70f6d9ef30ac844aa04f1cdf8/execute/sync - {"script":"<script> [56 bytes]","args":[{"element-6066-11e4-a52e-4f735466cecf":"f.79CB9250C4973688A89FBF0EB0986102.d.CBBBAC0DF5A1DF8678C01227863BF3E0.e.7793","ELEMENT":"f.79CB9250C4973688A89FBF0EB0986102.d.CBBBAC0DF5A1DF8678C01227863BF3E0.e.7793"}]}
RESULT: {"script":"<script> [56 bytes]","args":[{"element-6066-11e4-a52e-4f735466cecf":"f.79CB9250C4973688A89FBF0EB0986102.d.CBBBAC0DF5A1DF8678C01227863BF3E0.e.7793","ELEMENT":"f.79CB9250C4973688A89FBF0EB0986102.d.CBBBAC0DF5A1DF8678C01227863BF3E0.e.7793"}]}
COMMAND: GET /session/c1c20cc70f6d9ef30ac844aa04f1cdf8/element/f.79CB9250C4973688A89FBF0EB0986102.d.CBBBAC0DF5A1DF8678C01227863BF3E0.e.7792/attribute/aria-checked - {}
COMMAND: GET /session/c1c20cc70f6d9ef30ac844aa04f1cdf8/screenshot - {}
RESULT: {}
COMMAND: POST /session/c1c20cc70f6d9ef30ac844aa04f1cdf8/element - {"using":"xpath","value":"//table[contains(@id, \"listView-innerSelectionPanelTable-listUl\")]/tbody/tr[13]/td[2]/div/div"}
RESULT: {}
RESULT: {"using":"xpath","value":"//table[contains(@id, \"listView-innerSelectionPanelTable-listUl\")]/tbody/tr[13]/td[2]/div/div"}
COMMAND: POST /session/c1c20cc70f6d9ef30ac844aa04f1cdf8/element - {"using":"xpath","value":"//table[contains(@id, \"listView-innerSelectionPanelTable-listUl\")]/tbody/tr[13]/td[2]/div"}
RESULT: {"using":"xpath","value":"//table[contains(@id, \"listView-innerSelectionPanelTable-listUl\")]/tbody/tr[13]/td[2]/div"}
COMMAND: POST /session/c1c20cc70f6d9ef30ac844aa04f1cdf8/element - {"using":"xpath","value":"//table[contains(@id, \"listView-innerSelectionPanelTable-listUl\")]/tbody/tr[13]/td[3]/div/div/span/span[1]/bdi"}
RESULT: {"using":"xpath","value":"//table[contains(@id, \"listView-innerSelectionPanelTable-listUl\")]/tbody/tr[13]/td[3]/div/div/span/span[1]/bdi"}
COMMAND: POST /session/c1c20cc70f6d9ef30ac844aa04f1cdf8/execute/sync - {"script":"<script> [56 bytes]","args":[{"element-6066-11e4-a52e-4f735466cecf":"f.79CB9250C4973688A89FBF0EB0986102.d.CBBBAC0DF5A1DF8678C01227863BF3E0.e.7796","ELEMENT":"f.79CB9250C4973688A89FBF0EB0986102.d.CBBBAC0DF5A1DF8678C01227863BF3E0.e.7796"}]}
RESULT: {"script":"<script> [56 bytes]","args":[{"element-6066-11e4-a52e-4f735466cecf":"f.79CB9250C4973688A89FBF0EB0986102.d.CBBBAC0DF5A1DF8678C01227863BF3E0.e.7796","ELEMENT":"f.79CB9250C4973688A89FBF0EB0986102.d.CBBBAC0DF5A1DF8678C01227863BF3E0.e.7796"}]}
COMMAND: GET /session/c1c20cc70f6d9ef30ac844aa04f1cdf8/element/f.79CB9250C4973688A89FBF0EB0986102.d.CBBBAC0DF5A1DF8678C01227863BF3E0.e.7795/attribute/aria-checked - {}
COMMAND: GET /session/c1c20cc70f6d9ef30ac844aa04f1cdf8/screenshot - {}
RESULT: {}
COMMAND: POST /session/c1c20cc70f6d9ef30ac844aa04f1cdf8/element - {"using":"xpath","value":"//table[contains(@id, \"listView-innerSelectionPanelTable-listUl\")]/tbody/tr[14]/td[2]/div/div"}
RESULT: {}
RESULT: {"using":"xpath","value":"//table[contains(@id, \"listView-innerSelectionPanelTable-listUl\")]/tbody/tr[14]/td[2]/div/div"}
COMMAND: POST /session/c1c20cc70f6d9ef30ac844aa04f1cdf8/element - {"using":"xpath","value":"//table[contains(@id, \"listView-innerSelectionPanelTable-listUl\")]/tbody/tr[14]/td[2]/div"}
RESULT: {"using":"xpath","value":"//table[contains(@id, \"listView-innerSelectionPanelTable-listUl\")]/tbody/tr[14]/td[2]/div"}
COMMAND: POST /session/c1c20cc70f6d9ef30ac844aa04f1cdf8/element - {"using":"xpath","value":"//table[contains(@id, \"listView-innerSelectionPanelTable-listUl\")]/tbody/tr[14]/td[3]/div/div/span/span[1]/bdi"}
RESULT: {"using":"xpath","value":"//table[contains(@id, \"listView-innerSelectionPanelTable-listUl\")]/tbody/tr[14]/td[3]/div/div/span/span[1]/bdi"}
COMMAND: POST /session/c1c20cc70f6d9ef30ac844aa04f1cdf8/execute/sync - {"script":"<script> [56 bytes]","args":[{"element-6066-11e4-a52e-4f735466cecf":"f.79CB9250C4973688A89FBF0EB0986102.d.CBBBAC0DF5A1DF8678C01227863BF3E0.e.7799","ELEMENT":"f.79CB9250C4973688A89FBF0EB0986102.d.CBBBAC0DF5A1DF8678C01227863BF3E0.e.7799"}]}
RESULT: {"script":"<script> [56 bytes]","args":[{"element-6066-11e4-a52e-4f735466cecf":"f.79CB9250C4973688A89FBF0EB0986102.d.CBBBAC0DF5A1DF8678C01227863BF3E0.e.7799","ELEMENT":"f.79CB9250C4973688A89FBF0EB0986102.d.CBBBAC0DF5A1DF8678C01227863BF3E0.e.7799"}]}
COMMAND: GET /session/c1c20cc70f6d9ef30ac844aa04f1cdf8/element/f.79CB9250C4973688A89FBF0EB0986102.d.CBBBAC0DF5A1DF8678C01227863BF3E0.e.7798/attribute/aria-checked - {}
COMMAND: GET /session/c1c20cc70f6d9ef30ac844aa04f1cdf8/screenshot - {}
RESULT: {}
COMMAND: POST /session/c1c20cc70f6d9ef30ac844aa04f1cdf8/element - {"using":"xpath","value":"//table[contains(@id, \"listView-innerSelectionPanelTable-listUl\")]/tbody/tr[15]/td[2]/div/div"}
RESULT: {}
RESULT: {"using":"xpath","value":"//table[contains(@id, \"listView-innerSelectionPanelTable-listUl\")]/tbody/tr[15]/td[2]/div/div"}
COMMAND: POST /session/c1c20cc70f6d9ef30ac844aa04f1cdf8/element - {"using":"xpath","value":"//table[contains(@id, \"listView-innerSelectionPanelTable-listUl\")]/tbody/tr[15]/td[2]/div"}
RESULT: {"using":"xpath","value":"//table[contains(@id, \"listView-innerSelectionPanelTable-listUl\")]/tbody/tr[15]/td[2]/div"}
COMMAND: POST /session/c1c20cc70f6d9ef30ac844aa04f1cdf8/element - {"using":"xpath","value":"//table[contains(@id, \"listView-innerSelectionPanelTable-listUl\")]/tbody/tr[15]/td[3]/div/div/span/span[1]/bdi"}
RESULT: {"using":"xpath","value":"//table[contains(@id, \"listView-innerSelectionPanelTable-listUl\")]/tbody/tr[15]/td[3]/div/div/span/span[1]/bdi"}
COMMAND: POST /session/c1c20cc70f6d9ef30ac844aa04f1cdf8/execute/sync - {"script":"<script> [56 bytes]","args":[{"element-6066-11e4-a52e-4f735466cecf":"f.79CB9250C4973688A89FBF0EB0986102.d.CBBBAC0DF5A1DF8678C01227863BF3E0.e.7802","ELEMENT":"f.79CB9250C4973688A89FBF0EB0986102.d.CBBBAC0DF5A1DF8678C01227863BF3E0.e.7802"}]}
RESULT: {"script":"<script> [56 bytes]","args":[{"element-6066-11e4-a52e-4f735466cecf":"f.79CB9250C4973688A89FBF0EB0986102.d.CBBBAC0DF5A1DF8678C01227863BF3E0.e.7802","ELEMENT":"f.79CB9250C4973688A89FBF0EB0986102.d.CBBBAC0DF5A1DF8678C01227863BF3E0.e.7802"}]}
COMMAND: GET /session/c1c20cc70f6d9ef30ac844aa04f1cdf8/element/f.79CB9250C4973688A89FBF0EB0986102.d.CBBBAC0DF5A1DF8678C01227863BF3E0.e.7801/attribute/aria-checked - {}
COMMAND: GET /session/c1c20cc70f6d9ef30ac844aa04f1cdf8/screenshot - {}
RESULT: {}
COMMAND: POST /session/c1c20cc70f6d9ef30ac844aa04f1cdf8/element - {"using":"xpath","value":"//table[contains(@id, \"listView-innerSelectionPanelTable-listUl\")]/tbody/tr[16]/td[2]/div/div"}
RESULT: {}
RESULT: {"using":"xpath","value":"//table[contains(@id, \"listView-innerSelectionPanelTable-listUl\")]/tbody/tr[16]/td[2]/div/div"}
COMMAND: POST /session/c1c20cc70f6d9ef30ac844aa04f1cdf8/element - {"using":"xpath","value":"//table[contains(@id, \"listView-innerSelectionPanelTable-listUl\")]/tbody/tr[16]/td[2]/div"}
RESULT: {"using":"xpath","value":"//table[contains(@id, \"listView-innerSelectionPanelTable-listUl\")]/tbody/tr[16]/td[2]/div"}
COMMAND: POST /session/c1c20cc70f6d9ef30ac844aa04f1cdf8/element - {"using":"xpath","value":"//table[contains(@id, \"listView-innerSelectionPanelTable-listUl\")]/tbody/tr[16]/td[3]/div/div/span/span[1]/bdi"}
RESULT: {"using":"xpath","value":"//table[contains(@id, \"listView-innerSelectionPanelTable-listUl\")]/tbody/tr[16]/td[3]/div/div/span/span[1]/bdi"}
COMMAND: POST /session/c1c20cc70f6d9ef30ac844aa04f1cdf8/execute/sync - {"script":"<script> [56 bytes]","args":[{"element-6066-11e4-a52e-4f735466cecf":"f.79CB9250C4973688A89FBF0EB0986102.d.CBBBAC0DF5A1DF8678C01227863BF3E0.e.7805","ELEMENT":"f.79CB9250C4973688A89FBF0EB0986102.d.CBBBAC0DF5A1DF8678C01227863BF3E0.e.7805"}]}
RESULT: {"script":"<script> [56 bytes]","args":[{"element-6066-11e4-a52e-4f735466cecf":"f.79CB9250C4973688A89FBF0EB0986102.d.CBBBAC0DF5A1DF8678C01227863BF3E0.e.7805","ELEMENT":"f.79CB9250C4973688A89FBF0EB0986102.d.CBBBAC0DF5A1DF8678C01227863BF3E0.e.7805"}]}
COMMAND: GET /session/c1c20cc70f6d9ef30ac844aa04f1cdf8/element/f.79CB9250C4973688A89FBF0EB0986102.d.CBBBAC0DF5A1DF8678C01227863BF3E0.e.7804/attribute/aria-checked - {}
COMMAND: GET /session/c1c20cc70f6d9ef30ac844aa04f1cdf8/screenshot - {}
RESULT: {}
COMMAND: POST /session/c1c20cc70f6d9ef30ac844aa04f1cdf8/element - {"using":"xpath","value":"//table[contains(@id, \"listView-innerSelectionPanelTable-listUl\")]/tbody/tr[17]/td[2]/div/div"}
RESULT: {}
RESULT: {"using":"xpath","value":"//table[contains(@id, \"listView-innerSelectionPanelTable-listUl\")]/tbody/tr[17]/td[2]/div/div"}
COMMAND: POST /session/c1c20cc70f6d9ef30ac844aa04f1cdf8/element - {"using":"xpath","value":"//table[contains(@id, \"listView-innerSelectionPanelTable-listUl\")]/tbody/tr[17]/td[2]/div"}
RESULT: {"using":"xpath","value":"//table[contains(@id, \"listView-innerSelectionPanelTable-listUl\")]/tbody/tr[17]/td[2]/div"}
COMMAND: POST /session/c1c20cc70f6d9ef30ac844aa04f1cdf8/element - {"using":"xpath","value":"//table[contains(@id, \"listView-innerSelectionPanelTable-listUl\")]/tbody/tr[17]/td[3]/div/div/span/span[1]/bdi"}
RESULT: {"using":"xpath","value":"//table[contains(@id, \"listView-innerSelectionPanelTable-listUl\")]/tbody/tr[17]/td[3]/div/div/span/span[1]/bdi"}
COMMAND: POST /session/c1c20cc70f6d9ef30ac844aa04f1cdf8/execute/sync - {"script":"<script> [56 bytes]","args":[{"element-6066-11e4-a52e-4f735466cecf":"f.79CB9250C4973688A89FBF0EB0986102.d.CBBBAC0DF5A1DF8678C01227863BF3E0.e.7808","ELEMENT":"f.79CB9250C4973688A89FBF0EB0986102.d.CBBBAC0DF5A1DF8678C01227863BF3E0.e.7808"}]}
RESULT: {"script":"<script> [56 bytes]","args":[{"element-6066-11e4-a52e-4f735466cecf":"f.79CB9250C4973688A89FBF0EB0986102.d.CBBBAC0DF5A1DF8678C01227863BF3E0.e.7808","ELEMENT":"f.79CB9250C4973688A89FBF0EB0986102.d.CBBBAC0DF5A1DF8678C01227863BF3E0.e.7808"}]}
COMMAND: GET /session/c1c20cc70f6d9ef30ac844aa04f1cdf8/element/f.79CB9250C4973688A89FBF0EB0986102.d.CBBBAC0DF5A1DF8678C01227863BF3E0.e.7807/attribute/aria-checked - {}
COMMAND: GET /session/c1c20cc70f6d9ef30ac844aa04f1cdf8/screenshot - {}
RESULT: {}
COMMAND: POST /session/c1c20cc70f6d9ef30ac844aa04f1cdf8/element - {"using":"xpath","value":"//table[contains(@id, \"listView-innerSelectionPanelTable-listUl\")]/tbody/tr[18]/td[2]/div/div"}
RESULT: {}
RESULT: {"using":"xpath","value":"//table[contains(@id, \"listView-innerSelectionPanelTable-listUl\")]/tbody/tr[18]/td[2]/div/div"}
COMMAND: POST /session/c1c20cc70f6d9ef30ac844aa04f1cdf8/element - {"using":"xpath","value":"//table[contains(@id, \"listView-innerSelectionPanelTable-listUl\")]/tbody/tr[18]/td[2]/div"}
RESULT: {"using":"xpath","value":"//table[contains(@id, \"listView-innerSelectionPanelTable-listUl\")]/tbody/tr[18]/td[2]/div"}
COMMAND: POST /session/c1c20cc70f6d9ef30ac844aa04f1cdf8/element - {"using":"xpath","value":"//table[contains(@id, \"listView-innerSelectionPanelTable-listUl\")]/tbody/tr[18]/td[3]/div/div/span/span[1]/bdi"}
RESULT: {"using":"xpath","value":"//table[contains(@id, \"listView-innerSelectionPanelTable-listUl\")]/tbody/tr[18]/td[3]/div/div/span/span[1]/bdi"}
COMMAND: POST /session/c1c20cc70f6d9ef30ac844aa04f1cdf8/execute/sync - {"script":"<script> [56 bytes]","args":[{"element-6066-11e4-a52e-4f735466cecf":"f.79CB9250C4973688A89FBF0EB0986102.d.CBBBAC0DF5A1DF8678C01227863BF3E0.e.7811","ELEMENT":"f.79CB9250C4973688A89FBF0EB0986102.d.CBBBAC0DF5A1DF8678C01227863BF3E0.e.7811"}]}
RESULT: {"script":"<script> [56 bytes]","args":[{"element-6066-11e4-a52e-4f735466cecf":"f.79CB9250C4973688A89FBF0EB0986102.d.CBBBAC0DF5A1DF8678C01227863BF3E0.e.7811","ELEMENT":"f.79CB9250C4973688A89FBF0EB0986102.d.CBBBAC0DF5A1DF8678C01227863BF3E0.e.7811"}]}
COMMAND: GET /session/c1c20cc70f6d9ef30ac844aa04f1cdf8/element/f.79CB9250C4973688A89FBF0EB0986102.d.CBBBAC0DF5A1DF8678C01227863BF3E0.e.7810/attribute/aria-checked - {}
COMMAND: GET /session/c1c20cc70f6d9ef30ac844aa04f1cdf8/screenshot - {}
RESULT: {}
COMMAND: POST /session/c1c20cc70f6d9ef30ac844aa04f1cdf8/element - {"using":"xpath","value":"//table[contains(@id, \"listView-innerSelectionPanelTable-listUl\")]/tbody/tr[19]/td[2]/div/div"}
RESULT: {}
RESULT: {"using":"xpath","value":"//table[contains(@id, \"listView-innerSelectionPanelTable-listUl\")]/tbody/tr[19]/td[2]/div/div"}
COMMAND: POST /session/c1c20cc70f6d9ef30ac844aa04f1cdf8/element - {"using":"xpath","value":"//table[contains(@id, \"listView-innerSelectionPanelTable-listUl\")]/tbody/tr[19]/td[2]/div"}
RESULT: {"using":"xpath","value":"//table[contains(@id, \"listView-innerSelectionPanelTable-listUl\")]/tbody/tr[19]/td[2]/div"}
COMMAND: POST /session/c1c20cc70f6d9ef30ac844aa04f1cdf8/element - {"using":"xpath","value":"//table[contains(@id, \"listView-innerSelectionPanelTable-listUl\")]/tbody/tr[19]/td[3]/div/div/span/span[1]/bdi"}
RESULT: {"using":"xpath","value":"//table[contains(@id, \"listView-innerSelectionPanelTable-listUl\")]/tbody/tr[19]/td[3]/div/div/span/span[1]/bdi"}
COMMAND: POST /session/c1c20cc70f6d9ef30ac844aa04f1cdf8/execute/sync - {"script":"<script> [56 bytes]","args":[{"element-6066-11e4-a52e-4f735466cecf":"f.79CB9250C4973688A89FBF0EB0986102.d.CBBBAC0DF5A1DF8678C01227863BF3E0.e.7814","ELEMENT":"f.79CB9250C4973688A89FBF0EB0986102.d.CBBBAC0DF5A1DF8678C01227863BF3E0.e.7814"}]}
RESULT: {"script":"<script> [56 bytes]","args":[{"element-6066-11e4-a52e-4f735466cecf":"f.79CB9250C4973688A89FBF0EB0986102.d.CBBBAC0DF5A1DF8678C01227863BF3E0.e.7814","ELEMENT":"f.79CB9250C4973688A89FBF0EB0986102.d.CBBBAC0DF5A1DF8678C01227863BF3E0.e.7814"}]}
COMMAND: GET /session/c1c20cc70f6d9ef30ac844aa04f1cdf8/element/f.79CB9250C4973688A89FBF0EB0986102.d.CBBBAC0DF5A1DF8678C01227863BF3E0.e.7813/attribute/aria-checked - {}
COMMAND: GET /session/c1c20cc70f6d9ef30ac844aa04f1cdf8/screenshot - {}
RESULT: {}
COMMAND: POST /session/c1c20cc70f6d9ef30ac844aa04f1cdf8/element - {"using":"xpath","value":"//table[contains(@id, \"listView-innerSelectionPanelTable-listUl\")]/tbody/tr[20]/td[2]/div/div"}
RESULT: {}
RESULT: {"using":"xpath","value":"//table[contains(@id, \"listView-innerSelectionPanelTable-listUl\")]/tbody/tr[20]/td[2]/div/div"}
COMMAND: POST /session/c1c20cc70f6d9ef30ac844aa04f1cdf8/element - {"using":"xpath","value":"//table[contains(@id, \"listView-innerSelectionPanelTable-listUl\")]/tbody/tr[20]/td[2]/div"}
RESULT: {"using":"xpath","value":"//table[contains(@id, \"listView-innerSelectionPanelTable-listUl\")]/tbody/tr[20]/td[2]/div"}
COMMAND: POST /session/c1c20cc70f6d9ef30ac844aa04f1cdf8/element - {"using":"xpath","value":"//table[contains(@id, \"listView-innerSelectionPanelTable-listUl\")]/tbody/tr[20]/td[3]/div/div/span/span[1]/bdi"}
RESULT: {"using":"xpath","value":"//table[contains(@id, \"listView-innerSelectionPanelTable-listUl\")]/tbody/tr[20]/td[3]/div/div/span/span[1]/bdi"}
COMMAND: POST /session/c1c20cc70f6d9ef30ac844aa04f1cdf8/execute/sync - {"script":"<script> [56 bytes]","args":[{"element-6066-11e4-a52e-4f735466cecf":"f.79CB9250C4973688A89FBF0EB0986102.d.CBBBAC0DF5A1DF8678C01227863BF3E0.e.7817","ELEMENT":"f.79CB9250C4973688A89FBF0EB0986102.d.CBBBAC0DF5A1DF8678C01227863BF3E0.e.7817"}]}
RESULT: {"script":"<script> [56 bytes]","args":[{"element-6066-11e4-a52e-4f735466cecf":"f.79CB9250C4973688A89FBF0EB0986102.d.CBBBAC0DF5A1DF8678C01227863BF3E0.e.7817","ELEMENT":"f.79CB9250C4973688A89FBF0EB0986102.d.CBBBAC0DF5A1DF8678C01227863BF3E0.e.7817"}]}
COMMAND: GET /session/c1c20cc70f6d9ef30ac844aa04f1cdf8/element/f.79CB9250C4973688A89FBF0EB0986102.d.CBBBAC0DF5A1DF8678C01227863BF3E0.e.7816/attribute/aria-checked - {}
COMMAND: GET /session/c1c20cc70f6d9ef30ac844aa04f1cdf8/screenshot - {}
RESULT: {}
COMMAND: POST /session/c1c20cc70f6d9ef30ac844aa04f1cdf8/element - {"using":"xpath","value":"//table[contains(@id, \"listView-innerSelectionPanelTable-listUl\")]/tbody/tr[21]/td[2]/div/div"}
COMMAND: POST /session/c1c20cc70f6d9ef30ac844aa04f1cdf8/element/f.79CB9250C4973688A89FBF0EB0986102.d.CBBBAC0DF5A1DF8678C01227863BF3E0.e.7815/click - {}
RESULT: {}
RESULT: {"using":"xpath","value":"//table[contains(@id, \"listView-innerSelectionPanelTable-listUl\")]/tbody/tr[21]/td[2]/div/div"}
COMMAND: POST /session/c1c20cc70f6d9ef30ac844aa04f1cdf8/element - {"using":"xpath","value":"//table[contains(@id, \"listView-innerSelectionPanelTable-listUl\")]/tbody/tr[21]/td[2]/div"}
RESULT: {}
COMMAND: GET /session/c1c20cc70f6d9ef30ac844aa04f1cdf8/screenshot - {}
RESULT: {"using":"xpath","value":"//table[contains(@id, \"listView-innerSelectionPanelTable-listUl\")]/tbody/tr[21]/td[2]/div"}
COMMAND: POST /session/c1c20cc70f6d9ef30ac844aa04f1cdf8/element - {"using":"xpath","value":"//table[contains(@id, \"listView-innerSelectionPanelTable-listUl\")]/tbody/tr[21]/td[3]/div/div/span/span[1]/bdi"}
RESULT: {}
RESULT: {"using":"xpath","value":"//table[contains(@id, \"listView-innerSelectionPanelTable-listUl\")]/tbody/tr[21]/td[3]/div/div/span/span[1]/bdi"}
COMMAND: POST /session/c1c20cc70f6d9ef30ac844aa04f1cdf8/execute/sync - {"script":"<script> [56 bytes]","args":[{"element-6066-11e4-a52e-4f735466cecf":"f.79CB9250C4973688A89FBF0EB0986102.d.CBBBAC0DF5A1DF8678C01227863BF3E0.e.7823","ELEMENT":"f.79CB9250C4973688A89FBF0EB0986102.d.CBBBAC0DF5A1DF8678C01227863BF3E0.e.7823"}]}
RESULT: {"script":"<script> [56 bytes]","args":[{"element-6066-11e4-a52e-4f735466cecf":"f.79CB9250C4973688A89FBF0EB0986102.d.CBBBAC0DF5A1DF8678C01227863BF3E0.e.7823","ELEMENT":"f.79CB9250C4973688A89FBF0EB0986102.d.CBBBAC0DF5A1DF8678C01227863BF3E0.e.7823"}]}
COMMAND: GET /session/c1c20cc70f6d9ef30ac844aa04f1cdf8/element/f.79CB9250C4973688A89FBF0EB0986102.d.CBBBAC0DF5A1DF8678C01227863BF3E0.e.7822/attribute/aria-checked - {}
COMMAND: GET /session/c1c20cc70f6d9ef30ac844aa04f1cdf8/screenshot - {}
RESULT: {}
COMMAND: POST /session/c1c20cc70f6d9ef30ac844aa04f1cdf8/element - {"using":"xpath","value":"//table[contains(@id, \"listView-innerSelectionPanelTable-listUl\")]/tbody/tr[22]/td[2]/div/div"}
COMMAND: POST /session/c1c20cc70f6d9ef30ac844aa04f1cdf8/element/f.79CB9250C4973688A89FBF0EB0986102.d.CBBBAC0DF5A1DF8678C01227863BF3E0.e.7818/click - {}
RESULT: {}
RESULT: {}
COMMAND: GET /session/c1c20cc70f6d9ef30ac844aa04f1cdf8/screenshot - {}
RESULT: {"using":"xpath","value":"//table[contains(@id, \"listView-innerSelectionPanelTable-listUl\")]/tbody/tr[22]/td[2]/div/div"}
COMMAND: POST /session/c1c20cc70f6d9ef30ac844aa04f1cdf8/element - {"using":"xpath","value":"//table[contains(@id, \"listView-innerSelectionPanelTable-listUl\")]/tbody/tr[22]/td[2]/div"}
RESULT: {}
RESULT: {"using":"xpath","value":"//table[contains(@id, \"listView-innerSelectionPanelTable-listUl\")]/tbody/tr[22]/td[2]/div"}
COMMAND: POST /session/c1c20cc70f6d9ef30ac844aa04f1cdf8/element - {"using":"xpath","value":"//table[contains(@id, \"listView-innerSelectionPanelTable-listUl\")]/tbody/tr[22]/td[3]/div/div/span/span[1]/bdi"}
RESULT: {"using":"xpath","value":"//table[contains(@id, \"listView-innerSelectionPanelTable-listUl\")]/tbody/tr[22]/td[3]/div/div/span/span[1]/bdi"}
COMMAND: POST /session/c1c20cc70f6d9ef30ac844aa04f1cdf8/execute/sync - {"script":"<script> [56 bytes]","args":[{"element-6066-11e4-a52e-4f735466cecf":"f.79CB9250C4973688A89FBF0EB0986102.d.CBBBAC0DF5A1DF8678C01227863BF3E0.e.7827","ELEMENT":"f.79CB9250C4973688A89FBF0EB0986102.d.CBBBAC0DF5A1DF8678C01227863BF3E0.e.7827"}]}
RESULT: {"script":"<script> [56 bytes]","args":[{"element-6066-11e4-a52e-4f735466cecf":"f.79CB9250C4973688A89FBF0EB0986102.d.CBBBAC0DF5A1DF8678C01227863BF3E0.e.7827","ELEMENT":"f.79CB9250C4973688A89FBF0EB0986102.d.CBBBAC0DF5A1DF8678C01227863BF3E0.e.7827"}]}
COMMAND: GET /session/c1c20cc70f6d9ef30ac844aa04f1cdf8/element/f.79CB9250C4973688A89FBF0EB0986102.d.CBBBAC0DF5A1DF8678C01227863BF3E0.e.7826/attribute/aria-checked - {}
COMMAND: GET /session/c1c20cc70f6d9ef30ac844aa04f1cdf8/screenshot - {}
RESULT: {}
COMMAND: POST /session/c1c20cc70f6d9ef30ac844aa04f1cdf8/element - {"using":"xpath","value":"//table[contains(@id, \"listView-innerSelectionPanelTable-listUl\")]/tbody/tr[23]/td[2]/div/div"}
RESULT: {}
RESULT: {"using":"xpath","value":"//table[contains(@id, \"listView-innerSelectionPanelTable-listUl\")]/tbody/tr[23]/td[2]/div/div"}
COMMAND: POST /session/c1c20cc70f6d9ef30ac844aa04f1cdf8/element - {"using":"xpath","value":"//table[contains(@id, \"listView-innerSelectionPanelTable-listUl\")]/tbody/tr[23]/td[2]/div"}
RESULT: {"using":"xpath","value":"//table[contains(@id, \"listView-innerSelectionPanelTable-listUl\")]/tbody/tr[23]/td[2]/div"}
COMMAND: POST /session/c1c20cc70f6d9ef30ac844aa04f1cdf8/element - {"using":"xpath","value":"//table[contains(@id, \"listView-innerSelectionPanelTable-listUl\")]/tbody/tr[23]/td[3]/div/div/span/span[1]/bdi"}
RESULT: {"using":"xpath","value":"//table[contains(@id, \"listView-innerSelectionPanelTable-listUl\")]/tbody/tr[23]/td[3]/div/div/span/span[1]/bdi"}
COMMAND: POST /session/c1c20cc70f6d9ef30ac844aa04f1cdf8/execute/sync - {"script":"<script> [56 bytes]","args":[{"element-6066-11e4-a52e-4f735466cecf":"f.79CB9250C4973688A89FBF0EB0986102.d.CBBBAC0DF5A1DF8678C01227863BF3E0.e.7830","ELEMENT":"f.79CB9250C4973688A89FBF0EB0986102.d.CBBBAC0DF5A1DF8678C01227863BF3E0.e.7830"}]}
RESULT: {"script":"<script> [56 bytes]","args":[{"element-6066-11e4-a52e-4f735466cecf":"f.79CB9250C4973688A89FBF0EB0986102.d.CBBBAC0DF5A1DF8678C01227863BF3E0.e.7830","ELEMENT":"f.79CB9250C4973688A89FBF0EB0986102.d.CBBBAC0DF5A1DF8678C01227863BF3E0.e.7830"}]}
COMMAND: GET /session/c1c20cc70f6d9ef30ac844aa04f1cdf8/element/f.79CB9250C4973688A89FBF0EB0986102.d.CBBBAC0DF5A1DF8678C01227863BF3E0.e.7829/attribute/aria-checked - {}
COMMAND: GET /session/c1c20cc70f6d9ef30ac844aa04f1cdf8/screenshot - {}
RESULT: {}
COMMAND: POST /session/c1c20cc70f6d9ef30ac844aa04f1cdf8/element - {"using":"xpath","value":"//table[contains(@id, \"listView-innerSelectionPanelTable-listUl\")]/tbody/tr[24]/td[2]/div/div"}
RESULT: {}
RESULT: {"using":"xpath","value":"//table[contains(@id, \"listView-innerSelectionPanelTable-listUl\")]/tbody/tr[24]/td[2]/div/div"}
COMMAND: POST /session/c1c20cc70f6d9ef30ac844aa04f1cdf8/element - {"using":"xpath","value":"//table[contains(@id, \"listView-innerSelectionPanelTable-listUl\")]/tbody/tr[24]/td[2]/div"}
RESULT: {"using":"xpath","value":"//table[contains(@id, \"listView-innerSelectionPanelTable-listUl\")]/tbody/tr[24]/td[2]/div"}
COMMAND: POST /session/c1c20cc70f6d9ef30ac844aa04f1cdf8/element - {"using":"xpath","value":"//table[contains(@id, \"listView-innerSelectionPanelTable-listUl\")]/tbody/tr[24]/td[3]/div/div/span/span[1]/bdi"}
RESULT: {"using":"xpath","value":"//table[contains(@id, \"listView-innerSelectionPanelTable-listUl\")]/tbody/tr[24]/td[3]/div/div/span/span[1]/bdi"}
COMMAND: POST /session/c1c20cc70f6d9ef30ac844aa04f1cdf8/execute/sync - {"script":"<script> [56 bytes]","args":[{"element-6066-11e4-a52e-4f735466cecf":"f.79CB9250C4973688A89FBF0EB0986102.d.CBBBAC0DF5A1DF8678C01227863BF3E0.e.7833","ELEMENT":"f.79CB9250C4973688A89FBF0EB0986102.d.CBBBAC0DF5A1DF8678C01227863BF3E0.e.7833"}]}
RESULT: {"script":"<script> [56 bytes]","args":[{"element-6066-11e4-a52e-4f735466cecf":"f.79CB9250C4973688A89FBF0EB0986102.d.CBBBAC0DF5A1DF8678C01227863BF3E0.e.7833","ELEMENT":"f.79CB9250C4973688A89FBF0EB0986102.d.CBBBAC0DF5A1DF8678C01227863BF3E0.e.7833"}]}
COMMAND: GET /session/c1c20cc70f6d9ef30ac844aa04f1cdf8/element/f.79CB9250C4973688A89FBF0EB0986102.d.CBBBAC0DF5A1DF8678C01227863BF3E0.e.7832/attribute/aria-checked - {}
COMMAND: GET /session/c1c20cc70f6d9ef30ac844aa04f1cdf8/screenshot - {}
RESULT: {}
COMMAND: POST /session/c1c20cc70f6d9ef30ac844aa04f1cdf8/element - {"using":"xpath","value":"//table[contains(@id, \"listView-innerSelectionPanelTable-listUl\")]/tbody/tr[25]/td[2]/div/div"}
RESULT: {}
RESULT: {"using":"xpath","value":"//table[contains(@id, \"listView-innerSelectionPanelTable-listUl\")]/tbody/tr[25]/td[2]/div/div"}
COMMAND: POST /session/c1c20cc70f6d9ef30ac844aa04f1cdf8/element - {"using":"xpath","value":"//table[contains(@id, \"listView-innerSelectionPanelTable-listUl\")]/tbody/tr[25]/td[2]/div"}
RESULT: {"using":"xpath","value":"//table[contains(@id, \"listView-innerSelectionPanelTable-listUl\")]/tbody/tr[25]/td[2]/div"}
COMMAND: POST /session/c1c20cc70f6d9ef30ac844aa04f1cdf8/element - {"using":"xpath","value":"//table[contains(@id, \"listView-innerSelectionPanelTable-listUl\")]/tbody/tr[25]/td[3]/div/div/span/span[1]/bdi"}
RESULT: {"using":"xpath","value":"//table[contains(@id, \"listView-innerSelectionPanelTable-listUl\")]/tbody/tr[25]/td[3]/div/div/span/span[1]/bdi"}
COMMAND: POST /session/c1c20cc70f6d9ef30ac844aa04f1cdf8/execute/sync - {"script":"<script> [56 bytes]","args":[{"element-6066-11e4-a52e-4f735466cecf":"f.79CB9250C4973688A89FBF0EB0986102.d.CBBBAC0DF5A1DF8678C01227863BF3E0.e.7836","ELEMENT":"f.79CB9250C4973688A89FBF0EB0986102.d.CBBBAC0DF5A1DF8678C01227863BF3E0.e.7836"}]}
RESULT: {"script":"<script> [56 bytes]","args":[{"element-6066-11e4-a52e-4f735466cecf":"f.79CB9250C4973688A89FBF0EB0986102.d.CBBBAC0DF5A1DF8678C01227863BF3E0.e.7836","ELEMENT":"f.79CB9250C4973688A89FBF0EB0986102.d.CBBBAC0DF5A1DF8678C01227863BF3E0.e.7836"}]}
COMMAND: GET /session/c1c20cc70f6d9ef30ac844aa04f1cdf8/element/f.79CB9250C4973688A89FBF0EB0986102.d.CBBBAC0DF5A1DF8678C01227863BF3E0.e.7835/attribute/aria-checked - {}
COMMAND: GET /session/c1c20cc70f6d9ef30ac844aa04f1cdf8/screenshot - {}
RESULT: {}
COMMAND: POST /session/c1c20cc70f6d9ef30ac844aa04f1cdf8/element - {"using":"xpath","value":"//bdi[contains(text(), \"OK\")]"}
RESULT: {}
RESULT: {"using":"xpath","value":"//bdi[contains(text(), \"OK\")]"}
COMMAND: POST /session/c1c20cc70f6d9ef30ac844aa04f1cdf8/element/f.79CB9250C4973688A89FBF0EB0986102.d.CBBBAC0DF5A1DF8678C01227863BF3E0.e.7837/click - {}
RESULT: {}
COMMAND: GET /session/c1c20cc70f6d9ef30ac844aa04f1cdf8/screenshot - {}
RESULT: {}
COMMAND: POST /session/c1c20cc70f6d9ef30ac844aa04f1cdf8/execute/async - {"script":"<script> [1562 bytes]","args":[{"selector":{"id":"application-managepartners-display-component---masterPtm--smartFilterBar-filterItemControlA_-LINK_TO_ADDRESSES_MAIN.ID-vhi"},"wdio_ui5_key":"applicationmanagepartners-display-component---masterPtm--smartFilterBar-filterItemControlA_-LINK_TO_ADDRESSES_MAIN.ID-vhi"}]}
RESULT: {"script":"<script> [1562 bytes]","args":[{"selector":{"id":"application-managepartners-display-component---masterPtm--smartFilterBar-filterItemControlA_-LINK_TO_ADDRESSES_MAIN.ID-vhi"},"wdio_ui5_key":"applicationmanagepartners-display-component---masterPtm--smartFilterBar-filterItemControlA_-LINK_TO_ADDRESSES_MAIN.ID-vhi"}]}
RESULT: undefined
COMMAND: POST /session/c1c20cc70f6d9ef30ac844aa04f1cdf8/element - {"using":"xpath","value":"//*[@id=\"application-managepartners-display-component---masterPtm--smartFilterBar-filterItemControlA_-LINK_TO_ADDRESSES_MAIN.ID-vhi\"]"}
RESULT: {"using":"xpath","value":"//*[@id=\"application-managepartners-display-component---masterPtm--smartFilterBar-filterItemControlA_-LINK_TO_ADDRESSES_MAIN.ID-vhi\"]"}
COMMAND: POST /session/c1c20cc70f6d9ef30ac844aa04f1cdf8/element/f.79CB9250C4973688A89FBF0EB0986102.d.CBBBAC0DF5A1DF8678C01227863BF3E0.e.7850/click - {}
RESULT: {}
COMMAND: GET /session/c1c20cc70f6d9ef30ac844aa04f1cdf8/screenshot - {}
RESULT: {}
COMMAND: POST /session/c1c20cc70f6d9ef30ac844aa04f1cdf8/element - {"using":"xpath","value":"//div[input[@value=\"contains\"]]//span[contains(@id, \"arrow\")]"}
RESULT: {"using":"xpath","value":"//div[input[@value=\"contains\"]]//span[contains(@id, \"arrow\")]"}
COMMAND: POST /session/c1c20cc70f6d9ef30ac844aa04f1cdf8/element/f.79CB9250C4973688A89FBF0EB0986102.d.CBBBAC0DF5A1DF8678C01227863BF3E0.e.7855/click - {}
RESULT: {}
COMMAND: GET /session/c1c20cc70f6d9ef30ac844aa04f1cdf8/screenshot - {}
RESULT: {}
COMMAND: POST /session/c1c20cc70f6d9ef30ac844aa04f1cdf8/element - {"using":"xpath","value":"//li[.//span[text()='equal to']]"}
RESULT: {"using":"xpath","value":"//li[.//span[text()='equal to']]"}
COMMAND: POST /session/c1c20cc70f6d9ef30ac844aa04f1cdf8/element/f.79CB9250C4973688A89FBF0EB0986102.d.CBBBAC0DF5A1DF8678C01227863BF3E0.e.7856/click - {}
RESULT: {}
COMMAND: GET /session/c1c20cc70f6d9ef30ac844aa04f1cdf8/screenshot - {}
RESULT: {}
RESULT: undefined
COMMAND: POST /session/c1c20cc70f6d9ef30ac844aa04f1cdf8/execute/async - {"script":"<script> [776 bytes]","args":[{"enterText":"1006","selector":{"controlType":"sap.m.Input","viewName":"etm.portal.ui.managepartners.view.Master","viewId":"application-managepartners-display-component---masterPtm","properties":{"valueState":"None"},"searchOpenDialogs":true,"interaction":{"idSuffix":"inner"}},"clearTextFirst":true,"interactionType":"ENTER_TEXT"}]}
RESULT: {"script":"<script> [776 bytes]","args":[{"enterText":"1006","selector":{"controlType":"sap.m.Input","viewName":"etm.portal.ui.managepartners.view.Master","viewId":"application-managepartners-display-component---masterPtm","properties":{"valueState":"None"},"searchOpenDialogs":true,"interaction":{"idSuffix":"inner"}},"clearTextFirst":true,"interactionType":"ENTER_TEXT"}]}
COMMAND: POST /session/c1c20cc70f6d9ef30ac844aa04f1cdf8/actions - {"actions":[{"id":"action22","type":"key","parameters":{},"actions":[{"type":"keyDown","value":"î€‡"},{"type":"pause","duration":10},{"type":"keyUp","value":"î€‡"}]}]}
RESULT: {"actions":[{"id":"action22","type":"key","parameters":{},"actions":[{"type":"keyDown","value":"î€‡"},{"type":"pause","duration":10},{"type":"keyUp","value":"î€‡"}]}]}
COMMAND: GET /session/c1c20cc70f6d9ef30ac844aa04f1cdf8/screenshot - {}
RESULT: {}
COMMAND: POST /session/c1c20cc70f6d9ef30ac844aa04f1cdf8/element - {"using":"xpath","value":"(//bdi[contains(text(), \"OK\")])[1]"}
RESULT: {"using":"xpath","value":"(//bdi[contains(text(), \"OK\")])[1]"}
COMMAND: POST /session/c1c20cc70f6d9ef30ac844aa04f1cdf8/element/f.79CB9250C4973688A89FBF0EB0986102.d.CBBBAC0DF5A1DF8678C01227863BF3E0.e.7857/click - {}
RESULT: {}
COMMAND: GET /session/c1c20cc70f6d9ef30ac844aa04f1cdf8/screenshot - {}
RESULT: {}
COMMAND: POST /session/c1c20cc70f6d9ef30ac844aa04f1cdf8/element - {"using":"xpath","value":"//span[@id=\"application-managepartners-display-component---masterPtm--smartTable-header-inner\"]"}
RESULT: {"using":"xpath","value":"//span[@id=\"application-managepartners-display-component---masterPtm--smartTable-header-inner\"]"}
COMMAND: POST /session/c1c20cc70f6d9ef30ac844aa04f1cdf8/elements - {"using":"xpath","value":"//span[@id=\"application-managepartners-display-component---masterPtm--smartTable-header-inner\"]"}
RESULT: {"using":"xpath","value":"//span[@id=\"application-managepartners-display-component---masterPtm--smartTable-header-inner\"]"}
COMMAND: POST /session/c1c20cc70f6d9ef30ac844aa04f1cdf8/execute/sync - {"script":"<script> [56 bytes]","args":[{"element-6066-11e4-a52e-4f735466cecf":"f.79CB9250C4973688A89FBF0EB0986102.d.CBBBAC0DF5A1DF8678C01227863BF3E0.e.7695","ELEMENT":"f.79CB9250C4973688A89FBF0EB0986102.d.CBBBAC0DF5A1DF8678C01227863BF3E0.e.7695"}]}
RESULT: {"script":"<script> [56 bytes]","args":[{"element-6066-11e4-a52e-4f735466cecf":"f.79CB9250C4973688A89FBF0EB0986102.d.CBBBAC0DF5A1DF8678C01227863BF3E0.e.7695","ELEMENT":"f.79CB9250C4973688A89FBF0EB0986102.d.CBBBAC0DF5A1DF8678C01227863BF3E0.e.7695"}]}
COMMAND: POST /session/c1c20cc70f6d9ef30ac844aa04f1cdf8/element - {"using":"xpath","value":"//span[contains(@title, \"Remove\")]"}
COMMAND: GET /session/c1c20cc70f6d9ef30ac844aa04f1cdf8/screenshot - {}
RESULT: {"using":"xpath","value":"//span[contains(@title, \"Remove\")]"}
COMMAND: POST /session/c1c20cc70f6d9ef30ac844aa04f1cdf8/element/f.79CB9250C4973688A89FBF0EB0986102.d.CBBBAC0DF5A1DF8678C01227863BF3E0.e.7861/click - {}
RESULT: {}
RESULT: {}
COMMAND: GET /session/c1c20cc70f6d9ef30ac844aa04f1cdf8/screenshot - {}
RESULT: {}
RESULT: undefined
COMMAND: POST /session/c1c20cc70f6d9ef30ac844aa04f1cdf8/element - {"using":"xpath","value":"//*[@id=\"application-managepartners-display-component---masterPtm--smartFilterBar-filterItemControl_BASIC-YARD-vhi\"]"}
RESULT: {"using":"xpath","value":"//*[@id=\"application-managepartners-display-component---masterPtm--smartFilterBar-filterItemControl_BASIC-YARD-vhi\"]"}
COMMAND: POST /session/c1c20cc70f6d9ef30ac844aa04f1cdf8/element/f.79CB9250C4973688A89FBF0EB0986102.d.CBBBAC0DF5A1DF8678C01227863BF3E0.e.7967/click - {}
RESULT: {}
COMMAND: GET /session/c1c20cc70f6d9ef30ac844aa04f1cdf8/screenshot - {}
RESULT: {}
RESULT: undefined
COMMAND: POST /session/c1c20cc70f6d9ef30ac844aa04f1cdf8/execute/async - {"script":"<script> [776 bytes]","args":[{"enterText":"Test","selector":{"id":"application-managepartners-display-component---masterPtm--smartFilterBar-filterItemControl_BASIC-YARD-valueHelpDialog-smartFilterBar-btnBasicSearch","searchOpenDialogs":true,"interaction":{"idSuffix":"I"}},"clearTextFirst":true,"interactionType":"ENTER_TEXT"}]}
RESULT: {"script":"<script> [776 bytes]","args":[{"enterText":"Test","selector":{"id":"application-managepartners-display-component---masterPtm--smartFilterBar-filterItemControl_BASIC-YARD-valueHelpDialog-smartFilterBar-btnBasicSearch","searchOpenDialogs":true,"interaction":{"idSuffix":"I"}},"clearTextFirst":true,"interactionType":"ENTER_TEXT"}]}
COMMAND: POST /session/c1c20cc70f6d9ef30ac844aa04f1cdf8/actions - {"actions":[{"id":"action23","type":"key","parameters":{},"actions":[{"type":"keyDown","value":"î€‡"},{"type":"pause","duration":10},{"type":"keyUp","value":"î€‡"}]}]}
RESULT: {"actions":[{"id":"action23","type":"key","parameters":{},"actions":[{"type":"keyDown","value":"î€‡"},{"type":"pause","duration":10},{"type":"keyUp","value":"î€‡"}]}]}
COMMAND: POST /session/c1c20cc70f6d9ef30ac844aa04f1cdf8/elements - {"using":"xpath","value":"//table[contains(@id, \"smartFilterBar-filterItemControl_BASIC-YARD-valueHelpDialog-table-table\")]/tbody/tr"}
COMMAND: GET /session/c1c20cc70f6d9ef30ac844aa04f1cdf8/screenshot - {}
RESULT: {"using":"xpath","value":"//table[contains(@id, \"smartFilterBar-filterItemControl_BASIC-YARD-valueHelpDialog-table-table\")]/tbody/tr"}
COMMAND: POST /session/c1c20cc70f6d9ef30ac844aa04f1cdf8/element - {"using":"xpath","value":"//table[contains(@id, \"smartFilterBar-filterItemControl_BASIC-YARD-valueHelpDialog-table-table\")]/tbody/tr[1]/td[1]/div/span"}
RESULT: {}
RESULT: {"using":"xpath","value":"//table[contains(@id, \"smartFilterBar-filterItemControl_BASIC-YARD-valueHelpDialog-table-table\")]/tbody/tr[1]/td[1]/div/span"}
COMMAND: POST /session/c1c20cc70f6d9ef30ac844aa04f1cdf8/elements - {"using":"xpath","value":"//table[contains(@id, \"smartFilterBar-filterItemControl_BASIC-YARD-valueHelpDialog-table-table\")]/tbody/tr[1]/td[1]/div/span"}
RESULT: {"using":"xpath","value":"//table[contains(@id, \"smartFilterBar-filterItemControl_BASIC-YARD-valueHelpDialog-table-table\")]/tbody/tr[1]/td[1]/div/span"}
COMMAND: POST /session/c1c20cc70f6d9ef30ac844aa04f1cdf8/execute/sync - {"script":"<script> [56 bytes]","args":[{"element-6066-11e4-a52e-4f735466cecf":"f.79CB9250C4973688A89FBF0EB0986102.d.CBBBAC0DF5A1DF8678C01227863BF3E0.e.7986","ELEMENT":"f.79CB9250C4973688A89FBF0EB0986102.d.CBBBAC0DF5A1DF8678C01227863BF3E0.e.7986"}]}
RESULT: {"script":"<script> [56 bytes]","args":[{"element-6066-11e4-a52e-4f735466cecf":"f.79CB9250C4973688A89FBF0EB0986102.d.CBBBAC0DF5A1DF8678C01227863BF3E0.e.7986","ELEMENT":"f.79CB9250C4973688A89FBF0EB0986102.d.CBBBAC0DF5A1DF8678C01227863BF3E0.e.7986"}]}
COMMAND: POST /session/c1c20cc70f6d9ef30ac844aa04f1cdf8/element - {"using":"xpath","value":"//table[contains(@id, \"smartFilterBar-filterItemControl_BASIC-YARD-valueHelpDialog-table-table\")]/tbody/tr[2]/td[1]/div/span"}
COMMAND: GET /session/c1c20cc70f6d9ef30ac844aa04f1cdf8/screenshot - {}
RESULT: {"using":"xpath","value":"//table[contains(@id, \"smartFilterBar-filterItemControl_BASIC-YARD-valueHelpDialog-table-table\")]/tbody/tr[2]/td[1]/div/span"}
COMMAND: POST /session/c1c20cc70f6d9ef30ac844aa04f1cdf8/elements - {"using":"xpath","value":"//table[contains(@id, \"smartFilterBar-filterItemControl_BASIC-YARD-valueHelpDialog-table-table\")]/tbody/tr[2]/td[1]/div/span"}
RESULT: {}
RESULT: {"using":"xpath","value":"//table[contains(@id, \"smartFilterBar-filterItemControl_BASIC-YARD-valueHelpDialog-table-table\")]/tbody/tr[2]/td[1]/div/span"}
COMMAND: POST /session/c1c20cc70f6d9ef30ac844aa04f1cdf8/execute/sync - {"script":"<script> [56 bytes]","args":[{"element-6066-11e4-a52e-4f735466cecf":"f.79CB9250C4973688A89FBF0EB0986102.d.CBBBAC0DF5A1DF8678C01227863BF3E0.e.7987","ELEMENT":"f.79CB9250C4973688A89FBF0EB0986102.d.CBBBAC0DF5A1DF8678C01227863BF3E0.e.7987"}]}
RESULT: {"script":"<script> [56 bytes]","args":[{"element-6066-11e4-a52e-4f735466cecf":"f.79CB9250C4973688A89FBF0EB0986102.d.CBBBAC0DF5A1DF8678C01227863BF3E0.e.7987","ELEMENT":"f.79CB9250C4973688A89FBF0EB0986102.d.CBBBAC0DF5A1DF8678C01227863BF3E0.e.7987"}]}
COMMAND: POST /session/c1c20cc70f6d9ef30ac844aa04f1cdf8/element - {"using":"xpath","value":"//table[contains(@id, \"smartFilterBar-filterItemControl_BASIC-YARD-valueHelpDialog-table-table\")]/tbody/tr[3]/td[1]/div/span"}
COMMAND: GET /session/c1c20cc70f6d9ef30ac844aa04f1cdf8/screenshot - {}
RESULT: {"using":"xpath","value":"//table[contains(@id, \"smartFilterBar-filterItemControl_BASIC-YARD-valueHelpDialog-table-table\")]/tbody/tr[3]/td[1]/div/span"}
COMMAND: POST /session/c1c20cc70f6d9ef30ac844aa04f1cdf8/elements - {"using":"xpath","value":"//table[contains(@id, \"smartFilterBar-filterItemControl_BASIC-YARD-valueHelpDialog-table-table\")]/tbody/tr[3]/td[1]/div/span"}
RESULT: {}
RESULT: {"using":"xpath","value":"//table[contains(@id, \"smartFilterBar-filterItemControl_BASIC-YARD-valueHelpDialog-table-table\")]/tbody/tr[3]/td[1]/div/span"}
COMMAND: POST /session/c1c20cc70f6d9ef30ac844aa04f1cdf8/execute/sync - {"script":"<script> [56 bytes]","args":[{"element-6066-11e4-a52e-4f735466cecf":"f.79CB9250C4973688A89FBF0EB0986102.d.CBBBAC0DF5A1DF8678C01227863BF3E0.e.7988","ELEMENT":"f.79CB9250C4973688A89FBF0EB0986102.d.CBBBAC0DF5A1DF8678C01227863BF3E0.e.7988"}]}
RESULT: {"script":"<script> [56 bytes]","args":[{"element-6066-11e4-a52e-4f735466cecf":"f.79CB9250C4973688A89FBF0EB0986102.d.CBBBAC0DF5A1DF8678C01227863BF3E0.e.7988","ELEMENT":"f.79CB9250C4973688A89FBF0EB0986102.d.CBBBAC0DF5A1DF8678C01227863BF3E0.e.7988"}]}
COMMAND: POST /session/c1c20cc70f6d9ef30ac844aa04f1cdf8/element - {"using":"xpath","value":"//div[contains(@id, \"filterItemControl_BASIC-YARD-valueHelpDialog-table-rowsel2\")]"}
COMMAND: GET /session/c1c20cc70f6d9ef30ac844aa04f1cdf8/screenshot - {}
RESULT: {"using":"xpath","value":"//div[contains(@id, \"filterItemControl_BASIC-YARD-valueHelpDialog-table-rowsel2\")]"}
COMMAND: POST /session/c1c20cc70f6d9ef30ac844aa04f1cdf8/element/f.79CB9250C4973688A89FBF0EB0986102.d.CBBBAC0DF5A1DF8678C01227863BF3E0.e.7989/click - {}
RESULT: {}
RESULT: {}
COMMAND: GET /session/c1c20cc70f6d9ef30ac844aa04f1cdf8/screenshot - {}
RESULT: {}
COMMAND: POST /session/c1c20cc70f6d9ef30ac844aa04f1cdf8/element - {"using":"xpath","value":"(//bdi[contains(text(), \"OK\")])[1]"}
RESULT: {"using":"xpath","value":"(//bdi[contains(text(), \"OK\")])[1]"}
COMMAND: POST /session/c1c20cc70f6d9ef30ac844aa04f1cdf8/element/f.79CB9250C4973688A89FBF0EB0986102.d.CBBBAC0DF5A1DF8678C01227863BF3E0.e.7991/click - {}
RESULT: {}
COMMAND: GET /session/c1c20cc70f6d9ef30ac844aa04f1cdf8/screenshot - {}
RESULT: {}
COMMAND: POST /session/c1c20cc70f6d9ef30ac844aa04f1cdf8/element - {"using":"xpath","value":"//span[@id=\"application-managepartners-display-component---masterPtm--smartTable-header-inner\"]"}
RESULT: {"using":"xpath","value":"//span[@id=\"application-managepartners-display-component---masterPtm--smartTable-header-inner\"]"}
COMMAND: POST /session/c1c20cc70f6d9ef30ac844aa04f1cdf8/elements - {"using":"xpath","value":"//span[@id=\"application-managepartners-display-component---masterPtm--smartTable-header-inner\"]"}
RESULT: {"using":"xpath","value":"//span[@id=\"application-managepartners-display-component---masterPtm--smartTable-header-inner\"]"}
COMMAND: POST /session/c1c20cc70f6d9ef30ac844aa04f1cdf8/execute/sync - {"script":"<script> [56 bytes]","args":[{"element-6066-11e4-a52e-4f735466cecf":"f.79CB9250C4973688A89FBF0EB0986102.d.CBBBAC0DF5A1DF8678C01227863BF3E0.e.7695","ELEMENT":"f.79CB9250C4973688A89FBF0EB0986102.d.CBBBAC0DF5A1DF8678C01227863BF3E0.e.7695"}]}
RESULT: {"script":"<script> [56 bytes]","args":[{"element-6066-11e4-a52e-4f735466cecf":"f.79CB9250C4973688A89FBF0EB0986102.d.CBBBAC0DF5A1DF8678C01227863BF3E0.e.7695","ELEMENT":"f.79CB9250C4973688A89FBF0EB0986102.d.CBBBAC0DF5A1DF8678C01227863BF3E0.e.7695"}]}
COMMAND: POST /session/c1c20cc70f6d9ef30ac844aa04f1cdf8/element - {"using":"xpath","value":"//span[contains(@title, \"Remove\")]"}
COMMAND: GET /session/c1c20cc70f6d9ef30ac844aa04f1cdf8/screenshot - {}
RESULT: {"using":"xpath","value":"//span[contains(@title, \"Remove\")]"}
COMMAND: POST /session/c1c20cc70f6d9ef30ac844aa04f1cdf8/element/f.79CB9250C4973688A89FBF0EB0986102.d.CBBBAC0DF5A1DF8678C01227863BF3E0.e.8003/click - {}
RESULT: {}
RESULT: {}
COMMAND: GET /session/c1c20cc70f6d9ef30ac844aa04f1cdf8/screenshot - {}
RESULT: undefined
COMMAND: POST /session/c1c20cc70f6d9ef30ac844aa04f1cdf8/element - {"using":"xpath","value":"//*[@id=\"application-managepartners-display-component---masterPtm--smartFilterBar-filterItemControl_BASIC-MAIN_ADDRESS-vhi\"]"}
RESULT: {}
RESULT: {"using":"xpath","value":"//*[@id=\"application-managepartners-display-component---masterPtm--smartFilterBar-filterItemControl_BASIC-MAIN_ADDRESS-vhi\"]"}
COMMAND: POST /session/c1c20cc70f6d9ef30ac844aa04f1cdf8/element/f.79CB9250C4973688A89FBF0EB0986102.d.CBBBAC0DF5A1DF8678C01227863BF3E0.e.8107/click - {}
RESULT: {}
COMMAND: GET /session/c1c20cc70f6d9ef30ac844aa04f1cdf8/screenshot - {}
RESULT: {}
RESULT: undefined
COMMAND: POST /session/c1c20cc70f6d9ef30ac844aa04f1cdf8/execute/async - {"script":"<script> [776 bytes]","args":[{"enterText":"Romania","selector":{"id":"application-managepartners-display-component---masterPtm--smartFilterBar-filterItemControl_BASIC-MAIN_ADDRESS-valueHelpDialog-smartFilterBar-btnBasicSearch","searchOpenDialogs":true,"interaction":{"idSuffix":"I"}},"clearTextFirst":true,"interactionType":"ENTER_TEXT"}]}
RESULT: {"script":"<script> [776 bytes]","args":[{"enterText":"Romania","selector":{"id":"application-managepartners-display-component---masterPtm--smartFilterBar-filterItemControl_BASIC-MAIN_ADDRESS-valueHelpDialog-smartFilterBar-btnBasicSearch","searchOpenDialogs":true,"interaction":{"idSuffix":"I"}},"clearTextFirst":true,"interactionType":"ENTER_TEXT"}]}
COMMAND: POST /session/c1c20cc70f6d9ef30ac844aa04f1cdf8/actions - {"actions":[{"id":"action24","type":"key","parameters":{},"actions":[{"type":"keyDown","value":"î€‡"},{"type":"pause","duration":10},{"type":"keyUp","value":"î€‡"}]}]}
RESULT: {"actions":[{"id":"action24","type":"key","parameters":{},"actions":[{"type":"keyDown","value":"î€‡"},{"type":"pause","duration":10},{"type":"keyUp","value":"î€‡"}]}]}
COMMAND: POST /session/c1c20cc70f6d9ef30ac844aa04f1cdf8/elements - {"using":"xpath","value":"//table[contains(@id, \"smartFilterBar-filterItemControl_BASIC-MAIN_ADDRESS-valueHelpDialog-table-table\")]/tbody/tr"}
COMMAND: GET /session/c1c20cc70f6d9ef30ac844aa04f1cdf8/screenshot - {}
RESULT: {"using":"xpath","value":"//table[contains(@id, \"smartFilterBar-filterItemControl_BASIC-MAIN_ADDRESS-valueHelpDialog-table-table\")]/tbody/tr"}
COMMAND: POST /session/c1c20cc70f6d9ef30ac844aa04f1cdf8/element - {"using":"xpath","value":"//table[contains(@id, \"smartFilterBar-filterItemControl_BASIC-MAIN_ADDRESS-valueHelpDialog-table-table\")]/tbody/tr[1]/td[1]/div/span"}
RESULT: {}
RESULT: {"using":"xpath","value":"//table[contains(@id, \"smartFilterBar-filterItemControl_BASIC-MAIN_ADDRESS-valueHelpDialog-table-table\")]/tbody/tr[1]/td[1]/div/span"}
COMMAND: POST /session/c1c20cc70f6d9ef30ac844aa04f1cdf8/elements - {"using":"xpath","value":"//table[contains(@id, \"smartFilterBar-filterItemControl_BASIC-MAIN_ADDRESS-valueHelpDialog-table-table\")]/tbody/tr[1]/td[1]/div/span"}
RESULT: {"using":"xpath","value":"//table[contains(@id, \"smartFilterBar-filterItemControl_BASIC-MAIN_ADDRESS-valueHelpDialog-table-table\")]/tbody/tr[1]/td[1]/div/span"}
COMMAND: POST /session/c1c20cc70f6d9ef30ac844aa04f1cdf8/execute/sync - {"script":"<script> [56 bytes]","args":[{"element-6066-11e4-a52e-4f735466cecf":"f.79CB9250C4973688A89FBF0EB0986102.d.CBBBAC0DF5A1DF8678C01227863BF3E0.e.8126","ELEMENT":"f.79CB9250C4973688A89FBF0EB0986102.d.CBBBAC0DF5A1DF8678C01227863BF3E0.e.8126"}]}
RESULT: {"script":"<script> [56 bytes]","args":[{"element-6066-11e4-a52e-4f735466cecf":"f.79CB9250C4973688A89FBF0EB0986102.d.CBBBAC0DF5A1DF8678C01227863BF3E0.e.8126","ELEMENT":"f.79CB9250C4973688A89FBF0EB0986102.d.CBBBAC0DF5A1DF8678C01227863BF3E0.e.8126"}]}
COMMAND: POST /session/c1c20cc70f6d9ef30ac844aa04f1cdf8/element - {"using":"xpath","value":"//div[contains(@id, \"filterItemControl_BASIC-MAIN_ADDRESS-valueHelpDialog-table-rowsel0\")]"}
COMMAND: GET /session/c1c20cc70f6d9ef30ac844aa04f1cdf8/screenshot - {}
RESULT: {"using":"xpath","value":"//div[contains(@id, \"filterItemControl_BASIC-MAIN_ADDRESS-valueHelpDialog-table-rowsel0\")]"}
COMMAND: POST /session/c1c20cc70f6d9ef30ac844aa04f1cdf8/element/f.79CB9250C4973688A89FBF0EB0986102.d.CBBBAC0DF5A1DF8678C01227863BF3E0.e.8127/click - {}
RESULT: {}
RESULT: {}
COMMAND: GET /session/c1c20cc70f6d9ef30ac844aa04f1cdf8/screenshot - {}
RESULT: {}
COMMAND: POST /session/c1c20cc70f6d9ef30ac844aa04f1cdf8/element - {"using":"xpath","value":"(//bdi[contains(text(), \"OK\")])[1]"}
RESULT: {"using":"xpath","value":"(//bdi[contains(text(), \"OK\")])[1]"}
COMMAND: POST /session/c1c20cc70f6d9ef30ac844aa04f1cdf8/element/f.79CB9250C4973688A89FBF0EB0986102.d.CBBBAC0DF5A1DF8678C01227863BF3E0.e.8129/click - {}
RESULT: {}
COMMAND: GET /session/c1c20cc70f6d9ef30ac844aa04f1cdf8/screenshot - {}
RESULT: {}
COMMAND: POST /session/c1c20cc70f6d9ef30ac844aa04f1cdf8/element - {"using":"xpath","value":"//span[@id=\"application-managepartners-display-component---masterPtm--smartTable-header-inner\"]"}
RESULT: {"using":"xpath","value":"//span[@id=\"application-managepartners-display-component---masterPtm--smartTable-header-inner\"]"}
COMMAND: POST /session/c1c20cc70f6d9ef30ac844aa04f1cdf8/elements - {"using":"xpath","value":"//span[@id=\"application-managepartners-display-component---masterPtm--smartTable-header-inner\"]"}
RESULT: {"using":"xpath","value":"//span[@id=\"application-managepartners-display-component---masterPtm--smartTable-header-inner\"]"}
COMMAND: POST /session/c1c20cc70f6d9ef30ac844aa04f1cdf8/execute/sync - {"script":"<script> [56 bytes]","args":[{"element-6066-11e4-a52e-4f735466cecf":"f.79CB9250C4973688A89FBF0EB0986102.d.CBBBAC0DF5A1DF8678C01227863BF3E0.e.7695","ELEMENT":"f.79CB9250C4973688A89FBF0EB0986102.d.CBBBAC0DF5A1DF8678C01227863BF3E0.e.7695"}]}
RESULT: {"script":"<script> [56 bytes]","args":[{"element-6066-11e4-a52e-4f735466cecf":"f.79CB9250C4973688A89FBF0EB0986102.d.CBBBAC0DF5A1DF8678C01227863BF3E0.e.7695","ELEMENT":"f.79CB9250C4973688A89FBF0EB0986102.d.CBBBAC0DF5A1DF8678C01227863BF3E0.e.7695"}]}
COMMAND: POST /session/c1c20cc70f6d9ef30ac844aa04f1cdf8/element - {"using":"xpath","value":"//span[contains(@title, \"Remove\")]"}
COMMAND: GET /session/c1c20cc70f6d9ef30ac844aa04f1cdf8/screenshot - {}
RESULT: {"using":"xpath","value":"//span[contains(@title, \"Remove\")]"}
COMMAND: POST /session/c1c20cc70f6d9ef30ac844aa04f1cdf8/element/f.79CB9250C4973688A89FBF0EB0986102.d.CBBBAC0DF5A1DF8678C01227863BF3E0.e.8142/click - {}
RESULT: {}
RESULT: {}
COMMAND: GET /session/c1c20cc70f6d9ef30ac844aa04f1cdf8/screenshot - {}
COMMAND: POST /session/c1c20cc70f6d9ef30ac844aa04f1cdf8/execute/async - {"script":"<script> [1562 bytes]","args":[{"selector":{"id":"application-managepartners-display-component---masterPtm--catalogs-arrow"},"wdio_ui5_key":"applicationmanagepartners-display-component---masterPtm--catalogs-arrow"}]}
RESULT: {}
RESULT: {"script":"<script> [1562 bytes]","args":[{"selector":{"id":"application-managepartners-display-component---masterPtm--catalogs-arrow"},"wdio_ui5_key":"applicationmanagepartners-display-component---masterPtm--catalogs-arrow"}]}
RESULT: undefined
COMMAND: POST /session/c1c20cc70f6d9ef30ac844aa04f1cdf8/element - {"using":"xpath","value":"//*[@id=\"application-managepartners-display-component---masterPtm--catalogs-arrow\"]"}
RESULT: {"using":"xpath","value":"//*[@id=\"application-managepartners-display-component---masterPtm--catalogs-arrow\"]"}
COMMAND: POST /session/c1c20cc70f6d9ef30ac844aa04f1cdf8/element/f.79CB9250C4973688A89FBF0EB0986102.d.CBBBAC0DF5A1DF8678C01227863BF3E0.e.8247/click - {}
RESULT: {}
COMMAND: GET /session/c1c20cc70f6d9ef30ac844aa04f1cdf8/screenshot - {}
RESULT: {}
COMMAND: POST /session/c1c20cc70f6d9ef30ac844aa04f1cdf8/element - {"using":"xpath","value":"//li[.//span[text()=\"Webshop Catalog\"]]//div[contains(@class,\"sapMCbBg\")]"}
RESULT: {"using":"xpath","value":"//li[.//span[text()=\"Webshop Catalog\"]]//div[contains(@class,\"sapMCbBg\")]"}
COMMAND: POST /session/c1c20cc70f6d9ef30ac844aa04f1cdf8/element/f.79CB9250C4973688A89FBF0EB0986102.d.CBBBAC0DF5A1DF8678C01227863BF3E0.e.8261/click - {}
RESULT: {}
COMMAND: GET /session/c1c20cc70f6d9ef30ac844aa04f1cdf8/screenshot - {}
RESULT: {}
RESULT: undefined
COMMAND: POST /session/c1c20cc70f6d9ef30ac844aa04f1cdf8/element - {"using":"xpath","value":"//*[@id=\"application-managepartners-display-component---masterPtm--catalogs-arrow\"]"}
RESULT: {"using":"xpath","value":"//*[@id=\"application-managepartners-display-component---masterPtm--catalogs-arrow\"]"}
COMMAND: POST /session/c1c20cc70f6d9ef30ac844aa04f1cdf8/element/f.79CB9250C4973688A89FBF0EB0986102.d.CBBBAC0DF5A1DF8678C01227863BF3E0.e.8247/click - {}
RESULT: {}
COMMAND: POST /session/c1c20cc70f6d9ef30ac844aa04f1cdf8/element - {"using":"xpath","value":"//span[@id=\"application-managepartners-display-component---masterPtm--smartTable-header-inner\"]"}
COMMAND: GET /session/c1c20cc70f6d9ef30ac844aa04f1cdf8/screenshot - {}
RESULT: {"using":"xpath","value":"//span[@id=\"application-managepartners-display-component---masterPtm--smartTable-header-inner\"]"}
COMMAND: POST /session/c1c20cc70f6d9ef30ac844aa04f1cdf8/elements - {"using":"xpath","value":"//span[@id=\"application-managepartners-display-component---masterPtm--smartTable-header-inner\"]"}
RESULT: {}
RESULT: {"using":"xpath","value":"//span[@id=\"application-managepartners-display-component---masterPtm--smartTable-header-inner\"]"}
COMMAND: POST /session/c1c20cc70f6d9ef30ac844aa04f1cdf8/execute/sync - {"script":"<script> [56 bytes]","args":[{"element-6066-11e4-a52e-4f735466cecf":"f.79CB9250C4973688A89FBF0EB0986102.d.CBBBAC0DF5A1DF8678C01227863BF3E0.e.7695","ELEMENT":"f.79CB9250C4973688A89FBF0EB0986102.d.CBBBAC0DF5A1DF8678C01227863BF3E0.e.7695"}]}
RESULT: {"script":"<script> [56 bytes]","args":[{"element-6066-11e4-a52e-4f735466cecf":"f.79CB9250C4973688A89FBF0EB0986102.d.CBBBAC0DF5A1DF8678C01227863BF3E0.e.7695","ELEMENT":"f.79CB9250C4973688A89FBF0EB0986102.d.CBBBAC0DF5A1DF8678C01227863BF3E0.e.7695"}]}
COMMAND: POST /session/c1c20cc70f6d9ef30ac844aa04f1cdf8/element - {"using":"xpath","value":"//span[contains(@title, \"Remove\")]"}
COMMAND: GET /session/c1c20cc70f6d9ef30ac844aa04f1cdf8/screenshot - {}
RESULT: {"using":"xpath","value":"//span[contains(@title, \"Remove\")]"}
COMMAND: POST /session/c1c20cc70f6d9ef30ac844aa04f1cdf8/element/f.79CB9250C4973688A89FBF0EB0986102.d.CBBBAC0DF5A1DF8678C01227863BF3E0.e.8275/click - {}
RESULT: {}
RESULT: {}
COMMAND: GET /session/c1c20cc70f6d9ef30ac844aa04f1cdf8/screenshot - {}
RESULT: {}
COMMAND: POST /session/c1c20cc70f6d9ef30ac844aa04f1cdf8/execute/async - {"script":"<script> [1562 bytes]","args":[{"selector":{"id":"application-managepartners-display-component---masterPtm--currencies-arrow"},"wdio_ui5_key":"applicationmanagepartners-display-component---masterPtm--currencies-arrow"}]}
RESULT: {"script":"<script> [1562 bytes]","args":[{"selector":{"id":"application-managepartners-display-component---masterPtm--currencies-arrow"},"wdio_ui5_key":"applicationmanagepartners-display-component---masterPtm--currencies-arrow"}]}
RESULT: undefined
COMMAND: POST /session/c1c20cc70f6d9ef30ac844aa04f1cdf8/element - {"using":"xpath","value":"//*[@id=\"application-managepartners-display-component---masterPtm--currencies-arrow\"]"}
RESULT: {"using":"xpath","value":"//*[@id=\"application-managepartners-display-component---masterPtm--currencies-arrow\"]"}
COMMAND: POST /session/c1c20cc70f6d9ef30ac844aa04f1cdf8/element/f.79CB9250C4973688A89FBF0EB0986102.d.CBBBAC0DF5A1DF8678C01227863BF3E0.e.8392/click - {}
RESULT: {}
COMMAND: GET /session/c1c20cc70f6d9ef30ac844aa04f1cdf8/screenshot - {}
RESULT: {}
COMMAND: POST /session/c1c20cc70f6d9ef30ac844aa04f1cdf8/element - {"using":"xpath","value":"//li[.//span[text()=\"US Dollar\"]]//div[contains(@class,\"sapMCbBg\")]"}
RESULT: {"using":"xpath","value":"//li[.//span[text()=\"US Dollar\"]]//div[contains(@class,\"sapMCbBg\")]"}
COMMAND: POST /session/c1c20cc70f6d9ef30ac844aa04f1cdf8/element/f.79CB9250C4973688A89FBF0EB0986102.d.CBBBAC0DF5A1DF8678C01227863BF3E0.e.8395/click - {}
RESULT: {}
COMMAND: GET /session/c1c20cc70f6d9ef30ac844aa04f1cdf8/screenshot - {}
RESULT: {}
RESULT: undefined
COMMAND: POST /session/c1c20cc70f6d9ef30ac844aa04f1cdf8/element - {"using":"xpath","value":"//*[@id=\"application-managepartners-display-component---masterPtm--currencies-arrow\"]"}
RESULT: {"using":"xpath","value":"//*[@id=\"application-managepartners-display-component---masterPtm--currencies-arrow\"]"}
COMMAND: POST /session/c1c20cc70f6d9ef30ac844aa04f1cdf8/element/f.79CB9250C4973688A89FBF0EB0986102.d.CBBBAC0DF5A1DF8678C01227863BF3E0.e.8392/click - {}
RESULT: {}
COMMAND: POST /session/c1c20cc70f6d9ef30ac844aa04f1cdf8/element - {"using":"xpath","value":"//span[@id=\"application-managepartners-display-component---masterPtm--smartTable-header-inner\"]"}
COMMAND: GET /session/c1c20cc70f6d9ef30ac844aa04f1cdf8/screenshot - {}
RESULT: {"using":"xpath","value":"//span[@id=\"application-managepartners-display-component---masterPtm--smartTable-header-inner\"]"}
COMMAND: POST /session/c1c20cc70f6d9ef30ac844aa04f1cdf8/elements - {"using":"xpath","value":"//span[@id=\"application-managepartners-display-component---masterPtm--smartTable-header-inner\"]"}
RESULT: {}
RESULT: {"using":"xpath","value":"//span[@id=\"application-managepartners-display-component---masterPtm--smartTable-header-inner\"]"}
COMMAND: POST /session/c1c20cc70f6d9ef30ac844aa04f1cdf8/execute/sync - {"script":"<script> [56 bytes]","args":[{"element-6066-11e4-a52e-4f735466cecf":"f.79CB9250C4973688A89FBF0EB0986102.d.CBBBAC0DF5A1DF8678C01227863BF3E0.e.7695","ELEMENT":"f.79CB9250C4973688A89FBF0EB0986102.d.CBBBAC0DF5A1DF8678C01227863BF3E0.e.7695"}]}
RESULT: {"script":"<script> [56 bytes]","args":[{"element-6066-11e4-a52e-4f735466cecf":"f.79CB9250C4973688A89FBF0EB0986102.d.CBBBAC0DF5A1DF8678C01227863BF3E0.e.7695","ELEMENT":"f.79CB9250C4973688A89FBF0EB0986102.d.CBBBAC0DF5A1DF8678C01227863BF3E0.e.7695"}]}
COMMAND: POST /session/c1c20cc70f6d9ef30ac844aa04f1cdf8/element - {"using":"xpath","value":"//span[contains(@title, \"Remove\")]"}
COMMAND: GET /session/c1c20cc70f6d9ef30ac844aa04f1cdf8/screenshot - {}
RESULT: {"using":"xpath","value":"//span[contains(@title, \"Remove\")]"}
COMMAND: POST /session/c1c20cc70f6d9ef30ac844aa04f1cdf8/element/f.79CB9250C4973688A89FBF0EB0986102.d.CBBBAC0DF5A1DF8678C01227863BF3E0.e.8548/click - {}
RESULT: {}
RESULT: {}
COMMAND: GET /session/c1c20cc70f6d9ef30ac844aa04f1cdf8/screenshot - {}
RESULT: {}
COMMAND: POST /session/c1c20cc70f6d9ef30ac844aa04f1cdf8/execute/async - {"script":"<script> [1562 bytes]","args":[{"selector":{"id":"application-managepartners-display-component---masterPtm--languages-arrow"},"wdio_ui5_key":"applicationmanagepartners-display-component---masterPtm--languages-arrow"}]}
RESULT: {"script":"<script> [1562 bytes]","args":[{"selector":{"id":"application-managepartners-display-component---masterPtm--languages-arrow"},"wdio_ui5_key":"applicationmanagepartners-display-component---masterPtm--languages-arrow"}]}
RESULT: undefined
COMMAND: POST /session/c1c20cc70f6d9ef30ac844aa04f1cdf8/element - {"using":"xpath","value":"//*[@id=\"application-managepartners-display-component---masterPtm--languages-arrow\"]"}
RESULT: {"using":"xpath","value":"//*[@id=\"application-managepartners-display-component---masterPtm--languages-arrow\"]"}
COMMAND: POST /session/c1c20cc70f6d9ef30ac844aa04f1cdf8/element/f.79CB9250C4973688A89FBF0EB0986102.d.CBBBAC0DF5A1DF8678C01227863BF3E0.e.8623/click - {}
RESULT: {}
COMMAND: GET /session/c1c20cc70f6d9ef30ac844aa04f1cdf8/screenshot - {}
RESULT: {}
COMMAND: POST /session/c1c20cc70f6d9ef30ac844aa04f1cdf8/element - {"using":"xpath","value":"//li[.//span[text()=\"German\"]]//div[contains(@class,\"sapMCbBg\")]"}
RESULT: {"using":"xpath","value":"//li[.//span[text()=\"German\"]]//div[contains(@class,\"sapMCbBg\")]"}
COMMAND: POST /session/c1c20cc70f6d9ef30ac844aa04f1cdf8/element/f.79CB9250C4973688A89FBF0EB0986102.d.CBBBAC0DF5A1DF8678C01227863BF3E0.e.8667/click - {}
RESULT: {}
COMMAND: GET /session/c1c20cc70f6d9ef30ac844aa04f1cdf8/screenshot - {}
RESULT: {}
RESULT: undefined
COMMAND: POST /session/c1c20cc70f6d9ef30ac844aa04f1cdf8/element - {"using":"xpath","value":"//*[@id=\"application-managepartners-display-component---masterPtm--languages-arrow\"]"}
RESULT: {"using":"xpath","value":"//*[@id=\"application-managepartners-display-component---masterPtm--languages-arrow\"]"}
COMMAND: POST /session/c1c20cc70f6d9ef30ac844aa04f1cdf8/element/f.79CB9250C4973688A89FBF0EB0986102.d.CBBBAC0DF5A1DF8678C01227863BF3E0.e.8623/click - {}
RESULT: {}
COMMAND: POST /session/c1c20cc70f6d9ef30ac844aa04f1cdf8/element - {"using":"xpath","value":"//span[@id=\"application-managepartners-display-component---masterPtm--smartTable-header-inner\"]"}
COMMAND: GET /session/c1c20cc70f6d9ef30ac844aa04f1cdf8/screenshot - {}
RESULT: {"using":"xpath","value":"//span[@id=\"application-managepartners-display-component---masterPtm--smartTable-header-inner\"]"}
COMMAND: POST /session/c1c20cc70f6d9ef30ac844aa04f1cdf8/elements - {"using":"xpath","value":"//span[@id=\"application-managepartners-display-component---masterPtm--smartTable-header-inner\"]"}
RESULT: {}
RESULT: {"using":"xpath","value":"//span[@id=\"application-managepartners-display-component---masterPtm--smartTable-header-inner\"]"}
COMMAND: POST /session/c1c20cc70f6d9ef30ac844aa04f1cdf8/execute/sync - {"script":"<script> [56 bytes]","args":[{"element-6066-11e4-a52e-4f735466cecf":"f.79CB9250C4973688A89FBF0EB0986102.d.CBBBAC0DF5A1DF8678C01227863BF3E0.e.7695","ELEMENT":"f.79CB9250C4973688A89FBF0EB0986102.d.CBBBAC0DF5A1DF8678C01227863BF3E0.e.7695"}]}
RESULT: {"script":"<script> [56 bytes]","args":[{"element-6066-11e4-a52e-4f735466cecf":"f.79CB9250C4973688A89FBF0EB0986102.d.CBBBAC0DF5A1DF8678C01227863BF3E0.e.7695","ELEMENT":"f.79CB9250C4973688A89FBF0EB0986102.d.CBBBAC0DF5A1DF8678C01227863BF3E0.e.7695"}]}
COMMAND: POST /session/c1c20cc70f6d9ef30ac844aa04f1cdf8/element - {"using":"css selector","value":"#shell-header-logo"}
COMMAND: GET /session/c1c20cc70f6d9ef30ac844aa04f1cdf8/screenshot - {}
RESULT: {"using":"css selector","value":"#shell-header-logo"}
COMMAND: POST /session/c1c20cc70f6d9ef30ac844aa04f1cdf8/element/f.79CB9250C4973688A89FBF0EB0986102.d.CBBBAC0DF5A1DF8678C01227863BF3E0.e.7526/click - {}
RESULT: {}
RESULT: {}
COMMAND: GET /session/c1c20cc70f6d9ef30ac844aa04f1cdf8/screenshot - {}
RESULT: {}
COMMAND: POST /session/c1c20cc70f6d9ef30ac844aa04f1cdf8/element - {"using":"css selector","value":"#j_username"}
COMMAND: POST /session/c1c20cc70f6d9ef30ac844aa04f1cdf8/url - {"url":"https://qa-testing-00-live-etm-ui.cfapps.eu10-004.hana.ondemand.com/"}
RESULT: {"using":"css selector","value":"#j_username"}
COMMAND: POST /session/c1c20cc70f6d9ef30ac844aa04f1cdf8/element - {"using":"css selector","value":"#j_username"}
RESULT: {"url":"https://qa-testing-00-live-etm-ui.cfapps.eu10-004.hana.ondemand.com/"}
RESULT: undefined
COMMAND: GET /session/c1c20cc70f6d9ef30ac844aa04f1cdf8/screenshot - {}
RESULT: {"using":"css selector","value":"#j_username"}
COMMAND: POST /session/c1c20cc70f6d9ef30ac844aa04f1cdf8/element - {"using":"css selector","value":"#shell-header-logo"}
RESULT: {}
RESULT: {"using":"css selector","value":"#shell-header-logo"}
COMMAND: POST /session/c1c20cc70f6d9ef30ac844aa04f1cdf8/execute/sync - {"script":"<script> [8489 bytes]","args":[{"element-6066-11e4-a52e-4f735466cecf":"f.79CB9250C4973688A89FBF0EB0986102.d.26FE506E92784E27D72F2208AA334AE1.e.8746","ELEMENT":"f.79CB9250C4973688A89FBF0EB0986102.d.26FE506E92784E27D72F2208AA334AE1.e.8746"}]}
RESULT: {"script":"<script> [8489 bytes]","args":[{"element-6066-11e4-a52e-4f735466cecf":"f.79CB9250C4973688A89FBF0EB0986102.d.26FE506E92784E27D72F2208AA334AE1.e.8746","ELEMENT":"f.79CB9250C4973688A89FBF0EB0986102.d.26FE506E92784E27D72F2208AA334AE1.e.8746"}]}
COMMAND: POST /session/c1c20cc70f6d9ef30ac844aa04f1cdf8/element - {"using":"css selector","value":"#shell-header-logo"}
COMMAND: GET /session/c1c20cc70f6d9ef30ac844aa04f1cdf8/screenshot - {}
RESULT: {"using":"css selector","value":"#shell-header-logo"}
COMMAND: POST /session/c1c20cc70f6d9ef30ac844aa04f1cdf8/execute/sync - {"script":"<script> [8489 bytes]","args":[{"element-6066-11e4-a52e-4f735466cecf":"f.79CB9250C4973688A89FBF0EB0986102.d.26FE506E92784E27D72F2208AA334AE1.e.8746","ELEMENT":"f.79CB9250C4973688A89FBF0EB0986102.d.26FE506E92784E27D72F2208AA334AE1.e.8746"}]}
RESULT: {}
RESULT: {"script":"<script> [8489 bytes]","args":[{"element-6066-11e4-a52e-4f735466cecf":"f.79CB9250C4973688A89FBF0EB0986102.d.26FE506E92784E27D72F2208AA334AE1.e.8746","ELEMENT":"f.79CB9250C4973688A89FBF0EB0986102.d.26FE506E92784E27D72F2208AA334AE1.e.8746"}]}
COMMAND: POST /session/c1c20cc70f6d9ef30ac844aa04f1cdf8/execute/sync - {"script":"<script> [5351 bytes]","args":[{"element-6066-11e4-a52e-4f735466cecf":"f.79CB9250C4973688A89FBF0EB0986102.d.26FE506E92784E27D72F2208AA334AE1.e.8746","ELEMENT":"f.79CB9250C4973688A89FBF0EB0986102.d.26FE506E92784E27D72F2208AA334AE1.e.8746"}]}
COMMAND: GET /session/c1c20cc70f6d9ef30ac844aa04f1cdf8/screenshot - {}
RESULT: {"script":"<script> [5351 bytes]","args":[{"element-6066-11e4-a52e-4f735466cecf":"f.79CB9250C4973688A89FBF0EB0986102.d.26FE506E92784E27D72F2208AA334AE1.e.8746","ELEMENT":"f.79CB9250C4973688A89FBF0EB0986102.d.26FE506E92784E27D72F2208AA334AE1.e.8746"}]}
COMMAND: POST /session/c1c20cc70f6d9ef30ac844aa04f1cdf8/element - {"using":"css selector","value":"#shell-header-logo"}
COMMAND: GET /session/c1c20cc70f6d9ef30ac844aa04f1cdf8/screenshot - {}
RESULT: {}
RESULT: {"using":"css selector","value":"#shell-header-logo"}
COMMAND: POST /session/c1c20cc70f6d9ef30ac844aa04f1cdf8/element/f.79CB9250C4973688A89FBF0EB0986102.d.26FE506E92784E27D72F2208AA334AE1.e.8746/click - {}
RESULT: {}
RESULT: {}
COMMAND: GET /session/c1c20cc70f6d9ef30ac844aa04f1cdf8/screenshot - {}
RESULT: {}
COMMAND: POST /session/c1c20cc70f6d9ef30ac844aa04f1cdf8/execute/async - {"script":"<script> [189 bytes]","args":[]}
RESULT: {"script":"<script> [189 bytes]","args":[]}
COMMAND: POST /session/c1c20cc70f6d9ef30ac844aa04f1cdf8/execute/async - {"script":"<script> [123 bytes]","args":[]}
RESULT: {"script":"<script> [123 bytes]","args":[]}
COMMAND: POST /session/c1c20cc70f6d9ef30ac844aa04f1cdf8/timeouts - {"script":"<number>"}
RESULT: {"script":"<number>"}
COMMAND: GET /session/c1c20cc70f6d9ef30ac844aa04f1cdf8/timeouts - {}
RESULT: {}
RESULT: undefined
COMMAND: POST /session/c1c20cc70f6d9ef30ac844aa04f1cdf8/execute/async - {"script":"<script> [2676 bytes]","args":[]}
RESULT: {"script":"<script> [2676 bytes]","args":[]}
COMMAND: POST /session/c1c20cc70f6d9ef30ac844aa04f1cdf8/execute/async - {"script":"<script> [2342 bytes]","args":[{"protocol":"http","hostname":"0.0.0.0","path":"/","capabilities":{"browserName":"chrome","goog:chromeOptions":{"binary":"C:\\Program Files\\Google\\Chrome\\Application\\chrome.exe","args":["--start-maximized"]}},"logLevel":"warn","connectionRetryTimeout":120000,"connectionRetryCount":3,"logLevels":{},"enableDirectConnect":true,"strictSSL":true,"_":"65 more keys: [\"cacheDir\",\"port\",\"requestedCapabilities\",\"automationProtocol\",\"baseUrl\",\"waitforInterval\",\"waitforTimeout\",\"onReload\",\"beforeCommand\",\"afterCommand\",\"rootDir\",\"specs\",\"suites\",\"exclude\",\"groupLogsByTestSpec\",\"excludeDriverLogs\",\"bail\",\"framework\",\"reporters\",\"services\",\"maxInstances\",\"maxInstancesPerCapability\",\"injectGlobals\",\"filesToWatch\",\"execArgv\",\"runnerEnv\",\"runner\",\"shard\",\"specFileRetries\",\"specFileRetriesDelay\",\"specFileRetriesDeferred\",\"reporterSyncInterval\",\"reporterSyncTimeout\",\"cucumberFeaturesWithLineNumbers\",\"autoCompileOpts\",\"mochaOpts\",\"jasmineOpts\",\"cucumberOpts\",\"onPrepare\",\"onWorkerStart\",\"onWorkerEnd\",\"before\",\"beforeSession\",\"beforeSuite\",\"beforeHook\",\"beforeTest\",\"afterTest\",\"afterHook\",\"afterSuite\",\"afterSession\",\"after\",\"onComplete\",\"beforeAssertion\",\"afterAssertion\",\"beforeFeature\",\"beforeScenario\",\"beforeStep\",\"afterStep\",\"afterScenario\",\"afterFeature\",\"_\",\"suite\",\"$0\",\"ignoredWorkerServices\",\"wdi5\"]"}]}
RESULT: {"script":"<script> [2342 bytes]","args":[{"protocol":"http","hostname":"0.0.0.0","path":"/","capabilities":{"browserName":"chrome","goog:chromeOptions":{"binary":"C:\\Program Files\\Google\\Chrome\\Application\\chrome.exe","args":["--start-maximized"]}},"logLevel":"warn","connectionRetryTimeout":120000,"connectionRetryCount":3,"logLevels":{},"enableDirectConnect":true,"strictSSL":true,"_":"65 more keys: [\"cacheDir\",\"port\",\"requestedCapabilities\",\"automationProtocol\",\"baseUrl\",\"waitforInterval\",\"waitforTimeout\",\"onReload\",\"beforeCommand\",\"afterCommand\",\"rootDir\",\"specs\",\"suites\",\"exclude\",\"groupLogsByTestSpec\",\"excludeDriverLogs\",\"bail\",\"framework\",\"reporters\",\"services\",\"maxInstances\",\"maxInstancesPerCapability\",\"injectGlobals\",\"filesToWatch\",\"execArgv\",\"runnerEnv\",\"runner\",\"shard\",\"specFileRetries\",\"specFileRetriesDelay\",\"specFileRetriesDeferred\",\"reporterSyncInterval\",\"reporterSyncTimeout\",\"cucumberFeaturesWithLineNumbers\",\"autoCompileOpts\",\"mochaOpts\",\"jasmineOpts\",\"cucumberOpts\",\"onPrepare\",\"onWorkerStart\",\"onWorkerEnd\",\"before\",\"beforeSession\",\"beforeSuite\",\"beforeHook\",\"beforeTest\",\"afterTest\",\"afterHook\",\"afterSuite\",\"afterSession\",\"after\",\"onComplete\",\"beforeAssertion\",\"afterAssertion\",\"beforeFeature\",\"beforeScenario\",\"beforeStep\",\"afterStep\",\"afterScenario\",\"afterFeature\",\"_\",\"suite\",\"$0\",\"ignoredWorkerServices\",\"wdi5\"]"}]}
COMMAND: POST /session/c1c20cc70f6d9ef30ac844aa04f1cdf8/execute/async - {"script":"<script> [21126 bytes]","args":[35000]}
RESULT: {"script":"<script> [21126 bytes]","args":[35000]}
COMMAND: POST /session/c1c20cc70f6d9ef30ac844aa04f1cdf8/window/maximize - {}
RESULT: {}
COMMAND: POST /session/c1c20cc70f6d9ef30ac844aa04f1cdf8/execute/async - {"script":"<script> [1562 bytes]","args":[{"selector":{"id":"shell-header","interaction":{"idSuffix":"icon"}},"wdio_ui5_key":"shellheader"}]}
COMMAND: GET /session/c1c20cc70f6d9ef30ac844aa04f1cdf8/screenshot - {}
RESULT: {"script":"<script> [1562 bytes]","args":[{"selector":{"id":"shell-header","interaction":{"idSuffix":"icon"}},"wdio_ui5_key":"shellheader"}]}
RESULT: undefined
COMMAND: POST /session/c1c20cc70f6d9ef30ac844aa04f1cdf8/refresh - {}
RESULT: {}
RESULT: {}
COMMAND: GET /session/c1c20cc70f6d9ef30ac844aa04f1cdf8/screenshot - {}
RESULT: {}
COMMAND: POST /session/c1c20cc70f6d9ef30ac844aa04f1cdf8/refresh - {}
RESULT: {}
COMMAND: GET /session/c1c20cc70f6d9ef30ac844aa04f1cdf8/screenshot - {}
RESULT: {}
COMMAND: POST /session/c1c20cc70f6d9ef30ac844aa04f1cdf8/window/fullscreen - {}
RESULT: {}
COMMAND: POST /session/c1c20cc70f6d9ef30ac844aa04f1cdf8/execute/async - {"script":"<script> [189 bytes]","args":[]}
RESULT: {"script":"<script> [189 bytes]","args":[]}
COMMAND: POST /session/c1c20cc70f6d9ef30ac844aa04f1cdf8/execute/async - {"script":"<script> [123 bytes]","args":[]}
RESULT: {"script":"<script> [123 bytes]","args":[]}
COMMAND: POST /session/c1c20cc70f6d9ef30ac844aa04f1cdf8/timeouts - {"script":"<number>"}
RESULT: {"script":"<number>"}
COMMAND: GET /session/c1c20cc70f6d9ef30ac844aa04f1cdf8/timeouts - {}
RESULT: {}
RESULT: undefined
COMMAND: POST /session/c1c20cc70f6d9ef30ac844aa04f1cdf8/execute/async - {"script":"<script> [2676 bytes]","args":[]}
RESULT: {"script":"<script> [2676 bytes]","args":[]}
COMMAND: POST /session/c1c20cc70f6d9ef30ac844aa04f1cdf8/execute/async - {"script":"<script> [2342 bytes]","args":[{"protocol":"http","hostname":"0.0.0.0","path":"/","capabilities":{"browserName":"chrome","goog:chromeOptions":{"binary":"C:\\Program Files\\Google\\Chrome\\Application\\chrome.exe","args":["--start-maximized"]}},"logLevel":"warn","connectionRetryTimeout":120000,"connectionRetryCount":3,"logLevels":{},"enableDirectConnect":true,"strictSSL":true,"_":"65 more keys: [\"cacheDir\",\"port\",\"requestedCapabilities\",\"automationProtocol\",\"baseUrl\",\"waitforInterval\",\"waitforTimeout\",\"onReload\",\"beforeCommand\",\"afterCommand\",\"rootDir\",\"specs\",\"suites\",\"exclude\",\"groupLogsByTestSpec\",\"excludeDriverLogs\",\"bail\",\"framework\",\"reporters\",\"services\",\"maxInstances\",\"maxInstancesPerCapability\",\"injectGlobals\",\"filesToWatch\",\"execArgv\",\"runnerEnv\",\"runner\",\"shard\",\"specFileRetries\",\"specFileRetriesDelay\",\"specFileRetriesDeferred\",\"reporterSyncInterval\",\"reporterSyncTimeout\",\"cucumberFeaturesWithLineNumbers\",\"autoCompileOpts\",\"mochaOpts\",\"jasmineOpts\",\"cucumberOpts\",\"onPrepare\",\"onWorkerStart\",\"onWorkerEnd\",\"before\",\"beforeSession\",\"beforeSuite\",\"beforeHook\",\"beforeTest\",\"afterTest\",\"afterHook\",\"afterSuite\",\"afterSession\",\"after\",\"onComplete\",\"beforeAssertion\",\"afterAssertion\",\"beforeFeature\",\"beforeScenario\",\"beforeStep\",\"afterStep\",\"afterScenario\",\"afterFeature\",\"_\",\"suite\",\"$0\",\"ignoredWorkerServices\",\"wdi5\"]"}]}
RESULT: {"script":"<script> [2342 bytes]","args":[{"protocol":"http","hostname":"0.0.0.0","path":"/","capabilities":{"browserName":"chrome","goog:chromeOptions":{"binary":"C:\\Program Files\\Google\\Chrome\\Application\\chrome.exe","args":["--start-maximized"]}},"logLevel":"warn","connectionRetryTimeout":120000,"connectionRetryCount":3,"logLevels":{},"enableDirectConnect":true,"strictSSL":true,"_":"65 more keys: [\"cacheDir\",\"port\",\"requestedCapabilities\",\"automationProtocol\",\"baseUrl\",\"waitforInterval\",\"waitforTimeout\",\"onReload\",\"beforeCommand\",\"afterCommand\",\"rootDir\",\"specs\",\"suites\",\"exclude\",\"groupLogsByTestSpec\",\"excludeDriverLogs\",\"bail\",\"framework\",\"reporters\",\"services\",\"maxInstances\",\"maxInstancesPerCapability\",\"injectGlobals\",\"filesToWatch\",\"execArgv\",\"runnerEnv\",\"runner\",\"shard\",\"specFileRetries\",\"specFileRetriesDelay\",\"specFileRetriesDeferred\",\"reporterSyncInterval\",\"reporterSyncTimeout\",\"cucumberFeaturesWithLineNumbers\",\"autoCompileOpts\",\"mochaOpts\",\"jasmineOpts\",\"cucumberOpts\",\"onPrepare\",\"onWorkerStart\",\"onWorkerEnd\",\"before\",\"beforeSession\",\"beforeSuite\",\"beforeHook\",\"beforeTest\",\"afterTest\",\"afterHook\",\"afterSuite\",\"afterSession\",\"after\",\"onComplete\",\"beforeAssertion\",\"afterAssertion\",\"beforeFeature\",\"beforeScenario\",\"beforeStep\",\"afterStep\",\"afterScenario\",\"afterFeature\",\"_\",\"suite\",\"$0\",\"ignoredWorkerServices\",\"wdi5\"]"}]}
COMMAND: POST /session/c1c20cc70f6d9ef30ac844aa04f1cdf8/execute/async - {"script":"<script> [21126 bytes]","args":[35000]}
RESULT: {"script":"<script> [21126 bytes]","args":[35000]}
]]></system-out>
    </testcase>
  </testsuite>
  <testsuite timestamp="2025-05-19T17:54:32" time="530.508" tests="4" failures="0" errors="0" skipped="0">
    <properties>
      <property name="specId" value="0" />
      <property name="suiteName" value="Create partner US118246" />
      <property name="capabilities" value="chrome.136_0_7103_93.windows" />
      <property name="file" value="file:///D:/a/1/s/test/specs/BTS/create-partner.spec.js" />
    </properties>
    <testcase classname="chrome.136_0_7103_93.windows.Create_partner_US118246" name="Should create a new yard in case create yard failed" time="133.418">
      <system-out><![CDATA[
COMMAND: POST /session/c1c20cc70f6d9ef30ac844aa04f1cdf8/window/fullscreen - {}
RESULT: {}
COMMAND: POST /session/c1c20cc70f6d9ef30ac844aa04f1cdf8/execute/async - {"script":"<script> [1562 bytes]","args":[{"selector":{"controlType":"sap.m.GenericTile","properties":{"header":"Manage Yards"}},"wdio_ui5_key":"sapm.GenericTile{\"header\":\"Manage Yards\"}"}]}
RESULT: {"script":"<script> [1562 bytes]","args":[{"selector":{"controlType":"sap.m.GenericTile","properties":{"header":"Manage Yards"}},"wdio_ui5_key":"sapm.GenericTile{\"header\":\"Manage Yards\"}"}]}
RESULT: undefined
COMMAND: POST /session/c1c20cc70f6d9ef30ac844aa04f1cdf8/element - {"using":"xpath","value":"//*[@id=\"__tile41\"]"}
RESULT: {"using":"xpath","value":"//*[@id=\"__tile41\"]"}
COMMAND: POST /session/c1c20cc70f6d9ef30ac844aa04f1cdf8/element/f.79CB9250C4973688A89FBF0EB0986102.d.1CA144FC65240947F9C094571B3E6544.e.8904/click - {}
RESULT: {}
COMMAND: GET /session/c1c20cc70f6d9ef30ac844aa04f1cdf8/screenshot - {}
RESULT: {}
COMMAND: POST /session/c1c20cc70f6d9ef30ac844aa04f1cdf8/elements - {"using":"xpath","value":"//span[text()='Error']"}
RESULT: {"using":"xpath","value":"//span[text()='Error']"}
COMMAND: POST /session/c1c20cc70f6d9ef30ac844aa04f1cdf8/element - {"using":"xpath","value":"//button[@data-kt=\"addNewYardOverflowToolbarButton\"]"}
RESULT: {"using":"xpath","value":"//button[@data-kt=\"addNewYardOverflowToolbarButton\"]"}
COMMAND: POST /session/c1c20cc70f6d9ef30ac844aa04f1cdf8/elements - {"using":"xpath","value":"//button[@data-kt=\"addNewYardOverflowToolbarButton\"]"}
RESULT: {"using":"xpath","value":"//button[@data-kt=\"addNewYardOverflowToolbarButton\"]"}
COMMAND: POST /session/c1c20cc70f6d9ef30ac844aa04f1cdf8/elements - {"using":"xpath","value":"//button[@data-kt=\"addNewYardOverflowToolbarButton\"]"}
RESULT: {"using":"xpath","value":"//button[@data-kt=\"addNewYardOverflowToolbarButton\"]"}
COMMAND: POST /session/c1c20cc70f6d9ef30ac844aa04f1cdf8/element - {"using":"xpath","value":"//button[@data-kt=\"addNewYardOverflowToolbarButton\"]"}
RESULT: {"using":"xpath","value":"//button[@data-kt=\"addNewYardOverflowToolbarButton\"]"}
COMMAND: POST /session/c1c20cc70f6d9ef30ac844aa04f1cdf8/execute/sync - {"script":"<script> [8489 bytes]","args":[{"element-6066-11e4-a52e-4f735466cecf":"f.79CB9250C4973688A89FBF0EB0986102.d.1CA144FC65240947F9C094571B3E6544.e.9037","ELEMENT":"f.79CB9250C4973688A89FBF0EB0986102.d.1CA144FC65240947F9C094571B3E6544.e.9037"}]}
RESULT: {"script":"<script> [8489 bytes]","args":[{"element-6066-11e4-a52e-4f735466cecf":"f.79CB9250C4973688A89FBF0EB0986102.d.1CA144FC65240947F9C094571B3E6544.e.9037","ELEMENT":"f.79CB9250C4973688A89FBF0EB0986102.d.1CA144FC65240947F9C094571B3E6544.e.9037"}]}
COMMAND: GET /session/c1c20cc70f6d9ef30ac844aa04f1cdf8/element/f.79CB9250C4973688A89FBF0EB0986102.d.1CA144FC65240947F9C094571B3E6544.e.9037/enabled - {}
COMMAND: GET /session/c1c20cc70f6d9ef30ac844aa04f1cdf8/screenshot - {}
RESULT: {}
COMMAND: POST /session/c1c20cc70f6d9ef30ac844aa04f1cdf8/execute/sync - {"script":"<script> [8489 bytes]","args":[{"element-6066-11e4-a52e-4f735466cecf":"f.79CB9250C4973688A89FBF0EB0986102.d.1CA144FC65240947F9C094571B3E6544.e.9037","ELEMENT":"f.79CB9250C4973688A89FBF0EB0986102.d.1CA144FC65240947F9C094571B3E6544.e.9037"}]}
COMMAND: GET /session/c1c20cc70f6d9ef30ac844aa04f1cdf8/screenshot - {}
RESULT: {}
RESULT: {"script":"<script> [8489 bytes]","args":[{"element-6066-11e4-a52e-4f735466cecf":"f.79CB9250C4973688A89FBF0EB0986102.d.1CA144FC65240947F9C094571B3E6544.e.9037","ELEMENT":"f.79CB9250C4973688A89FBF0EB0986102.d.1CA144FC65240947F9C094571B3E6544.e.9037"}]}
COMMAND: POST /session/c1c20cc70f6d9ef30ac844aa04f1cdf8/execute/sync - {"script":"<script> [5351 bytes]","args":[{"element-6066-11e4-a52e-4f735466cecf":"f.79CB9250C4973688A89FBF0EB0986102.d.1CA144FC65240947F9C094571B3E6544.e.9037","ELEMENT":"f.79CB9250C4973688A89FBF0EB0986102.d.1CA144FC65240947F9C094571B3E6544.e.9037"}]}
COMMAND: GET /session/c1c20cc70f6d9ef30ac844aa04f1cdf8/screenshot - {}
RESULT: {}
RESULT: {"script":"<script> [5351 bytes]","args":[{"element-6066-11e4-a52e-4f735466cecf":"f.79CB9250C4973688A89FBF0EB0986102.d.1CA144FC65240947F9C094571B3E6544.e.9037","ELEMENT":"f.79CB9250C4973688A89FBF0EB0986102.d.1CA144FC65240947F9C094571B3E6544.e.9037"}]}
COMMAND: POST /session/c1c20cc70f6d9ef30ac844aa04f1cdf8/element/f.79CB9250C4973688A89FBF0EB0986102.d.1CA144FC65240947F9C094571B3E6544.e.9037/click - {}
COMMAND: GET /session/c1c20cc70f6d9ef30ac844aa04f1cdf8/screenshot - {}
RESULT: {}
RESULT: {}
COMMAND: GET /session/c1c20cc70f6d9ef30ac844aa04f1cdf8/screenshot - {}
COMMAND: POST /session/c1c20cc70f6d9ef30ac844aa04f1cdf8/element - {"using":"xpath","value":"//input[@id=\"application-manageyards-display-component---NewYard--yardId-inner\"]"}
RESULT: {}
RESULT: {}
RESULT: {"using":"xpath","value":"//input[@id=\"application-manageyards-display-component---NewYard--yardId-inner\"]"}
COMMAND: POST /session/c1c20cc70f6d9ef30ac844aa04f1cdf8/element - {"using":"xpath","value":"//input[@id=\"application-manageyards-display-component---NewYard--yardId-inner\"]"}
RESULT: {"using":"xpath","value":"//input[@id=\"application-manageyards-display-component---NewYard--yardId-inner\"]"}
COMMAND: POST /session/c1c20cc70f6d9ef30ac844aa04f1cdf8/execute/async - {"script":"<script> [1562 bytes]","args":[{"selector":{"id":"application-manageyards-display-component---NewYard--addressDetailDetailsName1","interaction":{"idSuffix":"inner"}},"wdio_ui5_key":"applicationmanageyards-display-component---NewYard--addressDetailDetailsName1"}]}
RESULT: {"script":"<script> [1562 bytes]","args":[{"selector":{"id":"application-manageyards-display-component---NewYard--addressDetailDetailsName1","interaction":{"idSuffix":"inner"}},"wdio_ui5_key":"applicationmanageyards-display-component---NewYard--addressDetailDetailsName1"}]}
RESULT: undefined
COMMAND: POST /session/c1c20cc70f6d9ef30ac844aa04f1cdf8/execute/async - {"script":"<script> [776 bytes]","args":[{"enterText":"Intracompany Yard wdIO","selector":{"id":"application-manageyards-display-component---NewYard--addressDetailDetailsName1","interaction":{"idSuffix":"inner"}},"clearTextFirst":true,"interactionType":"ENTER_TEXT"}]}
RESULT: {"script":"<script> [776 bytes]","args":[{"enterText":"Intracompany Yard wdIO","selector":{"id":"application-manageyards-display-component---NewYard--addressDetailDetailsName1","interaction":{"idSuffix":"inner"}},"clearTextFirst":true,"interactionType":"ENTER_TEXT"}]}
COMMAND: POST /session/c1c20cc70f6d9ef30ac844aa04f1cdf8/execute/async - {"script":"<script> [1562 bytes]","args":[{"selector":{"id":"application-manageyards-display-component---NewYard--addressDetailDetailsLanguage-arrow"},"wdio_ui5_key":"applicationmanageyards-display-component---NewYard--addressDetailDetailsLanguage-arrow"}]}
RESULT: {"script":"<script> [1562 bytes]","args":[{"selector":{"id":"application-manageyards-display-component---NewYard--addressDetailDetailsLanguage-arrow"},"wdio_ui5_key":"applicationmanageyards-display-component---NewYard--addressDetailDetailsLanguage-arrow"}]}
RESULT: undefined
COMMAND: POST /session/c1c20cc70f6d9ef30ac844aa04f1cdf8/element - {"using":"xpath","value":"//*[@id=\"application-manageyards-display-component---NewYard--addressDetailDetailsLanguage-arrow\"]"}
RESULT: {"using":"xpath","value":"//*[@id=\"application-manageyards-display-component---NewYard--addressDetailDetailsLanguage-arrow\"]"}
COMMAND: POST /session/c1c20cc70f6d9ef30ac844aa04f1cdf8/element/f.79CB9250C4973688A89FBF0EB0986102.d.1CA144FC65240947F9C094571B3E6544.e.9466/click - {}
RESULT: {}
COMMAND: POST /session/c1c20cc70f6d9ef30ac844aa04f1cdf8/element - {"using":"xpath","value":"//span[contains(text(), \"English\")]"}
COMMAND: GET /session/c1c20cc70f6d9ef30ac844aa04f1cdf8/screenshot - {}
RESULT: {"using":"xpath","value":"//span[contains(text(), \"English\")]"}
COMMAND: POST /session/c1c20cc70f6d9ef30ac844aa04f1cdf8/element/f.79CB9250C4973688A89FBF0EB0986102.d.1CA144FC65240947F9C094571B3E6544.e.9467/click - {}
RESULT: {}
RESULT: {}
COMMAND: POST /session/c1c20cc70f6d9ef30ac844aa04f1cdf8/execute/async - {"script":"<script> [1562 bytes]","args":[{"selector":{"id":"application-manageyards-display-component---NewYard--addressDetailDetailsCity1","interaction":{"idSuffix":"inner"}},"wdio_ui5_key":"applicationmanageyards-display-component---NewYard--addressDetailDetailsCity1"}]}
COMMAND: GET /session/c1c20cc70f6d9ef30ac844aa04f1cdf8/screenshot - {}
RESULT: {"script":"<script> [1562 bytes]","args":[{"selector":{"id":"application-manageyards-display-component---NewYard--addressDetailDetailsCity1","interaction":{"idSuffix":"inner"}},"wdio_ui5_key":"applicationmanageyards-display-component---NewYard--addressDetailDetailsCity1"}]}
RESULT: undefined
COMMAND: POST /session/c1c20cc70f6d9ef30ac844aa04f1cdf8/execute/async - {"script":"<script> [776 bytes]","args":[{"enterText":"Rosario","selector":{"id":"application-manageyards-display-component---NewYard--addressDetailDetailsCity1","interaction":{"idSuffix":"inner"}},"clearTextFirst":true,"interactionType":"ENTER_TEXT"}]}
RESULT: {}
RESULT: {"script":"<script> [776 bytes]","args":[{"enterText":"Rosario","selector":{"id":"application-manageyards-display-component---NewYard--addressDetailDetailsCity1","interaction":{"idSuffix":"inner"}},"clearTextFirst":true,"interactionType":"ENTER_TEXT"}]}
COMMAND: POST /session/c1c20cc70f6d9ef30ac844aa04f1cdf8/execute/async - {"script":"<script> [1562 bytes]","args":[{"selector":{"id":"application-manageyards-display-component---NewYard--addressDetailDetailsCountry-arrow"},"wdio_ui5_key":"applicationmanageyards-display-component---NewYard--addressDetailDetailsCountry-arrow"}]}
RESULT: {"script":"<script> [1562 bytes]","args":[{"selector":{"id":"application-manageyards-display-component---NewYard--addressDetailDetailsCountry-arrow"},"wdio_ui5_key":"applicationmanageyards-display-component---NewYard--addressDetailDetailsCountry-arrow"}]}
RESULT: undefined
COMMAND: POST /session/c1c20cc70f6d9ef30ac844aa04f1cdf8/element - {"using":"xpath","value":"//*[@id=\"application-manageyards-display-component---NewYard--addressDetailDetailsCountry-arrow\"]"}
RESULT: {"using":"xpath","value":"//*[@id=\"application-manageyards-display-component---NewYard--addressDetailDetailsCountry-arrow\"]"}
COMMAND: POST /session/c1c20cc70f6d9ef30ac844aa04f1cdf8/element/f.79CB9250C4973688A89FBF0EB0986102.d.1CA144FC65240947F9C094571B3E6544.e.9469/click - {}
RESULT: {}
COMMAND: POST /session/c1c20cc70f6d9ef30ac844aa04f1cdf8/element - {"using":"xpath","value":"//span[contains(text(), \"Argentina\")]"}
COMMAND: GET /session/c1c20cc70f6d9ef30ac844aa04f1cdf8/screenshot - {}
RESULT: {"using":"xpath","value":"//span[contains(text(), \"Argentina\")]"}
COMMAND: POST /session/c1c20cc70f6d9ef30ac844aa04f1cdf8/element/f.79CB9250C4973688A89FBF0EB0986102.d.1CA144FC65240947F9C094571B3E6544.e.9470/click - {}
RESULT: {}
RESULT: {}
COMMAND: POST /session/c1c20cc70f6d9ef30ac844aa04f1cdf8/execute/async - {"script":"<script> [1562 bytes]","args":[{"selector":{"id":"application-manageyards-display-component---NewYard--addressEditDetailsCostObjectCstType-arrow"},"wdio_ui5_key":"applicationmanageyards-display-component---NewYard--addressEditDetailsCostObjectCstType-arrow"}]}
COMMAND: GET /session/c1c20cc70f6d9ef30ac844aa04f1cdf8/screenshot - {}
RESULT: {"script":"<script> [1562 bytes]","args":[{"selector":{"id":"application-manageyards-display-component---NewYard--addressEditDetailsCostObjectCstType-arrow"},"wdio_ui5_key":"applicationmanageyards-display-component---NewYard--addressEditDetailsCostObjectCstType-arrow"}]}
RESULT: undefined
COMMAND: POST /session/c1c20cc70f6d9ef30ac844aa04f1cdf8/element - {"using":"xpath","value":"//*[@id=\"application-manageyards-display-component---NewYard--addressEditDetailsCostObjectCstType-arrow\"]"}
RESULT: {}
RESULT: {"using":"xpath","value":"//*[@id=\"application-manageyards-display-component---NewYard--addressEditDetailsCostObjectCstType-arrow\"]"}
COMMAND: POST /session/c1c20cc70f6d9ef30ac844aa04f1cdf8/element/f.79CB9250C4973688A89FBF0EB0986102.d.1CA144FC65240947F9C094571B3E6544.e.9472/click - {}
RESULT: {}
COMMAND: POST /session/c1c20cc70f6d9ef30ac844aa04f1cdf8/element - {"using":"xpath","value":"//span[contains(text(), \"Cost Center\")]"}
COMMAND: GET /session/c1c20cc70f6d9ef30ac844aa04f1cdf8/screenshot - {}
RESULT: {"using":"xpath","value":"//span[contains(text(), \"Cost Center\")]"}
COMMAND: POST /session/c1c20cc70f6d9ef30ac844aa04f1cdf8/element/f.79CB9250C4973688A89FBF0EB0986102.d.1CA144FC65240947F9C094571B3E6544.e.9473/click - {}
RESULT: {}
RESULT: {}
COMMAND: GET /session/c1c20cc70f6d9ef30ac844aa04f1cdf8/screenshot - {}
RESULT: {}
COMMAND: POST /session/c1c20cc70f6d9ef30ac844aa04f1cdf8/element - {"using":"xpath","value":"//span[@id=\"application-manageyards-display-component---NewYard--addressNewCostObjectCstID-vhi\"]"}
RESULT: {"using":"xpath","value":"//span[@id=\"application-manageyards-display-component---NewYard--addressNewCostObjectCstID-vhi\"]"}
COMMAND: POST /session/c1c20cc70f6d9ef30ac844aa04f1cdf8/execute/sync - {"script":"<script> [8489 bytes]","args":[{"element-6066-11e4-a52e-4f735466cecf":"f.79CB9250C4973688A89FBF0EB0986102.d.1CA144FC65240947F9C094571B3E6544.e.9477","ELEMENT":"f.79CB9250C4973688A89FBF0EB0986102.d.1CA144FC65240947F9C094571B3E6544.e.9477"}]}
RESULT: {"script":"<script> [8489 bytes]","args":[{"element-6066-11e4-a52e-4f735466cecf":"f.79CB9250C4973688A89FBF0EB0986102.d.1CA144FC65240947F9C094571B3E6544.e.9477","ELEMENT":"f.79CB9250C4973688A89FBF0EB0986102.d.1CA144FC65240947F9C094571B3E6544.e.9477"}]}
COMMAND: POST /session/c1c20cc70f6d9ef30ac844aa04f1cdf8/execute/async - {"script":"<script> [1562 bytes]","args":[{"selector":{"id":"application-manageyards-display-component---NewYard--addressNewCostObjectCstID-vhi"},"wdio_ui5_key":"applicationmanageyards-display-component---NewYard--addressNewCostObjectCstID-vhi"}]}
COMMAND: GET /session/c1c20cc70f6d9ef30ac844aa04f1cdf8/screenshot - {}
RESULT: {"script":"<script> [1562 bytes]","args":[{"selector":{"id":"application-manageyards-display-component---NewYard--addressNewCostObjectCstID-vhi"},"wdio_ui5_key":"applicationmanageyards-display-component---NewYard--addressNewCostObjectCstID-vhi"}]}
RESULT: undefined
COMMAND: POST /session/c1c20cc70f6d9ef30ac844aa04f1cdf8/element - {"using":"xpath","value":"//*[@id=\"application-manageyards-display-component---NewYard--addressNewCostObjectCstID-vhi\"]"}
RESULT: {}
RESULT: {"using":"xpath","value":"//*[@id=\"application-manageyards-display-component---NewYard--addressNewCostObjectCstID-vhi\"]"}
COMMAND: POST /session/c1c20cc70f6d9ef30ac844aa04f1cdf8/element/f.79CB9250C4973688A89FBF0EB0986102.d.1CA144FC65240947F9C094571B3E6544.e.9477/click - {}
RESULT: {}
COMMAND: GET /session/c1c20cc70f6d9ef30ac844aa04f1cdf8/screenshot - {}
RESULT: {}
COMMAND: POST /session/c1c20cc70f6d9ef30ac844aa04f1cdf8/execute/async - {"script":"<script> [1562 bytes]","args":[{"selector":{"controlType":"sap.m.SearchField","properties":{"placeholder":"Search"},"searchOpenDialogs":true,"interaction":{"idSuffix":"I"}},"wdio_ui5_key":"sapm.SearchField{\"placeholder\":\"Search\"}"}]}
RESULT: {"script":"<script> [1562 bytes]","args":[{"selector":{"controlType":"sap.m.SearchField","properties":{"placeholder":"Search"},"searchOpenDialogs":true,"interaction":{"idSuffix":"I"}},"wdio_ui5_key":"sapm.SearchField{\"placeholder\":\"Search\"}"}]}
RESULT: undefined
COMMAND: POST /session/c1c20cc70f6d9ef30ac844aa04f1cdf8/execute/async - {"script":"<script> [776 bytes]","args":[{"enterText":"bauh_b","selector":{"controlType":"sap.m.SearchField","properties":{"placeholder":"Search"},"searchOpenDialogs":true,"interaction":{"idSuffix":"I"}},"clearTextFirst":true,"interactionType":"ENTER_TEXT"}]}
RESULT: {"script":"<script> [776 bytes]","args":[{"enterText":"bauh_b","selector":{"controlType":"sap.m.SearchField","properties":{"placeholder":"Search"},"searchOpenDialogs":true,"interaction":{"idSuffix":"I"}},"clearTextFirst":true,"interactionType":"ENTER_TEXT"}]}
COMMAND: POST /session/c1c20cc70f6d9ef30ac844aa04f1cdf8/actions - {"actions":[{"id":"action25","type":"key","parameters":{},"actions":[{"type":"keyDown","value":"î€‡"},{"type":"pause","duration":10},{"type":"keyUp","value":"î€‡"}]}]}
RESULT: {"actions":[{"id":"action25","type":"key","parameters":{},"actions":[{"type":"keyDown","value":"î€‡"},{"type":"pause","duration":10},{"type":"keyUp","value":"î€‡"}]}]}
COMMAND: GET /session/c1c20cc70f6d9ef30ac844aa04f1cdf8/screenshot - {}
RESULT: {}
COMMAND: POST /session/c1c20cc70f6d9ef30ac844aa04f1cdf8/element - {"using":"xpath","value":"//span[contains(text(), \"Demo Yard\")]"}
RESULT: {"using":"xpath","value":"//span[contains(text(), \"Demo Yard\")]"}
COMMAND: POST /session/c1c20cc70f6d9ef30ac844aa04f1cdf8/element/f.79CB9250C4973688A89FBF0EB0986102.d.1CA144FC65240947F9C094571B3E6544.e.9520/click - {}
RESULT: {}
COMMAND: GET /session/c1c20cc70f6d9ef30ac844aa04f1cdf8/screenshot - {}
RESULT: {}
COMMAND: POST /session/c1c20cc70f6d9ef30ac844aa04f1cdf8/element - {"using":"xpath","value":"//bdi[contains(text(), \"OK\")]"}
RESULT: {"using":"xpath","value":"//bdi[contains(text(), \"OK\")]"}
COMMAND: POST /session/c1c20cc70f6d9ef30ac844aa04f1cdf8/element/f.79CB9250C4973688A89FBF0EB0986102.d.1CA144FC65240947F9C094571B3E6544.e.9521/click - {}
RESULT: {}
COMMAND: GET /session/c1c20cc70f6d9ef30ac844aa04f1cdf8/screenshot - {}
RESULT: {}
COMMAND: POST /session/c1c20cc70f6d9ef30ac844aa04f1cdf8/execute/async - {"script":"<script> [1562 bytes]","args":[{"selector":{"id":"application-manageyards-display-component---NewYard--addressEditDetailsCurrency-arrow"},"wdio_ui5_key":"applicationmanageyards-display-component---NewYard--addressEditDetailsCurrency-arrow"}]}
RESULT: {"script":"<script> [1562 bytes]","args":[{"selector":{"id":"application-manageyards-display-component---NewYard--addressEditDetailsCurrency-arrow"},"wdio_ui5_key":"applicationmanageyards-display-component---NewYard--addressEditDetailsCurrency-arrow"}]}
RESULT: undefined
COMMAND: POST /session/c1c20cc70f6d9ef30ac844aa04f1cdf8/element - {"using":"xpath","value":"//*[@id=\"application-manageyards-display-component---NewYard--addressEditDetailsCurrency-arrow\"]"}
RESULT: {"using":"xpath","value":"//*[@id=\"application-manageyards-display-component---NewYard--addressEditDetailsCurrency-arrow\"]"}
COMMAND: POST /session/c1c20cc70f6d9ef30ac844aa04f1cdf8/element/f.79CB9250C4973688A89FBF0EB0986102.d.1CA144FC65240947F9C094571B3E6544.e.9524/click - {}
RESULT: {}
COMMAND: POST /session/c1c20cc70f6d9ef30ac844aa04f1cdf8/element - {"using":"xpath","value":"//span[contains(text(), \"Euro\")]"}
COMMAND: GET /session/c1c20cc70f6d9ef30ac844aa04f1cdf8/screenshot - {}
RESULT: {"using":"xpath","value":"//span[contains(text(), \"Euro\")]"}
COMMAND: POST /session/c1c20cc70f6d9ef30ac844aa04f1cdf8/element/f.79CB9250C4973688A89FBF0EB0986102.d.1CA144FC65240947F9C094571B3E6544.e.9525/click - {}
RESULT: {}
RESULT: {}
COMMAND: POST /session/c1c20cc70f6d9ef30ac844aa04f1cdf8/execute/async - {"script":"<script> [1562 bytes]","args":[{"selector":{"controlType":"sap.m.Input","viewName":"etm.portal.ui.manageyards.view.New","viewId":"application-manageyards-display-component---NewYard","bindingPath":{"path":"","propertyPath":"/CONTROLLING_AREA","modelName":"NewYardModel"},"interaction":{"idSuffix":"inner"}},"wdio_ui5_key":"etmportal.ui.manageyards.view.Newsap.m.Input{\"path\":\"\",\"propertyPath\":\"/CONTROLLING_AREA\",\"modelName\":\"NewYardModel\"}"}]}
COMMAND: GET /session/c1c20cc70f6d9ef30ac844aa04f1cdf8/screenshot - {}
RESULT: {"script":"<script> [1562 bytes]","args":[{"selector":{"controlType":"sap.m.Input","viewName":"etm.portal.ui.manageyards.view.New","viewId":"application-manageyards-display-component---NewYard","bindingPath":{"path":"","propertyPath":"/CONTROLLING_AREA","modelName":"NewYardModel"},"interaction":{"idSuffix":"inner"}},"wdio_ui5_key":"etmportal.ui.manageyards.view.Newsap.m.Input{\"path\":\"\",\"propertyPath\":\"/CONTROLLING_AREA\",\"modelName\":\"NewYardModel\"}"}]}
RESULT: undefined
COMMAND: POST /session/c1c20cc70f6d9ef30ac844aa04f1cdf8/execute/async - {"script":"<script> [776 bytes]","args":[{"enterText":"Z001","selector":{"controlType":"sap.m.Input","viewName":"etm.portal.ui.manageyards.view.New","viewId":"application-manageyards-display-component---NewYard","bindingPath":{"path":"","propertyPath":"/CONTROLLING_AREA","modelName":"NewYardModel"},"interaction":{"idSuffix":"inner"}},"clearTextFirst":true,"interactionType":"ENTER_TEXT"}]}
RESULT: {}
RESULT: {"script":"<script> [776 bytes]","args":[{"enterText":"Z001","selector":{"controlType":"sap.m.Input","viewName":"etm.portal.ui.manageyards.view.New","viewId":"application-manageyards-display-component---NewYard","bindingPath":{"path":"","propertyPath":"/CONTROLLING_AREA","modelName":"NewYardModel"},"interaction":{"idSuffix":"inner"}},"clearTextFirst":true,"interactionType":"ENTER_TEXT"}]}
COMMAND: POST /session/c1c20cc70f6d9ef30ac844aa04f1cdf8/execute/async - {"script":"<script> [1562 bytes]","args":[{"selector":{"id":"application-manageyards-display-component---NewYard--companyCodeComboBox","interaction":{"idSuffix":"inner"}},"wdio_ui5_key":"applicationmanageyards-display-component---NewYard--companyCodeComboBox"}]}
RESULT: {"script":"<script> [1562 bytes]","args":[{"selector":{"id":"application-manageyards-display-component---NewYard--companyCodeComboBox","interaction":{"idSuffix":"inner"}},"wdio_ui5_key":"applicationmanageyards-display-component---NewYard--companyCodeComboBox"}]}
RESULT: undefined
COMMAND: POST /session/c1c20cc70f6d9ef30ac844aa04f1cdf8/execute/async - {"script":"<script> [776 bytes]","args":[{"enterText":"1000","selector":{"id":"application-manageyards-display-component---NewYard--companyCodeComboBox","interaction":{"idSuffix":"inner"}},"clearTextFirst":true,"interactionType":"ENTER_TEXT"}]}
RESULT: {"script":"<script> [776 bytes]","args":[{"enterText":"1000","selector":{"id":"application-manageyards-display-component---NewYard--companyCodeComboBox","interaction":{"idSuffix":"inner"}},"clearTextFirst":true,"interactionType":"ENTER_TEXT"}]}
COMMAND: POST /session/c1c20cc70f6d9ef30ac844aa04f1cdf8/execute/async - {"script":"<script> [1562 bytes]","args":[{"selector":{"controlType":"sap.m.Input","viewName":"etm.portal.ui.manageyards.view.New","viewId":"application-manageyards-display-component---NewYard","bindingPath":{"path":"","propertyPath":"/PLANT","modelName":"NewYardModel"},"interaction":{"idSuffix":"inner"}},"wdio_ui5_key":"etmportal.ui.manageyards.view.Newsap.m.Input{\"path\":\"\",\"propertyPath\":\"/PLANT\",\"modelName\":\"NewYardModel\"}"}]}
RESULT: {"script":"<script> [1562 bytes]","args":[{"selector":{"controlType":"sap.m.Input","viewName":"etm.portal.ui.manageyards.view.New","viewId":"application-manageyards-display-component---NewYard","bindingPath":{"path":"","propertyPath":"/PLANT","modelName":"NewYardModel"},"interaction":{"idSuffix":"inner"}},"wdio_ui5_key":"etmportal.ui.manageyards.view.Newsap.m.Input{\"path\":\"\",\"propertyPath\":\"/PLANT\",\"modelName\":\"NewYardModel\"}"}]}
RESULT: undefined
COMMAND: POST /session/c1c20cc70f6d9ef30ac844aa04f1cdf8/execute/async - {"script":"<script> [776 bytes]","args":[{"enterText":"1001","selector":{"controlType":"sap.m.Input","viewName":"etm.portal.ui.manageyards.view.New","viewId":"application-manageyards-display-component---NewYard","bindingPath":{"path":"","propertyPath":"/PLANT","modelName":"NewYardModel"},"interaction":{"idSuffix":"inner"}},"clearTextFirst":true,"interactionType":"ENTER_TEXT"}]}
RESULT: {"script":"<script> [776 bytes]","args":[{"enterText":"1001","selector":{"controlType":"sap.m.Input","viewName":"etm.portal.ui.manageyards.view.New","viewId":"application-manageyards-display-component---NewYard","bindingPath":{"path":"","propertyPath":"/PLANT","modelName":"NewYardModel"},"interaction":{"idSuffix":"inner"}},"clearTextFirst":true,"interactionType":"ENTER_TEXT"}]}
COMMAND: POST /session/c1c20cc70f6d9ef30ac844aa04f1cdf8/execute/async - {"script":"<script> [1562 bytes]","args":[{"selector":{"controlType":"sap.m.Input","viewName":"etm.portal.ui.manageyards.view.New","viewId":"application-manageyards-display-component---NewYard","bindingPath":{"path":"","propertyPath":"/SALES_AREA_VKORG","modelName":"NewYardModel"},"interaction":{"idSuffix":"inner"}},"wdio_ui5_key":"etmportal.ui.manageyards.view.Newsap.m.Input{\"path\":\"\",\"propertyPath\":\"/SALES_AREA_VKORG\",\"modelName\":\"NewYardModel\"}"}]}
RESULT: {"script":"<script> [1562 bytes]","args":[{"selector":{"controlType":"sap.m.Input","viewName":"etm.portal.ui.manageyards.view.New","viewId":"application-manageyards-display-component---NewYard","bindingPath":{"path":"","propertyPath":"/SALES_AREA_VKORG","modelName":"NewYardModel"},"interaction":{"idSuffix":"inner"}},"wdio_ui5_key":"etmportal.ui.manageyards.view.Newsap.m.Input{\"path\":\"\",\"propertyPath\":\"/SALES_AREA_VKORG\",\"modelName\":\"NewYardModel\"}"}]}
RESULT: undefined
COMMAND: POST /session/c1c20cc70f6d9ef30ac844aa04f1cdf8/execute/async - {"script":"<script> [776 bytes]","args":[{"enterText":"C002","selector":{"controlType":"sap.m.Input","viewName":"etm.portal.ui.manageyards.view.New","viewId":"application-manageyards-display-component---NewYard","bindingPath":{"path":"","propertyPath":"/SALES_AREA_VKORG","modelName":"NewYardModel"},"interaction":{"idSuffix":"inner"}},"clearTextFirst":true,"interactionType":"ENTER_TEXT"}]}
RESULT: {"script":"<script> [776 bytes]","args":[{"enterText":"C002","selector":{"controlType":"sap.m.Input","viewName":"etm.portal.ui.manageyards.view.New","viewId":"application-manageyards-display-component---NewYard","bindingPath":{"path":"","propertyPath":"/SALES_AREA_VKORG","modelName":"NewYardModel"},"interaction":{"idSuffix":"inner"}},"clearTextFirst":true,"interactionType":"ENTER_TEXT"}]}
COMMAND: POST /session/c1c20cc70f6d9ef30ac844aa04f1cdf8/execute/async - {"script":"<script> [1562 bytes]","args":[{"selector":{"controlType":"sap.m.Input","viewName":"etm.portal.ui.manageyards.view.New","viewId":"application-manageyards-display-component---NewYard","bindingPath":{"path":"","propertyPath":"/SALES_AREA_VTWEG","modelName":"NewYardModel"},"interaction":{"idSuffix":"inner"}},"wdio_ui5_key":"etmportal.ui.manageyards.view.Newsap.m.Input{\"path\":\"\",\"propertyPath\":\"/SALES_AREA_VTWEG\",\"modelName\":\"NewYardModel\"}"}]}
RESULT: {"script":"<script> [1562 bytes]","args":[{"selector":{"controlType":"sap.m.Input","viewName":"etm.portal.ui.manageyards.view.New","viewId":"application-manageyards-display-component---NewYard","bindingPath":{"path":"","propertyPath":"/SALES_AREA_VTWEG","modelName":"NewYardModel"},"interaction":{"idSuffix":"inner"}},"wdio_ui5_key":"etmportal.ui.manageyards.view.Newsap.m.Input{\"path\":\"\",\"propertyPath\":\"/SALES_AREA_VTWEG\",\"modelName\":\"NewYardModel\"}"}]}
RESULT: undefined
COMMAND: POST /session/c1c20cc70f6d9ef30ac844aa04f1cdf8/execute/async - {"script":"<script> [776 bytes]","args":[{"enterText":"C2","selector":{"controlType":"sap.m.Input","viewName":"etm.portal.ui.manageyards.view.New","viewId":"application-manageyards-display-component---NewYard","bindingPath":{"path":"","propertyPath":"/SALES_AREA_VTWEG","modelName":"NewYardModel"},"interaction":{"idSuffix":"inner"}},"clearTextFirst":true,"interactionType":"ENTER_TEXT"}]}
RESULT: {"script":"<script> [776 bytes]","args":[{"enterText":"C2","selector":{"controlType":"sap.m.Input","viewName":"etm.portal.ui.manageyards.view.New","viewId":"application-manageyards-display-component---NewYard","bindingPath":{"path":"","propertyPath":"/SALES_AREA_VTWEG","modelName":"NewYardModel"},"interaction":{"idSuffix":"inner"}},"clearTextFirst":true,"interactionType":"ENTER_TEXT"}]}
COMMAND: POST /session/c1c20cc70f6d9ef30ac844aa04f1cdf8/execute/async - {"script":"<script> [1562 bytes]","args":[{"selector":{"controlType":"sap.m.Input","viewName":"etm.portal.ui.manageyards.view.New","viewId":"application-manageyards-display-component---NewYard","bindingPath":{"path":"","propertyPath":"/SALES_AREA_SPART","modelName":"NewYardModel"},"interaction":{"idSuffix":"inner"}},"wdio_ui5_key":"etmportal.ui.manageyards.view.Newsap.m.Input{\"path\":\"\",\"propertyPath\":\"/SALES_AREA_SPART\",\"modelName\":\"NewYardModel\"}"}]}
RESULT: {"script":"<script> [1562 bytes]","args":[{"selector":{"controlType":"sap.m.Input","viewName":"etm.portal.ui.manageyards.view.New","viewId":"application-manageyards-display-component---NewYard","bindingPath":{"path":"","propertyPath":"/SALES_AREA_SPART","modelName":"NewYardModel"},"interaction":{"idSuffix":"inner"}},"wdio_ui5_key":"etmportal.ui.manageyards.view.Newsap.m.Input{\"path\":\"\",\"propertyPath\":\"/SALES_AREA_SPART\",\"modelName\":\"NewYardModel\"}"}]}
RESULT: undefined
COMMAND: POST /session/c1c20cc70f6d9ef30ac844aa04f1cdf8/execute/async - {"script":"<script> [776 bytes]","args":[{"enterText":"C2","selector":{"controlType":"sap.m.Input","viewName":"etm.portal.ui.manageyards.view.New","viewId":"application-manageyards-display-component---NewYard","bindingPath":{"path":"","propertyPath":"/SALES_AREA_SPART","modelName":"NewYardModel"},"interaction":{"idSuffix":"inner"}},"clearTextFirst":true,"interactionType":"ENTER_TEXT"}]}
RESULT: {"script":"<script> [776 bytes]","args":[{"enterText":"C2","selector":{"controlType":"sap.m.Input","viewName":"etm.portal.ui.manageyards.view.New","viewId":"application-manageyards-display-component---NewYard","bindingPath":{"path":"","propertyPath":"/SALES_AREA_SPART","modelName":"NewYardModel"},"interaction":{"idSuffix":"inner"}},"clearTextFirst":true,"interactionType":"ENTER_TEXT"}]}
COMMAND: POST /session/c1c20cc70f6d9ef30ac844aa04f1cdf8/execute/async - {"script":"<script> [1562 bytes]","args":[{"selector":{"controlType":"sap.m.Input","viewName":"etm.portal.ui.manageyards.view.New","viewId":"application-manageyards-display-component---NewYard","bindingPath":{"path":"","propertyPath":"/SHIP_POINT","modelName":"NewYardModel"},"interaction":{"idSuffix":"inner"}},"wdio_ui5_key":"etmportal.ui.manageyards.view.Newsap.m.Input{\"path\":\"\",\"propertyPath\":\"/SHIP_POINT\",\"modelName\":\"NewYardModel\"}"}]}
RESULT: {"script":"<script> [1562 bytes]","args":[{"selector":{"controlType":"sap.m.Input","viewName":"etm.portal.ui.manageyards.view.New","viewId":"application-manageyards-display-component---NewYard","bindingPath":{"path":"","propertyPath":"/SHIP_POINT","modelName":"NewYardModel"},"interaction":{"idSuffix":"inner"}},"wdio_ui5_key":"etmportal.ui.manageyards.view.Newsap.m.Input{\"path\":\"\",\"propertyPath\":\"/SHIP_POINT\",\"modelName\":\"NewYardModel\"}"}]}
RESULT: undefined
COMMAND: POST /session/c1c20cc70f6d9ef30ac844aa04f1cdf8/execute/async - {"script":"<script> [776 bytes]","args":[{"enterText":"1710","selector":{"controlType":"sap.m.Input","viewName":"etm.portal.ui.manageyards.view.New","viewId":"application-manageyards-display-component---NewYard","bindingPath":{"path":"","propertyPath":"/SHIP_POINT","modelName":"NewYardModel"},"interaction":{"idSuffix":"inner"}},"clearTextFirst":true,"interactionType":"ENTER_TEXT"}]}
RESULT: {"script":"<script> [776 bytes]","args":[{"enterText":"1710","selector":{"controlType":"sap.m.Input","viewName":"etm.portal.ui.manageyards.view.New","viewId":"application-manageyards-display-component---NewYard","bindingPath":{"path":"","propertyPath":"/SHIP_POINT","modelName":"NewYardModel"},"interaction":{"idSuffix":"inner"}},"clearTextFirst":true,"interactionType":"ENTER_TEXT"}]}
COMMAND: POST /session/c1c20cc70f6d9ef30ac844aa04f1cdf8/execute/async - {"script":"<script> [1562 bytes]","args":[{"selector":{"controlType":"sap.m.Input","viewName":"etm.portal.ui.manageyards.view.New","viewId":"application-manageyards-display-component---NewYard","bindingPath":{"path":"","propertyPath":"/DELIVERY_TYPE","modelName":"NewYardModel"},"interaction":{"idSuffix":"inner"}},"wdio_ui5_key":"etmportal.ui.manageyards.view.Newsap.m.Input{\"path\":\"\",\"propertyPath\":\"/DELIVERY_TYPE\",\"modelName\":\"NewYardModel\"}"}]}
RESULT: {"script":"<script> [1562 bytes]","args":[{"selector":{"controlType":"sap.m.Input","viewName":"etm.portal.ui.manageyards.view.New","viewId":"application-manageyards-display-component---NewYard","bindingPath":{"path":"","propertyPath":"/DELIVERY_TYPE","modelName":"NewYardModel"},"interaction":{"idSuffix":"inner"}},"wdio_ui5_key":"etmportal.ui.manageyards.view.Newsap.m.Input{\"path\":\"\",\"propertyPath\":\"/DELIVERY_TYPE\",\"modelName\":\"NewYardModel\"}"}]}
RESULT: undefined
COMMAND: POST /session/c1c20cc70f6d9ef30ac844aa04f1cdf8/execute/async - {"script":"<script> [776 bytes]","args":[{"enterText":"ZL01","selector":{"controlType":"sap.m.Input","viewName":"etm.portal.ui.manageyards.view.New","viewId":"application-manageyards-display-component---NewYard","bindingPath":{"path":"","propertyPath":"/DELIVERY_TYPE","modelName":"NewYardModel"},"interaction":{"idSuffix":"inner"}},"clearTextFirst":true,"interactionType":"ENTER_TEXT"}]}
RESULT: {"script":"<script> [776 bytes]","args":[{"enterText":"ZL01","selector":{"controlType":"sap.m.Input","viewName":"etm.portal.ui.manageyards.view.New","viewId":"application-manageyards-display-component---NewYard","bindingPath":{"path":"","propertyPath":"/DELIVERY_TYPE","modelName":"NewYardModel"},"interaction":{"idSuffix":"inner"}},"clearTextFirst":true,"interactionType":"ENTER_TEXT"}]}
COMMAND: POST /session/c1c20cc70f6d9ef30ac844aa04f1cdf8/execute/async - {"script":"<script> [1562 bytes]","args":[{"selector":{"controlType":"sap.m.Input","viewName":"etm.portal.ui.manageyards.view.New","viewId":"application-manageyards-display-component---NewYard","bindingPath":{"path":"","propertyPath":"/AUART","modelName":"NewYardModel"},"interaction":{"idSuffix":"inner"}},"wdio_ui5_key":"etmportal.ui.manageyards.view.Newsap.m.Input{\"path\":\"\",\"propertyPath\":\"/AUART\",\"modelName\":\"NewYardModel\"}"}]}
RESULT: {"script":"<script> [1562 bytes]","args":[{"selector":{"controlType":"sap.m.Input","viewName":"etm.portal.ui.manageyards.view.New","viewId":"application-manageyards-display-component---NewYard","bindingPath":{"path":"","propertyPath":"/AUART","modelName":"NewYardModel"},"interaction":{"idSuffix":"inner"}},"wdio_ui5_key":"etmportal.ui.manageyards.view.Newsap.m.Input{\"path\":\"\",\"propertyPath\":\"/AUART\",\"modelName\":\"NewYardModel\"}"}]}
RESULT: undefined
COMMAND: POST /session/c1c20cc70f6d9ef30ac844aa04f1cdf8/execute/async - {"script":"<script> [776 bytes]","args":[{"enterText":"TA","selector":{"controlType":"sap.m.Input","viewName":"etm.portal.ui.manageyards.view.New","viewId":"application-manageyards-display-component---NewYard","bindingPath":{"path":"","propertyPath":"/AUART","modelName":"NewYardModel"},"interaction":{"idSuffix":"inner"}},"clearTextFirst":true,"interactionType":"ENTER_TEXT"}]}
RESULT: {"script":"<script> [776 bytes]","args":[{"enterText":"TA","selector":{"controlType":"sap.m.Input","viewName":"etm.portal.ui.manageyards.view.New","viewId":"application-manageyards-display-component---NewYard","bindingPath":{"path":"","propertyPath":"/AUART","modelName":"NewYardModel"},"interaction":{"idSuffix":"inner"}},"clearTextFirst":true,"interactionType":"ENTER_TEXT"}]}
COMMAND: POST /session/c1c20cc70f6d9ef30ac844aa04f1cdf8/element - {"using":"xpath","value":"//button[@data-kt=\"newYardSaveButton\"]"}
RESULT: {"using":"xpath","value":"//button[@data-kt=\"newYardSaveButton\"]"}
COMMAND: POST /session/c1c20cc70f6d9ef30ac844aa04f1cdf8/element/f.79CB9250C4973688A89FBF0EB0986102.d.1CA144FC65240947F9C094571B3E6544.e.9431/click - {}
RESULT: {}
COMMAND: GET /session/c1c20cc70f6d9ef30ac844aa04f1cdf8/screenshot - {}
RESULT: {}
COMMAND: POST /session/c1c20cc70f6d9ef30ac844aa04f1cdf8/element - {"using":"xpath","value":"//header[contains(@id, 'ObjectPageLayout-headerTitle')]/div[1]/div[2]/div[1]/span[1]"}
RESULT: {"using":"xpath","value":"//header[contains(@id, 'ObjectPageLayout-headerTitle')]/div[1]/div[2]/div[1]/span[1]"}
COMMAND: POST /session/c1c20cc70f6d9ef30ac844aa04f1cdf8/elements - {"using":"xpath","value":"//header[contains(@id, 'ObjectPageLayout-headerTitle')]/div[1]/div[2]/div[1]/span[1]"}
RESULT: {"using":"xpath","value":"//header[contains(@id, 'ObjectPageLayout-headerTitle')]/div[1]/div[2]/div[1]/span[1]"}
COMMAND: POST /session/c1c20cc70f6d9ef30ac844aa04f1cdf8/execute/sync - {"script":"<script> [56 bytes]","args":[{"element-6066-11e4-a52e-4f735466cecf":"f.79CB9250C4973688A89FBF0EB0986102.d.1CA144FC65240947F9C094571B3E6544.e.9751","ELEMENT":"f.79CB9250C4973688A89FBF0EB0986102.d.1CA144FC65240947F9C094571B3E6544.e.9751"}]}
RESULT: {"script":"<script> [56 bytes]","args":[{"element-6066-11e4-a52e-4f735466cecf":"f.79CB9250C4973688A89FBF0EB0986102.d.1CA144FC65240947F9C094571B3E6544.e.9751","ELEMENT":"f.79CB9250C4973688A89FBF0EB0986102.d.1CA144FC65240947F9C094571B3E6544.e.9751"}]}
COMMAND: GET /session/c1c20cc70f6d9ef30ac844aa04f1cdf8/screenshot - {}
RESULT: {}
COMMAND: POST /session/c1c20cc70f6d9ef30ac844aa04f1cdf8/element - {"using":"css selector","value":"#shell-header-logo"}
RESULT: {"using":"css selector","value":"#shell-header-logo"}
COMMAND: POST /session/c1c20cc70f6d9ef30ac844aa04f1cdf8/element/f.79CB9250C4973688A89FBF0EB0986102.d.1CA144FC65240947F9C094571B3E6544.e.9006/click - {}
RESULT: {}
COMMAND: GET /session/c1c20cc70f6d9ef30ac844aa04f1cdf8/screenshot - {}
RESULT: {}
COMMAND: POST /session/c1c20cc70f6d9ef30ac844aa04f1cdf8/execute/sync - {"script":"<script> [299 bytes]","args":[["getModel","getResource"]]}
RESULT: {"script":"<script> [299 bytes]","args":[["getModel","getResource"]]}
]]></system-out>
    </testcase>
    <testcase classname="chrome.136_0_7103_93.windows.Create_partner_US118246" name="Should create new external partner" time="103.687">
      <system-out><![CDATA[
COMMAND: GET /session/c1c20cc70f6d9ef30ac844aa04f1cdf8/screenshot - {}
COMMAND: POST /session/c1c20cc70f6d9ef30ac844aa04f1cdf8/window/fullscreen - {}
RESULT: {}
RESULT: {}
COMMAND: POST /session/c1c20cc70f6d9ef30ac844aa04f1cdf8/execute/async - {"script":"<script> [1562 bytes]","args":[{"selector":{"controlType":"sap.m.GenericTile","properties":{"header":"Manage Partners"}},"wdio_ui5_key":"sapm.GenericTile{\"header\":\"Manage Partners\"}"}]}
RESULT: {"script":"<script> [1562 bytes]","args":[{"selector":{"controlType":"sap.m.GenericTile","properties":{"header":"Manage Partners"}},"wdio_ui5_key":"sapm.GenericTile{\"header\":\"Manage Partners\"}"}]}
RESULT: undefined
COMMAND: POST /session/c1c20cc70f6d9ef30ac844aa04f1cdf8/element - {"using":"xpath","value":"//*[@id=\"__tile38\"]"}
RESULT: {"using":"xpath","value":"//*[@id=\"__tile38\"]"}
COMMAND: POST /session/c1c20cc70f6d9ef30ac844aa04f1cdf8/element/f.79CB9250C4973688A89FBF0EB0986102.d.1CA144FC65240947F9C094571B3E6544.e.8895/click - {}
RESULT: {}
COMMAND: GET /session/c1c20cc70f6d9ef30ac844aa04f1cdf8/screenshot - {}
RESULT: {}
COMMAND: POST /session/c1c20cc70f6d9ef30ac844aa04f1cdf8/elements - {"using":"xpath","value":"//span[text()='Error']"}
RESULT: {"using":"xpath","value":"//span[text()='Error']"}
COMMAND: POST /session/c1c20cc70f6d9ef30ac844aa04f1cdf8/element - {"using":"xpath","value":"//button[@data-kt=\"addButton\"]"}
RESULT: {"using":"xpath","value":"//button[@data-kt=\"addButton\"]"}
COMMAND: POST /session/c1c20cc70f6d9ef30ac844aa04f1cdf8/elements - {"using":"xpath","value":"//button[@data-kt=\"addButton\"]"}
RESULT: {"using":"xpath","value":"//button[@data-kt=\"addButton\"]"}
COMMAND: POST /session/c1c20cc70f6d9ef30ac844aa04f1cdf8/execute/sync - {"script":"<script> [8489 bytes]","args":[{"element-6066-11e4-a52e-4f735466cecf":"f.79CB9250C4973688A89FBF0EB0986102.d.1CA144FC65240947F9C094571B3E6544.e.9799","ELEMENT":"f.79CB9250C4973688A89FBF0EB0986102.d.1CA144FC65240947F9C094571B3E6544.e.9799"}]}
RESULT: {"script":"<script> [8489 bytes]","args":[{"element-6066-11e4-a52e-4f735466cecf":"f.79CB9250C4973688A89FBF0EB0986102.d.1CA144FC65240947F9C094571B3E6544.e.9799","ELEMENT":"f.79CB9250C4973688A89FBF0EB0986102.d.1CA144FC65240947F9C094571B3E6544.e.9799"}]}
COMMAND: GET /session/c1c20cc70f6d9ef30ac844aa04f1cdf8/element/f.79CB9250C4973688A89FBF0EB0986102.d.1CA144FC65240947F9C094571B3E6544.e.9799/enabled - {}
COMMAND: GET /session/c1c20cc70f6d9ef30ac844aa04f1cdf8/screenshot - {}
RESULT: {}
COMMAND: POST /session/c1c20cc70f6d9ef30ac844aa04f1cdf8/execute/sync - {"script":"<script> [8489 bytes]","args":[{"element-6066-11e4-a52e-4f735466cecf":"f.79CB9250C4973688A89FBF0EB0986102.d.1CA144FC65240947F9C094571B3E6544.e.9799","ELEMENT":"f.79CB9250C4973688A89FBF0EB0986102.d.1CA144FC65240947F9C094571B3E6544.e.9799"}]}
COMMAND: GET /session/c1c20cc70f6d9ef30ac844aa04f1cdf8/screenshot - {}
RESULT: {}
RESULT: {"script":"<script> [8489 bytes]","args":[{"element-6066-11e4-a52e-4f735466cecf":"f.79CB9250C4973688A89FBF0EB0986102.d.1CA144FC65240947F9C094571B3E6544.e.9799","ELEMENT":"f.79CB9250C4973688A89FBF0EB0986102.d.1CA144FC65240947F9C094571B3E6544.e.9799"}]}
COMMAND: POST /session/c1c20cc70f6d9ef30ac844aa04f1cdf8/execute/sync - {"script":"<script> [5351 bytes]","args":[{"element-6066-11e4-a52e-4f735466cecf":"f.79CB9250C4973688A89FBF0EB0986102.d.1CA144FC65240947F9C094571B3E6544.e.9799","ELEMENT":"f.79CB9250C4973688A89FBF0EB0986102.d.1CA144FC65240947F9C094571B3E6544.e.9799"}]}
COMMAND: GET /session/c1c20cc70f6d9ef30ac844aa04f1cdf8/screenshot - {}
RESULT: {}
RESULT: {"script":"<script> [5351 bytes]","args":[{"element-6066-11e4-a52e-4f735466cecf":"f.79CB9250C4973688A89FBF0EB0986102.d.1CA144FC65240947F9C094571B3E6544.e.9799","ELEMENT":"f.79CB9250C4973688A89FBF0EB0986102.d.1CA144FC65240947F9C094571B3E6544.e.9799"}]}
COMMAND: POST /session/c1c20cc70f6d9ef30ac844aa04f1cdf8/element/f.79CB9250C4973688A89FBF0EB0986102.d.1CA144FC65240947F9C094571B3E6544.e.9799/click - {}
COMMAND: GET /session/c1c20cc70f6d9ef30ac844aa04f1cdf8/screenshot - {}
RESULT: {}
RESULT: {}
COMMAND: GET /session/c1c20cc70f6d9ef30ac844aa04f1cdf8/screenshot - {}
RESULT: {}
RESULT: {}
COMMAND: POST /session/c1c20cc70f6d9ef30ac844aa04f1cdf8/execute/async - {"script":"<script> [1562 bytes]","args":[{"selector":{"id":"application-managepartners-display-component---NewPartner--addressDetailDetailsName1","interaction":{"idSuffix":"inner"}},"wdio_ui5_key":"applicationmanagepartners-display-component---NewPartner--addressDetailDetailsName1"}]}
RESULT: {"script":"<script> [1562 bytes]","args":[{"selector":{"id":"application-managepartners-display-component---NewPartner--addressDetailDetailsName1","interaction":{"idSuffix":"inner"}},"wdio_ui5_key":"applicationmanagepartners-display-component---NewPartner--addressDetailDetailsName1"}]}
RESULT: undefined
COMMAND: POST /session/c1c20cc70f6d9ef30ac844aa04f1cdf8/execute/async - {"script":"<script> [776 bytes]","args":[{"enterText":"External Partner WDIO","selector":{"id":"application-managepartners-display-component---NewPartner--addressDetailDetailsName1","interaction":{"idSuffix":"inner"}},"clearTextFirst":true,"interactionType":"ENTER_TEXT"}]}
RESULT: {"script":"<script> [776 bytes]","args":[{"enterText":"External Partner WDIO","selector":{"id":"application-managepartners-display-component---NewPartner--addressDetailDetailsName1","interaction":{"idSuffix":"inner"}},"clearTextFirst":true,"interactionType":"ENTER_TEXT"}]}
COMMAND: POST /session/c1c20cc70f6d9ef30ac844aa04f1cdf8/execute/async - {"script":"<script> [1562 bytes]","args":[{"selector":{"id":"application-managepartners-display-component---NewPartner--addressDetailDetailsLanguage-arrow"},"wdio_ui5_key":"applicationmanagepartners-display-component---NewPartner--addressDetailDetailsLanguage-arrow"}]}
RESULT: {"script":"<script> [1562 bytes]","args":[{"selector":{"id":"application-managepartners-display-component---NewPartner--addressDetailDetailsLanguage-arrow"},"wdio_ui5_key":"applicationmanagepartners-display-component---NewPartner--addressDetailDetailsLanguage-arrow"}]}
RESULT: undefined
COMMAND: POST /session/c1c20cc70f6d9ef30ac844aa04f1cdf8/element - {"using":"xpath","value":"//*[@id=\"application-managepartners-display-component---NewPartner--addressDetailDetailsLanguage-arrow\"]"}
RESULT: {"using":"xpath","value":"//*[@id=\"application-managepartners-display-component---NewPartner--addressDetailDetailsLanguage-arrow\"]"}
COMMAND: POST /session/c1c20cc70f6d9ef30ac844aa04f1cdf8/element/f.79CB9250C4973688A89FBF0EB0986102.d.1CA144FC65240947F9C094571B3E6544.e.10245/click - {}
RESULT: {}
COMMAND: POST /session/c1c20cc70f6d9ef30ac844aa04f1cdf8/element - {"using":"xpath","value":"//span[contains(text(), \"English\")]"}
COMMAND: GET /session/c1c20cc70f6d9ef30ac844aa04f1cdf8/screenshot - {}
RESULT: {"using":"xpath","value":"//span[contains(text(), \"English\")]"}
COMMAND: POST /session/c1c20cc70f6d9ef30ac844aa04f1cdf8/element/f.79CB9250C4973688A89FBF0EB0986102.d.1CA144FC65240947F9C094571B3E6544.e.10246/click - {}
RESULT: {}
RESULT: {}
COMMAND: GET /session/c1c20cc70f6d9ef30ac844aa04f1cdf8/screenshot - {}
RESULT: {}
COMMAND: POST /session/c1c20cc70f6d9ef30ac844aa04f1cdf8/execute/async - {"script":"<script> [1562 bytes]","args":[{"selector":{"id":"application-managepartners-display-component---NewPartner--addressDetailDetailsCity1","interaction":{"idSuffix":"inner"}},"wdio_ui5_key":"applicationmanagepartners-display-component---NewPartner--addressDetailDetailsCity1"}]}
RESULT: {"script":"<script> [1562 bytes]","args":[{"selector":{"id":"application-managepartners-display-component---NewPartner--addressDetailDetailsCity1","interaction":{"idSuffix":"inner"}},"wdio_ui5_key":"applicationmanagepartners-display-component---NewPartner--addressDetailDetailsCity1"}]}
RESULT: undefined
COMMAND: POST /session/c1c20cc70f6d9ef30ac844aa04f1cdf8/execute/async - {"script":"<script> [776 bytes]","args":[{"enterText":"Rosario","selector":{"id":"application-managepartners-display-component---NewPartner--addressDetailDetailsCity1","interaction":{"idSuffix":"inner"}},"clearTextFirst":true,"interactionType":"ENTER_TEXT"}]}
RESULT: {"script":"<script> [776 bytes]","args":[{"enterText":"Rosario","selector":{"id":"application-managepartners-display-component---NewPartner--addressDetailDetailsCity1","interaction":{"idSuffix":"inner"}},"clearTextFirst":true,"interactionType":"ENTER_TEXT"}]}
COMMAND: POST /session/c1c20cc70f6d9ef30ac844aa04f1cdf8/execute/async - {"script":"<script> [1562 bytes]","args":[{"selector":{"id":"application-managepartners-display-component---NewPartner--addressDetailDetailsCountry-arrow"},"wdio_ui5_key":"applicationmanagepartners-display-component---NewPartner--addressDetailDetailsCountry-arrow"}]}
RESULT: {"script":"<script> [1562 bytes]","args":[{"selector":{"id":"application-managepartners-display-component---NewPartner--addressDetailDetailsCountry-arrow"},"wdio_ui5_key":"applicationmanagepartners-display-component---NewPartner--addressDetailDetailsCountry-arrow"}]}
RESULT: undefined
COMMAND: POST /session/c1c20cc70f6d9ef30ac844aa04f1cdf8/element - {"using":"xpath","value":"//*[@id=\"application-managepartners-display-component---NewPartner--addressDetailDetailsCountry-arrow\"]"}
RESULT: {"using":"xpath","value":"//*[@id=\"application-managepartners-display-component---NewPartner--addressDetailDetailsCountry-arrow\"]"}
COMMAND: POST /session/c1c20cc70f6d9ef30ac844aa04f1cdf8/element/f.79CB9250C4973688A89FBF0EB0986102.d.1CA144FC65240947F9C094571B3E6544.e.10213/click - {}
RESULT: {}
COMMAND: POST /session/c1c20cc70f6d9ef30ac844aa04f1cdf8/element - {"using":"xpath","value":"//span[contains(text(), \"Argentina\")]"}
COMMAND: GET /session/c1c20cc70f6d9ef30ac844aa04f1cdf8/screenshot - {}
RESULT: {"using":"xpath","value":"//span[contains(text(), \"Argentina\")]"}
COMMAND: POST /session/c1c20cc70f6d9ef30ac844aa04f1cdf8/element/f.79CB9250C4973688A89FBF0EB0986102.d.1CA144FC65240947F9C094571B3E6544.e.10248/click - {}
RESULT: {}
RESULT: {}
COMMAND: GET /session/c1c20cc70f6d9ef30ac844aa04f1cdf8/screenshot - {}
RESULT: {}
COMMAND: POST /session/c1c20cc70f6d9ef30ac844aa04f1cdf8/element - {"using":"xpath","value":"//bdi[contains(text(), \"Commercial\")]"}
RESULT: {"using":"xpath","value":"//bdi[contains(text(), \"Commercial\")]"}
COMMAND: POST /session/c1c20cc70f6d9ef30ac844aa04f1cdf8/element/f.79CB9250C4973688A89FBF0EB0986102.d.1CA144FC65240947F9C094571B3E6544.e.10249/click - {}
RESULT: {}
COMMAND: GET /session/c1c20cc70f6d9ef30ac844aa04f1cdf8/screenshot - {}
RESULT: {}
COMMAND: POST /session/c1c20cc70f6d9ef30ac844aa04f1cdf8/execute/async - {"script":"<script> [1562 bytes]","args":[{"selector":{"id":"application-managepartners-display-component---NewPartner--partnerDetailInternal-arrow"},"wdio_ui5_key":"applicationmanagepartners-display-component---NewPartner--partnerDetailInternal-arrow"}]}
RESULT: {"script":"<script> [1562 bytes]","args":[{"selector":{"id":"application-managepartners-display-component---NewPartner--partnerDetailInternal-arrow"},"wdio_ui5_key":"applicationmanagepartners-display-component---NewPartner--partnerDetailInternal-arrow"}]}
RESULT: undefined
COMMAND: POST /session/c1c20cc70f6d9ef30ac844aa04f1cdf8/element - {"using":"xpath","value":"//*[@id=\"application-managepartners-display-component---NewPartner--partnerDetailInternal-arrow\"]"}
RESULT: {"using":"xpath","value":"//*[@id=\"application-managepartners-display-component---NewPartner--partnerDetailInternal-arrow\"]"}
COMMAND: POST /session/c1c20cc70f6d9ef30ac844aa04f1cdf8/element/f.79CB9250C4973688A89FBF0EB0986102.d.1CA144FC65240947F9C094571B3E6544.e.10255/click - {}
RESULT: {}
COMMAND: POST /session/c1c20cc70f6d9ef30ac844aa04f1cdf8/element - {"using":"xpath","value":"//span[contains(text(), \"External partner\")]"}
COMMAND: GET /session/c1c20cc70f6d9ef30ac844aa04f1cdf8/screenshot - {}
RESULT: {"using":"xpath","value":"//span[contains(text(), \"External partner\")]"}
COMMAND: POST /session/c1c20cc70f6d9ef30ac844aa04f1cdf8/element/f.79CB9250C4973688A89FBF0EB0986102.d.1CA144FC65240947F9C094571B3E6544.e.10256/click - {}
RESULT: {}
RESULT: {}
COMMAND: POST /session/c1c20cc70f6d9ef30ac844aa04f1cdf8/execute/async - {"script":"<script> [1562 bytes]","args":[{"selector":{"id":"application-managepartners-display-component---NewPartner--partnerDetailsCurrency-arrow"},"wdio_ui5_key":"applicationmanagepartners-display-component---NewPartner--partnerDetailsCurrency-arrow"}]}
COMMAND: GET /session/c1c20cc70f6d9ef30ac844aa04f1cdf8/screenshot - {}
RESULT: {"script":"<script> [1562 bytes]","args":[{"selector":{"id":"application-managepartners-display-component---NewPartner--partnerDetailsCurrency-arrow"},"wdio_ui5_key":"applicationmanagepartners-display-component---NewPartner--partnerDetailsCurrency-arrow"}]}
RESULT: undefined
COMMAND: POST /session/c1c20cc70f6d9ef30ac844aa04f1cdf8/element - {"using":"xpath","value":"//*[@id=\"application-managepartners-display-component---NewPartner--partnerDetailsCurrency-arrow\"]"}
RESULT: {}
RESULT: {"using":"xpath","value":"//*[@id=\"application-managepartners-display-component---NewPartner--partnerDetailsCurrency-arrow\"]"}
COMMAND: POST /session/c1c20cc70f6d9ef30ac844aa04f1cdf8/element/f.79CB9250C4973688A89FBF0EB0986102.d.1CA144FC65240947F9C094571B3E6544.e.10261/click - {}
RESULT: {}
COMMAND: POST /session/c1c20cc70f6d9ef30ac844aa04f1cdf8/element - {"using":"xpath","value":"//span[contains(text(), \"US Dollar\")]"}
COMMAND: GET /session/c1c20cc70f6d9ef30ac844aa04f1cdf8/screenshot - {}
RESULT: {"using":"xpath","value":"//span[contains(text(), \"US Dollar\")]"}
COMMAND: POST /session/c1c20cc70f6d9ef30ac844aa04f1cdf8/element/f.79CB9250C4973688A89FBF0EB0986102.d.1CA144FC65240947F9C094571B3E6544.e.10262/click - {}
RESULT: {}
RESULT: {}
COMMAND: GET /session/c1c20cc70f6d9ef30ac844aa04f1cdf8/screenshot - {}
RESULT: {}
COMMAND: POST /session/c1c20cc70f6d9ef30ac844aa04f1cdf8/element - {"using":"xpath","value":"//input[@id=\"application-managepartners-display-component---NewPartner--companyCodeComboBox-inner\"]"}
RESULT: {"using":"xpath","value":"//input[@id=\"application-managepartners-display-component---NewPartner--companyCodeComboBox-inner\"]"}
COMMAND: POST /session/c1c20cc70f6d9ef30ac844aa04f1cdf8/element/f.79CB9250C4973688A89FBF0EB0986102.d.1CA144FC65240947F9C094571B3E6544.e.10112/clear - {}
RESULT: {}
COMMAND: POST /session/c1c20cc70f6d9ef30ac844aa04f1cdf8/element/f.79CB9250C4973688A89FBF0EB0986102.d.1CA144FC65240947F9C094571B3E6544.e.10112/value - {"text":"C002"}
COMMAND: GET /session/c1c20cc70f6d9ef30ac844aa04f1cdf8/screenshot - {}
RESULT: {"text":"C002"}
COMMAND: GET /session/c1c20cc70f6d9ef30ac844aa04f1cdf8/screenshot - {}
RESULT: {}
RESULT: {}
COMMAND: POST /session/c1c20cc70f6d9ef30ac844aa04f1cdf8/element - {"using":"xpath","value":"//li[.//span[text()= \"C002\"]]"}
RESULT: {"using":"xpath","value":"//li[.//span[text()= \"C002\"]]"}
COMMAND: POST /session/c1c20cc70f6d9ef30ac844aa04f1cdf8/element/f.79CB9250C4973688A89FBF0EB0986102.d.1CA144FC65240947F9C094571B3E6544.e.10266/click - {}
RESULT: {}
COMMAND: GET /session/c1c20cc70f6d9ef30ac844aa04f1cdf8/screenshot - {}
RESULT: {}
COMMAND: POST /session/c1c20cc70f6d9ef30ac844aa04f1cdf8/execute/async - {"script":"<script> [1562 bytes]","args":[{"selector":{"id":"application-managepartners-display-component---NewPartner--btnAddTableRow-img"},"wdio_ui5_key":"applicationmanagepartners-display-component---NewPartner--btnAddTableRow-img"}]}
RESULT: {"script":"<script> [1562 bytes]","args":[{"selector":{"id":"application-managepartners-display-component---NewPartner--btnAddTableRow-img"},"wdio_ui5_key":"applicationmanagepartners-display-component---NewPartner--btnAddTableRow-img"}]}
RESULT: undefined
COMMAND: POST /session/c1c20cc70f6d9ef30ac844aa04f1cdf8/element - {"using":"xpath","value":"//*[@id=\"application-managepartners-display-component---NewPartner--btnAddTableRow-img\"]"}
RESULT: {"using":"xpath","value":"//*[@id=\"application-managepartners-display-component---NewPartner--btnAddTableRow-img\"]"}
COMMAND: POST /session/c1c20cc70f6d9ef30ac844aa04f1cdf8/element/f.79CB9250C4973688A89FBF0EB0986102.d.1CA144FC65240947F9C094571B3E6544.e.10267/click - {}
RESULT: {}
COMMAND: GET /session/c1c20cc70f6d9ef30ac844aa04f1cdf8/screenshot - {}
RESULT: {}
COMMAND: POST /session/c1c20cc70f6d9ef30ac844aa04f1cdf8/element - {"using":"xpath","value":"//input[@id=\"application-managepartners-display-component---NewPartner--assignmentYard-application-managepartners-display-component---NewPartner--assignmentsTable-0-inner\"]"}
RESULT: {"using":"xpath","value":"//input[@id=\"application-managepartners-display-component---NewPartner--assignmentYard-application-managepartners-display-component---NewPartner--assignmentsTable-0-inner\"]"}
COMMAND: POST /session/c1c20cc70f6d9ef30ac844aa04f1cdf8/element/f.79CB9250C4973688A89FBF0EB0986102.d.1CA144FC65240947F9C094571B3E6544.e.10270/clear - {}
RESULT: {}
COMMAND: POST /session/c1c20cc70f6d9ef30ac844aa04f1cdf8/element/f.79CB9250C4973688A89FBF0EB0986102.d.1CA144FC65240947F9C094571B3E6544.e.10270/value - {"text":"569"}
COMMAND: GET /session/c1c20cc70f6d9ef30ac844aa04f1cdf8/screenshot - {}
RESULT: {"text":"569"}
COMMAND: GET /session/c1c20cc70f6d9ef30ac844aa04f1cdf8/screenshot - {}
RESULT: {}
RESULT: {}
COMMAND: POST /session/c1c20cc70f6d9ef30ac844aa04f1cdf8/element - {"using":"xpath","value":"//li[.//span[text()='569']]"}
RESULT: {"using":"xpath","value":"//li[.//span[text()='569']]"}
COMMAND: POST /session/c1c20cc70f6d9ef30ac844aa04f1cdf8/element/f.79CB9250C4973688A89FBF0EB0986102.d.1CA144FC65240947F9C094571B3E6544.e.10278/click - {}
RESULT: {}
COMMAND: GET /session/c1c20cc70f6d9ef30ac844aa04f1cdf8/screenshot - {}
RESULT: {}
COMMAND: POST /session/c1c20cc70f6d9ef30ac844aa04f1cdf8/actions - {"actions":[{"id":"action26","type":"key","parameters":{},"actions":[{"type":"keyDown","value":"î€‡"},{"type":"pause","duration":10},{"type":"keyUp","value":"î€‡"}]}]}
RESULT: {"actions":[{"id":"action26","type":"key","parameters":{},"actions":[{"type":"keyDown","value":"î€‡"},{"type":"pause","duration":10},{"type":"keyUp","value":"î€‡"}]}]}
COMMAND: POST /session/c1c20cc70f6d9ef30ac844aa04f1cdf8/element - {"using":"xpath","value":"//td[contains(@id, \"assignmentsTable-0-cell2\")]/div/div"}
COMMAND: GET /session/c1c20cc70f6d9ef30ac844aa04f1cdf8/screenshot - {}
RESULT: {"using":"xpath","value":"//td[contains(@id, \"assignmentsTable-0-cell2\")]/div/div"}
COMMAND: POST /session/c1c20cc70f6d9ef30ac844aa04f1cdf8/element/f.79CB9250C4973688A89FBF0EB0986102.d.1CA144FC65240947F9C094571B3E6544.e.10281/click - {}
RESULT: {}
RESULT: {}
COMMAND: GET /session/c1c20cc70f6d9ef30ac844aa04f1cdf8/screenshot - {}
RESULT: {}
COMMAND: POST /session/c1c20cc70f6d9ef30ac844aa04f1cdf8/element - {"using":"xpath","value":"//button[@data-kt=\"saveButton\"]"}
RESULT: {"using":"xpath","value":"//button[@data-kt=\"saveButton\"]"}
COMMAND: POST /session/c1c20cc70f6d9ef30ac844aa04f1cdf8/element/f.79CB9250C4973688A89FBF0EB0986102.d.1CA144FC65240947F9C094571B3E6544.e.10123/click - {}
RESULT: {}
COMMAND: GET /session/c1c20cc70f6d9ef30ac844aa04f1cdf8/screenshot - {}
RESULT: {}
COMMAND: POST /session/c1c20cc70f6d9ef30ac844aa04f1cdf8/element - {"using":"xpath","value":"//header[contains(@id, 'ObjectPageLayout-headerTitle')]/div[1]/div[2]/div[2]/span[1]"}
RESULT: {"using":"xpath","value":"//header[contains(@id, 'ObjectPageLayout-headerTitle')]/div[1]/div[2]/div[2]/span[1]"}
COMMAND: POST /session/c1c20cc70f6d9ef30ac844aa04f1cdf8/elements - {"using":"xpath","value":"//header[contains(@id, 'ObjectPageLayout-headerTitle')]/div[1]/div[2]/div[2]/span[1]"}
RESULT: {"using":"xpath","value":"//header[contains(@id, 'ObjectPageLayout-headerTitle')]/div[1]/div[2]/div[2]/span[1]"}
COMMAND: POST /session/c1c20cc70f6d9ef30ac844aa04f1cdf8/execute/sync - {"script":"<script> [56 bytes]","args":[{"element-6066-11e4-a52e-4f735466cecf":"f.79CB9250C4973688A89FBF0EB0986102.d.1CA144FC65240947F9C094571B3E6544.e.10445","ELEMENT":"f.79CB9250C4973688A89FBF0EB0986102.d.1CA144FC65240947F9C094571B3E6544.e.10445"}]}
RESULT: {"script":"<script> [56 bytes]","args":[{"element-6066-11e4-a52e-4f735466cecf":"f.79CB9250C4973688A89FBF0EB0986102.d.1CA144FC65240947F9C094571B3E6544.e.10445","ELEMENT":"f.79CB9250C4973688A89FBF0EB0986102.d.1CA144FC65240947F9C094571B3E6544.e.10445"}]}
COMMAND: POST /session/c1c20cc70f6d9ef30ac844aa04f1cdf8/element - {"using":"css selector","value":"#shell-header-logo"}
COMMAND: GET /session/c1c20cc70f6d9ef30ac844aa04f1cdf8/screenshot - {}
RESULT: {"using":"css selector","value":"#shell-header-logo"}
COMMAND: POST /session/c1c20cc70f6d9ef30ac844aa04f1cdf8/element/f.79CB9250C4973688A89FBF0EB0986102.d.1CA144FC65240947F9C094571B3E6544.e.9755/click - {}
RESULT: {}
RESULT: {}
COMMAND: GET /session/c1c20cc70f6d9ef30ac844aa04f1cdf8/screenshot - {}
RESULT: {}
COMMAND: POST /session/c1c20cc70f6d9ef30ac844aa04f1cdf8/execute/sync - {"script":"<script> [299 bytes]","args":[["getModel","getResource"]]}
RESULT: {"script":"<script> [299 bytes]","args":[["getModel","getResource"]]}
]]></system-out>
    </testcase>
    <testcase classname="chrome.136_0_7103_93.windows.Create_partner_US118246" name="Should create a new yard in case create yard failed" time="124.496">
      <system-out><![CDATA[
RESULT: undefined
COMMAND: POST /session/c1c20cc70f6d9ef30ac844aa04f1cdf8/element - {"using":"xpath","value":"//*[@id=\"__tile41\"]"}
COMMAND: GET /session/c1c20cc70f6d9ef30ac844aa04f1cdf8/screenshot - {}
RESULT: {"using":"xpath","value":"//*[@id=\"__tile41\"]"}
COMMAND: POST /session/c1c20cc70f6d9ef30ac844aa04f1cdf8/element/f.79CB9250C4973688A89FBF0EB0986102.d.1CA144FC65240947F9C094571B3E6544.e.8904/click - {}
RESULT: {}
RESULT: {}
COMMAND: GET /session/c1c20cc70f6d9ef30ac844aa04f1cdf8/screenshot - {}
RESULT: {}
COMMAND: POST /session/c1c20cc70f6d9ef30ac844aa04f1cdf8/elements - {"using":"xpath","value":"//span[text()='Error']"}
RESULT: {"using":"xpath","value":"//span[text()='Error']"}
COMMAND: POST /session/c1c20cc70f6d9ef30ac844aa04f1cdf8/element - {"using":"xpath","value":"//button[@data-kt=\"addNewYardOverflowToolbarButton\"]"}
RESULT: {"using":"xpath","value":"//button[@data-kt=\"addNewYardOverflowToolbarButton\"]"}
COMMAND: POST /session/c1c20cc70f6d9ef30ac844aa04f1cdf8/elements - {"using":"xpath","value":"//button[@data-kt=\"addNewYardOverflowToolbarButton\"]"}
RESULT: {"using":"xpath","value":"//button[@data-kt=\"addNewYardOverflowToolbarButton\"]"}
COMMAND: POST /session/c1c20cc70f6d9ef30ac844aa04f1cdf8/execute/sync - {"script":"<script> [8489 bytes]","args":[{"element-6066-11e4-a52e-4f735466cecf":"f.79CB9250C4973688A89FBF0EB0986102.d.1CA144FC65240947F9C094571B3E6544.e.10488","ELEMENT":"f.79CB9250C4973688A89FBF0EB0986102.d.1CA144FC65240947F9C094571B3E6544.e.10488"}]}
RESULT: {"script":"<script> [8489 bytes]","args":[{"element-6066-11e4-a52e-4f735466cecf":"f.79CB9250C4973688A89FBF0EB0986102.d.1CA144FC65240947F9C094571B3E6544.e.10488","ELEMENT":"f.79CB9250C4973688A89FBF0EB0986102.d.1CA144FC65240947F9C094571B3E6544.e.10488"}]}
COMMAND: GET /session/c1c20cc70f6d9ef30ac844aa04f1cdf8/element/f.79CB9250C4973688A89FBF0EB0986102.d.1CA144FC65240947F9C094571B3E6544.e.10488/enabled - {}
COMMAND: GET /session/c1c20cc70f6d9ef30ac844aa04f1cdf8/screenshot - {}
RESULT: {}
COMMAND: POST /session/c1c20cc70f6d9ef30ac844aa04f1cdf8/execute/sync - {"script":"<script> [8489 bytes]","args":[{"element-6066-11e4-a52e-4f735466cecf":"f.79CB9250C4973688A89FBF0EB0986102.d.1CA144FC65240947F9C094571B3E6544.e.10488","ELEMENT":"f.79CB9250C4973688A89FBF0EB0986102.d.1CA144FC65240947F9C094571B3E6544.e.10488"}]}
COMMAND: GET /session/c1c20cc70f6d9ef30ac844aa04f1cdf8/screenshot - {}
RESULT: {}
RESULT: {"script":"<script> [8489 bytes]","args":[{"element-6066-11e4-a52e-4f735466cecf":"f.79CB9250C4973688A89FBF0EB0986102.d.1CA144FC65240947F9C094571B3E6544.e.10488","ELEMENT":"f.79CB9250C4973688A89FBF0EB0986102.d.1CA144FC65240947F9C094571B3E6544.e.10488"}]}
COMMAND: POST /session/c1c20cc70f6d9ef30ac844aa04f1cdf8/execute/sync - {"script":"<script> [5351 bytes]","args":[{"element-6066-11e4-a52e-4f735466cecf":"f.79CB9250C4973688A89FBF0EB0986102.d.1CA144FC65240947F9C094571B3E6544.e.10488","ELEMENT":"f.79CB9250C4973688A89FBF0EB0986102.d.1CA144FC65240947F9C094571B3E6544.e.10488"}]}
COMMAND: GET /session/c1c20cc70f6d9ef30ac844aa04f1cdf8/screenshot - {}
RESULT: {}
RESULT: {"script":"<script> [5351 bytes]","args":[{"element-6066-11e4-a52e-4f735466cecf":"f.79CB9250C4973688A89FBF0EB0986102.d.1CA144FC65240947F9C094571B3E6544.e.10488","ELEMENT":"f.79CB9250C4973688A89FBF0EB0986102.d.1CA144FC65240947F9C094571B3E6544.e.10488"}]}
COMMAND: POST /session/c1c20cc70f6d9ef30ac844aa04f1cdf8/element/f.79CB9250C4973688A89FBF0EB0986102.d.1CA144FC65240947F9C094571B3E6544.e.10488/click - {}
COMMAND: GET /session/c1c20cc70f6d9ef30ac844aa04f1cdf8/screenshot - {}
RESULT: {}
RESULT: {}
COMMAND: GET /session/c1c20cc70f6d9ef30ac844aa04f1cdf8/screenshot - {}
COMMAND: POST /session/c1c20cc70f6d9ef30ac844aa04f1cdf8/element - {"using":"xpath","value":"//input[@id=\"application-manageyards-display-component---NewYard--yardId-inner\"]"}
RESULT: {}
RESULT: {}
RESULT: {"using":"xpath","value":"//input[@id=\"application-manageyards-display-component---NewYard--yardId-inner\"]"}
COMMAND: POST /session/c1c20cc70f6d9ef30ac844aa04f1cdf8/element - {"using":"xpath","value":"//input[@id=\"application-manageyards-display-component---NewYard--yardId-inner\"]"}
RESULT: {"using":"xpath","value":"//input[@id=\"application-manageyards-display-component---NewYard--yardId-inner\"]"}
RESULT: undefined
COMMAND: POST /session/c1c20cc70f6d9ef30ac844aa04f1cdf8/execute/async - {"script":"<script> [776 bytes]","args":[{"enterText":"Warehouse Managed WDIO","selector":{"id":"application-manageyards-display-component---NewYard--addressDetailDetailsName1","interaction":{"idSuffix":"inner"}},"clearTextFirst":true,"interactionType":"ENTER_TEXT"}]}
RESULT: {"script":"<script> [776 bytes]","args":[{"enterText":"Warehouse Managed WDIO","selector":{"id":"application-manageyards-display-component---NewYard--addressDetailDetailsName1","interaction":{"idSuffix":"inner"}},"clearTextFirst":true,"interactionType":"ENTER_TEXT"}]}
RESULT: undefined
COMMAND: POST /session/c1c20cc70f6d9ef30ac844aa04f1cdf8/element - {"using":"xpath","value":"//*[@id=\"application-manageyards-display-component---NewYard--addressDetailDetailsLanguage-arrow\"]"}
RESULT: {"using":"xpath","value":"//*[@id=\"application-manageyards-display-component---NewYard--addressDetailDetailsLanguage-arrow\"]"}
COMMAND: POST /session/c1c20cc70f6d9ef30ac844aa04f1cdf8/element/f.79CB9250C4973688A89FBF0EB0986102.d.1CA144FC65240947F9C094571B3E6544.e.10923/click - {}
RESULT: {}
COMMAND: POST /session/c1c20cc70f6d9ef30ac844aa04f1cdf8/element - {"using":"xpath","value":"//span[contains(text(), \"English\")]"}
COMMAND: GET /session/c1c20cc70f6d9ef30ac844aa04f1cdf8/screenshot - {}
RESULT: {"using":"xpath","value":"//span[contains(text(), \"English\")]"}
COMMAND: POST /session/c1c20cc70f6d9ef30ac844aa04f1cdf8/element/f.79CB9250C4973688A89FBF0EB0986102.d.1CA144FC65240947F9C094571B3E6544.e.10924/click - {}
RESULT: {}
RESULT: {}
RESULT: undefined
COMMAND: POST /session/c1c20cc70f6d9ef30ac844aa04f1cdf8/execute/async - {"script":"<script> [776 bytes]","args":[{"enterText":"Rosario","selector":{"id":"application-manageyards-display-component---NewYard--addressDetailDetailsCity1","interaction":{"idSuffix":"inner"}},"clearTextFirst":true,"interactionType":"ENTER_TEXT"}]}
COMMAND: GET /session/c1c20cc70f6d9ef30ac844aa04f1cdf8/screenshot - {}
RESULT: {"script":"<script> [776 bytes]","args":[{"enterText":"Rosario","selector":{"id":"application-manageyards-display-component---NewYard--addressDetailDetailsCity1","interaction":{"idSuffix":"inner"}},"clearTextFirst":true,"interactionType":"ENTER_TEXT"}]}
RESULT: undefined
COMMAND: POST /session/c1c20cc70f6d9ef30ac844aa04f1cdf8/element - {"using":"xpath","value":"//*[@id=\"application-manageyards-display-component---NewYard--addressDetailDetailsCountry-arrow\"]"}
RESULT: {}
RESULT: {"using":"xpath","value":"//*[@id=\"application-manageyards-display-component---NewYard--addressDetailDetailsCountry-arrow\"]"}
COMMAND: POST /session/c1c20cc70f6d9ef30ac844aa04f1cdf8/element/f.79CB9250C4973688A89FBF0EB0986102.d.1CA144FC65240947F9C094571B3E6544.e.10925/click - {}
RESULT: {}
COMMAND: POST /session/c1c20cc70f6d9ef30ac844aa04f1cdf8/element - {"using":"xpath","value":"//span[contains(text(), \"Argentina\")]"}
COMMAND: GET /session/c1c20cc70f6d9ef30ac844aa04f1cdf8/screenshot - {}
RESULT: {"using":"xpath","value":"//span[contains(text(), \"Argentina\")]"}
COMMAND: POST /session/c1c20cc70f6d9ef30ac844aa04f1cdf8/element/f.79CB9250C4973688A89FBF0EB0986102.d.1CA144FC65240947F9C094571B3E6544.e.10926/click - {}
RESULT: {}
RESULT: {}
RESULT: undefined
COMMAND: POST /session/c1c20cc70f6d9ef30ac844aa04f1cdf8/element - {"using":"xpath","value":"//*[@id=\"application-manageyards-display-component---NewYard--addressEditDetailsCostObjectCstType-arrow\"]"}
COMMAND: GET /session/c1c20cc70f6d9ef30ac844aa04f1cdf8/screenshot - {}
RESULT: {"using":"xpath","value":"//*[@id=\"application-manageyards-display-component---NewYard--addressEditDetailsCostObjectCstType-arrow\"]"}
COMMAND: POST /session/c1c20cc70f6d9ef30ac844aa04f1cdf8/element/f.79CB9250C4973688A89FBF0EB0986102.d.1CA144FC65240947F9C094571B3E6544.e.10928/click - {}
RESULT: {}
RESULT: {}
COMMAND: POST /session/c1c20cc70f6d9ef30ac844aa04f1cdf8/element - {"using":"xpath","value":"//span[contains(text(), \"Cost Center\")]"}
COMMAND: GET /session/c1c20cc70f6d9ef30ac844aa04f1cdf8/screenshot - {}
RESULT: {"using":"xpath","value":"//span[contains(text(), \"Cost Center\")]"}
COMMAND: POST /session/c1c20cc70f6d9ef30ac844aa04f1cdf8/element/f.79CB9250C4973688A89FBF0EB0986102.d.1CA144FC65240947F9C094571B3E6544.e.10929/click - {}
RESULT: {}
RESULT: {}
COMMAND: GET /session/c1c20cc70f6d9ef30ac844aa04f1cdf8/screenshot - {}
RESULT: {}
COMMAND: POST /session/c1c20cc70f6d9ef30ac844aa04f1cdf8/element - {"using":"xpath","value":"//span[@id=\"application-manageyards-display-component---NewYard--addressNewCostObjectCstID-vhi\"]"}
RESULT: {"using":"xpath","value":"//span[@id=\"application-manageyards-display-component---NewYard--addressNewCostObjectCstID-vhi\"]"}
COMMAND: POST /session/c1c20cc70f6d9ef30ac844aa04f1cdf8/execute/sync - {"script":"<script> [8489 bytes]","args":[{"element-6066-11e4-a52e-4f735466cecf":"f.79CB9250C4973688A89FBF0EB0986102.d.1CA144FC65240947F9C094571B3E6544.e.10933","ELEMENT":"f.79CB9250C4973688A89FBF0EB0986102.d.1CA144FC65240947F9C094571B3E6544.e.10933"}]}
RESULT: {"script":"<script> [8489 bytes]","args":[{"element-6066-11e4-a52e-4f735466cecf":"f.79CB9250C4973688A89FBF0EB0986102.d.1CA144FC65240947F9C094571B3E6544.e.10933","ELEMENT":"f.79CB9250C4973688A89FBF0EB0986102.d.1CA144FC65240947F9C094571B3E6544.e.10933"}]}
RESULT: undefined
COMMAND: POST /session/c1c20cc70f6d9ef30ac844aa04f1cdf8/element - {"using":"xpath","value":"//*[@id=\"application-manageyards-display-component---NewYard--addressNewCostObjectCstID-vhi\"]"}
COMMAND: GET /session/c1c20cc70f6d9ef30ac844aa04f1cdf8/screenshot - {}
RESULT: {"using":"xpath","value":"//*[@id=\"application-manageyards-display-component---NewYard--addressNewCostObjectCstID-vhi\"]"}
COMMAND: POST /session/c1c20cc70f6d9ef30ac844aa04f1cdf8/element/f.79CB9250C4973688A89FBF0EB0986102.d.1CA144FC65240947F9C094571B3E6544.e.10933/click - {}
RESULT: {}
RESULT: {}
COMMAND: GET /session/c1c20cc70f6d9ef30ac844aa04f1cdf8/screenshot - {}
RESULT: {}
RESULT: undefined
COMMAND: POST /session/c1c20cc70f6d9ef30ac844aa04f1cdf8/execute/async - {"script":"<script> [776 bytes]","args":[{"enterText":"bauh_b","selector":{"controlType":"sap.m.SearchField","properties":{"placeholder":"Search"},"searchOpenDialogs":true,"interaction":{"idSuffix":"I"}},"clearTextFirst":true,"interactionType":"ENTER_TEXT"}]}
RESULT: {"script":"<script> [776 bytes]","args":[{"enterText":"bauh_b","selector":{"controlType":"sap.m.SearchField","properties":{"placeholder":"Search"},"searchOpenDialogs":true,"interaction":{"idSuffix":"I"}},"clearTextFirst":true,"interactionType":"ENTER_TEXT"}]}
COMMAND: POST /session/c1c20cc70f6d9ef30ac844aa04f1cdf8/actions - {"actions":[{"id":"action27","type":"key","parameters":{},"actions":[{"type":"keyDown","value":"î€‡"},{"type":"pause","duration":10},{"type":"keyUp","value":"î€‡"}]}]}
RESULT: {"actions":[{"id":"action27","type":"key","parameters":{},"actions":[{"type":"keyDown","value":"î€‡"},{"type":"pause","duration":10},{"type":"keyUp","value":"î€‡"}]}]}
COMMAND: GET /session/c1c20cc70f6d9ef30ac844aa04f1cdf8/screenshot - {}
RESULT: {}
COMMAND: POST /session/c1c20cc70f6d9ef30ac844aa04f1cdf8/element - {"using":"xpath","value":"//span[contains(text(), \"Demo Yard\")]"}
RESULT: {"using":"xpath","value":"//span[contains(text(), \"Demo Yard\")]"}
COMMAND: POST /session/c1c20cc70f6d9ef30ac844aa04f1cdf8/element/f.79CB9250C4973688A89FBF0EB0986102.d.1CA144FC65240947F9C094571B3E6544.e.10939/click - {}
RESULT: {}
COMMAND: GET /session/c1c20cc70f6d9ef30ac844aa04f1cdf8/screenshot - {}
RESULT: {}
COMMAND: POST /session/c1c20cc70f6d9ef30ac844aa04f1cdf8/element - {"using":"xpath","value":"//bdi[contains(text(), \"OK\")]"}
RESULT: {"using":"xpath","value":"//bdi[contains(text(), \"OK\")]"}
COMMAND: POST /session/c1c20cc70f6d9ef30ac844aa04f1cdf8/element/f.79CB9250C4973688A89FBF0EB0986102.d.1CA144FC65240947F9C094571B3E6544.e.10941/click - {}
RESULT: {}
COMMAND: GET /session/c1c20cc70f6d9ef30ac844aa04f1cdf8/screenshot - {}
RESULT: {}
RESULT: undefined
COMMAND: POST /session/c1c20cc70f6d9ef30ac844aa04f1cdf8/element - {"using":"xpath","value":"//*[@id=\"application-manageyards-display-component---NewYard--addressEditDetailsCurrency-arrow\"]"}
RESULT: {"using":"xpath","value":"//*[@id=\"application-manageyards-display-component---NewYard--addressEditDetailsCurrency-arrow\"]"}
COMMAND: POST /session/c1c20cc70f6d9ef30ac844aa04f1cdf8/element/f.79CB9250C4973688A89FBF0EB0986102.d.1CA144FC65240947F9C094571B3E6544.e.10944/click - {}
RESULT: {}
COMMAND: POST /session/c1c20cc70f6d9ef30ac844aa04f1cdf8/element - {"using":"xpath","value":"//span[contains(text(), \"Euro\")]"}
COMMAND: GET /session/c1c20cc70f6d9ef30ac844aa04f1cdf8/screenshot - {}
RESULT: {"using":"xpath","value":"//span[contains(text(), \"Euro\")]"}
COMMAND: POST /session/c1c20cc70f6d9ef30ac844aa04f1cdf8/element/f.79CB9250C4973688A89FBF0EB0986102.d.1CA144FC65240947F9C094571B3E6544.e.10945/click - {}
RESULT: {}
RESULT: {}
RESULT: undefined
COMMAND: POST /session/c1c20cc70f6d9ef30ac844aa04f1cdf8/execute/async - {"script":"<script> [776 bytes]","args":[{"enterText":"Z001","selector":{"controlType":"sap.m.Input","viewName":"etm.portal.ui.manageyards.view.New","viewId":"application-manageyards-display-component---NewYard","bindingPath":{"path":"","propertyPath":"/CONTROLLING_AREA","modelName":"NewYardModel"},"interaction":{"idSuffix":"inner"}},"clearTextFirst":true,"interactionType":"ENTER_TEXT"}]}
COMMAND: GET /session/c1c20cc70f6d9ef30ac844aa04f1cdf8/screenshot - {}
RESULT: {"script":"<script> [776 bytes]","args":[{"enterText":"Z001","selector":{"controlType":"sap.m.Input","viewName":"etm.portal.ui.manageyards.view.New","viewId":"application-manageyards-display-component---NewYard","bindingPath":{"path":"","propertyPath":"/CONTROLLING_AREA","modelName":"NewYardModel"},"interaction":{"idSuffix":"inner"}},"clearTextFirst":true,"interactionType":"ENTER_TEXT"}]}
RESULT: undefined
COMMAND: POST /session/c1c20cc70f6d9ef30ac844aa04f1cdf8/execute/async - {"script":"<script> [776 bytes]","args":[{"enterText":"1000","selector":{"id":"application-manageyards-display-component---NewYard--companyCodeComboBox","interaction":{"idSuffix":"inner"}},"clearTextFirst":true,"interactionType":"ENTER_TEXT"}]}
RESULT: {}
RESULT: {"script":"<script> [776 bytes]","args":[{"enterText":"1000","selector":{"id":"application-manageyards-display-component---NewYard--companyCodeComboBox","interaction":{"idSuffix":"inner"}},"clearTextFirst":true,"interactionType":"ENTER_TEXT"}]}
RESULT: undefined
COMMAND: POST /session/c1c20cc70f6d9ef30ac844aa04f1cdf8/execute/async - {"script":"<script> [776 bytes]","args":[{"enterText":"1001","selector":{"controlType":"sap.m.Input","viewName":"etm.portal.ui.manageyards.view.New","viewId":"application-manageyards-display-component---NewYard","bindingPath":{"path":"","propertyPath":"/PLANT","modelName":"NewYardModel"},"interaction":{"idSuffix":"inner"}},"clearTextFirst":true,"interactionType":"ENTER_TEXT"}]}
RESULT: {"script":"<script> [776 bytes]","args":[{"enterText":"1001","selector":{"controlType":"sap.m.Input","viewName":"etm.portal.ui.manageyards.view.New","viewId":"application-manageyards-display-component---NewYard","bindingPath":{"path":"","propertyPath":"/PLANT","modelName":"NewYardModel"},"interaction":{"idSuffix":"inner"}},"clearTextFirst":true,"interactionType":"ENTER_TEXT"}]}
RESULT: undefined
COMMAND: POST /session/c1c20cc70f6d9ef30ac844aa04f1cdf8/execute/async - {"script":"<script> [776 bytes]","args":[{"enterText":"C002","selector":{"controlType":"sap.m.Input","viewName":"etm.portal.ui.manageyards.view.New","viewId":"application-manageyards-display-component---NewYard","bindingPath":{"path":"","propertyPath":"/SALES_AREA_VKORG","modelName":"NewYardModel"},"interaction":{"idSuffix":"inner"}},"clearTextFirst":true,"interactionType":"ENTER_TEXT"}]}
RESULT: {"script":"<script> [776 bytes]","args":[{"enterText":"C002","selector":{"controlType":"sap.m.Input","viewName":"etm.portal.ui.manageyards.view.New","viewId":"application-manageyards-display-component---NewYard","bindingPath":{"path":"","propertyPath":"/SALES_AREA_VKORG","modelName":"NewYardModel"},"interaction":{"idSuffix":"inner"}},"clearTextFirst":true,"interactionType":"ENTER_TEXT"}]}
RESULT: undefined
COMMAND: POST /session/c1c20cc70f6d9ef30ac844aa04f1cdf8/execute/async - {"script":"<script> [776 bytes]","args":[{"enterText":"C2","selector":{"controlType":"sap.m.Input","viewName":"etm.portal.ui.manageyards.view.New","viewId":"application-manageyards-display-component---NewYard","bindingPath":{"path":"","propertyPath":"/SALES_AREA_VTWEG","modelName":"NewYardModel"},"interaction":{"idSuffix":"inner"}},"clearTextFirst":true,"interactionType":"ENTER_TEXT"}]}
RESULT: {"script":"<script> [776 bytes]","args":[{"enterText":"C2","selector":{"controlType":"sap.m.Input","viewName":"etm.portal.ui.manageyards.view.New","viewId":"application-manageyards-display-component---NewYard","bindingPath":{"path":"","propertyPath":"/SALES_AREA_VTWEG","modelName":"NewYardModel"},"interaction":{"idSuffix":"inner"}},"clearTextFirst":true,"interactionType":"ENTER_TEXT"}]}
RESULT: undefined
COMMAND: POST /session/c1c20cc70f6d9ef30ac844aa04f1cdf8/execute/async - {"script":"<script> [776 bytes]","args":[{"enterText":"C2","selector":{"controlType":"sap.m.Input","viewName":"etm.portal.ui.manageyards.view.New","viewId":"application-manageyards-display-component---NewYard","bindingPath":{"path":"","propertyPath":"/SALES_AREA_SPART","modelName":"NewYardModel"},"interaction":{"idSuffix":"inner"}},"clearTextFirst":true,"interactionType":"ENTER_TEXT"}]}
RESULT: {"script":"<script> [776 bytes]","args":[{"enterText":"C2","selector":{"controlType":"sap.m.Input","viewName":"etm.portal.ui.manageyards.view.New","viewId":"application-manageyards-display-component---NewYard","bindingPath":{"path":"","propertyPath":"/SALES_AREA_SPART","modelName":"NewYardModel"},"interaction":{"idSuffix":"inner"}},"clearTextFirst":true,"interactionType":"ENTER_TEXT"}]}
RESULT: undefined
COMMAND: POST /session/c1c20cc70f6d9ef30ac844aa04f1cdf8/execute/async - {"script":"<script> [776 bytes]","args":[{"enterText":"1710","selector":{"controlType":"sap.m.Input","viewName":"etm.portal.ui.manageyards.view.New","viewId":"application-manageyards-display-component---NewYard","bindingPath":{"path":"","propertyPath":"/SHIP_POINT","modelName":"NewYardModel"},"interaction":{"idSuffix":"inner"}},"clearTextFirst":true,"interactionType":"ENTER_TEXT"}]}
RESULT: {"script":"<script> [776 bytes]","args":[{"enterText":"1710","selector":{"controlType":"sap.m.Input","viewName":"etm.portal.ui.manageyards.view.New","viewId":"application-manageyards-display-component---NewYard","bindingPath":{"path":"","propertyPath":"/SHIP_POINT","modelName":"NewYardModel"},"interaction":{"idSuffix":"inner"}},"clearTextFirst":true,"interactionType":"ENTER_TEXT"}]}
RESULT: undefined
COMMAND: POST /session/c1c20cc70f6d9ef30ac844aa04f1cdf8/execute/async - {"script":"<script> [776 bytes]","args":[{"enterText":"ZL01","selector":{"controlType":"sap.m.Input","viewName":"etm.portal.ui.manageyards.view.New","viewId":"application-manageyards-display-component---NewYard","bindingPath":{"path":"","propertyPath":"/DELIVERY_TYPE","modelName":"NewYardModel"},"interaction":{"idSuffix":"inner"}},"clearTextFirst":true,"interactionType":"ENTER_TEXT"}]}
RESULT: {"script":"<script> [776 bytes]","args":[{"enterText":"ZL01","selector":{"controlType":"sap.m.Input","viewName":"etm.portal.ui.manageyards.view.New","viewId":"application-manageyards-display-component---NewYard","bindingPath":{"path":"","propertyPath":"/DELIVERY_TYPE","modelName":"NewYardModel"},"interaction":{"idSuffix":"inner"}},"clearTextFirst":true,"interactionType":"ENTER_TEXT"}]}
RESULT: undefined
COMMAND: POST /session/c1c20cc70f6d9ef30ac844aa04f1cdf8/execute/async - {"script":"<script> [776 bytes]","args":[{"enterText":"TA","selector":{"controlType":"sap.m.Input","viewName":"etm.portal.ui.manageyards.view.New","viewId":"application-manageyards-display-component---NewYard","bindingPath":{"path":"","propertyPath":"/AUART","modelName":"NewYardModel"},"interaction":{"idSuffix":"inner"}},"clearTextFirst":true,"interactionType":"ENTER_TEXT"}]}
RESULT: {"script":"<script> [776 bytes]","args":[{"enterText":"TA","selector":{"controlType":"sap.m.Input","viewName":"etm.portal.ui.manageyards.view.New","viewId":"application-manageyards-display-component---NewYard","bindingPath":{"path":"","propertyPath":"/AUART","modelName":"NewYardModel"},"interaction":{"idSuffix":"inner"}},"clearTextFirst":true,"interactionType":"ENTER_TEXT"}]}
COMMAND: POST /session/c1c20cc70f6d9ef30ac844aa04f1cdf8/execute/async - {"script":"<script> [1562 bytes]","args":[{"selector":{"id":"application-manageyards-display-component---NewYard--whmCheckBox","interaction":{"idSuffix":"CbBg"}},"wdio_ui5_key":"applicationmanageyards-display-component---NewYard--whmCheckBox"}]}
RESULT: {"script":"<script> [1562 bytes]","args":[{"selector":{"id":"application-manageyards-display-component---NewYard--whmCheckBox","interaction":{"idSuffix":"CbBg"}},"wdio_ui5_key":"applicationmanageyards-display-component---NewYard--whmCheckBox"}]}
RESULT: undefined
COMMAND: POST /session/c1c20cc70f6d9ef30ac844aa04f1cdf8/element - {"using":"xpath","value":"//*[@id=\"application-manageyards-display-component---NewYard--whmCheckBox\"]"}
RESULT: {"using":"xpath","value":"//*[@id=\"application-manageyards-display-component---NewYard--whmCheckBox\"]"}
COMMAND: POST /session/c1c20cc70f6d9ef30ac844aa04f1cdf8/element/f.79CB9250C4973688A89FBF0EB0986102.d.1CA144FC65240947F9C094571B3E6544.e.10955/click - {}
RESULT: {}
COMMAND: GET /session/c1c20cc70f6d9ef30ac844aa04f1cdf8/screenshot - {}
RESULT: {}
COMMAND: POST /session/c1c20cc70f6d9ef30ac844aa04f1cdf8/element - {"using":"xpath","value":"//button[@data-kt=\"newYardSaveButton\"]"}
RESULT: {"using":"xpath","value":"//button[@data-kt=\"newYardSaveButton\"]"}
COMMAND: POST /session/c1c20cc70f6d9ef30ac844aa04f1cdf8/element/f.79CB9250C4973688A89FBF0EB0986102.d.1CA144FC65240947F9C094571B3E6544.e.10885/click - {}
RESULT: {}
COMMAND: GET /session/c1c20cc70f6d9ef30ac844aa04f1cdf8/screenshot - {}
RESULT: {}
COMMAND: POST /session/c1c20cc70f6d9ef30ac844aa04f1cdf8/element - {"using":"xpath","value":"//header[contains(@id, 'ObjectPageLayout-headerTitle')]/div[1]/div[2]/div[1]/span[1]"}
RESULT: {"using":"xpath","value":"//header[contains(@id, 'ObjectPageLayout-headerTitle')]/div[1]/div[2]/div[1]/span[1]"}
COMMAND: POST /session/c1c20cc70f6d9ef30ac844aa04f1cdf8/elements - {"using":"xpath","value":"//header[contains(@id, 'ObjectPageLayout-headerTitle')]/div[1]/div[2]/div[1]/span[1]"}
RESULT: {"using":"xpath","value":"//header[contains(@id, 'ObjectPageLayout-headerTitle')]/div[1]/div[2]/div[1]/span[1]"}
COMMAND: POST /session/c1c20cc70f6d9ef30ac844aa04f1cdf8/execute/sync - {"script":"<script> [56 bytes]","args":[{"element-6066-11e4-a52e-4f735466cecf":"f.79CB9250C4973688A89FBF0EB0986102.d.1CA144FC65240947F9C094571B3E6544.e.11161","ELEMENT":"f.79CB9250C4973688A89FBF0EB0986102.d.1CA144FC65240947F9C094571B3E6544.e.11161"}]}
RESULT: {"script":"<script> [56 bytes]","args":[{"element-6066-11e4-a52e-4f735466cecf":"f.79CB9250C4973688A89FBF0EB0986102.d.1CA144FC65240947F9C094571B3E6544.e.11161","ELEMENT":"f.79CB9250C4973688A89FBF0EB0986102.d.1CA144FC65240947F9C094571B3E6544.e.11161"}]}
COMMAND: GET /session/c1c20cc70f6d9ef30ac844aa04f1cdf8/screenshot - {}
RESULT: {}
COMMAND: POST /session/c1c20cc70f6d9ef30ac844aa04f1cdf8/element - {"using":"css selector","value":"#shell-header-logo"}
RESULT: {"using":"css selector","value":"#shell-header-logo"}
COMMAND: POST /session/c1c20cc70f6d9ef30ac844aa04f1cdf8/element/f.79CB9250C4973688A89FBF0EB0986102.d.1CA144FC65240947F9C094571B3E6544.e.10449/click - {}
RESULT: {}
COMMAND: GET /session/c1c20cc70f6d9ef30ac844aa04f1cdf8/screenshot - {}
RESULT: {}
COMMAND: POST /session/c1c20cc70f6d9ef30ac844aa04f1cdf8/execute/sync - {"script":"<script> [299 bytes]","args":[["getModel","getResource"]]}
RESULT: {"script":"<script> [299 bytes]","args":[["getModel","getResource"]]}
COMMAND: GET /session/c1c20cc70f6d9ef30ac844aa04f1cdf8/screenshot - {}
]]></system-out>
    </testcase>
    <testcase classname="chrome.136_0_7103_93.windows.Create_partner_US118246" name="Should create new external WHM partner" time="101.494">
      <system-out><![CDATA[
COMMAND: POST /session/c1c20cc70f6d9ef30ac844aa04f1cdf8/window/fullscreen - {}
RESULT: {}
RESULT: {}
RESULT: undefined
COMMAND: POST /session/c1c20cc70f6d9ef30ac844aa04f1cdf8/element - {"using":"xpath","value":"//*[@id=\"__tile38\"]"}
RESULT: {"using":"xpath","value":"//*[@id=\"__tile38\"]"}
COMMAND: POST /session/c1c20cc70f6d9ef30ac844aa04f1cdf8/element/f.79CB9250C4973688A89FBF0EB0986102.d.1CA144FC65240947F9C094571B3E6544.e.8895/click - {}
RESULT: {}
COMMAND: GET /session/c1c20cc70f6d9ef30ac844aa04f1cdf8/screenshot - {}
RESULT: {}
COMMAND: POST /session/c1c20cc70f6d9ef30ac844aa04f1cdf8/elements - {"using":"xpath","value":"//span[text()='Error']"}
RESULT: {"using":"xpath","value":"//span[text()='Error']"}
COMMAND: POST /session/c1c20cc70f6d9ef30ac844aa04f1cdf8/element - {"using":"xpath","value":"//button[@data-kt=\"addButton\"]"}
RESULT: {"using":"xpath","value":"//button[@data-kt=\"addButton\"]"}
COMMAND: POST /session/c1c20cc70f6d9ef30ac844aa04f1cdf8/elements - {"using":"xpath","value":"//button[@data-kt=\"addButton\"]"}
RESULT: {"using":"xpath","value":"//button[@data-kt=\"addButton\"]"}
COMMAND: POST /session/c1c20cc70f6d9ef30ac844aa04f1cdf8/execute/sync - {"script":"<script> [8489 bytes]","args":[{"element-6066-11e4-a52e-4f735466cecf":"f.79CB9250C4973688A89FBF0EB0986102.d.1CA144FC65240947F9C094571B3E6544.e.11209","ELEMENT":"f.79CB9250C4973688A89FBF0EB0986102.d.1CA144FC65240947F9C094571B3E6544.e.11209"}]}
RESULT: {"script":"<script> [8489 bytes]","args":[{"element-6066-11e4-a52e-4f735466cecf":"f.79CB9250C4973688A89FBF0EB0986102.d.1CA144FC65240947F9C094571B3E6544.e.11209","ELEMENT":"f.79CB9250C4973688A89FBF0EB0986102.d.1CA144FC65240947F9C094571B3E6544.e.11209"}]}
COMMAND: GET /session/c1c20cc70f6d9ef30ac844aa04f1cdf8/element/f.79CB9250C4973688A89FBF0EB0986102.d.1CA144FC65240947F9C094571B3E6544.e.11209/enabled - {}
COMMAND: GET /session/c1c20cc70f6d9ef30ac844aa04f1cdf8/screenshot - {}
RESULT: {}
COMMAND: POST /session/c1c20cc70f6d9ef30ac844aa04f1cdf8/execute/sync - {"script":"<script> [8489 bytes]","args":[{"element-6066-11e4-a52e-4f735466cecf":"f.79CB9250C4973688A89FBF0EB0986102.d.1CA144FC65240947F9C094571B3E6544.e.11209","ELEMENT":"f.79CB9250C4973688A89FBF0EB0986102.d.1CA144FC65240947F9C094571B3E6544.e.11209"}]}
COMMAND: GET /session/c1c20cc70f6d9ef30ac844aa04f1cdf8/screenshot - {}
RESULT: {}
RESULT: {"script":"<script> [8489 bytes]","args":[{"element-6066-11e4-a52e-4f735466cecf":"f.79CB9250C4973688A89FBF0EB0986102.d.1CA144FC65240947F9C094571B3E6544.e.11209","ELEMENT":"f.79CB9250C4973688A89FBF0EB0986102.d.1CA144FC65240947F9C094571B3E6544.e.11209"}]}
COMMAND: POST /session/c1c20cc70f6d9ef30ac844aa04f1cdf8/execute/sync - {"script":"<script> [5351 bytes]","args":[{"element-6066-11e4-a52e-4f735466cecf":"f.79CB9250C4973688A89FBF0EB0986102.d.1CA144FC65240947F9C094571B3E6544.e.11209","ELEMENT":"f.79CB9250C4973688A89FBF0EB0986102.d.1CA144FC65240947F9C094571B3E6544.e.11209"}]}
COMMAND: GET /session/c1c20cc70f6d9ef30ac844aa04f1cdf8/screenshot - {}
RESULT: {}
RESULT: {"script":"<script> [5351 bytes]","args":[{"element-6066-11e4-a52e-4f735466cecf":"f.79CB9250C4973688A89FBF0EB0986102.d.1CA144FC65240947F9C094571B3E6544.e.11209","ELEMENT":"f.79CB9250C4973688A89FBF0EB0986102.d.1CA144FC65240947F9C094571B3E6544.e.11209"}]}
COMMAND: POST /session/c1c20cc70f6d9ef30ac844aa04f1cdf8/element/f.79CB9250C4973688A89FBF0EB0986102.d.1CA144FC65240947F9C094571B3E6544.e.11209/click - {}
COMMAND: GET /session/c1c20cc70f6d9ef30ac844aa04f1cdf8/screenshot - {}
RESULT: {}
RESULT: {}
COMMAND: GET /session/c1c20cc70f6d9ef30ac844aa04f1cdf8/screenshot - {}
RESULT: {}
RESULT: undefined
COMMAND: POST /session/c1c20cc70f6d9ef30ac844aa04f1cdf8/execute/async - {"script":"<script> [776 bytes]","args":[{"enterText":"External Partner WDIO","selector":{"id":"application-managepartners-display-component---NewPartner--addressDetailDetailsName1","interaction":{"idSuffix":"inner"}},"clearTextFirst":true,"interactionType":"ENTER_TEXT"}]}
RESULT: {}
RESULT: {"script":"<script> [776 bytes]","args":[{"enterText":"External Partner WDIO","selector":{"id":"application-managepartners-display-component---NewPartner--addressDetailDetailsName1","interaction":{"idSuffix":"inner"}},"clearTextFirst":true,"interactionType":"ENTER_TEXT"}]}
RESULT: undefined
COMMAND: POST /session/c1c20cc70f6d9ef30ac844aa04f1cdf8/element - {"using":"xpath","value":"//*[@id=\"application-managepartners-display-component---NewPartner--addressDetailDetailsLanguage-arrow\"]"}
RESULT: {"using":"xpath","value":"//*[@id=\"application-managepartners-display-component---NewPartner--addressDetailDetailsLanguage-arrow\"]"}
COMMAND: POST /session/c1c20cc70f6d9ef30ac844aa04f1cdf8/element/f.79CB9250C4973688A89FBF0EB0986102.d.1CA144FC65240947F9C094571B3E6544.e.11652/click - {}
RESULT: {}
COMMAND: POST /session/c1c20cc70f6d9ef30ac844aa04f1cdf8/element - {"using":"xpath","value":"//span[contains(text(), \"English\")]"}
COMMAND: GET /session/c1c20cc70f6d9ef30ac844aa04f1cdf8/screenshot - {}
RESULT: {"using":"xpath","value":"//span[contains(text(), \"English\")]"}
COMMAND: POST /session/c1c20cc70f6d9ef30ac844aa04f1cdf8/element/f.79CB9250C4973688A89FBF0EB0986102.d.1CA144FC65240947F9C094571B3E6544.e.11653/click - {}
RESULT: {}
RESULT: {}
COMMAND: GET /session/c1c20cc70f6d9ef30ac844aa04f1cdf8/screenshot - {}
RESULT: {}
RESULT: undefined
COMMAND: POST /session/c1c20cc70f6d9ef30ac844aa04f1cdf8/execute/async - {"script":"<script> [776 bytes]","args":[{"enterText":"Rosario","selector":{"id":"application-managepartners-display-component---NewPartner--addressDetailDetailsCity1","interaction":{"idSuffix":"inner"}},"clearTextFirst":true,"interactionType":"ENTER_TEXT"}]}
RESULT: {"script":"<script> [776 bytes]","args":[{"enterText":"Rosario","selector":{"id":"application-managepartners-display-component---NewPartner--addressDetailDetailsCity1","interaction":{"idSuffix":"inner"}},"clearTextFirst":true,"interactionType":"ENTER_TEXT"}]}
RESULT: undefined
COMMAND: POST /session/c1c20cc70f6d9ef30ac844aa04f1cdf8/element - {"using":"xpath","value":"//*[@id=\"application-managepartners-display-component---NewPartner--addressDetailDetailsCountry-arrow\"]"}
RESULT: {"using":"xpath","value":"//*[@id=\"application-managepartners-display-component---NewPartner--addressDetailDetailsCountry-arrow\"]"}
COMMAND: POST /session/c1c20cc70f6d9ef30ac844aa04f1cdf8/element/f.79CB9250C4973688A89FBF0EB0986102.d.1CA144FC65240947F9C094571B3E6544.e.11621/click - {}
RESULT: {}
COMMAND: POST /session/c1c20cc70f6d9ef30ac844aa04f1cdf8/element - {"using":"xpath","value":"//span[contains(text(), \"Argentina\")]"}
COMMAND: GET /session/c1c20cc70f6d9ef30ac844aa04f1cdf8/screenshot - {}
RESULT: {"using":"xpath","value":"//span[contains(text(), \"Argentina\")]"}
COMMAND: POST /session/c1c20cc70f6d9ef30ac844aa04f1cdf8/element/f.79CB9250C4973688A89FBF0EB0986102.d.1CA144FC65240947F9C094571B3E6544.e.11654/click - {}
RESULT: {}
RESULT: {}
COMMAND: GET /session/c1c20cc70f6d9ef30ac844aa04f1cdf8/screenshot - {}
RESULT: {}
COMMAND: POST /session/c1c20cc70f6d9ef30ac844aa04f1cdf8/element - {"using":"xpath","value":"//bdi[contains(text(), \"Commercial\")]"}
RESULT: {"using":"xpath","value":"//bdi[contains(text(), \"Commercial\")]"}
COMMAND: POST /session/c1c20cc70f6d9ef30ac844aa04f1cdf8/element/f.79CB9250C4973688A89FBF0EB0986102.d.1CA144FC65240947F9C094571B3E6544.e.11655/click - {}
RESULT: {}
COMMAND: GET /session/c1c20cc70f6d9ef30ac844aa04f1cdf8/screenshot - {}
RESULT: {}
RESULT: undefined
COMMAND: POST /session/c1c20cc70f6d9ef30ac844aa04f1cdf8/element - {"using":"xpath","value":"//*[@id=\"application-managepartners-display-component---NewPartner--partnerDetailInternal-arrow\"]"}
RESULT: {"using":"xpath","value":"//*[@id=\"application-managepartners-display-component---NewPartner--partnerDetailInternal-arrow\"]"}
COMMAND: POST /session/c1c20cc70f6d9ef30ac844aa04f1cdf8/element/f.79CB9250C4973688A89FBF0EB0986102.d.1CA144FC65240947F9C094571B3E6544.e.11661/click - {}
RESULT: {}
COMMAND: POST /session/c1c20cc70f6d9ef30ac844aa04f1cdf8/element - {"using":"xpath","value":"//span[contains(text(), \"External partner\")]"}
COMMAND: GET /session/c1c20cc70f6d9ef30ac844aa04f1cdf8/screenshot - {}
RESULT: {"using":"xpath","value":"//span[contains(text(), \"External partner\")]"}
COMMAND: POST /session/c1c20cc70f6d9ef30ac844aa04f1cdf8/element/f.79CB9250C4973688A89FBF0EB0986102.d.1CA144FC65240947F9C094571B3E6544.e.11662/click - {}
RESULT: {}
RESULT: {}
RESULT: undefined
COMMAND: POST /session/c1c20cc70f6d9ef30ac844aa04f1cdf8/element - {"using":"xpath","value":"//*[@id=\"application-managepartners-display-component---NewPartner--partnerDetailsCurrency-arrow\"]"}
COMMAND: GET /session/c1c20cc70f6d9ef30ac844aa04f1cdf8/screenshot - {}
RESULT: {"using":"xpath","value":"//*[@id=\"application-managepartners-display-component---NewPartner--partnerDetailsCurrency-arrow\"]"}
COMMAND: POST /session/c1c20cc70f6d9ef30ac844aa04f1cdf8/element/f.79CB9250C4973688A89FBF0EB0986102.d.1CA144FC65240947F9C094571B3E6544.e.11667/click - {}
RESULT: {}
RESULT: {}
COMMAND: POST /session/c1c20cc70f6d9ef30ac844aa04f1cdf8/element - {"using":"xpath","value":"//span[contains(text(), \"US Dollar\")]"}
COMMAND: GET /session/c1c20cc70f6d9ef30ac844aa04f1cdf8/screenshot - {}
RESULT: {"using":"xpath","value":"//span[contains(text(), \"US Dollar\")]"}
COMMAND: POST /session/c1c20cc70f6d9ef30ac844aa04f1cdf8/element/f.79CB9250C4973688A89FBF0EB0986102.d.1CA144FC65240947F9C094571B3E6544.e.11668/click - {}
RESULT: {}
RESULT: {}
COMMAND: GET /session/c1c20cc70f6d9ef30ac844aa04f1cdf8/screenshot - {}
RESULT: {}
COMMAND: POST /session/c1c20cc70f6d9ef30ac844aa04f1cdf8/element - {"using":"xpath","value":"//input[@id=\"application-managepartners-display-component---NewPartner--companyCodeComboBox-inner\"]"}
RESULT: {"using":"xpath","value":"//input[@id=\"application-managepartners-display-component---NewPartner--companyCodeComboBox-inner\"]"}
COMMAND: POST /session/c1c20cc70f6d9ef30ac844aa04f1cdf8/element/f.79CB9250C4973688A89FBF0EB0986102.d.1CA144FC65240947F9C094571B3E6544.e.11559/clear - {}
RESULT: {}
COMMAND: POST /session/c1c20cc70f6d9ef30ac844aa04f1cdf8/element/f.79CB9250C4973688A89FBF0EB0986102.d.1CA144FC65240947F9C094571B3E6544.e.11559/value - {"text":"C002"}
COMMAND: GET /session/c1c20cc70f6d9ef30ac844aa04f1cdf8/screenshot - {}
RESULT: {"text":"C002"}
COMMAND: GET /session/c1c20cc70f6d9ef30ac844aa04f1cdf8/screenshot - {}
RESULT: {}
RESULT: {}
COMMAND: POST /session/c1c20cc70f6d9ef30ac844aa04f1cdf8/element - {"using":"xpath","value":"//li[.//span[text()= \"C002\"]]"}
RESULT: {"using":"xpath","value":"//li[.//span[text()= \"C002\"]]"}
COMMAND: POST /session/c1c20cc70f6d9ef30ac844aa04f1cdf8/element/f.79CB9250C4973688A89FBF0EB0986102.d.1CA144FC65240947F9C094571B3E6544.e.11672/click - {}
RESULT: {}
COMMAND: GET /session/c1c20cc70f6d9ef30ac844aa04f1cdf8/screenshot - {}
RESULT: {}
RESULT: undefined
COMMAND: POST /session/c1c20cc70f6d9ef30ac844aa04f1cdf8/element - {"using":"xpath","value":"//*[@id=\"application-managepartners-display-component---NewPartner--btnAddTableRow-img\"]"}
RESULT: {"using":"xpath","value":"//*[@id=\"application-managepartners-display-component---NewPartner--btnAddTableRow-img\"]"}
COMMAND: POST /session/c1c20cc70f6d9ef30ac844aa04f1cdf8/element/f.79CB9250C4973688A89FBF0EB0986102.d.1CA144FC65240947F9C094571B3E6544.e.11673/click - {}
RESULT: {}
COMMAND: GET /session/c1c20cc70f6d9ef30ac844aa04f1cdf8/screenshot - {}
RESULT: {}
COMMAND: POST /session/c1c20cc70f6d9ef30ac844aa04f1cdf8/element - {"using":"xpath","value":"//input[@id=\"application-managepartners-display-component---NewPartner--assignmentYard-application-managepartners-display-component---NewPartner--assignmentsTable-0-inner\"]"}
RESULT: {"using":"xpath","value":"//input[@id=\"application-managepartners-display-component---NewPartner--assignmentYard-application-managepartners-display-component---NewPartner--assignmentsTable-0-inner\"]"}
COMMAND: POST /session/c1c20cc70f6d9ef30ac844aa04f1cdf8/element/f.79CB9250C4973688A89FBF0EB0986102.d.1CA144FC65240947F9C094571B3E6544.e.11676/clear - {}
RESULT: {}
COMMAND: POST /session/c1c20cc70f6d9ef30ac844aa04f1cdf8/element/f.79CB9250C4973688A89FBF0EB0986102.d.1CA144FC65240947F9C094571B3E6544.e.11676/value - {"text":"571"}
COMMAND: GET /session/c1c20cc70f6d9ef30ac844aa04f1cdf8/screenshot - {}
RESULT: {"text":"571"}
COMMAND: GET /session/c1c20cc70f6d9ef30ac844aa04f1cdf8/screenshot - {}
RESULT: {}
RESULT: {}
COMMAND: POST /session/c1c20cc70f6d9ef30ac844aa04f1cdf8/element - {"using":"xpath","value":"//li[.//span[text()='571']]"}
RESULT: {"using":"xpath","value":"//li[.//span[text()='571']]"}
COMMAND: POST /session/c1c20cc70f6d9ef30ac844aa04f1cdf8/element/f.79CB9250C4973688A89FBF0EB0986102.d.1CA144FC65240947F9C094571B3E6544.e.11684/click - {}
RESULT: {}
COMMAND: GET /session/c1c20cc70f6d9ef30ac844aa04f1cdf8/screenshot - {}
RESULT: {}
COMMAND: POST /session/c1c20cc70f6d9ef30ac844aa04f1cdf8/actions - {"actions":[{"id":"action28","type":"key","parameters":{},"actions":[{"type":"keyDown","value":"î€‡"},{"type":"pause","duration":10},{"type":"keyUp","value":"î€‡"}]}]}
RESULT: {"actions":[{"id":"action28","type":"key","parameters":{},"actions":[{"type":"keyDown","value":"î€‡"},{"type":"pause","duration":10},{"type":"keyUp","value":"î€‡"}]}]}
COMMAND: POST /session/c1c20cc70f6d9ef30ac844aa04f1cdf8/element - {"using":"xpath","value":"//td[contains(@id, \"assignmentsTable-0-cell2\")]/div/div"}
COMMAND: GET /session/c1c20cc70f6d9ef30ac844aa04f1cdf8/screenshot - {}
RESULT: {"using":"xpath","value":"//td[contains(@id, \"assignmentsTable-0-cell2\")]/div/div"}
COMMAND: POST /session/c1c20cc70f6d9ef30ac844aa04f1cdf8/element/f.79CB9250C4973688A89FBF0EB0986102.d.1CA144FC65240947F9C094571B3E6544.e.11687/click - {}
RESULT: {}
RESULT: {}
COMMAND: GET /session/c1c20cc70f6d9ef30ac844aa04f1cdf8/screenshot - {}
RESULT: {}
COMMAND: POST /session/c1c20cc70f6d9ef30ac844aa04f1cdf8/element - {"using":"xpath","value":"//button[@data-kt=\"saveButton\"]"}
RESULT: {"using":"xpath","value":"//button[@data-kt=\"saveButton\"]"}
COMMAND: POST /session/c1c20cc70f6d9ef30ac844aa04f1cdf8/element/f.79CB9250C4973688A89FBF0EB0986102.d.1CA144FC65240947F9C094571B3E6544.e.11590/click - {}
RESULT: {}
COMMAND: GET /session/c1c20cc70f6d9ef30ac844aa04f1cdf8/screenshot - {}
RESULT: {}
COMMAND: POST /session/c1c20cc70f6d9ef30ac844aa04f1cdf8/element - {"using":"xpath","value":"//header[contains(@id, 'ObjectPageLayout-headerTitle')]/div[1]/div[2]/div[2]/span[1]"}
RESULT: {"using":"xpath","value":"//header[contains(@id, 'ObjectPageLayout-headerTitle')]/div[1]/div[2]/div[2]/span[1]"}
COMMAND: POST /session/c1c20cc70f6d9ef30ac844aa04f1cdf8/elements - {"using":"xpath","value":"//header[contains(@id, 'ObjectPageLayout-headerTitle')]/div[1]/div[2]/div[2]/span[1]"}
RESULT: {"using":"xpath","value":"//header[contains(@id, 'ObjectPageLayout-headerTitle')]/div[1]/div[2]/div[2]/span[1]"}
COMMAND: POST /session/c1c20cc70f6d9ef30ac844aa04f1cdf8/execute/sync - {"script":"<script> [56 bytes]","args":[{"element-6066-11e4-a52e-4f735466cecf":"f.79CB9250C4973688A89FBF0EB0986102.d.1CA144FC65240947F9C094571B3E6544.e.11850","ELEMENT":"f.79CB9250C4973688A89FBF0EB0986102.d.1CA144FC65240947F9C094571B3E6544.e.11850"}]}
RESULT: {"script":"<script> [56 bytes]","args":[{"element-6066-11e4-a52e-4f735466cecf":"f.79CB9250C4973688A89FBF0EB0986102.d.1CA144FC65240947F9C094571B3E6544.e.11850","ELEMENT":"f.79CB9250C4973688A89FBF0EB0986102.d.1CA144FC65240947F9C094571B3E6544.e.11850"}]}
COMMAND: POST /session/c1c20cc70f6d9ef30ac844aa04f1cdf8/element - {"using":"css selector","value":"#shell-header-logo"}
COMMAND: GET /session/c1c20cc70f6d9ef30ac844aa04f1cdf8/screenshot - {}
RESULT: {"using":"css selector","value":"#shell-header-logo"}
COMMAND: POST /session/c1c20cc70f6d9ef30ac844aa04f1cdf8/element/f.79CB9250C4973688A89FBF0EB0986102.d.1CA144FC65240947F9C094571B3E6544.e.11164/click - {}
RESULT: {}
RESULT: {}
COMMAND: GET /session/c1c20cc70f6d9ef30ac844aa04f1cdf8/screenshot - {}
RESULT: {}
COMMAND: POST /session/c1c20cc70f6d9ef30ac844aa04f1cdf8/execute/sync - {"script":"<script> [299 bytes]","args":[["getModel","getResource"]]}
RESULT: {"script":"<script> [299 bytes]","args":[["getModel","getResource"]]}
COMMAND: GET /session/c1c20cc70f6d9ef30ac844aa04f1cdf8/screenshot - {}
RESULT: {}
COMMAND: DELETE /session/c1c20cc70f6d9ef30ac844aa04f1cdf8 - {}
RESULT: {}
]]></system-out>
    </testcase>
  </testsuite>
</testsuites>